<?xml version="1.0" encoding="UTF-8"?>
<testsuite xmlns:xsi="http://www.w3.org/2001/XMLSchema-instance" xsi:noNamespaceSchemaLocation="https://maven.apache.org/surefire/maven-surefire-plugin/xsd/surefire-test-report.xsd" name="org.apache.hadoop.ozone.client.rpc.TestFailureHandlingByClient" time="308.23" tests="5" errors="0" skipped="0" failures="1">
  <properties>
    <property name="awt.toolkit" value="sun.awt.X11.XToolkit"/>
    <property name="file.encoding.pkg" value="sun.io"/>
    <property name="java.specification.version" value="1.8"/>
    <property name="sun.cpu.isalist" value=""/>
    <property name="sun.jnu.encoding" value="ANSI_X3.4-1968"/>
    <property name="java.class.path" value="/workdir/hadoop-ozone/integration-test/target/test-classes:/workdir/hadoop-ozone/integration-test/target/classes:/home/user/.m2/repository/org/apache/hadoop/hadoop-ozone-common/0.5.0-SNAPSHOT/hadoop-ozone-common-0.5.0-SNAPSHOT.jar:/home/user/.m2/repository/org/apache/commons/commons-compress/1.4.1/commons-compress-1.4.1.jar:/home/user/.m2/repository/org/tukaani/xz/1.0/xz-1.0.jar:/home/user/.m2/repository/org/apache/hadoop/hadoop-common/3.2.0/hadoop-common-3.2.0.jar:/home/user/.m2/repository/org/apache/hadoop/hadoop-hdfs/3.2.0/hadoop-hdfs-3.2.0.jar:/home/user/.m2/repository/org/apache/hadoop/hadoop-hdfs-client/3.2.0/hadoop-hdfs-client-3.2.0.jar:/home/user/.m2/repository/com/fasterxml/jackson/core/jackson-annotations/2.9.9/jackson-annotations-2.9.9.jar:/home/user/.m2/repository/org/apache/hadoop/hadoop-hdds-common/0.5.0-SNAPSHOT/hadoop-hdds-common-0.5.0-SNAPSHOT.jar:/home/user/.m2/repository/javax/annotation/javax.annotation-api/1.2/javax.annotation-api-1.2.jar:/home/user/.m2/repository/org/apache/ratis/ratis-server/0.5.0-3f446aa-SNAPSHOT/ratis-server-0.5.0-3f446aa-SNAPSHOT.jar:/home/user/.m2/repository/org/apache/ratis/ratis-thirdparty-misc/0.2.0/ratis-thirdparty-misc-0.2.0.jar:/home/user/.m2/repository/org/apache/ratis/ratis-proto/0.5.0-3f446aa-SNAPSHOT/ratis-proto-0.5.0-3f446aa-SNAPSHOT.jar:/home/user/.m2/repository/org/apache/ratis/ratis-common/0.5.0-3f446aa-SNAPSHOT/ratis-common-0.5.0-3f446aa-SNAPSHOT.jar:/home/user/.m2/repository/org/apache/ratis/ratis-client/0.5.0-3f446aa-SNAPSHOT/ratis-client-0.5.0-3f446aa-SNAPSHOT.jar:/home/user/.m2/repository/org/apache/ratis/ratis-metrics/0.5.0-3f446aa-SNAPSHOT/ratis-metrics-0.5.0-3f446aa-SNAPSHOT.jar:/home/user/.m2/repository/com/github/joshelser/dropwizard-metrics-hadoop-metrics2-reporter/0.1.2/dropwizard-metrics-hadoop-metrics2-reporter-0.1.2.jar:/home/user/.m2/repository/io/dropwizard/metrics/metrics-jvm/3.2.5/metrics-jvm-3.2.5.jar:/home/user/.m2/repository/io/dropwizard/metrics/metrics-ganglia/3.2.5/metrics-ganglia-3.2.5.jar:/home/user/.m2/repository/info/ganglia/gmetric4j/gmetric4j/1.0.7/gmetric4j-1.0.7.jar:/home/user/.m2/repository/org/apache/ratis/ratis-netty/0.5.0-3f446aa-SNAPSHOT/ratis-netty-0.5.0-3f446aa-SNAPSHOT.jar:/home/user/.m2/repository/org/apache/ratis/ratis-grpc/0.5.0-3f446aa-SNAPSHOT/ratis-grpc-0.5.0-3f446aa-SNAPSHOT.jar:/home/user/.m2/repository/org/rocksdb/rocksdbjni/6.0.1/rocksdbjni-6.0.1.jar:/home/user/.m2/repository/org/apache/logging/log4j/log4j-api/2.11.0/log4j-api-2.11.0.jar:/home/user/.m2/repository/org/apache/logging/log4j/log4j-core/2.11.0/log4j-core-2.11.0.jar:/home/user/.m2/repository/com/lmax/disruptor/3.4.2/disruptor-3.4.2.jar:/home/user/.m2/repository/org/apache/commons/commons-pool2/2.6.0/commons-pool2-2.6.0.jar:/home/user/.m2/repository/org/bouncycastle/bcpkix-jdk15on/1.60/bcpkix-jdk15on-1.60.jar:/home/user/.m2/repository/commons-validator/commons-validator/1.6/commons-validator-1.6.jar:/home/user/.m2/repository/commons-digester/commons-digester/1.8.1/commons-digester-1.8.1.jar:/home/user/.m2/repository/io/jaegertracing/jaeger-client/0.34.0/jaeger-client-0.34.0.jar:/home/user/.m2/repository/io/jaegertracing/jaeger-thrift/0.34.0/jaeger-thrift-0.34.0.jar:/home/user/.m2/repository/org/apache/thrift/libthrift/0.12.0/libthrift-0.12.0.jar:/home/user/.m2/repository/com/squareup/okhttp3/okhttp/3.9.0/okhttp-3.9.0.jar:/home/user/.m2/repository/com/squareup/okio/okio/1.13.0/okio-1.13.0.jar:/home/user/.m2/repository/io/jaegertracing/jaeger-core/0.34.0/jaeger-core-0.34.0.jar:/home/user/.m2/repository/io/jaegertracing/jaeger-tracerresolver/0.34.0/jaeger-tracerresolver-0.34.0.jar:/home/user/.m2/repository/io/opentracing/contrib/opentracing-tracerresolver/0.1.5/opentracing-tracerresolver-0.1.5.jar:/home/user/.m2/repository/io/opentracing/opentracing-util/0.31.0/opentracing-util-0.31.0.jar:/home/user/.m2/repository/io/opentracing/opentracing-api/0.31.0/opentracing-api-0.31.0.jar:/home/user/.m2/repository/io/opentracing/opentracing-noop/0.31.0/opentracing-noop-0.31.0.jar:/home/user/.m2/repository/org/apache/hadoop/hadoop-hdds-server-framework/0.5.0-SNAPSHOT/hadoop-hdds-server-framework-0.5.0-SNAPSHOT.jar:/home/user/.m2/repository/org/apache/hadoop/hadoop-hdds-container-service/0.5.0-SNAPSHOT/hadoop-hdds-container-service-0.5.0-SNAPSHOT.jar:/home/user/.m2/repository/org/apache/hadoop/hadoop-hdds-client/0.5.0-SNAPSHOT/hadoop-hdds-client-0.5.0-SNAPSHOT.jar:/home/user/.m2/repository/org/apache/hadoop/hadoop-hdds-tools/0.5.0-SNAPSHOT/hadoop-hdds-tools-0.5.0-SNAPSHOT.jar:/home/user/.m2/repository/org/apache/hadoop/hadoop-hdds-server-scm/0.5.0-SNAPSHOT/hadoop-hdds-server-scm-0.5.0-SNAPSHOT.jar:/home/user/.m2/repository/org/apache/hadoop/hadoop-hdds-docs/0.5.0-SNAPSHOT/hadoop-hdds-docs-0.5.0-SNAPSHOT.jar:/home/user/.m2/repository/io/dropwizard/metrics/metrics-core/3.2.4/metrics-core-3.2.4.jar:/home/user/.m2/repository/org/hamcrest/hamcrest-all/1.3/hamcrest-all-1.3.jar:/home/user/.m2/repository/org/bouncycastle/bcprov-jdk15on/1.60/bcprov-jdk15on-1.60.jar:/home/user/.m2/repository/info/picocli/picocli/3.9.6/picocli-3.9.6.jar:/home/user/.m2/repository/com/google/protobuf/protobuf-java/2.5.0/protobuf-java-2.5.0.jar:/home/user/.m2/repository/com/google/guava/guava/11.0.2/guava-11.0.2.jar:/home/user/.m2/repository/org/apache/hadoop/hadoop-ozone-ozone-manager/0.5.0-SNAPSHOT/hadoop-ozone-ozone-manager-0.5.0-SNAPSHOT.jar:/home/user/.m2/repository/org/apache/hadoop/hadoop-minikdc/3.2.0/hadoop-minikdc-3.2.0.jar:/home/user/.m2/repository/commons-io/commons-io/2.5/commons-io-2.5.jar:/home/user/.m2/repository/org/apache/kerby/kerb-simplekdc/1.0.1/kerb-simplekdc-1.0.1.jar:/home/user/.m2/repository/org/apache/kerby/kerb-client/1.0.1/kerb-client-1.0.1.jar:/home/user/.m2/repository/org/apache/kerby/kerby-config/1.0.1/kerby-config-1.0.1.jar:/home/user/.m2/repository/org/apache/kerby/kerb-core/1.0.1/kerb-core-1.0.1.jar:/home/user/.m2/repository/org/apache/kerby/kerby-pkix/1.0.1/kerby-pkix-1.0.1.jar:/home/user/.m2/repository/org/apache/kerby/kerby-asn1/1.0.1/kerby-asn1-1.0.1.jar:/home/user/.m2/repository/org/apache/kerby/kerby-util/1.0.1/kerby-util-1.0.1.jar:/home/user/.m2/repository/org/apache/kerby/kerb-common/1.0.1/kerb-common-1.0.1.jar:/home/user/.m2/repository/org/apache/kerby/kerb-crypto/1.0.1/kerb-crypto-1.0.1.jar:/home/user/.m2/repository/org/apache/kerby/kerb-util/1.0.1/kerb-util-1.0.1.jar:/home/user/.m2/repository/org/apache/kerby/token-provider/1.0.1/token-provider-1.0.1.jar:/home/user/.m2/repository/org/apache/kerby/kerb-admin/1.0.1/kerb-admin-1.0.1.jar:/home/user/.m2/repository/org/apache/kerby/kerb-server/1.0.1/kerb-server-1.0.1.jar:/home/user/.m2/repository/org/apache/kerby/kerb-identity/1.0.1/kerb-identity-1.0.1.jar:/home/user/.m2/repository/org/apache/kerby/kerby-xdr/1.0.1/kerby-xdr-1.0.1.jar:/home/user/.m2/repository/org/slf4j/slf4j-log4j12/1.7.25/slf4j-log4j12-1.7.25.jar:/home/user/.m2/repository/org/apache/hadoop/hadoop-ozone-s3gateway/0.5.0-SNAPSHOT/hadoop-ozone-s3gateway-0.5.0-SNAPSHOT.jar:/home/user/.m2/repository/org/jboss/weld/servlet/weld-servlet/2.4.7.Final/weld-servlet-2.4.7.Final.jar:/home/user/.m2/repository/org/glassfish/jersey/containers/jersey-container-servlet-core/2.27/jersey-container-servlet-core-2.27.jar:/home/user/.m2/repository/org/glassfish/hk2/external/javax.inject/2.5.0-b42/javax.inject-2.5.0-b42.jar:/home/user/.m2/repository/org/glassfish/jersey/core/jersey-common/2.27/jersey-common-2.27.jar:/home/user/.m2/repository/org/glassfish/hk2/osgi-resource-locator/1.0.1/osgi-resource-locator-1.0.1.jar:/home/user/.m2/repository/javax/ws/rs/javax.ws.rs-api/2.1/javax.ws.rs-api-2.1.jar:/home/user/.m2/repository/org/glassfish/jersey/ext/cdi/jersey-cdi1x/2.27/jersey-cdi1x-2.27.jar:/home/user/.m2/repository/org/glassfish/jersey/inject/jersey-hk2/2.27/jersey-hk2-2.27.jar:/home/user/.m2/repository/org/glassfish/hk2/hk2-locator/2.5.0-b42/hk2-locator-2.5.0-b42.jar:/home/user/.m2/repository/org/javassist/javassist/3.22.0-CR2/javassist-3.22.0-CR2.jar:/home/user/.m2/repository/org/glassfish/hk2/hk2-api/2.5.0/hk2-api-2.5.0.jar:/home/user/.m2/repository/org/glassfish/hk2/external/jakarta.inject/2.5.0/jakarta.inject-2.5.0.jar:/home/user/.m2/repository/org/glassfish/hk2/hk2-utils/2.5.0/hk2-utils-2.5.0.jar:/home/user/.m2/repository/jakarta/annotation/jakarta.annotation-api/1.3.4/jakarta.annotation-api-1.3.4.jar:/home/user/.m2/repository/org/glassfish/hk2/external/aopalliance-repackaged/2.5.0/aopalliance-repackaged-2.5.0.jar:/home/user/.m2/repository/com/fasterxml/jackson/dataformat/jackson-dataformat-xml/2.9.0/jackson-dataformat-xml-2.9.0.jar:/home/user/.m2/repository/com/fasterxml/jackson/core/jackson-core/2.9.9/jackson-core-2.9.9.jar:/home/user/.m2/repository/com/fasterxml/jackson/module/jackson-module-jaxb-annotations/2.9.9/jackson-module-jaxb-annotations-2.9.9.jar:/home/user/.m2/repository/javax/enterprise/cdi-api/1.2/cdi-api-1.2.jar:/home/user/.m2/repository/javax/el/javax.el-api/3.0.0/javax.el-api-3.0.0.jar:/home/user/.m2/repository/javax/interceptor/javax.interceptor-api/1.2/javax.interceptor-api-1.2.jar:/home/user/.m2/repository/javax/inject/javax.inject/1/javax.inject-1.jar:/home/user/.m2/repository/com/sun/xml/bind/jaxb-impl/2.3.0.1/jaxb-impl-2.3.0.1.jar:/home/user/.m2/repository/com/sun/xml/bind/jaxb-core/2.3.0.1/jaxb-core-2.3.0.1.jar:/home/user/.m2/repository/javax/xml/bind/jaxb-api/2.3.0/jaxb-api-2.3.0.jar:/home/user/.m2/repository/javax/activation/activation/1.1.1/activation-1.1.1.jar:/home/user/.m2/repository/org/apache/hadoop/hadoop-ozone-csi/0.5.0-SNAPSHOT/hadoop-ozone-csi-0.5.0-SNAPSHOT.jar:/home/user/.m2/repository/com/google/protobuf/protobuf-java-util/3.5.1/protobuf-java-util-3.5.1.jar:/home/user/.m2/repository/org/apache/hadoop/hadoop-hdds-config/0.5.0-SNAPSHOT/hadoop-hdds-config-0.5.0-SNAPSHOT.jar:/home/user/.m2/repository/io/grpc/grpc-netty/1.17.1/grpc-netty-1.17.1.jar:/home/user/.m2/repository/io/grpc/grpc-core/1.17.1/grpc-core-1.17.1.jar:/home/user/.m2/repository/io/grpc/grpc-context/1.17.1/grpc-context-1.17.1.jar:/home/user/.m2/repository/com/google/errorprone/error_prone_annotations/2.2.0/error_prone_annotations-2.2.0.jar:/home/user/.m2/repository/org/codehaus/mojo/animal-sniffer-annotations/1.17/animal-sniffer-annotations-1.17.jar:/home/user/.m2/repository/io/opencensus/opencensus-api/0.17.0/opencensus-api-0.17.0.jar:/home/user/.m2/repository/io/opencensus/opencensus-contrib-grpc-metrics/0.17.0/opencensus-contrib-grpc-metrics-0.17.0.jar:/home/user/.m2/repository/io/netty/netty-codec-http2/4.1.30.Final/netty-codec-http2-4.1.30.Final.jar:/home/user/.m2/repository/io/netty/netty-codec-http/4.1.30.Final/netty-codec-http-4.1.30.Final.jar:/home/user/.m2/repository/io/netty/netty-codec/4.1.30.Final/netty-codec-4.1.30.Final.jar:/home/user/.m2/repository/io/netty/netty-handler/4.1.30.Final/netty-handler-4.1.30.Final.jar:/home/user/.m2/repository/io/netty/netty-handler-proxy/4.1.30.Final/netty-handler-proxy-4.1.30.Final.jar:/home/user/.m2/repository/io/netty/netty-codec-socks/4.1.30.Final/netty-codec-socks-4.1.30.Final.jar:/home/user/.m2/repository/io/netty/netty-transport-native-epoll/4.1.30.Final/netty-transport-native-epoll-4.1.30.Final.jar:/home/user/.m2/repository/io/netty/netty-common/4.1.30.Final/netty-common-4.1.30.Final.jar:/home/user/.m2/repository/io/netty/netty-buffer/4.1.30.Final/netty-buffer-4.1.30.Final.jar:/home/user/.m2/repository/io/netty/netty-transport/4.1.30.Final/netty-transport-4.1.30.Final.jar:/home/user/.m2/repository/io/netty/netty-resolver/4.1.30.Final/netty-resolver-4.1.30.Final.jar:/home/user/.m2/repository/io/netty/netty-transport-native-unix-common/4.1.30.Final/netty-transport-native-unix-common-4.1.30.Final.jar:/home/user/.m2/repository/io/grpc/grpc-protobuf/1.17.1/grpc-protobuf-1.17.1.jar:/home/user/.m2/repository/com/google/api/grpc/proto-google-common-protos/1.0.0/proto-google-common-protos-1.0.0.jar:/home/user/.m2/repository/io/grpc/grpc-protobuf-lite/1.17.1/grpc-protobuf-lite-1.17.1.jar:/home/user/.m2/repository/io/grpc/grpc-stub/1.17.1/grpc-stub-1.17.1.jar:/home/user/.m2/repository/org/apache/hadoop/hadoop-ozone-recon/0.5.0-SNAPSHOT/hadoop-ozone-recon-0.5.0-SNAPSHOT.jar:/home/user/.m2/repository/org/apache/hadoop/hadoop-ozone-reconcodegen/0.5.0-SNAPSHOT/hadoop-ozone-reconcodegen-0.5.0-SNAPSHOT.jar:/home/user/.m2/repository/com/google/inject/extensions/guice-multibindings/4.0/guice-multibindings-4.0.jar:/home/user/.m2/repository/com/google/inject/guice/4.0/guice-4.0.jar:/home/user/.m2/repository/aopalliance/aopalliance/1.0/aopalliance-1.0.jar:/home/user/.m2/repository/com/google/inject/extensions/guice-servlet/4.0/guice-servlet-4.0.jar:/home/user/.m2/repository/org/glassfish/jersey/containers/jersey-container-servlet/2.27/jersey-container-servlet-2.27.jar:/home/user/.m2/repository/org/glassfish/hk2/guice-bridge/2.5.0/guice-bridge-2.5.0.jar:/home/user/.m2/repository/org/glassfish/jersey/core/jersey-server/2.27/jersey-server-2.27.jar:/home/user/.m2/repository/org/glassfish/jersey/core/jersey-client/2.27/jersey-client-2.27.jar:/home/user/.m2/repository/org/glassfish/jersey/media/jersey-media-jaxb/2.27/jersey-media-jaxb-2.27.jar:/home/user/.m2/repository/javax/validation/validation-api/1.1.0.Final/validation-api-1.1.0.Final.jar:/home/user/.m2/repository/org/glassfish/jersey/media/jersey-media-json-jackson/2.27/jersey-media-json-jackson-2.27.jar:/home/user/.m2/repository/org/glassfish/jersey/ext/jersey-entity-filtering/2.27/jersey-entity-filtering-2.27.jar:/home/user/.m2/repository/com/google/inject/extensions/guice-assistedinject/4.0/guice-assistedinject-4.0.jar:/home/user/.m2/repository/org/jooq/jooq/3.11.10/jooq-3.11.10.jar:/home/user/.m2/repository/org/jooq/jooq-meta/3.11.10/jooq-meta-3.11.10.jar:/home/user/.m2/repository/org/jooq/jooq-codegen/3.11.10/jooq-codegen-3.11.10.jar:/home/user/.m2/repository/com/jolbox/bonecp/0.8.0.RELEASE/bonecp-0.8.0.RELEASE.jar:/home/user/.m2/repository/org/xerial/sqlite-jdbc/3.25.2/sqlite-jdbc-3.25.2.jar:/home/user/.m2/repository/org/springframework/spring-jdbc/5.1.3.RELEASE/spring-jdbc-5.1.3.RELEASE.jar:/home/user/.m2/repository/org/springframework/spring-beans/5.1.3.RELEASE/spring-beans-5.1.3.RELEASE.jar:/home/user/.m2/repository/org/springframework/spring-core/5.1.3.RELEASE/spring-core-5.1.3.RELEASE.jar:/home/user/.m2/repository/org/springframework/spring-jcl/5.1.3.RELEASE/spring-jcl-5.1.3.RELEASE.jar:/home/user/.m2/repository/org/springframework/spring-tx/5.1.3.RELEASE/spring-tx-5.1.3.RELEASE.jar:/home/user/.m2/repository/org/apache/hadoop/hadoop-ozone-client/0.5.0-SNAPSHOT/hadoop-ozone-client-0.5.0-SNAPSHOT.jar:/home/user/.m2/repository/commons-lang/commons-lang/2.6/commons-lang-2.6.jar:/home/user/.m2/repository/org/apache/hadoop/hadoop-ozone-ozone-manager/0.5.0-SNAPSHOT/hadoop-ozone-ozone-manager-0.5.0-SNAPSHOT-tests.jar:/home/user/.m2/repository/junit/junit/4.11/junit-4.11.jar:/home/user/.m2/repository/org/hamcrest/hamcrest-core/1.3/hamcrest-core-1.3.jar:/home/user/.m2/repository/org/openjdk/jmh/jmh-core/1.19/jmh-core-1.19.jar:/home/user/.m2/repository/net/sf/jopt-simple/jopt-simple/4.6/jopt-simple-4.6.jar:/home/user/.m2/repository/org/apache/commons/commons-math3/3.1.1/commons-math3-3.1.1.jar:/home/user/.m2/repository/org/openjdk/jmh/jmh-generator-annprocess/1.19/jmh-generator-annprocess-1.19.jar:/home/user/.m2/repository/org/mockito/mockito-all/1.8.5/mockito-all-1.8.5.jar:/home/user/.m2/repository/org/apache/hadoop/hadoop-kms/3.2.0/hadoop-kms-3.2.0.jar:/home/user/.m2/repository/org/apache/hadoop/hadoop-auth/3.2.0/hadoop-auth-3.2.0.jar:/home/user/.m2/repository/com/nimbusds/nimbus-jose-jwt/4.41.1/nimbus-jose-jwt-4.41.1.jar:/home/user/.m2/repository/com/github/stephenc/jcip/jcip-annotations/1.0-1/jcip-annotations-1.0-1.jar:/home/user/.m2/repository/net/minidev/json-smart/2.3/json-smart-2.3.jar:/home/user/.m2/repository/net/minidev/accessors-smart/1.2/accessors-smart-1.2.jar:/home/user/.m2/repository/org/ow2/asm/asm/5.0.4/asm-5.0.4.jar:/home/user/.m2/repository/org/apache/curator/curator-framework/2.12.0/curator-framework-2.12.0.jar:/home/user/.m2/repository/com/sun/jersey/jersey-core/1.19/jersey-core-1.19.jar:/home/user/.m2/repository/javax/ws/rs/jsr311-api/1.1.1/jsr311-api-1.1.1.jar:/home/user/.m2/repository/com/sun/jersey/jersey-server/1.19/jersey-server-1.19.jar:/home/user/.m2/repository/javax/servlet/javax.servlet-api/3.1.0/javax.servlet-api-3.1.0.jar:/home/user/.m2/repository/org/eclipse/jetty/jetty-server/9.3.25.v20180904/jetty-server-9.3.25.v20180904.jar:/home/user/.m2/repository/org/eclipse/jetty/jetty-http/9.3.25.v20180904/jetty-http-9.3.25.v20180904.jar:/home/user/.m2/repository/org/eclipse/jetty/jetty-io/9.3.25.v20180904/jetty-io-9.3.25.v20180904.jar:/home/user/.m2/repository/org/eclipse/jetty/jetty-webapp/9.3.25.v20180904/jetty-webapp-9.3.25.v20180904.jar:/home/user/.m2/repository/org/eclipse/jetty/jetty-xml/9.3.25.v20180904/jetty-xml-9.3.25.v20180904.jar:/home/user/.m2/repository/log4j/log4j/1.2.17/log4j-1.2.17.jar:/home/user/.m2/repository/org/slf4j/slf4j-api/1.7.25/slf4j-api-1.7.25.jar:/home/user/.m2/repository/org/slf4j/jul-to-slf4j/1.7.25/jul-to-slf4j-1.7.25.jar:/home/user/.m2/repository/org/eclipse/jetty/jetty-util/9.3.25.v20180904/jetty-util-9.3.25.v20180904.jar:/home/user/.m2/repository/com/fasterxml/jackson/core/jackson-databind/2.9.9/jackson-databind-2.9.9.jar:/home/user/.m2/repository/org/apache/hadoop/hadoop-kms/3.2.0/hadoop-kms-3.2.0-tests.jar:/home/user/.m2/repository/org/apache/hadoop/hadoop-hdds-server-scm/0.5.0-SNAPSHOT/hadoop-hdds-server-scm-0.5.0-SNAPSHOT-tests.jar:/home/user/.m2/repository/org/apache/hadoop/hadoop-hdds-container-service/0.5.0-SNAPSHOT/hadoop-hdds-container-service-0.5.0-SNAPSHOT-tests.jar:/home/user/.m2/repository/org/yaml/snakeyaml/1.16/snakeyaml-1.16.jar:/home/user/.m2/repository/org/apache/hadoop/hadoop-common/3.2.0/hadoop-common-3.2.0-tests.jar:/home/user/.m2/repository/org/apache/hadoop/hadoop-annotations/3.2.0/hadoop-annotations-3.2.0.jar:/usr/lib/jvm/java-1.8.0-openjdk-1.8.0.222.b10-1.el7_7.x86_64/jre/../lib/tools.jar:/home/user/.m2/repository/commons-cli/commons-cli/1.2/commons-cli-1.2.jar:/home/user/.m2/repository/org/apache/httpcomponents/httpclient/4.5.2/httpclient-4.5.2.jar:/home/user/.m2/repository/org/apache/httpcomponents/httpcore/4.4.4/httpcore-4.4.4.jar:/home/user/.m2/repository/commons-codec/commons-codec/1.11/commons-codec-1.11.jar:/home/user/.m2/repository/commons-net/commons-net/3.6/commons-net-3.6.jar:/home/user/.m2/repository/commons-collections/commons-collections/3.2.2/commons-collections-3.2.2.jar:/home/user/.m2/repository/org/eclipse/jetty/jetty-servlet/9.3.25.v20180904/jetty-servlet-9.3.25.v20180904.jar:/home/user/.m2/repository/org/eclipse/jetty/jetty-security/9.3.25.v20180904/jetty-security-9.3.25.v20180904.jar:/home/user/.m2/repository/javax/servlet/jsp/jsp-api/2.1/jsp-api-2.1.jar:/home/user/.m2/repository/com/sun/jersey/jersey-servlet/1.19/jersey-servlet-1.19.jar:/home/user/.m2/repository/com/sun/jersey/jersey-json/1.19/jersey-json-1.19.jar:/home/user/.m2/repository/org/codehaus/jettison/jettison/1.1/jettison-1.1.jar:/home/user/.m2/repository/org/codehaus/jackson/jackson-core-asl/1.9.13/jackson-core-asl-1.9.13.jar:/home/user/.m2/repository/org/codehaus/jackson/jackson-mapper-asl/1.9.13/jackson-mapper-asl-1.9.13.jar:/home/user/.m2/repository/org/codehaus/jackson/jackson-jaxrs/1.9.13/jackson-jaxrs-1.9.13.jar:/home/user/.m2/repository/org/codehaus/jackson/jackson-xc/1.9.13/jackson-xc-1.9.13.jar:/home/user/.m2/repository/commons-logging/commons-logging/1.1.3/commons-logging-1.1.3.jar:/home/user/.m2/repository/commons-beanutils/commons-beanutils/1.9.4/commons-beanutils-1.9.4.jar:/home/user/.m2/repository/org/apache/commons/commons-configuration2/2.1.1/commons-configuration2-2.1.1.jar:/home/user/.m2/repository/org/apache/commons/commons-lang3/3.7/commons-lang3-3.7.jar:/home/user/.m2/repository/org/apache/commons/commons-text/1.4/commons-text-1.4.jar:/home/user/.m2/repository/org/apache/avro/avro/1.7.7/avro-1.7.7.jar:/home/user/.m2/repository/com/thoughtworks/paranamer/paranamer/2.3/paranamer-2.3.jar:/home/user/.m2/repository/org/xerial/snappy/snappy-java/1.0.5/snappy-java-1.0.5.jar:/home/user/.m2/repository/com/google/re2j/re2j/1.1/re2j-1.1.jar:/home/user/.m2/repository/com/google/code/gson/gson/2.2.4/gson-2.2.4.jar:/home/user/.m2/repository/com/jcraft/jsch/0.1.54/jsch-0.1.54.jar:/home/user/.m2/repository/org/apache/curator/curator-client/2.12.0/curator-client-2.12.0.jar:/home/user/.m2/repository/org/apache/curator/curator-recipes/2.12.0/curator-recipes-2.12.0.jar:/home/user/.m2/repository/com/google/code/findbugs/jsr305/3.0.0/jsr305-3.0.0.jar:/home/user/.m2/repository/org/apache/htrace/htrace-core4/4.1.0-incubating/htrace-core4-4.1.0-incubating.jar:/home/user/.m2/repository/org/apache/zookeeper/zookeeper/3.4.13/zookeeper-3.4.13.jar:/home/user/.m2/repository/jline/jline/0.9.94/jline-0.9.94.jar:/home/user/.m2/repository/org/apache/yetus/audience-annotations/0.5.0/audience-annotations-0.5.0.jar:/home/user/.m2/repository/org/codehaus/woodstox/stax2-api/3.1.4/stax2-api-3.1.4.jar:/home/user/.m2/repository/com/fasterxml/woodstox/woodstox-core/5.0.3/woodstox-core-5.0.3.jar:/home/user/.m2/repository/dnsjava/dnsjava/2.1.7/dnsjava-2.1.7.jar:/home/user/.m2/repository/org/apache/hadoop/hadoop-hdfs/3.2.0/hadoop-hdfs-3.2.0-tests.jar:/home/user/.m2/repository/org/eclipse/jetty/jetty-util-ajax/9.3.25.v20180904/jetty-util-ajax-9.3.25.v20180904.jar:/home/user/.m2/repository/commons-daemon/commons-daemon/1.0.13/commons-daemon-1.0.13.jar:/home/user/.m2/repository/io/netty/netty/3.10.5.Final/netty-3.10.5.Final.jar:/home/user/.m2/repository/io/netty/netty-all/4.0.52.Final/netty-all-4.0.52.Final.jar:/home/user/.m2/repository/org/fusesource/leveldbjni/leveldbjni-all/1.8/leveldbjni-all-1.8.jar:"/>
    <property name="java.vm.vendor" value="Oracle Corporation"/>
    <property name="sun.arch.data.model" value="64"/>
    <property name="test.build.dir" value="/workdir/hadoop-ozone/integration-test/target/test-dir"/>
    <property name="test.cache.data" value=""/>
    <property name="java.vendor.url" value="http://java.oracle.com/"/>
    <property name="user.timezone" value=""/>
    <property name="java.vm.specification.version" value="1.8"/>
    <property name="os.name" value="Linux"/>
    <property name="test.build.data" value="/workdir/hadoop-ozone/integration-test/target/test-dir"/>
    <property name="user.country" value="US"/>
    <property name="sun.java.launcher" value="SUN_STANDARD"/>
    <property name="sun.boot.library.path" value="/usr/lib/jvm/java-1.8.0-openjdk-1.8.0.222.b10-1.el7_7.x86_64/jre/lib/amd64"/>
    <property name="sun.java.command" value="/workdir/hadoop-ozone/integration-test/target/surefire/surefirebooter3346667654182643608.jar /workdir/hadoop-ozone/integration-test/target/surefire 2019-10-17T06-19-42_083-jvmRun1 surefire1542538908880977198tmp surefire_358371164633916731365tmp"/>
    <property name="surefire.test.class.path" value="/workdir/hadoop-ozone/integration-test/target/test-classes:/workdir/hadoop-ozone/integration-test/target/classes:/home/user/.m2/repository/org/apache/hadoop/hadoop-ozone-common/0.5.0-SNAPSHOT/hadoop-ozone-common-0.5.0-SNAPSHOT.jar:/home/user/.m2/repository/org/apache/commons/commons-compress/1.4.1/commons-compress-1.4.1.jar:/home/user/.m2/repository/org/tukaani/xz/1.0/xz-1.0.jar:/home/user/.m2/repository/org/apache/hadoop/hadoop-common/3.2.0/hadoop-common-3.2.0.jar:/home/user/.m2/repository/org/apache/hadoop/hadoop-hdfs/3.2.0/hadoop-hdfs-3.2.0.jar:/home/user/.m2/repository/org/apache/hadoop/hadoop-hdfs-client/3.2.0/hadoop-hdfs-client-3.2.0.jar:/home/user/.m2/repository/com/fasterxml/jackson/core/jackson-annotations/2.9.9/jackson-annotations-2.9.9.jar:/home/user/.m2/repository/org/apache/hadoop/hadoop-hdds-common/0.5.0-SNAPSHOT/hadoop-hdds-common-0.5.0-SNAPSHOT.jar:/home/user/.m2/repository/javax/annotation/javax.annotation-api/1.2/javax.annotation-api-1.2.jar:/home/user/.m2/repository/org/apache/ratis/ratis-server/0.5.0-3f446aa-SNAPSHOT/ratis-server-0.5.0-3f446aa-SNAPSHOT.jar:/home/user/.m2/repository/org/apache/ratis/ratis-thirdparty-misc/0.2.0/ratis-thirdparty-misc-0.2.0.jar:/home/user/.m2/repository/org/apache/ratis/ratis-proto/0.5.0-3f446aa-SNAPSHOT/ratis-proto-0.5.0-3f446aa-SNAPSHOT.jar:/home/user/.m2/repository/org/apache/ratis/ratis-common/0.5.0-3f446aa-SNAPSHOT/ratis-common-0.5.0-3f446aa-SNAPSHOT.jar:/home/user/.m2/repository/org/apache/ratis/ratis-client/0.5.0-3f446aa-SNAPSHOT/ratis-client-0.5.0-3f446aa-SNAPSHOT.jar:/home/user/.m2/repository/org/apache/ratis/ratis-metrics/0.5.0-3f446aa-SNAPSHOT/ratis-metrics-0.5.0-3f446aa-SNAPSHOT.jar:/home/user/.m2/repository/com/github/joshelser/dropwizard-metrics-hadoop-metrics2-reporter/0.1.2/dropwizard-metrics-hadoop-metrics2-reporter-0.1.2.jar:/home/user/.m2/repository/io/dropwizard/metrics/metrics-jvm/3.2.5/metrics-jvm-3.2.5.jar:/home/user/.m2/repository/io/dropwizard/metrics/metrics-ganglia/3.2.5/metrics-ganglia-3.2.5.jar:/home/user/.m2/repository/info/ganglia/gmetric4j/gmetric4j/1.0.7/gmetric4j-1.0.7.jar:/home/user/.m2/repository/org/apache/ratis/ratis-netty/0.5.0-3f446aa-SNAPSHOT/ratis-netty-0.5.0-3f446aa-SNAPSHOT.jar:/home/user/.m2/repository/org/apache/ratis/ratis-grpc/0.5.0-3f446aa-SNAPSHOT/ratis-grpc-0.5.0-3f446aa-SNAPSHOT.jar:/home/user/.m2/repository/org/rocksdb/rocksdbjni/6.0.1/rocksdbjni-6.0.1.jar:/home/user/.m2/repository/org/apache/logging/log4j/log4j-api/2.11.0/log4j-api-2.11.0.jar:/home/user/.m2/repository/org/apache/logging/log4j/log4j-core/2.11.0/log4j-core-2.11.0.jar:/home/user/.m2/repository/com/lmax/disruptor/3.4.2/disruptor-3.4.2.jar:/home/user/.m2/repository/org/apache/commons/commons-pool2/2.6.0/commons-pool2-2.6.0.jar:/home/user/.m2/repository/org/bouncycastle/bcpkix-jdk15on/1.60/bcpkix-jdk15on-1.60.jar:/home/user/.m2/repository/commons-validator/commons-validator/1.6/commons-validator-1.6.jar:/home/user/.m2/repository/commons-digester/commons-digester/1.8.1/commons-digester-1.8.1.jar:/home/user/.m2/repository/io/jaegertracing/jaeger-client/0.34.0/jaeger-client-0.34.0.jar:/home/user/.m2/repository/io/jaegertracing/jaeger-thrift/0.34.0/jaeger-thrift-0.34.0.jar:/home/user/.m2/repository/org/apache/thrift/libthrift/0.12.0/libthrift-0.12.0.jar:/home/user/.m2/repository/com/squareup/okhttp3/okhttp/3.9.0/okhttp-3.9.0.jar:/home/user/.m2/repository/com/squareup/okio/okio/1.13.0/okio-1.13.0.jar:/home/user/.m2/repository/io/jaegertracing/jaeger-core/0.34.0/jaeger-core-0.34.0.jar:/home/user/.m2/repository/io/jaegertracing/jaeger-tracerresolver/0.34.0/jaeger-tracerresolver-0.34.0.jar:/home/user/.m2/repository/io/opentracing/contrib/opentracing-tracerresolver/0.1.5/opentracing-tracerresolver-0.1.5.jar:/home/user/.m2/repository/io/opentracing/opentracing-util/0.31.0/opentracing-util-0.31.0.jar:/home/user/.m2/repository/io/opentracing/opentracing-api/0.31.0/opentracing-api-0.31.0.jar:/home/user/.m2/repository/io/opentracing/opentracing-noop/0.31.0/opentracing-noop-0.31.0.jar:/home/user/.m2/repository/org/apache/hadoop/hadoop-hdds-server-framework/0.5.0-SNAPSHOT/hadoop-hdds-server-framework-0.5.0-SNAPSHOT.jar:/home/user/.m2/repository/org/apache/hadoop/hadoop-hdds-container-service/0.5.0-SNAPSHOT/hadoop-hdds-container-service-0.5.0-SNAPSHOT.jar:/home/user/.m2/repository/org/apache/hadoop/hadoop-hdds-client/0.5.0-SNAPSHOT/hadoop-hdds-client-0.5.0-SNAPSHOT.jar:/home/user/.m2/repository/org/apache/hadoop/hadoop-hdds-tools/0.5.0-SNAPSHOT/hadoop-hdds-tools-0.5.0-SNAPSHOT.jar:/home/user/.m2/repository/org/apache/hadoop/hadoop-hdds-server-scm/0.5.0-SNAPSHOT/hadoop-hdds-server-scm-0.5.0-SNAPSHOT.jar:/home/user/.m2/repository/org/apache/hadoop/hadoop-hdds-docs/0.5.0-SNAPSHOT/hadoop-hdds-docs-0.5.0-SNAPSHOT.jar:/home/user/.m2/repository/io/dropwizard/metrics/metrics-core/3.2.4/metrics-core-3.2.4.jar:/home/user/.m2/repository/org/hamcrest/hamcrest-all/1.3/hamcrest-all-1.3.jar:/home/user/.m2/repository/org/bouncycastle/bcprov-jdk15on/1.60/bcprov-jdk15on-1.60.jar:/home/user/.m2/repository/info/picocli/picocli/3.9.6/picocli-3.9.6.jar:/home/user/.m2/repository/com/google/protobuf/protobuf-java/2.5.0/protobuf-java-2.5.0.jar:/home/user/.m2/repository/com/google/guava/guava/11.0.2/guava-11.0.2.jar:/home/user/.m2/repository/org/apache/hadoop/hadoop-ozone-ozone-manager/0.5.0-SNAPSHOT/hadoop-ozone-ozone-manager-0.5.0-SNAPSHOT.jar:/home/user/.m2/repository/org/apache/hadoop/hadoop-minikdc/3.2.0/hadoop-minikdc-3.2.0.jar:/home/user/.m2/repository/commons-io/commons-io/2.5/commons-io-2.5.jar:/home/user/.m2/repository/org/apache/kerby/kerb-simplekdc/1.0.1/kerb-simplekdc-1.0.1.jar:/home/user/.m2/repository/org/apache/kerby/kerb-client/1.0.1/kerb-client-1.0.1.jar:/home/user/.m2/repository/org/apache/kerby/kerby-config/1.0.1/kerby-config-1.0.1.jar:/home/user/.m2/repository/org/apache/kerby/kerb-core/1.0.1/kerb-core-1.0.1.jar:/home/user/.m2/repository/org/apache/kerby/kerby-pkix/1.0.1/kerby-pkix-1.0.1.jar:/home/user/.m2/repository/org/apache/kerby/kerby-asn1/1.0.1/kerby-asn1-1.0.1.jar:/home/user/.m2/repository/org/apache/kerby/kerby-util/1.0.1/kerby-util-1.0.1.jar:/home/user/.m2/repository/org/apache/kerby/kerb-common/1.0.1/kerb-common-1.0.1.jar:/home/user/.m2/repository/org/apache/kerby/kerb-crypto/1.0.1/kerb-crypto-1.0.1.jar:/home/user/.m2/repository/org/apache/kerby/kerb-util/1.0.1/kerb-util-1.0.1.jar:/home/user/.m2/repository/org/apache/kerby/token-provider/1.0.1/token-provider-1.0.1.jar:/home/user/.m2/repository/org/apache/kerby/kerb-admin/1.0.1/kerb-admin-1.0.1.jar:/home/user/.m2/repository/org/apache/kerby/kerb-server/1.0.1/kerb-server-1.0.1.jar:/home/user/.m2/repository/org/apache/kerby/kerb-identity/1.0.1/kerb-identity-1.0.1.jar:/home/user/.m2/repository/org/apache/kerby/kerby-xdr/1.0.1/kerby-xdr-1.0.1.jar:/home/user/.m2/repository/org/slf4j/slf4j-log4j12/1.7.25/slf4j-log4j12-1.7.25.jar:/home/user/.m2/repository/org/apache/hadoop/hadoop-ozone-s3gateway/0.5.0-SNAPSHOT/hadoop-ozone-s3gateway-0.5.0-SNAPSHOT.jar:/home/user/.m2/repository/org/jboss/weld/servlet/weld-servlet/2.4.7.Final/weld-servlet-2.4.7.Final.jar:/home/user/.m2/repository/org/glassfish/jersey/containers/jersey-container-servlet-core/2.27/jersey-container-servlet-core-2.27.jar:/home/user/.m2/repository/org/glassfish/hk2/external/javax.inject/2.5.0-b42/javax.inject-2.5.0-b42.jar:/home/user/.m2/repository/org/glassfish/jersey/core/jersey-common/2.27/jersey-common-2.27.jar:/home/user/.m2/repository/org/glassfish/hk2/osgi-resource-locator/1.0.1/osgi-resource-locator-1.0.1.jar:/home/user/.m2/repository/javax/ws/rs/javax.ws.rs-api/2.1/javax.ws.rs-api-2.1.jar:/home/user/.m2/repository/org/glassfish/jersey/ext/cdi/jersey-cdi1x/2.27/jersey-cdi1x-2.27.jar:/home/user/.m2/repository/org/glassfish/jersey/inject/jersey-hk2/2.27/jersey-hk2-2.27.jar:/home/user/.m2/repository/org/glassfish/hk2/hk2-locator/2.5.0-b42/hk2-locator-2.5.0-b42.jar:/home/user/.m2/repository/org/javassist/javassist/3.22.0-CR2/javassist-3.22.0-CR2.jar:/home/user/.m2/repository/org/glassfish/hk2/hk2-api/2.5.0/hk2-api-2.5.0.jar:/home/user/.m2/repository/org/glassfish/hk2/external/jakarta.inject/2.5.0/jakarta.inject-2.5.0.jar:/home/user/.m2/repository/org/glassfish/hk2/hk2-utils/2.5.0/hk2-utils-2.5.0.jar:/home/user/.m2/repository/jakarta/annotation/jakarta.annotation-api/1.3.4/jakarta.annotation-api-1.3.4.jar:/home/user/.m2/repository/org/glassfish/hk2/external/aopalliance-repackaged/2.5.0/aopalliance-repackaged-2.5.0.jar:/home/user/.m2/repository/com/fasterxml/jackson/dataformat/jackson-dataformat-xml/2.9.0/jackson-dataformat-xml-2.9.0.jar:/home/user/.m2/repository/com/fasterxml/jackson/core/jackson-core/2.9.9/jackson-core-2.9.9.jar:/home/user/.m2/repository/com/fasterxml/jackson/module/jackson-module-jaxb-annotations/2.9.9/jackson-module-jaxb-annotations-2.9.9.jar:/home/user/.m2/repository/javax/enterprise/cdi-api/1.2/cdi-api-1.2.jar:/home/user/.m2/repository/javax/el/javax.el-api/3.0.0/javax.el-api-3.0.0.jar:/home/user/.m2/repository/javax/interceptor/javax.interceptor-api/1.2/javax.interceptor-api-1.2.jar:/home/user/.m2/repository/javax/inject/javax.inject/1/javax.inject-1.jar:/home/user/.m2/repository/com/sun/xml/bind/jaxb-impl/2.3.0.1/jaxb-impl-2.3.0.1.jar:/home/user/.m2/repository/com/sun/xml/bind/jaxb-core/2.3.0.1/jaxb-core-2.3.0.1.jar:/home/user/.m2/repository/javax/xml/bind/jaxb-api/2.3.0/jaxb-api-2.3.0.jar:/home/user/.m2/repository/javax/activation/activation/1.1.1/activation-1.1.1.jar:/home/user/.m2/repository/org/apache/hadoop/hadoop-ozone-csi/0.5.0-SNAPSHOT/hadoop-ozone-csi-0.5.0-SNAPSHOT.jar:/home/user/.m2/repository/com/google/protobuf/protobuf-java-util/3.5.1/protobuf-java-util-3.5.1.jar:/home/user/.m2/repository/org/apache/hadoop/hadoop-hdds-config/0.5.0-SNAPSHOT/hadoop-hdds-config-0.5.0-SNAPSHOT.jar:/home/user/.m2/repository/io/grpc/grpc-netty/1.17.1/grpc-netty-1.17.1.jar:/home/user/.m2/repository/io/grpc/grpc-core/1.17.1/grpc-core-1.17.1.jar:/home/user/.m2/repository/io/grpc/grpc-context/1.17.1/grpc-context-1.17.1.jar:/home/user/.m2/repository/com/google/errorprone/error_prone_annotations/2.2.0/error_prone_annotations-2.2.0.jar:/home/user/.m2/repository/org/codehaus/mojo/animal-sniffer-annotations/1.17/animal-sniffer-annotations-1.17.jar:/home/user/.m2/repository/io/opencensus/opencensus-api/0.17.0/opencensus-api-0.17.0.jar:/home/user/.m2/repository/io/opencensus/opencensus-contrib-grpc-metrics/0.17.0/opencensus-contrib-grpc-metrics-0.17.0.jar:/home/user/.m2/repository/io/netty/netty-codec-http2/4.1.30.Final/netty-codec-http2-4.1.30.Final.jar:/home/user/.m2/repository/io/netty/netty-codec-http/4.1.30.Final/netty-codec-http-4.1.30.Final.jar:/home/user/.m2/repository/io/netty/netty-codec/4.1.30.Final/netty-codec-4.1.30.Final.jar:/home/user/.m2/repository/io/netty/netty-handler/4.1.30.Final/netty-handler-4.1.30.Final.jar:/home/user/.m2/repository/io/netty/netty-handler-proxy/4.1.30.Final/netty-handler-proxy-4.1.30.Final.jar:/home/user/.m2/repository/io/netty/netty-codec-socks/4.1.30.Final/netty-codec-socks-4.1.30.Final.jar:/home/user/.m2/repository/io/netty/netty-transport-native-epoll/4.1.30.Final/netty-transport-native-epoll-4.1.30.Final.jar:/home/user/.m2/repository/io/netty/netty-common/4.1.30.Final/netty-common-4.1.30.Final.jar:/home/user/.m2/repository/io/netty/netty-buffer/4.1.30.Final/netty-buffer-4.1.30.Final.jar:/home/user/.m2/repository/io/netty/netty-transport/4.1.30.Final/netty-transport-4.1.30.Final.jar:/home/user/.m2/repository/io/netty/netty-resolver/4.1.30.Final/netty-resolver-4.1.30.Final.jar:/home/user/.m2/repository/io/netty/netty-transport-native-unix-common/4.1.30.Final/netty-transport-native-unix-common-4.1.30.Final.jar:/home/user/.m2/repository/io/grpc/grpc-protobuf/1.17.1/grpc-protobuf-1.17.1.jar:/home/user/.m2/repository/com/google/api/grpc/proto-google-common-protos/1.0.0/proto-google-common-protos-1.0.0.jar:/home/user/.m2/repository/io/grpc/grpc-protobuf-lite/1.17.1/grpc-protobuf-lite-1.17.1.jar:/home/user/.m2/repository/io/grpc/grpc-stub/1.17.1/grpc-stub-1.17.1.jar:/home/user/.m2/repository/org/apache/hadoop/hadoop-ozone-recon/0.5.0-SNAPSHOT/hadoop-ozone-recon-0.5.0-SNAPSHOT.jar:/home/user/.m2/repository/org/apache/hadoop/hadoop-ozone-reconcodegen/0.5.0-SNAPSHOT/hadoop-ozone-reconcodegen-0.5.0-SNAPSHOT.jar:/home/user/.m2/repository/com/google/inject/extensions/guice-multibindings/4.0/guice-multibindings-4.0.jar:/home/user/.m2/repository/com/google/inject/guice/4.0/guice-4.0.jar:/home/user/.m2/repository/aopalliance/aopalliance/1.0/aopalliance-1.0.jar:/home/user/.m2/repository/com/google/inject/extensions/guice-servlet/4.0/guice-servlet-4.0.jar:/home/user/.m2/repository/org/glassfish/jersey/containers/jersey-container-servlet/2.27/jersey-container-servlet-2.27.jar:/home/user/.m2/repository/org/glassfish/hk2/guice-bridge/2.5.0/guice-bridge-2.5.0.jar:/home/user/.m2/repository/org/glassfish/jersey/core/jersey-server/2.27/jersey-server-2.27.jar:/home/user/.m2/repository/org/glassfish/jersey/core/jersey-client/2.27/jersey-client-2.27.jar:/home/user/.m2/repository/org/glassfish/jersey/media/jersey-media-jaxb/2.27/jersey-media-jaxb-2.27.jar:/home/user/.m2/repository/javax/validation/validation-api/1.1.0.Final/validation-api-1.1.0.Final.jar:/home/user/.m2/repository/org/glassfish/jersey/media/jersey-media-json-jackson/2.27/jersey-media-json-jackson-2.27.jar:/home/user/.m2/repository/org/glassfish/jersey/ext/jersey-entity-filtering/2.27/jersey-entity-filtering-2.27.jar:/home/user/.m2/repository/com/google/inject/extensions/guice-assistedinject/4.0/guice-assistedinject-4.0.jar:/home/user/.m2/repository/org/jooq/jooq/3.11.10/jooq-3.11.10.jar:/home/user/.m2/repository/org/jooq/jooq-meta/3.11.10/jooq-meta-3.11.10.jar:/home/user/.m2/repository/org/jooq/jooq-codegen/3.11.10/jooq-codegen-3.11.10.jar:/home/user/.m2/repository/com/jolbox/bonecp/0.8.0.RELEASE/bonecp-0.8.0.RELEASE.jar:/home/user/.m2/repository/org/xerial/sqlite-jdbc/3.25.2/sqlite-jdbc-3.25.2.jar:/home/user/.m2/repository/org/springframework/spring-jdbc/5.1.3.RELEASE/spring-jdbc-5.1.3.RELEASE.jar:/home/user/.m2/repository/org/springframework/spring-beans/5.1.3.RELEASE/spring-beans-5.1.3.RELEASE.jar:/home/user/.m2/repository/org/springframework/spring-core/5.1.3.RELEASE/spring-core-5.1.3.RELEASE.jar:/home/user/.m2/repository/org/springframework/spring-jcl/5.1.3.RELEASE/spring-jcl-5.1.3.RELEASE.jar:/home/user/.m2/repository/org/springframework/spring-tx/5.1.3.RELEASE/spring-tx-5.1.3.RELEASE.jar:/home/user/.m2/repository/org/apache/hadoop/hadoop-ozone-client/0.5.0-SNAPSHOT/hadoop-ozone-client-0.5.0-SNAPSHOT.jar:/home/user/.m2/repository/commons-lang/commons-lang/2.6/commons-lang-2.6.jar:/home/user/.m2/repository/org/apache/hadoop/hadoop-ozone-ozone-manager/0.5.0-SNAPSHOT/hadoop-ozone-ozone-manager-0.5.0-SNAPSHOT-tests.jar:/home/user/.m2/repository/junit/junit/4.11/junit-4.11.jar:/home/user/.m2/repository/org/hamcrest/hamcrest-core/1.3/hamcrest-core-1.3.jar:/home/user/.m2/repository/org/openjdk/jmh/jmh-core/1.19/jmh-core-1.19.jar:/home/user/.m2/repository/net/sf/jopt-simple/jopt-simple/4.6/jopt-simple-4.6.jar:/home/user/.m2/repository/org/apache/commons/commons-math3/3.1.1/commons-math3-3.1.1.jar:/home/user/.m2/repository/org/openjdk/jmh/jmh-generator-annprocess/1.19/jmh-generator-annprocess-1.19.jar:/home/user/.m2/repository/org/mockito/mockito-all/1.8.5/mockito-all-1.8.5.jar:/home/user/.m2/repository/org/apache/hadoop/hadoop-kms/3.2.0/hadoop-kms-3.2.0.jar:/home/user/.m2/repository/org/apache/hadoop/hadoop-auth/3.2.0/hadoop-auth-3.2.0.jar:/home/user/.m2/repository/com/nimbusds/nimbus-jose-jwt/4.41.1/nimbus-jose-jwt-4.41.1.jar:/home/user/.m2/repository/com/github/stephenc/jcip/jcip-annotations/1.0-1/jcip-annotations-1.0-1.jar:/home/user/.m2/repository/net/minidev/json-smart/2.3/json-smart-2.3.jar:/home/user/.m2/repository/net/minidev/accessors-smart/1.2/accessors-smart-1.2.jar:/home/user/.m2/repository/org/ow2/asm/asm/5.0.4/asm-5.0.4.jar:/home/user/.m2/repository/org/apache/curator/curator-framework/2.12.0/curator-framework-2.12.0.jar:/home/user/.m2/repository/com/sun/jersey/jersey-core/1.19/jersey-core-1.19.jar:/home/user/.m2/repository/javax/ws/rs/jsr311-api/1.1.1/jsr311-api-1.1.1.jar:/home/user/.m2/repository/com/sun/jersey/jersey-server/1.19/jersey-server-1.19.jar:/home/user/.m2/repository/javax/servlet/javax.servlet-api/3.1.0/javax.servlet-api-3.1.0.jar:/home/user/.m2/repository/org/eclipse/jetty/jetty-server/9.3.25.v20180904/jetty-server-9.3.25.v20180904.jar:/home/user/.m2/repository/org/eclipse/jetty/jetty-http/9.3.25.v20180904/jetty-http-9.3.25.v20180904.jar:/home/user/.m2/repository/org/eclipse/jetty/jetty-io/9.3.25.v20180904/jetty-io-9.3.25.v20180904.jar:/home/user/.m2/repository/org/eclipse/jetty/jetty-webapp/9.3.25.v20180904/jetty-webapp-9.3.25.v20180904.jar:/home/user/.m2/repository/org/eclipse/jetty/jetty-xml/9.3.25.v20180904/jetty-xml-9.3.25.v20180904.jar:/home/user/.m2/repository/log4j/log4j/1.2.17/log4j-1.2.17.jar:/home/user/.m2/repository/org/slf4j/slf4j-api/1.7.25/slf4j-api-1.7.25.jar:/home/user/.m2/repository/org/slf4j/jul-to-slf4j/1.7.25/jul-to-slf4j-1.7.25.jar:/home/user/.m2/repository/org/eclipse/jetty/jetty-util/9.3.25.v20180904/jetty-util-9.3.25.v20180904.jar:/home/user/.m2/repository/com/fasterxml/jackson/core/jackson-databind/2.9.9/jackson-databind-2.9.9.jar:/home/user/.m2/repository/org/apache/hadoop/hadoop-kms/3.2.0/hadoop-kms-3.2.0-tests.jar:/home/user/.m2/repository/org/apache/hadoop/hadoop-hdds-server-scm/0.5.0-SNAPSHOT/hadoop-hdds-server-scm-0.5.0-SNAPSHOT-tests.jar:/home/user/.m2/repository/org/apache/hadoop/hadoop-hdds-container-service/0.5.0-SNAPSHOT/hadoop-hdds-container-service-0.5.0-SNAPSHOT-tests.jar:/home/user/.m2/repository/org/yaml/snakeyaml/1.16/snakeyaml-1.16.jar:/home/user/.m2/repository/org/apache/hadoop/hadoop-common/3.2.0/hadoop-common-3.2.0-tests.jar:/home/user/.m2/repository/org/apache/hadoop/hadoop-annotations/3.2.0/hadoop-annotations-3.2.0.jar:/usr/lib/jvm/java-1.8.0-openjdk-1.8.0.222.b10-1.el7_7.x86_64/jre/../lib/tools.jar:/home/user/.m2/repository/commons-cli/commons-cli/1.2/commons-cli-1.2.jar:/home/user/.m2/repository/org/apache/httpcomponents/httpclient/4.5.2/httpclient-4.5.2.jar:/home/user/.m2/repository/org/apache/httpcomponents/httpcore/4.4.4/httpcore-4.4.4.jar:/home/user/.m2/repository/commons-codec/commons-codec/1.11/commons-codec-1.11.jar:/home/user/.m2/repository/commons-net/commons-net/3.6/commons-net-3.6.jar:/home/user/.m2/repository/commons-collections/commons-collections/3.2.2/commons-collections-3.2.2.jar:/home/user/.m2/repository/org/eclipse/jetty/jetty-servlet/9.3.25.v20180904/jetty-servlet-9.3.25.v20180904.jar:/home/user/.m2/repository/org/eclipse/jetty/jetty-security/9.3.25.v20180904/jetty-security-9.3.25.v20180904.jar:/home/user/.m2/repository/javax/servlet/jsp/jsp-api/2.1/jsp-api-2.1.jar:/home/user/.m2/repository/com/sun/jersey/jersey-servlet/1.19/jersey-servlet-1.19.jar:/home/user/.m2/repository/com/sun/jersey/jersey-json/1.19/jersey-json-1.19.jar:/home/user/.m2/repository/org/codehaus/jettison/jettison/1.1/jettison-1.1.jar:/home/user/.m2/repository/org/codehaus/jackson/jackson-core-asl/1.9.13/jackson-core-asl-1.9.13.jar:/home/user/.m2/repository/org/codehaus/jackson/jackson-mapper-asl/1.9.13/jackson-mapper-asl-1.9.13.jar:/home/user/.m2/repository/org/codehaus/jackson/jackson-jaxrs/1.9.13/jackson-jaxrs-1.9.13.jar:/home/user/.m2/repository/org/codehaus/jackson/jackson-xc/1.9.13/jackson-xc-1.9.13.jar:/home/user/.m2/repository/commons-logging/commons-logging/1.1.3/commons-logging-1.1.3.jar:/home/user/.m2/repository/commons-beanutils/commons-beanutils/1.9.4/commons-beanutils-1.9.4.jar:/home/user/.m2/repository/org/apache/commons/commons-configuration2/2.1.1/commons-configuration2-2.1.1.jar:/home/user/.m2/repository/org/apache/commons/commons-lang3/3.7/commons-lang3-3.7.jar:/home/user/.m2/repository/org/apache/commons/commons-text/1.4/commons-text-1.4.jar:/home/user/.m2/repository/org/apache/avro/avro/1.7.7/avro-1.7.7.jar:/home/user/.m2/repository/com/thoughtworks/paranamer/paranamer/2.3/paranamer-2.3.jar:/home/user/.m2/repository/org/xerial/snappy/snappy-java/1.0.5/snappy-java-1.0.5.jar:/home/user/.m2/repository/com/google/re2j/re2j/1.1/re2j-1.1.jar:/home/user/.m2/repository/com/google/code/gson/gson/2.2.4/gson-2.2.4.jar:/home/user/.m2/repository/com/jcraft/jsch/0.1.54/jsch-0.1.54.jar:/home/user/.m2/repository/org/apache/curator/curator-client/2.12.0/curator-client-2.12.0.jar:/home/user/.m2/repository/org/apache/curator/curator-recipes/2.12.0/curator-recipes-2.12.0.jar:/home/user/.m2/repository/com/google/code/findbugs/jsr305/3.0.0/jsr305-3.0.0.jar:/home/user/.m2/repository/org/apache/htrace/htrace-core4/4.1.0-incubating/htrace-core4-4.1.0-incubating.jar:/home/user/.m2/repository/org/apache/zookeeper/zookeeper/3.4.13/zookeeper-3.4.13.jar:/home/user/.m2/repository/jline/jline/0.9.94/jline-0.9.94.jar:/home/user/.m2/repository/org/apache/yetus/audience-annotations/0.5.0/audience-annotations-0.5.0.jar:/home/user/.m2/repository/org/codehaus/woodstox/stax2-api/3.1.4/stax2-api-3.1.4.jar:/home/user/.m2/repository/com/fasterxml/woodstox/woodstox-core/5.0.3/woodstox-core-5.0.3.jar:/home/user/.m2/repository/dnsjava/dnsjava/2.1.7/dnsjava-2.1.7.jar:/home/user/.m2/repository/org/apache/hadoop/hadoop-hdfs/3.2.0/hadoop-hdfs-3.2.0-tests.jar:/home/user/.m2/repository/org/eclipse/jetty/jetty-util-ajax/9.3.25.v20180904/jetty-util-ajax-9.3.25.v20180904.jar:/home/user/.m2/repository/commons-daemon/commons-daemon/1.0.13/commons-daemon-1.0.13.jar:/home/user/.m2/repository/io/netty/netty/3.10.5.Final/netty-3.10.5.Final.jar:/home/user/.m2/repository/io/netty/netty-all/4.0.52.Final/netty-all-4.0.52.Final.jar:/home/user/.m2/repository/org/fusesource/leveldbjni/leveldbjni-all/1.8/leveldbjni-all-1.8.jar:"/>
    <property name="sun.cpu.endian" value="little"/>
    <property name="user.home" value="/home/user"/>
    <property name="user.language" value="en"/>
    <property name="java.specification.vendor" value="Oracle Corporation"/>
    <property name="java.home" value="/usr/lib/jvm/java-1.8.0-openjdk-1.8.0.222.b10-1.el7_7.x86_64/jre"/>
    <property name="surefire.excludesFile" value="/tools/ozone-bad-unit-tests"/>
    <property name="java.security.krb5.conf" value="/workdir/hadoop-ozone/integration-test/target/test-classes/krb5.conf"/>
    <property name="basedir" value="/workdir/hadoop-ozone/integration-test"/>
    <property name="file.separator" value="/"/>
    <property name="line.separator" value="&#10;"/>
    <property name="java.vm.specification.vendor" value="Oracle Corporation"/>
    <property name="java.specification.name" value="Java Platform API Specification"/>
    <property name="java.awt.graphicsenv" value="sun.awt.X11GraphicsEnvironment"/>
    <property name="surefire.real.class.path" value="/workdir/hadoop-ozone/integration-test/target/surefire/surefirebooter3346667654182643608.jar"/>
    <property name="hadoop.log.dir" value="/workdir/hadoop-ozone/integration-test/target/log"/>
    <property name="sun.boot.class.path" value="/usr/lib/jvm/java-1.8.0-openjdk-1.8.0.222.b10-1.el7_7.x86_64/jre/lib/resources.jar:/usr/lib/jvm/java-1.8.0-openjdk-1.8.0.222.b10-1.el7_7.x86_64/jre/lib/rt.jar:/usr/lib/jvm/java-1.8.0-openjdk-1.8.0.222.b10-1.el7_7.x86_64/jre/lib/sunrsasign.jar:/usr/lib/jvm/java-1.8.0-openjdk-1.8.0.222.b10-1.el7_7.x86_64/jre/lib/jsse.jar:/usr/lib/jvm/java-1.8.0-openjdk-1.8.0.222.b10-1.el7_7.x86_64/jre/lib/jce.jar:/usr/lib/jvm/java-1.8.0-openjdk-1.8.0.222.b10-1.el7_7.x86_64/jre/lib/charsets.jar:/usr/lib/jvm/java-1.8.0-openjdk-1.8.0.222.b10-1.el7_7.x86_64/jre/lib/jfr.jar:/usr/lib/jvm/java-1.8.0-openjdk-1.8.0.222.b10-1.el7_7.x86_64/jre/classes"/>
    <property name="sun.management.compiler" value="HotSpot 64-Bit Tiered Compilers"/>
    <property name="java.runtime.version" value="1.8.0_222-b10"/>
    <property name="java.net.preferIPv4Stack" value="true"/>
    <property name="user.name" value="jenkins1000"/>
    <property name="path.separator" value=":"/>
    <property name="java.security.egd" value="file:///dev/urandom"/>
    <property name="os.version" value="3.10.0-957.12.2.el7.x86_64"/>
    <property name="java.endorsed.dirs" value="/usr/lib/jvm/java-1.8.0-openjdk-1.8.0.222.b10-1.el7_7.x86_64/jre/lib/endorsed"/>
    <property name="java.runtime.name" value="OpenJDK Runtime Environment"/>
    <property name="file.encoding" value="ANSI_X3.4-1968"/>
    <property name="java.vm.name" value="OpenJDK 64-Bit Server VM"/>
    <property name="test.build.webapps" value=""/>
    <property name="localRepository" value="/home/user/.m2/repository"/>
    <property name="java.vendor.url.bug" value="http://bugreport.sun.com/bugreport/"/>
    <property name="java.io.tmpdir" value="/tmp"/>
    <property name="require.test.libhadoop" value=""/>
    <property name="java.version" value="1.8.0_222"/>
    <property name="user.dir" value="/workdir/hadoop-ozone/integration-test"/>
    <property name="os.arch" value="amd64"/>
    <property name="java.vm.specification.name" value="Java Virtual Machine Specification"/>
    <property name="test.build.classes" value="/workdir/hadoop-ozone/integration-test/target/test-classes"/>
    <property name="java.awt.printerjob" value="sun.print.PSPrinterJob"/>
    <property name="sun.os.patch.level" value="unknown"/>
    <property name="hadoop.tmp.dir" value="/workdir/hadoop-ozone/integration-test/target/tmp"/>
    <property name="java.library.path" value="/usr/lib:/workdir/hadoop-ozone/integration-test/target/native/target/usr/local/lib:/workdir/hadoop-ozone/integration-test/../../hadoop-common-project/hadoop-common/target/native/target/usr/local/lib:/usr/java/packages/lib/amd64:/usr/lib64:/lib64:/lib:/usr/lib"/>
    <property name="java.vm.info" value="mixed mode"/>
    <property name="java.vendor" value="Oracle Corporation"/>
    <property name="java.vm.version" value="25.222-b10"/>
    <property name="java.ext.dirs" value="/usr/lib/jvm/java-1.8.0-openjdk-1.8.0.222.b10-1.el7_7.x86_64/jre/lib/ext:/usr/java/packages/lib/ext"/>
    <property name="sun.io.unicode.encoding" value="UnicodeLittle"/>
    <property name="java.class.version" value="52.0"/>
  </properties>
  <testcase name="testPipelineExclusionWithPipelineFailure" classname="org.apache.hadoop.ozone.client.rpc.TestFailureHandlingByClient" time="94.81"/>
  <testcase name="testContainerExclusionWithClosedContainerException" classname="org.apache.hadoop.ozone.client.rpc.TestFailureHandlingByClient" time="34.806"/>
  <testcase name="testWriteSmallFile" classname="org.apache.hadoop.ozone.client.rpc.TestFailureHandlingByClient" time="51.921"/>
  <testcase name="testBlockWritesWithDnFailures" classname="org.apache.hadoop.ozone.client.rpc.TestFailureHandlingByClient" time="79.205"/>
  <testcase name="testDatanodeExclusionWithMajorityCommit" classname="org.apache.hadoop.ozone.client.rpc.TestFailureHandlingByClient" time="47.427">
    <failure type="java.lang.AssertionError">java.lang.AssertionError
	at org.junit.Assert.fail(Assert.java:86)
	at org.junit.Assert.assertTrue(Assert.java:41)
	at org.junit.Assert.assertTrue(Assert.java:52)
	at org.apache.hadoop.ozone.client.rpc.TestFailureHandlingByClient.testDatanodeExclusionWithMajorityCommit(TestFailureHandlingByClient.java:318)
	at sun.reflect.NativeMethodAccessorImpl.invoke0(Native Method)
	at sun.reflect.NativeMethodAccessorImpl.invoke(NativeMethodAccessorImpl.java:62)
	at sun.reflect.DelegatingMethodAccessorImpl.invoke(DelegatingMethodAccessorImpl.java:43)
	at java.lang.reflect.Method.invoke(Method.java:498)
	at org.junit.runners.model.FrameworkMethod$1.runReflectiveCall(FrameworkMethod.java:47)
	at org.junit.internal.runners.model.ReflectiveCallable.run(ReflectiveCallable.java:12)
	at org.junit.runners.model.FrameworkMethod.invokeExplosively(FrameworkMethod.java:44)
	at org.junit.internal.runners.statements.InvokeMethod.evaluate(InvokeMethod.java:17)
	at org.junit.internal.runners.statements.RunAfters.evaluate(RunAfters.java:27)
	at org.junit.runners.ParentRunner.runLeaf(ParentRunner.java:271)
	at org.junit.runners.BlockJUnit4ClassRunner.runChild(BlockJUnit4ClassRunner.java:70)
	at org.junit.runners.BlockJUnit4ClassRunner.runChild(BlockJUnit4ClassRunner.java:50)
	at org.junit.runners.ParentRunner$3.run(ParentRunner.java:238)
	at org.junit.runners.ParentRunner$1.schedule(ParentRunner.java:63)
	at org.junit.runners.ParentRunner.runChildren(ParentRunner.java:236)
	at org.junit.runners.ParentRunner.access$000(ParentRunner.java:53)
	at org.junit.runners.ParentRunner$2.evaluate(ParentRunner.java:229)
	at org.junit.runners.ParentRunner.run(ParentRunner.java:309)
	at org.apache.maven.surefire.junit4.JUnit4Provider.execute(JUnit4Provider.java:365)
	at org.apache.maven.surefire.junit4.JUnit4Provider.executeWithRerun(JUnit4Provider.java:273)
	at org.apache.maven.surefire.junit4.JUnit4Provider.executeTestSet(JUnit4Provider.java:238)
	at org.apache.maven.surefire.junit4.JUnit4Provider.invoke(JUnit4Provider.java:159)
	at org.apache.maven.surefire.booter.ForkedBooter.invokeProviderInSameClassLoader(ForkedBooter.java:384)
	at org.apache.maven.surefire.booter.ForkedBooter.runSuitesInProcess(ForkedBooter.java:345)
	at org.apache.maven.surefire.booter.ForkedBooter.execute(ForkedBooter.java:126)
	at org.apache.maven.surefire.booter.ForkedBooter.main(ForkedBooter.java:418)
</failure>
    <system-out><![CDATA[2019-10-17 07:09:22,650 [main] WARN  server.ServerUtils (ServerUtils.java:getScmDbDir(145)) - ozone.scm.db.dirs is not configured. We recommend adding this setting. Falling back to ozone.metadata.dirs instead.
2019-10-17 07:09:22,692 [main] WARN  server.ServerUtils (ServerUtils.java:getScmDbDir(145)) - ozone.scm.db.dirs is not configured. We recommend adding this setting. Falling back to ozone.metadata.dirs instead.
2019-10-17 07:09:22,692 [main] WARN  server.ServerUtils (ServerUtils.java:getScmDbDir(145)) - ozone.scm.db.dirs is not configured. We recommend adding this setting. Falling back to ozone.metadata.dirs instead.
2019-10-17 07:09:22,693 [main] INFO  db.DBStoreBuilder (DBStoreBuilder.java:addTable(117)) - using custom profile for table: deletedBlocks
2019-10-17 07:09:22,693 [main] INFO  db.DBStoreBuilder (DBStoreBuilder.java:processTables(168)) - Using default column profile:DBProfile.DISK for Table:deletedBlocks
2019-10-17 07:09:22,693 [main] INFO  db.DBStoreBuilder (DBStoreBuilder.java:addTable(117)) - using custom profile for table: validCerts
2019-10-17 07:09:22,694 [main] INFO  db.DBStoreBuilder (DBStoreBuilder.java:processTables(168)) - Using default column profile:DBProfile.DISK for Table:validCerts
2019-10-17 07:09:22,694 [main] INFO  db.DBStoreBuilder (DBStoreBuilder.java:addTable(117)) - using custom profile for table: revokedCerts
2019-10-17 07:09:22,694 [main] INFO  db.DBStoreBuilder (DBStoreBuilder.java:processTables(168)) - Using default column profile:DBProfile.DISK for Table:revokedCerts
2019-10-17 07:09:22,695 [main] INFO  db.DBStoreBuilder (DBStoreBuilder.java:addTable(117)) - using custom profile for table: default
2019-10-17 07:09:22,695 [main] INFO  db.DBStoreBuilder (DBStoreBuilder.java:processTables(174)) - Using default column profile:DBProfile.DISK for Table:default
2019-10-17 07:09:22,695 [main] INFO  db.DBStoreBuilder (DBStoreBuilder.java:getDbProfile(205)) - Using default options. DBProfile.DISK
2019-10-17 07:09:22,847 [main] INFO  net.NodeSchemaLoader (NodeSchemaLoader.java:loadSchemaFromFile(125)) - Loading file from sun.misc.CompoundEnumeration@404ced67
2019-10-17 07:09:22,848 [main] INFO  net.NodeSchemaLoader (NodeSchemaLoader.java:loadSchema(171)) - Loading network topology layer schema file
2019-10-17 07:09:22,853 [main] INFO  node.SCMNodeManager (SCMNodeManager.java:<init>(116)) - Entering startup safe mode.
2019-10-17 07:09:22,854 [main] INFO  algorithms.ContainerPlacementPolicyFactory (ContainerPlacementPolicyFactory.java:getPolicy(57)) - Create container placement policy of type org.apache.hadoop.hdds.scm.container.placement.algorithms.SCMContainerPlacementRandom
2019-10-17 07:09:22,855 [main] WARN  server.ServerUtils (ServerUtils.java:getScmDbDir(145)) - ozone.scm.db.dirs is not configured. We recommend adding this setting. Falling back to ozone.metadata.dirs instead.
2019-10-17 07:09:22,903 [main] INFO  pipeline.SCMPipelineManager (SCMPipelineManager.java:initializePipelineState(132)) - No pipeline exists in current db
2019-10-17 07:09:22,903 [main] WARN  server.ServerUtils (ServerUtils.java:getScmDbDir(145)) - ozone.scm.db.dirs is not configured. We recommend adding this setting. Falling back to ozone.metadata.dirs instead.
2019-10-17 07:09:22,909 [java.util.concurrent.ThreadPoolExecutor$Worker@69a478bd[State = -1, empty queue]] WARN  server.GrpcLogAppender (GrpcLogAppender.java:timeoutAppendRequest(209)) - 394eec39-d6e2-43cf-8e2d-b90b0e560af2@group-B70B76163E41->d2e3ad14-fd5b-4837-8145-6439a9b5f9c0-GrpcLogAppender: appendEntries Timeout, request=394eec39-d6e2-43cf-8e2d-b90b0e560af2->d2e3ad14-fd5b-4837-8145-6439a9b5f9c0#143-t1, previous=(t:1, i:4), leaderCommit=4, initializing? false, entries: <empty>
2019-10-17 07:09:22,933 [main] WARN  events.EventQueue (EventQueue.java:fireEvent(183)) - No event handler registered for event TypedEvent{payloadType=SafeModeStatus, name='SafeModeStatus'}
2019-10-17 07:09:22,933 [main] INFO  ipc.CallQueueManager (CallQueueManager.java:<init>(84)) - Using callQueue: class java.util.concurrent.LinkedBlockingQueue, queueCapacity: 2000, scheduler: class org.apache.hadoop.ipc.DefaultRpcScheduler, ipcBackoff: false.
2019-10-17 07:09:22,934 [Socket Reader #1 for port 32805] INFO  ipc.Server (Server.java:run(1074)) - Starting Socket Reader #1 for port 32805
2019-10-17 07:09:22,937 [main] INFO  ipc.CallQueueManager (CallQueueManager.java:<init>(84)) - Using callQueue: class java.util.concurrent.LinkedBlockingQueue, queueCapacity: 2000, scheduler: class org.apache.hadoop.ipc.DefaultRpcScheduler, ipcBackoff: false.
2019-10-17 07:09:22,938 [Socket Reader #1 for port 39899] INFO  ipc.Server (Server.java:run(1074)) - Starting Socket Reader #1 for port 39899
2019-10-17 07:09:22,939 [main] INFO  ipc.CallQueueManager (CallQueueManager.java:<init>(84)) - Using callQueue: class java.util.concurrent.LinkedBlockingQueue, queueCapacity: 2000, scheduler: class org.apache.hadoop.ipc.DefaultRpcScheduler, ipcBackoff: false.
2019-10-17 07:09:22,940 [Socket Reader #1 for port 38622] INFO  ipc.Server (Server.java:run(1074)) - Starting Socket Reader #1 for port 38622
2019-10-17 07:09:22,943 [main] INFO  hdfs.DFSUtil (DFSUtil.java:httpServerTemplateForNNAndJN(1641)) - Starting Web-server for scm at: http://0.0.0.0:0
2019-10-17 07:09:22,945 [main] INFO  server.AuthenticationFilter (AuthenticationFilter.java:constructSecretProvider(240)) - Unable to initialize FileSignerSecretProvider, falling back to use random secrets.
2019-10-17 07:09:22,945 [main] WARN  http.HttpRequestLog (HttpRequestLog.java:getRequestLog(97)) - Jetty request log can only be enabled using Log4j
2019-10-17 07:09:22,947 [main] INFO  http.HttpServer2 (HttpServer2.java:addGlobalFilter(975)) - Added global filter 'safety' (class=org.apache.hadoop.http.HttpServer2$QuotingInputFilter)
2019-10-17 07:09:22,948 [main] INFO  http.HttpServer2 (HttpServer2.java:addFilter(948)) - Added filter static_user_filter (class=org.apache.hadoop.http.lib.StaticUserWebFilter$StaticUserFilter) to context scm
2019-10-17 07:09:22,948 [main] INFO  http.HttpServer2 (HttpServer2.java:addFilter(958)) - Added filter static_user_filter (class=org.apache.hadoop.http.lib.StaticUserWebFilter$StaticUserFilter) to context static
2019-10-17 07:09:22,948 [main] INFO  http.HttpServer2 (HttpServer2.java:addFilter(958)) - Added filter static_user_filter (class=org.apache.hadoop.http.lib.StaticUserWebFilter$StaticUserFilter) to context logs
2019-10-17 07:09:22,950 [main] INFO  server.StorageContainerManager (StorageContainerManager.java:start(772)) - StorageContainerLocationProtocol RPC server is listening at /0.0.0.0:38622
2019-10-17 07:09:22,953 [main] WARN  impl.MetricsConfig (MetricsConfig.java:loadFirst(134)) - Cannot locate configuration: tried hadoop-metrics2-storagecontainermanager.properties,hadoop-metrics2.properties
2019-10-17 07:09:22,953 [main] INFO  impl.MetricsSystemImpl (MetricsSystemImpl.java:startTimer(374)) - Scheduled Metric snapshot period at 10 second(s).
2019-10-17 07:09:22,954 [main] INFO  impl.MetricsSystemImpl (MetricsSystemImpl.java:start(191)) - StorageContainerManager metrics system started
2019-10-17 07:09:23,415 [java.util.concurrent.ThreadPoolExecutor$Worker@69a478bd[State = -1, empty queue]] WARN  server.GrpcLogAppender (GrpcLogAppender.java:timeoutAppendRequest(209)) - 394eec39-d6e2-43cf-8e2d-b90b0e560af2@group-B70B76163E41->d2e3ad14-fd5b-4837-8145-6439a9b5f9c0-GrpcLogAppender: appendEntries Timeout, request=394eec39-d6e2-43cf-8e2d-b90b0e560af2->d2e3ad14-fd5b-4837-8145-6439a9b5f9c0#144-t1, previous=(t:1, i:4), leaderCommit=4, initializing? false, entries: <empty>
2019-10-17 07:09:23,555 [main] WARN  impl.MetricsSystemImpl (MetricsSystemImpl.java:register(276)) - Sink prometheus already exists!
2019-10-17 07:09:23,651 [main] INFO  server.SCMClientProtocolServer (SCMClientProtocolServer.java:start(159)) - RPC server for Client  is listening at /0.0.0.0:38622
2019-10-17 07:09:23,652 [IPC Server Responder] INFO  ipc.Server (Server.java:run(1314)) - IPC Server Responder: starting
2019-10-17 07:09:23,652 [IPC Server listener on 38622] INFO  ipc.Server (Server.java:run(1153)) - IPC Server listener on 38622: starting
2019-10-17 07:09:23,657 [main] INFO  server.StorageContainerManager (StorageContainerManager.java:start(782)) - ScmBlockLocationProtocol RPC server is listening at /0.0.0.0:39899
2019-10-17 07:09:23,658 [main] INFO  server.SCMBlockProtocolServer (SCMBlockProtocolServer.java:start(146)) - RPC server for Block Protocol is listening at /0.0.0.0:39899
2019-10-17 07:09:23,658 [IPC Server Responder] INFO  ipc.Server (Server.java:run(1314)) - IPC Server Responder: starting
2019-10-17 07:09:23,658 [IPC Server listener on 39899] INFO  ipc.Server (Server.java:run(1153)) - IPC Server listener on 39899: starting
2019-10-17 07:09:23,663 [main] INFO  server.StorageContainerManager (StorageContainerManager.java:start(786)) - ScmDatanodeProtocl RPC server is listening at /0.0.0.0:32805
2019-10-17 07:09:23,663 [main] INFO  server.SCMDatanodeProtocolServer (SCMDatanodeProtocolServer.java:start(169)) - RPC server for DataNodes is listening at /0.0.0.0:32805
2019-10-17 07:09:23,664 [IPC Server Responder] INFO  ipc.Server (Server.java:run(1314)) - IPC Server Responder: starting
2019-10-17 07:09:23,664 [IPC Server listener on 32805] INFO  ipc.Server (Server.java:run(1153)) - IPC Server listener on 32805: starting
2019-10-17 07:09:23,669 [main] INFO  http.HttpServer2 (HttpServer2.java:bindListener(1191)) - Jetty bound to port 35598
2019-10-17 07:09:23,669 [main] INFO  server.Server (Server.java:doStart(351)) - jetty-9.3.25.v20180904, build timestamp: 2018-09-04T21:11:46Z, git hash: 3ce520221d0240229c862b122d2b06c12a625732
2019-10-17 07:09:23,671 [main] INFO  handler.ContextHandler (ContextHandler.java:doStart(781)) - Started o.e.j.s.ServletContextHandler@2017f6e6{/logs,file:///workdir/hadoop-ozone/integration-test/target/log,AVAILABLE}
2019-10-17 07:09:23,671 [main] INFO  handler.ContextHandler (ContextHandler.java:doStart(781)) - Started o.e.j.s.ServletContextHandler@79ca7bea{/static,file:///workdir/hadoop-ozone/integration-test/target/test-classes/webapps/static,AVAILABLE}
2019-10-17 07:09:23,675 [main] INFO  handler.ContextHandler (ContextHandler.java:doStart(781)) - Started o.e.j.w.WebAppContext@54ccb3{/,file:///workdir/hadoop-ozone/integration-test/target/test-classes/webapps/scm/,AVAILABLE}{/scm}
2019-10-17 07:09:23,675 [main] INFO  server.AbstractConnector (AbstractConnector.java:doStart(278)) - Started ServerConnector@9b2dc56{HTTP/1.1,[http/1.1]}{0.0.0.0:35598}
2019-10-17 07:09:23,676 [main] INFO  server.Server (Server.java:doStart(419)) - Started @262187ms
2019-10-17 07:09:23,676 [main] WARN  impl.MetricsSystemImpl (MetricsSystemImpl.java:register(276)) - Sink prometheus already exists!
2019-10-17 07:09:23,677 [main] INFO  server.BaseHttpServer (BaseHttpServer.java:updateConnectorAddress(215)) - HTTP server of SCM is listening at http://0.0.0.0:35598
2019-10-17 07:09:23,678 [main] WARN  server.ServerUtils (ServerUtils.java:getDBPath(222)) - ozone.om.db.dirs is not configured. We recommend adding this setting. Falling back to ozone.metadata.dirs instead.
2019-10-17 07:09:23,679 [org.apache.hadoop.util.JvmPauseMonitor$Monitor@7761e342] INFO  util.JvmPauseMonitor (JvmPauseMonitor.java:run(188)) - Starting JVM pause monitor
2019-10-17 07:09:23,692 [main] INFO  ha.OMHANodeDetails (OMHANodeDetails.java:loadOMHAConfig(190)) - Configuration either no ozone.om.address set. Falling back to the default OM address /127.0.0.1:0
2019-10-17 07:09:23,692 [main] INFO  ha.OMHANodeDetails (OMHANodeDetails.java:getOMNodeDetails(220)) - OM Service ID is not set. Setting it to the default ID: omServiceIdDefault
2019-10-17 07:09:23,692 [main] WARN  server.ServerUtils (ServerUtils.java:getDBPath(222)) - ozone.om.db.dirs is not configured. We recommend adding this setting. Falling back to ozone.metadata.dirs instead.
2019-10-17 07:09:23,693 [main] WARN  server.ServerUtils (ServerUtils.java:getDBPath(222)) - ozone.om.db.dirs is not configured. We recommend adding this setting. Falling back to ozone.metadata.dirs instead.
2019-10-17 07:09:23,699 [main] WARN  server.ServerUtils (ServerUtils.java:getDBPath(222)) - ozone.om.db.dirs is not configured. We recommend adding this setting. Falling back to ozone.metadata.dirs instead.
2019-10-17 07:09:23,699 [main] INFO  db.DBStoreBuilder (DBStoreBuilder.java:addTable(117)) - using custom profile for table: userTable
2019-10-17 07:09:23,699 [main] INFO  db.DBStoreBuilder (DBStoreBuilder.java:processTables(168)) - Using default column profile:DBProfile.DISK for Table:userTable
2019-10-17 07:09:23,699 [main] INFO  db.DBStoreBuilder (DBStoreBuilder.java:addTable(117)) - using custom profile for table: volumeTable
2019-10-17 07:09:23,700 [main] INFO  db.DBStoreBuilder (DBStoreBuilder.java:processTables(168)) - Using default column profile:DBProfile.DISK for Table:volumeTable
2019-10-17 07:09:23,700 [main] INFO  db.DBStoreBuilder (DBStoreBuilder.java:addTable(117)) - using custom profile for table: bucketTable
2019-10-17 07:09:23,700 [main] INFO  db.DBStoreBuilder (DBStoreBuilder.java:processTables(168)) - Using default column profile:DBProfile.DISK for Table:bucketTable
2019-10-17 07:09:23,700 [main] INFO  db.DBStoreBuilder (DBStoreBuilder.java:addTable(117)) - using custom profile for table: keyTable
2019-10-17 07:09:23,700 [main] INFO  db.DBStoreBuilder (DBStoreBuilder.java:processTables(168)) - Using default column profile:DBProfile.DISK for Table:keyTable
2019-10-17 07:09:23,700 [main] INFO  db.DBStoreBuilder (DBStoreBuilder.java:addTable(117)) - using custom profile for table: deletedTable
2019-10-17 07:09:23,700 [main] INFO  db.DBStoreBuilder (DBStoreBuilder.java:processTables(168)) - Using default column profile:DBProfile.DISK for Table:deletedTable
2019-10-17 07:09:23,701 [main] INFO  db.DBStoreBuilder (DBStoreBuilder.java:addTable(117)) - using custom profile for table: openKeyTable
2019-10-17 07:09:23,701 [main] INFO  db.DBStoreBuilder (DBStoreBuilder.java:processTables(168)) - Using default column profile:DBProfile.DISK for Table:openKeyTable
2019-10-17 07:09:23,701 [main] INFO  db.DBStoreBuilder (DBStoreBuilder.java:addTable(117)) - using custom profile for table: s3Table
2019-10-17 07:09:23,701 [main] INFO  db.DBStoreBuilder (DBStoreBuilder.java:processTables(168)) - Using default column profile:DBProfile.DISK for Table:s3Table
2019-10-17 07:09:23,701 [main] INFO  db.DBStoreBuilder (DBStoreBuilder.java:addTable(117)) - using custom profile for table: multipartInfoTable
2019-10-17 07:09:23,701 [main] INFO  db.DBStoreBuilder (DBStoreBuilder.java:processTables(168)) - Using default column profile:DBProfile.DISK for Table:multipartInfoTable
2019-10-17 07:09:23,701 [main] INFO  db.DBStoreBuilder (DBStoreBuilder.java:addTable(117)) - using custom profile for table: dTokenTable
2019-10-17 07:09:23,701 [main] INFO  db.DBStoreBuilder (DBStoreBuilder.java:processTables(168)) - Using default column profile:DBProfile.DISK for Table:dTokenTable
2019-10-17 07:09:23,702 [main] INFO  db.DBStoreBuilder (DBStoreBuilder.java:addTable(117)) - using custom profile for table: s3SecretTable
2019-10-17 07:09:23,702 [main] INFO  db.DBStoreBuilder (DBStoreBuilder.java:processTables(168)) - Using default column profile:DBProfile.DISK for Table:s3SecretTable
2019-10-17 07:09:23,702 [main] INFO  db.DBStoreBuilder (DBStoreBuilder.java:addTable(117)) - using custom profile for table: prefixTable
2019-10-17 07:09:23,702 [main] INFO  db.DBStoreBuilder (DBStoreBuilder.java:processTables(168)) - Using default column profile:DBProfile.DISK for Table:prefixTable
2019-10-17 07:09:23,702 [main] INFO  db.DBStoreBuilder (DBStoreBuilder.java:addTable(117)) - using custom profile for table: default
2019-10-17 07:09:23,702 [main] INFO  db.DBStoreBuilder (DBStoreBuilder.java:processTables(174)) - Using default column profile:DBProfile.DISK for Table:default
2019-10-17 07:09:23,702 [main] INFO  db.DBStoreBuilder (DBStoreBuilder.java:getDbProfile(205)) - Using default options. DBProfile.DISK
2019-10-17 07:09:23,910 [java.util.concurrent.ThreadPoolExecutor$Worker@69a478bd[State = -1, empty queue]] WARN  server.GrpcLogAppender (GrpcLogAppender.java:timeoutAppendRequest(209)) - 394eec39-d6e2-43cf-8e2d-b90b0e560af2@group-B70B76163E41->d2e3ad14-fd5b-4837-8145-6439a9b5f9c0-GrpcLogAppender: appendEntries Timeout, request=394eec39-d6e2-43cf-8e2d-b90b0e560af2->d2e3ad14-fd5b-4837-8145-6439a9b5f9c0#145-t1, previous=(t:1, i:4), leaderCommit=4, initializing? false, entries: <empty>
2019-10-17 07:09:24,082 [main] INFO  ipc.CallQueueManager (CallQueueManager.java:<init>(84)) - Using callQueue: class java.util.concurrent.LinkedBlockingQueue, queueCapacity: 2000, scheduler: class org.apache.hadoop.ipc.DefaultRpcScheduler, ipcBackoff: false.
2019-10-17 07:09:24,083 [Socket Reader #1 for port 33701] INFO  ipc.Server (Server.java:run(1074)) - Starting Socket Reader #1 for port 33701
2019-10-17 07:09:24,098 [main] INFO  om.OzoneManager (OzoneManager.java:start(1071)) - OzoneManager RPC server is listening at localhost/127.0.0.1:33701
2019-10-17 07:09:24,098 [main] INFO  impl.MetricsSystemImpl (MetricsSystemImpl.java:init(158)) - OzoneManager metrics system started (again)
2019-10-17 07:09:24,099 [IPC Server Responder] INFO  ipc.Server (Server.java:run(1314)) - IPC Server Responder: starting
2019-10-17 07:09:24,100 [IPC Server listener on 33701] INFO  ipc.Server (Server.java:run(1153)) - IPC Server listener on 33701: starting
2019-10-17 07:09:24,106 [main] INFO  hdfs.DFSUtil (DFSUtil.java:httpServerTemplateForNNAndJN(1641)) - Starting Web-server for ozoneManager at: http://0.0.0.0:0
2019-10-17 07:09:24,107 [main] INFO  server.AuthenticationFilter (AuthenticationFilter.java:constructSecretProvider(240)) - Unable to initialize FileSignerSecretProvider, falling back to use random secrets.
2019-10-17 07:09:24,108 [main] WARN  http.HttpRequestLog (HttpRequestLog.java:getRequestLog(97)) - Jetty request log can only be enabled using Log4j
2019-10-17 07:09:24,110 [main] INFO  http.HttpServer2 (HttpServer2.java:addGlobalFilter(975)) - Added global filter 'safety' (class=org.apache.hadoop.http.HttpServer2$QuotingInputFilter)
2019-10-17 07:09:24,110 [main] INFO  http.HttpServer2 (HttpServer2.java:addFilter(948)) - Added filter static_user_filter (class=org.apache.hadoop.http.lib.StaticUserWebFilter$StaticUserFilter) to context ozoneManager
2019-10-17 07:09:24,110 [main] INFO  http.HttpServer2 (HttpServer2.java:addFilter(958)) - Added filter static_user_filter (class=org.apache.hadoop.http.lib.StaticUserWebFilter$StaticUserFilter) to context static
2019-10-17 07:09:24,110 [main] INFO  http.HttpServer2 (HttpServer2.java:addFilter(958)) - Added filter static_user_filter (class=org.apache.hadoop.http.lib.StaticUserWebFilter$StaticUserFilter) to context logs
2019-10-17 07:09:24,111 [main] INFO  http.HttpServer2 (HttpServer2.java:bindListener(1191)) - Jetty bound to port 40113
2019-10-17 07:09:24,112 [main] INFO  server.Server (Server.java:doStart(351)) - jetty-9.3.25.v20180904, build timestamp: 2018-09-04T21:11:46Z, git hash: 3ce520221d0240229c862b122d2b06c12a625732
2019-10-17 07:09:24,113 [main] INFO  handler.ContextHandler (ContextHandler.java:doStart(781)) - Started o.e.j.s.ServletContextHandler@1be52861{/logs,file:///workdir/hadoop-ozone/integration-test/target/log,AVAILABLE}
2019-10-17 07:09:24,114 [main] INFO  handler.ContextHandler (ContextHandler.java:doStart(781)) - Started o.e.j.s.ServletContextHandler@615439f7{/static,file:///workdir/hadoop-ozone/integration-test/target/test-classes/webapps/static,AVAILABLE}
2019-10-17 07:09:24,118 [main] INFO  handler.ContextHandler (ContextHandler.java:doStart(781)) - Started o.e.j.w.WebAppContext@31881aa2{/,file:///workdir/hadoop-ozone/integration-test/target/test-classes/webapps/ozoneManager/,AVAILABLE}{/ozoneManager}
2019-10-17 07:09:24,118 [main] INFO  server.AbstractConnector (AbstractConnector.java:doStart(278)) - Started ServerConnector@1b46392c{HTTP/1.1,[http/1.1]}{0.0.0.0:40113}
2019-10-17 07:09:24,120 [main] INFO  server.Server (Server.java:doStart(419)) - Started @262630ms
2019-10-17 07:09:24,120 [main] WARN  impl.MetricsSystemImpl (MetricsSystemImpl.java:register(276)) - Sink prometheus already exists!
2019-10-17 07:09:24,121 [main] INFO  server.BaseHttpServer (BaseHttpServer.java:updateConnectorAddress(215)) - HTTP server of OZONEMANAGER is listening at http://0.0.0.0:40113
2019-10-17 07:09:24,141 [main] INFO  impl.MetricsSystemImpl (MetricsSystemImpl.java:init(158)) - HddsDatanode metrics system started (again)
2019-10-17 07:09:24,148 [main] INFO  ozone.HddsDatanodeService (HddsDatanodeService.java:start(184)) - HddsDatanodeService host:pr-hdds-2286-nkqct-1837310268 ip:192.168.157.211
2019-10-17 07:09:24,156 [main] INFO  volume.HddsVolume (HddsVolume.java:<init>(176)) - Creating Volume: /workdir/hadoop-ozone/integration-test/target/test-dir/MiniOzoneClusterImpl-e7c0418f-15c1-471d-99db-59e1afe04953/datanode-0/data/containers/hdds of  storage type : DISK and capacity : 1482555576320
2019-10-17 07:09:24,156 [main] INFO  volume.VolumeSet (VolumeSet.java:initializeVolumeSet(170)) - Added Volume : /workdir/hadoop-ozone/integration-test/target/test-dir/MiniOzoneClusterImpl-e7c0418f-15c1-471d-99db-59e1afe04953/datanode-0/data/containers/hdds to VolumeSet
2019-10-17 07:09:24,157 [main] INFO  volume.ThrottledAsyncChecker (ThrottledAsyncChecker.java:schedule(141)) - Scheduling a check for /workdir/hadoop-ozone/integration-test/target/test-dir/MiniOzoneClusterImpl-e7c0418f-15c1-471d-99db-59e1afe04953/datanode-0/data/containers/hdds
2019-10-17 07:09:24,157 [main] INFO  volume.HddsVolumeChecker (HddsVolumeChecker.java:checkAllVolumes(204)) - Scheduled health check for volume /workdir/hadoop-ozone/integration-test/target/test-dir/MiniOzoneClusterImpl-e7c0418f-15c1-471d-99db-59e1afe04953/datanode-0/data/containers/hdds
2019-10-17 07:09:24,172 [main] INFO  impl.RaftServerProxy (ConfUtils.java:logGet(43)) - raft.rpc.type = GRPC (default)
2019-10-17 07:09:24,172 [main] INFO  grpc.GrpcFactory (GrpcFactory.java:checkPooledByteBufAllocatorUseCacheForAllThreads(45)) - PERFORMANCE WARNING: useCacheForAllThreads is true that may cause Netty to create a lot garbage objects and, as a result, trigger GC.
	It is recommended to disable useCacheForAllThreads by setting -Dorg.apache.ratis.thirdparty.io.netty.allocator.useCacheForAllThreads=false in command line.
2019-10-17 07:09:24,172 [main] INFO  grpc.GrpcConfigKeys$Server (ConfUtils.java:logGet(43)) - raft.grpc.server.port = 0 (default)
2019-10-17 07:09:24,172 [main] INFO  server.GrpcService (ConfUtils.java:logGet(43)) - raft.grpc.message.size.max = 33570816 (custom)
2019-10-17 07:09:24,172 [main] INFO  server.RaftServerConfigKeys (ConfUtils.java:logGet(43)) - raft.server.log.appender.buffer.byte-limit = 33554432 (custom)
2019-10-17 07:09:24,173 [main] INFO  server.GrpcService (ConfUtils.java:logGet(43)) - raft.grpc.flow.control.window = 1MB (=1048576) (default)
2019-10-17 07:09:24,173 [main] INFO  server.RaftServerConfigKeys (ConfUtils.java:logGet(43)) - raft.server.rpc.request.timeout = 3000ms (default)
2019-10-17 07:09:24,173 [main] INFO  server.RaftServerConfigKeys (ConfUtils.java:logGet(43)) - raft.server.storage.dir = [/workdir/hadoop-ozone/integration-test/target/test-dir/MiniOzoneClusterImpl-e7c0418f-15c1-471d-99db-59e1afe04953/datanode-0/data/ratis] (custom)
2019-10-17 07:09:24,175 [main] INFO  hdfs.DFSUtil (DFSUtil.java:httpServerTemplateForNNAndJN(1641)) - Starting Web-server for hddsDatanode at: http://0.0.0.0:0
2019-10-17 07:09:24,176 [main] INFO  server.AuthenticationFilter (AuthenticationFilter.java:constructSecretProvider(240)) - Unable to initialize FileSignerSecretProvider, falling back to use random secrets.
2019-10-17 07:09:24,176 [main] WARN  http.HttpRequestLog (HttpRequestLog.java:getRequestLog(97)) - Jetty request log can only be enabled using Log4j
2019-10-17 07:09:24,178 [main] INFO  http.HttpServer2 (HttpServer2.java:addGlobalFilter(975)) - Added global filter 'safety' (class=org.apache.hadoop.http.HttpServer2$QuotingInputFilter)
2019-10-17 07:09:24,178 [main] INFO  http.HttpServer2 (HttpServer2.java:addFilter(948)) - Added filter static_user_filter (class=org.apache.hadoop.http.lib.StaticUserWebFilter$StaticUserFilter) to context hddsDatanode
2019-10-17 07:09:24,178 [main] INFO  http.HttpServer2 (HttpServer2.java:addFilter(958)) - Added filter static_user_filter (class=org.apache.hadoop.http.lib.StaticUserWebFilter$StaticUserFilter) to context static
2019-10-17 07:09:24,178 [main] INFO  http.HttpServer2 (HttpServer2.java:addFilter(958)) - Added filter static_user_filter (class=org.apache.hadoop.http.lib.StaticUserWebFilter$StaticUserFilter) to context logs
2019-10-17 07:09:24,179 [main] INFO  http.HttpServer2 (HttpServer2.java:bindListener(1191)) - Jetty bound to port 34957
2019-10-17 07:09:24,179 [main] INFO  server.Server (Server.java:doStart(351)) - jetty-9.3.25.v20180904, build timestamp: 2018-09-04T21:11:46Z, git hash: 3ce520221d0240229c862b122d2b06c12a625732
2019-10-17 07:09:24,181 [main] INFO  handler.ContextHandler (ContextHandler.java:doStart(781)) - Started o.e.j.s.ServletContextHandler@795b66d{/logs,file:///workdir/hadoop-ozone/integration-test/target/log,AVAILABLE}
2019-10-17 07:09:24,181 [main] INFO  handler.ContextHandler (ContextHandler.java:doStart(781)) - Started o.e.j.s.ServletContextHandler@1068176{/static,jar:file:/home/user/.m2/repository/org/apache/hadoop/hadoop-hdds-container-service/0.5.0-SNAPSHOT/hadoop-hdds-container-service-0.5.0-SNAPSHOT.jar!/webapps/static,AVAILABLE}
2019-10-17 07:09:24,213 [main] INFO  handler.ContextHandler (ContextHandler.java:doStart(781)) - Started o.e.j.w.WebAppContext@283ab206{/,file:///tmp/jetty-0.0.0.0-34957-hddsDatanode-_-any-8237064363334931857.dir/webapp/,AVAILABLE}{/hddsDatanode}
2019-10-17 07:09:24,214 [main] INFO  server.AbstractConnector (AbstractConnector.java:doStart(278)) - Started ServerConnector@35fa450f{HTTP/1.1,[http/1.1]}{0.0.0.0:34957}
2019-10-17 07:09:24,214 [main] INFO  server.Server (Server.java:doStart(419)) - Started @262724ms
2019-10-17 07:09:24,215 [main] WARN  impl.MetricsSystemImpl (MetricsSystemImpl.java:register(276)) - Sink prometheus already exists!
2019-10-17 07:09:24,216 [main] INFO  server.BaseHttpServer (BaseHttpServer.java:updateConnectorAddress(215)) - HTTP server of HDDSDATANODE is listening at http://0.0.0.0:34957
2019-10-17 07:09:24,217 [main] INFO  impl.MetricsSystemImpl (MetricsSystemImpl.java:init(158)) - HddsDatanode metrics system started (again)
2019-10-17 07:09:24,222 [main] INFO  ozone.HddsDatanodeService (HddsDatanodeService.java:start(184)) - HddsDatanodeService host:pr-hdds-2286-nkqct-1837310268 ip:192.168.157.211
2019-10-17 07:09:24,223 [org.apache.hadoop.util.JvmPauseMonitor$Monitor@48e1ba4b] INFO  util.JvmPauseMonitor (JvmPauseMonitor.java:run(188)) - Starting JVM pause monitor
2019-10-17 07:09:24,225 [Datanode State Machine Thread - 0] INFO  datanode.InitDatanodeState (InitDatanodeState.java:persistContainerDatanodeDetails(140)) - DatanodeDetails is persisted to /workdir/hadoop-ozone/integration-test/target/test-dir/MiniOzoneClusterImpl-e7c0418f-15c1-471d-99db-59e1afe04953/datanode-0/meta/datanode.id
2019-10-17 07:09:24,230 [main] INFO  volume.HddsVolume (HddsVolume.java:<init>(176)) - Creating Volume: /workdir/hadoop-ozone/integration-test/target/test-dir/MiniOzoneClusterImpl-e7c0418f-15c1-471d-99db-59e1afe04953/datanode-1/data/containers/hdds of  storage type : DISK and capacity : 1482555576320
2019-10-17 07:09:24,230 [main] INFO  volume.VolumeSet (VolumeSet.java:initializeVolumeSet(170)) - Added Volume : /workdir/hadoop-ozone/integration-test/target/test-dir/MiniOzoneClusterImpl-e7c0418f-15c1-471d-99db-59e1afe04953/datanode-1/data/containers/hdds to VolumeSet
2019-10-17 07:09:24,230 [main] INFO  volume.ThrottledAsyncChecker (ThrottledAsyncChecker.java:schedule(141)) - Scheduling a check for /workdir/hadoop-ozone/integration-test/target/test-dir/MiniOzoneClusterImpl-e7c0418f-15c1-471d-99db-59e1afe04953/datanode-1/data/containers/hdds
2019-10-17 07:09:24,231 [main] INFO  volume.HddsVolumeChecker (HddsVolumeChecker.java:checkAllVolumes(204)) - Scheduled health check for volume /workdir/hadoop-ozone/integration-test/target/test-dir/MiniOzoneClusterImpl-e7c0418f-15c1-471d-99db-59e1afe04953/datanode-1/data/containers/hdds
2019-10-17 07:09:24,242 [main] INFO  impl.RaftServerProxy (ConfUtils.java:logGet(43)) - raft.rpc.type = GRPC (default)
2019-10-17 07:09:24,243 [main] INFO  grpc.GrpcFactory (GrpcFactory.java:checkPooledByteBufAllocatorUseCacheForAllThreads(45)) - PERFORMANCE WARNING: useCacheForAllThreads is true that may cause Netty to create a lot garbage objects and, as a result, trigger GC.
	It is recommended to disable useCacheForAllThreads by setting -Dorg.apache.ratis.thirdparty.io.netty.allocator.useCacheForAllThreads=false in command line.
2019-10-17 07:09:24,243 [main] INFO  grpc.GrpcConfigKeys$Server (ConfUtils.java:logGet(43)) - raft.grpc.server.port = 0 (default)
2019-10-17 07:09:24,243 [main] INFO  server.GrpcService (ConfUtils.java:logGet(43)) - raft.grpc.message.size.max = 33570816 (custom)
2019-10-17 07:09:24,243 [main] INFO  server.RaftServerConfigKeys (ConfUtils.java:logGet(43)) - raft.server.log.appender.buffer.byte-limit = 33554432 (custom)
2019-10-17 07:09:24,243 [main] INFO  server.GrpcService (ConfUtils.java:logGet(43)) - raft.grpc.flow.control.window = 1MB (=1048576) (default)
2019-10-17 07:09:24,243 [main] INFO  server.RaftServerConfigKeys (ConfUtils.java:logGet(43)) - raft.server.rpc.request.timeout = 3000ms (default)
2019-10-17 07:09:24,244 [main] INFO  server.RaftServerConfigKeys (ConfUtils.java:logGet(43)) - raft.server.storage.dir = [/workdir/hadoop-ozone/integration-test/target/test-dir/MiniOzoneClusterImpl-e7c0418f-15c1-471d-99db-59e1afe04953/datanode-1/data/ratis] (custom)
2019-10-17 07:09:24,245 [main] INFO  hdfs.DFSUtil (DFSUtil.java:httpServerTemplateForNNAndJN(1641)) - Starting Web-server for hddsDatanode at: http://0.0.0.0:0
2019-10-17 07:09:24,246 [main] INFO  server.AuthenticationFilter (AuthenticationFilter.java:constructSecretProvider(240)) - Unable to initialize FileSignerSecretProvider, falling back to use random secrets.
2019-10-17 07:09:24,246 [main] WARN  http.HttpRequestLog (HttpRequestLog.java:getRequestLog(97)) - Jetty request log can only be enabled using Log4j
2019-10-17 07:09:24,247 [main] INFO  http.HttpServer2 (HttpServer2.java:addGlobalFilter(975)) - Added global filter 'safety' (class=org.apache.hadoop.http.HttpServer2$QuotingInputFilter)
2019-10-17 07:09:24,247 [main] INFO  http.HttpServer2 (HttpServer2.java:addFilter(948)) - Added filter static_user_filter (class=org.apache.hadoop.http.lib.StaticUserWebFilter$StaticUserFilter) to context hddsDatanode
2019-10-17 07:09:24,248 [main] INFO  http.HttpServer2 (HttpServer2.java:addFilter(958)) - Added filter static_user_filter (class=org.apache.hadoop.http.lib.StaticUserWebFilter$StaticUserFilter) to context logs
2019-10-17 07:09:24,248 [main] INFO  http.HttpServer2 (HttpServer2.java:addFilter(958)) - Added filter static_user_filter (class=org.apache.hadoop.http.lib.StaticUserWebFilter$StaticUserFilter) to context static
2019-10-17 07:09:24,248 [main] INFO  http.HttpServer2 (HttpServer2.java:bindListener(1191)) - Jetty bound to port 43042
2019-10-17 07:09:24,248 [main] INFO  server.Server (Server.java:doStart(351)) - jetty-9.3.25.v20180904, build timestamp: 2018-09-04T21:11:46Z, git hash: 3ce520221d0240229c862b122d2b06c12a625732
2019-10-17 07:09:24,250 [main] INFO  handler.ContextHandler (ContextHandler.java:doStart(781)) - Started o.e.j.s.ServletContextHandler@79ab97fd{/logs,file:///workdir/hadoop-ozone/integration-test/target/log,AVAILABLE}
2019-10-17 07:09:24,250 [main] INFO  handler.ContextHandler (ContextHandler.java:doStart(781)) - Started o.e.j.s.ServletContextHandler@5fe46d52{/static,jar:file:/home/user/.m2/repository/org/apache/hadoop/hadoop-hdds-container-service/0.5.0-SNAPSHOT/hadoop-hdds-container-service-0.5.0-SNAPSHOT.jar!/webapps/static,AVAILABLE}
2019-10-17 07:09:24,278 [main] INFO  handler.ContextHandler (ContextHandler.java:doStart(781)) - Started o.e.j.w.WebAppContext@5463f035{/,file:///tmp/jetty-0.0.0.0-43042-hddsDatanode-_-any-3191088001985089641.dir/webapp/,AVAILABLE}{/hddsDatanode}
2019-10-17 07:09:24,278 [main] INFO  server.AbstractConnector (AbstractConnector.java:doStart(278)) - Started ServerConnector@230232b0{HTTP/1.1,[http/1.1]}{0.0.0.0:43042}
2019-10-17 07:09:24,280 [main] INFO  server.Server (Server.java:doStart(419)) - Started @262791ms
2019-10-17 07:09:24,280 [main] WARN  impl.MetricsSystemImpl (MetricsSystemImpl.java:register(276)) - Sink prometheus already exists!
2019-10-17 07:09:24,281 [main] INFO  server.BaseHttpServer (BaseHttpServer.java:updateConnectorAddress(215)) - HTTP server of HDDSDATANODE is listening at http://0.0.0.0:43042
2019-10-17 07:09:24,281 [main] INFO  impl.MetricsSystemImpl (MetricsSystemImpl.java:init(158)) - HddsDatanode metrics system started (again)
2019-10-17 07:09:24,287 [main] INFO  ozone.HddsDatanodeService (HddsDatanodeService.java:start(184)) - HddsDatanodeService host:pr-hdds-2286-nkqct-1837310268 ip:192.168.157.211
2019-10-17 07:09:24,287 [org.apache.hadoop.util.JvmPauseMonitor$Monitor@360fc62] INFO  util.JvmPauseMonitor (JvmPauseMonitor.java:run(188)) - Starting JVM pause monitor
2019-10-17 07:09:24,288 [Datanode State Machine Thread - 0] INFO  datanode.InitDatanodeState (InitDatanodeState.java:persistContainerDatanodeDetails(140)) - DatanodeDetails is persisted to /workdir/hadoop-ozone/integration-test/target/test-dir/MiniOzoneClusterImpl-e7c0418f-15c1-471d-99db-59e1afe04953/datanode-1/meta/datanode.id
2019-10-17 07:09:24,293 [main] INFO  volume.HddsVolume (HddsVolume.java:<init>(176)) - Creating Volume: /workdir/hadoop-ozone/integration-test/target/test-dir/MiniOzoneClusterImpl-e7c0418f-15c1-471d-99db-59e1afe04953/datanode-2/data/containers/hdds of  storage type : DISK and capacity : 1482555576320
2019-10-17 07:09:24,294 [main] INFO  volume.VolumeSet (VolumeSet.java:initializeVolumeSet(170)) - Added Volume : /workdir/hadoop-ozone/integration-test/target/test-dir/MiniOzoneClusterImpl-e7c0418f-15c1-471d-99db-59e1afe04953/datanode-2/data/containers/hdds to VolumeSet
2019-10-17 07:09:24,294 [main] INFO  volume.ThrottledAsyncChecker (ThrottledAsyncChecker.java:schedule(141)) - Scheduling a check for /workdir/hadoop-ozone/integration-test/target/test-dir/MiniOzoneClusterImpl-e7c0418f-15c1-471d-99db-59e1afe04953/datanode-2/data/containers/hdds
2019-10-17 07:09:24,294 [main] INFO  volume.HddsVolumeChecker (HddsVolumeChecker.java:checkAllVolumes(204)) - Scheduled health check for volume /workdir/hadoop-ozone/integration-test/target/test-dir/MiniOzoneClusterImpl-e7c0418f-15c1-471d-99db-59e1afe04953/datanode-2/data/containers/hdds
2019-10-17 07:09:24,305 [main] INFO  impl.RaftServerProxy (ConfUtils.java:logGet(43)) - raft.rpc.type = GRPC (default)
2019-10-17 07:09:24,306 [main] INFO  grpc.GrpcFactory (GrpcFactory.java:checkPooledByteBufAllocatorUseCacheForAllThreads(45)) - PERFORMANCE WARNING: useCacheForAllThreads is true that may cause Netty to create a lot garbage objects and, as a result, trigger GC.
	It is recommended to disable useCacheForAllThreads by setting -Dorg.apache.ratis.thirdparty.io.netty.allocator.useCacheForAllThreads=false in command line.
2019-10-17 07:09:24,306 [main] INFO  grpc.GrpcConfigKeys$Server (ConfUtils.java:logGet(43)) - raft.grpc.server.port = 0 (default)
2019-10-17 07:09:24,306 [main] INFO  server.GrpcService (ConfUtils.java:logGet(43)) - raft.grpc.message.size.max = 33570816 (custom)
2019-10-17 07:09:24,306 [main] INFO  server.RaftServerConfigKeys (ConfUtils.java:logGet(43)) - raft.server.log.appender.buffer.byte-limit = 33554432 (custom)
2019-10-17 07:09:24,306 [main] INFO  server.GrpcService (ConfUtils.java:logGet(43)) - raft.grpc.flow.control.window = 1MB (=1048576) (default)
2019-10-17 07:09:24,306 [main] INFO  server.RaftServerConfigKeys (ConfUtils.java:logGet(43)) - raft.server.rpc.request.timeout = 3000ms (default)
2019-10-17 07:09:24,307 [main] INFO  server.RaftServerConfigKeys (ConfUtils.java:logGet(43)) - raft.server.storage.dir = [/workdir/hadoop-ozone/integration-test/target/test-dir/MiniOzoneClusterImpl-e7c0418f-15c1-471d-99db-59e1afe04953/datanode-2/data/ratis] (custom)
2019-10-17 07:09:24,308 [main] INFO  hdfs.DFSUtil (DFSUtil.java:httpServerTemplateForNNAndJN(1641)) - Starting Web-server for hddsDatanode at: http://0.0.0.0:0
2019-10-17 07:09:24,309 [main] INFO  server.AuthenticationFilter (AuthenticationFilter.java:constructSecretProvider(240)) - Unable to initialize FileSignerSecretProvider, falling back to use random secrets.
2019-10-17 07:09:24,309 [main] WARN  http.HttpRequestLog (HttpRequestLog.java:getRequestLog(97)) - Jetty request log can only be enabled using Log4j
2019-10-17 07:09:24,310 [main] INFO  http.HttpServer2 (HttpServer2.java:addGlobalFilter(975)) - Added global filter 'safety' (class=org.apache.hadoop.http.HttpServer2$QuotingInputFilter)
2019-10-17 07:09:24,310 [main] INFO  http.HttpServer2 (HttpServer2.java:addFilter(948)) - Added filter static_user_filter (class=org.apache.hadoop.http.lib.StaticUserWebFilter$StaticUserFilter) to context hddsDatanode
2019-10-17 07:09:24,311 [main] INFO  http.HttpServer2 (HttpServer2.java:addFilter(958)) - Added filter static_user_filter (class=org.apache.hadoop.http.lib.StaticUserWebFilter$StaticUserFilter) to context static
2019-10-17 07:09:24,311 [main] INFO  http.HttpServer2 (HttpServer2.java:addFilter(958)) - Added filter static_user_filter (class=org.apache.hadoop.http.lib.StaticUserWebFilter$StaticUserFilter) to context logs
2019-10-17 07:09:24,311 [main] INFO  http.HttpServer2 (HttpServer2.java:bindListener(1191)) - Jetty bound to port 45097
2019-10-17 07:09:24,311 [main] INFO  server.Server (Server.java:doStart(351)) - jetty-9.3.25.v20180904, build timestamp: 2018-09-04T21:11:46Z, git hash: 3ce520221d0240229c862b122d2b06c12a625732
2019-10-17 07:09:24,313 [main] INFO  handler.ContextHandler (ContextHandler.java:doStart(781)) - Started o.e.j.s.ServletContextHandler@76ac68b0{/logs,file:///workdir/hadoop-ozone/integration-test/target/log,AVAILABLE}
2019-10-17 07:09:24,313 [main] INFO  handler.ContextHandler (ContextHandler.java:doStart(781)) - Started o.e.j.s.ServletContextHandler@63917fe1{/static,jar:file:/home/user/.m2/repository/org/apache/hadoop/hadoop-hdds-container-service/0.5.0-SNAPSHOT/hadoop-hdds-container-service-0.5.0-SNAPSHOT.jar!/webapps/static,AVAILABLE}
2019-10-17 07:09:24,341 [main] INFO  handler.ContextHandler (ContextHandler.java:doStart(781)) - Started o.e.j.w.WebAppContext@10e9a5fe{/,file:///tmp/jetty-0.0.0.0-45097-hddsDatanode-_-any-8069149408631563698.dir/webapp/,AVAILABLE}{/hddsDatanode}
2019-10-17 07:09:24,342 [main] INFO  server.AbstractConnector (AbstractConnector.java:doStart(278)) - Started ServerConnector@259287ac{HTTP/1.1,[http/1.1]}{0.0.0.0:45097}
2019-10-17 07:09:24,343 [main] INFO  server.Server (Server.java:doStart(419)) - Started @262852ms
2019-10-17 07:09:24,343 [main] WARN  impl.MetricsSystemImpl (MetricsSystemImpl.java:register(276)) - Sink prometheus already exists!
2019-10-17 07:09:24,344 [main] INFO  server.BaseHttpServer (BaseHttpServer.java:updateConnectorAddress(215)) - HTTP server of HDDSDATANODE is listening at http://0.0.0.0:45097
2019-10-17 07:09:24,344 [main] INFO  impl.MetricsSystemImpl (MetricsSystemImpl.java:init(158)) - HddsDatanode metrics system started (again)
2019-10-17 07:09:24,350 [main] INFO  ozone.HddsDatanodeService (HddsDatanodeService.java:start(184)) - HddsDatanodeService host:pr-hdds-2286-nkqct-1837310268 ip:192.168.157.211
2019-10-17 07:09:24,351 [org.apache.hadoop.util.JvmPauseMonitor$Monitor@1001445a] INFO  util.JvmPauseMonitor (JvmPauseMonitor.java:run(188)) - Starting JVM pause monitor
2019-10-17 07:09:24,351 [Datanode State Machine Thread - 0] INFO  datanode.InitDatanodeState (InitDatanodeState.java:persistContainerDatanodeDetails(140)) - DatanodeDetails is persisted to /workdir/hadoop-ozone/integration-test/target/test-dir/MiniOzoneClusterImpl-e7c0418f-15c1-471d-99db-59e1afe04953/datanode-2/meta/datanode.id
2019-10-17 07:09:24,357 [main] INFO  volume.HddsVolume (HddsVolume.java:<init>(176)) - Creating Volume: /workdir/hadoop-ozone/integration-test/target/test-dir/MiniOzoneClusterImpl-e7c0418f-15c1-471d-99db-59e1afe04953/datanode-3/data/containers/hdds of  storage type : DISK and capacity : 1482555576320
2019-10-17 07:09:24,358 [main] INFO  volume.VolumeSet (VolumeSet.java:initializeVolumeSet(170)) - Added Volume : /workdir/hadoop-ozone/integration-test/target/test-dir/MiniOzoneClusterImpl-e7c0418f-15c1-471d-99db-59e1afe04953/datanode-3/data/containers/hdds to VolumeSet
2019-10-17 07:09:24,358 [main] INFO  volume.ThrottledAsyncChecker (ThrottledAsyncChecker.java:schedule(141)) - Scheduling a check for /workdir/hadoop-ozone/integration-test/target/test-dir/MiniOzoneClusterImpl-e7c0418f-15c1-471d-99db-59e1afe04953/datanode-3/data/containers/hdds
2019-10-17 07:09:24,358 [main] INFO  volume.HddsVolumeChecker (HddsVolumeChecker.java:checkAllVolumes(204)) - Scheduled health check for volume /workdir/hadoop-ozone/integration-test/target/test-dir/MiniOzoneClusterImpl-e7c0418f-15c1-471d-99db-59e1afe04953/datanode-3/data/containers/hdds
2019-10-17 07:09:24,370 [main] INFO  impl.RaftServerProxy (ConfUtils.java:logGet(43)) - raft.rpc.type = GRPC (default)
2019-10-17 07:09:24,370 [main] INFO  grpc.GrpcFactory (GrpcFactory.java:checkPooledByteBufAllocatorUseCacheForAllThreads(45)) - PERFORMANCE WARNING: useCacheForAllThreads is true that may cause Netty to create a lot garbage objects and, as a result, trigger GC.
	It is recommended to disable useCacheForAllThreads by setting -Dorg.apache.ratis.thirdparty.io.netty.allocator.useCacheForAllThreads=false in command line.
2019-10-17 07:09:24,371 [main] INFO  grpc.GrpcConfigKeys$Server (ConfUtils.java:logGet(43)) - raft.grpc.server.port = 0 (default)
2019-10-17 07:09:24,371 [main] INFO  server.GrpcService (ConfUtils.java:logGet(43)) - raft.grpc.message.size.max = 33570816 (custom)
2019-10-17 07:09:24,371 [main] INFO  server.RaftServerConfigKeys (ConfUtils.java:logGet(43)) - raft.server.log.appender.buffer.byte-limit = 33554432 (custom)
2019-10-17 07:09:24,371 [main] INFO  server.GrpcService (ConfUtils.java:logGet(43)) - raft.grpc.flow.control.window = 1MB (=1048576) (default)
2019-10-17 07:09:24,371 [main] INFO  server.RaftServerConfigKeys (ConfUtils.java:logGet(43)) - raft.server.rpc.request.timeout = 3000ms (default)
2019-10-17 07:09:24,371 [main] INFO  server.RaftServerConfigKeys (ConfUtils.java:logGet(43)) - raft.server.storage.dir = [/workdir/hadoop-ozone/integration-test/target/test-dir/MiniOzoneClusterImpl-e7c0418f-15c1-471d-99db-59e1afe04953/datanode-3/data/ratis] (custom)
2019-10-17 07:09:24,372 [main] INFO  hdfs.DFSUtil (DFSUtil.java:httpServerTemplateForNNAndJN(1641)) - Starting Web-server for hddsDatanode at: http://0.0.0.0:0
2019-10-17 07:09:24,373 [main] INFO  server.AuthenticationFilter (AuthenticationFilter.java:constructSecretProvider(240)) - Unable to initialize FileSignerSecretProvider, falling back to use random secrets.
2019-10-17 07:09:24,374 [main] WARN  http.HttpRequestLog (HttpRequestLog.java:getRequestLog(97)) - Jetty request log can only be enabled using Log4j
2019-10-17 07:09:24,375 [main] INFO  http.HttpServer2 (HttpServer2.java:addGlobalFilter(975)) - Added global filter 'safety' (class=org.apache.hadoop.http.HttpServer2$QuotingInputFilter)
2019-10-17 07:09:24,375 [main] INFO  http.HttpServer2 (HttpServer2.java:addFilter(948)) - Added filter static_user_filter (class=org.apache.hadoop.http.lib.StaticUserWebFilter$StaticUserFilter) to context hddsDatanode
2019-10-17 07:09:24,375 [main] INFO  http.HttpServer2 (HttpServer2.java:addFilter(958)) - Added filter static_user_filter (class=org.apache.hadoop.http.lib.StaticUserWebFilter$StaticUserFilter) to context static
2019-10-17 07:09:24,375 [main] INFO  http.HttpServer2 (HttpServer2.java:addFilter(958)) - Added filter static_user_filter (class=org.apache.hadoop.http.lib.StaticUserWebFilter$StaticUserFilter) to context logs
2019-10-17 07:09:24,376 [main] INFO  http.HttpServer2 (HttpServer2.java:bindListener(1191)) - Jetty bound to port 37811
2019-10-17 07:09:24,376 [main] INFO  server.Server (Server.java:doStart(351)) - jetty-9.3.25.v20180904, build timestamp: 2018-09-04T21:11:46Z, git hash: 3ce520221d0240229c862b122d2b06c12a625732
2019-10-17 07:09:24,377 [main] INFO  handler.ContextHandler (ContextHandler.java:doStart(781)) - Started o.e.j.s.ServletContextHandler@25699aa7{/logs,file:///workdir/hadoop-ozone/integration-test/target/log,AVAILABLE}
2019-10-17 07:09:24,378 [main] INFO  handler.ContextHandler (ContextHandler.java:doStart(781)) - Started o.e.j.s.ServletContextHandler@15369d73{/static,jar:file:/home/user/.m2/repository/org/apache/hadoop/hadoop-hdds-container-service/0.5.0-SNAPSHOT/hadoop-hdds-container-service-0.5.0-SNAPSHOT.jar!/webapps/static,AVAILABLE}
2019-10-17 07:09:24,406 [main] INFO  handler.ContextHandler (ContextHandler.java:doStart(781)) - Started o.e.j.w.WebAppContext@1894fa9f{/,file:///tmp/jetty-0.0.0.0-37811-hddsDatanode-_-any-5830748704016975076.dir/webapp/,AVAILABLE}{/hddsDatanode}
2019-10-17 07:09:24,407 [main] INFO  server.AbstractConnector (AbstractConnector.java:doStart(278)) - Started ServerConnector@1144a02b{HTTP/1.1,[http/1.1]}{0.0.0.0:37811}
2019-10-17 07:09:24,409 [main] INFO  server.Server (Server.java:doStart(419)) - Started @262919ms
2019-10-17 07:09:24,409 [main] WARN  impl.MetricsSystemImpl (MetricsSystemImpl.java:register(276)) - Sink prometheus already exists!
2019-10-17 07:09:24,410 [main] INFO  server.BaseHttpServer (BaseHttpServer.java:updateConnectorAddress(215)) - HTTP server of HDDSDATANODE is listening at http://0.0.0.0:37811
2019-10-17 07:09:24,410 [main] INFO  impl.MetricsSystemImpl (MetricsSystemImpl.java:init(158)) - HddsDatanode metrics system started (again)
2019-10-17 07:09:24,411 [java.util.concurrent.ThreadPoolExecutor$Worker@69a478bd[State = -1, empty queue]] WARN  server.GrpcLogAppender (GrpcLogAppender.java:timeoutAppendRequest(209)) - 394eec39-d6e2-43cf-8e2d-b90b0e560af2@group-B70B76163E41->d2e3ad14-fd5b-4837-8145-6439a9b5f9c0-GrpcLogAppender: appendEntries Timeout, request=394eec39-d6e2-43cf-8e2d-b90b0e560af2->d2e3ad14-fd5b-4837-8145-6439a9b5f9c0#146-t1, previous=(t:1, i:4), leaderCommit=4, initializing? false, entries: <empty>
2019-10-17 07:09:24,416 [main] INFO  ozone.HddsDatanodeService (HddsDatanodeService.java:start(184)) - HddsDatanodeService host:pr-hdds-2286-nkqct-1837310268 ip:192.168.157.211
2019-10-17 07:09:24,417 [org.apache.hadoop.util.JvmPauseMonitor$Monitor@625258f0] INFO  util.JvmPauseMonitor (JvmPauseMonitor.java:run(188)) - Starting JVM pause monitor
2019-10-17 07:09:24,417 [Datanode State Machine Thread - 0] INFO  datanode.InitDatanodeState (InitDatanodeState.java:persistContainerDatanodeDetails(140)) - DatanodeDetails is persisted to /workdir/hadoop-ozone/integration-test/target/test-dir/MiniOzoneClusterImpl-e7c0418f-15c1-471d-99db-59e1afe04953/datanode-3/meta/datanode.id
2019-10-17 07:09:24,423 [main] INFO  volume.HddsVolume (HddsVolume.java:<init>(176)) - Creating Volume: /workdir/hadoop-ozone/integration-test/target/test-dir/MiniOzoneClusterImpl-e7c0418f-15c1-471d-99db-59e1afe04953/datanode-4/data/containers/hdds of  storage type : DISK and capacity : 1482555576320
2019-10-17 07:09:24,424 [main] INFO  volume.VolumeSet (VolumeSet.java:initializeVolumeSet(170)) - Added Volume : /workdir/hadoop-ozone/integration-test/target/test-dir/MiniOzoneClusterImpl-e7c0418f-15c1-471d-99db-59e1afe04953/datanode-4/data/containers/hdds to VolumeSet
2019-10-17 07:09:24,424 [main] INFO  volume.ThrottledAsyncChecker (ThrottledAsyncChecker.java:schedule(141)) - Scheduling a check for /workdir/hadoop-ozone/integration-test/target/test-dir/MiniOzoneClusterImpl-e7c0418f-15c1-471d-99db-59e1afe04953/datanode-4/data/containers/hdds
2019-10-17 07:09:24,424 [main] INFO  volume.HddsVolumeChecker (HddsVolumeChecker.java:checkAllVolumes(204)) - Scheduled health check for volume /workdir/hadoop-ozone/integration-test/target/test-dir/MiniOzoneClusterImpl-e7c0418f-15c1-471d-99db-59e1afe04953/datanode-4/data/containers/hdds
2019-10-17 07:09:24,436 [main] INFO  impl.RaftServerProxy (ConfUtils.java:logGet(43)) - raft.rpc.type = GRPC (default)
2019-10-17 07:09:24,437 [main] INFO  grpc.GrpcFactory (GrpcFactory.java:checkPooledByteBufAllocatorUseCacheForAllThreads(45)) - PERFORMANCE WARNING: useCacheForAllThreads is true that may cause Netty to create a lot garbage objects and, as a result, trigger GC.
	It is recommended to disable useCacheForAllThreads by setting -Dorg.apache.ratis.thirdparty.io.netty.allocator.useCacheForAllThreads=false in command line.
2019-10-17 07:09:24,437 [main] INFO  grpc.GrpcConfigKeys$Server (ConfUtils.java:logGet(43)) - raft.grpc.server.port = 0 (default)
2019-10-17 07:09:24,437 [main] INFO  server.GrpcService (ConfUtils.java:logGet(43)) - raft.grpc.message.size.max = 33570816 (custom)
2019-10-17 07:09:24,437 [main] INFO  server.RaftServerConfigKeys (ConfUtils.java:logGet(43)) - raft.server.log.appender.buffer.byte-limit = 33554432 (custom)
2019-10-17 07:09:24,437 [main] INFO  server.GrpcService (ConfUtils.java:logGet(43)) - raft.grpc.flow.control.window = 1MB (=1048576) (default)
2019-10-17 07:09:24,437 [main] INFO  server.RaftServerConfigKeys (ConfUtils.java:logGet(43)) - raft.server.rpc.request.timeout = 3000ms (default)
2019-10-17 07:09:24,438 [main] INFO  server.RaftServerConfigKeys (ConfUtils.java:logGet(43)) - raft.server.storage.dir = [/workdir/hadoop-ozone/integration-test/target/test-dir/MiniOzoneClusterImpl-e7c0418f-15c1-471d-99db-59e1afe04953/datanode-4/data/ratis] (custom)
2019-10-17 07:09:24,439 [main] INFO  hdfs.DFSUtil (DFSUtil.java:httpServerTemplateForNNAndJN(1641)) - Starting Web-server for hddsDatanode at: http://0.0.0.0:0
2019-10-17 07:09:24,440 [main] INFO  server.AuthenticationFilter (AuthenticationFilter.java:constructSecretProvider(240)) - Unable to initialize FileSignerSecretProvider, falling back to use random secrets.
2019-10-17 07:09:24,440 [main] WARN  http.HttpRequestLog (HttpRequestLog.java:getRequestLog(97)) - Jetty request log can only be enabled using Log4j
2019-10-17 07:09:24,441 [main] INFO  http.HttpServer2 (HttpServer2.java:addGlobalFilter(975)) - Added global filter 'safety' (class=org.apache.hadoop.http.HttpServer2$QuotingInputFilter)
2019-10-17 07:09:24,441 [main] INFO  http.HttpServer2 (HttpServer2.java:addFilter(948)) - Added filter static_user_filter (class=org.apache.hadoop.http.lib.StaticUserWebFilter$StaticUserFilter) to context hddsDatanode
2019-10-17 07:09:24,441 [main] INFO  http.HttpServer2 (HttpServer2.java:addFilter(958)) - Added filter static_user_filter (class=org.apache.hadoop.http.lib.StaticUserWebFilter$StaticUserFilter) to context static
2019-10-17 07:09:24,442 [main] INFO  http.HttpServer2 (HttpServer2.java:addFilter(958)) - Added filter static_user_filter (class=org.apache.hadoop.http.lib.StaticUserWebFilter$StaticUserFilter) to context logs
2019-10-17 07:09:24,442 [main] INFO  http.HttpServer2 (HttpServer2.java:bindListener(1191)) - Jetty bound to port 34924
2019-10-17 07:09:24,442 [main] INFO  server.Server (Server.java:doStart(351)) - jetty-9.3.25.v20180904, build timestamp: 2018-09-04T21:11:46Z, git hash: 3ce520221d0240229c862b122d2b06c12a625732
2019-10-17 07:09:24,444 [main] INFO  handler.ContextHandler (ContextHandler.java:doStart(781)) - Started o.e.j.s.ServletContextHandler@25c1f5ee{/logs,file:///workdir/hadoop-ozone/integration-test/target/log,AVAILABLE}
2019-10-17 07:09:24,444 [main] INFO  handler.ContextHandler (ContextHandler.java:doStart(781)) - Started o.e.j.s.ServletContextHandler@7bf018dd{/static,jar:file:/home/user/.m2/repository/org/apache/hadoop/hadoop-hdds-container-service/0.5.0-SNAPSHOT/hadoop-hdds-container-service-0.5.0-SNAPSHOT.jar!/webapps/static,AVAILABLE}
2019-10-17 07:09:24,472 [main] INFO  handler.ContextHandler (ContextHandler.java:doStart(781)) - Started o.e.j.w.WebAppContext@2dd0a0d0{/,file:///tmp/jetty-0.0.0.0-34924-hddsDatanode-_-any-1088767871353426093.dir/webapp/,AVAILABLE}{/hddsDatanode}
2019-10-17 07:09:24,472 [main] INFO  server.AbstractConnector (AbstractConnector.java:doStart(278)) - Started ServerConnector@6bf570c{HTTP/1.1,[http/1.1]}{0.0.0.0:34924}
2019-10-17 07:09:24,472 [main] INFO  server.Server (Server.java:doStart(419)) - Started @262983ms
2019-10-17 07:09:24,474 [main] WARN  impl.MetricsSystemImpl (MetricsSystemImpl.java:register(276)) - Sink prometheus already exists!
2019-10-17 07:09:24,475 [main] INFO  server.BaseHttpServer (BaseHttpServer.java:updateConnectorAddress(215)) - HTTP server of HDDSDATANODE is listening at http://0.0.0.0:34924
2019-10-17 07:09:24,475 [main] INFO  impl.MetricsSystemImpl (MetricsSystemImpl.java:init(158)) - HddsDatanode metrics system started (again)
2019-10-17 07:09:24,482 [main] INFO  ozone.HddsDatanodeService (HddsDatanodeService.java:start(184)) - HddsDatanodeService host:pr-hdds-2286-nkqct-1837310268 ip:192.168.157.211
2019-10-17 07:09:24,483 [org.apache.hadoop.util.JvmPauseMonitor$Monitor@5e76f7fa] INFO  util.JvmPauseMonitor (JvmPauseMonitor.java:run(188)) - Starting JVM pause monitor
2019-10-17 07:09:24,484 [Datanode State Machine Thread - 0] INFO  datanode.InitDatanodeState (InitDatanodeState.java:persistContainerDatanodeDetails(140)) - DatanodeDetails is persisted to /workdir/hadoop-ozone/integration-test/target/test-dir/MiniOzoneClusterImpl-e7c0418f-15c1-471d-99db-59e1afe04953/datanode-4/meta/datanode.id
2019-10-17 07:09:24,490 [main] INFO  volume.HddsVolume (HddsVolume.java:<init>(176)) - Creating Volume: /workdir/hadoop-ozone/integration-test/target/test-dir/MiniOzoneClusterImpl-e7c0418f-15c1-471d-99db-59e1afe04953/datanode-5/data/containers/hdds of  storage type : DISK and capacity : 1482555576320
2019-10-17 07:09:24,490 [main] INFO  volume.VolumeSet (VolumeSet.java:initializeVolumeSet(170)) - Added Volume : /workdir/hadoop-ozone/integration-test/target/test-dir/MiniOzoneClusterImpl-e7c0418f-15c1-471d-99db-59e1afe04953/datanode-5/data/containers/hdds to VolumeSet
2019-10-17 07:09:24,490 [main] INFO  volume.ThrottledAsyncChecker (ThrottledAsyncChecker.java:schedule(141)) - Scheduling a check for /workdir/hadoop-ozone/integration-test/target/test-dir/MiniOzoneClusterImpl-e7c0418f-15c1-471d-99db-59e1afe04953/datanode-5/data/containers/hdds
2019-10-17 07:09:24,490 [main] INFO  volume.HddsVolumeChecker (HddsVolumeChecker.java:checkAllVolumes(204)) - Scheduled health check for volume /workdir/hadoop-ozone/integration-test/target/test-dir/MiniOzoneClusterImpl-e7c0418f-15c1-471d-99db-59e1afe04953/datanode-5/data/containers/hdds
2019-10-17 07:09:24,514 [main] INFO  impl.RaftServerProxy (ConfUtils.java:logGet(43)) - raft.rpc.type = GRPC (default)
2019-10-17 07:09:24,514 [main] INFO  grpc.GrpcFactory (GrpcFactory.java:checkPooledByteBufAllocatorUseCacheForAllThreads(45)) - PERFORMANCE WARNING: useCacheForAllThreads is true that may cause Netty to create a lot garbage objects and, as a result, trigger GC.
	It is recommended to disable useCacheForAllThreads by setting -Dorg.apache.ratis.thirdparty.io.netty.allocator.useCacheForAllThreads=false in command line.
2019-10-17 07:09:24,514 [main] INFO  grpc.GrpcConfigKeys$Server (ConfUtils.java:logGet(43)) - raft.grpc.server.port = 0 (default)
2019-10-17 07:09:24,514 [main] INFO  server.GrpcService (ConfUtils.java:logGet(43)) - raft.grpc.message.size.max = 33570816 (custom)
2019-10-17 07:09:24,515 [main] INFO  server.RaftServerConfigKeys (ConfUtils.java:logGet(43)) - raft.server.log.appender.buffer.byte-limit = 33554432 (custom)
2019-10-17 07:09:24,515 [main] INFO  server.GrpcService (ConfUtils.java:logGet(43)) - raft.grpc.flow.control.window = 1MB (=1048576) (default)
2019-10-17 07:09:24,515 [main] INFO  server.RaftServerConfigKeys (ConfUtils.java:logGet(43)) - raft.server.rpc.request.timeout = 3000ms (default)
2019-10-17 07:09:24,515 [main] INFO  server.RaftServerConfigKeys (ConfUtils.java:logGet(43)) - raft.server.storage.dir = [/workdir/hadoop-ozone/integration-test/target/test-dir/MiniOzoneClusterImpl-e7c0418f-15c1-471d-99db-59e1afe04953/datanode-5/data/ratis] (custom)
2019-10-17 07:09:24,517 [main] INFO  hdfs.DFSUtil (DFSUtil.java:httpServerTemplateForNNAndJN(1641)) - Starting Web-server for hddsDatanode at: http://0.0.0.0:0
2019-10-17 07:09:24,518 [main] INFO  server.AuthenticationFilter (AuthenticationFilter.java:constructSecretProvider(240)) - Unable to initialize FileSignerSecretProvider, falling back to use random secrets.
2019-10-17 07:09:24,518 [main] WARN  http.HttpRequestLog (HttpRequestLog.java:getRequestLog(97)) - Jetty request log can only be enabled using Log4j
2019-10-17 07:09:24,519 [main] INFO  http.HttpServer2 (HttpServer2.java:addGlobalFilter(975)) - Added global filter 'safety' (class=org.apache.hadoop.http.HttpServer2$QuotingInputFilter)
2019-10-17 07:09:24,520 [main] INFO  http.HttpServer2 (HttpServer2.java:addFilter(948)) - Added filter static_user_filter (class=org.apache.hadoop.http.lib.StaticUserWebFilter$StaticUserFilter) to context hddsDatanode
2019-10-17 07:09:24,520 [main] INFO  http.HttpServer2 (HttpServer2.java:addFilter(958)) - Added filter static_user_filter (class=org.apache.hadoop.http.lib.StaticUserWebFilter$StaticUserFilter) to context logs
2019-10-17 07:09:24,520 [main] INFO  http.HttpServer2 (HttpServer2.java:addFilter(958)) - Added filter static_user_filter (class=org.apache.hadoop.http.lib.StaticUserWebFilter$StaticUserFilter) to context static
2019-10-17 07:09:24,520 [main] INFO  http.HttpServer2 (HttpServer2.java:bindListener(1191)) - Jetty bound to port 39561
2019-10-17 07:09:24,521 [main] INFO  server.Server (Server.java:doStart(351)) - jetty-9.3.25.v20180904, build timestamp: 2018-09-04T21:11:46Z, git hash: 3ce520221d0240229c862b122d2b06c12a625732
2019-10-17 07:09:24,522 [main] INFO  handler.ContextHandler (ContextHandler.java:doStart(781)) - Started o.e.j.s.ServletContextHandler@7d66a126{/logs,file:///workdir/hadoop-ozone/integration-test/target/log,AVAILABLE}
2019-10-17 07:09:24,522 [main] INFO  handler.ContextHandler (ContextHandler.java:doStart(781)) - Started o.e.j.s.ServletContextHandler@2fdf22f7{/static,jar:file:/home/user/.m2/repository/org/apache/hadoop/hadoop-hdds-container-service/0.5.0-SNAPSHOT/hadoop-hdds-container-service-0.5.0-SNAPSHOT.jar!/webapps/static,AVAILABLE}
2019-10-17 07:09:24,550 [main] INFO  handler.ContextHandler (ContextHandler.java:doStart(781)) - Started o.e.j.w.WebAppContext@6615237{/,file:///tmp/jetty-0.0.0.0-39561-hddsDatanode-_-any-7184757244118691906.dir/webapp/,AVAILABLE}{/hddsDatanode}
2019-10-17 07:09:24,551 [main] INFO  server.AbstractConnector (AbstractConnector.java:doStart(278)) - Started ServerConnector@eaf8427{HTTP/1.1,[http/1.1]}{0.0.0.0:39561}
2019-10-17 07:09:24,551 [main] INFO  server.Server (Server.java:doStart(419)) - Started @263061ms
2019-10-17 07:09:24,553 [main] WARN  impl.MetricsSystemImpl (MetricsSystemImpl.java:register(276)) - Sink prometheus already exists!
2019-10-17 07:09:24,553 [main] INFO  server.BaseHttpServer (BaseHttpServer.java:updateConnectorAddress(215)) - HTTP server of HDDSDATANODE is listening at http://0.0.0.0:39561
2019-10-17 07:09:24,554 [main] INFO  impl.MetricsSystemImpl (MetricsSystemImpl.java:init(158)) - HddsDatanode metrics system started (again)
2019-10-17 07:09:24,562 [org.apache.hadoop.util.JvmPauseMonitor$Monitor@1d4f27b1] INFO  util.JvmPauseMonitor (JvmPauseMonitor.java:run(188)) - Starting JVM pause monitor
2019-10-17 07:09:24,562 [main] INFO  ozone.HddsDatanodeService (HddsDatanodeService.java:start(184)) - HddsDatanodeService host:pr-hdds-2286-nkqct-1837310268 ip:192.168.157.211
2019-10-17 07:09:24,563 [Datanode State Machine Thread - 0] INFO  datanode.InitDatanodeState (InitDatanodeState.java:persistContainerDatanodeDetails(140)) - DatanodeDetails is persisted to /workdir/hadoop-ozone/integration-test/target/test-dir/MiniOzoneClusterImpl-e7c0418f-15c1-471d-99db-59e1afe04953/datanode-5/meta/datanode.id
2019-10-17 07:09:24,570 [main] INFO  volume.HddsVolume (HddsVolume.java:<init>(176)) - Creating Volume: /workdir/hadoop-ozone/integration-test/target/test-dir/MiniOzoneClusterImpl-e7c0418f-15c1-471d-99db-59e1afe04953/datanode-6/data/containers/hdds of  storage type : DISK and capacity : 1482555576320
2019-10-17 07:09:24,570 [main] INFO  volume.VolumeSet (VolumeSet.java:initializeVolumeSet(170)) - Added Volume : /workdir/hadoop-ozone/integration-test/target/test-dir/MiniOzoneClusterImpl-e7c0418f-15c1-471d-99db-59e1afe04953/datanode-6/data/containers/hdds to VolumeSet
2019-10-17 07:09:24,570 [main] INFO  volume.ThrottledAsyncChecker (ThrottledAsyncChecker.java:schedule(141)) - Scheduling a check for /workdir/hadoop-ozone/integration-test/target/test-dir/MiniOzoneClusterImpl-e7c0418f-15c1-471d-99db-59e1afe04953/datanode-6/data/containers/hdds
2019-10-17 07:09:24,571 [main] INFO  volume.HddsVolumeChecker (HddsVolumeChecker.java:checkAllVolumes(204)) - Scheduled health check for volume /workdir/hadoop-ozone/integration-test/target/test-dir/MiniOzoneClusterImpl-e7c0418f-15c1-471d-99db-59e1afe04953/datanode-6/data/containers/hdds
2019-10-17 07:09:24,594 [main] INFO  impl.RaftServerProxy (ConfUtils.java:logGet(43)) - raft.rpc.type = GRPC (default)
2019-10-17 07:09:24,594 [main] INFO  grpc.GrpcFactory (GrpcFactory.java:checkPooledByteBufAllocatorUseCacheForAllThreads(45)) - PERFORMANCE WARNING: useCacheForAllThreads is true that may cause Netty to create a lot garbage objects and, as a result, trigger GC.
	It is recommended to disable useCacheForAllThreads by setting -Dorg.apache.ratis.thirdparty.io.netty.allocator.useCacheForAllThreads=false in command line.
2019-10-17 07:09:24,594 [main] INFO  grpc.GrpcConfigKeys$Server (ConfUtils.java:logGet(43)) - raft.grpc.server.port = 0 (default)
2019-10-17 07:09:24,594 [main] INFO  server.GrpcService (ConfUtils.java:logGet(43)) - raft.grpc.message.size.max = 33570816 (custom)
2019-10-17 07:09:24,595 [main] INFO  server.RaftServerConfigKeys (ConfUtils.java:logGet(43)) - raft.server.log.appender.buffer.byte-limit = 33554432 (custom)
2019-10-17 07:09:24,595 [main] INFO  server.GrpcService (ConfUtils.java:logGet(43)) - raft.grpc.flow.control.window = 1MB (=1048576) (default)
2019-10-17 07:09:24,595 [main] INFO  server.RaftServerConfigKeys (ConfUtils.java:logGet(43)) - raft.server.rpc.request.timeout = 3000ms (default)
2019-10-17 07:09:24,596 [main] INFO  server.RaftServerConfigKeys (ConfUtils.java:logGet(43)) - raft.server.storage.dir = [/workdir/hadoop-ozone/integration-test/target/test-dir/MiniOzoneClusterImpl-e7c0418f-15c1-471d-99db-59e1afe04953/datanode-6/data/ratis] (custom)
2019-10-17 07:09:24,598 [main] INFO  hdfs.DFSUtil (DFSUtil.java:httpServerTemplateForNNAndJN(1641)) - Starting Web-server for hddsDatanode at: http://0.0.0.0:0
2019-10-17 07:09:24,599 [main] INFO  server.AuthenticationFilter (AuthenticationFilter.java:constructSecretProvider(240)) - Unable to initialize FileSignerSecretProvider, falling back to use random secrets.
2019-10-17 07:09:24,600 [main] WARN  http.HttpRequestLog (HttpRequestLog.java:getRequestLog(97)) - Jetty request log can only be enabled using Log4j
2019-10-17 07:09:24,601 [main] INFO  http.HttpServer2 (HttpServer2.java:addGlobalFilter(975)) - Added global filter 'safety' (class=org.apache.hadoop.http.HttpServer2$QuotingInputFilter)
2019-10-17 07:09:24,601 [main] INFO  http.HttpServer2 (HttpServer2.java:addFilter(948)) - Added filter static_user_filter (class=org.apache.hadoop.http.lib.StaticUserWebFilter$StaticUserFilter) to context hddsDatanode
2019-10-17 07:09:24,602 [main] INFO  http.HttpServer2 (HttpServer2.java:addFilter(958)) - Added filter static_user_filter (class=org.apache.hadoop.http.lib.StaticUserWebFilter$StaticUserFilter) to context logs
2019-10-17 07:09:24,602 [main] INFO  http.HttpServer2 (HttpServer2.java:addFilter(958)) - Added filter static_user_filter (class=org.apache.hadoop.http.lib.StaticUserWebFilter$StaticUserFilter) to context static
2019-10-17 07:09:24,602 [main] INFO  http.HttpServer2 (HttpServer2.java:bindListener(1191)) - Jetty bound to port 45779
2019-10-17 07:09:24,603 [main] INFO  server.Server (Server.java:doStart(351)) - jetty-9.3.25.v20180904, build timestamp: 2018-09-04T21:11:46Z, git hash: 3ce520221d0240229c862b122d2b06c12a625732
2019-10-17 07:09:24,604 [main] INFO  handler.ContextHandler (ContextHandler.java:doStart(781)) - Started o.e.j.s.ServletContextHandler@22048bd6{/logs,file:///workdir/hadoop-ozone/integration-test/target/log,AVAILABLE}
2019-10-17 07:09:24,605 [main] INFO  handler.ContextHandler (ContextHandler.java:doStart(781)) - Started o.e.j.s.ServletContextHandler@2e2f20b8{/static,jar:file:/home/user/.m2/repository/org/apache/hadoop/hadoop-hdds-container-service/0.5.0-SNAPSHOT/hadoop-hdds-container-service-0.5.0-SNAPSHOT.jar!/webapps/static,AVAILABLE}
2019-10-17 07:09:24,649 [main] INFO  handler.ContextHandler (ContextHandler.java:doStart(781)) - Started o.e.j.w.WebAppContext@2a136383{/,file:///tmp/jetty-0.0.0.0-45779-hddsDatanode-_-any-6370148821283867736.dir/webapp/,AVAILABLE}{/hddsDatanode}
2019-10-17 07:09:24,650 [main] INFO  server.AbstractConnector (AbstractConnector.java:doStart(278)) - Started ServerConnector@b01cb8d{HTTP/1.1,[http/1.1]}{0.0.0.0:45779}
2019-10-17 07:09:24,650 [main] INFO  server.Server (Server.java:doStart(419)) - Started @263161ms
2019-10-17 07:09:24,652 [main] WARN  impl.MetricsSystemImpl (MetricsSystemImpl.java:register(276)) - Sink prometheus already exists!
2019-10-17 07:09:24,653 [main] INFO  server.BaseHttpServer (BaseHttpServer.java:updateConnectorAddress(215)) - HTTP server of HDDSDATANODE is listening at http://0.0.0.0:45779
2019-10-17 07:09:24,654 [main] INFO  impl.MetricsSystemImpl (MetricsSystemImpl.java:init(158)) - HddsDatanode metrics system started (again)
2019-10-17 07:09:24,664 [org.apache.hadoop.util.JvmPauseMonitor$Monitor@2d7086f5] INFO  util.JvmPauseMonitor (JvmPauseMonitor.java:run(188)) - Starting JVM pause monitor
2019-10-17 07:09:24,665 [main] INFO  ozone.HddsDatanodeService (HddsDatanodeService.java:start(184)) - HddsDatanodeService host:pr-hdds-2286-nkqct-1837310268 ip:192.168.157.211
2019-10-17 07:09:24,666 [Datanode State Machine Thread - 0] INFO  datanode.InitDatanodeState (InitDatanodeState.java:persistContainerDatanodeDetails(140)) - DatanodeDetails is persisted to /workdir/hadoop-ozone/integration-test/target/test-dir/MiniOzoneClusterImpl-e7c0418f-15c1-471d-99db-59e1afe04953/datanode-6/meta/datanode.id
2019-10-17 07:09:24,673 [main] INFO  volume.HddsVolume (HddsVolume.java:<init>(176)) - Creating Volume: /workdir/hadoop-ozone/integration-test/target/test-dir/MiniOzoneClusterImpl-e7c0418f-15c1-471d-99db-59e1afe04953/datanode-7/data/containers/hdds of  storage type : DISK and capacity : 1482555576320
2019-10-17 07:09:24,674 [main] INFO  volume.VolumeSet (VolumeSet.java:initializeVolumeSet(170)) - Added Volume : /workdir/hadoop-ozone/integration-test/target/test-dir/MiniOzoneClusterImpl-e7c0418f-15c1-471d-99db-59e1afe04953/datanode-7/data/containers/hdds to VolumeSet
2019-10-17 07:09:24,674 [main] INFO  volume.ThrottledAsyncChecker (ThrottledAsyncChecker.java:schedule(141)) - Scheduling a check for /workdir/hadoop-ozone/integration-test/target/test-dir/MiniOzoneClusterImpl-e7c0418f-15c1-471d-99db-59e1afe04953/datanode-7/data/containers/hdds
2019-10-17 07:09:24,674 [main] INFO  volume.HddsVolumeChecker (HddsVolumeChecker.java:checkAllVolumes(204)) - Scheduled health check for volume /workdir/hadoop-ozone/integration-test/target/test-dir/MiniOzoneClusterImpl-e7c0418f-15c1-471d-99db-59e1afe04953/datanode-7/data/containers/hdds
2019-10-17 07:09:24,687 [main] INFO  impl.RaftServerProxy (ConfUtils.java:logGet(43)) - raft.rpc.type = GRPC (default)
2019-10-17 07:09:24,687 [main] INFO  grpc.GrpcFactory (GrpcFactory.java:checkPooledByteBufAllocatorUseCacheForAllThreads(45)) - PERFORMANCE WARNING: useCacheForAllThreads is true that may cause Netty to create a lot garbage objects and, as a result, trigger GC.
	It is recommended to disable useCacheForAllThreads by setting -Dorg.apache.ratis.thirdparty.io.netty.allocator.useCacheForAllThreads=false in command line.
2019-10-17 07:09:24,687 [main] INFO  grpc.GrpcConfigKeys$Server (ConfUtils.java:logGet(43)) - raft.grpc.server.port = 0 (default)
2019-10-17 07:09:24,687 [main] INFO  server.GrpcService (ConfUtils.java:logGet(43)) - raft.grpc.message.size.max = 33570816 (custom)
2019-10-17 07:09:24,687 [main] INFO  server.RaftServerConfigKeys (ConfUtils.java:logGet(43)) - raft.server.log.appender.buffer.byte-limit = 33554432 (custom)
2019-10-17 07:09:24,688 [main] INFO  server.GrpcService (ConfUtils.java:logGet(43)) - raft.grpc.flow.control.window = 1MB (=1048576) (default)
2019-10-17 07:09:24,688 [main] INFO  server.RaftServerConfigKeys (ConfUtils.java:logGet(43)) - raft.server.rpc.request.timeout = 3000ms (default)
2019-10-17 07:09:24,688 [main] INFO  server.RaftServerConfigKeys (ConfUtils.java:logGet(43)) - raft.server.storage.dir = [/workdir/hadoop-ozone/integration-test/target/test-dir/MiniOzoneClusterImpl-e7c0418f-15c1-471d-99db-59e1afe04953/datanode-7/data/ratis] (custom)
2019-10-17 07:09:24,689 [main] INFO  hdfs.DFSUtil (DFSUtil.java:httpServerTemplateForNNAndJN(1641)) - Starting Web-server for hddsDatanode at: http://0.0.0.0:0
2019-10-17 07:09:24,690 [main] INFO  server.AuthenticationFilter (AuthenticationFilter.java:constructSecretProvider(240)) - Unable to initialize FileSignerSecretProvider, falling back to use random secrets.
2019-10-17 07:09:24,691 [main] WARN  http.HttpRequestLog (HttpRequestLog.java:getRequestLog(97)) - Jetty request log can only be enabled using Log4j
2019-10-17 07:09:24,692 [main] INFO  http.HttpServer2 (HttpServer2.java:addGlobalFilter(975)) - Added global filter 'safety' (class=org.apache.hadoop.http.HttpServer2$QuotingInputFilter)
2019-10-17 07:09:24,692 [main] INFO  http.HttpServer2 (HttpServer2.java:addFilter(948)) - Added filter static_user_filter (class=org.apache.hadoop.http.lib.StaticUserWebFilter$StaticUserFilter) to context hddsDatanode
2019-10-17 07:09:24,692 [main] INFO  http.HttpServer2 (HttpServer2.java:addFilter(958)) - Added filter static_user_filter (class=org.apache.hadoop.http.lib.StaticUserWebFilter$StaticUserFilter) to context logs
2019-10-17 07:09:24,693 [main] INFO  http.HttpServer2 (HttpServer2.java:addFilter(958)) - Added filter static_user_filter (class=org.apache.hadoop.http.lib.StaticUserWebFilter$StaticUserFilter) to context static
2019-10-17 07:09:24,693 [main] INFO  http.HttpServer2 (HttpServer2.java:bindListener(1191)) - Jetty bound to port 40131
2019-10-17 07:09:24,693 [main] INFO  server.Server (Server.java:doStart(351)) - jetty-9.3.25.v20180904, build timestamp: 2018-09-04T21:11:46Z, git hash: 3ce520221d0240229c862b122d2b06c12a625732
2019-10-17 07:09:24,695 [main] INFO  handler.ContextHandler (ContextHandler.java:doStart(781)) - Started o.e.j.s.ServletContextHandler@6826b70f{/logs,file:///workdir/hadoop-ozone/integration-test/target/log,AVAILABLE}
2019-10-17 07:09:24,695 [main] INFO  handler.ContextHandler (ContextHandler.java:doStart(781)) - Started o.e.j.s.ServletContextHandler@781dac73{/static,jar:file:/home/user/.m2/repository/org/apache/hadoop/hadoop-hdds-container-service/0.5.0-SNAPSHOT/hadoop-hdds-container-service-0.5.0-SNAPSHOT.jar!/webapps/static,AVAILABLE}
2019-10-17 07:09:24,724 [main] INFO  handler.ContextHandler (ContextHandler.java:doStart(781)) - Started o.e.j.w.WebAppContext@28b458e6{/,file:///tmp/jetty-0.0.0.0-40131-hddsDatanode-_-any-8853340566630057027.dir/webapp/,AVAILABLE}{/hddsDatanode}
2019-10-17 07:09:24,724 [main] INFO  server.AbstractConnector (AbstractConnector.java:doStart(278)) - Started ServerConnector@221ca495{HTTP/1.1,[http/1.1]}{0.0.0.0:40131}
2019-10-17 07:09:24,726 [main] INFO  server.Server (Server.java:doStart(419)) - Started @263236ms
2019-10-17 07:09:24,726 [main] WARN  impl.MetricsSystemImpl (MetricsSystemImpl.java:register(276)) - Sink prometheus already exists!
2019-10-17 07:09:24,727 [main] INFO  server.BaseHttpServer (BaseHttpServer.java:updateConnectorAddress(215)) - HTTP server of HDDSDATANODE is listening at http://0.0.0.0:40131
2019-10-17 07:09:24,727 [main] INFO  impl.MetricsSystemImpl (MetricsSystemImpl.java:init(158)) - HddsDatanode metrics system started (again)
2019-10-17 07:09:24,737 [org.apache.hadoop.util.JvmPauseMonitor$Monitor@4a9f03c9] INFO  util.JvmPauseMonitor (JvmPauseMonitor.java:run(188)) - Starting JVM pause monitor
2019-10-17 07:09:24,737 [main] INFO  ozone.HddsDatanodeService (HddsDatanodeService.java:start(184)) - HddsDatanodeService host:pr-hdds-2286-nkqct-1837310268 ip:192.168.157.211
2019-10-17 07:09:24,738 [Datanode State Machine Thread - 0] INFO  datanode.InitDatanodeState (InitDatanodeState.java:persistContainerDatanodeDetails(140)) - DatanodeDetails is persisted to /workdir/hadoop-ozone/integration-test/target/test-dir/MiniOzoneClusterImpl-e7c0418f-15c1-471d-99db-59e1afe04953/datanode-7/meta/datanode.id
2019-10-17 07:09:24,744 [main] INFO  volume.HddsVolume (HddsVolume.java:<init>(176)) - Creating Volume: /workdir/hadoop-ozone/integration-test/target/test-dir/MiniOzoneClusterImpl-e7c0418f-15c1-471d-99db-59e1afe04953/datanode-8/data/containers/hdds of  storage type : DISK and capacity : 1482555576320
2019-10-17 07:09:24,744 [main] INFO  volume.VolumeSet (VolumeSet.java:initializeVolumeSet(170)) - Added Volume : /workdir/hadoop-ozone/integration-test/target/test-dir/MiniOzoneClusterImpl-e7c0418f-15c1-471d-99db-59e1afe04953/datanode-8/data/containers/hdds to VolumeSet
2019-10-17 07:09:24,744 [main] INFO  volume.ThrottledAsyncChecker (ThrottledAsyncChecker.java:schedule(141)) - Scheduling a check for /workdir/hadoop-ozone/integration-test/target/test-dir/MiniOzoneClusterImpl-e7c0418f-15c1-471d-99db-59e1afe04953/datanode-8/data/containers/hdds
2019-10-17 07:09:24,744 [main] INFO  volume.HddsVolumeChecker (HddsVolumeChecker.java:checkAllVolumes(204)) - Scheduled health check for volume /workdir/hadoop-ozone/integration-test/target/test-dir/MiniOzoneClusterImpl-e7c0418f-15c1-471d-99db-59e1afe04953/datanode-8/data/containers/hdds
2019-10-17 07:09:24,757 [main] INFO  impl.RaftServerProxy (ConfUtils.java:logGet(43)) - raft.rpc.type = GRPC (default)
2019-10-17 07:09:24,757 [main] INFO  grpc.GrpcFactory (GrpcFactory.java:checkPooledByteBufAllocatorUseCacheForAllThreads(45)) - PERFORMANCE WARNING: useCacheForAllThreads is true that may cause Netty to create a lot garbage objects and, as a result, trigger GC.
	It is recommended to disable useCacheForAllThreads by setting -Dorg.apache.ratis.thirdparty.io.netty.allocator.useCacheForAllThreads=false in command line.
2019-10-17 07:09:24,757 [main] INFO  grpc.GrpcConfigKeys$Server (ConfUtils.java:logGet(43)) - raft.grpc.server.port = 0 (default)
2019-10-17 07:09:24,757 [main] INFO  server.GrpcService (ConfUtils.java:logGet(43)) - raft.grpc.message.size.max = 33570816 (custom)
2019-10-17 07:09:24,757 [main] INFO  server.RaftServerConfigKeys (ConfUtils.java:logGet(43)) - raft.server.log.appender.buffer.byte-limit = 33554432 (custom)
2019-10-17 07:09:24,757 [main] INFO  server.GrpcService (ConfUtils.java:logGet(43)) - raft.grpc.flow.control.window = 1MB (=1048576) (default)
2019-10-17 07:09:24,758 [main] INFO  server.RaftServerConfigKeys (ConfUtils.java:logGet(43)) - raft.server.rpc.request.timeout = 3000ms (default)
2019-10-17 07:09:24,758 [main] INFO  server.RaftServerConfigKeys (ConfUtils.java:logGet(43)) - raft.server.storage.dir = [/workdir/hadoop-ozone/integration-test/target/test-dir/MiniOzoneClusterImpl-e7c0418f-15c1-471d-99db-59e1afe04953/datanode-8/data/ratis] (custom)
2019-10-17 07:09:24,759 [main] INFO  hdfs.DFSUtil (DFSUtil.java:httpServerTemplateForNNAndJN(1641)) - Starting Web-server for hddsDatanode at: http://0.0.0.0:0
2019-10-17 07:09:24,760 [main] INFO  server.AuthenticationFilter (AuthenticationFilter.java:constructSecretProvider(240)) - Unable to initialize FileSignerSecretProvider, falling back to use random secrets.
2019-10-17 07:09:24,761 [main] WARN  http.HttpRequestLog (HttpRequestLog.java:getRequestLog(97)) - Jetty request log can only be enabled using Log4j
2019-10-17 07:09:24,762 [main] INFO  http.HttpServer2 (HttpServer2.java:addGlobalFilter(975)) - Added global filter 'safety' (class=org.apache.hadoop.http.HttpServer2$QuotingInputFilter)
2019-10-17 07:09:24,762 [main] INFO  http.HttpServer2 (HttpServer2.java:addFilter(948)) - Added filter static_user_filter (class=org.apache.hadoop.http.lib.StaticUserWebFilter$StaticUserFilter) to context hddsDatanode
2019-10-17 07:09:24,762 [main] INFO  http.HttpServer2 (HttpServer2.java:addFilter(958)) - Added filter static_user_filter (class=org.apache.hadoop.http.lib.StaticUserWebFilter$StaticUserFilter) to context static
2019-10-17 07:09:24,762 [main] INFO  http.HttpServer2 (HttpServer2.java:addFilter(958)) - Added filter static_user_filter (class=org.apache.hadoop.http.lib.StaticUserWebFilter$StaticUserFilter) to context logs
2019-10-17 07:09:24,763 [main] INFO  http.HttpServer2 (HttpServer2.java:bindListener(1191)) - Jetty bound to port 36147
2019-10-17 07:09:24,763 [main] INFO  server.Server (Server.java:doStart(351)) - jetty-9.3.25.v20180904, build timestamp: 2018-09-04T21:11:46Z, git hash: 3ce520221d0240229c862b122d2b06c12a625732
2019-10-17 07:09:24,764 [main] INFO  handler.ContextHandler (ContextHandler.java:doStart(781)) - Started o.e.j.s.ServletContextHandler@270d5060{/logs,file:///workdir/hadoop-ozone/integration-test/target/log,AVAILABLE}
2019-10-17 07:09:24,765 [main] INFO  handler.ContextHandler (ContextHandler.java:doStart(781)) - Started o.e.j.s.ServletContextHandler@71567f33{/static,jar:file:/home/user/.m2/repository/org/apache/hadoop/hadoop-hdds-container-service/0.5.0-SNAPSHOT/hadoop-hdds-container-service-0.5.0-SNAPSHOT.jar!/webapps/static,AVAILABLE}
2019-10-17 07:09:24,794 [main] INFO  handler.ContextHandler (ContextHandler.java:doStart(781)) - Started o.e.j.w.WebAppContext@733534f9{/,file:///tmp/jetty-0.0.0.0-36147-hddsDatanode-_-any-6236755961232869396.dir/webapp/,AVAILABLE}{/hddsDatanode}
2019-10-17 07:09:24,794 [main] INFO  server.AbstractConnector (AbstractConnector.java:doStart(278)) - Started ServerConnector@661e279d{HTTP/1.1,[http/1.1]}{0.0.0.0:36147}
2019-10-17 07:09:24,796 [main] INFO  server.Server (Server.java:doStart(419)) - Started @263306ms
2019-10-17 07:09:24,796 [main] WARN  impl.MetricsSystemImpl (MetricsSystemImpl.java:register(276)) - Sink prometheus already exists!
2019-10-17 07:09:24,797 [main] INFO  server.BaseHttpServer (BaseHttpServer.java:updateConnectorAddress(215)) - HTTP server of HDDSDATANODE is listening at http://0.0.0.0:36147
2019-10-17 07:09:24,797 [main] INFO  impl.MetricsSystemImpl (MetricsSystemImpl.java:init(158)) - HddsDatanode metrics system started (again)
2019-10-17 07:09:24,808 [main] INFO  ozone.HddsDatanodeService (HddsDatanodeService.java:start(184)) - HddsDatanodeService host:pr-hdds-2286-nkqct-1837310268 ip:192.168.157.211
2019-10-17 07:09:24,808 [org.apache.hadoop.util.JvmPauseMonitor$Monitor@3a79dcbf] INFO  util.JvmPauseMonitor (JvmPauseMonitor.java:run(188)) - Starting JVM pause monitor
2019-10-17 07:09:24,810 [Datanode State Machine Thread - 0] INFO  datanode.InitDatanodeState (InitDatanodeState.java:persistContainerDatanodeDetails(140)) - DatanodeDetails is persisted to /workdir/hadoop-ozone/integration-test/target/test-dir/MiniOzoneClusterImpl-e7c0418f-15c1-471d-99db-59e1afe04953/datanode-8/meta/datanode.id
2019-10-17 07:09:24,816 [main] INFO  volume.HddsVolume (HddsVolume.java:<init>(176)) - Creating Volume: /workdir/hadoop-ozone/integration-test/target/test-dir/MiniOzoneClusterImpl-e7c0418f-15c1-471d-99db-59e1afe04953/datanode-9/data/containers/hdds of  storage type : DISK and capacity : 1482555576320
2019-10-17 07:09:24,816 [main] INFO  volume.VolumeSet (VolumeSet.java:initializeVolumeSet(170)) - Added Volume : /workdir/hadoop-ozone/integration-test/target/test-dir/MiniOzoneClusterImpl-e7c0418f-15c1-471d-99db-59e1afe04953/datanode-9/data/containers/hdds to VolumeSet
2019-10-17 07:09:24,816 [main] INFO  volume.ThrottledAsyncChecker (ThrottledAsyncChecker.java:schedule(141)) - Scheduling a check for /workdir/hadoop-ozone/integration-test/target/test-dir/MiniOzoneClusterImpl-e7c0418f-15c1-471d-99db-59e1afe04953/datanode-9/data/containers/hdds
2019-10-17 07:09:24,817 [main] INFO  volume.HddsVolumeChecker (HddsVolumeChecker.java:checkAllVolumes(204)) - Scheduled health check for volume /workdir/hadoop-ozone/integration-test/target/test-dir/MiniOzoneClusterImpl-e7c0418f-15c1-471d-99db-59e1afe04953/datanode-9/data/containers/hdds
2019-10-17 07:09:24,828 [main] INFO  impl.RaftServerProxy (ConfUtils.java:logGet(43)) - raft.rpc.type = GRPC (default)
2019-10-17 07:09:24,828 [main] INFO  grpc.GrpcFactory (GrpcFactory.java:checkPooledByteBufAllocatorUseCacheForAllThreads(45)) - PERFORMANCE WARNING: useCacheForAllThreads is true that may cause Netty to create a lot garbage objects and, as a result, trigger GC.
	It is recommended to disable useCacheForAllThreads by setting -Dorg.apache.ratis.thirdparty.io.netty.allocator.useCacheForAllThreads=false in command line.
2019-10-17 07:09:24,828 [main] INFO  grpc.GrpcConfigKeys$Server (ConfUtils.java:logGet(43)) - raft.grpc.server.port = 0 (default)
2019-10-17 07:09:24,829 [main] INFO  server.GrpcService (ConfUtils.java:logGet(43)) - raft.grpc.message.size.max = 33570816 (custom)
2019-10-17 07:09:24,829 [main] INFO  server.RaftServerConfigKeys (ConfUtils.java:logGet(43)) - raft.server.log.appender.buffer.byte-limit = 33554432 (custom)
2019-10-17 07:09:24,829 [main] INFO  server.GrpcService (ConfUtils.java:logGet(43)) - raft.grpc.flow.control.window = 1MB (=1048576) (default)
2019-10-17 07:09:24,829 [main] INFO  server.RaftServerConfigKeys (ConfUtils.java:logGet(43)) - raft.server.rpc.request.timeout = 3000ms (default)
2019-10-17 07:09:24,829 [main] INFO  server.RaftServerConfigKeys (ConfUtils.java:logGet(43)) - raft.server.storage.dir = [/workdir/hadoop-ozone/integration-test/target/test-dir/MiniOzoneClusterImpl-e7c0418f-15c1-471d-99db-59e1afe04953/datanode-9/data/ratis] (custom)
2019-10-17 07:09:24,831 [main] INFO  hdfs.DFSUtil (DFSUtil.java:httpServerTemplateForNNAndJN(1641)) - Starting Web-server for hddsDatanode at: http://0.0.0.0:0
2019-10-17 07:09:24,832 [main] INFO  server.AuthenticationFilter (AuthenticationFilter.java:constructSecretProvider(240)) - Unable to initialize FileSignerSecretProvider, falling back to use random secrets.
2019-10-17 07:09:24,832 [main] WARN  http.HttpRequestLog (HttpRequestLog.java:getRequestLog(97)) - Jetty request log can only be enabled using Log4j
2019-10-17 07:09:24,833 [main] INFO  http.HttpServer2 (HttpServer2.java:addGlobalFilter(975)) - Added global filter 'safety' (class=org.apache.hadoop.http.HttpServer2$QuotingInputFilter)
2019-10-17 07:09:24,833 [main] INFO  http.HttpServer2 (HttpServer2.java:addFilter(948)) - Added filter static_user_filter (class=org.apache.hadoop.http.lib.StaticUserWebFilter$StaticUserFilter) to context hddsDatanode
2019-10-17 07:09:24,833 [main] INFO  http.HttpServer2 (HttpServer2.java:addFilter(958)) - Added filter static_user_filter (class=org.apache.hadoop.http.lib.StaticUserWebFilter$StaticUserFilter) to context logs
2019-10-17 07:09:24,834 [main] INFO  http.HttpServer2 (HttpServer2.java:addFilter(958)) - Added filter static_user_filter (class=org.apache.hadoop.http.lib.StaticUserWebFilter$StaticUserFilter) to context static
2019-10-17 07:09:24,834 [main] INFO  http.HttpServer2 (HttpServer2.java:bindListener(1191)) - Jetty bound to port 32902
2019-10-17 07:09:24,834 [main] INFO  server.Server (Server.java:doStart(351)) - jetty-9.3.25.v20180904, build timestamp: 2018-09-04T21:11:46Z, git hash: 3ce520221d0240229c862b122d2b06c12a625732
2019-10-17 07:09:24,836 [main] INFO  handler.ContextHandler (ContextHandler.java:doStart(781)) - Started o.e.j.s.ServletContextHandler@19ae36f4{/logs,file:///workdir/hadoop-ozone/integration-test/target/log,AVAILABLE}
2019-10-17 07:09:24,836 [main] INFO  handler.ContextHandler (ContextHandler.java:doStart(781)) - Started o.e.j.s.ServletContextHandler@4567fb2b{/static,jar:file:/home/user/.m2/repository/org/apache/hadoop/hadoop-hdds-container-service/0.5.0-SNAPSHOT/hadoop-hdds-container-service-0.5.0-SNAPSHOT.jar!/webapps/static,AVAILABLE}
2019-10-17 07:09:24,865 [main] INFO  handler.ContextHandler (ContextHandler.java:doStart(781)) - Started o.e.j.w.WebAppContext@643ecfef{/,file:///tmp/jetty-0.0.0.0-32902-hddsDatanode-_-any-5659827475397970264.dir/webapp/,AVAILABLE}{/hddsDatanode}
2019-10-17 07:09:24,865 [main] INFO  server.AbstractConnector (AbstractConnector.java:doStart(278)) - Started ServerConnector@1b31af02{HTTP/1.1,[http/1.1]}{0.0.0.0:32902}
2019-10-17 07:09:24,865 [main] INFO  server.Server (Server.java:doStart(419)) - Started @263376ms
2019-10-17 07:09:24,867 [main] WARN  impl.MetricsSystemImpl (MetricsSystemImpl.java:register(276)) - Sink prometheus already exists!
2019-10-17 07:09:24,868 [main] INFO  server.BaseHttpServer (BaseHttpServer.java:updateConnectorAddress(215)) - HTTP server of HDDSDATANODE is listening at http://0.0.0.0:32902
2019-10-17 07:09:24,868 [main] INFO  ozone.MiniOzoneClusterImpl (MiniOzoneClusterImpl.java:lambda$waitForClusterToBeReady$0(147)) - Waiting for cluster to be ready. Got 0 of 10 DN Heartbeats.
2019-10-17 07:09:24,870 [org.apache.hadoop.util.JvmPauseMonitor$Monitor@37357dd6] INFO  util.JvmPauseMonitor (JvmPauseMonitor.java:run(188)) - Starting JVM pause monitor
2019-10-17 07:09:24,871 [Datanode State Machine Thread - 0] INFO  datanode.InitDatanodeState (InitDatanodeState.java:persistContainerDatanodeDetails(140)) - DatanodeDetails is persisted to /workdir/hadoop-ozone/integration-test/target/test-dir/MiniOzoneClusterImpl-e7c0418f-15c1-471d-99db-59e1afe04953/datanode-9/meta/datanode.id
2019-10-17 07:09:24,911 [java.util.concurrent.ThreadPoolExecutor$Worker@69a478bd[State = -1, empty queue]] WARN  server.GrpcLogAppender (GrpcLogAppender.java:timeoutAppendRequest(209)) - 394eec39-d6e2-43cf-8e2d-b90b0e560af2@group-B70B76163E41->d2e3ad14-fd5b-4837-8145-6439a9b5f9c0-GrpcLogAppender: appendEntries Timeout, request=394eec39-d6e2-43cf-8e2d-b90b0e560af2->d2e3ad14-fd5b-4837-8145-6439a9b5f9c0#147-t1, previous=(t:1, i:4), leaderCommit=4, initializing? false, entries: <empty>
2019-10-17 07:09:25,412 [java.util.concurrent.ThreadPoolExecutor$Worker@69a478bd[State = -1, empty queue]] WARN  server.GrpcLogAppender (GrpcLogAppender.java:timeoutAppendRequest(209)) - 394eec39-d6e2-43cf-8e2d-b90b0e560af2@group-B70B76163E41->d2e3ad14-fd5b-4837-8145-6439a9b5f9c0-GrpcLogAppender: appendEntries Timeout, request=394eec39-d6e2-43cf-8e2d-b90b0e560af2->d2e3ad14-fd5b-4837-8145-6439a9b5f9c0#148-t1, previous=(t:1, i:4), leaderCommit=4, initializing? false, entries: <empty>
2019-10-17 07:09:25,869 [main] INFO  ozone.MiniOzoneClusterImpl (MiniOzoneClusterImpl.java:lambda$waitForClusterToBeReady$0(147)) - Waiting for cluster to be ready. Got 0 of 10 DN Heartbeats.
2019-10-17 07:09:26,242 [Datanode State Machine Thread - 0] INFO  ozoneimpl.OzoneContainer (OzoneContainer.java:start(213)) - Attempting to start container services.
2019-10-17 07:09:26,242 [Datanode State Machine Thread - 0] INFO  ozoneimpl.OzoneContainer (OzoneContainer.java:startContainerScrub(177)) - Background container scanner has been disabled.
2019-10-17 07:09:26,243 [Datanode State Machine Thread - 0] INFO  ratis.XceiverServerRatis (XceiverServerRatis.java:start(418)) - Starting XceiverServerRatis f3ee4219-89bb-47f2-bbe0-5f784575b745 at port 0
2019-10-17 07:09:26,249 [Datanode State Machine Thread - 0] INFO  impl.RaftServerProxy (RaftServerProxy.java:lambda$start$3(299)) - f3ee4219-89bb-47f2-bbe0-5f784575b745: start RPC server
2019-10-17 07:09:26,251 [Datanode State Machine Thread - 0] INFO  server.GrpcService (GrpcService.java:startImpl(158)) - f3ee4219-89bb-47f2-bbe0-5f784575b745: GrpcService started, listening on 0.0.0.0/0.0.0.0:38722
2019-10-17 07:09:26,251 [Datanode State Machine Thread - 0] INFO  ratis.XceiverServerRatis (XceiverServerRatis.java:start(428)) - XceiverServerRatis f3ee4219-89bb-47f2-bbe0-5f784575b745 is started using port 38722
2019-10-17 07:09:26,251 [Datanode State Machine Thread - 0] INFO  server.XceiverServerGrpc (XceiverServerGrpc.java:start(149)) - XceiverServerGrpc f3ee4219-89bb-47f2-bbe0-5f784575b745 is started using port 40066
2019-10-17 07:09:26,303 [Datanode State Machine Thread - 0] INFO  ozoneimpl.OzoneContainer (OzoneContainer.java:start(213)) - Attempting to start container services.
2019-10-17 07:09:26,303 [Datanode State Machine Thread - 0] INFO  ozoneimpl.OzoneContainer (OzoneContainer.java:startContainerScrub(177)) - Background container scanner has been disabled.
2019-10-17 07:09:26,303 [Datanode State Machine Thread - 0] INFO  ratis.XceiverServerRatis (XceiverServerRatis.java:start(418)) - Starting XceiverServerRatis 805254cc-2da6-48d8-a2f9-c1a3ceceab4a at port 0
2019-10-17 07:09:26,308 [Datanode State Machine Thread - 0] INFO  impl.RaftServerProxy (RaftServerProxy.java:lambda$start$3(299)) - 805254cc-2da6-48d8-a2f9-c1a3ceceab4a: start RPC server
2019-10-17 07:09:26,311 [Datanode State Machine Thread - 0] INFO  server.GrpcService (GrpcService.java:startImpl(158)) - 805254cc-2da6-48d8-a2f9-c1a3ceceab4a: GrpcService started, listening on 0.0.0.0/0.0.0.0:35407
2019-10-17 07:09:26,311 [Datanode State Machine Thread - 0] INFO  ratis.XceiverServerRatis (XceiverServerRatis.java:start(428)) - XceiverServerRatis 805254cc-2da6-48d8-a2f9-c1a3ceceab4a is started using port 35407
2019-10-17 07:09:26,311 [Datanode State Machine Thread - 0] INFO  server.XceiverServerGrpc (XceiverServerGrpc.java:start(149)) - XceiverServerGrpc 805254cc-2da6-48d8-a2f9-c1a3ceceab4a is started using port 40655
2019-10-17 07:09:26,365 [Datanode State Machine Thread - 0] INFO  ozoneimpl.OzoneContainer (OzoneContainer.java:start(213)) - Attempting to start container services.
2019-10-17 07:09:26,365 [Datanode State Machine Thread - 0] INFO  ozoneimpl.OzoneContainer (OzoneContainer.java:startContainerScrub(177)) - Background container scanner has been disabled.
2019-10-17 07:09:26,365 [Datanode State Machine Thread - 0] INFO  ratis.XceiverServerRatis (XceiverServerRatis.java:start(418)) - Starting XceiverServerRatis 696df33b-59a0-4145-913f-936aff0d1566 at port 0
2019-10-17 07:09:26,371 [Datanode State Machine Thread - 0] INFO  impl.RaftServerProxy (RaftServerProxy.java:lambda$start$3(299)) - 696df33b-59a0-4145-913f-936aff0d1566: start RPC server
2019-10-17 07:09:26,372 [Datanode State Machine Thread - 0] INFO  server.GrpcService (GrpcService.java:startImpl(158)) - 696df33b-59a0-4145-913f-936aff0d1566: GrpcService started, listening on 0.0.0.0/0.0.0.0:38803
2019-10-17 07:09:26,372 [Datanode State Machine Thread - 0] INFO  ratis.XceiverServerRatis (XceiverServerRatis.java:start(428)) - XceiverServerRatis 696df33b-59a0-4145-913f-936aff0d1566 is started using port 38803
2019-10-17 07:09:26,372 [Datanode State Machine Thread - 0] INFO  server.XceiverServerGrpc (XceiverServerGrpc.java:start(149)) - XceiverServerGrpc 696df33b-59a0-4145-913f-936aff0d1566 is started using port 42930
2019-10-17 07:09:26,431 [Datanode State Machine Thread - 0] INFO  ozoneimpl.OzoneContainer (OzoneContainer.java:start(213)) - Attempting to start container services.
2019-10-17 07:09:26,431 [Datanode State Machine Thread - 0] INFO  ozoneimpl.OzoneContainer (OzoneContainer.java:startContainerScrub(177)) - Background container scanner has been disabled.
2019-10-17 07:09:26,432 [Datanode State Machine Thread - 0] INFO  ratis.XceiverServerRatis (XceiverServerRatis.java:start(418)) - Starting XceiverServerRatis 5f7ef38b-a645-4f95-94e6-bd075ea30748 at port 0
2019-10-17 07:09:26,438 [Datanode State Machine Thread - 0] INFO  impl.RaftServerProxy (RaftServerProxy.java:lambda$start$3(299)) - 5f7ef38b-a645-4f95-94e6-bd075ea30748: start RPC server
2019-10-17 07:09:26,439 [Datanode State Machine Thread - 0] INFO  server.GrpcService (GrpcService.java:startImpl(158)) - 5f7ef38b-a645-4f95-94e6-bd075ea30748: GrpcService started, listening on 0.0.0.0/0.0.0.0:33759
2019-10-17 07:09:26,439 [Datanode State Machine Thread - 0] INFO  ratis.XceiverServerRatis (XceiverServerRatis.java:start(428)) - XceiverServerRatis 5f7ef38b-a645-4f95-94e6-bd075ea30748 is started using port 33759
2019-10-17 07:09:26,440 [Datanode State Machine Thread - 0] INFO  server.XceiverServerGrpc (XceiverServerGrpc.java:start(149)) - XceiverServerGrpc 5f7ef38b-a645-4f95-94e6-bd075ea30748 is started using port 37769
2019-10-17 07:09:26,496 [Datanode State Machine Thread - 0] INFO  ozoneimpl.OzoneContainer (OzoneContainer.java:start(213)) - Attempting to start container services.
2019-10-17 07:09:26,496 [Datanode State Machine Thread - 0] INFO  ozoneimpl.OzoneContainer (OzoneContainer.java:startContainerScrub(177)) - Background container scanner has been disabled.
2019-10-17 07:09:26,497 [Datanode State Machine Thread - 0] INFO  ratis.XceiverServerRatis (XceiverServerRatis.java:start(418)) - Starting XceiverServerRatis e9b52f21-01d5-44eb-a9cd-d907fd904ad1 at port 0
2019-10-17 07:09:26,504 [Datanode State Machine Thread - 0] INFO  impl.RaftServerProxy (RaftServerProxy.java:lambda$start$3(299)) - e9b52f21-01d5-44eb-a9cd-d907fd904ad1: start RPC server
2019-10-17 07:09:26,506 [Datanode State Machine Thread - 0] INFO  server.GrpcService (GrpcService.java:startImpl(158)) - e9b52f21-01d5-44eb-a9cd-d907fd904ad1: GrpcService started, listening on 0.0.0.0/0.0.0.0:45108
2019-10-17 07:09:26,506 [Datanode State Machine Thread - 0] INFO  ratis.XceiverServerRatis (XceiverServerRatis.java:start(428)) - XceiverServerRatis e9b52f21-01d5-44eb-a9cd-d907fd904ad1 is started using port 45108
2019-10-17 07:09:26,507 [Datanode State Machine Thread - 0] INFO  server.XceiverServerGrpc (XceiverServerGrpc.java:start(149)) - XceiverServerGrpc e9b52f21-01d5-44eb-a9cd-d907fd904ad1 is started using port 35775
2019-10-17 07:09:26,576 [Datanode State Machine Thread - 0] INFO  ozoneimpl.OzoneContainer (OzoneContainer.java:start(213)) - Attempting to start container services.
2019-10-17 07:09:26,576 [Datanode State Machine Thread - 0] INFO  ozoneimpl.OzoneContainer (OzoneContainer.java:startContainerScrub(177)) - Background container scanner has been disabled.
2019-10-17 07:09:26,576 [Datanode State Machine Thread - 0] INFO  ratis.XceiverServerRatis (XceiverServerRatis.java:start(418)) - Starting XceiverServerRatis 0acdc124-2757-4c91-93b1-ab1a2908776d at port 0
2019-10-17 07:09:26,582 [Datanode State Machine Thread - 0] INFO  impl.RaftServerProxy (RaftServerProxy.java:lambda$start$3(299)) - 0acdc124-2757-4c91-93b1-ab1a2908776d: start RPC server
2019-10-17 07:09:26,583 [Datanode State Machine Thread - 0] INFO  server.GrpcService (GrpcService.java:startImpl(158)) - 0acdc124-2757-4c91-93b1-ab1a2908776d: GrpcService started, listening on 0.0.0.0/0.0.0.0:34191
2019-10-17 07:09:26,583 [Datanode State Machine Thread - 0] INFO  ratis.XceiverServerRatis (XceiverServerRatis.java:start(428)) - XceiverServerRatis 0acdc124-2757-4c91-93b1-ab1a2908776d is started using port 34191
2019-10-17 07:09:26,583 [Datanode State Machine Thread - 0] INFO  server.XceiverServerGrpc (XceiverServerGrpc.java:start(149)) - XceiverServerGrpc 0acdc124-2757-4c91-93b1-ab1a2908776d is started using port 40843
2019-10-17 07:09:26,702 [Datanode State Machine Thread - 0] INFO  ozoneimpl.OzoneContainer (OzoneContainer.java:start(213)) - Attempting to start container services.
2019-10-17 07:09:26,702 [Datanode State Machine Thread - 0] INFO  ozoneimpl.OzoneContainer (OzoneContainer.java:startContainerScrub(177)) - Background container scanner has been disabled.
2019-10-17 07:09:26,702 [Datanode State Machine Thread - 0] INFO  ratis.XceiverServerRatis (XceiverServerRatis.java:start(418)) - Starting XceiverServerRatis c1b4af2d-3b05-4006-acca-753ed6d10b59 at port 0
2019-10-17 07:09:26,710 [Datanode State Machine Thread - 0] INFO  impl.RaftServerProxy (RaftServerProxy.java:lambda$start$3(299)) - c1b4af2d-3b05-4006-acca-753ed6d10b59: start RPC server
2019-10-17 07:09:26,710 [Datanode State Machine Thread - 0] INFO  server.GrpcService (GrpcService.java:startImpl(158)) - c1b4af2d-3b05-4006-acca-753ed6d10b59: GrpcService started, listening on 0.0.0.0/0.0.0.0:37018
2019-10-17 07:09:26,710 [Datanode State Machine Thread - 0] INFO  ratis.XceiverServerRatis (XceiverServerRatis.java:start(428)) - XceiverServerRatis c1b4af2d-3b05-4006-acca-753ed6d10b59 is started using port 37018
2019-10-17 07:09:26,711 [Datanode State Machine Thread - 0] INFO  server.XceiverServerGrpc (XceiverServerGrpc.java:start(149)) - XceiverServerGrpc c1b4af2d-3b05-4006-acca-753ed6d10b59 is started using port 37772
2019-10-17 07:09:26,750 [Datanode State Machine Thread - 0] INFO  ozoneimpl.OzoneContainer (OzoneContainer.java:start(213)) - Attempting to start container services.
2019-10-17 07:09:26,750 [Datanode State Machine Thread - 0] INFO  ozoneimpl.OzoneContainer (OzoneContainer.java:startContainerScrub(177)) - Background container scanner has been disabled.
2019-10-17 07:09:26,750 [Datanode State Machine Thread - 0] INFO  ratis.XceiverServerRatis (XceiverServerRatis.java:start(418)) - Starting XceiverServerRatis a5219191-1681-4090-972d-a7550c5191e1 at port 0
2019-10-17 07:09:26,757 [Datanode State Machine Thread - 0] INFO  impl.RaftServerProxy (RaftServerProxy.java:lambda$start$3(299)) - a5219191-1681-4090-972d-a7550c5191e1: start RPC server
2019-10-17 07:09:26,758 [Datanode State Machine Thread - 0] INFO  server.GrpcService (GrpcService.java:startImpl(158)) - a5219191-1681-4090-972d-a7550c5191e1: GrpcService started, listening on 0.0.0.0/0.0.0.0:32908
2019-10-17 07:09:26,758 [Datanode State Machine Thread - 0] INFO  ratis.XceiverServerRatis (XceiverServerRatis.java:start(428)) - XceiverServerRatis a5219191-1681-4090-972d-a7550c5191e1 is started using port 32908
2019-10-17 07:09:26,758 [Datanode State Machine Thread - 0] INFO  server.XceiverServerGrpc (XceiverServerGrpc.java:start(149)) - XceiverServerGrpc a5219191-1681-4090-972d-a7550c5191e1 is started using port 41357
2019-10-17 07:09:26,820 [Datanode State Machine Thread - 0] INFO  ozoneimpl.OzoneContainer (OzoneContainer.java:start(213)) - Attempting to start container services.
2019-10-17 07:09:26,821 [Datanode State Machine Thread - 0] INFO  ozoneimpl.OzoneContainer (OzoneContainer.java:startContainerScrub(177)) - Background container scanner has been disabled.
2019-10-17 07:09:26,821 [Datanode State Machine Thread - 0] INFO  ratis.XceiverServerRatis (XceiverServerRatis.java:start(418)) - Starting XceiverServerRatis c8a9c3c2-a9d1-4984-920c-603cda31e4c5 at port 0
2019-10-17 07:09:26,828 [Datanode State Machine Thread - 0] INFO  impl.RaftServerProxy (RaftServerProxy.java:lambda$start$3(299)) - c8a9c3c2-a9d1-4984-920c-603cda31e4c5: start RPC server
2019-10-17 07:09:26,842 [Datanode State Machine Thread - 0] INFO  server.GrpcService (GrpcService.java:startImpl(158)) - c8a9c3c2-a9d1-4984-920c-603cda31e4c5: GrpcService started, listening on 0.0.0.0/0.0.0.0:36906
2019-10-17 07:09:26,842 [Datanode State Machine Thread - 0] INFO  ratis.XceiverServerRatis (XceiverServerRatis.java:start(428)) - XceiverServerRatis c8a9c3c2-a9d1-4984-920c-603cda31e4c5 is started using port 36906
2019-10-17 07:09:26,842 [Datanode State Machine Thread - 0] INFO  server.XceiverServerGrpc (XceiverServerGrpc.java:start(149)) - XceiverServerGrpc c8a9c3c2-a9d1-4984-920c-603cda31e4c5 is started using port 45711
2019-10-17 07:09:26,869 [main] INFO  ozone.MiniOzoneClusterImpl (MiniOzoneClusterImpl.java:lambda$waitForClusterToBeReady$0(147)) - Waiting for cluster to be ready. Got 0 of 10 DN Heartbeats.
2019-10-17 07:09:26,884 [Datanode State Machine Thread - 0] INFO  ozoneimpl.OzoneContainer (OzoneContainer.java:start(213)) - Attempting to start container services.
2019-10-17 07:09:26,884 [Datanode State Machine Thread - 0] INFO  ozoneimpl.OzoneContainer (OzoneContainer.java:startContainerScrub(177)) - Background container scanner has been disabled.
2019-10-17 07:09:26,884 [Datanode State Machine Thread - 0] INFO  ratis.XceiverServerRatis (XceiverServerRatis.java:start(418)) - Starting XceiverServerRatis 3a8b13b5-9a2a-4d15-b361-dcd1441f2603 at port 0
2019-10-17 07:09:26,890 [Datanode State Machine Thread - 0] INFO  impl.RaftServerProxy (RaftServerProxy.java:lambda$start$3(299)) - 3a8b13b5-9a2a-4d15-b361-dcd1441f2603: start RPC server
2019-10-17 07:09:26,891 [Datanode State Machine Thread - 0] INFO  server.GrpcService (GrpcService.java:startImpl(158)) - 3a8b13b5-9a2a-4d15-b361-dcd1441f2603: GrpcService started, listening on 0.0.0.0/0.0.0.0:37213
2019-10-17 07:09:26,891 [Datanode State Machine Thread - 0] INFO  ratis.XceiverServerRatis (XceiverServerRatis.java:start(428)) - XceiverServerRatis 3a8b13b5-9a2a-4d15-b361-dcd1441f2603 is started using port 37213
2019-10-17 07:09:26,900 [Datanode State Machine Thread - 0] INFO  server.XceiverServerGrpc (XceiverServerGrpc.java:start(149)) - XceiverServerGrpc 3a8b13b5-9a2a-4d15-b361-dcd1441f2603 is started using port 43364
2019-10-17 07:09:27,869 [main] INFO  ozone.MiniOzoneClusterImpl (MiniOzoneClusterImpl.java:lambda$waitForClusterToBeReady$0(147)) - Waiting for cluster to be ready. Got 0 of 10 DN Heartbeats.
2019-10-17 07:09:28,227 [IPC Server handler 5 on 32805] INFO  net.NetworkTopology (NetworkTopologyImpl.java:add(111)) - Added a new node: /rack1/f3ee4219-89bb-47f2-bbe0-5f784575b745
2019-10-17 07:09:28,230 [IPC Server handler 5 on 32805] INFO  node.SCMNodeManager (SCMNodeManager.java:register(268)) - Registered Data node : f3ee4219-89bb-47f2-bbe0-5f784575b745{ip: 192.168.157.211, host: pr-hdds-2286-nkqct-1837310268, networkLocation: /rack1, certSerialId: null}
2019-10-17 07:09:28,231 [EventQueue-NodeRegistrationContainerReportForDataNodeSafeModeRule] INFO  safemode.SCMSafeModeManager (DataNodeSafeModeRule.java:process(71)) - SCM in safe mode. 1 DataNodes registered, 1 required.
2019-10-17 07:09:28,234 [EventQueue-NodeRegistrationContainerReportForDataNodeSafeModeRule] INFO  safemode.SCMSafeModeManager (SCMSafeModeManager.java:validateSafeModeExitRules(177)) - ScmSafeModeManager, all rules are successfully validated
2019-10-17 07:09:28,234 [EventQueue-NodeRegistrationContainerReportForDataNodeSafeModeRule] INFO  safemode.SCMSafeModeManager (SCMSafeModeManager.java:exitSafeMode(193)) - SCM exiting safe mode.
2019-10-17 07:09:28,259 [grpc-default-executor-5] INFO  impl.RaftServerProxy (RaftServerProxy.java:addNew(89)) - f3ee4219-89bb-47f2-bbe0-5f784575b745: addNew group-F82281D5E8A3:[f3ee4219-89bb-47f2-bbe0-5f784575b745:192.168.157.211:38722] returns group-F82281D5E8A3:java.util.concurrent.CompletableFuture@7310fb8c[Not completed]
2019-10-17 07:09:28,261 [pool-510-thread-1] INFO  impl.RaftServerImpl (RaftServerImpl.java:<init>(104)) - f3ee4219-89bb-47f2-bbe0-5f784575b745: new RaftServerImpl for group-F82281D5E8A3:[f3ee4219-89bb-47f2-bbe0-5f784575b745:192.168.157.211:38722] with ContainerStateMachine:uninitialized
2019-10-17 07:09:28,261 [pool-510-thread-1] INFO  server.RaftServerConfigKeys (ConfUtils.java:logGet(43)) - raft.server.rpc.timeout.min = 1s (custom)
2019-10-17 07:09:28,261 [pool-510-thread-1] INFO  server.RaftServerConfigKeys (ConfUtils.java:logGet(43)) - raft.server.rpc.timeout.max = 1200ms (custom)
2019-10-17 07:09:28,261 [pool-510-thread-1] INFO  server.RaftServerConfigKeys (ConfUtils.java:logGet(43)) - raft.server.rpcslowness.timeout = 120s (custom)
2019-10-17 07:09:28,261 [pool-510-thread-1] INFO  server.RaftServerConfigKeys (ConfUtils.java:logGet(43)) - raft.server.sleep.deviation.threshold = 300 (default)
2019-10-17 07:09:28,261 [pool-510-thread-1] INFO  server.RaftServerConfigKeys (ConfUtils.java:logGet(43)) - raft.server.log.appender.install.snapshot.enabled = false (custom)
2019-10-17 07:09:28,261 [pool-510-thread-1] INFO  impl.RaftServerImpl (ServerState.java:<init>(103)) - f3ee4219-89bb-47f2-bbe0-5f784575b745@group-F82281D5E8A3: ConfigurationManager, init=-1: [f3ee4219-89bb-47f2-bbe0-5f784575b745:192.168.157.211:38722], old=null, confs=<EMPTY_MAP>
2019-10-17 07:09:28,261 [pool-510-thread-1] INFO  server.RaftServerConfigKeys (ConfUtils.java:logGet(43)) - raft.server.storage.dir = [/workdir/hadoop-ozone/integration-test/target/test-dir/MiniOzoneClusterImpl-e7c0418f-15c1-471d-99db-59e1afe04953/datanode-0/data/ratis] (custom)
2019-10-17 07:09:28,262 [pool-510-thread-1] INFO  server.RaftServerConfigKeys (ConfUtils.java:logGet(43)) - raft.server.log.corruption.policy = EXCEPTION (default)
2019-10-17 07:09:28,262 [pool-510-thread-1] INFO  storage.RaftStorageDirectory (RaftStorageDirectory.java:analyzeStorage(246)) - The storage directory /workdir/hadoop-ozone/integration-test/target/test-dir/MiniOzoneClusterImpl-e7c0418f-15c1-471d-99db-59e1afe04953/datanode-0/data/ratis/4d3f15a3-82c4-42c2-86ea-f82281d5e8a3 does not exist. Creating ...
2019-10-17 07:09:28,288 [IPC Server handler 7 on 32805] INFO  net.NetworkTopology (NetworkTopologyImpl.java:add(111)) - Added a new node: /rack1/805254cc-2da6-48d8-a2f9-c1a3ceceab4a
2019-10-17 07:09:28,289 [IPC Server handler 7 on 32805] INFO  node.SCMNodeManager (SCMNodeManager.java:register(268)) - Registered Data node : 805254cc-2da6-48d8-a2f9-c1a3ceceab4a{ip: 192.168.157.211, host: pr-hdds-2286-nkqct-1837310268, networkLocation: /rack1, certSerialId: null}
2019-10-17 07:09:28,292 [pool-510-thread-1] INFO  storage.RaftStorageDirectory (RaftStorageDirectory.java:tryLock(328)) - Lock on /workdir/hadoop-ozone/integration-test/target/test-dir/MiniOzoneClusterImpl-e7c0418f-15c1-471d-99db-59e1afe04953/datanode-0/data/ratis/4d3f15a3-82c4-42c2-86ea-f82281d5e8a3/in_use.lock acquired by nodename 17775@pr-hdds-2286-nkqct-1837310268
2019-10-17 07:09:28,317 [pool-510-thread-1] INFO  storage.RaftStorage (RaftStorage.java:format(84)) - Storage directory /workdir/hadoop-ozone/integration-test/target/test-dir/MiniOzoneClusterImpl-e7c0418f-15c1-471d-99db-59e1afe04953/datanode-0/data/ratis/4d3f15a3-82c4-42c2-86ea-f82281d5e8a3 has been successfully formatted.
2019-10-17 07:09:28,317 [pool-510-thread-1] INFO  ratis.ContainerStateMachine (ContainerStateMachine.java:loadSnapshot(231)) - group-F82281D5E8A3: The snapshot info is null. Setting the last applied indexto:(t:0, i:~)
2019-10-17 07:09:28,317 [pool-510-thread-1] INFO  server.RaftServerConfigKeys (ConfUtils.java:logGet(43)) - raft.server.notification.no-leader.timeout = 120s (custom)
2019-10-17 07:09:28,317 [pool-510-thread-1] INFO  server.RaftServerConfigKeys (ConfUtils.java:logGet(43)) - raft.server.log.use.memory = false (default)
2019-10-17 07:09:28,317 [pool-510-thread-1] INFO  server.RaftServerConfigKeys (ConfUtils.java:logGet(43)) - raft.server.log.purge.gap = 1000000 (custom)
2019-10-17 07:09:28,317 [pool-510-thread-1] INFO  server.RaftServerConfigKeys (ConfUtils.java:logGet(43)) - raft.server.log.appender.buffer.byte-limit = 33554432 (custom)
2019-10-17 07:09:28,318 [pool-510-thread-1] INFO  server.RaftServerConfigKeys (ConfUtils.java:logGet(43)) - raft.server.log.segment.size.max = 1048576 (custom)
2019-10-17 07:09:28,319 [pool-510-thread-1] INFO  server.RaftServerConfigKeys (ConfUtils.java:logGet(43)) - raft.server.log.segment.cache.num.max = 2 (custom)
2019-10-17 07:09:28,319 [pool-510-thread-1] INFO  segmented.SegmentedRaftLogWorker (SegmentedRaftLogWorker.java:<init>(173)) - new f3ee4219-89bb-47f2-bbe0-5f784575b745@group-F82281D5E8A3-SegmentedRaftLogWorker for RaftStorage:Storage Directory /workdir/hadoop-ozone/integration-test/target/test-dir/MiniOzoneClusterImpl-e7c0418f-15c1-471d-99db-59e1afe04953/datanode-0/data/ratis/4d3f15a3-82c4-42c2-86ea-f82281d5e8a3
2019-10-17 07:09:28,319 [pool-510-thread-1] INFO  server.RaftServerConfigKeys (ConfUtils.java:logGet(43)) - raft.server.log.queue.byte-limit = 2147483647 (custom)
2019-10-17 07:09:28,319 [pool-510-thread-1] INFO  server.RaftServerConfigKeys (ConfUtils.java:logGet(43)) - raft.server.log.queue.element-limit = 1024 (custom)
2019-10-17 07:09:28,320 [pool-510-thread-1] INFO  server.RaftServerConfigKeys (ConfUtils.java:logGet(43)) - raft.server.log.segment.size.max = 1048576 (custom)
2019-10-17 07:09:28,320 [pool-510-thread-1] INFO  server.RaftServerConfigKeys (ConfUtils.java:logGet(43)) - raft.server.log.preallocated.size = 16384 (custom)
2019-10-17 07:09:28,320 [pool-510-thread-1] INFO  server.RaftServerConfigKeys (ConfUtils.java:logGet(43)) - raft.server.log.write.buffer.size = 33554432 (custom)
2019-10-17 07:09:28,320 [pool-510-thread-1] INFO  server.RaftServerConfigKeys (ConfUtils.java:logGet(43)) - raft.server.log.force.sync.num = 128 (default)
2019-10-17 07:09:28,320 [pool-510-thread-1] INFO  server.RaftServerConfigKeys (ConfUtils.java:logGet(43)) - raft.server.log.statemachine.data.sync = true (default)
2019-10-17 07:09:28,320 [pool-510-thread-1] INFO  server.RaftServerConfigKeys (ConfUtils.java:logGet(43)) - raft.server.log.statemachine.data.sync.timeout = 10s (default)
2019-10-17 07:09:28,320 [pool-510-thread-1] INFO  server.RaftServerConfigKeys (ConfUtils.java:logGet(43)) - raft.server.log.statemachine.data.sync.timeout.retry = -1 (default)
2019-10-17 07:09:28,321 [pool-510-thread-1] INFO  server.RaftServerConfigKeys (ConfUtils.java:logGet(43)) - raft.server.log.statemachine.data.caching.enabled = true (custom)
2019-10-17 07:09:28,321 [pool-510-thread-1] INFO  segmented.SegmentedRaftLogWorker (SegmentedRaftLogWorker.java:lambda$new$0(128)) - f3ee4219-89bb-47f2-bbe0-5f784575b745@group-F82281D5E8A3-SegmentedRaftLogWorker: flushIndex: setUnconditionally 0 -> -1
2019-10-17 07:09:28,321 [pool-510-thread-1] INFO  server.RaftServerConfigKeys (ConfUtils.java:logGet(43)) - raft.server.snapshot.auto.trigger.enabled = true (custom)
2019-10-17 07:09:28,321 [pool-510-thread-1] INFO  server.RaftServerConfigKeys (ConfUtils.java:logGet(43)) - raft.server.snapshot.auto.trigger.threshold = 10000 (custom)
2019-10-17 07:09:28,321 [pool-510-thread-1] INFO  server.RaftServerConfigKeys (ConfUtils.java:logGet(43)) - raft.server.snapshot.retention.file.num = 5 (custom)
2019-10-17 07:09:28,321 [pool-510-thread-1] INFO  server.RaftServerConfigKeys (ConfUtils.java:logGet(43)) - raft.server.retrycache.expirytime = 600000ms (custom)
2019-10-17 07:09:28,324 [pool-510-thread-1] INFO  impl.RaftServerImpl (RaftServerImpl.java:start(195)) - f3ee4219-89bb-47f2-bbe0-5f784575b745@group-F82281D5E8A3: start as a follower, conf=-1: [f3ee4219-89bb-47f2-bbe0-5f784575b745:192.168.157.211:38722], old=null
2019-10-17 07:09:28,324 [pool-510-thread-1] INFO  impl.RaftServerImpl (RaftServerImpl.java:setRole(184)) - f3ee4219-89bb-47f2-bbe0-5f784575b745@group-F82281D5E8A3: changes role from      null to FOLLOWER at term 0 for startAsFollower
2019-10-17 07:09:28,324 [pool-510-thread-1] INFO  impl.RoleInfo (RoleInfo.java:updateAndGet(143)) - f3ee4219-89bb-47f2-bbe0-5f784575b745: start FollowerState
2019-10-17 07:09:28,324 [pool-510-thread-1] INFO  util.JmxRegister (JmxRegister.java:tryRegister(44)) - Successfully registered JMX Bean with object name Ratis:service=RaftServer,group=group-F82281D5E8A3,id=f3ee4219-89bb-47f2-bbe0-5f784575b745
2019-10-17 07:09:28,328 [RatisPipelineUtilsThread] INFO  pipeline.PipelineStateManager (PipelineStateManager.java:addPipeline(56)) - Created pipeline Pipeline[ Id: 4d3f15a3-82c4-42c2-86ea-f82281d5e8a3, Nodes: f3ee4219-89bb-47f2-bbe0-5f784575b745{ip: 192.168.157.211, host: pr-hdds-2286-nkqct-1837310268, networkLocation: /rack1, certSerialId: null}, Type:RATIS, Factor:ONE, State:OPEN]
2019-10-17 07:09:28,334 [grpc-default-executor-5] INFO  impl.RaftServerProxy (RaftServerProxy.java:addNew(89)) - 805254cc-2da6-48d8-a2f9-c1a3ceceab4a: addNew group-A21122A915C2:[805254cc-2da6-48d8-a2f9-c1a3ceceab4a:192.168.157.211:35407] returns group-A21122A915C2:java.util.concurrent.CompletableFuture@66f9449[Not completed]
2019-10-17 07:09:28,335 [pool-520-thread-1] INFO  impl.RaftServerImpl (RaftServerImpl.java:<init>(104)) - 805254cc-2da6-48d8-a2f9-c1a3ceceab4a: new RaftServerImpl for group-A21122A915C2:[805254cc-2da6-48d8-a2f9-c1a3ceceab4a:192.168.157.211:35407] with ContainerStateMachine:uninitialized
2019-10-17 07:09:28,335 [pool-520-thread-1] INFO  server.RaftServerConfigKeys (ConfUtils.java:logGet(43)) - raft.server.rpc.timeout.min = 1s (custom)
2019-10-17 07:09:28,335 [pool-520-thread-1] INFO  server.RaftServerConfigKeys (ConfUtils.java:logGet(43)) - raft.server.rpc.timeout.max = 1200ms (custom)
2019-10-17 07:09:28,335 [pool-520-thread-1] INFO  server.RaftServerConfigKeys (ConfUtils.java:logGet(43)) - raft.server.rpcslowness.timeout = 120s (custom)
2019-10-17 07:09:28,335 [pool-520-thread-1] INFO  server.RaftServerConfigKeys (ConfUtils.java:logGet(43)) - raft.server.sleep.deviation.threshold = 300 (default)
2019-10-17 07:09:28,335 [pool-520-thread-1] INFO  server.RaftServerConfigKeys (ConfUtils.java:logGet(43)) - raft.server.log.appender.install.snapshot.enabled = false (custom)
2019-10-17 07:09:28,335 [pool-520-thread-1] INFO  impl.RaftServerImpl (ServerState.java:<init>(103)) - 805254cc-2da6-48d8-a2f9-c1a3ceceab4a@group-A21122A915C2: ConfigurationManager, init=-1: [805254cc-2da6-48d8-a2f9-c1a3ceceab4a:192.168.157.211:35407], old=null, confs=<EMPTY_MAP>
2019-10-17 07:09:28,336 [pool-520-thread-1] INFO  server.RaftServerConfigKeys (ConfUtils.java:logGet(43)) - raft.server.storage.dir = [/workdir/hadoop-ozone/integration-test/target/test-dir/MiniOzoneClusterImpl-e7c0418f-15c1-471d-99db-59e1afe04953/datanode-1/data/ratis] (custom)
2019-10-17 07:09:28,336 [pool-520-thread-1] INFO  server.RaftServerConfigKeys (ConfUtils.java:logGet(43)) - raft.server.log.corruption.policy = EXCEPTION (default)
2019-10-17 07:09:28,336 [pool-520-thread-1] INFO  storage.RaftStorageDirectory (RaftStorageDirectory.java:analyzeStorage(246)) - The storage directory /workdir/hadoop-ozone/integration-test/target/test-dir/MiniOzoneClusterImpl-e7c0418f-15c1-471d-99db-59e1afe04953/datanode-1/data/ratis/f90fed4e-c58d-4e54-8470-a21122a915c2 does not exist. Creating ...
2019-10-17 07:09:28,348 [pool-520-thread-1] INFO  storage.RaftStorageDirectory (RaftStorageDirectory.java:tryLock(328)) - Lock on /workdir/hadoop-ozone/integration-test/target/test-dir/MiniOzoneClusterImpl-e7c0418f-15c1-471d-99db-59e1afe04953/datanode-1/data/ratis/f90fed4e-c58d-4e54-8470-a21122a915c2/in_use.lock acquired by nodename 17775@pr-hdds-2286-nkqct-1837310268
2019-10-17 07:09:28,351 [IPC Server handler 6 on 32805] INFO  net.NetworkTopology (NetworkTopologyImpl.java:add(111)) - Added a new node: /rack1/696df33b-59a0-4145-913f-936aff0d1566
2019-10-17 07:09:28,351 [IPC Server handler 6 on 32805] INFO  node.SCMNodeManager (SCMNodeManager.java:register(268)) - Registered Data node : 696df33b-59a0-4145-913f-936aff0d1566{ip: 192.168.157.211, host: pr-hdds-2286-nkqct-1837310268, networkLocation: /rack1, certSerialId: null}
2019-10-17 07:09:28,361 [pool-520-thread-1] INFO  storage.RaftStorage (RaftStorage.java:format(84)) - Storage directory /workdir/hadoop-ozone/integration-test/target/test-dir/MiniOzoneClusterImpl-e7c0418f-15c1-471d-99db-59e1afe04953/datanode-1/data/ratis/f90fed4e-c58d-4e54-8470-a21122a915c2 has been successfully formatted.
2019-10-17 07:09:28,361 [pool-520-thread-1] INFO  ratis.ContainerStateMachine (ContainerStateMachine.java:loadSnapshot(231)) - group-A21122A915C2: The snapshot info is null. Setting the last applied indexto:(t:0, i:~)
2019-10-17 07:09:28,361 [pool-520-thread-1] INFO  server.RaftServerConfigKeys (ConfUtils.java:logGet(43)) - raft.server.notification.no-leader.timeout = 120s (custom)
2019-10-17 07:09:28,361 [pool-520-thread-1] INFO  server.RaftServerConfigKeys (ConfUtils.java:logGet(43)) - raft.server.log.use.memory = false (default)
2019-10-17 07:09:28,362 [pool-520-thread-1] INFO  server.RaftServerConfigKeys (ConfUtils.java:logGet(43)) - raft.server.log.purge.gap = 1000000 (custom)
2019-10-17 07:09:28,362 [pool-520-thread-1] INFO  server.RaftServerConfigKeys (ConfUtils.java:logGet(43)) - raft.server.log.appender.buffer.byte-limit = 33554432 (custom)
2019-10-17 07:09:28,362 [pool-520-thread-1] INFO  server.RaftServerConfigKeys (ConfUtils.java:logGet(43)) - raft.server.log.segment.size.max = 1048576 (custom)
2019-10-17 07:09:28,363 [pool-520-thread-1] INFO  server.RaftServerConfigKeys (ConfUtils.java:logGet(43)) - raft.server.log.segment.cache.num.max = 2 (custom)
2019-10-17 07:09:28,363 [pool-520-thread-1] INFO  segmented.SegmentedRaftLogWorker (SegmentedRaftLogWorker.java:<init>(173)) - new 805254cc-2da6-48d8-a2f9-c1a3ceceab4a@group-A21122A915C2-SegmentedRaftLogWorker for RaftStorage:Storage Directory /workdir/hadoop-ozone/integration-test/target/test-dir/MiniOzoneClusterImpl-e7c0418f-15c1-471d-99db-59e1afe04953/datanode-1/data/ratis/f90fed4e-c58d-4e54-8470-a21122a915c2
2019-10-17 07:09:28,363 [pool-520-thread-1] INFO  server.RaftServerConfigKeys (ConfUtils.java:logGet(43)) - raft.server.log.queue.byte-limit = 2147483647 (custom)
2019-10-17 07:09:28,363 [pool-520-thread-1] INFO  server.RaftServerConfigKeys (ConfUtils.java:logGet(43)) - raft.server.log.queue.element-limit = 1024 (custom)
2019-10-17 07:09:28,364 [pool-520-thread-1] INFO  server.RaftServerConfigKeys (ConfUtils.java:logGet(43)) - raft.server.log.segment.size.max = 1048576 (custom)
2019-10-17 07:09:28,364 [pool-520-thread-1] INFO  server.RaftServerConfigKeys (ConfUtils.java:logGet(43)) - raft.server.log.preallocated.size = 16384 (custom)
2019-10-17 07:09:28,364 [pool-520-thread-1] INFO  server.RaftServerConfigKeys (ConfUtils.java:logGet(43)) - raft.server.log.write.buffer.size = 33554432 (custom)
2019-10-17 07:09:28,364 [pool-520-thread-1] INFO  server.RaftServerConfigKeys (ConfUtils.java:logGet(43)) - raft.server.log.force.sync.num = 128 (default)
2019-10-17 07:09:28,364 [pool-520-thread-1] INFO  server.RaftServerConfigKeys (ConfUtils.java:logGet(43)) - raft.server.log.statemachine.data.sync = true (default)
2019-10-17 07:09:28,364 [pool-520-thread-1] INFO  server.RaftServerConfigKeys (ConfUtils.java:logGet(43)) - raft.server.log.statemachine.data.sync.timeout = 10s (default)
2019-10-17 07:09:28,364 [pool-520-thread-1] INFO  server.RaftServerConfigKeys (ConfUtils.java:logGet(43)) - raft.server.log.statemachine.data.sync.timeout.retry = -1 (default)
2019-10-17 07:09:28,364 [pool-520-thread-1] INFO  server.RaftServerConfigKeys (ConfUtils.java:logGet(43)) - raft.server.log.statemachine.data.caching.enabled = true (custom)
2019-10-17 07:09:28,365 [pool-520-thread-1] INFO  segmented.SegmentedRaftLogWorker (SegmentedRaftLogWorker.java:lambda$new$0(128)) - 805254cc-2da6-48d8-a2f9-c1a3ceceab4a@group-A21122A915C2-SegmentedRaftLogWorker: flushIndex: setUnconditionally 0 -> -1
2019-10-17 07:09:28,365 [pool-520-thread-1] INFO  server.RaftServerConfigKeys (ConfUtils.java:logGet(43)) - raft.server.snapshot.auto.trigger.enabled = true (custom)
2019-10-17 07:09:28,365 [pool-520-thread-1] INFO  server.RaftServerConfigKeys (ConfUtils.java:logGet(43)) - raft.server.snapshot.auto.trigger.threshold = 10000 (custom)
2019-10-17 07:09:28,365 [pool-520-thread-1] INFO  server.RaftServerConfigKeys (ConfUtils.java:logGet(43)) - raft.server.snapshot.retention.file.num = 5 (custom)
2019-10-17 07:09:28,365 [pool-520-thread-1] INFO  server.RaftServerConfigKeys (ConfUtils.java:logGet(43)) - raft.server.retrycache.expirytime = 600000ms (custom)
2019-10-17 07:09:28,367 [pool-520-thread-1] INFO  impl.RaftServerImpl (RaftServerImpl.java:start(195)) - 805254cc-2da6-48d8-a2f9-c1a3ceceab4a@group-A21122A915C2: start as a follower, conf=-1: [805254cc-2da6-48d8-a2f9-c1a3ceceab4a:192.168.157.211:35407], old=null
2019-10-17 07:09:28,367 [pool-520-thread-1] INFO  impl.RaftServerImpl (RaftServerImpl.java:setRole(184)) - 805254cc-2da6-48d8-a2f9-c1a3ceceab4a@group-A21122A915C2: changes role from      null to FOLLOWER at term 0 for startAsFollower
2019-10-17 07:09:28,367 [pool-520-thread-1] INFO  impl.RoleInfo (RoleInfo.java:updateAndGet(143)) - 805254cc-2da6-48d8-a2f9-c1a3ceceab4a: start FollowerState
2019-10-17 07:09:28,368 [pool-520-thread-1] INFO  util.JmxRegister (JmxRegister.java:tryRegister(44)) - Successfully registered JMX Bean with object name Ratis:service=RaftServer,group=group-A21122A915C2,id=805254cc-2da6-48d8-a2f9-c1a3ceceab4a
2019-10-17 07:09:28,370 [RatisPipelineUtilsThread] INFO  pipeline.PipelineStateManager (PipelineStateManager.java:addPipeline(56)) - Created pipeline Pipeline[ Id: f90fed4e-c58d-4e54-8470-a21122a915c2, Nodes: 805254cc-2da6-48d8-a2f9-c1a3ceceab4a{ip: 192.168.157.211, host: pr-hdds-2286-nkqct-1837310268, networkLocation: /rack1, certSerialId: null}, Type:RATIS, Factor:ONE, State:OPEN]
2019-10-17 07:09:28,376 [grpc-default-executor-5] INFO  impl.RaftServerProxy (RaftServerProxy.java:addNew(89)) - 696df33b-59a0-4145-913f-936aff0d1566: addNew group-7859C2A166C6:[696df33b-59a0-4145-913f-936aff0d1566:192.168.157.211:38803] returns group-7859C2A166C6:java.util.concurrent.CompletableFuture@29ddd774[Not completed]
2019-10-17 07:09:28,377 [pool-530-thread-1] INFO  impl.RaftServerImpl (RaftServerImpl.java:<init>(104)) - 696df33b-59a0-4145-913f-936aff0d1566: new RaftServerImpl for group-7859C2A166C6:[696df33b-59a0-4145-913f-936aff0d1566:192.168.157.211:38803] with ContainerStateMachine:uninitialized
2019-10-17 07:09:28,377 [pool-530-thread-1] INFO  server.RaftServerConfigKeys (ConfUtils.java:logGet(43)) - raft.server.rpc.timeout.min = 1s (custom)
2019-10-17 07:09:28,377 [pool-530-thread-1] INFO  server.RaftServerConfigKeys (ConfUtils.java:logGet(43)) - raft.server.rpc.timeout.max = 1200ms (custom)
2019-10-17 07:09:28,377 [pool-530-thread-1] INFO  server.RaftServerConfigKeys (ConfUtils.java:logGet(43)) - raft.server.rpcslowness.timeout = 120s (custom)
2019-10-17 07:09:28,377 [pool-530-thread-1] INFO  server.RaftServerConfigKeys (ConfUtils.java:logGet(43)) - raft.server.sleep.deviation.threshold = 300 (default)
2019-10-17 07:09:28,377 [pool-530-thread-1] INFO  server.RaftServerConfigKeys (ConfUtils.java:logGet(43)) - raft.server.log.appender.install.snapshot.enabled = false (custom)
2019-10-17 07:09:28,377 [pool-530-thread-1] INFO  impl.RaftServerImpl (ServerState.java:<init>(103)) - 696df33b-59a0-4145-913f-936aff0d1566@group-7859C2A166C6: ConfigurationManager, init=-1: [696df33b-59a0-4145-913f-936aff0d1566:192.168.157.211:38803], old=null, confs=<EMPTY_MAP>
2019-10-17 07:09:28,377 [pool-530-thread-1] INFO  server.RaftServerConfigKeys (ConfUtils.java:logGet(43)) - raft.server.storage.dir = [/workdir/hadoop-ozone/integration-test/target/test-dir/MiniOzoneClusterImpl-e7c0418f-15c1-471d-99db-59e1afe04953/datanode-2/data/ratis] (custom)
2019-10-17 07:09:28,377 [pool-530-thread-1] INFO  server.RaftServerConfigKeys (ConfUtils.java:logGet(43)) - raft.server.log.corruption.policy = EXCEPTION (default)
2019-10-17 07:09:28,378 [pool-530-thread-1] INFO  storage.RaftStorageDirectory (RaftStorageDirectory.java:analyzeStorage(246)) - The storage directory /workdir/hadoop-ozone/integration-test/target/test-dir/MiniOzoneClusterImpl-e7c0418f-15c1-471d-99db-59e1afe04953/datanode-2/data/ratis/62fecc0a-e66b-4468-b7c5-7859c2a166c6 does not exist. Creating ...
2019-10-17 07:09:28,391 [pool-530-thread-1] INFO  storage.RaftStorageDirectory (RaftStorageDirectory.java:tryLock(328)) - Lock on /workdir/hadoop-ozone/integration-test/target/test-dir/MiniOzoneClusterImpl-e7c0418f-15c1-471d-99db-59e1afe04953/datanode-2/data/ratis/62fecc0a-e66b-4468-b7c5-7859c2a166c6/in_use.lock acquired by nodename 17775@pr-hdds-2286-nkqct-1837310268
2019-10-17 07:09:28,404 [pool-530-thread-1] INFO  storage.RaftStorage (RaftStorage.java:format(84)) - Storage directory /workdir/hadoop-ozone/integration-test/target/test-dir/MiniOzoneClusterImpl-e7c0418f-15c1-471d-99db-59e1afe04953/datanode-2/data/ratis/62fecc0a-e66b-4468-b7c5-7859c2a166c6 has been successfully formatted.
2019-10-17 07:09:28,404 [pool-530-thread-1] INFO  ratis.ContainerStateMachine (ContainerStateMachine.java:loadSnapshot(231)) - group-7859C2A166C6: The snapshot info is null. Setting the last applied indexto:(t:0, i:~)
2019-10-17 07:09:28,404 [pool-530-thread-1] INFO  server.RaftServerConfigKeys (ConfUtils.java:logGet(43)) - raft.server.notification.no-leader.timeout = 120s (custom)
2019-10-17 07:09:28,404 [pool-530-thread-1] INFO  server.RaftServerConfigKeys (ConfUtils.java:logGet(43)) - raft.server.log.use.memory = false (default)
2019-10-17 07:09:28,404 [pool-530-thread-1] INFO  server.RaftServerConfigKeys (ConfUtils.java:logGet(43)) - raft.server.log.purge.gap = 1000000 (custom)
2019-10-17 07:09:28,404 [pool-530-thread-1] INFO  server.RaftServerConfigKeys (ConfUtils.java:logGet(43)) - raft.server.log.appender.buffer.byte-limit = 33554432 (custom)
2019-10-17 07:09:28,404 [pool-530-thread-1] INFO  server.RaftServerConfigKeys (ConfUtils.java:logGet(43)) - raft.server.log.segment.size.max = 1048576 (custom)
2019-10-17 07:09:28,406 [pool-530-thread-1] INFO  server.RaftServerConfigKeys (ConfUtils.java:logGet(43)) - raft.server.log.segment.cache.num.max = 2 (custom)
2019-10-17 07:09:28,406 [pool-530-thread-1] INFO  segmented.SegmentedRaftLogWorker (SegmentedRaftLogWorker.java:<init>(173)) - new 696df33b-59a0-4145-913f-936aff0d1566@group-7859C2A166C6-SegmentedRaftLogWorker for RaftStorage:Storage Directory /workdir/hadoop-ozone/integration-test/target/test-dir/MiniOzoneClusterImpl-e7c0418f-15c1-471d-99db-59e1afe04953/datanode-2/data/ratis/62fecc0a-e66b-4468-b7c5-7859c2a166c6
2019-10-17 07:09:28,406 [pool-530-thread-1] INFO  server.RaftServerConfigKeys (ConfUtils.java:logGet(43)) - raft.server.log.queue.byte-limit = 2147483647 (custom)
2019-10-17 07:09:28,406 [pool-530-thread-1] INFO  server.RaftServerConfigKeys (ConfUtils.java:logGet(43)) - raft.server.log.queue.element-limit = 1024 (custom)
2019-10-17 07:09:28,406 [pool-530-thread-1] INFO  server.RaftServerConfigKeys (ConfUtils.java:logGet(43)) - raft.server.log.segment.size.max = 1048576 (custom)
2019-10-17 07:09:28,406 [pool-530-thread-1] INFO  server.RaftServerConfigKeys (ConfUtils.java:logGet(43)) - raft.server.log.preallocated.size = 16384 (custom)
2019-10-17 07:09:28,406 [pool-530-thread-1] INFO  server.RaftServerConfigKeys (ConfUtils.java:logGet(43)) - raft.server.log.write.buffer.size = 33554432 (custom)
2019-10-17 07:09:28,406 [pool-530-thread-1] INFO  server.RaftServerConfigKeys (ConfUtils.java:logGet(43)) - raft.server.log.force.sync.num = 128 (default)
2019-10-17 07:09:28,407 [pool-530-thread-1] INFO  server.RaftServerConfigKeys (ConfUtils.java:logGet(43)) - raft.server.log.statemachine.data.sync = true (default)
2019-10-17 07:09:28,407 [pool-530-thread-1] INFO  server.RaftServerConfigKeys (ConfUtils.java:logGet(43)) - raft.server.log.statemachine.data.sync.timeout = 10s (default)
2019-10-17 07:09:28,407 [pool-530-thread-1] INFO  server.RaftServerConfigKeys (ConfUtils.java:logGet(43)) - raft.server.log.statemachine.data.sync.timeout.retry = -1 (default)
2019-10-17 07:09:28,407 [pool-530-thread-1] INFO  server.RaftServerConfigKeys (ConfUtils.java:logGet(43)) - raft.server.log.statemachine.data.caching.enabled = true (custom)
2019-10-17 07:09:28,407 [pool-530-thread-1] INFO  segmented.SegmentedRaftLogWorker (SegmentedRaftLogWorker.java:lambda$new$0(128)) - 696df33b-59a0-4145-913f-936aff0d1566@group-7859C2A166C6-SegmentedRaftLogWorker: flushIndex: setUnconditionally 0 -> -1
2019-10-17 07:09:28,407 [pool-530-thread-1] INFO  server.RaftServerConfigKeys (ConfUtils.java:logGet(43)) - raft.server.snapshot.auto.trigger.enabled = true (custom)
2019-10-17 07:09:28,408 [pool-530-thread-1] INFO  server.RaftServerConfigKeys (ConfUtils.java:logGet(43)) - raft.server.snapshot.auto.trigger.threshold = 10000 (custom)
2019-10-17 07:09:28,408 [pool-530-thread-1] INFO  server.RaftServerConfigKeys (ConfUtils.java:logGet(43)) - raft.server.snapshot.retention.file.num = 5 (custom)
2019-10-17 07:09:28,408 [pool-530-thread-1] INFO  server.RaftServerConfigKeys (ConfUtils.java:logGet(43)) - raft.server.retrycache.expirytime = 600000ms (custom)
2019-10-17 07:09:28,410 [pool-530-thread-1] INFO  impl.RaftServerImpl (RaftServerImpl.java:start(195)) - 696df33b-59a0-4145-913f-936aff0d1566@group-7859C2A166C6: start as a follower, conf=-1: [696df33b-59a0-4145-913f-936aff0d1566:192.168.157.211:38803], old=null
2019-10-17 07:09:28,410 [pool-530-thread-1] INFO  impl.RaftServerImpl (RaftServerImpl.java:setRole(184)) - 696df33b-59a0-4145-913f-936aff0d1566@group-7859C2A166C6: changes role from      null to FOLLOWER at term 0 for startAsFollower
2019-10-17 07:09:28,410 [pool-530-thread-1] INFO  impl.RoleInfo (RoleInfo.java:updateAndGet(143)) - 696df33b-59a0-4145-913f-936aff0d1566: start FollowerState
2019-10-17 07:09:28,410 [pool-530-thread-1] INFO  util.JmxRegister (JmxRegister.java:tryRegister(44)) - Successfully registered JMX Bean with object name Ratis:service=RaftServer,group=group-7859C2A166C6,id=696df33b-59a0-4145-913f-936aff0d1566
2019-10-17 07:09:28,413 [RatisPipelineUtilsThread] INFO  pipeline.PipelineStateManager (PipelineStateManager.java:addPipeline(56)) - Created pipeline Pipeline[ Id: 62fecc0a-e66b-4468-b7c5-7859c2a166c6, Nodes: 696df33b-59a0-4145-913f-936aff0d1566{ip: 192.168.157.211, host: pr-hdds-2286-nkqct-1837310268, networkLocation: /rack1, certSerialId: null}, Type:RATIS, Factor:ONE, State:OPEN]
2019-10-17 07:09:28,417 [IPC Server handler 8 on 32805] INFO  net.NetworkTopology (NetworkTopologyImpl.java:add(111)) - Added a new node: /rack1/5f7ef38b-a645-4f95-94e6-bd075ea30748
2019-10-17 07:09:28,419 [IPC Server handler 8 on 32805] INFO  node.SCMNodeManager (SCMNodeManager.java:register(268)) - Registered Data node : 5f7ef38b-a645-4f95-94e6-bd075ea30748{ip: 192.168.157.211, host: pr-hdds-2286-nkqct-1837310268, networkLocation: /rack1, certSerialId: null}
2019-10-17 07:09:28,423 [grpc-default-executor-2] INFO  impl.RaftServerProxy (RaftServerProxy.java:addNew(89)) - 696df33b-59a0-4145-913f-936aff0d1566: addNew group-2C0FEEE55AE1:[f3ee4219-89bb-47f2-bbe0-5f784575b745:192.168.157.211:38722, 805254cc-2da6-48d8-a2f9-c1a3ceceab4a:192.168.157.211:35407, 696df33b-59a0-4145-913f-936aff0d1566:192.168.157.211:38803] returns group-2C0FEEE55AE1:java.util.concurrent.CompletableFuture@44189673[Not completed]
2019-10-17 07:09:28,424 [grpc-default-executor-2] INFO  impl.RaftServerProxy (RaftServerProxy.java:addNew(89)) - f3ee4219-89bb-47f2-bbe0-5f784575b745: addNew group-2C0FEEE55AE1:[f3ee4219-89bb-47f2-bbe0-5f784575b745:192.168.157.211:38722, 805254cc-2da6-48d8-a2f9-c1a3ceceab4a:192.168.157.211:35407, 696df33b-59a0-4145-913f-936aff0d1566:192.168.157.211:38803] returns group-2C0FEEE55AE1:java.util.concurrent.CompletableFuture@43a6677e[Not completed]
2019-10-17 07:09:28,424 [grpc-default-executor-0] INFO  impl.RaftServerProxy (RaftServerProxy.java:addNew(89)) - 805254cc-2da6-48d8-a2f9-c1a3ceceab4a: addNew group-2C0FEEE55AE1:[f3ee4219-89bb-47f2-bbe0-5f784575b745:192.168.157.211:38722, 805254cc-2da6-48d8-a2f9-c1a3ceceab4a:192.168.157.211:35407, 696df33b-59a0-4145-913f-936aff0d1566:192.168.157.211:38803] returns group-2C0FEEE55AE1:java.util.concurrent.CompletableFuture@474ad5af[Not completed]
2019-10-17 07:09:28,424 [pool-530-thread-1] INFO  impl.RaftServerImpl (RaftServerImpl.java:<init>(104)) - 696df33b-59a0-4145-913f-936aff0d1566: new RaftServerImpl for group-2C0FEEE55AE1:[f3ee4219-89bb-47f2-bbe0-5f784575b745:192.168.157.211:38722, 805254cc-2da6-48d8-a2f9-c1a3ceceab4a:192.168.157.211:35407, 696df33b-59a0-4145-913f-936aff0d1566:192.168.157.211:38803] with ContainerStateMachine:uninitialized
2019-10-17 07:09:28,424 [pool-530-thread-1] INFO  server.RaftServerConfigKeys (ConfUtils.java:logGet(43)) - raft.server.rpc.timeout.min = 1s (custom)
2019-10-17 07:09:28,425 [pool-530-thread-1] INFO  server.RaftServerConfigKeys (ConfUtils.java:logGet(43)) - raft.server.rpc.timeout.max = 1200ms (custom)
2019-10-17 07:09:28,425 [pool-530-thread-1] INFO  server.RaftServerConfigKeys (ConfUtils.java:logGet(43)) - raft.server.rpcslowness.timeout = 120s (custom)
2019-10-17 07:09:28,425 [pool-530-thread-1] INFO  server.RaftServerConfigKeys (ConfUtils.java:logGet(43)) - raft.server.sleep.deviation.threshold = 300 (default)
2019-10-17 07:09:28,425 [pool-530-thread-1] INFO  server.RaftServerConfigKeys (ConfUtils.java:logGet(43)) - raft.server.log.appender.install.snapshot.enabled = false (custom)
2019-10-17 07:09:28,425 [pool-530-thread-1] INFO  impl.RaftServerImpl (ServerState.java:<init>(103)) - 696df33b-59a0-4145-913f-936aff0d1566@group-2C0FEEE55AE1: ConfigurationManager, init=-1: [f3ee4219-89bb-47f2-bbe0-5f784575b745:192.168.157.211:38722, 805254cc-2da6-48d8-a2f9-c1a3ceceab4a:192.168.157.211:35407, 696df33b-59a0-4145-913f-936aff0d1566:192.168.157.211:38803], old=null, confs=<EMPTY_MAP>
2019-10-17 07:09:28,425 [pool-510-thread-1] INFO  impl.RaftServerImpl (RaftServerImpl.java:<init>(104)) - f3ee4219-89bb-47f2-bbe0-5f784575b745: new RaftServerImpl for group-2C0FEEE55AE1:[f3ee4219-89bb-47f2-bbe0-5f784575b745:192.168.157.211:38722, 805254cc-2da6-48d8-a2f9-c1a3ceceab4a:192.168.157.211:35407, 696df33b-59a0-4145-913f-936aff0d1566:192.168.157.211:38803] with ContainerStateMachine:uninitialized
2019-10-17 07:09:28,425 [pool-530-thread-1] INFO  server.RaftServerConfigKeys (ConfUtils.java:logGet(43)) - raft.server.storage.dir = [/workdir/hadoop-ozone/integration-test/target/test-dir/MiniOzoneClusterImpl-e7c0418f-15c1-471d-99db-59e1afe04953/datanode-2/data/ratis] (custom)
2019-10-17 07:09:28,425 [pool-510-thread-1] INFO  server.RaftServerConfigKeys (ConfUtils.java:logGet(43)) - raft.server.rpc.timeout.min = 1s (custom)
2019-10-17 07:09:28,425 [pool-530-thread-1] INFO  server.RaftServerConfigKeys (ConfUtils.java:logGet(43)) - raft.server.log.corruption.policy = EXCEPTION (default)
2019-10-17 07:09:28,425 [pool-510-thread-1] INFO  server.RaftServerConfigKeys (ConfUtils.java:logGet(43)) - raft.server.rpc.timeout.max = 1200ms (custom)
2019-10-17 07:09:28,426 [pool-510-thread-1] INFO  server.RaftServerConfigKeys (ConfUtils.java:logGet(43)) - raft.server.rpcslowness.timeout = 120s (custom)
2019-10-17 07:09:28,426 [pool-520-thread-1] INFO  impl.RaftServerImpl (RaftServerImpl.java:<init>(104)) - 805254cc-2da6-48d8-a2f9-c1a3ceceab4a: new RaftServerImpl for group-2C0FEEE55AE1:[f3ee4219-89bb-47f2-bbe0-5f784575b745:192.168.157.211:38722, 805254cc-2da6-48d8-a2f9-c1a3ceceab4a:192.168.157.211:35407, 696df33b-59a0-4145-913f-936aff0d1566:192.168.157.211:38803] with ContainerStateMachine:uninitialized
2019-10-17 07:09:28,426 [pool-530-thread-1] INFO  storage.RaftStorageDirectory (RaftStorageDirectory.java:analyzeStorage(246)) - The storage directory /workdir/hadoop-ozone/integration-test/target/test-dir/MiniOzoneClusterImpl-e7c0418f-15c1-471d-99db-59e1afe04953/datanode-2/data/ratis/4f463c09-2de0-4886-bad6-2c0feee55ae1 does not exist. Creating ...
2019-10-17 07:09:28,426 [pool-520-thread-1] INFO  server.RaftServerConfigKeys (ConfUtils.java:logGet(43)) - raft.server.rpc.timeout.min = 1s (custom)
2019-10-17 07:09:28,426 [pool-510-thread-1] INFO  server.RaftServerConfigKeys (ConfUtils.java:logGet(43)) - raft.server.sleep.deviation.threshold = 300 (default)
2019-10-17 07:09:28,426 [pool-520-thread-1] INFO  server.RaftServerConfigKeys (ConfUtils.java:logGet(43)) - raft.server.rpc.timeout.max = 1200ms (custom)
2019-10-17 07:09:28,426 [pool-510-thread-1] INFO  server.RaftServerConfigKeys (ConfUtils.java:logGet(43)) - raft.server.log.appender.install.snapshot.enabled = false (custom)
2019-10-17 07:09:28,426 [pool-520-thread-1] INFO  server.RaftServerConfigKeys (ConfUtils.java:logGet(43)) - raft.server.rpcslowness.timeout = 120s (custom)
2019-10-17 07:09:28,426 [pool-510-thread-1] INFO  impl.RaftServerImpl (ServerState.java:<init>(103)) - f3ee4219-89bb-47f2-bbe0-5f784575b745@group-2C0FEEE55AE1: ConfigurationManager, init=-1: [f3ee4219-89bb-47f2-bbe0-5f784575b745:192.168.157.211:38722, 805254cc-2da6-48d8-a2f9-c1a3ceceab4a:192.168.157.211:35407, 696df33b-59a0-4145-913f-936aff0d1566:192.168.157.211:38803], old=null, confs=<EMPTY_MAP>
2019-10-17 07:09:28,426 [pool-520-thread-1] INFO  server.RaftServerConfigKeys (ConfUtils.java:logGet(43)) - raft.server.sleep.deviation.threshold = 300 (default)
2019-10-17 07:09:28,427 [pool-510-thread-1] INFO  server.RaftServerConfigKeys (ConfUtils.java:logGet(43)) - raft.server.storage.dir = [/workdir/hadoop-ozone/integration-test/target/test-dir/MiniOzoneClusterImpl-e7c0418f-15c1-471d-99db-59e1afe04953/datanode-0/data/ratis] (custom)
2019-10-17 07:09:28,427 [pool-520-thread-1] INFO  server.RaftServerConfigKeys (ConfUtils.java:logGet(43)) - raft.server.log.appender.install.snapshot.enabled = false (custom)
2019-10-17 07:09:28,427 [pool-520-thread-1] INFO  impl.RaftServerImpl (ServerState.java:<init>(103)) - 805254cc-2da6-48d8-a2f9-c1a3ceceab4a@group-2C0FEEE55AE1: ConfigurationManager, init=-1: [f3ee4219-89bb-47f2-bbe0-5f784575b745:192.168.157.211:38722, 805254cc-2da6-48d8-a2f9-c1a3ceceab4a:192.168.157.211:35407, 696df33b-59a0-4145-913f-936aff0d1566:192.168.157.211:38803], old=null, confs=<EMPTY_MAP>
2019-10-17 07:09:28,427 [pool-510-thread-1] INFO  server.RaftServerConfigKeys (ConfUtils.java:logGet(43)) - raft.server.log.corruption.policy = EXCEPTION (default)
2019-10-17 07:09:28,427 [pool-520-thread-1] INFO  server.RaftServerConfigKeys (ConfUtils.java:logGet(43)) - raft.server.storage.dir = [/workdir/hadoop-ozone/integration-test/target/test-dir/MiniOzoneClusterImpl-e7c0418f-15c1-471d-99db-59e1afe04953/datanode-1/data/ratis] (custom)
2019-10-17 07:09:28,427 [pool-510-thread-1] INFO  storage.RaftStorageDirectory (RaftStorageDirectory.java:analyzeStorage(246)) - The storage directory /workdir/hadoop-ozone/integration-test/target/test-dir/MiniOzoneClusterImpl-e7c0418f-15c1-471d-99db-59e1afe04953/datanode-0/data/ratis/4f463c09-2de0-4886-bad6-2c0feee55ae1 does not exist. Creating ...
2019-10-17 07:09:28,427 [pool-520-thread-1] INFO  server.RaftServerConfigKeys (ConfUtils.java:logGet(43)) - raft.server.log.corruption.policy = EXCEPTION (default)
2019-10-17 07:09:28,428 [pool-520-thread-1] INFO  storage.RaftStorageDirectory (RaftStorageDirectory.java:analyzeStorage(246)) - The storage directory /workdir/hadoop-ozone/integration-test/target/test-dir/MiniOzoneClusterImpl-e7c0418f-15c1-471d-99db-59e1afe04953/datanode-1/data/ratis/4f463c09-2de0-4886-bad6-2c0feee55ae1 does not exist. Creating ...
2019-10-17 07:09:28,441 [pool-530-thread-1] INFO  storage.RaftStorageDirectory (RaftStorageDirectory.java:tryLock(328)) - Lock on /workdir/hadoop-ozone/integration-test/target/test-dir/MiniOzoneClusterImpl-e7c0418f-15c1-471d-99db-59e1afe04953/datanode-2/data/ratis/4f463c09-2de0-4886-bad6-2c0feee55ae1/in_use.lock acquired by nodename 17775@pr-hdds-2286-nkqct-1837310268
2019-10-17 07:09:28,441 [pool-520-thread-1] INFO  storage.RaftStorageDirectory (RaftStorageDirectory.java:tryLock(328)) - Lock on /workdir/hadoop-ozone/integration-test/target/test-dir/MiniOzoneClusterImpl-e7c0418f-15c1-471d-99db-59e1afe04953/datanode-1/data/ratis/4f463c09-2de0-4886-bad6-2c0feee55ae1/in_use.lock acquired by nodename 17775@pr-hdds-2286-nkqct-1837310268
2019-10-17 07:09:28,441 [pool-510-thread-1] INFO  storage.RaftStorageDirectory (RaftStorageDirectory.java:tryLock(328)) - Lock on /workdir/hadoop-ozone/integration-test/target/test-dir/MiniOzoneClusterImpl-e7c0418f-15c1-471d-99db-59e1afe04953/datanode-0/data/ratis/4f463c09-2de0-4886-bad6-2c0feee55ae1/in_use.lock acquired by nodename 17775@pr-hdds-2286-nkqct-1837310268
2019-10-17 07:09:28,446 [pool-530-thread-1] INFO  storage.RaftStorage (RaftStorage.java:format(84)) - Storage directory /workdir/hadoop-ozone/integration-test/target/test-dir/MiniOzoneClusterImpl-e7c0418f-15c1-471d-99db-59e1afe04953/datanode-2/data/ratis/4f463c09-2de0-4886-bad6-2c0feee55ae1 has been successfully formatted.
2019-10-17 07:09:28,446 [pool-510-thread-1] INFO  storage.RaftStorage (RaftStorage.java:format(84)) - Storage directory /workdir/hadoop-ozone/integration-test/target/test-dir/MiniOzoneClusterImpl-e7c0418f-15c1-471d-99db-59e1afe04953/datanode-0/data/ratis/4f463c09-2de0-4886-bad6-2c0feee55ae1 has been successfully formatted.
2019-10-17 07:09:28,446 [pool-520-thread-1] INFO  storage.RaftStorage (RaftStorage.java:format(84)) - Storage directory /workdir/hadoop-ozone/integration-test/target/test-dir/MiniOzoneClusterImpl-e7c0418f-15c1-471d-99db-59e1afe04953/datanode-1/data/ratis/4f463c09-2de0-4886-bad6-2c0feee55ae1 has been successfully formatted.
2019-10-17 07:09:28,447 [pool-510-thread-1] INFO  ratis.ContainerStateMachine (ContainerStateMachine.java:loadSnapshot(231)) - group-2C0FEEE55AE1: The snapshot info is null. Setting the last applied indexto:(t:0, i:~)
2019-10-17 07:09:28,447 [pool-530-thread-1] INFO  ratis.ContainerStateMachine (ContainerStateMachine.java:loadSnapshot(231)) - group-2C0FEEE55AE1: The snapshot info is null. Setting the last applied indexto:(t:0, i:~)
2019-10-17 07:09:28,447 [pool-510-thread-1] INFO  server.RaftServerConfigKeys (ConfUtils.java:logGet(43)) - raft.server.notification.no-leader.timeout = 120s (custom)
2019-10-17 07:09:28,447 [pool-520-thread-1] INFO  ratis.ContainerStateMachine (ContainerStateMachine.java:loadSnapshot(231)) - group-2C0FEEE55AE1: The snapshot info is null. Setting the last applied indexto:(t:0, i:~)
2019-10-17 07:09:28,447 [pool-510-thread-1] INFO  server.RaftServerConfigKeys (ConfUtils.java:logGet(43)) - raft.server.log.use.memory = false (default)
2019-10-17 07:09:28,447 [pool-530-thread-1] INFO  server.RaftServerConfigKeys (ConfUtils.java:logGet(43)) - raft.server.notification.no-leader.timeout = 120s (custom)
2019-10-17 07:09:28,447 [pool-510-thread-1] INFO  server.RaftServerConfigKeys (ConfUtils.java:logGet(43)) - raft.server.log.purge.gap = 1000000 (custom)
2019-10-17 07:09:28,447 [pool-520-thread-1] INFO  server.RaftServerConfigKeys (ConfUtils.java:logGet(43)) - raft.server.notification.no-leader.timeout = 120s (custom)
2019-10-17 07:09:28,448 [pool-510-thread-1] INFO  server.RaftServerConfigKeys (ConfUtils.java:logGet(43)) - raft.server.log.appender.buffer.byte-limit = 33554432 (custom)
2019-10-17 07:09:28,447 [pool-530-thread-1] INFO  server.RaftServerConfigKeys (ConfUtils.java:logGet(43)) - raft.server.log.use.memory = false (default)
2019-10-17 07:09:28,448 [pool-510-thread-1] INFO  server.RaftServerConfigKeys (ConfUtils.java:logGet(43)) - raft.server.log.segment.size.max = 1048576 (custom)
2019-10-17 07:09:28,448 [pool-520-thread-1] INFO  server.RaftServerConfigKeys (ConfUtils.java:logGet(43)) - raft.server.log.use.memory = false (default)
2019-10-17 07:09:28,448 [pool-510-thread-1] INFO  server.RaftServerConfigKeys (ConfUtils.java:logGet(43)) - raft.server.log.segment.cache.num.max = 2 (custom)
2019-10-17 07:09:28,448 [pool-530-thread-1] INFO  server.RaftServerConfigKeys (ConfUtils.java:logGet(43)) - raft.server.log.purge.gap = 1000000 (custom)
2019-10-17 07:09:28,448 [pool-510-thread-1] INFO  segmented.SegmentedRaftLogWorker (SegmentedRaftLogWorker.java:<init>(173)) - new f3ee4219-89bb-47f2-bbe0-5f784575b745@group-2C0FEEE55AE1-SegmentedRaftLogWorker for RaftStorage:Storage Directory /workdir/hadoop-ozone/integration-test/target/test-dir/MiniOzoneClusterImpl-e7c0418f-15c1-471d-99db-59e1afe04953/datanode-0/data/ratis/4f463c09-2de0-4886-bad6-2c0feee55ae1
2019-10-17 07:09:28,448 [pool-520-thread-1] INFO  server.RaftServerConfigKeys (ConfUtils.java:logGet(43)) - raft.server.log.purge.gap = 1000000 (custom)
2019-10-17 07:09:28,449 [pool-510-thread-1] INFO  server.RaftServerConfigKeys (ConfUtils.java:logGet(43)) - raft.server.log.queue.byte-limit = 2147483647 (custom)
2019-10-17 07:09:28,448 [pool-530-thread-1] INFO  server.RaftServerConfigKeys (ConfUtils.java:logGet(43)) - raft.server.log.appender.buffer.byte-limit = 33554432 (custom)
2019-10-17 07:09:28,449 [pool-510-thread-1] INFO  server.RaftServerConfigKeys (ConfUtils.java:logGet(43)) - raft.server.log.queue.element-limit = 1024 (custom)
2019-10-17 07:09:28,449 [pool-520-thread-1] INFO  server.RaftServerConfigKeys (ConfUtils.java:logGet(43)) - raft.server.log.appender.buffer.byte-limit = 33554432 (custom)
2019-10-17 07:09:28,449 [pool-510-thread-1] INFO  server.RaftServerConfigKeys (ConfUtils.java:logGet(43)) - raft.server.log.segment.size.max = 1048576 (custom)
2019-10-17 07:09:28,449 [pool-530-thread-1] INFO  server.RaftServerConfigKeys (ConfUtils.java:logGet(43)) - raft.server.log.segment.size.max = 1048576 (custom)
2019-10-17 07:09:28,449 [pool-510-thread-1] INFO  server.RaftServerConfigKeys (ConfUtils.java:logGet(43)) - raft.server.log.preallocated.size = 16384 (custom)
2019-10-17 07:09:28,449 [pool-520-thread-1] INFO  server.RaftServerConfigKeys (ConfUtils.java:logGet(43)) - raft.server.log.segment.size.max = 1048576 (custom)
2019-10-17 07:09:28,449 [pool-510-thread-1] INFO  server.RaftServerConfigKeys (ConfUtils.java:logGet(43)) - raft.server.log.write.buffer.size = 33554432 (custom)
2019-10-17 07:09:28,449 [pool-530-thread-1] INFO  server.RaftServerConfigKeys (ConfUtils.java:logGet(43)) - raft.server.log.segment.cache.num.max = 2 (custom)
2019-10-17 07:09:28,450 [pool-510-thread-1] INFO  server.RaftServerConfigKeys (ConfUtils.java:logGet(43)) - raft.server.log.force.sync.num = 128 (default)
2019-10-17 07:09:28,450 [pool-520-thread-1] INFO  server.RaftServerConfigKeys (ConfUtils.java:logGet(43)) - raft.server.log.segment.cache.num.max = 2 (custom)
2019-10-17 07:09:28,450 [pool-510-thread-1] INFO  server.RaftServerConfigKeys (ConfUtils.java:logGet(43)) - raft.server.log.statemachine.data.sync = true (default)
2019-10-17 07:09:28,450 [pool-530-thread-1] INFO  segmented.SegmentedRaftLogWorker (SegmentedRaftLogWorker.java:<init>(173)) - new 696df33b-59a0-4145-913f-936aff0d1566@group-2C0FEEE55AE1-SegmentedRaftLogWorker for RaftStorage:Storage Directory /workdir/hadoop-ozone/integration-test/target/test-dir/MiniOzoneClusterImpl-e7c0418f-15c1-471d-99db-59e1afe04953/datanode-2/data/ratis/4f463c09-2de0-4886-bad6-2c0feee55ae1
2019-10-17 07:09:28,450 [pool-510-thread-1] INFO  server.RaftServerConfigKeys (ConfUtils.java:logGet(43)) - raft.server.log.statemachine.data.sync.timeout = 10s (default)
2019-10-17 07:09:28,450 [pool-510-thread-1] INFO  server.RaftServerConfigKeys (ConfUtils.java:logGet(43)) - raft.server.log.statemachine.data.sync.timeout.retry = -1 (default)
2019-10-17 07:09:28,450 [pool-520-thread-1] INFO  segmented.SegmentedRaftLogWorker (SegmentedRaftLogWorker.java:<init>(173)) - new 805254cc-2da6-48d8-a2f9-c1a3ceceab4a@group-2C0FEEE55AE1-SegmentedRaftLogWorker for RaftStorage:Storage Directory /workdir/hadoop-ozone/integration-test/target/test-dir/MiniOzoneClusterImpl-e7c0418f-15c1-471d-99db-59e1afe04953/datanode-1/data/ratis/4f463c09-2de0-4886-bad6-2c0feee55ae1
2019-10-17 07:09:28,451 [pool-510-thread-1] INFO  server.RaftServerConfigKeys (ConfUtils.java:logGet(43)) - raft.server.log.statemachine.data.caching.enabled = true (custom)
2019-10-17 07:09:28,450 [pool-530-thread-1] INFO  server.RaftServerConfigKeys (ConfUtils.java:logGet(43)) - raft.server.log.queue.byte-limit = 2147483647 (custom)
2019-10-17 07:09:28,451 [pool-520-thread-1] INFO  server.RaftServerConfigKeys (ConfUtils.java:logGet(43)) - raft.server.log.queue.byte-limit = 2147483647 (custom)
2019-10-17 07:09:28,451 [pool-510-thread-1] INFO  segmented.SegmentedRaftLogWorker (SegmentedRaftLogWorker.java:lambda$new$0(128)) - f3ee4219-89bb-47f2-bbe0-5f784575b745@group-2C0FEEE55AE1-SegmentedRaftLogWorker: flushIndex: setUnconditionally 0 -> -1
2019-10-17 07:09:28,451 [pool-530-thread-1] INFO  server.RaftServerConfigKeys (ConfUtils.java:logGet(43)) - raft.server.log.queue.element-limit = 1024 (custom)
2019-10-17 07:09:28,451 [pool-520-thread-1] INFO  server.RaftServerConfigKeys (ConfUtils.java:logGet(43)) - raft.server.log.queue.element-limit = 1024 (custom)
2019-10-17 07:09:28,451 [pool-510-thread-1] INFO  server.RaftServerConfigKeys (ConfUtils.java:logGet(43)) - raft.server.snapshot.auto.trigger.enabled = true (custom)
2019-10-17 07:09:28,451 [pool-530-thread-1] INFO  server.RaftServerConfigKeys (ConfUtils.java:logGet(43)) - raft.server.log.segment.size.max = 1048576 (custom)
2019-10-17 07:09:28,452 [pool-510-thread-1] INFO  server.RaftServerConfigKeys (ConfUtils.java:logGet(43)) - raft.server.snapshot.auto.trigger.threshold = 10000 (custom)
2019-10-17 07:09:28,451 [pool-520-thread-1] INFO  server.RaftServerConfigKeys (ConfUtils.java:logGet(43)) - raft.server.log.segment.size.max = 1048576 (custom)
2019-10-17 07:09:28,452 [pool-510-thread-1] INFO  server.RaftServerConfigKeys (ConfUtils.java:logGet(43)) - raft.server.snapshot.retention.file.num = 5 (custom)
2019-10-17 07:09:28,452 [pool-530-thread-1] INFO  server.RaftServerConfigKeys (ConfUtils.java:logGet(43)) - raft.server.log.preallocated.size = 16384 (custom)
2019-10-17 07:09:28,452 [pool-510-thread-1] INFO  server.RaftServerConfigKeys (ConfUtils.java:logGet(43)) - raft.server.retrycache.expirytime = 600000ms (custom)
2019-10-17 07:09:28,452 [pool-520-thread-1] INFO  server.RaftServerConfigKeys (ConfUtils.java:logGet(43)) - raft.server.log.preallocated.size = 16384 (custom)
2019-10-17 07:09:28,452 [pool-530-thread-1] INFO  server.RaftServerConfigKeys (ConfUtils.java:logGet(43)) - raft.server.log.write.buffer.size = 33554432 (custom)
2019-10-17 07:09:28,452 [pool-520-thread-1] INFO  server.RaftServerConfigKeys (ConfUtils.java:logGet(43)) - raft.server.log.write.buffer.size = 33554432 (custom)
2019-10-17 07:09:28,452 [pool-530-thread-1] INFO  server.RaftServerConfigKeys (ConfUtils.java:logGet(43)) - raft.server.log.force.sync.num = 128 (default)
2019-10-17 07:09:28,453 [pool-520-thread-1] INFO  server.RaftServerConfigKeys (ConfUtils.java:logGet(43)) - raft.server.log.force.sync.num = 128 (default)
2019-10-17 07:09:28,453 [pool-530-thread-1] INFO  server.RaftServerConfigKeys (ConfUtils.java:logGet(43)) - raft.server.log.statemachine.data.sync = true (default)
2019-10-17 07:09:28,453 [pool-520-thread-1] INFO  server.RaftServerConfigKeys (ConfUtils.java:logGet(43)) - raft.server.log.statemachine.data.sync = true (default)
2019-10-17 07:09:28,453 [pool-530-thread-1] INFO  server.RaftServerConfigKeys (ConfUtils.java:logGet(43)) - raft.server.log.statemachine.data.sync.timeout = 10s (default)
2019-10-17 07:09:28,453 [pool-520-thread-1] INFO  server.RaftServerConfigKeys (ConfUtils.java:logGet(43)) - raft.server.log.statemachine.data.sync.timeout = 10s (default)
2019-10-17 07:09:28,453 [pool-530-thread-1] INFO  server.RaftServerConfigKeys (ConfUtils.java:logGet(43)) - raft.server.log.statemachine.data.sync.timeout.retry = -1 (default)
2019-10-17 07:09:28,453 [pool-520-thread-1] INFO  server.RaftServerConfigKeys (ConfUtils.java:logGet(43)) - raft.server.log.statemachine.data.sync.timeout.retry = -1 (default)
2019-10-17 07:09:28,453 [pool-530-thread-1] INFO  server.RaftServerConfigKeys (ConfUtils.java:logGet(43)) - raft.server.log.statemachine.data.caching.enabled = true (custom)
2019-10-17 07:09:28,454 [pool-520-thread-1] INFO  server.RaftServerConfigKeys (ConfUtils.java:logGet(43)) - raft.server.log.statemachine.data.caching.enabled = true (custom)
2019-10-17 07:09:28,454 [pool-530-thread-1] INFO  segmented.SegmentedRaftLogWorker (SegmentedRaftLogWorker.java:lambda$new$0(128)) - 696df33b-59a0-4145-913f-936aff0d1566@group-2C0FEEE55AE1-SegmentedRaftLogWorker: flushIndex: setUnconditionally 0 -> -1
2019-10-17 07:09:28,454 [pool-510-thread-1] INFO  impl.RaftServerImpl (RaftServerImpl.java:start(195)) - f3ee4219-89bb-47f2-bbe0-5f784575b745@group-2C0FEEE55AE1: start as a follower, conf=-1: [f3ee4219-89bb-47f2-bbe0-5f784575b745:192.168.157.211:38722, 805254cc-2da6-48d8-a2f9-c1a3ceceab4a:192.168.157.211:35407, 696df33b-59a0-4145-913f-936aff0d1566:192.168.157.211:38803], old=null
2019-10-17 07:09:28,454 [pool-520-thread-1] INFO  segmented.SegmentedRaftLogWorker (SegmentedRaftLogWorker.java:lambda$new$0(128)) - 805254cc-2da6-48d8-a2f9-c1a3ceceab4a@group-2C0FEEE55AE1-SegmentedRaftLogWorker: flushIndex: setUnconditionally 0 -> -1
2019-10-17 07:09:28,454 [pool-530-thread-1] INFO  server.RaftServerConfigKeys (ConfUtils.java:logGet(43)) - raft.server.snapshot.auto.trigger.enabled = true (custom)
2019-10-17 07:09:28,454 [pool-510-thread-1] INFO  impl.RaftServerImpl (RaftServerImpl.java:setRole(184)) - f3ee4219-89bb-47f2-bbe0-5f784575b745@group-2C0FEEE55AE1: changes role from      null to FOLLOWER at term 0 for startAsFollower
2019-10-17 07:09:28,454 [pool-520-thread-1] INFO  server.RaftServerConfigKeys (ConfUtils.java:logGet(43)) - raft.server.snapshot.auto.trigger.enabled = true (custom)
2019-10-17 07:09:28,454 [pool-530-thread-1] INFO  server.RaftServerConfigKeys (ConfUtils.java:logGet(43)) - raft.server.snapshot.auto.trigger.threshold = 10000 (custom)
2019-10-17 07:09:28,454 [pool-520-thread-1] INFO  server.RaftServerConfigKeys (ConfUtils.java:logGet(43)) - raft.server.snapshot.auto.trigger.threshold = 10000 (custom)
2019-10-17 07:09:28,454 [pool-510-thread-1] INFO  impl.RoleInfo (RoleInfo.java:updateAndGet(143)) - f3ee4219-89bb-47f2-bbe0-5f784575b745: start FollowerState
2019-10-17 07:09:28,455 [pool-520-thread-1] INFO  server.RaftServerConfigKeys (ConfUtils.java:logGet(43)) - raft.server.snapshot.retention.file.num = 5 (custom)
2019-10-17 07:09:28,455 [pool-530-thread-1] INFO  server.RaftServerConfigKeys (ConfUtils.java:logGet(43)) - raft.server.snapshot.retention.file.num = 5 (custom)
2019-10-17 07:09:28,455 [pool-520-thread-1] INFO  server.RaftServerConfigKeys (ConfUtils.java:logGet(43)) - raft.server.retrycache.expirytime = 600000ms (custom)
2019-10-17 07:09:28,455 [pool-510-thread-1] INFO  util.JmxRegister (JmxRegister.java:tryRegister(44)) - Successfully registered JMX Bean with object name Ratis:service=RaftServer,group=group-2C0FEEE55AE1,id=f3ee4219-89bb-47f2-bbe0-5f784575b745
2019-10-17 07:09:28,455 [pool-530-thread-1] INFO  server.RaftServerConfigKeys (ConfUtils.java:logGet(43)) - raft.server.retrycache.expirytime = 600000ms (custom)
2019-10-17 07:09:28,459 [pool-520-thread-1] INFO  impl.RaftServerImpl (RaftServerImpl.java:start(195)) - 805254cc-2da6-48d8-a2f9-c1a3ceceab4a@group-2C0FEEE55AE1: start as a follower, conf=-1: [f3ee4219-89bb-47f2-bbe0-5f784575b745:192.168.157.211:38722, 805254cc-2da6-48d8-a2f9-c1a3ceceab4a:192.168.157.211:35407, 696df33b-59a0-4145-913f-936aff0d1566:192.168.157.211:38803], old=null
2019-10-17 07:09:28,459 [pool-520-thread-1] INFO  impl.RaftServerImpl (RaftServerImpl.java:setRole(184)) - 805254cc-2da6-48d8-a2f9-c1a3ceceab4a@group-2C0FEEE55AE1: changes role from      null to FOLLOWER at term 0 for startAsFollower
2019-10-17 07:09:28,459 [pool-530-thread-1] INFO  impl.RaftServerImpl (RaftServerImpl.java:start(195)) - 696df33b-59a0-4145-913f-936aff0d1566@group-2C0FEEE55AE1: start as a follower, conf=-1: [f3ee4219-89bb-47f2-bbe0-5f784575b745:192.168.157.211:38722, 805254cc-2da6-48d8-a2f9-c1a3ceceab4a:192.168.157.211:35407, 696df33b-59a0-4145-913f-936aff0d1566:192.168.157.211:38803], old=null
2019-10-17 07:09:28,459 [pool-520-thread-1] INFO  impl.RoleInfo (RoleInfo.java:updateAndGet(143)) - 805254cc-2da6-48d8-a2f9-c1a3ceceab4a: start FollowerState
2019-10-17 07:09:28,459 [pool-530-thread-1] INFO  impl.RaftServerImpl (RaftServerImpl.java:setRole(184)) - 696df33b-59a0-4145-913f-936aff0d1566@group-2C0FEEE55AE1: changes role from      null to FOLLOWER at term 0 for startAsFollower
2019-10-17 07:09:28,460 [pool-530-thread-1] INFO  impl.RoleInfo (RoleInfo.java:updateAndGet(143)) - 696df33b-59a0-4145-913f-936aff0d1566: start FollowerState
2019-10-17 07:09:28,460 [pool-520-thread-1] INFO  util.JmxRegister (JmxRegister.java:tryRegister(44)) - Successfully registered JMX Bean with object name Ratis:service=RaftServer,group=group-2C0FEEE55AE1,id=805254cc-2da6-48d8-a2f9-c1a3ceceab4a
2019-10-17 07:09:28,460 [pool-530-thread-1] INFO  util.JmxRegister (JmxRegister.java:tryRegister(44)) - Successfully registered JMX Bean with object name Ratis:service=RaftServer,group=group-2C0FEEE55AE1,id=696df33b-59a0-4145-913f-936aff0d1566
2019-10-17 07:09:28,464 [RatisPipelineUtilsThread] INFO  pipeline.PipelineStateManager (PipelineStateManager.java:addPipeline(56)) - Created pipeline Pipeline[ Id: 4f463c09-2de0-4886-bad6-2c0feee55ae1, Nodes: f3ee4219-89bb-47f2-bbe0-5f784575b745{ip: 192.168.157.211, host: pr-hdds-2286-nkqct-1837310268, networkLocation: /rack1, certSerialId: null}696df33b-59a0-4145-913f-936aff0d1566{ip: 192.168.157.211, host: pr-hdds-2286-nkqct-1837310268, networkLocation: /rack1, certSerialId: null}805254cc-2da6-48d8-a2f9-c1a3ceceab4a{ip: 192.168.157.211, host: pr-hdds-2286-nkqct-1837310268, networkLocation: /rack1, certSerialId: null}, Type:RATIS, Factor:THREE, State:OPEN]
2019-10-17 07:09:28,470 [grpc-default-executor-0] INFO  impl.RaftServerProxy (RaftServerProxy.java:addNew(89)) - 5f7ef38b-a645-4f95-94e6-bd075ea30748: addNew group-C7C0B7CBBD7F:[5f7ef38b-a645-4f95-94e6-bd075ea30748:192.168.157.211:33759] returns group-C7C0B7CBBD7F:java.util.concurrent.CompletableFuture@59c6feea[Not completed]
2019-10-17 07:09:28,472 [pool-540-thread-1] INFO  impl.RaftServerImpl (RaftServerImpl.java:<init>(104)) - 5f7ef38b-a645-4f95-94e6-bd075ea30748: new RaftServerImpl for group-C7C0B7CBBD7F:[5f7ef38b-a645-4f95-94e6-bd075ea30748:192.168.157.211:33759] with ContainerStateMachine:uninitialized
2019-10-17 07:09:28,472 [pool-540-thread-1] INFO  server.RaftServerConfigKeys (ConfUtils.java:logGet(43)) - raft.server.rpc.timeout.min = 1s (custom)
2019-10-17 07:09:28,472 [pool-540-thread-1] INFO  server.RaftServerConfigKeys (ConfUtils.java:logGet(43)) - raft.server.rpc.timeout.max = 1200ms (custom)
2019-10-17 07:09:28,472 [pool-540-thread-1] INFO  server.RaftServerConfigKeys (ConfUtils.java:logGet(43)) - raft.server.rpcslowness.timeout = 120s (custom)
2019-10-17 07:09:28,472 [pool-540-thread-1] INFO  server.RaftServerConfigKeys (ConfUtils.java:logGet(43)) - raft.server.sleep.deviation.threshold = 300 (default)
2019-10-17 07:09:28,472 [pool-540-thread-1] INFO  server.RaftServerConfigKeys (ConfUtils.java:logGet(43)) - raft.server.log.appender.install.snapshot.enabled = false (custom)
2019-10-17 07:09:28,472 [pool-540-thread-1] INFO  impl.RaftServerImpl (ServerState.java:<init>(103)) - 5f7ef38b-a645-4f95-94e6-bd075ea30748@group-C7C0B7CBBD7F: ConfigurationManager, init=-1: [5f7ef38b-a645-4f95-94e6-bd075ea30748:192.168.157.211:33759], old=null, confs=<EMPTY_MAP>
2019-10-17 07:09:28,473 [pool-540-thread-1] INFO  server.RaftServerConfigKeys (ConfUtils.java:logGet(43)) - raft.server.storage.dir = [/workdir/hadoop-ozone/integration-test/target/test-dir/MiniOzoneClusterImpl-e7c0418f-15c1-471d-99db-59e1afe04953/datanode-3/data/ratis] (custom)
2019-10-17 07:09:28,473 [pool-540-thread-1] INFO  server.RaftServerConfigKeys (ConfUtils.java:logGet(43)) - raft.server.log.corruption.policy = EXCEPTION (default)
2019-10-17 07:09:28,473 [pool-540-thread-1] INFO  storage.RaftStorageDirectory (RaftStorageDirectory.java:analyzeStorage(246)) - The storage directory /workdir/hadoop-ozone/integration-test/target/test-dir/MiniOzoneClusterImpl-e7c0418f-15c1-471d-99db-59e1afe04953/datanode-3/data/ratis/a7a8849b-02eb-4421-b236-c7c0b7cbbd7f does not exist. Creating ...
2019-10-17 07:09:28,477 [pool-540-thread-1] INFO  storage.RaftStorageDirectory (RaftStorageDirectory.java:tryLock(328)) - Lock on /workdir/hadoop-ozone/integration-test/target/test-dir/MiniOzoneClusterImpl-e7c0418f-15c1-471d-99db-59e1afe04953/datanode-3/data/ratis/a7a8849b-02eb-4421-b236-c7c0b7cbbd7f/in_use.lock acquired by nodename 17775@pr-hdds-2286-nkqct-1837310268
2019-10-17 07:09:28,480 [pool-540-thread-1] INFO  storage.RaftStorage (RaftStorage.java:format(84)) - Storage directory /workdir/hadoop-ozone/integration-test/target/test-dir/MiniOzoneClusterImpl-e7c0418f-15c1-471d-99db-59e1afe04953/datanode-3/data/ratis/a7a8849b-02eb-4421-b236-c7c0b7cbbd7f has been successfully formatted.
2019-10-17 07:09:28,480 [pool-540-thread-1] INFO  ratis.ContainerStateMachine (ContainerStateMachine.java:loadSnapshot(231)) - group-C7C0B7CBBD7F: The snapshot info is null. Setting the last applied indexto:(t:0, i:~)
2019-10-17 07:09:28,480 [pool-540-thread-1] INFO  server.RaftServerConfigKeys (ConfUtils.java:logGet(43)) - raft.server.notification.no-leader.timeout = 120s (custom)
2019-10-17 07:09:28,481 [pool-540-thread-1] INFO  server.RaftServerConfigKeys (ConfUtils.java:logGet(43)) - raft.server.log.use.memory = false (default)
2019-10-17 07:09:28,481 [pool-540-thread-1] INFO  server.RaftServerConfigKeys (ConfUtils.java:logGet(43)) - raft.server.log.purge.gap = 1000000 (custom)
2019-10-17 07:09:28,481 [pool-540-thread-1] INFO  server.RaftServerConfigKeys (ConfUtils.java:logGet(43)) - raft.server.log.appender.buffer.byte-limit = 33554432 (custom)
2019-10-17 07:09:28,481 [pool-540-thread-1] INFO  server.RaftServerConfigKeys (ConfUtils.java:logGet(43)) - raft.server.log.segment.size.max = 1048576 (custom)
2019-10-17 07:09:28,482 [pool-540-thread-1] INFO  server.RaftServerConfigKeys (ConfUtils.java:logGet(43)) - raft.server.log.segment.cache.num.max = 2 (custom)
2019-10-17 07:09:28,482 [pool-540-thread-1] INFO  segmented.SegmentedRaftLogWorker (SegmentedRaftLogWorker.java:<init>(173)) - new 5f7ef38b-a645-4f95-94e6-bd075ea30748@group-C7C0B7CBBD7F-SegmentedRaftLogWorker for RaftStorage:Storage Directory /workdir/hadoop-ozone/integration-test/target/test-dir/MiniOzoneClusterImpl-e7c0418f-15c1-471d-99db-59e1afe04953/datanode-3/data/ratis/a7a8849b-02eb-4421-b236-c7c0b7cbbd7f
2019-10-17 07:09:28,482 [pool-540-thread-1] INFO  server.RaftServerConfigKeys (ConfUtils.java:logGet(43)) - raft.server.log.queue.byte-limit = 2147483647 (custom)
2019-10-17 07:09:28,482 [pool-540-thread-1] INFO  server.RaftServerConfigKeys (ConfUtils.java:logGet(43)) - raft.server.log.queue.element-limit = 1024 (custom)
2019-10-17 07:09:28,482 [pool-540-thread-1] INFO  server.RaftServerConfigKeys (ConfUtils.java:logGet(43)) - raft.server.log.segment.size.max = 1048576 (custom)
2019-10-17 07:09:28,482 [pool-540-thread-1] INFO  server.RaftServerConfigKeys (ConfUtils.java:logGet(43)) - raft.server.log.preallocated.size = 16384 (custom)
2019-10-17 07:09:28,483 [pool-540-thread-1] INFO  server.RaftServerConfigKeys (ConfUtils.java:logGet(43)) - raft.server.log.write.buffer.size = 33554432 (custom)
2019-10-17 07:09:28,483 [pool-540-thread-1] INFO  server.RaftServerConfigKeys (ConfUtils.java:logGet(43)) - raft.server.log.force.sync.num = 128 (default)
2019-10-17 07:09:28,483 [pool-540-thread-1] INFO  server.RaftServerConfigKeys (ConfUtils.java:logGet(43)) - raft.server.log.statemachine.data.sync = true (default)
2019-10-17 07:09:28,483 [pool-540-thread-1] INFO  server.RaftServerConfigKeys (ConfUtils.java:logGet(43)) - raft.server.log.statemachine.data.sync.timeout = 10s (default)
2019-10-17 07:09:28,483 [pool-540-thread-1] INFO  server.RaftServerConfigKeys (ConfUtils.java:logGet(43)) - raft.server.log.statemachine.data.sync.timeout.retry = -1 (default)
2019-10-17 07:09:28,483 [IPC Server handler 1 on 32805] INFO  net.NetworkTopology (NetworkTopologyImpl.java:add(111)) - Added a new node: /rack1/e9b52f21-01d5-44eb-a9cd-d907fd904ad1
2019-10-17 07:09:28,483 [pool-540-thread-1] INFO  server.RaftServerConfigKeys (ConfUtils.java:logGet(43)) - raft.server.log.statemachine.data.caching.enabled = true (custom)
2019-10-17 07:09:28,483 [IPC Server handler 1 on 32805] INFO  node.SCMNodeManager (SCMNodeManager.java:register(268)) - Registered Data node : e9b52f21-01d5-44eb-a9cd-d907fd904ad1{ip: 192.168.157.211, host: pr-hdds-2286-nkqct-1837310268, networkLocation: /rack1, certSerialId: null}
2019-10-17 07:09:28,483 [pool-540-thread-1] INFO  segmented.SegmentedRaftLogWorker (SegmentedRaftLogWorker.java:lambda$new$0(128)) - 5f7ef38b-a645-4f95-94e6-bd075ea30748@group-C7C0B7CBBD7F-SegmentedRaftLogWorker: flushIndex: setUnconditionally 0 -> -1
2019-10-17 07:09:28,484 [pool-540-thread-1] INFO  server.RaftServerConfigKeys (ConfUtils.java:logGet(43)) - raft.server.snapshot.auto.trigger.enabled = true (custom)
2019-10-17 07:09:28,484 [pool-540-thread-1] INFO  server.RaftServerConfigKeys (ConfUtils.java:logGet(43)) - raft.server.snapshot.auto.trigger.threshold = 10000 (custom)
2019-10-17 07:09:28,484 [pool-540-thread-1] INFO  server.RaftServerConfigKeys (ConfUtils.java:logGet(43)) - raft.server.snapshot.retention.file.num = 5 (custom)
2019-10-17 07:09:28,484 [pool-540-thread-1] INFO  server.RaftServerConfigKeys (ConfUtils.java:logGet(43)) - raft.server.retrycache.expirytime = 600000ms (custom)
2019-10-17 07:09:28,486 [pool-540-thread-1] INFO  impl.RaftServerImpl (RaftServerImpl.java:start(195)) - 5f7ef38b-a645-4f95-94e6-bd075ea30748@group-C7C0B7CBBD7F: start as a follower, conf=-1: [5f7ef38b-a645-4f95-94e6-bd075ea30748:192.168.157.211:33759], old=null
2019-10-17 07:09:28,486 [pool-540-thread-1] INFO  impl.RaftServerImpl (RaftServerImpl.java:setRole(184)) - 5f7ef38b-a645-4f95-94e6-bd075ea30748@group-C7C0B7CBBD7F: changes role from      null to FOLLOWER at term 0 for startAsFollower
2019-10-17 07:09:28,486 [pool-540-thread-1] INFO  impl.RoleInfo (RoleInfo.java:updateAndGet(143)) - 5f7ef38b-a645-4f95-94e6-bd075ea30748: start FollowerState
2019-10-17 07:09:28,486 [pool-540-thread-1] INFO  util.JmxRegister (JmxRegister.java:tryRegister(44)) - Successfully registered JMX Bean with object name Ratis:service=RaftServer,group=group-C7C0B7CBBD7F,id=5f7ef38b-a645-4f95-94e6-bd075ea30748
2019-10-17 07:09:28,489 [RatisPipelineUtilsThread] INFO  pipeline.PipelineStateManager (PipelineStateManager.java:addPipeline(56)) - Created pipeline Pipeline[ Id: a7a8849b-02eb-4421-b236-c7c0b7cbbd7f, Nodes: 5f7ef38b-a645-4f95-94e6-bd075ea30748{ip: 192.168.157.211, host: pr-hdds-2286-nkqct-1837310268, networkLocation: /rack1, certSerialId: null}, Type:RATIS, Factor:ONE, State:OPEN]
2019-10-17 07:09:28,496 [Thread-9556] INFO  impl.FollowerState (FollowerState.java:run(108)) - f3ee4219-89bb-47f2-bbe0-5f784575b745@group-2C0FEEE55AE1-FollowerState: change to CANDIDATE, lastRpcTime:42ms, electionTimeout:40ms
2019-10-17 07:09:28,497 [grpc-default-executor-0] INFO  impl.RaftServerProxy (RaftServerProxy.java:addNew(89)) - e9b52f21-01d5-44eb-a9cd-d907fd904ad1: addNew group-387442201646:[e9b52f21-01d5-44eb-a9cd-d907fd904ad1:192.168.157.211:45108] returns group-387442201646:java.util.concurrent.CompletableFuture@634e953d[Not completed]
2019-10-17 07:09:28,497 [Thread-9556] INFO  impl.RoleInfo (RoleInfo.java:shutdownFollowerState(121)) - f3ee4219-89bb-47f2-bbe0-5f784575b745: shutdown FollowerState
2019-10-17 07:09:28,497 [Thread-9556] INFO  impl.RaftServerImpl (RaftServerImpl.java:setRole(184)) - f3ee4219-89bb-47f2-bbe0-5f784575b745@group-2C0FEEE55AE1: changes role from  FOLLOWER to CANDIDATE at term 0 for changeToCandidate
2019-10-17 07:09:28,497 [Thread-9556] INFO  impl.RoleInfo (RoleInfo.java:updateAndGet(143)) - f3ee4219-89bb-47f2-bbe0-5f784575b745: start LeaderElection
2019-10-17 07:09:28,502 [pool-550-thread-1] INFO  impl.RaftServerImpl (RaftServerImpl.java:<init>(104)) - e9b52f21-01d5-44eb-a9cd-d907fd904ad1: new RaftServerImpl for group-387442201646:[e9b52f21-01d5-44eb-a9cd-d907fd904ad1:192.168.157.211:45108] with ContainerStateMachine:uninitialized
2019-10-17 07:09:28,502 [pool-550-thread-1] INFO  server.RaftServerConfigKeys (ConfUtils.java:logGet(43)) - raft.server.rpc.timeout.min = 1s (custom)
2019-10-17 07:09:28,502 [pool-550-thread-1] INFO  server.RaftServerConfigKeys (ConfUtils.java:logGet(43)) - raft.server.rpc.timeout.max = 1200ms (custom)
2019-10-17 07:09:28,502 [pool-550-thread-1] INFO  server.RaftServerConfigKeys (ConfUtils.java:logGet(43)) - raft.server.rpcslowness.timeout = 120s (custom)
2019-10-17 07:09:28,502 [pool-550-thread-1] INFO  server.RaftServerConfigKeys (ConfUtils.java:logGet(43)) - raft.server.sleep.deviation.threshold = 300 (default)
2019-10-17 07:09:28,502 [pool-550-thread-1] INFO  server.RaftServerConfigKeys (ConfUtils.java:logGet(43)) - raft.server.log.appender.install.snapshot.enabled = false (custom)
2019-10-17 07:09:28,502 [pool-550-thread-1] INFO  impl.RaftServerImpl (ServerState.java:<init>(103)) - e9b52f21-01d5-44eb-a9cd-d907fd904ad1@group-387442201646: ConfigurationManager, init=-1: [e9b52f21-01d5-44eb-a9cd-d907fd904ad1:192.168.157.211:45108], old=null, confs=<EMPTY_MAP>
2019-10-17 07:09:28,502 [pool-550-thread-1] INFO  server.RaftServerConfigKeys (ConfUtils.java:logGet(43)) - raft.server.storage.dir = [/workdir/hadoop-ozone/integration-test/target/test-dir/MiniOzoneClusterImpl-e7c0418f-15c1-471d-99db-59e1afe04953/datanode-4/data/ratis] (custom)
2019-10-17 07:09:28,503 [pool-550-thread-1] INFO  server.RaftServerConfigKeys (ConfUtils.java:logGet(43)) - raft.server.log.corruption.policy = EXCEPTION (default)
2019-10-17 07:09:28,503 [pool-550-thread-1] INFO  storage.RaftStorageDirectory (RaftStorageDirectory.java:analyzeStorage(246)) - The storage directory /workdir/hadoop-ozone/integration-test/target/test-dir/MiniOzoneClusterImpl-e7c0418f-15c1-471d-99db-59e1afe04953/datanode-4/data/ratis/a742a35a-9b96-462d-9ad1-387442201646 does not exist. Creating ...
2019-10-17 07:09:28,505 [pool-550-thread-1] INFO  storage.RaftStorageDirectory (RaftStorageDirectory.java:tryLock(328)) - Lock on /workdir/hadoop-ozone/integration-test/target/test-dir/MiniOzoneClusterImpl-e7c0418f-15c1-471d-99db-59e1afe04953/datanode-4/data/ratis/a742a35a-9b96-462d-9ad1-387442201646/in_use.lock acquired by nodename 17775@pr-hdds-2286-nkqct-1837310268
2019-10-17 07:09:28,506 [f3ee4219-89bb-47f2-bbe0-5f784575b745@group-2C0FEEE55AE1-LeaderElection1069] INFO  impl.LeaderElection (LeaderElection.java:askForVotes(178)) - f3ee4219-89bb-47f2-bbe0-5f784575b745@group-2C0FEEE55AE1-LeaderElection1069: begin an election at term 1 for -1: [f3ee4219-89bb-47f2-bbe0-5f784575b745:192.168.157.211:38722, 805254cc-2da6-48d8-a2f9-c1a3ceceab4a:192.168.157.211:35407, 696df33b-59a0-4145-913f-936aff0d1566:192.168.157.211:38803], old=null
2019-10-17 07:09:28,510 [pool-550-thread-1] INFO  storage.RaftStorage (RaftStorage.java:format(84)) - Storage directory /workdir/hadoop-ozone/integration-test/target/test-dir/MiniOzoneClusterImpl-e7c0418f-15c1-471d-99db-59e1afe04953/datanode-4/data/ratis/a742a35a-9b96-462d-9ad1-387442201646 has been successfully formatted.
2019-10-17 07:09:28,510 [grpc-default-executor-2] INFO  impl.RaftServerImpl (RaftServerImpl.java:setRole(184)) - 696df33b-59a0-4145-913f-936aff0d1566@group-2C0FEEE55AE1: changes role from  FOLLOWER to FOLLOWER at term 1 for recognizeCandidate:f3ee4219-89bb-47f2-bbe0-5f784575b745
2019-10-17 07:09:28,511 [grpc-default-executor-2] INFO  impl.RoleInfo (RoleInfo.java:shutdownFollowerState(121)) - 696df33b-59a0-4145-913f-936aff0d1566: shutdown FollowerState
2019-10-17 07:09:28,510 [pool-550-thread-1] INFO  ratis.ContainerStateMachine (ContainerStateMachine.java:loadSnapshot(231)) - group-387442201646: The snapshot info is null. Setting the last applied indexto:(t:0, i:~)
2019-10-17 07:09:28,510 [grpc-default-executor-0] INFO  impl.RaftServerImpl (RaftServerImpl.java:setRole(184)) - 805254cc-2da6-48d8-a2f9-c1a3ceceab4a@group-2C0FEEE55AE1: changes role from  FOLLOWER to FOLLOWER at term 1 for recognizeCandidate:f3ee4219-89bb-47f2-bbe0-5f784575b745
2019-10-17 07:09:28,511 [grpc-default-executor-0] INFO  impl.RoleInfo (RoleInfo.java:shutdownFollowerState(121)) - 805254cc-2da6-48d8-a2f9-c1a3ceceab4a: shutdown FollowerState
2019-10-17 07:09:28,511 [pool-550-thread-1] INFO  server.RaftServerConfigKeys (ConfUtils.java:logGet(43)) - raft.server.notification.no-leader.timeout = 120s (custom)
2019-10-17 07:09:28,511 [pool-550-thread-1] INFO  server.RaftServerConfigKeys (ConfUtils.java:logGet(43)) - raft.server.log.use.memory = false (default)
2019-10-17 07:09:28,511 [grpc-default-executor-2] INFO  impl.RoleInfo (RoleInfo.java:updateAndGet(143)) - 696df33b-59a0-4145-913f-936aff0d1566: start FollowerState
2019-10-17 07:09:28,511 [Thread-9560] INFO  impl.FollowerState (FollowerState.java:run(117)) - 696df33b-59a0-4145-913f-936aff0d1566@group-2C0FEEE55AE1-FollowerState was interrupted: java.lang.InterruptedException: sleep interrupted
2019-10-17 07:09:28,511 [pool-550-thread-1] INFO  server.RaftServerConfigKeys (ConfUtils.java:logGet(43)) - raft.server.log.purge.gap = 1000000 (custom)
2019-10-17 07:09:28,511 [Thread-9559] INFO  impl.FollowerState (FollowerState.java:run(117)) - 805254cc-2da6-48d8-a2f9-c1a3ceceab4a@group-2C0FEEE55AE1-FollowerState was interrupted: java.lang.InterruptedException: sleep interrupted
2019-10-17 07:09:28,511 [grpc-default-executor-0] INFO  impl.RoleInfo (RoleInfo.java:updateAndGet(143)) - 805254cc-2da6-48d8-a2f9-c1a3ceceab4a: start FollowerState
2019-10-17 07:09:28,512 [pool-550-thread-1] INFO  server.RaftServerConfigKeys (ConfUtils.java:logGet(43)) - raft.server.log.appender.buffer.byte-limit = 33554432 (custom)
2019-10-17 07:09:28,512 [pool-550-thread-1] INFO  server.RaftServerConfigKeys (ConfUtils.java:logGet(43)) - raft.server.log.segment.size.max = 1048576 (custom)
2019-10-17 07:09:28,513 [pool-550-thread-1] INFO  server.RaftServerConfigKeys (ConfUtils.java:logGet(43)) - raft.server.log.segment.cache.num.max = 2 (custom)
2019-10-17 07:09:28,513 [pool-550-thread-1] INFO  segmented.SegmentedRaftLogWorker (SegmentedRaftLogWorker.java:<init>(173)) - new e9b52f21-01d5-44eb-a9cd-d907fd904ad1@group-387442201646-SegmentedRaftLogWorker for RaftStorage:Storage Directory /workdir/hadoop-ozone/integration-test/target/test-dir/MiniOzoneClusterImpl-e7c0418f-15c1-471d-99db-59e1afe04953/datanode-4/data/ratis/a742a35a-9b96-462d-9ad1-387442201646
2019-10-17 07:09:28,514 [pool-550-thread-1] INFO  server.RaftServerConfigKeys (ConfUtils.java:logGet(43)) - raft.server.log.queue.byte-limit = 2147483647 (custom)
2019-10-17 07:09:28,514 [pool-550-thread-1] INFO  server.RaftServerConfigKeys (ConfUtils.java:logGet(43)) - raft.server.log.queue.element-limit = 1024 (custom)
2019-10-17 07:09:28,514 [pool-550-thread-1] INFO  server.RaftServerConfigKeys (ConfUtils.java:logGet(43)) - raft.server.log.segment.size.max = 1048576 (custom)
2019-10-17 07:09:28,514 [pool-550-thread-1] INFO  server.RaftServerConfigKeys (ConfUtils.java:logGet(43)) - raft.server.log.preallocated.size = 16384 (custom)
2019-10-17 07:09:28,514 [pool-550-thread-1] INFO  server.RaftServerConfigKeys (ConfUtils.java:logGet(43)) - raft.server.log.write.buffer.size = 33554432 (custom)
2019-10-17 07:09:28,514 [pool-550-thread-1] INFO  server.RaftServerConfigKeys (ConfUtils.java:logGet(43)) - raft.server.log.force.sync.num = 128 (default)
2019-10-17 07:09:28,514 [pool-550-thread-1] INFO  server.RaftServerConfigKeys (ConfUtils.java:logGet(43)) - raft.server.log.statemachine.data.sync = true (default)
2019-10-17 07:09:28,514 [pool-550-thread-1] INFO  server.RaftServerConfigKeys (ConfUtils.java:logGet(43)) - raft.server.log.statemachine.data.sync.timeout = 10s (default)
2019-10-17 07:09:28,514 [Thread-9553] INFO  impl.FollowerState (FollowerState.java:run(108)) - 696df33b-59a0-4145-913f-936aff0d1566@group-7859C2A166C6-FollowerState: change to CANDIDATE, lastRpcTime:104ms, electionTimeout:104ms
2019-10-17 07:09:28,514 [pool-550-thread-1] INFO  server.RaftServerConfigKeys (ConfUtils.java:logGet(43)) - raft.server.log.statemachine.data.sync.timeout.retry = -1 (default)
2019-10-17 07:09:28,515 [Thread-9553] INFO  impl.RoleInfo (RoleInfo.java:shutdownFollowerState(121)) - 696df33b-59a0-4145-913f-936aff0d1566: shutdown FollowerState
2019-10-17 07:09:28,515 [Thread-9553] INFO  impl.RaftServerImpl (RaftServerImpl.java:setRole(184)) - 696df33b-59a0-4145-913f-936aff0d1566@group-7859C2A166C6: changes role from  FOLLOWER to CANDIDATE at term 0 for changeToCandidate
2019-10-17 07:09:28,515 [Thread-9553] INFO  impl.RoleInfo (RoleInfo.java:updateAndGet(143)) - 696df33b-59a0-4145-913f-936aff0d1566: start LeaderElection
2019-10-17 07:09:28,515 [pool-550-thread-1] INFO  server.RaftServerConfigKeys (ConfUtils.java:logGet(43)) - raft.server.log.statemachine.data.caching.enabled = true (custom)
2019-10-17 07:09:28,517 [pool-550-thread-1] INFO  segmented.SegmentedRaftLogWorker (SegmentedRaftLogWorker.java:lambda$new$0(128)) - e9b52f21-01d5-44eb-a9cd-d907fd904ad1@group-387442201646-SegmentedRaftLogWorker: flushIndex: setUnconditionally 0 -> -1
2019-10-17 07:09:28,520 [Thread-9547] INFO  impl.FollowerState (FollowerState.java:run(108)) - f3ee4219-89bb-47f2-bbe0-5f784575b745@group-F82281D5E8A3-FollowerState: change to CANDIDATE, lastRpcTime:196ms, electionTimeout:193ms
2019-10-17 07:09:28,520 [pool-550-thread-1] INFO  server.RaftServerConfigKeys (ConfUtils.java:logGet(43)) - raft.server.snapshot.auto.trigger.enabled = true (custom)
2019-10-17 07:09:28,520 [Thread-9547] INFO  impl.RoleInfo (RoleInfo.java:shutdownFollowerState(121)) - f3ee4219-89bb-47f2-bbe0-5f784575b745: shutdown FollowerState
2019-10-17 07:09:28,520 [pool-550-thread-1] INFO  server.RaftServerConfigKeys (ConfUtils.java:logGet(43)) - raft.server.snapshot.auto.trigger.threshold = 10000 (custom)
2019-10-17 07:09:28,520 [Thread-9547] INFO  impl.RaftServerImpl (RaftServerImpl.java:setRole(184)) - f3ee4219-89bb-47f2-bbe0-5f784575b745@group-F82281D5E8A3: changes role from  FOLLOWER to CANDIDATE at term 0 for changeToCandidate
2019-10-17 07:09:28,520 [f3ee4219-89bb-47f2-bbe0-5f784575b745@group-2C0FEEE55AE1-LeaderElection1069] INFO  impl.LeaderElection (LeaderElection.java:logAndReturn(56)) - f3ee4219-89bb-47f2-bbe0-5f784575b745@group-2C0FEEE55AE1-LeaderElection1069: Election PASSED; received 1 response(s) [f3ee4219-89bb-47f2-bbe0-5f784575b745<-696df33b-59a0-4145-913f-936aff0d1566#0:OK-t1] and 0 exception(s); f3ee4219-89bb-47f2-bbe0-5f784575b745@group-2C0FEEE55AE1:t1, leader=null, voted=f3ee4219-89bb-47f2-bbe0-5f784575b745, raftlog=f3ee4219-89bb-47f2-bbe0-5f784575b745@group-2C0FEEE55AE1-SegmentedRaftLog:OPENED:c-1,f-1,i0, conf=-1: [f3ee4219-89bb-47f2-bbe0-5f784575b745:192.168.157.211:38722, 805254cc-2da6-48d8-a2f9-c1a3ceceab4a:192.168.157.211:35407, 696df33b-59a0-4145-913f-936aff0d1566:192.168.157.211:38803], old=null
2019-10-17 07:09:28,520 [pool-550-thread-1] INFO  server.RaftServerConfigKeys (ConfUtils.java:logGet(43)) - raft.server.snapshot.retention.file.num = 5 (custom)
2019-10-17 07:09:28,521 [f3ee4219-89bb-47f2-bbe0-5f784575b745@group-2C0FEEE55AE1-LeaderElection1069] INFO  impl.RoleInfo (RoleInfo.java:shutdownLeaderElection(134)) - f3ee4219-89bb-47f2-bbe0-5f784575b745: shutdown LeaderElection
2019-10-17 07:09:28,521 [Thread-9547] INFO  impl.RoleInfo (RoleInfo.java:updateAndGet(143)) - f3ee4219-89bb-47f2-bbe0-5f784575b745: start LeaderElection
2019-10-17 07:09:28,521 [f3ee4219-89bb-47f2-bbe0-5f784575b745@group-2C0FEEE55AE1-LeaderElection1069] INFO  impl.RaftServerImpl (RaftServerImpl.java:setRole(184)) - f3ee4219-89bb-47f2-bbe0-5f784575b745@group-2C0FEEE55AE1: changes role from CANDIDATE to LEADER at term 1 for changeToLeader
2019-10-17 07:09:28,521 [pool-550-thread-1] INFO  server.RaftServerConfigKeys (ConfUtils.java:logGet(43)) - raft.server.retrycache.expirytime = 600000ms (custom)
2019-10-17 07:09:28,521 [f3ee4219-89bb-47f2-bbe0-5f784575b745@group-2C0FEEE55AE1-LeaderElection1069] INFO  impl.RaftServerImpl (ServerState.java:setLeader(256)) - f3ee4219-89bb-47f2-bbe0-5f784575b745@group-2C0FEEE55AE1: change Leader from null to f3ee4219-89bb-47f2-bbe0-5f784575b745 at term 1 for becomeLeader, leader elected after 74ms
2019-10-17 07:09:28,528 [Thread-9570] INFO  impl.FollowerState (FollowerState.java:run(108)) - 696df33b-59a0-4145-913f-936aff0d1566@group-2C0FEEE55AE1-FollowerState: change to CANDIDATE, lastRpcTime:17ms, electionTimeout:13ms
2019-10-17 07:09:28,529 [f3ee4219-89bb-47f2-bbe0-5f784575b745@group-2C0FEEE55AE1-LeaderElection1069] INFO  server.RaftServerConfigKeys (ConfUtils.java:logGet(43)) - raft.server.staging.catchup.gap = 1000 (default)
2019-10-17 07:09:28,529 [Thread-9570] INFO  impl.RoleInfo (RoleInfo.java:shutdownFollowerState(121)) - 696df33b-59a0-4145-913f-936aff0d1566: shutdown FollowerState
2019-10-17 07:09:28,529 [f3ee4219-89bb-47f2-bbe0-5f784575b745@group-2C0FEEE55AE1-LeaderElection1069] INFO  server.RaftServerConfigKeys (ConfUtils.java:logGet(43)) - raft.server.rpc.sleep.time = 25ms (default)
2019-10-17 07:09:28,529 [Thread-9570] INFO  impl.RaftServerImpl (RaftServerImpl.java:setRole(184)) - 696df33b-59a0-4145-913f-936aff0d1566@group-2C0FEEE55AE1: changes role from  FOLLOWER to CANDIDATE at term 1 for changeToCandidate
2019-10-17 07:09:28,529 [f3ee4219-89bb-47f2-bbe0-5f784575b745@group-2C0FEEE55AE1-LeaderElection1069] INFO  server.RaftServerConfigKeys (ConfUtils.java:logGet(43)) - raft.server.write.element-limit = 4096 (default)
2019-10-17 07:09:28,529 [Thread-9570] INFO  impl.RoleInfo (RoleInfo.java:updateAndGet(143)) - 696df33b-59a0-4145-913f-936aff0d1566: start LeaderElection
2019-10-17 07:09:28,529 [f3ee4219-89bb-47f2-bbe0-5f784575b745@group-2C0FEEE55AE1-LeaderElection1069] INFO  server.RaftServerConfigKeys (ConfUtils.java:logGet(43)) - raft.server.watch.timeout = 10s (default)
2019-10-17 07:09:28,529 [f3ee4219-89bb-47f2-bbe0-5f784575b745@group-2C0FEEE55AE1-LeaderElection1069] INFO  server.RaftServerConfigKeys (ConfUtils.java:logGet(43)) - raft.server.watch.timeout.denomination = 1s (default)
2019-10-17 07:09:28,530 [f3ee4219-89bb-47f2-bbe0-5f784575b745@group-2C0FEEE55AE1-LeaderElection1069] INFO  server.RaftServerConfigKeys (ConfUtils.java:logGet(43)) - raft.server.watch.element-limit = 65536 (default)
2019-10-17 07:09:28,531 [pool-550-thread-1] INFO  impl.RaftServerImpl (RaftServerImpl.java:start(195)) - e9b52f21-01d5-44eb-a9cd-d907fd904ad1@group-387442201646: start as a follower, conf=-1: [e9b52f21-01d5-44eb-a9cd-d907fd904ad1:192.168.157.211:45108], old=null
2019-10-17 07:09:28,531 [pool-550-thread-1] INFO  impl.RaftServerImpl (RaftServerImpl.java:setRole(184)) - e9b52f21-01d5-44eb-a9cd-d907fd904ad1@group-387442201646: changes role from      null to FOLLOWER at term 0 for startAsFollower
2019-10-17 07:09:28,531 [pool-550-thread-1] INFO  impl.RoleInfo (RoleInfo.java:updateAndGet(143)) - e9b52f21-01d5-44eb-a9cd-d907fd904ad1: start FollowerState
2019-10-17 07:09:28,531 [pool-550-thread-1] INFO  util.JmxRegister (JmxRegister.java:tryRegister(44)) - Successfully registered JMX Bean with object name Ratis:service=RaftServer,group=group-387442201646,id=e9b52f21-01d5-44eb-a9cd-d907fd904ad1
2019-10-17 07:09:28,531 [f3ee4219-89bb-47f2-bbe0-5f784575b745@group-2C0FEEE55AE1-LeaderElection1069] INFO  server.RaftServerConfigKeys (ConfUtils.java:logGet(43)) - raft.server.log.appender.snapshot.chunk.size.max = 16MB (=16777216) (default)
2019-10-17 07:09:28,532 [f3ee4219-89bb-47f2-bbe0-5f784575b745@group-2C0FEEE55AE1-LeaderElection1069] INFO  server.RaftServerConfigKeys (ConfUtils.java:logGet(43)) - raft.server.log.appender.buffer.byte-limit = 33554432 (custom)
2019-10-17 07:09:28,532 [f3ee4219-89bb-47f2-bbe0-5f784575b745@group-2C0FEEE55AE1-LeaderElection1069] INFO  server.RaftServerConfigKeys (ConfUtils.java:logGet(43)) - raft.server.log.appender.buffer.element-limit = 1 (custom)
2019-10-17 07:09:28,532 [f3ee4219-89bb-47f2-bbe0-5f784575b745@group-2C0FEEE55AE1-LeaderElection1069] INFO  grpc.GrpcConfigKeys$Server (ConfUtils.java:logGet(43)) - raft.grpc.server.leader.outstanding.appends.max = 128 (default)
2019-10-17 07:09:28,532 [f3ee4219-89bb-47f2-bbe0-5f784575b745@group-2C0FEEE55AE1-LeaderElection1069] INFO  server.RaftServerConfigKeys (ConfUtils.java:logGet(43)) - raft.server.rpc.request.timeout = 3000ms (default)
2019-10-17 07:09:28,532 [f3ee4219-89bb-47f2-bbe0-5f784575b745@group-2C0FEEE55AE1-LeaderElection1069] INFO  server.RaftServerConfigKeys (ConfUtils.java:logGet(43)) - raft.server.log.appender.install.snapshot.enabled = false (custom)
2019-10-17 07:09:28,533 [RatisPipelineUtilsThread] INFO  pipeline.PipelineStateManager (PipelineStateManager.java:addPipeline(56)) - Created pipeline Pipeline[ Id: a742a35a-9b96-462d-9ad1-387442201646, Nodes: e9b52f21-01d5-44eb-a9cd-d907fd904ad1{ip: 192.168.157.211, host: pr-hdds-2286-nkqct-1837310268, networkLocation: /rack1, certSerialId: null}, Type:RATIS, Factor:ONE, State:OPEN]
2019-10-17 07:09:28,534 [f3ee4219-89bb-47f2-bbe0-5f784575b745@group-2C0FEEE55AE1-LeaderElection1069] INFO  server.RaftServerConfigKeys (ConfUtils.java:logGet(43)) - raft.server.log.appender.snapshot.chunk.size.max = 16MB (=16777216) (default)
2019-10-17 07:09:28,534 [f3ee4219-89bb-47f2-bbe0-5f784575b745@group-2C0FEEE55AE1-LeaderElection1069] INFO  server.RaftServerConfigKeys (ConfUtils.java:logGet(43)) - raft.server.log.appender.buffer.byte-limit = 33554432 (custom)
2019-10-17 07:09:28,534 [f3ee4219-89bb-47f2-bbe0-5f784575b745@group-2C0FEEE55AE1-LeaderElection1069] INFO  server.RaftServerConfigKeys (ConfUtils.java:logGet(43)) - raft.server.log.appender.buffer.element-limit = 1 (custom)
2019-10-17 07:09:28,534 [f3ee4219-89bb-47f2-bbe0-5f784575b745@group-2C0FEEE55AE1-LeaderElection1069] INFO  grpc.GrpcConfigKeys$Server (ConfUtils.java:logGet(43)) - raft.grpc.server.leader.outstanding.appends.max = 128 (default)
2019-10-17 07:09:28,534 [f3ee4219-89bb-47f2-bbe0-5f784575b745@group-2C0FEEE55AE1-LeaderElection1069] INFO  server.RaftServerConfigKeys (ConfUtils.java:logGet(43)) - raft.server.rpc.request.timeout = 3000ms (default)
2019-10-17 07:09:28,534 [f3ee4219-89bb-47f2-bbe0-5f784575b745@group-2C0FEEE55AE1-LeaderElection1069] INFO  server.RaftServerConfigKeys (ConfUtils.java:logGet(43)) - raft.server.log.appender.install.snapshot.enabled = false (custom)
2019-10-17 07:09:28,536 [f3ee4219-89bb-47f2-bbe0-5f784575b745@group-2C0FEEE55AE1-LeaderElection1069] INFO  impl.RoleInfo (RoleInfo.java:updateAndGet(143)) - f3ee4219-89bb-47f2-bbe0-5f784575b745: start LeaderState
2019-10-17 07:09:28,536 [f3ee4219-89bb-47f2-bbe0-5f784575b745@group-2C0FEEE55AE1-LeaderElection1069] INFO  segmented.SegmentedRaftLogWorker (SegmentedRaftLogWorker.java:startLogSegment(385)) - f3ee4219-89bb-47f2-bbe0-5f784575b745@group-2C0FEEE55AE1-SegmentedRaftLogWorker: Starting segment from index:0
2019-10-17 07:09:28,537 [f3ee4219-89bb-47f2-bbe0-5f784575b745@group-2C0FEEE55AE1-LeaderElection1069] INFO  impl.RaftServerImpl (ServerState.java:setRaftConf(357)) - f3ee4219-89bb-47f2-bbe0-5f784575b745@group-2C0FEEE55AE1: set configuration 0: [f3ee4219-89bb-47f2-bbe0-5f784575b745:192.168.157.211:38722, 805254cc-2da6-48d8-a2f9-c1a3ceceab4a:192.168.157.211:35407, 696df33b-59a0-4145-913f-936aff0d1566:192.168.157.211:38803], old=null at 0
2019-10-17 07:09:28,537 [grpc-default-executor-0] INFO  impl.RaftServerImpl (ServerState.java:setLeader(256)) - 805254cc-2da6-48d8-a2f9-c1a3ceceab4a@group-2C0FEEE55AE1: change Leader from null to f3ee4219-89bb-47f2-bbe0-5f784575b745 at term 1 for appendEntries, leader elected after 90ms
2019-10-17 07:09:28,541 [grpc-default-executor-0] INFO  impl.RaftServerImpl (ServerState.java:setRaftConf(357)) - 805254cc-2da6-48d8-a2f9-c1a3ceceab4a@group-2C0FEEE55AE1: set configuration 0: [f3ee4219-89bb-47f2-bbe0-5f784575b745:192.168.157.211:38722, 805254cc-2da6-48d8-a2f9-c1a3ceceab4a:192.168.157.211:35407, 696df33b-59a0-4145-913f-936aff0d1566:192.168.157.211:38803], old=null at 0
2019-10-17 07:09:28,542 [grpc-default-executor-0] INFO  segmented.SegmentedRaftLogWorker (SegmentedRaftLogWorker.java:startLogSegment(385)) - 805254cc-2da6-48d8-a2f9-c1a3ceceab4a@group-2C0FEEE55AE1-SegmentedRaftLogWorker: Starting segment from index:0
2019-10-17 07:09:28,543 [f3ee4219-89bb-47f2-bbe0-5f784575b745@group-F82281D5E8A3-LeaderElection1071] INFO  impl.LeaderElection (LeaderElection.java:askForVotes(178)) - f3ee4219-89bb-47f2-bbe0-5f784575b745@group-F82281D5E8A3-LeaderElection1071: begin an election at term 1 for -1: [f3ee4219-89bb-47f2-bbe0-5f784575b745:192.168.157.211:38722], old=null
2019-10-17 07:09:28,543 [696df33b-59a0-4145-913f-936aff0d1566@group-7859C2A166C6-LeaderElection1070] INFO  impl.LeaderElection (LeaderElection.java:askForVotes(178)) - 696df33b-59a0-4145-913f-936aff0d1566@group-7859C2A166C6-LeaderElection1070: begin an election at term 1 for -1: [696df33b-59a0-4145-913f-936aff0d1566:192.168.157.211:38803], old=null
2019-10-17 07:09:28,544 [f3ee4219-89bb-47f2-bbe0-5f784575b745@group-F82281D5E8A3-LeaderElection1071] INFO  impl.RoleInfo (RoleInfo.java:shutdownLeaderElection(134)) - f3ee4219-89bb-47f2-bbe0-5f784575b745: shutdown LeaderElection
2019-10-17 07:09:28,544 [696df33b-59a0-4145-913f-936aff0d1566@group-7859C2A166C6-LeaderElection1070] INFO  impl.RoleInfo (RoleInfo.java:shutdownLeaderElection(134)) - 696df33b-59a0-4145-913f-936aff0d1566: shutdown LeaderElection
2019-10-17 07:09:28,543 [696df33b-59a0-4145-913f-936aff0d1566@group-2C0FEEE55AE1-LeaderElection1072] INFO  impl.LeaderElection (LeaderElection.java:askForVotes(178)) - 696df33b-59a0-4145-913f-936aff0d1566@group-2C0FEEE55AE1-LeaderElection1072: begin an election at term 2 for -1: [f3ee4219-89bb-47f2-bbe0-5f784575b745:192.168.157.211:38722, 805254cc-2da6-48d8-a2f9-c1a3ceceab4a:192.168.157.211:35407, 696df33b-59a0-4145-913f-936aff0d1566:192.168.157.211:38803], old=null
2019-10-17 07:09:28,544 [696df33b-59a0-4145-913f-936aff0d1566@group-7859C2A166C6-LeaderElection1070] INFO  impl.RaftServerImpl (RaftServerImpl.java:setRole(184)) - 696df33b-59a0-4145-913f-936aff0d1566@group-7859C2A166C6: changes role from CANDIDATE to LEADER at term 1 for changeToLeader
2019-10-17 07:09:28,544 [Thread-9575] INFO  impl.RaftServerImpl (ServerState.java:setLeader(256)) - f3ee4219-89bb-47f2-bbe0-5f784575b745@group-2C0FEEE55AE1: change Leader from f3ee4219-89bb-47f2-bbe0-5f784575b745 to null at term 2 for updateCurrentTerm
2019-10-17 07:09:28,544 [Thread-9575] INFO  impl.RaftServerImpl (RaftServerImpl.java:setRole(184)) - f3ee4219-89bb-47f2-bbe0-5f784575b745@group-2C0FEEE55AE1: changes role from    LEADER to FOLLOWER at term 2 for stepDown
2019-10-17 07:09:28,544 [f3ee4219-89bb-47f2-bbe0-5f784575b745@group-F82281D5E8A3-LeaderElection1071] INFO  impl.RaftServerImpl (RaftServerImpl.java:setRole(184)) - f3ee4219-89bb-47f2-bbe0-5f784575b745@group-F82281D5E8A3: changes role from CANDIDATE to LEADER at term 1 for changeToLeader
2019-10-17 07:09:28,544 [Thread-9575] INFO  impl.RoleInfo (RoleInfo.java:shutdownLeaderState(104)) - f3ee4219-89bb-47f2-bbe0-5f784575b745: shutdown LeaderState
2019-10-17 07:09:28,544 [696df33b-59a0-4145-913f-936aff0d1566@group-7859C2A166C6-LeaderElection1070] INFO  impl.RaftServerImpl (ServerState.java:setLeader(256)) - 696df33b-59a0-4145-913f-936aff0d1566@group-7859C2A166C6: change Leader from null to 696df33b-59a0-4145-913f-936aff0d1566 at term 1 for becomeLeader, leader elected after 139ms
2019-10-17 07:09:28,573 [Thread-9550] INFO  impl.FollowerState (FollowerState.java:run(108)) - 805254cc-2da6-48d8-a2f9-c1a3ceceab4a@group-A21122A915C2-FollowerState: change to CANDIDATE, lastRpcTime:205ms, electionTimeout:193ms
2019-10-17 07:09:28,573 [Thread-9575] INFO  impl.PendingRequests (PendingRequests.java:sendNotLeaderResponses(202)) - f3ee4219-89bb-47f2-bbe0-5f784575b745@group-2C0FEEE55AE1-PendingRequests: sendNotLeaderResponses
2019-10-17 07:09:28,573 [org.apache.ratis.server.impl.LogAppender$AppenderDaemon$$Lambda$475/393596178@2890ef6e] WARN  server.GrpcLogAppender (GrpcLogAppender.java:mayWait(149)) - f3ee4219-89bb-47f2-bbe0-5f784575b745@group-2C0FEEE55AE1->696df33b-59a0-4145-913f-936aff0d1566-GrpcLogAppender: Wait interrupted by java.lang.InterruptedException
2019-10-17 07:09:28,544 [f3ee4219-89bb-47f2-bbe0-5f784575b745@group-F82281D5E8A3-LeaderElection1071] INFO  impl.RaftServerImpl (ServerState.java:setLeader(256)) - f3ee4219-89bb-47f2-bbe0-5f784575b745@group-F82281D5E8A3: change Leader from null to f3ee4219-89bb-47f2-bbe0-5f784575b745 at term 1 for becomeLeader, leader elected after 227ms
2019-10-17 07:09:28,574 [Thread-9575] INFO  impl.RoleInfo (RoleInfo.java:updateAndGet(143)) - f3ee4219-89bb-47f2-bbe0-5f784575b745: start FollowerState
2019-10-17 07:09:28,574 [org.apache.ratis.server.impl.LogAppender$AppenderDaemon$$Lambda$475/393596178@1943526d] WARN  server.GrpcLogAppender (GrpcLogAppender.java:mayWait(149)) - f3ee4219-89bb-47f2-bbe0-5f784575b745@group-2C0FEEE55AE1->805254cc-2da6-48d8-a2f9-c1a3ceceab4a-GrpcLogAppender: Wait interrupted by java.lang.InterruptedException
2019-10-17 07:09:28,574 [Thread-9550] INFO  impl.RoleInfo (RoleInfo.java:shutdownFollowerState(121)) - 805254cc-2da6-48d8-a2f9-c1a3ceceab4a: shutdown FollowerState
2019-10-17 07:09:28,573 [696df33b-59a0-4145-913f-936aff0d1566@group-7859C2A166C6-LeaderElection1070] INFO  server.RaftServerConfigKeys (ConfUtils.java:logGet(43)) - raft.server.staging.catchup.gap = 1000 (default)
2019-10-17 07:09:28,575 [IPC Server handler 10 on 32805] INFO  net.NetworkTopology (NetworkTopologyImpl.java:add(111)) - Added a new node: /rack1/0acdc124-2757-4c91-93b1-ab1a2908776d
2019-10-17 07:09:28,574 [Thread-9550] INFO  impl.RaftServerImpl (RaftServerImpl.java:setRole(184)) - 805254cc-2da6-48d8-a2f9-c1a3ceceab4a@group-A21122A915C2: changes role from  FOLLOWER to CANDIDATE at term 0 for changeToCandidate
2019-10-17 07:09:28,574 [grpc-default-executor-0] INFO  server.GrpcServerProtocolService (GrpcServerProtocolService.java:onCompleted(113)) - 696df33b-59a0-4145-913f-936aff0d1566: Completed APPEND_ENTRIES, lastRequest: f3ee4219-89bb-47f2-bbe0-5f784575b745->696df33b-59a0-4145-913f-936aff0d1566#0-t1, previous=(t:0, i:0), leaderCommit=-1, initializing? false, entries: <empty>
2019-10-17 07:09:28,574 [f3ee4219-89bb-47f2-bbe0-5f784575b745@group-F82281D5E8A3-LeaderElection1071] INFO  server.RaftServerConfigKeys (ConfUtils.java:logGet(43)) - raft.server.staging.catchup.gap = 1000 (default)
2019-10-17 07:09:28,580 [grpc-default-executor-5] INFO  server.GrpcLogAppender (GrpcLogAppender.java:onCompleted(308)) - f3ee4219-89bb-47f2-bbe0-5f784575b745@group-2C0FEEE55AE1->696df33b-59a0-4145-913f-936aff0d1566-AppendLogResponseHandler: follower responses appendEntries COMPLETED
2019-10-17 07:09:28,580 [grpc-default-executor-2] INFO  server.GrpcServerProtocolService (GrpcServerProtocolService.java:onCompleted(113)) - 805254cc-2da6-48d8-a2f9-c1a3ceceab4a: Completed APPEND_ENTRIES, lastRequest: f3ee4219-89bb-47f2-bbe0-5f784575b745->805254cc-2da6-48d8-a2f9-c1a3ceceab4a#1-t1, previous=(t:0, i:0), leaderCommit=-1, initializing? false, entries: size=1, first=(t:1, i:0), CONFIGURATIONENTRY
2019-10-17 07:09:28,580 [Thread-9550] INFO  impl.RoleInfo (RoleInfo.java:updateAndGet(143)) - 805254cc-2da6-48d8-a2f9-c1a3ceceab4a: start LeaderElection
2019-10-17 07:09:28,579 [IPC Server handler 10 on 32805] INFO  node.SCMNodeManager (SCMNodeManager.java:register(268)) - Registered Data node : 0acdc124-2757-4c91-93b1-ab1a2908776d{ip: 192.168.157.211, host: pr-hdds-2286-nkqct-1837310268, networkLocation: /rack1, certSerialId: null}
2019-10-17 07:09:28,577 [696df33b-59a0-4145-913f-936aff0d1566@group-7859C2A166C6-LeaderElection1070] INFO  server.RaftServerConfigKeys (ConfUtils.java:logGet(43)) - raft.server.rpc.sleep.time = 25ms (default)
2019-10-17 07:09:28,589 [f3ee4219-89bb-47f2-bbe0-5f784575b745@group-2C0FEEE55AE1-SegmentedRaftLogWorker] INFO  segmented.SegmentedRaftLogWorker (SegmentedRaftLogWorker.java:execute(576)) - f3ee4219-89bb-47f2-bbe0-5f784575b745@group-2C0FEEE55AE1-SegmentedRaftLogWorker: created new log segment /workdir/hadoop-ozone/integration-test/target/test-dir/MiniOzoneClusterImpl-e7c0418f-15c1-471d-99db-59e1afe04953/datanode-0/data/ratis/4f463c09-2de0-4886-bad6-2c0feee55ae1/current/log_inprogress_0
2019-10-17 07:09:28,589 [696df33b-59a0-4145-913f-936aff0d1566@group-7859C2A166C6-LeaderElection1070] INFO  server.RaftServerConfigKeys (ConfUtils.java:logGet(43)) - raft.server.write.element-limit = 4096 (default)
2019-10-17 07:09:28,582 [grpc-default-executor-2] INFO  impl.RaftServerImpl (ServerState.java:setLeader(256)) - 805254cc-2da6-48d8-a2f9-c1a3ceceab4a@group-2C0FEEE55AE1: change Leader from f3ee4219-89bb-47f2-bbe0-5f784575b745 to null at term 2 for updateCurrentTerm
2019-10-17 07:09:28,588 [grpc-default-executor-7] INFO  server.GrpcLogAppender (GrpcLogAppender.java:onCompleted(308)) - f3ee4219-89bb-47f2-bbe0-5f784575b745@group-2C0FEEE55AE1->805254cc-2da6-48d8-a2f9-c1a3ceceab4a-AppendLogResponseHandler: follower responses appendEntries COMPLETED
2019-10-17 07:09:28,582 [grpc-default-executor-5] INFO  impl.FollowerInfo (FollowerInfo.java:lambda$new$0(51)) - f3ee4219-89bb-47f2-bbe0-5f784575b745@group-2C0FEEE55AE1->696df33b-59a0-4145-913f-936aff0d1566: nextIndex: updateUnconditionally 0 -> 0
2019-10-17 07:09:28,593 [grpc-default-executor-7] INFO  impl.FollowerInfo (FollowerInfo.java:lambda$new$0(51)) - f3ee4219-89bb-47f2-bbe0-5f784575b745@group-2C0FEEE55AE1->805254cc-2da6-48d8-a2f9-c1a3ceceab4a: nextIndex: updateUnconditionally 1 -> 0
2019-10-17 07:09:28,580 [f3ee4219-89bb-47f2-bbe0-5f784575b745@group-F82281D5E8A3-LeaderElection1071] INFO  server.RaftServerConfigKeys (ConfUtils.java:logGet(43)) - raft.server.rpc.sleep.time = 25ms (default)
2019-10-17 07:09:28,591 [grpc-default-executor-8] INFO  impl.RaftServerImpl (RaftServerImpl.java:setRole(184)) - f3ee4219-89bb-47f2-bbe0-5f784575b745@group-2C0FEEE55AE1: changes role from  FOLLOWER to FOLLOWER at term 2 for recognizeCandidate:696df33b-59a0-4145-913f-936aff0d1566
2019-10-17 07:09:28,594 [grpc-default-executor-8] INFO  impl.RoleInfo (RoleInfo.java:shutdownFollowerState(121)) - f3ee4219-89bb-47f2-bbe0-5f784575b745: shutdown FollowerState
2019-10-17 07:09:28,591 [grpc-default-executor-2] INFO  impl.RaftServerImpl (RaftServerImpl.java:setRole(184)) - 805254cc-2da6-48d8-a2f9-c1a3ceceab4a@group-2C0FEEE55AE1: changes role from  FOLLOWER to FOLLOWER at term 2 for recognizeCandidate:696df33b-59a0-4145-913f-936aff0d1566
2019-10-17 07:09:28,594 [grpc-default-executor-2] INFO  impl.RoleInfo (RoleInfo.java:shutdownFollowerState(121)) - 805254cc-2da6-48d8-a2f9-c1a3ceceab4a: shutdown FollowerState
2019-10-17 07:09:28,591 [696df33b-59a0-4145-913f-936aff0d1566@group-7859C2A166C6-LeaderElection1070] INFO  server.RaftServerConfigKeys (ConfUtils.java:logGet(43)) - raft.server.watch.timeout = 10s (default)
2019-10-17 07:09:28,591 [696df33b-59a0-4145-913f-936aff0d1566@group-2C0FEEE55AE1-LeaderElection1072] INFO  impl.LeaderElection (LeaderElection.java:logAndReturn(56)) - 696df33b-59a0-4145-913f-936aff0d1566@group-2C0FEEE55AE1-LeaderElection1072: Election TIMEOUT; received 0 response(s) [] and 0 exception(s); 696df33b-59a0-4145-913f-936aff0d1566@group-2C0FEEE55AE1:t2, leader=null, voted=696df33b-59a0-4145-913f-936aff0d1566, raftlog=696df33b-59a0-4145-913f-936aff0d1566@group-2C0FEEE55AE1-SegmentedRaftLog:OPENED:c-1,f-1,i0, conf=-1: [f3ee4219-89bb-47f2-bbe0-5f784575b745:192.168.157.211:38722, 805254cc-2da6-48d8-a2f9-c1a3ceceab4a:192.168.157.211:35407, 696df33b-59a0-4145-913f-936aff0d1566:192.168.157.211:38803], old=null
2019-10-17 07:09:28,589 [805254cc-2da6-48d8-a2f9-c1a3ceceab4a@group-2C0FEEE55AE1-SegmentedRaftLogWorker] INFO  segmented.SegmentedRaftLogWorker (SegmentedRaftLogWorker.java:execute(576)) - 805254cc-2da6-48d8-a2f9-c1a3ceceab4a@group-2C0FEEE55AE1-SegmentedRaftLogWorker: created new log segment /workdir/hadoop-ozone/integration-test/target/test-dir/MiniOzoneClusterImpl-e7c0418f-15c1-471d-99db-59e1afe04953/datanode-1/data/ratis/4f463c09-2de0-4886-bad6-2c0feee55ae1/current/log_inprogress_0
2019-10-17 07:09:28,594 [696df33b-59a0-4145-913f-936aff0d1566@group-7859C2A166C6-LeaderElection1070] INFO  server.RaftServerConfigKeys (ConfUtils.java:logGet(43)) - raft.server.watch.timeout.denomination = 1s (default)
2019-10-17 07:09:28,594 [grpc-default-executor-2] INFO  impl.RoleInfo (RoleInfo.java:updateAndGet(143)) - 805254cc-2da6-48d8-a2f9-c1a3ceceab4a: start FollowerState
2019-10-17 07:09:28,594 [Thread-9571] INFO  impl.FollowerState (FollowerState.java:run(117)) - 805254cc-2da6-48d8-a2f9-c1a3ceceab4a@group-2C0FEEE55AE1-FollowerState was interrupted: java.lang.InterruptedException: sleep interrupted
2019-10-17 07:09:28,594 [Thread-9586] INFO  impl.FollowerState (FollowerState.java:run(117)) - f3ee4219-89bb-47f2-bbe0-5f784575b745@group-2C0FEEE55AE1-FollowerState was interrupted: java.lang.InterruptedException: sleep interrupted
2019-10-17 07:09:28,594 [grpc-default-executor-8] INFO  impl.RoleInfo (RoleInfo.java:updateAndGet(143)) - f3ee4219-89bb-47f2-bbe0-5f784575b745: start FollowerState
2019-10-17 07:09:28,594 [f3ee4219-89bb-47f2-bbe0-5f784575b745@group-F82281D5E8A3-LeaderElection1071] INFO  server.RaftServerConfigKeys (ConfUtils.java:logGet(43)) - raft.server.write.element-limit = 4096 (default)
2019-10-17 07:09:28,597 [696df33b-59a0-4145-913f-936aff0d1566@group-7859C2A166C6-LeaderElection1070] INFO  server.RaftServerConfigKeys (ConfUtils.java:logGet(43)) - raft.server.watch.element-limit = 65536 (default)
2019-10-17 07:09:28,597 [grpc-default-executor-7] INFO  impl.RaftServerProxy (RaftServerProxy.java:addNew(89)) - 0acdc124-2757-4c91-93b1-ab1a2908776d: addNew group-E9714E6466A2:[0acdc124-2757-4c91-93b1-ab1a2908776d:192.168.157.211:34191] returns group-E9714E6466A2:java.util.concurrent.CompletableFuture@76ef913a[Not completed]
2019-10-17 07:09:28,597 [f3ee4219-89bb-47f2-bbe0-5f784575b745@group-F82281D5E8A3-LeaderElection1071] INFO  server.RaftServerConfigKeys (ConfUtils.java:logGet(43)) - raft.server.watch.timeout = 10s (default)
2019-10-17 07:09:28,598 [f3ee4219-89bb-47f2-bbe0-5f784575b745@group-F82281D5E8A3-LeaderElection1071] INFO  server.RaftServerConfigKeys (ConfUtils.java:logGet(43)) - raft.server.watch.timeout.denomination = 1s (default)
2019-10-17 07:09:28,598 [f3ee4219-89bb-47f2-bbe0-5f784575b745@group-F82281D5E8A3-LeaderElection1071] INFO  server.RaftServerConfigKeys (ConfUtils.java:logGet(43)) - raft.server.watch.element-limit = 65536 (default)
2019-10-17 07:09:28,598 [pool-560-thread-1] INFO  impl.RaftServerImpl (RaftServerImpl.java:<init>(104)) - 0acdc124-2757-4c91-93b1-ab1a2908776d: new RaftServerImpl for group-E9714E6466A2:[0acdc124-2757-4c91-93b1-ab1a2908776d:192.168.157.211:34191] with ContainerStateMachine:uninitialized
2019-10-17 07:09:28,599 [pool-560-thread-1] INFO  server.RaftServerConfigKeys (ConfUtils.java:logGet(43)) - raft.server.rpc.timeout.min = 1s (custom)
2019-10-17 07:09:28,599 [pool-560-thread-1] INFO  server.RaftServerConfigKeys (ConfUtils.java:logGet(43)) - raft.server.rpc.timeout.max = 1200ms (custom)
2019-10-17 07:09:28,599 [pool-560-thread-1] INFO  server.RaftServerConfigKeys (ConfUtils.java:logGet(43)) - raft.server.rpcslowness.timeout = 120s (custom)
2019-10-17 07:09:28,599 [pool-560-thread-1] INFO  server.RaftServerConfigKeys (ConfUtils.java:logGet(43)) - raft.server.sleep.deviation.threshold = 300 (default)
2019-10-17 07:09:28,599 [pool-560-thread-1] INFO  server.RaftServerConfigKeys (ConfUtils.java:logGet(43)) - raft.server.log.appender.install.snapshot.enabled = false (custom)
2019-10-17 07:09:28,600 [pool-560-thread-1] INFO  impl.RaftServerImpl (ServerState.java:<init>(103)) - 0acdc124-2757-4c91-93b1-ab1a2908776d@group-E9714E6466A2: ConfigurationManager, init=-1: [0acdc124-2757-4c91-93b1-ab1a2908776d:192.168.157.211:34191], old=null, confs=<EMPTY_MAP>
2019-10-17 07:09:28,600 [pool-560-thread-1] INFO  server.RaftServerConfigKeys (ConfUtils.java:logGet(43)) - raft.server.storage.dir = [/workdir/hadoop-ozone/integration-test/target/test-dir/MiniOzoneClusterImpl-e7c0418f-15c1-471d-99db-59e1afe04953/datanode-5/data/ratis] (custom)
2019-10-17 07:09:28,600 [pool-560-thread-1] INFO  server.RaftServerConfigKeys (ConfUtils.java:logGet(43)) - raft.server.log.corruption.policy = EXCEPTION (default)
2019-10-17 07:09:28,600 [f3ee4219-89bb-47f2-bbe0-5f784575b745@group-F82281D5E8A3-LeaderElection1071] INFO  impl.RoleInfo (RoleInfo.java:updateAndGet(143)) - f3ee4219-89bb-47f2-bbe0-5f784575b745: start LeaderState
2019-10-17 07:09:28,600 [f3ee4219-89bb-47f2-bbe0-5f784575b745@group-F82281D5E8A3-LeaderElection1071] INFO  segmented.SegmentedRaftLogWorker (SegmentedRaftLogWorker.java:startLogSegment(385)) - f3ee4219-89bb-47f2-bbe0-5f784575b745@group-F82281D5E8A3-SegmentedRaftLogWorker: Starting segment from index:0
2019-10-17 07:09:28,600 [pool-560-thread-1] INFO  storage.RaftStorageDirectory (RaftStorageDirectory.java:analyzeStorage(246)) - The storage directory /workdir/hadoop-ozone/integration-test/target/test-dir/MiniOzoneClusterImpl-e7c0418f-15c1-471d-99db-59e1afe04953/datanode-5/data/ratis/c34ee61c-d93e-401c-aeb3-e9714e6466a2 does not exist. Creating ...
2019-10-17 07:09:28,601 [696df33b-59a0-4145-913f-936aff0d1566@group-7859C2A166C6-LeaderElection1070] INFO  impl.RoleInfo (RoleInfo.java:updateAndGet(143)) - 696df33b-59a0-4145-913f-936aff0d1566: start LeaderState
2019-10-17 07:09:28,601 [f3ee4219-89bb-47f2-bbe0-5f784575b745@group-F82281D5E8A3-LeaderElection1071] INFO  impl.RaftServerImpl (ServerState.java:setRaftConf(357)) - f3ee4219-89bb-47f2-bbe0-5f784575b745@group-F82281D5E8A3: set configuration 0: [f3ee4219-89bb-47f2-bbe0-5f784575b745:192.168.157.211:38722], old=null at 0
2019-10-17 07:09:28,601 [696df33b-59a0-4145-913f-936aff0d1566@group-7859C2A166C6-LeaderElection1070] INFO  segmented.SegmentedRaftLogWorker (SegmentedRaftLogWorker.java:startLogSegment(385)) - 696df33b-59a0-4145-913f-936aff0d1566@group-7859C2A166C6-SegmentedRaftLogWorker: Starting segment from index:0
2019-10-17 07:09:28,601 [696df33b-59a0-4145-913f-936aff0d1566@group-7859C2A166C6-LeaderElection1070] INFO  impl.RaftServerImpl (ServerState.java:setRaftConf(357)) - 696df33b-59a0-4145-913f-936aff0d1566@group-7859C2A166C6: set configuration 0: [696df33b-59a0-4145-913f-936aff0d1566:192.168.157.211:38803], old=null at 0
2019-10-17 07:09:28,603 [805254cc-2da6-48d8-a2f9-c1a3ceceab4a@group-A21122A915C2-LeaderElection1073] INFO  impl.LeaderElection (LeaderElection.java:askForVotes(178)) - 805254cc-2da6-48d8-a2f9-c1a3ceceab4a@group-A21122A915C2-LeaderElection1073: begin an election at term 1 for -1: [805254cc-2da6-48d8-a2f9-c1a3ceceab4a:192.168.157.211:35407], old=null
2019-10-17 07:09:28,603 [696df33b-59a0-4145-913f-936aff0d1566@group-2C0FEEE55AE1-LeaderElection1072] INFO  impl.LeaderElection (LeaderElection.java:askForVotes(178)) - 696df33b-59a0-4145-913f-936aff0d1566@group-2C0FEEE55AE1-LeaderElection1072: begin an election at term 3 for -1: [f3ee4219-89bb-47f2-bbe0-5f784575b745:192.168.157.211:38722, 805254cc-2da6-48d8-a2f9-c1a3ceceab4a:192.168.157.211:35407, 696df33b-59a0-4145-913f-936aff0d1566:192.168.157.211:38803], old=null
2019-10-17 07:09:28,603 [805254cc-2da6-48d8-a2f9-c1a3ceceab4a@group-A21122A915C2-LeaderElection1073] INFO  impl.RoleInfo (RoleInfo.java:shutdownLeaderElection(134)) - 805254cc-2da6-48d8-a2f9-c1a3ceceab4a: shutdown LeaderElection
2019-10-17 07:09:28,603 [805254cc-2da6-48d8-a2f9-c1a3ceceab4a@group-A21122A915C2-LeaderElection1073] INFO  impl.RaftServerImpl (RaftServerImpl.java:setRole(184)) - 805254cc-2da6-48d8-a2f9-c1a3ceceab4a@group-A21122A915C2: changes role from CANDIDATE to LEADER at term 1 for changeToLeader
2019-10-17 07:09:28,603 [805254cc-2da6-48d8-a2f9-c1a3ceceab4a@group-A21122A915C2-LeaderElection1073] INFO  impl.RaftServerImpl (ServerState.java:setLeader(256)) - 805254cc-2da6-48d8-a2f9-c1a3ceceab4a@group-A21122A915C2: change Leader from null to 805254cc-2da6-48d8-a2f9-c1a3ceceab4a at term 1 for becomeLeader, leader elected after 241ms
2019-10-17 07:09:28,603 [805254cc-2da6-48d8-a2f9-c1a3ceceab4a@group-A21122A915C2-LeaderElection1073] INFO  server.RaftServerConfigKeys (ConfUtils.java:logGet(43)) - raft.server.staging.catchup.gap = 1000 (default)
2019-10-17 07:09:28,603 [805254cc-2da6-48d8-a2f9-c1a3ceceab4a@group-A21122A915C2-LeaderElection1073] INFO  server.RaftServerConfigKeys (ConfUtils.java:logGet(43)) - raft.server.rpc.sleep.time = 25ms (default)
2019-10-17 07:09:28,603 [805254cc-2da6-48d8-a2f9-c1a3ceceab4a@group-A21122A915C2-LeaderElection1073] INFO  server.RaftServerConfigKeys (ConfUtils.java:logGet(43)) - raft.server.write.element-limit = 4096 (default)
2019-10-17 07:09:28,603 [805254cc-2da6-48d8-a2f9-c1a3ceceab4a@group-A21122A915C2-LeaderElection1073] INFO  server.RaftServerConfigKeys (ConfUtils.java:logGet(43)) - raft.server.watch.timeout = 10s (default)
2019-10-17 07:09:28,603 [805254cc-2da6-48d8-a2f9-c1a3ceceab4a@group-A21122A915C2-LeaderElection1073] INFO  server.RaftServerConfigKeys (ConfUtils.java:logGet(43)) - raft.server.watch.timeout.denomination = 1s (default)
2019-10-17 07:09:28,603 [805254cc-2da6-48d8-a2f9-c1a3ceceab4a@group-A21122A915C2-LeaderElection1073] INFO  server.RaftServerConfigKeys (ConfUtils.java:logGet(43)) - raft.server.watch.element-limit = 65536 (default)
2019-10-17 07:09:28,604 [grpc-default-executor-2] INFO  impl.RaftServerImpl (RaftServerImpl.java:setRole(184)) - f3ee4219-89bb-47f2-bbe0-5f784575b745@group-2C0FEEE55AE1: changes role from  FOLLOWER to FOLLOWER at term 3 for recognizeCandidate:696df33b-59a0-4145-913f-936aff0d1566
2019-10-17 07:09:28,604 [grpc-default-executor-2] INFO  impl.RoleInfo (RoleInfo.java:shutdownFollowerState(121)) - f3ee4219-89bb-47f2-bbe0-5f784575b745: shutdown FollowerState
2019-10-17 07:09:28,604 [grpc-default-executor-8] INFO  impl.RaftServerImpl (RaftServerImpl.java:setRole(184)) - 805254cc-2da6-48d8-a2f9-c1a3ceceab4a@group-2C0FEEE55AE1: changes role from  FOLLOWER to FOLLOWER at term 3 for recognizeCandidate:696df33b-59a0-4145-913f-936aff0d1566
2019-10-17 07:09:28,604 [Thread-9590] INFO  impl.FollowerState (FollowerState.java:run(117)) - f3ee4219-89bb-47f2-bbe0-5f784575b745@group-2C0FEEE55AE1-FollowerState was interrupted: java.lang.InterruptedException: sleep interrupted
2019-10-17 07:09:28,604 [805254cc-2da6-48d8-a2f9-c1a3ceceab4a@group-A21122A915C2-LeaderElection1073] INFO  impl.RoleInfo (RoleInfo.java:updateAndGet(143)) - 805254cc-2da6-48d8-a2f9-c1a3ceceab4a: start LeaderState
2019-10-17 07:09:28,604 [grpc-default-executor-2] INFO  impl.RoleInfo (RoleInfo.java:updateAndGet(143)) - f3ee4219-89bb-47f2-bbe0-5f784575b745: start FollowerState
2019-10-17 07:09:28,604 [805254cc-2da6-48d8-a2f9-c1a3ceceab4a@group-A21122A915C2-LeaderElection1073] INFO  segmented.SegmentedRaftLogWorker (SegmentedRaftLogWorker.java:startLogSegment(385)) - 805254cc-2da6-48d8-a2f9-c1a3ceceab4a@group-A21122A915C2-SegmentedRaftLogWorker: Starting segment from index:0
2019-10-17 07:09:28,604 [grpc-default-executor-8] INFO  impl.RoleInfo (RoleInfo.java:shutdownFollowerState(121)) - 805254cc-2da6-48d8-a2f9-c1a3ceceab4a: shutdown FollowerState
2019-10-17 07:09:28,605 [805254cc-2da6-48d8-a2f9-c1a3ceceab4a@group-A21122A915C2-LeaderElection1073] INFO  impl.RaftServerImpl (ServerState.java:setRaftConf(357)) - 805254cc-2da6-48d8-a2f9-c1a3ceceab4a@group-A21122A915C2: set configuration 0: [805254cc-2da6-48d8-a2f9-c1a3ceceab4a:192.168.157.211:35407], old=null at 0
2019-10-17 07:09:28,605 [grpc-default-executor-8] INFO  impl.RoleInfo (RoleInfo.java:updateAndGet(143)) - 805254cc-2da6-48d8-a2f9-c1a3ceceab4a: start FollowerState
2019-10-17 07:09:28,605 [Thread-9591] INFO  impl.FollowerState (FollowerState.java:run(117)) - 805254cc-2da6-48d8-a2f9-c1a3ceceab4a@group-2C0FEEE55AE1-FollowerState was interrupted: java.lang.InterruptedException: sleep interrupted
2019-10-17 07:09:28,627 [pool-560-thread-1] INFO  storage.RaftStorageDirectory (RaftStorageDirectory.java:tryLock(328)) - Lock on /workdir/hadoop-ozone/integration-test/target/test-dir/MiniOzoneClusterImpl-e7c0418f-15c1-471d-99db-59e1afe04953/datanode-5/data/ratis/c34ee61c-d93e-401c-aeb3-e9714e6466a2/in_use.lock acquired by nodename 17775@pr-hdds-2286-nkqct-1837310268
2019-10-17 07:09:28,627 [696df33b-59a0-4145-913f-936aff0d1566@group-2C0FEEE55AE1-LeaderElection1072] INFO  impl.LeaderElection (LeaderElection.java:logAndReturn(56)) - 696df33b-59a0-4145-913f-936aff0d1566@group-2C0FEEE55AE1-LeaderElection1072: Election REJECTED; received 2 response(s) [696df33b-59a0-4145-913f-936aff0d1566<-f3ee4219-89bb-47f2-bbe0-5f784575b745#0:FAIL-t3, 696df33b-59a0-4145-913f-936aff0d1566<-805254cc-2da6-48d8-a2f9-c1a3ceceab4a#0:FAIL-t3] and 0 exception(s); 696df33b-59a0-4145-913f-936aff0d1566@group-2C0FEEE55AE1:t3, leader=null, voted=696df33b-59a0-4145-913f-936aff0d1566, raftlog=696df33b-59a0-4145-913f-936aff0d1566@group-2C0FEEE55AE1-SegmentedRaftLog:OPENED:c-1,f-1,i0, conf=-1: [f3ee4219-89bb-47f2-bbe0-5f784575b745:192.168.157.211:38722, 805254cc-2da6-48d8-a2f9-c1a3ceceab4a:192.168.157.211:35407, 696df33b-59a0-4145-913f-936aff0d1566:192.168.157.211:38803], old=null
2019-10-17 07:09:28,627 [696df33b-59a0-4145-913f-936aff0d1566@group-2C0FEEE55AE1-LeaderElection1072] INFO  impl.RaftServerImpl (RaftServerImpl.java:setRole(184)) - 696df33b-59a0-4145-913f-936aff0d1566@group-2C0FEEE55AE1: changes role from CANDIDATE to FOLLOWER at term 3 for DISCOVERED_A_NEW_TERM
2019-10-17 07:09:28,628 [696df33b-59a0-4145-913f-936aff0d1566@group-2C0FEEE55AE1-LeaderElection1072] INFO  impl.RoleInfo (RoleInfo.java:shutdownLeaderElection(134)) - 696df33b-59a0-4145-913f-936aff0d1566: shutdown LeaderElection
2019-10-17 07:09:28,628 [696df33b-59a0-4145-913f-936aff0d1566@group-2C0FEEE55AE1-LeaderElection1072] INFO  impl.RoleInfo (RoleInfo.java:updateAndGet(143)) - 696df33b-59a0-4145-913f-936aff0d1566: start FollowerState
2019-10-17 07:09:28,642 [Thread-9577] INFO  impl.FollowerState (FollowerState.java:run(108)) - e9b52f21-01d5-44eb-a9cd-d907fd904ad1@group-387442201646-FollowerState: change to CANDIDATE, lastRpcTime:111ms, electionTimeout:111ms
2019-10-17 07:09:28,642 [Thread-9577] INFO  impl.RoleInfo (RoleInfo.java:shutdownFollowerState(121)) - e9b52f21-01d5-44eb-a9cd-d907fd904ad1: shutdown FollowerState
2019-10-17 07:09:28,642 [Thread-9577] INFO  impl.RaftServerImpl (RaftServerImpl.java:setRole(184)) - e9b52f21-01d5-44eb-a9cd-d907fd904ad1@group-387442201646: changes role from  FOLLOWER to CANDIDATE at term 0 for changeToCandidate
2019-10-17 07:09:28,642 [Thread-9577] INFO  impl.RoleInfo (RoleInfo.java:updateAndGet(143)) - e9b52f21-01d5-44eb-a9cd-d907fd904ad1: start LeaderElection
2019-10-17 07:09:28,648 [696df33b-59a0-4145-913f-936aff0d1566@group-7859C2A166C6-SegmentedRaftLogWorker] INFO  segmented.SegmentedRaftLogWorker (SegmentedRaftLogWorker.java:execute(576)) - 696df33b-59a0-4145-913f-936aff0d1566@group-7859C2A166C6-SegmentedRaftLogWorker: created new log segment /workdir/hadoop-ozone/integration-test/target/test-dir/MiniOzoneClusterImpl-e7c0418f-15c1-471d-99db-59e1afe04953/datanode-2/data/ratis/62fecc0a-e66b-4468-b7c5-7859c2a166c6/current/log_inprogress_0
2019-10-17 07:09:28,648 [pool-560-thread-1] INFO  storage.RaftStorage (RaftStorage.java:format(84)) - Storage directory /workdir/hadoop-ozone/integration-test/target/test-dir/MiniOzoneClusterImpl-e7c0418f-15c1-471d-99db-59e1afe04953/datanode-5/data/ratis/c34ee61c-d93e-401c-aeb3-e9714e6466a2 has been successfully formatted.
2019-10-17 07:09:28,648 [f3ee4219-89bb-47f2-bbe0-5f784575b745@group-F82281D5E8A3-SegmentedRaftLogWorker] INFO  segmented.SegmentedRaftLogWorker (SegmentedRaftLogWorker.java:execute(576)) - f3ee4219-89bb-47f2-bbe0-5f784575b745@group-F82281D5E8A3-SegmentedRaftLogWorker: created new log segment /workdir/hadoop-ozone/integration-test/target/test-dir/MiniOzoneClusterImpl-e7c0418f-15c1-471d-99db-59e1afe04953/datanode-0/data/ratis/4d3f15a3-82c4-42c2-86ea-f82281d5e8a3/current/log_inprogress_0
2019-10-17 07:09:28,648 [805254cc-2da6-48d8-a2f9-c1a3ceceab4a@group-A21122A915C2-SegmentedRaftLogWorker] INFO  segmented.SegmentedRaftLogWorker (SegmentedRaftLogWorker.java:execute(576)) - 805254cc-2da6-48d8-a2f9-c1a3ceceab4a@group-A21122A915C2-SegmentedRaftLogWorker: created new log segment /workdir/hadoop-ozone/integration-test/target/test-dir/MiniOzoneClusterImpl-e7c0418f-15c1-471d-99db-59e1afe04953/datanode-1/data/ratis/f90fed4e-c58d-4e54-8470-a21122a915c2/current/log_inprogress_0
2019-10-17 07:09:28,649 [pool-560-thread-1] INFO  ratis.ContainerStateMachine (ContainerStateMachine.java:loadSnapshot(231)) - group-E9714E6466A2: The snapshot info is null. Setting the last applied indexto:(t:0, i:~)
2019-10-17 07:09:28,649 [pool-560-thread-1] INFO  server.RaftServerConfigKeys (ConfUtils.java:logGet(43)) - raft.server.notification.no-leader.timeout = 120s (custom)
2019-10-17 07:09:28,649 [pool-560-thread-1] INFO  server.RaftServerConfigKeys (ConfUtils.java:logGet(43)) - raft.server.log.use.memory = false (default)
2019-10-17 07:09:28,649 [pool-560-thread-1] INFO  server.RaftServerConfigKeys (ConfUtils.java:logGet(43)) - raft.server.log.purge.gap = 1000000 (custom)
2019-10-17 07:09:28,649 [pool-560-thread-1] INFO  server.RaftServerConfigKeys (ConfUtils.java:logGet(43)) - raft.server.log.appender.buffer.byte-limit = 33554432 (custom)
2019-10-17 07:09:28,649 [pool-560-thread-1] INFO  server.RaftServerConfigKeys (ConfUtils.java:logGet(43)) - raft.server.log.segment.size.max = 1048576 (custom)
2019-10-17 07:09:28,651 [pool-560-thread-1] INFO  server.RaftServerConfigKeys (ConfUtils.java:logGet(43)) - raft.server.log.segment.cache.num.max = 2 (custom)
2019-10-17 07:09:28,651 [pool-560-thread-1] INFO  segmented.SegmentedRaftLogWorker (SegmentedRaftLogWorker.java:<init>(173)) - new 0acdc124-2757-4c91-93b1-ab1a2908776d@group-E9714E6466A2-SegmentedRaftLogWorker for RaftStorage:Storage Directory /workdir/hadoop-ozone/integration-test/target/test-dir/MiniOzoneClusterImpl-e7c0418f-15c1-471d-99db-59e1afe04953/datanode-5/data/ratis/c34ee61c-d93e-401c-aeb3-e9714e6466a2
2019-10-17 07:09:28,651 [pool-560-thread-1] INFO  server.RaftServerConfigKeys (ConfUtils.java:logGet(43)) - raft.server.log.queue.byte-limit = 2147483647 (custom)
2019-10-17 07:09:28,651 [pool-560-thread-1] INFO  server.RaftServerConfigKeys (ConfUtils.java:logGet(43)) - raft.server.log.queue.element-limit = 1024 (custom)
2019-10-17 07:09:28,651 [pool-560-thread-1] INFO  server.RaftServerConfigKeys (ConfUtils.java:logGet(43)) - raft.server.log.segment.size.max = 1048576 (custom)
2019-10-17 07:09:28,652 [pool-560-thread-1] INFO  server.RaftServerConfigKeys (ConfUtils.java:logGet(43)) - raft.server.log.preallocated.size = 16384 (custom)
2019-10-17 07:09:28,652 [pool-560-thread-1] INFO  server.RaftServerConfigKeys (ConfUtils.java:logGet(43)) - raft.server.log.write.buffer.size = 33554432 (custom)
2019-10-17 07:09:28,652 [pool-560-thread-1] INFO  server.RaftServerConfigKeys (ConfUtils.java:logGet(43)) - raft.server.log.force.sync.num = 128 (default)
2019-10-17 07:09:28,652 [pool-560-thread-1] INFO  server.RaftServerConfigKeys (ConfUtils.java:logGet(43)) - raft.server.log.statemachine.data.sync = true (default)
2019-10-17 07:09:28,652 [pool-560-thread-1] INFO  server.RaftServerConfigKeys (ConfUtils.java:logGet(43)) - raft.server.log.statemachine.data.sync.timeout = 10s (default)
2019-10-17 07:09:28,652 [pool-560-thread-1] INFO  server.RaftServerConfigKeys (ConfUtils.java:logGet(43)) - raft.server.log.statemachine.data.sync.timeout.retry = -1 (default)
2019-10-17 07:09:28,652 [e9b52f21-01d5-44eb-a9cd-d907fd904ad1@group-387442201646-LeaderElection1074] INFO  impl.LeaderElection (LeaderElection.java:askForVotes(178)) - e9b52f21-01d5-44eb-a9cd-d907fd904ad1@group-387442201646-LeaderElection1074: begin an election at term 1 for -1: [e9b52f21-01d5-44eb-a9cd-d907fd904ad1:192.168.157.211:45108], old=null
2019-10-17 07:09:28,653 [pool-560-thread-1] INFO  server.RaftServerConfigKeys (ConfUtils.java:logGet(43)) - raft.server.log.statemachine.data.caching.enabled = true (custom)
2019-10-17 07:09:28,653 [e9b52f21-01d5-44eb-a9cd-d907fd904ad1@group-387442201646-LeaderElection1074] INFO  impl.RoleInfo (RoleInfo.java:shutdownLeaderElection(134)) - e9b52f21-01d5-44eb-a9cd-d907fd904ad1: shutdown LeaderElection
2019-10-17 07:09:28,653 [e9b52f21-01d5-44eb-a9cd-d907fd904ad1@group-387442201646-LeaderElection1074] INFO  impl.RaftServerImpl (RaftServerImpl.java:setRole(184)) - e9b52f21-01d5-44eb-a9cd-d907fd904ad1@group-387442201646: changes role from CANDIDATE to LEADER at term 1 for changeToLeader
2019-10-17 07:09:28,653 [pool-560-thread-1] INFO  segmented.SegmentedRaftLogWorker (SegmentedRaftLogWorker.java:lambda$new$0(128)) - 0acdc124-2757-4c91-93b1-ab1a2908776d@group-E9714E6466A2-SegmentedRaftLogWorker: flushIndex: setUnconditionally 0 -> -1
2019-10-17 07:09:28,653 [e9b52f21-01d5-44eb-a9cd-d907fd904ad1@group-387442201646-LeaderElection1074] INFO  impl.RaftServerImpl (ServerState.java:setLeader(256)) - e9b52f21-01d5-44eb-a9cd-d907fd904ad1@group-387442201646: change Leader from null to e9b52f21-01d5-44eb-a9cd-d907fd904ad1 at term 1 for becomeLeader, leader elected after 142ms
2019-10-17 07:09:28,653 [e9b52f21-01d5-44eb-a9cd-d907fd904ad1@group-387442201646-LeaderElection1074] INFO  server.RaftServerConfigKeys (ConfUtils.java:logGet(43)) - raft.server.staging.catchup.gap = 1000 (default)
2019-10-17 07:09:28,653 [pool-560-thread-1] INFO  server.RaftServerConfigKeys (ConfUtils.java:logGet(43)) - raft.server.snapshot.auto.trigger.enabled = true (custom)
2019-10-17 07:09:28,653 [e9b52f21-01d5-44eb-a9cd-d907fd904ad1@group-387442201646-LeaderElection1074] INFO  server.RaftServerConfigKeys (ConfUtils.java:logGet(43)) - raft.server.rpc.sleep.time = 25ms (default)
2019-10-17 07:09:28,653 [pool-560-thread-1] INFO  server.RaftServerConfigKeys (ConfUtils.java:logGet(43)) - raft.server.snapshot.auto.trigger.threshold = 10000 (custom)
2019-10-17 07:09:28,654 [e9b52f21-01d5-44eb-a9cd-d907fd904ad1@group-387442201646-LeaderElection1074] INFO  server.RaftServerConfigKeys (ConfUtils.java:logGet(43)) - raft.server.write.element-limit = 4096 (default)
2019-10-17 07:09:28,654 [pool-560-thread-1] INFO  server.RaftServerConfigKeys (ConfUtils.java:logGet(43)) - raft.server.snapshot.retention.file.num = 5 (custom)
2019-10-17 07:09:28,654 [e9b52f21-01d5-44eb-a9cd-d907fd904ad1@group-387442201646-LeaderElection1074] INFO  server.RaftServerConfigKeys (ConfUtils.java:logGet(43)) - raft.server.watch.timeout = 10s (default)
2019-10-17 07:09:28,654 [pool-560-thread-1] INFO  server.RaftServerConfigKeys (ConfUtils.java:logGet(43)) - raft.server.retrycache.expirytime = 600000ms (custom)
2019-10-17 07:09:28,654 [e9b52f21-01d5-44eb-a9cd-d907fd904ad1@group-387442201646-LeaderElection1074] INFO  server.RaftServerConfigKeys (ConfUtils.java:logGet(43)) - raft.server.watch.timeout.denomination = 1s (default)
2019-10-17 07:09:28,654 [e9b52f21-01d5-44eb-a9cd-d907fd904ad1@group-387442201646-LeaderElection1074] INFO  server.RaftServerConfigKeys (ConfUtils.java:logGet(43)) - raft.server.watch.element-limit = 65536 (default)
2019-10-17 07:09:28,657 [e9b52f21-01d5-44eb-a9cd-d907fd904ad1@group-387442201646-LeaderElection1074] INFO  impl.RoleInfo (RoleInfo.java:updateAndGet(143)) - e9b52f21-01d5-44eb-a9cd-d907fd904ad1: start LeaderState
2019-10-17 07:09:28,657 [e9b52f21-01d5-44eb-a9cd-d907fd904ad1@group-387442201646-LeaderElection1074] INFO  segmented.SegmentedRaftLogWorker (SegmentedRaftLogWorker.java:startLogSegment(385)) - e9b52f21-01d5-44eb-a9cd-d907fd904ad1@group-387442201646-SegmentedRaftLogWorker: Starting segment from index:0
2019-10-17 07:09:28,657 [pool-560-thread-1] INFO  impl.RaftServerImpl (RaftServerImpl.java:start(195)) - 0acdc124-2757-4c91-93b1-ab1a2908776d@group-E9714E6466A2: start as a follower, conf=-1: [0acdc124-2757-4c91-93b1-ab1a2908776d:192.168.157.211:34191], old=null
2019-10-17 07:09:28,658 [pool-560-thread-1] INFO  impl.RaftServerImpl (RaftServerImpl.java:setRole(184)) - 0acdc124-2757-4c91-93b1-ab1a2908776d@group-E9714E6466A2: changes role from      null to FOLLOWER at term 0 for startAsFollower
2019-10-17 07:09:28,658 [pool-560-thread-1] INFO  impl.RoleInfo (RoleInfo.java:updateAndGet(143)) - 0acdc124-2757-4c91-93b1-ab1a2908776d: start FollowerState
2019-10-17 07:09:28,658 [e9b52f21-01d5-44eb-a9cd-d907fd904ad1@group-387442201646-LeaderElection1074] INFO  impl.RaftServerImpl (ServerState.java:setRaftConf(357)) - e9b52f21-01d5-44eb-a9cd-d907fd904ad1@group-387442201646: set configuration 0: [e9b52f21-01d5-44eb-a9cd-d907fd904ad1:192.168.157.211:45108], old=null at 0
2019-10-17 07:09:28,658 [pool-560-thread-1] INFO  util.JmxRegister (JmxRegister.java:tryRegister(44)) - Successfully registered JMX Bean with object name Ratis:service=RaftServer,group=group-E9714E6466A2,id=0acdc124-2757-4c91-93b1-ab1a2908776d
2019-10-17 07:09:28,661 [RatisPipelineUtilsThread] INFO  pipeline.PipelineStateManager (PipelineStateManager.java:addPipeline(56)) - Created pipeline Pipeline[ Id: c34ee61c-d93e-401c-aeb3-e9714e6466a2, Nodes: 0acdc124-2757-4c91-93b1-ab1a2908776d{ip: 192.168.157.211, host: pr-hdds-2286-nkqct-1837310268, networkLocation: /rack1, certSerialId: null}, Type:RATIS, Factor:ONE, State:OPEN]
2019-10-17 07:09:28,696 [Thread-9565] INFO  impl.FollowerState (FollowerState.java:run(108)) - 5f7ef38b-a645-4f95-94e6-bd075ea30748@group-C7C0B7CBBD7F-FollowerState: change to CANDIDATE, lastRpcTime:209ms, electionTimeout:175ms
2019-10-17 07:09:28,696 [Thread-9565] INFO  impl.RoleInfo (RoleInfo.java:shutdownFollowerState(121)) - 5f7ef38b-a645-4f95-94e6-bd075ea30748: shutdown FollowerState
2019-10-17 07:09:28,696 [e9b52f21-01d5-44eb-a9cd-d907fd904ad1@group-387442201646-SegmentedRaftLogWorker] INFO  segmented.SegmentedRaftLogWorker (SegmentedRaftLogWorker.java:execute(576)) - e9b52f21-01d5-44eb-a9cd-d907fd904ad1@group-387442201646-SegmentedRaftLogWorker: created new log segment /workdir/hadoop-ozone/integration-test/target/test-dir/MiniOzoneClusterImpl-e7c0418f-15c1-471d-99db-59e1afe04953/datanode-4/data/ratis/a742a35a-9b96-462d-9ad1-387442201646/current/log_inprogress_0
2019-10-17 07:09:28,696 [Thread-9565] INFO  impl.RaftServerImpl (RaftServerImpl.java:setRole(184)) - 5f7ef38b-a645-4f95-94e6-bd075ea30748@group-C7C0B7CBBD7F: changes role from  FOLLOWER to CANDIDATE at term 0 for changeToCandidate
2019-10-17 07:09:28,696 [Thread-9565] INFO  impl.RoleInfo (RoleInfo.java:updateAndGet(143)) - 5f7ef38b-a645-4f95-94e6-bd075ea30748: start LeaderElection
2019-10-17 07:09:28,697 [IPC Server handler 3 on 32805] INFO  net.NetworkTopology (NetworkTopologyImpl.java:add(111)) - Added a new node: /rack1/c1b4af2d-3b05-4006-acca-753ed6d10b59
2019-10-17 07:09:28,701 [IPC Server handler 3 on 32805] INFO  node.SCMNodeManager (SCMNodeManager.java:register(268)) - Registered Data node : c1b4af2d-3b05-4006-acca-753ed6d10b59{ip: 192.168.157.211, host: pr-hdds-2286-nkqct-1837310268, networkLocation: /rack1, certSerialId: null}
2019-10-17 07:09:28,705 [5f7ef38b-a645-4f95-94e6-bd075ea30748@group-C7C0B7CBBD7F-LeaderElection1075] INFO  impl.LeaderElection (LeaderElection.java:askForVotes(178)) - 5f7ef38b-a645-4f95-94e6-bd075ea30748@group-C7C0B7CBBD7F-LeaderElection1075: begin an election at term 1 for -1: [5f7ef38b-a645-4f95-94e6-bd075ea30748:192.168.157.211:33759], old=null
2019-10-17 07:09:28,705 [5f7ef38b-a645-4f95-94e6-bd075ea30748@group-C7C0B7CBBD7F-LeaderElection1075] INFO  impl.RoleInfo (RoleInfo.java:shutdownLeaderElection(134)) - 5f7ef38b-a645-4f95-94e6-bd075ea30748: shutdown LeaderElection
2019-10-17 07:09:28,705 [5f7ef38b-a645-4f95-94e6-bd075ea30748@group-C7C0B7CBBD7F-LeaderElection1075] INFO  impl.RaftServerImpl (RaftServerImpl.java:setRole(184)) - 5f7ef38b-a645-4f95-94e6-bd075ea30748@group-C7C0B7CBBD7F: changes role from CANDIDATE to LEADER at term 1 for changeToLeader
2019-10-17 07:09:28,707 [5f7ef38b-a645-4f95-94e6-bd075ea30748@group-C7C0B7CBBD7F-LeaderElection1075] INFO  impl.RaftServerImpl (ServerState.java:setLeader(256)) - 5f7ef38b-a645-4f95-94e6-bd075ea30748@group-C7C0B7CBBD7F: change Leader from null to 5f7ef38b-a645-4f95-94e6-bd075ea30748 at term 1 for becomeLeader, leader elected after 227ms
2019-10-17 07:09:28,710 [5f7ef38b-a645-4f95-94e6-bd075ea30748@group-C7C0B7CBBD7F-LeaderElection1075] INFO  server.RaftServerConfigKeys (ConfUtils.java:logGet(43)) - raft.server.staging.catchup.gap = 1000 (default)
2019-10-17 07:09:28,710 [5f7ef38b-a645-4f95-94e6-bd075ea30748@group-C7C0B7CBBD7F-LeaderElection1075] INFO  server.RaftServerConfigKeys (ConfUtils.java:logGet(43)) - raft.server.rpc.sleep.time = 25ms (default)
2019-10-17 07:09:28,710 [grpc-default-executor-7] INFO  impl.RaftServerProxy (RaftServerProxy.java:addNew(89)) - 5f7ef38b-a645-4f95-94e6-bd075ea30748: addNew group-E6EB69311C83:[5f7ef38b-a645-4f95-94e6-bd075ea30748:192.168.157.211:33759, e9b52f21-01d5-44eb-a9cd-d907fd904ad1:192.168.157.211:45108, 0acdc124-2757-4c91-93b1-ab1a2908776d:192.168.157.211:34191] returns group-E6EB69311C83:java.util.concurrent.CompletableFuture@d2b07a6[Not completed]
2019-10-17 07:09:28,710 [5f7ef38b-a645-4f95-94e6-bd075ea30748@group-C7C0B7CBBD7F-LeaderElection1075] INFO  server.RaftServerConfigKeys (ConfUtils.java:logGet(43)) - raft.server.write.element-limit = 4096 (default)
2019-10-17 07:09:28,710 [grpc-default-executor-8] INFO  impl.RaftServerProxy (RaftServerProxy.java:addNew(89)) - 0acdc124-2757-4c91-93b1-ab1a2908776d: addNew group-E6EB69311C83:[5f7ef38b-a645-4f95-94e6-bd075ea30748:192.168.157.211:33759, e9b52f21-01d5-44eb-a9cd-d907fd904ad1:192.168.157.211:45108, 0acdc124-2757-4c91-93b1-ab1a2908776d:192.168.157.211:34191] returns group-E6EB69311C83:java.util.concurrent.CompletableFuture@15cfc3ec[Not completed]
2019-10-17 07:09:28,711 [grpc-default-executor-7] INFO  impl.RaftServerProxy (RaftServerProxy.java:addNew(89)) - e9b52f21-01d5-44eb-a9cd-d907fd904ad1: addNew group-E6EB69311C83:[5f7ef38b-a645-4f95-94e6-bd075ea30748:192.168.157.211:33759, e9b52f21-01d5-44eb-a9cd-d907fd904ad1:192.168.157.211:45108, 0acdc124-2757-4c91-93b1-ab1a2908776d:192.168.157.211:34191] returns group-E6EB69311C83:java.util.concurrent.CompletableFuture@11d7af66[Not completed]
2019-10-17 07:09:28,711 [5f7ef38b-a645-4f95-94e6-bd075ea30748@group-C7C0B7CBBD7F-LeaderElection1075] INFO  server.RaftServerConfigKeys (ConfUtils.java:logGet(43)) - raft.server.watch.timeout = 10s (default)
2019-10-17 07:09:28,711 [5f7ef38b-a645-4f95-94e6-bd075ea30748@group-C7C0B7CBBD7F-LeaderElection1075] INFO  server.RaftServerConfigKeys (ConfUtils.java:logGet(43)) - raft.server.watch.timeout.denomination = 1s (default)
2019-10-17 07:09:28,711 [pool-540-thread-1] INFO  impl.RaftServerImpl (RaftServerImpl.java:<init>(104)) - 5f7ef38b-a645-4f95-94e6-bd075ea30748: new RaftServerImpl for group-E6EB69311C83:[5f7ef38b-a645-4f95-94e6-bd075ea30748:192.168.157.211:33759, e9b52f21-01d5-44eb-a9cd-d907fd904ad1:192.168.157.211:45108, 0acdc124-2757-4c91-93b1-ab1a2908776d:192.168.157.211:34191] with ContainerStateMachine:uninitialized
2019-10-17 07:09:28,711 [5f7ef38b-a645-4f95-94e6-bd075ea30748@group-C7C0B7CBBD7F-LeaderElection1075] INFO  server.RaftServerConfigKeys (ConfUtils.java:logGet(43)) - raft.server.watch.element-limit = 65536 (default)
2019-10-17 07:09:28,711 [pool-540-thread-1] INFO  server.RaftServerConfigKeys (ConfUtils.java:logGet(43)) - raft.server.rpc.timeout.min = 1s (custom)
2019-10-17 07:09:28,712 [pool-540-thread-1] INFO  server.RaftServerConfigKeys (ConfUtils.java:logGet(43)) - raft.server.rpc.timeout.max = 1200ms (custom)
2019-10-17 07:09:28,712 [pool-540-thread-1] INFO  server.RaftServerConfigKeys (ConfUtils.java:logGet(43)) - raft.server.rpcslowness.timeout = 120s (custom)
2019-10-17 07:09:28,712 [pool-550-thread-1] INFO  impl.RaftServerImpl (RaftServerImpl.java:<init>(104)) - e9b52f21-01d5-44eb-a9cd-d907fd904ad1: new RaftServerImpl for group-E6EB69311C83:[5f7ef38b-a645-4f95-94e6-bd075ea30748:192.168.157.211:33759, e9b52f21-01d5-44eb-a9cd-d907fd904ad1:192.168.157.211:45108, 0acdc124-2757-4c91-93b1-ab1a2908776d:192.168.157.211:34191] with ContainerStateMachine:uninitialized
2019-10-17 07:09:28,712 [pool-540-thread-1] INFO  server.RaftServerConfigKeys (ConfUtils.java:logGet(43)) - raft.server.sleep.deviation.threshold = 300 (default)
2019-10-17 07:09:28,712 [pool-550-thread-1] INFO  server.RaftServerConfigKeys (ConfUtils.java:logGet(43)) - raft.server.rpc.timeout.min = 1s (custom)
2019-10-17 07:09:28,712 [pool-540-thread-1] INFO  server.RaftServerConfigKeys (ConfUtils.java:logGet(43)) - raft.server.log.appender.install.snapshot.enabled = false (custom)
2019-10-17 07:09:28,712 [pool-550-thread-1] INFO  server.RaftServerConfigKeys (ConfUtils.java:logGet(43)) - raft.server.rpc.timeout.max = 1200ms (custom)
2019-10-17 07:09:28,712 [pool-560-thread-1] INFO  impl.RaftServerImpl (RaftServerImpl.java:<init>(104)) - 0acdc124-2757-4c91-93b1-ab1a2908776d: new RaftServerImpl for group-E6EB69311C83:[5f7ef38b-a645-4f95-94e6-bd075ea30748:192.168.157.211:33759, e9b52f21-01d5-44eb-a9cd-d907fd904ad1:192.168.157.211:45108, 0acdc124-2757-4c91-93b1-ab1a2908776d:192.168.157.211:34191] with ContainerStateMachine:uninitialized
2019-10-17 07:09:28,712 [pool-540-thread-1] INFO  impl.RaftServerImpl (ServerState.java:<init>(103)) - 5f7ef38b-a645-4f95-94e6-bd075ea30748@group-E6EB69311C83: ConfigurationManager, init=-1: [5f7ef38b-a645-4f95-94e6-bd075ea30748:192.168.157.211:33759, e9b52f21-01d5-44eb-a9cd-d907fd904ad1:192.168.157.211:45108, 0acdc124-2757-4c91-93b1-ab1a2908776d:192.168.157.211:34191], old=null, confs=<EMPTY_MAP>
2019-10-17 07:09:28,713 [pool-560-thread-1] INFO  server.RaftServerConfigKeys (ConfUtils.java:logGet(43)) - raft.server.rpc.timeout.min = 1s (custom)
2019-10-17 07:09:28,712 [pool-550-thread-1] INFO  server.RaftServerConfigKeys (ConfUtils.java:logGet(43)) - raft.server.rpcslowness.timeout = 120s (custom)
2019-10-17 07:09:28,713 [pool-560-thread-1] INFO  server.RaftServerConfigKeys (ConfUtils.java:logGet(43)) - raft.server.rpc.timeout.max = 1200ms (custom)
2019-10-17 07:09:28,713 [pool-560-thread-1] INFO  server.RaftServerConfigKeys (ConfUtils.java:logGet(43)) - raft.server.rpcslowness.timeout = 120s (custom)
2019-10-17 07:09:28,713 [pool-540-thread-1] INFO  server.RaftServerConfigKeys (ConfUtils.java:logGet(43)) - raft.server.storage.dir = [/workdir/hadoop-ozone/integration-test/target/test-dir/MiniOzoneClusterImpl-e7c0418f-15c1-471d-99db-59e1afe04953/datanode-3/data/ratis] (custom)
2019-10-17 07:09:28,713 [pool-560-thread-1] INFO  server.RaftServerConfigKeys (ConfUtils.java:logGet(43)) - raft.server.sleep.deviation.threshold = 300 (default)
2019-10-17 07:09:28,713 [pool-550-thread-1] INFO  server.RaftServerConfigKeys (ConfUtils.java:logGet(43)) - raft.server.sleep.deviation.threshold = 300 (default)
2019-10-17 07:09:28,713 [pool-540-thread-1] INFO  server.RaftServerConfigKeys (ConfUtils.java:logGet(43)) - raft.server.log.corruption.policy = EXCEPTION (default)
2019-10-17 07:09:28,713 [pool-560-thread-1] INFO  server.RaftServerConfigKeys (ConfUtils.java:logGet(43)) - raft.server.log.appender.install.snapshot.enabled = false (custom)
2019-10-17 07:09:28,714 [pool-550-thread-1] INFO  server.RaftServerConfigKeys (ConfUtils.java:logGet(43)) - raft.server.log.appender.install.snapshot.enabled = false (custom)
2019-10-17 07:09:28,714 [pool-560-thread-1] INFO  impl.RaftServerImpl (ServerState.java:<init>(103)) - 0acdc124-2757-4c91-93b1-ab1a2908776d@group-E6EB69311C83: ConfigurationManager, init=-1: [5f7ef38b-a645-4f95-94e6-bd075ea30748:192.168.157.211:33759, e9b52f21-01d5-44eb-a9cd-d907fd904ad1:192.168.157.211:45108, 0acdc124-2757-4c91-93b1-ab1a2908776d:192.168.157.211:34191], old=null, confs=<EMPTY_MAP>
2019-10-17 07:09:28,714 [pool-540-thread-1] INFO  storage.RaftStorageDirectory (RaftStorageDirectory.java:analyzeStorage(246)) - The storage directory /workdir/hadoop-ozone/integration-test/target/test-dir/MiniOzoneClusterImpl-e7c0418f-15c1-471d-99db-59e1afe04953/datanode-3/data/ratis/4500b566-0942-424e-bac5-e6eb69311c83 does not exist. Creating ...
2019-10-17 07:09:28,714 [pool-560-thread-1] INFO  server.RaftServerConfigKeys (ConfUtils.java:logGet(43)) - raft.server.storage.dir = [/workdir/hadoop-ozone/integration-test/target/test-dir/MiniOzoneClusterImpl-e7c0418f-15c1-471d-99db-59e1afe04953/datanode-5/data/ratis] (custom)
2019-10-17 07:09:28,714 [pool-550-thread-1] INFO  impl.RaftServerImpl (ServerState.java:<init>(103)) - e9b52f21-01d5-44eb-a9cd-d907fd904ad1@group-E6EB69311C83: ConfigurationManager, init=-1: [5f7ef38b-a645-4f95-94e6-bd075ea30748:192.168.157.211:33759, e9b52f21-01d5-44eb-a9cd-d907fd904ad1:192.168.157.211:45108, 0acdc124-2757-4c91-93b1-ab1a2908776d:192.168.157.211:34191], old=null, confs=<EMPTY_MAP>
2019-10-17 07:09:28,714 [5f7ef38b-a645-4f95-94e6-bd075ea30748@group-C7C0B7CBBD7F-LeaderElection1075] INFO  impl.RoleInfo (RoleInfo.java:updateAndGet(143)) - 5f7ef38b-a645-4f95-94e6-bd075ea30748: start LeaderState
2019-10-17 07:09:28,714 [pool-560-thread-1] INFO  server.RaftServerConfigKeys (ConfUtils.java:logGet(43)) - raft.server.log.corruption.policy = EXCEPTION (default)
2019-10-17 07:09:28,714 [pool-550-thread-1] INFO  server.RaftServerConfigKeys (ConfUtils.java:logGet(43)) - raft.server.storage.dir = [/workdir/hadoop-ozone/integration-test/target/test-dir/MiniOzoneClusterImpl-e7c0418f-15c1-471d-99db-59e1afe04953/datanode-4/data/ratis] (custom)
2019-10-17 07:09:28,715 [pool-560-thread-1] INFO  storage.RaftStorageDirectory (RaftStorageDirectory.java:analyzeStorage(246)) - The storage directory /workdir/hadoop-ozone/integration-test/target/test-dir/MiniOzoneClusterImpl-e7c0418f-15c1-471d-99db-59e1afe04953/datanode-5/data/ratis/4500b566-0942-424e-bac5-e6eb69311c83 does not exist. Creating ...
2019-10-17 07:09:28,715 [5f7ef38b-a645-4f95-94e6-bd075ea30748@group-C7C0B7CBBD7F-LeaderElection1075] INFO  segmented.SegmentedRaftLogWorker (SegmentedRaftLogWorker.java:startLogSegment(385)) - 5f7ef38b-a645-4f95-94e6-bd075ea30748@group-C7C0B7CBBD7F-SegmentedRaftLogWorker: Starting segment from index:0
2019-10-17 07:09:28,715 [pool-550-thread-1] INFO  server.RaftServerConfigKeys (ConfUtils.java:logGet(43)) - raft.server.log.corruption.policy = EXCEPTION (default)
2019-10-17 07:09:28,715 [pool-550-thread-1] INFO  storage.RaftStorageDirectory (RaftStorageDirectory.java:analyzeStorage(246)) - The storage directory /workdir/hadoop-ozone/integration-test/target/test-dir/MiniOzoneClusterImpl-e7c0418f-15c1-471d-99db-59e1afe04953/datanode-4/data/ratis/4500b566-0942-424e-bac5-e6eb69311c83 does not exist. Creating ...
2019-10-17 07:09:28,715 [5f7ef38b-a645-4f95-94e6-bd075ea30748@group-C7C0B7CBBD7F-LeaderElection1075] INFO  impl.RaftServerImpl (ServerState.java:setRaftConf(357)) - 5f7ef38b-a645-4f95-94e6-bd075ea30748@group-C7C0B7CBBD7F: set configuration 0: [5f7ef38b-a645-4f95-94e6-bd075ea30748:192.168.157.211:33759], old=null at 0
2019-10-17 07:09:28,720 [pool-560-thread-1] INFO  storage.RaftStorageDirectory (RaftStorageDirectory.java:tryLock(328)) - Lock on /workdir/hadoop-ozone/integration-test/target/test-dir/MiniOzoneClusterImpl-e7c0418f-15c1-471d-99db-59e1afe04953/datanode-5/data/ratis/4500b566-0942-424e-bac5-e6eb69311c83/in_use.lock acquired by nodename 17775@pr-hdds-2286-nkqct-1837310268
2019-10-17 07:09:28,720 [pool-540-thread-1] INFO  storage.RaftStorageDirectory (RaftStorageDirectory.java:tryLock(328)) - Lock on /workdir/hadoop-ozone/integration-test/target/test-dir/MiniOzoneClusterImpl-e7c0418f-15c1-471d-99db-59e1afe04953/datanode-3/data/ratis/4500b566-0942-424e-bac5-e6eb69311c83/in_use.lock acquired by nodename 17775@pr-hdds-2286-nkqct-1837310268
2019-10-17 07:09:28,721 [pool-550-thread-1] INFO  storage.RaftStorageDirectory (RaftStorageDirectory.java:tryLock(328)) - Lock on /workdir/hadoop-ozone/integration-test/target/test-dir/MiniOzoneClusterImpl-e7c0418f-15c1-471d-99db-59e1afe04953/datanode-4/data/ratis/4500b566-0942-424e-bac5-e6eb69311c83/in_use.lock acquired by nodename 17775@pr-hdds-2286-nkqct-1837310268
2019-10-17 07:09:28,723 [Thread-9598] INFO  impl.FollowerState (FollowerState.java:run(108)) - 696df33b-59a0-4145-913f-936aff0d1566@group-2C0FEEE55AE1-FollowerState: change to CANDIDATE, lastRpcTime:95ms, electionTimeout:95ms
2019-10-17 07:09:28,723 [Thread-9598] INFO  impl.RoleInfo (RoleInfo.java:shutdownFollowerState(121)) - 696df33b-59a0-4145-913f-936aff0d1566: shutdown FollowerState
2019-10-17 07:09:28,723 [Thread-9598] INFO  impl.RaftServerImpl (RaftServerImpl.java:setRole(184)) - 696df33b-59a0-4145-913f-936aff0d1566@group-2C0FEEE55AE1: changes role from  FOLLOWER to CANDIDATE at term 3 for changeToCandidate
2019-10-17 07:09:28,723 [Thread-9598] INFO  impl.RoleInfo (RoleInfo.java:updateAndGet(143)) - 696df33b-59a0-4145-913f-936aff0d1566: start LeaderElection
2019-10-17 07:09:28,728 [pool-560-thread-1] INFO  storage.RaftStorage (RaftStorage.java:format(84)) - Storage directory /workdir/hadoop-ozone/integration-test/target/test-dir/MiniOzoneClusterImpl-e7c0418f-15c1-471d-99db-59e1afe04953/datanode-5/data/ratis/4500b566-0942-424e-bac5-e6eb69311c83 has been successfully formatted.
2019-10-17 07:09:28,728 [pool-540-thread-1] INFO  storage.RaftStorage (RaftStorage.java:format(84)) - Storage directory /workdir/hadoop-ozone/integration-test/target/test-dir/MiniOzoneClusterImpl-e7c0418f-15c1-471d-99db-59e1afe04953/datanode-3/data/ratis/4500b566-0942-424e-bac5-e6eb69311c83 has been successfully formatted.
2019-10-17 07:09:28,729 [pool-560-thread-1] INFO  ratis.ContainerStateMachine (ContainerStateMachine.java:loadSnapshot(231)) - group-E6EB69311C83: The snapshot info is null. Setting the last applied indexto:(t:0, i:~)
2019-10-17 07:09:28,729 [pool-540-thread-1] INFO  ratis.ContainerStateMachine (ContainerStateMachine.java:loadSnapshot(231)) - group-E6EB69311C83: The snapshot info is null. Setting the last applied indexto:(t:0, i:~)
2019-10-17 07:09:28,729 [pool-560-thread-1] INFO  server.RaftServerConfigKeys (ConfUtils.java:logGet(43)) - raft.server.notification.no-leader.timeout = 120s (custom)
2019-10-17 07:09:28,729 [pool-540-thread-1] INFO  server.RaftServerConfigKeys (ConfUtils.java:logGet(43)) - raft.server.notification.no-leader.timeout = 120s (custom)
2019-10-17 07:09:28,729 [pool-560-thread-1] INFO  server.RaftServerConfigKeys (ConfUtils.java:logGet(43)) - raft.server.log.use.memory = false (default)
2019-10-17 07:09:28,729 [pool-540-thread-1] INFO  server.RaftServerConfigKeys (ConfUtils.java:logGet(43)) - raft.server.log.use.memory = false (default)
2019-10-17 07:09:28,729 [pool-560-thread-1] INFO  server.RaftServerConfigKeys (ConfUtils.java:logGet(43)) - raft.server.log.purge.gap = 1000000 (custom)
2019-10-17 07:09:28,729 [pool-540-thread-1] INFO  server.RaftServerConfigKeys (ConfUtils.java:logGet(43)) - raft.server.log.purge.gap = 1000000 (custom)
2019-10-17 07:09:28,730 [pool-550-thread-1] INFO  storage.RaftStorage (RaftStorage.java:format(84)) - Storage directory /workdir/hadoop-ozone/integration-test/target/test-dir/MiniOzoneClusterImpl-e7c0418f-15c1-471d-99db-59e1afe04953/datanode-4/data/ratis/4500b566-0942-424e-bac5-e6eb69311c83 has been successfully formatted.
2019-10-17 07:09:28,730 [pool-560-thread-1] INFO  server.RaftServerConfigKeys (ConfUtils.java:logGet(43)) - raft.server.log.appender.buffer.byte-limit = 33554432 (custom)
2019-10-17 07:09:28,730 [pool-550-thread-1] INFO  ratis.ContainerStateMachine (ContainerStateMachine.java:loadSnapshot(231)) - group-E6EB69311C83: The snapshot info is null. Setting the last applied indexto:(t:0, i:~)
2019-10-17 07:09:28,730 [696df33b-59a0-4145-913f-936aff0d1566@group-2C0FEEE55AE1-LeaderElection1076] INFO  impl.LeaderElection (LeaderElection.java:askForVotes(178)) - 696df33b-59a0-4145-913f-936aff0d1566@group-2C0FEEE55AE1-LeaderElection1076: begin an election at term 4 for -1: [f3ee4219-89bb-47f2-bbe0-5f784575b745:192.168.157.211:38722, 805254cc-2da6-48d8-a2f9-c1a3ceceab4a:192.168.157.211:35407, 696df33b-59a0-4145-913f-936aff0d1566:192.168.157.211:38803], old=null
2019-10-17 07:09:28,730 [pool-540-thread-1] INFO  server.RaftServerConfigKeys (ConfUtils.java:logGet(43)) - raft.server.log.appender.buffer.byte-limit = 33554432 (custom)
2019-10-17 07:09:28,730 [pool-550-thread-1] INFO  server.RaftServerConfigKeys (ConfUtils.java:logGet(43)) - raft.server.notification.no-leader.timeout = 120s (custom)
2019-10-17 07:09:28,730 [pool-560-thread-1] INFO  server.RaftServerConfigKeys (ConfUtils.java:logGet(43)) - raft.server.log.segment.size.max = 1048576 (custom)
2019-10-17 07:09:28,731 [pool-550-thread-1] INFO  server.RaftServerConfigKeys (ConfUtils.java:logGet(43)) - raft.server.log.use.memory = false (default)
2019-10-17 07:09:28,730 [pool-540-thread-1] INFO  server.RaftServerConfigKeys (ConfUtils.java:logGet(43)) - raft.server.log.segment.size.max = 1048576 (custom)
2019-10-17 07:09:28,731 [pool-550-thread-1] INFO  server.RaftServerConfigKeys (ConfUtils.java:logGet(43)) - raft.server.log.purge.gap = 1000000 (custom)
2019-10-17 07:09:28,731 [pool-560-thread-1] INFO  server.RaftServerConfigKeys (ConfUtils.java:logGet(43)) - raft.server.log.segment.cache.num.max = 2 (custom)
2019-10-17 07:09:28,731 [pool-550-thread-1] INFO  server.RaftServerConfigKeys (ConfUtils.java:logGet(43)) - raft.server.log.appender.buffer.byte-limit = 33554432 (custom)
2019-10-17 07:09:28,731 [pool-540-thread-1] INFO  server.RaftServerConfigKeys (ConfUtils.java:logGet(43)) - raft.server.log.segment.cache.num.max = 2 (custom)
2019-10-17 07:09:28,731 [pool-550-thread-1] INFO  server.RaftServerConfigKeys (ConfUtils.java:logGet(43)) - raft.server.log.segment.size.max = 1048576 (custom)
2019-10-17 07:09:28,731 [pool-560-thread-1] INFO  segmented.SegmentedRaftLogWorker (SegmentedRaftLogWorker.java:<init>(173)) - new 0acdc124-2757-4c91-93b1-ab1a2908776d@group-E6EB69311C83-SegmentedRaftLogWorker for RaftStorage:Storage Directory /workdir/hadoop-ozone/integration-test/target/test-dir/MiniOzoneClusterImpl-e7c0418f-15c1-471d-99db-59e1afe04953/datanode-5/data/ratis/4500b566-0942-424e-bac5-e6eb69311c83
2019-10-17 07:09:28,732 [pool-550-thread-1] INFO  server.RaftServerConfigKeys (ConfUtils.java:logGet(43)) - raft.server.log.segment.cache.num.max = 2 (custom)
2019-10-17 07:09:28,731 [grpc-default-executor-8] INFO  impl.RaftServerImpl (RaftServerImpl.java:setRole(184)) - 805254cc-2da6-48d8-a2f9-c1a3ceceab4a@group-2C0FEEE55AE1: changes role from  FOLLOWER to FOLLOWER at term 4 for recognizeCandidate:696df33b-59a0-4145-913f-936aff0d1566
2019-10-17 07:09:28,732 [grpc-default-executor-8] INFO  impl.RoleInfo (RoleInfo.java:shutdownFollowerState(121)) - 805254cc-2da6-48d8-a2f9-c1a3ceceab4a: shutdown FollowerState
2019-10-17 07:09:28,731 [grpc-default-executor-7] INFO  impl.RaftServerImpl (RaftServerImpl.java:setRole(184)) - f3ee4219-89bb-47f2-bbe0-5f784575b745@group-2C0FEEE55AE1: changes role from  FOLLOWER to FOLLOWER at term 4 for recognizeCandidate:696df33b-59a0-4145-913f-936aff0d1566
2019-10-17 07:09:28,732 [grpc-default-executor-7] INFO  impl.RoleInfo (RoleInfo.java:shutdownFollowerState(121)) - f3ee4219-89bb-47f2-bbe0-5f784575b745: shutdown FollowerState
2019-10-17 07:09:28,731 [pool-540-thread-1] INFO  segmented.SegmentedRaftLogWorker (SegmentedRaftLogWorker.java:<init>(173)) - new 5f7ef38b-a645-4f95-94e6-bd075ea30748@group-E6EB69311C83-SegmentedRaftLogWorker for RaftStorage:Storage Directory /workdir/hadoop-ozone/integration-test/target/test-dir/MiniOzoneClusterImpl-e7c0418f-15c1-471d-99db-59e1afe04953/datanode-3/data/ratis/4500b566-0942-424e-bac5-e6eb69311c83
2019-10-17 07:09:28,732 [Thread-9596] INFO  impl.FollowerState (FollowerState.java:run(117)) - f3ee4219-89bb-47f2-bbe0-5f784575b745@group-2C0FEEE55AE1-FollowerState was interrupted: java.lang.InterruptedException: sleep interrupted
2019-10-17 07:09:28,732 [grpc-default-executor-7] INFO  impl.RoleInfo (RoleInfo.java:updateAndGet(143)) - f3ee4219-89bb-47f2-bbe0-5f784575b745: start FollowerState
2019-10-17 07:09:28,732 [Thread-9597] INFO  impl.FollowerState (FollowerState.java:run(117)) - 805254cc-2da6-48d8-a2f9-c1a3ceceab4a@group-2C0FEEE55AE1-FollowerState was interrupted: java.lang.InterruptedException: sleep interrupted
2019-10-17 07:09:28,732 [grpc-default-executor-8] INFO  impl.RoleInfo (RoleInfo.java:updateAndGet(143)) - 805254cc-2da6-48d8-a2f9-c1a3ceceab4a: start FollowerState
2019-10-17 07:09:28,732 [pool-550-thread-1] INFO  segmented.SegmentedRaftLogWorker (SegmentedRaftLogWorker.java:<init>(173)) - new e9b52f21-01d5-44eb-a9cd-d907fd904ad1@group-E6EB69311C83-SegmentedRaftLogWorker for RaftStorage:Storage Directory /workdir/hadoop-ozone/integration-test/target/test-dir/MiniOzoneClusterImpl-e7c0418f-15c1-471d-99db-59e1afe04953/datanode-4/data/ratis/4500b566-0942-424e-bac5-e6eb69311c83
2019-10-17 07:09:28,732 [pool-560-thread-1] INFO  server.RaftServerConfigKeys (ConfUtils.java:logGet(43)) - raft.server.log.queue.byte-limit = 2147483647 (custom)
2019-10-17 07:09:28,733 [pool-550-thread-1] INFO  server.RaftServerConfigKeys (ConfUtils.java:logGet(43)) - raft.server.log.queue.byte-limit = 2147483647 (custom)
2019-10-17 07:09:28,733 [pool-550-thread-1] INFO  server.RaftServerConfigKeys (ConfUtils.java:logGet(43)) - raft.server.log.queue.element-limit = 1024 (custom)
2019-10-17 07:09:28,732 [pool-540-thread-1] INFO  server.RaftServerConfigKeys (ConfUtils.java:logGet(43)) - raft.server.log.queue.byte-limit = 2147483647 (custom)
2019-10-17 07:09:28,734 [pool-550-thread-1] INFO  server.RaftServerConfigKeys (ConfUtils.java:logGet(43)) - raft.server.log.segment.size.max = 1048576 (custom)
2019-10-17 07:09:28,733 [pool-560-thread-1] INFO  server.RaftServerConfigKeys (ConfUtils.java:logGet(43)) - raft.server.log.queue.element-limit = 1024 (custom)
2019-10-17 07:09:28,734 [pool-550-thread-1] INFO  server.RaftServerConfigKeys (ConfUtils.java:logGet(43)) - raft.server.log.preallocated.size = 16384 (custom)
2019-10-17 07:09:28,734 [pool-540-thread-1] INFO  server.RaftServerConfigKeys (ConfUtils.java:logGet(43)) - raft.server.log.queue.element-limit = 1024 (custom)
2019-10-17 07:09:28,734 [pool-550-thread-1] INFO  server.RaftServerConfigKeys (ConfUtils.java:logGet(43)) - raft.server.log.write.buffer.size = 33554432 (custom)
2019-10-17 07:09:28,734 [pool-560-thread-1] INFO  server.RaftServerConfigKeys (ConfUtils.java:logGet(43)) - raft.server.log.segment.size.max = 1048576 (custom)
2019-10-17 07:09:28,734 [pool-550-thread-1] INFO  server.RaftServerConfigKeys (ConfUtils.java:logGet(43)) - raft.server.log.force.sync.num = 128 (default)
2019-10-17 07:09:28,734 [pool-540-thread-1] INFO  server.RaftServerConfigKeys (ConfUtils.java:logGet(43)) - raft.server.log.segment.size.max = 1048576 (custom)
2019-10-17 07:09:28,735 [pool-550-thread-1] INFO  server.RaftServerConfigKeys (ConfUtils.java:logGet(43)) - raft.server.log.statemachine.data.sync = true (default)
2019-10-17 07:09:28,734 [pool-560-thread-1] INFO  server.RaftServerConfigKeys (ConfUtils.java:logGet(43)) - raft.server.log.preallocated.size = 16384 (custom)
2019-10-17 07:09:28,735 [pool-550-thread-1] INFO  server.RaftServerConfigKeys (ConfUtils.java:logGet(43)) - raft.server.log.statemachine.data.sync.timeout = 10s (default)
2019-10-17 07:09:28,735 [pool-540-thread-1] INFO  server.RaftServerConfigKeys (ConfUtils.java:logGet(43)) - raft.server.log.preallocated.size = 16384 (custom)
2019-10-17 07:09:28,735 [pool-550-thread-1] INFO  server.RaftServerConfigKeys (ConfUtils.java:logGet(43)) - raft.server.log.statemachine.data.sync.timeout.retry = -1 (default)
2019-10-17 07:09:28,735 [pool-560-thread-1] INFO  server.RaftServerConfigKeys (ConfUtils.java:logGet(43)) - raft.server.log.write.buffer.size = 33554432 (custom)
2019-10-17 07:09:28,735 [pool-550-thread-1] INFO  server.RaftServerConfigKeys (ConfUtils.java:logGet(43)) - raft.server.log.statemachine.data.caching.enabled = true (custom)
2019-10-17 07:09:28,735 [pool-540-thread-1] INFO  server.RaftServerConfigKeys (ConfUtils.java:logGet(43)) - raft.server.log.write.buffer.size = 33554432 (custom)
2019-10-17 07:09:28,735 [pool-560-thread-1] INFO  server.RaftServerConfigKeys (ConfUtils.java:logGet(43)) - raft.server.log.force.sync.num = 128 (default)
2019-10-17 07:09:28,736 [pool-540-thread-1] INFO  server.RaftServerConfigKeys (ConfUtils.java:logGet(43)) - raft.server.log.force.sync.num = 128 (default)
2019-10-17 07:09:28,736 [pool-560-thread-1] INFO  server.RaftServerConfigKeys (ConfUtils.java:logGet(43)) - raft.server.log.statemachine.data.sync = true (default)
2019-10-17 07:09:28,736 [pool-540-thread-1] INFO  server.RaftServerConfigKeys (ConfUtils.java:logGet(43)) - raft.server.log.statemachine.data.sync = true (default)
2019-10-17 07:09:28,736 [pool-560-thread-1] INFO  server.RaftServerConfigKeys (ConfUtils.java:logGet(43)) - raft.server.log.statemachine.data.sync.timeout = 10s (default)
2019-10-17 07:09:28,736 [pool-540-thread-1] INFO  server.RaftServerConfigKeys (ConfUtils.java:logGet(43)) - raft.server.log.statemachine.data.sync.timeout = 10s (default)
2019-10-17 07:09:28,736 [pool-560-thread-1] INFO  server.RaftServerConfigKeys (ConfUtils.java:logGet(43)) - raft.server.log.statemachine.data.sync.timeout.retry = -1 (default)
2019-10-17 07:09:28,736 [pool-540-thread-1] INFO  server.RaftServerConfigKeys (ConfUtils.java:logGet(43)) - raft.server.log.statemachine.data.sync.timeout.retry = -1 (default)
2019-10-17 07:09:28,737 [pool-560-thread-1] INFO  server.RaftServerConfigKeys (ConfUtils.java:logGet(43)) - raft.server.log.statemachine.data.caching.enabled = true (custom)
2019-10-17 07:09:28,737 [pool-540-thread-1] INFO  server.RaftServerConfigKeys (ConfUtils.java:logGet(43)) - raft.server.log.statemachine.data.caching.enabled = true (custom)
2019-10-17 07:09:28,738 [pool-540-thread-1] INFO  segmented.SegmentedRaftLogWorker (SegmentedRaftLogWorker.java:lambda$new$0(128)) - 5f7ef38b-a645-4f95-94e6-bd075ea30748@group-E6EB69311C83-SegmentedRaftLogWorker: flushIndex: setUnconditionally 0 -> -1
2019-10-17 07:09:28,738 [pool-550-thread-1] INFO  segmented.SegmentedRaftLogWorker (SegmentedRaftLogWorker.java:lambda$new$0(128)) - e9b52f21-01d5-44eb-a9cd-d907fd904ad1@group-E6EB69311C83-SegmentedRaftLogWorker: flushIndex: setUnconditionally 0 -> -1
2019-10-17 07:09:28,738 [pool-560-thread-1] INFO  segmented.SegmentedRaftLogWorker (SegmentedRaftLogWorker.java:lambda$new$0(128)) - 0acdc124-2757-4c91-93b1-ab1a2908776d@group-E6EB69311C83-SegmentedRaftLogWorker: flushIndex: setUnconditionally 0 -> -1
2019-10-17 07:09:28,738 [pool-540-thread-1] INFO  server.RaftServerConfigKeys (ConfUtils.java:logGet(43)) - raft.server.snapshot.auto.trigger.enabled = true (custom)
2019-10-17 07:09:28,738 [IPC Server handler 2 on 32805] INFO  net.NetworkTopology (NetworkTopologyImpl.java:add(111)) - Added a new node: /rack1/a5219191-1681-4090-972d-a7550c5191e1
2019-10-17 07:09:28,738 [pool-560-thread-1] INFO  server.RaftServerConfigKeys (ConfUtils.java:logGet(43)) - raft.server.snapshot.auto.trigger.enabled = true (custom)
2019-10-17 07:09:28,738 [pool-540-thread-1] INFO  server.RaftServerConfigKeys (ConfUtils.java:logGet(43)) - raft.server.snapshot.auto.trigger.threshold = 10000 (custom)
2019-10-17 07:09:28,738 [pool-550-thread-1] INFO  server.RaftServerConfigKeys (ConfUtils.java:logGet(43)) - raft.server.snapshot.auto.trigger.enabled = true (custom)
2019-10-17 07:09:28,739 [pool-540-thread-1] INFO  server.RaftServerConfigKeys (ConfUtils.java:logGet(43)) - raft.server.snapshot.retention.file.num = 5 (custom)
2019-10-17 07:09:28,739 [pool-560-thread-1] INFO  server.RaftServerConfigKeys (ConfUtils.java:logGet(43)) - raft.server.snapshot.auto.trigger.threshold = 10000 (custom)
2019-10-17 07:09:28,739 [IPC Server handler 2 on 32805] INFO  node.SCMNodeManager (SCMNodeManager.java:register(268)) - Registered Data node : a5219191-1681-4090-972d-a7550c5191e1{ip: 192.168.157.211, host: pr-hdds-2286-nkqct-1837310268, networkLocation: /rack1, certSerialId: null}
2019-10-17 07:09:28,739 [696df33b-59a0-4145-913f-936aff0d1566@group-2C0FEEE55AE1-LeaderElection1076] INFO  impl.LeaderElection (LeaderElection.java:logAndReturn(56)) - 696df33b-59a0-4145-913f-936aff0d1566@group-2C0FEEE55AE1-LeaderElection1076: Election REJECTED; received 2 response(s) [696df33b-59a0-4145-913f-936aff0d1566<-f3ee4219-89bb-47f2-bbe0-5f784575b745#0:FAIL-t4, 696df33b-59a0-4145-913f-936aff0d1566<-805254cc-2da6-48d8-a2f9-c1a3ceceab4a#0:FAIL-t4] and 0 exception(s); 696df33b-59a0-4145-913f-936aff0d1566@group-2C0FEEE55AE1:t4, leader=null, voted=696df33b-59a0-4145-913f-936aff0d1566, raftlog=696df33b-59a0-4145-913f-936aff0d1566@group-2C0FEEE55AE1-SegmentedRaftLog:OPENED:c-1,f-1,i0, conf=-1: [f3ee4219-89bb-47f2-bbe0-5f784575b745:192.168.157.211:38722, 805254cc-2da6-48d8-a2f9-c1a3ceceab4a:192.168.157.211:35407, 696df33b-59a0-4145-913f-936aff0d1566:192.168.157.211:38803], old=null
2019-10-17 07:09:28,739 [pool-560-thread-1] INFO  server.RaftServerConfigKeys (ConfUtils.java:logGet(43)) - raft.server.snapshot.retention.file.num = 5 (custom)
2019-10-17 07:09:28,739 [pool-540-thread-1] INFO  server.RaftServerConfigKeys (ConfUtils.java:logGet(43)) - raft.server.retrycache.expirytime = 600000ms (custom)
2019-10-17 07:09:28,739 [pool-550-thread-1] INFO  server.RaftServerConfigKeys (ConfUtils.java:logGet(43)) - raft.server.snapshot.auto.trigger.threshold = 10000 (custom)
2019-10-17 07:09:28,740 [pool-560-thread-1] INFO  server.RaftServerConfigKeys (ConfUtils.java:logGet(43)) - raft.server.retrycache.expirytime = 600000ms (custom)
2019-10-17 07:09:28,739 [696df33b-59a0-4145-913f-936aff0d1566@group-2C0FEEE55AE1-LeaderElection1076] INFO  impl.RaftServerImpl (RaftServerImpl.java:setRole(184)) - 696df33b-59a0-4145-913f-936aff0d1566@group-2C0FEEE55AE1: changes role from CANDIDATE to FOLLOWER at term 4 for DISCOVERED_A_NEW_TERM
2019-10-17 07:09:28,740 [pool-550-thread-1] INFO  server.RaftServerConfigKeys (ConfUtils.java:logGet(43)) - raft.server.snapshot.retention.file.num = 5 (custom)
2019-10-17 07:09:28,740 [696df33b-59a0-4145-913f-936aff0d1566@group-2C0FEEE55AE1-LeaderElection1076] INFO  impl.RoleInfo (RoleInfo.java:shutdownLeaderElection(134)) - 696df33b-59a0-4145-913f-936aff0d1566: shutdown LeaderElection
2019-10-17 07:09:28,740 [pool-550-thread-1] INFO  server.RaftServerConfigKeys (ConfUtils.java:logGet(43)) - raft.server.retrycache.expirytime = 600000ms (custom)
2019-10-17 07:09:28,740 [696df33b-59a0-4145-913f-936aff0d1566@group-2C0FEEE55AE1-LeaderElection1076] INFO  impl.RoleInfo (RoleInfo.java:updateAndGet(143)) - 696df33b-59a0-4145-913f-936aff0d1566: start FollowerState
2019-10-17 07:09:28,742 [pool-540-thread-1] INFO  impl.RaftServerImpl (RaftServerImpl.java:start(195)) - 5f7ef38b-a645-4f95-94e6-bd075ea30748@group-E6EB69311C83: start as a follower, conf=-1: [5f7ef38b-a645-4f95-94e6-bd075ea30748:192.168.157.211:33759, e9b52f21-01d5-44eb-a9cd-d907fd904ad1:192.168.157.211:45108, 0acdc124-2757-4c91-93b1-ab1a2908776d:192.168.157.211:34191], old=null
2019-10-17 07:09:28,742 [pool-540-thread-1] INFO  impl.RaftServerImpl (RaftServerImpl.java:setRole(184)) - 5f7ef38b-a645-4f95-94e6-bd075ea30748@group-E6EB69311C83: changes role from      null to FOLLOWER at term 0 for startAsFollower
2019-10-17 07:09:28,742 [pool-540-thread-1] INFO  impl.RoleInfo (RoleInfo.java:updateAndGet(143)) - 5f7ef38b-a645-4f95-94e6-bd075ea30748: start FollowerState
2019-10-17 07:09:28,743 [pool-540-thread-1] INFO  util.JmxRegister (JmxRegister.java:tryRegister(44)) - Successfully registered JMX Bean with object name Ratis:service=RaftServer,group=group-E6EB69311C83,id=5f7ef38b-a645-4f95-94e6-bd075ea30748
2019-10-17 07:09:28,743 [pool-560-thread-1] INFO  impl.RaftServerImpl (RaftServerImpl.java:start(195)) - 0acdc124-2757-4c91-93b1-ab1a2908776d@group-E6EB69311C83: start as a follower, conf=-1: [5f7ef38b-a645-4f95-94e6-bd075ea30748:192.168.157.211:33759, e9b52f21-01d5-44eb-a9cd-d907fd904ad1:192.168.157.211:45108, 0acdc124-2757-4c91-93b1-ab1a2908776d:192.168.157.211:34191], old=null
2019-10-17 07:09:28,743 [pool-560-thread-1] INFO  impl.RaftServerImpl (RaftServerImpl.java:setRole(184)) - 0acdc124-2757-4c91-93b1-ab1a2908776d@group-E6EB69311C83: changes role from      null to FOLLOWER at term 0 for startAsFollower
2019-10-17 07:09:28,743 [pool-550-thread-1] INFO  impl.RaftServerImpl (RaftServerImpl.java:start(195)) - e9b52f21-01d5-44eb-a9cd-d907fd904ad1@group-E6EB69311C83: start as a follower, conf=-1: [5f7ef38b-a645-4f95-94e6-bd075ea30748:192.168.157.211:33759, e9b52f21-01d5-44eb-a9cd-d907fd904ad1:192.168.157.211:45108, 0acdc124-2757-4c91-93b1-ab1a2908776d:192.168.157.211:34191], old=null
2019-10-17 07:09:28,743 [pool-560-thread-1] INFO  impl.RoleInfo (RoleInfo.java:updateAndGet(143)) - 0acdc124-2757-4c91-93b1-ab1a2908776d: start FollowerState
2019-10-17 07:09:28,743 [pool-550-thread-1] INFO  impl.RaftServerImpl (RaftServerImpl.java:setRole(184)) - e9b52f21-01d5-44eb-a9cd-d907fd904ad1@group-E6EB69311C83: changes role from      null to FOLLOWER at term 0 for startAsFollower
2019-10-17 07:09:28,743 [pool-550-thread-1] INFO  impl.RoleInfo (RoleInfo.java:updateAndGet(143)) - e9b52f21-01d5-44eb-a9cd-d907fd904ad1: start FollowerState
2019-10-17 07:09:28,744 [pool-560-thread-1] INFO  util.JmxRegister (JmxRegister.java:tryRegister(44)) - Successfully registered JMX Bean with object name Ratis:service=RaftServer,group=group-E6EB69311C83,id=0acdc124-2757-4c91-93b1-ab1a2908776d
2019-10-17 07:09:28,744 [pool-550-thread-1] INFO  util.JmxRegister (JmxRegister.java:tryRegister(44)) - Successfully registered JMX Bean with object name Ratis:service=RaftServer,group=group-E6EB69311C83,id=e9b52f21-01d5-44eb-a9cd-d907fd904ad1
2019-10-17 07:09:28,748 [RatisPipelineUtilsThread] INFO  pipeline.PipelineStateManager (PipelineStateManager.java:addPipeline(56)) - Created pipeline Pipeline[ Id: 4500b566-0942-424e-bac5-e6eb69311c83, Nodes: e9b52f21-01d5-44eb-a9cd-d907fd904ad1{ip: 192.168.157.211, host: pr-hdds-2286-nkqct-1837310268, networkLocation: /rack1, certSerialId: null}0acdc124-2757-4c91-93b1-ab1a2908776d{ip: 192.168.157.211, host: pr-hdds-2286-nkqct-1837310268, networkLocation: /rack1, certSerialId: null}5f7ef38b-a645-4f95-94e6-bd075ea30748{ip: 192.168.157.211, host: pr-hdds-2286-nkqct-1837310268, networkLocation: /rack1, certSerialId: null}, Type:RATIS, Factor:THREE, State:OPEN]
2019-10-17 07:09:28,763 [5f7ef38b-a645-4f95-94e6-bd075ea30748@group-C7C0B7CBBD7F-SegmentedRaftLogWorker] INFO  segmented.SegmentedRaftLogWorker (SegmentedRaftLogWorker.java:execute(576)) - 5f7ef38b-a645-4f95-94e6-bd075ea30748@group-C7C0B7CBBD7F-SegmentedRaftLogWorker: created new log segment /workdir/hadoop-ozone/integration-test/target/test-dir/MiniOzoneClusterImpl-e7c0418f-15c1-471d-99db-59e1afe04953/datanode-3/data/ratis/a7a8849b-02eb-4421-b236-c7c0b7cbbd7f/current/log_inprogress_0
2019-10-17 07:09:28,775 [Thread-9615] INFO  impl.FollowerState (FollowerState.java:run(108)) - 5f7ef38b-a645-4f95-94e6-bd075ea30748@group-E6EB69311C83-FollowerState: change to CANDIDATE, lastRpcTime:32ms, electionTimeout:32ms
2019-10-17 07:09:28,775 [Thread-9615] INFO  impl.RoleInfo (RoleInfo.java:shutdownFollowerState(121)) - 5f7ef38b-a645-4f95-94e6-bd075ea30748: shutdown FollowerState
2019-10-17 07:09:28,775 [Thread-9615] INFO  impl.RaftServerImpl (RaftServerImpl.java:setRole(184)) - 5f7ef38b-a645-4f95-94e6-bd075ea30748@group-E6EB69311C83: changes role from  FOLLOWER to CANDIDATE at term 0 for changeToCandidate
2019-10-17 07:09:28,775 [Thread-9615] INFO  impl.RoleInfo (RoleInfo.java:updateAndGet(143)) - 5f7ef38b-a645-4f95-94e6-bd075ea30748: start LeaderElection
2019-10-17 07:09:28,785 [5f7ef38b-a645-4f95-94e6-bd075ea30748@group-E6EB69311C83-LeaderElection1077] INFO  impl.LeaderElection (LeaderElection.java:askForVotes(178)) - 5f7ef38b-a645-4f95-94e6-bd075ea30748@group-E6EB69311C83-LeaderElection1077: begin an election at term 1 for -1: [5f7ef38b-a645-4f95-94e6-bd075ea30748:192.168.157.211:33759, e9b52f21-01d5-44eb-a9cd-d907fd904ad1:192.168.157.211:45108, 0acdc124-2757-4c91-93b1-ab1a2908776d:192.168.157.211:34191], old=null
2019-10-17 07:09:28,790 [grpc-default-executor-8] INFO  impl.RaftServerImpl (RaftServerImpl.java:setRole(184)) - e9b52f21-01d5-44eb-a9cd-d907fd904ad1@group-E6EB69311C83: changes role from  FOLLOWER to FOLLOWER at term 1 for recognizeCandidate:5f7ef38b-a645-4f95-94e6-bd075ea30748
2019-10-17 07:09:28,790 [grpc-default-executor-8] INFO  impl.RoleInfo (RoleInfo.java:shutdownFollowerState(121)) - e9b52f21-01d5-44eb-a9cd-d907fd904ad1: shutdown FollowerState
2019-10-17 07:09:28,790 [grpc-default-executor-8] INFO  impl.RoleInfo (RoleInfo.java:updateAndGet(143)) - e9b52f21-01d5-44eb-a9cd-d907fd904ad1: start FollowerState
2019-10-17 07:09:28,792 [grpc-default-executor-7] INFO  impl.RaftServerImpl (RaftServerImpl.java:setRole(184)) - 0acdc124-2757-4c91-93b1-ab1a2908776d@group-E6EB69311C83: changes role from  FOLLOWER to FOLLOWER at term 1 for recognizeCandidate:5f7ef38b-a645-4f95-94e6-bd075ea30748
2019-10-17 07:09:28,790 [Thread-9617] INFO  impl.FollowerState (FollowerState.java:run(117)) - e9b52f21-01d5-44eb-a9cd-d907fd904ad1@group-E6EB69311C83-FollowerState was interrupted: java.lang.InterruptedException: sleep interrupted
2019-10-17 07:09:28,792 [grpc-default-executor-7] INFO  impl.RoleInfo (RoleInfo.java:shutdownFollowerState(121)) - 0acdc124-2757-4c91-93b1-ab1a2908776d: shutdown FollowerState
2019-10-17 07:09:28,792 [grpc-default-executor-7] INFO  impl.RoleInfo (RoleInfo.java:updateAndGet(143)) - 0acdc124-2757-4c91-93b1-ab1a2908776d: start FollowerState
2019-10-17 07:09:28,792 [Thread-9616] INFO  impl.FollowerState (FollowerState.java:run(117)) - 0acdc124-2757-4c91-93b1-ab1a2908776d@group-E6EB69311C83-FollowerState was interrupted: java.lang.InterruptedException: sleep interrupted
2019-10-17 07:09:28,795 [Thread-9602] INFO  impl.FollowerState (FollowerState.java:run(108)) - 0acdc124-2757-4c91-93b1-ab1a2908776d@group-E9714E6466A2-FollowerState: change to CANDIDATE, lastRpcTime:137ms, electionTimeout:137ms
2019-10-17 07:09:28,795 [Thread-9602] INFO  impl.RoleInfo (RoleInfo.java:shutdownFollowerState(121)) - 0acdc124-2757-4c91-93b1-ab1a2908776d: shutdown FollowerState
2019-10-17 07:09:28,795 [Thread-9602] INFO  impl.RaftServerImpl (RaftServerImpl.java:setRole(184)) - 0acdc124-2757-4c91-93b1-ab1a2908776d@group-E9714E6466A2: changes role from  FOLLOWER to CANDIDATE at term 0 for changeToCandidate
2019-10-17 07:09:28,795 [Thread-9602] INFO  impl.RoleInfo (RoleInfo.java:updateAndGet(143)) - 0acdc124-2757-4c91-93b1-ab1a2908776d: start LeaderElection
2019-10-17 07:09:28,809 [IPC Server handler 4 on 32805] INFO  net.NetworkTopology (NetworkTopologyImpl.java:add(111)) - Added a new node: /rack1/c8a9c3c2-a9d1-4984-920c-603cda31e4c5
2019-10-17 07:09:28,809 [IPC Server handler 4 on 32805] INFO  node.SCMNodeManager (SCMNodeManager.java:register(268)) - Registered Data node : c8a9c3c2-a9d1-4984-920c-603cda31e4c5{ip: 192.168.157.211, host: pr-hdds-2286-nkqct-1837310268, networkLocation: /rack1, certSerialId: null}
2019-10-17 07:09:28,814 [grpc-default-executor-2] INFO  impl.RaftServerProxy (RaftServerProxy.java:addNew(89)) - c1b4af2d-3b05-4006-acca-753ed6d10b59: addNew group-CCBDF8030C7B:[c1b4af2d-3b05-4006-acca-753ed6d10b59:192.168.157.211:37018] returns group-CCBDF8030C7B:java.util.concurrent.CompletableFuture@20cf1ea0[Not completed]
2019-10-17 07:09:28,815 [pool-570-thread-1] INFO  impl.RaftServerImpl (RaftServerImpl.java:<init>(104)) - c1b4af2d-3b05-4006-acca-753ed6d10b59: new RaftServerImpl for group-CCBDF8030C7B:[c1b4af2d-3b05-4006-acca-753ed6d10b59:192.168.157.211:37018] with ContainerStateMachine:uninitialized
2019-10-17 07:09:28,815 [pool-570-thread-1] INFO  server.RaftServerConfigKeys (ConfUtils.java:logGet(43)) - raft.server.rpc.timeout.min = 1s (custom)
2019-10-17 07:09:28,816 [pool-570-thread-1] INFO  server.RaftServerConfigKeys (ConfUtils.java:logGet(43)) - raft.server.rpc.timeout.max = 1200ms (custom)
2019-10-17 07:09:28,816 [pool-570-thread-1] INFO  server.RaftServerConfigKeys (ConfUtils.java:logGet(43)) - raft.server.rpcslowness.timeout = 120s (custom)
2019-10-17 07:09:28,816 [pool-570-thread-1] INFO  server.RaftServerConfigKeys (ConfUtils.java:logGet(43)) - raft.server.sleep.deviation.threshold = 300 (default)
2019-10-17 07:09:28,816 [pool-570-thread-1] INFO  server.RaftServerConfigKeys (ConfUtils.java:logGet(43)) - raft.server.log.appender.install.snapshot.enabled = false (custom)
2019-10-17 07:09:28,816 [pool-570-thread-1] INFO  impl.RaftServerImpl (ServerState.java:<init>(103)) - c1b4af2d-3b05-4006-acca-753ed6d10b59@group-CCBDF8030C7B: ConfigurationManager, init=-1: [c1b4af2d-3b05-4006-acca-753ed6d10b59:192.168.157.211:37018], old=null, confs=<EMPTY_MAP>
2019-10-17 07:09:28,816 [pool-570-thread-1] INFO  server.RaftServerConfigKeys (ConfUtils.java:logGet(43)) - raft.server.storage.dir = [/workdir/hadoop-ozone/integration-test/target/test-dir/MiniOzoneClusterImpl-e7c0418f-15c1-471d-99db-59e1afe04953/datanode-6/data/ratis] (custom)
2019-10-17 07:09:28,816 [pool-570-thread-1] INFO  server.RaftServerConfigKeys (ConfUtils.java:logGet(43)) - raft.server.log.corruption.policy = EXCEPTION (default)
2019-10-17 07:09:28,817 [pool-570-thread-1] INFO  storage.RaftStorageDirectory (RaftStorageDirectory.java:analyzeStorage(246)) - The storage directory /workdir/hadoop-ozone/integration-test/target/test-dir/MiniOzoneClusterImpl-e7c0418f-15c1-471d-99db-59e1afe04953/datanode-6/data/ratis/0c8ea9fd-9f22-4665-adde-ccbdf8030c7b does not exist. Creating ...
2019-10-17 07:09:28,817 [0acdc124-2757-4c91-93b1-ab1a2908776d@group-E9714E6466A2-LeaderElection1078] INFO  impl.LeaderElection (LeaderElection.java:askForVotes(178)) - 0acdc124-2757-4c91-93b1-ab1a2908776d@group-E9714E6466A2-LeaderElection1078: begin an election at term 1 for -1: [0acdc124-2757-4c91-93b1-ab1a2908776d:192.168.157.211:34191], old=null
2019-10-17 07:09:28,817 [0acdc124-2757-4c91-93b1-ab1a2908776d@group-E9714E6466A2-LeaderElection1078] INFO  impl.RoleInfo (RoleInfo.java:shutdownLeaderElection(134)) - 0acdc124-2757-4c91-93b1-ab1a2908776d: shutdown LeaderElection
2019-10-17 07:09:28,818 [0acdc124-2757-4c91-93b1-ab1a2908776d@group-E9714E6466A2-LeaderElection1078] INFO  impl.RaftServerImpl (RaftServerImpl.java:setRole(184)) - 0acdc124-2757-4c91-93b1-ab1a2908776d@group-E9714E6466A2: changes role from CANDIDATE to LEADER at term 1 for changeToLeader
2019-10-17 07:09:28,818 [0acdc124-2757-4c91-93b1-ab1a2908776d@group-E9714E6466A2-LeaderElection1078] INFO  impl.RaftServerImpl (ServerState.java:setLeader(256)) - 0acdc124-2757-4c91-93b1-ab1a2908776d@group-E9714E6466A2: change Leader from null to 0acdc124-2757-4c91-93b1-ab1a2908776d at term 1 for becomeLeader, leader elected after 168ms
2019-10-17 07:09:28,818 [5f7ef38b-a645-4f95-94e6-bd075ea30748@group-E6EB69311C83-LeaderElection1077] INFO  impl.LeaderElection (LeaderElection.java:logAndReturn(56)) - 5f7ef38b-a645-4f95-94e6-bd075ea30748@group-E6EB69311C83-LeaderElection1077: Election PASSED; received 1 response(s) [5f7ef38b-a645-4f95-94e6-bd075ea30748<-0acdc124-2757-4c91-93b1-ab1a2908776d#0:OK-t1] and 0 exception(s); 5f7ef38b-a645-4f95-94e6-bd075ea30748@group-E6EB69311C83:t1, leader=null, voted=5f7ef38b-a645-4f95-94e6-bd075ea30748, raftlog=5f7ef38b-a645-4f95-94e6-bd075ea30748@group-E6EB69311C83-SegmentedRaftLog:OPENED:c-1,f-1,i0, conf=-1: [5f7ef38b-a645-4f95-94e6-bd075ea30748:192.168.157.211:33759, e9b52f21-01d5-44eb-a9cd-d907fd904ad1:192.168.157.211:45108, 0acdc124-2757-4c91-93b1-ab1a2908776d:192.168.157.211:34191], old=null
2019-10-17 07:09:28,818 [0acdc124-2757-4c91-93b1-ab1a2908776d@group-E9714E6466A2-LeaderElection1078] INFO  server.RaftServerConfigKeys (ConfUtils.java:logGet(43)) - raft.server.staging.catchup.gap = 1000 (default)
2019-10-17 07:09:28,818 [5f7ef38b-a645-4f95-94e6-bd075ea30748@group-E6EB69311C83-LeaderElection1077] INFO  impl.RoleInfo (RoleInfo.java:shutdownLeaderElection(134)) - 5f7ef38b-a645-4f95-94e6-bd075ea30748: shutdown LeaderElection
2019-10-17 07:09:28,818 [0acdc124-2757-4c91-93b1-ab1a2908776d@group-E9714E6466A2-LeaderElection1078] INFO  server.RaftServerConfigKeys (ConfUtils.java:logGet(43)) - raft.server.rpc.sleep.time = 25ms (default)
2019-10-17 07:09:28,818 [5f7ef38b-a645-4f95-94e6-bd075ea30748@group-E6EB69311C83-LeaderElection1077] INFO  impl.RaftServerImpl (RaftServerImpl.java:setRole(184)) - 5f7ef38b-a645-4f95-94e6-bd075ea30748@group-E6EB69311C83: changes role from CANDIDATE to LEADER at term 1 for changeToLeader
2019-10-17 07:09:28,818 [0acdc124-2757-4c91-93b1-ab1a2908776d@group-E9714E6466A2-LeaderElection1078] INFO  server.RaftServerConfigKeys (ConfUtils.java:logGet(43)) - raft.server.write.element-limit = 4096 (default)
2019-10-17 07:09:28,818 [5f7ef38b-a645-4f95-94e6-bd075ea30748@group-E6EB69311C83-LeaderElection1077] INFO  impl.RaftServerImpl (ServerState.java:setLeader(256)) - 5f7ef38b-a645-4f95-94e6-bd075ea30748@group-E6EB69311C83: change Leader from null to 5f7ef38b-a645-4f95-94e6-bd075ea30748 at term 1 for becomeLeader, leader elected after 89ms
2019-10-17 07:09:28,818 [0acdc124-2757-4c91-93b1-ab1a2908776d@group-E9714E6466A2-LeaderElection1078] INFO  server.RaftServerConfigKeys (ConfUtils.java:logGet(43)) - raft.server.watch.timeout = 10s (default)
2019-10-17 07:09:28,818 [5f7ef38b-a645-4f95-94e6-bd075ea30748@group-E6EB69311C83-LeaderElection1077] INFO  server.RaftServerConfigKeys (ConfUtils.java:logGet(43)) - raft.server.staging.catchup.gap = 1000 (default)
2019-10-17 07:09:28,819 [0acdc124-2757-4c91-93b1-ab1a2908776d@group-E9714E6466A2-LeaderElection1078] INFO  server.RaftServerConfigKeys (ConfUtils.java:logGet(43)) - raft.server.watch.timeout.denomination = 1s (default)
2019-10-17 07:09:28,819 [5f7ef38b-a645-4f95-94e6-bd075ea30748@group-E6EB69311C83-LeaderElection1077] INFO  server.RaftServerConfigKeys (ConfUtils.java:logGet(43)) - raft.server.rpc.sleep.time = 25ms (default)
2019-10-17 07:09:28,819 [0acdc124-2757-4c91-93b1-ab1a2908776d@group-E9714E6466A2-LeaderElection1078] INFO  server.RaftServerConfigKeys (ConfUtils.java:logGet(43)) - raft.server.watch.element-limit = 65536 (default)
2019-10-17 07:09:28,819 [5f7ef38b-a645-4f95-94e6-bd075ea30748@group-E6EB69311C83-LeaderElection1077] INFO  server.RaftServerConfigKeys (ConfUtils.java:logGet(43)) - raft.server.write.element-limit = 4096 (default)
2019-10-17 07:09:28,819 [5f7ef38b-a645-4f95-94e6-bd075ea30748@group-E6EB69311C83-LeaderElection1077] INFO  server.RaftServerConfigKeys (ConfUtils.java:logGet(43)) - raft.server.watch.timeout = 10s (default)
2019-10-17 07:09:28,819 [5f7ef38b-a645-4f95-94e6-bd075ea30748@group-E6EB69311C83-LeaderElection1077] INFO  server.RaftServerConfigKeys (ConfUtils.java:logGet(43)) - raft.server.watch.timeout.denomination = 1s (default)
2019-10-17 07:09:28,819 [5f7ef38b-a645-4f95-94e6-bd075ea30748@group-E6EB69311C83-LeaderElection1077] INFO  server.RaftServerConfigKeys (ConfUtils.java:logGet(43)) - raft.server.watch.element-limit = 65536 (default)
2019-10-17 07:09:28,819 [pool-570-thread-1] INFO  storage.RaftStorageDirectory (RaftStorageDirectory.java:tryLock(328)) - Lock on /workdir/hadoop-ozone/integration-test/target/test-dir/MiniOzoneClusterImpl-e7c0418f-15c1-471d-99db-59e1afe04953/datanode-6/data/ratis/0c8ea9fd-9f22-4665-adde-ccbdf8030c7b/in_use.lock acquired by nodename 17775@pr-hdds-2286-nkqct-1837310268
2019-10-17 07:09:28,821 [0acdc124-2757-4c91-93b1-ab1a2908776d@group-E9714E6466A2-LeaderElection1078] INFO  impl.RoleInfo (RoleInfo.java:updateAndGet(143)) - 0acdc124-2757-4c91-93b1-ab1a2908776d: start LeaderState
2019-10-17 07:09:28,822 [0acdc124-2757-4c91-93b1-ab1a2908776d@group-E9714E6466A2-LeaderElection1078] INFO  segmented.SegmentedRaftLogWorker (SegmentedRaftLogWorker.java:startLogSegment(385)) - 0acdc124-2757-4c91-93b1-ab1a2908776d@group-E9714E6466A2-SegmentedRaftLogWorker: Starting segment from index:0
2019-10-17 07:09:28,822 [5f7ef38b-a645-4f95-94e6-bd075ea30748@group-E6EB69311C83-LeaderElection1077] INFO  server.RaftServerConfigKeys (ConfUtils.java:logGet(43)) - raft.server.log.appender.snapshot.chunk.size.max = 16MB (=16777216) (default)
2019-10-17 07:09:28,822 [5f7ef38b-a645-4f95-94e6-bd075ea30748@group-E6EB69311C83-LeaderElection1077] INFO  server.RaftServerConfigKeys (ConfUtils.java:logGet(43)) - raft.server.log.appender.buffer.byte-limit = 33554432 (custom)
2019-10-17 07:09:28,822 [5f7ef38b-a645-4f95-94e6-bd075ea30748@group-E6EB69311C83-LeaderElection1077] INFO  server.RaftServerConfigKeys (ConfUtils.java:logGet(43)) - raft.server.log.appender.buffer.element-limit = 1 (custom)
2019-10-17 07:09:28,822 [0acdc124-2757-4c91-93b1-ab1a2908776d@group-E9714E6466A2-LeaderElection1078] INFO  impl.RaftServerImpl (ServerState.java:setRaftConf(357)) - 0acdc124-2757-4c91-93b1-ab1a2908776d@group-E9714E6466A2: set configuration 0: [0acdc124-2757-4c91-93b1-ab1a2908776d:192.168.157.211:34191], old=null at 0
2019-10-17 07:09:28,822 [5f7ef38b-a645-4f95-94e6-bd075ea30748@group-E6EB69311C83-LeaderElection1077] INFO  grpc.GrpcConfigKeys$Server (ConfUtils.java:logGet(43)) - raft.grpc.server.leader.outstanding.appends.max = 128 (default)
2019-10-17 07:09:28,823 [5f7ef38b-a645-4f95-94e6-bd075ea30748@group-E6EB69311C83-LeaderElection1077] INFO  server.RaftServerConfigKeys (ConfUtils.java:logGet(43)) - raft.server.rpc.request.timeout = 3000ms (default)
2019-10-17 07:09:28,823 [5f7ef38b-a645-4f95-94e6-bd075ea30748@group-E6EB69311C83-LeaderElection1077] INFO  server.RaftServerConfigKeys (ConfUtils.java:logGet(43)) - raft.server.log.appender.install.snapshot.enabled = false (custom)
2019-10-17 07:09:28,824 [5f7ef38b-a645-4f95-94e6-bd075ea30748@group-E6EB69311C83-LeaderElection1077] INFO  server.RaftServerConfigKeys (ConfUtils.java:logGet(43)) - raft.server.log.appender.snapshot.chunk.size.max = 16MB (=16777216) (default)
2019-10-17 07:09:28,824 [5f7ef38b-a645-4f95-94e6-bd075ea30748@group-E6EB69311C83-LeaderElection1077] INFO  server.RaftServerConfigKeys (ConfUtils.java:logGet(43)) - raft.server.log.appender.buffer.byte-limit = 33554432 (custom)
2019-10-17 07:09:28,825 [5f7ef38b-a645-4f95-94e6-bd075ea30748@group-E6EB69311C83-LeaderElection1077] INFO  server.RaftServerConfigKeys (ConfUtils.java:logGet(43)) - raft.server.log.appender.buffer.element-limit = 1 (custom)
2019-10-17 07:09:28,825 [5f7ef38b-a645-4f95-94e6-bd075ea30748@group-E6EB69311C83-LeaderElection1077] INFO  grpc.GrpcConfigKeys$Server (ConfUtils.java:logGet(43)) - raft.grpc.server.leader.outstanding.appends.max = 128 (default)
2019-10-17 07:09:28,825 [5f7ef38b-a645-4f95-94e6-bd075ea30748@group-E6EB69311C83-LeaderElection1077] INFO  server.RaftServerConfigKeys (ConfUtils.java:logGet(43)) - raft.server.rpc.request.timeout = 3000ms (default)
2019-10-17 07:09:28,825 [5f7ef38b-a645-4f95-94e6-bd075ea30748@group-E6EB69311C83-LeaderElection1077] INFO  server.RaftServerConfigKeys (ConfUtils.java:logGet(43)) - raft.server.log.appender.install.snapshot.enabled = false (custom)
2019-10-17 07:09:28,826 [5f7ef38b-a645-4f95-94e6-bd075ea30748@group-E6EB69311C83-LeaderElection1077] INFO  impl.RoleInfo (RoleInfo.java:updateAndGet(143)) - 5f7ef38b-a645-4f95-94e6-bd075ea30748: start LeaderState
2019-10-17 07:09:28,826 [5f7ef38b-a645-4f95-94e6-bd075ea30748@group-E6EB69311C83-LeaderElection1077] INFO  segmented.SegmentedRaftLogWorker (SegmentedRaftLogWorker.java:startLogSegment(385)) - 5f7ef38b-a645-4f95-94e6-bd075ea30748@group-E6EB69311C83-SegmentedRaftLogWorker: Starting segment from index:0
2019-10-17 07:09:28,827 [5f7ef38b-a645-4f95-94e6-bd075ea30748@group-E6EB69311C83-LeaderElection1077] INFO  impl.RaftServerImpl (ServerState.java:setRaftConf(357)) - 5f7ef38b-a645-4f95-94e6-bd075ea30748@group-E6EB69311C83: set configuration 0: [5f7ef38b-a645-4f95-94e6-bd075ea30748:192.168.157.211:33759, e9b52f21-01d5-44eb-a9cd-d907fd904ad1:192.168.157.211:45108, 0acdc124-2757-4c91-93b1-ab1a2908776d:192.168.157.211:34191], old=null at 0
2019-10-17 07:09:28,828 [grpc-default-executor-7] INFO  impl.RaftServerImpl (ServerState.java:setLeader(256)) - 0acdc124-2757-4c91-93b1-ab1a2908776d@group-E6EB69311C83: change Leader from null to 5f7ef38b-a645-4f95-94e6-bd075ea30748 at term 1 for appendEntries, leader elected after 99ms
2019-10-17 07:09:28,828 [grpc-default-executor-8] INFO  impl.RaftServerImpl (ServerState.java:setLeader(256)) - e9b52f21-01d5-44eb-a9cd-d907fd904ad1@group-E6EB69311C83: change Leader from null to 5f7ef38b-a645-4f95-94e6-bd075ea30748 at term 1 for appendEntries, leader elected after 98ms
2019-10-17 07:09:28,864 [pool-570-thread-1] INFO  storage.RaftStorage (RaftStorage.java:format(84)) - Storage directory /workdir/hadoop-ozone/integration-test/target/test-dir/MiniOzoneClusterImpl-e7c0418f-15c1-471d-99db-59e1afe04953/datanode-6/data/ratis/0c8ea9fd-9f22-4665-adde-ccbdf8030c7b has been successfully formatted.
2019-10-17 07:09:28,867 [pool-570-thread-1] INFO  ratis.ContainerStateMachine (ContainerStateMachine.java:loadSnapshot(231)) - group-CCBDF8030C7B: The snapshot info is null. Setting the last applied indexto:(t:0, i:~)
2019-10-17 07:09:28,867 [pool-570-thread-1] INFO  server.RaftServerConfigKeys (ConfUtils.java:logGet(43)) - raft.server.notification.no-leader.timeout = 120s (custom)
2019-10-17 07:09:28,867 [grpc-default-executor-8] INFO  impl.RaftServerImpl (ServerState.java:setRaftConf(357)) - 0acdc124-2757-4c91-93b1-ab1a2908776d@group-E6EB69311C83: set configuration 0: [5f7ef38b-a645-4f95-94e6-bd075ea30748:192.168.157.211:33759, e9b52f21-01d5-44eb-a9cd-d907fd904ad1:192.168.157.211:45108, 0acdc124-2757-4c91-93b1-ab1a2908776d:192.168.157.211:34191], old=null at 0
2019-10-17 07:09:28,867 [pool-570-thread-1] INFO  server.RaftServerConfigKeys (ConfUtils.java:logGet(43)) - raft.server.log.use.memory = false (default)
2019-10-17 07:09:28,868 [grpc-default-executor-8] INFO  segmented.SegmentedRaftLogWorker (SegmentedRaftLogWorker.java:startLogSegment(385)) - 0acdc124-2757-4c91-93b1-ab1a2908776d@group-E6EB69311C83-SegmentedRaftLogWorker: Starting segment from index:0
2019-10-17 07:09:28,868 [pool-570-thread-1] INFO  server.RaftServerConfigKeys (ConfUtils.java:logGet(43)) - raft.server.log.purge.gap = 1000000 (custom)
2019-10-17 07:09:28,868 [grpc-default-executor-7] INFO  impl.RaftServerImpl (ServerState.java:setRaftConf(357)) - e9b52f21-01d5-44eb-a9cd-d907fd904ad1@group-E6EB69311C83: set configuration 0: [5f7ef38b-a645-4f95-94e6-bd075ea30748:192.168.157.211:33759, e9b52f21-01d5-44eb-a9cd-d907fd904ad1:192.168.157.211:45108, 0acdc124-2757-4c91-93b1-ab1a2908776d:192.168.157.211:34191], old=null at 0
2019-10-17 07:09:28,868 [pool-570-thread-1] INFO  server.RaftServerConfigKeys (ConfUtils.java:logGet(43)) - raft.server.log.appender.buffer.byte-limit = 33554432 (custom)
2019-10-17 07:09:28,869 [grpc-default-executor-7] INFO  segmented.SegmentedRaftLogWorker (SegmentedRaftLogWorker.java:startLogSegment(385)) - e9b52f21-01d5-44eb-a9cd-d907fd904ad1@group-E6EB69311C83-SegmentedRaftLogWorker: Starting segment from index:0
2019-10-17 07:09:28,869 [pool-570-thread-1] INFO  server.RaftServerConfigKeys (ConfUtils.java:logGet(43)) - raft.server.log.segment.size.max = 1048576 (custom)
2019-10-17 07:09:28,870 [main] INFO  ozone.MiniOzoneClusterImpl (MiniOzoneClusterImpl.java:lambda$waitForClusterToBeReady$0(147)) - Waiting for cluster to be ready. Got 9 of 10 DN Heartbeats.
2019-10-17 07:09:28,871 [pool-570-thread-1] INFO  server.RaftServerConfigKeys (ConfUtils.java:logGet(43)) - raft.server.log.segment.cache.num.max = 2 (custom)
2019-10-17 07:09:28,871 [pool-570-thread-1] INFO  segmented.SegmentedRaftLogWorker (SegmentedRaftLogWorker.java:<init>(173)) - new c1b4af2d-3b05-4006-acca-753ed6d10b59@group-CCBDF8030C7B-SegmentedRaftLogWorker for RaftStorage:Storage Directory /workdir/hadoop-ozone/integration-test/target/test-dir/MiniOzoneClusterImpl-e7c0418f-15c1-471d-99db-59e1afe04953/datanode-6/data/ratis/0c8ea9fd-9f22-4665-adde-ccbdf8030c7b
2019-10-17 07:09:28,871 [pool-570-thread-1] INFO  server.RaftServerConfigKeys (ConfUtils.java:logGet(43)) - raft.server.log.queue.byte-limit = 2147483647 (custom)
2019-10-17 07:09:28,871 [pool-570-thread-1] INFO  server.RaftServerConfigKeys (ConfUtils.java:logGet(43)) - raft.server.log.queue.element-limit = 1024 (custom)
2019-10-17 07:09:28,871 [pool-570-thread-1] INFO  server.RaftServerConfigKeys (ConfUtils.java:logGet(43)) - raft.server.log.segment.size.max = 1048576 (custom)
2019-10-17 07:09:28,871 [pool-570-thread-1] INFO  server.RaftServerConfigKeys (ConfUtils.java:logGet(43)) - raft.server.log.preallocated.size = 16384 (custom)
2019-10-17 07:09:28,872 [pool-570-thread-1] INFO  server.RaftServerConfigKeys (ConfUtils.java:logGet(43)) - raft.server.log.write.buffer.size = 33554432 (custom)
2019-10-17 07:09:28,872 [IPC Server handler 5 on 32805] INFO  net.NetworkTopology (NetworkTopologyImpl.java:add(111)) - Added a new node: /rack1/3a8b13b5-9a2a-4d15-b361-dcd1441f2603
2019-10-17 07:09:28,872 [pool-570-thread-1] INFO  server.RaftServerConfigKeys (ConfUtils.java:logGet(43)) - raft.server.log.force.sync.num = 128 (default)
2019-10-17 07:09:28,872 [IPC Server handler 5 on 32805] INFO  node.SCMNodeManager (SCMNodeManager.java:register(268)) - Registered Data node : 3a8b13b5-9a2a-4d15-b361-dcd1441f2603{ip: 192.168.157.211, host: pr-hdds-2286-nkqct-1837310268, networkLocation: /rack1, certSerialId: null}
2019-10-17 07:09:28,872 [pool-570-thread-1] INFO  server.RaftServerConfigKeys (ConfUtils.java:logGet(43)) - raft.server.log.statemachine.data.sync = true (default)
2019-10-17 07:09:28,872 [pool-570-thread-1] INFO  server.RaftServerConfigKeys (ConfUtils.java:logGet(43)) - raft.server.log.statemachine.data.sync.timeout = 10s (default)
2019-10-17 07:09:28,873 [pool-570-thread-1] INFO  server.RaftServerConfigKeys (ConfUtils.java:logGet(43)) - raft.server.log.statemachine.data.sync.timeout.retry = -1 (default)
2019-10-17 07:09:28,873 [pool-570-thread-1] INFO  server.RaftServerConfigKeys (ConfUtils.java:logGet(43)) - raft.server.log.statemachine.data.caching.enabled = true (custom)
2019-10-17 07:09:28,873 [pool-570-thread-1] INFO  segmented.SegmentedRaftLogWorker (SegmentedRaftLogWorker.java:lambda$new$0(128)) - c1b4af2d-3b05-4006-acca-753ed6d10b59@group-CCBDF8030C7B-SegmentedRaftLogWorker: flushIndex: setUnconditionally 0 -> -1
2019-10-17 07:09:28,874 [pool-570-thread-1] INFO  server.RaftServerConfigKeys (ConfUtils.java:logGet(43)) - raft.server.snapshot.auto.trigger.enabled = true (custom)
2019-10-17 07:09:28,874 [pool-570-thread-1] INFO  server.RaftServerConfigKeys (ConfUtils.java:logGet(43)) - raft.server.snapshot.auto.trigger.threshold = 10000 (custom)
2019-10-17 07:09:28,874 [pool-570-thread-1] INFO  server.RaftServerConfigKeys (ConfUtils.java:logGet(43)) - raft.server.snapshot.retention.file.num = 5 (custom)
2019-10-17 07:09:28,874 [pool-570-thread-1] INFO  server.RaftServerConfigKeys (ConfUtils.java:logGet(43)) - raft.server.retrycache.expirytime = 600000ms (custom)
2019-10-17 07:09:28,876 [5f7ef38b-a645-4f95-94e6-bd075ea30748@group-E6EB69311C83-SegmentedRaftLogWorker] INFO  segmented.SegmentedRaftLogWorker (SegmentedRaftLogWorker.java:execute(576)) - 5f7ef38b-a645-4f95-94e6-bd075ea30748@group-E6EB69311C83-SegmentedRaftLogWorker: created new log segment /workdir/hadoop-ozone/integration-test/target/test-dir/MiniOzoneClusterImpl-e7c0418f-15c1-471d-99db-59e1afe04953/datanode-3/data/ratis/4500b566-0942-424e-bac5-e6eb69311c83/current/log_inprogress_0
2019-10-17 07:09:28,876 [0acdc124-2757-4c91-93b1-ab1a2908776d@group-E9714E6466A2-SegmentedRaftLogWorker] INFO  segmented.SegmentedRaftLogWorker (SegmentedRaftLogWorker.java:execute(576)) - 0acdc124-2757-4c91-93b1-ab1a2908776d@group-E9714E6466A2-SegmentedRaftLogWorker: created new log segment /workdir/hadoop-ozone/integration-test/target/test-dir/MiniOzoneClusterImpl-e7c0418f-15c1-471d-99db-59e1afe04953/datanode-5/data/ratis/c34ee61c-d93e-401c-aeb3-e9714e6466a2/current/log_inprogress_0
2019-10-17 07:09:28,877 [pool-570-thread-1] INFO  impl.RaftServerImpl (RaftServerImpl.java:start(195)) - c1b4af2d-3b05-4006-acca-753ed6d10b59@group-CCBDF8030C7B: start as a follower, conf=-1: [c1b4af2d-3b05-4006-acca-753ed6d10b59:192.168.157.211:37018], old=null
2019-10-17 07:09:28,877 [pool-570-thread-1] INFO  impl.RaftServerImpl (RaftServerImpl.java:setRole(184)) - c1b4af2d-3b05-4006-acca-753ed6d10b59@group-CCBDF8030C7B: changes role from      null to FOLLOWER at term 0 for startAsFollower
2019-10-17 07:09:28,877 [pool-570-thread-1] INFO  impl.RoleInfo (RoleInfo.java:updateAndGet(143)) - c1b4af2d-3b05-4006-acca-753ed6d10b59: start FollowerState
2019-10-17 07:09:28,877 [pool-570-thread-1] INFO  util.JmxRegister (JmxRegister.java:tryRegister(44)) - Successfully registered JMX Bean with object name Ratis:service=RaftServer,group=group-CCBDF8030C7B,id=c1b4af2d-3b05-4006-acca-753ed6d10b59
2019-10-17 07:09:28,881 [RatisPipelineUtilsThread] INFO  pipeline.PipelineStateManager (PipelineStateManager.java:addPipeline(56)) - Created pipeline Pipeline[ Id: 0c8ea9fd-9f22-4665-adde-ccbdf8030c7b, Nodes: c1b4af2d-3b05-4006-acca-753ed6d10b59{ip: 192.168.157.211, host: pr-hdds-2286-nkqct-1837310268, networkLocation: /rack1, certSerialId: null}, Type:RATIS, Factor:ONE, State:OPEN]
2019-10-17 07:09:28,902 [Thread-9614] INFO  impl.FollowerState (FollowerState.java:run(108)) - 696df33b-59a0-4145-913f-936aff0d1566@group-2C0FEEE55AE1-FollowerState: change to CANDIDATE, lastRpcTime:161ms, electionTimeout:161ms
2019-10-17 07:09:28,902 [Thread-9614] INFO  impl.RoleInfo (RoleInfo.java:shutdownFollowerState(121)) - 696df33b-59a0-4145-913f-936aff0d1566: shutdown FollowerState
2019-10-17 07:09:28,902 [Thread-9614] INFO  impl.RaftServerImpl (RaftServerImpl.java:setRole(184)) - 696df33b-59a0-4145-913f-936aff0d1566@group-2C0FEEE55AE1: changes role from  FOLLOWER to CANDIDATE at term 4 for changeToCandidate
2019-10-17 07:09:28,903 [Thread-9614] INFO  impl.RoleInfo (RoleInfo.java:updateAndGet(143)) - 696df33b-59a0-4145-913f-936aff0d1566: start LeaderElection
2019-10-17 07:09:28,910 [grpc-default-executor-7] INFO  impl.RaftServerProxy (RaftServerProxy.java:addNew(89)) - a5219191-1681-4090-972d-a7550c5191e1: addNew group-6E83C2681F4B:[a5219191-1681-4090-972d-a7550c5191e1:192.168.157.211:32908] returns group-6E83C2681F4B:java.util.concurrent.CompletableFuture@333f188d[Not completed]
2019-10-17 07:09:28,911 [pool-580-thread-1] INFO  impl.RaftServerImpl (RaftServerImpl.java:<init>(104)) - a5219191-1681-4090-972d-a7550c5191e1: new RaftServerImpl for group-6E83C2681F4B:[a5219191-1681-4090-972d-a7550c5191e1:192.168.157.211:32908] with ContainerStateMachine:uninitialized
2019-10-17 07:09:28,911 [pool-580-thread-1] INFO  server.RaftServerConfigKeys (ConfUtils.java:logGet(43)) - raft.server.rpc.timeout.min = 1s (custom)
2019-10-17 07:09:28,912 [pool-580-thread-1] INFO  server.RaftServerConfigKeys (ConfUtils.java:logGet(43)) - raft.server.rpc.timeout.max = 1200ms (custom)
2019-10-17 07:09:28,912 [pool-580-thread-1] INFO  server.RaftServerConfigKeys (ConfUtils.java:logGet(43)) - raft.server.rpcslowness.timeout = 120s (custom)
2019-10-17 07:09:28,912 [pool-580-thread-1] INFO  server.RaftServerConfigKeys (ConfUtils.java:logGet(43)) - raft.server.sleep.deviation.threshold = 300 (default)
2019-10-17 07:09:28,912 [pool-580-thread-1] INFO  server.RaftServerConfigKeys (ConfUtils.java:logGet(43)) - raft.server.log.appender.install.snapshot.enabled = false (custom)
2019-10-17 07:09:28,912 [pool-580-thread-1] INFO  impl.RaftServerImpl (ServerState.java:<init>(103)) - a5219191-1681-4090-972d-a7550c5191e1@group-6E83C2681F4B: ConfigurationManager, init=-1: [a5219191-1681-4090-972d-a7550c5191e1:192.168.157.211:32908], old=null, confs=<EMPTY_MAP>
2019-10-17 07:09:28,912 [pool-580-thread-1] INFO  server.RaftServerConfigKeys (ConfUtils.java:logGet(43)) - raft.server.storage.dir = [/workdir/hadoop-ozone/integration-test/target/test-dir/MiniOzoneClusterImpl-e7c0418f-15c1-471d-99db-59e1afe04953/datanode-7/data/ratis] (custom)
2019-10-17 07:09:28,912 [pool-580-thread-1] INFO  server.RaftServerConfigKeys (ConfUtils.java:logGet(43)) - raft.server.log.corruption.policy = EXCEPTION (default)
2019-10-17 07:09:28,913 [pool-580-thread-1] INFO  storage.RaftStorageDirectory (RaftStorageDirectory.java:analyzeStorage(246)) - The storage directory /workdir/hadoop-ozone/integration-test/target/test-dir/MiniOzoneClusterImpl-e7c0418f-15c1-471d-99db-59e1afe04953/datanode-7/data/ratis/478057ad-ae51-4524-a501-6e83c2681f4b does not exist. Creating ...
2019-10-17 07:09:28,927 [pool-580-thread-1] INFO  storage.RaftStorageDirectory (RaftStorageDirectory.java:tryLock(328)) - Lock on /workdir/hadoop-ozone/integration-test/target/test-dir/MiniOzoneClusterImpl-e7c0418f-15c1-471d-99db-59e1afe04953/datanode-7/data/ratis/478057ad-ae51-4524-a501-6e83c2681f4b/in_use.lock acquired by nodename 17775@pr-hdds-2286-nkqct-1837310268
2019-10-17 07:09:28,927 [e9b52f21-01d5-44eb-a9cd-d907fd904ad1@group-E6EB69311C83-SegmentedRaftLogWorker] INFO  segmented.SegmentedRaftLogWorker (SegmentedRaftLogWorker.java:execute(576)) - e9b52f21-01d5-44eb-a9cd-d907fd904ad1@group-E6EB69311C83-SegmentedRaftLogWorker: created new log segment /workdir/hadoop-ozone/integration-test/target/test-dir/MiniOzoneClusterImpl-e7c0418f-15c1-471d-99db-59e1afe04953/datanode-4/data/ratis/4500b566-0942-424e-bac5-e6eb69311c83/current/log_inprogress_0
2019-10-17 07:09:28,927 [696df33b-59a0-4145-913f-936aff0d1566@group-2C0FEEE55AE1-LeaderElection1079] INFO  impl.LeaderElection (LeaderElection.java:askForVotes(178)) - 696df33b-59a0-4145-913f-936aff0d1566@group-2C0FEEE55AE1-LeaderElection1079: begin an election at term 5 for -1: [f3ee4219-89bb-47f2-bbe0-5f784575b745:192.168.157.211:38722, 805254cc-2da6-48d8-a2f9-c1a3ceceab4a:192.168.157.211:35407, 696df33b-59a0-4145-913f-936aff0d1566:192.168.157.211:38803], old=null
2019-10-17 07:09:28,927 [0acdc124-2757-4c91-93b1-ab1a2908776d@group-E6EB69311C83-SegmentedRaftLogWorker] INFO  segmented.SegmentedRaftLogWorker (SegmentedRaftLogWorker.java:execute(576)) - 0acdc124-2757-4c91-93b1-ab1a2908776d@group-E6EB69311C83-SegmentedRaftLogWorker: created new log segment /workdir/hadoop-ozone/integration-test/target/test-dir/MiniOzoneClusterImpl-e7c0418f-15c1-471d-99db-59e1afe04953/datanode-5/data/ratis/4500b566-0942-424e-bac5-e6eb69311c83/current/log_inprogress_0
2019-10-17 07:09:28,928 [grpc-default-executor-8] INFO  impl.RaftServerImpl (RaftServerImpl.java:setRole(184)) - f3ee4219-89bb-47f2-bbe0-5f784575b745@group-2C0FEEE55AE1: changes role from  FOLLOWER to FOLLOWER at term 5 for recognizeCandidate:696df33b-59a0-4145-913f-936aff0d1566
2019-10-17 07:09:28,928 [grpc-default-executor-8] INFO  impl.RoleInfo (RoleInfo.java:shutdownFollowerState(121)) - f3ee4219-89bb-47f2-bbe0-5f784575b745: shutdown FollowerState
2019-10-17 07:09:28,928 [grpc-default-executor-7] INFO  impl.RaftServerImpl (RaftServerImpl.java:setRole(184)) - 805254cc-2da6-48d8-a2f9-c1a3ceceab4a@group-2C0FEEE55AE1: changes role from  FOLLOWER to FOLLOWER at term 5 for recognizeCandidate:696df33b-59a0-4145-913f-936aff0d1566
2019-10-17 07:09:28,929 [Thread-9610] INFO  impl.FollowerState (FollowerState.java:run(117)) - f3ee4219-89bb-47f2-bbe0-5f784575b745@group-2C0FEEE55AE1-FollowerState was interrupted: java.lang.InterruptedException: sleep interrupted
2019-10-17 07:09:28,929 [grpc-default-executor-8] INFO  impl.RoleInfo (RoleInfo.java:updateAndGet(143)) - f3ee4219-89bb-47f2-bbe0-5f784575b745: start FollowerState
2019-10-17 07:09:28,929 [grpc-default-executor-7] INFO  impl.RoleInfo (RoleInfo.java:shutdownFollowerState(121)) - 805254cc-2da6-48d8-a2f9-c1a3ceceab4a: shutdown FollowerState
2019-10-17 07:09:28,929 [grpc-default-executor-7] INFO  impl.RoleInfo (RoleInfo.java:updateAndGet(143)) - 805254cc-2da6-48d8-a2f9-c1a3ceceab4a: start FollowerState
2019-10-17 07:09:28,929 [Thread-9609] INFO  impl.FollowerState (FollowerState.java:run(117)) - 805254cc-2da6-48d8-a2f9-c1a3ceceab4a@group-2C0FEEE55AE1-FollowerState was interrupted: java.lang.InterruptedException: sleep interrupted
2019-10-17 07:09:28,932 [Thread-9636] INFO  impl.FollowerState (FollowerState.java:run(108)) - c1b4af2d-3b05-4006-acca-753ed6d10b59@group-CCBDF8030C7B-FollowerState: change to CANDIDATE, lastRpcTime:55ms, electionTimeout:55ms
2019-10-17 07:09:28,932 [Thread-9636] INFO  impl.RoleInfo (RoleInfo.java:shutdownFollowerState(121)) - c1b4af2d-3b05-4006-acca-753ed6d10b59: shutdown FollowerState
2019-10-17 07:09:28,932 [Thread-9636] INFO  impl.RaftServerImpl (RaftServerImpl.java:setRole(184)) - c1b4af2d-3b05-4006-acca-753ed6d10b59@group-CCBDF8030C7B: changes role from  FOLLOWER to CANDIDATE at term 0 for changeToCandidate
2019-10-17 07:09:28,933 [Thread-9636] INFO  impl.RoleInfo (RoleInfo.java:updateAndGet(143)) - c1b4af2d-3b05-4006-acca-753ed6d10b59: start LeaderElection
2019-10-17 07:09:28,940 [pool-580-thread-1] INFO  storage.RaftStorage (RaftStorage.java:format(84)) - Storage directory /workdir/hadoop-ozone/integration-test/target/test-dir/MiniOzoneClusterImpl-e7c0418f-15c1-471d-99db-59e1afe04953/datanode-7/data/ratis/478057ad-ae51-4524-a501-6e83c2681f4b has been successfully formatted.
2019-10-17 07:09:28,940 [pool-580-thread-1] INFO  ratis.ContainerStateMachine (ContainerStateMachine.java:loadSnapshot(231)) - group-6E83C2681F4B: The snapshot info is null. Setting the last applied indexto:(t:0, i:~)
2019-10-17 07:09:28,940 [pool-580-thread-1] INFO  server.RaftServerConfigKeys (ConfUtils.java:logGet(43)) - raft.server.notification.no-leader.timeout = 120s (custom)
2019-10-17 07:09:28,940 [pool-580-thread-1] INFO  server.RaftServerConfigKeys (ConfUtils.java:logGet(43)) - raft.server.log.use.memory = false (default)
2019-10-17 07:09:28,940 [696df33b-59a0-4145-913f-936aff0d1566@group-2C0FEEE55AE1-LeaderElection1079] INFO  impl.LeaderElection (LeaderElection.java:logAndReturn(56)) - 696df33b-59a0-4145-913f-936aff0d1566@group-2C0FEEE55AE1-LeaderElection1079: Election REJECTED; received 2 response(s) [696df33b-59a0-4145-913f-936aff0d1566<-f3ee4219-89bb-47f2-bbe0-5f784575b745#0:FAIL-t5, 696df33b-59a0-4145-913f-936aff0d1566<-805254cc-2da6-48d8-a2f9-c1a3ceceab4a#0:FAIL-t5] and 0 exception(s); 696df33b-59a0-4145-913f-936aff0d1566@group-2C0FEEE55AE1:t5, leader=null, voted=696df33b-59a0-4145-913f-936aff0d1566, raftlog=696df33b-59a0-4145-913f-936aff0d1566@group-2C0FEEE55AE1-SegmentedRaftLog:OPENED:c-1,f-1,i0, conf=-1: [f3ee4219-89bb-47f2-bbe0-5f784575b745:192.168.157.211:38722, 805254cc-2da6-48d8-a2f9-c1a3ceceab4a:192.168.157.211:35407, 696df33b-59a0-4145-913f-936aff0d1566:192.168.157.211:38803], old=null
2019-10-17 07:09:28,941 [pool-580-thread-1] INFO  server.RaftServerConfigKeys (ConfUtils.java:logGet(43)) - raft.server.log.purge.gap = 1000000 (custom)
2019-10-17 07:09:28,941 [696df33b-59a0-4145-913f-936aff0d1566@group-2C0FEEE55AE1-LeaderElection1079] INFO  impl.RaftServerImpl (RaftServerImpl.java:setRole(184)) - 696df33b-59a0-4145-913f-936aff0d1566@group-2C0FEEE55AE1: changes role from CANDIDATE to FOLLOWER at term 5 for DISCOVERED_A_NEW_TERM
2019-10-17 07:09:28,941 [pool-580-thread-1] INFO  server.RaftServerConfigKeys (ConfUtils.java:logGet(43)) - raft.server.log.appender.buffer.byte-limit = 33554432 (custom)
2019-10-17 07:09:28,941 [696df33b-59a0-4145-913f-936aff0d1566@group-2C0FEEE55AE1-LeaderElection1079] INFO  impl.RoleInfo (RoleInfo.java:shutdownLeaderElection(134)) - 696df33b-59a0-4145-913f-936aff0d1566: shutdown LeaderElection
2019-10-17 07:09:28,941 [pool-580-thread-1] INFO  server.RaftServerConfigKeys (ConfUtils.java:logGet(43)) - raft.server.log.segment.size.max = 1048576 (custom)
2019-10-17 07:09:28,941 [696df33b-59a0-4145-913f-936aff0d1566@group-2C0FEEE55AE1-LeaderElection1079] INFO  impl.RoleInfo (RoleInfo.java:updateAndGet(143)) - 696df33b-59a0-4145-913f-936aff0d1566: start FollowerState
2019-10-17 07:09:28,942 [pool-580-thread-1] INFO  server.RaftServerConfigKeys (ConfUtils.java:logGet(43)) - raft.server.log.segment.cache.num.max = 2 (custom)
2019-10-17 07:09:28,943 [c1b4af2d-3b05-4006-acca-753ed6d10b59@group-CCBDF8030C7B-LeaderElection1080] INFO  impl.LeaderElection (LeaderElection.java:askForVotes(178)) - c1b4af2d-3b05-4006-acca-753ed6d10b59@group-CCBDF8030C7B-LeaderElection1080: begin an election at term 1 for -1: [c1b4af2d-3b05-4006-acca-753ed6d10b59:192.168.157.211:37018], old=null
2019-10-17 07:09:28,943 [pool-580-thread-1] INFO  segmented.SegmentedRaftLogWorker (SegmentedRaftLogWorker.java:<init>(173)) - new a5219191-1681-4090-972d-a7550c5191e1@group-6E83C2681F4B-SegmentedRaftLogWorker for RaftStorage:Storage Directory /workdir/hadoop-ozone/integration-test/target/test-dir/MiniOzoneClusterImpl-e7c0418f-15c1-471d-99db-59e1afe04953/datanode-7/data/ratis/478057ad-ae51-4524-a501-6e83c2681f4b
2019-10-17 07:09:28,943 [c1b4af2d-3b05-4006-acca-753ed6d10b59@group-CCBDF8030C7B-LeaderElection1080] INFO  impl.RoleInfo (RoleInfo.java:shutdownLeaderElection(134)) - c1b4af2d-3b05-4006-acca-753ed6d10b59: shutdown LeaderElection
2019-10-17 07:09:28,943 [pool-580-thread-1] INFO  server.RaftServerConfigKeys (ConfUtils.java:logGet(43)) - raft.server.log.queue.byte-limit = 2147483647 (custom)
2019-10-17 07:09:28,943 [c1b4af2d-3b05-4006-acca-753ed6d10b59@group-CCBDF8030C7B-LeaderElection1080] INFO  impl.RaftServerImpl (RaftServerImpl.java:setRole(184)) - c1b4af2d-3b05-4006-acca-753ed6d10b59@group-CCBDF8030C7B: changes role from CANDIDATE to LEADER at term 1 for changeToLeader
2019-10-17 07:09:28,943 [pool-580-thread-1] INFO  server.RaftServerConfigKeys (ConfUtils.java:logGet(43)) - raft.server.log.queue.element-limit = 1024 (custom)
2019-10-17 07:09:28,943 [c1b4af2d-3b05-4006-acca-753ed6d10b59@group-CCBDF8030C7B-LeaderElection1080] INFO  impl.RaftServerImpl (ServerState.java:setLeader(256)) - c1b4af2d-3b05-4006-acca-753ed6d10b59@group-CCBDF8030C7B: change Leader from null to c1b4af2d-3b05-4006-acca-753ed6d10b59 at term 1 for becomeLeader, leader elected after 75ms
2019-10-17 07:09:28,943 [pool-580-thread-1] INFO  server.RaftServerConfigKeys (ConfUtils.java:logGet(43)) - raft.server.log.segment.size.max = 1048576 (custom)
2019-10-17 07:09:28,943 [c1b4af2d-3b05-4006-acca-753ed6d10b59@group-CCBDF8030C7B-LeaderElection1080] INFO  server.RaftServerConfigKeys (ConfUtils.java:logGet(43)) - raft.server.staging.catchup.gap = 1000 (default)
2019-10-17 07:09:28,943 [pool-580-thread-1] INFO  server.RaftServerConfigKeys (ConfUtils.java:logGet(43)) - raft.server.log.preallocated.size = 16384 (custom)
2019-10-17 07:09:28,943 [c1b4af2d-3b05-4006-acca-753ed6d10b59@group-CCBDF8030C7B-LeaderElection1080] INFO  server.RaftServerConfigKeys (ConfUtils.java:logGet(43)) - raft.server.rpc.sleep.time = 25ms (default)
2019-10-17 07:09:28,944 [pool-580-thread-1] INFO  server.RaftServerConfigKeys (ConfUtils.java:logGet(43)) - raft.server.log.write.buffer.size = 33554432 (custom)
2019-10-17 07:09:28,944 [c1b4af2d-3b05-4006-acca-753ed6d10b59@group-CCBDF8030C7B-LeaderElection1080] INFO  server.RaftServerConfigKeys (ConfUtils.java:logGet(43)) - raft.server.write.element-limit = 4096 (default)
2019-10-17 07:09:28,944 [pool-580-thread-1] INFO  server.RaftServerConfigKeys (ConfUtils.java:logGet(43)) - raft.server.log.force.sync.num = 128 (default)
2019-10-17 07:09:28,944 [c1b4af2d-3b05-4006-acca-753ed6d10b59@group-CCBDF8030C7B-LeaderElection1080] INFO  server.RaftServerConfigKeys (ConfUtils.java:logGet(43)) - raft.server.watch.timeout = 10s (default)
2019-10-17 07:09:28,944 [pool-580-thread-1] INFO  server.RaftServerConfigKeys (ConfUtils.java:logGet(43)) - raft.server.log.statemachine.data.sync = true (default)
2019-10-17 07:09:28,944 [c1b4af2d-3b05-4006-acca-753ed6d10b59@group-CCBDF8030C7B-LeaderElection1080] INFO  server.RaftServerConfigKeys (ConfUtils.java:logGet(43)) - raft.server.watch.timeout.denomination = 1s (default)
2019-10-17 07:09:28,944 [pool-580-thread-1] INFO  server.RaftServerConfigKeys (ConfUtils.java:logGet(43)) - raft.server.log.statemachine.data.sync.timeout = 10s (default)
2019-10-17 07:09:28,944 [c1b4af2d-3b05-4006-acca-753ed6d10b59@group-CCBDF8030C7B-LeaderElection1080] INFO  server.RaftServerConfigKeys (ConfUtils.java:logGet(43)) - raft.server.watch.element-limit = 65536 (default)
2019-10-17 07:09:28,944 [pool-580-thread-1] INFO  server.RaftServerConfigKeys (ConfUtils.java:logGet(43)) - raft.server.log.statemachine.data.sync.timeout.retry = -1 (default)
2019-10-17 07:09:28,945 [pool-580-thread-1] INFO  server.RaftServerConfigKeys (ConfUtils.java:logGet(43)) - raft.server.log.statemachine.data.caching.enabled = true (custom)
2019-10-17 07:09:28,945 [pool-580-thread-1] INFO  segmented.SegmentedRaftLogWorker (SegmentedRaftLogWorker.java:lambda$new$0(128)) - a5219191-1681-4090-972d-a7550c5191e1@group-6E83C2681F4B-SegmentedRaftLogWorker: flushIndex: setUnconditionally 0 -> -1
2019-10-17 07:09:28,945 [pool-580-thread-1] INFO  server.RaftServerConfigKeys (ConfUtils.java:logGet(43)) - raft.server.snapshot.auto.trigger.enabled = true (custom)
2019-10-17 07:09:28,945 [pool-580-thread-1] INFO  server.RaftServerConfigKeys (ConfUtils.java:logGet(43)) - raft.server.snapshot.auto.trigger.threshold = 10000 (custom)
2019-10-17 07:09:28,945 [pool-580-thread-1] INFO  server.RaftServerConfigKeys (ConfUtils.java:logGet(43)) - raft.server.snapshot.retention.file.num = 5 (custom)
2019-10-17 07:09:28,945 [pool-580-thread-1] INFO  server.RaftServerConfigKeys (ConfUtils.java:logGet(43)) - raft.server.retrycache.expirytime = 600000ms (custom)
2019-10-17 07:09:28,946 [c1b4af2d-3b05-4006-acca-753ed6d10b59@group-CCBDF8030C7B-LeaderElection1080] INFO  impl.RoleInfo (RoleInfo.java:updateAndGet(143)) - c1b4af2d-3b05-4006-acca-753ed6d10b59: start LeaderState
2019-10-17 07:09:28,946 [c1b4af2d-3b05-4006-acca-753ed6d10b59@group-CCBDF8030C7B-LeaderElection1080] INFO  segmented.SegmentedRaftLogWorker (SegmentedRaftLogWorker.java:startLogSegment(385)) - c1b4af2d-3b05-4006-acca-753ed6d10b59@group-CCBDF8030C7B-SegmentedRaftLogWorker: Starting segment from index:0
2019-10-17 07:09:28,946 [c1b4af2d-3b05-4006-acca-753ed6d10b59@group-CCBDF8030C7B-LeaderElection1080] INFO  impl.RaftServerImpl (ServerState.java:setRaftConf(357)) - c1b4af2d-3b05-4006-acca-753ed6d10b59@group-CCBDF8030C7B: set configuration 0: [c1b4af2d-3b05-4006-acca-753ed6d10b59:192.168.157.211:37018], old=null at 0
2019-10-17 07:09:28,948 [pool-580-thread-1] INFO  impl.RaftServerImpl (RaftServerImpl.java:start(195)) - a5219191-1681-4090-972d-a7550c5191e1@group-6E83C2681F4B: start as a follower, conf=-1: [a5219191-1681-4090-972d-a7550c5191e1:192.168.157.211:32908], old=null
2019-10-17 07:09:28,948 [pool-580-thread-1] INFO  impl.RaftServerImpl (RaftServerImpl.java:setRole(184)) - a5219191-1681-4090-972d-a7550c5191e1@group-6E83C2681F4B: changes role from      null to FOLLOWER at term 0 for startAsFollower
2019-10-17 07:09:28,948 [pool-580-thread-1] INFO  impl.RoleInfo (RoleInfo.java:updateAndGet(143)) - a5219191-1681-4090-972d-a7550c5191e1: start FollowerState
2019-10-17 07:09:28,948 [pool-580-thread-1] INFO  util.JmxRegister (JmxRegister.java:tryRegister(44)) - Successfully registered JMX Bean with object name Ratis:service=RaftServer,group=group-6E83C2681F4B,id=a5219191-1681-4090-972d-a7550c5191e1
2019-10-17 07:09:28,952 [RatisPipelineUtilsThread] INFO  pipeline.PipelineStateManager (PipelineStateManager.java:addPipeline(56)) - Created pipeline Pipeline[ Id: 478057ad-ae51-4524-a501-6e83c2681f4b, Nodes: a5219191-1681-4090-972d-a7550c5191e1{ip: 192.168.157.211, host: pr-hdds-2286-nkqct-1837310268, networkLocation: /rack1, certSerialId: null}, Type:RATIS, Factor:ONE, State:OPEN]
2019-10-17 07:09:28,973 [grpc-default-executor-8] INFO  impl.RaftServerProxy (RaftServerProxy.java:addNew(89)) - c8a9c3c2-a9d1-4984-920c-603cda31e4c5: addNew group-3336D312B635:[c8a9c3c2-a9d1-4984-920c-603cda31e4c5:192.168.157.211:36906] returns group-3336D312B635:java.util.concurrent.CompletableFuture@34dd3698[Not completed]
2019-10-17 07:09:28,974 [pool-590-thread-1] INFO  impl.RaftServerImpl (RaftServerImpl.java:<init>(104)) - c8a9c3c2-a9d1-4984-920c-603cda31e4c5: new RaftServerImpl for group-3336D312B635:[c8a9c3c2-a9d1-4984-920c-603cda31e4c5:192.168.157.211:36906] with ContainerStateMachine:uninitialized
2019-10-17 07:09:28,974 [pool-590-thread-1] INFO  server.RaftServerConfigKeys (ConfUtils.java:logGet(43)) - raft.server.rpc.timeout.min = 1s (custom)
2019-10-17 07:09:28,974 [pool-590-thread-1] INFO  server.RaftServerConfigKeys (ConfUtils.java:logGet(43)) - raft.server.rpc.timeout.max = 1200ms (custom)
2019-10-17 07:09:28,974 [pool-590-thread-1] INFO  server.RaftServerConfigKeys (ConfUtils.java:logGet(43)) - raft.server.rpcslowness.timeout = 120s (custom)
2019-10-17 07:09:28,974 [pool-590-thread-1] INFO  server.RaftServerConfigKeys (ConfUtils.java:logGet(43)) - raft.server.sleep.deviation.threshold = 300 (default)
2019-10-17 07:09:28,974 [pool-590-thread-1] INFO  server.RaftServerConfigKeys (ConfUtils.java:logGet(43)) - raft.server.log.appender.install.snapshot.enabled = false (custom)
2019-10-17 07:09:28,974 [pool-590-thread-1] INFO  impl.RaftServerImpl (ServerState.java:<init>(103)) - c8a9c3c2-a9d1-4984-920c-603cda31e4c5@group-3336D312B635: ConfigurationManager, init=-1: [c8a9c3c2-a9d1-4984-920c-603cda31e4c5:192.168.157.211:36906], old=null, confs=<EMPTY_MAP>
2019-10-17 07:09:28,974 [pool-590-thread-1] INFO  server.RaftServerConfigKeys (ConfUtils.java:logGet(43)) - raft.server.storage.dir = [/workdir/hadoop-ozone/integration-test/target/test-dir/MiniOzoneClusterImpl-e7c0418f-15c1-471d-99db-59e1afe04953/datanode-8/data/ratis] (custom)
2019-10-17 07:09:28,975 [pool-590-thread-1] INFO  server.RaftServerConfigKeys (ConfUtils.java:logGet(43)) - raft.server.log.corruption.policy = EXCEPTION (default)
2019-10-17 07:09:28,975 [pool-590-thread-1] INFO  storage.RaftStorageDirectory (RaftStorageDirectory.java:analyzeStorage(246)) - The storage directory /workdir/hadoop-ozone/integration-test/target/test-dir/MiniOzoneClusterImpl-e7c0418f-15c1-471d-99db-59e1afe04953/datanode-8/data/ratis/0ce2776a-7623-411b-8f2c-3336d312b635 does not exist. Creating ...
2019-10-17 07:09:28,986 [pool-590-thread-1] INFO  storage.RaftStorageDirectory (RaftStorageDirectory.java:tryLock(328)) - Lock on /workdir/hadoop-ozone/integration-test/target/test-dir/MiniOzoneClusterImpl-e7c0418f-15c1-471d-99db-59e1afe04953/datanode-8/data/ratis/0ce2776a-7623-411b-8f2c-3336d312b635/in_use.lock acquired by nodename 17775@pr-hdds-2286-nkqct-1837310268
2019-10-17 07:09:28,986 [c1b4af2d-3b05-4006-acca-753ed6d10b59@group-CCBDF8030C7B-SegmentedRaftLogWorker] INFO  segmented.SegmentedRaftLogWorker (SegmentedRaftLogWorker.java:execute(576)) - c1b4af2d-3b05-4006-acca-753ed6d10b59@group-CCBDF8030C7B-SegmentedRaftLogWorker: created new log segment /workdir/hadoop-ozone/integration-test/target/test-dir/MiniOzoneClusterImpl-e7c0418f-15c1-471d-99db-59e1afe04953/datanode-6/data/ratis/0c8ea9fd-9f22-4665-adde-ccbdf8030c7b/current/log_inprogress_0
2019-10-17 07:09:28,988 [pool-590-thread-1] INFO  storage.RaftStorage (RaftStorage.java:format(84)) - Storage directory /workdir/hadoop-ozone/integration-test/target/test-dir/MiniOzoneClusterImpl-e7c0418f-15c1-471d-99db-59e1afe04953/datanode-8/data/ratis/0ce2776a-7623-411b-8f2c-3336d312b635 has been successfully formatted.
2019-10-17 07:09:28,988 [pool-590-thread-1] INFO  ratis.ContainerStateMachine (ContainerStateMachine.java:loadSnapshot(231)) - group-3336D312B635: The snapshot info is null. Setting the last applied indexto:(t:0, i:~)
2019-10-17 07:09:28,988 [pool-590-thread-1] INFO  server.RaftServerConfigKeys (ConfUtils.java:logGet(43)) - raft.server.notification.no-leader.timeout = 120s (custom)
2019-10-17 07:09:28,988 [pool-590-thread-1] INFO  server.RaftServerConfigKeys (ConfUtils.java:logGet(43)) - raft.server.log.use.memory = false (default)
2019-10-17 07:09:28,988 [pool-590-thread-1] INFO  server.RaftServerConfigKeys (ConfUtils.java:logGet(43)) - raft.server.log.purge.gap = 1000000 (custom)
2019-10-17 07:09:28,989 [pool-590-thread-1] INFO  server.RaftServerConfigKeys (ConfUtils.java:logGet(43)) - raft.server.log.appender.buffer.byte-limit = 33554432 (custom)
2019-10-17 07:09:28,989 [pool-590-thread-1] INFO  server.RaftServerConfigKeys (ConfUtils.java:logGet(43)) - raft.server.log.segment.size.max = 1048576 (custom)
2019-10-17 07:09:28,990 [pool-590-thread-1] INFO  server.RaftServerConfigKeys (ConfUtils.java:logGet(43)) - raft.server.log.segment.cache.num.max = 2 (custom)
2019-10-17 07:09:28,990 [pool-590-thread-1] INFO  segmented.SegmentedRaftLogWorker (SegmentedRaftLogWorker.java:<init>(173)) - new c8a9c3c2-a9d1-4984-920c-603cda31e4c5@group-3336D312B635-SegmentedRaftLogWorker for RaftStorage:Storage Directory /workdir/hadoop-ozone/integration-test/target/test-dir/MiniOzoneClusterImpl-e7c0418f-15c1-471d-99db-59e1afe04953/datanode-8/data/ratis/0ce2776a-7623-411b-8f2c-3336d312b635
2019-10-17 07:09:28,990 [pool-590-thread-1] INFO  server.RaftServerConfigKeys (ConfUtils.java:logGet(43)) - raft.server.log.queue.byte-limit = 2147483647 (custom)
2019-10-17 07:09:28,990 [pool-590-thread-1] INFO  server.RaftServerConfigKeys (ConfUtils.java:logGet(43)) - raft.server.log.queue.element-limit = 1024 (custom)
2019-10-17 07:09:28,990 [pool-590-thread-1] INFO  server.RaftServerConfigKeys (ConfUtils.java:logGet(43)) - raft.server.log.segment.size.max = 1048576 (custom)
2019-10-17 07:09:28,990 [pool-590-thread-1] INFO  server.RaftServerConfigKeys (ConfUtils.java:logGet(43)) - raft.server.log.preallocated.size = 16384 (custom)
2019-10-17 07:09:28,990 [pool-590-thread-1] INFO  server.RaftServerConfigKeys (ConfUtils.java:logGet(43)) - raft.server.log.write.buffer.size = 33554432 (custom)
2019-10-17 07:09:28,990 [pool-590-thread-1] INFO  server.RaftServerConfigKeys (ConfUtils.java:logGet(43)) - raft.server.log.force.sync.num = 128 (default)
2019-10-17 07:09:28,990 [pool-590-thread-1] INFO  server.RaftServerConfigKeys (ConfUtils.java:logGet(43)) - raft.server.log.statemachine.data.sync = true (default)
2019-10-17 07:09:28,990 [pool-590-thread-1] INFO  server.RaftServerConfigKeys (ConfUtils.java:logGet(43)) - raft.server.log.statemachine.data.sync.timeout = 10s (default)
2019-10-17 07:09:28,991 [pool-590-thread-1] INFO  server.RaftServerConfigKeys (ConfUtils.java:logGet(43)) - raft.server.log.statemachine.data.sync.timeout.retry = -1 (default)
2019-10-17 07:09:28,991 [pool-590-thread-1] INFO  server.RaftServerConfigKeys (ConfUtils.java:logGet(43)) - raft.server.log.statemachine.data.caching.enabled = true (custom)
2019-10-17 07:09:28,991 [pool-590-thread-1] INFO  segmented.SegmentedRaftLogWorker (SegmentedRaftLogWorker.java:lambda$new$0(128)) - c8a9c3c2-a9d1-4984-920c-603cda31e4c5@group-3336D312B635-SegmentedRaftLogWorker: flushIndex: setUnconditionally 0 -> -1
2019-10-17 07:09:28,991 [pool-590-thread-1] INFO  server.RaftServerConfigKeys (ConfUtils.java:logGet(43)) - raft.server.snapshot.auto.trigger.enabled = true (custom)
2019-10-17 07:09:28,991 [pool-590-thread-1] INFO  server.RaftServerConfigKeys (ConfUtils.java:logGet(43)) - raft.server.snapshot.auto.trigger.threshold = 10000 (custom)
2019-10-17 07:09:28,991 [pool-590-thread-1] INFO  server.RaftServerConfigKeys (ConfUtils.java:logGet(43)) - raft.server.snapshot.retention.file.num = 5 (custom)
2019-10-17 07:09:28,991 [pool-590-thread-1] INFO  server.RaftServerConfigKeys (ConfUtils.java:logGet(43)) - raft.server.retrycache.expirytime = 600000ms (custom)
2019-10-17 07:09:28,993 [pool-590-thread-1] INFO  impl.RaftServerImpl (RaftServerImpl.java:start(195)) - c8a9c3c2-a9d1-4984-920c-603cda31e4c5@group-3336D312B635: start as a follower, conf=-1: [c8a9c3c2-a9d1-4984-920c-603cda31e4c5:192.168.157.211:36906], old=null
2019-10-17 07:09:28,994 [pool-590-thread-1] INFO  impl.RaftServerImpl (RaftServerImpl.java:setRole(184)) - c8a9c3c2-a9d1-4984-920c-603cda31e4c5@group-3336D312B635: changes role from      null to FOLLOWER at term 0 for startAsFollower
2019-10-17 07:09:28,994 [pool-590-thread-1] INFO  impl.RoleInfo (RoleInfo.java:updateAndGet(143)) - c8a9c3c2-a9d1-4984-920c-603cda31e4c5: start FollowerState
2019-10-17 07:09:28,994 [pool-590-thread-1] INFO  util.JmxRegister (JmxRegister.java:tryRegister(44)) - Successfully registered JMX Bean with object name Ratis:service=RaftServer,group=group-3336D312B635,id=c8a9c3c2-a9d1-4984-920c-603cda31e4c5
2019-10-17 07:09:28,997 [RatisPipelineUtilsThread] INFO  pipeline.PipelineStateManager (PipelineStateManager.java:addPipeline(56)) - Created pipeline Pipeline[ Id: 0ce2776a-7623-411b-8f2c-3336d312b635, Nodes: c8a9c3c2-a9d1-4984-920c-603cda31e4c5{ip: 192.168.157.211, host: pr-hdds-2286-nkqct-1837310268, networkLocation: /rack1, certSerialId: null}, Type:RATIS, Factor:ONE, State:OPEN]
2019-10-17 07:09:29,006 [grpc-default-executor-8] INFO  impl.RaftServerProxy (RaftServerProxy.java:addNew(89)) - 3a8b13b5-9a2a-4d15-b361-dcd1441f2603: addNew group-F639A4AA7A27:[3a8b13b5-9a2a-4d15-b361-dcd1441f2603:192.168.157.211:37213] returns group-F639A4AA7A27:java.util.concurrent.CompletableFuture@6d27fc26[Not completed]
2019-10-17 07:09:29,007 [pool-600-thread-1] INFO  impl.RaftServerImpl (RaftServerImpl.java:<init>(104)) - 3a8b13b5-9a2a-4d15-b361-dcd1441f2603: new RaftServerImpl for group-F639A4AA7A27:[3a8b13b5-9a2a-4d15-b361-dcd1441f2603:192.168.157.211:37213] with ContainerStateMachine:uninitialized
2019-10-17 07:09:29,007 [pool-600-thread-1] INFO  server.RaftServerConfigKeys (ConfUtils.java:logGet(43)) - raft.server.rpc.timeout.min = 1s (custom)
2019-10-17 07:09:29,007 [pool-600-thread-1] INFO  server.RaftServerConfigKeys (ConfUtils.java:logGet(43)) - raft.server.rpc.timeout.max = 1200ms (custom)
2019-10-17 07:09:29,007 [pool-600-thread-1] INFO  server.RaftServerConfigKeys (ConfUtils.java:logGet(43)) - raft.server.rpcslowness.timeout = 120s (custom)
2019-10-17 07:09:29,007 [pool-600-thread-1] INFO  server.RaftServerConfigKeys (ConfUtils.java:logGet(43)) - raft.server.sleep.deviation.threshold = 300 (default)
2019-10-17 07:09:29,007 [pool-600-thread-1] INFO  server.RaftServerConfigKeys (ConfUtils.java:logGet(43)) - raft.server.log.appender.install.snapshot.enabled = false (custom)
2019-10-17 07:09:29,007 [pool-600-thread-1] INFO  impl.RaftServerImpl (ServerState.java:<init>(103)) - 3a8b13b5-9a2a-4d15-b361-dcd1441f2603@group-F639A4AA7A27: ConfigurationManager, init=-1: [3a8b13b5-9a2a-4d15-b361-dcd1441f2603:192.168.157.211:37213], old=null, confs=<EMPTY_MAP>
2019-10-17 07:09:29,008 [pool-600-thread-1] INFO  server.RaftServerConfigKeys (ConfUtils.java:logGet(43)) - raft.server.storage.dir = [/workdir/hadoop-ozone/integration-test/target/test-dir/MiniOzoneClusterImpl-e7c0418f-15c1-471d-99db-59e1afe04953/datanode-9/data/ratis] (custom)
2019-10-17 07:09:29,008 [pool-600-thread-1] INFO  server.RaftServerConfigKeys (ConfUtils.java:logGet(43)) - raft.server.log.corruption.policy = EXCEPTION (default)
2019-10-17 07:09:29,008 [pool-600-thread-1] INFO  storage.RaftStorageDirectory (RaftStorageDirectory.java:analyzeStorage(246)) - The storage directory /workdir/hadoop-ozone/integration-test/target/test-dir/MiniOzoneClusterImpl-e7c0418f-15c1-471d-99db-59e1afe04953/datanode-9/data/ratis/b32ac029-107a-420c-91b2-f639a4aa7a27 does not exist. Creating ...
2019-10-17 07:09:29,040 [pool-600-thread-1] INFO  storage.RaftStorageDirectory (RaftStorageDirectory.java:tryLock(328)) - Lock on /workdir/hadoop-ozone/integration-test/target/test-dir/MiniOzoneClusterImpl-e7c0418f-15c1-471d-99db-59e1afe04953/datanode-9/data/ratis/b32ac029-107a-420c-91b2-f639a4aa7a27/in_use.lock acquired by nodename 17775@pr-hdds-2286-nkqct-1837310268
2019-10-17 07:09:29,042 [Thread-9646] INFO  impl.FollowerState (FollowerState.java:run(108)) - 696df33b-59a0-4145-913f-936aff0d1566@group-2C0FEEE55AE1-FollowerState: change to CANDIDATE, lastRpcTime:100ms, electionTimeout:100ms
2019-10-17 07:09:29,042 [Thread-9646] INFO  impl.RoleInfo (RoleInfo.java:shutdownFollowerState(121)) - 696df33b-59a0-4145-913f-936aff0d1566: shutdown FollowerState
2019-10-17 07:09:29,042 [Thread-9646] INFO  impl.RaftServerImpl (RaftServerImpl.java:setRole(184)) - 696df33b-59a0-4145-913f-936aff0d1566@group-2C0FEEE55AE1: changes role from  FOLLOWER to CANDIDATE at term 5 for changeToCandidate
2019-10-17 07:09:29,042 [Thread-9646] INFO  impl.RoleInfo (RoleInfo.java:updateAndGet(143)) - 696df33b-59a0-4145-913f-936aff0d1566: start LeaderElection
2019-10-17 07:09:29,066 [pool-600-thread-1] INFO  storage.RaftStorage (RaftStorage.java:format(84)) - Storage directory /workdir/hadoop-ozone/integration-test/target/test-dir/MiniOzoneClusterImpl-e7c0418f-15c1-471d-99db-59e1afe04953/datanode-9/data/ratis/b32ac029-107a-420c-91b2-f639a4aa7a27 has been successfully formatted.
2019-10-17 07:09:29,066 [696df33b-59a0-4145-913f-936aff0d1566@group-2C0FEEE55AE1-LeaderElection1081] INFO  impl.LeaderElection (LeaderElection.java:askForVotes(178)) - 696df33b-59a0-4145-913f-936aff0d1566@group-2C0FEEE55AE1-LeaderElection1081: begin an election at term 6 for -1: [f3ee4219-89bb-47f2-bbe0-5f784575b745:192.168.157.211:38722, 805254cc-2da6-48d8-a2f9-c1a3ceceab4a:192.168.157.211:35407, 696df33b-59a0-4145-913f-936aff0d1566:192.168.157.211:38803], old=null
2019-10-17 07:09:29,066 [pool-600-thread-1] INFO  ratis.ContainerStateMachine (ContainerStateMachine.java:loadSnapshot(231)) - group-F639A4AA7A27: The snapshot info is null. Setting the last applied indexto:(t:0, i:~)
2019-10-17 07:09:29,066 [pool-600-thread-1] INFO  server.RaftServerConfigKeys (ConfUtils.java:logGet(43)) - raft.server.notification.no-leader.timeout = 120s (custom)
2019-10-17 07:09:29,066 [pool-600-thread-1] INFO  server.RaftServerConfigKeys (ConfUtils.java:logGet(43)) - raft.server.log.use.memory = false (default)
2019-10-17 07:09:29,066 [pool-600-thread-1] INFO  server.RaftServerConfigKeys (ConfUtils.java:logGet(43)) - raft.server.log.purge.gap = 1000000 (custom)
2019-10-17 07:09:29,066 [pool-600-thread-1] INFO  server.RaftServerConfigKeys (ConfUtils.java:logGet(43)) - raft.server.log.appender.buffer.byte-limit = 33554432 (custom)
2019-10-17 07:09:29,067 [pool-600-thread-1] INFO  server.RaftServerConfigKeys (ConfUtils.java:logGet(43)) - raft.server.log.segment.size.max = 1048576 (custom)
2019-10-17 07:09:29,067 [grpc-default-executor-7] INFO  impl.RaftServerImpl (RaftServerImpl.java:setRole(184)) - 805254cc-2da6-48d8-a2f9-c1a3ceceab4a@group-2C0FEEE55AE1: changes role from  FOLLOWER to FOLLOWER at term 6 for recognizeCandidate:696df33b-59a0-4145-913f-936aff0d1566
2019-10-17 07:09:29,068 [grpc-default-executor-7] INFO  impl.RoleInfo (RoleInfo.java:shutdownFollowerState(121)) - 805254cc-2da6-48d8-a2f9-c1a3ceceab4a: shutdown FollowerState
2019-10-17 07:09:29,067 [grpc-default-executor-8] INFO  impl.RaftServerImpl (RaftServerImpl.java:setRole(184)) - f3ee4219-89bb-47f2-bbe0-5f784575b745@group-2C0FEEE55AE1: changes role from  FOLLOWER to FOLLOWER at term 6 for recognizeCandidate:696df33b-59a0-4145-913f-936aff0d1566
2019-10-17 07:09:29,068 [grpc-default-executor-8] INFO  impl.RoleInfo (RoleInfo.java:shutdownFollowerState(121)) - f3ee4219-89bb-47f2-bbe0-5f784575b745: shutdown FollowerState
2019-10-17 07:09:29,068 [Thread-9642] INFO  impl.FollowerState (FollowerState.java:run(117)) - 805254cc-2da6-48d8-a2f9-c1a3ceceab4a@group-2C0FEEE55AE1-FollowerState was interrupted: java.lang.InterruptedException: sleep interrupted
2019-10-17 07:09:29,068 [Thread-9641] INFO  impl.FollowerState (FollowerState.java:run(117)) - f3ee4219-89bb-47f2-bbe0-5f784575b745@group-2C0FEEE55AE1-FollowerState was interrupted: java.lang.InterruptedException: sleep interrupted
2019-10-17 07:09:29,068 [grpc-default-executor-7] INFO  impl.RoleInfo (RoleInfo.java:updateAndGet(143)) - 805254cc-2da6-48d8-a2f9-c1a3ceceab4a: start FollowerState
2019-10-17 07:09:29,068 [grpc-default-executor-8] INFO  impl.RoleInfo (RoleInfo.java:updateAndGet(143)) - f3ee4219-89bb-47f2-bbe0-5f784575b745: start FollowerState
2019-10-17 07:09:29,068 [pool-600-thread-1] INFO  server.RaftServerConfigKeys (ConfUtils.java:logGet(43)) - raft.server.log.segment.cache.num.max = 2 (custom)
2019-10-17 07:09:29,068 [pool-600-thread-1] INFO  segmented.SegmentedRaftLogWorker (SegmentedRaftLogWorker.java:<init>(173)) - new 3a8b13b5-9a2a-4d15-b361-dcd1441f2603@group-F639A4AA7A27-SegmentedRaftLogWorker for RaftStorage:Storage Directory /workdir/hadoop-ozone/integration-test/target/test-dir/MiniOzoneClusterImpl-e7c0418f-15c1-471d-99db-59e1afe04953/datanode-9/data/ratis/b32ac029-107a-420c-91b2-f639a4aa7a27
2019-10-17 07:09:29,069 [pool-600-thread-1] INFO  server.RaftServerConfigKeys (ConfUtils.java:logGet(43)) - raft.server.log.queue.byte-limit = 2147483647 (custom)
2019-10-17 07:09:29,069 [pool-600-thread-1] INFO  server.RaftServerConfigKeys (ConfUtils.java:logGet(43)) - raft.server.log.queue.element-limit = 1024 (custom)
2019-10-17 07:09:29,069 [pool-600-thread-1] INFO  server.RaftServerConfigKeys (ConfUtils.java:logGet(43)) - raft.server.log.segment.size.max = 1048576 (custom)
2019-10-17 07:09:29,069 [pool-600-thread-1] INFO  server.RaftServerConfigKeys (ConfUtils.java:logGet(43)) - raft.server.log.preallocated.size = 16384 (custom)
2019-10-17 07:09:29,069 [pool-600-thread-1] INFO  server.RaftServerConfigKeys (ConfUtils.java:logGet(43)) - raft.server.log.write.buffer.size = 33554432 (custom)
2019-10-17 07:09:29,069 [pool-600-thread-1] INFO  server.RaftServerConfigKeys (ConfUtils.java:logGet(43)) - raft.server.log.force.sync.num = 128 (default)
2019-10-17 07:09:29,069 [pool-600-thread-1] INFO  server.RaftServerConfigKeys (ConfUtils.java:logGet(43)) - raft.server.log.statemachine.data.sync = true (default)
2019-10-17 07:09:29,069 [pool-600-thread-1] INFO  server.RaftServerConfigKeys (ConfUtils.java:logGet(43)) - raft.server.log.statemachine.data.sync.timeout = 10s (default)
2019-10-17 07:09:29,069 [pool-600-thread-1] INFO  server.RaftServerConfigKeys (ConfUtils.java:logGet(43)) - raft.server.log.statemachine.data.sync.timeout.retry = -1 (default)
2019-10-17 07:09:29,070 [pool-600-thread-1] INFO  server.RaftServerConfigKeys (ConfUtils.java:logGet(43)) - raft.server.log.statemachine.data.caching.enabled = true (custom)
2019-10-17 07:09:29,070 [pool-600-thread-1] INFO  segmented.SegmentedRaftLogWorker (SegmentedRaftLogWorker.java:lambda$new$0(128)) - 3a8b13b5-9a2a-4d15-b361-dcd1441f2603@group-F639A4AA7A27-SegmentedRaftLogWorker: flushIndex: setUnconditionally 0 -> -1
2019-10-17 07:09:29,070 [pool-600-thread-1] INFO  server.RaftServerConfigKeys (ConfUtils.java:logGet(43)) - raft.server.snapshot.auto.trigger.enabled = true (custom)
2019-10-17 07:09:29,070 [pool-600-thread-1] INFO  server.RaftServerConfigKeys (ConfUtils.java:logGet(43)) - raft.server.snapshot.auto.trigger.threshold = 10000 (custom)
2019-10-17 07:09:29,070 [pool-600-thread-1] INFO  server.RaftServerConfigKeys (ConfUtils.java:logGet(43)) - raft.server.snapshot.retention.file.num = 5 (custom)
2019-10-17 07:09:29,070 [pool-600-thread-1] INFO  server.RaftServerConfigKeys (ConfUtils.java:logGet(43)) - raft.server.retrycache.expirytime = 600000ms (custom)
2019-10-17 07:09:29,073 [pool-600-thread-1] INFO  impl.RaftServerImpl (RaftServerImpl.java:start(195)) - 3a8b13b5-9a2a-4d15-b361-dcd1441f2603@group-F639A4AA7A27: start as a follower, conf=-1: [3a8b13b5-9a2a-4d15-b361-dcd1441f2603:192.168.157.211:37213], old=null
2019-10-17 07:09:29,073 [pool-600-thread-1] INFO  impl.RaftServerImpl (RaftServerImpl.java:setRole(184)) - 3a8b13b5-9a2a-4d15-b361-dcd1441f2603@group-F639A4AA7A27: changes role from      null to FOLLOWER at term 0 for startAsFollower
2019-10-17 07:09:29,073 [pool-600-thread-1] INFO  impl.RoleInfo (RoleInfo.java:updateAndGet(143)) - 3a8b13b5-9a2a-4d15-b361-dcd1441f2603: start FollowerState
2019-10-17 07:09:29,073 [pool-600-thread-1] INFO  util.JmxRegister (JmxRegister.java:tryRegister(44)) - Successfully registered JMX Bean with object name Ratis:service=RaftServer,group=group-F639A4AA7A27,id=3a8b13b5-9a2a-4d15-b361-dcd1441f2603
2019-10-17 07:09:29,076 [RatisPipelineUtilsThread] INFO  pipeline.PipelineStateManager (PipelineStateManager.java:addPipeline(56)) - Created pipeline Pipeline[ Id: b32ac029-107a-420c-91b2-f639a4aa7a27, Nodes: 3a8b13b5-9a2a-4d15-b361-dcd1441f2603{ip: 192.168.157.211, host: pr-hdds-2286-nkqct-1837310268, networkLocation: /rack1, certSerialId: null}, Type:RATIS, Factor:ONE, State:OPEN]
2019-10-17 07:09:29,095 [696df33b-59a0-4145-913f-936aff0d1566@group-2C0FEEE55AE1-LeaderElection1081] INFO  impl.LeaderElection (LeaderElection.java:logAndReturn(56)) - 696df33b-59a0-4145-913f-936aff0d1566@group-2C0FEEE55AE1-LeaderElection1081: Election TIMEOUT; received 0 response(s) [] and 0 exception(s); 696df33b-59a0-4145-913f-936aff0d1566@group-2C0FEEE55AE1:t6, leader=null, voted=696df33b-59a0-4145-913f-936aff0d1566, raftlog=696df33b-59a0-4145-913f-936aff0d1566@group-2C0FEEE55AE1-SegmentedRaftLog:OPENED:c-1,f-1,i0, conf=-1: [f3ee4219-89bb-47f2-bbe0-5f784575b745:192.168.157.211:38722, 805254cc-2da6-48d8-a2f9-c1a3ceceab4a:192.168.157.211:35407, 696df33b-59a0-4145-913f-936aff0d1566:192.168.157.211:38803], old=null
2019-10-17 07:09:29,104 [grpc-default-executor-2] INFO  impl.RaftServerProxy (RaftServerProxy.java:addNew(89)) - c1b4af2d-3b05-4006-acca-753ed6d10b59: addNew group-92C9EDB41AD5:[c8a9c3c2-a9d1-4984-920c-603cda31e4c5:192.168.157.211:36906, a5219191-1681-4090-972d-a7550c5191e1:192.168.157.211:32908, c1b4af2d-3b05-4006-acca-753ed6d10b59:192.168.157.211:37018] returns group-92C9EDB41AD5:java.util.concurrent.CompletableFuture@38127ff0[Not completed]
2019-10-17 07:09:29,105 [grpc-default-executor-7] INFO  impl.RaftServerProxy (RaftServerProxy.java:addNew(89)) - c8a9c3c2-a9d1-4984-920c-603cda31e4c5: addNew group-92C9EDB41AD5:[c8a9c3c2-a9d1-4984-920c-603cda31e4c5:192.168.157.211:36906, a5219191-1681-4090-972d-a7550c5191e1:192.168.157.211:32908, c1b4af2d-3b05-4006-acca-753ed6d10b59:192.168.157.211:37018] returns group-92C9EDB41AD5:java.util.concurrent.CompletableFuture@5e464e58[Not completed]
2019-10-17 07:09:29,105 [grpc-default-executor-5] INFO  impl.RaftServerProxy (RaftServerProxy.java:addNew(89)) - a5219191-1681-4090-972d-a7550c5191e1: addNew group-92C9EDB41AD5:[c8a9c3c2-a9d1-4984-920c-603cda31e4c5:192.168.157.211:36906, a5219191-1681-4090-972d-a7550c5191e1:192.168.157.211:32908, c1b4af2d-3b05-4006-acca-753ed6d10b59:192.168.157.211:37018] returns group-92C9EDB41AD5:java.util.concurrent.CompletableFuture@1174a4bb[Not completed]
2019-10-17 07:09:29,106 [pool-570-thread-1] INFO  impl.RaftServerImpl (RaftServerImpl.java:<init>(104)) - c1b4af2d-3b05-4006-acca-753ed6d10b59: new RaftServerImpl for group-92C9EDB41AD5:[c8a9c3c2-a9d1-4984-920c-603cda31e4c5:192.168.157.211:36906, a5219191-1681-4090-972d-a7550c5191e1:192.168.157.211:32908, c1b4af2d-3b05-4006-acca-753ed6d10b59:192.168.157.211:37018] with ContainerStateMachine:uninitialized
2019-10-17 07:09:29,106 [pool-570-thread-1] INFO  server.RaftServerConfigKeys (ConfUtils.java:logGet(43)) - raft.server.rpc.timeout.min = 1s (custom)
2019-10-17 07:09:29,106 [pool-570-thread-1] INFO  server.RaftServerConfigKeys (ConfUtils.java:logGet(43)) - raft.server.rpc.timeout.max = 1200ms (custom)
2019-10-17 07:09:29,106 [pool-590-thread-1] INFO  impl.RaftServerImpl (RaftServerImpl.java:<init>(104)) - c8a9c3c2-a9d1-4984-920c-603cda31e4c5: new RaftServerImpl for group-92C9EDB41AD5:[c8a9c3c2-a9d1-4984-920c-603cda31e4c5:192.168.157.211:36906, a5219191-1681-4090-972d-a7550c5191e1:192.168.157.211:32908, c1b4af2d-3b05-4006-acca-753ed6d10b59:192.168.157.211:37018] with ContainerStateMachine:uninitialized
2019-10-17 07:09:29,106 [pool-570-thread-1] INFO  server.RaftServerConfigKeys (ConfUtils.java:logGet(43)) - raft.server.rpcslowness.timeout = 120s (custom)
2019-10-17 07:09:29,106 [pool-590-thread-1] INFO  server.RaftServerConfigKeys (ConfUtils.java:logGet(43)) - raft.server.rpc.timeout.min = 1s (custom)
2019-10-17 07:09:29,106 [pool-570-thread-1] INFO  server.RaftServerConfigKeys (ConfUtils.java:logGet(43)) - raft.server.sleep.deviation.threshold = 300 (default)
2019-10-17 07:09:29,106 [pool-580-thread-1] INFO  impl.RaftServerImpl (RaftServerImpl.java:<init>(104)) - a5219191-1681-4090-972d-a7550c5191e1: new RaftServerImpl for group-92C9EDB41AD5:[c8a9c3c2-a9d1-4984-920c-603cda31e4c5:192.168.157.211:36906, a5219191-1681-4090-972d-a7550c5191e1:192.168.157.211:32908, c1b4af2d-3b05-4006-acca-753ed6d10b59:192.168.157.211:37018] with ContainerStateMachine:uninitialized
2019-10-17 07:09:29,106 [pool-590-thread-1] INFO  server.RaftServerConfigKeys (ConfUtils.java:logGet(43)) - raft.server.rpc.timeout.max = 1200ms (custom)
2019-10-17 07:09:29,107 [pool-580-thread-1] INFO  server.RaftServerConfigKeys (ConfUtils.java:logGet(43)) - raft.server.rpc.timeout.min = 1s (custom)
2019-10-17 07:09:29,107 [pool-570-thread-1] INFO  server.RaftServerConfigKeys (ConfUtils.java:logGet(43)) - raft.server.log.appender.install.snapshot.enabled = false (custom)
2019-10-17 07:09:29,107 [pool-580-thread-1] INFO  server.RaftServerConfigKeys (ConfUtils.java:logGet(43)) - raft.server.rpc.timeout.max = 1200ms (custom)
2019-10-17 07:09:29,107 [pool-590-thread-1] INFO  server.RaftServerConfigKeys (ConfUtils.java:logGet(43)) - raft.server.rpcslowness.timeout = 120s (custom)
2019-10-17 07:09:29,107 [pool-580-thread-1] INFO  server.RaftServerConfigKeys (ConfUtils.java:logGet(43)) - raft.server.rpcslowness.timeout = 120s (custom)
2019-10-17 07:09:29,107 [pool-570-thread-1] INFO  impl.RaftServerImpl (ServerState.java:<init>(103)) - c1b4af2d-3b05-4006-acca-753ed6d10b59@group-92C9EDB41AD5: ConfigurationManager, init=-1: [c8a9c3c2-a9d1-4984-920c-603cda31e4c5:192.168.157.211:36906, a5219191-1681-4090-972d-a7550c5191e1:192.168.157.211:32908, c1b4af2d-3b05-4006-acca-753ed6d10b59:192.168.157.211:37018], old=null, confs=<EMPTY_MAP>
2019-10-17 07:09:29,107 [pool-580-thread-1] INFO  server.RaftServerConfigKeys (ConfUtils.java:logGet(43)) - raft.server.sleep.deviation.threshold = 300 (default)
2019-10-17 07:09:29,107 [pool-590-thread-1] INFO  server.RaftServerConfigKeys (ConfUtils.java:logGet(43)) - raft.server.sleep.deviation.threshold = 300 (default)
2019-10-17 07:09:29,107 [pool-580-thread-1] INFO  server.RaftServerConfigKeys (ConfUtils.java:logGet(43)) - raft.server.log.appender.install.snapshot.enabled = false (custom)
2019-10-17 07:09:29,107 [pool-570-thread-1] INFO  server.RaftServerConfigKeys (ConfUtils.java:logGet(43)) - raft.server.storage.dir = [/workdir/hadoop-ozone/integration-test/target/test-dir/MiniOzoneClusterImpl-e7c0418f-15c1-471d-99db-59e1afe04953/datanode-6/data/ratis] (custom)
2019-10-17 07:09:29,108 [pool-580-thread-1] INFO  impl.RaftServerImpl (ServerState.java:<init>(103)) - a5219191-1681-4090-972d-a7550c5191e1@group-92C9EDB41AD5: ConfigurationManager, init=-1: [c8a9c3c2-a9d1-4984-920c-603cda31e4c5:192.168.157.211:36906, a5219191-1681-4090-972d-a7550c5191e1:192.168.157.211:32908, c1b4af2d-3b05-4006-acca-753ed6d10b59:192.168.157.211:37018], old=null, confs=<EMPTY_MAP>
2019-10-17 07:09:29,108 [pool-590-thread-1] INFO  server.RaftServerConfigKeys (ConfUtils.java:logGet(43)) - raft.server.log.appender.install.snapshot.enabled = false (custom)
2019-10-17 07:09:29,108 [pool-570-thread-1] INFO  server.RaftServerConfigKeys (ConfUtils.java:logGet(43)) - raft.server.log.corruption.policy = EXCEPTION (default)
2019-10-17 07:09:29,108 [pool-580-thread-1] INFO  server.RaftServerConfigKeys (ConfUtils.java:logGet(43)) - raft.server.storage.dir = [/workdir/hadoop-ozone/integration-test/target/test-dir/MiniOzoneClusterImpl-e7c0418f-15c1-471d-99db-59e1afe04953/datanode-7/data/ratis] (custom)
2019-10-17 07:09:29,108 [pool-590-thread-1] INFO  impl.RaftServerImpl (ServerState.java:<init>(103)) - c8a9c3c2-a9d1-4984-920c-603cda31e4c5@group-92C9EDB41AD5: ConfigurationManager, init=-1: [c8a9c3c2-a9d1-4984-920c-603cda31e4c5:192.168.157.211:36906, a5219191-1681-4090-972d-a7550c5191e1:192.168.157.211:32908, c1b4af2d-3b05-4006-acca-753ed6d10b59:192.168.157.211:37018], old=null, confs=<EMPTY_MAP>
2019-10-17 07:09:29,108 [pool-580-thread-1] INFO  server.RaftServerConfigKeys (ConfUtils.java:logGet(43)) - raft.server.log.corruption.policy = EXCEPTION (default)
2019-10-17 07:09:29,108 [pool-570-thread-1] INFO  storage.RaftStorageDirectory (RaftStorageDirectory.java:analyzeStorage(246)) - The storage directory /workdir/hadoop-ozone/integration-test/target/test-dir/MiniOzoneClusterImpl-e7c0418f-15c1-471d-99db-59e1afe04953/datanode-6/data/ratis/823554ad-a054-4945-9d41-92c9edb41ad5 does not exist. Creating ...
2019-10-17 07:09:29,108 [pool-580-thread-1] INFO  storage.RaftStorageDirectory (RaftStorageDirectory.java:analyzeStorage(246)) - The storage directory /workdir/hadoop-ozone/integration-test/target/test-dir/MiniOzoneClusterImpl-e7c0418f-15c1-471d-99db-59e1afe04953/datanode-7/data/ratis/823554ad-a054-4945-9d41-92c9edb41ad5 does not exist. Creating ...
2019-10-17 07:09:29,108 [pool-590-thread-1] INFO  server.RaftServerConfigKeys (ConfUtils.java:logGet(43)) - raft.server.storage.dir = [/workdir/hadoop-ozone/integration-test/target/test-dir/MiniOzoneClusterImpl-e7c0418f-15c1-471d-99db-59e1afe04953/datanode-8/data/ratis] (custom)
2019-10-17 07:09:29,109 [696df33b-59a0-4145-913f-936aff0d1566@group-2C0FEEE55AE1-LeaderElection1081] INFO  impl.LeaderElection (LeaderElection.java:askForVotes(178)) - 696df33b-59a0-4145-913f-936aff0d1566@group-2C0FEEE55AE1-LeaderElection1081: begin an election at term 7 for -1: [f3ee4219-89bb-47f2-bbe0-5f784575b745:192.168.157.211:38722, 805254cc-2da6-48d8-a2f9-c1a3ceceab4a:192.168.157.211:35407, 696df33b-59a0-4145-913f-936aff0d1566:192.168.157.211:38803], old=null
2019-10-17 07:09:29,109 [pool-590-thread-1] INFO  server.RaftServerConfigKeys (ConfUtils.java:logGet(43)) - raft.server.log.corruption.policy = EXCEPTION (default)
2019-10-17 07:09:29,109 [pool-590-thread-1] INFO  storage.RaftStorageDirectory (RaftStorageDirectory.java:analyzeStorage(246)) - The storage directory /workdir/hadoop-ozone/integration-test/target/test-dir/MiniOzoneClusterImpl-e7c0418f-15c1-471d-99db-59e1afe04953/datanode-8/data/ratis/823554ad-a054-4945-9d41-92c9edb41ad5 does not exist. Creating ...
2019-10-17 07:09:29,110 [grpc-default-executor-5] INFO  impl.RaftServerImpl (RaftServerImpl.java:setRole(184)) - f3ee4219-89bb-47f2-bbe0-5f784575b745@group-2C0FEEE55AE1: changes role from  FOLLOWER to FOLLOWER at term 7 for recognizeCandidate:696df33b-59a0-4145-913f-936aff0d1566
2019-10-17 07:09:29,110 [grpc-default-executor-7] INFO  impl.RaftServerImpl (RaftServerImpl.java:setRole(184)) - 805254cc-2da6-48d8-a2f9-c1a3ceceab4a@group-2C0FEEE55AE1: changes role from  FOLLOWER to FOLLOWER at term 7 for recognizeCandidate:696df33b-59a0-4145-913f-936aff0d1566
2019-10-17 07:09:29,110 [grpc-default-executor-7] INFO  impl.RoleInfo (RoleInfo.java:shutdownFollowerState(121)) - 805254cc-2da6-48d8-a2f9-c1a3ceceab4a: shutdown FollowerState
2019-10-17 07:09:29,110 [grpc-default-executor-5] INFO  impl.RoleInfo (RoleInfo.java:shutdownFollowerState(121)) - f3ee4219-89bb-47f2-bbe0-5f784575b745: shutdown FollowerState
2019-10-17 07:09:29,110 [Thread-9657] INFO  impl.FollowerState (FollowerState.java:run(117)) - 805254cc-2da6-48d8-a2f9-c1a3ceceab4a@group-2C0FEEE55AE1-FollowerState was interrupted: java.lang.InterruptedException: sleep interrupted
2019-10-17 07:09:29,110 [Thread-9658] INFO  impl.FollowerState (FollowerState.java:run(117)) - f3ee4219-89bb-47f2-bbe0-5f784575b745@group-2C0FEEE55AE1-FollowerState was interrupted: java.lang.InterruptedException: sleep interrupted
2019-10-17 07:09:29,110 [grpc-default-executor-7] INFO  impl.RoleInfo (RoleInfo.java:updateAndGet(143)) - 805254cc-2da6-48d8-a2f9-c1a3ceceab4a: start FollowerState
2019-10-17 07:09:29,110 [grpc-default-executor-5] INFO  impl.RoleInfo (RoleInfo.java:updateAndGet(143)) - f3ee4219-89bb-47f2-bbe0-5f784575b745: start FollowerState
2019-10-17 07:09:29,122 [pool-580-thread-1] INFO  storage.RaftStorageDirectory (RaftStorageDirectory.java:tryLock(328)) - Lock on /workdir/hadoop-ozone/integration-test/target/test-dir/MiniOzoneClusterImpl-e7c0418f-15c1-471d-99db-59e1afe04953/datanode-7/data/ratis/823554ad-a054-4945-9d41-92c9edb41ad5/in_use.lock acquired by nodename 17775@pr-hdds-2286-nkqct-1837310268
2019-10-17 07:09:29,122 [pool-590-thread-1] INFO  storage.RaftStorageDirectory (RaftStorageDirectory.java:tryLock(328)) - Lock on /workdir/hadoop-ozone/integration-test/target/test-dir/MiniOzoneClusterImpl-e7c0418f-15c1-471d-99db-59e1afe04953/datanode-8/data/ratis/823554ad-a054-4945-9d41-92c9edb41ad5/in_use.lock acquired by nodename 17775@pr-hdds-2286-nkqct-1837310268
2019-10-17 07:09:29,122 [pool-570-thread-1] INFO  storage.RaftStorageDirectory (RaftStorageDirectory.java:tryLock(328)) - Lock on /workdir/hadoop-ozone/integration-test/target/test-dir/MiniOzoneClusterImpl-e7c0418f-15c1-471d-99db-59e1afe04953/datanode-6/data/ratis/823554ad-a054-4945-9d41-92c9edb41ad5/in_use.lock acquired by nodename 17775@pr-hdds-2286-nkqct-1837310268
2019-10-17 07:09:29,122 [696df33b-59a0-4145-913f-936aff0d1566@group-2C0FEEE55AE1-LeaderElection1081] INFO  impl.LeaderElection (LeaderElection.java:logAndReturn(56)) - 696df33b-59a0-4145-913f-936aff0d1566@group-2C0FEEE55AE1-LeaderElection1081: Election REJECTED; received 2 response(s) [696df33b-59a0-4145-913f-936aff0d1566<-f3ee4219-89bb-47f2-bbe0-5f784575b745#0:FAIL-t7, 696df33b-59a0-4145-913f-936aff0d1566<-805254cc-2da6-48d8-a2f9-c1a3ceceab4a#0:FAIL-t7] and 0 exception(s); 696df33b-59a0-4145-913f-936aff0d1566@group-2C0FEEE55AE1:t7, leader=null, voted=696df33b-59a0-4145-913f-936aff0d1566, raftlog=696df33b-59a0-4145-913f-936aff0d1566@group-2C0FEEE55AE1-SegmentedRaftLog:OPENED:c-1,f-1,i0, conf=-1: [f3ee4219-89bb-47f2-bbe0-5f784575b745:192.168.157.211:38722, 805254cc-2da6-48d8-a2f9-c1a3ceceab4a:192.168.157.211:35407, 696df33b-59a0-4145-913f-936aff0d1566:192.168.157.211:38803], old=null
2019-10-17 07:09:29,123 [696df33b-59a0-4145-913f-936aff0d1566@group-2C0FEEE55AE1-LeaderElection1081] INFO  impl.RaftServerImpl (RaftServerImpl.java:setRole(184)) - 696df33b-59a0-4145-913f-936aff0d1566@group-2C0FEEE55AE1: changes role from CANDIDATE to FOLLOWER at term 7 for DISCOVERED_A_NEW_TERM
2019-10-17 07:09:29,123 [696df33b-59a0-4145-913f-936aff0d1566@group-2C0FEEE55AE1-LeaderElection1081] INFO  impl.RoleInfo (RoleInfo.java:shutdownLeaderElection(134)) - 696df33b-59a0-4145-913f-936aff0d1566: shutdown LeaderElection
2019-10-17 07:09:29,123 [696df33b-59a0-4145-913f-936aff0d1566@group-2C0FEEE55AE1-LeaderElection1081] INFO  impl.RoleInfo (RoleInfo.java:updateAndGet(143)) - 696df33b-59a0-4145-913f-936aff0d1566: start FollowerState
2019-10-17 07:09:29,130 [Thread-9666] INFO  impl.FollowerState (FollowerState.java:run(108)) - 696df33b-59a0-4145-913f-936aff0d1566@group-2C0FEEE55AE1-FollowerState: change to CANDIDATE, lastRpcTime:7ms, electionTimeout:7ms
2019-10-17 07:09:29,130 [Thread-9666] INFO  impl.RoleInfo (RoleInfo.java:shutdownFollowerState(121)) - 696df33b-59a0-4145-913f-936aff0d1566: shutdown FollowerState
2019-10-17 07:09:29,130 [Thread-9666] INFO  impl.RaftServerImpl (RaftServerImpl.java:setRole(184)) - 696df33b-59a0-4145-913f-936aff0d1566@group-2C0FEEE55AE1: changes role from  FOLLOWER to CANDIDATE at term 7 for changeToCandidate
2019-10-17 07:09:29,130 [Thread-9666] INFO  impl.RoleInfo (RoleInfo.java:updateAndGet(143)) - 696df33b-59a0-4145-913f-936aff0d1566: start LeaderElection
2019-10-17 07:09:29,133 [Thread-9649] INFO  impl.FollowerState (FollowerState.java:run(108)) - a5219191-1681-4090-972d-a7550c5191e1@group-6E83C2681F4B-FollowerState: change to CANDIDATE, lastRpcTime:185ms, electionTimeout:185ms
2019-10-17 07:09:29,134 [Thread-9649] INFO  impl.RoleInfo (RoleInfo.java:shutdownFollowerState(121)) - a5219191-1681-4090-972d-a7550c5191e1: shutdown FollowerState
2019-10-17 07:09:29,134 [Thread-9649] INFO  impl.RaftServerImpl (RaftServerImpl.java:setRole(184)) - a5219191-1681-4090-972d-a7550c5191e1@group-6E83C2681F4B: changes role from  FOLLOWER to CANDIDATE at term 0 for changeToCandidate
2019-10-17 07:09:29,134 [Thread-9649] INFO  impl.RoleInfo (RoleInfo.java:updateAndGet(143)) - a5219191-1681-4090-972d-a7550c5191e1: start LeaderElection
2019-10-17 07:09:29,137 [pool-590-thread-1] INFO  storage.RaftStorage (RaftStorage.java:format(84)) - Storage directory /workdir/hadoop-ozone/integration-test/target/test-dir/MiniOzoneClusterImpl-e7c0418f-15c1-471d-99db-59e1afe04953/datanode-8/data/ratis/823554ad-a054-4945-9d41-92c9edb41ad5 has been successfully formatted.
2019-10-17 07:09:29,137 [696df33b-59a0-4145-913f-936aff0d1566@group-2C0FEEE55AE1-LeaderElection1082] INFO  impl.LeaderElection (LeaderElection.java:askForVotes(178)) - 696df33b-59a0-4145-913f-936aff0d1566@group-2C0FEEE55AE1-LeaderElection1082: begin an election at term 8 for -1: [f3ee4219-89bb-47f2-bbe0-5f784575b745:192.168.157.211:38722, 805254cc-2da6-48d8-a2f9-c1a3ceceab4a:192.168.157.211:35407, 696df33b-59a0-4145-913f-936aff0d1566:192.168.157.211:38803], old=null
2019-10-17 07:09:29,137 [pool-570-thread-1] INFO  storage.RaftStorage (RaftStorage.java:format(84)) - Storage directory /workdir/hadoop-ozone/integration-test/target/test-dir/MiniOzoneClusterImpl-e7c0418f-15c1-471d-99db-59e1afe04953/datanode-6/data/ratis/823554ad-a054-4945-9d41-92c9edb41ad5 has been successfully formatted.
2019-10-17 07:09:29,137 [pool-590-thread-1] INFO  ratis.ContainerStateMachine (ContainerStateMachine.java:loadSnapshot(231)) - group-92C9EDB41AD5: The snapshot info is null. Setting the last applied indexto:(t:0, i:~)
2019-10-17 07:09:29,138 [pool-570-thread-1] INFO  ratis.ContainerStateMachine (ContainerStateMachine.java:loadSnapshot(231)) - group-92C9EDB41AD5: The snapshot info is null. Setting the last applied indexto:(t:0, i:~)
2019-10-17 07:09:29,137 [pool-580-thread-1] INFO  storage.RaftStorage (RaftStorage.java:format(84)) - Storage directory /workdir/hadoop-ozone/integration-test/target/test-dir/MiniOzoneClusterImpl-e7c0418f-15c1-471d-99db-59e1afe04953/datanode-7/data/ratis/823554ad-a054-4945-9d41-92c9edb41ad5 has been successfully formatted.
2019-10-17 07:09:29,138 [pool-570-thread-1] INFO  server.RaftServerConfigKeys (ConfUtils.java:logGet(43)) - raft.server.notification.no-leader.timeout = 120s (custom)
2019-10-17 07:09:29,138 [pool-570-thread-1] INFO  server.RaftServerConfigKeys (ConfUtils.java:logGet(43)) - raft.server.log.use.memory = false (default)
2019-10-17 07:09:29,138 [pool-590-thread-1] INFO  server.RaftServerConfigKeys (ConfUtils.java:logGet(43)) - raft.server.notification.no-leader.timeout = 120s (custom)
2019-10-17 07:09:29,138 [pool-570-thread-1] INFO  server.RaftServerConfigKeys (ConfUtils.java:logGet(43)) - raft.server.log.purge.gap = 1000000 (custom)
2019-10-17 07:09:29,138 [pool-580-thread-1] INFO  ratis.ContainerStateMachine (ContainerStateMachine.java:loadSnapshot(231)) - group-92C9EDB41AD5: The snapshot info is null. Setting the last applied indexto:(t:0, i:~)
2019-10-17 07:09:29,139 [pool-570-thread-1] INFO  server.RaftServerConfigKeys (ConfUtils.java:logGet(43)) - raft.server.log.appender.buffer.byte-limit = 33554432 (custom)
2019-10-17 07:09:29,138 [grpc-default-executor-7] INFO  impl.RaftServerImpl (RaftServerImpl.java:setRole(184)) - f3ee4219-89bb-47f2-bbe0-5f784575b745@group-2C0FEEE55AE1: changes role from  FOLLOWER to FOLLOWER at term 8 for recognizeCandidate:696df33b-59a0-4145-913f-936aff0d1566
2019-10-17 07:09:29,138 [pool-590-thread-1] INFO  server.RaftServerConfigKeys (ConfUtils.java:logGet(43)) - raft.server.log.use.memory = false (default)
2019-10-17 07:09:29,139 [grpc-default-executor-7] INFO  impl.RoleInfo (RoleInfo.java:shutdownFollowerState(121)) - f3ee4219-89bb-47f2-bbe0-5f784575b745: shutdown FollowerState
2019-10-17 07:09:29,139 [pool-570-thread-1] INFO  server.RaftServerConfigKeys (ConfUtils.java:logGet(43)) - raft.server.log.segment.size.max = 1048576 (custom)
2019-10-17 07:09:29,139 [grpc-default-executor-5] INFO  impl.RaftServerImpl (RaftServerImpl.java:setRole(184)) - 805254cc-2da6-48d8-a2f9-c1a3ceceab4a@group-2C0FEEE55AE1: changes role from  FOLLOWER to FOLLOWER at term 8 for recognizeCandidate:696df33b-59a0-4145-913f-936aff0d1566
2019-10-17 07:09:29,139 [grpc-default-executor-5] INFO  impl.RoleInfo (RoleInfo.java:shutdownFollowerState(121)) - 805254cc-2da6-48d8-a2f9-c1a3ceceab4a: shutdown FollowerState
2019-10-17 07:09:29,139 [pool-580-thread-1] INFO  server.RaftServerConfigKeys (ConfUtils.java:logGet(43)) - raft.server.notification.no-leader.timeout = 120s (custom)
2019-10-17 07:09:29,139 [Thread-9664] INFO  impl.FollowerState (FollowerState.java:run(117)) - 805254cc-2da6-48d8-a2f9-c1a3ceceab4a@group-2C0FEEE55AE1-FollowerState was interrupted: java.lang.InterruptedException: sleep interrupted
2019-10-17 07:09:29,139 [grpc-default-executor-5] INFO  impl.RoleInfo (RoleInfo.java:updateAndGet(143)) - 805254cc-2da6-48d8-a2f9-c1a3ceceab4a: start FollowerState
2019-10-17 07:09:29,139 [pool-570-thread-1] INFO  server.RaftServerConfigKeys (ConfUtils.java:logGet(43)) - raft.server.log.segment.cache.num.max = 2 (custom)
2019-10-17 07:09:29,139 [Thread-9665] INFO  impl.FollowerState (FollowerState.java:run(117)) - f3ee4219-89bb-47f2-bbe0-5f784575b745@group-2C0FEEE55AE1-FollowerState was interrupted: java.lang.InterruptedException: sleep interrupted
2019-10-17 07:09:29,139 [grpc-default-executor-7] INFO  impl.RoleInfo (RoleInfo.java:updateAndGet(143)) - f3ee4219-89bb-47f2-bbe0-5f784575b745: start FollowerState
2019-10-17 07:09:29,139 [pool-590-thread-1] INFO  server.RaftServerConfigKeys (ConfUtils.java:logGet(43)) - raft.server.log.purge.gap = 1000000 (custom)
2019-10-17 07:09:29,140 [pool-570-thread-1] INFO  segmented.SegmentedRaftLogWorker (SegmentedRaftLogWorker.java:<init>(173)) - new c1b4af2d-3b05-4006-acca-753ed6d10b59@group-92C9EDB41AD5-SegmentedRaftLogWorker for RaftStorage:Storage Directory /workdir/hadoop-ozone/integration-test/target/test-dir/MiniOzoneClusterImpl-e7c0418f-15c1-471d-99db-59e1afe04953/datanode-6/data/ratis/823554ad-a054-4945-9d41-92c9edb41ad5
2019-10-17 07:09:29,140 [pool-570-thread-1] INFO  server.RaftServerConfigKeys (ConfUtils.java:logGet(43)) - raft.server.log.queue.byte-limit = 2147483647 (custom)
2019-10-17 07:09:29,140 [pool-580-thread-1] INFO  server.RaftServerConfigKeys (ConfUtils.java:logGet(43)) - raft.server.log.use.memory = false (default)
2019-10-17 07:09:29,141 [pool-570-thread-1] INFO  server.RaftServerConfigKeys (ConfUtils.java:logGet(43)) - raft.server.log.queue.element-limit = 1024 (custom)
2019-10-17 07:09:29,140 [pool-590-thread-1] INFO  server.RaftServerConfigKeys (ConfUtils.java:logGet(43)) - raft.server.log.appender.buffer.byte-limit = 33554432 (custom)
2019-10-17 07:09:29,141 [pool-570-thread-1] INFO  server.RaftServerConfigKeys (ConfUtils.java:logGet(43)) - raft.server.log.segment.size.max = 1048576 (custom)
2019-10-17 07:09:29,141 [pool-580-thread-1] INFO  server.RaftServerConfigKeys (ConfUtils.java:logGet(43)) - raft.server.log.purge.gap = 1000000 (custom)
2019-10-17 07:09:29,141 [pool-570-thread-1] INFO  server.RaftServerConfigKeys (ConfUtils.java:logGet(43)) - raft.server.log.preallocated.size = 16384 (custom)
2019-10-17 07:09:29,141 [pool-590-thread-1] INFO  server.RaftServerConfigKeys (ConfUtils.java:logGet(43)) - raft.server.log.segment.size.max = 1048576 (custom)
2019-10-17 07:09:29,141 [pool-570-thread-1] INFO  server.RaftServerConfigKeys (ConfUtils.java:logGet(43)) - raft.server.log.write.buffer.size = 33554432 (custom)
2019-10-17 07:09:29,141 [pool-570-thread-1] INFO  server.RaftServerConfigKeys (ConfUtils.java:logGet(43)) - raft.server.log.force.sync.num = 128 (default)
2019-10-17 07:09:29,141 [pool-580-thread-1] INFO  server.RaftServerConfigKeys (ConfUtils.java:logGet(43)) - raft.server.log.appender.buffer.byte-limit = 33554432 (custom)
2019-10-17 07:09:29,141 [pool-570-thread-1] INFO  server.RaftServerConfigKeys (ConfUtils.java:logGet(43)) - raft.server.log.statemachine.data.sync = true (default)
2019-10-17 07:09:29,141 [pool-590-thread-1] INFO  server.RaftServerConfigKeys (ConfUtils.java:logGet(43)) - raft.server.log.segment.cache.num.max = 2 (custom)
2019-10-17 07:09:29,142 [pool-570-thread-1] INFO  server.RaftServerConfigKeys (ConfUtils.java:logGet(43)) - raft.server.log.statemachine.data.sync.timeout = 10s (default)
2019-10-17 07:09:29,142 [pool-580-thread-1] INFO  server.RaftServerConfigKeys (ConfUtils.java:logGet(43)) - raft.server.log.segment.size.max = 1048576 (custom)
2019-10-17 07:09:29,142 [pool-570-thread-1] INFO  server.RaftServerConfigKeys (ConfUtils.java:logGet(43)) - raft.server.log.statemachine.data.sync.timeout.retry = -1 (default)
2019-10-17 07:09:29,142 [pool-590-thread-1] INFO  segmented.SegmentedRaftLogWorker (SegmentedRaftLogWorker.java:<init>(173)) - new c8a9c3c2-a9d1-4984-920c-603cda31e4c5@group-92C9EDB41AD5-SegmentedRaftLogWorker for RaftStorage:Storage Directory /workdir/hadoop-ozone/integration-test/target/test-dir/MiniOzoneClusterImpl-e7c0418f-15c1-471d-99db-59e1afe04953/datanode-8/data/ratis/823554ad-a054-4945-9d41-92c9edb41ad5
2019-10-17 07:09:29,142 [pool-570-thread-1] INFO  server.RaftServerConfigKeys (ConfUtils.java:logGet(43)) - raft.server.log.statemachine.data.caching.enabled = true (custom)
2019-10-17 07:09:29,142 [pool-580-thread-1] INFO  server.RaftServerConfigKeys (ConfUtils.java:logGet(43)) - raft.server.log.segment.cache.num.max = 2 (custom)
2019-10-17 07:09:29,142 [pool-590-thread-1] INFO  server.RaftServerConfigKeys (ConfUtils.java:logGet(43)) - raft.server.log.queue.byte-limit = 2147483647 (custom)
2019-10-17 07:09:29,142 [pool-570-thread-1] INFO  segmented.SegmentedRaftLogWorker (SegmentedRaftLogWorker.java:lambda$new$0(128)) - c1b4af2d-3b05-4006-acca-753ed6d10b59@group-92C9EDB41AD5-SegmentedRaftLogWorker: flushIndex: setUnconditionally 0 -> -1
2019-10-17 07:09:29,142 [pool-580-thread-1] INFO  segmented.SegmentedRaftLogWorker (SegmentedRaftLogWorker.java:<init>(173)) - new a5219191-1681-4090-972d-a7550c5191e1@group-92C9EDB41AD5-SegmentedRaftLogWorker for RaftStorage:Storage Directory /workdir/hadoop-ozone/integration-test/target/test-dir/MiniOzoneClusterImpl-e7c0418f-15c1-471d-99db-59e1afe04953/datanode-7/data/ratis/823554ad-a054-4945-9d41-92c9edb41ad5
2019-10-17 07:09:29,142 [pool-590-thread-1] INFO  server.RaftServerConfigKeys (ConfUtils.java:logGet(43)) - raft.server.log.queue.element-limit = 1024 (custom)
2019-10-17 07:09:29,143 [pool-570-thread-1] INFO  server.RaftServerConfigKeys (ConfUtils.java:logGet(43)) - raft.server.snapshot.auto.trigger.enabled = true (custom)
2019-10-17 07:09:29,143 [pool-580-thread-1] INFO  server.RaftServerConfigKeys (ConfUtils.java:logGet(43)) - raft.server.log.queue.byte-limit = 2147483647 (custom)
2019-10-17 07:09:29,143 [pool-570-thread-1] INFO  server.RaftServerConfigKeys (ConfUtils.java:logGet(43)) - raft.server.snapshot.auto.trigger.threshold = 10000 (custom)
2019-10-17 07:09:29,143 [pool-590-thread-1] INFO  server.RaftServerConfigKeys (ConfUtils.java:logGet(43)) - raft.server.log.segment.size.max = 1048576 (custom)
2019-10-17 07:09:29,143 [pool-570-thread-1] INFO  server.RaftServerConfigKeys (ConfUtils.java:logGet(43)) - raft.server.snapshot.retention.file.num = 5 (custom)
2019-10-17 07:09:29,143 [pool-580-thread-1] INFO  server.RaftServerConfigKeys (ConfUtils.java:logGet(43)) - raft.server.log.queue.element-limit = 1024 (custom)
2019-10-17 07:09:29,143 [pool-570-thread-1] INFO  server.RaftServerConfigKeys (ConfUtils.java:logGet(43)) - raft.server.retrycache.expirytime = 600000ms (custom)
2019-10-17 07:09:29,143 [pool-590-thread-1] INFO  server.RaftServerConfigKeys (ConfUtils.java:logGet(43)) - raft.server.log.preallocated.size = 16384 (custom)
2019-10-17 07:09:29,143 [pool-580-thread-1] INFO  server.RaftServerConfigKeys (ConfUtils.java:logGet(43)) - raft.server.log.segment.size.max = 1048576 (custom)
2019-10-17 07:09:29,144 [pool-590-thread-1] INFO  server.RaftServerConfigKeys (ConfUtils.java:logGet(43)) - raft.server.log.write.buffer.size = 33554432 (custom)
2019-10-17 07:09:29,144 [pool-580-thread-1] INFO  server.RaftServerConfigKeys (ConfUtils.java:logGet(43)) - raft.server.log.preallocated.size = 16384 (custom)
2019-10-17 07:09:29,144 [pool-590-thread-1] INFO  server.RaftServerConfigKeys (ConfUtils.java:logGet(43)) - raft.server.log.force.sync.num = 128 (default)
2019-10-17 07:09:29,144 [pool-580-thread-1] INFO  server.RaftServerConfigKeys (ConfUtils.java:logGet(43)) - raft.server.log.write.buffer.size = 33554432 (custom)
2019-10-17 07:09:29,144 [pool-590-thread-1] INFO  server.RaftServerConfigKeys (ConfUtils.java:logGet(43)) - raft.server.log.statemachine.data.sync = true (default)
2019-10-17 07:09:29,144 [pool-580-thread-1] INFO  server.RaftServerConfigKeys (ConfUtils.java:logGet(43)) - raft.server.log.force.sync.num = 128 (default)
2019-10-17 07:09:29,144 [pool-590-thread-1] INFO  server.RaftServerConfigKeys (ConfUtils.java:logGet(43)) - raft.server.log.statemachine.data.sync.timeout = 10s (default)
2019-10-17 07:09:29,144 [pool-580-thread-1] INFO  server.RaftServerConfigKeys (ConfUtils.java:logGet(43)) - raft.server.log.statemachine.data.sync = true (default)
2019-10-17 07:09:29,144 [pool-590-thread-1] INFO  server.RaftServerConfigKeys (ConfUtils.java:logGet(43)) - raft.server.log.statemachine.data.sync.timeout.retry = -1 (default)
2019-10-17 07:09:29,145 [pool-580-thread-1] INFO  server.RaftServerConfigKeys (ConfUtils.java:logGet(43)) - raft.server.log.statemachine.data.sync.timeout = 10s (default)
2019-10-17 07:09:29,145 [pool-590-thread-1] INFO  server.RaftServerConfigKeys (ConfUtils.java:logGet(43)) - raft.server.log.statemachine.data.caching.enabled = true (custom)
2019-10-17 07:09:29,145 [pool-580-thread-1] INFO  server.RaftServerConfigKeys (ConfUtils.java:logGet(43)) - raft.server.log.statemachine.data.sync.timeout.retry = -1 (default)
2019-10-17 07:09:29,145 [pool-590-thread-1] INFO  segmented.SegmentedRaftLogWorker (SegmentedRaftLogWorker.java:lambda$new$0(128)) - c8a9c3c2-a9d1-4984-920c-603cda31e4c5@group-92C9EDB41AD5-SegmentedRaftLogWorker: flushIndex: setUnconditionally 0 -> -1
2019-10-17 07:09:29,145 [pool-580-thread-1] INFO  server.RaftServerConfigKeys (ConfUtils.java:logGet(43)) - raft.server.log.statemachine.data.caching.enabled = true (custom)
2019-10-17 07:09:29,145 [pool-590-thread-1] INFO  server.RaftServerConfigKeys (ConfUtils.java:logGet(43)) - raft.server.snapshot.auto.trigger.enabled = true (custom)
2019-10-17 07:09:29,145 [pool-570-thread-1] INFO  impl.RaftServerImpl (RaftServerImpl.java:start(195)) - c1b4af2d-3b05-4006-acca-753ed6d10b59@group-92C9EDB41AD5: start as a follower, conf=-1: [c8a9c3c2-a9d1-4984-920c-603cda31e4c5:192.168.157.211:36906, a5219191-1681-4090-972d-a7550c5191e1:192.168.157.211:32908, c1b4af2d-3b05-4006-acca-753ed6d10b59:192.168.157.211:37018], old=null
2019-10-17 07:09:29,145 [pool-590-thread-1] INFO  server.RaftServerConfigKeys (ConfUtils.java:logGet(43)) - raft.server.snapshot.auto.trigger.threshold = 10000 (custom)
2019-10-17 07:09:29,145 [pool-570-thread-1] INFO  impl.RaftServerImpl (RaftServerImpl.java:setRole(184)) - c1b4af2d-3b05-4006-acca-753ed6d10b59@group-92C9EDB41AD5: changes role from      null to FOLLOWER at term 0 for startAsFollower
2019-10-17 07:09:29,145 [pool-580-thread-1] INFO  segmented.SegmentedRaftLogWorker (SegmentedRaftLogWorker.java:lambda$new$0(128)) - a5219191-1681-4090-972d-a7550c5191e1@group-92C9EDB41AD5-SegmentedRaftLogWorker: flushIndex: setUnconditionally 0 -> -1
2019-10-17 07:09:29,146 [pool-570-thread-1] INFO  impl.RoleInfo (RoleInfo.java:updateAndGet(143)) - c1b4af2d-3b05-4006-acca-753ed6d10b59: start FollowerState
2019-10-17 07:09:29,145 [pool-590-thread-1] INFO  server.RaftServerConfigKeys (ConfUtils.java:logGet(43)) - raft.server.snapshot.retention.file.num = 5 (custom)
2019-10-17 07:09:29,146 [pool-580-thread-1] INFO  server.RaftServerConfigKeys (ConfUtils.java:logGet(43)) - raft.server.snapshot.auto.trigger.enabled = true (custom)
2019-10-17 07:09:29,146 [pool-590-thread-1] INFO  server.RaftServerConfigKeys (ConfUtils.java:logGet(43)) - raft.server.retrycache.expirytime = 600000ms (custom)
2019-10-17 07:09:29,146 [pool-570-thread-1] INFO  util.JmxRegister (JmxRegister.java:tryRegister(44)) - Successfully registered JMX Bean with object name Ratis:service=RaftServer,group=group-92C9EDB41AD5,id=c1b4af2d-3b05-4006-acca-753ed6d10b59
2019-10-17 07:09:29,146 [pool-580-thread-1] INFO  server.RaftServerConfigKeys (ConfUtils.java:logGet(43)) - raft.server.snapshot.auto.trigger.threshold = 10000 (custom)
2019-10-17 07:09:29,146 [pool-580-thread-1] INFO  server.RaftServerConfigKeys (ConfUtils.java:logGet(43)) - raft.server.snapshot.retention.file.num = 5 (custom)
2019-10-17 07:09:29,146 [pool-580-thread-1] INFO  server.RaftServerConfigKeys (ConfUtils.java:logGet(43)) - raft.server.retrycache.expirytime = 600000ms (custom)
2019-10-17 07:09:29,148 [Thread-9652] INFO  impl.FollowerState (FollowerState.java:run(108)) - c8a9c3c2-a9d1-4984-920c-603cda31e4c5@group-3336D312B635-FollowerState: change to CANDIDATE, lastRpcTime:154ms, electionTimeout:154ms
2019-10-17 07:09:29,148 [Thread-9652] INFO  impl.RoleInfo (RoleInfo.java:shutdownFollowerState(121)) - c8a9c3c2-a9d1-4984-920c-603cda31e4c5: shutdown FollowerState
2019-10-17 07:09:29,148 [Thread-9652] INFO  impl.RaftServerImpl (RaftServerImpl.java:setRole(184)) - c8a9c3c2-a9d1-4984-920c-603cda31e4c5@group-3336D312B635: changes role from  FOLLOWER to CANDIDATE at term 0 for changeToCandidate
2019-10-17 07:09:29,148 [pool-590-thread-1] INFO  impl.RaftServerImpl (RaftServerImpl.java:start(195)) - c8a9c3c2-a9d1-4984-920c-603cda31e4c5@group-92C9EDB41AD5: start as a follower, conf=-1: [c8a9c3c2-a9d1-4984-920c-603cda31e4c5:192.168.157.211:36906, a5219191-1681-4090-972d-a7550c5191e1:192.168.157.211:32908, c1b4af2d-3b05-4006-acca-753ed6d10b59:192.168.157.211:37018], old=null
2019-10-17 07:09:29,148 [Thread-9652] INFO  impl.RoleInfo (RoleInfo.java:updateAndGet(143)) - c8a9c3c2-a9d1-4984-920c-603cda31e4c5: start LeaderElection
2019-10-17 07:09:29,148 [pool-590-thread-1] INFO  impl.RaftServerImpl (RaftServerImpl.java:setRole(184)) - c8a9c3c2-a9d1-4984-920c-603cda31e4c5@group-92C9EDB41AD5: changes role from      null to FOLLOWER at term 0 for startAsFollower
2019-10-17 07:09:29,149 [pool-590-thread-1] INFO  impl.RoleInfo (RoleInfo.java:updateAndGet(143)) - c8a9c3c2-a9d1-4984-920c-603cda31e4c5: start FollowerState
2019-10-17 07:09:29,153 [pool-590-thread-1] INFO  util.JmxRegister (JmxRegister.java:tryRegister(44)) - Successfully registered JMX Bean with object name Ratis:service=RaftServer,group=group-92C9EDB41AD5,id=c8a9c3c2-a9d1-4984-920c-603cda31e4c5
2019-10-17 07:09:29,154 [pool-580-thread-1] INFO  impl.RaftServerImpl (RaftServerImpl.java:start(195)) - a5219191-1681-4090-972d-a7550c5191e1@group-92C9EDB41AD5: start as a follower, conf=-1: [c8a9c3c2-a9d1-4984-920c-603cda31e4c5:192.168.157.211:36906, a5219191-1681-4090-972d-a7550c5191e1:192.168.157.211:32908, c1b4af2d-3b05-4006-acca-753ed6d10b59:192.168.157.211:37018], old=null
2019-10-17 07:09:29,154 [pool-580-thread-1] INFO  impl.RaftServerImpl (RaftServerImpl.java:setRole(184)) - a5219191-1681-4090-972d-a7550c5191e1@group-92C9EDB41AD5: changes role from      null to FOLLOWER at term 0 for startAsFollower
2019-10-17 07:09:29,154 [pool-580-thread-1] INFO  impl.RoleInfo (RoleInfo.java:updateAndGet(143)) - a5219191-1681-4090-972d-a7550c5191e1: start FollowerState
2019-10-17 07:09:29,155 [Thread-9680] INFO  impl.FollowerState (FollowerState.java:run(108)) - a5219191-1681-4090-972d-a7550c5191e1@group-92C9EDB41AD5-FollowerState: change to CANDIDATE, lastRpcTime:0ms, electionTimeout:0ms
2019-10-17 07:09:29,155 [pool-580-thread-1] INFO  util.JmxRegister (JmxRegister.java:tryRegister(44)) - Successfully registered JMX Bean with object name Ratis:service=RaftServer,group=group-92C9EDB41AD5,id=a5219191-1681-4090-972d-a7550c5191e1
2019-10-17 07:09:29,155 [Thread-9680] INFO  impl.RoleInfo (RoleInfo.java:shutdownFollowerState(121)) - a5219191-1681-4090-972d-a7550c5191e1: shutdown FollowerState
2019-10-17 07:09:29,155 [Thread-9680] INFO  impl.RaftServerImpl (RaftServerImpl.java:setRole(184)) - a5219191-1681-4090-972d-a7550c5191e1@group-92C9EDB41AD5: changes role from  FOLLOWER to CANDIDATE at term 0 for changeToCandidate
2019-10-17 07:09:29,155 [Thread-9680] INFO  impl.RoleInfo (RoleInfo.java:updateAndGet(143)) - a5219191-1681-4090-972d-a7550c5191e1: start LeaderElection
2019-10-17 07:09:29,162 [a5219191-1681-4090-972d-a7550c5191e1@group-6E83C2681F4B-LeaderElection1083] INFO  impl.LeaderElection (LeaderElection.java:askForVotes(178)) - a5219191-1681-4090-972d-a7550c5191e1@group-6E83C2681F4B-LeaderElection1083: begin an election at term 1 for -1: [a5219191-1681-4090-972d-a7550c5191e1:192.168.157.211:32908], old=null
2019-10-17 07:09:29,162 [a5219191-1681-4090-972d-a7550c5191e1@group-6E83C2681F4B-LeaderElection1083] INFO  impl.RoleInfo (RoleInfo.java:shutdownLeaderElection(134)) - a5219191-1681-4090-972d-a7550c5191e1: shutdown LeaderElection
2019-10-17 07:09:29,162 [a5219191-1681-4090-972d-a7550c5191e1@group-6E83C2681F4B-LeaderElection1083] INFO  impl.RaftServerImpl (RaftServerImpl.java:setRole(184)) - a5219191-1681-4090-972d-a7550c5191e1@group-6E83C2681F4B: changes role from CANDIDATE to LEADER at term 1 for changeToLeader
2019-10-17 07:09:29,162 [696df33b-59a0-4145-913f-936aff0d1566@group-2C0FEEE55AE1-LeaderElection1082] INFO  impl.LeaderElection (LeaderElection.java:logAndReturn(56)) - 696df33b-59a0-4145-913f-936aff0d1566@group-2C0FEEE55AE1-LeaderElection1082: Election REJECTED; received 2 response(s) [696df33b-59a0-4145-913f-936aff0d1566<-f3ee4219-89bb-47f2-bbe0-5f784575b745#0:FAIL-t8, 696df33b-59a0-4145-913f-936aff0d1566<-805254cc-2da6-48d8-a2f9-c1a3ceceab4a#0:FAIL-t8] and 0 exception(s); 696df33b-59a0-4145-913f-936aff0d1566@group-2C0FEEE55AE1:t8, leader=null, voted=696df33b-59a0-4145-913f-936aff0d1566, raftlog=696df33b-59a0-4145-913f-936aff0d1566@group-2C0FEEE55AE1-SegmentedRaftLog:OPENED:c-1,f-1,i0, conf=-1: [f3ee4219-89bb-47f2-bbe0-5f784575b745:192.168.157.211:38722, 805254cc-2da6-48d8-a2f9-c1a3ceceab4a:192.168.157.211:35407, 696df33b-59a0-4145-913f-936aff0d1566:192.168.157.211:38803], old=null
2019-10-17 07:09:29,162 [a5219191-1681-4090-972d-a7550c5191e1@group-6E83C2681F4B-LeaderElection1083] INFO  impl.RaftServerImpl (ServerState.java:setLeader(256)) - a5219191-1681-4090-972d-a7550c5191e1@group-6E83C2681F4B: change Leader from null to a5219191-1681-4090-972d-a7550c5191e1 at term 1 for becomeLeader, leader elected after 221ms
2019-10-17 07:09:29,162 [RatisPipelineUtilsThread] INFO  pipeline.PipelineStateManager (PipelineStateManager.java:addPipeline(56)) - Created pipeline Pipeline[ Id: 823554ad-a054-4945-9d41-92c9edb41ad5, Nodes: c1b4af2d-3b05-4006-acca-753ed6d10b59{ip: 192.168.157.211, host: pr-hdds-2286-nkqct-1837310268, networkLocation: /rack1, certSerialId: null}a5219191-1681-4090-972d-a7550c5191e1{ip: 192.168.157.211, host: pr-hdds-2286-nkqct-1837310268, networkLocation: /rack1, certSerialId: null}c8a9c3c2-a9d1-4984-920c-603cda31e4c5{ip: 192.168.157.211, host: pr-hdds-2286-nkqct-1837310268, networkLocation: /rack1, certSerialId: null}, Type:RATIS, Factor:THREE, State:OPEN]
2019-10-17 07:09:29,162 [a5219191-1681-4090-972d-a7550c5191e1@group-6E83C2681F4B-LeaderElection1083] INFO  server.RaftServerConfigKeys (ConfUtils.java:logGet(43)) - raft.server.staging.catchup.gap = 1000 (default)
2019-10-17 07:09:29,162 [a5219191-1681-4090-972d-a7550c5191e1@group-6E83C2681F4B-LeaderElection1083] INFO  server.RaftServerConfigKeys (ConfUtils.java:logGet(43)) - raft.server.rpc.sleep.time = 25ms (default)
2019-10-17 07:09:29,162 [696df33b-59a0-4145-913f-936aff0d1566@group-2C0FEEE55AE1-LeaderElection1082] INFO  impl.RaftServerImpl (RaftServerImpl.java:setRole(184)) - 696df33b-59a0-4145-913f-936aff0d1566@group-2C0FEEE55AE1: changes role from CANDIDATE to FOLLOWER at term 8 for DISCOVERED_A_NEW_TERM
2019-10-17 07:09:29,163 [a5219191-1681-4090-972d-a7550c5191e1@group-6E83C2681F4B-LeaderElection1083] INFO  server.RaftServerConfigKeys (ConfUtils.java:logGet(43)) - raft.server.write.element-limit = 4096 (default)
2019-10-17 07:09:29,163 [696df33b-59a0-4145-913f-936aff0d1566@group-2C0FEEE55AE1-LeaderElection1082] INFO  impl.RoleInfo (RoleInfo.java:shutdownLeaderElection(134)) - 696df33b-59a0-4145-913f-936aff0d1566: shutdown LeaderElection
2019-10-17 07:09:29,165 [a5219191-1681-4090-972d-a7550c5191e1@group-6E83C2681F4B-LeaderElection1083] INFO  server.RaftServerConfigKeys (ConfUtils.java:logGet(43)) - raft.server.watch.timeout = 10s (default)
2019-10-17 07:09:29,165 [696df33b-59a0-4145-913f-936aff0d1566@group-2C0FEEE55AE1-LeaderElection1082] INFO  impl.RoleInfo (RoleInfo.java:updateAndGet(143)) - 696df33b-59a0-4145-913f-936aff0d1566: start FollowerState
2019-10-17 07:09:29,165 [a5219191-1681-4090-972d-a7550c5191e1@group-6E83C2681F4B-LeaderElection1083] INFO  server.RaftServerConfigKeys (ConfUtils.java:logGet(43)) - raft.server.watch.timeout.denomination = 1s (default)
2019-10-17 07:09:29,165 [a5219191-1681-4090-972d-a7550c5191e1@group-6E83C2681F4B-LeaderElection1083] INFO  server.RaftServerConfigKeys (ConfUtils.java:logGet(43)) - raft.server.watch.element-limit = 65536 (default)
2019-10-17 07:09:29,166 [a5219191-1681-4090-972d-a7550c5191e1@group-6E83C2681F4B-LeaderElection1083] INFO  impl.RoleInfo (RoleInfo.java:updateAndGet(143)) - a5219191-1681-4090-972d-a7550c5191e1: start LeaderState
2019-10-17 07:09:29,167 [a5219191-1681-4090-972d-a7550c5191e1@group-6E83C2681F4B-LeaderElection1083] INFO  segmented.SegmentedRaftLogWorker (SegmentedRaftLogWorker.java:startLogSegment(385)) - a5219191-1681-4090-972d-a7550c5191e1@group-6E83C2681F4B-SegmentedRaftLogWorker: Starting segment from index:0
2019-10-17 07:09:29,167 [a5219191-1681-4090-972d-a7550c5191e1@group-6E83C2681F4B-LeaderElection1083] INFO  impl.RaftServerImpl (ServerState.java:setRaftConf(357)) - a5219191-1681-4090-972d-a7550c5191e1@group-6E83C2681F4B: set configuration 0: [a5219191-1681-4090-972d-a7550c5191e1:192.168.157.211:32908], old=null at 0
2019-10-17 07:09:29,170 [Thread-9685] INFO  impl.FollowerState (FollowerState.java:run(108)) - 696df33b-59a0-4145-913f-936aff0d1566@group-2C0FEEE55AE1-FollowerState: change to CANDIDATE, lastRpcTime:5ms, electionTimeout:5ms
2019-10-17 07:09:29,171 [Thread-9685] INFO  impl.RoleInfo (RoleInfo.java:shutdownFollowerState(121)) - 696df33b-59a0-4145-913f-936aff0d1566: shutdown FollowerState
2019-10-17 07:09:29,171 [Thread-9685] INFO  impl.RaftServerImpl (RaftServerImpl.java:setRole(184)) - 696df33b-59a0-4145-913f-936aff0d1566@group-2C0FEEE55AE1: changes role from  FOLLOWER to CANDIDATE at term 8 for changeToCandidate
2019-10-17 07:09:29,171 [Thread-9685] INFO  impl.RoleInfo (RoleInfo.java:updateAndGet(143)) - 696df33b-59a0-4145-913f-936aff0d1566: start LeaderElection
2019-10-17 07:09:29,172 [Thread-9674] INFO  impl.FollowerState (FollowerState.java:run(108)) - c1b4af2d-3b05-4006-acca-753ed6d10b59@group-92C9EDB41AD5-FollowerState: change to CANDIDATE, lastRpcTime:26ms, electionTimeout:26ms
2019-10-17 07:09:29,172 [Thread-9674] INFO  impl.RoleInfo (RoleInfo.java:shutdownFollowerState(121)) - c1b4af2d-3b05-4006-acca-753ed6d10b59: shutdown FollowerState
2019-10-17 07:09:29,172 [Thread-9674] INFO  impl.RaftServerImpl (RaftServerImpl.java:setRole(184)) - c1b4af2d-3b05-4006-acca-753ed6d10b59@group-92C9EDB41AD5: changes role from  FOLLOWER to CANDIDATE at term 0 for changeToCandidate
2019-10-17 07:09:29,172 [Thread-9674] INFO  impl.RoleInfo (RoleInfo.java:updateAndGet(143)) - c1b4af2d-3b05-4006-acca-753ed6d10b59: start LeaderElection
2019-10-17 07:09:29,177 [c8a9c3c2-a9d1-4984-920c-603cda31e4c5@group-3336D312B635-LeaderElection1084] INFO  impl.LeaderElection (LeaderElection.java:askForVotes(178)) - c8a9c3c2-a9d1-4984-920c-603cda31e4c5@group-3336D312B635-LeaderElection1084: begin an election at term 1 for -1: [c8a9c3c2-a9d1-4984-920c-603cda31e4c5:192.168.157.211:36906], old=null
2019-10-17 07:09:29,177 [a5219191-1681-4090-972d-a7550c5191e1@group-92C9EDB41AD5-LeaderElection1085] INFO  impl.LeaderElection (LeaderElection.java:askForVotes(178)) - a5219191-1681-4090-972d-a7550c5191e1@group-92C9EDB41AD5-LeaderElection1085: begin an election at term 1 for -1: [c8a9c3c2-a9d1-4984-920c-603cda31e4c5:192.168.157.211:36906, a5219191-1681-4090-972d-a7550c5191e1:192.168.157.211:32908, c1b4af2d-3b05-4006-acca-753ed6d10b59:192.168.157.211:37018], old=null
2019-10-17 07:09:29,177 [c8a9c3c2-a9d1-4984-920c-603cda31e4c5@group-3336D312B635-LeaderElection1084] INFO  impl.RoleInfo (RoleInfo.java:shutdownLeaderElection(134)) - c8a9c3c2-a9d1-4984-920c-603cda31e4c5: shutdown LeaderElection
2019-10-17 07:09:29,177 [c8a9c3c2-a9d1-4984-920c-603cda31e4c5@group-3336D312B635-LeaderElection1084] INFO  impl.RaftServerImpl (RaftServerImpl.java:setRole(184)) - c8a9c3c2-a9d1-4984-920c-603cda31e4c5@group-3336D312B635: changes role from CANDIDATE to LEADER at term 1 for changeToLeader
2019-10-17 07:09:29,177 [c8a9c3c2-a9d1-4984-920c-603cda31e4c5@group-3336D312B635-LeaderElection1084] INFO  impl.RaftServerImpl (ServerState.java:setLeader(256)) - c8a9c3c2-a9d1-4984-920c-603cda31e4c5@group-3336D312B635: change Leader from null to c8a9c3c2-a9d1-4984-920c-603cda31e4c5 at term 1 for becomeLeader, leader elected after 189ms
2019-10-17 07:09:29,177 [c8a9c3c2-a9d1-4984-920c-603cda31e4c5@group-3336D312B635-LeaderElection1084] INFO  server.RaftServerConfigKeys (ConfUtils.java:logGet(43)) - raft.server.staging.catchup.gap = 1000 (default)
2019-10-17 07:09:29,177 [c8a9c3c2-a9d1-4984-920c-603cda31e4c5@group-3336D312B635-LeaderElection1084] INFO  server.RaftServerConfigKeys (ConfUtils.java:logGet(43)) - raft.server.rpc.sleep.time = 25ms (default)
2019-10-17 07:09:29,178 [c8a9c3c2-a9d1-4984-920c-603cda31e4c5@group-3336D312B635-LeaderElection1084] INFO  server.RaftServerConfigKeys (ConfUtils.java:logGet(43)) - raft.server.write.element-limit = 4096 (default)
2019-10-17 07:09:29,178 [c8a9c3c2-a9d1-4984-920c-603cda31e4c5@group-3336D312B635-LeaderElection1084] INFO  server.RaftServerConfigKeys (ConfUtils.java:logGet(43)) - raft.server.watch.timeout = 10s (default)
2019-10-17 07:09:29,178 [c8a9c3c2-a9d1-4984-920c-603cda31e4c5@group-3336D312B635-LeaderElection1084] INFO  server.RaftServerConfigKeys (ConfUtils.java:logGet(43)) - raft.server.watch.timeout.denomination = 1s (default)
2019-10-17 07:09:29,178 [c8a9c3c2-a9d1-4984-920c-603cda31e4c5@group-3336D312B635-LeaderElection1084] INFO  server.RaftServerConfigKeys (ConfUtils.java:logGet(43)) - raft.server.watch.element-limit = 65536 (default)
2019-10-17 07:09:29,179 [c8a9c3c2-a9d1-4984-920c-603cda31e4c5@group-3336D312B635-LeaderElection1084] INFO  impl.RoleInfo (RoleInfo.java:updateAndGet(143)) - c8a9c3c2-a9d1-4984-920c-603cda31e4c5: start LeaderState
2019-10-17 07:09:29,179 [c8a9c3c2-a9d1-4984-920c-603cda31e4c5@group-3336D312B635-LeaderElection1084] INFO  segmented.SegmentedRaftLogWorker (SegmentedRaftLogWorker.java:startLogSegment(385)) - c8a9c3c2-a9d1-4984-920c-603cda31e4c5@group-3336D312B635-SegmentedRaftLogWorker: Starting segment from index:0
2019-10-17 07:09:29,179 [c8a9c3c2-a9d1-4984-920c-603cda31e4c5@group-3336D312B635-LeaderElection1084] INFO  impl.RaftServerImpl (ServerState.java:setRaftConf(357)) - c8a9c3c2-a9d1-4984-920c-603cda31e4c5@group-3336D312B635: set configuration 0: [c8a9c3c2-a9d1-4984-920c-603cda31e4c5:192.168.157.211:36906], old=null at 0
2019-10-17 07:09:29,209 [grpc-default-executor-5] INFO  impl.RaftServerImpl (RaftServerImpl.java:setRole(184)) - c8a9c3c2-a9d1-4984-920c-603cda31e4c5@group-92C9EDB41AD5: changes role from  FOLLOWER to FOLLOWER at term 1 for recognizeCandidate:a5219191-1681-4090-972d-a7550c5191e1
2019-10-17 07:09:29,209 [Thread-9660] INFO  impl.FollowerState (FollowerState.java:run(108)) - 3a8b13b5-9a2a-4d15-b361-dcd1441f2603@group-F639A4AA7A27-FollowerState: change to CANDIDATE, lastRpcTime:136ms, electionTimeout:123ms
2019-10-17 07:09:29,209 [grpc-default-executor-5] INFO  impl.RoleInfo (RoleInfo.java:shutdownFollowerState(121)) - c8a9c3c2-a9d1-4984-920c-603cda31e4c5: shutdown FollowerState
2019-10-17 07:09:29,209 [c1b4af2d-3b05-4006-acca-753ed6d10b59@group-92C9EDB41AD5-LeaderElection1087] INFO  impl.LeaderElection (LeaderElection.java:askForVotes(178)) - c1b4af2d-3b05-4006-acca-753ed6d10b59@group-92C9EDB41AD5-LeaderElection1087: begin an election at term 1 for -1: [c8a9c3c2-a9d1-4984-920c-603cda31e4c5:192.168.157.211:36906, a5219191-1681-4090-972d-a7550c5191e1:192.168.157.211:32908, c1b4af2d-3b05-4006-acca-753ed6d10b59:192.168.157.211:37018], old=null
2019-10-17 07:09:29,209 [696df33b-59a0-4145-913f-936aff0d1566@group-2C0FEEE55AE1-LeaderElection1086] INFO  impl.LeaderElection (LeaderElection.java:askForVotes(178)) - 696df33b-59a0-4145-913f-936aff0d1566@group-2C0FEEE55AE1-LeaderElection1086: begin an election at term 9 for -1: [f3ee4219-89bb-47f2-bbe0-5f784575b745:192.168.157.211:38722, 805254cc-2da6-48d8-a2f9-c1a3ceceab4a:192.168.157.211:35407, 696df33b-59a0-4145-913f-936aff0d1566:192.168.157.211:38803], old=null
2019-10-17 07:09:29,209 [Thread-9678] INFO  impl.FollowerState (FollowerState.java:run(117)) - c8a9c3c2-a9d1-4984-920c-603cda31e4c5@group-92C9EDB41AD5-FollowerState was interrupted: java.lang.InterruptedException: sleep interrupted
2019-10-17 07:09:29,209 [grpc-default-executor-5] INFO  impl.RoleInfo (RoleInfo.java:updateAndGet(143)) - c8a9c3c2-a9d1-4984-920c-603cda31e4c5: start FollowerState
2019-10-17 07:09:29,209 [Thread-9660] INFO  impl.RoleInfo (RoleInfo.java:shutdownFollowerState(121)) - 3a8b13b5-9a2a-4d15-b361-dcd1441f2603: shutdown FollowerState
2019-10-17 07:09:29,210 [Thread-9660] INFO  impl.RaftServerImpl (RaftServerImpl.java:setRole(184)) - 3a8b13b5-9a2a-4d15-b361-dcd1441f2603@group-F639A4AA7A27: changes role from  FOLLOWER to CANDIDATE at term 0 for changeToCandidate
2019-10-17 07:09:29,210 [Thread-9660] INFO  impl.RoleInfo (RoleInfo.java:updateAndGet(143)) - 3a8b13b5-9a2a-4d15-b361-dcd1441f2603: start LeaderElection
2019-10-17 07:09:29,253 [a5219191-1681-4090-972d-a7550c5191e1@group-6E83C2681F4B-SegmentedRaftLogWorker] INFO  segmented.SegmentedRaftLogWorker (SegmentedRaftLogWorker.java:execute(576)) - a5219191-1681-4090-972d-a7550c5191e1@group-6E83C2681F4B-SegmentedRaftLogWorker: created new log segment /workdir/hadoop-ozone/integration-test/target/test-dir/MiniOzoneClusterImpl-e7c0418f-15c1-471d-99db-59e1afe04953/datanode-7/data/ratis/478057ad-ae51-4524-a501-6e83c2681f4b/current/log_inprogress_0
2019-10-17 07:09:29,254 [c8a9c3c2-a9d1-4984-920c-603cda31e4c5@group-3336D312B635-SegmentedRaftLogWorker] INFO  segmented.SegmentedRaftLogWorker (SegmentedRaftLogWorker.java:execute(576)) - c8a9c3c2-a9d1-4984-920c-603cda31e4c5@group-3336D312B635-SegmentedRaftLogWorker: created new log segment /workdir/hadoop-ozone/integration-test/target/test-dir/MiniOzoneClusterImpl-e7c0418f-15c1-471d-99db-59e1afe04953/datanode-8/data/ratis/0ce2776a-7623-411b-8f2c-3336d312b635/current/log_inprogress_0
2019-10-17 07:09:29,254 [grpc-default-executor-2] INFO  impl.RaftServerImpl (RaftServerImpl.java:setRole(184)) - f3ee4219-89bb-47f2-bbe0-5f784575b745@group-2C0FEEE55AE1: changes role from  FOLLOWER to FOLLOWER at term 9 for recognizeCandidate:696df33b-59a0-4145-913f-936aff0d1566
2019-10-17 07:09:29,255 [grpc-default-executor-2] INFO  impl.RoleInfo (RoleInfo.java:shutdownFollowerState(121)) - f3ee4219-89bb-47f2-bbe0-5f784575b745: shutdown FollowerState
2019-10-17 07:09:29,255 [grpc-default-executor-8] INFO  impl.RaftServerImpl (RaftServerImpl.java:setRole(184)) - 805254cc-2da6-48d8-a2f9-c1a3ceceab4a@group-2C0FEEE55AE1: changes role from  FOLLOWER to FOLLOWER at term 9 for recognizeCandidate:696df33b-59a0-4145-913f-936aff0d1566
2019-10-17 07:09:29,255 [Thread-9671] INFO  impl.FollowerState (FollowerState.java:run(117)) - f3ee4219-89bb-47f2-bbe0-5f784575b745@group-2C0FEEE55AE1-FollowerState was interrupted: java.lang.InterruptedException: sleep interrupted
2019-10-17 07:09:29,255 [grpc-default-executor-2] INFO  impl.RoleInfo (RoleInfo.java:updateAndGet(143)) - f3ee4219-89bb-47f2-bbe0-5f784575b745: start FollowerState
2019-10-17 07:09:29,255 [grpc-default-executor-8] INFO  impl.RoleInfo (RoleInfo.java:shutdownFollowerState(121)) - 805254cc-2da6-48d8-a2f9-c1a3ceceab4a: shutdown FollowerState
2019-10-17 07:09:29,256 [grpc-default-executor-8] INFO  impl.RoleInfo (RoleInfo.java:updateAndGet(143)) - 805254cc-2da6-48d8-a2f9-c1a3ceceab4a: start FollowerState
2019-10-17 07:09:29,256 [Thread-9672] INFO  impl.FollowerState (FollowerState.java:run(117)) - 805254cc-2da6-48d8-a2f9-c1a3ceceab4a@group-2C0FEEE55AE1-FollowerState was interrupted: java.lang.InterruptedException: sleep interrupted
2019-10-17 07:09:29,271 [a5219191-1681-4090-972d-a7550c5191e1@group-92C9EDB41AD5-LeaderElection1085] INFO  impl.LeaderElection (LeaderElection.java:logAndReturn(56)) - a5219191-1681-4090-972d-a7550c5191e1@group-92C9EDB41AD5-LeaderElection1085: Election TIMEOUT; received 1 response(s) [a5219191-1681-4090-972d-a7550c5191e1<-c1b4af2d-3b05-4006-acca-753ed6d10b59#0:FAIL-t1] and 0 exception(s); a5219191-1681-4090-972d-a7550c5191e1@group-92C9EDB41AD5:t1, leader=null, voted=a5219191-1681-4090-972d-a7550c5191e1, raftlog=a5219191-1681-4090-972d-a7550c5191e1@group-92C9EDB41AD5-SegmentedRaftLog:OPENED:c-1,f-1,i0, conf=-1: [c8a9c3c2-a9d1-4984-920c-603cda31e4c5:192.168.157.211:36906, a5219191-1681-4090-972d-a7550c5191e1:192.168.157.211:32908, c1b4af2d-3b05-4006-acca-753ed6d10b59:192.168.157.211:37018], old=null
2019-10-17 07:09:29,284 [3a8b13b5-9a2a-4d15-b361-dcd1441f2603@group-F639A4AA7A27-LeaderElection1088] INFO  impl.LeaderElection (LeaderElection.java:askForVotes(178)) - 3a8b13b5-9a2a-4d15-b361-dcd1441f2603@group-F639A4AA7A27-LeaderElection1088: begin an election at term 1 for -1: [3a8b13b5-9a2a-4d15-b361-dcd1441f2603:192.168.157.211:37213], old=null
2019-10-17 07:09:29,284 [Thread-9691] INFO  impl.FollowerState (FollowerState.java:run(108)) - c8a9c3c2-a9d1-4984-920c-603cda31e4c5@group-92C9EDB41AD5-FollowerState: change to CANDIDATE, lastRpcTime:75ms, electionTimeout:19ms
2019-10-17 07:09:29,285 [3a8b13b5-9a2a-4d15-b361-dcd1441f2603@group-F639A4AA7A27-LeaderElection1088] INFO  impl.RoleInfo (RoleInfo.java:shutdownLeaderElection(134)) - 3a8b13b5-9a2a-4d15-b361-dcd1441f2603: shutdown LeaderElection
2019-10-17 07:09:29,285 [696df33b-59a0-4145-913f-936aff0d1566@group-2C0FEEE55AE1-LeaderElection1086] INFO  impl.LeaderElection (LeaderElection.java:logAndReturn(56)) - 696df33b-59a0-4145-913f-936aff0d1566@group-2C0FEEE55AE1-LeaderElection1086: Election REJECTED; received 2 response(s) [696df33b-59a0-4145-913f-936aff0d1566<-f3ee4219-89bb-47f2-bbe0-5f784575b745#0:FAIL-t9, 696df33b-59a0-4145-913f-936aff0d1566<-805254cc-2da6-48d8-a2f9-c1a3ceceab4a#0:FAIL-t9] and 0 exception(s); 696df33b-59a0-4145-913f-936aff0d1566@group-2C0FEEE55AE1:t9, leader=null, voted=696df33b-59a0-4145-913f-936aff0d1566, raftlog=696df33b-59a0-4145-913f-936aff0d1566@group-2C0FEEE55AE1-SegmentedRaftLog:OPENED:c-1,f-1,i0, conf=-1: [f3ee4219-89bb-47f2-bbe0-5f784575b745:192.168.157.211:38722, 805254cc-2da6-48d8-a2f9-c1a3ceceab4a:192.168.157.211:35407, 696df33b-59a0-4145-913f-936aff0d1566:192.168.157.211:38803], old=null
2019-10-17 07:09:29,285 [Thread-9691] INFO  impl.RoleInfo (RoleInfo.java:shutdownFollowerState(121)) - c8a9c3c2-a9d1-4984-920c-603cda31e4c5: shutdown FollowerState
2019-10-17 07:09:29,285 [696df33b-59a0-4145-913f-936aff0d1566@group-2C0FEEE55AE1-LeaderElection1086] INFO  impl.RaftServerImpl (RaftServerImpl.java:setRole(184)) - 696df33b-59a0-4145-913f-936aff0d1566@group-2C0FEEE55AE1: changes role from CANDIDATE to FOLLOWER at term 9 for DISCOVERED_A_NEW_TERM
2019-10-17 07:09:29,285 [c1b4af2d-3b05-4006-acca-753ed6d10b59@group-92C9EDB41AD5-LeaderElection1087] INFO  impl.LeaderElection (LeaderElection.java:logAndReturn(56)) - c1b4af2d-3b05-4006-acca-753ed6d10b59@group-92C9EDB41AD5-LeaderElection1087: Election REJECTED; received 2 response(s) [c1b4af2d-3b05-4006-acca-753ed6d10b59<-c8a9c3c2-a9d1-4984-920c-603cda31e4c5#0:FAIL-t1, c1b4af2d-3b05-4006-acca-753ed6d10b59<-a5219191-1681-4090-972d-a7550c5191e1#0:FAIL-t1] and 0 exception(s); c1b4af2d-3b05-4006-acca-753ed6d10b59@group-92C9EDB41AD5:t1, leader=null, voted=c1b4af2d-3b05-4006-acca-753ed6d10b59, raftlog=c1b4af2d-3b05-4006-acca-753ed6d10b59@group-92C9EDB41AD5-SegmentedRaftLog:OPENED:c-1,f-1,i0, conf=-1: [c8a9c3c2-a9d1-4984-920c-603cda31e4c5:192.168.157.211:36906, a5219191-1681-4090-972d-a7550c5191e1:192.168.157.211:32908, c1b4af2d-3b05-4006-acca-753ed6d10b59:192.168.157.211:37018], old=null
2019-10-17 07:09:29,285 [3a8b13b5-9a2a-4d15-b361-dcd1441f2603@group-F639A4AA7A27-LeaderElection1088] INFO  impl.RaftServerImpl (RaftServerImpl.java:setRole(184)) - 3a8b13b5-9a2a-4d15-b361-dcd1441f2603@group-F639A4AA7A27: changes role from CANDIDATE to LEADER at term 1 for changeToLeader
2019-10-17 07:09:29,285 [c1b4af2d-3b05-4006-acca-753ed6d10b59@group-92C9EDB41AD5-LeaderElection1087] INFO  impl.RaftServerImpl (RaftServerImpl.java:setRole(184)) - c1b4af2d-3b05-4006-acca-753ed6d10b59@group-92C9EDB41AD5: changes role from CANDIDATE to FOLLOWER at term 1 for DISCOVERED_A_NEW_TERM
2019-10-17 07:09:29,286 [c1b4af2d-3b05-4006-acca-753ed6d10b59@group-92C9EDB41AD5-LeaderElection1087] INFO  impl.RoleInfo (RoleInfo.java:shutdownLeaderElection(134)) - c1b4af2d-3b05-4006-acca-753ed6d10b59: shutdown LeaderElection
2019-10-17 07:09:29,285 [696df33b-59a0-4145-913f-936aff0d1566@group-2C0FEEE55AE1-LeaderElection1086] INFO  impl.RoleInfo (RoleInfo.java:shutdownLeaderElection(134)) - 696df33b-59a0-4145-913f-936aff0d1566: shutdown LeaderElection
2019-10-17 07:09:29,285 [Thread-9691] INFO  impl.RaftServerImpl (RaftServerImpl.java:setRole(184)) - c8a9c3c2-a9d1-4984-920c-603cda31e4c5@group-92C9EDB41AD5: changes role from  FOLLOWER to CANDIDATE at term 1 for changeToCandidate
2019-10-17 07:09:29,286 [696df33b-59a0-4145-913f-936aff0d1566@group-2C0FEEE55AE1-LeaderElection1086] INFO  impl.RoleInfo (RoleInfo.java:updateAndGet(143)) - 696df33b-59a0-4145-913f-936aff0d1566: start FollowerState
2019-10-17 07:09:29,286 [c1b4af2d-3b05-4006-acca-753ed6d10b59@group-92C9EDB41AD5-LeaderElection1087] INFO  impl.RoleInfo (RoleInfo.java:updateAndGet(143)) - c1b4af2d-3b05-4006-acca-753ed6d10b59: start FollowerState
2019-10-17 07:09:29,286 [3a8b13b5-9a2a-4d15-b361-dcd1441f2603@group-F639A4AA7A27-LeaderElection1088] INFO  impl.RaftServerImpl (ServerState.java:setLeader(256)) - 3a8b13b5-9a2a-4d15-b361-dcd1441f2603@group-F639A4AA7A27: change Leader from null to 3a8b13b5-9a2a-4d15-b361-dcd1441f2603 at term 1 for becomeLeader, leader elected after 219ms
2019-10-17 07:09:29,286 [Thread-9691] INFO  impl.RoleInfo (RoleInfo.java:updateAndGet(143)) - c8a9c3c2-a9d1-4984-920c-603cda31e4c5: start LeaderElection
2019-10-17 07:09:29,286 [3a8b13b5-9a2a-4d15-b361-dcd1441f2603@group-F639A4AA7A27-LeaderElection1088] INFO  server.RaftServerConfigKeys (ConfUtils.java:logGet(43)) - raft.server.staging.catchup.gap = 1000 (default)
2019-10-17 07:09:29,286 [a5219191-1681-4090-972d-a7550c5191e1@group-92C9EDB41AD5-LeaderElection1085] INFO  impl.LeaderElection (LeaderElection.java:askForVotes(178)) - a5219191-1681-4090-972d-a7550c5191e1@group-92C9EDB41AD5-LeaderElection1085: begin an election at term 2 for -1: [c8a9c3c2-a9d1-4984-920c-603cda31e4c5:192.168.157.211:36906, a5219191-1681-4090-972d-a7550c5191e1:192.168.157.211:32908, c1b4af2d-3b05-4006-acca-753ed6d10b59:192.168.157.211:37018], old=null
2019-10-17 07:09:29,286 [3a8b13b5-9a2a-4d15-b361-dcd1441f2603@group-F639A4AA7A27-LeaderElection1088] INFO  server.RaftServerConfigKeys (ConfUtils.java:logGet(43)) - raft.server.rpc.sleep.time = 25ms (default)
2019-10-17 07:09:29,287 [3a8b13b5-9a2a-4d15-b361-dcd1441f2603@group-F639A4AA7A27-LeaderElection1088] INFO  server.RaftServerConfigKeys (ConfUtils.java:logGet(43)) - raft.server.write.element-limit = 4096 (default)
2019-10-17 07:09:29,287 [3a8b13b5-9a2a-4d15-b361-dcd1441f2603@group-F639A4AA7A27-LeaderElection1088] INFO  server.RaftServerConfigKeys (ConfUtils.java:logGet(43)) - raft.server.watch.timeout = 10s (default)
2019-10-17 07:09:29,287 [3a8b13b5-9a2a-4d15-b361-dcd1441f2603@group-F639A4AA7A27-LeaderElection1088] INFO  server.RaftServerConfigKeys (ConfUtils.java:logGet(43)) - raft.server.watch.timeout.denomination = 1s (default)
2019-10-17 07:09:29,287 [3a8b13b5-9a2a-4d15-b361-dcd1441f2603@group-F639A4AA7A27-LeaderElection1088] INFO  server.RaftServerConfigKeys (ConfUtils.java:logGet(43)) - raft.server.watch.element-limit = 65536 (default)
2019-10-17 07:09:29,288 [grpc-default-executor-7] INFO  impl.RaftServerImpl (RaftServerImpl.java:setRole(184)) - c1b4af2d-3b05-4006-acca-753ed6d10b59@group-92C9EDB41AD5: changes role from  FOLLOWER to FOLLOWER at term 2 for recognizeCandidate:a5219191-1681-4090-972d-a7550c5191e1
2019-10-17 07:09:29,288 [grpc-default-executor-7] INFO  impl.RoleInfo (RoleInfo.java:shutdownFollowerState(121)) - c1b4af2d-3b05-4006-acca-753ed6d10b59: shutdown FollowerState
2019-10-17 07:09:29,288 [grpc-default-executor-7] INFO  impl.RoleInfo (RoleInfo.java:updateAndGet(143)) - c1b4af2d-3b05-4006-acca-753ed6d10b59: start FollowerState
2019-10-17 07:09:29,288 [Thread-9699] INFO  impl.FollowerState (FollowerState.java:run(117)) - c1b4af2d-3b05-4006-acca-753ed6d10b59@group-92C9EDB41AD5-FollowerState was interrupted: java.lang.InterruptedException: sleep interrupted
2019-10-17 07:09:29,289 [3a8b13b5-9a2a-4d15-b361-dcd1441f2603@group-F639A4AA7A27-LeaderElection1088] INFO  impl.RoleInfo (RoleInfo.java:updateAndGet(143)) - 3a8b13b5-9a2a-4d15-b361-dcd1441f2603: start LeaderState
2019-10-17 07:09:29,289 [3a8b13b5-9a2a-4d15-b361-dcd1441f2603@group-F639A4AA7A27-LeaderElection1088] INFO  segmented.SegmentedRaftLogWorker (SegmentedRaftLogWorker.java:startLogSegment(385)) - 3a8b13b5-9a2a-4d15-b361-dcd1441f2603@group-F639A4AA7A27-SegmentedRaftLogWorker: Starting segment from index:0
2019-10-17 07:09:29,289 [3a8b13b5-9a2a-4d15-b361-dcd1441f2603@group-F639A4AA7A27-LeaderElection1088] INFO  impl.RaftServerImpl (ServerState.java:setRaftConf(357)) - 3a8b13b5-9a2a-4d15-b361-dcd1441f2603@group-F639A4AA7A27: set configuration 0: [3a8b13b5-9a2a-4d15-b361-dcd1441f2603:192.168.157.211:37213], old=null at 0
2019-10-17 07:09:29,300 [c8a9c3c2-a9d1-4984-920c-603cda31e4c5@group-92C9EDB41AD5-LeaderElection1089] INFO  impl.LeaderElection (LeaderElection.java:askForVotes(178)) - c8a9c3c2-a9d1-4984-920c-603cda31e4c5@group-92C9EDB41AD5-LeaderElection1089: begin an election at term 2 for -1: [c8a9c3c2-a9d1-4984-920c-603cda31e4c5:192.168.157.211:36906, a5219191-1681-4090-972d-a7550c5191e1:192.168.157.211:32908, c1b4af2d-3b05-4006-acca-753ed6d10b59:192.168.157.211:37018], old=null
2019-10-17 07:09:29,301 [a5219191-1681-4090-972d-a7550c5191e1@group-92C9EDB41AD5-LeaderElection1085] INFO  impl.LeaderElection (LeaderElection.java:logAndReturn(56)) - a5219191-1681-4090-972d-a7550c5191e1@group-92C9EDB41AD5-LeaderElection1085: Election PASSED; received 2 response(s) [a5219191-1681-4090-972d-a7550c5191e1<-c8a9c3c2-a9d1-4984-920c-603cda31e4c5#0:FAIL-t2, a5219191-1681-4090-972d-a7550c5191e1<-c1b4af2d-3b05-4006-acca-753ed6d10b59#0:OK-t2] and 0 exception(s); a5219191-1681-4090-972d-a7550c5191e1@group-92C9EDB41AD5:t2, leader=null, voted=a5219191-1681-4090-972d-a7550c5191e1, raftlog=a5219191-1681-4090-972d-a7550c5191e1@group-92C9EDB41AD5-SegmentedRaftLog:OPENED:c-1,f-1,i0, conf=-1: [c8a9c3c2-a9d1-4984-920c-603cda31e4c5:192.168.157.211:36906, a5219191-1681-4090-972d-a7550c5191e1:192.168.157.211:32908, c1b4af2d-3b05-4006-acca-753ed6d10b59:192.168.157.211:37018], old=null
2019-10-17 07:09:29,301 [a5219191-1681-4090-972d-a7550c5191e1@group-92C9EDB41AD5-LeaderElection1085] INFO  impl.RoleInfo (RoleInfo.java:shutdownLeaderElection(134)) - a5219191-1681-4090-972d-a7550c5191e1: shutdown LeaderElection
2019-10-17 07:09:29,301 [a5219191-1681-4090-972d-a7550c5191e1@group-92C9EDB41AD5-LeaderElection1085] INFO  impl.RaftServerImpl (RaftServerImpl.java:setRole(184)) - a5219191-1681-4090-972d-a7550c5191e1@group-92C9EDB41AD5: changes role from CANDIDATE to LEADER at term 2 for changeToLeader
2019-10-17 07:09:29,301 [a5219191-1681-4090-972d-a7550c5191e1@group-92C9EDB41AD5-LeaderElection1085] INFO  impl.RaftServerImpl (ServerState.java:setLeader(256)) - a5219191-1681-4090-972d-a7550c5191e1@group-92C9EDB41AD5: change Leader from null to a5219191-1681-4090-972d-a7550c5191e1 at term 2 for becomeLeader, leader elected after 162ms
2019-10-17 07:09:29,301 [a5219191-1681-4090-972d-a7550c5191e1@group-92C9EDB41AD5-LeaderElection1085] INFO  server.RaftServerConfigKeys (ConfUtils.java:logGet(43)) - raft.server.staging.catchup.gap = 1000 (default)
2019-10-17 07:09:29,301 [a5219191-1681-4090-972d-a7550c5191e1@group-92C9EDB41AD5-LeaderElection1085] INFO  server.RaftServerConfigKeys (ConfUtils.java:logGet(43)) - raft.server.rpc.sleep.time = 25ms (default)
2019-10-17 07:09:29,301 [a5219191-1681-4090-972d-a7550c5191e1@group-92C9EDB41AD5-LeaderElection1085] INFO  server.RaftServerConfigKeys (ConfUtils.java:logGet(43)) - raft.server.write.element-limit = 4096 (default)
2019-10-17 07:09:29,302 [a5219191-1681-4090-972d-a7550c5191e1@group-92C9EDB41AD5-LeaderElection1085] INFO  server.RaftServerConfigKeys (ConfUtils.java:logGet(43)) - raft.server.watch.timeout = 10s (default)
2019-10-17 07:09:29,302 [a5219191-1681-4090-972d-a7550c5191e1@group-92C9EDB41AD5-LeaderElection1085] INFO  server.RaftServerConfigKeys (ConfUtils.java:logGet(43)) - raft.server.watch.timeout.denomination = 1s (default)
2019-10-17 07:09:29,302 [a5219191-1681-4090-972d-a7550c5191e1@group-92C9EDB41AD5-LeaderElection1085] INFO  server.RaftServerConfigKeys (ConfUtils.java:logGet(43)) - raft.server.watch.element-limit = 65536 (default)
2019-10-17 07:09:29,304 [a5219191-1681-4090-972d-a7550c5191e1@group-92C9EDB41AD5-LeaderElection1085] INFO  server.RaftServerConfigKeys (ConfUtils.java:logGet(43)) - raft.server.log.appender.snapshot.chunk.size.max = 16MB (=16777216) (default)
2019-10-17 07:09:29,304 [a5219191-1681-4090-972d-a7550c5191e1@group-92C9EDB41AD5-LeaderElection1085] INFO  server.RaftServerConfigKeys (ConfUtils.java:logGet(43)) - raft.server.log.appender.buffer.byte-limit = 33554432 (custom)
2019-10-17 07:09:29,304 [a5219191-1681-4090-972d-a7550c5191e1@group-92C9EDB41AD5-LeaderElection1085] INFO  server.RaftServerConfigKeys (ConfUtils.java:logGet(43)) - raft.server.log.appender.buffer.element-limit = 1 (custom)
2019-10-17 07:09:29,304 [a5219191-1681-4090-972d-a7550c5191e1@group-92C9EDB41AD5-LeaderElection1085] INFO  grpc.GrpcConfigKeys$Server (ConfUtils.java:logGet(43)) - raft.grpc.server.leader.outstanding.appends.max = 128 (default)
2019-10-17 07:09:29,304 [a5219191-1681-4090-972d-a7550c5191e1@group-92C9EDB41AD5-LeaderElection1085] INFO  server.RaftServerConfigKeys (ConfUtils.java:logGet(43)) - raft.server.rpc.request.timeout = 3000ms (default)
2019-10-17 07:09:29,305 [a5219191-1681-4090-972d-a7550c5191e1@group-92C9EDB41AD5-LeaderElection1085] INFO  server.RaftServerConfigKeys (ConfUtils.java:logGet(43)) - raft.server.log.appender.install.snapshot.enabled = false (custom)
2019-10-17 07:09:29,306 [a5219191-1681-4090-972d-a7550c5191e1@group-92C9EDB41AD5-LeaderElection1085] INFO  server.RaftServerConfigKeys (ConfUtils.java:logGet(43)) - raft.server.log.appender.snapshot.chunk.size.max = 16MB (=16777216) (default)
2019-10-17 07:09:29,306 [a5219191-1681-4090-972d-a7550c5191e1@group-92C9EDB41AD5-LeaderElection1085] INFO  server.RaftServerConfigKeys (ConfUtils.java:logGet(43)) - raft.server.log.appender.buffer.byte-limit = 33554432 (custom)
2019-10-17 07:09:29,306 [a5219191-1681-4090-972d-a7550c5191e1@group-92C9EDB41AD5-LeaderElection1085] INFO  server.RaftServerConfigKeys (ConfUtils.java:logGet(43)) - raft.server.log.appender.buffer.element-limit = 1 (custom)
2019-10-17 07:09:29,306 [a5219191-1681-4090-972d-a7550c5191e1@group-92C9EDB41AD5-LeaderElection1085] INFO  grpc.GrpcConfigKeys$Server (ConfUtils.java:logGet(43)) - raft.grpc.server.leader.outstanding.appends.max = 128 (default)
2019-10-17 07:09:29,306 [a5219191-1681-4090-972d-a7550c5191e1@group-92C9EDB41AD5-LeaderElection1085] INFO  server.RaftServerConfigKeys (ConfUtils.java:logGet(43)) - raft.server.rpc.request.timeout = 3000ms (default)
2019-10-17 07:09:29,306 [a5219191-1681-4090-972d-a7550c5191e1@group-92C9EDB41AD5-LeaderElection1085] INFO  server.RaftServerConfigKeys (ConfUtils.java:logGet(43)) - raft.server.log.appender.install.snapshot.enabled = false (custom)
2019-10-17 07:09:29,308 [a5219191-1681-4090-972d-a7550c5191e1@group-92C9EDB41AD5-LeaderElection1085] INFO  impl.RoleInfo (RoleInfo.java:updateAndGet(143)) - a5219191-1681-4090-972d-a7550c5191e1: start LeaderState
2019-10-17 07:09:29,308 [a5219191-1681-4090-972d-a7550c5191e1@group-92C9EDB41AD5-LeaderElection1085] INFO  segmented.SegmentedRaftLogWorker (SegmentedRaftLogWorker.java:startLogSegment(385)) - a5219191-1681-4090-972d-a7550c5191e1@group-92C9EDB41AD5-SegmentedRaftLogWorker: Starting segment from index:0
2019-10-17 07:09:29,309 [a5219191-1681-4090-972d-a7550c5191e1@group-92C9EDB41AD5-LeaderElection1085] INFO  impl.RaftServerImpl (ServerState.java:setRaftConf(357)) - a5219191-1681-4090-972d-a7550c5191e1@group-92C9EDB41AD5: set configuration 0: [c8a9c3c2-a9d1-4984-920c-603cda31e4c5:192.168.157.211:36906, a5219191-1681-4090-972d-a7550c5191e1:192.168.157.211:32908, c1b4af2d-3b05-4006-acca-753ed6d10b59:192.168.157.211:37018], old=null at 0
2019-10-17 07:09:29,309 [grpc-default-executor-8] INFO  impl.RaftServerImpl (RaftServerImpl.java:requestVote(776)) - a5219191-1681-4090-972d-a7550c5191e1@group-92C9EDB41AD5-   LEADER: Withhold vote from candidate c8a9c3c2-a9d1-4984-920c-603cda31e4c5 with term 2. State: leader=a5219191-1681-4090-972d-a7550c5191e1, term=2, lastRpcElapsed=null
2019-10-17 07:09:29,310 [c8a9c3c2-a9d1-4984-920c-603cda31e4c5@group-92C9EDB41AD5-LeaderElection1089] INFO  impl.LeaderElection (LeaderElection.java:logAndReturn(56)) - c8a9c3c2-a9d1-4984-920c-603cda31e4c5@group-92C9EDB41AD5-LeaderElection1089: Election REJECTED; received 2 response(s) [c8a9c3c2-a9d1-4984-920c-603cda31e4c5<-a5219191-1681-4090-972d-a7550c5191e1#0:FAIL-t2, c8a9c3c2-a9d1-4984-920c-603cda31e4c5<-c1b4af2d-3b05-4006-acca-753ed6d10b59#0:FAIL-t2] and 0 exception(s); c8a9c3c2-a9d1-4984-920c-603cda31e4c5@group-92C9EDB41AD5:t2, leader=null, voted=c8a9c3c2-a9d1-4984-920c-603cda31e4c5, raftlog=c8a9c3c2-a9d1-4984-920c-603cda31e4c5@group-92C9EDB41AD5-SegmentedRaftLog:OPENED:c-1,f-1,i0, conf=-1: [c8a9c3c2-a9d1-4984-920c-603cda31e4c5:192.168.157.211:36906, a5219191-1681-4090-972d-a7550c5191e1:192.168.157.211:32908, c1b4af2d-3b05-4006-acca-753ed6d10b59:192.168.157.211:37018], old=null
2019-10-17 07:09:29,310 [grpc-default-executor-8] INFO  impl.RaftServerImpl (ServerState.java:setLeader(256)) - c1b4af2d-3b05-4006-acca-753ed6d10b59@group-92C9EDB41AD5: change Leader from null to a5219191-1681-4090-972d-a7550c5191e1 at term 2 for appendEntries, leader elected after 172ms
2019-10-17 07:09:29,310 [c8a9c3c2-a9d1-4984-920c-603cda31e4c5@group-92C9EDB41AD5-LeaderElection1089] INFO  impl.RaftServerImpl (RaftServerImpl.java:setRole(184)) - c8a9c3c2-a9d1-4984-920c-603cda31e4c5@group-92C9EDB41AD5: changes role from CANDIDATE to FOLLOWER at term 2 for DISCOVERED_A_NEW_TERM
2019-10-17 07:09:29,353 [c8a9c3c2-a9d1-4984-920c-603cda31e4c5@group-92C9EDB41AD5-LeaderElection1089] INFO  impl.RoleInfo (RoleInfo.java:shutdownLeaderElection(134)) - c8a9c3c2-a9d1-4984-920c-603cda31e4c5: shutdown LeaderElection
2019-10-17 07:09:29,353 [c8a9c3c2-a9d1-4984-920c-603cda31e4c5@group-92C9EDB41AD5-LeaderElection1089] INFO  impl.RoleInfo (RoleInfo.java:updateAndGet(143)) - c8a9c3c2-a9d1-4984-920c-603cda31e4c5: start FollowerState
2019-10-17 07:09:29,353 [grpc-default-executor-7] INFO  impl.RaftServerImpl (ServerState.java:setLeader(256)) - c8a9c3c2-a9d1-4984-920c-603cda31e4c5@group-92C9EDB41AD5: change Leader from null to a5219191-1681-4090-972d-a7550c5191e1 at term 2 for appendEntries, leader elected after 215ms
2019-10-17 07:09:29,355 [grpc-default-executor-8] INFO  impl.RaftServerImpl (ServerState.java:setRaftConf(357)) - c1b4af2d-3b05-4006-acca-753ed6d10b59@group-92C9EDB41AD5: set configuration 0: [c8a9c3c2-a9d1-4984-920c-603cda31e4c5:192.168.157.211:36906, a5219191-1681-4090-972d-a7550c5191e1:192.168.157.211:32908, c1b4af2d-3b05-4006-acca-753ed6d10b59:192.168.157.211:37018], old=null at 0
2019-10-17 07:09:29,355 [grpc-default-executor-7] INFO  impl.RaftServerImpl (ServerState.java:setRaftConf(357)) - c8a9c3c2-a9d1-4984-920c-603cda31e4c5@group-92C9EDB41AD5: set configuration 0: [c8a9c3c2-a9d1-4984-920c-603cda31e4c5:192.168.157.211:36906, a5219191-1681-4090-972d-a7550c5191e1:192.168.157.211:32908, c1b4af2d-3b05-4006-acca-753ed6d10b59:192.168.157.211:37018], old=null at 0
2019-10-17 07:09:29,355 [grpc-default-executor-8] INFO  segmented.SegmentedRaftLogWorker (SegmentedRaftLogWorker.java:startLogSegment(385)) - c1b4af2d-3b05-4006-acca-753ed6d10b59@group-92C9EDB41AD5-SegmentedRaftLogWorker: Starting segment from index:0
2019-10-17 07:09:29,356 [grpc-default-executor-7] INFO  segmented.SegmentedRaftLogWorker (SegmentedRaftLogWorker.java:startLogSegment(385)) - c8a9c3c2-a9d1-4984-920c-603cda31e4c5@group-92C9EDB41AD5-SegmentedRaftLogWorker: Starting segment from index:0
2019-10-17 07:09:29,365 [3a8b13b5-9a2a-4d15-b361-dcd1441f2603@group-F639A4AA7A27-SegmentedRaftLogWorker] INFO  segmented.SegmentedRaftLogWorker (SegmentedRaftLogWorker.java:execute(576)) - 3a8b13b5-9a2a-4d15-b361-dcd1441f2603@group-F639A4AA7A27-SegmentedRaftLogWorker: created new log segment /workdir/hadoop-ozone/integration-test/target/test-dir/MiniOzoneClusterImpl-e7c0418f-15c1-471d-99db-59e1afe04953/datanode-9/data/ratis/b32ac029-107a-420c-91b2-f639a4aa7a27/current/log_inprogress_0
2019-10-17 07:09:29,365 [a5219191-1681-4090-972d-a7550c5191e1@group-92C9EDB41AD5-SegmentedRaftLogWorker] INFO  segmented.SegmentedRaftLogWorker (SegmentedRaftLogWorker.java:execute(576)) - a5219191-1681-4090-972d-a7550c5191e1@group-92C9EDB41AD5-SegmentedRaftLogWorker: created new log segment /workdir/hadoop-ozone/integration-test/target/test-dir/MiniOzoneClusterImpl-e7c0418f-15c1-471d-99db-59e1afe04953/datanode-7/data/ratis/823554ad-a054-4945-9d41-92c9edb41ad5/current/log_inprogress_0
2019-10-17 07:09:29,387 [Thread-9700] INFO  impl.FollowerState (FollowerState.java:run(108)) - 696df33b-59a0-4145-913f-936aff0d1566@group-2C0FEEE55AE1-FollowerState: change to CANDIDATE, lastRpcTime:101ms, electionTimeout:101ms
2019-10-17 07:09:29,387 [Thread-9700] INFO  impl.RoleInfo (RoleInfo.java:shutdownFollowerState(121)) - 696df33b-59a0-4145-913f-936aff0d1566: shutdown FollowerState
2019-10-17 07:09:29,387 [Thread-9700] INFO  impl.RaftServerImpl (RaftServerImpl.java:setRole(184)) - 696df33b-59a0-4145-913f-936aff0d1566@group-2C0FEEE55AE1: changes role from  FOLLOWER to CANDIDATE at term 9 for changeToCandidate
2019-10-17 07:09:29,388 [Thread-9700] INFO  impl.RoleInfo (RoleInfo.java:updateAndGet(143)) - 696df33b-59a0-4145-913f-936aff0d1566: start LeaderElection
2019-10-17 07:09:29,400 [c1b4af2d-3b05-4006-acca-753ed6d10b59@group-92C9EDB41AD5-SegmentedRaftLogWorker] INFO  segmented.SegmentedRaftLogWorker (SegmentedRaftLogWorker.java:execute(576)) - c1b4af2d-3b05-4006-acca-753ed6d10b59@group-92C9EDB41AD5-SegmentedRaftLogWorker: created new log segment /workdir/hadoop-ozone/integration-test/target/test-dir/MiniOzoneClusterImpl-e7c0418f-15c1-471d-99db-59e1afe04953/datanode-6/data/ratis/823554ad-a054-4945-9d41-92c9edb41ad5/current/log_inprogress_0
2019-10-17 07:09:29,400 [696df33b-59a0-4145-913f-936aff0d1566@group-2C0FEEE55AE1-LeaderElection1090] INFO  impl.LeaderElection (LeaderElection.java:askForVotes(178)) - 696df33b-59a0-4145-913f-936aff0d1566@group-2C0FEEE55AE1-LeaderElection1090: begin an election at term 10 for -1: [f3ee4219-89bb-47f2-bbe0-5f784575b745:192.168.157.211:38722, 805254cc-2da6-48d8-a2f9-c1a3ceceab4a:192.168.157.211:35407, 696df33b-59a0-4145-913f-936aff0d1566:192.168.157.211:38803], old=null
2019-10-17 07:09:29,400 [c8a9c3c2-a9d1-4984-920c-603cda31e4c5@group-92C9EDB41AD5-SegmentedRaftLogWorker] INFO  segmented.SegmentedRaftLogWorker (SegmentedRaftLogWorker.java:execute(576)) - c8a9c3c2-a9d1-4984-920c-603cda31e4c5@group-92C9EDB41AD5-SegmentedRaftLogWorker: created new log segment /workdir/hadoop-ozone/integration-test/target/test-dir/MiniOzoneClusterImpl-e7c0418f-15c1-471d-99db-59e1afe04953/datanode-8/data/ratis/823554ad-a054-4945-9d41-92c9edb41ad5/current/log_inprogress_0
2019-10-17 07:09:29,401 [grpc-default-executor-7] INFO  impl.RaftServerImpl (RaftServerImpl.java:setRole(184)) - 805254cc-2da6-48d8-a2f9-c1a3ceceab4a@group-2C0FEEE55AE1: changes role from  FOLLOWER to FOLLOWER at term 10 for recognizeCandidate:696df33b-59a0-4145-913f-936aff0d1566
2019-10-17 07:09:29,401 [grpc-default-executor-8] INFO  impl.RaftServerImpl (RaftServerImpl.java:setRole(184)) - f3ee4219-89bb-47f2-bbe0-5f784575b745@group-2C0FEEE55AE1: changes role from  FOLLOWER to FOLLOWER at term 10 for recognizeCandidate:696df33b-59a0-4145-913f-936aff0d1566
2019-10-17 07:09:29,402 [grpc-default-executor-8] INFO  impl.RoleInfo (RoleInfo.java:shutdownFollowerState(121)) - f3ee4219-89bb-47f2-bbe0-5f784575b745: shutdown FollowerState
2019-10-17 07:09:29,402 [grpc-default-executor-7] INFO  impl.RoleInfo (RoleInfo.java:shutdownFollowerState(121)) - 805254cc-2da6-48d8-a2f9-c1a3ceceab4a: shutdown FollowerState
2019-10-17 07:09:29,402 [Thread-9697] INFO  impl.FollowerState (FollowerState.java:run(117)) - f3ee4219-89bb-47f2-bbe0-5f784575b745@group-2C0FEEE55AE1-FollowerState was interrupted: java.lang.InterruptedException: sleep interrupted
2019-10-17 07:09:29,402 [grpc-default-executor-8] INFO  impl.RoleInfo (RoleInfo.java:updateAndGet(143)) - f3ee4219-89bb-47f2-bbe0-5f784575b745: start FollowerState
2019-10-17 07:09:29,402 [Thread-9698] INFO  impl.FollowerState (FollowerState.java:run(117)) - 805254cc-2da6-48d8-a2f9-c1a3ceceab4a@group-2C0FEEE55AE1-FollowerState was interrupted: java.lang.InterruptedException: sleep interrupted
2019-10-17 07:09:29,402 [grpc-default-executor-7] INFO  impl.RoleInfo (RoleInfo.java:updateAndGet(143)) - 805254cc-2da6-48d8-a2f9-c1a3ceceab4a: start FollowerState
2019-10-17 07:09:29,415 [696df33b-59a0-4145-913f-936aff0d1566@group-2C0FEEE55AE1-LeaderElection1090] INFO  impl.LeaderElection (LeaderElection.java:logAndReturn(56)) - 696df33b-59a0-4145-913f-936aff0d1566@group-2C0FEEE55AE1-LeaderElection1090: Election REJECTED; received 2 response(s) [696df33b-59a0-4145-913f-936aff0d1566<-f3ee4219-89bb-47f2-bbe0-5f784575b745#0:FAIL-t10, 696df33b-59a0-4145-913f-936aff0d1566<-805254cc-2da6-48d8-a2f9-c1a3ceceab4a#0:FAIL-t10] and 0 exception(s); 696df33b-59a0-4145-913f-936aff0d1566@group-2C0FEEE55AE1:t10, leader=null, voted=696df33b-59a0-4145-913f-936aff0d1566, raftlog=696df33b-59a0-4145-913f-936aff0d1566@group-2C0FEEE55AE1-SegmentedRaftLog:OPENED:c-1,f-1,i0, conf=-1: [f3ee4219-89bb-47f2-bbe0-5f784575b745:192.168.157.211:38722, 805254cc-2da6-48d8-a2f9-c1a3ceceab4a:192.168.157.211:35407, 696df33b-59a0-4145-913f-936aff0d1566:192.168.157.211:38803], old=null
2019-10-17 07:09:29,415 [696df33b-59a0-4145-913f-936aff0d1566@group-2C0FEEE55AE1-LeaderElection1090] INFO  impl.RaftServerImpl (RaftServerImpl.java:setRole(184)) - 696df33b-59a0-4145-913f-936aff0d1566@group-2C0FEEE55AE1: changes role from CANDIDATE to FOLLOWER at term 10 for DISCOVERED_A_NEW_TERM
2019-10-17 07:09:29,415 [696df33b-59a0-4145-913f-936aff0d1566@group-2C0FEEE55AE1-LeaderElection1090] INFO  impl.RoleInfo (RoleInfo.java:shutdownLeaderElection(134)) - 696df33b-59a0-4145-913f-936aff0d1566: shutdown LeaderElection
2019-10-17 07:09:29,415 [696df33b-59a0-4145-913f-936aff0d1566@group-2C0FEEE55AE1-LeaderElection1090] INFO  impl.RoleInfo (RoleInfo.java:updateAndGet(143)) - 696df33b-59a0-4145-913f-936aff0d1566: start FollowerState
2019-10-17 07:09:29,439 [Thread-9723] INFO  impl.FollowerState (FollowerState.java:run(108)) - 696df33b-59a0-4145-913f-936aff0d1566@group-2C0FEEE55AE1-FollowerState: change to CANDIDATE, lastRpcTime:23ms, electionTimeout:23ms
2019-10-17 07:09:29,439 [Thread-9723] INFO  impl.RoleInfo (RoleInfo.java:shutdownFollowerState(121)) - 696df33b-59a0-4145-913f-936aff0d1566: shutdown FollowerState
2019-10-17 07:09:29,439 [Thread-9723] INFO  impl.RaftServerImpl (RaftServerImpl.java:setRole(184)) - 696df33b-59a0-4145-913f-936aff0d1566@group-2C0FEEE55AE1: changes role from  FOLLOWER to CANDIDATE at term 10 for changeToCandidate
2019-10-17 07:09:29,439 [Thread-9723] INFO  impl.RoleInfo (RoleInfo.java:updateAndGet(143)) - 696df33b-59a0-4145-913f-936aff0d1566: start LeaderElection
2019-10-17 07:09:29,452 [696df33b-59a0-4145-913f-936aff0d1566@group-2C0FEEE55AE1-LeaderElection1091] INFO  impl.LeaderElection (LeaderElection.java:askForVotes(178)) - 696df33b-59a0-4145-913f-936aff0d1566@group-2C0FEEE55AE1-LeaderElection1091: begin an election at term 11 for -1: [f3ee4219-89bb-47f2-bbe0-5f784575b745:192.168.157.211:38722, 805254cc-2da6-48d8-a2f9-c1a3ceceab4a:192.168.157.211:35407, 696df33b-59a0-4145-913f-936aff0d1566:192.168.157.211:38803], old=null
2019-10-17 07:09:29,454 [grpc-default-executor-8] INFO  impl.RaftServerImpl (RaftServerImpl.java:setRole(184)) - 805254cc-2da6-48d8-a2f9-c1a3ceceab4a@group-2C0FEEE55AE1: changes role from  FOLLOWER to FOLLOWER at term 11 for recognizeCandidate:696df33b-59a0-4145-913f-936aff0d1566
2019-10-17 07:09:29,454 [grpc-default-executor-7] INFO  impl.RaftServerImpl (RaftServerImpl.java:setRole(184)) - f3ee4219-89bb-47f2-bbe0-5f784575b745@group-2C0FEEE55AE1: changes role from  FOLLOWER to FOLLOWER at term 11 for recognizeCandidate:696df33b-59a0-4145-913f-936aff0d1566
2019-10-17 07:09:29,454 [grpc-default-executor-7] INFO  impl.RoleInfo (RoleInfo.java:shutdownFollowerState(121)) - f3ee4219-89bb-47f2-bbe0-5f784575b745: shutdown FollowerState
2019-10-17 07:09:29,454 [grpc-default-executor-8] INFO  impl.RoleInfo (RoleInfo.java:shutdownFollowerState(121)) - 805254cc-2da6-48d8-a2f9-c1a3ceceab4a: shutdown FollowerState
2019-10-17 07:09:29,454 [Thread-9719] INFO  impl.FollowerState (FollowerState.java:run(117)) - f3ee4219-89bb-47f2-bbe0-5f784575b745@group-2C0FEEE55AE1-FollowerState was interrupted: java.lang.InterruptedException: sleep interrupted
2019-10-17 07:09:29,454 [grpc-default-executor-7] INFO  impl.RoleInfo (RoleInfo.java:updateAndGet(143)) - f3ee4219-89bb-47f2-bbe0-5f784575b745: start FollowerState
2019-10-17 07:09:29,454 [Thread-9720] INFO  impl.FollowerState (FollowerState.java:run(117)) - 805254cc-2da6-48d8-a2f9-c1a3ceceab4a@group-2C0FEEE55AE1-FollowerState was interrupted: java.lang.InterruptedException: sleep interrupted
2019-10-17 07:09:29,454 [grpc-default-executor-8] INFO  impl.RoleInfo (RoleInfo.java:updateAndGet(143)) - 805254cc-2da6-48d8-a2f9-c1a3ceceab4a: start FollowerState
2019-10-17 07:09:29,469 [696df33b-59a0-4145-913f-936aff0d1566@group-2C0FEEE55AE1-LeaderElection1091] INFO  impl.LeaderElection (LeaderElection.java:logAndReturn(56)) - 696df33b-59a0-4145-913f-936aff0d1566@group-2C0FEEE55AE1-LeaderElection1091: Election REJECTED; received 2 response(s) [696df33b-59a0-4145-913f-936aff0d1566<-f3ee4219-89bb-47f2-bbe0-5f784575b745#0:FAIL-t11, 696df33b-59a0-4145-913f-936aff0d1566<-805254cc-2da6-48d8-a2f9-c1a3ceceab4a#0:FAIL-t11] and 0 exception(s); 696df33b-59a0-4145-913f-936aff0d1566@group-2C0FEEE55AE1:t11, leader=null, voted=696df33b-59a0-4145-913f-936aff0d1566, raftlog=696df33b-59a0-4145-913f-936aff0d1566@group-2C0FEEE55AE1-SegmentedRaftLog:OPENED:c-1,f-1,i0, conf=-1: [f3ee4219-89bb-47f2-bbe0-5f784575b745:192.168.157.211:38722, 805254cc-2da6-48d8-a2f9-c1a3ceceab4a:192.168.157.211:35407, 696df33b-59a0-4145-913f-936aff0d1566:192.168.157.211:38803], old=null
2019-10-17 07:09:29,469 [696df33b-59a0-4145-913f-936aff0d1566@group-2C0FEEE55AE1-LeaderElection1091] INFO  impl.RaftServerImpl (RaftServerImpl.java:setRole(184)) - 696df33b-59a0-4145-913f-936aff0d1566@group-2C0FEEE55AE1: changes role from CANDIDATE to FOLLOWER at term 11 for DISCOVERED_A_NEW_TERM
2019-10-17 07:09:29,469 [696df33b-59a0-4145-913f-936aff0d1566@group-2C0FEEE55AE1-LeaderElection1091] INFO  impl.RoleInfo (RoleInfo.java:shutdownLeaderElection(134)) - 696df33b-59a0-4145-913f-936aff0d1566: shutdown LeaderElection
2019-10-17 07:09:29,469 [696df33b-59a0-4145-913f-936aff0d1566@group-2C0FEEE55AE1-LeaderElection1091] INFO  impl.RoleInfo (RoleInfo.java:updateAndGet(143)) - 696df33b-59a0-4145-913f-936aff0d1566: start FollowerState
2019-10-17 07:09:29,588 [Thread-9731] INFO  impl.FollowerState (FollowerState.java:run(108)) - 696df33b-59a0-4145-913f-936aff0d1566@group-2C0FEEE55AE1-FollowerState: change to CANDIDATE, lastRpcTime:118ms, electionTimeout:118ms
2019-10-17 07:09:29,588 [Thread-9731] INFO  impl.RoleInfo (RoleInfo.java:shutdownFollowerState(121)) - 696df33b-59a0-4145-913f-936aff0d1566: shutdown FollowerState
2019-10-17 07:09:29,588 [Thread-9731] INFO  impl.RaftServerImpl (RaftServerImpl.java:setRole(184)) - 696df33b-59a0-4145-913f-936aff0d1566@group-2C0FEEE55AE1: changes role from  FOLLOWER to CANDIDATE at term 11 for changeToCandidate
2019-10-17 07:09:29,588 [Thread-9731] INFO  impl.RoleInfo (RoleInfo.java:updateAndGet(143)) - 696df33b-59a0-4145-913f-936aff0d1566: start LeaderElection
2019-10-17 07:09:29,601 [696df33b-59a0-4145-913f-936aff0d1566@group-2C0FEEE55AE1-LeaderElection1092] INFO  impl.LeaderElection (LeaderElection.java:askForVotes(178)) - 696df33b-59a0-4145-913f-936aff0d1566@group-2C0FEEE55AE1-LeaderElection1092: begin an election at term 12 for -1: [f3ee4219-89bb-47f2-bbe0-5f784575b745:192.168.157.211:38722, 805254cc-2da6-48d8-a2f9-c1a3ceceab4a:192.168.157.211:35407, 696df33b-59a0-4145-913f-936aff0d1566:192.168.157.211:38803], old=null
2019-10-17 07:09:29,602 [grpc-default-executor-7] INFO  impl.RaftServerImpl (RaftServerImpl.java:setRole(184)) - 805254cc-2da6-48d8-a2f9-c1a3ceceab4a@group-2C0FEEE55AE1: changes role from  FOLLOWER to FOLLOWER at term 12 for recognizeCandidate:696df33b-59a0-4145-913f-936aff0d1566
2019-10-17 07:09:29,603 [grpc-default-executor-8] INFO  impl.RaftServerImpl (RaftServerImpl.java:setRole(184)) - f3ee4219-89bb-47f2-bbe0-5f784575b745@group-2C0FEEE55AE1: changes role from  FOLLOWER to FOLLOWER at term 12 for recognizeCandidate:696df33b-59a0-4145-913f-936aff0d1566
2019-10-17 07:09:29,603 [grpc-default-executor-8] INFO  impl.RoleInfo (RoleInfo.java:shutdownFollowerState(121)) - f3ee4219-89bb-47f2-bbe0-5f784575b745: shutdown FollowerState
2019-10-17 07:09:29,603 [grpc-default-executor-7] INFO  impl.RoleInfo (RoleInfo.java:shutdownFollowerState(121)) - 805254cc-2da6-48d8-a2f9-c1a3ceceab4a: shutdown FollowerState
2019-10-17 07:09:29,603 [Thread-9729] INFO  impl.FollowerState (FollowerState.java:run(117)) - f3ee4219-89bb-47f2-bbe0-5f784575b745@group-2C0FEEE55AE1-FollowerState was interrupted: java.lang.InterruptedException: sleep interrupted
2019-10-17 07:09:29,603 [grpc-default-executor-8] INFO  impl.RoleInfo (RoleInfo.java:updateAndGet(143)) - f3ee4219-89bb-47f2-bbe0-5f784575b745: start FollowerState
2019-10-17 07:09:29,603 [grpc-default-executor-7] INFO  impl.RoleInfo (RoleInfo.java:updateAndGet(143)) - 805254cc-2da6-48d8-a2f9-c1a3ceceab4a: start FollowerState
2019-10-17 07:09:29,603 [Thread-9730] INFO  impl.FollowerState (FollowerState.java:run(117)) - 805254cc-2da6-48d8-a2f9-c1a3ceceab4a@group-2C0FEEE55AE1-FollowerState was interrupted: java.lang.InterruptedException: sleep interrupted
2019-10-17 07:09:29,617 [696df33b-59a0-4145-913f-936aff0d1566@group-2C0FEEE55AE1-LeaderElection1092] INFO  impl.LeaderElection (LeaderElection.java:logAndReturn(56)) - 696df33b-59a0-4145-913f-936aff0d1566@group-2C0FEEE55AE1-LeaderElection1092: Election REJECTED; received 2 response(s) [696df33b-59a0-4145-913f-936aff0d1566<-f3ee4219-89bb-47f2-bbe0-5f784575b745#0:FAIL-t12, 696df33b-59a0-4145-913f-936aff0d1566<-805254cc-2da6-48d8-a2f9-c1a3ceceab4a#0:FAIL-t12] and 0 exception(s); 696df33b-59a0-4145-913f-936aff0d1566@group-2C0FEEE55AE1:t12, leader=null, voted=696df33b-59a0-4145-913f-936aff0d1566, raftlog=696df33b-59a0-4145-913f-936aff0d1566@group-2C0FEEE55AE1-SegmentedRaftLog:OPENED:c-1,f-1,i0, conf=-1: [f3ee4219-89bb-47f2-bbe0-5f784575b745:192.168.157.211:38722, 805254cc-2da6-48d8-a2f9-c1a3ceceab4a:192.168.157.211:35407, 696df33b-59a0-4145-913f-936aff0d1566:192.168.157.211:38803], old=null
2019-10-17 07:09:29,618 [696df33b-59a0-4145-913f-936aff0d1566@group-2C0FEEE55AE1-LeaderElection1092] INFO  impl.RaftServerImpl (RaftServerImpl.java:setRole(184)) - 696df33b-59a0-4145-913f-936aff0d1566@group-2C0FEEE55AE1: changes role from CANDIDATE to FOLLOWER at term 12 for DISCOVERED_A_NEW_TERM
2019-10-17 07:09:29,618 [696df33b-59a0-4145-913f-936aff0d1566@group-2C0FEEE55AE1-LeaderElection1092] INFO  impl.RoleInfo (RoleInfo.java:shutdownLeaderElection(134)) - 696df33b-59a0-4145-913f-936aff0d1566: shutdown LeaderElection
2019-10-17 07:09:29,618 [696df33b-59a0-4145-913f-936aff0d1566@group-2C0FEEE55AE1-LeaderElection1092] INFO  impl.RoleInfo (RoleInfo.java:updateAndGet(143)) - 696df33b-59a0-4145-913f-936aff0d1566: start FollowerState
2019-10-17 07:09:29,680 [Thread-9737] INFO  impl.FollowerState (FollowerState.java:run(108)) - 696df33b-59a0-4145-913f-936aff0d1566@group-2C0FEEE55AE1-FollowerState: change to CANDIDATE, lastRpcTime:62ms, electionTimeout:62ms
2019-10-17 07:09:29,680 [Thread-9737] INFO  impl.RoleInfo (RoleInfo.java:shutdownFollowerState(121)) - 696df33b-59a0-4145-913f-936aff0d1566: shutdown FollowerState
2019-10-17 07:09:29,680 [Thread-9737] INFO  impl.RaftServerImpl (RaftServerImpl.java:setRole(184)) - 696df33b-59a0-4145-913f-936aff0d1566@group-2C0FEEE55AE1: changes role from  FOLLOWER to CANDIDATE at term 12 for changeToCandidate
2019-10-17 07:09:29,680 [Thread-9737] INFO  impl.RoleInfo (RoleInfo.java:updateAndGet(143)) - 696df33b-59a0-4145-913f-936aff0d1566: start LeaderElection
2019-10-17 07:09:29,695 [696df33b-59a0-4145-913f-936aff0d1566@group-2C0FEEE55AE1-LeaderElection1093] INFO  impl.LeaderElection (LeaderElection.java:askForVotes(178)) - 696df33b-59a0-4145-913f-936aff0d1566@group-2C0FEEE55AE1-LeaderElection1093: begin an election at term 13 for -1: [f3ee4219-89bb-47f2-bbe0-5f784575b745:192.168.157.211:38722, 805254cc-2da6-48d8-a2f9-c1a3ceceab4a:192.168.157.211:35407, 696df33b-59a0-4145-913f-936aff0d1566:192.168.157.211:38803], old=null
2019-10-17 07:09:29,697 [grpc-default-executor-7] INFO  impl.RaftServerImpl (RaftServerImpl.java:setRole(184)) - f3ee4219-89bb-47f2-bbe0-5f784575b745@group-2C0FEEE55AE1: changes role from  FOLLOWER to FOLLOWER at term 13 for recognizeCandidate:696df33b-59a0-4145-913f-936aff0d1566
2019-10-17 07:09:29,697 [grpc-default-executor-7] INFO  impl.RoleInfo (RoleInfo.java:shutdownFollowerState(121)) - f3ee4219-89bb-47f2-bbe0-5f784575b745: shutdown FollowerState
2019-10-17 07:09:29,697 [grpc-default-executor-8] INFO  impl.RaftServerImpl (RaftServerImpl.java:setRole(184)) - 805254cc-2da6-48d8-a2f9-c1a3ceceab4a@group-2C0FEEE55AE1: changes role from  FOLLOWER to FOLLOWER at term 13 for recognizeCandidate:696df33b-59a0-4145-913f-936aff0d1566
2019-10-17 07:09:29,697 [Thread-9735] INFO  impl.FollowerState (FollowerState.java:run(117)) - f3ee4219-89bb-47f2-bbe0-5f784575b745@group-2C0FEEE55AE1-FollowerState was interrupted: java.lang.InterruptedException: sleep interrupted
2019-10-17 07:09:29,697 [grpc-default-executor-7] INFO  impl.RoleInfo (RoleInfo.java:updateAndGet(143)) - f3ee4219-89bb-47f2-bbe0-5f784575b745: start FollowerState
2019-10-17 07:09:29,697 [grpc-default-executor-8] INFO  impl.RoleInfo (RoleInfo.java:shutdownFollowerState(121)) - 805254cc-2da6-48d8-a2f9-c1a3ceceab4a: shutdown FollowerState
2019-10-17 07:09:29,698 [grpc-default-executor-8] INFO  impl.RoleInfo (RoleInfo.java:updateAndGet(143)) - 805254cc-2da6-48d8-a2f9-c1a3ceceab4a: start FollowerState
2019-10-17 07:09:29,698 [Thread-9736] INFO  impl.FollowerState (FollowerState.java:run(117)) - 805254cc-2da6-48d8-a2f9-c1a3ceceab4a@group-2C0FEEE55AE1-FollowerState was interrupted: java.lang.InterruptedException: sleep interrupted
2019-10-17 07:09:29,713 [696df33b-59a0-4145-913f-936aff0d1566@group-2C0FEEE55AE1-LeaderElection1093] INFO  impl.LeaderElection (LeaderElection.java:logAndReturn(56)) - 696df33b-59a0-4145-913f-936aff0d1566@group-2C0FEEE55AE1-LeaderElection1093: Election REJECTED; received 2 response(s) [696df33b-59a0-4145-913f-936aff0d1566<-f3ee4219-89bb-47f2-bbe0-5f784575b745#0:FAIL-t13, 696df33b-59a0-4145-913f-936aff0d1566<-805254cc-2da6-48d8-a2f9-c1a3ceceab4a#0:FAIL-t13] and 0 exception(s); 696df33b-59a0-4145-913f-936aff0d1566@group-2C0FEEE55AE1:t13, leader=null, voted=696df33b-59a0-4145-913f-936aff0d1566, raftlog=696df33b-59a0-4145-913f-936aff0d1566@group-2C0FEEE55AE1-SegmentedRaftLog:OPENED:c-1,f-1,i0, conf=-1: [f3ee4219-89bb-47f2-bbe0-5f784575b745:192.168.157.211:38722, 805254cc-2da6-48d8-a2f9-c1a3ceceab4a:192.168.157.211:35407, 696df33b-59a0-4145-913f-936aff0d1566:192.168.157.211:38803], old=null
2019-10-17 07:09:29,713 [696df33b-59a0-4145-913f-936aff0d1566@group-2C0FEEE55AE1-LeaderElection1093] INFO  impl.RaftServerImpl (RaftServerImpl.java:setRole(184)) - 696df33b-59a0-4145-913f-936aff0d1566@group-2C0FEEE55AE1: changes role from CANDIDATE to FOLLOWER at term 13 for DISCOVERED_A_NEW_TERM
2019-10-17 07:09:29,713 [696df33b-59a0-4145-913f-936aff0d1566@group-2C0FEEE55AE1-LeaderElection1093] INFO  impl.RoleInfo (RoleInfo.java:shutdownLeaderElection(134)) - 696df33b-59a0-4145-913f-936aff0d1566: shutdown LeaderElection
2019-10-17 07:09:29,713 [696df33b-59a0-4145-913f-936aff0d1566@group-2C0FEEE55AE1-LeaderElection1093] INFO  impl.RoleInfo (RoleInfo.java:updateAndGet(143)) - 696df33b-59a0-4145-913f-936aff0d1566: start FollowerState
2019-10-17 07:09:29,866 [Thread-9743] INFO  impl.FollowerState (FollowerState.java:run(108)) - 696df33b-59a0-4145-913f-936aff0d1566@group-2C0FEEE55AE1-FollowerState: change to CANDIDATE, lastRpcTime:152ms, electionTimeout:152ms
2019-10-17 07:09:29,866 [Thread-9743] INFO  impl.RoleInfo (RoleInfo.java:shutdownFollowerState(121)) - 696df33b-59a0-4145-913f-936aff0d1566: shutdown FollowerState
2019-10-17 07:09:29,866 [Thread-9743] INFO  impl.RaftServerImpl (RaftServerImpl.java:setRole(184)) - 696df33b-59a0-4145-913f-936aff0d1566@group-2C0FEEE55AE1: changes role from  FOLLOWER to CANDIDATE at term 13 for changeToCandidate
2019-10-17 07:09:29,866 [Thread-9743] INFO  impl.RoleInfo (RoleInfo.java:updateAndGet(143)) - 696df33b-59a0-4145-913f-936aff0d1566: start LeaderElection
2019-10-17 07:09:29,870 [main] INFO  ozone.MiniOzoneClusterImpl (MiniOzoneClusterImpl.java:lambda$waitForClusterToBeReady$0(147)) - Cluster is ready. Got 10 of 10 DN Heartbeats.
2019-10-17 07:09:29,879 [696df33b-59a0-4145-913f-936aff0d1566@group-2C0FEEE55AE1-LeaderElection1094] INFO  impl.LeaderElection (LeaderElection.java:askForVotes(178)) - 696df33b-59a0-4145-913f-936aff0d1566@group-2C0FEEE55AE1-LeaderElection1094: begin an election at term 14 for -1: [f3ee4219-89bb-47f2-bbe0-5f784575b745:192.168.157.211:38722, 805254cc-2da6-48d8-a2f9-c1a3ceceab4a:192.168.157.211:35407, 696df33b-59a0-4145-913f-936aff0d1566:192.168.157.211:38803], old=null
2019-10-17 07:09:29,880 [grpc-default-executor-7] INFO  impl.RaftServerImpl (RaftServerImpl.java:setRole(184)) - f3ee4219-89bb-47f2-bbe0-5f784575b745@group-2C0FEEE55AE1: changes role from  FOLLOWER to FOLLOWER at term 14 for recognizeCandidate:696df33b-59a0-4145-913f-936aff0d1566
2019-10-17 07:09:29,880 [grpc-default-executor-7] INFO  impl.RoleInfo (RoleInfo.java:shutdownFollowerState(121)) - f3ee4219-89bb-47f2-bbe0-5f784575b745: shutdown FollowerState
2019-10-17 07:09:29,880 [grpc-default-executor-8] INFO  impl.RaftServerImpl (RaftServerImpl.java:setRole(184)) - 805254cc-2da6-48d8-a2f9-c1a3ceceab4a@group-2C0FEEE55AE1: changes role from  FOLLOWER to FOLLOWER at term 14 for recognizeCandidate:696df33b-59a0-4145-913f-936aff0d1566
2019-10-17 07:09:29,881 [Thread-9741] INFO  impl.FollowerState (FollowerState.java:run(117)) - f3ee4219-89bb-47f2-bbe0-5f784575b745@group-2C0FEEE55AE1-FollowerState was interrupted: java.lang.InterruptedException: sleep interrupted
2019-10-17 07:09:29,880 [grpc-default-executor-7] INFO  impl.RoleInfo (RoleInfo.java:updateAndGet(143)) - f3ee4219-89bb-47f2-bbe0-5f784575b745: start FollowerState
2019-10-17 07:09:29,882 [grpc-default-executor-8] INFO  impl.RoleInfo (RoleInfo.java:shutdownFollowerState(121)) - 805254cc-2da6-48d8-a2f9-c1a3ceceab4a: shutdown FollowerState
2019-10-17 07:09:29,883 [grpc-default-executor-8] INFO  impl.RoleInfo (RoleInfo.java:updateAndGet(143)) - 805254cc-2da6-48d8-a2f9-c1a3ceceab4a: start FollowerState
2019-10-17 07:09:29,883 [Thread-9742] INFO  impl.FollowerState (FollowerState.java:run(117)) - 805254cc-2da6-48d8-a2f9-c1a3ceceab4a@group-2C0FEEE55AE1-FollowerState was interrupted: java.lang.InterruptedException: sleep interrupted
2019-10-17 07:09:29,902 [main] INFO  rpc.RpcClient (RpcClient.java:createVolume(272)) - Creating Volume: datanodefailurehandlingtest, with jenkins1000 as owner.
2019-10-17 07:09:29,904 [IPC Server handler 6 on 33701] INFO  volume.OMVolumeCreateRequest (OMVolumeCreateRequest.java:validateAndUpdateCache(193)) - created volume:datanodefailurehandlingtest for user:jenkins1000
2019-10-17 07:09:29,908 [696df33b-59a0-4145-913f-936aff0d1566@group-2C0FEEE55AE1-LeaderElection1094] INFO  impl.LeaderElection (LeaderElection.java:logAndReturn(56)) - 696df33b-59a0-4145-913f-936aff0d1566@group-2C0FEEE55AE1-LeaderElection1094: Election REJECTED; received 2 response(s) [696df33b-59a0-4145-913f-936aff0d1566<-f3ee4219-89bb-47f2-bbe0-5f784575b745#0:FAIL-t14, 696df33b-59a0-4145-913f-936aff0d1566<-805254cc-2da6-48d8-a2f9-c1a3ceceab4a#0:FAIL-t14] and 0 exception(s); 696df33b-59a0-4145-913f-936aff0d1566@group-2C0FEEE55AE1:t14, leader=null, voted=696df33b-59a0-4145-913f-936aff0d1566, raftlog=696df33b-59a0-4145-913f-936aff0d1566@group-2C0FEEE55AE1-SegmentedRaftLog:OPENED:c-1,f-1,i0, conf=-1: [f3ee4219-89bb-47f2-bbe0-5f784575b745:192.168.157.211:38722, 805254cc-2da6-48d8-a2f9-c1a3ceceab4a:192.168.157.211:35407, 696df33b-59a0-4145-913f-936aff0d1566:192.168.157.211:38803], old=null
2019-10-17 07:09:29,909 [696df33b-59a0-4145-913f-936aff0d1566@group-2C0FEEE55AE1-LeaderElection1094] INFO  impl.RaftServerImpl (RaftServerImpl.java:setRole(184)) - 696df33b-59a0-4145-913f-936aff0d1566@group-2C0FEEE55AE1: changes role from CANDIDATE to FOLLOWER at term 14 for DISCOVERED_A_NEW_TERM
2019-10-17 07:09:29,915 [696df33b-59a0-4145-913f-936aff0d1566@group-2C0FEEE55AE1-LeaderElection1094] INFO  impl.RoleInfo (RoleInfo.java:shutdownLeaderElection(134)) - 696df33b-59a0-4145-913f-936aff0d1566: shutdown LeaderElection
2019-10-17 07:09:29,915 [696df33b-59a0-4145-913f-936aff0d1566@group-2C0FEEE55AE1-LeaderElection1094] INFO  impl.RoleInfo (RoleInfo.java:updateAndGet(143)) - 696df33b-59a0-4145-913f-936aff0d1566: start FollowerState
2019-10-17 07:09:29,916 [main] INFO  rpc.RpcClient (RpcClient.java:createBucket(411)) - Creating Bucket: datanodefailurehandlingtest/datanodefailurehandlingtest, with Versioning false and Storage Type set to DISK and Encryption set to false 
2019-10-17 07:09:29,924 [IPC Server handler 2 on 39899] INFO  server.SCMBlockProtocolServer (SCMBlockProtocolServer.java:allocateBlock(179)) - Allocating blocks 1 of size 4194304, with excludeList: datanodes = [], pipelines = [], containers = []
2019-10-17 07:09:29,950 [Thread-9751] INFO  impl.FollowerState (FollowerState.java:run(108)) - 696df33b-59a0-4145-913f-936aff0d1566@group-2C0FEEE55AE1-FollowerState: change to CANDIDATE, lastRpcTime:34ms, electionTimeout:34ms
2019-10-17 07:09:29,950 [Thread-9751] INFO  impl.RoleInfo (RoleInfo.java:shutdownFollowerState(121)) - 696df33b-59a0-4145-913f-936aff0d1566: shutdown FollowerState
2019-10-17 07:09:29,950 [Thread-9751] INFO  impl.RaftServerImpl (RaftServerImpl.java:setRole(184)) - 696df33b-59a0-4145-913f-936aff0d1566@group-2C0FEEE55AE1: changes role from  FOLLOWER to CANDIDATE at term 14 for changeToCandidate
2019-10-17 07:09:29,950 [Thread-9751] INFO  impl.RoleInfo (RoleInfo.java:updateAndGet(143)) - 696df33b-59a0-4145-913f-936aff0d1566: start LeaderElection
2019-10-17 07:09:29,976 [696df33b-59a0-4145-913f-936aff0d1566@group-2C0FEEE55AE1-LeaderElection1095] INFO  impl.LeaderElection (LeaderElection.java:askForVotes(178)) - 696df33b-59a0-4145-913f-936aff0d1566@group-2C0FEEE55AE1-LeaderElection1095: begin an election at term 15 for -1: [f3ee4219-89bb-47f2-bbe0-5f784575b745:192.168.157.211:38722, 805254cc-2da6-48d8-a2f9-c1a3ceceab4a:192.168.157.211:35407, 696df33b-59a0-4145-913f-936aff0d1566:192.168.157.211:38803], old=null
2019-10-17 07:09:29,977 [grpc-default-executor-8] INFO  impl.RaftServerImpl (RaftServerImpl.java:setRole(184)) - f3ee4219-89bb-47f2-bbe0-5f784575b745@group-2C0FEEE55AE1: changes role from  FOLLOWER to FOLLOWER at term 15 for recognizeCandidate:696df33b-59a0-4145-913f-936aff0d1566
2019-10-17 07:09:29,977 [grpc-default-executor-7] INFO  impl.RaftServerImpl (RaftServerImpl.java:setRole(184)) - 805254cc-2da6-48d8-a2f9-c1a3ceceab4a@group-2C0FEEE55AE1: changes role from  FOLLOWER to FOLLOWER at term 15 for recognizeCandidate:696df33b-59a0-4145-913f-936aff0d1566
2019-10-17 07:09:29,977 [grpc-default-executor-7] INFO  impl.RoleInfo (RoleInfo.java:shutdownFollowerState(121)) - 805254cc-2da6-48d8-a2f9-c1a3ceceab4a: shutdown FollowerState
2019-10-17 07:09:29,977 [grpc-default-executor-8] INFO  impl.RoleInfo (RoleInfo.java:shutdownFollowerState(121)) - f3ee4219-89bb-47f2-bbe0-5f784575b745: shutdown FollowerState
2019-10-17 07:09:29,977 [Thread-9750] INFO  impl.FollowerState (FollowerState.java:run(117)) - 805254cc-2da6-48d8-a2f9-c1a3ceceab4a@group-2C0FEEE55AE1-FollowerState was interrupted: java.lang.InterruptedException: sleep interrupted
2019-10-17 07:09:29,977 [grpc-default-executor-7] INFO  impl.RoleInfo (RoleInfo.java:updateAndGet(143)) - 805254cc-2da6-48d8-a2f9-c1a3ceceab4a: start FollowerState
2019-10-17 07:09:29,978 [Thread-9748] INFO  impl.FollowerState (FollowerState.java:run(117)) - f3ee4219-89bb-47f2-bbe0-5f784575b745@group-2C0FEEE55AE1-FollowerState was interrupted: java.lang.InterruptedException: sleep interrupted
2019-10-17 07:09:29,978 [grpc-default-executor-8] INFO  impl.RoleInfo (RoleInfo.java:updateAndGet(143)) - f3ee4219-89bb-47f2-bbe0-5f784575b745: start FollowerState
2019-10-17 07:09:30,003 [696df33b-59a0-4145-913f-936aff0d1566@group-2C0FEEE55AE1-LeaderElection1095] INFO  impl.LeaderElection (LeaderElection.java:logAndReturn(56)) - 696df33b-59a0-4145-913f-936aff0d1566@group-2C0FEEE55AE1-LeaderElection1095: Election REJECTED; received 2 response(s) [696df33b-59a0-4145-913f-936aff0d1566<-f3ee4219-89bb-47f2-bbe0-5f784575b745#0:FAIL-t15, 696df33b-59a0-4145-913f-936aff0d1566<-805254cc-2da6-48d8-a2f9-c1a3ceceab4a#0:FAIL-t15] and 0 exception(s); 696df33b-59a0-4145-913f-936aff0d1566@group-2C0FEEE55AE1:t15, leader=null, voted=696df33b-59a0-4145-913f-936aff0d1566, raftlog=696df33b-59a0-4145-913f-936aff0d1566@group-2C0FEEE55AE1-SegmentedRaftLog:OPENED:c-1,f-1,i0, conf=-1: [f3ee4219-89bb-47f2-bbe0-5f784575b745:192.168.157.211:38722, 805254cc-2da6-48d8-a2f9-c1a3ceceab4a:192.168.157.211:35407, 696df33b-59a0-4145-913f-936aff0d1566:192.168.157.211:38803], old=null
2019-10-17 07:09:30,003 [696df33b-59a0-4145-913f-936aff0d1566@group-2C0FEEE55AE1-LeaderElection1095] INFO  impl.RaftServerImpl (RaftServerImpl.java:setRole(184)) - 696df33b-59a0-4145-913f-936aff0d1566@group-2C0FEEE55AE1: changes role from CANDIDATE to FOLLOWER at term 15 for DISCOVERED_A_NEW_TERM
2019-10-17 07:09:30,004 [696df33b-59a0-4145-913f-936aff0d1566@group-2C0FEEE55AE1-LeaderElection1095] INFO  impl.RoleInfo (RoleInfo.java:shutdownLeaderElection(134)) - 696df33b-59a0-4145-913f-936aff0d1566: shutdown LeaderElection
2019-10-17 07:09:30,004 [696df33b-59a0-4145-913f-936aff0d1566@group-2C0FEEE55AE1-LeaderElection1095] INFO  impl.RoleInfo (RoleInfo.java:updateAndGet(143)) - 696df33b-59a0-4145-913f-936aff0d1566: start FollowerState
2019-10-17 07:09:30,204 [Thread-9764] INFO  impl.FollowerState (FollowerState.java:run(108)) - 696df33b-59a0-4145-913f-936aff0d1566@group-2C0FEEE55AE1-FollowerState: change to CANDIDATE, lastRpcTime:200ms, electionTimeout:200ms
2019-10-17 07:09:30,204 [Thread-9764] INFO  impl.RoleInfo (RoleInfo.java:shutdownFollowerState(121)) - 696df33b-59a0-4145-913f-936aff0d1566: shutdown FollowerState
2019-10-17 07:09:30,204 [Thread-9764] INFO  impl.RaftServerImpl (RaftServerImpl.java:setRole(184)) - 696df33b-59a0-4145-913f-936aff0d1566@group-2C0FEEE55AE1: changes role from  FOLLOWER to CANDIDATE at term 15 for changeToCandidate
2019-10-17 07:09:30,204 [Thread-9764] INFO  impl.RoleInfo (RoleInfo.java:updateAndGet(143)) - 696df33b-59a0-4145-913f-936aff0d1566: start LeaderElection
2019-10-17 07:09:30,218 [696df33b-59a0-4145-913f-936aff0d1566@group-2C0FEEE55AE1-LeaderElection1096] INFO  impl.LeaderElection (LeaderElection.java:askForVotes(178)) - 696df33b-59a0-4145-913f-936aff0d1566@group-2C0FEEE55AE1-LeaderElection1096: begin an election at term 16 for -1: [f3ee4219-89bb-47f2-bbe0-5f784575b745:192.168.157.211:38722, 805254cc-2da6-48d8-a2f9-c1a3ceceab4a:192.168.157.211:35407, 696df33b-59a0-4145-913f-936aff0d1566:192.168.157.211:38803], old=null
2019-10-17 07:09:30,220 [grpc-default-executor-8] INFO  impl.RaftServerImpl (RaftServerImpl.java:setRole(184)) - 805254cc-2da6-48d8-a2f9-c1a3ceceab4a@group-2C0FEEE55AE1: changes role from  FOLLOWER to FOLLOWER at term 16 for recognizeCandidate:696df33b-59a0-4145-913f-936aff0d1566
2019-10-17 07:09:30,220 [grpc-default-executor-8] INFO  impl.RoleInfo (RoleInfo.java:shutdownFollowerState(121)) - 805254cc-2da6-48d8-a2f9-c1a3ceceab4a: shutdown FollowerState
2019-10-17 07:09:30,220 [grpc-default-executor-7] INFO  impl.RaftServerImpl (RaftServerImpl.java:setRole(184)) - f3ee4219-89bb-47f2-bbe0-5f784575b745@group-2C0FEEE55AE1: changes role from  FOLLOWER to FOLLOWER at term 16 for recognizeCandidate:696df33b-59a0-4145-913f-936aff0d1566
2019-10-17 07:09:30,220 [grpc-default-executor-7] INFO  impl.RoleInfo (RoleInfo.java:shutdownFollowerState(121)) - f3ee4219-89bb-47f2-bbe0-5f784575b745: shutdown FollowerState
2019-10-17 07:09:30,220 [Thread-9762] INFO  impl.FollowerState (FollowerState.java:run(117)) - 805254cc-2da6-48d8-a2f9-c1a3ceceab4a@group-2C0FEEE55AE1-FollowerState was interrupted: java.lang.InterruptedException: sleep interrupted
2019-10-17 07:09:30,220 [grpc-default-executor-8] INFO  impl.RoleInfo (RoleInfo.java:updateAndGet(143)) - 805254cc-2da6-48d8-a2f9-c1a3ceceab4a: start FollowerState
2019-10-17 07:09:30,220 [Thread-9763] INFO  impl.FollowerState (FollowerState.java:run(117)) - f3ee4219-89bb-47f2-bbe0-5f784575b745@group-2C0FEEE55AE1-FollowerState was interrupted: java.lang.InterruptedException: sleep interrupted
2019-10-17 07:09:30,220 [grpc-default-executor-7] INFO  impl.RoleInfo (RoleInfo.java:updateAndGet(143)) - f3ee4219-89bb-47f2-bbe0-5f784575b745: start FollowerState
2019-10-17 07:09:30,235 [696df33b-59a0-4145-913f-936aff0d1566@group-2C0FEEE55AE1-LeaderElection1096] INFO  impl.LeaderElection (LeaderElection.java:logAndReturn(56)) - 696df33b-59a0-4145-913f-936aff0d1566@group-2C0FEEE55AE1-LeaderElection1096: Election REJECTED; received 2 response(s) [696df33b-59a0-4145-913f-936aff0d1566<-f3ee4219-89bb-47f2-bbe0-5f784575b745#0:FAIL-t16, 696df33b-59a0-4145-913f-936aff0d1566<-805254cc-2da6-48d8-a2f9-c1a3ceceab4a#0:FAIL-t16] and 0 exception(s); 696df33b-59a0-4145-913f-936aff0d1566@group-2C0FEEE55AE1:t16, leader=null, voted=696df33b-59a0-4145-913f-936aff0d1566, raftlog=696df33b-59a0-4145-913f-936aff0d1566@group-2C0FEEE55AE1-SegmentedRaftLog:OPENED:c-1,f-1,i0, conf=-1: [f3ee4219-89bb-47f2-bbe0-5f784575b745:192.168.157.211:38722, 805254cc-2da6-48d8-a2f9-c1a3ceceab4a:192.168.157.211:35407, 696df33b-59a0-4145-913f-936aff0d1566:192.168.157.211:38803], old=null
2019-10-17 07:09:30,235 [696df33b-59a0-4145-913f-936aff0d1566@group-2C0FEEE55AE1-LeaderElection1096] INFO  impl.RaftServerImpl (RaftServerImpl.java:setRole(184)) - 696df33b-59a0-4145-913f-936aff0d1566@group-2C0FEEE55AE1: changes role from CANDIDATE to FOLLOWER at term 16 for DISCOVERED_A_NEW_TERM
2019-10-17 07:09:30,235 [696df33b-59a0-4145-913f-936aff0d1566@group-2C0FEEE55AE1-LeaderElection1096] INFO  impl.RoleInfo (RoleInfo.java:shutdownLeaderElection(134)) - 696df33b-59a0-4145-913f-936aff0d1566: shutdown LeaderElection
2019-10-17 07:09:30,235 [696df33b-59a0-4145-913f-936aff0d1566@group-2C0FEEE55AE1-LeaderElection1096] INFO  impl.RoleInfo (RoleInfo.java:updateAndGet(143)) - 696df33b-59a0-4145-913f-936aff0d1566: start FollowerState
2019-10-17 07:09:30,396 [Thread-9770] INFO  impl.FollowerState (FollowerState.java:run(108)) - 696df33b-59a0-4145-913f-936aff0d1566@group-2C0FEEE55AE1-FollowerState: change to CANDIDATE, lastRpcTime:161ms, electionTimeout:161ms
2019-10-17 07:09:30,396 [Thread-9770] INFO  impl.RoleInfo (RoleInfo.java:shutdownFollowerState(121)) - 696df33b-59a0-4145-913f-936aff0d1566: shutdown FollowerState
2019-10-17 07:09:30,397 [Thread-9770] INFO  impl.RaftServerImpl (RaftServerImpl.java:setRole(184)) - 696df33b-59a0-4145-913f-936aff0d1566@group-2C0FEEE55AE1: changes role from  FOLLOWER to CANDIDATE at term 16 for changeToCandidate
2019-10-17 07:09:30,397 [Thread-9770] INFO  impl.RoleInfo (RoleInfo.java:updateAndGet(143)) - 696df33b-59a0-4145-913f-936aff0d1566: start LeaderElection
2019-10-17 07:09:30,422 [696df33b-59a0-4145-913f-936aff0d1566@group-2C0FEEE55AE1-LeaderElection1097] INFO  impl.LeaderElection (LeaderElection.java:askForVotes(178)) - 696df33b-59a0-4145-913f-936aff0d1566@group-2C0FEEE55AE1-LeaderElection1097: begin an election at term 17 for -1: [f3ee4219-89bb-47f2-bbe0-5f784575b745:192.168.157.211:38722, 805254cc-2da6-48d8-a2f9-c1a3ceceab4a:192.168.157.211:35407, 696df33b-59a0-4145-913f-936aff0d1566:192.168.157.211:38803], old=null
2019-10-17 07:09:30,423 [grpc-default-executor-8] INFO  impl.RaftServerImpl (RaftServerImpl.java:setRole(184)) - f3ee4219-89bb-47f2-bbe0-5f784575b745@group-2C0FEEE55AE1: changes role from  FOLLOWER to FOLLOWER at term 17 for recognizeCandidate:696df33b-59a0-4145-913f-936aff0d1566
2019-10-17 07:09:30,423 [grpc-default-executor-8] INFO  impl.RoleInfo (RoleInfo.java:shutdownFollowerState(121)) - f3ee4219-89bb-47f2-bbe0-5f784575b745: shutdown FollowerState
2019-10-17 07:09:30,423 [grpc-default-executor-7] INFO  impl.RaftServerImpl (RaftServerImpl.java:setRole(184)) - 805254cc-2da6-48d8-a2f9-c1a3ceceab4a@group-2C0FEEE55AE1: changes role from  FOLLOWER to FOLLOWER at term 17 for recognizeCandidate:696df33b-59a0-4145-913f-936aff0d1566
2019-10-17 07:09:30,423 [Thread-9769] INFO  impl.FollowerState (FollowerState.java:run(117)) - f3ee4219-89bb-47f2-bbe0-5f784575b745@group-2C0FEEE55AE1-FollowerState was interrupted: java.lang.InterruptedException: sleep interrupted
2019-10-17 07:09:30,423 [grpc-default-executor-8] INFO  impl.RoleInfo (RoleInfo.java:updateAndGet(143)) - f3ee4219-89bb-47f2-bbe0-5f784575b745: start FollowerState
2019-10-17 07:09:30,423 [grpc-default-executor-7] INFO  impl.RoleInfo (RoleInfo.java:shutdownFollowerState(121)) - 805254cc-2da6-48d8-a2f9-c1a3ceceab4a: shutdown FollowerState
2019-10-17 07:09:30,424 [grpc-default-executor-7] INFO  impl.RoleInfo (RoleInfo.java:updateAndGet(143)) - 805254cc-2da6-48d8-a2f9-c1a3ceceab4a: start FollowerState
2019-10-17 07:09:30,424 [Thread-9768] INFO  impl.FollowerState (FollowerState.java:run(117)) - 805254cc-2da6-48d8-a2f9-c1a3ceceab4a@group-2C0FEEE55AE1-FollowerState was interrupted: java.lang.InterruptedException: sleep interrupted
2019-10-17 07:09:30,448 [696df33b-59a0-4145-913f-936aff0d1566@group-2C0FEEE55AE1-LeaderElection1097] INFO  impl.LeaderElection (LeaderElection.java:logAndReturn(56)) - 696df33b-59a0-4145-913f-936aff0d1566@group-2C0FEEE55AE1-LeaderElection1097: Election REJECTED; received 2 response(s) [696df33b-59a0-4145-913f-936aff0d1566<-f3ee4219-89bb-47f2-bbe0-5f784575b745#0:FAIL-t17, 696df33b-59a0-4145-913f-936aff0d1566<-805254cc-2da6-48d8-a2f9-c1a3ceceab4a#0:FAIL-t17] and 0 exception(s); 696df33b-59a0-4145-913f-936aff0d1566@group-2C0FEEE55AE1:t17, leader=null, voted=696df33b-59a0-4145-913f-936aff0d1566, raftlog=696df33b-59a0-4145-913f-936aff0d1566@group-2C0FEEE55AE1-SegmentedRaftLog:OPENED:c-1,f-1,i0, conf=-1: [f3ee4219-89bb-47f2-bbe0-5f784575b745:192.168.157.211:38722, 805254cc-2da6-48d8-a2f9-c1a3ceceab4a:192.168.157.211:35407, 696df33b-59a0-4145-913f-936aff0d1566:192.168.157.211:38803], old=null
2019-10-17 07:09:30,448 [696df33b-59a0-4145-913f-936aff0d1566@group-2C0FEEE55AE1-LeaderElection1097] INFO  impl.RaftServerImpl (RaftServerImpl.java:setRole(184)) - 696df33b-59a0-4145-913f-936aff0d1566@group-2C0FEEE55AE1: changes role from CANDIDATE to FOLLOWER at term 17 for DISCOVERED_A_NEW_TERM
2019-10-17 07:09:30,449 [696df33b-59a0-4145-913f-936aff0d1566@group-2C0FEEE55AE1-LeaderElection1097] INFO  impl.RoleInfo (RoleInfo.java:shutdownLeaderElection(134)) - 696df33b-59a0-4145-913f-936aff0d1566: shutdown LeaderElection
2019-10-17 07:09:30,449 [696df33b-59a0-4145-913f-936aff0d1566@group-2C0FEEE55AE1-LeaderElection1097] INFO  impl.RoleInfo (RoleInfo.java:updateAndGet(143)) - 696df33b-59a0-4145-913f-936aff0d1566: start FollowerState
2019-10-17 07:09:30,595 [Thread-9780] INFO  impl.FollowerState (FollowerState.java:run(108)) - 696df33b-59a0-4145-913f-936aff0d1566@group-2C0FEEE55AE1-FollowerState: change to CANDIDATE, lastRpcTime:146ms, electionTimeout:146ms
2019-10-17 07:09:30,595 [Thread-9780] INFO  impl.RoleInfo (RoleInfo.java:shutdownFollowerState(121)) - 696df33b-59a0-4145-913f-936aff0d1566: shutdown FollowerState
2019-10-17 07:09:30,595 [Thread-9780] INFO  impl.RaftServerImpl (RaftServerImpl.java:setRole(184)) - 696df33b-59a0-4145-913f-936aff0d1566@group-2C0FEEE55AE1: changes role from  FOLLOWER to CANDIDATE at term 17 for changeToCandidate
2019-10-17 07:09:30,595 [Thread-9780] INFO  impl.RoleInfo (RoleInfo.java:updateAndGet(143)) - 696df33b-59a0-4145-913f-936aff0d1566: start LeaderElection
2019-10-17 07:09:30,608 [696df33b-59a0-4145-913f-936aff0d1566@group-2C0FEEE55AE1-LeaderElection1098] INFO  impl.LeaderElection (LeaderElection.java:askForVotes(178)) - 696df33b-59a0-4145-913f-936aff0d1566@group-2C0FEEE55AE1-LeaderElection1098: begin an election at term 18 for -1: [f3ee4219-89bb-47f2-bbe0-5f784575b745:192.168.157.211:38722, 805254cc-2da6-48d8-a2f9-c1a3ceceab4a:192.168.157.211:35407, 696df33b-59a0-4145-913f-936aff0d1566:192.168.157.211:38803], old=null
2019-10-17 07:09:30,609 [grpc-default-executor-8] INFO  impl.RaftServerImpl (RaftServerImpl.java:setRole(184)) - f3ee4219-89bb-47f2-bbe0-5f784575b745@group-2C0FEEE55AE1: changes role from  FOLLOWER to FOLLOWER at term 18 for recognizeCandidate:696df33b-59a0-4145-913f-936aff0d1566
2019-10-17 07:09:30,609 [grpc-default-executor-8] INFO  impl.RoleInfo (RoleInfo.java:shutdownFollowerState(121)) - f3ee4219-89bb-47f2-bbe0-5f784575b745: shutdown FollowerState
2019-10-17 07:09:30,609 [grpc-default-executor-7] INFO  impl.RaftServerImpl (RaftServerImpl.java:setRole(184)) - 805254cc-2da6-48d8-a2f9-c1a3ceceab4a@group-2C0FEEE55AE1: changes role from  FOLLOWER to FOLLOWER at term 18 for recognizeCandidate:696df33b-59a0-4145-913f-936aff0d1566
2019-10-17 07:09:30,610 [grpc-default-executor-7] INFO  impl.RoleInfo (RoleInfo.java:shutdownFollowerState(121)) - 805254cc-2da6-48d8-a2f9-c1a3ceceab4a: shutdown FollowerState
2019-10-17 07:09:30,610 [grpc-default-executor-7] INFO  impl.RoleInfo (RoleInfo.java:updateAndGet(143)) - 805254cc-2da6-48d8-a2f9-c1a3ceceab4a: start FollowerState
2019-10-17 07:09:30,610 [Thread-9776] INFO  impl.FollowerState (FollowerState.java:run(117)) - f3ee4219-89bb-47f2-bbe0-5f784575b745@group-2C0FEEE55AE1-FollowerState was interrupted: java.lang.InterruptedException: sleep interrupted
2019-10-17 07:09:30,610 [grpc-default-executor-8] INFO  impl.RoleInfo (RoleInfo.java:updateAndGet(143)) - f3ee4219-89bb-47f2-bbe0-5f784575b745: start FollowerState
2019-10-17 07:09:30,610 [Thread-9777] INFO  impl.FollowerState (FollowerState.java:run(117)) - 805254cc-2da6-48d8-a2f9-c1a3ceceab4a@group-2C0FEEE55AE1-FollowerState was interrupted: java.lang.InterruptedException: sleep interrupted
2019-10-17 07:09:30,636 [696df33b-59a0-4145-913f-936aff0d1566@group-2C0FEEE55AE1-LeaderElection1098] INFO  impl.LeaderElection (LeaderElection.java:logAndReturn(56)) - 696df33b-59a0-4145-913f-936aff0d1566@group-2C0FEEE55AE1-LeaderElection1098: Election REJECTED; received 2 response(s) [696df33b-59a0-4145-913f-936aff0d1566<-f3ee4219-89bb-47f2-bbe0-5f784575b745#0:FAIL-t18, 696df33b-59a0-4145-913f-936aff0d1566<-805254cc-2da6-48d8-a2f9-c1a3ceceab4a#0:FAIL-t18] and 0 exception(s); 696df33b-59a0-4145-913f-936aff0d1566@group-2C0FEEE55AE1:t18, leader=null, voted=696df33b-59a0-4145-913f-936aff0d1566, raftlog=696df33b-59a0-4145-913f-936aff0d1566@group-2C0FEEE55AE1-SegmentedRaftLog:OPENED:c-1,f-1,i0, conf=-1: [f3ee4219-89bb-47f2-bbe0-5f784575b745:192.168.157.211:38722, 805254cc-2da6-48d8-a2f9-c1a3ceceab4a:192.168.157.211:35407, 696df33b-59a0-4145-913f-936aff0d1566:192.168.157.211:38803], old=null
2019-10-17 07:09:30,636 [696df33b-59a0-4145-913f-936aff0d1566@group-2C0FEEE55AE1-LeaderElection1098] INFO  impl.RaftServerImpl (RaftServerImpl.java:setRole(184)) - 696df33b-59a0-4145-913f-936aff0d1566@group-2C0FEEE55AE1: changes role from CANDIDATE to FOLLOWER at term 18 for DISCOVERED_A_NEW_TERM
2019-10-17 07:09:30,636 [696df33b-59a0-4145-913f-936aff0d1566@group-2C0FEEE55AE1-LeaderElection1098] INFO  impl.RoleInfo (RoleInfo.java:shutdownLeaderElection(134)) - 696df33b-59a0-4145-913f-936aff0d1566: shutdown LeaderElection
2019-10-17 07:09:30,636 [696df33b-59a0-4145-913f-936aff0d1566@group-2C0FEEE55AE1-LeaderElection1098] INFO  impl.RoleInfo (RoleInfo.java:updateAndGet(143)) - 696df33b-59a0-4145-913f-936aff0d1566: start FollowerState
2019-10-17 07:09:30,787 [Thread-9786] INFO  impl.FollowerState (FollowerState.java:run(108)) - 696df33b-59a0-4145-913f-936aff0d1566@group-2C0FEEE55AE1-FollowerState: change to CANDIDATE, lastRpcTime:151ms, electionTimeout:151ms
2019-10-17 07:09:30,787 [Thread-9786] INFO  impl.RoleInfo (RoleInfo.java:shutdownFollowerState(121)) - 696df33b-59a0-4145-913f-936aff0d1566: shutdown FollowerState
2019-10-17 07:09:30,787 [Thread-9786] INFO  impl.RaftServerImpl (RaftServerImpl.java:setRole(184)) - 696df33b-59a0-4145-913f-936aff0d1566@group-2C0FEEE55AE1: changes role from  FOLLOWER to CANDIDATE at term 18 for changeToCandidate
2019-10-17 07:09:30,788 [Thread-9786] INFO  impl.RoleInfo (RoleInfo.java:updateAndGet(143)) - 696df33b-59a0-4145-913f-936aff0d1566: start LeaderElection
2019-10-17 07:09:30,801 [696df33b-59a0-4145-913f-936aff0d1566@group-2C0FEEE55AE1-LeaderElection1099] INFO  impl.LeaderElection (LeaderElection.java:askForVotes(178)) - 696df33b-59a0-4145-913f-936aff0d1566@group-2C0FEEE55AE1-LeaderElection1099: begin an election at term 19 for -1: [f3ee4219-89bb-47f2-bbe0-5f784575b745:192.168.157.211:38722, 805254cc-2da6-48d8-a2f9-c1a3ceceab4a:192.168.157.211:35407, 696df33b-59a0-4145-913f-936aff0d1566:192.168.157.211:38803], old=null
2019-10-17 07:09:30,802 [grpc-default-executor-8] INFO  impl.RaftServerImpl (RaftServerImpl.java:setRole(184)) - f3ee4219-89bb-47f2-bbe0-5f784575b745@group-2C0FEEE55AE1: changes role from  FOLLOWER to FOLLOWER at term 19 for recognizeCandidate:696df33b-59a0-4145-913f-936aff0d1566
2019-10-17 07:09:30,802 [grpc-default-executor-7] INFO  impl.RaftServerImpl (RaftServerImpl.java:setRole(184)) - 805254cc-2da6-48d8-a2f9-c1a3ceceab4a@group-2C0FEEE55AE1: changes role from  FOLLOWER to FOLLOWER at term 19 for recognizeCandidate:696df33b-59a0-4145-913f-936aff0d1566
2019-10-17 07:09:30,802 [grpc-default-executor-7] INFO  impl.RoleInfo (RoleInfo.java:shutdownFollowerState(121)) - 805254cc-2da6-48d8-a2f9-c1a3ceceab4a: shutdown FollowerState
2019-10-17 07:09:30,802 [grpc-default-executor-8] INFO  impl.RoleInfo (RoleInfo.java:shutdownFollowerState(121)) - f3ee4219-89bb-47f2-bbe0-5f784575b745: shutdown FollowerState
2019-10-17 07:09:30,803 [Thread-9785] INFO  impl.FollowerState (FollowerState.java:run(117)) - 805254cc-2da6-48d8-a2f9-c1a3ceceab4a@group-2C0FEEE55AE1-FollowerState was interrupted: java.lang.InterruptedException: sleep interrupted
2019-10-17 07:09:30,803 [grpc-default-executor-7] INFO  impl.RoleInfo (RoleInfo.java:updateAndGet(143)) - 805254cc-2da6-48d8-a2f9-c1a3ceceab4a: start FollowerState
2019-10-17 07:09:30,803 [Thread-9784] INFO  impl.FollowerState (FollowerState.java:run(117)) - f3ee4219-89bb-47f2-bbe0-5f784575b745@group-2C0FEEE55AE1-FollowerState was interrupted: java.lang.InterruptedException: sleep interrupted
2019-10-17 07:09:30,803 [grpc-default-executor-8] INFO  impl.RoleInfo (RoleInfo.java:updateAndGet(143)) - f3ee4219-89bb-47f2-bbe0-5f784575b745: start FollowerState
2019-10-17 07:09:30,817 [696df33b-59a0-4145-913f-936aff0d1566@group-2C0FEEE55AE1-LeaderElection1099] INFO  impl.LeaderElection (LeaderElection.java:logAndReturn(56)) - 696df33b-59a0-4145-913f-936aff0d1566@group-2C0FEEE55AE1-LeaderElection1099: Election REJECTED; received 2 response(s) [696df33b-59a0-4145-913f-936aff0d1566<-f3ee4219-89bb-47f2-bbe0-5f784575b745#0:FAIL-t19, 696df33b-59a0-4145-913f-936aff0d1566<-805254cc-2da6-48d8-a2f9-c1a3ceceab4a#0:FAIL-t19] and 0 exception(s); 696df33b-59a0-4145-913f-936aff0d1566@group-2C0FEEE55AE1:t19, leader=null, voted=696df33b-59a0-4145-913f-936aff0d1566, raftlog=696df33b-59a0-4145-913f-936aff0d1566@group-2C0FEEE55AE1-SegmentedRaftLog:OPENED:c-1,f-1,i0, conf=-1: [f3ee4219-89bb-47f2-bbe0-5f784575b745:192.168.157.211:38722, 805254cc-2da6-48d8-a2f9-c1a3ceceab4a:192.168.157.211:35407, 696df33b-59a0-4145-913f-936aff0d1566:192.168.157.211:38803], old=null
2019-10-17 07:09:30,817 [696df33b-59a0-4145-913f-936aff0d1566@group-2C0FEEE55AE1-LeaderElection1099] INFO  impl.RaftServerImpl (RaftServerImpl.java:setRole(184)) - 696df33b-59a0-4145-913f-936aff0d1566@group-2C0FEEE55AE1: changes role from CANDIDATE to FOLLOWER at term 19 for DISCOVERED_A_NEW_TERM
2019-10-17 07:09:30,817 [696df33b-59a0-4145-913f-936aff0d1566@group-2C0FEEE55AE1-LeaderElection1099] INFO  impl.RoleInfo (RoleInfo.java:shutdownLeaderElection(134)) - 696df33b-59a0-4145-913f-936aff0d1566: shutdown LeaderElection
2019-10-17 07:09:30,817 [696df33b-59a0-4145-913f-936aff0d1566@group-2C0FEEE55AE1-LeaderElection1099] INFO  impl.RoleInfo (RoleInfo.java:updateAndGet(143)) - 696df33b-59a0-4145-913f-936aff0d1566: start FollowerState
2019-10-17 07:09:30,973 [Thread-9792] INFO  impl.FollowerState (FollowerState.java:run(108)) - 696df33b-59a0-4145-913f-936aff0d1566@group-2C0FEEE55AE1-FollowerState: change to CANDIDATE, lastRpcTime:156ms, electionTimeout:156ms
2019-10-17 07:09:30,973 [Thread-9792] INFO  impl.RoleInfo (RoleInfo.java:shutdownFollowerState(121)) - 696df33b-59a0-4145-913f-936aff0d1566: shutdown FollowerState
2019-10-17 07:09:30,973 [Thread-9792] INFO  impl.RaftServerImpl (RaftServerImpl.java:setRole(184)) - 696df33b-59a0-4145-913f-936aff0d1566@group-2C0FEEE55AE1: changes role from  FOLLOWER to CANDIDATE at term 19 for changeToCandidate
2019-10-17 07:09:30,973 [Thread-9792] INFO  impl.RoleInfo (RoleInfo.java:updateAndGet(143)) - 696df33b-59a0-4145-913f-936aff0d1566: start LeaderElection
2019-10-17 07:09:30,989 [696df33b-59a0-4145-913f-936aff0d1566@group-2C0FEEE55AE1-LeaderElection1100] INFO  impl.LeaderElection (LeaderElection.java:askForVotes(178)) - 696df33b-59a0-4145-913f-936aff0d1566@group-2C0FEEE55AE1-LeaderElection1100: begin an election at term 20 for -1: [f3ee4219-89bb-47f2-bbe0-5f784575b745:192.168.157.211:38722, 805254cc-2da6-48d8-a2f9-c1a3ceceab4a:192.168.157.211:35407, 696df33b-59a0-4145-913f-936aff0d1566:192.168.157.211:38803], old=null
2019-10-17 07:09:30,993 [grpc-default-executor-8] INFO  impl.RaftServerImpl (RaftServerImpl.java:setRole(184)) - 805254cc-2da6-48d8-a2f9-c1a3ceceab4a@group-2C0FEEE55AE1: changes role from  FOLLOWER to FOLLOWER at term 20 for recognizeCandidate:696df33b-59a0-4145-913f-936aff0d1566
2019-10-17 07:09:30,994 [grpc-default-executor-2] INFO  impl.RaftServerImpl (RaftServerImpl.java:setRole(184)) - f3ee4219-89bb-47f2-bbe0-5f784575b745@group-2C0FEEE55AE1: changes role from  FOLLOWER to FOLLOWER at term 20 for recognizeCandidate:696df33b-59a0-4145-913f-936aff0d1566
2019-10-17 07:09:30,994 [grpc-default-executor-2] INFO  impl.RoleInfo (RoleInfo.java:shutdownFollowerState(121)) - f3ee4219-89bb-47f2-bbe0-5f784575b745: shutdown FollowerState
2019-10-17 07:09:30,994 [grpc-default-executor-8] INFO  impl.RoleInfo (RoleInfo.java:shutdownFollowerState(121)) - 805254cc-2da6-48d8-a2f9-c1a3ceceab4a: shutdown FollowerState
2019-10-17 07:09:30,994 [Thread-9791] INFO  impl.FollowerState (FollowerState.java:run(117)) - f3ee4219-89bb-47f2-bbe0-5f784575b745@group-2C0FEEE55AE1-FollowerState was interrupted: java.lang.InterruptedException: sleep interrupted
2019-10-17 07:09:30,994 [grpc-default-executor-2] INFO  impl.RoleInfo (RoleInfo.java:updateAndGet(143)) - f3ee4219-89bb-47f2-bbe0-5f784575b745: start FollowerState
2019-10-17 07:09:30,994 [Thread-9790] INFO  impl.FollowerState (FollowerState.java:run(117)) - 805254cc-2da6-48d8-a2f9-c1a3ceceab4a@group-2C0FEEE55AE1-FollowerState was interrupted: java.lang.InterruptedException: sleep interrupted
2019-10-17 07:09:30,994 [grpc-default-executor-8] INFO  impl.RoleInfo (RoleInfo.java:updateAndGet(143)) - 805254cc-2da6-48d8-a2f9-c1a3ceceab4a: start FollowerState
2019-10-17 07:09:31,020 [696df33b-59a0-4145-913f-936aff0d1566@group-2C0FEEE55AE1-LeaderElection1100] INFO  impl.LeaderElection (LeaderElection.java:logAndReturn(56)) - 696df33b-59a0-4145-913f-936aff0d1566@group-2C0FEEE55AE1-LeaderElection1100: Election REJECTED; received 2 response(s) [696df33b-59a0-4145-913f-936aff0d1566<-f3ee4219-89bb-47f2-bbe0-5f784575b745#0:FAIL-t20, 696df33b-59a0-4145-913f-936aff0d1566<-805254cc-2da6-48d8-a2f9-c1a3ceceab4a#0:FAIL-t20] and 0 exception(s); 696df33b-59a0-4145-913f-936aff0d1566@group-2C0FEEE55AE1:t20, leader=null, voted=696df33b-59a0-4145-913f-936aff0d1566, raftlog=696df33b-59a0-4145-913f-936aff0d1566@group-2C0FEEE55AE1-SegmentedRaftLog:OPENED:c-1,f-1,i0, conf=-1: [f3ee4219-89bb-47f2-bbe0-5f784575b745:192.168.157.211:38722, 805254cc-2da6-48d8-a2f9-c1a3ceceab4a:192.168.157.211:35407, 696df33b-59a0-4145-913f-936aff0d1566:192.168.157.211:38803], old=null
2019-10-17 07:09:31,020 [696df33b-59a0-4145-913f-936aff0d1566@group-2C0FEEE55AE1-LeaderElection1100] INFO  impl.RaftServerImpl (RaftServerImpl.java:setRole(184)) - 696df33b-59a0-4145-913f-936aff0d1566@group-2C0FEEE55AE1: changes role from CANDIDATE to FOLLOWER at term 20 for DISCOVERED_A_NEW_TERM
2019-10-17 07:09:31,020 [696df33b-59a0-4145-913f-936aff0d1566@group-2C0FEEE55AE1-LeaderElection1100] INFO  impl.RoleInfo (RoleInfo.java:shutdownLeaderElection(134)) - 696df33b-59a0-4145-913f-936aff0d1566: shutdown LeaderElection
2019-10-17 07:09:31,020 [696df33b-59a0-4145-913f-936aff0d1566@group-2C0FEEE55AE1-LeaderElection1100] INFO  impl.RoleInfo (RoleInfo.java:updateAndGet(143)) - 696df33b-59a0-4145-913f-936aff0d1566: start FollowerState
2019-10-17 07:09:31,063 [Thread-9804] INFO  impl.FollowerState (FollowerState.java:run(108)) - 696df33b-59a0-4145-913f-936aff0d1566@group-2C0FEEE55AE1-FollowerState: change to CANDIDATE, lastRpcTime:42ms, electionTimeout:42ms
2019-10-17 07:09:31,063 [Thread-9804] INFO  impl.RoleInfo (RoleInfo.java:shutdownFollowerState(121)) - 696df33b-59a0-4145-913f-936aff0d1566: shutdown FollowerState
2019-10-17 07:09:31,063 [Thread-9804] INFO  impl.RaftServerImpl (RaftServerImpl.java:setRole(184)) - 696df33b-59a0-4145-913f-936aff0d1566@group-2C0FEEE55AE1: changes role from  FOLLOWER to CANDIDATE at term 20 for changeToCandidate
2019-10-17 07:09:31,063 [Thread-9804] INFO  impl.RoleInfo (RoleInfo.java:updateAndGet(143)) - 696df33b-59a0-4145-913f-936aff0d1566: start LeaderElection
2019-10-17 07:09:31,078 [696df33b-59a0-4145-913f-936aff0d1566@group-2C0FEEE55AE1-LeaderElection1101] INFO  impl.LeaderElection (LeaderElection.java:askForVotes(178)) - 696df33b-59a0-4145-913f-936aff0d1566@group-2C0FEEE55AE1-LeaderElection1101: begin an election at term 21 for -1: [f3ee4219-89bb-47f2-bbe0-5f784575b745:192.168.157.211:38722, 805254cc-2da6-48d8-a2f9-c1a3ceceab4a:192.168.157.211:35407, 696df33b-59a0-4145-913f-936aff0d1566:192.168.157.211:38803], old=null
2019-10-17 07:09:31,079 [grpc-default-executor-2] INFO  impl.RaftServerImpl (RaftServerImpl.java:setRole(184)) - f3ee4219-89bb-47f2-bbe0-5f784575b745@group-2C0FEEE55AE1: changes role from  FOLLOWER to FOLLOWER at term 21 for recognizeCandidate:696df33b-59a0-4145-913f-936aff0d1566
2019-10-17 07:09:31,079 [grpc-default-executor-2] INFO  impl.RoleInfo (RoleInfo.java:shutdownFollowerState(121)) - f3ee4219-89bb-47f2-bbe0-5f784575b745: shutdown FollowerState
2019-10-17 07:09:31,079 [grpc-default-executor-2] INFO  impl.RoleInfo (RoleInfo.java:updateAndGet(143)) - f3ee4219-89bb-47f2-bbe0-5f784575b745: start FollowerState
2019-10-17 07:09:31,079 [grpc-default-executor-8] INFO  impl.RaftServerImpl (RaftServerImpl.java:setRole(184)) - 805254cc-2da6-48d8-a2f9-c1a3ceceab4a@group-2C0FEEE55AE1: changes role from  FOLLOWER to FOLLOWER at term 21 for recognizeCandidate:696df33b-59a0-4145-913f-936aff0d1566
2019-10-17 07:09:31,079 [grpc-default-executor-8] INFO  impl.RoleInfo (RoleInfo.java:shutdownFollowerState(121)) - 805254cc-2da6-48d8-a2f9-c1a3ceceab4a: shutdown FollowerState
2019-10-17 07:09:31,079 [Thread-9802] INFO  impl.FollowerState (FollowerState.java:run(117)) - f3ee4219-89bb-47f2-bbe0-5f784575b745@group-2C0FEEE55AE1-FollowerState was interrupted: java.lang.InterruptedException: sleep interrupted
2019-10-17 07:09:31,079 [grpc-default-executor-8] INFO  impl.RoleInfo (RoleInfo.java:updateAndGet(143)) - 805254cc-2da6-48d8-a2f9-c1a3ceceab4a: start FollowerState
2019-10-17 07:09:31,080 [Thread-9803] INFO  impl.FollowerState (FollowerState.java:run(117)) - 805254cc-2da6-48d8-a2f9-c1a3ceceab4a@group-2C0FEEE55AE1-FollowerState was interrupted: java.lang.InterruptedException: sleep interrupted
2019-10-17 07:09:31,105 [696df33b-59a0-4145-913f-936aff0d1566@group-2C0FEEE55AE1-LeaderElection1101] INFO  impl.LeaderElection (LeaderElection.java:logAndReturn(56)) - 696df33b-59a0-4145-913f-936aff0d1566@group-2C0FEEE55AE1-LeaderElection1101: Election REJECTED; received 2 response(s) [696df33b-59a0-4145-913f-936aff0d1566<-f3ee4219-89bb-47f2-bbe0-5f784575b745#0:FAIL-t21, 696df33b-59a0-4145-913f-936aff0d1566<-805254cc-2da6-48d8-a2f9-c1a3ceceab4a#0:FAIL-t21] and 0 exception(s); 696df33b-59a0-4145-913f-936aff0d1566@group-2C0FEEE55AE1:t21, leader=null, voted=696df33b-59a0-4145-913f-936aff0d1566, raftlog=696df33b-59a0-4145-913f-936aff0d1566@group-2C0FEEE55AE1-SegmentedRaftLog:OPENED:c-1,f-1,i0, conf=-1: [f3ee4219-89bb-47f2-bbe0-5f784575b745:192.168.157.211:38722, 805254cc-2da6-48d8-a2f9-c1a3ceceab4a:192.168.157.211:35407, 696df33b-59a0-4145-913f-936aff0d1566:192.168.157.211:38803], old=null
2019-10-17 07:09:31,105 [696df33b-59a0-4145-913f-936aff0d1566@group-2C0FEEE55AE1-LeaderElection1101] INFO  impl.RaftServerImpl (RaftServerImpl.java:setRole(184)) - 696df33b-59a0-4145-913f-936aff0d1566@group-2C0FEEE55AE1: changes role from CANDIDATE to FOLLOWER at term 21 for DISCOVERED_A_NEW_TERM
2019-10-17 07:09:31,105 [696df33b-59a0-4145-913f-936aff0d1566@group-2C0FEEE55AE1-LeaderElection1101] INFO  impl.RoleInfo (RoleInfo.java:shutdownLeaderElection(134)) - 696df33b-59a0-4145-913f-936aff0d1566: shutdown LeaderElection
2019-10-17 07:09:31,105 [696df33b-59a0-4145-913f-936aff0d1566@group-2C0FEEE55AE1-LeaderElection1101] INFO  impl.RoleInfo (RoleInfo.java:updateAndGet(143)) - 696df33b-59a0-4145-913f-936aff0d1566: start FollowerState
2019-10-17 07:09:31,138 [Thread-9810] INFO  impl.FollowerState (FollowerState.java:run(108)) - 696df33b-59a0-4145-913f-936aff0d1566@group-2C0FEEE55AE1-FollowerState: change to CANDIDATE, lastRpcTime:32ms, electionTimeout:32ms
2019-10-17 07:09:31,138 [Thread-9810] INFO  impl.RoleInfo (RoleInfo.java:shutdownFollowerState(121)) - 696df33b-59a0-4145-913f-936aff0d1566: shutdown FollowerState
2019-10-17 07:09:31,138 [Thread-9810] INFO  impl.RaftServerImpl (RaftServerImpl.java:setRole(184)) - 696df33b-59a0-4145-913f-936aff0d1566@group-2C0FEEE55AE1: changes role from  FOLLOWER to CANDIDATE at term 21 for changeToCandidate
2019-10-17 07:09:31,138 [Thread-9810] INFO  impl.RoleInfo (RoleInfo.java:updateAndGet(143)) - 696df33b-59a0-4145-913f-936aff0d1566: start LeaderElection
2019-10-17 07:09:31,152 [696df33b-59a0-4145-913f-936aff0d1566@group-2C0FEEE55AE1-LeaderElection1102] INFO  impl.LeaderElection (LeaderElection.java:askForVotes(178)) - 696df33b-59a0-4145-913f-936aff0d1566@group-2C0FEEE55AE1-LeaderElection1102: begin an election at term 22 for -1: [f3ee4219-89bb-47f2-bbe0-5f784575b745:192.168.157.211:38722, 805254cc-2da6-48d8-a2f9-c1a3ceceab4a:192.168.157.211:35407, 696df33b-59a0-4145-913f-936aff0d1566:192.168.157.211:38803], old=null
2019-10-17 07:09:31,154 [grpc-default-executor-2] INFO  impl.RaftServerImpl (RaftServerImpl.java:setRole(184)) - f3ee4219-89bb-47f2-bbe0-5f784575b745@group-2C0FEEE55AE1: changes role from  FOLLOWER to FOLLOWER at term 22 for recognizeCandidate:696df33b-59a0-4145-913f-936aff0d1566
2019-10-17 07:09:31,154 [grpc-default-executor-2] INFO  impl.RoleInfo (RoleInfo.java:shutdownFollowerState(121)) - f3ee4219-89bb-47f2-bbe0-5f784575b745: shutdown FollowerState
2019-10-17 07:09:31,154 [grpc-default-executor-8] INFO  impl.RaftServerImpl (RaftServerImpl.java:setRole(184)) - 805254cc-2da6-48d8-a2f9-c1a3ceceab4a@group-2C0FEEE55AE1: changes role from  FOLLOWER to FOLLOWER at term 22 for recognizeCandidate:696df33b-59a0-4145-913f-936aff0d1566
2019-10-17 07:09:31,154 [grpc-default-executor-8] INFO  impl.RoleInfo (RoleInfo.java:shutdownFollowerState(121)) - 805254cc-2da6-48d8-a2f9-c1a3ceceab4a: shutdown FollowerState
2019-10-17 07:09:31,154 [Thread-9808] INFO  impl.FollowerState (FollowerState.java:run(117)) - f3ee4219-89bb-47f2-bbe0-5f784575b745@group-2C0FEEE55AE1-FollowerState was interrupted: java.lang.InterruptedException: sleep interrupted
2019-10-17 07:09:31,154 [grpc-default-executor-2] INFO  impl.RoleInfo (RoleInfo.java:updateAndGet(143)) - f3ee4219-89bb-47f2-bbe0-5f784575b745: start FollowerState
2019-10-17 07:09:31,154 [grpc-default-executor-8] INFO  impl.RoleInfo (RoleInfo.java:updateAndGet(143)) - 805254cc-2da6-48d8-a2f9-c1a3ceceab4a: start FollowerState
2019-10-17 07:09:31,154 [Thread-9809] INFO  impl.FollowerState (FollowerState.java:run(117)) - 805254cc-2da6-48d8-a2f9-c1a3ceceab4a@group-2C0FEEE55AE1-FollowerState was interrupted: java.lang.InterruptedException: sleep interrupted
2019-10-17 07:09:31,180 [696df33b-59a0-4145-913f-936aff0d1566@group-2C0FEEE55AE1-LeaderElection1102] INFO  impl.LeaderElection (LeaderElection.java:logAndReturn(56)) - 696df33b-59a0-4145-913f-936aff0d1566@group-2C0FEEE55AE1-LeaderElection1102: Election REJECTED; received 2 response(s) [696df33b-59a0-4145-913f-936aff0d1566<-f3ee4219-89bb-47f2-bbe0-5f784575b745#0:FAIL-t22, 696df33b-59a0-4145-913f-936aff0d1566<-805254cc-2da6-48d8-a2f9-c1a3ceceab4a#0:FAIL-t22] and 0 exception(s); 696df33b-59a0-4145-913f-936aff0d1566@group-2C0FEEE55AE1:t22, leader=null, voted=696df33b-59a0-4145-913f-936aff0d1566, raftlog=696df33b-59a0-4145-913f-936aff0d1566@group-2C0FEEE55AE1-SegmentedRaftLog:OPENED:c-1,f-1,i0, conf=-1: [f3ee4219-89bb-47f2-bbe0-5f784575b745:192.168.157.211:38722, 805254cc-2da6-48d8-a2f9-c1a3ceceab4a:192.168.157.211:35407, 696df33b-59a0-4145-913f-936aff0d1566:192.168.157.211:38803], old=null
2019-10-17 07:09:31,180 [696df33b-59a0-4145-913f-936aff0d1566@group-2C0FEEE55AE1-LeaderElection1102] INFO  impl.RaftServerImpl (RaftServerImpl.java:setRole(184)) - 696df33b-59a0-4145-913f-936aff0d1566@group-2C0FEEE55AE1: changes role from CANDIDATE to FOLLOWER at term 22 for DISCOVERED_A_NEW_TERM
2019-10-17 07:09:31,180 [696df33b-59a0-4145-913f-936aff0d1566@group-2C0FEEE55AE1-LeaderElection1102] INFO  impl.RoleInfo (RoleInfo.java:shutdownLeaderElection(134)) - 696df33b-59a0-4145-913f-936aff0d1566: shutdown LeaderElection
2019-10-17 07:09:31,180 [696df33b-59a0-4145-913f-936aff0d1566@group-2C0FEEE55AE1-LeaderElection1102] INFO  impl.RoleInfo (RoleInfo.java:updateAndGet(143)) - 696df33b-59a0-4145-913f-936aff0d1566: start FollowerState
2019-10-17 07:09:31,235 [Thread-9545] INFO  container.ReplicationManager (ReplicationManager.java:start(162)) - Starting Replication Monitor Thread.
2019-10-17 07:09:31,238 [ReplicationMonitor] INFO  container.ReplicationManager (ReplicationManager.java:run(225)) - Replication Monitor Thread took 0 milliseconds for processing 1 containers.
2019-10-17 07:09:31,376 [Thread-9816] INFO  impl.FollowerState (FollowerState.java:run(108)) - 696df33b-59a0-4145-913f-936aff0d1566@group-2C0FEEE55AE1-FollowerState: change to CANDIDATE, lastRpcTime:196ms, electionTimeout:196ms
2019-10-17 07:09:31,377 [Thread-9816] INFO  impl.RoleInfo (RoleInfo.java:shutdownFollowerState(121)) - 696df33b-59a0-4145-913f-936aff0d1566: shutdown FollowerState
2019-10-17 07:09:31,377 [Thread-9816] INFO  impl.RaftServerImpl (RaftServerImpl.java:setRole(184)) - 696df33b-59a0-4145-913f-936aff0d1566@group-2C0FEEE55AE1: changes role from  FOLLOWER to CANDIDATE at term 22 for changeToCandidate
2019-10-17 07:09:31,377 [Thread-9816] INFO  impl.RoleInfo (RoleInfo.java:updateAndGet(143)) - 696df33b-59a0-4145-913f-936aff0d1566: start LeaderElection
2019-10-17 07:09:31,403 [696df33b-59a0-4145-913f-936aff0d1566@group-2C0FEEE55AE1-LeaderElection1103] INFO  impl.LeaderElection (LeaderElection.java:askForVotes(178)) - 696df33b-59a0-4145-913f-936aff0d1566@group-2C0FEEE55AE1-LeaderElection1103: begin an election at term 23 for -1: [f3ee4219-89bb-47f2-bbe0-5f784575b745:192.168.157.211:38722, 805254cc-2da6-48d8-a2f9-c1a3ceceab4a:192.168.157.211:35407, 696df33b-59a0-4145-913f-936aff0d1566:192.168.157.211:38803], old=null
2019-10-17 07:09:31,405 [grpc-default-executor-8] INFO  impl.RaftServerImpl (RaftServerImpl.java:setRole(184)) - f3ee4219-89bb-47f2-bbe0-5f784575b745@group-2C0FEEE55AE1: changes role from  FOLLOWER to FOLLOWER at term 23 for recognizeCandidate:696df33b-59a0-4145-913f-936aff0d1566
2019-10-17 07:09:31,405 [grpc-default-executor-2] INFO  impl.RaftServerImpl (RaftServerImpl.java:setRole(184)) - 805254cc-2da6-48d8-a2f9-c1a3ceceab4a@group-2C0FEEE55AE1: changes role from  FOLLOWER to FOLLOWER at term 23 for recognizeCandidate:696df33b-59a0-4145-913f-936aff0d1566
2019-10-17 07:09:31,405 [grpc-default-executor-2] INFO  impl.RoleInfo (RoleInfo.java:shutdownFollowerState(121)) - 805254cc-2da6-48d8-a2f9-c1a3ceceab4a: shutdown FollowerState
2019-10-17 07:09:31,405 [grpc-default-executor-8] INFO  impl.RoleInfo (RoleInfo.java:shutdownFollowerState(121)) - f3ee4219-89bb-47f2-bbe0-5f784575b745: shutdown FollowerState
2019-10-17 07:09:31,405 [Thread-9815] INFO  impl.FollowerState (FollowerState.java:run(117)) - 805254cc-2da6-48d8-a2f9-c1a3ceceab4a@group-2C0FEEE55AE1-FollowerState was interrupted: java.lang.InterruptedException: sleep interrupted
2019-10-17 07:09:31,405 [grpc-default-executor-2] INFO  impl.RoleInfo (RoleInfo.java:updateAndGet(143)) - 805254cc-2da6-48d8-a2f9-c1a3ceceab4a: start FollowerState
2019-10-17 07:09:31,405 [grpc-default-executor-8] INFO  impl.RoleInfo (RoleInfo.java:updateAndGet(143)) - f3ee4219-89bb-47f2-bbe0-5f784575b745: start FollowerState
2019-10-17 07:09:31,405 [Thread-9814] INFO  impl.FollowerState (FollowerState.java:run(117)) - f3ee4219-89bb-47f2-bbe0-5f784575b745@group-2C0FEEE55AE1-FollowerState was interrupted: java.lang.InterruptedException: sleep interrupted
2019-10-17 07:09:31,431 [696df33b-59a0-4145-913f-936aff0d1566@group-2C0FEEE55AE1-LeaderElection1103] INFO  impl.LeaderElection (LeaderElection.java:logAndReturn(56)) - 696df33b-59a0-4145-913f-936aff0d1566@group-2C0FEEE55AE1-LeaderElection1103: Election REJECTED; received 2 response(s) [696df33b-59a0-4145-913f-936aff0d1566<-f3ee4219-89bb-47f2-bbe0-5f784575b745#0:FAIL-t23, 696df33b-59a0-4145-913f-936aff0d1566<-805254cc-2da6-48d8-a2f9-c1a3ceceab4a#0:FAIL-t23] and 0 exception(s); 696df33b-59a0-4145-913f-936aff0d1566@group-2C0FEEE55AE1:t23, leader=null, voted=696df33b-59a0-4145-913f-936aff0d1566, raftlog=696df33b-59a0-4145-913f-936aff0d1566@group-2C0FEEE55AE1-SegmentedRaftLog:OPENED:c-1,f-1,i0, conf=-1: [f3ee4219-89bb-47f2-bbe0-5f784575b745:192.168.157.211:38722, 805254cc-2da6-48d8-a2f9-c1a3ceceab4a:192.168.157.211:35407, 696df33b-59a0-4145-913f-936aff0d1566:192.168.157.211:38803], old=null
2019-10-17 07:09:31,431 [696df33b-59a0-4145-913f-936aff0d1566@group-2C0FEEE55AE1-LeaderElection1103] INFO  impl.RaftServerImpl (RaftServerImpl.java:setRole(184)) - 696df33b-59a0-4145-913f-936aff0d1566@group-2C0FEEE55AE1: changes role from CANDIDATE to FOLLOWER at term 23 for DISCOVERED_A_NEW_TERM
2019-10-17 07:09:31,431 [696df33b-59a0-4145-913f-936aff0d1566@group-2C0FEEE55AE1-LeaderElection1103] INFO  impl.RoleInfo (RoleInfo.java:shutdownLeaderElection(134)) - 696df33b-59a0-4145-913f-936aff0d1566: shutdown LeaderElection
2019-10-17 07:09:31,431 [696df33b-59a0-4145-913f-936aff0d1566@group-2C0FEEE55AE1-LeaderElection1103] INFO  impl.RoleInfo (RoleInfo.java:updateAndGet(143)) - 696df33b-59a0-4145-913f-936aff0d1566: start FollowerState
2019-10-17 07:09:31,521 [Thread-9825] INFO  impl.FollowerState (FollowerState.java:run(108)) - 696df33b-59a0-4145-913f-936aff0d1566@group-2C0FEEE55AE1-FollowerState: change to CANDIDATE, lastRpcTime:89ms, electionTimeout:89ms
2019-10-17 07:09:31,521 [Thread-9825] INFO  impl.RoleInfo (RoleInfo.java:shutdownFollowerState(121)) - 696df33b-59a0-4145-913f-936aff0d1566: shutdown FollowerState
2019-10-17 07:09:31,521 [Thread-9825] INFO  impl.RaftServerImpl (RaftServerImpl.java:setRole(184)) - 696df33b-59a0-4145-913f-936aff0d1566@group-2C0FEEE55AE1: changes role from  FOLLOWER to CANDIDATE at term 23 for changeToCandidate
2019-10-17 07:09:31,521 [Thread-9825] INFO  impl.RoleInfo (RoleInfo.java:updateAndGet(143)) - 696df33b-59a0-4145-913f-936aff0d1566: start LeaderElection
2019-10-17 07:09:31,546 [696df33b-59a0-4145-913f-936aff0d1566@group-2C0FEEE55AE1-LeaderElection1104] INFO  impl.LeaderElection (LeaderElection.java:askForVotes(178)) - 696df33b-59a0-4145-913f-936aff0d1566@group-2C0FEEE55AE1-LeaderElection1104: begin an election at term 24 for -1: [f3ee4219-89bb-47f2-bbe0-5f784575b745:192.168.157.211:38722, 805254cc-2da6-48d8-a2f9-c1a3ceceab4a:192.168.157.211:35407, 696df33b-59a0-4145-913f-936aff0d1566:192.168.157.211:38803], old=null
2019-10-17 07:09:31,547 [grpc-default-executor-8] INFO  impl.RaftServerImpl (RaftServerImpl.java:setRole(184)) - f3ee4219-89bb-47f2-bbe0-5f784575b745@group-2C0FEEE55AE1: changes role from  FOLLOWER to FOLLOWER at term 24 for recognizeCandidate:696df33b-59a0-4145-913f-936aff0d1566
2019-10-17 07:09:31,547 [grpc-default-executor-8] INFO  impl.RoleInfo (RoleInfo.java:shutdownFollowerState(121)) - f3ee4219-89bb-47f2-bbe0-5f784575b745: shutdown FollowerState
2019-10-17 07:09:31,547 [grpc-default-executor-2] INFO  impl.RaftServerImpl (RaftServerImpl.java:setRole(184)) - 805254cc-2da6-48d8-a2f9-c1a3ceceab4a@group-2C0FEEE55AE1: changes role from  FOLLOWER to FOLLOWER at term 24 for recognizeCandidate:696df33b-59a0-4145-913f-936aff0d1566
2019-10-17 07:09:31,548 [grpc-default-executor-2] INFO  impl.RoleInfo (RoleInfo.java:shutdownFollowerState(121)) - 805254cc-2da6-48d8-a2f9-c1a3ceceab4a: shutdown FollowerState
2019-10-17 07:09:31,548 [Thread-9822] INFO  impl.FollowerState (FollowerState.java:run(117)) - f3ee4219-89bb-47f2-bbe0-5f784575b745@group-2C0FEEE55AE1-FollowerState was interrupted: java.lang.InterruptedException: sleep interrupted
2019-10-17 07:09:31,548 [grpc-default-executor-8] INFO  impl.RoleInfo (RoleInfo.java:updateAndGet(143)) - f3ee4219-89bb-47f2-bbe0-5f784575b745: start FollowerState
2019-10-17 07:09:31,548 [Thread-9821] INFO  impl.FollowerState (FollowerState.java:run(117)) - 805254cc-2da6-48d8-a2f9-c1a3ceceab4a@group-2C0FEEE55AE1-FollowerState was interrupted: java.lang.InterruptedException: sleep interrupted
2019-10-17 07:09:31,548 [grpc-default-executor-2] INFO  impl.RoleInfo (RoleInfo.java:updateAndGet(143)) - 805254cc-2da6-48d8-a2f9-c1a3ceceab4a: start FollowerState
2019-10-17 07:09:31,573 [696df33b-59a0-4145-913f-936aff0d1566@group-2C0FEEE55AE1-LeaderElection1104] INFO  impl.LeaderElection (LeaderElection.java:logAndReturn(56)) - 696df33b-59a0-4145-913f-936aff0d1566@group-2C0FEEE55AE1-LeaderElection1104: Election REJECTED; received 2 response(s) [696df33b-59a0-4145-913f-936aff0d1566<-f3ee4219-89bb-47f2-bbe0-5f784575b745#0:FAIL-t24, 696df33b-59a0-4145-913f-936aff0d1566<-805254cc-2da6-48d8-a2f9-c1a3ceceab4a#0:FAIL-t24] and 0 exception(s); 696df33b-59a0-4145-913f-936aff0d1566@group-2C0FEEE55AE1:t24, leader=null, voted=696df33b-59a0-4145-913f-936aff0d1566, raftlog=696df33b-59a0-4145-913f-936aff0d1566@group-2C0FEEE55AE1-SegmentedRaftLog:OPENED:c-1,f-1,i0, conf=-1: [f3ee4219-89bb-47f2-bbe0-5f784575b745:192.168.157.211:38722, 805254cc-2da6-48d8-a2f9-c1a3ceceab4a:192.168.157.211:35407, 696df33b-59a0-4145-913f-936aff0d1566:192.168.157.211:38803], old=null
2019-10-17 07:09:31,573 [696df33b-59a0-4145-913f-936aff0d1566@group-2C0FEEE55AE1-LeaderElection1104] INFO  impl.RaftServerImpl (RaftServerImpl.java:setRole(184)) - 696df33b-59a0-4145-913f-936aff0d1566@group-2C0FEEE55AE1: changes role from CANDIDATE to FOLLOWER at term 24 for DISCOVERED_A_NEW_TERM
2019-10-17 07:09:31,573 [696df33b-59a0-4145-913f-936aff0d1566@group-2C0FEEE55AE1-LeaderElection1104] INFO  impl.RoleInfo (RoleInfo.java:shutdownLeaderElection(134)) - 696df33b-59a0-4145-913f-936aff0d1566: shutdown LeaderElection
2019-10-17 07:09:31,573 [696df33b-59a0-4145-913f-936aff0d1566@group-2C0FEEE55AE1-LeaderElection1104] INFO  impl.RoleInfo (RoleInfo.java:updateAndGet(143)) - 696df33b-59a0-4145-913f-936aff0d1566: start FollowerState
2019-10-17 07:09:31,764 [Thread-9833] INFO  impl.FollowerState (FollowerState.java:run(108)) - 696df33b-59a0-4145-913f-936aff0d1566@group-2C0FEEE55AE1-FollowerState: change to CANDIDATE, lastRpcTime:191ms, electionTimeout:191ms
2019-10-17 07:09:31,765 [Thread-9833] INFO  impl.RoleInfo (RoleInfo.java:shutdownFollowerState(121)) - 696df33b-59a0-4145-913f-936aff0d1566: shutdown FollowerState
2019-10-17 07:09:31,765 [Thread-9833] INFO  impl.RaftServerImpl (RaftServerImpl.java:setRole(184)) - 696df33b-59a0-4145-913f-936aff0d1566@group-2C0FEEE55AE1: changes role from  FOLLOWER to CANDIDATE at term 24 for changeToCandidate
2019-10-17 07:09:31,765 [Thread-9833] INFO  impl.RoleInfo (RoleInfo.java:updateAndGet(143)) - 696df33b-59a0-4145-913f-936aff0d1566: start LeaderElection
2019-10-17 07:09:31,779 [696df33b-59a0-4145-913f-936aff0d1566@group-2C0FEEE55AE1-LeaderElection1105] INFO  impl.LeaderElection (LeaderElection.java:askForVotes(178)) - 696df33b-59a0-4145-913f-936aff0d1566@group-2C0FEEE55AE1-LeaderElection1105: begin an election at term 25 for -1: [f3ee4219-89bb-47f2-bbe0-5f784575b745:192.168.157.211:38722, 805254cc-2da6-48d8-a2f9-c1a3ceceab4a:192.168.157.211:35407, 696df33b-59a0-4145-913f-936aff0d1566:192.168.157.211:38803], old=null
2019-10-17 07:09:31,780 [grpc-default-executor-8] INFO  impl.RaftServerImpl (RaftServerImpl.java:setRole(184)) - f3ee4219-89bb-47f2-bbe0-5f784575b745@group-2C0FEEE55AE1: changes role from  FOLLOWER to FOLLOWER at term 25 for recognizeCandidate:696df33b-59a0-4145-913f-936aff0d1566
2019-10-17 07:09:31,780 [grpc-default-executor-8] INFO  impl.RoleInfo (RoleInfo.java:shutdownFollowerState(121)) - f3ee4219-89bb-47f2-bbe0-5f784575b745: shutdown FollowerState
2019-10-17 07:09:31,780 [grpc-default-executor-2] INFO  impl.RaftServerImpl (RaftServerImpl.java:setRole(184)) - 805254cc-2da6-48d8-a2f9-c1a3ceceab4a@group-2C0FEEE55AE1: changes role from  FOLLOWER to FOLLOWER at term 25 for recognizeCandidate:696df33b-59a0-4145-913f-936aff0d1566
2019-10-17 07:09:31,780 [grpc-default-executor-2] INFO  impl.RoleInfo (RoleInfo.java:shutdownFollowerState(121)) - 805254cc-2da6-48d8-a2f9-c1a3ceceab4a: shutdown FollowerState
2019-10-17 07:09:31,780 [Thread-9831] INFO  impl.FollowerState (FollowerState.java:run(117)) - f3ee4219-89bb-47f2-bbe0-5f784575b745@group-2C0FEEE55AE1-FollowerState was interrupted: java.lang.InterruptedException: sleep interrupted
2019-10-17 07:09:31,780 [grpc-default-executor-8] INFO  impl.RoleInfo (RoleInfo.java:updateAndGet(143)) - f3ee4219-89bb-47f2-bbe0-5f784575b745: start FollowerState
2019-10-17 07:09:31,781 [grpc-default-executor-2] INFO  impl.RoleInfo (RoleInfo.java:updateAndGet(143)) - 805254cc-2da6-48d8-a2f9-c1a3ceceab4a: start FollowerState
2019-10-17 07:09:31,781 [Thread-9832] INFO  impl.FollowerState (FollowerState.java:run(117)) - 805254cc-2da6-48d8-a2f9-c1a3ceceab4a@group-2C0FEEE55AE1-FollowerState was interrupted: java.lang.InterruptedException: sleep interrupted
2019-10-17 07:09:31,787 [696df33b-59a0-4145-913f-936aff0d1566@group-2C0FEEE55AE1-LeaderElection1105] INFO  impl.LeaderElection (LeaderElection.java:logAndReturn(56)) - 696df33b-59a0-4145-913f-936aff0d1566@group-2C0FEEE55AE1-LeaderElection1105: Election TIMEOUT; received 0 response(s) [] and 0 exception(s); 696df33b-59a0-4145-913f-936aff0d1566@group-2C0FEEE55AE1:t25, leader=null, voted=696df33b-59a0-4145-913f-936aff0d1566, raftlog=696df33b-59a0-4145-913f-936aff0d1566@group-2C0FEEE55AE1-SegmentedRaftLog:OPENED:c-1,f-1,i0, conf=-1: [f3ee4219-89bb-47f2-bbe0-5f784575b745:192.168.157.211:38722, 805254cc-2da6-48d8-a2f9-c1a3ceceab4a:192.168.157.211:35407, 696df33b-59a0-4145-913f-936aff0d1566:192.168.157.211:38803], old=null
2019-10-17 07:09:31,797 [696df33b-59a0-4145-913f-936aff0d1566@group-2C0FEEE55AE1-LeaderElection1105] INFO  impl.LeaderElection (LeaderElection.java:askForVotes(178)) - 696df33b-59a0-4145-913f-936aff0d1566@group-2C0FEEE55AE1-LeaderElection1105: begin an election at term 26 for -1: [f3ee4219-89bb-47f2-bbe0-5f784575b745:192.168.157.211:38722, 805254cc-2da6-48d8-a2f9-c1a3ceceab4a:192.168.157.211:35407, 696df33b-59a0-4145-913f-936aff0d1566:192.168.157.211:38803], old=null
2019-10-17 07:09:31,798 [grpc-default-executor-8] INFO  impl.RaftServerImpl (RaftServerImpl.java:setRole(184)) - f3ee4219-89bb-47f2-bbe0-5f784575b745@group-2C0FEEE55AE1: changes role from  FOLLOWER to FOLLOWER at term 26 for recognizeCandidate:696df33b-59a0-4145-913f-936aff0d1566
2019-10-17 07:09:31,798 [grpc-default-executor-8] INFO  impl.RoleInfo (RoleInfo.java:shutdownFollowerState(121)) - f3ee4219-89bb-47f2-bbe0-5f784575b745: shutdown FollowerState
2019-10-17 07:09:31,798 [grpc-default-executor-2] INFO  impl.RaftServerImpl (RaftServerImpl.java:setRole(184)) - 805254cc-2da6-48d8-a2f9-c1a3ceceab4a@group-2C0FEEE55AE1: changes role from  FOLLOWER to FOLLOWER at term 26 for recognizeCandidate:696df33b-59a0-4145-913f-936aff0d1566
2019-10-17 07:09:31,798 [grpc-default-executor-2] INFO  impl.RoleInfo (RoleInfo.java:shutdownFollowerState(121)) - 805254cc-2da6-48d8-a2f9-c1a3ceceab4a: shutdown FollowerState
2019-10-17 07:09:31,798 [Thread-9837] INFO  impl.FollowerState (FollowerState.java:run(117)) - f3ee4219-89bb-47f2-bbe0-5f784575b745@group-2C0FEEE55AE1-FollowerState was interrupted: java.lang.InterruptedException: sleep interrupted
2019-10-17 07:09:31,798 [Thread-9838] INFO  impl.FollowerState (FollowerState.java:run(117)) - 805254cc-2da6-48d8-a2f9-c1a3ceceab4a@group-2C0FEEE55AE1-FollowerState was interrupted: java.lang.InterruptedException: sleep interrupted
2019-10-17 07:09:31,798 [grpc-default-executor-8] INFO  impl.RoleInfo (RoleInfo.java:updateAndGet(143)) - f3ee4219-89bb-47f2-bbe0-5f784575b745: start FollowerState
2019-10-17 07:09:31,798 [grpc-default-executor-2] INFO  impl.RoleInfo (RoleInfo.java:updateAndGet(143)) - 805254cc-2da6-48d8-a2f9-c1a3ceceab4a: start FollowerState
2019-10-17 07:09:31,814 [696df33b-59a0-4145-913f-936aff0d1566@group-2C0FEEE55AE1-LeaderElection1105] INFO  impl.LeaderElection (LeaderElection.java:logAndReturn(56)) - 696df33b-59a0-4145-913f-936aff0d1566@group-2C0FEEE55AE1-LeaderElection1105: Election REJECTED; received 2 response(s) [696df33b-59a0-4145-913f-936aff0d1566<-f3ee4219-89bb-47f2-bbe0-5f784575b745#0:FAIL-t26, 696df33b-59a0-4145-913f-936aff0d1566<-805254cc-2da6-48d8-a2f9-c1a3ceceab4a#0:FAIL-t26] and 0 exception(s); 696df33b-59a0-4145-913f-936aff0d1566@group-2C0FEEE55AE1:t26, leader=null, voted=696df33b-59a0-4145-913f-936aff0d1566, raftlog=696df33b-59a0-4145-913f-936aff0d1566@group-2C0FEEE55AE1-SegmentedRaftLog:OPENED:c-1,f-1,i0, conf=-1: [f3ee4219-89bb-47f2-bbe0-5f784575b745:192.168.157.211:38722, 805254cc-2da6-48d8-a2f9-c1a3ceceab4a:192.168.157.211:35407, 696df33b-59a0-4145-913f-936aff0d1566:192.168.157.211:38803], old=null
2019-10-17 07:09:31,814 [696df33b-59a0-4145-913f-936aff0d1566@group-2C0FEEE55AE1-LeaderElection1105] INFO  impl.RaftServerImpl (RaftServerImpl.java:setRole(184)) - 696df33b-59a0-4145-913f-936aff0d1566@group-2C0FEEE55AE1: changes role from CANDIDATE to FOLLOWER at term 26 for DISCOVERED_A_NEW_TERM
2019-10-17 07:09:31,814 [696df33b-59a0-4145-913f-936aff0d1566@group-2C0FEEE55AE1-LeaderElection1105] INFO  impl.RoleInfo (RoleInfo.java:shutdownLeaderElection(134)) - 696df33b-59a0-4145-913f-936aff0d1566: shutdown LeaderElection
2019-10-17 07:09:31,814 [696df33b-59a0-4145-913f-936aff0d1566@group-2C0FEEE55AE1-LeaderElection1105] INFO  impl.RoleInfo (RoleInfo.java:updateAndGet(143)) - 696df33b-59a0-4145-913f-936aff0d1566: start FollowerState
2019-10-17 07:09:31,832 [Thread-9843] INFO  impl.FollowerState (FollowerState.java:run(108)) - 696df33b-59a0-4145-913f-936aff0d1566@group-2C0FEEE55AE1-FollowerState: change to CANDIDATE, lastRpcTime:17ms, electionTimeout:14ms
2019-10-17 07:09:31,832 [Thread-9843] INFO  impl.RoleInfo (RoleInfo.java:shutdownFollowerState(121)) - 696df33b-59a0-4145-913f-936aff0d1566: shutdown FollowerState
2019-10-17 07:09:31,832 [Thread-9843] INFO  impl.RaftServerImpl (RaftServerImpl.java:setRole(184)) - 696df33b-59a0-4145-913f-936aff0d1566@group-2C0FEEE55AE1: changes role from  FOLLOWER to CANDIDATE at term 26 for changeToCandidate
2019-10-17 07:09:31,835 [Thread-9843] INFO  impl.RoleInfo (RoleInfo.java:updateAndGet(143)) - 696df33b-59a0-4145-913f-936aff0d1566: start LeaderElection
2019-10-17 07:09:31,848 [696df33b-59a0-4145-913f-936aff0d1566@group-2C0FEEE55AE1-LeaderElection1106] INFO  impl.LeaderElection (LeaderElection.java:askForVotes(178)) - 696df33b-59a0-4145-913f-936aff0d1566@group-2C0FEEE55AE1-LeaderElection1106: begin an election at term 27 for -1: [f3ee4219-89bb-47f2-bbe0-5f784575b745:192.168.157.211:38722, 805254cc-2da6-48d8-a2f9-c1a3ceceab4a:192.168.157.211:35407, 696df33b-59a0-4145-913f-936aff0d1566:192.168.157.211:38803], old=null
2019-10-17 07:09:31,850 [grpc-default-executor-2] INFO  impl.RaftServerImpl (RaftServerImpl.java:setRole(184)) - f3ee4219-89bb-47f2-bbe0-5f784575b745@group-2C0FEEE55AE1: changes role from  FOLLOWER to FOLLOWER at term 27 for recognizeCandidate:696df33b-59a0-4145-913f-936aff0d1566
2019-10-17 07:09:31,850 [grpc-default-executor-2] INFO  impl.RoleInfo (RoleInfo.java:shutdownFollowerState(121)) - f3ee4219-89bb-47f2-bbe0-5f784575b745: shutdown FollowerState
2019-10-17 07:09:31,850 [grpc-default-executor-8] INFO  impl.RaftServerImpl (RaftServerImpl.java:setRole(184)) - 805254cc-2da6-48d8-a2f9-c1a3ceceab4a@group-2C0FEEE55AE1: changes role from  FOLLOWER to FOLLOWER at term 27 for recognizeCandidate:696df33b-59a0-4145-913f-936aff0d1566
2019-10-17 07:09:31,850 [grpc-default-executor-8] INFO  impl.RoleInfo (RoleInfo.java:shutdownFollowerState(121)) - 805254cc-2da6-48d8-a2f9-c1a3ceceab4a: shutdown FollowerState
2019-10-17 07:09:31,850 [Thread-9841] INFO  impl.FollowerState (FollowerState.java:run(117)) - f3ee4219-89bb-47f2-bbe0-5f784575b745@group-2C0FEEE55AE1-FollowerState was interrupted: java.lang.InterruptedException: sleep interrupted
2019-10-17 07:09:31,850 [grpc-default-executor-2] INFO  impl.RoleInfo (RoleInfo.java:updateAndGet(143)) - f3ee4219-89bb-47f2-bbe0-5f784575b745: start FollowerState
2019-10-17 07:09:31,850 [Thread-9842] INFO  impl.FollowerState (FollowerState.java:run(117)) - 805254cc-2da6-48d8-a2f9-c1a3ceceab4a@group-2C0FEEE55AE1-FollowerState was interrupted: java.lang.InterruptedException: sleep interrupted
2019-10-17 07:09:31,850 [grpc-default-executor-8] INFO  impl.RoleInfo (RoleInfo.java:updateAndGet(143)) - 805254cc-2da6-48d8-a2f9-c1a3ceceab4a: start FollowerState
2019-10-17 07:09:31,864 [696df33b-59a0-4145-913f-936aff0d1566@group-2C0FEEE55AE1-LeaderElection1106] INFO  impl.LeaderElection (LeaderElection.java:logAndReturn(56)) - 696df33b-59a0-4145-913f-936aff0d1566@group-2C0FEEE55AE1-LeaderElection1106: Election REJECTED; received 2 response(s) [696df33b-59a0-4145-913f-936aff0d1566<-f3ee4219-89bb-47f2-bbe0-5f784575b745#0:FAIL-t27, 696df33b-59a0-4145-913f-936aff0d1566<-805254cc-2da6-48d8-a2f9-c1a3ceceab4a#0:FAIL-t27] and 0 exception(s); 696df33b-59a0-4145-913f-936aff0d1566@group-2C0FEEE55AE1:t27, leader=null, voted=696df33b-59a0-4145-913f-936aff0d1566, raftlog=696df33b-59a0-4145-913f-936aff0d1566@group-2C0FEEE55AE1-SegmentedRaftLog:OPENED:c-1,f-1,i0, conf=-1: [f3ee4219-89bb-47f2-bbe0-5f784575b745:192.168.157.211:38722, 805254cc-2da6-48d8-a2f9-c1a3ceceab4a:192.168.157.211:35407, 696df33b-59a0-4145-913f-936aff0d1566:192.168.157.211:38803], old=null
2019-10-17 07:09:31,865 [696df33b-59a0-4145-913f-936aff0d1566@group-2C0FEEE55AE1-LeaderElection1106] INFO  impl.RaftServerImpl (RaftServerImpl.java:setRole(184)) - 696df33b-59a0-4145-913f-936aff0d1566@group-2C0FEEE55AE1: changes role from CANDIDATE to FOLLOWER at term 27 for DISCOVERED_A_NEW_TERM
2019-10-17 07:09:31,865 [696df33b-59a0-4145-913f-936aff0d1566@group-2C0FEEE55AE1-LeaderElection1106] INFO  impl.RoleInfo (RoleInfo.java:shutdownLeaderElection(134)) - 696df33b-59a0-4145-913f-936aff0d1566: shutdown LeaderElection
2019-10-17 07:09:31,865 [696df33b-59a0-4145-913f-936aff0d1566@group-2C0FEEE55AE1-LeaderElection1106] INFO  impl.RoleInfo (RoleInfo.java:updateAndGet(143)) - 696df33b-59a0-4145-913f-936aff0d1566: start FollowerState
2019-10-17 07:09:31,925 [Thread-9849] INFO  impl.FollowerState (FollowerState.java:run(108)) - 696df33b-59a0-4145-913f-936aff0d1566@group-2C0FEEE55AE1-FollowerState: change to CANDIDATE, lastRpcTime:60ms, electionTimeout:60ms
2019-10-17 07:09:31,925 [Thread-9849] INFO  impl.RoleInfo (RoleInfo.java:shutdownFollowerState(121)) - 696df33b-59a0-4145-913f-936aff0d1566: shutdown FollowerState
2019-10-17 07:09:31,925 [Thread-9849] INFO  impl.RaftServerImpl (RaftServerImpl.java:setRole(184)) - 696df33b-59a0-4145-913f-936aff0d1566@group-2C0FEEE55AE1: changes role from  FOLLOWER to CANDIDATE at term 27 for changeToCandidate
2019-10-17 07:09:31,925 [Thread-9849] INFO  impl.RoleInfo (RoleInfo.java:updateAndGet(143)) - 696df33b-59a0-4145-913f-936aff0d1566: start LeaderElection
2019-10-17 07:09:31,940 [696df33b-59a0-4145-913f-936aff0d1566@group-2C0FEEE55AE1-LeaderElection1107] INFO  impl.LeaderElection (LeaderElection.java:askForVotes(178)) - 696df33b-59a0-4145-913f-936aff0d1566@group-2C0FEEE55AE1-LeaderElection1107: begin an election at term 28 for -1: [f3ee4219-89bb-47f2-bbe0-5f784575b745:192.168.157.211:38722, 805254cc-2da6-48d8-a2f9-c1a3ceceab4a:192.168.157.211:35407, 696df33b-59a0-4145-913f-936aff0d1566:192.168.157.211:38803], old=null
2019-10-17 07:09:31,941 [grpc-default-executor-8] INFO  impl.RaftServerImpl (RaftServerImpl.java:setRole(184)) - f3ee4219-89bb-47f2-bbe0-5f784575b745@group-2C0FEEE55AE1: changes role from  FOLLOWER to FOLLOWER at term 28 for recognizeCandidate:696df33b-59a0-4145-913f-936aff0d1566
2019-10-17 07:09:31,941 [grpc-default-executor-8] INFO  impl.RoleInfo (RoleInfo.java:shutdownFollowerState(121)) - f3ee4219-89bb-47f2-bbe0-5f784575b745: shutdown FollowerState
2019-10-17 07:09:31,941 [grpc-default-executor-2] INFO  impl.RaftServerImpl (RaftServerImpl.java:setRole(184)) - 805254cc-2da6-48d8-a2f9-c1a3ceceab4a@group-2C0FEEE55AE1: changes role from  FOLLOWER to FOLLOWER at term 28 for recognizeCandidate:696df33b-59a0-4145-913f-936aff0d1566
2019-10-17 07:09:31,941 [Thread-9847] INFO  impl.FollowerState (FollowerState.java:run(117)) - f3ee4219-89bb-47f2-bbe0-5f784575b745@group-2C0FEEE55AE1-FollowerState was interrupted: java.lang.InterruptedException: sleep interrupted
2019-10-17 07:09:31,941 [grpc-default-executor-8] INFO  impl.RoleInfo (RoleInfo.java:updateAndGet(143)) - f3ee4219-89bb-47f2-bbe0-5f784575b745: start FollowerState
2019-10-17 07:09:31,942 [grpc-default-executor-2] INFO  impl.RoleInfo (RoleInfo.java:shutdownFollowerState(121)) - 805254cc-2da6-48d8-a2f9-c1a3ceceab4a: shutdown FollowerState
2019-10-17 07:09:31,942 [grpc-default-executor-2] INFO  impl.RoleInfo (RoleInfo.java:updateAndGet(143)) - 805254cc-2da6-48d8-a2f9-c1a3ceceab4a: start FollowerState
2019-10-17 07:09:31,942 [Thread-9848] INFO  impl.FollowerState (FollowerState.java:run(117)) - 805254cc-2da6-48d8-a2f9-c1a3ceceab4a@group-2C0FEEE55AE1-FollowerState was interrupted: java.lang.InterruptedException: sleep interrupted
2019-10-17 07:09:31,956 [696df33b-59a0-4145-913f-936aff0d1566@group-2C0FEEE55AE1-LeaderElection1107] INFO  impl.LeaderElection (LeaderElection.java:logAndReturn(56)) - 696df33b-59a0-4145-913f-936aff0d1566@group-2C0FEEE55AE1-LeaderElection1107: Election REJECTED; received 2 response(s) [696df33b-59a0-4145-913f-936aff0d1566<-f3ee4219-89bb-47f2-bbe0-5f784575b745#0:FAIL-t28, 696df33b-59a0-4145-913f-936aff0d1566<-805254cc-2da6-48d8-a2f9-c1a3ceceab4a#0:FAIL-t28] and 0 exception(s); 696df33b-59a0-4145-913f-936aff0d1566@group-2C0FEEE55AE1:t28, leader=null, voted=696df33b-59a0-4145-913f-936aff0d1566, raftlog=696df33b-59a0-4145-913f-936aff0d1566@group-2C0FEEE55AE1-SegmentedRaftLog:OPENED:c-1,f-1,i0, conf=-1: [f3ee4219-89bb-47f2-bbe0-5f784575b745:192.168.157.211:38722, 805254cc-2da6-48d8-a2f9-c1a3ceceab4a:192.168.157.211:35407, 696df33b-59a0-4145-913f-936aff0d1566:192.168.157.211:38803], old=null
2019-10-17 07:09:31,956 [696df33b-59a0-4145-913f-936aff0d1566@group-2C0FEEE55AE1-LeaderElection1107] INFO  impl.RaftServerImpl (RaftServerImpl.java:setRole(184)) - 696df33b-59a0-4145-913f-936aff0d1566@group-2C0FEEE55AE1: changes role from CANDIDATE to FOLLOWER at term 28 for DISCOVERED_A_NEW_TERM
2019-10-17 07:09:31,956 [696df33b-59a0-4145-913f-936aff0d1566@group-2C0FEEE55AE1-LeaderElection1107] INFO  impl.RoleInfo (RoleInfo.java:shutdownLeaderElection(134)) - 696df33b-59a0-4145-913f-936aff0d1566: shutdown LeaderElection
2019-10-17 07:09:31,956 [696df33b-59a0-4145-913f-936aff0d1566@group-2C0FEEE55AE1-LeaderElection1107] INFO  impl.RoleInfo (RoleInfo.java:updateAndGet(143)) - 696df33b-59a0-4145-913f-936aff0d1566: start FollowerState
2019-10-17 07:09:32,082 [Thread-9859] INFO  impl.FollowerState (FollowerState.java:run(108)) - 696df33b-59a0-4145-913f-936aff0d1566@group-2C0FEEE55AE1-FollowerState: change to CANDIDATE, lastRpcTime:126ms, electionTimeout:126ms
2019-10-17 07:09:32,083 [Thread-9859] INFO  impl.RoleInfo (RoleInfo.java:shutdownFollowerState(121)) - 696df33b-59a0-4145-913f-936aff0d1566: shutdown FollowerState
2019-10-17 07:09:32,083 [Thread-9859] INFO  impl.RaftServerImpl (RaftServerImpl.java:setRole(184)) - 696df33b-59a0-4145-913f-936aff0d1566@group-2C0FEEE55AE1: changes role from  FOLLOWER to CANDIDATE at term 28 for changeToCandidate
2019-10-17 07:09:32,083 [Thread-9859] INFO  impl.RoleInfo (RoleInfo.java:updateAndGet(143)) - 696df33b-59a0-4145-913f-936aff0d1566: start LeaderElection
2019-10-17 07:09:32,178 [696df33b-59a0-4145-913f-936aff0d1566@group-2C0FEEE55AE1-LeaderElection1108] INFO  impl.LeaderElection (LeaderElection.java:askForVotes(178)) - 696df33b-59a0-4145-913f-936aff0d1566@group-2C0FEEE55AE1-LeaderElection1108: begin an election at term 29 for -1: [f3ee4219-89bb-47f2-bbe0-5f784575b745:192.168.157.211:38722, 805254cc-2da6-48d8-a2f9-c1a3ceceab4a:192.168.157.211:35407, 696df33b-59a0-4145-913f-936aff0d1566:192.168.157.211:38803], old=null
2019-10-17 07:09:32,180 [grpc-default-executor-2] INFO  impl.RaftServerImpl (RaftServerImpl.java:setRole(184)) - 805254cc-2da6-48d8-a2f9-c1a3ceceab4a@group-2C0FEEE55AE1: changes role from  FOLLOWER to FOLLOWER at term 29 for recognizeCandidate:696df33b-59a0-4145-913f-936aff0d1566
2019-10-17 07:09:32,180 [grpc-default-executor-8] INFO  impl.RaftServerImpl (RaftServerImpl.java:setRole(184)) - f3ee4219-89bb-47f2-bbe0-5f784575b745@group-2C0FEEE55AE1: changes role from  FOLLOWER to FOLLOWER at term 29 for recognizeCandidate:696df33b-59a0-4145-913f-936aff0d1566
2019-10-17 07:09:32,180 [grpc-default-executor-2] INFO  impl.RoleInfo (RoleInfo.java:shutdownFollowerState(121)) - 805254cc-2da6-48d8-a2f9-c1a3ceceab4a: shutdown FollowerState
2019-10-17 07:09:32,180 [grpc-default-executor-8] INFO  impl.RoleInfo (RoleInfo.java:shutdownFollowerState(121)) - f3ee4219-89bb-47f2-bbe0-5f784575b745: shutdown FollowerState
2019-10-17 07:09:32,181 [Thread-9856] INFO  impl.FollowerState (FollowerState.java:run(117)) - 805254cc-2da6-48d8-a2f9-c1a3ceceab4a@group-2C0FEEE55AE1-FollowerState was interrupted: java.lang.InterruptedException: sleep interrupted
2019-10-17 07:09:32,181 [Thread-9855] INFO  impl.FollowerState (FollowerState.java:run(117)) - f3ee4219-89bb-47f2-bbe0-5f784575b745@group-2C0FEEE55AE1-FollowerState was interrupted: java.lang.InterruptedException: sleep interrupted
2019-10-17 07:09:32,181 [grpc-default-executor-2] INFO  impl.RoleInfo (RoleInfo.java:updateAndGet(143)) - 805254cc-2da6-48d8-a2f9-c1a3ceceab4a: start FollowerState
2019-10-17 07:09:32,181 [grpc-default-executor-8] INFO  impl.RoleInfo (RoleInfo.java:updateAndGet(143)) - f3ee4219-89bb-47f2-bbe0-5f784575b745: start FollowerState
2019-10-17 07:09:32,191 [696df33b-59a0-4145-913f-936aff0d1566@group-2C0FEEE55AE1-LeaderElection1108] INFO  impl.LeaderElection (LeaderElection.java:logAndReturn(56)) - 696df33b-59a0-4145-913f-936aff0d1566@group-2C0FEEE55AE1-LeaderElection1108: Election REJECTED; received 2 response(s) [696df33b-59a0-4145-913f-936aff0d1566<-f3ee4219-89bb-47f2-bbe0-5f784575b745#0:FAIL-t29, 696df33b-59a0-4145-913f-936aff0d1566<-805254cc-2da6-48d8-a2f9-c1a3ceceab4a#0:FAIL-t29] and 0 exception(s); 696df33b-59a0-4145-913f-936aff0d1566@group-2C0FEEE55AE1:t29, leader=null, voted=696df33b-59a0-4145-913f-936aff0d1566, raftlog=696df33b-59a0-4145-913f-936aff0d1566@group-2C0FEEE55AE1-SegmentedRaftLog:OPENED:c-1,f-1,i0, conf=-1: [f3ee4219-89bb-47f2-bbe0-5f784575b745:192.168.157.211:38722, 805254cc-2da6-48d8-a2f9-c1a3ceceab4a:192.168.157.211:35407, 696df33b-59a0-4145-913f-936aff0d1566:192.168.157.211:38803], old=null
2019-10-17 07:09:32,191 [696df33b-59a0-4145-913f-936aff0d1566@group-2C0FEEE55AE1-LeaderElection1108] INFO  impl.RaftServerImpl (RaftServerImpl.java:setRole(184)) - 696df33b-59a0-4145-913f-936aff0d1566@group-2C0FEEE55AE1: changes role from CANDIDATE to FOLLOWER at term 29 for DISCOVERED_A_NEW_TERM
2019-10-17 07:09:32,191 [696df33b-59a0-4145-913f-936aff0d1566@group-2C0FEEE55AE1-LeaderElection1108] INFO  impl.RoleInfo (RoleInfo.java:shutdownLeaderElection(134)) - 696df33b-59a0-4145-913f-936aff0d1566: shutdown LeaderElection
2019-10-17 07:09:32,191 [696df33b-59a0-4145-913f-936aff0d1566@group-2C0FEEE55AE1-LeaderElection1108] INFO  impl.RoleInfo (RoleInfo.java:updateAndGet(143)) - 696df33b-59a0-4145-913f-936aff0d1566: start FollowerState
2019-10-17 07:09:32,254 [Thread-9867] INFO  impl.FollowerState (FollowerState.java:run(108)) - 696df33b-59a0-4145-913f-936aff0d1566@group-2C0FEEE55AE1-FollowerState: change to CANDIDATE, lastRpcTime:63ms, electionTimeout:63ms
2019-10-17 07:09:32,255 [Thread-9867] INFO  impl.RoleInfo (RoleInfo.java:shutdownFollowerState(121)) - 696df33b-59a0-4145-913f-936aff0d1566: shutdown FollowerState
2019-10-17 07:09:32,255 [Thread-9867] INFO  impl.RaftServerImpl (RaftServerImpl.java:setRole(184)) - 696df33b-59a0-4145-913f-936aff0d1566@group-2C0FEEE55AE1: changes role from  FOLLOWER to CANDIDATE at term 29 for changeToCandidate
2019-10-17 07:09:32,255 [Thread-9867] INFO  impl.RoleInfo (RoleInfo.java:updateAndGet(143)) - 696df33b-59a0-4145-913f-936aff0d1566: start LeaderElection
2019-10-17 07:09:32,272 [696df33b-59a0-4145-913f-936aff0d1566@group-2C0FEEE55AE1-LeaderElection1109] INFO  impl.LeaderElection (LeaderElection.java:askForVotes(178)) - 696df33b-59a0-4145-913f-936aff0d1566@group-2C0FEEE55AE1-LeaderElection1109: begin an election at term 30 for -1: [f3ee4219-89bb-47f2-bbe0-5f784575b745:192.168.157.211:38722, 805254cc-2da6-48d8-a2f9-c1a3ceceab4a:192.168.157.211:35407, 696df33b-59a0-4145-913f-936aff0d1566:192.168.157.211:38803], old=null
2019-10-17 07:09:32,274 [grpc-default-executor-2] INFO  impl.RaftServerImpl (RaftServerImpl.java:setRole(184)) - 805254cc-2da6-48d8-a2f9-c1a3ceceab4a@group-2C0FEEE55AE1: changes role from  FOLLOWER to FOLLOWER at term 30 for recognizeCandidate:696df33b-59a0-4145-913f-936aff0d1566
2019-10-17 07:09:32,274 [grpc-default-executor-8] INFO  impl.RaftServerImpl (RaftServerImpl.java:setRole(184)) - f3ee4219-89bb-47f2-bbe0-5f784575b745@group-2C0FEEE55AE1: changes role from  FOLLOWER to FOLLOWER at term 30 for recognizeCandidate:696df33b-59a0-4145-913f-936aff0d1566
2019-10-17 07:09:32,274 [grpc-default-executor-2] INFO  impl.RoleInfo (RoleInfo.java:shutdownFollowerState(121)) - 805254cc-2da6-48d8-a2f9-c1a3ceceab4a: shutdown FollowerState
2019-10-17 07:09:32,274 [grpc-default-executor-8] INFO  impl.RoleInfo (RoleInfo.java:shutdownFollowerState(121)) - f3ee4219-89bb-47f2-bbe0-5f784575b745: shutdown FollowerState
2019-10-17 07:09:32,274 [grpc-default-executor-2] INFO  impl.RoleInfo (RoleInfo.java:updateAndGet(143)) - 805254cc-2da6-48d8-a2f9-c1a3ceceab4a: start FollowerState
2019-10-17 07:09:32,274 [Thread-9865] INFO  impl.FollowerState (FollowerState.java:run(117)) - 805254cc-2da6-48d8-a2f9-c1a3ceceab4a@group-2C0FEEE55AE1-FollowerState was interrupted: java.lang.InterruptedException: sleep interrupted
2019-10-17 07:09:32,274 [Thread-9866] INFO  impl.FollowerState (FollowerState.java:run(117)) - f3ee4219-89bb-47f2-bbe0-5f784575b745@group-2C0FEEE55AE1-FollowerState was interrupted: java.lang.InterruptedException: sleep interrupted
2019-10-17 07:09:32,274 [grpc-default-executor-8] INFO  impl.RoleInfo (RoleInfo.java:updateAndGet(143)) - f3ee4219-89bb-47f2-bbe0-5f784575b745: start FollowerState
2019-10-17 07:09:32,285 [696df33b-59a0-4145-913f-936aff0d1566@group-2C0FEEE55AE1-LeaderElection1109] INFO  impl.LeaderElection (LeaderElection.java:logAndReturn(56)) - 696df33b-59a0-4145-913f-936aff0d1566@group-2C0FEEE55AE1-LeaderElection1109: Election REJECTED; received 2 response(s) [696df33b-59a0-4145-913f-936aff0d1566<-f3ee4219-89bb-47f2-bbe0-5f784575b745#0:FAIL-t30, 696df33b-59a0-4145-913f-936aff0d1566<-805254cc-2da6-48d8-a2f9-c1a3ceceab4a#0:FAIL-t30] and 0 exception(s); 696df33b-59a0-4145-913f-936aff0d1566@group-2C0FEEE55AE1:t30, leader=null, voted=696df33b-59a0-4145-913f-936aff0d1566, raftlog=696df33b-59a0-4145-913f-936aff0d1566@group-2C0FEEE55AE1-SegmentedRaftLog:OPENED:c-1,f-1,i0, conf=-1: [f3ee4219-89bb-47f2-bbe0-5f784575b745:192.168.157.211:38722, 805254cc-2da6-48d8-a2f9-c1a3ceceab4a:192.168.157.211:35407, 696df33b-59a0-4145-913f-936aff0d1566:192.168.157.211:38803], old=null
2019-10-17 07:09:32,286 [696df33b-59a0-4145-913f-936aff0d1566@group-2C0FEEE55AE1-LeaderElection1109] INFO  impl.RaftServerImpl (RaftServerImpl.java:setRole(184)) - 696df33b-59a0-4145-913f-936aff0d1566@group-2C0FEEE55AE1: changes role from CANDIDATE to FOLLOWER at term 30 for DISCOVERED_A_NEW_TERM
2019-10-17 07:09:32,286 [696df33b-59a0-4145-913f-936aff0d1566@group-2C0FEEE55AE1-LeaderElection1109] INFO  impl.RoleInfo (RoleInfo.java:shutdownLeaderElection(134)) - 696df33b-59a0-4145-913f-936aff0d1566: shutdown LeaderElection
2019-10-17 07:09:32,286 [696df33b-59a0-4145-913f-936aff0d1566@group-2C0FEEE55AE1-LeaderElection1109] INFO  impl.RoleInfo (RoleInfo.java:updateAndGet(143)) - 696df33b-59a0-4145-913f-936aff0d1566: start FollowerState
2019-10-17 07:09:32,424 [Thread-9873] INFO  impl.FollowerState (FollowerState.java:run(108)) - 696df33b-59a0-4145-913f-936aff0d1566@group-2C0FEEE55AE1-FollowerState: change to CANDIDATE, lastRpcTime:138ms, electionTimeout:138ms
2019-10-17 07:09:32,424 [Thread-9873] INFO  impl.RoleInfo (RoleInfo.java:shutdownFollowerState(121)) - 696df33b-59a0-4145-913f-936aff0d1566: shutdown FollowerState
2019-10-17 07:09:32,424 [Thread-9873] INFO  impl.RaftServerImpl (RaftServerImpl.java:setRole(184)) - 696df33b-59a0-4145-913f-936aff0d1566@group-2C0FEEE55AE1: changes role from  FOLLOWER to CANDIDATE at term 30 for changeToCandidate
2019-10-17 07:09:32,425 [Thread-9873] INFO  impl.RoleInfo (RoleInfo.java:updateAndGet(143)) - 696df33b-59a0-4145-913f-936aff0d1566: start LeaderElection
2019-10-17 07:09:32,444 [696df33b-59a0-4145-913f-936aff0d1566@group-2C0FEEE55AE1-LeaderElection1110] INFO  impl.LeaderElection (LeaderElection.java:askForVotes(178)) - 696df33b-59a0-4145-913f-936aff0d1566@group-2C0FEEE55AE1-LeaderElection1110: begin an election at term 31 for -1: [f3ee4219-89bb-47f2-bbe0-5f784575b745:192.168.157.211:38722, 805254cc-2da6-48d8-a2f9-c1a3ceceab4a:192.168.157.211:35407, 696df33b-59a0-4145-913f-936aff0d1566:192.168.157.211:38803], old=null
2019-10-17 07:09:32,445 [grpc-default-executor-8] INFO  impl.RaftServerImpl (RaftServerImpl.java:setRole(184)) - f3ee4219-89bb-47f2-bbe0-5f784575b745@group-2C0FEEE55AE1: changes role from  FOLLOWER to FOLLOWER at term 31 for recognizeCandidate:696df33b-59a0-4145-913f-936aff0d1566
2019-10-17 07:09:32,445 [grpc-default-executor-2] INFO  impl.RaftServerImpl (RaftServerImpl.java:setRole(184)) - 805254cc-2da6-48d8-a2f9-c1a3ceceab4a@group-2C0FEEE55AE1: changes role from  FOLLOWER to FOLLOWER at term 31 for recognizeCandidate:696df33b-59a0-4145-913f-936aff0d1566
2019-10-17 07:09:32,445 [grpc-default-executor-8] INFO  impl.RoleInfo (RoleInfo.java:shutdownFollowerState(121)) - f3ee4219-89bb-47f2-bbe0-5f784575b745: shutdown FollowerState
2019-10-17 07:09:32,446 [grpc-default-executor-2] INFO  impl.RoleInfo (RoleInfo.java:shutdownFollowerState(121)) - 805254cc-2da6-48d8-a2f9-c1a3ceceab4a: shutdown FollowerState
2019-10-17 07:09:32,446 [Thread-9872] INFO  impl.FollowerState (FollowerState.java:run(117)) - f3ee4219-89bb-47f2-bbe0-5f784575b745@group-2C0FEEE55AE1-FollowerState was interrupted: java.lang.InterruptedException: sleep interrupted
2019-10-17 07:09:32,446 [grpc-default-executor-8] INFO  impl.RoleInfo (RoleInfo.java:updateAndGet(143)) - f3ee4219-89bb-47f2-bbe0-5f784575b745: start FollowerState
2019-10-17 07:09:32,446 [Thread-9871] INFO  impl.FollowerState (FollowerState.java:run(117)) - 805254cc-2da6-48d8-a2f9-c1a3ceceab4a@group-2C0FEEE55AE1-FollowerState was interrupted: java.lang.InterruptedException: sleep interrupted
2019-10-17 07:09:32,446 [grpc-default-executor-2] INFO  impl.RoleInfo (RoleInfo.java:updateAndGet(143)) - 805254cc-2da6-48d8-a2f9-c1a3ceceab4a: start FollowerState
2019-10-17 07:09:32,459 [696df33b-59a0-4145-913f-936aff0d1566@group-2C0FEEE55AE1-LeaderElection1110] INFO  impl.LeaderElection (LeaderElection.java:logAndReturn(56)) - 696df33b-59a0-4145-913f-936aff0d1566@group-2C0FEEE55AE1-LeaderElection1110: Election REJECTED; received 2 response(s) [696df33b-59a0-4145-913f-936aff0d1566<-f3ee4219-89bb-47f2-bbe0-5f784575b745#0:FAIL-t31, 696df33b-59a0-4145-913f-936aff0d1566<-805254cc-2da6-48d8-a2f9-c1a3ceceab4a#0:FAIL-t31] and 0 exception(s); 696df33b-59a0-4145-913f-936aff0d1566@group-2C0FEEE55AE1:t31, leader=null, voted=696df33b-59a0-4145-913f-936aff0d1566, raftlog=696df33b-59a0-4145-913f-936aff0d1566@group-2C0FEEE55AE1-SegmentedRaftLog:OPENED:c-1,f-1,i0, conf=-1: [f3ee4219-89bb-47f2-bbe0-5f784575b745:192.168.157.211:38722, 805254cc-2da6-48d8-a2f9-c1a3ceceab4a:192.168.157.211:35407, 696df33b-59a0-4145-913f-936aff0d1566:192.168.157.211:38803], old=null
2019-10-17 07:09:32,459 [696df33b-59a0-4145-913f-936aff0d1566@group-2C0FEEE55AE1-LeaderElection1110] INFO  impl.RaftServerImpl (RaftServerImpl.java:setRole(184)) - 696df33b-59a0-4145-913f-936aff0d1566@group-2C0FEEE55AE1: changes role from CANDIDATE to FOLLOWER at term 31 for DISCOVERED_A_NEW_TERM
2019-10-17 07:09:32,459 [696df33b-59a0-4145-913f-936aff0d1566@group-2C0FEEE55AE1-LeaderElection1110] INFO  impl.RoleInfo (RoleInfo.java:shutdownLeaderElection(134)) - 696df33b-59a0-4145-913f-936aff0d1566: shutdown LeaderElection
2019-10-17 07:09:32,459 [696df33b-59a0-4145-913f-936aff0d1566@group-2C0FEEE55AE1-LeaderElection1110] INFO  impl.RoleInfo (RoleInfo.java:updateAndGet(143)) - 696df33b-59a0-4145-913f-936aff0d1566: start FollowerState
2019-10-17 07:09:32,633 [Thread-9883] INFO  impl.FollowerState (FollowerState.java:run(108)) - 696df33b-59a0-4145-913f-936aff0d1566@group-2C0FEEE55AE1-FollowerState: change to CANDIDATE, lastRpcTime:173ms, electionTimeout:173ms
2019-10-17 07:09:32,633 [Thread-9883] INFO  impl.RoleInfo (RoleInfo.java:shutdownFollowerState(121)) - 696df33b-59a0-4145-913f-936aff0d1566: shutdown FollowerState
2019-10-17 07:09:32,633 [Thread-9883] INFO  impl.RaftServerImpl (RaftServerImpl.java:setRole(184)) - 696df33b-59a0-4145-913f-936aff0d1566@group-2C0FEEE55AE1: changes role from  FOLLOWER to CANDIDATE at term 31 for changeToCandidate
2019-10-17 07:09:32,633 [Thread-9883] INFO  impl.RoleInfo (RoleInfo.java:updateAndGet(143)) - 696df33b-59a0-4145-913f-936aff0d1566: start LeaderElection
2019-10-17 07:09:32,647 [696df33b-59a0-4145-913f-936aff0d1566@group-2C0FEEE55AE1-LeaderElection1111] INFO  impl.LeaderElection (LeaderElection.java:askForVotes(178)) - 696df33b-59a0-4145-913f-936aff0d1566@group-2C0FEEE55AE1-LeaderElection1111: begin an election at term 32 for -1: [f3ee4219-89bb-47f2-bbe0-5f784575b745:192.168.157.211:38722, 805254cc-2da6-48d8-a2f9-c1a3ceceab4a:192.168.157.211:35407, 696df33b-59a0-4145-913f-936aff0d1566:192.168.157.211:38803], old=null
2019-10-17 07:09:32,648 [grpc-default-executor-2] INFO  impl.RaftServerImpl (RaftServerImpl.java:setRole(184)) - f3ee4219-89bb-47f2-bbe0-5f784575b745@group-2C0FEEE55AE1: changes role from  FOLLOWER to FOLLOWER at term 32 for recognizeCandidate:696df33b-59a0-4145-913f-936aff0d1566
2019-10-17 07:09:32,648 [grpc-default-executor-2] INFO  impl.RoleInfo (RoleInfo.java:shutdownFollowerState(121)) - f3ee4219-89bb-47f2-bbe0-5f784575b745: shutdown FollowerState
2019-10-17 07:09:32,648 [grpc-default-executor-8] INFO  impl.RaftServerImpl (RaftServerImpl.java:setRole(184)) - 805254cc-2da6-48d8-a2f9-c1a3ceceab4a@group-2C0FEEE55AE1: changes role from  FOLLOWER to FOLLOWER at term 32 for recognizeCandidate:696df33b-59a0-4145-913f-936aff0d1566
2019-10-17 07:09:32,648 [Thread-9879] INFO  impl.FollowerState (FollowerState.java:run(117)) - f3ee4219-89bb-47f2-bbe0-5f784575b745@group-2C0FEEE55AE1-FollowerState was interrupted: java.lang.InterruptedException: sleep interrupted
2019-10-17 07:09:32,648 [grpc-default-executor-2] INFO  impl.RoleInfo (RoleInfo.java:updateAndGet(143)) - f3ee4219-89bb-47f2-bbe0-5f784575b745: start FollowerState
2019-10-17 07:09:32,648 [grpc-default-executor-8] INFO  impl.RoleInfo (RoleInfo.java:shutdownFollowerState(121)) - 805254cc-2da6-48d8-a2f9-c1a3ceceab4a: shutdown FollowerState
2019-10-17 07:09:32,649 [grpc-default-executor-8] INFO  impl.RoleInfo (RoleInfo.java:updateAndGet(143)) - 805254cc-2da6-48d8-a2f9-c1a3ceceab4a: start FollowerState
2019-10-17 07:09:32,649 [Thread-9880] INFO  impl.FollowerState (FollowerState.java:run(117)) - 805254cc-2da6-48d8-a2f9-c1a3ceceab4a@group-2C0FEEE55AE1-FollowerState was interrupted: java.lang.InterruptedException: sleep interrupted
2019-10-17 07:09:32,674 [696df33b-59a0-4145-913f-936aff0d1566@group-2C0FEEE55AE1-LeaderElection1111] INFO  impl.LeaderElection (LeaderElection.java:logAndReturn(56)) - 696df33b-59a0-4145-913f-936aff0d1566@group-2C0FEEE55AE1-LeaderElection1111: Election REJECTED; received 2 response(s) [696df33b-59a0-4145-913f-936aff0d1566<-f3ee4219-89bb-47f2-bbe0-5f784575b745#0:FAIL-t32, 696df33b-59a0-4145-913f-936aff0d1566<-805254cc-2da6-48d8-a2f9-c1a3ceceab4a#0:FAIL-t32] and 0 exception(s); 696df33b-59a0-4145-913f-936aff0d1566@group-2C0FEEE55AE1:t32, leader=null, voted=696df33b-59a0-4145-913f-936aff0d1566, raftlog=696df33b-59a0-4145-913f-936aff0d1566@group-2C0FEEE55AE1-SegmentedRaftLog:OPENED:c-1,f-1,i0, conf=-1: [f3ee4219-89bb-47f2-bbe0-5f784575b745:192.168.157.211:38722, 805254cc-2da6-48d8-a2f9-c1a3ceceab4a:192.168.157.211:35407, 696df33b-59a0-4145-913f-936aff0d1566:192.168.157.211:38803], old=null
2019-10-17 07:09:32,674 [696df33b-59a0-4145-913f-936aff0d1566@group-2C0FEEE55AE1-LeaderElection1111] INFO  impl.RaftServerImpl (RaftServerImpl.java:setRole(184)) - 696df33b-59a0-4145-913f-936aff0d1566@group-2C0FEEE55AE1: changes role from CANDIDATE to FOLLOWER at term 32 for DISCOVERED_A_NEW_TERM
2019-10-17 07:09:32,674 [696df33b-59a0-4145-913f-936aff0d1566@group-2C0FEEE55AE1-LeaderElection1111] INFO  impl.RoleInfo (RoleInfo.java:shutdownLeaderElection(134)) - 696df33b-59a0-4145-913f-936aff0d1566: shutdown LeaderElection
2019-10-17 07:09:32,675 [696df33b-59a0-4145-913f-936aff0d1566@group-2C0FEEE55AE1-LeaderElection1111] INFO  impl.RoleInfo (RoleInfo.java:updateAndGet(143)) - 696df33b-59a0-4145-913f-936aff0d1566: start FollowerState
2019-10-17 07:09:32,790 [Thread-9889] INFO  impl.FollowerState (FollowerState.java:run(108)) - 696df33b-59a0-4145-913f-936aff0d1566@group-2C0FEEE55AE1-FollowerState: change to CANDIDATE, lastRpcTime:115ms, electionTimeout:115ms
2019-10-17 07:09:32,790 [Thread-9889] INFO  impl.RoleInfo (RoleInfo.java:shutdownFollowerState(121)) - 696df33b-59a0-4145-913f-936aff0d1566: shutdown FollowerState
2019-10-17 07:09:32,790 [Thread-9889] INFO  impl.RaftServerImpl (RaftServerImpl.java:setRole(184)) - 696df33b-59a0-4145-913f-936aff0d1566@group-2C0FEEE55AE1: changes role from  FOLLOWER to CANDIDATE at term 32 for changeToCandidate
2019-10-17 07:09:32,790 [Thread-9889] INFO  impl.RoleInfo (RoleInfo.java:updateAndGet(143)) - 696df33b-59a0-4145-913f-936aff0d1566: start LeaderElection
2019-10-17 07:09:32,804 [696df33b-59a0-4145-913f-936aff0d1566@group-2C0FEEE55AE1-LeaderElection1112] INFO  impl.LeaderElection (LeaderElection.java:askForVotes(178)) - 696df33b-59a0-4145-913f-936aff0d1566@group-2C0FEEE55AE1-LeaderElection1112: begin an election at term 33 for -1: [f3ee4219-89bb-47f2-bbe0-5f784575b745:192.168.157.211:38722, 805254cc-2da6-48d8-a2f9-c1a3ceceab4a:192.168.157.211:35407, 696df33b-59a0-4145-913f-936aff0d1566:192.168.157.211:38803], old=null
2019-10-17 07:09:32,805 [grpc-default-executor-8] INFO  impl.RaftServerImpl (RaftServerImpl.java:setRole(184)) - f3ee4219-89bb-47f2-bbe0-5f784575b745@group-2C0FEEE55AE1: changes role from  FOLLOWER to FOLLOWER at term 33 for recognizeCandidate:696df33b-59a0-4145-913f-936aff0d1566
2019-10-17 07:09:32,805 [grpc-default-executor-2] INFO  impl.RaftServerImpl (RaftServerImpl.java:setRole(184)) - 805254cc-2da6-48d8-a2f9-c1a3ceceab4a@group-2C0FEEE55AE1: changes role from  FOLLOWER to FOLLOWER at term 33 for recognizeCandidate:696df33b-59a0-4145-913f-936aff0d1566
2019-10-17 07:09:32,805 [grpc-default-executor-2] INFO  impl.RoleInfo (RoleInfo.java:shutdownFollowerState(121)) - 805254cc-2da6-48d8-a2f9-c1a3ceceab4a: shutdown FollowerState
2019-10-17 07:09:32,805 [grpc-default-executor-8] INFO  impl.RoleInfo (RoleInfo.java:shutdownFollowerState(121)) - f3ee4219-89bb-47f2-bbe0-5f784575b745: shutdown FollowerState
2019-10-17 07:09:32,805 [Thread-9888] INFO  impl.FollowerState (FollowerState.java:run(117)) - 805254cc-2da6-48d8-a2f9-c1a3ceceab4a@group-2C0FEEE55AE1-FollowerState was interrupted: java.lang.InterruptedException: sleep interrupted
2019-10-17 07:09:32,805 [Thread-9887] INFO  impl.FollowerState (FollowerState.java:run(117)) - f3ee4219-89bb-47f2-bbe0-5f784575b745@group-2C0FEEE55AE1-FollowerState was interrupted: java.lang.InterruptedException: sleep interrupted
2019-10-17 07:09:32,805 [grpc-default-executor-2] INFO  impl.RoleInfo (RoleInfo.java:updateAndGet(143)) - 805254cc-2da6-48d8-a2f9-c1a3ceceab4a: start FollowerState
2019-10-17 07:09:32,805 [grpc-default-executor-8] INFO  impl.RoleInfo (RoleInfo.java:updateAndGet(143)) - f3ee4219-89bb-47f2-bbe0-5f784575b745: start FollowerState
2019-10-17 07:09:32,820 [696df33b-59a0-4145-913f-936aff0d1566@group-2C0FEEE55AE1-LeaderElection1112] INFO  impl.LeaderElection (LeaderElection.java:logAndReturn(56)) - 696df33b-59a0-4145-913f-936aff0d1566@group-2C0FEEE55AE1-LeaderElection1112: Election REJECTED; received 2 response(s) [696df33b-59a0-4145-913f-936aff0d1566<-f3ee4219-89bb-47f2-bbe0-5f784575b745#0:FAIL-t33, 696df33b-59a0-4145-913f-936aff0d1566<-805254cc-2da6-48d8-a2f9-c1a3ceceab4a#0:FAIL-t33] and 0 exception(s); 696df33b-59a0-4145-913f-936aff0d1566@group-2C0FEEE55AE1:t33, leader=null, voted=696df33b-59a0-4145-913f-936aff0d1566, raftlog=696df33b-59a0-4145-913f-936aff0d1566@group-2C0FEEE55AE1-SegmentedRaftLog:OPENED:c-1,f-1,i0, conf=-1: [f3ee4219-89bb-47f2-bbe0-5f784575b745:192.168.157.211:38722, 805254cc-2da6-48d8-a2f9-c1a3ceceab4a:192.168.157.211:35407, 696df33b-59a0-4145-913f-936aff0d1566:192.168.157.211:38803], old=null
2019-10-17 07:09:32,820 [696df33b-59a0-4145-913f-936aff0d1566@group-2C0FEEE55AE1-LeaderElection1112] INFO  impl.RaftServerImpl (RaftServerImpl.java:setRole(184)) - 696df33b-59a0-4145-913f-936aff0d1566@group-2C0FEEE55AE1: changes role from CANDIDATE to FOLLOWER at term 33 for DISCOVERED_A_NEW_TERM
2019-10-17 07:09:32,820 [696df33b-59a0-4145-913f-936aff0d1566@group-2C0FEEE55AE1-LeaderElection1112] INFO  impl.RoleInfo (RoleInfo.java:shutdownLeaderElection(134)) - 696df33b-59a0-4145-913f-936aff0d1566: shutdown LeaderElection
2019-10-17 07:09:32,820 [696df33b-59a0-4145-913f-936aff0d1566@group-2C0FEEE55AE1-LeaderElection1112] INFO  impl.RoleInfo (RoleInfo.java:updateAndGet(143)) - 696df33b-59a0-4145-913f-936aff0d1566: start FollowerState
2019-10-17 07:09:32,944 [Thread-9895] INFO  impl.FollowerState (FollowerState.java:run(108)) - 696df33b-59a0-4145-913f-936aff0d1566@group-2C0FEEE55AE1-FollowerState: change to CANDIDATE, lastRpcTime:123ms, electionTimeout:123ms
2019-10-17 07:09:32,944 [Thread-9895] INFO  impl.RoleInfo (RoleInfo.java:shutdownFollowerState(121)) - 696df33b-59a0-4145-913f-936aff0d1566: shutdown FollowerState
2019-10-17 07:09:32,944 [Thread-9895] INFO  impl.RaftServerImpl (RaftServerImpl.java:setRole(184)) - 696df33b-59a0-4145-913f-936aff0d1566@group-2C0FEEE55AE1: changes role from  FOLLOWER to CANDIDATE at term 33 for changeToCandidate
2019-10-17 07:09:32,944 [Thread-9895] INFO  impl.RoleInfo (RoleInfo.java:updateAndGet(143)) - 696df33b-59a0-4145-913f-936aff0d1566: start LeaderElection
2019-10-17 07:09:32,957 [696df33b-59a0-4145-913f-936aff0d1566@group-2C0FEEE55AE1-LeaderElection1113] INFO  impl.LeaderElection (LeaderElection.java:askForVotes(178)) - 696df33b-59a0-4145-913f-936aff0d1566@group-2C0FEEE55AE1-LeaderElection1113: begin an election at term 34 for -1: [f3ee4219-89bb-47f2-bbe0-5f784575b745:192.168.157.211:38722, 805254cc-2da6-48d8-a2f9-c1a3ceceab4a:192.168.157.211:35407, 696df33b-59a0-4145-913f-936aff0d1566:192.168.157.211:38803], old=null
2019-10-17 07:09:32,958 [grpc-default-executor-8] INFO  impl.RaftServerImpl (RaftServerImpl.java:setRole(184)) - f3ee4219-89bb-47f2-bbe0-5f784575b745@group-2C0FEEE55AE1: changes role from  FOLLOWER to FOLLOWER at term 34 for recognizeCandidate:696df33b-59a0-4145-913f-936aff0d1566
2019-10-17 07:09:32,958 [grpc-default-executor-8] INFO  impl.RoleInfo (RoleInfo.java:shutdownFollowerState(121)) - f3ee4219-89bb-47f2-bbe0-5f784575b745: shutdown FollowerState
2019-10-17 07:09:32,958 [grpc-default-executor-2] INFO  impl.RaftServerImpl (RaftServerImpl.java:setRole(184)) - 805254cc-2da6-48d8-a2f9-c1a3ceceab4a@group-2C0FEEE55AE1: changes role from  FOLLOWER to FOLLOWER at term 34 for recognizeCandidate:696df33b-59a0-4145-913f-936aff0d1566
2019-10-17 07:09:32,958 [grpc-default-executor-2] INFO  impl.RoleInfo (RoleInfo.java:shutdownFollowerState(121)) - 805254cc-2da6-48d8-a2f9-c1a3ceceab4a: shutdown FollowerState
2019-10-17 07:09:32,958 [Thread-9894] INFO  impl.FollowerState (FollowerState.java:run(117)) - f3ee4219-89bb-47f2-bbe0-5f784575b745@group-2C0FEEE55AE1-FollowerState was interrupted: java.lang.InterruptedException: sleep interrupted
2019-10-17 07:09:32,959 [Thread-9893] INFO  impl.FollowerState (FollowerState.java:run(117)) - 805254cc-2da6-48d8-a2f9-c1a3ceceab4a@group-2C0FEEE55AE1-FollowerState was interrupted: java.lang.InterruptedException: sleep interrupted
2019-10-17 07:09:32,958 [grpc-default-executor-8] INFO  impl.RoleInfo (RoleInfo.java:updateAndGet(143)) - f3ee4219-89bb-47f2-bbe0-5f784575b745: start FollowerState
2019-10-17 07:09:32,959 [grpc-default-executor-2] INFO  impl.RoleInfo (RoleInfo.java:updateAndGet(143)) - 805254cc-2da6-48d8-a2f9-c1a3ceceab4a: start FollowerState
2019-10-17 07:09:32,984 [696df33b-59a0-4145-913f-936aff0d1566@group-2C0FEEE55AE1-LeaderElection1113] INFO  impl.LeaderElection (LeaderElection.java:logAndReturn(56)) - 696df33b-59a0-4145-913f-936aff0d1566@group-2C0FEEE55AE1-LeaderElection1113: Election REJECTED; received 2 response(s) [696df33b-59a0-4145-913f-936aff0d1566<-f3ee4219-89bb-47f2-bbe0-5f784575b745#0:FAIL-t34, 696df33b-59a0-4145-913f-936aff0d1566<-805254cc-2da6-48d8-a2f9-c1a3ceceab4a#0:FAIL-t34] and 0 exception(s); 696df33b-59a0-4145-913f-936aff0d1566@group-2C0FEEE55AE1:t34, leader=null, voted=696df33b-59a0-4145-913f-936aff0d1566, raftlog=696df33b-59a0-4145-913f-936aff0d1566@group-2C0FEEE55AE1-SegmentedRaftLog:OPENED:c-1,f-1,i0, conf=-1: [f3ee4219-89bb-47f2-bbe0-5f784575b745:192.168.157.211:38722, 805254cc-2da6-48d8-a2f9-c1a3ceceab4a:192.168.157.211:35407, 696df33b-59a0-4145-913f-936aff0d1566:192.168.157.211:38803], old=null
2019-10-17 07:09:32,985 [696df33b-59a0-4145-913f-936aff0d1566@group-2C0FEEE55AE1-LeaderElection1113] INFO  impl.RaftServerImpl (RaftServerImpl.java:setRole(184)) - 696df33b-59a0-4145-913f-936aff0d1566@group-2C0FEEE55AE1: changes role from CANDIDATE to FOLLOWER at term 34 for DISCOVERED_A_NEW_TERM
2019-10-17 07:09:32,985 [696df33b-59a0-4145-913f-936aff0d1566@group-2C0FEEE55AE1-LeaderElection1113] INFO  impl.RoleInfo (RoleInfo.java:shutdownLeaderElection(134)) - 696df33b-59a0-4145-913f-936aff0d1566: shutdown LeaderElection
2019-10-17 07:09:32,985 [696df33b-59a0-4145-913f-936aff0d1566@group-2C0FEEE55AE1-LeaderElection1113] INFO  impl.RoleInfo (RoleInfo.java:updateAndGet(143)) - 696df33b-59a0-4145-913f-936aff0d1566: start FollowerState
2019-10-17 07:09:33,160 [Thread-9905] INFO  impl.FollowerState (FollowerState.java:run(108)) - 696df33b-59a0-4145-913f-936aff0d1566@group-2C0FEEE55AE1-FollowerState: change to CANDIDATE, lastRpcTime:175ms, electionTimeout:175ms
2019-10-17 07:09:33,160 [Thread-9905] INFO  impl.RoleInfo (RoleInfo.java:shutdownFollowerState(121)) - 696df33b-59a0-4145-913f-936aff0d1566: shutdown FollowerState
2019-10-17 07:09:33,161 [Thread-9905] INFO  impl.RaftServerImpl (RaftServerImpl.java:setRole(184)) - 696df33b-59a0-4145-913f-936aff0d1566@group-2C0FEEE55AE1: changes role from  FOLLOWER to CANDIDATE at term 34 for changeToCandidate
2019-10-17 07:09:33,161 [Thread-9905] INFO  impl.RoleInfo (RoleInfo.java:updateAndGet(143)) - 696df33b-59a0-4145-913f-936aff0d1566: start LeaderElection
2019-10-17 07:09:33,186 [696df33b-59a0-4145-913f-936aff0d1566@group-2C0FEEE55AE1-LeaderElection1114] INFO  impl.LeaderElection (LeaderElection.java:askForVotes(178)) - 696df33b-59a0-4145-913f-936aff0d1566@group-2C0FEEE55AE1-LeaderElection1114: begin an election at term 35 for -1: [f3ee4219-89bb-47f2-bbe0-5f784575b745:192.168.157.211:38722, 805254cc-2da6-48d8-a2f9-c1a3ceceab4a:192.168.157.211:35407, 696df33b-59a0-4145-913f-936aff0d1566:192.168.157.211:38803], old=null
2019-10-17 07:09:33,187 [grpc-default-executor-8] INFO  impl.RaftServerImpl (RaftServerImpl.java:setRole(184)) - f3ee4219-89bb-47f2-bbe0-5f784575b745@group-2C0FEEE55AE1: changes role from  FOLLOWER to FOLLOWER at term 35 for recognizeCandidate:696df33b-59a0-4145-913f-936aff0d1566
2019-10-17 07:09:33,188 [grpc-default-executor-2] INFO  impl.RaftServerImpl (RaftServerImpl.java:setRole(184)) - 805254cc-2da6-48d8-a2f9-c1a3ceceab4a@group-2C0FEEE55AE1: changes role from  FOLLOWER to FOLLOWER at term 35 for recognizeCandidate:696df33b-59a0-4145-913f-936aff0d1566
2019-10-17 07:09:33,188 [grpc-default-executor-2] INFO  impl.RoleInfo (RoleInfo.java:shutdownFollowerState(121)) - 805254cc-2da6-48d8-a2f9-c1a3ceceab4a: shutdown FollowerState
2019-10-17 07:09:33,188 [grpc-default-executor-8] INFO  impl.RoleInfo (RoleInfo.java:shutdownFollowerState(121)) - f3ee4219-89bb-47f2-bbe0-5f784575b745: shutdown FollowerState
2019-10-17 07:09:33,188 [Thread-9904] INFO  impl.FollowerState (FollowerState.java:run(117)) - 805254cc-2da6-48d8-a2f9-c1a3ceceab4a@group-2C0FEEE55AE1-FollowerState was interrupted: java.lang.InterruptedException: sleep interrupted
2019-10-17 07:09:33,188 [grpc-default-executor-2] INFO  impl.RoleInfo (RoleInfo.java:updateAndGet(143)) - 805254cc-2da6-48d8-a2f9-c1a3ceceab4a: start FollowerState
2019-10-17 07:09:33,188 [Thread-9903] INFO  impl.FollowerState (FollowerState.java:run(117)) - f3ee4219-89bb-47f2-bbe0-5f784575b745@group-2C0FEEE55AE1-FollowerState was interrupted: java.lang.InterruptedException: sleep interrupted
2019-10-17 07:09:33,188 [grpc-default-executor-8] INFO  impl.RoleInfo (RoleInfo.java:updateAndGet(143)) - f3ee4219-89bb-47f2-bbe0-5f784575b745: start FollowerState
2019-10-17 07:09:33,214 [696df33b-59a0-4145-913f-936aff0d1566@group-2C0FEEE55AE1-LeaderElection1114] INFO  impl.LeaderElection (LeaderElection.java:logAndReturn(56)) - 696df33b-59a0-4145-913f-936aff0d1566@group-2C0FEEE55AE1-LeaderElection1114: Election REJECTED; received 2 response(s) [696df33b-59a0-4145-913f-936aff0d1566<-f3ee4219-89bb-47f2-bbe0-5f784575b745#0:FAIL-t35, 696df33b-59a0-4145-913f-936aff0d1566<-805254cc-2da6-48d8-a2f9-c1a3ceceab4a#0:FAIL-t35] and 0 exception(s); 696df33b-59a0-4145-913f-936aff0d1566@group-2C0FEEE55AE1:t35, leader=null, voted=696df33b-59a0-4145-913f-936aff0d1566, raftlog=696df33b-59a0-4145-913f-936aff0d1566@group-2C0FEEE55AE1-SegmentedRaftLog:OPENED:c-1,f-1,i0, conf=-1: [f3ee4219-89bb-47f2-bbe0-5f784575b745:192.168.157.211:38722, 805254cc-2da6-48d8-a2f9-c1a3ceceab4a:192.168.157.211:35407, 696df33b-59a0-4145-913f-936aff0d1566:192.168.157.211:38803], old=null
2019-10-17 07:09:33,214 [696df33b-59a0-4145-913f-936aff0d1566@group-2C0FEEE55AE1-LeaderElection1114] INFO  impl.RaftServerImpl (RaftServerImpl.java:setRole(184)) - 696df33b-59a0-4145-913f-936aff0d1566@group-2C0FEEE55AE1: changes role from CANDIDATE to FOLLOWER at term 35 for DISCOVERED_A_NEW_TERM
2019-10-17 07:09:33,214 [696df33b-59a0-4145-913f-936aff0d1566@group-2C0FEEE55AE1-LeaderElection1114] INFO  impl.RoleInfo (RoleInfo.java:shutdownLeaderElection(134)) - 696df33b-59a0-4145-913f-936aff0d1566: shutdown LeaderElection
2019-10-17 07:09:33,215 [696df33b-59a0-4145-913f-936aff0d1566@group-2C0FEEE55AE1-LeaderElection1114] INFO  impl.RoleInfo (RoleInfo.java:updateAndGet(143)) - 696df33b-59a0-4145-913f-936aff0d1566: start FollowerState
2019-10-17 07:09:33,225 [Thread-9913] INFO  impl.FollowerState (FollowerState.java:run(108)) - 696df33b-59a0-4145-913f-936aff0d1566@group-2C0FEEE55AE1-FollowerState: change to CANDIDATE, lastRpcTime:10ms, electionTimeout:10ms
2019-10-17 07:09:33,225 [Thread-9913] INFO  impl.RoleInfo (RoleInfo.java:shutdownFollowerState(121)) - 696df33b-59a0-4145-913f-936aff0d1566: shutdown FollowerState
2019-10-17 07:09:33,225 [Thread-9913] INFO  impl.RaftServerImpl (RaftServerImpl.java:setRole(184)) - 696df33b-59a0-4145-913f-936aff0d1566@group-2C0FEEE55AE1: changes role from  FOLLOWER to CANDIDATE at term 35 for changeToCandidate
2019-10-17 07:09:33,225 [Thread-9913] INFO  impl.RoleInfo (RoleInfo.java:updateAndGet(143)) - 696df33b-59a0-4145-913f-936aff0d1566: start LeaderElection
2019-10-17 07:09:33,237 [696df33b-59a0-4145-913f-936aff0d1566@group-2C0FEEE55AE1-LeaderElection1115] INFO  impl.LeaderElection (LeaderElection.java:askForVotes(178)) - 696df33b-59a0-4145-913f-936aff0d1566@group-2C0FEEE55AE1-LeaderElection1115: begin an election at term 36 for -1: [f3ee4219-89bb-47f2-bbe0-5f784575b745:192.168.157.211:38722, 805254cc-2da6-48d8-a2f9-c1a3ceceab4a:192.168.157.211:35407, 696df33b-59a0-4145-913f-936aff0d1566:192.168.157.211:38803], old=null
2019-10-17 07:09:33,238 [grpc-default-executor-2] INFO  impl.RaftServerImpl (RaftServerImpl.java:setRole(184)) - f3ee4219-89bb-47f2-bbe0-5f784575b745@group-2C0FEEE55AE1: changes role from  FOLLOWER to FOLLOWER at term 36 for recognizeCandidate:696df33b-59a0-4145-913f-936aff0d1566
2019-10-17 07:09:33,239 [grpc-default-executor-2] INFO  impl.RoleInfo (RoleInfo.java:shutdownFollowerState(121)) - f3ee4219-89bb-47f2-bbe0-5f784575b745: shutdown FollowerState
2019-10-17 07:09:33,239 [grpc-default-executor-2] INFO  impl.RoleInfo (RoleInfo.java:updateAndGet(143)) - f3ee4219-89bb-47f2-bbe0-5f784575b745: start FollowerState
2019-10-17 07:09:33,239 [grpc-default-executor-8] INFO  impl.RaftServerImpl (RaftServerImpl.java:setRole(184)) - 805254cc-2da6-48d8-a2f9-c1a3ceceab4a@group-2C0FEEE55AE1: changes role from  FOLLOWER to FOLLOWER at term 36 for recognizeCandidate:696df33b-59a0-4145-913f-936aff0d1566
2019-10-17 07:09:33,239 [grpc-default-executor-8] INFO  impl.RoleInfo (RoleInfo.java:shutdownFollowerState(121)) - 805254cc-2da6-48d8-a2f9-c1a3ceceab4a: shutdown FollowerState
2019-10-17 07:09:33,239 [Thread-9912] INFO  impl.FollowerState (FollowerState.java:run(117)) - f3ee4219-89bb-47f2-bbe0-5f784575b745@group-2C0FEEE55AE1-FollowerState was interrupted: java.lang.InterruptedException: sleep interrupted
2019-10-17 07:09:33,239 [grpc-default-executor-8] INFO  impl.RoleInfo (RoleInfo.java:updateAndGet(143)) - 805254cc-2da6-48d8-a2f9-c1a3ceceab4a: start FollowerState
2019-10-17 07:09:33,239 [Thread-9911] INFO  impl.FollowerState (FollowerState.java:run(117)) - 805254cc-2da6-48d8-a2f9-c1a3ceceab4a@group-2C0FEEE55AE1-FollowerState was interrupted: java.lang.InterruptedException: sleep interrupted
2019-10-17 07:09:33,264 [696df33b-59a0-4145-913f-936aff0d1566@group-2C0FEEE55AE1-LeaderElection1115] INFO  impl.LeaderElection (LeaderElection.java:logAndReturn(56)) - 696df33b-59a0-4145-913f-936aff0d1566@group-2C0FEEE55AE1-LeaderElection1115: Election REJECTED; received 2 response(s) [696df33b-59a0-4145-913f-936aff0d1566<-f3ee4219-89bb-47f2-bbe0-5f784575b745#0:FAIL-t36, 696df33b-59a0-4145-913f-936aff0d1566<-805254cc-2da6-48d8-a2f9-c1a3ceceab4a#0:FAIL-t36] and 0 exception(s); 696df33b-59a0-4145-913f-936aff0d1566@group-2C0FEEE55AE1:t36, leader=null, voted=696df33b-59a0-4145-913f-936aff0d1566, raftlog=696df33b-59a0-4145-913f-936aff0d1566@group-2C0FEEE55AE1-SegmentedRaftLog:OPENED:c-1,f-1,i0, conf=-1: [f3ee4219-89bb-47f2-bbe0-5f784575b745:192.168.157.211:38722, 805254cc-2da6-48d8-a2f9-c1a3ceceab4a:192.168.157.211:35407, 696df33b-59a0-4145-913f-936aff0d1566:192.168.157.211:38803], old=null
2019-10-17 07:09:33,264 [696df33b-59a0-4145-913f-936aff0d1566@group-2C0FEEE55AE1-LeaderElection1115] INFO  impl.RaftServerImpl (RaftServerImpl.java:setRole(184)) - 696df33b-59a0-4145-913f-936aff0d1566@group-2C0FEEE55AE1: changes role from CANDIDATE to FOLLOWER at term 36 for DISCOVERED_A_NEW_TERM
2019-10-17 07:09:33,264 [696df33b-59a0-4145-913f-936aff0d1566@group-2C0FEEE55AE1-LeaderElection1115] INFO  impl.RoleInfo (RoleInfo.java:shutdownLeaderElection(134)) - 696df33b-59a0-4145-913f-936aff0d1566: shutdown LeaderElection
2019-10-17 07:09:33,265 [696df33b-59a0-4145-913f-936aff0d1566@group-2C0FEEE55AE1-LeaderElection1115] INFO  impl.RoleInfo (RoleInfo.java:updateAndGet(143)) - 696df33b-59a0-4145-913f-936aff0d1566: start FollowerState
2019-10-17 07:09:33,271 [Thread-9919] INFO  impl.FollowerState (FollowerState.java:run(108)) - 696df33b-59a0-4145-913f-936aff0d1566@group-2C0FEEE55AE1-FollowerState: change to CANDIDATE, lastRpcTime:6ms, electionTimeout:6ms
2019-10-17 07:09:33,271 [Thread-9919] INFO  impl.RoleInfo (RoleInfo.java:shutdownFollowerState(121)) - 696df33b-59a0-4145-913f-936aff0d1566: shutdown FollowerState
2019-10-17 07:09:33,271 [Thread-9919] INFO  impl.RaftServerImpl (RaftServerImpl.java:setRole(184)) - 696df33b-59a0-4145-913f-936aff0d1566@group-2C0FEEE55AE1: changes role from  FOLLOWER to CANDIDATE at term 36 for changeToCandidate
2019-10-17 07:09:33,271 [Thread-9919] INFO  impl.RoleInfo (RoleInfo.java:updateAndGet(143)) - 696df33b-59a0-4145-913f-936aff0d1566: start LeaderElection
2019-10-17 07:09:33,286 [696df33b-59a0-4145-913f-936aff0d1566@group-2C0FEEE55AE1-LeaderElection1116] INFO  impl.LeaderElection (LeaderElection.java:askForVotes(178)) - 696df33b-59a0-4145-913f-936aff0d1566@group-2C0FEEE55AE1-LeaderElection1116: begin an election at term 37 for -1: [f3ee4219-89bb-47f2-bbe0-5f784575b745:192.168.157.211:38722, 805254cc-2da6-48d8-a2f9-c1a3ceceab4a:192.168.157.211:35407, 696df33b-59a0-4145-913f-936aff0d1566:192.168.157.211:38803], old=null
2019-10-17 07:09:33,287 [grpc-default-executor-2] INFO  impl.RaftServerImpl (RaftServerImpl.java:setRole(184)) - f3ee4219-89bb-47f2-bbe0-5f784575b745@group-2C0FEEE55AE1: changes role from  FOLLOWER to FOLLOWER at term 37 for recognizeCandidate:696df33b-59a0-4145-913f-936aff0d1566
2019-10-17 07:09:33,287 [grpc-default-executor-2] INFO  impl.RoleInfo (RoleInfo.java:shutdownFollowerState(121)) - f3ee4219-89bb-47f2-bbe0-5f784575b745: shutdown FollowerState
2019-10-17 07:09:33,287 [grpc-default-executor-2] INFO  impl.RoleInfo (RoleInfo.java:updateAndGet(143)) - f3ee4219-89bb-47f2-bbe0-5f784575b745: start FollowerState
2019-10-17 07:09:33,287 [grpc-default-executor-8] INFO  impl.RaftServerImpl (RaftServerImpl.java:setRole(184)) - 805254cc-2da6-48d8-a2f9-c1a3ceceab4a@group-2C0FEEE55AE1: changes role from  FOLLOWER to FOLLOWER at term 37 for recognizeCandidate:696df33b-59a0-4145-913f-936aff0d1566
2019-10-17 07:09:33,287 [grpc-default-executor-8] INFO  impl.RoleInfo (RoleInfo.java:shutdownFollowerState(121)) - 805254cc-2da6-48d8-a2f9-c1a3ceceab4a: shutdown FollowerState
2019-10-17 07:09:33,287 [Thread-9917] INFO  impl.FollowerState (FollowerState.java:run(117)) - f3ee4219-89bb-47f2-bbe0-5f784575b745@group-2C0FEEE55AE1-FollowerState was interrupted: java.lang.InterruptedException: sleep interrupted
2019-10-17 07:09:33,287 [grpc-default-executor-8] INFO  impl.RoleInfo (RoleInfo.java:updateAndGet(143)) - 805254cc-2da6-48d8-a2f9-c1a3ceceab4a: start FollowerState
2019-10-17 07:09:33,287 [Thread-9918] INFO  impl.FollowerState (FollowerState.java:run(117)) - 805254cc-2da6-48d8-a2f9-c1a3ceceab4a@group-2C0FEEE55AE1-FollowerState was interrupted: java.lang.InterruptedException: sleep interrupted
2019-10-17 07:09:33,306 [696df33b-59a0-4145-913f-936aff0d1566@group-2C0FEEE55AE1-LeaderElection1116] INFO  impl.LeaderElection (LeaderElection.java:logAndReturn(56)) - 696df33b-59a0-4145-913f-936aff0d1566@group-2C0FEEE55AE1-LeaderElection1116: Election REJECTED; received 2 response(s) [696df33b-59a0-4145-913f-936aff0d1566<-f3ee4219-89bb-47f2-bbe0-5f784575b745#0:FAIL-t37, 696df33b-59a0-4145-913f-936aff0d1566<-805254cc-2da6-48d8-a2f9-c1a3ceceab4a#0:FAIL-t37] and 0 exception(s); 696df33b-59a0-4145-913f-936aff0d1566@group-2C0FEEE55AE1:t37, leader=null, voted=696df33b-59a0-4145-913f-936aff0d1566, raftlog=696df33b-59a0-4145-913f-936aff0d1566@group-2C0FEEE55AE1-SegmentedRaftLog:OPENED:c-1,f-1,i0, conf=-1: [f3ee4219-89bb-47f2-bbe0-5f784575b745:192.168.157.211:38722, 805254cc-2da6-48d8-a2f9-c1a3ceceab4a:192.168.157.211:35407, 696df33b-59a0-4145-913f-936aff0d1566:192.168.157.211:38803], old=null
2019-10-17 07:09:33,306 [696df33b-59a0-4145-913f-936aff0d1566@group-2C0FEEE55AE1-LeaderElection1116] INFO  impl.RaftServerImpl (RaftServerImpl.java:setRole(184)) - 696df33b-59a0-4145-913f-936aff0d1566@group-2C0FEEE55AE1: changes role from CANDIDATE to FOLLOWER at term 37 for DISCOVERED_A_NEW_TERM
2019-10-17 07:09:33,306 [696df33b-59a0-4145-913f-936aff0d1566@group-2C0FEEE55AE1-LeaderElection1116] INFO  impl.RoleInfo (RoleInfo.java:shutdownLeaderElection(134)) - 696df33b-59a0-4145-913f-936aff0d1566: shutdown LeaderElection
2019-10-17 07:09:33,307 [696df33b-59a0-4145-913f-936aff0d1566@group-2C0FEEE55AE1-LeaderElection1116] INFO  impl.RoleInfo (RoleInfo.java:updateAndGet(143)) - 696df33b-59a0-4145-913f-936aff0d1566: start FollowerState
2019-10-17 07:09:33,452 [Thread-9925] INFO  impl.FollowerState (FollowerState.java:run(108)) - 696df33b-59a0-4145-913f-936aff0d1566@group-2C0FEEE55AE1-FollowerState: change to CANDIDATE, lastRpcTime:145ms, electionTimeout:145ms
2019-10-17 07:09:33,452 [Thread-9925] INFO  impl.RoleInfo (RoleInfo.java:shutdownFollowerState(121)) - 696df33b-59a0-4145-913f-936aff0d1566: shutdown FollowerState
2019-10-17 07:09:33,452 [Thread-9925] INFO  impl.RaftServerImpl (RaftServerImpl.java:setRole(184)) - 696df33b-59a0-4145-913f-936aff0d1566@group-2C0FEEE55AE1: changes role from  FOLLOWER to CANDIDATE at term 37 for changeToCandidate
2019-10-17 07:09:33,452 [Thread-9925] INFO  impl.RoleInfo (RoleInfo.java:updateAndGet(143)) - 696df33b-59a0-4145-913f-936aff0d1566: start LeaderElection
2019-10-17 07:09:33,466 [696df33b-59a0-4145-913f-936aff0d1566@group-2C0FEEE55AE1-LeaderElection1117] INFO  impl.LeaderElection (LeaderElection.java:askForVotes(178)) - 696df33b-59a0-4145-913f-936aff0d1566@group-2C0FEEE55AE1-LeaderElection1117: begin an election at term 38 for -1: [f3ee4219-89bb-47f2-bbe0-5f784575b745:192.168.157.211:38722, 805254cc-2da6-48d8-a2f9-c1a3ceceab4a:192.168.157.211:35407, 696df33b-59a0-4145-913f-936aff0d1566:192.168.157.211:38803], old=null
2019-10-17 07:09:33,467 [grpc-default-executor-2] INFO  impl.RaftServerImpl (RaftServerImpl.java:setRole(184)) - f3ee4219-89bb-47f2-bbe0-5f784575b745@group-2C0FEEE55AE1: changes role from  FOLLOWER to FOLLOWER at term 38 for recognizeCandidate:696df33b-59a0-4145-913f-936aff0d1566
2019-10-17 07:09:33,467 [grpc-default-executor-2] INFO  impl.RoleInfo (RoleInfo.java:shutdownFollowerState(121)) - f3ee4219-89bb-47f2-bbe0-5f784575b745: shutdown FollowerState
2019-10-17 07:09:33,467 [grpc-default-executor-8] INFO  impl.RaftServerImpl (RaftServerImpl.java:setRole(184)) - 805254cc-2da6-48d8-a2f9-c1a3ceceab4a@group-2C0FEEE55AE1: changes role from  FOLLOWER to FOLLOWER at term 38 for recognizeCandidate:696df33b-59a0-4145-913f-936aff0d1566
2019-10-17 07:09:33,467 [Thread-9923] INFO  impl.FollowerState (FollowerState.java:run(117)) - f3ee4219-89bb-47f2-bbe0-5f784575b745@group-2C0FEEE55AE1-FollowerState was interrupted: java.lang.InterruptedException: sleep interrupted
2019-10-17 07:09:33,467 [grpc-default-executor-2] INFO  impl.RoleInfo (RoleInfo.java:updateAndGet(143)) - f3ee4219-89bb-47f2-bbe0-5f784575b745: start FollowerState
2019-10-17 07:09:33,467 [grpc-default-executor-8] INFO  impl.RoleInfo (RoleInfo.java:shutdownFollowerState(121)) - 805254cc-2da6-48d8-a2f9-c1a3ceceab4a: shutdown FollowerState
2019-10-17 07:09:33,468 [grpc-default-executor-8] INFO  impl.RoleInfo (RoleInfo.java:updateAndGet(143)) - 805254cc-2da6-48d8-a2f9-c1a3ceceab4a: start FollowerState
2019-10-17 07:09:33,468 [Thread-9924] INFO  impl.FollowerState (FollowerState.java:run(117)) - 805254cc-2da6-48d8-a2f9-c1a3ceceab4a@group-2C0FEEE55AE1-FollowerState was interrupted: java.lang.InterruptedException: sleep interrupted
2019-10-17 07:09:33,481 [696df33b-59a0-4145-913f-936aff0d1566@group-2C0FEEE55AE1-LeaderElection1117] INFO  impl.LeaderElection (LeaderElection.java:logAndReturn(56)) - 696df33b-59a0-4145-913f-936aff0d1566@group-2C0FEEE55AE1-LeaderElection1117: Election REJECTED; received 2 response(s) [696df33b-59a0-4145-913f-936aff0d1566<-f3ee4219-89bb-47f2-bbe0-5f784575b745#0:FAIL-t38, 696df33b-59a0-4145-913f-936aff0d1566<-805254cc-2da6-48d8-a2f9-c1a3ceceab4a#0:FAIL-t38] and 0 exception(s); 696df33b-59a0-4145-913f-936aff0d1566@group-2C0FEEE55AE1:t38, leader=null, voted=696df33b-59a0-4145-913f-936aff0d1566, raftlog=696df33b-59a0-4145-913f-936aff0d1566@group-2C0FEEE55AE1-SegmentedRaftLog:OPENED:c-1,f-1,i0, conf=-1: [f3ee4219-89bb-47f2-bbe0-5f784575b745:192.168.157.211:38722, 805254cc-2da6-48d8-a2f9-c1a3ceceab4a:192.168.157.211:35407, 696df33b-59a0-4145-913f-936aff0d1566:192.168.157.211:38803], old=null
2019-10-17 07:09:33,481 [696df33b-59a0-4145-913f-936aff0d1566@group-2C0FEEE55AE1-LeaderElection1117] INFO  impl.RaftServerImpl (RaftServerImpl.java:setRole(184)) - 696df33b-59a0-4145-913f-936aff0d1566@group-2C0FEEE55AE1: changes role from CANDIDATE to FOLLOWER at term 38 for DISCOVERED_A_NEW_TERM
2019-10-17 07:09:33,481 [696df33b-59a0-4145-913f-936aff0d1566@group-2C0FEEE55AE1-LeaderElection1117] INFO  impl.RoleInfo (RoleInfo.java:shutdownLeaderElection(134)) - 696df33b-59a0-4145-913f-936aff0d1566: shutdown LeaderElection
2019-10-17 07:09:33,481 [696df33b-59a0-4145-913f-936aff0d1566@group-2C0FEEE55AE1-LeaderElection1117] INFO  impl.RoleInfo (RoleInfo.java:updateAndGet(143)) - 696df33b-59a0-4145-913f-936aff0d1566: start FollowerState
2019-10-17 07:09:33,635 [Thread-9935] INFO  impl.FollowerState (FollowerState.java:run(108)) - 696df33b-59a0-4145-913f-936aff0d1566@group-2C0FEEE55AE1-FollowerState: change to CANDIDATE, lastRpcTime:154ms, electionTimeout:154ms
2019-10-17 07:09:33,636 [Thread-9935] INFO  impl.RoleInfo (RoleInfo.java:shutdownFollowerState(121)) - 696df33b-59a0-4145-913f-936aff0d1566: shutdown FollowerState
2019-10-17 07:09:33,636 [Thread-9935] INFO  impl.RaftServerImpl (RaftServerImpl.java:setRole(184)) - 696df33b-59a0-4145-913f-936aff0d1566@group-2C0FEEE55AE1: changes role from  FOLLOWER to CANDIDATE at term 38 for changeToCandidate
2019-10-17 07:09:33,636 [Thread-9935] INFO  impl.RoleInfo (RoleInfo.java:updateAndGet(143)) - 696df33b-59a0-4145-913f-936aff0d1566: start LeaderElection
2019-10-17 07:09:33,662 [696df33b-59a0-4145-913f-936aff0d1566@group-2C0FEEE55AE1-LeaderElection1118] INFO  impl.LeaderElection (LeaderElection.java:askForVotes(178)) - 696df33b-59a0-4145-913f-936aff0d1566@group-2C0FEEE55AE1-LeaderElection1118: begin an election at term 39 for -1: [f3ee4219-89bb-47f2-bbe0-5f784575b745:192.168.157.211:38722, 805254cc-2da6-48d8-a2f9-c1a3ceceab4a:192.168.157.211:35407, 696df33b-59a0-4145-913f-936aff0d1566:192.168.157.211:38803], old=null
2019-10-17 07:09:33,663 [grpc-default-executor-8] INFO  impl.RaftServerImpl (RaftServerImpl.java:setRole(184)) - f3ee4219-89bb-47f2-bbe0-5f784575b745@group-2C0FEEE55AE1: changes role from  FOLLOWER to FOLLOWER at term 39 for recognizeCandidate:696df33b-59a0-4145-913f-936aff0d1566
2019-10-17 07:09:33,663 [grpc-default-executor-8] INFO  impl.RoleInfo (RoleInfo.java:shutdownFollowerState(121)) - f3ee4219-89bb-47f2-bbe0-5f784575b745: shutdown FollowerState
2019-10-17 07:09:33,663 [grpc-default-executor-2] INFO  impl.RaftServerImpl (RaftServerImpl.java:setRole(184)) - 805254cc-2da6-48d8-a2f9-c1a3ceceab4a@group-2C0FEEE55AE1: changes role from  FOLLOWER to FOLLOWER at term 39 for recognizeCandidate:696df33b-59a0-4145-913f-936aff0d1566
2019-10-17 07:09:33,663 [grpc-default-executor-2] INFO  impl.RoleInfo (RoleInfo.java:shutdownFollowerState(121)) - 805254cc-2da6-48d8-a2f9-c1a3ceceab4a: shutdown FollowerState
2019-10-17 07:09:33,663 [grpc-default-executor-8] INFO  impl.RoleInfo (RoleInfo.java:updateAndGet(143)) - f3ee4219-89bb-47f2-bbe0-5f784575b745: start FollowerState
2019-10-17 07:09:33,663 [Thread-9933] INFO  impl.FollowerState (FollowerState.java:run(117)) - f3ee4219-89bb-47f2-bbe0-5f784575b745@group-2C0FEEE55AE1-FollowerState was interrupted: java.lang.InterruptedException: sleep interrupted
2019-10-17 07:09:33,663 [Thread-9934] INFO  impl.FollowerState (FollowerState.java:run(117)) - 805254cc-2da6-48d8-a2f9-c1a3ceceab4a@group-2C0FEEE55AE1-FollowerState was interrupted: java.lang.InterruptedException: sleep interrupted
2019-10-17 07:09:33,663 [grpc-default-executor-2] INFO  impl.RoleInfo (RoleInfo.java:updateAndGet(143)) - 805254cc-2da6-48d8-a2f9-c1a3ceceab4a: start FollowerState
2019-10-17 07:09:33,678 [696df33b-59a0-4145-913f-936aff0d1566@group-2C0FEEE55AE1-LeaderElection1118] INFO  impl.LeaderElection (LeaderElection.java:logAndReturn(56)) - 696df33b-59a0-4145-913f-936aff0d1566@group-2C0FEEE55AE1-LeaderElection1118: Election REJECTED; received 2 response(s) [696df33b-59a0-4145-913f-936aff0d1566<-f3ee4219-89bb-47f2-bbe0-5f784575b745#0:FAIL-t39, 696df33b-59a0-4145-913f-936aff0d1566<-805254cc-2da6-48d8-a2f9-c1a3ceceab4a#0:FAIL-t39] and 0 exception(s); 696df33b-59a0-4145-913f-936aff0d1566@group-2C0FEEE55AE1:t39, leader=null, voted=696df33b-59a0-4145-913f-936aff0d1566, raftlog=696df33b-59a0-4145-913f-936aff0d1566@group-2C0FEEE55AE1-SegmentedRaftLog:OPENED:c-1,f-1,i0, conf=-1: [f3ee4219-89bb-47f2-bbe0-5f784575b745:192.168.157.211:38722, 805254cc-2da6-48d8-a2f9-c1a3ceceab4a:192.168.157.211:35407, 696df33b-59a0-4145-913f-936aff0d1566:192.168.157.211:38803], old=null
2019-10-17 07:09:33,678 [696df33b-59a0-4145-913f-936aff0d1566@group-2C0FEEE55AE1-LeaderElection1118] INFO  impl.RaftServerImpl (RaftServerImpl.java:setRole(184)) - 696df33b-59a0-4145-913f-936aff0d1566@group-2C0FEEE55AE1: changes role from CANDIDATE to FOLLOWER at term 39 for DISCOVERED_A_NEW_TERM
2019-10-17 07:09:33,678 [696df33b-59a0-4145-913f-936aff0d1566@group-2C0FEEE55AE1-LeaderElection1118] INFO  impl.RoleInfo (RoleInfo.java:shutdownLeaderElection(134)) - 696df33b-59a0-4145-913f-936aff0d1566: shutdown LeaderElection
2019-10-17 07:09:33,678 [696df33b-59a0-4145-913f-936aff0d1566@group-2C0FEEE55AE1-LeaderElection1118] INFO  impl.RoleInfo (RoleInfo.java:updateAndGet(143)) - 696df33b-59a0-4145-913f-936aff0d1566: start FollowerState
2019-10-17 07:09:33,810 [Thread-9941] INFO  impl.FollowerState (FollowerState.java:run(108)) - 696df33b-59a0-4145-913f-936aff0d1566@group-2C0FEEE55AE1-FollowerState: change to CANDIDATE, lastRpcTime:131ms, electionTimeout:131ms
2019-10-17 07:09:33,810 [Thread-9941] INFO  impl.RoleInfo (RoleInfo.java:shutdownFollowerState(121)) - 696df33b-59a0-4145-913f-936aff0d1566: shutdown FollowerState
2019-10-17 07:09:33,810 [Thread-9941] INFO  impl.RaftServerImpl (RaftServerImpl.java:setRole(184)) - 696df33b-59a0-4145-913f-936aff0d1566@group-2C0FEEE55AE1: changes role from  FOLLOWER to CANDIDATE at term 39 for changeToCandidate
2019-10-17 07:09:33,810 [Thread-9941] INFO  impl.RoleInfo (RoleInfo.java:updateAndGet(143)) - 696df33b-59a0-4145-913f-936aff0d1566: start LeaderElection
2019-10-17 07:09:33,844 [696df33b-59a0-4145-913f-936aff0d1566@group-2C0FEEE55AE1-LeaderElection1119] INFO  impl.LeaderElection (LeaderElection.java:askForVotes(178)) - 696df33b-59a0-4145-913f-936aff0d1566@group-2C0FEEE55AE1-LeaderElection1119: begin an election at term 40 for -1: [f3ee4219-89bb-47f2-bbe0-5f784575b745:192.168.157.211:38722, 805254cc-2da6-48d8-a2f9-c1a3ceceab4a:192.168.157.211:35407, 696df33b-59a0-4145-913f-936aff0d1566:192.168.157.211:38803], old=null
2019-10-17 07:09:33,845 [grpc-default-executor-8] INFO  impl.RaftServerImpl (RaftServerImpl.java:setRole(184)) - 805254cc-2da6-48d8-a2f9-c1a3ceceab4a@group-2C0FEEE55AE1: changes role from  FOLLOWER to FOLLOWER at term 40 for recognizeCandidate:696df33b-59a0-4145-913f-936aff0d1566
2019-10-17 07:09:33,845 [grpc-default-executor-8] INFO  impl.RoleInfo (RoleInfo.java:shutdownFollowerState(121)) - 805254cc-2da6-48d8-a2f9-c1a3ceceab4a: shutdown FollowerState
2019-10-17 07:09:33,845 [grpc-default-executor-2] INFO  impl.RaftServerImpl (RaftServerImpl.java:setRole(184)) - f3ee4219-89bb-47f2-bbe0-5f784575b745@group-2C0FEEE55AE1: changes role from  FOLLOWER to FOLLOWER at term 40 for recognizeCandidate:696df33b-59a0-4145-913f-936aff0d1566
2019-10-17 07:09:33,845 [grpc-default-executor-2] INFO  impl.RoleInfo (RoleInfo.java:shutdownFollowerState(121)) - f3ee4219-89bb-47f2-bbe0-5f784575b745: shutdown FollowerState
2019-10-17 07:09:33,845 [Thread-9940] INFO  impl.FollowerState (FollowerState.java:run(117)) - 805254cc-2da6-48d8-a2f9-c1a3ceceab4a@group-2C0FEEE55AE1-FollowerState was interrupted: java.lang.InterruptedException: sleep interrupted
2019-10-17 07:09:33,845 [grpc-default-executor-8] INFO  impl.RoleInfo (RoleInfo.java:updateAndGet(143)) - 805254cc-2da6-48d8-a2f9-c1a3ceceab4a: start FollowerState
2019-10-17 07:09:33,846 [Thread-9939] INFO  impl.FollowerState (FollowerState.java:run(117)) - f3ee4219-89bb-47f2-bbe0-5f784575b745@group-2C0FEEE55AE1-FollowerState was interrupted: java.lang.InterruptedException: sleep interrupted
2019-10-17 07:09:33,846 [grpc-default-executor-2] INFO  impl.RoleInfo (RoleInfo.java:updateAndGet(143)) - f3ee4219-89bb-47f2-bbe0-5f784575b745: start FollowerState
2019-10-17 07:09:33,867 [696df33b-59a0-4145-913f-936aff0d1566@group-2C0FEEE55AE1-LeaderElection1119] INFO  impl.LeaderElection (LeaderElection.java:logAndReturn(56)) - 696df33b-59a0-4145-913f-936aff0d1566@group-2C0FEEE55AE1-LeaderElection1119: Election REJECTED; received 2 response(s) [696df33b-59a0-4145-913f-936aff0d1566<-f3ee4219-89bb-47f2-bbe0-5f784575b745#0:FAIL-t40, 696df33b-59a0-4145-913f-936aff0d1566<-805254cc-2da6-48d8-a2f9-c1a3ceceab4a#0:FAIL-t40] and 0 exception(s); 696df33b-59a0-4145-913f-936aff0d1566@group-2C0FEEE55AE1:t40, leader=null, voted=696df33b-59a0-4145-913f-936aff0d1566, raftlog=696df33b-59a0-4145-913f-936aff0d1566@group-2C0FEEE55AE1-SegmentedRaftLog:OPENED:c-1,f-1,i0, conf=-1: [f3ee4219-89bb-47f2-bbe0-5f784575b745:192.168.157.211:38722, 805254cc-2da6-48d8-a2f9-c1a3ceceab4a:192.168.157.211:35407, 696df33b-59a0-4145-913f-936aff0d1566:192.168.157.211:38803], old=null
2019-10-17 07:09:33,868 [696df33b-59a0-4145-913f-936aff0d1566@group-2C0FEEE55AE1-LeaderElection1119] INFO  impl.RaftServerImpl (RaftServerImpl.java:setRole(184)) - 696df33b-59a0-4145-913f-936aff0d1566@group-2C0FEEE55AE1: changes role from CANDIDATE to FOLLOWER at term 40 for DISCOVERED_A_NEW_TERM
2019-10-17 07:09:33,868 [696df33b-59a0-4145-913f-936aff0d1566@group-2C0FEEE55AE1-LeaderElection1119] INFO  impl.RoleInfo (RoleInfo.java:shutdownLeaderElection(134)) - 696df33b-59a0-4145-913f-936aff0d1566: shutdown LeaderElection
2019-10-17 07:09:33,868 [696df33b-59a0-4145-913f-936aff0d1566@group-2C0FEEE55AE1-LeaderElection1119] INFO  impl.RoleInfo (RoleInfo.java:updateAndGet(143)) - 696df33b-59a0-4145-913f-936aff0d1566: start FollowerState
2019-10-17 07:09:33,996 [Thread-9947] INFO  impl.FollowerState (FollowerState.java:run(108)) - 696df33b-59a0-4145-913f-936aff0d1566@group-2C0FEEE55AE1-FollowerState: change to CANDIDATE, lastRpcTime:128ms, electionTimeout:128ms
2019-10-17 07:09:33,997 [Thread-9947] INFO  impl.RoleInfo (RoleInfo.java:shutdownFollowerState(121)) - 696df33b-59a0-4145-913f-936aff0d1566: shutdown FollowerState
2019-10-17 07:09:33,997 [Thread-9947] INFO  impl.RaftServerImpl (RaftServerImpl.java:setRole(184)) - 696df33b-59a0-4145-913f-936aff0d1566@group-2C0FEEE55AE1: changes role from  FOLLOWER to CANDIDATE at term 40 for changeToCandidate
2019-10-17 07:09:33,997 [Thread-9947] INFO  impl.RoleInfo (RoleInfo.java:updateAndGet(143)) - 696df33b-59a0-4145-913f-936aff0d1566: start LeaderElection
2019-10-17 07:09:34,022 [696df33b-59a0-4145-913f-936aff0d1566@group-2C0FEEE55AE1-LeaderElection1120] INFO  impl.LeaderElection (LeaderElection.java:askForVotes(178)) - 696df33b-59a0-4145-913f-936aff0d1566@group-2C0FEEE55AE1-LeaderElection1120: begin an election at term 41 for -1: [f3ee4219-89bb-47f2-bbe0-5f784575b745:192.168.157.211:38722, 805254cc-2da6-48d8-a2f9-c1a3ceceab4a:192.168.157.211:35407, 696df33b-59a0-4145-913f-936aff0d1566:192.168.157.211:38803], old=null
2019-10-17 07:09:34,023 [grpc-default-executor-8] INFO  impl.RaftServerImpl (RaftServerImpl.java:setRole(184)) - f3ee4219-89bb-47f2-bbe0-5f784575b745@group-2C0FEEE55AE1: changes role from  FOLLOWER to FOLLOWER at term 41 for recognizeCandidate:696df33b-59a0-4145-913f-936aff0d1566
2019-10-17 07:09:34,023 [grpc-default-executor-2] INFO  impl.RaftServerImpl (RaftServerImpl.java:setRole(184)) - 805254cc-2da6-48d8-a2f9-c1a3ceceab4a@group-2C0FEEE55AE1: changes role from  FOLLOWER to FOLLOWER at term 41 for recognizeCandidate:696df33b-59a0-4145-913f-936aff0d1566
2019-10-17 07:09:34,023 [grpc-default-executor-2] INFO  impl.RoleInfo (RoleInfo.java:shutdownFollowerState(121)) - 805254cc-2da6-48d8-a2f9-c1a3ceceab4a: shutdown FollowerState
2019-10-17 07:09:34,023 [grpc-default-executor-8] INFO  impl.RoleInfo (RoleInfo.java:shutdownFollowerState(121)) - f3ee4219-89bb-47f2-bbe0-5f784575b745: shutdown FollowerState
2019-10-17 07:09:34,024 [Thread-9945] INFO  impl.FollowerState (FollowerState.java:run(117)) - 805254cc-2da6-48d8-a2f9-c1a3ceceab4a@group-2C0FEEE55AE1-FollowerState was interrupted: java.lang.InterruptedException: sleep interrupted
2019-10-17 07:09:34,024 [Thread-9946] INFO  impl.FollowerState (FollowerState.java:run(117)) - f3ee4219-89bb-47f2-bbe0-5f784575b745@group-2C0FEEE55AE1-FollowerState was interrupted: java.lang.InterruptedException: sleep interrupted
2019-10-17 07:09:34,024 [grpc-default-executor-2] INFO  impl.RoleInfo (RoleInfo.java:updateAndGet(143)) - 805254cc-2da6-48d8-a2f9-c1a3ceceab4a: start FollowerState
2019-10-17 07:09:34,024 [grpc-default-executor-8] INFO  impl.RoleInfo (RoleInfo.java:updateAndGet(143)) - f3ee4219-89bb-47f2-bbe0-5f784575b745: start FollowerState
2019-10-17 07:09:34,040 [696df33b-59a0-4145-913f-936aff0d1566@group-2C0FEEE55AE1-LeaderElection1120] INFO  impl.LeaderElection (LeaderElection.java:logAndReturn(56)) - 696df33b-59a0-4145-913f-936aff0d1566@group-2C0FEEE55AE1-LeaderElection1120: Election REJECTED; received 2 response(s) [696df33b-59a0-4145-913f-936aff0d1566<-f3ee4219-89bb-47f2-bbe0-5f784575b745#0:FAIL-t41, 696df33b-59a0-4145-913f-936aff0d1566<-805254cc-2da6-48d8-a2f9-c1a3ceceab4a#0:FAIL-t41] and 0 exception(s); 696df33b-59a0-4145-913f-936aff0d1566@group-2C0FEEE55AE1:t41, leader=null, voted=696df33b-59a0-4145-913f-936aff0d1566, raftlog=696df33b-59a0-4145-913f-936aff0d1566@group-2C0FEEE55AE1-SegmentedRaftLog:OPENED:c-1,f-1,i0, conf=-1: [f3ee4219-89bb-47f2-bbe0-5f784575b745:192.168.157.211:38722, 805254cc-2da6-48d8-a2f9-c1a3ceceab4a:192.168.157.211:35407, 696df33b-59a0-4145-913f-936aff0d1566:192.168.157.211:38803], old=null
2019-10-17 07:09:34,040 [696df33b-59a0-4145-913f-936aff0d1566@group-2C0FEEE55AE1-LeaderElection1120] INFO  impl.RaftServerImpl (RaftServerImpl.java:setRole(184)) - 696df33b-59a0-4145-913f-936aff0d1566@group-2C0FEEE55AE1: changes role from CANDIDATE to FOLLOWER at term 41 for DISCOVERED_A_NEW_TERM
2019-10-17 07:09:34,040 [696df33b-59a0-4145-913f-936aff0d1566@group-2C0FEEE55AE1-LeaderElection1120] INFO  impl.RoleInfo (RoleInfo.java:shutdownLeaderElection(134)) - 696df33b-59a0-4145-913f-936aff0d1566: shutdown LeaderElection
2019-10-17 07:09:34,040 [696df33b-59a0-4145-913f-936aff0d1566@group-2C0FEEE55AE1-LeaderElection1120] INFO  impl.RoleInfo (RoleInfo.java:updateAndGet(143)) - 696df33b-59a0-4145-913f-936aff0d1566: start FollowerState
2019-10-17 07:09:34,208 [Thread-9957] INFO  impl.FollowerState (FollowerState.java:run(108)) - 696df33b-59a0-4145-913f-936aff0d1566@group-2C0FEEE55AE1-FollowerState: change to CANDIDATE, lastRpcTime:168ms, electionTimeout:168ms
2019-10-17 07:09:34,208 [Thread-9957] INFO  impl.RoleInfo (RoleInfo.java:shutdownFollowerState(121)) - 696df33b-59a0-4145-913f-936aff0d1566: shutdown FollowerState
2019-10-17 07:09:34,208 [Thread-9957] INFO  impl.RaftServerImpl (RaftServerImpl.java:setRole(184)) - 696df33b-59a0-4145-913f-936aff0d1566@group-2C0FEEE55AE1: changes role from  FOLLOWER to CANDIDATE at term 41 for changeToCandidate
2019-10-17 07:09:34,209 [Thread-9957] INFO  impl.RoleInfo (RoleInfo.java:updateAndGet(143)) - 696df33b-59a0-4145-913f-936aff0d1566: start LeaderElection
2019-10-17 07:09:34,230 [696df33b-59a0-4145-913f-936aff0d1566@group-2C0FEEE55AE1-LeaderElection1121] INFO  impl.LeaderElection (LeaderElection.java:askForVotes(178)) - 696df33b-59a0-4145-913f-936aff0d1566@group-2C0FEEE55AE1-LeaderElection1121: begin an election at term 42 for -1: [f3ee4219-89bb-47f2-bbe0-5f784575b745:192.168.157.211:38722, 805254cc-2da6-48d8-a2f9-c1a3ceceab4a:192.168.157.211:35407, 696df33b-59a0-4145-913f-936aff0d1566:192.168.157.211:38803], old=null
2019-10-17 07:09:34,231 [grpc-default-executor-8] INFO  impl.RaftServerImpl (RaftServerImpl.java:setRole(184)) - f3ee4219-89bb-47f2-bbe0-5f784575b745@group-2C0FEEE55AE1: changes role from  FOLLOWER to FOLLOWER at term 42 for recognizeCandidate:696df33b-59a0-4145-913f-936aff0d1566
2019-10-17 07:09:34,232 [grpc-default-executor-8] INFO  impl.RoleInfo (RoleInfo.java:shutdownFollowerState(121)) - f3ee4219-89bb-47f2-bbe0-5f784575b745: shutdown FollowerState
2019-10-17 07:09:34,232 [grpc-default-executor-2] INFO  impl.RaftServerImpl (RaftServerImpl.java:setRole(184)) - 805254cc-2da6-48d8-a2f9-c1a3ceceab4a@group-2C0FEEE55AE1: changes role from  FOLLOWER to FOLLOWER at term 42 for recognizeCandidate:696df33b-59a0-4145-913f-936aff0d1566
2019-10-17 07:09:34,232 [grpc-default-executor-2] INFO  impl.RoleInfo (RoleInfo.java:shutdownFollowerState(121)) - 805254cc-2da6-48d8-a2f9-c1a3ceceab4a: shutdown FollowerState
2019-10-17 07:09:34,232 [Thread-9956] INFO  impl.FollowerState (FollowerState.java:run(117)) - f3ee4219-89bb-47f2-bbe0-5f784575b745@group-2C0FEEE55AE1-FollowerState was interrupted: java.lang.InterruptedException: sleep interrupted
2019-10-17 07:09:34,232 [Thread-9955] INFO  impl.FollowerState (FollowerState.java:run(117)) - 805254cc-2da6-48d8-a2f9-c1a3ceceab4a@group-2C0FEEE55AE1-FollowerState was interrupted: java.lang.InterruptedException: sleep interrupted
2019-10-17 07:09:34,232 [grpc-default-executor-8] INFO  impl.RoleInfo (RoleInfo.java:updateAndGet(143)) - f3ee4219-89bb-47f2-bbe0-5f784575b745: start FollowerState
2019-10-17 07:09:34,232 [grpc-default-executor-2] INFO  impl.RoleInfo (RoleInfo.java:updateAndGet(143)) - 805254cc-2da6-48d8-a2f9-c1a3ceceab4a: start FollowerState
2019-10-17 07:09:34,247 [696df33b-59a0-4145-913f-936aff0d1566@group-2C0FEEE55AE1-LeaderElection1121] INFO  impl.LeaderElection (LeaderElection.java:logAndReturn(56)) - 696df33b-59a0-4145-913f-936aff0d1566@group-2C0FEEE55AE1-LeaderElection1121: Election REJECTED; received 2 response(s) [696df33b-59a0-4145-913f-936aff0d1566<-f3ee4219-89bb-47f2-bbe0-5f784575b745#0:FAIL-t42, 696df33b-59a0-4145-913f-936aff0d1566<-805254cc-2da6-48d8-a2f9-c1a3ceceab4a#0:FAIL-t42] and 0 exception(s); 696df33b-59a0-4145-913f-936aff0d1566@group-2C0FEEE55AE1:t42, leader=null, voted=696df33b-59a0-4145-913f-936aff0d1566, raftlog=696df33b-59a0-4145-913f-936aff0d1566@group-2C0FEEE55AE1-SegmentedRaftLog:OPENED:c-1,f-1,i0, conf=-1: [f3ee4219-89bb-47f2-bbe0-5f784575b745:192.168.157.211:38722, 805254cc-2da6-48d8-a2f9-c1a3ceceab4a:192.168.157.211:35407, 696df33b-59a0-4145-913f-936aff0d1566:192.168.157.211:38803], old=null
2019-10-17 07:09:34,247 [696df33b-59a0-4145-913f-936aff0d1566@group-2C0FEEE55AE1-LeaderElection1121] INFO  impl.RaftServerImpl (RaftServerImpl.java:setRole(184)) - 696df33b-59a0-4145-913f-936aff0d1566@group-2C0FEEE55AE1: changes role from CANDIDATE to FOLLOWER at term 42 for DISCOVERED_A_NEW_TERM
2019-10-17 07:09:34,247 [696df33b-59a0-4145-913f-936aff0d1566@group-2C0FEEE55AE1-LeaderElection1121] INFO  impl.RoleInfo (RoleInfo.java:shutdownLeaderElection(134)) - 696df33b-59a0-4145-913f-936aff0d1566: shutdown LeaderElection
2019-10-17 07:09:34,247 [696df33b-59a0-4145-913f-936aff0d1566@group-2C0FEEE55AE1-LeaderElection1121] INFO  impl.RoleInfo (RoleInfo.java:updateAndGet(143)) - 696df33b-59a0-4145-913f-936aff0d1566: start FollowerState
2019-10-17 07:09:34,391 [Thread-9965] INFO  impl.FollowerState (FollowerState.java:run(108)) - 696df33b-59a0-4145-913f-936aff0d1566@group-2C0FEEE55AE1-FollowerState: change to CANDIDATE, lastRpcTime:143ms, electionTimeout:143ms
2019-10-17 07:09:34,391 [Thread-9965] INFO  impl.RoleInfo (RoleInfo.java:shutdownFollowerState(121)) - 696df33b-59a0-4145-913f-936aff0d1566: shutdown FollowerState
2019-10-17 07:09:34,391 [Thread-9965] INFO  impl.RaftServerImpl (RaftServerImpl.java:setRole(184)) - 696df33b-59a0-4145-913f-936aff0d1566@group-2C0FEEE55AE1: changes role from  FOLLOWER to CANDIDATE at term 42 for changeToCandidate
2019-10-17 07:09:34,391 [Thread-9965] INFO  impl.RoleInfo (RoleInfo.java:updateAndGet(143)) - 696df33b-59a0-4145-913f-936aff0d1566: start LeaderElection
2019-10-17 07:09:34,416 [696df33b-59a0-4145-913f-936aff0d1566@group-2C0FEEE55AE1-LeaderElection1122] INFO  impl.LeaderElection (LeaderElection.java:askForVotes(178)) - 696df33b-59a0-4145-913f-936aff0d1566@group-2C0FEEE55AE1-LeaderElection1122: begin an election at term 43 for -1: [f3ee4219-89bb-47f2-bbe0-5f784575b745:192.168.157.211:38722, 805254cc-2da6-48d8-a2f9-c1a3ceceab4a:192.168.157.211:35407, 696df33b-59a0-4145-913f-936aff0d1566:192.168.157.211:38803], old=null
2019-10-17 07:09:34,417 [grpc-default-executor-8] INFO  impl.RaftServerImpl (RaftServerImpl.java:setRole(184)) - f3ee4219-89bb-47f2-bbe0-5f784575b745@group-2C0FEEE55AE1: changes role from  FOLLOWER to FOLLOWER at term 43 for recognizeCandidate:696df33b-59a0-4145-913f-936aff0d1566
2019-10-17 07:09:34,417 [grpc-default-executor-8] INFO  impl.RoleInfo (RoleInfo.java:shutdownFollowerState(121)) - f3ee4219-89bb-47f2-bbe0-5f784575b745: shutdown FollowerState
2019-10-17 07:09:34,417 [grpc-default-executor-5] INFO  impl.RaftServerImpl (RaftServerImpl.java:setRole(184)) - 805254cc-2da6-48d8-a2f9-c1a3ceceab4a@group-2C0FEEE55AE1: changes role from  FOLLOWER to FOLLOWER at term 43 for recognizeCandidate:696df33b-59a0-4145-913f-936aff0d1566
2019-10-17 07:09:34,418 [grpc-default-executor-5] INFO  impl.RoleInfo (RoleInfo.java:shutdownFollowerState(121)) - 805254cc-2da6-48d8-a2f9-c1a3ceceab4a: shutdown FollowerState
2019-10-17 07:09:34,418 [Thread-9963] INFO  impl.FollowerState (FollowerState.java:run(117)) - f3ee4219-89bb-47f2-bbe0-5f784575b745@group-2C0FEEE55AE1-FollowerState was interrupted: java.lang.InterruptedException: sleep interrupted
2019-10-17 07:09:34,418 [grpc-default-executor-8] INFO  impl.RoleInfo (RoleInfo.java:updateAndGet(143)) - f3ee4219-89bb-47f2-bbe0-5f784575b745: start FollowerState
2019-10-17 07:09:34,418 [Thread-9964] INFO  impl.FollowerState (FollowerState.java:run(117)) - 805254cc-2da6-48d8-a2f9-c1a3ceceab4a@group-2C0FEEE55AE1-FollowerState was interrupted: java.lang.InterruptedException: sleep interrupted
2019-10-17 07:09:34,418 [grpc-default-executor-5] INFO  impl.RoleInfo (RoleInfo.java:updateAndGet(143)) - 805254cc-2da6-48d8-a2f9-c1a3ceceab4a: start FollowerState
2019-10-17 07:09:34,439 [696df33b-59a0-4145-913f-936aff0d1566@group-2C0FEEE55AE1-LeaderElection1122] INFO  impl.LeaderElection (LeaderElection.java:logAndReturn(56)) - 696df33b-59a0-4145-913f-936aff0d1566@group-2C0FEEE55AE1-LeaderElection1122: Election REJECTED; received 2 response(s) [696df33b-59a0-4145-913f-936aff0d1566<-f3ee4219-89bb-47f2-bbe0-5f784575b745#0:FAIL-t43, 696df33b-59a0-4145-913f-936aff0d1566<-805254cc-2da6-48d8-a2f9-c1a3ceceab4a#0:FAIL-t43] and 0 exception(s); 696df33b-59a0-4145-913f-936aff0d1566@group-2C0FEEE55AE1:t43, leader=null, voted=696df33b-59a0-4145-913f-936aff0d1566, raftlog=696df33b-59a0-4145-913f-936aff0d1566@group-2C0FEEE55AE1-SegmentedRaftLog:OPENED:c-1,f-1,i0, conf=-1: [f3ee4219-89bb-47f2-bbe0-5f784575b745:192.168.157.211:38722, 805254cc-2da6-48d8-a2f9-c1a3ceceab4a:192.168.157.211:35407, 696df33b-59a0-4145-913f-936aff0d1566:192.168.157.211:38803], old=null
2019-10-17 07:09:34,439 [696df33b-59a0-4145-913f-936aff0d1566@group-2C0FEEE55AE1-LeaderElection1122] INFO  impl.RaftServerImpl (RaftServerImpl.java:setRole(184)) - 696df33b-59a0-4145-913f-936aff0d1566@group-2C0FEEE55AE1: changes role from CANDIDATE to FOLLOWER at term 43 for DISCOVERED_A_NEW_TERM
2019-10-17 07:09:34,439 [696df33b-59a0-4145-913f-936aff0d1566@group-2C0FEEE55AE1-LeaderElection1122] INFO  impl.RoleInfo (RoleInfo.java:shutdownLeaderElection(134)) - 696df33b-59a0-4145-913f-936aff0d1566: shutdown LeaderElection
2019-10-17 07:09:34,440 [696df33b-59a0-4145-913f-936aff0d1566@group-2C0FEEE55AE1-LeaderElection1122] INFO  impl.RoleInfo (RoleInfo.java:updateAndGet(143)) - 696df33b-59a0-4145-913f-936aff0d1566: start FollowerState
2019-10-17 07:09:34,470 [Thread-9973] INFO  impl.FollowerState (FollowerState.java:run(108)) - 696df33b-59a0-4145-913f-936aff0d1566@group-2C0FEEE55AE1-FollowerState: change to CANDIDATE, lastRpcTime:30ms, electionTimeout:30ms
2019-10-17 07:09:34,470 [Thread-9973] INFO  impl.RoleInfo (RoleInfo.java:shutdownFollowerState(121)) - 696df33b-59a0-4145-913f-936aff0d1566: shutdown FollowerState
2019-10-17 07:09:34,470 [Thread-9973] INFO  impl.RaftServerImpl (RaftServerImpl.java:setRole(184)) - 696df33b-59a0-4145-913f-936aff0d1566@group-2C0FEEE55AE1: changes role from  FOLLOWER to CANDIDATE at term 43 for changeToCandidate
2019-10-17 07:09:34,470 [Thread-9973] INFO  impl.RoleInfo (RoleInfo.java:updateAndGet(143)) - 696df33b-59a0-4145-913f-936aff0d1566: start LeaderElection
2019-10-17 07:09:34,492 [696df33b-59a0-4145-913f-936aff0d1566@group-2C0FEEE55AE1-LeaderElection1123] INFO  impl.LeaderElection (LeaderElection.java:askForVotes(178)) - 696df33b-59a0-4145-913f-936aff0d1566@group-2C0FEEE55AE1-LeaderElection1123: begin an election at term 44 for -1: [f3ee4219-89bb-47f2-bbe0-5f784575b745:192.168.157.211:38722, 805254cc-2da6-48d8-a2f9-c1a3ceceab4a:192.168.157.211:35407, 696df33b-59a0-4145-913f-936aff0d1566:192.168.157.211:38803], old=null
2019-10-17 07:09:34,493 [grpc-default-executor-5] INFO  impl.RaftServerImpl (RaftServerImpl.java:setRole(184)) - f3ee4219-89bb-47f2-bbe0-5f784575b745@group-2C0FEEE55AE1: changes role from  FOLLOWER to FOLLOWER at term 44 for recognizeCandidate:696df33b-59a0-4145-913f-936aff0d1566
2019-10-17 07:09:34,493 [grpc-default-executor-5] INFO  impl.RoleInfo (RoleInfo.java:shutdownFollowerState(121)) - f3ee4219-89bb-47f2-bbe0-5f784575b745: shutdown FollowerState
2019-10-17 07:09:34,493 [grpc-default-executor-8] INFO  impl.RaftServerImpl (RaftServerImpl.java:setRole(184)) - 805254cc-2da6-48d8-a2f9-c1a3ceceab4a@group-2C0FEEE55AE1: changes role from  FOLLOWER to FOLLOWER at term 44 for recognizeCandidate:696df33b-59a0-4145-913f-936aff0d1566
2019-10-17 07:09:34,493 [grpc-default-executor-8] INFO  impl.RoleInfo (RoleInfo.java:shutdownFollowerState(121)) - 805254cc-2da6-48d8-a2f9-c1a3ceceab4a: shutdown FollowerState
2019-10-17 07:09:34,493 [Thread-9969] INFO  impl.FollowerState (FollowerState.java:run(117)) - f3ee4219-89bb-47f2-bbe0-5f784575b745@group-2C0FEEE55AE1-FollowerState was interrupted: java.lang.InterruptedException: sleep interrupted
2019-10-17 07:09:34,493 [grpc-default-executor-5] INFO  impl.RoleInfo (RoleInfo.java:updateAndGet(143)) - f3ee4219-89bb-47f2-bbe0-5f784575b745: start FollowerState
2019-10-17 07:09:34,494 [Thread-9970] INFO  impl.FollowerState (FollowerState.java:run(117)) - 805254cc-2da6-48d8-a2f9-c1a3ceceab4a@group-2C0FEEE55AE1-FollowerState was interrupted: java.lang.InterruptedException: sleep interrupted
2019-10-17 07:09:34,494 [grpc-default-executor-8] INFO  impl.RoleInfo (RoleInfo.java:updateAndGet(143)) - 805254cc-2da6-48d8-a2f9-c1a3ceceab4a: start FollowerState
2019-10-17 07:09:34,519 [696df33b-59a0-4145-913f-936aff0d1566@group-2C0FEEE55AE1-LeaderElection1123] INFO  impl.LeaderElection (LeaderElection.java:logAndReturn(56)) - 696df33b-59a0-4145-913f-936aff0d1566@group-2C0FEEE55AE1-LeaderElection1123: Election REJECTED; received 2 response(s) [696df33b-59a0-4145-913f-936aff0d1566<-f3ee4219-89bb-47f2-bbe0-5f784575b745#0:FAIL-t44, 696df33b-59a0-4145-913f-936aff0d1566<-805254cc-2da6-48d8-a2f9-c1a3ceceab4a#0:FAIL-t44] and 0 exception(s); 696df33b-59a0-4145-913f-936aff0d1566@group-2C0FEEE55AE1:t44, leader=null, voted=696df33b-59a0-4145-913f-936aff0d1566, raftlog=696df33b-59a0-4145-913f-936aff0d1566@group-2C0FEEE55AE1-SegmentedRaftLog:OPENED:c-1,f-1,i0, conf=-1: [f3ee4219-89bb-47f2-bbe0-5f784575b745:192.168.157.211:38722, 805254cc-2da6-48d8-a2f9-c1a3ceceab4a:192.168.157.211:35407, 696df33b-59a0-4145-913f-936aff0d1566:192.168.157.211:38803], old=null
2019-10-17 07:09:34,519 [696df33b-59a0-4145-913f-936aff0d1566@group-2C0FEEE55AE1-LeaderElection1123] INFO  impl.RaftServerImpl (RaftServerImpl.java:setRole(184)) - 696df33b-59a0-4145-913f-936aff0d1566@group-2C0FEEE55AE1: changes role from CANDIDATE to FOLLOWER at term 44 for DISCOVERED_A_NEW_TERM
2019-10-17 07:09:34,519 [696df33b-59a0-4145-913f-936aff0d1566@group-2C0FEEE55AE1-LeaderElection1123] INFO  impl.RoleInfo (RoleInfo.java:shutdownLeaderElection(134)) - 696df33b-59a0-4145-913f-936aff0d1566: shutdown LeaderElection
2019-10-17 07:09:34,519 [696df33b-59a0-4145-913f-936aff0d1566@group-2C0FEEE55AE1-LeaderElection1123] INFO  impl.RoleInfo (RoleInfo.java:updateAndGet(143)) - 696df33b-59a0-4145-913f-936aff0d1566: start FollowerState
2019-10-17 07:09:34,667 [Thread-9981] INFO  impl.FollowerState (FollowerState.java:run(108)) - 696df33b-59a0-4145-913f-936aff0d1566@group-2C0FEEE55AE1-FollowerState: change to CANDIDATE, lastRpcTime:147ms, electionTimeout:147ms
2019-10-17 07:09:34,667 [Thread-9981] INFO  impl.RoleInfo (RoleInfo.java:shutdownFollowerState(121)) - 696df33b-59a0-4145-913f-936aff0d1566: shutdown FollowerState
2019-10-17 07:09:34,667 [Thread-9981] INFO  impl.RaftServerImpl (RaftServerImpl.java:setRole(184)) - 696df33b-59a0-4145-913f-936aff0d1566@group-2C0FEEE55AE1: changes role from  FOLLOWER to CANDIDATE at term 44 for changeToCandidate
2019-10-17 07:09:34,667 [Thread-9981] INFO  impl.RoleInfo (RoleInfo.java:updateAndGet(143)) - 696df33b-59a0-4145-913f-936aff0d1566: start LeaderElection
2019-10-17 07:09:34,701 [696df33b-59a0-4145-913f-936aff0d1566@group-2C0FEEE55AE1-LeaderElection1124] INFO  impl.LeaderElection (LeaderElection.java:askForVotes(178)) - 696df33b-59a0-4145-913f-936aff0d1566@group-2C0FEEE55AE1-LeaderElection1124: begin an election at term 45 for -1: [f3ee4219-89bb-47f2-bbe0-5f784575b745:192.168.157.211:38722, 805254cc-2da6-48d8-a2f9-c1a3ceceab4a:192.168.157.211:35407, 696df33b-59a0-4145-913f-936aff0d1566:192.168.157.211:38803], old=null
2019-10-17 07:09:34,702 [grpc-default-executor-5] INFO  impl.RaftServerImpl (RaftServerImpl.java:setRole(184)) - f3ee4219-89bb-47f2-bbe0-5f784575b745@group-2C0FEEE55AE1: changes role from  FOLLOWER to FOLLOWER at term 45 for recognizeCandidate:696df33b-59a0-4145-913f-936aff0d1566
2019-10-17 07:09:34,702 [grpc-default-executor-5] INFO  impl.RoleInfo (RoleInfo.java:shutdownFollowerState(121)) - f3ee4219-89bb-47f2-bbe0-5f784575b745: shutdown FollowerState
2019-10-17 07:09:34,702 [grpc-default-executor-8] INFO  impl.RaftServerImpl (RaftServerImpl.java:setRole(184)) - 805254cc-2da6-48d8-a2f9-c1a3ceceab4a@group-2C0FEEE55AE1: changes role from  FOLLOWER to FOLLOWER at term 45 for recognizeCandidate:696df33b-59a0-4145-913f-936aff0d1566
2019-10-17 07:09:34,702 [Thread-9979] INFO  impl.FollowerState (FollowerState.java:run(117)) - f3ee4219-89bb-47f2-bbe0-5f784575b745@group-2C0FEEE55AE1-FollowerState was interrupted: java.lang.InterruptedException: sleep interrupted
2019-10-17 07:09:34,702 [grpc-default-executor-5] INFO  impl.RoleInfo (RoleInfo.java:updateAndGet(143)) - f3ee4219-89bb-47f2-bbe0-5f784575b745: start FollowerState
2019-10-17 07:09:34,702 [grpc-default-executor-8] INFO  impl.RoleInfo (RoleInfo.java:shutdownFollowerState(121)) - 805254cc-2da6-48d8-a2f9-c1a3ceceab4a: shutdown FollowerState
2019-10-17 07:09:34,703 [grpc-default-executor-8] INFO  impl.RoleInfo (RoleInfo.java:updateAndGet(143)) - 805254cc-2da6-48d8-a2f9-c1a3ceceab4a: start FollowerState
2019-10-17 07:09:34,703 [Thread-9980] INFO  impl.FollowerState (FollowerState.java:run(117)) - 805254cc-2da6-48d8-a2f9-c1a3ceceab4a@group-2C0FEEE55AE1-FollowerState was interrupted: java.lang.InterruptedException: sleep interrupted
2019-10-17 07:09:34,728 [696df33b-59a0-4145-913f-936aff0d1566@group-2C0FEEE55AE1-LeaderElection1124] INFO  impl.LeaderElection (LeaderElection.java:logAndReturn(56)) - 696df33b-59a0-4145-913f-936aff0d1566@group-2C0FEEE55AE1-LeaderElection1124: Election REJECTED; received 2 response(s) [696df33b-59a0-4145-913f-936aff0d1566<-f3ee4219-89bb-47f2-bbe0-5f784575b745#0:FAIL-t45, 696df33b-59a0-4145-913f-936aff0d1566<-805254cc-2da6-48d8-a2f9-c1a3ceceab4a#0:FAIL-t45] and 0 exception(s); 696df33b-59a0-4145-913f-936aff0d1566@group-2C0FEEE55AE1:t45, leader=null, voted=696df33b-59a0-4145-913f-936aff0d1566, raftlog=696df33b-59a0-4145-913f-936aff0d1566@group-2C0FEEE55AE1-SegmentedRaftLog:OPENED:c-1,f-1,i0, conf=-1: [f3ee4219-89bb-47f2-bbe0-5f784575b745:192.168.157.211:38722, 805254cc-2da6-48d8-a2f9-c1a3ceceab4a:192.168.157.211:35407, 696df33b-59a0-4145-913f-936aff0d1566:192.168.157.211:38803], old=null
2019-10-17 07:09:34,729 [696df33b-59a0-4145-913f-936aff0d1566@group-2C0FEEE55AE1-LeaderElection1124] INFO  impl.RaftServerImpl (RaftServerImpl.java:setRole(184)) - 696df33b-59a0-4145-913f-936aff0d1566@group-2C0FEEE55AE1: changes role from CANDIDATE to FOLLOWER at term 45 for DISCOVERED_A_NEW_TERM
2019-10-17 07:09:34,729 [696df33b-59a0-4145-913f-936aff0d1566@group-2C0FEEE55AE1-LeaderElection1124] INFO  impl.RoleInfo (RoleInfo.java:shutdownLeaderElection(134)) - 696df33b-59a0-4145-913f-936aff0d1566: shutdown LeaderElection
2019-10-17 07:09:34,729 [696df33b-59a0-4145-913f-936aff0d1566@group-2C0FEEE55AE1-LeaderElection1124] INFO  impl.RoleInfo (RoleInfo.java:updateAndGet(143)) - 696df33b-59a0-4145-913f-936aff0d1566: start FollowerState
2019-10-17 07:09:34,834 [Thread-9987] INFO  impl.FollowerState (FollowerState.java:run(108)) - 696df33b-59a0-4145-913f-936aff0d1566@group-2C0FEEE55AE1-FollowerState: change to CANDIDATE, lastRpcTime:105ms, electionTimeout:105ms
2019-10-17 07:09:34,835 [Thread-9987] INFO  impl.RoleInfo (RoleInfo.java:shutdownFollowerState(121)) - 696df33b-59a0-4145-913f-936aff0d1566: shutdown FollowerState
2019-10-17 07:09:34,835 [Thread-9987] INFO  impl.RaftServerImpl (RaftServerImpl.java:setRole(184)) - 696df33b-59a0-4145-913f-936aff0d1566@group-2C0FEEE55AE1: changes role from  FOLLOWER to CANDIDATE at term 45 for changeToCandidate
2019-10-17 07:09:34,835 [Thread-9987] INFO  impl.RoleInfo (RoleInfo.java:updateAndGet(143)) - 696df33b-59a0-4145-913f-936aff0d1566: start LeaderElection
2019-10-17 07:09:34,848 [696df33b-59a0-4145-913f-936aff0d1566@group-2C0FEEE55AE1-LeaderElection1125] INFO  impl.LeaderElection (LeaderElection.java:askForVotes(178)) - 696df33b-59a0-4145-913f-936aff0d1566@group-2C0FEEE55AE1-LeaderElection1125: begin an election at term 46 for -1: [f3ee4219-89bb-47f2-bbe0-5f784575b745:192.168.157.211:38722, 805254cc-2da6-48d8-a2f9-c1a3ceceab4a:192.168.157.211:35407, 696df33b-59a0-4145-913f-936aff0d1566:192.168.157.211:38803], old=null
2019-10-17 07:09:34,849 [grpc-default-executor-5] INFO  impl.RaftServerImpl (RaftServerImpl.java:setRole(184)) - f3ee4219-89bb-47f2-bbe0-5f784575b745@group-2C0FEEE55AE1: changes role from  FOLLOWER to FOLLOWER at term 46 for recognizeCandidate:696df33b-59a0-4145-913f-936aff0d1566
2019-10-17 07:09:34,849 [grpc-default-executor-5] INFO  impl.RoleInfo (RoleInfo.java:shutdownFollowerState(121)) - f3ee4219-89bb-47f2-bbe0-5f784575b745: shutdown FollowerState
2019-10-17 07:09:34,849 [grpc-default-executor-8] INFO  impl.RaftServerImpl (RaftServerImpl.java:setRole(184)) - 805254cc-2da6-48d8-a2f9-c1a3ceceab4a@group-2C0FEEE55AE1: changes role from  FOLLOWER to FOLLOWER at term 46 for recognizeCandidate:696df33b-59a0-4145-913f-936aff0d1566
2019-10-17 07:09:34,849 [grpc-default-executor-8] INFO  impl.RoleInfo (RoleInfo.java:shutdownFollowerState(121)) - 805254cc-2da6-48d8-a2f9-c1a3ceceab4a: shutdown FollowerState
2019-10-17 07:09:34,849 [grpc-default-executor-5] INFO  impl.RoleInfo (RoleInfo.java:updateAndGet(143)) - f3ee4219-89bb-47f2-bbe0-5f784575b745: start FollowerState
2019-10-17 07:09:34,849 [Thread-9985] INFO  impl.FollowerState (FollowerState.java:run(117)) - f3ee4219-89bb-47f2-bbe0-5f784575b745@group-2C0FEEE55AE1-FollowerState was interrupted: java.lang.InterruptedException: sleep interrupted
2019-10-17 07:09:34,850 [Thread-9986] INFO  impl.FollowerState (FollowerState.java:run(117)) - 805254cc-2da6-48d8-a2f9-c1a3ceceab4a@group-2C0FEEE55AE1-FollowerState was interrupted: java.lang.InterruptedException: sleep interrupted
2019-10-17 07:09:34,850 [grpc-default-executor-8] INFO  impl.RoleInfo (RoleInfo.java:updateAndGet(143)) - 805254cc-2da6-48d8-a2f9-c1a3ceceab4a: start FollowerState
2019-10-17 07:09:34,875 [696df33b-59a0-4145-913f-936aff0d1566@group-2C0FEEE55AE1-LeaderElection1125] INFO  impl.LeaderElection (LeaderElection.java:logAndReturn(56)) - 696df33b-59a0-4145-913f-936aff0d1566@group-2C0FEEE55AE1-LeaderElection1125: Election REJECTED; received 2 response(s) [696df33b-59a0-4145-913f-936aff0d1566<-f3ee4219-89bb-47f2-bbe0-5f784575b745#0:FAIL-t46, 696df33b-59a0-4145-913f-936aff0d1566<-805254cc-2da6-48d8-a2f9-c1a3ceceab4a#0:FAIL-t46] and 0 exception(s); 696df33b-59a0-4145-913f-936aff0d1566@group-2C0FEEE55AE1:t46, leader=null, voted=696df33b-59a0-4145-913f-936aff0d1566, raftlog=696df33b-59a0-4145-913f-936aff0d1566@group-2C0FEEE55AE1-SegmentedRaftLog:OPENED:c-1,f-1,i0, conf=-1: [f3ee4219-89bb-47f2-bbe0-5f784575b745:192.168.157.211:38722, 805254cc-2da6-48d8-a2f9-c1a3ceceab4a:192.168.157.211:35407, 696df33b-59a0-4145-913f-936aff0d1566:192.168.157.211:38803], old=null
2019-10-17 07:09:34,875 [696df33b-59a0-4145-913f-936aff0d1566@group-2C0FEEE55AE1-LeaderElection1125] INFO  impl.RaftServerImpl (RaftServerImpl.java:setRole(184)) - 696df33b-59a0-4145-913f-936aff0d1566@group-2C0FEEE55AE1: changes role from CANDIDATE to FOLLOWER at term 46 for DISCOVERED_A_NEW_TERM
2019-10-17 07:09:34,875 [696df33b-59a0-4145-913f-936aff0d1566@group-2C0FEEE55AE1-LeaderElection1125] INFO  impl.RoleInfo (RoleInfo.java:shutdownLeaderElection(134)) - 696df33b-59a0-4145-913f-936aff0d1566: shutdown LeaderElection
2019-10-17 07:09:34,875 [696df33b-59a0-4145-913f-936aff0d1566@group-2C0FEEE55AE1-LeaderElection1125] INFO  impl.RoleInfo (RoleInfo.java:updateAndGet(143)) - 696df33b-59a0-4145-913f-936aff0d1566: start FollowerState
2019-10-17 07:09:35,040 [Thread-9993] INFO  impl.FollowerState (FollowerState.java:run(108)) - 696df33b-59a0-4145-913f-936aff0d1566@group-2C0FEEE55AE1-FollowerState: change to CANDIDATE, lastRpcTime:164ms, electionTimeout:164ms
2019-10-17 07:09:35,040 [Thread-9993] INFO  impl.RoleInfo (RoleInfo.java:shutdownFollowerState(121)) - 696df33b-59a0-4145-913f-936aff0d1566: shutdown FollowerState
2019-10-17 07:09:35,040 [Thread-9993] INFO  impl.RaftServerImpl (RaftServerImpl.java:setRole(184)) - 696df33b-59a0-4145-913f-936aff0d1566@group-2C0FEEE55AE1: changes role from  FOLLOWER to CANDIDATE at term 46 for changeToCandidate
2019-10-17 07:09:35,040 [Thread-9993] INFO  impl.RoleInfo (RoleInfo.java:updateAndGet(143)) - 696df33b-59a0-4145-913f-936aff0d1566: start LeaderElection
2019-10-17 07:09:35,054 [696df33b-59a0-4145-913f-936aff0d1566@group-2C0FEEE55AE1-LeaderElection1126] INFO  impl.LeaderElection (LeaderElection.java:askForVotes(178)) - 696df33b-59a0-4145-913f-936aff0d1566@group-2C0FEEE55AE1-LeaderElection1126: begin an election at term 47 for -1: [f3ee4219-89bb-47f2-bbe0-5f784575b745:192.168.157.211:38722, 805254cc-2da6-48d8-a2f9-c1a3ceceab4a:192.168.157.211:35407, 696df33b-59a0-4145-913f-936aff0d1566:192.168.157.211:38803], old=null
2019-10-17 07:09:35,056 [grpc-default-executor-5] INFO  impl.RaftServerImpl (RaftServerImpl.java:setRole(184)) - f3ee4219-89bb-47f2-bbe0-5f784575b745@group-2C0FEEE55AE1: changes role from  FOLLOWER to FOLLOWER at term 47 for recognizeCandidate:696df33b-59a0-4145-913f-936aff0d1566
2019-10-17 07:09:35,056 [grpc-default-executor-5] INFO  impl.RoleInfo (RoleInfo.java:shutdownFollowerState(121)) - f3ee4219-89bb-47f2-bbe0-5f784575b745: shutdown FollowerState
2019-10-17 07:09:35,056 [grpc-default-executor-8] INFO  impl.RaftServerImpl (RaftServerImpl.java:setRole(184)) - 805254cc-2da6-48d8-a2f9-c1a3ceceab4a@group-2C0FEEE55AE1: changes role from  FOLLOWER to FOLLOWER at term 47 for recognizeCandidate:696df33b-59a0-4145-913f-936aff0d1566
2019-10-17 07:09:35,056 [grpc-default-executor-8] INFO  impl.RoleInfo (RoleInfo.java:shutdownFollowerState(121)) - 805254cc-2da6-48d8-a2f9-c1a3ceceab4a: shutdown FollowerState
2019-10-17 07:09:35,056 [grpc-default-executor-5] INFO  impl.RoleInfo (RoleInfo.java:updateAndGet(143)) - f3ee4219-89bb-47f2-bbe0-5f784575b745: start FollowerState
2019-10-17 07:09:35,056 [Thread-9991] INFO  impl.FollowerState (FollowerState.java:run(117)) - f3ee4219-89bb-47f2-bbe0-5f784575b745@group-2C0FEEE55AE1-FollowerState was interrupted: java.lang.InterruptedException: sleep interrupted
2019-10-17 07:09:35,056 [Thread-9992] INFO  impl.FollowerState (FollowerState.java:run(117)) - 805254cc-2da6-48d8-a2f9-c1a3ceceab4a@group-2C0FEEE55AE1-FollowerState was interrupted: java.lang.InterruptedException: sleep interrupted
2019-10-17 07:09:35,056 [grpc-default-executor-8] INFO  impl.RoleInfo (RoleInfo.java:updateAndGet(143)) - 805254cc-2da6-48d8-a2f9-c1a3ceceab4a: start FollowerState
2019-10-17 07:09:35,082 [696df33b-59a0-4145-913f-936aff0d1566@group-2C0FEEE55AE1-LeaderElection1126] INFO  impl.LeaderElection (LeaderElection.java:logAndReturn(56)) - 696df33b-59a0-4145-913f-936aff0d1566@group-2C0FEEE55AE1-LeaderElection1126: Election REJECTED; received 2 response(s) [696df33b-59a0-4145-913f-936aff0d1566<-f3ee4219-89bb-47f2-bbe0-5f784575b745#0:FAIL-t47, 696df33b-59a0-4145-913f-936aff0d1566<-805254cc-2da6-48d8-a2f9-c1a3ceceab4a#0:FAIL-t47] and 0 exception(s); 696df33b-59a0-4145-913f-936aff0d1566@group-2C0FEEE55AE1:t47, leader=null, voted=696df33b-59a0-4145-913f-936aff0d1566, raftlog=696df33b-59a0-4145-913f-936aff0d1566@group-2C0FEEE55AE1-SegmentedRaftLog:OPENED:c-1,f-1,i0, conf=-1: [f3ee4219-89bb-47f2-bbe0-5f784575b745:192.168.157.211:38722, 805254cc-2da6-48d8-a2f9-c1a3ceceab4a:192.168.157.211:35407, 696df33b-59a0-4145-913f-936aff0d1566:192.168.157.211:38803], old=null
2019-10-17 07:09:35,083 [696df33b-59a0-4145-913f-936aff0d1566@group-2C0FEEE55AE1-LeaderElection1126] INFO  impl.RaftServerImpl (RaftServerImpl.java:setRole(184)) - 696df33b-59a0-4145-913f-936aff0d1566@group-2C0FEEE55AE1: changes role from CANDIDATE to FOLLOWER at term 47 for DISCOVERED_A_NEW_TERM
2019-10-17 07:09:35,083 [696df33b-59a0-4145-913f-936aff0d1566@group-2C0FEEE55AE1-LeaderElection1126] INFO  impl.RoleInfo (RoleInfo.java:shutdownLeaderElection(134)) - 696df33b-59a0-4145-913f-936aff0d1566: shutdown LeaderElection
2019-10-17 07:09:35,083 [696df33b-59a0-4145-913f-936aff0d1566@group-2C0FEEE55AE1-LeaderElection1126] INFO  impl.RoleInfo (RoleInfo.java:updateAndGet(143)) - 696df33b-59a0-4145-913f-936aff0d1566: start FollowerState
2019-10-17 07:09:35,112 [Thread-10004] INFO  impl.FollowerState (FollowerState.java:run(108)) - 696df33b-59a0-4145-913f-936aff0d1566@group-2C0FEEE55AE1-FollowerState: change to CANDIDATE, lastRpcTime:29ms, electionTimeout:29ms
2019-10-17 07:09:35,112 [Thread-10004] INFO  impl.RoleInfo (RoleInfo.java:shutdownFollowerState(121)) - 696df33b-59a0-4145-913f-936aff0d1566: shutdown FollowerState
2019-10-17 07:09:35,112 [Thread-10004] INFO  impl.RaftServerImpl (RaftServerImpl.java:setRole(184)) - 696df33b-59a0-4145-913f-936aff0d1566@group-2C0FEEE55AE1: changes role from  FOLLOWER to CANDIDATE at term 47 for changeToCandidate
2019-10-17 07:09:35,113 [Thread-10004] INFO  impl.RoleInfo (RoleInfo.java:updateAndGet(143)) - 696df33b-59a0-4145-913f-936aff0d1566: start LeaderElection
2019-10-17 07:09:35,127 [696df33b-59a0-4145-913f-936aff0d1566@group-2C0FEEE55AE1-LeaderElection1127] INFO  impl.LeaderElection (LeaderElection.java:askForVotes(178)) - 696df33b-59a0-4145-913f-936aff0d1566@group-2C0FEEE55AE1-LeaderElection1127: begin an election at term 48 for -1: [f3ee4219-89bb-47f2-bbe0-5f784575b745:192.168.157.211:38722, 805254cc-2da6-48d8-a2f9-c1a3ceceab4a:192.168.157.211:35407, 696df33b-59a0-4145-913f-936aff0d1566:192.168.157.211:38803], old=null
2019-10-17 07:09:35,128 [grpc-default-executor-8] INFO  impl.RaftServerImpl (RaftServerImpl.java:setRole(184)) - f3ee4219-89bb-47f2-bbe0-5f784575b745@group-2C0FEEE55AE1: changes role from  FOLLOWER to FOLLOWER at term 48 for recognizeCandidate:696df33b-59a0-4145-913f-936aff0d1566
2019-10-17 07:09:35,128 [grpc-default-executor-8] INFO  impl.RoleInfo (RoleInfo.java:shutdownFollowerState(121)) - f3ee4219-89bb-47f2-bbe0-5f784575b745: shutdown FollowerState
2019-10-17 07:09:35,128 [grpc-default-executor-5] INFO  impl.RaftServerImpl (RaftServerImpl.java:setRole(184)) - 805254cc-2da6-48d8-a2f9-c1a3ceceab4a@group-2C0FEEE55AE1: changes role from  FOLLOWER to FOLLOWER at term 48 for recognizeCandidate:696df33b-59a0-4145-913f-936aff0d1566
2019-10-17 07:09:35,129 [grpc-default-executor-5] INFO  impl.RoleInfo (RoleInfo.java:shutdownFollowerState(121)) - 805254cc-2da6-48d8-a2f9-c1a3ceceab4a: shutdown FollowerState
2019-10-17 07:09:35,128 [Thread-10001] INFO  impl.FollowerState (FollowerState.java:run(117)) - f3ee4219-89bb-47f2-bbe0-5f784575b745@group-2C0FEEE55AE1-FollowerState was interrupted: java.lang.InterruptedException: sleep interrupted
2019-10-17 07:09:35,128 [grpc-default-executor-8] INFO  impl.RoleInfo (RoleInfo.java:updateAndGet(143)) - f3ee4219-89bb-47f2-bbe0-5f784575b745: start FollowerState
2019-10-17 07:09:35,129 [Thread-10002] INFO  impl.FollowerState (FollowerState.java:run(117)) - 805254cc-2da6-48d8-a2f9-c1a3ceceab4a@group-2C0FEEE55AE1-FollowerState was interrupted: java.lang.InterruptedException: sleep interrupted
2019-10-17 07:09:35,129 [grpc-default-executor-5] INFO  impl.RoleInfo (RoleInfo.java:updateAndGet(143)) - 805254cc-2da6-48d8-a2f9-c1a3ceceab4a: start FollowerState
2019-10-17 07:09:35,142 [696df33b-59a0-4145-913f-936aff0d1566@group-2C0FEEE55AE1-LeaderElection1127] INFO  impl.LeaderElection (LeaderElection.java:logAndReturn(56)) - 696df33b-59a0-4145-913f-936aff0d1566@group-2C0FEEE55AE1-LeaderElection1127: Election REJECTED; received 2 response(s) [696df33b-59a0-4145-913f-936aff0d1566<-f3ee4219-89bb-47f2-bbe0-5f784575b745#0:FAIL-t48, 696df33b-59a0-4145-913f-936aff0d1566<-805254cc-2da6-48d8-a2f9-c1a3ceceab4a#0:FAIL-t48] and 0 exception(s); 696df33b-59a0-4145-913f-936aff0d1566@group-2C0FEEE55AE1:t48, leader=null, voted=696df33b-59a0-4145-913f-936aff0d1566, raftlog=696df33b-59a0-4145-913f-936aff0d1566@group-2C0FEEE55AE1-SegmentedRaftLog:OPENED:c-1,f-1,i0, conf=-1: [f3ee4219-89bb-47f2-bbe0-5f784575b745:192.168.157.211:38722, 805254cc-2da6-48d8-a2f9-c1a3ceceab4a:192.168.157.211:35407, 696df33b-59a0-4145-913f-936aff0d1566:192.168.157.211:38803], old=null
2019-10-17 07:09:35,142 [696df33b-59a0-4145-913f-936aff0d1566@group-2C0FEEE55AE1-LeaderElection1127] INFO  impl.RaftServerImpl (RaftServerImpl.java:setRole(184)) - 696df33b-59a0-4145-913f-936aff0d1566@group-2C0FEEE55AE1: changes role from CANDIDATE to FOLLOWER at term 48 for DISCOVERED_A_NEW_TERM
2019-10-17 07:09:35,143 [696df33b-59a0-4145-913f-936aff0d1566@group-2C0FEEE55AE1-LeaderElection1127] INFO  impl.RoleInfo (RoleInfo.java:shutdownLeaderElection(134)) - 696df33b-59a0-4145-913f-936aff0d1566: shutdown LeaderElection
2019-10-17 07:09:35,143 [696df33b-59a0-4145-913f-936aff0d1566@group-2C0FEEE55AE1-LeaderElection1127] INFO  impl.RoleInfo (RoleInfo.java:updateAndGet(143)) - 696df33b-59a0-4145-913f-936aff0d1566: start FollowerState
2019-10-17 07:09:35,156 [Thread-10011] INFO  impl.FollowerState (FollowerState.java:run(108)) - 696df33b-59a0-4145-913f-936aff0d1566@group-2C0FEEE55AE1-FollowerState: change to CANDIDATE, lastRpcTime:13ms, electionTimeout:13ms
2019-10-17 07:09:35,156 [Thread-10011] INFO  impl.RoleInfo (RoleInfo.java:shutdownFollowerState(121)) - 696df33b-59a0-4145-913f-936aff0d1566: shutdown FollowerState
2019-10-17 07:09:35,156 [Thread-10011] INFO  impl.RaftServerImpl (RaftServerImpl.java:setRole(184)) - 696df33b-59a0-4145-913f-936aff0d1566@group-2C0FEEE55AE1: changes role from  FOLLOWER to CANDIDATE at term 48 for changeToCandidate
2019-10-17 07:09:35,156 [Thread-10011] INFO  impl.RoleInfo (RoleInfo.java:updateAndGet(143)) - 696df33b-59a0-4145-913f-936aff0d1566: start LeaderElection
2019-10-17 07:09:35,169 [696df33b-59a0-4145-913f-936aff0d1566@group-2C0FEEE55AE1-LeaderElection1128] INFO  impl.LeaderElection (LeaderElection.java:askForVotes(178)) - 696df33b-59a0-4145-913f-936aff0d1566@group-2C0FEEE55AE1-LeaderElection1128: begin an election at term 49 for -1: [f3ee4219-89bb-47f2-bbe0-5f784575b745:192.168.157.211:38722, 805254cc-2da6-48d8-a2f9-c1a3ceceab4a:192.168.157.211:35407, 696df33b-59a0-4145-913f-936aff0d1566:192.168.157.211:38803], old=null
2019-10-17 07:09:35,170 [grpc-default-executor-8] INFO  impl.RaftServerImpl (RaftServerImpl.java:setRole(184)) - f3ee4219-89bb-47f2-bbe0-5f784575b745@group-2C0FEEE55AE1: changes role from  FOLLOWER to FOLLOWER at term 49 for recognizeCandidate:696df33b-59a0-4145-913f-936aff0d1566
2019-10-17 07:09:35,170 [grpc-default-executor-8] INFO  impl.RoleInfo (RoleInfo.java:shutdownFollowerState(121)) - f3ee4219-89bb-47f2-bbe0-5f784575b745: shutdown FollowerState
2019-10-17 07:09:35,170 [grpc-default-executor-5] INFO  impl.RaftServerImpl (RaftServerImpl.java:setRole(184)) - 805254cc-2da6-48d8-a2f9-c1a3ceceab4a@group-2C0FEEE55AE1: changes role from  FOLLOWER to FOLLOWER at term 49 for recognizeCandidate:696df33b-59a0-4145-913f-936aff0d1566
2019-10-17 07:09:35,170 [grpc-default-executor-8] INFO  impl.RoleInfo (RoleInfo.java:updateAndGet(143)) - f3ee4219-89bb-47f2-bbe0-5f784575b745: start FollowerState
2019-10-17 07:09:35,170 [grpc-default-executor-5] INFO  impl.RoleInfo (RoleInfo.java:shutdownFollowerState(121)) - 805254cc-2da6-48d8-a2f9-c1a3ceceab4a: shutdown FollowerState
2019-10-17 07:09:35,170 [Thread-10009] INFO  impl.FollowerState (FollowerState.java:run(117)) - f3ee4219-89bb-47f2-bbe0-5f784575b745@group-2C0FEEE55AE1-FollowerState was interrupted: java.lang.InterruptedException: sleep interrupted
2019-10-17 07:09:35,171 [grpc-default-executor-5] INFO  impl.RoleInfo (RoleInfo.java:updateAndGet(143)) - 805254cc-2da6-48d8-a2f9-c1a3ceceab4a: start FollowerState
2019-10-17 07:09:35,171 [Thread-10010] INFO  impl.FollowerState (FollowerState.java:run(117)) - 805254cc-2da6-48d8-a2f9-c1a3ceceab4a@group-2C0FEEE55AE1-FollowerState was interrupted: java.lang.InterruptedException: sleep interrupted
2019-10-17 07:09:35,195 [696df33b-59a0-4145-913f-936aff0d1566@group-2C0FEEE55AE1-LeaderElection1128] INFO  impl.LeaderElection (LeaderElection.java:logAndReturn(56)) - 696df33b-59a0-4145-913f-936aff0d1566@group-2C0FEEE55AE1-LeaderElection1128: Election REJECTED; received 2 response(s) [696df33b-59a0-4145-913f-936aff0d1566<-f3ee4219-89bb-47f2-bbe0-5f784575b745#0:FAIL-t49, 696df33b-59a0-4145-913f-936aff0d1566<-805254cc-2da6-48d8-a2f9-c1a3ceceab4a#0:FAIL-t49] and 0 exception(s); 696df33b-59a0-4145-913f-936aff0d1566@group-2C0FEEE55AE1:t49, leader=null, voted=696df33b-59a0-4145-913f-936aff0d1566, raftlog=696df33b-59a0-4145-913f-936aff0d1566@group-2C0FEEE55AE1-SegmentedRaftLog:OPENED:c-1,f-1,i0, conf=-1: [f3ee4219-89bb-47f2-bbe0-5f784575b745:192.168.157.211:38722, 805254cc-2da6-48d8-a2f9-c1a3ceceab4a:192.168.157.211:35407, 696df33b-59a0-4145-913f-936aff0d1566:192.168.157.211:38803], old=null
2019-10-17 07:09:35,196 [696df33b-59a0-4145-913f-936aff0d1566@group-2C0FEEE55AE1-LeaderElection1128] INFO  impl.RaftServerImpl (RaftServerImpl.java:setRole(184)) - 696df33b-59a0-4145-913f-936aff0d1566@group-2C0FEEE55AE1: changes role from CANDIDATE to FOLLOWER at term 49 for DISCOVERED_A_NEW_TERM
2019-10-17 07:09:35,196 [696df33b-59a0-4145-913f-936aff0d1566@group-2C0FEEE55AE1-LeaderElection1128] INFO  impl.RoleInfo (RoleInfo.java:shutdownLeaderElection(134)) - 696df33b-59a0-4145-913f-936aff0d1566: shutdown LeaderElection
2019-10-17 07:09:35,196 [696df33b-59a0-4145-913f-936aff0d1566@group-2C0FEEE55AE1-LeaderElection1128] INFO  impl.RoleInfo (RoleInfo.java:updateAndGet(143)) - 696df33b-59a0-4145-913f-936aff0d1566: start FollowerState
2019-10-17 07:09:35,391 [Thread-10017] INFO  impl.FollowerState (FollowerState.java:run(108)) - 696df33b-59a0-4145-913f-936aff0d1566@group-2C0FEEE55AE1-FollowerState: change to CANDIDATE, lastRpcTime:195ms, electionTimeout:195ms
2019-10-17 07:09:35,391 [Thread-10017] INFO  impl.RoleInfo (RoleInfo.java:shutdownFollowerState(121)) - 696df33b-59a0-4145-913f-936aff0d1566: shutdown FollowerState
2019-10-17 07:09:35,391 [Thread-10017] INFO  impl.RaftServerImpl (RaftServerImpl.java:setRole(184)) - 696df33b-59a0-4145-913f-936aff0d1566@group-2C0FEEE55AE1: changes role from  FOLLOWER to CANDIDATE at term 49 for changeToCandidate
2019-10-17 07:09:35,391 [Thread-10017] INFO  impl.RoleInfo (RoleInfo.java:updateAndGet(143)) - 696df33b-59a0-4145-913f-936aff0d1566: start LeaderElection
2019-10-17 07:09:35,417 [696df33b-59a0-4145-913f-936aff0d1566@group-2C0FEEE55AE1-LeaderElection1129] INFO  impl.LeaderElection (LeaderElection.java:askForVotes(178)) - 696df33b-59a0-4145-913f-936aff0d1566@group-2C0FEEE55AE1-LeaderElection1129: begin an election at term 50 for -1: [f3ee4219-89bb-47f2-bbe0-5f784575b745:192.168.157.211:38722, 805254cc-2da6-48d8-a2f9-c1a3ceceab4a:192.168.157.211:35407, 696df33b-59a0-4145-913f-936aff0d1566:192.168.157.211:38803], old=null
2019-10-17 07:09:35,419 [grpc-default-executor-5] INFO  impl.RaftServerImpl (RaftServerImpl.java:setRole(184)) - f3ee4219-89bb-47f2-bbe0-5f784575b745@group-2C0FEEE55AE1: changes role from  FOLLOWER to FOLLOWER at term 50 for recognizeCandidate:696df33b-59a0-4145-913f-936aff0d1566
2019-10-17 07:09:35,419 [grpc-default-executor-5] INFO  impl.RoleInfo (RoleInfo.java:shutdownFollowerState(121)) - f3ee4219-89bb-47f2-bbe0-5f784575b745: shutdown FollowerState
2019-10-17 07:09:35,419 [grpc-default-executor-8] INFO  impl.RaftServerImpl (RaftServerImpl.java:setRole(184)) - 805254cc-2da6-48d8-a2f9-c1a3ceceab4a@group-2C0FEEE55AE1: changes role from  FOLLOWER to FOLLOWER at term 50 for recognizeCandidate:696df33b-59a0-4145-913f-936aff0d1566
2019-10-17 07:09:35,419 [grpc-default-executor-8] INFO  impl.RoleInfo (RoleInfo.java:shutdownFollowerState(121)) - 805254cc-2da6-48d8-a2f9-c1a3ceceab4a: shutdown FollowerState
2019-10-17 07:09:35,419 [Thread-10015] INFO  impl.FollowerState (FollowerState.java:run(117)) - f3ee4219-89bb-47f2-bbe0-5f784575b745@group-2C0FEEE55AE1-FollowerState was interrupted: java.lang.InterruptedException: sleep interrupted
2019-10-17 07:09:35,419 [grpc-default-executor-5] INFO  impl.RoleInfo (RoleInfo.java:updateAndGet(143)) - f3ee4219-89bb-47f2-bbe0-5f784575b745: start FollowerState
2019-10-17 07:09:35,419 [Thread-10016] INFO  impl.FollowerState (FollowerState.java:run(117)) - 805254cc-2da6-48d8-a2f9-c1a3ceceab4a@group-2C0FEEE55AE1-FollowerState was interrupted: java.lang.InterruptedException: sleep interrupted
2019-10-17 07:09:35,419 [grpc-default-executor-8] INFO  impl.RoleInfo (RoleInfo.java:updateAndGet(143)) - 805254cc-2da6-48d8-a2f9-c1a3ceceab4a: start FollowerState
2019-10-17 07:09:35,445 [696df33b-59a0-4145-913f-936aff0d1566@group-2C0FEEE55AE1-LeaderElection1129] INFO  impl.LeaderElection (LeaderElection.java:logAndReturn(56)) - 696df33b-59a0-4145-913f-936aff0d1566@group-2C0FEEE55AE1-LeaderElection1129: Election REJECTED; received 2 response(s) [696df33b-59a0-4145-913f-936aff0d1566<-f3ee4219-89bb-47f2-bbe0-5f784575b745#0:FAIL-t50, 696df33b-59a0-4145-913f-936aff0d1566<-805254cc-2da6-48d8-a2f9-c1a3ceceab4a#0:FAIL-t50] and 0 exception(s); 696df33b-59a0-4145-913f-936aff0d1566@group-2C0FEEE55AE1:t50, leader=null, voted=696df33b-59a0-4145-913f-936aff0d1566, raftlog=696df33b-59a0-4145-913f-936aff0d1566@group-2C0FEEE55AE1-SegmentedRaftLog:OPENED:c-1,f-1,i0, conf=-1: [f3ee4219-89bb-47f2-bbe0-5f784575b745:192.168.157.211:38722, 805254cc-2da6-48d8-a2f9-c1a3ceceab4a:192.168.157.211:35407, 696df33b-59a0-4145-913f-936aff0d1566:192.168.157.211:38803], old=null
2019-10-17 07:09:35,445 [696df33b-59a0-4145-913f-936aff0d1566@group-2C0FEEE55AE1-LeaderElection1129] INFO  impl.RaftServerImpl (RaftServerImpl.java:setRole(184)) - 696df33b-59a0-4145-913f-936aff0d1566@group-2C0FEEE55AE1: changes role from CANDIDATE to FOLLOWER at term 50 for DISCOVERED_A_NEW_TERM
2019-10-17 07:09:35,445 [696df33b-59a0-4145-913f-936aff0d1566@group-2C0FEEE55AE1-LeaderElection1129] INFO  impl.RoleInfo (RoleInfo.java:shutdownLeaderElection(134)) - 696df33b-59a0-4145-913f-936aff0d1566: shutdown LeaderElection
2019-10-17 07:09:35,445 [696df33b-59a0-4145-913f-936aff0d1566@group-2C0FEEE55AE1-LeaderElection1129] INFO  impl.RoleInfo (RoleInfo.java:updateAndGet(143)) - 696df33b-59a0-4145-913f-936aff0d1566: start FollowerState
2019-10-17 07:09:35,448 [Thread-10025] INFO  impl.FollowerState (FollowerState.java:run(108)) - 696df33b-59a0-4145-913f-936aff0d1566@group-2C0FEEE55AE1-FollowerState: change to CANDIDATE, lastRpcTime:3ms, electionTimeout:3ms
2019-10-17 07:09:35,448 [Thread-10025] INFO  impl.RoleInfo (RoleInfo.java:shutdownFollowerState(121)) - 696df33b-59a0-4145-913f-936aff0d1566: shutdown FollowerState
2019-10-17 07:09:35,449 [Thread-10025] INFO  impl.RaftServerImpl (RaftServerImpl.java:setRole(184)) - 696df33b-59a0-4145-913f-936aff0d1566@group-2C0FEEE55AE1: changes role from  FOLLOWER to CANDIDATE at term 50 for changeToCandidate
2019-10-17 07:09:35,449 [Thread-10025] INFO  impl.RoleInfo (RoleInfo.java:updateAndGet(143)) - 696df33b-59a0-4145-913f-936aff0d1566: start LeaderElection
2019-10-17 07:09:35,462 [696df33b-59a0-4145-913f-936aff0d1566@group-2C0FEEE55AE1-LeaderElection1130] INFO  impl.LeaderElection (LeaderElection.java:askForVotes(178)) - 696df33b-59a0-4145-913f-936aff0d1566@group-2C0FEEE55AE1-LeaderElection1130: begin an election at term 51 for -1: [f3ee4219-89bb-47f2-bbe0-5f784575b745:192.168.157.211:38722, 805254cc-2da6-48d8-a2f9-c1a3ceceab4a:192.168.157.211:35407, 696df33b-59a0-4145-913f-936aff0d1566:192.168.157.211:38803], old=null
2019-10-17 07:09:35,463 [grpc-default-executor-5] INFO  impl.RaftServerImpl (RaftServerImpl.java:setRole(184)) - f3ee4219-89bb-47f2-bbe0-5f784575b745@group-2C0FEEE55AE1: changes role from  FOLLOWER to FOLLOWER at term 51 for recognizeCandidate:696df33b-59a0-4145-913f-936aff0d1566
2019-10-17 07:09:35,463 [grpc-default-executor-5] INFO  impl.RoleInfo (RoleInfo.java:shutdownFollowerState(121)) - f3ee4219-89bb-47f2-bbe0-5f784575b745: shutdown FollowerState
2019-10-17 07:09:35,463 [grpc-default-executor-5] INFO  impl.RoleInfo (RoleInfo.java:updateAndGet(143)) - f3ee4219-89bb-47f2-bbe0-5f784575b745: start FollowerState
2019-10-17 07:09:35,463 [grpc-default-executor-8] INFO  impl.RaftServerImpl (RaftServerImpl.java:setRole(184)) - 805254cc-2da6-48d8-a2f9-c1a3ceceab4a@group-2C0FEEE55AE1: changes role from  FOLLOWER to FOLLOWER at term 51 for recognizeCandidate:696df33b-59a0-4145-913f-936aff0d1566
2019-10-17 07:09:35,463 [Thread-10021] INFO  impl.FollowerState (FollowerState.java:run(117)) - f3ee4219-89bb-47f2-bbe0-5f784575b745@group-2C0FEEE55AE1-FollowerState was interrupted: java.lang.InterruptedException: sleep interrupted
2019-10-17 07:09:35,463 [grpc-default-executor-8] INFO  impl.RoleInfo (RoleInfo.java:shutdownFollowerState(121)) - 805254cc-2da6-48d8-a2f9-c1a3ceceab4a: shutdown FollowerState
2019-10-17 07:09:35,463 [grpc-default-executor-8] INFO  impl.RoleInfo (RoleInfo.java:updateAndGet(143)) - 805254cc-2da6-48d8-a2f9-c1a3ceceab4a: start FollowerState
2019-10-17 07:09:35,463 [Thread-10022] INFO  impl.FollowerState (FollowerState.java:run(117)) - 805254cc-2da6-48d8-a2f9-c1a3ceceab4a@group-2C0FEEE55AE1-FollowerState was interrupted: java.lang.InterruptedException: sleep interrupted
2019-10-17 07:09:35,488 [696df33b-59a0-4145-913f-936aff0d1566@group-2C0FEEE55AE1-LeaderElection1130] INFO  impl.LeaderElection (LeaderElection.java:logAndReturn(56)) - 696df33b-59a0-4145-913f-936aff0d1566@group-2C0FEEE55AE1-LeaderElection1130: Election REJECTED; received 2 response(s) [696df33b-59a0-4145-913f-936aff0d1566<-f3ee4219-89bb-47f2-bbe0-5f784575b745#0:FAIL-t51, 696df33b-59a0-4145-913f-936aff0d1566<-805254cc-2da6-48d8-a2f9-c1a3ceceab4a#0:FAIL-t51] and 0 exception(s); 696df33b-59a0-4145-913f-936aff0d1566@group-2C0FEEE55AE1:t51, leader=null, voted=696df33b-59a0-4145-913f-936aff0d1566, raftlog=696df33b-59a0-4145-913f-936aff0d1566@group-2C0FEEE55AE1-SegmentedRaftLog:OPENED:c-1,f-1,i0, conf=-1: [f3ee4219-89bb-47f2-bbe0-5f784575b745:192.168.157.211:38722, 805254cc-2da6-48d8-a2f9-c1a3ceceab4a:192.168.157.211:35407, 696df33b-59a0-4145-913f-936aff0d1566:192.168.157.211:38803], old=null
2019-10-17 07:09:35,488 [696df33b-59a0-4145-913f-936aff0d1566@group-2C0FEEE55AE1-LeaderElection1130] INFO  impl.RaftServerImpl (RaftServerImpl.java:setRole(184)) - 696df33b-59a0-4145-913f-936aff0d1566@group-2C0FEEE55AE1: changes role from CANDIDATE to FOLLOWER at term 51 for DISCOVERED_A_NEW_TERM
2019-10-17 07:09:35,489 [696df33b-59a0-4145-913f-936aff0d1566@group-2C0FEEE55AE1-LeaderElection1130] INFO  impl.RoleInfo (RoleInfo.java:shutdownLeaderElection(134)) - 696df33b-59a0-4145-913f-936aff0d1566: shutdown LeaderElection
2019-10-17 07:09:35,489 [696df33b-59a0-4145-913f-936aff0d1566@group-2C0FEEE55AE1-LeaderElection1130] INFO  impl.RoleInfo (RoleInfo.java:updateAndGet(143)) - 696df33b-59a0-4145-913f-936aff0d1566: start FollowerState
2019-10-17 07:09:35,612 [Thread-10033] INFO  impl.FollowerState (FollowerState.java:run(108)) - 696df33b-59a0-4145-913f-936aff0d1566@group-2C0FEEE55AE1-FollowerState: change to CANDIDATE, lastRpcTime:123ms, electionTimeout:123ms
2019-10-17 07:09:35,612 [Thread-10033] INFO  impl.RoleInfo (RoleInfo.java:shutdownFollowerState(121)) - 696df33b-59a0-4145-913f-936aff0d1566: shutdown FollowerState
2019-10-17 07:09:35,612 [Thread-10033] INFO  impl.RaftServerImpl (RaftServerImpl.java:setRole(184)) - 696df33b-59a0-4145-913f-936aff0d1566@group-2C0FEEE55AE1: changes role from  FOLLOWER to CANDIDATE at term 51 for changeToCandidate
2019-10-17 07:09:35,612 [Thread-10033] INFO  impl.RoleInfo (RoleInfo.java:updateAndGet(143)) - 696df33b-59a0-4145-913f-936aff0d1566: start LeaderElection
2019-10-17 07:09:35,626 [696df33b-59a0-4145-913f-936aff0d1566@group-2C0FEEE55AE1-LeaderElection1131] INFO  impl.LeaderElection (LeaderElection.java:askForVotes(178)) - 696df33b-59a0-4145-913f-936aff0d1566@group-2C0FEEE55AE1-LeaderElection1131: begin an election at term 52 for -1: [f3ee4219-89bb-47f2-bbe0-5f784575b745:192.168.157.211:38722, 805254cc-2da6-48d8-a2f9-c1a3ceceab4a:192.168.157.211:35407, 696df33b-59a0-4145-913f-936aff0d1566:192.168.157.211:38803], old=null
2019-10-17 07:09:35,627 [grpc-default-executor-8] INFO  impl.RaftServerImpl (RaftServerImpl.java:setRole(184)) - f3ee4219-89bb-47f2-bbe0-5f784575b745@group-2C0FEEE55AE1: changes role from  FOLLOWER to FOLLOWER at term 52 for recognizeCandidate:696df33b-59a0-4145-913f-936aff0d1566
2019-10-17 07:09:35,627 [grpc-default-executor-5] INFO  impl.RaftServerImpl (RaftServerImpl.java:setRole(184)) - 805254cc-2da6-48d8-a2f9-c1a3ceceab4a@group-2C0FEEE55AE1: changes role from  FOLLOWER to FOLLOWER at term 52 for recognizeCandidate:696df33b-59a0-4145-913f-936aff0d1566
2019-10-17 07:09:35,628 [grpc-default-executor-5] INFO  impl.RoleInfo (RoleInfo.java:shutdownFollowerState(121)) - 805254cc-2da6-48d8-a2f9-c1a3ceceab4a: shutdown FollowerState
2019-10-17 07:09:35,627 [grpc-default-executor-8] INFO  impl.RoleInfo (RoleInfo.java:shutdownFollowerState(121)) - f3ee4219-89bb-47f2-bbe0-5f784575b745: shutdown FollowerState
2019-10-17 07:09:35,628 [Thread-10032] INFO  impl.FollowerState (FollowerState.java:run(117)) - 805254cc-2da6-48d8-a2f9-c1a3ceceab4a@group-2C0FEEE55AE1-FollowerState was interrupted: java.lang.InterruptedException: sleep interrupted
2019-10-17 07:09:35,628 [Thread-10031] INFO  impl.FollowerState (FollowerState.java:run(117)) - f3ee4219-89bb-47f2-bbe0-5f784575b745@group-2C0FEEE55AE1-FollowerState was interrupted: java.lang.InterruptedException: sleep interrupted
2019-10-17 07:09:35,628 [grpc-default-executor-5] INFO  impl.RoleInfo (RoleInfo.java:updateAndGet(143)) - 805254cc-2da6-48d8-a2f9-c1a3ceceab4a: start FollowerState
2019-10-17 07:09:35,628 [grpc-default-executor-8] INFO  impl.RoleInfo (RoleInfo.java:updateAndGet(143)) - f3ee4219-89bb-47f2-bbe0-5f784575b745: start FollowerState
2019-10-17 07:09:35,633 [696df33b-59a0-4145-913f-936aff0d1566@group-2C0FEEE55AE1-LeaderElection1131] INFO  impl.LeaderElection (LeaderElection.java:logAndReturn(56)) - 696df33b-59a0-4145-913f-936aff0d1566@group-2C0FEEE55AE1-LeaderElection1131: Election TIMEOUT; received 0 response(s) [] and 0 exception(s); 696df33b-59a0-4145-913f-936aff0d1566@group-2C0FEEE55AE1:t52, leader=null, voted=696df33b-59a0-4145-913f-936aff0d1566, raftlog=696df33b-59a0-4145-913f-936aff0d1566@group-2C0FEEE55AE1-SegmentedRaftLog:OPENED:c-1,f-1,i0, conf=-1: [f3ee4219-89bb-47f2-bbe0-5f784575b745:192.168.157.211:38722, 805254cc-2da6-48d8-a2f9-c1a3ceceab4a:192.168.157.211:35407, 696df33b-59a0-4145-913f-936aff0d1566:192.168.157.211:38803], old=null
2019-10-17 07:09:35,654 [696df33b-59a0-4145-913f-936aff0d1566@group-2C0FEEE55AE1-LeaderElection1131] INFO  impl.LeaderElection (LeaderElection.java:askForVotes(178)) - 696df33b-59a0-4145-913f-936aff0d1566@group-2C0FEEE55AE1-LeaderElection1131: begin an election at term 53 for -1: [f3ee4219-89bb-47f2-bbe0-5f784575b745:192.168.157.211:38722, 805254cc-2da6-48d8-a2f9-c1a3ceceab4a:192.168.157.211:35407, 696df33b-59a0-4145-913f-936aff0d1566:192.168.157.211:38803], old=null
2019-10-17 07:09:35,655 [grpc-default-executor-8] INFO  impl.RaftServerImpl (RaftServerImpl.java:setRole(184)) - f3ee4219-89bb-47f2-bbe0-5f784575b745@group-2C0FEEE55AE1: changes role from  FOLLOWER to FOLLOWER at term 53 for recognizeCandidate:696df33b-59a0-4145-913f-936aff0d1566
2019-10-17 07:09:35,655 [grpc-default-executor-8] INFO  impl.RoleInfo (RoleInfo.java:shutdownFollowerState(121)) - f3ee4219-89bb-47f2-bbe0-5f784575b745: shutdown FollowerState
2019-10-17 07:09:35,655 [grpc-default-executor-5] INFO  impl.RaftServerImpl (RaftServerImpl.java:setRole(184)) - 805254cc-2da6-48d8-a2f9-c1a3ceceab4a@group-2C0FEEE55AE1: changes role from  FOLLOWER to FOLLOWER at term 53 for recognizeCandidate:696df33b-59a0-4145-913f-936aff0d1566
2019-10-17 07:09:35,655 [Thread-10038] INFO  impl.FollowerState (FollowerState.java:run(117)) - f3ee4219-89bb-47f2-bbe0-5f784575b745@group-2C0FEEE55AE1-FollowerState was interrupted: java.lang.InterruptedException: sleep interrupted
2019-10-17 07:09:35,655 [grpc-default-executor-8] INFO  impl.RoleInfo (RoleInfo.java:updateAndGet(143)) - f3ee4219-89bb-47f2-bbe0-5f784575b745: start FollowerState
2019-10-17 07:09:35,655 [grpc-default-executor-5] INFO  impl.RoleInfo (RoleInfo.java:shutdownFollowerState(121)) - 805254cc-2da6-48d8-a2f9-c1a3ceceab4a: shutdown FollowerState
2019-10-17 07:09:35,656 [grpc-default-executor-5] INFO  impl.RoleInfo (RoleInfo.java:updateAndGet(143)) - 805254cc-2da6-48d8-a2f9-c1a3ceceab4a: start FollowerState
2019-10-17 07:09:35,656 [Thread-10037] INFO  impl.FollowerState (FollowerState.java:run(117)) - 805254cc-2da6-48d8-a2f9-c1a3ceceab4a@group-2C0FEEE55AE1-FollowerState was interrupted: java.lang.InterruptedException: sleep interrupted
2019-10-17 07:09:35,681 [696df33b-59a0-4145-913f-936aff0d1566@group-2C0FEEE55AE1-LeaderElection1131] INFO  impl.LeaderElection (LeaderElection.java:logAndReturn(56)) - 696df33b-59a0-4145-913f-936aff0d1566@group-2C0FEEE55AE1-LeaderElection1131: Election REJECTED; received 2 response(s) [696df33b-59a0-4145-913f-936aff0d1566<-f3ee4219-89bb-47f2-bbe0-5f784575b745#0:FAIL-t53, 696df33b-59a0-4145-913f-936aff0d1566<-805254cc-2da6-48d8-a2f9-c1a3ceceab4a#0:FAIL-t53] and 0 exception(s); 696df33b-59a0-4145-913f-936aff0d1566@group-2C0FEEE55AE1:t53, leader=null, voted=696df33b-59a0-4145-913f-936aff0d1566, raftlog=696df33b-59a0-4145-913f-936aff0d1566@group-2C0FEEE55AE1-SegmentedRaftLog:OPENED:c-1,f-1,i0, conf=-1: [f3ee4219-89bb-47f2-bbe0-5f784575b745:192.168.157.211:38722, 805254cc-2da6-48d8-a2f9-c1a3ceceab4a:192.168.157.211:35407, 696df33b-59a0-4145-913f-936aff0d1566:192.168.157.211:38803], old=null
2019-10-17 07:09:35,681 [696df33b-59a0-4145-913f-936aff0d1566@group-2C0FEEE55AE1-LeaderElection1131] INFO  impl.RaftServerImpl (RaftServerImpl.java:setRole(184)) - 696df33b-59a0-4145-913f-936aff0d1566@group-2C0FEEE55AE1: changes role from CANDIDATE to FOLLOWER at term 53 for DISCOVERED_A_NEW_TERM
2019-10-17 07:09:35,681 [696df33b-59a0-4145-913f-936aff0d1566@group-2C0FEEE55AE1-LeaderElection1131] INFO  impl.RoleInfo (RoleInfo.java:shutdownLeaderElection(134)) - 696df33b-59a0-4145-913f-936aff0d1566: shutdown LeaderElection
2019-10-17 07:09:35,681 [696df33b-59a0-4145-913f-936aff0d1566@group-2C0FEEE55AE1-LeaderElection1131] INFO  impl.RoleInfo (RoleInfo.java:updateAndGet(143)) - 696df33b-59a0-4145-913f-936aff0d1566: start FollowerState
2019-10-17 07:09:35,685 [Thread-10043] INFO  impl.FollowerState (FollowerState.java:run(108)) - 696df33b-59a0-4145-913f-936aff0d1566@group-2C0FEEE55AE1-FollowerState: change to CANDIDATE, lastRpcTime:3ms, electionTimeout:3ms
2019-10-17 07:09:35,685 [Thread-10043] INFO  impl.RoleInfo (RoleInfo.java:shutdownFollowerState(121)) - 696df33b-59a0-4145-913f-936aff0d1566: shutdown FollowerState
2019-10-17 07:09:35,685 [Thread-10043] INFO  impl.RaftServerImpl (RaftServerImpl.java:setRole(184)) - 696df33b-59a0-4145-913f-936aff0d1566@group-2C0FEEE55AE1: changes role from  FOLLOWER to CANDIDATE at term 53 for changeToCandidate
2019-10-17 07:09:35,685 [Thread-10043] INFO  impl.RoleInfo (RoleInfo.java:updateAndGet(143)) - 696df33b-59a0-4145-913f-936aff0d1566: start LeaderElection
2019-10-17 07:09:35,698 [696df33b-59a0-4145-913f-936aff0d1566@group-2C0FEEE55AE1-LeaderElection1132] INFO  impl.LeaderElection (LeaderElection.java:askForVotes(178)) - 696df33b-59a0-4145-913f-936aff0d1566@group-2C0FEEE55AE1-LeaderElection1132: begin an election at term 54 for -1: [f3ee4219-89bb-47f2-bbe0-5f784575b745:192.168.157.211:38722, 805254cc-2da6-48d8-a2f9-c1a3ceceab4a:192.168.157.211:35407, 696df33b-59a0-4145-913f-936aff0d1566:192.168.157.211:38803], old=null
2019-10-17 07:09:35,699 [grpc-default-executor-5] INFO  impl.RaftServerImpl (RaftServerImpl.java:setRole(184)) - f3ee4219-89bb-47f2-bbe0-5f784575b745@group-2C0FEEE55AE1: changes role from  FOLLOWER to FOLLOWER at term 54 for recognizeCandidate:696df33b-59a0-4145-913f-936aff0d1566
2019-10-17 07:09:35,699 [grpc-default-executor-5] INFO  impl.RoleInfo (RoleInfo.java:shutdownFollowerState(121)) - f3ee4219-89bb-47f2-bbe0-5f784575b745: shutdown FollowerState
2019-10-17 07:09:35,699 [grpc-default-executor-8] INFO  impl.RaftServerImpl (RaftServerImpl.java:setRole(184)) - 805254cc-2da6-48d8-a2f9-c1a3ceceab4a@group-2C0FEEE55AE1: changes role from  FOLLOWER to FOLLOWER at term 54 for recognizeCandidate:696df33b-59a0-4145-913f-936aff0d1566
2019-10-17 07:09:35,699 [grpc-default-executor-8] INFO  impl.RoleInfo (RoleInfo.java:shutdownFollowerState(121)) - 805254cc-2da6-48d8-a2f9-c1a3ceceab4a: shutdown FollowerState
2019-10-17 07:09:35,699 [Thread-10041] INFO  impl.FollowerState (FollowerState.java:run(117)) - f3ee4219-89bb-47f2-bbe0-5f784575b745@group-2C0FEEE55AE1-FollowerState was interrupted: java.lang.InterruptedException: sleep interrupted
2019-10-17 07:09:35,699 [grpc-default-executor-5] INFO  impl.RoleInfo (RoleInfo.java:updateAndGet(143)) - f3ee4219-89bb-47f2-bbe0-5f784575b745: start FollowerState
2019-10-17 07:09:35,700 [Thread-10042] INFO  impl.FollowerState (FollowerState.java:run(117)) - 805254cc-2da6-48d8-a2f9-c1a3ceceab4a@group-2C0FEEE55AE1-FollowerState was interrupted: java.lang.InterruptedException: sleep interrupted
2019-10-17 07:09:35,700 [grpc-default-executor-8] INFO  impl.RoleInfo (RoleInfo.java:updateAndGet(143)) - 805254cc-2da6-48d8-a2f9-c1a3ceceab4a: start FollowerState
2019-10-17 07:09:35,720 [696df33b-59a0-4145-913f-936aff0d1566@group-2C0FEEE55AE1-LeaderElection1132] INFO  impl.LeaderElection (LeaderElection.java:logAndReturn(56)) - 696df33b-59a0-4145-913f-936aff0d1566@group-2C0FEEE55AE1-LeaderElection1132: Election TIMEOUT; received 0 response(s) [] and 0 exception(s); 696df33b-59a0-4145-913f-936aff0d1566@group-2C0FEEE55AE1:t54, leader=null, voted=696df33b-59a0-4145-913f-936aff0d1566, raftlog=696df33b-59a0-4145-913f-936aff0d1566@group-2C0FEEE55AE1-SegmentedRaftLog:OPENED:c-1,f-1,i0, conf=-1: [f3ee4219-89bb-47f2-bbe0-5f784575b745:192.168.157.211:38722, 805254cc-2da6-48d8-a2f9-c1a3ceceab4a:192.168.157.211:35407, 696df33b-59a0-4145-913f-936aff0d1566:192.168.157.211:38803], old=null
2019-10-17 07:09:35,728 [696df33b-59a0-4145-913f-936aff0d1566@group-2C0FEEE55AE1-LeaderElection1132] INFO  impl.LeaderElection (LeaderElection.java:askForVotes(178)) - 696df33b-59a0-4145-913f-936aff0d1566@group-2C0FEEE55AE1-LeaderElection1132: begin an election at term 55 for -1: [f3ee4219-89bb-47f2-bbe0-5f784575b745:192.168.157.211:38722, 805254cc-2da6-48d8-a2f9-c1a3ceceab4a:192.168.157.211:35407, 696df33b-59a0-4145-913f-936aff0d1566:192.168.157.211:38803], old=null
2019-10-17 07:09:35,729 [grpc-default-executor-8] INFO  impl.RaftServerImpl (RaftServerImpl.java:setRole(184)) - f3ee4219-89bb-47f2-bbe0-5f784575b745@group-2C0FEEE55AE1: changes role from  FOLLOWER to FOLLOWER at term 55 for recognizeCandidate:696df33b-59a0-4145-913f-936aff0d1566
2019-10-17 07:09:35,729 [grpc-default-executor-8] INFO  impl.RoleInfo (RoleInfo.java:shutdownFollowerState(121)) - f3ee4219-89bb-47f2-bbe0-5f784575b745: shutdown FollowerState
2019-10-17 07:09:35,729 [grpc-default-executor-5] INFO  impl.RaftServerImpl (RaftServerImpl.java:setRole(184)) - 805254cc-2da6-48d8-a2f9-c1a3ceceab4a@group-2C0FEEE55AE1: changes role from  FOLLOWER to FOLLOWER at term 55 for recognizeCandidate:696df33b-59a0-4145-913f-936aff0d1566
2019-10-17 07:09:35,729 [grpc-default-executor-5] INFO  impl.RoleInfo (RoleInfo.java:shutdownFollowerState(121)) - 805254cc-2da6-48d8-a2f9-c1a3ceceab4a: shutdown FollowerState
2019-10-17 07:09:35,729 [Thread-10047] INFO  impl.FollowerState (FollowerState.java:run(117)) - f3ee4219-89bb-47f2-bbe0-5f784575b745@group-2C0FEEE55AE1-FollowerState was interrupted: java.lang.InterruptedException: sleep interrupted
2019-10-17 07:09:35,729 [grpc-default-executor-8] INFO  impl.RoleInfo (RoleInfo.java:updateAndGet(143)) - f3ee4219-89bb-47f2-bbe0-5f784575b745: start FollowerState
2019-10-17 07:09:35,729 [Thread-10048] INFO  impl.FollowerState (FollowerState.java:run(117)) - 805254cc-2da6-48d8-a2f9-c1a3ceceab4a@group-2C0FEEE55AE1-FollowerState was interrupted: java.lang.InterruptedException: sleep interrupted
2019-10-17 07:09:35,729 [grpc-default-executor-5] INFO  impl.RoleInfo (RoleInfo.java:updateAndGet(143)) - 805254cc-2da6-48d8-a2f9-c1a3ceceab4a: start FollowerState
2019-10-17 07:09:35,736 [696df33b-59a0-4145-913f-936aff0d1566@group-2C0FEEE55AE1-LeaderElection1132] INFO  impl.LeaderElection (LeaderElection.java:logAndReturn(56)) - 696df33b-59a0-4145-913f-936aff0d1566@group-2C0FEEE55AE1-LeaderElection1132: Election REJECTED; received 2 response(s) [696df33b-59a0-4145-913f-936aff0d1566<-f3ee4219-89bb-47f2-bbe0-5f784575b745#0:FAIL-t55, 696df33b-59a0-4145-913f-936aff0d1566<-805254cc-2da6-48d8-a2f9-c1a3ceceab4a#0:FAIL-t55] and 0 exception(s); 696df33b-59a0-4145-913f-936aff0d1566@group-2C0FEEE55AE1:t55, leader=null, voted=696df33b-59a0-4145-913f-936aff0d1566, raftlog=696df33b-59a0-4145-913f-936aff0d1566@group-2C0FEEE55AE1-SegmentedRaftLog:OPENED:c-1,f-1,i0, conf=-1: [f3ee4219-89bb-47f2-bbe0-5f784575b745:192.168.157.211:38722, 805254cc-2da6-48d8-a2f9-c1a3ceceab4a:192.168.157.211:35407, 696df33b-59a0-4145-913f-936aff0d1566:192.168.157.211:38803], old=null
2019-10-17 07:09:35,736 [696df33b-59a0-4145-913f-936aff0d1566@group-2C0FEEE55AE1-LeaderElection1132] INFO  impl.RaftServerImpl (RaftServerImpl.java:setRole(184)) - 696df33b-59a0-4145-913f-936aff0d1566@group-2C0FEEE55AE1: changes role from CANDIDATE to FOLLOWER at term 55 for DISCOVERED_A_NEW_TERM
2019-10-17 07:09:35,736 [696df33b-59a0-4145-913f-936aff0d1566@group-2C0FEEE55AE1-LeaderElection1132] INFO  impl.RoleInfo (RoleInfo.java:shutdownLeaderElection(134)) - 696df33b-59a0-4145-913f-936aff0d1566: shutdown LeaderElection
2019-10-17 07:09:35,736 [696df33b-59a0-4145-913f-936aff0d1566@group-2C0FEEE55AE1-LeaderElection1132] INFO  impl.RoleInfo (RoleInfo.java:updateAndGet(143)) - 696df33b-59a0-4145-913f-936aff0d1566: start FollowerState
2019-10-17 07:09:35,922 [Thread-10053] INFO  impl.FollowerState (FollowerState.java:run(108)) - 696df33b-59a0-4145-913f-936aff0d1566@group-2C0FEEE55AE1-FollowerState: change to CANDIDATE, lastRpcTime:186ms, electionTimeout:186ms
2019-10-17 07:09:35,922 [Thread-10053] INFO  impl.RoleInfo (RoleInfo.java:shutdownFollowerState(121)) - 696df33b-59a0-4145-913f-936aff0d1566: shutdown FollowerState
2019-10-17 07:09:35,922 [Thread-10053] INFO  impl.RaftServerImpl (RaftServerImpl.java:setRole(184)) - 696df33b-59a0-4145-913f-936aff0d1566@group-2C0FEEE55AE1: changes role from  FOLLOWER to CANDIDATE at term 55 for changeToCandidate
2019-10-17 07:09:35,922 [Thread-10053] INFO  impl.RoleInfo (RoleInfo.java:updateAndGet(143)) - 696df33b-59a0-4145-913f-936aff0d1566: start LeaderElection
2019-10-17 07:09:35,944 [696df33b-59a0-4145-913f-936aff0d1566@group-2C0FEEE55AE1-LeaderElection1133] INFO  impl.LeaderElection (LeaderElection.java:askForVotes(178)) - 696df33b-59a0-4145-913f-936aff0d1566@group-2C0FEEE55AE1-LeaderElection1133: begin an election at term 56 for -1: [f3ee4219-89bb-47f2-bbe0-5f784575b745:192.168.157.211:38722, 805254cc-2da6-48d8-a2f9-c1a3ceceab4a:192.168.157.211:35407, 696df33b-59a0-4145-913f-936aff0d1566:192.168.157.211:38803], old=null
2019-10-17 07:09:35,945 [grpc-default-executor-8] INFO  impl.RaftServerImpl (RaftServerImpl.java:setRole(184)) - f3ee4219-89bb-47f2-bbe0-5f784575b745@group-2C0FEEE55AE1: changes role from  FOLLOWER to FOLLOWER at term 56 for recognizeCandidate:696df33b-59a0-4145-913f-936aff0d1566
2019-10-17 07:09:35,946 [grpc-default-executor-8] INFO  impl.RoleInfo (RoleInfo.java:shutdownFollowerState(121)) - f3ee4219-89bb-47f2-bbe0-5f784575b745: shutdown FollowerState
2019-10-17 07:09:35,945 [grpc-default-executor-5] INFO  impl.RaftServerImpl (RaftServerImpl.java:setRole(184)) - 805254cc-2da6-48d8-a2f9-c1a3ceceab4a@group-2C0FEEE55AE1: changes role from  FOLLOWER to FOLLOWER at term 56 for recognizeCandidate:696df33b-59a0-4145-913f-936aff0d1566
2019-10-17 07:09:35,946 [grpc-default-executor-5] INFO  impl.RoleInfo (RoleInfo.java:shutdownFollowerState(121)) - 805254cc-2da6-48d8-a2f9-c1a3ceceab4a: shutdown FollowerState
2019-10-17 07:09:35,946 [Thread-10051] INFO  impl.FollowerState (FollowerState.java:run(117)) - f3ee4219-89bb-47f2-bbe0-5f784575b745@group-2C0FEEE55AE1-FollowerState was interrupted: java.lang.InterruptedException: sleep interrupted
2019-10-17 07:09:35,946 [grpc-default-executor-8] INFO  impl.RoleInfo (RoleInfo.java:updateAndGet(143)) - f3ee4219-89bb-47f2-bbe0-5f784575b745: start FollowerState
2019-10-17 07:09:35,946 [Thread-10052] INFO  impl.FollowerState (FollowerState.java:run(117)) - 805254cc-2da6-48d8-a2f9-c1a3ceceab4a@group-2C0FEEE55AE1-FollowerState was interrupted: java.lang.InterruptedException: sleep interrupted
2019-10-17 07:09:35,946 [grpc-default-executor-5] INFO  impl.RoleInfo (RoleInfo.java:updateAndGet(143)) - 805254cc-2da6-48d8-a2f9-c1a3ceceab4a: start FollowerState
2019-10-17 07:09:35,960 [696df33b-59a0-4145-913f-936aff0d1566@group-2C0FEEE55AE1-LeaderElection1133] INFO  impl.LeaderElection (LeaderElection.java:logAndReturn(56)) - 696df33b-59a0-4145-913f-936aff0d1566@group-2C0FEEE55AE1-LeaderElection1133: Election REJECTED; received 2 response(s) [696df33b-59a0-4145-913f-936aff0d1566<-f3ee4219-89bb-47f2-bbe0-5f784575b745#0:FAIL-t56, 696df33b-59a0-4145-913f-936aff0d1566<-805254cc-2da6-48d8-a2f9-c1a3ceceab4a#0:FAIL-t56] and 0 exception(s); 696df33b-59a0-4145-913f-936aff0d1566@group-2C0FEEE55AE1:t56, leader=null, voted=696df33b-59a0-4145-913f-936aff0d1566, raftlog=696df33b-59a0-4145-913f-936aff0d1566@group-2C0FEEE55AE1-SegmentedRaftLog:OPENED:c-1,f-1,i0, conf=-1: [f3ee4219-89bb-47f2-bbe0-5f784575b745:192.168.157.211:38722, 805254cc-2da6-48d8-a2f9-c1a3ceceab4a:192.168.157.211:35407, 696df33b-59a0-4145-913f-936aff0d1566:192.168.157.211:38803], old=null
2019-10-17 07:09:35,961 [696df33b-59a0-4145-913f-936aff0d1566@group-2C0FEEE55AE1-LeaderElection1133] INFO  impl.RaftServerImpl (RaftServerImpl.java:setRole(184)) - 696df33b-59a0-4145-913f-936aff0d1566@group-2C0FEEE55AE1: changes role from CANDIDATE to FOLLOWER at term 56 for DISCOVERED_A_NEW_TERM
2019-10-17 07:09:35,961 [696df33b-59a0-4145-913f-936aff0d1566@group-2C0FEEE55AE1-LeaderElection1133] INFO  impl.RoleInfo (RoleInfo.java:shutdownLeaderElection(134)) - 696df33b-59a0-4145-913f-936aff0d1566: shutdown LeaderElection
2019-10-17 07:09:35,961 [696df33b-59a0-4145-913f-936aff0d1566@group-2C0FEEE55AE1-LeaderElection1133] INFO  impl.RoleInfo (RoleInfo.java:updateAndGet(143)) - 696df33b-59a0-4145-913f-936aff0d1566: start FollowerState
2019-10-17 07:09:36,025 [Thread-10063] INFO  impl.FollowerState (FollowerState.java:run(108)) - 696df33b-59a0-4145-913f-936aff0d1566@group-2C0FEEE55AE1-FollowerState: change to CANDIDATE, lastRpcTime:63ms, electionTimeout:63ms
2019-10-17 07:09:36,025 [Thread-10063] INFO  impl.RoleInfo (RoleInfo.java:shutdownFollowerState(121)) - 696df33b-59a0-4145-913f-936aff0d1566: shutdown FollowerState
2019-10-17 07:09:36,025 [Thread-10063] INFO  impl.RaftServerImpl (RaftServerImpl.java:setRole(184)) - 696df33b-59a0-4145-913f-936aff0d1566@group-2C0FEEE55AE1: changes role from  FOLLOWER to CANDIDATE at term 56 for changeToCandidate
2019-10-17 07:09:36,025 [Thread-10063] INFO  impl.RoleInfo (RoleInfo.java:updateAndGet(143)) - 696df33b-59a0-4145-913f-936aff0d1566: start LeaderElection
2019-10-17 07:09:36,038 [696df33b-59a0-4145-913f-936aff0d1566@group-2C0FEEE55AE1-LeaderElection1134] INFO  impl.LeaderElection (LeaderElection.java:askForVotes(178)) - 696df33b-59a0-4145-913f-936aff0d1566@group-2C0FEEE55AE1-LeaderElection1134: begin an election at term 57 for -1: [f3ee4219-89bb-47f2-bbe0-5f784575b745:192.168.157.211:38722, 805254cc-2da6-48d8-a2f9-c1a3ceceab4a:192.168.157.211:35407, 696df33b-59a0-4145-913f-936aff0d1566:192.168.157.211:38803], old=null
2019-10-17 07:09:36,040 [grpc-default-executor-8] INFO  impl.RaftServerImpl (RaftServerImpl.java:setRole(184)) - 805254cc-2da6-48d8-a2f9-c1a3ceceab4a@group-2C0FEEE55AE1: changes role from  FOLLOWER to FOLLOWER at term 57 for recognizeCandidate:696df33b-59a0-4145-913f-936aff0d1566
2019-10-17 07:09:36,040 [grpc-default-executor-8] INFO  impl.RoleInfo (RoleInfo.java:shutdownFollowerState(121)) - 805254cc-2da6-48d8-a2f9-c1a3ceceab4a: shutdown FollowerState
2019-10-17 07:09:36,040 [grpc-default-executor-5] INFO  impl.RaftServerImpl (RaftServerImpl.java:setRole(184)) - f3ee4219-89bb-47f2-bbe0-5f784575b745@group-2C0FEEE55AE1: changes role from  FOLLOWER to FOLLOWER at term 57 for recognizeCandidate:696df33b-59a0-4145-913f-936aff0d1566
2019-10-17 07:09:36,040 [grpc-default-executor-5] INFO  impl.RoleInfo (RoleInfo.java:shutdownFollowerState(121)) - f3ee4219-89bb-47f2-bbe0-5f784575b745: shutdown FollowerState
2019-10-17 07:09:36,040 [Thread-10060] INFO  impl.FollowerState (FollowerState.java:run(117)) - 805254cc-2da6-48d8-a2f9-c1a3ceceab4a@group-2C0FEEE55AE1-FollowerState was interrupted: java.lang.InterruptedException: sleep interrupted
2019-10-17 07:09:36,040 [grpc-default-executor-8] INFO  impl.RoleInfo (RoleInfo.java:updateAndGet(143)) - 805254cc-2da6-48d8-a2f9-c1a3ceceab4a: start FollowerState
2019-10-17 07:09:36,040 [Thread-10059] INFO  impl.FollowerState (FollowerState.java:run(117)) - f3ee4219-89bb-47f2-bbe0-5f784575b745@group-2C0FEEE55AE1-FollowerState was interrupted: java.lang.InterruptedException: sleep interrupted
2019-10-17 07:09:36,040 [grpc-default-executor-5] INFO  impl.RoleInfo (RoleInfo.java:updateAndGet(143)) - f3ee4219-89bb-47f2-bbe0-5f784575b745: start FollowerState
2019-10-17 07:09:36,066 [696df33b-59a0-4145-913f-936aff0d1566@group-2C0FEEE55AE1-LeaderElection1134] INFO  impl.LeaderElection (LeaderElection.java:logAndReturn(56)) - 696df33b-59a0-4145-913f-936aff0d1566@group-2C0FEEE55AE1-LeaderElection1134: Election REJECTED; received 2 response(s) [696df33b-59a0-4145-913f-936aff0d1566<-f3ee4219-89bb-47f2-bbe0-5f784575b745#0:FAIL-t57, 696df33b-59a0-4145-913f-936aff0d1566<-805254cc-2da6-48d8-a2f9-c1a3ceceab4a#0:FAIL-t57] and 0 exception(s); 696df33b-59a0-4145-913f-936aff0d1566@group-2C0FEEE55AE1:t57, leader=null, voted=696df33b-59a0-4145-913f-936aff0d1566, raftlog=696df33b-59a0-4145-913f-936aff0d1566@group-2C0FEEE55AE1-SegmentedRaftLog:OPENED:c-1,f-1,i0, conf=-1: [f3ee4219-89bb-47f2-bbe0-5f784575b745:192.168.157.211:38722, 805254cc-2da6-48d8-a2f9-c1a3ceceab4a:192.168.157.211:35407, 696df33b-59a0-4145-913f-936aff0d1566:192.168.157.211:38803], old=null
2019-10-17 07:09:36,066 [696df33b-59a0-4145-913f-936aff0d1566@group-2C0FEEE55AE1-LeaderElection1134] INFO  impl.RaftServerImpl (RaftServerImpl.java:setRole(184)) - 696df33b-59a0-4145-913f-936aff0d1566@group-2C0FEEE55AE1: changes role from CANDIDATE to FOLLOWER at term 57 for DISCOVERED_A_NEW_TERM
2019-10-17 07:09:36,066 [696df33b-59a0-4145-913f-936aff0d1566@group-2C0FEEE55AE1-LeaderElection1134] INFO  impl.RoleInfo (RoleInfo.java:shutdownLeaderElection(134)) - 696df33b-59a0-4145-913f-936aff0d1566: shutdown LeaderElection
2019-10-17 07:09:36,067 [696df33b-59a0-4145-913f-936aff0d1566@group-2C0FEEE55AE1-LeaderElection1134] INFO  impl.RoleInfo (RoleInfo.java:updateAndGet(143)) - 696df33b-59a0-4145-913f-936aff0d1566: start FollowerState
2019-10-17 07:09:36,176 [Thread-10069] INFO  impl.FollowerState (FollowerState.java:run(108)) - 696df33b-59a0-4145-913f-936aff0d1566@group-2C0FEEE55AE1-FollowerState: change to CANDIDATE, lastRpcTime:109ms, electionTimeout:109ms
2019-10-17 07:09:36,176 [Thread-10069] INFO  impl.RoleInfo (RoleInfo.java:shutdownFollowerState(121)) - 696df33b-59a0-4145-913f-936aff0d1566: shutdown FollowerState
2019-10-17 07:09:36,176 [Thread-10069] INFO  impl.RaftServerImpl (RaftServerImpl.java:setRole(184)) - 696df33b-59a0-4145-913f-936aff0d1566@group-2C0FEEE55AE1: changes role from  FOLLOWER to CANDIDATE at term 57 for changeToCandidate
2019-10-17 07:09:36,176 [Thread-10069] INFO  impl.RoleInfo (RoleInfo.java:updateAndGet(143)) - 696df33b-59a0-4145-913f-936aff0d1566: start LeaderElection
2019-10-17 07:09:36,202 [696df33b-59a0-4145-913f-936aff0d1566@group-2C0FEEE55AE1-LeaderElection1135] INFO  impl.LeaderElection (LeaderElection.java:askForVotes(178)) - 696df33b-59a0-4145-913f-936aff0d1566@group-2C0FEEE55AE1-LeaderElection1135: begin an election at term 58 for -1: [f3ee4219-89bb-47f2-bbe0-5f784575b745:192.168.157.211:38722, 805254cc-2da6-48d8-a2f9-c1a3ceceab4a:192.168.157.211:35407, 696df33b-59a0-4145-913f-936aff0d1566:192.168.157.211:38803], old=null
2019-10-17 07:09:36,204 [grpc-default-executor-2] INFO  impl.RaftServerImpl (RaftServerImpl.java:setRole(184)) - 805254cc-2da6-48d8-a2f9-c1a3ceceab4a@group-2C0FEEE55AE1: changes role from  FOLLOWER to FOLLOWER at term 58 for recognizeCandidate:696df33b-59a0-4145-913f-936aff0d1566
2019-10-17 07:09:36,204 [grpc-default-executor-2] INFO  impl.RoleInfo (RoleInfo.java:shutdownFollowerState(121)) - 805254cc-2da6-48d8-a2f9-c1a3ceceab4a: shutdown FollowerState
2019-10-17 07:09:36,204 [grpc-default-executor-5] INFO  impl.RaftServerImpl (RaftServerImpl.java:setRole(184)) - f3ee4219-89bb-47f2-bbe0-5f784575b745@group-2C0FEEE55AE1: changes role from  FOLLOWER to FOLLOWER at term 58 for recognizeCandidate:696df33b-59a0-4145-913f-936aff0d1566
2019-10-17 07:09:36,204 [grpc-default-executor-5] INFO  impl.RoleInfo (RoleInfo.java:shutdownFollowerState(121)) - f3ee4219-89bb-47f2-bbe0-5f784575b745: shutdown FollowerState
2019-10-17 07:09:36,204 [Thread-10067] INFO  impl.FollowerState (FollowerState.java:run(117)) - 805254cc-2da6-48d8-a2f9-c1a3ceceab4a@group-2C0FEEE55AE1-FollowerState was interrupted: java.lang.InterruptedException: sleep interrupted
2019-10-17 07:09:36,204 [grpc-default-executor-2] INFO  impl.RoleInfo (RoleInfo.java:updateAndGet(143)) - 805254cc-2da6-48d8-a2f9-c1a3ceceab4a: start FollowerState
2019-10-17 07:09:36,204 [grpc-default-executor-5] INFO  impl.RoleInfo (RoleInfo.java:updateAndGet(143)) - f3ee4219-89bb-47f2-bbe0-5f784575b745: start FollowerState
2019-10-17 07:09:36,204 [Thread-10068] INFO  impl.FollowerState (FollowerState.java:run(117)) - f3ee4219-89bb-47f2-bbe0-5f784575b745@group-2C0FEEE55AE1-FollowerState was interrupted: java.lang.InterruptedException: sleep interrupted
2019-10-17 07:09:36,220 [696df33b-59a0-4145-913f-936aff0d1566@group-2C0FEEE55AE1-LeaderElection1135] INFO  impl.LeaderElection (LeaderElection.java:logAndReturn(56)) - 696df33b-59a0-4145-913f-936aff0d1566@group-2C0FEEE55AE1-LeaderElection1135: Election REJECTED; received 2 response(s) [696df33b-59a0-4145-913f-936aff0d1566<-f3ee4219-89bb-47f2-bbe0-5f784575b745#0:FAIL-t58, 696df33b-59a0-4145-913f-936aff0d1566<-805254cc-2da6-48d8-a2f9-c1a3ceceab4a#0:FAIL-t58] and 0 exception(s); 696df33b-59a0-4145-913f-936aff0d1566@group-2C0FEEE55AE1:t58, leader=null, voted=696df33b-59a0-4145-913f-936aff0d1566, raftlog=696df33b-59a0-4145-913f-936aff0d1566@group-2C0FEEE55AE1-SegmentedRaftLog:OPENED:c-1,f-1,i0, conf=-1: [f3ee4219-89bb-47f2-bbe0-5f784575b745:192.168.157.211:38722, 805254cc-2da6-48d8-a2f9-c1a3ceceab4a:192.168.157.211:35407, 696df33b-59a0-4145-913f-936aff0d1566:192.168.157.211:38803], old=null
2019-10-17 07:09:36,220 [696df33b-59a0-4145-913f-936aff0d1566@group-2C0FEEE55AE1-LeaderElection1135] INFO  impl.RaftServerImpl (RaftServerImpl.java:setRole(184)) - 696df33b-59a0-4145-913f-936aff0d1566@group-2C0FEEE55AE1: changes role from CANDIDATE to FOLLOWER at term 58 for DISCOVERED_A_NEW_TERM
2019-10-17 07:09:36,220 [696df33b-59a0-4145-913f-936aff0d1566@group-2C0FEEE55AE1-LeaderElection1135] INFO  impl.RoleInfo (RoleInfo.java:shutdownLeaderElection(134)) - 696df33b-59a0-4145-913f-936aff0d1566: shutdown LeaderElection
2019-10-17 07:09:36,220 [696df33b-59a0-4145-913f-936aff0d1566@group-2C0FEEE55AE1-LeaderElection1135] INFO  impl.RoleInfo (RoleInfo.java:updateAndGet(143)) - 696df33b-59a0-4145-913f-936aff0d1566: start FollowerState
2019-10-17 07:09:36,263 [Thread-10077] INFO  impl.FollowerState (FollowerState.java:run(108)) - 696df33b-59a0-4145-913f-936aff0d1566@group-2C0FEEE55AE1-FollowerState: change to CANDIDATE, lastRpcTime:42ms, electionTimeout:42ms
2019-10-17 07:09:36,263 [Thread-10077] INFO  impl.RoleInfo (RoleInfo.java:shutdownFollowerState(121)) - 696df33b-59a0-4145-913f-936aff0d1566: shutdown FollowerState
2019-10-17 07:09:36,263 [Thread-10077] INFO  impl.RaftServerImpl (RaftServerImpl.java:setRole(184)) - 696df33b-59a0-4145-913f-936aff0d1566@group-2C0FEEE55AE1: changes role from  FOLLOWER to CANDIDATE at term 58 for changeToCandidate
2019-10-17 07:09:36,263 [Thread-10077] INFO  impl.RoleInfo (RoleInfo.java:updateAndGet(143)) - 696df33b-59a0-4145-913f-936aff0d1566: start LeaderElection
2019-10-17 07:09:36,276 [696df33b-59a0-4145-913f-936aff0d1566@group-2C0FEEE55AE1-LeaderElection1136] INFO  impl.LeaderElection (LeaderElection.java:askForVotes(178)) - 696df33b-59a0-4145-913f-936aff0d1566@group-2C0FEEE55AE1-LeaderElection1136: begin an election at term 59 for -1: [f3ee4219-89bb-47f2-bbe0-5f784575b745:192.168.157.211:38722, 805254cc-2da6-48d8-a2f9-c1a3ceceab4a:192.168.157.211:35407, 696df33b-59a0-4145-913f-936aff0d1566:192.168.157.211:38803], old=null
2019-10-17 07:09:36,278 [grpc-default-executor-5] INFO  impl.RaftServerImpl (RaftServerImpl.java:setRole(184)) - f3ee4219-89bb-47f2-bbe0-5f784575b745@group-2C0FEEE55AE1: changes role from  FOLLOWER to FOLLOWER at term 59 for recognizeCandidate:696df33b-59a0-4145-913f-936aff0d1566
2019-10-17 07:09:36,278 [grpc-default-executor-5] INFO  impl.RoleInfo (RoleInfo.java:shutdownFollowerState(121)) - f3ee4219-89bb-47f2-bbe0-5f784575b745: shutdown FollowerState
2019-10-17 07:09:36,278 [grpc-default-executor-2] INFO  impl.RaftServerImpl (RaftServerImpl.java:setRole(184)) - 805254cc-2da6-48d8-a2f9-c1a3ceceab4a@group-2C0FEEE55AE1: changes role from  FOLLOWER to FOLLOWER at term 59 for recognizeCandidate:696df33b-59a0-4145-913f-936aff0d1566
2019-10-17 07:09:36,278 [grpc-default-executor-2] INFO  impl.RoleInfo (RoleInfo.java:shutdownFollowerState(121)) - 805254cc-2da6-48d8-a2f9-c1a3ceceab4a: shutdown FollowerState
2019-10-17 07:09:36,278 [grpc-default-executor-2] INFO  impl.RoleInfo (RoleInfo.java:updateAndGet(143)) - 805254cc-2da6-48d8-a2f9-c1a3ceceab4a: start FollowerState
2019-10-17 07:09:36,278 [Thread-10076] INFO  impl.FollowerState (FollowerState.java:run(117)) - f3ee4219-89bb-47f2-bbe0-5f784575b745@group-2C0FEEE55AE1-FollowerState was interrupted: java.lang.InterruptedException: sleep interrupted
2019-10-17 07:09:36,278 [grpc-default-executor-5] INFO  impl.RoleInfo (RoleInfo.java:updateAndGet(143)) - f3ee4219-89bb-47f2-bbe0-5f784575b745: start FollowerState
2019-10-17 07:09:36,278 [Thread-10075] INFO  impl.FollowerState (FollowerState.java:run(117)) - 805254cc-2da6-48d8-a2f9-c1a3ceceab4a@group-2C0FEEE55AE1-FollowerState was interrupted: java.lang.InterruptedException: sleep interrupted
2019-10-17 07:09:36,293 [696df33b-59a0-4145-913f-936aff0d1566@group-2C0FEEE55AE1-LeaderElection1136] INFO  impl.LeaderElection (LeaderElection.java:logAndReturn(56)) - 696df33b-59a0-4145-913f-936aff0d1566@group-2C0FEEE55AE1-LeaderElection1136: Election REJECTED; received 2 response(s) [696df33b-59a0-4145-913f-936aff0d1566<-f3ee4219-89bb-47f2-bbe0-5f784575b745#0:FAIL-t59, 696df33b-59a0-4145-913f-936aff0d1566<-805254cc-2da6-48d8-a2f9-c1a3ceceab4a#0:FAIL-t59] and 0 exception(s); 696df33b-59a0-4145-913f-936aff0d1566@group-2C0FEEE55AE1:t59, leader=null, voted=696df33b-59a0-4145-913f-936aff0d1566, raftlog=696df33b-59a0-4145-913f-936aff0d1566@group-2C0FEEE55AE1-SegmentedRaftLog:OPENED:c-1,f-1,i0, conf=-1: [f3ee4219-89bb-47f2-bbe0-5f784575b745:192.168.157.211:38722, 805254cc-2da6-48d8-a2f9-c1a3ceceab4a:192.168.157.211:35407, 696df33b-59a0-4145-913f-936aff0d1566:192.168.157.211:38803], old=null
2019-10-17 07:09:36,293 [696df33b-59a0-4145-913f-936aff0d1566@group-2C0FEEE55AE1-LeaderElection1136] INFO  impl.RaftServerImpl (RaftServerImpl.java:setRole(184)) - 696df33b-59a0-4145-913f-936aff0d1566@group-2C0FEEE55AE1: changes role from CANDIDATE to FOLLOWER at term 59 for DISCOVERED_A_NEW_TERM
2019-10-17 07:09:36,293 [696df33b-59a0-4145-913f-936aff0d1566@group-2C0FEEE55AE1-LeaderElection1136] INFO  impl.RoleInfo (RoleInfo.java:shutdownLeaderElection(134)) - 696df33b-59a0-4145-913f-936aff0d1566: shutdown LeaderElection
2019-10-17 07:09:36,293 [696df33b-59a0-4145-913f-936aff0d1566@group-2C0FEEE55AE1-LeaderElection1136] INFO  impl.RoleInfo (RoleInfo.java:updateAndGet(143)) - 696df33b-59a0-4145-913f-936aff0d1566: start FollowerState
2019-10-17 07:09:36,298 [Thread-10083] INFO  impl.FollowerState (FollowerState.java:run(108)) - 696df33b-59a0-4145-913f-936aff0d1566@group-2C0FEEE55AE1-FollowerState: change to CANDIDATE, lastRpcTime:5ms, electionTimeout:5ms
2019-10-17 07:09:36,298 [Thread-10083] INFO  impl.RoleInfo (RoleInfo.java:shutdownFollowerState(121)) - 696df33b-59a0-4145-913f-936aff0d1566: shutdown FollowerState
2019-10-17 07:09:36,298 [Thread-10083] INFO  impl.RaftServerImpl (RaftServerImpl.java:setRole(184)) - 696df33b-59a0-4145-913f-936aff0d1566@group-2C0FEEE55AE1: changes role from  FOLLOWER to CANDIDATE at term 59 for changeToCandidate
2019-10-17 07:09:36,298 [Thread-10083] INFO  impl.RoleInfo (RoleInfo.java:updateAndGet(143)) - 696df33b-59a0-4145-913f-936aff0d1566: start LeaderElection
2019-10-17 07:09:36,312 [696df33b-59a0-4145-913f-936aff0d1566@group-2C0FEEE55AE1-LeaderElection1137] INFO  impl.LeaderElection (LeaderElection.java:askForVotes(178)) - 696df33b-59a0-4145-913f-936aff0d1566@group-2C0FEEE55AE1-LeaderElection1137: begin an election at term 60 for -1: [f3ee4219-89bb-47f2-bbe0-5f784575b745:192.168.157.211:38722, 805254cc-2da6-48d8-a2f9-c1a3ceceab4a:192.168.157.211:35407, 696df33b-59a0-4145-913f-936aff0d1566:192.168.157.211:38803], old=null
2019-10-17 07:09:36,314 [grpc-default-executor-2] INFO  impl.RaftServerImpl (RaftServerImpl.java:setRole(184)) - f3ee4219-89bb-47f2-bbe0-5f784575b745@group-2C0FEEE55AE1: changes role from  FOLLOWER to FOLLOWER at term 60 for recognizeCandidate:696df33b-59a0-4145-913f-936aff0d1566
2019-10-17 07:09:36,314 [grpc-default-executor-5] INFO  impl.RaftServerImpl (RaftServerImpl.java:setRole(184)) - 805254cc-2da6-48d8-a2f9-c1a3ceceab4a@group-2C0FEEE55AE1: changes role from  FOLLOWER to FOLLOWER at term 60 for recognizeCandidate:696df33b-59a0-4145-913f-936aff0d1566
2019-10-17 07:09:36,314 [grpc-default-executor-5] INFO  impl.RoleInfo (RoleInfo.java:shutdownFollowerState(121)) - 805254cc-2da6-48d8-a2f9-c1a3ceceab4a: shutdown FollowerState
2019-10-17 07:09:36,314 [grpc-default-executor-2] INFO  impl.RoleInfo (RoleInfo.java:shutdownFollowerState(121)) - f3ee4219-89bb-47f2-bbe0-5f784575b745: shutdown FollowerState
2019-10-17 07:09:36,314 [grpc-default-executor-5] INFO  impl.RoleInfo (RoleInfo.java:updateAndGet(143)) - 805254cc-2da6-48d8-a2f9-c1a3ceceab4a: start FollowerState
2019-10-17 07:09:36,314 [Thread-10082] INFO  impl.FollowerState (FollowerState.java:run(117)) - 805254cc-2da6-48d8-a2f9-c1a3ceceab4a@group-2C0FEEE55AE1-FollowerState was interrupted: java.lang.InterruptedException: sleep interrupted
2019-10-17 07:09:36,314 [Thread-10081] INFO  impl.FollowerState (FollowerState.java:run(117)) - f3ee4219-89bb-47f2-bbe0-5f784575b745@group-2C0FEEE55AE1-FollowerState was interrupted: java.lang.InterruptedException: sleep interrupted
2019-10-17 07:09:36,314 [grpc-default-executor-2] INFO  impl.RoleInfo (RoleInfo.java:updateAndGet(143)) - f3ee4219-89bb-47f2-bbe0-5f784575b745: start FollowerState
2019-10-17 07:09:36,341 [696df33b-59a0-4145-913f-936aff0d1566@group-2C0FEEE55AE1-LeaderElection1137] INFO  impl.LeaderElection (LeaderElection.java:logAndReturn(56)) - 696df33b-59a0-4145-913f-936aff0d1566@group-2C0FEEE55AE1-LeaderElection1137: Election REJECTED; received 2 response(s) [696df33b-59a0-4145-913f-936aff0d1566<-f3ee4219-89bb-47f2-bbe0-5f784575b745#0:FAIL-t60, 696df33b-59a0-4145-913f-936aff0d1566<-805254cc-2da6-48d8-a2f9-c1a3ceceab4a#0:FAIL-t60] and 0 exception(s); 696df33b-59a0-4145-913f-936aff0d1566@group-2C0FEEE55AE1:t60, leader=null, voted=696df33b-59a0-4145-913f-936aff0d1566, raftlog=696df33b-59a0-4145-913f-936aff0d1566@group-2C0FEEE55AE1-SegmentedRaftLog:OPENED:c-1,f-1,i0, conf=-1: [f3ee4219-89bb-47f2-bbe0-5f784575b745:192.168.157.211:38722, 805254cc-2da6-48d8-a2f9-c1a3ceceab4a:192.168.157.211:35407, 696df33b-59a0-4145-913f-936aff0d1566:192.168.157.211:38803], old=null
2019-10-17 07:09:36,341 [696df33b-59a0-4145-913f-936aff0d1566@group-2C0FEEE55AE1-LeaderElection1137] INFO  impl.RaftServerImpl (RaftServerImpl.java:setRole(184)) - 696df33b-59a0-4145-913f-936aff0d1566@group-2C0FEEE55AE1: changes role from CANDIDATE to FOLLOWER at term 60 for DISCOVERED_A_NEW_TERM
2019-10-17 07:09:36,341 [696df33b-59a0-4145-913f-936aff0d1566@group-2C0FEEE55AE1-LeaderElection1137] INFO  impl.RoleInfo (RoleInfo.java:shutdownLeaderElection(134)) - 696df33b-59a0-4145-913f-936aff0d1566: shutdown LeaderElection
2019-10-17 07:09:36,341 [696df33b-59a0-4145-913f-936aff0d1566@group-2C0FEEE55AE1-LeaderElection1137] INFO  impl.RoleInfo (RoleInfo.java:updateAndGet(143)) - 696df33b-59a0-4145-913f-936aff0d1566: start FollowerState
2019-10-17 07:09:36,508 [Thread-10089] INFO  impl.FollowerState (FollowerState.java:run(108)) - 696df33b-59a0-4145-913f-936aff0d1566@group-2C0FEEE55AE1-FollowerState: change to CANDIDATE, lastRpcTime:167ms, electionTimeout:167ms
2019-10-17 07:09:36,509 [Thread-10089] INFO  impl.RoleInfo (RoleInfo.java:shutdownFollowerState(121)) - 696df33b-59a0-4145-913f-936aff0d1566: shutdown FollowerState
2019-10-17 07:09:36,509 [Thread-10089] INFO  impl.RaftServerImpl (RaftServerImpl.java:setRole(184)) - 696df33b-59a0-4145-913f-936aff0d1566@group-2C0FEEE55AE1: changes role from  FOLLOWER to CANDIDATE at term 60 for changeToCandidate
2019-10-17 07:09:36,509 [Thread-10089] INFO  impl.RoleInfo (RoleInfo.java:updateAndGet(143)) - 696df33b-59a0-4145-913f-936aff0d1566: start LeaderElection
2019-10-17 07:09:36,525 [696df33b-59a0-4145-913f-936aff0d1566@group-2C0FEEE55AE1-LeaderElection1138] INFO  impl.LeaderElection (LeaderElection.java:askForVotes(178)) - 696df33b-59a0-4145-913f-936aff0d1566@group-2C0FEEE55AE1-LeaderElection1138: begin an election at term 61 for -1: [f3ee4219-89bb-47f2-bbe0-5f784575b745:192.168.157.211:38722, 805254cc-2da6-48d8-a2f9-c1a3ceceab4a:192.168.157.211:35407, 696df33b-59a0-4145-913f-936aff0d1566:192.168.157.211:38803], old=null
2019-10-17 07:09:36,526 [grpc-default-executor-2] INFO  impl.RaftServerImpl (RaftServerImpl.java:setRole(184)) - f3ee4219-89bb-47f2-bbe0-5f784575b745@group-2C0FEEE55AE1: changes role from  FOLLOWER to FOLLOWER at term 61 for recognizeCandidate:696df33b-59a0-4145-913f-936aff0d1566
2019-10-17 07:09:36,526 [grpc-default-executor-2] INFO  impl.RoleInfo (RoleInfo.java:shutdownFollowerState(121)) - f3ee4219-89bb-47f2-bbe0-5f784575b745: shutdown FollowerState
2019-10-17 07:09:36,526 [grpc-default-executor-5] INFO  impl.RaftServerImpl (RaftServerImpl.java:setRole(184)) - 805254cc-2da6-48d8-a2f9-c1a3ceceab4a@group-2C0FEEE55AE1: changes role from  FOLLOWER to FOLLOWER at term 61 for recognizeCandidate:696df33b-59a0-4145-913f-936aff0d1566
2019-10-17 07:09:36,527 [grpc-default-executor-5] INFO  impl.RoleInfo (RoleInfo.java:shutdownFollowerState(121)) - 805254cc-2da6-48d8-a2f9-c1a3ceceab4a: shutdown FollowerState
2019-10-17 07:09:36,527 [Thread-10088] INFO  impl.FollowerState (FollowerState.java:run(117)) - f3ee4219-89bb-47f2-bbe0-5f784575b745@group-2C0FEEE55AE1-FollowerState was interrupted: java.lang.InterruptedException: sleep interrupted
2019-10-17 07:09:36,527 [Thread-10087] INFO  impl.FollowerState (FollowerState.java:run(117)) - 805254cc-2da6-48d8-a2f9-c1a3ceceab4a@group-2C0FEEE55AE1-FollowerState was interrupted: java.lang.InterruptedException: sleep interrupted
2019-10-17 07:09:36,527 [grpc-default-executor-2] INFO  impl.RoleInfo (RoleInfo.java:updateAndGet(143)) - f3ee4219-89bb-47f2-bbe0-5f784575b745: start FollowerState
2019-10-17 07:09:36,527 [grpc-default-executor-5] INFO  impl.RoleInfo (RoleInfo.java:updateAndGet(143)) - 805254cc-2da6-48d8-a2f9-c1a3ceceab4a: start FollowerState
2019-10-17 07:09:36,532 [696df33b-59a0-4145-913f-936aff0d1566@group-2C0FEEE55AE1-LeaderElection1138] INFO  impl.LeaderElection (LeaderElection.java:logAndReturn(56)) - 696df33b-59a0-4145-913f-936aff0d1566@group-2C0FEEE55AE1-LeaderElection1138: Election TIMEOUT; received 0 response(s) [] and 0 exception(s); 696df33b-59a0-4145-913f-936aff0d1566@group-2C0FEEE55AE1:t61, leader=null, voted=696df33b-59a0-4145-913f-936aff0d1566, raftlog=696df33b-59a0-4145-913f-936aff0d1566@group-2C0FEEE55AE1-SegmentedRaftLog:OPENED:c-1,f-1,i0, conf=-1: [f3ee4219-89bb-47f2-bbe0-5f784575b745:192.168.157.211:38722, 805254cc-2da6-48d8-a2f9-c1a3ceceab4a:192.168.157.211:35407, 696df33b-59a0-4145-913f-936aff0d1566:192.168.157.211:38803], old=null
2019-10-17 07:09:36,541 [696df33b-59a0-4145-913f-936aff0d1566@group-2C0FEEE55AE1-LeaderElection1138] INFO  impl.LeaderElection (LeaderElection.java:askForVotes(178)) - 696df33b-59a0-4145-913f-936aff0d1566@group-2C0FEEE55AE1-LeaderElection1138: begin an election at term 62 for -1: [f3ee4219-89bb-47f2-bbe0-5f784575b745:192.168.157.211:38722, 805254cc-2da6-48d8-a2f9-c1a3ceceab4a:192.168.157.211:35407, 696df33b-59a0-4145-913f-936aff0d1566:192.168.157.211:38803], old=null
2019-10-17 07:09:36,542 [grpc-default-executor-5] INFO  impl.RaftServerImpl (RaftServerImpl.java:setRole(184)) - f3ee4219-89bb-47f2-bbe0-5f784575b745@group-2C0FEEE55AE1: changes role from  FOLLOWER to FOLLOWER at term 62 for recognizeCandidate:696df33b-59a0-4145-913f-936aff0d1566
2019-10-17 07:09:36,543 [grpc-default-executor-5] INFO  impl.RoleInfo (RoleInfo.java:shutdownFollowerState(121)) - f3ee4219-89bb-47f2-bbe0-5f784575b745: shutdown FollowerState
2019-10-17 07:09:36,543 [grpc-default-executor-5] INFO  impl.RoleInfo (RoleInfo.java:updateAndGet(143)) - f3ee4219-89bb-47f2-bbe0-5f784575b745: start FollowerState
2019-10-17 07:09:36,543 [Thread-10097] INFO  impl.FollowerState (FollowerState.java:run(117)) - f3ee4219-89bb-47f2-bbe0-5f784575b745@group-2C0FEEE55AE1-FollowerState was interrupted: java.lang.InterruptedException: sleep interrupted
2019-10-17 07:09:36,543 [grpc-default-executor-2] INFO  impl.RaftServerImpl (RaftServerImpl.java:setRole(184)) - 805254cc-2da6-48d8-a2f9-c1a3ceceab4a@group-2C0FEEE55AE1: changes role from  FOLLOWER to FOLLOWER at term 62 for recognizeCandidate:696df33b-59a0-4145-913f-936aff0d1566
2019-10-17 07:09:36,543 [grpc-default-executor-2] INFO  impl.RoleInfo (RoleInfo.java:shutdownFollowerState(121)) - 805254cc-2da6-48d8-a2f9-c1a3ceceab4a: shutdown FollowerState
2019-10-17 07:09:36,543 [grpc-default-executor-2] INFO  impl.RoleInfo (RoleInfo.java:updateAndGet(143)) - 805254cc-2da6-48d8-a2f9-c1a3ceceab4a: start FollowerState
2019-10-17 07:09:36,543 [Thread-10098] INFO  impl.FollowerState (FollowerState.java:run(117)) - 805254cc-2da6-48d8-a2f9-c1a3ceceab4a@group-2C0FEEE55AE1-FollowerState was interrupted: java.lang.InterruptedException: sleep interrupted
2019-10-17 07:09:36,568 [696df33b-59a0-4145-913f-936aff0d1566@group-2C0FEEE55AE1-LeaderElection1138] INFO  impl.LeaderElection (LeaderElection.java:logAndReturn(56)) - 696df33b-59a0-4145-913f-936aff0d1566@group-2C0FEEE55AE1-LeaderElection1138: Election REJECTED; received 2 response(s) [696df33b-59a0-4145-913f-936aff0d1566<-f3ee4219-89bb-47f2-bbe0-5f784575b745#0:FAIL-t62, 696df33b-59a0-4145-913f-936aff0d1566<-805254cc-2da6-48d8-a2f9-c1a3ceceab4a#0:FAIL-t62] and 0 exception(s); 696df33b-59a0-4145-913f-936aff0d1566@group-2C0FEEE55AE1:t62, leader=null, voted=696df33b-59a0-4145-913f-936aff0d1566, raftlog=696df33b-59a0-4145-913f-936aff0d1566@group-2C0FEEE55AE1-SegmentedRaftLog:OPENED:c-1,f-1,i0, conf=-1: [f3ee4219-89bb-47f2-bbe0-5f784575b745:192.168.157.211:38722, 805254cc-2da6-48d8-a2f9-c1a3ceceab4a:192.168.157.211:35407, 696df33b-59a0-4145-913f-936aff0d1566:192.168.157.211:38803], old=null
2019-10-17 07:09:36,568 [696df33b-59a0-4145-913f-936aff0d1566@group-2C0FEEE55AE1-LeaderElection1138] INFO  impl.RaftServerImpl (RaftServerImpl.java:setRole(184)) - 696df33b-59a0-4145-913f-936aff0d1566@group-2C0FEEE55AE1: changes role from CANDIDATE to FOLLOWER at term 62 for DISCOVERED_A_NEW_TERM
2019-10-17 07:09:36,568 [696df33b-59a0-4145-913f-936aff0d1566@group-2C0FEEE55AE1-LeaderElection1138] INFO  impl.RoleInfo (RoleInfo.java:shutdownLeaderElection(134)) - 696df33b-59a0-4145-913f-936aff0d1566: shutdown LeaderElection
2019-10-17 07:09:36,569 [696df33b-59a0-4145-913f-936aff0d1566@group-2C0FEEE55AE1-LeaderElection1138] INFO  impl.RoleInfo (RoleInfo.java:updateAndGet(143)) - 696df33b-59a0-4145-913f-936aff0d1566: start FollowerState
2019-10-17 07:09:36,660 [Thread-10103] INFO  impl.FollowerState (FollowerState.java:run(108)) - 696df33b-59a0-4145-913f-936aff0d1566@group-2C0FEEE55AE1-FollowerState: change to CANDIDATE, lastRpcTime:91ms, electionTimeout:91ms
2019-10-17 07:09:36,660 [Thread-10103] INFO  impl.RoleInfo (RoleInfo.java:shutdownFollowerState(121)) - 696df33b-59a0-4145-913f-936aff0d1566: shutdown FollowerState
2019-10-17 07:09:36,660 [Thread-10103] INFO  impl.RaftServerImpl (RaftServerImpl.java:setRole(184)) - 696df33b-59a0-4145-913f-936aff0d1566@group-2C0FEEE55AE1: changes role from  FOLLOWER to CANDIDATE at term 62 for changeToCandidate
2019-10-17 07:09:36,660 [Thread-10103] INFO  impl.RoleInfo (RoleInfo.java:updateAndGet(143)) - 696df33b-59a0-4145-913f-936aff0d1566: start LeaderElection
2019-10-17 07:09:36,682 [696df33b-59a0-4145-913f-936aff0d1566@group-2C0FEEE55AE1-LeaderElection1139] INFO  impl.LeaderElection (LeaderElection.java:askForVotes(178)) - 696df33b-59a0-4145-913f-936aff0d1566@group-2C0FEEE55AE1-LeaderElection1139: begin an election at term 63 for -1: [f3ee4219-89bb-47f2-bbe0-5f784575b745:192.168.157.211:38722, 805254cc-2da6-48d8-a2f9-c1a3ceceab4a:192.168.157.211:35407, 696df33b-59a0-4145-913f-936aff0d1566:192.168.157.211:38803], old=null
2019-10-17 07:09:36,683 [grpc-default-executor-2] INFO  impl.RaftServerImpl (RaftServerImpl.java:setRole(184)) - f3ee4219-89bb-47f2-bbe0-5f784575b745@group-2C0FEEE55AE1: changes role from  FOLLOWER to FOLLOWER at term 63 for recognizeCandidate:696df33b-59a0-4145-913f-936aff0d1566
2019-10-17 07:09:36,683 [grpc-default-executor-2] INFO  impl.RoleInfo (RoleInfo.java:shutdownFollowerState(121)) - f3ee4219-89bb-47f2-bbe0-5f784575b745: shutdown FollowerState
2019-10-17 07:09:36,683 [grpc-default-executor-2] INFO  impl.RoleInfo (RoleInfo.java:updateAndGet(143)) - f3ee4219-89bb-47f2-bbe0-5f784575b745: start FollowerState
2019-10-17 07:09:36,683 [grpc-default-executor-5] INFO  impl.RaftServerImpl (RaftServerImpl.java:setRole(184)) - 805254cc-2da6-48d8-a2f9-c1a3ceceab4a@group-2C0FEEE55AE1: changes role from  FOLLOWER to FOLLOWER at term 63 for recognizeCandidate:696df33b-59a0-4145-913f-936aff0d1566
2019-10-17 07:09:36,684 [grpc-default-executor-5] INFO  impl.RoleInfo (RoleInfo.java:shutdownFollowerState(121)) - 805254cc-2da6-48d8-a2f9-c1a3ceceab4a: shutdown FollowerState
2019-10-17 07:09:36,683 [Thread-10101] INFO  impl.FollowerState (FollowerState.java:run(117)) - f3ee4219-89bb-47f2-bbe0-5f784575b745@group-2C0FEEE55AE1-FollowerState was interrupted: java.lang.InterruptedException: sleep interrupted
2019-10-17 07:09:36,684 [Thread-10102] INFO  impl.FollowerState (FollowerState.java:run(117)) - 805254cc-2da6-48d8-a2f9-c1a3ceceab4a@group-2C0FEEE55AE1-FollowerState was interrupted: java.lang.InterruptedException: sleep interrupted
2019-10-17 07:09:36,684 [grpc-default-executor-5] INFO  impl.RoleInfo (RoleInfo.java:updateAndGet(143)) - 805254cc-2da6-48d8-a2f9-c1a3ceceab4a: start FollowerState
2019-10-17 07:09:36,709 [696df33b-59a0-4145-913f-936aff0d1566@group-2C0FEEE55AE1-LeaderElection1139] INFO  impl.LeaderElection (LeaderElection.java:logAndReturn(56)) - 696df33b-59a0-4145-913f-936aff0d1566@group-2C0FEEE55AE1-LeaderElection1139: Election REJECTED; received 2 response(s) [696df33b-59a0-4145-913f-936aff0d1566<-f3ee4219-89bb-47f2-bbe0-5f784575b745#0:FAIL-t63, 696df33b-59a0-4145-913f-936aff0d1566<-805254cc-2da6-48d8-a2f9-c1a3ceceab4a#0:FAIL-t63] and 0 exception(s); 696df33b-59a0-4145-913f-936aff0d1566@group-2C0FEEE55AE1:t63, leader=null, voted=696df33b-59a0-4145-913f-936aff0d1566, raftlog=696df33b-59a0-4145-913f-936aff0d1566@group-2C0FEEE55AE1-SegmentedRaftLog:OPENED:c-1,f-1,i0, conf=-1: [f3ee4219-89bb-47f2-bbe0-5f784575b745:192.168.157.211:38722, 805254cc-2da6-48d8-a2f9-c1a3ceceab4a:192.168.157.211:35407, 696df33b-59a0-4145-913f-936aff0d1566:192.168.157.211:38803], old=null
2019-10-17 07:09:36,709 [696df33b-59a0-4145-913f-936aff0d1566@group-2C0FEEE55AE1-LeaderElection1139] INFO  impl.RaftServerImpl (RaftServerImpl.java:setRole(184)) - 696df33b-59a0-4145-913f-936aff0d1566@group-2C0FEEE55AE1: changes role from CANDIDATE to FOLLOWER at term 63 for DISCOVERED_A_NEW_TERM
2019-10-17 07:09:36,709 [696df33b-59a0-4145-913f-936aff0d1566@group-2C0FEEE55AE1-LeaderElection1139] INFO  impl.RoleInfo (RoleInfo.java:shutdownLeaderElection(134)) - 696df33b-59a0-4145-913f-936aff0d1566: shutdown LeaderElection
2019-10-17 07:09:36,709 [696df33b-59a0-4145-913f-936aff0d1566@group-2C0FEEE55AE1-LeaderElection1139] INFO  impl.RoleInfo (RoleInfo.java:updateAndGet(143)) - 696df33b-59a0-4145-913f-936aff0d1566: start FollowerState
2019-10-17 07:09:36,770 [Thread-10109] INFO  impl.FollowerState (FollowerState.java:run(108)) - 696df33b-59a0-4145-913f-936aff0d1566@group-2C0FEEE55AE1-FollowerState: change to CANDIDATE, lastRpcTime:60ms, electionTimeout:60ms
2019-10-17 07:09:36,770 [Thread-10109] INFO  impl.RoleInfo (RoleInfo.java:shutdownFollowerState(121)) - 696df33b-59a0-4145-913f-936aff0d1566: shutdown FollowerState
2019-10-17 07:09:36,770 [Thread-10109] INFO  impl.RaftServerImpl (RaftServerImpl.java:setRole(184)) - 696df33b-59a0-4145-913f-936aff0d1566@group-2C0FEEE55AE1: changes role from  FOLLOWER to CANDIDATE at term 63 for changeToCandidate
2019-10-17 07:09:36,770 [Thread-10109] INFO  impl.RoleInfo (RoleInfo.java:updateAndGet(143)) - 696df33b-59a0-4145-913f-936aff0d1566: start LeaderElection
2019-10-17 07:09:36,783 [696df33b-59a0-4145-913f-936aff0d1566@group-2C0FEEE55AE1-LeaderElection1140] INFO  impl.LeaderElection (LeaderElection.java:askForVotes(178)) - 696df33b-59a0-4145-913f-936aff0d1566@group-2C0FEEE55AE1-LeaderElection1140: begin an election at term 64 for -1: [f3ee4219-89bb-47f2-bbe0-5f784575b745:192.168.157.211:38722, 805254cc-2da6-48d8-a2f9-c1a3ceceab4a:192.168.157.211:35407, 696df33b-59a0-4145-913f-936aff0d1566:192.168.157.211:38803], old=null
2019-10-17 07:09:36,784 [grpc-default-executor-2] INFO  impl.RaftServerImpl (RaftServerImpl.java:setRole(184)) - f3ee4219-89bb-47f2-bbe0-5f784575b745@group-2C0FEEE55AE1: changes role from  FOLLOWER to FOLLOWER at term 64 for recognizeCandidate:696df33b-59a0-4145-913f-936aff0d1566
2019-10-17 07:09:36,784 [grpc-default-executor-5] INFO  impl.RaftServerImpl (RaftServerImpl.java:setRole(184)) - 805254cc-2da6-48d8-a2f9-c1a3ceceab4a@group-2C0FEEE55AE1: changes role from  FOLLOWER to FOLLOWER at term 64 for recognizeCandidate:696df33b-59a0-4145-913f-936aff0d1566
2019-10-17 07:09:36,784 [grpc-default-executor-2] INFO  impl.RoleInfo (RoleInfo.java:shutdownFollowerState(121)) - f3ee4219-89bb-47f2-bbe0-5f784575b745: shutdown FollowerState
2019-10-17 07:09:36,784 [grpc-default-executor-5] INFO  impl.RoleInfo (RoleInfo.java:shutdownFollowerState(121)) - 805254cc-2da6-48d8-a2f9-c1a3ceceab4a: shutdown FollowerState
2019-10-17 07:09:36,784 [Thread-10107] INFO  impl.FollowerState (FollowerState.java:run(117)) - f3ee4219-89bb-47f2-bbe0-5f784575b745@group-2C0FEEE55AE1-FollowerState was interrupted: java.lang.InterruptedException: sleep interrupted
2019-10-17 07:09:36,784 [grpc-default-executor-2] INFO  impl.RoleInfo (RoleInfo.java:updateAndGet(143)) - f3ee4219-89bb-47f2-bbe0-5f784575b745: start FollowerState
2019-10-17 07:09:36,784 [Thread-10108] INFO  impl.FollowerState (FollowerState.java:run(117)) - 805254cc-2da6-48d8-a2f9-c1a3ceceab4a@group-2C0FEEE55AE1-FollowerState was interrupted: java.lang.InterruptedException: sleep interrupted
2019-10-17 07:09:36,784 [grpc-default-executor-5] INFO  impl.RoleInfo (RoleInfo.java:updateAndGet(143)) - 805254cc-2da6-48d8-a2f9-c1a3ceceab4a: start FollowerState
2019-10-17 07:09:36,799 [696df33b-59a0-4145-913f-936aff0d1566@group-2C0FEEE55AE1-LeaderElection1140] INFO  impl.LeaderElection (LeaderElection.java:logAndReturn(56)) - 696df33b-59a0-4145-913f-936aff0d1566@group-2C0FEEE55AE1-LeaderElection1140: Election REJECTED; received 2 response(s) [696df33b-59a0-4145-913f-936aff0d1566<-f3ee4219-89bb-47f2-bbe0-5f784575b745#0:FAIL-t64, 696df33b-59a0-4145-913f-936aff0d1566<-805254cc-2da6-48d8-a2f9-c1a3ceceab4a#0:FAIL-t64] and 0 exception(s); 696df33b-59a0-4145-913f-936aff0d1566@group-2C0FEEE55AE1:t64, leader=null, voted=696df33b-59a0-4145-913f-936aff0d1566, raftlog=696df33b-59a0-4145-913f-936aff0d1566@group-2C0FEEE55AE1-SegmentedRaftLog:OPENED:c-1,f-1,i0, conf=-1: [f3ee4219-89bb-47f2-bbe0-5f784575b745:192.168.157.211:38722, 805254cc-2da6-48d8-a2f9-c1a3ceceab4a:192.168.157.211:35407, 696df33b-59a0-4145-913f-936aff0d1566:192.168.157.211:38803], old=null
2019-10-17 07:09:36,800 [696df33b-59a0-4145-913f-936aff0d1566@group-2C0FEEE55AE1-LeaderElection1140] INFO  impl.RaftServerImpl (RaftServerImpl.java:setRole(184)) - 696df33b-59a0-4145-913f-936aff0d1566@group-2C0FEEE55AE1: changes role from CANDIDATE to FOLLOWER at term 64 for DISCOVERED_A_NEW_TERM
2019-10-17 07:09:36,800 [696df33b-59a0-4145-913f-936aff0d1566@group-2C0FEEE55AE1-LeaderElection1140] INFO  impl.RoleInfo (RoleInfo.java:shutdownLeaderElection(134)) - 696df33b-59a0-4145-913f-936aff0d1566: shutdown LeaderElection
2019-10-17 07:09:36,800 [696df33b-59a0-4145-913f-936aff0d1566@group-2C0FEEE55AE1-LeaderElection1140] INFO  impl.RoleInfo (RoleInfo.java:updateAndGet(143)) - 696df33b-59a0-4145-913f-936aff0d1566: start FollowerState
2019-10-17 07:09:36,828 [Thread-10115] INFO  impl.FollowerState (FollowerState.java:run(108)) - 696df33b-59a0-4145-913f-936aff0d1566@group-2C0FEEE55AE1-FollowerState: change to CANDIDATE, lastRpcTime:28ms, electionTimeout:28ms
2019-10-17 07:09:36,828 [Thread-10115] INFO  impl.RoleInfo (RoleInfo.java:shutdownFollowerState(121)) - 696df33b-59a0-4145-913f-936aff0d1566: shutdown FollowerState
2019-10-17 07:09:36,828 [Thread-10115] INFO  impl.RaftServerImpl (RaftServerImpl.java:setRole(184)) - 696df33b-59a0-4145-913f-936aff0d1566@group-2C0FEEE55AE1: changes role from  FOLLOWER to CANDIDATE at term 64 for changeToCandidate
2019-10-17 07:09:36,828 [Thread-10115] INFO  impl.RoleInfo (RoleInfo.java:updateAndGet(143)) - 696df33b-59a0-4145-913f-936aff0d1566: start LeaderElection
2019-10-17 07:09:36,842 [696df33b-59a0-4145-913f-936aff0d1566@group-2C0FEEE55AE1-LeaderElection1141] INFO  impl.LeaderElection (LeaderElection.java:askForVotes(178)) - 696df33b-59a0-4145-913f-936aff0d1566@group-2C0FEEE55AE1-LeaderElection1141: begin an election at term 65 for -1: [f3ee4219-89bb-47f2-bbe0-5f784575b745:192.168.157.211:38722, 805254cc-2da6-48d8-a2f9-c1a3ceceab4a:192.168.157.211:35407, 696df33b-59a0-4145-913f-936aff0d1566:192.168.157.211:38803], old=null
2019-10-17 07:09:36,843 [grpc-default-executor-2] INFO  impl.RaftServerImpl (RaftServerImpl.java:setRole(184)) - f3ee4219-89bb-47f2-bbe0-5f784575b745@group-2C0FEEE55AE1: changes role from  FOLLOWER to FOLLOWER at term 65 for recognizeCandidate:696df33b-59a0-4145-913f-936aff0d1566
2019-10-17 07:09:36,843 [grpc-default-executor-2] INFO  impl.RoleInfo (RoleInfo.java:shutdownFollowerState(121)) - f3ee4219-89bb-47f2-bbe0-5f784575b745: shutdown FollowerState
2019-10-17 07:09:36,843 [grpc-default-executor-5] INFO  impl.RaftServerImpl (RaftServerImpl.java:setRole(184)) - 805254cc-2da6-48d8-a2f9-c1a3ceceab4a@group-2C0FEEE55AE1: changes role from  FOLLOWER to FOLLOWER at term 65 for recognizeCandidate:696df33b-59a0-4145-913f-936aff0d1566
2019-10-17 07:09:36,844 [Thread-10113] INFO  impl.FollowerState (FollowerState.java:run(117)) - f3ee4219-89bb-47f2-bbe0-5f784575b745@group-2C0FEEE55AE1-FollowerState was interrupted: java.lang.InterruptedException: sleep interrupted
2019-10-17 07:09:36,843 [grpc-default-executor-2] INFO  impl.RoleInfo (RoleInfo.java:updateAndGet(143)) - f3ee4219-89bb-47f2-bbe0-5f784575b745: start FollowerState
2019-10-17 07:09:36,844 [grpc-default-executor-5] INFO  impl.RoleInfo (RoleInfo.java:shutdownFollowerState(121)) - 805254cc-2da6-48d8-a2f9-c1a3ceceab4a: shutdown FollowerState
2019-10-17 07:09:36,844 [grpc-default-executor-5] INFO  impl.RoleInfo (RoleInfo.java:updateAndGet(143)) - 805254cc-2da6-48d8-a2f9-c1a3ceceab4a: start FollowerState
2019-10-17 07:09:36,844 [Thread-10114] INFO  impl.FollowerState (FollowerState.java:run(117)) - 805254cc-2da6-48d8-a2f9-c1a3ceceab4a@group-2C0FEEE55AE1-FollowerState was interrupted: java.lang.InterruptedException: sleep interrupted
2019-10-17 07:09:36,864 [696df33b-59a0-4145-913f-936aff0d1566@group-2C0FEEE55AE1-LeaderElection1141] INFO  impl.LeaderElection (LeaderElection.java:logAndReturn(56)) - 696df33b-59a0-4145-913f-936aff0d1566@group-2C0FEEE55AE1-LeaderElection1141: Election REJECTED; received 2 response(s) [696df33b-59a0-4145-913f-936aff0d1566<-f3ee4219-89bb-47f2-bbe0-5f784575b745#0:FAIL-t65, 696df33b-59a0-4145-913f-936aff0d1566<-805254cc-2da6-48d8-a2f9-c1a3ceceab4a#0:FAIL-t65] and 0 exception(s); 696df33b-59a0-4145-913f-936aff0d1566@group-2C0FEEE55AE1:t65, leader=null, voted=696df33b-59a0-4145-913f-936aff0d1566, raftlog=696df33b-59a0-4145-913f-936aff0d1566@group-2C0FEEE55AE1-SegmentedRaftLog:OPENED:c-1,f-1,i0, conf=-1: [f3ee4219-89bb-47f2-bbe0-5f784575b745:192.168.157.211:38722, 805254cc-2da6-48d8-a2f9-c1a3ceceab4a:192.168.157.211:35407, 696df33b-59a0-4145-913f-936aff0d1566:192.168.157.211:38803], old=null
2019-10-17 07:09:36,864 [696df33b-59a0-4145-913f-936aff0d1566@group-2C0FEEE55AE1-LeaderElection1141] INFO  impl.RaftServerImpl (RaftServerImpl.java:setRole(184)) - 696df33b-59a0-4145-913f-936aff0d1566@group-2C0FEEE55AE1: changes role from CANDIDATE to FOLLOWER at term 65 for DISCOVERED_A_NEW_TERM
2019-10-17 07:09:36,864 [696df33b-59a0-4145-913f-936aff0d1566@group-2C0FEEE55AE1-LeaderElection1141] INFO  impl.RoleInfo (RoleInfo.java:shutdownLeaderElection(134)) - 696df33b-59a0-4145-913f-936aff0d1566: shutdown LeaderElection
2019-10-17 07:09:36,864 [696df33b-59a0-4145-913f-936aff0d1566@group-2C0FEEE55AE1-LeaderElection1141] INFO  impl.RoleInfo (RoleInfo.java:updateAndGet(143)) - 696df33b-59a0-4145-913f-936aff0d1566: start FollowerState
2019-10-17 07:09:36,970 [Thread-10121] INFO  impl.FollowerState (FollowerState.java:run(108)) - 696df33b-59a0-4145-913f-936aff0d1566@group-2C0FEEE55AE1-FollowerState: change to CANDIDATE, lastRpcTime:106ms, electionTimeout:106ms
2019-10-17 07:09:36,970 [Thread-10121] INFO  impl.RoleInfo (RoleInfo.java:shutdownFollowerState(121)) - 696df33b-59a0-4145-913f-936aff0d1566: shutdown FollowerState
2019-10-17 07:09:36,971 [Thread-10121] INFO  impl.RaftServerImpl (RaftServerImpl.java:setRole(184)) - 696df33b-59a0-4145-913f-936aff0d1566@group-2C0FEEE55AE1: changes role from  FOLLOWER to CANDIDATE at term 65 for changeToCandidate
2019-10-17 07:09:36,971 [Thread-10121] INFO  impl.RoleInfo (RoleInfo.java:updateAndGet(143)) - 696df33b-59a0-4145-913f-936aff0d1566: start LeaderElection
2019-10-17 07:09:36,984 [696df33b-59a0-4145-913f-936aff0d1566@group-2C0FEEE55AE1-LeaderElection1142] INFO  impl.LeaderElection (LeaderElection.java:askForVotes(178)) - 696df33b-59a0-4145-913f-936aff0d1566@group-2C0FEEE55AE1-LeaderElection1142: begin an election at term 66 for -1: [f3ee4219-89bb-47f2-bbe0-5f784575b745:192.168.157.211:38722, 805254cc-2da6-48d8-a2f9-c1a3ceceab4a:192.168.157.211:35407, 696df33b-59a0-4145-913f-936aff0d1566:192.168.157.211:38803], old=null
2019-10-17 07:09:36,985 [grpc-default-executor-2] INFO  impl.RaftServerImpl (RaftServerImpl.java:setRole(184)) - 805254cc-2da6-48d8-a2f9-c1a3ceceab4a@group-2C0FEEE55AE1: changes role from  FOLLOWER to FOLLOWER at term 66 for recognizeCandidate:696df33b-59a0-4145-913f-936aff0d1566
2019-10-17 07:09:36,985 [grpc-default-executor-5] INFO  impl.RaftServerImpl (RaftServerImpl.java:setRole(184)) - f3ee4219-89bb-47f2-bbe0-5f784575b745@group-2C0FEEE55AE1: changes role from  FOLLOWER to FOLLOWER at term 66 for recognizeCandidate:696df33b-59a0-4145-913f-936aff0d1566
2019-10-17 07:09:36,985 [grpc-default-executor-5] INFO  impl.RoleInfo (RoleInfo.java:shutdownFollowerState(121)) - f3ee4219-89bb-47f2-bbe0-5f784575b745: shutdown FollowerState
2019-10-17 07:09:36,985 [grpc-default-executor-2] INFO  impl.RoleInfo (RoleInfo.java:shutdownFollowerState(121)) - 805254cc-2da6-48d8-a2f9-c1a3ceceab4a: shutdown FollowerState
2019-10-17 07:09:36,986 [Thread-10119] INFO  impl.FollowerState (FollowerState.java:run(117)) - f3ee4219-89bb-47f2-bbe0-5f784575b745@group-2C0FEEE55AE1-FollowerState was interrupted: java.lang.InterruptedException: sleep interrupted
2019-10-17 07:09:36,985 [grpc-default-executor-5] INFO  impl.RoleInfo (RoleInfo.java:updateAndGet(143)) - f3ee4219-89bb-47f2-bbe0-5f784575b745: start FollowerState
2019-10-17 07:09:36,986 [Thread-10120] INFO  impl.FollowerState (FollowerState.java:run(117)) - 805254cc-2da6-48d8-a2f9-c1a3ceceab4a@group-2C0FEEE55AE1-FollowerState was interrupted: java.lang.InterruptedException: sleep interrupted
2019-10-17 07:09:36,986 [grpc-default-executor-2] INFO  impl.RoleInfo (RoleInfo.java:updateAndGet(143)) - 805254cc-2da6-48d8-a2f9-c1a3ceceab4a: start FollowerState
2019-10-17 07:09:37,000 [696df33b-59a0-4145-913f-936aff0d1566@group-2C0FEEE55AE1-LeaderElection1142] INFO  impl.LeaderElection (LeaderElection.java:logAndReturn(56)) - 696df33b-59a0-4145-913f-936aff0d1566@group-2C0FEEE55AE1-LeaderElection1142: Election REJECTED; received 2 response(s) [696df33b-59a0-4145-913f-936aff0d1566<-f3ee4219-89bb-47f2-bbe0-5f784575b745#0:FAIL-t66, 696df33b-59a0-4145-913f-936aff0d1566<-805254cc-2da6-48d8-a2f9-c1a3ceceab4a#0:FAIL-t66] and 0 exception(s); 696df33b-59a0-4145-913f-936aff0d1566@group-2C0FEEE55AE1:t66, leader=null, voted=696df33b-59a0-4145-913f-936aff0d1566, raftlog=696df33b-59a0-4145-913f-936aff0d1566@group-2C0FEEE55AE1-SegmentedRaftLog:OPENED:c-1,f-1,i0, conf=-1: [f3ee4219-89bb-47f2-bbe0-5f784575b745:192.168.157.211:38722, 805254cc-2da6-48d8-a2f9-c1a3ceceab4a:192.168.157.211:35407, 696df33b-59a0-4145-913f-936aff0d1566:192.168.157.211:38803], old=null
2019-10-17 07:09:37,000 [696df33b-59a0-4145-913f-936aff0d1566@group-2C0FEEE55AE1-LeaderElection1142] INFO  impl.RaftServerImpl (RaftServerImpl.java:setRole(184)) - 696df33b-59a0-4145-913f-936aff0d1566@group-2C0FEEE55AE1: changes role from CANDIDATE to FOLLOWER at term 66 for DISCOVERED_A_NEW_TERM
2019-10-17 07:09:37,000 [696df33b-59a0-4145-913f-936aff0d1566@group-2C0FEEE55AE1-LeaderElection1142] INFO  impl.RoleInfo (RoleInfo.java:shutdownLeaderElection(134)) - 696df33b-59a0-4145-913f-936aff0d1566: shutdown LeaderElection
2019-10-17 07:09:37,000 [696df33b-59a0-4145-913f-936aff0d1566@group-2C0FEEE55AE1-LeaderElection1142] INFO  impl.RoleInfo (RoleInfo.java:updateAndGet(143)) - 696df33b-59a0-4145-913f-936aff0d1566: start FollowerState
2019-10-17 07:09:37,077 [Thread-10131] INFO  impl.FollowerState (FollowerState.java:run(108)) - 696df33b-59a0-4145-913f-936aff0d1566@group-2C0FEEE55AE1-FollowerState: change to CANDIDATE, lastRpcTime:76ms, electionTimeout:76ms
2019-10-17 07:09:37,077 [Thread-10131] INFO  impl.RoleInfo (RoleInfo.java:shutdownFollowerState(121)) - 696df33b-59a0-4145-913f-936aff0d1566: shutdown FollowerState
2019-10-17 07:09:37,077 [Thread-10131] INFO  impl.RaftServerImpl (RaftServerImpl.java:setRole(184)) - 696df33b-59a0-4145-913f-936aff0d1566@group-2C0FEEE55AE1: changes role from  FOLLOWER to CANDIDATE at term 66 for changeToCandidate
2019-10-17 07:09:37,077 [Thread-10131] INFO  impl.RoleInfo (RoleInfo.java:updateAndGet(143)) - 696df33b-59a0-4145-913f-936aff0d1566: start LeaderElection
2019-10-17 07:09:37,091 [696df33b-59a0-4145-913f-936aff0d1566@group-2C0FEEE55AE1-LeaderElection1143] INFO  impl.LeaderElection (LeaderElection.java:askForVotes(178)) - 696df33b-59a0-4145-913f-936aff0d1566@group-2C0FEEE55AE1-LeaderElection1143: begin an election at term 67 for -1: [f3ee4219-89bb-47f2-bbe0-5f784575b745:192.168.157.211:38722, 805254cc-2da6-48d8-a2f9-c1a3ceceab4a:192.168.157.211:35407, 696df33b-59a0-4145-913f-936aff0d1566:192.168.157.211:38803], old=null
2019-10-17 07:09:37,092 [grpc-default-executor-5] INFO  impl.RaftServerImpl (RaftServerImpl.java:setRole(184)) - f3ee4219-89bb-47f2-bbe0-5f784575b745@group-2C0FEEE55AE1: changes role from  FOLLOWER to FOLLOWER at term 67 for recognizeCandidate:696df33b-59a0-4145-913f-936aff0d1566
2019-10-17 07:09:37,092 [grpc-default-executor-2] INFO  impl.RaftServerImpl (RaftServerImpl.java:setRole(184)) - 805254cc-2da6-48d8-a2f9-c1a3ceceab4a@group-2C0FEEE55AE1: changes role from  FOLLOWER to FOLLOWER at term 67 for recognizeCandidate:696df33b-59a0-4145-913f-936aff0d1566
2019-10-17 07:09:37,093 [grpc-default-executor-2] INFO  impl.RoleInfo (RoleInfo.java:shutdownFollowerState(121)) - 805254cc-2da6-48d8-a2f9-c1a3ceceab4a: shutdown FollowerState
2019-10-17 07:09:37,093 [grpc-default-executor-5] INFO  impl.RoleInfo (RoleInfo.java:shutdownFollowerState(121)) - f3ee4219-89bb-47f2-bbe0-5f784575b745: shutdown FollowerState
2019-10-17 07:09:37,093 [Thread-10130] INFO  impl.FollowerState (FollowerState.java:run(117)) - 805254cc-2da6-48d8-a2f9-c1a3ceceab4a@group-2C0FEEE55AE1-FollowerState was interrupted: java.lang.InterruptedException: sleep interrupted
2019-10-17 07:09:37,093 [grpc-default-executor-2] INFO  impl.RoleInfo (RoleInfo.java:updateAndGet(143)) - 805254cc-2da6-48d8-a2f9-c1a3ceceab4a: start FollowerState
2019-10-17 07:09:37,093 [Thread-10129] INFO  impl.FollowerState (FollowerState.java:run(117)) - f3ee4219-89bb-47f2-bbe0-5f784575b745@group-2C0FEEE55AE1-FollowerState was interrupted: java.lang.InterruptedException: sleep interrupted
2019-10-17 07:09:37,093 [grpc-default-executor-5] INFO  impl.RoleInfo (RoleInfo.java:updateAndGet(143)) - f3ee4219-89bb-47f2-bbe0-5f784575b745: start FollowerState
2019-10-17 07:09:37,114 [696df33b-59a0-4145-913f-936aff0d1566@group-2C0FEEE55AE1-LeaderElection1143] INFO  impl.LeaderElection (LeaderElection.java:logAndReturn(56)) - 696df33b-59a0-4145-913f-936aff0d1566@group-2C0FEEE55AE1-LeaderElection1143: Election REJECTED; received 2 response(s) [696df33b-59a0-4145-913f-936aff0d1566<-f3ee4219-89bb-47f2-bbe0-5f784575b745#0:FAIL-t67, 696df33b-59a0-4145-913f-936aff0d1566<-805254cc-2da6-48d8-a2f9-c1a3ceceab4a#0:FAIL-t67] and 0 exception(s); 696df33b-59a0-4145-913f-936aff0d1566@group-2C0FEEE55AE1:t67, leader=null, voted=696df33b-59a0-4145-913f-936aff0d1566, raftlog=696df33b-59a0-4145-913f-936aff0d1566@group-2C0FEEE55AE1-SegmentedRaftLog:OPENED:c-1,f-1,i0, conf=-1: [f3ee4219-89bb-47f2-bbe0-5f784575b745:192.168.157.211:38722, 805254cc-2da6-48d8-a2f9-c1a3ceceab4a:192.168.157.211:35407, 696df33b-59a0-4145-913f-936aff0d1566:192.168.157.211:38803], old=null
2019-10-17 07:09:37,114 [696df33b-59a0-4145-913f-936aff0d1566@group-2C0FEEE55AE1-LeaderElection1143] INFO  impl.RaftServerImpl (RaftServerImpl.java:setRole(184)) - 696df33b-59a0-4145-913f-936aff0d1566@group-2C0FEEE55AE1: changes role from CANDIDATE to FOLLOWER at term 67 for DISCOVERED_A_NEW_TERM
2019-10-17 07:09:37,114 [696df33b-59a0-4145-913f-936aff0d1566@group-2C0FEEE55AE1-LeaderElection1143] INFO  impl.RoleInfo (RoleInfo.java:shutdownLeaderElection(134)) - 696df33b-59a0-4145-913f-936aff0d1566: shutdown LeaderElection
2019-10-17 07:09:37,114 [696df33b-59a0-4145-913f-936aff0d1566@group-2C0FEEE55AE1-LeaderElection1143] INFO  impl.RoleInfo (RoleInfo.java:updateAndGet(143)) - 696df33b-59a0-4145-913f-936aff0d1566: start FollowerState
2019-10-17 07:09:37,118 [Thread-10137] INFO  impl.FollowerState (FollowerState.java:run(108)) - 696df33b-59a0-4145-913f-936aff0d1566@group-2C0FEEE55AE1-FollowerState: change to CANDIDATE, lastRpcTime:4ms, electionTimeout:4ms
2019-10-17 07:09:37,118 [Thread-10137] INFO  impl.RoleInfo (RoleInfo.java:shutdownFollowerState(121)) - 696df33b-59a0-4145-913f-936aff0d1566: shutdown FollowerState
2019-10-17 07:09:37,118 [Thread-10137] INFO  impl.RaftServerImpl (RaftServerImpl.java:setRole(184)) - 696df33b-59a0-4145-913f-936aff0d1566@group-2C0FEEE55AE1: changes role from  FOLLOWER to CANDIDATE at term 67 for changeToCandidate
2019-10-17 07:09:37,118 [Thread-10137] INFO  impl.RoleInfo (RoleInfo.java:updateAndGet(143)) - 696df33b-59a0-4145-913f-936aff0d1566: start LeaderElection
2019-10-17 07:09:37,128 [696df33b-59a0-4145-913f-936aff0d1566@group-2C0FEEE55AE1-LeaderElection1144] INFO  impl.LeaderElection (LeaderElection.java:askForVotes(178)) - 696df33b-59a0-4145-913f-936aff0d1566@group-2C0FEEE55AE1-LeaderElection1144: begin an election at term 68 for -1: [f3ee4219-89bb-47f2-bbe0-5f784575b745:192.168.157.211:38722, 805254cc-2da6-48d8-a2f9-c1a3ceceab4a:192.168.157.211:35407, 696df33b-59a0-4145-913f-936aff0d1566:192.168.157.211:38803], old=null
2019-10-17 07:09:37,129 [grpc-default-executor-5] INFO  impl.RaftServerImpl (RaftServerImpl.java:setRole(184)) - f3ee4219-89bb-47f2-bbe0-5f784575b745@group-2C0FEEE55AE1: changes role from  FOLLOWER to FOLLOWER at term 68 for recognizeCandidate:696df33b-59a0-4145-913f-936aff0d1566
2019-10-17 07:09:37,132 [grpc-default-executor-2] INFO  impl.RaftServerImpl (RaftServerImpl.java:setRole(184)) - 805254cc-2da6-48d8-a2f9-c1a3ceceab4a@group-2C0FEEE55AE1: changes role from  FOLLOWER to FOLLOWER at term 68 for recognizeCandidate:696df33b-59a0-4145-913f-936aff0d1566
2019-10-17 07:09:37,132 [grpc-default-executor-2] INFO  impl.RoleInfo (RoleInfo.java:shutdownFollowerState(121)) - 805254cc-2da6-48d8-a2f9-c1a3ceceab4a: shutdown FollowerState
2019-10-17 07:09:37,132 [grpc-default-executor-5] INFO  impl.RoleInfo (RoleInfo.java:shutdownFollowerState(121)) - f3ee4219-89bb-47f2-bbe0-5f784575b745: shutdown FollowerState
2019-10-17 07:09:37,134 [Thread-10135] INFO  impl.FollowerState (FollowerState.java:run(117)) - 805254cc-2da6-48d8-a2f9-c1a3ceceab4a@group-2C0FEEE55AE1-FollowerState was interrupted: java.lang.InterruptedException: sleep interrupted
2019-10-17 07:09:37,134 [grpc-default-executor-2] INFO  impl.RoleInfo (RoleInfo.java:updateAndGet(143)) - 805254cc-2da6-48d8-a2f9-c1a3ceceab4a: start FollowerState
2019-10-17 07:09:37,134 [Thread-10136] INFO  impl.FollowerState (FollowerState.java:run(117)) - f3ee4219-89bb-47f2-bbe0-5f784575b745@group-2C0FEEE55AE1-FollowerState was interrupted: java.lang.InterruptedException: sleep interrupted
2019-10-17 07:09:37,134 [grpc-default-executor-5] INFO  impl.RoleInfo (RoleInfo.java:updateAndGet(143)) - f3ee4219-89bb-47f2-bbe0-5f784575b745: start FollowerState
2019-10-17 07:09:37,154 [696df33b-59a0-4145-913f-936aff0d1566@group-2C0FEEE55AE1-LeaderElection1144] INFO  impl.LeaderElection (LeaderElection.java:logAndReturn(56)) - 696df33b-59a0-4145-913f-936aff0d1566@group-2C0FEEE55AE1-LeaderElection1144: Election REJECTED; received 2 response(s) [696df33b-59a0-4145-913f-936aff0d1566<-f3ee4219-89bb-47f2-bbe0-5f784575b745#0:FAIL-t68, 696df33b-59a0-4145-913f-936aff0d1566<-805254cc-2da6-48d8-a2f9-c1a3ceceab4a#0:FAIL-t68] and 0 exception(s); 696df33b-59a0-4145-913f-936aff0d1566@group-2C0FEEE55AE1:t68, leader=null, voted=696df33b-59a0-4145-913f-936aff0d1566, raftlog=696df33b-59a0-4145-913f-936aff0d1566@group-2C0FEEE55AE1-SegmentedRaftLog:OPENED:c-1,f-1,i0, conf=-1: [f3ee4219-89bb-47f2-bbe0-5f784575b745:192.168.157.211:38722, 805254cc-2da6-48d8-a2f9-c1a3ceceab4a:192.168.157.211:35407, 696df33b-59a0-4145-913f-936aff0d1566:192.168.157.211:38803], old=null
2019-10-17 07:09:37,154 [696df33b-59a0-4145-913f-936aff0d1566@group-2C0FEEE55AE1-LeaderElection1144] INFO  impl.RaftServerImpl (RaftServerImpl.java:setRole(184)) - 696df33b-59a0-4145-913f-936aff0d1566@group-2C0FEEE55AE1: changes role from CANDIDATE to FOLLOWER at term 68 for DISCOVERED_A_NEW_TERM
2019-10-17 07:09:37,154 [696df33b-59a0-4145-913f-936aff0d1566@group-2C0FEEE55AE1-LeaderElection1144] INFO  impl.RoleInfo (RoleInfo.java:shutdownLeaderElection(134)) - 696df33b-59a0-4145-913f-936aff0d1566: shutdown LeaderElection
2019-10-17 07:09:37,154 [696df33b-59a0-4145-913f-936aff0d1566@group-2C0FEEE55AE1-LeaderElection1144] INFO  impl.RoleInfo (RoleInfo.java:updateAndGet(143)) - 696df33b-59a0-4145-913f-936aff0d1566: start FollowerState
2019-10-17 07:09:37,210 [Thread-10145] INFO  impl.FollowerState (FollowerState.java:run(108)) - 696df33b-59a0-4145-913f-936aff0d1566@group-2C0FEEE55AE1-FollowerState: change to CANDIDATE, lastRpcTime:56ms, electionTimeout:56ms
2019-10-17 07:09:37,211 [Thread-10145] INFO  impl.RoleInfo (RoleInfo.java:shutdownFollowerState(121)) - 696df33b-59a0-4145-913f-936aff0d1566: shutdown FollowerState
2019-10-17 07:09:37,211 [Thread-10145] INFO  impl.RaftServerImpl (RaftServerImpl.java:setRole(184)) - 696df33b-59a0-4145-913f-936aff0d1566@group-2C0FEEE55AE1: changes role from  FOLLOWER to CANDIDATE at term 68 for changeToCandidate
2019-10-17 07:09:37,211 [Thread-10145] INFO  impl.RoleInfo (RoleInfo.java:updateAndGet(143)) - 696df33b-59a0-4145-913f-936aff0d1566: start LeaderElection
2019-10-17 07:09:37,224 [696df33b-59a0-4145-913f-936aff0d1566@group-2C0FEEE55AE1-LeaderElection1145] INFO  impl.LeaderElection (LeaderElection.java:askForVotes(178)) - 696df33b-59a0-4145-913f-936aff0d1566@group-2C0FEEE55AE1-LeaderElection1145: begin an election at term 69 for -1: [f3ee4219-89bb-47f2-bbe0-5f784575b745:192.168.157.211:38722, 805254cc-2da6-48d8-a2f9-c1a3ceceab4a:192.168.157.211:35407, 696df33b-59a0-4145-913f-936aff0d1566:192.168.157.211:38803], old=null
2019-10-17 07:09:37,225 [grpc-default-executor-2] INFO  impl.RaftServerImpl (RaftServerImpl.java:setRole(184)) - 805254cc-2da6-48d8-a2f9-c1a3ceceab4a@group-2C0FEEE55AE1: changes role from  FOLLOWER to FOLLOWER at term 69 for recognizeCandidate:696df33b-59a0-4145-913f-936aff0d1566
2019-10-17 07:09:37,225 [grpc-default-executor-2] INFO  impl.RoleInfo (RoleInfo.java:shutdownFollowerState(121)) - 805254cc-2da6-48d8-a2f9-c1a3ceceab4a: shutdown FollowerState
2019-10-17 07:09:37,225 [grpc-default-executor-2] INFO  impl.RoleInfo (RoleInfo.java:updateAndGet(143)) - 805254cc-2da6-48d8-a2f9-c1a3ceceab4a: start FollowerState
2019-10-17 07:09:37,225 [Thread-10143] INFO  impl.FollowerState (FollowerState.java:run(117)) - 805254cc-2da6-48d8-a2f9-c1a3ceceab4a@group-2C0FEEE55AE1-FollowerState was interrupted: java.lang.InterruptedException: sleep interrupted
2019-10-17 07:09:37,225 [grpc-default-executor-5] INFO  impl.RaftServerImpl (RaftServerImpl.java:setRole(184)) - f3ee4219-89bb-47f2-bbe0-5f784575b745@group-2C0FEEE55AE1: changes role from  FOLLOWER to FOLLOWER at term 69 for recognizeCandidate:696df33b-59a0-4145-913f-936aff0d1566
2019-10-17 07:09:37,225 [grpc-default-executor-5] INFO  impl.RoleInfo (RoleInfo.java:shutdownFollowerState(121)) - f3ee4219-89bb-47f2-bbe0-5f784575b745: shutdown FollowerState
2019-10-17 07:09:37,225 [grpc-default-executor-5] INFO  impl.RoleInfo (RoleInfo.java:updateAndGet(143)) - f3ee4219-89bb-47f2-bbe0-5f784575b745: start FollowerState
2019-10-17 07:09:37,225 [Thread-10144] INFO  impl.FollowerState (FollowerState.java:run(117)) - f3ee4219-89bb-47f2-bbe0-5f784575b745@group-2C0FEEE55AE1-FollowerState was interrupted: java.lang.InterruptedException: sleep interrupted
2019-10-17 07:09:37,240 [696df33b-59a0-4145-913f-936aff0d1566@group-2C0FEEE55AE1-LeaderElection1145] INFO  impl.LeaderElection (LeaderElection.java:logAndReturn(56)) - 696df33b-59a0-4145-913f-936aff0d1566@group-2C0FEEE55AE1-LeaderElection1145: Election REJECTED; received 2 response(s) [696df33b-59a0-4145-913f-936aff0d1566<-f3ee4219-89bb-47f2-bbe0-5f784575b745#0:FAIL-t69, 696df33b-59a0-4145-913f-936aff0d1566<-805254cc-2da6-48d8-a2f9-c1a3ceceab4a#0:FAIL-t69] and 0 exception(s); 696df33b-59a0-4145-913f-936aff0d1566@group-2C0FEEE55AE1:t69, leader=null, voted=696df33b-59a0-4145-913f-936aff0d1566, raftlog=696df33b-59a0-4145-913f-936aff0d1566@group-2C0FEEE55AE1-SegmentedRaftLog:OPENED:c-1,f-1,i0, conf=-1: [f3ee4219-89bb-47f2-bbe0-5f784575b745:192.168.157.211:38722, 805254cc-2da6-48d8-a2f9-c1a3ceceab4a:192.168.157.211:35407, 696df33b-59a0-4145-913f-936aff0d1566:192.168.157.211:38803], old=null
2019-10-17 07:09:37,240 [696df33b-59a0-4145-913f-936aff0d1566@group-2C0FEEE55AE1-LeaderElection1145] INFO  impl.RaftServerImpl (RaftServerImpl.java:setRole(184)) - 696df33b-59a0-4145-913f-936aff0d1566@group-2C0FEEE55AE1: changes role from CANDIDATE to FOLLOWER at term 69 for DISCOVERED_A_NEW_TERM
2019-10-17 07:09:37,240 [696df33b-59a0-4145-913f-936aff0d1566@group-2C0FEEE55AE1-LeaderElection1145] INFO  impl.RoleInfo (RoleInfo.java:shutdownLeaderElection(134)) - 696df33b-59a0-4145-913f-936aff0d1566: shutdown LeaderElection
2019-10-17 07:09:37,240 [696df33b-59a0-4145-913f-936aff0d1566@group-2C0FEEE55AE1-LeaderElection1145] INFO  impl.RoleInfo (RoleInfo.java:updateAndGet(143)) - 696df33b-59a0-4145-913f-936aff0d1566: start FollowerState
2019-10-17 07:09:37,258 [Thread-10151] INFO  impl.FollowerState (FollowerState.java:run(108)) - 696df33b-59a0-4145-913f-936aff0d1566@group-2C0FEEE55AE1-FollowerState: change to CANDIDATE, lastRpcTime:18ms, electionTimeout:18ms
2019-10-17 07:09:37,258 [Thread-10151] INFO  impl.RoleInfo (RoleInfo.java:shutdownFollowerState(121)) - 696df33b-59a0-4145-913f-936aff0d1566: shutdown FollowerState
2019-10-17 07:09:37,259 [Thread-10151] INFO  impl.RaftServerImpl (RaftServerImpl.java:setRole(184)) - 696df33b-59a0-4145-913f-936aff0d1566@group-2C0FEEE55AE1: changes role from  FOLLOWER to CANDIDATE at term 69 for changeToCandidate
2019-10-17 07:09:37,259 [Thread-10151] INFO  impl.RoleInfo (RoleInfo.java:updateAndGet(143)) - 696df33b-59a0-4145-913f-936aff0d1566: start LeaderElection
2019-10-17 07:09:37,271 [696df33b-59a0-4145-913f-936aff0d1566@group-2C0FEEE55AE1-LeaderElection1146] INFO  impl.LeaderElection (LeaderElection.java:askForVotes(178)) - 696df33b-59a0-4145-913f-936aff0d1566@group-2C0FEEE55AE1-LeaderElection1146: begin an election at term 70 for -1: [f3ee4219-89bb-47f2-bbe0-5f784575b745:192.168.157.211:38722, 805254cc-2da6-48d8-a2f9-c1a3ceceab4a:192.168.157.211:35407, 696df33b-59a0-4145-913f-936aff0d1566:192.168.157.211:38803], old=null
2019-10-17 07:09:37,272 [grpc-default-executor-2] INFO  impl.RaftServerImpl (RaftServerImpl.java:setRole(184)) - f3ee4219-89bb-47f2-bbe0-5f784575b745@group-2C0FEEE55AE1: changes role from  FOLLOWER to FOLLOWER at term 70 for recognizeCandidate:696df33b-59a0-4145-913f-936aff0d1566
2019-10-17 07:09:37,272 [grpc-default-executor-2] INFO  impl.RoleInfo (RoleInfo.java:shutdownFollowerState(121)) - f3ee4219-89bb-47f2-bbe0-5f784575b745: shutdown FollowerState
2019-10-17 07:09:37,272 [grpc-default-executor-2] INFO  impl.RoleInfo (RoleInfo.java:updateAndGet(143)) - f3ee4219-89bb-47f2-bbe0-5f784575b745: start FollowerState
2019-10-17 07:09:37,272 [Thread-10150] INFO  impl.FollowerState (FollowerState.java:run(117)) - f3ee4219-89bb-47f2-bbe0-5f784575b745@group-2C0FEEE55AE1-FollowerState was interrupted: java.lang.InterruptedException: sleep interrupted
2019-10-17 07:09:37,272 [grpc-default-executor-5] INFO  impl.RaftServerImpl (RaftServerImpl.java:setRole(184)) - 805254cc-2da6-48d8-a2f9-c1a3ceceab4a@group-2C0FEEE55AE1: changes role from  FOLLOWER to FOLLOWER at term 70 for recognizeCandidate:696df33b-59a0-4145-913f-936aff0d1566
2019-10-17 07:09:37,273 [grpc-default-executor-5] INFO  impl.RoleInfo (RoleInfo.java:shutdownFollowerState(121)) - 805254cc-2da6-48d8-a2f9-c1a3ceceab4a: shutdown FollowerState
2019-10-17 07:09:37,273 [grpc-default-executor-5] INFO  impl.RoleInfo (RoleInfo.java:updateAndGet(143)) - 805254cc-2da6-48d8-a2f9-c1a3ceceab4a: start FollowerState
2019-10-17 07:09:37,273 [Thread-10149] INFO  impl.FollowerState (FollowerState.java:run(117)) - 805254cc-2da6-48d8-a2f9-c1a3ceceab4a@group-2C0FEEE55AE1-FollowerState was interrupted: java.lang.InterruptedException: sleep interrupted
2019-10-17 07:09:37,286 [696df33b-59a0-4145-913f-936aff0d1566@group-2C0FEEE55AE1-LeaderElection1146] INFO  impl.LeaderElection (LeaderElection.java:logAndReturn(56)) - 696df33b-59a0-4145-913f-936aff0d1566@group-2C0FEEE55AE1-LeaderElection1146: Election REJECTED; received 2 response(s) [696df33b-59a0-4145-913f-936aff0d1566<-f3ee4219-89bb-47f2-bbe0-5f784575b745#0:FAIL-t70, 696df33b-59a0-4145-913f-936aff0d1566<-805254cc-2da6-48d8-a2f9-c1a3ceceab4a#0:FAIL-t70] and 0 exception(s); 696df33b-59a0-4145-913f-936aff0d1566@group-2C0FEEE55AE1:t70, leader=null, voted=696df33b-59a0-4145-913f-936aff0d1566, raftlog=696df33b-59a0-4145-913f-936aff0d1566@group-2C0FEEE55AE1-SegmentedRaftLog:OPENED:c-1,f-1,i0, conf=-1: [f3ee4219-89bb-47f2-bbe0-5f784575b745:192.168.157.211:38722, 805254cc-2da6-48d8-a2f9-c1a3ceceab4a:192.168.157.211:35407, 696df33b-59a0-4145-913f-936aff0d1566:192.168.157.211:38803], old=null
2019-10-17 07:09:37,286 [696df33b-59a0-4145-913f-936aff0d1566@group-2C0FEEE55AE1-LeaderElection1146] INFO  impl.RaftServerImpl (RaftServerImpl.java:setRole(184)) - 696df33b-59a0-4145-913f-936aff0d1566@group-2C0FEEE55AE1: changes role from CANDIDATE to FOLLOWER at term 70 for DISCOVERED_A_NEW_TERM
2019-10-17 07:09:37,286 [696df33b-59a0-4145-913f-936aff0d1566@group-2C0FEEE55AE1-LeaderElection1146] INFO  impl.RoleInfo (RoleInfo.java:shutdownLeaderElection(134)) - 696df33b-59a0-4145-913f-936aff0d1566: shutdown LeaderElection
2019-10-17 07:09:37,286 [696df33b-59a0-4145-913f-936aff0d1566@group-2C0FEEE55AE1-LeaderElection1146] INFO  impl.RoleInfo (RoleInfo.java:updateAndGet(143)) - 696df33b-59a0-4145-913f-936aff0d1566: start FollowerState
2019-10-17 07:09:37,353 [Thread-10157] INFO  impl.FollowerState (FollowerState.java:run(108)) - 696df33b-59a0-4145-913f-936aff0d1566@group-2C0FEEE55AE1-FollowerState: change to CANDIDATE, lastRpcTime:67ms, electionTimeout:67ms
2019-10-17 07:09:37,353 [Thread-10157] INFO  impl.RoleInfo (RoleInfo.java:shutdownFollowerState(121)) - 696df33b-59a0-4145-913f-936aff0d1566: shutdown FollowerState
2019-10-17 07:09:37,353 [Thread-10157] INFO  impl.RaftServerImpl (RaftServerImpl.java:setRole(184)) - 696df33b-59a0-4145-913f-936aff0d1566@group-2C0FEEE55AE1: changes role from  FOLLOWER to CANDIDATE at term 70 for changeToCandidate
2019-10-17 07:09:37,353 [Thread-10157] INFO  impl.RoleInfo (RoleInfo.java:updateAndGet(143)) - 696df33b-59a0-4145-913f-936aff0d1566: start LeaderElection
2019-10-17 07:09:37,367 [696df33b-59a0-4145-913f-936aff0d1566@group-2C0FEEE55AE1-LeaderElection1147] INFO  impl.LeaderElection (LeaderElection.java:askForVotes(178)) - 696df33b-59a0-4145-913f-936aff0d1566@group-2C0FEEE55AE1-LeaderElection1147: begin an election at term 71 for -1: [f3ee4219-89bb-47f2-bbe0-5f784575b745:192.168.157.211:38722, 805254cc-2da6-48d8-a2f9-c1a3ceceab4a:192.168.157.211:35407, 696df33b-59a0-4145-913f-936aff0d1566:192.168.157.211:38803], old=null
2019-10-17 07:09:37,368 [grpc-default-executor-5] INFO  impl.RaftServerImpl (RaftServerImpl.java:setRole(184)) - f3ee4219-89bb-47f2-bbe0-5f784575b745@group-2C0FEEE55AE1: changes role from  FOLLOWER to FOLLOWER at term 71 for recognizeCandidate:696df33b-59a0-4145-913f-936aff0d1566
2019-10-17 07:09:37,368 [grpc-default-executor-5] INFO  impl.RoleInfo (RoleInfo.java:shutdownFollowerState(121)) - f3ee4219-89bb-47f2-bbe0-5f784575b745: shutdown FollowerState
2019-10-17 07:09:37,368 [grpc-default-executor-5] INFO  impl.RoleInfo (RoleInfo.java:updateAndGet(143)) - f3ee4219-89bb-47f2-bbe0-5f784575b745: start FollowerState
2019-10-17 07:09:37,368 [Thread-10155] INFO  impl.FollowerState (FollowerState.java:run(117)) - f3ee4219-89bb-47f2-bbe0-5f784575b745@group-2C0FEEE55AE1-FollowerState was interrupted: java.lang.InterruptedException: sleep interrupted
2019-10-17 07:09:37,368 [grpc-default-executor-2] INFO  impl.RaftServerImpl (RaftServerImpl.java:setRole(184)) - 805254cc-2da6-48d8-a2f9-c1a3ceceab4a@group-2C0FEEE55AE1: changes role from  FOLLOWER to FOLLOWER at term 71 for recognizeCandidate:696df33b-59a0-4145-913f-936aff0d1566
2019-10-17 07:09:37,368 [grpc-default-executor-2] INFO  impl.RoleInfo (RoleInfo.java:shutdownFollowerState(121)) - 805254cc-2da6-48d8-a2f9-c1a3ceceab4a: shutdown FollowerState
2019-10-17 07:09:37,369 [grpc-default-executor-2] INFO  impl.RoleInfo (RoleInfo.java:updateAndGet(143)) - 805254cc-2da6-48d8-a2f9-c1a3ceceab4a: start FollowerState
2019-10-17 07:09:37,369 [Thread-10156] INFO  impl.FollowerState (FollowerState.java:run(117)) - 805254cc-2da6-48d8-a2f9-c1a3ceceab4a@group-2C0FEEE55AE1-FollowerState was interrupted: java.lang.InterruptedException: sleep interrupted
2019-10-17 07:09:37,388 [696df33b-59a0-4145-913f-936aff0d1566@group-2C0FEEE55AE1-LeaderElection1147] INFO  impl.LeaderElection (LeaderElection.java:logAndReturn(56)) - 696df33b-59a0-4145-913f-936aff0d1566@group-2C0FEEE55AE1-LeaderElection1147: Election REJECTED; received 2 response(s) [696df33b-59a0-4145-913f-936aff0d1566<-f3ee4219-89bb-47f2-bbe0-5f784575b745#0:FAIL-t71, 696df33b-59a0-4145-913f-936aff0d1566<-805254cc-2da6-48d8-a2f9-c1a3ceceab4a#0:FAIL-t71] and 0 exception(s); 696df33b-59a0-4145-913f-936aff0d1566@group-2C0FEEE55AE1:t71, leader=null, voted=696df33b-59a0-4145-913f-936aff0d1566, raftlog=696df33b-59a0-4145-913f-936aff0d1566@group-2C0FEEE55AE1-SegmentedRaftLog:OPENED:c-1,f-1,i0, conf=-1: [f3ee4219-89bb-47f2-bbe0-5f784575b745:192.168.157.211:38722, 805254cc-2da6-48d8-a2f9-c1a3ceceab4a:192.168.157.211:35407, 696df33b-59a0-4145-913f-936aff0d1566:192.168.157.211:38803], old=null
2019-10-17 07:09:37,388 [696df33b-59a0-4145-913f-936aff0d1566@group-2C0FEEE55AE1-LeaderElection1147] INFO  impl.RaftServerImpl (RaftServerImpl.java:setRole(184)) - 696df33b-59a0-4145-913f-936aff0d1566@group-2C0FEEE55AE1: changes role from CANDIDATE to FOLLOWER at term 71 for DISCOVERED_A_NEW_TERM
2019-10-17 07:09:37,388 [696df33b-59a0-4145-913f-936aff0d1566@group-2C0FEEE55AE1-LeaderElection1147] INFO  impl.RoleInfo (RoleInfo.java:shutdownLeaderElection(134)) - 696df33b-59a0-4145-913f-936aff0d1566: shutdown LeaderElection
2019-10-17 07:09:37,389 [696df33b-59a0-4145-913f-936aff0d1566@group-2C0FEEE55AE1-LeaderElection1147] INFO  impl.RoleInfo (RoleInfo.java:updateAndGet(143)) - 696df33b-59a0-4145-913f-936aff0d1566: start FollowerState
2019-10-17 07:09:37,522 [Thread-10163] INFO  impl.FollowerState (FollowerState.java:run(108)) - 696df33b-59a0-4145-913f-936aff0d1566@group-2C0FEEE55AE1-FollowerState: change to CANDIDATE, lastRpcTime:133ms, electionTimeout:133ms
2019-10-17 07:09:37,522 [Thread-10163] INFO  impl.RoleInfo (RoleInfo.java:shutdownFollowerState(121)) - 696df33b-59a0-4145-913f-936aff0d1566: shutdown FollowerState
2019-10-17 07:09:37,522 [Thread-10163] INFO  impl.RaftServerImpl (RaftServerImpl.java:setRole(184)) - 696df33b-59a0-4145-913f-936aff0d1566@group-2C0FEEE55AE1: changes role from  FOLLOWER to CANDIDATE at term 71 for changeToCandidate
2019-10-17 07:09:37,522 [Thread-10163] INFO  impl.RoleInfo (RoleInfo.java:updateAndGet(143)) - 696df33b-59a0-4145-913f-936aff0d1566: start LeaderElection
2019-10-17 07:09:37,535 [696df33b-59a0-4145-913f-936aff0d1566@group-2C0FEEE55AE1-LeaderElection1148] INFO  impl.LeaderElection (LeaderElection.java:askForVotes(178)) - 696df33b-59a0-4145-913f-936aff0d1566@group-2C0FEEE55AE1-LeaderElection1148: begin an election at term 72 for -1: [f3ee4219-89bb-47f2-bbe0-5f784575b745:192.168.157.211:38722, 805254cc-2da6-48d8-a2f9-c1a3ceceab4a:192.168.157.211:35407, 696df33b-59a0-4145-913f-936aff0d1566:192.168.157.211:38803], old=null
2019-10-17 07:09:37,536 [grpc-default-executor-5] INFO  impl.RaftServerImpl (RaftServerImpl.java:setRole(184)) - f3ee4219-89bb-47f2-bbe0-5f784575b745@group-2C0FEEE55AE1: changes role from  FOLLOWER to FOLLOWER at term 72 for recognizeCandidate:696df33b-59a0-4145-913f-936aff0d1566
2019-10-17 07:09:37,537 [grpc-default-executor-5] INFO  impl.RoleInfo (RoleInfo.java:shutdownFollowerState(121)) - f3ee4219-89bb-47f2-bbe0-5f784575b745: shutdown FollowerState
2019-10-17 07:09:37,537 [grpc-default-executor-2] INFO  impl.RaftServerImpl (RaftServerImpl.java:setRole(184)) - 805254cc-2da6-48d8-a2f9-c1a3ceceab4a@group-2C0FEEE55AE1: changes role from  FOLLOWER to FOLLOWER at term 72 for recognizeCandidate:696df33b-59a0-4145-913f-936aff0d1566
2019-10-17 07:09:37,537 [grpc-default-executor-2] INFO  impl.RoleInfo (RoleInfo.java:shutdownFollowerState(121)) - 805254cc-2da6-48d8-a2f9-c1a3ceceab4a: shutdown FollowerState
2019-10-17 07:09:37,537 [Thread-10161] INFO  impl.FollowerState (FollowerState.java:run(117)) - f3ee4219-89bb-47f2-bbe0-5f784575b745@group-2C0FEEE55AE1-FollowerState was interrupted: java.lang.InterruptedException: sleep interrupted
2019-10-17 07:09:37,537 [Thread-10162] INFO  impl.FollowerState (FollowerState.java:run(117)) - 805254cc-2da6-48d8-a2f9-c1a3ceceab4a@group-2C0FEEE55AE1-FollowerState was interrupted: java.lang.InterruptedException: sleep interrupted
2019-10-17 07:09:37,537 [grpc-default-executor-5] INFO  impl.RoleInfo (RoleInfo.java:updateAndGet(143)) - f3ee4219-89bb-47f2-bbe0-5f784575b745: start FollowerState
2019-10-17 07:09:37,537 [grpc-default-executor-2] INFO  impl.RoleInfo (RoleInfo.java:updateAndGet(143)) - 805254cc-2da6-48d8-a2f9-c1a3ceceab4a: start FollowerState
2019-10-17 07:09:37,563 [696df33b-59a0-4145-913f-936aff0d1566@group-2C0FEEE55AE1-LeaderElection1148] INFO  impl.LeaderElection (LeaderElection.java:logAndReturn(56)) - 696df33b-59a0-4145-913f-936aff0d1566@group-2C0FEEE55AE1-LeaderElection1148: Election REJECTED; received 2 response(s) [696df33b-59a0-4145-913f-936aff0d1566<-f3ee4219-89bb-47f2-bbe0-5f784575b745#0:FAIL-t72, 696df33b-59a0-4145-913f-936aff0d1566<-805254cc-2da6-48d8-a2f9-c1a3ceceab4a#0:FAIL-t72] and 0 exception(s); 696df33b-59a0-4145-913f-936aff0d1566@group-2C0FEEE55AE1:t72, leader=null, voted=696df33b-59a0-4145-913f-936aff0d1566, raftlog=696df33b-59a0-4145-913f-936aff0d1566@group-2C0FEEE55AE1-SegmentedRaftLog:OPENED:c-1,f-1,i0, conf=-1: [f3ee4219-89bb-47f2-bbe0-5f784575b745:192.168.157.211:38722, 805254cc-2da6-48d8-a2f9-c1a3ceceab4a:192.168.157.211:35407, 696df33b-59a0-4145-913f-936aff0d1566:192.168.157.211:38803], old=null
2019-10-17 07:09:37,563 [696df33b-59a0-4145-913f-936aff0d1566@group-2C0FEEE55AE1-LeaderElection1148] INFO  impl.RaftServerImpl (RaftServerImpl.java:setRole(184)) - 696df33b-59a0-4145-913f-936aff0d1566@group-2C0FEEE55AE1: changes role from CANDIDATE to FOLLOWER at term 72 for DISCOVERED_A_NEW_TERM
2019-10-17 07:09:37,563 [696df33b-59a0-4145-913f-936aff0d1566@group-2C0FEEE55AE1-LeaderElection1148] INFO  impl.RoleInfo (RoleInfo.java:shutdownLeaderElection(134)) - 696df33b-59a0-4145-913f-936aff0d1566: shutdown LeaderElection
2019-10-17 07:09:37,563 [696df33b-59a0-4145-913f-936aff0d1566@group-2C0FEEE55AE1-LeaderElection1148] INFO  impl.RoleInfo (RoleInfo.java:updateAndGet(143)) - 696df33b-59a0-4145-913f-936aff0d1566: start FollowerState
2019-10-17 07:09:37,736 [Thread-10173] INFO  impl.FollowerState (FollowerState.java:run(108)) - 696df33b-59a0-4145-913f-936aff0d1566@group-2C0FEEE55AE1-FollowerState: change to CANDIDATE, lastRpcTime:172ms, electionTimeout:172ms
2019-10-17 07:09:37,736 [Thread-10173] INFO  impl.RoleInfo (RoleInfo.java:shutdownFollowerState(121)) - 696df33b-59a0-4145-913f-936aff0d1566: shutdown FollowerState
2019-10-17 07:09:37,736 [Thread-10173] INFO  impl.RaftServerImpl (RaftServerImpl.java:setRole(184)) - 696df33b-59a0-4145-913f-936aff0d1566@group-2C0FEEE55AE1: changes role from  FOLLOWER to CANDIDATE at term 72 for changeToCandidate
2019-10-17 07:09:37,736 [Thread-10173] INFO  impl.RoleInfo (RoleInfo.java:updateAndGet(143)) - 696df33b-59a0-4145-913f-936aff0d1566: start LeaderElection
2019-10-17 07:09:37,751 [696df33b-59a0-4145-913f-936aff0d1566@group-2C0FEEE55AE1-LeaderElection1149] INFO  impl.LeaderElection (LeaderElection.java:askForVotes(178)) - 696df33b-59a0-4145-913f-936aff0d1566@group-2C0FEEE55AE1-LeaderElection1149: begin an election at term 73 for -1: [f3ee4219-89bb-47f2-bbe0-5f784575b745:192.168.157.211:38722, 805254cc-2da6-48d8-a2f9-c1a3ceceab4a:192.168.157.211:35407, 696df33b-59a0-4145-913f-936aff0d1566:192.168.157.211:38803], old=null
2019-10-17 07:09:37,753 [grpc-default-executor-2] INFO  impl.RaftServerImpl (RaftServerImpl.java:setRole(184)) - 805254cc-2da6-48d8-a2f9-c1a3ceceab4a@group-2C0FEEE55AE1: changes role from  FOLLOWER to FOLLOWER at term 73 for recognizeCandidate:696df33b-59a0-4145-913f-936aff0d1566
2019-10-17 07:09:37,753 [grpc-default-executor-2] INFO  impl.RoleInfo (RoleInfo.java:shutdownFollowerState(121)) - 805254cc-2da6-48d8-a2f9-c1a3ceceab4a: shutdown FollowerState
2019-10-17 07:09:37,753 [grpc-default-executor-2] INFO  impl.RoleInfo (RoleInfo.java:updateAndGet(143)) - 805254cc-2da6-48d8-a2f9-c1a3ceceab4a: start FollowerState
2019-10-17 07:09:37,754 [Thread-10172] INFO  impl.FollowerState (FollowerState.java:run(117)) - 805254cc-2da6-48d8-a2f9-c1a3ceceab4a@group-2C0FEEE55AE1-FollowerState was interrupted: java.lang.InterruptedException: sleep interrupted
2019-10-17 07:09:37,754 [grpc-default-executor-5] INFO  impl.RaftServerImpl (RaftServerImpl.java:setRole(184)) - f3ee4219-89bb-47f2-bbe0-5f784575b745@group-2C0FEEE55AE1: changes role from  FOLLOWER to FOLLOWER at term 73 for recognizeCandidate:696df33b-59a0-4145-913f-936aff0d1566
2019-10-17 07:09:37,754 [grpc-default-executor-5] INFO  impl.RoleInfo (RoleInfo.java:shutdownFollowerState(121)) - f3ee4219-89bb-47f2-bbe0-5f784575b745: shutdown FollowerState
2019-10-17 07:09:37,754 [grpc-default-executor-5] INFO  impl.RoleInfo (RoleInfo.java:updateAndGet(143)) - f3ee4219-89bb-47f2-bbe0-5f784575b745: start FollowerState
2019-10-17 07:09:37,754 [Thread-10171] INFO  impl.FollowerState (FollowerState.java:run(117)) - f3ee4219-89bb-47f2-bbe0-5f784575b745@group-2C0FEEE55AE1-FollowerState was interrupted: java.lang.InterruptedException: sleep interrupted
2019-10-17 07:09:37,780 [696df33b-59a0-4145-913f-936aff0d1566@group-2C0FEEE55AE1-LeaderElection1149] INFO  impl.LeaderElection (LeaderElection.java:logAndReturn(56)) - 696df33b-59a0-4145-913f-936aff0d1566@group-2C0FEEE55AE1-LeaderElection1149: Election REJECTED; received 2 response(s) [696df33b-59a0-4145-913f-936aff0d1566<-f3ee4219-89bb-47f2-bbe0-5f784575b745#0:FAIL-t73, 696df33b-59a0-4145-913f-936aff0d1566<-805254cc-2da6-48d8-a2f9-c1a3ceceab4a#0:FAIL-t73] and 0 exception(s); 696df33b-59a0-4145-913f-936aff0d1566@group-2C0FEEE55AE1:t73, leader=null, voted=696df33b-59a0-4145-913f-936aff0d1566, raftlog=696df33b-59a0-4145-913f-936aff0d1566@group-2C0FEEE55AE1-SegmentedRaftLog:OPENED:c-1,f-1,i0, conf=-1: [f3ee4219-89bb-47f2-bbe0-5f784575b745:192.168.157.211:38722, 805254cc-2da6-48d8-a2f9-c1a3ceceab4a:192.168.157.211:35407, 696df33b-59a0-4145-913f-936aff0d1566:192.168.157.211:38803], old=null
2019-10-17 07:09:37,780 [696df33b-59a0-4145-913f-936aff0d1566@group-2C0FEEE55AE1-LeaderElection1149] INFO  impl.RaftServerImpl (RaftServerImpl.java:setRole(184)) - 696df33b-59a0-4145-913f-936aff0d1566@group-2C0FEEE55AE1: changes role from CANDIDATE to FOLLOWER at term 73 for DISCOVERED_A_NEW_TERM
2019-10-17 07:09:37,780 [696df33b-59a0-4145-913f-936aff0d1566@group-2C0FEEE55AE1-LeaderElection1149] INFO  impl.RoleInfo (RoleInfo.java:shutdownLeaderElection(134)) - 696df33b-59a0-4145-913f-936aff0d1566: shutdown LeaderElection
2019-10-17 07:09:37,780 [696df33b-59a0-4145-913f-936aff0d1566@group-2C0FEEE55AE1-LeaderElection1149] INFO  impl.RoleInfo (RoleInfo.java:updateAndGet(143)) - 696df33b-59a0-4145-913f-936aff0d1566: start FollowerState
2019-10-17 07:09:37,917 [Thread-10179] INFO  impl.FollowerState (FollowerState.java:run(108)) - 696df33b-59a0-4145-913f-936aff0d1566@group-2C0FEEE55AE1-FollowerState: change to CANDIDATE, lastRpcTime:136ms, electionTimeout:136ms
2019-10-17 07:09:37,917 [Thread-10179] INFO  impl.RoleInfo (RoleInfo.java:shutdownFollowerState(121)) - 696df33b-59a0-4145-913f-936aff0d1566: shutdown FollowerState
2019-10-17 07:09:37,917 [Thread-10179] INFO  impl.RaftServerImpl (RaftServerImpl.java:setRole(184)) - 696df33b-59a0-4145-913f-936aff0d1566@group-2C0FEEE55AE1: changes role from  FOLLOWER to CANDIDATE at term 73 for changeToCandidate
2019-10-17 07:09:37,917 [Thread-10179] INFO  impl.RoleInfo (RoleInfo.java:updateAndGet(143)) - 696df33b-59a0-4145-913f-936aff0d1566: start LeaderElection
2019-10-17 07:09:37,941 [696df33b-59a0-4145-913f-936aff0d1566@group-2C0FEEE55AE1-LeaderElection1150] INFO  impl.LeaderElection (LeaderElection.java:askForVotes(178)) - 696df33b-59a0-4145-913f-936aff0d1566@group-2C0FEEE55AE1-LeaderElection1150: begin an election at term 74 for -1: [f3ee4219-89bb-47f2-bbe0-5f784575b745:192.168.157.211:38722, 805254cc-2da6-48d8-a2f9-c1a3ceceab4a:192.168.157.211:35407, 696df33b-59a0-4145-913f-936aff0d1566:192.168.157.211:38803], old=null
2019-10-17 07:09:37,943 [grpc-default-executor-5] INFO  impl.RaftServerImpl (RaftServerImpl.java:setRole(184)) - f3ee4219-89bb-47f2-bbe0-5f784575b745@group-2C0FEEE55AE1: changes role from  FOLLOWER to FOLLOWER at term 74 for recognizeCandidate:696df33b-59a0-4145-913f-936aff0d1566
2019-10-17 07:09:37,943 [grpc-default-executor-5] INFO  impl.RoleInfo (RoleInfo.java:shutdownFollowerState(121)) - f3ee4219-89bb-47f2-bbe0-5f784575b745: shutdown FollowerState
2019-10-17 07:09:37,943 [grpc-default-executor-2] INFO  impl.RaftServerImpl (RaftServerImpl.java:setRole(184)) - 805254cc-2da6-48d8-a2f9-c1a3ceceab4a@group-2C0FEEE55AE1: changes role from  FOLLOWER to FOLLOWER at term 74 for recognizeCandidate:696df33b-59a0-4145-913f-936aff0d1566
2019-10-17 07:09:37,943 [grpc-default-executor-2] INFO  impl.RoleInfo (RoleInfo.java:shutdownFollowerState(121)) - 805254cc-2da6-48d8-a2f9-c1a3ceceab4a: shutdown FollowerState
2019-10-17 07:09:37,943 [Thread-10178] INFO  impl.FollowerState (FollowerState.java:run(117)) - f3ee4219-89bb-47f2-bbe0-5f784575b745@group-2C0FEEE55AE1-FollowerState was interrupted: java.lang.InterruptedException: sleep interrupted
2019-10-17 07:09:37,943 [grpc-default-executor-5] INFO  impl.RoleInfo (RoleInfo.java:updateAndGet(143)) - f3ee4219-89bb-47f2-bbe0-5f784575b745: start FollowerState
2019-10-17 07:09:37,943 [Thread-10177] INFO  impl.FollowerState (FollowerState.java:run(117)) - 805254cc-2da6-48d8-a2f9-c1a3ceceab4a@group-2C0FEEE55AE1-FollowerState was interrupted: java.lang.InterruptedException: sleep interrupted
2019-10-17 07:09:37,943 [grpc-default-executor-2] INFO  impl.RoleInfo (RoleInfo.java:updateAndGet(143)) - 805254cc-2da6-48d8-a2f9-c1a3ceceab4a: start FollowerState
2019-10-17 07:09:37,959 [696df33b-59a0-4145-913f-936aff0d1566@group-2C0FEEE55AE1-LeaderElection1150] INFO  impl.LeaderElection (LeaderElection.java:logAndReturn(56)) - 696df33b-59a0-4145-913f-936aff0d1566@group-2C0FEEE55AE1-LeaderElection1150: Election REJECTED; received 2 response(s) [696df33b-59a0-4145-913f-936aff0d1566<-f3ee4219-89bb-47f2-bbe0-5f784575b745#0:FAIL-t74, 696df33b-59a0-4145-913f-936aff0d1566<-805254cc-2da6-48d8-a2f9-c1a3ceceab4a#0:FAIL-t74] and 0 exception(s); 696df33b-59a0-4145-913f-936aff0d1566@group-2C0FEEE55AE1:t74, leader=null, voted=696df33b-59a0-4145-913f-936aff0d1566, raftlog=696df33b-59a0-4145-913f-936aff0d1566@group-2C0FEEE55AE1-SegmentedRaftLog:OPENED:c-1,f-1,i0, conf=-1: [f3ee4219-89bb-47f2-bbe0-5f784575b745:192.168.157.211:38722, 805254cc-2da6-48d8-a2f9-c1a3ceceab4a:192.168.157.211:35407, 696df33b-59a0-4145-913f-936aff0d1566:192.168.157.211:38803], old=null
2019-10-17 07:09:37,959 [696df33b-59a0-4145-913f-936aff0d1566@group-2C0FEEE55AE1-LeaderElection1150] INFO  impl.RaftServerImpl (RaftServerImpl.java:setRole(184)) - 696df33b-59a0-4145-913f-936aff0d1566@group-2C0FEEE55AE1: changes role from CANDIDATE to FOLLOWER at term 74 for DISCOVERED_A_NEW_TERM
2019-10-17 07:09:37,960 [696df33b-59a0-4145-913f-936aff0d1566@group-2C0FEEE55AE1-LeaderElection1150] INFO  impl.RoleInfo (RoleInfo.java:shutdownLeaderElection(134)) - 696df33b-59a0-4145-913f-936aff0d1566: shutdown LeaderElection
2019-10-17 07:09:37,960 [696df33b-59a0-4145-913f-936aff0d1566@group-2C0FEEE55AE1-LeaderElection1150] INFO  impl.RoleInfo (RoleInfo.java:updateAndGet(143)) - 696df33b-59a0-4145-913f-936aff0d1566: start FollowerState
2019-10-17 07:09:38,119 [Thread-10187] INFO  impl.FollowerState (FollowerState.java:run(108)) - 696df33b-59a0-4145-913f-936aff0d1566@group-2C0FEEE55AE1-FollowerState: change to CANDIDATE, lastRpcTime:159ms, electionTimeout:159ms
2019-10-17 07:09:38,119 [Thread-10187] INFO  impl.RoleInfo (RoleInfo.java:shutdownFollowerState(121)) - 696df33b-59a0-4145-913f-936aff0d1566: shutdown FollowerState
2019-10-17 07:09:38,119 [Thread-10187] INFO  impl.RaftServerImpl (RaftServerImpl.java:setRole(184)) - 696df33b-59a0-4145-913f-936aff0d1566@group-2C0FEEE55AE1: changes role from  FOLLOWER to CANDIDATE at term 74 for changeToCandidate
2019-10-17 07:09:38,120 [Thread-10187] INFO  impl.RoleInfo (RoleInfo.java:updateAndGet(143)) - 696df33b-59a0-4145-913f-936aff0d1566: start LeaderElection
2019-10-17 07:09:38,133 [696df33b-59a0-4145-913f-936aff0d1566@group-2C0FEEE55AE1-LeaderElection1151] INFO  impl.LeaderElection (LeaderElection.java:askForVotes(178)) - 696df33b-59a0-4145-913f-936aff0d1566@group-2C0FEEE55AE1-LeaderElection1151: begin an election at term 75 for -1: [f3ee4219-89bb-47f2-bbe0-5f784575b745:192.168.157.211:38722, 805254cc-2da6-48d8-a2f9-c1a3ceceab4a:192.168.157.211:35407, 696df33b-59a0-4145-913f-936aff0d1566:192.168.157.211:38803], old=null
2019-10-17 07:09:38,135 [grpc-default-executor-5] INFO  impl.RaftServerImpl (RaftServerImpl.java:setRole(184)) - 805254cc-2da6-48d8-a2f9-c1a3ceceab4a@group-2C0FEEE55AE1: changes role from  FOLLOWER to FOLLOWER at term 75 for recognizeCandidate:696df33b-59a0-4145-913f-936aff0d1566
2019-10-17 07:09:38,135 [grpc-default-executor-5] INFO  impl.RoleInfo (RoleInfo.java:shutdownFollowerState(121)) - 805254cc-2da6-48d8-a2f9-c1a3ceceab4a: shutdown FollowerState
2019-10-17 07:09:38,135 [grpc-default-executor-2] INFO  impl.RaftServerImpl (RaftServerImpl.java:setRole(184)) - f3ee4219-89bb-47f2-bbe0-5f784575b745@group-2C0FEEE55AE1: changes role from  FOLLOWER to FOLLOWER at term 75 for recognizeCandidate:696df33b-59a0-4145-913f-936aff0d1566
2019-10-17 07:09:38,136 [grpc-default-executor-2] INFO  impl.RoleInfo (RoleInfo.java:shutdownFollowerState(121)) - f3ee4219-89bb-47f2-bbe0-5f784575b745: shutdown FollowerState
2019-10-17 07:09:38,136 [Thread-10186] INFO  impl.FollowerState (FollowerState.java:run(117)) - 805254cc-2da6-48d8-a2f9-c1a3ceceab4a@group-2C0FEEE55AE1-FollowerState was interrupted: java.lang.InterruptedException: sleep interrupted
2019-10-17 07:09:38,136 [Thread-10185] INFO  impl.FollowerState (FollowerState.java:run(117)) - f3ee4219-89bb-47f2-bbe0-5f784575b745@group-2C0FEEE55AE1-FollowerState was interrupted: java.lang.InterruptedException: sleep interrupted
2019-10-17 07:09:38,135 [grpc-default-executor-5] INFO  impl.RoleInfo (RoleInfo.java:updateAndGet(143)) - 805254cc-2da6-48d8-a2f9-c1a3ceceab4a: start FollowerState
2019-10-17 07:09:38,136 [grpc-default-executor-2] INFO  impl.RoleInfo (RoleInfo.java:updateAndGet(143)) - f3ee4219-89bb-47f2-bbe0-5f784575b745: start FollowerState
2019-10-17 07:09:38,160 [696df33b-59a0-4145-913f-936aff0d1566@group-2C0FEEE55AE1-LeaderElection1151] INFO  impl.LeaderElection (LeaderElection.java:logAndReturn(56)) - 696df33b-59a0-4145-913f-936aff0d1566@group-2C0FEEE55AE1-LeaderElection1151: Election REJECTED; received 2 response(s) [696df33b-59a0-4145-913f-936aff0d1566<-f3ee4219-89bb-47f2-bbe0-5f784575b745#0:FAIL-t75, 696df33b-59a0-4145-913f-936aff0d1566<-805254cc-2da6-48d8-a2f9-c1a3ceceab4a#0:FAIL-t75] and 0 exception(s); 696df33b-59a0-4145-913f-936aff0d1566@group-2C0FEEE55AE1:t75, leader=null, voted=696df33b-59a0-4145-913f-936aff0d1566, raftlog=696df33b-59a0-4145-913f-936aff0d1566@group-2C0FEEE55AE1-SegmentedRaftLog:OPENED:c-1,f-1,i0, conf=-1: [f3ee4219-89bb-47f2-bbe0-5f784575b745:192.168.157.211:38722, 805254cc-2da6-48d8-a2f9-c1a3ceceab4a:192.168.157.211:35407, 696df33b-59a0-4145-913f-936aff0d1566:192.168.157.211:38803], old=null
2019-10-17 07:09:38,160 [696df33b-59a0-4145-913f-936aff0d1566@group-2C0FEEE55AE1-LeaderElection1151] INFO  impl.RaftServerImpl (RaftServerImpl.java:setRole(184)) - 696df33b-59a0-4145-913f-936aff0d1566@group-2C0FEEE55AE1: changes role from CANDIDATE to FOLLOWER at term 75 for DISCOVERED_A_NEW_TERM
2019-10-17 07:09:38,162 [696df33b-59a0-4145-913f-936aff0d1566@group-2C0FEEE55AE1-LeaderElection1151] INFO  impl.RoleInfo (RoleInfo.java:shutdownLeaderElection(134)) - 696df33b-59a0-4145-913f-936aff0d1566: shutdown LeaderElection
2019-10-17 07:09:38,162 [696df33b-59a0-4145-913f-936aff0d1566@group-2C0FEEE55AE1-LeaderElection1151] INFO  impl.RoleInfo (RoleInfo.java:updateAndGet(143)) - 696df33b-59a0-4145-913f-936aff0d1566: start FollowerState
2019-10-17 07:09:38,222 [Thread-10197] INFO  impl.FollowerState (FollowerState.java:run(108)) - 696df33b-59a0-4145-913f-936aff0d1566@group-2C0FEEE55AE1-FollowerState: change to CANDIDATE, lastRpcTime:60ms, electionTimeout:60ms
2019-10-17 07:09:38,223 [Thread-10197] INFO  impl.RoleInfo (RoleInfo.java:shutdownFollowerState(121)) - 696df33b-59a0-4145-913f-936aff0d1566: shutdown FollowerState
2019-10-17 07:09:38,223 [Thread-10197] INFO  impl.RaftServerImpl (RaftServerImpl.java:setRole(184)) - 696df33b-59a0-4145-913f-936aff0d1566@group-2C0FEEE55AE1: changes role from  FOLLOWER to CANDIDATE at term 75 for changeToCandidate
2019-10-17 07:09:38,223 [Thread-10197] INFO  impl.RoleInfo (RoleInfo.java:updateAndGet(143)) - 696df33b-59a0-4145-913f-936aff0d1566: start LeaderElection
2019-10-17 07:09:38,234 [696df33b-59a0-4145-913f-936aff0d1566@group-2C0FEEE55AE1-LeaderElection1152] INFO  impl.LeaderElection (LeaderElection.java:askForVotes(178)) - 696df33b-59a0-4145-913f-936aff0d1566@group-2C0FEEE55AE1-LeaderElection1152: begin an election at term 76 for -1: [f3ee4219-89bb-47f2-bbe0-5f784575b745:192.168.157.211:38722, 805254cc-2da6-48d8-a2f9-c1a3ceceab4a:192.168.157.211:35407, 696df33b-59a0-4145-913f-936aff0d1566:192.168.157.211:38803], old=null
2019-10-17 07:09:38,236 [grpc-default-executor-7] INFO  impl.RaftServerImpl (RaftServerImpl.java:setRole(184)) - f3ee4219-89bb-47f2-bbe0-5f784575b745@group-2C0FEEE55AE1: changes role from  FOLLOWER to FOLLOWER at term 76 for recognizeCandidate:696df33b-59a0-4145-913f-936aff0d1566
2019-10-17 07:09:38,236 [grpc-default-executor-7] INFO  impl.RoleInfo (RoleInfo.java:shutdownFollowerState(121)) - f3ee4219-89bb-47f2-bbe0-5f784575b745: shutdown FollowerState
2019-10-17 07:09:38,236 [grpc-default-executor-7] INFO  impl.RoleInfo (RoleInfo.java:updateAndGet(143)) - f3ee4219-89bb-47f2-bbe0-5f784575b745: start FollowerState
2019-10-17 07:09:38,237 [Thread-10194] INFO  impl.FollowerState (FollowerState.java:run(117)) - f3ee4219-89bb-47f2-bbe0-5f784575b745@group-2C0FEEE55AE1-FollowerState was interrupted: java.lang.InterruptedException: sleep interrupted
2019-10-17 07:09:38,237 [grpc-default-executor-5] INFO  impl.RaftServerImpl (RaftServerImpl.java:setRole(184)) - 805254cc-2da6-48d8-a2f9-c1a3ceceab4a@group-2C0FEEE55AE1: changes role from  FOLLOWER to FOLLOWER at term 76 for recognizeCandidate:696df33b-59a0-4145-913f-936aff0d1566
2019-10-17 07:09:38,237 [grpc-default-executor-5] INFO  impl.RoleInfo (RoleInfo.java:shutdownFollowerState(121)) - 805254cc-2da6-48d8-a2f9-c1a3ceceab4a: shutdown FollowerState
2019-10-17 07:09:38,237 [grpc-default-executor-5] INFO  impl.RoleInfo (RoleInfo.java:updateAndGet(143)) - 805254cc-2da6-48d8-a2f9-c1a3ceceab4a: start FollowerState
2019-10-17 07:09:38,237 [Thread-10193] INFO  impl.FollowerState (FollowerState.java:run(117)) - 805254cc-2da6-48d8-a2f9-c1a3ceceab4a@group-2C0FEEE55AE1-FollowerState was interrupted: java.lang.InterruptedException: sleep interrupted
2019-10-17 07:09:38,269 [696df33b-59a0-4145-913f-936aff0d1566@group-2C0FEEE55AE1-LeaderElection1152] INFO  impl.LeaderElection (LeaderElection.java:logAndReturn(56)) - 696df33b-59a0-4145-913f-936aff0d1566@group-2C0FEEE55AE1-LeaderElection1152: Election REJECTED; received 2 response(s) [696df33b-59a0-4145-913f-936aff0d1566<-f3ee4219-89bb-47f2-bbe0-5f784575b745#0:FAIL-t76, 696df33b-59a0-4145-913f-936aff0d1566<-805254cc-2da6-48d8-a2f9-c1a3ceceab4a#0:FAIL-t76] and 0 exception(s); 696df33b-59a0-4145-913f-936aff0d1566@group-2C0FEEE55AE1:t76, leader=null, voted=696df33b-59a0-4145-913f-936aff0d1566, raftlog=696df33b-59a0-4145-913f-936aff0d1566@group-2C0FEEE55AE1-SegmentedRaftLog:OPENED:c-1,f-1,i0, conf=-1: [f3ee4219-89bb-47f2-bbe0-5f784575b745:192.168.157.211:38722, 805254cc-2da6-48d8-a2f9-c1a3ceceab4a:192.168.157.211:35407, 696df33b-59a0-4145-913f-936aff0d1566:192.168.157.211:38803], old=null
2019-10-17 07:09:38,269 [696df33b-59a0-4145-913f-936aff0d1566@group-2C0FEEE55AE1-LeaderElection1152] INFO  impl.RaftServerImpl (RaftServerImpl.java:setRole(184)) - 696df33b-59a0-4145-913f-936aff0d1566@group-2C0FEEE55AE1: changes role from CANDIDATE to FOLLOWER at term 76 for DISCOVERED_A_NEW_TERM
2019-10-17 07:09:38,269 [696df33b-59a0-4145-913f-936aff0d1566@group-2C0FEEE55AE1-LeaderElection1152] INFO  impl.RoleInfo (RoleInfo.java:shutdownLeaderElection(134)) - 696df33b-59a0-4145-913f-936aff0d1566: shutdown LeaderElection
2019-10-17 07:09:38,269 [696df33b-59a0-4145-913f-936aff0d1566@group-2C0FEEE55AE1-LeaderElection1152] INFO  impl.RoleInfo (RoleInfo.java:updateAndGet(143)) - 696df33b-59a0-4145-913f-936aff0d1566: start FollowerState
2019-10-17 07:09:38,468 [Thread-10203] INFO  impl.FollowerState (FollowerState.java:run(108)) - 696df33b-59a0-4145-913f-936aff0d1566@group-2C0FEEE55AE1-FollowerState: change to CANDIDATE, lastRpcTime:198ms, electionTimeout:198ms
2019-10-17 07:09:38,468 [Thread-10203] INFO  impl.RoleInfo (RoleInfo.java:shutdownFollowerState(121)) - 696df33b-59a0-4145-913f-936aff0d1566: shutdown FollowerState
2019-10-17 07:09:38,468 [Thread-10203] INFO  impl.RaftServerImpl (RaftServerImpl.java:setRole(184)) - 696df33b-59a0-4145-913f-936aff0d1566@group-2C0FEEE55AE1: changes role from  FOLLOWER to CANDIDATE at term 76 for changeToCandidate
2019-10-17 07:09:38,468 [Thread-10203] INFO  impl.RoleInfo (RoleInfo.java:updateAndGet(143)) - 696df33b-59a0-4145-913f-936aff0d1566: start LeaderElection
2019-10-17 07:09:38,482 [696df33b-59a0-4145-913f-936aff0d1566@group-2C0FEEE55AE1-LeaderElection1153] INFO  impl.LeaderElection (LeaderElection.java:askForVotes(178)) - 696df33b-59a0-4145-913f-936aff0d1566@group-2C0FEEE55AE1-LeaderElection1153: begin an election at term 77 for -1: [f3ee4219-89bb-47f2-bbe0-5f784575b745:192.168.157.211:38722, 805254cc-2da6-48d8-a2f9-c1a3ceceab4a:192.168.157.211:35407, 696df33b-59a0-4145-913f-936aff0d1566:192.168.157.211:38803], old=null
2019-10-17 07:09:38,483 [grpc-default-executor-7] INFO  impl.RaftServerImpl (RaftServerImpl.java:setRole(184)) - 805254cc-2da6-48d8-a2f9-c1a3ceceab4a@group-2C0FEEE55AE1: changes role from  FOLLOWER to FOLLOWER at term 77 for recognizeCandidate:696df33b-59a0-4145-913f-936aff0d1566
2019-10-17 07:09:38,484 [grpc-default-executor-7] INFO  impl.RoleInfo (RoleInfo.java:shutdownFollowerState(121)) - 805254cc-2da6-48d8-a2f9-c1a3ceceab4a: shutdown FollowerState
2019-10-17 07:09:38,484 [grpc-default-executor-7] INFO  impl.RoleInfo (RoleInfo.java:updateAndGet(143)) - 805254cc-2da6-48d8-a2f9-c1a3ceceab4a: start FollowerState
2019-10-17 07:09:38,484 [Thread-10202] INFO  impl.FollowerState (FollowerState.java:run(117)) - 805254cc-2da6-48d8-a2f9-c1a3ceceab4a@group-2C0FEEE55AE1-FollowerState was interrupted: java.lang.InterruptedException: sleep interrupted
2019-10-17 07:09:38,487 [grpc-default-executor-5] INFO  impl.RaftServerImpl (RaftServerImpl.java:setRole(184)) - f3ee4219-89bb-47f2-bbe0-5f784575b745@group-2C0FEEE55AE1: changes role from  FOLLOWER to FOLLOWER at term 77 for recognizeCandidate:696df33b-59a0-4145-913f-936aff0d1566
2019-10-17 07:09:38,487 [grpc-default-executor-5] INFO  impl.RoleInfo (RoleInfo.java:shutdownFollowerState(121)) - f3ee4219-89bb-47f2-bbe0-5f784575b745: shutdown FollowerState
2019-10-17 07:09:38,487 [grpc-default-executor-5] INFO  impl.RoleInfo (RoleInfo.java:updateAndGet(143)) - f3ee4219-89bb-47f2-bbe0-5f784575b745: start FollowerState
2019-10-17 07:09:38,487 [Thread-10201] INFO  impl.FollowerState (FollowerState.java:run(117)) - f3ee4219-89bb-47f2-bbe0-5f784575b745@group-2C0FEEE55AE1-FollowerState was interrupted: java.lang.InterruptedException: sleep interrupted
2019-10-17 07:09:38,500 [696df33b-59a0-4145-913f-936aff0d1566@group-2C0FEEE55AE1-LeaderElection1153] INFO  impl.LeaderElection (LeaderElection.java:logAndReturn(56)) - 696df33b-59a0-4145-913f-936aff0d1566@group-2C0FEEE55AE1-LeaderElection1153: Election REJECTED; received 2 response(s) [696df33b-59a0-4145-913f-936aff0d1566<-f3ee4219-89bb-47f2-bbe0-5f784575b745#0:FAIL-t77, 696df33b-59a0-4145-913f-936aff0d1566<-805254cc-2da6-48d8-a2f9-c1a3ceceab4a#0:FAIL-t77] and 0 exception(s); 696df33b-59a0-4145-913f-936aff0d1566@group-2C0FEEE55AE1:t77, leader=null, voted=696df33b-59a0-4145-913f-936aff0d1566, raftlog=696df33b-59a0-4145-913f-936aff0d1566@group-2C0FEEE55AE1-SegmentedRaftLog:OPENED:c-1,f-1,i0, conf=-1: [f3ee4219-89bb-47f2-bbe0-5f784575b745:192.168.157.211:38722, 805254cc-2da6-48d8-a2f9-c1a3ceceab4a:192.168.157.211:35407, 696df33b-59a0-4145-913f-936aff0d1566:192.168.157.211:38803], old=null
2019-10-17 07:09:38,501 [696df33b-59a0-4145-913f-936aff0d1566@group-2C0FEEE55AE1-LeaderElection1153] INFO  impl.RaftServerImpl (RaftServerImpl.java:setRole(184)) - 696df33b-59a0-4145-913f-936aff0d1566@group-2C0FEEE55AE1: changes role from CANDIDATE to FOLLOWER at term 77 for DISCOVERED_A_NEW_TERM
2019-10-17 07:09:38,501 [696df33b-59a0-4145-913f-936aff0d1566@group-2C0FEEE55AE1-LeaderElection1153] INFO  impl.RoleInfo (RoleInfo.java:shutdownLeaderElection(134)) - 696df33b-59a0-4145-913f-936aff0d1566: shutdown LeaderElection
2019-10-17 07:09:38,501 [696df33b-59a0-4145-913f-936aff0d1566@group-2C0FEEE55AE1-LeaderElection1153] INFO  impl.RoleInfo (RoleInfo.java:updateAndGet(143)) - 696df33b-59a0-4145-913f-936aff0d1566: start FollowerState
2019-10-17 07:09:38,597 [Thread-10213] INFO  impl.FollowerState (FollowerState.java:run(108)) - 696df33b-59a0-4145-913f-936aff0d1566@group-2C0FEEE55AE1-FollowerState: change to CANDIDATE, lastRpcTime:96ms, electionTimeout:96ms
2019-10-17 07:09:38,597 [Thread-10213] INFO  impl.RoleInfo (RoleInfo.java:shutdownFollowerState(121)) - 696df33b-59a0-4145-913f-936aff0d1566: shutdown FollowerState
2019-10-17 07:09:38,597 [Thread-10213] INFO  impl.RaftServerImpl (RaftServerImpl.java:setRole(184)) - 696df33b-59a0-4145-913f-936aff0d1566@group-2C0FEEE55AE1: changes role from  FOLLOWER to CANDIDATE at term 77 for changeToCandidate
2019-10-17 07:09:38,597 [Thread-10213] INFO  impl.RoleInfo (RoleInfo.java:updateAndGet(143)) - 696df33b-59a0-4145-913f-936aff0d1566: start LeaderElection
2019-10-17 07:09:38,611 [696df33b-59a0-4145-913f-936aff0d1566@group-2C0FEEE55AE1-LeaderElection1154] INFO  impl.LeaderElection (LeaderElection.java:askForVotes(178)) - 696df33b-59a0-4145-913f-936aff0d1566@group-2C0FEEE55AE1-LeaderElection1154: begin an election at term 78 for -1: [f3ee4219-89bb-47f2-bbe0-5f784575b745:192.168.157.211:38722, 805254cc-2da6-48d8-a2f9-c1a3ceceab4a:192.168.157.211:35407, 696df33b-59a0-4145-913f-936aff0d1566:192.168.157.211:38803], old=null
2019-10-17 07:09:38,612 [grpc-default-executor-5] INFO  impl.RaftServerImpl (RaftServerImpl.java:setRole(184)) - f3ee4219-89bb-47f2-bbe0-5f784575b745@group-2C0FEEE55AE1: changes role from  FOLLOWER to FOLLOWER at term 78 for recognizeCandidate:696df33b-59a0-4145-913f-936aff0d1566
2019-10-17 07:09:38,612 [grpc-default-executor-5] INFO  impl.RoleInfo (RoleInfo.java:shutdownFollowerState(121)) - f3ee4219-89bb-47f2-bbe0-5f784575b745: shutdown FollowerState
2019-10-17 07:09:38,612 [grpc-default-executor-5] INFO  impl.RoleInfo (RoleInfo.java:updateAndGet(143)) - f3ee4219-89bb-47f2-bbe0-5f784575b745: start FollowerState
2019-10-17 07:09:38,612 [Thread-10212] INFO  impl.FollowerState (FollowerState.java:run(117)) - f3ee4219-89bb-47f2-bbe0-5f784575b745@group-2C0FEEE55AE1-FollowerState was interrupted: java.lang.InterruptedException: sleep interrupted
2019-10-17 07:09:38,612 [grpc-default-executor-7] INFO  impl.RaftServerImpl (RaftServerImpl.java:setRole(184)) - 805254cc-2da6-48d8-a2f9-c1a3ceceab4a@group-2C0FEEE55AE1: changes role from  FOLLOWER to FOLLOWER at term 78 for recognizeCandidate:696df33b-59a0-4145-913f-936aff0d1566
2019-10-17 07:09:38,612 [grpc-default-executor-7] INFO  impl.RoleInfo (RoleInfo.java:shutdownFollowerState(121)) - 805254cc-2da6-48d8-a2f9-c1a3ceceab4a: shutdown FollowerState
2019-10-17 07:09:38,613 [grpc-default-executor-7] INFO  impl.RoleInfo (RoleInfo.java:updateAndGet(143)) - 805254cc-2da6-48d8-a2f9-c1a3ceceab4a: start FollowerState
2019-10-17 07:09:38,613 [Thread-10211] INFO  impl.FollowerState (FollowerState.java:run(117)) - 805254cc-2da6-48d8-a2f9-c1a3ceceab4a@group-2C0FEEE55AE1-FollowerState was interrupted: java.lang.InterruptedException: sleep interrupted
2019-10-17 07:09:38,627 [696df33b-59a0-4145-913f-936aff0d1566@group-2C0FEEE55AE1-LeaderElection1154] INFO  impl.LeaderElection (LeaderElection.java:logAndReturn(56)) - 696df33b-59a0-4145-913f-936aff0d1566@group-2C0FEEE55AE1-LeaderElection1154: Election REJECTED; received 2 response(s) [696df33b-59a0-4145-913f-936aff0d1566<-f3ee4219-89bb-47f2-bbe0-5f784575b745#0:FAIL-t78, 696df33b-59a0-4145-913f-936aff0d1566<-805254cc-2da6-48d8-a2f9-c1a3ceceab4a#0:FAIL-t78] and 0 exception(s); 696df33b-59a0-4145-913f-936aff0d1566@group-2C0FEEE55AE1:t78, leader=null, voted=696df33b-59a0-4145-913f-936aff0d1566, raftlog=696df33b-59a0-4145-913f-936aff0d1566@group-2C0FEEE55AE1-SegmentedRaftLog:OPENED:c-1,f-1,i0, conf=-1: [f3ee4219-89bb-47f2-bbe0-5f784575b745:192.168.157.211:38722, 805254cc-2da6-48d8-a2f9-c1a3ceceab4a:192.168.157.211:35407, 696df33b-59a0-4145-913f-936aff0d1566:192.168.157.211:38803], old=null
2019-10-17 07:09:38,627 [696df33b-59a0-4145-913f-936aff0d1566@group-2C0FEEE55AE1-LeaderElection1154] INFO  impl.RaftServerImpl (RaftServerImpl.java:setRole(184)) - 696df33b-59a0-4145-913f-936aff0d1566@group-2C0FEEE55AE1: changes role from CANDIDATE to FOLLOWER at term 78 for DISCOVERED_A_NEW_TERM
2019-10-17 07:09:38,627 [696df33b-59a0-4145-913f-936aff0d1566@group-2C0FEEE55AE1-LeaderElection1154] INFO  impl.RoleInfo (RoleInfo.java:shutdownLeaderElection(134)) - 696df33b-59a0-4145-913f-936aff0d1566: shutdown LeaderElection
2019-10-17 07:09:38,627 [696df33b-59a0-4145-913f-936aff0d1566@group-2C0FEEE55AE1-LeaderElection1154] INFO  impl.RoleInfo (RoleInfo.java:updateAndGet(143)) - 696df33b-59a0-4145-913f-936aff0d1566: start FollowerState
2019-10-17 07:09:38,724 [Thread-10219] INFO  impl.FollowerState (FollowerState.java:run(108)) - 696df33b-59a0-4145-913f-936aff0d1566@group-2C0FEEE55AE1-FollowerState: change to CANDIDATE, lastRpcTime:96ms, electionTimeout:96ms
2019-10-17 07:09:38,724 [Thread-10219] INFO  impl.RoleInfo (RoleInfo.java:shutdownFollowerState(121)) - 696df33b-59a0-4145-913f-936aff0d1566: shutdown FollowerState
2019-10-17 07:09:38,724 [Thread-10219] INFO  impl.RaftServerImpl (RaftServerImpl.java:setRole(184)) - 696df33b-59a0-4145-913f-936aff0d1566@group-2C0FEEE55AE1: changes role from  FOLLOWER to CANDIDATE at term 78 for changeToCandidate
2019-10-17 07:09:38,724 [Thread-10219] INFO  impl.RoleInfo (RoleInfo.java:updateAndGet(143)) - 696df33b-59a0-4145-913f-936aff0d1566: start LeaderElection
2019-10-17 07:09:38,738 [696df33b-59a0-4145-913f-936aff0d1566@group-2C0FEEE55AE1-LeaderElection1155] INFO  impl.LeaderElection (LeaderElection.java:askForVotes(178)) - 696df33b-59a0-4145-913f-936aff0d1566@group-2C0FEEE55AE1-LeaderElection1155: begin an election at term 79 for -1: [f3ee4219-89bb-47f2-bbe0-5f784575b745:192.168.157.211:38722, 805254cc-2da6-48d8-a2f9-c1a3ceceab4a:192.168.157.211:35407, 696df33b-59a0-4145-913f-936aff0d1566:192.168.157.211:38803], old=null
2019-10-17 07:09:38,740 [grpc-default-executor-7] INFO  impl.RaftServerImpl (RaftServerImpl.java:setRole(184)) - f3ee4219-89bb-47f2-bbe0-5f784575b745@group-2C0FEEE55AE1: changes role from  FOLLOWER to FOLLOWER at term 79 for recognizeCandidate:696df33b-59a0-4145-913f-936aff0d1566
2019-10-17 07:09:38,740 [grpc-default-executor-7] INFO  impl.RoleInfo (RoleInfo.java:shutdownFollowerState(121)) - f3ee4219-89bb-47f2-bbe0-5f784575b745: shutdown FollowerState
2019-10-17 07:09:38,740 [grpc-default-executor-7] INFO  impl.RoleInfo (RoleInfo.java:updateAndGet(143)) - f3ee4219-89bb-47f2-bbe0-5f784575b745: start FollowerState
2019-10-17 07:09:38,740 [Thread-10217] INFO  impl.FollowerState (FollowerState.java:run(117)) - f3ee4219-89bb-47f2-bbe0-5f784575b745@group-2C0FEEE55AE1-FollowerState was interrupted: java.lang.InterruptedException: sleep interrupted
2019-10-17 07:09:38,740 [grpc-default-executor-5] INFO  impl.RaftServerImpl (RaftServerImpl.java:setRole(184)) - 805254cc-2da6-48d8-a2f9-c1a3ceceab4a@group-2C0FEEE55AE1: changes role from  FOLLOWER to FOLLOWER at term 79 for recognizeCandidate:696df33b-59a0-4145-913f-936aff0d1566
2019-10-17 07:09:38,740 [grpc-default-executor-5] INFO  impl.RoleInfo (RoleInfo.java:shutdownFollowerState(121)) - 805254cc-2da6-48d8-a2f9-c1a3ceceab4a: shutdown FollowerState
2019-10-17 07:09:38,741 [grpc-default-executor-5] INFO  impl.RoleInfo (RoleInfo.java:updateAndGet(143)) - 805254cc-2da6-48d8-a2f9-c1a3ceceab4a: start FollowerState
2019-10-17 07:09:38,741 [Thread-10218] INFO  impl.FollowerState (FollowerState.java:run(117)) - 805254cc-2da6-48d8-a2f9-c1a3ceceab4a@group-2C0FEEE55AE1-FollowerState was interrupted: java.lang.InterruptedException: sleep interrupted
2019-10-17 07:09:38,765 [696df33b-59a0-4145-913f-936aff0d1566@group-2C0FEEE55AE1-LeaderElection1155] INFO  impl.LeaderElection (LeaderElection.java:logAndReturn(56)) - 696df33b-59a0-4145-913f-936aff0d1566@group-2C0FEEE55AE1-LeaderElection1155: Election REJECTED; received 2 response(s) [696df33b-59a0-4145-913f-936aff0d1566<-f3ee4219-89bb-47f2-bbe0-5f784575b745#0:FAIL-t79, 696df33b-59a0-4145-913f-936aff0d1566<-805254cc-2da6-48d8-a2f9-c1a3ceceab4a#0:FAIL-t79] and 0 exception(s); 696df33b-59a0-4145-913f-936aff0d1566@group-2C0FEEE55AE1:t79, leader=null, voted=696df33b-59a0-4145-913f-936aff0d1566, raftlog=696df33b-59a0-4145-913f-936aff0d1566@group-2C0FEEE55AE1-SegmentedRaftLog:OPENED:c-1,f-1,i0, conf=-1: [f3ee4219-89bb-47f2-bbe0-5f784575b745:192.168.157.211:38722, 805254cc-2da6-48d8-a2f9-c1a3ceceab4a:192.168.157.211:35407, 696df33b-59a0-4145-913f-936aff0d1566:192.168.157.211:38803], old=null
2019-10-17 07:09:38,765 [696df33b-59a0-4145-913f-936aff0d1566@group-2C0FEEE55AE1-LeaderElection1155] INFO  impl.RaftServerImpl (RaftServerImpl.java:setRole(184)) - 696df33b-59a0-4145-913f-936aff0d1566@group-2C0FEEE55AE1: changes role from CANDIDATE to FOLLOWER at term 79 for DISCOVERED_A_NEW_TERM
2019-10-17 07:09:38,765 [696df33b-59a0-4145-913f-936aff0d1566@group-2C0FEEE55AE1-LeaderElection1155] INFO  impl.RoleInfo (RoleInfo.java:shutdownLeaderElection(134)) - 696df33b-59a0-4145-913f-936aff0d1566: shutdown LeaderElection
2019-10-17 07:09:38,765 [696df33b-59a0-4145-913f-936aff0d1566@group-2C0FEEE55AE1-LeaderElection1155] INFO  impl.RoleInfo (RoleInfo.java:updateAndGet(143)) - 696df33b-59a0-4145-913f-936aff0d1566: start FollowerState
2019-10-17 07:09:38,765 [Thread-10225] INFO  impl.FollowerState (FollowerState.java:run(108)) - 696df33b-59a0-4145-913f-936aff0d1566@group-2C0FEEE55AE1-FollowerState: change to CANDIDATE, lastRpcTime:0ms, electionTimeout:0ms
2019-10-17 07:09:38,765 [Thread-10225] INFO  impl.RoleInfo (RoleInfo.java:shutdownFollowerState(121)) - 696df33b-59a0-4145-913f-936aff0d1566: shutdown FollowerState
2019-10-17 07:09:38,766 [Thread-10225] INFO  impl.RaftServerImpl (RaftServerImpl.java:setRole(184)) - 696df33b-59a0-4145-913f-936aff0d1566@group-2C0FEEE55AE1: changes role from  FOLLOWER to CANDIDATE at term 79 for changeToCandidate
2019-10-17 07:09:38,766 [Thread-10225] INFO  impl.RoleInfo (RoleInfo.java:updateAndGet(143)) - 696df33b-59a0-4145-913f-936aff0d1566: start LeaderElection
2019-10-17 07:09:38,780 [696df33b-59a0-4145-913f-936aff0d1566@group-2C0FEEE55AE1-LeaderElection1156] INFO  impl.LeaderElection (LeaderElection.java:askForVotes(178)) - 696df33b-59a0-4145-913f-936aff0d1566@group-2C0FEEE55AE1-LeaderElection1156: begin an election at term 80 for -1: [f3ee4219-89bb-47f2-bbe0-5f784575b745:192.168.157.211:38722, 805254cc-2da6-48d8-a2f9-c1a3ceceab4a:192.168.157.211:35407, 696df33b-59a0-4145-913f-936aff0d1566:192.168.157.211:38803], old=null
2019-10-17 07:09:38,782 [grpc-default-executor-5] INFO  impl.RaftServerImpl (RaftServerImpl.java:setRole(184)) - f3ee4219-89bb-47f2-bbe0-5f784575b745@group-2C0FEEE55AE1: changes role from  FOLLOWER to FOLLOWER at term 80 for recognizeCandidate:696df33b-59a0-4145-913f-936aff0d1566
2019-10-17 07:09:38,782 [grpc-default-executor-7] INFO  impl.RaftServerImpl (RaftServerImpl.java:setRole(184)) - 805254cc-2da6-48d8-a2f9-c1a3ceceab4a@group-2C0FEEE55AE1: changes role from  FOLLOWER to FOLLOWER at term 80 for recognizeCandidate:696df33b-59a0-4145-913f-936aff0d1566
2019-10-17 07:09:38,782 [grpc-default-executor-7] INFO  impl.RoleInfo (RoleInfo.java:shutdownFollowerState(121)) - 805254cc-2da6-48d8-a2f9-c1a3ceceab4a: shutdown FollowerState
2019-10-17 07:09:38,782 [grpc-default-executor-5] INFO  impl.RoleInfo (RoleInfo.java:shutdownFollowerState(121)) - f3ee4219-89bb-47f2-bbe0-5f784575b745: shutdown FollowerState
2019-10-17 07:09:38,782 [Thread-10224] INFO  impl.FollowerState (FollowerState.java:run(117)) - 805254cc-2da6-48d8-a2f9-c1a3ceceab4a@group-2C0FEEE55AE1-FollowerState was interrupted: java.lang.InterruptedException: sleep interrupted
2019-10-17 07:09:38,782 [grpc-default-executor-7] INFO  impl.RoleInfo (RoleInfo.java:updateAndGet(143)) - 805254cc-2da6-48d8-a2f9-c1a3ceceab4a: start FollowerState
2019-10-17 07:09:38,783 [Thread-10223] INFO  impl.FollowerState (FollowerState.java:run(117)) - f3ee4219-89bb-47f2-bbe0-5f784575b745@group-2C0FEEE55AE1-FollowerState was interrupted: java.lang.InterruptedException: sleep interrupted
2019-10-17 07:09:38,782 [grpc-default-executor-5] INFO  impl.RoleInfo (RoleInfo.java:updateAndGet(143)) - f3ee4219-89bb-47f2-bbe0-5f784575b745: start FollowerState
2019-10-17 07:09:38,797 [696df33b-59a0-4145-913f-936aff0d1566@group-2C0FEEE55AE1-LeaderElection1156] INFO  impl.LeaderElection (LeaderElection.java:logAndReturn(56)) - 696df33b-59a0-4145-913f-936aff0d1566@group-2C0FEEE55AE1-LeaderElection1156: Election REJECTED; received 2 response(s) [696df33b-59a0-4145-913f-936aff0d1566<-f3ee4219-89bb-47f2-bbe0-5f784575b745#0:FAIL-t80, 696df33b-59a0-4145-913f-936aff0d1566<-805254cc-2da6-48d8-a2f9-c1a3ceceab4a#0:FAIL-t80] and 0 exception(s); 696df33b-59a0-4145-913f-936aff0d1566@group-2C0FEEE55AE1:t80, leader=null, voted=696df33b-59a0-4145-913f-936aff0d1566, raftlog=696df33b-59a0-4145-913f-936aff0d1566@group-2C0FEEE55AE1-SegmentedRaftLog:OPENED:c-1,f-1,i0, conf=-1: [f3ee4219-89bb-47f2-bbe0-5f784575b745:192.168.157.211:38722, 805254cc-2da6-48d8-a2f9-c1a3ceceab4a:192.168.157.211:35407, 696df33b-59a0-4145-913f-936aff0d1566:192.168.157.211:38803], old=null
2019-10-17 07:09:38,797 [696df33b-59a0-4145-913f-936aff0d1566@group-2C0FEEE55AE1-LeaderElection1156] INFO  impl.RaftServerImpl (RaftServerImpl.java:setRole(184)) - 696df33b-59a0-4145-913f-936aff0d1566@group-2C0FEEE55AE1: changes role from CANDIDATE to FOLLOWER at term 80 for DISCOVERED_A_NEW_TERM
2019-10-17 07:09:38,797 [696df33b-59a0-4145-913f-936aff0d1566@group-2C0FEEE55AE1-LeaderElection1156] INFO  impl.RoleInfo (RoleInfo.java:shutdownLeaderElection(134)) - 696df33b-59a0-4145-913f-936aff0d1566: shutdown LeaderElection
2019-10-17 07:09:38,797 [696df33b-59a0-4145-913f-936aff0d1566@group-2C0FEEE55AE1-LeaderElection1156] INFO  impl.RoleInfo (RoleInfo.java:updateAndGet(143)) - 696df33b-59a0-4145-913f-936aff0d1566: start FollowerState
2019-10-17 07:09:38,822 [Thread-10231] INFO  impl.FollowerState (FollowerState.java:run(108)) - 696df33b-59a0-4145-913f-936aff0d1566@group-2C0FEEE55AE1-FollowerState: change to CANDIDATE, lastRpcTime:24ms, electionTimeout:24ms
2019-10-17 07:09:38,822 [Thread-10231] INFO  impl.RoleInfo (RoleInfo.java:shutdownFollowerState(121)) - 696df33b-59a0-4145-913f-936aff0d1566: shutdown FollowerState
2019-10-17 07:09:38,822 [Thread-10231] INFO  impl.RaftServerImpl (RaftServerImpl.java:setRole(184)) - 696df33b-59a0-4145-913f-936aff0d1566@group-2C0FEEE55AE1: changes role from  FOLLOWER to CANDIDATE at term 80 for changeToCandidate
2019-10-17 07:09:38,822 [Thread-10231] INFO  impl.RoleInfo (RoleInfo.java:updateAndGet(143)) - 696df33b-59a0-4145-913f-936aff0d1566: start LeaderElection
2019-10-17 07:09:38,837 [696df33b-59a0-4145-913f-936aff0d1566@group-2C0FEEE55AE1-LeaderElection1157] INFO  impl.LeaderElection (LeaderElection.java:askForVotes(178)) - 696df33b-59a0-4145-913f-936aff0d1566@group-2C0FEEE55AE1-LeaderElection1157: begin an election at term 81 for -1: [f3ee4219-89bb-47f2-bbe0-5f784575b745:192.168.157.211:38722, 805254cc-2da6-48d8-a2f9-c1a3ceceab4a:192.168.157.211:35407, 696df33b-59a0-4145-913f-936aff0d1566:192.168.157.211:38803], old=null
2019-10-17 07:09:38,838 [grpc-default-executor-5] INFO  impl.RaftServerImpl (RaftServerImpl.java:setRole(184)) - f3ee4219-89bb-47f2-bbe0-5f784575b745@group-2C0FEEE55AE1: changes role from  FOLLOWER to FOLLOWER at term 81 for recognizeCandidate:696df33b-59a0-4145-913f-936aff0d1566
2019-10-17 07:09:38,839 [grpc-default-executor-5] INFO  impl.RoleInfo (RoleInfo.java:shutdownFollowerState(121)) - f3ee4219-89bb-47f2-bbe0-5f784575b745: shutdown FollowerState
2019-10-17 07:09:38,839 [grpc-default-executor-7] INFO  impl.RaftServerImpl (RaftServerImpl.java:setRole(184)) - 805254cc-2da6-48d8-a2f9-c1a3ceceab4a@group-2C0FEEE55AE1: changes role from  FOLLOWER to FOLLOWER at term 81 for recognizeCandidate:696df33b-59a0-4145-913f-936aff0d1566
2019-10-17 07:09:38,839 [grpc-default-executor-7] INFO  impl.RoleInfo (RoleInfo.java:shutdownFollowerState(121)) - 805254cc-2da6-48d8-a2f9-c1a3ceceab4a: shutdown FollowerState
2019-10-17 07:09:38,839 [Thread-10230] INFO  impl.FollowerState (FollowerState.java:run(117)) - f3ee4219-89bb-47f2-bbe0-5f784575b745@group-2C0FEEE55AE1-FollowerState was interrupted: java.lang.InterruptedException: sleep interrupted
2019-10-17 07:09:38,839 [grpc-default-executor-5] INFO  impl.RoleInfo (RoleInfo.java:updateAndGet(143)) - f3ee4219-89bb-47f2-bbe0-5f784575b745: start FollowerState
2019-10-17 07:09:38,839 [Thread-10229] INFO  impl.FollowerState (FollowerState.java:run(117)) - 805254cc-2da6-48d8-a2f9-c1a3ceceab4a@group-2C0FEEE55AE1-FollowerState was interrupted: java.lang.InterruptedException: sleep interrupted
2019-10-17 07:09:38,839 [grpc-default-executor-7] INFO  impl.RoleInfo (RoleInfo.java:updateAndGet(143)) - 805254cc-2da6-48d8-a2f9-c1a3ceceab4a: start FollowerState
2019-10-17 07:09:38,864 [696df33b-59a0-4145-913f-936aff0d1566@group-2C0FEEE55AE1-LeaderElection1157] INFO  impl.LeaderElection (LeaderElection.java:logAndReturn(56)) - 696df33b-59a0-4145-913f-936aff0d1566@group-2C0FEEE55AE1-LeaderElection1157: Election REJECTED; received 2 response(s) [696df33b-59a0-4145-913f-936aff0d1566<-f3ee4219-89bb-47f2-bbe0-5f784575b745#0:FAIL-t81, 696df33b-59a0-4145-913f-936aff0d1566<-805254cc-2da6-48d8-a2f9-c1a3ceceab4a#0:FAIL-t81] and 0 exception(s); 696df33b-59a0-4145-913f-936aff0d1566@group-2C0FEEE55AE1:t81, leader=null, voted=696df33b-59a0-4145-913f-936aff0d1566, raftlog=696df33b-59a0-4145-913f-936aff0d1566@group-2C0FEEE55AE1-SegmentedRaftLog:OPENED:c-1,f-1,i0, conf=-1: [f3ee4219-89bb-47f2-bbe0-5f784575b745:192.168.157.211:38722, 805254cc-2da6-48d8-a2f9-c1a3ceceab4a:192.168.157.211:35407, 696df33b-59a0-4145-913f-936aff0d1566:192.168.157.211:38803], old=null
2019-10-17 07:09:38,864 [696df33b-59a0-4145-913f-936aff0d1566@group-2C0FEEE55AE1-LeaderElection1157] INFO  impl.RaftServerImpl (RaftServerImpl.java:setRole(184)) - 696df33b-59a0-4145-913f-936aff0d1566@group-2C0FEEE55AE1: changes role from CANDIDATE to FOLLOWER at term 81 for DISCOVERED_A_NEW_TERM
2019-10-17 07:09:38,864 [696df33b-59a0-4145-913f-936aff0d1566@group-2C0FEEE55AE1-LeaderElection1157] INFO  impl.RoleInfo (RoleInfo.java:shutdownLeaderElection(134)) - 696df33b-59a0-4145-913f-936aff0d1566: shutdown LeaderElection
2019-10-17 07:09:38,864 [696df33b-59a0-4145-913f-936aff0d1566@group-2C0FEEE55AE1-LeaderElection1157] INFO  impl.RoleInfo (RoleInfo.java:updateAndGet(143)) - 696df33b-59a0-4145-913f-936aff0d1566: start FollowerState
2019-10-17 07:09:39,046 [Thread-10237] INFO  impl.FollowerState (FollowerState.java:run(108)) - 696df33b-59a0-4145-913f-936aff0d1566@group-2C0FEEE55AE1-FollowerState: change to CANDIDATE, lastRpcTime:181ms, electionTimeout:181ms
2019-10-17 07:09:39,046 [Thread-10237] INFO  impl.RoleInfo (RoleInfo.java:shutdownFollowerState(121)) - 696df33b-59a0-4145-913f-936aff0d1566: shutdown FollowerState
2019-10-17 07:09:39,046 [Thread-10237] INFO  impl.RaftServerImpl (RaftServerImpl.java:setRole(184)) - 696df33b-59a0-4145-913f-936aff0d1566@group-2C0FEEE55AE1: changes role from  FOLLOWER to CANDIDATE at term 81 for changeToCandidate
2019-10-17 07:09:39,046 [Thread-10237] INFO  impl.RoleInfo (RoleInfo.java:updateAndGet(143)) - 696df33b-59a0-4145-913f-936aff0d1566: start LeaderElection
2019-10-17 07:09:39,071 [696df33b-59a0-4145-913f-936aff0d1566@group-2C0FEEE55AE1-LeaderElection1158] INFO  impl.LeaderElection (LeaderElection.java:askForVotes(178)) - 696df33b-59a0-4145-913f-936aff0d1566@group-2C0FEEE55AE1-LeaderElection1158: begin an election at term 82 for -1: [f3ee4219-89bb-47f2-bbe0-5f784575b745:192.168.157.211:38722, 805254cc-2da6-48d8-a2f9-c1a3ceceab4a:192.168.157.211:35407, 696df33b-59a0-4145-913f-936aff0d1566:192.168.157.211:38803], old=null
2019-10-17 07:09:39,072 [grpc-default-executor-7] INFO  impl.RaftServerImpl (RaftServerImpl.java:setRole(184)) - 805254cc-2da6-48d8-a2f9-c1a3ceceab4a@group-2C0FEEE55AE1: changes role from  FOLLOWER to FOLLOWER at term 82 for recognizeCandidate:696df33b-59a0-4145-913f-936aff0d1566
2019-10-17 07:09:39,072 [grpc-default-executor-5] INFO  impl.RaftServerImpl (RaftServerImpl.java:setRole(184)) - f3ee4219-89bb-47f2-bbe0-5f784575b745@group-2C0FEEE55AE1: changes role from  FOLLOWER to FOLLOWER at term 82 for recognizeCandidate:696df33b-59a0-4145-913f-936aff0d1566
2019-10-17 07:09:39,073 [grpc-default-executor-7] INFO  impl.RoleInfo (RoleInfo.java:shutdownFollowerState(121)) - 805254cc-2da6-48d8-a2f9-c1a3ceceab4a: shutdown FollowerState
2019-10-17 07:09:39,073 [grpc-default-executor-5] INFO  impl.RoleInfo (RoleInfo.java:shutdownFollowerState(121)) - f3ee4219-89bb-47f2-bbe0-5f784575b745: shutdown FollowerState
2019-10-17 07:09:39,073 [Thread-10236] INFO  impl.FollowerState (FollowerState.java:run(117)) - 805254cc-2da6-48d8-a2f9-c1a3ceceab4a@group-2C0FEEE55AE1-FollowerState was interrupted: java.lang.InterruptedException: sleep interrupted
2019-10-17 07:09:39,073 [grpc-default-executor-7] INFO  impl.RoleInfo (RoleInfo.java:updateAndGet(143)) - 805254cc-2da6-48d8-a2f9-c1a3ceceab4a: start FollowerState
2019-10-17 07:09:39,073 [Thread-10235] INFO  impl.FollowerState (FollowerState.java:run(117)) - f3ee4219-89bb-47f2-bbe0-5f784575b745@group-2C0FEEE55AE1-FollowerState was interrupted: java.lang.InterruptedException: sleep interrupted
2019-10-17 07:09:39,073 [grpc-default-executor-5] INFO  impl.RoleInfo (RoleInfo.java:updateAndGet(143)) - f3ee4219-89bb-47f2-bbe0-5f784575b745: start FollowerState
2019-10-17 07:09:39,099 [696df33b-59a0-4145-913f-936aff0d1566@group-2C0FEEE55AE1-LeaderElection1158] INFO  impl.LeaderElection (LeaderElection.java:logAndReturn(56)) - 696df33b-59a0-4145-913f-936aff0d1566@group-2C0FEEE55AE1-LeaderElection1158: Election REJECTED; received 2 response(s) [696df33b-59a0-4145-913f-936aff0d1566<-f3ee4219-89bb-47f2-bbe0-5f784575b745#0:FAIL-t82, 696df33b-59a0-4145-913f-936aff0d1566<-805254cc-2da6-48d8-a2f9-c1a3ceceab4a#0:FAIL-t82] and 0 exception(s); 696df33b-59a0-4145-913f-936aff0d1566@group-2C0FEEE55AE1:t82, leader=null, voted=696df33b-59a0-4145-913f-936aff0d1566, raftlog=696df33b-59a0-4145-913f-936aff0d1566@group-2C0FEEE55AE1-SegmentedRaftLog:OPENED:c-1,f-1,i0, conf=-1: [f3ee4219-89bb-47f2-bbe0-5f784575b745:192.168.157.211:38722, 805254cc-2da6-48d8-a2f9-c1a3ceceab4a:192.168.157.211:35407, 696df33b-59a0-4145-913f-936aff0d1566:192.168.157.211:38803], old=null
2019-10-17 07:09:39,099 [696df33b-59a0-4145-913f-936aff0d1566@group-2C0FEEE55AE1-LeaderElection1158] INFO  impl.RaftServerImpl (RaftServerImpl.java:setRole(184)) - 696df33b-59a0-4145-913f-936aff0d1566@group-2C0FEEE55AE1: changes role from CANDIDATE to FOLLOWER at term 82 for DISCOVERED_A_NEW_TERM
2019-10-17 07:09:39,099 [696df33b-59a0-4145-913f-936aff0d1566@group-2C0FEEE55AE1-LeaderElection1158] INFO  impl.RoleInfo (RoleInfo.java:shutdownLeaderElection(134)) - 696df33b-59a0-4145-913f-936aff0d1566: shutdown LeaderElection
2019-10-17 07:09:39,099 [696df33b-59a0-4145-913f-936aff0d1566@group-2C0FEEE55AE1-LeaderElection1158] INFO  impl.RoleInfo (RoleInfo.java:updateAndGet(143)) - 696df33b-59a0-4145-913f-936aff0d1566: start FollowerState
2019-10-17 07:09:39,184 [main] WARN  io.KeyOutputStream (KeyOutputStream.java:handleException(274)) - Encountered exception java.io.IOException: Unexpected Storage Container Exception: java.util.concurrent.CompletionException: java.util.concurrent.CompletionException: org.apache.ratis.protocol.RaftRetryFailureException: Failed RaftClientRequest:client-5A105CDC8B23->f3ee4219-89bb-47f2-bbe0-5f784575b745@group-2C0FEEE55AE1, cid=125, seq=1*, RW, cmdType: WriteChunk
traceID: "3f3c1d81fbcaaad0:3f3c1d81fbcaaad0:0:0"
containerID: 1
datanodeUuid: "f3ee4219-89bb-47f2-bbe0-5f784575b745"
writeChunk {
  blockID {
    containerID: 1
    localID: 102976465792204813
    blockCommitSequenceId: 0
  }
  chunkData {
    chunkName: "102976465792204813_chunk_1"
    offset: 0
    len: 1048576
    checksumData {
      type: CRC32
      bytesPerChecksum: 1048576
      checksums: "\365\217\032\264"
    }
  }
}
, data.size=1048576 for 10 attempts with RetryLimited(maxAttempts=10, sleepTime=1000ms) on the pipeline Pipeline[ Id: 4f463c09-2de0-4886-bad6-2c0feee55ae1, Nodes: f3ee4219-89bb-47f2-bbe0-5f784575b745{ip: 192.168.157.211, host: pr-hdds-2286-nkqct-1837310268, networkLocation: /rack1, certSerialId: null}696df33b-59a0-4145-913f-936aff0d1566{ip: 192.168.157.211, host: pr-hdds-2286-nkqct-1837310268, networkLocation: /rack1, certSerialId: null}805254cc-2da6-48d8-a2f9-c1a3ceceab4a{ip: 192.168.157.211, host: pr-hdds-2286-nkqct-1837310268, networkLocation: /rack1, certSerialId: null}, Type:RATIS, Factor:THREE, State:OPEN]. The last committed block length is 0, uncommitted data length is 1048576 retry count 0
2019-10-17 07:09:39,192 [main] INFO  io.BlockOutputStreamEntryPool (BlockOutputStreamEntryPool.java:allocateNewBlock(257)) - Allocating block with excludeList: datanodes = [], pipelines = [PipelineID=4f463c09-2de0-4886-bad6-2c0feee55ae1], containers = []
2019-10-17 07:09:39,195 [IPC Server handler 3 on 39899] INFO  server.SCMBlockProtocolServer (SCMBlockProtocolServer.java:allocateBlock(179)) - Allocating blocks 1 of size 4194304, with excludeList: datanodes = [], pipelines = [PipelineID=4f463c09-2de0-4886-bad6-2c0feee55ae1], containers = []
2019-10-17 07:09:39,293 [Thread-10247] INFO  impl.FollowerState (FollowerState.java:run(108)) - 696df33b-59a0-4145-913f-936aff0d1566@group-2C0FEEE55AE1-FollowerState: change to CANDIDATE, lastRpcTime:193ms, electionTimeout:193ms
2019-10-17 07:09:39,293 [Thread-10247] INFO  impl.RoleInfo (RoleInfo.java:shutdownFollowerState(121)) - 696df33b-59a0-4145-913f-936aff0d1566: shutdown FollowerState
2019-10-17 07:09:39,293 [Thread-10247] INFO  impl.RaftServerImpl (RaftServerImpl.java:setRole(184)) - 696df33b-59a0-4145-913f-936aff0d1566@group-2C0FEEE55AE1: changes role from  FOLLOWER to CANDIDATE at term 82 for changeToCandidate
2019-10-17 07:09:39,293 [Thread-10247] INFO  impl.RoleInfo (RoleInfo.java:updateAndGet(143)) - 696df33b-59a0-4145-913f-936aff0d1566: start LeaderElection
2019-10-17 07:09:39,311 [696df33b-59a0-4145-913f-936aff0d1566@group-2C0FEEE55AE1-LeaderElection1159] INFO  impl.LeaderElection (LeaderElection.java:askForVotes(178)) - 696df33b-59a0-4145-913f-936aff0d1566@group-2C0FEEE55AE1-LeaderElection1159: begin an election at term 83 for -1: [f3ee4219-89bb-47f2-bbe0-5f784575b745:192.168.157.211:38722, 805254cc-2da6-48d8-a2f9-c1a3ceceab4a:192.168.157.211:35407, 696df33b-59a0-4145-913f-936aff0d1566:192.168.157.211:38803], old=null
2019-10-17 07:09:39,312 [grpc-default-executor-5] INFO  impl.RaftServerImpl (RaftServerImpl.java:setRole(184)) - f3ee4219-89bb-47f2-bbe0-5f784575b745@group-2C0FEEE55AE1: changes role from  FOLLOWER to FOLLOWER at term 83 for recognizeCandidate:696df33b-59a0-4145-913f-936aff0d1566
2019-10-17 07:09:39,312 [grpc-default-executor-2] INFO  impl.RaftServerImpl (RaftServerImpl.java:setRole(184)) - 805254cc-2da6-48d8-a2f9-c1a3ceceab4a@group-2C0FEEE55AE1: changes role from  FOLLOWER to FOLLOWER at term 83 for recognizeCandidate:696df33b-59a0-4145-913f-936aff0d1566
2019-10-17 07:09:39,312 [grpc-default-executor-2] INFO  impl.RoleInfo (RoleInfo.java:shutdownFollowerState(121)) - 805254cc-2da6-48d8-a2f9-c1a3ceceab4a: shutdown FollowerState
2019-10-17 07:09:39,312 [grpc-default-executor-5] INFO  impl.RoleInfo (RoleInfo.java:shutdownFollowerState(121)) - f3ee4219-89bb-47f2-bbe0-5f784575b745: shutdown FollowerState
2019-10-17 07:09:39,312 [Thread-10245] INFO  impl.FollowerState (FollowerState.java:run(117)) - 805254cc-2da6-48d8-a2f9-c1a3ceceab4a@group-2C0FEEE55AE1-FollowerState was interrupted: java.lang.InterruptedException: sleep interrupted
2019-10-17 07:09:39,312 [grpc-default-executor-2] INFO  impl.RoleInfo (RoleInfo.java:updateAndGet(143)) - 805254cc-2da6-48d8-a2f9-c1a3ceceab4a: start FollowerState
2019-10-17 07:09:39,312 [Thread-10246] INFO  impl.FollowerState (FollowerState.java:run(117)) - f3ee4219-89bb-47f2-bbe0-5f784575b745@group-2C0FEEE55AE1-FollowerState was interrupted: java.lang.InterruptedException: sleep interrupted
2019-10-17 07:09:39,312 [grpc-default-executor-5] INFO  impl.RoleInfo (RoleInfo.java:updateAndGet(143)) - f3ee4219-89bb-47f2-bbe0-5f784575b745: start FollowerState
2019-10-17 07:09:39,335 [696df33b-59a0-4145-913f-936aff0d1566@group-2C0FEEE55AE1-LeaderElection1159] INFO  impl.LeaderElection (LeaderElection.java:logAndReturn(56)) - 696df33b-59a0-4145-913f-936aff0d1566@group-2C0FEEE55AE1-LeaderElection1159: Election REJECTED; received 2 response(s) [696df33b-59a0-4145-913f-936aff0d1566<-f3ee4219-89bb-47f2-bbe0-5f784575b745#0:FAIL-t83, 696df33b-59a0-4145-913f-936aff0d1566<-805254cc-2da6-48d8-a2f9-c1a3ceceab4a#0:FAIL-t83] and 0 exception(s); 696df33b-59a0-4145-913f-936aff0d1566@group-2C0FEEE55AE1:t83, leader=null, voted=696df33b-59a0-4145-913f-936aff0d1566, raftlog=696df33b-59a0-4145-913f-936aff0d1566@group-2C0FEEE55AE1-SegmentedRaftLog:OPENED:c-1,f-1,i0, conf=-1: [f3ee4219-89bb-47f2-bbe0-5f784575b745:192.168.157.211:38722, 805254cc-2da6-48d8-a2f9-c1a3ceceab4a:192.168.157.211:35407, 696df33b-59a0-4145-913f-936aff0d1566:192.168.157.211:38803], old=null
2019-10-17 07:09:39,335 [696df33b-59a0-4145-913f-936aff0d1566@group-2C0FEEE55AE1-LeaderElection1159] INFO  impl.RaftServerImpl (RaftServerImpl.java:setRole(184)) - 696df33b-59a0-4145-913f-936aff0d1566@group-2C0FEEE55AE1: changes role from CANDIDATE to FOLLOWER at term 83 for DISCOVERED_A_NEW_TERM
2019-10-17 07:09:39,336 [696df33b-59a0-4145-913f-936aff0d1566@group-2C0FEEE55AE1-LeaderElection1159] INFO  impl.RoleInfo (RoleInfo.java:shutdownLeaderElection(134)) - 696df33b-59a0-4145-913f-936aff0d1566: shutdown LeaderElection
2019-10-17 07:09:39,336 [696df33b-59a0-4145-913f-936aff0d1566@group-2C0FEEE55AE1-LeaderElection1159] INFO  impl.RoleInfo (RoleInfo.java:updateAndGet(143)) - 696df33b-59a0-4145-913f-936aff0d1566: start FollowerState
2019-10-17 07:09:39,518 [Thread-10260] INFO  impl.FollowerState (FollowerState.java:run(108)) - 696df33b-59a0-4145-913f-936aff0d1566@group-2C0FEEE55AE1-FollowerState: change to CANDIDATE, lastRpcTime:182ms, electionTimeout:182ms
2019-10-17 07:09:39,518 [Thread-10260] INFO  impl.RoleInfo (RoleInfo.java:shutdownFollowerState(121)) - 696df33b-59a0-4145-913f-936aff0d1566: shutdown FollowerState
2019-10-17 07:09:39,518 [Thread-10260] INFO  impl.RaftServerImpl (RaftServerImpl.java:setRole(184)) - 696df33b-59a0-4145-913f-936aff0d1566@group-2C0FEEE55AE1: changes role from  FOLLOWER to CANDIDATE at term 83 for changeToCandidate
2019-10-17 07:09:39,518 [Thread-10260] INFO  impl.RoleInfo (RoleInfo.java:updateAndGet(143)) - 696df33b-59a0-4145-913f-936aff0d1566: start LeaderElection
2019-10-17 07:09:39,528 [696df33b-59a0-4145-913f-936aff0d1566@group-2C0FEEE55AE1-LeaderElection1160] INFO  impl.LeaderElection (LeaderElection.java:askForVotes(178)) - 696df33b-59a0-4145-913f-936aff0d1566@group-2C0FEEE55AE1-LeaderElection1160: begin an election at term 84 for -1: [f3ee4219-89bb-47f2-bbe0-5f784575b745:192.168.157.211:38722, 805254cc-2da6-48d8-a2f9-c1a3ceceab4a:192.168.157.211:35407, 696df33b-59a0-4145-913f-936aff0d1566:192.168.157.211:38803], old=null
2019-10-17 07:09:39,530 [grpc-default-executor-5] INFO  impl.RaftServerImpl (RaftServerImpl.java:setRole(184)) - f3ee4219-89bb-47f2-bbe0-5f784575b745@group-2C0FEEE55AE1: changes role from  FOLLOWER to FOLLOWER at term 84 for recognizeCandidate:696df33b-59a0-4145-913f-936aff0d1566
2019-10-17 07:09:39,530 [grpc-default-executor-7] INFO  impl.RaftServerImpl (RaftServerImpl.java:setRole(184)) - 805254cc-2da6-48d8-a2f9-c1a3ceceab4a@group-2C0FEEE55AE1: changes role from  FOLLOWER to FOLLOWER at term 84 for recognizeCandidate:696df33b-59a0-4145-913f-936aff0d1566
2019-10-17 07:09:39,530 [grpc-default-executor-7] INFO  impl.RoleInfo (RoleInfo.java:shutdownFollowerState(121)) - 805254cc-2da6-48d8-a2f9-c1a3ceceab4a: shutdown FollowerState
2019-10-17 07:09:39,530 [grpc-default-executor-5] INFO  impl.RoleInfo (RoleInfo.java:shutdownFollowerState(121)) - f3ee4219-89bb-47f2-bbe0-5f784575b745: shutdown FollowerState
2019-10-17 07:09:39,530 [Thread-10257] INFO  impl.FollowerState (FollowerState.java:run(117)) - 805254cc-2da6-48d8-a2f9-c1a3ceceab4a@group-2C0FEEE55AE1-FollowerState was interrupted: java.lang.InterruptedException: sleep interrupted
2019-10-17 07:09:39,530 [Thread-10258] INFO  impl.FollowerState (FollowerState.java:run(117)) - f3ee4219-89bb-47f2-bbe0-5f784575b745@group-2C0FEEE55AE1-FollowerState was interrupted: java.lang.InterruptedException: sleep interrupted
2019-10-17 07:09:39,530 [grpc-default-executor-7] INFO  impl.RoleInfo (RoleInfo.java:updateAndGet(143)) - 805254cc-2da6-48d8-a2f9-c1a3ceceab4a: start FollowerState
2019-10-17 07:09:39,530 [grpc-default-executor-5] INFO  impl.RoleInfo (RoleInfo.java:updateAndGet(143)) - f3ee4219-89bb-47f2-bbe0-5f784575b745: start FollowerState
2019-10-17 07:09:39,553 [696df33b-59a0-4145-913f-936aff0d1566@group-2C0FEEE55AE1-LeaderElection1160] INFO  impl.LeaderElection (LeaderElection.java:logAndReturn(56)) - 696df33b-59a0-4145-913f-936aff0d1566@group-2C0FEEE55AE1-LeaderElection1160: Election REJECTED; received 2 response(s) [696df33b-59a0-4145-913f-936aff0d1566<-f3ee4219-89bb-47f2-bbe0-5f784575b745#0:FAIL-t84, 696df33b-59a0-4145-913f-936aff0d1566<-805254cc-2da6-48d8-a2f9-c1a3ceceab4a#0:FAIL-t84] and 0 exception(s); 696df33b-59a0-4145-913f-936aff0d1566@group-2C0FEEE55AE1:t84, leader=null, voted=696df33b-59a0-4145-913f-936aff0d1566, raftlog=696df33b-59a0-4145-913f-936aff0d1566@group-2C0FEEE55AE1-SegmentedRaftLog:OPENED:c-1,f-1,i0, conf=-1: [f3ee4219-89bb-47f2-bbe0-5f784575b745:192.168.157.211:38722, 805254cc-2da6-48d8-a2f9-c1a3ceceab4a:192.168.157.211:35407, 696df33b-59a0-4145-913f-936aff0d1566:192.168.157.211:38803], old=null
2019-10-17 07:09:39,553 [696df33b-59a0-4145-913f-936aff0d1566@group-2C0FEEE55AE1-LeaderElection1160] INFO  impl.RaftServerImpl (RaftServerImpl.java:setRole(184)) - 696df33b-59a0-4145-913f-936aff0d1566@group-2C0FEEE55AE1: changes role from CANDIDATE to FOLLOWER at term 84 for DISCOVERED_A_NEW_TERM
2019-10-17 07:09:39,553 [696df33b-59a0-4145-913f-936aff0d1566@group-2C0FEEE55AE1-LeaderElection1160] INFO  impl.RoleInfo (RoleInfo.java:shutdownLeaderElection(134)) - 696df33b-59a0-4145-913f-936aff0d1566: shutdown LeaderElection
2019-10-17 07:09:39,553 [696df33b-59a0-4145-913f-936aff0d1566@group-2C0FEEE55AE1-LeaderElection1160] INFO  impl.RoleInfo (RoleInfo.java:updateAndGet(143)) - 696df33b-59a0-4145-913f-936aff0d1566: start FollowerState
2019-10-17 07:09:39,694 [Thread-10281] INFO  impl.FollowerState (FollowerState.java:run(108)) - 696df33b-59a0-4145-913f-936aff0d1566@group-2C0FEEE55AE1-FollowerState: change to CANDIDATE, lastRpcTime:141ms, electionTimeout:141ms
2019-10-17 07:09:39,694 [Thread-10281] INFO  impl.RoleInfo (RoleInfo.java:shutdownFollowerState(121)) - 696df33b-59a0-4145-913f-936aff0d1566: shutdown FollowerState
2019-10-17 07:09:39,695 [Thread-10281] INFO  impl.RaftServerImpl (RaftServerImpl.java:setRole(184)) - 696df33b-59a0-4145-913f-936aff0d1566@group-2C0FEEE55AE1: changes role from  FOLLOWER to CANDIDATE at term 84 for changeToCandidate
2019-10-17 07:09:39,695 [Thread-10281] INFO  impl.RoleInfo (RoleInfo.java:updateAndGet(143)) - 696df33b-59a0-4145-913f-936aff0d1566: start LeaderElection
2019-10-17 07:09:39,720 [696df33b-59a0-4145-913f-936aff0d1566@group-2C0FEEE55AE1-LeaderElection1161] INFO  impl.LeaderElection (LeaderElection.java:askForVotes(178)) - 696df33b-59a0-4145-913f-936aff0d1566@group-2C0FEEE55AE1-LeaderElection1161: begin an election at term 85 for -1: [f3ee4219-89bb-47f2-bbe0-5f784575b745:192.168.157.211:38722, 805254cc-2da6-48d8-a2f9-c1a3ceceab4a:192.168.157.211:35407, 696df33b-59a0-4145-913f-936aff0d1566:192.168.157.211:38803], old=null
2019-10-17 07:09:39,721 [grpc-default-executor-7] INFO  impl.RaftServerImpl (RaftServerImpl.java:setRole(184)) - 805254cc-2da6-48d8-a2f9-c1a3ceceab4a@group-2C0FEEE55AE1: changes role from  FOLLOWER to FOLLOWER at term 85 for recognizeCandidate:696df33b-59a0-4145-913f-936aff0d1566
2019-10-17 07:09:39,722 [grpc-default-executor-7] INFO  impl.RoleInfo (RoleInfo.java:shutdownFollowerState(121)) - 805254cc-2da6-48d8-a2f9-c1a3ceceab4a: shutdown FollowerState
2019-10-17 07:09:39,721 [grpc-default-executor-5] INFO  impl.RaftServerImpl (RaftServerImpl.java:setRole(184)) - f3ee4219-89bb-47f2-bbe0-5f784575b745@group-2C0FEEE55AE1: changes role from  FOLLOWER to FOLLOWER at term 85 for recognizeCandidate:696df33b-59a0-4145-913f-936aff0d1566
2019-10-17 07:09:39,722 [Thread-10279] INFO  impl.FollowerState (FollowerState.java:run(117)) - 805254cc-2da6-48d8-a2f9-c1a3ceceab4a@group-2C0FEEE55AE1-FollowerState was interrupted: java.lang.InterruptedException: sleep interrupted
2019-10-17 07:09:39,722 [grpc-default-executor-7] INFO  impl.RoleInfo (RoleInfo.java:updateAndGet(143)) - 805254cc-2da6-48d8-a2f9-c1a3ceceab4a: start FollowerState
2019-10-17 07:09:39,722 [grpc-default-executor-5] INFO  impl.RoleInfo (RoleInfo.java:shutdownFollowerState(121)) - f3ee4219-89bb-47f2-bbe0-5f784575b745: shutdown FollowerState
2019-10-17 07:09:39,722 [grpc-default-executor-5] INFO  impl.RoleInfo (RoleInfo.java:updateAndGet(143)) - f3ee4219-89bb-47f2-bbe0-5f784575b745: start FollowerState
2019-10-17 07:09:39,722 [Thread-10280] INFO  impl.FollowerState (FollowerState.java:run(117)) - f3ee4219-89bb-47f2-bbe0-5f784575b745@group-2C0FEEE55AE1-FollowerState was interrupted: java.lang.InterruptedException: sleep interrupted
2019-10-17 07:09:39,727 [696df33b-59a0-4145-913f-936aff0d1566@group-2C0FEEE55AE1-LeaderElection1161] INFO  impl.LeaderElection (LeaderElection.java:logAndReturn(56)) - 696df33b-59a0-4145-913f-936aff0d1566@group-2C0FEEE55AE1-LeaderElection1161: Election TIMEOUT; received 0 response(s) [] and 0 exception(s); 696df33b-59a0-4145-913f-936aff0d1566@group-2C0FEEE55AE1:t85, leader=null, voted=696df33b-59a0-4145-913f-936aff0d1566, raftlog=696df33b-59a0-4145-913f-936aff0d1566@group-2C0FEEE55AE1-SegmentedRaftLog:OPENED:c-1,f-1,i0, conf=-1: [f3ee4219-89bb-47f2-bbe0-5f784575b745:192.168.157.211:38722, 805254cc-2da6-48d8-a2f9-c1a3ceceab4a:192.168.157.211:35407, 696df33b-59a0-4145-913f-936aff0d1566:192.168.157.211:38803], old=null
2019-10-17 07:09:39,747 [696df33b-59a0-4145-913f-936aff0d1566@group-2C0FEEE55AE1-LeaderElection1161] INFO  impl.LeaderElection (LeaderElection.java:askForVotes(178)) - 696df33b-59a0-4145-913f-936aff0d1566@group-2C0FEEE55AE1-LeaderElection1161: begin an election at term 86 for -1: [f3ee4219-89bb-47f2-bbe0-5f784575b745:192.168.157.211:38722, 805254cc-2da6-48d8-a2f9-c1a3ceceab4a:192.168.157.211:35407, 696df33b-59a0-4145-913f-936aff0d1566:192.168.157.211:38803], old=null
2019-10-17 07:09:39,748 [grpc-default-executor-5] INFO  impl.RaftServerImpl (RaftServerImpl.java:setRole(184)) - f3ee4219-89bb-47f2-bbe0-5f784575b745@group-2C0FEEE55AE1: changes role from  FOLLOWER to FOLLOWER at term 86 for recognizeCandidate:696df33b-59a0-4145-913f-936aff0d1566
2019-10-17 07:09:39,748 [grpc-default-executor-7] INFO  impl.RaftServerImpl (RaftServerImpl.java:setRole(184)) - 805254cc-2da6-48d8-a2f9-c1a3ceceab4a@group-2C0FEEE55AE1: changes role from  FOLLOWER to FOLLOWER at term 86 for recognizeCandidate:696df33b-59a0-4145-913f-936aff0d1566
2019-10-17 07:09:39,748 [grpc-default-executor-5] INFO  impl.RoleInfo (RoleInfo.java:shutdownFollowerState(121)) - f3ee4219-89bb-47f2-bbe0-5f784575b745: shutdown FollowerState
2019-10-17 07:09:39,748 [grpc-default-executor-7] INFO  impl.RoleInfo (RoleInfo.java:shutdownFollowerState(121)) - 805254cc-2da6-48d8-a2f9-c1a3ceceab4a: shutdown FollowerState
2019-10-17 07:09:39,748 [Thread-10286] INFO  impl.FollowerState (FollowerState.java:run(117)) - f3ee4219-89bb-47f2-bbe0-5f784575b745@group-2C0FEEE55AE1-FollowerState was interrupted: java.lang.InterruptedException: sleep interrupted
2019-10-17 07:09:39,748 [grpc-default-executor-5] INFO  impl.RoleInfo (RoleInfo.java:updateAndGet(143)) - f3ee4219-89bb-47f2-bbe0-5f784575b745: start FollowerState
2019-10-17 07:09:39,749 [Thread-10285] INFO  impl.FollowerState (FollowerState.java:run(117)) - 805254cc-2da6-48d8-a2f9-c1a3ceceab4a@group-2C0FEEE55AE1-FollowerState was interrupted: java.lang.InterruptedException: sleep interrupted
2019-10-17 07:09:39,748 [grpc-default-executor-7] INFO  impl.RoleInfo (RoleInfo.java:updateAndGet(143)) - 805254cc-2da6-48d8-a2f9-c1a3ceceab4a: start FollowerState
2019-10-17 07:09:39,763 [696df33b-59a0-4145-913f-936aff0d1566@group-2C0FEEE55AE1-LeaderElection1161] INFO  impl.LeaderElection (LeaderElection.java:logAndReturn(56)) - 696df33b-59a0-4145-913f-936aff0d1566@group-2C0FEEE55AE1-LeaderElection1161: Election REJECTED; received 2 response(s) [696df33b-59a0-4145-913f-936aff0d1566<-f3ee4219-89bb-47f2-bbe0-5f784575b745#0:FAIL-t86, 696df33b-59a0-4145-913f-936aff0d1566<-805254cc-2da6-48d8-a2f9-c1a3ceceab4a#0:FAIL-t86] and 0 exception(s); 696df33b-59a0-4145-913f-936aff0d1566@group-2C0FEEE55AE1:t86, leader=null, voted=696df33b-59a0-4145-913f-936aff0d1566, raftlog=696df33b-59a0-4145-913f-936aff0d1566@group-2C0FEEE55AE1-SegmentedRaftLog:OPENED:c-1,f-1,i0, conf=-1: [f3ee4219-89bb-47f2-bbe0-5f784575b745:192.168.157.211:38722, 805254cc-2da6-48d8-a2f9-c1a3ceceab4a:192.168.157.211:35407, 696df33b-59a0-4145-913f-936aff0d1566:192.168.157.211:38803], old=null
2019-10-17 07:09:39,763 [696df33b-59a0-4145-913f-936aff0d1566@group-2C0FEEE55AE1-LeaderElection1161] INFO  impl.RaftServerImpl (RaftServerImpl.java:setRole(184)) - 696df33b-59a0-4145-913f-936aff0d1566@group-2C0FEEE55AE1: changes role from CANDIDATE to FOLLOWER at term 86 for DISCOVERED_A_NEW_TERM
2019-10-17 07:09:39,763 [696df33b-59a0-4145-913f-936aff0d1566@group-2C0FEEE55AE1-LeaderElection1161] INFO  impl.RoleInfo (RoleInfo.java:shutdownLeaderElection(134)) - 696df33b-59a0-4145-913f-936aff0d1566: shutdown LeaderElection
2019-10-17 07:09:39,763 [696df33b-59a0-4145-913f-936aff0d1566@group-2C0FEEE55AE1-LeaderElection1161] INFO  impl.RoleInfo (RoleInfo.java:updateAndGet(143)) - 696df33b-59a0-4145-913f-936aff0d1566: start FollowerState
2019-10-17 07:09:39,829 [Thread-10291] INFO  impl.FollowerState (FollowerState.java:run(108)) - 696df33b-59a0-4145-913f-936aff0d1566@group-2C0FEEE55AE1-FollowerState: change to CANDIDATE, lastRpcTime:65ms, electionTimeout:65ms
2019-10-17 07:09:39,829 [Thread-10291] INFO  impl.RoleInfo (RoleInfo.java:shutdownFollowerState(121)) - 696df33b-59a0-4145-913f-936aff0d1566: shutdown FollowerState
2019-10-17 07:09:39,829 [Thread-10291] INFO  impl.RaftServerImpl (RaftServerImpl.java:setRole(184)) - 696df33b-59a0-4145-913f-936aff0d1566@group-2C0FEEE55AE1: changes role from  FOLLOWER to CANDIDATE at term 86 for changeToCandidate
2019-10-17 07:09:39,829 [Thread-10291] INFO  impl.RoleInfo (RoleInfo.java:updateAndGet(143)) - 696df33b-59a0-4145-913f-936aff0d1566: start LeaderElection
2019-10-17 07:09:39,842 [696df33b-59a0-4145-913f-936aff0d1566@group-2C0FEEE55AE1-LeaderElection1162] INFO  impl.LeaderElection (LeaderElection.java:askForVotes(178)) - 696df33b-59a0-4145-913f-936aff0d1566@group-2C0FEEE55AE1-LeaderElection1162: begin an election at term 87 for -1: [f3ee4219-89bb-47f2-bbe0-5f784575b745:192.168.157.211:38722, 805254cc-2da6-48d8-a2f9-c1a3ceceab4a:192.168.157.211:35407, 696df33b-59a0-4145-913f-936aff0d1566:192.168.157.211:38803], old=null
2019-10-17 07:09:39,843 [grpc-default-executor-5] INFO  impl.RaftServerImpl (RaftServerImpl.java:setRole(184)) - f3ee4219-89bb-47f2-bbe0-5f784575b745@group-2C0FEEE55AE1: changes role from  FOLLOWER to FOLLOWER at term 87 for recognizeCandidate:696df33b-59a0-4145-913f-936aff0d1566
2019-10-17 07:09:39,843 [grpc-default-executor-7] INFO  impl.RaftServerImpl (RaftServerImpl.java:setRole(184)) - 805254cc-2da6-48d8-a2f9-c1a3ceceab4a@group-2C0FEEE55AE1: changes role from  FOLLOWER to FOLLOWER at term 87 for recognizeCandidate:696df33b-59a0-4145-913f-936aff0d1566
2019-10-17 07:09:39,843 [grpc-default-executor-5] INFO  impl.RoleInfo (RoleInfo.java:shutdownFollowerState(121)) - f3ee4219-89bb-47f2-bbe0-5f784575b745: shutdown FollowerState
2019-10-17 07:09:39,844 [grpc-default-executor-7] INFO  impl.RoleInfo (RoleInfo.java:shutdownFollowerState(121)) - 805254cc-2da6-48d8-a2f9-c1a3ceceab4a: shutdown FollowerState
2019-10-17 07:09:39,844 [grpc-default-executor-5] INFO  impl.RoleInfo (RoleInfo.java:updateAndGet(143)) - f3ee4219-89bb-47f2-bbe0-5f784575b745: start FollowerState
2019-10-17 07:09:39,844 [Thread-10290] INFO  impl.FollowerState (FollowerState.java:run(117)) - 805254cc-2da6-48d8-a2f9-c1a3ceceab4a@group-2C0FEEE55AE1-FollowerState was interrupted: java.lang.InterruptedException: sleep interrupted
2019-10-17 07:09:39,844 [grpc-default-executor-7] INFO  impl.RoleInfo (RoleInfo.java:updateAndGet(143)) - 805254cc-2da6-48d8-a2f9-c1a3ceceab4a: start FollowerState
2019-10-17 07:09:39,844 [Thread-10289] INFO  impl.FollowerState (FollowerState.java:run(117)) - f3ee4219-89bb-47f2-bbe0-5f784575b745@group-2C0FEEE55AE1-FollowerState was interrupted: java.lang.InterruptedException: sleep interrupted
2019-10-17 07:09:39,846 [696df33b-59a0-4145-913f-936aff0d1566@group-2C0FEEE55AE1-LeaderElection1162] INFO  impl.LeaderElection (LeaderElection.java:logAndReturn(56)) - 696df33b-59a0-4145-913f-936aff0d1566@group-2C0FEEE55AE1-LeaderElection1162: Election TIMEOUT; received 0 response(s) [] and 0 exception(s); 696df33b-59a0-4145-913f-936aff0d1566@group-2C0FEEE55AE1:t87, leader=null, voted=696df33b-59a0-4145-913f-936aff0d1566, raftlog=696df33b-59a0-4145-913f-936aff0d1566@group-2C0FEEE55AE1-SegmentedRaftLog:OPENED:c-1,f-1,i0, conf=-1: [f3ee4219-89bb-47f2-bbe0-5f784575b745:192.168.157.211:38722, 805254cc-2da6-48d8-a2f9-c1a3ceceab4a:192.168.157.211:35407, 696df33b-59a0-4145-913f-936aff0d1566:192.168.157.211:38803], old=null
2019-10-17 07:09:39,857 [696df33b-59a0-4145-913f-936aff0d1566@group-2C0FEEE55AE1-LeaderElection1162] INFO  impl.LeaderElection (LeaderElection.java:askForVotes(178)) - 696df33b-59a0-4145-913f-936aff0d1566@group-2C0FEEE55AE1-LeaderElection1162: begin an election at term 88 for -1: [f3ee4219-89bb-47f2-bbe0-5f784575b745:192.168.157.211:38722, 805254cc-2da6-48d8-a2f9-c1a3ceceab4a:192.168.157.211:35407, 696df33b-59a0-4145-913f-936aff0d1566:192.168.157.211:38803], old=null
2019-10-17 07:09:39,858 [grpc-default-executor-7] INFO  impl.RaftServerImpl (RaftServerImpl.java:setRole(184)) - f3ee4219-89bb-47f2-bbe0-5f784575b745@group-2C0FEEE55AE1: changes role from  FOLLOWER to FOLLOWER at term 88 for recognizeCandidate:696df33b-59a0-4145-913f-936aff0d1566
2019-10-17 07:09:39,858 [grpc-default-executor-7] INFO  impl.RoleInfo (RoleInfo.java:shutdownFollowerState(121)) - f3ee4219-89bb-47f2-bbe0-5f784575b745: shutdown FollowerState
2019-10-17 07:09:39,858 [grpc-default-executor-5] INFO  impl.RaftServerImpl (RaftServerImpl.java:setRole(184)) - 805254cc-2da6-48d8-a2f9-c1a3ceceab4a@group-2C0FEEE55AE1: changes role from  FOLLOWER to FOLLOWER at term 88 for recognizeCandidate:696df33b-59a0-4145-913f-936aff0d1566
2019-10-17 07:09:39,858 [grpc-default-executor-5] INFO  impl.RoleInfo (RoleInfo.java:shutdownFollowerState(121)) - 805254cc-2da6-48d8-a2f9-c1a3ceceab4a: shutdown FollowerState
2019-10-17 07:09:39,858 [Thread-10295] INFO  impl.FollowerState (FollowerState.java:run(117)) - f3ee4219-89bb-47f2-bbe0-5f784575b745@group-2C0FEEE55AE1-FollowerState was interrupted: java.lang.InterruptedException: sleep interrupted
2019-10-17 07:09:39,859 [Thread-10296] INFO  impl.FollowerState (FollowerState.java:run(117)) - 805254cc-2da6-48d8-a2f9-c1a3ceceab4a@group-2C0FEEE55AE1-FollowerState was interrupted: java.lang.InterruptedException: sleep interrupted
2019-10-17 07:09:39,858 [grpc-default-executor-7] INFO  impl.RoleInfo (RoleInfo.java:updateAndGet(143)) - f3ee4219-89bb-47f2-bbe0-5f784575b745: start FollowerState
2019-10-17 07:09:39,858 [grpc-default-executor-5] INFO  impl.RoleInfo (RoleInfo.java:updateAndGet(143)) - 805254cc-2da6-48d8-a2f9-c1a3ceceab4a: start FollowerState
2019-10-17 07:09:39,884 [696df33b-59a0-4145-913f-936aff0d1566@group-2C0FEEE55AE1-LeaderElection1162] INFO  impl.LeaderElection (LeaderElection.java:logAndReturn(56)) - 696df33b-59a0-4145-913f-936aff0d1566@group-2C0FEEE55AE1-LeaderElection1162: Election REJECTED; received 2 response(s) [696df33b-59a0-4145-913f-936aff0d1566<-f3ee4219-89bb-47f2-bbe0-5f784575b745#0:FAIL-t88, 696df33b-59a0-4145-913f-936aff0d1566<-805254cc-2da6-48d8-a2f9-c1a3ceceab4a#0:FAIL-t88] and 0 exception(s); 696df33b-59a0-4145-913f-936aff0d1566@group-2C0FEEE55AE1:t88, leader=null, voted=696df33b-59a0-4145-913f-936aff0d1566, raftlog=696df33b-59a0-4145-913f-936aff0d1566@group-2C0FEEE55AE1-SegmentedRaftLog:OPENED:c-1,f-1,i0, conf=-1: [f3ee4219-89bb-47f2-bbe0-5f784575b745:192.168.157.211:38722, 805254cc-2da6-48d8-a2f9-c1a3ceceab4a:192.168.157.211:35407, 696df33b-59a0-4145-913f-936aff0d1566:192.168.157.211:38803], old=null
2019-10-17 07:09:39,884 [696df33b-59a0-4145-913f-936aff0d1566@group-2C0FEEE55AE1-LeaderElection1162] INFO  impl.RaftServerImpl (RaftServerImpl.java:setRole(184)) - 696df33b-59a0-4145-913f-936aff0d1566@group-2C0FEEE55AE1: changes role from CANDIDATE to FOLLOWER at term 88 for DISCOVERED_A_NEW_TERM
2019-10-17 07:09:39,884 [696df33b-59a0-4145-913f-936aff0d1566@group-2C0FEEE55AE1-LeaderElection1162] INFO  impl.RoleInfo (RoleInfo.java:shutdownLeaderElection(134)) - 696df33b-59a0-4145-913f-936aff0d1566: shutdown LeaderElection
2019-10-17 07:09:39,885 [696df33b-59a0-4145-913f-936aff0d1566@group-2C0FEEE55AE1-LeaderElection1162] INFO  impl.RoleInfo (RoleInfo.java:updateAndGet(143)) - 696df33b-59a0-4145-913f-936aff0d1566: start FollowerState
2019-10-17 07:09:40,009 [Thread-10301] INFO  impl.FollowerState (FollowerState.java:run(108)) - 696df33b-59a0-4145-913f-936aff0d1566@group-2C0FEEE55AE1-FollowerState: change to CANDIDATE, lastRpcTime:124ms, electionTimeout:124ms
2019-10-17 07:09:40,009 [Thread-10301] INFO  impl.RoleInfo (RoleInfo.java:shutdownFollowerState(121)) - 696df33b-59a0-4145-913f-936aff0d1566: shutdown FollowerState
2019-10-17 07:09:40,009 [Thread-10301] INFO  impl.RaftServerImpl (RaftServerImpl.java:setRole(184)) - 696df33b-59a0-4145-913f-936aff0d1566@group-2C0FEEE55AE1: changes role from  FOLLOWER to CANDIDATE at term 88 for changeToCandidate
2019-10-17 07:09:40,009 [Thread-10301] INFO  impl.RoleInfo (RoleInfo.java:updateAndGet(143)) - 696df33b-59a0-4145-913f-936aff0d1566: start LeaderElection
2019-10-17 07:09:40,022 [696df33b-59a0-4145-913f-936aff0d1566@group-2C0FEEE55AE1-LeaderElection1163] INFO  impl.LeaderElection (LeaderElection.java:askForVotes(178)) - 696df33b-59a0-4145-913f-936aff0d1566@group-2C0FEEE55AE1-LeaderElection1163: begin an election at term 89 for -1: [f3ee4219-89bb-47f2-bbe0-5f784575b745:192.168.157.211:38722, 805254cc-2da6-48d8-a2f9-c1a3ceceab4a:192.168.157.211:35407, 696df33b-59a0-4145-913f-936aff0d1566:192.168.157.211:38803], old=null
2019-10-17 07:09:40,023 [grpc-default-executor-7] INFO  impl.RaftServerImpl (RaftServerImpl.java:setRole(184)) - f3ee4219-89bb-47f2-bbe0-5f784575b745@group-2C0FEEE55AE1: changes role from  FOLLOWER to FOLLOWER at term 89 for recognizeCandidate:696df33b-59a0-4145-913f-936aff0d1566
2019-10-17 07:09:40,023 [grpc-default-executor-7] INFO  impl.RoleInfo (RoleInfo.java:shutdownFollowerState(121)) - f3ee4219-89bb-47f2-bbe0-5f784575b745: shutdown FollowerState
2019-10-17 07:09:40,024 [grpc-default-executor-7] INFO  impl.RoleInfo (RoleInfo.java:updateAndGet(143)) - f3ee4219-89bb-47f2-bbe0-5f784575b745: start FollowerState
2019-10-17 07:09:40,024 [Thread-10299] INFO  impl.FollowerState (FollowerState.java:run(117)) - f3ee4219-89bb-47f2-bbe0-5f784575b745@group-2C0FEEE55AE1-FollowerState was interrupted: java.lang.InterruptedException: sleep interrupted
2019-10-17 07:09:40,024 [grpc-default-executor-5] INFO  impl.RaftServerImpl (RaftServerImpl.java:setRole(184)) - 805254cc-2da6-48d8-a2f9-c1a3ceceab4a@group-2C0FEEE55AE1: changes role from  FOLLOWER to FOLLOWER at term 89 for recognizeCandidate:696df33b-59a0-4145-913f-936aff0d1566
2019-10-17 07:09:40,024 [grpc-default-executor-5] INFO  impl.RoleInfo (RoleInfo.java:shutdownFollowerState(121)) - 805254cc-2da6-48d8-a2f9-c1a3ceceab4a: shutdown FollowerState
2019-10-17 07:09:40,024 [grpc-default-executor-5] INFO  impl.RoleInfo (RoleInfo.java:updateAndGet(143)) - 805254cc-2da6-48d8-a2f9-c1a3ceceab4a: start FollowerState
2019-10-17 07:09:40,024 [Thread-10300] INFO  impl.FollowerState (FollowerState.java:run(117)) - 805254cc-2da6-48d8-a2f9-c1a3ceceab4a@group-2C0FEEE55AE1-FollowerState was interrupted: java.lang.InterruptedException: sleep interrupted
2019-10-17 07:09:40,041 [696df33b-59a0-4145-913f-936aff0d1566@group-2C0FEEE55AE1-LeaderElection1163] INFO  impl.LeaderElection (LeaderElection.java:logAndReturn(56)) - 696df33b-59a0-4145-913f-936aff0d1566@group-2C0FEEE55AE1-LeaderElection1163: Election REJECTED; received 2 response(s) [696df33b-59a0-4145-913f-936aff0d1566<-f3ee4219-89bb-47f2-bbe0-5f784575b745#0:FAIL-t89, 696df33b-59a0-4145-913f-936aff0d1566<-805254cc-2da6-48d8-a2f9-c1a3ceceab4a#0:FAIL-t89] and 0 exception(s); 696df33b-59a0-4145-913f-936aff0d1566@group-2C0FEEE55AE1:t89, leader=null, voted=696df33b-59a0-4145-913f-936aff0d1566, raftlog=696df33b-59a0-4145-913f-936aff0d1566@group-2C0FEEE55AE1-SegmentedRaftLog:OPENED:c-1,f-1,i0, conf=-1: [f3ee4219-89bb-47f2-bbe0-5f784575b745:192.168.157.211:38722, 805254cc-2da6-48d8-a2f9-c1a3ceceab4a:192.168.157.211:35407, 696df33b-59a0-4145-913f-936aff0d1566:192.168.157.211:38803], old=null
2019-10-17 07:09:40,041 [696df33b-59a0-4145-913f-936aff0d1566@group-2C0FEEE55AE1-LeaderElection1163] INFO  impl.RaftServerImpl (RaftServerImpl.java:setRole(184)) - 696df33b-59a0-4145-913f-936aff0d1566@group-2C0FEEE55AE1: changes role from CANDIDATE to FOLLOWER at term 89 for DISCOVERED_A_NEW_TERM
2019-10-17 07:09:40,041 [696df33b-59a0-4145-913f-936aff0d1566@group-2C0FEEE55AE1-LeaderElection1163] INFO  impl.RoleInfo (RoleInfo.java:shutdownLeaderElection(134)) - 696df33b-59a0-4145-913f-936aff0d1566: shutdown LeaderElection
2019-10-17 07:09:40,041 [696df33b-59a0-4145-913f-936aff0d1566@group-2C0FEEE55AE1-LeaderElection1163] INFO  impl.RoleInfo (RoleInfo.java:updateAndGet(143)) - 696df33b-59a0-4145-913f-936aff0d1566: start FollowerState
2019-10-17 07:09:40,185 [Thread-10311] INFO  impl.FollowerState (FollowerState.java:run(108)) - 696df33b-59a0-4145-913f-936aff0d1566@group-2C0FEEE55AE1-FollowerState: change to CANDIDATE, lastRpcTime:143ms, electionTimeout:143ms
2019-10-17 07:09:40,185 [Thread-10311] INFO  impl.RoleInfo (RoleInfo.java:shutdownFollowerState(121)) - 696df33b-59a0-4145-913f-936aff0d1566: shutdown FollowerState
2019-10-17 07:09:40,185 [Thread-10311] INFO  impl.RaftServerImpl (RaftServerImpl.java:setRole(184)) - 696df33b-59a0-4145-913f-936aff0d1566@group-2C0FEEE55AE1: changes role from  FOLLOWER to CANDIDATE at term 89 for changeToCandidate
2019-10-17 07:09:40,185 [Thread-10311] INFO  impl.RoleInfo (RoleInfo.java:updateAndGet(143)) - 696df33b-59a0-4145-913f-936aff0d1566: start LeaderElection
2019-10-17 07:09:40,208 [696df33b-59a0-4145-913f-936aff0d1566@group-2C0FEEE55AE1-LeaderElection1164] INFO  impl.LeaderElection (LeaderElection.java:askForVotes(178)) - 696df33b-59a0-4145-913f-936aff0d1566@group-2C0FEEE55AE1-LeaderElection1164: begin an election at term 90 for -1: [f3ee4219-89bb-47f2-bbe0-5f784575b745:192.168.157.211:38722, 805254cc-2da6-48d8-a2f9-c1a3ceceab4a:192.168.157.211:35407, 696df33b-59a0-4145-913f-936aff0d1566:192.168.157.211:38803], old=null
2019-10-17 07:09:40,210 [grpc-default-executor-5] INFO  impl.RaftServerImpl (RaftServerImpl.java:setRole(184)) - f3ee4219-89bb-47f2-bbe0-5f784575b745@group-2C0FEEE55AE1: changes role from  FOLLOWER to FOLLOWER at term 90 for recognizeCandidate:696df33b-59a0-4145-913f-936aff0d1566
2019-10-17 07:09:40,210 [grpc-default-executor-5] INFO  impl.RoleInfo (RoleInfo.java:shutdownFollowerState(121)) - f3ee4219-89bb-47f2-bbe0-5f784575b745: shutdown FollowerState
2019-10-17 07:09:40,210 [grpc-default-executor-5] INFO  impl.RoleInfo (RoleInfo.java:updateAndGet(143)) - f3ee4219-89bb-47f2-bbe0-5f784575b745: start FollowerState
2019-10-17 07:09:40,210 [Thread-10309] INFO  impl.FollowerState (FollowerState.java:run(117)) - f3ee4219-89bb-47f2-bbe0-5f784575b745@group-2C0FEEE55AE1-FollowerState was interrupted: java.lang.InterruptedException: sleep interrupted
2019-10-17 07:09:40,211 [grpc-default-executor-7] INFO  impl.RaftServerImpl (RaftServerImpl.java:setRole(184)) - 805254cc-2da6-48d8-a2f9-c1a3ceceab4a@group-2C0FEEE55AE1: changes role from  FOLLOWER to FOLLOWER at term 90 for recognizeCandidate:696df33b-59a0-4145-913f-936aff0d1566
2019-10-17 07:09:40,211 [grpc-default-executor-7] INFO  impl.RoleInfo (RoleInfo.java:shutdownFollowerState(121)) - 805254cc-2da6-48d8-a2f9-c1a3ceceab4a: shutdown FollowerState
2019-10-17 07:09:40,211 [grpc-default-executor-7] INFO  impl.RoleInfo (RoleInfo.java:updateAndGet(143)) - 805254cc-2da6-48d8-a2f9-c1a3ceceab4a: start FollowerState
2019-10-17 07:09:40,211 [Thread-10310] INFO  impl.FollowerState (FollowerState.java:run(117)) - 805254cc-2da6-48d8-a2f9-c1a3ceceab4a@group-2C0FEEE55AE1-FollowerState was interrupted: java.lang.InterruptedException: sleep interrupted
2019-10-17 07:09:40,223 [Datanode State Machine Thread - 0] INFO  statemachine.DatanodeStateMachine (DatanodeStateMachine.java:lambda$startDaemon$0(350)) - Ozone container server started.
2019-10-17 07:09:40,227 [696df33b-59a0-4145-913f-936aff0d1566@group-2C0FEEE55AE1-LeaderElection1164] INFO  impl.LeaderElection (LeaderElection.java:logAndReturn(56)) - 696df33b-59a0-4145-913f-936aff0d1566@group-2C0FEEE55AE1-LeaderElection1164: Election REJECTED; received 2 response(s) [696df33b-59a0-4145-913f-936aff0d1566<-f3ee4219-89bb-47f2-bbe0-5f784575b745#0:FAIL-t90, 696df33b-59a0-4145-913f-936aff0d1566<-805254cc-2da6-48d8-a2f9-c1a3ceceab4a#0:FAIL-t90] and 0 exception(s); 696df33b-59a0-4145-913f-936aff0d1566@group-2C0FEEE55AE1:t90, leader=null, voted=696df33b-59a0-4145-913f-936aff0d1566, raftlog=696df33b-59a0-4145-913f-936aff0d1566@group-2C0FEEE55AE1-SegmentedRaftLog:OPENED:c-1,f-1,i0, conf=-1: [f3ee4219-89bb-47f2-bbe0-5f784575b745:192.168.157.211:38722, 805254cc-2da6-48d8-a2f9-c1a3ceceab4a:192.168.157.211:35407, 696df33b-59a0-4145-913f-936aff0d1566:192.168.157.211:38803], old=null
2019-10-17 07:09:40,227 [696df33b-59a0-4145-913f-936aff0d1566@group-2C0FEEE55AE1-LeaderElection1164] INFO  impl.RaftServerImpl (RaftServerImpl.java:setRole(184)) - 696df33b-59a0-4145-913f-936aff0d1566@group-2C0FEEE55AE1: changes role from CANDIDATE to FOLLOWER at term 90 for DISCOVERED_A_NEW_TERM
2019-10-17 07:09:40,227 [696df33b-59a0-4145-913f-936aff0d1566@group-2C0FEEE55AE1-LeaderElection1164] INFO  impl.RoleInfo (RoleInfo.java:shutdownLeaderElection(134)) - 696df33b-59a0-4145-913f-936aff0d1566: shutdown LeaderElection
2019-10-17 07:09:40,227 [696df33b-59a0-4145-913f-936aff0d1566@group-2C0FEEE55AE1-LeaderElection1164] INFO  impl.RoleInfo (RoleInfo.java:updateAndGet(143)) - 696df33b-59a0-4145-913f-936aff0d1566: start FollowerState
2019-10-17 07:09:40,251 [Thread-10317] INFO  impl.FollowerState (FollowerState.java:run(108)) - 696df33b-59a0-4145-913f-936aff0d1566@group-2C0FEEE55AE1-FollowerState: change to CANDIDATE, lastRpcTime:23ms, electionTimeout:23ms
2019-10-17 07:09:40,251 [Thread-10317] INFO  impl.RoleInfo (RoleInfo.java:shutdownFollowerState(121)) - 696df33b-59a0-4145-913f-936aff0d1566: shutdown FollowerState
2019-10-17 07:09:40,251 [Thread-10317] INFO  impl.RaftServerImpl (RaftServerImpl.java:setRole(184)) - 696df33b-59a0-4145-913f-936aff0d1566@group-2C0FEEE55AE1: changes role from  FOLLOWER to CANDIDATE at term 90 for changeToCandidate
2019-10-17 07:09:40,251 [Thread-10317] INFO  impl.RoleInfo (RoleInfo.java:updateAndGet(143)) - 696df33b-59a0-4145-913f-936aff0d1566: start LeaderElection
2019-10-17 07:09:40,258 [696df33b-59a0-4145-913f-936aff0d1566@group-2C0FEEE55AE1-LeaderElection1165] INFO  impl.LeaderElection (LeaderElection.java:askForVotes(178)) - 696df33b-59a0-4145-913f-936aff0d1566@group-2C0FEEE55AE1-LeaderElection1165: begin an election at term 91 for -1: [f3ee4219-89bb-47f2-bbe0-5f784575b745:192.168.157.211:38722, 805254cc-2da6-48d8-a2f9-c1a3ceceab4a:192.168.157.211:35407, 696df33b-59a0-4145-913f-936aff0d1566:192.168.157.211:38803], old=null
2019-10-17 07:09:40,260 [grpc-default-executor-7] INFO  impl.RaftServerImpl (RaftServerImpl.java:setRole(184)) - f3ee4219-89bb-47f2-bbe0-5f784575b745@group-2C0FEEE55AE1: changes role from  FOLLOWER to FOLLOWER at term 91 for recognizeCandidate:696df33b-59a0-4145-913f-936aff0d1566
2019-10-17 07:09:40,260 [grpc-default-executor-7] INFO  impl.RoleInfo (RoleInfo.java:shutdownFollowerState(121)) - f3ee4219-89bb-47f2-bbe0-5f784575b745: shutdown FollowerState
2019-10-17 07:09:40,260 [grpc-default-executor-7] INFO  impl.RoleInfo (RoleInfo.java:updateAndGet(143)) - f3ee4219-89bb-47f2-bbe0-5f784575b745: start FollowerState
2019-10-17 07:09:40,260 [Thread-10315] INFO  impl.FollowerState (FollowerState.java:run(117)) - f3ee4219-89bb-47f2-bbe0-5f784575b745@group-2C0FEEE55AE1-FollowerState was interrupted: java.lang.InterruptedException: sleep interrupted
2019-10-17 07:09:40,260 [grpc-default-executor-5] INFO  impl.RaftServerImpl (RaftServerImpl.java:setRole(184)) - 805254cc-2da6-48d8-a2f9-c1a3ceceab4a@group-2C0FEEE55AE1: changes role from  FOLLOWER to FOLLOWER at term 91 for recognizeCandidate:696df33b-59a0-4145-913f-936aff0d1566
2019-10-17 07:09:40,261 [grpc-default-executor-5] INFO  impl.RoleInfo (RoleInfo.java:shutdownFollowerState(121)) - 805254cc-2da6-48d8-a2f9-c1a3ceceab4a: shutdown FollowerState
2019-10-17 07:09:40,261 [grpc-default-executor-5] INFO  impl.RoleInfo (RoleInfo.java:updateAndGet(143)) - 805254cc-2da6-48d8-a2f9-c1a3ceceab4a: start FollowerState
2019-10-17 07:09:40,261 [Thread-10316] INFO  impl.FollowerState (FollowerState.java:run(117)) - 805254cc-2da6-48d8-a2f9-c1a3ceceab4a@group-2C0FEEE55AE1-FollowerState was interrupted: java.lang.InterruptedException: sleep interrupted
2019-10-17 07:09:40,298 [696df33b-59a0-4145-913f-936aff0d1566@group-2C0FEEE55AE1-LeaderElection1165] INFO  impl.LeaderElection (LeaderElection.java:logAndReturn(56)) - 696df33b-59a0-4145-913f-936aff0d1566@group-2C0FEEE55AE1-LeaderElection1165: Election REJECTED; received 2 response(s) [696df33b-59a0-4145-913f-936aff0d1566<-f3ee4219-89bb-47f2-bbe0-5f784575b745#0:FAIL-t91, 696df33b-59a0-4145-913f-936aff0d1566<-805254cc-2da6-48d8-a2f9-c1a3ceceab4a#0:FAIL-t91] and 0 exception(s); 696df33b-59a0-4145-913f-936aff0d1566@group-2C0FEEE55AE1:t91, leader=null, voted=696df33b-59a0-4145-913f-936aff0d1566, raftlog=696df33b-59a0-4145-913f-936aff0d1566@group-2C0FEEE55AE1-SegmentedRaftLog:OPENED:c-1,f-1,i0, conf=-1: [f3ee4219-89bb-47f2-bbe0-5f784575b745:192.168.157.211:38722, 805254cc-2da6-48d8-a2f9-c1a3ceceab4a:192.168.157.211:35407, 696df33b-59a0-4145-913f-936aff0d1566:192.168.157.211:38803], old=null
2019-10-17 07:09:40,299 [696df33b-59a0-4145-913f-936aff0d1566@group-2C0FEEE55AE1-LeaderElection1165] INFO  impl.RaftServerImpl (RaftServerImpl.java:setRole(184)) - 696df33b-59a0-4145-913f-936aff0d1566@group-2C0FEEE55AE1: changes role from CANDIDATE to FOLLOWER at term 91 for DISCOVERED_A_NEW_TERM
2019-10-17 07:09:40,299 [696df33b-59a0-4145-913f-936aff0d1566@group-2C0FEEE55AE1-LeaderElection1165] INFO  impl.RoleInfo (RoleInfo.java:shutdownLeaderElection(134)) - 696df33b-59a0-4145-913f-936aff0d1566: shutdown LeaderElection
2019-10-17 07:09:40,299 [696df33b-59a0-4145-913f-936aff0d1566@group-2C0FEEE55AE1-LeaderElection1165] INFO  impl.RoleInfo (RoleInfo.java:updateAndGet(143)) - 696df33b-59a0-4145-913f-936aff0d1566: start FollowerState
2019-10-17 07:09:40,445 [Thread-10323] INFO  impl.FollowerState (FollowerState.java:run(108)) - 696df33b-59a0-4145-913f-936aff0d1566@group-2C0FEEE55AE1-FollowerState: change to CANDIDATE, lastRpcTime:146ms, electionTimeout:146ms
2019-10-17 07:09:40,446 [Thread-10323] INFO  impl.RoleInfo (RoleInfo.java:shutdownFollowerState(121)) - 696df33b-59a0-4145-913f-936aff0d1566: shutdown FollowerState
2019-10-17 07:09:40,446 [Thread-10323] INFO  impl.RaftServerImpl (RaftServerImpl.java:setRole(184)) - 696df33b-59a0-4145-913f-936aff0d1566@group-2C0FEEE55AE1: changes role from  FOLLOWER to CANDIDATE at term 91 for changeToCandidate
2019-10-17 07:09:40,446 [Thread-10323] INFO  impl.RoleInfo (RoleInfo.java:updateAndGet(143)) - 696df33b-59a0-4145-913f-936aff0d1566: start LeaderElection
2019-10-17 07:09:40,461 [696df33b-59a0-4145-913f-936aff0d1566@group-2C0FEEE55AE1-LeaderElection1166] INFO  impl.LeaderElection (LeaderElection.java:askForVotes(178)) - 696df33b-59a0-4145-913f-936aff0d1566@group-2C0FEEE55AE1-LeaderElection1166: begin an election at term 92 for -1: [f3ee4219-89bb-47f2-bbe0-5f784575b745:192.168.157.211:38722, 805254cc-2da6-48d8-a2f9-c1a3ceceab4a:192.168.157.211:35407, 696df33b-59a0-4145-913f-936aff0d1566:192.168.157.211:38803], old=null
2019-10-17 07:09:40,462 [grpc-default-executor-7] INFO  impl.RaftServerImpl (RaftServerImpl.java:setRole(184)) - f3ee4219-89bb-47f2-bbe0-5f784575b745@group-2C0FEEE55AE1: changes role from  FOLLOWER to FOLLOWER at term 92 for recognizeCandidate:696df33b-59a0-4145-913f-936aff0d1566
2019-10-17 07:09:40,462 [grpc-default-executor-7] INFO  impl.RoleInfo (RoleInfo.java:shutdownFollowerState(121)) - f3ee4219-89bb-47f2-bbe0-5f784575b745: shutdown FollowerState
2019-10-17 07:09:40,462 [grpc-default-executor-5] INFO  impl.RaftServerImpl (RaftServerImpl.java:setRole(184)) - 805254cc-2da6-48d8-a2f9-c1a3ceceab4a@group-2C0FEEE55AE1: changes role from  FOLLOWER to FOLLOWER at term 92 for recognizeCandidate:696df33b-59a0-4145-913f-936aff0d1566
2019-10-17 07:09:40,462 [grpc-default-executor-5] INFO  impl.RoleInfo (RoleInfo.java:shutdownFollowerState(121)) - 805254cc-2da6-48d8-a2f9-c1a3ceceab4a: shutdown FollowerState
2019-10-17 07:09:40,462 [Thread-10321] INFO  impl.FollowerState (FollowerState.java:run(117)) - f3ee4219-89bb-47f2-bbe0-5f784575b745@group-2C0FEEE55AE1-FollowerState was interrupted: java.lang.InterruptedException: sleep interrupted
2019-10-17 07:09:40,462 [grpc-default-executor-7] INFO  impl.RoleInfo (RoleInfo.java:updateAndGet(143)) - f3ee4219-89bb-47f2-bbe0-5f784575b745: start FollowerState
2019-10-17 07:09:40,463 [Thread-10322] INFO  impl.FollowerState (FollowerState.java:run(117)) - 805254cc-2da6-48d8-a2f9-c1a3ceceab4a@group-2C0FEEE55AE1-FollowerState was interrupted: java.lang.InterruptedException: sleep interrupted
2019-10-17 07:09:40,463 [grpc-default-executor-5] INFO  impl.RoleInfo (RoleInfo.java:updateAndGet(143)) - 805254cc-2da6-48d8-a2f9-c1a3ceceab4a: start FollowerState
2019-10-17 07:09:40,488 [696df33b-59a0-4145-913f-936aff0d1566@group-2C0FEEE55AE1-LeaderElection1166] INFO  impl.LeaderElection (LeaderElection.java:logAndReturn(56)) - 696df33b-59a0-4145-913f-936aff0d1566@group-2C0FEEE55AE1-LeaderElection1166: Election REJECTED; received 2 response(s) [696df33b-59a0-4145-913f-936aff0d1566<-f3ee4219-89bb-47f2-bbe0-5f784575b745#0:FAIL-t92, 696df33b-59a0-4145-913f-936aff0d1566<-805254cc-2da6-48d8-a2f9-c1a3ceceab4a#0:FAIL-t92] and 0 exception(s); 696df33b-59a0-4145-913f-936aff0d1566@group-2C0FEEE55AE1:t92, leader=null, voted=696df33b-59a0-4145-913f-936aff0d1566, raftlog=696df33b-59a0-4145-913f-936aff0d1566@group-2C0FEEE55AE1-SegmentedRaftLog:OPENED:c-1,f-1,i0, conf=-1: [f3ee4219-89bb-47f2-bbe0-5f784575b745:192.168.157.211:38722, 805254cc-2da6-48d8-a2f9-c1a3ceceab4a:192.168.157.211:35407, 696df33b-59a0-4145-913f-936aff0d1566:192.168.157.211:38803], old=null
2019-10-17 07:09:40,488 [696df33b-59a0-4145-913f-936aff0d1566@group-2C0FEEE55AE1-LeaderElection1166] INFO  impl.RaftServerImpl (RaftServerImpl.java:setRole(184)) - 696df33b-59a0-4145-913f-936aff0d1566@group-2C0FEEE55AE1: changes role from CANDIDATE to FOLLOWER at term 92 for DISCOVERED_A_NEW_TERM
2019-10-17 07:09:40,488 [696df33b-59a0-4145-913f-936aff0d1566@group-2C0FEEE55AE1-LeaderElection1166] INFO  impl.RoleInfo (RoleInfo.java:shutdownLeaderElection(134)) - 696df33b-59a0-4145-913f-936aff0d1566: shutdown LeaderElection
2019-10-17 07:09:40,488 [696df33b-59a0-4145-913f-936aff0d1566@group-2C0FEEE55AE1-LeaderElection1166] INFO  impl.RoleInfo (RoleInfo.java:updateAndGet(143)) - 696df33b-59a0-4145-913f-936aff0d1566: start FollowerState
2019-10-17 07:09:40,628 [Thread-10333] INFO  impl.FollowerState (FollowerState.java:run(108)) - 696df33b-59a0-4145-913f-936aff0d1566@group-2C0FEEE55AE1-FollowerState: change to CANDIDATE, lastRpcTime:139ms, electionTimeout:139ms
2019-10-17 07:09:40,628 [Thread-10333] INFO  impl.RoleInfo (RoleInfo.java:shutdownFollowerState(121)) - 696df33b-59a0-4145-913f-936aff0d1566: shutdown FollowerState
2019-10-17 07:09:40,628 [Thread-10333] INFO  impl.RaftServerImpl (RaftServerImpl.java:setRole(184)) - 696df33b-59a0-4145-913f-936aff0d1566@group-2C0FEEE55AE1: changes role from  FOLLOWER to CANDIDATE at term 92 for changeToCandidate
2019-10-17 07:09:40,628 [Thread-10333] INFO  impl.RoleInfo (RoleInfo.java:updateAndGet(143)) - 696df33b-59a0-4145-913f-936aff0d1566: start LeaderElection
2019-10-17 07:09:40,632 [696df33b-59a0-4145-913f-936aff0d1566@group-2C0FEEE55AE1-LeaderElection1167] INFO  impl.LeaderElection (LeaderElection.java:askForVotes(178)) - 696df33b-59a0-4145-913f-936aff0d1566@group-2C0FEEE55AE1-LeaderElection1167: begin an election at term 93 for -1: [f3ee4219-89bb-47f2-bbe0-5f784575b745:192.168.157.211:38722, 805254cc-2da6-48d8-a2f9-c1a3ceceab4a:192.168.157.211:35407, 696df33b-59a0-4145-913f-936aff0d1566:192.168.157.211:38803], old=null
2019-10-17 07:09:40,634 [grpc-default-executor-7] INFO  impl.RaftServerImpl (RaftServerImpl.java:setRole(184)) - f3ee4219-89bb-47f2-bbe0-5f784575b745@group-2C0FEEE55AE1: changes role from  FOLLOWER to FOLLOWER at term 93 for recognizeCandidate:696df33b-59a0-4145-913f-936aff0d1566
2019-10-17 07:09:40,634 [grpc-default-executor-7] INFO  impl.RoleInfo (RoleInfo.java:shutdownFollowerState(121)) - f3ee4219-89bb-47f2-bbe0-5f784575b745: shutdown FollowerState
2019-10-17 07:09:40,634 [grpc-default-executor-7] INFO  impl.RoleInfo (RoleInfo.java:updateAndGet(143)) - f3ee4219-89bb-47f2-bbe0-5f784575b745: start FollowerState
2019-10-17 07:09:40,634 [Thread-10331] INFO  impl.FollowerState (FollowerState.java:run(117)) - f3ee4219-89bb-47f2-bbe0-5f784575b745@group-2C0FEEE55AE1-FollowerState was interrupted: java.lang.InterruptedException: sleep interrupted
2019-10-17 07:09:40,634 [grpc-default-executor-5] INFO  impl.RaftServerImpl (RaftServerImpl.java:setRole(184)) - 805254cc-2da6-48d8-a2f9-c1a3ceceab4a@group-2C0FEEE55AE1: changes role from  FOLLOWER to FOLLOWER at term 93 for recognizeCandidate:696df33b-59a0-4145-913f-936aff0d1566
2019-10-17 07:09:40,634 [grpc-default-executor-5] INFO  impl.RoleInfo (RoleInfo.java:shutdownFollowerState(121)) - 805254cc-2da6-48d8-a2f9-c1a3ceceab4a: shutdown FollowerState
2019-10-17 07:09:40,635 [grpc-default-executor-5] INFO  impl.RoleInfo (RoleInfo.java:updateAndGet(143)) - 805254cc-2da6-48d8-a2f9-c1a3ceceab4a: start FollowerState
2019-10-17 07:09:40,635 [Thread-10332] INFO  impl.FollowerState (FollowerState.java:run(117)) - 805254cc-2da6-48d8-a2f9-c1a3ceceab4a@group-2C0FEEE55AE1-FollowerState was interrupted: java.lang.InterruptedException: sleep interrupted
2019-10-17 07:09:40,649 [696df33b-59a0-4145-913f-936aff0d1566@group-2C0FEEE55AE1-LeaderElection1167] INFO  impl.LeaderElection (LeaderElection.java:logAndReturn(56)) - 696df33b-59a0-4145-913f-936aff0d1566@group-2C0FEEE55AE1-LeaderElection1167: Election REJECTED; received 2 response(s) [696df33b-59a0-4145-913f-936aff0d1566<-f3ee4219-89bb-47f2-bbe0-5f784575b745#0:FAIL-t93, 696df33b-59a0-4145-913f-936aff0d1566<-805254cc-2da6-48d8-a2f9-c1a3ceceab4a#0:FAIL-t93] and 0 exception(s); 696df33b-59a0-4145-913f-936aff0d1566@group-2C0FEEE55AE1:t93, leader=null, voted=696df33b-59a0-4145-913f-936aff0d1566, raftlog=696df33b-59a0-4145-913f-936aff0d1566@group-2C0FEEE55AE1-SegmentedRaftLog:OPENED:c-1,f-1,i0, conf=-1: [f3ee4219-89bb-47f2-bbe0-5f784575b745:192.168.157.211:38722, 805254cc-2da6-48d8-a2f9-c1a3ceceab4a:192.168.157.211:35407, 696df33b-59a0-4145-913f-936aff0d1566:192.168.157.211:38803], old=null
2019-10-17 07:09:40,649 [696df33b-59a0-4145-913f-936aff0d1566@group-2C0FEEE55AE1-LeaderElection1167] INFO  impl.RaftServerImpl (RaftServerImpl.java:setRole(184)) - 696df33b-59a0-4145-913f-936aff0d1566@group-2C0FEEE55AE1: changes role from CANDIDATE to FOLLOWER at term 93 for DISCOVERED_A_NEW_TERM
2019-10-17 07:09:40,649 [696df33b-59a0-4145-913f-936aff0d1566@group-2C0FEEE55AE1-LeaderElection1167] INFO  impl.RoleInfo (RoleInfo.java:shutdownLeaderElection(134)) - 696df33b-59a0-4145-913f-936aff0d1566: shutdown LeaderElection
2019-10-17 07:09:40,649 [696df33b-59a0-4145-913f-936aff0d1566@group-2C0FEEE55AE1-LeaderElection1167] INFO  impl.RoleInfo (RoleInfo.java:updateAndGet(143)) - 696df33b-59a0-4145-913f-936aff0d1566: start FollowerState
2019-10-17 07:09:40,694 [Thread-10339] INFO  impl.FollowerState (FollowerState.java:run(108)) - 696df33b-59a0-4145-913f-936aff0d1566@group-2C0FEEE55AE1-FollowerState: change to CANDIDATE, lastRpcTime:44ms, electionTimeout:44ms
2019-10-17 07:09:40,694 [Thread-10339] INFO  impl.RoleInfo (RoleInfo.java:shutdownFollowerState(121)) - 696df33b-59a0-4145-913f-936aff0d1566: shutdown FollowerState
2019-10-17 07:09:40,694 [Thread-10339] INFO  impl.RaftServerImpl (RaftServerImpl.java:setRole(184)) - 696df33b-59a0-4145-913f-936aff0d1566@group-2C0FEEE55AE1: changes role from  FOLLOWER to CANDIDATE at term 93 for changeToCandidate
2019-10-17 07:09:40,694 [Thread-10339] INFO  impl.RoleInfo (RoleInfo.java:updateAndGet(143)) - 696df33b-59a0-4145-913f-936aff0d1566: start LeaderElection
2019-10-17 07:09:40,707 [696df33b-59a0-4145-913f-936aff0d1566@group-2C0FEEE55AE1-LeaderElection1168] INFO  impl.LeaderElection (LeaderElection.java:askForVotes(178)) - 696df33b-59a0-4145-913f-936aff0d1566@group-2C0FEEE55AE1-LeaderElection1168: begin an election at term 94 for -1: [f3ee4219-89bb-47f2-bbe0-5f784575b745:192.168.157.211:38722, 805254cc-2da6-48d8-a2f9-c1a3ceceab4a:192.168.157.211:35407, 696df33b-59a0-4145-913f-936aff0d1566:192.168.157.211:38803], old=null
2019-10-17 07:09:40,709 [grpc-default-executor-5] INFO  impl.RaftServerImpl (RaftServerImpl.java:setRole(184)) - f3ee4219-89bb-47f2-bbe0-5f784575b745@group-2C0FEEE55AE1: changes role from  FOLLOWER to FOLLOWER at term 94 for recognizeCandidate:696df33b-59a0-4145-913f-936aff0d1566
2019-10-17 07:09:40,709 [grpc-default-executor-5] INFO  impl.RoleInfo (RoleInfo.java:shutdownFollowerState(121)) - f3ee4219-89bb-47f2-bbe0-5f784575b745: shutdown FollowerState
2019-10-17 07:09:40,709 [grpc-default-executor-5] INFO  impl.RoleInfo (RoleInfo.java:updateAndGet(143)) - f3ee4219-89bb-47f2-bbe0-5f784575b745: start FollowerState
2019-10-17 07:09:40,709 [Thread-10337] INFO  impl.FollowerState (FollowerState.java:run(117)) - f3ee4219-89bb-47f2-bbe0-5f784575b745@group-2C0FEEE55AE1-FollowerState was interrupted: java.lang.InterruptedException: sleep interrupted
2019-10-17 07:09:40,709 [grpc-default-executor-7] INFO  impl.RaftServerImpl (RaftServerImpl.java:setRole(184)) - 805254cc-2da6-48d8-a2f9-c1a3ceceab4a@group-2C0FEEE55AE1: changes role from  FOLLOWER to FOLLOWER at term 94 for recognizeCandidate:696df33b-59a0-4145-913f-936aff0d1566
2019-10-17 07:09:40,709 [grpc-default-executor-7] INFO  impl.RoleInfo (RoleInfo.java:shutdownFollowerState(121)) - 805254cc-2da6-48d8-a2f9-c1a3ceceab4a: shutdown FollowerState
2019-10-17 07:09:40,709 [grpc-default-executor-7] INFO  impl.RoleInfo (RoleInfo.java:updateAndGet(143)) - 805254cc-2da6-48d8-a2f9-c1a3ceceab4a: start FollowerState
2019-10-17 07:09:40,710 [Thread-10338] INFO  impl.FollowerState (FollowerState.java:run(117)) - 805254cc-2da6-48d8-a2f9-c1a3ceceab4a@group-2C0FEEE55AE1-FollowerState was interrupted: java.lang.InterruptedException: sleep interrupted
2019-10-17 07:09:40,723 [696df33b-59a0-4145-913f-936aff0d1566@group-2C0FEEE55AE1-LeaderElection1168] INFO  impl.LeaderElection (LeaderElection.java:logAndReturn(56)) - 696df33b-59a0-4145-913f-936aff0d1566@group-2C0FEEE55AE1-LeaderElection1168: Election REJECTED; received 2 response(s) [696df33b-59a0-4145-913f-936aff0d1566<-f3ee4219-89bb-47f2-bbe0-5f784575b745#0:FAIL-t94, 696df33b-59a0-4145-913f-936aff0d1566<-805254cc-2da6-48d8-a2f9-c1a3ceceab4a#0:FAIL-t94] and 0 exception(s); 696df33b-59a0-4145-913f-936aff0d1566@group-2C0FEEE55AE1:t94, leader=null, voted=696df33b-59a0-4145-913f-936aff0d1566, raftlog=696df33b-59a0-4145-913f-936aff0d1566@group-2C0FEEE55AE1-SegmentedRaftLog:OPENED:c-1,f-1,i0, conf=-1: [f3ee4219-89bb-47f2-bbe0-5f784575b745:192.168.157.211:38722, 805254cc-2da6-48d8-a2f9-c1a3ceceab4a:192.168.157.211:35407, 696df33b-59a0-4145-913f-936aff0d1566:192.168.157.211:38803], old=null
2019-10-17 07:09:40,723 [696df33b-59a0-4145-913f-936aff0d1566@group-2C0FEEE55AE1-LeaderElection1168] INFO  impl.RaftServerImpl (RaftServerImpl.java:setRole(184)) - 696df33b-59a0-4145-913f-936aff0d1566@group-2C0FEEE55AE1: changes role from CANDIDATE to FOLLOWER at term 94 for DISCOVERED_A_NEW_TERM
2019-10-17 07:09:40,724 [696df33b-59a0-4145-913f-936aff0d1566@group-2C0FEEE55AE1-LeaderElection1168] INFO  impl.RoleInfo (RoleInfo.java:shutdownLeaderElection(134)) - 696df33b-59a0-4145-913f-936aff0d1566: shutdown LeaderElection
2019-10-17 07:09:40,724 [696df33b-59a0-4145-913f-936aff0d1566@group-2C0FEEE55AE1-LeaderElection1168] INFO  impl.RoleInfo (RoleInfo.java:updateAndGet(143)) - 696df33b-59a0-4145-913f-936aff0d1566: start FollowerState
2019-10-17 07:09:40,821 [Thread-10345] INFO  impl.FollowerState (FollowerState.java:run(108)) - 696df33b-59a0-4145-913f-936aff0d1566@group-2C0FEEE55AE1-FollowerState: change to CANDIDATE, lastRpcTime:97ms, electionTimeout:97ms
2019-10-17 07:09:40,821 [Thread-10345] INFO  impl.RoleInfo (RoleInfo.java:shutdownFollowerState(121)) - 696df33b-59a0-4145-913f-936aff0d1566: shutdown FollowerState
2019-10-17 07:09:40,821 [Thread-10345] INFO  impl.RaftServerImpl (RaftServerImpl.java:setRole(184)) - 696df33b-59a0-4145-913f-936aff0d1566@group-2C0FEEE55AE1: changes role from  FOLLOWER to CANDIDATE at term 94 for changeToCandidate
2019-10-17 07:09:40,822 [Thread-10345] INFO  impl.RoleInfo (RoleInfo.java:updateAndGet(143)) - 696df33b-59a0-4145-913f-936aff0d1566: start LeaderElection
2019-10-17 07:09:40,848 [696df33b-59a0-4145-913f-936aff0d1566@group-2C0FEEE55AE1-LeaderElection1169] INFO  impl.LeaderElection (LeaderElection.java:askForVotes(178)) - 696df33b-59a0-4145-913f-936aff0d1566@group-2C0FEEE55AE1-LeaderElection1169: begin an election at term 95 for -1: [f3ee4219-89bb-47f2-bbe0-5f784575b745:192.168.157.211:38722, 805254cc-2da6-48d8-a2f9-c1a3ceceab4a:192.168.157.211:35407, 696df33b-59a0-4145-913f-936aff0d1566:192.168.157.211:38803], old=null
2019-10-17 07:09:40,849 [grpc-default-executor-7] INFO  impl.RaftServerImpl (RaftServerImpl.java:setRole(184)) - f3ee4219-89bb-47f2-bbe0-5f784575b745@group-2C0FEEE55AE1: changes role from  FOLLOWER to FOLLOWER at term 95 for recognizeCandidate:696df33b-59a0-4145-913f-936aff0d1566
2019-10-17 07:09:40,849 [grpc-default-executor-7] INFO  impl.RoleInfo (RoleInfo.java:shutdownFollowerState(121)) - f3ee4219-89bb-47f2-bbe0-5f784575b745: shutdown FollowerState
2019-10-17 07:09:40,849 [grpc-default-executor-5] INFO  impl.RaftServerImpl (RaftServerImpl.java:setRole(184)) - 805254cc-2da6-48d8-a2f9-c1a3ceceab4a@group-2C0FEEE55AE1: changes role from  FOLLOWER to FOLLOWER at term 95 for recognizeCandidate:696df33b-59a0-4145-913f-936aff0d1566
2019-10-17 07:09:40,849 [grpc-default-executor-5] INFO  impl.RoleInfo (RoleInfo.java:shutdownFollowerState(121)) - 805254cc-2da6-48d8-a2f9-c1a3ceceab4a: shutdown FollowerState
2019-10-17 07:09:40,849 [Thread-10343] INFO  impl.FollowerState (FollowerState.java:run(117)) - f3ee4219-89bb-47f2-bbe0-5f784575b745@group-2C0FEEE55AE1-FollowerState was interrupted: java.lang.InterruptedException: sleep interrupted
2019-10-17 07:09:40,849 [grpc-default-executor-7] INFO  impl.RoleInfo (RoleInfo.java:updateAndGet(143)) - f3ee4219-89bb-47f2-bbe0-5f784575b745: start FollowerState
2019-10-17 07:09:40,850 [Thread-10344] INFO  impl.FollowerState (FollowerState.java:run(117)) - 805254cc-2da6-48d8-a2f9-c1a3ceceab4a@group-2C0FEEE55AE1-FollowerState was interrupted: java.lang.InterruptedException: sleep interrupted
2019-10-17 07:09:40,849 [grpc-default-executor-5] INFO  impl.RoleInfo (RoleInfo.java:updateAndGet(143)) - 805254cc-2da6-48d8-a2f9-c1a3ceceab4a: start FollowerState
2019-10-17 07:09:40,855 [696df33b-59a0-4145-913f-936aff0d1566@group-2C0FEEE55AE1-LeaderElection1169] INFO  impl.LeaderElection (LeaderElection.java:logAndReturn(56)) - 696df33b-59a0-4145-913f-936aff0d1566@group-2C0FEEE55AE1-LeaderElection1169: Election TIMEOUT; received 0 response(s) [] and 0 exception(s); 696df33b-59a0-4145-913f-936aff0d1566@group-2C0FEEE55AE1:t95, leader=null, voted=696df33b-59a0-4145-913f-936aff0d1566, raftlog=696df33b-59a0-4145-913f-936aff0d1566@group-2C0FEEE55AE1-SegmentedRaftLog:OPENED:c-1,f-1,i0, conf=-1: [f3ee4219-89bb-47f2-bbe0-5f784575b745:192.168.157.211:38722, 805254cc-2da6-48d8-a2f9-c1a3ceceab4a:192.168.157.211:35407, 696df33b-59a0-4145-913f-936aff0d1566:192.168.157.211:38803], old=null
2019-10-17 07:09:40,863 [696df33b-59a0-4145-913f-936aff0d1566@group-2C0FEEE55AE1-LeaderElection1169] INFO  impl.LeaderElection (LeaderElection.java:askForVotes(178)) - 696df33b-59a0-4145-913f-936aff0d1566@group-2C0FEEE55AE1-LeaderElection1169: begin an election at term 96 for -1: [f3ee4219-89bb-47f2-bbe0-5f784575b745:192.168.157.211:38722, 805254cc-2da6-48d8-a2f9-c1a3ceceab4a:192.168.157.211:35407, 696df33b-59a0-4145-913f-936aff0d1566:192.168.157.211:38803], old=null
2019-10-17 07:09:40,864 [grpc-default-executor-7] INFO  impl.RaftServerImpl (RaftServerImpl.java:setRole(184)) - 805254cc-2da6-48d8-a2f9-c1a3ceceab4a@group-2C0FEEE55AE1: changes role from  FOLLOWER to FOLLOWER at term 96 for recognizeCandidate:696df33b-59a0-4145-913f-936aff0d1566
2019-10-17 07:09:40,864 [grpc-default-executor-7] INFO  impl.RoleInfo (RoleInfo.java:shutdownFollowerState(121)) - 805254cc-2da6-48d8-a2f9-c1a3ceceab4a: shutdown FollowerState
2019-10-17 07:09:40,864 [grpc-default-executor-7] INFO  impl.RoleInfo (RoleInfo.java:updateAndGet(143)) - 805254cc-2da6-48d8-a2f9-c1a3ceceab4a: start FollowerState
2019-10-17 07:09:40,864 [Thread-10350] INFO  impl.FollowerState (FollowerState.java:run(117)) - 805254cc-2da6-48d8-a2f9-c1a3ceceab4a@group-2C0FEEE55AE1-FollowerState was interrupted: java.lang.InterruptedException: sleep interrupted
2019-10-17 07:09:40,864 [grpc-default-executor-5] INFO  impl.RaftServerImpl (RaftServerImpl.java:setRole(184)) - f3ee4219-89bb-47f2-bbe0-5f784575b745@group-2C0FEEE55AE1: changes role from  FOLLOWER to FOLLOWER at term 96 for recognizeCandidate:696df33b-59a0-4145-913f-936aff0d1566
2019-10-17 07:09:40,864 [grpc-default-executor-5] INFO  impl.RoleInfo (RoleInfo.java:shutdownFollowerState(121)) - f3ee4219-89bb-47f2-bbe0-5f784575b745: shutdown FollowerState
2019-10-17 07:09:40,865 [grpc-default-executor-5] INFO  impl.RoleInfo (RoleInfo.java:updateAndGet(143)) - f3ee4219-89bb-47f2-bbe0-5f784575b745: start FollowerState
2019-10-17 07:09:40,865 [Thread-10349] INFO  impl.FollowerState (FollowerState.java:run(117)) - f3ee4219-89bb-47f2-bbe0-5f784575b745@group-2C0FEEE55AE1-FollowerState was interrupted: java.lang.InterruptedException: sleep interrupted
2019-10-17 07:09:40,878 [696df33b-59a0-4145-913f-936aff0d1566@group-2C0FEEE55AE1-LeaderElection1169] INFO  impl.LeaderElection (LeaderElection.java:logAndReturn(56)) - 696df33b-59a0-4145-913f-936aff0d1566@group-2C0FEEE55AE1-LeaderElection1169: Election REJECTED; received 2 response(s) [696df33b-59a0-4145-913f-936aff0d1566<-f3ee4219-89bb-47f2-bbe0-5f784575b745#0:FAIL-t96, 696df33b-59a0-4145-913f-936aff0d1566<-805254cc-2da6-48d8-a2f9-c1a3ceceab4a#0:FAIL-t96] and 0 exception(s); 696df33b-59a0-4145-913f-936aff0d1566@group-2C0FEEE55AE1:t96, leader=null, voted=696df33b-59a0-4145-913f-936aff0d1566, raftlog=696df33b-59a0-4145-913f-936aff0d1566@group-2C0FEEE55AE1-SegmentedRaftLog:OPENED:c-1,f-1,i0, conf=-1: [f3ee4219-89bb-47f2-bbe0-5f784575b745:192.168.157.211:38722, 805254cc-2da6-48d8-a2f9-c1a3ceceab4a:192.168.157.211:35407, 696df33b-59a0-4145-913f-936aff0d1566:192.168.157.211:38803], old=null
2019-10-17 07:09:40,878 [696df33b-59a0-4145-913f-936aff0d1566@group-2C0FEEE55AE1-LeaderElection1169] INFO  impl.RaftServerImpl (RaftServerImpl.java:setRole(184)) - 696df33b-59a0-4145-913f-936aff0d1566@group-2C0FEEE55AE1: changes role from CANDIDATE to FOLLOWER at term 96 for DISCOVERED_A_NEW_TERM
2019-10-17 07:09:40,878 [696df33b-59a0-4145-913f-936aff0d1566@group-2C0FEEE55AE1-LeaderElection1169] INFO  impl.RoleInfo (RoleInfo.java:shutdownLeaderElection(134)) - 696df33b-59a0-4145-913f-936aff0d1566: shutdown LeaderElection
2019-10-17 07:09:40,878 [696df33b-59a0-4145-913f-936aff0d1566@group-2C0FEEE55AE1-LeaderElection1169] INFO  impl.RoleInfo (RoleInfo.java:updateAndGet(143)) - 696df33b-59a0-4145-913f-936aff0d1566: start FollowerState
2019-10-17 07:09:40,921 [Thread-10355] INFO  impl.FollowerState (FollowerState.java:run(108)) - 696df33b-59a0-4145-913f-936aff0d1566@group-2C0FEEE55AE1-FollowerState: change to CANDIDATE, lastRpcTime:43ms, electionTimeout:43ms
2019-10-17 07:09:40,922 [Thread-10355] INFO  impl.RoleInfo (RoleInfo.java:shutdownFollowerState(121)) - 696df33b-59a0-4145-913f-936aff0d1566: shutdown FollowerState
2019-10-17 07:09:40,922 [Thread-10355] INFO  impl.RaftServerImpl (RaftServerImpl.java:setRole(184)) - 696df33b-59a0-4145-913f-936aff0d1566@group-2C0FEEE55AE1: changes role from  FOLLOWER to CANDIDATE at term 96 for changeToCandidate
2019-10-17 07:09:40,922 [Thread-10355] INFO  impl.RoleInfo (RoleInfo.java:updateAndGet(143)) - 696df33b-59a0-4145-913f-936aff0d1566: start LeaderElection
2019-10-17 07:09:40,947 [696df33b-59a0-4145-913f-936aff0d1566@group-2C0FEEE55AE1-LeaderElection1170] INFO  impl.LeaderElection (LeaderElection.java:askForVotes(178)) - 696df33b-59a0-4145-913f-936aff0d1566@group-2C0FEEE55AE1-LeaderElection1170: begin an election at term 97 for -1: [f3ee4219-89bb-47f2-bbe0-5f784575b745:192.168.157.211:38722, 805254cc-2da6-48d8-a2f9-c1a3ceceab4a:192.168.157.211:35407, 696df33b-59a0-4145-913f-936aff0d1566:192.168.157.211:38803], old=null
2019-10-17 07:09:40,949 [grpc-default-executor-5] INFO  impl.RaftServerImpl (RaftServerImpl.java:setRole(184)) - 805254cc-2da6-48d8-a2f9-c1a3ceceab4a@group-2C0FEEE55AE1: changes role from  FOLLOWER to FOLLOWER at term 97 for recognizeCandidate:696df33b-59a0-4145-913f-936aff0d1566
2019-10-17 07:09:40,949 [grpc-default-executor-5] INFO  impl.RoleInfo (RoleInfo.java:shutdownFollowerState(121)) - 805254cc-2da6-48d8-a2f9-c1a3ceceab4a: shutdown FollowerState
2019-10-17 07:09:40,949 [grpc-default-executor-5] INFO  impl.RoleInfo (RoleInfo.java:updateAndGet(143)) - 805254cc-2da6-48d8-a2f9-c1a3ceceab4a: start FollowerState
2019-10-17 07:09:40,949 [Thread-10353] INFO  impl.FollowerState (FollowerState.java:run(117)) - 805254cc-2da6-48d8-a2f9-c1a3ceceab4a@group-2C0FEEE55AE1-FollowerState was interrupted: java.lang.InterruptedException: sleep interrupted
2019-10-17 07:09:40,949 [grpc-default-executor-7] INFO  impl.RaftServerImpl (RaftServerImpl.java:setRole(184)) - f3ee4219-89bb-47f2-bbe0-5f784575b745@group-2C0FEEE55AE1: changes role from  FOLLOWER to FOLLOWER at term 97 for recognizeCandidate:696df33b-59a0-4145-913f-936aff0d1566
2019-10-17 07:09:40,949 [grpc-default-executor-7] INFO  impl.RoleInfo (RoleInfo.java:shutdownFollowerState(121)) - f3ee4219-89bb-47f2-bbe0-5f784575b745: shutdown FollowerState
2019-10-17 07:09:40,950 [grpc-default-executor-7] INFO  impl.RoleInfo (RoleInfo.java:updateAndGet(143)) - f3ee4219-89bb-47f2-bbe0-5f784575b745: start FollowerState
2019-10-17 07:09:40,950 [Thread-10354] INFO  impl.FollowerState (FollowerState.java:run(117)) - f3ee4219-89bb-47f2-bbe0-5f784575b745@group-2C0FEEE55AE1-FollowerState was interrupted: java.lang.InterruptedException: sleep interrupted
2019-10-17 07:09:40,963 [696df33b-59a0-4145-913f-936aff0d1566@group-2C0FEEE55AE1-LeaderElection1170] INFO  impl.LeaderElection (LeaderElection.java:logAndReturn(56)) - 696df33b-59a0-4145-913f-936aff0d1566@group-2C0FEEE55AE1-LeaderElection1170: Election REJECTED; received 2 response(s) [696df33b-59a0-4145-913f-936aff0d1566<-f3ee4219-89bb-47f2-bbe0-5f784575b745#0:FAIL-t97, 696df33b-59a0-4145-913f-936aff0d1566<-805254cc-2da6-48d8-a2f9-c1a3ceceab4a#0:FAIL-t97] and 0 exception(s); 696df33b-59a0-4145-913f-936aff0d1566@group-2C0FEEE55AE1:t97, leader=null, voted=696df33b-59a0-4145-913f-936aff0d1566, raftlog=696df33b-59a0-4145-913f-936aff0d1566@group-2C0FEEE55AE1-SegmentedRaftLog:OPENED:c-1,f-1,i0, conf=-1: [f3ee4219-89bb-47f2-bbe0-5f784575b745:192.168.157.211:38722, 805254cc-2da6-48d8-a2f9-c1a3ceceab4a:192.168.157.211:35407, 696df33b-59a0-4145-913f-936aff0d1566:192.168.157.211:38803], old=null
2019-10-17 07:09:40,963 [696df33b-59a0-4145-913f-936aff0d1566@group-2C0FEEE55AE1-LeaderElection1170] INFO  impl.RaftServerImpl (RaftServerImpl.java:setRole(184)) - 696df33b-59a0-4145-913f-936aff0d1566@group-2C0FEEE55AE1: changes role from CANDIDATE to FOLLOWER at term 97 for DISCOVERED_A_NEW_TERM
2019-10-17 07:09:40,963 [696df33b-59a0-4145-913f-936aff0d1566@group-2C0FEEE55AE1-LeaderElection1170] INFO  impl.RoleInfo (RoleInfo.java:shutdownLeaderElection(134)) - 696df33b-59a0-4145-913f-936aff0d1566: shutdown LeaderElection
2019-10-17 07:09:40,963 [696df33b-59a0-4145-913f-936aff0d1566@group-2C0FEEE55AE1-LeaderElection1170] INFO  impl.RoleInfo (RoleInfo.java:updateAndGet(143)) - 696df33b-59a0-4145-913f-936aff0d1566: start FollowerState
2019-10-17 07:09:41,065 [Thread-10365] INFO  impl.FollowerState (FollowerState.java:run(108)) - 696df33b-59a0-4145-913f-936aff0d1566@group-2C0FEEE55AE1-FollowerState: change to CANDIDATE, lastRpcTime:101ms, electionTimeout:101ms
2019-10-17 07:09:41,065 [Thread-10365] INFO  impl.RoleInfo (RoleInfo.java:shutdownFollowerState(121)) - 696df33b-59a0-4145-913f-936aff0d1566: shutdown FollowerState
2019-10-17 07:09:41,065 [Thread-10365] INFO  impl.RaftServerImpl (RaftServerImpl.java:setRole(184)) - 696df33b-59a0-4145-913f-936aff0d1566@group-2C0FEEE55AE1: changes role from  FOLLOWER to CANDIDATE at term 97 for changeToCandidate
2019-10-17 07:09:41,065 [Thread-10365] INFO  impl.RoleInfo (RoleInfo.java:updateAndGet(143)) - 696df33b-59a0-4145-913f-936aff0d1566: start LeaderElection
2019-10-17 07:09:41,094 [696df33b-59a0-4145-913f-936aff0d1566@group-2C0FEEE55AE1-LeaderElection1171] INFO  impl.LeaderElection (LeaderElection.java:askForVotes(178)) - 696df33b-59a0-4145-913f-936aff0d1566@group-2C0FEEE55AE1-LeaderElection1171: begin an election at term 98 for -1: [f3ee4219-89bb-47f2-bbe0-5f784575b745:192.168.157.211:38722, 805254cc-2da6-48d8-a2f9-c1a3ceceab4a:192.168.157.211:35407, 696df33b-59a0-4145-913f-936aff0d1566:192.168.157.211:38803], old=null
2019-10-17 07:09:41,095 [grpc-default-executor-5] INFO  impl.RaftServerImpl (RaftServerImpl.java:setRole(184)) - 805254cc-2da6-48d8-a2f9-c1a3ceceab4a@group-2C0FEEE55AE1: changes role from  FOLLOWER to FOLLOWER at term 98 for recognizeCandidate:696df33b-59a0-4145-913f-936aff0d1566
2019-10-17 07:09:41,095 [grpc-default-executor-7] INFO  impl.RaftServerImpl (RaftServerImpl.java:setRole(184)) - f3ee4219-89bb-47f2-bbe0-5f784575b745@group-2C0FEEE55AE1: changes role from  FOLLOWER to FOLLOWER at term 98 for recognizeCandidate:696df33b-59a0-4145-913f-936aff0d1566
2019-10-17 07:09:41,095 [grpc-default-executor-7] INFO  impl.RoleInfo (RoleInfo.java:shutdownFollowerState(121)) - f3ee4219-89bb-47f2-bbe0-5f784575b745: shutdown FollowerState
2019-10-17 07:09:41,095 [grpc-default-executor-5] INFO  impl.RoleInfo (RoleInfo.java:shutdownFollowerState(121)) - 805254cc-2da6-48d8-a2f9-c1a3ceceab4a: shutdown FollowerState
2019-10-17 07:09:41,095 [Thread-10364] INFO  impl.FollowerState (FollowerState.java:run(117)) - f3ee4219-89bb-47f2-bbe0-5f784575b745@group-2C0FEEE55AE1-FollowerState was interrupted: java.lang.InterruptedException: sleep interrupted
2019-10-17 07:09:41,095 [grpc-default-executor-7] INFO  impl.RoleInfo (RoleInfo.java:updateAndGet(143)) - f3ee4219-89bb-47f2-bbe0-5f784575b745: start FollowerState
2019-10-17 07:09:41,095 [Thread-10363] INFO  impl.FollowerState (FollowerState.java:run(117)) - 805254cc-2da6-48d8-a2f9-c1a3ceceab4a@group-2C0FEEE55AE1-FollowerState was interrupted: java.lang.InterruptedException: sleep interrupted
2019-10-17 07:09:41,095 [grpc-default-executor-5] INFO  impl.RoleInfo (RoleInfo.java:updateAndGet(143)) - 805254cc-2da6-48d8-a2f9-c1a3ceceab4a: start FollowerState
2019-10-17 07:09:41,110 [696df33b-59a0-4145-913f-936aff0d1566@group-2C0FEEE55AE1-LeaderElection1171] INFO  impl.LeaderElection (LeaderElection.java:logAndReturn(56)) - 696df33b-59a0-4145-913f-936aff0d1566@group-2C0FEEE55AE1-LeaderElection1171: Election REJECTED; received 2 response(s) [696df33b-59a0-4145-913f-936aff0d1566<-f3ee4219-89bb-47f2-bbe0-5f784575b745#0:FAIL-t98, 696df33b-59a0-4145-913f-936aff0d1566<-805254cc-2da6-48d8-a2f9-c1a3ceceab4a#0:FAIL-t98] and 0 exception(s); 696df33b-59a0-4145-913f-936aff0d1566@group-2C0FEEE55AE1:t98, leader=null, voted=696df33b-59a0-4145-913f-936aff0d1566, raftlog=696df33b-59a0-4145-913f-936aff0d1566@group-2C0FEEE55AE1-SegmentedRaftLog:OPENED:c-1,f-1,i0, conf=-1: [f3ee4219-89bb-47f2-bbe0-5f784575b745:192.168.157.211:38722, 805254cc-2da6-48d8-a2f9-c1a3ceceab4a:192.168.157.211:35407, 696df33b-59a0-4145-913f-936aff0d1566:192.168.157.211:38803], old=null
2019-10-17 07:09:41,110 [696df33b-59a0-4145-913f-936aff0d1566@group-2C0FEEE55AE1-LeaderElection1171] INFO  impl.RaftServerImpl (RaftServerImpl.java:setRole(184)) - 696df33b-59a0-4145-913f-936aff0d1566@group-2C0FEEE55AE1: changes role from CANDIDATE to FOLLOWER at term 98 for DISCOVERED_A_NEW_TERM
2019-10-17 07:09:41,110 [696df33b-59a0-4145-913f-936aff0d1566@group-2C0FEEE55AE1-LeaderElection1171] INFO  impl.RoleInfo (RoleInfo.java:shutdownLeaderElection(134)) - 696df33b-59a0-4145-913f-936aff0d1566: shutdown LeaderElection
2019-10-17 07:09:41,110 [696df33b-59a0-4145-913f-936aff0d1566@group-2C0FEEE55AE1-LeaderElection1171] INFO  impl.RoleInfo (RoleInfo.java:updateAndGet(143)) - 696df33b-59a0-4145-913f-936aff0d1566: start FollowerState
2019-10-17 07:09:41,180 [Thread-10371] INFO  impl.FollowerState (FollowerState.java:run(108)) - 696df33b-59a0-4145-913f-936aff0d1566@group-2C0FEEE55AE1-FollowerState: change to CANDIDATE, lastRpcTime:69ms, electionTimeout:69ms
2019-10-17 07:09:41,180 [Thread-10371] INFO  impl.RoleInfo (RoleInfo.java:shutdownFollowerState(121)) - 696df33b-59a0-4145-913f-936aff0d1566: shutdown FollowerState
2019-10-17 07:09:41,180 [Thread-10371] INFO  impl.RaftServerImpl (RaftServerImpl.java:setRole(184)) - 696df33b-59a0-4145-913f-936aff0d1566@group-2C0FEEE55AE1: changes role from  FOLLOWER to CANDIDATE at term 98 for changeToCandidate
2019-10-17 07:09:41,180 [Thread-10371] INFO  impl.RoleInfo (RoleInfo.java:updateAndGet(143)) - 696df33b-59a0-4145-913f-936aff0d1566: start LeaderElection
2019-10-17 07:09:41,194 [696df33b-59a0-4145-913f-936aff0d1566@group-2C0FEEE55AE1-LeaderElection1172] INFO  impl.LeaderElection (LeaderElection.java:askForVotes(178)) - 696df33b-59a0-4145-913f-936aff0d1566@group-2C0FEEE55AE1-LeaderElection1172: begin an election at term 99 for -1: [f3ee4219-89bb-47f2-bbe0-5f784575b745:192.168.157.211:38722, 805254cc-2da6-48d8-a2f9-c1a3ceceab4a:192.168.157.211:35407, 696df33b-59a0-4145-913f-936aff0d1566:192.168.157.211:38803], old=null
2019-10-17 07:09:41,195 [grpc-default-executor-7] INFO  impl.RaftServerImpl (RaftServerImpl.java:setRole(184)) - 805254cc-2da6-48d8-a2f9-c1a3ceceab4a@group-2C0FEEE55AE1: changes role from  FOLLOWER to FOLLOWER at term 99 for recognizeCandidate:696df33b-59a0-4145-913f-936aff0d1566
2019-10-17 07:09:41,195 [grpc-default-executor-5] INFO  impl.RaftServerImpl (RaftServerImpl.java:setRole(184)) - f3ee4219-89bb-47f2-bbe0-5f784575b745@group-2C0FEEE55AE1: changes role from  FOLLOWER to FOLLOWER at term 99 for recognizeCandidate:696df33b-59a0-4145-913f-936aff0d1566
2019-10-17 07:09:41,195 [grpc-default-executor-5] INFO  impl.RoleInfo (RoleInfo.java:shutdownFollowerState(121)) - f3ee4219-89bb-47f2-bbe0-5f784575b745: shutdown FollowerState
2019-10-17 07:09:41,195 [grpc-default-executor-7] INFO  impl.RoleInfo (RoleInfo.java:shutdownFollowerState(121)) - 805254cc-2da6-48d8-a2f9-c1a3ceceab4a: shutdown FollowerState
2019-10-17 07:09:41,195 [Thread-10369] INFO  impl.FollowerState (FollowerState.java:run(117)) - f3ee4219-89bb-47f2-bbe0-5f784575b745@group-2C0FEEE55AE1-FollowerState was interrupted: java.lang.InterruptedException: sleep interrupted
2019-10-17 07:09:41,195 [Thread-10370] INFO  impl.FollowerState (FollowerState.java:run(117)) - 805254cc-2da6-48d8-a2f9-c1a3ceceab4a@group-2C0FEEE55AE1-FollowerState was interrupted: java.lang.InterruptedException: sleep interrupted
2019-10-17 07:09:41,195 [grpc-default-executor-5] INFO  impl.RoleInfo (RoleInfo.java:updateAndGet(143)) - f3ee4219-89bb-47f2-bbe0-5f784575b745: start FollowerState
2019-10-17 07:09:41,195 [grpc-default-executor-7] INFO  impl.RoleInfo (RoleInfo.java:updateAndGet(143)) - 805254cc-2da6-48d8-a2f9-c1a3ceceab4a: start FollowerState
2019-10-17 07:09:41,201 [696df33b-59a0-4145-913f-936aff0d1566@group-2C0FEEE55AE1-LeaderElection1172] INFO  impl.LeaderElection (LeaderElection.java:logAndReturn(56)) - 696df33b-59a0-4145-913f-936aff0d1566@group-2C0FEEE55AE1-LeaderElection1172: Election TIMEOUT; received 0 response(s) [] and 0 exception(s); 696df33b-59a0-4145-913f-936aff0d1566@group-2C0FEEE55AE1:t99, leader=null, voted=696df33b-59a0-4145-913f-936aff0d1566, raftlog=696df33b-59a0-4145-913f-936aff0d1566@group-2C0FEEE55AE1-SegmentedRaftLog:OPENED:c-1,f-1,i0, conf=-1: [f3ee4219-89bb-47f2-bbe0-5f784575b745:192.168.157.211:38722, 805254cc-2da6-48d8-a2f9-c1a3ceceab4a:192.168.157.211:35407, 696df33b-59a0-4145-913f-936aff0d1566:192.168.157.211:38803], old=null
2019-10-17 07:09:41,209 [696df33b-59a0-4145-913f-936aff0d1566@group-2C0FEEE55AE1-LeaderElection1172] INFO  impl.LeaderElection (LeaderElection.java:askForVotes(178)) - 696df33b-59a0-4145-913f-936aff0d1566@group-2C0FEEE55AE1-LeaderElection1172: begin an election at term 100 for -1: [f3ee4219-89bb-47f2-bbe0-5f784575b745:192.168.157.211:38722, 805254cc-2da6-48d8-a2f9-c1a3ceceab4a:192.168.157.211:35407, 696df33b-59a0-4145-913f-936aff0d1566:192.168.157.211:38803], old=null
2019-10-17 07:09:41,210 [grpc-default-executor-5] INFO  impl.RaftServerImpl (RaftServerImpl.java:setRole(184)) - f3ee4219-89bb-47f2-bbe0-5f784575b745@group-2C0FEEE55AE1: changes role from  FOLLOWER to FOLLOWER at term 100 for recognizeCandidate:696df33b-59a0-4145-913f-936aff0d1566
2019-10-17 07:09:41,211 [grpc-default-executor-5] INFO  impl.RoleInfo (RoleInfo.java:shutdownFollowerState(121)) - f3ee4219-89bb-47f2-bbe0-5f784575b745: shutdown FollowerState
2019-10-17 07:09:41,211 [grpc-default-executor-7] INFO  impl.RaftServerImpl (RaftServerImpl.java:setRole(184)) - 805254cc-2da6-48d8-a2f9-c1a3ceceab4a@group-2C0FEEE55AE1: changes role from  FOLLOWER to FOLLOWER at term 100 for recognizeCandidate:696df33b-59a0-4145-913f-936aff0d1566
2019-10-17 07:09:41,211 [grpc-default-executor-7] INFO  impl.RoleInfo (RoleInfo.java:shutdownFollowerState(121)) - 805254cc-2da6-48d8-a2f9-c1a3ceceab4a: shutdown FollowerState
2019-10-17 07:09:41,211 [Thread-10375] INFO  impl.FollowerState (FollowerState.java:run(117)) - f3ee4219-89bb-47f2-bbe0-5f784575b745@group-2C0FEEE55AE1-FollowerState was interrupted: java.lang.InterruptedException: sleep interrupted
2019-10-17 07:09:41,211 [grpc-default-executor-5] INFO  impl.RoleInfo (RoleInfo.java:updateAndGet(143)) - f3ee4219-89bb-47f2-bbe0-5f784575b745: start FollowerState
2019-10-17 07:09:41,211 [grpc-default-executor-7] INFO  impl.RoleInfo (RoleInfo.java:updateAndGet(143)) - 805254cc-2da6-48d8-a2f9-c1a3ceceab4a: start FollowerState
2019-10-17 07:09:41,211 [Thread-10376] INFO  impl.FollowerState (FollowerState.java:run(117)) - 805254cc-2da6-48d8-a2f9-c1a3ceceab4a@group-2C0FEEE55AE1-FollowerState was interrupted: java.lang.InterruptedException: sleep interrupted
2019-10-17 07:09:41,226 [696df33b-59a0-4145-913f-936aff0d1566@group-2C0FEEE55AE1-LeaderElection1172] INFO  impl.LeaderElection (LeaderElection.java:logAndReturn(56)) - 696df33b-59a0-4145-913f-936aff0d1566@group-2C0FEEE55AE1-LeaderElection1172: Election REJECTED; received 2 response(s) [696df33b-59a0-4145-913f-936aff0d1566<-f3ee4219-89bb-47f2-bbe0-5f784575b745#0:FAIL-t100, 696df33b-59a0-4145-913f-936aff0d1566<-805254cc-2da6-48d8-a2f9-c1a3ceceab4a#0:FAIL-t100] and 0 exception(s); 696df33b-59a0-4145-913f-936aff0d1566@group-2C0FEEE55AE1:t100, leader=null, voted=696df33b-59a0-4145-913f-936aff0d1566, raftlog=696df33b-59a0-4145-913f-936aff0d1566@group-2C0FEEE55AE1-SegmentedRaftLog:OPENED:c-1,f-1,i0, conf=-1: [f3ee4219-89bb-47f2-bbe0-5f784575b745:192.168.157.211:38722, 805254cc-2da6-48d8-a2f9-c1a3ceceab4a:192.168.157.211:35407, 696df33b-59a0-4145-913f-936aff0d1566:192.168.157.211:38803], old=null
2019-10-17 07:09:41,226 [696df33b-59a0-4145-913f-936aff0d1566@group-2C0FEEE55AE1-LeaderElection1172] INFO  impl.RaftServerImpl (RaftServerImpl.java:setRole(184)) - 696df33b-59a0-4145-913f-936aff0d1566@group-2C0FEEE55AE1: changes role from CANDIDATE to FOLLOWER at term 100 for DISCOVERED_A_NEW_TERM
2019-10-17 07:09:41,226 [696df33b-59a0-4145-913f-936aff0d1566@group-2C0FEEE55AE1-LeaderElection1172] INFO  impl.RoleInfo (RoleInfo.java:shutdownLeaderElection(134)) - 696df33b-59a0-4145-913f-936aff0d1566: shutdown LeaderElection
2019-10-17 07:09:41,226 [696df33b-59a0-4145-913f-936aff0d1566@group-2C0FEEE55AE1-LeaderElection1172] INFO  impl.RoleInfo (RoleInfo.java:updateAndGet(143)) - 696df33b-59a0-4145-913f-936aff0d1566: start FollowerState
2019-10-17 07:09:41,228 [Thread-10381] INFO  impl.FollowerState (FollowerState.java:run(108)) - 696df33b-59a0-4145-913f-936aff0d1566@group-2C0FEEE55AE1-FollowerState: change to CANDIDATE, lastRpcTime:2ms, electionTimeout:2ms
2019-10-17 07:09:41,229 [Thread-10381] INFO  impl.RoleInfo (RoleInfo.java:shutdownFollowerState(121)) - 696df33b-59a0-4145-913f-936aff0d1566: shutdown FollowerState
2019-10-17 07:09:41,229 [Thread-10381] INFO  impl.RaftServerImpl (RaftServerImpl.java:setRole(184)) - 696df33b-59a0-4145-913f-936aff0d1566@group-2C0FEEE55AE1: changes role from  FOLLOWER to CANDIDATE at term 100 for changeToCandidate
2019-10-17 07:09:41,229 [Thread-10381] INFO  impl.RoleInfo (RoleInfo.java:updateAndGet(143)) - 696df33b-59a0-4145-913f-936aff0d1566: start LeaderElection
2019-10-17 07:09:41,241 [696df33b-59a0-4145-913f-936aff0d1566@group-2C0FEEE55AE1-LeaderElection1173] INFO  impl.LeaderElection (LeaderElection.java:askForVotes(178)) - 696df33b-59a0-4145-913f-936aff0d1566@group-2C0FEEE55AE1-LeaderElection1173: begin an election at term 101 for -1: [f3ee4219-89bb-47f2-bbe0-5f784575b745:192.168.157.211:38722, 805254cc-2da6-48d8-a2f9-c1a3ceceab4a:192.168.157.211:35407, 696df33b-59a0-4145-913f-936aff0d1566:192.168.157.211:38803], old=null
2019-10-17 07:09:41,242 [grpc-default-executor-5] INFO  impl.RaftServerImpl (RaftServerImpl.java:setRole(184)) - 805254cc-2da6-48d8-a2f9-c1a3ceceab4a@group-2C0FEEE55AE1: changes role from  FOLLOWER to FOLLOWER at term 101 for recognizeCandidate:696df33b-59a0-4145-913f-936aff0d1566
2019-10-17 07:09:41,242 [grpc-default-executor-5] INFO  impl.RoleInfo (RoleInfo.java:shutdownFollowerState(121)) - 805254cc-2da6-48d8-a2f9-c1a3ceceab4a: shutdown FollowerState
2019-10-17 07:09:41,243 [grpc-default-executor-5] INFO  impl.RoleInfo (RoleInfo.java:updateAndGet(143)) - 805254cc-2da6-48d8-a2f9-c1a3ceceab4a: start FollowerState
2019-10-17 07:09:41,243 [grpc-default-executor-7] INFO  impl.RaftServerImpl (RaftServerImpl.java:setRole(184)) - f3ee4219-89bb-47f2-bbe0-5f784575b745@group-2C0FEEE55AE1: changes role from  FOLLOWER to FOLLOWER at term 101 for recognizeCandidate:696df33b-59a0-4145-913f-936aff0d1566
2019-10-17 07:09:41,243 [grpc-default-executor-7] INFO  impl.RoleInfo (RoleInfo.java:shutdownFollowerState(121)) - f3ee4219-89bb-47f2-bbe0-5f784575b745: shutdown FollowerState
2019-10-17 07:09:41,243 [Thread-10380] INFO  impl.FollowerState (FollowerState.java:run(117)) - 805254cc-2da6-48d8-a2f9-c1a3ceceab4a@group-2C0FEEE55AE1-FollowerState was interrupted: java.lang.InterruptedException: sleep interrupted
2019-10-17 07:09:41,243 [Thread-10379] INFO  impl.FollowerState (FollowerState.java:run(117)) - f3ee4219-89bb-47f2-bbe0-5f784575b745@group-2C0FEEE55AE1-FollowerState was interrupted: java.lang.InterruptedException: sleep interrupted
2019-10-17 07:09:41,243 [grpc-default-executor-7] INFO  impl.RoleInfo (RoleInfo.java:updateAndGet(143)) - f3ee4219-89bb-47f2-bbe0-5f784575b745: start FollowerState
2019-10-17 07:09:41,258 [696df33b-59a0-4145-913f-936aff0d1566@group-2C0FEEE55AE1-LeaderElection1173] INFO  impl.LeaderElection (LeaderElection.java:logAndReturn(56)) - 696df33b-59a0-4145-913f-936aff0d1566@group-2C0FEEE55AE1-LeaderElection1173: Election REJECTED; received 2 response(s) [696df33b-59a0-4145-913f-936aff0d1566<-f3ee4219-89bb-47f2-bbe0-5f784575b745#0:FAIL-t101, 696df33b-59a0-4145-913f-936aff0d1566<-805254cc-2da6-48d8-a2f9-c1a3ceceab4a#0:FAIL-t101] and 0 exception(s); 696df33b-59a0-4145-913f-936aff0d1566@group-2C0FEEE55AE1:t101, leader=null, voted=696df33b-59a0-4145-913f-936aff0d1566, raftlog=696df33b-59a0-4145-913f-936aff0d1566@group-2C0FEEE55AE1-SegmentedRaftLog:OPENED:c-1,f-1,i0, conf=-1: [f3ee4219-89bb-47f2-bbe0-5f784575b745:192.168.157.211:38722, 805254cc-2da6-48d8-a2f9-c1a3ceceab4a:192.168.157.211:35407, 696df33b-59a0-4145-913f-936aff0d1566:192.168.157.211:38803], old=null
2019-10-17 07:09:41,258 [696df33b-59a0-4145-913f-936aff0d1566@group-2C0FEEE55AE1-LeaderElection1173] INFO  impl.RaftServerImpl (RaftServerImpl.java:setRole(184)) - 696df33b-59a0-4145-913f-936aff0d1566@group-2C0FEEE55AE1: changes role from CANDIDATE to FOLLOWER at term 101 for DISCOVERED_A_NEW_TERM
2019-10-17 07:09:41,258 [696df33b-59a0-4145-913f-936aff0d1566@group-2C0FEEE55AE1-LeaderElection1173] INFO  impl.RoleInfo (RoleInfo.java:shutdownLeaderElection(134)) - 696df33b-59a0-4145-913f-936aff0d1566: shutdown LeaderElection
2019-10-17 07:09:41,258 [696df33b-59a0-4145-913f-936aff0d1566@group-2C0FEEE55AE1-LeaderElection1173] INFO  impl.RoleInfo (RoleInfo.java:updateAndGet(143)) - 696df33b-59a0-4145-913f-936aff0d1566: start FollowerState
2019-10-17 07:09:41,295 [Thread-10387] INFO  impl.FollowerState (FollowerState.java:run(108)) - 696df33b-59a0-4145-913f-936aff0d1566@group-2C0FEEE55AE1-FollowerState: change to CANDIDATE, lastRpcTime:37ms, electionTimeout:37ms
2019-10-17 07:09:41,295 [Thread-10387] INFO  impl.RoleInfo (RoleInfo.java:shutdownFollowerState(121)) - 696df33b-59a0-4145-913f-936aff0d1566: shutdown FollowerState
2019-10-17 07:09:41,295 [Thread-10387] INFO  impl.RaftServerImpl (RaftServerImpl.java:setRole(184)) - 696df33b-59a0-4145-913f-936aff0d1566@group-2C0FEEE55AE1: changes role from  FOLLOWER to CANDIDATE at term 101 for changeToCandidate
2019-10-17 07:09:41,295 [Thread-10387] INFO  impl.RoleInfo (RoleInfo.java:updateAndGet(143)) - 696df33b-59a0-4145-913f-936aff0d1566: start LeaderElection
2019-10-17 07:09:41,308 [696df33b-59a0-4145-913f-936aff0d1566@group-2C0FEEE55AE1-LeaderElection1174] INFO  impl.LeaderElection (LeaderElection.java:askForVotes(178)) - 696df33b-59a0-4145-913f-936aff0d1566@group-2C0FEEE55AE1-LeaderElection1174: begin an election at term 102 for -1: [f3ee4219-89bb-47f2-bbe0-5f784575b745:192.168.157.211:38722, 805254cc-2da6-48d8-a2f9-c1a3ceceab4a:192.168.157.211:35407, 696df33b-59a0-4145-913f-936aff0d1566:192.168.157.211:38803], old=null
2019-10-17 07:09:41,309 [grpc-default-executor-5] INFO  impl.RaftServerImpl (RaftServerImpl.java:setRole(184)) - f3ee4219-89bb-47f2-bbe0-5f784575b745@group-2C0FEEE55AE1: changes role from  FOLLOWER to FOLLOWER at term 102 for recognizeCandidate:696df33b-59a0-4145-913f-936aff0d1566
2019-10-17 07:09:41,309 [grpc-default-executor-7] INFO  impl.RaftServerImpl (RaftServerImpl.java:setRole(184)) - 805254cc-2da6-48d8-a2f9-c1a3ceceab4a@group-2C0FEEE55AE1: changes role from  FOLLOWER to FOLLOWER at term 102 for recognizeCandidate:696df33b-59a0-4145-913f-936aff0d1566
2019-10-17 07:09:41,309 [grpc-default-executor-7] INFO  impl.RoleInfo (RoleInfo.java:shutdownFollowerState(121)) - 805254cc-2da6-48d8-a2f9-c1a3ceceab4a: shutdown FollowerState
2019-10-17 07:09:41,309 [grpc-default-executor-5] INFO  impl.RoleInfo (RoleInfo.java:shutdownFollowerState(121)) - f3ee4219-89bb-47f2-bbe0-5f784575b745: shutdown FollowerState
2019-10-17 07:09:41,309 [Thread-10385] INFO  impl.FollowerState (FollowerState.java:run(117)) - 805254cc-2da6-48d8-a2f9-c1a3ceceab4a@group-2C0FEEE55AE1-FollowerState was interrupted: java.lang.InterruptedException: sleep interrupted
2019-10-17 07:09:41,309 [grpc-default-executor-7] INFO  impl.RoleInfo (RoleInfo.java:updateAndGet(143)) - 805254cc-2da6-48d8-a2f9-c1a3ceceab4a: start FollowerState
2019-10-17 07:09:41,309 [Thread-10386] INFO  impl.FollowerState (FollowerState.java:run(117)) - f3ee4219-89bb-47f2-bbe0-5f784575b745@group-2C0FEEE55AE1-FollowerState was interrupted: java.lang.InterruptedException: sleep interrupted
2019-10-17 07:09:41,309 [grpc-default-executor-5] INFO  impl.RoleInfo (RoleInfo.java:updateAndGet(143)) - f3ee4219-89bb-47f2-bbe0-5f784575b745: start FollowerState
2019-10-17 07:09:41,323 [696df33b-59a0-4145-913f-936aff0d1566@group-2C0FEEE55AE1-LeaderElection1174] INFO  impl.LeaderElection (LeaderElection.java:logAndReturn(56)) - 696df33b-59a0-4145-913f-936aff0d1566@group-2C0FEEE55AE1-LeaderElection1174: Election REJECTED; received 2 response(s) [696df33b-59a0-4145-913f-936aff0d1566<-f3ee4219-89bb-47f2-bbe0-5f784575b745#0:FAIL-t102, 696df33b-59a0-4145-913f-936aff0d1566<-805254cc-2da6-48d8-a2f9-c1a3ceceab4a#0:FAIL-t102] and 0 exception(s); 696df33b-59a0-4145-913f-936aff0d1566@group-2C0FEEE55AE1:t102, leader=null, voted=696df33b-59a0-4145-913f-936aff0d1566, raftlog=696df33b-59a0-4145-913f-936aff0d1566@group-2C0FEEE55AE1-SegmentedRaftLog:OPENED:c-1,f-1,i0, conf=-1: [f3ee4219-89bb-47f2-bbe0-5f784575b745:192.168.157.211:38722, 805254cc-2da6-48d8-a2f9-c1a3ceceab4a:192.168.157.211:35407, 696df33b-59a0-4145-913f-936aff0d1566:192.168.157.211:38803], old=null
2019-10-17 07:09:41,323 [696df33b-59a0-4145-913f-936aff0d1566@group-2C0FEEE55AE1-LeaderElection1174] INFO  impl.RaftServerImpl (RaftServerImpl.java:setRole(184)) - 696df33b-59a0-4145-913f-936aff0d1566@group-2C0FEEE55AE1: changes role from CANDIDATE to FOLLOWER at term 102 for DISCOVERED_A_NEW_TERM
2019-10-17 07:09:41,323 [696df33b-59a0-4145-913f-936aff0d1566@group-2C0FEEE55AE1-LeaderElection1174] INFO  impl.RoleInfo (RoleInfo.java:shutdownLeaderElection(134)) - 696df33b-59a0-4145-913f-936aff0d1566: shutdown LeaderElection
2019-10-17 07:09:41,323 [696df33b-59a0-4145-913f-936aff0d1566@group-2C0FEEE55AE1-LeaderElection1174] INFO  impl.RoleInfo (RoleInfo.java:updateAndGet(143)) - 696df33b-59a0-4145-913f-936aff0d1566: start FollowerState
2019-10-17 07:09:41,349 [Thread-10393] INFO  impl.FollowerState (FollowerState.java:run(108)) - 696df33b-59a0-4145-913f-936aff0d1566@group-2C0FEEE55AE1-FollowerState: change to CANDIDATE, lastRpcTime:26ms, electionTimeout:26ms
2019-10-17 07:09:41,349 [Thread-10393] INFO  impl.RoleInfo (RoleInfo.java:shutdownFollowerState(121)) - 696df33b-59a0-4145-913f-936aff0d1566: shutdown FollowerState
2019-10-17 07:09:41,350 [Thread-10393] INFO  impl.RaftServerImpl (RaftServerImpl.java:setRole(184)) - 696df33b-59a0-4145-913f-936aff0d1566@group-2C0FEEE55AE1: changes role from  FOLLOWER to CANDIDATE at term 102 for changeToCandidate
2019-10-17 07:09:41,350 [Thread-10393] INFO  impl.RoleInfo (RoleInfo.java:updateAndGet(143)) - 696df33b-59a0-4145-913f-936aff0d1566: start LeaderElection
2019-10-17 07:09:41,363 [696df33b-59a0-4145-913f-936aff0d1566@group-2C0FEEE55AE1-LeaderElection1175] INFO  impl.LeaderElection (LeaderElection.java:askForVotes(178)) - 696df33b-59a0-4145-913f-936aff0d1566@group-2C0FEEE55AE1-LeaderElection1175: begin an election at term 103 for -1: [f3ee4219-89bb-47f2-bbe0-5f784575b745:192.168.157.211:38722, 805254cc-2da6-48d8-a2f9-c1a3ceceab4a:192.168.157.211:35407, 696df33b-59a0-4145-913f-936aff0d1566:192.168.157.211:38803], old=null
2019-10-17 07:09:41,364 [grpc-default-executor-5] INFO  impl.RaftServerImpl (RaftServerImpl.java:setRole(184)) - f3ee4219-89bb-47f2-bbe0-5f784575b745@group-2C0FEEE55AE1: changes role from  FOLLOWER to FOLLOWER at term 103 for recognizeCandidate:696df33b-59a0-4145-913f-936aff0d1566
2019-10-17 07:09:41,364 [grpc-default-executor-5] INFO  impl.RoleInfo (RoleInfo.java:shutdownFollowerState(121)) - f3ee4219-89bb-47f2-bbe0-5f784575b745: shutdown FollowerState
2019-10-17 07:09:41,364 [grpc-default-executor-7] INFO  impl.RaftServerImpl (RaftServerImpl.java:setRole(184)) - 805254cc-2da6-48d8-a2f9-c1a3ceceab4a@group-2C0FEEE55AE1: changes role from  FOLLOWER to FOLLOWER at term 103 for recognizeCandidate:696df33b-59a0-4145-913f-936aff0d1566
2019-10-17 07:09:41,364 [grpc-default-executor-7] INFO  impl.RoleInfo (RoleInfo.java:shutdownFollowerState(121)) - 805254cc-2da6-48d8-a2f9-c1a3ceceab4a: shutdown FollowerState
2019-10-17 07:09:41,364 [Thread-10392] INFO  impl.FollowerState (FollowerState.java:run(117)) - f3ee4219-89bb-47f2-bbe0-5f784575b745@group-2C0FEEE55AE1-FollowerState was interrupted: java.lang.InterruptedException: sleep interrupted
2019-10-17 07:09:41,364 [grpc-default-executor-5] INFO  impl.RoleInfo (RoleInfo.java:updateAndGet(143)) - f3ee4219-89bb-47f2-bbe0-5f784575b745: start FollowerState
2019-10-17 07:09:41,364 [Thread-10391] INFO  impl.FollowerState (FollowerState.java:run(117)) - 805254cc-2da6-48d8-a2f9-c1a3ceceab4a@group-2C0FEEE55AE1-FollowerState was interrupted: java.lang.InterruptedException: sleep interrupted
2019-10-17 07:09:41,364 [grpc-default-executor-7] INFO  impl.RoleInfo (RoleInfo.java:updateAndGet(143)) - 805254cc-2da6-48d8-a2f9-c1a3ceceab4a: start FollowerState
2019-10-17 07:09:41,379 [696df33b-59a0-4145-913f-936aff0d1566@group-2C0FEEE55AE1-LeaderElection1175] INFO  impl.LeaderElection (LeaderElection.java:logAndReturn(56)) - 696df33b-59a0-4145-913f-936aff0d1566@group-2C0FEEE55AE1-LeaderElection1175: Election REJECTED; received 2 response(s) [696df33b-59a0-4145-913f-936aff0d1566<-f3ee4219-89bb-47f2-bbe0-5f784575b745#0:FAIL-t103, 696df33b-59a0-4145-913f-936aff0d1566<-805254cc-2da6-48d8-a2f9-c1a3ceceab4a#0:FAIL-t103] and 0 exception(s); 696df33b-59a0-4145-913f-936aff0d1566@group-2C0FEEE55AE1:t103, leader=null, voted=696df33b-59a0-4145-913f-936aff0d1566, raftlog=696df33b-59a0-4145-913f-936aff0d1566@group-2C0FEEE55AE1-SegmentedRaftLog:OPENED:c-1,f-1,i0, conf=-1: [f3ee4219-89bb-47f2-bbe0-5f784575b745:192.168.157.211:38722, 805254cc-2da6-48d8-a2f9-c1a3ceceab4a:192.168.157.211:35407, 696df33b-59a0-4145-913f-936aff0d1566:192.168.157.211:38803], old=null
2019-10-17 07:09:41,379 [696df33b-59a0-4145-913f-936aff0d1566@group-2C0FEEE55AE1-LeaderElection1175] INFO  impl.RaftServerImpl (RaftServerImpl.java:setRole(184)) - 696df33b-59a0-4145-913f-936aff0d1566@group-2C0FEEE55AE1: changes role from CANDIDATE to FOLLOWER at term 103 for DISCOVERED_A_NEW_TERM
2019-10-17 07:09:41,379 [696df33b-59a0-4145-913f-936aff0d1566@group-2C0FEEE55AE1-LeaderElection1175] INFO  impl.RoleInfo (RoleInfo.java:shutdownLeaderElection(134)) - 696df33b-59a0-4145-913f-936aff0d1566: shutdown LeaderElection
2019-10-17 07:09:41,379 [696df33b-59a0-4145-913f-936aff0d1566@group-2C0FEEE55AE1-LeaderElection1175] INFO  impl.RoleInfo (RoleInfo.java:updateAndGet(143)) - 696df33b-59a0-4145-913f-936aff0d1566: start FollowerState
2019-10-17 07:09:41,463 [Thread-10399] INFO  impl.FollowerState (FollowerState.java:run(108)) - 696df33b-59a0-4145-913f-936aff0d1566@group-2C0FEEE55AE1-FollowerState: change to CANDIDATE, lastRpcTime:83ms, electionTimeout:83ms
2019-10-17 07:09:41,463 [Thread-10399] INFO  impl.RoleInfo (RoleInfo.java:shutdownFollowerState(121)) - 696df33b-59a0-4145-913f-936aff0d1566: shutdown FollowerState
2019-10-17 07:09:41,463 [Thread-10399] INFO  impl.RaftServerImpl (RaftServerImpl.java:setRole(184)) - 696df33b-59a0-4145-913f-936aff0d1566@group-2C0FEEE55AE1: changes role from  FOLLOWER to CANDIDATE at term 103 for changeToCandidate
2019-10-17 07:09:41,463 [Thread-10399] INFO  impl.RoleInfo (RoleInfo.java:updateAndGet(143)) - 696df33b-59a0-4145-913f-936aff0d1566: start LeaderElection
2019-10-17 07:09:41,477 [696df33b-59a0-4145-913f-936aff0d1566@group-2C0FEEE55AE1-LeaderElection1176] INFO  impl.LeaderElection (LeaderElection.java:askForVotes(178)) - 696df33b-59a0-4145-913f-936aff0d1566@group-2C0FEEE55AE1-LeaderElection1176: begin an election at term 104 for -1: [f3ee4219-89bb-47f2-bbe0-5f784575b745:192.168.157.211:38722, 805254cc-2da6-48d8-a2f9-c1a3ceceab4a:192.168.157.211:35407, 696df33b-59a0-4145-913f-936aff0d1566:192.168.157.211:38803], old=null
2019-10-17 07:09:41,478 [grpc-default-executor-7] INFO  impl.RaftServerImpl (RaftServerImpl.java:setRole(184)) - f3ee4219-89bb-47f2-bbe0-5f784575b745@group-2C0FEEE55AE1: changes role from  FOLLOWER to FOLLOWER at term 104 for recognizeCandidate:696df33b-59a0-4145-913f-936aff0d1566
2019-10-17 07:09:41,479 [grpc-default-executor-7] INFO  impl.RoleInfo (RoleInfo.java:shutdownFollowerState(121)) - f3ee4219-89bb-47f2-bbe0-5f784575b745: shutdown FollowerState
2019-10-17 07:09:41,479 [grpc-default-executor-7] INFO  impl.RoleInfo (RoleInfo.java:updateAndGet(143)) - f3ee4219-89bb-47f2-bbe0-5f784575b745: start FollowerState
2019-10-17 07:09:41,479 [Thread-10397] INFO  impl.FollowerState (FollowerState.java:run(117)) - f3ee4219-89bb-47f2-bbe0-5f784575b745@group-2C0FEEE55AE1-FollowerState was interrupted: java.lang.InterruptedException: sleep interrupted
2019-10-17 07:09:41,479 [grpc-default-executor-5] INFO  impl.RaftServerImpl (RaftServerImpl.java:setRole(184)) - 805254cc-2da6-48d8-a2f9-c1a3ceceab4a@group-2C0FEEE55AE1: changes role from  FOLLOWER to FOLLOWER at term 104 for recognizeCandidate:696df33b-59a0-4145-913f-936aff0d1566
2019-10-17 07:09:41,479 [grpc-default-executor-5] INFO  impl.RoleInfo (RoleInfo.java:shutdownFollowerState(121)) - 805254cc-2da6-48d8-a2f9-c1a3ceceab4a: shutdown FollowerState
2019-10-17 07:09:41,479 [grpc-default-executor-5] INFO  impl.RoleInfo (RoleInfo.java:updateAndGet(143)) - 805254cc-2da6-48d8-a2f9-c1a3ceceab4a: start FollowerState
2019-10-17 07:09:41,480 [Thread-10398] INFO  impl.FollowerState (FollowerState.java:run(117)) - 805254cc-2da6-48d8-a2f9-c1a3ceceab4a@group-2C0FEEE55AE1-FollowerState was interrupted: java.lang.InterruptedException: sleep interrupted
2019-10-17 07:09:41,493 [696df33b-59a0-4145-913f-936aff0d1566@group-2C0FEEE55AE1-LeaderElection1176] INFO  impl.LeaderElection (LeaderElection.java:logAndReturn(56)) - 696df33b-59a0-4145-913f-936aff0d1566@group-2C0FEEE55AE1-LeaderElection1176: Election REJECTED; received 2 response(s) [696df33b-59a0-4145-913f-936aff0d1566<-f3ee4219-89bb-47f2-bbe0-5f784575b745#0:FAIL-t104, 696df33b-59a0-4145-913f-936aff0d1566<-805254cc-2da6-48d8-a2f9-c1a3ceceab4a#0:FAIL-t104] and 0 exception(s); 696df33b-59a0-4145-913f-936aff0d1566@group-2C0FEEE55AE1:t104, leader=null, voted=696df33b-59a0-4145-913f-936aff0d1566, raftlog=696df33b-59a0-4145-913f-936aff0d1566@group-2C0FEEE55AE1-SegmentedRaftLog:OPENED:c-1,f-1,i0, conf=-1: [f3ee4219-89bb-47f2-bbe0-5f784575b745:192.168.157.211:38722, 805254cc-2da6-48d8-a2f9-c1a3ceceab4a:192.168.157.211:35407, 696df33b-59a0-4145-913f-936aff0d1566:192.168.157.211:38803], old=null
2019-10-17 07:09:41,493 [696df33b-59a0-4145-913f-936aff0d1566@group-2C0FEEE55AE1-LeaderElection1176] INFO  impl.RaftServerImpl (RaftServerImpl.java:setRole(184)) - 696df33b-59a0-4145-913f-936aff0d1566@group-2C0FEEE55AE1: changes role from CANDIDATE to FOLLOWER at term 104 for DISCOVERED_A_NEW_TERM
2019-10-17 07:09:41,493 [696df33b-59a0-4145-913f-936aff0d1566@group-2C0FEEE55AE1-LeaderElection1176] INFO  impl.RoleInfo (RoleInfo.java:shutdownLeaderElection(134)) - 696df33b-59a0-4145-913f-936aff0d1566: shutdown LeaderElection
2019-10-17 07:09:41,493 [696df33b-59a0-4145-913f-936aff0d1566@group-2C0FEEE55AE1-LeaderElection1176] INFO  impl.RoleInfo (RoleInfo.java:updateAndGet(143)) - 696df33b-59a0-4145-913f-936aff0d1566: start FollowerState
2019-10-17 07:09:41,508 [Thread-10409] INFO  impl.FollowerState (FollowerState.java:run(108)) - 696df33b-59a0-4145-913f-936aff0d1566@group-2C0FEEE55AE1-FollowerState: change to CANDIDATE, lastRpcTime:14ms, electionTimeout:14ms
2019-10-17 07:09:41,508 [Thread-10409] INFO  impl.RoleInfo (RoleInfo.java:shutdownFollowerState(121)) - 696df33b-59a0-4145-913f-936aff0d1566: shutdown FollowerState
2019-10-17 07:09:41,508 [Thread-10409] INFO  impl.RaftServerImpl (RaftServerImpl.java:setRole(184)) - 696df33b-59a0-4145-913f-936aff0d1566@group-2C0FEEE55AE1: changes role from  FOLLOWER to CANDIDATE at term 104 for changeToCandidate
2019-10-17 07:09:41,508 [Thread-10409] INFO  impl.RoleInfo (RoleInfo.java:updateAndGet(143)) - 696df33b-59a0-4145-913f-936aff0d1566: start LeaderElection
2019-10-17 07:09:41,521 [696df33b-59a0-4145-913f-936aff0d1566@group-2C0FEEE55AE1-LeaderElection1177] INFO  impl.LeaderElection (LeaderElection.java:askForVotes(178)) - 696df33b-59a0-4145-913f-936aff0d1566@group-2C0FEEE55AE1-LeaderElection1177: begin an election at term 105 for -1: [f3ee4219-89bb-47f2-bbe0-5f784575b745:192.168.157.211:38722, 805254cc-2da6-48d8-a2f9-c1a3ceceab4a:192.168.157.211:35407, 696df33b-59a0-4145-913f-936aff0d1566:192.168.157.211:38803], old=null
2019-10-17 07:09:41,523 [grpc-default-executor-7] INFO  impl.RaftServerImpl (RaftServerImpl.java:setRole(184)) - f3ee4219-89bb-47f2-bbe0-5f784575b745@group-2C0FEEE55AE1: changes role from  FOLLOWER to FOLLOWER at term 105 for recognizeCandidate:696df33b-59a0-4145-913f-936aff0d1566
2019-10-17 07:09:41,523 [grpc-default-executor-7] INFO  impl.RoleInfo (RoleInfo.java:shutdownFollowerState(121)) - f3ee4219-89bb-47f2-bbe0-5f784575b745: shutdown FollowerState
2019-10-17 07:09:41,523 [grpc-default-executor-7] INFO  impl.RoleInfo (RoleInfo.java:updateAndGet(143)) - f3ee4219-89bb-47f2-bbe0-5f784575b745: start FollowerState
2019-10-17 07:09:41,524 [Thread-10407] INFO  impl.FollowerState (FollowerState.java:run(117)) - f3ee4219-89bb-47f2-bbe0-5f784575b745@group-2C0FEEE55AE1-FollowerState was interrupted: java.lang.InterruptedException: sleep interrupted
2019-10-17 07:09:41,524 [grpc-default-executor-5] INFO  impl.RaftServerImpl (RaftServerImpl.java:setRole(184)) - 805254cc-2da6-48d8-a2f9-c1a3ceceab4a@group-2C0FEEE55AE1: changes role from  FOLLOWER to FOLLOWER at term 105 for recognizeCandidate:696df33b-59a0-4145-913f-936aff0d1566
2019-10-17 07:09:41,524 [grpc-default-executor-5] INFO  impl.RoleInfo (RoleInfo.java:shutdownFollowerState(121)) - 805254cc-2da6-48d8-a2f9-c1a3ceceab4a: shutdown FollowerState
2019-10-17 07:09:41,524 [grpc-default-executor-5] INFO  impl.RoleInfo (RoleInfo.java:updateAndGet(143)) - 805254cc-2da6-48d8-a2f9-c1a3ceceab4a: start FollowerState
2019-10-17 07:09:41,524 [Thread-10408] INFO  impl.FollowerState (FollowerState.java:run(117)) - 805254cc-2da6-48d8-a2f9-c1a3ceceab4a@group-2C0FEEE55AE1-FollowerState was interrupted: java.lang.InterruptedException: sleep interrupted
2019-10-17 07:09:41,537 [696df33b-59a0-4145-913f-936aff0d1566@group-2C0FEEE55AE1-LeaderElection1177] INFO  impl.LeaderElection (LeaderElection.java:logAndReturn(56)) - 696df33b-59a0-4145-913f-936aff0d1566@group-2C0FEEE55AE1-LeaderElection1177: Election REJECTED; received 2 response(s) [696df33b-59a0-4145-913f-936aff0d1566<-f3ee4219-89bb-47f2-bbe0-5f784575b745#0:FAIL-t105, 696df33b-59a0-4145-913f-936aff0d1566<-805254cc-2da6-48d8-a2f9-c1a3ceceab4a#0:FAIL-t105] and 0 exception(s); 696df33b-59a0-4145-913f-936aff0d1566@group-2C0FEEE55AE1:t105, leader=null, voted=696df33b-59a0-4145-913f-936aff0d1566, raftlog=696df33b-59a0-4145-913f-936aff0d1566@group-2C0FEEE55AE1-SegmentedRaftLog:OPENED:c-1,f-1,i0, conf=-1: [f3ee4219-89bb-47f2-bbe0-5f784575b745:192.168.157.211:38722, 805254cc-2da6-48d8-a2f9-c1a3ceceab4a:192.168.157.211:35407, 696df33b-59a0-4145-913f-936aff0d1566:192.168.157.211:38803], old=null
2019-10-17 07:09:41,537 [696df33b-59a0-4145-913f-936aff0d1566@group-2C0FEEE55AE1-LeaderElection1177] INFO  impl.RaftServerImpl (RaftServerImpl.java:setRole(184)) - 696df33b-59a0-4145-913f-936aff0d1566@group-2C0FEEE55AE1: changes role from CANDIDATE to FOLLOWER at term 105 for DISCOVERED_A_NEW_TERM
2019-10-17 07:09:41,537 [696df33b-59a0-4145-913f-936aff0d1566@group-2C0FEEE55AE1-LeaderElection1177] INFO  impl.RoleInfo (RoleInfo.java:shutdownLeaderElection(134)) - 696df33b-59a0-4145-913f-936aff0d1566: shutdown LeaderElection
2019-10-17 07:09:41,537 [696df33b-59a0-4145-913f-936aff0d1566@group-2C0FEEE55AE1-LeaderElection1177] INFO  impl.RoleInfo (RoleInfo.java:updateAndGet(143)) - 696df33b-59a0-4145-913f-936aff0d1566: start FollowerState
2019-10-17 07:09:41,563 [Thread-10415] INFO  impl.FollowerState (FollowerState.java:run(108)) - 696df33b-59a0-4145-913f-936aff0d1566@group-2C0FEEE55AE1-FollowerState: change to CANDIDATE, lastRpcTime:25ms, electionTimeout:25ms
2019-10-17 07:09:41,563 [Thread-10415] INFO  impl.RoleInfo (RoleInfo.java:shutdownFollowerState(121)) - 696df33b-59a0-4145-913f-936aff0d1566: shutdown FollowerState
2019-10-17 07:09:41,563 [Thread-10415] INFO  impl.RaftServerImpl (RaftServerImpl.java:setRole(184)) - 696df33b-59a0-4145-913f-936aff0d1566@group-2C0FEEE55AE1: changes role from  FOLLOWER to CANDIDATE at term 105 for changeToCandidate
2019-10-17 07:09:41,563 [Thread-10415] INFO  impl.RoleInfo (RoleInfo.java:updateAndGet(143)) - 696df33b-59a0-4145-913f-936aff0d1566: start LeaderElection
2019-10-17 07:09:41,575 [696df33b-59a0-4145-913f-936aff0d1566@group-2C0FEEE55AE1-LeaderElection1178] INFO  impl.LeaderElection (LeaderElection.java:askForVotes(178)) - 696df33b-59a0-4145-913f-936aff0d1566@group-2C0FEEE55AE1-LeaderElection1178: begin an election at term 106 for -1: [f3ee4219-89bb-47f2-bbe0-5f784575b745:192.168.157.211:38722, 805254cc-2da6-48d8-a2f9-c1a3ceceab4a:192.168.157.211:35407, 696df33b-59a0-4145-913f-936aff0d1566:192.168.157.211:38803], old=null
2019-10-17 07:09:41,576 [grpc-default-executor-7] INFO  impl.RaftServerImpl (RaftServerImpl.java:setRole(184)) - 805254cc-2da6-48d8-a2f9-c1a3ceceab4a@group-2C0FEEE55AE1: changes role from  FOLLOWER to FOLLOWER at term 106 for recognizeCandidate:696df33b-59a0-4145-913f-936aff0d1566
2019-10-17 07:09:41,576 [grpc-default-executor-7] INFO  impl.RoleInfo (RoleInfo.java:shutdownFollowerState(121)) - 805254cc-2da6-48d8-a2f9-c1a3ceceab4a: shutdown FollowerState
2019-10-17 07:09:41,576 [grpc-default-executor-7] INFO  impl.RoleInfo (RoleInfo.java:updateAndGet(143)) - 805254cc-2da6-48d8-a2f9-c1a3ceceab4a: start FollowerState
2019-10-17 07:09:41,577 [Thread-10414] INFO  impl.FollowerState (FollowerState.java:run(117)) - 805254cc-2da6-48d8-a2f9-c1a3ceceab4a@group-2C0FEEE55AE1-FollowerState was interrupted: java.lang.InterruptedException: sleep interrupted
2019-10-17 07:09:41,577 [grpc-default-executor-5] INFO  impl.RaftServerImpl (RaftServerImpl.java:setRole(184)) - f3ee4219-89bb-47f2-bbe0-5f784575b745@group-2C0FEEE55AE1: changes role from  FOLLOWER to FOLLOWER at term 106 for recognizeCandidate:696df33b-59a0-4145-913f-936aff0d1566
2019-10-17 07:09:41,577 [grpc-default-executor-5] INFO  impl.RoleInfo (RoleInfo.java:shutdownFollowerState(121)) - f3ee4219-89bb-47f2-bbe0-5f784575b745: shutdown FollowerState
2019-10-17 07:09:41,577 [grpc-default-executor-5] INFO  impl.RoleInfo (RoleInfo.java:updateAndGet(143)) - f3ee4219-89bb-47f2-bbe0-5f784575b745: start FollowerState
2019-10-17 07:09:41,577 [Thread-10413] INFO  impl.FollowerState (FollowerState.java:run(117)) - f3ee4219-89bb-47f2-bbe0-5f784575b745@group-2C0FEEE55AE1-FollowerState was interrupted: java.lang.InterruptedException: sleep interrupted
2019-10-17 07:09:41,598 [696df33b-59a0-4145-913f-936aff0d1566@group-2C0FEEE55AE1-LeaderElection1178] INFO  impl.LeaderElection (LeaderElection.java:logAndReturn(56)) - 696df33b-59a0-4145-913f-936aff0d1566@group-2C0FEEE55AE1-LeaderElection1178: Election REJECTED; received 2 response(s) [696df33b-59a0-4145-913f-936aff0d1566<-f3ee4219-89bb-47f2-bbe0-5f784575b745#0:FAIL-t106, 696df33b-59a0-4145-913f-936aff0d1566<-805254cc-2da6-48d8-a2f9-c1a3ceceab4a#0:FAIL-t106] and 0 exception(s); 696df33b-59a0-4145-913f-936aff0d1566@group-2C0FEEE55AE1:t106, leader=null, voted=696df33b-59a0-4145-913f-936aff0d1566, raftlog=696df33b-59a0-4145-913f-936aff0d1566@group-2C0FEEE55AE1-SegmentedRaftLog:OPENED:c-1,f-1,i0, conf=-1: [f3ee4219-89bb-47f2-bbe0-5f784575b745:192.168.157.211:38722, 805254cc-2da6-48d8-a2f9-c1a3ceceab4a:192.168.157.211:35407, 696df33b-59a0-4145-913f-936aff0d1566:192.168.157.211:38803], old=null
2019-10-17 07:09:41,598 [696df33b-59a0-4145-913f-936aff0d1566@group-2C0FEEE55AE1-LeaderElection1178] INFO  impl.RaftServerImpl (RaftServerImpl.java:setRole(184)) - 696df33b-59a0-4145-913f-936aff0d1566@group-2C0FEEE55AE1: changes role from CANDIDATE to FOLLOWER at term 106 for DISCOVERED_A_NEW_TERM
2019-10-17 07:09:41,598 [696df33b-59a0-4145-913f-936aff0d1566@group-2C0FEEE55AE1-LeaderElection1178] INFO  impl.RoleInfo (RoleInfo.java:shutdownLeaderElection(134)) - 696df33b-59a0-4145-913f-936aff0d1566: shutdown LeaderElection
2019-10-17 07:09:41,598 [696df33b-59a0-4145-913f-936aff0d1566@group-2C0FEEE55AE1-LeaderElection1178] INFO  impl.RoleInfo (RoleInfo.java:updateAndGet(143)) - 696df33b-59a0-4145-913f-936aff0d1566: start FollowerState
2019-10-17 07:09:41,791 [Thread-10421] INFO  impl.FollowerState (FollowerState.java:run(108)) - 696df33b-59a0-4145-913f-936aff0d1566@group-2C0FEEE55AE1-FollowerState: change to CANDIDATE, lastRpcTime:192ms, electionTimeout:192ms
2019-10-17 07:09:41,791 [Thread-10421] INFO  impl.RoleInfo (RoleInfo.java:shutdownFollowerState(121)) - 696df33b-59a0-4145-913f-936aff0d1566: shutdown FollowerState
2019-10-17 07:09:41,791 [Thread-10421] INFO  impl.RaftServerImpl (RaftServerImpl.java:setRole(184)) - 696df33b-59a0-4145-913f-936aff0d1566@group-2C0FEEE55AE1: changes role from  FOLLOWER to CANDIDATE at term 106 for changeToCandidate
2019-10-17 07:09:41,791 [Thread-10421] INFO  impl.RoleInfo (RoleInfo.java:updateAndGet(143)) - 696df33b-59a0-4145-913f-936aff0d1566: start LeaderElection
2019-10-17 07:09:41,808 [696df33b-59a0-4145-913f-936aff0d1566@group-2C0FEEE55AE1-LeaderElection1179] INFO  impl.LeaderElection (LeaderElection.java:askForVotes(178)) - 696df33b-59a0-4145-913f-936aff0d1566@group-2C0FEEE55AE1-LeaderElection1179: begin an election at term 107 for -1: [f3ee4219-89bb-47f2-bbe0-5f784575b745:192.168.157.211:38722, 805254cc-2da6-48d8-a2f9-c1a3ceceab4a:192.168.157.211:35407, 696df33b-59a0-4145-913f-936aff0d1566:192.168.157.211:38803], old=null
2019-10-17 07:09:41,811 [grpc-default-executor-5] INFO  impl.RaftServerImpl (RaftServerImpl.java:setRole(184)) - 805254cc-2da6-48d8-a2f9-c1a3ceceab4a@group-2C0FEEE55AE1: changes role from  FOLLOWER to FOLLOWER at term 107 for recognizeCandidate:696df33b-59a0-4145-913f-936aff0d1566
2019-10-17 07:09:41,811 [grpc-default-executor-5] INFO  impl.RoleInfo (RoleInfo.java:shutdownFollowerState(121)) - 805254cc-2da6-48d8-a2f9-c1a3ceceab4a: shutdown FollowerState
2019-10-17 07:09:41,811 [grpc-default-executor-5] INFO  impl.RoleInfo (RoleInfo.java:updateAndGet(143)) - 805254cc-2da6-48d8-a2f9-c1a3ceceab4a: start FollowerState
2019-10-17 07:09:41,811 [Thread-10419] INFO  impl.FollowerState (FollowerState.java:run(117)) - 805254cc-2da6-48d8-a2f9-c1a3ceceab4a@group-2C0FEEE55AE1-FollowerState was interrupted: java.lang.InterruptedException: sleep interrupted
2019-10-17 07:09:41,811 [grpc-default-executor-7] INFO  impl.RaftServerImpl (RaftServerImpl.java:setRole(184)) - f3ee4219-89bb-47f2-bbe0-5f784575b745@group-2C0FEEE55AE1: changes role from  FOLLOWER to FOLLOWER at term 107 for recognizeCandidate:696df33b-59a0-4145-913f-936aff0d1566
2019-10-17 07:09:41,812 [grpc-default-executor-7] INFO  impl.RoleInfo (RoleInfo.java:shutdownFollowerState(121)) - f3ee4219-89bb-47f2-bbe0-5f784575b745: shutdown FollowerState
2019-10-17 07:09:41,812 [grpc-default-executor-7] INFO  impl.RoleInfo (RoleInfo.java:updateAndGet(143)) - f3ee4219-89bb-47f2-bbe0-5f784575b745: start FollowerState
2019-10-17 07:09:41,812 [Thread-10420] INFO  impl.FollowerState (FollowerState.java:run(117)) - f3ee4219-89bb-47f2-bbe0-5f784575b745@group-2C0FEEE55AE1-FollowerState was interrupted: java.lang.InterruptedException: sleep interrupted
2019-10-17 07:09:41,821 [696df33b-59a0-4145-913f-936aff0d1566@group-2C0FEEE55AE1-LeaderElection1179] INFO  impl.LeaderElection (LeaderElection.java:logAndReturn(56)) - 696df33b-59a0-4145-913f-936aff0d1566@group-2C0FEEE55AE1-LeaderElection1179: Election REJECTED; received 2 response(s) [696df33b-59a0-4145-913f-936aff0d1566<-f3ee4219-89bb-47f2-bbe0-5f784575b745#0:FAIL-t107, 696df33b-59a0-4145-913f-936aff0d1566<-805254cc-2da6-48d8-a2f9-c1a3ceceab4a#0:FAIL-t107] and 0 exception(s); 696df33b-59a0-4145-913f-936aff0d1566@group-2C0FEEE55AE1:t107, leader=null, voted=696df33b-59a0-4145-913f-936aff0d1566, raftlog=696df33b-59a0-4145-913f-936aff0d1566@group-2C0FEEE55AE1-SegmentedRaftLog:OPENED:c-1,f-1,i0, conf=-1: [f3ee4219-89bb-47f2-bbe0-5f784575b745:192.168.157.211:38722, 805254cc-2da6-48d8-a2f9-c1a3ceceab4a:192.168.157.211:35407, 696df33b-59a0-4145-913f-936aff0d1566:192.168.157.211:38803], old=null
2019-10-17 07:09:41,821 [696df33b-59a0-4145-913f-936aff0d1566@group-2C0FEEE55AE1-LeaderElection1179] INFO  impl.RaftServerImpl (RaftServerImpl.java:setRole(184)) - 696df33b-59a0-4145-913f-936aff0d1566@group-2C0FEEE55AE1: changes role from CANDIDATE to FOLLOWER at term 107 for DISCOVERED_A_NEW_TERM
2019-10-17 07:09:41,821 [696df33b-59a0-4145-913f-936aff0d1566@group-2C0FEEE55AE1-LeaderElection1179] INFO  impl.RoleInfo (RoleInfo.java:shutdownLeaderElection(134)) - 696df33b-59a0-4145-913f-936aff0d1566: shutdown LeaderElection
2019-10-17 07:09:41,821 [696df33b-59a0-4145-913f-936aff0d1566@group-2C0FEEE55AE1-LeaderElection1179] INFO  impl.RoleInfo (RoleInfo.java:updateAndGet(143)) - 696df33b-59a0-4145-913f-936aff0d1566: start FollowerState
2019-10-17 07:09:41,868 [Thread-10427] INFO  impl.FollowerState (FollowerState.java:run(108)) - 696df33b-59a0-4145-913f-936aff0d1566@group-2C0FEEE55AE1-FollowerState: change to CANDIDATE, lastRpcTime:47ms, electionTimeout:47ms
2019-10-17 07:09:41,869 [Thread-10427] INFO  impl.RoleInfo (RoleInfo.java:shutdownFollowerState(121)) - 696df33b-59a0-4145-913f-936aff0d1566: shutdown FollowerState
2019-10-17 07:09:41,869 [Thread-10427] INFO  impl.RaftServerImpl (RaftServerImpl.java:setRole(184)) - 696df33b-59a0-4145-913f-936aff0d1566@group-2C0FEEE55AE1: changes role from  FOLLOWER to CANDIDATE at term 107 for changeToCandidate
2019-10-17 07:09:41,869 [Thread-10427] INFO  impl.RoleInfo (RoleInfo.java:updateAndGet(143)) - 696df33b-59a0-4145-913f-936aff0d1566: start LeaderElection
2019-10-17 07:09:41,879 [696df33b-59a0-4145-913f-936aff0d1566@group-2C0FEEE55AE1-LeaderElection1180] INFO  impl.LeaderElection (LeaderElection.java:askForVotes(178)) - 696df33b-59a0-4145-913f-936aff0d1566@group-2C0FEEE55AE1-LeaderElection1180: begin an election at term 108 for -1: [f3ee4219-89bb-47f2-bbe0-5f784575b745:192.168.157.211:38722, 805254cc-2da6-48d8-a2f9-c1a3ceceab4a:192.168.157.211:35407, 696df33b-59a0-4145-913f-936aff0d1566:192.168.157.211:38803], old=null
2019-10-17 07:09:41,881 [grpc-default-executor-5] INFO  impl.RaftServerImpl (RaftServerImpl.java:setRole(184)) - f3ee4219-89bb-47f2-bbe0-5f784575b745@group-2C0FEEE55AE1: changes role from  FOLLOWER to FOLLOWER at term 108 for recognizeCandidate:696df33b-59a0-4145-913f-936aff0d1566
2019-10-17 07:09:41,881 [grpc-default-executor-5] INFO  impl.RoleInfo (RoleInfo.java:shutdownFollowerState(121)) - f3ee4219-89bb-47f2-bbe0-5f784575b745: shutdown FollowerState
2019-10-17 07:09:41,881 [grpc-default-executor-5] INFO  impl.RoleInfo (RoleInfo.java:updateAndGet(143)) - f3ee4219-89bb-47f2-bbe0-5f784575b745: start FollowerState
2019-10-17 07:09:41,881 [Thread-10426] INFO  impl.FollowerState (FollowerState.java:run(117)) - f3ee4219-89bb-47f2-bbe0-5f784575b745@group-2C0FEEE55AE1-FollowerState was interrupted: java.lang.InterruptedException: sleep interrupted
2019-10-17 07:09:41,882 [grpc-default-executor-7] INFO  impl.RaftServerImpl (RaftServerImpl.java:setRole(184)) - 805254cc-2da6-48d8-a2f9-c1a3ceceab4a@group-2C0FEEE55AE1: changes role from  FOLLOWER to FOLLOWER at term 108 for recognizeCandidate:696df33b-59a0-4145-913f-936aff0d1566
2019-10-17 07:09:41,882 [grpc-default-executor-7] INFO  impl.RoleInfo (RoleInfo.java:shutdownFollowerState(121)) - 805254cc-2da6-48d8-a2f9-c1a3ceceab4a: shutdown FollowerState
2019-10-17 07:09:41,882 [grpc-default-executor-7] INFO  impl.RoleInfo (RoleInfo.java:updateAndGet(143)) - 805254cc-2da6-48d8-a2f9-c1a3ceceab4a: start FollowerState
2019-10-17 07:09:41,882 [Thread-10425] INFO  impl.FollowerState (FollowerState.java:run(117)) - 805254cc-2da6-48d8-a2f9-c1a3ceceab4a@group-2C0FEEE55AE1-FollowerState was interrupted: java.lang.InterruptedException: sleep interrupted
2019-10-17 07:09:41,900 [696df33b-59a0-4145-913f-936aff0d1566@group-2C0FEEE55AE1-LeaderElection1180] INFO  impl.LeaderElection (LeaderElection.java:logAndReturn(56)) - 696df33b-59a0-4145-913f-936aff0d1566@group-2C0FEEE55AE1-LeaderElection1180: Election REJECTED; received 2 response(s) [696df33b-59a0-4145-913f-936aff0d1566<-f3ee4219-89bb-47f2-bbe0-5f784575b745#0:FAIL-t108, 696df33b-59a0-4145-913f-936aff0d1566<-805254cc-2da6-48d8-a2f9-c1a3ceceab4a#0:FAIL-t108] and 0 exception(s); 696df33b-59a0-4145-913f-936aff0d1566@group-2C0FEEE55AE1:t108, leader=null, voted=696df33b-59a0-4145-913f-936aff0d1566, raftlog=696df33b-59a0-4145-913f-936aff0d1566@group-2C0FEEE55AE1-SegmentedRaftLog:OPENED:c-1,f-1,i0, conf=-1: [f3ee4219-89bb-47f2-bbe0-5f784575b745:192.168.157.211:38722, 805254cc-2da6-48d8-a2f9-c1a3ceceab4a:192.168.157.211:35407, 696df33b-59a0-4145-913f-936aff0d1566:192.168.157.211:38803], old=null
2019-10-17 07:09:41,900 [696df33b-59a0-4145-913f-936aff0d1566@group-2C0FEEE55AE1-LeaderElection1180] INFO  impl.RaftServerImpl (RaftServerImpl.java:setRole(184)) - 696df33b-59a0-4145-913f-936aff0d1566@group-2C0FEEE55AE1: changes role from CANDIDATE to FOLLOWER at term 108 for DISCOVERED_A_NEW_TERM
2019-10-17 07:09:41,900 [696df33b-59a0-4145-913f-936aff0d1566@group-2C0FEEE55AE1-LeaderElection1180] INFO  impl.RoleInfo (RoleInfo.java:shutdownLeaderElection(134)) - 696df33b-59a0-4145-913f-936aff0d1566: shutdown LeaderElection
2019-10-17 07:09:41,900 [696df33b-59a0-4145-913f-936aff0d1566@group-2C0FEEE55AE1-LeaderElection1180] INFO  impl.RoleInfo (RoleInfo.java:updateAndGet(143)) - 696df33b-59a0-4145-913f-936aff0d1566: start FollowerState
2019-10-17 07:09:42,033 [Thread-10433] INFO  impl.FollowerState (FollowerState.java:run(108)) - 696df33b-59a0-4145-913f-936aff0d1566@group-2C0FEEE55AE1-FollowerState: change to CANDIDATE, lastRpcTime:132ms, electionTimeout:132ms
2019-10-17 07:09:42,033 [Thread-10433] INFO  impl.RoleInfo (RoleInfo.java:shutdownFollowerState(121)) - 696df33b-59a0-4145-913f-936aff0d1566: shutdown FollowerState
2019-10-17 07:09:42,033 [Thread-10433] INFO  impl.RaftServerImpl (RaftServerImpl.java:setRole(184)) - 696df33b-59a0-4145-913f-936aff0d1566@group-2C0FEEE55AE1: changes role from  FOLLOWER to CANDIDATE at term 108 for changeToCandidate
2019-10-17 07:09:42,033 [Thread-10433] INFO  impl.RoleInfo (RoleInfo.java:updateAndGet(143)) - 696df33b-59a0-4145-913f-936aff0d1566: start LeaderElection
2019-10-17 07:09:42,042 [696df33b-59a0-4145-913f-936aff0d1566@group-2C0FEEE55AE1-LeaderElection1181] INFO  impl.LeaderElection (LeaderElection.java:askForVotes(178)) - 696df33b-59a0-4145-913f-936aff0d1566@group-2C0FEEE55AE1-LeaderElection1181: begin an election at term 109 for -1: [f3ee4219-89bb-47f2-bbe0-5f784575b745:192.168.157.211:38722, 805254cc-2da6-48d8-a2f9-c1a3ceceab4a:192.168.157.211:35407, 696df33b-59a0-4145-913f-936aff0d1566:192.168.157.211:38803], old=null
2019-10-17 07:09:42,044 [grpc-default-executor-5] INFO  impl.RaftServerImpl (RaftServerImpl.java:setRole(184)) - f3ee4219-89bb-47f2-bbe0-5f784575b745@group-2C0FEEE55AE1: changes role from  FOLLOWER to FOLLOWER at term 109 for recognizeCandidate:696df33b-59a0-4145-913f-936aff0d1566
2019-10-17 07:09:42,044 [grpc-default-executor-5] INFO  impl.RoleInfo (RoleInfo.java:shutdownFollowerState(121)) - f3ee4219-89bb-47f2-bbe0-5f784575b745: shutdown FollowerState
2019-10-17 07:09:42,044 [grpc-default-executor-5] INFO  impl.RoleInfo (RoleInfo.java:updateAndGet(143)) - f3ee4219-89bb-47f2-bbe0-5f784575b745: start FollowerState
2019-10-17 07:09:42,044 [Thread-10431] INFO  impl.FollowerState (FollowerState.java:run(117)) - f3ee4219-89bb-47f2-bbe0-5f784575b745@group-2C0FEEE55AE1-FollowerState was interrupted: java.lang.InterruptedException: sleep interrupted
2019-10-17 07:09:42,044 [grpc-default-executor-7] INFO  impl.RaftServerImpl (RaftServerImpl.java:setRole(184)) - 805254cc-2da6-48d8-a2f9-c1a3ceceab4a@group-2C0FEEE55AE1: changes role from  FOLLOWER to FOLLOWER at term 109 for recognizeCandidate:696df33b-59a0-4145-913f-936aff0d1566
2019-10-17 07:09:42,044 [grpc-default-executor-7] INFO  impl.RoleInfo (RoleInfo.java:shutdownFollowerState(121)) - 805254cc-2da6-48d8-a2f9-c1a3ceceab4a: shutdown FollowerState
2019-10-17 07:09:42,045 [grpc-default-executor-7] INFO  impl.RoleInfo (RoleInfo.java:updateAndGet(143)) - 805254cc-2da6-48d8-a2f9-c1a3ceceab4a: start FollowerState
2019-10-17 07:09:42,045 [Thread-10432] INFO  impl.FollowerState (FollowerState.java:run(117)) - 805254cc-2da6-48d8-a2f9-c1a3ceceab4a@group-2C0FEEE55AE1-FollowerState was interrupted: java.lang.InterruptedException: sleep interrupted
2019-10-17 07:09:42,053 [696df33b-59a0-4145-913f-936aff0d1566@group-2C0FEEE55AE1-LeaderElection1181] INFO  impl.LeaderElection (LeaderElection.java:logAndReturn(56)) - 696df33b-59a0-4145-913f-936aff0d1566@group-2C0FEEE55AE1-LeaderElection1181: Election REJECTED; received 2 response(s) [696df33b-59a0-4145-913f-936aff0d1566<-f3ee4219-89bb-47f2-bbe0-5f784575b745#0:FAIL-t109, 696df33b-59a0-4145-913f-936aff0d1566<-805254cc-2da6-48d8-a2f9-c1a3ceceab4a#0:FAIL-t109] and 0 exception(s); 696df33b-59a0-4145-913f-936aff0d1566@group-2C0FEEE55AE1:t109, leader=null, voted=696df33b-59a0-4145-913f-936aff0d1566, raftlog=696df33b-59a0-4145-913f-936aff0d1566@group-2C0FEEE55AE1-SegmentedRaftLog:OPENED:c-1,f-1,i0, conf=-1: [f3ee4219-89bb-47f2-bbe0-5f784575b745:192.168.157.211:38722, 805254cc-2da6-48d8-a2f9-c1a3ceceab4a:192.168.157.211:35407, 696df33b-59a0-4145-913f-936aff0d1566:192.168.157.211:38803], old=null
2019-10-17 07:09:42,053 [696df33b-59a0-4145-913f-936aff0d1566@group-2C0FEEE55AE1-LeaderElection1181] INFO  impl.RaftServerImpl (RaftServerImpl.java:setRole(184)) - 696df33b-59a0-4145-913f-936aff0d1566@group-2C0FEEE55AE1: changes role from CANDIDATE to FOLLOWER at term 109 for DISCOVERED_A_NEW_TERM
2019-10-17 07:09:42,053 [696df33b-59a0-4145-913f-936aff0d1566@group-2C0FEEE55AE1-LeaderElection1181] INFO  impl.RoleInfo (RoleInfo.java:shutdownLeaderElection(134)) - 696df33b-59a0-4145-913f-936aff0d1566: shutdown LeaderElection
2019-10-17 07:09:42,053 [696df33b-59a0-4145-913f-936aff0d1566@group-2C0FEEE55AE1-LeaderElection1181] INFO  impl.RoleInfo (RoleInfo.java:updateAndGet(143)) - 696df33b-59a0-4145-913f-936aff0d1566: start FollowerState
2019-10-17 07:09:42,139 [Thread-10443] INFO  impl.FollowerState (FollowerState.java:run(108)) - 696df33b-59a0-4145-913f-936aff0d1566@group-2C0FEEE55AE1-FollowerState: change to CANDIDATE, lastRpcTime:85ms, electionTimeout:85ms
2019-10-17 07:09:42,139 [Thread-10443] INFO  impl.RoleInfo (RoleInfo.java:shutdownFollowerState(121)) - 696df33b-59a0-4145-913f-936aff0d1566: shutdown FollowerState
2019-10-17 07:09:42,139 [Thread-10443] INFO  impl.RaftServerImpl (RaftServerImpl.java:setRole(184)) - 696df33b-59a0-4145-913f-936aff0d1566@group-2C0FEEE55AE1: changes role from  FOLLOWER to CANDIDATE at term 109 for changeToCandidate
2019-10-17 07:09:42,139 [Thread-10443] INFO  impl.RoleInfo (RoleInfo.java:updateAndGet(143)) - 696df33b-59a0-4145-913f-936aff0d1566: start LeaderElection
2019-10-17 07:09:42,153 [696df33b-59a0-4145-913f-936aff0d1566@group-2C0FEEE55AE1-LeaderElection1182] INFO  impl.LeaderElection (LeaderElection.java:askForVotes(178)) - 696df33b-59a0-4145-913f-936aff0d1566@group-2C0FEEE55AE1-LeaderElection1182: begin an election at term 110 for -1: [f3ee4219-89bb-47f2-bbe0-5f784575b745:192.168.157.211:38722, 805254cc-2da6-48d8-a2f9-c1a3ceceab4a:192.168.157.211:35407, 696df33b-59a0-4145-913f-936aff0d1566:192.168.157.211:38803], old=null
2019-10-17 07:09:42,154 [grpc-default-executor-7] INFO  impl.RaftServerImpl (RaftServerImpl.java:setRole(184)) - f3ee4219-89bb-47f2-bbe0-5f784575b745@group-2C0FEEE55AE1: changes role from  FOLLOWER to FOLLOWER at term 110 for recognizeCandidate:696df33b-59a0-4145-913f-936aff0d1566
2019-10-17 07:09:42,154 [grpc-default-executor-7] INFO  impl.RoleInfo (RoleInfo.java:shutdownFollowerState(121)) - f3ee4219-89bb-47f2-bbe0-5f784575b745: shutdown FollowerState
2019-10-17 07:09:42,154 [grpc-default-executor-5] INFO  impl.RaftServerImpl (RaftServerImpl.java:setRole(184)) - 805254cc-2da6-48d8-a2f9-c1a3ceceab4a@group-2C0FEEE55AE1: changes role from  FOLLOWER to FOLLOWER at term 110 for recognizeCandidate:696df33b-59a0-4145-913f-936aff0d1566
2019-10-17 07:09:42,155 [grpc-default-executor-5] INFO  impl.RoleInfo (RoleInfo.java:shutdownFollowerState(121)) - 805254cc-2da6-48d8-a2f9-c1a3ceceab4a: shutdown FollowerState
2019-10-17 07:09:42,155 [Thread-10441] INFO  impl.FollowerState (FollowerState.java:run(117)) - f3ee4219-89bb-47f2-bbe0-5f784575b745@group-2C0FEEE55AE1-FollowerState was interrupted: java.lang.InterruptedException: sleep interrupted
2019-10-17 07:09:42,154 [grpc-default-executor-7] INFO  impl.RoleInfo (RoleInfo.java:updateAndGet(143)) - f3ee4219-89bb-47f2-bbe0-5f784575b745: start FollowerState
2019-10-17 07:09:42,155 [Thread-10442] INFO  impl.FollowerState (FollowerState.java:run(117)) - 805254cc-2da6-48d8-a2f9-c1a3ceceab4a@group-2C0FEEE55AE1-FollowerState was interrupted: java.lang.InterruptedException: sleep interrupted
2019-10-17 07:09:42,155 [grpc-default-executor-5] INFO  impl.RoleInfo (RoleInfo.java:updateAndGet(143)) - 805254cc-2da6-48d8-a2f9-c1a3ceceab4a: start FollowerState
2019-10-17 07:09:42,179 [696df33b-59a0-4145-913f-936aff0d1566@group-2C0FEEE55AE1-LeaderElection1182] INFO  impl.LeaderElection (LeaderElection.java:logAndReturn(56)) - 696df33b-59a0-4145-913f-936aff0d1566@group-2C0FEEE55AE1-LeaderElection1182: Election REJECTED; received 2 response(s) [696df33b-59a0-4145-913f-936aff0d1566<-f3ee4219-89bb-47f2-bbe0-5f784575b745#0:FAIL-t110, 696df33b-59a0-4145-913f-936aff0d1566<-805254cc-2da6-48d8-a2f9-c1a3ceceab4a#0:FAIL-t110] and 0 exception(s); 696df33b-59a0-4145-913f-936aff0d1566@group-2C0FEEE55AE1:t110, leader=null, voted=696df33b-59a0-4145-913f-936aff0d1566, raftlog=696df33b-59a0-4145-913f-936aff0d1566@group-2C0FEEE55AE1-SegmentedRaftLog:OPENED:c-1,f-1,i0, conf=-1: [f3ee4219-89bb-47f2-bbe0-5f784575b745:192.168.157.211:38722, 805254cc-2da6-48d8-a2f9-c1a3ceceab4a:192.168.157.211:35407, 696df33b-59a0-4145-913f-936aff0d1566:192.168.157.211:38803], old=null
2019-10-17 07:09:42,179 [696df33b-59a0-4145-913f-936aff0d1566@group-2C0FEEE55AE1-LeaderElection1182] INFO  impl.RaftServerImpl (RaftServerImpl.java:setRole(184)) - 696df33b-59a0-4145-913f-936aff0d1566@group-2C0FEEE55AE1: changes role from CANDIDATE to FOLLOWER at term 110 for DISCOVERED_A_NEW_TERM
2019-10-17 07:09:42,180 [696df33b-59a0-4145-913f-936aff0d1566@group-2C0FEEE55AE1-LeaderElection1182] INFO  impl.RoleInfo (RoleInfo.java:shutdownLeaderElection(134)) - 696df33b-59a0-4145-913f-936aff0d1566: shutdown LeaderElection
2019-10-17 07:09:42,180 [696df33b-59a0-4145-913f-936aff0d1566@group-2C0FEEE55AE1-LeaderElection1182] INFO  impl.RoleInfo (RoleInfo.java:updateAndGet(143)) - 696df33b-59a0-4145-913f-936aff0d1566: start FollowerState
2019-10-17 07:09:42,234 [Thread-10449] INFO  impl.FollowerState (FollowerState.java:run(108)) - 696df33b-59a0-4145-913f-936aff0d1566@group-2C0FEEE55AE1-FollowerState: change to CANDIDATE, lastRpcTime:54ms, electionTimeout:54ms
2019-10-17 07:09:42,234 [Thread-10449] INFO  impl.RoleInfo (RoleInfo.java:shutdownFollowerState(121)) - 696df33b-59a0-4145-913f-936aff0d1566: shutdown FollowerState
2019-10-17 07:09:42,234 [Thread-10449] INFO  impl.RaftServerImpl (RaftServerImpl.java:setRole(184)) - 696df33b-59a0-4145-913f-936aff0d1566@group-2C0FEEE55AE1: changes role from  FOLLOWER to CANDIDATE at term 110 for changeToCandidate
2019-10-17 07:09:42,234 [Thread-10449] INFO  impl.RoleInfo (RoleInfo.java:updateAndGet(143)) - 696df33b-59a0-4145-913f-936aff0d1566: start LeaderElection
2019-10-17 07:09:42,298 [696df33b-59a0-4145-913f-936aff0d1566@group-2C0FEEE55AE1-LeaderElection1183] INFO  impl.LeaderElection (LeaderElection.java:askForVotes(178)) - 696df33b-59a0-4145-913f-936aff0d1566@group-2C0FEEE55AE1-LeaderElection1183: begin an election at term 111 for -1: [f3ee4219-89bb-47f2-bbe0-5f784575b745:192.168.157.211:38722, 805254cc-2da6-48d8-a2f9-c1a3ceceab4a:192.168.157.211:35407, 696df33b-59a0-4145-913f-936aff0d1566:192.168.157.211:38803], old=null
2019-10-17 07:09:42,300 [grpc-default-executor-5] INFO  impl.RaftServerImpl (RaftServerImpl.java:setRole(184)) - f3ee4219-89bb-47f2-bbe0-5f784575b745@group-2C0FEEE55AE1: changes role from  FOLLOWER to FOLLOWER at term 111 for recognizeCandidate:696df33b-59a0-4145-913f-936aff0d1566
2019-10-17 07:09:42,300 [grpc-default-executor-5] INFO  impl.RoleInfo (RoleInfo.java:shutdownFollowerState(121)) - f3ee4219-89bb-47f2-bbe0-5f784575b745: shutdown FollowerState
2019-10-17 07:09:42,300 [grpc-default-executor-7] INFO  impl.RaftServerImpl (RaftServerImpl.java:setRole(184)) - 805254cc-2da6-48d8-a2f9-c1a3ceceab4a@group-2C0FEEE55AE1: changes role from  FOLLOWER to FOLLOWER at term 111 for recognizeCandidate:696df33b-59a0-4145-913f-936aff0d1566
2019-10-17 07:09:42,300 [Thread-10447] INFO  impl.FollowerState (FollowerState.java:run(117)) - f3ee4219-89bb-47f2-bbe0-5f784575b745@group-2C0FEEE55AE1-FollowerState was interrupted: java.lang.InterruptedException: sleep interrupted
2019-10-17 07:09:42,300 [grpc-default-executor-5] INFO  impl.RoleInfo (RoleInfo.java:updateAndGet(143)) - f3ee4219-89bb-47f2-bbe0-5f784575b745: start FollowerState
2019-10-17 07:09:42,300 [grpc-default-executor-7] INFO  impl.RoleInfo (RoleInfo.java:shutdownFollowerState(121)) - 805254cc-2da6-48d8-a2f9-c1a3ceceab4a: shutdown FollowerState
2019-10-17 07:09:42,300 [grpc-default-executor-7] INFO  impl.RoleInfo (RoleInfo.java:updateAndGet(143)) - 805254cc-2da6-48d8-a2f9-c1a3ceceab4a: start FollowerState
2019-10-17 07:09:42,300 [Thread-10448] INFO  impl.FollowerState (FollowerState.java:run(117)) - 805254cc-2da6-48d8-a2f9-c1a3ceceab4a@group-2C0FEEE55AE1-FollowerState was interrupted: java.lang.InterruptedException: sleep interrupted
2019-10-17 07:09:42,308 [696df33b-59a0-4145-913f-936aff0d1566@group-2C0FEEE55AE1-LeaderElection1183] INFO  impl.LeaderElection (LeaderElection.java:logAndReturn(56)) - 696df33b-59a0-4145-913f-936aff0d1566@group-2C0FEEE55AE1-LeaderElection1183: Election REJECTED; received 2 response(s) [696df33b-59a0-4145-913f-936aff0d1566<-f3ee4219-89bb-47f2-bbe0-5f784575b745#0:FAIL-t111, 696df33b-59a0-4145-913f-936aff0d1566<-805254cc-2da6-48d8-a2f9-c1a3ceceab4a#0:FAIL-t111] and 0 exception(s); 696df33b-59a0-4145-913f-936aff0d1566@group-2C0FEEE55AE1:t111, leader=null, voted=696df33b-59a0-4145-913f-936aff0d1566, raftlog=696df33b-59a0-4145-913f-936aff0d1566@group-2C0FEEE55AE1-SegmentedRaftLog:OPENED:c-1,f-1,i0, conf=-1: [f3ee4219-89bb-47f2-bbe0-5f784575b745:192.168.157.211:38722, 805254cc-2da6-48d8-a2f9-c1a3ceceab4a:192.168.157.211:35407, 696df33b-59a0-4145-913f-936aff0d1566:192.168.157.211:38803], old=null
2019-10-17 07:09:42,308 [696df33b-59a0-4145-913f-936aff0d1566@group-2C0FEEE55AE1-LeaderElection1183] INFO  impl.RaftServerImpl (RaftServerImpl.java:setRole(184)) - 696df33b-59a0-4145-913f-936aff0d1566@group-2C0FEEE55AE1: changes role from CANDIDATE to FOLLOWER at term 111 for DISCOVERED_A_NEW_TERM
2019-10-17 07:09:42,308 [696df33b-59a0-4145-913f-936aff0d1566@group-2C0FEEE55AE1-LeaderElection1183] INFO  impl.RoleInfo (RoleInfo.java:shutdownLeaderElection(134)) - 696df33b-59a0-4145-913f-936aff0d1566: shutdown LeaderElection
2019-10-17 07:09:42,308 [696df33b-59a0-4145-913f-936aff0d1566@group-2C0FEEE55AE1-LeaderElection1183] INFO  impl.RoleInfo (RoleInfo.java:updateAndGet(143)) - 696df33b-59a0-4145-913f-936aff0d1566: start FollowerState
2019-10-17 07:09:42,320 [Thread-10455] INFO  impl.FollowerState (FollowerState.java:run(108)) - 696df33b-59a0-4145-913f-936aff0d1566@group-2C0FEEE55AE1-FollowerState: change to CANDIDATE, lastRpcTime:12ms, electionTimeout:12ms
2019-10-17 07:09:42,320 [Thread-10455] INFO  impl.RoleInfo (RoleInfo.java:shutdownFollowerState(121)) - 696df33b-59a0-4145-913f-936aff0d1566: shutdown FollowerState
2019-10-17 07:09:42,321 [Thread-10455] INFO  impl.RaftServerImpl (RaftServerImpl.java:setRole(184)) - 696df33b-59a0-4145-913f-936aff0d1566@group-2C0FEEE55AE1: changes role from  FOLLOWER to CANDIDATE at term 111 for changeToCandidate
2019-10-17 07:09:42,321 [Thread-10455] INFO  impl.RoleInfo (RoleInfo.java:updateAndGet(143)) - 696df33b-59a0-4145-913f-936aff0d1566: start LeaderElection
2019-10-17 07:09:42,336 [696df33b-59a0-4145-913f-936aff0d1566@group-2C0FEEE55AE1-LeaderElection1184] INFO  impl.LeaderElection (LeaderElection.java:askForVotes(178)) - 696df33b-59a0-4145-913f-936aff0d1566@group-2C0FEEE55AE1-LeaderElection1184: begin an election at term 112 for -1: [f3ee4219-89bb-47f2-bbe0-5f784575b745:192.168.157.211:38722, 805254cc-2da6-48d8-a2f9-c1a3ceceab4a:192.168.157.211:35407, 696df33b-59a0-4145-913f-936aff0d1566:192.168.157.211:38803], old=null
2019-10-17 07:09:42,337 [grpc-default-executor-7] INFO  impl.RaftServerImpl (RaftServerImpl.java:setRole(184)) - f3ee4219-89bb-47f2-bbe0-5f784575b745@group-2C0FEEE55AE1: changes role from  FOLLOWER to FOLLOWER at term 112 for recognizeCandidate:696df33b-59a0-4145-913f-936aff0d1566
2019-10-17 07:09:42,337 [grpc-default-executor-7] INFO  impl.RoleInfo (RoleInfo.java:shutdownFollowerState(121)) - f3ee4219-89bb-47f2-bbe0-5f784575b745: shutdown FollowerState
2019-10-17 07:09:42,337 [grpc-default-executor-7] INFO  impl.RoleInfo (RoleInfo.java:updateAndGet(143)) - f3ee4219-89bb-47f2-bbe0-5f784575b745: start FollowerState
2019-10-17 07:09:42,337 [grpc-default-executor-5] INFO  impl.RaftServerImpl (RaftServerImpl.java:setRole(184)) - 805254cc-2da6-48d8-a2f9-c1a3ceceab4a@group-2C0FEEE55AE1: changes role from  FOLLOWER to FOLLOWER at term 112 for recognizeCandidate:696df33b-59a0-4145-913f-936aff0d1566
2019-10-17 07:09:42,337 [grpc-default-executor-5] INFO  impl.RoleInfo (RoleInfo.java:shutdownFollowerState(121)) - 805254cc-2da6-48d8-a2f9-c1a3ceceab4a: shutdown FollowerState
2019-10-17 07:09:42,337 [Thread-10453] INFO  impl.FollowerState (FollowerState.java:run(117)) - f3ee4219-89bb-47f2-bbe0-5f784575b745@group-2C0FEEE55AE1-FollowerState was interrupted: java.lang.InterruptedException: sleep interrupted
2019-10-17 07:09:42,338 [Thread-10454] INFO  impl.FollowerState (FollowerState.java:run(117)) - 805254cc-2da6-48d8-a2f9-c1a3ceceab4a@group-2C0FEEE55AE1-FollowerState was interrupted: java.lang.InterruptedException: sleep interrupted
2019-10-17 07:09:42,338 [grpc-default-executor-5] INFO  impl.RoleInfo (RoleInfo.java:updateAndGet(143)) - 805254cc-2da6-48d8-a2f9-c1a3ceceab4a: start FollowerState
2019-10-17 07:09:42,353 [696df33b-59a0-4145-913f-936aff0d1566@group-2C0FEEE55AE1-LeaderElection1184] INFO  impl.LeaderElection (LeaderElection.java:logAndReturn(56)) - 696df33b-59a0-4145-913f-936aff0d1566@group-2C0FEEE55AE1-LeaderElection1184: Election REJECTED; received 2 response(s) [696df33b-59a0-4145-913f-936aff0d1566<-f3ee4219-89bb-47f2-bbe0-5f784575b745#0:FAIL-t112, 696df33b-59a0-4145-913f-936aff0d1566<-805254cc-2da6-48d8-a2f9-c1a3ceceab4a#0:FAIL-t112] and 0 exception(s); 696df33b-59a0-4145-913f-936aff0d1566@group-2C0FEEE55AE1:t112, leader=null, voted=696df33b-59a0-4145-913f-936aff0d1566, raftlog=696df33b-59a0-4145-913f-936aff0d1566@group-2C0FEEE55AE1-SegmentedRaftLog:OPENED:c-1,f-1,i0, conf=-1: [f3ee4219-89bb-47f2-bbe0-5f784575b745:192.168.157.211:38722, 805254cc-2da6-48d8-a2f9-c1a3ceceab4a:192.168.157.211:35407, 696df33b-59a0-4145-913f-936aff0d1566:192.168.157.211:38803], old=null
2019-10-17 07:09:42,353 [696df33b-59a0-4145-913f-936aff0d1566@group-2C0FEEE55AE1-LeaderElection1184] INFO  impl.RaftServerImpl (RaftServerImpl.java:setRole(184)) - 696df33b-59a0-4145-913f-936aff0d1566@group-2C0FEEE55AE1: changes role from CANDIDATE to FOLLOWER at term 112 for DISCOVERED_A_NEW_TERM
2019-10-17 07:09:42,353 [696df33b-59a0-4145-913f-936aff0d1566@group-2C0FEEE55AE1-LeaderElection1184] INFO  impl.RoleInfo (RoleInfo.java:shutdownLeaderElection(134)) - 696df33b-59a0-4145-913f-936aff0d1566: shutdown LeaderElection
2019-10-17 07:09:42,353 [696df33b-59a0-4145-913f-936aff0d1566@group-2C0FEEE55AE1-LeaderElection1184] INFO  impl.RoleInfo (RoleInfo.java:updateAndGet(143)) - 696df33b-59a0-4145-913f-936aff0d1566: start FollowerState
2019-10-17 07:09:42,430 [Thread-10461] INFO  impl.FollowerState (FollowerState.java:run(108)) - 696df33b-59a0-4145-913f-936aff0d1566@group-2C0FEEE55AE1-FollowerState: change to CANDIDATE, lastRpcTime:76ms, electionTimeout:76ms
2019-10-17 07:09:42,430 [Thread-10461] INFO  impl.RoleInfo (RoleInfo.java:shutdownFollowerState(121)) - 696df33b-59a0-4145-913f-936aff0d1566: shutdown FollowerState
2019-10-17 07:09:42,430 [Thread-10461] INFO  impl.RaftServerImpl (RaftServerImpl.java:setRole(184)) - 696df33b-59a0-4145-913f-936aff0d1566@group-2C0FEEE55AE1: changes role from  FOLLOWER to CANDIDATE at term 112 for changeToCandidate
2019-10-17 07:09:42,430 [Thread-10461] INFO  impl.RoleInfo (RoleInfo.java:updateAndGet(143)) - 696df33b-59a0-4145-913f-936aff0d1566: start LeaderElection
2019-10-17 07:09:42,438 [696df33b-59a0-4145-913f-936aff0d1566@group-2C0FEEE55AE1-LeaderElection1185] INFO  impl.LeaderElection (LeaderElection.java:askForVotes(178)) - 696df33b-59a0-4145-913f-936aff0d1566@group-2C0FEEE55AE1-LeaderElection1185: begin an election at term 113 for -1: [f3ee4219-89bb-47f2-bbe0-5f784575b745:192.168.157.211:38722, 805254cc-2da6-48d8-a2f9-c1a3ceceab4a:192.168.157.211:35407, 696df33b-59a0-4145-913f-936aff0d1566:192.168.157.211:38803], old=null
2019-10-17 07:09:42,439 [grpc-default-executor-5] INFO  impl.RaftServerImpl (RaftServerImpl.java:setRole(184)) - f3ee4219-89bb-47f2-bbe0-5f784575b745@group-2C0FEEE55AE1: changes role from  FOLLOWER to FOLLOWER at term 113 for recognizeCandidate:696df33b-59a0-4145-913f-936aff0d1566
2019-10-17 07:09:42,439 [grpc-default-executor-5] INFO  impl.RoleInfo (RoleInfo.java:shutdownFollowerState(121)) - f3ee4219-89bb-47f2-bbe0-5f784575b745: shutdown FollowerState
2019-10-17 07:09:42,439 [grpc-default-executor-7] INFO  impl.RaftServerImpl (RaftServerImpl.java:setRole(184)) - 805254cc-2da6-48d8-a2f9-c1a3ceceab4a@group-2C0FEEE55AE1: changes role from  FOLLOWER to FOLLOWER at term 113 for recognizeCandidate:696df33b-59a0-4145-913f-936aff0d1566
2019-10-17 07:09:42,440 [grpc-default-executor-7] INFO  impl.RoleInfo (RoleInfo.java:shutdownFollowerState(121)) - 805254cc-2da6-48d8-a2f9-c1a3ceceab4a: shutdown FollowerState
2019-10-17 07:09:42,440 [Thread-10459] INFO  impl.FollowerState (FollowerState.java:run(117)) - f3ee4219-89bb-47f2-bbe0-5f784575b745@group-2C0FEEE55AE1-FollowerState was interrupted: java.lang.InterruptedException: sleep interrupted
2019-10-17 07:09:42,440 [grpc-default-executor-5] INFO  impl.RoleInfo (RoleInfo.java:updateAndGet(143)) - f3ee4219-89bb-47f2-bbe0-5f784575b745: start FollowerState
2019-10-17 07:09:42,440 [Thread-10460] INFO  impl.FollowerState (FollowerState.java:run(117)) - 805254cc-2da6-48d8-a2f9-c1a3ceceab4a@group-2C0FEEE55AE1-FollowerState was interrupted: java.lang.InterruptedException: sleep interrupted
2019-10-17 07:09:42,440 [grpc-default-executor-7] INFO  impl.RoleInfo (RoleInfo.java:updateAndGet(143)) - 805254cc-2da6-48d8-a2f9-c1a3ceceab4a: start FollowerState
2019-10-17 07:09:42,448 [696df33b-59a0-4145-913f-936aff0d1566@group-2C0FEEE55AE1-LeaderElection1185] INFO  impl.LeaderElection (LeaderElection.java:logAndReturn(56)) - 696df33b-59a0-4145-913f-936aff0d1566@group-2C0FEEE55AE1-LeaderElection1185: Election REJECTED; received 2 response(s) [696df33b-59a0-4145-913f-936aff0d1566<-f3ee4219-89bb-47f2-bbe0-5f784575b745#0:FAIL-t113, 696df33b-59a0-4145-913f-936aff0d1566<-805254cc-2da6-48d8-a2f9-c1a3ceceab4a#0:FAIL-t113] and 0 exception(s); 696df33b-59a0-4145-913f-936aff0d1566@group-2C0FEEE55AE1:t113, leader=null, voted=696df33b-59a0-4145-913f-936aff0d1566, raftlog=696df33b-59a0-4145-913f-936aff0d1566@group-2C0FEEE55AE1-SegmentedRaftLog:OPENED:c-1,f-1,i0, conf=-1: [f3ee4219-89bb-47f2-bbe0-5f784575b745:192.168.157.211:38722, 805254cc-2da6-48d8-a2f9-c1a3ceceab4a:192.168.157.211:35407, 696df33b-59a0-4145-913f-936aff0d1566:192.168.157.211:38803], old=null
2019-10-17 07:09:42,448 [696df33b-59a0-4145-913f-936aff0d1566@group-2C0FEEE55AE1-LeaderElection1185] INFO  impl.RaftServerImpl (RaftServerImpl.java:setRole(184)) - 696df33b-59a0-4145-913f-936aff0d1566@group-2C0FEEE55AE1: changes role from CANDIDATE to FOLLOWER at term 113 for DISCOVERED_A_NEW_TERM
2019-10-17 07:09:42,448 [696df33b-59a0-4145-913f-936aff0d1566@group-2C0FEEE55AE1-LeaderElection1185] INFO  impl.RoleInfo (RoleInfo.java:shutdownLeaderElection(134)) - 696df33b-59a0-4145-913f-936aff0d1566: shutdown LeaderElection
2019-10-17 07:09:42,448 [696df33b-59a0-4145-913f-936aff0d1566@group-2C0FEEE55AE1-LeaderElection1185] INFO  impl.RoleInfo (RoleInfo.java:updateAndGet(143)) - 696df33b-59a0-4145-913f-936aff0d1566: start FollowerState
2019-10-17 07:09:42,609 [Thread-10469] INFO  impl.FollowerState (FollowerState.java:run(108)) - 696df33b-59a0-4145-913f-936aff0d1566@group-2C0FEEE55AE1-FollowerState: change to CANDIDATE, lastRpcTime:160ms, electionTimeout:160ms
2019-10-17 07:09:42,609 [Thread-10469] INFO  impl.RoleInfo (RoleInfo.java:shutdownFollowerState(121)) - 696df33b-59a0-4145-913f-936aff0d1566: shutdown FollowerState
2019-10-17 07:09:42,609 [Thread-10469] INFO  impl.RaftServerImpl (RaftServerImpl.java:setRole(184)) - 696df33b-59a0-4145-913f-936aff0d1566@group-2C0FEEE55AE1: changes role from  FOLLOWER to CANDIDATE at term 113 for changeToCandidate
2019-10-17 07:09:42,609 [Thread-10469] INFO  impl.RoleInfo (RoleInfo.java:updateAndGet(143)) - 696df33b-59a0-4145-913f-936aff0d1566: start LeaderElection
2019-10-17 07:09:42,616 [696df33b-59a0-4145-913f-936aff0d1566@group-2C0FEEE55AE1-LeaderElection1186] INFO  impl.LeaderElection (LeaderElection.java:askForVotes(178)) - 696df33b-59a0-4145-913f-936aff0d1566@group-2C0FEEE55AE1-LeaderElection1186: begin an election at term 114 for -1: [f3ee4219-89bb-47f2-bbe0-5f784575b745:192.168.157.211:38722, 805254cc-2da6-48d8-a2f9-c1a3ceceab4a:192.168.157.211:35407, 696df33b-59a0-4145-913f-936aff0d1566:192.168.157.211:38803], old=null
2019-10-17 07:09:42,618 [grpc-default-executor-5] INFO  impl.RaftServerImpl (RaftServerImpl.java:setRole(184)) - f3ee4219-89bb-47f2-bbe0-5f784575b745@group-2C0FEEE55AE1: changes role from  FOLLOWER to FOLLOWER at term 114 for recognizeCandidate:696df33b-59a0-4145-913f-936aff0d1566
2019-10-17 07:09:42,618 [grpc-default-executor-5] INFO  impl.RoleInfo (RoleInfo.java:shutdownFollowerState(121)) - f3ee4219-89bb-47f2-bbe0-5f784575b745: shutdown FollowerState
2019-10-17 07:09:42,618 [grpc-default-executor-7] INFO  impl.RaftServerImpl (RaftServerImpl.java:setRole(184)) - 805254cc-2da6-48d8-a2f9-c1a3ceceab4a@group-2C0FEEE55AE1: changes role from  FOLLOWER to FOLLOWER at term 114 for recognizeCandidate:696df33b-59a0-4145-913f-936aff0d1566
2019-10-17 07:09:42,618 [grpc-default-executor-7] INFO  impl.RoleInfo (RoleInfo.java:shutdownFollowerState(121)) - 805254cc-2da6-48d8-a2f9-c1a3ceceab4a: shutdown FollowerState
2019-10-17 07:09:42,618 [Thread-10467] INFO  impl.FollowerState (FollowerState.java:run(117)) - f3ee4219-89bb-47f2-bbe0-5f784575b745@group-2C0FEEE55AE1-FollowerState was interrupted: java.lang.InterruptedException: sleep interrupted
2019-10-17 07:09:42,618 [grpc-default-executor-5] INFO  impl.RoleInfo (RoleInfo.java:updateAndGet(143)) - f3ee4219-89bb-47f2-bbe0-5f784575b745: start FollowerState
2019-10-17 07:09:42,619 [Thread-10468] INFO  impl.FollowerState (FollowerState.java:run(117)) - 805254cc-2da6-48d8-a2f9-c1a3ceceab4a@group-2C0FEEE55AE1-FollowerState was interrupted: java.lang.InterruptedException: sleep interrupted
2019-10-17 07:09:42,619 [grpc-default-executor-7] INFO  impl.RoleInfo (RoleInfo.java:updateAndGet(143)) - 805254cc-2da6-48d8-a2f9-c1a3ceceab4a: start FollowerState
2019-10-17 07:09:42,625 [696df33b-59a0-4145-913f-936aff0d1566@group-2C0FEEE55AE1-LeaderElection1186] INFO  impl.LeaderElection (LeaderElection.java:logAndReturn(56)) - 696df33b-59a0-4145-913f-936aff0d1566@group-2C0FEEE55AE1-LeaderElection1186: Election REJECTED; received 2 response(s) [696df33b-59a0-4145-913f-936aff0d1566<-f3ee4219-89bb-47f2-bbe0-5f784575b745#0:FAIL-t114, 696df33b-59a0-4145-913f-936aff0d1566<-805254cc-2da6-48d8-a2f9-c1a3ceceab4a#0:FAIL-t114] and 0 exception(s); 696df33b-59a0-4145-913f-936aff0d1566@group-2C0FEEE55AE1:t114, leader=null, voted=696df33b-59a0-4145-913f-936aff0d1566, raftlog=696df33b-59a0-4145-913f-936aff0d1566@group-2C0FEEE55AE1-SegmentedRaftLog:OPENED:c-1,f-1,i0, conf=-1: [f3ee4219-89bb-47f2-bbe0-5f784575b745:192.168.157.211:38722, 805254cc-2da6-48d8-a2f9-c1a3ceceab4a:192.168.157.211:35407, 696df33b-59a0-4145-913f-936aff0d1566:192.168.157.211:38803], old=null
2019-10-17 07:09:42,625 [696df33b-59a0-4145-913f-936aff0d1566@group-2C0FEEE55AE1-LeaderElection1186] INFO  impl.RaftServerImpl (RaftServerImpl.java:setRole(184)) - 696df33b-59a0-4145-913f-936aff0d1566@group-2C0FEEE55AE1: changes role from CANDIDATE to FOLLOWER at term 114 for DISCOVERED_A_NEW_TERM
2019-10-17 07:09:42,625 [696df33b-59a0-4145-913f-936aff0d1566@group-2C0FEEE55AE1-LeaderElection1186] INFO  impl.RoleInfo (RoleInfo.java:shutdownLeaderElection(134)) - 696df33b-59a0-4145-913f-936aff0d1566: shutdown LeaderElection
2019-10-17 07:09:42,626 [696df33b-59a0-4145-913f-936aff0d1566@group-2C0FEEE55AE1-LeaderElection1186] INFO  impl.RoleInfo (RoleInfo.java:updateAndGet(143)) - 696df33b-59a0-4145-913f-936aff0d1566: start FollowerState
2019-10-17 07:09:42,818 [Thread-10477] INFO  impl.FollowerState (FollowerState.java:run(108)) - 696df33b-59a0-4145-913f-936aff0d1566@group-2C0FEEE55AE1-FollowerState: change to CANDIDATE, lastRpcTime:192ms, electionTimeout:192ms
2019-10-17 07:09:42,818 [Thread-10477] INFO  impl.RoleInfo (RoleInfo.java:shutdownFollowerState(121)) - 696df33b-59a0-4145-913f-936aff0d1566: shutdown FollowerState
2019-10-17 07:09:42,818 [Thread-10477] INFO  impl.RaftServerImpl (RaftServerImpl.java:setRole(184)) - 696df33b-59a0-4145-913f-936aff0d1566@group-2C0FEEE55AE1: changes role from  FOLLOWER to CANDIDATE at term 114 for changeToCandidate
2019-10-17 07:09:42,818 [Thread-10477] INFO  impl.RoleInfo (RoleInfo.java:updateAndGet(143)) - 696df33b-59a0-4145-913f-936aff0d1566: start LeaderElection
2019-10-17 07:09:42,840 [696df33b-59a0-4145-913f-936aff0d1566@group-2C0FEEE55AE1-LeaderElection1187] INFO  impl.LeaderElection (LeaderElection.java:askForVotes(178)) - 696df33b-59a0-4145-913f-936aff0d1566@group-2C0FEEE55AE1-LeaderElection1187: begin an election at term 115 for -1: [f3ee4219-89bb-47f2-bbe0-5f784575b745:192.168.157.211:38722, 805254cc-2da6-48d8-a2f9-c1a3ceceab4a:192.168.157.211:35407, 696df33b-59a0-4145-913f-936aff0d1566:192.168.157.211:38803], old=null
2019-10-17 07:09:42,842 [grpc-default-executor-5] INFO  impl.RaftServerImpl (RaftServerImpl.java:setRole(184)) - f3ee4219-89bb-47f2-bbe0-5f784575b745@group-2C0FEEE55AE1: changes role from  FOLLOWER to FOLLOWER at term 115 for recognizeCandidate:696df33b-59a0-4145-913f-936aff0d1566
2019-10-17 07:09:42,842 [grpc-default-executor-5] INFO  impl.RoleInfo (RoleInfo.java:shutdownFollowerState(121)) - f3ee4219-89bb-47f2-bbe0-5f784575b745: shutdown FollowerState
2019-10-17 07:09:42,842 [grpc-default-executor-5] INFO  impl.RoleInfo (RoleInfo.java:updateAndGet(143)) - f3ee4219-89bb-47f2-bbe0-5f784575b745: start FollowerState
2019-10-17 07:09:42,842 [Thread-10475] INFO  impl.FollowerState (FollowerState.java:run(117)) - f3ee4219-89bb-47f2-bbe0-5f784575b745@group-2C0FEEE55AE1-FollowerState was interrupted: java.lang.InterruptedException: sleep interrupted
2019-10-17 07:09:42,843 [grpc-default-executor-7] INFO  impl.RaftServerImpl (RaftServerImpl.java:setRole(184)) - 805254cc-2da6-48d8-a2f9-c1a3ceceab4a@group-2C0FEEE55AE1: changes role from  FOLLOWER to FOLLOWER at term 115 for recognizeCandidate:696df33b-59a0-4145-913f-936aff0d1566
2019-10-17 07:09:42,843 [grpc-default-executor-7] INFO  impl.RoleInfo (RoleInfo.java:shutdownFollowerState(121)) - 805254cc-2da6-48d8-a2f9-c1a3ceceab4a: shutdown FollowerState
2019-10-17 07:09:42,843 [grpc-default-executor-7] INFO  impl.RoleInfo (RoleInfo.java:updateAndGet(143)) - 805254cc-2da6-48d8-a2f9-c1a3ceceab4a: start FollowerState
2019-10-17 07:09:42,843 [Thread-10476] INFO  impl.FollowerState (FollowerState.java:run(117)) - 805254cc-2da6-48d8-a2f9-c1a3ceceab4a@group-2C0FEEE55AE1-FollowerState was interrupted: java.lang.InterruptedException: sleep interrupted
2019-10-17 07:09:42,858 [696df33b-59a0-4145-913f-936aff0d1566@group-2C0FEEE55AE1-LeaderElection1187] INFO  impl.LeaderElection (LeaderElection.java:logAndReturn(56)) - 696df33b-59a0-4145-913f-936aff0d1566@group-2C0FEEE55AE1-LeaderElection1187: Election REJECTED; received 2 response(s) [696df33b-59a0-4145-913f-936aff0d1566<-f3ee4219-89bb-47f2-bbe0-5f784575b745#0:FAIL-t115, 696df33b-59a0-4145-913f-936aff0d1566<-805254cc-2da6-48d8-a2f9-c1a3ceceab4a#0:FAIL-t115] and 0 exception(s); 696df33b-59a0-4145-913f-936aff0d1566@group-2C0FEEE55AE1:t115, leader=null, voted=696df33b-59a0-4145-913f-936aff0d1566, raftlog=696df33b-59a0-4145-913f-936aff0d1566@group-2C0FEEE55AE1-SegmentedRaftLog:OPENED:c-1,f-1,i0, conf=-1: [f3ee4219-89bb-47f2-bbe0-5f784575b745:192.168.157.211:38722, 805254cc-2da6-48d8-a2f9-c1a3ceceab4a:192.168.157.211:35407, 696df33b-59a0-4145-913f-936aff0d1566:192.168.157.211:38803], old=null
2019-10-17 07:09:42,858 [696df33b-59a0-4145-913f-936aff0d1566@group-2C0FEEE55AE1-LeaderElection1187] INFO  impl.RaftServerImpl (RaftServerImpl.java:setRole(184)) - 696df33b-59a0-4145-913f-936aff0d1566@group-2C0FEEE55AE1: changes role from CANDIDATE to FOLLOWER at term 115 for DISCOVERED_A_NEW_TERM
2019-10-17 07:09:42,858 [696df33b-59a0-4145-913f-936aff0d1566@group-2C0FEEE55AE1-LeaderElection1187] INFO  impl.RoleInfo (RoleInfo.java:shutdownLeaderElection(134)) - 696df33b-59a0-4145-913f-936aff0d1566: shutdown LeaderElection
2019-10-17 07:09:42,858 [696df33b-59a0-4145-913f-936aff0d1566@group-2C0FEEE55AE1-LeaderElection1187] INFO  impl.RoleInfo (RoleInfo.java:updateAndGet(143)) - 696df33b-59a0-4145-913f-936aff0d1566: start FollowerState
2019-10-17 07:09:43,030 [Thread-10483] INFO  impl.FollowerState (FollowerState.java:run(108)) - 696df33b-59a0-4145-913f-936aff0d1566@group-2C0FEEE55AE1-FollowerState: change to CANDIDATE, lastRpcTime:171ms, electionTimeout:171ms
2019-10-17 07:09:43,030 [Thread-10483] INFO  impl.RoleInfo (RoleInfo.java:shutdownFollowerState(121)) - 696df33b-59a0-4145-913f-936aff0d1566: shutdown FollowerState
2019-10-17 07:09:43,030 [Thread-10483] INFO  impl.RaftServerImpl (RaftServerImpl.java:setRole(184)) - 696df33b-59a0-4145-913f-936aff0d1566@group-2C0FEEE55AE1: changes role from  FOLLOWER to CANDIDATE at term 115 for changeToCandidate
2019-10-17 07:09:43,030 [Thread-10483] INFO  impl.RoleInfo (RoleInfo.java:updateAndGet(143)) - 696df33b-59a0-4145-913f-936aff0d1566: start LeaderElection
2019-10-17 07:09:43,052 [696df33b-59a0-4145-913f-936aff0d1566@group-2C0FEEE55AE1-LeaderElection1188] INFO  impl.LeaderElection (LeaderElection.java:askForVotes(178)) - 696df33b-59a0-4145-913f-936aff0d1566@group-2C0FEEE55AE1-LeaderElection1188: begin an election at term 116 for -1: [f3ee4219-89bb-47f2-bbe0-5f784575b745:192.168.157.211:38722, 805254cc-2da6-48d8-a2f9-c1a3ceceab4a:192.168.157.211:35407, 696df33b-59a0-4145-913f-936aff0d1566:192.168.157.211:38803], old=null
2019-10-17 07:09:43,054 [grpc-default-executor-5] INFO  impl.RaftServerImpl (RaftServerImpl.java:setRole(184)) - f3ee4219-89bb-47f2-bbe0-5f784575b745@group-2C0FEEE55AE1: changes role from  FOLLOWER to FOLLOWER at term 116 for recognizeCandidate:696df33b-59a0-4145-913f-936aff0d1566
2019-10-17 07:09:43,055 [grpc-default-executor-5] INFO  impl.RoleInfo (RoleInfo.java:shutdownFollowerState(121)) - f3ee4219-89bb-47f2-bbe0-5f784575b745: shutdown FollowerState
2019-10-17 07:09:43,055 [grpc-default-executor-5] INFO  impl.RoleInfo (RoleInfo.java:updateAndGet(143)) - f3ee4219-89bb-47f2-bbe0-5f784575b745: start FollowerState
2019-10-17 07:09:43,055 [Thread-10481] INFO  impl.FollowerState (FollowerState.java:run(117)) - f3ee4219-89bb-47f2-bbe0-5f784575b745@group-2C0FEEE55AE1-FollowerState was interrupted: java.lang.InterruptedException: sleep interrupted
2019-10-17 07:09:43,055 [grpc-default-executor-7] INFO  impl.RaftServerImpl (RaftServerImpl.java:setRole(184)) - 805254cc-2da6-48d8-a2f9-c1a3ceceab4a@group-2C0FEEE55AE1: changes role from  FOLLOWER to FOLLOWER at term 116 for recognizeCandidate:696df33b-59a0-4145-913f-936aff0d1566
2019-10-17 07:09:43,055 [grpc-default-executor-7] INFO  impl.RoleInfo (RoleInfo.java:shutdownFollowerState(121)) - 805254cc-2da6-48d8-a2f9-c1a3ceceab4a: shutdown FollowerState
2019-10-17 07:09:43,055 [Thread-10482] INFO  impl.FollowerState (FollowerState.java:run(117)) - 805254cc-2da6-48d8-a2f9-c1a3ceceab4a@group-2C0FEEE55AE1-FollowerState was interrupted: java.lang.InterruptedException: sleep interrupted
2019-10-17 07:09:43,055 [grpc-default-executor-7] INFO  impl.RoleInfo (RoleInfo.java:updateAndGet(143)) - 805254cc-2da6-48d8-a2f9-c1a3ceceab4a: start FollowerState
2019-10-17 07:09:43,062 [696df33b-59a0-4145-913f-936aff0d1566@group-2C0FEEE55AE1-LeaderElection1188] INFO  impl.LeaderElection (LeaderElection.java:logAndReturn(56)) - 696df33b-59a0-4145-913f-936aff0d1566@group-2C0FEEE55AE1-LeaderElection1188: Election TIMEOUT; received 0 response(s) [] and 0 exception(s); 696df33b-59a0-4145-913f-936aff0d1566@group-2C0FEEE55AE1:t116, leader=null, voted=696df33b-59a0-4145-913f-936aff0d1566, raftlog=696df33b-59a0-4145-913f-936aff0d1566@group-2C0FEEE55AE1-SegmentedRaftLog:OPENED:c-1,f-1,i0, conf=-1: [f3ee4219-89bb-47f2-bbe0-5f784575b745:192.168.157.211:38722, 805254cc-2da6-48d8-a2f9-c1a3ceceab4a:192.168.157.211:35407, 696df33b-59a0-4145-913f-936aff0d1566:192.168.157.211:38803], old=null
2019-10-17 07:09:43,068 [696df33b-59a0-4145-913f-936aff0d1566@group-2C0FEEE55AE1-LeaderElection1188] INFO  impl.LeaderElection (LeaderElection.java:askForVotes(178)) - 696df33b-59a0-4145-913f-936aff0d1566@group-2C0FEEE55AE1-LeaderElection1188: begin an election at term 117 for -1: [f3ee4219-89bb-47f2-bbe0-5f784575b745:192.168.157.211:38722, 805254cc-2da6-48d8-a2f9-c1a3ceceab4a:192.168.157.211:35407, 696df33b-59a0-4145-913f-936aff0d1566:192.168.157.211:38803], old=null
2019-10-17 07:09:43,070 [grpc-default-executor-5] INFO  impl.RaftServerImpl (RaftServerImpl.java:setRole(184)) - f3ee4219-89bb-47f2-bbe0-5f784575b745@group-2C0FEEE55AE1: changes role from  FOLLOWER to FOLLOWER at term 117 for recognizeCandidate:696df33b-59a0-4145-913f-936aff0d1566
2019-10-17 07:09:43,070 [grpc-default-executor-5] INFO  impl.RoleInfo (RoleInfo.java:shutdownFollowerState(121)) - f3ee4219-89bb-47f2-bbe0-5f784575b745: shutdown FollowerState
2019-10-17 07:09:43,070 [grpc-default-executor-5] INFO  impl.RoleInfo (RoleInfo.java:updateAndGet(143)) - f3ee4219-89bb-47f2-bbe0-5f784575b745: start FollowerState
2019-10-17 07:09:43,070 [grpc-default-executor-7] INFO  impl.RaftServerImpl (RaftServerImpl.java:setRole(184)) - 805254cc-2da6-48d8-a2f9-c1a3ceceab4a@group-2C0FEEE55AE1: changes role from  FOLLOWER to FOLLOWER at term 117 for recognizeCandidate:696df33b-59a0-4145-913f-936aff0d1566
2019-10-17 07:09:43,070 [Thread-10491] INFO  impl.FollowerState (FollowerState.java:run(117)) - f3ee4219-89bb-47f2-bbe0-5f784575b745@group-2C0FEEE55AE1-FollowerState was interrupted: java.lang.InterruptedException: sleep interrupted
2019-10-17 07:09:43,071 [grpc-default-executor-7] INFO  impl.RoleInfo (RoleInfo.java:shutdownFollowerState(121)) - 805254cc-2da6-48d8-a2f9-c1a3ceceab4a: shutdown FollowerState
2019-10-17 07:09:43,071 [grpc-default-executor-7] INFO  impl.RoleInfo (RoleInfo.java:updateAndGet(143)) - 805254cc-2da6-48d8-a2f9-c1a3ceceab4a: start FollowerState
2019-10-17 07:09:43,071 [Thread-10492] INFO  impl.FollowerState (FollowerState.java:run(117)) - 805254cc-2da6-48d8-a2f9-c1a3ceceab4a@group-2C0FEEE55AE1-FollowerState was interrupted: java.lang.InterruptedException: sleep interrupted
2019-10-17 07:09:43,085 [696df33b-59a0-4145-913f-936aff0d1566@group-2C0FEEE55AE1-LeaderElection1188] INFO  impl.LeaderElection (LeaderElection.java:logAndReturn(56)) - 696df33b-59a0-4145-913f-936aff0d1566@group-2C0FEEE55AE1-LeaderElection1188: Election REJECTED; received 2 response(s) [696df33b-59a0-4145-913f-936aff0d1566<-f3ee4219-89bb-47f2-bbe0-5f784575b745#0:FAIL-t117, 696df33b-59a0-4145-913f-936aff0d1566<-805254cc-2da6-48d8-a2f9-c1a3ceceab4a#0:FAIL-t117] and 0 exception(s); 696df33b-59a0-4145-913f-936aff0d1566@group-2C0FEEE55AE1:t117, leader=null, voted=696df33b-59a0-4145-913f-936aff0d1566, raftlog=696df33b-59a0-4145-913f-936aff0d1566@group-2C0FEEE55AE1-SegmentedRaftLog:OPENED:c-1,f-1,i0, conf=-1: [f3ee4219-89bb-47f2-bbe0-5f784575b745:192.168.157.211:38722, 805254cc-2da6-48d8-a2f9-c1a3ceceab4a:192.168.157.211:35407, 696df33b-59a0-4145-913f-936aff0d1566:192.168.157.211:38803], old=null
2019-10-17 07:09:43,086 [696df33b-59a0-4145-913f-936aff0d1566@group-2C0FEEE55AE1-LeaderElection1188] INFO  impl.RaftServerImpl (RaftServerImpl.java:setRole(184)) - 696df33b-59a0-4145-913f-936aff0d1566@group-2C0FEEE55AE1: changes role from CANDIDATE to FOLLOWER at term 117 for DISCOVERED_A_NEW_TERM
2019-10-17 07:09:43,086 [696df33b-59a0-4145-913f-936aff0d1566@group-2C0FEEE55AE1-LeaderElection1188] INFO  impl.RoleInfo (RoleInfo.java:shutdownLeaderElection(134)) - 696df33b-59a0-4145-913f-936aff0d1566: shutdown LeaderElection
2019-10-17 07:09:43,086 [696df33b-59a0-4145-913f-936aff0d1566@group-2C0FEEE55AE1-LeaderElection1188] INFO  impl.RoleInfo (RoleInfo.java:updateAndGet(143)) - 696df33b-59a0-4145-913f-936aff0d1566: start FollowerState
2019-10-17 07:09:43,106 [Thread-10497] INFO  impl.FollowerState (FollowerState.java:run(108)) - 696df33b-59a0-4145-913f-936aff0d1566@group-2C0FEEE55AE1-FollowerState: change to CANDIDATE, lastRpcTime:20ms, electionTimeout:20ms
2019-10-17 07:09:43,106 [Thread-10497] INFO  impl.RoleInfo (RoleInfo.java:shutdownFollowerState(121)) - 696df33b-59a0-4145-913f-936aff0d1566: shutdown FollowerState
2019-10-17 07:09:43,106 [Thread-10497] INFO  impl.RaftServerImpl (RaftServerImpl.java:setRole(184)) - 696df33b-59a0-4145-913f-936aff0d1566@group-2C0FEEE55AE1: changes role from  FOLLOWER to CANDIDATE at term 117 for changeToCandidate
2019-10-17 07:09:43,106 [Thread-10497] INFO  impl.RoleInfo (RoleInfo.java:updateAndGet(143)) - 696df33b-59a0-4145-913f-936aff0d1566: start LeaderElection
2019-10-17 07:09:43,119 [696df33b-59a0-4145-913f-936aff0d1566@group-2C0FEEE55AE1-LeaderElection1189] INFO  impl.LeaderElection (LeaderElection.java:askForVotes(178)) - 696df33b-59a0-4145-913f-936aff0d1566@group-2C0FEEE55AE1-LeaderElection1189: begin an election at term 118 for -1: [f3ee4219-89bb-47f2-bbe0-5f784575b745:192.168.157.211:38722, 805254cc-2da6-48d8-a2f9-c1a3ceceab4a:192.168.157.211:35407, 696df33b-59a0-4145-913f-936aff0d1566:192.168.157.211:38803], old=null
2019-10-17 07:09:43,121 [grpc-default-executor-7] INFO  impl.RaftServerImpl (RaftServerImpl.java:setRole(184)) - f3ee4219-89bb-47f2-bbe0-5f784575b745@group-2C0FEEE55AE1: changes role from  FOLLOWER to FOLLOWER at term 118 for recognizeCandidate:696df33b-59a0-4145-913f-936aff0d1566
2019-10-17 07:09:43,121 [grpc-default-executor-7] INFO  impl.RoleInfo (RoleInfo.java:shutdownFollowerState(121)) - f3ee4219-89bb-47f2-bbe0-5f784575b745: shutdown FollowerState
2019-10-17 07:09:43,121 [grpc-default-executor-5] INFO  impl.RaftServerImpl (RaftServerImpl.java:setRole(184)) - 805254cc-2da6-48d8-a2f9-c1a3ceceab4a@group-2C0FEEE55AE1: changes role from  FOLLOWER to FOLLOWER at term 118 for recognizeCandidate:696df33b-59a0-4145-913f-936aff0d1566
2019-10-17 07:09:43,121 [grpc-default-executor-5] INFO  impl.RoleInfo (RoleInfo.java:shutdownFollowerState(121)) - 805254cc-2da6-48d8-a2f9-c1a3ceceab4a: shutdown FollowerState
2019-10-17 07:09:43,121 [Thread-10495] INFO  impl.FollowerState (FollowerState.java:run(117)) - f3ee4219-89bb-47f2-bbe0-5f784575b745@group-2C0FEEE55AE1-FollowerState was interrupted: java.lang.InterruptedException: sleep interrupted
2019-10-17 07:09:43,121 [grpc-default-executor-7] INFO  impl.RoleInfo (RoleInfo.java:updateAndGet(143)) - f3ee4219-89bb-47f2-bbe0-5f784575b745: start FollowerState
2019-10-17 07:09:43,121 [Thread-10496] INFO  impl.FollowerState (FollowerState.java:run(117)) - 805254cc-2da6-48d8-a2f9-c1a3ceceab4a@group-2C0FEEE55AE1-FollowerState was interrupted: java.lang.InterruptedException: sleep interrupted
2019-10-17 07:09:43,121 [grpc-default-executor-5] INFO  impl.RoleInfo (RoleInfo.java:updateAndGet(143)) - 805254cc-2da6-48d8-a2f9-c1a3ceceab4a: start FollowerState
2019-10-17 07:09:43,135 [696df33b-59a0-4145-913f-936aff0d1566@group-2C0FEEE55AE1-LeaderElection1189] INFO  impl.LeaderElection (LeaderElection.java:logAndReturn(56)) - 696df33b-59a0-4145-913f-936aff0d1566@group-2C0FEEE55AE1-LeaderElection1189: Election REJECTED; received 2 response(s) [696df33b-59a0-4145-913f-936aff0d1566<-f3ee4219-89bb-47f2-bbe0-5f784575b745#0:FAIL-t118, 696df33b-59a0-4145-913f-936aff0d1566<-805254cc-2da6-48d8-a2f9-c1a3ceceab4a#0:FAIL-t118] and 0 exception(s); 696df33b-59a0-4145-913f-936aff0d1566@group-2C0FEEE55AE1:t118, leader=null, voted=696df33b-59a0-4145-913f-936aff0d1566, raftlog=696df33b-59a0-4145-913f-936aff0d1566@group-2C0FEEE55AE1-SegmentedRaftLog:OPENED:c-1,f-1,i0, conf=-1: [f3ee4219-89bb-47f2-bbe0-5f784575b745:192.168.157.211:38722, 805254cc-2da6-48d8-a2f9-c1a3ceceab4a:192.168.157.211:35407, 696df33b-59a0-4145-913f-936aff0d1566:192.168.157.211:38803], old=null
2019-10-17 07:09:43,135 [696df33b-59a0-4145-913f-936aff0d1566@group-2C0FEEE55AE1-LeaderElection1189] INFO  impl.RaftServerImpl (RaftServerImpl.java:setRole(184)) - 696df33b-59a0-4145-913f-936aff0d1566@group-2C0FEEE55AE1: changes role from CANDIDATE to FOLLOWER at term 118 for DISCOVERED_A_NEW_TERM
2019-10-17 07:09:43,135 [696df33b-59a0-4145-913f-936aff0d1566@group-2C0FEEE55AE1-LeaderElection1189] INFO  impl.RoleInfo (RoleInfo.java:shutdownLeaderElection(134)) - 696df33b-59a0-4145-913f-936aff0d1566: shutdown LeaderElection
2019-10-17 07:09:43,136 [696df33b-59a0-4145-913f-936aff0d1566@group-2C0FEEE55AE1-LeaderElection1189] INFO  impl.RoleInfo (RoleInfo.java:updateAndGet(143)) - 696df33b-59a0-4145-913f-936aff0d1566: start FollowerState
2019-10-17 07:09:43,223 [Thread-10503] INFO  impl.FollowerState (FollowerState.java:run(108)) - 696df33b-59a0-4145-913f-936aff0d1566@group-2C0FEEE55AE1-FollowerState: change to CANDIDATE, lastRpcTime:87ms, electionTimeout:87ms
2019-10-17 07:09:43,223 [Thread-10503] INFO  impl.RoleInfo (RoleInfo.java:shutdownFollowerState(121)) - 696df33b-59a0-4145-913f-936aff0d1566: shutdown FollowerState
2019-10-17 07:09:43,223 [Thread-10503] INFO  impl.RaftServerImpl (RaftServerImpl.java:setRole(184)) - 696df33b-59a0-4145-913f-936aff0d1566@group-2C0FEEE55AE1: changes role from  FOLLOWER to CANDIDATE at term 118 for changeToCandidate
2019-10-17 07:09:43,223 [Thread-10503] INFO  impl.RoleInfo (RoleInfo.java:updateAndGet(143)) - 696df33b-59a0-4145-913f-936aff0d1566: start LeaderElection
2019-10-17 07:09:43,236 [696df33b-59a0-4145-913f-936aff0d1566@group-2C0FEEE55AE1-LeaderElection1190] INFO  impl.LeaderElection (LeaderElection.java:askForVotes(178)) - 696df33b-59a0-4145-913f-936aff0d1566@group-2C0FEEE55AE1-LeaderElection1190: begin an election at term 119 for -1: [f3ee4219-89bb-47f2-bbe0-5f784575b745:192.168.157.211:38722, 805254cc-2da6-48d8-a2f9-c1a3ceceab4a:192.168.157.211:35407, 696df33b-59a0-4145-913f-936aff0d1566:192.168.157.211:38803], old=null
2019-10-17 07:09:43,241 [grpc-default-executor-5] INFO  impl.RaftServerImpl (RaftServerImpl.java:setRole(184)) - 805254cc-2da6-48d8-a2f9-c1a3ceceab4a@group-2C0FEEE55AE1: changes role from  FOLLOWER to FOLLOWER at term 119 for recognizeCandidate:696df33b-59a0-4145-913f-936aff0d1566
2019-10-17 07:09:43,241 [grpc-default-executor-5] INFO  impl.RoleInfo (RoleInfo.java:shutdownFollowerState(121)) - 805254cc-2da6-48d8-a2f9-c1a3ceceab4a: shutdown FollowerState
2019-10-17 07:09:43,241 [grpc-default-executor-5] INFO  impl.RoleInfo (RoleInfo.java:updateAndGet(143)) - 805254cc-2da6-48d8-a2f9-c1a3ceceab4a: start FollowerState
2019-10-17 07:09:43,241 [Thread-10502] INFO  impl.FollowerState (FollowerState.java:run(117)) - 805254cc-2da6-48d8-a2f9-c1a3ceceab4a@group-2C0FEEE55AE1-FollowerState was interrupted: java.lang.InterruptedException: sleep interrupted
2019-10-17 07:09:43,242 [grpc-default-executor-7] INFO  impl.RaftServerImpl (RaftServerImpl.java:setRole(184)) - f3ee4219-89bb-47f2-bbe0-5f784575b745@group-2C0FEEE55AE1: changes role from  FOLLOWER to FOLLOWER at term 119 for recognizeCandidate:696df33b-59a0-4145-913f-936aff0d1566
2019-10-17 07:09:43,242 [grpc-default-executor-7] INFO  impl.RoleInfo (RoleInfo.java:shutdownFollowerState(121)) - f3ee4219-89bb-47f2-bbe0-5f784575b745: shutdown FollowerState
2019-10-17 07:09:43,242 [grpc-default-executor-7] INFO  impl.RoleInfo (RoleInfo.java:updateAndGet(143)) - f3ee4219-89bb-47f2-bbe0-5f784575b745: start FollowerState
2019-10-17 07:09:43,242 [Thread-10501] INFO  impl.FollowerState (FollowerState.java:run(117)) - f3ee4219-89bb-47f2-bbe0-5f784575b745@group-2C0FEEE55AE1-FollowerState was interrupted: java.lang.InterruptedException: sleep interrupted
2019-10-17 07:09:43,257 [696df33b-59a0-4145-913f-936aff0d1566@group-2C0FEEE55AE1-LeaderElection1190] INFO  impl.LeaderElection (LeaderElection.java:logAndReturn(56)) - 696df33b-59a0-4145-913f-936aff0d1566@group-2C0FEEE55AE1-LeaderElection1190: Election REJECTED; received 2 response(s) [696df33b-59a0-4145-913f-936aff0d1566<-f3ee4219-89bb-47f2-bbe0-5f784575b745#0:FAIL-t119, 696df33b-59a0-4145-913f-936aff0d1566<-805254cc-2da6-48d8-a2f9-c1a3ceceab4a#0:FAIL-t119] and 0 exception(s); 696df33b-59a0-4145-913f-936aff0d1566@group-2C0FEEE55AE1:t119, leader=null, voted=696df33b-59a0-4145-913f-936aff0d1566, raftlog=696df33b-59a0-4145-913f-936aff0d1566@group-2C0FEEE55AE1-SegmentedRaftLog:OPENED:c-1,f-1,i0, conf=-1: [f3ee4219-89bb-47f2-bbe0-5f784575b745:192.168.157.211:38722, 805254cc-2da6-48d8-a2f9-c1a3ceceab4a:192.168.157.211:35407, 696df33b-59a0-4145-913f-936aff0d1566:192.168.157.211:38803], old=null
2019-10-17 07:09:43,257 [696df33b-59a0-4145-913f-936aff0d1566@group-2C0FEEE55AE1-LeaderElection1190] INFO  impl.RaftServerImpl (RaftServerImpl.java:setRole(184)) - 696df33b-59a0-4145-913f-936aff0d1566@group-2C0FEEE55AE1: changes role from CANDIDATE to FOLLOWER at term 119 for DISCOVERED_A_NEW_TERM
2019-10-17 07:09:43,257 [696df33b-59a0-4145-913f-936aff0d1566@group-2C0FEEE55AE1-LeaderElection1190] INFO  impl.RoleInfo (RoleInfo.java:shutdownLeaderElection(134)) - 696df33b-59a0-4145-913f-936aff0d1566: shutdown LeaderElection
2019-10-17 07:09:43,258 [696df33b-59a0-4145-913f-936aff0d1566@group-2C0FEEE55AE1-LeaderElection1190] INFO  impl.RoleInfo (RoleInfo.java:updateAndGet(143)) - 696df33b-59a0-4145-913f-936aff0d1566: start FollowerState
2019-10-17 07:09:43,400 [Thread-10509] INFO  impl.FollowerState (FollowerState.java:run(108)) - 696df33b-59a0-4145-913f-936aff0d1566@group-2C0FEEE55AE1-FollowerState: change to CANDIDATE, lastRpcTime:142ms, electionTimeout:142ms
2019-10-17 07:09:43,400 [Thread-10509] INFO  impl.RoleInfo (RoleInfo.java:shutdownFollowerState(121)) - 696df33b-59a0-4145-913f-936aff0d1566: shutdown FollowerState
2019-10-17 07:09:43,400 [Thread-10509] INFO  impl.RaftServerImpl (RaftServerImpl.java:setRole(184)) - 696df33b-59a0-4145-913f-936aff0d1566@group-2C0FEEE55AE1: changes role from  FOLLOWER to CANDIDATE at term 119 for changeToCandidate
2019-10-17 07:09:43,401 [Thread-10509] INFO  impl.RoleInfo (RoleInfo.java:updateAndGet(143)) - 696df33b-59a0-4145-913f-936aff0d1566: start LeaderElection
2019-10-17 07:09:43,415 [696df33b-59a0-4145-913f-936aff0d1566@group-2C0FEEE55AE1-LeaderElection1191] INFO  impl.LeaderElection (LeaderElection.java:askForVotes(178)) - 696df33b-59a0-4145-913f-936aff0d1566@group-2C0FEEE55AE1-LeaderElection1191: begin an election at term 120 for -1: [f3ee4219-89bb-47f2-bbe0-5f784575b745:192.168.157.211:38722, 805254cc-2da6-48d8-a2f9-c1a3ceceab4a:192.168.157.211:35407, 696df33b-59a0-4145-913f-936aff0d1566:192.168.157.211:38803], old=null
2019-10-17 07:09:43,417 [grpc-default-executor-5] INFO  impl.RaftServerImpl (RaftServerImpl.java:setRole(184)) - f3ee4219-89bb-47f2-bbe0-5f784575b745@group-2C0FEEE55AE1: changes role from  FOLLOWER to FOLLOWER at term 120 for recognizeCandidate:696df33b-59a0-4145-913f-936aff0d1566
2019-10-17 07:09:43,417 [grpc-default-executor-2] INFO  impl.RaftServerImpl (RaftServerImpl.java:setRole(184)) - 805254cc-2da6-48d8-a2f9-c1a3ceceab4a@group-2C0FEEE55AE1: changes role from  FOLLOWER to FOLLOWER at term 120 for recognizeCandidate:696df33b-59a0-4145-913f-936aff0d1566
2019-10-17 07:09:43,417 [grpc-default-executor-2] INFO  impl.RoleInfo (RoleInfo.java:shutdownFollowerState(121)) - 805254cc-2da6-48d8-a2f9-c1a3ceceab4a: shutdown FollowerState
2019-10-17 07:09:43,417 [grpc-default-executor-5] INFO  impl.RoleInfo (RoleInfo.java:shutdownFollowerState(121)) - f3ee4219-89bb-47f2-bbe0-5f784575b745: shutdown FollowerState
2019-10-17 07:09:43,417 [Thread-10507] INFO  impl.FollowerState (FollowerState.java:run(117)) - 805254cc-2da6-48d8-a2f9-c1a3ceceab4a@group-2C0FEEE55AE1-FollowerState was interrupted: java.lang.InterruptedException: sleep interrupted
2019-10-17 07:09:43,417 [grpc-default-executor-2] INFO  impl.RoleInfo (RoleInfo.java:updateAndGet(143)) - 805254cc-2da6-48d8-a2f9-c1a3ceceab4a: start FollowerState
2019-10-17 07:09:43,417 [Thread-10508] INFO  impl.FollowerState (FollowerState.java:run(117)) - f3ee4219-89bb-47f2-bbe0-5f784575b745@group-2C0FEEE55AE1-FollowerState was interrupted: java.lang.InterruptedException: sleep interrupted
2019-10-17 07:09:43,417 [grpc-default-executor-5] INFO  impl.RoleInfo (RoleInfo.java:updateAndGet(143)) - f3ee4219-89bb-47f2-bbe0-5f784575b745: start FollowerState
2019-10-17 07:09:43,431 [696df33b-59a0-4145-913f-936aff0d1566@group-2C0FEEE55AE1-LeaderElection1191] INFO  impl.LeaderElection (LeaderElection.java:logAndReturn(56)) - 696df33b-59a0-4145-913f-936aff0d1566@group-2C0FEEE55AE1-LeaderElection1191: Election REJECTED; received 2 response(s) [696df33b-59a0-4145-913f-936aff0d1566<-f3ee4219-89bb-47f2-bbe0-5f784575b745#0:FAIL-t120, 696df33b-59a0-4145-913f-936aff0d1566<-805254cc-2da6-48d8-a2f9-c1a3ceceab4a#0:FAIL-t120] and 0 exception(s); 696df33b-59a0-4145-913f-936aff0d1566@group-2C0FEEE55AE1:t120, leader=null, voted=696df33b-59a0-4145-913f-936aff0d1566, raftlog=696df33b-59a0-4145-913f-936aff0d1566@group-2C0FEEE55AE1-SegmentedRaftLog:OPENED:c-1,f-1,i0, conf=-1: [f3ee4219-89bb-47f2-bbe0-5f784575b745:192.168.157.211:38722, 805254cc-2da6-48d8-a2f9-c1a3ceceab4a:192.168.157.211:35407, 696df33b-59a0-4145-913f-936aff0d1566:192.168.157.211:38803], old=null
2019-10-17 07:09:43,432 [696df33b-59a0-4145-913f-936aff0d1566@group-2C0FEEE55AE1-LeaderElection1191] INFO  impl.RaftServerImpl (RaftServerImpl.java:setRole(184)) - 696df33b-59a0-4145-913f-936aff0d1566@group-2C0FEEE55AE1: changes role from CANDIDATE to FOLLOWER at term 120 for DISCOVERED_A_NEW_TERM
2019-10-17 07:09:43,432 [696df33b-59a0-4145-913f-936aff0d1566@group-2C0FEEE55AE1-LeaderElection1191] INFO  impl.RoleInfo (RoleInfo.java:shutdownLeaderElection(134)) - 696df33b-59a0-4145-913f-936aff0d1566: shutdown LeaderElection
2019-10-17 07:09:43,432 [696df33b-59a0-4145-913f-936aff0d1566@group-2C0FEEE55AE1-LeaderElection1191] INFO  impl.RoleInfo (RoleInfo.java:updateAndGet(143)) - 696df33b-59a0-4145-913f-936aff0d1566: start FollowerState
2019-10-17 07:09:43,508 [Thread-10517] INFO  impl.FollowerState (FollowerState.java:run(108)) - 696df33b-59a0-4145-913f-936aff0d1566@group-2C0FEEE55AE1-FollowerState: change to CANDIDATE, lastRpcTime:76ms, electionTimeout:76ms
2019-10-17 07:09:43,508 [Thread-10517] INFO  impl.RoleInfo (RoleInfo.java:shutdownFollowerState(121)) - 696df33b-59a0-4145-913f-936aff0d1566: shutdown FollowerState
2019-10-17 07:09:43,508 [Thread-10517] INFO  impl.RaftServerImpl (RaftServerImpl.java:setRole(184)) - 696df33b-59a0-4145-913f-936aff0d1566@group-2C0FEEE55AE1: changes role from  FOLLOWER to CANDIDATE at term 120 for changeToCandidate
2019-10-17 07:09:43,508 [Thread-10517] INFO  impl.RoleInfo (RoleInfo.java:updateAndGet(143)) - 696df33b-59a0-4145-913f-936aff0d1566: start LeaderElection
2019-10-17 07:09:43,521 [696df33b-59a0-4145-913f-936aff0d1566@group-2C0FEEE55AE1-LeaderElection1192] INFO  impl.LeaderElection (LeaderElection.java:askForVotes(178)) - 696df33b-59a0-4145-913f-936aff0d1566@group-2C0FEEE55AE1-LeaderElection1192: begin an election at term 121 for -1: [f3ee4219-89bb-47f2-bbe0-5f784575b745:192.168.157.211:38722, 805254cc-2da6-48d8-a2f9-c1a3ceceab4a:192.168.157.211:35407, 696df33b-59a0-4145-913f-936aff0d1566:192.168.157.211:38803], old=null
2019-10-17 07:09:43,523 [grpc-default-executor-2] INFO  impl.RaftServerImpl (RaftServerImpl.java:setRole(184)) - f3ee4219-89bb-47f2-bbe0-5f784575b745@group-2C0FEEE55AE1: changes role from  FOLLOWER to FOLLOWER at term 121 for recognizeCandidate:696df33b-59a0-4145-913f-936aff0d1566
2019-10-17 07:09:43,523 [grpc-default-executor-2] INFO  impl.RoleInfo (RoleInfo.java:shutdownFollowerState(121)) - f3ee4219-89bb-47f2-bbe0-5f784575b745: shutdown FollowerState
2019-10-17 07:09:43,523 [grpc-default-executor-2] INFO  impl.RoleInfo (RoleInfo.java:updateAndGet(143)) - f3ee4219-89bb-47f2-bbe0-5f784575b745: start FollowerState
2019-10-17 07:09:43,523 [Thread-10515] INFO  impl.FollowerState (FollowerState.java:run(117)) - f3ee4219-89bb-47f2-bbe0-5f784575b745@group-2C0FEEE55AE1-FollowerState was interrupted: java.lang.InterruptedException: sleep interrupted
2019-10-17 07:09:43,523 [grpc-default-executor-5] INFO  impl.RaftServerImpl (RaftServerImpl.java:setRole(184)) - 805254cc-2da6-48d8-a2f9-c1a3ceceab4a@group-2C0FEEE55AE1: changes role from  FOLLOWER to FOLLOWER at term 121 for recognizeCandidate:696df33b-59a0-4145-913f-936aff0d1566
2019-10-17 07:09:43,524 [grpc-default-executor-5] INFO  impl.RoleInfo (RoleInfo.java:shutdownFollowerState(121)) - 805254cc-2da6-48d8-a2f9-c1a3ceceab4a: shutdown FollowerState
2019-10-17 07:09:43,524 [grpc-default-executor-5] INFO  impl.RoleInfo (RoleInfo.java:updateAndGet(143)) - 805254cc-2da6-48d8-a2f9-c1a3ceceab4a: start FollowerState
2019-10-17 07:09:43,524 [Thread-10514] INFO  impl.FollowerState (FollowerState.java:run(117)) - 805254cc-2da6-48d8-a2f9-c1a3ceceab4a@group-2C0FEEE55AE1-FollowerState was interrupted: java.lang.InterruptedException: sleep interrupted
2019-10-17 07:09:43,538 [696df33b-59a0-4145-913f-936aff0d1566@group-2C0FEEE55AE1-LeaderElection1192] INFO  impl.LeaderElection (LeaderElection.java:logAndReturn(56)) - 696df33b-59a0-4145-913f-936aff0d1566@group-2C0FEEE55AE1-LeaderElection1192: Election REJECTED; received 2 response(s) [696df33b-59a0-4145-913f-936aff0d1566<-f3ee4219-89bb-47f2-bbe0-5f784575b745#0:FAIL-t121, 696df33b-59a0-4145-913f-936aff0d1566<-805254cc-2da6-48d8-a2f9-c1a3ceceab4a#0:FAIL-t121] and 0 exception(s); 696df33b-59a0-4145-913f-936aff0d1566@group-2C0FEEE55AE1:t121, leader=null, voted=696df33b-59a0-4145-913f-936aff0d1566, raftlog=696df33b-59a0-4145-913f-936aff0d1566@group-2C0FEEE55AE1-SegmentedRaftLog:OPENED:c-1,f-1,i0, conf=-1: [f3ee4219-89bb-47f2-bbe0-5f784575b745:192.168.157.211:38722, 805254cc-2da6-48d8-a2f9-c1a3ceceab4a:192.168.157.211:35407, 696df33b-59a0-4145-913f-936aff0d1566:192.168.157.211:38803], old=null
2019-10-17 07:09:43,538 [696df33b-59a0-4145-913f-936aff0d1566@group-2C0FEEE55AE1-LeaderElection1192] INFO  impl.RaftServerImpl (RaftServerImpl.java:setRole(184)) - 696df33b-59a0-4145-913f-936aff0d1566@group-2C0FEEE55AE1: changes role from CANDIDATE to FOLLOWER at term 121 for DISCOVERED_A_NEW_TERM
2019-10-17 07:09:43,538 [696df33b-59a0-4145-913f-936aff0d1566@group-2C0FEEE55AE1-LeaderElection1192] INFO  impl.RoleInfo (RoleInfo.java:shutdownLeaderElection(134)) - 696df33b-59a0-4145-913f-936aff0d1566: shutdown LeaderElection
2019-10-17 07:09:43,538 [696df33b-59a0-4145-913f-936aff0d1566@group-2C0FEEE55AE1-LeaderElection1192] INFO  impl.RoleInfo (RoleInfo.java:updateAndGet(143)) - 696df33b-59a0-4145-913f-936aff0d1566: start FollowerState
2019-10-17 07:09:43,603 [Thread-10525] INFO  impl.FollowerState (FollowerState.java:run(108)) - 696df33b-59a0-4145-913f-936aff0d1566@group-2C0FEEE55AE1-FollowerState: change to CANDIDATE, lastRpcTime:65ms, electionTimeout:65ms
2019-10-17 07:09:43,604 [Thread-10525] INFO  impl.RoleInfo (RoleInfo.java:shutdownFollowerState(121)) - 696df33b-59a0-4145-913f-936aff0d1566: shutdown FollowerState
2019-10-17 07:09:43,604 [Thread-10525] INFO  impl.RaftServerImpl (RaftServerImpl.java:setRole(184)) - 696df33b-59a0-4145-913f-936aff0d1566@group-2C0FEEE55AE1: changes role from  FOLLOWER to CANDIDATE at term 121 for changeToCandidate
2019-10-17 07:09:43,604 [Thread-10525] INFO  impl.RoleInfo (RoleInfo.java:updateAndGet(143)) - 696df33b-59a0-4145-913f-936aff0d1566: start LeaderElection
2019-10-17 07:09:43,619 [696df33b-59a0-4145-913f-936aff0d1566@group-2C0FEEE55AE1-LeaderElection1193] INFO  impl.LeaderElection (LeaderElection.java:askForVotes(178)) - 696df33b-59a0-4145-913f-936aff0d1566@group-2C0FEEE55AE1-LeaderElection1193: begin an election at term 122 for -1: [f3ee4219-89bb-47f2-bbe0-5f784575b745:192.168.157.211:38722, 805254cc-2da6-48d8-a2f9-c1a3ceceab4a:192.168.157.211:35407, 696df33b-59a0-4145-913f-936aff0d1566:192.168.157.211:38803], old=null
2019-10-17 07:09:43,621 [grpc-default-executor-2] INFO  impl.RaftServerImpl (RaftServerImpl.java:setRole(184)) - f3ee4219-89bb-47f2-bbe0-5f784575b745@group-2C0FEEE55AE1: changes role from  FOLLOWER to FOLLOWER at term 122 for recognizeCandidate:696df33b-59a0-4145-913f-936aff0d1566
2019-10-17 07:09:43,621 [grpc-default-executor-2] INFO  impl.RoleInfo (RoleInfo.java:shutdownFollowerState(121)) - f3ee4219-89bb-47f2-bbe0-5f784575b745: shutdown FollowerState
2019-10-17 07:09:43,621 [grpc-default-executor-5] INFO  impl.RaftServerImpl (RaftServerImpl.java:setRole(184)) - 805254cc-2da6-48d8-a2f9-c1a3ceceab4a@group-2C0FEEE55AE1: changes role from  FOLLOWER to FOLLOWER at term 122 for recognizeCandidate:696df33b-59a0-4145-913f-936aff0d1566
2019-10-17 07:09:43,621 [grpc-default-executor-5] INFO  impl.RoleInfo (RoleInfo.java:shutdownFollowerState(121)) - 805254cc-2da6-48d8-a2f9-c1a3ceceab4a: shutdown FollowerState
2019-10-17 07:09:43,621 [Thread-10523] INFO  impl.FollowerState (FollowerState.java:run(117)) - f3ee4219-89bb-47f2-bbe0-5f784575b745@group-2C0FEEE55AE1-FollowerState was interrupted: java.lang.InterruptedException: sleep interrupted
2019-10-17 07:09:43,621 [grpc-default-executor-2] INFO  impl.RoleInfo (RoleInfo.java:updateAndGet(143)) - f3ee4219-89bb-47f2-bbe0-5f784575b745: start FollowerState
2019-10-17 07:09:43,621 [Thread-10524] INFO  impl.FollowerState (FollowerState.java:run(117)) - 805254cc-2da6-48d8-a2f9-c1a3ceceab4a@group-2C0FEEE55AE1-FollowerState was interrupted: java.lang.InterruptedException: sleep interrupted
2019-10-17 07:09:43,621 [grpc-default-executor-5] INFO  impl.RoleInfo (RoleInfo.java:updateAndGet(143)) - 805254cc-2da6-48d8-a2f9-c1a3ceceab4a: start FollowerState
2019-10-17 07:09:43,631 [696df33b-59a0-4145-913f-936aff0d1566@group-2C0FEEE55AE1-LeaderElection1193] INFO  impl.LeaderElection (LeaderElection.java:logAndReturn(56)) - 696df33b-59a0-4145-913f-936aff0d1566@group-2C0FEEE55AE1-LeaderElection1193: Election REJECTED; received 2 response(s) [696df33b-59a0-4145-913f-936aff0d1566<-f3ee4219-89bb-47f2-bbe0-5f784575b745#0:FAIL-t122, 696df33b-59a0-4145-913f-936aff0d1566<-805254cc-2da6-48d8-a2f9-c1a3ceceab4a#0:FAIL-t122] and 0 exception(s); 696df33b-59a0-4145-913f-936aff0d1566@group-2C0FEEE55AE1:t122, leader=null, voted=696df33b-59a0-4145-913f-936aff0d1566, raftlog=696df33b-59a0-4145-913f-936aff0d1566@group-2C0FEEE55AE1-SegmentedRaftLog:OPENED:c-1,f-1,i0, conf=-1: [f3ee4219-89bb-47f2-bbe0-5f784575b745:192.168.157.211:38722, 805254cc-2da6-48d8-a2f9-c1a3ceceab4a:192.168.157.211:35407, 696df33b-59a0-4145-913f-936aff0d1566:192.168.157.211:38803], old=null
2019-10-17 07:09:43,631 [696df33b-59a0-4145-913f-936aff0d1566@group-2C0FEEE55AE1-LeaderElection1193] INFO  impl.RaftServerImpl (RaftServerImpl.java:setRole(184)) - 696df33b-59a0-4145-913f-936aff0d1566@group-2C0FEEE55AE1: changes role from CANDIDATE to FOLLOWER at term 122 for DISCOVERED_A_NEW_TERM
2019-10-17 07:09:43,632 [696df33b-59a0-4145-913f-936aff0d1566@group-2C0FEEE55AE1-LeaderElection1193] INFO  impl.RoleInfo (RoleInfo.java:shutdownLeaderElection(134)) - 696df33b-59a0-4145-913f-936aff0d1566: shutdown LeaderElection
2019-10-17 07:09:43,632 [696df33b-59a0-4145-913f-936aff0d1566@group-2C0FEEE55AE1-LeaderElection1193] INFO  impl.RoleInfo (RoleInfo.java:updateAndGet(143)) - 696df33b-59a0-4145-913f-936aff0d1566: start FollowerState
2019-10-17 07:09:43,732 [Thread-10531] INFO  impl.FollowerState (FollowerState.java:run(108)) - 696df33b-59a0-4145-913f-936aff0d1566@group-2C0FEEE55AE1-FollowerState: change to CANDIDATE, lastRpcTime:100ms, electionTimeout:100ms
2019-10-17 07:09:43,732 [Thread-10531] INFO  impl.RoleInfo (RoleInfo.java:shutdownFollowerState(121)) - 696df33b-59a0-4145-913f-936aff0d1566: shutdown FollowerState
2019-10-17 07:09:43,732 [Thread-10531] INFO  impl.RaftServerImpl (RaftServerImpl.java:setRole(184)) - 696df33b-59a0-4145-913f-936aff0d1566@group-2C0FEEE55AE1: changes role from  FOLLOWER to CANDIDATE at term 122 for changeToCandidate
2019-10-17 07:09:43,732 [Thread-10531] INFO  impl.RoleInfo (RoleInfo.java:updateAndGet(143)) - 696df33b-59a0-4145-913f-936aff0d1566: start LeaderElection
2019-10-17 07:09:43,757 [696df33b-59a0-4145-913f-936aff0d1566@group-2C0FEEE55AE1-LeaderElection1194] INFO  impl.LeaderElection (LeaderElection.java:askForVotes(178)) - 696df33b-59a0-4145-913f-936aff0d1566@group-2C0FEEE55AE1-LeaderElection1194: begin an election at term 123 for -1: [f3ee4219-89bb-47f2-bbe0-5f784575b745:192.168.157.211:38722, 805254cc-2da6-48d8-a2f9-c1a3ceceab4a:192.168.157.211:35407, 696df33b-59a0-4145-913f-936aff0d1566:192.168.157.211:38803], old=null
2019-10-17 07:09:43,759 [grpc-default-executor-5] INFO  impl.RaftServerImpl (RaftServerImpl.java:setRole(184)) - f3ee4219-89bb-47f2-bbe0-5f784575b745@group-2C0FEEE55AE1: changes role from  FOLLOWER to FOLLOWER at term 123 for recognizeCandidate:696df33b-59a0-4145-913f-936aff0d1566
2019-10-17 07:09:43,759 [grpc-default-executor-5] INFO  impl.RoleInfo (RoleInfo.java:shutdownFollowerState(121)) - f3ee4219-89bb-47f2-bbe0-5f784575b745: shutdown FollowerState
2019-10-17 07:09:43,759 [grpc-default-executor-5] INFO  impl.RoleInfo (RoleInfo.java:updateAndGet(143)) - f3ee4219-89bb-47f2-bbe0-5f784575b745: start FollowerState
2019-10-17 07:09:43,759 [Thread-10529] INFO  impl.FollowerState (FollowerState.java:run(117)) - f3ee4219-89bb-47f2-bbe0-5f784575b745@group-2C0FEEE55AE1-FollowerState was interrupted: java.lang.InterruptedException: sleep interrupted
2019-10-17 07:09:43,760 [grpc-default-executor-2] INFO  impl.RaftServerImpl (RaftServerImpl.java:setRole(184)) - 805254cc-2da6-48d8-a2f9-c1a3ceceab4a@group-2C0FEEE55AE1: changes role from  FOLLOWER to FOLLOWER at term 123 for recognizeCandidate:696df33b-59a0-4145-913f-936aff0d1566
2019-10-17 07:09:43,760 [grpc-default-executor-2] INFO  impl.RoleInfo (RoleInfo.java:shutdownFollowerState(121)) - 805254cc-2da6-48d8-a2f9-c1a3ceceab4a: shutdown FollowerState
2019-10-17 07:09:43,760 [grpc-default-executor-2] INFO  impl.RoleInfo (RoleInfo.java:updateAndGet(143)) - 805254cc-2da6-48d8-a2f9-c1a3ceceab4a: start FollowerState
2019-10-17 07:09:43,760 [Thread-10530] INFO  impl.FollowerState (FollowerState.java:run(117)) - 805254cc-2da6-48d8-a2f9-c1a3ceceab4a@group-2C0FEEE55AE1-FollowerState was interrupted: java.lang.InterruptedException: sleep interrupted
2019-10-17 07:09:43,773 [696df33b-59a0-4145-913f-936aff0d1566@group-2C0FEEE55AE1-LeaderElection1194] INFO  impl.LeaderElection (LeaderElection.java:logAndReturn(56)) - 696df33b-59a0-4145-913f-936aff0d1566@group-2C0FEEE55AE1-LeaderElection1194: Election REJECTED; received 2 response(s) [696df33b-59a0-4145-913f-936aff0d1566<-f3ee4219-89bb-47f2-bbe0-5f784575b745#0:FAIL-t123, 696df33b-59a0-4145-913f-936aff0d1566<-805254cc-2da6-48d8-a2f9-c1a3ceceab4a#0:FAIL-t123] and 0 exception(s); 696df33b-59a0-4145-913f-936aff0d1566@group-2C0FEEE55AE1:t123, leader=null, voted=696df33b-59a0-4145-913f-936aff0d1566, raftlog=696df33b-59a0-4145-913f-936aff0d1566@group-2C0FEEE55AE1-SegmentedRaftLog:OPENED:c-1,f-1,i0, conf=-1: [f3ee4219-89bb-47f2-bbe0-5f784575b745:192.168.157.211:38722, 805254cc-2da6-48d8-a2f9-c1a3ceceab4a:192.168.157.211:35407, 696df33b-59a0-4145-913f-936aff0d1566:192.168.157.211:38803], old=null
2019-10-17 07:09:43,773 [696df33b-59a0-4145-913f-936aff0d1566@group-2C0FEEE55AE1-LeaderElection1194] INFO  impl.RaftServerImpl (RaftServerImpl.java:setRole(184)) - 696df33b-59a0-4145-913f-936aff0d1566@group-2C0FEEE55AE1: changes role from CANDIDATE to FOLLOWER at term 123 for DISCOVERED_A_NEW_TERM
2019-10-17 07:09:43,774 [696df33b-59a0-4145-913f-936aff0d1566@group-2C0FEEE55AE1-LeaderElection1194] INFO  impl.RoleInfo (RoleInfo.java:shutdownLeaderElection(134)) - 696df33b-59a0-4145-913f-936aff0d1566: shutdown LeaderElection
2019-10-17 07:09:43,774 [696df33b-59a0-4145-913f-936aff0d1566@group-2C0FEEE55AE1-LeaderElection1194] INFO  impl.RoleInfo (RoleInfo.java:updateAndGet(143)) - 696df33b-59a0-4145-913f-936aff0d1566: start FollowerState
2019-10-17 07:09:43,790 [Thread-10537] INFO  impl.FollowerState (FollowerState.java:run(108)) - 696df33b-59a0-4145-913f-936aff0d1566@group-2C0FEEE55AE1-FollowerState: change to CANDIDATE, lastRpcTime:16ms, electionTimeout:16ms
2019-10-17 07:09:43,790 [Thread-10537] INFO  impl.RoleInfo (RoleInfo.java:shutdownFollowerState(121)) - 696df33b-59a0-4145-913f-936aff0d1566: shutdown FollowerState
2019-10-17 07:09:43,790 [Thread-10537] INFO  impl.RaftServerImpl (RaftServerImpl.java:setRole(184)) - 696df33b-59a0-4145-913f-936aff0d1566@group-2C0FEEE55AE1: changes role from  FOLLOWER to CANDIDATE at term 123 for changeToCandidate
2019-10-17 07:09:43,790 [Thread-10537] INFO  impl.RoleInfo (RoleInfo.java:updateAndGet(143)) - 696df33b-59a0-4145-913f-936aff0d1566: start LeaderElection
2019-10-17 07:09:43,804 [696df33b-59a0-4145-913f-936aff0d1566@group-2C0FEEE55AE1-LeaderElection1195] INFO  impl.LeaderElection (LeaderElection.java:askForVotes(178)) - 696df33b-59a0-4145-913f-936aff0d1566@group-2C0FEEE55AE1-LeaderElection1195: begin an election at term 124 for -1: [f3ee4219-89bb-47f2-bbe0-5f784575b745:192.168.157.211:38722, 805254cc-2da6-48d8-a2f9-c1a3ceceab4a:192.168.157.211:35407, 696df33b-59a0-4145-913f-936aff0d1566:192.168.157.211:38803], old=null
2019-10-17 07:09:43,806 [grpc-default-executor-5] INFO  impl.RaftServerImpl (RaftServerImpl.java:setRole(184)) - f3ee4219-89bb-47f2-bbe0-5f784575b745@group-2C0FEEE55AE1: changes role from  FOLLOWER to FOLLOWER at term 124 for recognizeCandidate:696df33b-59a0-4145-913f-936aff0d1566
2019-10-17 07:09:43,806 [grpc-default-executor-5] INFO  impl.RoleInfo (RoleInfo.java:shutdownFollowerState(121)) - f3ee4219-89bb-47f2-bbe0-5f784575b745: shutdown FollowerState
2019-10-17 07:09:43,806 [grpc-default-executor-5] INFO  impl.RoleInfo (RoleInfo.java:updateAndGet(143)) - f3ee4219-89bb-47f2-bbe0-5f784575b745: start FollowerState
2019-10-17 07:09:43,806 [Thread-10535] INFO  impl.FollowerState (FollowerState.java:run(117)) - f3ee4219-89bb-47f2-bbe0-5f784575b745@group-2C0FEEE55AE1-FollowerState was interrupted: java.lang.InterruptedException: sleep interrupted
2019-10-17 07:09:43,807 [grpc-default-executor-2] INFO  impl.RaftServerImpl (RaftServerImpl.java:setRole(184)) - 805254cc-2da6-48d8-a2f9-c1a3ceceab4a@group-2C0FEEE55AE1: changes role from  FOLLOWER to FOLLOWER at term 124 for recognizeCandidate:696df33b-59a0-4145-913f-936aff0d1566
2019-10-17 07:09:43,807 [grpc-default-executor-2] INFO  impl.RoleInfo (RoleInfo.java:shutdownFollowerState(121)) - 805254cc-2da6-48d8-a2f9-c1a3ceceab4a: shutdown FollowerState
2019-10-17 07:09:43,807 [grpc-default-executor-2] INFO  impl.RoleInfo (RoleInfo.java:updateAndGet(143)) - 805254cc-2da6-48d8-a2f9-c1a3ceceab4a: start FollowerState
2019-10-17 07:09:43,807 [Thread-10536] INFO  impl.FollowerState (FollowerState.java:run(117)) - 805254cc-2da6-48d8-a2f9-c1a3ceceab4a@group-2C0FEEE55AE1-FollowerState was interrupted: java.lang.InterruptedException: sleep interrupted
2019-10-17 07:09:43,821 [696df33b-59a0-4145-913f-936aff0d1566@group-2C0FEEE55AE1-LeaderElection1195] INFO  impl.LeaderElection (LeaderElection.java:logAndReturn(56)) - 696df33b-59a0-4145-913f-936aff0d1566@group-2C0FEEE55AE1-LeaderElection1195: Election REJECTED; received 2 response(s) [696df33b-59a0-4145-913f-936aff0d1566<-f3ee4219-89bb-47f2-bbe0-5f784575b745#0:FAIL-t124, 696df33b-59a0-4145-913f-936aff0d1566<-805254cc-2da6-48d8-a2f9-c1a3ceceab4a#0:FAIL-t124] and 0 exception(s); 696df33b-59a0-4145-913f-936aff0d1566@group-2C0FEEE55AE1:t124, leader=null, voted=696df33b-59a0-4145-913f-936aff0d1566, raftlog=696df33b-59a0-4145-913f-936aff0d1566@group-2C0FEEE55AE1-SegmentedRaftLog:OPENED:c-1,f-1,i0, conf=-1: [f3ee4219-89bb-47f2-bbe0-5f784575b745:192.168.157.211:38722, 805254cc-2da6-48d8-a2f9-c1a3ceceab4a:192.168.157.211:35407, 696df33b-59a0-4145-913f-936aff0d1566:192.168.157.211:38803], old=null
2019-10-17 07:09:43,821 [696df33b-59a0-4145-913f-936aff0d1566@group-2C0FEEE55AE1-LeaderElection1195] INFO  impl.RaftServerImpl (RaftServerImpl.java:setRole(184)) - 696df33b-59a0-4145-913f-936aff0d1566@group-2C0FEEE55AE1: changes role from CANDIDATE to FOLLOWER at term 124 for DISCOVERED_A_NEW_TERM
2019-10-17 07:09:43,821 [696df33b-59a0-4145-913f-936aff0d1566@group-2C0FEEE55AE1-LeaderElection1195] INFO  impl.RoleInfo (RoleInfo.java:shutdownLeaderElection(134)) - 696df33b-59a0-4145-913f-936aff0d1566: shutdown LeaderElection
2019-10-17 07:09:43,821 [696df33b-59a0-4145-913f-936aff0d1566@group-2C0FEEE55AE1-LeaderElection1195] INFO  impl.RoleInfo (RoleInfo.java:updateAndGet(143)) - 696df33b-59a0-4145-913f-936aff0d1566: start FollowerState
2019-10-17 07:09:43,842 [Thread-10543] INFO  impl.FollowerState (FollowerState.java:run(108)) - 696df33b-59a0-4145-913f-936aff0d1566@group-2C0FEEE55AE1-FollowerState: change to CANDIDATE, lastRpcTime:20ms, electionTimeout:20ms
2019-10-17 07:09:43,842 [Thread-10543] INFO  impl.RoleInfo (RoleInfo.java:shutdownFollowerState(121)) - 696df33b-59a0-4145-913f-936aff0d1566: shutdown FollowerState
2019-10-17 07:09:43,842 [Thread-10543] INFO  impl.RaftServerImpl (RaftServerImpl.java:setRole(184)) - 696df33b-59a0-4145-913f-936aff0d1566@group-2C0FEEE55AE1: changes role from  FOLLOWER to CANDIDATE at term 124 for changeToCandidate
2019-10-17 07:09:43,842 [Thread-10543] INFO  impl.RoleInfo (RoleInfo.java:updateAndGet(143)) - 696df33b-59a0-4145-913f-936aff0d1566: start LeaderElection
2019-10-17 07:09:43,855 [696df33b-59a0-4145-913f-936aff0d1566@group-2C0FEEE55AE1-LeaderElection1196] INFO  impl.LeaderElection (LeaderElection.java:askForVotes(178)) - 696df33b-59a0-4145-913f-936aff0d1566@group-2C0FEEE55AE1-LeaderElection1196: begin an election at term 125 for -1: [f3ee4219-89bb-47f2-bbe0-5f784575b745:192.168.157.211:38722, 805254cc-2da6-48d8-a2f9-c1a3ceceab4a:192.168.157.211:35407, 696df33b-59a0-4145-913f-936aff0d1566:192.168.157.211:38803], old=null
2019-10-17 07:09:43,857 [grpc-default-executor-5] INFO  impl.RaftServerImpl (RaftServerImpl.java:setRole(184)) - f3ee4219-89bb-47f2-bbe0-5f784575b745@group-2C0FEEE55AE1: changes role from  FOLLOWER to FOLLOWER at term 125 for recognizeCandidate:696df33b-59a0-4145-913f-936aff0d1566
2019-10-17 07:09:43,858 [grpc-default-executor-5] INFO  impl.RoleInfo (RoleInfo.java:shutdownFollowerState(121)) - f3ee4219-89bb-47f2-bbe0-5f784575b745: shutdown FollowerState
2019-10-17 07:09:43,858 [grpc-default-executor-2] INFO  impl.RaftServerImpl (RaftServerImpl.java:setRole(184)) - 805254cc-2da6-48d8-a2f9-c1a3ceceab4a@group-2C0FEEE55AE1: changes role from  FOLLOWER to FOLLOWER at term 125 for recognizeCandidate:696df33b-59a0-4145-913f-936aff0d1566
2019-10-17 07:09:43,858 [grpc-default-executor-2] INFO  impl.RoleInfo (RoleInfo.java:shutdownFollowerState(121)) - 805254cc-2da6-48d8-a2f9-c1a3ceceab4a: shutdown FollowerState
2019-10-17 07:09:43,858 [Thread-10541] INFO  impl.FollowerState (FollowerState.java:run(117)) - f3ee4219-89bb-47f2-bbe0-5f784575b745@group-2C0FEEE55AE1-FollowerState was interrupted: java.lang.InterruptedException: sleep interrupted
2019-10-17 07:09:43,858 [grpc-default-executor-5] INFO  impl.RoleInfo (RoleInfo.java:updateAndGet(143)) - f3ee4219-89bb-47f2-bbe0-5f784575b745: start FollowerState
2019-10-17 07:09:43,858 [Thread-10542] INFO  impl.FollowerState (FollowerState.java:run(117)) - 805254cc-2da6-48d8-a2f9-c1a3ceceab4a@group-2C0FEEE55AE1-FollowerState was interrupted: java.lang.InterruptedException: sleep interrupted
2019-10-17 07:09:43,858 [grpc-default-executor-2] INFO  impl.RoleInfo (RoleInfo.java:updateAndGet(143)) - 805254cc-2da6-48d8-a2f9-c1a3ceceab4a: start FollowerState
2019-10-17 07:09:43,874 [696df33b-59a0-4145-913f-936aff0d1566@group-2C0FEEE55AE1-LeaderElection1196] INFO  impl.LeaderElection (LeaderElection.java:logAndReturn(56)) - 696df33b-59a0-4145-913f-936aff0d1566@group-2C0FEEE55AE1-LeaderElection1196: Election REJECTED; received 2 response(s) [696df33b-59a0-4145-913f-936aff0d1566<-f3ee4219-89bb-47f2-bbe0-5f784575b745#0:FAIL-t125, 696df33b-59a0-4145-913f-936aff0d1566<-805254cc-2da6-48d8-a2f9-c1a3ceceab4a#0:FAIL-t125] and 0 exception(s); 696df33b-59a0-4145-913f-936aff0d1566@group-2C0FEEE55AE1:t125, leader=null, voted=696df33b-59a0-4145-913f-936aff0d1566, raftlog=696df33b-59a0-4145-913f-936aff0d1566@group-2C0FEEE55AE1-SegmentedRaftLog:OPENED:c-1,f-1,i0, conf=-1: [f3ee4219-89bb-47f2-bbe0-5f784575b745:192.168.157.211:38722, 805254cc-2da6-48d8-a2f9-c1a3ceceab4a:192.168.157.211:35407, 696df33b-59a0-4145-913f-936aff0d1566:192.168.157.211:38803], old=null
2019-10-17 07:09:43,874 [696df33b-59a0-4145-913f-936aff0d1566@group-2C0FEEE55AE1-LeaderElection1196] INFO  impl.RaftServerImpl (RaftServerImpl.java:setRole(184)) - 696df33b-59a0-4145-913f-936aff0d1566@group-2C0FEEE55AE1: changes role from CANDIDATE to FOLLOWER at term 125 for DISCOVERED_A_NEW_TERM
2019-10-17 07:09:43,875 [696df33b-59a0-4145-913f-936aff0d1566@group-2C0FEEE55AE1-LeaderElection1196] INFO  impl.RoleInfo (RoleInfo.java:shutdownLeaderElection(134)) - 696df33b-59a0-4145-913f-936aff0d1566: shutdown LeaderElection
2019-10-17 07:09:43,875 [696df33b-59a0-4145-913f-936aff0d1566@group-2C0FEEE55AE1-LeaderElection1196] INFO  impl.RoleInfo (RoleInfo.java:updateAndGet(143)) - 696df33b-59a0-4145-913f-936aff0d1566: start FollowerState
2019-10-17 07:09:43,882 [Thread-10549] INFO  impl.FollowerState (FollowerState.java:run(108)) - 696df33b-59a0-4145-913f-936aff0d1566@group-2C0FEEE55AE1-FollowerState: change to CANDIDATE, lastRpcTime:7ms, electionTimeout:7ms
2019-10-17 07:09:43,882 [Thread-10549] INFO  impl.RoleInfo (RoleInfo.java:shutdownFollowerState(121)) - 696df33b-59a0-4145-913f-936aff0d1566: shutdown FollowerState
2019-10-17 07:09:43,882 [Thread-10549] INFO  impl.RaftServerImpl (RaftServerImpl.java:setRole(184)) - 696df33b-59a0-4145-913f-936aff0d1566@group-2C0FEEE55AE1: changes role from  FOLLOWER to CANDIDATE at term 125 for changeToCandidate
2019-10-17 07:09:43,882 [Thread-10549] INFO  impl.RoleInfo (RoleInfo.java:updateAndGet(143)) - 696df33b-59a0-4145-913f-936aff0d1566: start LeaderElection
2019-10-17 07:09:43,896 [696df33b-59a0-4145-913f-936aff0d1566@group-2C0FEEE55AE1-LeaderElection1197] INFO  impl.LeaderElection (LeaderElection.java:askForVotes(178)) - 696df33b-59a0-4145-913f-936aff0d1566@group-2C0FEEE55AE1-LeaderElection1197: begin an election at term 126 for -1: [f3ee4219-89bb-47f2-bbe0-5f784575b745:192.168.157.211:38722, 805254cc-2da6-48d8-a2f9-c1a3ceceab4a:192.168.157.211:35407, 696df33b-59a0-4145-913f-936aff0d1566:192.168.157.211:38803], old=null
2019-10-17 07:09:43,898 [grpc-default-executor-5] INFO  impl.RaftServerImpl (RaftServerImpl.java:setRole(184)) - f3ee4219-89bb-47f2-bbe0-5f784575b745@group-2C0FEEE55AE1: changes role from  FOLLOWER to FOLLOWER at term 126 for recognizeCandidate:696df33b-59a0-4145-913f-936aff0d1566
2019-10-17 07:09:43,898 [grpc-default-executor-5] INFO  impl.RoleInfo (RoleInfo.java:shutdownFollowerState(121)) - f3ee4219-89bb-47f2-bbe0-5f784575b745: shutdown FollowerState
2019-10-17 07:09:43,899 [grpc-default-executor-5] INFO  impl.RoleInfo (RoleInfo.java:updateAndGet(143)) - f3ee4219-89bb-47f2-bbe0-5f784575b745: start FollowerState
2019-10-17 07:09:43,899 [Thread-10547] INFO  impl.FollowerState (FollowerState.java:run(117)) - f3ee4219-89bb-47f2-bbe0-5f784575b745@group-2C0FEEE55AE1-FollowerState was interrupted: java.lang.InterruptedException: sleep interrupted
2019-10-17 07:09:43,899 [grpc-default-executor-2] INFO  impl.RaftServerImpl (RaftServerImpl.java:setRole(184)) - 805254cc-2da6-48d8-a2f9-c1a3ceceab4a@group-2C0FEEE55AE1: changes role from  FOLLOWER to FOLLOWER at term 126 for recognizeCandidate:696df33b-59a0-4145-913f-936aff0d1566
2019-10-17 07:09:43,899 [grpc-default-executor-2] INFO  impl.RoleInfo (RoleInfo.java:shutdownFollowerState(121)) - 805254cc-2da6-48d8-a2f9-c1a3ceceab4a: shutdown FollowerState
2019-10-17 07:09:43,899 [grpc-default-executor-2] INFO  impl.RoleInfo (RoleInfo.java:updateAndGet(143)) - 805254cc-2da6-48d8-a2f9-c1a3ceceab4a: start FollowerState
2019-10-17 07:09:43,899 [Thread-10548] INFO  impl.FollowerState (FollowerState.java:run(117)) - 805254cc-2da6-48d8-a2f9-c1a3ceceab4a@group-2C0FEEE55AE1-FollowerState was interrupted: java.lang.InterruptedException: sleep interrupted
2019-10-17 07:09:43,913 [696df33b-59a0-4145-913f-936aff0d1566@group-2C0FEEE55AE1-LeaderElection1197] INFO  impl.LeaderElection (LeaderElection.java:logAndReturn(56)) - 696df33b-59a0-4145-913f-936aff0d1566@group-2C0FEEE55AE1-LeaderElection1197: Election REJECTED; received 2 response(s) [696df33b-59a0-4145-913f-936aff0d1566<-f3ee4219-89bb-47f2-bbe0-5f784575b745#0:FAIL-t126, 696df33b-59a0-4145-913f-936aff0d1566<-805254cc-2da6-48d8-a2f9-c1a3ceceab4a#0:FAIL-t126] and 0 exception(s); 696df33b-59a0-4145-913f-936aff0d1566@group-2C0FEEE55AE1:t126, leader=null, voted=696df33b-59a0-4145-913f-936aff0d1566, raftlog=696df33b-59a0-4145-913f-936aff0d1566@group-2C0FEEE55AE1-SegmentedRaftLog:OPENED:c-1,f-1,i0, conf=-1: [f3ee4219-89bb-47f2-bbe0-5f784575b745:192.168.157.211:38722, 805254cc-2da6-48d8-a2f9-c1a3ceceab4a:192.168.157.211:35407, 696df33b-59a0-4145-913f-936aff0d1566:192.168.157.211:38803], old=null
2019-10-17 07:09:43,913 [696df33b-59a0-4145-913f-936aff0d1566@group-2C0FEEE55AE1-LeaderElection1197] INFO  impl.RaftServerImpl (RaftServerImpl.java:setRole(184)) - 696df33b-59a0-4145-913f-936aff0d1566@group-2C0FEEE55AE1: changes role from CANDIDATE to FOLLOWER at term 126 for DISCOVERED_A_NEW_TERM
2019-10-17 07:09:43,913 [696df33b-59a0-4145-913f-936aff0d1566@group-2C0FEEE55AE1-LeaderElection1197] INFO  impl.RoleInfo (RoleInfo.java:shutdownLeaderElection(134)) - 696df33b-59a0-4145-913f-936aff0d1566: shutdown LeaderElection
2019-10-17 07:09:43,913 [696df33b-59a0-4145-913f-936aff0d1566@group-2C0FEEE55AE1-LeaderElection1197] INFO  impl.RoleInfo (RoleInfo.java:updateAndGet(143)) - 696df33b-59a0-4145-913f-936aff0d1566: start FollowerState
2019-10-17 07:09:43,985 [Thread-10555] INFO  impl.FollowerState (FollowerState.java:run(108)) - 696df33b-59a0-4145-913f-936aff0d1566@group-2C0FEEE55AE1-FollowerState: change to CANDIDATE, lastRpcTime:71ms, electionTimeout:71ms
2019-10-17 07:09:43,985 [Thread-10555] INFO  impl.RoleInfo (RoleInfo.java:shutdownFollowerState(121)) - 696df33b-59a0-4145-913f-936aff0d1566: shutdown FollowerState
2019-10-17 07:09:43,985 [Thread-10555] INFO  impl.RaftServerImpl (RaftServerImpl.java:setRole(184)) - 696df33b-59a0-4145-913f-936aff0d1566@group-2C0FEEE55AE1: changes role from  FOLLOWER to CANDIDATE at term 126 for changeToCandidate
2019-10-17 07:09:43,985 [Thread-10555] INFO  impl.RoleInfo (RoleInfo.java:updateAndGet(143)) - 696df33b-59a0-4145-913f-936aff0d1566: start LeaderElection
2019-10-17 07:09:44,001 [696df33b-59a0-4145-913f-936aff0d1566@group-2C0FEEE55AE1-LeaderElection1198] INFO  impl.LeaderElection (LeaderElection.java:askForVotes(178)) - 696df33b-59a0-4145-913f-936aff0d1566@group-2C0FEEE55AE1-LeaderElection1198: begin an election at term 127 for -1: [f3ee4219-89bb-47f2-bbe0-5f784575b745:192.168.157.211:38722, 805254cc-2da6-48d8-a2f9-c1a3ceceab4a:192.168.157.211:35407, 696df33b-59a0-4145-913f-936aff0d1566:192.168.157.211:38803], old=null
2019-10-17 07:09:44,230 [grpc-default-executor-5] INFO  impl.RaftServerImpl (RaftServerImpl.java:setRole(184)) - f3ee4219-89bb-47f2-bbe0-5f784575b745@group-2C0FEEE55AE1: changes role from  FOLLOWER to FOLLOWER at term 127 for recognizeCandidate:696df33b-59a0-4145-913f-936aff0d1566
2019-10-17 07:09:44,236 [696df33b-59a0-4145-913f-936aff0d1566@group-2C0FEEE55AE1-LeaderElection1198] INFO  impl.LeaderElection (LeaderElection.java:logAndReturn(56)) - 696df33b-59a0-4145-913f-936aff0d1566@group-2C0FEEE55AE1-LeaderElection1198: Election TIMEOUT; received 0 response(s) [] and 0 exception(s); 696df33b-59a0-4145-913f-936aff0d1566@group-2C0FEEE55AE1:t127, leader=null, voted=696df33b-59a0-4145-913f-936aff0d1566, raftlog=696df33b-59a0-4145-913f-936aff0d1566@group-2C0FEEE55AE1-SegmentedRaftLog:OPENED:c-1,f-1,i0, conf=-1: [f3ee4219-89bb-47f2-bbe0-5f784575b745:192.168.157.211:38722, 805254cc-2da6-48d8-a2f9-c1a3ceceab4a:192.168.157.211:35407, 696df33b-59a0-4145-913f-936aff0d1566:192.168.157.211:38803], old=null
2019-10-17 07:09:44,237 [grpc-default-executor-5] INFO  impl.RoleInfo (RoleInfo.java:shutdownFollowerState(121)) - f3ee4219-89bb-47f2-bbe0-5f784575b745: shutdown FollowerState
2019-10-17 07:09:44,274 [grpc-default-executor-5] INFO  impl.RoleInfo (RoleInfo.java:updateAndGet(143)) - f3ee4219-89bb-47f2-bbe0-5f784575b745: start FollowerState
2019-10-17 07:09:44,274 [Thread-10553] INFO  impl.FollowerState (FollowerState.java:run(117)) - f3ee4219-89bb-47f2-bbe0-5f784575b745@group-2C0FEEE55AE1-FollowerState was interrupted: java.lang.InterruptedException: sleep interrupted
2019-10-17 07:09:44,316 [grpc-default-executor-2] INFO  impl.RaftServerImpl (RaftServerImpl.java:setRole(184)) - 805254cc-2da6-48d8-a2f9-c1a3ceceab4a@group-2C0FEEE55AE1: changes role from  FOLLOWER to FOLLOWER at term 127 for recognizeCandidate:696df33b-59a0-4145-913f-936aff0d1566
2019-10-17 07:09:44,317 [grpc-default-executor-2] INFO  impl.RoleInfo (RoleInfo.java:shutdownFollowerState(121)) - 805254cc-2da6-48d8-a2f9-c1a3ceceab4a: shutdown FollowerState
2019-10-17 07:09:44,317 [grpc-default-executor-2] INFO  impl.RoleInfo (RoleInfo.java:updateAndGet(143)) - 805254cc-2da6-48d8-a2f9-c1a3ceceab4a: start FollowerState
2019-10-17 07:09:44,317 [Thread-10554] INFO  impl.FollowerState (FollowerState.java:run(117)) - 805254cc-2da6-48d8-a2f9-c1a3ceceab4a@group-2C0FEEE55AE1-FollowerState was interrupted: java.lang.InterruptedException: sleep interrupted
2019-10-17 07:09:44,342 [696df33b-59a0-4145-913f-936aff0d1566@group-2C0FEEE55AE1-LeaderElection1198] INFO  impl.LeaderElection (LeaderElection.java:askForVotes(178)) - 696df33b-59a0-4145-913f-936aff0d1566@group-2C0FEEE55AE1-LeaderElection1198: begin an election at term 128 for -1: [f3ee4219-89bb-47f2-bbe0-5f784575b745:192.168.157.211:38722, 805254cc-2da6-48d8-a2f9-c1a3ceceab4a:192.168.157.211:35407, 696df33b-59a0-4145-913f-936aff0d1566:192.168.157.211:38803], old=null
2019-10-17 07:09:44,343 [grpc-default-executor-5] INFO  impl.RaftServerImpl (RaftServerImpl.java:setRole(184)) - f3ee4219-89bb-47f2-bbe0-5f784575b745@group-2C0FEEE55AE1: changes role from  FOLLOWER to FOLLOWER at term 128 for recognizeCandidate:696df33b-59a0-4145-913f-936aff0d1566
2019-10-17 07:09:44,343 [grpc-default-executor-2] INFO  impl.RaftServerImpl (RaftServerImpl.java:setRole(184)) - 805254cc-2da6-48d8-a2f9-c1a3ceceab4a@group-2C0FEEE55AE1: changes role from  FOLLOWER to FOLLOWER at term 128 for recognizeCandidate:696df33b-59a0-4145-913f-936aff0d1566
2019-10-17 07:09:44,343 [grpc-default-executor-2] INFO  impl.RoleInfo (RoleInfo.java:shutdownFollowerState(121)) - 805254cc-2da6-48d8-a2f9-c1a3ceceab4a: shutdown FollowerState
2019-10-17 07:09:44,343 [grpc-default-executor-5] INFO  impl.RoleInfo (RoleInfo.java:shutdownFollowerState(121)) - f3ee4219-89bb-47f2-bbe0-5f784575b745: shutdown FollowerState
2019-10-17 07:09:44,343 [grpc-default-executor-5] INFO  impl.RoleInfo (RoleInfo.java:updateAndGet(143)) - f3ee4219-89bb-47f2-bbe0-5f784575b745: start FollowerState
2019-10-17 07:09:44,343 [Thread-10564] INFO  impl.FollowerState (FollowerState.java:run(117)) - 805254cc-2da6-48d8-a2f9-c1a3ceceab4a@group-2C0FEEE55AE1-FollowerState was interrupted: java.lang.InterruptedException: sleep interrupted
2019-10-17 07:09:44,343 [grpc-default-executor-2] INFO  impl.RoleInfo (RoleInfo.java:updateAndGet(143)) - 805254cc-2da6-48d8-a2f9-c1a3ceceab4a: start FollowerState
2019-10-17 07:09:44,343 [Thread-10563] INFO  impl.FollowerState (FollowerState.java:run(117)) - f3ee4219-89bb-47f2-bbe0-5f784575b745@group-2C0FEEE55AE1-FollowerState was interrupted: java.lang.InterruptedException: sleep interrupted
2019-10-17 07:09:44,374 [696df33b-59a0-4145-913f-936aff0d1566@group-2C0FEEE55AE1-LeaderElection1198] INFO  impl.LeaderElection (LeaderElection.java:logAndReturn(56)) - 696df33b-59a0-4145-913f-936aff0d1566@group-2C0FEEE55AE1-LeaderElection1198: Election REJECTED; received 2 response(s) [696df33b-59a0-4145-913f-936aff0d1566<-f3ee4219-89bb-47f2-bbe0-5f784575b745#0:FAIL-t128, 696df33b-59a0-4145-913f-936aff0d1566<-805254cc-2da6-48d8-a2f9-c1a3ceceab4a#0:FAIL-t128] and 0 exception(s); 696df33b-59a0-4145-913f-936aff0d1566@group-2C0FEEE55AE1:t128, leader=null, voted=696df33b-59a0-4145-913f-936aff0d1566, raftlog=696df33b-59a0-4145-913f-936aff0d1566@group-2C0FEEE55AE1-SegmentedRaftLog:OPENED:c-1,f-1,i0, conf=-1: [f3ee4219-89bb-47f2-bbe0-5f784575b745:192.168.157.211:38722, 805254cc-2da6-48d8-a2f9-c1a3ceceab4a:192.168.157.211:35407, 696df33b-59a0-4145-913f-936aff0d1566:192.168.157.211:38803], old=null
2019-10-17 07:09:44,374 [696df33b-59a0-4145-913f-936aff0d1566@group-2C0FEEE55AE1-LeaderElection1198] INFO  impl.RaftServerImpl (RaftServerImpl.java:setRole(184)) - 696df33b-59a0-4145-913f-936aff0d1566@group-2C0FEEE55AE1: changes role from CANDIDATE to FOLLOWER at term 128 for DISCOVERED_A_NEW_TERM
2019-10-17 07:09:44,375 [696df33b-59a0-4145-913f-936aff0d1566@group-2C0FEEE55AE1-LeaderElection1198] INFO  impl.RoleInfo (RoleInfo.java:shutdownLeaderElection(134)) - 696df33b-59a0-4145-913f-936aff0d1566: shutdown LeaderElection
2019-10-17 07:09:44,375 [696df33b-59a0-4145-913f-936aff0d1566@group-2C0FEEE55AE1-LeaderElection1198] INFO  impl.RoleInfo (RoleInfo.java:updateAndGet(143)) - 696df33b-59a0-4145-913f-936aff0d1566: start FollowerState
2019-10-17 07:09:44,379 [Thread-10569] INFO  impl.FollowerState (FollowerState.java:run(108)) - 696df33b-59a0-4145-913f-936aff0d1566@group-2C0FEEE55AE1-FollowerState: change to CANDIDATE, lastRpcTime:4ms, electionTimeout:4ms
2019-10-17 07:09:44,379 [Thread-10569] INFO  impl.RoleInfo (RoleInfo.java:shutdownFollowerState(121)) - 696df33b-59a0-4145-913f-936aff0d1566: shutdown FollowerState
2019-10-17 07:09:44,379 [Thread-10569] INFO  impl.RaftServerImpl (RaftServerImpl.java:setRole(184)) - 696df33b-59a0-4145-913f-936aff0d1566@group-2C0FEEE55AE1: changes role from  FOLLOWER to CANDIDATE at term 128 for changeToCandidate
2019-10-17 07:09:44,379 [Thread-10569] INFO  impl.RoleInfo (RoleInfo.java:updateAndGet(143)) - 696df33b-59a0-4145-913f-936aff0d1566: start LeaderElection
2019-10-17 07:09:44,403 [696df33b-59a0-4145-913f-936aff0d1566@group-2C0FEEE55AE1-LeaderElection1199] INFO  impl.LeaderElection (LeaderElection.java:askForVotes(178)) - 696df33b-59a0-4145-913f-936aff0d1566@group-2C0FEEE55AE1-LeaderElection1199: begin an election at term 129 for -1: [f3ee4219-89bb-47f2-bbe0-5f784575b745:192.168.157.211:38722, 805254cc-2da6-48d8-a2f9-c1a3ceceab4a:192.168.157.211:35407, 696df33b-59a0-4145-913f-936aff0d1566:192.168.157.211:38803], old=null
2019-10-17 07:09:44,404 [grpc-default-executor-2] INFO  impl.RaftServerImpl (RaftServerImpl.java:setRole(184)) - 805254cc-2da6-48d8-a2f9-c1a3ceceab4a@group-2C0FEEE55AE1: changes role from  FOLLOWER to FOLLOWER at term 129 for recognizeCandidate:696df33b-59a0-4145-913f-936aff0d1566
2019-10-17 07:09:44,404 [grpc-default-executor-2] INFO  impl.RoleInfo (RoleInfo.java:shutdownFollowerState(121)) - 805254cc-2da6-48d8-a2f9-c1a3ceceab4a: shutdown FollowerState
2019-10-17 07:09:44,404 [grpc-default-executor-5] INFO  impl.RaftServerImpl (RaftServerImpl.java:setRole(184)) - f3ee4219-89bb-47f2-bbe0-5f784575b745@group-2C0FEEE55AE1: changes role from  FOLLOWER to FOLLOWER at term 129 for recognizeCandidate:696df33b-59a0-4145-913f-936aff0d1566
2019-10-17 07:09:44,404 [grpc-default-executor-5] INFO  impl.RoleInfo (RoleInfo.java:shutdownFollowerState(121)) - f3ee4219-89bb-47f2-bbe0-5f784575b745: shutdown FollowerState
2019-10-17 07:09:44,404 [Thread-10567] INFO  impl.FollowerState (FollowerState.java:run(117)) - 805254cc-2da6-48d8-a2f9-c1a3ceceab4a@group-2C0FEEE55AE1-FollowerState was interrupted: java.lang.InterruptedException: sleep interrupted
2019-10-17 07:09:44,404 [grpc-default-executor-2] INFO  impl.RoleInfo (RoleInfo.java:updateAndGet(143)) - 805254cc-2da6-48d8-a2f9-c1a3ceceab4a: start FollowerState
2019-10-17 07:09:44,405 [Thread-10568] INFO  impl.FollowerState (FollowerState.java:run(117)) - f3ee4219-89bb-47f2-bbe0-5f784575b745@group-2C0FEEE55AE1-FollowerState was interrupted: java.lang.InterruptedException: sleep interrupted
2019-10-17 07:09:44,404 [grpc-default-executor-5] INFO  impl.RoleInfo (RoleInfo.java:updateAndGet(143)) - f3ee4219-89bb-47f2-bbe0-5f784575b745: start FollowerState
2019-10-17 07:09:44,420 [696df33b-59a0-4145-913f-936aff0d1566@group-2C0FEEE55AE1-LeaderElection1199] INFO  impl.LeaderElection (LeaderElection.java:logAndReturn(56)) - 696df33b-59a0-4145-913f-936aff0d1566@group-2C0FEEE55AE1-LeaderElection1199: Election REJECTED; received 2 response(s) [696df33b-59a0-4145-913f-936aff0d1566<-f3ee4219-89bb-47f2-bbe0-5f784575b745#0:FAIL-t129, 696df33b-59a0-4145-913f-936aff0d1566<-805254cc-2da6-48d8-a2f9-c1a3ceceab4a#0:FAIL-t129] and 0 exception(s); 696df33b-59a0-4145-913f-936aff0d1566@group-2C0FEEE55AE1:t129, leader=null, voted=696df33b-59a0-4145-913f-936aff0d1566, raftlog=696df33b-59a0-4145-913f-936aff0d1566@group-2C0FEEE55AE1-SegmentedRaftLog:OPENED:c-1,f-1,i0, conf=-1: [f3ee4219-89bb-47f2-bbe0-5f784575b745:192.168.157.211:38722, 805254cc-2da6-48d8-a2f9-c1a3ceceab4a:192.168.157.211:35407, 696df33b-59a0-4145-913f-936aff0d1566:192.168.157.211:38803], old=null
2019-10-17 07:09:44,420 [696df33b-59a0-4145-913f-936aff0d1566@group-2C0FEEE55AE1-LeaderElection1199] INFO  impl.RaftServerImpl (RaftServerImpl.java:setRole(184)) - 696df33b-59a0-4145-913f-936aff0d1566@group-2C0FEEE55AE1: changes role from CANDIDATE to FOLLOWER at term 129 for DISCOVERED_A_NEW_TERM
2019-10-17 07:09:44,420 [696df33b-59a0-4145-913f-936aff0d1566@group-2C0FEEE55AE1-LeaderElection1199] INFO  impl.RoleInfo (RoleInfo.java:shutdownLeaderElection(134)) - 696df33b-59a0-4145-913f-936aff0d1566: shutdown LeaderElection
2019-10-17 07:09:44,420 [696df33b-59a0-4145-913f-936aff0d1566@group-2C0FEEE55AE1-LeaderElection1199] INFO  impl.RoleInfo (RoleInfo.java:updateAndGet(143)) - 696df33b-59a0-4145-913f-936aff0d1566: start FollowerState
2019-10-17 07:09:44,445 [Thread-10576] INFO  impl.FollowerState (FollowerState.java:run(108)) - 696df33b-59a0-4145-913f-936aff0d1566@group-2C0FEEE55AE1-FollowerState: change to CANDIDATE, lastRpcTime:25ms, electionTimeout:25ms
2019-10-17 07:09:44,446 [Thread-10576] INFO  impl.RoleInfo (RoleInfo.java:shutdownFollowerState(121)) - 696df33b-59a0-4145-913f-936aff0d1566: shutdown FollowerState
2019-10-17 07:09:44,446 [Thread-10576] INFO  impl.RaftServerImpl (RaftServerImpl.java:setRole(184)) - 696df33b-59a0-4145-913f-936aff0d1566@group-2C0FEEE55AE1: changes role from  FOLLOWER to CANDIDATE at term 129 for changeToCandidate
2019-10-17 07:09:44,446 [Thread-10576] INFO  impl.RoleInfo (RoleInfo.java:updateAndGet(143)) - 696df33b-59a0-4145-913f-936aff0d1566: start LeaderElection
2019-10-17 07:09:44,459 [main] INFO  ozoneimpl.OzoneContainer (OzoneContainer.java:stop(227)) - Attempting to stop container services.
2019-10-17 07:09:44,459 [main] INFO  impl.RaftServerProxy (RaftServerProxy.java:lambda$close$4(314)) - f3ee4219-89bb-47f2-bbe0-5f784575b745: close
2019-10-17 07:09:44,459 [696df33b-59a0-4145-913f-936aff0d1566@group-2C0FEEE55AE1-LeaderElection1200] INFO  impl.LeaderElection (LeaderElection.java:askForVotes(178)) - 696df33b-59a0-4145-913f-936aff0d1566@group-2C0FEEE55AE1-LeaderElection1200: begin an election at term 130 for -1: [f3ee4219-89bb-47f2-bbe0-5f784575b745:192.168.157.211:38722, 805254cc-2da6-48d8-a2f9-c1a3ceceab4a:192.168.157.211:35407, 696df33b-59a0-4145-913f-936aff0d1566:192.168.157.211:38803], old=null
2019-10-17 07:09:44,460 [main] INFO  impl.RaftServerImpl (RaftServerImpl.java:lambda$shutdown$3(261)) - f3ee4219-89bb-47f2-bbe0-5f784575b745@group-F82281D5E8A3: shutdown
2019-10-17 07:09:44,460 [main] INFO  util.JmxRegister (JmxRegister.java:unregister(73)) - Successfully un-registered JMX Bean with object name Ratis:service=RaftServer,group=group-F82281D5E8A3,id=f3ee4219-89bb-47f2-bbe0-5f784575b745
2019-10-17 07:09:44,460 [main] INFO  impl.RoleInfo (RoleInfo.java:shutdownLeaderState(104)) - f3ee4219-89bb-47f2-bbe0-5f784575b745: shutdown LeaderState
2019-10-17 07:09:44,460 [main] INFO  impl.PendingRequests (PendingRequests.java:sendNotLeaderResponses(202)) - f3ee4219-89bb-47f2-bbe0-5f784575b745@group-F82281D5E8A3-PendingRequests: sendNotLeaderResponses
2019-10-17 07:09:44,460 [grpc-default-executor-5] INFO  impl.RaftServerImpl (RaftServerImpl.java:setRole(184)) - 805254cc-2da6-48d8-a2f9-c1a3ceceab4a@group-2C0FEEE55AE1: changes role from  FOLLOWER to FOLLOWER at term 130 for recognizeCandidate:696df33b-59a0-4145-913f-936aff0d1566
2019-10-17 07:09:44,461 [grpc-default-executor-5] INFO  impl.RoleInfo (RoleInfo.java:shutdownFollowerState(121)) - 805254cc-2da6-48d8-a2f9-c1a3ceceab4a: shutdown FollowerState
2019-10-17 07:09:44,461 [main] INFO  impl.StateMachineUpdater (StateMachineUpdater.java:stopAndJoin(136)) - f3ee4219-89bb-47f2-bbe0-5f784575b745@group-F82281D5E8A3-StateMachineUpdater: set stopIndex = 0
2019-10-17 07:09:44,461 [main] INFO  impl.RaftServerImpl (ServerState.java:close(388)) - f3ee4219-89bb-47f2-bbe0-5f784575b745@group-F82281D5E8A3: closes. applyIndex: 0
2019-10-17 07:09:44,461 [Thread-10573] INFO  impl.FollowerState (FollowerState.java:run(117)) - 805254cc-2da6-48d8-a2f9-c1a3ceceab4a@group-2C0FEEE55AE1-FollowerState was interrupted: java.lang.InterruptedException: sleep interrupted
2019-10-17 07:09:44,461 [grpc-default-executor-5] INFO  impl.RoleInfo (RoleInfo.java:updateAndGet(143)) - 805254cc-2da6-48d8-a2f9-c1a3ceceab4a: start FollowerState
2019-10-17 07:09:44,461 [grpc-default-executor-2] INFO  impl.RaftServerImpl (RaftServerImpl.java:setRole(184)) - f3ee4219-89bb-47f2-bbe0-5f784575b745@group-2C0FEEE55AE1: changes role from  FOLLOWER to FOLLOWER at term 130 for recognizeCandidate:696df33b-59a0-4145-913f-936aff0d1566
2019-10-17 07:09:44,462 [grpc-default-executor-2] INFO  impl.RoleInfo (RoleInfo.java:shutdownFollowerState(121)) - f3ee4219-89bb-47f2-bbe0-5f784575b745: shutdown FollowerState
2019-10-17 07:09:44,461 [f3ee4219-89bb-47f2-bbe0-5f784575b745@group-F82281D5E8A3-SegmentedRaftLogWorker] INFO  segmented.SegmentedRaftLogWorker (SegmentedRaftLogWorker.java:run(316)) - f3ee4219-89bb-47f2-bbe0-5f784575b745@group-F82281D5E8A3-SegmentedRaftLogWorker was interrupted, exiting. There are 0 tasks remaining in the queue.
2019-10-17 07:09:44,462 [Thread-10574] INFO  impl.FollowerState (FollowerState.java:run(117)) - f3ee4219-89bb-47f2-bbe0-5f784575b745@group-2C0FEEE55AE1-FollowerState was interrupted: java.lang.InterruptedException: sleep interrupted
2019-10-17 07:09:44,465 [main] INFO  segmented.SegmentedRaftLogWorker (SegmentedRaftLogWorker.java:close(224)) - f3ee4219-89bb-47f2-bbe0-5f784575b745@group-F82281D5E8A3-SegmentedRaftLogWorker close()
2019-10-17 07:09:44,462 [grpc-default-executor-2] INFO  impl.RoleInfo (RoleInfo.java:updateAndGet(143)) - f3ee4219-89bb-47f2-bbe0-5f784575b745: start FollowerState
2019-10-17 07:09:44,468 [main] INFO  impl.RaftServerImpl (RaftServerImpl.java:lambda$shutdown$3(261)) - f3ee4219-89bb-47f2-bbe0-5f784575b745@group-2C0FEEE55AE1: shutdown
2019-10-17 07:09:44,469 [main] INFO  util.JmxRegister (JmxRegister.java:unregister(73)) - Successfully un-registered JMX Bean with object name Ratis:service=RaftServer,group=group-2C0FEEE55AE1,id=f3ee4219-89bb-47f2-bbe0-5f784575b745
2019-10-17 07:09:44,469 [main] INFO  impl.RoleInfo (RoleInfo.java:shutdownFollowerState(121)) - f3ee4219-89bb-47f2-bbe0-5f784575b745: shutdown FollowerState
2019-10-17 07:09:44,469 [main] INFO  impl.StateMachineUpdater (StateMachineUpdater.java:stopAndJoin(136)) - f3ee4219-89bb-47f2-bbe0-5f784575b745@group-2C0FEEE55AE1-StateMachineUpdater: set stopIndex = -1
2019-10-17 07:09:44,469 [Thread-10584] INFO  impl.FollowerState (FollowerState.java:run(117)) - f3ee4219-89bb-47f2-bbe0-5f784575b745@group-2C0FEEE55AE1-FollowerState was interrupted: java.lang.InterruptedException: sleep interrupted
2019-10-17 07:09:44,470 [main] INFO  impl.RaftServerImpl (ServerState.java:close(388)) - f3ee4219-89bb-47f2-bbe0-5f784575b745@group-2C0FEEE55AE1: closes. applyIndex: -1
2019-10-17 07:09:44,470 [f3ee4219-89bb-47f2-bbe0-5f784575b745@group-2C0FEEE55AE1-SegmentedRaftLogWorker] INFO  segmented.SegmentedRaftLogWorker (SegmentedRaftLogWorker.java:run(316)) - f3ee4219-89bb-47f2-bbe0-5f784575b745@group-2C0FEEE55AE1-SegmentedRaftLogWorker was interrupted, exiting. There are 0 tasks remaining in the queue.
2019-10-17 07:09:44,472 [main] INFO  segmented.SegmentedRaftLogWorker (SegmentedRaftLogWorker.java:close(224)) - f3ee4219-89bb-47f2-bbe0-5f784575b745@group-2C0FEEE55AE1-SegmentedRaftLogWorker close()
2019-10-17 07:09:44,475 [main] INFO  server.GrpcService (GrpcService.java:closeImpl(164)) - f3ee4219-89bb-47f2-bbe0-5f784575b745: shutdown server with port 38722 now
2019-10-17 07:09:44,476 [main] INFO  server.GrpcService (GrpcService.java:closeImpl(172)) - f3ee4219-89bb-47f2-bbe0-5f784575b745: shutdown server with port 38722 successfully
2019-10-17 07:09:44,477 [696df33b-59a0-4145-913f-936aff0d1566@group-2C0FEEE55AE1-LeaderElection1200] INFO  impl.LeaderElection (LogUtils.java:infoOrTrace(149)) - 696df33b-59a0-4145-913f-936aff0d1566@group-2C0FEEE55AE1-LeaderElection1200 got exception when requesting votes: {}
java.util.concurrent.ExecutionException: org.apache.ratis.thirdparty.io.grpc.StatusRuntimeException: CANCELLED: HTTP/2 error code: CANCEL
Received Rst Stream
	at java.util.concurrent.FutureTask.report(FutureTask.java:122)
	at java.util.concurrent.FutureTask.get(FutureTask.java:192)
	at org.apache.ratis.server.impl.LeaderElection.waitForResults(LeaderElection.java:259)
	at org.apache.ratis.server.impl.LeaderElection.askForVotes(LeaderElection.java:197)
	at org.apache.ratis.server.impl.LeaderElection.run(LeaderElection.java:133)
	at java.lang.Thread.run(Thread.java:748)
Caused by: org.apache.ratis.thirdparty.io.grpc.StatusRuntimeException: CANCELLED: HTTP/2 error code: CANCEL
Received Rst Stream
	at org.apache.ratis.thirdparty.io.grpc.stub.ClientCalls.toStatusRuntimeException(ClientCalls.java:233)
	at org.apache.ratis.thirdparty.io.grpc.stub.ClientCalls.getUnchecked(ClientCalls.java:214)
	at org.apache.ratis.thirdparty.io.grpc.stub.ClientCalls.blockingUnaryCall(ClientCalls.java:139)
	at org.apache.ratis.proto.grpc.RaftServerProtocolServiceGrpc$RaftServerProtocolServiceBlockingStub.requestVote(RaftServerProtocolServiceGrpc.java:265)
	at org.apache.ratis.grpc.server.GrpcServerProtocolClient.requestVote(GrpcServerProtocolClient.java:99)
	at org.apache.ratis.grpc.server.GrpcService.requestVote(GrpcService.java:204)
	at org.apache.ratis.server.impl.LeaderElection.lambda$submitRequests$1(LeaderElection.java:234)
	at java.util.concurrent.FutureTask.run(FutureTask.java:266)
	at java.util.concurrent.Executors$RunnableAdapter.call(Executors.java:511)
	at java.util.concurrent.FutureTask.run(FutureTask.java:266)
	at java.util.concurrent.ThreadPoolExecutor.runWorker(ThreadPoolExecutor.java:1149)
	at java.util.concurrent.ThreadPoolExecutor$Worker.run(ThreadPoolExecutor.java:624)
	... 1 more
2019-10-17 07:09:44,480 [refreshUsed-/workdir/hadoop-ozone/integration-test/target/test-dir/MiniOzoneClusterImpl-e7c0418f-15c1-471d-99db-59e1afe04953/datanode-0/data/containers] WARN  fs.CachingGetSpaceUsed (CachingGetSpaceUsed.java:run(183)) - Thread Interrupted waiting to refresh disk information: sleep interrupted
2019-10-17 07:09:44,487 [696df33b-59a0-4145-913f-936aff0d1566@group-2C0FEEE55AE1-LeaderElection1200] INFO  impl.LeaderElection (LeaderElection.java:logAndReturn(56)) - 696df33b-59a0-4145-913f-936aff0d1566@group-2C0FEEE55AE1-LeaderElection1200: Election REJECTED; received 1 response(s) [696df33b-59a0-4145-913f-936aff0d1566<-805254cc-2da6-48d8-a2f9-c1a3ceceab4a#0:FAIL-t130] and 1 exception(s); 696df33b-59a0-4145-913f-936aff0d1566@group-2C0FEEE55AE1:t130, leader=null, voted=696df33b-59a0-4145-913f-936aff0d1566, raftlog=696df33b-59a0-4145-913f-936aff0d1566@group-2C0FEEE55AE1-SegmentedRaftLog:OPENED:c-1,f-1,i0, conf=-1: [f3ee4219-89bb-47f2-bbe0-5f784575b745:192.168.157.211:38722, 805254cc-2da6-48d8-a2f9-c1a3ceceab4a:192.168.157.211:35407, 696df33b-59a0-4145-913f-936aff0d1566:192.168.157.211:38803], old=null
2019-10-17 07:09:44,487 [696df33b-59a0-4145-913f-936aff0d1566@group-2C0FEEE55AE1-LeaderElection1200] INFO  impl.LeaderElection (LogUtils.java:infoOrTrace(149)) -   Exception 0: {}
java.util.concurrent.ExecutionException: org.apache.ratis.thirdparty.io.grpc.StatusRuntimeException: CANCELLED: HTTP/2 error code: CANCEL
Received Rst Stream
	at java.util.concurrent.FutureTask.report(FutureTask.java:122)
	at java.util.concurrent.FutureTask.get(FutureTask.java:192)
	at org.apache.ratis.server.impl.LeaderElection.waitForResults(LeaderElection.java:259)
	at org.apache.ratis.server.impl.LeaderElection.askForVotes(LeaderElection.java:197)
	at org.apache.ratis.server.impl.LeaderElection.run(LeaderElection.java:133)
	at java.lang.Thread.run(Thread.java:748)
Caused by: org.apache.ratis.thirdparty.io.grpc.StatusRuntimeException: CANCELLED: HTTP/2 error code: CANCEL
Received Rst Stream
	at org.apache.ratis.thirdparty.io.grpc.stub.ClientCalls.toStatusRuntimeException(ClientCalls.java:233)
	at org.apache.ratis.thirdparty.io.grpc.stub.ClientCalls.getUnchecked(ClientCalls.java:214)
	at org.apache.ratis.thirdparty.io.grpc.stub.ClientCalls.blockingUnaryCall(ClientCalls.java:139)
	at org.apache.ratis.proto.grpc.RaftServerProtocolServiceGrpc$RaftServerProtocolServiceBlockingStub.requestVote(RaftServerProtocolServiceGrpc.java:265)
	at org.apache.ratis.grpc.server.GrpcServerProtocolClient.requestVote(GrpcServerProtocolClient.java:99)
	at org.apache.ratis.grpc.server.GrpcService.requestVote(GrpcService.java:204)
	at org.apache.ratis.server.impl.LeaderElection.lambda$submitRequests$1(LeaderElection.java:234)
	at java.util.concurrent.FutureTask.run(FutureTask.java:266)
	at java.util.concurrent.Executors$RunnableAdapter.call(Executors.java:511)
	at java.util.concurrent.FutureTask.run(FutureTask.java:266)
	at java.util.concurrent.ThreadPoolExecutor.runWorker(ThreadPoolExecutor.java:1149)
	at java.util.concurrent.ThreadPoolExecutor$Worker.run(ThreadPoolExecutor.java:624)
	... 1 more
2019-10-17 07:09:44,488 [696df33b-59a0-4145-913f-936aff0d1566@group-2C0FEEE55AE1-LeaderElection1200] INFO  impl.RaftServerImpl (RaftServerImpl.java:setRole(184)) - 696df33b-59a0-4145-913f-936aff0d1566@group-2C0FEEE55AE1: changes role from CANDIDATE to FOLLOWER at term 130 for DISCOVERED_A_NEW_TERM
2019-10-17 07:09:44,488 [696df33b-59a0-4145-913f-936aff0d1566@group-2C0FEEE55AE1-LeaderElection1200] INFO  impl.RoleInfo (RoleInfo.java:shutdownLeaderElection(134)) - 696df33b-59a0-4145-913f-936aff0d1566: shutdown LeaderElection
2019-10-17 07:09:44,488 [696df33b-59a0-4145-913f-936aff0d1566@group-2C0FEEE55AE1-LeaderElection1200] INFO  impl.RoleInfo (RoleInfo.java:updateAndGet(143)) - 696df33b-59a0-4145-913f-936aff0d1566: start FollowerState
2019-10-17 07:09:44,493 [main] INFO  utils.BackgroundService (BackgroundService.java:shutdown(151)) - Shutting down service BlockDeletingService
2019-10-17 07:09:44,498 [main] INFO  statemachine.DatanodeStateMachine (DatanodeStateMachine.java:stopDaemon(395)) - Ozone container server stopped.
2019-10-17 07:09:44,499 [main] INFO  handler.ContextHandler (ContextHandler.java:doStop(910)) - Stopped o.e.j.w.WebAppContext@283ab206{/,null,UNAVAILABLE}{/hddsDatanode}
2019-10-17 07:09:44,500 [main] INFO  server.AbstractConnector (AbstractConnector.java:doStop(318)) - Stopped ServerConnector@35fa450f{HTTP/1.1,[http/1.1]}{0.0.0.0:0}
2019-10-17 07:09:44,500 [main] INFO  handler.ContextHandler (ContextHandler.java:doStop(910)) - Stopped o.e.j.s.ServletContextHandler@1068176{/static,jar:file:/home/user/.m2/repository/org/apache/hadoop/hadoop-hdds-container-service/0.5.0-SNAPSHOT/hadoop-hdds-container-service-0.5.0-SNAPSHOT.jar!/webapps/static,UNAVAILABLE}
2019-10-17 07:09:44,500 [main] INFO  handler.ContextHandler (ContextHandler.java:doStop(910)) - Stopped o.e.j.s.ServletContextHandler@795b66d{/logs,file:///workdir/hadoop-ozone/integration-test/target/log,UNAVAILABLE}
2019-10-17 07:09:44,574 [Thread-10585] INFO  impl.FollowerState (FollowerState.java:run(108)) - 696df33b-59a0-4145-913f-936aff0d1566@group-2C0FEEE55AE1-FollowerState: change to CANDIDATE, lastRpcTime:86ms, electionTimeout:86ms
2019-10-17 07:09:44,574 [main] INFO  ozone.MiniOzoneClusterImpl (MiniOzoneClusterImpl.java:shutdown(314)) - Shutting down the Mini Ozone Cluster
2019-10-17 07:09:44,574 [Thread-10585] INFO  impl.RoleInfo (RoleInfo.java:shutdownFollowerState(121)) - 696df33b-59a0-4145-913f-936aff0d1566: shutdown FollowerState
2019-10-17 07:09:44,574 [main] INFO  ozone.MiniOzoneClusterImpl (MiniOzoneClusterImpl.java:stop(330)) - Stopping the Mini Ozone Cluster
2019-10-17 07:09:44,575 [main] INFO  ozone.MiniOzoneClusterImpl (MiniOzoneClusterImpl.java:stopOM(400)) - Stopping the OzoneManager
2019-10-17 07:09:44,575 [Thread-10585] INFO  impl.RaftServerImpl (RaftServerImpl.java:setRole(184)) - 696df33b-59a0-4145-913f-936aff0d1566@group-2C0FEEE55AE1: changes role from  FOLLOWER to CANDIDATE at term 130 for changeToCandidate
2019-10-17 07:09:44,575 [main] INFO  ipc.Server (Server.java:stop(3082)) - Stopping server on 33701
2019-10-17 07:09:44,577 [Thread-10585] INFO  impl.RoleInfo (RoleInfo.java:updateAndGet(143)) - 696df33b-59a0-4145-913f-936aff0d1566: start LeaderElection
2019-10-17 07:09:44,587 [IPC Server listener on 33701] INFO  ipc.Server (Server.java:run(1185)) - Stopping IPC Server listener on 33701
2019-10-17 07:09:44,587 [main] INFO  ratis.OzoneManagerDoubleBuffer (OzoneManagerDoubleBuffer.java:stop(250)) - Stopping OMDoubleBuffer flush thread
2019-10-17 07:09:44,589 [IPC Server Responder] INFO  ipc.Server (Server.java:run(1319)) - Stopping IPC Server Responder
2019-10-17 07:09:44,600 [OMDoubleBufferFlushThread] INFO  ratis.OzoneManagerDoubleBuffer (OzoneManagerDoubleBuffer.java:flushTransactions(193)) - OMDoubleBuffer flush thread OMDoubleBufferFlushThread is interrupted and will exit. OMDoubleBufferFlushThread
2019-10-17 07:09:44,600 [main] INFO  utils.BackgroundService (BackgroundService.java:shutdown(151)) - Shutting down service KeyDeletingService
2019-10-17 07:09:44,619 [696df33b-59a0-4145-913f-936aff0d1566@group-2C0FEEE55AE1-LeaderElection1201] INFO  impl.LeaderElection (LeaderElection.java:askForVotes(178)) - 696df33b-59a0-4145-913f-936aff0d1566@group-2C0FEEE55AE1-LeaderElection1201: begin an election at term 131 for -1: [f3ee4219-89bb-47f2-bbe0-5f784575b745:192.168.157.211:38722, 805254cc-2da6-48d8-a2f9-c1a3ceceab4a:192.168.157.211:35407, 696df33b-59a0-4145-913f-936aff0d1566:192.168.157.211:38803], old=null
2019-10-17 07:09:44,621 [grpc-default-executor-5] INFO  impl.RaftServerImpl (RaftServerImpl.java:setRole(184)) - 805254cc-2da6-48d8-a2f9-c1a3ceceab4a@group-2C0FEEE55AE1: changes role from  FOLLOWER to FOLLOWER at term 131 for recognizeCandidate:696df33b-59a0-4145-913f-936aff0d1566
2019-10-17 07:09:44,621 [696df33b-59a0-4145-913f-936aff0d1566@group-2C0FEEE55AE1-LeaderElection1201] INFO  impl.LeaderElection (LogUtils.java:infoOrTrace(149)) - 696df33b-59a0-4145-913f-936aff0d1566@group-2C0FEEE55AE1-LeaderElection1201 got exception when requesting votes: {}
java.util.concurrent.ExecutionException: org.apache.ratis.thirdparty.io.grpc.StatusRuntimeException: UNAVAILABLE: io exception
	at java.util.concurrent.FutureTask.report(FutureTask.java:122)
	at java.util.concurrent.FutureTask.get(FutureTask.java:192)
	at org.apache.ratis.server.impl.LeaderElection.waitForResults(LeaderElection.java:259)
	at org.apache.ratis.server.impl.LeaderElection.askForVotes(LeaderElection.java:197)
	at org.apache.ratis.server.impl.LeaderElection.run(LeaderElection.java:133)
	at java.lang.Thread.run(Thread.java:748)
Caused by: org.apache.ratis.thirdparty.io.grpc.StatusRuntimeException: UNAVAILABLE: io exception
	at org.apache.ratis.thirdparty.io.grpc.stub.ClientCalls.toStatusRuntimeException(ClientCalls.java:233)
	at org.apache.ratis.thirdparty.io.grpc.stub.ClientCalls.getUnchecked(ClientCalls.java:214)
	at org.apache.ratis.thirdparty.io.grpc.stub.ClientCalls.blockingUnaryCall(ClientCalls.java:139)
	at org.apache.ratis.proto.grpc.RaftServerProtocolServiceGrpc$RaftServerProtocolServiceBlockingStub.requestVote(RaftServerProtocolServiceGrpc.java:265)
	at org.apache.ratis.grpc.server.GrpcServerProtocolClient.requestVote(GrpcServerProtocolClient.java:99)
	at org.apache.ratis.grpc.server.GrpcService.requestVote(GrpcService.java:204)
	at org.apache.ratis.server.impl.LeaderElection.lambda$submitRequests$1(LeaderElection.java:234)
	at java.util.concurrent.FutureTask.run(FutureTask.java:266)
	at java.util.concurrent.Executors$RunnableAdapter.call(Executors.java:511)
	at java.util.concurrent.FutureTask.run(FutureTask.java:266)
	at java.util.concurrent.ThreadPoolExecutor.runWorker(ThreadPoolExecutor.java:1149)
	at java.util.concurrent.ThreadPoolExecutor$Worker.run(ThreadPoolExecutor.java:624)
	... 1 more
Caused by: org.apache.ratis.thirdparty.io.netty.channel.AbstractChannel$AnnotatedConnectException: Connection refused: /192.168.157.211:38722
	at sun.nio.ch.SocketChannelImpl.checkConnect(Native Method)
	at sun.nio.ch.SocketChannelImpl.finishConnect(SocketChannelImpl.java:717)
	at org.apache.ratis.thirdparty.io.netty.channel.socket.nio.NioSocketChannel.doFinishConnect(NioSocketChannel.java:327)
	at org.apache.ratis.thirdparty.io.netty.channel.nio.AbstractNioChannel$AbstractNioUnsafe.finishConnect(AbstractNioChannel.java:340)
	at org.apache.ratis.thirdparty.io.netty.channel.nio.NioEventLoop.processSelectedKey(NioEventLoop.java:632)
	at org.apache.ratis.thirdparty.io.netty.channel.nio.NioEventLoop.processSelectedKeysOptimized(NioEventLoop.java:579)
	at org.apache.ratis.thirdparty.io.netty.channel.nio.NioEventLoop.processSelectedKeys(NioEventLoop.java:496)
	at org.apache.ratis.thirdparty.io.netty.channel.nio.NioEventLoop.run(NioEventLoop.java:458)
	at org.apache.ratis.thirdparty.io.netty.util.concurrent.SingleThreadEventExecutor$5.run(SingleThreadEventExecutor.java:897)
	at org.apache.ratis.thirdparty.io.netty.util.concurrent.FastThreadLocalRunnable.run(FastThreadLocalRunnable.java:30)
	... 1 more
Caused by: java.net.ConnectException: Connection refused
	... 11 more
2019-10-17 07:09:44,621 [main] INFO  handler.ContextHandler (ContextHandler.java:doStop(910)) - Stopped o.e.j.w.WebAppContext@31881aa2{/,null,UNAVAILABLE}{/ozoneManager}
2019-10-17 07:09:44,621 [grpc-default-executor-5] INFO  impl.RoleInfo (RoleInfo.java:shutdownFollowerState(121)) - 805254cc-2da6-48d8-a2f9-c1a3ceceab4a: shutdown FollowerState
2019-10-17 07:09:44,622 [grpc-default-executor-5] INFO  impl.RoleInfo (RoleInfo.java:updateAndGet(143)) - 805254cc-2da6-48d8-a2f9-c1a3ceceab4a: start FollowerState
2019-10-17 07:09:44,622 [Thread-10583] INFO  impl.FollowerState (FollowerState.java:run(117)) - 805254cc-2da6-48d8-a2f9-c1a3ceceab4a@group-2C0FEEE55AE1-FollowerState was interrupted: java.lang.InterruptedException: sleep interrupted
2019-10-17 07:09:44,622 [main] INFO  server.AbstractConnector (AbstractConnector.java:doStop(318)) - Stopped ServerConnector@1b46392c{HTTP/1.1,[http/1.1]}{0.0.0.0:0}
2019-10-17 07:09:44,622 [main] INFO  handler.ContextHandler (ContextHandler.java:doStop(910)) - Stopped o.e.j.s.ServletContextHandler@615439f7{/static,file:///workdir/hadoop-ozone/integration-test/target/test-classes/webapps/static,UNAVAILABLE}
2019-10-17 07:09:44,623 [main] INFO  handler.ContextHandler (ContextHandler.java:doStop(910)) - Stopped o.e.j.s.ServletContextHandler@1be52861{/logs,file:///workdir/hadoop-ozone/integration-test/target/log,UNAVAILABLE}
2019-10-17 07:09:44,625 [main] INFO  ozone.MiniOzoneClusterImpl (MiniOzoneClusterImpl.java:stopDatanodes(377)) - Stopping the HddsDatanodes
2019-10-17 07:09:44,635 [696df33b-59a0-4145-913f-936aff0d1566@group-2C0FEEE55AE1-LeaderElection1201] INFO  impl.LeaderElection (LeaderElection.java:logAndReturn(56)) - 696df33b-59a0-4145-913f-936aff0d1566@group-2C0FEEE55AE1-LeaderElection1201: Election REJECTED; received 1 response(s) [696df33b-59a0-4145-913f-936aff0d1566<-805254cc-2da6-48d8-a2f9-c1a3ceceab4a#0:FAIL-t131] and 1 exception(s); 696df33b-59a0-4145-913f-936aff0d1566@group-2C0FEEE55AE1:t131, leader=null, voted=696df33b-59a0-4145-913f-936aff0d1566, raftlog=696df33b-59a0-4145-913f-936aff0d1566@group-2C0FEEE55AE1-SegmentedRaftLog:OPENED:c-1,f-1,i0, conf=-1: [f3ee4219-89bb-47f2-bbe0-5f784575b745:192.168.157.211:38722, 805254cc-2da6-48d8-a2f9-c1a3ceceab4a:192.168.157.211:35407, 696df33b-59a0-4145-913f-936aff0d1566:192.168.157.211:38803], old=null
2019-10-17 07:09:44,636 [696df33b-59a0-4145-913f-936aff0d1566@group-2C0FEEE55AE1-LeaderElection1201] INFO  impl.LeaderElection (LogUtils.java:infoOrTrace(149)) -   Exception 0: {}
java.util.concurrent.ExecutionException: org.apache.ratis.thirdparty.io.grpc.StatusRuntimeException: UNAVAILABLE: io exception
	at java.util.concurrent.FutureTask.report(FutureTask.java:122)
	at java.util.concurrent.FutureTask.get(FutureTask.java:192)
	at org.apache.ratis.server.impl.LeaderElection.waitForResults(LeaderElection.java:259)
	at org.apache.ratis.server.impl.LeaderElection.askForVotes(LeaderElection.java:197)
	at org.apache.ratis.server.impl.LeaderElection.run(LeaderElection.java:133)
	at java.lang.Thread.run(Thread.java:748)
Caused by: org.apache.ratis.thirdparty.io.grpc.StatusRuntimeException: UNAVAILABLE: io exception
	at org.apache.ratis.thirdparty.io.grpc.stub.ClientCalls.toStatusRuntimeException(ClientCalls.java:233)
	at org.apache.ratis.thirdparty.io.grpc.stub.ClientCalls.getUnchecked(ClientCalls.java:214)
	at org.apache.ratis.thirdparty.io.grpc.stub.ClientCalls.blockingUnaryCall(ClientCalls.java:139)
	at org.apache.ratis.proto.grpc.RaftServerProtocolServiceGrpc$RaftServerProtocolServiceBlockingStub.requestVote(RaftServerProtocolServiceGrpc.java:265)
	at org.apache.ratis.grpc.server.GrpcServerProtocolClient.requestVote(GrpcServerProtocolClient.java:99)
	at org.apache.ratis.grpc.server.GrpcService.requestVote(GrpcService.java:204)
	at org.apache.ratis.server.impl.LeaderElection.lambda$submitRequests$1(LeaderElection.java:234)
	at java.util.concurrent.FutureTask.run(FutureTask.java:266)
	at java.util.concurrent.Executors$RunnableAdapter.call(Executors.java:511)
	at java.util.concurrent.FutureTask.run(FutureTask.java:266)
	at java.util.concurrent.ThreadPoolExecutor.runWorker(ThreadPoolExecutor.java:1149)
	at java.util.concurrent.ThreadPoolExecutor$Worker.run(ThreadPoolExecutor.java:624)
	... 1 more
Caused by: org.apache.ratis.thirdparty.io.netty.channel.AbstractChannel$AnnotatedConnectException: Connection refused: /192.168.157.211:38722
	at sun.nio.ch.SocketChannelImpl.checkConnect(Native Method)
	at sun.nio.ch.SocketChannelImpl.finishConnect(SocketChannelImpl.java:717)
	at org.apache.ratis.thirdparty.io.netty.channel.socket.nio.NioSocketChannel.doFinishConnect(NioSocketChannel.java:327)
	at org.apache.ratis.thirdparty.io.netty.channel.nio.AbstractNioChannel$AbstractNioUnsafe.finishConnect(AbstractNioChannel.java:340)
	at org.apache.ratis.thirdparty.io.netty.channel.nio.NioEventLoop.processSelectedKey(NioEventLoop.java:632)
	at org.apache.ratis.thirdparty.io.netty.channel.nio.NioEventLoop.processSelectedKeysOptimized(NioEventLoop.java:579)
	at org.apache.ratis.thirdparty.io.netty.channel.nio.NioEventLoop.processSelectedKeys(NioEventLoop.java:496)
	at org.apache.ratis.thirdparty.io.netty.channel.nio.NioEventLoop.run(NioEventLoop.java:458)
	at org.apache.ratis.thirdparty.io.netty.util.concurrent.SingleThreadEventExecutor$5.run(SingleThreadEventExecutor.java:897)
	at org.apache.ratis.thirdparty.io.netty.util.concurrent.FastThreadLocalRunnable.run(FastThreadLocalRunnable.java:30)
	... 1 more
Caused by: java.net.ConnectException: Connection refused
	... 11 more
2019-10-17 07:09:44,636 [696df33b-59a0-4145-913f-936aff0d1566@group-2C0FEEE55AE1-LeaderElection1201] INFO  impl.RaftServerImpl (RaftServerImpl.java:setRole(184)) - 696df33b-59a0-4145-913f-936aff0d1566@group-2C0FEEE55AE1: changes role from CANDIDATE to FOLLOWER at term 131 for DISCOVERED_A_NEW_TERM
2019-10-17 07:09:44,636 [696df33b-59a0-4145-913f-936aff0d1566@group-2C0FEEE55AE1-LeaderElection1201] INFO  impl.RoleInfo (RoleInfo.java:shutdownLeaderElection(134)) - 696df33b-59a0-4145-913f-936aff0d1566: shutdown LeaderElection
2019-10-17 07:09:44,636 [696df33b-59a0-4145-913f-936aff0d1566@group-2C0FEEE55AE1-LeaderElection1201] INFO  impl.RoleInfo (RoleInfo.java:updateAndGet(143)) - 696df33b-59a0-4145-913f-936aff0d1566: start FollowerState
2019-10-17 07:09:44,728 [Thread-10614] INFO  impl.FollowerState (FollowerState.java:run(108)) - 696df33b-59a0-4145-913f-936aff0d1566@group-2C0FEEE55AE1-FollowerState: change to CANDIDATE, lastRpcTime:92ms, electionTimeout:92ms
2019-10-17 07:09:44,728 [Thread-10614] INFO  impl.RoleInfo (RoleInfo.java:shutdownFollowerState(121)) - 696df33b-59a0-4145-913f-936aff0d1566: shutdown FollowerState
2019-10-17 07:09:44,729 [Thread-10614] INFO  impl.RaftServerImpl (RaftServerImpl.java:setRole(184)) - 696df33b-59a0-4145-913f-936aff0d1566@group-2C0FEEE55AE1: changes role from  FOLLOWER to CANDIDATE at term 131 for changeToCandidate
2019-10-17 07:09:44,729 [Thread-10614] INFO  impl.RoleInfo (RoleInfo.java:updateAndGet(143)) - 696df33b-59a0-4145-913f-936aff0d1566: start LeaderElection
2019-10-17 07:09:44,742 [696df33b-59a0-4145-913f-936aff0d1566@group-2C0FEEE55AE1-LeaderElection1202] INFO  impl.LeaderElection (LeaderElection.java:askForVotes(178)) - 696df33b-59a0-4145-913f-936aff0d1566@group-2C0FEEE55AE1-LeaderElection1202: begin an election at term 132 for -1: [f3ee4219-89bb-47f2-bbe0-5f784575b745:192.168.157.211:38722, 805254cc-2da6-48d8-a2f9-c1a3ceceab4a:192.168.157.211:35407, 696df33b-59a0-4145-913f-936aff0d1566:192.168.157.211:38803], old=null
2019-10-17 07:09:44,742 [696df33b-59a0-4145-913f-936aff0d1566@group-2C0FEEE55AE1-LeaderElection1202] INFO  impl.LeaderElection (LogUtils.java:infoOrTrace(149)) - 696df33b-59a0-4145-913f-936aff0d1566@group-2C0FEEE55AE1-LeaderElection1202 got exception when requesting votes: {}
java.util.concurrent.ExecutionException: org.apache.ratis.thirdparty.io.grpc.StatusRuntimeException: UNAVAILABLE: io exception
	at java.util.concurrent.FutureTask.report(FutureTask.java:122)
	at java.util.concurrent.FutureTask.get(FutureTask.java:192)
	at org.apache.ratis.server.impl.LeaderElection.waitForResults(LeaderElection.java:259)
	at org.apache.ratis.server.impl.LeaderElection.askForVotes(LeaderElection.java:197)
	at org.apache.ratis.server.impl.LeaderElection.run(LeaderElection.java:133)
	at java.lang.Thread.run(Thread.java:748)
Caused by: org.apache.ratis.thirdparty.io.grpc.StatusRuntimeException: UNAVAILABLE: io exception
	at org.apache.ratis.thirdparty.io.grpc.stub.ClientCalls.toStatusRuntimeException(ClientCalls.java:233)
	at org.apache.ratis.thirdparty.io.grpc.stub.ClientCalls.getUnchecked(ClientCalls.java:214)
	at org.apache.ratis.thirdparty.io.grpc.stub.ClientCalls.blockingUnaryCall(ClientCalls.java:139)
	at org.apache.ratis.proto.grpc.RaftServerProtocolServiceGrpc$RaftServerProtocolServiceBlockingStub.requestVote(RaftServerProtocolServiceGrpc.java:265)
	at org.apache.ratis.grpc.server.GrpcServerProtocolClient.requestVote(GrpcServerProtocolClient.java:99)
	at org.apache.ratis.grpc.server.GrpcService.requestVote(GrpcService.java:204)
	at org.apache.ratis.server.impl.LeaderElection.lambda$submitRequests$1(LeaderElection.java:234)
	at java.util.concurrent.FutureTask.run(FutureTask.java:266)
	at java.util.concurrent.Executors$RunnableAdapter.call(Executors.java:511)
	at java.util.concurrent.FutureTask.run(FutureTask.java:266)
	at java.util.concurrent.ThreadPoolExecutor.runWorker(ThreadPoolExecutor.java:1149)
	at java.util.concurrent.ThreadPoolExecutor$Worker.run(ThreadPoolExecutor.java:624)
	... 1 more
Caused by: org.apache.ratis.thirdparty.io.netty.channel.AbstractChannel$AnnotatedConnectException: Connection refused: /192.168.157.211:38722
	at sun.nio.ch.SocketChannelImpl.checkConnect(Native Method)
	at sun.nio.ch.SocketChannelImpl.finishConnect(SocketChannelImpl.java:717)
	at org.apache.ratis.thirdparty.io.netty.channel.socket.nio.NioSocketChannel.doFinishConnect(NioSocketChannel.java:327)
	at org.apache.ratis.thirdparty.io.netty.channel.nio.AbstractNioChannel$AbstractNioUnsafe.finishConnect(AbstractNioChannel.java:340)
	at org.apache.ratis.thirdparty.io.netty.channel.nio.NioEventLoop.processSelectedKey(NioEventLoop.java:632)
	at org.apache.ratis.thirdparty.io.netty.channel.nio.NioEventLoop.processSelectedKeysOptimized(NioEventLoop.java:579)
	at org.apache.ratis.thirdparty.io.netty.channel.nio.NioEventLoop.processSelectedKeys(NioEventLoop.java:496)
	at org.apache.ratis.thirdparty.io.netty.channel.nio.NioEventLoop.run(NioEventLoop.java:458)
	at org.apache.ratis.thirdparty.io.netty.util.concurrent.SingleThreadEventExecutor$5.run(SingleThreadEventExecutor.java:897)
	at org.apache.ratis.thirdparty.io.netty.util.concurrent.FastThreadLocalRunnable.run(FastThreadLocalRunnable.java:30)
	... 1 more
Caused by: java.net.ConnectException: Connection refused
	... 11 more
2019-10-17 07:09:44,743 [grpc-default-executor-5] INFO  impl.RaftServerImpl (RaftServerImpl.java:setRole(184)) - 805254cc-2da6-48d8-a2f9-c1a3ceceab4a@group-2C0FEEE55AE1: changes role from  FOLLOWER to FOLLOWER at term 132 for recognizeCandidate:696df33b-59a0-4145-913f-936aff0d1566
2019-10-17 07:09:44,743 [grpc-default-executor-5] INFO  impl.RoleInfo (RoleInfo.java:shutdownFollowerState(121)) - 805254cc-2da6-48d8-a2f9-c1a3ceceab4a: shutdown FollowerState
2019-10-17 07:09:44,743 [grpc-default-executor-5] INFO  impl.RoleInfo (RoleInfo.java:updateAndGet(143)) - 805254cc-2da6-48d8-a2f9-c1a3ceceab4a: start FollowerState
2019-10-17 07:09:44,743 [Thread-10613] INFO  impl.FollowerState (FollowerState.java:run(117)) - 805254cc-2da6-48d8-a2f9-c1a3ceceab4a@group-2C0FEEE55AE1-FollowerState was interrupted: java.lang.InterruptedException: sleep interrupted
2019-10-17 07:09:44,758 [696df33b-59a0-4145-913f-936aff0d1566@group-2C0FEEE55AE1-LeaderElection1202] INFO  impl.LeaderElection (LeaderElection.java:logAndReturn(56)) - 696df33b-59a0-4145-913f-936aff0d1566@group-2C0FEEE55AE1-LeaderElection1202: Election REJECTED; received 1 response(s) [696df33b-59a0-4145-913f-936aff0d1566<-805254cc-2da6-48d8-a2f9-c1a3ceceab4a#0:FAIL-t132] and 1 exception(s); 696df33b-59a0-4145-913f-936aff0d1566@group-2C0FEEE55AE1:t132, leader=null, voted=696df33b-59a0-4145-913f-936aff0d1566, raftlog=696df33b-59a0-4145-913f-936aff0d1566@group-2C0FEEE55AE1-SegmentedRaftLog:OPENED:c-1,f-1,i0, conf=-1: [f3ee4219-89bb-47f2-bbe0-5f784575b745:192.168.157.211:38722, 805254cc-2da6-48d8-a2f9-c1a3ceceab4a:192.168.157.211:35407, 696df33b-59a0-4145-913f-936aff0d1566:192.168.157.211:38803], old=null
2019-10-17 07:09:44,758 [696df33b-59a0-4145-913f-936aff0d1566@group-2C0FEEE55AE1-LeaderElection1202] INFO  impl.LeaderElection (LogUtils.java:infoOrTrace(149)) -   Exception 0: {}
java.util.concurrent.ExecutionException: org.apache.ratis.thirdparty.io.grpc.StatusRuntimeException: UNAVAILABLE: io exception
	at java.util.concurrent.FutureTask.report(FutureTask.java:122)
	at java.util.concurrent.FutureTask.get(FutureTask.java:192)
	at org.apache.ratis.server.impl.LeaderElection.waitForResults(LeaderElection.java:259)
	at org.apache.ratis.server.impl.LeaderElection.askForVotes(LeaderElection.java:197)
	at org.apache.ratis.server.impl.LeaderElection.run(LeaderElection.java:133)
	at java.lang.Thread.run(Thread.java:748)
Caused by: org.apache.ratis.thirdparty.io.grpc.StatusRuntimeException: UNAVAILABLE: io exception
	at org.apache.ratis.thirdparty.io.grpc.stub.ClientCalls.toStatusRuntimeException(ClientCalls.java:233)
	at org.apache.ratis.thirdparty.io.grpc.stub.ClientCalls.getUnchecked(ClientCalls.java:214)
	at org.apache.ratis.thirdparty.io.grpc.stub.ClientCalls.blockingUnaryCall(ClientCalls.java:139)
	at org.apache.ratis.proto.grpc.RaftServerProtocolServiceGrpc$RaftServerProtocolServiceBlockingStub.requestVote(RaftServerProtocolServiceGrpc.java:265)
	at org.apache.ratis.grpc.server.GrpcServerProtocolClient.requestVote(GrpcServerProtocolClient.java:99)
	at org.apache.ratis.grpc.server.GrpcService.requestVote(GrpcService.java:204)
	at org.apache.ratis.server.impl.LeaderElection.lambda$submitRequests$1(LeaderElection.java:234)
	at java.util.concurrent.FutureTask.run(FutureTask.java:266)
	at java.util.concurrent.Executors$RunnableAdapter.call(Executors.java:511)
	at java.util.concurrent.FutureTask.run(FutureTask.java:266)
	at java.util.concurrent.ThreadPoolExecutor.runWorker(ThreadPoolExecutor.java:1149)
	at java.util.concurrent.ThreadPoolExecutor$Worker.run(ThreadPoolExecutor.java:624)
	... 1 more
Caused by: org.apache.ratis.thirdparty.io.netty.channel.AbstractChannel$AnnotatedConnectException: Connection refused: /192.168.157.211:38722
	at sun.nio.ch.SocketChannelImpl.checkConnect(Native Method)
	at sun.nio.ch.SocketChannelImpl.finishConnect(SocketChannelImpl.java:717)
	at org.apache.ratis.thirdparty.io.netty.channel.socket.nio.NioSocketChannel.doFinishConnect(NioSocketChannel.java:327)
	at org.apache.ratis.thirdparty.io.netty.channel.nio.AbstractNioChannel$AbstractNioUnsafe.finishConnect(AbstractNioChannel.java:340)
	at org.apache.ratis.thirdparty.io.netty.channel.nio.NioEventLoop.processSelectedKey(NioEventLoop.java:632)
	at org.apache.ratis.thirdparty.io.netty.channel.nio.NioEventLoop.processSelectedKeysOptimized(NioEventLoop.java:579)
	at org.apache.ratis.thirdparty.io.netty.channel.nio.NioEventLoop.processSelectedKeys(NioEventLoop.java:496)
	at org.apache.ratis.thirdparty.io.netty.channel.nio.NioEventLoop.run(NioEventLoop.java:458)
	at org.apache.ratis.thirdparty.io.netty.util.concurrent.SingleThreadEventExecutor$5.run(SingleThreadEventExecutor.java:897)
	at org.apache.ratis.thirdparty.io.netty.util.concurrent.FastThreadLocalRunnable.run(FastThreadLocalRunnable.java:30)
	... 1 more
Caused by: java.net.ConnectException: Connection refused
	... 11 more
2019-10-17 07:09:44,758 [696df33b-59a0-4145-913f-936aff0d1566@group-2C0FEEE55AE1-LeaderElection1202] INFO  impl.RaftServerImpl (RaftServerImpl.java:setRole(184)) - 696df33b-59a0-4145-913f-936aff0d1566@group-2C0FEEE55AE1: changes role from CANDIDATE to FOLLOWER at term 132 for DISCOVERED_A_NEW_TERM
2019-10-17 07:09:44,758 [696df33b-59a0-4145-913f-936aff0d1566@group-2C0FEEE55AE1-LeaderElection1202] INFO  impl.RoleInfo (RoleInfo.java:shutdownLeaderElection(134)) - 696df33b-59a0-4145-913f-936aff0d1566: shutdown LeaderElection
2019-10-17 07:09:44,758 [696df33b-59a0-4145-913f-936aff0d1566@group-2C0FEEE55AE1-LeaderElection1202] INFO  impl.RoleInfo (RoleInfo.java:updateAndGet(143)) - 696df33b-59a0-4145-913f-936aff0d1566: start FollowerState
2019-10-17 07:09:44,866 [Thread-10619] INFO  impl.FollowerState (FollowerState.java:run(108)) - 696df33b-59a0-4145-913f-936aff0d1566@group-2C0FEEE55AE1-FollowerState: change to CANDIDATE, lastRpcTime:108ms, electionTimeout:108ms
2019-10-17 07:09:44,867 [Thread-10619] INFO  impl.RoleInfo (RoleInfo.java:shutdownFollowerState(121)) - 696df33b-59a0-4145-913f-936aff0d1566: shutdown FollowerState
2019-10-17 07:09:44,867 [Thread-10619] INFO  impl.RaftServerImpl (RaftServerImpl.java:setRole(184)) - 696df33b-59a0-4145-913f-936aff0d1566@group-2C0FEEE55AE1: changes role from  FOLLOWER to CANDIDATE at term 132 for changeToCandidate
2019-10-17 07:09:44,867 [Thread-10619] INFO  impl.RoleInfo (RoleInfo.java:updateAndGet(143)) - 696df33b-59a0-4145-913f-936aff0d1566: start LeaderElection
2019-10-17 07:09:44,880 [696df33b-59a0-4145-913f-936aff0d1566@group-2C0FEEE55AE1-LeaderElection1203] INFO  impl.LeaderElection (LeaderElection.java:askForVotes(178)) - 696df33b-59a0-4145-913f-936aff0d1566@group-2C0FEEE55AE1-LeaderElection1203: begin an election at term 133 for -1: [f3ee4219-89bb-47f2-bbe0-5f784575b745:192.168.157.211:38722, 805254cc-2da6-48d8-a2f9-c1a3ceceab4a:192.168.157.211:35407, 696df33b-59a0-4145-913f-936aff0d1566:192.168.157.211:38803], old=null
2019-10-17 07:09:44,881 [696df33b-59a0-4145-913f-936aff0d1566@group-2C0FEEE55AE1-LeaderElection1203] INFO  impl.LeaderElection (LogUtils.java:infoOrTrace(149)) - 696df33b-59a0-4145-913f-936aff0d1566@group-2C0FEEE55AE1-LeaderElection1203 got exception when requesting votes: {}
java.util.concurrent.ExecutionException: org.apache.ratis.thirdparty.io.grpc.StatusRuntimeException: UNAVAILABLE: io exception
	at java.util.concurrent.FutureTask.report(FutureTask.java:122)
	at java.util.concurrent.FutureTask.get(FutureTask.java:192)
	at org.apache.ratis.server.impl.LeaderElection.waitForResults(LeaderElection.java:259)
	at org.apache.ratis.server.impl.LeaderElection.askForVotes(LeaderElection.java:197)
	at org.apache.ratis.server.impl.LeaderElection.run(LeaderElection.java:133)
	at java.lang.Thread.run(Thread.java:748)
Caused by: org.apache.ratis.thirdparty.io.grpc.StatusRuntimeException: UNAVAILABLE: io exception
	at org.apache.ratis.thirdparty.io.grpc.stub.ClientCalls.toStatusRuntimeException(ClientCalls.java:233)
	at org.apache.ratis.thirdparty.io.grpc.stub.ClientCalls.getUnchecked(ClientCalls.java:214)
	at org.apache.ratis.thirdparty.io.grpc.stub.ClientCalls.blockingUnaryCall(ClientCalls.java:139)
	at org.apache.ratis.proto.grpc.RaftServerProtocolServiceGrpc$RaftServerProtocolServiceBlockingStub.requestVote(RaftServerProtocolServiceGrpc.java:265)
	at org.apache.ratis.grpc.server.GrpcServerProtocolClient.requestVote(GrpcServerProtocolClient.java:99)
	at org.apache.ratis.grpc.server.GrpcService.requestVote(GrpcService.java:204)
	at org.apache.ratis.server.impl.LeaderElection.lambda$submitRequests$1(LeaderElection.java:234)
	at java.util.concurrent.FutureTask.run(FutureTask.java:266)
	at java.util.concurrent.Executors$RunnableAdapter.call(Executors.java:511)
	at java.util.concurrent.FutureTask.run(FutureTask.java:266)
	at java.util.concurrent.ThreadPoolExecutor.runWorker(ThreadPoolExecutor.java:1149)
	at java.util.concurrent.ThreadPoolExecutor$Worker.run(ThreadPoolExecutor.java:624)
	... 1 more
Caused by: org.apache.ratis.thirdparty.io.netty.channel.AbstractChannel$AnnotatedConnectException: Connection refused: /192.168.157.211:38722
	at sun.nio.ch.SocketChannelImpl.checkConnect(Native Method)
	at sun.nio.ch.SocketChannelImpl.finishConnect(SocketChannelImpl.java:717)
	at org.apache.ratis.thirdparty.io.netty.channel.socket.nio.NioSocketChannel.doFinishConnect(NioSocketChannel.java:327)
	at org.apache.ratis.thirdparty.io.netty.channel.nio.AbstractNioChannel$AbstractNioUnsafe.finishConnect(AbstractNioChannel.java:340)
	at org.apache.ratis.thirdparty.io.netty.channel.nio.NioEventLoop.processSelectedKey(NioEventLoop.java:632)
	at org.apache.ratis.thirdparty.io.netty.channel.nio.NioEventLoop.processSelectedKeysOptimized(NioEventLoop.java:579)
	at org.apache.ratis.thirdparty.io.netty.channel.nio.NioEventLoop.processSelectedKeys(NioEventLoop.java:496)
	at org.apache.ratis.thirdparty.io.netty.channel.nio.NioEventLoop.run(NioEventLoop.java:458)
	at org.apache.ratis.thirdparty.io.netty.util.concurrent.SingleThreadEventExecutor$5.run(SingleThreadEventExecutor.java:897)
	at org.apache.ratis.thirdparty.io.netty.util.concurrent.FastThreadLocalRunnable.run(FastThreadLocalRunnable.java:30)
	... 1 more
Caused by: java.net.ConnectException: Connection refused
	... 11 more
2019-10-17 07:09:44,881 [grpc-default-executor-5] INFO  impl.RaftServerImpl (RaftServerImpl.java:setRole(184)) - 805254cc-2da6-48d8-a2f9-c1a3ceceab4a@group-2C0FEEE55AE1: changes role from  FOLLOWER to FOLLOWER at term 133 for recognizeCandidate:696df33b-59a0-4145-913f-936aff0d1566
2019-10-17 07:09:44,882 [grpc-default-executor-5] INFO  impl.RoleInfo (RoleInfo.java:shutdownFollowerState(121)) - 805254cc-2da6-48d8-a2f9-c1a3ceceab4a: shutdown FollowerState
2019-10-17 07:09:44,882 [grpc-default-executor-5] INFO  impl.RoleInfo (RoleInfo.java:updateAndGet(143)) - 805254cc-2da6-48d8-a2f9-c1a3ceceab4a: start FollowerState
2019-10-17 07:09:44,882 [Thread-10618] INFO  impl.FollowerState (FollowerState.java:run(117)) - 805254cc-2da6-48d8-a2f9-c1a3ceceab4a@group-2C0FEEE55AE1-FollowerState was interrupted: java.lang.InterruptedException: sleep interrupted
2019-10-17 07:09:44,896 [696df33b-59a0-4145-913f-936aff0d1566@group-2C0FEEE55AE1-LeaderElection1203] INFO  impl.LeaderElection (LeaderElection.java:logAndReturn(56)) - 696df33b-59a0-4145-913f-936aff0d1566@group-2C0FEEE55AE1-LeaderElection1203: Election REJECTED; received 1 response(s) [696df33b-59a0-4145-913f-936aff0d1566<-805254cc-2da6-48d8-a2f9-c1a3ceceab4a#0:FAIL-t133] and 1 exception(s); 696df33b-59a0-4145-913f-936aff0d1566@group-2C0FEEE55AE1:t133, leader=null, voted=696df33b-59a0-4145-913f-936aff0d1566, raftlog=696df33b-59a0-4145-913f-936aff0d1566@group-2C0FEEE55AE1-SegmentedRaftLog:OPENED:c-1,f-1,i0, conf=-1: [f3ee4219-89bb-47f2-bbe0-5f784575b745:192.168.157.211:38722, 805254cc-2da6-48d8-a2f9-c1a3ceceab4a:192.168.157.211:35407, 696df33b-59a0-4145-913f-936aff0d1566:192.168.157.211:38803], old=null
2019-10-17 07:09:44,896 [696df33b-59a0-4145-913f-936aff0d1566@group-2C0FEEE55AE1-LeaderElection1203] INFO  impl.LeaderElection (LogUtils.java:infoOrTrace(149)) -   Exception 0: {}
java.util.concurrent.ExecutionException: org.apache.ratis.thirdparty.io.grpc.StatusRuntimeException: UNAVAILABLE: io exception
	at java.util.concurrent.FutureTask.report(FutureTask.java:122)
	at java.util.concurrent.FutureTask.get(FutureTask.java:192)
	at org.apache.ratis.server.impl.LeaderElection.waitForResults(LeaderElection.java:259)
	at org.apache.ratis.server.impl.LeaderElection.askForVotes(LeaderElection.java:197)
	at org.apache.ratis.server.impl.LeaderElection.run(LeaderElection.java:133)
	at java.lang.Thread.run(Thread.java:748)
Caused by: org.apache.ratis.thirdparty.io.grpc.StatusRuntimeException: UNAVAILABLE: io exception
	at org.apache.ratis.thirdparty.io.grpc.stub.ClientCalls.toStatusRuntimeException(ClientCalls.java:233)
	at org.apache.ratis.thirdparty.io.grpc.stub.ClientCalls.getUnchecked(ClientCalls.java:214)
	at org.apache.ratis.thirdparty.io.grpc.stub.ClientCalls.blockingUnaryCall(ClientCalls.java:139)
	at org.apache.ratis.proto.grpc.RaftServerProtocolServiceGrpc$RaftServerProtocolServiceBlockingStub.requestVote(RaftServerProtocolServiceGrpc.java:265)
	at org.apache.ratis.grpc.server.GrpcServerProtocolClient.requestVote(GrpcServerProtocolClient.java:99)
	at org.apache.ratis.grpc.server.GrpcService.requestVote(GrpcService.java:204)
	at org.apache.ratis.server.impl.LeaderElection.lambda$submitRequests$1(LeaderElection.java:234)
	at java.util.concurrent.FutureTask.run(FutureTask.java:266)
	at java.util.concurrent.Executors$RunnableAdapter.call(Executors.java:511)
	at java.util.concurrent.FutureTask.run(FutureTask.java:266)
	at java.util.concurrent.ThreadPoolExecutor.runWorker(ThreadPoolExecutor.java:1149)
	at java.util.concurrent.ThreadPoolExecutor$Worker.run(ThreadPoolExecutor.java:624)
	... 1 more
Caused by: org.apache.ratis.thirdparty.io.netty.channel.AbstractChannel$AnnotatedConnectException: Connection refused: /192.168.157.211:38722
	at sun.nio.ch.SocketChannelImpl.checkConnect(Native Method)
	at sun.nio.ch.SocketChannelImpl.finishConnect(SocketChannelImpl.java:717)
	at org.apache.ratis.thirdparty.io.netty.channel.socket.nio.NioSocketChannel.doFinishConnect(NioSocketChannel.java:327)
	at org.apache.ratis.thirdparty.io.netty.channel.nio.AbstractNioChannel$AbstractNioUnsafe.finishConnect(AbstractNioChannel.java:340)
	at org.apache.ratis.thirdparty.io.netty.channel.nio.NioEventLoop.processSelectedKey(NioEventLoop.java:632)
	at org.apache.ratis.thirdparty.io.netty.channel.nio.NioEventLoop.processSelectedKeysOptimized(NioEventLoop.java:579)
	at org.apache.ratis.thirdparty.io.netty.channel.nio.NioEventLoop.processSelectedKeys(NioEventLoop.java:496)
	at org.apache.ratis.thirdparty.io.netty.channel.nio.NioEventLoop.run(NioEventLoop.java:458)
	at org.apache.ratis.thirdparty.io.netty.util.concurrent.SingleThreadEventExecutor$5.run(SingleThreadEventExecutor.java:897)
	at org.apache.ratis.thirdparty.io.netty.util.concurrent.FastThreadLocalRunnable.run(FastThreadLocalRunnable.java:30)
	... 1 more
Caused by: java.net.ConnectException: Connection refused
	... 11 more
2019-10-17 07:09:44,897 [696df33b-59a0-4145-913f-936aff0d1566@group-2C0FEEE55AE1-LeaderElection1203] INFO  impl.RaftServerImpl (RaftServerImpl.java:setRole(184)) - 696df33b-59a0-4145-913f-936aff0d1566@group-2C0FEEE55AE1: changes role from CANDIDATE to FOLLOWER at term 133 for DISCOVERED_A_NEW_TERM
2019-10-17 07:09:44,897 [696df33b-59a0-4145-913f-936aff0d1566@group-2C0FEEE55AE1-LeaderElection1203] INFO  impl.RoleInfo (RoleInfo.java:shutdownLeaderElection(134)) - 696df33b-59a0-4145-913f-936aff0d1566: shutdown LeaderElection
2019-10-17 07:09:44,897 [696df33b-59a0-4145-913f-936aff0d1566@group-2C0FEEE55AE1-LeaderElection1203] INFO  impl.RoleInfo (RoleInfo.java:updateAndGet(143)) - 696df33b-59a0-4145-913f-936aff0d1566: start FollowerState
2019-10-17 07:09:44,899 [Thread-10624] INFO  impl.FollowerState (FollowerState.java:run(108)) - 696df33b-59a0-4145-913f-936aff0d1566@group-2C0FEEE55AE1-FollowerState: change to CANDIDATE, lastRpcTime:2ms, electionTimeout:2ms
2019-10-17 07:09:44,899 [Thread-10624] INFO  impl.RoleInfo (RoleInfo.java:shutdownFollowerState(121)) - 696df33b-59a0-4145-913f-936aff0d1566: shutdown FollowerState
2019-10-17 07:09:44,899 [Thread-10624] INFO  impl.RaftServerImpl (RaftServerImpl.java:setRole(184)) - 696df33b-59a0-4145-913f-936aff0d1566@group-2C0FEEE55AE1: changes role from  FOLLOWER to CANDIDATE at term 133 for changeToCandidate
2019-10-17 07:09:44,899 [Thread-10624] INFO  impl.RoleInfo (RoleInfo.java:updateAndGet(143)) - 696df33b-59a0-4145-913f-936aff0d1566: start LeaderElection
2019-10-17 07:09:44,915 [696df33b-59a0-4145-913f-936aff0d1566@group-2C0FEEE55AE1-LeaderElection1204] INFO  impl.LeaderElection (LeaderElection.java:askForVotes(178)) - 696df33b-59a0-4145-913f-936aff0d1566@group-2C0FEEE55AE1-LeaderElection1204: begin an election at term 134 for -1: [f3ee4219-89bb-47f2-bbe0-5f784575b745:192.168.157.211:38722, 805254cc-2da6-48d8-a2f9-c1a3ceceab4a:192.168.157.211:35407, 696df33b-59a0-4145-913f-936aff0d1566:192.168.157.211:38803], old=null
2019-10-17 07:09:44,916 [696df33b-59a0-4145-913f-936aff0d1566@group-2C0FEEE55AE1-LeaderElection1204] INFO  impl.LeaderElection (LogUtils.java:infoOrTrace(149)) - 696df33b-59a0-4145-913f-936aff0d1566@group-2C0FEEE55AE1-LeaderElection1204 got exception when requesting votes: {}
java.util.concurrent.ExecutionException: org.apache.ratis.thirdparty.io.grpc.StatusRuntimeException: UNAVAILABLE: io exception
	at java.util.concurrent.FutureTask.report(FutureTask.java:122)
	at java.util.concurrent.FutureTask.get(FutureTask.java:192)
	at org.apache.ratis.server.impl.LeaderElection.waitForResults(LeaderElection.java:259)
	at org.apache.ratis.server.impl.LeaderElection.askForVotes(LeaderElection.java:197)
	at org.apache.ratis.server.impl.LeaderElection.run(LeaderElection.java:133)
	at java.lang.Thread.run(Thread.java:748)
Caused by: org.apache.ratis.thirdparty.io.grpc.StatusRuntimeException: UNAVAILABLE: io exception
	at org.apache.ratis.thirdparty.io.grpc.stub.ClientCalls.toStatusRuntimeException(ClientCalls.java:233)
	at org.apache.ratis.thirdparty.io.grpc.stub.ClientCalls.getUnchecked(ClientCalls.java:214)
	at org.apache.ratis.thirdparty.io.grpc.stub.ClientCalls.blockingUnaryCall(ClientCalls.java:139)
	at org.apache.ratis.proto.grpc.RaftServerProtocolServiceGrpc$RaftServerProtocolServiceBlockingStub.requestVote(RaftServerProtocolServiceGrpc.java:265)
	at org.apache.ratis.grpc.server.GrpcServerProtocolClient.requestVote(GrpcServerProtocolClient.java:99)
	at org.apache.ratis.grpc.server.GrpcService.requestVote(GrpcService.java:204)
	at org.apache.ratis.server.impl.LeaderElection.lambda$submitRequests$1(LeaderElection.java:234)
	at java.util.concurrent.FutureTask.run(FutureTask.java:266)
	at java.util.concurrent.Executors$RunnableAdapter.call(Executors.java:511)
	at java.util.concurrent.FutureTask.run(FutureTask.java:266)
	at java.util.concurrent.ThreadPoolExecutor.runWorker(ThreadPoolExecutor.java:1149)
	at java.util.concurrent.ThreadPoolExecutor$Worker.run(ThreadPoolExecutor.java:624)
	... 1 more
Caused by: org.apache.ratis.thirdparty.io.netty.channel.AbstractChannel$AnnotatedConnectException: Connection refused: /192.168.157.211:38722
	at sun.nio.ch.SocketChannelImpl.checkConnect(Native Method)
	at sun.nio.ch.SocketChannelImpl.finishConnect(SocketChannelImpl.java:717)
	at org.apache.ratis.thirdparty.io.netty.channel.socket.nio.NioSocketChannel.doFinishConnect(NioSocketChannel.java:327)
	at org.apache.ratis.thirdparty.io.netty.channel.nio.AbstractNioChannel$AbstractNioUnsafe.finishConnect(AbstractNioChannel.java:340)
	at org.apache.ratis.thirdparty.io.netty.channel.nio.NioEventLoop.processSelectedKey(NioEventLoop.java:632)
	at org.apache.ratis.thirdparty.io.netty.channel.nio.NioEventLoop.processSelectedKeysOptimized(NioEventLoop.java:579)
	at org.apache.ratis.thirdparty.io.netty.channel.nio.NioEventLoop.processSelectedKeys(NioEventLoop.java:496)
	at org.apache.ratis.thirdparty.io.netty.channel.nio.NioEventLoop.run(NioEventLoop.java:458)
	at org.apache.ratis.thirdparty.io.netty.util.concurrent.SingleThreadEventExecutor$5.run(SingleThreadEventExecutor.java:897)
	at org.apache.ratis.thirdparty.io.netty.util.concurrent.FastThreadLocalRunnable.run(FastThreadLocalRunnable.java:30)
	... 1 more
Caused by: java.net.ConnectException: Connection refused
	... 11 more
2019-10-17 07:09:44,916 [grpc-default-executor-5] INFO  impl.RaftServerImpl (RaftServerImpl.java:setRole(184)) - 805254cc-2da6-48d8-a2f9-c1a3ceceab4a@group-2C0FEEE55AE1: changes role from  FOLLOWER to FOLLOWER at term 134 for recognizeCandidate:696df33b-59a0-4145-913f-936aff0d1566
2019-10-17 07:09:44,916 [grpc-default-executor-5] INFO  impl.RoleInfo (RoleInfo.java:shutdownFollowerState(121)) - 805254cc-2da6-48d8-a2f9-c1a3ceceab4a: shutdown FollowerState
2019-10-17 07:09:44,917 [grpc-default-executor-5] INFO  impl.RoleInfo (RoleInfo.java:updateAndGet(143)) - 805254cc-2da6-48d8-a2f9-c1a3ceceab4a: start FollowerState
2019-10-17 07:09:44,917 [Thread-10623] INFO  impl.FollowerState (FollowerState.java:run(117)) - 805254cc-2da6-48d8-a2f9-c1a3ceceab4a@group-2C0FEEE55AE1-FollowerState was interrupted: java.lang.InterruptedException: sleep interrupted
2019-10-17 07:09:44,922 [696df33b-59a0-4145-913f-936aff0d1566@group-2C0FEEE55AE1-LeaderElection1204] INFO  impl.LeaderElection (LeaderElection.java:logAndReturn(56)) - 696df33b-59a0-4145-913f-936aff0d1566@group-2C0FEEE55AE1-LeaderElection1204: Election REJECTED; received 1 response(s) [696df33b-59a0-4145-913f-936aff0d1566<-805254cc-2da6-48d8-a2f9-c1a3ceceab4a#0:FAIL-t134] and 1 exception(s); 696df33b-59a0-4145-913f-936aff0d1566@group-2C0FEEE55AE1:t134, leader=null, voted=696df33b-59a0-4145-913f-936aff0d1566, raftlog=696df33b-59a0-4145-913f-936aff0d1566@group-2C0FEEE55AE1-SegmentedRaftLog:OPENED:c-1,f-1,i0, conf=-1: [f3ee4219-89bb-47f2-bbe0-5f784575b745:192.168.157.211:38722, 805254cc-2da6-48d8-a2f9-c1a3ceceab4a:192.168.157.211:35407, 696df33b-59a0-4145-913f-936aff0d1566:192.168.157.211:38803], old=null
2019-10-17 07:09:44,923 [696df33b-59a0-4145-913f-936aff0d1566@group-2C0FEEE55AE1-LeaderElection1204] INFO  impl.LeaderElection (LogUtils.java:infoOrTrace(149)) -   Exception 0: {}
java.util.concurrent.ExecutionException: org.apache.ratis.thirdparty.io.grpc.StatusRuntimeException: UNAVAILABLE: io exception
	at java.util.concurrent.FutureTask.report(FutureTask.java:122)
	at java.util.concurrent.FutureTask.get(FutureTask.java:192)
	at org.apache.ratis.server.impl.LeaderElection.waitForResults(LeaderElection.java:259)
	at org.apache.ratis.server.impl.LeaderElection.askForVotes(LeaderElection.java:197)
	at org.apache.ratis.server.impl.LeaderElection.run(LeaderElection.java:133)
	at java.lang.Thread.run(Thread.java:748)
Caused by: org.apache.ratis.thirdparty.io.grpc.StatusRuntimeException: UNAVAILABLE: io exception
	at org.apache.ratis.thirdparty.io.grpc.stub.ClientCalls.toStatusRuntimeException(ClientCalls.java:233)
	at org.apache.ratis.thirdparty.io.grpc.stub.ClientCalls.getUnchecked(ClientCalls.java:214)
	at org.apache.ratis.thirdparty.io.grpc.stub.ClientCalls.blockingUnaryCall(ClientCalls.java:139)
	at org.apache.ratis.proto.grpc.RaftServerProtocolServiceGrpc$RaftServerProtocolServiceBlockingStub.requestVote(RaftServerProtocolServiceGrpc.java:265)
	at org.apache.ratis.grpc.server.GrpcServerProtocolClient.requestVote(GrpcServerProtocolClient.java:99)
	at org.apache.ratis.grpc.server.GrpcService.requestVote(GrpcService.java:204)
	at org.apache.ratis.server.impl.LeaderElection.lambda$submitRequests$1(LeaderElection.java:234)
	at java.util.concurrent.FutureTask.run(FutureTask.java:266)
	at java.util.concurrent.Executors$RunnableAdapter.call(Executors.java:511)
	at java.util.concurrent.FutureTask.run(FutureTask.java:266)
	at java.util.concurrent.ThreadPoolExecutor.runWorker(ThreadPoolExecutor.java:1149)
	at java.util.concurrent.ThreadPoolExecutor$Worker.run(ThreadPoolExecutor.java:624)
	... 1 more
Caused by: org.apache.ratis.thirdparty.io.netty.channel.AbstractChannel$AnnotatedConnectException: Connection refused: /192.168.157.211:38722
	at sun.nio.ch.SocketChannelImpl.checkConnect(Native Method)
	at sun.nio.ch.SocketChannelImpl.finishConnect(SocketChannelImpl.java:717)
	at org.apache.ratis.thirdparty.io.netty.channel.socket.nio.NioSocketChannel.doFinishConnect(NioSocketChannel.java:327)
	at org.apache.ratis.thirdparty.io.netty.channel.nio.AbstractNioChannel$AbstractNioUnsafe.finishConnect(AbstractNioChannel.java:340)
	at org.apache.ratis.thirdparty.io.netty.channel.nio.NioEventLoop.processSelectedKey(NioEventLoop.java:632)
	at org.apache.ratis.thirdparty.io.netty.channel.nio.NioEventLoop.processSelectedKeysOptimized(NioEventLoop.java:579)
	at org.apache.ratis.thirdparty.io.netty.channel.nio.NioEventLoop.processSelectedKeys(NioEventLoop.java:496)
	at org.apache.ratis.thirdparty.io.netty.channel.nio.NioEventLoop.run(NioEventLoop.java:458)
	at org.apache.ratis.thirdparty.io.netty.util.concurrent.SingleThreadEventExecutor$5.run(SingleThreadEventExecutor.java:897)
	at org.apache.ratis.thirdparty.io.netty.util.concurrent.FastThreadLocalRunnable.run(FastThreadLocalRunnable.java:30)
	... 1 more
Caused by: java.net.ConnectException: Connection refused
	... 11 more
2019-10-17 07:09:44,923 [696df33b-59a0-4145-913f-936aff0d1566@group-2C0FEEE55AE1-LeaderElection1204] INFO  impl.RaftServerImpl (RaftServerImpl.java:setRole(184)) - 696df33b-59a0-4145-913f-936aff0d1566@group-2C0FEEE55AE1: changes role from CANDIDATE to FOLLOWER at term 134 for DISCOVERED_A_NEW_TERM
2019-10-17 07:09:44,923 [696df33b-59a0-4145-913f-936aff0d1566@group-2C0FEEE55AE1-LeaderElection1204] INFO  impl.RoleInfo (RoleInfo.java:shutdownLeaderElection(134)) - 696df33b-59a0-4145-913f-936aff0d1566: shutdown LeaderElection
2019-10-17 07:09:44,923 [696df33b-59a0-4145-913f-936aff0d1566@group-2C0FEEE55AE1-LeaderElection1204] INFO  impl.RoleInfo (RoleInfo.java:updateAndGet(143)) - 696df33b-59a0-4145-913f-936aff0d1566: start FollowerState
2019-10-17 07:09:45,039 [Thread-10629] INFO  impl.FollowerState (FollowerState.java:run(108)) - 696df33b-59a0-4145-913f-936aff0d1566@group-2C0FEEE55AE1-FollowerState: change to CANDIDATE, lastRpcTime:116ms, electionTimeout:116ms
2019-10-17 07:09:45,039 [Thread-10629] INFO  impl.RoleInfo (RoleInfo.java:shutdownFollowerState(121)) - 696df33b-59a0-4145-913f-936aff0d1566: shutdown FollowerState
2019-10-17 07:09:45,039 [Thread-10629] INFO  impl.RaftServerImpl (RaftServerImpl.java:setRole(184)) - 696df33b-59a0-4145-913f-936aff0d1566@group-2C0FEEE55AE1: changes role from  FOLLOWER to CANDIDATE at term 134 for changeToCandidate
2019-10-17 07:09:45,040 [Thread-10629] INFO  impl.RoleInfo (RoleInfo.java:updateAndGet(143)) - 696df33b-59a0-4145-913f-936aff0d1566: start LeaderElection
2019-10-17 07:09:45,053 [696df33b-59a0-4145-913f-936aff0d1566@group-2C0FEEE55AE1-LeaderElection1205] INFO  impl.LeaderElection (LeaderElection.java:askForVotes(178)) - 696df33b-59a0-4145-913f-936aff0d1566@group-2C0FEEE55AE1-LeaderElection1205: begin an election at term 135 for -1: [f3ee4219-89bb-47f2-bbe0-5f784575b745:192.168.157.211:38722, 805254cc-2da6-48d8-a2f9-c1a3ceceab4a:192.168.157.211:35407, 696df33b-59a0-4145-913f-936aff0d1566:192.168.157.211:38803], old=null
2019-10-17 07:09:45,054 [696df33b-59a0-4145-913f-936aff0d1566@group-2C0FEEE55AE1-LeaderElection1205] INFO  impl.LeaderElection (LogUtils.java:infoOrTrace(149)) - 696df33b-59a0-4145-913f-936aff0d1566@group-2C0FEEE55AE1-LeaderElection1205 got exception when requesting votes: {}
java.util.concurrent.ExecutionException: org.apache.ratis.thirdparty.io.grpc.StatusRuntimeException: UNAVAILABLE: io exception
	at java.util.concurrent.FutureTask.report(FutureTask.java:122)
	at java.util.concurrent.FutureTask.get(FutureTask.java:192)
	at org.apache.ratis.server.impl.LeaderElection.waitForResults(LeaderElection.java:259)
	at org.apache.ratis.server.impl.LeaderElection.askForVotes(LeaderElection.java:197)
	at org.apache.ratis.server.impl.LeaderElection.run(LeaderElection.java:133)
	at java.lang.Thread.run(Thread.java:748)
Caused by: org.apache.ratis.thirdparty.io.grpc.StatusRuntimeException: UNAVAILABLE: io exception
	at org.apache.ratis.thirdparty.io.grpc.stub.ClientCalls.toStatusRuntimeException(ClientCalls.java:233)
	at org.apache.ratis.thirdparty.io.grpc.stub.ClientCalls.getUnchecked(ClientCalls.java:214)
	at org.apache.ratis.thirdparty.io.grpc.stub.ClientCalls.blockingUnaryCall(ClientCalls.java:139)
	at org.apache.ratis.proto.grpc.RaftServerProtocolServiceGrpc$RaftServerProtocolServiceBlockingStub.requestVote(RaftServerProtocolServiceGrpc.java:265)
	at org.apache.ratis.grpc.server.GrpcServerProtocolClient.requestVote(GrpcServerProtocolClient.java:99)
	at org.apache.ratis.grpc.server.GrpcService.requestVote(GrpcService.java:204)
	at org.apache.ratis.server.impl.LeaderElection.lambda$submitRequests$1(LeaderElection.java:234)
	at java.util.concurrent.FutureTask.run(FutureTask.java:266)
	at java.util.concurrent.Executors$RunnableAdapter.call(Executors.java:511)
	at java.util.concurrent.FutureTask.run(FutureTask.java:266)
	at java.util.concurrent.ThreadPoolExecutor.runWorker(ThreadPoolExecutor.java:1149)
	at java.util.concurrent.ThreadPoolExecutor$Worker.run(ThreadPoolExecutor.java:624)
	... 1 more
Caused by: org.apache.ratis.thirdparty.io.netty.channel.AbstractChannel$AnnotatedConnectException: Connection refused: /192.168.157.211:38722
	at sun.nio.ch.SocketChannelImpl.checkConnect(Native Method)
	at sun.nio.ch.SocketChannelImpl.finishConnect(SocketChannelImpl.java:717)
	at org.apache.ratis.thirdparty.io.netty.channel.socket.nio.NioSocketChannel.doFinishConnect(NioSocketChannel.java:327)
	at org.apache.ratis.thirdparty.io.netty.channel.nio.AbstractNioChannel$AbstractNioUnsafe.finishConnect(AbstractNioChannel.java:340)
	at org.apache.ratis.thirdparty.io.netty.channel.nio.NioEventLoop.processSelectedKey(NioEventLoop.java:632)
	at org.apache.ratis.thirdparty.io.netty.channel.nio.NioEventLoop.processSelectedKeysOptimized(NioEventLoop.java:579)
	at org.apache.ratis.thirdparty.io.netty.channel.nio.NioEventLoop.processSelectedKeys(NioEventLoop.java:496)
	at org.apache.ratis.thirdparty.io.netty.channel.nio.NioEventLoop.run(NioEventLoop.java:458)
	at org.apache.ratis.thirdparty.io.netty.util.concurrent.SingleThreadEventExecutor$5.run(SingleThreadEventExecutor.java:897)
	at org.apache.ratis.thirdparty.io.netty.util.concurrent.FastThreadLocalRunnable.run(FastThreadLocalRunnable.java:30)
	... 1 more
Caused by: java.net.ConnectException: Connection refused
	... 11 more
2019-10-17 07:09:45,054 [grpc-default-executor-5] INFO  impl.RaftServerImpl (RaftServerImpl.java:setRole(184)) - 805254cc-2da6-48d8-a2f9-c1a3ceceab4a@group-2C0FEEE55AE1: changes role from  FOLLOWER to FOLLOWER at term 135 for recognizeCandidate:696df33b-59a0-4145-913f-936aff0d1566
2019-10-17 07:09:45,054 [grpc-default-executor-5] INFO  impl.RoleInfo (RoleInfo.java:shutdownFollowerState(121)) - 805254cc-2da6-48d8-a2f9-c1a3ceceab4a: shutdown FollowerState
2019-10-17 07:09:45,054 [grpc-default-executor-5] INFO  impl.RoleInfo (RoleInfo.java:updateAndGet(143)) - 805254cc-2da6-48d8-a2f9-c1a3ceceab4a: start FollowerState
2019-10-17 07:09:45,055 [Thread-10628] INFO  impl.FollowerState (FollowerState.java:run(117)) - 805254cc-2da6-48d8-a2f9-c1a3ceceab4a@group-2C0FEEE55AE1-FollowerState was interrupted: java.lang.InterruptedException: sleep interrupted
2019-10-17 07:09:45,068 [696df33b-59a0-4145-913f-936aff0d1566@group-2C0FEEE55AE1-LeaderElection1205] INFO  impl.LeaderElection (LeaderElection.java:logAndReturn(56)) - 696df33b-59a0-4145-913f-936aff0d1566@group-2C0FEEE55AE1-LeaderElection1205: Election REJECTED; received 1 response(s) [696df33b-59a0-4145-913f-936aff0d1566<-805254cc-2da6-48d8-a2f9-c1a3ceceab4a#0:FAIL-t135] and 1 exception(s); 696df33b-59a0-4145-913f-936aff0d1566@group-2C0FEEE55AE1:t135, leader=null, voted=696df33b-59a0-4145-913f-936aff0d1566, raftlog=696df33b-59a0-4145-913f-936aff0d1566@group-2C0FEEE55AE1-SegmentedRaftLog:OPENED:c-1,f-1,i0, conf=-1: [f3ee4219-89bb-47f2-bbe0-5f784575b745:192.168.157.211:38722, 805254cc-2da6-48d8-a2f9-c1a3ceceab4a:192.168.157.211:35407, 696df33b-59a0-4145-913f-936aff0d1566:192.168.157.211:38803], old=null
2019-10-17 07:09:45,068 [696df33b-59a0-4145-913f-936aff0d1566@group-2C0FEEE55AE1-LeaderElection1205] INFO  impl.LeaderElection (LogUtils.java:infoOrTrace(149)) -   Exception 0: {}
java.util.concurrent.ExecutionException: org.apache.ratis.thirdparty.io.grpc.StatusRuntimeException: UNAVAILABLE: io exception
	at java.util.concurrent.FutureTask.report(FutureTask.java:122)
	at java.util.concurrent.FutureTask.get(FutureTask.java:192)
	at org.apache.ratis.server.impl.LeaderElection.waitForResults(LeaderElection.java:259)
	at org.apache.ratis.server.impl.LeaderElection.askForVotes(LeaderElection.java:197)
	at org.apache.ratis.server.impl.LeaderElection.run(LeaderElection.java:133)
	at java.lang.Thread.run(Thread.java:748)
Caused by: org.apache.ratis.thirdparty.io.grpc.StatusRuntimeException: UNAVAILABLE: io exception
	at org.apache.ratis.thirdparty.io.grpc.stub.ClientCalls.toStatusRuntimeException(ClientCalls.java:233)
	at org.apache.ratis.thirdparty.io.grpc.stub.ClientCalls.getUnchecked(ClientCalls.java:214)
	at org.apache.ratis.thirdparty.io.grpc.stub.ClientCalls.blockingUnaryCall(ClientCalls.java:139)
	at org.apache.ratis.proto.grpc.RaftServerProtocolServiceGrpc$RaftServerProtocolServiceBlockingStub.requestVote(RaftServerProtocolServiceGrpc.java:265)
	at org.apache.ratis.grpc.server.GrpcServerProtocolClient.requestVote(GrpcServerProtocolClient.java:99)
	at org.apache.ratis.grpc.server.GrpcService.requestVote(GrpcService.java:204)
	at org.apache.ratis.server.impl.LeaderElection.lambda$submitRequests$1(LeaderElection.java:234)
	at java.util.concurrent.FutureTask.run(FutureTask.java:266)
	at java.util.concurrent.Executors$RunnableAdapter.call(Executors.java:511)
	at java.util.concurrent.FutureTask.run(FutureTask.java:266)
	at java.util.concurrent.ThreadPoolExecutor.runWorker(ThreadPoolExecutor.java:1149)
	at java.util.concurrent.ThreadPoolExecutor$Worker.run(ThreadPoolExecutor.java:624)
	... 1 more
Caused by: org.apache.ratis.thirdparty.io.netty.channel.AbstractChannel$AnnotatedConnectException: Connection refused: /192.168.157.211:38722
	at sun.nio.ch.SocketChannelImpl.checkConnect(Native Method)
	at sun.nio.ch.SocketChannelImpl.finishConnect(SocketChannelImpl.java:717)
	at org.apache.ratis.thirdparty.io.netty.channel.socket.nio.NioSocketChannel.doFinishConnect(NioSocketChannel.java:327)
	at org.apache.ratis.thirdparty.io.netty.channel.nio.AbstractNioChannel$AbstractNioUnsafe.finishConnect(AbstractNioChannel.java:340)
	at org.apache.ratis.thirdparty.io.netty.channel.nio.NioEventLoop.processSelectedKey(NioEventLoop.java:632)
	at org.apache.ratis.thirdparty.io.netty.channel.nio.NioEventLoop.processSelectedKeysOptimized(NioEventLoop.java:579)
	at org.apache.ratis.thirdparty.io.netty.channel.nio.NioEventLoop.processSelectedKeys(NioEventLoop.java:496)
	at org.apache.ratis.thirdparty.io.netty.channel.nio.NioEventLoop.run(NioEventLoop.java:458)
	at org.apache.ratis.thirdparty.io.netty.util.concurrent.SingleThreadEventExecutor$5.run(SingleThreadEventExecutor.java:897)
	at org.apache.ratis.thirdparty.io.netty.util.concurrent.FastThreadLocalRunnable.run(FastThreadLocalRunnable.java:30)
	... 1 more
Caused by: java.net.ConnectException: Connection refused
	... 11 more
2019-10-17 07:09:45,068 [696df33b-59a0-4145-913f-936aff0d1566@group-2C0FEEE55AE1-LeaderElection1205] INFO  impl.RaftServerImpl (RaftServerImpl.java:setRole(184)) - 696df33b-59a0-4145-913f-936aff0d1566@group-2C0FEEE55AE1: changes role from CANDIDATE to FOLLOWER at term 135 for DISCOVERED_A_NEW_TERM
2019-10-17 07:09:45,068 [696df33b-59a0-4145-913f-936aff0d1566@group-2C0FEEE55AE1-LeaderElection1205] INFO  impl.RoleInfo (RoleInfo.java:shutdownLeaderElection(134)) - 696df33b-59a0-4145-913f-936aff0d1566: shutdown LeaderElection
2019-10-17 07:09:45,068 [696df33b-59a0-4145-913f-936aff0d1566@group-2C0FEEE55AE1-LeaderElection1205] INFO  impl.RoleInfo (RoleInfo.java:updateAndGet(143)) - 696df33b-59a0-4145-913f-936aff0d1566: start FollowerState
2019-10-17 07:09:45,112 [Thread-10638] INFO  impl.FollowerState (FollowerState.java:run(108)) - 696df33b-59a0-4145-913f-936aff0d1566@group-2C0FEEE55AE1-FollowerState: change to CANDIDATE, lastRpcTime:43ms, electionTimeout:43ms
2019-10-17 07:09:45,112 [Thread-10638] INFO  impl.RoleInfo (RoleInfo.java:shutdownFollowerState(121)) - 696df33b-59a0-4145-913f-936aff0d1566: shutdown FollowerState
2019-10-17 07:09:45,112 [Thread-10638] INFO  impl.RaftServerImpl (RaftServerImpl.java:setRole(184)) - 696df33b-59a0-4145-913f-936aff0d1566@group-2C0FEEE55AE1: changes role from  FOLLOWER to CANDIDATE at term 135 for changeToCandidate
2019-10-17 07:09:45,112 [Thread-10638] INFO  impl.RoleInfo (RoleInfo.java:updateAndGet(143)) - 696df33b-59a0-4145-913f-936aff0d1566: start LeaderElection
2019-10-17 07:09:45,125 [696df33b-59a0-4145-913f-936aff0d1566@group-2C0FEEE55AE1-LeaderElection1206] INFO  impl.LeaderElection (LeaderElection.java:askForVotes(178)) - 696df33b-59a0-4145-913f-936aff0d1566@group-2C0FEEE55AE1-LeaderElection1206: begin an election at term 136 for -1: [f3ee4219-89bb-47f2-bbe0-5f784575b745:192.168.157.211:38722, 805254cc-2da6-48d8-a2f9-c1a3ceceab4a:192.168.157.211:35407, 696df33b-59a0-4145-913f-936aff0d1566:192.168.157.211:38803], old=null
2019-10-17 07:09:45,126 [696df33b-59a0-4145-913f-936aff0d1566@group-2C0FEEE55AE1-LeaderElection1206] INFO  impl.LeaderElection (LogUtils.java:infoOrTrace(149)) - 696df33b-59a0-4145-913f-936aff0d1566@group-2C0FEEE55AE1-LeaderElection1206 got exception when requesting votes: {}
java.util.concurrent.ExecutionException: org.apache.ratis.thirdparty.io.grpc.StatusRuntimeException: UNAVAILABLE: io exception
	at java.util.concurrent.FutureTask.report(FutureTask.java:122)
	at java.util.concurrent.FutureTask.get(FutureTask.java:192)
	at org.apache.ratis.server.impl.LeaderElection.waitForResults(LeaderElection.java:259)
	at org.apache.ratis.server.impl.LeaderElection.askForVotes(LeaderElection.java:197)
	at org.apache.ratis.server.impl.LeaderElection.run(LeaderElection.java:133)
	at java.lang.Thread.run(Thread.java:748)
Caused by: org.apache.ratis.thirdparty.io.grpc.StatusRuntimeException: UNAVAILABLE: io exception
	at org.apache.ratis.thirdparty.io.grpc.stub.ClientCalls.toStatusRuntimeException(ClientCalls.java:233)
	at org.apache.ratis.thirdparty.io.grpc.stub.ClientCalls.getUnchecked(ClientCalls.java:214)
	at org.apache.ratis.thirdparty.io.grpc.stub.ClientCalls.blockingUnaryCall(ClientCalls.java:139)
	at org.apache.ratis.proto.grpc.RaftServerProtocolServiceGrpc$RaftServerProtocolServiceBlockingStub.requestVote(RaftServerProtocolServiceGrpc.java:265)
	at org.apache.ratis.grpc.server.GrpcServerProtocolClient.requestVote(GrpcServerProtocolClient.java:99)
	at org.apache.ratis.grpc.server.GrpcService.requestVote(GrpcService.java:204)
	at org.apache.ratis.server.impl.LeaderElection.lambda$submitRequests$1(LeaderElection.java:234)
	at java.util.concurrent.FutureTask.run(FutureTask.java:266)
	at java.util.concurrent.Executors$RunnableAdapter.call(Executors.java:511)
	at java.util.concurrent.FutureTask.run(FutureTask.java:266)
	at java.util.concurrent.ThreadPoolExecutor.runWorker(ThreadPoolExecutor.java:1149)
	at java.util.concurrent.ThreadPoolExecutor$Worker.run(ThreadPoolExecutor.java:624)
	... 1 more
Caused by: org.apache.ratis.thirdparty.io.netty.channel.AbstractChannel$AnnotatedConnectException: Connection refused: /192.168.157.211:38722
	at sun.nio.ch.SocketChannelImpl.checkConnect(Native Method)
	at sun.nio.ch.SocketChannelImpl.finishConnect(SocketChannelImpl.java:717)
	at org.apache.ratis.thirdparty.io.netty.channel.socket.nio.NioSocketChannel.doFinishConnect(NioSocketChannel.java:327)
	at org.apache.ratis.thirdparty.io.netty.channel.nio.AbstractNioChannel$AbstractNioUnsafe.finishConnect(AbstractNioChannel.java:340)
	at org.apache.ratis.thirdparty.io.netty.channel.nio.NioEventLoop.processSelectedKey(NioEventLoop.java:632)
	at org.apache.ratis.thirdparty.io.netty.channel.nio.NioEventLoop.processSelectedKeysOptimized(NioEventLoop.java:579)
	at org.apache.ratis.thirdparty.io.netty.channel.nio.NioEventLoop.processSelectedKeys(NioEventLoop.java:496)
	at org.apache.ratis.thirdparty.io.netty.channel.nio.NioEventLoop.run(NioEventLoop.java:458)
	at org.apache.ratis.thirdparty.io.netty.util.concurrent.SingleThreadEventExecutor$5.run(SingleThreadEventExecutor.java:897)
	at org.apache.ratis.thirdparty.io.netty.util.concurrent.FastThreadLocalRunnable.run(FastThreadLocalRunnable.java:30)
	... 1 more
Caused by: java.net.ConnectException: Connection refused
	... 11 more
2019-10-17 07:09:45,127 [grpc-default-executor-5] INFO  impl.RaftServerImpl (RaftServerImpl.java:setRole(184)) - 805254cc-2da6-48d8-a2f9-c1a3ceceab4a@group-2C0FEEE55AE1: changes role from  FOLLOWER to FOLLOWER at term 136 for recognizeCandidate:696df33b-59a0-4145-913f-936aff0d1566
2019-10-17 07:09:45,127 [grpc-default-executor-5] INFO  impl.RoleInfo (RoleInfo.java:shutdownFollowerState(121)) - 805254cc-2da6-48d8-a2f9-c1a3ceceab4a: shutdown FollowerState
2019-10-17 07:09:45,127 [grpc-default-executor-5] INFO  impl.RoleInfo (RoleInfo.java:updateAndGet(143)) - 805254cc-2da6-48d8-a2f9-c1a3ceceab4a: start FollowerState
2019-10-17 07:09:45,127 [Thread-10635] INFO  impl.FollowerState (FollowerState.java:run(117)) - 805254cc-2da6-48d8-a2f9-c1a3ceceab4a@group-2C0FEEE55AE1-FollowerState was interrupted: java.lang.InterruptedException: sleep interrupted
2019-10-17 07:09:45,140 [696df33b-59a0-4145-913f-936aff0d1566@group-2C0FEEE55AE1-LeaderElection1206] INFO  impl.LeaderElection (LeaderElection.java:logAndReturn(56)) - 696df33b-59a0-4145-913f-936aff0d1566@group-2C0FEEE55AE1-LeaderElection1206: Election TIMEOUT; received 0 response(s) [] and 1 exception(s); 696df33b-59a0-4145-913f-936aff0d1566@group-2C0FEEE55AE1:t136, leader=null, voted=696df33b-59a0-4145-913f-936aff0d1566, raftlog=696df33b-59a0-4145-913f-936aff0d1566@group-2C0FEEE55AE1-SegmentedRaftLog:OPENED:c-1,f-1,i0, conf=-1: [f3ee4219-89bb-47f2-bbe0-5f784575b745:192.168.157.211:38722, 805254cc-2da6-48d8-a2f9-c1a3ceceab4a:192.168.157.211:35407, 696df33b-59a0-4145-913f-936aff0d1566:192.168.157.211:38803], old=null
2019-10-17 07:09:45,140 [696df33b-59a0-4145-913f-936aff0d1566@group-2C0FEEE55AE1-LeaderElection1206] INFO  impl.LeaderElection (LogUtils.java:infoOrTrace(149)) -   Exception 0: {}
java.util.concurrent.ExecutionException: org.apache.ratis.thirdparty.io.grpc.StatusRuntimeException: UNAVAILABLE: io exception
	at java.util.concurrent.FutureTask.report(FutureTask.java:122)
	at java.util.concurrent.FutureTask.get(FutureTask.java:192)
	at org.apache.ratis.server.impl.LeaderElection.waitForResults(LeaderElection.java:259)
	at org.apache.ratis.server.impl.LeaderElection.askForVotes(LeaderElection.java:197)
	at org.apache.ratis.server.impl.LeaderElection.run(LeaderElection.java:133)
	at java.lang.Thread.run(Thread.java:748)
Caused by: org.apache.ratis.thirdparty.io.grpc.StatusRuntimeException: UNAVAILABLE: io exception
	at org.apache.ratis.thirdparty.io.grpc.stub.ClientCalls.toStatusRuntimeException(ClientCalls.java:233)
	at org.apache.ratis.thirdparty.io.grpc.stub.ClientCalls.getUnchecked(ClientCalls.java:214)
	at org.apache.ratis.thirdparty.io.grpc.stub.ClientCalls.blockingUnaryCall(ClientCalls.java:139)
	at org.apache.ratis.proto.grpc.RaftServerProtocolServiceGrpc$RaftServerProtocolServiceBlockingStub.requestVote(RaftServerProtocolServiceGrpc.java:265)
	at org.apache.ratis.grpc.server.GrpcServerProtocolClient.requestVote(GrpcServerProtocolClient.java:99)
	at org.apache.ratis.grpc.server.GrpcService.requestVote(GrpcService.java:204)
	at org.apache.ratis.server.impl.LeaderElection.lambda$submitRequests$1(LeaderElection.java:234)
	at java.util.concurrent.FutureTask.run(FutureTask.java:266)
	at java.util.concurrent.Executors$RunnableAdapter.call(Executors.java:511)
	at java.util.concurrent.FutureTask.run(FutureTask.java:266)
	at java.util.concurrent.ThreadPoolExecutor.runWorker(ThreadPoolExecutor.java:1149)
	at java.util.concurrent.ThreadPoolExecutor$Worker.run(ThreadPoolExecutor.java:624)
	... 1 more
Caused by: org.apache.ratis.thirdparty.io.netty.channel.AbstractChannel$AnnotatedConnectException: Connection refused: /192.168.157.211:38722
	at sun.nio.ch.SocketChannelImpl.checkConnect(Native Method)
	at sun.nio.ch.SocketChannelImpl.finishConnect(SocketChannelImpl.java:717)
	at org.apache.ratis.thirdparty.io.netty.channel.socket.nio.NioSocketChannel.doFinishConnect(NioSocketChannel.java:327)
	at org.apache.ratis.thirdparty.io.netty.channel.nio.AbstractNioChannel$AbstractNioUnsafe.finishConnect(AbstractNioChannel.java:340)
	at org.apache.ratis.thirdparty.io.netty.channel.nio.NioEventLoop.processSelectedKey(NioEventLoop.java:632)
	at org.apache.ratis.thirdparty.io.netty.channel.nio.NioEventLoop.processSelectedKeysOptimized(NioEventLoop.java:579)
	at org.apache.ratis.thirdparty.io.netty.channel.nio.NioEventLoop.processSelectedKeys(NioEventLoop.java:496)
	at org.apache.ratis.thirdparty.io.netty.channel.nio.NioEventLoop.run(NioEventLoop.java:458)
	at org.apache.ratis.thirdparty.io.netty.util.concurrent.SingleThreadEventExecutor$5.run(SingleThreadEventExecutor.java:897)
	at org.apache.ratis.thirdparty.io.netty.util.concurrent.FastThreadLocalRunnable.run(FastThreadLocalRunnable.java:30)
	... 1 more
Caused by: java.net.ConnectException: Connection refused
	... 11 more
2019-10-17 07:09:45,153 [696df33b-59a0-4145-913f-936aff0d1566@group-2C0FEEE55AE1-LeaderElection1206] INFO  impl.LeaderElection (LeaderElection.java:askForVotes(178)) - 696df33b-59a0-4145-913f-936aff0d1566@group-2C0FEEE55AE1-LeaderElection1206: begin an election at term 137 for -1: [f3ee4219-89bb-47f2-bbe0-5f784575b745:192.168.157.211:38722, 805254cc-2da6-48d8-a2f9-c1a3ceceab4a:192.168.157.211:35407, 696df33b-59a0-4145-913f-936aff0d1566:192.168.157.211:38803], old=null
2019-10-17 07:09:45,153 [696df33b-59a0-4145-913f-936aff0d1566@group-2C0FEEE55AE1-LeaderElection1206] INFO  impl.LeaderElection (LogUtils.java:infoOrTrace(149)) - 696df33b-59a0-4145-913f-936aff0d1566@group-2C0FEEE55AE1-LeaderElection1206 got exception when requesting votes: {}
java.util.concurrent.ExecutionException: org.apache.ratis.thirdparty.io.grpc.StatusRuntimeException: UNAVAILABLE: io exception
	at java.util.concurrent.FutureTask.report(FutureTask.java:122)
	at java.util.concurrent.FutureTask.get(FutureTask.java:192)
	at org.apache.ratis.server.impl.LeaderElection.waitForResults(LeaderElection.java:259)
	at org.apache.ratis.server.impl.LeaderElection.askForVotes(LeaderElection.java:197)
	at org.apache.ratis.server.impl.LeaderElection.run(LeaderElection.java:133)
	at java.lang.Thread.run(Thread.java:748)
Caused by: org.apache.ratis.thirdparty.io.grpc.StatusRuntimeException: UNAVAILABLE: io exception
	at org.apache.ratis.thirdparty.io.grpc.stub.ClientCalls.toStatusRuntimeException(ClientCalls.java:233)
	at org.apache.ratis.thirdparty.io.grpc.stub.ClientCalls.getUnchecked(ClientCalls.java:214)
	at org.apache.ratis.thirdparty.io.grpc.stub.ClientCalls.blockingUnaryCall(ClientCalls.java:139)
	at org.apache.ratis.proto.grpc.RaftServerProtocolServiceGrpc$RaftServerProtocolServiceBlockingStub.requestVote(RaftServerProtocolServiceGrpc.java:265)
	at org.apache.ratis.grpc.server.GrpcServerProtocolClient.requestVote(GrpcServerProtocolClient.java:99)
	at org.apache.ratis.grpc.server.GrpcService.requestVote(GrpcService.java:204)
	at org.apache.ratis.server.impl.LeaderElection.lambda$submitRequests$1(LeaderElection.java:234)
	at java.util.concurrent.FutureTask.run(FutureTask.java:266)
	at java.util.concurrent.Executors$RunnableAdapter.call(Executors.java:511)
	at java.util.concurrent.FutureTask.run(FutureTask.java:266)
	at java.util.concurrent.ThreadPoolExecutor.runWorker(ThreadPoolExecutor.java:1149)
	at java.util.concurrent.ThreadPoolExecutor$Worker.run(ThreadPoolExecutor.java:624)
	... 1 more
Caused by: org.apache.ratis.thirdparty.io.netty.channel.AbstractChannel$AnnotatedConnectException: Connection refused: /192.168.157.211:38722
	at sun.nio.ch.SocketChannelImpl.checkConnect(Native Method)
	at sun.nio.ch.SocketChannelImpl.finishConnect(SocketChannelImpl.java:717)
	at org.apache.ratis.thirdparty.io.netty.channel.socket.nio.NioSocketChannel.doFinishConnect(NioSocketChannel.java:327)
	at org.apache.ratis.thirdparty.io.netty.channel.nio.AbstractNioChannel$AbstractNioUnsafe.finishConnect(AbstractNioChannel.java:340)
	at org.apache.ratis.thirdparty.io.netty.channel.nio.NioEventLoop.processSelectedKey(NioEventLoop.java:632)
	at org.apache.ratis.thirdparty.io.netty.channel.nio.NioEventLoop.processSelectedKeysOptimized(NioEventLoop.java:579)
	at org.apache.ratis.thirdparty.io.netty.channel.nio.NioEventLoop.processSelectedKeys(NioEventLoop.java:496)
	at org.apache.ratis.thirdparty.io.netty.channel.nio.NioEventLoop.run(NioEventLoop.java:458)
	at org.apache.ratis.thirdparty.io.netty.util.concurrent.SingleThreadEventExecutor$5.run(SingleThreadEventExecutor.java:897)
	at org.apache.ratis.thirdparty.io.netty.util.concurrent.FastThreadLocalRunnable.run(FastThreadLocalRunnable.java:30)
	... 1 more
Caused by: java.net.ConnectException: Connection refused
	... 11 more
2019-10-17 07:09:45,154 [grpc-default-executor-5] INFO  impl.RaftServerImpl (RaftServerImpl.java:setRole(184)) - 805254cc-2da6-48d8-a2f9-c1a3ceceab4a@group-2C0FEEE55AE1: changes role from  FOLLOWER to FOLLOWER at term 137 for recognizeCandidate:696df33b-59a0-4145-913f-936aff0d1566
2019-10-17 07:09:45,154 [grpc-default-executor-5] INFO  impl.RoleInfo (RoleInfo.java:shutdownFollowerState(121)) - 805254cc-2da6-48d8-a2f9-c1a3ceceab4a: shutdown FollowerState
2019-10-17 07:09:45,154 [grpc-default-executor-5] INFO  impl.RoleInfo (RoleInfo.java:updateAndGet(143)) - 805254cc-2da6-48d8-a2f9-c1a3ceceab4a: start FollowerState
2019-10-17 07:09:45,154 [Thread-10642] INFO  impl.FollowerState (FollowerState.java:run(117)) - 805254cc-2da6-48d8-a2f9-c1a3ceceab4a@group-2C0FEEE55AE1-FollowerState was interrupted: java.lang.InterruptedException: sleep interrupted
2019-10-17 07:09:45,170 [696df33b-59a0-4145-913f-936aff0d1566@group-2C0FEEE55AE1-LeaderElection1206] INFO  impl.LeaderElection (LeaderElection.java:logAndReturn(56)) - 696df33b-59a0-4145-913f-936aff0d1566@group-2C0FEEE55AE1-LeaderElection1206: Election REJECTED; received 1 response(s) [696df33b-59a0-4145-913f-936aff0d1566<-805254cc-2da6-48d8-a2f9-c1a3ceceab4a#0:FAIL-t137] and 1 exception(s); 696df33b-59a0-4145-913f-936aff0d1566@group-2C0FEEE55AE1:t137, leader=null, voted=696df33b-59a0-4145-913f-936aff0d1566, raftlog=696df33b-59a0-4145-913f-936aff0d1566@group-2C0FEEE55AE1-SegmentedRaftLog:OPENED:c-1,f-1,i0, conf=-1: [f3ee4219-89bb-47f2-bbe0-5f784575b745:192.168.157.211:38722, 805254cc-2da6-48d8-a2f9-c1a3ceceab4a:192.168.157.211:35407, 696df33b-59a0-4145-913f-936aff0d1566:192.168.157.211:38803], old=null
2019-10-17 07:09:45,170 [696df33b-59a0-4145-913f-936aff0d1566@group-2C0FEEE55AE1-LeaderElection1206] INFO  impl.LeaderElection (LogUtils.java:infoOrTrace(149)) -   Exception 0: {}
java.util.concurrent.ExecutionException: org.apache.ratis.thirdparty.io.grpc.StatusRuntimeException: UNAVAILABLE: io exception
	at java.util.concurrent.FutureTask.report(FutureTask.java:122)
	at java.util.concurrent.FutureTask.get(FutureTask.java:192)
	at org.apache.ratis.server.impl.LeaderElection.waitForResults(LeaderElection.java:259)
	at org.apache.ratis.server.impl.LeaderElection.askForVotes(LeaderElection.java:197)
	at org.apache.ratis.server.impl.LeaderElection.run(LeaderElection.java:133)
	at java.lang.Thread.run(Thread.java:748)
Caused by: org.apache.ratis.thirdparty.io.grpc.StatusRuntimeException: UNAVAILABLE: io exception
	at org.apache.ratis.thirdparty.io.grpc.stub.ClientCalls.toStatusRuntimeException(ClientCalls.java:233)
	at org.apache.ratis.thirdparty.io.grpc.stub.ClientCalls.getUnchecked(ClientCalls.java:214)
	at org.apache.ratis.thirdparty.io.grpc.stub.ClientCalls.blockingUnaryCall(ClientCalls.java:139)
	at org.apache.ratis.proto.grpc.RaftServerProtocolServiceGrpc$RaftServerProtocolServiceBlockingStub.requestVote(RaftServerProtocolServiceGrpc.java:265)
	at org.apache.ratis.grpc.server.GrpcServerProtocolClient.requestVote(GrpcServerProtocolClient.java:99)
	at org.apache.ratis.grpc.server.GrpcService.requestVote(GrpcService.java:204)
	at org.apache.ratis.server.impl.LeaderElection.lambda$submitRequests$1(LeaderElection.java:234)
	at java.util.concurrent.FutureTask.run(FutureTask.java:266)
	at java.util.concurrent.Executors$RunnableAdapter.call(Executors.java:511)
	at java.util.concurrent.FutureTask.run(FutureTask.java:266)
	at java.util.concurrent.ThreadPoolExecutor.runWorker(ThreadPoolExecutor.java:1149)
	at java.util.concurrent.ThreadPoolExecutor$Worker.run(ThreadPoolExecutor.java:624)
	... 1 more
Caused by: org.apache.ratis.thirdparty.io.netty.channel.AbstractChannel$AnnotatedConnectException: Connection refused: /192.168.157.211:38722
	at sun.nio.ch.SocketChannelImpl.checkConnect(Native Method)
	at sun.nio.ch.SocketChannelImpl.finishConnect(SocketChannelImpl.java:717)
	at org.apache.ratis.thirdparty.io.netty.channel.socket.nio.NioSocketChannel.doFinishConnect(NioSocketChannel.java:327)
	at org.apache.ratis.thirdparty.io.netty.channel.nio.AbstractNioChannel$AbstractNioUnsafe.finishConnect(AbstractNioChannel.java:340)
	at org.apache.ratis.thirdparty.io.netty.channel.nio.NioEventLoop.processSelectedKey(NioEventLoop.java:632)
	at org.apache.ratis.thirdparty.io.netty.channel.nio.NioEventLoop.processSelectedKeysOptimized(NioEventLoop.java:579)
	at org.apache.ratis.thirdparty.io.netty.channel.nio.NioEventLoop.processSelectedKeys(NioEventLoop.java:496)
	at org.apache.ratis.thirdparty.io.netty.channel.nio.NioEventLoop.run(NioEventLoop.java:458)
	at org.apache.ratis.thirdparty.io.netty.util.concurrent.SingleThreadEventExecutor$5.run(SingleThreadEventExecutor.java:897)
	at org.apache.ratis.thirdparty.io.netty.util.concurrent.FastThreadLocalRunnable.run(FastThreadLocalRunnable.java:30)
	... 1 more
Caused by: java.net.ConnectException: Connection refused
	... 11 more
2019-10-17 07:09:45,171 [696df33b-59a0-4145-913f-936aff0d1566@group-2C0FEEE55AE1-LeaderElection1206] INFO  impl.RaftServerImpl (RaftServerImpl.java:setRole(184)) - 696df33b-59a0-4145-913f-936aff0d1566@group-2C0FEEE55AE1: changes role from CANDIDATE to FOLLOWER at term 137 for DISCOVERED_A_NEW_TERM
2019-10-17 07:09:45,171 [696df33b-59a0-4145-913f-936aff0d1566@group-2C0FEEE55AE1-LeaderElection1206] INFO  impl.RoleInfo (RoleInfo.java:shutdownLeaderElection(134)) - 696df33b-59a0-4145-913f-936aff0d1566: shutdown LeaderElection
2019-10-17 07:09:45,171 [696df33b-59a0-4145-913f-936aff0d1566@group-2C0FEEE55AE1-LeaderElection1206] INFO  impl.RoleInfo (RoleInfo.java:updateAndGet(143)) - 696df33b-59a0-4145-913f-936aff0d1566: start FollowerState
2019-10-17 07:09:45,209 [Thread-10646] INFO  impl.FollowerState (FollowerState.java:run(108)) - 696df33b-59a0-4145-913f-936aff0d1566@group-2C0FEEE55AE1-FollowerState: change to CANDIDATE, lastRpcTime:38ms, electionTimeout:38ms
2019-10-17 07:09:45,209 [Thread-10646] INFO  impl.RoleInfo (RoleInfo.java:shutdownFollowerState(121)) - 696df33b-59a0-4145-913f-936aff0d1566: shutdown FollowerState
2019-10-17 07:09:45,209 [Thread-10646] INFO  impl.RaftServerImpl (RaftServerImpl.java:setRole(184)) - 696df33b-59a0-4145-913f-936aff0d1566@group-2C0FEEE55AE1: changes role from  FOLLOWER to CANDIDATE at term 137 for changeToCandidate
2019-10-17 07:09:45,209 [Thread-10646] INFO  impl.RoleInfo (RoleInfo.java:updateAndGet(143)) - 696df33b-59a0-4145-913f-936aff0d1566: start LeaderElection
2019-10-17 07:09:45,223 [696df33b-59a0-4145-913f-936aff0d1566@group-2C0FEEE55AE1-LeaderElection1207] INFO  impl.LeaderElection (LeaderElection.java:askForVotes(178)) - 696df33b-59a0-4145-913f-936aff0d1566@group-2C0FEEE55AE1-LeaderElection1207: begin an election at term 138 for -1: [f3ee4219-89bb-47f2-bbe0-5f784575b745:192.168.157.211:38722, 805254cc-2da6-48d8-a2f9-c1a3ceceab4a:192.168.157.211:35407, 696df33b-59a0-4145-913f-936aff0d1566:192.168.157.211:38803], old=null
2019-10-17 07:09:45,224 [696df33b-59a0-4145-913f-936aff0d1566@group-2C0FEEE55AE1-LeaderElection1207] INFO  impl.LeaderElection (LogUtils.java:infoOrTrace(149)) - 696df33b-59a0-4145-913f-936aff0d1566@group-2C0FEEE55AE1-LeaderElection1207 got exception when requesting votes: {}
java.util.concurrent.ExecutionException: org.apache.ratis.thirdparty.io.grpc.StatusRuntimeException: UNAVAILABLE: io exception
	at java.util.concurrent.FutureTask.report(FutureTask.java:122)
	at java.util.concurrent.FutureTask.get(FutureTask.java:192)
	at org.apache.ratis.server.impl.LeaderElection.waitForResults(LeaderElection.java:259)
	at org.apache.ratis.server.impl.LeaderElection.askForVotes(LeaderElection.java:197)
	at org.apache.ratis.server.impl.LeaderElection.run(LeaderElection.java:133)
	at java.lang.Thread.run(Thread.java:748)
Caused by: org.apache.ratis.thirdparty.io.grpc.StatusRuntimeException: UNAVAILABLE: io exception
	at org.apache.ratis.thirdparty.io.grpc.stub.ClientCalls.toStatusRuntimeException(ClientCalls.java:233)
	at org.apache.ratis.thirdparty.io.grpc.stub.ClientCalls.getUnchecked(ClientCalls.java:214)
	at org.apache.ratis.thirdparty.io.grpc.stub.ClientCalls.blockingUnaryCall(ClientCalls.java:139)
	at org.apache.ratis.proto.grpc.RaftServerProtocolServiceGrpc$RaftServerProtocolServiceBlockingStub.requestVote(RaftServerProtocolServiceGrpc.java:265)
	at org.apache.ratis.grpc.server.GrpcServerProtocolClient.requestVote(GrpcServerProtocolClient.java:99)
	at org.apache.ratis.grpc.server.GrpcService.requestVote(GrpcService.java:204)
	at org.apache.ratis.server.impl.LeaderElection.lambda$submitRequests$1(LeaderElection.java:234)
	at java.util.concurrent.FutureTask.run(FutureTask.java:266)
	at java.util.concurrent.Executors$RunnableAdapter.call(Executors.java:511)
	at java.util.concurrent.FutureTask.run(FutureTask.java:266)
	at java.util.concurrent.ThreadPoolExecutor.runWorker(ThreadPoolExecutor.java:1149)
	at java.util.concurrent.ThreadPoolExecutor$Worker.run(ThreadPoolExecutor.java:624)
	... 1 more
Caused by: org.apache.ratis.thirdparty.io.netty.channel.AbstractChannel$AnnotatedConnectException: Connection refused: /192.168.157.211:38722
	at sun.nio.ch.SocketChannelImpl.checkConnect(Native Method)
	at sun.nio.ch.SocketChannelImpl.finishConnect(SocketChannelImpl.java:717)
	at org.apache.ratis.thirdparty.io.netty.channel.socket.nio.NioSocketChannel.doFinishConnect(NioSocketChannel.java:327)
	at org.apache.ratis.thirdparty.io.netty.channel.nio.AbstractNioChannel$AbstractNioUnsafe.finishConnect(AbstractNioChannel.java:340)
	at org.apache.ratis.thirdparty.io.netty.channel.nio.NioEventLoop.processSelectedKey(NioEventLoop.java:632)
	at org.apache.ratis.thirdparty.io.netty.channel.nio.NioEventLoop.processSelectedKeysOptimized(NioEventLoop.java:579)
	at org.apache.ratis.thirdparty.io.netty.channel.nio.NioEventLoop.processSelectedKeys(NioEventLoop.java:496)
	at org.apache.ratis.thirdparty.io.netty.channel.nio.NioEventLoop.run(NioEventLoop.java:458)
	at org.apache.ratis.thirdparty.io.netty.util.concurrent.SingleThreadEventExecutor$5.run(SingleThreadEventExecutor.java:897)
	at org.apache.ratis.thirdparty.io.netty.util.concurrent.FastThreadLocalRunnable.run(FastThreadLocalRunnable.java:30)
	... 1 more
Caused by: java.net.ConnectException: Connection refused
	... 11 more
2019-10-17 07:09:45,224 [grpc-default-executor-5] INFO  impl.RaftServerImpl (RaftServerImpl.java:setRole(184)) - 805254cc-2da6-48d8-a2f9-c1a3ceceab4a@group-2C0FEEE55AE1: changes role from  FOLLOWER to FOLLOWER at term 138 for recognizeCandidate:696df33b-59a0-4145-913f-936aff0d1566
2019-10-17 07:09:45,224 [grpc-default-executor-5] INFO  impl.RoleInfo (RoleInfo.java:shutdownFollowerState(121)) - 805254cc-2da6-48d8-a2f9-c1a3ceceab4a: shutdown FollowerState
2019-10-17 07:09:45,224 [grpc-default-executor-5] INFO  impl.RoleInfo (RoleInfo.java:updateAndGet(143)) - 805254cc-2da6-48d8-a2f9-c1a3ceceab4a: start FollowerState
2019-10-17 07:09:45,224 [Thread-10645] INFO  impl.FollowerState (FollowerState.java:run(117)) - 805254cc-2da6-48d8-a2f9-c1a3ceceab4a@group-2C0FEEE55AE1-FollowerState was interrupted: java.lang.InterruptedException: sleep interrupted
2019-10-17 07:09:45,239 [696df33b-59a0-4145-913f-936aff0d1566@group-2C0FEEE55AE1-LeaderElection1207] INFO  impl.LeaderElection (LeaderElection.java:logAndReturn(56)) - 696df33b-59a0-4145-913f-936aff0d1566@group-2C0FEEE55AE1-LeaderElection1207: Election REJECTED; received 1 response(s) [696df33b-59a0-4145-913f-936aff0d1566<-805254cc-2da6-48d8-a2f9-c1a3ceceab4a#0:FAIL-t138] and 1 exception(s); 696df33b-59a0-4145-913f-936aff0d1566@group-2C0FEEE55AE1:t138, leader=null, voted=696df33b-59a0-4145-913f-936aff0d1566, raftlog=696df33b-59a0-4145-913f-936aff0d1566@group-2C0FEEE55AE1-SegmentedRaftLog:OPENED:c-1,f-1,i0, conf=-1: [f3ee4219-89bb-47f2-bbe0-5f784575b745:192.168.157.211:38722, 805254cc-2da6-48d8-a2f9-c1a3ceceab4a:192.168.157.211:35407, 696df33b-59a0-4145-913f-936aff0d1566:192.168.157.211:38803], old=null
2019-10-17 07:09:45,239 [696df33b-59a0-4145-913f-936aff0d1566@group-2C0FEEE55AE1-LeaderElection1207] INFO  impl.LeaderElection (LogUtils.java:infoOrTrace(149)) -   Exception 0: {}
java.util.concurrent.ExecutionException: org.apache.ratis.thirdparty.io.grpc.StatusRuntimeException: UNAVAILABLE: io exception
	at java.util.concurrent.FutureTask.report(FutureTask.java:122)
	at java.util.concurrent.FutureTask.get(FutureTask.java:192)
	at org.apache.ratis.server.impl.LeaderElection.waitForResults(LeaderElection.java:259)
	at org.apache.ratis.server.impl.LeaderElection.askForVotes(LeaderElection.java:197)
	at org.apache.ratis.server.impl.LeaderElection.run(LeaderElection.java:133)
	at java.lang.Thread.run(Thread.java:748)
Caused by: org.apache.ratis.thirdparty.io.grpc.StatusRuntimeException: UNAVAILABLE: io exception
	at org.apache.ratis.thirdparty.io.grpc.stub.ClientCalls.toStatusRuntimeException(ClientCalls.java:233)
	at org.apache.ratis.thirdparty.io.grpc.stub.ClientCalls.getUnchecked(ClientCalls.java:214)
	at org.apache.ratis.thirdparty.io.grpc.stub.ClientCalls.blockingUnaryCall(ClientCalls.java:139)
	at org.apache.ratis.proto.grpc.RaftServerProtocolServiceGrpc$RaftServerProtocolServiceBlockingStub.requestVote(RaftServerProtocolServiceGrpc.java:265)
	at org.apache.ratis.grpc.server.GrpcServerProtocolClient.requestVote(GrpcServerProtocolClient.java:99)
	at org.apache.ratis.grpc.server.GrpcService.requestVote(GrpcService.java:204)
	at org.apache.ratis.server.impl.LeaderElection.lambda$submitRequests$1(LeaderElection.java:234)
	at java.util.concurrent.FutureTask.run(FutureTask.java:266)
	at java.util.concurrent.Executors$RunnableAdapter.call(Executors.java:511)
	at java.util.concurrent.FutureTask.run(FutureTask.java:266)
	at java.util.concurrent.ThreadPoolExecutor.runWorker(ThreadPoolExecutor.java:1149)
	at java.util.concurrent.ThreadPoolExecutor$Worker.run(ThreadPoolExecutor.java:624)
	... 1 more
Caused by: org.apache.ratis.thirdparty.io.netty.channel.AbstractChannel$AnnotatedConnectException: Connection refused: /192.168.157.211:38722
	at sun.nio.ch.SocketChannelImpl.checkConnect(Native Method)
	at sun.nio.ch.SocketChannelImpl.finishConnect(SocketChannelImpl.java:717)
	at org.apache.ratis.thirdparty.io.netty.channel.socket.nio.NioSocketChannel.doFinishConnect(NioSocketChannel.java:327)
	at org.apache.ratis.thirdparty.io.netty.channel.nio.AbstractNioChannel$AbstractNioUnsafe.finishConnect(AbstractNioChannel.java:340)
	at org.apache.ratis.thirdparty.io.netty.channel.nio.NioEventLoop.processSelectedKey(NioEventLoop.java:632)
	at org.apache.ratis.thirdparty.io.netty.channel.nio.NioEventLoop.processSelectedKeysOptimized(NioEventLoop.java:579)
	at org.apache.ratis.thirdparty.io.netty.channel.nio.NioEventLoop.processSelectedKeys(NioEventLoop.java:496)
	at org.apache.ratis.thirdparty.io.netty.channel.nio.NioEventLoop.run(NioEventLoop.java:458)
	at org.apache.ratis.thirdparty.io.netty.util.concurrent.SingleThreadEventExecutor$5.run(SingleThreadEventExecutor.java:897)
	at org.apache.ratis.thirdparty.io.netty.util.concurrent.FastThreadLocalRunnable.run(FastThreadLocalRunnable.java:30)
	... 1 more
Caused by: java.net.ConnectException: Connection refused
	... 11 more
2019-10-17 07:09:45,240 [696df33b-59a0-4145-913f-936aff0d1566@group-2C0FEEE55AE1-LeaderElection1207] INFO  impl.RaftServerImpl (RaftServerImpl.java:setRole(184)) - 696df33b-59a0-4145-913f-936aff0d1566@group-2C0FEEE55AE1: changes role from CANDIDATE to FOLLOWER at term 138 for DISCOVERED_A_NEW_TERM
2019-10-17 07:09:45,240 [696df33b-59a0-4145-913f-936aff0d1566@group-2C0FEEE55AE1-LeaderElection1207] INFO  impl.RoleInfo (RoleInfo.java:shutdownLeaderElection(134)) - 696df33b-59a0-4145-913f-936aff0d1566: shutdown LeaderElection
2019-10-17 07:09:45,240 [696df33b-59a0-4145-913f-936aff0d1566@group-2C0FEEE55AE1-LeaderElection1207] INFO  impl.RoleInfo (RoleInfo.java:updateAndGet(143)) - 696df33b-59a0-4145-913f-936aff0d1566: start FollowerState
2019-10-17 07:09:45,311 [Thread-10651] INFO  impl.FollowerState (FollowerState.java:run(108)) - 696df33b-59a0-4145-913f-936aff0d1566@group-2C0FEEE55AE1-FollowerState: change to CANDIDATE, lastRpcTime:71ms, electionTimeout:71ms
2019-10-17 07:09:45,311 [Thread-10651] INFO  impl.RoleInfo (RoleInfo.java:shutdownFollowerState(121)) - 696df33b-59a0-4145-913f-936aff0d1566: shutdown FollowerState
2019-10-17 07:09:45,311 [Thread-10651] INFO  impl.RaftServerImpl (RaftServerImpl.java:setRole(184)) - 696df33b-59a0-4145-913f-936aff0d1566@group-2C0FEEE55AE1: changes role from  FOLLOWER to CANDIDATE at term 138 for changeToCandidate
2019-10-17 07:09:45,312 [Thread-10651] INFO  impl.RoleInfo (RoleInfo.java:updateAndGet(143)) - 696df33b-59a0-4145-913f-936aff0d1566: start LeaderElection
2019-10-17 07:09:45,325 [696df33b-59a0-4145-913f-936aff0d1566@group-2C0FEEE55AE1-LeaderElection1208] INFO  impl.LeaderElection (LeaderElection.java:askForVotes(178)) - 696df33b-59a0-4145-913f-936aff0d1566@group-2C0FEEE55AE1-LeaderElection1208: begin an election at term 139 for -1: [f3ee4219-89bb-47f2-bbe0-5f784575b745:192.168.157.211:38722, 805254cc-2da6-48d8-a2f9-c1a3ceceab4a:192.168.157.211:35407, 696df33b-59a0-4145-913f-936aff0d1566:192.168.157.211:38803], old=null
2019-10-17 07:09:45,326 [696df33b-59a0-4145-913f-936aff0d1566@group-2C0FEEE55AE1-LeaderElection1208] INFO  impl.LeaderElection (LogUtils.java:infoOrTrace(149)) - 696df33b-59a0-4145-913f-936aff0d1566@group-2C0FEEE55AE1-LeaderElection1208 got exception when requesting votes: {}
java.util.concurrent.ExecutionException: org.apache.ratis.thirdparty.io.grpc.StatusRuntimeException: UNAVAILABLE: io exception
	at java.util.concurrent.FutureTask.report(FutureTask.java:122)
	at java.util.concurrent.FutureTask.get(FutureTask.java:192)
	at org.apache.ratis.server.impl.LeaderElection.waitForResults(LeaderElection.java:259)
	at org.apache.ratis.server.impl.LeaderElection.askForVotes(LeaderElection.java:197)
	at org.apache.ratis.server.impl.LeaderElection.run(LeaderElection.java:133)
	at java.lang.Thread.run(Thread.java:748)
Caused by: org.apache.ratis.thirdparty.io.grpc.StatusRuntimeException: UNAVAILABLE: io exception
	at org.apache.ratis.thirdparty.io.grpc.stub.ClientCalls.toStatusRuntimeException(ClientCalls.java:233)
	at org.apache.ratis.thirdparty.io.grpc.stub.ClientCalls.getUnchecked(ClientCalls.java:214)
	at org.apache.ratis.thirdparty.io.grpc.stub.ClientCalls.blockingUnaryCall(ClientCalls.java:139)
	at org.apache.ratis.proto.grpc.RaftServerProtocolServiceGrpc$RaftServerProtocolServiceBlockingStub.requestVote(RaftServerProtocolServiceGrpc.java:265)
	at org.apache.ratis.grpc.server.GrpcServerProtocolClient.requestVote(GrpcServerProtocolClient.java:99)
	at org.apache.ratis.grpc.server.GrpcService.requestVote(GrpcService.java:204)
	at org.apache.ratis.server.impl.LeaderElection.lambda$submitRequests$1(LeaderElection.java:234)
	at java.util.concurrent.FutureTask.run(FutureTask.java:266)
	at java.util.concurrent.Executors$RunnableAdapter.call(Executors.java:511)
	at java.util.concurrent.FutureTask.run(FutureTask.java:266)
	at java.util.concurrent.ThreadPoolExecutor.runWorker(ThreadPoolExecutor.java:1149)
	at java.util.concurrent.ThreadPoolExecutor$Worker.run(ThreadPoolExecutor.java:624)
	... 1 more
Caused by: org.apache.ratis.thirdparty.io.netty.channel.AbstractChannel$AnnotatedConnectException: Connection refused: /192.168.157.211:38722
	at sun.nio.ch.SocketChannelImpl.checkConnect(Native Method)
	at sun.nio.ch.SocketChannelImpl.finishConnect(SocketChannelImpl.java:717)
	at org.apache.ratis.thirdparty.io.netty.channel.socket.nio.NioSocketChannel.doFinishConnect(NioSocketChannel.java:327)
	at org.apache.ratis.thirdparty.io.netty.channel.nio.AbstractNioChannel$AbstractNioUnsafe.finishConnect(AbstractNioChannel.java:340)
	at org.apache.ratis.thirdparty.io.netty.channel.nio.NioEventLoop.processSelectedKey(NioEventLoop.java:632)
	at org.apache.ratis.thirdparty.io.netty.channel.nio.NioEventLoop.processSelectedKeysOptimized(NioEventLoop.java:579)
	at org.apache.ratis.thirdparty.io.netty.channel.nio.NioEventLoop.processSelectedKeys(NioEventLoop.java:496)
	at org.apache.ratis.thirdparty.io.netty.channel.nio.NioEventLoop.run(NioEventLoop.java:458)
	at org.apache.ratis.thirdparty.io.netty.util.concurrent.SingleThreadEventExecutor$5.run(SingleThreadEventExecutor.java:897)
	at org.apache.ratis.thirdparty.io.netty.util.concurrent.FastThreadLocalRunnable.run(FastThreadLocalRunnable.java:30)
	... 1 more
Caused by: java.net.ConnectException: Connection refused
	... 11 more
2019-10-17 07:09:45,326 [grpc-default-executor-5] INFO  impl.RaftServerImpl (RaftServerImpl.java:setRole(184)) - 805254cc-2da6-48d8-a2f9-c1a3ceceab4a@group-2C0FEEE55AE1: changes role from  FOLLOWER to FOLLOWER at term 139 for recognizeCandidate:696df33b-59a0-4145-913f-936aff0d1566
2019-10-17 07:09:45,327 [grpc-default-executor-5] INFO  impl.RoleInfo (RoleInfo.java:shutdownFollowerState(121)) - 805254cc-2da6-48d8-a2f9-c1a3ceceab4a: shutdown FollowerState
2019-10-17 07:09:45,327 [grpc-default-executor-5] INFO  impl.RoleInfo (RoleInfo.java:updateAndGet(143)) - 805254cc-2da6-48d8-a2f9-c1a3ceceab4a: start FollowerState
2019-10-17 07:09:45,327 [Thread-10650] INFO  impl.FollowerState (FollowerState.java:run(117)) - 805254cc-2da6-48d8-a2f9-c1a3ceceab4a@group-2C0FEEE55AE1-FollowerState was interrupted: java.lang.InterruptedException: sleep interrupted
2019-10-17 07:09:45,335 [Datanode State Machine Thread - 0] INFO  statemachine.DatanodeStateMachine (DatanodeStateMachine.java:lambda$startDaemon$0(350)) - Ozone container server started.
2019-10-17 07:09:45,342 [696df33b-59a0-4145-913f-936aff0d1566@group-2C0FEEE55AE1-LeaderElection1208] INFO  impl.LeaderElection (LeaderElection.java:logAndReturn(56)) - 696df33b-59a0-4145-913f-936aff0d1566@group-2C0FEEE55AE1-LeaderElection1208: Election REJECTED; received 1 response(s) [696df33b-59a0-4145-913f-936aff0d1566<-805254cc-2da6-48d8-a2f9-c1a3ceceab4a#0:FAIL-t139] and 1 exception(s); 696df33b-59a0-4145-913f-936aff0d1566@group-2C0FEEE55AE1:t139, leader=null, voted=696df33b-59a0-4145-913f-936aff0d1566, raftlog=696df33b-59a0-4145-913f-936aff0d1566@group-2C0FEEE55AE1-SegmentedRaftLog:OPENED:c-1,f-1,i0, conf=-1: [f3ee4219-89bb-47f2-bbe0-5f784575b745:192.168.157.211:38722, 805254cc-2da6-48d8-a2f9-c1a3ceceab4a:192.168.157.211:35407, 696df33b-59a0-4145-913f-936aff0d1566:192.168.157.211:38803], old=null
2019-10-17 07:09:45,342 [696df33b-59a0-4145-913f-936aff0d1566@group-2C0FEEE55AE1-LeaderElection1208] INFO  impl.LeaderElection (LogUtils.java:infoOrTrace(149)) -   Exception 0: {}
java.util.concurrent.ExecutionException: org.apache.ratis.thirdparty.io.grpc.StatusRuntimeException: UNAVAILABLE: io exception
	at java.util.concurrent.FutureTask.report(FutureTask.java:122)
	at java.util.concurrent.FutureTask.get(FutureTask.java:192)
	at org.apache.ratis.server.impl.LeaderElection.waitForResults(LeaderElection.java:259)
	at org.apache.ratis.server.impl.LeaderElection.askForVotes(LeaderElection.java:197)
	at org.apache.ratis.server.impl.LeaderElection.run(LeaderElection.java:133)
	at java.lang.Thread.run(Thread.java:748)
Caused by: org.apache.ratis.thirdparty.io.grpc.StatusRuntimeException: UNAVAILABLE: io exception
	at org.apache.ratis.thirdparty.io.grpc.stub.ClientCalls.toStatusRuntimeException(ClientCalls.java:233)
	at org.apache.ratis.thirdparty.io.grpc.stub.ClientCalls.getUnchecked(ClientCalls.java:214)
	at org.apache.ratis.thirdparty.io.grpc.stub.ClientCalls.blockingUnaryCall(ClientCalls.java:139)
	at org.apache.ratis.proto.grpc.RaftServerProtocolServiceGrpc$RaftServerProtocolServiceBlockingStub.requestVote(RaftServerProtocolServiceGrpc.java:265)
	at org.apache.ratis.grpc.server.GrpcServerProtocolClient.requestVote(GrpcServerProtocolClient.java:99)
	at org.apache.ratis.grpc.server.GrpcService.requestVote(GrpcService.java:204)
	at org.apache.ratis.server.impl.LeaderElection.lambda$submitRequests$1(LeaderElection.java:234)
	at java.util.concurrent.FutureTask.run(FutureTask.java:266)
	at java.util.concurrent.Executors$RunnableAdapter.call(Executors.java:511)
	at java.util.concurrent.FutureTask.run(FutureTask.java:266)
	at java.util.concurrent.ThreadPoolExecutor.runWorker(ThreadPoolExecutor.java:1149)
	at java.util.concurrent.ThreadPoolExecutor$Worker.run(ThreadPoolExecutor.java:624)
	... 1 more
Caused by: org.apache.ratis.thirdparty.io.netty.channel.AbstractChannel$AnnotatedConnectException: Connection refused: /192.168.157.211:38722
	at sun.nio.ch.SocketChannelImpl.checkConnect(Native Method)
	at sun.nio.ch.SocketChannelImpl.finishConnect(SocketChannelImpl.java:717)
	at org.apache.ratis.thirdparty.io.netty.channel.socket.nio.NioSocketChannel.doFinishConnect(NioSocketChannel.java:327)
	at org.apache.ratis.thirdparty.io.netty.channel.nio.AbstractNioChannel$AbstractNioUnsafe.finishConnect(AbstractNioChannel.java:340)
	at org.apache.ratis.thirdparty.io.netty.channel.nio.NioEventLoop.processSelectedKey(NioEventLoop.java:632)
	at org.apache.ratis.thirdparty.io.netty.channel.nio.NioEventLoop.processSelectedKeysOptimized(NioEventLoop.java:579)
	at org.apache.ratis.thirdparty.io.netty.channel.nio.NioEventLoop.processSelectedKeys(NioEventLoop.java:496)
	at org.apache.ratis.thirdparty.io.netty.channel.nio.NioEventLoop.run(NioEventLoop.java:458)
	at org.apache.ratis.thirdparty.io.netty.util.concurrent.SingleThreadEventExecutor$5.run(SingleThreadEventExecutor.java:897)
	at org.apache.ratis.thirdparty.io.netty.util.concurrent.FastThreadLocalRunnable.run(FastThreadLocalRunnable.java:30)
	... 1 more
Caused by: java.net.ConnectException: Connection refused
	... 11 more
2019-10-17 07:09:45,342 [696df33b-59a0-4145-913f-936aff0d1566@group-2C0FEEE55AE1-LeaderElection1208] INFO  impl.RaftServerImpl (RaftServerImpl.java:setRole(184)) - 696df33b-59a0-4145-913f-936aff0d1566@group-2C0FEEE55AE1: changes role from CANDIDATE to FOLLOWER at term 139 for DISCOVERED_A_NEW_TERM
2019-10-17 07:09:45,342 [696df33b-59a0-4145-913f-936aff0d1566@group-2C0FEEE55AE1-LeaderElection1208] INFO  impl.RoleInfo (RoleInfo.java:shutdownLeaderElection(134)) - 696df33b-59a0-4145-913f-936aff0d1566: shutdown LeaderElection
2019-10-17 07:09:45,343 [696df33b-59a0-4145-913f-936aff0d1566@group-2C0FEEE55AE1-LeaderElection1208] INFO  impl.RoleInfo (RoleInfo.java:updateAndGet(143)) - 696df33b-59a0-4145-913f-936aff0d1566: start FollowerState
2019-10-17 07:09:45,354 [Datanode State Machine Thread - 0] INFO  statemachine.DatanodeStateMachine (DatanodeStateMachine.java:lambda$startDaemon$0(350)) - Ozone container server started.
2019-10-17 07:09:45,478 [Thread-10656] INFO  impl.FollowerState (FollowerState.java:run(108)) - 696df33b-59a0-4145-913f-936aff0d1566@group-2C0FEEE55AE1-FollowerState: change to CANDIDATE, lastRpcTime:135ms, electionTimeout:134ms
2019-10-17 07:09:45,478 [Thread-10656] INFO  impl.RoleInfo (RoleInfo.java:shutdownFollowerState(121)) - 696df33b-59a0-4145-913f-936aff0d1566: shutdown FollowerState
2019-10-17 07:09:45,478 [Thread-10656] INFO  impl.RaftServerImpl (RaftServerImpl.java:setRole(184)) - 696df33b-59a0-4145-913f-936aff0d1566@group-2C0FEEE55AE1: changes role from  FOLLOWER to CANDIDATE at term 139 for changeToCandidate
2019-10-17 07:09:45,478 [Thread-10656] INFO  impl.RoleInfo (RoleInfo.java:updateAndGet(143)) - 696df33b-59a0-4145-913f-936aff0d1566: start LeaderElection
2019-10-17 07:09:45,491 [696df33b-59a0-4145-913f-936aff0d1566@group-2C0FEEE55AE1-LeaderElection1209] INFO  impl.LeaderElection (LeaderElection.java:askForVotes(178)) - 696df33b-59a0-4145-913f-936aff0d1566@group-2C0FEEE55AE1-LeaderElection1209: begin an election at term 140 for -1: [f3ee4219-89bb-47f2-bbe0-5f784575b745:192.168.157.211:38722, 805254cc-2da6-48d8-a2f9-c1a3ceceab4a:192.168.157.211:35407, 696df33b-59a0-4145-913f-936aff0d1566:192.168.157.211:38803], old=null
2019-10-17 07:09:45,492 [696df33b-59a0-4145-913f-936aff0d1566@group-2C0FEEE55AE1-LeaderElection1209] INFO  impl.LeaderElection (LogUtils.java:infoOrTrace(149)) - 696df33b-59a0-4145-913f-936aff0d1566@group-2C0FEEE55AE1-LeaderElection1209 got exception when requesting votes: {}
java.util.concurrent.ExecutionException: org.apache.ratis.thirdparty.io.grpc.StatusRuntimeException: UNAVAILABLE: io exception
	at java.util.concurrent.FutureTask.report(FutureTask.java:122)
	at java.util.concurrent.FutureTask.get(FutureTask.java:192)
	at org.apache.ratis.server.impl.LeaderElection.waitForResults(LeaderElection.java:259)
	at org.apache.ratis.server.impl.LeaderElection.askForVotes(LeaderElection.java:197)
	at org.apache.ratis.server.impl.LeaderElection.run(LeaderElection.java:133)
	at java.lang.Thread.run(Thread.java:748)
Caused by: org.apache.ratis.thirdparty.io.grpc.StatusRuntimeException: UNAVAILABLE: io exception
	at org.apache.ratis.thirdparty.io.grpc.stub.ClientCalls.toStatusRuntimeException(ClientCalls.java:233)
	at org.apache.ratis.thirdparty.io.grpc.stub.ClientCalls.getUnchecked(ClientCalls.java:214)
	at org.apache.ratis.thirdparty.io.grpc.stub.ClientCalls.blockingUnaryCall(ClientCalls.java:139)
	at org.apache.ratis.proto.grpc.RaftServerProtocolServiceGrpc$RaftServerProtocolServiceBlockingStub.requestVote(RaftServerProtocolServiceGrpc.java:265)
	at org.apache.ratis.grpc.server.GrpcServerProtocolClient.requestVote(GrpcServerProtocolClient.java:99)
	at org.apache.ratis.grpc.server.GrpcService.requestVote(GrpcService.java:204)
	at org.apache.ratis.server.impl.LeaderElection.lambda$submitRequests$1(LeaderElection.java:234)
	at java.util.concurrent.FutureTask.run(FutureTask.java:266)
	at java.util.concurrent.Executors$RunnableAdapter.call(Executors.java:511)
	at java.util.concurrent.FutureTask.run(FutureTask.java:266)
	at java.util.concurrent.ThreadPoolExecutor.runWorker(ThreadPoolExecutor.java:1149)
	at java.util.concurrent.ThreadPoolExecutor$Worker.run(ThreadPoolExecutor.java:624)
	... 1 more
Caused by: org.apache.ratis.thirdparty.io.netty.channel.AbstractChannel$AnnotatedConnectException: Connection refused: /192.168.157.211:38722
	at sun.nio.ch.SocketChannelImpl.checkConnect(Native Method)
	at sun.nio.ch.SocketChannelImpl.finishConnect(SocketChannelImpl.java:717)
	at org.apache.ratis.thirdparty.io.netty.channel.socket.nio.NioSocketChannel.doFinishConnect(NioSocketChannel.java:327)
	at org.apache.ratis.thirdparty.io.netty.channel.nio.AbstractNioChannel$AbstractNioUnsafe.finishConnect(AbstractNioChannel.java:340)
	at org.apache.ratis.thirdparty.io.netty.channel.nio.NioEventLoop.processSelectedKey(NioEventLoop.java:632)
	at org.apache.ratis.thirdparty.io.netty.channel.nio.NioEventLoop.processSelectedKeysOptimized(NioEventLoop.java:579)
	at org.apache.ratis.thirdparty.io.netty.channel.nio.NioEventLoop.processSelectedKeys(NioEventLoop.java:496)
	at org.apache.ratis.thirdparty.io.netty.channel.nio.NioEventLoop.run(NioEventLoop.java:458)
	at org.apache.ratis.thirdparty.io.netty.util.concurrent.SingleThreadEventExecutor$5.run(SingleThreadEventExecutor.java:897)
	at org.apache.ratis.thirdparty.io.netty.util.concurrent.FastThreadLocalRunnable.run(FastThreadLocalRunnable.java:30)
	... 1 more
Caused by: java.net.ConnectException: Connection refused
	... 11 more
2019-10-17 07:09:45,493 [grpc-default-executor-5] INFO  impl.RaftServerImpl (RaftServerImpl.java:setRole(184)) - 805254cc-2da6-48d8-a2f9-c1a3ceceab4a@group-2C0FEEE55AE1: changes role from  FOLLOWER to FOLLOWER at term 140 for recognizeCandidate:696df33b-59a0-4145-913f-936aff0d1566
2019-10-17 07:09:45,493 [grpc-default-executor-5] INFO  impl.RoleInfo (RoleInfo.java:shutdownFollowerState(121)) - 805254cc-2da6-48d8-a2f9-c1a3ceceab4a: shutdown FollowerState
2019-10-17 07:09:45,493 [grpc-default-executor-5] INFO  impl.RoleInfo (RoleInfo.java:updateAndGet(143)) - 805254cc-2da6-48d8-a2f9-c1a3ceceab4a: start FollowerState
2019-10-17 07:09:45,493 [Thread-10655] INFO  impl.FollowerState (FollowerState.java:run(117)) - 805254cc-2da6-48d8-a2f9-c1a3ceceab4a@group-2C0FEEE55AE1-FollowerState was interrupted: java.lang.InterruptedException: sleep interrupted
2019-10-17 07:09:45,506 [696df33b-59a0-4145-913f-936aff0d1566@group-2C0FEEE55AE1-LeaderElection1209] INFO  impl.LeaderElection (LeaderElection.java:logAndReturn(56)) - 696df33b-59a0-4145-913f-936aff0d1566@group-2C0FEEE55AE1-LeaderElection1209: Election REJECTED; received 1 response(s) [696df33b-59a0-4145-913f-936aff0d1566<-805254cc-2da6-48d8-a2f9-c1a3ceceab4a#0:FAIL-t140] and 1 exception(s); 696df33b-59a0-4145-913f-936aff0d1566@group-2C0FEEE55AE1:t140, leader=null, voted=696df33b-59a0-4145-913f-936aff0d1566, raftlog=696df33b-59a0-4145-913f-936aff0d1566@group-2C0FEEE55AE1-SegmentedRaftLog:OPENED:c-1,f-1,i0, conf=-1: [f3ee4219-89bb-47f2-bbe0-5f784575b745:192.168.157.211:38722, 805254cc-2da6-48d8-a2f9-c1a3ceceab4a:192.168.157.211:35407, 696df33b-59a0-4145-913f-936aff0d1566:192.168.157.211:38803], old=null
2019-10-17 07:09:45,506 [696df33b-59a0-4145-913f-936aff0d1566@group-2C0FEEE55AE1-LeaderElection1209] INFO  impl.LeaderElection (LogUtils.java:infoOrTrace(149)) -   Exception 0: {}
java.util.concurrent.ExecutionException: org.apache.ratis.thirdparty.io.grpc.StatusRuntimeException: UNAVAILABLE: io exception
	at java.util.concurrent.FutureTask.report(FutureTask.java:122)
	at java.util.concurrent.FutureTask.get(FutureTask.java:192)
	at org.apache.ratis.server.impl.LeaderElection.waitForResults(LeaderElection.java:259)
	at org.apache.ratis.server.impl.LeaderElection.askForVotes(LeaderElection.java:197)
	at org.apache.ratis.server.impl.LeaderElection.run(LeaderElection.java:133)
	at java.lang.Thread.run(Thread.java:748)
Caused by: org.apache.ratis.thirdparty.io.grpc.StatusRuntimeException: UNAVAILABLE: io exception
	at org.apache.ratis.thirdparty.io.grpc.stub.ClientCalls.toStatusRuntimeException(ClientCalls.java:233)
	at org.apache.ratis.thirdparty.io.grpc.stub.ClientCalls.getUnchecked(ClientCalls.java:214)
	at org.apache.ratis.thirdparty.io.grpc.stub.ClientCalls.blockingUnaryCall(ClientCalls.java:139)
	at org.apache.ratis.proto.grpc.RaftServerProtocolServiceGrpc$RaftServerProtocolServiceBlockingStub.requestVote(RaftServerProtocolServiceGrpc.java:265)
	at org.apache.ratis.grpc.server.GrpcServerProtocolClient.requestVote(GrpcServerProtocolClient.java:99)
	at org.apache.ratis.grpc.server.GrpcService.requestVote(GrpcService.java:204)
	at org.apache.ratis.server.impl.LeaderElection.lambda$submitRequests$1(LeaderElection.java:234)
	at java.util.concurrent.FutureTask.run(FutureTask.java:266)
	at java.util.concurrent.Executors$RunnableAdapter.call(Executors.java:511)
	at java.util.concurrent.FutureTask.run(FutureTask.java:266)
	at java.util.concurrent.ThreadPoolExecutor.runWorker(ThreadPoolExecutor.java:1149)
	at java.util.concurrent.ThreadPoolExecutor$Worker.run(ThreadPoolExecutor.java:624)
	... 1 more
Caused by: org.apache.ratis.thirdparty.io.netty.channel.AbstractChannel$AnnotatedConnectException: Connection refused: /192.168.157.211:38722
	at sun.nio.ch.SocketChannelImpl.checkConnect(Native Method)
	at sun.nio.ch.SocketChannelImpl.finishConnect(SocketChannelImpl.java:717)
	at org.apache.ratis.thirdparty.io.netty.channel.socket.nio.NioSocketChannel.doFinishConnect(NioSocketChannel.java:327)
	at org.apache.ratis.thirdparty.io.netty.channel.nio.AbstractNioChannel$AbstractNioUnsafe.finishConnect(AbstractNioChannel.java:340)
	at org.apache.ratis.thirdparty.io.netty.channel.nio.NioEventLoop.processSelectedKey(NioEventLoop.java:632)
	at org.apache.ratis.thirdparty.io.netty.channel.nio.NioEventLoop.processSelectedKeysOptimized(NioEventLoop.java:579)
	at org.apache.ratis.thirdparty.io.netty.channel.nio.NioEventLoop.processSelectedKeys(NioEventLoop.java:496)
	at org.apache.ratis.thirdparty.io.netty.channel.nio.NioEventLoop.run(NioEventLoop.java:458)
	at org.apache.ratis.thirdparty.io.netty.util.concurrent.SingleThreadEventExecutor$5.run(SingleThreadEventExecutor.java:897)
	at org.apache.ratis.thirdparty.io.netty.util.concurrent.FastThreadLocalRunnable.run(FastThreadLocalRunnable.java:30)
	... 1 more
Caused by: java.net.ConnectException: Connection refused
	... 11 more
2019-10-17 07:09:45,507 [696df33b-59a0-4145-913f-936aff0d1566@group-2C0FEEE55AE1-LeaderElection1209] INFO  impl.RaftServerImpl (RaftServerImpl.java:setRole(184)) - 696df33b-59a0-4145-913f-936aff0d1566@group-2C0FEEE55AE1: changes role from CANDIDATE to FOLLOWER at term 140 for DISCOVERED_A_NEW_TERM
2019-10-17 07:09:45,507 [696df33b-59a0-4145-913f-936aff0d1566@group-2C0FEEE55AE1-LeaderElection1209] INFO  impl.RoleInfo (RoleInfo.java:shutdownLeaderElection(134)) - 696df33b-59a0-4145-913f-936aff0d1566: shutdown LeaderElection
2019-10-17 07:09:45,507 [696df33b-59a0-4145-913f-936aff0d1566@group-2C0FEEE55AE1-LeaderElection1209] INFO  impl.RoleInfo (RoleInfo.java:updateAndGet(143)) - 696df33b-59a0-4145-913f-936aff0d1566: start FollowerState
2019-10-17 07:09:45,536 [Thread-10663] INFO  impl.FollowerState (FollowerState.java:run(108)) - 696df33b-59a0-4145-913f-936aff0d1566@group-2C0FEEE55AE1-FollowerState: change to CANDIDATE, lastRpcTime:29ms, electionTimeout:29ms
2019-10-17 07:09:45,536 [Thread-10663] INFO  impl.RoleInfo (RoleInfo.java:shutdownFollowerState(121)) - 696df33b-59a0-4145-913f-936aff0d1566: shutdown FollowerState
2019-10-17 07:09:45,536 [Thread-10663] INFO  impl.RaftServerImpl (RaftServerImpl.java:setRole(184)) - 696df33b-59a0-4145-913f-936aff0d1566@group-2C0FEEE55AE1: changes role from  FOLLOWER to CANDIDATE at term 140 for changeToCandidate
2019-10-17 07:09:45,536 [Thread-10663] INFO  impl.RoleInfo (RoleInfo.java:updateAndGet(143)) - 696df33b-59a0-4145-913f-936aff0d1566: start LeaderElection
2019-10-17 07:09:45,558 [696df33b-59a0-4145-913f-936aff0d1566@group-2C0FEEE55AE1-LeaderElection1210] INFO  impl.LeaderElection (LeaderElection.java:askForVotes(178)) - 696df33b-59a0-4145-913f-936aff0d1566@group-2C0FEEE55AE1-LeaderElection1210: begin an election at term 141 for -1: [f3ee4219-89bb-47f2-bbe0-5f784575b745:192.168.157.211:38722, 805254cc-2da6-48d8-a2f9-c1a3ceceab4a:192.168.157.211:35407, 696df33b-59a0-4145-913f-936aff0d1566:192.168.157.211:38803], old=null
2019-10-17 07:09:45,558 [696df33b-59a0-4145-913f-936aff0d1566@group-2C0FEEE55AE1-LeaderElection1210] INFO  impl.LeaderElection (LogUtils.java:infoOrTrace(149)) - 696df33b-59a0-4145-913f-936aff0d1566@group-2C0FEEE55AE1-LeaderElection1210 got exception when requesting votes: {}
java.util.concurrent.ExecutionException: org.apache.ratis.thirdparty.io.grpc.StatusRuntimeException: UNAVAILABLE: io exception
	at java.util.concurrent.FutureTask.report(FutureTask.java:122)
	at java.util.concurrent.FutureTask.get(FutureTask.java:192)
	at org.apache.ratis.server.impl.LeaderElection.waitForResults(LeaderElection.java:259)
	at org.apache.ratis.server.impl.LeaderElection.askForVotes(LeaderElection.java:197)
	at org.apache.ratis.server.impl.LeaderElection.run(LeaderElection.java:133)
	at java.lang.Thread.run(Thread.java:748)
Caused by: org.apache.ratis.thirdparty.io.grpc.StatusRuntimeException: UNAVAILABLE: io exception
	at org.apache.ratis.thirdparty.io.grpc.stub.ClientCalls.toStatusRuntimeException(ClientCalls.java:233)
	at org.apache.ratis.thirdparty.io.grpc.stub.ClientCalls.getUnchecked(ClientCalls.java:214)
	at org.apache.ratis.thirdparty.io.grpc.stub.ClientCalls.blockingUnaryCall(ClientCalls.java:139)
	at org.apache.ratis.proto.grpc.RaftServerProtocolServiceGrpc$RaftServerProtocolServiceBlockingStub.requestVote(RaftServerProtocolServiceGrpc.java:265)
	at org.apache.ratis.grpc.server.GrpcServerProtocolClient.requestVote(GrpcServerProtocolClient.java:99)
	at org.apache.ratis.grpc.server.GrpcService.requestVote(GrpcService.java:204)
	at org.apache.ratis.server.impl.LeaderElection.lambda$submitRequests$1(LeaderElection.java:234)
	at java.util.concurrent.FutureTask.run(FutureTask.java:266)
	at java.util.concurrent.Executors$RunnableAdapter.call(Executors.java:511)
	at java.util.concurrent.FutureTask.run(FutureTask.java:266)
	at java.util.concurrent.ThreadPoolExecutor.runWorker(ThreadPoolExecutor.java:1149)
	at java.util.concurrent.ThreadPoolExecutor$Worker.run(ThreadPoolExecutor.java:624)
	... 1 more
Caused by: org.apache.ratis.thirdparty.io.netty.channel.AbstractChannel$AnnotatedConnectException: Connection refused: /192.168.157.211:38722
	at sun.nio.ch.SocketChannelImpl.checkConnect(Native Method)
	at sun.nio.ch.SocketChannelImpl.finishConnect(SocketChannelImpl.java:717)
	at org.apache.ratis.thirdparty.io.netty.channel.socket.nio.NioSocketChannel.doFinishConnect(NioSocketChannel.java:327)
	at org.apache.ratis.thirdparty.io.netty.channel.nio.AbstractNioChannel$AbstractNioUnsafe.finishConnect(AbstractNioChannel.java:340)
	at org.apache.ratis.thirdparty.io.netty.channel.nio.NioEventLoop.processSelectedKey(NioEventLoop.java:632)
	at org.apache.ratis.thirdparty.io.netty.channel.nio.NioEventLoop.processSelectedKeysOptimized(NioEventLoop.java:579)
	at org.apache.ratis.thirdparty.io.netty.channel.nio.NioEventLoop.processSelectedKeys(NioEventLoop.java:496)
	at org.apache.ratis.thirdparty.io.netty.channel.nio.NioEventLoop.run(NioEventLoop.java:458)
	at org.apache.ratis.thirdparty.io.netty.util.concurrent.SingleThreadEventExecutor$5.run(SingleThreadEventExecutor.java:897)
	at org.apache.ratis.thirdparty.io.netty.util.concurrent.FastThreadLocalRunnable.run(FastThreadLocalRunnable.java:30)
	... 1 more
Caused by: java.net.ConnectException: Connection refused
	... 11 more
2019-10-17 07:09:45,559 [grpc-default-executor-5] INFO  impl.RaftServerImpl (RaftServerImpl.java:setRole(184)) - 805254cc-2da6-48d8-a2f9-c1a3ceceab4a@group-2C0FEEE55AE1: changes role from  FOLLOWER to FOLLOWER at term 141 for recognizeCandidate:696df33b-59a0-4145-913f-936aff0d1566
2019-10-17 07:09:45,559 [grpc-default-executor-5] INFO  impl.RoleInfo (RoleInfo.java:shutdownFollowerState(121)) - 805254cc-2da6-48d8-a2f9-c1a3ceceab4a: shutdown FollowerState
2019-10-17 07:09:45,559 [grpc-default-executor-5] INFO  impl.RoleInfo (RoleInfo.java:updateAndGet(143)) - 805254cc-2da6-48d8-a2f9-c1a3ceceab4a: start FollowerState
2019-10-17 07:09:45,559 [Thread-10662] INFO  impl.FollowerState (FollowerState.java:run(117)) - 805254cc-2da6-48d8-a2f9-c1a3ceceab4a@group-2C0FEEE55AE1-FollowerState was interrupted: java.lang.InterruptedException: sleep interrupted
2019-10-17 07:09:45,572 [696df33b-59a0-4145-913f-936aff0d1566@group-2C0FEEE55AE1-LeaderElection1210] INFO  impl.LeaderElection (LeaderElection.java:logAndReturn(56)) - 696df33b-59a0-4145-913f-936aff0d1566@group-2C0FEEE55AE1-LeaderElection1210: Election REJECTED; received 1 response(s) [696df33b-59a0-4145-913f-936aff0d1566<-805254cc-2da6-48d8-a2f9-c1a3ceceab4a#0:FAIL-t141] and 1 exception(s); 696df33b-59a0-4145-913f-936aff0d1566@group-2C0FEEE55AE1:t141, leader=null, voted=696df33b-59a0-4145-913f-936aff0d1566, raftlog=696df33b-59a0-4145-913f-936aff0d1566@group-2C0FEEE55AE1-SegmentedRaftLog:OPENED:c-1,f-1,i0, conf=-1: [f3ee4219-89bb-47f2-bbe0-5f784575b745:192.168.157.211:38722, 805254cc-2da6-48d8-a2f9-c1a3ceceab4a:192.168.157.211:35407, 696df33b-59a0-4145-913f-936aff0d1566:192.168.157.211:38803], old=null
2019-10-17 07:09:45,572 [696df33b-59a0-4145-913f-936aff0d1566@group-2C0FEEE55AE1-LeaderElection1210] INFO  impl.LeaderElection (LogUtils.java:infoOrTrace(149)) -   Exception 0: {}
java.util.concurrent.ExecutionException: org.apache.ratis.thirdparty.io.grpc.StatusRuntimeException: UNAVAILABLE: io exception
	at java.util.concurrent.FutureTask.report(FutureTask.java:122)
	at java.util.concurrent.FutureTask.get(FutureTask.java:192)
	at org.apache.ratis.server.impl.LeaderElection.waitForResults(LeaderElection.java:259)
	at org.apache.ratis.server.impl.LeaderElection.askForVotes(LeaderElection.java:197)
	at org.apache.ratis.server.impl.LeaderElection.run(LeaderElection.java:133)
	at java.lang.Thread.run(Thread.java:748)
Caused by: org.apache.ratis.thirdparty.io.grpc.StatusRuntimeException: UNAVAILABLE: io exception
	at org.apache.ratis.thirdparty.io.grpc.stub.ClientCalls.toStatusRuntimeException(ClientCalls.java:233)
	at org.apache.ratis.thirdparty.io.grpc.stub.ClientCalls.getUnchecked(ClientCalls.java:214)
	at org.apache.ratis.thirdparty.io.grpc.stub.ClientCalls.blockingUnaryCall(ClientCalls.java:139)
	at org.apache.ratis.proto.grpc.RaftServerProtocolServiceGrpc$RaftServerProtocolServiceBlockingStub.requestVote(RaftServerProtocolServiceGrpc.java:265)
	at org.apache.ratis.grpc.server.GrpcServerProtocolClient.requestVote(GrpcServerProtocolClient.java:99)
	at org.apache.ratis.grpc.server.GrpcService.requestVote(GrpcService.java:204)
	at org.apache.ratis.server.impl.LeaderElection.lambda$submitRequests$1(LeaderElection.java:234)
	at java.util.concurrent.FutureTask.run(FutureTask.java:266)
	at java.util.concurrent.Executors$RunnableAdapter.call(Executors.java:511)
	at java.util.concurrent.FutureTask.run(FutureTask.java:266)
	at java.util.concurrent.ThreadPoolExecutor.runWorker(ThreadPoolExecutor.java:1149)
	at java.util.concurrent.ThreadPoolExecutor$Worker.run(ThreadPoolExecutor.java:624)
	... 1 more
Caused by: org.apache.ratis.thirdparty.io.netty.channel.AbstractChannel$AnnotatedConnectException: Connection refused: /192.168.157.211:38722
	at sun.nio.ch.SocketChannelImpl.checkConnect(Native Method)
	at sun.nio.ch.SocketChannelImpl.finishConnect(SocketChannelImpl.java:717)
	at org.apache.ratis.thirdparty.io.netty.channel.socket.nio.NioSocketChannel.doFinishConnect(NioSocketChannel.java:327)
	at org.apache.ratis.thirdparty.io.netty.channel.nio.AbstractNioChannel$AbstractNioUnsafe.finishConnect(AbstractNioChannel.java:340)
	at org.apache.ratis.thirdparty.io.netty.channel.nio.NioEventLoop.processSelectedKey(NioEventLoop.java:632)
	at org.apache.ratis.thirdparty.io.netty.channel.nio.NioEventLoop.processSelectedKeysOptimized(NioEventLoop.java:579)
	at org.apache.ratis.thirdparty.io.netty.channel.nio.NioEventLoop.processSelectedKeys(NioEventLoop.java:496)
	at org.apache.ratis.thirdparty.io.netty.channel.nio.NioEventLoop.run(NioEventLoop.java:458)
	at org.apache.ratis.thirdparty.io.netty.util.concurrent.SingleThreadEventExecutor$5.run(SingleThreadEventExecutor.java:897)
	at org.apache.ratis.thirdparty.io.netty.util.concurrent.FastThreadLocalRunnable.run(FastThreadLocalRunnable.java:30)
	... 1 more
Caused by: java.net.ConnectException: Connection refused
	... 11 more
2019-10-17 07:09:45,572 [696df33b-59a0-4145-913f-936aff0d1566@group-2C0FEEE55AE1-LeaderElection1210] INFO  impl.RaftServerImpl (RaftServerImpl.java:setRole(184)) - 696df33b-59a0-4145-913f-936aff0d1566@group-2C0FEEE55AE1: changes role from CANDIDATE to FOLLOWER at term 141 for DISCOVERED_A_NEW_TERM
2019-10-17 07:09:45,572 [696df33b-59a0-4145-913f-936aff0d1566@group-2C0FEEE55AE1-LeaderElection1210] INFO  impl.RoleInfo (RoleInfo.java:shutdownLeaderElection(134)) - 696df33b-59a0-4145-913f-936aff0d1566: shutdown LeaderElection
2019-10-17 07:09:45,572 [696df33b-59a0-4145-913f-936aff0d1566@group-2C0FEEE55AE1-LeaderElection1210] INFO  impl.RoleInfo (RoleInfo.java:updateAndGet(143)) - 696df33b-59a0-4145-913f-936aff0d1566: start FollowerState
2019-10-17 07:09:45,591 [Thread-10670] INFO  impl.FollowerState (FollowerState.java:run(108)) - 696df33b-59a0-4145-913f-936aff0d1566@group-2C0FEEE55AE1-FollowerState: change to CANDIDATE, lastRpcTime:18ms, electionTimeout:18ms
2019-10-17 07:09:45,591 [Thread-10670] INFO  impl.RoleInfo (RoleInfo.java:shutdownFollowerState(121)) - 696df33b-59a0-4145-913f-936aff0d1566: shutdown FollowerState
2019-10-17 07:09:45,591 [Thread-10670] INFO  impl.RaftServerImpl (RaftServerImpl.java:setRole(184)) - 696df33b-59a0-4145-913f-936aff0d1566@group-2C0FEEE55AE1: changes role from  FOLLOWER to CANDIDATE at term 141 for changeToCandidate
2019-10-17 07:09:45,591 [Thread-10670] INFO  impl.RoleInfo (RoleInfo.java:updateAndGet(143)) - 696df33b-59a0-4145-913f-936aff0d1566: start LeaderElection
2019-10-17 07:09:45,604 [696df33b-59a0-4145-913f-936aff0d1566@group-2C0FEEE55AE1-LeaderElection1211] INFO  impl.LeaderElection (LeaderElection.java:askForVotes(178)) - 696df33b-59a0-4145-913f-936aff0d1566@group-2C0FEEE55AE1-LeaderElection1211: begin an election at term 142 for -1: [f3ee4219-89bb-47f2-bbe0-5f784575b745:192.168.157.211:38722, 805254cc-2da6-48d8-a2f9-c1a3ceceab4a:192.168.157.211:35407, 696df33b-59a0-4145-913f-936aff0d1566:192.168.157.211:38803], old=null
2019-10-17 07:09:45,605 [696df33b-59a0-4145-913f-936aff0d1566@group-2C0FEEE55AE1-LeaderElection1211] INFO  impl.LeaderElection (LogUtils.java:infoOrTrace(149)) - 696df33b-59a0-4145-913f-936aff0d1566@group-2C0FEEE55AE1-LeaderElection1211 got exception when requesting votes: {}
java.util.concurrent.ExecutionException: org.apache.ratis.thirdparty.io.grpc.StatusRuntimeException: UNAVAILABLE: io exception
	at java.util.concurrent.FutureTask.report(FutureTask.java:122)
	at java.util.concurrent.FutureTask.get(FutureTask.java:192)
	at org.apache.ratis.server.impl.LeaderElection.waitForResults(LeaderElection.java:259)
	at org.apache.ratis.server.impl.LeaderElection.askForVotes(LeaderElection.java:197)
	at org.apache.ratis.server.impl.LeaderElection.run(LeaderElection.java:133)
	at java.lang.Thread.run(Thread.java:748)
Caused by: org.apache.ratis.thirdparty.io.grpc.StatusRuntimeException: UNAVAILABLE: io exception
	at org.apache.ratis.thirdparty.io.grpc.stub.ClientCalls.toStatusRuntimeException(ClientCalls.java:233)
	at org.apache.ratis.thirdparty.io.grpc.stub.ClientCalls.getUnchecked(ClientCalls.java:214)
	at org.apache.ratis.thirdparty.io.grpc.stub.ClientCalls.blockingUnaryCall(ClientCalls.java:139)
	at org.apache.ratis.proto.grpc.RaftServerProtocolServiceGrpc$RaftServerProtocolServiceBlockingStub.requestVote(RaftServerProtocolServiceGrpc.java:265)
	at org.apache.ratis.grpc.server.GrpcServerProtocolClient.requestVote(GrpcServerProtocolClient.java:99)
	at org.apache.ratis.grpc.server.GrpcService.requestVote(GrpcService.java:204)
	at org.apache.ratis.server.impl.LeaderElection.lambda$submitRequests$1(LeaderElection.java:234)
	at java.util.concurrent.FutureTask.run(FutureTask.java:266)
	at java.util.concurrent.Executors$RunnableAdapter.call(Executors.java:511)
	at java.util.concurrent.FutureTask.run(FutureTask.java:266)
	at java.util.concurrent.ThreadPoolExecutor.runWorker(ThreadPoolExecutor.java:1149)
	at java.util.concurrent.ThreadPoolExecutor$Worker.run(ThreadPoolExecutor.java:624)
	... 1 more
Caused by: org.apache.ratis.thirdparty.io.netty.channel.AbstractChannel$AnnotatedConnectException: Connection refused: /192.168.157.211:38722
	at sun.nio.ch.SocketChannelImpl.checkConnect(Native Method)
	at sun.nio.ch.SocketChannelImpl.finishConnect(SocketChannelImpl.java:717)
	at org.apache.ratis.thirdparty.io.netty.channel.socket.nio.NioSocketChannel.doFinishConnect(NioSocketChannel.java:327)
	at org.apache.ratis.thirdparty.io.netty.channel.nio.AbstractNioChannel$AbstractNioUnsafe.finishConnect(AbstractNioChannel.java:340)
	at org.apache.ratis.thirdparty.io.netty.channel.nio.NioEventLoop.processSelectedKey(NioEventLoop.java:632)
	at org.apache.ratis.thirdparty.io.netty.channel.nio.NioEventLoop.processSelectedKeysOptimized(NioEventLoop.java:579)
	at org.apache.ratis.thirdparty.io.netty.channel.nio.NioEventLoop.processSelectedKeys(NioEventLoop.java:496)
	at org.apache.ratis.thirdparty.io.netty.channel.nio.NioEventLoop.run(NioEventLoop.java:458)
	at org.apache.ratis.thirdparty.io.netty.util.concurrent.SingleThreadEventExecutor$5.run(SingleThreadEventExecutor.java:897)
	at org.apache.ratis.thirdparty.io.netty.util.concurrent.FastThreadLocalRunnable.run(FastThreadLocalRunnable.java:30)
	... 1 more
Caused by: java.net.ConnectException: Connection refused
	... 11 more
2019-10-17 07:09:45,605 [grpc-default-executor-5] INFO  impl.RaftServerImpl (RaftServerImpl.java:setRole(184)) - 805254cc-2da6-48d8-a2f9-c1a3ceceab4a@group-2C0FEEE55AE1: changes role from  FOLLOWER to FOLLOWER at term 142 for recognizeCandidate:696df33b-59a0-4145-913f-936aff0d1566
2019-10-17 07:09:45,606 [grpc-default-executor-5] INFO  impl.RoleInfo (RoleInfo.java:shutdownFollowerState(121)) - 805254cc-2da6-48d8-a2f9-c1a3ceceab4a: shutdown FollowerState
2019-10-17 07:09:45,606 [grpc-default-executor-5] INFO  impl.RoleInfo (RoleInfo.java:updateAndGet(143)) - 805254cc-2da6-48d8-a2f9-c1a3ceceab4a: start FollowerState
2019-10-17 07:09:45,606 [Thread-10667] INFO  impl.FollowerState (FollowerState.java:run(117)) - 805254cc-2da6-48d8-a2f9-c1a3ceceab4a@group-2C0FEEE55AE1-FollowerState was interrupted: java.lang.InterruptedException: sleep interrupted
2019-10-17 07:09:45,639 [696df33b-59a0-4145-913f-936aff0d1566@group-2C0FEEE55AE1-LeaderElection1211] INFO  impl.LeaderElection (LeaderElection.java:logAndReturn(56)) - 696df33b-59a0-4145-913f-936aff0d1566@group-2C0FEEE55AE1-LeaderElection1211: Election REJECTED; received 1 response(s) [696df33b-59a0-4145-913f-936aff0d1566<-805254cc-2da6-48d8-a2f9-c1a3ceceab4a#0:FAIL-t142] and 1 exception(s); 696df33b-59a0-4145-913f-936aff0d1566@group-2C0FEEE55AE1:t142, leader=null, voted=696df33b-59a0-4145-913f-936aff0d1566, raftlog=696df33b-59a0-4145-913f-936aff0d1566@group-2C0FEEE55AE1-SegmentedRaftLog:OPENED:c-1,f-1,i0, conf=-1: [f3ee4219-89bb-47f2-bbe0-5f784575b745:192.168.157.211:38722, 805254cc-2da6-48d8-a2f9-c1a3ceceab4a:192.168.157.211:35407, 696df33b-59a0-4145-913f-936aff0d1566:192.168.157.211:38803], old=null
2019-10-17 07:09:45,639 [696df33b-59a0-4145-913f-936aff0d1566@group-2C0FEEE55AE1-LeaderElection1211] INFO  impl.LeaderElection (LogUtils.java:infoOrTrace(149)) -   Exception 0: {}
java.util.concurrent.ExecutionException: org.apache.ratis.thirdparty.io.grpc.StatusRuntimeException: UNAVAILABLE: io exception
	at java.util.concurrent.FutureTask.report(FutureTask.java:122)
	at java.util.concurrent.FutureTask.get(FutureTask.java:192)
	at org.apache.ratis.server.impl.LeaderElection.waitForResults(LeaderElection.java:259)
	at org.apache.ratis.server.impl.LeaderElection.askForVotes(LeaderElection.java:197)
	at org.apache.ratis.server.impl.LeaderElection.run(LeaderElection.java:133)
	at java.lang.Thread.run(Thread.java:748)
Caused by: org.apache.ratis.thirdparty.io.grpc.StatusRuntimeException: UNAVAILABLE: io exception
	at org.apache.ratis.thirdparty.io.grpc.stub.ClientCalls.toStatusRuntimeException(ClientCalls.java:233)
	at org.apache.ratis.thirdparty.io.grpc.stub.ClientCalls.getUnchecked(ClientCalls.java:214)
	at org.apache.ratis.thirdparty.io.grpc.stub.ClientCalls.blockingUnaryCall(ClientCalls.java:139)
	at org.apache.ratis.proto.grpc.RaftServerProtocolServiceGrpc$RaftServerProtocolServiceBlockingStub.requestVote(RaftServerProtocolServiceGrpc.java:265)
	at org.apache.ratis.grpc.server.GrpcServerProtocolClient.requestVote(GrpcServerProtocolClient.java:99)
	at org.apache.ratis.grpc.server.GrpcService.requestVote(GrpcService.java:204)
	at org.apache.ratis.server.impl.LeaderElection.lambda$submitRequests$1(LeaderElection.java:234)
	at java.util.concurrent.FutureTask.run(FutureTask.java:266)
	at java.util.concurrent.Executors$RunnableAdapter.call(Executors.java:511)
	at java.util.concurrent.FutureTask.run(FutureTask.java:266)
	at java.util.concurrent.ThreadPoolExecutor.runWorker(ThreadPoolExecutor.java:1149)
	at java.util.concurrent.ThreadPoolExecutor$Worker.run(ThreadPoolExecutor.java:624)
	... 1 more
Caused by: org.apache.ratis.thirdparty.io.netty.channel.AbstractChannel$AnnotatedConnectException: Connection refused: /192.168.157.211:38722
	at sun.nio.ch.SocketChannelImpl.checkConnect(Native Method)
	at sun.nio.ch.SocketChannelImpl.finishConnect(SocketChannelImpl.java:717)
	at org.apache.ratis.thirdparty.io.netty.channel.socket.nio.NioSocketChannel.doFinishConnect(NioSocketChannel.java:327)
	at org.apache.ratis.thirdparty.io.netty.channel.nio.AbstractNioChannel$AbstractNioUnsafe.finishConnect(AbstractNioChannel.java:340)
	at org.apache.ratis.thirdparty.io.netty.channel.nio.NioEventLoop.processSelectedKey(NioEventLoop.java:632)
	at org.apache.ratis.thirdparty.io.netty.channel.nio.NioEventLoop.processSelectedKeysOptimized(NioEventLoop.java:579)
	at org.apache.ratis.thirdparty.io.netty.channel.nio.NioEventLoop.processSelectedKeys(NioEventLoop.java:496)
	at org.apache.ratis.thirdparty.io.netty.channel.nio.NioEventLoop.run(NioEventLoop.java:458)
	at org.apache.ratis.thirdparty.io.netty.util.concurrent.SingleThreadEventExecutor$5.run(SingleThreadEventExecutor.java:897)
	at org.apache.ratis.thirdparty.io.netty.util.concurrent.FastThreadLocalRunnable.run(FastThreadLocalRunnable.java:30)
	... 1 more
Caused by: java.net.ConnectException: Connection refused
	... 11 more
2019-10-17 07:09:45,639 [696df33b-59a0-4145-913f-936aff0d1566@group-2C0FEEE55AE1-LeaderElection1211] INFO  impl.RaftServerImpl (RaftServerImpl.java:setRole(184)) - 696df33b-59a0-4145-913f-936aff0d1566@group-2C0FEEE55AE1: changes role from CANDIDATE to FOLLOWER at term 142 for DISCOVERED_A_NEW_TERM
2019-10-17 07:09:45,640 [696df33b-59a0-4145-913f-936aff0d1566@group-2C0FEEE55AE1-LeaderElection1211] INFO  impl.RoleInfo (RoleInfo.java:shutdownLeaderElection(134)) - 696df33b-59a0-4145-913f-936aff0d1566: shutdown LeaderElection
2019-10-17 07:09:45,640 [696df33b-59a0-4145-913f-936aff0d1566@group-2C0FEEE55AE1-LeaderElection1211] INFO  impl.RoleInfo (RoleInfo.java:updateAndGet(143)) - 696df33b-59a0-4145-913f-936aff0d1566: start FollowerState
2019-10-17 07:09:45,773 [Thread-10675] INFO  impl.FollowerState (FollowerState.java:run(108)) - 696df33b-59a0-4145-913f-936aff0d1566@group-2C0FEEE55AE1-FollowerState: change to CANDIDATE, lastRpcTime:133ms, electionTimeout:133ms
2019-10-17 07:09:45,773 [Thread-10675] INFO  impl.RoleInfo (RoleInfo.java:shutdownFollowerState(121)) - 696df33b-59a0-4145-913f-936aff0d1566: shutdown FollowerState
2019-10-17 07:09:45,773 [Thread-10675] INFO  impl.RaftServerImpl (RaftServerImpl.java:setRole(184)) - 696df33b-59a0-4145-913f-936aff0d1566@group-2C0FEEE55AE1: changes role from  FOLLOWER to CANDIDATE at term 142 for changeToCandidate
2019-10-17 07:09:45,773 [Thread-10675] INFO  impl.RoleInfo (RoleInfo.java:updateAndGet(143)) - 696df33b-59a0-4145-913f-936aff0d1566: start LeaderElection
2019-10-17 07:09:45,786 [696df33b-59a0-4145-913f-936aff0d1566@group-2C0FEEE55AE1-LeaderElection1212] INFO  impl.LeaderElection (LeaderElection.java:askForVotes(178)) - 696df33b-59a0-4145-913f-936aff0d1566@group-2C0FEEE55AE1-LeaderElection1212: begin an election at term 143 for -1: [f3ee4219-89bb-47f2-bbe0-5f784575b745:192.168.157.211:38722, 805254cc-2da6-48d8-a2f9-c1a3ceceab4a:192.168.157.211:35407, 696df33b-59a0-4145-913f-936aff0d1566:192.168.157.211:38803], old=null
2019-10-17 07:09:45,787 [696df33b-59a0-4145-913f-936aff0d1566@group-2C0FEEE55AE1-LeaderElection1212] INFO  impl.LeaderElection (LogUtils.java:infoOrTrace(149)) - 696df33b-59a0-4145-913f-936aff0d1566@group-2C0FEEE55AE1-LeaderElection1212 got exception when requesting votes: {}
java.util.concurrent.ExecutionException: org.apache.ratis.thirdparty.io.grpc.StatusRuntimeException: UNAVAILABLE: io exception
	at java.util.concurrent.FutureTask.report(FutureTask.java:122)
	at java.util.concurrent.FutureTask.get(FutureTask.java:192)
	at org.apache.ratis.server.impl.LeaderElection.waitForResults(LeaderElection.java:259)
	at org.apache.ratis.server.impl.LeaderElection.askForVotes(LeaderElection.java:197)
	at org.apache.ratis.server.impl.LeaderElection.run(LeaderElection.java:133)
	at java.lang.Thread.run(Thread.java:748)
Caused by: org.apache.ratis.thirdparty.io.grpc.StatusRuntimeException: UNAVAILABLE: io exception
	at org.apache.ratis.thirdparty.io.grpc.stub.ClientCalls.toStatusRuntimeException(ClientCalls.java:233)
	at org.apache.ratis.thirdparty.io.grpc.stub.ClientCalls.getUnchecked(ClientCalls.java:214)
	at org.apache.ratis.thirdparty.io.grpc.stub.ClientCalls.blockingUnaryCall(ClientCalls.java:139)
	at org.apache.ratis.proto.grpc.RaftServerProtocolServiceGrpc$RaftServerProtocolServiceBlockingStub.requestVote(RaftServerProtocolServiceGrpc.java:265)
	at org.apache.ratis.grpc.server.GrpcServerProtocolClient.requestVote(GrpcServerProtocolClient.java:99)
	at org.apache.ratis.grpc.server.GrpcService.requestVote(GrpcService.java:204)
	at org.apache.ratis.server.impl.LeaderElection.lambda$submitRequests$1(LeaderElection.java:234)
	at java.util.concurrent.FutureTask.run(FutureTask.java:266)
	at java.util.concurrent.Executors$RunnableAdapter.call(Executors.java:511)
	at java.util.concurrent.FutureTask.run(FutureTask.java:266)
	at java.util.concurrent.ThreadPoolExecutor.runWorker(ThreadPoolExecutor.java:1149)
	at java.util.concurrent.ThreadPoolExecutor$Worker.run(ThreadPoolExecutor.java:624)
	... 1 more
Caused by: org.apache.ratis.thirdparty.io.netty.channel.AbstractChannel$AnnotatedConnectException: Connection refused: /192.168.157.211:38722
	at sun.nio.ch.SocketChannelImpl.checkConnect(Native Method)
	at sun.nio.ch.SocketChannelImpl.finishConnect(SocketChannelImpl.java:717)
	at org.apache.ratis.thirdparty.io.netty.channel.socket.nio.NioSocketChannel.doFinishConnect(NioSocketChannel.java:327)
	at org.apache.ratis.thirdparty.io.netty.channel.nio.AbstractNioChannel$AbstractNioUnsafe.finishConnect(AbstractNioChannel.java:340)
	at org.apache.ratis.thirdparty.io.netty.channel.nio.NioEventLoop.processSelectedKey(NioEventLoop.java:632)
	at org.apache.ratis.thirdparty.io.netty.channel.nio.NioEventLoop.processSelectedKeysOptimized(NioEventLoop.java:579)
	at org.apache.ratis.thirdparty.io.netty.channel.nio.NioEventLoop.processSelectedKeys(NioEventLoop.java:496)
	at org.apache.ratis.thirdparty.io.netty.channel.nio.NioEventLoop.run(NioEventLoop.java:458)
	at org.apache.ratis.thirdparty.io.netty.util.concurrent.SingleThreadEventExecutor$5.run(SingleThreadEventExecutor.java:897)
	at org.apache.ratis.thirdparty.io.netty.util.concurrent.FastThreadLocalRunnable.run(FastThreadLocalRunnable.java:30)
	... 1 more
Caused by: java.net.ConnectException: Connection refused
	... 11 more
2019-10-17 07:09:45,788 [grpc-default-executor-5] INFO  impl.RaftServerImpl (RaftServerImpl.java:setRole(184)) - 805254cc-2da6-48d8-a2f9-c1a3ceceab4a@group-2C0FEEE55AE1: changes role from  FOLLOWER to FOLLOWER at term 143 for recognizeCandidate:696df33b-59a0-4145-913f-936aff0d1566
2019-10-17 07:09:45,788 [grpc-default-executor-5] INFO  impl.RoleInfo (RoleInfo.java:shutdownFollowerState(121)) - 805254cc-2da6-48d8-a2f9-c1a3ceceab4a: shutdown FollowerState
2019-10-17 07:09:45,788 [grpc-default-executor-5] INFO  impl.RoleInfo (RoleInfo.java:updateAndGet(143)) - 805254cc-2da6-48d8-a2f9-c1a3ceceab4a: start FollowerState
2019-10-17 07:09:45,788 [Thread-10674] INFO  impl.FollowerState (FollowerState.java:run(117)) - 805254cc-2da6-48d8-a2f9-c1a3ceceab4a@group-2C0FEEE55AE1-FollowerState was interrupted: java.lang.InterruptedException: sleep interrupted
2019-10-17 07:09:45,801 [696df33b-59a0-4145-913f-936aff0d1566@group-2C0FEEE55AE1-LeaderElection1212] INFO  impl.LeaderElection (LeaderElection.java:logAndReturn(56)) - 696df33b-59a0-4145-913f-936aff0d1566@group-2C0FEEE55AE1-LeaderElection1212: Election REJECTED; received 1 response(s) [696df33b-59a0-4145-913f-936aff0d1566<-805254cc-2da6-48d8-a2f9-c1a3ceceab4a#0:FAIL-t143] and 1 exception(s); 696df33b-59a0-4145-913f-936aff0d1566@group-2C0FEEE55AE1:t143, leader=null, voted=696df33b-59a0-4145-913f-936aff0d1566, raftlog=696df33b-59a0-4145-913f-936aff0d1566@group-2C0FEEE55AE1-SegmentedRaftLog:OPENED:c-1,f-1,i0, conf=-1: [f3ee4219-89bb-47f2-bbe0-5f784575b745:192.168.157.211:38722, 805254cc-2da6-48d8-a2f9-c1a3ceceab4a:192.168.157.211:35407, 696df33b-59a0-4145-913f-936aff0d1566:192.168.157.211:38803], old=null
2019-10-17 07:09:45,801 [696df33b-59a0-4145-913f-936aff0d1566@group-2C0FEEE55AE1-LeaderElection1212] INFO  impl.LeaderElection (LogUtils.java:infoOrTrace(149)) -   Exception 0: {}
java.util.concurrent.ExecutionException: org.apache.ratis.thirdparty.io.grpc.StatusRuntimeException: UNAVAILABLE: io exception
	at java.util.concurrent.FutureTask.report(FutureTask.java:122)
	at java.util.concurrent.FutureTask.get(FutureTask.java:192)
	at org.apache.ratis.server.impl.LeaderElection.waitForResults(LeaderElection.java:259)
	at org.apache.ratis.server.impl.LeaderElection.askForVotes(LeaderElection.java:197)
	at org.apache.ratis.server.impl.LeaderElection.run(LeaderElection.java:133)
	at java.lang.Thread.run(Thread.java:748)
Caused by: org.apache.ratis.thirdparty.io.grpc.StatusRuntimeException: UNAVAILABLE: io exception
	at org.apache.ratis.thirdparty.io.grpc.stub.ClientCalls.toStatusRuntimeException(ClientCalls.java:233)
	at org.apache.ratis.thirdparty.io.grpc.stub.ClientCalls.getUnchecked(ClientCalls.java:214)
	at org.apache.ratis.thirdparty.io.grpc.stub.ClientCalls.blockingUnaryCall(ClientCalls.java:139)
	at org.apache.ratis.proto.grpc.RaftServerProtocolServiceGrpc$RaftServerProtocolServiceBlockingStub.requestVote(RaftServerProtocolServiceGrpc.java:265)
	at org.apache.ratis.grpc.server.GrpcServerProtocolClient.requestVote(GrpcServerProtocolClient.java:99)
	at org.apache.ratis.grpc.server.GrpcService.requestVote(GrpcService.java:204)
	at org.apache.ratis.server.impl.LeaderElection.lambda$submitRequests$1(LeaderElection.java:234)
	at java.util.concurrent.FutureTask.run(FutureTask.java:266)
	at java.util.concurrent.Executors$RunnableAdapter.call(Executors.java:511)
	at java.util.concurrent.FutureTask.run(FutureTask.java:266)
	at java.util.concurrent.ThreadPoolExecutor.runWorker(ThreadPoolExecutor.java:1149)
	at java.util.concurrent.ThreadPoolExecutor$Worker.run(ThreadPoolExecutor.java:624)
	... 1 more
Caused by: org.apache.ratis.thirdparty.io.netty.channel.AbstractChannel$AnnotatedConnectException: Connection refused: /192.168.157.211:38722
	at sun.nio.ch.SocketChannelImpl.checkConnect(Native Method)
	at sun.nio.ch.SocketChannelImpl.finishConnect(SocketChannelImpl.java:717)
	at org.apache.ratis.thirdparty.io.netty.channel.socket.nio.NioSocketChannel.doFinishConnect(NioSocketChannel.java:327)
	at org.apache.ratis.thirdparty.io.netty.channel.nio.AbstractNioChannel$AbstractNioUnsafe.finishConnect(AbstractNioChannel.java:340)
	at org.apache.ratis.thirdparty.io.netty.channel.nio.NioEventLoop.processSelectedKey(NioEventLoop.java:632)
	at org.apache.ratis.thirdparty.io.netty.channel.nio.NioEventLoop.processSelectedKeysOptimized(NioEventLoop.java:579)
	at org.apache.ratis.thirdparty.io.netty.channel.nio.NioEventLoop.processSelectedKeys(NioEventLoop.java:496)
	at org.apache.ratis.thirdparty.io.netty.channel.nio.NioEventLoop.run(NioEventLoop.java:458)
	at org.apache.ratis.thirdparty.io.netty.util.concurrent.SingleThreadEventExecutor$5.run(SingleThreadEventExecutor.java:897)
	at org.apache.ratis.thirdparty.io.netty.util.concurrent.FastThreadLocalRunnable.run(FastThreadLocalRunnable.java:30)
	... 1 more
Caused by: java.net.ConnectException: Connection refused
	... 11 more
2019-10-17 07:09:45,801 [696df33b-59a0-4145-913f-936aff0d1566@group-2C0FEEE55AE1-LeaderElection1212] INFO  impl.RaftServerImpl (RaftServerImpl.java:setRole(184)) - 696df33b-59a0-4145-913f-936aff0d1566@group-2C0FEEE55AE1: changes role from CANDIDATE to FOLLOWER at term 143 for DISCOVERED_A_NEW_TERM
2019-10-17 07:09:45,802 [696df33b-59a0-4145-913f-936aff0d1566@group-2C0FEEE55AE1-LeaderElection1212] INFO  impl.RoleInfo (RoleInfo.java:shutdownLeaderElection(134)) - 696df33b-59a0-4145-913f-936aff0d1566: shutdown LeaderElection
2019-10-17 07:09:45,802 [696df33b-59a0-4145-913f-936aff0d1566@group-2C0FEEE55AE1-LeaderElection1212] INFO  impl.RoleInfo (RoleInfo.java:updateAndGet(143)) - 696df33b-59a0-4145-913f-936aff0d1566: start FollowerState
2019-10-17 07:09:45,971 [Thread-10680] INFO  impl.FollowerState (FollowerState.java:run(108)) - 696df33b-59a0-4145-913f-936aff0d1566@group-2C0FEEE55AE1-FollowerState: change to CANDIDATE, lastRpcTime:169ms, electionTimeout:169ms
2019-10-17 07:09:45,971 [Thread-10680] INFO  impl.RoleInfo (RoleInfo.java:shutdownFollowerState(121)) - 696df33b-59a0-4145-913f-936aff0d1566: shutdown FollowerState
2019-10-17 07:09:45,971 [Thread-10680] INFO  impl.RaftServerImpl (RaftServerImpl.java:setRole(184)) - 696df33b-59a0-4145-913f-936aff0d1566@group-2C0FEEE55AE1: changes role from  FOLLOWER to CANDIDATE at term 143 for changeToCandidate
2019-10-17 07:09:45,971 [Thread-10680] INFO  impl.RoleInfo (RoleInfo.java:updateAndGet(143)) - 696df33b-59a0-4145-913f-936aff0d1566: start LeaderElection
2019-10-17 07:09:45,985 [696df33b-59a0-4145-913f-936aff0d1566@group-2C0FEEE55AE1-LeaderElection1213] INFO  impl.LeaderElection (LeaderElection.java:askForVotes(178)) - 696df33b-59a0-4145-913f-936aff0d1566@group-2C0FEEE55AE1-LeaderElection1213: begin an election at term 144 for -1: [f3ee4219-89bb-47f2-bbe0-5f784575b745:192.168.157.211:38722, 805254cc-2da6-48d8-a2f9-c1a3ceceab4a:192.168.157.211:35407, 696df33b-59a0-4145-913f-936aff0d1566:192.168.157.211:38803], old=null
2019-10-17 07:09:45,986 [696df33b-59a0-4145-913f-936aff0d1566@group-2C0FEEE55AE1-LeaderElection1213] INFO  impl.LeaderElection (LogUtils.java:infoOrTrace(149)) - 696df33b-59a0-4145-913f-936aff0d1566@group-2C0FEEE55AE1-LeaderElection1213 got exception when requesting votes: {}
java.util.concurrent.ExecutionException: org.apache.ratis.thirdparty.io.grpc.StatusRuntimeException: UNAVAILABLE: io exception
	at java.util.concurrent.FutureTask.report(FutureTask.java:122)
	at java.util.concurrent.FutureTask.get(FutureTask.java:192)
	at org.apache.ratis.server.impl.LeaderElection.waitForResults(LeaderElection.java:259)
	at org.apache.ratis.server.impl.LeaderElection.askForVotes(LeaderElection.java:197)
	at org.apache.ratis.server.impl.LeaderElection.run(LeaderElection.java:133)
	at java.lang.Thread.run(Thread.java:748)
Caused by: org.apache.ratis.thirdparty.io.grpc.StatusRuntimeException: UNAVAILABLE: io exception
	at org.apache.ratis.thirdparty.io.grpc.stub.ClientCalls.toStatusRuntimeException(ClientCalls.java:233)
	at org.apache.ratis.thirdparty.io.grpc.stub.ClientCalls.getUnchecked(ClientCalls.java:214)
	at org.apache.ratis.thirdparty.io.grpc.stub.ClientCalls.blockingUnaryCall(ClientCalls.java:139)
	at org.apache.ratis.proto.grpc.RaftServerProtocolServiceGrpc$RaftServerProtocolServiceBlockingStub.requestVote(RaftServerProtocolServiceGrpc.java:265)
	at org.apache.ratis.grpc.server.GrpcServerProtocolClient.requestVote(GrpcServerProtocolClient.java:99)
	at org.apache.ratis.grpc.server.GrpcService.requestVote(GrpcService.java:204)
	at org.apache.ratis.server.impl.LeaderElection.lambda$submitRequests$1(LeaderElection.java:234)
	at java.util.concurrent.FutureTask.run(FutureTask.java:266)
	at java.util.concurrent.Executors$RunnableAdapter.call(Executors.java:511)
	at java.util.concurrent.FutureTask.run(FutureTask.java:266)
	at java.util.concurrent.ThreadPoolExecutor.runWorker(ThreadPoolExecutor.java:1149)
	at java.util.concurrent.ThreadPoolExecutor$Worker.run(ThreadPoolExecutor.java:624)
	... 1 more
Caused by: org.apache.ratis.thirdparty.io.netty.channel.AbstractChannel$AnnotatedConnectException: Connection refused: /192.168.157.211:38722
	at sun.nio.ch.SocketChannelImpl.checkConnect(Native Method)
	at sun.nio.ch.SocketChannelImpl.finishConnect(SocketChannelImpl.java:717)
	at org.apache.ratis.thirdparty.io.netty.channel.socket.nio.NioSocketChannel.doFinishConnect(NioSocketChannel.java:327)
	at org.apache.ratis.thirdparty.io.netty.channel.nio.AbstractNioChannel$AbstractNioUnsafe.finishConnect(AbstractNioChannel.java:340)
	at org.apache.ratis.thirdparty.io.netty.channel.nio.NioEventLoop.processSelectedKey(NioEventLoop.java:632)
	at org.apache.ratis.thirdparty.io.netty.channel.nio.NioEventLoop.processSelectedKeysOptimized(NioEventLoop.java:579)
	at org.apache.ratis.thirdparty.io.netty.channel.nio.NioEventLoop.processSelectedKeys(NioEventLoop.java:496)
	at org.apache.ratis.thirdparty.io.netty.channel.nio.NioEventLoop.run(NioEventLoop.java:458)
	at org.apache.ratis.thirdparty.io.netty.util.concurrent.SingleThreadEventExecutor$5.run(SingleThreadEventExecutor.java:897)
	at org.apache.ratis.thirdparty.io.netty.util.concurrent.FastThreadLocalRunnable.run(FastThreadLocalRunnable.java:30)
	... 1 more
Caused by: java.net.ConnectException: Connection refused
	... 11 more
2019-10-17 07:09:45,987 [grpc-default-executor-5] INFO  impl.RaftServerImpl (RaftServerImpl.java:setRole(184)) - 805254cc-2da6-48d8-a2f9-c1a3ceceab4a@group-2C0FEEE55AE1: changes role from  FOLLOWER to FOLLOWER at term 144 for recognizeCandidate:696df33b-59a0-4145-913f-936aff0d1566
2019-10-17 07:09:45,987 [grpc-default-executor-5] INFO  impl.RoleInfo (RoleInfo.java:shutdownFollowerState(121)) - 805254cc-2da6-48d8-a2f9-c1a3ceceab4a: shutdown FollowerState
2019-10-17 07:09:45,987 [grpc-default-executor-5] INFO  impl.RoleInfo (RoleInfo.java:updateAndGet(143)) - 805254cc-2da6-48d8-a2f9-c1a3ceceab4a: start FollowerState
2019-10-17 07:09:45,987 [Thread-10679] INFO  impl.FollowerState (FollowerState.java:run(117)) - 805254cc-2da6-48d8-a2f9-c1a3ceceab4a@group-2C0FEEE55AE1-FollowerState was interrupted: java.lang.InterruptedException: sleep interrupted
2019-10-17 07:09:46,000 [696df33b-59a0-4145-913f-936aff0d1566@group-2C0FEEE55AE1-LeaderElection1213] INFO  impl.LeaderElection (LeaderElection.java:logAndReturn(56)) - 696df33b-59a0-4145-913f-936aff0d1566@group-2C0FEEE55AE1-LeaderElection1213: Election REJECTED; received 1 response(s) [696df33b-59a0-4145-913f-936aff0d1566<-805254cc-2da6-48d8-a2f9-c1a3ceceab4a#0:FAIL-t144] and 1 exception(s); 696df33b-59a0-4145-913f-936aff0d1566@group-2C0FEEE55AE1:t144, leader=null, voted=696df33b-59a0-4145-913f-936aff0d1566, raftlog=696df33b-59a0-4145-913f-936aff0d1566@group-2C0FEEE55AE1-SegmentedRaftLog:OPENED:c-1,f-1,i0, conf=-1: [f3ee4219-89bb-47f2-bbe0-5f784575b745:192.168.157.211:38722, 805254cc-2da6-48d8-a2f9-c1a3ceceab4a:192.168.157.211:35407, 696df33b-59a0-4145-913f-936aff0d1566:192.168.157.211:38803], old=null
2019-10-17 07:09:46,000 [696df33b-59a0-4145-913f-936aff0d1566@group-2C0FEEE55AE1-LeaderElection1213] INFO  impl.LeaderElection (LogUtils.java:infoOrTrace(149)) -   Exception 0: {}
java.util.concurrent.ExecutionException: org.apache.ratis.thirdparty.io.grpc.StatusRuntimeException: UNAVAILABLE: io exception
	at java.util.concurrent.FutureTask.report(FutureTask.java:122)
	at java.util.concurrent.FutureTask.get(FutureTask.java:192)
	at org.apache.ratis.server.impl.LeaderElection.waitForResults(LeaderElection.java:259)
	at org.apache.ratis.server.impl.LeaderElection.askForVotes(LeaderElection.java:197)
	at org.apache.ratis.server.impl.LeaderElection.run(LeaderElection.java:133)
	at java.lang.Thread.run(Thread.java:748)
Caused by: org.apache.ratis.thirdparty.io.grpc.StatusRuntimeException: UNAVAILABLE: io exception
	at org.apache.ratis.thirdparty.io.grpc.stub.ClientCalls.toStatusRuntimeException(ClientCalls.java:233)
	at org.apache.ratis.thirdparty.io.grpc.stub.ClientCalls.getUnchecked(ClientCalls.java:214)
	at org.apache.ratis.thirdparty.io.grpc.stub.ClientCalls.blockingUnaryCall(ClientCalls.java:139)
	at org.apache.ratis.proto.grpc.RaftServerProtocolServiceGrpc$RaftServerProtocolServiceBlockingStub.requestVote(RaftServerProtocolServiceGrpc.java:265)
	at org.apache.ratis.grpc.server.GrpcServerProtocolClient.requestVote(GrpcServerProtocolClient.java:99)
	at org.apache.ratis.grpc.server.GrpcService.requestVote(GrpcService.java:204)
	at org.apache.ratis.server.impl.LeaderElection.lambda$submitRequests$1(LeaderElection.java:234)
	at java.util.concurrent.FutureTask.run(FutureTask.java:266)
	at java.util.concurrent.Executors$RunnableAdapter.call(Executors.java:511)
	at java.util.concurrent.FutureTask.run(FutureTask.java:266)
	at java.util.concurrent.ThreadPoolExecutor.runWorker(ThreadPoolExecutor.java:1149)
	at java.util.concurrent.ThreadPoolExecutor$Worker.run(ThreadPoolExecutor.java:624)
	... 1 more
Caused by: org.apache.ratis.thirdparty.io.netty.channel.AbstractChannel$AnnotatedConnectException: Connection refused: /192.168.157.211:38722
	at sun.nio.ch.SocketChannelImpl.checkConnect(Native Method)
	at sun.nio.ch.SocketChannelImpl.finishConnect(SocketChannelImpl.java:717)
	at org.apache.ratis.thirdparty.io.netty.channel.socket.nio.NioSocketChannel.doFinishConnect(NioSocketChannel.java:327)
	at org.apache.ratis.thirdparty.io.netty.channel.nio.AbstractNioChannel$AbstractNioUnsafe.finishConnect(AbstractNioChannel.java:340)
	at org.apache.ratis.thirdparty.io.netty.channel.nio.NioEventLoop.processSelectedKey(NioEventLoop.java:632)
	at org.apache.ratis.thirdparty.io.netty.channel.nio.NioEventLoop.processSelectedKeysOptimized(NioEventLoop.java:579)
	at org.apache.ratis.thirdparty.io.netty.channel.nio.NioEventLoop.processSelectedKeys(NioEventLoop.java:496)
	at org.apache.ratis.thirdparty.io.netty.channel.nio.NioEventLoop.run(NioEventLoop.java:458)
	at org.apache.ratis.thirdparty.io.netty.util.concurrent.SingleThreadEventExecutor$5.run(SingleThreadEventExecutor.java:897)
	at org.apache.ratis.thirdparty.io.netty.util.concurrent.FastThreadLocalRunnable.run(FastThreadLocalRunnable.java:30)
	... 1 more
Caused by: java.net.ConnectException: Connection refused
	... 11 more
2019-10-17 07:09:46,001 [696df33b-59a0-4145-913f-936aff0d1566@group-2C0FEEE55AE1-LeaderElection1213] INFO  impl.RaftServerImpl (RaftServerImpl.java:setRole(184)) - 696df33b-59a0-4145-913f-936aff0d1566@group-2C0FEEE55AE1: changes role from CANDIDATE to FOLLOWER at term 144 for DISCOVERED_A_NEW_TERM
2019-10-17 07:09:46,001 [696df33b-59a0-4145-913f-936aff0d1566@group-2C0FEEE55AE1-LeaderElection1213] INFO  impl.RoleInfo (RoleInfo.java:shutdownLeaderElection(134)) - 696df33b-59a0-4145-913f-936aff0d1566: shutdown LeaderElection
2019-10-17 07:09:46,001 [696df33b-59a0-4145-913f-936aff0d1566@group-2C0FEEE55AE1-LeaderElection1213] INFO  impl.RoleInfo (RoleInfo.java:updateAndGet(143)) - 696df33b-59a0-4145-913f-936aff0d1566: start FollowerState
2019-10-17 07:09:46,138 [Thread-10687] INFO  impl.FollowerState (FollowerState.java:run(108)) - 696df33b-59a0-4145-913f-936aff0d1566@group-2C0FEEE55AE1-FollowerState: change to CANDIDATE, lastRpcTime:137ms, electionTimeout:137ms
2019-10-17 07:09:46,138 [Thread-10687] INFO  impl.RoleInfo (RoleInfo.java:shutdownFollowerState(121)) - 696df33b-59a0-4145-913f-936aff0d1566: shutdown FollowerState
2019-10-17 07:09:46,139 [Thread-10687] INFO  impl.RaftServerImpl (RaftServerImpl.java:setRole(184)) - 696df33b-59a0-4145-913f-936aff0d1566@group-2C0FEEE55AE1: changes role from  FOLLOWER to CANDIDATE at term 144 for changeToCandidate
2019-10-17 07:09:46,139 [Thread-10687] INFO  impl.RoleInfo (RoleInfo.java:updateAndGet(143)) - 696df33b-59a0-4145-913f-936aff0d1566: start LeaderElection
2019-10-17 07:09:46,152 [696df33b-59a0-4145-913f-936aff0d1566@group-2C0FEEE55AE1-LeaderElection1214] INFO  impl.LeaderElection (LeaderElection.java:askForVotes(178)) - 696df33b-59a0-4145-913f-936aff0d1566@group-2C0FEEE55AE1-LeaderElection1214: begin an election at term 145 for -1: [f3ee4219-89bb-47f2-bbe0-5f784575b745:192.168.157.211:38722, 805254cc-2da6-48d8-a2f9-c1a3ceceab4a:192.168.157.211:35407, 696df33b-59a0-4145-913f-936aff0d1566:192.168.157.211:38803], old=null
2019-10-17 07:09:46,152 [696df33b-59a0-4145-913f-936aff0d1566@group-2C0FEEE55AE1-LeaderElection1214] INFO  impl.LeaderElection (LogUtils.java:infoOrTrace(149)) - 696df33b-59a0-4145-913f-936aff0d1566@group-2C0FEEE55AE1-LeaderElection1214 got exception when requesting votes: {}
java.util.concurrent.ExecutionException: org.apache.ratis.thirdparty.io.grpc.StatusRuntimeException: UNAVAILABLE: io exception
	at java.util.concurrent.FutureTask.report(FutureTask.java:122)
	at java.util.concurrent.FutureTask.get(FutureTask.java:192)
	at org.apache.ratis.server.impl.LeaderElection.waitForResults(LeaderElection.java:259)
	at org.apache.ratis.server.impl.LeaderElection.askForVotes(LeaderElection.java:197)
	at org.apache.ratis.server.impl.LeaderElection.run(LeaderElection.java:133)
	at java.lang.Thread.run(Thread.java:748)
Caused by: org.apache.ratis.thirdparty.io.grpc.StatusRuntimeException: UNAVAILABLE: io exception
	at org.apache.ratis.thirdparty.io.grpc.stub.ClientCalls.toStatusRuntimeException(ClientCalls.java:233)
	at org.apache.ratis.thirdparty.io.grpc.stub.ClientCalls.getUnchecked(ClientCalls.java:214)
	at org.apache.ratis.thirdparty.io.grpc.stub.ClientCalls.blockingUnaryCall(ClientCalls.java:139)
	at org.apache.ratis.proto.grpc.RaftServerProtocolServiceGrpc$RaftServerProtocolServiceBlockingStub.requestVote(RaftServerProtocolServiceGrpc.java:265)
	at org.apache.ratis.grpc.server.GrpcServerProtocolClient.requestVote(GrpcServerProtocolClient.java:99)
	at org.apache.ratis.grpc.server.GrpcService.requestVote(GrpcService.java:204)
	at org.apache.ratis.server.impl.LeaderElection.lambda$submitRequests$1(LeaderElection.java:234)
	at java.util.concurrent.FutureTask.run(FutureTask.java:266)
	at java.util.concurrent.Executors$RunnableAdapter.call(Executors.java:511)
	at java.util.concurrent.FutureTask.run(FutureTask.java:266)
	at java.util.concurrent.ThreadPoolExecutor.runWorker(ThreadPoolExecutor.java:1149)
	at java.util.concurrent.ThreadPoolExecutor$Worker.run(ThreadPoolExecutor.java:624)
	... 1 more
Caused by: org.apache.ratis.thirdparty.io.netty.channel.AbstractChannel$AnnotatedConnectException: Connection refused: /192.168.157.211:38722
	at sun.nio.ch.SocketChannelImpl.checkConnect(Native Method)
	at sun.nio.ch.SocketChannelImpl.finishConnect(SocketChannelImpl.java:717)
	at org.apache.ratis.thirdparty.io.netty.channel.socket.nio.NioSocketChannel.doFinishConnect(NioSocketChannel.java:327)
	at org.apache.ratis.thirdparty.io.netty.channel.nio.AbstractNioChannel$AbstractNioUnsafe.finishConnect(AbstractNioChannel.java:340)
	at org.apache.ratis.thirdparty.io.netty.channel.nio.NioEventLoop.processSelectedKey(NioEventLoop.java:632)
	at org.apache.ratis.thirdparty.io.netty.channel.nio.NioEventLoop.processSelectedKeysOptimized(NioEventLoop.java:579)
	at org.apache.ratis.thirdparty.io.netty.channel.nio.NioEventLoop.processSelectedKeys(NioEventLoop.java:496)
	at org.apache.ratis.thirdparty.io.netty.channel.nio.NioEventLoop.run(NioEventLoop.java:458)
	at org.apache.ratis.thirdparty.io.netty.util.concurrent.SingleThreadEventExecutor$5.run(SingleThreadEventExecutor.java:897)
	at org.apache.ratis.thirdparty.io.netty.util.concurrent.FastThreadLocalRunnable.run(FastThreadLocalRunnable.java:30)
	... 1 more
Caused by: java.net.ConnectException: Connection refused
	... 11 more
2019-10-17 07:09:46,153 [grpc-default-executor-5] INFO  impl.RaftServerImpl (RaftServerImpl.java:setRole(184)) - 805254cc-2da6-48d8-a2f9-c1a3ceceab4a@group-2C0FEEE55AE1: changes role from  FOLLOWER to FOLLOWER at term 145 for recognizeCandidate:696df33b-59a0-4145-913f-936aff0d1566
2019-10-17 07:09:46,154 [grpc-default-executor-5] INFO  impl.RoleInfo (RoleInfo.java:shutdownFollowerState(121)) - 805254cc-2da6-48d8-a2f9-c1a3ceceab4a: shutdown FollowerState
2019-10-17 07:09:46,154 [grpc-default-executor-5] INFO  impl.RoleInfo (RoleInfo.java:updateAndGet(143)) - 805254cc-2da6-48d8-a2f9-c1a3ceceab4a: start FollowerState
2019-10-17 07:09:46,154 [Thread-10686] INFO  impl.FollowerState (FollowerState.java:run(117)) - 805254cc-2da6-48d8-a2f9-c1a3ceceab4a@group-2C0FEEE55AE1-FollowerState was interrupted: java.lang.InterruptedException: sleep interrupted
2019-10-17 07:09:46,173 [696df33b-59a0-4145-913f-936aff0d1566@group-2C0FEEE55AE1-LeaderElection1214] INFO  impl.LeaderElection (LeaderElection.java:logAndReturn(56)) - 696df33b-59a0-4145-913f-936aff0d1566@group-2C0FEEE55AE1-LeaderElection1214: Election REJECTED; received 1 response(s) [696df33b-59a0-4145-913f-936aff0d1566<-805254cc-2da6-48d8-a2f9-c1a3ceceab4a#0:FAIL-t145] and 1 exception(s); 696df33b-59a0-4145-913f-936aff0d1566@group-2C0FEEE55AE1:t145, leader=null, voted=696df33b-59a0-4145-913f-936aff0d1566, raftlog=696df33b-59a0-4145-913f-936aff0d1566@group-2C0FEEE55AE1-SegmentedRaftLog:OPENED:c-1,f-1,i0, conf=-1: [f3ee4219-89bb-47f2-bbe0-5f784575b745:192.168.157.211:38722, 805254cc-2da6-48d8-a2f9-c1a3ceceab4a:192.168.157.211:35407, 696df33b-59a0-4145-913f-936aff0d1566:192.168.157.211:38803], old=null
2019-10-17 07:09:46,173 [696df33b-59a0-4145-913f-936aff0d1566@group-2C0FEEE55AE1-LeaderElection1214] INFO  impl.LeaderElection (LogUtils.java:infoOrTrace(149)) -   Exception 0: {}
java.util.concurrent.ExecutionException: org.apache.ratis.thirdparty.io.grpc.StatusRuntimeException: UNAVAILABLE: io exception
	at java.util.concurrent.FutureTask.report(FutureTask.java:122)
	at java.util.concurrent.FutureTask.get(FutureTask.java:192)
	at org.apache.ratis.server.impl.LeaderElection.waitForResults(LeaderElection.java:259)
	at org.apache.ratis.server.impl.LeaderElection.askForVotes(LeaderElection.java:197)
	at org.apache.ratis.server.impl.LeaderElection.run(LeaderElection.java:133)
	at java.lang.Thread.run(Thread.java:748)
Caused by: org.apache.ratis.thirdparty.io.grpc.StatusRuntimeException: UNAVAILABLE: io exception
	at org.apache.ratis.thirdparty.io.grpc.stub.ClientCalls.toStatusRuntimeException(ClientCalls.java:233)
	at org.apache.ratis.thirdparty.io.grpc.stub.ClientCalls.getUnchecked(ClientCalls.java:214)
	at org.apache.ratis.thirdparty.io.grpc.stub.ClientCalls.blockingUnaryCall(ClientCalls.java:139)
	at org.apache.ratis.proto.grpc.RaftServerProtocolServiceGrpc$RaftServerProtocolServiceBlockingStub.requestVote(RaftServerProtocolServiceGrpc.java:265)
	at org.apache.ratis.grpc.server.GrpcServerProtocolClient.requestVote(GrpcServerProtocolClient.java:99)
	at org.apache.ratis.grpc.server.GrpcService.requestVote(GrpcService.java:204)
	at org.apache.ratis.server.impl.LeaderElection.lambda$submitRequests$1(LeaderElection.java:234)
	at java.util.concurrent.FutureTask.run(FutureTask.java:266)
	at java.util.concurrent.Executors$RunnableAdapter.call(Executors.java:511)
	at java.util.concurrent.FutureTask.run(FutureTask.java:266)
	at java.util.concurrent.ThreadPoolExecutor.runWorker(ThreadPoolExecutor.java:1149)
	at java.util.concurrent.ThreadPoolExecutor$Worker.run(ThreadPoolExecutor.java:624)
	... 1 more
Caused by: org.apache.ratis.thirdparty.io.netty.channel.AbstractChannel$AnnotatedConnectException: Connection refused: /192.168.157.211:38722
	at sun.nio.ch.SocketChannelImpl.checkConnect(Native Method)
	at sun.nio.ch.SocketChannelImpl.finishConnect(SocketChannelImpl.java:717)
	at org.apache.ratis.thirdparty.io.netty.channel.socket.nio.NioSocketChannel.doFinishConnect(NioSocketChannel.java:327)
	at org.apache.ratis.thirdparty.io.netty.channel.nio.AbstractNioChannel$AbstractNioUnsafe.finishConnect(AbstractNioChannel.java:340)
	at org.apache.ratis.thirdparty.io.netty.channel.nio.NioEventLoop.processSelectedKey(NioEventLoop.java:632)
	at org.apache.ratis.thirdparty.io.netty.channel.nio.NioEventLoop.processSelectedKeysOptimized(NioEventLoop.java:579)
	at org.apache.ratis.thirdparty.io.netty.channel.nio.NioEventLoop.processSelectedKeys(NioEventLoop.java:496)
	at org.apache.ratis.thirdparty.io.netty.channel.nio.NioEventLoop.run(NioEventLoop.java:458)
	at org.apache.ratis.thirdparty.io.netty.util.concurrent.SingleThreadEventExecutor$5.run(SingleThreadEventExecutor.java:897)
	at org.apache.ratis.thirdparty.io.netty.util.concurrent.FastThreadLocalRunnable.run(FastThreadLocalRunnable.java:30)
	... 1 more
Caused by: java.net.ConnectException: Connection refused
	... 11 more
2019-10-17 07:09:46,173 [696df33b-59a0-4145-913f-936aff0d1566@group-2C0FEEE55AE1-LeaderElection1214] INFO  impl.RaftServerImpl (RaftServerImpl.java:setRole(184)) - 696df33b-59a0-4145-913f-936aff0d1566@group-2C0FEEE55AE1: changes role from CANDIDATE to FOLLOWER at term 145 for DISCOVERED_A_NEW_TERM
2019-10-17 07:09:46,173 [696df33b-59a0-4145-913f-936aff0d1566@group-2C0FEEE55AE1-LeaderElection1214] INFO  impl.RoleInfo (RoleInfo.java:shutdownLeaderElection(134)) - 696df33b-59a0-4145-913f-936aff0d1566: shutdown LeaderElection
2019-10-17 07:09:46,173 [696df33b-59a0-4145-913f-936aff0d1566@group-2C0FEEE55AE1-LeaderElection1214] INFO  impl.RoleInfo (RoleInfo.java:updateAndGet(143)) - 696df33b-59a0-4145-913f-936aff0d1566: start FollowerState
2019-10-17 07:09:46,226 [Thread-10694] INFO  impl.FollowerState (FollowerState.java:run(108)) - 696df33b-59a0-4145-913f-936aff0d1566@group-2C0FEEE55AE1-FollowerState: change to CANDIDATE, lastRpcTime:52ms, electionTimeout:52ms
2019-10-17 07:09:46,226 [Thread-10694] INFO  impl.RoleInfo (RoleInfo.java:shutdownFollowerState(121)) - 696df33b-59a0-4145-913f-936aff0d1566: shutdown FollowerState
2019-10-17 07:09:46,226 [Thread-10694] INFO  impl.RaftServerImpl (RaftServerImpl.java:setRole(184)) - 696df33b-59a0-4145-913f-936aff0d1566@group-2C0FEEE55AE1: changes role from  FOLLOWER to CANDIDATE at term 145 for changeToCandidate
2019-10-17 07:09:46,226 [Thread-10694] INFO  impl.RoleInfo (RoleInfo.java:updateAndGet(143)) - 696df33b-59a0-4145-913f-936aff0d1566: start LeaderElection
2019-10-17 07:09:46,251 [696df33b-59a0-4145-913f-936aff0d1566@group-2C0FEEE55AE1-LeaderElection1215] INFO  impl.LeaderElection (LeaderElection.java:askForVotes(178)) - 696df33b-59a0-4145-913f-936aff0d1566@group-2C0FEEE55AE1-LeaderElection1215: begin an election at term 146 for -1: [f3ee4219-89bb-47f2-bbe0-5f784575b745:192.168.157.211:38722, 805254cc-2da6-48d8-a2f9-c1a3ceceab4a:192.168.157.211:35407, 696df33b-59a0-4145-913f-936aff0d1566:192.168.157.211:38803], old=null
2019-10-17 07:09:46,252 [696df33b-59a0-4145-913f-936aff0d1566@group-2C0FEEE55AE1-LeaderElection1215] INFO  impl.LeaderElection (LogUtils.java:infoOrTrace(149)) - 696df33b-59a0-4145-913f-936aff0d1566@group-2C0FEEE55AE1-LeaderElection1215 got exception when requesting votes: {}
java.util.concurrent.ExecutionException: org.apache.ratis.thirdparty.io.grpc.StatusRuntimeException: UNAVAILABLE: io exception
	at java.util.concurrent.FutureTask.report(FutureTask.java:122)
	at java.util.concurrent.FutureTask.get(FutureTask.java:192)
	at org.apache.ratis.server.impl.LeaderElection.waitForResults(LeaderElection.java:259)
	at org.apache.ratis.server.impl.LeaderElection.askForVotes(LeaderElection.java:197)
	at org.apache.ratis.server.impl.LeaderElection.run(LeaderElection.java:133)
	at java.lang.Thread.run(Thread.java:748)
Caused by: org.apache.ratis.thirdparty.io.grpc.StatusRuntimeException: UNAVAILABLE: io exception
	at org.apache.ratis.thirdparty.io.grpc.stub.ClientCalls.toStatusRuntimeException(ClientCalls.java:233)
	at org.apache.ratis.thirdparty.io.grpc.stub.ClientCalls.getUnchecked(ClientCalls.java:214)
	at org.apache.ratis.thirdparty.io.grpc.stub.ClientCalls.blockingUnaryCall(ClientCalls.java:139)
	at org.apache.ratis.proto.grpc.RaftServerProtocolServiceGrpc$RaftServerProtocolServiceBlockingStub.requestVote(RaftServerProtocolServiceGrpc.java:265)
	at org.apache.ratis.grpc.server.GrpcServerProtocolClient.requestVote(GrpcServerProtocolClient.java:99)
	at org.apache.ratis.grpc.server.GrpcService.requestVote(GrpcService.java:204)
	at org.apache.ratis.server.impl.LeaderElection.lambda$submitRequests$1(LeaderElection.java:234)
	at java.util.concurrent.FutureTask.run(FutureTask.java:266)
	at java.util.concurrent.Executors$RunnableAdapter.call(Executors.java:511)
	at java.util.concurrent.FutureTask.run(FutureTask.java:266)
	at java.util.concurrent.ThreadPoolExecutor.runWorker(ThreadPoolExecutor.java:1149)
	at java.util.concurrent.ThreadPoolExecutor$Worker.run(ThreadPoolExecutor.java:624)
	... 1 more
Caused by: org.apache.ratis.thirdparty.io.netty.channel.AbstractChannel$AnnotatedConnectException: Connection refused: /192.168.157.211:38722
	at sun.nio.ch.SocketChannelImpl.checkConnect(Native Method)
	at sun.nio.ch.SocketChannelImpl.finishConnect(SocketChannelImpl.java:717)
	at org.apache.ratis.thirdparty.io.netty.channel.socket.nio.NioSocketChannel.doFinishConnect(NioSocketChannel.java:327)
	at org.apache.ratis.thirdparty.io.netty.channel.nio.AbstractNioChannel$AbstractNioUnsafe.finishConnect(AbstractNioChannel.java:340)
	at org.apache.ratis.thirdparty.io.netty.channel.nio.NioEventLoop.processSelectedKey(NioEventLoop.java:632)
	at org.apache.ratis.thirdparty.io.netty.channel.nio.NioEventLoop.processSelectedKeysOptimized(NioEventLoop.java:579)
	at org.apache.ratis.thirdparty.io.netty.channel.nio.NioEventLoop.processSelectedKeys(NioEventLoop.java:496)
	at org.apache.ratis.thirdparty.io.netty.channel.nio.NioEventLoop.run(NioEventLoop.java:458)
	at org.apache.ratis.thirdparty.io.netty.util.concurrent.SingleThreadEventExecutor$5.run(SingleThreadEventExecutor.java:897)
	at org.apache.ratis.thirdparty.io.netty.util.concurrent.FastThreadLocalRunnable.run(FastThreadLocalRunnable.java:30)
	... 1 more
Caused by: java.net.ConnectException: Connection refused
	... 11 more
2019-10-17 07:09:46,253 [grpc-default-executor-5] INFO  impl.RaftServerImpl (RaftServerImpl.java:setRole(184)) - 805254cc-2da6-48d8-a2f9-c1a3ceceab4a@group-2C0FEEE55AE1: changes role from  FOLLOWER to FOLLOWER at term 146 for recognizeCandidate:696df33b-59a0-4145-913f-936aff0d1566
2019-10-17 07:09:46,253 [grpc-default-executor-5] INFO  impl.RoleInfo (RoleInfo.java:shutdownFollowerState(121)) - 805254cc-2da6-48d8-a2f9-c1a3ceceab4a: shutdown FollowerState
2019-10-17 07:09:46,253 [grpc-default-executor-5] INFO  impl.RoleInfo (RoleInfo.java:updateAndGet(143)) - 805254cc-2da6-48d8-a2f9-c1a3ceceab4a: start FollowerState
2019-10-17 07:09:46,253 [Thread-10693] INFO  impl.FollowerState (FollowerState.java:run(117)) - 805254cc-2da6-48d8-a2f9-c1a3ceceab4a@group-2C0FEEE55AE1-FollowerState was interrupted: java.lang.InterruptedException: sleep interrupted
2019-10-17 07:09:46,267 [696df33b-59a0-4145-913f-936aff0d1566@group-2C0FEEE55AE1-LeaderElection1215] INFO  impl.LeaderElection (LeaderElection.java:logAndReturn(56)) - 696df33b-59a0-4145-913f-936aff0d1566@group-2C0FEEE55AE1-LeaderElection1215: Election REJECTED; received 1 response(s) [696df33b-59a0-4145-913f-936aff0d1566<-805254cc-2da6-48d8-a2f9-c1a3ceceab4a#0:FAIL-t146] and 1 exception(s); 696df33b-59a0-4145-913f-936aff0d1566@group-2C0FEEE55AE1:t146, leader=null, voted=696df33b-59a0-4145-913f-936aff0d1566, raftlog=696df33b-59a0-4145-913f-936aff0d1566@group-2C0FEEE55AE1-SegmentedRaftLog:OPENED:c-1,f-1,i0, conf=-1: [f3ee4219-89bb-47f2-bbe0-5f784575b745:192.168.157.211:38722, 805254cc-2da6-48d8-a2f9-c1a3ceceab4a:192.168.157.211:35407, 696df33b-59a0-4145-913f-936aff0d1566:192.168.157.211:38803], old=null
2019-10-17 07:09:46,267 [696df33b-59a0-4145-913f-936aff0d1566@group-2C0FEEE55AE1-LeaderElection1215] INFO  impl.LeaderElection (LogUtils.java:infoOrTrace(149)) -   Exception 0: {}
java.util.concurrent.ExecutionException: org.apache.ratis.thirdparty.io.grpc.StatusRuntimeException: UNAVAILABLE: io exception
	at java.util.concurrent.FutureTask.report(FutureTask.java:122)
	at java.util.concurrent.FutureTask.get(FutureTask.java:192)
	at org.apache.ratis.server.impl.LeaderElection.waitForResults(LeaderElection.java:259)
	at org.apache.ratis.server.impl.LeaderElection.askForVotes(LeaderElection.java:197)
	at org.apache.ratis.server.impl.LeaderElection.run(LeaderElection.java:133)
	at java.lang.Thread.run(Thread.java:748)
Caused by: org.apache.ratis.thirdparty.io.grpc.StatusRuntimeException: UNAVAILABLE: io exception
	at org.apache.ratis.thirdparty.io.grpc.stub.ClientCalls.toStatusRuntimeException(ClientCalls.java:233)
	at org.apache.ratis.thirdparty.io.grpc.stub.ClientCalls.getUnchecked(ClientCalls.java:214)
	at org.apache.ratis.thirdparty.io.grpc.stub.ClientCalls.blockingUnaryCall(ClientCalls.java:139)
	at org.apache.ratis.proto.grpc.RaftServerProtocolServiceGrpc$RaftServerProtocolServiceBlockingStub.requestVote(RaftServerProtocolServiceGrpc.java:265)
	at org.apache.ratis.grpc.server.GrpcServerProtocolClient.requestVote(GrpcServerProtocolClient.java:99)
	at org.apache.ratis.grpc.server.GrpcService.requestVote(GrpcService.java:204)
	at org.apache.ratis.server.impl.LeaderElection.lambda$submitRequests$1(LeaderElection.java:234)
	at java.util.concurrent.FutureTask.run(FutureTask.java:266)
	at java.util.concurrent.Executors$RunnableAdapter.call(Executors.java:511)
	at java.util.concurrent.FutureTask.run(FutureTask.java:266)
	at java.util.concurrent.ThreadPoolExecutor.runWorker(ThreadPoolExecutor.java:1149)
	at java.util.concurrent.ThreadPoolExecutor$Worker.run(ThreadPoolExecutor.java:624)
	... 1 more
Caused by: org.apache.ratis.thirdparty.io.netty.channel.AbstractChannel$AnnotatedConnectException: Connection refused: /192.168.157.211:38722
	at sun.nio.ch.SocketChannelImpl.checkConnect(Native Method)
	at sun.nio.ch.SocketChannelImpl.finishConnect(SocketChannelImpl.java:717)
	at org.apache.ratis.thirdparty.io.netty.channel.socket.nio.NioSocketChannel.doFinishConnect(NioSocketChannel.java:327)
	at org.apache.ratis.thirdparty.io.netty.channel.nio.AbstractNioChannel$AbstractNioUnsafe.finishConnect(AbstractNioChannel.java:340)
	at org.apache.ratis.thirdparty.io.netty.channel.nio.NioEventLoop.processSelectedKey(NioEventLoop.java:632)
	at org.apache.ratis.thirdparty.io.netty.channel.nio.NioEventLoop.processSelectedKeysOptimized(NioEventLoop.java:579)
	at org.apache.ratis.thirdparty.io.netty.channel.nio.NioEventLoop.processSelectedKeys(NioEventLoop.java:496)
	at org.apache.ratis.thirdparty.io.netty.channel.nio.NioEventLoop.run(NioEventLoop.java:458)
	at org.apache.ratis.thirdparty.io.netty.util.concurrent.SingleThreadEventExecutor$5.run(SingleThreadEventExecutor.java:897)
	at org.apache.ratis.thirdparty.io.netty.util.concurrent.FastThreadLocalRunnable.run(FastThreadLocalRunnable.java:30)
	... 1 more
Caused by: java.net.ConnectException: Connection refused
	... 11 more
2019-10-17 07:09:46,267 [696df33b-59a0-4145-913f-936aff0d1566@group-2C0FEEE55AE1-LeaderElection1215] INFO  impl.RaftServerImpl (RaftServerImpl.java:setRole(184)) - 696df33b-59a0-4145-913f-936aff0d1566@group-2C0FEEE55AE1: changes role from CANDIDATE to FOLLOWER at term 146 for DISCOVERED_A_NEW_TERM
2019-10-17 07:09:46,267 [696df33b-59a0-4145-913f-936aff0d1566@group-2C0FEEE55AE1-LeaderElection1215] INFO  impl.RoleInfo (RoleInfo.java:shutdownLeaderElection(134)) - 696df33b-59a0-4145-913f-936aff0d1566: shutdown LeaderElection
2019-10-17 07:09:46,268 [696df33b-59a0-4145-913f-936aff0d1566@group-2C0FEEE55AE1-LeaderElection1215] INFO  impl.RoleInfo (RoleInfo.java:updateAndGet(143)) - 696df33b-59a0-4145-913f-936aff0d1566: start FollowerState
2019-10-17 07:09:46,368 [Thread-10699] INFO  impl.FollowerState (FollowerState.java:run(108)) - 696df33b-59a0-4145-913f-936aff0d1566@group-2C0FEEE55AE1-FollowerState: change to CANDIDATE, lastRpcTime:100ms, electionTimeout:100ms
2019-10-17 07:09:46,368 [Thread-10699] INFO  impl.RoleInfo (RoleInfo.java:shutdownFollowerState(121)) - 696df33b-59a0-4145-913f-936aff0d1566: shutdown FollowerState
2019-10-17 07:09:46,368 [Thread-10699] INFO  impl.RaftServerImpl (RaftServerImpl.java:setRole(184)) - 696df33b-59a0-4145-913f-936aff0d1566@group-2C0FEEE55AE1: changes role from  FOLLOWER to CANDIDATE at term 146 for changeToCandidate
2019-10-17 07:09:46,368 [Thread-10699] INFO  impl.RoleInfo (RoleInfo.java:updateAndGet(143)) - 696df33b-59a0-4145-913f-936aff0d1566: start LeaderElection
2019-10-17 07:09:46,381 [696df33b-59a0-4145-913f-936aff0d1566@group-2C0FEEE55AE1-LeaderElection1216] INFO  impl.LeaderElection (LeaderElection.java:askForVotes(178)) - 696df33b-59a0-4145-913f-936aff0d1566@group-2C0FEEE55AE1-LeaderElection1216: begin an election at term 147 for -1: [f3ee4219-89bb-47f2-bbe0-5f784575b745:192.168.157.211:38722, 805254cc-2da6-48d8-a2f9-c1a3ceceab4a:192.168.157.211:35407, 696df33b-59a0-4145-913f-936aff0d1566:192.168.157.211:38803], old=null
2019-10-17 07:09:46,382 [696df33b-59a0-4145-913f-936aff0d1566@group-2C0FEEE55AE1-LeaderElection1216] INFO  impl.LeaderElection (LogUtils.java:infoOrTrace(149)) - 696df33b-59a0-4145-913f-936aff0d1566@group-2C0FEEE55AE1-LeaderElection1216 got exception when requesting votes: {}
java.util.concurrent.ExecutionException: org.apache.ratis.thirdparty.io.grpc.StatusRuntimeException: UNAVAILABLE: io exception
	at java.util.concurrent.FutureTask.report(FutureTask.java:122)
	at java.util.concurrent.FutureTask.get(FutureTask.java:192)
	at org.apache.ratis.server.impl.LeaderElection.waitForResults(LeaderElection.java:259)
	at org.apache.ratis.server.impl.LeaderElection.askForVotes(LeaderElection.java:197)
	at org.apache.ratis.server.impl.LeaderElection.run(LeaderElection.java:133)
	at java.lang.Thread.run(Thread.java:748)
Caused by: org.apache.ratis.thirdparty.io.grpc.StatusRuntimeException: UNAVAILABLE: io exception
	at org.apache.ratis.thirdparty.io.grpc.stub.ClientCalls.toStatusRuntimeException(ClientCalls.java:233)
	at org.apache.ratis.thirdparty.io.grpc.stub.ClientCalls.getUnchecked(ClientCalls.java:214)
	at org.apache.ratis.thirdparty.io.grpc.stub.ClientCalls.blockingUnaryCall(ClientCalls.java:139)
	at org.apache.ratis.proto.grpc.RaftServerProtocolServiceGrpc$RaftServerProtocolServiceBlockingStub.requestVote(RaftServerProtocolServiceGrpc.java:265)
	at org.apache.ratis.grpc.server.GrpcServerProtocolClient.requestVote(GrpcServerProtocolClient.java:99)
	at org.apache.ratis.grpc.server.GrpcService.requestVote(GrpcService.java:204)
	at org.apache.ratis.server.impl.LeaderElection.lambda$submitRequests$1(LeaderElection.java:234)
	at java.util.concurrent.FutureTask.run(FutureTask.java:266)
	at java.util.concurrent.Executors$RunnableAdapter.call(Executors.java:511)
	at java.util.concurrent.FutureTask.run(FutureTask.java:266)
	at java.util.concurrent.ThreadPoolExecutor.runWorker(ThreadPoolExecutor.java:1149)
	at java.util.concurrent.ThreadPoolExecutor$Worker.run(ThreadPoolExecutor.java:624)
	... 1 more
Caused by: org.apache.ratis.thirdparty.io.netty.channel.AbstractChannel$AnnotatedConnectException: Connection refused: /192.168.157.211:38722
	at sun.nio.ch.SocketChannelImpl.checkConnect(Native Method)
	at sun.nio.ch.SocketChannelImpl.finishConnect(SocketChannelImpl.java:717)
	at org.apache.ratis.thirdparty.io.netty.channel.socket.nio.NioSocketChannel.doFinishConnect(NioSocketChannel.java:327)
	at org.apache.ratis.thirdparty.io.netty.channel.nio.AbstractNioChannel$AbstractNioUnsafe.finishConnect(AbstractNioChannel.java:340)
	at org.apache.ratis.thirdparty.io.netty.channel.nio.NioEventLoop.processSelectedKey(NioEventLoop.java:632)
	at org.apache.ratis.thirdparty.io.netty.channel.nio.NioEventLoop.processSelectedKeysOptimized(NioEventLoop.java:579)
	at org.apache.ratis.thirdparty.io.netty.channel.nio.NioEventLoop.processSelectedKeys(NioEventLoop.java:496)
	at org.apache.ratis.thirdparty.io.netty.channel.nio.NioEventLoop.run(NioEventLoop.java:458)
	at org.apache.ratis.thirdparty.io.netty.util.concurrent.SingleThreadEventExecutor$5.run(SingleThreadEventExecutor.java:897)
	at org.apache.ratis.thirdparty.io.netty.util.concurrent.FastThreadLocalRunnable.run(FastThreadLocalRunnable.java:30)
	... 1 more
Caused by: java.net.ConnectException: Connection refused
	... 11 more
2019-10-17 07:09:46,383 [grpc-default-executor-5] INFO  impl.RaftServerImpl (RaftServerImpl.java:setRole(184)) - 805254cc-2da6-48d8-a2f9-c1a3ceceab4a@group-2C0FEEE55AE1: changes role from  FOLLOWER to FOLLOWER at term 147 for recognizeCandidate:696df33b-59a0-4145-913f-936aff0d1566
2019-10-17 07:09:46,383 [grpc-default-executor-5] INFO  impl.RoleInfo (RoleInfo.java:shutdownFollowerState(121)) - 805254cc-2da6-48d8-a2f9-c1a3ceceab4a: shutdown FollowerState
2019-10-17 07:09:46,384 [grpc-default-executor-5] INFO  impl.RoleInfo (RoleInfo.java:updateAndGet(143)) - 805254cc-2da6-48d8-a2f9-c1a3ceceab4a: start FollowerState
2019-10-17 07:09:46,384 [Thread-10698] INFO  impl.FollowerState (FollowerState.java:run(117)) - 805254cc-2da6-48d8-a2f9-c1a3ceceab4a@group-2C0FEEE55AE1-FollowerState was interrupted: java.lang.InterruptedException: sleep interrupted
2019-10-17 07:09:46,396 [696df33b-59a0-4145-913f-936aff0d1566@group-2C0FEEE55AE1-LeaderElection1216] INFO  impl.LeaderElection (LeaderElection.java:logAndReturn(56)) - 696df33b-59a0-4145-913f-936aff0d1566@group-2C0FEEE55AE1-LeaderElection1216: Election REJECTED; received 1 response(s) [696df33b-59a0-4145-913f-936aff0d1566<-805254cc-2da6-48d8-a2f9-c1a3ceceab4a#0:FAIL-t147] and 1 exception(s); 696df33b-59a0-4145-913f-936aff0d1566@group-2C0FEEE55AE1:t147, leader=null, voted=696df33b-59a0-4145-913f-936aff0d1566, raftlog=696df33b-59a0-4145-913f-936aff0d1566@group-2C0FEEE55AE1-SegmentedRaftLog:OPENED:c-1,f-1,i0, conf=-1: [f3ee4219-89bb-47f2-bbe0-5f784575b745:192.168.157.211:38722, 805254cc-2da6-48d8-a2f9-c1a3ceceab4a:192.168.157.211:35407, 696df33b-59a0-4145-913f-936aff0d1566:192.168.157.211:38803], old=null
2019-10-17 07:09:46,397 [696df33b-59a0-4145-913f-936aff0d1566@group-2C0FEEE55AE1-LeaderElection1216] INFO  impl.LeaderElection (LogUtils.java:infoOrTrace(149)) -   Exception 0: {}
java.util.concurrent.ExecutionException: org.apache.ratis.thirdparty.io.grpc.StatusRuntimeException: UNAVAILABLE: io exception
	at java.util.concurrent.FutureTask.report(FutureTask.java:122)
	at java.util.concurrent.FutureTask.get(FutureTask.java:192)
	at org.apache.ratis.server.impl.LeaderElection.waitForResults(LeaderElection.java:259)
	at org.apache.ratis.server.impl.LeaderElection.askForVotes(LeaderElection.java:197)
	at org.apache.ratis.server.impl.LeaderElection.run(LeaderElection.java:133)
	at java.lang.Thread.run(Thread.java:748)
Caused by: org.apache.ratis.thirdparty.io.grpc.StatusRuntimeException: UNAVAILABLE: io exception
	at org.apache.ratis.thirdparty.io.grpc.stub.ClientCalls.toStatusRuntimeException(ClientCalls.java:233)
	at org.apache.ratis.thirdparty.io.grpc.stub.ClientCalls.getUnchecked(ClientCalls.java:214)
	at org.apache.ratis.thirdparty.io.grpc.stub.ClientCalls.blockingUnaryCall(ClientCalls.java:139)
	at org.apache.ratis.proto.grpc.RaftServerProtocolServiceGrpc$RaftServerProtocolServiceBlockingStub.requestVote(RaftServerProtocolServiceGrpc.java:265)
	at org.apache.ratis.grpc.server.GrpcServerProtocolClient.requestVote(GrpcServerProtocolClient.java:99)
	at org.apache.ratis.grpc.server.GrpcService.requestVote(GrpcService.java:204)
	at org.apache.ratis.server.impl.LeaderElection.lambda$submitRequests$1(LeaderElection.java:234)
	at java.util.concurrent.FutureTask.run(FutureTask.java:266)
	at java.util.concurrent.Executors$RunnableAdapter.call(Executors.java:511)
	at java.util.concurrent.FutureTask.run(FutureTask.java:266)
	at java.util.concurrent.ThreadPoolExecutor.runWorker(ThreadPoolExecutor.java:1149)
	at java.util.concurrent.ThreadPoolExecutor$Worker.run(ThreadPoolExecutor.java:624)
	... 1 more
Caused by: org.apache.ratis.thirdparty.io.netty.channel.AbstractChannel$AnnotatedConnectException: Connection refused: /192.168.157.211:38722
	at sun.nio.ch.SocketChannelImpl.checkConnect(Native Method)
	at sun.nio.ch.SocketChannelImpl.finishConnect(SocketChannelImpl.java:717)
	at org.apache.ratis.thirdparty.io.netty.channel.socket.nio.NioSocketChannel.doFinishConnect(NioSocketChannel.java:327)
	at org.apache.ratis.thirdparty.io.netty.channel.nio.AbstractNioChannel$AbstractNioUnsafe.finishConnect(AbstractNioChannel.java:340)
	at org.apache.ratis.thirdparty.io.netty.channel.nio.NioEventLoop.processSelectedKey(NioEventLoop.java:632)
	at org.apache.ratis.thirdparty.io.netty.channel.nio.NioEventLoop.processSelectedKeysOptimized(NioEventLoop.java:579)
	at org.apache.ratis.thirdparty.io.netty.channel.nio.NioEventLoop.processSelectedKeys(NioEventLoop.java:496)
	at org.apache.ratis.thirdparty.io.netty.channel.nio.NioEventLoop.run(NioEventLoop.java:458)
	at org.apache.ratis.thirdparty.io.netty.util.concurrent.SingleThreadEventExecutor$5.run(SingleThreadEventExecutor.java:897)
	at org.apache.ratis.thirdparty.io.netty.util.concurrent.FastThreadLocalRunnable.run(FastThreadLocalRunnable.java:30)
	... 1 more
Caused by: java.net.ConnectException: Connection refused
	... 11 more
2019-10-17 07:09:46,397 [696df33b-59a0-4145-913f-936aff0d1566@group-2C0FEEE55AE1-LeaderElection1216] INFO  impl.RaftServerImpl (RaftServerImpl.java:setRole(184)) - 696df33b-59a0-4145-913f-936aff0d1566@group-2C0FEEE55AE1: changes role from CANDIDATE to FOLLOWER at term 147 for DISCOVERED_A_NEW_TERM
2019-10-17 07:09:46,397 [696df33b-59a0-4145-913f-936aff0d1566@group-2C0FEEE55AE1-LeaderElection1216] INFO  impl.RoleInfo (RoleInfo.java:shutdownLeaderElection(134)) - 696df33b-59a0-4145-913f-936aff0d1566: shutdown LeaderElection
2019-10-17 07:09:46,397 [696df33b-59a0-4145-913f-936aff0d1566@group-2C0FEEE55AE1-LeaderElection1216] INFO  impl.RoleInfo (RoleInfo.java:updateAndGet(143)) - 696df33b-59a0-4145-913f-936aff0d1566: start FollowerState
2019-10-17 07:09:46,576 [Thread-10704] INFO  impl.FollowerState (FollowerState.java:run(108)) - 696df33b-59a0-4145-913f-936aff0d1566@group-2C0FEEE55AE1-FollowerState: change to CANDIDATE, lastRpcTime:178ms, electionTimeout:178ms
2019-10-17 07:09:46,576 [Thread-10704] INFO  impl.RoleInfo (RoleInfo.java:shutdownFollowerState(121)) - 696df33b-59a0-4145-913f-936aff0d1566: shutdown FollowerState
2019-10-17 07:09:46,576 [Thread-10704] INFO  impl.RaftServerImpl (RaftServerImpl.java:setRole(184)) - 696df33b-59a0-4145-913f-936aff0d1566@group-2C0FEEE55AE1: changes role from  FOLLOWER to CANDIDATE at term 147 for changeToCandidate
2019-10-17 07:09:46,576 [Thread-10704] INFO  impl.RoleInfo (RoleInfo.java:updateAndGet(143)) - 696df33b-59a0-4145-913f-936aff0d1566: start LeaderElection
2019-10-17 07:09:46,590 [696df33b-59a0-4145-913f-936aff0d1566@group-2C0FEEE55AE1-LeaderElection1217] INFO  impl.LeaderElection (LeaderElection.java:askForVotes(178)) - 696df33b-59a0-4145-913f-936aff0d1566@group-2C0FEEE55AE1-LeaderElection1217: begin an election at term 148 for -1: [f3ee4219-89bb-47f2-bbe0-5f784575b745:192.168.157.211:38722, 805254cc-2da6-48d8-a2f9-c1a3ceceab4a:192.168.157.211:35407, 696df33b-59a0-4145-913f-936aff0d1566:192.168.157.211:38803], old=null
2019-10-17 07:09:46,591 [696df33b-59a0-4145-913f-936aff0d1566@group-2C0FEEE55AE1-LeaderElection1217] INFO  impl.LeaderElection (LogUtils.java:infoOrTrace(149)) - 696df33b-59a0-4145-913f-936aff0d1566@group-2C0FEEE55AE1-LeaderElection1217 got exception when requesting votes: {}
java.util.concurrent.ExecutionException: org.apache.ratis.thirdparty.io.grpc.StatusRuntimeException: UNAVAILABLE: io exception
	at java.util.concurrent.FutureTask.report(FutureTask.java:122)
	at java.util.concurrent.FutureTask.get(FutureTask.java:192)
	at org.apache.ratis.server.impl.LeaderElection.waitForResults(LeaderElection.java:259)
	at org.apache.ratis.server.impl.LeaderElection.askForVotes(LeaderElection.java:197)
	at org.apache.ratis.server.impl.LeaderElection.run(LeaderElection.java:133)
	at java.lang.Thread.run(Thread.java:748)
Caused by: org.apache.ratis.thirdparty.io.grpc.StatusRuntimeException: UNAVAILABLE: io exception
	at org.apache.ratis.thirdparty.io.grpc.stub.ClientCalls.toStatusRuntimeException(ClientCalls.java:233)
	at org.apache.ratis.thirdparty.io.grpc.stub.ClientCalls.getUnchecked(ClientCalls.java:214)
	at org.apache.ratis.thirdparty.io.grpc.stub.ClientCalls.blockingUnaryCall(ClientCalls.java:139)
	at org.apache.ratis.proto.grpc.RaftServerProtocolServiceGrpc$RaftServerProtocolServiceBlockingStub.requestVote(RaftServerProtocolServiceGrpc.java:265)
	at org.apache.ratis.grpc.server.GrpcServerProtocolClient.requestVote(GrpcServerProtocolClient.java:99)
	at org.apache.ratis.grpc.server.GrpcService.requestVote(GrpcService.java:204)
	at org.apache.ratis.server.impl.LeaderElection.lambda$submitRequests$1(LeaderElection.java:234)
	at java.util.concurrent.FutureTask.run(FutureTask.java:266)
	at java.util.concurrent.Executors$RunnableAdapter.call(Executors.java:511)
	at java.util.concurrent.FutureTask.run(FutureTask.java:266)
	at java.util.concurrent.ThreadPoolExecutor.runWorker(ThreadPoolExecutor.java:1149)
	at java.util.concurrent.ThreadPoolExecutor$Worker.run(ThreadPoolExecutor.java:624)
	... 1 more
Caused by: org.apache.ratis.thirdparty.io.netty.channel.AbstractChannel$AnnotatedConnectException: Connection refused: /192.168.157.211:38722
	at sun.nio.ch.SocketChannelImpl.checkConnect(Native Method)
	at sun.nio.ch.SocketChannelImpl.finishConnect(SocketChannelImpl.java:717)
	at org.apache.ratis.thirdparty.io.netty.channel.socket.nio.NioSocketChannel.doFinishConnect(NioSocketChannel.java:327)
	at org.apache.ratis.thirdparty.io.netty.channel.nio.AbstractNioChannel$AbstractNioUnsafe.finishConnect(AbstractNioChannel.java:340)
	at org.apache.ratis.thirdparty.io.netty.channel.nio.NioEventLoop.processSelectedKey(NioEventLoop.java:632)
	at org.apache.ratis.thirdparty.io.netty.channel.nio.NioEventLoop.processSelectedKeysOptimized(NioEventLoop.java:579)
	at org.apache.ratis.thirdparty.io.netty.channel.nio.NioEventLoop.processSelectedKeys(NioEventLoop.java:496)
	at org.apache.ratis.thirdparty.io.netty.channel.nio.NioEventLoop.run(NioEventLoop.java:458)
	at org.apache.ratis.thirdparty.io.netty.util.concurrent.SingleThreadEventExecutor$5.run(SingleThreadEventExecutor.java:897)
	at org.apache.ratis.thirdparty.io.netty.util.concurrent.FastThreadLocalRunnable.run(FastThreadLocalRunnable.java:30)
	... 1 more
Caused by: java.net.ConnectException: Connection refused
	... 11 more
2019-10-17 07:09:46,592 [grpc-default-executor-5] INFO  impl.RaftServerImpl (RaftServerImpl.java:setRole(184)) - 805254cc-2da6-48d8-a2f9-c1a3ceceab4a@group-2C0FEEE55AE1: changes role from  FOLLOWER to FOLLOWER at term 148 for recognizeCandidate:696df33b-59a0-4145-913f-936aff0d1566
2019-10-17 07:09:46,592 [grpc-default-executor-5] INFO  impl.RoleInfo (RoleInfo.java:shutdownFollowerState(121)) - 805254cc-2da6-48d8-a2f9-c1a3ceceab4a: shutdown FollowerState
2019-10-17 07:09:46,592 [grpc-default-executor-5] INFO  impl.RoleInfo (RoleInfo.java:updateAndGet(143)) - 805254cc-2da6-48d8-a2f9-c1a3ceceab4a: start FollowerState
2019-10-17 07:09:46,592 [Thread-10703] INFO  impl.FollowerState (FollowerState.java:run(117)) - 805254cc-2da6-48d8-a2f9-c1a3ceceab4a@group-2C0FEEE55AE1-FollowerState was interrupted: java.lang.InterruptedException: sleep interrupted
2019-10-17 07:09:46,604 [696df33b-59a0-4145-913f-936aff0d1566@group-2C0FEEE55AE1-LeaderElection1217] INFO  impl.LeaderElection (LeaderElection.java:logAndReturn(56)) - 696df33b-59a0-4145-913f-936aff0d1566@group-2C0FEEE55AE1-LeaderElection1217: Election TIMEOUT; received 0 response(s) [] and 1 exception(s); 696df33b-59a0-4145-913f-936aff0d1566@group-2C0FEEE55AE1:t148, leader=null, voted=696df33b-59a0-4145-913f-936aff0d1566, raftlog=696df33b-59a0-4145-913f-936aff0d1566@group-2C0FEEE55AE1-SegmentedRaftLog:OPENED:c-1,f-1,i0, conf=-1: [f3ee4219-89bb-47f2-bbe0-5f784575b745:192.168.157.211:38722, 805254cc-2da6-48d8-a2f9-c1a3ceceab4a:192.168.157.211:35407, 696df33b-59a0-4145-913f-936aff0d1566:192.168.157.211:38803], old=null
2019-10-17 07:09:46,604 [696df33b-59a0-4145-913f-936aff0d1566@group-2C0FEEE55AE1-LeaderElection1217] INFO  impl.LeaderElection (LogUtils.java:infoOrTrace(149)) -   Exception 0: {}
java.util.concurrent.ExecutionException: org.apache.ratis.thirdparty.io.grpc.StatusRuntimeException: UNAVAILABLE: io exception
	at java.util.concurrent.FutureTask.report(FutureTask.java:122)
	at java.util.concurrent.FutureTask.get(FutureTask.java:192)
	at org.apache.ratis.server.impl.LeaderElection.waitForResults(LeaderElection.java:259)
	at org.apache.ratis.server.impl.LeaderElection.askForVotes(LeaderElection.java:197)
	at org.apache.ratis.server.impl.LeaderElection.run(LeaderElection.java:133)
	at java.lang.Thread.run(Thread.java:748)
Caused by: org.apache.ratis.thirdparty.io.grpc.StatusRuntimeException: UNAVAILABLE: io exception
	at org.apache.ratis.thirdparty.io.grpc.stub.ClientCalls.toStatusRuntimeException(ClientCalls.java:233)
	at org.apache.ratis.thirdparty.io.grpc.stub.ClientCalls.getUnchecked(ClientCalls.java:214)
	at org.apache.ratis.thirdparty.io.grpc.stub.ClientCalls.blockingUnaryCall(ClientCalls.java:139)
	at org.apache.ratis.proto.grpc.RaftServerProtocolServiceGrpc$RaftServerProtocolServiceBlockingStub.requestVote(RaftServerProtocolServiceGrpc.java:265)
	at org.apache.ratis.grpc.server.GrpcServerProtocolClient.requestVote(GrpcServerProtocolClient.java:99)
	at org.apache.ratis.grpc.server.GrpcService.requestVote(GrpcService.java:204)
	at org.apache.ratis.server.impl.LeaderElection.lambda$submitRequests$1(LeaderElection.java:234)
	at java.util.concurrent.FutureTask.run(FutureTask.java:266)
	at java.util.concurrent.Executors$RunnableAdapter.call(Executors.java:511)
	at java.util.concurrent.FutureTask.run(FutureTask.java:266)
	at java.util.concurrent.ThreadPoolExecutor.runWorker(ThreadPoolExecutor.java:1149)
	at java.util.concurrent.ThreadPoolExecutor$Worker.run(ThreadPoolExecutor.java:624)
	... 1 more
Caused by: org.apache.ratis.thirdparty.io.netty.channel.AbstractChannel$AnnotatedConnectException: Connection refused: /192.168.157.211:38722
	at sun.nio.ch.SocketChannelImpl.checkConnect(Native Method)
	at sun.nio.ch.SocketChannelImpl.finishConnect(SocketChannelImpl.java:717)
	at org.apache.ratis.thirdparty.io.netty.channel.socket.nio.NioSocketChannel.doFinishConnect(NioSocketChannel.java:327)
	at org.apache.ratis.thirdparty.io.netty.channel.nio.AbstractNioChannel$AbstractNioUnsafe.finishConnect(AbstractNioChannel.java:340)
	at org.apache.ratis.thirdparty.io.netty.channel.nio.NioEventLoop.processSelectedKey(NioEventLoop.java:632)
	at org.apache.ratis.thirdparty.io.netty.channel.nio.NioEventLoop.processSelectedKeysOptimized(NioEventLoop.java:579)
	at org.apache.ratis.thirdparty.io.netty.channel.nio.NioEventLoop.processSelectedKeys(NioEventLoop.java:496)
	at org.apache.ratis.thirdparty.io.netty.channel.nio.NioEventLoop.run(NioEventLoop.java:458)
	at org.apache.ratis.thirdparty.io.netty.util.concurrent.SingleThreadEventExecutor$5.run(SingleThreadEventExecutor.java:897)
	at org.apache.ratis.thirdparty.io.netty.util.concurrent.FastThreadLocalRunnable.run(FastThreadLocalRunnable.java:30)
	... 1 more
Caused by: java.net.ConnectException: Connection refused
	... 11 more
2019-10-17 07:09:46,620 [696df33b-59a0-4145-913f-936aff0d1566@group-2C0FEEE55AE1-LeaderElection1217] INFO  impl.LeaderElection (LeaderElection.java:askForVotes(178)) - 696df33b-59a0-4145-913f-936aff0d1566@group-2C0FEEE55AE1-LeaderElection1217: begin an election at term 149 for -1: [f3ee4219-89bb-47f2-bbe0-5f784575b745:192.168.157.211:38722, 805254cc-2da6-48d8-a2f9-c1a3ceceab4a:192.168.157.211:35407, 696df33b-59a0-4145-913f-936aff0d1566:192.168.157.211:38803], old=null
2019-10-17 07:09:46,621 [696df33b-59a0-4145-913f-936aff0d1566@group-2C0FEEE55AE1-LeaderElection1217] INFO  impl.LeaderElection (LogUtils.java:infoOrTrace(149)) - 696df33b-59a0-4145-913f-936aff0d1566@group-2C0FEEE55AE1-LeaderElection1217 got exception when requesting votes: {}
java.util.concurrent.ExecutionException: org.apache.ratis.thirdparty.io.grpc.StatusRuntimeException: UNAVAILABLE: io exception
	at java.util.concurrent.FutureTask.report(FutureTask.java:122)
	at java.util.concurrent.FutureTask.get(FutureTask.java:192)
	at org.apache.ratis.server.impl.LeaderElection.waitForResults(LeaderElection.java:259)
	at org.apache.ratis.server.impl.LeaderElection.askForVotes(LeaderElection.java:197)
	at org.apache.ratis.server.impl.LeaderElection.run(LeaderElection.java:133)
	at java.lang.Thread.run(Thread.java:748)
Caused by: org.apache.ratis.thirdparty.io.grpc.StatusRuntimeException: UNAVAILABLE: io exception
	at org.apache.ratis.thirdparty.io.grpc.stub.ClientCalls.toStatusRuntimeException(ClientCalls.java:233)
	at org.apache.ratis.thirdparty.io.grpc.stub.ClientCalls.getUnchecked(ClientCalls.java:214)
	at org.apache.ratis.thirdparty.io.grpc.stub.ClientCalls.blockingUnaryCall(ClientCalls.java:139)
	at org.apache.ratis.proto.grpc.RaftServerProtocolServiceGrpc$RaftServerProtocolServiceBlockingStub.requestVote(RaftServerProtocolServiceGrpc.java:265)
	at org.apache.ratis.grpc.server.GrpcServerProtocolClient.requestVote(GrpcServerProtocolClient.java:99)
	at org.apache.ratis.grpc.server.GrpcService.requestVote(GrpcService.java:204)
	at org.apache.ratis.server.impl.LeaderElection.lambda$submitRequests$1(LeaderElection.java:234)
	at java.util.concurrent.FutureTask.run(FutureTask.java:266)
	at java.util.concurrent.Executors$RunnableAdapter.call(Executors.java:511)
	at java.util.concurrent.FutureTask.run(FutureTask.java:266)
	at java.util.concurrent.ThreadPoolExecutor.runWorker(ThreadPoolExecutor.java:1149)
	at java.util.concurrent.ThreadPoolExecutor$Worker.run(ThreadPoolExecutor.java:624)
	... 1 more
Caused by: org.apache.ratis.thirdparty.io.netty.channel.AbstractChannel$AnnotatedConnectException: Connection refused: /192.168.157.211:38722
	at sun.nio.ch.SocketChannelImpl.checkConnect(Native Method)
	at sun.nio.ch.SocketChannelImpl.finishConnect(SocketChannelImpl.java:717)
	at org.apache.ratis.thirdparty.io.netty.channel.socket.nio.NioSocketChannel.doFinishConnect(NioSocketChannel.java:327)
	at org.apache.ratis.thirdparty.io.netty.channel.nio.AbstractNioChannel$AbstractNioUnsafe.finishConnect(AbstractNioChannel.java:340)
	at org.apache.ratis.thirdparty.io.netty.channel.nio.NioEventLoop.processSelectedKey(NioEventLoop.java:632)
	at org.apache.ratis.thirdparty.io.netty.channel.nio.NioEventLoop.processSelectedKeysOptimized(NioEventLoop.java:579)
	at org.apache.ratis.thirdparty.io.netty.channel.nio.NioEventLoop.processSelectedKeys(NioEventLoop.java:496)
	at org.apache.ratis.thirdparty.io.netty.channel.nio.NioEventLoop.run(NioEventLoop.java:458)
	at org.apache.ratis.thirdparty.io.netty.util.concurrent.SingleThreadEventExecutor$5.run(SingleThreadEventExecutor.java:897)
	at org.apache.ratis.thirdparty.io.netty.util.concurrent.FastThreadLocalRunnable.run(FastThreadLocalRunnable.java:30)
	... 1 more
Caused by: java.net.ConnectException: Connection refused
	... 11 more
2019-10-17 07:09:46,622 [grpc-default-executor-5] INFO  impl.RaftServerImpl (RaftServerImpl.java:setRole(184)) - 805254cc-2da6-48d8-a2f9-c1a3ceceab4a@group-2C0FEEE55AE1: changes role from  FOLLOWER to FOLLOWER at term 149 for recognizeCandidate:696df33b-59a0-4145-913f-936aff0d1566
2019-10-17 07:09:46,622 [grpc-default-executor-5] INFO  impl.RoleInfo (RoleInfo.java:shutdownFollowerState(121)) - 805254cc-2da6-48d8-a2f9-c1a3ceceab4a: shutdown FollowerState
2019-10-17 07:09:46,622 [grpc-default-executor-5] INFO  impl.RoleInfo (RoleInfo.java:updateAndGet(143)) - 805254cc-2da6-48d8-a2f9-c1a3ceceab4a: start FollowerState
2019-10-17 07:09:46,622 [Thread-10712] INFO  impl.FollowerState (FollowerState.java:run(117)) - 805254cc-2da6-48d8-a2f9-c1a3ceceab4a@group-2C0FEEE55AE1-FollowerState was interrupted: java.lang.InterruptedException: sleep interrupted
2019-10-17 07:09:46,635 [696df33b-59a0-4145-913f-936aff0d1566@group-2C0FEEE55AE1-LeaderElection1217] INFO  impl.LeaderElection (LeaderElection.java:logAndReturn(56)) - 696df33b-59a0-4145-913f-936aff0d1566@group-2C0FEEE55AE1-LeaderElection1217: Election REJECTED; received 1 response(s) [696df33b-59a0-4145-913f-936aff0d1566<-805254cc-2da6-48d8-a2f9-c1a3ceceab4a#0:FAIL-t149] and 1 exception(s); 696df33b-59a0-4145-913f-936aff0d1566@group-2C0FEEE55AE1:t149, leader=null, voted=696df33b-59a0-4145-913f-936aff0d1566, raftlog=696df33b-59a0-4145-913f-936aff0d1566@group-2C0FEEE55AE1-SegmentedRaftLog:OPENED:c-1,f-1,i0, conf=-1: [f3ee4219-89bb-47f2-bbe0-5f784575b745:192.168.157.211:38722, 805254cc-2da6-48d8-a2f9-c1a3ceceab4a:192.168.157.211:35407, 696df33b-59a0-4145-913f-936aff0d1566:192.168.157.211:38803], old=null
2019-10-17 07:09:46,635 [696df33b-59a0-4145-913f-936aff0d1566@group-2C0FEEE55AE1-LeaderElection1217] INFO  impl.LeaderElection (LogUtils.java:infoOrTrace(149)) -   Exception 0: {}
java.util.concurrent.ExecutionException: org.apache.ratis.thirdparty.io.grpc.StatusRuntimeException: UNAVAILABLE: io exception
	at java.util.concurrent.FutureTask.report(FutureTask.java:122)
	at java.util.concurrent.FutureTask.get(FutureTask.java:192)
	at org.apache.ratis.server.impl.LeaderElection.waitForResults(LeaderElection.java:259)
	at org.apache.ratis.server.impl.LeaderElection.askForVotes(LeaderElection.java:197)
	at org.apache.ratis.server.impl.LeaderElection.run(LeaderElection.java:133)
	at java.lang.Thread.run(Thread.java:748)
Caused by: org.apache.ratis.thirdparty.io.grpc.StatusRuntimeException: UNAVAILABLE: io exception
	at org.apache.ratis.thirdparty.io.grpc.stub.ClientCalls.toStatusRuntimeException(ClientCalls.java:233)
	at org.apache.ratis.thirdparty.io.grpc.stub.ClientCalls.getUnchecked(ClientCalls.java:214)
	at org.apache.ratis.thirdparty.io.grpc.stub.ClientCalls.blockingUnaryCall(ClientCalls.java:139)
	at org.apache.ratis.proto.grpc.RaftServerProtocolServiceGrpc$RaftServerProtocolServiceBlockingStub.requestVote(RaftServerProtocolServiceGrpc.java:265)
	at org.apache.ratis.grpc.server.GrpcServerProtocolClient.requestVote(GrpcServerProtocolClient.java:99)
	at org.apache.ratis.grpc.server.GrpcService.requestVote(GrpcService.java:204)
	at org.apache.ratis.server.impl.LeaderElection.lambda$submitRequests$1(LeaderElection.java:234)
	at java.util.concurrent.FutureTask.run(FutureTask.java:266)
	at java.util.concurrent.Executors$RunnableAdapter.call(Executors.java:511)
	at java.util.concurrent.FutureTask.run(FutureTask.java:266)
	at java.util.concurrent.ThreadPoolExecutor.runWorker(ThreadPoolExecutor.java:1149)
	at java.util.concurrent.ThreadPoolExecutor$Worker.run(ThreadPoolExecutor.java:624)
	... 1 more
Caused by: org.apache.ratis.thirdparty.io.netty.channel.AbstractChannel$AnnotatedConnectException: Connection refused: /192.168.157.211:38722
	at sun.nio.ch.SocketChannelImpl.checkConnect(Native Method)
	at sun.nio.ch.SocketChannelImpl.finishConnect(SocketChannelImpl.java:717)
	at org.apache.ratis.thirdparty.io.netty.channel.socket.nio.NioSocketChannel.doFinishConnect(NioSocketChannel.java:327)
	at org.apache.ratis.thirdparty.io.netty.channel.nio.AbstractNioChannel$AbstractNioUnsafe.finishConnect(AbstractNioChannel.java:340)
	at org.apache.ratis.thirdparty.io.netty.channel.nio.NioEventLoop.processSelectedKey(NioEventLoop.java:632)
	at org.apache.ratis.thirdparty.io.netty.channel.nio.NioEventLoop.processSelectedKeysOptimized(NioEventLoop.java:579)
	at org.apache.ratis.thirdparty.io.netty.channel.nio.NioEventLoop.processSelectedKeys(NioEventLoop.java:496)
	at org.apache.ratis.thirdparty.io.netty.channel.nio.NioEventLoop.run(NioEventLoop.java:458)
	at org.apache.ratis.thirdparty.io.netty.util.concurrent.SingleThreadEventExecutor$5.run(SingleThreadEventExecutor.java:897)
	at org.apache.ratis.thirdparty.io.netty.util.concurrent.FastThreadLocalRunnable.run(FastThreadLocalRunnable.java:30)
	... 1 more
Caused by: java.net.ConnectException: Connection refused
	... 11 more
2019-10-17 07:09:46,635 [696df33b-59a0-4145-913f-936aff0d1566@group-2C0FEEE55AE1-LeaderElection1217] INFO  impl.RaftServerImpl (RaftServerImpl.java:setRole(184)) - 696df33b-59a0-4145-913f-936aff0d1566@group-2C0FEEE55AE1: changes role from CANDIDATE to FOLLOWER at term 149 for DISCOVERED_A_NEW_TERM
2019-10-17 07:09:46,635 [696df33b-59a0-4145-913f-936aff0d1566@group-2C0FEEE55AE1-LeaderElection1217] INFO  impl.RoleInfo (RoleInfo.java:shutdownLeaderElection(134)) - 696df33b-59a0-4145-913f-936aff0d1566: shutdown LeaderElection
2019-10-17 07:09:46,636 [696df33b-59a0-4145-913f-936aff0d1566@group-2C0FEEE55AE1-LeaderElection1217] INFO  impl.RoleInfo (RoleInfo.java:updateAndGet(143)) - 696df33b-59a0-4145-913f-936aff0d1566: start FollowerState
2019-10-17 07:09:46,756 [Thread-10716] INFO  impl.FollowerState (FollowerState.java:run(108)) - 696df33b-59a0-4145-913f-936aff0d1566@group-2C0FEEE55AE1-FollowerState: change to CANDIDATE, lastRpcTime:120ms, electionTimeout:120ms
2019-10-17 07:09:46,756 [Thread-10716] INFO  impl.RoleInfo (RoleInfo.java:shutdownFollowerState(121)) - 696df33b-59a0-4145-913f-936aff0d1566: shutdown FollowerState
2019-10-17 07:09:46,756 [Thread-10716] INFO  impl.RaftServerImpl (RaftServerImpl.java:setRole(184)) - 696df33b-59a0-4145-913f-936aff0d1566@group-2C0FEEE55AE1: changes role from  FOLLOWER to CANDIDATE at term 149 for changeToCandidate
2019-10-17 07:09:46,756 [Thread-10716] INFO  impl.RoleInfo (RoleInfo.java:updateAndGet(143)) - 696df33b-59a0-4145-913f-936aff0d1566: start LeaderElection
2019-10-17 07:09:46,781 [696df33b-59a0-4145-913f-936aff0d1566@group-2C0FEEE55AE1-LeaderElection1218] INFO  impl.LeaderElection (LeaderElection.java:askForVotes(178)) - 696df33b-59a0-4145-913f-936aff0d1566@group-2C0FEEE55AE1-LeaderElection1218: begin an election at term 150 for -1: [f3ee4219-89bb-47f2-bbe0-5f784575b745:192.168.157.211:38722, 805254cc-2da6-48d8-a2f9-c1a3ceceab4a:192.168.157.211:35407, 696df33b-59a0-4145-913f-936aff0d1566:192.168.157.211:38803], old=null
2019-10-17 07:09:46,782 [696df33b-59a0-4145-913f-936aff0d1566@group-2C0FEEE55AE1-LeaderElection1218] INFO  impl.LeaderElection (LogUtils.java:infoOrTrace(149)) - 696df33b-59a0-4145-913f-936aff0d1566@group-2C0FEEE55AE1-LeaderElection1218 got exception when requesting votes: {}
java.util.concurrent.ExecutionException: org.apache.ratis.thirdparty.io.grpc.StatusRuntimeException: UNAVAILABLE: io exception
	at java.util.concurrent.FutureTask.report(FutureTask.java:122)
	at java.util.concurrent.FutureTask.get(FutureTask.java:192)
	at org.apache.ratis.server.impl.LeaderElection.waitForResults(LeaderElection.java:259)
	at org.apache.ratis.server.impl.LeaderElection.askForVotes(LeaderElection.java:197)
	at org.apache.ratis.server.impl.LeaderElection.run(LeaderElection.java:133)
	at java.lang.Thread.run(Thread.java:748)
Caused by: org.apache.ratis.thirdparty.io.grpc.StatusRuntimeException: UNAVAILABLE: io exception
	at org.apache.ratis.thirdparty.io.grpc.stub.ClientCalls.toStatusRuntimeException(ClientCalls.java:233)
	at org.apache.ratis.thirdparty.io.grpc.stub.ClientCalls.getUnchecked(ClientCalls.java:214)
	at org.apache.ratis.thirdparty.io.grpc.stub.ClientCalls.blockingUnaryCall(ClientCalls.java:139)
	at org.apache.ratis.proto.grpc.RaftServerProtocolServiceGrpc$RaftServerProtocolServiceBlockingStub.requestVote(RaftServerProtocolServiceGrpc.java:265)
	at org.apache.ratis.grpc.server.GrpcServerProtocolClient.requestVote(GrpcServerProtocolClient.java:99)
	at org.apache.ratis.grpc.server.GrpcService.requestVote(GrpcService.java:204)
	at org.apache.ratis.server.impl.LeaderElection.lambda$submitRequests$1(LeaderElection.java:234)
	at java.util.concurrent.FutureTask.run(FutureTask.java:266)
	at java.util.concurrent.Executors$RunnableAdapter.call(Executors.java:511)
	at java.util.concurrent.FutureTask.run(FutureTask.java:266)
	at java.util.concurrent.ThreadPoolExecutor.runWorker(ThreadPoolExecutor.java:1149)
	at java.util.concurrent.ThreadPoolExecutor$Worker.run(ThreadPoolExecutor.java:624)
	... 1 more
Caused by: org.apache.ratis.thirdparty.io.netty.channel.AbstractChannel$AnnotatedConnectException: Connection refused: /192.168.157.211:38722
	at sun.nio.ch.SocketChannelImpl.checkConnect(Native Method)
	at sun.nio.ch.SocketChannelImpl.finishConnect(SocketChannelImpl.java:717)
	at org.apache.ratis.thirdparty.io.netty.channel.socket.nio.NioSocketChannel.doFinishConnect(NioSocketChannel.java:327)
	at org.apache.ratis.thirdparty.io.netty.channel.nio.AbstractNioChannel$AbstractNioUnsafe.finishConnect(AbstractNioChannel.java:340)
	at org.apache.ratis.thirdparty.io.netty.channel.nio.NioEventLoop.processSelectedKey(NioEventLoop.java:632)
	at org.apache.ratis.thirdparty.io.netty.channel.nio.NioEventLoop.processSelectedKeysOptimized(NioEventLoop.java:579)
	at org.apache.ratis.thirdparty.io.netty.channel.nio.NioEventLoop.processSelectedKeys(NioEventLoop.java:496)
	at org.apache.ratis.thirdparty.io.netty.channel.nio.NioEventLoop.run(NioEventLoop.java:458)
	at org.apache.ratis.thirdparty.io.netty.util.concurrent.SingleThreadEventExecutor$5.run(SingleThreadEventExecutor.java:897)
	at org.apache.ratis.thirdparty.io.netty.util.concurrent.FastThreadLocalRunnable.run(FastThreadLocalRunnable.java:30)
	... 1 more
Caused by: java.net.ConnectException: Connection refused
	... 11 more
2019-10-17 07:09:46,783 [grpc-default-executor-5] INFO  impl.RaftServerImpl (RaftServerImpl.java:setRole(184)) - 805254cc-2da6-48d8-a2f9-c1a3ceceab4a@group-2C0FEEE55AE1: changes role from  FOLLOWER to FOLLOWER at term 150 for recognizeCandidate:696df33b-59a0-4145-913f-936aff0d1566
2019-10-17 07:09:46,783 [grpc-default-executor-5] INFO  impl.RoleInfo (RoleInfo.java:shutdownFollowerState(121)) - 805254cc-2da6-48d8-a2f9-c1a3ceceab4a: shutdown FollowerState
2019-10-17 07:09:46,783 [grpc-default-executor-5] INFO  impl.RoleInfo (RoleInfo.java:updateAndGet(143)) - 805254cc-2da6-48d8-a2f9-c1a3ceceab4a: start FollowerState
2019-10-17 07:09:46,783 [Thread-10715] INFO  impl.FollowerState (FollowerState.java:run(117)) - 805254cc-2da6-48d8-a2f9-c1a3ceceab4a@group-2C0FEEE55AE1-FollowerState was interrupted: java.lang.InterruptedException: sleep interrupted
2019-10-17 07:09:46,796 [696df33b-59a0-4145-913f-936aff0d1566@group-2C0FEEE55AE1-LeaderElection1218] INFO  impl.LeaderElection (LeaderElection.java:logAndReturn(56)) - 696df33b-59a0-4145-913f-936aff0d1566@group-2C0FEEE55AE1-LeaderElection1218: Election REJECTED; received 1 response(s) [696df33b-59a0-4145-913f-936aff0d1566<-805254cc-2da6-48d8-a2f9-c1a3ceceab4a#0:FAIL-t150] and 1 exception(s); 696df33b-59a0-4145-913f-936aff0d1566@group-2C0FEEE55AE1:t150, leader=null, voted=696df33b-59a0-4145-913f-936aff0d1566, raftlog=696df33b-59a0-4145-913f-936aff0d1566@group-2C0FEEE55AE1-SegmentedRaftLog:OPENED:c-1,f-1,i0, conf=-1: [f3ee4219-89bb-47f2-bbe0-5f784575b745:192.168.157.211:38722, 805254cc-2da6-48d8-a2f9-c1a3ceceab4a:192.168.157.211:35407, 696df33b-59a0-4145-913f-936aff0d1566:192.168.157.211:38803], old=null
2019-10-17 07:09:46,796 [696df33b-59a0-4145-913f-936aff0d1566@group-2C0FEEE55AE1-LeaderElection1218] INFO  impl.LeaderElection (LogUtils.java:infoOrTrace(149)) -   Exception 0: {}
java.util.concurrent.ExecutionException: org.apache.ratis.thirdparty.io.grpc.StatusRuntimeException: UNAVAILABLE: io exception
	at java.util.concurrent.FutureTask.report(FutureTask.java:122)
	at java.util.concurrent.FutureTask.get(FutureTask.java:192)
	at org.apache.ratis.server.impl.LeaderElection.waitForResults(LeaderElection.java:259)
	at org.apache.ratis.server.impl.LeaderElection.askForVotes(LeaderElection.java:197)
	at org.apache.ratis.server.impl.LeaderElection.run(LeaderElection.java:133)
	at java.lang.Thread.run(Thread.java:748)
Caused by: org.apache.ratis.thirdparty.io.grpc.StatusRuntimeException: UNAVAILABLE: io exception
	at org.apache.ratis.thirdparty.io.grpc.stub.ClientCalls.toStatusRuntimeException(ClientCalls.java:233)
	at org.apache.ratis.thirdparty.io.grpc.stub.ClientCalls.getUnchecked(ClientCalls.java:214)
	at org.apache.ratis.thirdparty.io.grpc.stub.ClientCalls.blockingUnaryCall(ClientCalls.java:139)
	at org.apache.ratis.proto.grpc.RaftServerProtocolServiceGrpc$RaftServerProtocolServiceBlockingStub.requestVote(RaftServerProtocolServiceGrpc.java:265)
	at org.apache.ratis.grpc.server.GrpcServerProtocolClient.requestVote(GrpcServerProtocolClient.java:99)
	at org.apache.ratis.grpc.server.GrpcService.requestVote(GrpcService.java:204)
	at org.apache.ratis.server.impl.LeaderElection.lambda$submitRequests$1(LeaderElection.java:234)
	at java.util.concurrent.FutureTask.run(FutureTask.java:266)
	at java.util.concurrent.Executors$RunnableAdapter.call(Executors.java:511)
	at java.util.concurrent.FutureTask.run(FutureTask.java:266)
	at java.util.concurrent.ThreadPoolExecutor.runWorker(ThreadPoolExecutor.java:1149)
	at java.util.concurrent.ThreadPoolExecutor$Worker.run(ThreadPoolExecutor.java:624)
	... 1 more
Caused by: org.apache.ratis.thirdparty.io.netty.channel.AbstractChannel$AnnotatedConnectException: Connection refused: /192.168.157.211:38722
	at sun.nio.ch.SocketChannelImpl.checkConnect(Native Method)
	at sun.nio.ch.SocketChannelImpl.finishConnect(SocketChannelImpl.java:717)
	at org.apache.ratis.thirdparty.io.netty.channel.socket.nio.NioSocketChannel.doFinishConnect(NioSocketChannel.java:327)
	at org.apache.ratis.thirdparty.io.netty.channel.nio.AbstractNioChannel$AbstractNioUnsafe.finishConnect(AbstractNioChannel.java:340)
	at org.apache.ratis.thirdparty.io.netty.channel.nio.NioEventLoop.processSelectedKey(NioEventLoop.java:632)
	at org.apache.ratis.thirdparty.io.netty.channel.nio.NioEventLoop.processSelectedKeysOptimized(NioEventLoop.java:579)
	at org.apache.ratis.thirdparty.io.netty.channel.nio.NioEventLoop.processSelectedKeys(NioEventLoop.java:496)
	at org.apache.ratis.thirdparty.io.netty.channel.nio.NioEventLoop.run(NioEventLoop.java:458)
	at org.apache.ratis.thirdparty.io.netty.util.concurrent.SingleThreadEventExecutor$5.run(SingleThreadEventExecutor.java:897)
	at org.apache.ratis.thirdparty.io.netty.util.concurrent.FastThreadLocalRunnable.run(FastThreadLocalRunnable.java:30)
	... 1 more
Caused by: java.net.ConnectException: Connection refused
	... 11 more
2019-10-17 07:09:46,797 [696df33b-59a0-4145-913f-936aff0d1566@group-2C0FEEE55AE1-LeaderElection1218] INFO  impl.RaftServerImpl (RaftServerImpl.java:setRole(184)) - 696df33b-59a0-4145-913f-936aff0d1566@group-2C0FEEE55AE1: changes role from CANDIDATE to FOLLOWER at term 150 for DISCOVERED_A_NEW_TERM
2019-10-17 07:09:46,797 [696df33b-59a0-4145-913f-936aff0d1566@group-2C0FEEE55AE1-LeaderElection1218] INFO  impl.RoleInfo (RoleInfo.java:shutdownLeaderElection(134)) - 696df33b-59a0-4145-913f-936aff0d1566: shutdown LeaderElection
2019-10-17 07:09:46,797 [696df33b-59a0-4145-913f-936aff0d1566@group-2C0FEEE55AE1-LeaderElection1218] INFO  impl.RoleInfo (RoleInfo.java:updateAndGet(143)) - 696df33b-59a0-4145-913f-936aff0d1566: start FollowerState
2019-10-17 07:09:46,956 [Thread-10721] INFO  impl.FollowerState (FollowerState.java:run(108)) - 696df33b-59a0-4145-913f-936aff0d1566@group-2C0FEEE55AE1-FollowerState: change to CANDIDATE, lastRpcTime:158ms, electionTimeout:158ms
2019-10-17 07:09:46,957 [Thread-10721] INFO  impl.RoleInfo (RoleInfo.java:shutdownFollowerState(121)) - 696df33b-59a0-4145-913f-936aff0d1566: shutdown FollowerState
2019-10-17 07:09:46,957 [Thread-10721] INFO  impl.RaftServerImpl (RaftServerImpl.java:setRole(184)) - 696df33b-59a0-4145-913f-936aff0d1566@group-2C0FEEE55AE1: changes role from  FOLLOWER to CANDIDATE at term 150 for changeToCandidate
2019-10-17 07:09:46,957 [Thread-10721] INFO  impl.RoleInfo (RoleInfo.java:updateAndGet(143)) - 696df33b-59a0-4145-913f-936aff0d1566: start LeaderElection
2019-10-17 07:09:46,973 [696df33b-59a0-4145-913f-936aff0d1566@group-2C0FEEE55AE1-LeaderElection1219] INFO  impl.LeaderElection (LeaderElection.java:askForVotes(178)) - 696df33b-59a0-4145-913f-936aff0d1566@group-2C0FEEE55AE1-LeaderElection1219: begin an election at term 151 for -1: [f3ee4219-89bb-47f2-bbe0-5f784575b745:192.168.157.211:38722, 805254cc-2da6-48d8-a2f9-c1a3ceceab4a:192.168.157.211:35407, 696df33b-59a0-4145-913f-936aff0d1566:192.168.157.211:38803], old=null
2019-10-17 07:09:46,975 [696df33b-59a0-4145-913f-936aff0d1566@group-2C0FEEE55AE1-LeaderElection1219] INFO  impl.LeaderElection (LogUtils.java:infoOrTrace(149)) - 696df33b-59a0-4145-913f-936aff0d1566@group-2C0FEEE55AE1-LeaderElection1219 got exception when requesting votes: {}
java.util.concurrent.ExecutionException: org.apache.ratis.thirdparty.io.grpc.StatusRuntimeException: UNAVAILABLE: io exception
	at java.util.concurrent.FutureTask.report(FutureTask.java:122)
	at java.util.concurrent.FutureTask.get(FutureTask.java:192)
	at org.apache.ratis.server.impl.LeaderElection.waitForResults(LeaderElection.java:259)
	at org.apache.ratis.server.impl.LeaderElection.askForVotes(LeaderElection.java:197)
	at org.apache.ratis.server.impl.LeaderElection.run(LeaderElection.java:133)
	at java.lang.Thread.run(Thread.java:748)
Caused by: org.apache.ratis.thirdparty.io.grpc.StatusRuntimeException: UNAVAILABLE: io exception
	at org.apache.ratis.thirdparty.io.grpc.stub.ClientCalls.toStatusRuntimeException(ClientCalls.java:233)
	at org.apache.ratis.thirdparty.io.grpc.stub.ClientCalls.getUnchecked(ClientCalls.java:214)
	at org.apache.ratis.thirdparty.io.grpc.stub.ClientCalls.blockingUnaryCall(ClientCalls.java:139)
	at org.apache.ratis.proto.grpc.RaftServerProtocolServiceGrpc$RaftServerProtocolServiceBlockingStub.requestVote(RaftServerProtocolServiceGrpc.java:265)
	at org.apache.ratis.grpc.server.GrpcServerProtocolClient.requestVote(GrpcServerProtocolClient.java:99)
	at org.apache.ratis.grpc.server.GrpcService.requestVote(GrpcService.java:204)
	at org.apache.ratis.server.impl.LeaderElection.lambda$submitRequests$1(LeaderElection.java:234)
	at java.util.concurrent.FutureTask.run(FutureTask.java:266)
	at java.util.concurrent.Executors$RunnableAdapter.call(Executors.java:511)
	at java.util.concurrent.FutureTask.run(FutureTask.java:266)
	at java.util.concurrent.ThreadPoolExecutor.runWorker(ThreadPoolExecutor.java:1149)
	at java.util.concurrent.ThreadPoolExecutor$Worker.run(ThreadPoolExecutor.java:624)
	... 1 more
Caused by: org.apache.ratis.thirdparty.io.netty.channel.AbstractChannel$AnnotatedConnectException: Connection refused: /192.168.157.211:38722
	at sun.nio.ch.SocketChannelImpl.checkConnect(Native Method)
	at sun.nio.ch.SocketChannelImpl.finishConnect(SocketChannelImpl.java:717)
	at org.apache.ratis.thirdparty.io.netty.channel.socket.nio.NioSocketChannel.doFinishConnect(NioSocketChannel.java:327)
	at org.apache.ratis.thirdparty.io.netty.channel.nio.AbstractNioChannel$AbstractNioUnsafe.finishConnect(AbstractNioChannel.java:340)
	at org.apache.ratis.thirdparty.io.netty.channel.nio.NioEventLoop.processSelectedKey(NioEventLoop.java:632)
	at org.apache.ratis.thirdparty.io.netty.channel.nio.NioEventLoop.processSelectedKeysOptimized(NioEventLoop.java:579)
	at org.apache.ratis.thirdparty.io.netty.channel.nio.NioEventLoop.processSelectedKeys(NioEventLoop.java:496)
	at org.apache.ratis.thirdparty.io.netty.channel.nio.NioEventLoop.run(NioEventLoop.java:458)
	at org.apache.ratis.thirdparty.io.netty.util.concurrent.SingleThreadEventExecutor$5.run(SingleThreadEventExecutor.java:897)
	at org.apache.ratis.thirdparty.io.netty.util.concurrent.FastThreadLocalRunnable.run(FastThreadLocalRunnable.java:30)
	... 1 more
Caused by: java.net.ConnectException: Connection refused
	... 11 more
2019-10-17 07:09:46,976 [grpc-default-executor-2] INFO  impl.RaftServerImpl (RaftServerImpl.java:setRole(184)) - 805254cc-2da6-48d8-a2f9-c1a3ceceab4a@group-2C0FEEE55AE1: changes role from  FOLLOWER to FOLLOWER at term 151 for recognizeCandidate:696df33b-59a0-4145-913f-936aff0d1566
2019-10-17 07:09:46,977 [grpc-default-executor-2] INFO  impl.RoleInfo (RoleInfo.java:shutdownFollowerState(121)) - 805254cc-2da6-48d8-a2f9-c1a3ceceab4a: shutdown FollowerState
2019-10-17 07:09:46,977 [grpc-default-executor-2] INFO  impl.RoleInfo (RoleInfo.java:updateAndGet(143)) - 805254cc-2da6-48d8-a2f9-c1a3ceceab4a: start FollowerState
2019-10-17 07:09:46,977 [Thread-10720] INFO  impl.FollowerState (FollowerState.java:run(117)) - 805254cc-2da6-48d8-a2f9-c1a3ceceab4a@group-2C0FEEE55AE1-FollowerState was interrupted: java.lang.InterruptedException: sleep interrupted
2019-10-17 07:09:46,990 [696df33b-59a0-4145-913f-936aff0d1566@group-2C0FEEE55AE1-LeaderElection1219] INFO  impl.LeaderElection (LeaderElection.java:logAndReturn(56)) - 696df33b-59a0-4145-913f-936aff0d1566@group-2C0FEEE55AE1-LeaderElection1219: Election REJECTED; received 1 response(s) [696df33b-59a0-4145-913f-936aff0d1566<-805254cc-2da6-48d8-a2f9-c1a3ceceab4a#0:FAIL-t151] and 1 exception(s); 696df33b-59a0-4145-913f-936aff0d1566@group-2C0FEEE55AE1:t151, leader=null, voted=696df33b-59a0-4145-913f-936aff0d1566, raftlog=696df33b-59a0-4145-913f-936aff0d1566@group-2C0FEEE55AE1-SegmentedRaftLog:OPENED:c-1,f-1,i0, conf=-1: [f3ee4219-89bb-47f2-bbe0-5f784575b745:192.168.157.211:38722, 805254cc-2da6-48d8-a2f9-c1a3ceceab4a:192.168.157.211:35407, 696df33b-59a0-4145-913f-936aff0d1566:192.168.157.211:38803], old=null
2019-10-17 07:09:46,990 [696df33b-59a0-4145-913f-936aff0d1566@group-2C0FEEE55AE1-LeaderElection1219] INFO  impl.LeaderElection (LogUtils.java:infoOrTrace(149)) -   Exception 0: {}
java.util.concurrent.ExecutionException: org.apache.ratis.thirdparty.io.grpc.StatusRuntimeException: UNAVAILABLE: io exception
	at java.util.concurrent.FutureTask.report(FutureTask.java:122)
	at java.util.concurrent.FutureTask.get(FutureTask.java:192)
	at org.apache.ratis.server.impl.LeaderElection.waitForResults(LeaderElection.java:259)
	at org.apache.ratis.server.impl.LeaderElection.askForVotes(LeaderElection.java:197)
	at org.apache.ratis.server.impl.LeaderElection.run(LeaderElection.java:133)
	at java.lang.Thread.run(Thread.java:748)
Caused by: org.apache.ratis.thirdparty.io.grpc.StatusRuntimeException: UNAVAILABLE: io exception
	at org.apache.ratis.thirdparty.io.grpc.stub.ClientCalls.toStatusRuntimeException(ClientCalls.java:233)
	at org.apache.ratis.thirdparty.io.grpc.stub.ClientCalls.getUnchecked(ClientCalls.java:214)
	at org.apache.ratis.thirdparty.io.grpc.stub.ClientCalls.blockingUnaryCall(ClientCalls.java:139)
	at org.apache.ratis.proto.grpc.RaftServerProtocolServiceGrpc$RaftServerProtocolServiceBlockingStub.requestVote(RaftServerProtocolServiceGrpc.java:265)
	at org.apache.ratis.grpc.server.GrpcServerProtocolClient.requestVote(GrpcServerProtocolClient.java:99)
	at org.apache.ratis.grpc.server.GrpcService.requestVote(GrpcService.java:204)
	at org.apache.ratis.server.impl.LeaderElection.lambda$submitRequests$1(LeaderElection.java:234)
	at java.util.concurrent.FutureTask.run(FutureTask.java:266)
	at java.util.concurrent.Executors$RunnableAdapter.call(Executors.java:511)
	at java.util.concurrent.FutureTask.run(FutureTask.java:266)
	at java.util.concurrent.ThreadPoolExecutor.runWorker(ThreadPoolExecutor.java:1149)
	at java.util.concurrent.ThreadPoolExecutor$Worker.run(ThreadPoolExecutor.java:624)
	... 1 more
Caused by: org.apache.ratis.thirdparty.io.netty.channel.AbstractChannel$AnnotatedConnectException: Connection refused: /192.168.157.211:38722
	at sun.nio.ch.SocketChannelImpl.checkConnect(Native Method)
	at sun.nio.ch.SocketChannelImpl.finishConnect(SocketChannelImpl.java:717)
	at org.apache.ratis.thirdparty.io.netty.channel.socket.nio.NioSocketChannel.doFinishConnect(NioSocketChannel.java:327)
	at org.apache.ratis.thirdparty.io.netty.channel.nio.AbstractNioChannel$AbstractNioUnsafe.finishConnect(AbstractNioChannel.java:340)
	at org.apache.ratis.thirdparty.io.netty.channel.nio.NioEventLoop.processSelectedKey(NioEventLoop.java:632)
	at org.apache.ratis.thirdparty.io.netty.channel.nio.NioEventLoop.processSelectedKeysOptimized(NioEventLoop.java:579)
	at org.apache.ratis.thirdparty.io.netty.channel.nio.NioEventLoop.processSelectedKeys(NioEventLoop.java:496)
	at org.apache.ratis.thirdparty.io.netty.channel.nio.NioEventLoop.run(NioEventLoop.java:458)
	at org.apache.ratis.thirdparty.io.netty.util.concurrent.SingleThreadEventExecutor$5.run(SingleThreadEventExecutor.java:897)
	at org.apache.ratis.thirdparty.io.netty.util.concurrent.FastThreadLocalRunnable.run(FastThreadLocalRunnable.java:30)
	... 1 more
Caused by: java.net.ConnectException: Connection refused
	... 11 more
2019-10-17 07:09:46,990 [696df33b-59a0-4145-913f-936aff0d1566@group-2C0FEEE55AE1-LeaderElection1219] INFO  impl.RaftServerImpl (RaftServerImpl.java:setRole(184)) - 696df33b-59a0-4145-913f-936aff0d1566@group-2C0FEEE55AE1: changes role from CANDIDATE to FOLLOWER at term 151 for DISCOVERED_A_NEW_TERM
2019-10-17 07:09:46,990 [696df33b-59a0-4145-913f-936aff0d1566@group-2C0FEEE55AE1-LeaderElection1219] INFO  impl.RoleInfo (RoleInfo.java:shutdownLeaderElection(134)) - 696df33b-59a0-4145-913f-936aff0d1566: shutdown LeaderElection
2019-10-17 07:09:46,990 [696df33b-59a0-4145-913f-936aff0d1566@group-2C0FEEE55AE1-LeaderElection1219] INFO  impl.RoleInfo (RoleInfo.java:updateAndGet(143)) - 696df33b-59a0-4145-913f-936aff0d1566: start FollowerState
2019-10-17 07:09:47,180 [Thread-10728] INFO  impl.FollowerState (FollowerState.java:run(108)) - 696df33b-59a0-4145-913f-936aff0d1566@group-2C0FEEE55AE1-FollowerState: change to CANDIDATE, lastRpcTime:189ms, electionTimeout:189ms
2019-10-17 07:09:47,180 [Thread-10728] INFO  impl.RoleInfo (RoleInfo.java:shutdownFollowerState(121)) - 696df33b-59a0-4145-913f-936aff0d1566: shutdown FollowerState
2019-10-17 07:09:47,180 [Thread-10728] INFO  impl.RaftServerImpl (RaftServerImpl.java:setRole(184)) - 696df33b-59a0-4145-913f-936aff0d1566@group-2C0FEEE55AE1: changes role from  FOLLOWER to CANDIDATE at term 151 for changeToCandidate
2019-10-17 07:09:47,180 [Thread-10728] INFO  impl.RoleInfo (RoleInfo.java:updateAndGet(143)) - 696df33b-59a0-4145-913f-936aff0d1566: start LeaderElection
2019-10-17 07:09:47,202 [696df33b-59a0-4145-913f-936aff0d1566@group-2C0FEEE55AE1-LeaderElection1220] INFO  impl.LeaderElection (LeaderElection.java:askForVotes(178)) - 696df33b-59a0-4145-913f-936aff0d1566@group-2C0FEEE55AE1-LeaderElection1220: begin an election at term 152 for -1: [f3ee4219-89bb-47f2-bbe0-5f784575b745:192.168.157.211:38722, 805254cc-2da6-48d8-a2f9-c1a3ceceab4a:192.168.157.211:35407, 696df33b-59a0-4145-913f-936aff0d1566:192.168.157.211:38803], old=null
2019-10-17 07:09:47,203 [696df33b-59a0-4145-913f-936aff0d1566@group-2C0FEEE55AE1-LeaderElection1220] INFO  impl.LeaderElection (LogUtils.java:infoOrTrace(149)) - 696df33b-59a0-4145-913f-936aff0d1566@group-2C0FEEE55AE1-LeaderElection1220 got exception when requesting votes: {}
java.util.concurrent.ExecutionException: org.apache.ratis.thirdparty.io.grpc.StatusRuntimeException: UNAVAILABLE: io exception
	at java.util.concurrent.FutureTask.report(FutureTask.java:122)
	at java.util.concurrent.FutureTask.get(FutureTask.java:192)
	at org.apache.ratis.server.impl.LeaderElection.waitForResults(LeaderElection.java:259)
	at org.apache.ratis.server.impl.LeaderElection.askForVotes(LeaderElection.java:197)
	at org.apache.ratis.server.impl.LeaderElection.run(LeaderElection.java:133)
	at java.lang.Thread.run(Thread.java:748)
Caused by: org.apache.ratis.thirdparty.io.grpc.StatusRuntimeException: UNAVAILABLE: io exception
	at org.apache.ratis.thirdparty.io.grpc.stub.ClientCalls.toStatusRuntimeException(ClientCalls.java:233)
	at org.apache.ratis.thirdparty.io.grpc.stub.ClientCalls.getUnchecked(ClientCalls.java:214)
	at org.apache.ratis.thirdparty.io.grpc.stub.ClientCalls.blockingUnaryCall(ClientCalls.java:139)
	at org.apache.ratis.proto.grpc.RaftServerProtocolServiceGrpc$RaftServerProtocolServiceBlockingStub.requestVote(RaftServerProtocolServiceGrpc.java:265)
	at org.apache.ratis.grpc.server.GrpcServerProtocolClient.requestVote(GrpcServerProtocolClient.java:99)
	at org.apache.ratis.grpc.server.GrpcService.requestVote(GrpcService.java:204)
	at org.apache.ratis.server.impl.LeaderElection.lambda$submitRequests$1(LeaderElection.java:234)
	at java.util.concurrent.FutureTask.run(FutureTask.java:266)
	at java.util.concurrent.Executors$RunnableAdapter.call(Executors.java:511)
	at java.util.concurrent.FutureTask.run(FutureTask.java:266)
	at java.util.concurrent.ThreadPoolExecutor.runWorker(ThreadPoolExecutor.java:1149)
	at java.util.concurrent.ThreadPoolExecutor$Worker.run(ThreadPoolExecutor.java:624)
	... 1 more
Caused by: org.apache.ratis.thirdparty.io.netty.channel.AbstractChannel$AnnotatedConnectException: Connection refused: /192.168.157.211:38722
	at sun.nio.ch.SocketChannelImpl.checkConnect(Native Method)
	at sun.nio.ch.SocketChannelImpl.finishConnect(SocketChannelImpl.java:717)
	at org.apache.ratis.thirdparty.io.netty.channel.socket.nio.NioSocketChannel.doFinishConnect(NioSocketChannel.java:327)
	at org.apache.ratis.thirdparty.io.netty.channel.nio.AbstractNioChannel$AbstractNioUnsafe.finishConnect(AbstractNioChannel.java:340)
	at org.apache.ratis.thirdparty.io.netty.channel.nio.NioEventLoop.processSelectedKey(NioEventLoop.java:632)
	at org.apache.ratis.thirdparty.io.netty.channel.nio.NioEventLoop.processSelectedKeysOptimized(NioEventLoop.java:579)
	at org.apache.ratis.thirdparty.io.netty.channel.nio.NioEventLoop.processSelectedKeys(NioEventLoop.java:496)
	at org.apache.ratis.thirdparty.io.netty.channel.nio.NioEventLoop.run(NioEventLoop.java:458)
	at org.apache.ratis.thirdparty.io.netty.util.concurrent.SingleThreadEventExecutor$5.run(SingleThreadEventExecutor.java:897)
	at org.apache.ratis.thirdparty.io.netty.util.concurrent.FastThreadLocalRunnable.run(FastThreadLocalRunnable.java:30)
	... 1 more
Caused by: java.net.ConnectException: Connection refused
	... 11 more
2019-10-17 07:09:47,204 [grpc-default-executor-5] INFO  impl.RaftServerImpl (RaftServerImpl.java:setRole(184)) - 805254cc-2da6-48d8-a2f9-c1a3ceceab4a@group-2C0FEEE55AE1: changes role from  FOLLOWER to FOLLOWER at term 152 for recognizeCandidate:696df33b-59a0-4145-913f-936aff0d1566
2019-10-17 07:09:47,204 [grpc-default-executor-5] INFO  impl.RoleInfo (RoleInfo.java:shutdownFollowerState(121)) - 805254cc-2da6-48d8-a2f9-c1a3ceceab4a: shutdown FollowerState
2019-10-17 07:09:47,204 [grpc-default-executor-5] INFO  impl.RoleInfo (RoleInfo.java:updateAndGet(143)) - 805254cc-2da6-48d8-a2f9-c1a3ceceab4a: start FollowerState
2019-10-17 07:09:47,205 [Thread-10727] INFO  impl.FollowerState (FollowerState.java:run(117)) - 805254cc-2da6-48d8-a2f9-c1a3ceceab4a@group-2C0FEEE55AE1-FollowerState was interrupted: java.lang.InterruptedException: sleep interrupted
2019-10-17 07:09:47,219 [696df33b-59a0-4145-913f-936aff0d1566@group-2C0FEEE55AE1-LeaderElection1220] INFO  impl.LeaderElection (LeaderElection.java:logAndReturn(56)) - 696df33b-59a0-4145-913f-936aff0d1566@group-2C0FEEE55AE1-LeaderElection1220: Election REJECTED; received 1 response(s) [696df33b-59a0-4145-913f-936aff0d1566<-805254cc-2da6-48d8-a2f9-c1a3ceceab4a#0:FAIL-t152] and 1 exception(s); 696df33b-59a0-4145-913f-936aff0d1566@group-2C0FEEE55AE1:t152, leader=null, voted=696df33b-59a0-4145-913f-936aff0d1566, raftlog=696df33b-59a0-4145-913f-936aff0d1566@group-2C0FEEE55AE1-SegmentedRaftLog:OPENED:c-1,f-1,i0, conf=-1: [f3ee4219-89bb-47f2-bbe0-5f784575b745:192.168.157.211:38722, 805254cc-2da6-48d8-a2f9-c1a3ceceab4a:192.168.157.211:35407, 696df33b-59a0-4145-913f-936aff0d1566:192.168.157.211:38803], old=null
2019-10-17 07:09:47,219 [696df33b-59a0-4145-913f-936aff0d1566@group-2C0FEEE55AE1-LeaderElection1220] INFO  impl.LeaderElection (LogUtils.java:infoOrTrace(149)) -   Exception 0: {}
java.util.concurrent.ExecutionException: org.apache.ratis.thirdparty.io.grpc.StatusRuntimeException: UNAVAILABLE: io exception
	at java.util.concurrent.FutureTask.report(FutureTask.java:122)
	at java.util.concurrent.FutureTask.get(FutureTask.java:192)
	at org.apache.ratis.server.impl.LeaderElection.waitForResults(LeaderElection.java:259)
	at org.apache.ratis.server.impl.LeaderElection.askForVotes(LeaderElection.java:197)
	at org.apache.ratis.server.impl.LeaderElection.run(LeaderElection.java:133)
	at java.lang.Thread.run(Thread.java:748)
Caused by: org.apache.ratis.thirdparty.io.grpc.StatusRuntimeException: UNAVAILABLE: io exception
	at org.apache.ratis.thirdparty.io.grpc.stub.ClientCalls.toStatusRuntimeException(ClientCalls.java:233)
	at org.apache.ratis.thirdparty.io.grpc.stub.ClientCalls.getUnchecked(ClientCalls.java:214)
	at org.apache.ratis.thirdparty.io.grpc.stub.ClientCalls.blockingUnaryCall(ClientCalls.java:139)
	at org.apache.ratis.proto.grpc.RaftServerProtocolServiceGrpc$RaftServerProtocolServiceBlockingStub.requestVote(RaftServerProtocolServiceGrpc.java:265)
	at org.apache.ratis.grpc.server.GrpcServerProtocolClient.requestVote(GrpcServerProtocolClient.java:99)
	at org.apache.ratis.grpc.server.GrpcService.requestVote(GrpcService.java:204)
	at org.apache.ratis.server.impl.LeaderElection.lambda$submitRequests$1(LeaderElection.java:234)
	at java.util.concurrent.FutureTask.run(FutureTask.java:266)
	at java.util.concurrent.Executors$RunnableAdapter.call(Executors.java:511)
	at java.util.concurrent.FutureTask.run(FutureTask.java:266)
	at java.util.concurrent.ThreadPoolExecutor.runWorker(ThreadPoolExecutor.java:1149)
	at java.util.concurrent.ThreadPoolExecutor$Worker.run(ThreadPoolExecutor.java:624)
	... 1 more
Caused by: org.apache.ratis.thirdparty.io.netty.channel.AbstractChannel$AnnotatedConnectException: Connection refused: /192.168.157.211:38722
	at sun.nio.ch.SocketChannelImpl.checkConnect(Native Method)
	at sun.nio.ch.SocketChannelImpl.finishConnect(SocketChannelImpl.java:717)
	at org.apache.ratis.thirdparty.io.netty.channel.socket.nio.NioSocketChannel.doFinishConnect(NioSocketChannel.java:327)
	at org.apache.ratis.thirdparty.io.netty.channel.nio.AbstractNioChannel$AbstractNioUnsafe.finishConnect(AbstractNioChannel.java:340)
	at org.apache.ratis.thirdparty.io.netty.channel.nio.NioEventLoop.processSelectedKey(NioEventLoop.java:632)
	at org.apache.ratis.thirdparty.io.netty.channel.nio.NioEventLoop.processSelectedKeysOptimized(NioEventLoop.java:579)
	at org.apache.ratis.thirdparty.io.netty.channel.nio.NioEventLoop.processSelectedKeys(NioEventLoop.java:496)
	at org.apache.ratis.thirdparty.io.netty.channel.nio.NioEventLoop.run(NioEventLoop.java:458)
	at org.apache.ratis.thirdparty.io.netty.util.concurrent.SingleThreadEventExecutor$5.run(SingleThreadEventExecutor.java:897)
	at org.apache.ratis.thirdparty.io.netty.util.concurrent.FastThreadLocalRunnable.run(FastThreadLocalRunnable.java:30)
	... 1 more
Caused by: java.net.ConnectException: Connection refused
	... 11 more
2019-10-17 07:09:47,220 [696df33b-59a0-4145-913f-936aff0d1566@group-2C0FEEE55AE1-LeaderElection1220] INFO  impl.RaftServerImpl (RaftServerImpl.java:setRole(184)) - 696df33b-59a0-4145-913f-936aff0d1566@group-2C0FEEE55AE1: changes role from CANDIDATE to FOLLOWER at term 152 for DISCOVERED_A_NEW_TERM
2019-10-17 07:09:47,220 [696df33b-59a0-4145-913f-936aff0d1566@group-2C0FEEE55AE1-LeaderElection1220] INFO  impl.RoleInfo (RoleInfo.java:shutdownLeaderElection(134)) - 696df33b-59a0-4145-913f-936aff0d1566: shutdown LeaderElection
2019-10-17 07:09:47,220 [696df33b-59a0-4145-913f-936aff0d1566@group-2C0FEEE55AE1-LeaderElection1220] INFO  impl.RoleInfo (RoleInfo.java:updateAndGet(143)) - 696df33b-59a0-4145-913f-936aff0d1566: start FollowerState
2019-10-17 07:09:47,371 [Thread-10735] INFO  impl.FollowerState (FollowerState.java:run(108)) - 696df33b-59a0-4145-913f-936aff0d1566@group-2C0FEEE55AE1-FollowerState: change to CANDIDATE, lastRpcTime:150ms, electionTimeout:150ms
2019-10-17 07:09:47,371 [Thread-10735] INFO  impl.RoleInfo (RoleInfo.java:shutdownFollowerState(121)) - 696df33b-59a0-4145-913f-936aff0d1566: shutdown FollowerState
2019-10-17 07:09:47,371 [Thread-10735] INFO  impl.RaftServerImpl (RaftServerImpl.java:setRole(184)) - 696df33b-59a0-4145-913f-936aff0d1566@group-2C0FEEE55AE1: changes role from  FOLLOWER to CANDIDATE at term 152 for changeToCandidate
2019-10-17 07:09:47,371 [Thread-10735] INFO  impl.RoleInfo (RoleInfo.java:updateAndGet(143)) - 696df33b-59a0-4145-913f-936aff0d1566: start LeaderElection
2019-10-17 07:09:47,380 [696df33b-59a0-4145-913f-936aff0d1566@group-2C0FEEE55AE1-LeaderElection1221] INFO  impl.LeaderElection (LeaderElection.java:askForVotes(178)) - 696df33b-59a0-4145-913f-936aff0d1566@group-2C0FEEE55AE1-LeaderElection1221: begin an election at term 153 for -1: [f3ee4219-89bb-47f2-bbe0-5f784575b745:192.168.157.211:38722, 805254cc-2da6-48d8-a2f9-c1a3ceceab4a:192.168.157.211:35407, 696df33b-59a0-4145-913f-936aff0d1566:192.168.157.211:38803], old=null
2019-10-17 07:09:47,381 [696df33b-59a0-4145-913f-936aff0d1566@group-2C0FEEE55AE1-LeaderElection1221] INFO  impl.LeaderElection (LogUtils.java:infoOrTrace(149)) - 696df33b-59a0-4145-913f-936aff0d1566@group-2C0FEEE55AE1-LeaderElection1221 got exception when requesting votes: {}
java.util.concurrent.ExecutionException: org.apache.ratis.thirdparty.io.grpc.StatusRuntimeException: UNAVAILABLE: io exception
	at java.util.concurrent.FutureTask.report(FutureTask.java:122)
	at java.util.concurrent.FutureTask.get(FutureTask.java:192)
	at org.apache.ratis.server.impl.LeaderElection.waitForResults(LeaderElection.java:259)
	at org.apache.ratis.server.impl.LeaderElection.askForVotes(LeaderElection.java:197)
	at org.apache.ratis.server.impl.LeaderElection.run(LeaderElection.java:133)
	at java.lang.Thread.run(Thread.java:748)
Caused by: org.apache.ratis.thirdparty.io.grpc.StatusRuntimeException: UNAVAILABLE: io exception
	at org.apache.ratis.thirdparty.io.grpc.stub.ClientCalls.toStatusRuntimeException(ClientCalls.java:233)
	at org.apache.ratis.thirdparty.io.grpc.stub.ClientCalls.getUnchecked(ClientCalls.java:214)
	at org.apache.ratis.thirdparty.io.grpc.stub.ClientCalls.blockingUnaryCall(ClientCalls.java:139)
	at org.apache.ratis.proto.grpc.RaftServerProtocolServiceGrpc$RaftServerProtocolServiceBlockingStub.requestVote(RaftServerProtocolServiceGrpc.java:265)
	at org.apache.ratis.grpc.server.GrpcServerProtocolClient.requestVote(GrpcServerProtocolClient.java:99)
	at org.apache.ratis.grpc.server.GrpcService.requestVote(GrpcService.java:204)
	at org.apache.ratis.server.impl.LeaderElection.lambda$submitRequests$1(LeaderElection.java:234)
	at java.util.concurrent.FutureTask.run(FutureTask.java:266)
	at java.util.concurrent.Executors$RunnableAdapter.call(Executors.java:511)
	at java.util.concurrent.FutureTask.run(FutureTask.java:266)
	at java.util.concurrent.ThreadPoolExecutor.runWorker(ThreadPoolExecutor.java:1149)
	at java.util.concurrent.ThreadPoolExecutor$Worker.run(ThreadPoolExecutor.java:624)
	... 1 more
Caused by: org.apache.ratis.thirdparty.io.netty.channel.AbstractChannel$AnnotatedConnectException: Connection refused: /192.168.157.211:38722
	at sun.nio.ch.SocketChannelImpl.checkConnect(Native Method)
	at sun.nio.ch.SocketChannelImpl.finishConnect(SocketChannelImpl.java:717)
	at org.apache.ratis.thirdparty.io.netty.channel.socket.nio.NioSocketChannel.doFinishConnect(NioSocketChannel.java:327)
	at org.apache.ratis.thirdparty.io.netty.channel.nio.AbstractNioChannel$AbstractNioUnsafe.finishConnect(AbstractNioChannel.java:340)
	at org.apache.ratis.thirdparty.io.netty.channel.nio.NioEventLoop.processSelectedKey(NioEventLoop.java:632)
	at org.apache.ratis.thirdparty.io.netty.channel.nio.NioEventLoop.processSelectedKeysOptimized(NioEventLoop.java:579)
	at org.apache.ratis.thirdparty.io.netty.channel.nio.NioEventLoop.processSelectedKeys(NioEventLoop.java:496)
	at org.apache.ratis.thirdparty.io.netty.channel.nio.NioEventLoop.run(NioEventLoop.java:458)
	at org.apache.ratis.thirdparty.io.netty.util.concurrent.SingleThreadEventExecutor$5.run(SingleThreadEventExecutor.java:897)
	at org.apache.ratis.thirdparty.io.netty.util.concurrent.FastThreadLocalRunnable.run(FastThreadLocalRunnable.java:30)
	... 1 more
Caused by: java.net.ConnectException: Connection refused
	... 11 more
2019-10-17 07:09:47,381 [grpc-default-executor-5] INFO  impl.RaftServerImpl (RaftServerImpl.java:setRole(184)) - 805254cc-2da6-48d8-a2f9-c1a3ceceab4a@group-2C0FEEE55AE1: changes role from  FOLLOWER to FOLLOWER at term 153 for recognizeCandidate:696df33b-59a0-4145-913f-936aff0d1566
2019-10-17 07:09:47,381 [grpc-default-executor-5] INFO  impl.RoleInfo (RoleInfo.java:shutdownFollowerState(121)) - 805254cc-2da6-48d8-a2f9-c1a3ceceab4a: shutdown FollowerState
2019-10-17 07:09:47,381 [grpc-default-executor-5] INFO  impl.RoleInfo (RoleInfo.java:updateAndGet(143)) - 805254cc-2da6-48d8-a2f9-c1a3ceceab4a: start FollowerState
2019-10-17 07:09:47,381 [Thread-10734] INFO  impl.FollowerState (FollowerState.java:run(117)) - 805254cc-2da6-48d8-a2f9-c1a3ceceab4a@group-2C0FEEE55AE1-FollowerState was interrupted: java.lang.InterruptedException: sleep interrupted
2019-10-17 07:09:47,396 [696df33b-59a0-4145-913f-936aff0d1566@group-2C0FEEE55AE1-LeaderElection1221] INFO  impl.LeaderElection (LeaderElection.java:logAndReturn(56)) - 696df33b-59a0-4145-913f-936aff0d1566@group-2C0FEEE55AE1-LeaderElection1221: Election REJECTED; received 1 response(s) [696df33b-59a0-4145-913f-936aff0d1566<-805254cc-2da6-48d8-a2f9-c1a3ceceab4a#0:FAIL-t153] and 1 exception(s); 696df33b-59a0-4145-913f-936aff0d1566@group-2C0FEEE55AE1:t153, leader=null, voted=696df33b-59a0-4145-913f-936aff0d1566, raftlog=696df33b-59a0-4145-913f-936aff0d1566@group-2C0FEEE55AE1-SegmentedRaftLog:OPENED:c-1,f-1,i0, conf=-1: [f3ee4219-89bb-47f2-bbe0-5f784575b745:192.168.157.211:38722, 805254cc-2da6-48d8-a2f9-c1a3ceceab4a:192.168.157.211:35407, 696df33b-59a0-4145-913f-936aff0d1566:192.168.157.211:38803], old=null
2019-10-17 07:09:47,396 [696df33b-59a0-4145-913f-936aff0d1566@group-2C0FEEE55AE1-LeaderElection1221] INFO  impl.LeaderElection (LogUtils.java:infoOrTrace(149)) -   Exception 0: {}
java.util.concurrent.ExecutionException: org.apache.ratis.thirdparty.io.grpc.StatusRuntimeException: UNAVAILABLE: io exception
	at java.util.concurrent.FutureTask.report(FutureTask.java:122)
	at java.util.concurrent.FutureTask.get(FutureTask.java:192)
	at org.apache.ratis.server.impl.LeaderElection.waitForResults(LeaderElection.java:259)
	at org.apache.ratis.server.impl.LeaderElection.askForVotes(LeaderElection.java:197)
	at org.apache.ratis.server.impl.LeaderElection.run(LeaderElection.java:133)
	at java.lang.Thread.run(Thread.java:748)
Caused by: org.apache.ratis.thirdparty.io.grpc.StatusRuntimeException: UNAVAILABLE: io exception
	at org.apache.ratis.thirdparty.io.grpc.stub.ClientCalls.toStatusRuntimeException(ClientCalls.java:233)
	at org.apache.ratis.thirdparty.io.grpc.stub.ClientCalls.getUnchecked(ClientCalls.java:214)
	at org.apache.ratis.thirdparty.io.grpc.stub.ClientCalls.blockingUnaryCall(ClientCalls.java:139)
	at org.apache.ratis.proto.grpc.RaftServerProtocolServiceGrpc$RaftServerProtocolServiceBlockingStub.requestVote(RaftServerProtocolServiceGrpc.java:265)
	at org.apache.ratis.grpc.server.GrpcServerProtocolClient.requestVote(GrpcServerProtocolClient.java:99)
	at org.apache.ratis.grpc.server.GrpcService.requestVote(GrpcService.java:204)
	at org.apache.ratis.server.impl.LeaderElection.lambda$submitRequests$1(LeaderElection.java:234)
	at java.util.concurrent.FutureTask.run(FutureTask.java:266)
	at java.util.concurrent.Executors$RunnableAdapter.call(Executors.java:511)
	at java.util.concurrent.FutureTask.run(FutureTask.java:266)
	at java.util.concurrent.ThreadPoolExecutor.runWorker(ThreadPoolExecutor.java:1149)
	at java.util.concurrent.ThreadPoolExecutor$Worker.run(ThreadPoolExecutor.java:624)
	... 1 more
Caused by: org.apache.ratis.thirdparty.io.netty.channel.AbstractChannel$AnnotatedConnectException: Connection refused: /192.168.157.211:38722
	at sun.nio.ch.SocketChannelImpl.checkConnect(Native Method)
	at sun.nio.ch.SocketChannelImpl.finishConnect(SocketChannelImpl.java:717)
	at org.apache.ratis.thirdparty.io.netty.channel.socket.nio.NioSocketChannel.doFinishConnect(NioSocketChannel.java:327)
	at org.apache.ratis.thirdparty.io.netty.channel.nio.AbstractNioChannel$AbstractNioUnsafe.finishConnect(AbstractNioChannel.java:340)
	at org.apache.ratis.thirdparty.io.netty.channel.nio.NioEventLoop.processSelectedKey(NioEventLoop.java:632)
	at org.apache.ratis.thirdparty.io.netty.channel.nio.NioEventLoop.processSelectedKeysOptimized(NioEventLoop.java:579)
	at org.apache.ratis.thirdparty.io.netty.channel.nio.NioEventLoop.processSelectedKeys(NioEventLoop.java:496)
	at org.apache.ratis.thirdparty.io.netty.channel.nio.NioEventLoop.run(NioEventLoop.java:458)
	at org.apache.ratis.thirdparty.io.netty.util.concurrent.SingleThreadEventExecutor$5.run(SingleThreadEventExecutor.java:897)
	at org.apache.ratis.thirdparty.io.netty.util.concurrent.FastThreadLocalRunnable.run(FastThreadLocalRunnable.java:30)
	... 1 more
Caused by: java.net.ConnectException: Connection refused
	... 11 more
2019-10-17 07:09:47,396 [696df33b-59a0-4145-913f-936aff0d1566@group-2C0FEEE55AE1-LeaderElection1221] INFO  impl.RaftServerImpl (RaftServerImpl.java:setRole(184)) - 696df33b-59a0-4145-913f-936aff0d1566@group-2C0FEEE55AE1: changes role from CANDIDATE to FOLLOWER at term 153 for DISCOVERED_A_NEW_TERM
2019-10-17 07:09:47,396 [696df33b-59a0-4145-913f-936aff0d1566@group-2C0FEEE55AE1-LeaderElection1221] INFO  impl.RoleInfo (RoleInfo.java:shutdownLeaderElection(134)) - 696df33b-59a0-4145-913f-936aff0d1566: shutdown LeaderElection
2019-10-17 07:09:47,397 [696df33b-59a0-4145-913f-936aff0d1566@group-2C0FEEE55AE1-LeaderElection1221] INFO  impl.RoleInfo (RoleInfo.java:updateAndGet(143)) - 696df33b-59a0-4145-913f-936aff0d1566: start FollowerState
2019-10-17 07:09:47,517 [Thread-10740] INFO  impl.FollowerState (FollowerState.java:run(108)) - 696df33b-59a0-4145-913f-936aff0d1566@group-2C0FEEE55AE1-FollowerState: change to CANDIDATE, lastRpcTime:120ms, electionTimeout:120ms
2019-10-17 07:09:47,517 [Thread-10740] INFO  impl.RoleInfo (RoleInfo.java:shutdownFollowerState(121)) - 696df33b-59a0-4145-913f-936aff0d1566: shutdown FollowerState
2019-10-17 07:09:47,517 [Thread-10740] INFO  impl.RaftServerImpl (RaftServerImpl.java:setRole(184)) - 696df33b-59a0-4145-913f-936aff0d1566@group-2C0FEEE55AE1: changes role from  FOLLOWER to CANDIDATE at term 153 for changeToCandidate
2019-10-17 07:09:47,517 [Thread-10740] INFO  impl.RoleInfo (RoleInfo.java:updateAndGet(143)) - 696df33b-59a0-4145-913f-936aff0d1566: start LeaderElection
2019-10-17 07:09:47,525 [696df33b-59a0-4145-913f-936aff0d1566@group-2C0FEEE55AE1-LeaderElection1222] INFO  impl.LeaderElection (LeaderElection.java:askForVotes(178)) - 696df33b-59a0-4145-913f-936aff0d1566@group-2C0FEEE55AE1-LeaderElection1222: begin an election at term 154 for -1: [f3ee4219-89bb-47f2-bbe0-5f784575b745:192.168.157.211:38722, 805254cc-2da6-48d8-a2f9-c1a3ceceab4a:192.168.157.211:35407, 696df33b-59a0-4145-913f-936aff0d1566:192.168.157.211:38803], old=null
2019-10-17 07:09:47,526 [696df33b-59a0-4145-913f-936aff0d1566@group-2C0FEEE55AE1-LeaderElection1222] INFO  impl.LeaderElection (LogUtils.java:infoOrTrace(149)) - 696df33b-59a0-4145-913f-936aff0d1566@group-2C0FEEE55AE1-LeaderElection1222 got exception when requesting votes: {}
java.util.concurrent.ExecutionException: org.apache.ratis.thirdparty.io.grpc.StatusRuntimeException: UNAVAILABLE: io exception
	at java.util.concurrent.FutureTask.report(FutureTask.java:122)
	at java.util.concurrent.FutureTask.get(FutureTask.java:192)
	at org.apache.ratis.server.impl.LeaderElection.waitForResults(LeaderElection.java:259)
	at org.apache.ratis.server.impl.LeaderElection.askForVotes(LeaderElection.java:197)
	at org.apache.ratis.server.impl.LeaderElection.run(LeaderElection.java:133)
	at java.lang.Thread.run(Thread.java:748)
Caused by: org.apache.ratis.thirdparty.io.grpc.StatusRuntimeException: UNAVAILABLE: io exception
	at org.apache.ratis.thirdparty.io.grpc.stub.ClientCalls.toStatusRuntimeException(ClientCalls.java:233)
	at org.apache.ratis.thirdparty.io.grpc.stub.ClientCalls.getUnchecked(ClientCalls.java:214)
	at org.apache.ratis.thirdparty.io.grpc.stub.ClientCalls.blockingUnaryCall(ClientCalls.java:139)
	at org.apache.ratis.proto.grpc.RaftServerProtocolServiceGrpc$RaftServerProtocolServiceBlockingStub.requestVote(RaftServerProtocolServiceGrpc.java:265)
	at org.apache.ratis.grpc.server.GrpcServerProtocolClient.requestVote(GrpcServerProtocolClient.java:99)
	at org.apache.ratis.grpc.server.GrpcService.requestVote(GrpcService.java:204)
	at org.apache.ratis.server.impl.LeaderElection.lambda$submitRequests$1(LeaderElection.java:234)
	at java.util.concurrent.FutureTask.run(FutureTask.java:266)
	at java.util.concurrent.Executors$RunnableAdapter.call(Executors.java:511)
	at java.util.concurrent.FutureTask.run(FutureTask.java:266)
	at java.util.concurrent.ThreadPoolExecutor.runWorker(ThreadPoolExecutor.java:1149)
	at java.util.concurrent.ThreadPoolExecutor$Worker.run(ThreadPoolExecutor.java:624)
	... 1 more
Caused by: org.apache.ratis.thirdparty.io.netty.channel.AbstractChannel$AnnotatedConnectException: Connection refused: /192.168.157.211:38722
	at sun.nio.ch.SocketChannelImpl.checkConnect(Native Method)
	at sun.nio.ch.SocketChannelImpl.finishConnect(SocketChannelImpl.java:717)
	at org.apache.ratis.thirdparty.io.netty.channel.socket.nio.NioSocketChannel.doFinishConnect(NioSocketChannel.java:327)
	at org.apache.ratis.thirdparty.io.netty.channel.nio.AbstractNioChannel$AbstractNioUnsafe.finishConnect(AbstractNioChannel.java:340)
	at org.apache.ratis.thirdparty.io.netty.channel.nio.NioEventLoop.processSelectedKey(NioEventLoop.java:632)
	at org.apache.ratis.thirdparty.io.netty.channel.nio.NioEventLoop.processSelectedKeysOptimized(NioEventLoop.java:579)
	at org.apache.ratis.thirdparty.io.netty.channel.nio.NioEventLoop.processSelectedKeys(NioEventLoop.java:496)
	at org.apache.ratis.thirdparty.io.netty.channel.nio.NioEventLoop.run(NioEventLoop.java:458)
	at org.apache.ratis.thirdparty.io.netty.util.concurrent.SingleThreadEventExecutor$5.run(SingleThreadEventExecutor.java:897)
	at org.apache.ratis.thirdparty.io.netty.util.concurrent.FastThreadLocalRunnable.run(FastThreadLocalRunnable.java:30)
	... 1 more
Caused by: java.net.ConnectException: Connection refused
	... 11 more
2019-10-17 07:09:47,528 [grpc-default-executor-2] INFO  impl.RaftServerImpl (RaftServerImpl.java:setRole(184)) - 805254cc-2da6-48d8-a2f9-c1a3ceceab4a@group-2C0FEEE55AE1: changes role from  FOLLOWER to FOLLOWER at term 154 for recognizeCandidate:696df33b-59a0-4145-913f-936aff0d1566
2019-10-17 07:09:47,528 [grpc-default-executor-2] INFO  impl.RoleInfo (RoleInfo.java:shutdownFollowerState(121)) - 805254cc-2da6-48d8-a2f9-c1a3ceceab4a: shutdown FollowerState
2019-10-17 07:09:47,528 [grpc-default-executor-2] INFO  impl.RoleInfo (RoleInfo.java:updateAndGet(143)) - 805254cc-2da6-48d8-a2f9-c1a3ceceab4a: start FollowerState
2019-10-17 07:09:47,528 [Thread-10739] INFO  impl.FollowerState (FollowerState.java:run(117)) - 805254cc-2da6-48d8-a2f9-c1a3ceceab4a@group-2C0FEEE55AE1-FollowerState was interrupted: java.lang.InterruptedException: sleep interrupted
2019-10-17 07:09:47,541 [696df33b-59a0-4145-913f-936aff0d1566@group-2C0FEEE55AE1-LeaderElection1222] INFO  impl.LeaderElection (LeaderElection.java:logAndReturn(56)) - 696df33b-59a0-4145-913f-936aff0d1566@group-2C0FEEE55AE1-LeaderElection1222: Election REJECTED; received 1 response(s) [696df33b-59a0-4145-913f-936aff0d1566<-805254cc-2da6-48d8-a2f9-c1a3ceceab4a#0:FAIL-t154] and 1 exception(s); 696df33b-59a0-4145-913f-936aff0d1566@group-2C0FEEE55AE1:t154, leader=null, voted=696df33b-59a0-4145-913f-936aff0d1566, raftlog=696df33b-59a0-4145-913f-936aff0d1566@group-2C0FEEE55AE1-SegmentedRaftLog:OPENED:c-1,f-1,i0, conf=-1: [f3ee4219-89bb-47f2-bbe0-5f784575b745:192.168.157.211:38722, 805254cc-2da6-48d8-a2f9-c1a3ceceab4a:192.168.157.211:35407, 696df33b-59a0-4145-913f-936aff0d1566:192.168.157.211:38803], old=null
2019-10-17 07:09:47,541 [696df33b-59a0-4145-913f-936aff0d1566@group-2C0FEEE55AE1-LeaderElection1222] INFO  impl.LeaderElection (LogUtils.java:infoOrTrace(149)) -   Exception 0: {}
java.util.concurrent.ExecutionException: org.apache.ratis.thirdparty.io.grpc.StatusRuntimeException: UNAVAILABLE: io exception
	at java.util.concurrent.FutureTask.report(FutureTask.java:122)
	at java.util.concurrent.FutureTask.get(FutureTask.java:192)
	at org.apache.ratis.server.impl.LeaderElection.waitForResults(LeaderElection.java:259)
	at org.apache.ratis.server.impl.LeaderElection.askForVotes(LeaderElection.java:197)
	at org.apache.ratis.server.impl.LeaderElection.run(LeaderElection.java:133)
	at java.lang.Thread.run(Thread.java:748)
Caused by: org.apache.ratis.thirdparty.io.grpc.StatusRuntimeException: UNAVAILABLE: io exception
	at org.apache.ratis.thirdparty.io.grpc.stub.ClientCalls.toStatusRuntimeException(ClientCalls.java:233)
	at org.apache.ratis.thirdparty.io.grpc.stub.ClientCalls.getUnchecked(ClientCalls.java:214)
	at org.apache.ratis.thirdparty.io.grpc.stub.ClientCalls.blockingUnaryCall(ClientCalls.java:139)
	at org.apache.ratis.proto.grpc.RaftServerProtocolServiceGrpc$RaftServerProtocolServiceBlockingStub.requestVote(RaftServerProtocolServiceGrpc.java:265)
	at org.apache.ratis.grpc.server.GrpcServerProtocolClient.requestVote(GrpcServerProtocolClient.java:99)
	at org.apache.ratis.grpc.server.GrpcService.requestVote(GrpcService.java:204)
	at org.apache.ratis.server.impl.LeaderElection.lambda$submitRequests$1(LeaderElection.java:234)
	at java.util.concurrent.FutureTask.run(FutureTask.java:266)
	at java.util.concurrent.Executors$RunnableAdapter.call(Executors.java:511)
	at java.util.concurrent.FutureTask.run(FutureTask.java:266)
	at java.util.concurrent.ThreadPoolExecutor.runWorker(ThreadPoolExecutor.java:1149)
	at java.util.concurrent.ThreadPoolExecutor$Worker.run(ThreadPoolExecutor.java:624)
	... 1 more
Caused by: org.apache.ratis.thirdparty.io.netty.channel.AbstractChannel$AnnotatedConnectException: Connection refused: /192.168.157.211:38722
	at sun.nio.ch.SocketChannelImpl.checkConnect(Native Method)
	at sun.nio.ch.SocketChannelImpl.finishConnect(SocketChannelImpl.java:717)
	at org.apache.ratis.thirdparty.io.netty.channel.socket.nio.NioSocketChannel.doFinishConnect(NioSocketChannel.java:327)
	at org.apache.ratis.thirdparty.io.netty.channel.nio.AbstractNioChannel$AbstractNioUnsafe.finishConnect(AbstractNioChannel.java:340)
	at org.apache.ratis.thirdparty.io.netty.channel.nio.NioEventLoop.processSelectedKey(NioEventLoop.java:632)
	at org.apache.ratis.thirdparty.io.netty.channel.nio.NioEventLoop.processSelectedKeysOptimized(NioEventLoop.java:579)
	at org.apache.ratis.thirdparty.io.netty.channel.nio.NioEventLoop.processSelectedKeys(NioEventLoop.java:496)
	at org.apache.ratis.thirdparty.io.netty.channel.nio.NioEventLoop.run(NioEventLoop.java:458)
	at org.apache.ratis.thirdparty.io.netty.util.concurrent.SingleThreadEventExecutor$5.run(SingleThreadEventExecutor.java:897)
	at org.apache.ratis.thirdparty.io.netty.util.concurrent.FastThreadLocalRunnable.run(FastThreadLocalRunnable.java:30)
	... 1 more
Caused by: java.net.ConnectException: Connection refused
	... 11 more
2019-10-17 07:09:47,542 [696df33b-59a0-4145-913f-936aff0d1566@group-2C0FEEE55AE1-LeaderElection1222] INFO  impl.RaftServerImpl (RaftServerImpl.java:setRole(184)) - 696df33b-59a0-4145-913f-936aff0d1566@group-2C0FEEE55AE1: changes role from CANDIDATE to FOLLOWER at term 154 for DISCOVERED_A_NEW_TERM
2019-10-17 07:09:47,542 [696df33b-59a0-4145-913f-936aff0d1566@group-2C0FEEE55AE1-LeaderElection1222] INFO  impl.RoleInfo (RoleInfo.java:shutdownLeaderElection(134)) - 696df33b-59a0-4145-913f-936aff0d1566: shutdown LeaderElection
2019-10-17 07:09:47,542 [696df33b-59a0-4145-913f-936aff0d1566@group-2C0FEEE55AE1-LeaderElection1222] INFO  impl.RoleInfo (RoleInfo.java:updateAndGet(143)) - 696df33b-59a0-4145-913f-936aff0d1566: start FollowerState
2019-10-17 07:09:47,659 [Thread-10747] INFO  impl.FollowerState (FollowerState.java:run(108)) - 696df33b-59a0-4145-913f-936aff0d1566@group-2C0FEEE55AE1-FollowerState: change to CANDIDATE, lastRpcTime:116ms, electionTimeout:116ms
2019-10-17 07:09:47,659 [Thread-10747] INFO  impl.RoleInfo (RoleInfo.java:shutdownFollowerState(121)) - 696df33b-59a0-4145-913f-936aff0d1566: shutdown FollowerState
2019-10-17 07:09:47,659 [Thread-10747] INFO  impl.RaftServerImpl (RaftServerImpl.java:setRole(184)) - 696df33b-59a0-4145-913f-936aff0d1566@group-2C0FEEE55AE1: changes role from  FOLLOWER to CANDIDATE at term 154 for changeToCandidate
2019-10-17 07:09:47,659 [Thread-10747] INFO  impl.RoleInfo (RoleInfo.java:updateAndGet(143)) - 696df33b-59a0-4145-913f-936aff0d1566: start LeaderElection
2019-10-17 07:09:47,672 [696df33b-59a0-4145-913f-936aff0d1566@group-2C0FEEE55AE1-LeaderElection1223] INFO  impl.LeaderElection (LeaderElection.java:askForVotes(178)) - 696df33b-59a0-4145-913f-936aff0d1566@group-2C0FEEE55AE1-LeaderElection1223: begin an election at term 155 for -1: [f3ee4219-89bb-47f2-bbe0-5f784575b745:192.168.157.211:38722, 805254cc-2da6-48d8-a2f9-c1a3ceceab4a:192.168.157.211:35407, 696df33b-59a0-4145-913f-936aff0d1566:192.168.157.211:38803], old=null
2019-10-17 07:09:47,672 [696df33b-59a0-4145-913f-936aff0d1566@group-2C0FEEE55AE1-LeaderElection1223] INFO  impl.LeaderElection (LogUtils.java:infoOrTrace(149)) - 696df33b-59a0-4145-913f-936aff0d1566@group-2C0FEEE55AE1-LeaderElection1223 got exception when requesting votes: {}
java.util.concurrent.ExecutionException: org.apache.ratis.thirdparty.io.grpc.StatusRuntimeException: UNAVAILABLE: io exception
	at java.util.concurrent.FutureTask.report(FutureTask.java:122)
	at java.util.concurrent.FutureTask.get(FutureTask.java:192)
	at org.apache.ratis.server.impl.LeaderElection.waitForResults(LeaderElection.java:259)
	at org.apache.ratis.server.impl.LeaderElection.askForVotes(LeaderElection.java:197)
	at org.apache.ratis.server.impl.LeaderElection.run(LeaderElection.java:133)
	at java.lang.Thread.run(Thread.java:748)
Caused by: org.apache.ratis.thirdparty.io.grpc.StatusRuntimeException: UNAVAILABLE: io exception
	at org.apache.ratis.thirdparty.io.grpc.stub.ClientCalls.toStatusRuntimeException(ClientCalls.java:233)
	at org.apache.ratis.thirdparty.io.grpc.stub.ClientCalls.getUnchecked(ClientCalls.java:214)
	at org.apache.ratis.thirdparty.io.grpc.stub.ClientCalls.blockingUnaryCall(ClientCalls.java:139)
	at org.apache.ratis.proto.grpc.RaftServerProtocolServiceGrpc$RaftServerProtocolServiceBlockingStub.requestVote(RaftServerProtocolServiceGrpc.java:265)
	at org.apache.ratis.grpc.server.GrpcServerProtocolClient.requestVote(GrpcServerProtocolClient.java:99)
	at org.apache.ratis.grpc.server.GrpcService.requestVote(GrpcService.java:204)
	at org.apache.ratis.server.impl.LeaderElection.lambda$submitRequests$1(LeaderElection.java:234)
	at java.util.concurrent.FutureTask.run(FutureTask.java:266)
	at java.util.concurrent.Executors$RunnableAdapter.call(Executors.java:511)
	at java.util.concurrent.FutureTask.run(FutureTask.java:266)
	at java.util.concurrent.ThreadPoolExecutor.runWorker(ThreadPoolExecutor.java:1149)
	at java.util.concurrent.ThreadPoolExecutor$Worker.run(ThreadPoolExecutor.java:624)
	... 1 more
Caused by: org.apache.ratis.thirdparty.io.netty.channel.AbstractChannel$AnnotatedConnectException: Connection refused: /192.168.157.211:38722
	at sun.nio.ch.SocketChannelImpl.checkConnect(Native Method)
	at sun.nio.ch.SocketChannelImpl.finishConnect(SocketChannelImpl.java:717)
	at org.apache.ratis.thirdparty.io.netty.channel.socket.nio.NioSocketChannel.doFinishConnect(NioSocketChannel.java:327)
	at org.apache.ratis.thirdparty.io.netty.channel.nio.AbstractNioChannel$AbstractNioUnsafe.finishConnect(AbstractNioChannel.java:340)
	at org.apache.ratis.thirdparty.io.netty.channel.nio.NioEventLoop.processSelectedKey(NioEventLoop.java:632)
	at org.apache.ratis.thirdparty.io.netty.channel.nio.NioEventLoop.processSelectedKeysOptimized(NioEventLoop.java:579)
	at org.apache.ratis.thirdparty.io.netty.channel.nio.NioEventLoop.processSelectedKeys(NioEventLoop.java:496)
	at org.apache.ratis.thirdparty.io.netty.channel.nio.NioEventLoop.run(NioEventLoop.java:458)
	at org.apache.ratis.thirdparty.io.netty.util.concurrent.SingleThreadEventExecutor$5.run(SingleThreadEventExecutor.java:897)
	at org.apache.ratis.thirdparty.io.netty.util.concurrent.FastThreadLocalRunnable.run(FastThreadLocalRunnable.java:30)
	... 1 more
Caused by: java.net.ConnectException: Connection refused
	... 11 more
2019-10-17 07:09:47,673 [grpc-default-executor-5] INFO  impl.RaftServerImpl (RaftServerImpl.java:setRole(184)) - 805254cc-2da6-48d8-a2f9-c1a3ceceab4a@group-2C0FEEE55AE1: changes role from  FOLLOWER to FOLLOWER at term 155 for recognizeCandidate:696df33b-59a0-4145-913f-936aff0d1566
2019-10-17 07:09:47,673 [grpc-default-executor-5] INFO  impl.RoleInfo (RoleInfo.java:shutdownFollowerState(121)) - 805254cc-2da6-48d8-a2f9-c1a3ceceab4a: shutdown FollowerState
2019-10-17 07:09:47,673 [grpc-default-executor-5] INFO  impl.RoleInfo (RoleInfo.java:updateAndGet(143)) - 805254cc-2da6-48d8-a2f9-c1a3ceceab4a: start FollowerState
2019-10-17 07:09:47,673 [Thread-10746] INFO  impl.FollowerState (FollowerState.java:run(117)) - 805254cc-2da6-48d8-a2f9-c1a3ceceab4a@group-2C0FEEE55AE1-FollowerState was interrupted: java.lang.InterruptedException: sleep interrupted
2019-10-17 07:09:47,687 [696df33b-59a0-4145-913f-936aff0d1566@group-2C0FEEE55AE1-LeaderElection1223] INFO  impl.LeaderElection (LeaderElection.java:logAndReturn(56)) - 696df33b-59a0-4145-913f-936aff0d1566@group-2C0FEEE55AE1-LeaderElection1223: Election REJECTED; received 1 response(s) [696df33b-59a0-4145-913f-936aff0d1566<-805254cc-2da6-48d8-a2f9-c1a3ceceab4a#0:FAIL-t155] and 1 exception(s); 696df33b-59a0-4145-913f-936aff0d1566@group-2C0FEEE55AE1:t155, leader=null, voted=696df33b-59a0-4145-913f-936aff0d1566, raftlog=696df33b-59a0-4145-913f-936aff0d1566@group-2C0FEEE55AE1-SegmentedRaftLog:OPENED:c-1,f-1,i0, conf=-1: [f3ee4219-89bb-47f2-bbe0-5f784575b745:192.168.157.211:38722, 805254cc-2da6-48d8-a2f9-c1a3ceceab4a:192.168.157.211:35407, 696df33b-59a0-4145-913f-936aff0d1566:192.168.157.211:38803], old=null
2019-10-17 07:09:47,687 [696df33b-59a0-4145-913f-936aff0d1566@group-2C0FEEE55AE1-LeaderElection1223] INFO  impl.LeaderElection (LogUtils.java:infoOrTrace(149)) -   Exception 0: {}
java.util.concurrent.ExecutionException: org.apache.ratis.thirdparty.io.grpc.StatusRuntimeException: UNAVAILABLE: io exception
	at java.util.concurrent.FutureTask.report(FutureTask.java:122)
	at java.util.concurrent.FutureTask.get(FutureTask.java:192)
	at org.apache.ratis.server.impl.LeaderElection.waitForResults(LeaderElection.java:259)
	at org.apache.ratis.server.impl.LeaderElection.askForVotes(LeaderElection.java:197)
	at org.apache.ratis.server.impl.LeaderElection.run(LeaderElection.java:133)
	at java.lang.Thread.run(Thread.java:748)
Caused by: org.apache.ratis.thirdparty.io.grpc.StatusRuntimeException: UNAVAILABLE: io exception
	at org.apache.ratis.thirdparty.io.grpc.stub.ClientCalls.toStatusRuntimeException(ClientCalls.java:233)
	at org.apache.ratis.thirdparty.io.grpc.stub.ClientCalls.getUnchecked(ClientCalls.java:214)
	at org.apache.ratis.thirdparty.io.grpc.stub.ClientCalls.blockingUnaryCall(ClientCalls.java:139)
	at org.apache.ratis.proto.grpc.RaftServerProtocolServiceGrpc$RaftServerProtocolServiceBlockingStub.requestVote(RaftServerProtocolServiceGrpc.java:265)
	at org.apache.ratis.grpc.server.GrpcServerProtocolClient.requestVote(GrpcServerProtocolClient.java:99)
	at org.apache.ratis.grpc.server.GrpcService.requestVote(GrpcService.java:204)
	at org.apache.ratis.server.impl.LeaderElection.lambda$submitRequests$1(LeaderElection.java:234)
	at java.util.concurrent.FutureTask.run(FutureTask.java:266)
	at java.util.concurrent.Executors$RunnableAdapter.call(Executors.java:511)
	at java.util.concurrent.FutureTask.run(FutureTask.java:266)
	at java.util.concurrent.ThreadPoolExecutor.runWorker(ThreadPoolExecutor.java:1149)
	at java.util.concurrent.ThreadPoolExecutor$Worker.run(ThreadPoolExecutor.java:624)
	... 1 more
Caused by: org.apache.ratis.thirdparty.io.netty.channel.AbstractChannel$AnnotatedConnectException: Connection refused: /192.168.157.211:38722
	at sun.nio.ch.SocketChannelImpl.checkConnect(Native Method)
	at sun.nio.ch.SocketChannelImpl.finishConnect(SocketChannelImpl.java:717)
	at org.apache.ratis.thirdparty.io.netty.channel.socket.nio.NioSocketChannel.doFinishConnect(NioSocketChannel.java:327)
	at org.apache.ratis.thirdparty.io.netty.channel.nio.AbstractNioChannel$AbstractNioUnsafe.finishConnect(AbstractNioChannel.java:340)
	at org.apache.ratis.thirdparty.io.netty.channel.nio.NioEventLoop.processSelectedKey(NioEventLoop.java:632)
	at org.apache.ratis.thirdparty.io.netty.channel.nio.NioEventLoop.processSelectedKeysOptimized(NioEventLoop.java:579)
	at org.apache.ratis.thirdparty.io.netty.channel.nio.NioEventLoop.processSelectedKeys(NioEventLoop.java:496)
	at org.apache.ratis.thirdparty.io.netty.channel.nio.NioEventLoop.run(NioEventLoop.java:458)
	at org.apache.ratis.thirdparty.io.netty.util.concurrent.SingleThreadEventExecutor$5.run(SingleThreadEventExecutor.java:897)
	at org.apache.ratis.thirdparty.io.netty.util.concurrent.FastThreadLocalRunnable.run(FastThreadLocalRunnable.java:30)
	... 1 more
Caused by: java.net.ConnectException: Connection refused
	... 11 more
2019-10-17 07:09:47,688 [696df33b-59a0-4145-913f-936aff0d1566@group-2C0FEEE55AE1-LeaderElection1223] INFO  impl.RaftServerImpl (RaftServerImpl.java:setRole(184)) - 696df33b-59a0-4145-913f-936aff0d1566@group-2C0FEEE55AE1: changes role from CANDIDATE to FOLLOWER at term 155 for DISCOVERED_A_NEW_TERM
2019-10-17 07:09:47,688 [696df33b-59a0-4145-913f-936aff0d1566@group-2C0FEEE55AE1-LeaderElection1223] INFO  impl.RoleInfo (RoleInfo.java:shutdownLeaderElection(134)) - 696df33b-59a0-4145-913f-936aff0d1566: shutdown LeaderElection
2019-10-17 07:09:47,688 [696df33b-59a0-4145-913f-936aff0d1566@group-2C0FEEE55AE1-LeaderElection1223] INFO  impl.RoleInfo (RoleInfo.java:updateAndGet(143)) - 696df33b-59a0-4145-913f-936aff0d1566: start FollowerState
2019-10-17 07:09:47,752 [Thread-10754] INFO  impl.FollowerState (FollowerState.java:run(108)) - 696df33b-59a0-4145-913f-936aff0d1566@group-2C0FEEE55AE1-FollowerState: change to CANDIDATE, lastRpcTime:64ms, electionTimeout:64ms
2019-10-17 07:09:47,752 [Thread-10754] INFO  impl.RoleInfo (RoleInfo.java:shutdownFollowerState(121)) - 696df33b-59a0-4145-913f-936aff0d1566: shutdown FollowerState
2019-10-17 07:09:47,752 [Thread-10754] INFO  impl.RaftServerImpl (RaftServerImpl.java:setRole(184)) - 696df33b-59a0-4145-913f-936aff0d1566@group-2C0FEEE55AE1: changes role from  FOLLOWER to CANDIDATE at term 155 for changeToCandidate
2019-10-17 07:09:47,753 [Thread-10754] INFO  impl.RoleInfo (RoleInfo.java:updateAndGet(143)) - 696df33b-59a0-4145-913f-936aff0d1566: start LeaderElection
2019-10-17 07:09:47,766 [696df33b-59a0-4145-913f-936aff0d1566@group-2C0FEEE55AE1-LeaderElection1224] INFO  impl.LeaderElection (LeaderElection.java:askForVotes(178)) - 696df33b-59a0-4145-913f-936aff0d1566@group-2C0FEEE55AE1-LeaderElection1224: begin an election at term 156 for -1: [f3ee4219-89bb-47f2-bbe0-5f784575b745:192.168.157.211:38722, 805254cc-2da6-48d8-a2f9-c1a3ceceab4a:192.168.157.211:35407, 696df33b-59a0-4145-913f-936aff0d1566:192.168.157.211:38803], old=null
2019-10-17 07:09:47,767 [696df33b-59a0-4145-913f-936aff0d1566@group-2C0FEEE55AE1-LeaderElection1224] INFO  impl.LeaderElection (LogUtils.java:infoOrTrace(149)) - 696df33b-59a0-4145-913f-936aff0d1566@group-2C0FEEE55AE1-LeaderElection1224 got exception when requesting votes: {}
java.util.concurrent.ExecutionException: org.apache.ratis.thirdparty.io.grpc.StatusRuntimeException: UNAVAILABLE: io exception
	at java.util.concurrent.FutureTask.report(FutureTask.java:122)
	at java.util.concurrent.FutureTask.get(FutureTask.java:192)
	at org.apache.ratis.server.impl.LeaderElection.waitForResults(LeaderElection.java:259)
	at org.apache.ratis.server.impl.LeaderElection.askForVotes(LeaderElection.java:197)
	at org.apache.ratis.server.impl.LeaderElection.run(LeaderElection.java:133)
	at java.lang.Thread.run(Thread.java:748)
Caused by: org.apache.ratis.thirdparty.io.grpc.StatusRuntimeException: UNAVAILABLE: io exception
	at org.apache.ratis.thirdparty.io.grpc.stub.ClientCalls.toStatusRuntimeException(ClientCalls.java:233)
	at org.apache.ratis.thirdparty.io.grpc.stub.ClientCalls.getUnchecked(ClientCalls.java:214)
	at org.apache.ratis.thirdparty.io.grpc.stub.ClientCalls.blockingUnaryCall(ClientCalls.java:139)
	at org.apache.ratis.proto.grpc.RaftServerProtocolServiceGrpc$RaftServerProtocolServiceBlockingStub.requestVote(RaftServerProtocolServiceGrpc.java:265)
	at org.apache.ratis.grpc.server.GrpcServerProtocolClient.requestVote(GrpcServerProtocolClient.java:99)
	at org.apache.ratis.grpc.server.GrpcService.requestVote(GrpcService.java:204)
	at org.apache.ratis.server.impl.LeaderElection.lambda$submitRequests$1(LeaderElection.java:234)
	at java.util.concurrent.FutureTask.run(FutureTask.java:266)
	at java.util.concurrent.Executors$RunnableAdapter.call(Executors.java:511)
	at java.util.concurrent.FutureTask.run(FutureTask.java:266)
	at java.util.concurrent.ThreadPoolExecutor.runWorker(ThreadPoolExecutor.java:1149)
	at java.util.concurrent.ThreadPoolExecutor$Worker.run(ThreadPoolExecutor.java:624)
	... 1 more
Caused by: org.apache.ratis.thirdparty.io.netty.channel.AbstractChannel$AnnotatedConnectException: Connection refused: /192.168.157.211:38722
	at sun.nio.ch.SocketChannelImpl.checkConnect(Native Method)
	at sun.nio.ch.SocketChannelImpl.finishConnect(SocketChannelImpl.java:717)
	at org.apache.ratis.thirdparty.io.netty.channel.socket.nio.NioSocketChannel.doFinishConnect(NioSocketChannel.java:327)
	at org.apache.ratis.thirdparty.io.netty.channel.nio.AbstractNioChannel$AbstractNioUnsafe.finishConnect(AbstractNioChannel.java:340)
	at org.apache.ratis.thirdparty.io.netty.channel.nio.NioEventLoop.processSelectedKey(NioEventLoop.java:632)
	at org.apache.ratis.thirdparty.io.netty.channel.nio.NioEventLoop.processSelectedKeysOptimized(NioEventLoop.java:579)
	at org.apache.ratis.thirdparty.io.netty.channel.nio.NioEventLoop.processSelectedKeys(NioEventLoop.java:496)
	at org.apache.ratis.thirdparty.io.netty.channel.nio.NioEventLoop.run(NioEventLoop.java:458)
	at org.apache.ratis.thirdparty.io.netty.util.concurrent.SingleThreadEventExecutor$5.run(SingleThreadEventExecutor.java:897)
	at org.apache.ratis.thirdparty.io.netty.util.concurrent.FastThreadLocalRunnable.run(FastThreadLocalRunnable.java:30)
	... 1 more
Caused by: java.net.ConnectException: Connection refused
	... 11 more
2019-10-17 07:09:47,767 [grpc-default-executor-5] INFO  impl.RaftServerImpl (RaftServerImpl.java:setRole(184)) - 805254cc-2da6-48d8-a2f9-c1a3ceceab4a@group-2C0FEEE55AE1: changes role from  FOLLOWER to FOLLOWER at term 156 for recognizeCandidate:696df33b-59a0-4145-913f-936aff0d1566
2019-10-17 07:09:47,767 [grpc-default-executor-5] INFO  impl.RoleInfo (RoleInfo.java:shutdownFollowerState(121)) - 805254cc-2da6-48d8-a2f9-c1a3ceceab4a: shutdown FollowerState
2019-10-17 07:09:47,767 [grpc-default-executor-5] INFO  impl.RoleInfo (RoleInfo.java:updateAndGet(143)) - 805254cc-2da6-48d8-a2f9-c1a3ceceab4a: start FollowerState
2019-10-17 07:09:47,767 [Thread-10753] INFO  impl.FollowerState (FollowerState.java:run(117)) - 805254cc-2da6-48d8-a2f9-c1a3ceceab4a@group-2C0FEEE55AE1-FollowerState was interrupted: java.lang.InterruptedException: sleep interrupted
2019-10-17 07:09:47,781 [696df33b-59a0-4145-913f-936aff0d1566@group-2C0FEEE55AE1-LeaderElection1224] INFO  impl.LeaderElection (LeaderElection.java:logAndReturn(56)) - 696df33b-59a0-4145-913f-936aff0d1566@group-2C0FEEE55AE1-LeaderElection1224: Election REJECTED; received 1 response(s) [696df33b-59a0-4145-913f-936aff0d1566<-805254cc-2da6-48d8-a2f9-c1a3ceceab4a#0:FAIL-t156] and 1 exception(s); 696df33b-59a0-4145-913f-936aff0d1566@group-2C0FEEE55AE1:t156, leader=null, voted=696df33b-59a0-4145-913f-936aff0d1566, raftlog=696df33b-59a0-4145-913f-936aff0d1566@group-2C0FEEE55AE1-SegmentedRaftLog:OPENED:c-1,f-1,i0, conf=-1: [f3ee4219-89bb-47f2-bbe0-5f784575b745:192.168.157.211:38722, 805254cc-2da6-48d8-a2f9-c1a3ceceab4a:192.168.157.211:35407, 696df33b-59a0-4145-913f-936aff0d1566:192.168.157.211:38803], old=null
2019-10-17 07:09:47,781 [696df33b-59a0-4145-913f-936aff0d1566@group-2C0FEEE55AE1-LeaderElection1224] INFO  impl.LeaderElection (LogUtils.java:infoOrTrace(149)) -   Exception 0: {}
java.util.concurrent.ExecutionException: org.apache.ratis.thirdparty.io.grpc.StatusRuntimeException: UNAVAILABLE: io exception
	at java.util.concurrent.FutureTask.report(FutureTask.java:122)
	at java.util.concurrent.FutureTask.get(FutureTask.java:192)
	at org.apache.ratis.server.impl.LeaderElection.waitForResults(LeaderElection.java:259)
	at org.apache.ratis.server.impl.LeaderElection.askForVotes(LeaderElection.java:197)
	at org.apache.ratis.server.impl.LeaderElection.run(LeaderElection.java:133)
	at java.lang.Thread.run(Thread.java:748)
Caused by: org.apache.ratis.thirdparty.io.grpc.StatusRuntimeException: UNAVAILABLE: io exception
	at org.apache.ratis.thirdparty.io.grpc.stub.ClientCalls.toStatusRuntimeException(ClientCalls.java:233)
	at org.apache.ratis.thirdparty.io.grpc.stub.ClientCalls.getUnchecked(ClientCalls.java:214)
	at org.apache.ratis.thirdparty.io.grpc.stub.ClientCalls.blockingUnaryCall(ClientCalls.java:139)
	at org.apache.ratis.proto.grpc.RaftServerProtocolServiceGrpc$RaftServerProtocolServiceBlockingStub.requestVote(RaftServerProtocolServiceGrpc.java:265)
	at org.apache.ratis.grpc.server.GrpcServerProtocolClient.requestVote(GrpcServerProtocolClient.java:99)
	at org.apache.ratis.grpc.server.GrpcService.requestVote(GrpcService.java:204)
	at org.apache.ratis.server.impl.LeaderElection.lambda$submitRequests$1(LeaderElection.java:234)
	at java.util.concurrent.FutureTask.run(FutureTask.java:266)
	at java.util.concurrent.Executors$RunnableAdapter.call(Executors.java:511)
	at java.util.concurrent.FutureTask.run(FutureTask.java:266)
	at java.util.concurrent.ThreadPoolExecutor.runWorker(ThreadPoolExecutor.java:1149)
	at java.util.concurrent.ThreadPoolExecutor$Worker.run(ThreadPoolExecutor.java:624)
	... 1 more
Caused by: org.apache.ratis.thirdparty.io.netty.channel.AbstractChannel$AnnotatedConnectException: Connection refused: /192.168.157.211:38722
	at sun.nio.ch.SocketChannelImpl.checkConnect(Native Method)
	at sun.nio.ch.SocketChannelImpl.finishConnect(SocketChannelImpl.java:717)
	at org.apache.ratis.thirdparty.io.netty.channel.socket.nio.NioSocketChannel.doFinishConnect(NioSocketChannel.java:327)
	at org.apache.ratis.thirdparty.io.netty.channel.nio.AbstractNioChannel$AbstractNioUnsafe.finishConnect(AbstractNioChannel.java:340)
	at org.apache.ratis.thirdparty.io.netty.channel.nio.NioEventLoop.processSelectedKey(NioEventLoop.java:632)
	at org.apache.ratis.thirdparty.io.netty.channel.nio.NioEventLoop.processSelectedKeysOptimized(NioEventLoop.java:579)
	at org.apache.ratis.thirdparty.io.netty.channel.nio.NioEventLoop.processSelectedKeys(NioEventLoop.java:496)
	at org.apache.ratis.thirdparty.io.netty.channel.nio.NioEventLoop.run(NioEventLoop.java:458)
	at org.apache.ratis.thirdparty.io.netty.util.concurrent.SingleThreadEventExecutor$5.run(SingleThreadEventExecutor.java:897)
	at org.apache.ratis.thirdparty.io.netty.util.concurrent.FastThreadLocalRunnable.run(FastThreadLocalRunnable.java:30)
	... 1 more
Caused by: java.net.ConnectException: Connection refused
	... 11 more
2019-10-17 07:09:47,781 [696df33b-59a0-4145-913f-936aff0d1566@group-2C0FEEE55AE1-LeaderElection1224] INFO  impl.RaftServerImpl (RaftServerImpl.java:setRole(184)) - 696df33b-59a0-4145-913f-936aff0d1566@group-2C0FEEE55AE1: changes role from CANDIDATE to FOLLOWER at term 156 for DISCOVERED_A_NEW_TERM
2019-10-17 07:09:47,782 [696df33b-59a0-4145-913f-936aff0d1566@group-2C0FEEE55AE1-LeaderElection1224] INFO  impl.RoleInfo (RoleInfo.java:shutdownLeaderElection(134)) - 696df33b-59a0-4145-913f-936aff0d1566: shutdown LeaderElection
2019-10-17 07:09:47,782 [696df33b-59a0-4145-913f-936aff0d1566@group-2C0FEEE55AE1-LeaderElection1224] INFO  impl.RoleInfo (RoleInfo.java:updateAndGet(143)) - 696df33b-59a0-4145-913f-936aff0d1566: start FollowerState
2019-10-17 07:09:47,968 [Thread-10759] INFO  impl.FollowerState (FollowerState.java:run(108)) - 696df33b-59a0-4145-913f-936aff0d1566@group-2C0FEEE55AE1-FollowerState: change to CANDIDATE, lastRpcTime:186ms, electionTimeout:186ms
2019-10-17 07:09:47,968 [Thread-10759] INFO  impl.RoleInfo (RoleInfo.java:shutdownFollowerState(121)) - 696df33b-59a0-4145-913f-936aff0d1566: shutdown FollowerState
2019-10-17 07:09:47,968 [Thread-10759] INFO  impl.RaftServerImpl (RaftServerImpl.java:setRole(184)) - 696df33b-59a0-4145-913f-936aff0d1566@group-2C0FEEE55AE1: changes role from  FOLLOWER to CANDIDATE at term 156 for changeToCandidate
2019-10-17 07:09:47,968 [Thread-10759] INFO  impl.RoleInfo (RoleInfo.java:updateAndGet(143)) - 696df33b-59a0-4145-913f-936aff0d1566: start LeaderElection
2019-10-17 07:09:47,983 [696df33b-59a0-4145-913f-936aff0d1566@group-2C0FEEE55AE1-LeaderElection1225] INFO  impl.LeaderElection (LeaderElection.java:askForVotes(178)) - 696df33b-59a0-4145-913f-936aff0d1566@group-2C0FEEE55AE1-LeaderElection1225: begin an election at term 157 for -1: [f3ee4219-89bb-47f2-bbe0-5f784575b745:192.168.157.211:38722, 805254cc-2da6-48d8-a2f9-c1a3ceceab4a:192.168.157.211:35407, 696df33b-59a0-4145-913f-936aff0d1566:192.168.157.211:38803], old=null
2019-10-17 07:09:47,984 [696df33b-59a0-4145-913f-936aff0d1566@group-2C0FEEE55AE1-LeaderElection1225] INFO  impl.LeaderElection (LogUtils.java:infoOrTrace(149)) - 696df33b-59a0-4145-913f-936aff0d1566@group-2C0FEEE55AE1-LeaderElection1225 got exception when requesting votes: {}
java.util.concurrent.ExecutionException: org.apache.ratis.thirdparty.io.grpc.StatusRuntimeException: UNAVAILABLE: io exception
	at java.util.concurrent.FutureTask.report(FutureTask.java:122)
	at java.util.concurrent.FutureTask.get(FutureTask.java:192)
	at org.apache.ratis.server.impl.LeaderElection.waitForResults(LeaderElection.java:259)
	at org.apache.ratis.server.impl.LeaderElection.askForVotes(LeaderElection.java:197)
	at org.apache.ratis.server.impl.LeaderElection.run(LeaderElection.java:133)
	at java.lang.Thread.run(Thread.java:748)
Caused by: org.apache.ratis.thirdparty.io.grpc.StatusRuntimeException: UNAVAILABLE: io exception
	at org.apache.ratis.thirdparty.io.grpc.stub.ClientCalls.toStatusRuntimeException(ClientCalls.java:233)
	at org.apache.ratis.thirdparty.io.grpc.stub.ClientCalls.getUnchecked(ClientCalls.java:214)
	at org.apache.ratis.thirdparty.io.grpc.stub.ClientCalls.blockingUnaryCall(ClientCalls.java:139)
	at org.apache.ratis.proto.grpc.RaftServerProtocolServiceGrpc$RaftServerProtocolServiceBlockingStub.requestVote(RaftServerProtocolServiceGrpc.java:265)
	at org.apache.ratis.grpc.server.GrpcServerProtocolClient.requestVote(GrpcServerProtocolClient.java:99)
	at org.apache.ratis.grpc.server.GrpcService.requestVote(GrpcService.java:204)
	at org.apache.ratis.server.impl.LeaderElection.lambda$submitRequests$1(LeaderElection.java:234)
	at java.util.concurrent.FutureTask.run(FutureTask.java:266)
	at java.util.concurrent.Executors$RunnableAdapter.call(Executors.java:511)
	at java.util.concurrent.FutureTask.run(FutureTask.java:266)
	at java.util.concurrent.ThreadPoolExecutor.runWorker(ThreadPoolExecutor.java:1149)
	at java.util.concurrent.ThreadPoolExecutor$Worker.run(ThreadPoolExecutor.java:624)
	... 1 more
Caused by: org.apache.ratis.thirdparty.io.netty.channel.AbstractChannel$AnnotatedConnectException: Connection refused: /192.168.157.211:38722
	at sun.nio.ch.SocketChannelImpl.checkConnect(Native Method)
	at sun.nio.ch.SocketChannelImpl.finishConnect(SocketChannelImpl.java:717)
	at org.apache.ratis.thirdparty.io.netty.channel.socket.nio.NioSocketChannel.doFinishConnect(NioSocketChannel.java:327)
	at org.apache.ratis.thirdparty.io.netty.channel.nio.AbstractNioChannel$AbstractNioUnsafe.finishConnect(AbstractNioChannel.java:340)
	at org.apache.ratis.thirdparty.io.netty.channel.nio.NioEventLoop.processSelectedKey(NioEventLoop.java:632)
	at org.apache.ratis.thirdparty.io.netty.channel.nio.NioEventLoop.processSelectedKeysOptimized(NioEventLoop.java:579)
	at org.apache.ratis.thirdparty.io.netty.channel.nio.NioEventLoop.processSelectedKeys(NioEventLoop.java:496)
	at org.apache.ratis.thirdparty.io.netty.channel.nio.NioEventLoop.run(NioEventLoop.java:458)
	at org.apache.ratis.thirdparty.io.netty.util.concurrent.SingleThreadEventExecutor$5.run(SingleThreadEventExecutor.java:897)
	at org.apache.ratis.thirdparty.io.netty.util.concurrent.FastThreadLocalRunnable.run(FastThreadLocalRunnable.java:30)
	... 1 more
Caused by: java.net.ConnectException: Connection refused
	... 11 more
2019-10-17 07:09:47,984 [grpc-default-executor-2] INFO  impl.RaftServerImpl (RaftServerImpl.java:setRole(184)) - 805254cc-2da6-48d8-a2f9-c1a3ceceab4a@group-2C0FEEE55AE1: changes role from  FOLLOWER to FOLLOWER at term 157 for recognizeCandidate:696df33b-59a0-4145-913f-936aff0d1566
2019-10-17 07:09:47,985 [grpc-default-executor-2] INFO  impl.RoleInfo (RoleInfo.java:shutdownFollowerState(121)) - 805254cc-2da6-48d8-a2f9-c1a3ceceab4a: shutdown FollowerState
2019-10-17 07:09:47,985 [grpc-default-executor-2] INFO  impl.RoleInfo (RoleInfo.java:updateAndGet(143)) - 805254cc-2da6-48d8-a2f9-c1a3ceceab4a: start FollowerState
2019-10-17 07:09:47,985 [Thread-10758] INFO  impl.FollowerState (FollowerState.java:run(117)) - 805254cc-2da6-48d8-a2f9-c1a3ceceab4a@group-2C0FEEE55AE1-FollowerState was interrupted: java.lang.InterruptedException: sleep interrupted
2019-10-17 07:09:47,988 [696df33b-59a0-4145-913f-936aff0d1566@group-2C0FEEE55AE1-LeaderElection1225] INFO  impl.LeaderElection (LeaderElection.java:logAndReturn(56)) - 696df33b-59a0-4145-913f-936aff0d1566@group-2C0FEEE55AE1-LeaderElection1225: Election TIMEOUT; received 0 response(s) [] and 1 exception(s); 696df33b-59a0-4145-913f-936aff0d1566@group-2C0FEEE55AE1:t157, leader=null, voted=696df33b-59a0-4145-913f-936aff0d1566, raftlog=696df33b-59a0-4145-913f-936aff0d1566@group-2C0FEEE55AE1-SegmentedRaftLog:OPENED:c-1,f-1,i0, conf=-1: [f3ee4219-89bb-47f2-bbe0-5f784575b745:192.168.157.211:38722, 805254cc-2da6-48d8-a2f9-c1a3ceceab4a:192.168.157.211:35407, 696df33b-59a0-4145-913f-936aff0d1566:192.168.157.211:38803], old=null
2019-10-17 07:09:47,988 [696df33b-59a0-4145-913f-936aff0d1566@group-2C0FEEE55AE1-LeaderElection1225] INFO  impl.LeaderElection (LogUtils.java:infoOrTrace(149)) -   Exception 0: {}
java.util.concurrent.ExecutionException: org.apache.ratis.thirdparty.io.grpc.StatusRuntimeException: UNAVAILABLE: io exception
	at java.util.concurrent.FutureTask.report(FutureTask.java:122)
	at java.util.concurrent.FutureTask.get(FutureTask.java:192)
	at org.apache.ratis.server.impl.LeaderElection.waitForResults(LeaderElection.java:259)
	at org.apache.ratis.server.impl.LeaderElection.askForVotes(LeaderElection.java:197)
	at org.apache.ratis.server.impl.LeaderElection.run(LeaderElection.java:133)
	at java.lang.Thread.run(Thread.java:748)
Caused by: org.apache.ratis.thirdparty.io.grpc.StatusRuntimeException: UNAVAILABLE: io exception
	at org.apache.ratis.thirdparty.io.grpc.stub.ClientCalls.toStatusRuntimeException(ClientCalls.java:233)
	at org.apache.ratis.thirdparty.io.grpc.stub.ClientCalls.getUnchecked(ClientCalls.java:214)
	at org.apache.ratis.thirdparty.io.grpc.stub.ClientCalls.blockingUnaryCall(ClientCalls.java:139)
	at org.apache.ratis.proto.grpc.RaftServerProtocolServiceGrpc$RaftServerProtocolServiceBlockingStub.requestVote(RaftServerProtocolServiceGrpc.java:265)
	at org.apache.ratis.grpc.server.GrpcServerProtocolClient.requestVote(GrpcServerProtocolClient.java:99)
	at org.apache.ratis.grpc.server.GrpcService.requestVote(GrpcService.java:204)
	at org.apache.ratis.server.impl.LeaderElection.lambda$submitRequests$1(LeaderElection.java:234)
	at java.util.concurrent.FutureTask.run(FutureTask.java:266)
	at java.util.concurrent.Executors$RunnableAdapter.call(Executors.java:511)
	at java.util.concurrent.FutureTask.run(FutureTask.java:266)
	at java.util.concurrent.ThreadPoolExecutor.runWorker(ThreadPoolExecutor.java:1149)
	at java.util.concurrent.ThreadPoolExecutor$Worker.run(ThreadPoolExecutor.java:624)
	... 1 more
Caused by: org.apache.ratis.thirdparty.io.netty.channel.AbstractChannel$AnnotatedConnectException: Connection refused: /192.168.157.211:38722
	at sun.nio.ch.SocketChannelImpl.checkConnect(Native Method)
	at sun.nio.ch.SocketChannelImpl.finishConnect(SocketChannelImpl.java:717)
	at org.apache.ratis.thirdparty.io.netty.channel.socket.nio.NioSocketChannel.doFinishConnect(NioSocketChannel.java:327)
	at org.apache.ratis.thirdparty.io.netty.channel.nio.AbstractNioChannel$AbstractNioUnsafe.finishConnect(AbstractNioChannel.java:340)
	at org.apache.ratis.thirdparty.io.netty.channel.nio.NioEventLoop.processSelectedKey(NioEventLoop.java:632)
	at org.apache.ratis.thirdparty.io.netty.channel.nio.NioEventLoop.processSelectedKeysOptimized(NioEventLoop.java:579)
	at org.apache.ratis.thirdparty.io.netty.channel.nio.NioEventLoop.processSelectedKeys(NioEventLoop.java:496)
	at org.apache.ratis.thirdparty.io.netty.channel.nio.NioEventLoop.run(NioEventLoop.java:458)
	at org.apache.ratis.thirdparty.io.netty.util.concurrent.SingleThreadEventExecutor$5.run(SingleThreadEventExecutor.java:897)
	at org.apache.ratis.thirdparty.io.netty.util.concurrent.FastThreadLocalRunnable.run(FastThreadLocalRunnable.java:30)
	... 1 more
Caused by: java.net.ConnectException: Connection refused
	... 11 more
2019-10-17 07:09:47,999 [696df33b-59a0-4145-913f-936aff0d1566@group-2C0FEEE55AE1-LeaderElection1225] INFO  impl.LeaderElection (LeaderElection.java:askForVotes(178)) - 696df33b-59a0-4145-913f-936aff0d1566@group-2C0FEEE55AE1-LeaderElection1225: begin an election at term 158 for -1: [f3ee4219-89bb-47f2-bbe0-5f784575b745:192.168.157.211:38722, 805254cc-2da6-48d8-a2f9-c1a3ceceab4a:192.168.157.211:35407, 696df33b-59a0-4145-913f-936aff0d1566:192.168.157.211:38803], old=null
2019-10-17 07:09:47,999 [696df33b-59a0-4145-913f-936aff0d1566@group-2C0FEEE55AE1-LeaderElection1225] INFO  impl.LeaderElection (LogUtils.java:infoOrTrace(149)) - 696df33b-59a0-4145-913f-936aff0d1566@group-2C0FEEE55AE1-LeaderElection1225 got exception when requesting votes: {}
java.util.concurrent.ExecutionException: org.apache.ratis.thirdparty.io.grpc.StatusRuntimeException: UNAVAILABLE: io exception
	at java.util.concurrent.FutureTask.report(FutureTask.java:122)
	at java.util.concurrent.FutureTask.get(FutureTask.java:192)
	at org.apache.ratis.server.impl.LeaderElection.waitForResults(LeaderElection.java:259)
	at org.apache.ratis.server.impl.LeaderElection.askForVotes(LeaderElection.java:197)
	at org.apache.ratis.server.impl.LeaderElection.run(LeaderElection.java:133)
	at java.lang.Thread.run(Thread.java:748)
Caused by: org.apache.ratis.thirdparty.io.grpc.StatusRuntimeException: UNAVAILABLE: io exception
	at org.apache.ratis.thirdparty.io.grpc.stub.ClientCalls.toStatusRuntimeException(ClientCalls.java:233)
	at org.apache.ratis.thirdparty.io.grpc.stub.ClientCalls.getUnchecked(ClientCalls.java:214)
	at org.apache.ratis.thirdparty.io.grpc.stub.ClientCalls.blockingUnaryCall(ClientCalls.java:139)
	at org.apache.ratis.proto.grpc.RaftServerProtocolServiceGrpc$RaftServerProtocolServiceBlockingStub.requestVote(RaftServerProtocolServiceGrpc.java:265)
	at org.apache.ratis.grpc.server.GrpcServerProtocolClient.requestVote(GrpcServerProtocolClient.java:99)
	at org.apache.ratis.grpc.server.GrpcService.requestVote(GrpcService.java:204)
	at org.apache.ratis.server.impl.LeaderElection.lambda$submitRequests$1(LeaderElection.java:234)
	at java.util.concurrent.FutureTask.run(FutureTask.java:266)
	at java.util.concurrent.Executors$RunnableAdapter.call(Executors.java:511)
	at java.util.concurrent.FutureTask.run(FutureTask.java:266)
	at java.util.concurrent.ThreadPoolExecutor.runWorker(ThreadPoolExecutor.java:1149)
	at java.util.concurrent.ThreadPoolExecutor$Worker.run(ThreadPoolExecutor.java:624)
	... 1 more
Caused by: org.apache.ratis.thirdparty.io.netty.channel.AbstractChannel$AnnotatedConnectException: Connection refused: /192.168.157.211:38722
	at sun.nio.ch.SocketChannelImpl.checkConnect(Native Method)
	at sun.nio.ch.SocketChannelImpl.finishConnect(SocketChannelImpl.java:717)
	at org.apache.ratis.thirdparty.io.netty.channel.socket.nio.NioSocketChannel.doFinishConnect(NioSocketChannel.java:327)
	at org.apache.ratis.thirdparty.io.netty.channel.nio.AbstractNioChannel$AbstractNioUnsafe.finishConnect(AbstractNioChannel.java:340)
	at org.apache.ratis.thirdparty.io.netty.channel.nio.NioEventLoop.processSelectedKey(NioEventLoop.java:632)
	at org.apache.ratis.thirdparty.io.netty.channel.nio.NioEventLoop.processSelectedKeysOptimized(NioEventLoop.java:579)
	at org.apache.ratis.thirdparty.io.netty.channel.nio.NioEventLoop.processSelectedKeys(NioEventLoop.java:496)
	at org.apache.ratis.thirdparty.io.netty.channel.nio.NioEventLoop.run(NioEventLoop.java:458)
	at org.apache.ratis.thirdparty.io.netty.util.concurrent.SingleThreadEventExecutor$5.run(SingleThreadEventExecutor.java:897)
	at org.apache.ratis.thirdparty.io.netty.util.concurrent.FastThreadLocalRunnable.run(FastThreadLocalRunnable.java:30)
	... 1 more
Caused by: java.net.ConnectException: Connection refused
	... 11 more
2019-10-17 07:09:48,000 [grpc-default-executor-2] INFO  impl.RaftServerImpl (RaftServerImpl.java:setRole(184)) - 805254cc-2da6-48d8-a2f9-c1a3ceceab4a@group-2C0FEEE55AE1: changes role from  FOLLOWER to FOLLOWER at term 158 for recognizeCandidate:696df33b-59a0-4145-913f-936aff0d1566
2019-10-17 07:09:48,000 [grpc-default-executor-2] INFO  impl.RoleInfo (RoleInfo.java:shutdownFollowerState(121)) - 805254cc-2da6-48d8-a2f9-c1a3ceceab4a: shutdown FollowerState
2019-10-17 07:09:48,000 [grpc-default-executor-2] INFO  impl.RoleInfo (RoleInfo.java:updateAndGet(143)) - 805254cc-2da6-48d8-a2f9-c1a3ceceab4a: start FollowerState
2019-10-17 07:09:48,000 [Thread-10765] INFO  impl.FollowerState (FollowerState.java:run(117)) - 805254cc-2da6-48d8-a2f9-c1a3ceceab4a@group-2C0FEEE55AE1-FollowerState was interrupted: java.lang.InterruptedException: sleep interrupted
2019-10-17 07:09:48,013 [696df33b-59a0-4145-913f-936aff0d1566@group-2C0FEEE55AE1-LeaderElection1225] INFO  impl.LeaderElection (LeaderElection.java:logAndReturn(56)) - 696df33b-59a0-4145-913f-936aff0d1566@group-2C0FEEE55AE1-LeaderElection1225: Election REJECTED; received 1 response(s) [696df33b-59a0-4145-913f-936aff0d1566<-805254cc-2da6-48d8-a2f9-c1a3ceceab4a#0:FAIL-t158] and 1 exception(s); 696df33b-59a0-4145-913f-936aff0d1566@group-2C0FEEE55AE1:t158, leader=null, voted=696df33b-59a0-4145-913f-936aff0d1566, raftlog=696df33b-59a0-4145-913f-936aff0d1566@group-2C0FEEE55AE1-SegmentedRaftLog:OPENED:c-1,f-1,i0, conf=-1: [f3ee4219-89bb-47f2-bbe0-5f784575b745:192.168.157.211:38722, 805254cc-2da6-48d8-a2f9-c1a3ceceab4a:192.168.157.211:35407, 696df33b-59a0-4145-913f-936aff0d1566:192.168.157.211:38803], old=null
2019-10-17 07:09:48,013 [696df33b-59a0-4145-913f-936aff0d1566@group-2C0FEEE55AE1-LeaderElection1225] INFO  impl.LeaderElection (LogUtils.java:infoOrTrace(149)) -   Exception 0: {}
java.util.concurrent.ExecutionException: org.apache.ratis.thirdparty.io.grpc.StatusRuntimeException: UNAVAILABLE: io exception
	at java.util.concurrent.FutureTask.report(FutureTask.java:122)
	at java.util.concurrent.FutureTask.get(FutureTask.java:192)
	at org.apache.ratis.server.impl.LeaderElection.waitForResults(LeaderElection.java:259)
	at org.apache.ratis.server.impl.LeaderElection.askForVotes(LeaderElection.java:197)
	at org.apache.ratis.server.impl.LeaderElection.run(LeaderElection.java:133)
	at java.lang.Thread.run(Thread.java:748)
Caused by: org.apache.ratis.thirdparty.io.grpc.StatusRuntimeException: UNAVAILABLE: io exception
	at org.apache.ratis.thirdparty.io.grpc.stub.ClientCalls.toStatusRuntimeException(ClientCalls.java:233)
	at org.apache.ratis.thirdparty.io.grpc.stub.ClientCalls.getUnchecked(ClientCalls.java:214)
	at org.apache.ratis.thirdparty.io.grpc.stub.ClientCalls.blockingUnaryCall(ClientCalls.java:139)
	at org.apache.ratis.proto.grpc.RaftServerProtocolServiceGrpc$RaftServerProtocolServiceBlockingStub.requestVote(RaftServerProtocolServiceGrpc.java:265)
	at org.apache.ratis.grpc.server.GrpcServerProtocolClient.requestVote(GrpcServerProtocolClient.java:99)
	at org.apache.ratis.grpc.server.GrpcService.requestVote(GrpcService.java:204)
	at org.apache.ratis.server.impl.LeaderElection.lambda$submitRequests$1(LeaderElection.java:234)
	at java.util.concurrent.FutureTask.run(FutureTask.java:266)
	at java.util.concurrent.Executors$RunnableAdapter.call(Executors.java:511)
	at java.util.concurrent.FutureTask.run(FutureTask.java:266)
	at java.util.concurrent.ThreadPoolExecutor.runWorker(ThreadPoolExecutor.java:1149)
	at java.util.concurrent.ThreadPoolExecutor$Worker.run(ThreadPoolExecutor.java:624)
	... 1 more
Caused by: org.apache.ratis.thirdparty.io.netty.channel.AbstractChannel$AnnotatedConnectException: Connection refused: /192.168.157.211:38722
	at sun.nio.ch.SocketChannelImpl.checkConnect(Native Method)
	at sun.nio.ch.SocketChannelImpl.finishConnect(SocketChannelImpl.java:717)
	at org.apache.ratis.thirdparty.io.netty.channel.socket.nio.NioSocketChannel.doFinishConnect(NioSocketChannel.java:327)
	at org.apache.ratis.thirdparty.io.netty.channel.nio.AbstractNioChannel$AbstractNioUnsafe.finishConnect(AbstractNioChannel.java:340)
	at org.apache.ratis.thirdparty.io.netty.channel.nio.NioEventLoop.processSelectedKey(NioEventLoop.java:632)
	at org.apache.ratis.thirdparty.io.netty.channel.nio.NioEventLoop.processSelectedKeysOptimized(NioEventLoop.java:579)
	at org.apache.ratis.thirdparty.io.netty.channel.nio.NioEventLoop.processSelectedKeys(NioEventLoop.java:496)
	at org.apache.ratis.thirdparty.io.netty.channel.nio.NioEventLoop.run(NioEventLoop.java:458)
	at org.apache.ratis.thirdparty.io.netty.util.concurrent.SingleThreadEventExecutor$5.run(SingleThreadEventExecutor.java:897)
	at org.apache.ratis.thirdparty.io.netty.util.concurrent.FastThreadLocalRunnable.run(FastThreadLocalRunnable.java:30)
	... 1 more
Caused by: java.net.ConnectException: Connection refused
	... 11 more
2019-10-17 07:09:48,014 [696df33b-59a0-4145-913f-936aff0d1566@group-2C0FEEE55AE1-LeaderElection1225] INFO  impl.RaftServerImpl (RaftServerImpl.java:setRole(184)) - 696df33b-59a0-4145-913f-936aff0d1566@group-2C0FEEE55AE1: changes role from CANDIDATE to FOLLOWER at term 158 for DISCOVERED_A_NEW_TERM
2019-10-17 07:09:48,014 [696df33b-59a0-4145-913f-936aff0d1566@group-2C0FEEE55AE1-LeaderElection1225] INFO  impl.RoleInfo (RoleInfo.java:shutdownLeaderElection(134)) - 696df33b-59a0-4145-913f-936aff0d1566: shutdown LeaderElection
2019-10-17 07:09:48,014 [696df33b-59a0-4145-913f-936aff0d1566@group-2C0FEEE55AE1-LeaderElection1225] INFO  impl.RoleInfo (RoleInfo.java:updateAndGet(143)) - 696df33b-59a0-4145-913f-936aff0d1566: start FollowerState
2019-10-17 07:09:48,080 [Thread-10769] INFO  impl.FollowerState (FollowerState.java:run(108)) - 696df33b-59a0-4145-913f-936aff0d1566@group-2C0FEEE55AE1-FollowerState: change to CANDIDATE, lastRpcTime:66ms, electionTimeout:66ms
2019-10-17 07:09:48,080 [Thread-10769] INFO  impl.RoleInfo (RoleInfo.java:shutdownFollowerState(121)) - 696df33b-59a0-4145-913f-936aff0d1566: shutdown FollowerState
2019-10-17 07:09:48,081 [Thread-10769] INFO  impl.RaftServerImpl (RaftServerImpl.java:setRole(184)) - 696df33b-59a0-4145-913f-936aff0d1566@group-2C0FEEE55AE1: changes role from  FOLLOWER to CANDIDATE at term 158 for changeToCandidate
2019-10-17 07:09:48,081 [Thread-10769] INFO  impl.RoleInfo (RoleInfo.java:updateAndGet(143)) - 696df33b-59a0-4145-913f-936aff0d1566: start LeaderElection
2019-10-17 07:09:48,095 [696df33b-59a0-4145-913f-936aff0d1566@group-2C0FEEE55AE1-LeaderElection1226] INFO  impl.LeaderElection (LeaderElection.java:askForVotes(178)) - 696df33b-59a0-4145-913f-936aff0d1566@group-2C0FEEE55AE1-LeaderElection1226: begin an election at term 159 for -1: [f3ee4219-89bb-47f2-bbe0-5f784575b745:192.168.157.211:38722, 805254cc-2da6-48d8-a2f9-c1a3ceceab4a:192.168.157.211:35407, 696df33b-59a0-4145-913f-936aff0d1566:192.168.157.211:38803], old=null
2019-10-17 07:09:48,096 [696df33b-59a0-4145-913f-936aff0d1566@group-2C0FEEE55AE1-LeaderElection1226] INFO  impl.LeaderElection (LogUtils.java:infoOrTrace(149)) - 696df33b-59a0-4145-913f-936aff0d1566@group-2C0FEEE55AE1-LeaderElection1226 got exception when requesting votes: {}
java.util.concurrent.ExecutionException: org.apache.ratis.thirdparty.io.grpc.StatusRuntimeException: UNAVAILABLE: io exception
	at java.util.concurrent.FutureTask.report(FutureTask.java:122)
	at java.util.concurrent.FutureTask.get(FutureTask.java:192)
	at org.apache.ratis.server.impl.LeaderElection.waitForResults(LeaderElection.java:259)
	at org.apache.ratis.server.impl.LeaderElection.askForVotes(LeaderElection.java:197)
	at org.apache.ratis.server.impl.LeaderElection.run(LeaderElection.java:133)
	at java.lang.Thread.run(Thread.java:748)
Caused by: org.apache.ratis.thirdparty.io.grpc.StatusRuntimeException: UNAVAILABLE: io exception
	at org.apache.ratis.thirdparty.io.grpc.stub.ClientCalls.toStatusRuntimeException(ClientCalls.java:233)
	at org.apache.ratis.thirdparty.io.grpc.stub.ClientCalls.getUnchecked(ClientCalls.java:214)
	at org.apache.ratis.thirdparty.io.grpc.stub.ClientCalls.blockingUnaryCall(ClientCalls.java:139)
	at org.apache.ratis.proto.grpc.RaftServerProtocolServiceGrpc$RaftServerProtocolServiceBlockingStub.requestVote(RaftServerProtocolServiceGrpc.java:265)
	at org.apache.ratis.grpc.server.GrpcServerProtocolClient.requestVote(GrpcServerProtocolClient.java:99)
	at org.apache.ratis.grpc.server.GrpcService.requestVote(GrpcService.java:204)
	at org.apache.ratis.server.impl.LeaderElection.lambda$submitRequests$1(LeaderElection.java:234)
	at java.util.concurrent.FutureTask.run(FutureTask.java:266)
	at java.util.concurrent.Executors$RunnableAdapter.call(Executors.java:511)
	at java.util.concurrent.FutureTask.run(FutureTask.java:266)
	at java.util.concurrent.ThreadPoolExecutor.runWorker(ThreadPoolExecutor.java:1149)
	at java.util.concurrent.ThreadPoolExecutor$Worker.run(ThreadPoolExecutor.java:624)
	... 1 more
Caused by: org.apache.ratis.thirdparty.io.netty.channel.AbstractChannel$AnnotatedConnectException: Connection refused: /192.168.157.211:38722
	at sun.nio.ch.SocketChannelImpl.checkConnect(Native Method)
	at sun.nio.ch.SocketChannelImpl.finishConnect(SocketChannelImpl.java:717)
	at org.apache.ratis.thirdparty.io.netty.channel.socket.nio.NioSocketChannel.doFinishConnect(NioSocketChannel.java:327)
	at org.apache.ratis.thirdparty.io.netty.channel.nio.AbstractNioChannel$AbstractNioUnsafe.finishConnect(AbstractNioChannel.java:340)
	at org.apache.ratis.thirdparty.io.netty.channel.nio.NioEventLoop.processSelectedKey(NioEventLoop.java:632)
	at org.apache.ratis.thirdparty.io.netty.channel.nio.NioEventLoop.processSelectedKeysOptimized(NioEventLoop.java:579)
	at org.apache.ratis.thirdparty.io.netty.channel.nio.NioEventLoop.processSelectedKeys(NioEventLoop.java:496)
	at org.apache.ratis.thirdparty.io.netty.channel.nio.NioEventLoop.run(NioEventLoop.java:458)
	at org.apache.ratis.thirdparty.io.netty.util.concurrent.SingleThreadEventExecutor$5.run(SingleThreadEventExecutor.java:897)
	at org.apache.ratis.thirdparty.io.netty.util.concurrent.FastThreadLocalRunnable.run(FastThreadLocalRunnable.java:30)
	... 1 more
Caused by: java.net.ConnectException: Connection refused
	... 11 more
2019-10-17 07:09:48,097 [grpc-default-executor-5] INFO  impl.RaftServerImpl (RaftServerImpl.java:setRole(184)) - 805254cc-2da6-48d8-a2f9-c1a3ceceab4a@group-2C0FEEE55AE1: changes role from  FOLLOWER to FOLLOWER at term 159 for recognizeCandidate:696df33b-59a0-4145-913f-936aff0d1566
2019-10-17 07:09:48,097 [grpc-default-executor-5] INFO  impl.RoleInfo (RoleInfo.java:shutdownFollowerState(121)) - 805254cc-2da6-48d8-a2f9-c1a3ceceab4a: shutdown FollowerState
2019-10-17 07:09:48,097 [grpc-default-executor-5] INFO  impl.RoleInfo (RoleInfo.java:updateAndGet(143)) - 805254cc-2da6-48d8-a2f9-c1a3ceceab4a: start FollowerState
2019-10-17 07:09:48,097 [Thread-10768] INFO  impl.FollowerState (FollowerState.java:run(117)) - 805254cc-2da6-48d8-a2f9-c1a3ceceab4a@group-2C0FEEE55AE1-FollowerState was interrupted: java.lang.InterruptedException: sleep interrupted
2019-10-17 07:09:48,108 [696df33b-59a0-4145-913f-936aff0d1566@group-2C0FEEE55AE1-LeaderElection1226] INFO  impl.LeaderElection (LeaderElection.java:logAndReturn(56)) - 696df33b-59a0-4145-913f-936aff0d1566@group-2C0FEEE55AE1-LeaderElection1226: Election TIMEOUT; received 0 response(s) [] and 1 exception(s); 696df33b-59a0-4145-913f-936aff0d1566@group-2C0FEEE55AE1:t159, leader=null, voted=696df33b-59a0-4145-913f-936aff0d1566, raftlog=696df33b-59a0-4145-913f-936aff0d1566@group-2C0FEEE55AE1-SegmentedRaftLog:OPENED:c-1,f-1,i0, conf=-1: [f3ee4219-89bb-47f2-bbe0-5f784575b745:192.168.157.211:38722, 805254cc-2da6-48d8-a2f9-c1a3ceceab4a:192.168.157.211:35407, 696df33b-59a0-4145-913f-936aff0d1566:192.168.157.211:38803], old=null
2019-10-17 07:09:48,108 [696df33b-59a0-4145-913f-936aff0d1566@group-2C0FEEE55AE1-LeaderElection1226] INFO  impl.LeaderElection (LogUtils.java:infoOrTrace(149)) -   Exception 0: {}
java.util.concurrent.ExecutionException: org.apache.ratis.thirdparty.io.grpc.StatusRuntimeException: UNAVAILABLE: io exception
	at java.util.concurrent.FutureTask.report(FutureTask.java:122)
	at java.util.concurrent.FutureTask.get(FutureTask.java:192)
	at org.apache.ratis.server.impl.LeaderElection.waitForResults(LeaderElection.java:259)
	at org.apache.ratis.server.impl.LeaderElection.askForVotes(LeaderElection.java:197)
	at org.apache.ratis.server.impl.LeaderElection.run(LeaderElection.java:133)
	at java.lang.Thread.run(Thread.java:748)
Caused by: org.apache.ratis.thirdparty.io.grpc.StatusRuntimeException: UNAVAILABLE: io exception
	at org.apache.ratis.thirdparty.io.grpc.stub.ClientCalls.toStatusRuntimeException(ClientCalls.java:233)
	at org.apache.ratis.thirdparty.io.grpc.stub.ClientCalls.getUnchecked(ClientCalls.java:214)
	at org.apache.ratis.thirdparty.io.grpc.stub.ClientCalls.blockingUnaryCall(ClientCalls.java:139)
	at org.apache.ratis.proto.grpc.RaftServerProtocolServiceGrpc$RaftServerProtocolServiceBlockingStub.requestVote(RaftServerProtocolServiceGrpc.java:265)
	at org.apache.ratis.grpc.server.GrpcServerProtocolClient.requestVote(GrpcServerProtocolClient.java:99)
	at org.apache.ratis.grpc.server.GrpcService.requestVote(GrpcService.java:204)
	at org.apache.ratis.server.impl.LeaderElection.lambda$submitRequests$1(LeaderElection.java:234)
	at java.util.concurrent.FutureTask.run(FutureTask.java:266)
	at java.util.concurrent.Executors$RunnableAdapter.call(Executors.java:511)
	at java.util.concurrent.FutureTask.run(FutureTask.java:266)
	at java.util.concurrent.ThreadPoolExecutor.runWorker(ThreadPoolExecutor.java:1149)
	at java.util.concurrent.ThreadPoolExecutor$Worker.run(ThreadPoolExecutor.java:624)
	... 1 more
Caused by: org.apache.ratis.thirdparty.io.netty.channel.AbstractChannel$AnnotatedConnectException: Connection refused: /192.168.157.211:38722
	at sun.nio.ch.SocketChannelImpl.checkConnect(Native Method)
	at sun.nio.ch.SocketChannelImpl.finishConnect(SocketChannelImpl.java:717)
	at org.apache.ratis.thirdparty.io.netty.channel.socket.nio.NioSocketChannel.doFinishConnect(NioSocketChannel.java:327)
	at org.apache.ratis.thirdparty.io.netty.channel.nio.AbstractNioChannel$AbstractNioUnsafe.finishConnect(AbstractNioChannel.java:340)
	at org.apache.ratis.thirdparty.io.netty.channel.nio.NioEventLoop.processSelectedKey(NioEventLoop.java:632)
	at org.apache.ratis.thirdparty.io.netty.channel.nio.NioEventLoop.processSelectedKeysOptimized(NioEventLoop.java:579)
	at org.apache.ratis.thirdparty.io.netty.channel.nio.NioEventLoop.processSelectedKeys(NioEventLoop.java:496)
	at org.apache.ratis.thirdparty.io.netty.channel.nio.NioEventLoop.run(NioEventLoop.java:458)
	at org.apache.ratis.thirdparty.io.netty.util.concurrent.SingleThreadEventExecutor$5.run(SingleThreadEventExecutor.java:897)
	at org.apache.ratis.thirdparty.io.netty.util.concurrent.FastThreadLocalRunnable.run(FastThreadLocalRunnable.java:30)
	... 1 more
Caused by: java.net.ConnectException: Connection refused
	... 11 more
2019-10-17 07:09:48,111 [696df33b-59a0-4145-913f-936aff0d1566@group-2C0FEEE55AE1-LeaderElection1226] INFO  impl.LeaderElection (LeaderElection.java:askForVotes(178)) - 696df33b-59a0-4145-913f-936aff0d1566@group-2C0FEEE55AE1-LeaderElection1226: begin an election at term 160 for -1: [f3ee4219-89bb-47f2-bbe0-5f784575b745:192.168.157.211:38722, 805254cc-2da6-48d8-a2f9-c1a3ceceab4a:192.168.157.211:35407, 696df33b-59a0-4145-913f-936aff0d1566:192.168.157.211:38803], old=null
2019-10-17 07:09:48,112 [696df33b-59a0-4145-913f-936aff0d1566@group-2C0FEEE55AE1-LeaderElection1226] INFO  impl.LeaderElection (LogUtils.java:infoOrTrace(149)) - 696df33b-59a0-4145-913f-936aff0d1566@group-2C0FEEE55AE1-LeaderElection1226 got exception when requesting votes: {}
java.util.concurrent.ExecutionException: org.apache.ratis.thirdparty.io.grpc.StatusRuntimeException: UNAVAILABLE: io exception
	at java.util.concurrent.FutureTask.report(FutureTask.java:122)
	at java.util.concurrent.FutureTask.get(FutureTask.java:192)
	at org.apache.ratis.server.impl.LeaderElection.waitForResults(LeaderElection.java:259)
	at org.apache.ratis.server.impl.LeaderElection.askForVotes(LeaderElection.java:197)
	at org.apache.ratis.server.impl.LeaderElection.run(LeaderElection.java:133)
	at java.lang.Thread.run(Thread.java:748)
Caused by: org.apache.ratis.thirdparty.io.grpc.StatusRuntimeException: UNAVAILABLE: io exception
	at org.apache.ratis.thirdparty.io.grpc.stub.ClientCalls.toStatusRuntimeException(ClientCalls.java:233)
	at org.apache.ratis.thirdparty.io.grpc.stub.ClientCalls.getUnchecked(ClientCalls.java:214)
	at org.apache.ratis.thirdparty.io.grpc.stub.ClientCalls.blockingUnaryCall(ClientCalls.java:139)
	at org.apache.ratis.proto.grpc.RaftServerProtocolServiceGrpc$RaftServerProtocolServiceBlockingStub.requestVote(RaftServerProtocolServiceGrpc.java:265)
	at org.apache.ratis.grpc.server.GrpcServerProtocolClient.requestVote(GrpcServerProtocolClient.java:99)
	at org.apache.ratis.grpc.server.GrpcService.requestVote(GrpcService.java:204)
	at org.apache.ratis.server.impl.LeaderElection.lambda$submitRequests$1(LeaderElection.java:234)
	at java.util.concurrent.FutureTask.run(FutureTask.java:266)
	at java.util.concurrent.Executors$RunnableAdapter.call(Executors.java:511)
	at java.util.concurrent.FutureTask.run(FutureTask.java:266)
	at java.util.concurrent.ThreadPoolExecutor.runWorker(ThreadPoolExecutor.java:1149)
	at java.util.concurrent.ThreadPoolExecutor$Worker.run(ThreadPoolExecutor.java:624)
	... 1 more
Caused by: org.apache.ratis.thirdparty.io.netty.channel.AbstractChannel$AnnotatedConnectException: Connection refused: /192.168.157.211:38722
	at sun.nio.ch.SocketChannelImpl.checkConnect(Native Method)
	at sun.nio.ch.SocketChannelImpl.finishConnect(SocketChannelImpl.java:717)
	at org.apache.ratis.thirdparty.io.netty.channel.socket.nio.NioSocketChannel.doFinishConnect(NioSocketChannel.java:327)
	at org.apache.ratis.thirdparty.io.netty.channel.nio.AbstractNioChannel$AbstractNioUnsafe.finishConnect(AbstractNioChannel.java:340)
	at org.apache.ratis.thirdparty.io.netty.channel.nio.NioEventLoop.processSelectedKey(NioEventLoop.java:632)
	at org.apache.ratis.thirdparty.io.netty.channel.nio.NioEventLoop.processSelectedKeysOptimized(NioEventLoop.java:579)
	at org.apache.ratis.thirdparty.io.netty.channel.nio.NioEventLoop.processSelectedKeys(NioEventLoop.java:496)
	at org.apache.ratis.thirdparty.io.netty.channel.nio.NioEventLoop.run(NioEventLoop.java:458)
	at org.apache.ratis.thirdparty.io.netty.util.concurrent.SingleThreadEventExecutor$5.run(SingleThreadEventExecutor.java:897)
	at org.apache.ratis.thirdparty.io.netty.util.concurrent.FastThreadLocalRunnable.run(FastThreadLocalRunnable.java:30)
	... 1 more
Caused by: java.net.ConnectException: Connection refused
	... 11 more
2019-10-17 07:09:48,112 [grpc-default-executor-5] INFO  impl.RaftServerImpl (RaftServerImpl.java:setRole(184)) - 805254cc-2da6-48d8-a2f9-c1a3ceceab4a@group-2C0FEEE55AE1: changes role from  FOLLOWER to FOLLOWER at term 160 for recognizeCandidate:696df33b-59a0-4145-913f-936aff0d1566
2019-10-17 07:09:48,112 [grpc-default-executor-5] INFO  impl.RoleInfo (RoleInfo.java:shutdownFollowerState(121)) - 805254cc-2da6-48d8-a2f9-c1a3ceceab4a: shutdown FollowerState
2019-10-17 07:09:48,112 [grpc-default-executor-5] INFO  impl.RoleInfo (RoleInfo.java:updateAndGet(143)) - 805254cc-2da6-48d8-a2f9-c1a3ceceab4a: start FollowerState
2019-10-17 07:09:48,113 [Thread-10775] INFO  impl.FollowerState (FollowerState.java:run(117)) - 805254cc-2da6-48d8-a2f9-c1a3ceceab4a@group-2C0FEEE55AE1-FollowerState was interrupted: java.lang.InterruptedException: sleep interrupted
2019-10-17 07:09:48,127 [696df33b-59a0-4145-913f-936aff0d1566@group-2C0FEEE55AE1-LeaderElection1226] INFO  impl.LeaderElection (LeaderElection.java:logAndReturn(56)) - 696df33b-59a0-4145-913f-936aff0d1566@group-2C0FEEE55AE1-LeaderElection1226: Election TIMEOUT; received 0 response(s) [] and 1 exception(s); 696df33b-59a0-4145-913f-936aff0d1566@group-2C0FEEE55AE1:t160, leader=null, voted=696df33b-59a0-4145-913f-936aff0d1566, raftlog=696df33b-59a0-4145-913f-936aff0d1566@group-2C0FEEE55AE1-SegmentedRaftLog:OPENED:c-1,f-1,i0, conf=-1: [f3ee4219-89bb-47f2-bbe0-5f784575b745:192.168.157.211:38722, 805254cc-2da6-48d8-a2f9-c1a3ceceab4a:192.168.157.211:35407, 696df33b-59a0-4145-913f-936aff0d1566:192.168.157.211:38803], old=null
2019-10-17 07:09:48,127 [696df33b-59a0-4145-913f-936aff0d1566@group-2C0FEEE55AE1-LeaderElection1226] INFO  impl.LeaderElection (LogUtils.java:infoOrTrace(149)) -   Exception 0: {}
java.util.concurrent.ExecutionException: org.apache.ratis.thirdparty.io.grpc.StatusRuntimeException: UNAVAILABLE: io exception
	at java.util.concurrent.FutureTask.report(FutureTask.java:122)
	at java.util.concurrent.FutureTask.get(FutureTask.java:192)
	at org.apache.ratis.server.impl.LeaderElection.waitForResults(LeaderElection.java:259)
	at org.apache.ratis.server.impl.LeaderElection.askForVotes(LeaderElection.java:197)
	at org.apache.ratis.server.impl.LeaderElection.run(LeaderElection.java:133)
	at java.lang.Thread.run(Thread.java:748)
Caused by: org.apache.ratis.thirdparty.io.grpc.StatusRuntimeException: UNAVAILABLE: io exception
	at org.apache.ratis.thirdparty.io.grpc.stub.ClientCalls.toStatusRuntimeException(ClientCalls.java:233)
	at org.apache.ratis.thirdparty.io.grpc.stub.ClientCalls.getUnchecked(ClientCalls.java:214)
	at org.apache.ratis.thirdparty.io.grpc.stub.ClientCalls.blockingUnaryCall(ClientCalls.java:139)
	at org.apache.ratis.proto.grpc.RaftServerProtocolServiceGrpc$RaftServerProtocolServiceBlockingStub.requestVote(RaftServerProtocolServiceGrpc.java:265)
	at org.apache.ratis.grpc.server.GrpcServerProtocolClient.requestVote(GrpcServerProtocolClient.java:99)
	at org.apache.ratis.grpc.server.GrpcService.requestVote(GrpcService.java:204)
	at org.apache.ratis.server.impl.LeaderElection.lambda$submitRequests$1(LeaderElection.java:234)
	at java.util.concurrent.FutureTask.run(FutureTask.java:266)
	at java.util.concurrent.Executors$RunnableAdapter.call(Executors.java:511)
	at java.util.concurrent.FutureTask.run(FutureTask.java:266)
	at java.util.concurrent.ThreadPoolExecutor.runWorker(ThreadPoolExecutor.java:1149)
	at java.util.concurrent.ThreadPoolExecutor$Worker.run(ThreadPoolExecutor.java:624)
	... 1 more
Caused by: org.apache.ratis.thirdparty.io.netty.channel.AbstractChannel$AnnotatedConnectException: Connection refused: /192.168.157.211:38722
	at sun.nio.ch.SocketChannelImpl.checkConnect(Native Method)
	at sun.nio.ch.SocketChannelImpl.finishConnect(SocketChannelImpl.java:717)
	at org.apache.ratis.thirdparty.io.netty.channel.socket.nio.NioSocketChannel.doFinishConnect(NioSocketChannel.java:327)
	at org.apache.ratis.thirdparty.io.netty.channel.nio.AbstractNioChannel$AbstractNioUnsafe.finishConnect(AbstractNioChannel.java:340)
	at org.apache.ratis.thirdparty.io.netty.channel.nio.NioEventLoop.processSelectedKey(NioEventLoop.java:632)
	at org.apache.ratis.thirdparty.io.netty.channel.nio.NioEventLoop.processSelectedKeysOptimized(NioEventLoop.java:579)
	at org.apache.ratis.thirdparty.io.netty.channel.nio.NioEventLoop.processSelectedKeys(NioEventLoop.java:496)
	at org.apache.ratis.thirdparty.io.netty.channel.nio.NioEventLoop.run(NioEventLoop.java:458)
	at org.apache.ratis.thirdparty.io.netty.util.concurrent.SingleThreadEventExecutor$5.run(SingleThreadEventExecutor.java:897)
	at org.apache.ratis.thirdparty.io.netty.util.concurrent.FastThreadLocalRunnable.run(FastThreadLocalRunnable.java:30)
	... 1 more
Caused by: java.net.ConnectException: Connection refused
	... 11 more
2019-10-17 07:09:48,140 [696df33b-59a0-4145-913f-936aff0d1566@group-2C0FEEE55AE1-LeaderElection1226] INFO  impl.LeaderElection (LeaderElection.java:askForVotes(178)) - 696df33b-59a0-4145-913f-936aff0d1566@group-2C0FEEE55AE1-LeaderElection1226: begin an election at term 161 for -1: [f3ee4219-89bb-47f2-bbe0-5f784575b745:192.168.157.211:38722, 805254cc-2da6-48d8-a2f9-c1a3ceceab4a:192.168.157.211:35407, 696df33b-59a0-4145-913f-936aff0d1566:192.168.157.211:38803], old=null
2019-10-17 07:09:48,140 [696df33b-59a0-4145-913f-936aff0d1566@group-2C0FEEE55AE1-LeaderElection1226] INFO  impl.LeaderElection (LogUtils.java:infoOrTrace(149)) - 696df33b-59a0-4145-913f-936aff0d1566@group-2C0FEEE55AE1-LeaderElection1226 got exception when requesting votes: {}
java.util.concurrent.ExecutionException: org.apache.ratis.thirdparty.io.grpc.StatusRuntimeException: UNAVAILABLE: io exception
	at java.util.concurrent.FutureTask.report(FutureTask.java:122)
	at java.util.concurrent.FutureTask.get(FutureTask.java:192)
	at org.apache.ratis.server.impl.LeaderElection.waitForResults(LeaderElection.java:259)
	at org.apache.ratis.server.impl.LeaderElection.askForVotes(LeaderElection.java:197)
	at org.apache.ratis.server.impl.LeaderElection.run(LeaderElection.java:133)
	at java.lang.Thread.run(Thread.java:748)
Caused by: org.apache.ratis.thirdparty.io.grpc.StatusRuntimeException: UNAVAILABLE: io exception
	at org.apache.ratis.thirdparty.io.grpc.stub.ClientCalls.toStatusRuntimeException(ClientCalls.java:233)
	at org.apache.ratis.thirdparty.io.grpc.stub.ClientCalls.getUnchecked(ClientCalls.java:214)
	at org.apache.ratis.thirdparty.io.grpc.stub.ClientCalls.blockingUnaryCall(ClientCalls.java:139)
	at org.apache.ratis.proto.grpc.RaftServerProtocolServiceGrpc$RaftServerProtocolServiceBlockingStub.requestVote(RaftServerProtocolServiceGrpc.java:265)
	at org.apache.ratis.grpc.server.GrpcServerProtocolClient.requestVote(GrpcServerProtocolClient.java:99)
	at org.apache.ratis.grpc.server.GrpcService.requestVote(GrpcService.java:204)
	at org.apache.ratis.server.impl.LeaderElection.lambda$submitRequests$1(LeaderElection.java:234)
	at java.util.concurrent.FutureTask.run(FutureTask.java:266)
	at java.util.concurrent.Executors$RunnableAdapter.call(Executors.java:511)
	at java.util.concurrent.FutureTask.run(FutureTask.java:266)
	at java.util.concurrent.ThreadPoolExecutor.runWorker(ThreadPoolExecutor.java:1149)
	at java.util.concurrent.ThreadPoolExecutor$Worker.run(ThreadPoolExecutor.java:624)
	... 1 more
Caused by: org.apache.ratis.thirdparty.io.netty.channel.AbstractChannel$AnnotatedConnectException: Connection refused: /192.168.157.211:38722
	at sun.nio.ch.SocketChannelImpl.checkConnect(Native Method)
	at sun.nio.ch.SocketChannelImpl.finishConnect(SocketChannelImpl.java:717)
	at org.apache.ratis.thirdparty.io.netty.channel.socket.nio.NioSocketChannel.doFinishConnect(NioSocketChannel.java:327)
	at org.apache.ratis.thirdparty.io.netty.channel.nio.AbstractNioChannel$AbstractNioUnsafe.finishConnect(AbstractNioChannel.java:340)
	at org.apache.ratis.thirdparty.io.netty.channel.nio.NioEventLoop.processSelectedKey(NioEventLoop.java:632)
	at org.apache.ratis.thirdparty.io.netty.channel.nio.NioEventLoop.processSelectedKeysOptimized(NioEventLoop.java:579)
	at org.apache.ratis.thirdparty.io.netty.channel.nio.NioEventLoop.processSelectedKeys(NioEventLoop.java:496)
	at org.apache.ratis.thirdparty.io.netty.channel.nio.NioEventLoop.run(NioEventLoop.java:458)
	at org.apache.ratis.thirdparty.io.netty.util.concurrent.SingleThreadEventExecutor$5.run(SingleThreadEventExecutor.java:897)
	at org.apache.ratis.thirdparty.io.netty.util.concurrent.FastThreadLocalRunnable.run(FastThreadLocalRunnable.java:30)
	... 1 more
Caused by: java.net.ConnectException: Connection refused
	... 11 more
2019-10-17 07:09:48,141 [grpc-default-executor-5] INFO  impl.RaftServerImpl (RaftServerImpl.java:setRole(184)) - 805254cc-2da6-48d8-a2f9-c1a3ceceab4a@group-2C0FEEE55AE1: changes role from  FOLLOWER to FOLLOWER at term 161 for recognizeCandidate:696df33b-59a0-4145-913f-936aff0d1566
2019-10-17 07:09:48,141 [grpc-default-executor-5] INFO  impl.RoleInfo (RoleInfo.java:shutdownFollowerState(121)) - 805254cc-2da6-48d8-a2f9-c1a3ceceab4a: shutdown FollowerState
2019-10-17 07:09:48,141 [grpc-default-executor-5] INFO  impl.RoleInfo (RoleInfo.java:updateAndGet(143)) - 805254cc-2da6-48d8-a2f9-c1a3ceceab4a: start FollowerState
2019-10-17 07:09:48,141 [Thread-10778] INFO  impl.FollowerState (FollowerState.java:run(117)) - 805254cc-2da6-48d8-a2f9-c1a3ceceab4a@group-2C0FEEE55AE1-FollowerState was interrupted: java.lang.InterruptedException: sleep interrupted
2019-10-17 07:09:48,154 [696df33b-59a0-4145-913f-936aff0d1566@group-2C0FEEE55AE1-LeaderElection1226] INFO  impl.LeaderElection (LeaderElection.java:logAndReturn(56)) - 696df33b-59a0-4145-913f-936aff0d1566@group-2C0FEEE55AE1-LeaderElection1226: Election REJECTED; received 1 response(s) [696df33b-59a0-4145-913f-936aff0d1566<-805254cc-2da6-48d8-a2f9-c1a3ceceab4a#0:FAIL-t161] and 1 exception(s); 696df33b-59a0-4145-913f-936aff0d1566@group-2C0FEEE55AE1:t161, leader=null, voted=696df33b-59a0-4145-913f-936aff0d1566, raftlog=696df33b-59a0-4145-913f-936aff0d1566@group-2C0FEEE55AE1-SegmentedRaftLog:OPENED:c-1,f-1,i0, conf=-1: [f3ee4219-89bb-47f2-bbe0-5f784575b745:192.168.157.211:38722, 805254cc-2da6-48d8-a2f9-c1a3ceceab4a:192.168.157.211:35407, 696df33b-59a0-4145-913f-936aff0d1566:192.168.157.211:38803], old=null
2019-10-17 07:09:48,154 [696df33b-59a0-4145-913f-936aff0d1566@group-2C0FEEE55AE1-LeaderElection1226] INFO  impl.LeaderElection (LogUtils.java:infoOrTrace(149)) -   Exception 0: {}
java.util.concurrent.ExecutionException: org.apache.ratis.thirdparty.io.grpc.StatusRuntimeException: UNAVAILABLE: io exception
	at java.util.concurrent.FutureTask.report(FutureTask.java:122)
	at java.util.concurrent.FutureTask.get(FutureTask.java:192)
	at org.apache.ratis.server.impl.LeaderElection.waitForResults(LeaderElection.java:259)
	at org.apache.ratis.server.impl.LeaderElection.askForVotes(LeaderElection.java:197)
	at org.apache.ratis.server.impl.LeaderElection.run(LeaderElection.java:133)
	at java.lang.Thread.run(Thread.java:748)
Caused by: org.apache.ratis.thirdparty.io.grpc.StatusRuntimeException: UNAVAILABLE: io exception
	at org.apache.ratis.thirdparty.io.grpc.stub.ClientCalls.toStatusRuntimeException(ClientCalls.java:233)
	at org.apache.ratis.thirdparty.io.grpc.stub.ClientCalls.getUnchecked(ClientCalls.java:214)
	at org.apache.ratis.thirdparty.io.grpc.stub.ClientCalls.blockingUnaryCall(ClientCalls.java:139)
	at org.apache.ratis.proto.grpc.RaftServerProtocolServiceGrpc$RaftServerProtocolServiceBlockingStub.requestVote(RaftServerProtocolServiceGrpc.java:265)
	at org.apache.ratis.grpc.server.GrpcServerProtocolClient.requestVote(GrpcServerProtocolClient.java:99)
	at org.apache.ratis.grpc.server.GrpcService.requestVote(GrpcService.java:204)
	at org.apache.ratis.server.impl.LeaderElection.lambda$submitRequests$1(LeaderElection.java:234)
	at java.util.concurrent.FutureTask.run(FutureTask.java:266)
	at java.util.concurrent.Executors$RunnableAdapter.call(Executors.java:511)
	at java.util.concurrent.FutureTask.run(FutureTask.java:266)
	at java.util.concurrent.ThreadPoolExecutor.runWorker(ThreadPoolExecutor.java:1149)
	at java.util.concurrent.ThreadPoolExecutor$Worker.run(ThreadPoolExecutor.java:624)
	... 1 more
Caused by: org.apache.ratis.thirdparty.io.netty.channel.AbstractChannel$AnnotatedConnectException: Connection refused: /192.168.157.211:38722
	at sun.nio.ch.SocketChannelImpl.checkConnect(Native Method)
	at sun.nio.ch.SocketChannelImpl.finishConnect(SocketChannelImpl.java:717)
	at org.apache.ratis.thirdparty.io.netty.channel.socket.nio.NioSocketChannel.doFinishConnect(NioSocketChannel.java:327)
	at org.apache.ratis.thirdparty.io.netty.channel.nio.AbstractNioChannel$AbstractNioUnsafe.finishConnect(AbstractNioChannel.java:340)
	at org.apache.ratis.thirdparty.io.netty.channel.nio.NioEventLoop.processSelectedKey(NioEventLoop.java:632)
	at org.apache.ratis.thirdparty.io.netty.channel.nio.NioEventLoop.processSelectedKeysOptimized(NioEventLoop.java:579)
	at org.apache.ratis.thirdparty.io.netty.channel.nio.NioEventLoop.processSelectedKeys(NioEventLoop.java:496)
	at org.apache.ratis.thirdparty.io.netty.channel.nio.NioEventLoop.run(NioEventLoop.java:458)
	at org.apache.ratis.thirdparty.io.netty.util.concurrent.SingleThreadEventExecutor$5.run(SingleThreadEventExecutor.java:897)
	at org.apache.ratis.thirdparty.io.netty.util.concurrent.FastThreadLocalRunnable.run(FastThreadLocalRunnable.java:30)
	... 1 more
Caused by: java.net.ConnectException: Connection refused
	... 11 more
2019-10-17 07:09:48,154 [696df33b-59a0-4145-913f-936aff0d1566@group-2C0FEEE55AE1-LeaderElection1226] INFO  impl.RaftServerImpl (RaftServerImpl.java:setRole(184)) - 696df33b-59a0-4145-913f-936aff0d1566@group-2C0FEEE55AE1: changes role from CANDIDATE to FOLLOWER at term 161 for DISCOVERED_A_NEW_TERM
2019-10-17 07:09:48,154 [696df33b-59a0-4145-913f-936aff0d1566@group-2C0FEEE55AE1-LeaderElection1226] INFO  impl.RoleInfo (RoleInfo.java:shutdownLeaderElection(134)) - 696df33b-59a0-4145-913f-936aff0d1566: shutdown LeaderElection
2019-10-17 07:09:48,154 [696df33b-59a0-4145-913f-936aff0d1566@group-2C0FEEE55AE1-LeaderElection1226] INFO  impl.RoleInfo (RoleInfo.java:updateAndGet(143)) - 696df33b-59a0-4145-913f-936aff0d1566: start FollowerState
2019-10-17 07:09:48,345 [Thread-10782] INFO  impl.FollowerState (FollowerState.java:run(108)) - 696df33b-59a0-4145-913f-936aff0d1566@group-2C0FEEE55AE1-FollowerState: change to CANDIDATE, lastRpcTime:190ms, electionTimeout:190ms
2019-10-17 07:09:48,345 [Thread-10782] INFO  impl.RoleInfo (RoleInfo.java:shutdownFollowerState(121)) - 696df33b-59a0-4145-913f-936aff0d1566: shutdown FollowerState
2019-10-17 07:09:48,345 [Thread-10782] INFO  impl.RaftServerImpl (RaftServerImpl.java:setRole(184)) - 696df33b-59a0-4145-913f-936aff0d1566@group-2C0FEEE55AE1: changes role from  FOLLOWER to CANDIDATE at term 161 for changeToCandidate
2019-10-17 07:09:48,345 [Thread-10782] INFO  impl.RoleInfo (RoleInfo.java:updateAndGet(143)) - 696df33b-59a0-4145-913f-936aff0d1566: start LeaderElection
2019-10-17 07:09:48,358 [696df33b-59a0-4145-913f-936aff0d1566@group-2C0FEEE55AE1-LeaderElection1227] INFO  impl.LeaderElection (LeaderElection.java:askForVotes(178)) - 696df33b-59a0-4145-913f-936aff0d1566@group-2C0FEEE55AE1-LeaderElection1227: begin an election at term 162 for -1: [f3ee4219-89bb-47f2-bbe0-5f784575b745:192.168.157.211:38722, 805254cc-2da6-48d8-a2f9-c1a3ceceab4a:192.168.157.211:35407, 696df33b-59a0-4145-913f-936aff0d1566:192.168.157.211:38803], old=null
2019-10-17 07:09:48,359 [696df33b-59a0-4145-913f-936aff0d1566@group-2C0FEEE55AE1-LeaderElection1227] INFO  impl.LeaderElection (LogUtils.java:infoOrTrace(149)) - 696df33b-59a0-4145-913f-936aff0d1566@group-2C0FEEE55AE1-LeaderElection1227 got exception when requesting votes: {}
java.util.concurrent.ExecutionException: org.apache.ratis.thirdparty.io.grpc.StatusRuntimeException: UNAVAILABLE: io exception
	at java.util.concurrent.FutureTask.report(FutureTask.java:122)
	at java.util.concurrent.FutureTask.get(FutureTask.java:192)
	at org.apache.ratis.server.impl.LeaderElection.waitForResults(LeaderElection.java:259)
	at org.apache.ratis.server.impl.LeaderElection.askForVotes(LeaderElection.java:197)
	at org.apache.ratis.server.impl.LeaderElection.run(LeaderElection.java:133)
	at java.lang.Thread.run(Thread.java:748)
Caused by: org.apache.ratis.thirdparty.io.grpc.StatusRuntimeException: UNAVAILABLE: io exception
	at org.apache.ratis.thirdparty.io.grpc.stub.ClientCalls.toStatusRuntimeException(ClientCalls.java:233)
	at org.apache.ratis.thirdparty.io.grpc.stub.ClientCalls.getUnchecked(ClientCalls.java:214)
	at org.apache.ratis.thirdparty.io.grpc.stub.ClientCalls.blockingUnaryCall(ClientCalls.java:139)
	at org.apache.ratis.proto.grpc.RaftServerProtocolServiceGrpc$RaftServerProtocolServiceBlockingStub.requestVote(RaftServerProtocolServiceGrpc.java:265)
	at org.apache.ratis.grpc.server.GrpcServerProtocolClient.requestVote(GrpcServerProtocolClient.java:99)
	at org.apache.ratis.grpc.server.GrpcService.requestVote(GrpcService.java:204)
	at org.apache.ratis.server.impl.LeaderElection.lambda$submitRequests$1(LeaderElection.java:234)
	at java.util.concurrent.FutureTask.run(FutureTask.java:266)
	at java.util.concurrent.Executors$RunnableAdapter.call(Executors.java:511)
	at java.util.concurrent.FutureTask.run(FutureTask.java:266)
	at java.util.concurrent.ThreadPoolExecutor.runWorker(ThreadPoolExecutor.java:1149)
	at java.util.concurrent.ThreadPoolExecutor$Worker.run(ThreadPoolExecutor.java:624)
	... 1 more
Caused by: org.apache.ratis.thirdparty.io.netty.channel.AbstractChannel$AnnotatedConnectException: Connection refused: /192.168.157.211:38722
	at sun.nio.ch.SocketChannelImpl.checkConnect(Native Method)
	at sun.nio.ch.SocketChannelImpl.finishConnect(SocketChannelImpl.java:717)
	at org.apache.ratis.thirdparty.io.netty.channel.socket.nio.NioSocketChannel.doFinishConnect(NioSocketChannel.java:327)
	at org.apache.ratis.thirdparty.io.netty.channel.nio.AbstractNioChannel$AbstractNioUnsafe.finishConnect(AbstractNioChannel.java:340)
	at org.apache.ratis.thirdparty.io.netty.channel.nio.NioEventLoop.processSelectedKey(NioEventLoop.java:632)
	at org.apache.ratis.thirdparty.io.netty.channel.nio.NioEventLoop.processSelectedKeysOptimized(NioEventLoop.java:579)
	at org.apache.ratis.thirdparty.io.netty.channel.nio.NioEventLoop.processSelectedKeys(NioEventLoop.java:496)
	at org.apache.ratis.thirdparty.io.netty.channel.nio.NioEventLoop.run(NioEventLoop.java:458)
	at org.apache.ratis.thirdparty.io.netty.util.concurrent.SingleThreadEventExecutor$5.run(SingleThreadEventExecutor.java:897)
	at org.apache.ratis.thirdparty.io.netty.util.concurrent.FastThreadLocalRunnable.run(FastThreadLocalRunnable.java:30)
	... 1 more
Caused by: java.net.ConnectException: Connection refused
	... 11 more
2019-10-17 07:09:48,360 [grpc-default-executor-5] INFO  impl.RaftServerImpl (RaftServerImpl.java:setRole(184)) - 805254cc-2da6-48d8-a2f9-c1a3ceceab4a@group-2C0FEEE55AE1: changes role from  FOLLOWER to FOLLOWER at term 162 for recognizeCandidate:696df33b-59a0-4145-913f-936aff0d1566
2019-10-17 07:09:48,360 [grpc-default-executor-5] INFO  impl.RoleInfo (RoleInfo.java:shutdownFollowerState(121)) - 805254cc-2da6-48d8-a2f9-c1a3ceceab4a: shutdown FollowerState
2019-10-17 07:09:48,360 [grpc-default-executor-5] INFO  impl.RoleInfo (RoleInfo.java:updateAndGet(143)) - 805254cc-2da6-48d8-a2f9-c1a3ceceab4a: start FollowerState
2019-10-17 07:09:48,360 [Thread-10781] INFO  impl.FollowerState (FollowerState.java:run(117)) - 805254cc-2da6-48d8-a2f9-c1a3ceceab4a@group-2C0FEEE55AE1-FollowerState was interrupted: java.lang.InterruptedException: sleep interrupted
2019-10-17 07:09:48,374 [696df33b-59a0-4145-913f-936aff0d1566@group-2C0FEEE55AE1-LeaderElection1227] INFO  impl.LeaderElection (LeaderElection.java:logAndReturn(56)) - 696df33b-59a0-4145-913f-936aff0d1566@group-2C0FEEE55AE1-LeaderElection1227: Election REJECTED; received 1 response(s) [696df33b-59a0-4145-913f-936aff0d1566<-805254cc-2da6-48d8-a2f9-c1a3ceceab4a#0:FAIL-t162] and 1 exception(s); 696df33b-59a0-4145-913f-936aff0d1566@group-2C0FEEE55AE1:t162, leader=null, voted=696df33b-59a0-4145-913f-936aff0d1566, raftlog=696df33b-59a0-4145-913f-936aff0d1566@group-2C0FEEE55AE1-SegmentedRaftLog:OPENED:c-1,f-1,i0, conf=-1: [f3ee4219-89bb-47f2-bbe0-5f784575b745:192.168.157.211:38722, 805254cc-2da6-48d8-a2f9-c1a3ceceab4a:192.168.157.211:35407, 696df33b-59a0-4145-913f-936aff0d1566:192.168.157.211:38803], old=null
2019-10-17 07:09:48,374 [696df33b-59a0-4145-913f-936aff0d1566@group-2C0FEEE55AE1-LeaderElection1227] INFO  impl.LeaderElection (LogUtils.java:infoOrTrace(149)) -   Exception 0: {}
java.util.concurrent.ExecutionException: org.apache.ratis.thirdparty.io.grpc.StatusRuntimeException: UNAVAILABLE: io exception
	at java.util.concurrent.FutureTask.report(FutureTask.java:122)
	at java.util.concurrent.FutureTask.get(FutureTask.java:192)
	at org.apache.ratis.server.impl.LeaderElection.waitForResults(LeaderElection.java:259)
	at org.apache.ratis.server.impl.LeaderElection.askForVotes(LeaderElection.java:197)
	at org.apache.ratis.server.impl.LeaderElection.run(LeaderElection.java:133)
	at java.lang.Thread.run(Thread.java:748)
Caused by: org.apache.ratis.thirdparty.io.grpc.StatusRuntimeException: UNAVAILABLE: io exception
	at org.apache.ratis.thirdparty.io.grpc.stub.ClientCalls.toStatusRuntimeException(ClientCalls.java:233)
	at org.apache.ratis.thirdparty.io.grpc.stub.ClientCalls.getUnchecked(ClientCalls.java:214)
	at org.apache.ratis.thirdparty.io.grpc.stub.ClientCalls.blockingUnaryCall(ClientCalls.java:139)
	at org.apache.ratis.proto.grpc.RaftServerProtocolServiceGrpc$RaftServerProtocolServiceBlockingStub.requestVote(RaftServerProtocolServiceGrpc.java:265)
	at org.apache.ratis.grpc.server.GrpcServerProtocolClient.requestVote(GrpcServerProtocolClient.java:99)
	at org.apache.ratis.grpc.server.GrpcService.requestVote(GrpcService.java:204)
	at org.apache.ratis.server.impl.LeaderElection.lambda$submitRequests$1(LeaderElection.java:234)
	at java.util.concurrent.FutureTask.run(FutureTask.java:266)
	at java.util.concurrent.Executors$RunnableAdapter.call(Executors.java:511)
	at java.util.concurrent.FutureTask.run(FutureTask.java:266)
	at java.util.concurrent.ThreadPoolExecutor.runWorker(ThreadPoolExecutor.java:1149)
	at java.util.concurrent.ThreadPoolExecutor$Worker.run(ThreadPoolExecutor.java:624)
	... 1 more
Caused by: org.apache.ratis.thirdparty.io.netty.channel.AbstractChannel$AnnotatedConnectException: Connection refused: /192.168.157.211:38722
	at sun.nio.ch.SocketChannelImpl.checkConnect(Native Method)
	at sun.nio.ch.SocketChannelImpl.finishConnect(SocketChannelImpl.java:717)
	at org.apache.ratis.thirdparty.io.netty.channel.socket.nio.NioSocketChannel.doFinishConnect(NioSocketChannel.java:327)
	at org.apache.ratis.thirdparty.io.netty.channel.nio.AbstractNioChannel$AbstractNioUnsafe.finishConnect(AbstractNioChannel.java:340)
	at org.apache.ratis.thirdparty.io.netty.channel.nio.NioEventLoop.processSelectedKey(NioEventLoop.java:632)
	at org.apache.ratis.thirdparty.io.netty.channel.nio.NioEventLoop.processSelectedKeysOptimized(NioEventLoop.java:579)
	at org.apache.ratis.thirdparty.io.netty.channel.nio.NioEventLoop.processSelectedKeys(NioEventLoop.java:496)
	at org.apache.ratis.thirdparty.io.netty.channel.nio.NioEventLoop.run(NioEventLoop.java:458)
	at org.apache.ratis.thirdparty.io.netty.util.concurrent.SingleThreadEventExecutor$5.run(SingleThreadEventExecutor.java:897)
	at org.apache.ratis.thirdparty.io.netty.util.concurrent.FastThreadLocalRunnable.run(FastThreadLocalRunnable.java:30)
	... 1 more
Caused by: java.net.ConnectException: Connection refused
	... 11 more
2019-10-17 07:09:48,375 [696df33b-59a0-4145-913f-936aff0d1566@group-2C0FEEE55AE1-LeaderElection1227] INFO  impl.RaftServerImpl (RaftServerImpl.java:setRole(184)) - 696df33b-59a0-4145-913f-936aff0d1566@group-2C0FEEE55AE1: changes role from CANDIDATE to FOLLOWER at term 162 for DISCOVERED_A_NEW_TERM
2019-10-17 07:09:48,375 [696df33b-59a0-4145-913f-936aff0d1566@group-2C0FEEE55AE1-LeaderElection1227] INFO  impl.RoleInfo (RoleInfo.java:shutdownLeaderElection(134)) - 696df33b-59a0-4145-913f-936aff0d1566: shutdown LeaderElection
2019-10-17 07:09:48,375 [696df33b-59a0-4145-913f-936aff0d1566@group-2C0FEEE55AE1-LeaderElection1227] INFO  impl.RoleInfo (RoleInfo.java:updateAndGet(143)) - 696df33b-59a0-4145-913f-936aff0d1566: start FollowerState
2019-10-17 07:09:48,474 [Thread-10787] INFO  impl.FollowerState (FollowerState.java:run(108)) - 696df33b-59a0-4145-913f-936aff0d1566@group-2C0FEEE55AE1-FollowerState: change to CANDIDATE, lastRpcTime:98ms, electionTimeout:98ms
2019-10-17 07:09:48,474 [Thread-10787] INFO  impl.RoleInfo (RoleInfo.java:shutdownFollowerState(121)) - 696df33b-59a0-4145-913f-936aff0d1566: shutdown FollowerState
2019-10-17 07:09:48,474 [Thread-10787] INFO  impl.RaftServerImpl (RaftServerImpl.java:setRole(184)) - 696df33b-59a0-4145-913f-936aff0d1566@group-2C0FEEE55AE1: changes role from  FOLLOWER to CANDIDATE at term 162 for changeToCandidate
2019-10-17 07:09:48,474 [Thread-10787] INFO  impl.RoleInfo (RoleInfo.java:updateAndGet(143)) - 696df33b-59a0-4145-913f-936aff0d1566: start LeaderElection
2019-10-17 07:09:48,487 [696df33b-59a0-4145-913f-936aff0d1566@group-2C0FEEE55AE1-LeaderElection1228] INFO  impl.LeaderElection (LeaderElection.java:askForVotes(178)) - 696df33b-59a0-4145-913f-936aff0d1566@group-2C0FEEE55AE1-LeaderElection1228: begin an election at term 163 for -1: [f3ee4219-89bb-47f2-bbe0-5f784575b745:192.168.157.211:38722, 805254cc-2da6-48d8-a2f9-c1a3ceceab4a:192.168.157.211:35407, 696df33b-59a0-4145-913f-936aff0d1566:192.168.157.211:38803], old=null
2019-10-17 07:09:48,488 [696df33b-59a0-4145-913f-936aff0d1566@group-2C0FEEE55AE1-LeaderElection1228] INFO  impl.LeaderElection (LogUtils.java:infoOrTrace(149)) - 696df33b-59a0-4145-913f-936aff0d1566@group-2C0FEEE55AE1-LeaderElection1228 got exception when requesting votes: {}
java.util.concurrent.ExecutionException: org.apache.ratis.thirdparty.io.grpc.StatusRuntimeException: UNAVAILABLE: io exception
	at java.util.concurrent.FutureTask.report(FutureTask.java:122)
	at java.util.concurrent.FutureTask.get(FutureTask.java:192)
	at org.apache.ratis.server.impl.LeaderElection.waitForResults(LeaderElection.java:259)
	at org.apache.ratis.server.impl.LeaderElection.askForVotes(LeaderElection.java:197)
	at org.apache.ratis.server.impl.LeaderElection.run(LeaderElection.java:133)
	at java.lang.Thread.run(Thread.java:748)
Caused by: org.apache.ratis.thirdparty.io.grpc.StatusRuntimeException: UNAVAILABLE: io exception
	at org.apache.ratis.thirdparty.io.grpc.stub.ClientCalls.toStatusRuntimeException(ClientCalls.java:233)
	at org.apache.ratis.thirdparty.io.grpc.stub.ClientCalls.getUnchecked(ClientCalls.java:214)
	at org.apache.ratis.thirdparty.io.grpc.stub.ClientCalls.blockingUnaryCall(ClientCalls.java:139)
	at org.apache.ratis.proto.grpc.RaftServerProtocolServiceGrpc$RaftServerProtocolServiceBlockingStub.requestVote(RaftServerProtocolServiceGrpc.java:265)
	at org.apache.ratis.grpc.server.GrpcServerProtocolClient.requestVote(GrpcServerProtocolClient.java:99)
	at org.apache.ratis.grpc.server.GrpcService.requestVote(GrpcService.java:204)
	at org.apache.ratis.server.impl.LeaderElection.lambda$submitRequests$1(LeaderElection.java:234)
	at java.util.concurrent.FutureTask.run(FutureTask.java:266)
	at java.util.concurrent.Executors$RunnableAdapter.call(Executors.java:511)
	at java.util.concurrent.FutureTask.run(FutureTask.java:266)
	at java.util.concurrent.ThreadPoolExecutor.runWorker(ThreadPoolExecutor.java:1149)
	at java.util.concurrent.ThreadPoolExecutor$Worker.run(ThreadPoolExecutor.java:624)
	... 1 more
Caused by: org.apache.ratis.thirdparty.io.netty.channel.AbstractChannel$AnnotatedConnectException: Connection refused: /192.168.157.211:38722
	at sun.nio.ch.SocketChannelImpl.checkConnect(Native Method)
	at sun.nio.ch.SocketChannelImpl.finishConnect(SocketChannelImpl.java:717)
	at org.apache.ratis.thirdparty.io.netty.channel.socket.nio.NioSocketChannel.doFinishConnect(NioSocketChannel.java:327)
	at org.apache.ratis.thirdparty.io.netty.channel.nio.AbstractNioChannel$AbstractNioUnsafe.finishConnect(AbstractNioChannel.java:340)
	at org.apache.ratis.thirdparty.io.netty.channel.nio.NioEventLoop.processSelectedKey(NioEventLoop.java:632)
	at org.apache.ratis.thirdparty.io.netty.channel.nio.NioEventLoop.processSelectedKeysOptimized(NioEventLoop.java:579)
	at org.apache.ratis.thirdparty.io.netty.channel.nio.NioEventLoop.processSelectedKeys(NioEventLoop.java:496)
	at org.apache.ratis.thirdparty.io.netty.channel.nio.NioEventLoop.run(NioEventLoop.java:458)
	at org.apache.ratis.thirdparty.io.netty.util.concurrent.SingleThreadEventExecutor$5.run(SingleThreadEventExecutor.java:897)
	at org.apache.ratis.thirdparty.io.netty.util.concurrent.FastThreadLocalRunnable.run(FastThreadLocalRunnable.java:30)
	... 1 more
Caused by: java.net.ConnectException: Connection refused
	... 11 more
2019-10-17 07:09:48,489 [grpc-default-executor-2] INFO  impl.RaftServerImpl (RaftServerImpl.java:setRole(184)) - 805254cc-2da6-48d8-a2f9-c1a3ceceab4a@group-2C0FEEE55AE1: changes role from  FOLLOWER to FOLLOWER at term 163 for recognizeCandidate:696df33b-59a0-4145-913f-936aff0d1566
2019-10-17 07:09:48,489 [grpc-default-executor-2] INFO  impl.RoleInfo (RoleInfo.java:shutdownFollowerState(121)) - 805254cc-2da6-48d8-a2f9-c1a3ceceab4a: shutdown FollowerState
2019-10-17 07:09:48,489 [grpc-default-executor-2] INFO  impl.RoleInfo (RoleInfo.java:updateAndGet(143)) - 805254cc-2da6-48d8-a2f9-c1a3ceceab4a: start FollowerState
2019-10-17 07:09:48,490 [Thread-10786] INFO  impl.FollowerState (FollowerState.java:run(117)) - 805254cc-2da6-48d8-a2f9-c1a3ceceab4a@group-2C0FEEE55AE1-FollowerState was interrupted: java.lang.InterruptedException: sleep interrupted
2019-10-17 07:09:48,519 [696df33b-59a0-4145-913f-936aff0d1566@group-2C0FEEE55AE1-LeaderElection1228] INFO  impl.LeaderElection (LeaderElection.java:logAndReturn(56)) - 696df33b-59a0-4145-913f-936aff0d1566@group-2C0FEEE55AE1-LeaderElection1228: Election REJECTED; received 1 response(s) [696df33b-59a0-4145-913f-936aff0d1566<-805254cc-2da6-48d8-a2f9-c1a3ceceab4a#0:FAIL-t163] and 1 exception(s); 696df33b-59a0-4145-913f-936aff0d1566@group-2C0FEEE55AE1:t163, leader=null, voted=696df33b-59a0-4145-913f-936aff0d1566, raftlog=696df33b-59a0-4145-913f-936aff0d1566@group-2C0FEEE55AE1-SegmentedRaftLog:OPENED:c-1,f-1,i0, conf=-1: [f3ee4219-89bb-47f2-bbe0-5f784575b745:192.168.157.211:38722, 805254cc-2da6-48d8-a2f9-c1a3ceceab4a:192.168.157.211:35407, 696df33b-59a0-4145-913f-936aff0d1566:192.168.157.211:38803], old=null
2019-10-17 07:09:48,519 [696df33b-59a0-4145-913f-936aff0d1566@group-2C0FEEE55AE1-LeaderElection1228] INFO  impl.LeaderElection (LogUtils.java:infoOrTrace(149)) -   Exception 0: {}
java.util.concurrent.ExecutionException: org.apache.ratis.thirdparty.io.grpc.StatusRuntimeException: UNAVAILABLE: io exception
	at java.util.concurrent.FutureTask.report(FutureTask.java:122)
	at java.util.concurrent.FutureTask.get(FutureTask.java:192)
	at org.apache.ratis.server.impl.LeaderElection.waitForResults(LeaderElection.java:259)
	at org.apache.ratis.server.impl.LeaderElection.askForVotes(LeaderElection.java:197)
	at org.apache.ratis.server.impl.LeaderElection.run(LeaderElection.java:133)
	at java.lang.Thread.run(Thread.java:748)
Caused by: org.apache.ratis.thirdparty.io.grpc.StatusRuntimeException: UNAVAILABLE: io exception
	at org.apache.ratis.thirdparty.io.grpc.stub.ClientCalls.toStatusRuntimeException(ClientCalls.java:233)
	at org.apache.ratis.thirdparty.io.grpc.stub.ClientCalls.getUnchecked(ClientCalls.java:214)
	at org.apache.ratis.thirdparty.io.grpc.stub.ClientCalls.blockingUnaryCall(ClientCalls.java:139)
	at org.apache.ratis.proto.grpc.RaftServerProtocolServiceGrpc$RaftServerProtocolServiceBlockingStub.requestVote(RaftServerProtocolServiceGrpc.java:265)
	at org.apache.ratis.grpc.server.GrpcServerProtocolClient.requestVote(GrpcServerProtocolClient.java:99)
	at org.apache.ratis.grpc.server.GrpcService.requestVote(GrpcService.java:204)
	at org.apache.ratis.server.impl.LeaderElection.lambda$submitRequests$1(LeaderElection.java:234)
	at java.util.concurrent.FutureTask.run(FutureTask.java:266)
	at java.util.concurrent.Executors$RunnableAdapter.call(Executors.java:511)
	at java.util.concurrent.FutureTask.run(FutureTask.java:266)
	at java.util.concurrent.ThreadPoolExecutor.runWorker(ThreadPoolExecutor.java:1149)
	at java.util.concurrent.ThreadPoolExecutor$Worker.run(ThreadPoolExecutor.java:624)
	... 1 more
Caused by: org.apache.ratis.thirdparty.io.netty.channel.AbstractChannel$AnnotatedConnectException: Connection refused: /192.168.157.211:38722
	at sun.nio.ch.SocketChannelImpl.checkConnect(Native Method)
	at sun.nio.ch.SocketChannelImpl.finishConnect(SocketChannelImpl.java:717)
	at org.apache.ratis.thirdparty.io.netty.channel.socket.nio.NioSocketChannel.doFinishConnect(NioSocketChannel.java:327)
	at org.apache.ratis.thirdparty.io.netty.channel.nio.AbstractNioChannel$AbstractNioUnsafe.finishConnect(AbstractNioChannel.java:340)
	at org.apache.ratis.thirdparty.io.netty.channel.nio.NioEventLoop.processSelectedKey(NioEventLoop.java:632)
	at org.apache.ratis.thirdparty.io.netty.channel.nio.NioEventLoop.processSelectedKeysOptimized(NioEventLoop.java:579)
	at org.apache.ratis.thirdparty.io.netty.channel.nio.NioEventLoop.processSelectedKeys(NioEventLoop.java:496)
	at org.apache.ratis.thirdparty.io.netty.channel.nio.NioEventLoop.run(NioEventLoop.java:458)
	at org.apache.ratis.thirdparty.io.netty.util.concurrent.SingleThreadEventExecutor$5.run(SingleThreadEventExecutor.java:897)
	at org.apache.ratis.thirdparty.io.netty.util.concurrent.FastThreadLocalRunnable.run(FastThreadLocalRunnable.java:30)
	... 1 more
Caused by: java.net.ConnectException: Connection refused
	... 11 more
2019-10-17 07:09:48,520 [696df33b-59a0-4145-913f-936aff0d1566@group-2C0FEEE55AE1-LeaderElection1228] INFO  impl.RaftServerImpl (RaftServerImpl.java:setRole(184)) - 696df33b-59a0-4145-913f-936aff0d1566@group-2C0FEEE55AE1: changes role from CANDIDATE to FOLLOWER at term 163 for DISCOVERED_A_NEW_TERM
2019-10-17 07:09:48,520 [696df33b-59a0-4145-913f-936aff0d1566@group-2C0FEEE55AE1-LeaderElection1228] INFO  impl.RoleInfo (RoleInfo.java:shutdownLeaderElection(134)) - 696df33b-59a0-4145-913f-936aff0d1566: shutdown LeaderElection
2019-10-17 07:09:48,520 [696df33b-59a0-4145-913f-936aff0d1566@group-2C0FEEE55AE1-LeaderElection1228] INFO  impl.RoleInfo (RoleInfo.java:updateAndGet(143)) - 696df33b-59a0-4145-913f-936aff0d1566: start FollowerState
2019-10-17 07:09:48,573 [Thread-10794] INFO  impl.FollowerState (FollowerState.java:run(108)) - 696df33b-59a0-4145-913f-936aff0d1566@group-2C0FEEE55AE1-FollowerState: change to CANDIDATE, lastRpcTime:53ms, electionTimeout:53ms
2019-10-17 07:09:48,573 [Thread-10794] INFO  impl.RoleInfo (RoleInfo.java:shutdownFollowerState(121)) - 696df33b-59a0-4145-913f-936aff0d1566: shutdown FollowerState
2019-10-17 07:09:48,573 [Thread-10794] INFO  impl.RaftServerImpl (RaftServerImpl.java:setRole(184)) - 696df33b-59a0-4145-913f-936aff0d1566@group-2C0FEEE55AE1: changes role from  FOLLOWER to CANDIDATE at term 163 for changeToCandidate
2019-10-17 07:09:48,573 [Thread-10794] INFO  impl.RoleInfo (RoleInfo.java:updateAndGet(143)) - 696df33b-59a0-4145-913f-936aff0d1566: start LeaderElection
2019-10-17 07:09:48,587 [696df33b-59a0-4145-913f-936aff0d1566@group-2C0FEEE55AE1-LeaderElection1229] INFO  impl.LeaderElection (LeaderElection.java:askForVotes(178)) - 696df33b-59a0-4145-913f-936aff0d1566@group-2C0FEEE55AE1-LeaderElection1229: begin an election at term 164 for -1: [f3ee4219-89bb-47f2-bbe0-5f784575b745:192.168.157.211:38722, 805254cc-2da6-48d8-a2f9-c1a3ceceab4a:192.168.157.211:35407, 696df33b-59a0-4145-913f-936aff0d1566:192.168.157.211:38803], old=null
2019-10-17 07:09:48,588 [696df33b-59a0-4145-913f-936aff0d1566@group-2C0FEEE55AE1-LeaderElection1229] INFO  impl.LeaderElection (LogUtils.java:infoOrTrace(149)) - 696df33b-59a0-4145-913f-936aff0d1566@group-2C0FEEE55AE1-LeaderElection1229 got exception when requesting votes: {}
java.util.concurrent.ExecutionException: org.apache.ratis.thirdparty.io.grpc.StatusRuntimeException: UNAVAILABLE: io exception
	at java.util.concurrent.FutureTask.report(FutureTask.java:122)
	at java.util.concurrent.FutureTask.get(FutureTask.java:192)
	at org.apache.ratis.server.impl.LeaderElection.waitForResults(LeaderElection.java:259)
	at org.apache.ratis.server.impl.LeaderElection.askForVotes(LeaderElection.java:197)
	at org.apache.ratis.server.impl.LeaderElection.run(LeaderElection.java:133)
	at java.lang.Thread.run(Thread.java:748)
Caused by: org.apache.ratis.thirdparty.io.grpc.StatusRuntimeException: UNAVAILABLE: io exception
	at org.apache.ratis.thirdparty.io.grpc.stub.ClientCalls.toStatusRuntimeException(ClientCalls.java:233)
	at org.apache.ratis.thirdparty.io.grpc.stub.ClientCalls.getUnchecked(ClientCalls.java:214)
	at org.apache.ratis.thirdparty.io.grpc.stub.ClientCalls.blockingUnaryCall(ClientCalls.java:139)
	at org.apache.ratis.proto.grpc.RaftServerProtocolServiceGrpc$RaftServerProtocolServiceBlockingStub.requestVote(RaftServerProtocolServiceGrpc.java:265)
	at org.apache.ratis.grpc.server.GrpcServerProtocolClient.requestVote(GrpcServerProtocolClient.java:99)
	at org.apache.ratis.grpc.server.GrpcService.requestVote(GrpcService.java:204)
	at org.apache.ratis.server.impl.LeaderElection.lambda$submitRequests$1(LeaderElection.java:234)
	at java.util.concurrent.FutureTask.run(FutureTask.java:266)
	at java.util.concurrent.Executors$RunnableAdapter.call(Executors.java:511)
	at java.util.concurrent.FutureTask.run(FutureTask.java:266)
	at java.util.concurrent.ThreadPoolExecutor.runWorker(ThreadPoolExecutor.java:1149)
	at java.util.concurrent.ThreadPoolExecutor$Worker.run(ThreadPoolExecutor.java:624)
	... 1 more
Caused by: org.apache.ratis.thirdparty.io.netty.channel.AbstractChannel$AnnotatedConnectException: Connection refused: /192.168.157.211:38722
	at sun.nio.ch.SocketChannelImpl.checkConnect(Native Method)
	at sun.nio.ch.SocketChannelImpl.finishConnect(SocketChannelImpl.java:717)
	at org.apache.ratis.thirdparty.io.netty.channel.socket.nio.NioSocketChannel.doFinishConnect(NioSocketChannel.java:327)
	at org.apache.ratis.thirdparty.io.netty.channel.nio.AbstractNioChannel$AbstractNioUnsafe.finishConnect(AbstractNioChannel.java:340)
	at org.apache.ratis.thirdparty.io.netty.channel.nio.NioEventLoop.processSelectedKey(NioEventLoop.java:632)
	at org.apache.ratis.thirdparty.io.netty.channel.nio.NioEventLoop.processSelectedKeysOptimized(NioEventLoop.java:579)
	at org.apache.ratis.thirdparty.io.netty.channel.nio.NioEventLoop.processSelectedKeys(NioEventLoop.java:496)
	at org.apache.ratis.thirdparty.io.netty.channel.nio.NioEventLoop.run(NioEventLoop.java:458)
	at org.apache.ratis.thirdparty.io.netty.util.concurrent.SingleThreadEventExecutor$5.run(SingleThreadEventExecutor.java:897)
	at org.apache.ratis.thirdparty.io.netty.util.concurrent.FastThreadLocalRunnable.run(FastThreadLocalRunnable.java:30)
	... 1 more
Caused by: java.net.ConnectException: Connection refused
	... 11 more
2019-10-17 07:09:48,588 [grpc-default-executor-2] INFO  impl.RaftServerImpl (RaftServerImpl.java:setRole(184)) - 805254cc-2da6-48d8-a2f9-c1a3ceceab4a@group-2C0FEEE55AE1: changes role from  FOLLOWER to FOLLOWER at term 164 for recognizeCandidate:696df33b-59a0-4145-913f-936aff0d1566
2019-10-17 07:09:48,588 [grpc-default-executor-2] INFO  impl.RoleInfo (RoleInfo.java:shutdownFollowerState(121)) - 805254cc-2da6-48d8-a2f9-c1a3ceceab4a: shutdown FollowerState
2019-10-17 07:09:48,589 [grpc-default-executor-2] INFO  impl.RoleInfo (RoleInfo.java:updateAndGet(143)) - 805254cc-2da6-48d8-a2f9-c1a3ceceab4a: start FollowerState
2019-10-17 07:09:48,589 [Thread-10793] INFO  impl.FollowerState (FollowerState.java:run(117)) - 805254cc-2da6-48d8-a2f9-c1a3ceceab4a@group-2C0FEEE55AE1-FollowerState was interrupted: java.lang.InterruptedException: sleep interrupted
2019-10-17 07:09:48,603 [696df33b-59a0-4145-913f-936aff0d1566@group-2C0FEEE55AE1-LeaderElection1229] INFO  impl.LeaderElection (LeaderElection.java:logAndReturn(56)) - 696df33b-59a0-4145-913f-936aff0d1566@group-2C0FEEE55AE1-LeaderElection1229: Election REJECTED; received 1 response(s) [696df33b-59a0-4145-913f-936aff0d1566<-805254cc-2da6-48d8-a2f9-c1a3ceceab4a#0:FAIL-t164] and 1 exception(s); 696df33b-59a0-4145-913f-936aff0d1566@group-2C0FEEE55AE1:t164, leader=null, voted=696df33b-59a0-4145-913f-936aff0d1566, raftlog=696df33b-59a0-4145-913f-936aff0d1566@group-2C0FEEE55AE1-SegmentedRaftLog:OPENED:c-1,f-1,i0, conf=-1: [f3ee4219-89bb-47f2-bbe0-5f784575b745:192.168.157.211:38722, 805254cc-2da6-48d8-a2f9-c1a3ceceab4a:192.168.157.211:35407, 696df33b-59a0-4145-913f-936aff0d1566:192.168.157.211:38803], old=null
2019-10-17 07:09:48,603 [696df33b-59a0-4145-913f-936aff0d1566@group-2C0FEEE55AE1-LeaderElection1229] INFO  impl.LeaderElection (LogUtils.java:infoOrTrace(149)) -   Exception 0: {}
java.util.concurrent.ExecutionException: org.apache.ratis.thirdparty.io.grpc.StatusRuntimeException: UNAVAILABLE: io exception
	at java.util.concurrent.FutureTask.report(FutureTask.java:122)
	at java.util.concurrent.FutureTask.get(FutureTask.java:192)
	at org.apache.ratis.server.impl.LeaderElection.waitForResults(LeaderElection.java:259)
	at org.apache.ratis.server.impl.LeaderElection.askForVotes(LeaderElection.java:197)
	at org.apache.ratis.server.impl.LeaderElection.run(LeaderElection.java:133)
	at java.lang.Thread.run(Thread.java:748)
Caused by: org.apache.ratis.thirdparty.io.grpc.StatusRuntimeException: UNAVAILABLE: io exception
	at org.apache.ratis.thirdparty.io.grpc.stub.ClientCalls.toStatusRuntimeException(ClientCalls.java:233)
	at org.apache.ratis.thirdparty.io.grpc.stub.ClientCalls.getUnchecked(ClientCalls.java:214)
	at org.apache.ratis.thirdparty.io.grpc.stub.ClientCalls.blockingUnaryCall(ClientCalls.java:139)
	at org.apache.ratis.proto.grpc.RaftServerProtocolServiceGrpc$RaftServerProtocolServiceBlockingStub.requestVote(RaftServerProtocolServiceGrpc.java:265)
	at org.apache.ratis.grpc.server.GrpcServerProtocolClient.requestVote(GrpcServerProtocolClient.java:99)
	at org.apache.ratis.grpc.server.GrpcService.requestVote(GrpcService.java:204)
	at org.apache.ratis.server.impl.LeaderElection.lambda$submitRequests$1(LeaderElection.java:234)
	at java.util.concurrent.FutureTask.run(FutureTask.java:266)
	at java.util.concurrent.Executors$RunnableAdapter.call(Executors.java:511)
	at java.util.concurrent.FutureTask.run(FutureTask.java:266)
	at java.util.concurrent.ThreadPoolExecutor.runWorker(ThreadPoolExecutor.java:1149)
	at java.util.concurrent.ThreadPoolExecutor$Worker.run(ThreadPoolExecutor.java:624)
	... 1 more
Caused by: org.apache.ratis.thirdparty.io.netty.channel.AbstractChannel$AnnotatedConnectException: Connection refused: /192.168.157.211:38722
	at sun.nio.ch.SocketChannelImpl.checkConnect(Native Method)
	at sun.nio.ch.SocketChannelImpl.finishConnect(SocketChannelImpl.java:717)
	at org.apache.ratis.thirdparty.io.netty.channel.socket.nio.NioSocketChannel.doFinishConnect(NioSocketChannel.java:327)
	at org.apache.ratis.thirdparty.io.netty.channel.nio.AbstractNioChannel$AbstractNioUnsafe.finishConnect(AbstractNioChannel.java:340)
	at org.apache.ratis.thirdparty.io.netty.channel.nio.NioEventLoop.processSelectedKey(NioEventLoop.java:632)
	at org.apache.ratis.thirdparty.io.netty.channel.nio.NioEventLoop.processSelectedKeysOptimized(NioEventLoop.java:579)
	at org.apache.ratis.thirdparty.io.netty.channel.nio.NioEventLoop.processSelectedKeys(NioEventLoop.java:496)
	at org.apache.ratis.thirdparty.io.netty.channel.nio.NioEventLoop.run(NioEventLoop.java:458)
	at org.apache.ratis.thirdparty.io.netty.util.concurrent.SingleThreadEventExecutor$5.run(SingleThreadEventExecutor.java:897)
	at org.apache.ratis.thirdparty.io.netty.util.concurrent.FastThreadLocalRunnable.run(FastThreadLocalRunnable.java:30)
	... 1 more
Caused by: java.net.ConnectException: Connection refused
	... 11 more
2019-10-17 07:09:48,603 [696df33b-59a0-4145-913f-936aff0d1566@group-2C0FEEE55AE1-LeaderElection1229] INFO  impl.RaftServerImpl (RaftServerImpl.java:setRole(184)) - 696df33b-59a0-4145-913f-936aff0d1566@group-2C0FEEE55AE1: changes role from CANDIDATE to FOLLOWER at term 164 for DISCOVERED_A_NEW_TERM
2019-10-17 07:09:48,603 [696df33b-59a0-4145-913f-936aff0d1566@group-2C0FEEE55AE1-LeaderElection1229] INFO  impl.RoleInfo (RoleInfo.java:shutdownLeaderElection(134)) - 696df33b-59a0-4145-913f-936aff0d1566: shutdown LeaderElection
2019-10-17 07:09:48,603 [696df33b-59a0-4145-913f-936aff0d1566@group-2C0FEEE55AE1-LeaderElection1229] INFO  impl.RoleInfo (RoleInfo.java:updateAndGet(143)) - 696df33b-59a0-4145-913f-936aff0d1566: start FollowerState
2019-10-17 07:09:48,800 [Thread-10801] INFO  impl.FollowerState (FollowerState.java:run(108)) - 696df33b-59a0-4145-913f-936aff0d1566@group-2C0FEEE55AE1-FollowerState: change to CANDIDATE, lastRpcTime:197ms, electionTimeout:197ms
2019-10-17 07:09:48,801 [Thread-10801] INFO  impl.RoleInfo (RoleInfo.java:shutdownFollowerState(121)) - 696df33b-59a0-4145-913f-936aff0d1566: shutdown FollowerState
2019-10-17 07:09:48,801 [Thread-10801] INFO  impl.RaftServerImpl (RaftServerImpl.java:setRole(184)) - 696df33b-59a0-4145-913f-936aff0d1566@group-2C0FEEE55AE1: changes role from  FOLLOWER to CANDIDATE at term 164 for changeToCandidate
2019-10-17 07:09:48,801 [Thread-10801] INFO  impl.RoleInfo (RoleInfo.java:updateAndGet(143)) - 696df33b-59a0-4145-913f-936aff0d1566: start LeaderElection
2019-10-17 07:09:48,826 [696df33b-59a0-4145-913f-936aff0d1566@group-2C0FEEE55AE1-LeaderElection1230] INFO  impl.LeaderElection (LeaderElection.java:askForVotes(178)) - 696df33b-59a0-4145-913f-936aff0d1566@group-2C0FEEE55AE1-LeaderElection1230: begin an election at term 165 for -1: [f3ee4219-89bb-47f2-bbe0-5f784575b745:192.168.157.211:38722, 805254cc-2da6-48d8-a2f9-c1a3ceceab4a:192.168.157.211:35407, 696df33b-59a0-4145-913f-936aff0d1566:192.168.157.211:38803], old=null
2019-10-17 07:09:48,827 [696df33b-59a0-4145-913f-936aff0d1566@group-2C0FEEE55AE1-LeaderElection1230] INFO  impl.LeaderElection (LogUtils.java:infoOrTrace(149)) - 696df33b-59a0-4145-913f-936aff0d1566@group-2C0FEEE55AE1-LeaderElection1230 got exception when requesting votes: {}
java.util.concurrent.ExecutionException: org.apache.ratis.thirdparty.io.grpc.StatusRuntimeException: UNAVAILABLE: io exception
	at java.util.concurrent.FutureTask.report(FutureTask.java:122)
	at java.util.concurrent.FutureTask.get(FutureTask.java:192)
	at org.apache.ratis.server.impl.LeaderElection.waitForResults(LeaderElection.java:259)
	at org.apache.ratis.server.impl.LeaderElection.askForVotes(LeaderElection.java:197)
	at org.apache.ratis.server.impl.LeaderElection.run(LeaderElection.java:133)
	at java.lang.Thread.run(Thread.java:748)
Caused by: org.apache.ratis.thirdparty.io.grpc.StatusRuntimeException: UNAVAILABLE: io exception
	at org.apache.ratis.thirdparty.io.grpc.stub.ClientCalls.toStatusRuntimeException(ClientCalls.java:233)
	at org.apache.ratis.thirdparty.io.grpc.stub.ClientCalls.getUnchecked(ClientCalls.java:214)
	at org.apache.ratis.thirdparty.io.grpc.stub.ClientCalls.blockingUnaryCall(ClientCalls.java:139)
	at org.apache.ratis.proto.grpc.RaftServerProtocolServiceGrpc$RaftServerProtocolServiceBlockingStub.requestVote(RaftServerProtocolServiceGrpc.java:265)
	at org.apache.ratis.grpc.server.GrpcServerProtocolClient.requestVote(GrpcServerProtocolClient.java:99)
	at org.apache.ratis.grpc.server.GrpcService.requestVote(GrpcService.java:204)
	at org.apache.ratis.server.impl.LeaderElection.lambda$submitRequests$1(LeaderElection.java:234)
	at java.util.concurrent.FutureTask.run(FutureTask.java:266)
	at java.util.concurrent.Executors$RunnableAdapter.call(Executors.java:511)
	at java.util.concurrent.FutureTask.run(FutureTask.java:266)
	at java.util.concurrent.ThreadPoolExecutor.runWorker(ThreadPoolExecutor.java:1149)
	at java.util.concurrent.ThreadPoolExecutor$Worker.run(ThreadPoolExecutor.java:624)
	... 1 more
Caused by: org.apache.ratis.thirdparty.io.netty.channel.AbstractChannel$AnnotatedConnectException: Connection refused: /192.168.157.211:38722
	at sun.nio.ch.SocketChannelImpl.checkConnect(Native Method)
	at sun.nio.ch.SocketChannelImpl.finishConnect(SocketChannelImpl.java:717)
	at org.apache.ratis.thirdparty.io.netty.channel.socket.nio.NioSocketChannel.doFinishConnect(NioSocketChannel.java:327)
	at org.apache.ratis.thirdparty.io.netty.channel.nio.AbstractNioChannel$AbstractNioUnsafe.finishConnect(AbstractNioChannel.java:340)
	at org.apache.ratis.thirdparty.io.netty.channel.nio.NioEventLoop.processSelectedKey(NioEventLoop.java:632)
	at org.apache.ratis.thirdparty.io.netty.channel.nio.NioEventLoop.processSelectedKeysOptimized(NioEventLoop.java:579)
	at org.apache.ratis.thirdparty.io.netty.channel.nio.NioEventLoop.processSelectedKeys(NioEventLoop.java:496)
	at org.apache.ratis.thirdparty.io.netty.channel.nio.NioEventLoop.run(NioEventLoop.java:458)
	at org.apache.ratis.thirdparty.io.netty.util.concurrent.SingleThreadEventExecutor$5.run(SingleThreadEventExecutor.java:897)
	at org.apache.ratis.thirdparty.io.netty.util.concurrent.FastThreadLocalRunnable.run(FastThreadLocalRunnable.java:30)
	... 1 more
Caused by: java.net.ConnectException: Connection refused
	... 11 more
2019-10-17 07:09:48,828 [grpc-default-executor-2] INFO  impl.RaftServerImpl (RaftServerImpl.java:setRole(184)) - 805254cc-2da6-48d8-a2f9-c1a3ceceab4a@group-2C0FEEE55AE1: changes role from  FOLLOWER to FOLLOWER at term 165 for recognizeCandidate:696df33b-59a0-4145-913f-936aff0d1566
2019-10-17 07:09:48,828 [grpc-default-executor-2] INFO  impl.RoleInfo (RoleInfo.java:shutdownFollowerState(121)) - 805254cc-2da6-48d8-a2f9-c1a3ceceab4a: shutdown FollowerState
2019-10-17 07:09:48,828 [grpc-default-executor-2] INFO  impl.RoleInfo (RoleInfo.java:updateAndGet(143)) - 805254cc-2da6-48d8-a2f9-c1a3ceceab4a: start FollowerState
2019-10-17 07:09:48,828 [Thread-10800] INFO  impl.FollowerState (FollowerState.java:run(117)) - 805254cc-2da6-48d8-a2f9-c1a3ceceab4a@group-2C0FEEE55AE1-FollowerState was interrupted: java.lang.InterruptedException: sleep interrupted
2019-10-17 07:09:48,843 [696df33b-59a0-4145-913f-936aff0d1566@group-2C0FEEE55AE1-LeaderElection1230] INFO  impl.LeaderElection (LeaderElection.java:logAndReturn(56)) - 696df33b-59a0-4145-913f-936aff0d1566@group-2C0FEEE55AE1-LeaderElection1230: Election REJECTED; received 1 response(s) [696df33b-59a0-4145-913f-936aff0d1566<-805254cc-2da6-48d8-a2f9-c1a3ceceab4a#0:FAIL-t165] and 1 exception(s); 696df33b-59a0-4145-913f-936aff0d1566@group-2C0FEEE55AE1:t165, leader=null, voted=696df33b-59a0-4145-913f-936aff0d1566, raftlog=696df33b-59a0-4145-913f-936aff0d1566@group-2C0FEEE55AE1-SegmentedRaftLog:OPENED:c-1,f-1,i0, conf=-1: [f3ee4219-89bb-47f2-bbe0-5f784575b745:192.168.157.211:38722, 805254cc-2da6-48d8-a2f9-c1a3ceceab4a:192.168.157.211:35407, 696df33b-59a0-4145-913f-936aff0d1566:192.168.157.211:38803], old=null
2019-10-17 07:09:48,843 [696df33b-59a0-4145-913f-936aff0d1566@group-2C0FEEE55AE1-LeaderElection1230] INFO  impl.LeaderElection (LogUtils.java:infoOrTrace(149)) -   Exception 0: {}
java.util.concurrent.ExecutionException: org.apache.ratis.thirdparty.io.grpc.StatusRuntimeException: UNAVAILABLE: io exception
	at java.util.concurrent.FutureTask.report(FutureTask.java:122)
	at java.util.concurrent.FutureTask.get(FutureTask.java:192)
	at org.apache.ratis.server.impl.LeaderElection.waitForResults(LeaderElection.java:259)
	at org.apache.ratis.server.impl.LeaderElection.askForVotes(LeaderElection.java:197)
	at org.apache.ratis.server.impl.LeaderElection.run(LeaderElection.java:133)
	at java.lang.Thread.run(Thread.java:748)
Caused by: org.apache.ratis.thirdparty.io.grpc.StatusRuntimeException: UNAVAILABLE: io exception
	at org.apache.ratis.thirdparty.io.grpc.stub.ClientCalls.toStatusRuntimeException(ClientCalls.java:233)
	at org.apache.ratis.thirdparty.io.grpc.stub.ClientCalls.getUnchecked(ClientCalls.java:214)
	at org.apache.ratis.thirdparty.io.grpc.stub.ClientCalls.blockingUnaryCall(ClientCalls.java:139)
	at org.apache.ratis.proto.grpc.RaftServerProtocolServiceGrpc$RaftServerProtocolServiceBlockingStub.requestVote(RaftServerProtocolServiceGrpc.java:265)
	at org.apache.ratis.grpc.server.GrpcServerProtocolClient.requestVote(GrpcServerProtocolClient.java:99)
	at org.apache.ratis.grpc.server.GrpcService.requestVote(GrpcService.java:204)
	at org.apache.ratis.server.impl.LeaderElection.lambda$submitRequests$1(LeaderElection.java:234)
	at java.util.concurrent.FutureTask.run(FutureTask.java:266)
	at java.util.concurrent.Executors$RunnableAdapter.call(Executors.java:511)
	at java.util.concurrent.FutureTask.run(FutureTask.java:266)
	at java.util.concurrent.ThreadPoolExecutor.runWorker(ThreadPoolExecutor.java:1149)
	at java.util.concurrent.ThreadPoolExecutor$Worker.run(ThreadPoolExecutor.java:624)
	... 1 more
Caused by: org.apache.ratis.thirdparty.io.netty.channel.AbstractChannel$AnnotatedConnectException: Connection refused: /192.168.157.211:38722
	at sun.nio.ch.SocketChannelImpl.checkConnect(Native Method)
	at sun.nio.ch.SocketChannelImpl.finishConnect(SocketChannelImpl.java:717)
	at org.apache.ratis.thirdparty.io.netty.channel.socket.nio.NioSocketChannel.doFinishConnect(NioSocketChannel.java:327)
	at org.apache.ratis.thirdparty.io.netty.channel.nio.AbstractNioChannel$AbstractNioUnsafe.finishConnect(AbstractNioChannel.java:340)
	at org.apache.ratis.thirdparty.io.netty.channel.nio.NioEventLoop.processSelectedKey(NioEventLoop.java:632)
	at org.apache.ratis.thirdparty.io.netty.channel.nio.NioEventLoop.processSelectedKeysOptimized(NioEventLoop.java:579)
	at org.apache.ratis.thirdparty.io.netty.channel.nio.NioEventLoop.processSelectedKeys(NioEventLoop.java:496)
	at org.apache.ratis.thirdparty.io.netty.channel.nio.NioEventLoop.run(NioEventLoop.java:458)
	at org.apache.ratis.thirdparty.io.netty.util.concurrent.SingleThreadEventExecutor$5.run(SingleThreadEventExecutor.java:897)
	at org.apache.ratis.thirdparty.io.netty.util.concurrent.FastThreadLocalRunnable.run(FastThreadLocalRunnable.java:30)
	... 1 more
Caused by: java.net.ConnectException: Connection refused
	... 11 more
2019-10-17 07:09:48,843 [696df33b-59a0-4145-913f-936aff0d1566@group-2C0FEEE55AE1-LeaderElection1230] INFO  impl.RaftServerImpl (RaftServerImpl.java:setRole(184)) - 696df33b-59a0-4145-913f-936aff0d1566@group-2C0FEEE55AE1: changes role from CANDIDATE to FOLLOWER at term 165 for DISCOVERED_A_NEW_TERM
2019-10-17 07:09:48,843 [696df33b-59a0-4145-913f-936aff0d1566@group-2C0FEEE55AE1-LeaderElection1230] INFO  impl.RoleInfo (RoleInfo.java:shutdownLeaderElection(134)) - 696df33b-59a0-4145-913f-936aff0d1566: shutdown LeaderElection
2019-10-17 07:09:48,844 [696df33b-59a0-4145-913f-936aff0d1566@group-2C0FEEE55AE1-LeaderElection1230] INFO  impl.RoleInfo (RoleInfo.java:updateAndGet(143)) - 696df33b-59a0-4145-913f-936aff0d1566: start FollowerState
2019-10-17 07:09:48,963 [Thread-10806] INFO  impl.FollowerState (FollowerState.java:run(108)) - 696df33b-59a0-4145-913f-936aff0d1566@group-2C0FEEE55AE1-FollowerState: change to CANDIDATE, lastRpcTime:119ms, electionTimeout:119ms
2019-10-17 07:09:48,963 [Thread-10806] INFO  impl.RoleInfo (RoleInfo.java:shutdownFollowerState(121)) - 696df33b-59a0-4145-913f-936aff0d1566: shutdown FollowerState
2019-10-17 07:09:48,963 [Thread-10806] INFO  impl.RaftServerImpl (RaftServerImpl.java:setRole(184)) - 696df33b-59a0-4145-913f-936aff0d1566@group-2C0FEEE55AE1: changes role from  FOLLOWER to CANDIDATE at term 165 for changeToCandidate
2019-10-17 07:09:48,963 [Thread-10806] INFO  impl.RoleInfo (RoleInfo.java:updateAndGet(143)) - 696df33b-59a0-4145-913f-936aff0d1566: start LeaderElection
2019-10-17 07:09:48,977 [696df33b-59a0-4145-913f-936aff0d1566@group-2C0FEEE55AE1-LeaderElection1231] INFO  impl.LeaderElection (LeaderElection.java:askForVotes(178)) - 696df33b-59a0-4145-913f-936aff0d1566@group-2C0FEEE55AE1-LeaderElection1231: begin an election at term 166 for -1: [f3ee4219-89bb-47f2-bbe0-5f784575b745:192.168.157.211:38722, 805254cc-2da6-48d8-a2f9-c1a3ceceab4a:192.168.157.211:35407, 696df33b-59a0-4145-913f-936aff0d1566:192.168.157.211:38803], old=null
2019-10-17 07:09:48,977 [696df33b-59a0-4145-913f-936aff0d1566@group-2C0FEEE55AE1-LeaderElection1231] INFO  impl.LeaderElection (LogUtils.java:infoOrTrace(149)) - 696df33b-59a0-4145-913f-936aff0d1566@group-2C0FEEE55AE1-LeaderElection1231 got exception when requesting votes: {}
java.util.concurrent.ExecutionException: org.apache.ratis.thirdparty.io.grpc.StatusRuntimeException: UNAVAILABLE: io exception
	at java.util.concurrent.FutureTask.report(FutureTask.java:122)
	at java.util.concurrent.FutureTask.get(FutureTask.java:192)
	at org.apache.ratis.server.impl.LeaderElection.waitForResults(LeaderElection.java:259)
	at org.apache.ratis.server.impl.LeaderElection.askForVotes(LeaderElection.java:197)
	at org.apache.ratis.server.impl.LeaderElection.run(LeaderElection.java:133)
	at java.lang.Thread.run(Thread.java:748)
Caused by: org.apache.ratis.thirdparty.io.grpc.StatusRuntimeException: UNAVAILABLE: io exception
	at org.apache.ratis.thirdparty.io.grpc.stub.ClientCalls.toStatusRuntimeException(ClientCalls.java:233)
	at org.apache.ratis.thirdparty.io.grpc.stub.ClientCalls.getUnchecked(ClientCalls.java:214)
	at org.apache.ratis.thirdparty.io.grpc.stub.ClientCalls.blockingUnaryCall(ClientCalls.java:139)
	at org.apache.ratis.proto.grpc.RaftServerProtocolServiceGrpc$RaftServerProtocolServiceBlockingStub.requestVote(RaftServerProtocolServiceGrpc.java:265)
	at org.apache.ratis.grpc.server.GrpcServerProtocolClient.requestVote(GrpcServerProtocolClient.java:99)
	at org.apache.ratis.grpc.server.GrpcService.requestVote(GrpcService.java:204)
	at org.apache.ratis.server.impl.LeaderElection.lambda$submitRequests$1(LeaderElection.java:234)
	at java.util.concurrent.FutureTask.run(FutureTask.java:266)
	at java.util.concurrent.Executors$RunnableAdapter.call(Executors.java:511)
	at java.util.concurrent.FutureTask.run(FutureTask.java:266)
	at java.util.concurrent.ThreadPoolExecutor.runWorker(ThreadPoolExecutor.java:1149)
	at java.util.concurrent.ThreadPoolExecutor$Worker.run(ThreadPoolExecutor.java:624)
	... 1 more
Caused by: org.apache.ratis.thirdparty.io.netty.channel.AbstractChannel$AnnotatedConnectException: Connection refused: /192.168.157.211:38722
	at sun.nio.ch.SocketChannelImpl.checkConnect(Native Method)
	at sun.nio.ch.SocketChannelImpl.finishConnect(SocketChannelImpl.java:717)
	at org.apache.ratis.thirdparty.io.netty.channel.socket.nio.NioSocketChannel.doFinishConnect(NioSocketChannel.java:327)
	at org.apache.ratis.thirdparty.io.netty.channel.nio.AbstractNioChannel$AbstractNioUnsafe.finishConnect(AbstractNioChannel.java:340)
	at org.apache.ratis.thirdparty.io.netty.channel.nio.NioEventLoop.processSelectedKey(NioEventLoop.java:632)
	at org.apache.ratis.thirdparty.io.netty.channel.nio.NioEventLoop.processSelectedKeysOptimized(NioEventLoop.java:579)
	at org.apache.ratis.thirdparty.io.netty.channel.nio.NioEventLoop.processSelectedKeys(NioEventLoop.java:496)
	at org.apache.ratis.thirdparty.io.netty.channel.nio.NioEventLoop.run(NioEventLoop.java:458)
	at org.apache.ratis.thirdparty.io.netty.util.concurrent.SingleThreadEventExecutor$5.run(SingleThreadEventExecutor.java:897)
	at org.apache.ratis.thirdparty.io.netty.util.concurrent.FastThreadLocalRunnable.run(FastThreadLocalRunnable.java:30)
	... 1 more
Caused by: java.net.ConnectException: Connection refused
	... 11 more
2019-10-17 07:09:48,978 [grpc-default-executor-2] INFO  impl.RaftServerImpl (RaftServerImpl.java:setRole(184)) - 805254cc-2da6-48d8-a2f9-c1a3ceceab4a@group-2C0FEEE55AE1: changes role from  FOLLOWER to FOLLOWER at term 166 for recognizeCandidate:696df33b-59a0-4145-913f-936aff0d1566
2019-10-17 07:09:48,978 [grpc-default-executor-2] INFO  impl.RoleInfo (RoleInfo.java:shutdownFollowerState(121)) - 805254cc-2da6-48d8-a2f9-c1a3ceceab4a: shutdown FollowerState
2019-10-17 07:09:48,979 [grpc-default-executor-2] INFO  impl.RoleInfo (RoleInfo.java:updateAndGet(143)) - 805254cc-2da6-48d8-a2f9-c1a3ceceab4a: start FollowerState
2019-10-17 07:09:48,979 [Thread-10805] INFO  impl.FollowerState (FollowerState.java:run(117)) - 805254cc-2da6-48d8-a2f9-c1a3ceceab4a@group-2C0FEEE55AE1-FollowerState was interrupted: java.lang.InterruptedException: sleep interrupted
2019-10-17 07:09:48,992 [696df33b-59a0-4145-913f-936aff0d1566@group-2C0FEEE55AE1-LeaderElection1231] INFO  impl.LeaderElection (LeaderElection.java:logAndReturn(56)) - 696df33b-59a0-4145-913f-936aff0d1566@group-2C0FEEE55AE1-LeaderElection1231: Election REJECTED; received 1 response(s) [696df33b-59a0-4145-913f-936aff0d1566<-805254cc-2da6-48d8-a2f9-c1a3ceceab4a#0:FAIL-t166] and 1 exception(s); 696df33b-59a0-4145-913f-936aff0d1566@group-2C0FEEE55AE1:t166, leader=null, voted=696df33b-59a0-4145-913f-936aff0d1566, raftlog=696df33b-59a0-4145-913f-936aff0d1566@group-2C0FEEE55AE1-SegmentedRaftLog:OPENED:c-1,f-1,i0, conf=-1: [f3ee4219-89bb-47f2-bbe0-5f784575b745:192.168.157.211:38722, 805254cc-2da6-48d8-a2f9-c1a3ceceab4a:192.168.157.211:35407, 696df33b-59a0-4145-913f-936aff0d1566:192.168.157.211:38803], old=null
2019-10-17 07:09:48,992 [696df33b-59a0-4145-913f-936aff0d1566@group-2C0FEEE55AE1-LeaderElection1231] INFO  impl.LeaderElection (LogUtils.java:infoOrTrace(149)) -   Exception 0: {}
java.util.concurrent.ExecutionException: org.apache.ratis.thirdparty.io.grpc.StatusRuntimeException: UNAVAILABLE: io exception
	at java.util.concurrent.FutureTask.report(FutureTask.java:122)
	at java.util.concurrent.FutureTask.get(FutureTask.java:192)
	at org.apache.ratis.server.impl.LeaderElection.waitForResults(LeaderElection.java:259)
	at org.apache.ratis.server.impl.LeaderElection.askForVotes(LeaderElection.java:197)
	at org.apache.ratis.server.impl.LeaderElection.run(LeaderElection.java:133)
	at java.lang.Thread.run(Thread.java:748)
Caused by: org.apache.ratis.thirdparty.io.grpc.StatusRuntimeException: UNAVAILABLE: io exception
	at org.apache.ratis.thirdparty.io.grpc.stub.ClientCalls.toStatusRuntimeException(ClientCalls.java:233)
	at org.apache.ratis.thirdparty.io.grpc.stub.ClientCalls.getUnchecked(ClientCalls.java:214)
	at org.apache.ratis.thirdparty.io.grpc.stub.ClientCalls.blockingUnaryCall(ClientCalls.java:139)
	at org.apache.ratis.proto.grpc.RaftServerProtocolServiceGrpc$RaftServerProtocolServiceBlockingStub.requestVote(RaftServerProtocolServiceGrpc.java:265)
	at org.apache.ratis.grpc.server.GrpcServerProtocolClient.requestVote(GrpcServerProtocolClient.java:99)
	at org.apache.ratis.grpc.server.GrpcService.requestVote(GrpcService.java:204)
	at org.apache.ratis.server.impl.LeaderElection.lambda$submitRequests$1(LeaderElection.java:234)
	at java.util.concurrent.FutureTask.run(FutureTask.java:266)
	at java.util.concurrent.Executors$RunnableAdapter.call(Executors.java:511)
	at java.util.concurrent.FutureTask.run(FutureTask.java:266)
	at java.util.concurrent.ThreadPoolExecutor.runWorker(ThreadPoolExecutor.java:1149)
	at java.util.concurrent.ThreadPoolExecutor$Worker.run(ThreadPoolExecutor.java:624)
	... 1 more
Caused by: org.apache.ratis.thirdparty.io.netty.channel.AbstractChannel$AnnotatedConnectException: Connection refused: /192.168.157.211:38722
	at sun.nio.ch.SocketChannelImpl.checkConnect(Native Method)
	at sun.nio.ch.SocketChannelImpl.finishConnect(SocketChannelImpl.java:717)
	at org.apache.ratis.thirdparty.io.netty.channel.socket.nio.NioSocketChannel.doFinishConnect(NioSocketChannel.java:327)
	at org.apache.ratis.thirdparty.io.netty.channel.nio.AbstractNioChannel$AbstractNioUnsafe.finishConnect(AbstractNioChannel.java:340)
	at org.apache.ratis.thirdparty.io.netty.channel.nio.NioEventLoop.processSelectedKey(NioEventLoop.java:632)
	at org.apache.ratis.thirdparty.io.netty.channel.nio.NioEventLoop.processSelectedKeysOptimized(NioEventLoop.java:579)
	at org.apache.ratis.thirdparty.io.netty.channel.nio.NioEventLoop.processSelectedKeys(NioEventLoop.java:496)
	at org.apache.ratis.thirdparty.io.netty.channel.nio.NioEventLoop.run(NioEventLoop.java:458)
	at org.apache.ratis.thirdparty.io.netty.util.concurrent.SingleThreadEventExecutor$5.run(SingleThreadEventExecutor.java:897)
	at org.apache.ratis.thirdparty.io.netty.util.concurrent.FastThreadLocalRunnable.run(FastThreadLocalRunnable.java:30)
	... 1 more
Caused by: java.net.ConnectException: Connection refused
	... 11 more
2019-10-17 07:09:48,992 [696df33b-59a0-4145-913f-936aff0d1566@group-2C0FEEE55AE1-LeaderElection1231] INFO  impl.RaftServerImpl (RaftServerImpl.java:setRole(184)) - 696df33b-59a0-4145-913f-936aff0d1566@group-2C0FEEE55AE1: changes role from CANDIDATE to FOLLOWER at term 166 for DISCOVERED_A_NEW_TERM
2019-10-17 07:09:48,993 [696df33b-59a0-4145-913f-936aff0d1566@group-2C0FEEE55AE1-LeaderElection1231] INFO  impl.RoleInfo (RoleInfo.java:shutdownLeaderElection(134)) - 696df33b-59a0-4145-913f-936aff0d1566: shutdown LeaderElection
2019-10-17 07:09:48,993 [696df33b-59a0-4145-913f-936aff0d1566@group-2C0FEEE55AE1-LeaderElection1231] INFO  impl.RoleInfo (RoleInfo.java:updateAndGet(143)) - 696df33b-59a0-4145-913f-936aff0d1566: start FollowerState
2019-10-17 07:09:49,089 [Thread-10813] INFO  impl.FollowerState (FollowerState.java:run(108)) - 696df33b-59a0-4145-913f-936aff0d1566@group-2C0FEEE55AE1-FollowerState: change to CANDIDATE, lastRpcTime:96ms, electionTimeout:96ms
2019-10-17 07:09:49,089 [Thread-10813] INFO  impl.RoleInfo (RoleInfo.java:shutdownFollowerState(121)) - 696df33b-59a0-4145-913f-936aff0d1566: shutdown FollowerState
2019-10-17 07:09:49,089 [Thread-10813] INFO  impl.RaftServerImpl (RaftServerImpl.java:setRole(184)) - 696df33b-59a0-4145-913f-936aff0d1566@group-2C0FEEE55AE1: changes role from  FOLLOWER to CANDIDATE at term 166 for changeToCandidate
2019-10-17 07:09:49,089 [Thread-10813] INFO  impl.RoleInfo (RoleInfo.java:updateAndGet(143)) - 696df33b-59a0-4145-913f-936aff0d1566: start LeaderElection
2019-10-17 07:09:49,115 [696df33b-59a0-4145-913f-936aff0d1566@group-2C0FEEE55AE1-LeaderElection1232] INFO  impl.LeaderElection (LeaderElection.java:askForVotes(178)) - 696df33b-59a0-4145-913f-936aff0d1566@group-2C0FEEE55AE1-LeaderElection1232: begin an election at term 167 for -1: [f3ee4219-89bb-47f2-bbe0-5f784575b745:192.168.157.211:38722, 805254cc-2da6-48d8-a2f9-c1a3ceceab4a:192.168.157.211:35407, 696df33b-59a0-4145-913f-936aff0d1566:192.168.157.211:38803], old=null
2019-10-17 07:09:49,116 [696df33b-59a0-4145-913f-936aff0d1566@group-2C0FEEE55AE1-LeaderElection1232] INFO  impl.LeaderElection (LogUtils.java:infoOrTrace(149)) - 696df33b-59a0-4145-913f-936aff0d1566@group-2C0FEEE55AE1-LeaderElection1232 got exception when requesting votes: {}
java.util.concurrent.ExecutionException: org.apache.ratis.thirdparty.io.grpc.StatusRuntimeException: UNAVAILABLE: io exception
	at java.util.concurrent.FutureTask.report(FutureTask.java:122)
	at java.util.concurrent.FutureTask.get(FutureTask.java:192)
	at org.apache.ratis.server.impl.LeaderElection.waitForResults(LeaderElection.java:259)
	at org.apache.ratis.server.impl.LeaderElection.askForVotes(LeaderElection.java:197)
	at org.apache.ratis.server.impl.LeaderElection.run(LeaderElection.java:133)
	at java.lang.Thread.run(Thread.java:748)
Caused by: org.apache.ratis.thirdparty.io.grpc.StatusRuntimeException: UNAVAILABLE: io exception
	at org.apache.ratis.thirdparty.io.grpc.stub.ClientCalls.toStatusRuntimeException(ClientCalls.java:233)
	at org.apache.ratis.thirdparty.io.grpc.stub.ClientCalls.getUnchecked(ClientCalls.java:214)
	at org.apache.ratis.thirdparty.io.grpc.stub.ClientCalls.blockingUnaryCall(ClientCalls.java:139)
	at org.apache.ratis.proto.grpc.RaftServerProtocolServiceGrpc$RaftServerProtocolServiceBlockingStub.requestVote(RaftServerProtocolServiceGrpc.java:265)
	at org.apache.ratis.grpc.server.GrpcServerProtocolClient.requestVote(GrpcServerProtocolClient.java:99)
	at org.apache.ratis.grpc.server.GrpcService.requestVote(GrpcService.java:204)
	at org.apache.ratis.server.impl.LeaderElection.lambda$submitRequests$1(LeaderElection.java:234)
	at java.util.concurrent.FutureTask.run(FutureTask.java:266)
	at java.util.concurrent.Executors$RunnableAdapter.call(Executors.java:511)
	at java.util.concurrent.FutureTask.run(FutureTask.java:266)
	at java.util.concurrent.ThreadPoolExecutor.runWorker(ThreadPoolExecutor.java:1149)
	at java.util.concurrent.ThreadPoolExecutor$Worker.run(ThreadPoolExecutor.java:624)
	... 1 more
Caused by: org.apache.ratis.thirdparty.io.netty.channel.AbstractChannel$AnnotatedConnectException: Connection refused: /192.168.157.211:38722
	at sun.nio.ch.SocketChannelImpl.checkConnect(Native Method)
	at sun.nio.ch.SocketChannelImpl.finishConnect(SocketChannelImpl.java:717)
	at org.apache.ratis.thirdparty.io.netty.channel.socket.nio.NioSocketChannel.doFinishConnect(NioSocketChannel.java:327)
	at org.apache.ratis.thirdparty.io.netty.channel.nio.AbstractNioChannel$AbstractNioUnsafe.finishConnect(AbstractNioChannel.java:340)
	at org.apache.ratis.thirdparty.io.netty.channel.nio.NioEventLoop.processSelectedKey(NioEventLoop.java:632)
	at org.apache.ratis.thirdparty.io.netty.channel.nio.NioEventLoop.processSelectedKeysOptimized(NioEventLoop.java:579)
	at org.apache.ratis.thirdparty.io.netty.channel.nio.NioEventLoop.processSelectedKeys(NioEventLoop.java:496)
	at org.apache.ratis.thirdparty.io.netty.channel.nio.NioEventLoop.run(NioEventLoop.java:458)
	at org.apache.ratis.thirdparty.io.netty.util.concurrent.SingleThreadEventExecutor$5.run(SingleThreadEventExecutor.java:897)
	at org.apache.ratis.thirdparty.io.netty.util.concurrent.FastThreadLocalRunnable.run(FastThreadLocalRunnable.java:30)
	... 1 more
Caused by: java.net.ConnectException: Connection refused
	... 11 more
2019-10-17 07:09:49,116 [grpc-default-executor-2] INFO  impl.RaftServerImpl (RaftServerImpl.java:setRole(184)) - 805254cc-2da6-48d8-a2f9-c1a3ceceab4a@group-2C0FEEE55AE1: changes role from  FOLLOWER to FOLLOWER at term 167 for recognizeCandidate:696df33b-59a0-4145-913f-936aff0d1566
2019-10-17 07:09:49,117 [grpc-default-executor-2] INFO  impl.RoleInfo (RoleInfo.java:shutdownFollowerState(121)) - 805254cc-2da6-48d8-a2f9-c1a3ceceab4a: shutdown FollowerState
2019-10-17 07:09:49,117 [grpc-default-executor-2] INFO  impl.RoleInfo (RoleInfo.java:updateAndGet(143)) - 805254cc-2da6-48d8-a2f9-c1a3ceceab4a: start FollowerState
2019-10-17 07:09:49,117 [Thread-10812] INFO  impl.FollowerState (FollowerState.java:run(117)) - 805254cc-2da6-48d8-a2f9-c1a3ceceab4a@group-2C0FEEE55AE1-FollowerState was interrupted: java.lang.InterruptedException: sleep interrupted
2019-10-17 07:09:49,130 [696df33b-59a0-4145-913f-936aff0d1566@group-2C0FEEE55AE1-LeaderElection1232] INFO  impl.LeaderElection (LeaderElection.java:logAndReturn(56)) - 696df33b-59a0-4145-913f-936aff0d1566@group-2C0FEEE55AE1-LeaderElection1232: Election REJECTED; received 1 response(s) [696df33b-59a0-4145-913f-936aff0d1566<-805254cc-2da6-48d8-a2f9-c1a3ceceab4a#0:FAIL-t167] and 1 exception(s); 696df33b-59a0-4145-913f-936aff0d1566@group-2C0FEEE55AE1:t167, leader=null, voted=696df33b-59a0-4145-913f-936aff0d1566, raftlog=696df33b-59a0-4145-913f-936aff0d1566@group-2C0FEEE55AE1-SegmentedRaftLog:OPENED:c-1,f-1,i0, conf=-1: [f3ee4219-89bb-47f2-bbe0-5f784575b745:192.168.157.211:38722, 805254cc-2da6-48d8-a2f9-c1a3ceceab4a:192.168.157.211:35407, 696df33b-59a0-4145-913f-936aff0d1566:192.168.157.211:38803], old=null
2019-10-17 07:09:49,130 [696df33b-59a0-4145-913f-936aff0d1566@group-2C0FEEE55AE1-LeaderElection1232] INFO  impl.LeaderElection (LogUtils.java:infoOrTrace(149)) -   Exception 0: {}
java.util.concurrent.ExecutionException: org.apache.ratis.thirdparty.io.grpc.StatusRuntimeException: UNAVAILABLE: io exception
	at java.util.concurrent.FutureTask.report(FutureTask.java:122)
	at java.util.concurrent.FutureTask.get(FutureTask.java:192)
	at org.apache.ratis.server.impl.LeaderElection.waitForResults(LeaderElection.java:259)
	at org.apache.ratis.server.impl.LeaderElection.askForVotes(LeaderElection.java:197)
	at org.apache.ratis.server.impl.LeaderElection.run(LeaderElection.java:133)
	at java.lang.Thread.run(Thread.java:748)
Caused by: org.apache.ratis.thirdparty.io.grpc.StatusRuntimeException: UNAVAILABLE: io exception
	at org.apache.ratis.thirdparty.io.grpc.stub.ClientCalls.toStatusRuntimeException(ClientCalls.java:233)
	at org.apache.ratis.thirdparty.io.grpc.stub.ClientCalls.getUnchecked(ClientCalls.java:214)
	at org.apache.ratis.thirdparty.io.grpc.stub.ClientCalls.blockingUnaryCall(ClientCalls.java:139)
	at org.apache.ratis.proto.grpc.RaftServerProtocolServiceGrpc$RaftServerProtocolServiceBlockingStub.requestVote(RaftServerProtocolServiceGrpc.java:265)
	at org.apache.ratis.grpc.server.GrpcServerProtocolClient.requestVote(GrpcServerProtocolClient.java:99)
	at org.apache.ratis.grpc.server.GrpcService.requestVote(GrpcService.java:204)
	at org.apache.ratis.server.impl.LeaderElection.lambda$submitRequests$1(LeaderElection.java:234)
	at java.util.concurrent.FutureTask.run(FutureTask.java:266)
	at java.util.concurrent.Executors$RunnableAdapter.call(Executors.java:511)
	at java.util.concurrent.FutureTask.run(FutureTask.java:266)
	at java.util.concurrent.ThreadPoolExecutor.runWorker(ThreadPoolExecutor.java:1149)
	at java.util.concurrent.ThreadPoolExecutor$Worker.run(ThreadPoolExecutor.java:624)
	... 1 more
Caused by: org.apache.ratis.thirdparty.io.netty.channel.AbstractChannel$AnnotatedConnectException: Connection refused: /192.168.157.211:38722
	at sun.nio.ch.SocketChannelImpl.checkConnect(Native Method)
	at sun.nio.ch.SocketChannelImpl.finishConnect(SocketChannelImpl.java:717)
	at org.apache.ratis.thirdparty.io.netty.channel.socket.nio.NioSocketChannel.doFinishConnect(NioSocketChannel.java:327)
	at org.apache.ratis.thirdparty.io.netty.channel.nio.AbstractNioChannel$AbstractNioUnsafe.finishConnect(AbstractNioChannel.java:340)
	at org.apache.ratis.thirdparty.io.netty.channel.nio.NioEventLoop.processSelectedKey(NioEventLoop.java:632)
	at org.apache.ratis.thirdparty.io.netty.channel.nio.NioEventLoop.processSelectedKeysOptimized(NioEventLoop.java:579)
	at org.apache.ratis.thirdparty.io.netty.channel.nio.NioEventLoop.processSelectedKeys(NioEventLoop.java:496)
	at org.apache.ratis.thirdparty.io.netty.channel.nio.NioEventLoop.run(NioEventLoop.java:458)
	at org.apache.ratis.thirdparty.io.netty.util.concurrent.SingleThreadEventExecutor$5.run(SingleThreadEventExecutor.java:897)
	at org.apache.ratis.thirdparty.io.netty.util.concurrent.FastThreadLocalRunnable.run(FastThreadLocalRunnable.java:30)
	... 1 more
Caused by: java.net.ConnectException: Connection refused
	... 11 more
2019-10-17 07:09:49,131 [696df33b-59a0-4145-913f-936aff0d1566@group-2C0FEEE55AE1-LeaderElection1232] INFO  impl.RaftServerImpl (RaftServerImpl.java:setRole(184)) - 696df33b-59a0-4145-913f-936aff0d1566@group-2C0FEEE55AE1: changes role from CANDIDATE to FOLLOWER at term 167 for DISCOVERED_A_NEW_TERM
2019-10-17 07:09:49,131 [696df33b-59a0-4145-913f-936aff0d1566@group-2C0FEEE55AE1-LeaderElection1232] INFO  impl.RoleInfo (RoleInfo.java:shutdownLeaderElection(134)) - 696df33b-59a0-4145-913f-936aff0d1566: shutdown LeaderElection
2019-10-17 07:09:49,131 [696df33b-59a0-4145-913f-936aff0d1566@group-2C0FEEE55AE1-LeaderElection1232] INFO  impl.RoleInfo (RoleInfo.java:updateAndGet(143)) - 696df33b-59a0-4145-913f-936aff0d1566: start FollowerState
2019-10-17 07:09:49,331 [Thread-10820] INFO  impl.FollowerState (FollowerState.java:run(108)) - 696df33b-59a0-4145-913f-936aff0d1566@group-2C0FEEE55AE1-FollowerState: change to CANDIDATE, lastRpcTime:200ms, electionTimeout:200ms
2019-10-17 07:09:49,332 [Thread-10820] INFO  impl.RoleInfo (RoleInfo.java:shutdownFollowerState(121)) - 696df33b-59a0-4145-913f-936aff0d1566: shutdown FollowerState
2019-10-17 07:09:49,332 [Thread-10820] INFO  impl.RaftServerImpl (RaftServerImpl.java:setRole(184)) - 696df33b-59a0-4145-913f-936aff0d1566@group-2C0FEEE55AE1: changes role from  FOLLOWER to CANDIDATE at term 167 for changeToCandidate
2019-10-17 07:09:49,332 [Thread-10820] INFO  impl.RoleInfo (RoleInfo.java:updateAndGet(143)) - 696df33b-59a0-4145-913f-936aff0d1566: start LeaderElection
2019-10-17 07:09:49,347 [696df33b-59a0-4145-913f-936aff0d1566@group-2C0FEEE55AE1-LeaderElection1233] INFO  impl.LeaderElection (LeaderElection.java:askForVotes(178)) - 696df33b-59a0-4145-913f-936aff0d1566@group-2C0FEEE55AE1-LeaderElection1233: begin an election at term 168 for -1: [f3ee4219-89bb-47f2-bbe0-5f784575b745:192.168.157.211:38722, 805254cc-2da6-48d8-a2f9-c1a3ceceab4a:192.168.157.211:35407, 696df33b-59a0-4145-913f-936aff0d1566:192.168.157.211:38803], old=null
2019-10-17 07:09:49,348 [696df33b-59a0-4145-913f-936aff0d1566@group-2C0FEEE55AE1-LeaderElection1233] INFO  impl.LeaderElection (LogUtils.java:infoOrTrace(149)) - 696df33b-59a0-4145-913f-936aff0d1566@group-2C0FEEE55AE1-LeaderElection1233 got exception when requesting votes: {}
java.util.concurrent.ExecutionException: org.apache.ratis.thirdparty.io.grpc.StatusRuntimeException: UNAVAILABLE: io exception
	at java.util.concurrent.FutureTask.report(FutureTask.java:122)
	at java.util.concurrent.FutureTask.get(FutureTask.java:192)
	at org.apache.ratis.server.impl.LeaderElection.waitForResults(LeaderElection.java:259)
	at org.apache.ratis.server.impl.LeaderElection.askForVotes(LeaderElection.java:197)
	at org.apache.ratis.server.impl.LeaderElection.run(LeaderElection.java:133)
	at java.lang.Thread.run(Thread.java:748)
Caused by: org.apache.ratis.thirdparty.io.grpc.StatusRuntimeException: UNAVAILABLE: io exception
	at org.apache.ratis.thirdparty.io.grpc.stub.ClientCalls.toStatusRuntimeException(ClientCalls.java:233)
	at org.apache.ratis.thirdparty.io.grpc.stub.ClientCalls.getUnchecked(ClientCalls.java:214)
	at org.apache.ratis.thirdparty.io.grpc.stub.ClientCalls.blockingUnaryCall(ClientCalls.java:139)
	at org.apache.ratis.proto.grpc.RaftServerProtocolServiceGrpc$RaftServerProtocolServiceBlockingStub.requestVote(RaftServerProtocolServiceGrpc.java:265)
	at org.apache.ratis.grpc.server.GrpcServerProtocolClient.requestVote(GrpcServerProtocolClient.java:99)
	at org.apache.ratis.grpc.server.GrpcService.requestVote(GrpcService.java:204)
	at org.apache.ratis.server.impl.LeaderElection.lambda$submitRequests$1(LeaderElection.java:234)
	at java.util.concurrent.FutureTask.run(FutureTask.java:266)
	at java.util.concurrent.Executors$RunnableAdapter.call(Executors.java:511)
	at java.util.concurrent.FutureTask.run(FutureTask.java:266)
	at java.util.concurrent.ThreadPoolExecutor.runWorker(ThreadPoolExecutor.java:1149)
	at java.util.concurrent.ThreadPoolExecutor$Worker.run(ThreadPoolExecutor.java:624)
	... 1 more
Caused by: org.apache.ratis.thirdparty.io.netty.channel.AbstractChannel$AnnotatedConnectException: Connection refused: /192.168.157.211:38722
	at sun.nio.ch.SocketChannelImpl.checkConnect(Native Method)
	at sun.nio.ch.SocketChannelImpl.finishConnect(SocketChannelImpl.java:717)
	at org.apache.ratis.thirdparty.io.netty.channel.socket.nio.NioSocketChannel.doFinishConnect(NioSocketChannel.java:327)
	at org.apache.ratis.thirdparty.io.netty.channel.nio.AbstractNioChannel$AbstractNioUnsafe.finishConnect(AbstractNioChannel.java:340)
	at org.apache.ratis.thirdparty.io.netty.channel.nio.NioEventLoop.processSelectedKey(NioEventLoop.java:632)
	at org.apache.ratis.thirdparty.io.netty.channel.nio.NioEventLoop.processSelectedKeysOptimized(NioEventLoop.java:579)
	at org.apache.ratis.thirdparty.io.netty.channel.nio.NioEventLoop.processSelectedKeys(NioEventLoop.java:496)
	at org.apache.ratis.thirdparty.io.netty.channel.nio.NioEventLoop.run(NioEventLoop.java:458)
	at org.apache.ratis.thirdparty.io.netty.util.concurrent.SingleThreadEventExecutor$5.run(SingleThreadEventExecutor.java:897)
	at org.apache.ratis.thirdparty.io.netty.util.concurrent.FastThreadLocalRunnable.run(FastThreadLocalRunnable.java:30)
	... 1 more
Caused by: java.net.ConnectException: Connection refused
	... 11 more
2019-10-17 07:09:49,348 [grpc-default-executor-2] INFO  impl.RaftServerImpl (RaftServerImpl.java:setRole(184)) - 805254cc-2da6-48d8-a2f9-c1a3ceceab4a@group-2C0FEEE55AE1: changes role from  FOLLOWER to FOLLOWER at term 168 for recognizeCandidate:696df33b-59a0-4145-913f-936aff0d1566
2019-10-17 07:09:49,349 [grpc-default-executor-2] INFO  impl.RoleInfo (RoleInfo.java:shutdownFollowerState(121)) - 805254cc-2da6-48d8-a2f9-c1a3ceceab4a: shutdown FollowerState
2019-10-17 07:09:49,349 [grpc-default-executor-2] INFO  impl.RoleInfo (RoleInfo.java:updateAndGet(143)) - 805254cc-2da6-48d8-a2f9-c1a3ceceab4a: start FollowerState
2019-10-17 07:09:49,349 [Thread-10819] INFO  impl.FollowerState (FollowerState.java:run(117)) - 805254cc-2da6-48d8-a2f9-c1a3ceceab4a@group-2C0FEEE55AE1-FollowerState was interrupted: java.lang.InterruptedException: sleep interrupted
2019-10-17 07:09:49,364 [696df33b-59a0-4145-913f-936aff0d1566@group-2C0FEEE55AE1-LeaderElection1233] INFO  impl.LeaderElection (LeaderElection.java:logAndReturn(56)) - 696df33b-59a0-4145-913f-936aff0d1566@group-2C0FEEE55AE1-LeaderElection1233: Election REJECTED; received 1 response(s) [696df33b-59a0-4145-913f-936aff0d1566<-805254cc-2da6-48d8-a2f9-c1a3ceceab4a#0:FAIL-t168] and 1 exception(s); 696df33b-59a0-4145-913f-936aff0d1566@group-2C0FEEE55AE1:t168, leader=null, voted=696df33b-59a0-4145-913f-936aff0d1566, raftlog=696df33b-59a0-4145-913f-936aff0d1566@group-2C0FEEE55AE1-SegmentedRaftLog:OPENED:c-1,f-1,i0, conf=-1: [f3ee4219-89bb-47f2-bbe0-5f784575b745:192.168.157.211:38722, 805254cc-2da6-48d8-a2f9-c1a3ceceab4a:192.168.157.211:35407, 696df33b-59a0-4145-913f-936aff0d1566:192.168.157.211:38803], old=null
2019-10-17 07:09:49,364 [696df33b-59a0-4145-913f-936aff0d1566@group-2C0FEEE55AE1-LeaderElection1233] INFO  impl.LeaderElection (LogUtils.java:infoOrTrace(149)) -   Exception 0: {}
java.util.concurrent.ExecutionException: org.apache.ratis.thirdparty.io.grpc.StatusRuntimeException: UNAVAILABLE: io exception
	at java.util.concurrent.FutureTask.report(FutureTask.java:122)
	at java.util.concurrent.FutureTask.get(FutureTask.java:192)
	at org.apache.ratis.server.impl.LeaderElection.waitForResults(LeaderElection.java:259)
	at org.apache.ratis.server.impl.LeaderElection.askForVotes(LeaderElection.java:197)
	at org.apache.ratis.server.impl.LeaderElection.run(LeaderElection.java:133)
	at java.lang.Thread.run(Thread.java:748)
Caused by: org.apache.ratis.thirdparty.io.grpc.StatusRuntimeException: UNAVAILABLE: io exception
	at org.apache.ratis.thirdparty.io.grpc.stub.ClientCalls.toStatusRuntimeException(ClientCalls.java:233)
	at org.apache.ratis.thirdparty.io.grpc.stub.ClientCalls.getUnchecked(ClientCalls.java:214)
	at org.apache.ratis.thirdparty.io.grpc.stub.ClientCalls.blockingUnaryCall(ClientCalls.java:139)
	at org.apache.ratis.proto.grpc.RaftServerProtocolServiceGrpc$RaftServerProtocolServiceBlockingStub.requestVote(RaftServerProtocolServiceGrpc.java:265)
	at org.apache.ratis.grpc.server.GrpcServerProtocolClient.requestVote(GrpcServerProtocolClient.java:99)
	at org.apache.ratis.grpc.server.GrpcService.requestVote(GrpcService.java:204)
	at org.apache.ratis.server.impl.LeaderElection.lambda$submitRequests$1(LeaderElection.java:234)
	at java.util.concurrent.FutureTask.run(FutureTask.java:266)
	at java.util.concurrent.Executors$RunnableAdapter.call(Executors.java:511)
	at java.util.concurrent.FutureTask.run(FutureTask.java:266)
	at java.util.concurrent.ThreadPoolExecutor.runWorker(ThreadPoolExecutor.java:1149)
	at java.util.concurrent.ThreadPoolExecutor$Worker.run(ThreadPoolExecutor.java:624)
	... 1 more
Caused by: org.apache.ratis.thirdparty.io.netty.channel.AbstractChannel$AnnotatedConnectException: Connection refused: /192.168.157.211:38722
	at sun.nio.ch.SocketChannelImpl.checkConnect(Native Method)
	at sun.nio.ch.SocketChannelImpl.finishConnect(SocketChannelImpl.java:717)
	at org.apache.ratis.thirdparty.io.netty.channel.socket.nio.NioSocketChannel.doFinishConnect(NioSocketChannel.java:327)
	at org.apache.ratis.thirdparty.io.netty.channel.nio.AbstractNioChannel$AbstractNioUnsafe.finishConnect(AbstractNioChannel.java:340)
	at org.apache.ratis.thirdparty.io.netty.channel.nio.NioEventLoop.processSelectedKey(NioEventLoop.java:632)
	at org.apache.ratis.thirdparty.io.netty.channel.nio.NioEventLoop.processSelectedKeysOptimized(NioEventLoop.java:579)
	at org.apache.ratis.thirdparty.io.netty.channel.nio.NioEventLoop.processSelectedKeys(NioEventLoop.java:496)
	at org.apache.ratis.thirdparty.io.netty.channel.nio.NioEventLoop.run(NioEventLoop.java:458)
	at org.apache.ratis.thirdparty.io.netty.util.concurrent.SingleThreadEventExecutor$5.run(SingleThreadEventExecutor.java:897)
	at org.apache.ratis.thirdparty.io.netty.util.concurrent.FastThreadLocalRunnable.run(FastThreadLocalRunnable.java:30)
	... 1 more
Caused by: java.net.ConnectException: Connection refused
	... 11 more
2019-10-17 07:09:49,364 [696df33b-59a0-4145-913f-936aff0d1566@group-2C0FEEE55AE1-LeaderElection1233] INFO  impl.RaftServerImpl (RaftServerImpl.java:setRole(184)) - 696df33b-59a0-4145-913f-936aff0d1566@group-2C0FEEE55AE1: changes role from CANDIDATE to FOLLOWER at term 168 for DISCOVERED_A_NEW_TERM
2019-10-17 07:09:49,365 [696df33b-59a0-4145-913f-936aff0d1566@group-2C0FEEE55AE1-LeaderElection1233] INFO  impl.RoleInfo (RoleInfo.java:shutdownLeaderElection(134)) - 696df33b-59a0-4145-913f-936aff0d1566: shutdown LeaderElection
2019-10-17 07:09:49,365 [696df33b-59a0-4145-913f-936aff0d1566@group-2C0FEEE55AE1-LeaderElection1233] INFO  impl.RoleInfo (RoleInfo.java:updateAndGet(143)) - 696df33b-59a0-4145-913f-936aff0d1566: start FollowerState
2019-10-17 07:09:49,556 [Thread-10825] INFO  impl.FollowerState (FollowerState.java:run(108)) - 696df33b-59a0-4145-913f-936aff0d1566@group-2C0FEEE55AE1-FollowerState: change to CANDIDATE, lastRpcTime:191ms, electionTimeout:191ms
2019-10-17 07:09:49,556 [Thread-10825] INFO  impl.RoleInfo (RoleInfo.java:shutdownFollowerState(121)) - 696df33b-59a0-4145-913f-936aff0d1566: shutdown FollowerState
2019-10-17 07:09:49,556 [Thread-10825] INFO  impl.RaftServerImpl (RaftServerImpl.java:setRole(184)) - 696df33b-59a0-4145-913f-936aff0d1566@group-2C0FEEE55AE1: changes role from  FOLLOWER to CANDIDATE at term 168 for changeToCandidate
2019-10-17 07:09:49,557 [Thread-10825] INFO  impl.RoleInfo (RoleInfo.java:updateAndGet(143)) - 696df33b-59a0-4145-913f-936aff0d1566: start LeaderElection
2019-10-17 07:09:49,570 [696df33b-59a0-4145-913f-936aff0d1566@group-2C0FEEE55AE1-LeaderElection1234] INFO  impl.LeaderElection (LeaderElection.java:askForVotes(178)) - 696df33b-59a0-4145-913f-936aff0d1566@group-2C0FEEE55AE1-LeaderElection1234: begin an election at term 169 for -1: [f3ee4219-89bb-47f2-bbe0-5f784575b745:192.168.157.211:38722, 805254cc-2da6-48d8-a2f9-c1a3ceceab4a:192.168.157.211:35407, 696df33b-59a0-4145-913f-936aff0d1566:192.168.157.211:38803], old=null
2019-10-17 07:09:49,570 [696df33b-59a0-4145-913f-936aff0d1566@group-2C0FEEE55AE1-LeaderElection1234] INFO  impl.LeaderElection (LogUtils.java:infoOrTrace(149)) - 696df33b-59a0-4145-913f-936aff0d1566@group-2C0FEEE55AE1-LeaderElection1234 got exception when requesting votes: {}
java.util.concurrent.ExecutionException: org.apache.ratis.thirdparty.io.grpc.StatusRuntimeException: UNAVAILABLE: io exception
	at java.util.concurrent.FutureTask.report(FutureTask.java:122)
	at java.util.concurrent.FutureTask.get(FutureTask.java:192)
	at org.apache.ratis.server.impl.LeaderElection.waitForResults(LeaderElection.java:259)
	at org.apache.ratis.server.impl.LeaderElection.askForVotes(LeaderElection.java:197)
	at org.apache.ratis.server.impl.LeaderElection.run(LeaderElection.java:133)
	at java.lang.Thread.run(Thread.java:748)
Caused by: org.apache.ratis.thirdparty.io.grpc.StatusRuntimeException: UNAVAILABLE: io exception
	at org.apache.ratis.thirdparty.io.grpc.stub.ClientCalls.toStatusRuntimeException(ClientCalls.java:233)
	at org.apache.ratis.thirdparty.io.grpc.stub.ClientCalls.getUnchecked(ClientCalls.java:214)
	at org.apache.ratis.thirdparty.io.grpc.stub.ClientCalls.blockingUnaryCall(ClientCalls.java:139)
	at org.apache.ratis.proto.grpc.RaftServerProtocolServiceGrpc$RaftServerProtocolServiceBlockingStub.requestVote(RaftServerProtocolServiceGrpc.java:265)
	at org.apache.ratis.grpc.server.GrpcServerProtocolClient.requestVote(GrpcServerProtocolClient.java:99)
	at org.apache.ratis.grpc.server.GrpcService.requestVote(GrpcService.java:204)
	at org.apache.ratis.server.impl.LeaderElection.lambda$submitRequests$1(LeaderElection.java:234)
	at java.util.concurrent.FutureTask.run(FutureTask.java:266)
	at java.util.concurrent.Executors$RunnableAdapter.call(Executors.java:511)
	at java.util.concurrent.FutureTask.run(FutureTask.java:266)
	at java.util.concurrent.ThreadPoolExecutor.runWorker(ThreadPoolExecutor.java:1149)
	at java.util.concurrent.ThreadPoolExecutor$Worker.run(ThreadPoolExecutor.java:624)
	... 1 more
Caused by: org.apache.ratis.thirdparty.io.netty.channel.AbstractChannel$AnnotatedConnectException: Connection refused: /192.168.157.211:38722
	at sun.nio.ch.SocketChannelImpl.checkConnect(Native Method)
	at sun.nio.ch.SocketChannelImpl.finishConnect(SocketChannelImpl.java:717)
	at org.apache.ratis.thirdparty.io.netty.channel.socket.nio.NioSocketChannel.doFinishConnect(NioSocketChannel.java:327)
	at org.apache.ratis.thirdparty.io.netty.channel.nio.AbstractNioChannel$AbstractNioUnsafe.finishConnect(AbstractNioChannel.java:340)
	at org.apache.ratis.thirdparty.io.netty.channel.nio.NioEventLoop.processSelectedKey(NioEventLoop.java:632)
	at org.apache.ratis.thirdparty.io.netty.channel.nio.NioEventLoop.processSelectedKeysOptimized(NioEventLoop.java:579)
	at org.apache.ratis.thirdparty.io.netty.channel.nio.NioEventLoop.processSelectedKeys(NioEventLoop.java:496)
	at org.apache.ratis.thirdparty.io.netty.channel.nio.NioEventLoop.run(NioEventLoop.java:458)
	at org.apache.ratis.thirdparty.io.netty.util.concurrent.SingleThreadEventExecutor$5.run(SingleThreadEventExecutor.java:897)
	at org.apache.ratis.thirdparty.io.netty.util.concurrent.FastThreadLocalRunnable.run(FastThreadLocalRunnable.java:30)
	... 1 more
Caused by: java.net.ConnectException: Connection refused
	... 11 more
2019-10-17 07:09:49,571 [grpc-default-executor-2] INFO  impl.RaftServerImpl (RaftServerImpl.java:setRole(184)) - 805254cc-2da6-48d8-a2f9-c1a3ceceab4a@group-2C0FEEE55AE1: changes role from  FOLLOWER to FOLLOWER at term 169 for recognizeCandidate:696df33b-59a0-4145-913f-936aff0d1566
2019-10-17 07:09:49,571 [grpc-default-executor-2] INFO  impl.RoleInfo (RoleInfo.java:shutdownFollowerState(121)) - 805254cc-2da6-48d8-a2f9-c1a3ceceab4a: shutdown FollowerState
2019-10-17 07:09:49,571 [grpc-default-executor-2] INFO  impl.RoleInfo (RoleInfo.java:updateAndGet(143)) - 805254cc-2da6-48d8-a2f9-c1a3ceceab4a: start FollowerState
2019-10-17 07:09:49,571 [Thread-10824] INFO  impl.FollowerState (FollowerState.java:run(117)) - 805254cc-2da6-48d8-a2f9-c1a3ceceab4a@group-2C0FEEE55AE1-FollowerState was interrupted: java.lang.InterruptedException: sleep interrupted
2019-10-17 07:09:49,586 [696df33b-59a0-4145-913f-936aff0d1566@group-2C0FEEE55AE1-LeaderElection1234] INFO  impl.LeaderElection (LeaderElection.java:logAndReturn(56)) - 696df33b-59a0-4145-913f-936aff0d1566@group-2C0FEEE55AE1-LeaderElection1234: Election REJECTED; received 1 response(s) [696df33b-59a0-4145-913f-936aff0d1566<-805254cc-2da6-48d8-a2f9-c1a3ceceab4a#0:FAIL-t169] and 1 exception(s); 696df33b-59a0-4145-913f-936aff0d1566@group-2C0FEEE55AE1:t169, leader=null, voted=696df33b-59a0-4145-913f-936aff0d1566, raftlog=696df33b-59a0-4145-913f-936aff0d1566@group-2C0FEEE55AE1-SegmentedRaftLog:OPENED:c-1,f-1,i0, conf=-1: [f3ee4219-89bb-47f2-bbe0-5f784575b745:192.168.157.211:38722, 805254cc-2da6-48d8-a2f9-c1a3ceceab4a:192.168.157.211:35407, 696df33b-59a0-4145-913f-936aff0d1566:192.168.157.211:38803], old=null
2019-10-17 07:09:49,586 [696df33b-59a0-4145-913f-936aff0d1566@group-2C0FEEE55AE1-LeaderElection1234] INFO  impl.LeaderElection (LogUtils.java:infoOrTrace(149)) -   Exception 0: {}
java.util.concurrent.ExecutionException: org.apache.ratis.thirdparty.io.grpc.StatusRuntimeException: UNAVAILABLE: io exception
	at java.util.concurrent.FutureTask.report(FutureTask.java:122)
	at java.util.concurrent.FutureTask.get(FutureTask.java:192)
	at org.apache.ratis.server.impl.LeaderElection.waitForResults(LeaderElection.java:259)
	at org.apache.ratis.server.impl.LeaderElection.askForVotes(LeaderElection.java:197)
	at org.apache.ratis.server.impl.LeaderElection.run(LeaderElection.java:133)
	at java.lang.Thread.run(Thread.java:748)
Caused by: org.apache.ratis.thirdparty.io.grpc.StatusRuntimeException: UNAVAILABLE: io exception
	at org.apache.ratis.thirdparty.io.grpc.stub.ClientCalls.toStatusRuntimeException(ClientCalls.java:233)
	at org.apache.ratis.thirdparty.io.grpc.stub.ClientCalls.getUnchecked(ClientCalls.java:214)
	at org.apache.ratis.thirdparty.io.grpc.stub.ClientCalls.blockingUnaryCall(ClientCalls.java:139)
	at org.apache.ratis.proto.grpc.RaftServerProtocolServiceGrpc$RaftServerProtocolServiceBlockingStub.requestVote(RaftServerProtocolServiceGrpc.java:265)
	at org.apache.ratis.grpc.server.GrpcServerProtocolClient.requestVote(GrpcServerProtocolClient.java:99)
	at org.apache.ratis.grpc.server.GrpcService.requestVote(GrpcService.java:204)
	at org.apache.ratis.server.impl.LeaderElection.lambda$submitRequests$1(LeaderElection.java:234)
	at java.util.concurrent.FutureTask.run(FutureTask.java:266)
	at java.util.concurrent.Executors$RunnableAdapter.call(Executors.java:511)
	at java.util.concurrent.FutureTask.run(FutureTask.java:266)
	at java.util.concurrent.ThreadPoolExecutor.runWorker(ThreadPoolExecutor.java:1149)
	at java.util.concurrent.ThreadPoolExecutor$Worker.run(ThreadPoolExecutor.java:624)
	... 1 more
Caused by: org.apache.ratis.thirdparty.io.netty.channel.AbstractChannel$AnnotatedConnectException: Connection refused: /192.168.157.211:38722
	at sun.nio.ch.SocketChannelImpl.checkConnect(Native Method)
	at sun.nio.ch.SocketChannelImpl.finishConnect(SocketChannelImpl.java:717)
	at org.apache.ratis.thirdparty.io.netty.channel.socket.nio.NioSocketChannel.doFinishConnect(NioSocketChannel.java:327)
	at org.apache.ratis.thirdparty.io.netty.channel.nio.AbstractNioChannel$AbstractNioUnsafe.finishConnect(AbstractNioChannel.java:340)
	at org.apache.ratis.thirdparty.io.netty.channel.nio.NioEventLoop.processSelectedKey(NioEventLoop.java:632)
	at org.apache.ratis.thirdparty.io.netty.channel.nio.NioEventLoop.processSelectedKeysOptimized(NioEventLoop.java:579)
	at org.apache.ratis.thirdparty.io.netty.channel.nio.NioEventLoop.processSelectedKeys(NioEventLoop.java:496)
	at org.apache.ratis.thirdparty.io.netty.channel.nio.NioEventLoop.run(NioEventLoop.java:458)
	at org.apache.ratis.thirdparty.io.netty.util.concurrent.SingleThreadEventExecutor$5.run(SingleThreadEventExecutor.java:897)
	at org.apache.ratis.thirdparty.io.netty.util.concurrent.FastThreadLocalRunnable.run(FastThreadLocalRunnable.java:30)
	... 1 more
Caused by: java.net.ConnectException: Connection refused
	... 11 more
2019-10-17 07:09:49,586 [696df33b-59a0-4145-913f-936aff0d1566@group-2C0FEEE55AE1-LeaderElection1234] INFO  impl.RaftServerImpl (RaftServerImpl.java:setRole(184)) - 696df33b-59a0-4145-913f-936aff0d1566@group-2C0FEEE55AE1: changes role from CANDIDATE to FOLLOWER at term 169 for DISCOVERED_A_NEW_TERM
2019-10-17 07:09:49,587 [696df33b-59a0-4145-913f-936aff0d1566@group-2C0FEEE55AE1-LeaderElection1234] INFO  impl.RoleInfo (RoleInfo.java:shutdownLeaderElection(134)) - 696df33b-59a0-4145-913f-936aff0d1566: shutdown LeaderElection
2019-10-17 07:09:49,587 [696df33b-59a0-4145-913f-936aff0d1566@group-2C0FEEE55AE1-LeaderElection1234] INFO  impl.RoleInfo (RoleInfo.java:updateAndGet(143)) - 696df33b-59a0-4145-913f-936aff0d1566: start FollowerState
2019-10-17 07:09:49,626 [ForkJoinPool.commonPool-worker-0] INFO  ozoneimpl.OzoneContainer (OzoneContainer.java:stop(227)) - Attempting to stop container services.
2019-10-17 07:09:49,626 [main] INFO  ozoneimpl.OzoneContainer (OzoneContainer.java:stop(227)) - Attempting to stop container services.
2019-10-17 07:09:49,626 [ForkJoinPool.commonPool-worker-0] INFO  impl.RaftServerProxy (RaftServerProxy.java:lambda$close$4(314)) - 696df33b-59a0-4145-913f-936aff0d1566: close
2019-10-17 07:09:49,627 [ForkJoinPool.commonPool-worker-0] INFO  impl.RaftServerImpl (RaftServerImpl.java:lambda$shutdown$3(261)) - 696df33b-59a0-4145-913f-936aff0d1566@group-2C0FEEE55AE1: shutdown
2019-10-17 07:09:49,627 [main] INFO  impl.RaftServerProxy (RaftServerProxy.java:lambda$close$4(314)) - 0acdc124-2757-4c91-93b1-ab1a2908776d: close
2019-10-17 07:09:49,627 [ForkJoinPool.commonPool-worker-0] INFO  util.JmxRegister (JmxRegister.java:unregister(73)) - Successfully un-registered JMX Bean with object name Ratis:service=RaftServer,group=group-2C0FEEE55AE1,id=696df33b-59a0-4145-913f-936aff0d1566
2019-10-17 07:09:49,627 [ForkJoinPool.commonPool-worker-0] INFO  impl.RoleInfo (RoleInfo.java:shutdownFollowerState(121)) - 696df33b-59a0-4145-913f-936aff0d1566: shutdown FollowerState
2019-10-17 07:09:49,627 [main] INFO  impl.RaftServerImpl (RaftServerImpl.java:lambda$shutdown$3(261)) - 0acdc124-2757-4c91-93b1-ab1a2908776d@group-E9714E6466A2: shutdown
2019-10-17 07:09:49,627 [Thread-10834] INFO  impl.FollowerState (FollowerState.java:run(117)) - 696df33b-59a0-4145-913f-936aff0d1566@group-2C0FEEE55AE1-FollowerState was interrupted: java.lang.InterruptedException: sleep interrupted
2019-10-17 07:09:49,627 [ForkJoinPool.commonPool-worker-0] INFO  impl.StateMachineUpdater (StateMachineUpdater.java:stopAndJoin(136)) - 696df33b-59a0-4145-913f-936aff0d1566@group-2C0FEEE55AE1-StateMachineUpdater: set stopIndex = -1
2019-10-17 07:09:49,628 [main] INFO  util.JmxRegister (JmxRegister.java:unregister(73)) - Successfully un-registered JMX Bean with object name Ratis:service=RaftServer,group=group-E9714E6466A2,id=0acdc124-2757-4c91-93b1-ab1a2908776d
2019-10-17 07:09:49,628 [ForkJoinPool.commonPool-worker-0] INFO  impl.RaftServerImpl (ServerState.java:close(388)) - 696df33b-59a0-4145-913f-936aff0d1566@group-2C0FEEE55AE1: closes. applyIndex: -1
2019-10-17 07:09:49,628 [main] INFO  impl.RoleInfo (RoleInfo.java:shutdownLeaderState(104)) - 0acdc124-2757-4c91-93b1-ab1a2908776d: shutdown LeaderState
2019-10-17 07:09:49,628 [696df33b-59a0-4145-913f-936aff0d1566@group-2C0FEEE55AE1-SegmentedRaftLogWorker] INFO  segmented.SegmentedRaftLogWorker (SegmentedRaftLogWorker.java:run(316)) - 696df33b-59a0-4145-913f-936aff0d1566@group-2C0FEEE55AE1-SegmentedRaftLogWorker was interrupted, exiting. There are 0 tasks remaining in the queue.
2019-10-17 07:09:49,629 [main] INFO  impl.PendingRequests (PendingRequests.java:sendNotLeaderResponses(202)) - 0acdc124-2757-4c91-93b1-ab1a2908776d@group-E9714E6466A2-PendingRequests: sendNotLeaderResponses
2019-10-17 07:09:49,629 [ForkJoinPool.commonPool-worker-0] INFO  segmented.SegmentedRaftLogWorker (SegmentedRaftLogWorker.java:close(224)) - 696df33b-59a0-4145-913f-936aff0d1566@group-2C0FEEE55AE1-SegmentedRaftLogWorker close()
2019-10-17 07:09:49,629 [main] INFO  impl.StateMachineUpdater (StateMachineUpdater.java:stopAndJoin(136)) - 0acdc124-2757-4c91-93b1-ab1a2908776d@group-E9714E6466A2-StateMachineUpdater: set stopIndex = 0
2019-10-17 07:09:49,633 [ForkJoinPool.commonPool-worker-0] INFO  impl.RaftServerImpl (RaftServerImpl.java:lambda$shutdown$3(261)) - 696df33b-59a0-4145-913f-936aff0d1566@group-7859C2A166C6: shutdown
2019-10-17 07:09:49,634 [ForkJoinPool.commonPool-worker-0] INFO  util.JmxRegister (JmxRegister.java:unregister(73)) - Successfully un-registered JMX Bean with object name Ratis:service=RaftServer,group=group-7859C2A166C6,id=696df33b-59a0-4145-913f-936aff0d1566
2019-10-17 07:09:49,634 [main] INFO  impl.RaftServerImpl (ServerState.java:close(388)) - 0acdc124-2757-4c91-93b1-ab1a2908776d@group-E9714E6466A2: closes. applyIndex: 0
2019-10-17 07:09:49,634 [ForkJoinPool.commonPool-worker-0] INFO  impl.RoleInfo (RoleInfo.java:shutdownLeaderState(104)) - 696df33b-59a0-4145-913f-936aff0d1566: shutdown LeaderState
2019-10-17 07:09:49,634 [ForkJoinPool.commonPool-worker-0] INFO  impl.PendingRequests (PendingRequests.java:sendNotLeaderResponses(202)) - 696df33b-59a0-4145-913f-936aff0d1566@group-7859C2A166C6-PendingRequests: sendNotLeaderResponses
2019-10-17 07:09:49,634 [0acdc124-2757-4c91-93b1-ab1a2908776d@group-E9714E6466A2-SegmentedRaftLogWorker] INFO  segmented.SegmentedRaftLogWorker (SegmentedRaftLogWorker.java:run(316)) - 0acdc124-2757-4c91-93b1-ab1a2908776d@group-E9714E6466A2-SegmentedRaftLogWorker was interrupted, exiting. There are 0 tasks remaining in the queue.
2019-10-17 07:09:49,635 [ForkJoinPool.commonPool-worker-0] INFO  impl.StateMachineUpdater (StateMachineUpdater.java:stopAndJoin(136)) - 696df33b-59a0-4145-913f-936aff0d1566@group-7859C2A166C6-StateMachineUpdater: set stopIndex = 0
2019-10-17 07:09:49,636 [ForkJoinPool.commonPool-worker-0] INFO  impl.RaftServerImpl (ServerState.java:close(388)) - 696df33b-59a0-4145-913f-936aff0d1566@group-7859C2A166C6: closes. applyIndex: 0
2019-10-17 07:09:49,636 [main] INFO  segmented.SegmentedRaftLogWorker (SegmentedRaftLogWorker.java:close(224)) - 0acdc124-2757-4c91-93b1-ab1a2908776d@group-E9714E6466A2-SegmentedRaftLogWorker close()
2019-10-17 07:09:49,636 [696df33b-59a0-4145-913f-936aff0d1566@group-7859C2A166C6-SegmentedRaftLogWorker] INFO  segmented.SegmentedRaftLogWorker (SegmentedRaftLogWorker.java:run(316)) - 696df33b-59a0-4145-913f-936aff0d1566@group-7859C2A166C6-SegmentedRaftLogWorker was interrupted, exiting. There are 0 tasks remaining in the queue.
2019-10-17 07:09:49,640 [main] INFO  impl.RaftServerImpl (RaftServerImpl.java:lambda$shutdown$3(261)) - 0acdc124-2757-4c91-93b1-ab1a2908776d@group-E6EB69311C83: shutdown
2019-10-17 07:09:49,642 [ForkJoinPool.commonPool-worker-0] INFO  segmented.SegmentedRaftLogWorker (SegmentedRaftLogWorker.java:close(224)) - 696df33b-59a0-4145-913f-936aff0d1566@group-7859C2A166C6-SegmentedRaftLogWorker close()
2019-10-17 07:09:49,642 [main] INFO  util.JmxRegister (JmxRegister.java:unregister(73)) - Successfully un-registered JMX Bean with object name Ratis:service=RaftServer,group=group-E6EB69311C83,id=0acdc124-2757-4c91-93b1-ab1a2908776d
2019-10-17 07:09:49,646 [ForkJoinPool.commonPool-worker-0] INFO  server.GrpcService (GrpcService.java:closeImpl(164)) - 696df33b-59a0-4145-913f-936aff0d1566: shutdown server with port 38803 now
2019-10-17 07:09:49,646 [main] INFO  impl.RoleInfo (RoleInfo.java:shutdownFollowerState(121)) - 0acdc124-2757-4c91-93b1-ab1a2908776d: shutdown FollowerState
2019-10-17 07:09:49,650 [main] INFO  impl.StateMachineUpdater (StateMachineUpdater.java:stopAndJoin(136)) - 0acdc124-2757-4c91-93b1-ab1a2908776d@group-E6EB69311C83-StateMachineUpdater: set stopIndex = 12
2019-10-17 07:09:49,650 [ForkJoinPool.commonPool-worker-0] INFO  server.GrpcService (GrpcService.java:closeImpl(172)) - 696df33b-59a0-4145-913f-936aff0d1566: shutdown server with port 38803 successfully
2019-10-17 07:09:49,650 [Thread-9625] INFO  impl.FollowerState (FollowerState.java:run(117)) - 0acdc124-2757-4c91-93b1-ab1a2908776d@group-E6EB69311C83-FollowerState was interrupted: java.lang.InterruptedException: sleep interrupted
2019-10-17 07:09:49,650 [0acdc124-2757-4c91-93b1-ab1a2908776d@group-E6EB69311C83-StateMachineUpdater] INFO  ratis.ContainerStateMachine (ContainerStateMachine.java:takeSnapshot(294)) - group-E6EB69311C83: Taking a snapshot at:(t:1, i:8) file /workdir/hadoop-ozone/integration-test/target/test-dir/MiniOzoneClusterImpl-e7c0418f-15c1-471d-99db-59e1afe04953/datanode-5/data/ratis/4500b566-0942-424e-bac5-e6eb69311c83/sm/snapshot.1_8
2019-10-17 07:09:49,656 [refreshUsed-/workdir/hadoop-ozone/integration-test/target/test-dir/MiniOzoneClusterImpl-e7c0418f-15c1-471d-99db-59e1afe04953/datanode-2/data/containers] WARN  fs.CachingGetSpaceUsed (CachingGetSpaceUsed.java:run(183)) - Thread Interrupted waiting to refresh disk information: sleep interrupted
2019-10-17 07:09:49,666 [ForkJoinPool.commonPool-worker-0] INFO  utils.BackgroundService (BackgroundService.java:shutdown(151)) - Shutting down service BlockDeletingService
2019-10-17 07:09:49,680 [0acdc124-2757-4c91-93b1-ab1a2908776d@group-E6EB69311C83-StateMachineUpdater] INFO  ratis.ContainerStateMachine (ContainerStateMachine.java:takeSnapshot(305)) - group-E6EB69311C83: Finished taking a snapshot at:(t:1, i:8) file:/workdir/hadoop-ozone/integration-test/target/test-dir/MiniOzoneClusterImpl-e7c0418f-15c1-471d-99db-59e1afe04953/datanode-5/data/ratis/4500b566-0942-424e-bac5-e6eb69311c83/sm/snapshot.1_8 time:29
2019-10-17 07:09:49,689 [ForkJoinPool.commonPool-worker-0] INFO  statemachine.DatanodeStateMachine (DatanodeStateMachine.java:stopDaemon(395)) - Ozone container server stopped.
2019-10-17 07:09:49,689 [0acdc124-2757-4c91-93b1-ab1a2908776d@group-E6EB69311C83-StateMachineUpdater] INFO  impl.StateMachineUpdater (StateMachineUpdater.java:takeSnapshot(269)) - 0acdc124-2757-4c91-93b1-ab1a2908776d@group-E6EB69311C83-StateMachineUpdater: Took a snapshot at index 8
2019-10-17 07:09:49,691 [0acdc124-2757-4c91-93b1-ab1a2908776d@group-E6EB69311C83-StateMachineUpdater] INFO  impl.StateMachineUpdater (StateMachineUpdater.java:lambda$new$0(84)) - 0acdc124-2757-4c91-93b1-ab1a2908776d@group-E6EB69311C83-StateMachineUpdater: snapshotIndex: updateIncreasingly -1 -> 8
2019-10-17 07:09:49,694 [0acdc124-2757-4c91-93b1-ab1a2908776d@group-E6EB69311C83-StateMachineUpdater] INFO  ratis.ContainerStateMachine (ContainerStateMachine.java:takeSnapshot(294)) - group-E6EB69311C83: Taking a snapshot at:(t:1, i:8) file /workdir/hadoop-ozone/integration-test/target/test-dir/MiniOzoneClusterImpl-e7c0418f-15c1-471d-99db-59e1afe04953/datanode-5/data/ratis/4500b566-0942-424e-bac5-e6eb69311c83/sm/snapshot.1_8
2019-10-17 07:09:49,696 [ForkJoinPool.commonPool-worker-0] INFO  handler.ContextHandler (ContextHandler.java:doStop(910)) - Stopped o.e.j.w.WebAppContext@10e9a5fe{/,null,UNAVAILABLE}{/hddsDatanode}
2019-10-17 07:09:49,697 [ForkJoinPool.commonPool-worker-0] INFO  server.AbstractConnector (AbstractConnector.java:doStop(318)) - Stopped ServerConnector@259287ac{HTTP/1.1,[http/1.1]}{0.0.0.0:0}
2019-10-17 07:09:49,699 [0acdc124-2757-4c91-93b1-ab1a2908776d@group-E6EB69311C83-StateMachineUpdater] INFO  ratis.ContainerStateMachine (ContainerStateMachine.java:takeSnapshot(305)) - group-E6EB69311C83: Finished taking a snapshot at:(t:1, i:8) file:/workdir/hadoop-ozone/integration-test/target/test-dir/MiniOzoneClusterImpl-e7c0418f-15c1-471d-99db-59e1afe04953/datanode-5/data/ratis/4500b566-0942-424e-bac5-e6eb69311c83/sm/snapshot.1_8 time:4
2019-10-17 07:09:49,699 [ForkJoinPool.commonPool-worker-0] INFO  handler.ContextHandler (ContextHandler.java:doStop(910)) - Stopped o.e.j.s.ServletContextHandler@63917fe1{/static,jar:file:/home/user/.m2/repository/org/apache/hadoop/hadoop-hdds-container-service/0.5.0-SNAPSHOT/hadoop-hdds-container-service-0.5.0-SNAPSHOT.jar!/webapps/static,UNAVAILABLE}
2019-10-17 07:09:49,699 [0acdc124-2757-4c91-93b1-ab1a2908776d@group-E6EB69311C83-StateMachineUpdater] INFO  impl.StateMachineUpdater (StateMachineUpdater.java:takeSnapshot(269)) - 0acdc124-2757-4c91-93b1-ab1a2908776d@group-E6EB69311C83-StateMachineUpdater: Took a snapshot at index 8
2019-10-17 07:09:49,701 [ForkJoinPool.commonPool-worker-0] INFO  handler.ContextHandler (ContextHandler.java:doStop(910)) - Stopped o.e.j.s.ServletContextHandler@76ac68b0{/logs,file:///workdir/hadoop-ozone/integration-test/target/log,UNAVAILABLE}
2019-10-17 07:09:49,701 [0acdc124-2757-4c91-93b1-ab1a2908776d@group-E6EB69311C83-StateMachineUpdater] INFO  impl.StateMachineUpdater (StateMachineUpdater.java:lambda$new$0(84)) - 0acdc124-2757-4c91-93b1-ab1a2908776d@group-E6EB69311C83-StateMachineUpdater: snapshotIndex: updateIncreasingly 8 -> 8
2019-10-17 07:09:49,702 [main] INFO  impl.RaftServerImpl (ServerState.java:close(388)) - 0acdc124-2757-4c91-93b1-ab1a2908776d@group-E6EB69311C83: closes. applyIndex: 12
2019-10-17 07:09:49,702 [0acdc124-2757-4c91-93b1-ab1a2908776d@group-E6EB69311C83-SegmentedRaftLogWorker] INFO  segmented.SegmentedRaftLogWorker (SegmentedRaftLogWorker.java:run(316)) - 0acdc124-2757-4c91-93b1-ab1a2908776d@group-E6EB69311C83-SegmentedRaftLogWorker was interrupted, exiting. There are 0 tasks remaining in the queue.
2019-10-17 07:09:49,704 [main] INFO  segmented.SegmentedRaftLogWorker (SegmentedRaftLogWorker.java:close(224)) - 0acdc124-2757-4c91-93b1-ab1a2908776d@group-E6EB69311C83-SegmentedRaftLogWorker close()
2019-10-17 07:09:49,708 [main] INFO  server.GrpcService (GrpcService.java:closeImpl(164)) - 0acdc124-2757-4c91-93b1-ab1a2908776d: shutdown server with port 34191 now
2019-10-17 07:09:49,709 [grpc-default-executor-5] WARN  server.GrpcServerProtocolService (LogUtils.java:warn(134)) - 0acdc124-2757-4c91-93b1-ab1a2908776d: installSnapshot onError, lastRequest: 5f7ef38b-a645-4f95-94e6-bd075ea30748->0acdc124-2757-4c91-93b1-ab1a2908776d#53-t1, previous=(t:1, i:12), leaderCommit=12, initializing? false, entries: <empty>: org.apache.ratis.thirdparty.io.grpc.StatusRuntimeException: CANCELLED: cancelled before receiving half close
2019-10-17 07:09:49,709 [main] INFO  server.GrpcService (GrpcService.java:closeImpl(172)) - 0acdc124-2757-4c91-93b1-ab1a2908776d: shutdown server with port 34191 successfully
2019-10-17 07:09:49,709 [grpc-default-executor-7] WARN  server.GrpcLogAppender (LogUtils.java:warn(134)) - 5f7ef38b-a645-4f95-94e6-bd075ea30748@group-E6EB69311C83->0acdc124-2757-4c91-93b1-ab1a2908776d-AppendLogResponseHandler: Failed appendEntries: org.apache.ratis.thirdparty.io.grpc.StatusRuntimeException: CANCELLED: HTTP/2 error code: CANCEL
Received Rst Stream
2019-10-17 07:09:49,711 [refreshUsed-/workdir/hadoop-ozone/integration-test/target/test-dir/MiniOzoneClusterImpl-e7c0418f-15c1-471d-99db-59e1afe04953/datanode-5/data/containers] WARN  fs.CachingGetSpaceUsed (CachingGetSpaceUsed.java:run(183)) - Thread Interrupted waiting to refresh disk information: sleep interrupted
2019-10-17 07:09:49,722 [main] INFO  utils.BackgroundService (BackgroundService.java:shutdown(151)) - Shutting down service BlockDeletingService
2019-10-17 07:09:49,724 [main] INFO  statemachine.DatanodeStateMachine (DatanodeStateMachine.java:stopDaemon(395)) - Ozone container server stopped.
2019-10-17 07:09:49,724 [main] INFO  handler.ContextHandler (ContextHandler.java:doStop(910)) - Stopped o.e.j.w.WebAppContext@6615237{/,null,UNAVAILABLE}{/hddsDatanode}
2019-10-17 07:09:49,725 [main] INFO  server.AbstractConnector (AbstractConnector.java:doStop(318)) - Stopped ServerConnector@eaf8427{HTTP/1.1,[http/1.1]}{0.0.0.0:0}
2019-10-17 07:09:49,725 [main] INFO  handler.ContextHandler (ContextHandler.java:doStop(910)) - Stopped o.e.j.s.ServletContextHandler@2fdf22f7{/static,jar:file:/home/user/.m2/repository/org/apache/hadoop/hadoop-hdds-container-service/0.5.0-SNAPSHOT/hadoop-hdds-container-service-0.5.0-SNAPSHOT.jar!/webapps/static,UNAVAILABLE}
2019-10-17 07:09:49,725 [main] INFO  handler.ContextHandler (ContextHandler.java:doStop(910)) - Stopped o.e.j.s.ServletContextHandler@7d66a126{/logs,file:///workdir/hadoop-ozone/integration-test/target/log,UNAVAILABLE}
2019-10-17 07:09:50,330 [Datanode State Machine Thread - 0] INFO  statemachine.DatanodeStateMachine (DatanodeStateMachine.java:lambda$startDaemon$0(350)) - Ozone container server started.
2019-10-17 07:09:50,653 [Thread-10831] INFO  impl.FollowerState (FollowerState.java:run(108)) - 805254cc-2da6-48d8-a2f9-c1a3ceceab4a@group-2C0FEEE55AE1-FollowerState: change to CANDIDATE, lastRpcTime:1081ms, electionTimeout:1081ms
2019-10-17 07:09:50,653 [Thread-10831] INFO  impl.RoleInfo (RoleInfo.java:shutdownFollowerState(121)) - 805254cc-2da6-48d8-a2f9-c1a3ceceab4a: shutdown FollowerState
2019-10-17 07:09:50,653 [Thread-10831] INFO  impl.RaftServerImpl (RaftServerImpl.java:setRole(184)) - 805254cc-2da6-48d8-a2f9-c1a3ceceab4a@group-2C0FEEE55AE1: changes role from  FOLLOWER to CANDIDATE at term 169 for changeToCandidate
2019-10-17 07:09:50,653 [Thread-10831] INFO  impl.RoleInfo (RoleInfo.java:updateAndGet(143)) - 805254cc-2da6-48d8-a2f9-c1a3ceceab4a: start LeaderElection
2019-10-17 07:09:50,676 [805254cc-2da6-48d8-a2f9-c1a3ceceab4a@group-2C0FEEE55AE1-LeaderElection1235] INFO  impl.LeaderElection (LeaderElection.java:askForVotes(178)) - 805254cc-2da6-48d8-a2f9-c1a3ceceab4a@group-2C0FEEE55AE1-LeaderElection1235: begin an election at term 170 for 0: [f3ee4219-89bb-47f2-bbe0-5f784575b745:192.168.157.211:38722, 805254cc-2da6-48d8-a2f9-c1a3ceceab4a:192.168.157.211:35407, 696df33b-59a0-4145-913f-936aff0d1566:192.168.157.211:38803], old=null
2019-10-17 07:09:50,679 [805254cc-2da6-48d8-a2f9-c1a3ceceab4a@group-2C0FEEE55AE1-LeaderElection1235] INFO  impl.LeaderElection (LogUtils.java:infoOrTrace(149)) - 805254cc-2da6-48d8-a2f9-c1a3ceceab4a@group-2C0FEEE55AE1-LeaderElection1235 got exception when requesting votes: {}
java.util.concurrent.ExecutionException: org.apache.ratis.thirdparty.io.grpc.StatusRuntimeException: UNAVAILABLE: io exception
	at java.util.concurrent.FutureTask.report(FutureTask.java:122)
	at java.util.concurrent.FutureTask.get(FutureTask.java:192)
	at org.apache.ratis.server.impl.LeaderElection.waitForResults(LeaderElection.java:259)
	at org.apache.ratis.server.impl.LeaderElection.askForVotes(LeaderElection.java:197)
	at org.apache.ratis.server.impl.LeaderElection.run(LeaderElection.java:133)
	at java.lang.Thread.run(Thread.java:748)
Caused by: org.apache.ratis.thirdparty.io.grpc.StatusRuntimeException: UNAVAILABLE: io exception
	at org.apache.ratis.thirdparty.io.grpc.stub.ClientCalls.toStatusRuntimeException(ClientCalls.java:233)
	at org.apache.ratis.thirdparty.io.grpc.stub.ClientCalls.getUnchecked(ClientCalls.java:214)
	at org.apache.ratis.thirdparty.io.grpc.stub.ClientCalls.blockingUnaryCall(ClientCalls.java:139)
	at org.apache.ratis.proto.grpc.RaftServerProtocolServiceGrpc$RaftServerProtocolServiceBlockingStub.requestVote(RaftServerProtocolServiceGrpc.java:265)
	at org.apache.ratis.grpc.server.GrpcServerProtocolClient.requestVote(GrpcServerProtocolClient.java:99)
	at org.apache.ratis.grpc.server.GrpcService.requestVote(GrpcService.java:204)
	at org.apache.ratis.server.impl.LeaderElection.lambda$submitRequests$1(LeaderElection.java:234)
	at java.util.concurrent.FutureTask.run(FutureTask.java:266)
	at java.util.concurrent.Executors$RunnableAdapter.call(Executors.java:511)
	at java.util.concurrent.FutureTask.run(FutureTask.java:266)
	at java.util.concurrent.ThreadPoolExecutor.runWorker(ThreadPoolExecutor.java:1149)
	at java.util.concurrent.ThreadPoolExecutor$Worker.run(ThreadPoolExecutor.java:624)
	... 1 more
Caused by: org.apache.ratis.thirdparty.io.netty.channel.AbstractChannel$AnnotatedConnectException: Connection refused: /192.168.157.211:38803
	at sun.nio.ch.SocketChannelImpl.checkConnect(Native Method)
	at sun.nio.ch.SocketChannelImpl.finishConnect(SocketChannelImpl.java:717)
	at org.apache.ratis.thirdparty.io.netty.channel.socket.nio.NioSocketChannel.doFinishConnect(NioSocketChannel.java:327)
	at org.apache.ratis.thirdparty.io.netty.channel.nio.AbstractNioChannel$AbstractNioUnsafe.finishConnect(AbstractNioChannel.java:340)
	at org.apache.ratis.thirdparty.io.netty.channel.nio.NioEventLoop.processSelectedKey(NioEventLoop.java:632)
	at org.apache.ratis.thirdparty.io.netty.channel.nio.NioEventLoop.processSelectedKeysOptimized(NioEventLoop.java:579)
	at org.apache.ratis.thirdparty.io.netty.channel.nio.NioEventLoop.processSelectedKeys(NioEventLoop.java:496)
	at org.apache.ratis.thirdparty.io.netty.channel.nio.NioEventLoop.run(NioEventLoop.java:458)
	at org.apache.ratis.thirdparty.io.netty.util.concurrent.SingleThreadEventExecutor$5.run(SingleThreadEventExecutor.java:897)
	at org.apache.ratis.thirdparty.io.netty.util.concurrent.FastThreadLocalRunnable.run(FastThreadLocalRunnable.java:30)
	... 1 more
Caused by: java.net.ConnectException: Connection refused
	... 11 more
2019-10-17 07:09:50,679 [805254cc-2da6-48d8-a2f9-c1a3ceceab4a@group-2C0FEEE55AE1-LeaderElection1235] INFO  impl.LeaderElection (LogUtils.java:infoOrTrace(149)) - 805254cc-2da6-48d8-a2f9-c1a3ceceab4a@group-2C0FEEE55AE1-LeaderElection1235 got exception when requesting votes: {}
java.util.concurrent.ExecutionException: org.apache.ratis.thirdparty.io.grpc.StatusRuntimeException: UNAVAILABLE: io exception
	at java.util.concurrent.FutureTask.report(FutureTask.java:122)
	at java.util.concurrent.FutureTask.get(FutureTask.java:192)
	at org.apache.ratis.server.impl.LeaderElection.waitForResults(LeaderElection.java:259)
	at org.apache.ratis.server.impl.LeaderElection.askForVotes(LeaderElection.java:197)
	at org.apache.ratis.server.impl.LeaderElection.run(LeaderElection.java:133)
	at java.lang.Thread.run(Thread.java:748)
Caused by: org.apache.ratis.thirdparty.io.grpc.StatusRuntimeException: UNAVAILABLE: io exception
	at org.apache.ratis.thirdparty.io.grpc.stub.ClientCalls.toStatusRuntimeException(ClientCalls.java:233)
	at org.apache.ratis.thirdparty.io.grpc.stub.ClientCalls.getUnchecked(ClientCalls.java:214)
	at org.apache.ratis.thirdparty.io.grpc.stub.ClientCalls.blockingUnaryCall(ClientCalls.java:139)
	at org.apache.ratis.proto.grpc.RaftServerProtocolServiceGrpc$RaftServerProtocolServiceBlockingStub.requestVote(RaftServerProtocolServiceGrpc.java:265)
	at org.apache.ratis.grpc.server.GrpcServerProtocolClient.requestVote(GrpcServerProtocolClient.java:99)
	at org.apache.ratis.grpc.server.GrpcService.requestVote(GrpcService.java:204)
	at org.apache.ratis.server.impl.LeaderElection.lambda$submitRequests$1(LeaderElection.java:234)
	at java.util.concurrent.FutureTask.run(FutureTask.java:266)
	at java.util.concurrent.Executors$RunnableAdapter.call(Executors.java:511)
	at java.util.concurrent.FutureTask.run(FutureTask.java:266)
	at java.util.concurrent.ThreadPoolExecutor.runWorker(ThreadPoolExecutor.java:1149)
	at java.util.concurrent.ThreadPoolExecutor$Worker.run(ThreadPoolExecutor.java:624)
	... 1 more
Caused by: org.apache.ratis.thirdparty.io.netty.channel.AbstractChannel$AnnotatedConnectException: Connection refused: /192.168.157.211:38722
	at sun.nio.ch.SocketChannelImpl.checkConnect(Native Method)
	at sun.nio.ch.SocketChannelImpl.finishConnect(SocketChannelImpl.java:717)
	at org.apache.ratis.thirdparty.io.netty.channel.socket.nio.NioSocketChannel.doFinishConnect(NioSocketChannel.java:327)
	at org.apache.ratis.thirdparty.io.netty.channel.nio.AbstractNioChannel$AbstractNioUnsafe.finishConnect(AbstractNioChannel.java:340)
	at org.apache.ratis.thirdparty.io.netty.channel.nio.NioEventLoop.processSelectedKey(NioEventLoop.java:632)
	at org.apache.ratis.thirdparty.io.netty.channel.nio.NioEventLoop.processSelectedKeysOptimized(NioEventLoop.java:579)
	at org.apache.ratis.thirdparty.io.netty.channel.nio.NioEventLoop.processSelectedKeys(NioEventLoop.java:496)
	at org.apache.ratis.thirdparty.io.netty.channel.nio.NioEventLoop.run(NioEventLoop.java:458)
	at org.apache.ratis.thirdparty.io.netty.util.concurrent.SingleThreadEventExecutor$5.run(SingleThreadEventExecutor.java:897)
	at org.apache.ratis.thirdparty.io.netty.util.concurrent.FastThreadLocalRunnable.run(FastThreadLocalRunnable.java:30)
	... 1 more
Caused by: java.net.ConnectException: Connection refused
	... 11 more
2019-10-17 07:09:50,680 [805254cc-2da6-48d8-a2f9-c1a3ceceab4a@group-2C0FEEE55AE1-LeaderElection1235] INFO  impl.LeaderElection (LeaderElection.java:logAndReturn(56)) - 805254cc-2da6-48d8-a2f9-c1a3ceceab4a@group-2C0FEEE55AE1-LeaderElection1235: Election REJECTED; received 0 response(s) [] and 2 exception(s); 805254cc-2da6-48d8-a2f9-c1a3ceceab4a@group-2C0FEEE55AE1:t170, leader=null, voted=805254cc-2da6-48d8-a2f9-c1a3ceceab4a, raftlog=805254cc-2da6-48d8-a2f9-c1a3ceceab4a@group-2C0FEEE55AE1-SegmentedRaftLog:OPENED:c-1,f0,i0, conf=0: [f3ee4219-89bb-47f2-bbe0-5f784575b745:192.168.157.211:38722, 805254cc-2da6-48d8-a2f9-c1a3ceceab4a:192.168.157.211:35407, 696df33b-59a0-4145-913f-936aff0d1566:192.168.157.211:38803], old=null
2019-10-17 07:09:50,680 [805254cc-2da6-48d8-a2f9-c1a3ceceab4a@group-2C0FEEE55AE1-LeaderElection1235] INFO  impl.LeaderElection (LogUtils.java:infoOrTrace(149)) -   Exception 0: {}
java.util.concurrent.ExecutionException: org.apache.ratis.thirdparty.io.grpc.StatusRuntimeException: UNAVAILABLE: io exception
	at java.util.concurrent.FutureTask.report(FutureTask.java:122)
	at java.util.concurrent.FutureTask.get(FutureTask.java:192)
	at org.apache.ratis.server.impl.LeaderElection.waitForResults(LeaderElection.java:259)
	at org.apache.ratis.server.impl.LeaderElection.askForVotes(LeaderElection.java:197)
	at org.apache.ratis.server.impl.LeaderElection.run(LeaderElection.java:133)
	at java.lang.Thread.run(Thread.java:748)
Caused by: org.apache.ratis.thirdparty.io.grpc.StatusRuntimeException: UNAVAILABLE: io exception
	at org.apache.ratis.thirdparty.io.grpc.stub.ClientCalls.toStatusRuntimeException(ClientCalls.java:233)
	at org.apache.ratis.thirdparty.io.grpc.stub.ClientCalls.getUnchecked(ClientCalls.java:214)
	at org.apache.ratis.thirdparty.io.grpc.stub.ClientCalls.blockingUnaryCall(ClientCalls.java:139)
	at org.apache.ratis.proto.grpc.RaftServerProtocolServiceGrpc$RaftServerProtocolServiceBlockingStub.requestVote(RaftServerProtocolServiceGrpc.java:265)
	at org.apache.ratis.grpc.server.GrpcServerProtocolClient.requestVote(GrpcServerProtocolClient.java:99)
	at org.apache.ratis.grpc.server.GrpcService.requestVote(GrpcService.java:204)
	at org.apache.ratis.server.impl.LeaderElection.lambda$submitRequests$1(LeaderElection.java:234)
	at java.util.concurrent.FutureTask.run(FutureTask.java:266)
	at java.util.concurrent.Executors$RunnableAdapter.call(Executors.java:511)
	at java.util.concurrent.FutureTask.run(FutureTask.java:266)
	at java.util.concurrent.ThreadPoolExecutor.runWorker(ThreadPoolExecutor.java:1149)
	at java.util.concurrent.ThreadPoolExecutor$Worker.run(ThreadPoolExecutor.java:624)
	... 1 more
Caused by: org.apache.ratis.thirdparty.io.netty.channel.AbstractChannel$AnnotatedConnectException: Connection refused: /192.168.157.211:38803
	at sun.nio.ch.SocketChannelImpl.checkConnect(Native Method)
	at sun.nio.ch.SocketChannelImpl.finishConnect(SocketChannelImpl.java:717)
	at org.apache.ratis.thirdparty.io.netty.channel.socket.nio.NioSocketChannel.doFinishConnect(NioSocketChannel.java:327)
	at org.apache.ratis.thirdparty.io.netty.channel.nio.AbstractNioChannel$AbstractNioUnsafe.finishConnect(AbstractNioChannel.java:340)
	at org.apache.ratis.thirdparty.io.netty.channel.nio.NioEventLoop.processSelectedKey(NioEventLoop.java:632)
	at org.apache.ratis.thirdparty.io.netty.channel.nio.NioEventLoop.processSelectedKeysOptimized(NioEventLoop.java:579)
	at org.apache.ratis.thirdparty.io.netty.channel.nio.NioEventLoop.processSelectedKeys(NioEventLoop.java:496)
	at org.apache.ratis.thirdparty.io.netty.channel.nio.NioEventLoop.run(NioEventLoop.java:458)
	at org.apache.ratis.thirdparty.io.netty.util.concurrent.SingleThreadEventExecutor$5.run(SingleThreadEventExecutor.java:897)
	at org.apache.ratis.thirdparty.io.netty.util.concurrent.FastThreadLocalRunnable.run(FastThreadLocalRunnable.java:30)
	... 1 more
Caused by: java.net.ConnectException: Connection refused
	... 11 more
2019-10-17 07:09:50,680 [805254cc-2da6-48d8-a2f9-c1a3ceceab4a@group-2C0FEEE55AE1-LeaderElection1235] INFO  impl.LeaderElection (LogUtils.java:infoOrTrace(149)) -   Exception 1: {}
java.util.concurrent.ExecutionException: org.apache.ratis.thirdparty.io.grpc.StatusRuntimeException: UNAVAILABLE: io exception
	at java.util.concurrent.FutureTask.report(FutureTask.java:122)
	at java.util.concurrent.FutureTask.get(FutureTask.java:192)
	at org.apache.ratis.server.impl.LeaderElection.waitForResults(LeaderElection.java:259)
	at org.apache.ratis.server.impl.LeaderElection.askForVotes(LeaderElection.java:197)
	at org.apache.ratis.server.impl.LeaderElection.run(LeaderElection.java:133)
	at java.lang.Thread.run(Thread.java:748)
Caused by: org.apache.ratis.thirdparty.io.grpc.StatusRuntimeException: UNAVAILABLE: io exception
	at org.apache.ratis.thirdparty.io.grpc.stub.ClientCalls.toStatusRuntimeException(ClientCalls.java:233)
	at org.apache.ratis.thirdparty.io.grpc.stub.ClientCalls.getUnchecked(ClientCalls.java:214)
	at org.apache.ratis.thirdparty.io.grpc.stub.ClientCalls.blockingUnaryCall(ClientCalls.java:139)
	at org.apache.ratis.proto.grpc.RaftServerProtocolServiceGrpc$RaftServerProtocolServiceBlockingStub.requestVote(RaftServerProtocolServiceGrpc.java:265)
	at org.apache.ratis.grpc.server.GrpcServerProtocolClient.requestVote(GrpcServerProtocolClient.java:99)
	at org.apache.ratis.grpc.server.GrpcService.requestVote(GrpcService.java:204)
	at org.apache.ratis.server.impl.LeaderElection.lambda$submitRequests$1(LeaderElection.java:234)
	at java.util.concurrent.FutureTask.run(FutureTask.java:266)
	at java.util.concurrent.Executors$RunnableAdapter.call(Executors.java:511)
	at java.util.concurrent.FutureTask.run(FutureTask.java:266)
	at java.util.concurrent.ThreadPoolExecutor.runWorker(ThreadPoolExecutor.java:1149)
	at java.util.concurrent.ThreadPoolExecutor$Worker.run(ThreadPoolExecutor.java:624)
	... 1 more
Caused by: org.apache.ratis.thirdparty.io.netty.channel.AbstractChannel$AnnotatedConnectException: Connection refused: /192.168.157.211:38722
	at sun.nio.ch.SocketChannelImpl.checkConnect(Native Method)
	at sun.nio.ch.SocketChannelImpl.finishConnect(SocketChannelImpl.java:717)
	at org.apache.ratis.thirdparty.io.netty.channel.socket.nio.NioSocketChannel.doFinishConnect(NioSocketChannel.java:327)
	at org.apache.ratis.thirdparty.io.netty.channel.nio.AbstractNioChannel$AbstractNioUnsafe.finishConnect(AbstractNioChannel.java:340)
	at org.apache.ratis.thirdparty.io.netty.channel.nio.NioEventLoop.processSelectedKey(NioEventLoop.java:632)
	at org.apache.ratis.thirdparty.io.netty.channel.nio.NioEventLoop.processSelectedKeysOptimized(NioEventLoop.java:579)
	at org.apache.ratis.thirdparty.io.netty.channel.nio.NioEventLoop.processSelectedKeys(NioEventLoop.java:496)
	at org.apache.ratis.thirdparty.io.netty.channel.nio.NioEventLoop.run(NioEventLoop.java:458)
	at org.apache.ratis.thirdparty.io.netty.util.concurrent.SingleThreadEventExecutor$5.run(SingleThreadEventExecutor.java:897)
	at org.apache.ratis.thirdparty.io.netty.util.concurrent.FastThreadLocalRunnable.run(FastThreadLocalRunnable.java:30)
	... 1 more
Caused by: java.net.ConnectException: Connection refused
	... 11 more
2019-10-17 07:09:50,680 [805254cc-2da6-48d8-a2f9-c1a3ceceab4a@group-2C0FEEE55AE1-LeaderElection1235] INFO  impl.RaftServerImpl (RaftServerImpl.java:setRole(184)) - 805254cc-2da6-48d8-a2f9-c1a3ceceab4a@group-2C0FEEE55AE1: changes role from CANDIDATE to FOLLOWER at term 170 for DISCOVERED_A_NEW_TERM
2019-10-17 07:09:50,680 [805254cc-2da6-48d8-a2f9-c1a3ceceab4a@group-2C0FEEE55AE1-LeaderElection1235] INFO  impl.RoleInfo (RoleInfo.java:shutdownLeaderElection(134)) - 805254cc-2da6-48d8-a2f9-c1a3ceceab4a: shutdown LeaderElection
2019-10-17 07:09:50,680 [805254cc-2da6-48d8-a2f9-c1a3ceceab4a@group-2C0FEEE55AE1-LeaderElection1235] INFO  impl.RoleInfo (RoleInfo.java:updateAndGet(143)) - 805254cc-2da6-48d8-a2f9-c1a3ceceab4a: start FollowerState
2019-10-17 07:09:50,701 [Datanode State Machine Thread - 0] INFO  statemachine.DatanodeStateMachine (DatanodeStateMachine.java:lambda$startDaemon$0(350)) - Ozone container server started.
2019-10-17 07:09:51,743 [Thread-10844] INFO  impl.FollowerState (FollowerState.java:run(108)) - 805254cc-2da6-48d8-a2f9-c1a3ceceab4a@group-2C0FEEE55AE1-FollowerState: change to CANDIDATE, lastRpcTime:1062ms, electionTimeout:1062ms
2019-10-17 07:09:51,743 [Thread-10844] INFO  impl.RoleInfo (RoleInfo.java:shutdownFollowerState(121)) - 805254cc-2da6-48d8-a2f9-c1a3ceceab4a: shutdown FollowerState
2019-10-17 07:09:51,743 [Thread-10844] INFO  impl.RaftServerImpl (RaftServerImpl.java:setRole(184)) - 805254cc-2da6-48d8-a2f9-c1a3ceceab4a@group-2C0FEEE55AE1: changes role from  FOLLOWER to CANDIDATE at term 170 for changeToCandidate
2019-10-17 07:09:51,743 [Thread-10844] INFO  impl.RoleInfo (RoleInfo.java:updateAndGet(143)) - 805254cc-2da6-48d8-a2f9-c1a3ceceab4a: start LeaderElection
2019-10-17 07:09:51,768 [805254cc-2da6-48d8-a2f9-c1a3ceceab4a@group-2C0FEEE55AE1-LeaderElection1236] INFO  impl.LeaderElection (LeaderElection.java:askForVotes(178)) - 805254cc-2da6-48d8-a2f9-c1a3ceceab4a@group-2C0FEEE55AE1-LeaderElection1236: begin an election at term 171 for 0: [f3ee4219-89bb-47f2-bbe0-5f784575b745:192.168.157.211:38722, 805254cc-2da6-48d8-a2f9-c1a3ceceab4a:192.168.157.211:35407, 696df33b-59a0-4145-913f-936aff0d1566:192.168.157.211:38803], old=null
2019-10-17 07:09:51,769 [805254cc-2da6-48d8-a2f9-c1a3ceceab4a@group-2C0FEEE55AE1-LeaderElection1236] INFO  impl.LeaderElection (LogUtils.java:infoOrTrace(149)) - 805254cc-2da6-48d8-a2f9-c1a3ceceab4a@group-2C0FEEE55AE1-LeaderElection1236 got exception when requesting votes: {}
java.util.concurrent.ExecutionException: org.apache.ratis.thirdparty.io.grpc.StatusRuntimeException: UNAVAILABLE: io exception
	at java.util.concurrent.FutureTask.report(FutureTask.java:122)
	at java.util.concurrent.FutureTask.get(FutureTask.java:192)
	at org.apache.ratis.server.impl.LeaderElection.waitForResults(LeaderElection.java:259)
	at org.apache.ratis.server.impl.LeaderElection.askForVotes(LeaderElection.java:197)
	at org.apache.ratis.server.impl.LeaderElection.run(LeaderElection.java:133)
	at java.lang.Thread.run(Thread.java:748)
Caused by: org.apache.ratis.thirdparty.io.grpc.StatusRuntimeException: UNAVAILABLE: io exception
	at org.apache.ratis.thirdparty.io.grpc.stub.ClientCalls.toStatusRuntimeException(ClientCalls.java:233)
	at org.apache.ratis.thirdparty.io.grpc.stub.ClientCalls.getUnchecked(ClientCalls.java:214)
	at org.apache.ratis.thirdparty.io.grpc.stub.ClientCalls.blockingUnaryCall(ClientCalls.java:139)
	at org.apache.ratis.proto.grpc.RaftServerProtocolServiceGrpc$RaftServerProtocolServiceBlockingStub.requestVote(RaftServerProtocolServiceGrpc.java:265)
	at org.apache.ratis.grpc.server.GrpcServerProtocolClient.requestVote(GrpcServerProtocolClient.java:99)
	at org.apache.ratis.grpc.server.GrpcService.requestVote(GrpcService.java:204)
	at org.apache.ratis.server.impl.LeaderElection.lambda$submitRequests$1(LeaderElection.java:234)
	at java.util.concurrent.FutureTask.run(FutureTask.java:266)
	at java.util.concurrent.Executors$RunnableAdapter.call(Executors.java:511)
	at java.util.concurrent.FutureTask.run(FutureTask.java:266)
	at java.util.concurrent.ThreadPoolExecutor.runWorker(ThreadPoolExecutor.java:1149)
	at java.util.concurrent.ThreadPoolExecutor$Worker.run(ThreadPoolExecutor.java:624)
	... 1 more
Caused by: org.apache.ratis.thirdparty.io.netty.channel.AbstractChannel$AnnotatedConnectException: Connection refused: /192.168.157.211:38722
	at sun.nio.ch.SocketChannelImpl.checkConnect(Native Method)
	at sun.nio.ch.SocketChannelImpl.finishConnect(SocketChannelImpl.java:717)
	at org.apache.ratis.thirdparty.io.netty.channel.socket.nio.NioSocketChannel.doFinishConnect(NioSocketChannel.java:327)
	at org.apache.ratis.thirdparty.io.netty.channel.nio.AbstractNioChannel$AbstractNioUnsafe.finishConnect(AbstractNioChannel.java:340)
	at org.apache.ratis.thirdparty.io.netty.channel.nio.NioEventLoop.processSelectedKey(NioEventLoop.java:632)
	at org.apache.ratis.thirdparty.io.netty.channel.nio.NioEventLoop.processSelectedKeysOptimized(NioEventLoop.java:579)
	at org.apache.ratis.thirdparty.io.netty.channel.nio.NioEventLoop.processSelectedKeys(NioEventLoop.java:496)
	at org.apache.ratis.thirdparty.io.netty.channel.nio.NioEventLoop.run(NioEventLoop.java:458)
	at org.apache.ratis.thirdparty.io.netty.util.concurrent.SingleThreadEventExecutor$5.run(SingleThreadEventExecutor.java:897)
	at org.apache.ratis.thirdparty.io.netty.util.concurrent.FastThreadLocalRunnable.run(FastThreadLocalRunnable.java:30)
	... 1 more
Caused by: java.net.ConnectException: Connection refused
	... 11 more
2019-10-17 07:09:51,769 [805254cc-2da6-48d8-a2f9-c1a3ceceab4a@group-2C0FEEE55AE1-LeaderElection1236] INFO  impl.LeaderElection (LogUtils.java:infoOrTrace(149)) - 805254cc-2da6-48d8-a2f9-c1a3ceceab4a@group-2C0FEEE55AE1-LeaderElection1236 got exception when requesting votes: {}
java.util.concurrent.ExecutionException: org.apache.ratis.thirdparty.io.grpc.StatusRuntimeException: UNAVAILABLE: io exception
	at java.util.concurrent.FutureTask.report(FutureTask.java:122)
	at java.util.concurrent.FutureTask.get(FutureTask.java:192)
	at org.apache.ratis.server.impl.LeaderElection.waitForResults(LeaderElection.java:259)
	at org.apache.ratis.server.impl.LeaderElection.askForVotes(LeaderElection.java:197)
	at org.apache.ratis.server.impl.LeaderElection.run(LeaderElection.java:133)
	at java.lang.Thread.run(Thread.java:748)
Caused by: org.apache.ratis.thirdparty.io.grpc.StatusRuntimeException: UNAVAILABLE: io exception
	at org.apache.ratis.thirdparty.io.grpc.stub.ClientCalls.toStatusRuntimeException(ClientCalls.java:233)
	at org.apache.ratis.thirdparty.io.grpc.stub.ClientCalls.getUnchecked(ClientCalls.java:214)
	at org.apache.ratis.thirdparty.io.grpc.stub.ClientCalls.blockingUnaryCall(ClientCalls.java:139)
	at org.apache.ratis.proto.grpc.RaftServerProtocolServiceGrpc$RaftServerProtocolServiceBlockingStub.requestVote(RaftServerProtocolServiceGrpc.java:265)
	at org.apache.ratis.grpc.server.GrpcServerProtocolClient.requestVote(GrpcServerProtocolClient.java:99)
	at org.apache.ratis.grpc.server.GrpcService.requestVote(GrpcService.java:204)
	at org.apache.ratis.server.impl.LeaderElection.lambda$submitRequests$1(LeaderElection.java:234)
	at java.util.concurrent.FutureTask.run(FutureTask.java:266)
	at java.util.concurrent.Executors$RunnableAdapter.call(Executors.java:511)
	at java.util.concurrent.FutureTask.run(FutureTask.java:266)
	at java.util.concurrent.ThreadPoolExecutor.runWorker(ThreadPoolExecutor.java:1149)
	at java.util.concurrent.ThreadPoolExecutor$Worker.run(ThreadPoolExecutor.java:624)
	... 1 more
Caused by: org.apache.ratis.thirdparty.io.netty.channel.AbstractChannel$AnnotatedConnectException: Connection refused: /192.168.157.211:38803
	at sun.nio.ch.SocketChannelImpl.checkConnect(Native Method)
	at sun.nio.ch.SocketChannelImpl.finishConnect(SocketChannelImpl.java:717)
	at org.apache.ratis.thirdparty.io.netty.channel.socket.nio.NioSocketChannel.doFinishConnect(NioSocketChannel.java:327)
	at org.apache.ratis.thirdparty.io.netty.channel.nio.AbstractNioChannel$AbstractNioUnsafe.finishConnect(AbstractNioChannel.java:340)
	at org.apache.ratis.thirdparty.io.netty.channel.nio.NioEventLoop.processSelectedKey(NioEventLoop.java:632)
	at org.apache.ratis.thirdparty.io.netty.channel.nio.NioEventLoop.processSelectedKeysOptimized(NioEventLoop.java:579)
	at org.apache.ratis.thirdparty.io.netty.channel.nio.NioEventLoop.processSelectedKeys(NioEventLoop.java:496)
	at org.apache.ratis.thirdparty.io.netty.channel.nio.NioEventLoop.run(NioEventLoop.java:458)
	at org.apache.ratis.thirdparty.io.netty.util.concurrent.SingleThreadEventExecutor$5.run(SingleThreadEventExecutor.java:897)
	at org.apache.ratis.thirdparty.io.netty.util.concurrent.FastThreadLocalRunnable.run(FastThreadLocalRunnable.java:30)
	... 1 more
Caused by: java.net.ConnectException: Connection refused
	... 11 more
2019-10-17 07:09:51,769 [805254cc-2da6-48d8-a2f9-c1a3ceceab4a@group-2C0FEEE55AE1-LeaderElection1236] INFO  impl.LeaderElection (LeaderElection.java:logAndReturn(56)) - 805254cc-2da6-48d8-a2f9-c1a3ceceab4a@group-2C0FEEE55AE1-LeaderElection1236: Election REJECTED; received 0 response(s) [] and 2 exception(s); 805254cc-2da6-48d8-a2f9-c1a3ceceab4a@group-2C0FEEE55AE1:t171, leader=null, voted=805254cc-2da6-48d8-a2f9-c1a3ceceab4a, raftlog=805254cc-2da6-48d8-a2f9-c1a3ceceab4a@group-2C0FEEE55AE1-SegmentedRaftLog:OPENED:c-1,f0,i0, conf=0: [f3ee4219-89bb-47f2-bbe0-5f784575b745:192.168.157.211:38722, 805254cc-2da6-48d8-a2f9-c1a3ceceab4a:192.168.157.211:35407, 696df33b-59a0-4145-913f-936aff0d1566:192.168.157.211:38803], old=null
2019-10-17 07:09:51,770 [805254cc-2da6-48d8-a2f9-c1a3ceceab4a@group-2C0FEEE55AE1-LeaderElection1236] INFO  impl.LeaderElection (LogUtils.java:infoOrTrace(149)) -   Exception 0: {}
java.util.concurrent.ExecutionException: org.apache.ratis.thirdparty.io.grpc.StatusRuntimeException: UNAVAILABLE: io exception
	at java.util.concurrent.FutureTask.report(FutureTask.java:122)
	at java.util.concurrent.FutureTask.get(FutureTask.java:192)
	at org.apache.ratis.server.impl.LeaderElection.waitForResults(LeaderElection.java:259)
	at org.apache.ratis.server.impl.LeaderElection.askForVotes(LeaderElection.java:197)
	at org.apache.ratis.server.impl.LeaderElection.run(LeaderElection.java:133)
	at java.lang.Thread.run(Thread.java:748)
Caused by: org.apache.ratis.thirdparty.io.grpc.StatusRuntimeException: UNAVAILABLE: io exception
	at org.apache.ratis.thirdparty.io.grpc.stub.ClientCalls.toStatusRuntimeException(ClientCalls.java:233)
	at org.apache.ratis.thirdparty.io.grpc.stub.ClientCalls.getUnchecked(ClientCalls.java:214)
	at org.apache.ratis.thirdparty.io.grpc.stub.ClientCalls.blockingUnaryCall(ClientCalls.java:139)
	at org.apache.ratis.proto.grpc.RaftServerProtocolServiceGrpc$RaftServerProtocolServiceBlockingStub.requestVote(RaftServerProtocolServiceGrpc.java:265)
	at org.apache.ratis.grpc.server.GrpcServerProtocolClient.requestVote(GrpcServerProtocolClient.java:99)
	at org.apache.ratis.grpc.server.GrpcService.requestVote(GrpcService.java:204)
	at org.apache.ratis.server.impl.LeaderElection.lambda$submitRequests$1(LeaderElection.java:234)
	at java.util.concurrent.FutureTask.run(FutureTask.java:266)
	at java.util.concurrent.Executors$RunnableAdapter.call(Executors.java:511)
	at java.util.concurrent.FutureTask.run(FutureTask.java:266)
	at java.util.concurrent.ThreadPoolExecutor.runWorker(ThreadPoolExecutor.java:1149)
	at java.util.concurrent.ThreadPoolExecutor$Worker.run(ThreadPoolExecutor.java:624)
	... 1 more
Caused by: org.apache.ratis.thirdparty.io.netty.channel.AbstractChannel$AnnotatedConnectException: Connection refused: /192.168.157.211:38722
	at sun.nio.ch.SocketChannelImpl.checkConnect(Native Method)
	at sun.nio.ch.SocketChannelImpl.finishConnect(SocketChannelImpl.java:717)
	at org.apache.ratis.thirdparty.io.netty.channel.socket.nio.NioSocketChannel.doFinishConnect(NioSocketChannel.java:327)
	at org.apache.ratis.thirdparty.io.netty.channel.nio.AbstractNioChannel$AbstractNioUnsafe.finishConnect(AbstractNioChannel.java:340)
	at org.apache.ratis.thirdparty.io.netty.channel.nio.NioEventLoop.processSelectedKey(NioEventLoop.java:632)
	at org.apache.ratis.thirdparty.io.netty.channel.nio.NioEventLoop.processSelectedKeysOptimized(NioEventLoop.java:579)
	at org.apache.ratis.thirdparty.io.netty.channel.nio.NioEventLoop.processSelectedKeys(NioEventLoop.java:496)
	at org.apache.ratis.thirdparty.io.netty.channel.nio.NioEventLoop.run(NioEventLoop.java:458)
	at org.apache.ratis.thirdparty.io.netty.util.concurrent.SingleThreadEventExecutor$5.run(SingleThreadEventExecutor.java:897)
	at org.apache.ratis.thirdparty.io.netty.util.concurrent.FastThreadLocalRunnable.run(FastThreadLocalRunnable.java:30)
	... 1 more
Caused by: java.net.ConnectException: Connection refused
	... 11 more
2019-10-17 07:09:51,770 [805254cc-2da6-48d8-a2f9-c1a3ceceab4a@group-2C0FEEE55AE1-LeaderElection1236] INFO  impl.LeaderElection (LogUtils.java:infoOrTrace(149)) -   Exception 1: {}
java.util.concurrent.ExecutionException: org.apache.ratis.thirdparty.io.grpc.StatusRuntimeException: UNAVAILABLE: io exception
	at java.util.concurrent.FutureTask.report(FutureTask.java:122)
	at java.util.concurrent.FutureTask.get(FutureTask.java:192)
	at org.apache.ratis.server.impl.LeaderElection.waitForResults(LeaderElection.java:259)
	at org.apache.ratis.server.impl.LeaderElection.askForVotes(LeaderElection.java:197)
	at org.apache.ratis.server.impl.LeaderElection.run(LeaderElection.java:133)
	at java.lang.Thread.run(Thread.java:748)
Caused by: org.apache.ratis.thirdparty.io.grpc.StatusRuntimeException: UNAVAILABLE: io exception
	at org.apache.ratis.thirdparty.io.grpc.stub.ClientCalls.toStatusRuntimeException(ClientCalls.java:233)
	at org.apache.ratis.thirdparty.io.grpc.stub.ClientCalls.getUnchecked(ClientCalls.java:214)
	at org.apache.ratis.thirdparty.io.grpc.stub.ClientCalls.blockingUnaryCall(ClientCalls.java:139)
	at org.apache.ratis.proto.grpc.RaftServerProtocolServiceGrpc$RaftServerProtocolServiceBlockingStub.requestVote(RaftServerProtocolServiceGrpc.java:265)
	at org.apache.ratis.grpc.server.GrpcServerProtocolClient.requestVote(GrpcServerProtocolClient.java:99)
	at org.apache.ratis.grpc.server.GrpcService.requestVote(GrpcService.java:204)
	at org.apache.ratis.server.impl.LeaderElection.lambda$submitRequests$1(LeaderElection.java:234)
	at java.util.concurrent.FutureTask.run(FutureTask.java:266)
	at java.util.concurrent.Executors$RunnableAdapter.call(Executors.java:511)
	at java.util.concurrent.FutureTask.run(FutureTask.java:266)
	at java.util.concurrent.ThreadPoolExecutor.runWorker(ThreadPoolExecutor.java:1149)
	at java.util.concurrent.ThreadPoolExecutor$Worker.run(ThreadPoolExecutor.java:624)
	... 1 more
Caused by: org.apache.ratis.thirdparty.io.netty.channel.AbstractChannel$AnnotatedConnectException: Connection refused: /192.168.157.211:38803
	at sun.nio.ch.SocketChannelImpl.checkConnect(Native Method)
	at sun.nio.ch.SocketChannelImpl.finishConnect(SocketChannelImpl.java:717)
	at org.apache.ratis.thirdparty.io.netty.channel.socket.nio.NioSocketChannel.doFinishConnect(NioSocketChannel.java:327)
	at org.apache.ratis.thirdparty.io.netty.channel.nio.AbstractNioChannel$AbstractNioUnsafe.finishConnect(AbstractNioChannel.java:340)
	at org.apache.ratis.thirdparty.io.netty.channel.nio.NioEventLoop.processSelectedKey(NioEventLoop.java:632)
	at org.apache.ratis.thirdparty.io.netty.channel.nio.NioEventLoop.processSelectedKeysOptimized(NioEventLoop.java:579)
	at org.apache.ratis.thirdparty.io.netty.channel.nio.NioEventLoop.processSelectedKeys(NioEventLoop.java:496)
	at org.apache.ratis.thirdparty.io.netty.channel.nio.NioEventLoop.run(NioEventLoop.java:458)
	at org.apache.ratis.thirdparty.io.netty.util.concurrent.SingleThreadEventExecutor$5.run(SingleThreadEventExecutor.java:897)
	at org.apache.ratis.thirdparty.io.netty.util.concurrent.FastThreadLocalRunnable.run(FastThreadLocalRunnable.java:30)
	... 1 more
Caused by: java.net.ConnectException: Connection refused
	... 11 more
2019-10-17 07:09:51,770 [805254cc-2da6-48d8-a2f9-c1a3ceceab4a@group-2C0FEEE55AE1-LeaderElection1236] INFO  impl.RaftServerImpl (RaftServerImpl.java:setRole(184)) - 805254cc-2da6-48d8-a2f9-c1a3ceceab4a@group-2C0FEEE55AE1: changes role from CANDIDATE to FOLLOWER at term 171 for DISCOVERED_A_NEW_TERM
2019-10-17 07:09:51,770 [805254cc-2da6-48d8-a2f9-c1a3ceceab4a@group-2C0FEEE55AE1-LeaderElection1236] INFO  impl.RoleInfo (RoleInfo.java:shutdownLeaderElection(134)) - 805254cc-2da6-48d8-a2f9-c1a3ceceab4a: shutdown LeaderElection
2019-10-17 07:09:51,770 [805254cc-2da6-48d8-a2f9-c1a3ceceab4a@group-2C0FEEE55AE1-LeaderElection1236] INFO  impl.RoleInfo (RoleInfo.java:updateAndGet(143)) - 805254cc-2da6-48d8-a2f9-c1a3ceceab4a: start FollowerState
2019-10-17 07:09:52,926 [Thread-10854] INFO  impl.FollowerState (FollowerState.java:run(108)) - 805254cc-2da6-48d8-a2f9-c1a3ceceab4a@group-2C0FEEE55AE1-FollowerState: change to CANDIDATE, lastRpcTime:1155ms, electionTimeout:1155ms
2019-10-17 07:09:52,926 [Thread-10854] INFO  impl.RoleInfo (RoleInfo.java:shutdownFollowerState(121)) - 805254cc-2da6-48d8-a2f9-c1a3ceceab4a: shutdown FollowerState
2019-10-17 07:09:52,926 [Thread-10854] INFO  impl.RaftServerImpl (RaftServerImpl.java:setRole(184)) - 805254cc-2da6-48d8-a2f9-c1a3ceceab4a@group-2C0FEEE55AE1: changes role from  FOLLOWER to CANDIDATE at term 171 for changeToCandidate
2019-10-17 07:09:52,926 [Thread-10854] INFO  impl.RoleInfo (RoleInfo.java:updateAndGet(143)) - 805254cc-2da6-48d8-a2f9-c1a3ceceab4a: start LeaderElection
2019-10-17 07:09:52,940 [805254cc-2da6-48d8-a2f9-c1a3ceceab4a@group-2C0FEEE55AE1-LeaderElection1237] INFO  impl.LeaderElection (LeaderElection.java:askForVotes(178)) - 805254cc-2da6-48d8-a2f9-c1a3ceceab4a@group-2C0FEEE55AE1-LeaderElection1237: begin an election at term 172 for 0: [f3ee4219-89bb-47f2-bbe0-5f784575b745:192.168.157.211:38722, 805254cc-2da6-48d8-a2f9-c1a3ceceab4a:192.168.157.211:35407, 696df33b-59a0-4145-913f-936aff0d1566:192.168.157.211:38803], old=null
2019-10-17 07:09:52,941 [805254cc-2da6-48d8-a2f9-c1a3ceceab4a@group-2C0FEEE55AE1-LeaderElection1237] INFO  impl.LeaderElection (LogUtils.java:infoOrTrace(149)) - 805254cc-2da6-48d8-a2f9-c1a3ceceab4a@group-2C0FEEE55AE1-LeaderElection1237 got exception when requesting votes: {}
java.util.concurrent.ExecutionException: org.apache.ratis.thirdparty.io.grpc.StatusRuntimeException: UNAVAILABLE: io exception
	at java.util.concurrent.FutureTask.report(FutureTask.java:122)
	at java.util.concurrent.FutureTask.get(FutureTask.java:192)
	at org.apache.ratis.server.impl.LeaderElection.waitForResults(LeaderElection.java:259)
	at org.apache.ratis.server.impl.LeaderElection.askForVotes(LeaderElection.java:197)
	at org.apache.ratis.server.impl.LeaderElection.run(LeaderElection.java:133)
	at java.lang.Thread.run(Thread.java:748)
Caused by: org.apache.ratis.thirdparty.io.grpc.StatusRuntimeException: UNAVAILABLE: io exception
	at org.apache.ratis.thirdparty.io.grpc.stub.ClientCalls.toStatusRuntimeException(ClientCalls.java:233)
	at org.apache.ratis.thirdparty.io.grpc.stub.ClientCalls.getUnchecked(ClientCalls.java:214)
	at org.apache.ratis.thirdparty.io.grpc.stub.ClientCalls.blockingUnaryCall(ClientCalls.java:139)
	at org.apache.ratis.proto.grpc.RaftServerProtocolServiceGrpc$RaftServerProtocolServiceBlockingStub.requestVote(RaftServerProtocolServiceGrpc.java:265)
	at org.apache.ratis.grpc.server.GrpcServerProtocolClient.requestVote(GrpcServerProtocolClient.java:99)
	at org.apache.ratis.grpc.server.GrpcService.requestVote(GrpcService.java:204)
	at org.apache.ratis.server.impl.LeaderElection.lambda$submitRequests$1(LeaderElection.java:234)
	at java.util.concurrent.FutureTask.run(FutureTask.java:266)
	at java.util.concurrent.Executors$RunnableAdapter.call(Executors.java:511)
	at java.util.concurrent.FutureTask.run(FutureTask.java:266)
	at java.util.concurrent.ThreadPoolExecutor.runWorker(ThreadPoolExecutor.java:1149)
	at java.util.concurrent.ThreadPoolExecutor$Worker.run(ThreadPoolExecutor.java:624)
	... 1 more
Caused by: org.apache.ratis.thirdparty.io.netty.channel.AbstractChannel$AnnotatedConnectException: Connection refused: /192.168.157.211:38803
	at sun.nio.ch.SocketChannelImpl.checkConnect(Native Method)
	at sun.nio.ch.SocketChannelImpl.finishConnect(SocketChannelImpl.java:717)
	at org.apache.ratis.thirdparty.io.netty.channel.socket.nio.NioSocketChannel.doFinishConnect(NioSocketChannel.java:327)
	at org.apache.ratis.thirdparty.io.netty.channel.nio.AbstractNioChannel$AbstractNioUnsafe.finishConnect(AbstractNioChannel.java:340)
	at org.apache.ratis.thirdparty.io.netty.channel.nio.NioEventLoop.processSelectedKey(NioEventLoop.java:632)
	at org.apache.ratis.thirdparty.io.netty.channel.nio.NioEventLoop.processSelectedKeysOptimized(NioEventLoop.java:579)
	at org.apache.ratis.thirdparty.io.netty.channel.nio.NioEventLoop.processSelectedKeys(NioEventLoop.java:496)
	at org.apache.ratis.thirdparty.io.netty.channel.nio.NioEventLoop.run(NioEventLoop.java:458)
	at org.apache.ratis.thirdparty.io.netty.util.concurrent.SingleThreadEventExecutor$5.run(SingleThreadEventExecutor.java:897)
	at org.apache.ratis.thirdparty.io.netty.util.concurrent.FastThreadLocalRunnable.run(FastThreadLocalRunnable.java:30)
	... 1 more
Caused by: java.net.ConnectException: Connection refused
	... 11 more
2019-10-17 07:09:52,941 [805254cc-2da6-48d8-a2f9-c1a3ceceab4a@group-2C0FEEE55AE1-LeaderElection1237] INFO  impl.LeaderElection (LogUtils.java:infoOrTrace(149)) - 805254cc-2da6-48d8-a2f9-c1a3ceceab4a@group-2C0FEEE55AE1-LeaderElection1237 got exception when requesting votes: {}
java.util.concurrent.ExecutionException: org.apache.ratis.thirdparty.io.grpc.StatusRuntimeException: UNAVAILABLE: io exception
	at java.util.concurrent.FutureTask.report(FutureTask.java:122)
	at java.util.concurrent.FutureTask.get(FutureTask.java:192)
	at org.apache.ratis.server.impl.LeaderElection.waitForResults(LeaderElection.java:259)
	at org.apache.ratis.server.impl.LeaderElection.askForVotes(LeaderElection.java:197)
	at org.apache.ratis.server.impl.LeaderElection.run(LeaderElection.java:133)
	at java.lang.Thread.run(Thread.java:748)
Caused by: org.apache.ratis.thirdparty.io.grpc.StatusRuntimeException: UNAVAILABLE: io exception
	at org.apache.ratis.thirdparty.io.grpc.stub.ClientCalls.toStatusRuntimeException(ClientCalls.java:233)
	at org.apache.ratis.thirdparty.io.grpc.stub.ClientCalls.getUnchecked(ClientCalls.java:214)
	at org.apache.ratis.thirdparty.io.grpc.stub.ClientCalls.blockingUnaryCall(ClientCalls.java:139)
	at org.apache.ratis.proto.grpc.RaftServerProtocolServiceGrpc$RaftServerProtocolServiceBlockingStub.requestVote(RaftServerProtocolServiceGrpc.java:265)
	at org.apache.ratis.grpc.server.GrpcServerProtocolClient.requestVote(GrpcServerProtocolClient.java:99)
	at org.apache.ratis.grpc.server.GrpcService.requestVote(GrpcService.java:204)
	at org.apache.ratis.server.impl.LeaderElection.lambda$submitRequests$1(LeaderElection.java:234)
	at java.util.concurrent.FutureTask.run(FutureTask.java:266)
	at java.util.concurrent.Executors$RunnableAdapter.call(Executors.java:511)
	at java.util.concurrent.FutureTask.run(FutureTask.java:266)
	at java.util.concurrent.ThreadPoolExecutor.runWorker(ThreadPoolExecutor.java:1149)
	at java.util.concurrent.ThreadPoolExecutor$Worker.run(ThreadPoolExecutor.java:624)
	... 1 more
Caused by: org.apache.ratis.thirdparty.io.netty.channel.AbstractChannel$AnnotatedConnectException: Connection refused: /192.168.157.211:38722
	at sun.nio.ch.SocketChannelImpl.checkConnect(Native Method)
	at sun.nio.ch.SocketChannelImpl.finishConnect(SocketChannelImpl.java:717)
	at org.apache.ratis.thirdparty.io.netty.channel.socket.nio.NioSocketChannel.doFinishConnect(NioSocketChannel.java:327)
	at org.apache.ratis.thirdparty.io.netty.channel.nio.AbstractNioChannel$AbstractNioUnsafe.finishConnect(AbstractNioChannel.java:340)
	at org.apache.ratis.thirdparty.io.netty.channel.nio.NioEventLoop.processSelectedKey(NioEventLoop.java:632)
	at org.apache.ratis.thirdparty.io.netty.channel.nio.NioEventLoop.processSelectedKeysOptimized(NioEventLoop.java:579)
	at org.apache.ratis.thirdparty.io.netty.channel.nio.NioEventLoop.processSelectedKeys(NioEventLoop.java:496)
	at org.apache.ratis.thirdparty.io.netty.channel.nio.NioEventLoop.run(NioEventLoop.java:458)
	at org.apache.ratis.thirdparty.io.netty.util.concurrent.SingleThreadEventExecutor$5.run(SingleThreadEventExecutor.java:897)
	at org.apache.ratis.thirdparty.io.netty.util.concurrent.FastThreadLocalRunnable.run(FastThreadLocalRunnable.java:30)
	... 1 more
Caused by: java.net.ConnectException: Connection refused
	... 11 more
2019-10-17 07:09:52,942 [805254cc-2da6-48d8-a2f9-c1a3ceceab4a@group-2C0FEEE55AE1-LeaderElection1237] INFO  impl.LeaderElection (LeaderElection.java:logAndReturn(56)) - 805254cc-2da6-48d8-a2f9-c1a3ceceab4a@group-2C0FEEE55AE1-LeaderElection1237: Election REJECTED; received 0 response(s) [] and 2 exception(s); 805254cc-2da6-48d8-a2f9-c1a3ceceab4a@group-2C0FEEE55AE1:t172, leader=null, voted=805254cc-2da6-48d8-a2f9-c1a3ceceab4a, raftlog=805254cc-2da6-48d8-a2f9-c1a3ceceab4a@group-2C0FEEE55AE1-SegmentedRaftLog:OPENED:c-1,f0,i0, conf=0: [f3ee4219-89bb-47f2-bbe0-5f784575b745:192.168.157.211:38722, 805254cc-2da6-48d8-a2f9-c1a3ceceab4a:192.168.157.211:35407, 696df33b-59a0-4145-913f-936aff0d1566:192.168.157.211:38803], old=null
2019-10-17 07:09:52,942 [805254cc-2da6-48d8-a2f9-c1a3ceceab4a@group-2C0FEEE55AE1-LeaderElection1237] INFO  impl.LeaderElection (LogUtils.java:infoOrTrace(149)) -   Exception 0: {}
java.util.concurrent.ExecutionException: org.apache.ratis.thirdparty.io.grpc.StatusRuntimeException: UNAVAILABLE: io exception
	at java.util.concurrent.FutureTask.report(FutureTask.java:122)
	at java.util.concurrent.FutureTask.get(FutureTask.java:192)
	at org.apache.ratis.server.impl.LeaderElection.waitForResults(LeaderElection.java:259)
	at org.apache.ratis.server.impl.LeaderElection.askForVotes(LeaderElection.java:197)
	at org.apache.ratis.server.impl.LeaderElection.run(LeaderElection.java:133)
	at java.lang.Thread.run(Thread.java:748)
Caused by: org.apache.ratis.thirdparty.io.grpc.StatusRuntimeException: UNAVAILABLE: io exception
	at org.apache.ratis.thirdparty.io.grpc.stub.ClientCalls.toStatusRuntimeException(ClientCalls.java:233)
	at org.apache.ratis.thirdparty.io.grpc.stub.ClientCalls.getUnchecked(ClientCalls.java:214)
	at org.apache.ratis.thirdparty.io.grpc.stub.ClientCalls.blockingUnaryCall(ClientCalls.java:139)
	at org.apache.ratis.proto.grpc.RaftServerProtocolServiceGrpc$RaftServerProtocolServiceBlockingStub.requestVote(RaftServerProtocolServiceGrpc.java:265)
	at org.apache.ratis.grpc.server.GrpcServerProtocolClient.requestVote(GrpcServerProtocolClient.java:99)
	at org.apache.ratis.grpc.server.GrpcService.requestVote(GrpcService.java:204)
	at org.apache.ratis.server.impl.LeaderElection.lambda$submitRequests$1(LeaderElection.java:234)
	at java.util.concurrent.FutureTask.run(FutureTask.java:266)
	at java.util.concurrent.Executors$RunnableAdapter.call(Executors.java:511)
	at java.util.concurrent.FutureTask.run(FutureTask.java:266)
	at java.util.concurrent.ThreadPoolExecutor.runWorker(ThreadPoolExecutor.java:1149)
	at java.util.concurrent.ThreadPoolExecutor$Worker.run(ThreadPoolExecutor.java:624)
	... 1 more
Caused by: org.apache.ratis.thirdparty.io.netty.channel.AbstractChannel$AnnotatedConnectException: Connection refused: /192.168.157.211:38803
	at sun.nio.ch.SocketChannelImpl.checkConnect(Native Method)
	at sun.nio.ch.SocketChannelImpl.finishConnect(SocketChannelImpl.java:717)
	at org.apache.ratis.thirdparty.io.netty.channel.socket.nio.NioSocketChannel.doFinishConnect(NioSocketChannel.java:327)
	at org.apache.ratis.thirdparty.io.netty.channel.nio.AbstractNioChannel$AbstractNioUnsafe.finishConnect(AbstractNioChannel.java:340)
	at org.apache.ratis.thirdparty.io.netty.channel.nio.NioEventLoop.processSelectedKey(NioEventLoop.java:632)
	at org.apache.ratis.thirdparty.io.netty.channel.nio.NioEventLoop.processSelectedKeysOptimized(NioEventLoop.java:579)
	at org.apache.ratis.thirdparty.io.netty.channel.nio.NioEventLoop.processSelectedKeys(NioEventLoop.java:496)
	at org.apache.ratis.thirdparty.io.netty.channel.nio.NioEventLoop.run(NioEventLoop.java:458)
	at org.apache.ratis.thirdparty.io.netty.util.concurrent.SingleThreadEventExecutor$5.run(SingleThreadEventExecutor.java:897)
	at org.apache.ratis.thirdparty.io.netty.util.concurrent.FastThreadLocalRunnable.run(FastThreadLocalRunnable.java:30)
	... 1 more
Caused by: java.net.ConnectException: Connection refused
	... 11 more
2019-10-17 07:09:52,943 [805254cc-2da6-48d8-a2f9-c1a3ceceab4a@group-2C0FEEE55AE1-LeaderElection1237] INFO  impl.LeaderElection (LogUtils.java:infoOrTrace(149)) -   Exception 1: {}
java.util.concurrent.ExecutionException: org.apache.ratis.thirdparty.io.grpc.StatusRuntimeException: UNAVAILABLE: io exception
	at java.util.concurrent.FutureTask.report(FutureTask.java:122)
	at java.util.concurrent.FutureTask.get(FutureTask.java:192)
	at org.apache.ratis.server.impl.LeaderElection.waitForResults(LeaderElection.java:259)
	at org.apache.ratis.server.impl.LeaderElection.askForVotes(LeaderElection.java:197)
	at org.apache.ratis.server.impl.LeaderElection.run(LeaderElection.java:133)
	at java.lang.Thread.run(Thread.java:748)
Caused by: org.apache.ratis.thirdparty.io.grpc.StatusRuntimeException: UNAVAILABLE: io exception
	at org.apache.ratis.thirdparty.io.grpc.stub.ClientCalls.toStatusRuntimeException(ClientCalls.java:233)
	at org.apache.ratis.thirdparty.io.grpc.stub.ClientCalls.getUnchecked(ClientCalls.java:214)
	at org.apache.ratis.thirdparty.io.grpc.stub.ClientCalls.blockingUnaryCall(ClientCalls.java:139)
	at org.apache.ratis.proto.grpc.RaftServerProtocolServiceGrpc$RaftServerProtocolServiceBlockingStub.requestVote(RaftServerProtocolServiceGrpc.java:265)
	at org.apache.ratis.grpc.server.GrpcServerProtocolClient.requestVote(GrpcServerProtocolClient.java:99)
	at org.apache.ratis.grpc.server.GrpcService.requestVote(GrpcService.java:204)
	at org.apache.ratis.server.impl.LeaderElection.lambda$submitRequests$1(LeaderElection.java:234)
	at java.util.concurrent.FutureTask.run(FutureTask.java:266)
	at java.util.concurrent.Executors$RunnableAdapter.call(Executors.java:511)
	at java.util.concurrent.FutureTask.run(FutureTask.java:266)
	at java.util.concurrent.ThreadPoolExecutor.runWorker(ThreadPoolExecutor.java:1149)
	at java.util.concurrent.ThreadPoolExecutor$Worker.run(ThreadPoolExecutor.java:624)
	... 1 more
Caused by: org.apache.ratis.thirdparty.io.netty.channel.AbstractChannel$AnnotatedConnectException: Connection refused: /192.168.157.211:38722
	at sun.nio.ch.SocketChannelImpl.checkConnect(Native Method)
	at sun.nio.ch.SocketChannelImpl.finishConnect(SocketChannelImpl.java:717)
	at org.apache.ratis.thirdparty.io.netty.channel.socket.nio.NioSocketChannel.doFinishConnect(NioSocketChannel.java:327)
	at org.apache.ratis.thirdparty.io.netty.channel.nio.AbstractNioChannel$AbstractNioUnsafe.finishConnect(AbstractNioChannel.java:340)
	at org.apache.ratis.thirdparty.io.netty.channel.nio.NioEventLoop.processSelectedKey(NioEventLoop.java:632)
	at org.apache.ratis.thirdparty.io.netty.channel.nio.NioEventLoop.processSelectedKeysOptimized(NioEventLoop.java:579)
	at org.apache.ratis.thirdparty.io.netty.channel.nio.NioEventLoop.processSelectedKeys(NioEventLoop.java:496)
	at org.apache.ratis.thirdparty.io.netty.channel.nio.NioEventLoop.run(NioEventLoop.java:458)
	at org.apache.ratis.thirdparty.io.netty.util.concurrent.SingleThreadEventExecutor$5.run(SingleThreadEventExecutor.java:897)
	at org.apache.ratis.thirdparty.io.netty.util.concurrent.FastThreadLocalRunnable.run(FastThreadLocalRunnable.java:30)
	... 1 more
Caused by: java.net.ConnectException: Connection refused
	... 11 more
2019-10-17 07:09:52,943 [805254cc-2da6-48d8-a2f9-c1a3ceceab4a@group-2C0FEEE55AE1-LeaderElection1237] INFO  impl.RaftServerImpl (RaftServerImpl.java:setRole(184)) - 805254cc-2da6-48d8-a2f9-c1a3ceceab4a@group-2C0FEEE55AE1: changes role from CANDIDATE to FOLLOWER at term 172 for DISCOVERED_A_NEW_TERM
2019-10-17 07:09:52,943 [805254cc-2da6-48d8-a2f9-c1a3ceceab4a@group-2C0FEEE55AE1-LeaderElection1237] INFO  impl.RoleInfo (RoleInfo.java:shutdownLeaderElection(134)) - 805254cc-2da6-48d8-a2f9-c1a3ceceab4a: shutdown LeaderElection
2019-10-17 07:09:52,943 [805254cc-2da6-48d8-a2f9-c1a3ceceab4a@group-2C0FEEE55AE1-LeaderElection1237] INFO  impl.RoleInfo (RoleInfo.java:updateAndGet(143)) - 805254cc-2da6-48d8-a2f9-c1a3ceceab4a: start FollowerState
2019-10-17 07:09:53,082 [java.util.concurrent.ThreadPoolExecutor$Worker@1bc8ec8[State = -1, empty queue]] WARN  server.GrpcLogAppender (GrpcLogAppender.java:timeoutAppendRequest(209)) - 5f7ef38b-a645-4f95-94e6-bd075ea30748@group-E6EB69311C83->0acdc124-2757-4c91-93b1-ab1a2908776d-GrpcLogAppender: appendEntries Timeout, request=5f7ef38b-a645-4f95-94e6-bd075ea30748->0acdc124-2757-4c91-93b1-ab1a2908776d#54-t1, previous=(t:1, i:12), leaderCommit=12, initializing? false, entries: <empty>
2019-10-17 07:09:53,582 [java.util.concurrent.ThreadPoolExecutor$Worker@1bc8ec8[State = -1, empty queue]] WARN  server.GrpcLogAppender (GrpcLogAppender.java:timeoutAppendRequest(209)) - 5f7ef38b-a645-4f95-94e6-bd075ea30748@group-E6EB69311C83->0acdc124-2757-4c91-93b1-ab1a2908776d-GrpcLogAppender: appendEntries Timeout, request=5f7ef38b-a645-4f95-94e6-bd075ea30748->0acdc124-2757-4c91-93b1-ab1a2908776d#55-t1, previous=(t:1, i:12), leaderCommit=12, initializing? false, entries: <empty>
2019-10-17 07:09:53,951 [Thread-10864] INFO  impl.FollowerState (FollowerState.java:run(108)) - 805254cc-2da6-48d8-a2f9-c1a3ceceab4a@group-2C0FEEE55AE1-FollowerState: change to CANDIDATE, lastRpcTime:1008ms, electionTimeout:1008ms
2019-10-17 07:09:53,952 [Thread-10864] INFO  impl.RoleInfo (RoleInfo.java:shutdownFollowerState(121)) - 805254cc-2da6-48d8-a2f9-c1a3ceceab4a: shutdown FollowerState
2019-10-17 07:09:53,952 [Thread-10864] INFO  impl.RaftServerImpl (RaftServerImpl.java:setRole(184)) - 805254cc-2da6-48d8-a2f9-c1a3ceceab4a@group-2C0FEEE55AE1: changes role from  FOLLOWER to CANDIDATE at term 172 for changeToCandidate
2019-10-17 07:09:53,952 [Thread-10864] INFO  impl.RoleInfo (RoleInfo.java:updateAndGet(143)) - 805254cc-2da6-48d8-a2f9-c1a3ceceab4a: start LeaderElection
2019-10-17 07:09:53,974 [805254cc-2da6-48d8-a2f9-c1a3ceceab4a@group-2C0FEEE55AE1-LeaderElection1238] INFO  impl.LeaderElection (LeaderElection.java:askForVotes(178)) - 805254cc-2da6-48d8-a2f9-c1a3ceceab4a@group-2C0FEEE55AE1-LeaderElection1238: begin an election at term 173 for 0: [f3ee4219-89bb-47f2-bbe0-5f784575b745:192.168.157.211:38722, 805254cc-2da6-48d8-a2f9-c1a3ceceab4a:192.168.157.211:35407, 696df33b-59a0-4145-913f-936aff0d1566:192.168.157.211:38803], old=null
2019-10-17 07:09:53,975 [805254cc-2da6-48d8-a2f9-c1a3ceceab4a@group-2C0FEEE55AE1-LeaderElection1238] INFO  impl.LeaderElection (LogUtils.java:infoOrTrace(149)) - 805254cc-2da6-48d8-a2f9-c1a3ceceab4a@group-2C0FEEE55AE1-LeaderElection1238 got exception when requesting votes: {}
java.util.concurrent.ExecutionException: org.apache.ratis.thirdparty.io.grpc.StatusRuntimeException: UNAVAILABLE: io exception
	at java.util.concurrent.FutureTask.report(FutureTask.java:122)
	at java.util.concurrent.FutureTask.get(FutureTask.java:192)
	at org.apache.ratis.server.impl.LeaderElection.waitForResults(LeaderElection.java:259)
	at org.apache.ratis.server.impl.LeaderElection.askForVotes(LeaderElection.java:197)
	at org.apache.ratis.server.impl.LeaderElection.run(LeaderElection.java:133)
	at java.lang.Thread.run(Thread.java:748)
Caused by: org.apache.ratis.thirdparty.io.grpc.StatusRuntimeException: UNAVAILABLE: io exception
	at org.apache.ratis.thirdparty.io.grpc.stub.ClientCalls.toStatusRuntimeException(ClientCalls.java:233)
	at org.apache.ratis.thirdparty.io.grpc.stub.ClientCalls.getUnchecked(ClientCalls.java:214)
	at org.apache.ratis.thirdparty.io.grpc.stub.ClientCalls.blockingUnaryCall(ClientCalls.java:139)
	at org.apache.ratis.proto.grpc.RaftServerProtocolServiceGrpc$RaftServerProtocolServiceBlockingStub.requestVote(RaftServerProtocolServiceGrpc.java:265)
	at org.apache.ratis.grpc.server.GrpcServerProtocolClient.requestVote(GrpcServerProtocolClient.java:99)
	at org.apache.ratis.grpc.server.GrpcService.requestVote(GrpcService.java:204)
	at org.apache.ratis.server.impl.LeaderElection.lambda$submitRequests$1(LeaderElection.java:234)
	at java.util.concurrent.FutureTask.run(FutureTask.java:266)
	at java.util.concurrent.Executors$RunnableAdapter.call(Executors.java:511)
	at java.util.concurrent.FutureTask.run(FutureTask.java:266)
	at java.util.concurrent.ThreadPoolExecutor.runWorker(ThreadPoolExecutor.java:1149)
	at java.util.concurrent.ThreadPoolExecutor$Worker.run(ThreadPoolExecutor.java:624)
	... 1 more
Caused by: org.apache.ratis.thirdparty.io.netty.channel.AbstractChannel$AnnotatedConnectException: Connection refused: /192.168.157.211:38803
	at sun.nio.ch.SocketChannelImpl.checkConnect(Native Method)
	at sun.nio.ch.SocketChannelImpl.finishConnect(SocketChannelImpl.java:717)
	at org.apache.ratis.thirdparty.io.netty.channel.socket.nio.NioSocketChannel.doFinishConnect(NioSocketChannel.java:327)
	at org.apache.ratis.thirdparty.io.netty.channel.nio.AbstractNioChannel$AbstractNioUnsafe.finishConnect(AbstractNioChannel.java:340)
	at org.apache.ratis.thirdparty.io.netty.channel.nio.NioEventLoop.processSelectedKey(NioEventLoop.java:632)
	at org.apache.ratis.thirdparty.io.netty.channel.nio.NioEventLoop.processSelectedKeysOptimized(NioEventLoop.java:579)
	at org.apache.ratis.thirdparty.io.netty.channel.nio.NioEventLoop.processSelectedKeys(NioEventLoop.java:496)
	at org.apache.ratis.thirdparty.io.netty.channel.nio.NioEventLoop.run(NioEventLoop.java:458)
	at org.apache.ratis.thirdparty.io.netty.util.concurrent.SingleThreadEventExecutor$5.run(SingleThreadEventExecutor.java:897)
	at org.apache.ratis.thirdparty.io.netty.util.concurrent.FastThreadLocalRunnable.run(FastThreadLocalRunnable.java:30)
	... 1 more
Caused by: java.net.ConnectException: Connection refused
	... 11 more
2019-10-17 07:09:53,976 [805254cc-2da6-48d8-a2f9-c1a3ceceab4a@group-2C0FEEE55AE1-LeaderElection1238] INFO  impl.LeaderElection (LogUtils.java:infoOrTrace(149)) - 805254cc-2da6-48d8-a2f9-c1a3ceceab4a@group-2C0FEEE55AE1-LeaderElection1238 got exception when requesting votes: {}
java.util.concurrent.ExecutionException: org.apache.ratis.thirdparty.io.grpc.StatusRuntimeException: UNAVAILABLE: io exception
	at java.util.concurrent.FutureTask.report(FutureTask.java:122)
	at java.util.concurrent.FutureTask.get(FutureTask.java:192)
	at org.apache.ratis.server.impl.LeaderElection.waitForResults(LeaderElection.java:259)
	at org.apache.ratis.server.impl.LeaderElection.askForVotes(LeaderElection.java:197)
	at org.apache.ratis.server.impl.LeaderElection.run(LeaderElection.java:133)
	at java.lang.Thread.run(Thread.java:748)
Caused by: org.apache.ratis.thirdparty.io.grpc.StatusRuntimeException: UNAVAILABLE: io exception
	at org.apache.ratis.thirdparty.io.grpc.stub.ClientCalls.toStatusRuntimeException(ClientCalls.java:233)
	at org.apache.ratis.thirdparty.io.grpc.stub.ClientCalls.getUnchecked(ClientCalls.java:214)
	at org.apache.ratis.thirdparty.io.grpc.stub.ClientCalls.blockingUnaryCall(ClientCalls.java:139)
	at org.apache.ratis.proto.grpc.RaftServerProtocolServiceGrpc$RaftServerProtocolServiceBlockingStub.requestVote(RaftServerProtocolServiceGrpc.java:265)
	at org.apache.ratis.grpc.server.GrpcServerProtocolClient.requestVote(GrpcServerProtocolClient.java:99)
	at org.apache.ratis.grpc.server.GrpcService.requestVote(GrpcService.java:204)
	at org.apache.ratis.server.impl.LeaderElection.lambda$submitRequests$1(LeaderElection.java:234)
	at java.util.concurrent.FutureTask.run(FutureTask.java:266)
	at java.util.concurrent.Executors$RunnableAdapter.call(Executors.java:511)
	at java.util.concurrent.FutureTask.run(FutureTask.java:266)
	at java.util.concurrent.ThreadPoolExecutor.runWorker(ThreadPoolExecutor.java:1149)
	at java.util.concurrent.ThreadPoolExecutor$Worker.run(ThreadPoolExecutor.java:624)
	... 1 more
Caused by: org.apache.ratis.thirdparty.io.netty.channel.AbstractChannel$AnnotatedConnectException: Connection refused: /192.168.157.211:38722
	at sun.nio.ch.SocketChannelImpl.checkConnect(Native Method)
	at sun.nio.ch.SocketChannelImpl.finishConnect(SocketChannelImpl.java:717)
	at org.apache.ratis.thirdparty.io.netty.channel.socket.nio.NioSocketChannel.doFinishConnect(NioSocketChannel.java:327)
	at org.apache.ratis.thirdparty.io.netty.channel.nio.AbstractNioChannel$AbstractNioUnsafe.finishConnect(AbstractNioChannel.java:340)
	at org.apache.ratis.thirdparty.io.netty.channel.nio.NioEventLoop.processSelectedKey(NioEventLoop.java:632)
	at org.apache.ratis.thirdparty.io.netty.channel.nio.NioEventLoop.processSelectedKeysOptimized(NioEventLoop.java:579)
	at org.apache.ratis.thirdparty.io.netty.channel.nio.NioEventLoop.processSelectedKeys(NioEventLoop.java:496)
	at org.apache.ratis.thirdparty.io.netty.channel.nio.NioEventLoop.run(NioEventLoop.java:458)
	at org.apache.ratis.thirdparty.io.netty.util.concurrent.SingleThreadEventExecutor$5.run(SingleThreadEventExecutor.java:897)
	at org.apache.ratis.thirdparty.io.netty.util.concurrent.FastThreadLocalRunnable.run(FastThreadLocalRunnable.java:30)
	... 1 more
Caused by: java.net.ConnectException: Connection refused
	... 11 more
2019-10-17 07:09:53,976 [805254cc-2da6-48d8-a2f9-c1a3ceceab4a@group-2C0FEEE55AE1-LeaderElection1238] INFO  impl.LeaderElection (LeaderElection.java:logAndReturn(56)) - 805254cc-2da6-48d8-a2f9-c1a3ceceab4a@group-2C0FEEE55AE1-LeaderElection1238: Election REJECTED; received 0 response(s) [] and 2 exception(s); 805254cc-2da6-48d8-a2f9-c1a3ceceab4a@group-2C0FEEE55AE1:t173, leader=null, voted=805254cc-2da6-48d8-a2f9-c1a3ceceab4a, raftlog=805254cc-2da6-48d8-a2f9-c1a3ceceab4a@group-2C0FEEE55AE1-SegmentedRaftLog:OPENED:c-1,f0,i0, conf=0: [f3ee4219-89bb-47f2-bbe0-5f784575b745:192.168.157.211:38722, 805254cc-2da6-48d8-a2f9-c1a3ceceab4a:192.168.157.211:35407, 696df33b-59a0-4145-913f-936aff0d1566:192.168.157.211:38803], old=null
2019-10-17 07:09:53,976 [805254cc-2da6-48d8-a2f9-c1a3ceceab4a@group-2C0FEEE55AE1-LeaderElection1238] INFO  impl.LeaderElection (LogUtils.java:infoOrTrace(149)) -   Exception 0: {}
java.util.concurrent.ExecutionException: org.apache.ratis.thirdparty.io.grpc.StatusRuntimeException: UNAVAILABLE: io exception
	at java.util.concurrent.FutureTask.report(FutureTask.java:122)
	at java.util.concurrent.FutureTask.get(FutureTask.java:192)
	at org.apache.ratis.server.impl.LeaderElection.waitForResults(LeaderElection.java:259)
	at org.apache.ratis.server.impl.LeaderElection.askForVotes(LeaderElection.java:197)
	at org.apache.ratis.server.impl.LeaderElection.run(LeaderElection.java:133)
	at java.lang.Thread.run(Thread.java:748)
Caused by: org.apache.ratis.thirdparty.io.grpc.StatusRuntimeException: UNAVAILABLE: io exception
	at org.apache.ratis.thirdparty.io.grpc.stub.ClientCalls.toStatusRuntimeException(ClientCalls.java:233)
	at org.apache.ratis.thirdparty.io.grpc.stub.ClientCalls.getUnchecked(ClientCalls.java:214)
	at org.apache.ratis.thirdparty.io.grpc.stub.ClientCalls.blockingUnaryCall(ClientCalls.java:139)
	at org.apache.ratis.proto.grpc.RaftServerProtocolServiceGrpc$RaftServerProtocolServiceBlockingStub.requestVote(RaftServerProtocolServiceGrpc.java:265)
	at org.apache.ratis.grpc.server.GrpcServerProtocolClient.requestVote(GrpcServerProtocolClient.java:99)
	at org.apache.ratis.grpc.server.GrpcService.requestVote(GrpcService.java:204)
	at org.apache.ratis.server.impl.LeaderElection.lambda$submitRequests$1(LeaderElection.java:234)
	at java.util.concurrent.FutureTask.run(FutureTask.java:266)
	at java.util.concurrent.Executors$RunnableAdapter.call(Executors.java:511)
	at java.util.concurrent.FutureTask.run(FutureTask.java:266)
	at java.util.concurrent.ThreadPoolExecutor.runWorker(ThreadPoolExecutor.java:1149)
	at java.util.concurrent.ThreadPoolExecutor$Worker.run(ThreadPoolExecutor.java:624)
	... 1 more
Caused by: org.apache.ratis.thirdparty.io.netty.channel.AbstractChannel$AnnotatedConnectException: Connection refused: /192.168.157.211:38803
	at sun.nio.ch.SocketChannelImpl.checkConnect(Native Method)
	at sun.nio.ch.SocketChannelImpl.finishConnect(SocketChannelImpl.java:717)
	at org.apache.ratis.thirdparty.io.netty.channel.socket.nio.NioSocketChannel.doFinishConnect(NioSocketChannel.java:327)
	at org.apache.ratis.thirdparty.io.netty.channel.nio.AbstractNioChannel$AbstractNioUnsafe.finishConnect(AbstractNioChannel.java:340)
	at org.apache.ratis.thirdparty.io.netty.channel.nio.NioEventLoop.processSelectedKey(NioEventLoop.java:632)
	at org.apache.ratis.thirdparty.io.netty.channel.nio.NioEventLoop.processSelectedKeysOptimized(NioEventLoop.java:579)
	at org.apache.ratis.thirdparty.io.netty.channel.nio.NioEventLoop.processSelectedKeys(NioEventLoop.java:496)
	at org.apache.ratis.thirdparty.io.netty.channel.nio.NioEventLoop.run(NioEventLoop.java:458)
	at org.apache.ratis.thirdparty.io.netty.util.concurrent.SingleThreadEventExecutor$5.run(SingleThreadEventExecutor.java:897)
	at org.apache.ratis.thirdparty.io.netty.util.concurrent.FastThreadLocalRunnable.run(FastThreadLocalRunnable.java:30)
	... 1 more
Caused by: java.net.ConnectException: Connection refused
	... 11 more
2019-10-17 07:09:53,976 [805254cc-2da6-48d8-a2f9-c1a3ceceab4a@group-2C0FEEE55AE1-LeaderElection1238] INFO  impl.LeaderElection (LogUtils.java:infoOrTrace(149)) -   Exception 1: {}
java.util.concurrent.ExecutionException: org.apache.ratis.thirdparty.io.grpc.StatusRuntimeException: UNAVAILABLE: io exception
	at java.util.concurrent.FutureTask.report(FutureTask.java:122)
	at java.util.concurrent.FutureTask.get(FutureTask.java:192)
	at org.apache.ratis.server.impl.LeaderElection.waitForResults(LeaderElection.java:259)
	at org.apache.ratis.server.impl.LeaderElection.askForVotes(LeaderElection.java:197)
	at org.apache.ratis.server.impl.LeaderElection.run(LeaderElection.java:133)
	at java.lang.Thread.run(Thread.java:748)
Caused by: org.apache.ratis.thirdparty.io.grpc.StatusRuntimeException: UNAVAILABLE: io exception
	at org.apache.ratis.thirdparty.io.grpc.stub.ClientCalls.toStatusRuntimeException(ClientCalls.java:233)
	at org.apache.ratis.thirdparty.io.grpc.stub.ClientCalls.getUnchecked(ClientCalls.java:214)
	at org.apache.ratis.thirdparty.io.grpc.stub.ClientCalls.blockingUnaryCall(ClientCalls.java:139)
	at org.apache.ratis.proto.grpc.RaftServerProtocolServiceGrpc$RaftServerProtocolServiceBlockingStub.requestVote(RaftServerProtocolServiceGrpc.java:265)
	at org.apache.ratis.grpc.server.GrpcServerProtocolClient.requestVote(GrpcServerProtocolClient.java:99)
	at org.apache.ratis.grpc.server.GrpcService.requestVote(GrpcService.java:204)
	at org.apache.ratis.server.impl.LeaderElection.lambda$submitRequests$1(LeaderElection.java:234)
	at java.util.concurrent.FutureTask.run(FutureTask.java:266)
	at java.util.concurrent.Executors$RunnableAdapter.call(Executors.java:511)
	at java.util.concurrent.FutureTask.run(FutureTask.java:266)
	at java.util.concurrent.ThreadPoolExecutor.runWorker(ThreadPoolExecutor.java:1149)
	at java.util.concurrent.ThreadPoolExecutor$Worker.run(ThreadPoolExecutor.java:624)
	... 1 more
Caused by: org.apache.ratis.thirdparty.io.netty.channel.AbstractChannel$AnnotatedConnectException: Connection refused: /192.168.157.211:38722
	at sun.nio.ch.SocketChannelImpl.checkConnect(Native Method)
	at sun.nio.ch.SocketChannelImpl.finishConnect(SocketChannelImpl.java:717)
	at org.apache.ratis.thirdparty.io.netty.channel.socket.nio.NioSocketChannel.doFinishConnect(NioSocketChannel.java:327)
	at org.apache.ratis.thirdparty.io.netty.channel.nio.AbstractNioChannel$AbstractNioUnsafe.finishConnect(AbstractNioChannel.java:340)
	at org.apache.ratis.thirdparty.io.netty.channel.nio.NioEventLoop.processSelectedKey(NioEventLoop.java:632)
	at org.apache.ratis.thirdparty.io.netty.channel.nio.NioEventLoop.processSelectedKeysOptimized(NioEventLoop.java:579)
	at org.apache.ratis.thirdparty.io.netty.channel.nio.NioEventLoop.processSelectedKeys(NioEventLoop.java:496)
	at org.apache.ratis.thirdparty.io.netty.channel.nio.NioEventLoop.run(NioEventLoop.java:458)
	at org.apache.ratis.thirdparty.io.netty.util.concurrent.SingleThreadEventExecutor$5.run(SingleThreadEventExecutor.java:897)
	at org.apache.ratis.thirdparty.io.netty.util.concurrent.FastThreadLocalRunnable.run(FastThreadLocalRunnable.java:30)
	... 1 more
Caused by: java.net.ConnectException: Connection refused
	... 11 more
2019-10-17 07:09:53,977 [805254cc-2da6-48d8-a2f9-c1a3ceceab4a@group-2C0FEEE55AE1-LeaderElection1238] INFO  impl.RaftServerImpl (RaftServerImpl.java:setRole(184)) - 805254cc-2da6-48d8-a2f9-c1a3ceceab4a@group-2C0FEEE55AE1: changes role from CANDIDATE to FOLLOWER at term 173 for DISCOVERED_A_NEW_TERM
2019-10-17 07:09:53,977 [805254cc-2da6-48d8-a2f9-c1a3ceceab4a@group-2C0FEEE55AE1-LeaderElection1238] INFO  impl.RoleInfo (RoleInfo.java:shutdownLeaderElection(134)) - 805254cc-2da6-48d8-a2f9-c1a3ceceab4a: shutdown LeaderElection
2019-10-17 07:09:53,977 [805254cc-2da6-48d8-a2f9-c1a3ceceab4a@group-2C0FEEE55AE1-LeaderElection1238] INFO  impl.RoleInfo (RoleInfo.java:updateAndGet(143)) - 805254cc-2da6-48d8-a2f9-c1a3ceceab4a: start FollowerState
2019-10-17 07:09:54,082 [java.util.concurrent.ThreadPoolExecutor$Worker@1bc8ec8[State = -1, empty queue]] WARN  server.GrpcLogAppender (GrpcLogAppender.java:timeoutAppendRequest(209)) - 5f7ef38b-a645-4f95-94e6-bd075ea30748@group-E6EB69311C83->0acdc124-2757-4c91-93b1-ab1a2908776d-GrpcLogAppender: appendEntries Timeout, request=5f7ef38b-a645-4f95-94e6-bd075ea30748->0acdc124-2757-4c91-93b1-ab1a2908776d#56-t1, previous=(t:1, i:12), leaderCommit=12, initializing? false, entries: <empty>
2019-10-17 07:09:54,583 [java.util.concurrent.ThreadPoolExecutor$Worker@1bc8ec8[State = -1, empty queue]] WARN  server.GrpcLogAppender (GrpcLogAppender.java:timeoutAppendRequest(209)) - 5f7ef38b-a645-4f95-94e6-bd075ea30748@group-E6EB69311C83->0acdc124-2757-4c91-93b1-ab1a2908776d-GrpcLogAppender: appendEntries Timeout, request=5f7ef38b-a645-4f95-94e6-bd075ea30748->0acdc124-2757-4c91-93b1-ab1a2908776d#57-t1, previous=(t:1, i:12), leaderCommit=12, initializing? false, entries: <empty>
2019-10-17 07:09:54,705 [ForkJoinPool.commonPool-worker-0] INFO  ozoneimpl.OzoneContainer (OzoneContainer.java:stop(227)) - Attempting to stop container services.
2019-10-17 07:09:54,705 [ForkJoinPool.commonPool-worker-0] INFO  impl.RaftServerProxy (RaftServerProxy.java:lambda$close$4(314)) - 5f7ef38b-a645-4f95-94e6-bd075ea30748: close
2019-10-17 07:09:54,706 [ForkJoinPool.commonPool-worker-0] INFO  impl.RaftServerImpl (RaftServerImpl.java:lambda$shutdown$3(261)) - 5f7ef38b-a645-4f95-94e6-bd075ea30748@group-E6EB69311C83: shutdown
2019-10-17 07:09:54,706 [ForkJoinPool.commonPool-worker-0] INFO  util.JmxRegister (JmxRegister.java:unregister(73)) - Successfully un-registered JMX Bean with object name Ratis:service=RaftServer,group=group-E6EB69311C83,id=5f7ef38b-a645-4f95-94e6-bd075ea30748
2019-10-17 07:09:54,706 [ForkJoinPool.commonPool-worker-0] INFO  impl.RoleInfo (RoleInfo.java:shutdownLeaderState(104)) - 5f7ef38b-a645-4f95-94e6-bd075ea30748: shutdown LeaderState
2019-10-17 07:09:54,712 [org.apache.ratis.server.impl.LogAppender$AppenderDaemon$$Lambda$475/393596178@7d53e1db] WARN  server.GrpcLogAppender (GrpcLogAppender.java:mayWait(149)) - 5f7ef38b-a645-4f95-94e6-bd075ea30748@group-E6EB69311C83->0acdc124-2757-4c91-93b1-ab1a2908776d-GrpcLogAppender: Wait interrupted by java.lang.InterruptedException
2019-10-17 07:09:54,712 [ForkJoinPool.commonPool-worker-0] INFO  impl.PendingRequests (PendingRequests.java:sendNotLeaderResponses(202)) - 5f7ef38b-a645-4f95-94e6-bd075ea30748@group-E6EB69311C83-PendingRequests: sendNotLeaderResponses
2019-10-17 07:09:54,712 [org.apache.ratis.server.impl.LogAppender$AppenderDaemon$$Lambda$475/393596178@4cd58f89] WARN  server.GrpcLogAppender (GrpcLogAppender.java:mayWait(149)) - 5f7ef38b-a645-4f95-94e6-bd075ea30748@group-E6EB69311C83->e9b52f21-01d5-44eb-a9cd-d907fd904ad1-GrpcLogAppender: Wait interrupted by java.lang.InterruptedException
2019-10-17 07:09:54,717 [ForkJoinPool.commonPool-worker-0] INFO  impl.StateMachineUpdater (StateMachineUpdater.java:stopAndJoin(136)) - 5f7ef38b-a645-4f95-94e6-bd075ea30748@group-E6EB69311C83-StateMachineUpdater: set stopIndex = 12
2019-10-17 07:09:54,717 [5f7ef38b-a645-4f95-94e6-bd075ea30748@group-E6EB69311C83-StateMachineUpdater] INFO  ratis.ContainerStateMachine (ContainerStateMachine.java:takeSnapshot(294)) - group-E6EB69311C83: Taking a snapshot at:(t:1, i:8) file /workdir/hadoop-ozone/integration-test/target/test-dir/MiniOzoneClusterImpl-e7c0418f-15c1-471d-99db-59e1afe04953/datanode-3/data/ratis/4500b566-0942-424e-bac5-e6eb69311c83/sm/snapshot.1_8
2019-10-17 07:09:54,717 [grpc-default-executor-7] INFO  server.GrpcServerProtocolService (GrpcServerProtocolService.java:onCompleted(113)) - e9b52f21-01d5-44eb-a9cd-d907fd904ad1: Completed APPEND_ENTRIES, lastRequest: 5f7ef38b-a645-4f95-94e6-bd075ea30748->e9b52f21-01d5-44eb-a9cd-d907fd904ad1#63-t1, previous=(t:1, i:12), leaderCommit=12, initializing? false, entries: <empty>
2019-10-17 07:09:54,717 [grpc-default-executor-7] INFO  server.GrpcLogAppender (GrpcLogAppender.java:onCompleted(308)) - 5f7ef38b-a645-4f95-94e6-bd075ea30748@group-E6EB69311C83->e9b52f21-01d5-44eb-a9cd-d907fd904ad1-AppendLogResponseHandler: follower responses appendEntries COMPLETED
2019-10-17 07:09:54,719 [grpc-default-executor-7] INFO  impl.FollowerInfo (FollowerInfo.java:lambda$new$0(51)) - 5f7ef38b-a645-4f95-94e6-bd075ea30748@group-E6EB69311C83->e9b52f21-01d5-44eb-a9cd-d907fd904ad1: nextIndex: updateUnconditionally 13 -> 12
2019-10-17 07:09:54,726 [main] INFO  ozoneimpl.OzoneContainer (OzoneContainer.java:stop(227)) - Attempting to stop container services.
2019-10-17 07:09:54,727 [main] INFO  impl.RaftServerProxy (RaftServerProxy.java:lambda$close$4(314)) - c1b4af2d-3b05-4006-acca-753ed6d10b59: close
2019-10-17 07:09:54,727 [main] INFO  impl.RaftServerImpl (RaftServerImpl.java:lambda$shutdown$3(261)) - c1b4af2d-3b05-4006-acca-753ed6d10b59@group-92C9EDB41AD5: shutdown
2019-10-17 07:09:54,727 [main] INFO  util.JmxRegister (JmxRegister.java:unregister(73)) - Successfully un-registered JMX Bean with object name Ratis:service=RaftServer,group=group-92C9EDB41AD5,id=c1b4af2d-3b05-4006-acca-753ed6d10b59
2019-10-17 07:09:54,728 [main] INFO  impl.RoleInfo (RoleInfo.java:shutdownFollowerState(121)) - c1b4af2d-3b05-4006-acca-753ed6d10b59: shutdown FollowerState
2019-10-17 07:09:54,728 [main] INFO  impl.StateMachineUpdater (StateMachineUpdater.java:stopAndJoin(136)) - c1b4af2d-3b05-4006-acca-753ed6d10b59@group-92C9EDB41AD5-StateMachineUpdater: set stopIndex = 0
2019-10-17 07:09:54,728 [Thread-9705] INFO  impl.FollowerState (FollowerState.java:run(117)) - c1b4af2d-3b05-4006-acca-753ed6d10b59@group-92C9EDB41AD5-FollowerState was interrupted: java.lang.InterruptedException: sleep interrupted
2019-10-17 07:09:54,730 [main] INFO  impl.RaftServerImpl (ServerState.java:close(388)) - c1b4af2d-3b05-4006-acca-753ed6d10b59@group-92C9EDB41AD5: closes. applyIndex: 0
2019-10-17 07:09:54,730 [5f7ef38b-a645-4f95-94e6-bd075ea30748@group-E6EB69311C83-StateMachineUpdater] INFO  ratis.ContainerStateMachine (ContainerStateMachine.java:takeSnapshot(305)) - group-E6EB69311C83: Finished taking a snapshot at:(t:1, i:8) file:/workdir/hadoop-ozone/integration-test/target/test-dir/MiniOzoneClusterImpl-e7c0418f-15c1-471d-99db-59e1afe04953/datanode-3/data/ratis/4500b566-0942-424e-bac5-e6eb69311c83/sm/snapshot.1_8 time:13
2019-10-17 07:09:54,730 [c1b4af2d-3b05-4006-acca-753ed6d10b59@group-92C9EDB41AD5-SegmentedRaftLogWorker] INFO  segmented.SegmentedRaftLogWorker (SegmentedRaftLogWorker.java:run(316)) - c1b4af2d-3b05-4006-acca-753ed6d10b59@group-92C9EDB41AD5-SegmentedRaftLogWorker was interrupted, exiting. There are 0 tasks remaining in the queue.
2019-10-17 07:09:54,730 [5f7ef38b-a645-4f95-94e6-bd075ea30748@group-E6EB69311C83-StateMachineUpdater] INFO  impl.StateMachineUpdater (StateMachineUpdater.java:takeSnapshot(269)) - 5f7ef38b-a645-4f95-94e6-bd075ea30748@group-E6EB69311C83-StateMachineUpdater: Took a snapshot at index 8
2019-10-17 07:09:54,730 [5f7ef38b-a645-4f95-94e6-bd075ea30748@group-E6EB69311C83-StateMachineUpdater] INFO  impl.StateMachineUpdater (StateMachineUpdater.java:lambda$new$0(84)) - 5f7ef38b-a645-4f95-94e6-bd075ea30748@group-E6EB69311C83-StateMachineUpdater: snapshotIndex: updateIncreasingly -1 -> 8
2019-10-17 07:09:54,732 [main] INFO  segmented.SegmentedRaftLogWorker (SegmentedRaftLogWorker.java:close(224)) - c1b4af2d-3b05-4006-acca-753ed6d10b59@group-92C9EDB41AD5-SegmentedRaftLogWorker close()
2019-10-17 07:09:54,733 [5f7ef38b-a645-4f95-94e6-bd075ea30748@group-E6EB69311C83-StateMachineUpdater] INFO  ratis.ContainerStateMachine (ContainerStateMachine.java:takeSnapshot(294)) - group-E6EB69311C83: Taking a snapshot at:(t:1, i:8) file /workdir/hadoop-ozone/integration-test/target/test-dir/MiniOzoneClusterImpl-e7c0418f-15c1-471d-99db-59e1afe04953/datanode-3/data/ratis/4500b566-0942-424e-bac5-e6eb69311c83/sm/snapshot.1_8
2019-10-17 07:09:54,736 [main] INFO  impl.RaftServerImpl (RaftServerImpl.java:lambda$shutdown$3(261)) - c1b4af2d-3b05-4006-acca-753ed6d10b59@group-CCBDF8030C7B: shutdown
2019-10-17 07:09:54,736 [main] INFO  util.JmxRegister (JmxRegister.java:unregister(73)) - Successfully un-registered JMX Bean with object name Ratis:service=RaftServer,group=group-CCBDF8030C7B,id=c1b4af2d-3b05-4006-acca-753ed6d10b59
2019-10-17 07:09:54,736 [main] INFO  impl.RoleInfo (RoleInfo.java:shutdownLeaderState(104)) - c1b4af2d-3b05-4006-acca-753ed6d10b59: shutdown LeaderState
2019-10-17 07:09:54,737 [main] INFO  impl.PendingRequests (PendingRequests.java:sendNotLeaderResponses(202)) - c1b4af2d-3b05-4006-acca-753ed6d10b59@group-CCBDF8030C7B-PendingRequests: sendNotLeaderResponses
2019-10-17 07:09:54,737 [main] INFO  impl.StateMachineUpdater (StateMachineUpdater.java:stopAndJoin(136)) - c1b4af2d-3b05-4006-acca-753ed6d10b59@group-CCBDF8030C7B-StateMachineUpdater: set stopIndex = 0
2019-10-17 07:09:54,737 [main] INFO  impl.RaftServerImpl (ServerState.java:close(388)) - c1b4af2d-3b05-4006-acca-753ed6d10b59@group-CCBDF8030C7B: closes. applyIndex: 0
2019-10-17 07:09:54,737 [c1b4af2d-3b05-4006-acca-753ed6d10b59@group-CCBDF8030C7B-SegmentedRaftLogWorker] INFO  segmented.SegmentedRaftLogWorker (SegmentedRaftLogWorker.java:run(316)) - c1b4af2d-3b05-4006-acca-753ed6d10b59@group-CCBDF8030C7B-SegmentedRaftLogWorker was interrupted, exiting. There are 0 tasks remaining in the queue.
2019-10-17 07:09:54,739 [main] INFO  segmented.SegmentedRaftLogWorker (SegmentedRaftLogWorker.java:close(224)) - c1b4af2d-3b05-4006-acca-753ed6d10b59@group-CCBDF8030C7B-SegmentedRaftLogWorker close()
2019-10-17 07:09:54,742 [main] INFO  server.GrpcService (GrpcService.java:closeImpl(164)) - c1b4af2d-3b05-4006-acca-753ed6d10b59: shutdown server with port 37018 now
2019-10-17 07:09:54,747 [grpc-default-executor-5] WARN  server.GrpcServerProtocolService (LogUtils.java:warn(134)) - c1b4af2d-3b05-4006-acca-753ed6d10b59: installSnapshot onError, lastRequest: a5219191-1681-4090-972d-a7550c5191e1->c1b4af2d-3b05-4006-acca-753ed6d10b59#51-t2, previous=(t:2, i:0), leaderCommit=0, initializing? false, entries: <empty>: org.apache.ratis.thirdparty.io.grpc.StatusRuntimeException: CANCELLED: cancelled before receiving half close
2019-10-17 07:09:54,747 [main] INFO  server.GrpcService (GrpcService.java:closeImpl(172)) - c1b4af2d-3b05-4006-acca-753ed6d10b59: shutdown server with port 37018 successfully
2019-10-17 07:09:54,747 [grpc-default-executor-2] WARN  server.GrpcLogAppender (LogUtils.java:warn(134)) - a5219191-1681-4090-972d-a7550c5191e1@group-92C9EDB41AD5->c1b4af2d-3b05-4006-acca-753ed6d10b59-AppendLogResponseHandler: Failed appendEntries: org.apache.ratis.thirdparty.io.grpc.StatusRuntimeException: CANCELLED: HTTP/2 error code: CANCEL
Received Rst Stream
2019-10-17 07:09:54,749 [refreshUsed-/workdir/hadoop-ozone/integration-test/target/test-dir/MiniOzoneClusterImpl-e7c0418f-15c1-471d-99db-59e1afe04953/datanode-6/data/containers] WARN  fs.CachingGetSpaceUsed (CachingGetSpaceUsed.java:run(183)) - Thread Interrupted waiting to refresh disk information: sleep interrupted
2019-10-17 07:09:54,760 [5f7ef38b-a645-4f95-94e6-bd075ea30748@group-E6EB69311C83-StateMachineUpdater] INFO  ratis.ContainerStateMachine (ContainerStateMachine.java:takeSnapshot(305)) - group-E6EB69311C83: Finished taking a snapshot at:(t:1, i:8) file:/workdir/hadoop-ozone/integration-test/target/test-dir/MiniOzoneClusterImpl-e7c0418f-15c1-471d-99db-59e1afe04953/datanode-3/data/ratis/4500b566-0942-424e-bac5-e6eb69311c83/sm/snapshot.1_8 time:28
2019-10-17 07:09:54,760 [5f7ef38b-a645-4f95-94e6-bd075ea30748@group-E6EB69311C83-StateMachineUpdater] INFO  impl.StateMachineUpdater (StateMachineUpdater.java:takeSnapshot(269)) - 5f7ef38b-a645-4f95-94e6-bd075ea30748@group-E6EB69311C83-StateMachineUpdater: Took a snapshot at index 8
2019-10-17 07:09:54,760 [5f7ef38b-a645-4f95-94e6-bd075ea30748@group-E6EB69311C83-StateMachineUpdater] INFO  impl.StateMachineUpdater (StateMachineUpdater.java:lambda$new$0(84)) - 5f7ef38b-a645-4f95-94e6-bd075ea30748@group-E6EB69311C83-StateMachineUpdater: snapshotIndex: updateIncreasingly 8 -> 8
2019-10-17 07:09:54,761 [ForkJoinPool.commonPool-worker-0] INFO  impl.RaftServerImpl (ServerState.java:close(388)) - 5f7ef38b-a645-4f95-94e6-bd075ea30748@group-E6EB69311C83: closes. applyIndex: 12
2019-10-17 07:09:54,761 [5f7ef38b-a645-4f95-94e6-bd075ea30748@group-E6EB69311C83-SegmentedRaftLogWorker] INFO  segmented.SegmentedRaftLogWorker (SegmentedRaftLogWorker.java:run(316)) - 5f7ef38b-a645-4f95-94e6-bd075ea30748@group-E6EB69311C83-SegmentedRaftLogWorker was interrupted, exiting. There are 0 tasks remaining in the queue.
2019-10-17 07:09:54,763 [ForkJoinPool.commonPool-worker-0] INFO  segmented.SegmentedRaftLogWorker (SegmentedRaftLogWorker.java:close(224)) - 5f7ef38b-a645-4f95-94e6-bd075ea30748@group-E6EB69311C83-SegmentedRaftLogWorker close()
2019-10-17 07:09:54,766 [ForkJoinPool.commonPool-worker-0] INFO  impl.RaftServerImpl (RaftServerImpl.java:lambda$shutdown$3(261)) - 5f7ef38b-a645-4f95-94e6-bd075ea30748@group-C7C0B7CBBD7F: shutdown
2019-10-17 07:09:54,766 [ForkJoinPool.commonPool-worker-0] INFO  util.JmxRegister (JmxRegister.java:unregister(73)) - Successfully un-registered JMX Bean with object name Ratis:service=RaftServer,group=group-C7C0B7CBBD7F,id=5f7ef38b-a645-4f95-94e6-bd075ea30748
2019-10-17 07:09:54,767 [ForkJoinPool.commonPool-worker-0] INFO  impl.RoleInfo (RoleInfo.java:shutdownLeaderState(104)) - 5f7ef38b-a645-4f95-94e6-bd075ea30748: shutdown LeaderState
2019-10-17 07:09:54,767 [ForkJoinPool.commonPool-worker-0] INFO  impl.PendingRequests (PendingRequests.java:sendNotLeaderResponses(202)) - 5f7ef38b-a645-4f95-94e6-bd075ea30748@group-C7C0B7CBBD7F-PendingRequests: sendNotLeaderResponses
2019-10-17 07:09:54,767 [ForkJoinPool.commonPool-worker-0] INFO  impl.StateMachineUpdater (StateMachineUpdater.java:stopAndJoin(136)) - 5f7ef38b-a645-4f95-94e6-bd075ea30748@group-C7C0B7CBBD7F-StateMachineUpdater: set stopIndex = 0
2019-10-17 07:09:54,767 [ForkJoinPool.commonPool-worker-0] INFO  impl.RaftServerImpl (ServerState.java:close(388)) - 5f7ef38b-a645-4f95-94e6-bd075ea30748@group-C7C0B7CBBD7F: closes. applyIndex: 0
2019-10-17 07:09:54,767 [main] INFO  utils.BackgroundService (BackgroundService.java:shutdown(151)) - Shutting down service BlockDeletingService
2019-10-17 07:09:54,767 [5f7ef38b-a645-4f95-94e6-bd075ea30748@group-C7C0B7CBBD7F-SegmentedRaftLogWorker] INFO  segmented.SegmentedRaftLogWorker (SegmentedRaftLogWorker.java:run(316)) - 5f7ef38b-a645-4f95-94e6-bd075ea30748@group-C7C0B7CBBD7F-SegmentedRaftLogWorker was interrupted, exiting. There are 0 tasks remaining in the queue.
2019-10-17 07:09:54,769 [ForkJoinPool.commonPool-worker-0] INFO  segmented.SegmentedRaftLogWorker (SegmentedRaftLogWorker.java:close(224)) - 5f7ef38b-a645-4f95-94e6-bd075ea30748@group-C7C0B7CBBD7F-SegmentedRaftLogWorker close()
2019-10-17 07:09:54,772 [ForkJoinPool.commonPool-worker-0] INFO  server.GrpcService (GrpcService.java:closeImpl(164)) - 5f7ef38b-a645-4f95-94e6-bd075ea30748: shutdown server with port 33759 now
2019-10-17 07:09:54,777 [main] INFO  statemachine.DatanodeStateMachine (DatanodeStateMachine.java:stopDaemon(395)) - Ozone container server stopped.
2019-10-17 07:09:54,778 [ForkJoinPool.commonPool-worker-0] INFO  server.GrpcService (GrpcService.java:closeImpl(172)) - 5f7ef38b-a645-4f95-94e6-bd075ea30748: shutdown server with port 33759 successfully
2019-10-17 07:09:54,780 [grpc-default-executor-5] WARN  client.GrpcClientProtocolService (LogUtils.java:warn(134)) - 1-UnorderedRequestStreamObserver1: onError: org.apache.ratis.thirdparty.io.grpc.StatusRuntimeException: CANCELLED: cancelled before receiving half close
2019-10-17 07:09:54,780 [main] INFO  handler.ContextHandler (ContextHandler.java:doStop(910)) - Stopped o.e.j.w.WebAppContext@2a136383{/,null,UNAVAILABLE}{/hddsDatanode}
2019-10-17 07:09:54,781 [refreshUsed-/workdir/hadoop-ozone/integration-test/target/test-dir/MiniOzoneClusterImpl-e7c0418f-15c1-471d-99db-59e1afe04953/datanode-3/data/containers] WARN  fs.CachingGetSpaceUsed (CachingGetSpaceUsed.java:run(183)) - Thread Interrupted waiting to refresh disk information: sleep interrupted
2019-10-17 07:09:54,781 [main] INFO  server.AbstractConnector (AbstractConnector.java:doStop(318)) - Stopped ServerConnector@b01cb8d{HTTP/1.1,[http/1.1]}{0.0.0.0:0}
2019-10-17 07:09:54,782 [main] INFO  handler.ContextHandler (ContextHandler.java:doStop(910)) - Stopped o.e.j.s.ServletContextHandler@2e2f20b8{/static,jar:file:/home/user/.m2/repository/org/apache/hadoop/hadoop-hdds-container-service/0.5.0-SNAPSHOT/hadoop-hdds-container-service-0.5.0-SNAPSHOT.jar!/webapps/static,UNAVAILABLE}
2019-10-17 07:09:54,782 [main] INFO  handler.ContextHandler (ContextHandler.java:doStop(910)) - Stopped o.e.j.s.ServletContextHandler@22048bd6{/logs,file:///workdir/hadoop-ozone/integration-test/target/log,UNAVAILABLE}
2019-10-17 07:09:54,792 [ForkJoinPool.commonPool-worker-0] INFO  utils.BackgroundService (BackgroundService.java:shutdown(151)) - Shutting down service BlockDeletingService
2019-10-17 07:09:54,794 [ForkJoinPool.commonPool-worker-0] INFO  statemachine.DatanodeStateMachine (DatanodeStateMachine.java:stopDaemon(395)) - Ozone container server stopped.
2019-10-17 07:09:54,798 [ForkJoinPool.commonPool-worker-0] INFO  handler.ContextHandler (ContextHandler.java:doStop(910)) - Stopped o.e.j.w.WebAppContext@1894fa9f{/,null,UNAVAILABLE}{/hddsDatanode}
2019-10-17 07:09:54,799 [ForkJoinPool.commonPool-worker-0] INFO  server.AbstractConnector (AbstractConnector.java:doStop(318)) - Stopped ServerConnector@1144a02b{HTTP/1.1,[http/1.1]}{0.0.0.0:0}
2019-10-17 07:09:54,800 [ForkJoinPool.commonPool-worker-0] INFO  handler.ContextHandler (ContextHandler.java:doStop(910)) - Stopped o.e.j.s.ServletContextHandler@15369d73{/static,jar:file:/home/user/.m2/repository/org/apache/hadoop/hadoop-hdds-container-service/0.5.0-SNAPSHOT/hadoop-hdds-container-service-0.5.0-SNAPSHOT.jar!/webapps/static,UNAVAILABLE}
2019-10-17 07:09:54,801 [ForkJoinPool.commonPool-worker-0] INFO  handler.ContextHandler (ContextHandler.java:doStop(910)) - Stopped o.e.j.s.ServletContextHandler@25699aa7{/logs,file:///workdir/hadoop-ozone/integration-test/target/log,UNAVAILABLE}
2019-10-17 07:09:54,811 [Datanode State Machine Thread - 0] INFO  statemachine.DatanodeStateMachine (DatanodeStateMachine.java:lambda$startDaemon$0(350)) - Ozone container server started.
2019-10-17 07:09:55,066 [Thread-10874] INFO  impl.FollowerState (FollowerState.java:run(108)) - 805254cc-2da6-48d8-a2f9-c1a3ceceab4a@group-2C0FEEE55AE1-FollowerState: change to CANDIDATE, lastRpcTime:1089ms, electionTimeout:1089ms
2019-10-17 07:09:55,066 [Thread-10874] INFO  impl.RoleInfo (RoleInfo.java:shutdownFollowerState(121)) - 805254cc-2da6-48d8-a2f9-c1a3ceceab4a: shutdown FollowerState
2019-10-17 07:09:55,066 [Thread-10874] INFO  impl.RaftServerImpl (RaftServerImpl.java:setRole(184)) - 805254cc-2da6-48d8-a2f9-c1a3ceceab4a@group-2C0FEEE55AE1: changes role from  FOLLOWER to CANDIDATE at term 173 for changeToCandidate
2019-10-17 07:09:55,066 [Thread-10874] INFO  impl.RoleInfo (RoleInfo.java:updateAndGet(143)) - 805254cc-2da6-48d8-a2f9-c1a3ceceab4a: start LeaderElection
2019-10-17 07:09:55,080 [805254cc-2da6-48d8-a2f9-c1a3ceceab4a@group-2C0FEEE55AE1-LeaderElection1239] INFO  impl.LeaderElection (LeaderElection.java:askForVotes(178)) - 805254cc-2da6-48d8-a2f9-c1a3ceceab4a@group-2C0FEEE55AE1-LeaderElection1239: begin an election at term 174 for 0: [f3ee4219-89bb-47f2-bbe0-5f784575b745:192.168.157.211:38722, 805254cc-2da6-48d8-a2f9-c1a3ceceab4a:192.168.157.211:35407, 696df33b-59a0-4145-913f-936aff0d1566:192.168.157.211:38803], old=null
2019-10-17 07:09:55,081 [805254cc-2da6-48d8-a2f9-c1a3ceceab4a@group-2C0FEEE55AE1-LeaderElection1239] INFO  impl.LeaderElection (LogUtils.java:infoOrTrace(149)) - 805254cc-2da6-48d8-a2f9-c1a3ceceab4a@group-2C0FEEE55AE1-LeaderElection1239 got exception when requesting votes: {}
java.util.concurrent.ExecutionException: org.apache.ratis.thirdparty.io.grpc.StatusRuntimeException: UNAVAILABLE: io exception
	at java.util.concurrent.FutureTask.report(FutureTask.java:122)
	at java.util.concurrent.FutureTask.get(FutureTask.java:192)
	at org.apache.ratis.server.impl.LeaderElection.waitForResults(LeaderElection.java:259)
	at org.apache.ratis.server.impl.LeaderElection.askForVotes(LeaderElection.java:197)
	at org.apache.ratis.server.impl.LeaderElection.run(LeaderElection.java:133)
	at java.lang.Thread.run(Thread.java:748)
Caused by: org.apache.ratis.thirdparty.io.grpc.StatusRuntimeException: UNAVAILABLE: io exception
	at org.apache.ratis.thirdparty.io.grpc.stub.ClientCalls.toStatusRuntimeException(ClientCalls.java:233)
	at org.apache.ratis.thirdparty.io.grpc.stub.ClientCalls.getUnchecked(ClientCalls.java:214)
	at org.apache.ratis.thirdparty.io.grpc.stub.ClientCalls.blockingUnaryCall(ClientCalls.java:139)
	at org.apache.ratis.proto.grpc.RaftServerProtocolServiceGrpc$RaftServerProtocolServiceBlockingStub.requestVote(RaftServerProtocolServiceGrpc.java:265)
	at org.apache.ratis.grpc.server.GrpcServerProtocolClient.requestVote(GrpcServerProtocolClient.java:99)
	at org.apache.ratis.grpc.server.GrpcService.requestVote(GrpcService.java:204)
	at org.apache.ratis.server.impl.LeaderElection.lambda$submitRequests$1(LeaderElection.java:234)
	at java.util.concurrent.FutureTask.run(FutureTask.java:266)
	at java.util.concurrent.Executors$RunnableAdapter.call(Executors.java:511)
	at java.util.concurrent.FutureTask.run(FutureTask.java:266)
	at java.util.concurrent.ThreadPoolExecutor.runWorker(ThreadPoolExecutor.java:1149)
	at java.util.concurrent.ThreadPoolExecutor$Worker.run(ThreadPoolExecutor.java:624)
	... 1 more
Caused by: org.apache.ratis.thirdparty.io.netty.channel.AbstractChannel$AnnotatedConnectException: Connection refused: /192.168.157.211:38803
	at sun.nio.ch.SocketChannelImpl.checkConnect(Native Method)
	at sun.nio.ch.SocketChannelImpl.finishConnect(SocketChannelImpl.java:717)
	at org.apache.ratis.thirdparty.io.netty.channel.socket.nio.NioSocketChannel.doFinishConnect(NioSocketChannel.java:327)
	at org.apache.ratis.thirdparty.io.netty.channel.nio.AbstractNioChannel$AbstractNioUnsafe.finishConnect(AbstractNioChannel.java:340)
	at org.apache.ratis.thirdparty.io.netty.channel.nio.NioEventLoop.processSelectedKey(NioEventLoop.java:632)
	at org.apache.ratis.thirdparty.io.netty.channel.nio.NioEventLoop.processSelectedKeysOptimized(NioEventLoop.java:579)
	at org.apache.ratis.thirdparty.io.netty.channel.nio.NioEventLoop.processSelectedKeys(NioEventLoop.java:496)
	at org.apache.ratis.thirdparty.io.netty.channel.nio.NioEventLoop.run(NioEventLoop.java:458)
	at org.apache.ratis.thirdparty.io.netty.util.concurrent.SingleThreadEventExecutor$5.run(SingleThreadEventExecutor.java:897)
	at org.apache.ratis.thirdparty.io.netty.util.concurrent.FastThreadLocalRunnable.run(FastThreadLocalRunnable.java:30)
	... 1 more
Caused by: java.net.ConnectException: Connection refused
	... 11 more
2019-10-17 07:09:55,082 [805254cc-2da6-48d8-a2f9-c1a3ceceab4a@group-2C0FEEE55AE1-LeaderElection1239] INFO  impl.LeaderElection (LogUtils.java:infoOrTrace(149)) - 805254cc-2da6-48d8-a2f9-c1a3ceceab4a@group-2C0FEEE55AE1-LeaderElection1239 got exception when requesting votes: {}
java.util.concurrent.ExecutionException: org.apache.ratis.thirdparty.io.grpc.StatusRuntimeException: UNAVAILABLE: io exception
	at java.util.concurrent.FutureTask.report(FutureTask.java:122)
	at java.util.concurrent.FutureTask.get(FutureTask.java:192)
	at org.apache.ratis.server.impl.LeaderElection.waitForResults(LeaderElection.java:259)
	at org.apache.ratis.server.impl.LeaderElection.askForVotes(LeaderElection.java:197)
	at org.apache.ratis.server.impl.LeaderElection.run(LeaderElection.java:133)
	at java.lang.Thread.run(Thread.java:748)
Caused by: org.apache.ratis.thirdparty.io.grpc.StatusRuntimeException: UNAVAILABLE: io exception
	at org.apache.ratis.thirdparty.io.grpc.stub.ClientCalls.toStatusRuntimeException(ClientCalls.java:233)
	at org.apache.ratis.thirdparty.io.grpc.stub.ClientCalls.getUnchecked(ClientCalls.java:214)
	at org.apache.ratis.thirdparty.io.grpc.stub.ClientCalls.blockingUnaryCall(ClientCalls.java:139)
	at org.apache.ratis.proto.grpc.RaftServerProtocolServiceGrpc$RaftServerProtocolServiceBlockingStub.requestVote(RaftServerProtocolServiceGrpc.java:265)
	at org.apache.ratis.grpc.server.GrpcServerProtocolClient.requestVote(GrpcServerProtocolClient.java:99)
	at org.apache.ratis.grpc.server.GrpcService.requestVote(GrpcService.java:204)
	at org.apache.ratis.server.impl.LeaderElection.lambda$submitRequests$1(LeaderElection.java:234)
	at java.util.concurrent.FutureTask.run(FutureTask.java:266)
	at java.util.concurrent.Executors$RunnableAdapter.call(Executors.java:511)
	at java.util.concurrent.FutureTask.run(FutureTask.java:266)
	at java.util.concurrent.ThreadPoolExecutor.runWorker(ThreadPoolExecutor.java:1149)
	at java.util.concurrent.ThreadPoolExecutor$Worker.run(ThreadPoolExecutor.java:624)
	... 1 more
Caused by: org.apache.ratis.thirdparty.io.netty.channel.AbstractChannel$AnnotatedConnectException: Connection refused: /192.168.157.211:38722
	at sun.nio.ch.SocketChannelImpl.checkConnect(Native Method)
	at sun.nio.ch.SocketChannelImpl.finishConnect(SocketChannelImpl.java:717)
	at org.apache.ratis.thirdparty.io.netty.channel.socket.nio.NioSocketChannel.doFinishConnect(NioSocketChannel.java:327)
	at org.apache.ratis.thirdparty.io.netty.channel.nio.AbstractNioChannel$AbstractNioUnsafe.finishConnect(AbstractNioChannel.java:340)
	at org.apache.ratis.thirdparty.io.netty.channel.nio.NioEventLoop.processSelectedKey(NioEventLoop.java:632)
	at org.apache.ratis.thirdparty.io.netty.channel.nio.NioEventLoop.processSelectedKeysOptimized(NioEventLoop.java:579)
	at org.apache.ratis.thirdparty.io.netty.channel.nio.NioEventLoop.processSelectedKeys(NioEventLoop.java:496)
	at org.apache.ratis.thirdparty.io.netty.channel.nio.NioEventLoop.run(NioEventLoop.java:458)
	at org.apache.ratis.thirdparty.io.netty.util.concurrent.SingleThreadEventExecutor$5.run(SingleThreadEventExecutor.java:897)
	at org.apache.ratis.thirdparty.io.netty.util.concurrent.FastThreadLocalRunnable.run(FastThreadLocalRunnable.java:30)
	... 1 more
Caused by: java.net.ConnectException: Connection refused
	... 11 more
2019-10-17 07:09:55,082 [805254cc-2da6-48d8-a2f9-c1a3ceceab4a@group-2C0FEEE55AE1-LeaderElection1239] INFO  impl.LeaderElection (LeaderElection.java:logAndReturn(56)) - 805254cc-2da6-48d8-a2f9-c1a3ceceab4a@group-2C0FEEE55AE1-LeaderElection1239: Election REJECTED; received 0 response(s) [] and 2 exception(s); 805254cc-2da6-48d8-a2f9-c1a3ceceab4a@group-2C0FEEE55AE1:t174, leader=null, voted=805254cc-2da6-48d8-a2f9-c1a3ceceab4a, raftlog=805254cc-2da6-48d8-a2f9-c1a3ceceab4a@group-2C0FEEE55AE1-SegmentedRaftLog:OPENED:c-1,f0,i0, conf=0: [f3ee4219-89bb-47f2-bbe0-5f784575b745:192.168.157.211:38722, 805254cc-2da6-48d8-a2f9-c1a3ceceab4a:192.168.157.211:35407, 696df33b-59a0-4145-913f-936aff0d1566:192.168.157.211:38803], old=null
2019-10-17 07:09:55,083 [805254cc-2da6-48d8-a2f9-c1a3ceceab4a@group-2C0FEEE55AE1-LeaderElection1239] INFO  impl.LeaderElection (LogUtils.java:infoOrTrace(149)) -   Exception 0: {}
java.util.concurrent.ExecutionException: org.apache.ratis.thirdparty.io.grpc.StatusRuntimeException: UNAVAILABLE: io exception
	at java.util.concurrent.FutureTask.report(FutureTask.java:122)
	at java.util.concurrent.FutureTask.get(FutureTask.java:192)
	at org.apache.ratis.server.impl.LeaderElection.waitForResults(LeaderElection.java:259)
	at org.apache.ratis.server.impl.LeaderElection.askForVotes(LeaderElection.java:197)
	at org.apache.ratis.server.impl.LeaderElection.run(LeaderElection.java:133)
	at java.lang.Thread.run(Thread.java:748)
Caused by: org.apache.ratis.thirdparty.io.grpc.StatusRuntimeException: UNAVAILABLE: io exception
	at org.apache.ratis.thirdparty.io.grpc.stub.ClientCalls.toStatusRuntimeException(ClientCalls.java:233)
	at org.apache.ratis.thirdparty.io.grpc.stub.ClientCalls.getUnchecked(ClientCalls.java:214)
	at org.apache.ratis.thirdparty.io.grpc.stub.ClientCalls.blockingUnaryCall(ClientCalls.java:139)
	at org.apache.ratis.proto.grpc.RaftServerProtocolServiceGrpc$RaftServerProtocolServiceBlockingStub.requestVote(RaftServerProtocolServiceGrpc.java:265)
	at org.apache.ratis.grpc.server.GrpcServerProtocolClient.requestVote(GrpcServerProtocolClient.java:99)
	at org.apache.ratis.grpc.server.GrpcService.requestVote(GrpcService.java:204)
	at org.apache.ratis.server.impl.LeaderElection.lambda$submitRequests$1(LeaderElection.java:234)
	at java.util.concurrent.FutureTask.run(FutureTask.java:266)
	at java.util.concurrent.Executors$RunnableAdapter.call(Executors.java:511)
	at java.util.concurrent.FutureTask.run(FutureTask.java:266)
	at java.util.concurrent.ThreadPoolExecutor.runWorker(ThreadPoolExecutor.java:1149)
	at java.util.concurrent.ThreadPoolExecutor$Worker.run(ThreadPoolExecutor.java:624)
	... 1 more
Caused by: org.apache.ratis.thirdparty.io.netty.channel.AbstractChannel$AnnotatedConnectException: Connection refused: /192.168.157.211:38803
	at sun.nio.ch.SocketChannelImpl.checkConnect(Native Method)
	at sun.nio.ch.SocketChannelImpl.finishConnect(SocketChannelImpl.java:717)
	at org.apache.ratis.thirdparty.io.netty.channel.socket.nio.NioSocketChannel.doFinishConnect(NioSocketChannel.java:327)
	at org.apache.ratis.thirdparty.io.netty.channel.nio.AbstractNioChannel$AbstractNioUnsafe.finishConnect(AbstractNioChannel.java:340)
	at org.apache.ratis.thirdparty.io.netty.channel.nio.NioEventLoop.processSelectedKey(NioEventLoop.java:632)
	at org.apache.ratis.thirdparty.io.netty.channel.nio.NioEventLoop.processSelectedKeysOptimized(NioEventLoop.java:579)
	at org.apache.ratis.thirdparty.io.netty.channel.nio.NioEventLoop.processSelectedKeys(NioEventLoop.java:496)
	at org.apache.ratis.thirdparty.io.netty.channel.nio.NioEventLoop.run(NioEventLoop.java:458)
	at org.apache.ratis.thirdparty.io.netty.util.concurrent.SingleThreadEventExecutor$5.run(SingleThreadEventExecutor.java:897)
	at org.apache.ratis.thirdparty.io.netty.util.concurrent.FastThreadLocalRunnable.run(FastThreadLocalRunnable.java:30)
	... 1 more
Caused by: java.net.ConnectException: Connection refused
	... 11 more
2019-10-17 07:09:55,083 [java.util.concurrent.ThreadPoolExecutor$Worker@1bc8ec8[State = -1, empty queue]] WARN  server.GrpcLogAppender (GrpcLogAppender.java:timeoutAppendRequest(209)) - 5f7ef38b-a645-4f95-94e6-bd075ea30748@group-E6EB69311C83->0acdc124-2757-4c91-93b1-ab1a2908776d-GrpcLogAppender: appendEntries Timeout, request=5f7ef38b-a645-4f95-94e6-bd075ea30748->0acdc124-2757-4c91-93b1-ab1a2908776d#58-t1, previous=(t:1, i:12), leaderCommit=12, initializing? false, entries: <empty>
2019-10-17 07:09:55,083 [805254cc-2da6-48d8-a2f9-c1a3ceceab4a@group-2C0FEEE55AE1-LeaderElection1239] INFO  impl.LeaderElection (LogUtils.java:infoOrTrace(149)) -   Exception 1: {}
java.util.concurrent.ExecutionException: org.apache.ratis.thirdparty.io.grpc.StatusRuntimeException: UNAVAILABLE: io exception
	at java.util.concurrent.FutureTask.report(FutureTask.java:122)
	at java.util.concurrent.FutureTask.get(FutureTask.java:192)
	at org.apache.ratis.server.impl.LeaderElection.waitForResults(LeaderElection.java:259)
	at org.apache.ratis.server.impl.LeaderElection.askForVotes(LeaderElection.java:197)
	at org.apache.ratis.server.impl.LeaderElection.run(LeaderElection.java:133)
	at java.lang.Thread.run(Thread.java:748)
Caused by: org.apache.ratis.thirdparty.io.grpc.StatusRuntimeException: UNAVAILABLE: io exception
	at org.apache.ratis.thirdparty.io.grpc.stub.ClientCalls.toStatusRuntimeException(ClientCalls.java:233)
	at org.apache.ratis.thirdparty.io.grpc.stub.ClientCalls.getUnchecked(ClientCalls.java:214)
	at org.apache.ratis.thirdparty.io.grpc.stub.ClientCalls.blockingUnaryCall(ClientCalls.java:139)
	at org.apache.ratis.proto.grpc.RaftServerProtocolServiceGrpc$RaftServerProtocolServiceBlockingStub.requestVote(RaftServerProtocolServiceGrpc.java:265)
	at org.apache.ratis.grpc.server.GrpcServerProtocolClient.requestVote(GrpcServerProtocolClient.java:99)
	at org.apache.ratis.grpc.server.GrpcService.requestVote(GrpcService.java:204)
	at org.apache.ratis.server.impl.LeaderElection.lambda$submitRequests$1(LeaderElection.java:234)
	at java.util.concurrent.FutureTask.run(FutureTask.java:266)
	at java.util.concurrent.Executors$RunnableAdapter.call(Executors.java:511)
	at java.util.concurrent.FutureTask.run(FutureTask.java:266)
	at java.util.concurrent.ThreadPoolExecutor.runWorker(ThreadPoolExecutor.java:1149)
	at java.util.concurrent.ThreadPoolExecutor$Worker.run(ThreadPoolExecutor.java:624)
	... 1 more
Caused by: org.apache.ratis.thirdparty.io.netty.channel.AbstractChannel$AnnotatedConnectException: Connection refused: /192.168.157.211:38722
	at sun.nio.ch.SocketChannelImpl.checkConnect(Native Method)
	at sun.nio.ch.SocketChannelImpl.finishConnect(SocketChannelImpl.java:717)
	at org.apache.ratis.thirdparty.io.netty.channel.socket.nio.NioSocketChannel.doFinishConnect(NioSocketChannel.java:327)
	at org.apache.ratis.thirdparty.io.netty.channel.nio.AbstractNioChannel$AbstractNioUnsafe.finishConnect(AbstractNioChannel.java:340)
	at org.apache.ratis.thirdparty.io.netty.channel.nio.NioEventLoop.processSelectedKey(NioEventLoop.java:632)
	at org.apache.ratis.thirdparty.io.netty.channel.nio.NioEventLoop.processSelectedKeysOptimized(NioEventLoop.java:579)
	at org.apache.ratis.thirdparty.io.netty.channel.nio.NioEventLoop.processSelectedKeys(NioEventLoop.java:496)
	at org.apache.ratis.thirdparty.io.netty.channel.nio.NioEventLoop.run(NioEventLoop.java:458)
	at org.apache.ratis.thirdparty.io.netty.util.concurrent.SingleThreadEventExecutor$5.run(SingleThreadEventExecutor.java:897)
	at org.apache.ratis.thirdparty.io.netty.util.concurrent.FastThreadLocalRunnable.run(FastThreadLocalRunnable.java:30)
	... 1 more
Caused by: java.net.ConnectException: Connection refused
	... 11 more
2019-10-17 07:09:55,084 [805254cc-2da6-48d8-a2f9-c1a3ceceab4a@group-2C0FEEE55AE1-LeaderElection1239] INFO  impl.RaftServerImpl (RaftServerImpl.java:setRole(184)) - 805254cc-2da6-48d8-a2f9-c1a3ceceab4a@group-2C0FEEE55AE1: changes role from CANDIDATE to FOLLOWER at term 174 for DISCOVERED_A_NEW_TERM
2019-10-17 07:09:55,084 [805254cc-2da6-48d8-a2f9-c1a3ceceab4a@group-2C0FEEE55AE1-LeaderElection1239] INFO  impl.RoleInfo (RoleInfo.java:shutdownLeaderElection(134)) - 805254cc-2da6-48d8-a2f9-c1a3ceceab4a: shutdown LeaderElection
2019-10-17 07:09:55,084 [805254cc-2da6-48d8-a2f9-c1a3ceceab4a@group-2C0FEEE55AE1-LeaderElection1239] INFO  impl.RoleInfo (RoleInfo.java:updateAndGet(143)) - 805254cc-2da6-48d8-a2f9-c1a3ceceab4a: start FollowerState
2019-10-17 07:09:55,330 [Datanode State Machine Thread - 0] INFO  statemachine.DatanodeStateMachine (DatanodeStateMachine.java:lambda$startDaemon$0(350)) - Ozone container server started.
2019-10-17 07:09:55,583 [java.util.concurrent.ThreadPoolExecutor$Worker@1bc8ec8[State = -1, empty queue]] WARN  server.GrpcLogAppender (GrpcLogAppender.java:timeoutAppendRequest(209)) - 5f7ef38b-a645-4f95-94e6-bd075ea30748@group-E6EB69311C83->0acdc124-2757-4c91-93b1-ab1a2908776d-GrpcLogAppender: appendEntries Timeout, request=5f7ef38b-a645-4f95-94e6-bd075ea30748->0acdc124-2757-4c91-93b1-ab1a2908776d#59-t1, previous=(t:1, i:12), leaderCommit=12, initializing? false, entries: <empty>
2019-10-17 07:09:56,083 [java.util.concurrent.ThreadPoolExecutor$Worker@1bc8ec8[State = -1, empty queue]] WARN  server.GrpcLogAppender (GrpcLogAppender.java:timeoutAppendRequest(209)) - 5f7ef38b-a645-4f95-94e6-bd075ea30748@group-E6EB69311C83->0acdc124-2757-4c91-93b1-ab1a2908776d-GrpcLogAppender: appendEntries Timeout, request=5f7ef38b-a645-4f95-94e6-bd075ea30748->0acdc124-2757-4c91-93b1-ab1a2908776d#60-t1, previous=(t:1, i:12), leaderCommit=12, initializing? false, entries: <empty>
2019-10-17 07:09:56,239 [Thread-9624] INFO  impl.FollowerState (FollowerState.java:run(108)) - e9b52f21-01d5-44eb-a9cd-d907fd904ad1@group-E6EB69311C83-FollowerState: change to CANDIDATE, lastRpcTime:1643ms, electionTimeout:1030ms
2019-10-17 07:09:56,239 [Thread-9624] INFO  impl.RoleInfo (RoleInfo.java:shutdownFollowerState(121)) - e9b52f21-01d5-44eb-a9cd-d907fd904ad1: shutdown FollowerState
2019-10-17 07:09:56,239 [Thread-9624] INFO  impl.RaftServerImpl (RaftServerImpl.java:setRole(184)) - e9b52f21-01d5-44eb-a9cd-d907fd904ad1@group-E6EB69311C83: changes role from  FOLLOWER to CANDIDATE at term 1 for changeToCandidate
2019-10-17 07:09:56,239 [Thread-9624] INFO  impl.RoleInfo (RoleInfo.java:updateAndGet(143)) - e9b52f21-01d5-44eb-a9cd-d907fd904ad1: start LeaderElection
2019-10-17 07:09:56,240 [e9b52f21-01d5-44eb-a9cd-d907fd904ad1@group-E6EB69311C83-LeaderElection1240] INFO  impl.RaftServerImpl (ServerState.java:setLeader(256)) - e9b52f21-01d5-44eb-a9cd-d907fd904ad1@group-E6EB69311C83: change Leader from 5f7ef38b-a645-4f95-94e6-bd075ea30748 to null at term 1 for initElection
2019-10-17 07:09:56,254 [e9b52f21-01d5-44eb-a9cd-d907fd904ad1@group-E6EB69311C83-LeaderElection1240] INFO  impl.LeaderElection (LeaderElection.java:askForVotes(178)) - e9b52f21-01d5-44eb-a9cd-d907fd904ad1@group-E6EB69311C83-LeaderElection1240: begin an election at term 2 for 0: [5f7ef38b-a645-4f95-94e6-bd075ea30748:192.168.157.211:33759, e9b52f21-01d5-44eb-a9cd-d907fd904ad1:192.168.157.211:45108, 0acdc124-2757-4c91-93b1-ab1a2908776d:192.168.157.211:34191], old=null
2019-10-17 07:09:56,257 [e9b52f21-01d5-44eb-a9cd-d907fd904ad1@group-E6EB69311C83-LeaderElection1240] INFO  impl.LeaderElection (LogUtils.java:infoOrTrace(149)) - e9b52f21-01d5-44eb-a9cd-d907fd904ad1@group-E6EB69311C83-LeaderElection1240 got exception when requesting votes: {}
java.util.concurrent.ExecutionException: org.apache.ratis.thirdparty.io.grpc.StatusRuntimeException: UNAVAILABLE: io exception
	at java.util.concurrent.FutureTask.report(FutureTask.java:122)
	at java.util.concurrent.FutureTask.get(FutureTask.java:192)
	at org.apache.ratis.server.impl.LeaderElection.waitForResults(LeaderElection.java:259)
	at org.apache.ratis.server.impl.LeaderElection.askForVotes(LeaderElection.java:197)
	at org.apache.ratis.server.impl.LeaderElection.run(LeaderElection.java:133)
	at java.lang.Thread.run(Thread.java:748)
Caused by: org.apache.ratis.thirdparty.io.grpc.StatusRuntimeException: UNAVAILABLE: io exception
	at org.apache.ratis.thirdparty.io.grpc.stub.ClientCalls.toStatusRuntimeException(ClientCalls.java:233)
	at org.apache.ratis.thirdparty.io.grpc.stub.ClientCalls.getUnchecked(ClientCalls.java:214)
	at org.apache.ratis.thirdparty.io.grpc.stub.ClientCalls.blockingUnaryCall(ClientCalls.java:139)
	at org.apache.ratis.proto.grpc.RaftServerProtocolServiceGrpc$RaftServerProtocolServiceBlockingStub.requestVote(RaftServerProtocolServiceGrpc.java:265)
	at org.apache.ratis.grpc.server.GrpcServerProtocolClient.requestVote(GrpcServerProtocolClient.java:99)
	at org.apache.ratis.grpc.server.GrpcService.requestVote(GrpcService.java:204)
	at org.apache.ratis.server.impl.LeaderElection.lambda$submitRequests$1(LeaderElection.java:234)
	at java.util.concurrent.FutureTask.run(FutureTask.java:266)
	at java.util.concurrent.Executors$RunnableAdapter.call(Executors.java:511)
	at java.util.concurrent.FutureTask.run(FutureTask.java:266)
	at java.util.concurrent.ThreadPoolExecutor.runWorker(ThreadPoolExecutor.java:1149)
	at java.util.concurrent.ThreadPoolExecutor$Worker.run(ThreadPoolExecutor.java:624)
	... 1 more
Caused by: org.apache.ratis.thirdparty.io.netty.channel.AbstractChannel$AnnotatedConnectException: Connection refused: /192.168.157.211:34191
	at sun.nio.ch.SocketChannelImpl.checkConnect(Native Method)
	at sun.nio.ch.SocketChannelImpl.finishConnect(SocketChannelImpl.java:717)
	at org.apache.ratis.thirdparty.io.netty.channel.socket.nio.NioSocketChannel.doFinishConnect(NioSocketChannel.java:327)
	at org.apache.ratis.thirdparty.io.netty.channel.nio.AbstractNioChannel$AbstractNioUnsafe.finishConnect(AbstractNioChannel.java:340)
	at org.apache.ratis.thirdparty.io.netty.channel.nio.NioEventLoop.processSelectedKey(NioEventLoop.java:632)
	at org.apache.ratis.thirdparty.io.netty.channel.nio.NioEventLoop.processSelectedKeysOptimized(NioEventLoop.java:579)
	at org.apache.ratis.thirdparty.io.netty.channel.nio.NioEventLoop.processSelectedKeys(NioEventLoop.java:496)
	at org.apache.ratis.thirdparty.io.netty.channel.nio.NioEventLoop.run(NioEventLoop.java:458)
	at org.apache.ratis.thirdparty.io.netty.util.concurrent.SingleThreadEventExecutor$5.run(SingleThreadEventExecutor.java:897)
	at org.apache.ratis.thirdparty.io.netty.util.concurrent.FastThreadLocalRunnable.run(FastThreadLocalRunnable.java:30)
	... 1 more
Caused by: java.net.ConnectException: Connection refused
	... 11 more
2019-10-17 07:09:56,257 [Thread-10885] INFO  impl.FollowerState (FollowerState.java:run(108)) - 805254cc-2da6-48d8-a2f9-c1a3ceceab4a@group-2C0FEEE55AE1-FollowerState: change to CANDIDATE, lastRpcTime:1173ms, electionTimeout:1173ms
2019-10-17 07:09:56,258 [e9b52f21-01d5-44eb-a9cd-d907fd904ad1@group-E6EB69311C83-LeaderElection1240] INFO  impl.LeaderElection (LogUtils.java:infoOrTrace(149)) - e9b52f21-01d5-44eb-a9cd-d907fd904ad1@group-E6EB69311C83-LeaderElection1240 got exception when requesting votes: {}
java.util.concurrent.ExecutionException: org.apache.ratis.thirdparty.io.grpc.StatusRuntimeException: UNAVAILABLE: io exception
	at java.util.concurrent.FutureTask.report(FutureTask.java:122)
	at java.util.concurrent.FutureTask.get(FutureTask.java:192)
	at org.apache.ratis.server.impl.LeaderElection.waitForResults(LeaderElection.java:259)
	at org.apache.ratis.server.impl.LeaderElection.askForVotes(LeaderElection.java:197)
	at org.apache.ratis.server.impl.LeaderElection.run(LeaderElection.java:133)
	at java.lang.Thread.run(Thread.java:748)
Caused by: org.apache.ratis.thirdparty.io.grpc.StatusRuntimeException: UNAVAILABLE: io exception
	at org.apache.ratis.thirdparty.io.grpc.stub.ClientCalls.toStatusRuntimeException(ClientCalls.java:233)
	at org.apache.ratis.thirdparty.io.grpc.stub.ClientCalls.getUnchecked(ClientCalls.java:214)
	at org.apache.ratis.thirdparty.io.grpc.stub.ClientCalls.blockingUnaryCall(ClientCalls.java:139)
	at org.apache.ratis.proto.grpc.RaftServerProtocolServiceGrpc$RaftServerProtocolServiceBlockingStub.requestVote(RaftServerProtocolServiceGrpc.java:265)
	at org.apache.ratis.grpc.server.GrpcServerProtocolClient.requestVote(GrpcServerProtocolClient.java:99)
	at org.apache.ratis.grpc.server.GrpcService.requestVote(GrpcService.java:204)
	at org.apache.ratis.server.impl.LeaderElection.lambda$submitRequests$1(LeaderElection.java:234)
	at java.util.concurrent.FutureTask.run(FutureTask.java:266)
	at java.util.concurrent.Executors$RunnableAdapter.call(Executors.java:511)
	at java.util.concurrent.FutureTask.run(FutureTask.java:266)
	at java.util.concurrent.ThreadPoolExecutor.runWorker(ThreadPoolExecutor.java:1149)
	at java.util.concurrent.ThreadPoolExecutor$Worker.run(ThreadPoolExecutor.java:624)
	... 1 more
Caused by: org.apache.ratis.thirdparty.io.netty.channel.AbstractChannel$AnnotatedConnectException: Connection refused: /192.168.157.211:33759
	at sun.nio.ch.SocketChannelImpl.checkConnect(Native Method)
	at sun.nio.ch.SocketChannelImpl.finishConnect(SocketChannelImpl.java:717)
	at org.apache.ratis.thirdparty.io.netty.channel.socket.nio.NioSocketChannel.doFinishConnect(NioSocketChannel.java:327)
	at org.apache.ratis.thirdparty.io.netty.channel.nio.AbstractNioChannel$AbstractNioUnsafe.finishConnect(AbstractNioChannel.java:340)
	at org.apache.ratis.thirdparty.io.netty.channel.nio.NioEventLoop.processSelectedKey(NioEventLoop.java:632)
	at org.apache.ratis.thirdparty.io.netty.channel.nio.NioEventLoop.processSelectedKeysOptimized(NioEventLoop.java:579)
	at org.apache.ratis.thirdparty.io.netty.channel.nio.NioEventLoop.processSelectedKeys(NioEventLoop.java:496)
	at org.apache.ratis.thirdparty.io.netty.channel.nio.NioEventLoop.run(NioEventLoop.java:458)
	at org.apache.ratis.thirdparty.io.netty.util.concurrent.SingleThreadEventExecutor$5.run(SingleThreadEventExecutor.java:897)
	at org.apache.ratis.thirdparty.io.netty.util.concurrent.FastThreadLocalRunnable.run(FastThreadLocalRunnable.java:30)
	... 1 more
Caused by: java.net.ConnectException: Connection refused
	... 11 more
2019-10-17 07:09:56,258 [Thread-10885] INFO  impl.RoleInfo (RoleInfo.java:shutdownFollowerState(121)) - 805254cc-2da6-48d8-a2f9-c1a3ceceab4a: shutdown FollowerState
2019-10-17 07:09:56,258 [e9b52f21-01d5-44eb-a9cd-d907fd904ad1@group-E6EB69311C83-LeaderElection1240] INFO  impl.LeaderElection (LeaderElection.java:logAndReturn(56)) - e9b52f21-01d5-44eb-a9cd-d907fd904ad1@group-E6EB69311C83-LeaderElection1240: Election REJECTED; received 0 response(s) [] and 2 exception(s); e9b52f21-01d5-44eb-a9cd-d907fd904ad1@group-E6EB69311C83:t2, leader=null, voted=e9b52f21-01d5-44eb-a9cd-d907fd904ad1, raftlog=e9b52f21-01d5-44eb-a9cd-d907fd904ad1@group-E6EB69311C83-SegmentedRaftLog:OPENED:c12,f12,i12, conf=0: [5f7ef38b-a645-4f95-94e6-bd075ea30748:192.168.157.211:33759, e9b52f21-01d5-44eb-a9cd-d907fd904ad1:192.168.157.211:45108, 0acdc124-2757-4c91-93b1-ab1a2908776d:192.168.157.211:34191], old=null
2019-10-17 07:09:56,258 [Thread-10885] INFO  impl.RaftServerImpl (RaftServerImpl.java:setRole(184)) - 805254cc-2da6-48d8-a2f9-c1a3ceceab4a@group-2C0FEEE55AE1: changes role from  FOLLOWER to CANDIDATE at term 174 for changeToCandidate
2019-10-17 07:09:56,258 [e9b52f21-01d5-44eb-a9cd-d907fd904ad1@group-E6EB69311C83-LeaderElection1240] INFO  impl.LeaderElection (LogUtils.java:infoOrTrace(149)) -   Exception 0: {}
java.util.concurrent.ExecutionException: org.apache.ratis.thirdparty.io.grpc.StatusRuntimeException: UNAVAILABLE: io exception
	at java.util.concurrent.FutureTask.report(FutureTask.java:122)
	at java.util.concurrent.FutureTask.get(FutureTask.java:192)
	at org.apache.ratis.server.impl.LeaderElection.waitForResults(LeaderElection.java:259)
	at org.apache.ratis.server.impl.LeaderElection.askForVotes(LeaderElection.java:197)
	at org.apache.ratis.server.impl.LeaderElection.run(LeaderElection.java:133)
	at java.lang.Thread.run(Thread.java:748)
Caused by: org.apache.ratis.thirdparty.io.grpc.StatusRuntimeException: UNAVAILABLE: io exception
	at org.apache.ratis.thirdparty.io.grpc.stub.ClientCalls.toStatusRuntimeException(ClientCalls.java:233)
	at org.apache.ratis.thirdparty.io.grpc.stub.ClientCalls.getUnchecked(ClientCalls.java:214)
	at org.apache.ratis.thirdparty.io.grpc.stub.ClientCalls.blockingUnaryCall(ClientCalls.java:139)
	at org.apache.ratis.proto.grpc.RaftServerProtocolServiceGrpc$RaftServerProtocolServiceBlockingStub.requestVote(RaftServerProtocolServiceGrpc.java:265)
	at org.apache.ratis.grpc.server.GrpcServerProtocolClient.requestVote(GrpcServerProtocolClient.java:99)
	at org.apache.ratis.grpc.server.GrpcService.requestVote(GrpcService.java:204)
	at org.apache.ratis.server.impl.LeaderElection.lambda$submitRequests$1(LeaderElection.java:234)
	at java.util.concurrent.FutureTask.run(FutureTask.java:266)
	at java.util.concurrent.Executors$RunnableAdapter.call(Executors.java:511)
	at java.util.concurrent.FutureTask.run(FutureTask.java:266)
	at java.util.concurrent.ThreadPoolExecutor.runWorker(ThreadPoolExecutor.java:1149)
	at java.util.concurrent.ThreadPoolExecutor$Worker.run(ThreadPoolExecutor.java:624)
	... 1 more
Caused by: org.apache.ratis.thirdparty.io.netty.channel.AbstractChannel$AnnotatedConnectException: Connection refused: /192.168.157.211:34191
	at sun.nio.ch.SocketChannelImpl.checkConnect(Native Method)
	at sun.nio.ch.SocketChannelImpl.finishConnect(SocketChannelImpl.java:717)
	at org.apache.ratis.thirdparty.io.netty.channel.socket.nio.NioSocketChannel.doFinishConnect(NioSocketChannel.java:327)
	at org.apache.ratis.thirdparty.io.netty.channel.nio.AbstractNioChannel$AbstractNioUnsafe.finishConnect(AbstractNioChannel.java:340)
	at org.apache.ratis.thirdparty.io.netty.channel.nio.NioEventLoop.processSelectedKey(NioEventLoop.java:632)
	at org.apache.ratis.thirdparty.io.netty.channel.nio.NioEventLoop.processSelectedKeysOptimized(NioEventLoop.java:579)
	at org.apache.ratis.thirdparty.io.netty.channel.nio.NioEventLoop.processSelectedKeys(NioEventLoop.java:496)
	at org.apache.ratis.thirdparty.io.netty.channel.nio.NioEventLoop.run(NioEventLoop.java:458)
	at org.apache.ratis.thirdparty.io.netty.util.concurrent.SingleThreadEventExecutor$5.run(SingleThreadEventExecutor.java:897)
	at org.apache.ratis.thirdparty.io.netty.util.concurrent.FastThreadLocalRunnable.run(FastThreadLocalRunnable.java:30)
	... 1 more
Caused by: java.net.ConnectException: Connection refused
	... 11 more
2019-10-17 07:09:56,258 [Thread-10885] INFO  impl.RoleInfo (RoleInfo.java:updateAndGet(143)) - 805254cc-2da6-48d8-a2f9-c1a3ceceab4a: start LeaderElection
2019-10-17 07:09:56,259 [e9b52f21-01d5-44eb-a9cd-d907fd904ad1@group-E6EB69311C83-LeaderElection1240] INFO  impl.LeaderElection (LogUtils.java:infoOrTrace(149)) -   Exception 1: {}
java.util.concurrent.ExecutionException: org.apache.ratis.thirdparty.io.grpc.StatusRuntimeException: UNAVAILABLE: io exception
	at java.util.concurrent.FutureTask.report(FutureTask.java:122)
	at java.util.concurrent.FutureTask.get(FutureTask.java:192)
	at org.apache.ratis.server.impl.LeaderElection.waitForResults(LeaderElection.java:259)
	at org.apache.ratis.server.impl.LeaderElection.askForVotes(LeaderElection.java:197)
	at org.apache.ratis.server.impl.LeaderElection.run(LeaderElection.java:133)
	at java.lang.Thread.run(Thread.java:748)
Caused by: org.apache.ratis.thirdparty.io.grpc.StatusRuntimeException: UNAVAILABLE: io exception
	at org.apache.ratis.thirdparty.io.grpc.stub.ClientCalls.toStatusRuntimeException(ClientCalls.java:233)
	at org.apache.ratis.thirdparty.io.grpc.stub.ClientCalls.getUnchecked(ClientCalls.java:214)
	at org.apache.ratis.thirdparty.io.grpc.stub.ClientCalls.blockingUnaryCall(ClientCalls.java:139)
	at org.apache.ratis.proto.grpc.RaftServerProtocolServiceGrpc$RaftServerProtocolServiceBlockingStub.requestVote(RaftServerProtocolServiceGrpc.java:265)
	at org.apache.ratis.grpc.server.GrpcServerProtocolClient.requestVote(GrpcServerProtocolClient.java:99)
	at org.apache.ratis.grpc.server.GrpcService.requestVote(GrpcService.java:204)
	at org.apache.ratis.server.impl.LeaderElection.lambda$submitRequests$1(LeaderElection.java:234)
	at java.util.concurrent.FutureTask.run(FutureTask.java:266)
	at java.util.concurrent.Executors$RunnableAdapter.call(Executors.java:511)
	at java.util.concurrent.FutureTask.run(FutureTask.java:266)
	at java.util.concurrent.ThreadPoolExecutor.runWorker(ThreadPoolExecutor.java:1149)
	at java.util.concurrent.ThreadPoolExecutor$Worker.run(ThreadPoolExecutor.java:624)
	... 1 more
Caused by: org.apache.ratis.thirdparty.io.netty.channel.AbstractChannel$AnnotatedConnectException: Connection refused: /192.168.157.211:33759
	at sun.nio.ch.SocketChannelImpl.checkConnect(Native Method)
	at sun.nio.ch.SocketChannelImpl.finishConnect(SocketChannelImpl.java:717)
	at org.apache.ratis.thirdparty.io.netty.channel.socket.nio.NioSocketChannel.doFinishConnect(NioSocketChannel.java:327)
	at org.apache.ratis.thirdparty.io.netty.channel.nio.AbstractNioChannel$AbstractNioUnsafe.finishConnect(AbstractNioChannel.java:340)
	at org.apache.ratis.thirdparty.io.netty.channel.nio.NioEventLoop.processSelectedKey(NioEventLoop.java:632)
	at org.apache.ratis.thirdparty.io.netty.channel.nio.NioEventLoop.processSelectedKeysOptimized(NioEventLoop.java:579)
	at org.apache.ratis.thirdparty.io.netty.channel.nio.NioEventLoop.processSelectedKeys(NioEventLoop.java:496)
	at org.apache.ratis.thirdparty.io.netty.channel.nio.NioEventLoop.run(NioEventLoop.java:458)
	at org.apache.ratis.thirdparty.io.netty.util.concurrent.SingleThreadEventExecutor$5.run(SingleThreadEventExecutor.java:897)
	at org.apache.ratis.thirdparty.io.netty.util.concurrent.FastThreadLocalRunnable.run(FastThreadLocalRunnable.java:30)
	... 1 more
Caused by: java.net.ConnectException: Connection refused
	... 11 more
2019-10-17 07:09:56,259 [e9b52f21-01d5-44eb-a9cd-d907fd904ad1@group-E6EB69311C83-LeaderElection1240] INFO  impl.RaftServerImpl (RaftServerImpl.java:setRole(184)) - e9b52f21-01d5-44eb-a9cd-d907fd904ad1@group-E6EB69311C83: changes role from CANDIDATE to FOLLOWER at term 2 for DISCOVERED_A_NEW_TERM
2019-10-17 07:09:56,260 [e9b52f21-01d5-44eb-a9cd-d907fd904ad1@group-E6EB69311C83-LeaderElection1240] INFO  impl.RoleInfo (RoleInfo.java:shutdownLeaderElection(134)) - e9b52f21-01d5-44eb-a9cd-d907fd904ad1: shutdown LeaderElection
2019-10-17 07:09:56,260 [e9b52f21-01d5-44eb-a9cd-d907fd904ad1@group-E6EB69311C83-LeaderElection1240] INFO  impl.RoleInfo (RoleInfo.java:updateAndGet(143)) - e9b52f21-01d5-44eb-a9cd-d907fd904ad1: start FollowerState
2019-10-17 07:09:56,272 [805254cc-2da6-48d8-a2f9-c1a3ceceab4a@group-2C0FEEE55AE1-LeaderElection1241] INFO  impl.LeaderElection (LeaderElection.java:askForVotes(178)) - 805254cc-2da6-48d8-a2f9-c1a3ceceab4a@group-2C0FEEE55AE1-LeaderElection1241: begin an election at term 175 for 0: [f3ee4219-89bb-47f2-bbe0-5f784575b745:192.168.157.211:38722, 805254cc-2da6-48d8-a2f9-c1a3ceceab4a:192.168.157.211:35407, 696df33b-59a0-4145-913f-936aff0d1566:192.168.157.211:38803], old=null
2019-10-17 07:09:56,273 [805254cc-2da6-48d8-a2f9-c1a3ceceab4a@group-2C0FEEE55AE1-LeaderElection1241] INFO  impl.LeaderElection (LogUtils.java:infoOrTrace(149)) - 805254cc-2da6-48d8-a2f9-c1a3ceceab4a@group-2C0FEEE55AE1-LeaderElection1241 got exception when requesting votes: {}
java.util.concurrent.ExecutionException: org.apache.ratis.thirdparty.io.grpc.StatusRuntimeException: UNAVAILABLE: io exception
	at java.util.concurrent.FutureTask.report(FutureTask.java:122)
	at java.util.concurrent.FutureTask.get(FutureTask.java:192)
	at org.apache.ratis.server.impl.LeaderElection.waitForResults(LeaderElection.java:259)
	at org.apache.ratis.server.impl.LeaderElection.askForVotes(LeaderElection.java:197)
	at org.apache.ratis.server.impl.LeaderElection.run(LeaderElection.java:133)
	at java.lang.Thread.run(Thread.java:748)
Caused by: org.apache.ratis.thirdparty.io.grpc.StatusRuntimeException: UNAVAILABLE: io exception
	at org.apache.ratis.thirdparty.io.grpc.stub.ClientCalls.toStatusRuntimeException(ClientCalls.java:233)
	at org.apache.ratis.thirdparty.io.grpc.stub.ClientCalls.getUnchecked(ClientCalls.java:214)
	at org.apache.ratis.thirdparty.io.grpc.stub.ClientCalls.blockingUnaryCall(ClientCalls.java:139)
	at org.apache.ratis.proto.grpc.RaftServerProtocolServiceGrpc$RaftServerProtocolServiceBlockingStub.requestVote(RaftServerProtocolServiceGrpc.java:265)
	at org.apache.ratis.grpc.server.GrpcServerProtocolClient.requestVote(GrpcServerProtocolClient.java:99)
	at org.apache.ratis.grpc.server.GrpcService.requestVote(GrpcService.java:204)
	at org.apache.ratis.server.impl.LeaderElection.lambda$submitRequests$1(LeaderElection.java:234)
	at java.util.concurrent.FutureTask.run(FutureTask.java:266)
	at java.util.concurrent.Executors$RunnableAdapter.call(Executors.java:511)
	at java.util.concurrent.FutureTask.run(FutureTask.java:266)
	at java.util.concurrent.ThreadPoolExecutor.runWorker(ThreadPoolExecutor.java:1149)
	at java.util.concurrent.ThreadPoolExecutor$Worker.run(ThreadPoolExecutor.java:624)
	... 1 more
Caused by: org.apache.ratis.thirdparty.io.netty.channel.AbstractChannel$AnnotatedConnectException: Connection refused: /192.168.157.211:38722
	at sun.nio.ch.SocketChannelImpl.checkConnect(Native Method)
	at sun.nio.ch.SocketChannelImpl.finishConnect(SocketChannelImpl.java:717)
	at org.apache.ratis.thirdparty.io.netty.channel.socket.nio.NioSocketChannel.doFinishConnect(NioSocketChannel.java:327)
	at org.apache.ratis.thirdparty.io.netty.channel.nio.AbstractNioChannel$AbstractNioUnsafe.finishConnect(AbstractNioChannel.java:340)
	at org.apache.ratis.thirdparty.io.netty.channel.nio.NioEventLoop.processSelectedKey(NioEventLoop.java:632)
	at org.apache.ratis.thirdparty.io.netty.channel.nio.NioEventLoop.processSelectedKeysOptimized(NioEventLoop.java:579)
	at org.apache.ratis.thirdparty.io.netty.channel.nio.NioEventLoop.processSelectedKeys(NioEventLoop.java:496)
	at org.apache.ratis.thirdparty.io.netty.channel.nio.NioEventLoop.run(NioEventLoop.java:458)
	at org.apache.ratis.thirdparty.io.netty.util.concurrent.SingleThreadEventExecutor$5.run(SingleThreadEventExecutor.java:897)
	at org.apache.ratis.thirdparty.io.netty.util.concurrent.FastThreadLocalRunnable.run(FastThreadLocalRunnable.java:30)
	... 1 more
Caused by: java.net.ConnectException: Connection refused
	... 11 more
2019-10-17 07:09:56,274 [805254cc-2da6-48d8-a2f9-c1a3ceceab4a@group-2C0FEEE55AE1-LeaderElection1241] INFO  impl.LeaderElection (LogUtils.java:infoOrTrace(149)) - 805254cc-2da6-48d8-a2f9-c1a3ceceab4a@group-2C0FEEE55AE1-LeaderElection1241 got exception when requesting votes: {}
java.util.concurrent.ExecutionException: org.apache.ratis.thirdparty.io.grpc.StatusRuntimeException: UNAVAILABLE: io exception
	at java.util.concurrent.FutureTask.report(FutureTask.java:122)
	at java.util.concurrent.FutureTask.get(FutureTask.java:192)
	at org.apache.ratis.server.impl.LeaderElection.waitForResults(LeaderElection.java:259)
	at org.apache.ratis.server.impl.LeaderElection.askForVotes(LeaderElection.java:197)
	at org.apache.ratis.server.impl.LeaderElection.run(LeaderElection.java:133)
	at java.lang.Thread.run(Thread.java:748)
Caused by: org.apache.ratis.thirdparty.io.grpc.StatusRuntimeException: UNAVAILABLE: io exception
	at org.apache.ratis.thirdparty.io.grpc.stub.ClientCalls.toStatusRuntimeException(ClientCalls.java:233)
	at org.apache.ratis.thirdparty.io.grpc.stub.ClientCalls.getUnchecked(ClientCalls.java:214)
	at org.apache.ratis.thirdparty.io.grpc.stub.ClientCalls.blockingUnaryCall(ClientCalls.java:139)
	at org.apache.ratis.proto.grpc.RaftServerProtocolServiceGrpc$RaftServerProtocolServiceBlockingStub.requestVote(RaftServerProtocolServiceGrpc.java:265)
	at org.apache.ratis.grpc.server.GrpcServerProtocolClient.requestVote(GrpcServerProtocolClient.java:99)
	at org.apache.ratis.grpc.server.GrpcService.requestVote(GrpcService.java:204)
	at org.apache.ratis.server.impl.LeaderElection.lambda$submitRequests$1(LeaderElection.java:234)
	at java.util.concurrent.FutureTask.run(FutureTask.java:266)
	at java.util.concurrent.Executors$RunnableAdapter.call(Executors.java:511)
	at java.util.concurrent.FutureTask.run(FutureTask.java:266)
	at java.util.concurrent.ThreadPoolExecutor.runWorker(ThreadPoolExecutor.java:1149)
	at java.util.concurrent.ThreadPoolExecutor$Worker.run(ThreadPoolExecutor.java:624)
	... 1 more
Caused by: org.apache.ratis.thirdparty.io.netty.channel.AbstractChannel$AnnotatedConnectException: Connection refused: /192.168.157.211:38803
	at sun.nio.ch.SocketChannelImpl.checkConnect(Native Method)
	at sun.nio.ch.SocketChannelImpl.finishConnect(SocketChannelImpl.java:717)
	at org.apache.ratis.thirdparty.io.netty.channel.socket.nio.NioSocketChannel.doFinishConnect(NioSocketChannel.java:327)
	at org.apache.ratis.thirdparty.io.netty.channel.nio.AbstractNioChannel$AbstractNioUnsafe.finishConnect(AbstractNioChannel.java:340)
	at org.apache.ratis.thirdparty.io.netty.channel.nio.NioEventLoop.processSelectedKey(NioEventLoop.java:632)
	at org.apache.ratis.thirdparty.io.netty.channel.nio.NioEventLoop.processSelectedKeysOptimized(NioEventLoop.java:579)
	at org.apache.ratis.thirdparty.io.netty.channel.nio.NioEventLoop.processSelectedKeys(NioEventLoop.java:496)
	at org.apache.ratis.thirdparty.io.netty.channel.nio.NioEventLoop.run(NioEventLoop.java:458)
	at org.apache.ratis.thirdparty.io.netty.util.concurrent.SingleThreadEventExecutor$5.run(SingleThreadEventExecutor.java:897)
	at org.apache.ratis.thirdparty.io.netty.util.concurrent.FastThreadLocalRunnable.run(FastThreadLocalRunnable.java:30)
	... 1 more
Caused by: java.net.ConnectException: Connection refused
	... 11 more
2019-10-17 07:09:56,274 [805254cc-2da6-48d8-a2f9-c1a3ceceab4a@group-2C0FEEE55AE1-LeaderElection1241] INFO  impl.LeaderElection (LeaderElection.java:logAndReturn(56)) - 805254cc-2da6-48d8-a2f9-c1a3ceceab4a@group-2C0FEEE55AE1-LeaderElection1241: Election REJECTED; received 0 response(s) [] and 2 exception(s); 805254cc-2da6-48d8-a2f9-c1a3ceceab4a@group-2C0FEEE55AE1:t175, leader=null, voted=805254cc-2da6-48d8-a2f9-c1a3ceceab4a, raftlog=805254cc-2da6-48d8-a2f9-c1a3ceceab4a@group-2C0FEEE55AE1-SegmentedRaftLog:OPENED:c-1,f0,i0, conf=0: [f3ee4219-89bb-47f2-bbe0-5f784575b745:192.168.157.211:38722, 805254cc-2da6-48d8-a2f9-c1a3ceceab4a:192.168.157.211:35407, 696df33b-59a0-4145-913f-936aff0d1566:192.168.157.211:38803], old=null
2019-10-17 07:09:56,274 [805254cc-2da6-48d8-a2f9-c1a3ceceab4a@group-2C0FEEE55AE1-LeaderElection1241] INFO  impl.LeaderElection (LogUtils.java:infoOrTrace(149)) -   Exception 0: {}
java.util.concurrent.ExecutionException: org.apache.ratis.thirdparty.io.grpc.StatusRuntimeException: UNAVAILABLE: io exception
	at java.util.concurrent.FutureTask.report(FutureTask.java:122)
	at java.util.concurrent.FutureTask.get(FutureTask.java:192)
	at org.apache.ratis.server.impl.LeaderElection.waitForResults(LeaderElection.java:259)
	at org.apache.ratis.server.impl.LeaderElection.askForVotes(LeaderElection.java:197)
	at org.apache.ratis.server.impl.LeaderElection.run(LeaderElection.java:133)
	at java.lang.Thread.run(Thread.java:748)
Caused by: org.apache.ratis.thirdparty.io.grpc.StatusRuntimeException: UNAVAILABLE: io exception
	at org.apache.ratis.thirdparty.io.grpc.stub.ClientCalls.toStatusRuntimeException(ClientCalls.java:233)
	at org.apache.ratis.thirdparty.io.grpc.stub.ClientCalls.getUnchecked(ClientCalls.java:214)
	at org.apache.ratis.thirdparty.io.grpc.stub.ClientCalls.blockingUnaryCall(ClientCalls.java:139)
	at org.apache.ratis.proto.grpc.RaftServerProtocolServiceGrpc$RaftServerProtocolServiceBlockingStub.requestVote(RaftServerProtocolServiceGrpc.java:265)
	at org.apache.ratis.grpc.server.GrpcServerProtocolClient.requestVote(GrpcServerProtocolClient.java:99)
	at org.apache.ratis.grpc.server.GrpcService.requestVote(GrpcService.java:204)
	at org.apache.ratis.server.impl.LeaderElection.lambda$submitRequests$1(LeaderElection.java:234)
	at java.util.concurrent.FutureTask.run(FutureTask.java:266)
	at java.util.concurrent.Executors$RunnableAdapter.call(Executors.java:511)
	at java.util.concurrent.FutureTask.run(FutureTask.java:266)
	at java.util.concurrent.ThreadPoolExecutor.runWorker(ThreadPoolExecutor.java:1149)
	at java.util.concurrent.ThreadPoolExecutor$Worker.run(ThreadPoolExecutor.java:624)
	... 1 more
Caused by: org.apache.ratis.thirdparty.io.netty.channel.AbstractChannel$AnnotatedConnectException: Connection refused: /192.168.157.211:38722
	at sun.nio.ch.SocketChannelImpl.checkConnect(Native Method)
	at sun.nio.ch.SocketChannelImpl.finishConnect(SocketChannelImpl.java:717)
	at org.apache.ratis.thirdparty.io.netty.channel.socket.nio.NioSocketChannel.doFinishConnect(NioSocketChannel.java:327)
	at org.apache.ratis.thirdparty.io.netty.channel.nio.AbstractNioChannel$AbstractNioUnsafe.finishConnect(AbstractNioChannel.java:340)
	at org.apache.ratis.thirdparty.io.netty.channel.nio.NioEventLoop.processSelectedKey(NioEventLoop.java:632)
	at org.apache.ratis.thirdparty.io.netty.channel.nio.NioEventLoop.processSelectedKeysOptimized(NioEventLoop.java:579)
	at org.apache.ratis.thirdparty.io.netty.channel.nio.NioEventLoop.processSelectedKeys(NioEventLoop.java:496)
	at org.apache.ratis.thirdparty.io.netty.channel.nio.NioEventLoop.run(NioEventLoop.java:458)
	at org.apache.ratis.thirdparty.io.netty.util.concurrent.SingleThreadEventExecutor$5.run(SingleThreadEventExecutor.java:897)
	at org.apache.ratis.thirdparty.io.netty.util.concurrent.FastThreadLocalRunnable.run(FastThreadLocalRunnable.java:30)
	... 1 more
Caused by: java.net.ConnectException: Connection refused
	... 11 more
2019-10-17 07:09:56,275 [805254cc-2da6-48d8-a2f9-c1a3ceceab4a@group-2C0FEEE55AE1-LeaderElection1241] INFO  impl.LeaderElection (LogUtils.java:infoOrTrace(149)) -   Exception 1: {}
java.util.concurrent.ExecutionException: org.apache.ratis.thirdparty.io.grpc.StatusRuntimeException: UNAVAILABLE: io exception
	at java.util.concurrent.FutureTask.report(FutureTask.java:122)
	at java.util.concurrent.FutureTask.get(FutureTask.java:192)
	at org.apache.ratis.server.impl.LeaderElection.waitForResults(LeaderElection.java:259)
	at org.apache.ratis.server.impl.LeaderElection.askForVotes(LeaderElection.java:197)
	at org.apache.ratis.server.impl.LeaderElection.run(LeaderElection.java:133)
	at java.lang.Thread.run(Thread.java:748)
Caused by: org.apache.ratis.thirdparty.io.grpc.StatusRuntimeException: UNAVAILABLE: io exception
	at org.apache.ratis.thirdparty.io.grpc.stub.ClientCalls.toStatusRuntimeException(ClientCalls.java:233)
	at org.apache.ratis.thirdparty.io.grpc.stub.ClientCalls.getUnchecked(ClientCalls.java:214)
	at org.apache.ratis.thirdparty.io.grpc.stub.ClientCalls.blockingUnaryCall(ClientCalls.java:139)
	at org.apache.ratis.proto.grpc.RaftServerProtocolServiceGrpc$RaftServerProtocolServiceBlockingStub.requestVote(RaftServerProtocolServiceGrpc.java:265)
	at org.apache.ratis.grpc.server.GrpcServerProtocolClient.requestVote(GrpcServerProtocolClient.java:99)
	at org.apache.ratis.grpc.server.GrpcService.requestVote(GrpcService.java:204)
	at org.apache.ratis.server.impl.LeaderElection.lambda$submitRequests$1(LeaderElection.java:234)
	at java.util.concurrent.FutureTask.run(FutureTask.java:266)
	at java.util.concurrent.Executors$RunnableAdapter.call(Executors.java:511)
	at java.util.concurrent.FutureTask.run(FutureTask.java:266)
	at java.util.concurrent.ThreadPoolExecutor.runWorker(ThreadPoolExecutor.java:1149)
	at java.util.concurrent.ThreadPoolExecutor$Worker.run(ThreadPoolExecutor.java:624)
	... 1 more
Caused by: org.apache.ratis.thirdparty.io.netty.channel.AbstractChannel$AnnotatedConnectException: Connection refused: /192.168.157.211:38803
	at sun.nio.ch.SocketChannelImpl.checkConnect(Native Method)
	at sun.nio.ch.SocketChannelImpl.finishConnect(SocketChannelImpl.java:717)
	at org.apache.ratis.thirdparty.io.netty.channel.socket.nio.NioSocketChannel.doFinishConnect(NioSocketChannel.java:327)
	at org.apache.ratis.thirdparty.io.netty.channel.nio.AbstractNioChannel$AbstractNioUnsafe.finishConnect(AbstractNioChannel.java:340)
	at org.apache.ratis.thirdparty.io.netty.channel.nio.NioEventLoop.processSelectedKey(NioEventLoop.java:632)
	at org.apache.ratis.thirdparty.io.netty.channel.nio.NioEventLoop.processSelectedKeysOptimized(NioEventLoop.java:579)
	at org.apache.ratis.thirdparty.io.netty.channel.nio.NioEventLoop.processSelectedKeys(NioEventLoop.java:496)
	at org.apache.ratis.thirdparty.io.netty.channel.nio.NioEventLoop.run(NioEventLoop.java:458)
	at org.apache.ratis.thirdparty.io.netty.util.concurrent.SingleThreadEventExecutor$5.run(SingleThreadEventExecutor.java:897)
	at org.apache.ratis.thirdparty.io.netty.util.concurrent.FastThreadLocalRunnable.run(FastThreadLocalRunnable.java:30)
	... 1 more
Caused by: java.net.ConnectException: Connection refused
	... 11 more
2019-10-17 07:09:56,275 [805254cc-2da6-48d8-a2f9-c1a3ceceab4a@group-2C0FEEE55AE1-LeaderElection1241] INFO  impl.RaftServerImpl (RaftServerImpl.java:setRole(184)) - 805254cc-2da6-48d8-a2f9-c1a3ceceab4a@group-2C0FEEE55AE1: changes role from CANDIDATE to FOLLOWER at term 175 for DISCOVERED_A_NEW_TERM
2019-10-17 07:09:56,275 [805254cc-2da6-48d8-a2f9-c1a3ceceab4a@group-2C0FEEE55AE1-LeaderElection1241] INFO  impl.RoleInfo (RoleInfo.java:shutdownLeaderElection(134)) - 805254cc-2da6-48d8-a2f9-c1a3ceceab4a: shutdown LeaderElection
2019-10-17 07:09:56,276 [805254cc-2da6-48d8-a2f9-c1a3ceceab4a@group-2C0FEEE55AE1-LeaderElection1241] INFO  impl.RoleInfo (RoleInfo.java:updateAndGet(143)) - 805254cc-2da6-48d8-a2f9-c1a3ceceab4a: start FollowerState
2019-10-17 07:09:56,584 [java.util.concurrent.ThreadPoolExecutor$Worker@1bc8ec8[State = -1, empty queue]] WARN  server.GrpcLogAppender (GrpcLogAppender.java:timeoutAppendRequest(209)) - 5f7ef38b-a645-4f95-94e6-bd075ea30748@group-E6EB69311C83->0acdc124-2757-4c91-93b1-ab1a2908776d-GrpcLogAppender: appendEntries Timeout, request=5f7ef38b-a645-4f95-94e6-bd075ea30748->0acdc124-2757-4c91-93b1-ab1a2908776d#61-t1, previous=(t:1, i:12), leaderCommit=12, initializing? false, entries: <empty>
2019-10-17 07:09:57,084 [java.util.concurrent.ThreadPoolExecutor$Worker@1bc8ec8[State = -1, empty queue]] WARN  server.GrpcLogAppender (GrpcLogAppender.java:timeoutAppendRequest(209)) - 5f7ef38b-a645-4f95-94e6-bd075ea30748@group-E6EB69311C83->0acdc124-2757-4c91-93b1-ab1a2908776d-GrpcLogAppender: appendEntries Timeout, request=5f7ef38b-a645-4f95-94e6-bd075ea30748->0acdc124-2757-4c91-93b1-ab1a2908776d#62-t1, previous=(t:1, i:12), leaderCommit=12, initializing? false, entries: <empty>
2019-10-17 07:09:57,293 [Thread-10892] INFO  impl.FollowerState (FollowerState.java:run(108)) - e9b52f21-01d5-44eb-a9cd-d907fd904ad1@group-E6EB69311C83-FollowerState: change to CANDIDATE, lastRpcTime:1033ms, electionTimeout:1033ms
2019-10-17 07:09:57,293 [Thread-10892] INFO  impl.RoleInfo (RoleInfo.java:shutdownFollowerState(121)) - e9b52f21-01d5-44eb-a9cd-d907fd904ad1: shutdown FollowerState
2019-10-17 07:09:57,293 [Thread-10892] INFO  impl.RaftServerImpl (RaftServerImpl.java:setRole(184)) - e9b52f21-01d5-44eb-a9cd-d907fd904ad1@group-E6EB69311C83: changes role from  FOLLOWER to CANDIDATE at term 2 for changeToCandidate
2019-10-17 07:09:57,293 [Thread-10892] INFO  impl.RoleInfo (RoleInfo.java:updateAndGet(143)) - e9b52f21-01d5-44eb-a9cd-d907fd904ad1: start LeaderElection
2019-10-17 07:09:57,307 [e9b52f21-01d5-44eb-a9cd-d907fd904ad1@group-E6EB69311C83-LeaderElection1242] INFO  impl.LeaderElection (LeaderElection.java:askForVotes(178)) - e9b52f21-01d5-44eb-a9cd-d907fd904ad1@group-E6EB69311C83-LeaderElection1242: begin an election at term 3 for 0: [5f7ef38b-a645-4f95-94e6-bd075ea30748:192.168.157.211:33759, e9b52f21-01d5-44eb-a9cd-d907fd904ad1:192.168.157.211:45108, 0acdc124-2757-4c91-93b1-ab1a2908776d:192.168.157.211:34191], old=null
2019-10-17 07:09:57,308 [e9b52f21-01d5-44eb-a9cd-d907fd904ad1@group-E6EB69311C83-LeaderElection1242] INFO  impl.LeaderElection (LogUtils.java:infoOrTrace(149)) - e9b52f21-01d5-44eb-a9cd-d907fd904ad1@group-E6EB69311C83-LeaderElection1242 got exception when requesting votes: {}
java.util.concurrent.ExecutionException: org.apache.ratis.thirdparty.io.grpc.StatusRuntimeException: UNAVAILABLE: io exception
	at java.util.concurrent.FutureTask.report(FutureTask.java:122)
	at java.util.concurrent.FutureTask.get(FutureTask.java:192)
	at org.apache.ratis.server.impl.LeaderElection.waitForResults(LeaderElection.java:259)
	at org.apache.ratis.server.impl.LeaderElection.askForVotes(LeaderElection.java:197)
	at org.apache.ratis.server.impl.LeaderElection.run(LeaderElection.java:133)
	at java.lang.Thread.run(Thread.java:748)
Caused by: org.apache.ratis.thirdparty.io.grpc.StatusRuntimeException: UNAVAILABLE: io exception
	at org.apache.ratis.thirdparty.io.grpc.stub.ClientCalls.toStatusRuntimeException(ClientCalls.java:233)
	at org.apache.ratis.thirdparty.io.grpc.stub.ClientCalls.getUnchecked(ClientCalls.java:214)
	at org.apache.ratis.thirdparty.io.grpc.stub.ClientCalls.blockingUnaryCall(ClientCalls.java:139)
	at org.apache.ratis.proto.grpc.RaftServerProtocolServiceGrpc$RaftServerProtocolServiceBlockingStub.requestVote(RaftServerProtocolServiceGrpc.java:265)
	at org.apache.ratis.grpc.server.GrpcServerProtocolClient.requestVote(GrpcServerProtocolClient.java:99)
	at org.apache.ratis.grpc.server.GrpcService.requestVote(GrpcService.java:204)
	at org.apache.ratis.server.impl.LeaderElection.lambda$submitRequests$1(LeaderElection.java:234)
	at java.util.concurrent.FutureTask.run(FutureTask.java:266)
	at java.util.concurrent.Executors$RunnableAdapter.call(Executors.java:511)
	at java.util.concurrent.FutureTask.run(FutureTask.java:266)
	at java.util.concurrent.ThreadPoolExecutor.runWorker(ThreadPoolExecutor.java:1149)
	at java.util.concurrent.ThreadPoolExecutor$Worker.run(ThreadPoolExecutor.java:624)
	... 1 more
Caused by: org.apache.ratis.thirdparty.io.netty.channel.AbstractChannel$AnnotatedConnectException: Connection refused: /192.168.157.211:33759
	at sun.nio.ch.SocketChannelImpl.checkConnect(Native Method)
	at sun.nio.ch.SocketChannelImpl.finishConnect(SocketChannelImpl.java:717)
	at org.apache.ratis.thirdparty.io.netty.channel.socket.nio.NioSocketChannel.doFinishConnect(NioSocketChannel.java:327)
	at org.apache.ratis.thirdparty.io.netty.channel.nio.AbstractNioChannel$AbstractNioUnsafe.finishConnect(AbstractNioChannel.java:340)
	at org.apache.ratis.thirdparty.io.netty.channel.nio.NioEventLoop.processSelectedKey(NioEventLoop.java:632)
	at org.apache.ratis.thirdparty.io.netty.channel.nio.NioEventLoop.processSelectedKeysOptimized(NioEventLoop.java:579)
	at org.apache.ratis.thirdparty.io.netty.channel.nio.NioEventLoop.processSelectedKeys(NioEventLoop.java:496)
	at org.apache.ratis.thirdparty.io.netty.channel.nio.NioEventLoop.run(NioEventLoop.java:458)
	at org.apache.ratis.thirdparty.io.netty.util.concurrent.SingleThreadEventExecutor$5.run(SingleThreadEventExecutor.java:897)
	at org.apache.ratis.thirdparty.io.netty.util.concurrent.FastThreadLocalRunnable.run(FastThreadLocalRunnable.java:30)
	... 1 more
Caused by: java.net.ConnectException: Connection refused
	... 11 more
2019-10-17 07:09:57,308 [e9b52f21-01d5-44eb-a9cd-d907fd904ad1@group-E6EB69311C83-LeaderElection1242] INFO  impl.LeaderElection (LogUtils.java:infoOrTrace(149)) - e9b52f21-01d5-44eb-a9cd-d907fd904ad1@group-E6EB69311C83-LeaderElection1242 got exception when requesting votes: {}
java.util.concurrent.ExecutionException: org.apache.ratis.thirdparty.io.grpc.StatusRuntimeException: UNAVAILABLE: io exception
	at java.util.concurrent.FutureTask.report(FutureTask.java:122)
	at java.util.concurrent.FutureTask.get(FutureTask.java:192)
	at org.apache.ratis.server.impl.LeaderElection.waitForResults(LeaderElection.java:259)
	at org.apache.ratis.server.impl.LeaderElection.askForVotes(LeaderElection.java:197)
	at org.apache.ratis.server.impl.LeaderElection.run(LeaderElection.java:133)
	at java.lang.Thread.run(Thread.java:748)
Caused by: org.apache.ratis.thirdparty.io.grpc.StatusRuntimeException: UNAVAILABLE: io exception
	at org.apache.ratis.thirdparty.io.grpc.stub.ClientCalls.toStatusRuntimeException(ClientCalls.java:233)
	at org.apache.ratis.thirdparty.io.grpc.stub.ClientCalls.getUnchecked(ClientCalls.java:214)
	at org.apache.ratis.thirdparty.io.grpc.stub.ClientCalls.blockingUnaryCall(ClientCalls.java:139)
	at org.apache.ratis.proto.grpc.RaftServerProtocolServiceGrpc$RaftServerProtocolServiceBlockingStub.requestVote(RaftServerProtocolServiceGrpc.java:265)
	at org.apache.ratis.grpc.server.GrpcServerProtocolClient.requestVote(GrpcServerProtocolClient.java:99)
	at org.apache.ratis.grpc.server.GrpcService.requestVote(GrpcService.java:204)
	at org.apache.ratis.server.impl.LeaderElection.lambda$submitRequests$1(LeaderElection.java:234)
	at java.util.concurrent.FutureTask.run(FutureTask.java:266)
	at java.util.concurrent.Executors$RunnableAdapter.call(Executors.java:511)
	at java.util.concurrent.FutureTask.run(FutureTask.java:266)
	at java.util.concurrent.ThreadPoolExecutor.runWorker(ThreadPoolExecutor.java:1149)
	at java.util.concurrent.ThreadPoolExecutor$Worker.run(ThreadPoolExecutor.java:624)
	... 1 more
Caused by: org.apache.ratis.thirdparty.io.netty.channel.AbstractChannel$AnnotatedConnectException: Connection refused: /192.168.157.211:34191
	at sun.nio.ch.SocketChannelImpl.checkConnect(Native Method)
	at sun.nio.ch.SocketChannelImpl.finishConnect(SocketChannelImpl.java:717)
	at org.apache.ratis.thirdparty.io.netty.channel.socket.nio.NioSocketChannel.doFinishConnect(NioSocketChannel.java:327)
	at org.apache.ratis.thirdparty.io.netty.channel.nio.AbstractNioChannel$AbstractNioUnsafe.finishConnect(AbstractNioChannel.java:340)
	at org.apache.ratis.thirdparty.io.netty.channel.nio.NioEventLoop.processSelectedKey(NioEventLoop.java:632)
	at org.apache.ratis.thirdparty.io.netty.channel.nio.NioEventLoop.processSelectedKeysOptimized(NioEventLoop.java:579)
	at org.apache.ratis.thirdparty.io.netty.channel.nio.NioEventLoop.processSelectedKeys(NioEventLoop.java:496)
	at org.apache.ratis.thirdparty.io.netty.channel.nio.NioEventLoop.run(NioEventLoop.java:458)
	at org.apache.ratis.thirdparty.io.netty.util.concurrent.SingleThreadEventExecutor$5.run(SingleThreadEventExecutor.java:897)
	at org.apache.ratis.thirdparty.io.netty.util.concurrent.FastThreadLocalRunnable.run(FastThreadLocalRunnable.java:30)
	... 1 more
Caused by: java.net.ConnectException: Connection refused
	... 11 more
2019-10-17 07:09:57,309 [e9b52f21-01d5-44eb-a9cd-d907fd904ad1@group-E6EB69311C83-LeaderElection1242] INFO  impl.LeaderElection (LeaderElection.java:logAndReturn(56)) - e9b52f21-01d5-44eb-a9cd-d907fd904ad1@group-E6EB69311C83-LeaderElection1242: Election REJECTED; received 0 response(s) [] and 2 exception(s); e9b52f21-01d5-44eb-a9cd-d907fd904ad1@group-E6EB69311C83:t3, leader=null, voted=e9b52f21-01d5-44eb-a9cd-d907fd904ad1, raftlog=e9b52f21-01d5-44eb-a9cd-d907fd904ad1@group-E6EB69311C83-SegmentedRaftLog:OPENED:c12,f12,i12, conf=0: [5f7ef38b-a645-4f95-94e6-bd075ea30748:192.168.157.211:33759, e9b52f21-01d5-44eb-a9cd-d907fd904ad1:192.168.157.211:45108, 0acdc124-2757-4c91-93b1-ab1a2908776d:192.168.157.211:34191], old=null
2019-10-17 07:09:57,309 [e9b52f21-01d5-44eb-a9cd-d907fd904ad1@group-E6EB69311C83-LeaderElection1242] INFO  impl.LeaderElection (LogUtils.java:infoOrTrace(149)) -   Exception 0: {}
java.util.concurrent.ExecutionException: org.apache.ratis.thirdparty.io.grpc.StatusRuntimeException: UNAVAILABLE: io exception
	at java.util.concurrent.FutureTask.report(FutureTask.java:122)
	at java.util.concurrent.FutureTask.get(FutureTask.java:192)
	at org.apache.ratis.server.impl.LeaderElection.waitForResults(LeaderElection.java:259)
	at org.apache.ratis.server.impl.LeaderElection.askForVotes(LeaderElection.java:197)
	at org.apache.ratis.server.impl.LeaderElection.run(LeaderElection.java:133)
	at java.lang.Thread.run(Thread.java:748)
Caused by: org.apache.ratis.thirdparty.io.grpc.StatusRuntimeException: UNAVAILABLE: io exception
	at org.apache.ratis.thirdparty.io.grpc.stub.ClientCalls.toStatusRuntimeException(ClientCalls.java:233)
	at org.apache.ratis.thirdparty.io.grpc.stub.ClientCalls.getUnchecked(ClientCalls.java:214)
	at org.apache.ratis.thirdparty.io.grpc.stub.ClientCalls.blockingUnaryCall(ClientCalls.java:139)
	at org.apache.ratis.proto.grpc.RaftServerProtocolServiceGrpc$RaftServerProtocolServiceBlockingStub.requestVote(RaftServerProtocolServiceGrpc.java:265)
	at org.apache.ratis.grpc.server.GrpcServerProtocolClient.requestVote(GrpcServerProtocolClient.java:99)
	at org.apache.ratis.grpc.server.GrpcService.requestVote(GrpcService.java:204)
	at org.apache.ratis.server.impl.LeaderElection.lambda$submitRequests$1(LeaderElection.java:234)
	at java.util.concurrent.FutureTask.run(FutureTask.java:266)
	at java.util.concurrent.Executors$RunnableAdapter.call(Executors.java:511)
	at java.util.concurrent.FutureTask.run(FutureTask.java:266)
	at java.util.concurrent.ThreadPoolExecutor.runWorker(ThreadPoolExecutor.java:1149)
	at java.util.concurrent.ThreadPoolExecutor$Worker.run(ThreadPoolExecutor.java:624)
	... 1 more
Caused by: org.apache.ratis.thirdparty.io.netty.channel.AbstractChannel$AnnotatedConnectException: Connection refused: /192.168.157.211:33759
	at sun.nio.ch.SocketChannelImpl.checkConnect(Native Method)
	at sun.nio.ch.SocketChannelImpl.finishConnect(SocketChannelImpl.java:717)
	at org.apache.ratis.thirdparty.io.netty.channel.socket.nio.NioSocketChannel.doFinishConnect(NioSocketChannel.java:327)
	at org.apache.ratis.thirdparty.io.netty.channel.nio.AbstractNioChannel$AbstractNioUnsafe.finishConnect(AbstractNioChannel.java:340)
	at org.apache.ratis.thirdparty.io.netty.channel.nio.NioEventLoop.processSelectedKey(NioEventLoop.java:632)
	at org.apache.ratis.thirdparty.io.netty.channel.nio.NioEventLoop.processSelectedKeysOptimized(NioEventLoop.java:579)
	at org.apache.ratis.thirdparty.io.netty.channel.nio.NioEventLoop.processSelectedKeys(NioEventLoop.java:496)
	at org.apache.ratis.thirdparty.io.netty.channel.nio.NioEventLoop.run(NioEventLoop.java:458)
	at org.apache.ratis.thirdparty.io.netty.util.concurrent.SingleThreadEventExecutor$5.run(SingleThreadEventExecutor.java:897)
	at org.apache.ratis.thirdparty.io.netty.util.concurrent.FastThreadLocalRunnable.run(FastThreadLocalRunnable.java:30)
	... 1 more
Caused by: java.net.ConnectException: Connection refused
	... 11 more
2019-10-17 07:09:57,309 [e9b52f21-01d5-44eb-a9cd-d907fd904ad1@group-E6EB69311C83-LeaderElection1242] INFO  impl.LeaderElection (LogUtils.java:infoOrTrace(149)) -   Exception 1: {}
java.util.concurrent.ExecutionException: org.apache.ratis.thirdparty.io.grpc.StatusRuntimeException: UNAVAILABLE: io exception
	at java.util.concurrent.FutureTask.report(FutureTask.java:122)
	at java.util.concurrent.FutureTask.get(FutureTask.java:192)
	at org.apache.ratis.server.impl.LeaderElection.waitForResults(LeaderElection.java:259)
	at org.apache.ratis.server.impl.LeaderElection.askForVotes(LeaderElection.java:197)
	at org.apache.ratis.server.impl.LeaderElection.run(LeaderElection.java:133)
	at java.lang.Thread.run(Thread.java:748)
Caused by: org.apache.ratis.thirdparty.io.grpc.StatusRuntimeException: UNAVAILABLE: io exception
	at org.apache.ratis.thirdparty.io.grpc.stub.ClientCalls.toStatusRuntimeException(ClientCalls.java:233)
	at org.apache.ratis.thirdparty.io.grpc.stub.ClientCalls.getUnchecked(ClientCalls.java:214)
	at org.apache.ratis.thirdparty.io.grpc.stub.ClientCalls.blockingUnaryCall(ClientCalls.java:139)
	at org.apache.ratis.proto.grpc.RaftServerProtocolServiceGrpc$RaftServerProtocolServiceBlockingStub.requestVote(RaftServerProtocolServiceGrpc.java:265)
	at org.apache.ratis.grpc.server.GrpcServerProtocolClient.requestVote(GrpcServerProtocolClient.java:99)
	at org.apache.ratis.grpc.server.GrpcService.requestVote(GrpcService.java:204)
	at org.apache.ratis.server.impl.LeaderElection.lambda$submitRequests$1(LeaderElection.java:234)
	at java.util.concurrent.FutureTask.run(FutureTask.java:266)
	at java.util.concurrent.Executors$RunnableAdapter.call(Executors.java:511)
	at java.util.concurrent.FutureTask.run(FutureTask.java:266)
	at java.util.concurrent.ThreadPoolExecutor.runWorker(ThreadPoolExecutor.java:1149)
	at java.util.concurrent.ThreadPoolExecutor$Worker.run(ThreadPoolExecutor.java:624)
	... 1 more
Caused by: org.apache.ratis.thirdparty.io.netty.channel.AbstractChannel$AnnotatedConnectException: Connection refused: /192.168.157.211:34191
	at sun.nio.ch.SocketChannelImpl.checkConnect(Native Method)
	at sun.nio.ch.SocketChannelImpl.finishConnect(SocketChannelImpl.java:717)
	at org.apache.ratis.thirdparty.io.netty.channel.socket.nio.NioSocketChannel.doFinishConnect(NioSocketChannel.java:327)
	at org.apache.ratis.thirdparty.io.netty.channel.nio.AbstractNioChannel$AbstractNioUnsafe.finishConnect(AbstractNioChannel.java:340)
	at org.apache.ratis.thirdparty.io.netty.channel.nio.NioEventLoop.processSelectedKey(NioEventLoop.java:632)
	at org.apache.ratis.thirdparty.io.netty.channel.nio.NioEventLoop.processSelectedKeysOptimized(NioEventLoop.java:579)
	at org.apache.ratis.thirdparty.io.netty.channel.nio.NioEventLoop.processSelectedKeys(NioEventLoop.java:496)
	at org.apache.ratis.thirdparty.io.netty.channel.nio.NioEventLoop.run(NioEventLoop.java:458)
	at org.apache.ratis.thirdparty.io.netty.util.concurrent.SingleThreadEventExecutor$5.run(SingleThreadEventExecutor.java:897)
	at org.apache.ratis.thirdparty.io.netty.util.concurrent.FastThreadLocalRunnable.run(FastThreadLocalRunnable.java:30)
	... 1 more
Caused by: java.net.ConnectException: Connection refused
	... 11 more
2019-10-17 07:09:57,309 [e9b52f21-01d5-44eb-a9cd-d907fd904ad1@group-E6EB69311C83-LeaderElection1242] INFO  impl.RaftServerImpl (RaftServerImpl.java:setRole(184)) - e9b52f21-01d5-44eb-a9cd-d907fd904ad1@group-E6EB69311C83: changes role from CANDIDATE to FOLLOWER at term 3 for DISCOVERED_A_NEW_TERM
2019-10-17 07:09:57,309 [e9b52f21-01d5-44eb-a9cd-d907fd904ad1@group-E6EB69311C83-LeaderElection1242] INFO  impl.RoleInfo (RoleInfo.java:shutdownLeaderElection(134)) - e9b52f21-01d5-44eb-a9cd-d907fd904ad1: shutdown LeaderElection
2019-10-17 07:09:57,309 [e9b52f21-01d5-44eb-a9cd-d907fd904ad1@group-E6EB69311C83-LeaderElection1242] INFO  impl.RoleInfo (RoleInfo.java:updateAndGet(143)) - e9b52f21-01d5-44eb-a9cd-d907fd904ad1: start FollowerState
2019-10-17 07:09:57,337 [Thread-10895] INFO  impl.FollowerState (FollowerState.java:run(108)) - 805254cc-2da6-48d8-a2f9-c1a3ceceab4a@group-2C0FEEE55AE1-FollowerState: change to CANDIDATE, lastRpcTime:1061ms, electionTimeout:1061ms
2019-10-17 07:09:57,337 [Thread-10895] INFO  impl.RoleInfo (RoleInfo.java:shutdownFollowerState(121)) - 805254cc-2da6-48d8-a2f9-c1a3ceceab4a: shutdown FollowerState
2019-10-17 07:09:57,337 [Thread-10895] INFO  impl.RaftServerImpl (RaftServerImpl.java:setRole(184)) - 805254cc-2da6-48d8-a2f9-c1a3ceceab4a@group-2C0FEEE55AE1: changes role from  FOLLOWER to CANDIDATE at term 175 for changeToCandidate
2019-10-17 07:09:57,337 [Thread-10895] INFO  impl.RoleInfo (RoleInfo.java:updateAndGet(143)) - 805254cc-2da6-48d8-a2f9-c1a3ceceab4a: start LeaderElection
2019-10-17 07:09:57,351 [805254cc-2da6-48d8-a2f9-c1a3ceceab4a@group-2C0FEEE55AE1-LeaderElection1243] INFO  impl.LeaderElection (LeaderElection.java:askForVotes(178)) - 805254cc-2da6-48d8-a2f9-c1a3ceceab4a@group-2C0FEEE55AE1-LeaderElection1243: begin an election at term 176 for 0: [f3ee4219-89bb-47f2-bbe0-5f784575b745:192.168.157.211:38722, 805254cc-2da6-48d8-a2f9-c1a3ceceab4a:192.168.157.211:35407, 696df33b-59a0-4145-913f-936aff0d1566:192.168.157.211:38803], old=null
2019-10-17 07:09:57,352 [805254cc-2da6-48d8-a2f9-c1a3ceceab4a@group-2C0FEEE55AE1-LeaderElection1243] INFO  impl.LeaderElection (LogUtils.java:infoOrTrace(149)) - 805254cc-2da6-48d8-a2f9-c1a3ceceab4a@group-2C0FEEE55AE1-LeaderElection1243 got exception when requesting votes: {}
java.util.concurrent.ExecutionException: org.apache.ratis.thirdparty.io.grpc.StatusRuntimeException: UNAVAILABLE: io exception
	at java.util.concurrent.FutureTask.report(FutureTask.java:122)
	at java.util.concurrent.FutureTask.get(FutureTask.java:192)
	at org.apache.ratis.server.impl.LeaderElection.waitForResults(LeaderElection.java:259)
	at org.apache.ratis.server.impl.LeaderElection.askForVotes(LeaderElection.java:197)
	at org.apache.ratis.server.impl.LeaderElection.run(LeaderElection.java:133)
	at java.lang.Thread.run(Thread.java:748)
Caused by: org.apache.ratis.thirdparty.io.grpc.StatusRuntimeException: UNAVAILABLE: io exception
	at org.apache.ratis.thirdparty.io.grpc.stub.ClientCalls.toStatusRuntimeException(ClientCalls.java:233)
	at org.apache.ratis.thirdparty.io.grpc.stub.ClientCalls.getUnchecked(ClientCalls.java:214)
	at org.apache.ratis.thirdparty.io.grpc.stub.ClientCalls.blockingUnaryCall(ClientCalls.java:139)
	at org.apache.ratis.proto.grpc.RaftServerProtocolServiceGrpc$RaftServerProtocolServiceBlockingStub.requestVote(RaftServerProtocolServiceGrpc.java:265)
	at org.apache.ratis.grpc.server.GrpcServerProtocolClient.requestVote(GrpcServerProtocolClient.java:99)
	at org.apache.ratis.grpc.server.GrpcService.requestVote(GrpcService.java:204)
	at org.apache.ratis.server.impl.LeaderElection.lambda$submitRequests$1(LeaderElection.java:234)
	at java.util.concurrent.FutureTask.run(FutureTask.java:266)
	at java.util.concurrent.Executors$RunnableAdapter.call(Executors.java:511)
	at java.util.concurrent.FutureTask.run(FutureTask.java:266)
	at java.util.concurrent.ThreadPoolExecutor.runWorker(ThreadPoolExecutor.java:1149)
	at java.util.concurrent.ThreadPoolExecutor$Worker.run(ThreadPoolExecutor.java:624)
	... 1 more
Caused by: org.apache.ratis.thirdparty.io.netty.channel.AbstractChannel$AnnotatedConnectException: Connection refused: /192.168.157.211:38803
	at sun.nio.ch.SocketChannelImpl.checkConnect(Native Method)
	at sun.nio.ch.SocketChannelImpl.finishConnect(SocketChannelImpl.java:717)
	at org.apache.ratis.thirdparty.io.netty.channel.socket.nio.NioSocketChannel.doFinishConnect(NioSocketChannel.java:327)
	at org.apache.ratis.thirdparty.io.netty.channel.nio.AbstractNioChannel$AbstractNioUnsafe.finishConnect(AbstractNioChannel.java:340)
	at org.apache.ratis.thirdparty.io.netty.channel.nio.NioEventLoop.processSelectedKey(NioEventLoop.java:632)
	at org.apache.ratis.thirdparty.io.netty.channel.nio.NioEventLoop.processSelectedKeysOptimized(NioEventLoop.java:579)
	at org.apache.ratis.thirdparty.io.netty.channel.nio.NioEventLoop.processSelectedKeys(NioEventLoop.java:496)
	at org.apache.ratis.thirdparty.io.netty.channel.nio.NioEventLoop.run(NioEventLoop.java:458)
	at org.apache.ratis.thirdparty.io.netty.util.concurrent.SingleThreadEventExecutor$5.run(SingleThreadEventExecutor.java:897)
	at org.apache.ratis.thirdparty.io.netty.util.concurrent.FastThreadLocalRunnable.run(FastThreadLocalRunnable.java:30)
	... 1 more
Caused by: java.net.ConnectException: Connection refused
	... 11 more
2019-10-17 07:09:57,353 [805254cc-2da6-48d8-a2f9-c1a3ceceab4a@group-2C0FEEE55AE1-LeaderElection1243] INFO  impl.LeaderElection (LogUtils.java:infoOrTrace(149)) - 805254cc-2da6-48d8-a2f9-c1a3ceceab4a@group-2C0FEEE55AE1-LeaderElection1243 got exception when requesting votes: {}
java.util.concurrent.ExecutionException: org.apache.ratis.thirdparty.io.grpc.StatusRuntimeException: UNAVAILABLE: io exception
	at java.util.concurrent.FutureTask.report(FutureTask.java:122)
	at java.util.concurrent.FutureTask.get(FutureTask.java:192)
	at org.apache.ratis.server.impl.LeaderElection.waitForResults(LeaderElection.java:259)
	at org.apache.ratis.server.impl.LeaderElection.askForVotes(LeaderElection.java:197)
	at org.apache.ratis.server.impl.LeaderElection.run(LeaderElection.java:133)
	at java.lang.Thread.run(Thread.java:748)
Caused by: org.apache.ratis.thirdparty.io.grpc.StatusRuntimeException: UNAVAILABLE: io exception
	at org.apache.ratis.thirdparty.io.grpc.stub.ClientCalls.toStatusRuntimeException(ClientCalls.java:233)
	at org.apache.ratis.thirdparty.io.grpc.stub.ClientCalls.getUnchecked(ClientCalls.java:214)
	at org.apache.ratis.thirdparty.io.grpc.stub.ClientCalls.blockingUnaryCall(ClientCalls.java:139)
	at org.apache.ratis.proto.grpc.RaftServerProtocolServiceGrpc$RaftServerProtocolServiceBlockingStub.requestVote(RaftServerProtocolServiceGrpc.java:265)
	at org.apache.ratis.grpc.server.GrpcServerProtocolClient.requestVote(GrpcServerProtocolClient.java:99)
	at org.apache.ratis.grpc.server.GrpcService.requestVote(GrpcService.java:204)
	at org.apache.ratis.server.impl.LeaderElection.lambda$submitRequests$1(LeaderElection.java:234)
	at java.util.concurrent.FutureTask.run(FutureTask.java:266)
	at java.util.concurrent.Executors$RunnableAdapter.call(Executors.java:511)
	at java.util.concurrent.FutureTask.run(FutureTask.java:266)
	at java.util.concurrent.ThreadPoolExecutor.runWorker(ThreadPoolExecutor.java:1149)
	at java.util.concurrent.ThreadPoolExecutor$Worker.run(ThreadPoolExecutor.java:624)
	... 1 more
Caused by: org.apache.ratis.thirdparty.io.netty.channel.AbstractChannel$AnnotatedConnectException: Connection refused: /192.168.157.211:38722
	at sun.nio.ch.SocketChannelImpl.checkConnect(Native Method)
	at sun.nio.ch.SocketChannelImpl.finishConnect(SocketChannelImpl.java:717)
	at org.apache.ratis.thirdparty.io.netty.channel.socket.nio.NioSocketChannel.doFinishConnect(NioSocketChannel.java:327)
	at org.apache.ratis.thirdparty.io.netty.channel.nio.AbstractNioChannel$AbstractNioUnsafe.finishConnect(AbstractNioChannel.java:340)
	at org.apache.ratis.thirdparty.io.netty.channel.nio.NioEventLoop.processSelectedKey(NioEventLoop.java:632)
	at org.apache.ratis.thirdparty.io.netty.channel.nio.NioEventLoop.processSelectedKeysOptimized(NioEventLoop.java:579)
	at org.apache.ratis.thirdparty.io.netty.channel.nio.NioEventLoop.processSelectedKeys(NioEventLoop.java:496)
	at org.apache.ratis.thirdparty.io.netty.channel.nio.NioEventLoop.run(NioEventLoop.java:458)
	at org.apache.ratis.thirdparty.io.netty.util.concurrent.SingleThreadEventExecutor$5.run(SingleThreadEventExecutor.java:897)
	at org.apache.ratis.thirdparty.io.netty.util.concurrent.FastThreadLocalRunnable.run(FastThreadLocalRunnable.java:30)
	... 1 more
Caused by: java.net.ConnectException: Connection refused
	... 11 more
2019-10-17 07:09:57,353 [805254cc-2da6-48d8-a2f9-c1a3ceceab4a@group-2C0FEEE55AE1-LeaderElection1243] INFO  impl.LeaderElection (LeaderElection.java:logAndReturn(56)) - 805254cc-2da6-48d8-a2f9-c1a3ceceab4a@group-2C0FEEE55AE1-LeaderElection1243: Election REJECTED; received 0 response(s) [] and 2 exception(s); 805254cc-2da6-48d8-a2f9-c1a3ceceab4a@group-2C0FEEE55AE1:t176, leader=null, voted=805254cc-2da6-48d8-a2f9-c1a3ceceab4a, raftlog=805254cc-2da6-48d8-a2f9-c1a3ceceab4a@group-2C0FEEE55AE1-SegmentedRaftLog:OPENED:c-1,f0,i0, conf=0: [f3ee4219-89bb-47f2-bbe0-5f784575b745:192.168.157.211:38722, 805254cc-2da6-48d8-a2f9-c1a3ceceab4a:192.168.157.211:35407, 696df33b-59a0-4145-913f-936aff0d1566:192.168.157.211:38803], old=null
2019-10-17 07:09:57,353 [805254cc-2da6-48d8-a2f9-c1a3ceceab4a@group-2C0FEEE55AE1-LeaderElection1243] INFO  impl.LeaderElection (LogUtils.java:infoOrTrace(149)) -   Exception 0: {}
java.util.concurrent.ExecutionException: org.apache.ratis.thirdparty.io.grpc.StatusRuntimeException: UNAVAILABLE: io exception
	at java.util.concurrent.FutureTask.report(FutureTask.java:122)
	at java.util.concurrent.FutureTask.get(FutureTask.java:192)
	at org.apache.ratis.server.impl.LeaderElection.waitForResults(LeaderElection.java:259)
	at org.apache.ratis.server.impl.LeaderElection.askForVotes(LeaderElection.java:197)
	at org.apache.ratis.server.impl.LeaderElection.run(LeaderElection.java:133)
	at java.lang.Thread.run(Thread.java:748)
Caused by: org.apache.ratis.thirdparty.io.grpc.StatusRuntimeException: UNAVAILABLE: io exception
	at org.apache.ratis.thirdparty.io.grpc.stub.ClientCalls.toStatusRuntimeException(ClientCalls.java:233)
	at org.apache.ratis.thirdparty.io.grpc.stub.ClientCalls.getUnchecked(ClientCalls.java:214)
	at org.apache.ratis.thirdparty.io.grpc.stub.ClientCalls.blockingUnaryCall(ClientCalls.java:139)
	at org.apache.ratis.proto.grpc.RaftServerProtocolServiceGrpc$RaftServerProtocolServiceBlockingStub.requestVote(RaftServerProtocolServiceGrpc.java:265)
	at org.apache.ratis.grpc.server.GrpcServerProtocolClient.requestVote(GrpcServerProtocolClient.java:99)
	at org.apache.ratis.grpc.server.GrpcService.requestVote(GrpcService.java:204)
	at org.apache.ratis.server.impl.LeaderElection.lambda$submitRequests$1(LeaderElection.java:234)
	at java.util.concurrent.FutureTask.run(FutureTask.java:266)
	at java.util.concurrent.Executors$RunnableAdapter.call(Executors.java:511)
	at java.util.concurrent.FutureTask.run(FutureTask.java:266)
	at java.util.concurrent.ThreadPoolExecutor.runWorker(ThreadPoolExecutor.java:1149)
	at java.util.concurrent.ThreadPoolExecutor$Worker.run(ThreadPoolExecutor.java:624)
	... 1 more
Caused by: org.apache.ratis.thirdparty.io.netty.channel.AbstractChannel$AnnotatedConnectException: Connection refused: /192.168.157.211:38803
	at sun.nio.ch.SocketChannelImpl.checkConnect(Native Method)
	at sun.nio.ch.SocketChannelImpl.finishConnect(SocketChannelImpl.java:717)
	at org.apache.ratis.thirdparty.io.netty.channel.socket.nio.NioSocketChannel.doFinishConnect(NioSocketChannel.java:327)
	at org.apache.ratis.thirdparty.io.netty.channel.nio.AbstractNioChannel$AbstractNioUnsafe.finishConnect(AbstractNioChannel.java:340)
	at org.apache.ratis.thirdparty.io.netty.channel.nio.NioEventLoop.processSelectedKey(NioEventLoop.java:632)
	at org.apache.ratis.thirdparty.io.netty.channel.nio.NioEventLoop.processSelectedKeysOptimized(NioEventLoop.java:579)
	at org.apache.ratis.thirdparty.io.netty.channel.nio.NioEventLoop.processSelectedKeys(NioEventLoop.java:496)
	at org.apache.ratis.thirdparty.io.netty.channel.nio.NioEventLoop.run(NioEventLoop.java:458)
	at org.apache.ratis.thirdparty.io.netty.util.concurrent.SingleThreadEventExecutor$5.run(SingleThreadEventExecutor.java:897)
	at org.apache.ratis.thirdparty.io.netty.util.concurrent.FastThreadLocalRunnable.run(FastThreadLocalRunnable.java:30)
	... 1 more
Caused by: java.net.ConnectException: Connection refused
	... 11 more
2019-10-17 07:09:57,354 [805254cc-2da6-48d8-a2f9-c1a3ceceab4a@group-2C0FEEE55AE1-LeaderElection1243] INFO  impl.LeaderElection (LogUtils.java:infoOrTrace(149)) -   Exception 1: {}
java.util.concurrent.ExecutionException: org.apache.ratis.thirdparty.io.grpc.StatusRuntimeException: UNAVAILABLE: io exception
	at java.util.concurrent.FutureTask.report(FutureTask.java:122)
	at java.util.concurrent.FutureTask.get(FutureTask.java:192)
	at org.apache.ratis.server.impl.LeaderElection.waitForResults(LeaderElection.java:259)
	at org.apache.ratis.server.impl.LeaderElection.askForVotes(LeaderElection.java:197)
	at org.apache.ratis.server.impl.LeaderElection.run(LeaderElection.java:133)
	at java.lang.Thread.run(Thread.java:748)
Caused by: org.apache.ratis.thirdparty.io.grpc.StatusRuntimeException: UNAVAILABLE: io exception
	at org.apache.ratis.thirdparty.io.grpc.stub.ClientCalls.toStatusRuntimeException(ClientCalls.java:233)
	at org.apache.ratis.thirdparty.io.grpc.stub.ClientCalls.getUnchecked(ClientCalls.java:214)
	at org.apache.ratis.thirdparty.io.grpc.stub.ClientCalls.blockingUnaryCall(ClientCalls.java:139)
	at org.apache.ratis.proto.grpc.RaftServerProtocolServiceGrpc$RaftServerProtocolServiceBlockingStub.requestVote(RaftServerProtocolServiceGrpc.java:265)
	at org.apache.ratis.grpc.server.GrpcServerProtocolClient.requestVote(GrpcServerProtocolClient.java:99)
	at org.apache.ratis.grpc.server.GrpcService.requestVote(GrpcService.java:204)
	at org.apache.ratis.server.impl.LeaderElection.lambda$submitRequests$1(LeaderElection.java:234)
	at java.util.concurrent.FutureTask.run(FutureTask.java:266)
	at java.util.concurrent.Executors$RunnableAdapter.call(Executors.java:511)
	at java.util.concurrent.FutureTask.run(FutureTask.java:266)
	at java.util.concurrent.ThreadPoolExecutor.runWorker(ThreadPoolExecutor.java:1149)
	at java.util.concurrent.ThreadPoolExecutor$Worker.run(ThreadPoolExecutor.java:624)
	... 1 more
Caused by: org.apache.ratis.thirdparty.io.netty.channel.AbstractChannel$AnnotatedConnectException: Connection refused: /192.168.157.211:38722
	at sun.nio.ch.SocketChannelImpl.checkConnect(Native Method)
	at sun.nio.ch.SocketChannelImpl.finishConnect(SocketChannelImpl.java:717)
	at org.apache.ratis.thirdparty.io.netty.channel.socket.nio.NioSocketChannel.doFinishConnect(NioSocketChannel.java:327)
	at org.apache.ratis.thirdparty.io.netty.channel.nio.AbstractNioChannel$AbstractNioUnsafe.finishConnect(AbstractNioChannel.java:340)
	at org.apache.ratis.thirdparty.io.netty.channel.nio.NioEventLoop.processSelectedKey(NioEventLoop.java:632)
	at org.apache.ratis.thirdparty.io.netty.channel.nio.NioEventLoop.processSelectedKeysOptimized(NioEventLoop.java:579)
	at org.apache.ratis.thirdparty.io.netty.channel.nio.NioEventLoop.processSelectedKeys(NioEventLoop.java:496)
	at org.apache.ratis.thirdparty.io.netty.channel.nio.NioEventLoop.run(NioEventLoop.java:458)
	at org.apache.ratis.thirdparty.io.netty.util.concurrent.SingleThreadEventExecutor$5.run(SingleThreadEventExecutor.java:897)
	at org.apache.ratis.thirdparty.io.netty.util.concurrent.FastThreadLocalRunnable.run(FastThreadLocalRunnable.java:30)
	... 1 more
Caused by: java.net.ConnectException: Connection refused
	... 11 more
2019-10-17 07:09:57,354 [805254cc-2da6-48d8-a2f9-c1a3ceceab4a@group-2C0FEEE55AE1-LeaderElection1243] INFO  impl.RaftServerImpl (RaftServerImpl.java:setRole(184)) - 805254cc-2da6-48d8-a2f9-c1a3ceceab4a@group-2C0FEEE55AE1: changes role from CANDIDATE to FOLLOWER at term 176 for DISCOVERED_A_NEW_TERM
2019-10-17 07:09:57,354 [805254cc-2da6-48d8-a2f9-c1a3ceceab4a@group-2C0FEEE55AE1-LeaderElection1243] INFO  impl.RoleInfo (RoleInfo.java:shutdownLeaderElection(134)) - 805254cc-2da6-48d8-a2f9-c1a3ceceab4a: shutdown LeaderElection
2019-10-17 07:09:57,355 [805254cc-2da6-48d8-a2f9-c1a3ceceab4a@group-2C0FEEE55AE1-LeaderElection1243] INFO  impl.RoleInfo (RoleInfo.java:updateAndGet(143)) - 805254cc-2da6-48d8-a2f9-c1a3ceceab4a: start FollowerState
2019-10-17 07:09:57,584 [java.util.concurrent.ThreadPoolExecutor$Worker@1bc8ec8[State = -1, empty queue]] WARN  server.GrpcLogAppender (GrpcLogAppender.java:timeoutAppendRequest(209)) - 5f7ef38b-a645-4f95-94e6-bd075ea30748@group-E6EB69311C83->0acdc124-2757-4c91-93b1-ab1a2908776d-GrpcLogAppender: appendEntries Timeout, request=5f7ef38b-a645-4f95-94e6-bd075ea30748->0acdc124-2757-4c91-93b1-ab1a2908776d#63-t1, previous=(t:1, i:12), leaderCommit=12, initializing? false, entries: <empty>
2019-10-17 07:09:57,993 [java.util.concurrent.ThreadPoolExecutor$Worker@6af2bccb[State = -1, empty queue]] WARN  server.GrpcLogAppender (GrpcLogAppender.java:timeoutAppendRequest(209)) - a5219191-1681-4090-972d-a7550c5191e1@group-92C9EDB41AD5->c1b4af2d-3b05-4006-acca-753ed6d10b59-GrpcLogAppender: appendEntries Timeout, request=a5219191-1681-4090-972d-a7550c5191e1->c1b4af2d-3b05-4006-acca-753ed6d10b59#52-t2, previous=(t:2, i:0), leaderCommit=0, initializing? false, entries: <empty>
2019-10-17 07:09:58,381 [Thread-10905] INFO  impl.FollowerState (FollowerState.java:run(108)) - 805254cc-2da6-48d8-a2f9-c1a3ceceab4a@group-2C0FEEE55AE1-FollowerState: change to CANDIDATE, lastRpcTime:1026ms, electionTimeout:1026ms
2019-10-17 07:09:58,382 [Thread-10905] INFO  impl.RoleInfo (RoleInfo.java:shutdownFollowerState(121)) - 805254cc-2da6-48d8-a2f9-c1a3ceceab4a: shutdown FollowerState
2019-10-17 07:09:58,382 [Thread-10905] INFO  impl.RaftServerImpl (RaftServerImpl.java:setRole(184)) - 805254cc-2da6-48d8-a2f9-c1a3ceceab4a@group-2C0FEEE55AE1: changes role from  FOLLOWER to CANDIDATE at term 176 for changeToCandidate
2019-10-17 07:09:58,382 [Thread-10905] INFO  impl.RoleInfo (RoleInfo.java:updateAndGet(143)) - 805254cc-2da6-48d8-a2f9-c1a3ceceab4a: start LeaderElection
2019-10-17 07:09:58,406 [805254cc-2da6-48d8-a2f9-c1a3ceceab4a@group-2C0FEEE55AE1-LeaderElection1244] INFO  impl.LeaderElection (LeaderElection.java:askForVotes(178)) - 805254cc-2da6-48d8-a2f9-c1a3ceceab4a@group-2C0FEEE55AE1-LeaderElection1244: begin an election at term 177 for 0: [f3ee4219-89bb-47f2-bbe0-5f784575b745:192.168.157.211:38722, 805254cc-2da6-48d8-a2f9-c1a3ceceab4a:192.168.157.211:35407, 696df33b-59a0-4145-913f-936aff0d1566:192.168.157.211:38803], old=null
2019-10-17 07:09:58,410 [805254cc-2da6-48d8-a2f9-c1a3ceceab4a@group-2C0FEEE55AE1-LeaderElection1244] INFO  impl.LeaderElection (LogUtils.java:infoOrTrace(149)) - 805254cc-2da6-48d8-a2f9-c1a3ceceab4a@group-2C0FEEE55AE1-LeaderElection1244 got exception when requesting votes: {}
java.util.concurrent.ExecutionException: org.apache.ratis.thirdparty.io.grpc.StatusRuntimeException: UNAVAILABLE: io exception
	at java.util.concurrent.FutureTask.report(FutureTask.java:122)
	at java.util.concurrent.FutureTask.get(FutureTask.java:192)
	at org.apache.ratis.server.impl.LeaderElection.waitForResults(LeaderElection.java:259)
	at org.apache.ratis.server.impl.LeaderElection.askForVotes(LeaderElection.java:197)
	at org.apache.ratis.server.impl.LeaderElection.run(LeaderElection.java:133)
	at java.lang.Thread.run(Thread.java:748)
Caused by: org.apache.ratis.thirdparty.io.grpc.StatusRuntimeException: UNAVAILABLE: io exception
	at org.apache.ratis.thirdparty.io.grpc.stub.ClientCalls.toStatusRuntimeException(ClientCalls.java:233)
	at org.apache.ratis.thirdparty.io.grpc.stub.ClientCalls.getUnchecked(ClientCalls.java:214)
	at org.apache.ratis.thirdparty.io.grpc.stub.ClientCalls.blockingUnaryCall(ClientCalls.java:139)
	at org.apache.ratis.proto.grpc.RaftServerProtocolServiceGrpc$RaftServerProtocolServiceBlockingStub.requestVote(RaftServerProtocolServiceGrpc.java:265)
	at org.apache.ratis.grpc.server.GrpcServerProtocolClient.requestVote(GrpcServerProtocolClient.java:99)
	at org.apache.ratis.grpc.server.GrpcService.requestVote(GrpcService.java:204)
	at org.apache.ratis.server.impl.LeaderElection.lambda$submitRequests$1(LeaderElection.java:234)
	at java.util.concurrent.FutureTask.run(FutureTask.java:266)
	at java.util.concurrent.Executors$RunnableAdapter.call(Executors.java:511)
	at java.util.concurrent.FutureTask.run(FutureTask.java:266)
	at java.util.concurrent.ThreadPoolExecutor.runWorker(ThreadPoolExecutor.java:1149)
	at java.util.concurrent.ThreadPoolExecutor$Worker.run(ThreadPoolExecutor.java:624)
	... 1 more
Caused by: org.apache.ratis.thirdparty.io.netty.channel.AbstractChannel$AnnotatedConnectException: Connection refused: /192.168.157.211:38803
	at sun.nio.ch.SocketChannelImpl.checkConnect(Native Method)
	at sun.nio.ch.SocketChannelImpl.finishConnect(SocketChannelImpl.java:717)
	at org.apache.ratis.thirdparty.io.netty.channel.socket.nio.NioSocketChannel.doFinishConnect(NioSocketChannel.java:327)
	at org.apache.ratis.thirdparty.io.netty.channel.nio.AbstractNioChannel$AbstractNioUnsafe.finishConnect(AbstractNioChannel.java:340)
	at org.apache.ratis.thirdparty.io.netty.channel.nio.NioEventLoop.processSelectedKey(NioEventLoop.java:632)
	at org.apache.ratis.thirdparty.io.netty.channel.nio.NioEventLoop.processSelectedKeysOptimized(NioEventLoop.java:579)
	at org.apache.ratis.thirdparty.io.netty.channel.nio.NioEventLoop.processSelectedKeys(NioEventLoop.java:496)
	at org.apache.ratis.thirdparty.io.netty.channel.nio.NioEventLoop.run(NioEventLoop.java:458)
	at org.apache.ratis.thirdparty.io.netty.util.concurrent.SingleThreadEventExecutor$5.run(SingleThreadEventExecutor.java:897)
	at org.apache.ratis.thirdparty.io.netty.util.concurrent.FastThreadLocalRunnable.run(FastThreadLocalRunnable.java:30)
	... 1 more
Caused by: java.net.ConnectException: Connection refused
	... 11 more
2019-10-17 07:09:58,410 [805254cc-2da6-48d8-a2f9-c1a3ceceab4a@group-2C0FEEE55AE1-LeaderElection1244] INFO  impl.LeaderElection (LogUtils.java:infoOrTrace(149)) - 805254cc-2da6-48d8-a2f9-c1a3ceceab4a@group-2C0FEEE55AE1-LeaderElection1244 got exception when requesting votes: {}
java.util.concurrent.ExecutionException: org.apache.ratis.thirdparty.io.grpc.StatusRuntimeException: UNAVAILABLE: io exception
	at java.util.concurrent.FutureTask.report(FutureTask.java:122)
	at java.util.concurrent.FutureTask.get(FutureTask.java:192)
	at org.apache.ratis.server.impl.LeaderElection.waitForResults(LeaderElection.java:259)
	at org.apache.ratis.server.impl.LeaderElection.askForVotes(LeaderElection.java:197)
	at org.apache.ratis.server.impl.LeaderElection.run(LeaderElection.java:133)
	at java.lang.Thread.run(Thread.java:748)
Caused by: org.apache.ratis.thirdparty.io.grpc.StatusRuntimeException: UNAVAILABLE: io exception
	at org.apache.ratis.thirdparty.io.grpc.stub.ClientCalls.toStatusRuntimeException(ClientCalls.java:233)
	at org.apache.ratis.thirdparty.io.grpc.stub.ClientCalls.getUnchecked(ClientCalls.java:214)
	at org.apache.ratis.thirdparty.io.grpc.stub.ClientCalls.blockingUnaryCall(ClientCalls.java:139)
	at org.apache.ratis.proto.grpc.RaftServerProtocolServiceGrpc$RaftServerProtocolServiceBlockingStub.requestVote(RaftServerProtocolServiceGrpc.java:265)
	at org.apache.ratis.grpc.server.GrpcServerProtocolClient.requestVote(GrpcServerProtocolClient.java:99)
	at org.apache.ratis.grpc.server.GrpcService.requestVote(GrpcService.java:204)
	at org.apache.ratis.server.impl.LeaderElection.lambda$submitRequests$1(LeaderElection.java:234)
	at java.util.concurrent.FutureTask.run(FutureTask.java:266)
	at java.util.concurrent.Executors$RunnableAdapter.call(Executors.java:511)
	at java.util.concurrent.FutureTask.run(FutureTask.java:266)
	at java.util.concurrent.ThreadPoolExecutor.runWorker(ThreadPoolExecutor.java:1149)
	at java.util.concurrent.ThreadPoolExecutor$Worker.run(ThreadPoolExecutor.java:624)
	... 1 more
Caused by: org.apache.ratis.thirdparty.io.netty.channel.AbstractChannel$AnnotatedConnectException: Connection refused: /192.168.157.211:38722
	at sun.nio.ch.SocketChannelImpl.checkConnect(Native Method)
	at sun.nio.ch.SocketChannelImpl.finishConnect(SocketChannelImpl.java:717)
	at org.apache.ratis.thirdparty.io.netty.channel.socket.nio.NioSocketChannel.doFinishConnect(NioSocketChannel.java:327)
	at org.apache.ratis.thirdparty.io.netty.channel.nio.AbstractNioChannel$AbstractNioUnsafe.finishConnect(AbstractNioChannel.java:340)
	at org.apache.ratis.thirdparty.io.netty.channel.nio.NioEventLoop.processSelectedKey(NioEventLoop.java:632)
	at org.apache.ratis.thirdparty.io.netty.channel.nio.NioEventLoop.processSelectedKeysOptimized(NioEventLoop.java:579)
	at org.apache.ratis.thirdparty.io.netty.channel.nio.NioEventLoop.processSelectedKeys(NioEventLoop.java:496)
	at org.apache.ratis.thirdparty.io.netty.channel.nio.NioEventLoop.run(NioEventLoop.java:458)
	at org.apache.ratis.thirdparty.io.netty.util.concurrent.SingleThreadEventExecutor$5.run(SingleThreadEventExecutor.java:897)
	at org.apache.ratis.thirdparty.io.netty.util.concurrent.FastThreadLocalRunnable.run(FastThreadLocalRunnable.java:30)
	... 1 more
Caused by: java.net.ConnectException: Connection refused
	... 11 more
2019-10-17 07:09:58,411 [805254cc-2da6-48d8-a2f9-c1a3ceceab4a@group-2C0FEEE55AE1-LeaderElection1244] INFO  impl.LeaderElection (LeaderElection.java:logAndReturn(56)) - 805254cc-2da6-48d8-a2f9-c1a3ceceab4a@group-2C0FEEE55AE1-LeaderElection1244: Election REJECTED; received 0 response(s) [] and 2 exception(s); 805254cc-2da6-48d8-a2f9-c1a3ceceab4a@group-2C0FEEE55AE1:t177, leader=null, voted=805254cc-2da6-48d8-a2f9-c1a3ceceab4a, raftlog=805254cc-2da6-48d8-a2f9-c1a3ceceab4a@group-2C0FEEE55AE1-SegmentedRaftLog:OPENED:c-1,f0,i0, conf=0: [f3ee4219-89bb-47f2-bbe0-5f784575b745:192.168.157.211:38722, 805254cc-2da6-48d8-a2f9-c1a3ceceab4a:192.168.157.211:35407, 696df33b-59a0-4145-913f-936aff0d1566:192.168.157.211:38803], old=null
2019-10-17 07:09:58,411 [805254cc-2da6-48d8-a2f9-c1a3ceceab4a@group-2C0FEEE55AE1-LeaderElection1244] INFO  impl.LeaderElection (LogUtils.java:infoOrTrace(149)) -   Exception 0: {}
java.util.concurrent.ExecutionException: org.apache.ratis.thirdparty.io.grpc.StatusRuntimeException: UNAVAILABLE: io exception
	at java.util.concurrent.FutureTask.report(FutureTask.java:122)
	at java.util.concurrent.FutureTask.get(FutureTask.java:192)
	at org.apache.ratis.server.impl.LeaderElection.waitForResults(LeaderElection.java:259)
	at org.apache.ratis.server.impl.LeaderElection.askForVotes(LeaderElection.java:197)
	at org.apache.ratis.server.impl.LeaderElection.run(LeaderElection.java:133)
	at java.lang.Thread.run(Thread.java:748)
Caused by: org.apache.ratis.thirdparty.io.grpc.StatusRuntimeException: UNAVAILABLE: io exception
	at org.apache.ratis.thirdparty.io.grpc.stub.ClientCalls.toStatusRuntimeException(ClientCalls.java:233)
	at org.apache.ratis.thirdparty.io.grpc.stub.ClientCalls.getUnchecked(ClientCalls.java:214)
	at org.apache.ratis.thirdparty.io.grpc.stub.ClientCalls.blockingUnaryCall(ClientCalls.java:139)
	at org.apache.ratis.proto.grpc.RaftServerProtocolServiceGrpc$RaftServerProtocolServiceBlockingStub.requestVote(RaftServerProtocolServiceGrpc.java:265)
	at org.apache.ratis.grpc.server.GrpcServerProtocolClient.requestVote(GrpcServerProtocolClient.java:99)
	at org.apache.ratis.grpc.server.GrpcService.requestVote(GrpcService.java:204)
	at org.apache.ratis.server.impl.LeaderElection.lambda$submitRequests$1(LeaderElection.java:234)
	at java.util.concurrent.FutureTask.run(FutureTask.java:266)
	at java.util.concurrent.Executors$RunnableAdapter.call(Executors.java:511)
	at java.util.concurrent.FutureTask.run(FutureTask.java:266)
	at java.util.concurrent.ThreadPoolExecutor.runWorker(ThreadPoolExecutor.java:1149)
	at java.util.concurrent.ThreadPoolExecutor$Worker.run(ThreadPoolExecutor.java:624)
	... 1 more
Caused by: org.apache.ratis.thirdparty.io.netty.channel.AbstractChannel$AnnotatedConnectException: Connection refused: /192.168.157.211:38803
	at sun.nio.ch.SocketChannelImpl.checkConnect(Native Method)
	at sun.nio.ch.SocketChannelImpl.finishConnect(SocketChannelImpl.java:717)
	at org.apache.ratis.thirdparty.io.netty.channel.socket.nio.NioSocketChannel.doFinishConnect(NioSocketChannel.java:327)
	at org.apache.ratis.thirdparty.io.netty.channel.nio.AbstractNioChannel$AbstractNioUnsafe.finishConnect(AbstractNioChannel.java:340)
	at org.apache.ratis.thirdparty.io.netty.channel.nio.NioEventLoop.processSelectedKey(NioEventLoop.java:632)
	at org.apache.ratis.thirdparty.io.netty.channel.nio.NioEventLoop.processSelectedKeysOptimized(NioEventLoop.java:579)
	at org.apache.ratis.thirdparty.io.netty.channel.nio.NioEventLoop.processSelectedKeys(NioEventLoop.java:496)
	at org.apache.ratis.thirdparty.io.netty.channel.nio.NioEventLoop.run(NioEventLoop.java:458)
	at org.apache.ratis.thirdparty.io.netty.util.concurrent.SingleThreadEventExecutor$5.run(SingleThreadEventExecutor.java:897)
	at org.apache.ratis.thirdparty.io.netty.util.concurrent.FastThreadLocalRunnable.run(FastThreadLocalRunnable.java:30)
	... 1 more
Caused by: java.net.ConnectException: Connection refused
	... 11 more
2019-10-17 07:09:58,412 [805254cc-2da6-48d8-a2f9-c1a3ceceab4a@group-2C0FEEE55AE1-LeaderElection1244] INFO  impl.LeaderElection (LogUtils.java:infoOrTrace(149)) -   Exception 1: {}
java.util.concurrent.ExecutionException: org.apache.ratis.thirdparty.io.grpc.StatusRuntimeException: UNAVAILABLE: io exception
	at java.util.concurrent.FutureTask.report(FutureTask.java:122)
	at java.util.concurrent.FutureTask.get(FutureTask.java:192)
	at org.apache.ratis.server.impl.LeaderElection.waitForResults(LeaderElection.java:259)
	at org.apache.ratis.server.impl.LeaderElection.askForVotes(LeaderElection.java:197)
	at org.apache.ratis.server.impl.LeaderElection.run(LeaderElection.java:133)
	at java.lang.Thread.run(Thread.java:748)
Caused by: org.apache.ratis.thirdparty.io.grpc.StatusRuntimeException: UNAVAILABLE: io exception
	at org.apache.ratis.thirdparty.io.grpc.stub.ClientCalls.toStatusRuntimeException(ClientCalls.java:233)
	at org.apache.ratis.thirdparty.io.grpc.stub.ClientCalls.getUnchecked(ClientCalls.java:214)
	at org.apache.ratis.thirdparty.io.grpc.stub.ClientCalls.blockingUnaryCall(ClientCalls.java:139)
	at org.apache.ratis.proto.grpc.RaftServerProtocolServiceGrpc$RaftServerProtocolServiceBlockingStub.requestVote(RaftServerProtocolServiceGrpc.java:265)
	at org.apache.ratis.grpc.server.GrpcServerProtocolClient.requestVote(GrpcServerProtocolClient.java:99)
	at org.apache.ratis.grpc.server.GrpcService.requestVote(GrpcService.java:204)
	at org.apache.ratis.server.impl.LeaderElection.lambda$submitRequests$1(LeaderElection.java:234)
	at java.util.concurrent.FutureTask.run(FutureTask.java:266)
	at java.util.concurrent.Executors$RunnableAdapter.call(Executors.java:511)
	at java.util.concurrent.FutureTask.run(FutureTask.java:266)
	at java.util.concurrent.ThreadPoolExecutor.runWorker(ThreadPoolExecutor.java:1149)
	at java.util.concurrent.ThreadPoolExecutor$Worker.run(ThreadPoolExecutor.java:624)
	... 1 more
Caused by: org.apache.ratis.thirdparty.io.netty.channel.AbstractChannel$AnnotatedConnectException: Connection refused: /192.168.157.211:38722
	at sun.nio.ch.SocketChannelImpl.checkConnect(Native Method)
	at sun.nio.ch.SocketChannelImpl.finishConnect(SocketChannelImpl.java:717)
	at org.apache.ratis.thirdparty.io.netty.channel.socket.nio.NioSocketChannel.doFinishConnect(NioSocketChannel.java:327)
	at org.apache.ratis.thirdparty.io.netty.channel.nio.AbstractNioChannel$AbstractNioUnsafe.finishConnect(AbstractNioChannel.java:340)
	at org.apache.ratis.thirdparty.io.netty.channel.nio.NioEventLoop.processSelectedKey(NioEventLoop.java:632)
	at org.apache.ratis.thirdparty.io.netty.channel.nio.NioEventLoop.processSelectedKeysOptimized(NioEventLoop.java:579)
	at org.apache.ratis.thirdparty.io.netty.channel.nio.NioEventLoop.processSelectedKeys(NioEventLoop.java:496)
	at org.apache.ratis.thirdparty.io.netty.channel.nio.NioEventLoop.run(NioEventLoop.java:458)
	at org.apache.ratis.thirdparty.io.netty.util.concurrent.SingleThreadEventExecutor$5.run(SingleThreadEventExecutor.java:897)
	at org.apache.ratis.thirdparty.io.netty.util.concurrent.FastThreadLocalRunnable.run(FastThreadLocalRunnable.java:30)
	... 1 more
Caused by: java.net.ConnectException: Connection refused
	... 11 more
2019-10-17 07:09:58,412 [805254cc-2da6-48d8-a2f9-c1a3ceceab4a@group-2C0FEEE55AE1-LeaderElection1244] INFO  impl.RaftServerImpl (RaftServerImpl.java:setRole(184)) - 805254cc-2da6-48d8-a2f9-c1a3ceceab4a@group-2C0FEEE55AE1: changes role from CANDIDATE to FOLLOWER at term 177 for DISCOVERED_A_NEW_TERM
2019-10-17 07:09:58,412 [805254cc-2da6-48d8-a2f9-c1a3ceceab4a@group-2C0FEEE55AE1-LeaderElection1244] INFO  impl.RoleInfo (RoleInfo.java:shutdownLeaderElection(134)) - 805254cc-2da6-48d8-a2f9-c1a3ceceab4a: shutdown LeaderElection
2019-10-17 07:09:58,412 [805254cc-2da6-48d8-a2f9-c1a3ceceab4a@group-2C0FEEE55AE1-LeaderElection1244] INFO  impl.RoleInfo (RoleInfo.java:updateAndGet(143)) - 805254cc-2da6-48d8-a2f9-c1a3ceceab4a: start FollowerState
2019-10-17 07:09:58,483 [Thread-10901] INFO  impl.FollowerState (FollowerState.java:run(108)) - e9b52f21-01d5-44eb-a9cd-d907fd904ad1@group-E6EB69311C83-FollowerState: change to CANDIDATE, lastRpcTime:1173ms, electionTimeout:1173ms
2019-10-17 07:09:58,483 [Thread-10901] INFO  impl.RoleInfo (RoleInfo.java:shutdownFollowerState(121)) - e9b52f21-01d5-44eb-a9cd-d907fd904ad1: shutdown FollowerState
2019-10-17 07:09:58,483 [Thread-10901] INFO  impl.RaftServerImpl (RaftServerImpl.java:setRole(184)) - e9b52f21-01d5-44eb-a9cd-d907fd904ad1@group-E6EB69311C83: changes role from  FOLLOWER to CANDIDATE at term 3 for changeToCandidate
2019-10-17 07:09:58,483 [Thread-10901] INFO  impl.RoleInfo (RoleInfo.java:updateAndGet(143)) - e9b52f21-01d5-44eb-a9cd-d907fd904ad1: start LeaderElection
2019-10-17 07:09:58,493 [java.util.concurrent.ThreadPoolExecutor$Worker@6af2bccb[State = -1, empty queue]] WARN  server.GrpcLogAppender (GrpcLogAppender.java:timeoutAppendRequest(209)) - a5219191-1681-4090-972d-a7550c5191e1@group-92C9EDB41AD5->c1b4af2d-3b05-4006-acca-753ed6d10b59-GrpcLogAppender: appendEntries Timeout, request=a5219191-1681-4090-972d-a7550c5191e1->c1b4af2d-3b05-4006-acca-753ed6d10b59#53-t2, previous=(t:2, i:0), leaderCommit=0, initializing? false, entries: <empty>
2019-10-17 07:09:58,496 [e9b52f21-01d5-44eb-a9cd-d907fd904ad1@group-E6EB69311C83-LeaderElection1245] INFO  impl.LeaderElection (LeaderElection.java:askForVotes(178)) - e9b52f21-01d5-44eb-a9cd-d907fd904ad1@group-E6EB69311C83-LeaderElection1245: begin an election at term 4 for 0: [5f7ef38b-a645-4f95-94e6-bd075ea30748:192.168.157.211:33759, e9b52f21-01d5-44eb-a9cd-d907fd904ad1:192.168.157.211:45108, 0acdc124-2757-4c91-93b1-ab1a2908776d:192.168.157.211:34191], old=null
2019-10-17 07:09:58,497 [e9b52f21-01d5-44eb-a9cd-d907fd904ad1@group-E6EB69311C83-LeaderElection1245] INFO  impl.LeaderElection (LogUtils.java:infoOrTrace(149)) - e9b52f21-01d5-44eb-a9cd-d907fd904ad1@group-E6EB69311C83-LeaderElection1245 got exception when requesting votes: {}
java.util.concurrent.ExecutionException: org.apache.ratis.thirdparty.io.grpc.StatusRuntimeException: UNAVAILABLE: io exception
	at java.util.concurrent.FutureTask.report(FutureTask.java:122)
	at java.util.concurrent.FutureTask.get(FutureTask.java:192)
	at org.apache.ratis.server.impl.LeaderElection.waitForResults(LeaderElection.java:259)
	at org.apache.ratis.server.impl.LeaderElection.askForVotes(LeaderElection.java:197)
	at org.apache.ratis.server.impl.LeaderElection.run(LeaderElection.java:133)
	at java.lang.Thread.run(Thread.java:748)
Caused by: org.apache.ratis.thirdparty.io.grpc.StatusRuntimeException: UNAVAILABLE: io exception
	at org.apache.ratis.thirdparty.io.grpc.stub.ClientCalls.toStatusRuntimeException(ClientCalls.java:233)
	at org.apache.ratis.thirdparty.io.grpc.stub.ClientCalls.getUnchecked(ClientCalls.java:214)
	at org.apache.ratis.thirdparty.io.grpc.stub.ClientCalls.blockingUnaryCall(ClientCalls.java:139)
	at org.apache.ratis.proto.grpc.RaftServerProtocolServiceGrpc$RaftServerProtocolServiceBlockingStub.requestVote(RaftServerProtocolServiceGrpc.java:265)
	at org.apache.ratis.grpc.server.GrpcServerProtocolClient.requestVote(GrpcServerProtocolClient.java:99)
	at org.apache.ratis.grpc.server.GrpcService.requestVote(GrpcService.java:204)
	at org.apache.ratis.server.impl.LeaderElection.lambda$submitRequests$1(LeaderElection.java:234)
	at java.util.concurrent.FutureTask.run(FutureTask.java:266)
	at java.util.concurrent.Executors$RunnableAdapter.call(Executors.java:511)
	at java.util.concurrent.FutureTask.run(FutureTask.java:266)
	at java.util.concurrent.ThreadPoolExecutor.runWorker(ThreadPoolExecutor.java:1149)
	at java.util.concurrent.ThreadPoolExecutor$Worker.run(ThreadPoolExecutor.java:624)
	... 1 more
Caused by: org.apache.ratis.thirdparty.io.netty.channel.AbstractChannel$AnnotatedConnectException: Connection refused: /192.168.157.211:33759
	at sun.nio.ch.SocketChannelImpl.checkConnect(Native Method)
	at sun.nio.ch.SocketChannelImpl.finishConnect(SocketChannelImpl.java:717)
	at org.apache.ratis.thirdparty.io.netty.channel.socket.nio.NioSocketChannel.doFinishConnect(NioSocketChannel.java:327)
	at org.apache.ratis.thirdparty.io.netty.channel.nio.AbstractNioChannel$AbstractNioUnsafe.finishConnect(AbstractNioChannel.java:340)
	at org.apache.ratis.thirdparty.io.netty.channel.nio.NioEventLoop.processSelectedKey(NioEventLoop.java:632)
	at org.apache.ratis.thirdparty.io.netty.channel.nio.NioEventLoop.processSelectedKeysOptimized(NioEventLoop.java:579)
	at org.apache.ratis.thirdparty.io.netty.channel.nio.NioEventLoop.processSelectedKeys(NioEventLoop.java:496)
	at org.apache.ratis.thirdparty.io.netty.channel.nio.NioEventLoop.run(NioEventLoop.java:458)
	at org.apache.ratis.thirdparty.io.netty.util.concurrent.SingleThreadEventExecutor$5.run(SingleThreadEventExecutor.java:897)
	at org.apache.ratis.thirdparty.io.netty.util.concurrent.FastThreadLocalRunnable.run(FastThreadLocalRunnable.java:30)
	... 1 more
Caused by: java.net.ConnectException: Connection refused
	... 11 more
2019-10-17 07:09:58,498 [e9b52f21-01d5-44eb-a9cd-d907fd904ad1@group-E6EB69311C83-LeaderElection1245] INFO  impl.LeaderElection (LogUtils.java:infoOrTrace(149)) - e9b52f21-01d5-44eb-a9cd-d907fd904ad1@group-E6EB69311C83-LeaderElection1245 got exception when requesting votes: {}
java.util.concurrent.ExecutionException: org.apache.ratis.thirdparty.io.grpc.StatusRuntimeException: UNAVAILABLE: io exception
	at java.util.concurrent.FutureTask.report(FutureTask.java:122)
	at java.util.concurrent.FutureTask.get(FutureTask.java:192)
	at org.apache.ratis.server.impl.LeaderElection.waitForResults(LeaderElection.java:259)
	at org.apache.ratis.server.impl.LeaderElection.askForVotes(LeaderElection.java:197)
	at org.apache.ratis.server.impl.LeaderElection.run(LeaderElection.java:133)
	at java.lang.Thread.run(Thread.java:748)
Caused by: org.apache.ratis.thirdparty.io.grpc.StatusRuntimeException: UNAVAILABLE: io exception
	at org.apache.ratis.thirdparty.io.grpc.stub.ClientCalls.toStatusRuntimeException(ClientCalls.java:233)
	at org.apache.ratis.thirdparty.io.grpc.stub.ClientCalls.getUnchecked(ClientCalls.java:214)
	at org.apache.ratis.thirdparty.io.grpc.stub.ClientCalls.blockingUnaryCall(ClientCalls.java:139)
	at org.apache.ratis.proto.grpc.RaftServerProtocolServiceGrpc$RaftServerProtocolServiceBlockingStub.requestVote(RaftServerProtocolServiceGrpc.java:265)
	at org.apache.ratis.grpc.server.GrpcServerProtocolClient.requestVote(GrpcServerProtocolClient.java:99)
	at org.apache.ratis.grpc.server.GrpcService.requestVote(GrpcService.java:204)
	at org.apache.ratis.server.impl.LeaderElection.lambda$submitRequests$1(LeaderElection.java:234)
	at java.util.concurrent.FutureTask.run(FutureTask.java:266)
	at java.util.concurrent.Executors$RunnableAdapter.call(Executors.java:511)
	at java.util.concurrent.FutureTask.run(FutureTask.java:266)
	at java.util.concurrent.ThreadPoolExecutor.runWorker(ThreadPoolExecutor.java:1149)
	at java.util.concurrent.ThreadPoolExecutor$Worker.run(ThreadPoolExecutor.java:624)
	... 1 more
Caused by: org.apache.ratis.thirdparty.io.netty.channel.AbstractChannel$AnnotatedConnectException: Connection refused: /192.168.157.211:34191
	at sun.nio.ch.SocketChannelImpl.checkConnect(Native Method)
	at sun.nio.ch.SocketChannelImpl.finishConnect(SocketChannelImpl.java:717)
	at org.apache.ratis.thirdparty.io.netty.channel.socket.nio.NioSocketChannel.doFinishConnect(NioSocketChannel.java:327)
	at org.apache.ratis.thirdparty.io.netty.channel.nio.AbstractNioChannel$AbstractNioUnsafe.finishConnect(AbstractNioChannel.java:340)
	at org.apache.ratis.thirdparty.io.netty.channel.nio.NioEventLoop.processSelectedKey(NioEventLoop.java:632)
	at org.apache.ratis.thirdparty.io.netty.channel.nio.NioEventLoop.processSelectedKeysOptimized(NioEventLoop.java:579)
	at org.apache.ratis.thirdparty.io.netty.channel.nio.NioEventLoop.processSelectedKeys(NioEventLoop.java:496)
	at org.apache.ratis.thirdparty.io.netty.channel.nio.NioEventLoop.run(NioEventLoop.java:458)
	at org.apache.ratis.thirdparty.io.netty.util.concurrent.SingleThreadEventExecutor$5.run(SingleThreadEventExecutor.java:897)
	at org.apache.ratis.thirdparty.io.netty.util.concurrent.FastThreadLocalRunnable.run(FastThreadLocalRunnable.java:30)
	... 1 more
Caused by: java.net.ConnectException: Connection refused
	... 11 more
2019-10-17 07:09:58,498 [e9b52f21-01d5-44eb-a9cd-d907fd904ad1@group-E6EB69311C83-LeaderElection1245] INFO  impl.LeaderElection (LeaderElection.java:logAndReturn(56)) - e9b52f21-01d5-44eb-a9cd-d907fd904ad1@group-E6EB69311C83-LeaderElection1245: Election REJECTED; received 0 response(s) [] and 2 exception(s); e9b52f21-01d5-44eb-a9cd-d907fd904ad1@group-E6EB69311C83:t4, leader=null, voted=e9b52f21-01d5-44eb-a9cd-d907fd904ad1, raftlog=e9b52f21-01d5-44eb-a9cd-d907fd904ad1@group-E6EB69311C83-SegmentedRaftLog:OPENED:c12,f12,i12, conf=0: [5f7ef38b-a645-4f95-94e6-bd075ea30748:192.168.157.211:33759, e9b52f21-01d5-44eb-a9cd-d907fd904ad1:192.168.157.211:45108, 0acdc124-2757-4c91-93b1-ab1a2908776d:192.168.157.211:34191], old=null
2019-10-17 07:09:58,498 [e9b52f21-01d5-44eb-a9cd-d907fd904ad1@group-E6EB69311C83-LeaderElection1245] INFO  impl.LeaderElection (LogUtils.java:infoOrTrace(149)) -   Exception 0: {}
java.util.concurrent.ExecutionException: org.apache.ratis.thirdparty.io.grpc.StatusRuntimeException: UNAVAILABLE: io exception
	at java.util.concurrent.FutureTask.report(FutureTask.java:122)
	at java.util.concurrent.FutureTask.get(FutureTask.java:192)
	at org.apache.ratis.server.impl.LeaderElection.waitForResults(LeaderElection.java:259)
	at org.apache.ratis.server.impl.LeaderElection.askForVotes(LeaderElection.java:197)
	at org.apache.ratis.server.impl.LeaderElection.run(LeaderElection.java:133)
	at java.lang.Thread.run(Thread.java:748)
Caused by: org.apache.ratis.thirdparty.io.grpc.StatusRuntimeException: UNAVAILABLE: io exception
	at org.apache.ratis.thirdparty.io.grpc.stub.ClientCalls.toStatusRuntimeException(ClientCalls.java:233)
	at org.apache.ratis.thirdparty.io.grpc.stub.ClientCalls.getUnchecked(ClientCalls.java:214)
	at org.apache.ratis.thirdparty.io.grpc.stub.ClientCalls.blockingUnaryCall(ClientCalls.java:139)
	at org.apache.ratis.proto.grpc.RaftServerProtocolServiceGrpc$RaftServerProtocolServiceBlockingStub.requestVote(RaftServerProtocolServiceGrpc.java:265)
	at org.apache.ratis.grpc.server.GrpcServerProtocolClient.requestVote(GrpcServerProtocolClient.java:99)
	at org.apache.ratis.grpc.server.GrpcService.requestVote(GrpcService.java:204)
	at org.apache.ratis.server.impl.LeaderElection.lambda$submitRequests$1(LeaderElection.java:234)
	at java.util.concurrent.FutureTask.run(FutureTask.java:266)
	at java.util.concurrent.Executors$RunnableAdapter.call(Executors.java:511)
	at java.util.concurrent.FutureTask.run(FutureTask.java:266)
	at java.util.concurrent.ThreadPoolExecutor.runWorker(ThreadPoolExecutor.java:1149)
	at java.util.concurrent.ThreadPoolExecutor$Worker.run(ThreadPoolExecutor.java:624)
	... 1 more
Caused by: org.apache.ratis.thirdparty.io.netty.channel.AbstractChannel$AnnotatedConnectException: Connection refused: /192.168.157.211:33759
	at sun.nio.ch.SocketChannelImpl.checkConnect(Native Method)
	at sun.nio.ch.SocketChannelImpl.finishConnect(SocketChannelImpl.java:717)
	at org.apache.ratis.thirdparty.io.netty.channel.socket.nio.NioSocketChannel.doFinishConnect(NioSocketChannel.java:327)
	at org.apache.ratis.thirdparty.io.netty.channel.nio.AbstractNioChannel$AbstractNioUnsafe.finishConnect(AbstractNioChannel.java:340)
	at org.apache.ratis.thirdparty.io.netty.channel.nio.NioEventLoop.processSelectedKey(NioEventLoop.java:632)
	at org.apache.ratis.thirdparty.io.netty.channel.nio.NioEventLoop.processSelectedKeysOptimized(NioEventLoop.java:579)
	at org.apache.ratis.thirdparty.io.netty.channel.nio.NioEventLoop.processSelectedKeys(NioEventLoop.java:496)
	at org.apache.ratis.thirdparty.io.netty.channel.nio.NioEventLoop.run(NioEventLoop.java:458)
	at org.apache.ratis.thirdparty.io.netty.util.concurrent.SingleThreadEventExecutor$5.run(SingleThreadEventExecutor.java:897)
	at org.apache.ratis.thirdparty.io.netty.util.concurrent.FastThreadLocalRunnable.run(FastThreadLocalRunnable.java:30)
	... 1 more
Caused by: java.net.ConnectException: Connection refused
	... 11 more
2019-10-17 07:09:58,499 [e9b52f21-01d5-44eb-a9cd-d907fd904ad1@group-E6EB69311C83-LeaderElection1245] INFO  impl.LeaderElection (LogUtils.java:infoOrTrace(149)) -   Exception 1: {}
java.util.concurrent.ExecutionException: org.apache.ratis.thirdparty.io.grpc.StatusRuntimeException: UNAVAILABLE: io exception
	at java.util.concurrent.FutureTask.report(FutureTask.java:122)
	at java.util.concurrent.FutureTask.get(FutureTask.java:192)
	at org.apache.ratis.server.impl.LeaderElection.waitForResults(LeaderElection.java:259)
	at org.apache.ratis.server.impl.LeaderElection.askForVotes(LeaderElection.java:197)
	at org.apache.ratis.server.impl.LeaderElection.run(LeaderElection.java:133)
	at java.lang.Thread.run(Thread.java:748)
Caused by: org.apache.ratis.thirdparty.io.grpc.StatusRuntimeException: UNAVAILABLE: io exception
	at org.apache.ratis.thirdparty.io.grpc.stub.ClientCalls.toStatusRuntimeException(ClientCalls.java:233)
	at org.apache.ratis.thirdparty.io.grpc.stub.ClientCalls.getUnchecked(ClientCalls.java:214)
	at org.apache.ratis.thirdparty.io.grpc.stub.ClientCalls.blockingUnaryCall(ClientCalls.java:139)
	at org.apache.ratis.proto.grpc.RaftServerProtocolServiceGrpc$RaftServerProtocolServiceBlockingStub.requestVote(RaftServerProtocolServiceGrpc.java:265)
	at org.apache.ratis.grpc.server.GrpcServerProtocolClient.requestVote(GrpcServerProtocolClient.java:99)
	at org.apache.ratis.grpc.server.GrpcService.requestVote(GrpcService.java:204)
	at org.apache.ratis.server.impl.LeaderElection.lambda$submitRequests$1(LeaderElection.java:234)
	at java.util.concurrent.FutureTask.run(FutureTask.java:266)
	at java.util.concurrent.Executors$RunnableAdapter.call(Executors.java:511)
	at java.util.concurrent.FutureTask.run(FutureTask.java:266)
	at java.util.concurrent.ThreadPoolExecutor.runWorker(ThreadPoolExecutor.java:1149)
	at java.util.concurrent.ThreadPoolExecutor$Worker.run(ThreadPoolExecutor.java:624)
	... 1 more
Caused by: org.apache.ratis.thirdparty.io.netty.channel.AbstractChannel$AnnotatedConnectException: Connection refused: /192.168.157.211:34191
	at sun.nio.ch.SocketChannelImpl.checkConnect(Native Method)
	at sun.nio.ch.SocketChannelImpl.finishConnect(SocketChannelImpl.java:717)
	at org.apache.ratis.thirdparty.io.netty.channel.socket.nio.NioSocketChannel.doFinishConnect(NioSocketChannel.java:327)
	at org.apache.ratis.thirdparty.io.netty.channel.nio.AbstractNioChannel$AbstractNioUnsafe.finishConnect(AbstractNioChannel.java:340)
	at org.apache.ratis.thirdparty.io.netty.channel.nio.NioEventLoop.processSelectedKey(NioEventLoop.java:632)
	at org.apache.ratis.thirdparty.io.netty.channel.nio.NioEventLoop.processSelectedKeysOptimized(NioEventLoop.java:579)
	at org.apache.ratis.thirdparty.io.netty.channel.nio.NioEventLoop.processSelectedKeys(NioEventLoop.java:496)
	at org.apache.ratis.thirdparty.io.netty.channel.nio.NioEventLoop.run(NioEventLoop.java:458)
	at org.apache.ratis.thirdparty.io.netty.util.concurrent.SingleThreadEventExecutor$5.run(SingleThreadEventExecutor.java:897)
	at org.apache.ratis.thirdparty.io.netty.util.concurrent.FastThreadLocalRunnable.run(FastThreadLocalRunnable.java:30)
	... 1 more
Caused by: java.net.ConnectException: Connection refused
	... 11 more
2019-10-17 07:09:58,499 [e9b52f21-01d5-44eb-a9cd-d907fd904ad1@group-E6EB69311C83-LeaderElection1245] INFO  impl.RaftServerImpl (RaftServerImpl.java:setRole(184)) - e9b52f21-01d5-44eb-a9cd-d907fd904ad1@group-E6EB69311C83: changes role from CANDIDATE to FOLLOWER at term 4 for DISCOVERED_A_NEW_TERM
2019-10-17 07:09:58,499 [e9b52f21-01d5-44eb-a9cd-d907fd904ad1@group-E6EB69311C83-LeaderElection1245] INFO  impl.RoleInfo (RoleInfo.java:shutdownLeaderElection(134)) - e9b52f21-01d5-44eb-a9cd-d907fd904ad1: shutdown LeaderElection
2019-10-17 07:09:58,499 [e9b52f21-01d5-44eb-a9cd-d907fd904ad1@group-E6EB69311C83-LeaderElection1245] INFO  impl.RoleInfo (RoleInfo.java:updateAndGet(143)) - e9b52f21-01d5-44eb-a9cd-d907fd904ad1: start FollowerState
2019-10-17 07:09:58,993 [java.util.concurrent.ThreadPoolExecutor$Worker@6af2bccb[State = -1, empty queue]] WARN  server.GrpcLogAppender (GrpcLogAppender.java:timeoutAppendRequest(209)) - a5219191-1681-4090-972d-a7550c5191e1@group-92C9EDB41AD5->c1b4af2d-3b05-4006-acca-753ed6d10b59-GrpcLogAppender: appendEntries Timeout, request=a5219191-1681-4090-972d-a7550c5191e1->c1b4af2d-3b05-4006-acca-753ed6d10b59#54-t2, previous=(t:2, i:0), leaderCommit=0, initializing? false, entries: <empty>
2019-10-17 07:09:59,493 [java.util.concurrent.ThreadPoolExecutor$Worker@6af2bccb[State = -1, empty queue]] WARN  server.GrpcLogAppender (GrpcLogAppender.java:timeoutAppendRequest(209)) - a5219191-1681-4090-972d-a7550c5191e1@group-92C9EDB41AD5->c1b4af2d-3b05-4006-acca-753ed6d10b59-GrpcLogAppender: appendEntries Timeout, request=a5219191-1681-4090-972d-a7550c5191e1->c1b4af2d-3b05-4006-acca-753ed6d10b59#55-t2, previous=(t:2, i:0), leaderCommit=0, initializing? false, entries: <empty>
2019-10-17 07:09:59,566 [Thread-10911] INFO  impl.FollowerState (FollowerState.java:run(108)) - 805254cc-2da6-48d8-a2f9-c1a3ceceab4a@group-2C0FEEE55AE1-FollowerState: change to CANDIDATE, lastRpcTime:1153ms, electionTimeout:1153ms
2019-10-17 07:09:59,566 [Thread-10911] INFO  impl.RoleInfo (RoleInfo.java:shutdownFollowerState(121)) - 805254cc-2da6-48d8-a2f9-c1a3ceceab4a: shutdown FollowerState
2019-10-17 07:09:59,566 [Thread-10911] INFO  impl.RaftServerImpl (RaftServerImpl.java:setRole(184)) - 805254cc-2da6-48d8-a2f9-c1a3ceceab4a@group-2C0FEEE55AE1: changes role from  FOLLOWER to CANDIDATE at term 177 for changeToCandidate
2019-10-17 07:09:59,566 [Thread-10911] INFO  impl.RoleInfo (RoleInfo.java:updateAndGet(143)) - 805254cc-2da6-48d8-a2f9-c1a3ceceab4a: start LeaderElection
2019-10-17 07:09:59,580 [805254cc-2da6-48d8-a2f9-c1a3ceceab4a@group-2C0FEEE55AE1-LeaderElection1246] INFO  impl.LeaderElection (LeaderElection.java:askForVotes(178)) - 805254cc-2da6-48d8-a2f9-c1a3ceceab4a@group-2C0FEEE55AE1-LeaderElection1246: begin an election at term 178 for 0: [f3ee4219-89bb-47f2-bbe0-5f784575b745:192.168.157.211:38722, 805254cc-2da6-48d8-a2f9-c1a3ceceab4a:192.168.157.211:35407, 696df33b-59a0-4145-913f-936aff0d1566:192.168.157.211:38803], old=null
2019-10-17 07:09:59,581 [805254cc-2da6-48d8-a2f9-c1a3ceceab4a@group-2C0FEEE55AE1-LeaderElection1246] INFO  impl.LeaderElection (LogUtils.java:infoOrTrace(149)) - 805254cc-2da6-48d8-a2f9-c1a3ceceab4a@group-2C0FEEE55AE1-LeaderElection1246 got exception when requesting votes: {}
java.util.concurrent.ExecutionException: org.apache.ratis.thirdparty.io.grpc.StatusRuntimeException: UNAVAILABLE: io exception
	at java.util.concurrent.FutureTask.report(FutureTask.java:122)
	at java.util.concurrent.FutureTask.get(FutureTask.java:192)
	at org.apache.ratis.server.impl.LeaderElection.waitForResults(LeaderElection.java:259)
	at org.apache.ratis.server.impl.LeaderElection.askForVotes(LeaderElection.java:197)
	at org.apache.ratis.server.impl.LeaderElection.run(LeaderElection.java:133)
	at java.lang.Thread.run(Thread.java:748)
Caused by: org.apache.ratis.thirdparty.io.grpc.StatusRuntimeException: UNAVAILABLE: io exception
	at org.apache.ratis.thirdparty.io.grpc.stub.ClientCalls.toStatusRuntimeException(ClientCalls.java:233)
	at org.apache.ratis.thirdparty.io.grpc.stub.ClientCalls.getUnchecked(ClientCalls.java:214)
	at org.apache.ratis.thirdparty.io.grpc.stub.ClientCalls.blockingUnaryCall(ClientCalls.java:139)
	at org.apache.ratis.proto.grpc.RaftServerProtocolServiceGrpc$RaftServerProtocolServiceBlockingStub.requestVote(RaftServerProtocolServiceGrpc.java:265)
	at org.apache.ratis.grpc.server.GrpcServerProtocolClient.requestVote(GrpcServerProtocolClient.java:99)
	at org.apache.ratis.grpc.server.GrpcService.requestVote(GrpcService.java:204)
	at org.apache.ratis.server.impl.LeaderElection.lambda$submitRequests$1(LeaderElection.java:234)
	at java.util.concurrent.FutureTask.run(FutureTask.java:266)
	at java.util.concurrent.Executors$RunnableAdapter.call(Executors.java:511)
	at java.util.concurrent.FutureTask.run(FutureTask.java:266)
	at java.util.concurrent.ThreadPoolExecutor.runWorker(ThreadPoolExecutor.java:1149)
	at java.util.concurrent.ThreadPoolExecutor$Worker.run(ThreadPoolExecutor.java:624)
	... 1 more
Caused by: org.apache.ratis.thirdparty.io.netty.channel.AbstractChannel$AnnotatedConnectException: Connection refused: /192.168.157.211:38722
	at sun.nio.ch.SocketChannelImpl.checkConnect(Native Method)
	at sun.nio.ch.SocketChannelImpl.finishConnect(SocketChannelImpl.java:717)
	at org.apache.ratis.thirdparty.io.netty.channel.socket.nio.NioSocketChannel.doFinishConnect(NioSocketChannel.java:327)
	at org.apache.ratis.thirdparty.io.netty.channel.nio.AbstractNioChannel$AbstractNioUnsafe.finishConnect(AbstractNioChannel.java:340)
	at org.apache.ratis.thirdparty.io.netty.channel.nio.NioEventLoop.processSelectedKey(NioEventLoop.java:632)
	at org.apache.ratis.thirdparty.io.netty.channel.nio.NioEventLoop.processSelectedKeysOptimized(NioEventLoop.java:579)
	at org.apache.ratis.thirdparty.io.netty.channel.nio.NioEventLoop.processSelectedKeys(NioEventLoop.java:496)
	at org.apache.ratis.thirdparty.io.netty.channel.nio.NioEventLoop.run(NioEventLoop.java:458)
	at org.apache.ratis.thirdparty.io.netty.util.concurrent.SingleThreadEventExecutor$5.run(SingleThreadEventExecutor.java:897)
	at org.apache.ratis.thirdparty.io.netty.util.concurrent.FastThreadLocalRunnable.run(FastThreadLocalRunnable.java:30)
	... 1 more
Caused by: java.net.ConnectException: Connection refused
	... 11 more
2019-10-17 07:09:59,581 [805254cc-2da6-48d8-a2f9-c1a3ceceab4a@group-2C0FEEE55AE1-LeaderElection1246] INFO  impl.LeaderElection (LogUtils.java:infoOrTrace(149)) - 805254cc-2da6-48d8-a2f9-c1a3ceceab4a@group-2C0FEEE55AE1-LeaderElection1246 got exception when requesting votes: {}
java.util.concurrent.ExecutionException: org.apache.ratis.thirdparty.io.grpc.StatusRuntimeException: UNAVAILABLE: io exception
	at java.util.concurrent.FutureTask.report(FutureTask.java:122)
	at java.util.concurrent.FutureTask.get(FutureTask.java:192)
	at org.apache.ratis.server.impl.LeaderElection.waitForResults(LeaderElection.java:259)
	at org.apache.ratis.server.impl.LeaderElection.askForVotes(LeaderElection.java:197)
	at org.apache.ratis.server.impl.LeaderElection.run(LeaderElection.java:133)
	at java.lang.Thread.run(Thread.java:748)
Caused by: org.apache.ratis.thirdparty.io.grpc.StatusRuntimeException: UNAVAILABLE: io exception
	at org.apache.ratis.thirdparty.io.grpc.stub.ClientCalls.toStatusRuntimeException(ClientCalls.java:233)
	at org.apache.ratis.thirdparty.io.grpc.stub.ClientCalls.getUnchecked(ClientCalls.java:214)
	at org.apache.ratis.thirdparty.io.grpc.stub.ClientCalls.blockingUnaryCall(ClientCalls.java:139)
	at org.apache.ratis.proto.grpc.RaftServerProtocolServiceGrpc$RaftServerProtocolServiceBlockingStub.requestVote(RaftServerProtocolServiceGrpc.java:265)
	at org.apache.ratis.grpc.server.GrpcServerProtocolClient.requestVote(GrpcServerProtocolClient.java:99)
	at org.apache.ratis.grpc.server.GrpcService.requestVote(GrpcService.java:204)
	at org.apache.ratis.server.impl.LeaderElection.lambda$submitRequests$1(LeaderElection.java:234)
	at java.util.concurrent.FutureTask.run(FutureTask.java:266)
	at java.util.concurrent.Executors$RunnableAdapter.call(Executors.java:511)
	at java.util.concurrent.FutureTask.run(FutureTask.java:266)
	at java.util.concurrent.ThreadPoolExecutor.runWorker(ThreadPoolExecutor.java:1149)
	at java.util.concurrent.ThreadPoolExecutor$Worker.run(ThreadPoolExecutor.java:624)
	... 1 more
Caused by: org.apache.ratis.thirdparty.io.netty.channel.AbstractChannel$AnnotatedConnectException: Connection refused: /192.168.157.211:38803
	at sun.nio.ch.SocketChannelImpl.checkConnect(Native Method)
	at sun.nio.ch.SocketChannelImpl.finishConnect(SocketChannelImpl.java:717)
	at org.apache.ratis.thirdparty.io.netty.channel.socket.nio.NioSocketChannel.doFinishConnect(NioSocketChannel.java:327)
	at org.apache.ratis.thirdparty.io.netty.channel.nio.AbstractNioChannel$AbstractNioUnsafe.finishConnect(AbstractNioChannel.java:340)
	at org.apache.ratis.thirdparty.io.netty.channel.nio.NioEventLoop.processSelectedKey(NioEventLoop.java:632)
	at org.apache.ratis.thirdparty.io.netty.channel.nio.NioEventLoop.processSelectedKeysOptimized(NioEventLoop.java:579)
	at org.apache.ratis.thirdparty.io.netty.channel.nio.NioEventLoop.processSelectedKeys(NioEventLoop.java:496)
	at org.apache.ratis.thirdparty.io.netty.channel.nio.NioEventLoop.run(NioEventLoop.java:458)
	at org.apache.ratis.thirdparty.io.netty.util.concurrent.SingleThreadEventExecutor$5.run(SingleThreadEventExecutor.java:897)
	at org.apache.ratis.thirdparty.io.netty.util.concurrent.FastThreadLocalRunnable.run(FastThreadLocalRunnable.java:30)
	... 1 more
Caused by: java.net.ConnectException: Connection refused
	... 11 more
2019-10-17 07:09:59,582 [805254cc-2da6-48d8-a2f9-c1a3ceceab4a@group-2C0FEEE55AE1-LeaderElection1246] INFO  impl.LeaderElection (LeaderElection.java:logAndReturn(56)) - 805254cc-2da6-48d8-a2f9-c1a3ceceab4a@group-2C0FEEE55AE1-LeaderElection1246: Election REJECTED; received 0 response(s) [] and 2 exception(s); 805254cc-2da6-48d8-a2f9-c1a3ceceab4a@group-2C0FEEE55AE1:t178, leader=null, voted=805254cc-2da6-48d8-a2f9-c1a3ceceab4a, raftlog=805254cc-2da6-48d8-a2f9-c1a3ceceab4a@group-2C0FEEE55AE1-SegmentedRaftLog:OPENED:c-1,f0,i0, conf=0: [f3ee4219-89bb-47f2-bbe0-5f784575b745:192.168.157.211:38722, 805254cc-2da6-48d8-a2f9-c1a3ceceab4a:192.168.157.211:35407, 696df33b-59a0-4145-913f-936aff0d1566:192.168.157.211:38803], old=null
2019-10-17 07:09:59,582 [805254cc-2da6-48d8-a2f9-c1a3ceceab4a@group-2C0FEEE55AE1-LeaderElection1246] INFO  impl.LeaderElection (LogUtils.java:infoOrTrace(149)) -   Exception 0: {}
java.util.concurrent.ExecutionException: org.apache.ratis.thirdparty.io.grpc.StatusRuntimeException: UNAVAILABLE: io exception
	at java.util.concurrent.FutureTask.report(FutureTask.java:122)
	at java.util.concurrent.FutureTask.get(FutureTask.java:192)
	at org.apache.ratis.server.impl.LeaderElection.waitForResults(LeaderElection.java:259)
	at org.apache.ratis.server.impl.LeaderElection.askForVotes(LeaderElection.java:197)
	at org.apache.ratis.server.impl.LeaderElection.run(LeaderElection.java:133)
	at java.lang.Thread.run(Thread.java:748)
Caused by: org.apache.ratis.thirdparty.io.grpc.StatusRuntimeException: UNAVAILABLE: io exception
	at org.apache.ratis.thirdparty.io.grpc.stub.ClientCalls.toStatusRuntimeException(ClientCalls.java:233)
	at org.apache.ratis.thirdparty.io.grpc.stub.ClientCalls.getUnchecked(ClientCalls.java:214)
	at org.apache.ratis.thirdparty.io.grpc.stub.ClientCalls.blockingUnaryCall(ClientCalls.java:139)
	at org.apache.ratis.proto.grpc.RaftServerProtocolServiceGrpc$RaftServerProtocolServiceBlockingStub.requestVote(RaftServerProtocolServiceGrpc.java:265)
	at org.apache.ratis.grpc.server.GrpcServerProtocolClient.requestVote(GrpcServerProtocolClient.java:99)
	at org.apache.ratis.grpc.server.GrpcService.requestVote(GrpcService.java:204)
	at org.apache.ratis.server.impl.LeaderElection.lambda$submitRequests$1(LeaderElection.java:234)
	at java.util.concurrent.FutureTask.run(FutureTask.java:266)
	at java.util.concurrent.Executors$RunnableAdapter.call(Executors.java:511)
	at java.util.concurrent.FutureTask.run(FutureTask.java:266)
	at java.util.concurrent.ThreadPoolExecutor.runWorker(ThreadPoolExecutor.java:1149)
	at java.util.concurrent.ThreadPoolExecutor$Worker.run(ThreadPoolExecutor.java:624)
	... 1 more
Caused by: org.apache.ratis.thirdparty.io.netty.channel.AbstractChannel$AnnotatedConnectException: Connection refused: /192.168.157.211:38722
	at sun.nio.ch.SocketChannelImpl.checkConnect(Native Method)
	at sun.nio.ch.SocketChannelImpl.finishConnect(SocketChannelImpl.java:717)
	at org.apache.ratis.thirdparty.io.netty.channel.socket.nio.NioSocketChannel.doFinishConnect(NioSocketChannel.java:327)
	at org.apache.ratis.thirdparty.io.netty.channel.nio.AbstractNioChannel$AbstractNioUnsafe.finishConnect(AbstractNioChannel.java:340)
	at org.apache.ratis.thirdparty.io.netty.channel.nio.NioEventLoop.processSelectedKey(NioEventLoop.java:632)
	at org.apache.ratis.thirdparty.io.netty.channel.nio.NioEventLoop.processSelectedKeysOptimized(NioEventLoop.java:579)
	at org.apache.ratis.thirdparty.io.netty.channel.nio.NioEventLoop.processSelectedKeys(NioEventLoop.java:496)
	at org.apache.ratis.thirdparty.io.netty.channel.nio.NioEventLoop.run(NioEventLoop.java:458)
	at org.apache.ratis.thirdparty.io.netty.util.concurrent.SingleThreadEventExecutor$5.run(SingleThreadEventExecutor.java:897)
	at org.apache.ratis.thirdparty.io.netty.util.concurrent.FastThreadLocalRunnable.run(FastThreadLocalRunnable.java:30)
	... 1 more
Caused by: java.net.ConnectException: Connection refused
	... 11 more
2019-10-17 07:09:59,582 [805254cc-2da6-48d8-a2f9-c1a3ceceab4a@group-2C0FEEE55AE1-LeaderElection1246] INFO  impl.LeaderElection (LogUtils.java:infoOrTrace(149)) -   Exception 1: {}
java.util.concurrent.ExecutionException: org.apache.ratis.thirdparty.io.grpc.StatusRuntimeException: UNAVAILABLE: io exception
	at java.util.concurrent.FutureTask.report(FutureTask.java:122)
	at java.util.concurrent.FutureTask.get(FutureTask.java:192)
	at org.apache.ratis.server.impl.LeaderElection.waitForResults(LeaderElection.java:259)
	at org.apache.ratis.server.impl.LeaderElection.askForVotes(LeaderElection.java:197)
	at org.apache.ratis.server.impl.LeaderElection.run(LeaderElection.java:133)
	at java.lang.Thread.run(Thread.java:748)
Caused by: org.apache.ratis.thirdparty.io.grpc.StatusRuntimeException: UNAVAILABLE: io exception
	at org.apache.ratis.thirdparty.io.grpc.stub.ClientCalls.toStatusRuntimeException(ClientCalls.java:233)
	at org.apache.ratis.thirdparty.io.grpc.stub.ClientCalls.getUnchecked(ClientCalls.java:214)
	at org.apache.ratis.thirdparty.io.grpc.stub.ClientCalls.blockingUnaryCall(ClientCalls.java:139)
	at org.apache.ratis.proto.grpc.RaftServerProtocolServiceGrpc$RaftServerProtocolServiceBlockingStub.requestVote(RaftServerProtocolServiceGrpc.java:265)
	at org.apache.ratis.grpc.server.GrpcServerProtocolClient.requestVote(GrpcServerProtocolClient.java:99)
	at org.apache.ratis.grpc.server.GrpcService.requestVote(GrpcService.java:204)
	at org.apache.ratis.server.impl.LeaderElection.lambda$submitRequests$1(LeaderElection.java:234)
	at java.util.concurrent.FutureTask.run(FutureTask.java:266)
	at java.util.concurrent.Executors$RunnableAdapter.call(Executors.java:511)
	at java.util.concurrent.FutureTask.run(FutureTask.java:266)
	at java.util.concurrent.ThreadPoolExecutor.runWorker(ThreadPoolExecutor.java:1149)
	at java.util.concurrent.ThreadPoolExecutor$Worker.run(ThreadPoolExecutor.java:624)
	... 1 more
Caused by: org.apache.ratis.thirdparty.io.netty.channel.AbstractChannel$AnnotatedConnectException: Connection refused: /192.168.157.211:38803
	at sun.nio.ch.SocketChannelImpl.checkConnect(Native Method)
	at sun.nio.ch.SocketChannelImpl.finishConnect(SocketChannelImpl.java:717)
	at org.apache.ratis.thirdparty.io.netty.channel.socket.nio.NioSocketChannel.doFinishConnect(NioSocketChannel.java:327)
	at org.apache.ratis.thirdparty.io.netty.channel.nio.AbstractNioChannel$AbstractNioUnsafe.finishConnect(AbstractNioChannel.java:340)
	at org.apache.ratis.thirdparty.io.netty.channel.nio.NioEventLoop.processSelectedKey(NioEventLoop.java:632)
	at org.apache.ratis.thirdparty.io.netty.channel.nio.NioEventLoop.processSelectedKeysOptimized(NioEventLoop.java:579)
	at org.apache.ratis.thirdparty.io.netty.channel.nio.NioEventLoop.processSelectedKeys(NioEventLoop.java:496)
	at org.apache.ratis.thirdparty.io.netty.channel.nio.NioEventLoop.run(NioEventLoop.java:458)
	at org.apache.ratis.thirdparty.io.netty.util.concurrent.SingleThreadEventExecutor$5.run(SingleThreadEventExecutor.java:897)
	at org.apache.ratis.thirdparty.io.netty.util.concurrent.FastThreadLocalRunnable.run(FastThreadLocalRunnable.java:30)
	... 1 more
Caused by: java.net.ConnectException: Connection refused
	... 11 more
2019-10-17 07:09:59,583 [805254cc-2da6-48d8-a2f9-c1a3ceceab4a@group-2C0FEEE55AE1-LeaderElection1246] INFO  impl.RaftServerImpl (RaftServerImpl.java:setRole(184)) - 805254cc-2da6-48d8-a2f9-c1a3ceceab4a@group-2C0FEEE55AE1: changes role from CANDIDATE to FOLLOWER at term 178 for DISCOVERED_A_NEW_TERM
2019-10-17 07:09:59,583 [805254cc-2da6-48d8-a2f9-c1a3ceceab4a@group-2C0FEEE55AE1-LeaderElection1246] INFO  impl.RoleInfo (RoleInfo.java:shutdownLeaderElection(134)) - 805254cc-2da6-48d8-a2f9-c1a3ceceab4a: shutdown LeaderElection
2019-10-17 07:09:59,583 [805254cc-2da6-48d8-a2f9-c1a3ceceab4a@group-2C0FEEE55AE1-LeaderElection1246] INFO  impl.RoleInfo (RoleInfo.java:updateAndGet(143)) - 805254cc-2da6-48d8-a2f9-c1a3ceceab4a: start FollowerState
2019-10-17 07:09:59,683 [Thread-10915] INFO  impl.FollowerState (FollowerState.java:run(108)) - e9b52f21-01d5-44eb-a9cd-d907fd904ad1@group-E6EB69311C83-FollowerState: change to CANDIDATE, lastRpcTime:1183ms, electionTimeout:1183ms
2019-10-17 07:09:59,683 [Thread-10915] INFO  impl.RoleInfo (RoleInfo.java:shutdownFollowerState(121)) - e9b52f21-01d5-44eb-a9cd-d907fd904ad1: shutdown FollowerState
2019-10-17 07:09:59,683 [Thread-10915] INFO  impl.RaftServerImpl (RaftServerImpl.java:setRole(184)) - e9b52f21-01d5-44eb-a9cd-d907fd904ad1@group-E6EB69311C83: changes role from  FOLLOWER to CANDIDATE at term 4 for changeToCandidate
2019-10-17 07:09:59,683 [Thread-10915] INFO  impl.RoleInfo (RoleInfo.java:updateAndGet(143)) - e9b52f21-01d5-44eb-a9cd-d907fd904ad1: start LeaderElection
2019-10-17 07:09:59,696 [e9b52f21-01d5-44eb-a9cd-d907fd904ad1@group-E6EB69311C83-LeaderElection1247] INFO  impl.LeaderElection (LeaderElection.java:askForVotes(178)) - e9b52f21-01d5-44eb-a9cd-d907fd904ad1@group-E6EB69311C83-LeaderElection1247: begin an election at term 5 for 0: [5f7ef38b-a645-4f95-94e6-bd075ea30748:192.168.157.211:33759, e9b52f21-01d5-44eb-a9cd-d907fd904ad1:192.168.157.211:45108, 0acdc124-2757-4c91-93b1-ab1a2908776d:192.168.157.211:34191], old=null
2019-10-17 07:09:59,697 [e9b52f21-01d5-44eb-a9cd-d907fd904ad1@group-E6EB69311C83-LeaderElection1247] INFO  impl.LeaderElection (LogUtils.java:infoOrTrace(149)) - e9b52f21-01d5-44eb-a9cd-d907fd904ad1@group-E6EB69311C83-LeaderElection1247 got exception when requesting votes: {}
java.util.concurrent.ExecutionException: org.apache.ratis.thirdparty.io.grpc.StatusRuntimeException: UNAVAILABLE: io exception
	at java.util.concurrent.FutureTask.report(FutureTask.java:122)
	at java.util.concurrent.FutureTask.get(FutureTask.java:192)
	at org.apache.ratis.server.impl.LeaderElection.waitForResults(LeaderElection.java:259)
	at org.apache.ratis.server.impl.LeaderElection.askForVotes(LeaderElection.java:197)
	at org.apache.ratis.server.impl.LeaderElection.run(LeaderElection.java:133)
	at java.lang.Thread.run(Thread.java:748)
Caused by: org.apache.ratis.thirdparty.io.grpc.StatusRuntimeException: UNAVAILABLE: io exception
	at org.apache.ratis.thirdparty.io.grpc.stub.ClientCalls.toStatusRuntimeException(ClientCalls.java:233)
	at org.apache.ratis.thirdparty.io.grpc.stub.ClientCalls.getUnchecked(ClientCalls.java:214)
	at org.apache.ratis.thirdparty.io.grpc.stub.ClientCalls.blockingUnaryCall(ClientCalls.java:139)
	at org.apache.ratis.proto.grpc.RaftServerProtocolServiceGrpc$RaftServerProtocolServiceBlockingStub.requestVote(RaftServerProtocolServiceGrpc.java:265)
	at org.apache.ratis.grpc.server.GrpcServerProtocolClient.requestVote(GrpcServerProtocolClient.java:99)
	at org.apache.ratis.grpc.server.GrpcService.requestVote(GrpcService.java:204)
	at org.apache.ratis.server.impl.LeaderElection.lambda$submitRequests$1(LeaderElection.java:234)
	at java.util.concurrent.FutureTask.run(FutureTask.java:266)
	at java.util.concurrent.Executors$RunnableAdapter.call(Executors.java:511)
	at java.util.concurrent.FutureTask.run(FutureTask.java:266)
	at java.util.concurrent.ThreadPoolExecutor.runWorker(ThreadPoolExecutor.java:1149)
	at java.util.concurrent.ThreadPoolExecutor$Worker.run(ThreadPoolExecutor.java:624)
	... 1 more
Caused by: org.apache.ratis.thirdparty.io.netty.channel.AbstractChannel$AnnotatedConnectException: Connection refused: /192.168.157.211:33759
	at sun.nio.ch.SocketChannelImpl.checkConnect(Native Method)
	at sun.nio.ch.SocketChannelImpl.finishConnect(SocketChannelImpl.java:717)
	at org.apache.ratis.thirdparty.io.netty.channel.socket.nio.NioSocketChannel.doFinishConnect(NioSocketChannel.java:327)
	at org.apache.ratis.thirdparty.io.netty.channel.nio.AbstractNioChannel$AbstractNioUnsafe.finishConnect(AbstractNioChannel.java:340)
	at org.apache.ratis.thirdparty.io.netty.channel.nio.NioEventLoop.processSelectedKey(NioEventLoop.java:632)
	at org.apache.ratis.thirdparty.io.netty.channel.nio.NioEventLoop.processSelectedKeysOptimized(NioEventLoop.java:579)
	at org.apache.ratis.thirdparty.io.netty.channel.nio.NioEventLoop.processSelectedKeys(NioEventLoop.java:496)
	at org.apache.ratis.thirdparty.io.netty.channel.nio.NioEventLoop.run(NioEventLoop.java:458)
	at org.apache.ratis.thirdparty.io.netty.util.concurrent.SingleThreadEventExecutor$5.run(SingleThreadEventExecutor.java:897)
	at org.apache.ratis.thirdparty.io.netty.util.concurrent.FastThreadLocalRunnable.run(FastThreadLocalRunnable.java:30)
	... 1 more
Caused by: java.net.ConnectException: Connection refused
	... 11 more
2019-10-17 07:09:59,697 [e9b52f21-01d5-44eb-a9cd-d907fd904ad1@group-E6EB69311C83-LeaderElection1247] INFO  impl.LeaderElection (LogUtils.java:infoOrTrace(149)) - e9b52f21-01d5-44eb-a9cd-d907fd904ad1@group-E6EB69311C83-LeaderElection1247 got exception when requesting votes: {}
java.util.concurrent.ExecutionException: org.apache.ratis.thirdparty.io.grpc.StatusRuntimeException: UNAVAILABLE: io exception
	at java.util.concurrent.FutureTask.report(FutureTask.java:122)
	at java.util.concurrent.FutureTask.get(FutureTask.java:192)
	at org.apache.ratis.server.impl.LeaderElection.waitForResults(LeaderElection.java:259)
	at org.apache.ratis.server.impl.LeaderElection.askForVotes(LeaderElection.java:197)
	at org.apache.ratis.server.impl.LeaderElection.run(LeaderElection.java:133)
	at java.lang.Thread.run(Thread.java:748)
Caused by: org.apache.ratis.thirdparty.io.grpc.StatusRuntimeException: UNAVAILABLE: io exception
	at org.apache.ratis.thirdparty.io.grpc.stub.ClientCalls.toStatusRuntimeException(ClientCalls.java:233)
	at org.apache.ratis.thirdparty.io.grpc.stub.ClientCalls.getUnchecked(ClientCalls.java:214)
	at org.apache.ratis.thirdparty.io.grpc.stub.ClientCalls.blockingUnaryCall(ClientCalls.java:139)
	at org.apache.ratis.proto.grpc.RaftServerProtocolServiceGrpc$RaftServerProtocolServiceBlockingStub.requestVote(RaftServerProtocolServiceGrpc.java:265)
	at org.apache.ratis.grpc.server.GrpcServerProtocolClient.requestVote(GrpcServerProtocolClient.java:99)
	at org.apache.ratis.grpc.server.GrpcService.requestVote(GrpcService.java:204)
	at org.apache.ratis.server.impl.LeaderElection.lambda$submitRequests$1(LeaderElection.java:234)
	at java.util.concurrent.FutureTask.run(FutureTask.java:266)
	at java.util.concurrent.Executors$RunnableAdapter.call(Executors.java:511)
	at java.util.concurrent.FutureTask.run(FutureTask.java:266)
	at java.util.concurrent.ThreadPoolExecutor.runWorker(ThreadPoolExecutor.java:1149)
	at java.util.concurrent.ThreadPoolExecutor$Worker.run(ThreadPoolExecutor.java:624)
	... 1 more
Caused by: org.apache.ratis.thirdparty.io.netty.channel.AbstractChannel$AnnotatedConnectException: Connection refused: /192.168.157.211:34191
	at sun.nio.ch.SocketChannelImpl.checkConnect(Native Method)
	at sun.nio.ch.SocketChannelImpl.finishConnect(SocketChannelImpl.java:717)
	at org.apache.ratis.thirdparty.io.netty.channel.socket.nio.NioSocketChannel.doFinishConnect(NioSocketChannel.java:327)
	at org.apache.ratis.thirdparty.io.netty.channel.nio.AbstractNioChannel$AbstractNioUnsafe.finishConnect(AbstractNioChannel.java:340)
	at org.apache.ratis.thirdparty.io.netty.channel.nio.NioEventLoop.processSelectedKey(NioEventLoop.java:632)
	at org.apache.ratis.thirdparty.io.netty.channel.nio.NioEventLoop.processSelectedKeysOptimized(NioEventLoop.java:579)
	at org.apache.ratis.thirdparty.io.netty.channel.nio.NioEventLoop.processSelectedKeys(NioEventLoop.java:496)
	at org.apache.ratis.thirdparty.io.netty.channel.nio.NioEventLoop.run(NioEventLoop.java:458)
	at org.apache.ratis.thirdparty.io.netty.util.concurrent.SingleThreadEventExecutor$5.run(SingleThreadEventExecutor.java:897)
	at org.apache.ratis.thirdparty.io.netty.util.concurrent.FastThreadLocalRunnable.run(FastThreadLocalRunnable.java:30)
	... 1 more
Caused by: java.net.ConnectException: Connection refused
	... 11 more
2019-10-17 07:09:59,698 [e9b52f21-01d5-44eb-a9cd-d907fd904ad1@group-E6EB69311C83-LeaderElection1247] INFO  impl.LeaderElection (LeaderElection.java:logAndReturn(56)) - e9b52f21-01d5-44eb-a9cd-d907fd904ad1@group-E6EB69311C83-LeaderElection1247: Election REJECTED; received 0 response(s) [] and 2 exception(s); e9b52f21-01d5-44eb-a9cd-d907fd904ad1@group-E6EB69311C83:t5, leader=null, voted=e9b52f21-01d5-44eb-a9cd-d907fd904ad1, raftlog=e9b52f21-01d5-44eb-a9cd-d907fd904ad1@group-E6EB69311C83-SegmentedRaftLog:OPENED:c12,f12,i12, conf=0: [5f7ef38b-a645-4f95-94e6-bd075ea30748:192.168.157.211:33759, e9b52f21-01d5-44eb-a9cd-d907fd904ad1:192.168.157.211:45108, 0acdc124-2757-4c91-93b1-ab1a2908776d:192.168.157.211:34191], old=null
2019-10-17 07:09:59,698 [e9b52f21-01d5-44eb-a9cd-d907fd904ad1@group-E6EB69311C83-LeaderElection1247] INFO  impl.LeaderElection (LogUtils.java:infoOrTrace(149)) -   Exception 0: {}
java.util.concurrent.ExecutionException: org.apache.ratis.thirdparty.io.grpc.StatusRuntimeException: UNAVAILABLE: io exception
	at java.util.concurrent.FutureTask.report(FutureTask.java:122)
	at java.util.concurrent.FutureTask.get(FutureTask.java:192)
	at org.apache.ratis.server.impl.LeaderElection.waitForResults(LeaderElection.java:259)
	at org.apache.ratis.server.impl.LeaderElection.askForVotes(LeaderElection.java:197)
	at org.apache.ratis.server.impl.LeaderElection.run(LeaderElection.java:133)
	at java.lang.Thread.run(Thread.java:748)
Caused by: org.apache.ratis.thirdparty.io.grpc.StatusRuntimeException: UNAVAILABLE: io exception
	at org.apache.ratis.thirdparty.io.grpc.stub.ClientCalls.toStatusRuntimeException(ClientCalls.java:233)
	at org.apache.ratis.thirdparty.io.grpc.stub.ClientCalls.getUnchecked(ClientCalls.java:214)
	at org.apache.ratis.thirdparty.io.grpc.stub.ClientCalls.blockingUnaryCall(ClientCalls.java:139)
	at org.apache.ratis.proto.grpc.RaftServerProtocolServiceGrpc$RaftServerProtocolServiceBlockingStub.requestVote(RaftServerProtocolServiceGrpc.java:265)
	at org.apache.ratis.grpc.server.GrpcServerProtocolClient.requestVote(GrpcServerProtocolClient.java:99)
	at org.apache.ratis.grpc.server.GrpcService.requestVote(GrpcService.java:204)
	at org.apache.ratis.server.impl.LeaderElection.lambda$submitRequests$1(LeaderElection.java:234)
	at java.util.concurrent.FutureTask.run(FutureTask.java:266)
	at java.util.concurrent.Executors$RunnableAdapter.call(Executors.java:511)
	at java.util.concurrent.FutureTask.run(FutureTask.java:266)
	at java.util.concurrent.ThreadPoolExecutor.runWorker(ThreadPoolExecutor.java:1149)
	at java.util.concurrent.ThreadPoolExecutor$Worker.run(ThreadPoolExecutor.java:624)
	... 1 more
Caused by: org.apache.ratis.thirdparty.io.netty.channel.AbstractChannel$AnnotatedConnectException: Connection refused: /192.168.157.211:33759
	at sun.nio.ch.SocketChannelImpl.checkConnect(Native Method)
	at sun.nio.ch.SocketChannelImpl.finishConnect(SocketChannelImpl.java:717)
	at org.apache.ratis.thirdparty.io.netty.channel.socket.nio.NioSocketChannel.doFinishConnect(NioSocketChannel.java:327)
	at org.apache.ratis.thirdparty.io.netty.channel.nio.AbstractNioChannel$AbstractNioUnsafe.finishConnect(AbstractNioChannel.java:340)
	at org.apache.ratis.thirdparty.io.netty.channel.nio.NioEventLoop.processSelectedKey(NioEventLoop.java:632)
	at org.apache.ratis.thirdparty.io.netty.channel.nio.NioEventLoop.processSelectedKeysOptimized(NioEventLoop.java:579)
	at org.apache.ratis.thirdparty.io.netty.channel.nio.NioEventLoop.processSelectedKeys(NioEventLoop.java:496)
	at org.apache.ratis.thirdparty.io.netty.channel.nio.NioEventLoop.run(NioEventLoop.java:458)
	at org.apache.ratis.thirdparty.io.netty.util.concurrent.SingleThreadEventExecutor$5.run(SingleThreadEventExecutor.java:897)
	at org.apache.ratis.thirdparty.io.netty.util.concurrent.FastThreadLocalRunnable.run(FastThreadLocalRunnable.java:30)
	... 1 more
Caused by: java.net.ConnectException: Connection refused
	... 11 more
2019-10-17 07:09:59,698 [e9b52f21-01d5-44eb-a9cd-d907fd904ad1@group-E6EB69311C83-LeaderElection1247] INFO  impl.LeaderElection (LogUtils.java:infoOrTrace(149)) -   Exception 1: {}
java.util.concurrent.ExecutionException: org.apache.ratis.thirdparty.io.grpc.StatusRuntimeException: UNAVAILABLE: io exception
	at java.util.concurrent.FutureTask.report(FutureTask.java:122)
	at java.util.concurrent.FutureTask.get(FutureTask.java:192)
	at org.apache.ratis.server.impl.LeaderElection.waitForResults(LeaderElection.java:259)
	at org.apache.ratis.server.impl.LeaderElection.askForVotes(LeaderElection.java:197)
	at org.apache.ratis.server.impl.LeaderElection.run(LeaderElection.java:133)
	at java.lang.Thread.run(Thread.java:748)
Caused by: org.apache.ratis.thirdparty.io.grpc.StatusRuntimeException: UNAVAILABLE: io exception
	at org.apache.ratis.thirdparty.io.grpc.stub.ClientCalls.toStatusRuntimeException(ClientCalls.java:233)
	at org.apache.ratis.thirdparty.io.grpc.stub.ClientCalls.getUnchecked(ClientCalls.java:214)
	at org.apache.ratis.thirdparty.io.grpc.stub.ClientCalls.blockingUnaryCall(ClientCalls.java:139)
	at org.apache.ratis.proto.grpc.RaftServerProtocolServiceGrpc$RaftServerProtocolServiceBlockingStub.requestVote(RaftServerProtocolServiceGrpc.java:265)
	at org.apache.ratis.grpc.server.GrpcServerProtocolClient.requestVote(GrpcServerProtocolClient.java:99)
	at org.apache.ratis.grpc.server.GrpcService.requestVote(GrpcService.java:204)
	at org.apache.ratis.server.impl.LeaderElection.lambda$submitRequests$1(LeaderElection.java:234)
	at java.util.concurrent.FutureTask.run(FutureTask.java:266)
	at java.util.concurrent.Executors$RunnableAdapter.call(Executors.java:511)
	at java.util.concurrent.FutureTask.run(FutureTask.java:266)
	at java.util.concurrent.ThreadPoolExecutor.runWorker(ThreadPoolExecutor.java:1149)
	at java.util.concurrent.ThreadPoolExecutor$Worker.run(ThreadPoolExecutor.java:624)
	... 1 more
Caused by: org.apache.ratis.thirdparty.io.netty.channel.AbstractChannel$AnnotatedConnectException: Connection refused: /192.168.157.211:34191
	at sun.nio.ch.SocketChannelImpl.checkConnect(Native Method)
	at sun.nio.ch.SocketChannelImpl.finishConnect(SocketChannelImpl.java:717)
	at org.apache.ratis.thirdparty.io.netty.channel.socket.nio.NioSocketChannel.doFinishConnect(NioSocketChannel.java:327)
	at org.apache.ratis.thirdparty.io.netty.channel.nio.AbstractNioChannel$AbstractNioUnsafe.finishConnect(AbstractNioChannel.java:340)
	at org.apache.ratis.thirdparty.io.netty.channel.nio.NioEventLoop.processSelectedKey(NioEventLoop.java:632)
	at org.apache.ratis.thirdparty.io.netty.channel.nio.NioEventLoop.processSelectedKeysOptimized(NioEventLoop.java:579)
	at org.apache.ratis.thirdparty.io.netty.channel.nio.NioEventLoop.processSelectedKeys(NioEventLoop.java:496)
	at org.apache.ratis.thirdparty.io.netty.channel.nio.NioEventLoop.run(NioEventLoop.java:458)
	at org.apache.ratis.thirdparty.io.netty.util.concurrent.SingleThreadEventExecutor$5.run(SingleThreadEventExecutor.java:897)
	at org.apache.ratis.thirdparty.io.netty.util.concurrent.FastThreadLocalRunnable.run(FastThreadLocalRunnable.java:30)
	... 1 more
Caused by: java.net.ConnectException: Connection refused
	... 11 more
2019-10-17 07:09:59,698 [e9b52f21-01d5-44eb-a9cd-d907fd904ad1@group-E6EB69311C83-LeaderElection1247] INFO  impl.RaftServerImpl (RaftServerImpl.java:setRole(184)) - e9b52f21-01d5-44eb-a9cd-d907fd904ad1@group-E6EB69311C83: changes role from CANDIDATE to FOLLOWER at term 5 for DISCOVERED_A_NEW_TERM
2019-10-17 07:09:59,698 [e9b52f21-01d5-44eb-a9cd-d907fd904ad1@group-E6EB69311C83-LeaderElection1247] INFO  impl.RoleInfo (RoleInfo.java:shutdownLeaderElection(134)) - e9b52f21-01d5-44eb-a9cd-d907fd904ad1: shutdown LeaderElection
2019-10-17 07:09:59,698 [e9b52f21-01d5-44eb-a9cd-d907fd904ad1@group-E6EB69311C83-LeaderElection1247] INFO  impl.RoleInfo (RoleInfo.java:updateAndGet(143)) - e9b52f21-01d5-44eb-a9cd-d907fd904ad1: start FollowerState
2019-10-17 07:09:59,785 [main] INFO  ozoneimpl.OzoneContainer (OzoneContainer.java:stop(227)) - Attempting to stop container services.
2019-10-17 07:09:59,786 [main] INFO  impl.RaftServerProxy (RaftServerProxy.java:lambda$close$4(314)) - c8a9c3c2-a9d1-4984-920c-603cda31e4c5: close
2019-10-17 07:09:59,787 [main] INFO  impl.RaftServerImpl (RaftServerImpl.java:lambda$shutdown$3(261)) - c8a9c3c2-a9d1-4984-920c-603cda31e4c5@group-92C9EDB41AD5: shutdown
2019-10-17 07:09:59,787 [main] INFO  util.JmxRegister (JmxRegister.java:unregister(73)) - Successfully un-registered JMX Bean with object name Ratis:service=RaftServer,group=group-92C9EDB41AD5,id=c8a9c3c2-a9d1-4984-920c-603cda31e4c5
2019-10-17 07:09:59,788 [main] INFO  impl.RoleInfo (RoleInfo.java:shutdownFollowerState(121)) - c8a9c3c2-a9d1-4984-920c-603cda31e4c5: shutdown FollowerState
2019-10-17 07:09:59,788 [main] INFO  impl.StateMachineUpdater (StateMachineUpdater.java:stopAndJoin(136)) - c8a9c3c2-a9d1-4984-920c-603cda31e4c5@group-92C9EDB41AD5-StateMachineUpdater: set stopIndex = 0
2019-10-17 07:09:59,788 [Thread-9714] INFO  impl.FollowerState (FollowerState.java:run(117)) - c8a9c3c2-a9d1-4984-920c-603cda31e4c5@group-92C9EDB41AD5-FollowerState was interrupted: java.lang.InterruptedException: sleep interrupted
2019-10-17 07:09:59,789 [main] INFO  impl.RaftServerImpl (ServerState.java:close(388)) - c8a9c3c2-a9d1-4984-920c-603cda31e4c5@group-92C9EDB41AD5: closes. applyIndex: 0
2019-10-17 07:09:59,790 [c8a9c3c2-a9d1-4984-920c-603cda31e4c5@group-92C9EDB41AD5-SegmentedRaftLogWorker] INFO  segmented.SegmentedRaftLogWorker (SegmentedRaftLogWorker.java:run(316)) - c8a9c3c2-a9d1-4984-920c-603cda31e4c5@group-92C9EDB41AD5-SegmentedRaftLogWorker was interrupted, exiting. There are 0 tasks remaining in the queue.
2019-10-17 07:09:59,800 [main] INFO  segmented.SegmentedRaftLogWorker (SegmentedRaftLogWorker.java:close(224)) - c8a9c3c2-a9d1-4984-920c-603cda31e4c5@group-92C9EDB41AD5-SegmentedRaftLogWorker close()
2019-10-17 07:09:59,802 [main] INFO  impl.RaftServerImpl (RaftServerImpl.java:lambda$shutdown$3(261)) - c8a9c3c2-a9d1-4984-920c-603cda31e4c5@group-3336D312B635: shutdown
2019-10-17 07:09:59,802 [ForkJoinPool.commonPool-worker-0] INFO  ozoneimpl.OzoneContainer (OzoneContainer.java:stop(227)) - Attempting to stop container services.
2019-10-17 07:09:59,802 [main] INFO  util.JmxRegister (JmxRegister.java:unregister(73)) - Successfully un-registered JMX Bean with object name Ratis:service=RaftServer,group=group-3336D312B635,id=c8a9c3c2-a9d1-4984-920c-603cda31e4c5
2019-10-17 07:09:59,803 [ForkJoinPool.commonPool-worker-0] INFO  impl.RaftServerProxy (RaftServerProxy.java:lambda$close$4(314)) - e9b52f21-01d5-44eb-a9cd-d907fd904ad1: close
2019-10-17 07:09:59,803 [main] INFO  impl.RoleInfo (RoleInfo.java:shutdownLeaderState(104)) - c8a9c3c2-a9d1-4984-920c-603cda31e4c5: shutdown LeaderState
2019-10-17 07:09:59,803 [ForkJoinPool.commonPool-worker-0] INFO  impl.RaftServerImpl (RaftServerImpl.java:lambda$shutdown$3(261)) - e9b52f21-01d5-44eb-a9cd-d907fd904ad1@group-387442201646: shutdown
2019-10-17 07:09:59,804 [main] INFO  impl.PendingRequests (PendingRequests.java:sendNotLeaderResponses(202)) - c8a9c3c2-a9d1-4984-920c-603cda31e4c5@group-3336D312B635-PendingRequests: sendNotLeaderResponses
2019-10-17 07:09:59,804 [ForkJoinPool.commonPool-worker-0] INFO  util.JmxRegister (JmxRegister.java:unregister(73)) - Successfully un-registered JMX Bean with object name Ratis:service=RaftServer,group=group-387442201646,id=e9b52f21-01d5-44eb-a9cd-d907fd904ad1
2019-10-17 07:09:59,804 [ForkJoinPool.commonPool-worker-0] INFO  impl.RoleInfo (RoleInfo.java:shutdownLeaderState(104)) - e9b52f21-01d5-44eb-a9cd-d907fd904ad1: shutdown LeaderState
2019-10-17 07:09:59,804 [main] INFO  impl.StateMachineUpdater (StateMachineUpdater.java:stopAndJoin(136)) - c8a9c3c2-a9d1-4984-920c-603cda31e4c5@group-3336D312B635-StateMachineUpdater: set stopIndex = 0
2019-10-17 07:09:59,805 [main] INFO  impl.RaftServerImpl (ServerState.java:close(388)) - c8a9c3c2-a9d1-4984-920c-603cda31e4c5@group-3336D312B635: closes. applyIndex: 0
2019-10-17 07:09:59,804 [ForkJoinPool.commonPool-worker-0] INFO  impl.PendingRequests (PendingRequests.java:sendNotLeaderResponses(202)) - e9b52f21-01d5-44eb-a9cd-d907fd904ad1@group-387442201646-PendingRequests: sendNotLeaderResponses
2019-10-17 07:09:59,805 [c8a9c3c2-a9d1-4984-920c-603cda31e4c5@group-3336D312B635-SegmentedRaftLogWorker] INFO  segmented.SegmentedRaftLogWorker (SegmentedRaftLogWorker.java:run(316)) - c8a9c3c2-a9d1-4984-920c-603cda31e4c5@group-3336D312B635-SegmentedRaftLogWorker was interrupted, exiting. There are 0 tasks remaining in the queue.
2019-10-17 07:09:59,805 [ForkJoinPool.commonPool-worker-0] INFO  impl.StateMachineUpdater (StateMachineUpdater.java:stopAndJoin(136)) - e9b52f21-01d5-44eb-a9cd-d907fd904ad1@group-387442201646-StateMachineUpdater: set stopIndex = 0
2019-10-17 07:09:59,805 [main] INFO  segmented.SegmentedRaftLogWorker (SegmentedRaftLogWorker.java:close(224)) - c8a9c3c2-a9d1-4984-920c-603cda31e4c5@group-3336D312B635-SegmentedRaftLogWorker close()
2019-10-17 07:09:59,805 [ForkJoinPool.commonPool-worker-0] INFO  impl.RaftServerImpl (ServerState.java:close(388)) - e9b52f21-01d5-44eb-a9cd-d907fd904ad1@group-387442201646: closes. applyIndex: 0
2019-10-17 07:09:59,808 [main] INFO  server.GrpcService (GrpcService.java:closeImpl(164)) - c8a9c3c2-a9d1-4984-920c-603cda31e4c5: shutdown server with port 36906 now
2019-10-17 07:09:59,808 [e9b52f21-01d5-44eb-a9cd-d907fd904ad1@group-387442201646-SegmentedRaftLogWorker] INFO  segmented.SegmentedRaftLogWorker (SegmentedRaftLogWorker.java:run(316)) - e9b52f21-01d5-44eb-a9cd-d907fd904ad1@group-387442201646-SegmentedRaftLogWorker was interrupted, exiting. There are 0 tasks remaining in the queue.
2019-10-17 07:09:59,808 [ForkJoinPool.commonPool-worker-0] INFO  segmented.SegmentedRaftLogWorker (SegmentedRaftLogWorker.java:close(224)) - e9b52f21-01d5-44eb-a9cd-d907fd904ad1@group-387442201646-SegmentedRaftLogWorker close()
2019-10-17 07:09:59,817 [ForkJoinPool.commonPool-worker-0] INFO  impl.RaftServerImpl (RaftServerImpl.java:lambda$shutdown$3(261)) - e9b52f21-01d5-44eb-a9cd-d907fd904ad1@group-E6EB69311C83: shutdown
2019-10-17 07:09:59,817 [ForkJoinPool.commonPool-worker-0] INFO  util.JmxRegister (JmxRegister.java:unregister(73)) - Successfully un-registered JMX Bean with object name Ratis:service=RaftServer,group=group-E6EB69311C83,id=e9b52f21-01d5-44eb-a9cd-d907fd904ad1
2019-10-17 07:09:59,817 [ForkJoinPool.commonPool-worker-0] INFO  impl.RoleInfo (RoleInfo.java:shutdownFollowerState(121)) - e9b52f21-01d5-44eb-a9cd-d907fd904ad1: shutdown FollowerState
2019-10-17 07:09:59,817 [ForkJoinPool.commonPool-worker-0] INFO  impl.StateMachineUpdater (StateMachineUpdater.java:stopAndJoin(136)) - e9b52f21-01d5-44eb-a9cd-d907fd904ad1@group-E6EB69311C83-StateMachineUpdater: set stopIndex = 12
2019-10-17 07:09:59,817 [Thread-10926] INFO  impl.FollowerState (FollowerState.java:run(117)) - e9b52f21-01d5-44eb-a9cd-d907fd904ad1@group-E6EB69311C83-FollowerState was interrupted: java.lang.InterruptedException: sleep interrupted
2019-10-17 07:09:59,817 [grpc-default-executor-5] WARN  server.GrpcServerProtocolService (LogUtils.java:warn(134)) - c8a9c3c2-a9d1-4984-920c-603cda31e4c5: installSnapshot onError, lastRequest: a5219191-1681-4090-972d-a7550c5191e1->c8a9c3c2-a9d1-4984-920c-603cda31e4c5#61-t2, previous=(t:2, i:0), leaderCommit=0, initializing? false, entries: <empty>: org.apache.ratis.thirdparty.io.grpc.StatusRuntimeException: CANCELLED: cancelled before receiving half close
2019-10-17 07:09:59,817 [e9b52f21-01d5-44eb-a9cd-d907fd904ad1@group-E6EB69311C83-StateMachineUpdater] INFO  ratis.ContainerStateMachine (ContainerStateMachine.java:takeSnapshot(294)) - group-E6EB69311C83: Taking a snapshot at:(t:1, i:8) file /workdir/hadoop-ozone/integration-test/target/test-dir/MiniOzoneClusterImpl-e7c0418f-15c1-471d-99db-59e1afe04953/datanode-4/data/ratis/4500b566-0942-424e-bac5-e6eb69311c83/sm/snapshot.1_8
2019-10-17 07:09:59,818 [main] INFO  server.GrpcService (GrpcService.java:closeImpl(172)) - c8a9c3c2-a9d1-4984-920c-603cda31e4c5: shutdown server with port 36906 successfully
2019-10-17 07:09:59,818 [grpc-default-executor-7] WARN  server.GrpcLogAppender (LogUtils.java:warn(134)) - a5219191-1681-4090-972d-a7550c5191e1@group-92C9EDB41AD5->c8a9c3c2-a9d1-4984-920c-603cda31e4c5-AppendLogResponseHandler: Failed appendEntries: org.apache.ratis.thirdparty.io.grpc.StatusRuntimeException: CANCELLED: HTTP/2 error code: CANCEL
Received Rst Stream
2019-10-17 07:09:59,824 [refreshUsed-/workdir/hadoop-ozone/integration-test/target/test-dir/MiniOzoneClusterImpl-e7c0418f-15c1-471d-99db-59e1afe04953/datanode-8/data/containers] WARN  fs.CachingGetSpaceUsed (CachingGetSpaceUsed.java:run(183)) - Thread Interrupted waiting to refresh disk information: sleep interrupted
2019-10-17 07:09:59,838 [main] INFO  utils.BackgroundService (BackgroundService.java:shutdown(151)) - Shutting down service BlockDeletingService
2019-10-17 07:09:59,841 [main] INFO  statemachine.DatanodeStateMachine (DatanodeStateMachine.java:stopDaemon(395)) - Ozone container server stopped.
2019-10-17 07:09:59,842 [main] INFO  handler.ContextHandler (ContextHandler.java:doStop(910)) - Stopped o.e.j.w.WebAppContext@733534f9{/,null,UNAVAILABLE}{/hddsDatanode}
2019-10-17 07:09:59,843 [main] INFO  server.AbstractConnector (AbstractConnector.java:doStop(318)) - Stopped ServerConnector@661e279d{HTTP/1.1,[http/1.1]}{0.0.0.0:0}
2019-10-17 07:09:59,843 [main] INFO  handler.ContextHandler (ContextHandler.java:doStop(910)) - Stopped o.e.j.s.ServletContextHandler@71567f33{/static,jar:file:/home/user/.m2/repository/org/apache/hadoop/hadoop-hdds-container-service/0.5.0-SNAPSHOT/hadoop-hdds-container-service-0.5.0-SNAPSHOT.jar!/webapps/static,UNAVAILABLE}
2019-10-17 07:09:59,843 [main] INFO  handler.ContextHandler (ContextHandler.java:doStop(910)) - Stopped o.e.j.s.ServletContextHandler@270d5060{/logs,file:///workdir/hadoop-ozone/integration-test/target/log,UNAVAILABLE}
2019-10-17 07:09:59,843 [e9b52f21-01d5-44eb-a9cd-d907fd904ad1@group-E6EB69311C83-StateMachineUpdater] INFO  ratis.ContainerStateMachine (ContainerStateMachine.java:takeSnapshot(305)) - group-E6EB69311C83: Finished taking a snapshot at:(t:1, i:8) file:/workdir/hadoop-ozone/integration-test/target/test-dir/MiniOzoneClusterImpl-e7c0418f-15c1-471d-99db-59e1afe04953/datanode-4/data/ratis/4500b566-0942-424e-bac5-e6eb69311c83/sm/snapshot.1_8 time:26
2019-10-17 07:09:59,844 [e9b52f21-01d5-44eb-a9cd-d907fd904ad1@group-E6EB69311C83-StateMachineUpdater] INFO  impl.StateMachineUpdater (StateMachineUpdater.java:takeSnapshot(269)) - e9b52f21-01d5-44eb-a9cd-d907fd904ad1@group-E6EB69311C83-StateMachineUpdater: Took a snapshot at index 8
2019-10-17 07:09:59,844 [e9b52f21-01d5-44eb-a9cd-d907fd904ad1@group-E6EB69311C83-StateMachineUpdater] INFO  impl.StateMachineUpdater (StateMachineUpdater.java:lambda$new$0(84)) - e9b52f21-01d5-44eb-a9cd-d907fd904ad1@group-E6EB69311C83-StateMachineUpdater: snapshotIndex: updateIncreasingly -1 -> 8
2019-10-17 07:09:59,845 [e9b52f21-01d5-44eb-a9cd-d907fd904ad1@group-E6EB69311C83-StateMachineUpdater] INFO  ratis.ContainerStateMachine (ContainerStateMachine.java:takeSnapshot(294)) - group-E6EB69311C83: Taking a snapshot at:(t:1, i:8) file /workdir/hadoop-ozone/integration-test/target/test-dir/MiniOzoneClusterImpl-e7c0418f-15c1-471d-99db-59e1afe04953/datanode-4/data/ratis/4500b566-0942-424e-bac5-e6eb69311c83/sm/snapshot.1_8
2019-10-17 07:09:59,857 [e9b52f21-01d5-44eb-a9cd-d907fd904ad1@group-E6EB69311C83-StateMachineUpdater] INFO  ratis.ContainerStateMachine (ContainerStateMachine.java:takeSnapshot(305)) - group-E6EB69311C83: Finished taking a snapshot at:(t:1, i:8) file:/workdir/hadoop-ozone/integration-test/target/test-dir/MiniOzoneClusterImpl-e7c0418f-15c1-471d-99db-59e1afe04953/datanode-4/data/ratis/4500b566-0942-424e-bac5-e6eb69311c83/sm/snapshot.1_8 time:12
2019-10-17 07:09:59,857 [e9b52f21-01d5-44eb-a9cd-d907fd904ad1@group-E6EB69311C83-StateMachineUpdater] INFO  impl.StateMachineUpdater (StateMachineUpdater.java:takeSnapshot(269)) - e9b52f21-01d5-44eb-a9cd-d907fd904ad1@group-E6EB69311C83-StateMachineUpdater: Took a snapshot at index 8
2019-10-17 07:09:59,857 [e9b52f21-01d5-44eb-a9cd-d907fd904ad1@group-E6EB69311C83-StateMachineUpdater] INFO  impl.StateMachineUpdater (StateMachineUpdater.java:lambda$new$0(84)) - e9b52f21-01d5-44eb-a9cd-d907fd904ad1@group-E6EB69311C83-StateMachineUpdater: snapshotIndex: updateIncreasingly 8 -> 8
2019-10-17 07:09:59,857 [ForkJoinPool.commonPool-worker-0] INFO  impl.RaftServerImpl (ServerState.java:close(388)) - e9b52f21-01d5-44eb-a9cd-d907fd904ad1@group-E6EB69311C83: closes. applyIndex: 12
2019-10-17 07:09:59,858 [e9b52f21-01d5-44eb-a9cd-d907fd904ad1@group-E6EB69311C83-SegmentedRaftLogWorker] INFO  segmented.SegmentedRaftLogWorker (SegmentedRaftLogWorker.java:run(316)) - e9b52f21-01d5-44eb-a9cd-d907fd904ad1@group-E6EB69311C83-SegmentedRaftLogWorker was interrupted, exiting. There are 0 tasks remaining in the queue.
2019-10-17 07:09:59,858 [ForkJoinPool.commonPool-worker-0] INFO  segmented.SegmentedRaftLogWorker (SegmentedRaftLogWorker.java:close(224)) - e9b52f21-01d5-44eb-a9cd-d907fd904ad1@group-E6EB69311C83-SegmentedRaftLogWorker close()
2019-10-17 07:09:59,860 [ForkJoinPool.commonPool-worker-0] INFO  server.GrpcService (GrpcService.java:closeImpl(164)) - e9b52f21-01d5-44eb-a9cd-d907fd904ad1: shutdown server with port 45108 now
2019-10-17 07:09:59,860 [ForkJoinPool.commonPool-worker-0] INFO  server.GrpcService (GrpcService.java:closeImpl(172)) - e9b52f21-01d5-44eb-a9cd-d907fd904ad1: shutdown server with port 45108 successfully
2019-10-17 07:09:59,862 [refreshUsed-/workdir/hadoop-ozone/integration-test/target/test-dir/MiniOzoneClusterImpl-e7c0418f-15c1-471d-99db-59e1afe04953/datanode-4/data/containers] WARN  fs.CachingGetSpaceUsed (CachingGetSpaceUsed.java:run(183)) - Thread Interrupted waiting to refresh disk information: sleep interrupted
2019-10-17 07:09:59,874 [ForkJoinPool.commonPool-worker-0] INFO  utils.BackgroundService (BackgroundService.java:shutdown(151)) - Shutting down service BlockDeletingService
2019-10-17 07:09:59,876 [ForkJoinPool.commonPool-worker-0] INFO  statemachine.DatanodeStateMachine (DatanodeStateMachine.java:stopDaemon(395)) - Ozone container server stopped.
2019-10-17 07:09:59,880 [Datanode State Machine Thread - 0] INFO  statemachine.DatanodeStateMachine (DatanodeStateMachine.java:lambda$startDaemon$0(350)) - Ozone container server started.
2019-10-17 07:09:59,880 [ForkJoinPool.commonPool-worker-0] INFO  handler.ContextHandler (ContextHandler.java:doStop(910)) - Stopped o.e.j.w.WebAppContext@2dd0a0d0{/,null,UNAVAILABLE}{/hddsDatanode}
2019-10-17 07:09:59,881 [ForkJoinPool.commonPool-worker-0] INFO  server.AbstractConnector (AbstractConnector.java:doStop(318)) - Stopped ServerConnector@6bf570c{HTTP/1.1,[http/1.1]}{0.0.0.0:0}
2019-10-17 07:09:59,882 [ForkJoinPool.commonPool-worker-0] INFO  handler.ContextHandler (ContextHandler.java:doStop(910)) - Stopped o.e.j.s.ServletContextHandler@7bf018dd{/static,jar:file:/home/user/.m2/repository/org/apache/hadoop/hadoop-hdds-container-service/0.5.0-SNAPSHOT/hadoop-hdds-container-service-0.5.0-SNAPSHOT.jar!/webapps/static,UNAVAILABLE}
2019-10-17 07:09:59,883 [ForkJoinPool.commonPool-worker-0] INFO  handler.ContextHandler (ContextHandler.java:doStop(910)) - Stopped o.e.j.s.ServletContextHandler@25c1f5ee{/logs,file:///workdir/hadoop-ozone/integration-test/target/log,UNAVAILABLE}
2019-10-17 07:09:59,994 [java.util.concurrent.ThreadPoolExecutor$Worker@6af2bccb[State = -1, empty queue]] WARN  server.GrpcLogAppender (GrpcLogAppender.java:timeoutAppendRequest(209)) - a5219191-1681-4090-972d-a7550c5191e1@group-92C9EDB41AD5->c1b4af2d-3b05-4006-acca-753ed6d10b59-GrpcLogAppender: appendEntries Timeout, request=a5219191-1681-4090-972d-a7550c5191e1->c1b4af2d-3b05-4006-acca-753ed6d10b59#56-t2, previous=(t:2, i:0), leaderCommit=0, initializing? false, entries: <empty>
2019-10-17 07:10:00,315 [Datanode State Machine Thread - 0] INFO  statemachine.DatanodeStateMachine (DatanodeStateMachine.java:lambda$startDaemon$0(350)) - Ozone container server started.
2019-10-17 07:10:00,494 [java.util.concurrent.ThreadPoolExecutor$Worker@6af2bccb[State = -1, empty queue]] WARN  server.GrpcLogAppender (GrpcLogAppender.java:timeoutAppendRequest(209)) - a5219191-1681-4090-972d-a7550c5191e1@group-92C9EDB41AD5->c1b4af2d-3b05-4006-acca-753ed6d10b59-GrpcLogAppender: appendEntries Timeout, request=a5219191-1681-4090-972d-a7550c5191e1->c1b4af2d-3b05-4006-acca-753ed6d10b59#57-t2, previous=(t:2, i:0), leaderCommit=0, initializing? false, entries: <empty>
2019-10-17 07:10:00,665 [Thread-10922] INFO  impl.FollowerState (FollowerState.java:run(108)) - 805254cc-2da6-48d8-a2f9-c1a3ceceab4a@group-2C0FEEE55AE1-FollowerState: change to CANDIDATE, lastRpcTime:1082ms, electionTimeout:1082ms
2019-10-17 07:10:00,665 [Thread-10922] INFO  impl.RoleInfo (RoleInfo.java:shutdownFollowerState(121)) - 805254cc-2da6-48d8-a2f9-c1a3ceceab4a: shutdown FollowerState
2019-10-17 07:10:00,665 [Thread-10922] INFO  impl.RaftServerImpl (RaftServerImpl.java:setRole(184)) - 805254cc-2da6-48d8-a2f9-c1a3ceceab4a@group-2C0FEEE55AE1: changes role from  FOLLOWER to CANDIDATE at term 178 for changeToCandidate
2019-10-17 07:10:00,666 [Thread-10922] INFO  impl.RoleInfo (RoleInfo.java:updateAndGet(143)) - 805254cc-2da6-48d8-a2f9-c1a3ceceab4a: start LeaderElection
2019-10-17 07:10:00,682 [805254cc-2da6-48d8-a2f9-c1a3ceceab4a@group-2C0FEEE55AE1-LeaderElection1248] INFO  impl.LeaderElection (LeaderElection.java:askForVotes(178)) - 805254cc-2da6-48d8-a2f9-c1a3ceceab4a@group-2C0FEEE55AE1-LeaderElection1248: begin an election at term 179 for 0: [f3ee4219-89bb-47f2-bbe0-5f784575b745:192.168.157.211:38722, 805254cc-2da6-48d8-a2f9-c1a3ceceab4a:192.168.157.211:35407, 696df33b-59a0-4145-913f-936aff0d1566:192.168.157.211:38803], old=null
2019-10-17 07:10:00,683 [805254cc-2da6-48d8-a2f9-c1a3ceceab4a@group-2C0FEEE55AE1-LeaderElection1248] INFO  impl.LeaderElection (LogUtils.java:infoOrTrace(149)) - 805254cc-2da6-48d8-a2f9-c1a3ceceab4a@group-2C0FEEE55AE1-LeaderElection1248 got exception when requesting votes: {}
java.util.concurrent.ExecutionException: org.apache.ratis.thirdparty.io.grpc.StatusRuntimeException: UNAVAILABLE: io exception
	at java.util.concurrent.FutureTask.report(FutureTask.java:122)
	at java.util.concurrent.FutureTask.get(FutureTask.java:192)
	at org.apache.ratis.server.impl.LeaderElection.waitForResults(LeaderElection.java:259)
	at org.apache.ratis.server.impl.LeaderElection.askForVotes(LeaderElection.java:197)
	at org.apache.ratis.server.impl.LeaderElection.run(LeaderElection.java:133)
	at java.lang.Thread.run(Thread.java:748)
Caused by: org.apache.ratis.thirdparty.io.grpc.StatusRuntimeException: UNAVAILABLE: io exception
	at org.apache.ratis.thirdparty.io.grpc.stub.ClientCalls.toStatusRuntimeException(ClientCalls.java:233)
	at org.apache.ratis.thirdparty.io.grpc.stub.ClientCalls.getUnchecked(ClientCalls.java:214)
	at org.apache.ratis.thirdparty.io.grpc.stub.ClientCalls.blockingUnaryCall(ClientCalls.java:139)
	at org.apache.ratis.proto.grpc.RaftServerProtocolServiceGrpc$RaftServerProtocolServiceBlockingStub.requestVote(RaftServerProtocolServiceGrpc.java:265)
	at org.apache.ratis.grpc.server.GrpcServerProtocolClient.requestVote(GrpcServerProtocolClient.java:99)
	at org.apache.ratis.grpc.server.GrpcService.requestVote(GrpcService.java:204)
	at org.apache.ratis.server.impl.LeaderElection.lambda$submitRequests$1(LeaderElection.java:234)
	at java.util.concurrent.FutureTask.run(FutureTask.java:266)
	at java.util.concurrent.Executors$RunnableAdapter.call(Executors.java:511)
	at java.util.concurrent.FutureTask.run(FutureTask.java:266)
	at java.util.concurrent.ThreadPoolExecutor.runWorker(ThreadPoolExecutor.java:1149)
	at java.util.concurrent.ThreadPoolExecutor$Worker.run(ThreadPoolExecutor.java:624)
	... 1 more
Caused by: org.apache.ratis.thirdparty.io.netty.channel.AbstractChannel$AnnotatedConnectException: Connection refused: /192.168.157.211:38803
	at sun.nio.ch.SocketChannelImpl.checkConnect(Native Method)
	at sun.nio.ch.SocketChannelImpl.finishConnect(SocketChannelImpl.java:717)
	at org.apache.ratis.thirdparty.io.netty.channel.socket.nio.NioSocketChannel.doFinishConnect(NioSocketChannel.java:327)
	at org.apache.ratis.thirdparty.io.netty.channel.nio.AbstractNioChannel$AbstractNioUnsafe.finishConnect(AbstractNioChannel.java:340)
	at org.apache.ratis.thirdparty.io.netty.channel.nio.NioEventLoop.processSelectedKey(NioEventLoop.java:632)
	at org.apache.ratis.thirdparty.io.netty.channel.nio.NioEventLoop.processSelectedKeysOptimized(NioEventLoop.java:579)
	at org.apache.ratis.thirdparty.io.netty.channel.nio.NioEventLoop.processSelectedKeys(NioEventLoop.java:496)
	at org.apache.ratis.thirdparty.io.netty.channel.nio.NioEventLoop.run(NioEventLoop.java:458)
	at org.apache.ratis.thirdparty.io.netty.util.concurrent.SingleThreadEventExecutor$5.run(SingleThreadEventExecutor.java:897)
	at org.apache.ratis.thirdparty.io.netty.util.concurrent.FastThreadLocalRunnable.run(FastThreadLocalRunnable.java:30)
	... 1 more
Caused by: java.net.ConnectException: Connection refused
	... 11 more
2019-10-17 07:10:00,683 [805254cc-2da6-48d8-a2f9-c1a3ceceab4a@group-2C0FEEE55AE1-LeaderElection1248] INFO  impl.LeaderElection (LogUtils.java:infoOrTrace(149)) - 805254cc-2da6-48d8-a2f9-c1a3ceceab4a@group-2C0FEEE55AE1-LeaderElection1248 got exception when requesting votes: {}
java.util.concurrent.ExecutionException: org.apache.ratis.thirdparty.io.grpc.StatusRuntimeException: UNAVAILABLE: io exception
	at java.util.concurrent.FutureTask.report(FutureTask.java:122)
	at java.util.concurrent.FutureTask.get(FutureTask.java:192)
	at org.apache.ratis.server.impl.LeaderElection.waitForResults(LeaderElection.java:259)
	at org.apache.ratis.server.impl.LeaderElection.askForVotes(LeaderElection.java:197)
	at org.apache.ratis.server.impl.LeaderElection.run(LeaderElection.java:133)
	at java.lang.Thread.run(Thread.java:748)
Caused by: org.apache.ratis.thirdparty.io.grpc.StatusRuntimeException: UNAVAILABLE: io exception
	at org.apache.ratis.thirdparty.io.grpc.stub.ClientCalls.toStatusRuntimeException(ClientCalls.java:233)
	at org.apache.ratis.thirdparty.io.grpc.stub.ClientCalls.getUnchecked(ClientCalls.java:214)
	at org.apache.ratis.thirdparty.io.grpc.stub.ClientCalls.blockingUnaryCall(ClientCalls.java:139)
	at org.apache.ratis.proto.grpc.RaftServerProtocolServiceGrpc$RaftServerProtocolServiceBlockingStub.requestVote(RaftServerProtocolServiceGrpc.java:265)
	at org.apache.ratis.grpc.server.GrpcServerProtocolClient.requestVote(GrpcServerProtocolClient.java:99)
	at org.apache.ratis.grpc.server.GrpcService.requestVote(GrpcService.java:204)
	at org.apache.ratis.server.impl.LeaderElection.lambda$submitRequests$1(LeaderElection.java:234)
	at java.util.concurrent.FutureTask.run(FutureTask.java:266)
	at java.util.concurrent.Executors$RunnableAdapter.call(Executors.java:511)
	at java.util.concurrent.FutureTask.run(FutureTask.java:266)
	at java.util.concurrent.ThreadPoolExecutor.runWorker(ThreadPoolExecutor.java:1149)
	at java.util.concurrent.ThreadPoolExecutor$Worker.run(ThreadPoolExecutor.java:624)
	... 1 more
Caused by: org.apache.ratis.thirdparty.io.netty.channel.AbstractChannel$AnnotatedConnectException: Connection refused: /192.168.157.211:38722
	at sun.nio.ch.SocketChannelImpl.checkConnect(Native Method)
	at sun.nio.ch.SocketChannelImpl.finishConnect(SocketChannelImpl.java:717)
	at org.apache.ratis.thirdparty.io.netty.channel.socket.nio.NioSocketChannel.doFinishConnect(NioSocketChannel.java:327)
	at org.apache.ratis.thirdparty.io.netty.channel.nio.AbstractNioChannel$AbstractNioUnsafe.finishConnect(AbstractNioChannel.java:340)
	at org.apache.ratis.thirdparty.io.netty.channel.nio.NioEventLoop.processSelectedKey(NioEventLoop.java:632)
	at org.apache.ratis.thirdparty.io.netty.channel.nio.NioEventLoop.processSelectedKeysOptimized(NioEventLoop.java:579)
	at org.apache.ratis.thirdparty.io.netty.channel.nio.NioEventLoop.processSelectedKeys(NioEventLoop.java:496)
	at org.apache.ratis.thirdparty.io.netty.channel.nio.NioEventLoop.run(NioEventLoop.java:458)
	at org.apache.ratis.thirdparty.io.netty.util.concurrent.SingleThreadEventExecutor$5.run(SingleThreadEventExecutor.java:897)
	at org.apache.ratis.thirdparty.io.netty.util.concurrent.FastThreadLocalRunnable.run(FastThreadLocalRunnable.java:30)
	... 1 more
Caused by: java.net.ConnectException: Connection refused
	... 11 more
2019-10-17 07:10:00,684 [805254cc-2da6-48d8-a2f9-c1a3ceceab4a@group-2C0FEEE55AE1-LeaderElection1248] INFO  impl.LeaderElection (LeaderElection.java:logAndReturn(56)) - 805254cc-2da6-48d8-a2f9-c1a3ceceab4a@group-2C0FEEE55AE1-LeaderElection1248: Election REJECTED; received 0 response(s) [] and 2 exception(s); 805254cc-2da6-48d8-a2f9-c1a3ceceab4a@group-2C0FEEE55AE1:t179, leader=null, voted=805254cc-2da6-48d8-a2f9-c1a3ceceab4a, raftlog=805254cc-2da6-48d8-a2f9-c1a3ceceab4a@group-2C0FEEE55AE1-SegmentedRaftLog:OPENED:c-1,f0,i0, conf=0: [f3ee4219-89bb-47f2-bbe0-5f784575b745:192.168.157.211:38722, 805254cc-2da6-48d8-a2f9-c1a3ceceab4a:192.168.157.211:35407, 696df33b-59a0-4145-913f-936aff0d1566:192.168.157.211:38803], old=null
2019-10-17 07:10:00,684 [805254cc-2da6-48d8-a2f9-c1a3ceceab4a@group-2C0FEEE55AE1-LeaderElection1248] INFO  impl.LeaderElection (LogUtils.java:infoOrTrace(149)) -   Exception 0: {}
java.util.concurrent.ExecutionException: org.apache.ratis.thirdparty.io.grpc.StatusRuntimeException: UNAVAILABLE: io exception
	at java.util.concurrent.FutureTask.report(FutureTask.java:122)
	at java.util.concurrent.FutureTask.get(FutureTask.java:192)
	at org.apache.ratis.server.impl.LeaderElection.waitForResults(LeaderElection.java:259)
	at org.apache.ratis.server.impl.LeaderElection.askForVotes(LeaderElection.java:197)
	at org.apache.ratis.server.impl.LeaderElection.run(LeaderElection.java:133)
	at java.lang.Thread.run(Thread.java:748)
Caused by: org.apache.ratis.thirdparty.io.grpc.StatusRuntimeException: UNAVAILABLE: io exception
	at org.apache.ratis.thirdparty.io.grpc.stub.ClientCalls.toStatusRuntimeException(ClientCalls.java:233)
	at org.apache.ratis.thirdparty.io.grpc.stub.ClientCalls.getUnchecked(ClientCalls.java:214)
	at org.apache.ratis.thirdparty.io.grpc.stub.ClientCalls.blockingUnaryCall(ClientCalls.java:139)
	at org.apache.ratis.proto.grpc.RaftServerProtocolServiceGrpc$RaftServerProtocolServiceBlockingStub.requestVote(RaftServerProtocolServiceGrpc.java:265)
	at org.apache.ratis.grpc.server.GrpcServerProtocolClient.requestVote(GrpcServerProtocolClient.java:99)
	at org.apache.ratis.grpc.server.GrpcService.requestVote(GrpcService.java:204)
	at org.apache.ratis.server.impl.LeaderElection.lambda$submitRequests$1(LeaderElection.java:234)
	at java.util.concurrent.FutureTask.run(FutureTask.java:266)
	at java.util.concurrent.Executors$RunnableAdapter.call(Executors.java:511)
	at java.util.concurrent.FutureTask.run(FutureTask.java:266)
	at java.util.concurrent.ThreadPoolExecutor.runWorker(ThreadPoolExecutor.java:1149)
	at java.util.concurrent.ThreadPoolExecutor$Worker.run(ThreadPoolExecutor.java:624)
	... 1 more
Caused by: org.apache.ratis.thirdparty.io.netty.channel.AbstractChannel$AnnotatedConnectException: Connection refused: /192.168.157.211:38803
	at sun.nio.ch.SocketChannelImpl.checkConnect(Native Method)
	at sun.nio.ch.SocketChannelImpl.finishConnect(SocketChannelImpl.java:717)
	at org.apache.ratis.thirdparty.io.netty.channel.socket.nio.NioSocketChannel.doFinishConnect(NioSocketChannel.java:327)
	at org.apache.ratis.thirdparty.io.netty.channel.nio.AbstractNioChannel$AbstractNioUnsafe.finishConnect(AbstractNioChannel.java:340)
	at org.apache.ratis.thirdparty.io.netty.channel.nio.NioEventLoop.processSelectedKey(NioEventLoop.java:632)
	at org.apache.ratis.thirdparty.io.netty.channel.nio.NioEventLoop.processSelectedKeysOptimized(NioEventLoop.java:579)
	at org.apache.ratis.thirdparty.io.netty.channel.nio.NioEventLoop.processSelectedKeys(NioEventLoop.java:496)
	at org.apache.ratis.thirdparty.io.netty.channel.nio.NioEventLoop.run(NioEventLoop.java:458)
	at org.apache.ratis.thirdparty.io.netty.util.concurrent.SingleThreadEventExecutor$5.run(SingleThreadEventExecutor.java:897)
	at org.apache.ratis.thirdparty.io.netty.util.concurrent.FastThreadLocalRunnable.run(FastThreadLocalRunnable.java:30)
	... 1 more
Caused by: java.net.ConnectException: Connection refused
	... 11 more
2019-10-17 07:10:00,684 [805254cc-2da6-48d8-a2f9-c1a3ceceab4a@group-2C0FEEE55AE1-LeaderElection1248] INFO  impl.LeaderElection (LogUtils.java:infoOrTrace(149)) -   Exception 1: {}
java.util.concurrent.ExecutionException: org.apache.ratis.thirdparty.io.grpc.StatusRuntimeException: UNAVAILABLE: io exception
	at java.util.concurrent.FutureTask.report(FutureTask.java:122)
	at java.util.concurrent.FutureTask.get(FutureTask.java:192)
	at org.apache.ratis.server.impl.LeaderElection.waitForResults(LeaderElection.java:259)
	at org.apache.ratis.server.impl.LeaderElection.askForVotes(LeaderElection.java:197)
	at org.apache.ratis.server.impl.LeaderElection.run(LeaderElection.java:133)
	at java.lang.Thread.run(Thread.java:748)
Caused by: org.apache.ratis.thirdparty.io.grpc.StatusRuntimeException: UNAVAILABLE: io exception
	at org.apache.ratis.thirdparty.io.grpc.stub.ClientCalls.toStatusRuntimeException(ClientCalls.java:233)
	at org.apache.ratis.thirdparty.io.grpc.stub.ClientCalls.getUnchecked(ClientCalls.java:214)
	at org.apache.ratis.thirdparty.io.grpc.stub.ClientCalls.blockingUnaryCall(ClientCalls.java:139)
	at org.apache.ratis.proto.grpc.RaftServerProtocolServiceGrpc$RaftServerProtocolServiceBlockingStub.requestVote(RaftServerProtocolServiceGrpc.java:265)
	at org.apache.ratis.grpc.server.GrpcServerProtocolClient.requestVote(GrpcServerProtocolClient.java:99)
	at org.apache.ratis.grpc.server.GrpcService.requestVote(GrpcService.java:204)
	at org.apache.ratis.server.impl.LeaderElection.lambda$submitRequests$1(LeaderElection.java:234)
	at java.util.concurrent.FutureTask.run(FutureTask.java:266)
	at java.util.concurrent.Executors$RunnableAdapter.call(Executors.java:511)
	at java.util.concurrent.FutureTask.run(FutureTask.java:266)
	at java.util.concurrent.ThreadPoolExecutor.runWorker(ThreadPoolExecutor.java:1149)
	at java.util.concurrent.ThreadPoolExecutor$Worker.run(ThreadPoolExecutor.java:624)
	... 1 more
Caused by: org.apache.ratis.thirdparty.io.netty.channel.AbstractChannel$AnnotatedConnectException: Connection refused: /192.168.157.211:38722
	at sun.nio.ch.SocketChannelImpl.checkConnect(Native Method)
	at sun.nio.ch.SocketChannelImpl.finishConnect(SocketChannelImpl.java:717)
	at org.apache.ratis.thirdparty.io.netty.channel.socket.nio.NioSocketChannel.doFinishConnect(NioSocketChannel.java:327)
	at org.apache.ratis.thirdparty.io.netty.channel.nio.AbstractNioChannel$AbstractNioUnsafe.finishConnect(AbstractNioChannel.java:340)
	at org.apache.ratis.thirdparty.io.netty.channel.nio.NioEventLoop.processSelectedKey(NioEventLoop.java:632)
	at org.apache.ratis.thirdparty.io.netty.channel.nio.NioEventLoop.processSelectedKeysOptimized(NioEventLoop.java:579)
	at org.apache.ratis.thirdparty.io.netty.channel.nio.NioEventLoop.processSelectedKeys(NioEventLoop.java:496)
	at org.apache.ratis.thirdparty.io.netty.channel.nio.NioEventLoop.run(NioEventLoop.java:458)
	at org.apache.ratis.thirdparty.io.netty.util.concurrent.SingleThreadEventExecutor$5.run(SingleThreadEventExecutor.java:897)
	at org.apache.ratis.thirdparty.io.netty.util.concurrent.FastThreadLocalRunnable.run(FastThreadLocalRunnable.java:30)
	... 1 more
Caused by: java.net.ConnectException: Connection refused
	... 11 more
2019-10-17 07:10:00,685 [805254cc-2da6-48d8-a2f9-c1a3ceceab4a@group-2C0FEEE55AE1-LeaderElection1248] INFO  impl.RaftServerImpl (RaftServerImpl.java:setRole(184)) - 805254cc-2da6-48d8-a2f9-c1a3ceceab4a@group-2C0FEEE55AE1: changes role from CANDIDATE to FOLLOWER at term 179 for DISCOVERED_A_NEW_TERM
2019-10-17 07:10:00,685 [805254cc-2da6-48d8-a2f9-c1a3ceceab4a@group-2C0FEEE55AE1-LeaderElection1248] INFO  impl.RoleInfo (RoleInfo.java:shutdownLeaderElection(134)) - 805254cc-2da6-48d8-a2f9-c1a3ceceab4a: shutdown LeaderElection
2019-10-17 07:10:00,685 [805254cc-2da6-48d8-a2f9-c1a3ceceab4a@group-2C0FEEE55AE1-LeaderElection1248] INFO  impl.RoleInfo (RoleInfo.java:updateAndGet(143)) - 805254cc-2da6-48d8-a2f9-c1a3ceceab4a: start FollowerState
2019-10-17 07:10:00,995 [java.util.concurrent.ThreadPoolExecutor$Worker@6af2bccb[State = -1, empty queue]] WARN  server.GrpcLogAppender (GrpcLogAppender.java:timeoutAppendRequest(209)) - a5219191-1681-4090-972d-a7550c5191e1@group-92C9EDB41AD5->c1b4af2d-3b05-4006-acca-753ed6d10b59-GrpcLogAppender: appendEntries Timeout, request=a5219191-1681-4090-972d-a7550c5191e1->c1b4af2d-3b05-4006-acca-753ed6d10b59#58-t2, previous=(t:2, i:0), leaderCommit=0, initializing? false, entries: <empty>
2019-10-17 07:10:01,495 [java.util.concurrent.ThreadPoolExecutor$Worker@6af2bccb[State = -1, empty queue]] WARN  server.GrpcLogAppender (GrpcLogAppender.java:timeoutAppendRequest(209)) - a5219191-1681-4090-972d-a7550c5191e1@group-92C9EDB41AD5->c1b4af2d-3b05-4006-acca-753ed6d10b59-GrpcLogAppender: appendEntries Timeout, request=a5219191-1681-4090-972d-a7550c5191e1->c1b4af2d-3b05-4006-acca-753ed6d10b59#59-t2, previous=(t:2, i:0), leaderCommit=0, initializing? false, entries: <empty>
2019-10-17 07:10:01,725 [Thread-10930] INFO  impl.FollowerState (FollowerState.java:run(108)) - 805254cc-2da6-48d8-a2f9-c1a3ceceab4a@group-2C0FEEE55AE1-FollowerState: change to CANDIDATE, lastRpcTime:1040ms, electionTimeout:1040ms
2019-10-17 07:10:01,725 [Thread-10930] INFO  impl.RoleInfo (RoleInfo.java:shutdownFollowerState(121)) - 805254cc-2da6-48d8-a2f9-c1a3ceceab4a: shutdown FollowerState
2019-10-17 07:10:01,725 [Thread-10930] INFO  impl.RaftServerImpl (RaftServerImpl.java:setRole(184)) - 805254cc-2da6-48d8-a2f9-c1a3ceceab4a@group-2C0FEEE55AE1: changes role from  FOLLOWER to CANDIDATE at term 179 for changeToCandidate
2019-10-17 07:10:01,726 [Thread-10930] INFO  impl.RoleInfo (RoleInfo.java:updateAndGet(143)) - 805254cc-2da6-48d8-a2f9-c1a3ceceab4a: start LeaderElection
2019-10-17 07:10:01,737 [805254cc-2da6-48d8-a2f9-c1a3ceceab4a@group-2C0FEEE55AE1-LeaderElection1249] INFO  impl.LeaderElection (LeaderElection.java:askForVotes(178)) - 805254cc-2da6-48d8-a2f9-c1a3ceceab4a@group-2C0FEEE55AE1-LeaderElection1249: begin an election at term 180 for 0: [f3ee4219-89bb-47f2-bbe0-5f784575b745:192.168.157.211:38722, 805254cc-2da6-48d8-a2f9-c1a3ceceab4a:192.168.157.211:35407, 696df33b-59a0-4145-913f-936aff0d1566:192.168.157.211:38803], old=null
2019-10-17 07:10:01,738 [805254cc-2da6-48d8-a2f9-c1a3ceceab4a@group-2C0FEEE55AE1-LeaderElection1249] INFO  impl.LeaderElection (LogUtils.java:infoOrTrace(149)) - 805254cc-2da6-48d8-a2f9-c1a3ceceab4a@group-2C0FEEE55AE1-LeaderElection1249 got exception when requesting votes: {}
java.util.concurrent.ExecutionException: org.apache.ratis.thirdparty.io.grpc.StatusRuntimeException: UNAVAILABLE: io exception
	at java.util.concurrent.FutureTask.report(FutureTask.java:122)
	at java.util.concurrent.FutureTask.get(FutureTask.java:192)
	at org.apache.ratis.server.impl.LeaderElection.waitForResults(LeaderElection.java:259)
	at org.apache.ratis.server.impl.LeaderElection.askForVotes(LeaderElection.java:197)
	at org.apache.ratis.server.impl.LeaderElection.run(LeaderElection.java:133)
	at java.lang.Thread.run(Thread.java:748)
Caused by: org.apache.ratis.thirdparty.io.grpc.StatusRuntimeException: UNAVAILABLE: io exception
	at org.apache.ratis.thirdparty.io.grpc.stub.ClientCalls.toStatusRuntimeException(ClientCalls.java:233)
	at org.apache.ratis.thirdparty.io.grpc.stub.ClientCalls.getUnchecked(ClientCalls.java:214)
	at org.apache.ratis.thirdparty.io.grpc.stub.ClientCalls.blockingUnaryCall(ClientCalls.java:139)
	at org.apache.ratis.proto.grpc.RaftServerProtocolServiceGrpc$RaftServerProtocolServiceBlockingStub.requestVote(RaftServerProtocolServiceGrpc.java:265)
	at org.apache.ratis.grpc.server.GrpcServerProtocolClient.requestVote(GrpcServerProtocolClient.java:99)
	at org.apache.ratis.grpc.server.GrpcService.requestVote(GrpcService.java:204)
	at org.apache.ratis.server.impl.LeaderElection.lambda$submitRequests$1(LeaderElection.java:234)
	at java.util.concurrent.FutureTask.run(FutureTask.java:266)
	at java.util.concurrent.Executors$RunnableAdapter.call(Executors.java:511)
	at java.util.concurrent.FutureTask.run(FutureTask.java:266)
	at java.util.concurrent.ThreadPoolExecutor.runWorker(ThreadPoolExecutor.java:1149)
	at java.util.concurrent.ThreadPoolExecutor$Worker.run(ThreadPoolExecutor.java:624)
	... 1 more
Caused by: org.apache.ratis.thirdparty.io.netty.channel.AbstractChannel$AnnotatedConnectException: Connection refused: /192.168.157.211:38722
	at sun.nio.ch.SocketChannelImpl.checkConnect(Native Method)
	at sun.nio.ch.SocketChannelImpl.finishConnect(SocketChannelImpl.java:717)
	at org.apache.ratis.thirdparty.io.netty.channel.socket.nio.NioSocketChannel.doFinishConnect(NioSocketChannel.java:327)
	at org.apache.ratis.thirdparty.io.netty.channel.nio.AbstractNioChannel$AbstractNioUnsafe.finishConnect(AbstractNioChannel.java:340)
	at org.apache.ratis.thirdparty.io.netty.channel.nio.NioEventLoop.processSelectedKey(NioEventLoop.java:632)
	at org.apache.ratis.thirdparty.io.netty.channel.nio.NioEventLoop.processSelectedKeysOptimized(NioEventLoop.java:579)
	at org.apache.ratis.thirdparty.io.netty.channel.nio.NioEventLoop.processSelectedKeys(NioEventLoop.java:496)
	at org.apache.ratis.thirdparty.io.netty.channel.nio.NioEventLoop.run(NioEventLoop.java:458)
	at org.apache.ratis.thirdparty.io.netty.util.concurrent.SingleThreadEventExecutor$5.run(SingleThreadEventExecutor.java:897)
	at org.apache.ratis.thirdparty.io.netty.util.concurrent.FastThreadLocalRunnable.run(FastThreadLocalRunnable.java:30)
	... 1 more
Caused by: java.net.ConnectException: Connection refused
	... 11 more
2019-10-17 07:10:01,738 [805254cc-2da6-48d8-a2f9-c1a3ceceab4a@group-2C0FEEE55AE1-LeaderElection1249] INFO  impl.LeaderElection (LogUtils.java:infoOrTrace(149)) - 805254cc-2da6-48d8-a2f9-c1a3ceceab4a@group-2C0FEEE55AE1-LeaderElection1249 got exception when requesting votes: {}
java.util.concurrent.ExecutionException: org.apache.ratis.thirdparty.io.grpc.StatusRuntimeException: UNAVAILABLE: io exception
	at java.util.concurrent.FutureTask.report(FutureTask.java:122)
	at java.util.concurrent.FutureTask.get(FutureTask.java:192)
	at org.apache.ratis.server.impl.LeaderElection.waitForResults(LeaderElection.java:259)
	at org.apache.ratis.server.impl.LeaderElection.askForVotes(LeaderElection.java:197)
	at org.apache.ratis.server.impl.LeaderElection.run(LeaderElection.java:133)
	at java.lang.Thread.run(Thread.java:748)
Caused by: org.apache.ratis.thirdparty.io.grpc.StatusRuntimeException: UNAVAILABLE: io exception
	at org.apache.ratis.thirdparty.io.grpc.stub.ClientCalls.toStatusRuntimeException(ClientCalls.java:233)
	at org.apache.ratis.thirdparty.io.grpc.stub.ClientCalls.getUnchecked(ClientCalls.java:214)
	at org.apache.ratis.thirdparty.io.grpc.stub.ClientCalls.blockingUnaryCall(ClientCalls.java:139)
	at org.apache.ratis.proto.grpc.RaftServerProtocolServiceGrpc$RaftServerProtocolServiceBlockingStub.requestVote(RaftServerProtocolServiceGrpc.java:265)
	at org.apache.ratis.grpc.server.GrpcServerProtocolClient.requestVote(GrpcServerProtocolClient.java:99)
	at org.apache.ratis.grpc.server.GrpcService.requestVote(GrpcService.java:204)
	at org.apache.ratis.server.impl.LeaderElection.lambda$submitRequests$1(LeaderElection.java:234)
	at java.util.concurrent.FutureTask.run(FutureTask.java:266)
	at java.util.concurrent.Executors$RunnableAdapter.call(Executors.java:511)
	at java.util.concurrent.FutureTask.run(FutureTask.java:266)
	at java.util.concurrent.ThreadPoolExecutor.runWorker(ThreadPoolExecutor.java:1149)
	at java.util.concurrent.ThreadPoolExecutor$Worker.run(ThreadPoolExecutor.java:624)
	... 1 more
Caused by: org.apache.ratis.thirdparty.io.netty.channel.AbstractChannel$AnnotatedConnectException: Connection refused: /192.168.157.211:38803
	at sun.nio.ch.SocketChannelImpl.checkConnect(Native Method)
	at sun.nio.ch.SocketChannelImpl.finishConnect(SocketChannelImpl.java:717)
	at org.apache.ratis.thirdparty.io.netty.channel.socket.nio.NioSocketChannel.doFinishConnect(NioSocketChannel.java:327)
	at org.apache.ratis.thirdparty.io.netty.channel.nio.AbstractNioChannel$AbstractNioUnsafe.finishConnect(AbstractNioChannel.java:340)
	at org.apache.ratis.thirdparty.io.netty.channel.nio.NioEventLoop.processSelectedKey(NioEventLoop.java:632)
	at org.apache.ratis.thirdparty.io.netty.channel.nio.NioEventLoop.processSelectedKeysOptimized(NioEventLoop.java:579)
	at org.apache.ratis.thirdparty.io.netty.channel.nio.NioEventLoop.processSelectedKeys(NioEventLoop.java:496)
	at org.apache.ratis.thirdparty.io.netty.channel.nio.NioEventLoop.run(NioEventLoop.java:458)
	at org.apache.ratis.thirdparty.io.netty.util.concurrent.SingleThreadEventExecutor$5.run(SingleThreadEventExecutor.java:897)
	at org.apache.ratis.thirdparty.io.netty.util.concurrent.FastThreadLocalRunnable.run(FastThreadLocalRunnable.java:30)
	... 1 more
Caused by: java.net.ConnectException: Connection refused
	... 11 more
2019-10-17 07:10:01,739 [805254cc-2da6-48d8-a2f9-c1a3ceceab4a@group-2C0FEEE55AE1-LeaderElection1249] INFO  impl.LeaderElection (LeaderElection.java:logAndReturn(56)) - 805254cc-2da6-48d8-a2f9-c1a3ceceab4a@group-2C0FEEE55AE1-LeaderElection1249: Election REJECTED; received 0 response(s) [] and 2 exception(s); 805254cc-2da6-48d8-a2f9-c1a3ceceab4a@group-2C0FEEE55AE1:t180, leader=null, voted=805254cc-2da6-48d8-a2f9-c1a3ceceab4a, raftlog=805254cc-2da6-48d8-a2f9-c1a3ceceab4a@group-2C0FEEE55AE1-SegmentedRaftLog:OPENED:c-1,f0,i0, conf=0: [f3ee4219-89bb-47f2-bbe0-5f784575b745:192.168.157.211:38722, 805254cc-2da6-48d8-a2f9-c1a3ceceab4a:192.168.157.211:35407, 696df33b-59a0-4145-913f-936aff0d1566:192.168.157.211:38803], old=null
2019-10-17 07:10:01,739 [805254cc-2da6-48d8-a2f9-c1a3ceceab4a@group-2C0FEEE55AE1-LeaderElection1249] INFO  impl.LeaderElection (LogUtils.java:infoOrTrace(149)) -   Exception 0: {}
java.util.concurrent.ExecutionException: org.apache.ratis.thirdparty.io.grpc.StatusRuntimeException: UNAVAILABLE: io exception
	at java.util.concurrent.FutureTask.report(FutureTask.java:122)
	at java.util.concurrent.FutureTask.get(FutureTask.java:192)
	at org.apache.ratis.server.impl.LeaderElection.waitForResults(LeaderElection.java:259)
	at org.apache.ratis.server.impl.LeaderElection.askForVotes(LeaderElection.java:197)
	at org.apache.ratis.server.impl.LeaderElection.run(LeaderElection.java:133)
	at java.lang.Thread.run(Thread.java:748)
Caused by: org.apache.ratis.thirdparty.io.grpc.StatusRuntimeException: UNAVAILABLE: io exception
	at org.apache.ratis.thirdparty.io.grpc.stub.ClientCalls.toStatusRuntimeException(ClientCalls.java:233)
	at org.apache.ratis.thirdparty.io.grpc.stub.ClientCalls.getUnchecked(ClientCalls.java:214)
	at org.apache.ratis.thirdparty.io.grpc.stub.ClientCalls.blockingUnaryCall(ClientCalls.java:139)
	at org.apache.ratis.proto.grpc.RaftServerProtocolServiceGrpc$RaftServerProtocolServiceBlockingStub.requestVote(RaftServerProtocolServiceGrpc.java:265)
	at org.apache.ratis.grpc.server.GrpcServerProtocolClient.requestVote(GrpcServerProtocolClient.java:99)
	at org.apache.ratis.grpc.server.GrpcService.requestVote(GrpcService.java:204)
	at org.apache.ratis.server.impl.LeaderElection.lambda$submitRequests$1(LeaderElection.java:234)
	at java.util.concurrent.FutureTask.run(FutureTask.java:266)
	at java.util.concurrent.Executors$RunnableAdapter.call(Executors.java:511)
	at java.util.concurrent.FutureTask.run(FutureTask.java:266)
	at java.util.concurrent.ThreadPoolExecutor.runWorker(ThreadPoolExecutor.java:1149)
	at java.util.concurrent.ThreadPoolExecutor$Worker.run(ThreadPoolExecutor.java:624)
	... 1 more
Caused by: org.apache.ratis.thirdparty.io.netty.channel.AbstractChannel$AnnotatedConnectException: Connection refused: /192.168.157.211:38722
	at sun.nio.ch.SocketChannelImpl.checkConnect(Native Method)
	at sun.nio.ch.SocketChannelImpl.finishConnect(SocketChannelImpl.java:717)
	at org.apache.ratis.thirdparty.io.netty.channel.socket.nio.NioSocketChannel.doFinishConnect(NioSocketChannel.java:327)
	at org.apache.ratis.thirdparty.io.netty.channel.nio.AbstractNioChannel$AbstractNioUnsafe.finishConnect(AbstractNioChannel.java:340)
	at org.apache.ratis.thirdparty.io.netty.channel.nio.NioEventLoop.processSelectedKey(NioEventLoop.java:632)
	at org.apache.ratis.thirdparty.io.netty.channel.nio.NioEventLoop.processSelectedKeysOptimized(NioEventLoop.java:579)
	at org.apache.ratis.thirdparty.io.netty.channel.nio.NioEventLoop.processSelectedKeys(NioEventLoop.java:496)
	at org.apache.ratis.thirdparty.io.netty.channel.nio.NioEventLoop.run(NioEventLoop.java:458)
	at org.apache.ratis.thirdparty.io.netty.util.concurrent.SingleThreadEventExecutor$5.run(SingleThreadEventExecutor.java:897)
	at org.apache.ratis.thirdparty.io.netty.util.concurrent.FastThreadLocalRunnable.run(FastThreadLocalRunnable.java:30)
	... 1 more
Caused by: java.net.ConnectException: Connection refused
	... 11 more
2019-10-17 07:10:01,739 [805254cc-2da6-48d8-a2f9-c1a3ceceab4a@group-2C0FEEE55AE1-LeaderElection1249] INFO  impl.LeaderElection (LogUtils.java:infoOrTrace(149)) -   Exception 1: {}
java.util.concurrent.ExecutionException: org.apache.ratis.thirdparty.io.grpc.StatusRuntimeException: UNAVAILABLE: io exception
	at java.util.concurrent.FutureTask.report(FutureTask.java:122)
	at java.util.concurrent.FutureTask.get(FutureTask.java:192)
	at org.apache.ratis.server.impl.LeaderElection.waitForResults(LeaderElection.java:259)
	at org.apache.ratis.server.impl.LeaderElection.askForVotes(LeaderElection.java:197)
	at org.apache.ratis.server.impl.LeaderElection.run(LeaderElection.java:133)
	at java.lang.Thread.run(Thread.java:748)
Caused by: org.apache.ratis.thirdparty.io.grpc.StatusRuntimeException: UNAVAILABLE: io exception
	at org.apache.ratis.thirdparty.io.grpc.stub.ClientCalls.toStatusRuntimeException(ClientCalls.java:233)
	at org.apache.ratis.thirdparty.io.grpc.stub.ClientCalls.getUnchecked(ClientCalls.java:214)
	at org.apache.ratis.thirdparty.io.grpc.stub.ClientCalls.blockingUnaryCall(ClientCalls.java:139)
	at org.apache.ratis.proto.grpc.RaftServerProtocolServiceGrpc$RaftServerProtocolServiceBlockingStub.requestVote(RaftServerProtocolServiceGrpc.java:265)
	at org.apache.ratis.grpc.server.GrpcServerProtocolClient.requestVote(GrpcServerProtocolClient.java:99)
	at org.apache.ratis.grpc.server.GrpcService.requestVote(GrpcService.java:204)
	at org.apache.ratis.server.impl.LeaderElection.lambda$submitRequests$1(LeaderElection.java:234)
	at java.util.concurrent.FutureTask.run(FutureTask.java:266)
	at java.util.concurrent.Executors$RunnableAdapter.call(Executors.java:511)
	at java.util.concurrent.FutureTask.run(FutureTask.java:266)
	at java.util.concurrent.ThreadPoolExecutor.runWorker(ThreadPoolExecutor.java:1149)
	at java.util.concurrent.ThreadPoolExecutor$Worker.run(ThreadPoolExecutor.java:624)
	... 1 more
Caused by: org.apache.ratis.thirdparty.io.netty.channel.AbstractChannel$AnnotatedConnectException: Connection refused: /192.168.157.211:38803
	at sun.nio.ch.SocketChannelImpl.checkConnect(Native Method)
	at sun.nio.ch.SocketChannelImpl.finishConnect(SocketChannelImpl.java:717)
	at org.apache.ratis.thirdparty.io.netty.channel.socket.nio.NioSocketChannel.doFinishConnect(NioSocketChannel.java:327)
	at org.apache.ratis.thirdparty.io.netty.channel.nio.AbstractNioChannel$AbstractNioUnsafe.finishConnect(AbstractNioChannel.java:340)
	at org.apache.ratis.thirdparty.io.netty.channel.nio.NioEventLoop.processSelectedKey(NioEventLoop.java:632)
	at org.apache.ratis.thirdparty.io.netty.channel.nio.NioEventLoop.processSelectedKeysOptimized(NioEventLoop.java:579)
	at org.apache.ratis.thirdparty.io.netty.channel.nio.NioEventLoop.processSelectedKeys(NioEventLoop.java:496)
	at org.apache.ratis.thirdparty.io.netty.channel.nio.NioEventLoop.run(NioEventLoop.java:458)
	at org.apache.ratis.thirdparty.io.netty.util.concurrent.SingleThreadEventExecutor$5.run(SingleThreadEventExecutor.java:897)
	at org.apache.ratis.thirdparty.io.netty.util.concurrent.FastThreadLocalRunnable.run(FastThreadLocalRunnable.java:30)
	... 1 more
Caused by: java.net.ConnectException: Connection refused
	... 11 more
2019-10-17 07:10:01,739 [805254cc-2da6-48d8-a2f9-c1a3ceceab4a@group-2C0FEEE55AE1-LeaderElection1249] INFO  impl.RaftServerImpl (RaftServerImpl.java:setRole(184)) - 805254cc-2da6-48d8-a2f9-c1a3ceceab4a@group-2C0FEEE55AE1: changes role from CANDIDATE to FOLLOWER at term 180 for DISCOVERED_A_NEW_TERM
2019-10-17 07:10:01,739 [805254cc-2da6-48d8-a2f9-c1a3ceceab4a@group-2C0FEEE55AE1-LeaderElection1249] INFO  impl.RoleInfo (RoleInfo.java:shutdownLeaderElection(134)) - 805254cc-2da6-48d8-a2f9-c1a3ceceab4a: shutdown LeaderElection
2019-10-17 07:10:01,740 [805254cc-2da6-48d8-a2f9-c1a3ceceab4a@group-2C0FEEE55AE1-LeaderElection1249] INFO  impl.RoleInfo (RoleInfo.java:updateAndGet(143)) - 805254cc-2da6-48d8-a2f9-c1a3ceceab4a: start FollowerState
2019-10-17 07:10:01,996 [java.util.concurrent.ThreadPoolExecutor$Worker@6af2bccb[State = -1, empty queue]] WARN  server.GrpcLogAppender (GrpcLogAppender.java:timeoutAppendRequest(209)) - a5219191-1681-4090-972d-a7550c5191e1@group-92C9EDB41AD5->c1b4af2d-3b05-4006-acca-753ed6d10b59-GrpcLogAppender: appendEntries Timeout, request=a5219191-1681-4090-972d-a7550c5191e1->c1b4af2d-3b05-4006-acca-753ed6d10b59#60-t2, previous=(t:2, i:0), leaderCommit=0, initializing? false, entries: <empty>
2019-10-17 07:10:02,496 [java.util.concurrent.ThreadPoolExecutor$Worker@6af2bccb[State = -1, empty queue]] WARN  server.GrpcLogAppender (GrpcLogAppender.java:timeoutAppendRequest(209)) - a5219191-1681-4090-972d-a7550c5191e1@group-92C9EDB41AD5->c1b4af2d-3b05-4006-acca-753ed6d10b59-GrpcLogAppender: appendEntries Timeout, request=a5219191-1681-4090-972d-a7550c5191e1->c1b4af2d-3b05-4006-acca-753ed6d10b59#61-t2, previous=(t:2, i:0), leaderCommit=0, initializing? false, entries: <empty>
2019-10-17 07:10:02,788 [Thread-10934] INFO  impl.FollowerState (FollowerState.java:run(108)) - 805254cc-2da6-48d8-a2f9-c1a3ceceab4a@group-2C0FEEE55AE1-FollowerState: change to CANDIDATE, lastRpcTime:1048ms, electionTimeout:1048ms
2019-10-17 07:10:02,788 [Thread-10934] INFO  impl.RoleInfo (RoleInfo.java:shutdownFollowerState(121)) - 805254cc-2da6-48d8-a2f9-c1a3ceceab4a: shutdown FollowerState
2019-10-17 07:10:02,788 [Thread-10934] INFO  impl.RaftServerImpl (RaftServerImpl.java:setRole(184)) - 805254cc-2da6-48d8-a2f9-c1a3ceceab4a@group-2C0FEEE55AE1: changes role from  FOLLOWER to CANDIDATE at term 180 for changeToCandidate
2019-10-17 07:10:02,788 [Thread-10934] INFO  impl.RoleInfo (RoleInfo.java:updateAndGet(143)) - 805254cc-2da6-48d8-a2f9-c1a3ceceab4a: start LeaderElection
2019-10-17 07:10:02,803 [805254cc-2da6-48d8-a2f9-c1a3ceceab4a@group-2C0FEEE55AE1-LeaderElection1250] INFO  impl.LeaderElection (LeaderElection.java:askForVotes(178)) - 805254cc-2da6-48d8-a2f9-c1a3ceceab4a@group-2C0FEEE55AE1-LeaderElection1250: begin an election at term 181 for 0: [f3ee4219-89bb-47f2-bbe0-5f784575b745:192.168.157.211:38722, 805254cc-2da6-48d8-a2f9-c1a3ceceab4a:192.168.157.211:35407, 696df33b-59a0-4145-913f-936aff0d1566:192.168.157.211:38803], old=null
2019-10-17 07:10:02,804 [805254cc-2da6-48d8-a2f9-c1a3ceceab4a@group-2C0FEEE55AE1-LeaderElection1250] INFO  impl.LeaderElection (LogUtils.java:infoOrTrace(149)) - 805254cc-2da6-48d8-a2f9-c1a3ceceab4a@group-2C0FEEE55AE1-LeaderElection1250 got exception when requesting votes: {}
java.util.concurrent.ExecutionException: org.apache.ratis.thirdparty.io.grpc.StatusRuntimeException: UNAVAILABLE: io exception
	at java.util.concurrent.FutureTask.report(FutureTask.java:122)
	at java.util.concurrent.FutureTask.get(FutureTask.java:192)
	at org.apache.ratis.server.impl.LeaderElection.waitForResults(LeaderElection.java:259)
	at org.apache.ratis.server.impl.LeaderElection.askForVotes(LeaderElection.java:197)
	at org.apache.ratis.server.impl.LeaderElection.run(LeaderElection.java:133)
	at java.lang.Thread.run(Thread.java:748)
Caused by: org.apache.ratis.thirdparty.io.grpc.StatusRuntimeException: UNAVAILABLE: io exception
	at org.apache.ratis.thirdparty.io.grpc.stub.ClientCalls.toStatusRuntimeException(ClientCalls.java:233)
	at org.apache.ratis.thirdparty.io.grpc.stub.ClientCalls.getUnchecked(ClientCalls.java:214)
	at org.apache.ratis.thirdparty.io.grpc.stub.ClientCalls.blockingUnaryCall(ClientCalls.java:139)
	at org.apache.ratis.proto.grpc.RaftServerProtocolServiceGrpc$RaftServerProtocolServiceBlockingStub.requestVote(RaftServerProtocolServiceGrpc.java:265)
	at org.apache.ratis.grpc.server.GrpcServerProtocolClient.requestVote(GrpcServerProtocolClient.java:99)
	at org.apache.ratis.grpc.server.GrpcService.requestVote(GrpcService.java:204)
	at org.apache.ratis.server.impl.LeaderElection.lambda$submitRequests$1(LeaderElection.java:234)
	at java.util.concurrent.FutureTask.run(FutureTask.java:266)
	at java.util.concurrent.Executors$RunnableAdapter.call(Executors.java:511)
	at java.util.concurrent.FutureTask.run(FutureTask.java:266)
	at java.util.concurrent.ThreadPoolExecutor.runWorker(ThreadPoolExecutor.java:1149)
	at java.util.concurrent.ThreadPoolExecutor$Worker.run(ThreadPoolExecutor.java:624)
	... 1 more
Caused by: org.apache.ratis.thirdparty.io.netty.channel.AbstractChannel$AnnotatedConnectException: Connection refused: /192.168.157.211:38722
	at sun.nio.ch.SocketChannelImpl.checkConnect(Native Method)
	at sun.nio.ch.SocketChannelImpl.finishConnect(SocketChannelImpl.java:717)
	at org.apache.ratis.thirdparty.io.netty.channel.socket.nio.NioSocketChannel.doFinishConnect(NioSocketChannel.java:327)
	at org.apache.ratis.thirdparty.io.netty.channel.nio.AbstractNioChannel$AbstractNioUnsafe.finishConnect(AbstractNioChannel.java:340)
	at org.apache.ratis.thirdparty.io.netty.channel.nio.NioEventLoop.processSelectedKey(NioEventLoop.java:632)
	at org.apache.ratis.thirdparty.io.netty.channel.nio.NioEventLoop.processSelectedKeysOptimized(NioEventLoop.java:579)
	at org.apache.ratis.thirdparty.io.netty.channel.nio.NioEventLoop.processSelectedKeys(NioEventLoop.java:496)
	at org.apache.ratis.thirdparty.io.netty.channel.nio.NioEventLoop.run(NioEventLoop.java:458)
	at org.apache.ratis.thirdparty.io.netty.util.concurrent.SingleThreadEventExecutor$5.run(SingleThreadEventExecutor.java:897)
	at org.apache.ratis.thirdparty.io.netty.util.concurrent.FastThreadLocalRunnable.run(FastThreadLocalRunnable.java:30)
	... 1 more
Caused by: java.net.ConnectException: Connection refused
	... 11 more
2019-10-17 07:10:02,804 [805254cc-2da6-48d8-a2f9-c1a3ceceab4a@group-2C0FEEE55AE1-LeaderElection1250] INFO  impl.LeaderElection (LogUtils.java:infoOrTrace(149)) - 805254cc-2da6-48d8-a2f9-c1a3ceceab4a@group-2C0FEEE55AE1-LeaderElection1250 got exception when requesting votes: {}
java.util.concurrent.ExecutionException: org.apache.ratis.thirdparty.io.grpc.StatusRuntimeException: UNAVAILABLE: io exception
	at java.util.concurrent.FutureTask.report(FutureTask.java:122)
	at java.util.concurrent.FutureTask.get(FutureTask.java:192)
	at org.apache.ratis.server.impl.LeaderElection.waitForResults(LeaderElection.java:259)
	at org.apache.ratis.server.impl.LeaderElection.askForVotes(LeaderElection.java:197)
	at org.apache.ratis.server.impl.LeaderElection.run(LeaderElection.java:133)
	at java.lang.Thread.run(Thread.java:748)
Caused by: org.apache.ratis.thirdparty.io.grpc.StatusRuntimeException: UNAVAILABLE: io exception
	at org.apache.ratis.thirdparty.io.grpc.stub.ClientCalls.toStatusRuntimeException(ClientCalls.java:233)
	at org.apache.ratis.thirdparty.io.grpc.stub.ClientCalls.getUnchecked(ClientCalls.java:214)
	at org.apache.ratis.thirdparty.io.grpc.stub.ClientCalls.blockingUnaryCall(ClientCalls.java:139)
	at org.apache.ratis.proto.grpc.RaftServerProtocolServiceGrpc$RaftServerProtocolServiceBlockingStub.requestVote(RaftServerProtocolServiceGrpc.java:265)
	at org.apache.ratis.grpc.server.GrpcServerProtocolClient.requestVote(GrpcServerProtocolClient.java:99)
	at org.apache.ratis.grpc.server.GrpcService.requestVote(GrpcService.java:204)
	at org.apache.ratis.server.impl.LeaderElection.lambda$submitRequests$1(LeaderElection.java:234)
	at java.util.concurrent.FutureTask.run(FutureTask.java:266)
	at java.util.concurrent.Executors$RunnableAdapter.call(Executors.java:511)
	at java.util.concurrent.FutureTask.run(FutureTask.java:266)
	at java.util.concurrent.ThreadPoolExecutor.runWorker(ThreadPoolExecutor.java:1149)
	at java.util.concurrent.ThreadPoolExecutor$Worker.run(ThreadPoolExecutor.java:624)
	... 1 more
Caused by: org.apache.ratis.thirdparty.io.netty.channel.AbstractChannel$AnnotatedConnectException: Connection refused: /192.168.157.211:38803
	at sun.nio.ch.SocketChannelImpl.checkConnect(Native Method)
	at sun.nio.ch.SocketChannelImpl.finishConnect(SocketChannelImpl.java:717)
	at org.apache.ratis.thirdparty.io.netty.channel.socket.nio.NioSocketChannel.doFinishConnect(NioSocketChannel.java:327)
	at org.apache.ratis.thirdparty.io.netty.channel.nio.AbstractNioChannel$AbstractNioUnsafe.finishConnect(AbstractNioChannel.java:340)
	at org.apache.ratis.thirdparty.io.netty.channel.nio.NioEventLoop.processSelectedKey(NioEventLoop.java:632)
	at org.apache.ratis.thirdparty.io.netty.channel.nio.NioEventLoop.processSelectedKeysOptimized(NioEventLoop.java:579)
	at org.apache.ratis.thirdparty.io.netty.channel.nio.NioEventLoop.processSelectedKeys(NioEventLoop.java:496)
	at org.apache.ratis.thirdparty.io.netty.channel.nio.NioEventLoop.run(NioEventLoop.java:458)
	at org.apache.ratis.thirdparty.io.netty.util.concurrent.SingleThreadEventExecutor$5.run(SingleThreadEventExecutor.java:897)
	at org.apache.ratis.thirdparty.io.netty.util.concurrent.FastThreadLocalRunnable.run(FastThreadLocalRunnable.java:30)
	... 1 more
Caused by: java.net.ConnectException: Connection refused
	... 11 more
2019-10-17 07:10:02,805 [805254cc-2da6-48d8-a2f9-c1a3ceceab4a@group-2C0FEEE55AE1-LeaderElection1250] INFO  impl.LeaderElection (LeaderElection.java:logAndReturn(56)) - 805254cc-2da6-48d8-a2f9-c1a3ceceab4a@group-2C0FEEE55AE1-LeaderElection1250: Election REJECTED; received 0 response(s) [] and 2 exception(s); 805254cc-2da6-48d8-a2f9-c1a3ceceab4a@group-2C0FEEE55AE1:t181, leader=null, voted=805254cc-2da6-48d8-a2f9-c1a3ceceab4a, raftlog=805254cc-2da6-48d8-a2f9-c1a3ceceab4a@group-2C0FEEE55AE1-SegmentedRaftLog:OPENED:c-1,f0,i0, conf=0: [f3ee4219-89bb-47f2-bbe0-5f784575b745:192.168.157.211:38722, 805254cc-2da6-48d8-a2f9-c1a3ceceab4a:192.168.157.211:35407, 696df33b-59a0-4145-913f-936aff0d1566:192.168.157.211:38803], old=null
2019-10-17 07:10:02,805 [805254cc-2da6-48d8-a2f9-c1a3ceceab4a@group-2C0FEEE55AE1-LeaderElection1250] INFO  impl.LeaderElection (LogUtils.java:infoOrTrace(149)) -   Exception 0: {}
java.util.concurrent.ExecutionException: org.apache.ratis.thirdparty.io.grpc.StatusRuntimeException: UNAVAILABLE: io exception
	at java.util.concurrent.FutureTask.report(FutureTask.java:122)
	at java.util.concurrent.FutureTask.get(FutureTask.java:192)
	at org.apache.ratis.server.impl.LeaderElection.waitForResults(LeaderElection.java:259)
	at org.apache.ratis.server.impl.LeaderElection.askForVotes(LeaderElection.java:197)
	at org.apache.ratis.server.impl.LeaderElection.run(LeaderElection.java:133)
	at java.lang.Thread.run(Thread.java:748)
Caused by: org.apache.ratis.thirdparty.io.grpc.StatusRuntimeException: UNAVAILABLE: io exception
	at org.apache.ratis.thirdparty.io.grpc.stub.ClientCalls.toStatusRuntimeException(ClientCalls.java:233)
	at org.apache.ratis.thirdparty.io.grpc.stub.ClientCalls.getUnchecked(ClientCalls.java:214)
	at org.apache.ratis.thirdparty.io.grpc.stub.ClientCalls.blockingUnaryCall(ClientCalls.java:139)
	at org.apache.ratis.proto.grpc.RaftServerProtocolServiceGrpc$RaftServerProtocolServiceBlockingStub.requestVote(RaftServerProtocolServiceGrpc.java:265)
	at org.apache.ratis.grpc.server.GrpcServerProtocolClient.requestVote(GrpcServerProtocolClient.java:99)
	at org.apache.ratis.grpc.server.GrpcService.requestVote(GrpcService.java:204)
	at org.apache.ratis.server.impl.LeaderElection.lambda$submitRequests$1(LeaderElection.java:234)
	at java.util.concurrent.FutureTask.run(FutureTask.java:266)
	at java.util.concurrent.Executors$RunnableAdapter.call(Executors.java:511)
	at java.util.concurrent.FutureTask.run(FutureTask.java:266)
	at java.util.concurrent.ThreadPoolExecutor.runWorker(ThreadPoolExecutor.java:1149)
	at java.util.concurrent.ThreadPoolExecutor$Worker.run(ThreadPoolExecutor.java:624)
	... 1 more
Caused by: org.apache.ratis.thirdparty.io.netty.channel.AbstractChannel$AnnotatedConnectException: Connection refused: /192.168.157.211:38722
	at sun.nio.ch.SocketChannelImpl.checkConnect(Native Method)
	at sun.nio.ch.SocketChannelImpl.finishConnect(SocketChannelImpl.java:717)
	at org.apache.ratis.thirdparty.io.netty.channel.socket.nio.NioSocketChannel.doFinishConnect(NioSocketChannel.java:327)
	at org.apache.ratis.thirdparty.io.netty.channel.nio.AbstractNioChannel$AbstractNioUnsafe.finishConnect(AbstractNioChannel.java:340)
	at org.apache.ratis.thirdparty.io.netty.channel.nio.NioEventLoop.processSelectedKey(NioEventLoop.java:632)
	at org.apache.ratis.thirdparty.io.netty.channel.nio.NioEventLoop.processSelectedKeysOptimized(NioEventLoop.java:579)
	at org.apache.ratis.thirdparty.io.netty.channel.nio.NioEventLoop.processSelectedKeys(NioEventLoop.java:496)
	at org.apache.ratis.thirdparty.io.netty.channel.nio.NioEventLoop.run(NioEventLoop.java:458)
	at org.apache.ratis.thirdparty.io.netty.util.concurrent.SingleThreadEventExecutor$5.run(SingleThreadEventExecutor.java:897)
	at org.apache.ratis.thirdparty.io.netty.util.concurrent.FastThreadLocalRunnable.run(FastThreadLocalRunnable.java:30)
	... 1 more
Caused by: java.net.ConnectException: Connection refused
	... 11 more
2019-10-17 07:10:02,805 [805254cc-2da6-48d8-a2f9-c1a3ceceab4a@group-2C0FEEE55AE1-LeaderElection1250] INFO  impl.LeaderElection (LogUtils.java:infoOrTrace(149)) -   Exception 1: {}
java.util.concurrent.ExecutionException: org.apache.ratis.thirdparty.io.grpc.StatusRuntimeException: UNAVAILABLE: io exception
	at java.util.concurrent.FutureTask.report(FutureTask.java:122)
	at java.util.concurrent.FutureTask.get(FutureTask.java:192)
	at org.apache.ratis.server.impl.LeaderElection.waitForResults(LeaderElection.java:259)
	at org.apache.ratis.server.impl.LeaderElection.askForVotes(LeaderElection.java:197)
	at org.apache.ratis.server.impl.LeaderElection.run(LeaderElection.java:133)
	at java.lang.Thread.run(Thread.java:748)
Caused by: org.apache.ratis.thirdparty.io.grpc.StatusRuntimeException: UNAVAILABLE: io exception
	at org.apache.ratis.thirdparty.io.grpc.stub.ClientCalls.toStatusRuntimeException(ClientCalls.java:233)
	at org.apache.ratis.thirdparty.io.grpc.stub.ClientCalls.getUnchecked(ClientCalls.java:214)
	at org.apache.ratis.thirdparty.io.grpc.stub.ClientCalls.blockingUnaryCall(ClientCalls.java:139)
	at org.apache.ratis.proto.grpc.RaftServerProtocolServiceGrpc$RaftServerProtocolServiceBlockingStub.requestVote(RaftServerProtocolServiceGrpc.java:265)
	at org.apache.ratis.grpc.server.GrpcServerProtocolClient.requestVote(GrpcServerProtocolClient.java:99)
	at org.apache.ratis.grpc.server.GrpcService.requestVote(GrpcService.java:204)
	at org.apache.ratis.server.impl.LeaderElection.lambda$submitRequests$1(LeaderElection.java:234)
	at java.util.concurrent.FutureTask.run(FutureTask.java:266)
	at java.util.concurrent.Executors$RunnableAdapter.call(Executors.java:511)
	at java.util.concurrent.FutureTask.run(FutureTask.java:266)
	at java.util.concurrent.ThreadPoolExecutor.runWorker(ThreadPoolExecutor.java:1149)
	at java.util.concurrent.ThreadPoolExecutor$Worker.run(ThreadPoolExecutor.java:624)
	... 1 more
Caused by: org.apache.ratis.thirdparty.io.netty.channel.AbstractChannel$AnnotatedConnectException: Connection refused: /192.168.157.211:38803
	at sun.nio.ch.SocketChannelImpl.checkConnect(Native Method)
	at sun.nio.ch.SocketChannelImpl.finishConnect(SocketChannelImpl.java:717)
	at org.apache.ratis.thirdparty.io.netty.channel.socket.nio.NioSocketChannel.doFinishConnect(NioSocketChannel.java:327)
	at org.apache.ratis.thirdparty.io.netty.channel.nio.AbstractNioChannel$AbstractNioUnsafe.finishConnect(AbstractNioChannel.java:340)
	at org.apache.ratis.thirdparty.io.netty.channel.nio.NioEventLoop.processSelectedKey(NioEventLoop.java:632)
	at org.apache.ratis.thirdparty.io.netty.channel.nio.NioEventLoop.processSelectedKeysOptimized(NioEventLoop.java:579)
	at org.apache.ratis.thirdparty.io.netty.channel.nio.NioEventLoop.processSelectedKeys(NioEventLoop.java:496)
	at org.apache.ratis.thirdparty.io.netty.channel.nio.NioEventLoop.run(NioEventLoop.java:458)
	at org.apache.ratis.thirdparty.io.netty.util.concurrent.SingleThreadEventExecutor$5.run(SingleThreadEventExecutor.java:897)
	at org.apache.ratis.thirdparty.io.netty.util.concurrent.FastThreadLocalRunnable.run(FastThreadLocalRunnable.java:30)
	... 1 more
Caused by: java.net.ConnectException: Connection refused
	... 11 more
2019-10-17 07:10:02,805 [805254cc-2da6-48d8-a2f9-c1a3ceceab4a@group-2C0FEEE55AE1-LeaderElection1250] INFO  impl.RaftServerImpl (RaftServerImpl.java:setRole(184)) - 805254cc-2da6-48d8-a2f9-c1a3ceceab4a@group-2C0FEEE55AE1: changes role from CANDIDATE to FOLLOWER at term 181 for DISCOVERED_A_NEW_TERM
2019-10-17 07:10:02,805 [805254cc-2da6-48d8-a2f9-c1a3ceceab4a@group-2C0FEEE55AE1-LeaderElection1250] INFO  impl.RoleInfo (RoleInfo.java:shutdownLeaderElection(134)) - 805254cc-2da6-48d8-a2f9-c1a3ceceab4a: shutdown LeaderElection
2019-10-17 07:10:02,806 [805254cc-2da6-48d8-a2f9-c1a3ceceab4a@group-2C0FEEE55AE1-LeaderElection1250] INFO  impl.RoleInfo (RoleInfo.java:updateAndGet(143)) - 805254cc-2da6-48d8-a2f9-c1a3ceceab4a: start FollowerState
2019-10-17 07:10:02,996 [java.util.concurrent.ThreadPoolExecutor$Worker@6af2bccb[State = -1, empty queue]] WARN  server.GrpcLogAppender (GrpcLogAppender.java:timeoutAppendRequest(209)) - a5219191-1681-4090-972d-a7550c5191e1@group-92C9EDB41AD5->c1b4af2d-3b05-4006-acca-753ed6d10b59-GrpcLogAppender: appendEntries Timeout, request=a5219191-1681-4090-972d-a7550c5191e1->c1b4af2d-3b05-4006-acca-753ed6d10b59#62-t2, previous=(t:2, i:0), leaderCommit=0, initializing? false, entries: <empty>
2019-10-17 07:10:03,011 [java.util.concurrent.ThreadPoolExecutor$Worker@435a07af[State = -1, empty queue]] WARN  server.GrpcLogAppender (GrpcLogAppender.java:timeoutAppendRequest(209)) - a5219191-1681-4090-972d-a7550c5191e1@group-92C9EDB41AD5->c8a9c3c2-a9d1-4984-920c-603cda31e4c5-GrpcLogAppender: appendEntries Timeout, request=a5219191-1681-4090-972d-a7550c5191e1->c8a9c3c2-a9d1-4984-920c-603cda31e4c5#62-t2, previous=(t:2, i:0), leaderCommit=0, initializing? false, entries: <empty>
2019-10-17 07:10:03,496 [java.util.concurrent.ThreadPoolExecutor$Worker@6af2bccb[State = -1, empty queue]] WARN  server.GrpcLogAppender (GrpcLogAppender.java:timeoutAppendRequest(209)) - a5219191-1681-4090-972d-a7550c5191e1@group-92C9EDB41AD5->c1b4af2d-3b05-4006-acca-753ed6d10b59-GrpcLogAppender: appendEntries Timeout, request=a5219191-1681-4090-972d-a7550c5191e1->c1b4af2d-3b05-4006-acca-753ed6d10b59#63-t2, previous=(t:2, i:0), leaderCommit=0, initializing? false, entries: <empty>
2019-10-17 07:10:03,512 [java.util.concurrent.ThreadPoolExecutor$Worker@435a07af[State = -1, empty queue]] WARN  server.GrpcLogAppender (GrpcLogAppender.java:timeoutAppendRequest(209)) - a5219191-1681-4090-972d-a7550c5191e1@group-92C9EDB41AD5->c8a9c3c2-a9d1-4984-920c-603cda31e4c5-GrpcLogAppender: appendEntries Timeout, request=a5219191-1681-4090-972d-a7550c5191e1->c8a9c3c2-a9d1-4984-920c-603cda31e4c5#63-t2, previous=(t:2, i:0), leaderCommit=0, initializing? false, entries: <empty>
2019-10-17 07:10:03,826 [Thread-10938] INFO  impl.FollowerState (FollowerState.java:run(108)) - 805254cc-2da6-48d8-a2f9-c1a3ceceab4a@group-2C0FEEE55AE1-FollowerState: change to CANDIDATE, lastRpcTime:1020ms, electionTimeout:1020ms
2019-10-17 07:10:03,826 [Thread-10938] INFO  impl.RoleInfo (RoleInfo.java:shutdownFollowerState(121)) - 805254cc-2da6-48d8-a2f9-c1a3ceceab4a: shutdown FollowerState
2019-10-17 07:10:03,826 [Thread-10938] INFO  impl.RaftServerImpl (RaftServerImpl.java:setRole(184)) - 805254cc-2da6-48d8-a2f9-c1a3ceceab4a@group-2C0FEEE55AE1: changes role from  FOLLOWER to CANDIDATE at term 181 for changeToCandidate
2019-10-17 07:10:03,826 [Thread-10938] INFO  impl.RoleInfo (RoleInfo.java:updateAndGet(143)) - 805254cc-2da6-48d8-a2f9-c1a3ceceab4a: start LeaderElection
2019-10-17 07:10:03,840 [805254cc-2da6-48d8-a2f9-c1a3ceceab4a@group-2C0FEEE55AE1-LeaderElection1251] INFO  impl.LeaderElection (LeaderElection.java:askForVotes(178)) - 805254cc-2da6-48d8-a2f9-c1a3ceceab4a@group-2C0FEEE55AE1-LeaderElection1251: begin an election at term 182 for 0: [f3ee4219-89bb-47f2-bbe0-5f784575b745:192.168.157.211:38722, 805254cc-2da6-48d8-a2f9-c1a3ceceab4a:192.168.157.211:35407, 696df33b-59a0-4145-913f-936aff0d1566:192.168.157.211:38803], old=null
2019-10-17 07:10:03,841 [805254cc-2da6-48d8-a2f9-c1a3ceceab4a@group-2C0FEEE55AE1-LeaderElection1251] INFO  impl.LeaderElection (LogUtils.java:infoOrTrace(149)) - 805254cc-2da6-48d8-a2f9-c1a3ceceab4a@group-2C0FEEE55AE1-LeaderElection1251 got exception when requesting votes: {}
java.util.concurrent.ExecutionException: org.apache.ratis.thirdparty.io.grpc.StatusRuntimeException: UNAVAILABLE: io exception
	at java.util.concurrent.FutureTask.report(FutureTask.java:122)
	at java.util.concurrent.FutureTask.get(FutureTask.java:192)
	at org.apache.ratis.server.impl.LeaderElection.waitForResults(LeaderElection.java:259)
	at org.apache.ratis.server.impl.LeaderElection.askForVotes(LeaderElection.java:197)
	at org.apache.ratis.server.impl.LeaderElection.run(LeaderElection.java:133)
	at java.lang.Thread.run(Thread.java:748)
Caused by: org.apache.ratis.thirdparty.io.grpc.StatusRuntimeException: UNAVAILABLE: io exception
	at org.apache.ratis.thirdparty.io.grpc.stub.ClientCalls.toStatusRuntimeException(ClientCalls.java:233)
	at org.apache.ratis.thirdparty.io.grpc.stub.ClientCalls.getUnchecked(ClientCalls.java:214)
	at org.apache.ratis.thirdparty.io.grpc.stub.ClientCalls.blockingUnaryCall(ClientCalls.java:139)
	at org.apache.ratis.proto.grpc.RaftServerProtocolServiceGrpc$RaftServerProtocolServiceBlockingStub.requestVote(RaftServerProtocolServiceGrpc.java:265)
	at org.apache.ratis.grpc.server.GrpcServerProtocolClient.requestVote(GrpcServerProtocolClient.java:99)
	at org.apache.ratis.grpc.server.GrpcService.requestVote(GrpcService.java:204)
	at org.apache.ratis.server.impl.LeaderElection.lambda$submitRequests$1(LeaderElection.java:234)
	at java.util.concurrent.FutureTask.run(FutureTask.java:266)
	at java.util.concurrent.Executors$RunnableAdapter.call(Executors.java:511)
	at java.util.concurrent.FutureTask.run(FutureTask.java:266)
	at java.util.concurrent.ThreadPoolExecutor.runWorker(ThreadPoolExecutor.java:1149)
	at java.util.concurrent.ThreadPoolExecutor$Worker.run(ThreadPoolExecutor.java:624)
	... 1 more
Caused by: org.apache.ratis.thirdparty.io.netty.channel.AbstractChannel$AnnotatedConnectException: Connection refused: /192.168.157.211:38722
	at sun.nio.ch.SocketChannelImpl.checkConnect(Native Method)
	at sun.nio.ch.SocketChannelImpl.finishConnect(SocketChannelImpl.java:717)
	at org.apache.ratis.thirdparty.io.netty.channel.socket.nio.NioSocketChannel.doFinishConnect(NioSocketChannel.java:327)
	at org.apache.ratis.thirdparty.io.netty.channel.nio.AbstractNioChannel$AbstractNioUnsafe.finishConnect(AbstractNioChannel.java:340)
	at org.apache.ratis.thirdparty.io.netty.channel.nio.NioEventLoop.processSelectedKey(NioEventLoop.java:632)
	at org.apache.ratis.thirdparty.io.netty.channel.nio.NioEventLoop.processSelectedKeysOptimized(NioEventLoop.java:579)
	at org.apache.ratis.thirdparty.io.netty.channel.nio.NioEventLoop.processSelectedKeys(NioEventLoop.java:496)
	at org.apache.ratis.thirdparty.io.netty.channel.nio.NioEventLoop.run(NioEventLoop.java:458)
	at org.apache.ratis.thirdparty.io.netty.util.concurrent.SingleThreadEventExecutor$5.run(SingleThreadEventExecutor.java:897)
	at org.apache.ratis.thirdparty.io.netty.util.concurrent.FastThreadLocalRunnable.run(FastThreadLocalRunnable.java:30)
	... 1 more
Caused by: java.net.ConnectException: Connection refused
	... 11 more
2019-10-17 07:10:03,842 [805254cc-2da6-48d8-a2f9-c1a3ceceab4a@group-2C0FEEE55AE1-LeaderElection1251] INFO  impl.LeaderElection (LogUtils.java:infoOrTrace(149)) - 805254cc-2da6-48d8-a2f9-c1a3ceceab4a@group-2C0FEEE55AE1-LeaderElection1251 got exception when requesting votes: {}
java.util.concurrent.ExecutionException: org.apache.ratis.thirdparty.io.grpc.StatusRuntimeException: UNAVAILABLE: io exception
	at java.util.concurrent.FutureTask.report(FutureTask.java:122)
	at java.util.concurrent.FutureTask.get(FutureTask.java:192)
	at org.apache.ratis.server.impl.LeaderElection.waitForResults(LeaderElection.java:259)
	at org.apache.ratis.server.impl.LeaderElection.askForVotes(LeaderElection.java:197)
	at org.apache.ratis.server.impl.LeaderElection.run(LeaderElection.java:133)
	at java.lang.Thread.run(Thread.java:748)
Caused by: org.apache.ratis.thirdparty.io.grpc.StatusRuntimeException: UNAVAILABLE: io exception
	at org.apache.ratis.thirdparty.io.grpc.stub.ClientCalls.toStatusRuntimeException(ClientCalls.java:233)
	at org.apache.ratis.thirdparty.io.grpc.stub.ClientCalls.getUnchecked(ClientCalls.java:214)
	at org.apache.ratis.thirdparty.io.grpc.stub.ClientCalls.blockingUnaryCall(ClientCalls.java:139)
	at org.apache.ratis.proto.grpc.RaftServerProtocolServiceGrpc$RaftServerProtocolServiceBlockingStub.requestVote(RaftServerProtocolServiceGrpc.java:265)
	at org.apache.ratis.grpc.server.GrpcServerProtocolClient.requestVote(GrpcServerProtocolClient.java:99)
	at org.apache.ratis.grpc.server.GrpcService.requestVote(GrpcService.java:204)
	at org.apache.ratis.server.impl.LeaderElection.lambda$submitRequests$1(LeaderElection.java:234)
	at java.util.concurrent.FutureTask.run(FutureTask.java:266)
	at java.util.concurrent.Executors$RunnableAdapter.call(Executors.java:511)
	at java.util.concurrent.FutureTask.run(FutureTask.java:266)
	at java.util.concurrent.ThreadPoolExecutor.runWorker(ThreadPoolExecutor.java:1149)
	at java.util.concurrent.ThreadPoolExecutor$Worker.run(ThreadPoolExecutor.java:624)
	... 1 more
Caused by: org.apache.ratis.thirdparty.io.netty.channel.AbstractChannel$AnnotatedConnectException: Connection refused: /192.168.157.211:38803
	at sun.nio.ch.SocketChannelImpl.checkConnect(Native Method)
	at sun.nio.ch.SocketChannelImpl.finishConnect(SocketChannelImpl.java:717)
	at org.apache.ratis.thirdparty.io.netty.channel.socket.nio.NioSocketChannel.doFinishConnect(NioSocketChannel.java:327)
	at org.apache.ratis.thirdparty.io.netty.channel.nio.AbstractNioChannel$AbstractNioUnsafe.finishConnect(AbstractNioChannel.java:340)
	at org.apache.ratis.thirdparty.io.netty.channel.nio.NioEventLoop.processSelectedKey(NioEventLoop.java:632)
	at org.apache.ratis.thirdparty.io.netty.channel.nio.NioEventLoop.processSelectedKeysOptimized(NioEventLoop.java:579)
	at org.apache.ratis.thirdparty.io.netty.channel.nio.NioEventLoop.processSelectedKeys(NioEventLoop.java:496)
	at org.apache.ratis.thirdparty.io.netty.channel.nio.NioEventLoop.run(NioEventLoop.java:458)
	at org.apache.ratis.thirdparty.io.netty.util.concurrent.SingleThreadEventExecutor$5.run(SingleThreadEventExecutor.java:897)
	at org.apache.ratis.thirdparty.io.netty.util.concurrent.FastThreadLocalRunnable.run(FastThreadLocalRunnable.java:30)
	... 1 more
Caused by: java.net.ConnectException: Connection refused
	... 11 more
2019-10-17 07:10:03,842 [805254cc-2da6-48d8-a2f9-c1a3ceceab4a@group-2C0FEEE55AE1-LeaderElection1251] INFO  impl.LeaderElection (LeaderElection.java:logAndReturn(56)) - 805254cc-2da6-48d8-a2f9-c1a3ceceab4a@group-2C0FEEE55AE1-LeaderElection1251: Election REJECTED; received 0 response(s) [] and 2 exception(s); 805254cc-2da6-48d8-a2f9-c1a3ceceab4a@group-2C0FEEE55AE1:t182, leader=null, voted=805254cc-2da6-48d8-a2f9-c1a3ceceab4a, raftlog=805254cc-2da6-48d8-a2f9-c1a3ceceab4a@group-2C0FEEE55AE1-SegmentedRaftLog:OPENED:c-1,f0,i0, conf=0: [f3ee4219-89bb-47f2-bbe0-5f784575b745:192.168.157.211:38722, 805254cc-2da6-48d8-a2f9-c1a3ceceab4a:192.168.157.211:35407, 696df33b-59a0-4145-913f-936aff0d1566:192.168.157.211:38803], old=null
2019-10-17 07:10:03,842 [805254cc-2da6-48d8-a2f9-c1a3ceceab4a@group-2C0FEEE55AE1-LeaderElection1251] INFO  impl.LeaderElection (LogUtils.java:infoOrTrace(149)) -   Exception 0: {}
java.util.concurrent.ExecutionException: org.apache.ratis.thirdparty.io.grpc.StatusRuntimeException: UNAVAILABLE: io exception
	at java.util.concurrent.FutureTask.report(FutureTask.java:122)
	at java.util.concurrent.FutureTask.get(FutureTask.java:192)
	at org.apache.ratis.server.impl.LeaderElection.waitForResults(LeaderElection.java:259)
	at org.apache.ratis.server.impl.LeaderElection.askForVotes(LeaderElection.java:197)
	at org.apache.ratis.server.impl.LeaderElection.run(LeaderElection.java:133)
	at java.lang.Thread.run(Thread.java:748)
Caused by: org.apache.ratis.thirdparty.io.grpc.StatusRuntimeException: UNAVAILABLE: io exception
	at org.apache.ratis.thirdparty.io.grpc.stub.ClientCalls.toStatusRuntimeException(ClientCalls.java:233)
	at org.apache.ratis.thirdparty.io.grpc.stub.ClientCalls.getUnchecked(ClientCalls.java:214)
	at org.apache.ratis.thirdparty.io.grpc.stub.ClientCalls.blockingUnaryCall(ClientCalls.java:139)
	at org.apache.ratis.proto.grpc.RaftServerProtocolServiceGrpc$RaftServerProtocolServiceBlockingStub.requestVote(RaftServerProtocolServiceGrpc.java:265)
	at org.apache.ratis.grpc.server.GrpcServerProtocolClient.requestVote(GrpcServerProtocolClient.java:99)
	at org.apache.ratis.grpc.server.GrpcService.requestVote(GrpcService.java:204)
	at org.apache.ratis.server.impl.LeaderElection.lambda$submitRequests$1(LeaderElection.java:234)
	at java.util.concurrent.FutureTask.run(FutureTask.java:266)
	at java.util.concurrent.Executors$RunnableAdapter.call(Executors.java:511)
	at java.util.concurrent.FutureTask.run(FutureTask.java:266)
	at java.util.concurrent.ThreadPoolExecutor.runWorker(ThreadPoolExecutor.java:1149)
	at java.util.concurrent.ThreadPoolExecutor$Worker.run(ThreadPoolExecutor.java:624)
	... 1 more
Caused by: org.apache.ratis.thirdparty.io.netty.channel.AbstractChannel$AnnotatedConnectException: Connection refused: /192.168.157.211:38722
	at sun.nio.ch.SocketChannelImpl.checkConnect(Native Method)
	at sun.nio.ch.SocketChannelImpl.finishConnect(SocketChannelImpl.java:717)
	at org.apache.ratis.thirdparty.io.netty.channel.socket.nio.NioSocketChannel.doFinishConnect(NioSocketChannel.java:327)
	at org.apache.ratis.thirdparty.io.netty.channel.nio.AbstractNioChannel$AbstractNioUnsafe.finishConnect(AbstractNioChannel.java:340)
	at org.apache.ratis.thirdparty.io.netty.channel.nio.NioEventLoop.processSelectedKey(NioEventLoop.java:632)
	at org.apache.ratis.thirdparty.io.netty.channel.nio.NioEventLoop.processSelectedKeysOptimized(NioEventLoop.java:579)
	at org.apache.ratis.thirdparty.io.netty.channel.nio.NioEventLoop.processSelectedKeys(NioEventLoop.java:496)
	at org.apache.ratis.thirdparty.io.netty.channel.nio.NioEventLoop.run(NioEventLoop.java:458)
	at org.apache.ratis.thirdparty.io.netty.util.concurrent.SingleThreadEventExecutor$5.run(SingleThreadEventExecutor.java:897)
	at org.apache.ratis.thirdparty.io.netty.util.concurrent.FastThreadLocalRunnable.run(FastThreadLocalRunnable.java:30)
	... 1 more
Caused by: java.net.ConnectException: Connection refused
	... 11 more
2019-10-17 07:10:03,843 [805254cc-2da6-48d8-a2f9-c1a3ceceab4a@group-2C0FEEE55AE1-LeaderElection1251] INFO  impl.LeaderElection (LogUtils.java:infoOrTrace(149)) -   Exception 1: {}
java.util.concurrent.ExecutionException: org.apache.ratis.thirdparty.io.grpc.StatusRuntimeException: UNAVAILABLE: io exception
	at java.util.concurrent.FutureTask.report(FutureTask.java:122)
	at java.util.concurrent.FutureTask.get(FutureTask.java:192)
	at org.apache.ratis.server.impl.LeaderElection.waitForResults(LeaderElection.java:259)
	at org.apache.ratis.server.impl.LeaderElection.askForVotes(LeaderElection.java:197)
	at org.apache.ratis.server.impl.LeaderElection.run(LeaderElection.java:133)
	at java.lang.Thread.run(Thread.java:748)
Caused by: org.apache.ratis.thirdparty.io.grpc.StatusRuntimeException: UNAVAILABLE: io exception
	at org.apache.ratis.thirdparty.io.grpc.stub.ClientCalls.toStatusRuntimeException(ClientCalls.java:233)
	at org.apache.ratis.thirdparty.io.grpc.stub.ClientCalls.getUnchecked(ClientCalls.java:214)
	at org.apache.ratis.thirdparty.io.grpc.stub.ClientCalls.blockingUnaryCall(ClientCalls.java:139)
	at org.apache.ratis.proto.grpc.RaftServerProtocolServiceGrpc$RaftServerProtocolServiceBlockingStub.requestVote(RaftServerProtocolServiceGrpc.java:265)
	at org.apache.ratis.grpc.server.GrpcServerProtocolClient.requestVote(GrpcServerProtocolClient.java:99)
	at org.apache.ratis.grpc.server.GrpcService.requestVote(GrpcService.java:204)
	at org.apache.ratis.server.impl.LeaderElection.lambda$submitRequests$1(LeaderElection.java:234)
	at java.util.concurrent.FutureTask.run(FutureTask.java:266)
	at java.util.concurrent.Executors$RunnableAdapter.call(Executors.java:511)
	at java.util.concurrent.FutureTask.run(FutureTask.java:266)
	at java.util.concurrent.ThreadPoolExecutor.runWorker(ThreadPoolExecutor.java:1149)
	at java.util.concurrent.ThreadPoolExecutor$Worker.run(ThreadPoolExecutor.java:624)
	... 1 more
Caused by: org.apache.ratis.thirdparty.io.netty.channel.AbstractChannel$AnnotatedConnectException: Connection refused: /192.168.157.211:38803
	at sun.nio.ch.SocketChannelImpl.checkConnect(Native Method)
	at sun.nio.ch.SocketChannelImpl.finishConnect(SocketChannelImpl.java:717)
	at org.apache.ratis.thirdparty.io.netty.channel.socket.nio.NioSocketChannel.doFinishConnect(NioSocketChannel.java:327)
	at org.apache.ratis.thirdparty.io.netty.channel.nio.AbstractNioChannel$AbstractNioUnsafe.finishConnect(AbstractNioChannel.java:340)
	at org.apache.ratis.thirdparty.io.netty.channel.nio.NioEventLoop.processSelectedKey(NioEventLoop.java:632)
	at org.apache.ratis.thirdparty.io.netty.channel.nio.NioEventLoop.processSelectedKeysOptimized(NioEventLoop.java:579)
	at org.apache.ratis.thirdparty.io.netty.channel.nio.NioEventLoop.processSelectedKeys(NioEventLoop.java:496)
	at org.apache.ratis.thirdparty.io.netty.channel.nio.NioEventLoop.run(NioEventLoop.java:458)
	at org.apache.ratis.thirdparty.io.netty.util.concurrent.SingleThreadEventExecutor$5.run(SingleThreadEventExecutor.java:897)
	at org.apache.ratis.thirdparty.io.netty.util.concurrent.FastThreadLocalRunnable.run(FastThreadLocalRunnable.java:30)
	... 1 more
Caused by: java.net.ConnectException: Connection refused
	... 11 more
2019-10-17 07:10:03,843 [805254cc-2da6-48d8-a2f9-c1a3ceceab4a@group-2C0FEEE55AE1-LeaderElection1251] INFO  impl.RaftServerImpl (RaftServerImpl.java:setRole(184)) - 805254cc-2da6-48d8-a2f9-c1a3ceceab4a@group-2C0FEEE55AE1: changes role from CANDIDATE to FOLLOWER at term 182 for DISCOVERED_A_NEW_TERM
2019-10-17 07:10:03,843 [805254cc-2da6-48d8-a2f9-c1a3ceceab4a@group-2C0FEEE55AE1-LeaderElection1251] INFO  impl.RoleInfo (RoleInfo.java:shutdownLeaderElection(134)) - 805254cc-2da6-48d8-a2f9-c1a3ceceab4a: shutdown LeaderElection
2019-10-17 07:10:03,844 [805254cc-2da6-48d8-a2f9-c1a3ceceab4a@group-2C0FEEE55AE1-LeaderElection1251] INFO  impl.RoleInfo (RoleInfo.java:updateAndGet(143)) - 805254cc-2da6-48d8-a2f9-c1a3ceceab4a: start FollowerState
2019-10-17 07:10:03,997 [java.util.concurrent.ThreadPoolExecutor$Worker@6af2bccb[State = -1, empty queue]] WARN  server.GrpcLogAppender (GrpcLogAppender.java:timeoutAppendRequest(209)) - a5219191-1681-4090-972d-a7550c5191e1@group-92C9EDB41AD5->c1b4af2d-3b05-4006-acca-753ed6d10b59-GrpcLogAppender: appendEntries Timeout, request=a5219191-1681-4090-972d-a7550c5191e1->c1b4af2d-3b05-4006-acca-753ed6d10b59#64-t2, previous=(t:2, i:0), leaderCommit=0, initializing? false, entries: <empty>
2019-10-17 07:10:04,012 [java.util.concurrent.ThreadPoolExecutor$Worker@435a07af[State = -1, empty queue]] WARN  server.GrpcLogAppender (GrpcLogAppender.java:timeoutAppendRequest(209)) - a5219191-1681-4090-972d-a7550c5191e1@group-92C9EDB41AD5->c8a9c3c2-a9d1-4984-920c-603cda31e4c5-GrpcLogAppender: appendEntries Timeout, request=a5219191-1681-4090-972d-a7550c5191e1->c8a9c3c2-a9d1-4984-920c-603cda31e4c5#64-t2, previous=(t:2, i:0), leaderCommit=0, initializing? false, entries: <empty>
2019-10-17 07:10:04,497 [java.util.concurrent.ThreadPoolExecutor$Worker@6af2bccb[State = -1, empty queue]] WARN  server.GrpcLogAppender (GrpcLogAppender.java:timeoutAppendRequest(209)) - a5219191-1681-4090-972d-a7550c5191e1@group-92C9EDB41AD5->c1b4af2d-3b05-4006-acca-753ed6d10b59-GrpcLogAppender: appendEntries Timeout, request=a5219191-1681-4090-972d-a7550c5191e1->c1b4af2d-3b05-4006-acca-753ed6d10b59#65-t2, previous=(t:2, i:0), leaderCommit=0, initializing? false, entries: <empty>
2019-10-17 07:10:04,512 [java.util.concurrent.ThreadPoolExecutor$Worker@435a07af[State = -1, empty queue]] WARN  server.GrpcLogAppender (GrpcLogAppender.java:timeoutAppendRequest(209)) - a5219191-1681-4090-972d-a7550c5191e1@group-92C9EDB41AD5->c8a9c3c2-a9d1-4984-920c-603cda31e4c5-GrpcLogAppender: appendEntries Timeout, request=a5219191-1681-4090-972d-a7550c5191e1->c8a9c3c2-a9d1-4984-920c-603cda31e4c5#65-t2, previous=(t:2, i:0), leaderCommit=0, initializing? false, entries: <empty>
2019-10-17 07:10:04,845 [main] INFO  ozoneimpl.OzoneContainer (OzoneContainer.java:stop(227)) - Attempting to stop container services.
2019-10-17 07:10:04,846 [main] INFO  impl.RaftServerProxy (RaftServerProxy.java:lambda$close$4(314)) - 3a8b13b5-9a2a-4d15-b361-dcd1441f2603: close
2019-10-17 07:10:04,846 [main] INFO  impl.RaftServerImpl (RaftServerImpl.java:lambda$shutdown$3(261)) - 3a8b13b5-9a2a-4d15-b361-dcd1441f2603@group-F639A4AA7A27: shutdown
2019-10-17 07:10:04,846 [main] INFO  util.JmxRegister (JmxRegister.java:unregister(73)) - Successfully un-registered JMX Bean with object name Ratis:service=RaftServer,group=group-F639A4AA7A27,id=3a8b13b5-9a2a-4d15-b361-dcd1441f2603
2019-10-17 07:10:04,847 [main] INFO  impl.RoleInfo (RoleInfo.java:shutdownLeaderState(104)) - 3a8b13b5-9a2a-4d15-b361-dcd1441f2603: shutdown LeaderState
2019-10-17 07:10:04,847 [main] INFO  impl.PendingRequests (PendingRequests.java:sendNotLeaderResponses(202)) - 3a8b13b5-9a2a-4d15-b361-dcd1441f2603@group-F639A4AA7A27-PendingRequests: sendNotLeaderResponses
2019-10-17 07:10:04,847 [main] INFO  impl.StateMachineUpdater (StateMachineUpdater.java:stopAndJoin(136)) - 3a8b13b5-9a2a-4d15-b361-dcd1441f2603@group-F639A4AA7A27-StateMachineUpdater: set stopIndex = 0
2019-10-17 07:10:04,848 [main] INFO  impl.RaftServerImpl (ServerState.java:close(388)) - 3a8b13b5-9a2a-4d15-b361-dcd1441f2603@group-F639A4AA7A27: closes. applyIndex: 0
2019-10-17 07:10:04,848 [3a8b13b5-9a2a-4d15-b361-dcd1441f2603@group-F639A4AA7A27-SegmentedRaftLogWorker] INFO  segmented.SegmentedRaftLogWorker (SegmentedRaftLogWorker.java:run(316)) - 3a8b13b5-9a2a-4d15-b361-dcd1441f2603@group-F639A4AA7A27-SegmentedRaftLogWorker was interrupted, exiting. There are 0 tasks remaining in the queue.
2019-10-17 07:10:04,848 [main] INFO  segmented.SegmentedRaftLogWorker (SegmentedRaftLogWorker.java:close(224)) - 3a8b13b5-9a2a-4d15-b361-dcd1441f2603@group-F639A4AA7A27-SegmentedRaftLogWorker close()
2019-10-17 07:10:04,853 [main] INFO  server.GrpcService (GrpcService.java:closeImpl(164)) - 3a8b13b5-9a2a-4d15-b361-dcd1441f2603: shutdown server with port 37213 now
2019-10-17 07:10:04,855 [main] INFO  server.GrpcService (GrpcService.java:closeImpl(172)) - 3a8b13b5-9a2a-4d15-b361-dcd1441f2603: shutdown server with port 37213 successfully
2019-10-17 07:10:04,857 [refreshUsed-/workdir/hadoop-ozone/integration-test/target/test-dir/MiniOzoneClusterImpl-e7c0418f-15c1-471d-99db-59e1afe04953/datanode-9/data/containers] WARN  fs.CachingGetSpaceUsed (CachingGetSpaceUsed.java:run(183)) - Thread Interrupted waiting to refresh disk information: sleep interrupted
2019-10-17 07:10:04,868 [Thread-10942] INFO  impl.FollowerState (FollowerState.java:run(108)) - 805254cc-2da6-48d8-a2f9-c1a3ceceab4a@group-2C0FEEE55AE1-FollowerState: change to CANDIDATE, lastRpcTime:1024ms, electionTimeout:1024ms
2019-10-17 07:10:04,868 [Thread-10942] INFO  impl.RoleInfo (RoleInfo.java:shutdownFollowerState(121)) - 805254cc-2da6-48d8-a2f9-c1a3ceceab4a: shutdown FollowerState
2019-10-17 07:10:04,868 [Thread-10942] INFO  impl.RaftServerImpl (RaftServerImpl.java:setRole(184)) - 805254cc-2da6-48d8-a2f9-c1a3ceceab4a@group-2C0FEEE55AE1: changes role from  FOLLOWER to CANDIDATE at term 182 for changeToCandidate
2019-10-17 07:10:04,868 [Thread-10942] INFO  impl.RoleInfo (RoleInfo.java:updateAndGet(143)) - 805254cc-2da6-48d8-a2f9-c1a3ceceab4a: start LeaderElection
2019-10-17 07:10:04,870 [main] INFO  utils.BackgroundService (BackgroundService.java:shutdown(151)) - Shutting down service BlockDeletingService
2019-10-17 07:10:04,872 [main] INFO  statemachine.DatanodeStateMachine (DatanodeStateMachine.java:stopDaemon(395)) - Ozone container server stopped.
2019-10-17 07:10:04,873 [main] INFO  handler.ContextHandler (ContextHandler.java:doStop(910)) - Stopped o.e.j.w.WebAppContext@643ecfef{/,null,UNAVAILABLE}{/hddsDatanode}
2019-10-17 07:10:04,874 [main] INFO  server.AbstractConnector (AbstractConnector.java:doStop(318)) - Stopped ServerConnector@1b31af02{HTTP/1.1,[http/1.1]}{0.0.0.0:0}
2019-10-17 07:10:04,874 [main] INFO  handler.ContextHandler (ContextHandler.java:doStop(910)) - Stopped o.e.j.s.ServletContextHandler@4567fb2b{/static,jar:file:/home/user/.m2/repository/org/apache/hadoop/hadoop-hdds-container-service/0.5.0-SNAPSHOT/hadoop-hdds-container-service-0.5.0-SNAPSHOT.jar!/webapps/static,UNAVAILABLE}
2019-10-17 07:10:04,874 [main] INFO  handler.ContextHandler (ContextHandler.java:doStop(910)) - Stopped o.e.j.s.ServletContextHandler@19ae36f4{/logs,file:///workdir/hadoop-ozone/integration-test/target/log,UNAVAILABLE}
2019-10-17 07:10:04,885 [ForkJoinPool.commonPool-worker-0] INFO  ozoneimpl.OzoneContainer (OzoneContainer.java:stop(227)) - Attempting to stop container services.
2019-10-17 07:10:04,885 [ForkJoinPool.commonPool-worker-0] INFO  impl.RaftServerProxy (RaftServerProxy.java:lambda$close$4(314)) - 805254cc-2da6-48d8-a2f9-c1a3ceceab4a: close
2019-10-17 07:10:04,886 [ForkJoinPool.commonPool-worker-0] INFO  impl.RaftServerImpl (RaftServerImpl.java:lambda$shutdown$3(261)) - 805254cc-2da6-48d8-a2f9-c1a3ceceab4a@group-A21122A915C2: shutdown
2019-10-17 07:10:04,886 [ForkJoinPool.commonPool-worker-0] INFO  util.JmxRegister (JmxRegister.java:unregister(73)) - Successfully un-registered JMX Bean with object name Ratis:service=RaftServer,group=group-A21122A915C2,id=805254cc-2da6-48d8-a2f9-c1a3ceceab4a
2019-10-17 07:10:04,886 [ForkJoinPool.commonPool-worker-0] INFO  impl.RoleInfo (RoleInfo.java:shutdownLeaderState(104)) - 805254cc-2da6-48d8-a2f9-c1a3ceceab4a: shutdown LeaderState
2019-10-17 07:10:04,886 [ForkJoinPool.commonPool-worker-0] INFO  impl.PendingRequests (PendingRequests.java:sendNotLeaderResponses(202)) - 805254cc-2da6-48d8-a2f9-c1a3ceceab4a@group-A21122A915C2-PendingRequests: sendNotLeaderResponses
2019-10-17 07:10:04,887 [ForkJoinPool.commonPool-worker-0] INFO  impl.StateMachineUpdater (StateMachineUpdater.java:stopAndJoin(136)) - 805254cc-2da6-48d8-a2f9-c1a3ceceab4a@group-A21122A915C2-StateMachineUpdater: set stopIndex = 0
2019-10-17 07:10:04,887 [ForkJoinPool.commonPool-worker-0] INFO  impl.RaftServerImpl (ServerState.java:close(388)) - 805254cc-2da6-48d8-a2f9-c1a3ceceab4a@group-A21122A915C2: closes. applyIndex: 0
2019-10-17 07:10:04,888 [805254cc-2da6-48d8-a2f9-c1a3ceceab4a@group-A21122A915C2-SegmentedRaftLogWorker] INFO  segmented.SegmentedRaftLogWorker (SegmentedRaftLogWorker.java:run(316)) - 805254cc-2da6-48d8-a2f9-c1a3ceceab4a@group-A21122A915C2-SegmentedRaftLogWorker was interrupted, exiting. There are 0 tasks remaining in the queue.
2019-10-17 07:10:04,898 [ForkJoinPool.commonPool-worker-0] INFO  segmented.SegmentedRaftLogWorker (SegmentedRaftLogWorker.java:close(224)) - 805254cc-2da6-48d8-a2f9-c1a3ceceab4a@group-A21122A915C2-SegmentedRaftLogWorker close()
2019-10-17 07:10:04,900 [ForkJoinPool.commonPool-worker-0] INFO  impl.RaftServerImpl (RaftServerImpl.java:lambda$shutdown$3(261)) - 805254cc-2da6-48d8-a2f9-c1a3ceceab4a@group-2C0FEEE55AE1: shutdown
2019-10-17 07:10:04,900 [805254cc-2da6-48d8-a2f9-c1a3ceceab4a@group-2C0FEEE55AE1-LeaderElection1252] INFO  impl.LeaderElection (LeaderElection.java:askForVotes(178)) - 805254cc-2da6-48d8-a2f9-c1a3ceceab4a@group-2C0FEEE55AE1-LeaderElection1252: begin an election at term 183 for 0: [f3ee4219-89bb-47f2-bbe0-5f784575b745:192.168.157.211:38722, 805254cc-2da6-48d8-a2f9-c1a3ceceab4a:192.168.157.211:35407, 696df33b-59a0-4145-913f-936aff0d1566:192.168.157.211:38803], old=null
2019-10-17 07:10:04,900 [ForkJoinPool.commonPool-worker-0] INFO  util.JmxRegister (JmxRegister.java:unregister(73)) - Successfully un-registered JMX Bean with object name Ratis:service=RaftServer,group=group-2C0FEEE55AE1,id=805254cc-2da6-48d8-a2f9-c1a3ceceab4a
2019-10-17 07:10:04,901 [ForkJoinPool.commonPool-worker-0] INFO  impl.RoleInfo (RoleInfo.java:shutdownLeaderElection(134)) - 805254cc-2da6-48d8-a2f9-c1a3ceceab4a: shutdown LeaderElection
2019-10-17 07:10:04,901 [ForkJoinPool.commonPool-worker-0] INFO  impl.StateMachineUpdater (StateMachineUpdater.java:stopAndJoin(136)) - 805254cc-2da6-48d8-a2f9-c1a3ceceab4a@group-2C0FEEE55AE1-StateMachineUpdater: set stopIndex = -1
2019-10-17 07:10:04,901 [805254cc-2da6-48d8-a2f9-c1a3ceceab4a@group-2C0FEEE55AE1-LeaderElection1252] INFO  impl.LeaderElection (LeaderElection.java:logAndReturn(56)) - 805254cc-2da6-48d8-a2f9-c1a3ceceab4a@group-2C0FEEE55AE1-LeaderElection1252: Election REJECTED; received 0 response(s) [] and 0 exception(s); 805254cc-2da6-48d8-a2f9-c1a3ceceab4a@group-2C0FEEE55AE1:t183, leader=null, voted=805254cc-2da6-48d8-a2f9-c1a3ceceab4a, raftlog=805254cc-2da6-48d8-a2f9-c1a3ceceab4a@group-2C0FEEE55AE1-SegmentedRaftLog:OPENED:c-1,f0,i0, conf=0: [f3ee4219-89bb-47f2-bbe0-5f784575b745:192.168.157.211:38722, 805254cc-2da6-48d8-a2f9-c1a3ceceab4a:192.168.157.211:35407, 696df33b-59a0-4145-913f-936aff0d1566:192.168.157.211:38803], old=null
2019-10-17 07:10:04,901 [ForkJoinPool.commonPool-worker-0] INFO  impl.RaftServerImpl (ServerState.java:close(388)) - 805254cc-2da6-48d8-a2f9-c1a3ceceab4a@group-2C0FEEE55AE1: closes. applyIndex: -1
2019-10-17 07:10:04,902 [805254cc-2da6-48d8-a2f9-c1a3ceceab4a@group-2C0FEEE55AE1-SegmentedRaftLogWorker] INFO  segmented.SegmentedRaftLogWorker (SegmentedRaftLogWorker.java:run(316)) - 805254cc-2da6-48d8-a2f9-c1a3ceceab4a@group-2C0FEEE55AE1-SegmentedRaftLogWorker was interrupted, exiting. There are 0 tasks remaining in the queue.
2019-10-17 07:10:04,902 [ForkJoinPool.commonPool-worker-0] INFO  segmented.SegmentedRaftLogWorker (SegmentedRaftLogWorker.java:close(224)) - 805254cc-2da6-48d8-a2f9-c1a3ceceab4a@group-2C0FEEE55AE1-SegmentedRaftLogWorker close()
2019-10-17 07:10:04,904 [ForkJoinPool.commonPool-worker-0] INFO  server.GrpcService (GrpcService.java:closeImpl(164)) - 805254cc-2da6-48d8-a2f9-c1a3ceceab4a: shutdown server with port 35407 now
2019-10-17 07:10:04,904 [ForkJoinPool.commonPool-worker-0] INFO  server.GrpcService (GrpcService.java:closeImpl(172)) - 805254cc-2da6-48d8-a2f9-c1a3ceceab4a: shutdown server with port 35407 successfully
2019-10-17 07:10:04,907 [refreshUsed-/workdir/hadoop-ozone/integration-test/target/test-dir/MiniOzoneClusterImpl-e7c0418f-15c1-471d-99db-59e1afe04953/datanode-1/data/containers] WARN  fs.CachingGetSpaceUsed (CachingGetSpaceUsed.java:run(183)) - Thread Interrupted waiting to refresh disk information: sleep interrupted
2019-10-17 07:10:04,923 [ForkJoinPool.commonPool-worker-0] INFO  utils.BackgroundService (BackgroundService.java:shutdown(151)) - Shutting down service BlockDeletingService
2019-10-17 07:10:04,926 [ForkJoinPool.commonPool-worker-0] INFO  statemachine.DatanodeStateMachine (DatanodeStateMachine.java:stopDaemon(395)) - Ozone container server stopped.
2019-10-17 07:10:04,941 [ForkJoinPool.commonPool-worker-0] INFO  handler.ContextHandler (ContextHandler.java:doStop(910)) - Stopped o.e.j.w.WebAppContext@5463f035{/,null,UNAVAILABLE}{/hddsDatanode}
2019-10-17 07:10:04,941 [ForkJoinPool.commonPool-worker-0] INFO  server.AbstractConnector (AbstractConnector.java:doStop(318)) - Stopped ServerConnector@230232b0{HTTP/1.1,[http/1.1]}{0.0.0.0:0}
2019-10-17 07:10:04,943 [ForkJoinPool.commonPool-worker-0] INFO  handler.ContextHandler (ContextHandler.java:doStop(910)) - Stopped o.e.j.s.ServletContextHandler@5fe46d52{/static,jar:file:/home/user/.m2/repository/org/apache/hadoop/hadoop-hdds-container-service/0.5.0-SNAPSHOT/hadoop-hdds-container-service-0.5.0-SNAPSHOT.jar!/webapps/static,UNAVAILABLE}
2019-10-17 07:10:04,945 [ForkJoinPool.commonPool-worker-0] INFO  handler.ContextHandler (ContextHandler.java:doStop(910)) - Stopped o.e.j.s.ServletContextHandler@79ab97fd{/logs,file:///workdir/hadoop-ozone/integration-test/target/log,UNAVAILABLE}
2019-10-17 07:10:04,997 [java.util.concurrent.ThreadPoolExecutor$Worker@6af2bccb[State = -1, empty queue]] WARN  server.GrpcLogAppender (GrpcLogAppender.java:timeoutAppendRequest(209)) - a5219191-1681-4090-972d-a7550c5191e1@group-92C9EDB41AD5->c1b4af2d-3b05-4006-acca-753ed6d10b59-GrpcLogAppender: appendEntries Timeout, request=a5219191-1681-4090-972d-a7550c5191e1->c1b4af2d-3b05-4006-acca-753ed6d10b59#66-t2, previous=(t:2, i:0), leaderCommit=0, initializing? false, entries: <empty>
2019-10-17 07:10:05,012 [java.util.concurrent.ThreadPoolExecutor$Worker@435a07af[State = -1, empty queue]] WARN  server.GrpcLogAppender (GrpcLogAppender.java:timeoutAppendRequest(209)) - a5219191-1681-4090-972d-a7550c5191e1@group-92C9EDB41AD5->c8a9c3c2-a9d1-4984-920c-603cda31e4c5-GrpcLogAppender: appendEntries Timeout, request=a5219191-1681-4090-972d-a7550c5191e1->c8a9c3c2-a9d1-4984-920c-603cda31e4c5#66-t2, previous=(t:2, i:0), leaderCommit=0, initializing? false, entries: <empty>
2019-10-17 07:10:05,497 [java.util.concurrent.ThreadPoolExecutor$Worker@6af2bccb[State = -1, empty queue]] WARN  server.GrpcLogAppender (GrpcLogAppender.java:timeoutAppendRequest(209)) - a5219191-1681-4090-972d-a7550c5191e1@group-92C9EDB41AD5->c1b4af2d-3b05-4006-acca-753ed6d10b59-GrpcLogAppender: appendEntries Timeout, request=a5219191-1681-4090-972d-a7550c5191e1->c1b4af2d-3b05-4006-acca-753ed6d10b59#67-t2, previous=(t:2, i:0), leaderCommit=0, initializing? false, entries: <empty>
2019-10-17 07:10:05,512 [java.util.concurrent.ThreadPoolExecutor$Worker@435a07af[State = -1, empty queue]] WARN  server.GrpcLogAppender (GrpcLogAppender.java:timeoutAppendRequest(209)) - a5219191-1681-4090-972d-a7550c5191e1@group-92C9EDB41AD5->c8a9c3c2-a9d1-4984-920c-603cda31e4c5-GrpcLogAppender: appendEntries Timeout, request=a5219191-1681-4090-972d-a7550c5191e1->c8a9c3c2-a9d1-4984-920c-603cda31e4c5#67-t2, previous=(t:2, i:0), leaderCommit=0, initializing? false, entries: <empty>
2019-10-17 07:10:05,738 [Datanode State Machine Thread - 0] INFO  statemachine.DatanodeStateMachine (DatanodeStateMachine.java:lambda$startDaemon$0(350)) - Ozone container server started.
2019-10-17 07:10:05,997 [java.util.concurrent.ThreadPoolExecutor$Worker@6af2bccb[State = -1, empty queue]] WARN  server.GrpcLogAppender (GrpcLogAppender.java:timeoutAppendRequest(209)) - a5219191-1681-4090-972d-a7550c5191e1@group-92C9EDB41AD5->c1b4af2d-3b05-4006-acca-753ed6d10b59-GrpcLogAppender: appendEntries Timeout, request=a5219191-1681-4090-972d-a7550c5191e1->c1b4af2d-3b05-4006-acca-753ed6d10b59#68-t2, previous=(t:2, i:0), leaderCommit=0, initializing? false, entries: <empty>
2019-10-17 07:10:06,013 [java.util.concurrent.ThreadPoolExecutor$Worker@435a07af[State = -1, empty queue]] WARN  server.GrpcLogAppender (GrpcLogAppender.java:timeoutAppendRequest(209)) - a5219191-1681-4090-972d-a7550c5191e1@group-92C9EDB41AD5->c8a9c3c2-a9d1-4984-920c-603cda31e4c5-GrpcLogAppender: appendEntries Timeout, request=a5219191-1681-4090-972d-a7550c5191e1->c8a9c3c2-a9d1-4984-920c-603cda31e4c5#68-t2, previous=(t:2, i:0), leaderCommit=0, initializing? false, entries: <empty>
2019-10-17 07:10:06,498 [java.util.concurrent.ThreadPoolExecutor$Worker@6af2bccb[State = -1, empty queue]] WARN  server.GrpcLogAppender (GrpcLogAppender.java:timeoutAppendRequest(209)) - a5219191-1681-4090-972d-a7550c5191e1@group-92C9EDB41AD5->c1b4af2d-3b05-4006-acca-753ed6d10b59-GrpcLogAppender: appendEntries Timeout, request=a5219191-1681-4090-972d-a7550c5191e1->c1b4af2d-3b05-4006-acca-753ed6d10b59#69-t2, previous=(t:2, i:0), leaderCommit=0, initializing? false, entries: <empty>
2019-10-17 07:10:06,513 [java.util.concurrent.ThreadPoolExecutor$Worker@435a07af[State = -1, empty queue]] WARN  server.GrpcLogAppender (GrpcLogAppender.java:timeoutAppendRequest(209)) - a5219191-1681-4090-972d-a7550c5191e1@group-92C9EDB41AD5->c8a9c3c2-a9d1-4984-920c-603cda31e4c5-GrpcLogAppender: appendEntries Timeout, request=a5219191-1681-4090-972d-a7550c5191e1->c8a9c3c2-a9d1-4984-920c-603cda31e4c5#69-t2, previous=(t:2, i:0), leaderCommit=0, initializing? false, entries: <empty>
2019-10-17 07:10:06,998 [java.util.concurrent.ThreadPoolExecutor$Worker@6af2bccb[State = -1, empty queue]] WARN  server.GrpcLogAppender (GrpcLogAppender.java:timeoutAppendRequest(209)) - a5219191-1681-4090-972d-a7550c5191e1@group-92C9EDB41AD5->c1b4af2d-3b05-4006-acca-753ed6d10b59-GrpcLogAppender: appendEntries Timeout, request=a5219191-1681-4090-972d-a7550c5191e1->c1b4af2d-3b05-4006-acca-753ed6d10b59#70-t2, previous=(t:2, i:0), leaderCommit=0, initializing? false, entries: <empty>
2019-10-17 07:10:07,013 [java.util.concurrent.ThreadPoolExecutor$Worker@435a07af[State = -1, empty queue]] WARN  server.GrpcLogAppender (GrpcLogAppender.java:timeoutAppendRequest(209)) - a5219191-1681-4090-972d-a7550c5191e1@group-92C9EDB41AD5->c8a9c3c2-a9d1-4984-920c-603cda31e4c5-GrpcLogAppender: appendEntries Timeout, request=a5219191-1681-4090-972d-a7550c5191e1->c8a9c3c2-a9d1-4984-920c-603cda31e4c5#70-t2, previous=(t:2, i:0), leaderCommit=0, initializing? false, entries: <empty>
2019-10-17 07:10:07,499 [java.util.concurrent.ThreadPoolExecutor$Worker@6af2bccb[State = -1, empty queue]] WARN  server.GrpcLogAppender (GrpcLogAppender.java:timeoutAppendRequest(209)) - a5219191-1681-4090-972d-a7550c5191e1@group-92C9EDB41AD5->c1b4af2d-3b05-4006-acca-753ed6d10b59-GrpcLogAppender: appendEntries Timeout, request=a5219191-1681-4090-972d-a7550c5191e1->c1b4af2d-3b05-4006-acca-753ed6d10b59#71-t2, previous=(t:2, i:0), leaderCommit=0, initializing? false, entries: <empty>
2019-10-17 07:10:07,513 [java.util.concurrent.ThreadPoolExecutor$Worker@435a07af[State = -1, empty queue]] WARN  server.GrpcLogAppender (GrpcLogAppender.java:timeoutAppendRequest(209)) - a5219191-1681-4090-972d-a7550c5191e1@group-92C9EDB41AD5->c8a9c3c2-a9d1-4984-920c-603cda31e4c5-GrpcLogAppender: appendEntries Timeout, request=a5219191-1681-4090-972d-a7550c5191e1->c8a9c3c2-a9d1-4984-920c-603cda31e4c5#71-t2, previous=(t:2, i:0), leaderCommit=0, initializing? false, entries: <empty>
2019-10-17 07:10:07,999 [java.util.concurrent.ThreadPoolExecutor$Worker@6af2bccb[State = -1, empty queue]] WARN  server.GrpcLogAppender (GrpcLogAppender.java:timeoutAppendRequest(209)) - a5219191-1681-4090-972d-a7550c5191e1@group-92C9EDB41AD5->c1b4af2d-3b05-4006-acca-753ed6d10b59-GrpcLogAppender: appendEntries Timeout, request=a5219191-1681-4090-972d-a7550c5191e1->c1b4af2d-3b05-4006-acca-753ed6d10b59#72-t2, previous=(t:2, i:0), leaderCommit=0, initializing? false, entries: <empty>
2019-10-17 07:10:08,013 [java.util.concurrent.ThreadPoolExecutor$Worker@435a07af[State = -1, empty queue]] WARN  server.GrpcLogAppender (GrpcLogAppender.java:timeoutAppendRequest(209)) - a5219191-1681-4090-972d-a7550c5191e1@group-92C9EDB41AD5->c8a9c3c2-a9d1-4984-920c-603cda31e4c5-GrpcLogAppender: appendEntries Timeout, request=a5219191-1681-4090-972d-a7550c5191e1->c8a9c3c2-a9d1-4984-920c-603cda31e4c5#72-t2, previous=(t:2, i:0), leaderCommit=0, initializing? false, entries: <empty>
2019-10-17 07:10:08,499 [java.util.concurrent.ThreadPoolExecutor$Worker@6af2bccb[State = -1, empty queue]] WARN  server.GrpcLogAppender (GrpcLogAppender.java:timeoutAppendRequest(209)) - a5219191-1681-4090-972d-a7550c5191e1@group-92C9EDB41AD5->c1b4af2d-3b05-4006-acca-753ed6d10b59-GrpcLogAppender: appendEntries Timeout, request=a5219191-1681-4090-972d-a7550c5191e1->c1b4af2d-3b05-4006-acca-753ed6d10b59#73-t2, previous=(t:2, i:0), leaderCommit=0, initializing? false, entries: <empty>
2019-10-17 07:10:08,514 [java.util.concurrent.ThreadPoolExecutor$Worker@435a07af[State = -1, empty queue]] WARN  server.GrpcLogAppender (GrpcLogAppender.java:timeoutAppendRequest(209)) - a5219191-1681-4090-972d-a7550c5191e1@group-92C9EDB41AD5->c8a9c3c2-a9d1-4984-920c-603cda31e4c5-GrpcLogAppender: appendEntries Timeout, request=a5219191-1681-4090-972d-a7550c5191e1->c8a9c3c2-a9d1-4984-920c-603cda31e4c5#73-t2, previous=(t:2, i:0), leaderCommit=0, initializing? false, entries: <empty>
2019-10-17 07:10:08,999 [java.util.concurrent.ThreadPoolExecutor$Worker@6af2bccb[State = -1, empty queue]] WARN  server.GrpcLogAppender (GrpcLogAppender.java:timeoutAppendRequest(209)) - a5219191-1681-4090-972d-a7550c5191e1@group-92C9EDB41AD5->c1b4af2d-3b05-4006-acca-753ed6d10b59-GrpcLogAppender: appendEntries Timeout, request=a5219191-1681-4090-972d-a7550c5191e1->c1b4af2d-3b05-4006-acca-753ed6d10b59#74-t2, previous=(t:2, i:0), leaderCommit=0, initializing? false, entries: <empty>
2019-10-17 07:10:09,014 [java.util.concurrent.ThreadPoolExecutor$Worker@435a07af[State = -1, empty queue]] WARN  server.GrpcLogAppender (GrpcLogAppender.java:timeoutAppendRequest(209)) - a5219191-1681-4090-972d-a7550c5191e1@group-92C9EDB41AD5->c8a9c3c2-a9d1-4984-920c-603cda31e4c5-GrpcLogAppender: appendEntries Timeout, request=a5219191-1681-4090-972d-a7550c5191e1->c8a9c3c2-a9d1-4984-920c-603cda31e4c5#74-t2, previous=(t:2, i:0), leaderCommit=0, initializing? false, entries: <empty>
2019-10-17 07:10:09,499 [java.util.concurrent.ThreadPoolExecutor$Worker@6af2bccb[State = -1, empty queue]] WARN  server.GrpcLogAppender (GrpcLogAppender.java:timeoutAppendRequest(209)) - a5219191-1681-4090-972d-a7550c5191e1@group-92C9EDB41AD5->c1b4af2d-3b05-4006-acca-753ed6d10b59-GrpcLogAppender: appendEntries Timeout, request=a5219191-1681-4090-972d-a7550c5191e1->c1b4af2d-3b05-4006-acca-753ed6d10b59#75-t2, previous=(t:2, i:0), leaderCommit=0, initializing? false, entries: <empty>
2019-10-17 07:10:09,514 [java.util.concurrent.ThreadPoolExecutor$Worker@435a07af[State = -1, empty queue]] WARN  server.GrpcLogAppender (GrpcLogAppender.java:timeoutAppendRequest(209)) - a5219191-1681-4090-972d-a7550c5191e1@group-92C9EDB41AD5->c8a9c3c2-a9d1-4984-920c-603cda31e4c5-GrpcLogAppender: appendEntries Timeout, request=a5219191-1681-4090-972d-a7550c5191e1->c8a9c3c2-a9d1-4984-920c-603cda31e4c5#75-t2, previous=(t:2, i:0), leaderCommit=0, initializing? false, entries: <empty>
2019-10-17 07:10:09,877 [main] INFO  ozoneimpl.OzoneContainer (OzoneContainer.java:stop(227)) - Attempting to stop container services.
2019-10-17 07:10:09,879 [main] INFO  impl.RaftServerProxy (RaftServerProxy.java:lambda$close$4(314)) - a5219191-1681-4090-972d-a7550c5191e1: close
2019-10-17 07:10:09,880 [main] INFO  impl.RaftServerImpl (RaftServerImpl.java:lambda$shutdown$3(261)) - a5219191-1681-4090-972d-a7550c5191e1@group-92C9EDB41AD5: shutdown
2019-10-17 07:10:09,881 [ForkJoinPool.commonPool-worker-1] INFO  impl.RaftServerImpl (RaftServerImpl.java:lambda$shutdown$3(261)) - a5219191-1681-4090-972d-a7550c5191e1@group-6E83C2681F4B: shutdown
2019-10-17 07:10:09,881 [main] INFO  util.JmxRegister (JmxRegister.java:unregister(73)) - Successfully un-registered JMX Bean with object name Ratis:service=RaftServer,group=group-92C9EDB41AD5,id=a5219191-1681-4090-972d-a7550c5191e1
2019-10-17 07:10:09,881 [ForkJoinPool.commonPool-worker-1] INFO  util.JmxRegister (JmxRegister.java:unregister(73)) - Successfully un-registered JMX Bean with object name Ratis:service=RaftServer,group=group-6E83C2681F4B,id=a5219191-1681-4090-972d-a7550c5191e1
2019-10-17 07:10:09,882 [main] INFO  impl.RoleInfo (RoleInfo.java:shutdownLeaderState(104)) - a5219191-1681-4090-972d-a7550c5191e1: shutdown LeaderState
2019-10-17 07:10:09,882 [ForkJoinPool.commonPool-worker-1] INFO  impl.RoleInfo (RoleInfo.java:shutdownLeaderState(104)) - a5219191-1681-4090-972d-a7550c5191e1: shutdown LeaderState
2019-10-17 07:10:09,886 [org.apache.ratis.server.impl.LogAppender$AppenderDaemon$$Lambda$475/393596178@46302009] WARN  server.GrpcLogAppender (GrpcLogAppender.java:mayWait(149)) - a5219191-1681-4090-972d-a7550c5191e1@group-92C9EDB41AD5->c1b4af2d-3b05-4006-acca-753ed6d10b59-GrpcLogAppender: Wait interrupted by java.lang.InterruptedException
2019-10-17 07:10:09,886 [org.apache.ratis.server.impl.LogAppender$AppenderDaemon$$Lambda$475/393596178@17f3198b] WARN  server.GrpcLogAppender (GrpcLogAppender.java:mayWait(149)) - a5219191-1681-4090-972d-a7550c5191e1@group-92C9EDB41AD5->c8a9c3c2-a9d1-4984-920c-603cda31e4c5-GrpcLogAppender: Wait interrupted by java.lang.InterruptedException
2019-10-17 07:10:09,886 [main] INFO  impl.PendingRequests (PendingRequests.java:sendNotLeaderResponses(202)) - a5219191-1681-4090-972d-a7550c5191e1@group-92C9EDB41AD5-PendingRequests: sendNotLeaderResponses
2019-10-17 07:10:09,886 [ForkJoinPool.commonPool-worker-1] INFO  impl.PendingRequests (PendingRequests.java:sendNotLeaderResponses(202)) - a5219191-1681-4090-972d-a7550c5191e1@group-6E83C2681F4B-PendingRequests: sendNotLeaderResponses
2019-10-17 07:10:09,887 [ForkJoinPool.commonPool-worker-1] INFO  impl.StateMachineUpdater (StateMachineUpdater.java:stopAndJoin(136)) - a5219191-1681-4090-972d-a7550c5191e1@group-6E83C2681F4B-StateMachineUpdater: set stopIndex = 0
2019-10-17 07:10:09,887 [main] INFO  impl.StateMachineUpdater (StateMachineUpdater.java:stopAndJoin(136)) - a5219191-1681-4090-972d-a7550c5191e1@group-92C9EDB41AD5-StateMachineUpdater: set stopIndex = 0
2019-10-17 07:10:09,888 [main] INFO  impl.RaftServerImpl (ServerState.java:close(388)) - a5219191-1681-4090-972d-a7550c5191e1@group-92C9EDB41AD5: closes. applyIndex: 0
2019-10-17 07:10:09,888 [ForkJoinPool.commonPool-worker-1] INFO  impl.RaftServerImpl (ServerState.java:close(388)) - a5219191-1681-4090-972d-a7550c5191e1@group-6E83C2681F4B: closes. applyIndex: 0
2019-10-17 07:10:09,888 [a5219191-1681-4090-972d-a7550c5191e1@group-6E83C2681F4B-SegmentedRaftLogWorker] INFO  segmented.SegmentedRaftLogWorker (SegmentedRaftLogWorker.java:run(316)) - a5219191-1681-4090-972d-a7550c5191e1@group-6E83C2681F4B-SegmentedRaftLogWorker was interrupted, exiting. There are 0 tasks remaining in the queue.
2019-10-17 07:10:09,888 [a5219191-1681-4090-972d-a7550c5191e1@group-92C9EDB41AD5-SegmentedRaftLogWorker] INFO  segmented.SegmentedRaftLogWorker (SegmentedRaftLogWorker.java:run(316)) - a5219191-1681-4090-972d-a7550c5191e1@group-92C9EDB41AD5-SegmentedRaftLogWorker was interrupted, exiting. There are 0 tasks remaining in the queue.
2019-10-17 07:10:09,889 [main] INFO  segmented.SegmentedRaftLogWorker (SegmentedRaftLogWorker.java:close(224)) - a5219191-1681-4090-972d-a7550c5191e1@group-92C9EDB41AD5-SegmentedRaftLogWorker close()
2019-10-17 07:10:09,889 [ForkJoinPool.commonPool-worker-1] INFO  segmented.SegmentedRaftLogWorker (SegmentedRaftLogWorker.java:close(224)) - a5219191-1681-4090-972d-a7550c5191e1@group-6E83C2681F4B-SegmentedRaftLogWorker close()
2019-10-17 07:10:09,892 [main] INFO  server.GrpcService (GrpcService.java:closeImpl(164)) - a5219191-1681-4090-972d-a7550c5191e1: shutdown server with port 32908 now
2019-10-17 07:10:09,893 [main] INFO  server.GrpcService (GrpcService.java:closeImpl(172)) - a5219191-1681-4090-972d-a7550c5191e1: shutdown server with port 32908 successfully
2019-10-17 07:10:09,896 [refreshUsed-/workdir/hadoop-ozone/integration-test/target/test-dir/MiniOzoneClusterImpl-e7c0418f-15c1-471d-99db-59e1afe04953/datanode-7/data/containers] WARN  fs.CachingGetSpaceUsed (CachingGetSpaceUsed.java:run(183)) - Thread Interrupted waiting to refresh disk information: sleep interrupted
2019-10-17 07:10:09,914 [main] INFO  utils.BackgroundService (BackgroundService.java:shutdown(151)) - Shutting down service BlockDeletingService
2019-10-17 07:10:09,916 [main] INFO  statemachine.DatanodeStateMachine (DatanodeStateMachine.java:stopDaemon(395)) - Ozone container server stopped.
2019-10-17 07:10:09,917 [main] INFO  handler.ContextHandler (ContextHandler.java:doStop(910)) - Stopped o.e.j.w.WebAppContext@28b458e6{/,null,UNAVAILABLE}{/hddsDatanode}
2019-10-17 07:10:09,918 [main] INFO  server.AbstractConnector (AbstractConnector.java:doStop(318)) - Stopped ServerConnector@221ca495{HTTP/1.1,[http/1.1]}{0.0.0.0:0}
2019-10-17 07:10:09,919 [main] INFO  handler.ContextHandler (ContextHandler.java:doStop(910)) - Stopped o.e.j.s.ServletContextHandler@781dac73{/static,jar:file:/home/user/.m2/repository/org/apache/hadoop/hadoop-hdds-container-service/0.5.0-SNAPSHOT/hadoop-hdds-container-service-0.5.0-SNAPSHOT.jar!/webapps/static,UNAVAILABLE}
2019-10-17 07:10:09,919 [main] INFO  handler.ContextHandler (ContextHandler.java:doStop(910)) - Stopped o.e.j.s.ServletContextHandler@6826b70f{/logs,file:///workdir/hadoop-ozone/integration-test/target/log,UNAVAILABLE}
2019-10-17 07:10:09,920 [main] INFO  ozone.MiniOzoneClusterImpl (MiniOzoneClusterImpl.java:stopSCM(392)) - Stopping the StorageContainerManager
2019-10-17 07:10:09,920 [main] INFO  server.StorageContainerManager (StorageContainerManager.java:stop(810)) - Stopping Replication Manager Service.
2019-10-17 07:10:09,920 [main] INFO  container.ReplicationManager (ReplicationManager.java:stop(203)) - Stopping Replication Monitor Thread.
2019-10-17 07:10:09,920 [main] INFO  server.StorageContainerManager (StorageContainerManager.java:stop(817)) - Stopping Lease Manager of the command watchers
2019-10-17 07:10:09,921 [main] INFO  server.StorageContainerManager (StorageContainerManager.java:stop(824)) - Stopping datanode service RPC server
2019-10-17 07:10:09,921 [main] INFO  server.SCMDatanodeProtocolServer (SCMDatanodeProtocolServer.java:stop(346)) - Stopping the RPC server for DataNodes
2019-10-17 07:10:09,921 [main] INFO  ipc.Server (Server.java:stop(3082)) - Stopping server on 32805
2019-10-17 07:10:09,923 [IPC Server listener on 32805] INFO  ipc.Server (Server.java:run(1185)) - Stopping IPC Server listener on 32805
2019-10-17 07:10:09,924 [IPC Server Responder] INFO  ipc.Server (Server.java:run(1319)) - Stopping IPC Server Responder
2019-10-17 07:10:09,963 [SCM Heartbeat Processing Thread - 0] WARN  node.NodeStateManager (NodeStateManager.java:scheduleNextHealthCheck(646)) - Current Thread is interrupted, shutting down HB processing thread for Node Manager.
2019-10-17 07:10:09,963 [main] INFO  server.StorageContainerManager (StorageContainerManager.java:stop(832)) - Stopping block service RPC server
2019-10-17 07:10:09,963 [main] INFO  server.SCMBlockProtocolServer (SCMBlockProtocolServer.java:stop(155)) - Stopping the RPC server for Block Protocol
2019-10-17 07:10:09,963 [main] INFO  ipc.Server (Server.java:stop(3082)) - Stopping server on 39899
2019-10-17 07:10:09,966 [IPC Server listener on 39899] INFO  ipc.Server (Server.java:run(1185)) - Stopping IPC Server listener on 39899
2019-10-17 07:10:09,966 [main] INFO  server.StorageContainerManager (StorageContainerManager.java:stop(839)) - Stopping the StorageContainerLocationProtocol RPC server
2019-10-17 07:10:09,967 [IPC Server Responder] INFO  ipc.Server (Server.java:run(1319)) - Stopping IPC Server Responder
2019-10-17 07:10:09,967 [main] INFO  server.SCMClientProtocolServer (SCMClientProtocolServer.java:stop(168)) - Stopping the RPC server for Client Protocol
2019-10-17 07:10:09,967 [main] INFO  ipc.Server (Server.java:stop(3082)) - Stopping server on 38622
2019-10-17 07:10:09,969 [IPC Server listener on 38622] INFO  ipc.Server (Server.java:run(1185)) - Stopping IPC Server listener on 38622
2019-10-17 07:10:09,969 [main] INFO  server.StorageContainerManager (StorageContainerManager.java:stop(846)) - Stopping Storage Container Manager HTTP server.
2019-10-17 07:10:09,970 [IPC Server Responder] INFO  ipc.Server (Server.java:run(1319)) - Stopping IPC Server Responder
2019-10-17 07:10:09,971 [main] INFO  handler.ContextHandler (ContextHandler.java:doStop(910)) - Stopped o.e.j.w.WebAppContext@54ccb3{/,null,UNAVAILABLE}{/scm}
2019-10-17 07:10:09,972 [main] INFO  server.AbstractConnector (AbstractConnector.java:doStop(318)) - Stopped ServerConnector@9b2dc56{HTTP/1.1,[http/1.1]}{0.0.0.0:0}
2019-10-17 07:10:09,972 [main] INFO  handler.ContextHandler (ContextHandler.java:doStop(910)) - Stopped o.e.j.s.ServletContextHandler@79ca7bea{/static,file:///workdir/hadoop-ozone/integration-test/target/test-classes/webapps/static,UNAVAILABLE}
2019-10-17 07:10:09,972 [main] INFO  handler.ContextHandler (ContextHandler.java:doStop(910)) - Stopped o.e.j.s.ServletContextHandler@2017f6e6{/logs,file:///workdir/hadoop-ozone/integration-test/target/log,UNAVAILABLE}
2019-10-17 07:10:09,973 [main] INFO  server.StorageContainerManager (StorageContainerManager.java:stop(857)) - Stopping Block Manager Service.
2019-10-17 07:10:09,973 [main] INFO  utils.BackgroundService (BackgroundService.java:shutdown(151)) - Shutting down service SCMBlockDeletingService
2019-10-17 07:10:09,974 [main] INFO  utils.BackgroundService (BackgroundService.java:shutdown(151)) - Shutting down service SCMBlockDeletingService
2019-10-17 07:10:09,974 [main] INFO  server.StorageContainerManager (StorageContainerManager.java:stop(879)) - Stopping SCM Event Queue.
2019-10-17 07:10:09,980 [main] INFO  impl.MetricsSystemImpl (MetricsSystemImpl.java:stop(210)) - Stopping HddsDatanode metrics system...
2019-10-17 07:10:10,000 [java.util.concurrent.ThreadPoolExecutor$Worker@6af2bccb[State = -1, empty queue]] WARN  server.GrpcLogAppender (GrpcLogAppender.java:timeoutAppendRequest(209)) - a5219191-1681-4090-972d-a7550c5191e1@group-92C9EDB41AD5->c1b4af2d-3b05-4006-acca-753ed6d10b59-GrpcLogAppender: appendEntries Timeout, request=a5219191-1681-4090-972d-a7550c5191e1->c1b4af2d-3b05-4006-acca-753ed6d10b59#76-t2, previous=(t:2, i:0), leaderCommit=0, initializing? false, entries: <empty>
2019-10-17 07:10:10,015 [java.util.concurrent.ThreadPoolExecutor$Worker@435a07af[State = -1, empty queue]] WARN  server.GrpcLogAppender (GrpcLogAppender.java:timeoutAppendRequest(209)) - a5219191-1681-4090-972d-a7550c5191e1@group-92C9EDB41AD5->c8a9c3c2-a9d1-4984-920c-603cda31e4c5-GrpcLogAppender: appendEntries Timeout, request=a5219191-1681-4090-972d-a7550c5191e1->c8a9c3c2-a9d1-4984-920c-603cda31e4c5#76-t2, previous=(t:2, i:0), leaderCommit=0, initializing? false, entries: <empty>
2019-10-17 07:10:10,016 [main] INFO  impl.MetricsSystemImpl (MetricsSystemImpl.java:stop(216)) - HddsDatanode metrics system stopped.
]]></system-out>
    <system-err><![CDATA[Oct 17, 2019 7:09:28 AM org.apache.ratis.thirdparty.io.grpc.internal.ManagedChannelOrphanWrapper$ManagedChannelReference cleanQueue
SEVERE: *~*~*~ Channel ManagedChannelImpl{logId=1258, target=192.168.157.211:42689} was not shutdown properly!!! ~*~*~*
    Make sure to call shutdown()/shutdownNow() and wait until awaitTermination() returns true.
java.lang.RuntimeException: ManagedChannel allocation site
	at org.apache.ratis.thirdparty.io.grpc.internal.ManagedChannelOrphanWrapper$ManagedChannelReference.<init>(ManagedChannelOrphanWrapper.java:103)
	at org.apache.ratis.thirdparty.io.grpc.internal.ManagedChannelOrphanWrapper.<init>(ManagedChannelOrphanWrapper.java:53)
	at org.apache.ratis.thirdparty.io.grpc.internal.ManagedChannelOrphanWrapper.<init>(ManagedChannelOrphanWrapper.java:44)
	at org.apache.ratis.thirdparty.io.grpc.internal.AbstractManagedChannelImplBuilder.build(AbstractManagedChannelImplBuilder.java:411)
	at org.apache.ratis.grpc.client.GrpcClientProtocolClient.<init>(GrpcClientProtocolClient.java:128)
	at org.apache.ratis.grpc.client.GrpcClientRpc.lambda$new$0(GrpcClientRpc.java:55)
	at org.apache.ratis.util.PeerProxyMap$PeerAndProxy.lambda$getProxy$0(PeerProxyMap.java:61)
	at org.apache.ratis.util.LifeCycle.startAndTransition(LifeCycle.java:202)
	at org.apache.ratis.util.PeerProxyMap$PeerAndProxy.getProxy(PeerProxyMap.java:60)
	at org.apache.ratis.util.PeerProxyMap.getProxy(PeerProxyMap.java:108)
	at org.apache.ratis.grpc.client.GrpcClientRpc.sendRequestAsync(GrpcClientRpc.java:66)
	at org.apache.ratis.client.impl.OrderedAsync.sendRequest(OrderedAsync.java:208)
	at org.apache.ratis.client.impl.OrderedAsync.sendRequestWithRetry(OrderedAsync.java:169)
	at org.apache.ratis.util.SlidingWindow$Client.sendOrDelayRequest(SlidingWindow.java:278)
	at org.apache.ratis.util.SlidingWindow$Client.retry(SlidingWindow.java:294)
	at org.apache.ratis.client.impl.OrderedAsync.lambda$scheduleWithTimeout$7(OrderedAsync.java:195)
	at org.apache.ratis.util.TimeoutScheduler.lambda$onTimeout$0(TimeoutScheduler.java:113)
	at org.apache.ratis.util.TimeoutScheduler.lambda$onTimeout$1(TimeoutScheduler.java:133)
	at org.apache.ratis.util.LogUtils.runAndLog(LogUtils.java:50)
	at org.apache.ratis.util.LogUtils$1.run(LogUtils.java:91)
	at java.util.concurrent.Executors$RunnableAdapter.call(Executors.java:511)
	at java.util.concurrent.FutureTask.run(FutureTask.java:266)
	at java.util.concurrent.ScheduledThreadPoolExecutor$ScheduledFutureTask.access$201(ScheduledThreadPoolExecutor.java:180)
	at java.util.concurrent.ScheduledThreadPoolExecutor$ScheduledFutureTask.run(ScheduledThreadPoolExecutor.java:293)
	at java.util.concurrent.ThreadPoolExecutor.runWorker(ThreadPoolExecutor.java:1149)
	at java.util.concurrent.ThreadPoolExecutor$Worker.run(ThreadPoolExecutor.java:624)
	at java.lang.Thread.run(Thread.java:748)

Oct 17, 2019 7:09:28 AM org.apache.ratis.thirdparty.io.grpc.internal.ManagedChannelOrphanWrapper$ManagedChannelReference cleanQueue
SEVERE: *~*~*~ Channel ManagedChannelImpl{logId=1267, target=192.168.157.211:37172} was not shutdown properly!!! ~*~*~*
    Make sure to call shutdown()/shutdownNow() and wait until awaitTermination() returns true.
java.lang.RuntimeException: ManagedChannel allocation site
	at org.apache.ratis.thirdparty.io.grpc.internal.ManagedChannelOrphanWrapper$ManagedChannelReference.<init>(ManagedChannelOrphanWrapper.java:103)
	at org.apache.ratis.thirdparty.io.grpc.internal.ManagedChannelOrphanWrapper.<init>(ManagedChannelOrphanWrapper.java:53)
	at org.apache.ratis.thirdparty.io.grpc.internal.ManagedChannelOrphanWrapper.<init>(ManagedChannelOrphanWrapper.java:44)
	at org.apache.ratis.thirdparty.io.grpc.internal.AbstractManagedChannelImplBuilder.build(AbstractManagedChannelImplBuilder.java:411)
	at org.apache.ratis.grpc.client.GrpcClientProtocolClient.<init>(GrpcClientProtocolClient.java:128)
	at org.apache.ratis.grpc.client.GrpcClientRpc.lambda$new$0(GrpcClientRpc.java:55)
	at org.apache.ratis.util.PeerProxyMap$PeerAndProxy.lambda$getProxy$0(PeerProxyMap.java:61)
	at org.apache.ratis.util.LifeCycle.startAndTransition(LifeCycle.java:202)
	at org.apache.ratis.util.PeerProxyMap$PeerAndProxy.getProxy(PeerProxyMap.java:60)
	at org.apache.ratis.util.PeerProxyMap.getProxy(PeerProxyMap.java:108)
	at org.apache.ratis.grpc.client.GrpcClientRpc.sendRequestAsync(GrpcClientRpc.java:66)
	at org.apache.ratis.client.impl.OrderedAsync.sendRequest(OrderedAsync.java:208)
	at org.apache.ratis.client.impl.OrderedAsync.sendRequestWithRetry(OrderedAsync.java:169)
	at org.apache.ratis.util.SlidingWindow$Client.sendOrDelayRequest(SlidingWindow.java:278)
	at org.apache.ratis.util.SlidingWindow$Client.retry(SlidingWindow.java:294)
	at org.apache.ratis.client.impl.OrderedAsync.lambda$scheduleWithTimeout$7(OrderedAsync.java:195)
	at org.apache.ratis.util.TimeoutScheduler.lambda$onTimeout$0(TimeoutScheduler.java:113)
	at org.apache.ratis.util.TimeoutScheduler.lambda$onTimeout$1(TimeoutScheduler.java:133)
	at org.apache.ratis.util.LogUtils.runAndLog(LogUtils.java:50)
	at org.apache.ratis.util.LogUtils$1.run(LogUtils.java:91)
	at java.util.concurrent.Executors$RunnableAdapter.call(Executors.java:511)
	at java.util.concurrent.FutureTask.run(FutureTask.java:266)
	at java.util.concurrent.ScheduledThreadPoolExecutor$ScheduledFutureTask.access$201(ScheduledThreadPoolExecutor.java:180)
	at java.util.concurrent.ScheduledThreadPoolExecutor$ScheduledFutureTask.run(ScheduledThreadPoolExecutor.java:293)
	at java.util.concurrent.ThreadPoolExecutor.runWorker(ThreadPoolExecutor.java:1149)
	at java.util.concurrent.ThreadPoolExecutor$Worker.run(ThreadPoolExecutor.java:624)
	at java.lang.Thread.run(Thread.java:748)

Oct 17, 2019 7:09:28 AM org.apache.ratis.thirdparty.io.grpc.internal.ManagedChannelOrphanWrapper$ManagedChannelReference cleanQueue
SEVERE: *~*~*~ Channel ManagedChannelImpl{logId=1285, target=192.168.157.211:41989} was not shutdown properly!!! ~*~*~*
    Make sure to call shutdown()/shutdownNow() and wait until awaitTermination() returns true.
java.lang.RuntimeException: ManagedChannel allocation site
	at org.apache.ratis.thirdparty.io.grpc.internal.ManagedChannelOrphanWrapper$ManagedChannelReference.<init>(ManagedChannelOrphanWrapper.java:103)
	at org.apache.ratis.thirdparty.io.grpc.internal.ManagedChannelOrphanWrapper.<init>(ManagedChannelOrphanWrapper.java:53)
	at org.apache.ratis.thirdparty.io.grpc.internal.ManagedChannelOrphanWrapper.<init>(ManagedChannelOrphanWrapper.java:44)
	at org.apache.ratis.thirdparty.io.grpc.internal.AbstractManagedChannelImplBuilder.build(AbstractManagedChannelImplBuilder.java:411)
	at org.apache.hadoop.hdds.scm.XceiverClientGrpc.connectToDatanode(XceiverClientGrpc.java:183)
	at org.apache.hadoop.hdds.scm.XceiverClientGrpc.reconnect(XceiverClientGrpc.java:434)
	at org.apache.hadoop.hdds.scm.XceiverClientGrpc.sendCommandAsync(XceiverClientGrpc.java:382)
	at org.apache.hadoop.hdds.scm.XceiverClientGrpc.sendCommandWithRetry(XceiverClientGrpc.java:295)
	at org.apache.hadoop.hdds.scm.XceiverClientGrpc.sendCommandWithTraceIDAndRetry(XceiverClientGrpc.java:259)
	at org.apache.hadoop.hdds.scm.XceiverClientGrpc.sendCommand(XceiverClientGrpc.java:242)
	at org.apache.hadoop.hdds.scm.storage.ContainerProtocolCalls.getBlock(ContainerProtocolCalls.java:118)
	at org.apache.hadoop.hdds.scm.storage.BlockInputStream.getChunkInfos(BlockInputStream.java:169)
	at org.apache.hadoop.hdds.scm.storage.BlockInputStream.initialize(BlockInputStream.java:118)
	at org.apache.hadoop.hdds.scm.storage.BlockInputStream.read(BlockInputStream.java:224)
	at org.apache.hadoop.ozone.client.io.KeyInputStream.read(KeyInputStream.java:173)
	at org.apache.hadoop.ozone.client.io.OzoneInputStream.read(OzoneInputStream.java:47)
	at java.io.InputStream.read(InputStream.java:101)
	at org.apache.hadoop.ozone.container.ContainerTestHelper.validateData(ContainerTestHelper.java:715)
	at org.apache.hadoop.ozone.client.rpc.TestFailureHandlingByClient.validateData(TestFailureHandlingByClient.java:413)
	at org.apache.hadoop.ozone.client.rpc.TestFailureHandlingByClient.testBlockWritesWithDnFailures(TestFailureHandlingByClient.java:172)
	at sun.reflect.NativeMethodAccessorImpl.invoke0(Native Method)
	at sun.reflect.NativeMethodAccessorImpl.invoke(NativeMethodAccessorImpl.java:62)
	at sun.reflect.DelegatingMethodAccessorImpl.invoke(DelegatingMethodAccessorImpl.java:43)
	at java.lang.reflect.Method.invoke(Method.java:498)
	at org.junit.runners.model.FrameworkMethod$1.runReflectiveCall(FrameworkMethod.java:47)
	at org.junit.internal.runners.model.ReflectiveCallable.run(ReflectiveCallable.java:12)
	at org.junit.runners.model.FrameworkMethod.invokeExplosively(FrameworkMethod.java:44)
	at org.junit.internal.runners.statements.InvokeMethod.evaluate(InvokeMethod.java:17)
	at org.junit.internal.runners.statements.RunAfters.evaluate(RunAfters.java:27)
	at org.junit.runners.ParentRunner.runLeaf(ParentRunner.java:271)
	at org.junit.runners.BlockJUnit4ClassRunner.runChild(BlockJUnit4ClassRunner.java:70)
	at org.junit.runners.BlockJUnit4ClassRunner.runChild(BlockJUnit4ClassRunner.java:50)
	at org.junit.runners.ParentRunner$3.run(ParentRunner.java:238)
	at org.junit.runners.ParentRunner$1.schedule(ParentRunner.java:63)
	at org.junit.runners.ParentRunner.runChildren(ParentRunner.java:236)
	at org.junit.runners.ParentRunner.access$000(ParentRunner.java:53)
	at org.junit.runners.ParentRunner$2.evaluate(ParentRunner.java:229)
	at org.junit.runners.ParentRunner.run(ParentRunner.java:309)
	at org.apache.maven.surefire.junit4.JUnit4Provider.execute(JUnit4Provider.java:365)
	at org.apache.maven.surefire.junit4.JUnit4Provider.executeWithRerun(JUnit4Provider.java:273)
	at org.apache.maven.surefire.junit4.JUnit4Provider.executeTestSet(JUnit4Provider.java:238)
	at org.apache.maven.surefire.junit4.JUnit4Provider.invoke(JUnit4Provider.java:159)
	at org.apache.maven.surefire.booter.ForkedBooter.invokeProviderInSameClassLoader(ForkedBooter.java:384)
	at org.apache.maven.surefire.booter.ForkedBooter.runSuitesInProcess(ForkedBooter.java:345)
	at org.apache.maven.surefire.booter.ForkedBooter.execute(ForkedBooter.java:126)
	at org.apache.maven.surefire.booter.ForkedBooter.main(ForkedBooter.java:418)

Oct 17, 2019 7:09:28 AM org.apache.ratis.thirdparty.io.grpc.internal.ManagedChannelOrphanWrapper$ManagedChannelReference cleanQueue
SEVERE: *~*~*~ Channel ManagedChannelImpl{logId=1276, target=192.168.157.211:41678} was not shutdown properly!!! ~*~*~*
    Make sure to call shutdown()/shutdownNow() and wait until awaitTermination() returns true.
java.lang.RuntimeException: ManagedChannel allocation site
	at org.apache.ratis.thirdparty.io.grpc.internal.ManagedChannelOrphanWrapper$ManagedChannelReference.<init>(ManagedChannelOrphanWrapper.java:103)
	at org.apache.ratis.thirdparty.io.grpc.internal.ManagedChannelOrphanWrapper.<init>(ManagedChannelOrphanWrapper.java:53)
	at org.apache.ratis.thirdparty.io.grpc.internal.ManagedChannelOrphanWrapper.<init>(ManagedChannelOrphanWrapper.java:44)
	at org.apache.ratis.thirdparty.io.grpc.internal.AbstractManagedChannelImplBuilder.build(AbstractManagedChannelImplBuilder.java:411)
	at org.apache.hadoop.hdds.scm.XceiverClientGrpc.connectToDatanode(XceiverClientGrpc.java:183)
	at org.apache.hadoop.hdds.scm.XceiverClientGrpc.reconnect(XceiverClientGrpc.java:434)
	at org.apache.hadoop.hdds.scm.XceiverClientGrpc.sendCommandAsync(XceiverClientGrpc.java:382)
	at org.apache.hadoop.hdds.scm.XceiverClientGrpc.sendCommandWithRetry(XceiverClientGrpc.java:295)
	at org.apache.hadoop.hdds.scm.XceiverClientGrpc.sendCommandWithTraceIDAndRetry(XceiverClientGrpc.java:259)
	at org.apache.hadoop.hdds.scm.XceiverClientGrpc.sendCommand(XceiverClientGrpc.java:242)
	at org.apache.hadoop.hdds.scm.storage.ContainerProtocolCalls.getBlock(ContainerProtocolCalls.java:118)
	at org.apache.hadoop.hdds.scm.storage.BlockInputStream.getChunkInfos(BlockInputStream.java:169)
	at org.apache.hadoop.hdds.scm.storage.BlockInputStream.initialize(BlockInputStream.java:118)
	at org.apache.hadoop.hdds.scm.storage.BlockInputStream.read(BlockInputStream.java:224)
	at org.apache.hadoop.ozone.client.io.KeyInputStream.read(KeyInputStream.java:173)
	at org.apache.hadoop.ozone.client.io.OzoneInputStream.read(OzoneInputStream.java:47)
	at java.io.InputStream.read(InputStream.java:101)
	at org.apache.hadoop.ozone.container.ContainerTestHelper.validateData(ContainerTestHelper.java:715)
	at org.apache.hadoop.ozone.client.rpc.TestFailureHandlingByClient.validateData(TestFailureHandlingByClient.java:413)
	at org.apache.hadoop.ozone.client.rpc.TestFailureHandlingByClient.testBlockWritesWithDnFailures(TestFailureHandlingByClient.java:172)
	at sun.reflect.NativeMethodAccessorImpl.invoke0(Native Method)
	at sun.reflect.NativeMethodAccessorImpl.invoke(NativeMethodAccessorImpl.java:62)
	at sun.reflect.DelegatingMethodAccessorImpl.invoke(DelegatingMethodAccessorImpl.java:43)
	at java.lang.reflect.Method.invoke(Method.java:498)
	at org.junit.runners.model.FrameworkMethod$1.runReflectiveCall(FrameworkMethod.java:47)
	at org.junit.internal.runners.model.ReflectiveCallable.run(ReflectiveCallable.java:12)
	at org.junit.runners.model.FrameworkMethod.invokeExplosively(FrameworkMethod.java:44)
	at org.junit.internal.runners.statements.InvokeMethod.evaluate(InvokeMethod.java:17)
	at org.junit.internal.runners.statements.RunAfters.evaluate(RunAfters.java:27)
	at org.junit.runners.ParentRunner.runLeaf(ParentRunner.java:271)
	at org.junit.runners.BlockJUnit4ClassRunner.runChild(BlockJUnit4ClassRunner.java:70)
	at org.junit.runners.BlockJUnit4ClassRunner.runChild(BlockJUnit4ClassRunner.java:50)
	at org.junit.runners.ParentRunner$3.run(ParentRunner.java:238)
	at org.junit.runners.ParentRunner$1.schedule(ParentRunner.java:63)
	at org.junit.runners.ParentRunner.runChildren(ParentRunner.java:236)
	at org.junit.runners.ParentRunner.access$000(ParentRunner.java:53)
	at org.junit.runners.ParentRunner$2.evaluate(ParentRunner.java:229)
	at org.junit.runners.ParentRunner.run(ParentRunner.java:309)
	at org.apache.maven.surefire.junit4.JUnit4Provider.execute(JUnit4Provider.java:365)
	at org.apache.maven.surefire.junit4.JUnit4Provider.executeWithRerun(JUnit4Provider.java:273)
	at org.apache.maven.surefire.junit4.JUnit4Provider.executeTestSet(JUnit4Provider.java:238)
	at org.apache.maven.surefire.junit4.JUnit4Provider.invoke(JUnit4Provider.java:159)
	at org.apache.maven.surefire.booter.ForkedBooter.invokeProviderInSameClassLoader(ForkedBooter.java:384)
	at org.apache.maven.surefire.booter.ForkedBooter.runSuitesInProcess(ForkedBooter.java:345)
	at org.apache.maven.surefire.booter.ForkedBooter.execute(ForkedBooter.java:126)
	at org.apache.maven.surefire.booter.ForkedBooter.main(ForkedBooter.java:418)

Oct 17, 2019 7:09:28 AM org.apache.ratis.thirdparty.io.grpc.internal.ManagedChannelOrphanWrapper$ManagedChannelReference cleanQueue
SEVERE: *~*~*~ Channel ManagedChannelImpl{logId=1272, target=192.168.157.211:39550} was not shutdown properly!!! ~*~*~*
    Make sure to call shutdown()/shutdownNow() and wait until awaitTermination() returns true.
java.lang.RuntimeException: ManagedChannel allocation site
	at org.apache.ratis.thirdparty.io.grpc.internal.ManagedChannelOrphanWrapper$ManagedChannelReference.<init>(ManagedChannelOrphanWrapper.java:103)
	at org.apache.ratis.thirdparty.io.grpc.internal.ManagedChannelOrphanWrapper.<init>(ManagedChannelOrphanWrapper.java:53)
	at org.apache.ratis.thirdparty.io.grpc.internal.ManagedChannelOrphanWrapper.<init>(ManagedChannelOrphanWrapper.java:44)
	at org.apache.ratis.thirdparty.io.grpc.internal.AbstractManagedChannelImplBuilder.build(AbstractManagedChannelImplBuilder.java:411)
	at org.apache.hadoop.hdds.scm.XceiverClientGrpc.connectToDatanode(XceiverClientGrpc.java:183)
	at org.apache.hadoop.hdds.scm.XceiverClientGrpc.reconnect(XceiverClientGrpc.java:434)
	at org.apache.hadoop.hdds.scm.XceiverClientGrpc.sendCommandAsync(XceiverClientGrpc.java:382)
	at org.apache.hadoop.hdds.scm.XceiverClientGrpc.sendCommandWithRetry(XceiverClientGrpc.java:295)
	at org.apache.hadoop.hdds.scm.XceiverClientGrpc.sendCommandWithTraceIDAndRetry(XceiverClientGrpc.java:259)
	at org.apache.hadoop.hdds.scm.XceiverClientGrpc.sendCommand(XceiverClientGrpc.java:242)
	at org.apache.hadoop.hdds.scm.storage.ContainerProtocolCalls.getBlock(ContainerProtocolCalls.java:118)
	at org.apache.hadoop.hdds.scm.storage.BlockInputStream.getChunkInfos(BlockInputStream.java:169)
	at org.apache.hadoop.hdds.scm.storage.BlockInputStream.initialize(BlockInputStream.java:118)
	at org.apache.hadoop.hdds.scm.storage.BlockInputStream.read(BlockInputStream.java:224)
	at org.apache.hadoop.ozone.client.io.KeyInputStream.read(KeyInputStream.java:173)
	at org.apache.hadoop.ozone.client.io.OzoneInputStream.read(OzoneInputStream.java:47)
	at java.io.InputStream.read(InputStream.java:101)
	at org.apache.hadoop.ozone.container.ContainerTestHelper.validateData(ContainerTestHelper.java:715)
	at org.apache.hadoop.ozone.client.rpc.TestFailureHandlingByClient.validateData(TestFailureHandlingByClient.java:413)
	at org.apache.hadoop.ozone.client.rpc.TestFailureHandlingByClient.testBlockWritesWithDnFailures(TestFailureHandlingByClient.java:172)
	at sun.reflect.NativeMethodAccessorImpl.invoke0(Native Method)
	at sun.reflect.NativeMethodAccessorImpl.invoke(NativeMethodAccessorImpl.java:62)
	at sun.reflect.DelegatingMethodAccessorImpl.invoke(DelegatingMethodAccessorImpl.java:43)
	at java.lang.reflect.Method.invoke(Method.java:498)
	at org.junit.runners.model.FrameworkMethod$1.runReflectiveCall(FrameworkMethod.java:47)
	at org.junit.internal.runners.model.ReflectiveCallable.run(ReflectiveCallable.java:12)
	at org.junit.runners.model.FrameworkMethod.invokeExplosively(FrameworkMethod.java:44)
	at org.junit.internal.runners.statements.InvokeMethod.evaluate(InvokeMethod.java:17)
	at org.junit.internal.runners.statements.RunAfters.evaluate(RunAfters.java:27)
	at org.junit.runners.ParentRunner.runLeaf(ParentRunner.java:271)
	at org.junit.runners.BlockJUnit4ClassRunner.runChild(BlockJUnit4ClassRunner.java:70)
	at org.junit.runners.BlockJUnit4ClassRunner.runChild(BlockJUnit4ClassRunner.java:50)
	at org.junit.runners.ParentRunner$3.run(ParentRunner.java:238)
	at org.junit.runners.ParentRunner$1.schedule(ParentRunner.java:63)
	at org.junit.runners.ParentRunner.runChildren(ParentRunner.java:236)
	at org.junit.runners.ParentRunner.access$000(ParentRunner.java:53)
	at org.junit.runners.ParentRunner$2.evaluate(ParentRunner.java:229)
	at org.junit.runners.ParentRunner.run(ParentRunner.java:309)
	at org.apache.maven.surefire.junit4.JUnit4Provider.execute(JUnit4Provider.java:365)
	at org.apache.maven.surefire.junit4.JUnit4Provider.executeWithRerun(JUnit4Provider.java:273)
	at org.apache.maven.surefire.junit4.JUnit4Provider.executeTestSet(JUnit4Provider.java:238)
	at org.apache.maven.surefire.junit4.JUnit4Provider.invoke(JUnit4Provider.java:159)
	at org.apache.maven.surefire.booter.ForkedBooter.invokeProviderInSameClassLoader(ForkedBooter.java:384)
	at org.apache.maven.surefire.booter.ForkedBooter.runSuitesInProcess(ForkedBooter.java:345)
	at org.apache.maven.surefire.booter.ForkedBooter.execute(ForkedBooter.java:126)
	at org.apache.maven.surefire.booter.ForkedBooter.main(ForkedBooter.java:418)

Oct 17, 2019 7:09:28 AM org.apache.ratis.thirdparty.io.grpc.internal.ManagedChannelOrphanWrapper$ManagedChannelReference cleanQueue
SEVERE: *~*~*~ Channel ManagedChannelImpl{logId=1281, target=192.168.157.211:45275} was not shutdown properly!!! ~*~*~*
    Make sure to call shutdown()/shutdownNow() and wait until awaitTermination() returns true.
java.lang.RuntimeException: ManagedChannel allocation site
	at org.apache.ratis.thirdparty.io.grpc.internal.ManagedChannelOrphanWrapper$ManagedChannelReference.<init>(ManagedChannelOrphanWrapper.java:103)
	at org.apache.ratis.thirdparty.io.grpc.internal.ManagedChannelOrphanWrapper.<init>(ManagedChannelOrphanWrapper.java:53)
	at org.apache.ratis.thirdparty.io.grpc.internal.ManagedChannelOrphanWrapper.<init>(ManagedChannelOrphanWrapper.java:44)
	at org.apache.ratis.thirdparty.io.grpc.internal.AbstractManagedChannelImplBuilder.build(AbstractManagedChannelImplBuilder.java:411)
	at org.apache.hadoop.hdds.scm.XceiverClientGrpc.connectToDatanode(XceiverClientGrpc.java:183)
	at org.apache.hadoop.hdds.scm.XceiverClientGrpc.reconnect(XceiverClientGrpc.java:434)
	at org.apache.hadoop.hdds.scm.XceiverClientGrpc.sendCommandAsync(XceiverClientGrpc.java:382)
	at org.apache.hadoop.hdds.scm.XceiverClientGrpc.sendCommandWithRetry(XceiverClientGrpc.java:295)
	at org.apache.hadoop.hdds.scm.XceiverClientGrpc.sendCommandWithTraceIDAndRetry(XceiverClientGrpc.java:259)
	at org.apache.hadoop.hdds.scm.XceiverClientGrpc.sendCommand(XceiverClientGrpc.java:242)
	at org.apache.hadoop.hdds.scm.storage.ContainerProtocolCalls.readChunk(ContainerProtocolCalls.java:245)
	at org.apache.hadoop.hdds.scm.storage.ChunkInputStream.readChunk(ChunkInputStream.java:335)
	at org.apache.hadoop.hdds.scm.storage.ChunkInputStream.readChunkFromContainer(ChunkInputStream.java:307)
	at org.apache.hadoop.hdds.scm.storage.ChunkInputStream.prepareRead(ChunkInputStream.java:259)
	at org.apache.hadoop.hdds.scm.storage.ChunkInputStream.read(ChunkInputStream.java:144)
	at org.apache.hadoop.hdds.scm.storage.BlockInputStream.read(BlockInputStream.java:241)
	at org.apache.hadoop.ozone.client.io.KeyInputStream.read(KeyInputStream.java:173)
	at org.apache.hadoop.ozone.client.io.OzoneInputStream.read(OzoneInputStream.java:47)
	at java.io.InputStream.read(InputStream.java:101)
	at org.apache.hadoop.ozone.container.ContainerTestHelper.validateData(ContainerTestHelper.java:715)
	at org.apache.hadoop.ozone.client.rpc.TestFailureHandlingByClient.validateData(TestFailureHandlingByClient.java:413)
	at org.apache.hadoop.ozone.client.rpc.TestFailureHandlingByClient.testBlockWritesWithDnFailures(TestFailureHandlingByClient.java:172)
	at sun.reflect.NativeMethodAccessorImpl.invoke0(Native Method)
	at sun.reflect.NativeMethodAccessorImpl.invoke(NativeMethodAccessorImpl.java:62)
	at sun.reflect.DelegatingMethodAccessorImpl.invoke(DelegatingMethodAccessorImpl.java:43)
	at java.lang.reflect.Method.invoke(Method.java:498)
	at org.junit.runners.model.FrameworkMethod$1.runReflectiveCall(FrameworkMethod.java:47)
	at org.junit.internal.runners.model.ReflectiveCallable.run(ReflectiveCallable.java:12)
	at org.junit.runners.model.FrameworkMethod.invokeExplosively(FrameworkMethod.java:44)
	at org.junit.internal.runners.statements.InvokeMethod.evaluate(InvokeMethod.java:17)
	at org.junit.internal.runners.statements.RunAfters.evaluate(RunAfters.java:27)
	at org.junit.runners.ParentRunner.runLeaf(ParentRunner.java:271)
	at org.junit.runners.BlockJUnit4ClassRunner.runChild(BlockJUnit4ClassRunner.java:70)
	at org.junit.runners.BlockJUnit4ClassRunner.runChild(BlockJUnit4ClassRunner.java:50)
	at org.junit.runners.ParentRunner$3.run(ParentRunner.java:238)
	at org.junit.runners.ParentRunner$1.schedule(ParentRunner.java:63)
	at org.junit.runners.ParentRunner.runChildren(ParentRunner.java:236)
	at org.junit.runners.ParentRunner.access$000(ParentRunner.java:53)
	at org.junit.runners.ParentRunner$2.evaluate(ParentRunner.java:229)
	at org.junit.runners.ParentRunner.run(ParentRunner.java:309)
	at org.apache.maven.surefire.junit4.JUnit4Provider.execute(JUnit4Provider.java:365)
	at org.apache.maven.surefire.junit4.JUnit4Provider.executeWithRerun(JUnit4Provider.java:273)
	at org.apache.maven.surefire.junit4.JUnit4Provider.executeTestSet(JUnit4Provider.java:238)
	at org.apache.maven.surefire.junit4.JUnit4Provider.invoke(JUnit4Provider.java:159)
	at org.apache.maven.surefire.booter.ForkedBooter.invokeProviderInSameClassLoader(ForkedBooter.java:384)
	at org.apache.maven.surefire.booter.ForkedBooter.runSuitesInProcess(ForkedBooter.java:345)
	at org.apache.maven.surefire.booter.ForkedBooter.execute(ForkedBooter.java:126)
	at org.apache.maven.surefire.booter.ForkedBooter.main(ForkedBooter.java:418)

Oct 17, 2019 7:09:49 AM org.apache.ratis.thirdparty.io.grpc.internal.SerializingExecutor run
SEVERE: Exception while executing runnable org.apache.ratis.thirdparty.io.grpc.internal.ServerImpl$JumpToApplicationThreadServerStreamListener$1Closed@698002f5
org.apache.ratis.thirdparty.io.grpc.StatusRuntimeException: CANCELLED: call already cancelled
	at org.apache.ratis.thirdparty.io.grpc.Status.asRuntimeException(Status.java:517)
	at org.apache.ratis.thirdparty.io.grpc.stub.ServerCalls$ServerCallStreamObserverImpl.onCompleted(ServerCalls.java:356)
	at org.apache.ratis.grpc.server.GrpcServerProtocolService$ServerRequestStreamObserver.onError(GrpcServerProtocolService.java:121)
	at org.apache.ratis.thirdparty.io.grpc.stub.ServerCalls$StreamingServerCallHandler$StreamingServerCallListener.onCancel(ServerCalls.java:269)
	at org.apache.ratis.thirdparty.io.grpc.internal.ServerCallImpl$ServerStreamListenerImpl.closed(ServerCallImpl.java:293)
	at org.apache.ratis.thirdparty.io.grpc.internal.ServerImpl$JumpToApplicationThreadServerStreamListener$1Closed.runInContext(ServerImpl.java:741)
	at org.apache.ratis.thirdparty.io.grpc.internal.ContextRunnable.run(ContextRunnable.java:37)
	at org.apache.ratis.thirdparty.io.grpc.internal.SerializingExecutor.run(SerializingExecutor.java:123)
	at java.util.concurrent.ThreadPoolExecutor.runWorker(ThreadPoolExecutor.java:1149)
	at java.util.concurrent.ThreadPoolExecutor$Worker.run(ThreadPoolExecutor.java:624)
	at java.lang.Thread.run(Thread.java:748)

Oct 17, 2019 7:09:49 AM org.apache.ratis.thirdparty.io.grpc.internal.SerializingExecutor run
SEVERE: Exception while executing runnable org.apache.ratis.thirdparty.io.grpc.internal.ClientCallImpl$ClientStreamListenerImpl$1StreamClosed@5c45f556
java.lang.NullPointerException
	at org.apache.ratis.grpc.server.GrpcLogAppender$AppendLogResponseHandler.onError(GrpcLogAppender.java:303)
	at org.apache.ratis.thirdparty.io.grpc.stub.ClientCalls$StreamObserverToCallListenerAdapter.onClose(ClientCalls.java:434)
	at org.apache.ratis.thirdparty.io.grpc.PartialForwardingClientCallListener.onClose(PartialForwardingClientCallListener.java:39)
	at org.apache.ratis.thirdparty.io.grpc.ForwardingClientCallListener.onClose(ForwardingClientCallListener.java:23)
	at org.apache.ratis.thirdparty.io.grpc.ForwardingClientCallListener$SimpleForwardingClientCallListener.onClose(ForwardingClientCallListener.java:40)
	at org.apache.ratis.thirdparty.io.grpc.internal.CensusStatsModule$StatsClientInterceptor$1$1.onClose(CensusStatsModule.java:678)
	at org.apache.ratis.thirdparty.io.grpc.PartialForwardingClientCallListener.onClose(PartialForwardingClientCallListener.java:39)
	at org.apache.ratis.thirdparty.io.grpc.ForwardingClientCallListener.onClose(ForwardingClientCallListener.java:23)
	at org.apache.ratis.thirdparty.io.grpc.ForwardingClientCallListener$SimpleForwardingClientCallListener.onClose(ForwardingClientCallListener.java:40)
	at org.apache.ratis.thirdparty.io.grpc.internal.CensusTracingModule$TracingClientInterceptor$1$1.onClose(CensusTracingModule.java:397)
	at org.apache.ratis.thirdparty.io.grpc.internal.ClientCallImpl.closeObserver(ClientCallImpl.java:459)
	at org.apache.ratis.thirdparty.io.grpc.internal.ClientCallImpl.access$300(ClientCallImpl.java:63)
	at org.apache.ratis.thirdparty.io.grpc.internal.ClientCallImpl$ClientStreamListenerImpl.close(ClientCallImpl.java:546)
	at org.apache.ratis.thirdparty.io.grpc.internal.ClientCallImpl$ClientStreamListenerImpl.access$600(ClientCallImpl.java:467)
	at org.apache.ratis.thirdparty.io.grpc.internal.ClientCallImpl$ClientStreamListenerImpl$1StreamClosed.runInContext(ClientCallImpl.java:584)
	at org.apache.ratis.thirdparty.io.grpc.internal.ContextRunnable.run(ContextRunnable.java:37)
	at org.apache.ratis.thirdparty.io.grpc.internal.SerializingExecutor.run(SerializingExecutor.java:123)
	at java.util.concurrent.ThreadPoolExecutor.runWorker(ThreadPoolExecutor.java:1149)
	at java.util.concurrent.ThreadPoolExecutor$Worker.run(ThreadPoolExecutor.java:624)
	at java.lang.Thread.run(Thread.java:748)

Oct 17, 2019 7:09:54 AM org.apache.ratis.thirdparty.io.grpc.internal.SerializingExecutor run
SEVERE: Exception while executing runnable org.apache.ratis.thirdparty.io.grpc.internal.ServerImpl$JumpToApplicationThreadServerStreamListener$1Closed@13542c0
org.apache.ratis.thirdparty.io.grpc.StatusRuntimeException: CANCELLED: call already cancelled
	at org.apache.ratis.thirdparty.io.grpc.Status.asRuntimeException(Status.java:517)
	at org.apache.ratis.thirdparty.io.grpc.stub.ServerCalls$ServerCallStreamObserverImpl.onCompleted(ServerCalls.java:356)
	at org.apache.ratis.grpc.server.GrpcServerProtocolService$ServerRequestStreamObserver.onError(GrpcServerProtocolService.java:121)
	at org.apache.ratis.thirdparty.io.grpc.stub.ServerCalls$StreamingServerCallHandler$StreamingServerCallListener.onCancel(ServerCalls.java:269)
	at org.apache.ratis.thirdparty.io.grpc.internal.ServerCallImpl$ServerStreamListenerImpl.closed(ServerCallImpl.java:293)
	at org.apache.ratis.thirdparty.io.grpc.internal.ServerImpl$JumpToApplicationThreadServerStreamListener$1Closed.runInContext(ServerImpl.java:741)
	at org.apache.ratis.thirdparty.io.grpc.internal.ContextRunnable.run(ContextRunnable.java:37)
	at org.apache.ratis.thirdparty.io.grpc.internal.SerializingExecutor.run(SerializingExecutor.java:123)
	at java.util.concurrent.ThreadPoolExecutor.runWorker(ThreadPoolExecutor.java:1149)
	at java.util.concurrent.ThreadPoolExecutor$Worker.run(ThreadPoolExecutor.java:624)
	at java.lang.Thread.run(Thread.java:748)

Oct 17, 2019 7:09:54 AM org.apache.ratis.thirdparty.io.grpc.internal.SerializingExecutor run
SEVERE: Exception while executing runnable org.apache.ratis.thirdparty.io.grpc.internal.ClientCallImpl$ClientStreamListenerImpl$1StreamClosed@247dd52c
java.lang.NullPointerException
	at org.apache.ratis.grpc.server.GrpcLogAppender$AppendLogResponseHandler.onError(GrpcLogAppender.java:303)
	at org.apache.ratis.thirdparty.io.grpc.stub.ClientCalls$StreamObserverToCallListenerAdapter.onClose(ClientCalls.java:434)
	at org.apache.ratis.thirdparty.io.grpc.PartialForwardingClientCallListener.onClose(PartialForwardingClientCallListener.java:39)
	at org.apache.ratis.thirdparty.io.grpc.ForwardingClientCallListener.onClose(ForwardingClientCallListener.java:23)
	at org.apache.ratis.thirdparty.io.grpc.ForwardingClientCallListener$SimpleForwardingClientCallListener.onClose(ForwardingClientCallListener.java:40)
	at org.apache.ratis.thirdparty.io.grpc.internal.CensusStatsModule$StatsClientInterceptor$1$1.onClose(CensusStatsModule.java:678)
	at org.apache.ratis.thirdparty.io.grpc.PartialForwardingClientCallListener.onClose(PartialForwardingClientCallListener.java:39)
	at org.apache.ratis.thirdparty.io.grpc.ForwardingClientCallListener.onClose(ForwardingClientCallListener.java:23)
	at org.apache.ratis.thirdparty.io.grpc.ForwardingClientCallListener$SimpleForwardingClientCallListener.onClose(ForwardingClientCallListener.java:40)
	at org.apache.ratis.thirdparty.io.grpc.internal.CensusTracingModule$TracingClientInterceptor$1$1.onClose(CensusTracingModule.java:397)
	at org.apache.ratis.thirdparty.io.grpc.internal.ClientCallImpl.closeObserver(ClientCallImpl.java:459)
	at org.apache.ratis.thirdparty.io.grpc.internal.ClientCallImpl.access$300(ClientCallImpl.java:63)
	at org.apache.ratis.thirdparty.io.grpc.internal.ClientCallImpl$ClientStreamListenerImpl.close(ClientCallImpl.java:546)
	at org.apache.ratis.thirdparty.io.grpc.internal.ClientCallImpl$ClientStreamListenerImpl.access$600(ClientCallImpl.java:467)
	at org.apache.ratis.thirdparty.io.grpc.internal.ClientCallImpl$ClientStreamListenerImpl$1StreamClosed.runInContext(ClientCallImpl.java:584)
	at org.apache.ratis.thirdparty.io.grpc.internal.ContextRunnable.run(ContextRunnable.java:37)
	at org.apache.ratis.thirdparty.io.grpc.internal.SerializingExecutor.run(SerializingExecutor.java:123)
	at java.util.concurrent.ThreadPoolExecutor.runWorker(ThreadPoolExecutor.java:1149)
	at java.util.concurrent.ThreadPoolExecutor$Worker.run(ThreadPoolExecutor.java:624)
	at java.lang.Thread.run(Thread.java:748)

Oct 17, 2019 7:09:59 AM org.apache.ratis.thirdparty.io.grpc.internal.SerializingExecutor run
SEVERE: Exception while executing runnable org.apache.ratis.thirdparty.io.grpc.internal.ServerImpl$JumpToApplicationThreadServerStreamListener$1Closed@488a3422
org.apache.ratis.thirdparty.io.grpc.StatusRuntimeException: CANCELLED: call already cancelled
	at org.apache.ratis.thirdparty.io.grpc.Status.asRuntimeException(Status.java:517)
	at org.apache.ratis.thirdparty.io.grpc.stub.ServerCalls$ServerCallStreamObserverImpl.onCompleted(ServerCalls.java:356)
	at org.apache.ratis.grpc.server.GrpcServerProtocolService$ServerRequestStreamObserver.onError(GrpcServerProtocolService.java:121)
	at org.apache.ratis.thirdparty.io.grpc.stub.ServerCalls$StreamingServerCallHandler$StreamingServerCallListener.onCancel(ServerCalls.java:269)
	at org.apache.ratis.thirdparty.io.grpc.internal.ServerCallImpl$ServerStreamListenerImpl.closed(ServerCallImpl.java:293)
	at org.apache.ratis.thirdparty.io.grpc.internal.ServerImpl$JumpToApplicationThreadServerStreamListener$1Closed.runInContext(ServerImpl.java:741)
	at org.apache.ratis.thirdparty.io.grpc.internal.ContextRunnable.run(ContextRunnable.java:37)
	at org.apache.ratis.thirdparty.io.grpc.internal.SerializingExecutor.run(SerializingExecutor.java:123)
	at java.util.concurrent.ThreadPoolExecutor.runWorker(ThreadPoolExecutor.java:1149)
	at java.util.concurrent.ThreadPoolExecutor$Worker.run(ThreadPoolExecutor.java:624)
	at java.lang.Thread.run(Thread.java:748)

Oct 17, 2019 7:09:59 AM org.apache.ratis.thirdparty.io.grpc.internal.SerializingExecutor run
SEVERE: Exception while executing runnable org.apache.ratis.thirdparty.io.grpc.internal.ClientCallImpl$ClientStreamListenerImpl$1StreamClosed@19a9ad7c
java.lang.NullPointerException
	at org.apache.ratis.grpc.server.GrpcLogAppender$AppendLogResponseHandler.onError(GrpcLogAppender.java:303)
	at org.apache.ratis.thirdparty.io.grpc.stub.ClientCalls$StreamObserverToCallListenerAdapter.onClose(ClientCalls.java:434)
	at org.apache.ratis.thirdparty.io.grpc.PartialForwardingClientCallListener.onClose(PartialForwardingClientCallListener.java:39)
	at org.apache.ratis.thirdparty.io.grpc.ForwardingClientCallListener.onClose(ForwardingClientCallListener.java:23)
	at org.apache.ratis.thirdparty.io.grpc.ForwardingClientCallListener$SimpleForwardingClientCallListener.onClose(ForwardingClientCallListener.java:40)
	at org.apache.ratis.thirdparty.io.grpc.internal.CensusStatsModule$StatsClientInterceptor$1$1.onClose(CensusStatsModule.java:678)
	at org.apache.ratis.thirdparty.io.grpc.PartialForwardingClientCallListener.onClose(PartialForwardingClientCallListener.java:39)
	at org.apache.ratis.thirdparty.io.grpc.ForwardingClientCallListener.onClose(ForwardingClientCallListener.java:23)
	at org.apache.ratis.thirdparty.io.grpc.ForwardingClientCallListener$SimpleForwardingClientCallListener.onClose(ForwardingClientCallListener.java:40)
	at org.apache.ratis.thirdparty.io.grpc.internal.CensusTracingModule$TracingClientInterceptor$1$1.onClose(CensusTracingModule.java:397)
	at org.apache.ratis.thirdparty.io.grpc.internal.ClientCallImpl.closeObserver(ClientCallImpl.java:459)
	at org.apache.ratis.thirdparty.io.grpc.internal.ClientCallImpl.access$300(ClientCallImpl.java:63)
	at org.apache.ratis.thirdparty.io.grpc.internal.ClientCallImpl$ClientStreamListenerImpl.close(ClientCallImpl.java:546)
	at org.apache.ratis.thirdparty.io.grpc.internal.ClientCallImpl$ClientStreamListenerImpl.access$600(ClientCallImpl.java:467)
	at org.apache.ratis.thirdparty.io.grpc.internal.ClientCallImpl$ClientStreamListenerImpl$1StreamClosed.runInContext(ClientCallImpl.java:584)
	at org.apache.ratis.thirdparty.io.grpc.internal.ContextRunnable.run(ContextRunnable.java:37)
	at org.apache.ratis.thirdparty.io.grpc.internal.SerializingExecutor.run(SerializingExecutor.java:123)
	at java.util.concurrent.ThreadPoolExecutor.runWorker(ThreadPoolExecutor.java:1149)
	at java.util.concurrent.ThreadPoolExecutor$Worker.run(ThreadPoolExecutor.java:624)
	at java.lang.Thread.run(Thread.java:748)

]]></system-err>
  </testcase>
</testsuite>