<?xml version="1.0" encoding="UTF-8"?>
<testsuite xmlns:xsi="http://www.w3.org/2001/XMLSchema-instance" xsi:noNamespaceSchemaLocation="https://maven.apache.org/surefire/maven-surefire-plugin/xsd/surefire-test-report.xsd" name="org.apache.hadoop.ozone.scm.pipeline.TestSCMPipelineMetrics" time="79.437" tests="3" errors="0" skipped="0" failures="1">
  <properties>
    <property name="awt.toolkit" value="sun.awt.X11.XToolkit"/>
    <property name="file.encoding.pkg" value="sun.io"/>
    <property name="java.specification.version" value="1.8"/>
    <property name="sun.cpu.isalist" value=""/>
    <property name="sun.jnu.encoding" value="UTF-8"/>
    <property name="java.class.path" value="/workdir/hadoop-ozone/integration-test/target/test-classes:/workdir/hadoop-ozone/integration-test/target/classes:/home/user/.m2/repository/org/apache/hadoop/hadoop-ozone-common/0.5.0-SNAPSHOT/hadoop-ozone-common-0.5.0-SNAPSHOT.jar:/home/user/.m2/repository/org/apache/commons/commons-compress/1.4.1/commons-compress-1.4.1.jar:/home/user/.m2/repository/org/tukaani/xz/1.0/xz-1.0.jar:/home/user/.m2/repository/org/apache/hadoop/hadoop-common/3.2.0/hadoop-common-3.2.0.jar:/home/user/.m2/repository/org/apache/hadoop/hadoop-hdfs/3.2.0/hadoop-hdfs-3.2.0.jar:/home/user/.m2/repository/org/apache/hadoop/hadoop-hdfs-client/3.2.0/hadoop-hdfs-client-3.2.0.jar:/home/user/.m2/repository/com/fasterxml/jackson/core/jackson-annotations/2.9.9/jackson-annotations-2.9.9.jar:/home/user/.m2/repository/org/apache/hadoop/hadoop-hdds-common/0.5.0-SNAPSHOT/hadoop-hdds-common-0.5.0-SNAPSHOT.jar:/home/user/.m2/repository/javax/annotation/javax.annotation-api/1.2/javax.annotation-api-1.2.jar:/home/user/.m2/repository/org/apache/ratis/ratis-server/0.5.0-63cd2fb-SNAPSHOT/ratis-server-0.5.0-63cd2fb-SNAPSHOT.jar:/home/user/.m2/repository/org/apache/ratis/ratis-thirdparty-misc/0.2.0/ratis-thirdparty-misc-0.2.0.jar:/home/user/.m2/repository/org/apache/ratis/ratis-proto/0.5.0-63cd2fb-SNAPSHOT/ratis-proto-0.5.0-63cd2fb-SNAPSHOT.jar:/home/user/.m2/repository/org/apache/ratis/ratis-common/0.5.0-63cd2fb-SNAPSHOT/ratis-common-0.5.0-63cd2fb-SNAPSHOT.jar:/home/user/.m2/repository/org/apache/ratis/ratis-client/0.5.0-63cd2fb-SNAPSHOT/ratis-client-0.5.0-63cd2fb-SNAPSHOT.jar:/home/user/.m2/repository/org/apache/ratis/ratis-metrics/0.5.0-63cd2fb-SNAPSHOT/ratis-metrics-0.5.0-63cd2fb-SNAPSHOT.jar:/home/user/.m2/repository/com/github/joshelser/dropwizard-metrics-hadoop-metrics2-reporter/0.1.2/dropwizard-metrics-hadoop-metrics2-reporter-0.1.2.jar:/home/user/.m2/repository/io/dropwizard/metrics/metrics-jvm/3.2.5/metrics-jvm-3.2.5.jar:/home/user/.m2/repository/io/dropwizard/metrics/metrics-ganglia/3.2.5/metrics-ganglia-3.2.5.jar:/home/user/.m2/repository/info/ganglia/gmetric4j/gmetric4j/1.0.7/gmetric4j-1.0.7.jar:/home/user/.m2/repository/org/apache/ratis/ratis-netty/0.5.0-63cd2fb-SNAPSHOT/ratis-netty-0.5.0-63cd2fb-SNAPSHOT.jar:/home/user/.m2/repository/org/apache/ratis/ratis-grpc/0.5.0-63cd2fb-SNAPSHOT/ratis-grpc-0.5.0-63cd2fb-SNAPSHOT.jar:/home/user/.m2/repository/org/rocksdb/rocksdbjni/6.0.1/rocksdbjni-6.0.1.jar:/home/user/.m2/repository/org/apache/logging/log4j/log4j-api/2.11.0/log4j-api-2.11.0.jar:/home/user/.m2/repository/org/apache/logging/log4j/log4j-core/2.11.0/log4j-core-2.11.0.jar:/home/user/.m2/repository/com/lmax/disruptor/3.4.2/disruptor-3.4.2.jar:/home/user/.m2/repository/org/apache/commons/commons-pool2/2.6.0/commons-pool2-2.6.0.jar:/home/user/.m2/repository/org/bouncycastle/bcpkix-jdk15on/1.60/bcpkix-jdk15on-1.60.jar:/home/user/.m2/repository/commons-validator/commons-validator/1.6/commons-validator-1.6.jar:/home/user/.m2/repository/commons-digester/commons-digester/1.8.1/commons-digester-1.8.1.jar:/home/user/.m2/repository/io/jaegertracing/jaeger-client/0.34.0/jaeger-client-0.34.0.jar:/home/user/.m2/repository/io/jaegertracing/jaeger-thrift/0.34.0/jaeger-thrift-0.34.0.jar:/home/user/.m2/repository/org/apache/thrift/libthrift/0.12.0/libthrift-0.12.0.jar:/home/user/.m2/repository/com/squareup/okhttp3/okhttp/3.9.0/okhttp-3.9.0.jar:/home/user/.m2/repository/com/squareup/okio/okio/1.13.0/okio-1.13.0.jar:/home/user/.m2/repository/io/jaegertracing/jaeger-core/0.34.0/jaeger-core-0.34.0.jar:/home/user/.m2/repository/io/jaegertracing/jaeger-tracerresolver/0.34.0/jaeger-tracerresolver-0.34.0.jar:/home/user/.m2/repository/io/opentracing/contrib/opentracing-tracerresolver/0.1.5/opentracing-tracerresolver-0.1.5.jar:/home/user/.m2/repository/io/opentracing/opentracing-util/0.31.0/opentracing-util-0.31.0.jar:/home/user/.m2/repository/io/opentracing/opentracing-api/0.31.0/opentracing-api-0.31.0.jar:/home/user/.m2/repository/io/opentracing/opentracing-noop/0.31.0/opentracing-noop-0.31.0.jar:/home/user/.m2/repository/org/apache/hadoop/hadoop-hdds-server-framework/0.5.0-SNAPSHOT/hadoop-hdds-server-framework-0.5.0-SNAPSHOT.jar:/home/user/.m2/repository/org/apache/hadoop/hadoop-hdds-container-service/0.5.0-SNAPSHOT/hadoop-hdds-container-service-0.5.0-SNAPSHOT.jar:/home/user/.m2/repository/org/apache/hadoop/hadoop-hdds-client/0.5.0-SNAPSHOT/hadoop-hdds-client-0.5.0-SNAPSHOT.jar:/home/user/.m2/repository/org/apache/hadoop/hadoop-hdds-tools/0.5.0-SNAPSHOT/hadoop-hdds-tools-0.5.0-SNAPSHOT.jar:/home/user/.m2/repository/org/apache/hadoop/hadoop-hdds-server-scm/0.5.0-SNAPSHOT/hadoop-hdds-server-scm-0.5.0-SNAPSHOT.jar:/home/user/.m2/repository/org/apache/hadoop/hadoop-hdds-docs/0.5.0-SNAPSHOT/hadoop-hdds-docs-0.5.0-SNAPSHOT.jar:/home/user/.m2/repository/io/dropwizard/metrics/metrics-core/3.2.4/metrics-core-3.2.4.jar:/home/user/.m2/repository/org/hamcrest/hamcrest-all/1.3/hamcrest-all-1.3.jar:/home/user/.m2/repository/org/bouncycastle/bcprov-jdk15on/1.60/bcprov-jdk15on-1.60.jar:/home/user/.m2/repository/info/picocli/picocli/3.9.6/picocli-3.9.6.jar:/home/user/.m2/repository/com/google/protobuf/protobuf-java/2.5.0/protobuf-java-2.5.0.jar:/home/user/.m2/repository/com/google/guava/guava/11.0.2/guava-11.0.2.jar:/home/user/.m2/repository/org/apache/hadoop/hadoop-ozone-ozone-manager/0.5.0-SNAPSHOT/hadoop-ozone-ozone-manager-0.5.0-SNAPSHOT.jar:/home/user/.m2/repository/org/apache/hadoop/hadoop-minikdc/3.2.0/hadoop-minikdc-3.2.0.jar:/home/user/.m2/repository/commons-io/commons-io/2.5/commons-io-2.5.jar:/home/user/.m2/repository/org/apache/kerby/kerb-simplekdc/1.0.1/kerb-simplekdc-1.0.1.jar:/home/user/.m2/repository/org/apache/kerby/kerb-client/1.0.1/kerb-client-1.0.1.jar:/home/user/.m2/repository/org/apache/kerby/kerby-config/1.0.1/kerby-config-1.0.1.jar:/home/user/.m2/repository/org/apache/kerby/kerb-core/1.0.1/kerb-core-1.0.1.jar:/home/user/.m2/repository/org/apache/kerby/kerby-pkix/1.0.1/kerby-pkix-1.0.1.jar:/home/user/.m2/repository/org/apache/kerby/kerby-asn1/1.0.1/kerby-asn1-1.0.1.jar:/home/user/.m2/repository/org/apache/kerby/kerby-util/1.0.1/kerby-util-1.0.1.jar:/home/user/.m2/repository/org/apache/kerby/kerb-common/1.0.1/kerb-common-1.0.1.jar:/home/user/.m2/repository/org/apache/kerby/kerb-crypto/1.0.1/kerb-crypto-1.0.1.jar:/home/user/.m2/repository/org/apache/kerby/kerb-util/1.0.1/kerb-util-1.0.1.jar:/home/user/.m2/repository/org/apache/kerby/token-provider/1.0.1/token-provider-1.0.1.jar:/home/user/.m2/repository/org/apache/kerby/kerb-admin/1.0.1/kerb-admin-1.0.1.jar:/home/user/.m2/repository/org/apache/kerby/kerb-server/1.0.1/kerb-server-1.0.1.jar:/home/user/.m2/repository/org/apache/kerby/kerb-identity/1.0.1/kerb-identity-1.0.1.jar:/home/user/.m2/repository/org/apache/kerby/kerby-xdr/1.0.1/kerby-xdr-1.0.1.jar:/home/user/.m2/repository/org/slf4j/slf4j-log4j12/1.7.25/slf4j-log4j12-1.7.25.jar:/home/user/.m2/repository/org/apache/hadoop/hadoop-ozone-s3gateway/0.5.0-SNAPSHOT/hadoop-ozone-s3gateway-0.5.0-SNAPSHOT.jar:/home/user/.m2/repository/org/jboss/weld/servlet/weld-servlet/2.4.7.Final/weld-servlet-2.4.7.Final.jar:/home/user/.m2/repository/org/glassfish/jersey/containers/jersey-container-servlet-core/2.27/jersey-container-servlet-core-2.27.jar:/home/user/.m2/repository/org/glassfish/hk2/external/javax.inject/2.5.0-b42/javax.inject-2.5.0-b42.jar:/home/user/.m2/repository/org/glassfish/jersey/core/jersey-common/2.27/jersey-common-2.27.jar:/home/user/.m2/repository/org/glassfish/hk2/osgi-resource-locator/1.0.1/osgi-resource-locator-1.0.1.jar:/home/user/.m2/repository/javax/ws/rs/javax.ws.rs-api/2.1/javax.ws.rs-api-2.1.jar:/home/user/.m2/repository/org/glassfish/jersey/ext/cdi/jersey-cdi1x/2.27/jersey-cdi1x-2.27.jar:/home/user/.m2/repository/org/glassfish/jersey/inject/jersey-hk2/2.27/jersey-hk2-2.27.jar:/home/user/.m2/repository/org/glassfish/hk2/hk2-locator/2.5.0-b42/hk2-locator-2.5.0-b42.jar:/home/user/.m2/repository/org/javassist/javassist/3.22.0-CR2/javassist-3.22.0-CR2.jar:/home/user/.m2/repository/org/glassfish/hk2/hk2-api/2.5.0/hk2-api-2.5.0.jar:/home/user/.m2/repository/org/glassfish/hk2/external/jakarta.inject/2.5.0/jakarta.inject-2.5.0.jar:/home/user/.m2/repository/org/glassfish/hk2/hk2-utils/2.5.0/hk2-utils-2.5.0.jar:/home/user/.m2/repository/jakarta/annotation/jakarta.annotation-api/1.3.4/jakarta.annotation-api-1.3.4.jar:/home/user/.m2/repository/org/glassfish/hk2/external/aopalliance-repackaged/2.5.0/aopalliance-repackaged-2.5.0.jar:/home/user/.m2/repository/com/fasterxml/jackson/dataformat/jackson-dataformat-xml/2.9.0/jackson-dataformat-xml-2.9.0.jar:/home/user/.m2/repository/com/fasterxml/jackson/core/jackson-core/2.9.9/jackson-core-2.9.9.jar:/home/user/.m2/repository/com/fasterxml/jackson/module/jackson-module-jaxb-annotations/2.9.9/jackson-module-jaxb-annotations-2.9.9.jar:/home/user/.m2/repository/javax/enterprise/cdi-api/1.2/cdi-api-1.2.jar:/home/user/.m2/repository/javax/el/javax.el-api/3.0.0/javax.el-api-3.0.0.jar:/home/user/.m2/repository/javax/interceptor/javax.interceptor-api/1.2/javax.interceptor-api-1.2.jar:/home/user/.m2/repository/javax/inject/javax.inject/1/javax.inject-1.jar:/home/user/.m2/repository/com/sun/xml/bind/jaxb-impl/2.3.0.1/jaxb-impl-2.3.0.1.jar:/home/user/.m2/repository/com/sun/xml/bind/jaxb-core/2.3.0.1/jaxb-core-2.3.0.1.jar:/home/user/.m2/repository/javax/xml/bind/jaxb-api/2.3.0/jaxb-api-2.3.0.jar:/home/user/.m2/repository/javax/activation/activation/1.1.1/activation-1.1.1.jar:/home/user/.m2/repository/org/apache/hadoop/hadoop-ozone-csi/0.5.0-SNAPSHOT/hadoop-ozone-csi-0.5.0-SNAPSHOT.jar:/home/user/.m2/repository/com/google/protobuf/protobuf-java-util/3.5.1/protobuf-java-util-3.5.1.jar:/home/user/.m2/repository/org/apache/hadoop/hadoop-hdds-config/0.5.0-SNAPSHOT/hadoop-hdds-config-0.5.0-SNAPSHOT.jar:/home/user/.m2/repository/io/grpc/grpc-netty/1.17.1/grpc-netty-1.17.1.jar:/home/user/.m2/repository/io/grpc/grpc-core/1.17.1/grpc-core-1.17.1.jar:/home/user/.m2/repository/io/grpc/grpc-context/1.17.1/grpc-context-1.17.1.jar:/home/user/.m2/repository/com/google/errorprone/error_prone_annotations/2.2.0/error_prone_annotations-2.2.0.jar:/home/user/.m2/repository/org/codehaus/mojo/animal-sniffer-annotations/1.17/animal-sniffer-annotations-1.17.jar:/home/user/.m2/repository/io/opencensus/opencensus-api/0.17.0/opencensus-api-0.17.0.jar:/home/user/.m2/repository/io/opencensus/opencensus-contrib-grpc-metrics/0.17.0/opencensus-contrib-grpc-metrics-0.17.0.jar:/home/user/.m2/repository/io/netty/netty-codec-http2/4.1.30.Final/netty-codec-http2-4.1.30.Final.jar:/home/user/.m2/repository/io/netty/netty-codec-http/4.1.30.Final/netty-codec-http-4.1.30.Final.jar:/home/user/.m2/repository/io/netty/netty-codec/4.1.30.Final/netty-codec-4.1.30.Final.jar:/home/user/.m2/repository/io/netty/netty-handler/4.1.30.Final/netty-handler-4.1.30.Final.jar:/home/user/.m2/repository/io/netty/netty-handler-proxy/4.1.30.Final/netty-handler-proxy-4.1.30.Final.jar:/home/user/.m2/repository/io/netty/netty-codec-socks/4.1.30.Final/netty-codec-socks-4.1.30.Final.jar:/home/user/.m2/repository/io/netty/netty-transport-native-epoll/4.1.30.Final/netty-transport-native-epoll-4.1.30.Final.jar:/home/user/.m2/repository/io/netty/netty-common/4.1.30.Final/netty-common-4.1.30.Final.jar:/home/user/.m2/repository/io/netty/netty-buffer/4.1.30.Final/netty-buffer-4.1.30.Final.jar:/home/user/.m2/repository/io/netty/netty-transport/4.1.30.Final/netty-transport-4.1.30.Final.jar:/home/user/.m2/repository/io/netty/netty-resolver/4.1.30.Final/netty-resolver-4.1.30.Final.jar:/home/user/.m2/repository/io/netty/netty-transport-native-unix-common/4.1.30.Final/netty-transport-native-unix-common-4.1.30.Final.jar:/home/user/.m2/repository/io/grpc/grpc-protobuf/1.17.1/grpc-protobuf-1.17.1.jar:/home/user/.m2/repository/com/google/api/grpc/proto-google-common-protos/1.0.0/proto-google-common-protos-1.0.0.jar:/home/user/.m2/repository/io/grpc/grpc-protobuf-lite/1.17.1/grpc-protobuf-lite-1.17.1.jar:/home/user/.m2/repository/io/grpc/grpc-stub/1.17.1/grpc-stub-1.17.1.jar:/home/user/.m2/repository/org/apache/hadoop/hadoop-ozone-recon/0.5.0-SNAPSHOT/hadoop-ozone-recon-0.5.0-SNAPSHOT.jar:/home/user/.m2/repository/org/apache/hadoop/hadoop-ozone-reconcodegen/0.5.0-SNAPSHOT/hadoop-ozone-reconcodegen-0.5.0-SNAPSHOT.jar:/home/user/.m2/repository/com/google/inject/extensions/guice-multibindings/4.0/guice-multibindings-4.0.jar:/home/user/.m2/repository/com/google/inject/guice/4.0/guice-4.0.jar:/home/user/.m2/repository/aopalliance/aopalliance/1.0/aopalliance-1.0.jar:/home/user/.m2/repository/com/google/inject/extensions/guice-servlet/4.0/guice-servlet-4.0.jar:/home/user/.m2/repository/org/glassfish/jersey/containers/jersey-container-servlet/2.27/jersey-container-servlet-2.27.jar:/home/user/.m2/repository/org/glassfish/hk2/guice-bridge/2.5.0/guice-bridge-2.5.0.jar:/home/user/.m2/repository/org/glassfish/jersey/core/jersey-server/2.27/jersey-server-2.27.jar:/home/user/.m2/repository/org/glassfish/jersey/core/jersey-client/2.27/jersey-client-2.27.jar:/home/user/.m2/repository/org/glassfish/jersey/media/jersey-media-jaxb/2.27/jersey-media-jaxb-2.27.jar:/home/user/.m2/repository/javax/validation/validation-api/1.1.0.Final/validation-api-1.1.0.Final.jar:/home/user/.m2/repository/org/glassfish/jersey/media/jersey-media-json-jackson/2.27/jersey-media-json-jackson-2.27.jar:/home/user/.m2/repository/org/glassfish/jersey/ext/jersey-entity-filtering/2.27/jersey-entity-filtering-2.27.jar:/home/user/.m2/repository/com/google/inject/extensions/guice-assistedinject/4.0/guice-assistedinject-4.0.jar:/home/user/.m2/repository/org/jooq/jooq/3.11.10/jooq-3.11.10.jar:/home/user/.m2/repository/org/jooq/jooq-meta/3.11.10/jooq-meta-3.11.10.jar:/home/user/.m2/repository/org/jooq/jooq-codegen/3.11.10/jooq-codegen-3.11.10.jar:/home/user/.m2/repository/com/jolbox/bonecp/0.8.0.RELEASE/bonecp-0.8.0.RELEASE.jar:/home/user/.m2/repository/org/xerial/sqlite-jdbc/3.25.2/sqlite-jdbc-3.25.2.jar:/home/user/.m2/repository/org/springframework/spring-jdbc/5.1.3.RELEASE/spring-jdbc-5.1.3.RELEASE.jar:/home/user/.m2/repository/org/springframework/spring-beans/5.1.3.RELEASE/spring-beans-5.1.3.RELEASE.jar:/home/user/.m2/repository/org/springframework/spring-core/5.1.3.RELEASE/spring-core-5.1.3.RELEASE.jar:/home/user/.m2/repository/org/springframework/spring-jcl/5.1.3.RELEASE/spring-jcl-5.1.3.RELEASE.jar:/home/user/.m2/repository/org/springframework/spring-tx/5.1.3.RELEASE/spring-tx-5.1.3.RELEASE.jar:/home/user/.m2/repository/org/apache/hadoop/hadoop-ozone-client/0.5.0-SNAPSHOT/hadoop-ozone-client-0.5.0-SNAPSHOT.jar:/home/user/.m2/repository/commons-lang/commons-lang/2.6/commons-lang-2.6.jar:/home/user/.m2/repository/org/apache/hadoop/hadoop-ozone-ozone-manager/0.5.0-SNAPSHOT/hadoop-ozone-ozone-manager-0.5.0-SNAPSHOT-tests.jar:/home/user/.m2/repository/junit/junit/4.11/junit-4.11.jar:/home/user/.m2/repository/org/hamcrest/hamcrest-core/1.3/hamcrest-core-1.3.jar:/home/user/.m2/repository/org/openjdk/jmh/jmh-core/1.19/jmh-core-1.19.jar:/home/user/.m2/repository/net/sf/jopt-simple/jopt-simple/4.6/jopt-simple-4.6.jar:/home/user/.m2/repository/org/apache/commons/commons-math3/3.1.1/commons-math3-3.1.1.jar:/home/user/.m2/repository/org/openjdk/jmh/jmh-generator-annprocess/1.19/jmh-generator-annprocess-1.19.jar:/home/user/.m2/repository/org/mockito/mockito-all/1.8.5/mockito-all-1.8.5.jar:/home/user/.m2/repository/org/apache/hadoop/hadoop-kms/3.2.0/hadoop-kms-3.2.0.jar:/home/user/.m2/repository/org/apache/hadoop/hadoop-auth/3.2.0/hadoop-auth-3.2.0.jar:/home/user/.m2/repository/com/nimbusds/nimbus-jose-jwt/4.41.1/nimbus-jose-jwt-4.41.1.jar:/home/user/.m2/repository/com/github/stephenc/jcip/jcip-annotations/1.0-1/jcip-annotations-1.0-1.jar:/home/user/.m2/repository/net/minidev/json-smart/2.3/json-smart-2.3.jar:/home/user/.m2/repository/net/minidev/accessors-smart/1.2/accessors-smart-1.2.jar:/home/user/.m2/repository/org/ow2/asm/asm/5.0.4/asm-5.0.4.jar:/home/user/.m2/repository/org/apache/curator/curator-framework/2.12.0/curator-framework-2.12.0.jar:/home/user/.m2/repository/com/sun/jersey/jersey-core/1.19/jersey-core-1.19.jar:/home/user/.m2/repository/javax/ws/rs/jsr311-api/1.1.1/jsr311-api-1.1.1.jar:/home/user/.m2/repository/com/sun/jersey/jersey-server/1.19/jersey-server-1.19.jar:/home/user/.m2/repository/javax/servlet/javax.servlet-api/3.1.0/javax.servlet-api-3.1.0.jar:/home/user/.m2/repository/org/eclipse/jetty/jetty-server/9.3.25.v20180904/jetty-server-9.3.25.v20180904.jar:/home/user/.m2/repository/org/eclipse/jetty/jetty-http/9.3.25.v20180904/jetty-http-9.3.25.v20180904.jar:/home/user/.m2/repository/org/eclipse/jetty/jetty-io/9.3.25.v20180904/jetty-io-9.3.25.v20180904.jar:/home/user/.m2/repository/org/eclipse/jetty/jetty-webapp/9.3.25.v20180904/jetty-webapp-9.3.25.v20180904.jar:/home/user/.m2/repository/org/eclipse/jetty/jetty-xml/9.3.25.v20180904/jetty-xml-9.3.25.v20180904.jar:/home/user/.m2/repository/log4j/log4j/1.2.17/log4j-1.2.17.jar:/home/user/.m2/repository/org/slf4j/slf4j-api/1.7.25/slf4j-api-1.7.25.jar:/home/user/.m2/repository/org/slf4j/jul-to-slf4j/1.7.25/jul-to-slf4j-1.7.25.jar:/home/user/.m2/repository/org/eclipse/jetty/jetty-util/9.3.25.v20180904/jetty-util-9.3.25.v20180904.jar:/home/user/.m2/repository/com/fasterxml/jackson/core/jackson-databind/2.9.9/jackson-databind-2.9.9.jar:/home/user/.m2/repository/org/apache/hadoop/hadoop-kms/3.2.0/hadoop-kms-3.2.0-tests.jar:/home/user/.m2/repository/org/apache/hadoop/hadoop-hdds-server-scm/0.5.0-SNAPSHOT/hadoop-hdds-server-scm-0.5.0-SNAPSHOT-tests.jar:/home/user/.m2/repository/org/apache/hadoop/hadoop-hdds-container-service/0.5.0-SNAPSHOT/hadoop-hdds-container-service-0.5.0-SNAPSHOT-tests.jar:/home/user/.m2/repository/org/yaml/snakeyaml/1.16/snakeyaml-1.16.jar:/home/user/.m2/repository/org/apache/hadoop/hadoop-common/3.2.0/hadoop-common-3.2.0-tests.jar:/home/user/.m2/repository/org/apache/hadoop/hadoop-annotations/3.2.0/hadoop-annotations-3.2.0.jar:/usr/lib/jvm/java-1.8-openjdk/jre/../lib/tools.jar:/home/user/.m2/repository/commons-cli/commons-cli/1.2/commons-cli-1.2.jar:/home/user/.m2/repository/org/apache/httpcomponents/httpclient/4.5.2/httpclient-4.5.2.jar:/home/user/.m2/repository/org/apache/httpcomponents/httpcore/4.4.4/httpcore-4.4.4.jar:/home/user/.m2/repository/commons-codec/commons-codec/1.11/commons-codec-1.11.jar:/home/user/.m2/repository/commons-net/commons-net/3.6/commons-net-3.6.jar:/home/user/.m2/repository/commons-collections/commons-collections/3.2.2/commons-collections-3.2.2.jar:/home/user/.m2/repository/org/eclipse/jetty/jetty-servlet/9.3.25.v20180904/jetty-servlet-9.3.25.v20180904.jar:/home/user/.m2/repository/org/eclipse/jetty/jetty-security/9.3.25.v20180904/jetty-security-9.3.25.v20180904.jar:/home/user/.m2/repository/javax/servlet/jsp/jsp-api/2.1/jsp-api-2.1.jar:/home/user/.m2/repository/com/sun/jersey/jersey-servlet/1.19/jersey-servlet-1.19.jar:/home/user/.m2/repository/com/sun/jersey/jersey-json/1.19/jersey-json-1.19.jar:/home/user/.m2/repository/org/codehaus/jettison/jettison/1.1/jettison-1.1.jar:/home/user/.m2/repository/org/codehaus/jackson/jackson-core-asl/1.9.13/jackson-core-asl-1.9.13.jar:/home/user/.m2/repository/org/codehaus/jackson/jackson-mapper-asl/1.9.13/jackson-mapper-asl-1.9.13.jar:/home/user/.m2/repository/org/codehaus/jackson/jackson-jaxrs/1.9.13/jackson-jaxrs-1.9.13.jar:/home/user/.m2/repository/org/codehaus/jackson/jackson-xc/1.9.13/jackson-xc-1.9.13.jar:/home/user/.m2/repository/commons-logging/commons-logging/1.1.3/commons-logging-1.1.3.jar:/home/user/.m2/repository/commons-beanutils/commons-beanutils/1.9.4/commons-beanutils-1.9.4.jar:/home/user/.m2/repository/org/apache/commons/commons-configuration2/2.1.1/commons-configuration2-2.1.1.jar:/home/user/.m2/repository/org/apache/commons/commons-lang3/3.7/commons-lang3-3.7.jar:/home/user/.m2/repository/org/apache/commons/commons-text/1.4/commons-text-1.4.jar:/home/user/.m2/repository/org/apache/avro/avro/1.7.7/avro-1.7.7.jar:/home/user/.m2/repository/com/thoughtworks/paranamer/paranamer/2.3/paranamer-2.3.jar:/home/user/.m2/repository/org/xerial/snappy/snappy-java/1.0.5/snappy-java-1.0.5.jar:/home/user/.m2/repository/com/google/re2j/re2j/1.1/re2j-1.1.jar:/home/user/.m2/repository/com/google/code/gson/gson/2.2.4/gson-2.2.4.jar:/home/user/.m2/repository/com/jcraft/jsch/0.1.54/jsch-0.1.54.jar:/home/user/.m2/repository/org/apache/curator/curator-client/2.12.0/curator-client-2.12.0.jar:/home/user/.m2/repository/org/apache/curator/curator-recipes/2.12.0/curator-recipes-2.12.0.jar:/home/user/.m2/repository/com/google/code/findbugs/jsr305/3.0.0/jsr305-3.0.0.jar:/home/user/.m2/repository/org/apache/htrace/htrace-core4/4.1.0-incubating/htrace-core4-4.1.0-incubating.jar:/home/user/.m2/repository/org/apache/zookeeper/zookeeper/3.4.13/zookeeper-3.4.13.jar:/home/user/.m2/repository/jline/jline/0.9.94/jline-0.9.94.jar:/home/user/.m2/repository/org/apache/yetus/audience-annotations/0.5.0/audience-annotations-0.5.0.jar:/home/user/.m2/repository/org/codehaus/woodstox/stax2-api/3.1.4/stax2-api-3.1.4.jar:/home/user/.m2/repository/com/fasterxml/woodstox/woodstox-core/5.0.3/woodstox-core-5.0.3.jar:/home/user/.m2/repository/dnsjava/dnsjava/2.1.7/dnsjava-2.1.7.jar:/home/user/.m2/repository/org/apache/hadoop/hadoop-hdfs/3.2.0/hadoop-hdfs-3.2.0-tests.jar:/home/user/.m2/repository/org/eclipse/jetty/jetty-util-ajax/9.3.25.v20180904/jetty-util-ajax-9.3.25.v20180904.jar:/home/user/.m2/repository/commons-daemon/commons-daemon/1.0.13/commons-daemon-1.0.13.jar:/home/user/.m2/repository/io/netty/netty/3.10.5.Final/netty-3.10.5.Final.jar:/home/user/.m2/repository/io/netty/netty-all/4.0.52.Final/netty-all-4.0.52.Final.jar:/home/user/.m2/repository/org/fusesource/leveldbjni/leveldbjni-all/1.8/leveldbjni-all-1.8.jar:"/>
    <property name="java.vm.vendor" value="IcedTea"/>
    <property name="sun.arch.data.model" value="64"/>
    <property name="test.build.dir" value="/workdir/hadoop-ozone/integration-test/target/test-dir"/>
    <property name="test.cache.data" value=""/>
    <property name="java.vendor.url" value="https://icedtea.classpath.org"/>
    <property name="user.timezone" value=""/>
    <property name="java.vm.specification.version" value="1.8"/>
    <property name="os.name" value="Linux"/>
    <property name="test.build.data" value="/workdir/hadoop-ozone/integration-test/target/test-dir"/>
    <property name="user.country" value="US"/>
    <property name="sun.java.launcher" value="SUN_STANDARD"/>
    <property name="sun.boot.library.path" value="/usr/lib/jvm/java-1.8-openjdk/jre/lib/amd64"/>
    <property name="sun.java.command" value="/workdir/hadoop-ozone/integration-test/target/surefire/surefirebooter5347620781820654379.jar /workdir/hadoop-ozone/integration-test/target/surefire 2019-10-07T22-03-16_374-jvmRun1 surefire7067239128857544540tmp surefire_254873584359100994811tmp"/>
    <property name="test" value="!TestMiniChaosOzoneCluster"/>
    <property name="surefire.test.class.path" value="/workdir/hadoop-ozone/integration-test/target/test-classes:/workdir/hadoop-ozone/integration-test/target/classes:/home/user/.m2/repository/org/apache/hadoop/hadoop-ozone-common/0.5.0-SNAPSHOT/hadoop-ozone-common-0.5.0-SNAPSHOT.jar:/home/user/.m2/repository/org/apache/commons/commons-compress/1.4.1/commons-compress-1.4.1.jar:/home/user/.m2/repository/org/tukaani/xz/1.0/xz-1.0.jar:/home/user/.m2/repository/org/apache/hadoop/hadoop-common/3.2.0/hadoop-common-3.2.0.jar:/home/user/.m2/repository/org/apache/hadoop/hadoop-hdfs/3.2.0/hadoop-hdfs-3.2.0.jar:/home/user/.m2/repository/org/apache/hadoop/hadoop-hdfs-client/3.2.0/hadoop-hdfs-client-3.2.0.jar:/home/user/.m2/repository/com/fasterxml/jackson/core/jackson-annotations/2.9.9/jackson-annotations-2.9.9.jar:/home/user/.m2/repository/org/apache/hadoop/hadoop-hdds-common/0.5.0-SNAPSHOT/hadoop-hdds-common-0.5.0-SNAPSHOT.jar:/home/user/.m2/repository/javax/annotation/javax.annotation-api/1.2/javax.annotation-api-1.2.jar:/home/user/.m2/repository/org/apache/ratis/ratis-server/0.5.0-63cd2fb-SNAPSHOT/ratis-server-0.5.0-63cd2fb-SNAPSHOT.jar:/home/user/.m2/repository/org/apache/ratis/ratis-thirdparty-misc/0.2.0/ratis-thirdparty-misc-0.2.0.jar:/home/user/.m2/repository/org/apache/ratis/ratis-proto/0.5.0-63cd2fb-SNAPSHOT/ratis-proto-0.5.0-63cd2fb-SNAPSHOT.jar:/home/user/.m2/repository/org/apache/ratis/ratis-common/0.5.0-63cd2fb-SNAPSHOT/ratis-common-0.5.0-63cd2fb-SNAPSHOT.jar:/home/user/.m2/repository/org/apache/ratis/ratis-client/0.5.0-63cd2fb-SNAPSHOT/ratis-client-0.5.0-63cd2fb-SNAPSHOT.jar:/home/user/.m2/repository/org/apache/ratis/ratis-metrics/0.5.0-63cd2fb-SNAPSHOT/ratis-metrics-0.5.0-63cd2fb-SNAPSHOT.jar:/home/user/.m2/repository/com/github/joshelser/dropwizard-metrics-hadoop-metrics2-reporter/0.1.2/dropwizard-metrics-hadoop-metrics2-reporter-0.1.2.jar:/home/user/.m2/repository/io/dropwizard/metrics/metrics-jvm/3.2.5/metrics-jvm-3.2.5.jar:/home/user/.m2/repository/io/dropwizard/metrics/metrics-ganglia/3.2.5/metrics-ganglia-3.2.5.jar:/home/user/.m2/repository/info/ganglia/gmetric4j/gmetric4j/1.0.7/gmetric4j-1.0.7.jar:/home/user/.m2/repository/org/apache/ratis/ratis-netty/0.5.0-63cd2fb-SNAPSHOT/ratis-netty-0.5.0-63cd2fb-SNAPSHOT.jar:/home/user/.m2/repository/org/apache/ratis/ratis-grpc/0.5.0-63cd2fb-SNAPSHOT/ratis-grpc-0.5.0-63cd2fb-SNAPSHOT.jar:/home/user/.m2/repository/org/rocksdb/rocksdbjni/6.0.1/rocksdbjni-6.0.1.jar:/home/user/.m2/repository/org/apache/logging/log4j/log4j-api/2.11.0/log4j-api-2.11.0.jar:/home/user/.m2/repository/org/apache/logging/log4j/log4j-core/2.11.0/log4j-core-2.11.0.jar:/home/user/.m2/repository/com/lmax/disruptor/3.4.2/disruptor-3.4.2.jar:/home/user/.m2/repository/org/apache/commons/commons-pool2/2.6.0/commons-pool2-2.6.0.jar:/home/user/.m2/repository/org/bouncycastle/bcpkix-jdk15on/1.60/bcpkix-jdk15on-1.60.jar:/home/user/.m2/repository/commons-validator/commons-validator/1.6/commons-validator-1.6.jar:/home/user/.m2/repository/commons-digester/commons-digester/1.8.1/commons-digester-1.8.1.jar:/home/user/.m2/repository/io/jaegertracing/jaeger-client/0.34.0/jaeger-client-0.34.0.jar:/home/user/.m2/repository/io/jaegertracing/jaeger-thrift/0.34.0/jaeger-thrift-0.34.0.jar:/home/user/.m2/repository/org/apache/thrift/libthrift/0.12.0/libthrift-0.12.0.jar:/home/user/.m2/repository/com/squareup/okhttp3/okhttp/3.9.0/okhttp-3.9.0.jar:/home/user/.m2/repository/com/squareup/okio/okio/1.13.0/okio-1.13.0.jar:/home/user/.m2/repository/io/jaegertracing/jaeger-core/0.34.0/jaeger-core-0.34.0.jar:/home/user/.m2/repository/io/jaegertracing/jaeger-tracerresolver/0.34.0/jaeger-tracerresolver-0.34.0.jar:/home/user/.m2/repository/io/opentracing/contrib/opentracing-tracerresolver/0.1.5/opentracing-tracerresolver-0.1.5.jar:/home/user/.m2/repository/io/opentracing/opentracing-util/0.31.0/opentracing-util-0.31.0.jar:/home/user/.m2/repository/io/opentracing/opentracing-api/0.31.0/opentracing-api-0.31.0.jar:/home/user/.m2/repository/io/opentracing/opentracing-noop/0.31.0/opentracing-noop-0.31.0.jar:/home/user/.m2/repository/org/apache/hadoop/hadoop-hdds-server-framework/0.5.0-SNAPSHOT/hadoop-hdds-server-framework-0.5.0-SNAPSHOT.jar:/home/user/.m2/repository/org/apache/hadoop/hadoop-hdds-container-service/0.5.0-SNAPSHOT/hadoop-hdds-container-service-0.5.0-SNAPSHOT.jar:/home/user/.m2/repository/org/apache/hadoop/hadoop-hdds-client/0.5.0-SNAPSHOT/hadoop-hdds-client-0.5.0-SNAPSHOT.jar:/home/user/.m2/repository/org/apache/hadoop/hadoop-hdds-tools/0.5.0-SNAPSHOT/hadoop-hdds-tools-0.5.0-SNAPSHOT.jar:/home/user/.m2/repository/org/apache/hadoop/hadoop-hdds-server-scm/0.5.0-SNAPSHOT/hadoop-hdds-server-scm-0.5.0-SNAPSHOT.jar:/home/user/.m2/repository/org/apache/hadoop/hadoop-hdds-docs/0.5.0-SNAPSHOT/hadoop-hdds-docs-0.5.0-SNAPSHOT.jar:/home/user/.m2/repository/io/dropwizard/metrics/metrics-core/3.2.4/metrics-core-3.2.4.jar:/home/user/.m2/repository/org/hamcrest/hamcrest-all/1.3/hamcrest-all-1.3.jar:/home/user/.m2/repository/org/bouncycastle/bcprov-jdk15on/1.60/bcprov-jdk15on-1.60.jar:/home/user/.m2/repository/info/picocli/picocli/3.9.6/picocli-3.9.6.jar:/home/user/.m2/repository/com/google/protobuf/protobuf-java/2.5.0/protobuf-java-2.5.0.jar:/home/user/.m2/repository/com/google/guava/guava/11.0.2/guava-11.0.2.jar:/home/user/.m2/repository/org/apache/hadoop/hadoop-ozone-ozone-manager/0.5.0-SNAPSHOT/hadoop-ozone-ozone-manager-0.5.0-SNAPSHOT.jar:/home/user/.m2/repository/org/apache/hadoop/hadoop-minikdc/3.2.0/hadoop-minikdc-3.2.0.jar:/home/user/.m2/repository/commons-io/commons-io/2.5/commons-io-2.5.jar:/home/user/.m2/repository/org/apache/kerby/kerb-simplekdc/1.0.1/kerb-simplekdc-1.0.1.jar:/home/user/.m2/repository/org/apache/kerby/kerb-client/1.0.1/kerb-client-1.0.1.jar:/home/user/.m2/repository/org/apache/kerby/kerby-config/1.0.1/kerby-config-1.0.1.jar:/home/user/.m2/repository/org/apache/kerby/kerb-core/1.0.1/kerb-core-1.0.1.jar:/home/user/.m2/repository/org/apache/kerby/kerby-pkix/1.0.1/kerby-pkix-1.0.1.jar:/home/user/.m2/repository/org/apache/kerby/kerby-asn1/1.0.1/kerby-asn1-1.0.1.jar:/home/user/.m2/repository/org/apache/kerby/kerby-util/1.0.1/kerby-util-1.0.1.jar:/home/user/.m2/repository/org/apache/kerby/kerb-common/1.0.1/kerb-common-1.0.1.jar:/home/user/.m2/repository/org/apache/kerby/kerb-crypto/1.0.1/kerb-crypto-1.0.1.jar:/home/user/.m2/repository/org/apache/kerby/kerb-util/1.0.1/kerb-util-1.0.1.jar:/home/user/.m2/repository/org/apache/kerby/token-provider/1.0.1/token-provider-1.0.1.jar:/home/user/.m2/repository/org/apache/kerby/kerb-admin/1.0.1/kerb-admin-1.0.1.jar:/home/user/.m2/repository/org/apache/kerby/kerb-server/1.0.1/kerb-server-1.0.1.jar:/home/user/.m2/repository/org/apache/kerby/kerb-identity/1.0.1/kerb-identity-1.0.1.jar:/home/user/.m2/repository/org/apache/kerby/kerby-xdr/1.0.1/kerby-xdr-1.0.1.jar:/home/user/.m2/repository/org/slf4j/slf4j-log4j12/1.7.25/slf4j-log4j12-1.7.25.jar:/home/user/.m2/repository/org/apache/hadoop/hadoop-ozone-s3gateway/0.5.0-SNAPSHOT/hadoop-ozone-s3gateway-0.5.0-SNAPSHOT.jar:/home/user/.m2/repository/org/jboss/weld/servlet/weld-servlet/2.4.7.Final/weld-servlet-2.4.7.Final.jar:/home/user/.m2/repository/org/glassfish/jersey/containers/jersey-container-servlet-core/2.27/jersey-container-servlet-core-2.27.jar:/home/user/.m2/repository/org/glassfish/hk2/external/javax.inject/2.5.0-b42/javax.inject-2.5.0-b42.jar:/home/user/.m2/repository/org/glassfish/jersey/core/jersey-common/2.27/jersey-common-2.27.jar:/home/user/.m2/repository/org/glassfish/hk2/osgi-resource-locator/1.0.1/osgi-resource-locator-1.0.1.jar:/home/user/.m2/repository/javax/ws/rs/javax.ws.rs-api/2.1/javax.ws.rs-api-2.1.jar:/home/user/.m2/repository/org/glassfish/jersey/ext/cdi/jersey-cdi1x/2.27/jersey-cdi1x-2.27.jar:/home/user/.m2/repository/org/glassfish/jersey/inject/jersey-hk2/2.27/jersey-hk2-2.27.jar:/home/user/.m2/repository/org/glassfish/hk2/hk2-locator/2.5.0-b42/hk2-locator-2.5.0-b42.jar:/home/user/.m2/repository/org/javassist/javassist/3.22.0-CR2/javassist-3.22.0-CR2.jar:/home/user/.m2/repository/org/glassfish/hk2/hk2-api/2.5.0/hk2-api-2.5.0.jar:/home/user/.m2/repository/org/glassfish/hk2/external/jakarta.inject/2.5.0/jakarta.inject-2.5.0.jar:/home/user/.m2/repository/org/glassfish/hk2/hk2-utils/2.5.0/hk2-utils-2.5.0.jar:/home/user/.m2/repository/jakarta/annotation/jakarta.annotation-api/1.3.4/jakarta.annotation-api-1.3.4.jar:/home/user/.m2/repository/org/glassfish/hk2/external/aopalliance-repackaged/2.5.0/aopalliance-repackaged-2.5.0.jar:/home/user/.m2/repository/com/fasterxml/jackson/dataformat/jackson-dataformat-xml/2.9.0/jackson-dataformat-xml-2.9.0.jar:/home/user/.m2/repository/com/fasterxml/jackson/core/jackson-core/2.9.9/jackson-core-2.9.9.jar:/home/user/.m2/repository/com/fasterxml/jackson/module/jackson-module-jaxb-annotations/2.9.9/jackson-module-jaxb-annotations-2.9.9.jar:/home/user/.m2/repository/javax/enterprise/cdi-api/1.2/cdi-api-1.2.jar:/home/user/.m2/repository/javax/el/javax.el-api/3.0.0/javax.el-api-3.0.0.jar:/home/user/.m2/repository/javax/interceptor/javax.interceptor-api/1.2/javax.interceptor-api-1.2.jar:/home/user/.m2/repository/javax/inject/javax.inject/1/javax.inject-1.jar:/home/user/.m2/repository/com/sun/xml/bind/jaxb-impl/2.3.0.1/jaxb-impl-2.3.0.1.jar:/home/user/.m2/repository/com/sun/xml/bind/jaxb-core/2.3.0.1/jaxb-core-2.3.0.1.jar:/home/user/.m2/repository/javax/xml/bind/jaxb-api/2.3.0/jaxb-api-2.3.0.jar:/home/user/.m2/repository/javax/activation/activation/1.1.1/activation-1.1.1.jar:/home/user/.m2/repository/org/apache/hadoop/hadoop-ozone-csi/0.5.0-SNAPSHOT/hadoop-ozone-csi-0.5.0-SNAPSHOT.jar:/home/user/.m2/repository/com/google/protobuf/protobuf-java-util/3.5.1/protobuf-java-util-3.5.1.jar:/home/user/.m2/repository/org/apache/hadoop/hadoop-hdds-config/0.5.0-SNAPSHOT/hadoop-hdds-config-0.5.0-SNAPSHOT.jar:/home/user/.m2/repository/io/grpc/grpc-netty/1.17.1/grpc-netty-1.17.1.jar:/home/user/.m2/repository/io/grpc/grpc-core/1.17.1/grpc-core-1.17.1.jar:/home/user/.m2/repository/io/grpc/grpc-context/1.17.1/grpc-context-1.17.1.jar:/home/user/.m2/repository/com/google/errorprone/error_prone_annotations/2.2.0/error_prone_annotations-2.2.0.jar:/home/user/.m2/repository/org/codehaus/mojo/animal-sniffer-annotations/1.17/animal-sniffer-annotations-1.17.jar:/home/user/.m2/repository/io/opencensus/opencensus-api/0.17.0/opencensus-api-0.17.0.jar:/home/user/.m2/repository/io/opencensus/opencensus-contrib-grpc-metrics/0.17.0/opencensus-contrib-grpc-metrics-0.17.0.jar:/home/user/.m2/repository/io/netty/netty-codec-http2/4.1.30.Final/netty-codec-http2-4.1.30.Final.jar:/home/user/.m2/repository/io/netty/netty-codec-http/4.1.30.Final/netty-codec-http-4.1.30.Final.jar:/home/user/.m2/repository/io/netty/netty-codec/4.1.30.Final/netty-codec-4.1.30.Final.jar:/home/user/.m2/repository/io/netty/netty-handler/4.1.30.Final/netty-handler-4.1.30.Final.jar:/home/user/.m2/repository/io/netty/netty-handler-proxy/4.1.30.Final/netty-handler-proxy-4.1.30.Final.jar:/home/user/.m2/repository/io/netty/netty-codec-socks/4.1.30.Final/netty-codec-socks-4.1.30.Final.jar:/home/user/.m2/repository/io/netty/netty-transport-native-epoll/4.1.30.Final/netty-transport-native-epoll-4.1.30.Final.jar:/home/user/.m2/repository/io/netty/netty-common/4.1.30.Final/netty-common-4.1.30.Final.jar:/home/user/.m2/repository/io/netty/netty-buffer/4.1.30.Final/netty-buffer-4.1.30.Final.jar:/home/user/.m2/repository/io/netty/netty-transport/4.1.30.Final/netty-transport-4.1.30.Final.jar:/home/user/.m2/repository/io/netty/netty-resolver/4.1.30.Final/netty-resolver-4.1.30.Final.jar:/home/user/.m2/repository/io/netty/netty-transport-native-unix-common/4.1.30.Final/netty-transport-native-unix-common-4.1.30.Final.jar:/home/user/.m2/repository/io/grpc/grpc-protobuf/1.17.1/grpc-protobuf-1.17.1.jar:/home/user/.m2/repository/com/google/api/grpc/proto-google-common-protos/1.0.0/proto-google-common-protos-1.0.0.jar:/home/user/.m2/repository/io/grpc/grpc-protobuf-lite/1.17.1/grpc-protobuf-lite-1.17.1.jar:/home/user/.m2/repository/io/grpc/grpc-stub/1.17.1/grpc-stub-1.17.1.jar:/home/user/.m2/repository/org/apache/hadoop/hadoop-ozone-recon/0.5.0-SNAPSHOT/hadoop-ozone-recon-0.5.0-SNAPSHOT.jar:/home/user/.m2/repository/org/apache/hadoop/hadoop-ozone-reconcodegen/0.5.0-SNAPSHOT/hadoop-ozone-reconcodegen-0.5.0-SNAPSHOT.jar:/home/user/.m2/repository/com/google/inject/extensions/guice-multibindings/4.0/guice-multibindings-4.0.jar:/home/user/.m2/repository/com/google/inject/guice/4.0/guice-4.0.jar:/home/user/.m2/repository/aopalliance/aopalliance/1.0/aopalliance-1.0.jar:/home/user/.m2/repository/com/google/inject/extensions/guice-servlet/4.0/guice-servlet-4.0.jar:/home/user/.m2/repository/org/glassfish/jersey/containers/jersey-container-servlet/2.27/jersey-container-servlet-2.27.jar:/home/user/.m2/repository/org/glassfish/hk2/guice-bridge/2.5.0/guice-bridge-2.5.0.jar:/home/user/.m2/repository/org/glassfish/jersey/core/jersey-server/2.27/jersey-server-2.27.jar:/home/user/.m2/repository/org/glassfish/jersey/core/jersey-client/2.27/jersey-client-2.27.jar:/home/user/.m2/repository/org/glassfish/jersey/media/jersey-media-jaxb/2.27/jersey-media-jaxb-2.27.jar:/home/user/.m2/repository/javax/validation/validation-api/1.1.0.Final/validation-api-1.1.0.Final.jar:/home/user/.m2/repository/org/glassfish/jersey/media/jersey-media-json-jackson/2.27/jersey-media-json-jackson-2.27.jar:/home/user/.m2/repository/org/glassfish/jersey/ext/jersey-entity-filtering/2.27/jersey-entity-filtering-2.27.jar:/home/user/.m2/repository/com/google/inject/extensions/guice-assistedinject/4.0/guice-assistedinject-4.0.jar:/home/user/.m2/repository/org/jooq/jooq/3.11.10/jooq-3.11.10.jar:/home/user/.m2/repository/org/jooq/jooq-meta/3.11.10/jooq-meta-3.11.10.jar:/home/user/.m2/repository/org/jooq/jooq-codegen/3.11.10/jooq-codegen-3.11.10.jar:/home/user/.m2/repository/com/jolbox/bonecp/0.8.0.RELEASE/bonecp-0.8.0.RELEASE.jar:/home/user/.m2/repository/org/xerial/sqlite-jdbc/3.25.2/sqlite-jdbc-3.25.2.jar:/home/user/.m2/repository/org/springframework/spring-jdbc/5.1.3.RELEASE/spring-jdbc-5.1.3.RELEASE.jar:/home/user/.m2/repository/org/springframework/spring-beans/5.1.3.RELEASE/spring-beans-5.1.3.RELEASE.jar:/home/user/.m2/repository/org/springframework/spring-core/5.1.3.RELEASE/spring-core-5.1.3.RELEASE.jar:/home/user/.m2/repository/org/springframework/spring-jcl/5.1.3.RELEASE/spring-jcl-5.1.3.RELEASE.jar:/home/user/.m2/repository/org/springframework/spring-tx/5.1.3.RELEASE/spring-tx-5.1.3.RELEASE.jar:/home/user/.m2/repository/org/apache/hadoop/hadoop-ozone-client/0.5.0-SNAPSHOT/hadoop-ozone-client-0.5.0-SNAPSHOT.jar:/home/user/.m2/repository/commons-lang/commons-lang/2.6/commons-lang-2.6.jar:/home/user/.m2/repository/org/apache/hadoop/hadoop-ozone-ozone-manager/0.5.0-SNAPSHOT/hadoop-ozone-ozone-manager-0.5.0-SNAPSHOT-tests.jar:/home/user/.m2/repository/junit/junit/4.11/junit-4.11.jar:/home/user/.m2/repository/org/hamcrest/hamcrest-core/1.3/hamcrest-core-1.3.jar:/home/user/.m2/repository/org/openjdk/jmh/jmh-core/1.19/jmh-core-1.19.jar:/home/user/.m2/repository/net/sf/jopt-simple/jopt-simple/4.6/jopt-simple-4.6.jar:/home/user/.m2/repository/org/apache/commons/commons-math3/3.1.1/commons-math3-3.1.1.jar:/home/user/.m2/repository/org/openjdk/jmh/jmh-generator-annprocess/1.19/jmh-generator-annprocess-1.19.jar:/home/user/.m2/repository/org/mockito/mockito-all/1.8.5/mockito-all-1.8.5.jar:/home/user/.m2/repository/org/apache/hadoop/hadoop-kms/3.2.0/hadoop-kms-3.2.0.jar:/home/user/.m2/repository/org/apache/hadoop/hadoop-auth/3.2.0/hadoop-auth-3.2.0.jar:/home/user/.m2/repository/com/nimbusds/nimbus-jose-jwt/4.41.1/nimbus-jose-jwt-4.41.1.jar:/home/user/.m2/repository/com/github/stephenc/jcip/jcip-annotations/1.0-1/jcip-annotations-1.0-1.jar:/home/user/.m2/repository/net/minidev/json-smart/2.3/json-smart-2.3.jar:/home/user/.m2/repository/net/minidev/accessors-smart/1.2/accessors-smart-1.2.jar:/home/user/.m2/repository/org/ow2/asm/asm/5.0.4/asm-5.0.4.jar:/home/user/.m2/repository/org/apache/curator/curator-framework/2.12.0/curator-framework-2.12.0.jar:/home/user/.m2/repository/com/sun/jersey/jersey-core/1.19/jersey-core-1.19.jar:/home/user/.m2/repository/javax/ws/rs/jsr311-api/1.1.1/jsr311-api-1.1.1.jar:/home/user/.m2/repository/com/sun/jersey/jersey-server/1.19/jersey-server-1.19.jar:/home/user/.m2/repository/javax/servlet/javax.servlet-api/3.1.0/javax.servlet-api-3.1.0.jar:/home/user/.m2/repository/org/eclipse/jetty/jetty-server/9.3.25.v20180904/jetty-server-9.3.25.v20180904.jar:/home/user/.m2/repository/org/eclipse/jetty/jetty-http/9.3.25.v20180904/jetty-http-9.3.25.v20180904.jar:/home/user/.m2/repository/org/eclipse/jetty/jetty-io/9.3.25.v20180904/jetty-io-9.3.25.v20180904.jar:/home/user/.m2/repository/org/eclipse/jetty/jetty-webapp/9.3.25.v20180904/jetty-webapp-9.3.25.v20180904.jar:/home/user/.m2/repository/org/eclipse/jetty/jetty-xml/9.3.25.v20180904/jetty-xml-9.3.25.v20180904.jar:/home/user/.m2/repository/log4j/log4j/1.2.17/log4j-1.2.17.jar:/home/user/.m2/repository/org/slf4j/slf4j-api/1.7.25/slf4j-api-1.7.25.jar:/home/user/.m2/repository/org/slf4j/jul-to-slf4j/1.7.25/jul-to-slf4j-1.7.25.jar:/home/user/.m2/repository/org/eclipse/jetty/jetty-util/9.3.25.v20180904/jetty-util-9.3.25.v20180904.jar:/home/user/.m2/repository/com/fasterxml/jackson/core/jackson-databind/2.9.9/jackson-databind-2.9.9.jar:/home/user/.m2/repository/org/apache/hadoop/hadoop-kms/3.2.0/hadoop-kms-3.2.0-tests.jar:/home/user/.m2/repository/org/apache/hadoop/hadoop-hdds-server-scm/0.5.0-SNAPSHOT/hadoop-hdds-server-scm-0.5.0-SNAPSHOT-tests.jar:/home/user/.m2/repository/org/apache/hadoop/hadoop-hdds-container-service/0.5.0-SNAPSHOT/hadoop-hdds-container-service-0.5.0-SNAPSHOT-tests.jar:/home/user/.m2/repository/org/yaml/snakeyaml/1.16/snakeyaml-1.16.jar:/home/user/.m2/repository/org/apache/hadoop/hadoop-common/3.2.0/hadoop-common-3.2.0-tests.jar:/home/user/.m2/repository/org/apache/hadoop/hadoop-annotations/3.2.0/hadoop-annotations-3.2.0.jar:/usr/lib/jvm/java-1.8-openjdk/jre/../lib/tools.jar:/home/user/.m2/repository/commons-cli/commons-cli/1.2/commons-cli-1.2.jar:/home/user/.m2/repository/org/apache/httpcomponents/httpclient/4.5.2/httpclient-4.5.2.jar:/home/user/.m2/repository/org/apache/httpcomponents/httpcore/4.4.4/httpcore-4.4.4.jar:/home/user/.m2/repository/commons-codec/commons-codec/1.11/commons-codec-1.11.jar:/home/user/.m2/repository/commons-net/commons-net/3.6/commons-net-3.6.jar:/home/user/.m2/repository/commons-collections/commons-collections/3.2.2/commons-collections-3.2.2.jar:/home/user/.m2/repository/org/eclipse/jetty/jetty-servlet/9.3.25.v20180904/jetty-servlet-9.3.25.v20180904.jar:/home/user/.m2/repository/org/eclipse/jetty/jetty-security/9.3.25.v20180904/jetty-security-9.3.25.v20180904.jar:/home/user/.m2/repository/javax/servlet/jsp/jsp-api/2.1/jsp-api-2.1.jar:/home/user/.m2/repository/com/sun/jersey/jersey-servlet/1.19/jersey-servlet-1.19.jar:/home/user/.m2/repository/com/sun/jersey/jersey-json/1.19/jersey-json-1.19.jar:/home/user/.m2/repository/org/codehaus/jettison/jettison/1.1/jettison-1.1.jar:/home/user/.m2/repository/org/codehaus/jackson/jackson-core-asl/1.9.13/jackson-core-asl-1.9.13.jar:/home/user/.m2/repository/org/codehaus/jackson/jackson-mapper-asl/1.9.13/jackson-mapper-asl-1.9.13.jar:/home/user/.m2/repository/org/codehaus/jackson/jackson-jaxrs/1.9.13/jackson-jaxrs-1.9.13.jar:/home/user/.m2/repository/org/codehaus/jackson/jackson-xc/1.9.13/jackson-xc-1.9.13.jar:/home/user/.m2/repository/commons-logging/commons-logging/1.1.3/commons-logging-1.1.3.jar:/home/user/.m2/repository/commons-beanutils/commons-beanutils/1.9.4/commons-beanutils-1.9.4.jar:/home/user/.m2/repository/org/apache/commons/commons-configuration2/2.1.1/commons-configuration2-2.1.1.jar:/home/user/.m2/repository/org/apache/commons/commons-lang3/3.7/commons-lang3-3.7.jar:/home/user/.m2/repository/org/apache/commons/commons-text/1.4/commons-text-1.4.jar:/home/user/.m2/repository/org/apache/avro/avro/1.7.7/avro-1.7.7.jar:/home/user/.m2/repository/com/thoughtworks/paranamer/paranamer/2.3/paranamer-2.3.jar:/home/user/.m2/repository/org/xerial/snappy/snappy-java/1.0.5/snappy-java-1.0.5.jar:/home/user/.m2/repository/com/google/re2j/re2j/1.1/re2j-1.1.jar:/home/user/.m2/repository/com/google/code/gson/gson/2.2.4/gson-2.2.4.jar:/home/user/.m2/repository/com/jcraft/jsch/0.1.54/jsch-0.1.54.jar:/home/user/.m2/repository/org/apache/curator/curator-client/2.12.0/curator-client-2.12.0.jar:/home/user/.m2/repository/org/apache/curator/curator-recipes/2.12.0/curator-recipes-2.12.0.jar:/home/user/.m2/repository/com/google/code/findbugs/jsr305/3.0.0/jsr305-3.0.0.jar:/home/user/.m2/repository/org/apache/htrace/htrace-core4/4.1.0-incubating/htrace-core4-4.1.0-incubating.jar:/home/user/.m2/repository/org/apache/zookeeper/zookeeper/3.4.13/zookeeper-3.4.13.jar:/home/user/.m2/repository/jline/jline/0.9.94/jline-0.9.94.jar:/home/user/.m2/repository/org/apache/yetus/audience-annotations/0.5.0/audience-annotations-0.5.0.jar:/home/user/.m2/repository/org/codehaus/woodstox/stax2-api/3.1.4/stax2-api-3.1.4.jar:/home/user/.m2/repository/com/fasterxml/woodstox/woodstox-core/5.0.3/woodstox-core-5.0.3.jar:/home/user/.m2/repository/dnsjava/dnsjava/2.1.7/dnsjava-2.1.7.jar:/home/user/.m2/repository/org/apache/hadoop/hadoop-hdfs/3.2.0/hadoop-hdfs-3.2.0-tests.jar:/home/user/.m2/repository/org/eclipse/jetty/jetty-util-ajax/9.3.25.v20180904/jetty-util-ajax-9.3.25.v20180904.jar:/home/user/.m2/repository/commons-daemon/commons-daemon/1.0.13/commons-daemon-1.0.13.jar:/home/user/.m2/repository/io/netty/netty/3.10.5.Final/netty-3.10.5.Final.jar:/home/user/.m2/repository/io/netty/netty-all/4.0.52.Final/netty-all-4.0.52.Final.jar:/home/user/.m2/repository/org/fusesource/leveldbjni/leveldbjni-all/1.8/leveldbjni-all-1.8.jar:"/>
    <property name="sun.cpu.endian" value="little"/>
    <property name="user.home" value="/home/user"/>
    <property name="user.language" value="en"/>
    <property name="java.specification.vendor" value="Oracle Corporation"/>
    <property name="java.home" value="/usr/lib/jvm/java-1.8-openjdk/jre"/>
    <property name="java.security.krb5.conf" value="/workdir/hadoop-ozone/integration-test/target/test-classes/krb5.conf"/>
    <property name="basedir" value="/workdir/hadoop-ozone/integration-test"/>
    <property name="file.separator" value="/"/>
    <property name="line.separator" value="&#10;"/>
    <property name="java.vm.specification.vendor" value="Oracle Corporation"/>
    <property name="java.specification.name" value="Java Platform API Specification"/>
    <property name="java.awt.graphicsenv" value="sun.awt.X11GraphicsEnvironment"/>
    <property name="surefire.real.class.path" value="/workdir/hadoop-ozone/integration-test/target/surefire/surefirebooter5347620781820654379.jar"/>
    <property name="hadoop.log.dir" value="/workdir/hadoop-ozone/integration-test/target/log"/>
    <property name="sun.boot.class.path" value="/usr/lib/jvm/java-1.8-openjdk/jre/lib/resources.jar:/usr/lib/jvm/java-1.8-openjdk/jre/lib/rt.jar:/usr/lib/jvm/java-1.8-openjdk/jre/lib/sunrsasign.jar:/usr/lib/jvm/java-1.8-openjdk/jre/lib/jsse.jar:/usr/lib/jvm/java-1.8-openjdk/jre/lib/jce.jar:/usr/lib/jvm/java-1.8-openjdk/jre/lib/charsets.jar:/usr/lib/jvm/java-1.8-openjdk/jre/lib/jfr.jar:/usr/lib/jvm/java-1.8-openjdk/jre/classes"/>
    <property name="sun.management.compiler" value="HotSpot 64-Bit Tiered Compilers"/>
    <property name="java.runtime.version" value="1.8.0_212-b04"/>
    <property name="java.net.preferIPv4Stack" value="true"/>
    <property name="user.name" value="jenkins1000"/>
    <property name="path.separator" value=":"/>
    <property name="java.security.egd" value="file:///dev/urandom"/>
    <property name="os.version" value="3.10.0-957.12.2.el7.x86_64"/>
    <property name="java.endorsed.dirs" value="/usr/lib/jvm/java-1.8-openjdk/jre/lib/endorsed"/>
    <property name="java.runtime.name" value="OpenJDK Runtime Environment"/>
    <property name="file.encoding" value="UTF-8"/>
    <property name="java.vm.name" value="OpenJDK 64-Bit Server VM"/>
    <property name="test.build.webapps" value=""/>
    <property name="localRepository" value="/home/user/.m2/repository"/>
    <property name="java.vendor.url.bug" value="https://icedtea.classpath.org/bugzilla"/>
    <property name="java.io.tmpdir" value="/tmp"/>
    <property name="require.test.libhadoop" value=""/>
    <property name="java.version" value="1.8.0_212"/>
    <property name="user.dir" value="/workdir/hadoop-ozone/integration-test"/>
    <property name="os.arch" value="amd64"/>
    <property name="java.vm.specification.name" value="Java Virtual Machine Specification"/>
    <property name="test.build.classes" value="/workdir/hadoop-ozone/integration-test/target/test-classes"/>
    <property name="java.awt.printerjob" value="sun.print.PSPrinterJob"/>
    <property name="sun.os.patch.level" value="unknown"/>
    <property name="hadoop.tmp.dir" value="/workdir/hadoop-ozone/integration-test/target/tmp"/>
    <property name="java.library.path" value="/usr/lib/jvm/java-1.8-openjdk/jre/lib/amd64/server:/usr/lib/jvm/java-1.8-openjdk/jre/lib/amd64:/usr/lib/jvm/java-1.8-openjdk/jre/../lib/amd64:/workdir/hadoop-ozone/integration-test/target/native/target/usr/local/lib:/workdir/hadoop-ozone/integration-test/../../hadoop-common-project/hadoop-common/target/native/target/usr/local/lib:/usr/java/packages/lib/amd64:/usr/lib64:/lib64:/lib:/usr/lib"/>
    <property name="java.vm.info" value="mixed mode"/>
    <property name="java.vendor" value="IcedTea"/>
    <property name="java.vm.version" value="25.212-b04"/>
    <property name="java.ext.dirs" value="/usr/lib/jvm/java-1.8-openjdk/jre/lib/ext:/usr/java/packages/lib/ext"/>
    <property name="sun.io.unicode.encoding" value="UnicodeLittle"/>
    <property name="java.class.version" value="52.0"/>
  </properties>
  <testcase name="testPipelineDestroy" classname="org.apache.hadoop.ozone.scm.pipeline.TestSCMPipelineMetrics" time="29.24">
    <failure message="Bad value for metric NumPipelineDestroyed expected:&lt;1&gt; but was:&lt;5&gt;" type="java.lang.AssertionError"><![CDATA[java.lang.AssertionError: Bad value for metric NumPipelineDestroyed expected:<1> but was:<5>
	at org.junit.Assert.fail(Assert.java:88)
	at org.junit.Assert.failNotEquals(Assert.java:743)
	at org.junit.Assert.assertEquals(Assert.java:118)
	at org.junit.Assert.assertEquals(Assert.java:555)
	at org.apache.hadoop.test.MetricsAsserts.assertCounter(MetricsAsserts.java:227)
	at org.apache.hadoop.ozone.scm.pipeline.TestSCMPipelineMetrics.testPipelineDestroy(TestSCMPipelineMetrics.java:93)
	at sun.reflect.NativeMethodAccessorImpl.invoke0(Native Method)
	at sun.reflect.NativeMethodAccessorImpl.invoke(NativeMethodAccessorImpl.java:62)
	at sun.reflect.DelegatingMethodAccessorImpl.invoke(DelegatingMethodAccessorImpl.java:43)
	at java.lang.reflect.Method.invoke(Method.java:498)
	at org.junit.runners.model.FrameworkMethod$1.runReflectiveCall(FrameworkMethod.java:47)
	at org.junit.internal.runners.model.ReflectiveCallable.run(ReflectiveCallable.java:12)
	at org.junit.runners.model.FrameworkMethod.invokeExplosively(FrameworkMethod.java:44)
	at org.junit.internal.runners.statements.InvokeMethod.evaluate(InvokeMethod.java:17)
	at org.junit.internal.runners.statements.RunBefores.evaluate(RunBefores.java:26)
	at org.junit.internal.runners.statements.RunAfters.evaluate(RunAfters.java:27)
	at org.junit.runners.ParentRunner.runLeaf(ParentRunner.java:271)
	at org.junit.runners.BlockJUnit4ClassRunner.runChild(BlockJUnit4ClassRunner.java:70)
	at org.junit.runners.BlockJUnit4ClassRunner.runChild(BlockJUnit4ClassRunner.java:50)
	at org.junit.runners.ParentRunner$3.run(ParentRunner.java:238)
	at org.junit.runners.ParentRunner$1.schedule(ParentRunner.java:63)
	at org.junit.runners.ParentRunner.runChildren(ParentRunner.java:236)
	at org.junit.runners.ParentRunner.access$000(ParentRunner.java:53)
	at org.junit.runners.ParentRunner$2.evaluate(ParentRunner.java:229)
	at org.junit.runners.ParentRunner.run(ParentRunner.java:309)
	at org.apache.maven.surefire.junit4.JUnit4Provider.execute(JUnit4Provider.java:365)
	at org.apache.maven.surefire.junit4.JUnit4Provider.executeWithRerun(JUnit4Provider.java:273)
	at org.apache.maven.surefire.junit4.JUnit4Provider.executeTestSet(JUnit4Provider.java:238)
	at org.apache.maven.surefire.junit4.JUnit4Provider.invoke(JUnit4Provider.java:159)
	at org.apache.maven.surefire.booter.ForkedBooter.invokeProviderInSameClassLoader(ForkedBooter.java:384)
	at org.apache.maven.surefire.booter.ForkedBooter.runSuitesInProcess(ForkedBooter.java:345)
	at org.apache.maven.surefire.booter.ForkedBooter.execute(ForkedBooter.java:126)
	at org.apache.maven.surefire.booter.ForkedBooter.main(ForkedBooter.java:418)
]]></failure>
    <system-out><![CDATA[2019-10-07 22:21:17,788 [main] WARN  server.ServerUtils (ServerUtils.java:getScmDbDir(145)) - ozone.scm.db.dirs is not configured. We recommend adding this setting. Falling back to ozone.metadata.dirs instead.
2019-10-07 22:21:17,887 [main] WARN  server.ServerUtils (ServerUtils.java:getScmDbDir(145)) - ozone.scm.db.dirs is not configured. We recommend adding this setting. Falling back to ozone.metadata.dirs instead.
2019-10-07 22:21:17,890 [main] WARN  server.ServerUtils (ServerUtils.java:getScmDbDir(145)) - ozone.scm.db.dirs is not configured. We recommend adding this setting. Falling back to ozone.metadata.dirs instead.
2019-10-07 22:21:17,922 [main] INFO  util.log (Log.java:initialized(192)) - Logging initialized @910ms
2019-10-07 22:21:18,035 [main] INFO  db.DBStoreBuilder (DBStoreBuilder.java:addTable(117)) - using custom profile for table: deletedBlocks
2019-10-07 22:21:18,036 [main] INFO  db.DBStoreBuilder (DBStoreBuilder.java:processTables(168)) - Using default column profile:DBProfile.DISK for Table:deletedBlocks
2019-10-07 22:21:18,037 [main] INFO  db.DBStoreBuilder (DBStoreBuilder.java:addTable(117)) - using custom profile for table: validCerts
2019-10-07 22:21:18,037 [main] INFO  db.DBStoreBuilder (DBStoreBuilder.java:processTables(168)) - Using default column profile:DBProfile.DISK for Table:validCerts
2019-10-07 22:21:18,041 [main] INFO  db.DBStoreBuilder (DBStoreBuilder.java:addTable(117)) - using custom profile for table: revokedCerts
2019-10-07 22:21:18,042 [main] INFO  db.DBStoreBuilder (DBStoreBuilder.java:processTables(168)) - Using default column profile:DBProfile.DISK for Table:revokedCerts
2019-10-07 22:21:18,063 [main] INFO  db.DBStoreBuilder (DBStoreBuilder.java:addTable(117)) - using custom profile for table: default
2019-10-07 22:21:18,063 [main] INFO  db.DBStoreBuilder (DBStoreBuilder.java:processTables(174)) - Using default column profile:DBProfile.DISK for Table:default
2019-10-07 22:21:18,065 [main] INFO  db.DBStoreBuilder (DBStoreBuilder.java:getDbProfile(205)) - Using default options. DBProfile.DISK
2019-10-07 22:21:18,345 [main] INFO  net.NodeSchemaLoader (NodeSchemaLoader.java:loadSchemaFromFile(125)) - Loading file from sun.misc.CompoundEnumeration@74235045
2019-10-07 22:21:18,347 [main] INFO  net.NodeSchemaLoader (NodeSchemaLoader.java:loadSchema(171)) - Loading network topology layer schema file
2019-10-07 22:21:18,415 [main] WARN  server.ServerUtils (ServerUtils.java:sanitizeUserArgs(70)) - ozone.scm.stale.node.interval value = 300000 is larger than max = 100000 based on the key value of ozone.scm.heartbeat.thread.interval, reset to the max value 100000.
2019-10-07 22:21:18,417 [main] WARN  server.ServerUtils (ServerUtils.java:sanitizeUserArgs(70)) - ozone.scm.stale.node.interval value = 300000 is larger than max = 100000 based on the key value of ozone.scm.heartbeat.thread.interval, reset to the max value 100000.
2019-10-07 22:21:18,419 [main] INFO  node.SCMNodeManager (SCMNodeManager.java:<init>(116)) - Entering startup safe mode.
2019-10-07 22:21:18,522 [main] INFO  algorithms.ContainerPlacementPolicyFactory (ContainerPlacementPolicyFactory.java:getPolicy(57)) - Create container placement policy of type org.apache.hadoop.hdds.scm.container.placement.algorithms.SCMContainerPlacementRandom
2019-10-07 22:21:18,537 [main] WARN  server.ServerUtils (ServerUtils.java:getScmDbDir(145)) - ozone.scm.db.dirs is not configured. We recommend adding this setting. Falling back to ozone.metadata.dirs instead.
2019-10-07 22:21:18,653 [main] INFO  pipeline.SCMPipelineManager (SCMPipelineManager.java:initializePipelineState(132)) - No pipeline exists in current db
2019-10-07 22:21:18,655 [main] WARN  server.ServerUtils (ServerUtils.java:getScmDbDir(145)) - ozone.scm.db.dirs is not configured. We recommend adding this setting. Falling back to ozone.metadata.dirs instead.
2019-10-07 22:21:18,807 [main] WARN  events.EventQueue (EventQueue.java:fireEvent(183)) - No event handler registered for event TypedEvent{payloadType=SafeModeStatus, name='SafeModeStatus'}
2019-10-07 22:21:19,147 [main] INFO  ipc.CallQueueManager (CallQueueManager.java:<init>(84)) - Using callQueue: class java.util.concurrent.LinkedBlockingQueue, queueCapacity: 2000, scheduler: class org.apache.hadoop.ipc.DefaultRpcScheduler, ipcBackoff: false.
2019-10-07 22:21:19,175 [Socket Reader #1 for port 34310] INFO  ipc.Server (Server.java:run(1074)) - Starting Socket Reader #1 for port 34310
2019-10-07 22:21:19,332 [main] INFO  ipc.CallQueueManager (CallQueueManager.java:<init>(84)) - Using callQueue: class java.util.concurrent.LinkedBlockingQueue, queueCapacity: 2000, scheduler: class org.apache.hadoop.ipc.DefaultRpcScheduler, ipcBackoff: false.
2019-10-07 22:21:19,333 [Socket Reader #1 for port 43808] INFO  ipc.Server (Server.java:run(1074)) - Starting Socket Reader #1 for port 43808
2019-10-07 22:21:19,345 [main] INFO  ipc.CallQueueManager (CallQueueManager.java:<init>(84)) - Using callQueue: class java.util.concurrent.LinkedBlockingQueue, queueCapacity: 2000, scheduler: class org.apache.hadoop.ipc.DefaultRpcScheduler, ipcBackoff: false.
2019-10-07 22:21:19,346 [Socket Reader #1 for port 46138] INFO  ipc.Server (Server.java:run(1074)) - Starting Socket Reader #1 for port 46138
2019-10-07 22:21:19,374 [main] INFO  hdfs.DFSUtil (DFSUtil.java:httpServerTemplateForNNAndJN(1641)) - Starting Web-server for scm at: http://0.0.0.0:0
2019-10-07 22:21:19,540 [main] INFO  server.AuthenticationFilter (AuthenticationFilter.java:constructSecretProvider(240)) - Unable to initialize FileSignerSecretProvider, falling back to use random secrets.
2019-10-07 22:21:19,553 [main] WARN  http.HttpRequestLog (HttpRequestLog.java:getRequestLog(97)) - Jetty request log can only be enabled using Log4j
2019-10-07 22:21:19,565 [main] INFO  http.HttpServer2 (HttpServer2.java:addGlobalFilter(975)) - Added global filter 'safety' (class=org.apache.hadoop.http.HttpServer2$QuotingInputFilter)
2019-10-07 22:21:19,570 [main] INFO  http.HttpServer2 (HttpServer2.java:addFilter(948)) - Added filter static_user_filter (class=org.apache.hadoop.http.lib.StaticUserWebFilter$StaticUserFilter) to context scm
2019-10-07 22:21:19,570 [main] INFO  http.HttpServer2 (HttpServer2.java:addFilter(958)) - Added filter static_user_filter (class=org.apache.hadoop.http.lib.StaticUserWebFilter$StaticUserFilter) to context static
2019-10-07 22:21:19,571 [main] INFO  http.HttpServer2 (HttpServer2.java:addFilter(958)) - Added filter static_user_filter (class=org.apache.hadoop.http.lib.StaticUserWebFilter$StaticUserFilter) to context logs
2019-10-07 22:21:19,609 [main] INFO  server.StorageContainerManager (StorageContainerManager.java:start(770)) - StorageContainerLocationProtocol RPC server is listening at /0.0.0.0:46138
2019-10-07 22:21:19,668 [main] WARN  impl.MetricsConfig (MetricsConfig.java:loadFirst(134)) - Cannot locate configuration: tried hadoop-metrics2-storagecontainermanager.properties,hadoop-metrics2.properties
2019-10-07 22:21:19,681 [main] INFO  impl.MetricsSystemImpl (MetricsSystemImpl.java:startTimer(374)) - Scheduled Metric snapshot period at 10 second(s).
2019-10-07 22:21:19,681 [main] INFO  impl.MetricsSystemImpl (MetricsSystemImpl.java:start(191)) - StorageContainerManager metrics system started
2019-10-07 22:21:19,907 [main] INFO  server.SCMClientProtocolServer (SCMClientProtocolServer.java:start(159)) - RPC server for Client  is listening at /0.0.0.0:46138
2019-10-07 22:21:19,908 [IPC Server Responder] INFO  ipc.Server (Server.java:run(1314)) - IPC Server Responder: starting
2019-10-07 22:21:19,908 [IPC Server listener on 46138] INFO  ipc.Server (Server.java:run(1153)) - IPC Server listener on 46138: starting
2019-10-07 22:21:19,911 [main] INFO  server.StorageContainerManager (StorageContainerManager.java:start(780)) - ScmBlockLocationProtocol RPC server is listening at /0.0.0.0:43808
2019-10-07 22:21:19,912 [main] INFO  server.SCMBlockProtocolServer (SCMBlockProtocolServer.java:start(146)) - RPC server for Block Protocol is listening at /0.0.0.0:43808
2019-10-07 22:21:19,913 [IPC Server Responder] INFO  ipc.Server (Server.java:run(1314)) - IPC Server Responder: starting
2019-10-07 22:21:19,913 [IPC Server listener on 43808] INFO  ipc.Server (Server.java:run(1153)) - IPC Server listener on 43808: starting
2019-10-07 22:21:19,915 [main] INFO  server.StorageContainerManager (StorageContainerManager.java:start(784)) - ScmDatanodeProtocl RPC server is listening at /0.0.0.0:34310
2019-10-07 22:21:19,915 [main] INFO  server.SCMDatanodeProtocolServer (SCMDatanodeProtocolServer.java:start(169)) - RPC server for DataNodes is listening at /0.0.0.0:34310
2019-10-07 22:21:19,916 [IPC Server Responder] INFO  ipc.Server (Server.java:run(1314)) - IPC Server Responder: starting
2019-10-07 22:21:19,916 [IPC Server listener on 34310] INFO  ipc.Server (Server.java:run(1153)) - IPC Server listener on 34310: starting
2019-10-07 22:21:19,920 [main] INFO  http.HttpServer2 (HttpServer2.java:bindListener(1191)) - Jetty bound to port 32949
2019-10-07 22:21:19,922 [main] INFO  server.Server (Server.java:doStart(351)) - jetty-9.3.25.v20180904, build timestamp: 2018-09-04T21:11:46Z, git hash: 3ce520221d0240229c862b122d2b06c12a625732
2019-10-07 22:21:19,977 [main] INFO  handler.ContextHandler (ContextHandler.java:doStart(781)) - Started o.e.j.s.ServletContextHandler@65fe9e33{/logs,file:///workdir/hadoop-ozone/integration-test/target/log,AVAILABLE}
2019-10-07 22:21:19,978 [main] INFO  handler.ContextHandler (ContextHandler.java:doStart(781)) - Started o.e.j.s.ServletContextHandler@42f8285e{/static,file:///workdir/hadoop-ozone/integration-test/target/test-classes/webapps/static,AVAILABLE}
2019-10-07 22:21:20,016 [main] INFO  handler.ContextHandler (ContextHandler.java:doStart(781)) - Started o.e.j.w.WebAppContext@3d6300e8{/,file:///workdir/hadoop-ozone/integration-test/target/test-classes/webapps/scm/,AVAILABLE}{/scm}
2019-10-07 22:21:20,023 [main] INFO  server.AbstractConnector (AbstractConnector.java:doStart(278)) - Started ServerConnector@3af4e0bf{HTTP/1.1,[http/1.1]}{0.0.0.0:32949}
2019-10-07 22:21:20,023 [main] INFO  server.Server (Server.java:doStart(419)) - Started @3011ms
2019-10-07 22:21:20,025 [main] INFO  impl.MetricsSinkAdapter (MetricsSinkAdapter.java:start(204)) - Sink prometheus started
2019-10-07 22:21:20,025 [main] INFO  impl.MetricsSystemImpl (MetricsSystemImpl.java:registerSink(301)) - Registered sink prometheus
2019-10-07 22:21:20,027 [main] INFO  server.BaseHttpServer (BaseHttpServer.java:updateConnectorAddress(215)) - HTTP server of SCM is listening at http://0.0.0.0:32949
2019-10-07 22:21:20,036 [org.apache.hadoop.util.JvmPauseMonitor$Monitor@1a2e2935] INFO  util.JvmPauseMonitor (JvmPauseMonitor.java:run(188)) - Starting JVM pause monitor
2019-10-07 22:21:20,041 [main] WARN  server.ServerUtils (ServerUtils.java:getDBPath(222)) - ozone.om.db.dirs is not configured. We recommend adding this setting. Falling back to ozone.metadata.dirs instead.
2019-10-07 22:21:20,180 [main] INFO  ha.OMHANodeDetails (OMHANodeDetails.java:loadOMHAConfig(190)) - Configuration either no ozone.om.address set. Falling back to the default OM address /127.0.0.1:0
2019-10-07 22:21:20,180 [main] INFO  ha.OMHANodeDetails (OMHANodeDetails.java:getOMNodeDetails(220)) - OM Service ID is not set. Setting it to the default ID: omServiceIdDefault
2019-10-07 22:21:20,182 [main] WARN  server.ServerUtils (ServerUtils.java:getDBPath(222)) - ozone.om.db.dirs is not configured. We recommend adding this setting. Falling back to ozone.metadata.dirs instead.
2019-10-07 22:21:20,183 [main] WARN  server.ServerUtils (ServerUtils.java:getDBPath(222)) - ozone.om.db.dirs is not configured. We recommend adding this setting. Falling back to ozone.metadata.dirs instead.
2019-10-07 22:21:20,904 [main] WARN  server.ServerUtils (ServerUtils.java:getDBPath(222)) - ozone.om.db.dirs is not configured. We recommend adding this setting. Falling back to ozone.metadata.dirs instead.
2019-10-07 22:21:20,912 [main] INFO  db.DBStoreBuilder (DBStoreBuilder.java:addTable(117)) - using custom profile for table: userTable
2019-10-07 22:21:20,913 [main] INFO  db.DBStoreBuilder (DBStoreBuilder.java:processTables(168)) - Using default column profile:DBProfile.DISK for Table:userTable
2019-10-07 22:21:20,913 [main] INFO  db.DBStoreBuilder (DBStoreBuilder.java:addTable(117)) - using custom profile for table: volumeTable
2019-10-07 22:21:20,913 [main] INFO  db.DBStoreBuilder (DBStoreBuilder.java:processTables(168)) - Using default column profile:DBProfile.DISK for Table:volumeTable
2019-10-07 22:21:20,913 [main] INFO  db.DBStoreBuilder (DBStoreBuilder.java:addTable(117)) - using custom profile for table: bucketTable
2019-10-07 22:21:20,914 [main] INFO  db.DBStoreBuilder (DBStoreBuilder.java:processTables(168)) - Using default column profile:DBProfile.DISK for Table:bucketTable
2019-10-07 22:21:20,914 [main] INFO  db.DBStoreBuilder (DBStoreBuilder.java:addTable(117)) - using custom profile for table: keyTable
2019-10-07 22:21:20,914 [main] INFO  db.DBStoreBuilder (DBStoreBuilder.java:processTables(168)) - Using default column profile:DBProfile.DISK for Table:keyTable
2019-10-07 22:21:20,914 [main] INFO  db.DBStoreBuilder (DBStoreBuilder.java:addTable(117)) - using custom profile for table: deletedTable
2019-10-07 22:21:20,915 [main] INFO  db.DBStoreBuilder (DBStoreBuilder.java:processTables(168)) - Using default column profile:DBProfile.DISK for Table:deletedTable
2019-10-07 22:21:20,915 [main] INFO  db.DBStoreBuilder (DBStoreBuilder.java:addTable(117)) - using custom profile for table: openKeyTable
2019-10-07 22:21:20,915 [main] INFO  db.DBStoreBuilder (DBStoreBuilder.java:processTables(168)) - Using default column profile:DBProfile.DISK for Table:openKeyTable
2019-10-07 22:21:20,915 [main] INFO  db.DBStoreBuilder (DBStoreBuilder.java:addTable(117)) - using custom profile for table: s3Table
2019-10-07 22:21:20,916 [main] INFO  db.DBStoreBuilder (DBStoreBuilder.java:processTables(168)) - Using default column profile:DBProfile.DISK for Table:s3Table
2019-10-07 22:21:20,916 [main] INFO  db.DBStoreBuilder (DBStoreBuilder.java:addTable(117)) - using custom profile for table: multipartInfoTable
2019-10-07 22:21:20,916 [main] INFO  db.DBStoreBuilder (DBStoreBuilder.java:processTables(168)) - Using default column profile:DBProfile.DISK for Table:multipartInfoTable
2019-10-07 22:21:20,916 [main] INFO  db.DBStoreBuilder (DBStoreBuilder.java:addTable(117)) - using custom profile for table: dTokenTable
2019-10-07 22:21:20,917 [main] INFO  db.DBStoreBuilder (DBStoreBuilder.java:processTables(168)) - Using default column profile:DBProfile.DISK for Table:dTokenTable
2019-10-07 22:21:20,917 [main] INFO  db.DBStoreBuilder (DBStoreBuilder.java:addTable(117)) - using custom profile for table: s3SecretTable
2019-10-07 22:21:20,917 [main] INFO  db.DBStoreBuilder (DBStoreBuilder.java:processTables(168)) - Using default column profile:DBProfile.DISK for Table:s3SecretTable
2019-10-07 22:21:20,918 [main] INFO  db.DBStoreBuilder (DBStoreBuilder.java:addTable(117)) - using custom profile for table: prefixTable
2019-10-07 22:21:20,918 [main] INFO  db.DBStoreBuilder (DBStoreBuilder.java:processTables(168)) - Using default column profile:DBProfile.DISK for Table:prefixTable
2019-10-07 22:21:20,918 [main] INFO  db.DBStoreBuilder (DBStoreBuilder.java:addTable(117)) - using custom profile for table: default
2019-10-07 22:21:20,918 [main] INFO  db.DBStoreBuilder (DBStoreBuilder.java:processTables(174)) - Using default column profile:DBProfile.DISK for Table:default
2019-10-07 22:21:20,919 [main] INFO  db.DBStoreBuilder (DBStoreBuilder.java:getDbProfile(205)) - Using default options. DBProfile.DISK
2019-10-07 22:21:21,592 [main] INFO  ipc.CallQueueManager (CallQueueManager.java:<init>(84)) - Using callQueue: class java.util.concurrent.LinkedBlockingQueue, queueCapacity: 2000, scheduler: class org.apache.hadoop.ipc.DefaultRpcScheduler, ipcBackoff: false.
2019-10-07 22:21:21,593 [Socket Reader #1 for port 39951] INFO  ipc.Server (Server.java:run(1074)) - Starting Socket Reader #1 for port 39951
2019-10-07 22:21:21,615 [main] INFO  om.OzoneManager (OzoneManager.java:start(1069)) - OzoneManager RPC server is listening at localhost/127.0.0.1:39951
2019-10-07 22:21:21,615 [main] INFO  impl.MetricsSystemImpl (MetricsSystemImpl.java:init(158)) - OzoneManager metrics system started (again)
2019-10-07 22:21:21,624 [IPC Server Responder] INFO  ipc.Server (Server.java:run(1314)) - IPC Server Responder: starting
2019-10-07 22:21:21,624 [IPC Server listener on 39951] INFO  ipc.Server (Server.java:run(1153)) - IPC Server listener on 39951: starting
2019-10-07 22:21:21,632 [main] INFO  hdfs.DFSUtil (DFSUtil.java:httpServerTemplateForNNAndJN(1641)) - Starting Web-server for ozoneManager at: http://0.0.0.0:0
2019-10-07 22:21:21,634 [main] INFO  server.AuthenticationFilter (AuthenticationFilter.java:constructSecretProvider(240)) - Unable to initialize FileSignerSecretProvider, falling back to use random secrets.
2019-10-07 22:21:21,635 [main] WARN  http.HttpRequestLog (HttpRequestLog.java:getRequestLog(97)) - Jetty request log can only be enabled using Log4j
2019-10-07 22:21:21,637 [main] INFO  http.HttpServer2 (HttpServer2.java:addGlobalFilter(975)) - Added global filter 'safety' (class=org.apache.hadoop.http.HttpServer2$QuotingInputFilter)
2019-10-07 22:21:21,638 [main] INFO  http.HttpServer2 (HttpServer2.java:addFilter(948)) - Added filter static_user_filter (class=org.apache.hadoop.http.lib.StaticUserWebFilter$StaticUserFilter) to context ozoneManager
2019-10-07 22:21:21,638 [main] INFO  http.HttpServer2 (HttpServer2.java:addFilter(958)) - Added filter static_user_filter (class=org.apache.hadoop.http.lib.StaticUserWebFilter$StaticUserFilter) to context logs
2019-10-07 22:21:21,638 [main] INFO  http.HttpServer2 (HttpServer2.java:addFilter(958)) - Added filter static_user_filter (class=org.apache.hadoop.http.lib.StaticUserWebFilter$StaticUserFilter) to context static
2019-10-07 22:21:21,640 [main] INFO  http.HttpServer2 (HttpServer2.java:bindListener(1191)) - Jetty bound to port 34127
2019-10-07 22:21:21,640 [main] INFO  server.Server (Server.java:doStart(351)) - jetty-9.3.25.v20180904, build timestamp: 2018-09-04T21:11:46Z, git hash: 3ce520221d0240229c862b122d2b06c12a625732
2019-10-07 22:21:21,642 [main] INFO  handler.ContextHandler (ContextHandler.java:doStart(781)) - Started o.e.j.s.ServletContextHandler@1542af63{/logs,file:///workdir/hadoop-ozone/integration-test/target/log,AVAILABLE}
2019-10-07 22:21:21,643 [main] INFO  handler.ContextHandler (ContextHandler.java:doStart(781)) - Started o.e.j.s.ServletContextHandler@20ed3303{/static,file:///workdir/hadoop-ozone/integration-test/target/test-classes/webapps/static,AVAILABLE}
2019-10-07 22:21:21,648 [main] INFO  handler.ContextHandler (ContextHandler.java:doStart(781)) - Started o.e.j.w.WebAppContext@319854f0{/,file:///workdir/hadoop-ozone/integration-test/target/test-classes/webapps/ozoneManager/,AVAILABLE}{/ozoneManager}
2019-10-07 22:21:21,649 [main] INFO  server.AbstractConnector (AbstractConnector.java:doStart(278)) - Started ServerConnector@748fe51d{HTTP/1.1,[http/1.1]}{0.0.0.0:34127}
2019-10-07 22:21:21,649 [main] INFO  server.Server (Server.java:doStart(419)) - Started @4637ms
2019-10-07 22:21:21,650 [main] WARN  impl.MetricsSystemImpl (MetricsSystemImpl.java:register(276)) - Sink prometheus already exists!
2019-10-07 22:21:21,652 [main] INFO  server.BaseHttpServer (BaseHttpServer.java:updateConnectorAddress(215)) - HTTP server of OZONEMANAGER is listening at http://0.0.0.0:34127
2019-10-07 22:21:22,056 [main] INFO  impl.MetricsSystemImpl (MetricsSystemImpl.java:init(158)) - HddsDatanode metrics system started (again)
2019-10-07 22:21:22,106 [main] INFO  ozone.HddsDatanodeService (HddsDatanodeService.java:start(184)) - HddsDatanodeService host:pr-hdds-1868-k864b-3611000933 ip:192.168.151.75
2019-10-07 22:21:22,141 [main] INFO  volume.HddsVolume (HddsVolume.java:<init>(176)) - Creating Volume: /workdir/hadoop-ozone/integration-test/target/test-dir/MiniOzoneClusterImpl-e98591d2-3ad0-4fa0-a2a5-26850085fcad/datanode-0/data/containers/hdds of  storage type : DISK and capacity : 1482555576320
2019-10-07 22:21:22,144 [main] INFO  volume.VolumeSet (VolumeSet.java:initializeVolumeSet(170)) - Added Volume : /workdir/hadoop-ozone/integration-test/target/test-dir/MiniOzoneClusterImpl-e98591d2-3ad0-4fa0-a2a5-26850085fcad/datanode-0/data/containers/hdds to VolumeSet
2019-10-07 22:21:22,149 [main] INFO  volume.ThrottledAsyncChecker (ThrottledAsyncChecker.java:schedule(139)) - Scheduling a check for org.apache.hadoop.ozone.container.common.volume.HddsVolume@50194e8d
2019-10-07 22:21:22,174 [main] INFO  volume.HddsVolumeChecker (HddsVolumeChecker.java:checkAllVolumes(202)) - Scheduled health check for volume org.apache.hadoop.ozone.container.common.volume.HddsVolume@50194e8d
2019-10-07 22:21:22,311 [main] INFO  impl.RaftServerProxy (ConfUtils.java:logGet(43)) - raft.rpc.type = GRPC (default)
2019-10-07 22:21:22,388 [main] INFO  grpc.GrpcFactory (GrpcFactory.java:checkPooledByteBufAllocatorUseCacheForAllThreads(45)) - PERFORMANCE WARNING: useCacheForAllThreads is true that may cause Netty to create a lot garbage objects and, as a result, trigger GC.
	It is recommended to disable useCacheForAllThreads by setting -Dorg.apache.ratis.thirdparty.io.netty.allocator.useCacheForAllThreads=false in command line.
2019-10-07 22:21:22,395 [main] INFO  grpc.GrpcConfigKeys$Server (ConfUtils.java:logGet(43)) - raft.grpc.server.port = 0 (default)
2019-10-07 22:21:22,396 [main] INFO  server.GrpcService (ConfUtils.java:logGet(43)) - raft.grpc.message.size.max = 33570816 (custom)
2019-10-07 22:21:22,398 [main] INFO  server.RaftServerConfigKeys (ConfUtils.java:logGet(43)) - raft.server.log.appender.buffer.byte-limit = 33554432 (custom)
2019-10-07 22:21:22,399 [main] INFO  server.GrpcService (ConfUtils.java:logGet(43)) - raft.grpc.flow.control.window = 1MB (=1048576) (default)
2019-10-07 22:21:22,400 [main] INFO  server.RaftServerConfigKeys (ConfUtils.java:logGet(43)) - raft.server.rpc.request.timeout = 3000ms (default)
2019-10-07 22:21:22,573 [main] INFO  server.RaftServerConfigKeys (ConfUtils.java:logGet(43)) - raft.server.storage.dir = [/workdir/hadoop-ozone/integration-test/target/test-dir/MiniOzoneClusterImpl-e98591d2-3ad0-4fa0-a2a5-26850085fcad/datanode-0/data/ratis] (custom)
2019-10-07 22:21:22,628 [main] INFO  hdfs.DFSUtil (DFSUtil.java:httpServerTemplateForNNAndJN(1641)) - Starting Web-server for hddsDatanode at: http://0.0.0.0:0
2019-10-07 22:21:22,631 [main] INFO  server.AuthenticationFilter (AuthenticationFilter.java:constructSecretProvider(240)) - Unable to initialize FileSignerSecretProvider, falling back to use random secrets.
2019-10-07 22:21:22,632 [main] WARN  http.HttpRequestLog (HttpRequestLog.java:getRequestLog(97)) - Jetty request log can only be enabled using Log4j
2019-10-07 22:21:22,636 [main] INFO  http.HttpServer2 (HttpServer2.java:addGlobalFilter(975)) - Added global filter 'safety' (class=org.apache.hadoop.http.HttpServer2$QuotingInputFilter)
2019-10-07 22:21:22,637 [main] INFO  http.HttpServer2 (HttpServer2.java:addFilter(948)) - Added filter static_user_filter (class=org.apache.hadoop.http.lib.StaticUserWebFilter$StaticUserFilter) to context hddsDatanode
2019-10-07 22:21:22,637 [main] INFO  http.HttpServer2 (HttpServer2.java:addFilter(958)) - Added filter static_user_filter (class=org.apache.hadoop.http.lib.StaticUserWebFilter$StaticUserFilter) to context logs
2019-10-07 22:21:22,638 [main] INFO  http.HttpServer2 (HttpServer2.java:addFilter(958)) - Added filter static_user_filter (class=org.apache.hadoop.http.lib.StaticUserWebFilter$StaticUserFilter) to context static
2019-10-07 22:21:22,639 [main] INFO  http.HttpServer2 (HttpServer2.java:bindListener(1191)) - Jetty bound to port 44874
2019-10-07 22:21:22,639 [main] INFO  server.Server (Server.java:doStart(351)) - jetty-9.3.25.v20180904, build timestamp: 2018-09-04T21:11:46Z, git hash: 3ce520221d0240229c862b122d2b06c12a625732
2019-10-07 22:21:22,643 [main] INFO  handler.ContextHandler (ContextHandler.java:doStart(781)) - Started o.e.j.s.ServletContextHandler@2f236de0{/logs,file:///workdir/hadoop-ozone/integration-test/target/log,AVAILABLE}
2019-10-07 22:21:22,644 [main] INFO  handler.ContextHandler (ContextHandler.java:doStart(781)) - Started o.e.j.s.ServletContextHandler@767a014e{/static,jar:file:/home/user/.m2/repository/org/apache/hadoop/hadoop-hdds-container-service/0.5.0-SNAPSHOT/hadoop-hdds-container-service-0.5.0-SNAPSHOT.jar!/webapps/static,AVAILABLE}
2019-10-07 22:21:22,695 [main] INFO  handler.ContextHandler (ContextHandler.java:doStart(781)) - Started o.e.j.w.WebAppContext@6edcad64{/,file:///tmp/jetty-0.0.0.0-44874-hddsDatanode-_-any-1778979830545526166.dir/webapp/,AVAILABLE}{/hddsDatanode}
2019-10-07 22:21:22,696 [main] INFO  server.AbstractConnector (AbstractConnector.java:doStart(278)) - Started ServerConnector@4c6007fb{HTTP/1.1,[http/1.1]}{0.0.0.0:44874}
2019-10-07 22:21:22,697 [main] INFO  server.Server (Server.java:doStart(419)) - Started @5685ms
2019-10-07 22:21:22,698 [main] WARN  impl.MetricsSystemImpl (MetricsSystemImpl.java:register(276)) - Sink prometheus already exists!
2019-10-07 22:21:22,699 [main] INFO  server.BaseHttpServer (BaseHttpServer.java:updateConnectorAddress(215)) - HTTP server of HDDSDATANODE is listening at http://0.0.0.0:44874
2019-10-07 22:21:22,701 [main] INFO  impl.MetricsSystemImpl (MetricsSystemImpl.java:init(158)) - HddsDatanode metrics system started (again)
2019-10-07 22:21:22,706 [main] INFO  ozone.HddsDatanodeService (HddsDatanodeService.java:start(184)) - HddsDatanodeService host:pr-hdds-1868-k864b-3611000933 ip:192.168.151.75
2019-10-07 22:21:22,708 [org.apache.hadoop.util.JvmPauseMonitor$Monitor@b37b258] INFO  util.JvmPauseMonitor (JvmPauseMonitor.java:run(188)) - Starting JVM pause monitor
2019-10-07 22:21:22,718 [main] INFO  volume.HddsVolume (HddsVolume.java:<init>(176)) - Creating Volume: /workdir/hadoop-ozone/integration-test/target/test-dir/MiniOzoneClusterImpl-e98591d2-3ad0-4fa0-a2a5-26850085fcad/datanode-1/data/containers/hdds of  storage type : DISK and capacity : 1482555576320
2019-10-07 22:21:22,719 [main] INFO  volume.VolumeSet (VolumeSet.java:initializeVolumeSet(170)) - Added Volume : /workdir/hadoop-ozone/integration-test/target/test-dir/MiniOzoneClusterImpl-e98591d2-3ad0-4fa0-a2a5-26850085fcad/datanode-1/data/containers/hdds to VolumeSet
2019-10-07 22:21:22,719 [main] INFO  volume.ThrottledAsyncChecker (ThrottledAsyncChecker.java:schedule(139)) - Scheduling a check for org.apache.hadoop.ozone.container.common.volume.HddsVolume@cb7fa71
2019-10-07 22:21:22,720 [main] INFO  volume.HddsVolumeChecker (HddsVolumeChecker.java:checkAllVolumes(202)) - Scheduled health check for volume org.apache.hadoop.ozone.container.common.volume.HddsVolume@cb7fa71
2019-10-07 22:21:22,743 [main] INFO  impl.RaftServerProxy (ConfUtils.java:logGet(43)) - raft.rpc.type = GRPC (default)
2019-10-07 22:21:22,744 [main] INFO  grpc.GrpcFactory (GrpcFactory.java:checkPooledByteBufAllocatorUseCacheForAllThreads(45)) - PERFORMANCE WARNING: useCacheForAllThreads is true that may cause Netty to create a lot garbage objects and, as a result, trigger GC.
	It is recommended to disable useCacheForAllThreads by setting -Dorg.apache.ratis.thirdparty.io.netty.allocator.useCacheForAllThreads=false in command line.
2019-10-07 22:21:22,744 [main] INFO  grpc.GrpcConfigKeys$Server (ConfUtils.java:logGet(43)) - raft.grpc.server.port = 0 (default)
2019-10-07 22:21:22,745 [main] INFO  server.GrpcService (ConfUtils.java:logGet(43)) - raft.grpc.message.size.max = 33570816 (custom)
2019-10-07 22:21:22,745 [main] INFO  server.RaftServerConfigKeys (ConfUtils.java:logGet(43)) - raft.server.log.appender.buffer.byte-limit = 33554432 (custom)
2019-10-07 22:21:22,746 [main] INFO  server.GrpcService (ConfUtils.java:logGet(43)) - raft.grpc.flow.control.window = 1MB (=1048576) (default)
2019-10-07 22:21:22,746 [main] INFO  server.RaftServerConfigKeys (ConfUtils.java:logGet(43)) - raft.server.rpc.request.timeout = 3000ms (default)
2019-10-07 22:21:22,747 [main] INFO  server.RaftServerConfigKeys (ConfUtils.java:logGet(43)) - raft.server.storage.dir = [/workdir/hadoop-ozone/integration-test/target/test-dir/MiniOzoneClusterImpl-e98591d2-3ad0-4fa0-a2a5-26850085fcad/datanode-1/data/ratis] (custom)
2019-10-07 22:21:22,749 [main] INFO  hdfs.DFSUtil (DFSUtil.java:httpServerTemplateForNNAndJN(1641)) - Starting Web-server for hddsDatanode at: http://0.0.0.0:0
2019-10-07 22:21:22,751 [main] INFO  server.AuthenticationFilter (AuthenticationFilter.java:constructSecretProvider(240)) - Unable to initialize FileSignerSecretProvider, falling back to use random secrets.
2019-10-07 22:21:22,752 [main] WARN  http.HttpRequestLog (HttpRequestLog.java:getRequestLog(97)) - Jetty request log can only be enabled using Log4j
2019-10-07 22:21:22,754 [main] INFO  http.HttpServer2 (HttpServer2.java:addGlobalFilter(975)) - Added global filter 'safety' (class=org.apache.hadoop.http.HttpServer2$QuotingInputFilter)
2019-10-07 22:21:22,755 [main] INFO  http.HttpServer2 (HttpServer2.java:addFilter(948)) - Added filter static_user_filter (class=org.apache.hadoop.http.lib.StaticUserWebFilter$StaticUserFilter) to context hddsDatanode
2019-10-07 22:21:22,756 [main] INFO  http.HttpServer2 (HttpServer2.java:addFilter(958)) - Added filter static_user_filter (class=org.apache.hadoop.http.lib.StaticUserWebFilter$StaticUserFilter) to context static
2019-10-07 22:21:22,756 [main] INFO  http.HttpServer2 (HttpServer2.java:addFilter(958)) - Added filter static_user_filter (class=org.apache.hadoop.http.lib.StaticUserWebFilter$StaticUserFilter) to context logs
2019-10-07 22:21:22,757 [main] INFO  http.HttpServer2 (HttpServer2.java:bindListener(1191)) - Jetty bound to port 34980
2019-10-07 22:21:22,757 [main] INFO  server.Server (Server.java:doStart(351)) - jetty-9.3.25.v20180904, build timestamp: 2018-09-04T21:11:46Z, git hash: 3ce520221d0240229c862b122d2b06c12a625732
2019-10-07 22:21:22,761 [main] INFO  handler.ContextHandler (ContextHandler.java:doStart(781)) - Started o.e.j.s.ServletContextHandler@68d7a2df{/logs,file:///workdir/hadoop-ozone/integration-test/target/log,AVAILABLE}
2019-10-07 22:21:22,762 [main] INFO  handler.ContextHandler (ContextHandler.java:doStart(781)) - Started o.e.j.s.ServletContextHandler@12fcc71f{/static,jar:file:/home/user/.m2/repository/org/apache/hadoop/hadoop-hdds-container-service/0.5.0-SNAPSHOT/hadoop-hdds-container-service-0.5.0-SNAPSHOT.jar!/webapps/static,AVAILABLE}
2019-10-07 22:21:22,803 [main] INFO  handler.ContextHandler (ContextHandler.java:doStart(781)) - Started o.e.j.w.WebAppContext@30b131b2{/,file:///tmp/jetty-0.0.0.0-34980-hddsDatanode-_-any-1770967270103679075.dir/webapp/,AVAILABLE}{/hddsDatanode}
2019-10-07 22:21:22,804 [main] INFO  server.AbstractConnector (AbstractConnector.java:doStart(278)) - Started ServerConnector@2924f1d8{HTTP/1.1,[http/1.1]}{0.0.0.0:34980}
2019-10-07 22:21:22,805 [main] INFO  server.Server (Server.java:doStart(419)) - Started @5793ms
2019-10-07 22:21:22,806 [main] WARN  impl.MetricsSystemImpl (MetricsSystemImpl.java:register(276)) - Sink prometheus already exists!
2019-10-07 22:21:22,807 [main] INFO  server.BaseHttpServer (BaseHttpServer.java:updateConnectorAddress(215)) - HTTP server of HDDSDATANODE is listening at http://0.0.0.0:34980
2019-10-07 22:21:22,807 [main] INFO  impl.MetricsSystemImpl (MetricsSystemImpl.java:init(158)) - HddsDatanode metrics system started (again)
2019-10-07 22:21:22,810 [org.apache.hadoop.util.JvmPauseMonitor$Monitor@4afefd04] INFO  util.JvmPauseMonitor (JvmPauseMonitor.java:run(188)) - Starting JVM pause monitor
2019-10-07 22:21:22,811 [main] INFO  ozone.HddsDatanodeService (HddsDatanodeService.java:start(184)) - HddsDatanodeService host:pr-hdds-1868-k864b-3611000933 ip:192.168.151.75
2019-10-07 22:21:22,820 [main] INFO  volume.HddsVolume (HddsVolume.java:<init>(176)) - Creating Volume: /workdir/hadoop-ozone/integration-test/target/test-dir/MiniOzoneClusterImpl-e98591d2-3ad0-4fa0-a2a5-26850085fcad/datanode-2/data/containers/hdds of  storage type : DISK and capacity : 1482555576320
2019-10-07 22:21:22,820 [main] INFO  volume.VolumeSet (VolumeSet.java:initializeVolumeSet(170)) - Added Volume : /workdir/hadoop-ozone/integration-test/target/test-dir/MiniOzoneClusterImpl-e98591d2-3ad0-4fa0-a2a5-26850085fcad/datanode-2/data/containers/hdds to VolumeSet
2019-10-07 22:21:22,821 [main] INFO  volume.ThrottledAsyncChecker (ThrottledAsyncChecker.java:schedule(139)) - Scheduling a check for org.apache.hadoop.ozone.container.common.volume.HddsVolume@2aff9dff
2019-10-07 22:21:22,821 [main] INFO  volume.HddsVolumeChecker (HddsVolumeChecker.java:checkAllVolumes(202)) - Scheduled health check for volume org.apache.hadoop.ozone.container.common.volume.HddsVolume@2aff9dff
2019-10-07 22:21:22,837 [main] INFO  impl.RaftServerProxy (ConfUtils.java:logGet(43)) - raft.rpc.type = GRPC (default)
2019-10-07 22:21:22,837 [main] INFO  grpc.GrpcFactory (GrpcFactory.java:checkPooledByteBufAllocatorUseCacheForAllThreads(45)) - PERFORMANCE WARNING: useCacheForAllThreads is true that may cause Netty to create a lot garbage objects and, as a result, trigger GC.
	It is recommended to disable useCacheForAllThreads by setting -Dorg.apache.ratis.thirdparty.io.netty.allocator.useCacheForAllThreads=false in command line.
2019-10-07 22:21:22,838 [main] INFO  grpc.GrpcConfigKeys$Server (ConfUtils.java:logGet(43)) - raft.grpc.server.port = 0 (default)
2019-10-07 22:21:22,838 [main] INFO  server.GrpcService (ConfUtils.java:logGet(43)) - raft.grpc.message.size.max = 33570816 (custom)
2019-10-07 22:21:22,838 [main] INFO  server.RaftServerConfigKeys (ConfUtils.java:logGet(43)) - raft.server.log.appender.buffer.byte-limit = 33554432 (custom)
2019-10-07 22:21:22,838 [main] INFO  server.GrpcService (ConfUtils.java:logGet(43)) - raft.grpc.flow.control.window = 1MB (=1048576) (default)
2019-10-07 22:21:22,839 [main] INFO  server.RaftServerConfigKeys (ConfUtils.java:logGet(43)) - raft.server.rpc.request.timeout = 3000ms (default)
2019-10-07 22:21:22,839 [main] INFO  server.RaftServerConfigKeys (ConfUtils.java:logGet(43)) - raft.server.storage.dir = [/workdir/hadoop-ozone/integration-test/target/test-dir/MiniOzoneClusterImpl-e98591d2-3ad0-4fa0-a2a5-26850085fcad/datanode-2/data/ratis] (custom)
2019-10-07 22:21:22,841 [main] INFO  hdfs.DFSUtil (DFSUtil.java:httpServerTemplateForNNAndJN(1641)) - Starting Web-server for hddsDatanode at: http://0.0.0.0:0
2019-10-07 22:21:22,843 [main] INFO  server.AuthenticationFilter (AuthenticationFilter.java:constructSecretProvider(240)) - Unable to initialize FileSignerSecretProvider, falling back to use random secrets.
2019-10-07 22:21:22,843 [main] WARN  http.HttpRequestLog (HttpRequestLog.java:getRequestLog(97)) - Jetty request log can only be enabled using Log4j
2019-10-07 22:21:22,845 [main] INFO  http.HttpServer2 (HttpServer2.java:addGlobalFilter(975)) - Added global filter 'safety' (class=org.apache.hadoop.http.HttpServer2$QuotingInputFilter)
2019-10-07 22:21:22,846 [main] INFO  http.HttpServer2 (HttpServer2.java:addFilter(948)) - Added filter static_user_filter (class=org.apache.hadoop.http.lib.StaticUserWebFilter$StaticUserFilter) to context hddsDatanode
2019-10-07 22:21:22,846 [main] INFO  http.HttpServer2 (HttpServer2.java:addFilter(958)) - Added filter static_user_filter (class=org.apache.hadoop.http.lib.StaticUserWebFilter$StaticUserFilter) to context static
2019-10-07 22:21:22,846 [main] INFO  http.HttpServer2 (HttpServer2.java:addFilter(958)) - Added filter static_user_filter (class=org.apache.hadoop.http.lib.StaticUserWebFilter$StaticUserFilter) to context logs
2019-10-07 22:21:22,847 [main] INFO  http.HttpServer2 (HttpServer2.java:bindListener(1191)) - Jetty bound to port 34725
2019-10-07 22:21:22,847 [main] INFO  server.Server (Server.java:doStart(351)) - jetty-9.3.25.v20180904, build timestamp: 2018-09-04T21:11:46Z, git hash: 3ce520221d0240229c862b122d2b06c12a625732
2019-10-07 22:21:22,849 [main] INFO  handler.ContextHandler (ContextHandler.java:doStart(781)) - Started o.e.j.s.ServletContextHandler@15639440{/logs,file:///workdir/hadoop-ozone/integration-test/target/log,AVAILABLE}
2019-10-07 22:21:22,849 [main] INFO  handler.ContextHandler (ContextHandler.java:doStart(781)) - Started o.e.j.s.ServletContextHandler@4faa298{/static,jar:file:/home/user/.m2/repository/org/apache/hadoop/hadoop-hdds-container-service/0.5.0-SNAPSHOT/hadoop-hdds-container-service-0.5.0-SNAPSHOT.jar!/webapps/static,AVAILABLE}
2019-10-07 22:21:22,869 [Datanode State Machine Thread - 0] INFO  datanode.InitDatanodeState (InitDatanodeState.java:persistContainerDatanodeDetails(140)) - DatanodeDetails is persisted to /workdir/hadoop-ozone/integration-test/target/test-dir/MiniOzoneClusterImpl-e98591d2-3ad0-4fa0-a2a5-26850085fcad/datanode-0/meta/datanode.id
2019-10-07 22:21:22,874 [Datanode State Machine Thread - 0] INFO  datanode.InitDatanodeState (InitDatanodeState.java:persistContainerDatanodeDetails(140)) - DatanodeDetails is persisted to /workdir/hadoop-ozone/integration-test/target/test-dir/MiniOzoneClusterImpl-e98591d2-3ad0-4fa0-a2a5-26850085fcad/datanode-1/meta/datanode.id
2019-10-07 22:21:22,885 [main] INFO  handler.ContextHandler (ContextHandler.java:doStart(781)) - Started o.e.j.w.WebAppContext@118ffcfd{/,file:///tmp/jetty-0.0.0.0-34725-hddsDatanode-_-any-8568153809170013323.dir/webapp/,AVAILABLE}{/hddsDatanode}
2019-10-07 22:21:22,886 [main] INFO  server.AbstractConnector (AbstractConnector.java:doStart(278)) - Started ServerConnector@53f4c1e6{HTTP/1.1,[http/1.1]}{0.0.0.0:34725}
2019-10-07 22:21:22,886 [main] INFO  server.Server (Server.java:doStart(419)) - Started @5875ms
2019-10-07 22:21:22,887 [main] WARN  impl.MetricsSystemImpl (MetricsSystemImpl.java:register(276)) - Sink prometheus already exists!
2019-10-07 22:21:22,888 [main] INFO  server.BaseHttpServer (BaseHttpServer.java:updateConnectorAddress(215)) - HTTP server of HDDSDATANODE is listening at http://0.0.0.0:34725
2019-10-07 22:21:22,890 [main] INFO  ozone.MiniOzoneClusterImpl (MiniOzoneClusterImpl.java:lambda$waitForClusterToBeReady$2(172)) - Waiting for cluster to be ready. Got 0 of 3 DN Heartbeats.
2019-10-07 22:21:22,891 [org.apache.hadoop.util.JvmPauseMonitor$Monitor@648dad15] INFO  util.JvmPauseMonitor (JvmPauseMonitor.java:run(188)) - Starting JVM pause monitor
2019-10-07 22:21:22,894 [Datanode State Machine Thread - 0] INFO  datanode.InitDatanodeState (InitDatanodeState.java:persistContainerDatanodeDetails(140)) - DatanodeDetails is persisted to /workdir/hadoop-ozone/integration-test/target/test-dir/MiniOzoneClusterImpl-e98591d2-3ad0-4fa0-a2a5-26850085fcad/datanode-2/meta/datanode.id
2019-10-07 22:21:23,891 [main] INFO  ozone.MiniOzoneClusterImpl (MiniOzoneClusterImpl.java:lambda$waitForClusterToBeReady$2(172)) - Waiting for cluster to be ready. Got 0 of 3 DN Heartbeats.
2019-10-07 22:21:24,808 [Datanode State Machine Thread - 0] INFO  ozoneimpl.OzoneContainer (OzoneContainer.java:start(217)) - Attempting to start container services.
2019-10-07 22:21:24,811 [Datanode State Machine Thread - 0] INFO  ozoneimpl.OzoneContainer (OzoneContainer.java:startContainerScrub(179)) - Background container scanner has been disabled.
2019-10-07 22:21:24,812 [Datanode State Machine Thread - 0] INFO  ratis.XceiverServerRatis (XceiverServerRatis.java:start(425)) - Starting XceiverServerRatis 06380598-6755-4f22-bec2-9517843746f9 at port 0
2019-10-07 22:21:24,828 [Datanode State Machine Thread - 0] INFO  ozoneimpl.OzoneContainer (OzoneContainer.java:start(217)) - Attempting to start container services.
2019-10-07 22:21:24,836 [Datanode State Machine Thread - 0] INFO  ozoneimpl.OzoneContainer (OzoneContainer.java:startContainerScrub(179)) - Background container scanner has been disabled.
2019-10-07 22:21:24,836 [Datanode State Machine Thread - 0] INFO  ratis.XceiverServerRatis (XceiverServerRatis.java:start(425)) - Starting XceiverServerRatis cdfd9313-e709-45a0-aad5-fb04704b1f7d at port 0
2019-10-07 22:21:24,852 [Datanode State Machine Thread - 0] INFO  impl.RaftServerProxy (RaftServerProxy.java:lambda$start$3(299)) - 06380598-6755-4f22-bec2-9517843746f9: start RPC server
2019-10-07 22:21:24,852 [Datanode State Machine Thread - 0] INFO  impl.RaftServerProxy (RaftServerProxy.java:lambda$start$3(299)) - cdfd9313-e709-45a0-aad5-fb04704b1f7d: start RPC server
2019-10-07 22:21:24,891 [main] INFO  ozone.MiniOzoneClusterImpl (MiniOzoneClusterImpl.java:lambda$waitForClusterToBeReady$2(172)) - Waiting for cluster to be ready. Got 0 of 3 DN Heartbeats.
2019-10-07 22:21:24,907 [Datanode State Machine Thread - 0] INFO  ozoneimpl.OzoneContainer (OzoneContainer.java:start(217)) - Attempting to start container services.
2019-10-07 22:21:24,909 [Datanode State Machine Thread - 0] INFO  ozoneimpl.OzoneContainer (OzoneContainer.java:startContainerScrub(179)) - Background container scanner has been disabled.
2019-10-07 22:21:24,909 [Datanode State Machine Thread - 0] INFO  ratis.XceiverServerRatis (XceiverServerRatis.java:start(425)) - Starting XceiverServerRatis 64a59515-2969-499c-a8c6-e7b2c46355f3 at port 0
2019-10-07 22:21:24,919 [Datanode State Machine Thread - 0] INFO  impl.RaftServerProxy (RaftServerProxy.java:lambda$start$3(299)) - 64a59515-2969-499c-a8c6-e7b2c46355f3: start RPC server
2019-10-07 22:21:25,033 [Datanode State Machine Thread - 0] INFO  server.GrpcService (GrpcService.java:startImpl(158)) - 64a59515-2969-499c-a8c6-e7b2c46355f3: GrpcService started, listening on 0.0.0.0/0.0.0.0:44677
2019-10-07 22:21:25,033 [Datanode State Machine Thread - 0] INFO  server.GrpcService (GrpcService.java:startImpl(158)) - 06380598-6755-4f22-bec2-9517843746f9: GrpcService started, listening on 0.0.0.0/0.0.0.0:43260
2019-10-07 22:21:25,033 [Datanode State Machine Thread - 0] INFO  server.GrpcService (GrpcService.java:startImpl(158)) - cdfd9313-e709-45a0-aad5-fb04704b1f7d: GrpcService started, listening on 0.0.0.0/0.0.0.0:43040
2019-10-07 22:21:25,034 [Datanode State Machine Thread - 0] INFO  ratis.XceiverServerRatis (XceiverServerRatis.java:start(435)) - XceiverServerRatis 06380598-6755-4f22-bec2-9517843746f9 is started using port 43260
2019-10-07 22:21:25,034 [Datanode State Machine Thread - 0] INFO  ratis.XceiverServerRatis (XceiverServerRatis.java:start(435)) - XceiverServerRatis 64a59515-2969-499c-a8c6-e7b2c46355f3 is started using port 44677
2019-10-07 22:21:25,035 [Datanode State Machine Thread - 0] INFO  ratis.XceiverServerRatis (XceiverServerRatis.java:start(435)) - XceiverServerRatis cdfd9313-e709-45a0-aad5-fb04704b1f7d is started using port 43040
2019-10-07 22:21:25,042 [Datanode State Machine Thread - 0] INFO  server.XceiverServerGrpc (XceiverServerGrpc.java:start(149)) - XceiverServerGrpc cdfd9313-e709-45a0-aad5-fb04704b1f7d is started using port 41746
2019-10-07 22:21:25,042 [Datanode State Machine Thread - 0] INFO  server.XceiverServerGrpc (XceiverServerGrpc.java:start(149)) - XceiverServerGrpc 06380598-6755-4f22-bec2-9517843746f9 is started using port 43140
2019-10-07 22:21:25,042 [Datanode State Machine Thread - 0] INFO  server.XceiverServerGrpc (XceiverServerGrpc.java:start(149)) - XceiverServerGrpc 64a59515-2969-499c-a8c6-e7b2c46355f3 is started using port 40533
2019-10-07 22:21:25,893 [main] INFO  ozone.MiniOzoneClusterImpl (MiniOzoneClusterImpl.java:lambda$waitForClusterToBeReady$2(172)) - Waiting for cluster to be ready. Got 0 of 3 DN Heartbeats.
2019-10-07 22:21:26,757 [IPC Server handler 18 on 34310] INFO  net.NetworkTopology (NetworkTopologyImpl.java:add(111)) - Added a new node: /default-rack/06380598-6755-4f22-bec2-9517843746f9
2019-10-07 22:21:26,759 [IPC Server handler 18 on 34310] INFO  node.SCMNodeManager (SCMNodeManager.java:register(268)) - Registered Data node : 06380598-6755-4f22-bec2-9517843746f9{ip: 192.168.151.75, host: pr-hdds-1868-k864b-3611000933, networkLocation: /default-rack, certSerialId: null}
2019-10-07 22:21:26,762 [EventQueue-NodeRegistrationContainerReportForDataNodeSafeModeRule] INFO  safemode.SCMSafeModeManager (DataNodeSafeModeRule.java:process(71)) - SCM in safe mode. 1 DataNodes registered, 1 required.
2019-10-07 22:21:26,762 [EventQueue-NodeRegistrationContainerReportForDataNodeSafeModeRule] INFO  safemode.SCMSafeModeManager (SCMSafeModeManager.java:validateSafeModeExitRules(177)) - ScmSafeModeManager, all rules are successfully validated
2019-10-07 22:21:26,762 [EventQueue-NodeRegistrationContainerReportForDataNodeSafeModeRule] INFO  safemode.SCMSafeModeManager (SCMSafeModeManager.java:exitSafeMode(193)) - SCM exiting safe mode.
2019-10-07 22:21:26,815 [IPC Server handler 16 on 34310] INFO  net.NetworkTopology (NetworkTopologyImpl.java:add(111)) - Added a new node: /default-rack/cdfd9313-e709-45a0-aad5-fb04704b1f7d
2019-10-07 22:21:26,815 [IPC Server handler 16 on 34310] INFO  node.SCMNodeManager (SCMNodeManager.java:register(268)) - Registered Data node : cdfd9313-e709-45a0-aad5-fb04704b1f7d{ip: 192.168.151.75, host: pr-hdds-1868-k864b-3611000933, networkLocation: /default-rack, certSerialId: null}
2019-10-07 22:21:26,894 [IPC Server handler 17 on 34310] INFO  net.NetworkTopology (NetworkTopologyImpl.java:add(111)) - Added a new node: /default-rack/64a59515-2969-499c-a8c6-e7b2c46355f3
2019-10-07 22:21:26,895 [IPC Server handler 17 on 34310] INFO  node.SCMNodeManager (SCMNodeManager.java:register(268)) - Registered Data node : 64a59515-2969-499c-a8c6-e7b2c46355f3{ip: 192.168.151.75, host: pr-hdds-1868-k864b-3611000933, networkLocation: /default-rack, certSerialId: null}
2019-10-07 22:21:27,279 [grpc-default-executor-0] INFO  impl.RaftServerProxy (RaftServerProxy.java:addNew(89)) - 06380598-6755-4f22-bec2-9517843746f9: addNew group-72F6465EB329:[06380598-6755-4f22-bec2-9517843746f9:192.168.151.75:43260] returns group-72F6465EB329:java.util.concurrent.CompletableFuture@4ea58803[Not completed]
2019-10-07 22:21:27,295 [pool-27-thread-1] INFO  impl.RaftServerImpl (RaftServerImpl.java:<init>(95)) - 06380598-6755-4f22-bec2-9517843746f9: new RaftServerImpl for group-72F6465EB329:[06380598-6755-4f22-bec2-9517843746f9:192.168.151.75:43260] with ContainerStateMachine:uninitialized
2019-10-07 22:21:27,298 [pool-27-thread-1] INFO  server.RaftServerConfigKeys (ConfUtils.java:logGet(43)) - raft.server.rpc.timeout.min = 5s (custom)
2019-10-07 22:21:27,300 [pool-27-thread-1] INFO  server.RaftServerConfigKeys (ConfUtils.java:logGet(43)) - raft.server.rpc.timeout.max = 5200ms (custom)
2019-10-07 22:21:27,300 [pool-27-thread-1] INFO  server.RaftServerConfigKeys (ConfUtils.java:logGet(43)) - raft.server.rpcslowness.timeout = 120s (custom)
2019-10-07 22:21:27,301 [pool-27-thread-1] INFO  server.RaftServerConfigKeys (ConfUtils.java:logGet(43)) - raft.server.sleep.deviation.threshold = 300 (default)
2019-10-07 22:21:27,302 [pool-27-thread-1] INFO  server.RaftServerConfigKeys (ConfUtils.java:logGet(43)) - raft.server.log.appender.install.snapshot.enabled = false (custom)
2019-10-07 22:21:27,313 [pool-27-thread-1] INFO  impl.RaftServerImpl (ServerState.java:<init>(103)) - 06380598-6755-4f22-bec2-9517843746f9@group-72F6465EB329: ConfigurationManager, init=-1: [06380598-6755-4f22-bec2-9517843746f9:192.168.151.75:43260], old=null, confs=<EMPTY_MAP>
2019-10-07 22:21:27,313 [pool-27-thread-1] INFO  server.RaftServerConfigKeys (ConfUtils.java:logGet(43)) - raft.server.storage.dir = [/workdir/hadoop-ozone/integration-test/target/test-dir/MiniOzoneClusterImpl-e98591d2-3ad0-4fa0-a2a5-26850085fcad/datanode-0/data/ratis] (custom)
2019-10-07 22:21:27,322 [pool-27-thread-1] INFO  server.RaftServerConfigKeys (ConfUtils.java:logGet(43)) - raft.server.log.corruption.policy = EXCEPTION (default)
2019-10-07 22:21:27,324 [pool-27-thread-1] INFO  storage.RaftStorageDirectory (RaftStorageDirectory.java:analyzeStorage(246)) - The storage directory /workdir/hadoop-ozone/integration-test/target/test-dir/MiniOzoneClusterImpl-e98591d2-3ad0-4fa0-a2a5-26850085fcad/datanode-0/data/ratis/da8c3430-eb5c-4e17-a8ac-72f6465eb329 does not exist. Creating ...
2019-10-07 22:21:27,355 [pool-27-thread-1] INFO  storage.RaftStorageDirectory (RaftStorageDirectory.java:tryLock(328)) - Lock on /workdir/hadoop-ozone/integration-test/target/test-dir/MiniOzoneClusterImpl-e98591d2-3ad0-4fa0-a2a5-26850085fcad/datanode-0/data/ratis/da8c3430-eb5c-4e17-a8ac-72f6465eb329/in_use.lock acquired by nodename 21146@pr-hdds-1868-k864b-3611000933
2019-10-07 22:21:27,371 [pool-27-thread-1] INFO  storage.RaftStorage (RaftStorage.java:format(84)) - Storage directory /workdir/hadoop-ozone/integration-test/target/test-dir/MiniOzoneClusterImpl-e98591d2-3ad0-4fa0-a2a5-26850085fcad/datanode-0/data/ratis/da8c3430-eb5c-4e17-a8ac-72f6465eb329 has been successfully formatted.
2019-10-07 22:21:27,374 [pool-27-thread-1] INFO  ratis.ContainerStateMachine (ContainerStateMachine.java:loadSnapshot(233)) - group-72F6465EB329: The snapshot info is null. Setting the last applied indexto:(t:0, i:~)
2019-10-07 22:21:27,374 [pool-27-thread-1] INFO  server.RaftServerConfigKeys (ConfUtils.java:logGet(43)) - raft.server.notification.no-leader.timeout = 120s (custom)
2019-10-07 22:21:27,377 [pool-27-thread-1] INFO  server.RaftServerConfigKeys (ConfUtils.java:logGet(43)) - raft.server.log.use.memory = false (default)
2019-10-07 22:21:27,384 [pool-27-thread-1] INFO  server.RaftServerConfigKeys (ConfUtils.java:logGet(43)) - raft.server.log.purge.gap = 1000000 (custom)
2019-10-07 22:21:27,384 [pool-27-thread-1] INFO  server.RaftServerConfigKeys (ConfUtils.java:logGet(43)) - raft.server.log.appender.buffer.byte-limit = 33554432 (custom)
2019-10-07 22:21:27,387 [pool-27-thread-1] INFO  server.RaftServerConfigKeys (ConfUtils.java:logGet(43)) - raft.server.log.segment.size.max = 1048576 (custom)
2019-10-07 22:21:27,389 [pool-27-thread-1] INFO  impl.MetricsSystemImpl (MetricsSystemImpl.java:init(158)) - ratis metrics system started (again)
2019-10-07 22:21:27,394 [pool-27-thread-1] INFO  metrics.MetricRegistries (MetricRegistriesLoader.java:load(64)) - Loaded MetricRegistries class org.apache.ratis.metrics.impl.MetricRegistriesImpl
2019-10-07 22:21:27,437 [pool-27-thread-1] INFO  server.RaftServerConfigKeys (ConfUtils.java:logGet(43)) - raft.server.log.segment.cache.num.max = 2 (custom)
2019-10-07 22:21:27,443 [pool-27-thread-1] INFO  segmented.SegmentedRaftLogWorker (SegmentedRaftLogWorker.java:<init>(173)) - new 06380598-6755-4f22-bec2-9517843746f9@group-72F6465EB329-SegmentedRaftLogWorker for RaftStorage:Storage Directory /workdir/hadoop-ozone/integration-test/target/test-dir/MiniOzoneClusterImpl-e98591d2-3ad0-4fa0-a2a5-26850085fcad/datanode-0/data/ratis/da8c3430-eb5c-4e17-a8ac-72f6465eb329
2019-10-07 22:21:27,443 [pool-27-thread-1] INFO  server.RaftServerConfigKeys (ConfUtils.java:logGet(43)) - raft.server.log.queue.byte-limit = 2147483647 (custom)
2019-10-07 22:21:27,444 [pool-27-thread-1] INFO  server.RaftServerConfigKeys (ConfUtils.java:logGet(43)) - raft.server.log.queue.element-limit = 1024 (custom)
2019-10-07 22:21:27,445 [pool-27-thread-1] INFO  server.RaftServerConfigKeys (ConfUtils.java:logGet(43)) - raft.server.log.segment.size.max = 1048576 (custom)
2019-10-07 22:21:27,445 [pool-27-thread-1] INFO  server.RaftServerConfigKeys (ConfUtils.java:logGet(43)) - raft.server.log.preallocated.size = 16384 (custom)
2019-10-07 22:21:27,446 [pool-27-thread-1] INFO  server.RaftServerConfigKeys (ConfUtils.java:logGet(43)) - raft.server.log.write.buffer.size = 33554432 (custom)
2019-10-07 22:21:27,446 [pool-27-thread-1] INFO  server.RaftServerConfigKeys (ConfUtils.java:logGet(43)) - raft.server.log.force.sync.num = 128 (default)
2019-10-07 22:21:27,447 [pool-27-thread-1] INFO  server.RaftServerConfigKeys (ConfUtils.java:logGet(43)) - raft.server.log.statemachine.data.sync = true (default)
2019-10-07 22:21:27,447 [pool-27-thread-1] INFO  server.RaftServerConfigKeys (ConfUtils.java:logGet(43)) - raft.server.log.statemachine.data.sync.timeout = 10s (default)
2019-10-07 22:21:27,448 [pool-27-thread-1] INFO  server.RaftServerConfigKeys (ConfUtils.java:logGet(43)) - raft.server.log.statemachine.data.sync.timeout.retry = -1 (default)
2019-10-07 22:21:27,458 [pool-27-thread-1] INFO  server.RaftServerConfigKeys (ConfUtils.java:logGet(43)) - raft.server.log.statemachine.data.caching.enabled = true (custom)
2019-10-07 22:21:27,463 [pool-27-thread-1] INFO  segmented.SegmentedRaftLogWorker (SegmentedRaftLogWorker.java:lambda$new$0(128)) - 06380598-6755-4f22-bec2-9517843746f9@group-72F6465EB329-SegmentedRaftLogWorker: flushIndex: setUnconditionally 0 -> -1
2019-10-07 22:21:27,467 [pool-27-thread-1] INFO  server.RaftServerConfigKeys (ConfUtils.java:logGet(43)) - raft.server.snapshot.auto.trigger.enabled = true (custom)
2019-10-07 22:21:27,468 [pool-27-thread-1] INFO  server.RaftServerConfigKeys (ConfUtils.java:logGet(43)) - raft.server.snapshot.auto.trigger.threshold = 10000 (custom)
2019-10-07 22:21:27,468 [pool-27-thread-1] INFO  server.RaftServerConfigKeys (ConfUtils.java:logGet(43)) - raft.server.snapshot.retention.file.num = 5 (custom)
2019-10-07 22:21:27,469 [pool-27-thread-1] INFO  server.RaftServerConfigKeys (ConfUtils.java:logGet(43)) - raft.server.retrycache.expirytime = 600000ms (custom)
2019-10-07 22:21:27,495 [pool-27-thread-1] INFO  impl.RaftServerImpl (RaftServerImpl.java:start(181)) - 06380598-6755-4f22-bec2-9517843746f9@group-72F6465EB329: start as a follower, conf=-1: [06380598-6755-4f22-bec2-9517843746f9:192.168.151.75:43260], old=null
2019-10-07 22:21:27,496 [pool-27-thread-1] INFO  impl.RaftServerImpl (RaftServerImpl.java:setRole(170)) - 06380598-6755-4f22-bec2-9517843746f9@group-72F6465EB329: changes role from      null to FOLLOWER at term 0 for startAsFollower
2019-10-07 22:21:27,497 [pool-27-thread-1] INFO  impl.RoleInfo (RoleInfo.java:updateAndGet(143)) - 06380598-6755-4f22-bec2-9517843746f9: start FollowerState
2019-10-07 22:21:27,499 [pool-27-thread-1] INFO  util.JmxRegister (JmxRegister.java:tryRegister(44)) - Successfully registered JMX Bean with object name Ratis:service=RaftServer,group=group-72F6465EB329,id=06380598-6755-4f22-bec2-9517843746f9
2019-10-07 22:21:27,570 [RatisPipelineUtilsThread] INFO  pipeline.PipelineStateManager (PipelineStateManager.java:addPipeline(57)) - Created pipeline Pipeline[ Id: da8c3430-eb5c-4e17-a8ac-72f6465eb329, Nodes: 06380598-6755-4f22-bec2-9517843746f9{ip: 192.168.151.75, host: pr-hdds-1868-k864b-3611000933, networkLocation: /default-rack, certSerialId: null}, Type:RATIS, Factor:ONE, State:ALLOCATED]
2019-10-07 22:21:27,591 [grpc-default-executor-0] INFO  impl.RaftServerProxy (RaftServerProxy.java:addNew(89)) - cdfd9313-e709-45a0-aad5-fb04704b1f7d: addNew group-D7042679C2A4:[cdfd9313-e709-45a0-aad5-fb04704b1f7d:192.168.151.75:43040] returns group-D7042679C2A4:java.util.concurrent.CompletableFuture@686012da[Not completed]
2019-10-07 22:21:27,620 [pool-37-thread-1] INFO  impl.RaftServerImpl (RaftServerImpl.java:<init>(95)) - cdfd9313-e709-45a0-aad5-fb04704b1f7d: new RaftServerImpl for group-D7042679C2A4:[cdfd9313-e709-45a0-aad5-fb04704b1f7d:192.168.151.75:43040] with ContainerStateMachine:uninitialized
2019-10-07 22:21:27,622 [pool-37-thread-1] INFO  server.RaftServerConfigKeys (ConfUtils.java:logGet(43)) - raft.server.rpc.timeout.min = 5s (custom)
2019-10-07 22:21:27,622 [pool-37-thread-1] INFO  server.RaftServerConfigKeys (ConfUtils.java:logGet(43)) - raft.server.rpc.timeout.max = 5200ms (custom)
2019-10-07 22:21:27,622 [pool-37-thread-1] INFO  server.RaftServerConfigKeys (ConfUtils.java:logGet(43)) - raft.server.rpcslowness.timeout = 120s (custom)
2019-10-07 22:21:27,623 [pool-37-thread-1] INFO  server.RaftServerConfigKeys (ConfUtils.java:logGet(43)) - raft.server.sleep.deviation.threshold = 300 (default)
2019-10-07 22:21:27,623 [pool-37-thread-1] INFO  server.RaftServerConfigKeys (ConfUtils.java:logGet(43)) - raft.server.log.appender.install.snapshot.enabled = false (custom)
2019-10-07 22:21:27,623 [pool-37-thread-1] INFO  impl.RaftServerImpl (ServerState.java:<init>(103)) - cdfd9313-e709-45a0-aad5-fb04704b1f7d@group-D7042679C2A4: ConfigurationManager, init=-1: [cdfd9313-e709-45a0-aad5-fb04704b1f7d:192.168.151.75:43040], old=null, confs=<EMPTY_MAP>
2019-10-07 22:21:27,624 [pool-37-thread-1] INFO  server.RaftServerConfigKeys (ConfUtils.java:logGet(43)) - raft.server.storage.dir = [/workdir/hadoop-ozone/integration-test/target/test-dir/MiniOzoneClusterImpl-e98591d2-3ad0-4fa0-a2a5-26850085fcad/datanode-1/data/ratis] (custom)
2019-10-07 22:21:27,624 [pool-37-thread-1] INFO  server.RaftServerConfigKeys (ConfUtils.java:logGet(43)) - raft.server.log.corruption.policy = EXCEPTION (default)
2019-10-07 22:21:27,624 [pool-37-thread-1] INFO  storage.RaftStorageDirectory (RaftStorageDirectory.java:analyzeStorage(246)) - The storage directory /workdir/hadoop-ozone/integration-test/target/test-dir/MiniOzoneClusterImpl-e98591d2-3ad0-4fa0-a2a5-26850085fcad/datanode-1/data/ratis/26b9e6d2-b093-4c91-8711-d7042679c2a4 does not exist. Creating ...
2019-10-07 22:21:27,650 [pool-37-thread-1] INFO  storage.RaftStorageDirectory (RaftStorageDirectory.java:tryLock(328)) - Lock on /workdir/hadoop-ozone/integration-test/target/test-dir/MiniOzoneClusterImpl-e98591d2-3ad0-4fa0-a2a5-26850085fcad/datanode-1/data/ratis/26b9e6d2-b093-4c91-8711-d7042679c2a4/in_use.lock acquired by nodename 21146@pr-hdds-1868-k864b-3611000933
2019-10-07 22:21:27,663 [pool-37-thread-1] INFO  storage.RaftStorage (RaftStorage.java:format(84)) - Storage directory /workdir/hadoop-ozone/integration-test/target/test-dir/MiniOzoneClusterImpl-e98591d2-3ad0-4fa0-a2a5-26850085fcad/datanode-1/data/ratis/26b9e6d2-b093-4c91-8711-d7042679c2a4 has been successfully formatted.
2019-10-07 22:21:27,664 [pool-37-thread-1] INFO  ratis.ContainerStateMachine (ContainerStateMachine.java:loadSnapshot(233)) - group-D7042679C2A4: The snapshot info is null. Setting the last applied indexto:(t:0, i:~)
2019-10-07 22:21:27,666 [pool-37-thread-1] INFO  server.RaftServerConfigKeys (ConfUtils.java:logGet(43)) - raft.server.notification.no-leader.timeout = 120s (custom)
2019-10-07 22:21:27,666 [pool-37-thread-1] INFO  server.RaftServerConfigKeys (ConfUtils.java:logGet(43)) - raft.server.log.use.memory = false (default)
2019-10-07 22:21:27,666 [pool-37-thread-1] INFO  server.RaftServerConfigKeys (ConfUtils.java:logGet(43)) - raft.server.log.purge.gap = 1000000 (custom)
2019-10-07 22:21:27,666 [pool-37-thread-1] INFO  server.RaftServerConfigKeys (ConfUtils.java:logGet(43)) - raft.server.log.appender.buffer.byte-limit = 33554432 (custom)
2019-10-07 22:21:27,667 [pool-37-thread-1] INFO  server.RaftServerConfigKeys (ConfUtils.java:logGet(43)) - raft.server.log.segment.size.max = 1048576 (custom)
2019-10-07 22:21:27,673 [pool-37-thread-1] INFO  server.RaftServerConfigKeys (ConfUtils.java:logGet(43)) - raft.server.log.segment.cache.num.max = 2 (custom)
2019-10-07 22:21:27,673 [pool-37-thread-1] INFO  segmented.SegmentedRaftLogWorker (SegmentedRaftLogWorker.java:<init>(173)) - new cdfd9313-e709-45a0-aad5-fb04704b1f7d@group-D7042679C2A4-SegmentedRaftLogWorker for RaftStorage:Storage Directory /workdir/hadoop-ozone/integration-test/target/test-dir/MiniOzoneClusterImpl-e98591d2-3ad0-4fa0-a2a5-26850085fcad/datanode-1/data/ratis/26b9e6d2-b093-4c91-8711-d7042679c2a4
2019-10-07 22:21:27,674 [pool-37-thread-1] INFO  server.RaftServerConfigKeys (ConfUtils.java:logGet(43)) - raft.server.log.queue.byte-limit = 2147483647 (custom)
2019-10-07 22:21:27,675 [pool-37-thread-1] INFO  server.RaftServerConfigKeys (ConfUtils.java:logGet(43)) - raft.server.log.queue.element-limit = 1024 (custom)
2019-10-07 22:21:27,675 [pool-37-thread-1] INFO  server.RaftServerConfigKeys (ConfUtils.java:logGet(43)) - raft.server.log.segment.size.max = 1048576 (custom)
2019-10-07 22:21:27,675 [pool-37-thread-1] INFO  server.RaftServerConfigKeys (ConfUtils.java:logGet(43)) - raft.server.log.preallocated.size = 16384 (custom)
2019-10-07 22:21:27,675 [pool-37-thread-1] INFO  server.RaftServerConfigKeys (ConfUtils.java:logGet(43)) - raft.server.log.write.buffer.size = 33554432 (custom)
2019-10-07 22:21:27,675 [pool-37-thread-1] INFO  server.RaftServerConfigKeys (ConfUtils.java:logGet(43)) - raft.server.log.force.sync.num = 128 (default)
2019-10-07 22:21:27,676 [pool-37-thread-1] INFO  server.RaftServerConfigKeys (ConfUtils.java:logGet(43)) - raft.server.log.statemachine.data.sync = true (default)
2019-10-07 22:21:27,676 [pool-37-thread-1] INFO  server.RaftServerConfigKeys (ConfUtils.java:logGet(43)) - raft.server.log.statemachine.data.sync.timeout = 10s (default)
2019-10-07 22:21:27,676 [pool-37-thread-1] INFO  server.RaftServerConfigKeys (ConfUtils.java:logGet(43)) - raft.server.log.statemachine.data.sync.timeout.retry = -1 (default)
2019-10-07 22:21:27,677 [pool-37-thread-1] INFO  server.RaftServerConfigKeys (ConfUtils.java:logGet(43)) - raft.server.log.statemachine.data.caching.enabled = true (custom)
2019-10-07 22:21:27,678 [pool-37-thread-1] INFO  segmented.SegmentedRaftLogWorker (SegmentedRaftLogWorker.java:lambda$new$0(128)) - cdfd9313-e709-45a0-aad5-fb04704b1f7d@group-D7042679C2A4-SegmentedRaftLogWorker: flushIndex: setUnconditionally 0 -> -1
2019-10-07 22:21:27,678 [pool-37-thread-1] INFO  server.RaftServerConfigKeys (ConfUtils.java:logGet(43)) - raft.server.snapshot.auto.trigger.enabled = true (custom)
2019-10-07 22:21:27,678 [pool-37-thread-1] INFO  server.RaftServerConfigKeys (ConfUtils.java:logGet(43)) - raft.server.snapshot.auto.trigger.threshold = 10000 (custom)
2019-10-07 22:21:27,679 [pool-37-thread-1] INFO  server.RaftServerConfigKeys (ConfUtils.java:logGet(43)) - raft.server.snapshot.retention.file.num = 5 (custom)
2019-10-07 22:21:27,679 [pool-37-thread-1] INFO  server.RaftServerConfigKeys (ConfUtils.java:logGet(43)) - raft.server.retrycache.expirytime = 600000ms (custom)
2019-10-07 22:21:27,685 [pool-37-thread-1] INFO  impl.RaftServerImpl (RaftServerImpl.java:start(181)) - cdfd9313-e709-45a0-aad5-fb04704b1f7d@group-D7042679C2A4: start as a follower, conf=-1: [cdfd9313-e709-45a0-aad5-fb04704b1f7d:192.168.151.75:43040], old=null
2019-10-07 22:21:27,685 [pool-37-thread-1] INFO  impl.RaftServerImpl (RaftServerImpl.java:setRole(170)) - cdfd9313-e709-45a0-aad5-fb04704b1f7d@group-D7042679C2A4: changes role from      null to FOLLOWER at term 0 for startAsFollower
2019-10-07 22:21:27,685 [pool-37-thread-1] INFO  impl.RoleInfo (RoleInfo.java:updateAndGet(143)) - cdfd9313-e709-45a0-aad5-fb04704b1f7d: start FollowerState
2019-10-07 22:21:27,687 [pool-37-thread-1] INFO  util.JmxRegister (JmxRegister.java:tryRegister(44)) - Successfully registered JMX Bean with object name Ratis:service=RaftServer,group=group-D7042679C2A4,id=cdfd9313-e709-45a0-aad5-fb04704b1f7d
2019-10-07 22:21:27,708 [RatisPipelineUtilsThread] INFO  pipeline.PipelineStateManager (PipelineStateManager.java:addPipeline(57)) - Created pipeline Pipeline[ Id: 26b9e6d2-b093-4c91-8711-d7042679c2a4, Nodes: cdfd9313-e709-45a0-aad5-fb04704b1f7d{ip: 192.168.151.75, host: pr-hdds-1868-k864b-3611000933, networkLocation: /default-rack, certSerialId: null}, Type:RATIS, Factor:ONE, State:ALLOCATED]
2019-10-07 22:21:27,729 [grpc-default-executor-0] INFO  impl.RaftServerProxy (RaftServerProxy.java:addNew(89)) - 64a59515-2969-499c-a8c6-e7b2c46355f3: addNew group-2D237D485E41:[64a59515-2969-499c-a8c6-e7b2c46355f3:192.168.151.75:44677] returns group-2D237D485E41:java.util.concurrent.CompletableFuture@3d8b8ca8[Not completed]
2019-10-07 22:21:27,747 [pool-47-thread-1] INFO  impl.RaftServerImpl (RaftServerImpl.java:<init>(95)) - 64a59515-2969-499c-a8c6-e7b2c46355f3: new RaftServerImpl for group-2D237D485E41:[64a59515-2969-499c-a8c6-e7b2c46355f3:192.168.151.75:44677] with ContainerStateMachine:uninitialized
2019-10-07 22:21:27,748 [pool-47-thread-1] INFO  server.RaftServerConfigKeys (ConfUtils.java:logGet(43)) - raft.server.rpc.timeout.min = 5s (custom)
2019-10-07 22:21:27,748 [pool-47-thread-1] INFO  server.RaftServerConfigKeys (ConfUtils.java:logGet(43)) - raft.server.rpc.timeout.max = 5200ms (custom)
2019-10-07 22:21:27,748 [pool-47-thread-1] INFO  server.RaftServerConfigKeys (ConfUtils.java:logGet(43)) - raft.server.rpcslowness.timeout = 120s (custom)
2019-10-07 22:21:27,749 [pool-47-thread-1] INFO  server.RaftServerConfigKeys (ConfUtils.java:logGet(43)) - raft.server.sleep.deviation.threshold = 300 (default)
2019-10-07 22:21:27,749 [pool-47-thread-1] INFO  server.RaftServerConfigKeys (ConfUtils.java:logGet(43)) - raft.server.log.appender.install.snapshot.enabled = false (custom)
2019-10-07 22:21:27,749 [pool-47-thread-1] INFO  impl.RaftServerImpl (ServerState.java:<init>(103)) - 64a59515-2969-499c-a8c6-e7b2c46355f3@group-2D237D485E41: ConfigurationManager, init=-1: [64a59515-2969-499c-a8c6-e7b2c46355f3:192.168.151.75:44677], old=null, confs=<EMPTY_MAP>
2019-10-07 22:21:27,749 [pool-47-thread-1] INFO  server.RaftServerConfigKeys (ConfUtils.java:logGet(43)) - raft.server.storage.dir = [/workdir/hadoop-ozone/integration-test/target/test-dir/MiniOzoneClusterImpl-e98591d2-3ad0-4fa0-a2a5-26850085fcad/datanode-2/data/ratis] (custom)
2019-10-07 22:21:27,750 [pool-47-thread-1] INFO  server.RaftServerConfigKeys (ConfUtils.java:logGet(43)) - raft.server.log.corruption.policy = EXCEPTION (default)
2019-10-07 22:21:27,750 [pool-47-thread-1] INFO  storage.RaftStorageDirectory (RaftStorageDirectory.java:analyzeStorage(246)) - The storage directory /workdir/hadoop-ozone/integration-test/target/test-dir/MiniOzoneClusterImpl-e98591d2-3ad0-4fa0-a2a5-26850085fcad/datanode-2/data/ratis/620f0261-1e1a-4497-a662-2d237d485e41 does not exist. Creating ...
2019-10-07 22:21:27,763 [pool-47-thread-1] INFO  storage.RaftStorageDirectory (RaftStorageDirectory.java:tryLock(328)) - Lock on /workdir/hadoop-ozone/integration-test/target/test-dir/MiniOzoneClusterImpl-e98591d2-3ad0-4fa0-a2a5-26850085fcad/datanode-2/data/ratis/620f0261-1e1a-4497-a662-2d237d485e41/in_use.lock acquired by nodename 21146@pr-hdds-1868-k864b-3611000933
2019-10-07 22:21:27,776 [pool-47-thread-1] INFO  storage.RaftStorage (RaftStorage.java:format(84)) - Storage directory /workdir/hadoop-ozone/integration-test/target/test-dir/MiniOzoneClusterImpl-e98591d2-3ad0-4fa0-a2a5-26850085fcad/datanode-2/data/ratis/620f0261-1e1a-4497-a662-2d237d485e41 has been successfully formatted.
2019-10-07 22:21:27,776 [pool-47-thread-1] INFO  ratis.ContainerStateMachine (ContainerStateMachine.java:loadSnapshot(233)) - group-2D237D485E41: The snapshot info is null. Setting the last applied indexto:(t:0, i:~)
2019-10-07 22:21:27,776 [pool-47-thread-1] INFO  server.RaftServerConfigKeys (ConfUtils.java:logGet(43)) - raft.server.notification.no-leader.timeout = 120s (custom)
2019-10-07 22:21:27,777 [pool-47-thread-1] INFO  server.RaftServerConfigKeys (ConfUtils.java:logGet(43)) - raft.server.log.use.memory = false (default)
2019-10-07 22:21:27,777 [pool-47-thread-1] INFO  server.RaftServerConfigKeys (ConfUtils.java:logGet(43)) - raft.server.log.purge.gap = 1000000 (custom)
2019-10-07 22:21:27,777 [pool-47-thread-1] INFO  server.RaftServerConfigKeys (ConfUtils.java:logGet(43)) - raft.server.log.appender.buffer.byte-limit = 33554432 (custom)
2019-10-07 22:21:27,777 [pool-47-thread-1] INFO  server.RaftServerConfigKeys (ConfUtils.java:logGet(43)) - raft.server.log.segment.size.max = 1048576 (custom)
2019-10-07 22:21:27,804 [pool-47-thread-1] INFO  server.RaftServerConfigKeys (ConfUtils.java:logGet(43)) - raft.server.log.segment.cache.num.max = 2 (custom)
2019-10-07 22:21:27,805 [pool-47-thread-1] INFO  segmented.SegmentedRaftLogWorker (SegmentedRaftLogWorker.java:<init>(173)) - new 64a59515-2969-499c-a8c6-e7b2c46355f3@group-2D237D485E41-SegmentedRaftLogWorker for RaftStorage:Storage Directory /workdir/hadoop-ozone/integration-test/target/test-dir/MiniOzoneClusterImpl-e98591d2-3ad0-4fa0-a2a5-26850085fcad/datanode-2/data/ratis/620f0261-1e1a-4497-a662-2d237d485e41
2019-10-07 22:21:27,805 [pool-47-thread-1] INFO  server.RaftServerConfigKeys (ConfUtils.java:logGet(43)) - raft.server.log.queue.byte-limit = 2147483647 (custom)
2019-10-07 22:21:27,805 [pool-47-thread-1] INFO  server.RaftServerConfigKeys (ConfUtils.java:logGet(43)) - raft.server.log.queue.element-limit = 1024 (custom)
2019-10-07 22:21:27,805 [pool-47-thread-1] INFO  server.RaftServerConfigKeys (ConfUtils.java:logGet(43)) - raft.server.log.segment.size.max = 1048576 (custom)
2019-10-07 22:21:27,805 [pool-47-thread-1] INFO  server.RaftServerConfigKeys (ConfUtils.java:logGet(43)) - raft.server.log.preallocated.size = 16384 (custom)
2019-10-07 22:21:27,806 [pool-47-thread-1] INFO  server.RaftServerConfigKeys (ConfUtils.java:logGet(43)) - raft.server.log.write.buffer.size = 33554432 (custom)
2019-10-07 22:21:27,806 [pool-47-thread-1] INFO  server.RaftServerConfigKeys (ConfUtils.java:logGet(43)) - raft.server.log.force.sync.num = 128 (default)
2019-10-07 22:21:27,806 [pool-47-thread-1] INFO  server.RaftServerConfigKeys (ConfUtils.java:logGet(43)) - raft.server.log.statemachine.data.sync = true (default)
2019-10-07 22:21:27,806 [pool-47-thread-1] INFO  server.RaftServerConfigKeys (ConfUtils.java:logGet(43)) - raft.server.log.statemachine.data.sync.timeout = 10s (default)
2019-10-07 22:21:27,807 [pool-47-thread-1] INFO  server.RaftServerConfigKeys (ConfUtils.java:logGet(43)) - raft.server.log.statemachine.data.sync.timeout.retry = -1 (default)
2019-10-07 22:21:27,808 [pool-47-thread-1] INFO  server.RaftServerConfigKeys (ConfUtils.java:logGet(43)) - raft.server.log.statemachine.data.caching.enabled = true (custom)
2019-10-07 22:21:27,808 [pool-47-thread-1] INFO  segmented.SegmentedRaftLogWorker (SegmentedRaftLogWorker.java:lambda$new$0(128)) - 64a59515-2969-499c-a8c6-e7b2c46355f3@group-2D237D485E41-SegmentedRaftLogWorker: flushIndex: setUnconditionally 0 -> -1
2019-10-07 22:21:27,808 [pool-47-thread-1] INFO  server.RaftServerConfigKeys (ConfUtils.java:logGet(43)) - raft.server.snapshot.auto.trigger.enabled = true (custom)
2019-10-07 22:21:27,809 [pool-47-thread-1] INFO  server.RaftServerConfigKeys (ConfUtils.java:logGet(43)) - raft.server.snapshot.auto.trigger.threshold = 10000 (custom)
2019-10-07 22:21:27,809 [pool-47-thread-1] INFO  server.RaftServerConfigKeys (ConfUtils.java:logGet(43)) - raft.server.snapshot.retention.file.num = 5 (custom)
2019-10-07 22:21:27,809 [pool-47-thread-1] INFO  server.RaftServerConfigKeys (ConfUtils.java:logGet(43)) - raft.server.retrycache.expirytime = 600000ms (custom)
2019-10-07 22:21:27,814 [pool-47-thread-1] INFO  impl.RaftServerImpl (RaftServerImpl.java:start(181)) - 64a59515-2969-499c-a8c6-e7b2c46355f3@group-2D237D485E41: start as a follower, conf=-1: [64a59515-2969-499c-a8c6-e7b2c46355f3:192.168.151.75:44677], old=null
2019-10-07 22:21:27,815 [pool-47-thread-1] INFO  impl.RaftServerImpl (RaftServerImpl.java:setRole(170)) - 64a59515-2969-499c-a8c6-e7b2c46355f3@group-2D237D485E41: changes role from      null to FOLLOWER at term 0 for startAsFollower
2019-10-07 22:21:27,815 [pool-47-thread-1] INFO  impl.RoleInfo (RoleInfo.java:updateAndGet(143)) - 64a59515-2969-499c-a8c6-e7b2c46355f3: start FollowerState
2019-10-07 22:21:27,815 [pool-47-thread-1] INFO  util.JmxRegister (JmxRegister.java:tryRegister(44)) - Successfully registered JMX Bean with object name Ratis:service=RaftServer,group=group-2D237D485E41,id=64a59515-2969-499c-a8c6-e7b2c46355f3
2019-10-07 22:21:27,833 [RatisPipelineUtilsThread] INFO  pipeline.PipelineStateManager (PipelineStateManager.java:addPipeline(57)) - Created pipeline Pipeline[ Id: 620f0261-1e1a-4497-a662-2d237d485e41, Nodes: 64a59515-2969-499c-a8c6-e7b2c46355f3{ip: 192.168.151.75, host: pr-hdds-1868-k864b-3611000933, networkLocation: /default-rack, certSerialId: null}, Type:RATIS, Factor:ONE, State:ALLOCATED]
2019-10-07 22:21:27,870 [grpc-default-executor-2] INFO  impl.RaftServerProxy (RaftServerProxy.java:addNew(89)) - 06380598-6755-4f22-bec2-9517843746f9: addNew group-03757FF600E1:[06380598-6755-4f22-bec2-9517843746f9:192.168.151.75:43260, 64a59515-2969-499c-a8c6-e7b2c46355f3:192.168.151.75:44677, cdfd9313-e709-45a0-aad5-fb04704b1f7d:192.168.151.75:43040] returns group-03757FF600E1:java.util.concurrent.CompletableFuture@16f41d7[Not completed]
2019-10-07 22:21:27,870 [grpc-default-executor-1] INFO  impl.RaftServerProxy (RaftServerProxy.java:addNew(89)) - 64a59515-2969-499c-a8c6-e7b2c46355f3: addNew group-03757FF600E1:[06380598-6755-4f22-bec2-9517843746f9:192.168.151.75:43260, 64a59515-2969-499c-a8c6-e7b2c46355f3:192.168.151.75:44677, cdfd9313-e709-45a0-aad5-fb04704b1f7d:192.168.151.75:43040] returns group-03757FF600E1:java.util.concurrent.CompletableFuture@46dd4dcb[Not completed]
2019-10-07 22:21:27,870 [grpc-default-executor-0] INFO  impl.RaftServerProxy (RaftServerProxy.java:addNew(89)) - cdfd9313-e709-45a0-aad5-fb04704b1f7d: addNew group-03757FF600E1:[06380598-6755-4f22-bec2-9517843746f9:192.168.151.75:43260, 64a59515-2969-499c-a8c6-e7b2c46355f3:192.168.151.75:44677, cdfd9313-e709-45a0-aad5-fb04704b1f7d:192.168.151.75:43040] returns group-03757FF600E1:java.util.concurrent.CompletableFuture@428f24ea[Not completed]
2019-10-07 22:21:27,873 [pool-27-thread-1] INFO  impl.RaftServerImpl (RaftServerImpl.java:<init>(95)) - 06380598-6755-4f22-bec2-9517843746f9: new RaftServerImpl for group-03757FF600E1:[06380598-6755-4f22-bec2-9517843746f9:192.168.151.75:43260, 64a59515-2969-499c-a8c6-e7b2c46355f3:192.168.151.75:44677, cdfd9313-e709-45a0-aad5-fb04704b1f7d:192.168.151.75:43040] with ContainerStateMachine:uninitialized
2019-10-07 22:21:27,873 [pool-27-thread-1] INFO  server.RaftServerConfigKeys (ConfUtils.java:logGet(43)) - raft.server.rpc.timeout.min = 5s (custom)
2019-10-07 22:21:27,874 [pool-27-thread-1] INFO  server.RaftServerConfigKeys (ConfUtils.java:logGet(43)) - raft.server.rpc.timeout.max = 5200ms (custom)
2019-10-07 22:21:27,874 [pool-27-thread-1] INFO  server.RaftServerConfigKeys (ConfUtils.java:logGet(43)) - raft.server.rpcslowness.timeout = 120s (custom)
2019-10-07 22:21:27,874 [pool-27-thread-1] INFO  server.RaftServerConfigKeys (ConfUtils.java:logGet(43)) - raft.server.sleep.deviation.threshold = 300 (default)
2019-10-07 22:21:27,874 [pool-27-thread-1] INFO  server.RaftServerConfigKeys (ConfUtils.java:logGet(43)) - raft.server.log.appender.install.snapshot.enabled = false (custom)
2019-10-07 22:21:27,874 [pool-37-thread-1] INFO  impl.RaftServerImpl (RaftServerImpl.java:<init>(95)) - cdfd9313-e709-45a0-aad5-fb04704b1f7d: new RaftServerImpl for group-03757FF600E1:[06380598-6755-4f22-bec2-9517843746f9:192.168.151.75:43260, 64a59515-2969-499c-a8c6-e7b2c46355f3:192.168.151.75:44677, cdfd9313-e709-45a0-aad5-fb04704b1f7d:192.168.151.75:43040] with ContainerStateMachine:uninitialized
2019-10-07 22:21:27,874 [pool-27-thread-1] INFO  impl.RaftServerImpl (ServerState.java:<init>(103)) - 06380598-6755-4f22-bec2-9517843746f9@group-03757FF600E1: ConfigurationManager, init=-1: [06380598-6755-4f22-bec2-9517843746f9:192.168.151.75:43260, 64a59515-2969-499c-a8c6-e7b2c46355f3:192.168.151.75:44677, cdfd9313-e709-45a0-aad5-fb04704b1f7d:192.168.151.75:43040], old=null, confs=<EMPTY_MAP>
2019-10-07 22:21:27,875 [pool-37-thread-1] INFO  server.RaftServerConfigKeys (ConfUtils.java:logGet(43)) - raft.server.rpc.timeout.min = 5s (custom)
2019-10-07 22:21:27,875 [pool-27-thread-1] INFO  server.RaftServerConfigKeys (ConfUtils.java:logGet(43)) - raft.server.storage.dir = [/workdir/hadoop-ozone/integration-test/target/test-dir/MiniOzoneClusterImpl-e98591d2-3ad0-4fa0-a2a5-26850085fcad/datanode-0/data/ratis] (custom)
2019-10-07 22:21:27,875 [pool-47-thread-1] INFO  impl.RaftServerImpl (RaftServerImpl.java:<init>(95)) - 64a59515-2969-499c-a8c6-e7b2c46355f3: new RaftServerImpl for group-03757FF600E1:[06380598-6755-4f22-bec2-9517843746f9:192.168.151.75:43260, 64a59515-2969-499c-a8c6-e7b2c46355f3:192.168.151.75:44677, cdfd9313-e709-45a0-aad5-fb04704b1f7d:192.168.151.75:43040] with ContainerStateMachine:uninitialized
2019-10-07 22:21:27,875 [pool-37-thread-1] INFO  server.RaftServerConfigKeys (ConfUtils.java:logGet(43)) - raft.server.rpc.timeout.max = 5200ms (custom)
2019-10-07 22:21:27,875 [pool-27-thread-1] INFO  server.RaftServerConfigKeys (ConfUtils.java:logGet(43)) - raft.server.log.corruption.policy = EXCEPTION (default)
2019-10-07 22:21:27,875 [pool-47-thread-1] INFO  server.RaftServerConfigKeys (ConfUtils.java:logGet(43)) - raft.server.rpc.timeout.min = 5s (custom)
2019-10-07 22:21:27,876 [pool-27-thread-1] INFO  storage.RaftStorageDirectory (RaftStorageDirectory.java:analyzeStorage(246)) - The storage directory /workdir/hadoop-ozone/integration-test/target/test-dir/MiniOzoneClusterImpl-e98591d2-3ad0-4fa0-a2a5-26850085fcad/datanode-0/data/ratis/344b4024-c06c-480f-b7bd-03757ff600e1 does not exist. Creating ...
2019-10-07 22:21:27,876 [pool-37-thread-1] INFO  server.RaftServerConfigKeys (ConfUtils.java:logGet(43)) - raft.server.rpcslowness.timeout = 120s (custom)
2019-10-07 22:21:27,876 [pool-47-thread-1] INFO  server.RaftServerConfigKeys (ConfUtils.java:logGet(43)) - raft.server.rpc.timeout.max = 5200ms (custom)
2019-10-07 22:21:27,876 [pool-37-thread-1] INFO  server.RaftServerConfigKeys (ConfUtils.java:logGet(43)) - raft.server.sleep.deviation.threshold = 300 (default)
2019-10-07 22:21:27,876 [pool-47-thread-1] INFO  server.RaftServerConfigKeys (ConfUtils.java:logGet(43)) - raft.server.rpcslowness.timeout = 120s (custom)
2019-10-07 22:21:27,877 [pool-37-thread-1] INFO  server.RaftServerConfigKeys (ConfUtils.java:logGet(43)) - raft.server.log.appender.install.snapshot.enabled = false (custom)
2019-10-07 22:21:27,877 [pool-47-thread-1] INFO  server.RaftServerConfigKeys (ConfUtils.java:logGet(43)) - raft.server.sleep.deviation.threshold = 300 (default)
2019-10-07 22:21:27,877 [pool-37-thread-1] INFO  impl.RaftServerImpl (ServerState.java:<init>(103)) - cdfd9313-e709-45a0-aad5-fb04704b1f7d@group-03757FF600E1: ConfigurationManager, init=-1: [06380598-6755-4f22-bec2-9517843746f9:192.168.151.75:43260, 64a59515-2969-499c-a8c6-e7b2c46355f3:192.168.151.75:44677, cdfd9313-e709-45a0-aad5-fb04704b1f7d:192.168.151.75:43040], old=null, confs=<EMPTY_MAP>
2019-10-07 22:21:27,877 [pool-47-thread-1] INFO  server.RaftServerConfigKeys (ConfUtils.java:logGet(43)) - raft.server.log.appender.install.snapshot.enabled = false (custom)
2019-10-07 22:21:27,877 [pool-47-thread-1] INFO  impl.RaftServerImpl (ServerState.java:<init>(103)) - 64a59515-2969-499c-a8c6-e7b2c46355f3@group-03757FF600E1: ConfigurationManager, init=-1: [06380598-6755-4f22-bec2-9517843746f9:192.168.151.75:43260, 64a59515-2969-499c-a8c6-e7b2c46355f3:192.168.151.75:44677, cdfd9313-e709-45a0-aad5-fb04704b1f7d:192.168.151.75:43040], old=null, confs=<EMPTY_MAP>
2019-10-07 22:21:27,877 [pool-37-thread-1] INFO  server.RaftServerConfigKeys (ConfUtils.java:logGet(43)) - raft.server.storage.dir = [/workdir/hadoop-ozone/integration-test/target/test-dir/MiniOzoneClusterImpl-e98591d2-3ad0-4fa0-a2a5-26850085fcad/datanode-1/data/ratis] (custom)
2019-10-07 22:21:27,877 [pool-47-thread-1] INFO  server.RaftServerConfigKeys (ConfUtils.java:logGet(43)) - raft.server.storage.dir = [/workdir/hadoop-ozone/integration-test/target/test-dir/MiniOzoneClusterImpl-e98591d2-3ad0-4fa0-a2a5-26850085fcad/datanode-2/data/ratis] (custom)
2019-10-07 22:21:27,878 [pool-37-thread-1] INFO  server.RaftServerConfigKeys (ConfUtils.java:logGet(43)) - raft.server.log.corruption.policy = EXCEPTION (default)
2019-10-07 22:21:27,878 [pool-47-thread-1] INFO  server.RaftServerConfigKeys (ConfUtils.java:logGet(43)) - raft.server.log.corruption.policy = EXCEPTION (default)
2019-10-07 22:21:27,878 [pool-37-thread-1] INFO  storage.RaftStorageDirectory (RaftStorageDirectory.java:analyzeStorage(246)) - The storage directory /workdir/hadoop-ozone/integration-test/target/test-dir/MiniOzoneClusterImpl-e98591d2-3ad0-4fa0-a2a5-26850085fcad/datanode-1/data/ratis/344b4024-c06c-480f-b7bd-03757ff600e1 does not exist. Creating ...
2019-10-07 22:21:27,878 [pool-47-thread-1] INFO  storage.RaftStorageDirectory (RaftStorageDirectory.java:analyzeStorage(246)) - The storage directory /workdir/hadoop-ozone/integration-test/target/test-dir/MiniOzoneClusterImpl-e98591d2-3ad0-4fa0-a2a5-26850085fcad/datanode-2/data/ratis/344b4024-c06c-480f-b7bd-03757ff600e1 does not exist. Creating ...
2019-10-07 22:21:27,901 [pool-37-thread-1] INFO  storage.RaftStorageDirectory (RaftStorageDirectory.java:tryLock(328)) - Lock on /workdir/hadoop-ozone/integration-test/target/test-dir/MiniOzoneClusterImpl-e98591d2-3ad0-4fa0-a2a5-26850085fcad/datanode-1/data/ratis/344b4024-c06c-480f-b7bd-03757ff600e1/in_use.lock acquired by nodename 21146@pr-hdds-1868-k864b-3611000933
2019-10-07 22:21:27,901 [pool-47-thread-1] INFO  storage.RaftStorageDirectory (RaftStorageDirectory.java:tryLock(328)) - Lock on /workdir/hadoop-ozone/integration-test/target/test-dir/MiniOzoneClusterImpl-e98591d2-3ad0-4fa0-a2a5-26850085fcad/datanode-2/data/ratis/344b4024-c06c-480f-b7bd-03757ff600e1/in_use.lock acquired by nodename 21146@pr-hdds-1868-k864b-3611000933
2019-10-07 22:21:27,901 [pool-27-thread-1] INFO  storage.RaftStorageDirectory (RaftStorageDirectory.java:tryLock(328)) - Lock on /workdir/hadoop-ozone/integration-test/target/test-dir/MiniOzoneClusterImpl-e98591d2-3ad0-4fa0-a2a5-26850085fcad/datanode-0/data/ratis/344b4024-c06c-480f-b7bd-03757ff600e1/in_use.lock acquired by nodename 21146@pr-hdds-1868-k864b-3611000933
2019-10-07 22:21:27,928 [pool-47-thread-1] INFO  storage.RaftStorage (RaftStorage.java:format(84)) - Storage directory /workdir/hadoop-ozone/integration-test/target/test-dir/MiniOzoneClusterImpl-e98591d2-3ad0-4fa0-a2a5-26850085fcad/datanode-2/data/ratis/344b4024-c06c-480f-b7bd-03757ff600e1 has been successfully formatted.
2019-10-07 22:21:27,928 [pool-37-thread-1] INFO  storage.RaftStorage (RaftStorage.java:format(84)) - Storage directory /workdir/hadoop-ozone/integration-test/target/test-dir/MiniOzoneClusterImpl-e98591d2-3ad0-4fa0-a2a5-26850085fcad/datanode-1/data/ratis/344b4024-c06c-480f-b7bd-03757ff600e1 has been successfully formatted.
2019-10-07 22:21:27,929 [pool-47-thread-1] INFO  ratis.ContainerStateMachine (ContainerStateMachine.java:loadSnapshot(233)) - group-03757FF600E1: The snapshot info is null. Setting the last applied indexto:(t:0, i:~)
2019-10-07 22:21:27,928 [pool-27-thread-1] INFO  storage.RaftStorage (RaftStorage.java:format(84)) - Storage directory /workdir/hadoop-ozone/integration-test/target/test-dir/MiniOzoneClusterImpl-e98591d2-3ad0-4fa0-a2a5-26850085fcad/datanode-0/data/ratis/344b4024-c06c-480f-b7bd-03757ff600e1 has been successfully formatted.
2019-10-07 22:21:27,929 [pool-47-thread-1] INFO  server.RaftServerConfigKeys (ConfUtils.java:logGet(43)) - raft.server.notification.no-leader.timeout = 120s (custom)
2019-10-07 22:21:27,929 [pool-27-thread-1] INFO  ratis.ContainerStateMachine (ContainerStateMachine.java:loadSnapshot(233)) - group-03757FF600E1: The snapshot info is null. Setting the last applied indexto:(t:0, i:~)
2019-10-07 22:21:27,929 [pool-37-thread-1] INFO  ratis.ContainerStateMachine (ContainerStateMachine.java:loadSnapshot(233)) - group-03757FF600E1: The snapshot info is null. Setting the last applied indexto:(t:0, i:~)
2019-10-07 22:21:27,929 [pool-27-thread-1] INFO  server.RaftServerConfigKeys (ConfUtils.java:logGet(43)) - raft.server.notification.no-leader.timeout = 120s (custom)
2019-10-07 22:21:27,929 [pool-47-thread-1] INFO  server.RaftServerConfigKeys (ConfUtils.java:logGet(43)) - raft.server.log.use.memory = false (default)
2019-10-07 22:21:27,930 [pool-37-thread-1] INFO  server.RaftServerConfigKeys (ConfUtils.java:logGet(43)) - raft.server.notification.no-leader.timeout = 120s (custom)
2019-10-07 22:21:27,930 [pool-27-thread-1] INFO  server.RaftServerConfigKeys (ConfUtils.java:logGet(43)) - raft.server.log.use.memory = false (default)
2019-10-07 22:21:27,930 [pool-37-thread-1] INFO  server.RaftServerConfigKeys (ConfUtils.java:logGet(43)) - raft.server.log.use.memory = false (default)
2019-10-07 22:21:27,930 [pool-47-thread-1] INFO  server.RaftServerConfigKeys (ConfUtils.java:logGet(43)) - raft.server.log.purge.gap = 1000000 (custom)
2019-10-07 22:21:27,930 [pool-37-thread-1] INFO  server.RaftServerConfigKeys (ConfUtils.java:logGet(43)) - raft.server.log.purge.gap = 1000000 (custom)
2019-10-07 22:21:27,930 [pool-27-thread-1] INFO  server.RaftServerConfigKeys (ConfUtils.java:logGet(43)) - raft.server.log.purge.gap = 1000000 (custom)
2019-10-07 22:21:27,930 [pool-37-thread-1] INFO  server.RaftServerConfigKeys (ConfUtils.java:logGet(43)) - raft.server.log.appender.buffer.byte-limit = 33554432 (custom)
2019-10-07 22:21:27,930 [pool-47-thread-1] INFO  server.RaftServerConfigKeys (ConfUtils.java:logGet(43)) - raft.server.log.appender.buffer.byte-limit = 33554432 (custom)
2019-10-07 22:21:27,931 [pool-37-thread-1] INFO  server.RaftServerConfigKeys (ConfUtils.java:logGet(43)) - raft.server.log.segment.size.max = 1048576 (custom)
2019-10-07 22:21:27,931 [pool-27-thread-1] INFO  server.RaftServerConfigKeys (ConfUtils.java:logGet(43)) - raft.server.log.appender.buffer.byte-limit = 33554432 (custom)
2019-10-07 22:21:27,931 [pool-37-thread-1] INFO  server.RaftServerConfigKeys (ConfUtils.java:logGet(43)) - raft.server.log.segment.cache.num.max = 2 (custom)
2019-10-07 22:21:27,931 [pool-47-thread-1] INFO  server.RaftServerConfigKeys (ConfUtils.java:logGet(43)) - raft.server.log.segment.size.max = 1048576 (custom)
2019-10-07 22:21:27,931 [pool-37-thread-1] INFO  segmented.SegmentedRaftLogWorker (SegmentedRaftLogWorker.java:<init>(173)) - new cdfd9313-e709-45a0-aad5-fb04704b1f7d@group-03757FF600E1-SegmentedRaftLogWorker for RaftStorage:Storage Directory /workdir/hadoop-ozone/integration-test/target/test-dir/MiniOzoneClusterImpl-e98591d2-3ad0-4fa0-a2a5-26850085fcad/datanode-1/data/ratis/344b4024-c06c-480f-b7bd-03757ff600e1
2019-10-07 22:21:27,931 [pool-27-thread-1] INFO  server.RaftServerConfigKeys (ConfUtils.java:logGet(43)) - raft.server.log.segment.size.max = 1048576 (custom)
2019-10-07 22:21:27,932 [pool-37-thread-1] INFO  server.RaftServerConfigKeys (ConfUtils.java:logGet(43)) - raft.server.log.queue.byte-limit = 2147483647 (custom)
2019-10-07 22:21:27,932 [pool-47-thread-1] INFO  server.RaftServerConfigKeys (ConfUtils.java:logGet(43)) - raft.server.log.segment.cache.num.max = 2 (custom)
2019-10-07 22:21:27,932 [pool-37-thread-1] INFO  server.RaftServerConfigKeys (ConfUtils.java:logGet(43)) - raft.server.log.queue.element-limit = 1024 (custom)
2019-10-07 22:21:27,932 [pool-27-thread-1] INFO  server.RaftServerConfigKeys (ConfUtils.java:logGet(43)) - raft.server.log.segment.cache.num.max = 2 (custom)
2019-10-07 22:21:27,932 [pool-37-thread-1] INFO  server.RaftServerConfigKeys (ConfUtils.java:logGet(43)) - raft.server.log.segment.size.max = 1048576 (custom)
2019-10-07 22:21:27,932 [pool-47-thread-1] INFO  segmented.SegmentedRaftLogWorker (SegmentedRaftLogWorker.java:<init>(173)) - new 64a59515-2969-499c-a8c6-e7b2c46355f3@group-03757FF600E1-SegmentedRaftLogWorker for RaftStorage:Storage Directory /workdir/hadoop-ozone/integration-test/target/test-dir/MiniOzoneClusterImpl-e98591d2-3ad0-4fa0-a2a5-26850085fcad/datanode-2/data/ratis/344b4024-c06c-480f-b7bd-03757ff600e1
2019-10-07 22:21:27,933 [pool-37-thread-1] INFO  server.RaftServerConfigKeys (ConfUtils.java:logGet(43)) - raft.server.log.preallocated.size = 16384 (custom)
2019-10-07 22:21:27,932 [pool-27-thread-1] INFO  segmented.SegmentedRaftLogWorker (SegmentedRaftLogWorker.java:<init>(173)) - new 06380598-6755-4f22-bec2-9517843746f9@group-03757FF600E1-SegmentedRaftLogWorker for RaftStorage:Storage Directory /workdir/hadoop-ozone/integration-test/target/test-dir/MiniOzoneClusterImpl-e98591d2-3ad0-4fa0-a2a5-26850085fcad/datanode-0/data/ratis/344b4024-c06c-480f-b7bd-03757ff600e1
2019-10-07 22:21:27,933 [pool-37-thread-1] INFO  server.RaftServerConfigKeys (ConfUtils.java:logGet(43)) - raft.server.log.write.buffer.size = 33554432 (custom)
2019-10-07 22:21:27,933 [pool-47-thread-1] INFO  server.RaftServerConfigKeys (ConfUtils.java:logGet(43)) - raft.server.log.queue.byte-limit = 2147483647 (custom)
2019-10-07 22:21:27,933 [pool-37-thread-1] INFO  server.RaftServerConfigKeys (ConfUtils.java:logGet(43)) - raft.server.log.force.sync.num = 128 (default)
2019-10-07 22:21:27,933 [pool-27-thread-1] INFO  server.RaftServerConfigKeys (ConfUtils.java:logGet(43)) - raft.server.log.queue.byte-limit = 2147483647 (custom)
2019-10-07 22:21:27,934 [pool-37-thread-1] INFO  server.RaftServerConfigKeys (ConfUtils.java:logGet(43)) - raft.server.log.statemachine.data.sync = true (default)
2019-10-07 22:21:27,933 [pool-47-thread-1] INFO  server.RaftServerConfigKeys (ConfUtils.java:logGet(43)) - raft.server.log.queue.element-limit = 1024 (custom)
2019-10-07 22:21:27,934 [pool-37-thread-1] INFO  server.RaftServerConfigKeys (ConfUtils.java:logGet(43)) - raft.server.log.statemachine.data.sync.timeout = 10s (default)
2019-10-07 22:21:27,934 [pool-27-thread-1] INFO  server.RaftServerConfigKeys (ConfUtils.java:logGet(43)) - raft.server.log.queue.element-limit = 1024 (custom)
2019-10-07 22:21:27,934 [pool-37-thread-1] INFO  server.RaftServerConfigKeys (ConfUtils.java:logGet(43)) - raft.server.log.statemachine.data.sync.timeout.retry = -1 (default)
2019-10-07 22:21:27,934 [pool-47-thread-1] INFO  server.RaftServerConfigKeys (ConfUtils.java:logGet(43)) - raft.server.log.segment.size.max = 1048576 (custom)
2019-10-07 22:21:27,934 [pool-27-thread-1] INFO  server.RaftServerConfigKeys (ConfUtils.java:logGet(43)) - raft.server.log.segment.size.max = 1048576 (custom)
2019-10-07 22:21:27,935 [pool-47-thread-1] INFO  server.RaftServerConfigKeys (ConfUtils.java:logGet(43)) - raft.server.log.preallocated.size = 16384 (custom)
2019-10-07 22:21:27,935 [pool-37-thread-1] INFO  server.RaftServerConfigKeys (ConfUtils.java:logGet(43)) - raft.server.log.statemachine.data.caching.enabled = true (custom)
2019-10-07 22:21:27,935 [pool-47-thread-1] INFO  server.RaftServerConfigKeys (ConfUtils.java:logGet(43)) - raft.server.log.write.buffer.size = 33554432 (custom)
2019-10-07 22:21:27,935 [pool-27-thread-1] INFO  server.RaftServerConfigKeys (ConfUtils.java:logGet(43)) - raft.server.log.preallocated.size = 16384 (custom)
2019-10-07 22:21:27,935 [pool-47-thread-1] INFO  server.RaftServerConfigKeys (ConfUtils.java:logGet(43)) - raft.server.log.force.sync.num = 128 (default)
2019-10-07 22:21:27,935 [pool-37-thread-1] INFO  segmented.SegmentedRaftLogWorker (SegmentedRaftLogWorker.java:lambda$new$0(128)) - cdfd9313-e709-45a0-aad5-fb04704b1f7d@group-03757FF600E1-SegmentedRaftLogWorker: flushIndex: setUnconditionally 0 -> -1
2019-10-07 22:21:27,935 [pool-27-thread-1] INFO  server.RaftServerConfigKeys (ConfUtils.java:logGet(43)) - raft.server.log.write.buffer.size = 33554432 (custom)
2019-10-07 22:21:27,935 [pool-47-thread-1] INFO  server.RaftServerConfigKeys (ConfUtils.java:logGet(43)) - raft.server.log.statemachine.data.sync = true (default)
2019-10-07 22:21:27,936 [pool-27-thread-1] INFO  server.RaftServerConfigKeys (ConfUtils.java:logGet(43)) - raft.server.log.force.sync.num = 128 (default)
2019-10-07 22:21:27,936 [pool-47-thread-1] INFO  server.RaftServerConfigKeys (ConfUtils.java:logGet(43)) - raft.server.log.statemachine.data.sync.timeout = 10s (default)
2019-10-07 22:21:27,936 [pool-37-thread-1] INFO  server.RaftServerConfigKeys (ConfUtils.java:logGet(43)) - raft.server.snapshot.auto.trigger.enabled = true (custom)
2019-10-07 22:21:27,936 [pool-47-thread-1] INFO  server.RaftServerConfigKeys (ConfUtils.java:logGet(43)) - raft.server.log.statemachine.data.sync.timeout.retry = -1 (default)
2019-10-07 22:21:27,936 [pool-27-thread-1] INFO  server.RaftServerConfigKeys (ConfUtils.java:logGet(43)) - raft.server.log.statemachine.data.sync = true (default)
2019-10-07 22:21:27,936 [pool-37-thread-1] INFO  server.RaftServerConfigKeys (ConfUtils.java:logGet(43)) - raft.server.snapshot.auto.trigger.threshold = 10000 (custom)
2019-10-07 22:21:27,937 [pool-47-thread-1] INFO  server.RaftServerConfigKeys (ConfUtils.java:logGet(43)) - raft.server.log.statemachine.data.caching.enabled = true (custom)
2019-10-07 22:21:27,937 [pool-27-thread-1] INFO  server.RaftServerConfigKeys (ConfUtils.java:logGet(43)) - raft.server.log.statemachine.data.sync.timeout = 10s (default)
2019-10-07 22:21:27,937 [pool-37-thread-1] INFO  server.RaftServerConfigKeys (ConfUtils.java:logGet(43)) - raft.server.snapshot.retention.file.num = 5 (custom)
2019-10-07 22:21:27,937 [pool-47-thread-1] INFO  segmented.SegmentedRaftLogWorker (SegmentedRaftLogWorker.java:lambda$new$0(128)) - 64a59515-2969-499c-a8c6-e7b2c46355f3@group-03757FF600E1-SegmentedRaftLogWorker: flushIndex: setUnconditionally 0 -> -1
2019-10-07 22:21:27,937 [pool-27-thread-1] INFO  server.RaftServerConfigKeys (ConfUtils.java:logGet(43)) - raft.server.log.statemachine.data.sync.timeout.retry = -1 (default)
2019-10-07 22:21:27,937 [pool-37-thread-1] INFO  server.RaftServerConfigKeys (ConfUtils.java:logGet(43)) - raft.server.retrycache.expirytime = 600000ms (custom)
2019-10-07 22:21:27,937 [pool-47-thread-1] INFO  server.RaftServerConfigKeys (ConfUtils.java:logGet(43)) - raft.server.snapshot.auto.trigger.enabled = true (custom)
2019-10-07 22:21:27,937 [pool-27-thread-1] INFO  server.RaftServerConfigKeys (ConfUtils.java:logGet(43)) - raft.server.log.statemachine.data.caching.enabled = true (custom)
2019-10-07 22:21:27,938 [pool-47-thread-1] INFO  server.RaftServerConfigKeys (ConfUtils.java:logGet(43)) - raft.server.snapshot.auto.trigger.threshold = 10000 (custom)
2019-10-07 22:21:27,938 [pool-27-thread-1] INFO  segmented.SegmentedRaftLogWorker (SegmentedRaftLogWorker.java:lambda$new$0(128)) - 06380598-6755-4f22-bec2-9517843746f9@group-03757FF600E1-SegmentedRaftLogWorker: flushIndex: setUnconditionally 0 -> -1
2019-10-07 22:21:27,938 [pool-47-thread-1] INFO  server.RaftServerConfigKeys (ConfUtils.java:logGet(43)) - raft.server.snapshot.retention.file.num = 5 (custom)
2019-10-07 22:21:27,938 [pool-27-thread-1] INFO  server.RaftServerConfigKeys (ConfUtils.java:logGet(43)) - raft.server.snapshot.auto.trigger.enabled = true (custom)
2019-10-07 22:21:27,938 [pool-47-thread-1] INFO  server.RaftServerConfigKeys (ConfUtils.java:logGet(43)) - raft.server.retrycache.expirytime = 600000ms (custom)
2019-10-07 22:21:27,938 [pool-27-thread-1] INFO  server.RaftServerConfigKeys (ConfUtils.java:logGet(43)) - raft.server.snapshot.auto.trigger.threshold = 10000 (custom)
2019-10-07 22:21:27,938 [pool-27-thread-1] INFO  server.RaftServerConfigKeys (ConfUtils.java:logGet(43)) - raft.server.snapshot.retention.file.num = 5 (custom)
2019-10-07 22:21:27,939 [pool-27-thread-1] INFO  server.RaftServerConfigKeys (ConfUtils.java:logGet(43)) - raft.server.retrycache.expirytime = 600000ms (custom)
2019-10-07 22:21:27,943 [pool-37-thread-1] INFO  impl.RaftServerImpl (RaftServerImpl.java:start(181)) - cdfd9313-e709-45a0-aad5-fb04704b1f7d@group-03757FF600E1: start as a follower, conf=-1: [06380598-6755-4f22-bec2-9517843746f9:192.168.151.75:43260, 64a59515-2969-499c-a8c6-e7b2c46355f3:192.168.151.75:44677, cdfd9313-e709-45a0-aad5-fb04704b1f7d:192.168.151.75:43040], old=null
2019-10-07 22:21:27,943 [pool-37-thread-1] INFO  impl.RaftServerImpl (RaftServerImpl.java:setRole(170)) - cdfd9313-e709-45a0-aad5-fb04704b1f7d@group-03757FF600E1: changes role from      null to FOLLOWER at term 0 for startAsFollower
2019-10-07 22:21:27,943 [pool-37-thread-1] INFO  impl.RoleInfo (RoleInfo.java:updateAndGet(143)) - cdfd9313-e709-45a0-aad5-fb04704b1f7d: start FollowerState
2019-10-07 22:21:27,944 [pool-27-thread-1] INFO  impl.RaftServerImpl (RaftServerImpl.java:start(181)) - 06380598-6755-4f22-bec2-9517843746f9@group-03757FF600E1: start as a follower, conf=-1: [06380598-6755-4f22-bec2-9517843746f9:192.168.151.75:43260, 64a59515-2969-499c-a8c6-e7b2c46355f3:192.168.151.75:44677, cdfd9313-e709-45a0-aad5-fb04704b1f7d:192.168.151.75:43040], old=null
2019-10-07 22:21:27,944 [pool-47-thread-1] INFO  impl.RaftServerImpl (RaftServerImpl.java:start(181)) - 64a59515-2969-499c-a8c6-e7b2c46355f3@group-03757FF600E1: start as a follower, conf=-1: [06380598-6755-4f22-bec2-9517843746f9:192.168.151.75:43260, 64a59515-2969-499c-a8c6-e7b2c46355f3:192.168.151.75:44677, cdfd9313-e709-45a0-aad5-fb04704b1f7d:192.168.151.75:43040], old=null
2019-10-07 22:21:27,944 [pool-27-thread-1] INFO  impl.RaftServerImpl (RaftServerImpl.java:setRole(170)) - 06380598-6755-4f22-bec2-9517843746f9@group-03757FF600E1: changes role from      null to FOLLOWER at term 0 for startAsFollower
2019-10-07 22:21:27,944 [pool-47-thread-1] INFO  impl.RaftServerImpl (RaftServerImpl.java:setRole(170)) - 64a59515-2969-499c-a8c6-e7b2c46355f3@group-03757FF600E1: changes role from      null to FOLLOWER at term 0 for startAsFollower
2019-10-07 22:21:27,944 [pool-37-thread-1] INFO  util.JmxRegister (JmxRegister.java:tryRegister(44)) - Successfully registered JMX Bean with object name Ratis:service=RaftServer,group=group-03757FF600E1,id=cdfd9313-e709-45a0-aad5-fb04704b1f7d
2019-10-07 22:21:27,944 [pool-47-thread-1] INFO  impl.RoleInfo (RoleInfo.java:updateAndGet(143)) - 64a59515-2969-499c-a8c6-e7b2c46355f3: start FollowerState
2019-10-07 22:21:27,944 [pool-27-thread-1] INFO  impl.RoleInfo (RoleInfo.java:updateAndGet(143)) - 06380598-6755-4f22-bec2-9517843746f9: start FollowerState
2019-10-07 22:21:27,945 [pool-27-thread-1] INFO  util.JmxRegister (JmxRegister.java:tryRegister(44)) - Successfully registered JMX Bean with object name Ratis:service=RaftServer,group=group-03757FF600E1,id=06380598-6755-4f22-bec2-9517843746f9
2019-10-07 22:21:27,945 [pool-47-thread-1] INFO  util.JmxRegister (JmxRegister.java:tryRegister(44)) - Successfully registered JMX Bean with object name Ratis:service=RaftServer,group=group-03757FF600E1,id=64a59515-2969-499c-a8c6-e7b2c46355f3
2019-10-07 22:21:27,973 [RatisPipelineUtilsThread] INFO  pipeline.PipelineStateManager (PipelineStateManager.java:addPipeline(57)) - Created pipeline Pipeline[ Id: 344b4024-c06c-480f-b7bd-03757ff600e1, Nodes: cdfd9313-e709-45a0-aad5-fb04704b1f7d{ip: 192.168.151.75, host: pr-hdds-1868-k864b-3611000933, networkLocation: /default-rack, certSerialId: null}64a59515-2969-499c-a8c6-e7b2c46355f3{ip: 192.168.151.75, host: pr-hdds-1868-k864b-3611000933, networkLocation: /default-rack, certSerialId: null}06380598-6755-4f22-bec2-9517843746f9{ip: 192.168.151.75, host: pr-hdds-1868-k864b-3611000933, networkLocation: /default-rack, certSerialId: null}, Type:RATIS, Factor:THREE, State:ALLOCATED]
2019-10-07 22:21:27,975 [main] INFO  ozone.MiniOzoneClusterImpl (MiniOzoneClusterImpl.java:lambda$waitForClusterToBeReady$2(164)) - Waiting for 4 number of pipelines out of 4, to report a leader.
2019-10-07 22:21:28,975 [main] INFO  ozone.MiniOzoneClusterImpl (MiniOzoneClusterImpl.java:lambda$waitForClusterToBeReady$2(164)) - Waiting for 4 number of pipelines out of 4, to report a leader.
2019-10-07 22:21:29,767 [Thread-178] INFO  container.ReplicationManager (ReplicationManager.java:start(162)) - Starting Replication Monitor Thread.
2019-10-07 22:21:29,770 [Thread-178] INFO  pipeline.SCMPipelineManager (SCMPipelineManager.java:finalizeAndDestroyPipeline(315)) - destroying pipeline:Pipeline[ Id: 26b9e6d2-b093-4c91-8711-d7042679c2a4, Nodes: cdfd9313-e709-45a0-aad5-fb04704b1f7d{ip: 192.168.151.75, host: pr-hdds-1868-k864b-3611000933, networkLocation: /default-rack, certSerialId: null}, Type:RATIS, Factor:ONE, State:ALLOCATED]
2019-10-07 22:21:29,770 [ReplicationMonitor] INFO  container.ReplicationManager (ReplicationManager.java:run(225)) - Replication Monitor Thread took 1 milliseconds for processing 0 containers.
2019-10-07 22:21:29,770 [Thread-178] INFO  pipeline.PipelineStateManager (PipelineStateManager.java:finalizePipeline(123)) - Pipeline Pipeline[ Id: 26b9e6d2-b093-4c91-8711-d7042679c2a4, Nodes: cdfd9313-e709-45a0-aad5-fb04704b1f7d{ip: 192.168.151.75, host: pr-hdds-1868-k864b-3611000933, networkLocation: /default-rack, certSerialId: null}, Type:RATIS, Factor:ONE, State:CLOSED] moved to CLOSED state
2019-10-07 22:21:29,794 [grpc-default-executor-2] INFO  impl.RaftServerProxy (RaftServerProxy.java:remove(95)) - cdfd9313-e709-45a0-aad5-fb04704b1f7d: remove  FOLLOWER cdfd9313-e709-45a0-aad5-fb04704b1f7d@group-D7042679C2A4:t0, leader=null, voted=null, raftlog=cdfd9313-e709-45a0-aad5-fb04704b1f7d@group-D7042679C2A4-SegmentedRaftLog:OPENED:c-1,f-1,i0, conf=-1: [cdfd9313-e709-45a0-aad5-fb04704b1f7d:192.168.151.75:43040], old=null RUNNING
2019-10-07 22:21:29,797 [grpc-default-executor-2] INFO  impl.RaftServerImpl (RaftServerImpl.java:lambda$shutdown$3(247)) - cdfd9313-e709-45a0-aad5-fb04704b1f7d@group-D7042679C2A4: shutdown
2019-10-07 22:21:29,798 [grpc-default-executor-2] INFO  util.JmxRegister (JmxRegister.java:unregister(73)) - Successfully un-registered JMX Bean with object name Ratis:service=RaftServer,group=group-D7042679C2A4,id=cdfd9313-e709-45a0-aad5-fb04704b1f7d
2019-10-07 22:21:29,798 [grpc-default-executor-2] INFO  impl.RoleInfo (RoleInfo.java:shutdownFollowerState(121)) - cdfd9313-e709-45a0-aad5-fb04704b1f7d: shutdown FollowerState
2019-10-07 22:21:29,798 [grpc-default-executor-2] INFO  impl.StateMachineUpdater (StateMachineUpdater.java:stopAndJoin(136)) - cdfd9313-e709-45a0-aad5-fb04704b1f7d@group-D7042679C2A4-StateMachineUpdater: set stopIndex = -1
2019-10-07 22:21:29,799 [Thread-183] INFO  impl.FollowerState (FollowerState.java:run(117)) - cdfd9313-e709-45a0-aad5-fb04704b1f7d@group-D7042679C2A4-FollowerState was interrupted: java.lang.InterruptedException: sleep interrupted
2019-10-07 22:21:29,801 [grpc-default-executor-2] INFO  impl.RaftServerImpl (ServerState.java:close(387)) - cdfd9313-e709-45a0-aad5-fb04704b1f7d@group-D7042679C2A4: closes. applyIndex: -1
2019-10-07 22:21:29,806 [cdfd9313-e709-45a0-aad5-fb04704b1f7d@group-D7042679C2A4-SegmentedRaftLogWorker] INFO  segmented.SegmentedRaftLogWorker (SegmentedRaftLogWorker.java:run(316)) - cdfd9313-e709-45a0-aad5-fb04704b1f7d@group-D7042679C2A4-SegmentedRaftLogWorker was interrupted, exiting. There are 0 tasks remaining in the queue.
2019-10-07 22:21:29,808 [grpc-default-executor-2] INFO  segmented.SegmentedRaftLogWorker (SegmentedRaftLogWorker.java:close(224)) - cdfd9313-e709-45a0-aad5-fb04704b1f7d@group-D7042679C2A4-SegmentedRaftLogWorker close()
2019-10-07 22:21:29,829 [Thread-178] INFO  pipeline.PipelineStateManager (PipelineStateManager.java:removePipeline(108)) - Pipeline Pipeline[ Id: 26b9e6d2-b093-4c91-8711-d7042679c2a4, Nodes: cdfd9313-e709-45a0-aad5-fb04704b1f7d{ip: 192.168.151.75, host: pr-hdds-1868-k864b-3611000933, networkLocation: /default-rack, certSerialId: null}, Type:RATIS, Factor:ONE, State:CLOSED] removed from db
2019-10-07 22:21:29,830 [Thread-178] INFO  pipeline.SCMPipelineManager (SCMPipelineManager.java:finalizeAndDestroyPipeline(315)) - destroying pipeline:Pipeline[ Id: 344b4024-c06c-480f-b7bd-03757ff600e1, Nodes: cdfd9313-e709-45a0-aad5-fb04704b1f7d{ip: 192.168.151.75, host: pr-hdds-1868-k864b-3611000933, networkLocation: /default-rack, certSerialId: null}64a59515-2969-499c-a8c6-e7b2c46355f3{ip: 192.168.151.75, host: pr-hdds-1868-k864b-3611000933, networkLocation: /default-rack, certSerialId: null}06380598-6755-4f22-bec2-9517843746f9{ip: 192.168.151.75, host: pr-hdds-1868-k864b-3611000933, networkLocation: /default-rack, certSerialId: null}, Type:RATIS, Factor:THREE, State:ALLOCATED]
2019-10-07 22:21:29,843 [grpc-default-executor-2] INFO  impl.RaftServerProxy (RaftServerProxy.java:addNew(89)) - cdfd9313-e709-45a0-aad5-fb04704b1f7d: addNew group-53A5DE1F5D7B:[cdfd9313-e709-45a0-aad5-fb04704b1f7d:192.168.151.75:43040] returns group-53A5DE1F5D7B:java.util.concurrent.CompletableFuture@6908179c[Not completed]
2019-10-07 22:21:29,844 [pool-37-thread-1] INFO  impl.RaftServerImpl (RaftServerImpl.java:<init>(95)) - cdfd9313-e709-45a0-aad5-fb04704b1f7d: new RaftServerImpl for group-53A5DE1F5D7B:[cdfd9313-e709-45a0-aad5-fb04704b1f7d:192.168.151.75:43040] with ContainerStateMachine:uninitialized
2019-10-07 22:21:29,846 [pool-37-thread-1] INFO  server.RaftServerConfigKeys (ConfUtils.java:logGet(43)) - raft.server.rpc.timeout.min = 5s (custom)
2019-10-07 22:21:29,846 [pool-37-thread-1] INFO  server.RaftServerConfigKeys (ConfUtils.java:logGet(43)) - raft.server.rpc.timeout.max = 5200ms (custom)
2019-10-07 22:21:29,846 [pool-37-thread-1] INFO  server.RaftServerConfigKeys (ConfUtils.java:logGet(43)) - raft.server.rpcslowness.timeout = 120s (custom)
2019-10-07 22:21:29,846 [pool-37-thread-1] INFO  server.RaftServerConfigKeys (ConfUtils.java:logGet(43)) - raft.server.sleep.deviation.threshold = 300 (default)
2019-10-07 22:21:29,846 [pool-37-thread-1] INFO  server.RaftServerConfigKeys (ConfUtils.java:logGet(43)) - raft.server.log.appender.install.snapshot.enabled = false (custom)
2019-10-07 22:21:29,846 [pool-37-thread-1] INFO  impl.RaftServerImpl (ServerState.java:<init>(103)) - cdfd9313-e709-45a0-aad5-fb04704b1f7d@group-53A5DE1F5D7B: ConfigurationManager, init=-1: [cdfd9313-e709-45a0-aad5-fb04704b1f7d:192.168.151.75:43040], old=null, confs=<EMPTY_MAP>
2019-10-07 22:21:29,846 [pool-37-thread-1] INFO  server.RaftServerConfigKeys (ConfUtils.java:logGet(43)) - raft.server.storage.dir = [/workdir/hadoop-ozone/integration-test/target/test-dir/MiniOzoneClusterImpl-e98591d2-3ad0-4fa0-a2a5-26850085fcad/datanode-1/data/ratis] (custom)
2019-10-07 22:21:29,847 [pool-37-thread-1] INFO  server.RaftServerConfigKeys (ConfUtils.java:logGet(43)) - raft.server.log.corruption.policy = EXCEPTION (default)
2019-10-07 22:21:29,847 [pool-37-thread-1] INFO  storage.RaftStorageDirectory (RaftStorageDirectory.java:analyzeStorage(246)) - The storage directory /workdir/hadoop-ozone/integration-test/target/test-dir/MiniOzoneClusterImpl-e98591d2-3ad0-4fa0-a2a5-26850085fcad/datanode-1/data/ratis/06987b43-e5ed-412d-b9c5-53a5de1f5d7b does not exist. Creating ...
2019-10-07 22:21:29,860 [pool-37-thread-1] INFO  storage.RaftStorageDirectory (RaftStorageDirectory.java:tryLock(328)) - Lock on /workdir/hadoop-ozone/integration-test/target/test-dir/MiniOzoneClusterImpl-e98591d2-3ad0-4fa0-a2a5-26850085fcad/datanode-1/data/ratis/06987b43-e5ed-412d-b9c5-53a5de1f5d7b/in_use.lock acquired by nodename 21146@pr-hdds-1868-k864b-3611000933
2019-10-07 22:21:29,873 [pool-37-thread-1] INFO  storage.RaftStorage (RaftStorage.java:format(84)) - Storage directory /workdir/hadoop-ozone/integration-test/target/test-dir/MiniOzoneClusterImpl-e98591d2-3ad0-4fa0-a2a5-26850085fcad/datanode-1/data/ratis/06987b43-e5ed-412d-b9c5-53a5de1f5d7b has been successfully formatted.
2019-10-07 22:21:29,874 [pool-37-thread-1] INFO  ratis.ContainerStateMachine (ContainerStateMachine.java:loadSnapshot(233)) - group-53A5DE1F5D7B: The snapshot info is null. Setting the last applied indexto:(t:0, i:~)
2019-10-07 22:21:29,874 [pool-37-thread-1] INFO  server.RaftServerConfigKeys (ConfUtils.java:logGet(43)) - raft.server.notification.no-leader.timeout = 120s (custom)
2019-10-07 22:21:29,874 [pool-37-thread-1] INFO  server.RaftServerConfigKeys (ConfUtils.java:logGet(43)) - raft.server.log.use.memory = false (default)
2019-10-07 22:21:29,874 [pool-37-thread-1] INFO  server.RaftServerConfigKeys (ConfUtils.java:logGet(43)) - raft.server.log.purge.gap = 1000000 (custom)
2019-10-07 22:21:29,874 [pool-37-thread-1] INFO  server.RaftServerConfigKeys (ConfUtils.java:logGet(43)) - raft.server.log.appender.buffer.byte-limit = 33554432 (custom)
2019-10-07 22:21:29,874 [pool-37-thread-1] INFO  server.RaftServerConfigKeys (ConfUtils.java:logGet(43)) - raft.server.log.segment.size.max = 1048576 (custom)
2019-10-07 22:21:29,874 [pool-37-thread-1] INFO  server.RaftServerConfigKeys (ConfUtils.java:logGet(43)) - raft.server.log.segment.cache.num.max = 2 (custom)
2019-10-07 22:21:29,875 [pool-37-thread-1] INFO  segmented.SegmentedRaftLogWorker (SegmentedRaftLogWorker.java:<init>(173)) - new cdfd9313-e709-45a0-aad5-fb04704b1f7d@group-53A5DE1F5D7B-SegmentedRaftLogWorker for RaftStorage:Storage Directory /workdir/hadoop-ozone/integration-test/target/test-dir/MiniOzoneClusterImpl-e98591d2-3ad0-4fa0-a2a5-26850085fcad/datanode-1/data/ratis/06987b43-e5ed-412d-b9c5-53a5de1f5d7b
2019-10-07 22:21:29,875 [pool-37-thread-1] INFO  server.RaftServerConfigKeys (ConfUtils.java:logGet(43)) - raft.server.log.queue.byte-limit = 2147483647 (custom)
2019-10-07 22:21:29,875 [pool-37-thread-1] INFO  server.RaftServerConfigKeys (ConfUtils.java:logGet(43)) - raft.server.log.queue.element-limit = 1024 (custom)
2019-10-07 22:21:29,875 [pool-37-thread-1] INFO  server.RaftServerConfigKeys (ConfUtils.java:logGet(43)) - raft.server.log.segment.size.max = 1048576 (custom)
2019-10-07 22:21:29,875 [pool-37-thread-1] INFO  server.RaftServerConfigKeys (ConfUtils.java:logGet(43)) - raft.server.log.preallocated.size = 16384 (custom)
2019-10-07 22:21:29,875 [pool-37-thread-1] INFO  server.RaftServerConfigKeys (ConfUtils.java:logGet(43)) - raft.server.log.write.buffer.size = 33554432 (custom)
2019-10-07 22:21:29,875 [pool-37-thread-1] INFO  server.RaftServerConfigKeys (ConfUtils.java:logGet(43)) - raft.server.log.force.sync.num = 128 (default)
2019-10-07 22:21:29,875 [pool-37-thread-1] INFO  server.RaftServerConfigKeys (ConfUtils.java:logGet(43)) - raft.server.log.statemachine.data.sync = true (default)
2019-10-07 22:21:29,876 [pool-37-thread-1] INFO  server.RaftServerConfigKeys (ConfUtils.java:logGet(43)) - raft.server.log.statemachine.data.sync.timeout = 10s (default)
2019-10-07 22:21:29,876 [pool-37-thread-1] INFO  server.RaftServerConfigKeys (ConfUtils.java:logGet(43)) - raft.server.log.statemachine.data.sync.timeout.retry = -1 (default)
2019-10-07 22:21:29,876 [pool-37-thread-1] INFO  server.RaftServerConfigKeys (ConfUtils.java:logGet(43)) - raft.server.log.statemachine.data.caching.enabled = true (custom)
2019-10-07 22:21:29,876 [pool-37-thread-1] INFO  segmented.SegmentedRaftLogWorker (SegmentedRaftLogWorker.java:lambda$new$0(128)) - cdfd9313-e709-45a0-aad5-fb04704b1f7d@group-53A5DE1F5D7B-SegmentedRaftLogWorker: flushIndex: setUnconditionally 0 -> -1
2019-10-07 22:21:29,876 [pool-37-thread-1] INFO  server.RaftServerConfigKeys (ConfUtils.java:logGet(43)) - raft.server.snapshot.auto.trigger.enabled = true (custom)
2019-10-07 22:21:29,877 [pool-37-thread-1] INFO  server.RaftServerConfigKeys (ConfUtils.java:logGet(43)) - raft.server.snapshot.auto.trigger.threshold = 10000 (custom)
2019-10-07 22:21:29,877 [pool-37-thread-1] INFO  server.RaftServerConfigKeys (ConfUtils.java:logGet(43)) - raft.server.snapshot.retention.file.num = 5 (custom)
2019-10-07 22:21:29,877 [pool-37-thread-1] INFO  server.RaftServerConfigKeys (ConfUtils.java:logGet(43)) - raft.server.retrycache.expirytime = 600000ms (custom)
2019-10-07 22:21:29,881 [pool-37-thread-1] INFO  impl.RaftServerImpl (RaftServerImpl.java:start(181)) - cdfd9313-e709-45a0-aad5-fb04704b1f7d@group-53A5DE1F5D7B: start as a follower, conf=-1: [cdfd9313-e709-45a0-aad5-fb04704b1f7d:192.168.151.75:43040], old=null
2019-10-07 22:21:29,881 [pool-37-thread-1] INFO  impl.RaftServerImpl (RaftServerImpl.java:setRole(170)) - cdfd9313-e709-45a0-aad5-fb04704b1f7d@group-53A5DE1F5D7B: changes role from      null to FOLLOWER at term 0 for startAsFollower
2019-10-07 22:21:29,881 [pool-37-thread-1] INFO  impl.RoleInfo (RoleInfo.java:updateAndGet(143)) - cdfd9313-e709-45a0-aad5-fb04704b1f7d: start FollowerState
2019-10-07 22:21:29,882 [pool-37-thread-1] INFO  util.JmxRegister (JmxRegister.java:tryRegister(44)) - Successfully registered JMX Bean with object name Ratis:service=RaftServer,group=group-53A5DE1F5D7B,id=cdfd9313-e709-45a0-aad5-fb04704b1f7d
2019-10-07 22:21:29,898 [RatisPipelineUtilsThread] INFO  pipeline.PipelineStateManager (PipelineStateManager.java:addPipeline(57)) - Created pipeline Pipeline[ Id: 06987b43-e5ed-412d-b9c5-53a5de1f5d7b, Nodes: cdfd9313-e709-45a0-aad5-fb04704b1f7d{ip: 192.168.151.75, host: pr-hdds-1868-k864b-3611000933, networkLocation: /default-rack, certSerialId: null}, Type:RATIS, Factor:ONE, State:ALLOCATED]
2019-10-07 22:21:29,900 [Thread-178] INFO  pipeline.PipelineStateManager (PipelineStateManager.java:finalizePipeline(123)) - Pipeline Pipeline[ Id: 344b4024-c06c-480f-b7bd-03757ff600e1, Nodes: cdfd9313-e709-45a0-aad5-fb04704b1f7d{ip: 192.168.151.75, host: pr-hdds-1868-k864b-3611000933, networkLocation: /default-rack, certSerialId: null}64a59515-2969-499c-a8c6-e7b2c46355f3{ip: 192.168.151.75, host: pr-hdds-1868-k864b-3611000933, networkLocation: /default-rack, certSerialId: null}06380598-6755-4f22-bec2-9517843746f9{ip: 192.168.151.75, host: pr-hdds-1868-k864b-3611000933, networkLocation: /default-rack, certSerialId: null}, Type:RATIS, Factor:THREE, State:CLOSED] moved to CLOSED state
2019-10-07 22:21:29,915 [grpc-default-executor-2] INFO  impl.RaftServerProxy (RaftServerProxy.java:remove(95)) - cdfd9313-e709-45a0-aad5-fb04704b1f7d: remove  FOLLOWER cdfd9313-e709-45a0-aad5-fb04704b1f7d@group-03757FF600E1:t0, leader=null, voted=null, raftlog=cdfd9313-e709-45a0-aad5-fb04704b1f7d@group-03757FF600E1-SegmentedRaftLog:OPENED:c-1,f-1,i0, conf=-1: [06380598-6755-4f22-bec2-9517843746f9:192.168.151.75:43260, 64a59515-2969-499c-a8c6-e7b2c46355f3:192.168.151.75:44677, cdfd9313-e709-45a0-aad5-fb04704b1f7d:192.168.151.75:43040], old=null RUNNING
2019-10-07 22:21:29,915 [grpc-default-executor-2] INFO  impl.RaftServerImpl (RaftServerImpl.java:lambda$shutdown$3(247)) - cdfd9313-e709-45a0-aad5-fb04704b1f7d@group-03757FF600E1: shutdown
2019-10-07 22:21:29,915 [grpc-default-executor-2] INFO  util.JmxRegister (JmxRegister.java:unregister(73)) - Successfully un-registered JMX Bean with object name Ratis:service=RaftServer,group=group-03757FF600E1,id=cdfd9313-e709-45a0-aad5-fb04704b1f7d
2019-10-07 22:21:29,916 [grpc-default-executor-2] INFO  impl.RoleInfo (RoleInfo.java:shutdownFollowerState(121)) - cdfd9313-e709-45a0-aad5-fb04704b1f7d: shutdown FollowerState
2019-10-07 22:21:29,916 [grpc-default-executor-2] INFO  impl.StateMachineUpdater (StateMachineUpdater.java:stopAndJoin(136)) - cdfd9313-e709-45a0-aad5-fb04704b1f7d@group-03757FF600E1-StateMachineUpdater: set stopIndex = -1
2019-10-07 22:21:29,916 [Thread-191] INFO  impl.FollowerState (FollowerState.java:run(117)) - cdfd9313-e709-45a0-aad5-fb04704b1f7d@group-03757FF600E1-FollowerState was interrupted: java.lang.InterruptedException: sleep interrupted
2019-10-07 22:21:29,919 [grpc-default-executor-2] INFO  impl.RaftServerImpl (ServerState.java:close(387)) - cdfd9313-e709-45a0-aad5-fb04704b1f7d@group-03757FF600E1: closes. applyIndex: -1
2019-10-07 22:21:29,921 [cdfd9313-e709-45a0-aad5-fb04704b1f7d@group-03757FF600E1-SegmentedRaftLogWorker] INFO  segmented.SegmentedRaftLogWorker (SegmentedRaftLogWorker.java:run(316)) - cdfd9313-e709-45a0-aad5-fb04704b1f7d@group-03757FF600E1-SegmentedRaftLogWorker was interrupted, exiting. There are 0 tasks remaining in the queue.
2019-10-07 22:21:29,921 [grpc-default-executor-2] INFO  segmented.SegmentedRaftLogWorker (SegmentedRaftLogWorker.java:close(224)) - cdfd9313-e709-45a0-aad5-fb04704b1f7d@group-03757FF600E1-SegmentedRaftLogWorker close()
2019-10-07 22:21:29,943 [grpc-default-executor-2] INFO  impl.RaftServerProxy (RaftServerProxy.java:remove(95)) - 64a59515-2969-499c-a8c6-e7b2c46355f3: remove  FOLLOWER 64a59515-2969-499c-a8c6-e7b2c46355f3@group-03757FF600E1:t0, leader=null, voted=null, raftlog=64a59515-2969-499c-a8c6-e7b2c46355f3@group-03757FF600E1-SegmentedRaftLog:OPENED:c-1,f-1,i0, conf=-1: [06380598-6755-4f22-bec2-9517843746f9:192.168.151.75:43260, 64a59515-2969-499c-a8c6-e7b2c46355f3:192.168.151.75:44677, cdfd9313-e709-45a0-aad5-fb04704b1f7d:192.168.151.75:43040], old=null RUNNING
2019-10-07 22:21:29,944 [grpc-default-executor-2] INFO  impl.RaftServerImpl (RaftServerImpl.java:lambda$shutdown$3(247)) - 64a59515-2969-499c-a8c6-e7b2c46355f3@group-03757FF600E1: shutdown
2019-10-07 22:21:29,944 [grpc-default-executor-2] INFO  util.JmxRegister (JmxRegister.java:unregister(73)) - Successfully un-registered JMX Bean with object name Ratis:service=RaftServer,group=group-03757FF600E1,id=64a59515-2969-499c-a8c6-e7b2c46355f3
2019-10-07 22:21:29,944 [grpc-default-executor-2] INFO  impl.RoleInfo (RoleInfo.java:shutdownFollowerState(121)) - 64a59515-2969-499c-a8c6-e7b2c46355f3: shutdown FollowerState
2019-10-07 22:21:29,945 [grpc-default-executor-2] INFO  impl.StateMachineUpdater (StateMachineUpdater.java:stopAndJoin(136)) - 64a59515-2969-499c-a8c6-e7b2c46355f3@group-03757FF600E1-StateMachineUpdater: set stopIndex = -1
2019-10-07 22:21:29,945 [Thread-193] INFO  impl.FollowerState (FollowerState.java:run(117)) - 64a59515-2969-499c-a8c6-e7b2c46355f3@group-03757FF600E1-FollowerState was interrupted: java.lang.InterruptedException: sleep interrupted
2019-10-07 22:21:29,946 [grpc-default-executor-2] INFO  impl.RaftServerImpl (ServerState.java:close(387)) - 64a59515-2969-499c-a8c6-e7b2c46355f3@group-03757FF600E1: closes. applyIndex: -1
2019-10-07 22:21:29,947 [64a59515-2969-499c-a8c6-e7b2c46355f3@group-03757FF600E1-SegmentedRaftLogWorker] INFO  segmented.SegmentedRaftLogWorker (SegmentedRaftLogWorker.java:run(316)) - 64a59515-2969-499c-a8c6-e7b2c46355f3@group-03757FF600E1-SegmentedRaftLogWorker was interrupted, exiting. There are 0 tasks remaining in the queue.
2019-10-07 22:21:29,948 [grpc-default-executor-2] INFO  segmented.SegmentedRaftLogWorker (SegmentedRaftLogWorker.java:close(224)) - 64a59515-2969-499c-a8c6-e7b2c46355f3@group-03757FF600E1-SegmentedRaftLogWorker close()
2019-10-07 22:21:29,970 [grpc-default-executor-2] INFO  impl.RaftServerProxy (RaftServerProxy.java:remove(95)) - 06380598-6755-4f22-bec2-9517843746f9: remove  FOLLOWER 06380598-6755-4f22-bec2-9517843746f9@group-03757FF600E1:t0, leader=null, voted=null, raftlog=06380598-6755-4f22-bec2-9517843746f9@group-03757FF600E1-SegmentedRaftLog:OPENED:c-1,f-1,i0, conf=-1: [06380598-6755-4f22-bec2-9517843746f9:192.168.151.75:43260, 64a59515-2969-499c-a8c6-e7b2c46355f3:192.168.151.75:44677, cdfd9313-e709-45a0-aad5-fb04704b1f7d:192.168.151.75:43040], old=null RUNNING
2019-10-07 22:21:29,970 [grpc-default-executor-2] INFO  impl.RaftServerImpl (RaftServerImpl.java:lambda$shutdown$3(247)) - 06380598-6755-4f22-bec2-9517843746f9@group-03757FF600E1: shutdown
2019-10-07 22:21:29,970 [grpc-default-executor-2] INFO  util.JmxRegister (JmxRegister.java:unregister(73)) - Successfully un-registered JMX Bean with object name Ratis:service=RaftServer,group=group-03757FF600E1,id=06380598-6755-4f22-bec2-9517843746f9
2019-10-07 22:21:29,971 [grpc-default-executor-2] INFO  impl.RoleInfo (RoleInfo.java:shutdownFollowerState(121)) - 06380598-6755-4f22-bec2-9517843746f9: shutdown FollowerState
2019-10-07 22:21:29,971 [grpc-default-executor-2] INFO  impl.StateMachineUpdater (StateMachineUpdater.java:stopAndJoin(136)) - 06380598-6755-4f22-bec2-9517843746f9@group-03757FF600E1-StateMachineUpdater: set stopIndex = -1
2019-10-07 22:21:29,971 [Thread-192] INFO  impl.FollowerState (FollowerState.java:run(117)) - 06380598-6755-4f22-bec2-9517843746f9@group-03757FF600E1-FollowerState was interrupted: java.lang.InterruptedException: sleep interrupted
2019-10-07 22:21:29,972 [grpc-default-executor-2] INFO  impl.RaftServerImpl (ServerState.java:close(387)) - 06380598-6755-4f22-bec2-9517843746f9@group-03757FF600E1: closes. applyIndex: -1
2019-10-07 22:21:29,973 [06380598-6755-4f22-bec2-9517843746f9@group-03757FF600E1-SegmentedRaftLogWorker] INFO  segmented.SegmentedRaftLogWorker (SegmentedRaftLogWorker.java:run(316)) - 06380598-6755-4f22-bec2-9517843746f9@group-03757FF600E1-SegmentedRaftLogWorker was interrupted, exiting. There are 0 tasks remaining in the queue.
2019-10-07 22:21:29,973 [grpc-default-executor-2] INFO  segmented.SegmentedRaftLogWorker (SegmentedRaftLogWorker.java:close(224)) - 06380598-6755-4f22-bec2-9517843746f9@group-03757FF600E1-SegmentedRaftLogWorker close()
2019-10-07 22:21:29,976 [main] INFO  ozone.MiniOzoneClusterImpl (MiniOzoneClusterImpl.java:lambda$waitForClusterToBeReady$2(164)) - Waiting for 3 number of pipelines out of 4, to report a leader.
2019-10-07 22:21:29,983 [Thread-178] INFO  pipeline.PipelineStateManager (PipelineStateManager.java:removePipeline(108)) - Pipeline Pipeline[ Id: 344b4024-c06c-480f-b7bd-03757ff600e1, Nodes: cdfd9313-e709-45a0-aad5-fb04704b1f7d{ip: 192.168.151.75, host: pr-hdds-1868-k864b-3611000933, networkLocation: /default-rack, certSerialId: null}64a59515-2969-499c-a8c6-e7b2c46355f3{ip: 192.168.151.75, host: pr-hdds-1868-k864b-3611000933, networkLocation: /default-rack, certSerialId: null}06380598-6755-4f22-bec2-9517843746f9{ip: 192.168.151.75, host: pr-hdds-1868-k864b-3611000933, networkLocation: /default-rack, certSerialId: null}, Type:RATIS, Factor:THREE, State:CLOSED] removed from db
2019-10-07 22:21:29,984 [Thread-178] INFO  pipeline.SCMPipelineManager (SCMPipelineManager.java:finalizeAndDestroyPipeline(315)) - destroying pipeline:Pipeline[ Id: da8c3430-eb5c-4e17-a8ac-72f6465eb329, Nodes: 06380598-6755-4f22-bec2-9517843746f9{ip: 192.168.151.75, host: pr-hdds-1868-k864b-3611000933, networkLocation: /default-rack, certSerialId: null}, Type:RATIS, Factor:ONE, State:ALLOCATED]
2019-10-07 22:21:30,003 [grpc-default-executor-0] INFO  impl.RaftServerProxy (RaftServerProxy.java:addNew(89)) - 64a59515-2969-499c-a8c6-e7b2c46355f3: addNew group-A43ACF8B5DFF:[06380598-6755-4f22-bec2-9517843746f9:192.168.151.75:43260, 64a59515-2969-499c-a8c6-e7b2c46355f3:192.168.151.75:44677, cdfd9313-e709-45a0-aad5-fb04704b1f7d:192.168.151.75:43040] returns group-A43ACF8B5DFF:java.util.concurrent.CompletableFuture@151615a9[Not completed]
2019-10-07 22:21:30,006 [grpc-default-executor-1] INFO  impl.RaftServerProxy (RaftServerProxy.java:addNew(89)) - 06380598-6755-4f22-bec2-9517843746f9: addNew group-A43ACF8B5DFF:[06380598-6755-4f22-bec2-9517843746f9:192.168.151.75:43260, 64a59515-2969-499c-a8c6-e7b2c46355f3:192.168.151.75:44677, cdfd9313-e709-45a0-aad5-fb04704b1f7d:192.168.151.75:43040] returns group-A43ACF8B5DFF:java.util.concurrent.CompletableFuture@66aa254a[Not completed]
2019-10-07 22:21:30,006 [grpc-default-executor-2] INFO  impl.RaftServerProxy (RaftServerProxy.java:addNew(89)) - cdfd9313-e709-45a0-aad5-fb04704b1f7d: addNew group-A43ACF8B5DFF:[06380598-6755-4f22-bec2-9517843746f9:192.168.151.75:43260, 64a59515-2969-499c-a8c6-e7b2c46355f3:192.168.151.75:44677, cdfd9313-e709-45a0-aad5-fb04704b1f7d:192.168.151.75:43040] returns group-A43ACF8B5DFF:java.util.concurrent.CompletableFuture@7332503a[Not completed]
2019-10-07 22:21:30,007 [pool-47-thread-1] INFO  impl.RaftServerImpl (RaftServerImpl.java:<init>(95)) - 64a59515-2969-499c-a8c6-e7b2c46355f3: new RaftServerImpl for group-A43ACF8B5DFF:[06380598-6755-4f22-bec2-9517843746f9:192.168.151.75:43260, 64a59515-2969-499c-a8c6-e7b2c46355f3:192.168.151.75:44677, cdfd9313-e709-45a0-aad5-fb04704b1f7d:192.168.151.75:43040] with ContainerStateMachine:uninitialized
2019-10-07 22:21:30,007 [pool-47-thread-1] INFO  server.RaftServerConfigKeys (ConfUtils.java:logGet(43)) - raft.server.rpc.timeout.min = 5s (custom)
2019-10-07 22:21:30,007 [pool-47-thread-1] INFO  server.RaftServerConfigKeys (ConfUtils.java:logGet(43)) - raft.server.rpc.timeout.max = 5200ms (custom)
2019-10-07 22:21:30,007 [pool-47-thread-1] INFO  server.RaftServerConfigKeys (ConfUtils.java:logGet(43)) - raft.server.rpcslowness.timeout = 120s (custom)
2019-10-07 22:21:30,007 [pool-47-thread-1] INFO  server.RaftServerConfigKeys (ConfUtils.java:logGet(43)) - raft.server.sleep.deviation.threshold = 300 (default)
2019-10-07 22:21:30,007 [pool-47-thread-1] INFO  server.RaftServerConfigKeys (ConfUtils.java:logGet(43)) - raft.server.log.appender.install.snapshot.enabled = false (custom)
2019-10-07 22:21:30,007 [pool-27-thread-1] INFO  impl.RaftServerImpl (RaftServerImpl.java:<init>(95)) - 06380598-6755-4f22-bec2-9517843746f9: new RaftServerImpl for group-A43ACF8B5DFF:[06380598-6755-4f22-bec2-9517843746f9:192.168.151.75:43260, 64a59515-2969-499c-a8c6-e7b2c46355f3:192.168.151.75:44677, cdfd9313-e709-45a0-aad5-fb04704b1f7d:192.168.151.75:43040] with ContainerStateMachine:uninitialized
2019-10-07 22:21:30,008 [pool-47-thread-1] INFO  impl.RaftServerImpl (ServerState.java:<init>(103)) - 64a59515-2969-499c-a8c6-e7b2c46355f3@group-A43ACF8B5DFF: ConfigurationManager, init=-1: [06380598-6755-4f22-bec2-9517843746f9:192.168.151.75:43260, 64a59515-2969-499c-a8c6-e7b2c46355f3:192.168.151.75:44677, cdfd9313-e709-45a0-aad5-fb04704b1f7d:192.168.151.75:43040], old=null, confs=<EMPTY_MAP>
2019-10-07 22:21:30,008 [pool-27-thread-1] INFO  server.RaftServerConfigKeys (ConfUtils.java:logGet(43)) - raft.server.rpc.timeout.min = 5s (custom)
2019-10-07 22:21:30,008 [pool-47-thread-1] INFO  server.RaftServerConfigKeys (ConfUtils.java:logGet(43)) - raft.server.storage.dir = [/workdir/hadoop-ozone/integration-test/target/test-dir/MiniOzoneClusterImpl-e98591d2-3ad0-4fa0-a2a5-26850085fcad/datanode-2/data/ratis] (custom)
2019-10-07 22:21:30,008 [pool-27-thread-1] INFO  server.RaftServerConfigKeys (ConfUtils.java:logGet(43)) - raft.server.rpc.timeout.max = 5200ms (custom)
2019-10-07 22:21:30,008 [pool-27-thread-1] INFO  server.RaftServerConfigKeys (ConfUtils.java:logGet(43)) - raft.server.rpcslowness.timeout = 120s (custom)
2019-10-07 22:21:30,008 [pool-47-thread-1] INFO  server.RaftServerConfigKeys (ConfUtils.java:logGet(43)) - raft.server.log.corruption.policy = EXCEPTION (default)
2019-10-07 22:21:30,008 [pool-27-thread-1] INFO  server.RaftServerConfigKeys (ConfUtils.java:logGet(43)) - raft.server.sleep.deviation.threshold = 300 (default)
2019-10-07 22:21:30,008 [pool-47-thread-1] INFO  storage.RaftStorageDirectory (RaftStorageDirectory.java:analyzeStorage(246)) - The storage directory /workdir/hadoop-ozone/integration-test/target/test-dir/MiniOzoneClusterImpl-e98591d2-3ad0-4fa0-a2a5-26850085fcad/datanode-2/data/ratis/362338b8-0355-4ee4-979e-a43acf8b5dff does not exist. Creating ...
2019-10-07 22:21:30,008 [pool-37-thread-1] INFO  impl.RaftServerImpl (RaftServerImpl.java:<init>(95)) - cdfd9313-e709-45a0-aad5-fb04704b1f7d: new RaftServerImpl for group-A43ACF8B5DFF:[06380598-6755-4f22-bec2-9517843746f9:192.168.151.75:43260, 64a59515-2969-499c-a8c6-e7b2c46355f3:192.168.151.75:44677, cdfd9313-e709-45a0-aad5-fb04704b1f7d:192.168.151.75:43040] with ContainerStateMachine:uninitialized
2019-10-07 22:21:30,008 [pool-27-thread-1] INFO  server.RaftServerConfigKeys (ConfUtils.java:logGet(43)) - raft.server.log.appender.install.snapshot.enabled = false (custom)
2019-10-07 22:21:30,009 [pool-37-thread-1] INFO  server.RaftServerConfigKeys (ConfUtils.java:logGet(43)) - raft.server.rpc.timeout.min = 5s (custom)
2019-10-07 22:21:30,009 [pool-27-thread-1] INFO  impl.RaftServerImpl (ServerState.java:<init>(103)) - 06380598-6755-4f22-bec2-9517843746f9@group-A43ACF8B5DFF: ConfigurationManager, init=-1: [06380598-6755-4f22-bec2-9517843746f9:192.168.151.75:43260, 64a59515-2969-499c-a8c6-e7b2c46355f3:192.168.151.75:44677, cdfd9313-e709-45a0-aad5-fb04704b1f7d:192.168.151.75:43040], old=null, confs=<EMPTY_MAP>
2019-10-07 22:21:30,009 [pool-37-thread-1] INFO  server.RaftServerConfigKeys (ConfUtils.java:logGet(43)) - raft.server.rpc.timeout.max = 5200ms (custom)
2019-10-07 22:21:30,009 [pool-27-thread-1] INFO  server.RaftServerConfigKeys (ConfUtils.java:logGet(43)) - raft.server.storage.dir = [/workdir/hadoop-ozone/integration-test/target/test-dir/MiniOzoneClusterImpl-e98591d2-3ad0-4fa0-a2a5-26850085fcad/datanode-0/data/ratis] (custom)
2019-10-07 22:21:30,009 [pool-37-thread-1] INFO  server.RaftServerConfigKeys (ConfUtils.java:logGet(43)) - raft.server.rpcslowness.timeout = 120s (custom)
2019-10-07 22:21:30,010 [pool-37-thread-1] INFO  server.RaftServerConfigKeys (ConfUtils.java:logGet(43)) - raft.server.sleep.deviation.threshold = 300 (default)
2019-10-07 22:21:30,010 [pool-27-thread-1] INFO  server.RaftServerConfigKeys (ConfUtils.java:logGet(43)) - raft.server.log.corruption.policy = EXCEPTION (default)
2019-10-07 22:21:30,010 [pool-37-thread-1] INFO  server.RaftServerConfigKeys (ConfUtils.java:logGet(43)) - raft.server.log.appender.install.snapshot.enabled = false (custom)
2019-10-07 22:21:30,010 [pool-27-thread-1] INFO  storage.RaftStorageDirectory (RaftStorageDirectory.java:analyzeStorage(246)) - The storage directory /workdir/hadoop-ozone/integration-test/target/test-dir/MiniOzoneClusterImpl-e98591d2-3ad0-4fa0-a2a5-26850085fcad/datanode-0/data/ratis/362338b8-0355-4ee4-979e-a43acf8b5dff does not exist. Creating ...
2019-10-07 22:21:30,010 [pool-37-thread-1] INFO  impl.RaftServerImpl (ServerState.java:<init>(103)) - cdfd9313-e709-45a0-aad5-fb04704b1f7d@group-A43ACF8B5DFF: ConfigurationManager, init=-1: [06380598-6755-4f22-bec2-9517843746f9:192.168.151.75:43260, 64a59515-2969-499c-a8c6-e7b2c46355f3:192.168.151.75:44677, cdfd9313-e709-45a0-aad5-fb04704b1f7d:192.168.151.75:43040], old=null, confs=<EMPTY_MAP>
2019-10-07 22:21:30,010 [pool-37-thread-1] INFO  server.RaftServerConfigKeys (ConfUtils.java:logGet(43)) - raft.server.storage.dir = [/workdir/hadoop-ozone/integration-test/target/test-dir/MiniOzoneClusterImpl-e98591d2-3ad0-4fa0-a2a5-26850085fcad/datanode-1/data/ratis] (custom)
2019-10-07 22:21:30,011 [pool-37-thread-1] INFO  server.RaftServerConfigKeys (ConfUtils.java:logGet(43)) - raft.server.log.corruption.policy = EXCEPTION (default)
2019-10-07 22:21:30,011 [pool-37-thread-1] INFO  storage.RaftStorageDirectory (RaftStorageDirectory.java:analyzeStorage(246)) - The storage directory /workdir/hadoop-ozone/integration-test/target/test-dir/MiniOzoneClusterImpl-e98591d2-3ad0-4fa0-a2a5-26850085fcad/datanode-1/data/ratis/362338b8-0355-4ee4-979e-a43acf8b5dff does not exist. Creating ...
2019-10-07 22:21:30,035 [pool-37-thread-1] INFO  storage.RaftStorageDirectory (RaftStorageDirectory.java:tryLock(328)) - Lock on /workdir/hadoop-ozone/integration-test/target/test-dir/MiniOzoneClusterImpl-e98591d2-3ad0-4fa0-a2a5-26850085fcad/datanode-1/data/ratis/362338b8-0355-4ee4-979e-a43acf8b5dff/in_use.lock acquired by nodename 21146@pr-hdds-1868-k864b-3611000933
2019-10-07 22:21:30,035 [pool-47-thread-1] INFO  storage.RaftStorageDirectory (RaftStorageDirectory.java:tryLock(328)) - Lock on /workdir/hadoop-ozone/integration-test/target/test-dir/MiniOzoneClusterImpl-e98591d2-3ad0-4fa0-a2a5-26850085fcad/datanode-2/data/ratis/362338b8-0355-4ee4-979e-a43acf8b5dff/in_use.lock acquired by nodename 21146@pr-hdds-1868-k864b-3611000933
2019-10-07 22:21:30,035 [pool-27-thread-1] INFO  storage.RaftStorageDirectory (RaftStorageDirectory.java:tryLock(328)) - Lock on /workdir/hadoop-ozone/integration-test/target/test-dir/MiniOzoneClusterImpl-e98591d2-3ad0-4fa0-a2a5-26850085fcad/datanode-0/data/ratis/362338b8-0355-4ee4-979e-a43acf8b5dff/in_use.lock acquired by nodename 21146@pr-hdds-1868-k864b-3611000933
2019-10-07 22:21:30,049 [pool-37-thread-1] INFO  storage.RaftStorage (RaftStorage.java:format(84)) - Storage directory /workdir/hadoop-ozone/integration-test/target/test-dir/MiniOzoneClusterImpl-e98591d2-3ad0-4fa0-a2a5-26850085fcad/datanode-1/data/ratis/362338b8-0355-4ee4-979e-a43acf8b5dff has been successfully formatted.
2019-10-07 22:21:30,049 [pool-27-thread-1] INFO  storage.RaftStorage (RaftStorage.java:format(84)) - Storage directory /workdir/hadoop-ozone/integration-test/target/test-dir/MiniOzoneClusterImpl-e98591d2-3ad0-4fa0-a2a5-26850085fcad/datanode-0/data/ratis/362338b8-0355-4ee4-979e-a43acf8b5dff has been successfully formatted.
2019-10-07 22:21:30,049 [pool-47-thread-1] INFO  storage.RaftStorage (RaftStorage.java:format(84)) - Storage directory /workdir/hadoop-ozone/integration-test/target/test-dir/MiniOzoneClusterImpl-e98591d2-3ad0-4fa0-a2a5-26850085fcad/datanode-2/data/ratis/362338b8-0355-4ee4-979e-a43acf8b5dff has been successfully formatted.
2019-10-07 22:21:30,049 [pool-37-thread-1] INFO  ratis.ContainerStateMachine (ContainerStateMachine.java:loadSnapshot(233)) - group-A43ACF8B5DFF: The snapshot info is null. Setting the last applied indexto:(t:0, i:~)
2019-10-07 22:21:30,049 [pool-27-thread-1] INFO  ratis.ContainerStateMachine (ContainerStateMachine.java:loadSnapshot(233)) - group-A43ACF8B5DFF: The snapshot info is null. Setting the last applied indexto:(t:0, i:~)
2019-10-07 22:21:30,049 [pool-47-thread-1] INFO  ratis.ContainerStateMachine (ContainerStateMachine.java:loadSnapshot(233)) - group-A43ACF8B5DFF: The snapshot info is null. Setting the last applied indexto:(t:0, i:~)
2019-10-07 22:21:30,049 [pool-27-thread-1] INFO  server.RaftServerConfigKeys (ConfUtils.java:logGet(43)) - raft.server.notification.no-leader.timeout = 120s (custom)
2019-10-07 22:21:30,049 [pool-37-thread-1] INFO  server.RaftServerConfigKeys (ConfUtils.java:logGet(43)) - raft.server.notification.no-leader.timeout = 120s (custom)
2019-10-07 22:21:30,050 [pool-27-thread-1] INFO  server.RaftServerConfigKeys (ConfUtils.java:logGet(43)) - raft.server.log.use.memory = false (default)
2019-10-07 22:21:30,050 [pool-47-thread-1] INFO  server.RaftServerConfigKeys (ConfUtils.java:logGet(43)) - raft.server.notification.no-leader.timeout = 120s (custom)
2019-10-07 22:21:30,050 [pool-27-thread-1] INFO  server.RaftServerConfigKeys (ConfUtils.java:logGet(43)) - raft.server.log.purge.gap = 1000000 (custom)
2019-10-07 22:21:30,050 [pool-37-thread-1] INFO  server.RaftServerConfigKeys (ConfUtils.java:logGet(43)) - raft.server.log.use.memory = false (default)
2019-10-07 22:21:30,050 [pool-27-thread-1] INFO  server.RaftServerConfigKeys (ConfUtils.java:logGet(43)) - raft.server.log.appender.buffer.byte-limit = 33554432 (custom)
2019-10-07 22:21:30,050 [pool-47-thread-1] INFO  server.RaftServerConfigKeys (ConfUtils.java:logGet(43)) - raft.server.log.use.memory = false (default)
2019-10-07 22:21:30,051 [pool-27-thread-1] INFO  server.RaftServerConfigKeys (ConfUtils.java:logGet(43)) - raft.server.log.segment.size.max = 1048576 (custom)
2019-10-07 22:21:30,050 [pool-37-thread-1] INFO  server.RaftServerConfigKeys (ConfUtils.java:logGet(43)) - raft.server.log.purge.gap = 1000000 (custom)
2019-10-07 22:21:30,051 [pool-27-thread-1] INFO  server.RaftServerConfigKeys (ConfUtils.java:logGet(43)) - raft.server.log.segment.cache.num.max = 2 (custom)
2019-10-07 22:21:30,051 [pool-47-thread-1] INFO  server.RaftServerConfigKeys (ConfUtils.java:logGet(43)) - raft.server.log.purge.gap = 1000000 (custom)
2019-10-07 22:21:30,051 [pool-27-thread-1] INFO  segmented.SegmentedRaftLogWorker (SegmentedRaftLogWorker.java:<init>(173)) - new 06380598-6755-4f22-bec2-9517843746f9@group-A43ACF8B5DFF-SegmentedRaftLogWorker for RaftStorage:Storage Directory /workdir/hadoop-ozone/integration-test/target/test-dir/MiniOzoneClusterImpl-e98591d2-3ad0-4fa0-a2a5-26850085fcad/datanode-0/data/ratis/362338b8-0355-4ee4-979e-a43acf8b5dff
2019-10-07 22:21:30,051 [pool-37-thread-1] INFO  server.RaftServerConfigKeys (ConfUtils.java:logGet(43)) - raft.server.log.appender.buffer.byte-limit = 33554432 (custom)
2019-10-07 22:21:30,051 [pool-27-thread-1] INFO  server.RaftServerConfigKeys (ConfUtils.java:logGet(43)) - raft.server.log.queue.byte-limit = 2147483647 (custom)
2019-10-07 22:21:30,051 [pool-47-thread-1] INFO  server.RaftServerConfigKeys (ConfUtils.java:logGet(43)) - raft.server.log.appender.buffer.byte-limit = 33554432 (custom)
2019-10-07 22:21:30,052 [pool-27-thread-1] INFO  server.RaftServerConfigKeys (ConfUtils.java:logGet(43)) - raft.server.log.queue.element-limit = 1024 (custom)
2019-10-07 22:21:30,052 [pool-37-thread-1] INFO  server.RaftServerConfigKeys (ConfUtils.java:logGet(43)) - raft.server.log.segment.size.max = 1048576 (custom)
2019-10-07 22:21:30,052 [pool-27-thread-1] INFO  server.RaftServerConfigKeys (ConfUtils.java:logGet(43)) - raft.server.log.segment.size.max = 1048576 (custom)
2019-10-07 22:21:30,052 [pool-47-thread-1] INFO  server.RaftServerConfigKeys (ConfUtils.java:logGet(43)) - raft.server.log.segment.size.max = 1048576 (custom)
2019-10-07 22:21:30,053 [pool-27-thread-1] INFO  server.RaftServerConfigKeys (ConfUtils.java:logGet(43)) - raft.server.log.preallocated.size = 16384 (custom)
2019-10-07 22:21:30,052 [pool-37-thread-1] INFO  server.RaftServerConfigKeys (ConfUtils.java:logGet(43)) - raft.server.log.segment.cache.num.max = 2 (custom)
2019-10-07 22:21:30,053 [pool-27-thread-1] INFO  server.RaftServerConfigKeys (ConfUtils.java:logGet(43)) - raft.server.log.write.buffer.size = 33554432 (custom)
2019-10-07 22:21:30,053 [pool-47-thread-1] INFO  server.RaftServerConfigKeys (ConfUtils.java:logGet(43)) - raft.server.log.segment.cache.num.max = 2 (custom)
2019-10-07 22:21:30,053 [pool-27-thread-1] INFO  server.RaftServerConfigKeys (ConfUtils.java:logGet(43)) - raft.server.log.force.sync.num = 128 (default)
2019-10-07 22:21:30,053 [pool-37-thread-1] INFO  segmented.SegmentedRaftLogWorker (SegmentedRaftLogWorker.java:<init>(173)) - new cdfd9313-e709-45a0-aad5-fb04704b1f7d@group-A43ACF8B5DFF-SegmentedRaftLogWorker for RaftStorage:Storage Directory /workdir/hadoop-ozone/integration-test/target/test-dir/MiniOzoneClusterImpl-e98591d2-3ad0-4fa0-a2a5-26850085fcad/datanode-1/data/ratis/362338b8-0355-4ee4-979e-a43acf8b5dff
2019-10-07 22:21:30,054 [pool-27-thread-1] INFO  server.RaftServerConfigKeys (ConfUtils.java:logGet(43)) - raft.server.log.statemachine.data.sync = true (default)
2019-10-07 22:21:30,053 [pool-47-thread-1] INFO  segmented.SegmentedRaftLogWorker (SegmentedRaftLogWorker.java:<init>(173)) - new 64a59515-2969-499c-a8c6-e7b2c46355f3@group-A43ACF8B5DFF-SegmentedRaftLogWorker for RaftStorage:Storage Directory /workdir/hadoop-ozone/integration-test/target/test-dir/MiniOzoneClusterImpl-e98591d2-3ad0-4fa0-a2a5-26850085fcad/datanode-2/data/ratis/362338b8-0355-4ee4-979e-a43acf8b5dff
2019-10-07 22:21:30,054 [pool-27-thread-1] INFO  server.RaftServerConfigKeys (ConfUtils.java:logGet(43)) - raft.server.log.statemachine.data.sync.timeout = 10s (default)
2019-10-07 22:21:30,054 [pool-37-thread-1] INFO  server.RaftServerConfigKeys (ConfUtils.java:logGet(43)) - raft.server.log.queue.byte-limit = 2147483647 (custom)
2019-10-07 22:21:30,054 [pool-27-thread-1] INFO  server.RaftServerConfigKeys (ConfUtils.java:logGet(43)) - raft.server.log.statemachine.data.sync.timeout.retry = -1 (default)
2019-10-07 22:21:30,054 [pool-47-thread-1] INFO  server.RaftServerConfigKeys (ConfUtils.java:logGet(43)) - raft.server.log.queue.byte-limit = 2147483647 (custom)
2019-10-07 22:21:30,055 [pool-27-thread-1] INFO  server.RaftServerConfigKeys (ConfUtils.java:logGet(43)) - raft.server.log.statemachine.data.caching.enabled = true (custom)
2019-10-07 22:21:30,054 [pool-37-thread-1] INFO  server.RaftServerConfigKeys (ConfUtils.java:logGet(43)) - raft.server.log.queue.element-limit = 1024 (custom)
2019-10-07 22:21:30,055 [pool-47-thread-1] INFO  server.RaftServerConfigKeys (ConfUtils.java:logGet(43)) - raft.server.log.queue.element-limit = 1024 (custom)
2019-10-07 22:21:30,055 [pool-37-thread-1] INFO  server.RaftServerConfigKeys (ConfUtils.java:logGet(43)) - raft.server.log.segment.size.max = 1048576 (custom)
2019-10-07 22:21:30,055 [pool-47-thread-1] INFO  server.RaftServerConfigKeys (ConfUtils.java:logGet(43)) - raft.server.log.segment.size.max = 1048576 (custom)
2019-10-07 22:21:30,055 [pool-27-thread-1] INFO  segmented.SegmentedRaftLogWorker (SegmentedRaftLogWorker.java:lambda$new$0(128)) - 06380598-6755-4f22-bec2-9517843746f9@group-A43ACF8B5DFF-SegmentedRaftLogWorker: flushIndex: setUnconditionally 0 -> -1
2019-10-07 22:21:30,055 [pool-37-thread-1] INFO  server.RaftServerConfigKeys (ConfUtils.java:logGet(43)) - raft.server.log.preallocated.size = 16384 (custom)
2019-10-07 22:21:30,055 [pool-47-thread-1] INFO  server.RaftServerConfigKeys (ConfUtils.java:logGet(43)) - raft.server.log.preallocated.size = 16384 (custom)
2019-10-07 22:21:30,056 [pool-27-thread-1] INFO  server.RaftServerConfigKeys (ConfUtils.java:logGet(43)) - raft.server.snapshot.auto.trigger.enabled = true (custom)
2019-10-07 22:21:30,056 [pool-37-thread-1] INFO  server.RaftServerConfigKeys (ConfUtils.java:logGet(43)) - raft.server.log.write.buffer.size = 33554432 (custom)
2019-10-07 22:21:30,056 [pool-27-thread-1] INFO  server.RaftServerConfigKeys (ConfUtils.java:logGet(43)) - raft.server.snapshot.auto.trigger.threshold = 10000 (custom)
2019-10-07 22:21:30,056 [pool-47-thread-1] INFO  server.RaftServerConfigKeys (ConfUtils.java:logGet(43)) - raft.server.log.write.buffer.size = 33554432 (custom)
2019-10-07 22:21:30,056 [pool-27-thread-1] INFO  server.RaftServerConfigKeys (ConfUtils.java:logGet(43)) - raft.server.snapshot.retention.file.num = 5 (custom)
2019-10-07 22:21:30,056 [pool-37-thread-1] INFO  server.RaftServerConfigKeys (ConfUtils.java:logGet(43)) - raft.server.log.force.sync.num = 128 (default)
2019-10-07 22:21:30,056 [pool-47-thread-1] INFO  server.RaftServerConfigKeys (ConfUtils.java:logGet(43)) - raft.server.log.force.sync.num = 128 (default)
2019-10-07 22:21:30,057 [pool-37-thread-1] INFO  server.RaftServerConfigKeys (ConfUtils.java:logGet(43)) - raft.server.log.statemachine.data.sync = true (default)
2019-10-07 22:21:30,057 [pool-27-thread-1] INFO  server.RaftServerConfigKeys (ConfUtils.java:logGet(43)) - raft.server.retrycache.expirytime = 600000ms (custom)
2019-10-07 22:21:30,057 [pool-37-thread-1] INFO  server.RaftServerConfigKeys (ConfUtils.java:logGet(43)) - raft.server.log.statemachine.data.sync.timeout = 10s (default)
2019-10-07 22:21:30,057 [pool-47-thread-1] INFO  server.RaftServerConfigKeys (ConfUtils.java:logGet(43)) - raft.server.log.statemachine.data.sync = true (default)
2019-10-07 22:21:30,057 [pool-37-thread-1] INFO  server.RaftServerConfigKeys (ConfUtils.java:logGet(43)) - raft.server.log.statemachine.data.sync.timeout.retry = -1 (default)
2019-10-07 22:21:30,057 [pool-47-thread-1] INFO  server.RaftServerConfigKeys (ConfUtils.java:logGet(43)) - raft.server.log.statemachine.data.sync.timeout = 10s (default)
2019-10-07 22:21:30,058 [pool-37-thread-1] INFO  server.RaftServerConfigKeys (ConfUtils.java:logGet(43)) - raft.server.log.statemachine.data.caching.enabled = true (custom)
2019-10-07 22:21:30,058 [pool-47-thread-1] INFO  server.RaftServerConfigKeys (ConfUtils.java:logGet(43)) - raft.server.log.statemachine.data.sync.timeout.retry = -1 (default)
2019-10-07 22:21:30,058 [pool-37-thread-1] INFO  segmented.SegmentedRaftLogWorker (SegmentedRaftLogWorker.java:lambda$new$0(128)) - cdfd9313-e709-45a0-aad5-fb04704b1f7d@group-A43ACF8B5DFF-SegmentedRaftLogWorker: flushIndex: setUnconditionally 0 -> -1
2019-10-07 22:21:30,058 [pool-47-thread-1] INFO  server.RaftServerConfigKeys (ConfUtils.java:logGet(43)) - raft.server.log.statemachine.data.caching.enabled = true (custom)
2019-10-07 22:21:30,058 [pool-37-thread-1] INFO  server.RaftServerConfigKeys (ConfUtils.java:logGet(43)) - raft.server.snapshot.auto.trigger.enabled = true (custom)
2019-10-07 22:21:30,058 [pool-37-thread-1] INFO  server.RaftServerConfigKeys (ConfUtils.java:logGet(43)) - raft.server.snapshot.auto.trigger.threshold = 10000 (custom)
2019-10-07 22:21:30,058 [pool-47-thread-1] INFO  segmented.SegmentedRaftLogWorker (SegmentedRaftLogWorker.java:lambda$new$0(128)) - 64a59515-2969-499c-a8c6-e7b2c46355f3@group-A43ACF8B5DFF-SegmentedRaftLogWorker: flushIndex: setUnconditionally 0 -> -1
2019-10-07 22:21:30,058 [pool-37-thread-1] INFO  server.RaftServerConfigKeys (ConfUtils.java:logGet(43)) - raft.server.snapshot.retention.file.num = 5 (custom)
2019-10-07 22:21:30,059 [pool-37-thread-1] INFO  server.RaftServerConfigKeys (ConfUtils.java:logGet(43)) - raft.server.retrycache.expirytime = 600000ms (custom)
2019-10-07 22:21:30,059 [pool-47-thread-1] INFO  server.RaftServerConfigKeys (ConfUtils.java:logGet(43)) - raft.server.snapshot.auto.trigger.enabled = true (custom)
2019-10-07 22:21:30,059 [pool-47-thread-1] INFO  server.RaftServerConfigKeys (ConfUtils.java:logGet(43)) - raft.server.snapshot.auto.trigger.threshold = 10000 (custom)
2019-10-07 22:21:30,059 [pool-47-thread-1] INFO  server.RaftServerConfigKeys (ConfUtils.java:logGet(43)) - raft.server.snapshot.retention.file.num = 5 (custom)
2019-10-07 22:21:30,059 [pool-47-thread-1] INFO  server.RaftServerConfigKeys (ConfUtils.java:logGet(43)) - raft.server.retrycache.expirytime = 600000ms (custom)
2019-10-07 22:21:30,061 [pool-27-thread-1] INFO  impl.RaftServerImpl (RaftServerImpl.java:start(181)) - 06380598-6755-4f22-bec2-9517843746f9@group-A43ACF8B5DFF: start as a follower, conf=-1: [06380598-6755-4f22-bec2-9517843746f9:192.168.151.75:43260, 64a59515-2969-499c-a8c6-e7b2c46355f3:192.168.151.75:44677, cdfd9313-e709-45a0-aad5-fb04704b1f7d:192.168.151.75:43040], old=null
2019-10-07 22:21:30,061 [pool-27-thread-1] INFO  impl.RaftServerImpl (RaftServerImpl.java:setRole(170)) - 06380598-6755-4f22-bec2-9517843746f9@group-A43ACF8B5DFF: changes role from      null to FOLLOWER at term 0 for startAsFollower
2019-10-07 22:21:30,061 [pool-27-thread-1] INFO  impl.RoleInfo (RoleInfo.java:updateAndGet(143)) - 06380598-6755-4f22-bec2-9517843746f9: start FollowerState
2019-10-07 22:21:30,061 [pool-27-thread-1] INFO  util.JmxRegister (JmxRegister.java:tryRegister(44)) - Successfully registered JMX Bean with object name Ratis:service=RaftServer,group=group-A43ACF8B5DFF,id=06380598-6755-4f22-bec2-9517843746f9
2019-10-07 22:21:30,062 [pool-37-thread-1] INFO  impl.RaftServerImpl (RaftServerImpl.java:start(181)) - cdfd9313-e709-45a0-aad5-fb04704b1f7d@group-A43ACF8B5DFF: start as a follower, conf=-1: [06380598-6755-4f22-bec2-9517843746f9:192.168.151.75:43260, 64a59515-2969-499c-a8c6-e7b2c46355f3:192.168.151.75:44677, cdfd9313-e709-45a0-aad5-fb04704b1f7d:192.168.151.75:43040], old=null
2019-10-07 22:21:30,062 [pool-37-thread-1] INFO  impl.RaftServerImpl (RaftServerImpl.java:setRole(170)) - cdfd9313-e709-45a0-aad5-fb04704b1f7d@group-A43ACF8B5DFF: changes role from      null to FOLLOWER at term 0 for startAsFollower
2019-10-07 22:21:30,062 [pool-37-thread-1] INFO  impl.RoleInfo (RoleInfo.java:updateAndGet(143)) - cdfd9313-e709-45a0-aad5-fb04704b1f7d: start FollowerState
2019-10-07 22:21:30,063 [pool-47-thread-1] INFO  impl.RaftServerImpl (RaftServerImpl.java:start(181)) - 64a59515-2969-499c-a8c6-e7b2c46355f3@group-A43ACF8B5DFF: start as a follower, conf=-1: [06380598-6755-4f22-bec2-9517843746f9:192.168.151.75:43260, 64a59515-2969-499c-a8c6-e7b2c46355f3:192.168.151.75:44677, cdfd9313-e709-45a0-aad5-fb04704b1f7d:192.168.151.75:43040], old=null
2019-10-07 22:21:30,063 [pool-37-thread-1] INFO  util.JmxRegister (JmxRegister.java:tryRegister(44)) - Successfully registered JMX Bean with object name Ratis:service=RaftServer,group=group-A43ACF8B5DFF,id=cdfd9313-e709-45a0-aad5-fb04704b1f7d
2019-10-07 22:21:30,063 [pool-47-thread-1] INFO  impl.RaftServerImpl (RaftServerImpl.java:setRole(170)) - 64a59515-2969-499c-a8c6-e7b2c46355f3@group-A43ACF8B5DFF: changes role from      null to FOLLOWER at term 0 for startAsFollower
2019-10-07 22:21:30,063 [pool-47-thread-1] INFO  impl.RoleInfo (RoleInfo.java:updateAndGet(143)) - 64a59515-2969-499c-a8c6-e7b2c46355f3: start FollowerState
2019-10-07 22:21:30,063 [pool-47-thread-1] INFO  util.JmxRegister (JmxRegister.java:tryRegister(44)) - Successfully registered JMX Bean with object name Ratis:service=RaftServer,group=group-A43ACF8B5DFF,id=64a59515-2969-499c-a8c6-e7b2c46355f3
2019-10-07 22:21:30,086 [RatisPipelineUtilsThread] INFO  pipeline.PipelineStateManager (PipelineStateManager.java:addPipeline(57)) - Created pipeline Pipeline[ Id: 362338b8-0355-4ee4-979e-a43acf8b5dff, Nodes: cdfd9313-e709-45a0-aad5-fb04704b1f7d{ip: 192.168.151.75, host: pr-hdds-1868-k864b-3611000933, networkLocation: /default-rack, certSerialId: null}64a59515-2969-499c-a8c6-e7b2c46355f3{ip: 192.168.151.75, host: pr-hdds-1868-k864b-3611000933, networkLocation: /default-rack, certSerialId: null}06380598-6755-4f22-bec2-9517843746f9{ip: 192.168.151.75, host: pr-hdds-1868-k864b-3611000933, networkLocation: /default-rack, certSerialId: null}, Type:RATIS, Factor:THREE, State:ALLOCATED]
2019-10-07 22:21:30,088 [Thread-178] INFO  pipeline.PipelineStateManager (PipelineStateManager.java:finalizePipeline(123)) - Pipeline Pipeline[ Id: da8c3430-eb5c-4e17-a8ac-72f6465eb329, Nodes: 06380598-6755-4f22-bec2-9517843746f9{ip: 192.168.151.75, host: pr-hdds-1868-k864b-3611000933, networkLocation: /default-rack, certSerialId: null}, Type:RATIS, Factor:ONE, State:CLOSED] moved to CLOSED state
2019-10-07 22:21:30,099 [grpc-default-executor-2] INFO  impl.RaftServerProxy (RaftServerProxy.java:remove(95)) - 06380598-6755-4f22-bec2-9517843746f9: remove  FOLLOWER 06380598-6755-4f22-bec2-9517843746f9@group-72F6465EB329:t0, leader=null, voted=null, raftlog=06380598-6755-4f22-bec2-9517843746f9@group-72F6465EB329-SegmentedRaftLog:OPENED:c-1,f-1,i0, conf=-1: [06380598-6755-4f22-bec2-9517843746f9:192.168.151.75:43260], old=null RUNNING
2019-10-07 22:21:30,100 [grpc-default-executor-2] INFO  impl.RaftServerImpl (RaftServerImpl.java:lambda$shutdown$3(247)) - 06380598-6755-4f22-bec2-9517843746f9@group-72F6465EB329: shutdown
2019-10-07 22:21:30,100 [grpc-default-executor-2] INFO  util.JmxRegister (JmxRegister.java:unregister(73)) - Successfully un-registered JMX Bean with object name Ratis:service=RaftServer,group=group-72F6465EB329,id=06380598-6755-4f22-bec2-9517843746f9
2019-10-07 22:21:30,101 [grpc-default-executor-2] INFO  impl.RoleInfo (RoleInfo.java:shutdownFollowerState(121)) - 06380598-6755-4f22-bec2-9517843746f9: shutdown FollowerState
2019-10-07 22:21:30,101 [grpc-default-executor-2] INFO  impl.StateMachineUpdater (StateMachineUpdater.java:stopAndJoin(136)) - 06380598-6755-4f22-bec2-9517843746f9@group-72F6465EB329-StateMachineUpdater: set stopIndex = -1
2019-10-07 22:21:30,101 [Thread-180] INFO  impl.FollowerState (FollowerState.java:run(117)) - 06380598-6755-4f22-bec2-9517843746f9@group-72F6465EB329-FollowerState was interrupted: java.lang.InterruptedException: sleep interrupted
2019-10-07 22:21:30,102 [grpc-default-executor-2] INFO  impl.RaftServerImpl (ServerState.java:close(387)) - 06380598-6755-4f22-bec2-9517843746f9@group-72F6465EB329: closes. applyIndex: -1
2019-10-07 22:21:30,103 [06380598-6755-4f22-bec2-9517843746f9@group-72F6465EB329-SegmentedRaftLogWorker] INFO  segmented.SegmentedRaftLogWorker (SegmentedRaftLogWorker.java:run(316)) - 06380598-6755-4f22-bec2-9517843746f9@group-72F6465EB329-SegmentedRaftLogWorker was interrupted, exiting. There are 0 tasks remaining in the queue.
2019-10-07 22:21:30,103 [grpc-default-executor-2] INFO  segmented.SegmentedRaftLogWorker (SegmentedRaftLogWorker.java:close(224)) - 06380598-6755-4f22-bec2-9517843746f9@group-72F6465EB329-SegmentedRaftLogWorker close()
2019-10-07 22:21:30,110 [Thread-178] INFO  pipeline.PipelineStateManager (PipelineStateManager.java:removePipeline(108)) - Pipeline Pipeline[ Id: da8c3430-eb5c-4e17-a8ac-72f6465eb329, Nodes: 06380598-6755-4f22-bec2-9517843746f9{ip: 192.168.151.75, host: pr-hdds-1868-k864b-3611000933, networkLocation: /default-rack, certSerialId: null}, Type:RATIS, Factor:ONE, State:CLOSED] removed from db
2019-10-07 22:21:30,111 [Thread-178] INFO  pipeline.SCMPipelineManager (SCMPipelineManager.java:finalizeAndDestroyPipeline(315)) - destroying pipeline:Pipeline[ Id: 620f0261-1e1a-4497-a662-2d237d485e41, Nodes: 64a59515-2969-499c-a8c6-e7b2c46355f3{ip: 192.168.151.75, host: pr-hdds-1868-k864b-3611000933, networkLocation: /default-rack, certSerialId: null}, Type:RATIS, Factor:ONE, State:ALLOCATED]
2019-10-07 22:21:30,126 [grpc-default-executor-2] INFO  impl.RaftServerProxy (RaftServerProxy.java:addNew(89)) - 06380598-6755-4f22-bec2-9517843746f9: addNew group-50E385B3DA3F:[06380598-6755-4f22-bec2-9517843746f9:192.168.151.75:43260] returns group-50E385B3DA3F:java.util.concurrent.CompletableFuture@7230fa26[Not completed]
2019-10-07 22:21:30,128 [pool-27-thread-1] INFO  impl.RaftServerImpl (RaftServerImpl.java:<init>(95)) - 06380598-6755-4f22-bec2-9517843746f9: new RaftServerImpl for group-50E385B3DA3F:[06380598-6755-4f22-bec2-9517843746f9:192.168.151.75:43260] with ContainerStateMachine:uninitialized
2019-10-07 22:21:30,129 [pool-27-thread-1] INFO  server.RaftServerConfigKeys (ConfUtils.java:logGet(43)) - raft.server.rpc.timeout.min = 5s (custom)
2019-10-07 22:21:30,129 [pool-27-thread-1] INFO  server.RaftServerConfigKeys (ConfUtils.java:logGet(43)) - raft.server.rpc.timeout.max = 5200ms (custom)
2019-10-07 22:21:30,129 [pool-27-thread-1] INFO  server.RaftServerConfigKeys (ConfUtils.java:logGet(43)) - raft.server.rpcslowness.timeout = 120s (custom)
2019-10-07 22:21:30,129 [pool-27-thread-1] INFO  server.RaftServerConfigKeys (ConfUtils.java:logGet(43)) - raft.server.sleep.deviation.threshold = 300 (default)
2019-10-07 22:21:30,129 [pool-27-thread-1] INFO  server.RaftServerConfigKeys (ConfUtils.java:logGet(43)) - raft.server.log.appender.install.snapshot.enabled = false (custom)
2019-10-07 22:21:30,129 [pool-27-thread-1] INFO  impl.RaftServerImpl (ServerState.java:<init>(103)) - 06380598-6755-4f22-bec2-9517843746f9@group-50E385B3DA3F: ConfigurationManager, init=-1: [06380598-6755-4f22-bec2-9517843746f9:192.168.151.75:43260], old=null, confs=<EMPTY_MAP>
2019-10-07 22:21:30,130 [pool-27-thread-1] INFO  server.RaftServerConfigKeys (ConfUtils.java:logGet(43)) - raft.server.storage.dir = [/workdir/hadoop-ozone/integration-test/target/test-dir/MiniOzoneClusterImpl-e98591d2-3ad0-4fa0-a2a5-26850085fcad/datanode-0/data/ratis] (custom)
2019-10-07 22:21:30,130 [pool-27-thread-1] INFO  server.RaftServerConfigKeys (ConfUtils.java:logGet(43)) - raft.server.log.corruption.policy = EXCEPTION (default)
2019-10-07 22:21:30,130 [pool-27-thread-1] INFO  storage.RaftStorageDirectory (RaftStorageDirectory.java:analyzeStorage(246)) - The storage directory /workdir/hadoop-ozone/integration-test/target/test-dir/MiniOzoneClusterImpl-e98591d2-3ad0-4fa0-a2a5-26850085fcad/datanode-0/data/ratis/58fc79e1-3b9f-4fa3-9ca0-50e385b3da3f does not exist. Creating ...
2019-10-07 22:21:30,143 [pool-27-thread-1] INFO  storage.RaftStorageDirectory (RaftStorageDirectory.java:tryLock(328)) - Lock on /workdir/hadoop-ozone/integration-test/target/test-dir/MiniOzoneClusterImpl-e98591d2-3ad0-4fa0-a2a5-26850085fcad/datanode-0/data/ratis/58fc79e1-3b9f-4fa3-9ca0-50e385b3da3f/in_use.lock acquired by nodename 21146@pr-hdds-1868-k864b-3611000933
2019-10-07 22:21:30,169 [pool-27-thread-1] INFO  storage.RaftStorage (RaftStorage.java:format(84)) - Storage directory /workdir/hadoop-ozone/integration-test/target/test-dir/MiniOzoneClusterImpl-e98591d2-3ad0-4fa0-a2a5-26850085fcad/datanode-0/data/ratis/58fc79e1-3b9f-4fa3-9ca0-50e385b3da3f has been successfully formatted.
2019-10-07 22:21:30,170 [pool-27-thread-1] INFO  ratis.ContainerStateMachine (ContainerStateMachine.java:loadSnapshot(233)) - group-50E385B3DA3F: The snapshot info is null. Setting the last applied indexto:(t:0, i:~)
2019-10-07 22:21:30,170 [pool-27-thread-1] INFO  server.RaftServerConfigKeys (ConfUtils.java:logGet(43)) - raft.server.notification.no-leader.timeout = 120s (custom)
2019-10-07 22:21:30,170 [pool-27-thread-1] INFO  server.RaftServerConfigKeys (ConfUtils.java:logGet(43)) - raft.server.log.use.memory = false (default)
2019-10-07 22:21:30,170 [pool-27-thread-1] INFO  server.RaftServerConfigKeys (ConfUtils.java:logGet(43)) - raft.server.log.purge.gap = 1000000 (custom)
2019-10-07 22:21:30,170 [pool-27-thread-1] INFO  server.RaftServerConfigKeys (ConfUtils.java:logGet(43)) - raft.server.log.appender.buffer.byte-limit = 33554432 (custom)
2019-10-07 22:21:30,170 [pool-27-thread-1] INFO  server.RaftServerConfigKeys (ConfUtils.java:logGet(43)) - raft.server.log.segment.size.max = 1048576 (custom)
2019-10-07 22:21:30,171 [pool-27-thread-1] INFO  server.RaftServerConfigKeys (ConfUtils.java:logGet(43)) - raft.server.log.segment.cache.num.max = 2 (custom)
2019-10-07 22:21:30,171 [pool-27-thread-1] INFO  segmented.SegmentedRaftLogWorker (SegmentedRaftLogWorker.java:<init>(173)) - new 06380598-6755-4f22-bec2-9517843746f9@group-50E385B3DA3F-SegmentedRaftLogWorker for RaftStorage:Storage Directory /workdir/hadoop-ozone/integration-test/target/test-dir/MiniOzoneClusterImpl-e98591d2-3ad0-4fa0-a2a5-26850085fcad/datanode-0/data/ratis/58fc79e1-3b9f-4fa3-9ca0-50e385b3da3f
2019-10-07 22:21:30,171 [pool-27-thread-1] INFO  server.RaftServerConfigKeys (ConfUtils.java:logGet(43)) - raft.server.log.queue.byte-limit = 2147483647 (custom)
2019-10-07 22:21:30,171 [pool-27-thread-1] INFO  server.RaftServerConfigKeys (ConfUtils.java:logGet(43)) - raft.server.log.queue.element-limit = 1024 (custom)
2019-10-07 22:21:30,171 [pool-27-thread-1] INFO  server.RaftServerConfigKeys (ConfUtils.java:logGet(43)) - raft.server.log.segment.size.max = 1048576 (custom)
2019-10-07 22:21:30,171 [pool-27-thread-1] INFO  server.RaftServerConfigKeys (ConfUtils.java:logGet(43)) - raft.server.log.preallocated.size = 16384 (custom)
2019-10-07 22:21:30,171 [pool-27-thread-1] INFO  server.RaftServerConfigKeys (ConfUtils.java:logGet(43)) - raft.server.log.write.buffer.size = 33554432 (custom)
2019-10-07 22:21:30,171 [pool-27-thread-1] INFO  server.RaftServerConfigKeys (ConfUtils.java:logGet(43)) - raft.server.log.force.sync.num = 128 (default)
2019-10-07 22:21:30,172 [pool-27-thread-1] INFO  server.RaftServerConfigKeys (ConfUtils.java:logGet(43)) - raft.server.log.statemachine.data.sync = true (default)
2019-10-07 22:21:30,172 [pool-27-thread-1] INFO  server.RaftServerConfigKeys (ConfUtils.java:logGet(43)) - raft.server.log.statemachine.data.sync.timeout = 10s (default)
2019-10-07 22:21:30,172 [pool-27-thread-1] INFO  server.RaftServerConfigKeys (ConfUtils.java:logGet(43)) - raft.server.log.statemachine.data.sync.timeout.retry = -1 (default)
2019-10-07 22:21:30,172 [pool-27-thread-1] INFO  server.RaftServerConfigKeys (ConfUtils.java:logGet(43)) - raft.server.log.statemachine.data.caching.enabled = true (custom)
2019-10-07 22:21:30,172 [pool-27-thread-1] INFO  segmented.SegmentedRaftLogWorker (SegmentedRaftLogWorker.java:lambda$new$0(128)) - 06380598-6755-4f22-bec2-9517843746f9@group-50E385B3DA3F-SegmentedRaftLogWorker: flushIndex: setUnconditionally 0 -> -1
2019-10-07 22:21:30,173 [pool-27-thread-1] INFO  server.RaftServerConfigKeys (ConfUtils.java:logGet(43)) - raft.server.snapshot.auto.trigger.enabled = true (custom)
2019-10-07 22:21:30,173 [pool-27-thread-1] INFO  server.RaftServerConfigKeys (ConfUtils.java:logGet(43)) - raft.server.snapshot.auto.trigger.threshold = 10000 (custom)
2019-10-07 22:21:30,173 [pool-27-thread-1] INFO  server.RaftServerConfigKeys (ConfUtils.java:logGet(43)) - raft.server.snapshot.retention.file.num = 5 (custom)
2019-10-07 22:21:30,173 [pool-27-thread-1] INFO  server.RaftServerConfigKeys (ConfUtils.java:logGet(43)) - raft.server.retrycache.expirytime = 600000ms (custom)
2019-10-07 22:21:30,176 [pool-27-thread-1] INFO  impl.RaftServerImpl (RaftServerImpl.java:start(181)) - 06380598-6755-4f22-bec2-9517843746f9@group-50E385B3DA3F: start as a follower, conf=-1: [06380598-6755-4f22-bec2-9517843746f9:192.168.151.75:43260], old=null
2019-10-07 22:21:30,176 [pool-27-thread-1] INFO  impl.RaftServerImpl (RaftServerImpl.java:setRole(170)) - 06380598-6755-4f22-bec2-9517843746f9@group-50E385B3DA3F: changes role from      null to FOLLOWER at term 0 for startAsFollower
2019-10-07 22:21:30,176 [pool-27-thread-1] INFO  impl.RoleInfo (RoleInfo.java:updateAndGet(143)) - 06380598-6755-4f22-bec2-9517843746f9: start FollowerState
2019-10-07 22:21:30,176 [pool-27-thread-1] INFO  util.JmxRegister (JmxRegister.java:tryRegister(44)) - Successfully registered JMX Bean with object name Ratis:service=RaftServer,group=group-50E385B3DA3F,id=06380598-6755-4f22-bec2-9517843746f9
2019-10-07 22:21:30,184 [RatisPipelineUtilsThread] INFO  pipeline.PipelineStateManager (PipelineStateManager.java:addPipeline(57)) - Created pipeline Pipeline[ Id: 58fc79e1-3b9f-4fa3-9ca0-50e385b3da3f, Nodes: 06380598-6755-4f22-bec2-9517843746f9{ip: 192.168.151.75, host: pr-hdds-1868-k864b-3611000933, networkLocation: /default-rack, certSerialId: null}, Type:RATIS, Factor:ONE, State:ALLOCATED]
2019-10-07 22:21:30,186 [Thread-178] INFO  pipeline.PipelineStateManager (PipelineStateManager.java:finalizePipeline(123)) - Pipeline Pipeline[ Id: 620f0261-1e1a-4497-a662-2d237d485e41, Nodes: 64a59515-2969-499c-a8c6-e7b2c46355f3{ip: 192.168.151.75, host: pr-hdds-1868-k864b-3611000933, networkLocation: /default-rack, certSerialId: null}, Type:RATIS, Factor:ONE, State:CLOSED] moved to CLOSED state
2019-10-07 22:21:30,201 [grpc-default-executor-2] INFO  impl.RaftServerProxy (RaftServerProxy.java:remove(95)) - 64a59515-2969-499c-a8c6-e7b2c46355f3: remove  FOLLOWER 64a59515-2969-499c-a8c6-e7b2c46355f3@group-2D237D485E41:t0, leader=null, voted=null, raftlog=64a59515-2969-499c-a8c6-e7b2c46355f3@group-2D237D485E41-SegmentedRaftLog:OPENED:c-1,f-1,i0, conf=-1: [64a59515-2969-499c-a8c6-e7b2c46355f3:192.168.151.75:44677], old=null RUNNING
2019-10-07 22:21:30,201 [grpc-default-executor-2] INFO  impl.RaftServerImpl (RaftServerImpl.java:lambda$shutdown$3(247)) - 64a59515-2969-499c-a8c6-e7b2c46355f3@group-2D237D485E41: shutdown
2019-10-07 22:21:30,201 [grpc-default-executor-2] INFO  util.JmxRegister (JmxRegister.java:unregister(73)) - Successfully un-registered JMX Bean with object name Ratis:service=RaftServer,group=group-2D237D485E41,id=64a59515-2969-499c-a8c6-e7b2c46355f3
2019-10-07 22:21:30,202 [grpc-default-executor-2] INFO  impl.RoleInfo (RoleInfo.java:shutdownFollowerState(121)) - 64a59515-2969-499c-a8c6-e7b2c46355f3: shutdown FollowerState
2019-10-07 22:21:30,202 [grpc-default-executor-2] INFO  impl.StateMachineUpdater (StateMachineUpdater.java:stopAndJoin(136)) - 64a59515-2969-499c-a8c6-e7b2c46355f3@group-2D237D485E41-StateMachineUpdater: set stopIndex = -1
2019-10-07 22:21:30,202 [Thread-186] INFO  impl.FollowerState (FollowerState.java:run(117)) - 64a59515-2969-499c-a8c6-e7b2c46355f3@group-2D237D485E41-FollowerState was interrupted: java.lang.InterruptedException: sleep interrupted
2019-10-07 22:21:30,203 [grpc-default-executor-2] INFO  impl.RaftServerImpl (ServerState.java:close(387)) - 64a59515-2969-499c-a8c6-e7b2c46355f3@group-2D237D485E41: closes. applyIndex: -1
2019-10-07 22:21:30,204 [64a59515-2969-499c-a8c6-e7b2c46355f3@group-2D237D485E41-SegmentedRaftLogWorker] INFO  segmented.SegmentedRaftLogWorker (SegmentedRaftLogWorker.java:run(316)) - 64a59515-2969-499c-a8c6-e7b2c46355f3@group-2D237D485E41-SegmentedRaftLogWorker was interrupted, exiting. There are 0 tasks remaining in the queue.
2019-10-07 22:21:30,205 [grpc-default-executor-2] INFO  segmented.SegmentedRaftLogWorker (SegmentedRaftLogWorker.java:close(224)) - 64a59515-2969-499c-a8c6-e7b2c46355f3@group-2D237D485E41-SegmentedRaftLogWorker close()
2019-10-07 22:21:30,212 [Thread-178] INFO  pipeline.PipelineStateManager (PipelineStateManager.java:removePipeline(108)) - Pipeline Pipeline[ Id: 620f0261-1e1a-4497-a662-2d237d485e41, Nodes: 64a59515-2969-499c-a8c6-e7b2c46355f3{ip: 192.168.151.75, host: pr-hdds-1868-k864b-3611000933, networkLocation: /default-rack, certSerialId: null}, Type:RATIS, Factor:ONE, State:CLOSED] removed from db
2019-10-07 22:21:30,221 [grpc-default-executor-2] INFO  impl.RaftServerProxy (RaftServerProxy.java:addNew(89)) - 64a59515-2969-499c-a8c6-e7b2c46355f3: addNew group-EAE99C94B1FF:[64a59515-2969-499c-a8c6-e7b2c46355f3:192.168.151.75:44677] returns group-EAE99C94B1FF:java.util.concurrent.CompletableFuture@1d73f4ff[Not completed]
2019-10-07 22:21:30,223 [pool-47-thread-1] INFO  impl.RaftServerImpl (RaftServerImpl.java:<init>(95)) - 64a59515-2969-499c-a8c6-e7b2c46355f3: new RaftServerImpl for group-EAE99C94B1FF:[64a59515-2969-499c-a8c6-e7b2c46355f3:192.168.151.75:44677] with ContainerStateMachine:uninitialized
2019-10-07 22:21:30,223 [pool-47-thread-1] INFO  server.RaftServerConfigKeys (ConfUtils.java:logGet(43)) - raft.server.rpc.timeout.min = 5s (custom)
2019-10-07 22:21:30,223 [pool-47-thread-1] INFO  server.RaftServerConfigKeys (ConfUtils.java:logGet(43)) - raft.server.rpc.timeout.max = 5200ms (custom)
2019-10-07 22:21:30,224 [pool-47-thread-1] INFO  server.RaftServerConfigKeys (ConfUtils.java:logGet(43)) - raft.server.rpcslowness.timeout = 120s (custom)
2019-10-07 22:21:30,224 [pool-47-thread-1] INFO  server.RaftServerConfigKeys (ConfUtils.java:logGet(43)) - raft.server.sleep.deviation.threshold = 300 (default)
2019-10-07 22:21:30,224 [pool-47-thread-1] INFO  server.RaftServerConfigKeys (ConfUtils.java:logGet(43)) - raft.server.log.appender.install.snapshot.enabled = false (custom)
2019-10-07 22:21:30,224 [pool-47-thread-1] INFO  impl.RaftServerImpl (ServerState.java:<init>(103)) - 64a59515-2969-499c-a8c6-e7b2c46355f3@group-EAE99C94B1FF: ConfigurationManager, init=-1: [64a59515-2969-499c-a8c6-e7b2c46355f3:192.168.151.75:44677], old=null, confs=<EMPTY_MAP>
2019-10-07 22:21:30,224 [pool-47-thread-1] INFO  server.RaftServerConfigKeys (ConfUtils.java:logGet(43)) - raft.server.storage.dir = [/workdir/hadoop-ozone/integration-test/target/test-dir/MiniOzoneClusterImpl-e98591d2-3ad0-4fa0-a2a5-26850085fcad/datanode-2/data/ratis] (custom)
2019-10-07 22:21:30,225 [pool-47-thread-1] INFO  server.RaftServerConfigKeys (ConfUtils.java:logGet(43)) - raft.server.log.corruption.policy = EXCEPTION (default)
2019-10-07 22:21:30,225 [pool-47-thread-1] INFO  storage.RaftStorageDirectory (RaftStorageDirectory.java:analyzeStorage(246)) - The storage directory /workdir/hadoop-ozone/integration-test/target/test-dir/MiniOzoneClusterImpl-e98591d2-3ad0-4fa0-a2a5-26850085fcad/datanode-2/data/ratis/8b5ba0e7-f4ff-4cc8-b3c7-eae99c94b1ff does not exist. Creating ...
2019-10-07 22:21:30,250 [pool-47-thread-1] INFO  storage.RaftStorageDirectory (RaftStorageDirectory.java:tryLock(328)) - Lock on /workdir/hadoop-ozone/integration-test/target/test-dir/MiniOzoneClusterImpl-e98591d2-3ad0-4fa0-a2a5-26850085fcad/datanode-2/data/ratis/8b5ba0e7-f4ff-4cc8-b3c7-eae99c94b1ff/in_use.lock acquired by nodename 21146@pr-hdds-1868-k864b-3611000933
2019-10-07 22:21:30,264 [pool-47-thread-1] INFO  storage.RaftStorage (RaftStorage.java:format(84)) - Storage directory /workdir/hadoop-ozone/integration-test/target/test-dir/MiniOzoneClusterImpl-e98591d2-3ad0-4fa0-a2a5-26850085fcad/datanode-2/data/ratis/8b5ba0e7-f4ff-4cc8-b3c7-eae99c94b1ff has been successfully formatted.
2019-10-07 22:21:30,264 [pool-47-thread-1] INFO  ratis.ContainerStateMachine (ContainerStateMachine.java:loadSnapshot(233)) - group-EAE99C94B1FF: The snapshot info is null. Setting the last applied indexto:(t:0, i:~)
2019-10-07 22:21:30,265 [pool-47-thread-1] INFO  server.RaftServerConfigKeys (ConfUtils.java:logGet(43)) - raft.server.notification.no-leader.timeout = 120s (custom)
2019-10-07 22:21:30,265 [pool-47-thread-1] INFO  server.RaftServerConfigKeys (ConfUtils.java:logGet(43)) - raft.server.log.use.memory = false (default)
2019-10-07 22:21:30,265 [pool-47-thread-1] INFO  server.RaftServerConfigKeys (ConfUtils.java:logGet(43)) - raft.server.log.purge.gap = 1000000 (custom)
2019-10-07 22:21:30,265 [pool-47-thread-1] INFO  server.RaftServerConfigKeys (ConfUtils.java:logGet(43)) - raft.server.log.appender.buffer.byte-limit = 33554432 (custom)
2019-10-07 22:21:30,265 [pool-47-thread-1] INFO  server.RaftServerConfigKeys (ConfUtils.java:logGet(43)) - raft.server.log.segment.size.max = 1048576 (custom)
2019-10-07 22:21:30,266 [pool-47-thread-1] INFO  server.RaftServerConfigKeys (ConfUtils.java:logGet(43)) - raft.server.log.segment.cache.num.max = 2 (custom)
2019-10-07 22:21:30,266 [pool-47-thread-1] INFO  segmented.SegmentedRaftLogWorker (SegmentedRaftLogWorker.java:<init>(173)) - new 64a59515-2969-499c-a8c6-e7b2c46355f3@group-EAE99C94B1FF-SegmentedRaftLogWorker for RaftStorage:Storage Directory /workdir/hadoop-ozone/integration-test/target/test-dir/MiniOzoneClusterImpl-e98591d2-3ad0-4fa0-a2a5-26850085fcad/datanode-2/data/ratis/8b5ba0e7-f4ff-4cc8-b3c7-eae99c94b1ff
2019-10-07 22:21:30,266 [pool-47-thread-1] INFO  server.RaftServerConfigKeys (ConfUtils.java:logGet(43)) - raft.server.log.queue.byte-limit = 2147483647 (custom)
2019-10-07 22:21:30,266 [pool-47-thread-1] INFO  server.RaftServerConfigKeys (ConfUtils.java:logGet(43)) - raft.server.log.queue.element-limit = 1024 (custom)
2019-10-07 22:21:30,266 [pool-47-thread-1] INFO  server.RaftServerConfigKeys (ConfUtils.java:logGet(43)) - raft.server.log.segment.size.max = 1048576 (custom)
2019-10-07 22:21:30,266 [pool-47-thread-1] INFO  server.RaftServerConfigKeys (ConfUtils.java:logGet(43)) - raft.server.log.preallocated.size = 16384 (custom)
2019-10-07 22:21:30,267 [pool-47-thread-1] INFO  server.RaftServerConfigKeys (ConfUtils.java:logGet(43)) - raft.server.log.write.buffer.size = 33554432 (custom)
2019-10-07 22:21:30,267 [pool-47-thread-1] INFO  server.RaftServerConfigKeys (ConfUtils.java:logGet(43)) - raft.server.log.force.sync.num = 128 (default)
2019-10-07 22:21:30,267 [pool-47-thread-1] INFO  server.RaftServerConfigKeys (ConfUtils.java:logGet(43)) - raft.server.log.statemachine.data.sync = true (default)
2019-10-07 22:21:30,267 [pool-47-thread-1] INFO  server.RaftServerConfigKeys (ConfUtils.java:logGet(43)) - raft.server.log.statemachine.data.sync.timeout = 10s (default)
2019-10-07 22:21:30,267 [pool-47-thread-1] INFO  server.RaftServerConfigKeys (ConfUtils.java:logGet(43)) - raft.server.log.statemachine.data.sync.timeout.retry = -1 (default)
2019-10-07 22:21:30,268 [pool-47-thread-1] INFO  server.RaftServerConfigKeys (ConfUtils.java:logGet(43)) - raft.server.log.statemachine.data.caching.enabled = true (custom)
2019-10-07 22:21:30,268 [pool-47-thread-1] INFO  segmented.SegmentedRaftLogWorker (SegmentedRaftLogWorker.java:lambda$new$0(128)) - 64a59515-2969-499c-a8c6-e7b2c46355f3@group-EAE99C94B1FF-SegmentedRaftLogWorker: flushIndex: setUnconditionally 0 -> -1
2019-10-07 22:21:30,268 [pool-47-thread-1] INFO  server.RaftServerConfigKeys (ConfUtils.java:logGet(43)) - raft.server.snapshot.auto.trigger.enabled = true (custom)
2019-10-07 22:21:30,268 [pool-47-thread-1] INFO  server.RaftServerConfigKeys (ConfUtils.java:logGet(43)) - raft.server.snapshot.auto.trigger.threshold = 10000 (custom)
2019-10-07 22:21:30,269 [pool-47-thread-1] INFO  server.RaftServerConfigKeys (ConfUtils.java:logGet(43)) - raft.server.snapshot.retention.file.num = 5 (custom)
2019-10-07 22:21:30,269 [pool-47-thread-1] INFO  server.RaftServerConfigKeys (ConfUtils.java:logGet(43)) - raft.server.retrycache.expirytime = 600000ms (custom)
2019-10-07 22:21:30,272 [pool-47-thread-1] INFO  impl.RaftServerImpl (RaftServerImpl.java:start(181)) - 64a59515-2969-499c-a8c6-e7b2c46355f3@group-EAE99C94B1FF: start as a follower, conf=-1: [64a59515-2969-499c-a8c6-e7b2c46355f3:192.168.151.75:44677], old=null
2019-10-07 22:21:30,272 [pool-47-thread-1] INFO  impl.RaftServerImpl (RaftServerImpl.java:setRole(170)) - 64a59515-2969-499c-a8c6-e7b2c46355f3@group-EAE99C94B1FF: changes role from      null to FOLLOWER at term 0 for startAsFollower
2019-10-07 22:21:30,272 [pool-47-thread-1] INFO  impl.RoleInfo (RoleInfo.java:updateAndGet(143)) - 64a59515-2969-499c-a8c6-e7b2c46355f3: start FollowerState
2019-10-07 22:21:30,273 [pool-47-thread-1] INFO  util.JmxRegister (JmxRegister.java:tryRegister(44)) - Successfully registered JMX Bean with object name Ratis:service=RaftServer,group=group-EAE99C94B1FF,id=64a59515-2969-499c-a8c6-e7b2c46355f3
2019-10-07 22:21:30,281 [RatisPipelineUtilsThread] INFO  pipeline.PipelineStateManager (PipelineStateManager.java:addPipeline(57)) - Created pipeline Pipeline[ Id: 8b5ba0e7-f4ff-4cc8-b3c7-eae99c94b1ff, Nodes: 64a59515-2969-499c-a8c6-e7b2c46355f3{ip: 192.168.151.75, host: pr-hdds-1868-k864b-3611000933, networkLocation: /default-rack, certSerialId: null}, Type:RATIS, Factor:ONE, State:ALLOCATED]
2019-10-07 22:21:30,977 [main] INFO  ozone.MiniOzoneClusterImpl (MiniOzoneClusterImpl.java:lambda$waitForClusterToBeReady$2(164)) - Waiting for 4 number of pipelines out of 4, to report a leader.
2019-10-07 22:21:31,977 [main] INFO  ozone.MiniOzoneClusterImpl (MiniOzoneClusterImpl.java:lambda$waitForClusterToBeReady$2(164)) - Waiting for 4 number of pipelines out of 4, to report a leader.
2019-10-07 22:21:32,978 [main] INFO  ozone.MiniOzoneClusterImpl (MiniOzoneClusterImpl.java:lambda$waitForClusterToBeReady$2(164)) - Waiting for 4 number of pipelines out of 4, to report a leader.
2019-10-07 22:21:33,979 [main] INFO  ozone.MiniOzoneClusterImpl (MiniOzoneClusterImpl.java:lambda$waitForClusterToBeReady$2(164)) - Waiting for 4 number of pipelines out of 4, to report a leader.
2019-10-07 22:21:34,897 [Thread-200] INFO  impl.FollowerState (FollowerState.java:run(108)) - cdfd9313-e709-45a0-aad5-fb04704b1f7d@group-53A5DE1F5D7B-FollowerState: change to CANDIDATE, lastRpcTime:5016ms, electionTimeout:5015ms
2019-10-07 22:21:34,900 [Thread-200] INFO  impl.RoleInfo (RoleInfo.java:shutdownFollowerState(121)) - cdfd9313-e709-45a0-aad5-fb04704b1f7d: shutdown FollowerState
2019-10-07 22:21:34,901 [Thread-200] INFO  impl.RaftServerImpl (RaftServerImpl.java:setRole(170)) - cdfd9313-e709-45a0-aad5-fb04704b1f7d@group-53A5DE1F5D7B: changes role from  FOLLOWER to CANDIDATE at term 0 for changeToCandidate
2019-10-07 22:21:34,908 [Thread-200] INFO  impl.RoleInfo (RoleInfo.java:updateAndGet(143)) - cdfd9313-e709-45a0-aad5-fb04704b1f7d: start LeaderElection
2019-10-07 22:21:34,938 [cdfd9313-e709-45a0-aad5-fb04704b1f7d@group-53A5DE1F5D7B-LeaderElection1] INFO  impl.LeaderElection (LeaderElection.java:askForVotes(178)) - cdfd9313-e709-45a0-aad5-fb04704b1f7d@group-53A5DE1F5D7B-LeaderElection1: begin an election at term 1 for -1: [cdfd9313-e709-45a0-aad5-fb04704b1f7d:192.168.151.75:43040], old=null
2019-10-07 22:21:34,940 [cdfd9313-e709-45a0-aad5-fb04704b1f7d@group-53A5DE1F5D7B-LeaderElection1] INFO  impl.RoleInfo (RoleInfo.java:shutdownLeaderElection(134)) - cdfd9313-e709-45a0-aad5-fb04704b1f7d: shutdown LeaderElection
2019-10-07 22:21:34,941 [cdfd9313-e709-45a0-aad5-fb04704b1f7d@group-53A5DE1F5D7B-LeaderElection1] INFO  impl.RaftServerImpl (RaftServerImpl.java:setRole(170)) - cdfd9313-e709-45a0-aad5-fb04704b1f7d@group-53A5DE1F5D7B: changes role from CANDIDATE to LEADER at term 1 for changeToLeader
2019-10-07 22:21:34,941 [cdfd9313-e709-45a0-aad5-fb04704b1f7d@group-53A5DE1F5D7B-LeaderElection1] INFO  ratis.XceiverServerRatis (XceiverServerRatis.java:handleLeaderChangedNotification(702)) - Leader change notification received for group: group-53A5DE1F5D7B with new leaderId: cdfd9313-e709-45a0-aad5-fb04704b1f7d
2019-10-07 22:21:34,947 [cdfd9313-e709-45a0-aad5-fb04704b1f7d@group-53A5DE1F5D7B-LeaderElection1] INFO  impl.RaftServerImpl (ServerState.java:setLeader(255)) - cdfd9313-e709-45a0-aad5-fb04704b1f7d@group-53A5DE1F5D7B: change Leader from null to cdfd9313-e709-45a0-aad5-fb04704b1f7d at term 1 for becomeLeader, leader elected after 5067ms
2019-10-07 22:21:34,953 [cdfd9313-e709-45a0-aad5-fb04704b1f7d@group-53A5DE1F5D7B-LeaderElection1] INFO  server.RaftServerConfigKeys (ConfUtils.java:logGet(43)) - raft.server.staging.catchup.gap = 1000 (default)
2019-10-07 22:21:34,954 [cdfd9313-e709-45a0-aad5-fb04704b1f7d@group-53A5DE1F5D7B-LeaderElection1] INFO  server.RaftServerConfigKeys (ConfUtils.java:logGet(43)) - raft.server.rpc.sleep.time = 25ms (default)
2019-10-07 22:21:34,959 [cdfd9313-e709-45a0-aad5-fb04704b1f7d@group-53A5DE1F5D7B-LeaderElection1] INFO  server.RaftServerConfigKeys (ConfUtils.java:logGet(43)) - raft.server.write.element-limit = 4096 (default)
2019-10-07 22:21:34,963 [cdfd9313-e709-45a0-aad5-fb04704b1f7d@group-53A5DE1F5D7B-LeaderElection1] INFO  server.RaftServerConfigKeys (ConfUtils.java:logGet(43)) - raft.server.watch.timeout = 10s (default)
2019-10-07 22:21:34,963 [cdfd9313-e709-45a0-aad5-fb04704b1f7d@group-53A5DE1F5D7B-LeaderElection1] INFO  server.RaftServerConfigKeys (ConfUtils.java:logGet(43)) - raft.server.watch.timeout.denomination = 1s (default)
2019-10-07 22:21:34,964 [cdfd9313-e709-45a0-aad5-fb04704b1f7d@group-53A5DE1F5D7B-LeaderElection1] INFO  server.RaftServerConfigKeys (ConfUtils.java:logGet(43)) - raft.server.watch.element-limit = 65536 (default)
2019-10-07 22:21:34,973 [EventQueue-PipelineReportForPipelineReportHandler] INFO  pipeline.PipelineReportHandler (PipelineReportHandler.java:processPipelineReport(117)) - Pipeline PipelineID=362338b8-0355-4ee4-979e-a43acf8b5dff reported by cdfd9313-e709-45a0-aad5-fb04704b1f7d{ip: 192.168.151.75, host: pr-hdds-1868-k864b-3611000933, networkLocation: /default-rack, certSerialId: null} with leaderId 
2019-10-07 22:21:34,973 [EventQueue-PipelineReportForPipelineReportHandler] INFO  pipeline.PipelineReportHandler (PipelineReportHandler.java:processPipelineReport(117)) - Pipeline PipelineID=06987b43-e5ed-412d-b9c5-53a5de1f5d7b reported by cdfd9313-e709-45a0-aad5-fb04704b1f7d{ip: 192.168.151.75, host: pr-hdds-1868-k864b-3611000933, networkLocation: /default-rack, certSerialId: null} with leaderId cdfd9313-e709-45a0-aad5-fb04704b1f7d
2019-10-07 22:21:34,979 [EventQueue-PipelineReportForPipelineReportHandler] INFO  pipeline.PipelineStateManager (PipelineStateManager.java:openPipeline(136)) - Pipeline Pipeline[ Id: 06987b43-e5ed-412d-b9c5-53a5de1f5d7b, Nodes: cdfd9313-e709-45a0-aad5-fb04704b1f7d{ip: 192.168.151.75, host: pr-hdds-1868-k864b-3611000933, networkLocation: /default-rack, certSerialId: null}, Type:RATIS, Factor:ONE, State:OPEN] moved to OPEN state
2019-10-07 22:21:34,979 [cdfd9313-e709-45a0-aad5-fb04704b1f7d@group-53A5DE1F5D7B-LeaderElection1] INFO  impl.RoleInfo (RoleInfo.java:updateAndGet(143)) - cdfd9313-e709-45a0-aad5-fb04704b1f7d: start LeaderState
2019-10-07 22:21:34,980 [main] INFO  ozone.MiniOzoneClusterImpl (MiniOzoneClusterImpl.java:lambda$waitForClusterToBeReady$2(164)) - Waiting for 3 number of pipelines out of 4, to report a leader.
2019-10-07 22:21:35,001 [cdfd9313-e709-45a0-aad5-fb04704b1f7d@group-53A5DE1F5D7B-LeaderElection1] INFO  segmented.SegmentedRaftLogWorker (SegmentedRaftLogWorker.java:startLogSegment(385)) - cdfd9313-e709-45a0-aad5-fb04704b1f7d@group-53A5DE1F5D7B-SegmentedRaftLogWorker: Starting segment from index:0
2019-10-07 22:21:35,012 [cdfd9313-e709-45a0-aad5-fb04704b1f7d@group-53A5DE1F5D7B-LeaderElection1] INFO  impl.RaftServerImpl (ServerState.java:setRaftConf(356)) - cdfd9313-e709-45a0-aad5-fb04704b1f7d@group-53A5DE1F5D7B: set configuration 0: [cdfd9313-e709-45a0-aad5-fb04704b1f7d:192.168.151.75:43040], old=null at 0
2019-10-07 22:21:35,087 [Thread-208] INFO  impl.FollowerState (FollowerState.java:run(108)) - 06380598-6755-4f22-bec2-9517843746f9@group-A43ACF8B5DFF-FollowerState: change to CANDIDATE, lastRpcTime:5025ms, electionTimeout:5025ms
2019-10-07 22:21:35,087 [Thread-208] INFO  impl.RoleInfo (RoleInfo.java:shutdownFollowerState(121)) - 06380598-6755-4f22-bec2-9517843746f9: shutdown FollowerState
2019-10-07 22:21:35,087 [Thread-208] INFO  impl.RaftServerImpl (RaftServerImpl.java:setRole(170)) - 06380598-6755-4f22-bec2-9517843746f9@group-A43ACF8B5DFF: changes role from  FOLLOWER to CANDIDATE at term 0 for changeToCandidate
2019-10-07 22:21:35,087 [Thread-208] INFO  impl.RoleInfo (RoleInfo.java:updateAndGet(143)) - 06380598-6755-4f22-bec2-9517843746f9: start LeaderElection
2019-10-07 22:21:35,103 [06380598-6755-4f22-bec2-9517843746f9@group-A43ACF8B5DFF-LeaderElection2] INFO  impl.LeaderElection (LeaderElection.java:askForVotes(178)) - 06380598-6755-4f22-bec2-9517843746f9@group-A43ACF8B5DFF-LeaderElection2: begin an election at term 1 for -1: [06380598-6755-4f22-bec2-9517843746f9:192.168.151.75:43260, 64a59515-2969-499c-a8c6-e7b2c46355f3:192.168.151.75:44677, cdfd9313-e709-45a0-aad5-fb04704b1f7d:192.168.151.75:43040], old=null
2019-10-07 22:21:35,135 [grpc-default-executor-1] INFO  impl.RaftServerImpl (RaftServerImpl.java:setRole(170)) - cdfd9313-e709-45a0-aad5-fb04704b1f7d@group-A43ACF8B5DFF: changes role from  FOLLOWER to FOLLOWER at term 1 for recognizeCandidate:06380598-6755-4f22-bec2-9517843746f9
2019-10-07 22:21:35,135 [grpc-default-executor-2] INFO  impl.RaftServerImpl (RaftServerImpl.java:setRole(170)) - 64a59515-2969-499c-a8c6-e7b2c46355f3@group-A43ACF8B5DFF: changes role from  FOLLOWER to FOLLOWER at term 1 for recognizeCandidate:06380598-6755-4f22-bec2-9517843746f9
2019-10-07 22:21:35,135 [grpc-default-executor-1] INFO  impl.RoleInfo (RoleInfo.java:shutdownFollowerState(121)) - cdfd9313-e709-45a0-aad5-fb04704b1f7d: shutdown FollowerState
2019-10-07 22:21:35,135 [grpc-default-executor-2] INFO  impl.RoleInfo (RoleInfo.java:shutdownFollowerState(121)) - 64a59515-2969-499c-a8c6-e7b2c46355f3: shutdown FollowerState
2019-10-07 22:21:35,135 [Thread-209] INFO  impl.FollowerState (FollowerState.java:run(117)) - cdfd9313-e709-45a0-aad5-fb04704b1f7d@group-A43ACF8B5DFF-FollowerState was interrupted: java.lang.InterruptedException: sleep interrupted
2019-10-07 22:21:35,135 [grpc-default-executor-1] INFO  impl.RoleInfo (RoleInfo.java:updateAndGet(143)) - cdfd9313-e709-45a0-aad5-fb04704b1f7d: start FollowerState
2019-10-07 22:21:35,136 [grpc-default-executor-2] INFO  impl.RoleInfo (RoleInfo.java:updateAndGet(143)) - 64a59515-2969-499c-a8c6-e7b2c46355f3: start FollowerState
2019-10-07 22:21:35,136 [Thread-210] INFO  impl.FollowerState (FollowerState.java:run(117)) - 64a59515-2969-499c-a8c6-e7b2c46355f3@group-A43ACF8B5DFF-FollowerState was interrupted: java.lang.InterruptedException: sleep interrupted
2019-10-07 22:21:35,165 [06380598-6755-4f22-bec2-9517843746f9@group-A43ACF8B5DFF-LeaderElection2] INFO  impl.LeaderElection (LeaderElection.java:logAndReturn(56)) - 06380598-6755-4f22-bec2-9517843746f9@group-A43ACF8B5DFF-LeaderElection2: Election PASSED; received 1 response(s) [06380598-6755-4f22-bec2-9517843746f9<-cdfd9313-e709-45a0-aad5-fb04704b1f7d#0:OK-t1] and 0 exception(s); 06380598-6755-4f22-bec2-9517843746f9@group-A43ACF8B5DFF:t1, leader=null, voted=06380598-6755-4f22-bec2-9517843746f9, raftlog=06380598-6755-4f22-bec2-9517843746f9@group-A43ACF8B5DFF-SegmentedRaftLog:OPENED:c-1,f-1,i0, conf=-1: [06380598-6755-4f22-bec2-9517843746f9:192.168.151.75:43260, 64a59515-2969-499c-a8c6-e7b2c46355f3:192.168.151.75:44677, cdfd9313-e709-45a0-aad5-fb04704b1f7d:192.168.151.75:43040], old=null
2019-10-07 22:21:35,165 [06380598-6755-4f22-bec2-9517843746f9@group-A43ACF8B5DFF-LeaderElection2] INFO  impl.RoleInfo (RoleInfo.java:shutdownLeaderElection(134)) - 06380598-6755-4f22-bec2-9517843746f9: shutdown LeaderElection
2019-10-07 22:21:35,165 [06380598-6755-4f22-bec2-9517843746f9@group-A43ACF8B5DFF-LeaderElection2] INFO  impl.RaftServerImpl (RaftServerImpl.java:setRole(170)) - 06380598-6755-4f22-bec2-9517843746f9@group-A43ACF8B5DFF: changes role from CANDIDATE to LEADER at term 1 for changeToLeader
2019-10-07 22:21:35,165 [06380598-6755-4f22-bec2-9517843746f9@group-A43ACF8B5DFF-LeaderElection2] INFO  ratis.XceiverServerRatis (XceiverServerRatis.java:handleLeaderChangedNotification(702)) - Leader change notification received for group: group-A43ACF8B5DFF with new leaderId: 06380598-6755-4f22-bec2-9517843746f9
2019-10-07 22:21:35,168 [06380598-6755-4f22-bec2-9517843746f9@group-A43ACF8B5DFF-LeaderElection2] INFO  impl.RaftServerImpl (ServerState.java:setLeader(255)) - 06380598-6755-4f22-bec2-9517843746f9@group-A43ACF8B5DFF: change Leader from null to 06380598-6755-4f22-bec2-9517843746f9 at term 1 for becomeLeader, leader elected after 5116ms
2019-10-07 22:21:35,168 [06380598-6755-4f22-bec2-9517843746f9@group-A43ACF8B5DFF-LeaderElection2] INFO  server.RaftServerConfigKeys (ConfUtils.java:logGet(43)) - raft.server.staging.catchup.gap = 1000 (default)
2019-10-07 22:21:35,168 [06380598-6755-4f22-bec2-9517843746f9@group-A43ACF8B5DFF-LeaderElection2] INFO  server.RaftServerConfigKeys (ConfUtils.java:logGet(43)) - raft.server.rpc.sleep.time = 25ms (default)
2019-10-07 22:21:35,168 [06380598-6755-4f22-bec2-9517843746f9@group-A43ACF8B5DFF-LeaderElection2] INFO  server.RaftServerConfigKeys (ConfUtils.java:logGet(43)) - raft.server.write.element-limit = 4096 (default)
2019-10-07 22:21:35,169 [06380598-6755-4f22-bec2-9517843746f9@group-A43ACF8B5DFF-LeaderElection2] INFO  server.RaftServerConfigKeys (ConfUtils.java:logGet(43)) - raft.server.watch.timeout = 10s (default)
2019-10-07 22:21:35,170 [06380598-6755-4f22-bec2-9517843746f9@group-A43ACF8B5DFF-LeaderElection2] INFO  server.RaftServerConfigKeys (ConfUtils.java:logGet(43)) - raft.server.watch.timeout.denomination = 1s (default)
2019-10-07 22:21:35,170 [06380598-6755-4f22-bec2-9517843746f9@group-A43ACF8B5DFF-LeaderElection2] INFO  server.RaftServerConfigKeys (ConfUtils.java:logGet(43)) - raft.server.watch.element-limit = 65536 (default)
2019-10-07 22:21:35,170 [EventQueue-PipelineReportForPipelineReportHandler] INFO  pipeline.PipelineReportHandler (PipelineReportHandler.java:processPipelineReport(117)) - Pipeline PipelineID=362338b8-0355-4ee4-979e-a43acf8b5dff reported by 06380598-6755-4f22-bec2-9517843746f9{ip: 192.168.151.75, host: pr-hdds-1868-k864b-3611000933, networkLocation: /default-rack, certSerialId: null} with leaderId 06380598-6755-4f22-bec2-9517843746f9
2019-10-07 22:21:35,172 [EventQueue-PipelineReportForPipelineReportHandler] INFO  pipeline.PipelineReportHandler (PipelineReportHandler.java:processPipelineReport(117)) - Pipeline PipelineID=58fc79e1-3b9f-4fa3-9ca0-50e385b3da3f reported by 06380598-6755-4f22-bec2-9517843746f9{ip: 192.168.151.75, host: pr-hdds-1868-k864b-3611000933, networkLocation: /default-rack, certSerialId: null} with leaderId 
2019-10-07 22:21:35,172 [EventQueue-PipelineReportForPipelineReportHandler] INFO  pipeline.PipelineStateManager (PipelineStateManager.java:openPipeline(136)) - Pipeline Pipeline[ Id: 58fc79e1-3b9f-4fa3-9ca0-50e385b3da3f, Nodes: 06380598-6755-4f22-bec2-9517843746f9{ip: 192.168.151.75, host: pr-hdds-1868-k864b-3611000933, networkLocation: /default-rack, certSerialId: null}, Type:RATIS, Factor:ONE, State:OPEN] moved to OPEN state
2019-10-07 22:21:35,177 [06380598-6755-4f22-bec2-9517843746f9@group-A43ACF8B5DFF-LeaderElection2] INFO  server.RaftServerConfigKeys (ConfUtils.java:logGet(43)) - raft.server.log.appender.snapshot.chunk.size.max = 16MB (=16777216) (default)
2019-10-07 22:21:35,177 [06380598-6755-4f22-bec2-9517843746f9@group-A43ACF8B5DFF-LeaderElection2] INFO  server.RaftServerConfigKeys (ConfUtils.java:logGet(43)) - raft.server.log.appender.buffer.byte-limit = 33554432 (custom)
2019-10-07 22:21:35,177 [06380598-6755-4f22-bec2-9517843746f9@group-A43ACF8B5DFF-LeaderElection2] INFO  server.RaftServerConfigKeys (ConfUtils.java:logGet(43)) - raft.server.log.appender.buffer.element-limit = 1 (custom)
2019-10-07 22:21:35,181 [06380598-6755-4f22-bec2-9517843746f9@group-A43ACF8B5DFF-LeaderElection2] INFO  grpc.GrpcConfigKeys$Server (ConfUtils.java:logGet(43)) - raft.grpc.server.leader.outstanding.appends.max = 128 (default)
2019-10-07 22:21:35,181 [06380598-6755-4f22-bec2-9517843746f9@group-A43ACF8B5DFF-LeaderElection2] INFO  server.RaftServerConfigKeys (ConfUtils.java:logGet(43)) - raft.server.rpc.request.timeout = 3000ms (default)
2019-10-07 22:21:35,181 [06380598-6755-4f22-bec2-9517843746f9@group-A43ACF8B5DFF-LeaderElection2] INFO  server.RaftServerConfigKeys (ConfUtils.java:logGet(43)) - raft.server.log.appender.install.snapshot.enabled = false (custom)
2019-10-07 22:21:35,182 [06380598-6755-4f22-bec2-9517843746f9@group-A43ACF8B5DFF-LeaderElection2] INFO  server.RaftServerConfigKeys (ConfUtils.java:logGet(43)) - raft.server.log.appender.snapshot.chunk.size.max = 16MB (=16777216) (default)
2019-10-07 22:21:35,182 [06380598-6755-4f22-bec2-9517843746f9@group-A43ACF8B5DFF-LeaderElection2] INFO  server.RaftServerConfigKeys (ConfUtils.java:logGet(43)) - raft.server.log.appender.buffer.byte-limit = 33554432 (custom)
2019-10-07 22:21:35,182 [06380598-6755-4f22-bec2-9517843746f9@group-A43ACF8B5DFF-LeaderElection2] INFO  server.RaftServerConfigKeys (ConfUtils.java:logGet(43)) - raft.server.log.appender.buffer.element-limit = 1 (custom)
2019-10-07 22:21:35,183 [06380598-6755-4f22-bec2-9517843746f9@group-A43ACF8B5DFF-LeaderElection2] INFO  grpc.GrpcConfigKeys$Server (ConfUtils.java:logGet(43)) - raft.grpc.server.leader.outstanding.appends.max = 128 (default)
2019-10-07 22:21:35,183 [06380598-6755-4f22-bec2-9517843746f9@group-A43ACF8B5DFF-LeaderElection2] INFO  server.RaftServerConfigKeys (ConfUtils.java:logGet(43)) - raft.server.rpc.request.timeout = 3000ms (default)
2019-10-07 22:21:35,183 [06380598-6755-4f22-bec2-9517843746f9@group-A43ACF8B5DFF-LeaderElection2] INFO  server.RaftServerConfigKeys (ConfUtils.java:logGet(43)) - raft.server.log.appender.install.snapshot.enabled = false (custom)
2019-10-07 22:21:35,186 [06380598-6755-4f22-bec2-9517843746f9@group-A43ACF8B5DFF-LeaderElection2] INFO  impl.RoleInfo (RoleInfo.java:updateAndGet(143)) - 06380598-6755-4f22-bec2-9517843746f9: start LeaderState
2019-10-07 22:21:35,186 [06380598-6755-4f22-bec2-9517843746f9@group-A43ACF8B5DFF-LeaderElection2] INFO  segmented.SegmentedRaftLogWorker (SegmentedRaftLogWorker.java:startLogSegment(385)) - 06380598-6755-4f22-bec2-9517843746f9@group-A43ACF8B5DFF-SegmentedRaftLogWorker: Starting segment from index:0
2019-10-07 22:21:35,187 [06380598-6755-4f22-bec2-9517843746f9@group-A43ACF8B5DFF-LeaderElection2] INFO  impl.RaftServerImpl (ServerState.java:setRaftConf(356)) - 06380598-6755-4f22-bec2-9517843746f9@group-A43ACF8B5DFF: set configuration 0: [06380598-6755-4f22-bec2-9517843746f9:192.168.151.75:43260, 64a59515-2969-499c-a8c6-e7b2c46355f3:192.168.151.75:44677, cdfd9313-e709-45a0-aad5-fb04704b1f7d:192.168.151.75:43040], old=null at 0
2019-10-07 22:21:35,242 [grpc-default-executor-1] INFO  ratis.XceiverServerRatis (XceiverServerRatis.java:handleLeaderChangedNotification(702)) - Leader change notification received for group: group-A43ACF8B5DFF with new leaderId: 06380598-6755-4f22-bec2-9517843746f9
2019-10-07 22:21:35,242 [grpc-default-executor-2] INFO  ratis.XceiverServerRatis (XceiverServerRatis.java:handleLeaderChangedNotification(702)) - Leader change notification received for group: group-A43ACF8B5DFF with new leaderId: 06380598-6755-4f22-bec2-9517843746f9
2019-10-07 22:21:35,243 [grpc-default-executor-1] INFO  impl.RaftServerImpl (ServerState.java:setLeader(255)) - cdfd9313-e709-45a0-aad5-fb04704b1f7d@group-A43ACF8B5DFF: change Leader from null to 06380598-6755-4f22-bec2-9517843746f9 at term 1 for appendEntries, leader elected after 5192ms
2019-10-07 22:21:35,244 [grpc-default-executor-2] INFO  impl.RaftServerImpl (ServerState.java:setLeader(255)) - 64a59515-2969-499c-a8c6-e7b2c46355f3@group-A43ACF8B5DFF: change Leader from null to 06380598-6755-4f22-bec2-9517843746f9 at term 1 for appendEntries, leader elected after 5192ms
2019-10-07 22:21:35,248 [EventQueue-PipelineReportForPipelineReportHandler] INFO  pipeline.PipelineReportHandler (PipelineReportHandler.java:processPipelineReport(117)) - Pipeline PipelineID=362338b8-0355-4ee4-979e-a43acf8b5dff reported by 64a59515-2969-499c-a8c6-e7b2c46355f3{ip: 192.168.151.75, host: pr-hdds-1868-k864b-3611000933, networkLocation: /default-rack, certSerialId: null} with leaderId 06380598-6755-4f22-bec2-9517843746f9
2019-10-07 22:21:35,249 [EventQueue-PipelineReportForPipelineReportHandler] INFO  pipeline.PipelineReportHandler (PipelineReportHandler.java:processPipelineReport(117)) - Pipeline PipelineID=8b5ba0e7-f4ff-4cc8-b3c7-eae99c94b1ff reported by 64a59515-2969-499c-a8c6-e7b2c46355f3{ip: 192.168.151.75, host: pr-hdds-1868-k864b-3611000933, networkLocation: /default-rack, certSerialId: null} with leaderId 
2019-10-07 22:21:35,249 [EventQueue-PipelineReportForPipelineReportHandler] INFO  pipeline.PipelineStateManager (PipelineStateManager.java:openPipeline(136)) - Pipeline Pipeline[ Id: 8b5ba0e7-f4ff-4cc8-b3c7-eae99c94b1ff, Nodes: 64a59515-2969-499c-a8c6-e7b2c46355f3{ip: 192.168.151.75, host: pr-hdds-1868-k864b-3611000933, networkLocation: /default-rack, certSerialId: null}, Type:RATIS, Factor:ONE, State:OPEN] moved to OPEN state
2019-10-07 22:21:35,249 [EventQueue-PipelineReportForPipelineReportHandler] INFO  pipeline.PipelineReportHandler (PipelineReportHandler.java:processPipelineReport(117)) - Pipeline PipelineID=362338b8-0355-4ee4-979e-a43acf8b5dff reported by cdfd9313-e709-45a0-aad5-fb04704b1f7d{ip: 192.168.151.75, host: pr-hdds-1868-k864b-3611000933, networkLocation: /default-rack, certSerialId: null} with leaderId 06380598-6755-4f22-bec2-9517843746f9
2019-10-07 22:21:35,249 [EventQueue-PipelineReportForPipelineReportHandler] INFO  pipeline.PipelineStateManager (PipelineStateManager.java:openPipeline(136)) - Pipeline Pipeline[ Id: 362338b8-0355-4ee4-979e-a43acf8b5dff, Nodes: cdfd9313-e709-45a0-aad5-fb04704b1f7d{ip: 192.168.151.75, host: pr-hdds-1868-k864b-3611000933, networkLocation: /default-rack, certSerialId: null}64a59515-2969-499c-a8c6-e7b2c46355f3{ip: 192.168.151.75, host: pr-hdds-1868-k864b-3611000933, networkLocation: /default-rack, certSerialId: null}06380598-6755-4f22-bec2-9517843746f9{ip: 192.168.151.75, host: pr-hdds-1868-k864b-3611000933, networkLocation: /default-rack, certSerialId: null}, Type:RATIS, Factor:THREE, State:OPEN] moved to OPEN state
2019-10-07 22:21:35,254 [cdfd9313-e709-45a0-aad5-fb04704b1f7d@group-53A5DE1F5D7B-SegmentedRaftLogWorker] INFO  segmented.SegmentedRaftLogWorker (SegmentedRaftLogWorker.java:execute(576)) - cdfd9313-e709-45a0-aad5-fb04704b1f7d@group-53A5DE1F5D7B-SegmentedRaftLogWorker: created new log segment /workdir/hadoop-ozone/integration-test/target/test-dir/MiniOzoneClusterImpl-e98591d2-3ad0-4fa0-a2a5-26850085fcad/datanode-1/data/ratis/06987b43-e5ed-412d-b9c5-53a5de1f5d7b/current/log_inprogress_0
2019-10-07 22:21:35,254 [06380598-6755-4f22-bec2-9517843746f9@group-A43ACF8B5DFF-SegmentedRaftLogWorker] INFO  segmented.SegmentedRaftLogWorker (SegmentedRaftLogWorker.java:execute(576)) - 06380598-6755-4f22-bec2-9517843746f9@group-A43ACF8B5DFF-SegmentedRaftLogWorker: created new log segment /workdir/hadoop-ozone/integration-test/target/test-dir/MiniOzoneClusterImpl-e98591d2-3ad0-4fa0-a2a5-26850085fcad/datanode-0/data/ratis/362338b8-0355-4ee4-979e-a43acf8b5dff/current/log_inprogress_0
2019-10-07 22:21:35,284 [grpc-default-executor-1] INFO  impl.RaftServerImpl (ServerState.java:setRaftConf(356)) - 64a59515-2969-499c-a8c6-e7b2c46355f3@group-A43ACF8B5DFF: set configuration 0: [06380598-6755-4f22-bec2-9517843746f9:192.168.151.75:43260, 64a59515-2969-499c-a8c6-e7b2c46355f3:192.168.151.75:44677, cdfd9313-e709-45a0-aad5-fb04704b1f7d:192.168.151.75:43040], old=null at 0
2019-10-07 22:21:35,284 [grpc-default-executor-2] INFO  impl.RaftServerImpl (ServerState.java:setRaftConf(356)) - cdfd9313-e709-45a0-aad5-fb04704b1f7d@group-A43ACF8B5DFF: set configuration 0: [06380598-6755-4f22-bec2-9517843746f9:192.168.151.75:43260, 64a59515-2969-499c-a8c6-e7b2c46355f3:192.168.151.75:44677, cdfd9313-e709-45a0-aad5-fb04704b1f7d:192.168.151.75:43040], old=null at 0
2019-10-07 22:21:35,284 [grpc-default-executor-1] INFO  segmented.SegmentedRaftLogWorker (SegmentedRaftLogWorker.java:startLogSegment(385)) - 64a59515-2969-499c-a8c6-e7b2c46355f3@group-A43ACF8B5DFF-SegmentedRaftLogWorker: Starting segment from index:0
2019-10-07 22:21:35,284 [grpc-default-executor-2] INFO  segmented.SegmentedRaftLogWorker (SegmentedRaftLogWorker.java:startLogSegment(385)) - cdfd9313-e709-45a0-aad5-fb04704b1f7d@group-A43ACF8B5DFF-SegmentedRaftLogWorker: Starting segment from index:0
2019-10-07 22:21:35,302 [Thread-216] INFO  impl.FollowerState (FollowerState.java:run(108)) - 06380598-6755-4f22-bec2-9517843746f9@group-50E385B3DA3F-FollowerState: change to CANDIDATE, lastRpcTime:5125ms, electionTimeout:5125ms
2019-10-07 22:21:35,302 [Thread-216] INFO  impl.RoleInfo (RoleInfo.java:shutdownFollowerState(121)) - 06380598-6755-4f22-bec2-9517843746f9: shutdown FollowerState
2019-10-07 22:21:35,302 [Thread-216] INFO  impl.RaftServerImpl (RaftServerImpl.java:setRole(170)) - 06380598-6755-4f22-bec2-9517843746f9@group-50E385B3DA3F: changes role from  FOLLOWER to CANDIDATE at term 0 for changeToCandidate
2019-10-07 22:21:35,303 [Thread-216] INFO  impl.RoleInfo (RoleInfo.java:updateAndGet(143)) - 06380598-6755-4f22-bec2-9517843746f9: start LeaderElection
2019-10-07 22:21:35,335 [64a59515-2969-499c-a8c6-e7b2c46355f3@group-A43ACF8B5DFF-SegmentedRaftLogWorker] INFO  segmented.SegmentedRaftLogWorker (SegmentedRaftLogWorker.java:execute(576)) - 64a59515-2969-499c-a8c6-e7b2c46355f3@group-A43ACF8B5DFF-SegmentedRaftLogWorker: created new log segment /workdir/hadoop-ozone/integration-test/target/test-dir/MiniOzoneClusterImpl-e98591d2-3ad0-4fa0-a2a5-26850085fcad/datanode-2/data/ratis/362338b8-0355-4ee4-979e-a43acf8b5dff/current/log_inprogress_0
2019-10-07 22:21:35,335 [cdfd9313-e709-45a0-aad5-fb04704b1f7d@group-A43ACF8B5DFF-SegmentedRaftLogWorker] INFO  segmented.SegmentedRaftLogWorker (SegmentedRaftLogWorker.java:execute(576)) - cdfd9313-e709-45a0-aad5-fb04704b1f7d@group-A43ACF8B5DFF-SegmentedRaftLogWorker: created new log segment /workdir/hadoop-ozone/integration-test/target/test-dir/MiniOzoneClusterImpl-e98591d2-3ad0-4fa0-a2a5-26850085fcad/datanode-1/data/ratis/362338b8-0355-4ee4-979e-a43acf8b5dff/current/log_inprogress_0
2019-10-07 22:21:35,335 [06380598-6755-4f22-bec2-9517843746f9@group-50E385B3DA3F-LeaderElection3] INFO  impl.LeaderElection (LeaderElection.java:askForVotes(178)) - 06380598-6755-4f22-bec2-9517843746f9@group-50E385B3DA3F-LeaderElection3: begin an election at term 1 for -1: [06380598-6755-4f22-bec2-9517843746f9:192.168.151.75:43260], old=null
2019-10-07 22:21:35,336 [06380598-6755-4f22-bec2-9517843746f9@group-50E385B3DA3F-LeaderElection3] INFO  impl.RoleInfo (RoleInfo.java:shutdownLeaderElection(134)) - 06380598-6755-4f22-bec2-9517843746f9: shutdown LeaderElection
2019-10-07 22:21:35,337 [06380598-6755-4f22-bec2-9517843746f9@group-50E385B3DA3F-LeaderElection3] INFO  impl.RaftServerImpl (RaftServerImpl.java:setRole(170)) - 06380598-6755-4f22-bec2-9517843746f9@group-50E385B3DA3F: changes role from CANDIDATE to LEADER at term 1 for changeToLeader
2019-10-07 22:21:35,337 [06380598-6755-4f22-bec2-9517843746f9@group-50E385B3DA3F-LeaderElection3] INFO  ratis.XceiverServerRatis (XceiverServerRatis.java:handleLeaderChangedNotification(702)) - Leader change notification received for group: group-50E385B3DA3F with new leaderId: 06380598-6755-4f22-bec2-9517843746f9
2019-10-07 22:21:35,337 [06380598-6755-4f22-bec2-9517843746f9@group-50E385B3DA3F-LeaderElection3] INFO  impl.RaftServerImpl (ServerState.java:setLeader(255)) - 06380598-6755-4f22-bec2-9517843746f9@group-50E385B3DA3F: change Leader from null to 06380598-6755-4f22-bec2-9517843746f9 at term 1 for becomeLeader, leader elected after 5166ms
2019-10-07 22:21:35,337 [06380598-6755-4f22-bec2-9517843746f9@group-50E385B3DA3F-LeaderElection3] INFO  server.RaftServerConfigKeys (ConfUtils.java:logGet(43)) - raft.server.staging.catchup.gap = 1000 (default)
2019-10-07 22:21:35,337 [06380598-6755-4f22-bec2-9517843746f9@group-50E385B3DA3F-LeaderElection3] INFO  server.RaftServerConfigKeys (ConfUtils.java:logGet(43)) - raft.server.rpc.sleep.time = 25ms (default)
2019-10-07 22:21:35,338 [06380598-6755-4f22-bec2-9517843746f9@group-50E385B3DA3F-LeaderElection3] INFO  server.RaftServerConfigKeys (ConfUtils.java:logGet(43)) - raft.server.write.element-limit = 4096 (default)
2019-10-07 22:21:35,338 [06380598-6755-4f22-bec2-9517843746f9@group-50E385B3DA3F-LeaderElection3] INFO  server.RaftServerConfigKeys (ConfUtils.java:logGet(43)) - raft.server.watch.timeout = 10s (default)
2019-10-07 22:21:35,339 [06380598-6755-4f22-bec2-9517843746f9@group-50E385B3DA3F-LeaderElection3] INFO  server.RaftServerConfigKeys (ConfUtils.java:logGet(43)) - raft.server.watch.timeout.denomination = 1s (default)
2019-10-07 22:21:35,339 [06380598-6755-4f22-bec2-9517843746f9@group-50E385B3DA3F-LeaderElection3] INFO  server.RaftServerConfigKeys (ConfUtils.java:logGet(43)) - raft.server.watch.element-limit = 65536 (default)
2019-10-07 22:21:35,341 [Thread-220] INFO  impl.FollowerState (FollowerState.java:run(108)) - 64a59515-2969-499c-a8c6-e7b2c46355f3@group-EAE99C94B1FF-FollowerState: change to CANDIDATE, lastRpcTime:5068ms, electionTimeout:5068ms
2019-10-07 22:21:35,341 [Thread-220] INFO  impl.RoleInfo (RoleInfo.java:shutdownFollowerState(121)) - 64a59515-2969-499c-a8c6-e7b2c46355f3: shutdown FollowerState
2019-10-07 22:21:35,341 [Thread-220] INFO  impl.RaftServerImpl (RaftServerImpl.java:setRole(170)) - 64a59515-2969-499c-a8c6-e7b2c46355f3@group-EAE99C94B1FF: changes role from  FOLLOWER to CANDIDATE at term 0 for changeToCandidate
2019-10-07 22:21:35,341 [Thread-220] INFO  impl.RoleInfo (RoleInfo.java:updateAndGet(143)) - 64a59515-2969-499c-a8c6-e7b2c46355f3: start LeaderElection
2019-10-07 22:21:35,345 [06380598-6755-4f22-bec2-9517843746f9@group-50E385B3DA3F-LeaderElection3] INFO  impl.RoleInfo (RoleInfo.java:updateAndGet(143)) - 06380598-6755-4f22-bec2-9517843746f9: start LeaderState
2019-10-07 22:21:35,346 [06380598-6755-4f22-bec2-9517843746f9@group-50E385B3DA3F-LeaderElection3] INFO  segmented.SegmentedRaftLogWorker (SegmentedRaftLogWorker.java:startLogSegment(385)) - 06380598-6755-4f22-bec2-9517843746f9@group-50E385B3DA3F-SegmentedRaftLogWorker: Starting segment from index:0
2019-10-07 22:21:35,346 [06380598-6755-4f22-bec2-9517843746f9@group-50E385B3DA3F-LeaderElection3] INFO  impl.RaftServerImpl (ServerState.java:setRaftConf(356)) - 06380598-6755-4f22-bec2-9517843746f9@group-50E385B3DA3F: set configuration 0: [06380598-6755-4f22-bec2-9517843746f9:192.168.151.75:43260], old=null at 0
2019-10-07 22:21:35,386 [64a59515-2969-499c-a8c6-e7b2c46355f3@group-EAE99C94B1FF-LeaderElection4] INFO  impl.LeaderElection (LeaderElection.java:askForVotes(178)) - 64a59515-2969-499c-a8c6-e7b2c46355f3@group-EAE99C94B1FF-LeaderElection4: begin an election at term 1 for -1: [64a59515-2969-499c-a8c6-e7b2c46355f3:192.168.151.75:44677], old=null
2019-10-07 22:21:35,386 [64a59515-2969-499c-a8c6-e7b2c46355f3@group-EAE99C94B1FF-LeaderElection4] INFO  impl.RoleInfo (RoleInfo.java:shutdownLeaderElection(134)) - 64a59515-2969-499c-a8c6-e7b2c46355f3: shutdown LeaderElection
2019-10-07 22:21:35,386 [64a59515-2969-499c-a8c6-e7b2c46355f3@group-EAE99C94B1FF-LeaderElection4] INFO  impl.RaftServerImpl (RaftServerImpl.java:setRole(170)) - 64a59515-2969-499c-a8c6-e7b2c46355f3@group-EAE99C94B1FF: changes role from CANDIDATE to LEADER at term 1 for changeToLeader
2019-10-07 22:21:35,386 [64a59515-2969-499c-a8c6-e7b2c46355f3@group-EAE99C94B1FF-LeaderElection4] INFO  ratis.XceiverServerRatis (XceiverServerRatis.java:handleLeaderChangedNotification(702)) - Leader change notification received for group: group-EAE99C94B1FF with new leaderId: 64a59515-2969-499c-a8c6-e7b2c46355f3
2019-10-07 22:21:35,387 [64a59515-2969-499c-a8c6-e7b2c46355f3@group-EAE99C94B1FF-LeaderElection4] INFO  impl.RaftServerImpl (ServerState.java:setLeader(255)) - 64a59515-2969-499c-a8c6-e7b2c46355f3@group-EAE99C94B1FF: change Leader from null to 64a59515-2969-499c-a8c6-e7b2c46355f3 at term 1 for becomeLeader, leader elected after 5121ms
2019-10-07 22:21:35,387 [64a59515-2969-499c-a8c6-e7b2c46355f3@group-EAE99C94B1FF-LeaderElection4] INFO  server.RaftServerConfigKeys (ConfUtils.java:logGet(43)) - raft.server.staging.catchup.gap = 1000 (default)
2019-10-07 22:21:35,387 [64a59515-2969-499c-a8c6-e7b2c46355f3@group-EAE99C94B1FF-LeaderElection4] INFO  server.RaftServerConfigKeys (ConfUtils.java:logGet(43)) - raft.server.rpc.sleep.time = 25ms (default)
2019-10-07 22:21:35,389 [64a59515-2969-499c-a8c6-e7b2c46355f3@group-EAE99C94B1FF-LeaderElection4] INFO  server.RaftServerConfigKeys (ConfUtils.java:logGet(43)) - raft.server.write.element-limit = 4096 (default)
2019-10-07 22:21:35,390 [64a59515-2969-499c-a8c6-e7b2c46355f3@group-EAE99C94B1FF-LeaderElection4] INFO  server.RaftServerConfigKeys (ConfUtils.java:logGet(43)) - raft.server.watch.timeout = 10s (default)
2019-10-07 22:21:35,390 [64a59515-2969-499c-a8c6-e7b2c46355f3@group-EAE99C94B1FF-LeaderElection4] INFO  server.RaftServerConfigKeys (ConfUtils.java:logGet(43)) - raft.server.watch.timeout.denomination = 1s (default)
2019-10-07 22:21:35,390 [64a59515-2969-499c-a8c6-e7b2c46355f3@group-EAE99C94B1FF-LeaderElection4] INFO  server.RaftServerConfigKeys (ConfUtils.java:logGet(43)) - raft.server.watch.element-limit = 65536 (default)
2019-10-07 22:21:35,394 [64a59515-2969-499c-a8c6-e7b2c46355f3@group-EAE99C94B1FF-LeaderElection4] INFO  impl.RoleInfo (RoleInfo.java:updateAndGet(143)) - 64a59515-2969-499c-a8c6-e7b2c46355f3: start LeaderState
2019-10-07 22:21:35,395 [64a59515-2969-499c-a8c6-e7b2c46355f3@group-EAE99C94B1FF-LeaderElection4] INFO  segmented.SegmentedRaftLogWorker (SegmentedRaftLogWorker.java:startLogSegment(385)) - 64a59515-2969-499c-a8c6-e7b2c46355f3@group-EAE99C94B1FF-SegmentedRaftLogWorker: Starting segment from index:0
2019-10-07 22:21:35,395 [64a59515-2969-499c-a8c6-e7b2c46355f3@group-EAE99C94B1FF-LeaderElection4] INFO  impl.RaftServerImpl (ServerState.java:setRaftConf(356)) - 64a59515-2969-499c-a8c6-e7b2c46355f3@group-EAE99C94B1FF: set configuration 0: [64a59515-2969-499c-a8c6-e7b2c46355f3:192.168.151.75:44677], old=null at 0
2019-10-07 22:21:35,436 [06380598-6755-4f22-bec2-9517843746f9@group-50E385B3DA3F-SegmentedRaftLogWorker] INFO  segmented.SegmentedRaftLogWorker (SegmentedRaftLogWorker.java:execute(576)) - 06380598-6755-4f22-bec2-9517843746f9@group-50E385B3DA3F-SegmentedRaftLogWorker: created new log segment /workdir/hadoop-ozone/integration-test/target/test-dir/MiniOzoneClusterImpl-e98591d2-3ad0-4fa0-a2a5-26850085fcad/datanode-0/data/ratis/58fc79e1-3b9f-4fa3-9ca0-50e385b3da3f/current/log_inprogress_0
2019-10-07 22:21:35,449 [64a59515-2969-499c-a8c6-e7b2c46355f3@group-EAE99C94B1FF-SegmentedRaftLogWorker] INFO  segmented.SegmentedRaftLogWorker (SegmentedRaftLogWorker.java:execute(576)) - 64a59515-2969-499c-a8c6-e7b2c46355f3@group-EAE99C94B1FF-SegmentedRaftLogWorker: created new log segment /workdir/hadoop-ozone/integration-test/target/test-dir/MiniOzoneClusterImpl-e98591d2-3ad0-4fa0-a2a5-26850085fcad/datanode-2/data/ratis/8b5ba0e7-f4ff-4cc8-b3c7-eae99c94b1ff/current/log_inprogress_0
2019-10-07 22:21:35,980 [main] INFO  ozone.MiniOzoneClusterImpl (MiniOzoneClusterImpl.java:lambda$waitForClusterToBeReady$2(172)) - Cluster is ready. Got 3 of 3 DN Heartbeats.
2019-10-07 22:21:35,984 [main] INFO  pipeline.SCMPipelineManager (SCMPipelineManager.java:finalizeAndDestroyPipeline(315)) - destroying pipeline:Pipeline[ Id: 362338b8-0355-4ee4-979e-a43acf8b5dff, Nodes: cdfd9313-e709-45a0-aad5-fb04704b1f7d{ip: 192.168.151.75, host: pr-hdds-1868-k864b-3611000933, networkLocation: /default-rack, certSerialId: null}64a59515-2969-499c-a8c6-e7b2c46355f3{ip: 192.168.151.75, host: pr-hdds-1868-k864b-3611000933, networkLocation: /default-rack, certSerialId: null}06380598-6755-4f22-bec2-9517843746f9{ip: 192.168.151.75, host: pr-hdds-1868-k864b-3611000933, networkLocation: /default-rack, certSerialId: null}, Type:RATIS, Factor:THREE, State:OPEN]
2019-10-07 22:21:35,985 [main] INFO  pipeline.PipelineStateManager (PipelineStateManager.java:finalizePipeline(123)) - Pipeline Pipeline[ Id: 362338b8-0355-4ee4-979e-a43acf8b5dff, Nodes: cdfd9313-e709-45a0-aad5-fb04704b1f7d{ip: 192.168.151.75, host: pr-hdds-1868-k864b-3611000933, networkLocation: /default-rack, certSerialId: null}64a59515-2969-499c-a8c6-e7b2c46355f3{ip: 192.168.151.75, host: pr-hdds-1868-k864b-3611000933, networkLocation: /default-rack, certSerialId: null}06380598-6755-4f22-bec2-9517843746f9{ip: 192.168.151.75, host: pr-hdds-1868-k864b-3611000933, networkLocation: /default-rack, certSerialId: null}, Type:RATIS, Factor:THREE, State:CLOSED] moved to CLOSED state
2019-10-07 22:21:35,997 [grpc-default-executor-1] INFO  impl.RaftServerProxy (RaftServerProxy.java:remove(95)) - cdfd9313-e709-45a0-aad5-fb04704b1f7d: remove  FOLLOWER cdfd9313-e709-45a0-aad5-fb04704b1f7d@group-A43ACF8B5DFF:t1, leader=06380598-6755-4f22-bec2-9517843746f9, voted=06380598-6755-4f22-bec2-9517843746f9, raftlog=cdfd9313-e709-45a0-aad5-fb04704b1f7d@group-A43ACF8B5DFF-SegmentedRaftLog:OPENED:c0,f0,i0, conf=0: [06380598-6755-4f22-bec2-9517843746f9:192.168.151.75:43260, 64a59515-2969-499c-a8c6-e7b2c46355f3:192.168.151.75:44677, cdfd9313-e709-45a0-aad5-fb04704b1f7d:192.168.151.75:43040], old=null RUNNING
2019-10-07 22:21:35,999 [grpc-default-executor-1] INFO  impl.RaftServerImpl (RaftServerImpl.java:lambda$shutdown$3(247)) - cdfd9313-e709-45a0-aad5-fb04704b1f7d@group-A43ACF8B5DFF: shutdown
2019-10-07 22:21:36,000 [grpc-default-executor-1] INFO  util.JmxRegister (JmxRegister.java:unregister(73)) - Successfully un-registered JMX Bean with object name Ratis:service=RaftServer,group=group-A43ACF8B5DFF,id=cdfd9313-e709-45a0-aad5-fb04704b1f7d
2019-10-07 22:21:36,000 [grpc-default-executor-1] INFO  impl.RoleInfo (RoleInfo.java:shutdownFollowerState(121)) - cdfd9313-e709-45a0-aad5-fb04704b1f7d: shutdown FollowerState
2019-10-07 22:21:36,001 [grpc-default-executor-1] INFO  impl.StateMachineUpdater (StateMachineUpdater.java:stopAndJoin(136)) - cdfd9313-e709-45a0-aad5-fb04704b1f7d@group-A43ACF8B5DFF-StateMachineUpdater: set stopIndex = 0
2019-10-07 22:21:36,001 [Thread-227] INFO  impl.FollowerState (FollowerState.java:run(117)) - cdfd9313-e709-45a0-aad5-fb04704b1f7d@group-A43ACF8B5DFF-FollowerState was interrupted: java.lang.InterruptedException: sleep interrupted
2019-10-07 22:21:36,004 [grpc-default-executor-1] INFO  impl.RaftServerImpl (ServerState.java:close(387)) - cdfd9313-e709-45a0-aad5-fb04704b1f7d@group-A43ACF8B5DFF: closes. applyIndex: 0
2019-10-07 22:21:36,004 [cdfd9313-e709-45a0-aad5-fb04704b1f7d@group-A43ACF8B5DFF-SegmentedRaftLogWorker] INFO  segmented.SegmentedRaftLogWorker (SegmentedRaftLogWorker.java:run(316)) - cdfd9313-e709-45a0-aad5-fb04704b1f7d@group-A43ACF8B5DFF-SegmentedRaftLogWorker was interrupted, exiting. There are 0 tasks remaining in the queue.
2019-10-07 22:21:36,006 [grpc-default-executor-1] INFO  segmented.SegmentedRaftLogWorker (SegmentedRaftLogWorker.java:close(224)) - cdfd9313-e709-45a0-aad5-fb04704b1f7d@group-A43ACF8B5DFF-SegmentedRaftLogWorker close()
2019-10-07 22:21:36,025 [grpc-default-executor-1] INFO  impl.RaftServerProxy (RaftServerProxy.java:remove(95)) - 64a59515-2969-499c-a8c6-e7b2c46355f3: remove  FOLLOWER 64a59515-2969-499c-a8c6-e7b2c46355f3@group-A43ACF8B5DFF:t1, leader=06380598-6755-4f22-bec2-9517843746f9, voted=06380598-6755-4f22-bec2-9517843746f9, raftlog=64a59515-2969-499c-a8c6-e7b2c46355f3@group-A43ACF8B5DFF-SegmentedRaftLog:OPENED:c0,f0,i0, conf=0: [06380598-6755-4f22-bec2-9517843746f9:192.168.151.75:43260, 64a59515-2969-499c-a8c6-e7b2c46355f3:192.168.151.75:44677, cdfd9313-e709-45a0-aad5-fb04704b1f7d:192.168.151.75:43040], old=null RUNNING
2019-10-07 22:21:36,025 [grpc-default-executor-1] INFO  impl.RaftServerImpl (RaftServerImpl.java:lambda$shutdown$3(247)) - 64a59515-2969-499c-a8c6-e7b2c46355f3@group-A43ACF8B5DFF: shutdown
2019-10-07 22:21:36,025 [grpc-default-executor-1] INFO  util.JmxRegister (JmxRegister.java:unregister(73)) - Successfully un-registered JMX Bean with object name Ratis:service=RaftServer,group=group-A43ACF8B5DFF,id=64a59515-2969-499c-a8c6-e7b2c46355f3
2019-10-07 22:21:36,026 [grpc-default-executor-1] INFO  impl.RoleInfo (RoleInfo.java:shutdownFollowerState(121)) - 64a59515-2969-499c-a8c6-e7b2c46355f3: shutdown FollowerState
2019-10-07 22:21:36,026 [grpc-default-executor-1] INFO  impl.StateMachineUpdater (StateMachineUpdater.java:stopAndJoin(136)) - 64a59515-2969-499c-a8c6-e7b2c46355f3@group-A43ACF8B5DFF-StateMachineUpdater: set stopIndex = 0
2019-10-07 22:21:36,026 [Thread-228] INFO  impl.FollowerState (FollowerState.java:run(117)) - 64a59515-2969-499c-a8c6-e7b2c46355f3@group-A43ACF8B5DFF-FollowerState was interrupted: java.lang.InterruptedException: sleep interrupted
2019-10-07 22:21:36,029 [grpc-default-executor-1] INFO  impl.RaftServerImpl (ServerState.java:close(387)) - 64a59515-2969-499c-a8c6-e7b2c46355f3@group-A43ACF8B5DFF: closes. applyIndex: 0
2019-10-07 22:21:36,029 [64a59515-2969-499c-a8c6-e7b2c46355f3@group-A43ACF8B5DFF-SegmentedRaftLogWorker] INFO  segmented.SegmentedRaftLogWorker (SegmentedRaftLogWorker.java:run(316)) - 64a59515-2969-499c-a8c6-e7b2c46355f3@group-A43ACF8B5DFF-SegmentedRaftLogWorker was interrupted, exiting. There are 0 tasks remaining in the queue.
2019-10-07 22:21:36,030 [grpc-default-executor-1] INFO  segmented.SegmentedRaftLogWorker (SegmentedRaftLogWorker.java:close(224)) - 64a59515-2969-499c-a8c6-e7b2c46355f3@group-A43ACF8B5DFF-SegmentedRaftLogWorker close()
2019-10-07 22:21:36,045 [grpc-default-executor-1] INFO  impl.RaftServerProxy (RaftServerProxy.java:remove(95)) - 06380598-6755-4f22-bec2-9517843746f9: remove    LEADER 06380598-6755-4f22-bec2-9517843746f9@group-A43ACF8B5DFF:t1, leader=06380598-6755-4f22-bec2-9517843746f9, voted=06380598-6755-4f22-bec2-9517843746f9, raftlog=06380598-6755-4f22-bec2-9517843746f9@group-A43ACF8B5DFF-SegmentedRaftLog:OPENED:c0,f0,i0, conf=0: [06380598-6755-4f22-bec2-9517843746f9:192.168.151.75:43260, 64a59515-2969-499c-a8c6-e7b2c46355f3:192.168.151.75:44677, cdfd9313-e709-45a0-aad5-fb04704b1f7d:192.168.151.75:43040], old=null RUNNING
2019-10-07 22:21:36,045 [grpc-default-executor-1] INFO  impl.RaftServerImpl (RaftServerImpl.java:lambda$shutdown$3(247)) - 06380598-6755-4f22-bec2-9517843746f9@group-A43ACF8B5DFF: shutdown
2019-10-07 22:21:36,045 [grpc-default-executor-1] INFO  util.JmxRegister (JmxRegister.java:unregister(73)) - Successfully un-registered JMX Bean with object name Ratis:service=RaftServer,group=group-A43ACF8B5DFF,id=06380598-6755-4f22-bec2-9517843746f9
2019-10-07 22:21:36,046 [grpc-default-executor-1] INFO  impl.RoleInfo (RoleInfo.java:shutdownLeaderState(104)) - 06380598-6755-4f22-bec2-9517843746f9: shutdown LeaderState
2019-10-07 22:21:36,048 [org.apache.ratis.server.impl.LogAppender$AppenderDaemon$$Lambda$395/1262965489@703911bb] WARN  server.GrpcLogAppender (GrpcLogAppender.java:mayWait(143)) - 06380598-6755-4f22-bec2-9517843746f9@group-A43ACF8B5DFF->cdfd9313-e709-45a0-aad5-fb04704b1f7d-GrpcLogAppender: Wait interrupted by java.lang.InterruptedException
2019-10-07 22:21:36,048 [org.apache.ratis.server.impl.LogAppender$AppenderDaemon$$Lambda$395/1262965489@60fc05ef] WARN  server.GrpcLogAppender (GrpcLogAppender.java:mayWait(143)) - 06380598-6755-4f22-bec2-9517843746f9@group-A43ACF8B5DFF->64a59515-2969-499c-a8c6-e7b2c46355f3-GrpcLogAppender: Wait interrupted by java.lang.InterruptedException
2019-10-07 22:21:36,049 [grpc-default-executor-1] INFO  impl.PendingRequests (PendingRequests.java:sendNotLeaderResponses(202)) - 06380598-6755-4f22-bec2-9517843746f9@group-A43ACF8B5DFF-PendingRequests: sendNotLeaderResponses
2019-10-07 22:21:36,054 [grpc-default-executor-1] INFO  impl.StateMachineUpdater (StateMachineUpdater.java:stopAndJoin(136)) - 06380598-6755-4f22-bec2-9517843746f9@group-A43ACF8B5DFF-StateMachineUpdater: set stopIndex = 0
2019-10-07 22:21:36,058 [grpc-default-executor-1] INFO  impl.RaftServerImpl (ServerState.java:close(387)) - 06380598-6755-4f22-bec2-9517843746f9@group-A43ACF8B5DFF: closes. applyIndex: 0
2019-10-07 22:21:36,059 [06380598-6755-4f22-bec2-9517843746f9@group-A43ACF8B5DFF-SegmentedRaftLogWorker] INFO  segmented.SegmentedRaftLogWorker (SegmentedRaftLogWorker.java:run(316)) - 06380598-6755-4f22-bec2-9517843746f9@group-A43ACF8B5DFF-SegmentedRaftLogWorker was interrupted, exiting. There are 0 tasks remaining in the queue.
2019-10-07 22:21:36,060 [grpc-default-executor-1] INFO  segmented.SegmentedRaftLogWorker (SegmentedRaftLogWorker.java:close(224)) - 06380598-6755-4f22-bec2-9517843746f9@group-A43ACF8B5DFF-SegmentedRaftLogWorker close()
2019-10-07 22:21:36,062 [grpc-default-executor-0] INFO  server.GrpcServerProtocolService (GrpcServerProtocolService.java:onCompleted(113)) - 64a59515-2969-499c-a8c6-e7b2c46355f3: Completed APPEND_ENTRIES, lastRequest: 06380598-6755-4f22-bec2-9517843746f9->64a59515-2969-499c-a8c6-e7b2c46355f3#1-t1, previous=(t:0, i:0), leaderCommit=0, initializing? false, entries: size=1, first=(t:1, i:0), CONFIGURATIONENTRY
2019-10-07 22:21:36,062 [grpc-default-executor-2] INFO  server.GrpcServerProtocolService (GrpcServerProtocolService.java:onCompleted(113)) - cdfd9313-e709-45a0-aad5-fb04704b1f7d: Completed APPEND_ENTRIES, lastRequest: 06380598-6755-4f22-bec2-9517843746f9->cdfd9313-e709-45a0-aad5-fb04704b1f7d#1-t1, previous=(t:0, i:0), leaderCommit=0, initializing? false, entries: size=1, first=(t:1, i:0), CONFIGURATIONENTRY
2019-10-07 22:21:36,064 [grpc-default-executor-2] INFO  server.GrpcLogAppender (GrpcLogAppender.java:onCompleted(293)) - 06380598-6755-4f22-bec2-9517843746f9@group-A43ACF8B5DFF->64a59515-2969-499c-a8c6-e7b2c46355f3-AppendLogResponseHandler: follower responses appendEntries COMPLETED
2019-10-07 22:21:36,065 [grpc-default-executor-0] INFO  server.GrpcLogAppender (GrpcLogAppender.java:onCompleted(293)) - 06380598-6755-4f22-bec2-9517843746f9@group-A43ACF8B5DFF->cdfd9313-e709-45a0-aad5-fb04704b1f7d-AppendLogResponseHandler: follower responses appendEntries COMPLETED
2019-10-07 22:21:36,070 [grpc-default-executor-0] INFO  impl.FollowerInfo (FollowerInfo.java:lambda$new$0(51)) - 06380598-6755-4f22-bec2-9517843746f9@group-A43ACF8B5DFF->cdfd9313-e709-45a0-aad5-fb04704b1f7d: nextIndex: updateUnconditionally 1 -> 0
2019-10-07 22:21:36,070 [grpc-default-executor-2] INFO  impl.FollowerInfo (FollowerInfo.java:lambda$new$0(51)) - 06380598-6755-4f22-bec2-9517843746f9@group-A43ACF8B5DFF->64a59515-2969-499c-a8c6-e7b2c46355f3: nextIndex: updateUnconditionally 1 -> 0
2019-10-07 22:21:36,074 [main] INFO  pipeline.PipelineStateManager (PipelineStateManager.java:removePipeline(108)) - Pipeline Pipeline[ Id: 362338b8-0355-4ee4-979e-a43acf8b5dff, Nodes: cdfd9313-e709-45a0-aad5-fb04704b1f7d{ip: 192.168.151.75, host: pr-hdds-1868-k864b-3611000933, networkLocation: /default-rack, certSerialId: null}64a59515-2969-499c-a8c6-e7b2c46355f3{ip: 192.168.151.75, host: pr-hdds-1868-k864b-3611000933, networkLocation: /default-rack, certSerialId: null}06380598-6755-4f22-bec2-9517843746f9{ip: 192.168.151.75, host: pr-hdds-1868-k864b-3611000933, networkLocation: /default-rack, certSerialId: null}, Type:RATIS, Factor:THREE, State:CLOSED] removed from db
2019-10-07 22:21:36,090 [grpc-default-executor-1] INFO  impl.RaftServerProxy (RaftServerProxy.java:addNew(89)) - 64a59515-2969-499c-a8c6-e7b2c46355f3: addNew group-95126F74EC45:[06380598-6755-4f22-bec2-9517843746f9:192.168.151.75:43260, 64a59515-2969-499c-a8c6-e7b2c46355f3:192.168.151.75:44677, cdfd9313-e709-45a0-aad5-fb04704b1f7d:192.168.151.75:43040] returns group-95126F74EC45:java.util.concurrent.CompletableFuture@250ef84c[Not completed]
2019-10-07 22:21:36,090 [grpc-default-executor-0] INFO  impl.RaftServerProxy (RaftServerProxy.java:addNew(89)) - cdfd9313-e709-45a0-aad5-fb04704b1f7d: addNew group-95126F74EC45:[06380598-6755-4f22-bec2-9517843746f9:192.168.151.75:43260, 64a59515-2969-499c-a8c6-e7b2c46355f3:192.168.151.75:44677, cdfd9313-e709-45a0-aad5-fb04704b1f7d:192.168.151.75:43040] returns group-95126F74EC45:java.util.concurrent.CompletableFuture@6b5f4231[Not completed]
2019-10-07 22:21:36,092 [grpc-default-executor-2] INFO  impl.RaftServerProxy (RaftServerProxy.java:addNew(89)) - 06380598-6755-4f22-bec2-9517843746f9: addNew group-95126F74EC45:[06380598-6755-4f22-bec2-9517843746f9:192.168.151.75:43260, 64a59515-2969-499c-a8c6-e7b2c46355f3:192.168.151.75:44677, cdfd9313-e709-45a0-aad5-fb04704b1f7d:192.168.151.75:43040] returns group-95126F74EC45:java.util.concurrent.CompletableFuture@4ee912b8[Not completed]
2019-10-07 22:21:36,094 [pool-37-thread-1] INFO  impl.RaftServerImpl (RaftServerImpl.java:<init>(95)) - cdfd9313-e709-45a0-aad5-fb04704b1f7d: new RaftServerImpl for group-95126F74EC45:[06380598-6755-4f22-bec2-9517843746f9:192.168.151.75:43260, 64a59515-2969-499c-a8c6-e7b2c46355f3:192.168.151.75:44677, cdfd9313-e709-45a0-aad5-fb04704b1f7d:192.168.151.75:43040] with ContainerStateMachine:uninitialized
2019-10-07 22:21:36,094 [pool-37-thread-1] INFO  server.RaftServerConfigKeys (ConfUtils.java:logGet(43)) - raft.server.rpc.timeout.min = 5s (custom)
2019-10-07 22:21:36,094 [pool-37-thread-1] INFO  server.RaftServerConfigKeys (ConfUtils.java:logGet(43)) - raft.server.rpc.timeout.max = 5200ms (custom)
2019-10-07 22:21:36,094 [pool-37-thread-1] INFO  server.RaftServerConfigKeys (ConfUtils.java:logGet(43)) - raft.server.rpcslowness.timeout = 120s (custom)
2019-10-07 22:21:36,094 [pool-37-thread-1] INFO  server.RaftServerConfigKeys (ConfUtils.java:logGet(43)) - raft.server.sleep.deviation.threshold = 300 (default)
2019-10-07 22:21:36,094 [pool-37-thread-1] INFO  server.RaftServerConfigKeys (ConfUtils.java:logGet(43)) - raft.server.log.appender.install.snapshot.enabled = false (custom)
2019-10-07 22:21:36,095 [pool-37-thread-1] INFO  impl.RaftServerImpl (ServerState.java:<init>(103)) - cdfd9313-e709-45a0-aad5-fb04704b1f7d@group-95126F74EC45: ConfigurationManager, init=-1: [06380598-6755-4f22-bec2-9517843746f9:192.168.151.75:43260, 64a59515-2969-499c-a8c6-e7b2c46355f3:192.168.151.75:44677, cdfd9313-e709-45a0-aad5-fb04704b1f7d:192.168.151.75:43040], old=null, confs=<EMPTY_MAP>
2019-10-07 22:21:36,095 [pool-37-thread-1] INFO  server.RaftServerConfigKeys (ConfUtils.java:logGet(43)) - raft.server.storage.dir = [/workdir/hadoop-ozone/integration-test/target/test-dir/MiniOzoneClusterImpl-e98591d2-3ad0-4fa0-a2a5-26850085fcad/datanode-1/data/ratis] (custom)
2019-10-07 22:21:36,095 [pool-37-thread-1] INFO  server.RaftServerConfigKeys (ConfUtils.java:logGet(43)) - raft.server.log.corruption.policy = EXCEPTION (default)
2019-10-07 22:21:36,095 [pool-47-thread-1] INFO  impl.RaftServerImpl (RaftServerImpl.java:<init>(95)) - 64a59515-2969-499c-a8c6-e7b2c46355f3: new RaftServerImpl for group-95126F74EC45:[06380598-6755-4f22-bec2-9517843746f9:192.168.151.75:43260, 64a59515-2969-499c-a8c6-e7b2c46355f3:192.168.151.75:44677, cdfd9313-e709-45a0-aad5-fb04704b1f7d:192.168.151.75:43040] with ContainerStateMachine:uninitialized
2019-10-07 22:21:36,095 [pool-37-thread-1] INFO  storage.RaftStorageDirectory (RaftStorageDirectory.java:analyzeStorage(246)) - The storage directory /workdir/hadoop-ozone/integration-test/target/test-dir/MiniOzoneClusterImpl-e98591d2-3ad0-4fa0-a2a5-26850085fcad/datanode-1/data/ratis/625523c4-f404-4cce-94e6-95126f74ec45 does not exist. Creating ...
2019-10-07 22:21:36,095 [pool-47-thread-1] INFO  server.RaftServerConfigKeys (ConfUtils.java:logGet(43)) - raft.server.rpc.timeout.min = 5s (custom)
2019-10-07 22:21:36,096 [pool-47-thread-1] INFO  server.RaftServerConfigKeys (ConfUtils.java:logGet(43)) - raft.server.rpc.timeout.max = 5200ms (custom)
2019-10-07 22:21:36,096 [pool-47-thread-1] INFO  server.RaftServerConfigKeys (ConfUtils.java:logGet(43)) - raft.server.rpcslowness.timeout = 120s (custom)
2019-10-07 22:21:36,096 [pool-47-thread-1] INFO  server.RaftServerConfigKeys (ConfUtils.java:logGet(43)) - raft.server.sleep.deviation.threshold = 300 (default)
2019-10-07 22:21:36,096 [pool-47-thread-1] INFO  server.RaftServerConfigKeys (ConfUtils.java:logGet(43)) - raft.server.log.appender.install.snapshot.enabled = false (custom)
2019-10-07 22:21:36,096 [pool-27-thread-1] INFO  impl.RaftServerImpl (RaftServerImpl.java:<init>(95)) - 06380598-6755-4f22-bec2-9517843746f9: new RaftServerImpl for group-95126F74EC45:[06380598-6755-4f22-bec2-9517843746f9:192.168.151.75:43260, 64a59515-2969-499c-a8c6-e7b2c46355f3:192.168.151.75:44677, cdfd9313-e709-45a0-aad5-fb04704b1f7d:192.168.151.75:43040] with ContainerStateMachine:uninitialized
2019-10-07 22:21:36,096 [pool-47-thread-1] INFO  impl.RaftServerImpl (ServerState.java:<init>(103)) - 64a59515-2969-499c-a8c6-e7b2c46355f3@group-95126F74EC45: ConfigurationManager, init=-1: [06380598-6755-4f22-bec2-9517843746f9:192.168.151.75:43260, 64a59515-2969-499c-a8c6-e7b2c46355f3:192.168.151.75:44677, cdfd9313-e709-45a0-aad5-fb04704b1f7d:192.168.151.75:43040], old=null, confs=<EMPTY_MAP>
2019-10-07 22:21:36,096 [pool-27-thread-1] INFO  server.RaftServerConfigKeys (ConfUtils.java:logGet(43)) - raft.server.rpc.timeout.min = 5s (custom)
2019-10-07 22:21:36,097 [pool-47-thread-1] INFO  server.RaftServerConfigKeys (ConfUtils.java:logGet(43)) - raft.server.storage.dir = [/workdir/hadoop-ozone/integration-test/target/test-dir/MiniOzoneClusterImpl-e98591d2-3ad0-4fa0-a2a5-26850085fcad/datanode-2/data/ratis] (custom)
2019-10-07 22:21:36,097 [pool-27-thread-1] INFO  server.RaftServerConfigKeys (ConfUtils.java:logGet(43)) - raft.server.rpc.timeout.max = 5200ms (custom)
2019-10-07 22:21:36,097 [pool-27-thread-1] INFO  server.RaftServerConfigKeys (ConfUtils.java:logGet(43)) - raft.server.rpcslowness.timeout = 120s (custom)
2019-10-07 22:21:36,097 [pool-47-thread-1] INFO  server.RaftServerConfigKeys (ConfUtils.java:logGet(43)) - raft.server.log.corruption.policy = EXCEPTION (default)
2019-10-07 22:21:36,097 [pool-27-thread-1] INFO  server.RaftServerConfigKeys (ConfUtils.java:logGet(43)) - raft.server.sleep.deviation.threshold = 300 (default)
2019-10-07 22:21:36,097 [pool-47-thread-1] INFO  storage.RaftStorageDirectory (RaftStorageDirectory.java:analyzeStorage(246)) - The storage directory /workdir/hadoop-ozone/integration-test/target/test-dir/MiniOzoneClusterImpl-e98591d2-3ad0-4fa0-a2a5-26850085fcad/datanode-2/data/ratis/625523c4-f404-4cce-94e6-95126f74ec45 does not exist. Creating ...
2019-10-07 22:21:36,097 [pool-27-thread-1] INFO  server.RaftServerConfigKeys (ConfUtils.java:logGet(43)) - raft.server.log.appender.install.snapshot.enabled = false (custom)
2019-10-07 22:21:36,098 [pool-27-thread-1] INFO  impl.RaftServerImpl (ServerState.java:<init>(103)) - 06380598-6755-4f22-bec2-9517843746f9@group-95126F74EC45: ConfigurationManager, init=-1: [06380598-6755-4f22-bec2-9517843746f9:192.168.151.75:43260, 64a59515-2969-499c-a8c6-e7b2c46355f3:192.168.151.75:44677, cdfd9313-e709-45a0-aad5-fb04704b1f7d:192.168.151.75:43040], old=null, confs=<EMPTY_MAP>
2019-10-07 22:21:36,098 [pool-27-thread-1] INFO  server.RaftServerConfigKeys (ConfUtils.java:logGet(43)) - raft.server.storage.dir = [/workdir/hadoop-ozone/integration-test/target/test-dir/MiniOzoneClusterImpl-e98591d2-3ad0-4fa0-a2a5-26850085fcad/datanode-0/data/ratis] (custom)
2019-10-07 22:21:36,098 [pool-27-thread-1] INFO  server.RaftServerConfigKeys (ConfUtils.java:logGet(43)) - raft.server.log.corruption.policy = EXCEPTION (default)
2019-10-07 22:21:36,098 [pool-27-thread-1] INFO  storage.RaftStorageDirectory (RaftStorageDirectory.java:analyzeStorage(246)) - The storage directory /workdir/hadoop-ozone/integration-test/target/test-dir/MiniOzoneClusterImpl-e98591d2-3ad0-4fa0-a2a5-26850085fcad/datanode-0/data/ratis/625523c4-f404-4cce-94e6-95126f74ec45 does not exist. Creating ...
2019-10-07 22:21:36,109 [pool-47-thread-1] INFO  storage.RaftStorageDirectory (RaftStorageDirectory.java:tryLock(328)) - Lock on /workdir/hadoop-ozone/integration-test/target/test-dir/MiniOzoneClusterImpl-e98591d2-3ad0-4fa0-a2a5-26850085fcad/datanode-2/data/ratis/625523c4-f404-4cce-94e6-95126f74ec45/in_use.lock acquired by nodename 21146@pr-hdds-1868-k864b-3611000933
2019-10-07 22:21:36,109 [pool-27-thread-1] INFO  storage.RaftStorageDirectory (RaftStorageDirectory.java:tryLock(328)) - Lock on /workdir/hadoop-ozone/integration-test/target/test-dir/MiniOzoneClusterImpl-e98591d2-3ad0-4fa0-a2a5-26850085fcad/datanode-0/data/ratis/625523c4-f404-4cce-94e6-95126f74ec45/in_use.lock acquired by nodename 21146@pr-hdds-1868-k864b-3611000933
2019-10-07 22:21:36,109 [pool-37-thread-1] INFO  storage.RaftStorageDirectory (RaftStorageDirectory.java:tryLock(328)) - Lock on /workdir/hadoop-ozone/integration-test/target/test-dir/MiniOzoneClusterImpl-e98591d2-3ad0-4fa0-a2a5-26850085fcad/datanode-1/data/ratis/625523c4-f404-4cce-94e6-95126f74ec45/in_use.lock acquired by nodename 21146@pr-hdds-1868-k864b-3611000933
2019-10-07 22:21:36,126 [pool-47-thread-1] INFO  storage.RaftStorage (RaftStorage.java:format(84)) - Storage directory /workdir/hadoop-ozone/integration-test/target/test-dir/MiniOzoneClusterImpl-e98591d2-3ad0-4fa0-a2a5-26850085fcad/datanode-2/data/ratis/625523c4-f404-4cce-94e6-95126f74ec45 has been successfully formatted.
2019-10-07 22:21:36,126 [pool-37-thread-1] INFO  storage.RaftStorage (RaftStorage.java:format(84)) - Storage directory /workdir/hadoop-ozone/integration-test/target/test-dir/MiniOzoneClusterImpl-e98591d2-3ad0-4fa0-a2a5-26850085fcad/datanode-1/data/ratis/625523c4-f404-4cce-94e6-95126f74ec45 has been successfully formatted.
2019-10-07 22:21:36,126 [pool-27-thread-1] INFO  storage.RaftStorage (RaftStorage.java:format(84)) - Storage directory /workdir/hadoop-ozone/integration-test/target/test-dir/MiniOzoneClusterImpl-e98591d2-3ad0-4fa0-a2a5-26850085fcad/datanode-0/data/ratis/625523c4-f404-4cce-94e6-95126f74ec45 has been successfully formatted.
2019-10-07 22:21:36,126 [pool-37-thread-1] INFO  ratis.ContainerStateMachine (ContainerStateMachine.java:loadSnapshot(233)) - group-95126F74EC45: The snapshot info is null. Setting the last applied indexto:(t:0, i:~)
2019-10-07 22:21:36,126 [pool-47-thread-1] INFO  ratis.ContainerStateMachine (ContainerStateMachine.java:loadSnapshot(233)) - group-95126F74EC45: The snapshot info is null. Setting the last applied indexto:(t:0, i:~)
2019-10-07 22:21:36,127 [pool-27-thread-1] INFO  ratis.ContainerStateMachine (ContainerStateMachine.java:loadSnapshot(233)) - group-95126F74EC45: The snapshot info is null. Setting the last applied indexto:(t:0, i:~)
2019-10-07 22:21:36,127 [pool-37-thread-1] INFO  server.RaftServerConfigKeys (ConfUtils.java:logGet(43)) - raft.server.notification.no-leader.timeout = 120s (custom)
2019-10-07 22:21:36,127 [pool-27-thread-1] INFO  server.RaftServerConfigKeys (ConfUtils.java:logGet(43)) - raft.server.notification.no-leader.timeout = 120s (custom)
2019-10-07 22:21:36,127 [pool-47-thread-1] INFO  server.RaftServerConfigKeys (ConfUtils.java:logGet(43)) - raft.server.notification.no-leader.timeout = 120s (custom)
2019-10-07 22:21:36,127 [pool-27-thread-1] INFO  server.RaftServerConfigKeys (ConfUtils.java:logGet(43)) - raft.server.log.use.memory = false (default)
2019-10-07 22:21:36,127 [pool-37-thread-1] INFO  server.RaftServerConfigKeys (ConfUtils.java:logGet(43)) - raft.server.log.use.memory = false (default)
2019-10-07 22:21:36,128 [pool-27-thread-1] INFO  server.RaftServerConfigKeys (ConfUtils.java:logGet(43)) - raft.server.log.purge.gap = 1000000 (custom)
2019-10-07 22:21:36,127 [pool-47-thread-1] INFO  server.RaftServerConfigKeys (ConfUtils.java:logGet(43)) - raft.server.log.use.memory = false (default)
2019-10-07 22:21:36,128 [pool-27-thread-1] INFO  server.RaftServerConfigKeys (ConfUtils.java:logGet(43)) - raft.server.log.appender.buffer.byte-limit = 33554432 (custom)
2019-10-07 22:21:36,128 [pool-37-thread-1] INFO  server.RaftServerConfigKeys (ConfUtils.java:logGet(43)) - raft.server.log.purge.gap = 1000000 (custom)
2019-10-07 22:21:36,128 [pool-27-thread-1] INFO  server.RaftServerConfigKeys (ConfUtils.java:logGet(43)) - raft.server.log.segment.size.max = 1048576 (custom)
2019-10-07 22:21:36,128 [pool-47-thread-1] INFO  server.RaftServerConfigKeys (ConfUtils.java:logGet(43)) - raft.server.log.purge.gap = 1000000 (custom)
2019-10-07 22:21:36,128 [pool-27-thread-1] INFO  server.RaftServerConfigKeys (ConfUtils.java:logGet(43)) - raft.server.log.segment.cache.num.max = 2 (custom)
2019-10-07 22:21:36,128 [pool-37-thread-1] INFO  server.RaftServerConfigKeys (ConfUtils.java:logGet(43)) - raft.server.log.appender.buffer.byte-limit = 33554432 (custom)
2019-10-07 22:21:36,129 [pool-27-thread-1] INFO  segmented.SegmentedRaftLogWorker (SegmentedRaftLogWorker.java:<init>(173)) - new 06380598-6755-4f22-bec2-9517843746f9@group-95126F74EC45-SegmentedRaftLogWorker for RaftStorage:Storage Directory /workdir/hadoop-ozone/integration-test/target/test-dir/MiniOzoneClusterImpl-e98591d2-3ad0-4fa0-a2a5-26850085fcad/datanode-0/data/ratis/625523c4-f404-4cce-94e6-95126f74ec45
2019-10-07 22:21:36,129 [pool-47-thread-1] INFO  server.RaftServerConfigKeys (ConfUtils.java:logGet(43)) - raft.server.log.appender.buffer.byte-limit = 33554432 (custom)
2019-10-07 22:21:36,129 [pool-27-thread-1] INFO  server.RaftServerConfigKeys (ConfUtils.java:logGet(43)) - raft.server.log.queue.byte-limit = 2147483647 (custom)
2019-10-07 22:21:36,129 [pool-37-thread-1] INFO  server.RaftServerConfigKeys (ConfUtils.java:logGet(43)) - raft.server.log.segment.size.max = 1048576 (custom)
2019-10-07 22:21:36,129 [pool-27-thread-1] INFO  server.RaftServerConfigKeys (ConfUtils.java:logGet(43)) - raft.server.log.queue.element-limit = 1024 (custom)
2019-10-07 22:21:36,129 [pool-47-thread-1] INFO  server.RaftServerConfigKeys (ConfUtils.java:logGet(43)) - raft.server.log.segment.size.max = 1048576 (custom)
2019-10-07 22:21:36,130 [pool-27-thread-1] INFO  server.RaftServerConfigKeys (ConfUtils.java:logGet(43)) - raft.server.log.segment.size.max = 1048576 (custom)
2019-10-07 22:21:36,129 [pool-37-thread-1] INFO  server.RaftServerConfigKeys (ConfUtils.java:logGet(43)) - raft.server.log.segment.cache.num.max = 2 (custom)
2019-10-07 22:21:36,130 [pool-27-thread-1] INFO  server.RaftServerConfigKeys (ConfUtils.java:logGet(43)) - raft.server.log.preallocated.size = 16384 (custom)
2019-10-07 22:21:36,130 [pool-47-thread-1] INFO  server.RaftServerConfigKeys (ConfUtils.java:logGet(43)) - raft.server.log.segment.cache.num.max = 2 (custom)
2019-10-07 22:21:36,130 [pool-27-thread-1] INFO  server.RaftServerConfigKeys (ConfUtils.java:logGet(43)) - raft.server.log.write.buffer.size = 33554432 (custom)
2019-10-07 22:21:36,130 [pool-37-thread-1] INFO  segmented.SegmentedRaftLogWorker (SegmentedRaftLogWorker.java:<init>(173)) - new cdfd9313-e709-45a0-aad5-fb04704b1f7d@group-95126F74EC45-SegmentedRaftLogWorker for RaftStorage:Storage Directory /workdir/hadoop-ozone/integration-test/target/test-dir/MiniOzoneClusterImpl-e98591d2-3ad0-4fa0-a2a5-26850085fcad/datanode-1/data/ratis/625523c4-f404-4cce-94e6-95126f74ec45
2019-10-07 22:21:36,131 [pool-27-thread-1] INFO  server.RaftServerConfigKeys (ConfUtils.java:logGet(43)) - raft.server.log.force.sync.num = 128 (default)
2019-10-07 22:21:36,130 [pool-47-thread-1] INFO  segmented.SegmentedRaftLogWorker (SegmentedRaftLogWorker.java:<init>(173)) - new 64a59515-2969-499c-a8c6-e7b2c46355f3@group-95126F74EC45-SegmentedRaftLogWorker for RaftStorage:Storage Directory /workdir/hadoop-ozone/integration-test/target/test-dir/MiniOzoneClusterImpl-e98591d2-3ad0-4fa0-a2a5-26850085fcad/datanode-2/data/ratis/625523c4-f404-4cce-94e6-95126f74ec45
2019-10-07 22:21:36,131 [pool-27-thread-1] INFO  server.RaftServerConfigKeys (ConfUtils.java:logGet(43)) - raft.server.log.statemachine.data.sync = true (default)
2019-10-07 22:21:36,131 [pool-37-thread-1] INFO  server.RaftServerConfigKeys (ConfUtils.java:logGet(43)) - raft.server.log.queue.byte-limit = 2147483647 (custom)
2019-10-07 22:21:36,131 [pool-27-thread-1] INFO  server.RaftServerConfigKeys (ConfUtils.java:logGet(43)) - raft.server.log.statemachine.data.sync.timeout = 10s (default)
2019-10-07 22:21:36,131 [pool-47-thread-1] INFO  server.RaftServerConfigKeys (ConfUtils.java:logGet(43)) - raft.server.log.queue.byte-limit = 2147483647 (custom)
2019-10-07 22:21:36,131 [pool-27-thread-1] INFO  server.RaftServerConfigKeys (ConfUtils.java:logGet(43)) - raft.server.log.statemachine.data.sync.timeout.retry = -1 (default)
2019-10-07 22:21:36,131 [pool-37-thread-1] INFO  server.RaftServerConfigKeys (ConfUtils.java:logGet(43)) - raft.server.log.queue.element-limit = 1024 (custom)
2019-10-07 22:21:36,132 [pool-47-thread-1] INFO  server.RaftServerConfigKeys (ConfUtils.java:logGet(43)) - raft.server.log.queue.element-limit = 1024 (custom)
2019-10-07 22:21:36,132 [pool-37-thread-1] INFO  server.RaftServerConfigKeys (ConfUtils.java:logGet(43)) - raft.server.log.segment.size.max = 1048576 (custom)
2019-10-07 22:21:36,132 [pool-27-thread-1] INFO  server.RaftServerConfigKeys (ConfUtils.java:logGet(43)) - raft.server.log.statemachine.data.caching.enabled = true (custom)
2019-10-07 22:21:36,132 [pool-37-thread-1] INFO  server.RaftServerConfigKeys (ConfUtils.java:logGet(43)) - raft.server.log.preallocated.size = 16384 (custom)
2019-10-07 22:21:36,132 [pool-47-thread-1] INFO  server.RaftServerConfigKeys (ConfUtils.java:logGet(43)) - raft.server.log.segment.size.max = 1048576 (custom)
2019-10-07 22:21:36,133 [pool-37-thread-1] INFO  server.RaftServerConfigKeys (ConfUtils.java:logGet(43)) - raft.server.log.write.buffer.size = 33554432 (custom)
2019-10-07 22:21:36,133 [pool-27-thread-1] INFO  segmented.SegmentedRaftLogWorker (SegmentedRaftLogWorker.java:lambda$new$0(128)) - 06380598-6755-4f22-bec2-9517843746f9@group-95126F74EC45-SegmentedRaftLogWorker: flushIndex: setUnconditionally 0 -> -1
2019-10-07 22:21:36,133 [pool-47-thread-1] INFO  server.RaftServerConfigKeys (ConfUtils.java:logGet(43)) - raft.server.log.preallocated.size = 16384 (custom)
2019-10-07 22:21:36,133 [pool-47-thread-1] INFO  server.RaftServerConfigKeys (ConfUtils.java:logGet(43)) - raft.server.log.write.buffer.size = 33554432 (custom)
2019-10-07 22:21:36,133 [pool-37-thread-1] INFO  server.RaftServerConfigKeys (ConfUtils.java:logGet(43)) - raft.server.log.force.sync.num = 128 (default)
2019-10-07 22:21:36,133 [pool-47-thread-1] INFO  server.RaftServerConfigKeys (ConfUtils.java:logGet(43)) - raft.server.log.force.sync.num = 128 (default)
2019-10-07 22:21:36,133 [pool-27-thread-1] INFO  server.RaftServerConfigKeys (ConfUtils.java:logGet(43)) - raft.server.snapshot.auto.trigger.enabled = true (custom)
2019-10-07 22:21:36,134 [pool-47-thread-1] INFO  server.RaftServerConfigKeys (ConfUtils.java:logGet(43)) - raft.server.log.statemachine.data.sync = true (default)
2019-10-07 22:21:36,133 [pool-37-thread-1] INFO  server.RaftServerConfigKeys (ConfUtils.java:logGet(43)) - raft.server.log.statemachine.data.sync = true (default)
2019-10-07 22:21:36,134 [pool-47-thread-1] INFO  server.RaftServerConfigKeys (ConfUtils.java:logGet(43)) - raft.server.log.statemachine.data.sync.timeout = 10s (default)
2019-10-07 22:21:36,134 [pool-27-thread-1] INFO  server.RaftServerConfigKeys (ConfUtils.java:logGet(43)) - raft.server.snapshot.auto.trigger.threshold = 10000 (custom)
2019-10-07 22:21:36,134 [pool-47-thread-1] INFO  server.RaftServerConfigKeys (ConfUtils.java:logGet(43)) - raft.server.log.statemachine.data.sync.timeout.retry = -1 (default)
2019-10-07 22:21:36,134 [pool-37-thread-1] INFO  server.RaftServerConfigKeys (ConfUtils.java:logGet(43)) - raft.server.log.statemachine.data.sync.timeout = 10s (default)
2019-10-07 22:21:36,134 [pool-47-thread-1] INFO  server.RaftServerConfigKeys (ConfUtils.java:logGet(43)) - raft.server.log.statemachine.data.caching.enabled = true (custom)
2019-10-07 22:21:36,134 [pool-27-thread-1] INFO  server.RaftServerConfigKeys (ConfUtils.java:logGet(43)) - raft.server.snapshot.retention.file.num = 5 (custom)
2019-10-07 22:21:36,135 [pool-37-thread-1] INFO  server.RaftServerConfigKeys (ConfUtils.java:logGet(43)) - raft.server.log.statemachine.data.sync.timeout.retry = -1 (default)
2019-10-07 22:21:36,135 [pool-27-thread-1] INFO  server.RaftServerConfigKeys (ConfUtils.java:logGet(43)) - raft.server.retrycache.expirytime = 600000ms (custom)
2019-10-07 22:21:36,135 [pool-47-thread-1] INFO  segmented.SegmentedRaftLogWorker (SegmentedRaftLogWorker.java:lambda$new$0(128)) - 64a59515-2969-499c-a8c6-e7b2c46355f3@group-95126F74EC45-SegmentedRaftLogWorker: flushIndex: setUnconditionally 0 -> -1
2019-10-07 22:21:36,135 [pool-37-thread-1] INFO  server.RaftServerConfigKeys (ConfUtils.java:logGet(43)) - raft.server.log.statemachine.data.caching.enabled = true (custom)
2019-10-07 22:21:36,135 [pool-47-thread-1] INFO  server.RaftServerConfigKeys (ConfUtils.java:logGet(43)) - raft.server.snapshot.auto.trigger.enabled = true (custom)
2019-10-07 22:21:36,136 [pool-47-thread-1] INFO  server.RaftServerConfigKeys (ConfUtils.java:logGet(43)) - raft.server.snapshot.auto.trigger.threshold = 10000 (custom)
2019-10-07 22:21:36,136 [pool-37-thread-1] INFO  segmented.SegmentedRaftLogWorker (SegmentedRaftLogWorker.java:lambda$new$0(128)) - cdfd9313-e709-45a0-aad5-fb04704b1f7d@group-95126F74EC45-SegmentedRaftLogWorker: flushIndex: setUnconditionally 0 -> -1
2019-10-07 22:21:36,136 [pool-47-thread-1] INFO  server.RaftServerConfigKeys (ConfUtils.java:logGet(43)) - raft.server.snapshot.retention.file.num = 5 (custom)
2019-10-07 22:21:36,136 [pool-47-thread-1] INFO  server.RaftServerConfigKeys (ConfUtils.java:logGet(43)) - raft.server.retrycache.expirytime = 600000ms (custom)
2019-10-07 22:21:36,136 [pool-37-thread-1] INFO  server.RaftServerConfigKeys (ConfUtils.java:logGet(43)) - raft.server.snapshot.auto.trigger.enabled = true (custom)
2019-10-07 22:21:36,136 [pool-37-thread-1] INFO  server.RaftServerConfigKeys (ConfUtils.java:logGet(43)) - raft.server.snapshot.auto.trigger.threshold = 10000 (custom)
2019-10-07 22:21:36,136 [pool-37-thread-1] INFO  server.RaftServerConfigKeys (ConfUtils.java:logGet(43)) - raft.server.snapshot.retention.file.num = 5 (custom)
2019-10-07 22:21:36,137 [pool-37-thread-1] INFO  server.RaftServerConfigKeys (ConfUtils.java:logGet(43)) - raft.server.retrycache.expirytime = 600000ms (custom)
2019-10-07 22:21:36,140 [pool-27-thread-1] INFO  impl.RaftServerImpl (RaftServerImpl.java:start(181)) - 06380598-6755-4f22-bec2-9517843746f9@group-95126F74EC45: start as a follower, conf=-1: [06380598-6755-4f22-bec2-9517843746f9:192.168.151.75:43260, 64a59515-2969-499c-a8c6-e7b2c46355f3:192.168.151.75:44677, cdfd9313-e709-45a0-aad5-fb04704b1f7d:192.168.151.75:43040], old=null
2019-10-07 22:21:36,140 [pool-27-thread-1] INFO  impl.RaftServerImpl (RaftServerImpl.java:setRole(170)) - 06380598-6755-4f22-bec2-9517843746f9@group-95126F74EC45: changes role from      null to FOLLOWER at term 0 for startAsFollower
2019-10-07 22:21:36,140 [pool-27-thread-1] INFO  impl.RoleInfo (RoleInfo.java:updateAndGet(143)) - 06380598-6755-4f22-bec2-9517843746f9: start FollowerState
2019-10-07 22:21:36,140 [pool-47-thread-1] INFO  impl.RaftServerImpl (RaftServerImpl.java:start(181)) - 64a59515-2969-499c-a8c6-e7b2c46355f3@group-95126F74EC45: start as a follower, conf=-1: [06380598-6755-4f22-bec2-9517843746f9:192.168.151.75:43260, 64a59515-2969-499c-a8c6-e7b2c46355f3:192.168.151.75:44677, cdfd9313-e709-45a0-aad5-fb04704b1f7d:192.168.151.75:43040], old=null
2019-10-07 22:21:36,140 [pool-47-thread-1] INFO  impl.RaftServerImpl (RaftServerImpl.java:setRole(170)) - 64a59515-2969-499c-a8c6-e7b2c46355f3@group-95126F74EC45: changes role from      null to FOLLOWER at term 0 for startAsFollower
2019-10-07 22:21:36,140 [pool-47-thread-1] INFO  impl.RoleInfo (RoleInfo.java:updateAndGet(143)) - 64a59515-2969-499c-a8c6-e7b2c46355f3: start FollowerState
2019-10-07 22:21:36,140 [pool-27-thread-1] INFO  util.JmxRegister (JmxRegister.java:tryRegister(44)) - Successfully registered JMX Bean with object name Ratis:service=RaftServer,group=group-95126F74EC45,id=06380598-6755-4f22-bec2-9517843746f9
2019-10-07 22:21:36,140 [pool-37-thread-1] INFO  impl.RaftServerImpl (RaftServerImpl.java:start(181)) - cdfd9313-e709-45a0-aad5-fb04704b1f7d@group-95126F74EC45: start as a follower, conf=-1: [06380598-6755-4f22-bec2-9517843746f9:192.168.151.75:43260, 64a59515-2969-499c-a8c6-e7b2c46355f3:192.168.151.75:44677, cdfd9313-e709-45a0-aad5-fb04704b1f7d:192.168.151.75:43040], old=null
2019-10-07 22:21:36,141 [pool-47-thread-1] INFO  util.JmxRegister (JmxRegister.java:tryRegister(44)) - Successfully registered JMX Bean with object name Ratis:service=RaftServer,group=group-95126F74EC45,id=64a59515-2969-499c-a8c6-e7b2c46355f3
2019-10-07 22:21:36,141 [pool-37-thread-1] INFO  impl.RaftServerImpl (RaftServerImpl.java:setRole(170)) - cdfd9313-e709-45a0-aad5-fb04704b1f7d@group-95126F74EC45: changes role from      null to FOLLOWER at term 0 for startAsFollower
2019-10-07 22:21:36,141 [pool-37-thread-1] INFO  impl.RoleInfo (RoleInfo.java:updateAndGet(143)) - cdfd9313-e709-45a0-aad5-fb04704b1f7d: start FollowerState
2019-10-07 22:21:36,141 [pool-37-thread-1] INFO  util.JmxRegister (JmxRegister.java:tryRegister(44)) - Successfully registered JMX Bean with object name Ratis:service=RaftServer,group=group-95126F74EC45,id=cdfd9313-e709-45a0-aad5-fb04704b1f7d
2019-10-07 22:21:36,154 [RatisPipelineUtilsThread] INFO  pipeline.PipelineStateManager (PipelineStateManager.java:addPipeline(57)) - Created pipeline Pipeline[ Id: 625523c4-f404-4cce-94e6-95126f74ec45, Nodes: cdfd9313-e709-45a0-aad5-fb04704b1f7d{ip: 192.168.151.75, host: pr-hdds-1868-k864b-3611000933, networkLocation: /default-rack, certSerialId: null}64a59515-2969-499c-a8c6-e7b2c46355f3{ip: 192.168.151.75, host: pr-hdds-1868-k864b-3611000933, networkLocation: /default-rack, certSerialId: null}06380598-6755-4f22-bec2-9517843746f9{ip: 192.168.151.75, host: pr-hdds-1868-k864b-3611000933, networkLocation: /default-rack, certSerialId: null}, Type:RATIS, Factor:THREE, State:ALLOCATED]
2019-10-07 22:21:36,286 [main] INFO  ozone.MiniOzoneClusterImpl (MiniOzoneClusterImpl.java:shutdown(352)) - Shutting down the Mini Ozone Cluster
2019-10-07 22:21:36,286 [main] INFO  ozone.MiniOzoneClusterImpl (MiniOzoneClusterImpl.java:stop(368)) - Stopping the Mini Ozone Cluster
2019-10-07 22:21:36,287 [main] INFO  ozone.MiniOzoneClusterImpl (MiniOzoneClusterImpl.java:stopOM(438)) - Stopping the OzoneManager
2019-10-07 22:21:36,287 [main] INFO  ipc.Server (Server.java:stop(3082)) - Stopping server on 39951
2019-10-07 22:21:36,300 [main] INFO  ratis.OzoneManagerDoubleBuffer (OzoneManagerDoubleBuffer.java:stop(248)) - Stopping OMDoubleBuffer flush thread
2019-10-07 22:21:36,301 [IPC Server listener on 39951] INFO  ipc.Server (Server.java:run(1185)) - Stopping IPC Server listener on 39951
2019-10-07 22:21:36,308 [OMDoubleBufferFlushThread] INFO  ratis.OzoneManagerDoubleBuffer (OzoneManagerDoubleBuffer.java:flushTransactions(191)) - OMDoubleBuffer flush thread OMDoubleBufferFlushThread is interrupted and will exit. OMDoubleBufferFlushThread
2019-10-07 22:21:36,302 [IPC Server Responder] INFO  ipc.Server (Server.java:run(1319)) - Stopping IPC Server Responder
2019-10-07 22:21:36,311 [main] INFO  utils.BackgroundService (BackgroundService.java:shutdown(148)) - Shutting down service KeyDeletingService
2019-10-07 22:21:36,317 [main] INFO  handler.ContextHandler (ContextHandler.java:doStop(910)) - Stopped o.e.j.w.WebAppContext@319854f0{/,null,UNAVAILABLE}{/ozoneManager}
2019-10-07 22:21:36,323 [main] INFO  server.AbstractConnector (AbstractConnector.java:doStop(318)) - Stopped ServerConnector@748fe51d{HTTP/1.1,[http/1.1]}{0.0.0.0:0}
2019-10-07 22:21:36,324 [main] INFO  handler.ContextHandler (ContextHandler.java:doStop(910)) - Stopped o.e.j.s.ServletContextHandler@20ed3303{/static,file:///workdir/hadoop-ozone/integration-test/target/test-classes/webapps/static,UNAVAILABLE}
2019-10-07 22:21:36,325 [main] INFO  handler.ContextHandler (ContextHandler.java:doStop(910)) - Stopped o.e.j.s.ServletContextHandler@1542af63{/logs,file:///workdir/hadoop-ozone/integration-test/target/log,UNAVAILABLE}
2019-10-07 22:21:36,332 [main] INFO  ozone.MiniOzoneClusterImpl (MiniOzoneClusterImpl.java:stopDatanodes(415)) - Stopping the HddsDatanodes
2019-10-07 22:21:36,337 [Datanode State Machine Thread - 0] INFO  statemachine.DatanodeStateMachine (DatanodeStateMachine.java:lambda$startDaemon$0(350)) - Ozone container server started.
2019-10-07 22:21:37,244 [Datanode State Machine Thread - 0] INFO  statemachine.DatanodeStateMachine (DatanodeStateMachine.java:lambda$startDaemon$0(350)) - Ozone container server started.
2019-10-07 22:21:41,288 [Thread-249] INFO  impl.FollowerState (FollowerState.java:run(108)) - 64a59515-2969-499c-a8c6-e7b2c46355f3@group-95126F74EC45-FollowerState: change to CANDIDATE, lastRpcTime:5147ms, electionTimeout:5147ms
2019-10-07 22:21:41,289 [Thread-249] INFO  impl.RoleInfo (RoleInfo.java:shutdownFollowerState(121)) - 64a59515-2969-499c-a8c6-e7b2c46355f3: shutdown FollowerState
2019-10-07 22:21:41,289 [Thread-249] INFO  impl.RaftServerImpl (RaftServerImpl.java:setRole(170)) - 64a59515-2969-499c-a8c6-e7b2c46355f3@group-95126F74EC45: changes role from  FOLLOWER to CANDIDATE at term 0 for changeToCandidate
2019-10-07 22:21:41,289 [Thread-249] INFO  impl.RoleInfo (RoleInfo.java:updateAndGet(143)) - 64a59515-2969-499c-a8c6-e7b2c46355f3: start LeaderElection
2019-10-07 22:21:41,307 [64a59515-2969-499c-a8c6-e7b2c46355f3@group-95126F74EC45-LeaderElection5] INFO  impl.LeaderElection (LeaderElection.java:askForVotes(178)) - 64a59515-2969-499c-a8c6-e7b2c46355f3@group-95126F74EC45-LeaderElection5: begin an election at term 1 for -1: [06380598-6755-4f22-bec2-9517843746f9:192.168.151.75:43260, 64a59515-2969-499c-a8c6-e7b2c46355f3:192.168.151.75:44677, cdfd9313-e709-45a0-aad5-fb04704b1f7d:192.168.151.75:43040], old=null
2019-10-07 22:21:41,321 [grpc-default-executor-0] INFO  impl.RaftServerImpl (RaftServerImpl.java:setRole(170)) - cdfd9313-e709-45a0-aad5-fb04704b1f7d@group-95126F74EC45: changes role from  FOLLOWER to FOLLOWER at term 1 for recognizeCandidate:64a59515-2969-499c-a8c6-e7b2c46355f3
2019-10-07 22:21:41,321 [grpc-default-executor-2] INFO  impl.RaftServerImpl (RaftServerImpl.java:setRole(170)) - 06380598-6755-4f22-bec2-9517843746f9@group-95126F74EC45: changes role from  FOLLOWER to FOLLOWER at term 1 for recognizeCandidate:64a59515-2969-499c-a8c6-e7b2c46355f3
2019-10-07 22:21:41,321 [grpc-default-executor-0] INFO  impl.RoleInfo (RoleInfo.java:shutdownFollowerState(121)) - cdfd9313-e709-45a0-aad5-fb04704b1f7d: shutdown FollowerState
2019-10-07 22:21:41,322 [grpc-default-executor-2] INFO  impl.RoleInfo (RoleInfo.java:shutdownFollowerState(121)) - 06380598-6755-4f22-bec2-9517843746f9: shutdown FollowerState
2019-10-07 22:21:41,323 [grpc-default-executor-0] INFO  impl.RoleInfo (RoleInfo.java:updateAndGet(143)) - cdfd9313-e709-45a0-aad5-fb04704b1f7d: start FollowerState
2019-10-07 22:21:41,323 [Thread-248] INFO  impl.FollowerState (FollowerState.java:run(117)) - 06380598-6755-4f22-bec2-9517843746f9@group-95126F74EC45-FollowerState was interrupted: java.lang.InterruptedException: sleep interrupted
2019-10-07 22:21:41,323 [grpc-default-executor-2] INFO  impl.RoleInfo (RoleInfo.java:updateAndGet(143)) - 06380598-6755-4f22-bec2-9517843746f9: start FollowerState
2019-10-07 22:21:41,336 [main] INFO  ozoneimpl.OzoneContainer (OzoneContainer.java:stop(231)) - Attempting to stop container services.
2019-10-07 22:21:41,336 [ForkJoinPool.commonPool-worker-0] INFO  ozoneimpl.OzoneContainer (OzoneContainer.java:stop(231)) - Attempting to stop container services.
2019-10-07 22:21:41,337 [main] INFO  impl.RaftServerProxy (RaftServerProxy.java:lambda$close$4(314)) - cdfd9313-e709-45a0-aad5-fb04704b1f7d: close
2019-10-07 22:21:41,337 [ForkJoinPool.commonPool-worker-0] INFO  impl.RaftServerProxy (RaftServerProxy.java:lambda$close$4(314)) - 06380598-6755-4f22-bec2-9517843746f9: close
2019-10-07 22:21:41,339 [main] INFO  impl.RaftServerImpl (RaftServerImpl.java:lambda$shutdown$3(247)) - cdfd9313-e709-45a0-aad5-fb04704b1f7d@group-95126F74EC45: shutdown
2019-10-07 22:21:41,339 [ForkJoinPool.commonPool-worker-0] INFO  impl.RaftServerImpl (RaftServerImpl.java:lambda$shutdown$3(247)) - 06380598-6755-4f22-bec2-9517843746f9@group-50E385B3DA3F: shutdown
2019-10-07 22:21:41,341 [main] INFO  util.JmxRegister (JmxRegister.java:unregister(73)) - Successfully un-registered JMX Bean with object name Ratis:service=RaftServer,group=group-95126F74EC45,id=cdfd9313-e709-45a0-aad5-fb04704b1f7d
2019-10-07 22:21:41,341 [ForkJoinPool.commonPool-worker-0] INFO  util.JmxRegister (JmxRegister.java:unregister(73)) - Successfully un-registered JMX Bean with object name Ratis:service=RaftServer,group=group-50E385B3DA3F,id=06380598-6755-4f22-bec2-9517843746f9
2019-10-07 22:21:41,343 [main] INFO  impl.RoleInfo (RoleInfo.java:shutdownFollowerState(121)) - cdfd9313-e709-45a0-aad5-fb04704b1f7d: shutdown FollowerState
2019-10-07 22:21:41,343 [ForkJoinPool.commonPool-worker-0] INFO  impl.RoleInfo (RoleInfo.java:shutdownLeaderState(104)) - 06380598-6755-4f22-bec2-9517843746f9: shutdown LeaderState
2019-10-07 22:21:41,346 [Thread-257] INFO  impl.FollowerState (FollowerState.java:run(117)) - cdfd9313-e709-45a0-aad5-fb04704b1f7d@group-95126F74EC45-FollowerState was interrupted: java.lang.InterruptedException: sleep interrupted
2019-10-07 22:21:41,345 [main] INFO  impl.StateMachineUpdater (StateMachineUpdater.java:stopAndJoin(136)) - cdfd9313-e709-45a0-aad5-fb04704b1f7d@group-95126F74EC45-StateMachineUpdater: set stopIndex = -1
2019-10-07 22:21:41,349 [main] INFO  impl.RaftServerImpl (ServerState.java:close(387)) - cdfd9313-e709-45a0-aad5-fb04704b1f7d@group-95126F74EC45: closes. applyIndex: -1
2019-10-07 22:21:41,348 [ForkJoinPool.commonPool-worker-0] INFO  impl.PendingRequests (PendingRequests.java:sendNotLeaderResponses(202)) - 06380598-6755-4f22-bec2-9517843746f9@group-50E385B3DA3F-PendingRequests: sendNotLeaderResponses
2019-10-07 22:21:41,348 [64a59515-2969-499c-a8c6-e7b2c46355f3@group-95126F74EC45-LeaderElection5] INFO  impl.LeaderElection (LeaderElection.java:logAndReturn(56)) - 64a59515-2969-499c-a8c6-e7b2c46355f3@group-95126F74EC45-LeaderElection5: Election PASSED; received 1 response(s) [64a59515-2969-499c-a8c6-e7b2c46355f3<-06380598-6755-4f22-bec2-9517843746f9#0:OK-t1] and 0 exception(s); 64a59515-2969-499c-a8c6-e7b2c46355f3@group-95126F74EC45:t1, leader=null, voted=64a59515-2969-499c-a8c6-e7b2c46355f3, raftlog=64a59515-2969-499c-a8c6-e7b2c46355f3@group-95126F74EC45-SegmentedRaftLog:OPENED:c-1,f-1,i0, conf=-1: [06380598-6755-4f22-bec2-9517843746f9:192.168.151.75:43260, 64a59515-2969-499c-a8c6-e7b2c46355f3:192.168.151.75:44677, cdfd9313-e709-45a0-aad5-fb04704b1f7d:192.168.151.75:43040], old=null
2019-10-07 22:21:41,350 [ForkJoinPool.commonPool-worker-0] INFO  impl.StateMachineUpdater (StateMachineUpdater.java:stopAndJoin(136)) - 06380598-6755-4f22-bec2-9517843746f9@group-50E385B3DA3F-StateMachineUpdater: set stopIndex = 0
2019-10-07 22:21:41,350 [cdfd9313-e709-45a0-aad5-fb04704b1f7d@group-95126F74EC45-SegmentedRaftLogWorker] INFO  segmented.SegmentedRaftLogWorker (SegmentedRaftLogWorker.java:run(316)) - cdfd9313-e709-45a0-aad5-fb04704b1f7d@group-95126F74EC45-SegmentedRaftLogWorker was interrupted, exiting. There are 0 tasks remaining in the queue.
2019-10-07 22:21:41,353 [ForkJoinPool.commonPool-worker-0] INFO  impl.RaftServerImpl (ServerState.java:close(387)) - 06380598-6755-4f22-bec2-9517843746f9@group-50E385B3DA3F: closes. applyIndex: 0
2019-10-07 22:21:41,350 [64a59515-2969-499c-a8c6-e7b2c46355f3@group-95126F74EC45-LeaderElection5] INFO  impl.RoleInfo (RoleInfo.java:shutdownLeaderElection(134)) - 64a59515-2969-499c-a8c6-e7b2c46355f3: shutdown LeaderElection
2019-10-07 22:21:41,353 [06380598-6755-4f22-bec2-9517843746f9@group-50E385B3DA3F-SegmentedRaftLogWorker] INFO  segmented.SegmentedRaftLogWorker (SegmentedRaftLogWorker.java:run(316)) - 06380598-6755-4f22-bec2-9517843746f9@group-50E385B3DA3F-SegmentedRaftLogWorker was interrupted, exiting. There are 0 tasks remaining in the queue.
2019-10-07 22:21:41,353 [main] INFO  segmented.SegmentedRaftLogWorker (SegmentedRaftLogWorker.java:close(224)) - cdfd9313-e709-45a0-aad5-fb04704b1f7d@group-95126F74EC45-SegmentedRaftLogWorker close()
2019-10-07 22:21:41,355 [ForkJoinPool.commonPool-worker-0] INFO  segmented.SegmentedRaftLogWorker (SegmentedRaftLogWorker.java:close(224)) - 06380598-6755-4f22-bec2-9517843746f9@group-50E385B3DA3F-SegmentedRaftLogWorker close()
2019-10-07 22:21:41,353 [64a59515-2969-499c-a8c6-e7b2c46355f3@group-95126F74EC45-LeaderElection5] INFO  impl.RaftServerImpl (RaftServerImpl.java:setRole(170)) - 64a59515-2969-499c-a8c6-e7b2c46355f3@group-95126F74EC45: changes role from CANDIDATE to LEADER at term 1 for changeToLeader
2019-10-07 22:21:41,361 [ForkJoinPool.commonPool-worker-0] INFO  impl.RaftServerImpl (RaftServerImpl.java:lambda$shutdown$3(247)) - 06380598-6755-4f22-bec2-9517843746f9@group-95126F74EC45: shutdown
2019-10-07 22:21:41,358 [main] INFO  impl.RaftServerImpl (RaftServerImpl.java:lambda$shutdown$3(247)) - cdfd9313-e709-45a0-aad5-fb04704b1f7d@group-53A5DE1F5D7B: shutdown
2019-10-07 22:21:41,361 [ForkJoinPool.commonPool-worker-0] INFO  util.JmxRegister (JmxRegister.java:unregister(73)) - Successfully un-registered JMX Bean with object name Ratis:service=RaftServer,group=group-95126F74EC45,id=06380598-6755-4f22-bec2-9517843746f9
2019-10-07 22:21:41,362 [ForkJoinPool.commonPool-worker-0] INFO  impl.RoleInfo (RoleInfo.java:shutdownFollowerState(121)) - 06380598-6755-4f22-bec2-9517843746f9: shutdown FollowerState
2019-10-07 22:21:41,361 [64a59515-2969-499c-a8c6-e7b2c46355f3@group-95126F74EC45-LeaderElection5] INFO  ratis.XceiverServerRatis (XceiverServerRatis.java:handleLeaderChangedNotification(702)) - Leader change notification received for group: group-95126F74EC45 with new leaderId: 64a59515-2969-499c-a8c6-e7b2c46355f3
2019-10-07 22:21:41,363 [Thread-258] INFO  impl.FollowerState (FollowerState.java:run(117)) - 06380598-6755-4f22-bec2-9517843746f9@group-95126F74EC45-FollowerState was interrupted: java.lang.InterruptedException: sleep interrupted
2019-10-07 22:21:41,362 [ForkJoinPool.commonPool-worker-0] INFO  impl.StateMachineUpdater (StateMachineUpdater.java:stopAndJoin(136)) - 06380598-6755-4f22-bec2-9517843746f9@group-95126F74EC45-StateMachineUpdater: set stopIndex = -1
2019-10-07 22:21:41,362 [main] INFO  util.JmxRegister (JmxRegister.java:unregister(73)) - Successfully un-registered JMX Bean with object name Ratis:service=RaftServer,group=group-53A5DE1F5D7B,id=cdfd9313-e709-45a0-aad5-fb04704b1f7d
2019-10-07 22:21:41,365 [ForkJoinPool.commonPool-worker-0] INFO  impl.RaftServerImpl (ServerState.java:close(387)) - 06380598-6755-4f22-bec2-9517843746f9@group-95126F74EC45: closes. applyIndex: -1
2019-10-07 22:21:41,365 [64a59515-2969-499c-a8c6-e7b2c46355f3@group-95126F74EC45-LeaderElection5] INFO  impl.RaftServerImpl (ServerState.java:setLeader(255)) - 64a59515-2969-499c-a8c6-e7b2c46355f3@group-95126F74EC45: change Leader from null to 64a59515-2969-499c-a8c6-e7b2c46355f3 at term 1 for becomeLeader, leader elected after 5233ms
2019-10-07 22:21:41,374 [06380598-6755-4f22-bec2-9517843746f9@group-95126F74EC45-SegmentedRaftLogWorker] INFO  segmented.SegmentedRaftLogWorker (SegmentedRaftLogWorker.java:run(316)) - 06380598-6755-4f22-bec2-9517843746f9@group-95126F74EC45-SegmentedRaftLogWorker was interrupted, exiting. There are 0 tasks remaining in the queue.
2019-10-07 22:21:41,366 [main] INFO  impl.RoleInfo (RoleInfo.java:shutdownLeaderState(104)) - cdfd9313-e709-45a0-aad5-fb04704b1f7d: shutdown LeaderState
2019-10-07 22:21:41,374 [64a59515-2969-499c-a8c6-e7b2c46355f3@group-95126F74EC45-LeaderElection5] INFO  server.RaftServerConfigKeys (ConfUtils.java:logGet(43)) - raft.server.staging.catchup.gap = 1000 (default)
2019-10-07 22:21:41,374 [ForkJoinPool.commonPool-worker-0] INFO  segmented.SegmentedRaftLogWorker (SegmentedRaftLogWorker.java:close(224)) - 06380598-6755-4f22-bec2-9517843746f9@group-95126F74EC45-SegmentedRaftLogWorker close()
2019-10-07 22:21:41,375 [64a59515-2969-499c-a8c6-e7b2c46355f3@group-95126F74EC45-LeaderElection5] INFO  server.RaftServerConfigKeys (ConfUtils.java:logGet(43)) - raft.server.rpc.sleep.time = 25ms (default)
2019-10-07 22:21:41,375 [EventQueue-PipelineReportForPipelineReportHandler] INFO  pipeline.PipelineReportHandler (PipelineReportHandler.java:processPipelineReport(117)) - Pipeline PipelineID=625523c4-f404-4cce-94e6-95126f74ec45 reported by 64a59515-2969-499c-a8c6-e7b2c46355f3{ip: 192.168.151.75, host: pr-hdds-1868-k864b-3611000933, networkLocation: /default-rack, certSerialId: null} with leaderId 64a59515-2969-499c-a8c6-e7b2c46355f3
2019-10-07 22:21:41,379 [64a59515-2969-499c-a8c6-e7b2c46355f3@group-95126F74EC45-LeaderElection5] INFO  server.RaftServerConfigKeys (ConfUtils.java:logGet(43)) - raft.server.write.element-limit = 4096 (default)
2019-10-07 22:21:41,375 [main] INFO  impl.PendingRequests (PendingRequests.java:sendNotLeaderResponses(202)) - cdfd9313-e709-45a0-aad5-fb04704b1f7d@group-53A5DE1F5D7B-PendingRequests: sendNotLeaderResponses
2019-10-07 22:21:41,379 [64a59515-2969-499c-a8c6-e7b2c46355f3@group-95126F74EC45-LeaderElection5] INFO  server.RaftServerConfigKeys (ConfUtils.java:logGet(43)) - raft.server.watch.timeout = 10s (default)
2019-10-07 22:21:41,379 [main] INFO  impl.StateMachineUpdater (StateMachineUpdater.java:stopAndJoin(136)) - cdfd9313-e709-45a0-aad5-fb04704b1f7d@group-53A5DE1F5D7B-StateMachineUpdater: set stopIndex = 0
2019-10-07 22:21:41,379 [ForkJoinPool.commonPool-worker-0] INFO  server.GrpcService (GrpcService.java:closeImpl(164)) - 06380598-6755-4f22-bec2-9517843746f9: shutdown server with port 43260 now
2019-10-07 22:21:41,380 [main] INFO  impl.RaftServerImpl (ServerState.java:close(387)) - cdfd9313-e709-45a0-aad5-fb04704b1f7d@group-53A5DE1F5D7B: closes. applyIndex: 0
2019-10-07 22:21:41,379 [64a59515-2969-499c-a8c6-e7b2c46355f3@group-95126F74EC45-LeaderElection5] INFO  server.RaftServerConfigKeys (ConfUtils.java:logGet(43)) - raft.server.watch.timeout.denomination = 1s (default)
2019-10-07 22:21:41,381 [cdfd9313-e709-45a0-aad5-fb04704b1f7d@group-53A5DE1F5D7B-SegmentedRaftLogWorker] INFO  segmented.SegmentedRaftLogWorker (SegmentedRaftLogWorker.java:run(316)) - cdfd9313-e709-45a0-aad5-fb04704b1f7d@group-53A5DE1F5D7B-SegmentedRaftLogWorker was interrupted, exiting. There are 0 tasks remaining in the queue.
2019-10-07 22:21:41,381 [64a59515-2969-499c-a8c6-e7b2c46355f3@group-95126F74EC45-LeaderElection5] INFO  server.RaftServerConfigKeys (ConfUtils.java:logGet(43)) - raft.server.watch.element-limit = 65536 (default)
2019-10-07 22:21:41,382 [main] INFO  segmented.SegmentedRaftLogWorker (SegmentedRaftLogWorker.java:close(224)) - cdfd9313-e709-45a0-aad5-fb04704b1f7d@group-53A5DE1F5D7B-SegmentedRaftLogWorker close()
2019-10-07 22:21:41,385 [main] INFO  server.GrpcService (GrpcService.java:closeImpl(164)) - cdfd9313-e709-45a0-aad5-fb04704b1f7d: shutdown server with port 43040 now
2019-10-07 22:21:41,388 [main] INFO  server.GrpcService (GrpcService.java:closeImpl(172)) - cdfd9313-e709-45a0-aad5-fb04704b1f7d: shutdown server with port 43040 successfully
2019-10-07 22:21:41,388 [ForkJoinPool.commonPool-worker-0] INFO  server.GrpcService (GrpcService.java:closeImpl(172)) - 06380598-6755-4f22-bec2-9517843746f9: shutdown server with port 43260 successfully
2019-10-07 22:21:41,388 [64a59515-2969-499c-a8c6-e7b2c46355f3@group-95126F74EC45-LeaderElection5] INFO  server.RaftServerConfigKeys (ConfUtils.java:logGet(43)) - raft.server.log.appender.snapshot.chunk.size.max = 16MB (=16777216) (default)
2019-10-07 22:21:41,389 [64a59515-2969-499c-a8c6-e7b2c46355f3@group-95126F74EC45-LeaderElection5] INFO  server.RaftServerConfigKeys (ConfUtils.java:logGet(43)) - raft.server.log.appender.buffer.byte-limit = 33554432 (custom)
2019-10-07 22:21:41,389 [64a59515-2969-499c-a8c6-e7b2c46355f3@group-95126F74EC45-LeaderElection5] INFO  server.RaftServerConfigKeys (ConfUtils.java:logGet(43)) - raft.server.log.appender.buffer.element-limit = 1 (custom)
2019-10-07 22:21:41,390 [64a59515-2969-499c-a8c6-e7b2c46355f3@group-95126F74EC45-LeaderElection5] INFO  grpc.GrpcConfigKeys$Server (ConfUtils.java:logGet(43)) - raft.grpc.server.leader.outstanding.appends.max = 128 (default)
2019-10-07 22:21:41,391 [64a59515-2969-499c-a8c6-e7b2c46355f3@group-95126F74EC45-LeaderElection5] INFO  server.RaftServerConfigKeys (ConfUtils.java:logGet(43)) - raft.server.rpc.request.timeout = 3000ms (default)
2019-10-07 22:21:41,391 [64a59515-2969-499c-a8c6-e7b2c46355f3@group-95126F74EC45-LeaderElection5] INFO  server.RaftServerConfigKeys (ConfUtils.java:logGet(43)) - raft.server.log.appender.install.snapshot.enabled = false (custom)
2019-10-07 22:21:41,392 [64a59515-2969-499c-a8c6-e7b2c46355f3@group-95126F74EC45-LeaderElection5] INFO  server.RaftServerConfigKeys (ConfUtils.java:logGet(43)) - raft.server.log.appender.snapshot.chunk.size.max = 16MB (=16777216) (default)
2019-10-07 22:21:41,392 [64a59515-2969-499c-a8c6-e7b2c46355f3@group-95126F74EC45-LeaderElection5] INFO  server.RaftServerConfigKeys (ConfUtils.java:logGet(43)) - raft.server.log.appender.buffer.byte-limit = 33554432 (custom)
2019-10-07 22:21:41,394 [64a59515-2969-499c-a8c6-e7b2c46355f3@group-95126F74EC45-LeaderElection5] INFO  server.RaftServerConfigKeys (ConfUtils.java:logGet(43)) - raft.server.log.appender.buffer.element-limit = 1 (custom)
2019-10-07 22:21:41,400 [refreshUsed-/workdir/hadoop-ozone/integration-test/target/test-dir/MiniOzoneClusterImpl-e98591d2-3ad0-4fa0-a2a5-26850085fcad/datanode-1/data/containers] WARN  fs.CachingGetSpaceUsed (CachingGetSpaceUsed.java:run(183)) - Thread Interrupted waiting to refresh disk information: sleep interrupted
2019-10-07 22:21:41,401 [64a59515-2969-499c-a8c6-e7b2c46355f3@group-95126F74EC45-LeaderElection5] INFO  grpc.GrpcConfigKeys$Server (ConfUtils.java:logGet(43)) - raft.grpc.server.leader.outstanding.appends.max = 128 (default)
2019-10-07 22:21:41,401 [refreshUsed-/workdir/hadoop-ozone/integration-test/target/test-dir/MiniOzoneClusterImpl-e98591d2-3ad0-4fa0-a2a5-26850085fcad/datanode-0/data/containers] WARN  fs.CachingGetSpaceUsed (CachingGetSpaceUsed.java:run(183)) - Thread Interrupted waiting to refresh disk information: sleep interrupted
2019-10-07 22:21:41,402 [64a59515-2969-499c-a8c6-e7b2c46355f3@group-95126F74EC45-LeaderElection5] INFO  server.RaftServerConfigKeys (ConfUtils.java:logGet(43)) - raft.server.rpc.request.timeout = 3000ms (default)
2019-10-07 22:21:41,402 [64a59515-2969-499c-a8c6-e7b2c46355f3@group-95126F74EC45-LeaderElection5] INFO  server.RaftServerConfigKeys (ConfUtils.java:logGet(43)) - raft.server.log.appender.install.snapshot.enabled = false (custom)
2019-10-07 22:21:41,403 [64a59515-2969-499c-a8c6-e7b2c46355f3@group-95126F74EC45-LeaderElection5] INFO  impl.RoleInfo (RoleInfo.java:updateAndGet(143)) - 64a59515-2969-499c-a8c6-e7b2c46355f3: start LeaderState
2019-10-07 22:21:41,403 [64a59515-2969-499c-a8c6-e7b2c46355f3@group-95126F74EC45-LeaderElection5] INFO  segmented.SegmentedRaftLogWorker (SegmentedRaftLogWorker.java:startLogSegment(385)) - 64a59515-2969-499c-a8c6-e7b2c46355f3@group-95126F74EC45-SegmentedRaftLogWorker: Starting segment from index:0
2019-10-07 22:21:41,404 [64a59515-2969-499c-a8c6-e7b2c46355f3@group-95126F74EC45-LeaderElection5] INFO  impl.RaftServerImpl (ServerState.java:setRaftConf(356)) - 64a59515-2969-499c-a8c6-e7b2c46355f3@group-95126F74EC45: set configuration 0: [06380598-6755-4f22-bec2-9517843746f9:192.168.151.75:43260, 64a59515-2969-499c-a8c6-e7b2c46355f3:192.168.151.75:44677, cdfd9313-e709-45a0-aad5-fb04704b1f7d:192.168.151.75:43040], old=null at 0
2019-10-07 22:21:41,445 [grpc-default-executor-3] WARN  server.GrpcLogAppender (LogUtils.java:warn(134)) - 64a59515-2969-499c-a8c6-e7b2c46355f3@group-95126F74EC45->06380598-6755-4f22-bec2-9517843746f9-AppendLogResponseHandler: Failed appendEntries: org.apache.ratis.thirdparty.io.grpc.StatusRuntimeException: UNAVAILABLE: io exception
2019-10-07 22:21:41,445 [grpc-default-executor-1] WARN  server.GrpcLogAppender (LogUtils.java:warn(134)) - 64a59515-2969-499c-a8c6-e7b2c46355f3@group-95126F74EC45->cdfd9313-e709-45a0-aad5-fb04704b1f7d-AppendLogResponseHandler: Failed appendEntries: org.apache.ratis.thirdparty.io.grpc.StatusRuntimeException: UNAVAILABLE: io exception
2019-10-07 22:21:41,447 [grpc-default-executor-3] INFO  impl.FollowerInfo (FollowerInfo.java:lambda$new$0(51)) - 64a59515-2969-499c-a8c6-e7b2c46355f3@group-95126F74EC45->06380598-6755-4f22-bec2-9517843746f9: nextIndex: updateUnconditionally 0 -> 0
2019-10-07 22:21:41,448 [grpc-default-executor-1] INFO  impl.FollowerInfo (FollowerInfo.java:lambda$new$0(51)) - 64a59515-2969-499c-a8c6-e7b2c46355f3@group-95126F74EC45->cdfd9313-e709-45a0-aad5-fb04704b1f7d: nextIndex: updateUnconditionally 0 -> 0
2019-10-07 22:21:41,455 [main] INFO  utils.BackgroundService (BackgroundService.java:shutdown(148)) - Shutting down service BlockDeletingService
2019-10-07 22:21:41,456 [ForkJoinPool.commonPool-worker-0] INFO  utils.BackgroundService (BackgroundService.java:shutdown(148)) - Shutting down service BlockDeletingService
2019-10-07 22:21:41,458 [64a59515-2969-499c-a8c6-e7b2c46355f3@group-95126F74EC45-SegmentedRaftLogWorker] INFO  segmented.SegmentedRaftLogWorker (SegmentedRaftLogWorker.java:execute(576)) - 64a59515-2969-499c-a8c6-e7b2c46355f3@group-95126F74EC45-SegmentedRaftLogWorker: created new log segment /workdir/hadoop-ozone/integration-test/target/test-dir/MiniOzoneClusterImpl-e98591d2-3ad0-4fa0-a2a5-26850085fcad/datanode-2/data/ratis/625523c4-f404-4cce-94e6-95126f74ec45/current/log_inprogress_0
2019-10-07 22:21:41,459 [main] INFO  statemachine.DatanodeStateMachine (DatanodeStateMachine.java:stopDaemon(395)) - Ozone container server stopped.
2019-10-07 22:21:41,462 [ForkJoinPool.commonPool-worker-0] INFO  statemachine.DatanodeStateMachine (DatanodeStateMachine.java:stopDaemon(395)) - Ozone container server stopped.
2019-10-07 22:21:41,465 [main] INFO  handler.ContextHandler (ContextHandler.java:doStop(910)) - Stopped o.e.j.w.WebAppContext@30b131b2{/,null,UNAVAILABLE}{/hddsDatanode}
2019-10-07 22:21:41,466 [ForkJoinPool.commonPool-worker-0] INFO  handler.ContextHandler (ContextHandler.java:doStop(910)) - Stopped o.e.j.w.WebAppContext@6edcad64{/,null,UNAVAILABLE}{/hddsDatanode}
2019-10-07 22:21:41,466 [main] INFO  server.AbstractConnector (AbstractConnector.java:doStop(318)) - Stopped ServerConnector@2924f1d8{HTTP/1.1,[http/1.1]}{0.0.0.0:0}
2019-10-07 22:21:41,467 [ForkJoinPool.commonPool-worker-0] INFO  server.AbstractConnector (AbstractConnector.java:doStop(318)) - Stopped ServerConnector@4c6007fb{HTTP/1.1,[http/1.1]}{0.0.0.0:0}
2019-10-07 22:21:41,467 [main] INFO  handler.ContextHandler (ContextHandler.java:doStop(910)) - Stopped o.e.j.s.ServletContextHandler@12fcc71f{/static,jar:file:/home/user/.m2/repository/org/apache/hadoop/hadoop-hdds-container-service/0.5.0-SNAPSHOT/hadoop-hdds-container-service-0.5.0-SNAPSHOT.jar!/webapps/static,UNAVAILABLE}
2019-10-07 22:21:41,468 [ForkJoinPool.commonPool-worker-0] INFO  handler.ContextHandler (ContextHandler.java:doStop(910)) - Stopped o.e.j.s.ServletContextHandler@767a014e{/static,jar:file:/home/user/.m2/repository/org/apache/hadoop/hadoop-hdds-container-service/0.5.0-SNAPSHOT/hadoop-hdds-container-service-0.5.0-SNAPSHOT.jar!/webapps/static,UNAVAILABLE}
2019-10-07 22:21:41,468 [main] INFO  handler.ContextHandler (ContextHandler.java:doStop(910)) - Stopped o.e.j.s.ServletContextHandler@68d7a2df{/logs,file:///workdir/hadoop-ozone/integration-test/target/log,UNAVAILABLE}
2019-10-07 22:21:41,469 [ForkJoinPool.commonPool-worker-0] INFO  handler.ContextHandler (ContextHandler.java:doStop(910)) - Stopped o.e.j.s.ServletContextHandler@2f236de0{/logs,file:///workdir/hadoop-ozone/integration-test/target/log,UNAVAILABLE}
2019-10-07 22:21:41,479 [grpc-default-executor-4] WARN  server.GrpcLogAppender (LogUtils.java:warn(134)) - 64a59515-2969-499c-a8c6-e7b2c46355f3@group-95126F74EC45->06380598-6755-4f22-bec2-9517843746f9-AppendLogResponseHandler: Failed appendEntries: org.apache.ratis.thirdparty.io.grpc.StatusRuntimeException: UNAVAILABLE: io exception
2019-10-07 22:21:41,479 [grpc-default-executor-5] WARN  server.GrpcLogAppender (LogUtils.java:warn(134)) - 64a59515-2969-499c-a8c6-e7b2c46355f3@group-95126F74EC45->cdfd9313-e709-45a0-aad5-fb04704b1f7d-AppendLogResponseHandler: Failed appendEntries: org.apache.ratis.thirdparty.io.grpc.StatusRuntimeException: UNAVAILABLE: io exception
2019-10-07 22:21:41,480 [grpc-default-executor-4] INFO  impl.FollowerInfo (FollowerInfo.java:lambda$new$0(51)) - 64a59515-2969-499c-a8c6-e7b2c46355f3@group-95126F74EC45->06380598-6755-4f22-bec2-9517843746f9: nextIndex: updateUnconditionally 1 -> 0
2019-10-07 22:21:41,481 [grpc-default-executor-5] INFO  impl.FollowerInfo (FollowerInfo.java:lambda$new$0(51)) - 64a59515-2969-499c-a8c6-e7b2c46355f3@group-95126F74EC45->cdfd9313-e709-45a0-aad5-fb04704b1f7d: nextIndex: updateUnconditionally 1 -> 0
2019-10-07 22:21:42,365 [Datanode State Machine Thread - 0] INFO  statemachine.DatanodeStateMachine (DatanodeStateMachine.java:lambda$startDaemon$0(350)) - Ozone container server started.
2019-10-07 22:21:43,981 [grpc-default-executor-0] WARN  server.GrpcLogAppender (LogUtils.java:warn(134)) - 64a59515-2969-499c-a8c6-e7b2c46355f3@group-95126F74EC45->06380598-6755-4f22-bec2-9517843746f9-AppendLogResponseHandler: Failed appendEntries: org.apache.ratis.thirdparty.io.grpc.StatusRuntimeException: UNAVAILABLE: io exception
2019-10-07 22:21:43,981 [grpc-default-executor-3] WARN  server.GrpcLogAppender (LogUtils.java:warn(134)) - 64a59515-2969-499c-a8c6-e7b2c46355f3@group-95126F74EC45->cdfd9313-e709-45a0-aad5-fb04704b1f7d-AppendLogResponseHandler: Failed appendEntries: org.apache.ratis.thirdparty.io.grpc.StatusRuntimeException: UNAVAILABLE: io exception
2019-10-07 22:21:43,982 [grpc-default-executor-0] INFO  impl.FollowerInfo (FollowerInfo.java:lambda$new$0(51)) - 64a59515-2969-499c-a8c6-e7b2c46355f3@group-95126F74EC45->06380598-6755-4f22-bec2-9517843746f9: nextIndex: updateUnconditionally 0 -> 0
2019-10-07 22:21:43,983 [grpc-default-executor-3] INFO  impl.FollowerInfo (FollowerInfo.java:lambda$new$0(51)) - 64a59515-2969-499c-a8c6-e7b2c46355f3@group-95126F74EC45->cdfd9313-e709-45a0-aad5-fb04704b1f7d: nextIndex: updateUnconditionally 0 -> 0
2019-10-07 22:21:46,471 [main] INFO  ozoneimpl.OzoneContainer (OzoneContainer.java:stop(231)) - Attempting to stop container services.
2019-10-07 22:21:46,472 [main] INFO  impl.RaftServerProxy (RaftServerProxy.java:lambda$close$4(314)) - 64a59515-2969-499c-a8c6-e7b2c46355f3: close
2019-10-07 22:21:46,473 [main] INFO  impl.RaftServerImpl (RaftServerImpl.java:lambda$shutdown$3(247)) - 64a59515-2969-499c-a8c6-e7b2c46355f3@group-EAE99C94B1FF: shutdown
2019-10-07 22:21:46,473 [main] INFO  util.JmxRegister (JmxRegister.java:unregister(73)) - Successfully un-registered JMX Bean with object name Ratis:service=RaftServer,group=group-EAE99C94B1FF,id=64a59515-2969-499c-a8c6-e7b2c46355f3
2019-10-07 22:21:46,474 [main] INFO  impl.RoleInfo (RoleInfo.java:shutdownLeaderState(104)) - 64a59515-2969-499c-a8c6-e7b2c46355f3: shutdown LeaderState
2019-10-07 22:21:46,474 [main] INFO  impl.PendingRequests (PendingRequests.java:sendNotLeaderResponses(202)) - 64a59515-2969-499c-a8c6-e7b2c46355f3@group-EAE99C94B1FF-PendingRequests: sendNotLeaderResponses
2019-10-07 22:21:46,475 [main] INFO  impl.StateMachineUpdater (StateMachineUpdater.java:stopAndJoin(136)) - 64a59515-2969-499c-a8c6-e7b2c46355f3@group-EAE99C94B1FF-StateMachineUpdater: set stopIndex = 0
2019-10-07 22:21:46,477 [main] INFO  impl.RaftServerImpl (ServerState.java:close(387)) - 64a59515-2969-499c-a8c6-e7b2c46355f3@group-EAE99C94B1FF: closes. applyIndex: 0
2019-10-07 22:21:46,478 [64a59515-2969-499c-a8c6-e7b2c46355f3@group-EAE99C94B1FF-SegmentedRaftLogWorker] INFO  segmented.SegmentedRaftLogWorker (SegmentedRaftLogWorker.java:run(316)) - 64a59515-2969-499c-a8c6-e7b2c46355f3@group-EAE99C94B1FF-SegmentedRaftLogWorker was interrupted, exiting. There are 0 tasks remaining in the queue.
2019-10-07 22:21:46,479 [main] INFO  segmented.SegmentedRaftLogWorker (SegmentedRaftLogWorker.java:close(224)) - 64a59515-2969-499c-a8c6-e7b2c46355f3@group-EAE99C94B1FF-SegmentedRaftLogWorker close()
2019-10-07 22:21:46,483 [main] INFO  impl.RaftServerImpl (RaftServerImpl.java:lambda$shutdown$3(247)) - 64a59515-2969-499c-a8c6-e7b2c46355f3@group-95126F74EC45: shutdown
2019-10-07 22:21:46,485 [main] INFO  util.JmxRegister (JmxRegister.java:unregister(73)) - Successfully un-registered JMX Bean with object name Ratis:service=RaftServer,group=group-95126F74EC45,id=64a59515-2969-499c-a8c6-e7b2c46355f3
2019-10-07 22:21:46,486 [main] INFO  impl.RoleInfo (RoleInfo.java:shutdownLeaderState(104)) - 64a59515-2969-499c-a8c6-e7b2c46355f3: shutdown LeaderState
2019-10-07 22:21:46,488 [org.apache.ratis.server.impl.LogAppender$AppenderDaemon$$Lambda$395/1262965489@17233ac9] WARN  server.GrpcLogAppender (GrpcLogAppender.java:mayWait(143)) - 64a59515-2969-499c-a8c6-e7b2c46355f3@group-95126F74EC45->06380598-6755-4f22-bec2-9517843746f9-GrpcLogAppender: Wait interrupted by java.lang.InterruptedException
2019-10-07 22:21:46,488 [org.apache.ratis.server.impl.LogAppender$AppenderDaemon$$Lambda$395/1262965489@14050a9] WARN  server.GrpcLogAppender (GrpcLogAppender.java:mayWait(143)) - 64a59515-2969-499c-a8c6-e7b2c46355f3@group-95126F74EC45->cdfd9313-e709-45a0-aad5-fb04704b1f7d-GrpcLogAppender: Wait interrupted by java.lang.InterruptedException
2019-10-07 22:21:46,488 [main] INFO  impl.PendingRequests (PendingRequests.java:sendNotLeaderResponses(202)) - 64a59515-2969-499c-a8c6-e7b2c46355f3@group-95126F74EC45-PendingRequests: sendNotLeaderResponses
2019-10-07 22:21:46,491 [main] INFO  impl.StateMachineUpdater (StateMachineUpdater.java:stopAndJoin(136)) - 64a59515-2969-499c-a8c6-e7b2c46355f3@group-95126F74EC45-StateMachineUpdater: set stopIndex = 0
2019-10-07 22:21:46,491 [grpc-default-executor-5] INFO  server.GrpcLogAppender (GrpcLogAppender.java:onError(282)) - 64a59515-2969-499c-a8c6-e7b2c46355f3@group-95126F74EC45->06380598-6755-4f22-bec2-9517843746f9-GrpcLogAppender is stopped
2019-10-07 22:21:46,492 [main] INFO  impl.RaftServerImpl (ServerState.java:close(387)) - 64a59515-2969-499c-a8c6-e7b2c46355f3@group-95126F74EC45: closes. applyIndex: 0
2019-10-07 22:21:46,493 [grpc-default-executor-4] INFO  server.GrpcLogAppender (GrpcLogAppender.java:onError(282)) - 64a59515-2969-499c-a8c6-e7b2c46355f3@group-95126F74EC45->cdfd9313-e709-45a0-aad5-fb04704b1f7d-GrpcLogAppender is stopped
2019-10-07 22:21:46,493 [64a59515-2969-499c-a8c6-e7b2c46355f3@group-95126F74EC45-SegmentedRaftLogWorker] INFO  segmented.SegmentedRaftLogWorker (SegmentedRaftLogWorker.java:run(316)) - 64a59515-2969-499c-a8c6-e7b2c46355f3@group-95126F74EC45-SegmentedRaftLogWorker was interrupted, exiting. There are 0 tasks remaining in the queue.
2019-10-07 22:21:46,494 [main] INFO  segmented.SegmentedRaftLogWorker (SegmentedRaftLogWorker.java:close(224)) - 64a59515-2969-499c-a8c6-e7b2c46355f3@group-95126F74EC45-SegmentedRaftLogWorker close()
2019-10-07 22:21:46,496 [main] INFO  server.GrpcService (GrpcService.java:closeImpl(164)) - 64a59515-2969-499c-a8c6-e7b2c46355f3: shutdown server with port 44677 now
2019-10-07 22:21:46,498 [main] INFO  server.GrpcService (GrpcService.java:closeImpl(172)) - 64a59515-2969-499c-a8c6-e7b2c46355f3: shutdown server with port 44677 successfully
2019-10-07 22:21:46,506 [refreshUsed-/workdir/hadoop-ozone/integration-test/target/test-dir/MiniOzoneClusterImpl-e98591d2-3ad0-4fa0-a2a5-26850085fcad/datanode-2/data/containers] WARN  fs.CachingGetSpaceUsed (CachingGetSpaceUsed.java:run(183)) - Thread Interrupted waiting to refresh disk information: sleep interrupted
2019-10-07 22:21:46,526 [main] INFO  utils.BackgroundService (BackgroundService.java:shutdown(148)) - Shutting down service BlockDeletingService
2019-10-07 22:21:46,529 [main] INFO  statemachine.DatanodeStateMachine (DatanodeStateMachine.java:stopDaemon(395)) - Ozone container server stopped.
2019-10-07 22:21:46,530 [main] INFO  handler.ContextHandler (ContextHandler.java:doStop(910)) - Stopped o.e.j.w.WebAppContext@118ffcfd{/,null,UNAVAILABLE}{/hddsDatanode}
2019-10-07 22:21:46,530 [main] INFO  server.AbstractConnector (AbstractConnector.java:doStop(318)) - Stopped ServerConnector@53f4c1e6{HTTP/1.1,[http/1.1]}{0.0.0.0:0}
2019-10-07 22:21:46,531 [main] INFO  handler.ContextHandler (ContextHandler.java:doStop(910)) - Stopped o.e.j.s.ServletContextHandler@4faa298{/static,jar:file:/home/user/.m2/repository/org/apache/hadoop/hadoop-hdds-container-service/0.5.0-SNAPSHOT/hadoop-hdds-container-service-0.5.0-SNAPSHOT.jar!/webapps/static,UNAVAILABLE}
2019-10-07 22:21:46,531 [main] INFO  handler.ContextHandler (ContextHandler.java:doStop(910)) - Stopped o.e.j.s.ServletContextHandler@15639440{/logs,file:///workdir/hadoop-ozone/integration-test/target/log,UNAVAILABLE}
2019-10-07 22:21:46,532 [main] INFO  ozone.MiniOzoneClusterImpl (MiniOzoneClusterImpl.java:stopSCM(430)) - Stopping the StorageContainerManager
2019-10-07 22:21:46,532 [main] INFO  server.StorageContainerManager (StorageContainerManager.java:stop(808)) - Stopping Replication Manager Service.
2019-10-07 22:21:46,533 [main] INFO  container.ReplicationManager (ReplicationManager.java:stop(203)) - Stopping Replication Monitor Thread.
2019-10-07 22:21:46,533 [main] INFO  server.StorageContainerManager (StorageContainerManager.java:stop(815)) - Stopping Lease Manager of the command watchers
2019-10-07 22:21:46,533 [main] INFO  server.StorageContainerManager (StorageContainerManager.java:stop(822)) - Stopping datanode service RPC server
2019-10-07 22:21:46,533 [main] INFO  server.SCMDatanodeProtocolServer (SCMDatanodeProtocolServer.java:stop(346)) - Stopping the RPC server for DataNodes
2019-10-07 22:21:46,533 [main] INFO  ipc.Server (Server.java:stop(3082)) - Stopping server on 34310
2019-10-07 22:21:46,534 [IPC Server listener on 34310] INFO  ipc.Server (Server.java:run(1185)) - Stopping IPC Server listener on 34310
2019-10-07 22:21:46,536 [IPC Server Responder] INFO  ipc.Server (Server.java:run(1319)) - Stopping IPC Server Responder
2019-10-07 22:21:46,609 [SCM Heartbeat Processing Thread - 0] WARN  node.NodeStateManager (NodeStateManager.java:scheduleNextHealthCheck(646)) - Current Thread is interrupted, shutting down HB processing thread for Node Manager.
2019-10-07 22:21:46,610 [main] INFO  server.StorageContainerManager (StorageContainerManager.java:stop(830)) - Stopping block service RPC server
2019-10-07 22:21:46,610 [main] INFO  server.SCMBlockProtocolServer (SCMBlockProtocolServer.java:stop(155)) - Stopping the RPC server for Block Protocol
2019-10-07 22:21:46,610 [main] INFO  ipc.Server (Server.java:stop(3082)) - Stopping server on 43808
2019-10-07 22:21:46,612 [main] INFO  server.StorageContainerManager (StorageContainerManager.java:stop(837)) - Stopping the StorageContainerLocationProtocol RPC server
2019-10-07 22:21:46,613 [IPC Server listener on 43808] INFO  ipc.Server (Server.java:run(1185)) - Stopping IPC Server listener on 43808
2019-10-07 22:21:46,613 [IPC Server Responder] INFO  ipc.Server (Server.java:run(1319)) - Stopping IPC Server Responder
2019-10-07 22:21:46,613 [main] INFO  server.SCMClientProtocolServer (SCMClientProtocolServer.java:stop(168)) - Stopping the RPC server for Client Protocol
2019-10-07 22:21:46,613 [main] INFO  ipc.Server (Server.java:stop(3082)) - Stopping server on 46138
2019-10-07 22:21:46,615 [IPC Server listener on 46138] INFO  ipc.Server (Server.java:run(1185)) - Stopping IPC Server listener on 46138
2019-10-07 22:21:46,615 [IPC Server Responder] INFO  ipc.Server (Server.java:run(1319)) - Stopping IPC Server Responder
2019-10-07 22:21:46,615 [main] INFO  server.StorageContainerManager (StorageContainerManager.java:stop(844)) - Stopping Storage Container Manager HTTP server.
2019-10-07 22:21:46,617 [main] INFO  handler.ContextHandler (ContextHandler.java:doStop(910)) - Stopped o.e.j.w.WebAppContext@3d6300e8{/,null,UNAVAILABLE}{/scm}
2019-10-07 22:21:46,618 [main] INFO  server.AbstractConnector (AbstractConnector.java:doStop(318)) - Stopped ServerConnector@3af4e0bf{HTTP/1.1,[http/1.1]}{0.0.0.0:0}
2019-10-07 22:21:46,618 [main] INFO  handler.ContextHandler (ContextHandler.java:doStop(910)) - Stopped o.e.j.s.ServletContextHandler@42f8285e{/static,file:///workdir/hadoop-ozone/integration-test/target/test-classes/webapps/static,UNAVAILABLE}
2019-10-07 22:21:46,619 [main] INFO  handler.ContextHandler (ContextHandler.java:doStop(910)) - Stopped o.e.j.s.ServletContextHandler@65fe9e33{/logs,file:///workdir/hadoop-ozone/integration-test/target/log,UNAVAILABLE}
2019-10-07 22:21:46,621 [main] INFO  server.StorageContainerManager (StorageContainerManager.java:stop(855)) - Stopping Block Manager Service.
2019-10-07 22:21:46,621 [main] INFO  utils.BackgroundService (BackgroundService.java:shutdown(148)) - Shutting down service SCMBlockDeletingService
2019-10-07 22:21:46,622 [main] INFO  utils.BackgroundService (BackgroundService.java:shutdown(148)) - Shutting down service SCMBlockDeletingService
2019-10-07 22:21:46,622 [main] INFO  server.StorageContainerManager (StorageContainerManager.java:stop(877)) - Stopping SCM Event Queue.
2019-10-07 22:21:46,630 [main] INFO  impl.MetricsSystemImpl (MetricsSystemImpl.java:stop(210)) - Stopping ratis metrics system...
2019-10-07 22:21:46,641 [prometheus] INFO  impl.MetricsSinkAdapter (MetricsSinkAdapter.java:publishMetricsFromQueue(141)) - prometheus thread interrupted.
2019-10-07 22:21:46,642 [main] INFO  impl.MetricsSystemImpl (MetricsSystemImpl.java:stop(216)) - ratis metrics system stopped.
]]></system-out>
    <system-err><![CDATA[ERROR StatusLogger No Log4j 2 configuration file found. Using default configuration (logging only errors to the console), or user programmatically provided configurations. Set system property 'log4j2.debug' to show Log4j 2 internal initialization logging. See https://logging.apache.org/log4j/2.x/manual/configuration.html for instructions on how to configure Log4j 2
]]></system-err>
  </testcase>
  <testcase name="testNumBlocksAllocated" classname="org.apache.hadoop.ozone.scm.pipeline.TestSCMPipelineMetrics" time="25.277"/>
  <testcase name="testPipelineCreation" classname="org.apache.hadoop.ozone.scm.pipeline.TestSCMPipelineMetrics" time="24.842"/>
</testsuite>