<?xml version="1.0" encoding="UTF-8"?>
<testsuite xmlns:xsi="http://www.w3.org/2001/XMLSchema-instance" xsi:noNamespaceSchemaLocation="https://maven.apache.org/surefire/maven-surefire-plugin/xsd/surefire-test-report.xsd" name="org.apache.hadoop.ozone.client.rpc.TestWatchForCommit" time="247.742" tests="5" errors="1" skipped="0" failures="1">
  <properties>
    <property name="awt.toolkit" value="sun.awt.X11.XToolkit"/>
    <property name="file.encoding.pkg" value="sun.io"/>
    <property name="java.specification.version" value="1.8"/>
    <property name="sun.cpu.isalist" value=""/>
    <property name="sun.jnu.encoding" value="UTF-8"/>
    <property name="java.class.path" value="/workdir/hadoop-ozone/integration-test/target/test-classes:/workdir/hadoop-ozone/integration-test/target/classes:/home/user/.m2/repository/org/apache/hadoop/hadoop-ozone-common/0.5.0-SNAPSHOT/hadoop-ozone-common-0.5.0-SNAPSHOT.jar:/home/user/.m2/repository/org/apache/commons/commons-compress/1.4.1/commons-compress-1.4.1.jar:/home/user/.m2/repository/org/tukaani/xz/1.0/xz-1.0.jar:/home/user/.m2/repository/org/apache/hadoop/hadoop-common/3.2.0/hadoop-common-3.2.0.jar:/home/user/.m2/repository/org/apache/hadoop/hadoop-hdfs/3.2.0/hadoop-hdfs-3.2.0.jar:/home/user/.m2/repository/org/apache/hadoop/hadoop-hdfs-client/3.2.0/hadoop-hdfs-client-3.2.0.jar:/home/user/.m2/repository/com/fasterxml/jackson/core/jackson-annotations/2.9.9/jackson-annotations-2.9.9.jar:/home/user/.m2/repository/org/apache/hadoop/hadoop-hdds-common/0.5.0-SNAPSHOT/hadoop-hdds-common-0.5.0-SNAPSHOT.jar:/home/user/.m2/repository/javax/annotation/javax.annotation-api/1.2/javax.annotation-api-1.2.jar:/home/user/.m2/repository/org/apache/ratis/ratis-server/0.5.0-63cd2fb-SNAPSHOT/ratis-server-0.5.0-63cd2fb-SNAPSHOT.jar:/home/user/.m2/repository/org/apache/ratis/ratis-thirdparty-misc/0.2.0/ratis-thirdparty-misc-0.2.0.jar:/home/user/.m2/repository/org/apache/ratis/ratis-proto/0.5.0-63cd2fb-SNAPSHOT/ratis-proto-0.5.0-63cd2fb-SNAPSHOT.jar:/home/user/.m2/repository/org/apache/ratis/ratis-common/0.5.0-63cd2fb-SNAPSHOT/ratis-common-0.5.0-63cd2fb-SNAPSHOT.jar:/home/user/.m2/repository/org/apache/ratis/ratis-client/0.5.0-63cd2fb-SNAPSHOT/ratis-client-0.5.0-63cd2fb-SNAPSHOT.jar:/home/user/.m2/repository/org/apache/ratis/ratis-metrics/0.5.0-63cd2fb-SNAPSHOT/ratis-metrics-0.5.0-63cd2fb-SNAPSHOT.jar:/home/user/.m2/repository/com/github/joshelser/dropwizard-metrics-hadoop-metrics2-reporter/0.1.2/dropwizard-metrics-hadoop-metrics2-reporter-0.1.2.jar:/home/user/.m2/repository/io/dropwizard/metrics/metrics-jvm/3.2.5/metrics-jvm-3.2.5.jar:/home/user/.m2/repository/io/dropwizard/metrics/metrics-ganglia/3.2.5/metrics-ganglia-3.2.5.jar:/home/user/.m2/repository/info/ganglia/gmetric4j/gmetric4j/1.0.7/gmetric4j-1.0.7.jar:/home/user/.m2/repository/org/apache/ratis/ratis-netty/0.5.0-63cd2fb-SNAPSHOT/ratis-netty-0.5.0-63cd2fb-SNAPSHOT.jar:/home/user/.m2/repository/org/apache/ratis/ratis-grpc/0.5.0-63cd2fb-SNAPSHOT/ratis-grpc-0.5.0-63cd2fb-SNAPSHOT.jar:/home/user/.m2/repository/org/rocksdb/rocksdbjni/6.0.1/rocksdbjni-6.0.1.jar:/home/user/.m2/repository/org/apache/logging/log4j/log4j-api/2.11.0/log4j-api-2.11.0.jar:/home/user/.m2/repository/org/apache/logging/log4j/log4j-core/2.11.0/log4j-core-2.11.0.jar:/home/user/.m2/repository/com/lmax/disruptor/3.4.2/disruptor-3.4.2.jar:/home/user/.m2/repository/org/apache/commons/commons-pool2/2.6.0/commons-pool2-2.6.0.jar:/home/user/.m2/repository/org/bouncycastle/bcpkix-jdk15on/1.60/bcpkix-jdk15on-1.60.jar:/home/user/.m2/repository/commons-validator/commons-validator/1.6/commons-validator-1.6.jar:/home/user/.m2/repository/commons-digester/commons-digester/1.8.1/commons-digester-1.8.1.jar:/home/user/.m2/repository/io/jaegertracing/jaeger-client/0.34.0/jaeger-client-0.34.0.jar:/home/user/.m2/repository/io/jaegertracing/jaeger-thrift/0.34.0/jaeger-thrift-0.34.0.jar:/home/user/.m2/repository/org/apache/thrift/libthrift/0.12.0/libthrift-0.12.0.jar:/home/user/.m2/repository/com/squareup/okhttp3/okhttp/3.9.0/okhttp-3.9.0.jar:/home/user/.m2/repository/com/squareup/okio/okio/1.13.0/okio-1.13.0.jar:/home/user/.m2/repository/io/jaegertracing/jaeger-core/0.34.0/jaeger-core-0.34.0.jar:/home/user/.m2/repository/io/jaegertracing/jaeger-tracerresolver/0.34.0/jaeger-tracerresolver-0.34.0.jar:/home/user/.m2/repository/io/opentracing/contrib/opentracing-tracerresolver/0.1.5/opentracing-tracerresolver-0.1.5.jar:/home/user/.m2/repository/io/opentracing/opentracing-util/0.31.0/opentracing-util-0.31.0.jar:/home/user/.m2/repository/io/opentracing/opentracing-api/0.31.0/opentracing-api-0.31.0.jar:/home/user/.m2/repository/io/opentracing/opentracing-noop/0.31.0/opentracing-noop-0.31.0.jar:/home/user/.m2/repository/org/apache/hadoop/hadoop-hdds-server-framework/0.5.0-SNAPSHOT/hadoop-hdds-server-framework-0.5.0-SNAPSHOT.jar:/home/user/.m2/repository/org/apache/hadoop/hadoop-hdds-container-service/0.5.0-SNAPSHOT/hadoop-hdds-container-service-0.5.0-SNAPSHOT.jar:/home/user/.m2/repository/org/apache/hadoop/hadoop-hdds-client/0.5.0-SNAPSHOT/hadoop-hdds-client-0.5.0-SNAPSHOT.jar:/home/user/.m2/repository/org/apache/hadoop/hadoop-hdds-tools/0.5.0-SNAPSHOT/hadoop-hdds-tools-0.5.0-SNAPSHOT.jar:/home/user/.m2/repository/org/apache/hadoop/hadoop-hdds-server-scm/0.5.0-SNAPSHOT/hadoop-hdds-server-scm-0.5.0-SNAPSHOT.jar:/home/user/.m2/repository/org/apache/hadoop/hadoop-hdds-docs/0.5.0-SNAPSHOT/hadoop-hdds-docs-0.5.0-SNAPSHOT.jar:/home/user/.m2/repository/io/dropwizard/metrics/metrics-core/3.2.4/metrics-core-3.2.4.jar:/home/user/.m2/repository/org/hamcrest/hamcrest-all/1.3/hamcrest-all-1.3.jar:/home/user/.m2/repository/org/bouncycastle/bcprov-jdk15on/1.60/bcprov-jdk15on-1.60.jar:/home/user/.m2/repository/info/picocli/picocli/3.9.6/picocli-3.9.6.jar:/home/user/.m2/repository/com/google/protobuf/protobuf-java/2.5.0/protobuf-java-2.5.0.jar:/home/user/.m2/repository/com/google/guava/guava/11.0.2/guava-11.0.2.jar:/home/user/.m2/repository/org/apache/hadoop/hadoop-ozone-ozone-manager/0.5.0-SNAPSHOT/hadoop-ozone-ozone-manager-0.5.0-SNAPSHOT.jar:/home/user/.m2/repository/org/apache/hadoop/hadoop-minikdc/3.2.0/hadoop-minikdc-3.2.0.jar:/home/user/.m2/repository/commons-io/commons-io/2.5/commons-io-2.5.jar:/home/user/.m2/repository/org/apache/kerby/kerb-simplekdc/1.0.1/kerb-simplekdc-1.0.1.jar:/home/user/.m2/repository/org/apache/kerby/kerb-client/1.0.1/kerb-client-1.0.1.jar:/home/user/.m2/repository/org/apache/kerby/kerby-config/1.0.1/kerby-config-1.0.1.jar:/home/user/.m2/repository/org/apache/kerby/kerb-core/1.0.1/kerb-core-1.0.1.jar:/home/user/.m2/repository/org/apache/kerby/kerby-pkix/1.0.1/kerby-pkix-1.0.1.jar:/home/user/.m2/repository/org/apache/kerby/kerby-asn1/1.0.1/kerby-asn1-1.0.1.jar:/home/user/.m2/repository/org/apache/kerby/kerby-util/1.0.1/kerby-util-1.0.1.jar:/home/user/.m2/repository/org/apache/kerby/kerb-common/1.0.1/kerb-common-1.0.1.jar:/home/user/.m2/repository/org/apache/kerby/kerb-crypto/1.0.1/kerb-crypto-1.0.1.jar:/home/user/.m2/repository/org/apache/kerby/kerb-util/1.0.1/kerb-util-1.0.1.jar:/home/user/.m2/repository/org/apache/kerby/token-provider/1.0.1/token-provider-1.0.1.jar:/home/user/.m2/repository/org/apache/kerby/kerb-admin/1.0.1/kerb-admin-1.0.1.jar:/home/user/.m2/repository/org/apache/kerby/kerb-server/1.0.1/kerb-server-1.0.1.jar:/home/user/.m2/repository/org/apache/kerby/kerb-identity/1.0.1/kerb-identity-1.0.1.jar:/home/user/.m2/repository/org/apache/kerby/kerby-xdr/1.0.1/kerby-xdr-1.0.1.jar:/home/user/.m2/repository/org/slf4j/slf4j-log4j12/1.7.25/slf4j-log4j12-1.7.25.jar:/home/user/.m2/repository/org/apache/hadoop/hadoop-ozone-s3gateway/0.5.0-SNAPSHOT/hadoop-ozone-s3gateway-0.5.0-SNAPSHOT.jar:/home/user/.m2/repository/org/jboss/weld/servlet/weld-servlet/2.4.7.Final/weld-servlet-2.4.7.Final.jar:/home/user/.m2/repository/org/glassfish/jersey/containers/jersey-container-servlet-core/2.27/jersey-container-servlet-core-2.27.jar:/home/user/.m2/repository/org/glassfish/hk2/external/javax.inject/2.5.0-b42/javax.inject-2.5.0-b42.jar:/home/user/.m2/repository/org/glassfish/jersey/core/jersey-common/2.27/jersey-common-2.27.jar:/home/user/.m2/repository/org/glassfish/hk2/osgi-resource-locator/1.0.1/osgi-resource-locator-1.0.1.jar:/home/user/.m2/repository/javax/ws/rs/javax.ws.rs-api/2.1/javax.ws.rs-api-2.1.jar:/home/user/.m2/repository/org/glassfish/jersey/ext/cdi/jersey-cdi1x/2.27/jersey-cdi1x-2.27.jar:/home/user/.m2/repository/org/glassfish/jersey/inject/jersey-hk2/2.27/jersey-hk2-2.27.jar:/home/user/.m2/repository/org/glassfish/hk2/hk2-locator/2.5.0-b42/hk2-locator-2.5.0-b42.jar:/home/user/.m2/repository/org/javassist/javassist/3.22.0-CR2/javassist-3.22.0-CR2.jar:/home/user/.m2/repository/org/glassfish/hk2/hk2-api/2.5.0/hk2-api-2.5.0.jar:/home/user/.m2/repository/org/glassfish/hk2/external/jakarta.inject/2.5.0/jakarta.inject-2.5.0.jar:/home/user/.m2/repository/org/glassfish/hk2/hk2-utils/2.5.0/hk2-utils-2.5.0.jar:/home/user/.m2/repository/jakarta/annotation/jakarta.annotation-api/1.3.4/jakarta.annotation-api-1.3.4.jar:/home/user/.m2/repository/org/glassfish/hk2/external/aopalliance-repackaged/2.5.0/aopalliance-repackaged-2.5.0.jar:/home/user/.m2/repository/com/fasterxml/jackson/dataformat/jackson-dataformat-xml/2.9.0/jackson-dataformat-xml-2.9.0.jar:/home/user/.m2/repository/com/fasterxml/jackson/core/jackson-core/2.9.9/jackson-core-2.9.9.jar:/home/user/.m2/repository/com/fasterxml/jackson/module/jackson-module-jaxb-annotations/2.9.9/jackson-module-jaxb-annotations-2.9.9.jar:/home/user/.m2/repository/javax/enterprise/cdi-api/1.2/cdi-api-1.2.jar:/home/user/.m2/repository/javax/el/javax.el-api/3.0.0/javax.el-api-3.0.0.jar:/home/user/.m2/repository/javax/interceptor/javax.interceptor-api/1.2/javax.interceptor-api-1.2.jar:/home/user/.m2/repository/javax/inject/javax.inject/1/javax.inject-1.jar:/home/user/.m2/repository/com/sun/xml/bind/jaxb-impl/2.3.0.1/jaxb-impl-2.3.0.1.jar:/home/user/.m2/repository/com/sun/xml/bind/jaxb-core/2.3.0.1/jaxb-core-2.3.0.1.jar:/home/user/.m2/repository/javax/xml/bind/jaxb-api/2.3.0/jaxb-api-2.3.0.jar:/home/user/.m2/repository/javax/activation/activation/1.1.1/activation-1.1.1.jar:/home/user/.m2/repository/org/apache/hadoop/hadoop-ozone-csi/0.5.0-SNAPSHOT/hadoop-ozone-csi-0.5.0-SNAPSHOT.jar:/home/user/.m2/repository/com/google/protobuf/protobuf-java-util/3.5.1/protobuf-java-util-3.5.1.jar:/home/user/.m2/repository/org/apache/hadoop/hadoop-hdds-config/0.5.0-SNAPSHOT/hadoop-hdds-config-0.5.0-SNAPSHOT.jar:/home/user/.m2/repository/io/grpc/grpc-netty/1.17.1/grpc-netty-1.17.1.jar:/home/user/.m2/repository/io/grpc/grpc-core/1.17.1/grpc-core-1.17.1.jar:/home/user/.m2/repository/io/grpc/grpc-context/1.17.1/grpc-context-1.17.1.jar:/home/user/.m2/repository/com/google/errorprone/error_prone_annotations/2.2.0/error_prone_annotations-2.2.0.jar:/home/user/.m2/repository/org/codehaus/mojo/animal-sniffer-annotations/1.17/animal-sniffer-annotations-1.17.jar:/home/user/.m2/repository/io/opencensus/opencensus-api/0.17.0/opencensus-api-0.17.0.jar:/home/user/.m2/repository/io/opencensus/opencensus-contrib-grpc-metrics/0.17.0/opencensus-contrib-grpc-metrics-0.17.0.jar:/home/user/.m2/repository/io/netty/netty-codec-http2/4.1.30.Final/netty-codec-http2-4.1.30.Final.jar:/home/user/.m2/repository/io/netty/netty-codec-http/4.1.30.Final/netty-codec-http-4.1.30.Final.jar:/home/user/.m2/repository/io/netty/netty-codec/4.1.30.Final/netty-codec-4.1.30.Final.jar:/home/user/.m2/repository/io/netty/netty-handler/4.1.30.Final/netty-handler-4.1.30.Final.jar:/home/user/.m2/repository/io/netty/netty-handler-proxy/4.1.30.Final/netty-handler-proxy-4.1.30.Final.jar:/home/user/.m2/repository/io/netty/netty-codec-socks/4.1.30.Final/netty-codec-socks-4.1.30.Final.jar:/home/user/.m2/repository/io/netty/netty-transport-native-epoll/4.1.30.Final/netty-transport-native-epoll-4.1.30.Final.jar:/home/user/.m2/repository/io/netty/netty-common/4.1.30.Final/netty-common-4.1.30.Final.jar:/home/user/.m2/repository/io/netty/netty-buffer/4.1.30.Final/netty-buffer-4.1.30.Final.jar:/home/user/.m2/repository/io/netty/netty-transport/4.1.30.Final/netty-transport-4.1.30.Final.jar:/home/user/.m2/repository/io/netty/netty-resolver/4.1.30.Final/netty-resolver-4.1.30.Final.jar:/home/user/.m2/repository/io/netty/netty-transport-native-unix-common/4.1.30.Final/netty-transport-native-unix-common-4.1.30.Final.jar:/home/user/.m2/repository/io/grpc/grpc-protobuf/1.17.1/grpc-protobuf-1.17.1.jar:/home/user/.m2/repository/com/google/api/grpc/proto-google-common-protos/1.0.0/proto-google-common-protos-1.0.0.jar:/home/user/.m2/repository/io/grpc/grpc-protobuf-lite/1.17.1/grpc-protobuf-lite-1.17.1.jar:/home/user/.m2/repository/io/grpc/grpc-stub/1.17.1/grpc-stub-1.17.1.jar:/home/user/.m2/repository/org/apache/hadoop/hadoop-ozone-recon/0.5.0-SNAPSHOT/hadoop-ozone-recon-0.5.0-SNAPSHOT.jar:/home/user/.m2/repository/org/apache/hadoop/hadoop-ozone-reconcodegen/0.5.0-SNAPSHOT/hadoop-ozone-reconcodegen-0.5.0-SNAPSHOT.jar:/home/user/.m2/repository/com/google/inject/extensions/guice-multibindings/4.0/guice-multibindings-4.0.jar:/home/user/.m2/repository/com/google/inject/guice/4.0/guice-4.0.jar:/home/user/.m2/repository/aopalliance/aopalliance/1.0/aopalliance-1.0.jar:/home/user/.m2/repository/com/google/inject/extensions/guice-servlet/4.0/guice-servlet-4.0.jar:/home/user/.m2/repository/org/glassfish/jersey/containers/jersey-container-servlet/2.27/jersey-container-servlet-2.27.jar:/home/user/.m2/repository/org/glassfish/hk2/guice-bridge/2.5.0/guice-bridge-2.5.0.jar:/home/user/.m2/repository/org/glassfish/jersey/core/jersey-server/2.27/jersey-server-2.27.jar:/home/user/.m2/repository/org/glassfish/jersey/core/jersey-client/2.27/jersey-client-2.27.jar:/home/user/.m2/repository/org/glassfish/jersey/media/jersey-media-jaxb/2.27/jersey-media-jaxb-2.27.jar:/home/user/.m2/repository/javax/validation/validation-api/1.1.0.Final/validation-api-1.1.0.Final.jar:/home/user/.m2/repository/org/glassfish/jersey/media/jersey-media-json-jackson/2.27/jersey-media-json-jackson-2.27.jar:/home/user/.m2/repository/org/glassfish/jersey/ext/jersey-entity-filtering/2.27/jersey-entity-filtering-2.27.jar:/home/user/.m2/repository/com/google/inject/extensions/guice-assistedinject/4.0/guice-assistedinject-4.0.jar:/home/user/.m2/repository/org/jooq/jooq/3.11.10/jooq-3.11.10.jar:/home/user/.m2/repository/org/jooq/jooq-meta/3.11.10/jooq-meta-3.11.10.jar:/home/user/.m2/repository/org/jooq/jooq-codegen/3.11.10/jooq-codegen-3.11.10.jar:/home/user/.m2/repository/com/jolbox/bonecp/0.8.0.RELEASE/bonecp-0.8.0.RELEASE.jar:/home/user/.m2/repository/org/xerial/sqlite-jdbc/3.25.2/sqlite-jdbc-3.25.2.jar:/home/user/.m2/repository/org/springframework/spring-jdbc/5.1.3.RELEASE/spring-jdbc-5.1.3.RELEASE.jar:/home/user/.m2/repository/org/springframework/spring-beans/5.1.3.RELEASE/spring-beans-5.1.3.RELEASE.jar:/home/user/.m2/repository/org/springframework/spring-core/5.1.3.RELEASE/spring-core-5.1.3.RELEASE.jar:/home/user/.m2/repository/org/springframework/spring-jcl/5.1.3.RELEASE/spring-jcl-5.1.3.RELEASE.jar:/home/user/.m2/repository/org/springframework/spring-tx/5.1.3.RELEASE/spring-tx-5.1.3.RELEASE.jar:/home/user/.m2/repository/org/apache/hadoop/hadoop-ozone-client/0.5.0-SNAPSHOT/hadoop-ozone-client-0.5.0-SNAPSHOT.jar:/home/user/.m2/repository/commons-lang/commons-lang/2.6/commons-lang-2.6.jar:/home/user/.m2/repository/org/apache/hadoop/hadoop-ozone-ozone-manager/0.5.0-SNAPSHOT/hadoop-ozone-ozone-manager-0.5.0-SNAPSHOT-tests.jar:/home/user/.m2/repository/junit/junit/4.11/junit-4.11.jar:/home/user/.m2/repository/org/hamcrest/hamcrest-core/1.3/hamcrest-core-1.3.jar:/home/user/.m2/repository/org/openjdk/jmh/jmh-core/1.19/jmh-core-1.19.jar:/home/user/.m2/repository/net/sf/jopt-simple/jopt-simple/4.6/jopt-simple-4.6.jar:/home/user/.m2/repository/org/apache/commons/commons-math3/3.1.1/commons-math3-3.1.1.jar:/home/user/.m2/repository/org/openjdk/jmh/jmh-generator-annprocess/1.19/jmh-generator-annprocess-1.19.jar:/home/user/.m2/repository/org/mockito/mockito-all/1.8.5/mockito-all-1.8.5.jar:/home/user/.m2/repository/org/apache/hadoop/hadoop-kms/3.2.0/hadoop-kms-3.2.0.jar:/home/user/.m2/repository/org/apache/hadoop/hadoop-auth/3.2.0/hadoop-auth-3.2.0.jar:/home/user/.m2/repository/com/nimbusds/nimbus-jose-jwt/4.41.1/nimbus-jose-jwt-4.41.1.jar:/home/user/.m2/repository/com/github/stephenc/jcip/jcip-annotations/1.0-1/jcip-annotations-1.0-1.jar:/home/user/.m2/repository/net/minidev/json-smart/2.3/json-smart-2.3.jar:/home/user/.m2/repository/net/minidev/accessors-smart/1.2/accessors-smart-1.2.jar:/home/user/.m2/repository/org/ow2/asm/asm/5.0.4/asm-5.0.4.jar:/home/user/.m2/repository/org/apache/curator/curator-framework/2.12.0/curator-framework-2.12.0.jar:/home/user/.m2/repository/com/sun/jersey/jersey-core/1.19/jersey-core-1.19.jar:/home/user/.m2/repository/javax/ws/rs/jsr311-api/1.1.1/jsr311-api-1.1.1.jar:/home/user/.m2/repository/com/sun/jersey/jersey-server/1.19/jersey-server-1.19.jar:/home/user/.m2/repository/javax/servlet/javax.servlet-api/3.1.0/javax.servlet-api-3.1.0.jar:/home/user/.m2/repository/org/eclipse/jetty/jetty-server/9.3.25.v20180904/jetty-server-9.3.25.v20180904.jar:/home/user/.m2/repository/org/eclipse/jetty/jetty-http/9.3.25.v20180904/jetty-http-9.3.25.v20180904.jar:/home/user/.m2/repository/org/eclipse/jetty/jetty-io/9.3.25.v20180904/jetty-io-9.3.25.v20180904.jar:/home/user/.m2/repository/org/eclipse/jetty/jetty-webapp/9.3.25.v20180904/jetty-webapp-9.3.25.v20180904.jar:/home/user/.m2/repository/org/eclipse/jetty/jetty-xml/9.3.25.v20180904/jetty-xml-9.3.25.v20180904.jar:/home/user/.m2/repository/log4j/log4j/1.2.17/log4j-1.2.17.jar:/home/user/.m2/repository/org/slf4j/slf4j-api/1.7.25/slf4j-api-1.7.25.jar:/home/user/.m2/repository/org/slf4j/jul-to-slf4j/1.7.25/jul-to-slf4j-1.7.25.jar:/home/user/.m2/repository/org/eclipse/jetty/jetty-util/9.3.25.v20180904/jetty-util-9.3.25.v20180904.jar:/home/user/.m2/repository/com/fasterxml/jackson/core/jackson-databind/2.9.9/jackson-databind-2.9.9.jar:/home/user/.m2/repository/org/apache/hadoop/hadoop-kms/3.2.0/hadoop-kms-3.2.0-tests.jar:/home/user/.m2/repository/org/apache/hadoop/hadoop-hdds-server-scm/0.5.0-SNAPSHOT/hadoop-hdds-server-scm-0.5.0-SNAPSHOT-tests.jar:/home/user/.m2/repository/org/apache/hadoop/hadoop-hdds-container-service/0.5.0-SNAPSHOT/hadoop-hdds-container-service-0.5.0-SNAPSHOT-tests.jar:/home/user/.m2/repository/org/yaml/snakeyaml/1.16/snakeyaml-1.16.jar:/home/user/.m2/repository/org/apache/hadoop/hadoop-common/3.2.0/hadoop-common-3.2.0-tests.jar:/home/user/.m2/repository/org/apache/hadoop/hadoop-annotations/3.2.0/hadoop-annotations-3.2.0.jar:/usr/lib/jvm/java-1.8-openjdk/jre/../lib/tools.jar:/home/user/.m2/repository/commons-cli/commons-cli/1.2/commons-cli-1.2.jar:/home/user/.m2/repository/org/apache/httpcomponents/httpclient/4.5.2/httpclient-4.5.2.jar:/home/user/.m2/repository/org/apache/httpcomponents/httpcore/4.4.4/httpcore-4.4.4.jar:/home/user/.m2/repository/commons-codec/commons-codec/1.11/commons-codec-1.11.jar:/home/user/.m2/repository/commons-net/commons-net/3.6/commons-net-3.6.jar:/home/user/.m2/repository/commons-collections/commons-collections/3.2.2/commons-collections-3.2.2.jar:/home/user/.m2/repository/org/eclipse/jetty/jetty-servlet/9.3.25.v20180904/jetty-servlet-9.3.25.v20180904.jar:/home/user/.m2/repository/org/eclipse/jetty/jetty-security/9.3.25.v20180904/jetty-security-9.3.25.v20180904.jar:/home/user/.m2/repository/javax/servlet/jsp/jsp-api/2.1/jsp-api-2.1.jar:/home/user/.m2/repository/com/sun/jersey/jersey-servlet/1.19/jersey-servlet-1.19.jar:/home/user/.m2/repository/com/sun/jersey/jersey-json/1.19/jersey-json-1.19.jar:/home/user/.m2/repository/org/codehaus/jettison/jettison/1.1/jettison-1.1.jar:/home/user/.m2/repository/org/codehaus/jackson/jackson-core-asl/1.9.13/jackson-core-asl-1.9.13.jar:/home/user/.m2/repository/org/codehaus/jackson/jackson-mapper-asl/1.9.13/jackson-mapper-asl-1.9.13.jar:/home/user/.m2/repository/org/codehaus/jackson/jackson-jaxrs/1.9.13/jackson-jaxrs-1.9.13.jar:/home/user/.m2/repository/org/codehaus/jackson/jackson-xc/1.9.13/jackson-xc-1.9.13.jar:/home/user/.m2/repository/commons-logging/commons-logging/1.1.3/commons-logging-1.1.3.jar:/home/user/.m2/repository/commons-beanutils/commons-beanutils/1.9.4/commons-beanutils-1.9.4.jar:/home/user/.m2/repository/org/apache/commons/commons-configuration2/2.1.1/commons-configuration2-2.1.1.jar:/home/user/.m2/repository/org/apache/commons/commons-lang3/3.7/commons-lang3-3.7.jar:/home/user/.m2/repository/org/apache/commons/commons-text/1.4/commons-text-1.4.jar:/home/user/.m2/repository/org/apache/avro/avro/1.7.7/avro-1.7.7.jar:/home/user/.m2/repository/com/thoughtworks/paranamer/paranamer/2.3/paranamer-2.3.jar:/home/user/.m2/repository/org/xerial/snappy/snappy-java/1.0.5/snappy-java-1.0.5.jar:/home/user/.m2/repository/com/google/re2j/re2j/1.1/re2j-1.1.jar:/home/user/.m2/repository/com/google/code/gson/gson/2.2.4/gson-2.2.4.jar:/home/user/.m2/repository/com/jcraft/jsch/0.1.54/jsch-0.1.54.jar:/home/user/.m2/repository/org/apache/curator/curator-client/2.12.0/curator-client-2.12.0.jar:/home/user/.m2/repository/org/apache/curator/curator-recipes/2.12.0/curator-recipes-2.12.0.jar:/home/user/.m2/repository/com/google/code/findbugs/jsr305/3.0.0/jsr305-3.0.0.jar:/home/user/.m2/repository/org/apache/htrace/htrace-core4/4.1.0-incubating/htrace-core4-4.1.0-incubating.jar:/home/user/.m2/repository/org/apache/zookeeper/zookeeper/3.4.13/zookeeper-3.4.13.jar:/home/user/.m2/repository/jline/jline/0.9.94/jline-0.9.94.jar:/home/user/.m2/repository/org/apache/yetus/audience-annotations/0.5.0/audience-annotations-0.5.0.jar:/home/user/.m2/repository/org/codehaus/woodstox/stax2-api/3.1.4/stax2-api-3.1.4.jar:/home/user/.m2/repository/com/fasterxml/woodstox/woodstox-core/5.0.3/woodstox-core-5.0.3.jar:/home/user/.m2/repository/dnsjava/dnsjava/2.1.7/dnsjava-2.1.7.jar:/home/user/.m2/repository/org/apache/hadoop/hadoop-hdfs/3.2.0/hadoop-hdfs-3.2.0-tests.jar:/home/user/.m2/repository/org/eclipse/jetty/jetty-util-ajax/9.3.25.v20180904/jetty-util-ajax-9.3.25.v20180904.jar:/home/user/.m2/repository/commons-daemon/commons-daemon/1.0.13/commons-daemon-1.0.13.jar:/home/user/.m2/repository/io/netty/netty/3.10.5.Final/netty-3.10.5.Final.jar:/home/user/.m2/repository/io/netty/netty-all/4.0.52.Final/netty-all-4.0.52.Final.jar:/home/user/.m2/repository/org/fusesource/leveldbjni/leveldbjni-all/1.8/leveldbjni-all-1.8.jar:"/>
    <property name="java.vm.vendor" value="IcedTea"/>
    <property name="sun.arch.data.model" value="64"/>
    <property name="test.build.dir" value="/workdir/hadoop-ozone/integration-test/target/test-dir"/>
    <property name="test.cache.data" value=""/>
    <property name="java.vendor.url" value="https://icedtea.classpath.org"/>
    <property name="user.timezone" value=""/>
    <property name="java.vm.specification.version" value="1.8"/>
    <property name="os.name" value="Linux"/>
    <property name="test.build.data" value="/workdir/hadoop-ozone/integration-test/target/test-dir"/>
    <property name="user.country" value="US"/>
    <property name="sun.java.launcher" value="SUN_STANDARD"/>
    <property name="sun.boot.library.path" value="/usr/lib/jvm/java-1.8-openjdk/jre/lib/amd64"/>
    <property name="sun.java.command" value="/workdir/hadoop-ozone/integration-test/target/surefire/surefirebooter6848313573636975409.jar /workdir/hadoop-ozone/integration-test/target/surefire 2019-10-07T22-03-16_374-jvmRun1 surefire3695216501313160474tmp surefire_76316345736065039006tmp"/>
    <property name="test" value="!TestMiniChaosOzoneCluster"/>
    <property name="surefire.test.class.path" value="/workdir/hadoop-ozone/integration-test/target/test-classes:/workdir/hadoop-ozone/integration-test/target/classes:/home/user/.m2/repository/org/apache/hadoop/hadoop-ozone-common/0.5.0-SNAPSHOT/hadoop-ozone-common-0.5.0-SNAPSHOT.jar:/home/user/.m2/repository/org/apache/commons/commons-compress/1.4.1/commons-compress-1.4.1.jar:/home/user/.m2/repository/org/tukaani/xz/1.0/xz-1.0.jar:/home/user/.m2/repository/org/apache/hadoop/hadoop-common/3.2.0/hadoop-common-3.2.0.jar:/home/user/.m2/repository/org/apache/hadoop/hadoop-hdfs/3.2.0/hadoop-hdfs-3.2.0.jar:/home/user/.m2/repository/org/apache/hadoop/hadoop-hdfs-client/3.2.0/hadoop-hdfs-client-3.2.0.jar:/home/user/.m2/repository/com/fasterxml/jackson/core/jackson-annotations/2.9.9/jackson-annotations-2.9.9.jar:/home/user/.m2/repository/org/apache/hadoop/hadoop-hdds-common/0.5.0-SNAPSHOT/hadoop-hdds-common-0.5.0-SNAPSHOT.jar:/home/user/.m2/repository/javax/annotation/javax.annotation-api/1.2/javax.annotation-api-1.2.jar:/home/user/.m2/repository/org/apache/ratis/ratis-server/0.5.0-63cd2fb-SNAPSHOT/ratis-server-0.5.0-63cd2fb-SNAPSHOT.jar:/home/user/.m2/repository/org/apache/ratis/ratis-thirdparty-misc/0.2.0/ratis-thirdparty-misc-0.2.0.jar:/home/user/.m2/repository/org/apache/ratis/ratis-proto/0.5.0-63cd2fb-SNAPSHOT/ratis-proto-0.5.0-63cd2fb-SNAPSHOT.jar:/home/user/.m2/repository/org/apache/ratis/ratis-common/0.5.0-63cd2fb-SNAPSHOT/ratis-common-0.5.0-63cd2fb-SNAPSHOT.jar:/home/user/.m2/repository/org/apache/ratis/ratis-client/0.5.0-63cd2fb-SNAPSHOT/ratis-client-0.5.0-63cd2fb-SNAPSHOT.jar:/home/user/.m2/repository/org/apache/ratis/ratis-metrics/0.5.0-63cd2fb-SNAPSHOT/ratis-metrics-0.5.0-63cd2fb-SNAPSHOT.jar:/home/user/.m2/repository/com/github/joshelser/dropwizard-metrics-hadoop-metrics2-reporter/0.1.2/dropwizard-metrics-hadoop-metrics2-reporter-0.1.2.jar:/home/user/.m2/repository/io/dropwizard/metrics/metrics-jvm/3.2.5/metrics-jvm-3.2.5.jar:/home/user/.m2/repository/io/dropwizard/metrics/metrics-ganglia/3.2.5/metrics-ganglia-3.2.5.jar:/home/user/.m2/repository/info/ganglia/gmetric4j/gmetric4j/1.0.7/gmetric4j-1.0.7.jar:/home/user/.m2/repository/org/apache/ratis/ratis-netty/0.5.0-63cd2fb-SNAPSHOT/ratis-netty-0.5.0-63cd2fb-SNAPSHOT.jar:/home/user/.m2/repository/org/apache/ratis/ratis-grpc/0.5.0-63cd2fb-SNAPSHOT/ratis-grpc-0.5.0-63cd2fb-SNAPSHOT.jar:/home/user/.m2/repository/org/rocksdb/rocksdbjni/6.0.1/rocksdbjni-6.0.1.jar:/home/user/.m2/repository/org/apache/logging/log4j/log4j-api/2.11.0/log4j-api-2.11.0.jar:/home/user/.m2/repository/org/apache/logging/log4j/log4j-core/2.11.0/log4j-core-2.11.0.jar:/home/user/.m2/repository/com/lmax/disruptor/3.4.2/disruptor-3.4.2.jar:/home/user/.m2/repository/org/apache/commons/commons-pool2/2.6.0/commons-pool2-2.6.0.jar:/home/user/.m2/repository/org/bouncycastle/bcpkix-jdk15on/1.60/bcpkix-jdk15on-1.60.jar:/home/user/.m2/repository/commons-validator/commons-validator/1.6/commons-validator-1.6.jar:/home/user/.m2/repository/commons-digester/commons-digester/1.8.1/commons-digester-1.8.1.jar:/home/user/.m2/repository/io/jaegertracing/jaeger-client/0.34.0/jaeger-client-0.34.0.jar:/home/user/.m2/repository/io/jaegertracing/jaeger-thrift/0.34.0/jaeger-thrift-0.34.0.jar:/home/user/.m2/repository/org/apache/thrift/libthrift/0.12.0/libthrift-0.12.0.jar:/home/user/.m2/repository/com/squareup/okhttp3/okhttp/3.9.0/okhttp-3.9.0.jar:/home/user/.m2/repository/com/squareup/okio/okio/1.13.0/okio-1.13.0.jar:/home/user/.m2/repository/io/jaegertracing/jaeger-core/0.34.0/jaeger-core-0.34.0.jar:/home/user/.m2/repository/io/jaegertracing/jaeger-tracerresolver/0.34.0/jaeger-tracerresolver-0.34.0.jar:/home/user/.m2/repository/io/opentracing/contrib/opentracing-tracerresolver/0.1.5/opentracing-tracerresolver-0.1.5.jar:/home/user/.m2/repository/io/opentracing/opentracing-util/0.31.0/opentracing-util-0.31.0.jar:/home/user/.m2/repository/io/opentracing/opentracing-api/0.31.0/opentracing-api-0.31.0.jar:/home/user/.m2/repository/io/opentracing/opentracing-noop/0.31.0/opentracing-noop-0.31.0.jar:/home/user/.m2/repository/org/apache/hadoop/hadoop-hdds-server-framework/0.5.0-SNAPSHOT/hadoop-hdds-server-framework-0.5.0-SNAPSHOT.jar:/home/user/.m2/repository/org/apache/hadoop/hadoop-hdds-container-service/0.5.0-SNAPSHOT/hadoop-hdds-container-service-0.5.0-SNAPSHOT.jar:/home/user/.m2/repository/org/apache/hadoop/hadoop-hdds-client/0.5.0-SNAPSHOT/hadoop-hdds-client-0.5.0-SNAPSHOT.jar:/home/user/.m2/repository/org/apache/hadoop/hadoop-hdds-tools/0.5.0-SNAPSHOT/hadoop-hdds-tools-0.5.0-SNAPSHOT.jar:/home/user/.m2/repository/org/apache/hadoop/hadoop-hdds-server-scm/0.5.0-SNAPSHOT/hadoop-hdds-server-scm-0.5.0-SNAPSHOT.jar:/home/user/.m2/repository/org/apache/hadoop/hadoop-hdds-docs/0.5.0-SNAPSHOT/hadoop-hdds-docs-0.5.0-SNAPSHOT.jar:/home/user/.m2/repository/io/dropwizard/metrics/metrics-core/3.2.4/metrics-core-3.2.4.jar:/home/user/.m2/repository/org/hamcrest/hamcrest-all/1.3/hamcrest-all-1.3.jar:/home/user/.m2/repository/org/bouncycastle/bcprov-jdk15on/1.60/bcprov-jdk15on-1.60.jar:/home/user/.m2/repository/info/picocli/picocli/3.9.6/picocli-3.9.6.jar:/home/user/.m2/repository/com/google/protobuf/protobuf-java/2.5.0/protobuf-java-2.5.0.jar:/home/user/.m2/repository/com/google/guava/guava/11.0.2/guava-11.0.2.jar:/home/user/.m2/repository/org/apache/hadoop/hadoop-ozone-ozone-manager/0.5.0-SNAPSHOT/hadoop-ozone-ozone-manager-0.5.0-SNAPSHOT.jar:/home/user/.m2/repository/org/apache/hadoop/hadoop-minikdc/3.2.0/hadoop-minikdc-3.2.0.jar:/home/user/.m2/repository/commons-io/commons-io/2.5/commons-io-2.5.jar:/home/user/.m2/repository/org/apache/kerby/kerb-simplekdc/1.0.1/kerb-simplekdc-1.0.1.jar:/home/user/.m2/repository/org/apache/kerby/kerb-client/1.0.1/kerb-client-1.0.1.jar:/home/user/.m2/repository/org/apache/kerby/kerby-config/1.0.1/kerby-config-1.0.1.jar:/home/user/.m2/repository/org/apache/kerby/kerb-core/1.0.1/kerb-core-1.0.1.jar:/home/user/.m2/repository/org/apache/kerby/kerby-pkix/1.0.1/kerby-pkix-1.0.1.jar:/home/user/.m2/repository/org/apache/kerby/kerby-asn1/1.0.1/kerby-asn1-1.0.1.jar:/home/user/.m2/repository/org/apache/kerby/kerby-util/1.0.1/kerby-util-1.0.1.jar:/home/user/.m2/repository/org/apache/kerby/kerb-common/1.0.1/kerb-common-1.0.1.jar:/home/user/.m2/repository/org/apache/kerby/kerb-crypto/1.0.1/kerb-crypto-1.0.1.jar:/home/user/.m2/repository/org/apache/kerby/kerb-util/1.0.1/kerb-util-1.0.1.jar:/home/user/.m2/repository/org/apache/kerby/token-provider/1.0.1/token-provider-1.0.1.jar:/home/user/.m2/repository/org/apache/kerby/kerb-admin/1.0.1/kerb-admin-1.0.1.jar:/home/user/.m2/repository/org/apache/kerby/kerb-server/1.0.1/kerb-server-1.0.1.jar:/home/user/.m2/repository/org/apache/kerby/kerb-identity/1.0.1/kerb-identity-1.0.1.jar:/home/user/.m2/repository/org/apache/kerby/kerby-xdr/1.0.1/kerby-xdr-1.0.1.jar:/home/user/.m2/repository/org/slf4j/slf4j-log4j12/1.7.25/slf4j-log4j12-1.7.25.jar:/home/user/.m2/repository/org/apache/hadoop/hadoop-ozone-s3gateway/0.5.0-SNAPSHOT/hadoop-ozone-s3gateway-0.5.0-SNAPSHOT.jar:/home/user/.m2/repository/org/jboss/weld/servlet/weld-servlet/2.4.7.Final/weld-servlet-2.4.7.Final.jar:/home/user/.m2/repository/org/glassfish/jersey/containers/jersey-container-servlet-core/2.27/jersey-container-servlet-core-2.27.jar:/home/user/.m2/repository/org/glassfish/hk2/external/javax.inject/2.5.0-b42/javax.inject-2.5.0-b42.jar:/home/user/.m2/repository/org/glassfish/jersey/core/jersey-common/2.27/jersey-common-2.27.jar:/home/user/.m2/repository/org/glassfish/hk2/osgi-resource-locator/1.0.1/osgi-resource-locator-1.0.1.jar:/home/user/.m2/repository/javax/ws/rs/javax.ws.rs-api/2.1/javax.ws.rs-api-2.1.jar:/home/user/.m2/repository/org/glassfish/jersey/ext/cdi/jersey-cdi1x/2.27/jersey-cdi1x-2.27.jar:/home/user/.m2/repository/org/glassfish/jersey/inject/jersey-hk2/2.27/jersey-hk2-2.27.jar:/home/user/.m2/repository/org/glassfish/hk2/hk2-locator/2.5.0-b42/hk2-locator-2.5.0-b42.jar:/home/user/.m2/repository/org/javassist/javassist/3.22.0-CR2/javassist-3.22.0-CR2.jar:/home/user/.m2/repository/org/glassfish/hk2/hk2-api/2.5.0/hk2-api-2.5.0.jar:/home/user/.m2/repository/org/glassfish/hk2/external/jakarta.inject/2.5.0/jakarta.inject-2.5.0.jar:/home/user/.m2/repository/org/glassfish/hk2/hk2-utils/2.5.0/hk2-utils-2.5.0.jar:/home/user/.m2/repository/jakarta/annotation/jakarta.annotation-api/1.3.4/jakarta.annotation-api-1.3.4.jar:/home/user/.m2/repository/org/glassfish/hk2/external/aopalliance-repackaged/2.5.0/aopalliance-repackaged-2.5.0.jar:/home/user/.m2/repository/com/fasterxml/jackson/dataformat/jackson-dataformat-xml/2.9.0/jackson-dataformat-xml-2.9.0.jar:/home/user/.m2/repository/com/fasterxml/jackson/core/jackson-core/2.9.9/jackson-core-2.9.9.jar:/home/user/.m2/repository/com/fasterxml/jackson/module/jackson-module-jaxb-annotations/2.9.9/jackson-module-jaxb-annotations-2.9.9.jar:/home/user/.m2/repository/javax/enterprise/cdi-api/1.2/cdi-api-1.2.jar:/home/user/.m2/repository/javax/el/javax.el-api/3.0.0/javax.el-api-3.0.0.jar:/home/user/.m2/repository/javax/interceptor/javax.interceptor-api/1.2/javax.interceptor-api-1.2.jar:/home/user/.m2/repository/javax/inject/javax.inject/1/javax.inject-1.jar:/home/user/.m2/repository/com/sun/xml/bind/jaxb-impl/2.3.0.1/jaxb-impl-2.3.0.1.jar:/home/user/.m2/repository/com/sun/xml/bind/jaxb-core/2.3.0.1/jaxb-core-2.3.0.1.jar:/home/user/.m2/repository/javax/xml/bind/jaxb-api/2.3.0/jaxb-api-2.3.0.jar:/home/user/.m2/repository/javax/activation/activation/1.1.1/activation-1.1.1.jar:/home/user/.m2/repository/org/apache/hadoop/hadoop-ozone-csi/0.5.0-SNAPSHOT/hadoop-ozone-csi-0.5.0-SNAPSHOT.jar:/home/user/.m2/repository/com/google/protobuf/protobuf-java-util/3.5.1/protobuf-java-util-3.5.1.jar:/home/user/.m2/repository/org/apache/hadoop/hadoop-hdds-config/0.5.0-SNAPSHOT/hadoop-hdds-config-0.5.0-SNAPSHOT.jar:/home/user/.m2/repository/io/grpc/grpc-netty/1.17.1/grpc-netty-1.17.1.jar:/home/user/.m2/repository/io/grpc/grpc-core/1.17.1/grpc-core-1.17.1.jar:/home/user/.m2/repository/io/grpc/grpc-context/1.17.1/grpc-context-1.17.1.jar:/home/user/.m2/repository/com/google/errorprone/error_prone_annotations/2.2.0/error_prone_annotations-2.2.0.jar:/home/user/.m2/repository/org/codehaus/mojo/animal-sniffer-annotations/1.17/animal-sniffer-annotations-1.17.jar:/home/user/.m2/repository/io/opencensus/opencensus-api/0.17.0/opencensus-api-0.17.0.jar:/home/user/.m2/repository/io/opencensus/opencensus-contrib-grpc-metrics/0.17.0/opencensus-contrib-grpc-metrics-0.17.0.jar:/home/user/.m2/repository/io/netty/netty-codec-http2/4.1.30.Final/netty-codec-http2-4.1.30.Final.jar:/home/user/.m2/repository/io/netty/netty-codec-http/4.1.30.Final/netty-codec-http-4.1.30.Final.jar:/home/user/.m2/repository/io/netty/netty-codec/4.1.30.Final/netty-codec-4.1.30.Final.jar:/home/user/.m2/repository/io/netty/netty-handler/4.1.30.Final/netty-handler-4.1.30.Final.jar:/home/user/.m2/repository/io/netty/netty-handler-proxy/4.1.30.Final/netty-handler-proxy-4.1.30.Final.jar:/home/user/.m2/repository/io/netty/netty-codec-socks/4.1.30.Final/netty-codec-socks-4.1.30.Final.jar:/home/user/.m2/repository/io/netty/netty-transport-native-epoll/4.1.30.Final/netty-transport-native-epoll-4.1.30.Final.jar:/home/user/.m2/repository/io/netty/netty-common/4.1.30.Final/netty-common-4.1.30.Final.jar:/home/user/.m2/repository/io/netty/netty-buffer/4.1.30.Final/netty-buffer-4.1.30.Final.jar:/home/user/.m2/repository/io/netty/netty-transport/4.1.30.Final/netty-transport-4.1.30.Final.jar:/home/user/.m2/repository/io/netty/netty-resolver/4.1.30.Final/netty-resolver-4.1.30.Final.jar:/home/user/.m2/repository/io/netty/netty-transport-native-unix-common/4.1.30.Final/netty-transport-native-unix-common-4.1.30.Final.jar:/home/user/.m2/repository/io/grpc/grpc-protobuf/1.17.1/grpc-protobuf-1.17.1.jar:/home/user/.m2/repository/com/google/api/grpc/proto-google-common-protos/1.0.0/proto-google-common-protos-1.0.0.jar:/home/user/.m2/repository/io/grpc/grpc-protobuf-lite/1.17.1/grpc-protobuf-lite-1.17.1.jar:/home/user/.m2/repository/io/grpc/grpc-stub/1.17.1/grpc-stub-1.17.1.jar:/home/user/.m2/repository/org/apache/hadoop/hadoop-ozone-recon/0.5.0-SNAPSHOT/hadoop-ozone-recon-0.5.0-SNAPSHOT.jar:/home/user/.m2/repository/org/apache/hadoop/hadoop-ozone-reconcodegen/0.5.0-SNAPSHOT/hadoop-ozone-reconcodegen-0.5.0-SNAPSHOT.jar:/home/user/.m2/repository/com/google/inject/extensions/guice-multibindings/4.0/guice-multibindings-4.0.jar:/home/user/.m2/repository/com/google/inject/guice/4.0/guice-4.0.jar:/home/user/.m2/repository/aopalliance/aopalliance/1.0/aopalliance-1.0.jar:/home/user/.m2/repository/com/google/inject/extensions/guice-servlet/4.0/guice-servlet-4.0.jar:/home/user/.m2/repository/org/glassfish/jersey/containers/jersey-container-servlet/2.27/jersey-container-servlet-2.27.jar:/home/user/.m2/repository/org/glassfish/hk2/guice-bridge/2.5.0/guice-bridge-2.5.0.jar:/home/user/.m2/repository/org/glassfish/jersey/core/jersey-server/2.27/jersey-server-2.27.jar:/home/user/.m2/repository/org/glassfish/jersey/core/jersey-client/2.27/jersey-client-2.27.jar:/home/user/.m2/repository/org/glassfish/jersey/media/jersey-media-jaxb/2.27/jersey-media-jaxb-2.27.jar:/home/user/.m2/repository/javax/validation/validation-api/1.1.0.Final/validation-api-1.1.0.Final.jar:/home/user/.m2/repository/org/glassfish/jersey/media/jersey-media-json-jackson/2.27/jersey-media-json-jackson-2.27.jar:/home/user/.m2/repository/org/glassfish/jersey/ext/jersey-entity-filtering/2.27/jersey-entity-filtering-2.27.jar:/home/user/.m2/repository/com/google/inject/extensions/guice-assistedinject/4.0/guice-assistedinject-4.0.jar:/home/user/.m2/repository/org/jooq/jooq/3.11.10/jooq-3.11.10.jar:/home/user/.m2/repository/org/jooq/jooq-meta/3.11.10/jooq-meta-3.11.10.jar:/home/user/.m2/repository/org/jooq/jooq-codegen/3.11.10/jooq-codegen-3.11.10.jar:/home/user/.m2/repository/com/jolbox/bonecp/0.8.0.RELEASE/bonecp-0.8.0.RELEASE.jar:/home/user/.m2/repository/org/xerial/sqlite-jdbc/3.25.2/sqlite-jdbc-3.25.2.jar:/home/user/.m2/repository/org/springframework/spring-jdbc/5.1.3.RELEASE/spring-jdbc-5.1.3.RELEASE.jar:/home/user/.m2/repository/org/springframework/spring-beans/5.1.3.RELEASE/spring-beans-5.1.3.RELEASE.jar:/home/user/.m2/repository/org/springframework/spring-core/5.1.3.RELEASE/spring-core-5.1.3.RELEASE.jar:/home/user/.m2/repository/org/springframework/spring-jcl/5.1.3.RELEASE/spring-jcl-5.1.3.RELEASE.jar:/home/user/.m2/repository/org/springframework/spring-tx/5.1.3.RELEASE/spring-tx-5.1.3.RELEASE.jar:/home/user/.m2/repository/org/apache/hadoop/hadoop-ozone-client/0.5.0-SNAPSHOT/hadoop-ozone-client-0.5.0-SNAPSHOT.jar:/home/user/.m2/repository/commons-lang/commons-lang/2.6/commons-lang-2.6.jar:/home/user/.m2/repository/org/apache/hadoop/hadoop-ozone-ozone-manager/0.5.0-SNAPSHOT/hadoop-ozone-ozone-manager-0.5.0-SNAPSHOT-tests.jar:/home/user/.m2/repository/junit/junit/4.11/junit-4.11.jar:/home/user/.m2/repository/org/hamcrest/hamcrest-core/1.3/hamcrest-core-1.3.jar:/home/user/.m2/repository/org/openjdk/jmh/jmh-core/1.19/jmh-core-1.19.jar:/home/user/.m2/repository/net/sf/jopt-simple/jopt-simple/4.6/jopt-simple-4.6.jar:/home/user/.m2/repository/org/apache/commons/commons-math3/3.1.1/commons-math3-3.1.1.jar:/home/user/.m2/repository/org/openjdk/jmh/jmh-generator-annprocess/1.19/jmh-generator-annprocess-1.19.jar:/home/user/.m2/repository/org/mockito/mockito-all/1.8.5/mockito-all-1.8.5.jar:/home/user/.m2/repository/org/apache/hadoop/hadoop-kms/3.2.0/hadoop-kms-3.2.0.jar:/home/user/.m2/repository/org/apache/hadoop/hadoop-auth/3.2.0/hadoop-auth-3.2.0.jar:/home/user/.m2/repository/com/nimbusds/nimbus-jose-jwt/4.41.1/nimbus-jose-jwt-4.41.1.jar:/home/user/.m2/repository/com/github/stephenc/jcip/jcip-annotations/1.0-1/jcip-annotations-1.0-1.jar:/home/user/.m2/repository/net/minidev/json-smart/2.3/json-smart-2.3.jar:/home/user/.m2/repository/net/minidev/accessors-smart/1.2/accessors-smart-1.2.jar:/home/user/.m2/repository/org/ow2/asm/asm/5.0.4/asm-5.0.4.jar:/home/user/.m2/repository/org/apache/curator/curator-framework/2.12.0/curator-framework-2.12.0.jar:/home/user/.m2/repository/com/sun/jersey/jersey-core/1.19/jersey-core-1.19.jar:/home/user/.m2/repository/javax/ws/rs/jsr311-api/1.1.1/jsr311-api-1.1.1.jar:/home/user/.m2/repository/com/sun/jersey/jersey-server/1.19/jersey-server-1.19.jar:/home/user/.m2/repository/javax/servlet/javax.servlet-api/3.1.0/javax.servlet-api-3.1.0.jar:/home/user/.m2/repository/org/eclipse/jetty/jetty-server/9.3.25.v20180904/jetty-server-9.3.25.v20180904.jar:/home/user/.m2/repository/org/eclipse/jetty/jetty-http/9.3.25.v20180904/jetty-http-9.3.25.v20180904.jar:/home/user/.m2/repository/org/eclipse/jetty/jetty-io/9.3.25.v20180904/jetty-io-9.3.25.v20180904.jar:/home/user/.m2/repository/org/eclipse/jetty/jetty-webapp/9.3.25.v20180904/jetty-webapp-9.3.25.v20180904.jar:/home/user/.m2/repository/org/eclipse/jetty/jetty-xml/9.3.25.v20180904/jetty-xml-9.3.25.v20180904.jar:/home/user/.m2/repository/log4j/log4j/1.2.17/log4j-1.2.17.jar:/home/user/.m2/repository/org/slf4j/slf4j-api/1.7.25/slf4j-api-1.7.25.jar:/home/user/.m2/repository/org/slf4j/jul-to-slf4j/1.7.25/jul-to-slf4j-1.7.25.jar:/home/user/.m2/repository/org/eclipse/jetty/jetty-util/9.3.25.v20180904/jetty-util-9.3.25.v20180904.jar:/home/user/.m2/repository/com/fasterxml/jackson/core/jackson-databind/2.9.9/jackson-databind-2.9.9.jar:/home/user/.m2/repository/org/apache/hadoop/hadoop-kms/3.2.0/hadoop-kms-3.2.0-tests.jar:/home/user/.m2/repository/org/apache/hadoop/hadoop-hdds-server-scm/0.5.0-SNAPSHOT/hadoop-hdds-server-scm-0.5.0-SNAPSHOT-tests.jar:/home/user/.m2/repository/org/apache/hadoop/hadoop-hdds-container-service/0.5.0-SNAPSHOT/hadoop-hdds-container-service-0.5.0-SNAPSHOT-tests.jar:/home/user/.m2/repository/org/yaml/snakeyaml/1.16/snakeyaml-1.16.jar:/home/user/.m2/repository/org/apache/hadoop/hadoop-common/3.2.0/hadoop-common-3.2.0-tests.jar:/home/user/.m2/repository/org/apache/hadoop/hadoop-annotations/3.2.0/hadoop-annotations-3.2.0.jar:/usr/lib/jvm/java-1.8-openjdk/jre/../lib/tools.jar:/home/user/.m2/repository/commons-cli/commons-cli/1.2/commons-cli-1.2.jar:/home/user/.m2/repository/org/apache/httpcomponents/httpclient/4.5.2/httpclient-4.5.2.jar:/home/user/.m2/repository/org/apache/httpcomponents/httpcore/4.4.4/httpcore-4.4.4.jar:/home/user/.m2/repository/commons-codec/commons-codec/1.11/commons-codec-1.11.jar:/home/user/.m2/repository/commons-net/commons-net/3.6/commons-net-3.6.jar:/home/user/.m2/repository/commons-collections/commons-collections/3.2.2/commons-collections-3.2.2.jar:/home/user/.m2/repository/org/eclipse/jetty/jetty-servlet/9.3.25.v20180904/jetty-servlet-9.3.25.v20180904.jar:/home/user/.m2/repository/org/eclipse/jetty/jetty-security/9.3.25.v20180904/jetty-security-9.3.25.v20180904.jar:/home/user/.m2/repository/javax/servlet/jsp/jsp-api/2.1/jsp-api-2.1.jar:/home/user/.m2/repository/com/sun/jersey/jersey-servlet/1.19/jersey-servlet-1.19.jar:/home/user/.m2/repository/com/sun/jersey/jersey-json/1.19/jersey-json-1.19.jar:/home/user/.m2/repository/org/codehaus/jettison/jettison/1.1/jettison-1.1.jar:/home/user/.m2/repository/org/codehaus/jackson/jackson-core-asl/1.9.13/jackson-core-asl-1.9.13.jar:/home/user/.m2/repository/org/codehaus/jackson/jackson-mapper-asl/1.9.13/jackson-mapper-asl-1.9.13.jar:/home/user/.m2/repository/org/codehaus/jackson/jackson-jaxrs/1.9.13/jackson-jaxrs-1.9.13.jar:/home/user/.m2/repository/org/codehaus/jackson/jackson-xc/1.9.13/jackson-xc-1.9.13.jar:/home/user/.m2/repository/commons-logging/commons-logging/1.1.3/commons-logging-1.1.3.jar:/home/user/.m2/repository/commons-beanutils/commons-beanutils/1.9.4/commons-beanutils-1.9.4.jar:/home/user/.m2/repository/org/apache/commons/commons-configuration2/2.1.1/commons-configuration2-2.1.1.jar:/home/user/.m2/repository/org/apache/commons/commons-lang3/3.7/commons-lang3-3.7.jar:/home/user/.m2/repository/org/apache/commons/commons-text/1.4/commons-text-1.4.jar:/home/user/.m2/repository/org/apache/avro/avro/1.7.7/avro-1.7.7.jar:/home/user/.m2/repository/com/thoughtworks/paranamer/paranamer/2.3/paranamer-2.3.jar:/home/user/.m2/repository/org/xerial/snappy/snappy-java/1.0.5/snappy-java-1.0.5.jar:/home/user/.m2/repository/com/google/re2j/re2j/1.1/re2j-1.1.jar:/home/user/.m2/repository/com/google/code/gson/gson/2.2.4/gson-2.2.4.jar:/home/user/.m2/repository/com/jcraft/jsch/0.1.54/jsch-0.1.54.jar:/home/user/.m2/repository/org/apache/curator/curator-client/2.12.0/curator-client-2.12.0.jar:/home/user/.m2/repository/org/apache/curator/curator-recipes/2.12.0/curator-recipes-2.12.0.jar:/home/user/.m2/repository/com/google/code/findbugs/jsr305/3.0.0/jsr305-3.0.0.jar:/home/user/.m2/repository/org/apache/htrace/htrace-core4/4.1.0-incubating/htrace-core4-4.1.0-incubating.jar:/home/user/.m2/repository/org/apache/zookeeper/zookeeper/3.4.13/zookeeper-3.4.13.jar:/home/user/.m2/repository/jline/jline/0.9.94/jline-0.9.94.jar:/home/user/.m2/repository/org/apache/yetus/audience-annotations/0.5.0/audience-annotations-0.5.0.jar:/home/user/.m2/repository/org/codehaus/woodstox/stax2-api/3.1.4/stax2-api-3.1.4.jar:/home/user/.m2/repository/com/fasterxml/woodstox/woodstox-core/5.0.3/woodstox-core-5.0.3.jar:/home/user/.m2/repository/dnsjava/dnsjava/2.1.7/dnsjava-2.1.7.jar:/home/user/.m2/repository/org/apache/hadoop/hadoop-hdfs/3.2.0/hadoop-hdfs-3.2.0-tests.jar:/home/user/.m2/repository/org/eclipse/jetty/jetty-util-ajax/9.3.25.v20180904/jetty-util-ajax-9.3.25.v20180904.jar:/home/user/.m2/repository/commons-daemon/commons-daemon/1.0.13/commons-daemon-1.0.13.jar:/home/user/.m2/repository/io/netty/netty/3.10.5.Final/netty-3.10.5.Final.jar:/home/user/.m2/repository/io/netty/netty-all/4.0.52.Final/netty-all-4.0.52.Final.jar:/home/user/.m2/repository/org/fusesource/leveldbjni/leveldbjni-all/1.8/leveldbjni-all-1.8.jar:"/>
    <property name="sun.cpu.endian" value="little"/>
    <property name="user.home" value="/home/user"/>
    <property name="user.language" value="en"/>
    <property name="java.specification.vendor" value="Oracle Corporation"/>
    <property name="java.home" value="/usr/lib/jvm/java-1.8-openjdk/jre"/>
    <property name="java.security.krb5.conf" value="/workdir/hadoop-ozone/integration-test/target/test-classes/krb5.conf"/>
    <property name="basedir" value="/workdir/hadoop-ozone/integration-test"/>
    <property name="file.separator" value="/"/>
    <property name="line.separator" value="&#10;"/>
    <property name="java.vm.specification.vendor" value="Oracle Corporation"/>
    <property name="java.specification.name" value="Java Platform API Specification"/>
    <property name="java.awt.graphicsenv" value="sun.awt.X11GraphicsEnvironment"/>
    <property name="surefire.real.class.path" value="/workdir/hadoop-ozone/integration-test/target/surefire/surefirebooter6848313573636975409.jar"/>
    <property name="hadoop.log.dir" value="/workdir/hadoop-ozone/integration-test/target/log"/>
    <property name="sun.boot.class.path" value="/usr/lib/jvm/java-1.8-openjdk/jre/lib/resources.jar:/usr/lib/jvm/java-1.8-openjdk/jre/lib/rt.jar:/usr/lib/jvm/java-1.8-openjdk/jre/lib/sunrsasign.jar:/usr/lib/jvm/java-1.8-openjdk/jre/lib/jsse.jar:/usr/lib/jvm/java-1.8-openjdk/jre/lib/jce.jar:/usr/lib/jvm/java-1.8-openjdk/jre/lib/charsets.jar:/usr/lib/jvm/java-1.8-openjdk/jre/lib/jfr.jar:/usr/lib/jvm/java-1.8-openjdk/jre/classes"/>
    <property name="sun.management.compiler" value="HotSpot 64-Bit Tiered Compilers"/>
    <property name="java.runtime.version" value="1.8.0_212-b04"/>
    <property name="java.net.preferIPv4Stack" value="true"/>
    <property name="user.name" value="jenkins1000"/>
    <property name="path.separator" value=":"/>
    <property name="java.security.egd" value="file:///dev/urandom"/>
    <property name="os.version" value="3.10.0-957.12.2.el7.x86_64"/>
    <property name="java.endorsed.dirs" value="/usr/lib/jvm/java-1.8-openjdk/jre/lib/endorsed"/>
    <property name="java.runtime.name" value="OpenJDK Runtime Environment"/>
    <property name="file.encoding" value="UTF-8"/>
    <property name="java.vm.name" value="OpenJDK 64-Bit Server VM"/>
    <property name="test.build.webapps" value=""/>
    <property name="localRepository" value="/home/user/.m2/repository"/>
    <property name="java.vendor.url.bug" value="https://icedtea.classpath.org/bugzilla"/>
    <property name="java.io.tmpdir" value="/tmp"/>
    <property name="require.test.libhadoop" value=""/>
    <property name="java.version" value="1.8.0_212"/>
    <property name="user.dir" value="/workdir/hadoop-ozone/integration-test"/>
    <property name="os.arch" value="amd64"/>
    <property name="java.vm.specification.name" value="Java Virtual Machine Specification"/>
    <property name="test.build.classes" value="/workdir/hadoop-ozone/integration-test/target/test-classes"/>
    <property name="java.awt.printerjob" value="sun.print.PSPrinterJob"/>
    <property name="sun.os.patch.level" value="unknown"/>
    <property name="hadoop.tmp.dir" value="/workdir/hadoop-ozone/integration-test/target/tmp"/>
    <property name="java.library.path" value="/usr/lib/jvm/java-1.8-openjdk/jre/lib/amd64/server:/usr/lib/jvm/java-1.8-openjdk/jre/lib/amd64:/usr/lib/jvm/java-1.8-openjdk/jre/../lib/amd64:/workdir/hadoop-ozone/integration-test/target/native/target/usr/local/lib:/workdir/hadoop-ozone/integration-test/../../hadoop-common-project/hadoop-common/target/native/target/usr/local/lib:/usr/java/packages/lib/amd64:/usr/lib64:/lib64:/lib:/usr/lib"/>
    <property name="java.vm.info" value="mixed mode"/>
    <property name="java.vendor" value="IcedTea"/>
    <property name="java.vm.version" value="25.212-b04"/>
    <property name="java.ext.dirs" value="/usr/lib/jvm/java-1.8-openjdk/jre/lib/ext:/usr/java/packages/lib/ext"/>
    <property name="sun.io.unicode.encoding" value="UnicodeLittle"/>
    <property name="java.class.version" value="52.0"/>
  </properties>
  <testcase name="testWatchForCommitWithKeyWrite" classname="org.apache.hadoop.ozone.client.rpc.TestWatchForCommit" time="62.671"/>
  <testcase name="testWatchForCommitWithSmallerTimeoutValue" classname="org.apache.hadoop.ozone.client.rpc.TestWatchForCommit" time="51.366"/>
  <testcase name="testWatchForCommitForRetryfailure" classname="org.apache.hadoop.ozone.client.rpc.TestWatchForCommit" time="65.529">
    <failure type="java.lang.AssertionError">java.lang.AssertionError
	at org.junit.Assert.fail(Assert.java:86)
	at org.junit.Assert.assertTrue(Assert.java:41)
	at org.junit.Assert.assertTrue(Assert.java:52)
	at org.apache.hadoop.ozone.client.rpc.TestWatchForCommit.testWatchForCommitForRetryfailure(TestWatchForCommit.java:348)
	at sun.reflect.NativeMethodAccessorImpl.invoke0(Native Method)
	at sun.reflect.NativeMethodAccessorImpl.invoke(NativeMethodAccessorImpl.java:62)
	at sun.reflect.DelegatingMethodAccessorImpl.invoke(DelegatingMethodAccessorImpl.java:43)
	at java.lang.reflect.Method.invoke(Method.java:498)
	at org.junit.runners.model.FrameworkMethod$1.runReflectiveCall(FrameworkMethod.java:47)
	at org.junit.internal.runners.model.ReflectiveCallable.run(ReflectiveCallable.java:12)
	at org.junit.runners.model.FrameworkMethod.invokeExplosively(FrameworkMethod.java:44)
	at org.junit.internal.runners.statements.InvokeMethod.evaluate(InvokeMethod.java:17)
	at org.junit.runners.ParentRunner.runLeaf(ParentRunner.java:271)
	at org.junit.runners.BlockJUnit4ClassRunner.runChild(BlockJUnit4ClassRunner.java:70)
	at org.junit.runners.BlockJUnit4ClassRunner.runChild(BlockJUnit4ClassRunner.java:50)
	at org.junit.runners.ParentRunner$3.run(ParentRunner.java:238)
	at org.junit.runners.ParentRunner$1.schedule(ParentRunner.java:63)
	at org.junit.runners.ParentRunner.runChildren(ParentRunner.java:236)
	at org.junit.runners.ParentRunner.access$000(ParentRunner.java:53)
	at org.junit.runners.ParentRunner$2.evaluate(ParentRunner.java:229)
	at org.junit.runners.ParentRunner.run(ParentRunner.java:309)
	at org.apache.maven.surefire.junit4.JUnit4Provider.execute(JUnit4Provider.java:365)
	at org.apache.maven.surefire.junit4.JUnit4Provider.executeWithRerun(JUnit4Provider.java:273)
	at org.apache.maven.surefire.junit4.JUnit4Provider.executeTestSet(JUnit4Provider.java:238)
	at org.apache.maven.surefire.junit4.JUnit4Provider.invoke(JUnit4Provider.java:159)
	at org.apache.maven.surefire.booter.ForkedBooter.invokeProviderInSameClassLoader(ForkedBooter.java:384)
	at org.apache.maven.surefire.booter.ForkedBooter.runSuitesInProcess(ForkedBooter.java:345)
	at org.apache.maven.surefire.booter.ForkedBooter.execute(ForkedBooter.java:126)
	at org.apache.maven.surefire.booter.ForkedBooter.main(ForkedBooter.java:418)
</failure>
    <system-out><![CDATA[2019-10-07 23:30:12,527 [main] WARN  server.ServerUtils (ServerUtils.java:getScmDbDir(145)) - ozone.scm.db.dirs is not configured. We recommend adding this setting. Falling back to ozone.metadata.dirs instead.
2019-10-07 23:30:12,542 [main] WARN  server.ServerUtils (ServerUtils.java:getScmDbDir(145)) - ozone.scm.db.dirs is not configured. We recommend adding this setting. Falling back to ozone.metadata.dirs instead.
2019-10-07 23:30:12,542 [main] WARN  server.ServerUtils (ServerUtils.java:getScmDbDir(145)) - ozone.scm.db.dirs is not configured. We recommend adding this setting. Falling back to ozone.metadata.dirs instead.
2019-10-07 23:30:12,543 [main] INFO  db.DBStoreBuilder (DBStoreBuilder.java:addTable(117)) - using custom profile for table: deletedBlocks
2019-10-07 23:30:12,543 [main] INFO  db.DBStoreBuilder (DBStoreBuilder.java:processTables(168)) - Using default column profile:DBProfile.DISK for Table:deletedBlocks
2019-10-07 23:30:12,543 [main] INFO  db.DBStoreBuilder (DBStoreBuilder.java:addTable(117)) - using custom profile for table: validCerts
2019-10-07 23:30:12,543 [main] INFO  db.DBStoreBuilder (DBStoreBuilder.java:processTables(168)) - Using default column profile:DBProfile.DISK for Table:validCerts
2019-10-07 23:30:12,543 [main] INFO  db.DBStoreBuilder (DBStoreBuilder.java:addTable(117)) - using custom profile for table: revokedCerts
2019-10-07 23:30:12,544 [main] INFO  db.DBStoreBuilder (DBStoreBuilder.java:processTables(168)) - Using default column profile:DBProfile.DISK for Table:revokedCerts
2019-10-07 23:30:12,544 [main] INFO  db.DBStoreBuilder (DBStoreBuilder.java:addTable(117)) - using custom profile for table: default
2019-10-07 23:30:12,544 [main] INFO  db.DBStoreBuilder (DBStoreBuilder.java:processTables(174)) - Using default column profile:DBProfile.DISK for Table:default
2019-10-07 23:30:12,544 [main] INFO  db.DBStoreBuilder (DBStoreBuilder.java:getDbProfile(205)) - Using default options. DBProfile.DISK
2019-10-07 23:30:12,757 [main] INFO  net.NodeSchemaLoader (NodeSchemaLoader.java:loadSchemaFromFile(125)) - Loading file from sun.misc.CompoundEnumeration@34be065a
2019-10-07 23:30:12,757 [main] INFO  net.NodeSchemaLoader (NodeSchemaLoader.java:loadSchema(171)) - Loading network topology layer schema file
2019-10-07 23:30:12,764 [main] WARN  server.ServerUtils (ServerUtils.java:sanitizeUserArgs(70)) - ozone.scm.stale.node.interval value = 300000 is larger than max = 100000 based on the key value of ozone.scm.heartbeat.thread.interval, reset to the max value 100000.
2019-10-07 23:30:12,764 [main] WARN  server.ServerUtils (ServerUtils.java:sanitizeUserArgs(70)) - ozone.scm.stale.node.interval value = 300000 is larger than max = 100000 based on the key value of ozone.scm.heartbeat.thread.interval, reset to the max value 100000.
2019-10-07 23:30:12,764 [main] INFO  node.SCMNodeManager (SCMNodeManager.java:<init>(116)) - Entering startup safe mode.
2019-10-07 23:30:12,765 [main] INFO  algorithms.ContainerPlacementPolicyFactory (ContainerPlacementPolicyFactory.java:getPolicy(57)) - Create container placement policy of type org.apache.hadoop.hdds.scm.container.placement.algorithms.SCMContainerPlacementRandom
2019-10-07 23:30:12,766 [main] WARN  server.ServerUtils (ServerUtils.java:getScmDbDir(145)) - ozone.scm.db.dirs is not configured. We recommend adding this setting. Falling back to ozone.metadata.dirs instead.
2019-10-07 23:30:12,826 [main] INFO  pipeline.SCMPipelineManager (SCMPipelineManager.java:initializePipelineState(132)) - No pipeline exists in current db
2019-10-07 23:30:12,826 [main] WARN  server.ServerUtils (ServerUtils.java:getScmDbDir(145)) - ozone.scm.db.dirs is not configured. We recommend adding this setting. Falling back to ozone.metadata.dirs instead.
2019-10-07 23:30:12,908 [main] WARN  events.EventQueue (EventQueue.java:fireEvent(183)) - No event handler registered for event TypedEvent{payloadType=SafeModeStatus, name='SafeModeStatus'}
2019-10-07 23:30:12,909 [main] INFO  ipc.CallQueueManager (CallQueueManager.java:<init>(84)) - Using callQueue: class java.util.concurrent.LinkedBlockingQueue, queueCapacity: 2000, scheduler: class org.apache.hadoop.ipc.DefaultRpcScheduler, ipcBackoff: false.
2019-10-07 23:30:12,910 [Socket Reader #1 for port 39015] INFO  ipc.Server (Server.java:run(1074)) - Starting Socket Reader #1 for port 39015
2019-10-07 23:30:12,913 [main] INFO  ipc.CallQueueManager (CallQueueManager.java:<init>(84)) - Using callQueue: class java.util.concurrent.LinkedBlockingQueue, queueCapacity: 2000, scheduler: class org.apache.hadoop.ipc.DefaultRpcScheduler, ipcBackoff: false.
2019-10-07 23:30:12,914 [Socket Reader #1 for port 42172] INFO  ipc.Server (Server.java:run(1074)) - Starting Socket Reader #1 for port 42172
2019-10-07 23:30:12,916 [main] INFO  ipc.CallQueueManager (CallQueueManager.java:<init>(84)) - Using callQueue: class java.util.concurrent.LinkedBlockingQueue, queueCapacity: 2000, scheduler: class org.apache.hadoop.ipc.DefaultRpcScheduler, ipcBackoff: false.
2019-10-07 23:30:12,917 [Socket Reader #1 for port 41847] INFO  ipc.Server (Server.java:run(1074)) - Starting Socket Reader #1 for port 41847
2019-10-07 23:30:12,921 [main] INFO  hdfs.DFSUtil (DFSUtil.java:httpServerTemplateForNNAndJN(1641)) - Starting Web-server for scm at: http://0.0.0.0:0
2019-10-07 23:30:12,924 [main] INFO  server.AuthenticationFilter (AuthenticationFilter.java:constructSecretProvider(240)) - Unable to initialize FileSignerSecretProvider, falling back to use random secrets.
2019-10-07 23:30:12,924 [main] WARN  http.HttpRequestLog (HttpRequestLog.java:getRequestLog(97)) - Jetty request log can only be enabled using Log4j
2019-10-07 23:30:12,927 [main] INFO  http.HttpServer2 (HttpServer2.java:addGlobalFilter(975)) - Added global filter 'safety' (class=org.apache.hadoop.http.HttpServer2$QuotingInputFilter)
2019-10-07 23:30:12,928 [main] INFO  http.HttpServer2 (HttpServer2.java:addFilter(948)) - Added filter static_user_filter (class=org.apache.hadoop.http.lib.StaticUserWebFilter$StaticUserFilter) to context scm
2019-10-07 23:30:12,928 [main] INFO  http.HttpServer2 (HttpServer2.java:addFilter(958)) - Added filter static_user_filter (class=org.apache.hadoop.http.lib.StaticUserWebFilter$StaticUserFilter) to context logs
2019-10-07 23:30:12,928 [main] INFO  http.HttpServer2 (HttpServer2.java:addFilter(958)) - Added filter static_user_filter (class=org.apache.hadoop.http.lib.StaticUserWebFilter$StaticUserFilter) to context static
2019-10-07 23:30:12,931 [main] INFO  server.StorageContainerManager (StorageContainerManager.java:start(770)) - StorageContainerLocationProtocol RPC server is listening at /0.0.0.0:41847
2019-10-07 23:30:12,933 [main] WARN  impl.MetricsConfig (MetricsConfig.java:loadFirst(134)) - Cannot locate configuration: tried hadoop-metrics2-storagecontainermanager.properties,hadoop-metrics2.properties
2019-10-07 23:30:12,934 [main] INFO  impl.MetricsSystemImpl (MetricsSystemImpl.java:startTimer(374)) - Scheduled Metric snapshot period at 10 second(s).
2019-10-07 23:30:12,934 [main] INFO  impl.MetricsSystemImpl (MetricsSystemImpl.java:start(191)) - StorageContainerManager metrics system started
2019-10-07 23:30:12,953 [main] INFO  lib.Interns (Interns.java:removeEldestEntry(50)) - Metrics intern cache overflow at 2011 for MetricsSystem={MetricsSystem=MetricsInfoImpl{name=MetricsSystem, description=MetricsSystem}, MetricsSystem record=MetricsInfoImpl{name=MetricsSystem, description=MetricsSystem record}}
2019-10-07 23:30:12,985 [main] WARN  impl.MetricsSystemImpl (MetricsSystemImpl.java:register(276)) - Sink prometheus already exists!
2019-10-07 23:30:13,027 [main] INFO  server.SCMClientProtocolServer (SCMClientProtocolServer.java:start(159)) - RPC server for Client  is listening at /0.0.0.0:41847
2019-10-07 23:30:13,028 [IPC Server Responder] INFO  ipc.Server (Server.java:run(1314)) - IPC Server Responder: starting
2019-10-07 23:30:13,028 [IPC Server listener on 41847] INFO  ipc.Server (Server.java:run(1153)) - IPC Server listener on 41847: starting
2019-10-07 23:30:13,033 [main] INFO  server.StorageContainerManager (StorageContainerManager.java:start(780)) - ScmBlockLocationProtocol RPC server is listening at /0.0.0.0:42172
2019-10-07 23:30:13,033 [main] INFO  server.SCMBlockProtocolServer (SCMBlockProtocolServer.java:start(146)) - RPC server for Block Protocol is listening at /0.0.0.0:42172
2019-10-07 23:30:13,034 [IPC Server Responder] INFO  ipc.Server (Server.java:run(1314)) - IPC Server Responder: starting
2019-10-07 23:30:13,034 [IPC Server listener on 42172] INFO  ipc.Server (Server.java:run(1153)) - IPC Server listener on 42172: starting
2019-10-07 23:30:13,038 [main] INFO  server.StorageContainerManager (StorageContainerManager.java:start(784)) - ScmDatanodeProtocl RPC server is listening at /0.0.0.0:39015
2019-10-07 23:30:13,038 [main] INFO  server.SCMDatanodeProtocolServer (SCMDatanodeProtocolServer.java:start(169)) - RPC server for DataNodes is listening at /0.0.0.0:39015
2019-10-07 23:30:13,039 [IPC Server Responder] INFO  ipc.Server (Server.java:run(1314)) - IPC Server Responder: starting
2019-10-07 23:30:13,040 [IPC Server listener on 39015] INFO  ipc.Server (Server.java:run(1153)) - IPC Server listener on 39015: starting
2019-10-07 23:30:13,044 [main] INFO  http.HttpServer2 (HttpServer2.java:bindListener(1191)) - Jetty bound to port 38203
2019-10-07 23:30:13,044 [main] INFO  server.Server (Server.java:doStart(351)) - jetty-9.3.25.v20180904, build timestamp: 2018-09-04T21:11:46Z, git hash: 3ce520221d0240229c862b122d2b06c12a625732
2019-10-07 23:30:13,046 [main] INFO  handler.ContextHandler (ContextHandler.java:doStart(781)) - Started o.e.j.s.ServletContextHandler@583fb274{/logs,file:///workdir/hadoop-ozone/integration-test/target/log,AVAILABLE}
2019-10-07 23:30:13,046 [main] INFO  handler.ContextHandler (ContextHandler.java:doStart(781)) - Started o.e.j.s.ServletContextHandler@1989e8c6{/static,file:///workdir/hadoop-ozone/integration-test/target/test-classes/webapps/static,AVAILABLE}
2019-10-07 23:30:13,050 [main] INFO  handler.ContextHandler (ContextHandler.java:doStart(781)) - Started o.e.j.w.WebAppContext@2693c618{/,file:///workdir/hadoop-ozone/integration-test/target/test-classes/webapps/scm/,AVAILABLE}{/scm}
2019-10-07 23:30:13,050 [main] INFO  server.AbstractConnector (AbstractConnector.java:doStart(278)) - Started ServerConnector@3443e476{HTTP/1.1,[http/1.1]}{0.0.0.0:38203}
2019-10-07 23:30:13,051 [main] INFO  server.Server (Server.java:doStart(419)) - Started @115004ms
2019-10-07 23:30:13,052 [main] WARN  impl.MetricsSystemImpl (MetricsSystemImpl.java:register(276)) - Sink prometheus already exists!
2019-10-07 23:30:13,052 [main] INFO  server.BaseHttpServer (BaseHttpServer.java:updateConnectorAddress(215)) - HTTP server of SCM is listening at http://0.0.0.0:38203
2019-10-07 23:30:13,054 [main] WARN  server.ServerUtils (ServerUtils.java:getDBPath(222)) - ozone.om.db.dirs is not configured. We recommend adding this setting. Falling back to ozone.metadata.dirs instead.
2019-10-07 23:30:13,054 [org.apache.hadoop.util.JvmPauseMonitor$Monitor@a6e4897] INFO  util.JvmPauseMonitor (JvmPauseMonitor.java:run(188)) - Starting JVM pause monitor
2019-10-07 23:30:13,067 [main] INFO  ha.OMHANodeDetails (OMHANodeDetails.java:loadOMHAConfig(190)) - Configuration either no ozone.om.address set. Falling back to the default OM address /127.0.0.1:0
2019-10-07 23:30:13,067 [main] INFO  ha.OMHANodeDetails (OMHANodeDetails.java:getOMNodeDetails(220)) - OM Service ID is not set. Setting it to the default ID: omServiceIdDefault
2019-10-07 23:30:13,067 [main] WARN  server.ServerUtils (ServerUtils.java:getDBPath(222)) - ozone.om.db.dirs is not configured. We recommend adding this setting. Falling back to ozone.metadata.dirs instead.
2019-10-07 23:30:13,068 [main] WARN  server.ServerUtils (ServerUtils.java:getDBPath(222)) - ozone.om.db.dirs is not configured. We recommend adding this setting. Falling back to ozone.metadata.dirs instead.
2019-10-07 23:30:13,074 [main] WARN  server.ServerUtils (ServerUtils.java:getDBPath(222)) - ozone.om.db.dirs is not configured. We recommend adding this setting. Falling back to ozone.metadata.dirs instead.
2019-10-07 23:30:13,074 [main] INFO  db.DBStoreBuilder (DBStoreBuilder.java:addTable(117)) - using custom profile for table: userTable
2019-10-07 23:30:13,074 [main] INFO  db.DBStoreBuilder (DBStoreBuilder.java:processTables(168)) - Using default column profile:DBProfile.DISK for Table:userTable
2019-10-07 23:30:13,075 [main] INFO  db.DBStoreBuilder (DBStoreBuilder.java:addTable(117)) - using custom profile for table: volumeTable
2019-10-07 23:30:13,075 [main] INFO  db.DBStoreBuilder (DBStoreBuilder.java:processTables(168)) - Using default column profile:DBProfile.DISK for Table:volumeTable
2019-10-07 23:30:13,075 [main] INFO  db.DBStoreBuilder (DBStoreBuilder.java:addTable(117)) - using custom profile for table: bucketTable
2019-10-07 23:30:13,075 [main] INFO  db.DBStoreBuilder (DBStoreBuilder.java:processTables(168)) - Using default column profile:DBProfile.DISK for Table:bucketTable
2019-10-07 23:30:13,075 [main] INFO  db.DBStoreBuilder (DBStoreBuilder.java:addTable(117)) - using custom profile for table: keyTable
2019-10-07 23:30:13,075 [main] INFO  db.DBStoreBuilder (DBStoreBuilder.java:processTables(168)) - Using default column profile:DBProfile.DISK for Table:keyTable
2019-10-07 23:30:13,076 [main] INFO  db.DBStoreBuilder (DBStoreBuilder.java:addTable(117)) - using custom profile for table: deletedTable
2019-10-07 23:30:13,076 [main] INFO  db.DBStoreBuilder (DBStoreBuilder.java:processTables(168)) - Using default column profile:DBProfile.DISK for Table:deletedTable
2019-10-07 23:30:13,076 [main] INFO  db.DBStoreBuilder (DBStoreBuilder.java:addTable(117)) - using custom profile for table: openKeyTable
2019-10-07 23:30:13,076 [main] INFO  db.DBStoreBuilder (DBStoreBuilder.java:processTables(168)) - Using default column profile:DBProfile.DISK for Table:openKeyTable
2019-10-07 23:30:13,076 [main] INFO  db.DBStoreBuilder (DBStoreBuilder.java:addTable(117)) - using custom profile for table: s3Table
2019-10-07 23:30:13,076 [main] INFO  db.DBStoreBuilder (DBStoreBuilder.java:processTables(168)) - Using default column profile:DBProfile.DISK for Table:s3Table
2019-10-07 23:30:13,077 [main] INFO  db.DBStoreBuilder (DBStoreBuilder.java:addTable(117)) - using custom profile for table: multipartInfoTable
2019-10-07 23:30:13,077 [main] INFO  db.DBStoreBuilder (DBStoreBuilder.java:processTables(168)) - Using default column profile:DBProfile.DISK for Table:multipartInfoTable
2019-10-07 23:30:13,077 [main] INFO  db.DBStoreBuilder (DBStoreBuilder.java:addTable(117)) - using custom profile for table: dTokenTable
2019-10-07 23:30:13,077 [main] INFO  db.DBStoreBuilder (DBStoreBuilder.java:processTables(168)) - Using default column profile:DBProfile.DISK for Table:dTokenTable
2019-10-07 23:30:13,077 [main] INFO  db.DBStoreBuilder (DBStoreBuilder.java:addTable(117)) - using custom profile for table: s3SecretTable
2019-10-07 23:30:13,077 [main] INFO  db.DBStoreBuilder (DBStoreBuilder.java:processTables(168)) - Using default column profile:DBProfile.DISK for Table:s3SecretTable
2019-10-07 23:30:13,078 [main] INFO  db.DBStoreBuilder (DBStoreBuilder.java:addTable(117)) - using custom profile for table: prefixTable
2019-10-07 23:30:13,078 [main] INFO  db.DBStoreBuilder (DBStoreBuilder.java:processTables(168)) - Using default column profile:DBProfile.DISK for Table:prefixTable
2019-10-07 23:30:13,078 [main] INFO  db.DBStoreBuilder (DBStoreBuilder.java:addTable(117)) - using custom profile for table: default
2019-10-07 23:30:13,078 [main] INFO  db.DBStoreBuilder (DBStoreBuilder.java:processTables(174)) - Using default column profile:DBProfile.DISK for Table:default
2019-10-07 23:30:13,078 [main] INFO  db.DBStoreBuilder (DBStoreBuilder.java:getDbProfile(205)) - Using default options. DBProfile.DISK
2019-10-07 23:30:13,787 [main] INFO  ipc.CallQueueManager (CallQueueManager.java:<init>(84)) - Using callQueue: class java.util.concurrent.LinkedBlockingQueue, queueCapacity: 2000, scheduler: class org.apache.hadoop.ipc.DefaultRpcScheduler, ipcBackoff: false.
2019-10-07 23:30:13,787 [Socket Reader #1 for port 36767] INFO  ipc.Server (Server.java:run(1074)) - Starting Socket Reader #1 for port 36767
2019-10-07 23:30:13,802 [main] INFO  om.OzoneManager (OzoneManager.java:start(1069)) - OzoneManager RPC server is listening at localhost/127.0.0.1:36767
2019-10-07 23:30:13,802 [main] INFO  impl.MetricsSystemImpl (MetricsSystemImpl.java:init(158)) - OzoneManager metrics system started (again)
2019-10-07 23:30:13,803 [IPC Server Responder] INFO  ipc.Server (Server.java:run(1314)) - IPC Server Responder: starting
2019-10-07 23:30:13,805 [IPC Server listener on 36767] INFO  ipc.Server (Server.java:run(1153)) - IPC Server listener on 36767: starting
2019-10-07 23:30:13,820 [main] INFO  hdfs.DFSUtil (DFSUtil.java:httpServerTemplateForNNAndJN(1641)) - Starting Web-server for ozoneManager at: http://0.0.0.0:0
2019-10-07 23:30:13,822 [main] INFO  server.AuthenticationFilter (AuthenticationFilter.java:constructSecretProvider(240)) - Unable to initialize FileSignerSecretProvider, falling back to use random secrets.
2019-10-07 23:30:13,822 [main] WARN  http.HttpRequestLog (HttpRequestLog.java:getRequestLog(97)) - Jetty request log can only be enabled using Log4j
2019-10-07 23:30:13,823 [main] INFO  http.HttpServer2 (HttpServer2.java:addGlobalFilter(975)) - Added global filter 'safety' (class=org.apache.hadoop.http.HttpServer2$QuotingInputFilter)
2019-10-07 23:30:13,824 [main] INFO  http.HttpServer2 (HttpServer2.java:addFilter(948)) - Added filter static_user_filter (class=org.apache.hadoop.http.lib.StaticUserWebFilter$StaticUserFilter) to context ozoneManager
2019-10-07 23:30:13,824 [main] INFO  http.HttpServer2 (HttpServer2.java:addFilter(958)) - Added filter static_user_filter (class=org.apache.hadoop.http.lib.StaticUserWebFilter$StaticUserFilter) to context logs
2019-10-07 23:30:13,824 [main] INFO  http.HttpServer2 (HttpServer2.java:addFilter(958)) - Added filter static_user_filter (class=org.apache.hadoop.http.lib.StaticUserWebFilter$StaticUserFilter) to context static
2019-10-07 23:30:13,825 [main] INFO  http.HttpServer2 (HttpServer2.java:bindListener(1191)) - Jetty bound to port 43461
2019-10-07 23:30:13,825 [main] INFO  server.Server (Server.java:doStart(351)) - jetty-9.3.25.v20180904, build timestamp: 2018-09-04T21:11:46Z, git hash: 3ce520221d0240229c862b122d2b06c12a625732
2019-10-07 23:30:13,827 [main] INFO  handler.ContextHandler (ContextHandler.java:doStart(781)) - Started o.e.j.s.ServletContextHandler@707ca986{/logs,file:///workdir/hadoop-ozone/integration-test/target/log,AVAILABLE}
2019-10-07 23:30:13,827 [main] INFO  handler.ContextHandler (ContextHandler.java:doStart(781)) - Started o.e.j.s.ServletContextHandler@183ade54{/static,file:///workdir/hadoop-ozone/integration-test/target/test-classes/webapps/static,AVAILABLE}
2019-10-07 23:30:13,831 [main] INFO  handler.ContextHandler (ContextHandler.java:doStart(781)) - Started o.e.j.w.WebAppContext@51efb731{/,file:///workdir/hadoop-ozone/integration-test/target/test-classes/webapps/ozoneManager/,AVAILABLE}{/ozoneManager}
2019-10-07 23:30:13,831 [main] INFO  server.AbstractConnector (AbstractConnector.java:doStart(278)) - Started ServerConnector@53940e2f{HTTP/1.1,[http/1.1]}{0.0.0.0:43461}
2019-10-07 23:30:13,833 [main] INFO  server.Server (Server.java:doStart(419)) - Started @115785ms
2019-10-07 23:30:13,833 [main] WARN  impl.MetricsSystemImpl (MetricsSystemImpl.java:register(276)) - Sink prometheus already exists!
2019-10-07 23:30:13,834 [main] INFO  server.BaseHttpServer (BaseHttpServer.java:updateConnectorAddress(215)) - HTTP server of OZONEMANAGER is listening at http://0.0.0.0:43461
2019-10-07 23:30:13,862 [main] INFO  impl.MetricsSystemImpl (MetricsSystemImpl.java:init(158)) - HddsDatanode metrics system started (again)
2019-10-07 23:30:13,866 [main] INFO  ozone.HddsDatanodeService (HddsDatanodeService.java:start(184)) - HddsDatanodeService host:pr-hdds-1868-k864b-3611000933 ip:192.168.151.75
2019-10-07 23:30:13,873 [main] INFO  volume.HddsVolume (HddsVolume.java:<init>(176)) - Creating Volume: /workdir/hadoop-ozone/integration-test/target/test-dir/MiniOzoneClusterImpl-5e9621be-c945-401e-a048-ea7290b0a7f2/datanode-0/data/containers/hdds of  storage type : DISK and capacity : 1482555576320
2019-10-07 23:30:13,873 [main] INFO  volume.VolumeSet (VolumeSet.java:initializeVolumeSet(170)) - Added Volume : /workdir/hadoop-ozone/integration-test/target/test-dir/MiniOzoneClusterImpl-5e9621be-c945-401e-a048-ea7290b0a7f2/datanode-0/data/containers/hdds to VolumeSet
2019-10-07 23:30:13,874 [main] INFO  volume.ThrottledAsyncChecker (ThrottledAsyncChecker.java:schedule(139)) - Scheduling a check for org.apache.hadoop.ozone.container.common.volume.HddsVolume@4cc65c2
2019-10-07 23:30:13,875 [main] INFO  volume.HddsVolumeChecker (HddsVolumeChecker.java:checkAllVolumes(202)) - Scheduled health check for volume org.apache.hadoop.ozone.container.common.volume.HddsVolume@4cc65c2
2019-10-07 23:30:13,890 [main] INFO  impl.RaftServerProxy (ConfUtils.java:logGet(43)) - raft.rpc.type = GRPC (default)
2019-10-07 23:30:13,891 [main] INFO  grpc.GrpcFactory (GrpcFactory.java:checkPooledByteBufAllocatorUseCacheForAllThreads(45)) - PERFORMANCE WARNING: useCacheForAllThreads is true that may cause Netty to create a lot garbage objects and, as a result, trigger GC.
	It is recommended to disable useCacheForAllThreads by setting -Dorg.apache.ratis.thirdparty.io.netty.allocator.useCacheForAllThreads=false in command line.
2019-10-07 23:30:13,891 [main] INFO  grpc.GrpcConfigKeys$Server (ConfUtils.java:logGet(43)) - raft.grpc.server.port = 0 (default)
2019-10-07 23:30:13,891 [main] INFO  server.GrpcService (ConfUtils.java:logGet(43)) - raft.grpc.message.size.max = 33570816 (custom)
2019-10-07 23:30:13,892 [main] INFO  server.RaftServerConfigKeys (ConfUtils.java:logGet(43)) - raft.server.log.appender.buffer.byte-limit = 33554432 (custom)
2019-10-07 23:30:13,892 [main] INFO  server.GrpcService (ConfUtils.java:logGet(43)) - raft.grpc.flow.control.window = 1MB (=1048576) (default)
2019-10-07 23:30:13,892 [main] INFO  server.RaftServerConfigKeys (ConfUtils.java:logGet(43)) - raft.server.rpc.request.timeout = 3000ms (default)
2019-10-07 23:30:13,893 [main] INFO  server.RaftServerConfigKeys (ConfUtils.java:logGet(43)) - raft.server.storage.dir = [/workdir/hadoop-ozone/integration-test/target/test-dir/MiniOzoneClusterImpl-5e9621be-c945-401e-a048-ea7290b0a7f2/datanode-0/data/ratis] (custom)
2019-10-07 23:30:13,894 [main] INFO  hdfs.DFSUtil (DFSUtil.java:httpServerTemplateForNNAndJN(1641)) - Starting Web-server for hddsDatanode at: http://0.0.0.0:0
2019-10-07 23:30:13,900 [main] INFO  server.AuthenticationFilter (AuthenticationFilter.java:constructSecretProvider(240)) - Unable to initialize FileSignerSecretProvider, falling back to use random secrets.
2019-10-07 23:30:13,900 [main] WARN  http.HttpRequestLog (HttpRequestLog.java:getRequestLog(97)) - Jetty request log can only be enabled using Log4j
2019-10-07 23:30:13,902 [main] INFO  http.HttpServer2 (HttpServer2.java:addGlobalFilter(975)) - Added global filter 'safety' (class=org.apache.hadoop.http.HttpServer2$QuotingInputFilter)
2019-10-07 23:30:13,902 [main] INFO  http.HttpServer2 (HttpServer2.java:addFilter(948)) - Added filter static_user_filter (class=org.apache.hadoop.http.lib.StaticUserWebFilter$StaticUserFilter) to context hddsDatanode
2019-10-07 23:30:13,902 [main] INFO  http.HttpServer2 (HttpServer2.java:addFilter(958)) - Added filter static_user_filter (class=org.apache.hadoop.http.lib.StaticUserWebFilter$StaticUserFilter) to context logs
2019-10-07 23:30:13,903 [main] INFO  http.HttpServer2 (HttpServer2.java:addFilter(958)) - Added filter static_user_filter (class=org.apache.hadoop.http.lib.StaticUserWebFilter$StaticUserFilter) to context static
2019-10-07 23:30:13,903 [main] INFO  http.HttpServer2 (HttpServer2.java:bindListener(1191)) - Jetty bound to port 43570
2019-10-07 23:30:13,904 [main] INFO  server.Server (Server.java:doStart(351)) - jetty-9.3.25.v20180904, build timestamp: 2018-09-04T21:11:46Z, git hash: 3ce520221d0240229c862b122d2b06c12a625732
2019-10-07 23:30:13,906 [main] INFO  handler.ContextHandler (ContextHandler.java:doStart(781)) - Started o.e.j.s.ServletContextHandler@6418e39e{/logs,file:///workdir/hadoop-ozone/integration-test/target/log,AVAILABLE}
2019-10-07 23:30:13,906 [main] INFO  handler.ContextHandler (ContextHandler.java:doStart(781)) - Started o.e.j.s.ServletContextHandler@1da1380b{/static,jar:file:/home/user/.m2/repository/org/apache/hadoop/hadoop-hdds-container-service/0.5.0-SNAPSHOT/hadoop-hdds-container-service-0.5.0-SNAPSHOT.jar!/webapps/static,AVAILABLE}
2019-10-07 23:30:13,942 [main] INFO  handler.ContextHandler (ContextHandler.java:doStart(781)) - Started o.e.j.w.WebAppContext@5482bcac{/,file:///tmp/jetty-0.0.0.0-43570-hddsDatanode-_-any-5085452138300255718.dir/webapp/,AVAILABLE}{/hddsDatanode}
2019-10-07 23:30:13,942 [main] INFO  server.AbstractConnector (AbstractConnector.java:doStart(278)) - Started ServerConnector@10244722{HTTP/1.1,[http/1.1]}{0.0.0.0:43570}
2019-10-07 23:30:13,947 [main] INFO  server.Server (Server.java:doStart(419)) - Started @115899ms
2019-10-07 23:30:13,947 [main] WARN  impl.MetricsSystemImpl (MetricsSystemImpl.java:register(276)) - Sink prometheus already exists!
2019-10-07 23:30:13,948 [main] INFO  server.BaseHttpServer (BaseHttpServer.java:updateConnectorAddress(215)) - HTTP server of HDDSDATANODE is listening at http://0.0.0.0:43570
2019-10-07 23:30:13,949 [main] INFO  impl.MetricsSystemImpl (MetricsSystemImpl.java:init(158)) - HddsDatanode metrics system started (again)
2019-10-07 23:30:13,951 [org.apache.hadoop.util.JvmPauseMonitor$Monitor@415e93bc] INFO  util.JvmPauseMonitor (JvmPauseMonitor.java:run(188)) - Starting JVM pause monitor
2019-10-07 23:30:13,953 [main] INFO  ozone.HddsDatanodeService (HddsDatanodeService.java:start(184)) - HddsDatanodeService host:pr-hdds-1868-k864b-3611000933 ip:192.168.151.75
2019-10-07 23:30:13,954 [Datanode State Machine Thread - 0] INFO  datanode.InitDatanodeState (InitDatanodeState.java:persistContainerDatanodeDetails(140)) - DatanodeDetails is persisted to /workdir/hadoop-ozone/integration-test/target/test-dir/MiniOzoneClusterImpl-5e9621be-c945-401e-a048-ea7290b0a7f2/datanode-0/meta/datanode.id
2019-10-07 23:30:13,959 [main] INFO  volume.HddsVolume (HddsVolume.java:<init>(176)) - Creating Volume: /workdir/hadoop-ozone/integration-test/target/test-dir/MiniOzoneClusterImpl-5e9621be-c945-401e-a048-ea7290b0a7f2/datanode-1/data/containers/hdds of  storage type : DISK and capacity : 1482555576320
2019-10-07 23:30:13,959 [main] INFO  volume.VolumeSet (VolumeSet.java:initializeVolumeSet(170)) - Added Volume : /workdir/hadoop-ozone/integration-test/target/test-dir/MiniOzoneClusterImpl-5e9621be-c945-401e-a048-ea7290b0a7f2/datanode-1/data/containers/hdds to VolumeSet
2019-10-07 23:30:13,959 [main] INFO  volume.ThrottledAsyncChecker (ThrottledAsyncChecker.java:schedule(139)) - Scheduling a check for org.apache.hadoop.ozone.container.common.volume.HddsVolume@8aeab9e
2019-10-07 23:30:13,960 [main] INFO  volume.HddsVolumeChecker (HddsVolumeChecker.java:checkAllVolumes(202)) - Scheduled health check for volume org.apache.hadoop.ozone.container.common.volume.HddsVolume@8aeab9e
2019-10-07 23:30:13,974 [main] INFO  impl.RaftServerProxy (ConfUtils.java:logGet(43)) - raft.rpc.type = GRPC (default)
2019-10-07 23:30:13,974 [main] INFO  grpc.GrpcFactory (GrpcFactory.java:checkPooledByteBufAllocatorUseCacheForAllThreads(45)) - PERFORMANCE WARNING: useCacheForAllThreads is true that may cause Netty to create a lot garbage objects and, as a result, trigger GC.
	It is recommended to disable useCacheForAllThreads by setting -Dorg.apache.ratis.thirdparty.io.netty.allocator.useCacheForAllThreads=false in command line.
2019-10-07 23:30:13,974 [main] INFO  grpc.GrpcConfigKeys$Server (ConfUtils.java:logGet(43)) - raft.grpc.server.port = 0 (default)
2019-10-07 23:30:13,975 [main] INFO  server.GrpcService (ConfUtils.java:logGet(43)) - raft.grpc.message.size.max = 33570816 (custom)
2019-10-07 23:30:13,975 [main] INFO  server.RaftServerConfigKeys (ConfUtils.java:logGet(43)) - raft.server.log.appender.buffer.byte-limit = 33554432 (custom)
2019-10-07 23:30:13,975 [main] INFO  server.GrpcService (ConfUtils.java:logGet(43)) - raft.grpc.flow.control.window = 1MB (=1048576) (default)
2019-10-07 23:30:13,975 [main] INFO  server.RaftServerConfigKeys (ConfUtils.java:logGet(43)) - raft.server.rpc.request.timeout = 3000ms (default)
2019-10-07 23:30:13,976 [main] INFO  server.RaftServerConfigKeys (ConfUtils.java:logGet(43)) - raft.server.storage.dir = [/workdir/hadoop-ozone/integration-test/target/test-dir/MiniOzoneClusterImpl-5e9621be-c945-401e-a048-ea7290b0a7f2/datanode-1/data/ratis] (custom)
2019-10-07 23:30:13,978 [main] INFO  hdfs.DFSUtil (DFSUtil.java:httpServerTemplateForNNAndJN(1641)) - Starting Web-server for hddsDatanode at: http://0.0.0.0:0
2019-10-07 23:30:13,980 [main] INFO  server.AuthenticationFilter (AuthenticationFilter.java:constructSecretProvider(240)) - Unable to initialize FileSignerSecretProvider, falling back to use random secrets.
2019-10-07 23:30:13,980 [main] WARN  http.HttpRequestLog (HttpRequestLog.java:getRequestLog(97)) - Jetty request log can only be enabled using Log4j
2019-10-07 23:30:13,981 [main] INFO  http.HttpServer2 (HttpServer2.java:addGlobalFilter(975)) - Added global filter 'safety' (class=org.apache.hadoop.http.HttpServer2$QuotingInputFilter)
2019-10-07 23:30:13,982 [main] INFO  http.HttpServer2 (HttpServer2.java:addFilter(948)) - Added filter static_user_filter (class=org.apache.hadoop.http.lib.StaticUserWebFilter$StaticUserFilter) to context hddsDatanode
2019-10-07 23:30:13,982 [main] INFO  http.HttpServer2 (HttpServer2.java:addFilter(958)) - Added filter static_user_filter (class=org.apache.hadoop.http.lib.StaticUserWebFilter$StaticUserFilter) to context static
2019-10-07 23:30:13,982 [main] INFO  http.HttpServer2 (HttpServer2.java:addFilter(958)) - Added filter static_user_filter (class=org.apache.hadoop.http.lib.StaticUserWebFilter$StaticUserFilter) to context logs
2019-10-07 23:30:13,983 [main] INFO  http.HttpServer2 (HttpServer2.java:bindListener(1191)) - Jetty bound to port 41693
2019-10-07 23:30:13,983 [main] INFO  server.Server (Server.java:doStart(351)) - jetty-9.3.25.v20180904, build timestamp: 2018-09-04T21:11:46Z, git hash: 3ce520221d0240229c862b122d2b06c12a625732
2019-10-07 23:30:13,985 [main] INFO  handler.ContextHandler (ContextHandler.java:doStart(781)) - Started o.e.j.s.ServletContextHandler@ea04cab{/logs,file:///workdir/hadoop-ozone/integration-test/target/log,AVAILABLE}
2019-10-07 23:30:13,985 [main] INFO  handler.ContextHandler (ContextHandler.java:doStart(781)) - Started o.e.j.s.ServletContextHandler@5a90265a{/static,jar:file:/home/user/.m2/repository/org/apache/hadoop/hadoop-hdds-container-service/0.5.0-SNAPSHOT/hadoop-hdds-container-service-0.5.0-SNAPSHOT.jar!/webapps/static,AVAILABLE}
2019-10-07 23:30:14,014 [main] INFO  handler.ContextHandler (ContextHandler.java:doStart(781)) - Started o.e.j.w.WebAppContext@77f4c040{/,file:///tmp/jetty-0.0.0.0-41693-hddsDatanode-_-any-2901897456115883999.dir/webapp/,AVAILABLE}{/hddsDatanode}
2019-10-07 23:30:14,015 [main] INFO  server.AbstractConnector (AbstractConnector.java:doStart(278)) - Started ServerConnector@606a1bc4{HTTP/1.1,[http/1.1]}{0.0.0.0:41693}
2019-10-07 23:30:14,016 [main] INFO  server.Server (Server.java:doStart(419)) - Started @115968ms
2019-10-07 23:30:14,016 [main] WARN  impl.MetricsSystemImpl (MetricsSystemImpl.java:register(276)) - Sink prometheus already exists!
2019-10-07 23:30:14,017 [main] INFO  server.BaseHttpServer (BaseHttpServer.java:updateConnectorAddress(215)) - HTTP server of HDDSDATANODE is listening at http://0.0.0.0:41693
2019-10-07 23:30:14,017 [main] INFO  impl.MetricsSystemImpl (MetricsSystemImpl.java:init(158)) - HddsDatanode metrics system started (again)
2019-10-07 23:30:14,020 [org.apache.hadoop.util.JvmPauseMonitor$Monitor@390ec4aa] INFO  util.JvmPauseMonitor (JvmPauseMonitor.java:run(188)) - Starting JVM pause monitor
2019-10-07 23:30:14,021 [main] INFO  ozone.HddsDatanodeService (HddsDatanodeService.java:start(184)) - HddsDatanodeService host:pr-hdds-1868-k864b-3611000933 ip:192.168.151.75
2019-10-07 23:30:14,023 [Datanode State Machine Thread - 0] INFO  datanode.InitDatanodeState (InitDatanodeState.java:persistContainerDatanodeDetails(140)) - DatanodeDetails is persisted to /workdir/hadoop-ozone/integration-test/target/test-dir/MiniOzoneClusterImpl-5e9621be-c945-401e-a048-ea7290b0a7f2/datanode-1/meta/datanode.id
2019-10-07 23:30:14,027 [main] INFO  volume.HddsVolume (HddsVolume.java:<init>(176)) - Creating Volume: /workdir/hadoop-ozone/integration-test/target/test-dir/MiniOzoneClusterImpl-5e9621be-c945-401e-a048-ea7290b0a7f2/datanode-2/data/containers/hdds of  storage type : DISK and capacity : 1482555576320
2019-10-07 23:30:14,027 [main] INFO  volume.VolumeSet (VolumeSet.java:initializeVolumeSet(170)) - Added Volume : /workdir/hadoop-ozone/integration-test/target/test-dir/MiniOzoneClusterImpl-5e9621be-c945-401e-a048-ea7290b0a7f2/datanode-2/data/containers/hdds to VolumeSet
2019-10-07 23:30:14,027 [main] INFO  volume.ThrottledAsyncChecker (ThrottledAsyncChecker.java:schedule(139)) - Scheduling a check for org.apache.hadoop.ozone.container.common.volume.HddsVolume@6ecc02bb
2019-10-07 23:30:14,028 [main] INFO  volume.HddsVolumeChecker (HddsVolumeChecker.java:checkAllVolumes(202)) - Scheduled health check for volume org.apache.hadoop.ozone.container.common.volume.HddsVolume@6ecc02bb
2019-10-07 23:30:14,042 [main] INFO  impl.RaftServerProxy (ConfUtils.java:logGet(43)) - raft.rpc.type = GRPC (default)
2019-10-07 23:30:14,042 [main] INFO  grpc.GrpcFactory (GrpcFactory.java:checkPooledByteBufAllocatorUseCacheForAllThreads(45)) - PERFORMANCE WARNING: useCacheForAllThreads is true that may cause Netty to create a lot garbage objects and, as a result, trigger GC.
	It is recommended to disable useCacheForAllThreads by setting -Dorg.apache.ratis.thirdparty.io.netty.allocator.useCacheForAllThreads=false in command line.
2019-10-07 23:30:14,042 [main] INFO  grpc.GrpcConfigKeys$Server (ConfUtils.java:logGet(43)) - raft.grpc.server.port = 0 (default)
2019-10-07 23:30:14,042 [main] INFO  server.GrpcService (ConfUtils.java:logGet(43)) - raft.grpc.message.size.max = 33570816 (custom)
2019-10-07 23:30:14,042 [main] INFO  server.RaftServerConfigKeys (ConfUtils.java:logGet(43)) - raft.server.log.appender.buffer.byte-limit = 33554432 (custom)
2019-10-07 23:30:14,043 [main] INFO  server.GrpcService (ConfUtils.java:logGet(43)) - raft.grpc.flow.control.window = 1MB (=1048576) (default)
2019-10-07 23:30:14,043 [main] INFO  server.RaftServerConfigKeys (ConfUtils.java:logGet(43)) - raft.server.rpc.request.timeout = 3000ms (default)
2019-10-07 23:30:14,043 [main] INFO  server.RaftServerConfigKeys (ConfUtils.java:logGet(43)) - raft.server.storage.dir = [/workdir/hadoop-ozone/integration-test/target/test-dir/MiniOzoneClusterImpl-5e9621be-c945-401e-a048-ea7290b0a7f2/datanode-2/data/ratis] (custom)
2019-10-07 23:30:14,044 [main] INFO  hdfs.DFSUtil (DFSUtil.java:httpServerTemplateForNNAndJN(1641)) - Starting Web-server for hddsDatanode at: http://0.0.0.0:0
2019-10-07 23:30:14,046 [main] INFO  server.AuthenticationFilter (AuthenticationFilter.java:constructSecretProvider(240)) - Unable to initialize FileSignerSecretProvider, falling back to use random secrets.
2019-10-07 23:30:14,046 [main] WARN  http.HttpRequestLog (HttpRequestLog.java:getRequestLog(97)) - Jetty request log can only be enabled using Log4j
2019-10-07 23:30:14,047 [main] INFO  http.HttpServer2 (HttpServer2.java:addGlobalFilter(975)) - Added global filter 'safety' (class=org.apache.hadoop.http.HttpServer2$QuotingInputFilter)
2019-10-07 23:30:14,048 [main] INFO  http.HttpServer2 (HttpServer2.java:addFilter(948)) - Added filter static_user_filter (class=org.apache.hadoop.http.lib.StaticUserWebFilter$StaticUserFilter) to context hddsDatanode
2019-10-07 23:30:14,048 [main] INFO  http.HttpServer2 (HttpServer2.java:addFilter(958)) - Added filter static_user_filter (class=org.apache.hadoop.http.lib.StaticUserWebFilter$StaticUserFilter) to context logs
2019-10-07 23:30:14,048 [main] INFO  http.HttpServer2 (HttpServer2.java:addFilter(958)) - Added filter static_user_filter (class=org.apache.hadoop.http.lib.StaticUserWebFilter$StaticUserFilter) to context static
2019-10-07 23:30:14,049 [main] INFO  http.HttpServer2 (HttpServer2.java:bindListener(1191)) - Jetty bound to port 36436
2019-10-07 23:30:14,049 [main] INFO  server.Server (Server.java:doStart(351)) - jetty-9.3.25.v20180904, build timestamp: 2018-09-04T21:11:46Z, git hash: 3ce520221d0240229c862b122d2b06c12a625732
2019-10-07 23:30:14,051 [main] INFO  handler.ContextHandler (ContextHandler.java:doStart(781)) - Started o.e.j.s.ServletContextHandler@5ff00507{/logs,file:///workdir/hadoop-ozone/integration-test/target/log,AVAILABLE}
2019-10-07 23:30:14,051 [main] INFO  handler.ContextHandler (ContextHandler.java:doStart(781)) - Started o.e.j.s.ServletContextHandler@67fa5045{/static,jar:file:/home/user/.m2/repository/org/apache/hadoop/hadoop-hdds-container-service/0.5.0-SNAPSHOT/hadoop-hdds-container-service-0.5.0-SNAPSHOT.jar!/webapps/static,AVAILABLE}
2019-10-07 23:30:14,080 [main] INFO  handler.ContextHandler (ContextHandler.java:doStart(781)) - Started o.e.j.w.WebAppContext@5d7d8613{/,file:///tmp/jetty-0.0.0.0-36436-hddsDatanode-_-any-4607827193245247892.dir/webapp/,AVAILABLE}{/hddsDatanode}
2019-10-07 23:30:14,081 [main] INFO  server.AbstractConnector (AbstractConnector.java:doStart(278)) - Started ServerConnector@6eb089e6{HTTP/1.1,[http/1.1]}{0.0.0.0:36436}
2019-10-07 23:30:14,082 [main] INFO  server.Server (Server.java:doStart(419)) - Started @116035ms
2019-10-07 23:30:14,083 [main] WARN  impl.MetricsSystemImpl (MetricsSystemImpl.java:register(276)) - Sink prometheus already exists!
2019-10-07 23:30:14,083 [main] INFO  server.BaseHttpServer (BaseHttpServer.java:updateConnectorAddress(215)) - HTTP server of HDDSDATANODE is listening at http://0.0.0.0:36436
2019-10-07 23:30:14,084 [main] INFO  impl.MetricsSystemImpl (MetricsSystemImpl.java:init(158)) - HddsDatanode metrics system started (again)
2019-10-07 23:30:14,087 [org.apache.hadoop.util.JvmPauseMonitor$Monitor@63e3c1d7] INFO  util.JvmPauseMonitor (JvmPauseMonitor.java:run(188)) - Starting JVM pause monitor
2019-10-07 23:30:14,087 [main] INFO  ozone.HddsDatanodeService (HddsDatanodeService.java:start(184)) - HddsDatanodeService host:pr-hdds-1868-k864b-3611000933 ip:192.168.151.75
2019-10-07 23:30:14,089 [Datanode State Machine Thread - 0] INFO  datanode.InitDatanodeState (InitDatanodeState.java:persistContainerDatanodeDetails(140)) - DatanodeDetails is persisted to /workdir/hadoop-ozone/integration-test/target/test-dir/MiniOzoneClusterImpl-5e9621be-c945-401e-a048-ea7290b0a7f2/datanode-2/meta/datanode.id
2019-10-07 23:30:14,094 [main] INFO  volume.HddsVolume (HddsVolume.java:<init>(176)) - Creating Volume: /workdir/hadoop-ozone/integration-test/target/test-dir/MiniOzoneClusterImpl-5e9621be-c945-401e-a048-ea7290b0a7f2/datanode-3/data/containers/hdds of  storage type : DISK and capacity : 1482555576320
2019-10-07 23:30:14,094 [main] INFO  volume.VolumeSet (VolumeSet.java:initializeVolumeSet(170)) - Added Volume : /workdir/hadoop-ozone/integration-test/target/test-dir/MiniOzoneClusterImpl-5e9621be-c945-401e-a048-ea7290b0a7f2/datanode-3/data/containers/hdds to VolumeSet
2019-10-07 23:30:14,094 [main] INFO  volume.ThrottledAsyncChecker (ThrottledAsyncChecker.java:schedule(139)) - Scheduling a check for org.apache.hadoop.ozone.container.common.volume.HddsVolume@7fda2001
2019-10-07 23:30:14,095 [main] INFO  volume.HddsVolumeChecker (HddsVolumeChecker.java:checkAllVolumes(202)) - Scheduled health check for volume org.apache.hadoop.ozone.container.common.volume.HddsVolume@7fda2001
2019-10-07 23:30:14,109 [main] INFO  impl.RaftServerProxy (ConfUtils.java:logGet(43)) - raft.rpc.type = GRPC (default)
2019-10-07 23:30:14,109 [main] INFO  grpc.GrpcFactory (GrpcFactory.java:checkPooledByteBufAllocatorUseCacheForAllThreads(45)) - PERFORMANCE WARNING: useCacheForAllThreads is true that may cause Netty to create a lot garbage objects and, as a result, trigger GC.
	It is recommended to disable useCacheForAllThreads by setting -Dorg.apache.ratis.thirdparty.io.netty.allocator.useCacheForAllThreads=false in command line.
2019-10-07 23:30:14,109 [main] INFO  grpc.GrpcConfigKeys$Server (ConfUtils.java:logGet(43)) - raft.grpc.server.port = 0 (default)
2019-10-07 23:30:14,109 [main] INFO  server.GrpcService (ConfUtils.java:logGet(43)) - raft.grpc.message.size.max = 33570816 (custom)
2019-10-07 23:30:14,109 [main] INFO  server.RaftServerConfigKeys (ConfUtils.java:logGet(43)) - raft.server.log.appender.buffer.byte-limit = 33554432 (custom)
2019-10-07 23:30:14,109 [main] INFO  server.GrpcService (ConfUtils.java:logGet(43)) - raft.grpc.flow.control.window = 1MB (=1048576) (default)
2019-10-07 23:30:14,110 [main] INFO  server.RaftServerConfigKeys (ConfUtils.java:logGet(43)) - raft.server.rpc.request.timeout = 3000ms (default)
2019-10-07 23:30:14,110 [main] INFO  server.RaftServerConfigKeys (ConfUtils.java:logGet(43)) - raft.server.storage.dir = [/workdir/hadoop-ozone/integration-test/target/test-dir/MiniOzoneClusterImpl-5e9621be-c945-401e-a048-ea7290b0a7f2/datanode-3/data/ratis] (custom)
2019-10-07 23:30:14,111 [main] INFO  hdfs.DFSUtil (DFSUtil.java:httpServerTemplateForNNAndJN(1641)) - Starting Web-server for hddsDatanode at: http://0.0.0.0:0
2019-10-07 23:30:14,112 [main] INFO  server.AuthenticationFilter (AuthenticationFilter.java:constructSecretProvider(240)) - Unable to initialize FileSignerSecretProvider, falling back to use random secrets.
2019-10-07 23:30:14,113 [main] WARN  http.HttpRequestLog (HttpRequestLog.java:getRequestLog(97)) - Jetty request log can only be enabled using Log4j
2019-10-07 23:30:14,115 [main] INFO  http.HttpServer2 (HttpServer2.java:addGlobalFilter(975)) - Added global filter 'safety' (class=org.apache.hadoop.http.HttpServer2$QuotingInputFilter)
2019-10-07 23:30:14,115 [main] INFO  http.HttpServer2 (HttpServer2.java:addFilter(948)) - Added filter static_user_filter (class=org.apache.hadoop.http.lib.StaticUserWebFilter$StaticUserFilter) to context hddsDatanode
2019-10-07 23:30:14,115 [main] INFO  http.HttpServer2 (HttpServer2.java:addFilter(958)) - Added filter static_user_filter (class=org.apache.hadoop.http.lib.StaticUserWebFilter$StaticUserFilter) to context static
2019-10-07 23:30:14,116 [main] INFO  http.HttpServer2 (HttpServer2.java:addFilter(958)) - Added filter static_user_filter (class=org.apache.hadoop.http.lib.StaticUserWebFilter$StaticUserFilter) to context logs
2019-10-07 23:30:14,117 [main] INFO  http.HttpServer2 (HttpServer2.java:bindListener(1191)) - Jetty bound to port 33176
2019-10-07 23:30:14,117 [main] INFO  server.Server (Server.java:doStart(351)) - jetty-9.3.25.v20180904, build timestamp: 2018-09-04T21:11:46Z, git hash: 3ce520221d0240229c862b122d2b06c12a625732
2019-10-07 23:30:14,119 [main] INFO  handler.ContextHandler (ContextHandler.java:doStart(781)) - Started o.e.j.s.ServletContextHandler@18dd5ed3{/logs,file:///workdir/hadoop-ozone/integration-test/target/log,AVAILABLE}
2019-10-07 23:30:14,120 [main] INFO  handler.ContextHandler (ContextHandler.java:doStart(781)) - Started o.e.j.s.ServletContextHandler@24043ec5{/static,jar:file:/home/user/.m2/repository/org/apache/hadoop/hadoop-hdds-container-service/0.5.0-SNAPSHOT/hadoop-hdds-container-service-0.5.0-SNAPSHOT.jar!/webapps/static,AVAILABLE}
2019-10-07 23:30:14,148 [main] INFO  handler.ContextHandler (ContextHandler.java:doStart(781)) - Started o.e.j.w.WebAppContext@1e5eb20a{/,file:///tmp/jetty-0.0.0.0-33176-hddsDatanode-_-any-8703772190984889426.dir/webapp/,AVAILABLE}{/hddsDatanode}
2019-10-07 23:30:14,149 [main] INFO  server.AbstractConnector (AbstractConnector.java:doStart(278)) - Started ServerConnector@4538856f{HTTP/1.1,[http/1.1]}{0.0.0.0:33176}
2019-10-07 23:30:14,151 [main] INFO  server.Server (Server.java:doStart(419)) - Started @116103ms
2019-10-07 23:30:14,151 [main] WARN  impl.MetricsSystemImpl (MetricsSystemImpl.java:register(276)) - Sink prometheus already exists!
2019-10-07 23:30:14,152 [main] INFO  server.BaseHttpServer (BaseHttpServer.java:updateConnectorAddress(215)) - HTTP server of HDDSDATANODE is listening at http://0.0.0.0:33176
2019-10-07 23:30:14,152 [main] INFO  impl.MetricsSystemImpl (MetricsSystemImpl.java:init(158)) - HddsDatanode metrics system started (again)
2019-10-07 23:30:14,156 [org.apache.hadoop.util.JvmPauseMonitor$Monitor@39864edb] INFO  util.JvmPauseMonitor (JvmPauseMonitor.java:run(188)) - Starting JVM pause monitor
2019-10-07 23:30:14,156 [main] INFO  ozone.HddsDatanodeService (HddsDatanodeService.java:start(184)) - HddsDatanodeService host:pr-hdds-1868-k864b-3611000933 ip:192.168.151.75
2019-10-07 23:30:14,157 [Datanode State Machine Thread - 0] INFO  datanode.InitDatanodeState (InitDatanodeState.java:persistContainerDatanodeDetails(140)) - DatanodeDetails is persisted to /workdir/hadoop-ozone/integration-test/target/test-dir/MiniOzoneClusterImpl-5e9621be-c945-401e-a048-ea7290b0a7f2/datanode-3/meta/datanode.id
2019-10-07 23:30:14,170 [main] INFO  volume.HddsVolume (HddsVolume.java:<init>(176)) - Creating Volume: /workdir/hadoop-ozone/integration-test/target/test-dir/MiniOzoneClusterImpl-5e9621be-c945-401e-a048-ea7290b0a7f2/datanode-4/data/containers/hdds of  storage type : DISK and capacity : 1482555576320
2019-10-07 23:30:14,170 [main] INFO  volume.VolumeSet (VolumeSet.java:initializeVolumeSet(170)) - Added Volume : /workdir/hadoop-ozone/integration-test/target/test-dir/MiniOzoneClusterImpl-5e9621be-c945-401e-a048-ea7290b0a7f2/datanode-4/data/containers/hdds to VolumeSet
2019-10-07 23:30:14,170 [main] INFO  volume.ThrottledAsyncChecker (ThrottledAsyncChecker.java:schedule(139)) - Scheduling a check for org.apache.hadoop.ozone.container.common.volume.HddsVolume@7a1b8a46
2019-10-07 23:30:14,171 [main] INFO  volume.HddsVolumeChecker (HddsVolumeChecker.java:checkAllVolumes(202)) - Scheduled health check for volume org.apache.hadoop.ozone.container.common.volume.HddsVolume@7a1b8a46
2019-10-07 23:30:14,184 [main] INFO  impl.RaftServerProxy (ConfUtils.java:logGet(43)) - raft.rpc.type = GRPC (default)
2019-10-07 23:30:14,184 [main] INFO  grpc.GrpcFactory (GrpcFactory.java:checkPooledByteBufAllocatorUseCacheForAllThreads(45)) - PERFORMANCE WARNING: useCacheForAllThreads is true that may cause Netty to create a lot garbage objects and, as a result, trigger GC.
	It is recommended to disable useCacheForAllThreads by setting -Dorg.apache.ratis.thirdparty.io.netty.allocator.useCacheForAllThreads=false in command line.
2019-10-07 23:30:14,184 [main] INFO  grpc.GrpcConfigKeys$Server (ConfUtils.java:logGet(43)) - raft.grpc.server.port = 0 (default)
2019-10-07 23:30:14,185 [main] INFO  server.GrpcService (ConfUtils.java:logGet(43)) - raft.grpc.message.size.max = 33570816 (custom)
2019-10-07 23:30:14,185 [main] INFO  server.RaftServerConfigKeys (ConfUtils.java:logGet(43)) - raft.server.log.appender.buffer.byte-limit = 33554432 (custom)
2019-10-07 23:30:14,185 [main] INFO  server.GrpcService (ConfUtils.java:logGet(43)) - raft.grpc.flow.control.window = 1MB (=1048576) (default)
2019-10-07 23:30:14,185 [main] INFO  server.RaftServerConfigKeys (ConfUtils.java:logGet(43)) - raft.server.rpc.request.timeout = 3000ms (default)
2019-10-07 23:30:14,186 [main] INFO  server.RaftServerConfigKeys (ConfUtils.java:logGet(43)) - raft.server.storage.dir = [/workdir/hadoop-ozone/integration-test/target/test-dir/MiniOzoneClusterImpl-5e9621be-c945-401e-a048-ea7290b0a7f2/datanode-4/data/ratis] (custom)
2019-10-07 23:30:14,188 [main] INFO  hdfs.DFSUtil (DFSUtil.java:httpServerTemplateForNNAndJN(1641)) - Starting Web-server for hddsDatanode at: http://0.0.0.0:0
2019-10-07 23:30:14,189 [main] INFO  server.AuthenticationFilter (AuthenticationFilter.java:constructSecretProvider(240)) - Unable to initialize FileSignerSecretProvider, falling back to use random secrets.
2019-10-07 23:30:14,190 [main] WARN  http.HttpRequestLog (HttpRequestLog.java:getRequestLog(97)) - Jetty request log can only be enabled using Log4j
2019-10-07 23:30:14,191 [main] INFO  http.HttpServer2 (HttpServer2.java:addGlobalFilter(975)) - Added global filter 'safety' (class=org.apache.hadoop.http.HttpServer2$QuotingInputFilter)
2019-10-07 23:30:14,192 [main] INFO  http.HttpServer2 (HttpServer2.java:addFilter(948)) - Added filter static_user_filter (class=org.apache.hadoop.http.lib.StaticUserWebFilter$StaticUserFilter) to context hddsDatanode
2019-10-07 23:30:14,192 [main] INFO  http.HttpServer2 (HttpServer2.java:addFilter(958)) - Added filter static_user_filter (class=org.apache.hadoop.http.lib.StaticUserWebFilter$StaticUserFilter) to context static
2019-10-07 23:30:14,193 [main] INFO  http.HttpServer2 (HttpServer2.java:addFilter(958)) - Added filter static_user_filter (class=org.apache.hadoop.http.lib.StaticUserWebFilter$StaticUserFilter) to context logs
2019-10-07 23:30:14,193 [main] INFO  http.HttpServer2 (HttpServer2.java:bindListener(1191)) - Jetty bound to port 32938
2019-10-07 23:30:14,194 [main] INFO  server.Server (Server.java:doStart(351)) - jetty-9.3.25.v20180904, build timestamp: 2018-09-04T21:11:46Z, git hash: 3ce520221d0240229c862b122d2b06c12a625732
2019-10-07 23:30:14,196 [main] INFO  handler.ContextHandler (ContextHandler.java:doStart(781)) - Started o.e.j.s.ServletContextHandler@fd413fb{/logs,file:///workdir/hadoop-ozone/integration-test/target/log,AVAILABLE}
2019-10-07 23:30:14,196 [main] INFO  handler.ContextHandler (ContextHandler.java:doStart(781)) - Started o.e.j.s.ServletContextHandler@6f6efa4f{/static,jar:file:/home/user/.m2/repository/org/apache/hadoop/hadoop-hdds-container-service/0.5.0-SNAPSHOT/hadoop-hdds-container-service-0.5.0-SNAPSHOT.jar!/webapps/static,AVAILABLE}
2019-10-07 23:30:14,224 [main] INFO  handler.ContextHandler (ContextHandler.java:doStart(781)) - Started o.e.j.w.WebAppContext@4342c13{/,file:///tmp/jetty-0.0.0.0-32938-hddsDatanode-_-any-7704677601219529005.dir/webapp/,AVAILABLE}{/hddsDatanode}
2019-10-07 23:30:14,224 [main] INFO  server.AbstractConnector (AbstractConnector.java:doStart(278)) - Started ServerConnector@2ba1209b{HTTP/1.1,[http/1.1]}{0.0.0.0:32938}
2019-10-07 23:30:14,226 [main] INFO  server.Server (Server.java:doStart(419)) - Started @116179ms
2019-10-07 23:30:14,226 [main] WARN  impl.MetricsSystemImpl (MetricsSystemImpl.java:register(276)) - Sink prometheus already exists!
2019-10-07 23:30:14,227 [main] INFO  server.BaseHttpServer (BaseHttpServer.java:updateConnectorAddress(215)) - HTTP server of HDDSDATANODE is listening at http://0.0.0.0:32938
2019-10-07 23:30:14,227 [main] INFO  impl.MetricsSystemImpl (MetricsSystemImpl.java:init(158)) - HddsDatanode metrics system started (again)
2019-10-07 23:30:14,231 [org.apache.hadoop.util.JvmPauseMonitor$Monitor@55e2a506] INFO  util.JvmPauseMonitor (JvmPauseMonitor.java:run(188)) - Starting JVM pause monitor
2019-10-07 23:30:14,231 [main] INFO  ozone.HddsDatanodeService (HddsDatanodeService.java:start(184)) - HddsDatanodeService host:pr-hdds-1868-k864b-3611000933 ip:192.168.151.75
2019-10-07 23:30:14,233 [Datanode State Machine Thread - 0] INFO  datanode.InitDatanodeState (InitDatanodeState.java:persistContainerDatanodeDetails(140)) - DatanodeDetails is persisted to /workdir/hadoop-ozone/integration-test/target/test-dir/MiniOzoneClusterImpl-5e9621be-c945-401e-a048-ea7290b0a7f2/datanode-4/meta/datanode.id
2019-10-07 23:30:14,238 [main] INFO  volume.HddsVolume (HddsVolume.java:<init>(176)) - Creating Volume: /workdir/hadoop-ozone/integration-test/target/test-dir/MiniOzoneClusterImpl-5e9621be-c945-401e-a048-ea7290b0a7f2/datanode-5/data/containers/hdds of  storage type : DISK and capacity : 1482555576320
2019-10-07 23:30:14,238 [main] INFO  volume.VolumeSet (VolumeSet.java:initializeVolumeSet(170)) - Added Volume : /workdir/hadoop-ozone/integration-test/target/test-dir/MiniOzoneClusterImpl-5e9621be-c945-401e-a048-ea7290b0a7f2/datanode-5/data/containers/hdds to VolumeSet
2019-10-07 23:30:14,239 [main] INFO  volume.ThrottledAsyncChecker (ThrottledAsyncChecker.java:schedule(139)) - Scheduling a check for org.apache.hadoop.ozone.container.common.volume.HddsVolume@5d878b25
2019-10-07 23:30:14,239 [main] INFO  volume.HddsVolumeChecker (HddsVolumeChecker.java:checkAllVolumes(202)) - Scheduled health check for volume org.apache.hadoop.ozone.container.common.volume.HddsVolume@5d878b25
2019-10-07 23:30:14,253 [main] INFO  impl.RaftServerProxy (ConfUtils.java:logGet(43)) - raft.rpc.type = GRPC (default)
2019-10-07 23:30:14,254 [main] INFO  grpc.GrpcFactory (GrpcFactory.java:checkPooledByteBufAllocatorUseCacheForAllThreads(45)) - PERFORMANCE WARNING: useCacheForAllThreads is true that may cause Netty to create a lot garbage objects and, as a result, trigger GC.
	It is recommended to disable useCacheForAllThreads by setting -Dorg.apache.ratis.thirdparty.io.netty.allocator.useCacheForAllThreads=false in command line.
2019-10-07 23:30:14,254 [main] INFO  grpc.GrpcConfigKeys$Server (ConfUtils.java:logGet(43)) - raft.grpc.server.port = 0 (default)
2019-10-07 23:30:14,255 [main] INFO  server.GrpcService (ConfUtils.java:logGet(43)) - raft.grpc.message.size.max = 33570816 (custom)
2019-10-07 23:30:14,255 [main] INFO  server.RaftServerConfigKeys (ConfUtils.java:logGet(43)) - raft.server.log.appender.buffer.byte-limit = 33554432 (custom)
2019-10-07 23:30:14,255 [main] INFO  server.GrpcService (ConfUtils.java:logGet(43)) - raft.grpc.flow.control.window = 1MB (=1048576) (default)
2019-10-07 23:30:14,255 [main] INFO  server.RaftServerConfigKeys (ConfUtils.java:logGet(43)) - raft.server.rpc.request.timeout = 3000ms (default)
2019-10-07 23:30:14,256 [main] INFO  server.RaftServerConfigKeys (ConfUtils.java:logGet(43)) - raft.server.storage.dir = [/workdir/hadoop-ozone/integration-test/target/test-dir/MiniOzoneClusterImpl-5e9621be-c945-401e-a048-ea7290b0a7f2/datanode-5/data/ratis] (custom)
2019-10-07 23:30:14,257 [main] INFO  hdfs.DFSUtil (DFSUtil.java:httpServerTemplateForNNAndJN(1641)) - Starting Web-server for hddsDatanode at: http://0.0.0.0:0
2019-10-07 23:30:14,259 [main] INFO  server.AuthenticationFilter (AuthenticationFilter.java:constructSecretProvider(240)) - Unable to initialize FileSignerSecretProvider, falling back to use random secrets.
2019-10-07 23:30:14,259 [main] WARN  http.HttpRequestLog (HttpRequestLog.java:getRequestLog(97)) - Jetty request log can only be enabled using Log4j
2019-10-07 23:30:14,261 [main] INFO  http.HttpServer2 (HttpServer2.java:addGlobalFilter(975)) - Added global filter 'safety' (class=org.apache.hadoop.http.HttpServer2$QuotingInputFilter)
2019-10-07 23:30:14,261 [main] INFO  http.HttpServer2 (HttpServer2.java:addFilter(948)) - Added filter static_user_filter (class=org.apache.hadoop.http.lib.StaticUserWebFilter$StaticUserFilter) to context hddsDatanode
2019-10-07 23:30:14,262 [main] INFO  http.HttpServer2 (HttpServer2.java:addFilter(958)) - Added filter static_user_filter (class=org.apache.hadoop.http.lib.StaticUserWebFilter$StaticUserFilter) to context static
2019-10-07 23:30:14,262 [main] INFO  http.HttpServer2 (HttpServer2.java:addFilter(958)) - Added filter static_user_filter (class=org.apache.hadoop.http.lib.StaticUserWebFilter$StaticUserFilter) to context logs
2019-10-07 23:30:14,263 [main] INFO  http.HttpServer2 (HttpServer2.java:bindListener(1191)) - Jetty bound to port 45338
2019-10-07 23:30:14,263 [main] INFO  server.Server (Server.java:doStart(351)) - jetty-9.3.25.v20180904, build timestamp: 2018-09-04T21:11:46Z, git hash: 3ce520221d0240229c862b122d2b06c12a625732
2019-10-07 23:30:14,265 [main] INFO  handler.ContextHandler (ContextHandler.java:doStart(781)) - Started o.e.j.s.ServletContextHandler@7d4d8579{/logs,file:///workdir/hadoop-ozone/integration-test/target/log,AVAILABLE}
2019-10-07 23:30:14,266 [main] INFO  handler.ContextHandler (ContextHandler.java:doStart(781)) - Started o.e.j.s.ServletContextHandler@29bcf51d{/static,jar:file:/home/user/.m2/repository/org/apache/hadoop/hadoop-hdds-container-service/0.5.0-SNAPSHOT/hadoop-hdds-container-service-0.5.0-SNAPSHOT.jar!/webapps/static,AVAILABLE}
2019-10-07 23:30:14,294 [main] INFO  handler.ContextHandler (ContextHandler.java:doStart(781)) - Started o.e.j.w.WebAppContext@5403799b{/,file:///tmp/jetty-0.0.0.0-45338-hddsDatanode-_-any-6964517593896165478.dir/webapp/,AVAILABLE}{/hddsDatanode}
2019-10-07 23:30:14,294 [main] INFO  server.AbstractConnector (AbstractConnector.java:doStart(278)) - Started ServerConnector@5a0e0886{HTTP/1.1,[http/1.1]}{0.0.0.0:45338}
2019-10-07 23:30:14,296 [main] INFO  server.Server (Server.java:doStart(419)) - Started @116249ms
2019-10-07 23:30:14,297 [main] WARN  impl.MetricsSystemImpl (MetricsSystemImpl.java:register(276)) - Sink prometheus already exists!
2019-10-07 23:30:14,297 [main] INFO  server.BaseHttpServer (BaseHttpServer.java:updateConnectorAddress(215)) - HTTP server of HDDSDATANODE is listening at http://0.0.0.0:45338
2019-10-07 23:30:14,298 [main] INFO  impl.MetricsSystemImpl (MetricsSystemImpl.java:init(158)) - HddsDatanode metrics system started (again)
2019-10-07 23:30:14,302 [org.apache.hadoop.util.JvmPauseMonitor$Monitor@15241a26] INFO  util.JvmPauseMonitor (JvmPauseMonitor.java:run(188)) - Starting JVM pause monitor
2019-10-07 23:30:14,302 [main] INFO  ozone.HddsDatanodeService (HddsDatanodeService.java:start(184)) - HddsDatanodeService host:pr-hdds-1868-k864b-3611000933 ip:192.168.151.75
2019-10-07 23:30:14,304 [Datanode State Machine Thread - 0] INFO  datanode.InitDatanodeState (InitDatanodeState.java:persistContainerDatanodeDetails(140)) - DatanodeDetails is persisted to /workdir/hadoop-ozone/integration-test/target/test-dir/MiniOzoneClusterImpl-5e9621be-c945-401e-a048-ea7290b0a7f2/datanode-5/meta/datanode.id
2019-10-07 23:30:14,309 [main] INFO  volume.HddsVolume (HddsVolume.java:<init>(176)) - Creating Volume: /workdir/hadoop-ozone/integration-test/target/test-dir/MiniOzoneClusterImpl-5e9621be-c945-401e-a048-ea7290b0a7f2/datanode-6/data/containers/hdds of  storage type : DISK and capacity : 1482555576320
2019-10-07 23:30:14,309 [main] INFO  volume.VolumeSet (VolumeSet.java:initializeVolumeSet(170)) - Added Volume : /workdir/hadoop-ozone/integration-test/target/test-dir/MiniOzoneClusterImpl-5e9621be-c945-401e-a048-ea7290b0a7f2/datanode-6/data/containers/hdds to VolumeSet
2019-10-07 23:30:14,309 [main] INFO  volume.ThrottledAsyncChecker (ThrottledAsyncChecker.java:schedule(139)) - Scheduling a check for org.apache.hadoop.ozone.container.common.volume.HddsVolume@6b4125ed
2019-10-07 23:30:14,310 [main] INFO  volume.HddsVolumeChecker (HddsVolumeChecker.java:checkAllVolumes(202)) - Scheduled health check for volume org.apache.hadoop.ozone.container.common.volume.HddsVolume@6b4125ed
2019-10-07 23:30:14,323 [main] INFO  impl.RaftServerProxy (ConfUtils.java:logGet(43)) - raft.rpc.type = GRPC (default)
2019-10-07 23:30:14,323 [main] INFO  grpc.GrpcFactory (GrpcFactory.java:checkPooledByteBufAllocatorUseCacheForAllThreads(45)) - PERFORMANCE WARNING: useCacheForAllThreads is true that may cause Netty to create a lot garbage objects and, as a result, trigger GC.
	It is recommended to disable useCacheForAllThreads by setting -Dorg.apache.ratis.thirdparty.io.netty.allocator.useCacheForAllThreads=false in command line.
2019-10-07 23:30:14,324 [main] INFO  grpc.GrpcConfigKeys$Server (ConfUtils.java:logGet(43)) - raft.grpc.server.port = 0 (default)
2019-10-07 23:30:14,324 [main] INFO  server.GrpcService (ConfUtils.java:logGet(43)) - raft.grpc.message.size.max = 33570816 (custom)
2019-10-07 23:30:14,324 [main] INFO  server.RaftServerConfigKeys (ConfUtils.java:logGet(43)) - raft.server.log.appender.buffer.byte-limit = 33554432 (custom)
2019-10-07 23:30:14,324 [main] INFO  server.GrpcService (ConfUtils.java:logGet(43)) - raft.grpc.flow.control.window = 1MB (=1048576) (default)
2019-10-07 23:30:14,324 [main] INFO  server.RaftServerConfigKeys (ConfUtils.java:logGet(43)) - raft.server.rpc.request.timeout = 3000ms (default)
2019-10-07 23:30:14,325 [main] INFO  server.RaftServerConfigKeys (ConfUtils.java:logGet(43)) - raft.server.storage.dir = [/workdir/hadoop-ozone/integration-test/target/test-dir/MiniOzoneClusterImpl-5e9621be-c945-401e-a048-ea7290b0a7f2/datanode-6/data/ratis] (custom)
2019-10-07 23:30:14,326 [main] INFO  hdfs.DFSUtil (DFSUtil.java:httpServerTemplateForNNAndJN(1641)) - Starting Web-server for hddsDatanode at: http://0.0.0.0:0
2019-10-07 23:30:14,327 [main] INFO  server.AuthenticationFilter (AuthenticationFilter.java:constructSecretProvider(240)) - Unable to initialize FileSignerSecretProvider, falling back to use random secrets.
2019-10-07 23:30:14,328 [main] WARN  http.HttpRequestLog (HttpRequestLog.java:getRequestLog(97)) - Jetty request log can only be enabled using Log4j
2019-10-07 23:30:14,329 [main] INFO  http.HttpServer2 (HttpServer2.java:addGlobalFilter(975)) - Added global filter 'safety' (class=org.apache.hadoop.http.HttpServer2$QuotingInputFilter)
2019-10-07 23:30:14,329 [main] INFO  http.HttpServer2 (HttpServer2.java:addFilter(948)) - Added filter static_user_filter (class=org.apache.hadoop.http.lib.StaticUserWebFilter$StaticUserFilter) to context hddsDatanode
2019-10-07 23:30:14,329 [main] INFO  http.HttpServer2 (HttpServer2.java:addFilter(958)) - Added filter static_user_filter (class=org.apache.hadoop.http.lib.StaticUserWebFilter$StaticUserFilter) to context logs
2019-10-07 23:30:14,330 [main] INFO  http.HttpServer2 (HttpServer2.java:addFilter(958)) - Added filter static_user_filter (class=org.apache.hadoop.http.lib.StaticUserWebFilter$StaticUserFilter) to context static
2019-10-07 23:30:14,330 [main] INFO  http.HttpServer2 (HttpServer2.java:bindListener(1191)) - Jetty bound to port 44530
2019-10-07 23:30:14,330 [main] INFO  server.Server (Server.java:doStart(351)) - jetty-9.3.25.v20180904, build timestamp: 2018-09-04T21:11:46Z, git hash: 3ce520221d0240229c862b122d2b06c12a625732
2019-10-07 23:30:14,333 [main] INFO  handler.ContextHandler (ContextHandler.java:doStart(781)) - Started o.e.j.s.ServletContextHandler@322e49ee{/logs,file:///workdir/hadoop-ozone/integration-test/target/log,AVAILABLE}
2019-10-07 23:30:14,334 [main] INFO  handler.ContextHandler (ContextHandler.java:doStart(781)) - Started o.e.j.s.ServletContextHandler@648c5fb3{/static,jar:file:/home/user/.m2/repository/org/apache/hadoop/hadoop-hdds-container-service/0.5.0-SNAPSHOT/hadoop-hdds-container-service-0.5.0-SNAPSHOT.jar!/webapps/static,AVAILABLE}
2019-10-07 23:30:14,363 [main] INFO  handler.ContextHandler (ContextHandler.java:doStart(781)) - Started o.e.j.w.WebAppContext@12d2ddde{/,file:///tmp/jetty-0.0.0.0-44530-hddsDatanode-_-any-2826681410300041446.dir/webapp/,AVAILABLE}{/hddsDatanode}
2019-10-07 23:30:14,364 [main] INFO  server.AbstractConnector (AbstractConnector.java:doStart(278)) - Started ServerConnector@62b475e2{HTTP/1.1,[http/1.1]}{0.0.0.0:44530}
2019-10-07 23:30:14,365 [main] INFO  server.Server (Server.java:doStart(419)) - Started @116317ms
2019-10-07 23:30:14,365 [main] WARN  impl.MetricsSystemImpl (MetricsSystemImpl.java:register(276)) - Sink prometheus already exists!
2019-10-07 23:30:14,366 [main] INFO  server.BaseHttpServer (BaseHttpServer.java:updateConnectorAddress(215)) - HTTP server of HDDSDATANODE is listening at http://0.0.0.0:44530
2019-10-07 23:30:14,366 [main] INFO  ozone.MiniOzoneClusterImpl (MiniOzoneClusterImpl.java:lambda$waitForClusterToBeReady$2(172)) - Waiting for cluster to be ready. Got 0 of 7 DN Heartbeats.
2019-10-07 23:30:14,368 [org.apache.hadoop.util.JvmPauseMonitor$Monitor@6c995142] INFO  util.JvmPauseMonitor (JvmPauseMonitor.java:run(188)) - Starting JVM pause monitor
2019-10-07 23:30:14,369 [Datanode State Machine Thread - 0] INFO  datanode.InitDatanodeState (InitDatanodeState.java:persistContainerDatanodeDetails(140)) - DatanodeDetails is persisted to /workdir/hadoop-ozone/integration-test/target/test-dir/MiniOzoneClusterImpl-5e9621be-c945-401e-a048-ea7290b0a7f2/datanode-6/meta/datanode.id
2019-10-07 23:30:15,367 [main] INFO  ozone.MiniOzoneClusterImpl (MiniOzoneClusterImpl.java:lambda$waitForClusterToBeReady$2(172)) - Waiting for cluster to be ready. Got 0 of 7 DN Heartbeats.
2019-10-07 23:30:15,976 [Datanode State Machine Thread - 0] INFO  ozoneimpl.OzoneContainer (OzoneContainer.java:start(217)) - Attempting to start container services.
2019-10-07 23:30:15,977 [Datanode State Machine Thread - 0] INFO  ozoneimpl.OzoneContainer (OzoneContainer.java:startContainerScrub(179)) - Background container scanner has been disabled.
2019-10-07 23:30:15,977 [Datanode State Machine Thread - 0] INFO  ratis.XceiverServerRatis (XceiverServerRatis.java:start(425)) - Starting XceiverServerRatis e36e47e5-1e3f-4d48-932e-d6c9017affe3 at port 0
2019-10-07 23:30:15,983 [Datanode State Machine Thread - 0] INFO  impl.RaftServerProxy (RaftServerProxy.java:lambda$start$3(299)) - e36e47e5-1e3f-4d48-932e-d6c9017affe3: start RPC server
2019-10-07 23:30:15,985 [Datanode State Machine Thread - 0] INFO  server.GrpcService (GrpcService.java:startImpl(158)) - e36e47e5-1e3f-4d48-932e-d6c9017affe3: GrpcService started, listening on 0.0.0.0/0.0.0.0:33647
2019-10-07 23:30:15,985 [Datanode State Machine Thread - 0] INFO  ratis.XceiverServerRatis (XceiverServerRatis.java:start(435)) - XceiverServerRatis e36e47e5-1e3f-4d48-932e-d6c9017affe3 is started using port 33647
2019-10-07 23:30:15,987 [Datanode State Machine Thread - 0] INFO  server.XceiverServerGrpc (XceiverServerGrpc.java:start(149)) - XceiverServerGrpc e36e47e5-1e3f-4d48-932e-d6c9017affe3 is started using port 39520
2019-10-07 23:30:16,045 [Datanode State Machine Thread - 0] INFO  ozoneimpl.OzoneContainer (OzoneContainer.java:start(217)) - Attempting to start container services.
2019-10-07 23:30:16,047 [Datanode State Machine Thread - 0] INFO  ozoneimpl.OzoneContainer (OzoneContainer.java:startContainerScrub(179)) - Background container scanner has been disabled.
2019-10-07 23:30:16,048 [Datanode State Machine Thread - 0] INFO  ratis.XceiverServerRatis (XceiverServerRatis.java:start(425)) - Starting XceiverServerRatis f7b4c7ea-3575-41d6-9287-70bd6e3567dd at port 0
2019-10-07 23:30:16,056 [Datanode State Machine Thread - 0] INFO  impl.RaftServerProxy (RaftServerProxy.java:lambda$start$3(299)) - f7b4c7ea-3575-41d6-9287-70bd6e3567dd: start RPC server
2019-10-07 23:30:16,057 [Datanode State Machine Thread - 0] INFO  server.GrpcService (GrpcService.java:startImpl(158)) - f7b4c7ea-3575-41d6-9287-70bd6e3567dd: GrpcService started, listening on 0.0.0.0/0.0.0.0:35260
2019-10-07 23:30:16,057 [Datanode State Machine Thread - 0] INFO  ratis.XceiverServerRatis (XceiverServerRatis.java:start(435)) - XceiverServerRatis f7b4c7ea-3575-41d6-9287-70bd6e3567dd is started using port 35260
2019-10-07 23:30:16,058 [Datanode State Machine Thread - 0] INFO  server.XceiverServerGrpc (XceiverServerGrpc.java:start(149)) - XceiverServerGrpc f7b4c7ea-3575-41d6-9287-70bd6e3567dd is started using port 38662
2019-10-07 23:30:16,113 [Datanode State Machine Thread - 0] INFO  ozoneimpl.OzoneContainer (OzoneContainer.java:start(217)) - Attempting to start container services.
2019-10-07 23:30:16,113 [Datanode State Machine Thread - 0] INFO  ozoneimpl.OzoneContainer (OzoneContainer.java:startContainerScrub(179)) - Background container scanner has been disabled.
2019-10-07 23:30:16,113 [Datanode State Machine Thread - 0] INFO  ratis.XceiverServerRatis (XceiverServerRatis.java:start(425)) - Starting XceiverServerRatis 829bacd9-64a1-4193-8e1a-e4a73c9ba220 at port 0
2019-10-07 23:30:16,118 [Datanode State Machine Thread - 0] INFO  impl.RaftServerProxy (RaftServerProxy.java:lambda$start$3(299)) - 829bacd9-64a1-4193-8e1a-e4a73c9ba220: start RPC server
2019-10-07 23:30:16,119 [Datanode State Machine Thread - 0] INFO  server.GrpcService (GrpcService.java:startImpl(158)) - 829bacd9-64a1-4193-8e1a-e4a73c9ba220: GrpcService started, listening on 0.0.0.0/0.0.0.0:43193
2019-10-07 23:30:16,119 [Datanode State Machine Thread - 0] INFO  ratis.XceiverServerRatis (XceiverServerRatis.java:start(435)) - XceiverServerRatis 829bacd9-64a1-4193-8e1a-e4a73c9ba220 is started using port 43193
2019-10-07 23:30:16,119 [Datanode State Machine Thread - 0] INFO  server.XceiverServerGrpc (XceiverServerGrpc.java:start(149)) - XceiverServerGrpc 829bacd9-64a1-4193-8e1a-e4a73c9ba220 is started using port 43195
2019-10-07 23:30:16,169 [Datanode State Machine Thread - 0] INFO  ozoneimpl.OzoneContainer (OzoneContainer.java:start(217)) - Attempting to start container services.
2019-10-07 23:30:16,170 [Datanode State Machine Thread - 0] INFO  ozoneimpl.OzoneContainer (OzoneContainer.java:startContainerScrub(179)) - Background container scanner has been disabled.
2019-10-07 23:30:16,170 [Datanode State Machine Thread - 0] INFO  ratis.XceiverServerRatis (XceiverServerRatis.java:start(425)) - Starting XceiverServerRatis 71fe9c48-ef70-445b-89d4-550c4f010b84 at port 0
2019-10-07 23:30:16,177 [Datanode State Machine Thread - 0] INFO  impl.RaftServerProxy (RaftServerProxy.java:lambda$start$3(299)) - 71fe9c48-ef70-445b-89d4-550c4f010b84: start RPC server
2019-10-07 23:30:16,180 [Datanode State Machine Thread - 0] INFO  server.GrpcService (GrpcService.java:startImpl(158)) - 71fe9c48-ef70-445b-89d4-550c4f010b84: GrpcService started, listening on 0.0.0.0/0.0.0.0:34661
2019-10-07 23:30:16,180 [Datanode State Machine Thread - 0] INFO  ratis.XceiverServerRatis (XceiverServerRatis.java:start(435)) - XceiverServerRatis 71fe9c48-ef70-445b-89d4-550c4f010b84 is started using port 34661
2019-10-07 23:30:16,182 [Datanode State Machine Thread - 0] INFO  server.XceiverServerGrpc (XceiverServerGrpc.java:start(149)) - XceiverServerGrpc 71fe9c48-ef70-445b-89d4-550c4f010b84 is started using port 42571
2019-10-07 23:30:16,245 [Datanode State Machine Thread - 0] INFO  ozoneimpl.OzoneContainer (OzoneContainer.java:start(217)) - Attempting to start container services.
2019-10-07 23:30:16,245 [Datanode State Machine Thread - 0] INFO  ozoneimpl.OzoneContainer (OzoneContainer.java:startContainerScrub(179)) - Background container scanner has been disabled.
2019-10-07 23:30:16,245 [Datanode State Machine Thread - 0] INFO  ratis.XceiverServerRatis (XceiverServerRatis.java:start(425)) - Starting XceiverServerRatis 51a40bca-cd4b-4fd1-b3a8-cd441e83375c at port 0
2019-10-07 23:30:16,253 [Datanode State Machine Thread - 0] INFO  impl.RaftServerProxy (RaftServerProxy.java:lambda$start$3(299)) - 51a40bca-cd4b-4fd1-b3a8-cd441e83375c: start RPC server
2019-10-07 23:30:16,255 [Datanode State Machine Thread - 0] INFO  server.GrpcService (GrpcService.java:startImpl(158)) - 51a40bca-cd4b-4fd1-b3a8-cd441e83375c: GrpcService started, listening on 0.0.0.0/0.0.0.0:38825
2019-10-07 23:30:16,255 [Datanode State Machine Thread - 0] INFO  ratis.XceiverServerRatis (XceiverServerRatis.java:start(435)) - XceiverServerRatis 51a40bca-cd4b-4fd1-b3a8-cd441e83375c is started using port 38825
2019-10-07 23:30:16,257 [Datanode State Machine Thread - 0] INFO  server.XceiverServerGrpc (XceiverServerGrpc.java:start(149)) - XceiverServerGrpc 51a40bca-cd4b-4fd1-b3a8-cd441e83375c is started using port 35853
2019-10-07 23:30:16,328 [Datanode State Machine Thread - 0] INFO  ozoneimpl.OzoneContainer (OzoneContainer.java:start(217)) - Attempting to start container services.
2019-10-07 23:30:16,328 [Datanode State Machine Thread - 0] INFO  ozoneimpl.OzoneContainer (OzoneContainer.java:startContainerScrub(179)) - Background container scanner has been disabled.
2019-10-07 23:30:16,329 [Datanode State Machine Thread - 0] INFO  ratis.XceiverServerRatis (XceiverServerRatis.java:start(425)) - Starting XceiverServerRatis 1757d5fa-a161-4c0a-b504-ed724002c805 at port 0
2019-10-07 23:30:16,335 [Datanode State Machine Thread - 0] INFO  impl.RaftServerProxy (RaftServerProxy.java:lambda$start$3(299)) - 1757d5fa-a161-4c0a-b504-ed724002c805: start RPC server
2019-10-07 23:30:16,336 [Datanode State Machine Thread - 0] INFO  server.GrpcService (GrpcService.java:startImpl(158)) - 1757d5fa-a161-4c0a-b504-ed724002c805: GrpcService started, listening on 0.0.0.0/0.0.0.0:37685
2019-10-07 23:30:16,336 [Datanode State Machine Thread - 0] INFO  ratis.XceiverServerRatis (XceiverServerRatis.java:start(435)) - XceiverServerRatis 1757d5fa-a161-4c0a-b504-ed724002c805 is started using port 37685
2019-10-07 23:30:16,337 [Datanode State Machine Thread - 0] INFO  server.XceiverServerGrpc (XceiverServerGrpc.java:start(149)) - XceiverServerGrpc 1757d5fa-a161-4c0a-b504-ed724002c805 is started using port 39049
2019-10-07 23:30:16,368 [main] INFO  ozone.MiniOzoneClusterImpl (MiniOzoneClusterImpl.java:lambda$waitForClusterToBeReady$2(172)) - Waiting for cluster to be ready. Got 0 of 7 DN Heartbeats.
2019-10-07 23:30:16,382 [Datanode State Machine Thread - 0] INFO  ozoneimpl.OzoneContainer (OzoneContainer.java:start(217)) - Attempting to start container services.
2019-10-07 23:30:16,382 [Datanode State Machine Thread - 0] INFO  ozoneimpl.OzoneContainer (OzoneContainer.java:startContainerScrub(179)) - Background container scanner has been disabled.
2019-10-07 23:30:16,382 [Datanode State Machine Thread - 0] INFO  ratis.XceiverServerRatis (XceiverServerRatis.java:start(425)) - Starting XceiverServerRatis 514f190c-733c-43a5-9051-89b078470f15 at port 0
2019-10-07 23:30:16,390 [Datanode State Machine Thread - 0] INFO  impl.RaftServerProxy (RaftServerProxy.java:lambda$start$3(299)) - 514f190c-733c-43a5-9051-89b078470f15: start RPC server
2019-10-07 23:30:16,403 [Datanode State Machine Thread - 0] INFO  server.GrpcService (GrpcService.java:startImpl(158)) - 514f190c-733c-43a5-9051-89b078470f15: GrpcService started, listening on 0.0.0.0/0.0.0.0:40950
2019-10-07 23:30:16,404 [Datanode State Machine Thread - 0] INFO  ratis.XceiverServerRatis (XceiverServerRatis.java:start(435)) - XceiverServerRatis 514f190c-733c-43a5-9051-89b078470f15 is started using port 40950
2019-10-07 23:30:16,406 [Datanode State Machine Thread - 0] INFO  server.XceiverServerGrpc (XceiverServerGrpc.java:start(149)) - XceiverServerGrpc 514f190c-733c-43a5-9051-89b078470f15 is started using port 43946
2019-10-07 23:30:17,368 [main] INFO  ozone.MiniOzoneClusterImpl (MiniOzoneClusterImpl.java:lambda$waitForClusterToBeReady$2(172)) - Waiting for cluster to be ready. Got 0 of 7 DN Heartbeats.
2019-10-07 23:30:17,960 [IPC Server handler 6 on 39015] INFO  net.NetworkTopology (NetworkTopologyImpl.java:add(111)) - Added a new node: /default-rack/e36e47e5-1e3f-4d48-932e-d6c9017affe3
2019-10-07 23:30:17,963 [IPC Server handler 6 on 39015] INFO  node.SCMNodeManager (SCMNodeManager.java:register(268)) - Registered Data node : e36e47e5-1e3f-4d48-932e-d6c9017affe3{ip: 192.168.151.75, host: pr-hdds-1868-k864b-3611000933, networkLocation: /default-rack, certSerialId: null}
2019-10-07 23:30:17,964 [EventQueue-NodeRegistrationContainerReportForDataNodeSafeModeRule] INFO  safemode.SCMSafeModeManager (DataNodeSafeModeRule.java:process(71)) - SCM in safe mode. 1 DataNodes registered, 1 required.
2019-10-07 23:30:17,966 [EventQueue-NodeRegistrationContainerReportForContainerSafeModeRule] INFO  safemode.SCMSafeModeManager (SCMSafeModeManager.java:validateSafeModeExitRules(177)) - ScmSafeModeManager, all rules are successfully validated
2019-10-07 23:30:17,967 [EventQueue-NodeRegistrationContainerReportForContainerSafeModeRule] INFO  safemode.SCMSafeModeManager (SCMSafeModeManager.java:exitSafeMode(193)) - SCM exiting safe mode.
2019-10-07 23:30:17,978 [grpc-default-executor-2] INFO  impl.RaftServerProxy (RaftServerProxy.java:addNew(89)) - e36e47e5-1e3f-4d48-932e-d6c9017affe3: addNew group-BCF6B10BB564:[e36e47e5-1e3f-4d48-932e-d6c9017affe3:192.168.151.75:33647] returns group-BCF6B10BB564:java.util.concurrent.CompletableFuture@1fe2998a[Not completed]
2019-10-07 23:30:17,981 [pool-207-thread-1] INFO  impl.RaftServerImpl (RaftServerImpl.java:<init>(95)) - e36e47e5-1e3f-4d48-932e-d6c9017affe3: new RaftServerImpl for group-BCF6B10BB564:[e36e47e5-1e3f-4d48-932e-d6c9017affe3:192.168.151.75:33647] with ContainerStateMachine:uninitialized
2019-10-07 23:30:17,982 [pool-207-thread-1] INFO  server.RaftServerConfigKeys (ConfUtils.java:logGet(43)) - raft.server.rpc.timeout.min = 5s (custom)
2019-10-07 23:30:17,982 [pool-207-thread-1] INFO  server.RaftServerConfigKeys (ConfUtils.java:logGet(43)) - raft.server.rpc.timeout.max = 5200ms (custom)
2019-10-07 23:30:17,982 [pool-207-thread-1] INFO  server.RaftServerConfigKeys (ConfUtils.java:logGet(43)) - raft.server.rpcslowness.timeout = 120s (custom)
2019-10-07 23:30:17,982 [pool-207-thread-1] INFO  server.RaftServerConfigKeys (ConfUtils.java:logGet(43)) - raft.server.sleep.deviation.threshold = 300 (default)
2019-10-07 23:30:17,982 [pool-207-thread-1] INFO  server.RaftServerConfigKeys (ConfUtils.java:logGet(43)) - raft.server.log.appender.install.snapshot.enabled = false (custom)
2019-10-07 23:30:17,982 [pool-207-thread-1] INFO  impl.RaftServerImpl (ServerState.java:<init>(103)) - e36e47e5-1e3f-4d48-932e-d6c9017affe3@group-BCF6B10BB564: ConfigurationManager, init=-1: [e36e47e5-1e3f-4d48-932e-d6c9017affe3:192.168.151.75:33647], old=null, confs=<EMPTY_MAP>
2019-10-07 23:30:17,983 [pool-207-thread-1] INFO  server.RaftServerConfigKeys (ConfUtils.java:logGet(43)) - raft.server.storage.dir = [/workdir/hadoop-ozone/integration-test/target/test-dir/MiniOzoneClusterImpl-5e9621be-c945-401e-a048-ea7290b0a7f2/datanode-0/data/ratis] (custom)
2019-10-07 23:30:17,983 [pool-207-thread-1] INFO  server.RaftServerConfigKeys (ConfUtils.java:logGet(43)) - raft.server.log.corruption.policy = EXCEPTION (default)
2019-10-07 23:30:17,983 [pool-207-thread-1] INFO  storage.RaftStorageDirectory (RaftStorageDirectory.java:analyzeStorage(246)) - The storage directory /workdir/hadoop-ozone/integration-test/target/test-dir/MiniOzoneClusterImpl-5e9621be-c945-401e-a048-ea7290b0a7f2/datanode-0/data/ratis/5de4bae7-76ab-42c2-a81f-bcf6b10bb564 does not exist. Creating ...
2019-10-07 23:30:17,998 [pool-207-thread-1] INFO  storage.RaftStorageDirectory (RaftStorageDirectory.java:tryLock(328)) - Lock on /workdir/hadoop-ozone/integration-test/target/test-dir/MiniOzoneClusterImpl-5e9621be-c945-401e-a048-ea7290b0a7f2/datanode-0/data/ratis/5de4bae7-76ab-42c2-a81f-bcf6b10bb564/in_use.lock acquired by nodename 21128@pr-hdds-1868-k864b-3611000933
2019-10-07 23:30:18,011 [pool-207-thread-1] INFO  storage.RaftStorage (RaftStorage.java:format(84)) - Storage directory /workdir/hadoop-ozone/integration-test/target/test-dir/MiniOzoneClusterImpl-5e9621be-c945-401e-a048-ea7290b0a7f2/datanode-0/data/ratis/5de4bae7-76ab-42c2-a81f-bcf6b10bb564 has been successfully formatted.
2019-10-07 23:30:18,012 [pool-207-thread-1] INFO  ratis.ContainerStateMachine (ContainerStateMachine.java:loadSnapshot(233)) - group-BCF6B10BB564: The snapshot info is null. Setting the last applied indexto:(t:0, i:~)
2019-10-07 23:30:18,012 [pool-207-thread-1] INFO  server.RaftServerConfigKeys (ConfUtils.java:logGet(43)) - raft.server.notification.no-leader.timeout = 120s (custom)
2019-10-07 23:30:18,012 [pool-207-thread-1] INFO  server.RaftServerConfigKeys (ConfUtils.java:logGet(43)) - raft.server.log.use.memory = false (default)
2019-10-07 23:30:18,012 [pool-207-thread-1] INFO  server.RaftServerConfigKeys (ConfUtils.java:logGet(43)) - raft.server.log.purge.gap = 1000000 (custom)
2019-10-07 23:30:18,012 [pool-207-thread-1] INFO  server.RaftServerConfigKeys (ConfUtils.java:logGet(43)) - raft.server.log.appender.buffer.byte-limit = 33554432 (custom)
2019-10-07 23:30:18,013 [pool-207-thread-1] INFO  server.RaftServerConfigKeys (ConfUtils.java:logGet(43)) - raft.server.log.segment.size.max = 1048576 (custom)
2019-10-07 23:30:18,015 [pool-207-thread-1] INFO  server.RaftServerConfigKeys (ConfUtils.java:logGet(43)) - raft.server.log.segment.cache.num.max = 2 (custom)
2019-10-07 23:30:18,015 [pool-207-thread-1] INFO  segmented.SegmentedRaftLogWorker (SegmentedRaftLogWorker.java:<init>(173)) - new e36e47e5-1e3f-4d48-932e-d6c9017affe3@group-BCF6B10BB564-SegmentedRaftLogWorker for RaftStorage:Storage Directory /workdir/hadoop-ozone/integration-test/target/test-dir/MiniOzoneClusterImpl-5e9621be-c945-401e-a048-ea7290b0a7f2/datanode-0/data/ratis/5de4bae7-76ab-42c2-a81f-bcf6b10bb564
2019-10-07 23:30:18,015 [pool-207-thread-1] INFO  server.RaftServerConfigKeys (ConfUtils.java:logGet(43)) - raft.server.log.queue.byte-limit = 2147483647 (custom)
2019-10-07 23:30:18,015 [pool-207-thread-1] INFO  server.RaftServerConfigKeys (ConfUtils.java:logGet(43)) - raft.server.log.queue.element-limit = 1024 (custom)
2019-10-07 23:30:18,015 [pool-207-thread-1] INFO  server.RaftServerConfigKeys (ConfUtils.java:logGet(43)) - raft.server.log.segment.size.max = 1048576 (custom)
2019-10-07 23:30:18,015 [pool-207-thread-1] INFO  server.RaftServerConfigKeys (ConfUtils.java:logGet(43)) - raft.server.log.preallocated.size = 16384 (custom)
2019-10-07 23:30:18,016 [pool-207-thread-1] INFO  server.RaftServerConfigKeys (ConfUtils.java:logGet(43)) - raft.server.log.write.buffer.size = 33554432 (custom)
2019-10-07 23:30:18,016 [pool-207-thread-1] INFO  server.RaftServerConfigKeys (ConfUtils.java:logGet(43)) - raft.server.log.force.sync.num = 128 (default)
2019-10-07 23:30:18,016 [pool-207-thread-1] INFO  server.RaftServerConfigKeys (ConfUtils.java:logGet(43)) - raft.server.log.statemachine.data.sync = true (default)
2019-10-07 23:30:18,016 [pool-207-thread-1] INFO  server.RaftServerConfigKeys (ConfUtils.java:logGet(43)) - raft.server.log.statemachine.data.sync.timeout = 10s (default)
2019-10-07 23:30:18,016 [pool-207-thread-1] INFO  server.RaftServerConfigKeys (ConfUtils.java:logGet(43)) - raft.server.log.statemachine.data.sync.timeout.retry = -1 (default)
2019-10-07 23:30:18,017 [pool-207-thread-1] INFO  server.RaftServerConfigKeys (ConfUtils.java:logGet(43)) - raft.server.log.statemachine.data.caching.enabled = true (custom)
2019-10-07 23:30:18,017 [pool-207-thread-1] INFO  segmented.SegmentedRaftLogWorker (SegmentedRaftLogWorker.java:lambda$new$0(128)) - e36e47e5-1e3f-4d48-932e-d6c9017affe3@group-BCF6B10BB564-SegmentedRaftLogWorker: flushIndex: setUnconditionally 0 -> -1
2019-10-07 23:30:18,017 [pool-207-thread-1] INFO  server.RaftServerConfigKeys (ConfUtils.java:logGet(43)) - raft.server.snapshot.auto.trigger.enabled = true (custom)
2019-10-07 23:30:18,018 [pool-207-thread-1] INFO  server.RaftServerConfigKeys (ConfUtils.java:logGet(43)) - raft.server.snapshot.auto.trigger.threshold = 10000 (custom)
2019-10-07 23:30:18,018 [pool-207-thread-1] INFO  server.RaftServerConfigKeys (ConfUtils.java:logGet(43)) - raft.server.snapshot.retention.file.num = 5 (custom)
2019-10-07 23:30:18,018 [pool-207-thread-1] INFO  server.RaftServerConfigKeys (ConfUtils.java:logGet(43)) - raft.server.retrycache.expirytime = 600000ms (custom)
2019-10-07 23:30:18,020 [pool-207-thread-1] INFO  impl.RaftServerImpl (RaftServerImpl.java:start(181)) - e36e47e5-1e3f-4d48-932e-d6c9017affe3@group-BCF6B10BB564: start as a follower, conf=-1: [e36e47e5-1e3f-4d48-932e-d6c9017affe3:192.168.151.75:33647], old=null
2019-10-07 23:30:18,020 [pool-207-thread-1] INFO  impl.RaftServerImpl (RaftServerImpl.java:setRole(170)) - e36e47e5-1e3f-4d48-932e-d6c9017affe3@group-BCF6B10BB564: changes role from      null to FOLLOWER at term 0 for startAsFollower
2019-10-07 23:30:18,020 [pool-207-thread-1] INFO  impl.RoleInfo (RoleInfo.java:updateAndGet(143)) - e36e47e5-1e3f-4d48-932e-d6c9017affe3: start FollowerState
2019-10-07 23:30:18,021 [pool-207-thread-1] INFO  util.JmxRegister (JmxRegister.java:tryRegister(44)) - Successfully registered JMX Bean with object name Ratis:service=RaftServer,group=group-BCF6B10BB564,id=e36e47e5-1e3f-4d48-932e-d6c9017affe3
2019-10-07 23:30:18,022 [IPC Server handler 7 on 39015] INFO  net.NetworkTopology (NetworkTopologyImpl.java:add(111)) - Added a new node: /default-rack/f7b4c7ea-3575-41d6-9287-70bd6e3567dd
2019-10-07 23:30:18,022 [IPC Server handler 7 on 39015] INFO  node.SCMNodeManager (SCMNodeManager.java:register(268)) - Registered Data node : f7b4c7ea-3575-41d6-9287-70bd6e3567dd{ip: 192.168.151.75, host: pr-hdds-1868-k864b-3611000933, networkLocation: /default-rack, certSerialId: null}
2019-10-07 23:30:18,026 [RatisPipelineUtilsThread] INFO  pipeline.PipelineStateManager (PipelineStateManager.java:addPipeline(57)) - Created pipeline Pipeline[ Id: 5de4bae7-76ab-42c2-a81f-bcf6b10bb564, Nodes: e36e47e5-1e3f-4d48-932e-d6c9017affe3{ip: 192.168.151.75, host: pr-hdds-1868-k864b-3611000933, networkLocation: /default-rack, certSerialId: null}, Type:RATIS, Factor:ONE, State:ALLOCATED]
2019-10-07 23:30:18,034 [grpc-default-executor-2] INFO  impl.RaftServerProxy (RaftServerProxy.java:addNew(89)) - f7b4c7ea-3575-41d6-9287-70bd6e3567dd: addNew group-F829EF3AA531:[f7b4c7ea-3575-41d6-9287-70bd6e3567dd:192.168.151.75:35260] returns group-F829EF3AA531:java.util.concurrent.CompletableFuture@6f87c91b[Not completed]
2019-10-07 23:30:18,035 [pool-217-thread-1] INFO  impl.RaftServerImpl (RaftServerImpl.java:<init>(95)) - f7b4c7ea-3575-41d6-9287-70bd6e3567dd: new RaftServerImpl for group-F829EF3AA531:[f7b4c7ea-3575-41d6-9287-70bd6e3567dd:192.168.151.75:35260] with ContainerStateMachine:uninitialized
2019-10-07 23:30:18,035 [pool-217-thread-1] INFO  server.RaftServerConfigKeys (ConfUtils.java:logGet(43)) - raft.server.rpc.timeout.min = 5s (custom)
2019-10-07 23:30:18,035 [pool-217-thread-1] INFO  server.RaftServerConfigKeys (ConfUtils.java:logGet(43)) - raft.server.rpc.timeout.max = 5200ms (custom)
2019-10-07 23:30:18,035 [pool-217-thread-1] INFO  server.RaftServerConfigKeys (ConfUtils.java:logGet(43)) - raft.server.rpcslowness.timeout = 120s (custom)
2019-10-07 23:30:18,036 [pool-217-thread-1] INFO  server.RaftServerConfigKeys (ConfUtils.java:logGet(43)) - raft.server.sleep.deviation.threshold = 300 (default)
2019-10-07 23:30:18,036 [pool-217-thread-1] INFO  server.RaftServerConfigKeys (ConfUtils.java:logGet(43)) - raft.server.log.appender.install.snapshot.enabled = false (custom)
2019-10-07 23:30:18,036 [pool-217-thread-1] INFO  impl.RaftServerImpl (ServerState.java:<init>(103)) - f7b4c7ea-3575-41d6-9287-70bd6e3567dd@group-F829EF3AA531: ConfigurationManager, init=-1: [f7b4c7ea-3575-41d6-9287-70bd6e3567dd:192.168.151.75:35260], old=null, confs=<EMPTY_MAP>
2019-10-07 23:30:18,036 [pool-217-thread-1] INFO  server.RaftServerConfigKeys (ConfUtils.java:logGet(43)) - raft.server.storage.dir = [/workdir/hadoop-ozone/integration-test/target/test-dir/MiniOzoneClusterImpl-5e9621be-c945-401e-a048-ea7290b0a7f2/datanode-1/data/ratis] (custom)
2019-10-07 23:30:18,036 [pool-217-thread-1] INFO  server.RaftServerConfigKeys (ConfUtils.java:logGet(43)) - raft.server.log.corruption.policy = EXCEPTION (default)
2019-10-07 23:30:18,036 [pool-217-thread-1] INFO  storage.RaftStorageDirectory (RaftStorageDirectory.java:analyzeStorage(246)) - The storage directory /workdir/hadoop-ozone/integration-test/target/test-dir/MiniOzoneClusterImpl-5e9621be-c945-401e-a048-ea7290b0a7f2/datanode-1/data/ratis/0d3f20d2-57b3-4721-a5ab-f829ef3aa531 does not exist. Creating ...
2019-10-07 23:30:18,050 [pool-217-thread-1] INFO  storage.RaftStorageDirectory (RaftStorageDirectory.java:tryLock(328)) - Lock on /workdir/hadoop-ozone/integration-test/target/test-dir/MiniOzoneClusterImpl-5e9621be-c945-401e-a048-ea7290b0a7f2/datanode-1/data/ratis/0d3f20d2-57b3-4721-a5ab-f829ef3aa531/in_use.lock acquired by nodename 21128@pr-hdds-1868-k864b-3611000933
2019-10-07 23:30:18,062 [pool-217-thread-1] INFO  storage.RaftStorage (RaftStorage.java:format(84)) - Storage directory /workdir/hadoop-ozone/integration-test/target/test-dir/MiniOzoneClusterImpl-5e9621be-c945-401e-a048-ea7290b0a7f2/datanode-1/data/ratis/0d3f20d2-57b3-4721-a5ab-f829ef3aa531 has been successfully formatted.
2019-10-07 23:30:18,063 [pool-217-thread-1] INFO  ratis.ContainerStateMachine (ContainerStateMachine.java:loadSnapshot(233)) - group-F829EF3AA531: The snapshot info is null. Setting the last applied indexto:(t:0, i:~)
2019-10-07 23:30:18,063 [pool-217-thread-1] INFO  server.RaftServerConfigKeys (ConfUtils.java:logGet(43)) - raft.server.notification.no-leader.timeout = 120s (custom)
2019-10-07 23:30:18,063 [pool-217-thread-1] INFO  server.RaftServerConfigKeys (ConfUtils.java:logGet(43)) - raft.server.log.use.memory = false (default)
2019-10-07 23:30:18,063 [pool-217-thread-1] INFO  server.RaftServerConfigKeys (ConfUtils.java:logGet(43)) - raft.server.log.purge.gap = 1000000 (custom)
2019-10-07 23:30:18,063 [pool-217-thread-1] INFO  server.RaftServerConfigKeys (ConfUtils.java:logGet(43)) - raft.server.log.appender.buffer.byte-limit = 33554432 (custom)
2019-10-07 23:30:18,063 [pool-217-thread-1] INFO  server.RaftServerConfigKeys (ConfUtils.java:logGet(43)) - raft.server.log.segment.size.max = 1048576 (custom)
2019-10-07 23:30:18,065 [pool-217-thread-1] INFO  server.RaftServerConfigKeys (ConfUtils.java:logGet(43)) - raft.server.log.segment.cache.num.max = 2 (custom)
2019-10-07 23:30:18,066 [pool-217-thread-1] INFO  segmented.SegmentedRaftLogWorker (SegmentedRaftLogWorker.java:<init>(173)) - new f7b4c7ea-3575-41d6-9287-70bd6e3567dd@group-F829EF3AA531-SegmentedRaftLogWorker for RaftStorage:Storage Directory /workdir/hadoop-ozone/integration-test/target/test-dir/MiniOzoneClusterImpl-5e9621be-c945-401e-a048-ea7290b0a7f2/datanode-1/data/ratis/0d3f20d2-57b3-4721-a5ab-f829ef3aa531
2019-10-07 23:30:18,066 [pool-217-thread-1] INFO  server.RaftServerConfigKeys (ConfUtils.java:logGet(43)) - raft.server.log.queue.byte-limit = 2147483647 (custom)
2019-10-07 23:30:18,066 [pool-217-thread-1] INFO  server.RaftServerConfigKeys (ConfUtils.java:logGet(43)) - raft.server.log.queue.element-limit = 1024 (custom)
2019-10-07 23:30:18,066 [pool-217-thread-1] INFO  server.RaftServerConfigKeys (ConfUtils.java:logGet(43)) - raft.server.log.segment.size.max = 1048576 (custom)
2019-10-07 23:30:18,066 [pool-217-thread-1] INFO  server.RaftServerConfigKeys (ConfUtils.java:logGet(43)) - raft.server.log.preallocated.size = 16384 (custom)
2019-10-07 23:30:18,066 [pool-217-thread-1] INFO  server.RaftServerConfigKeys (ConfUtils.java:logGet(43)) - raft.server.log.write.buffer.size = 33554432 (custom)
2019-10-07 23:30:18,067 [pool-217-thread-1] INFO  server.RaftServerConfigKeys (ConfUtils.java:logGet(43)) - raft.server.log.force.sync.num = 128 (default)
2019-10-07 23:30:18,067 [pool-217-thread-1] INFO  server.RaftServerConfigKeys (ConfUtils.java:logGet(43)) - raft.server.log.statemachine.data.sync = true (default)
2019-10-07 23:30:18,067 [pool-217-thread-1] INFO  server.RaftServerConfigKeys (ConfUtils.java:logGet(43)) - raft.server.log.statemachine.data.sync.timeout = 10s (default)
2019-10-07 23:30:18,067 [pool-217-thread-1] INFO  server.RaftServerConfigKeys (ConfUtils.java:logGet(43)) - raft.server.log.statemachine.data.sync.timeout.retry = -1 (default)
2019-10-07 23:30:18,067 [pool-217-thread-1] INFO  server.RaftServerConfigKeys (ConfUtils.java:logGet(43)) - raft.server.log.statemachine.data.caching.enabled = true (custom)
2019-10-07 23:30:18,068 [pool-217-thread-1] INFO  segmented.SegmentedRaftLogWorker (SegmentedRaftLogWorker.java:lambda$new$0(128)) - f7b4c7ea-3575-41d6-9287-70bd6e3567dd@group-F829EF3AA531-SegmentedRaftLogWorker: flushIndex: setUnconditionally 0 -> -1
2019-10-07 23:30:18,068 [pool-217-thread-1] INFO  server.RaftServerConfigKeys (ConfUtils.java:logGet(43)) - raft.server.snapshot.auto.trigger.enabled = true (custom)
2019-10-07 23:30:18,068 [pool-217-thread-1] INFO  server.RaftServerConfigKeys (ConfUtils.java:logGet(43)) - raft.server.snapshot.auto.trigger.threshold = 10000 (custom)
2019-10-07 23:30:18,068 [pool-217-thread-1] INFO  server.RaftServerConfigKeys (ConfUtils.java:logGet(43)) - raft.server.snapshot.retention.file.num = 5 (custom)
2019-10-07 23:30:18,069 [pool-217-thread-1] INFO  server.RaftServerConfigKeys (ConfUtils.java:logGet(43)) - raft.server.retrycache.expirytime = 600000ms (custom)
2019-10-07 23:30:18,070 [pool-217-thread-1] INFO  impl.RaftServerImpl (RaftServerImpl.java:start(181)) - f7b4c7ea-3575-41d6-9287-70bd6e3567dd@group-F829EF3AA531: start as a follower, conf=-1: [f7b4c7ea-3575-41d6-9287-70bd6e3567dd:192.168.151.75:35260], old=null
2019-10-07 23:30:18,071 [pool-217-thread-1] INFO  impl.RaftServerImpl (RaftServerImpl.java:setRole(170)) - f7b4c7ea-3575-41d6-9287-70bd6e3567dd@group-F829EF3AA531: changes role from      null to FOLLOWER at term 0 for startAsFollower
2019-10-07 23:30:18,071 [pool-217-thread-1] INFO  impl.RoleInfo (RoleInfo.java:updateAndGet(143)) - f7b4c7ea-3575-41d6-9287-70bd6e3567dd: start FollowerState
2019-10-07 23:30:18,071 [pool-217-thread-1] INFO  util.JmxRegister (JmxRegister.java:tryRegister(44)) - Successfully registered JMX Bean with object name Ratis:service=RaftServer,group=group-F829EF3AA531,id=f7b4c7ea-3575-41d6-9287-70bd6e3567dd
2019-10-07 23:30:18,076 [RatisPipelineUtilsThread] INFO  pipeline.PipelineStateManager (PipelineStateManager.java:addPipeline(57)) - Created pipeline Pipeline[ Id: 0d3f20d2-57b3-4721-a5ab-f829ef3aa531, Nodes: f7b4c7ea-3575-41d6-9287-70bd6e3567dd{ip: 192.168.151.75, host: pr-hdds-1868-k864b-3611000933, networkLocation: /default-rack, certSerialId: null}, Type:RATIS, Factor:ONE, State:ALLOCATED]
2019-10-07 23:30:18,089 [IPC Server handler 0 on 39015] INFO  net.NetworkTopology (NetworkTopologyImpl.java:add(111)) - Added a new node: /default-rack/829bacd9-64a1-4193-8e1a-e4a73c9ba220
2019-10-07 23:30:18,089 [IPC Server handler 0 on 39015] INFO  node.SCMNodeManager (SCMNodeManager.java:register(268)) - Registered Data node : 829bacd9-64a1-4193-8e1a-e4a73c9ba220{ip: 192.168.151.75, host: pr-hdds-1868-k864b-3611000933, networkLocation: /default-rack, certSerialId: null}
2019-10-07 23:30:18,096 [grpc-default-executor-2] INFO  impl.RaftServerProxy (RaftServerProxy.java:addNew(89)) - 829bacd9-64a1-4193-8e1a-e4a73c9ba220: addNew group-EF066C2F0CB6:[829bacd9-64a1-4193-8e1a-e4a73c9ba220:192.168.151.75:43193] returns group-EF066C2F0CB6:java.util.concurrent.CompletableFuture@3e6a26a5[Not completed]
2019-10-07 23:30:18,098 [pool-227-thread-1] INFO  impl.RaftServerImpl (RaftServerImpl.java:<init>(95)) - 829bacd9-64a1-4193-8e1a-e4a73c9ba220: new RaftServerImpl for group-EF066C2F0CB6:[829bacd9-64a1-4193-8e1a-e4a73c9ba220:192.168.151.75:43193] with ContainerStateMachine:uninitialized
2019-10-07 23:30:18,099 [pool-227-thread-1] INFO  server.RaftServerConfigKeys (ConfUtils.java:logGet(43)) - raft.server.rpc.timeout.min = 5s (custom)
2019-10-07 23:30:18,099 [pool-227-thread-1] INFO  server.RaftServerConfigKeys (ConfUtils.java:logGet(43)) - raft.server.rpc.timeout.max = 5200ms (custom)
2019-10-07 23:30:18,099 [pool-227-thread-1] INFO  server.RaftServerConfigKeys (ConfUtils.java:logGet(43)) - raft.server.rpcslowness.timeout = 120s (custom)
2019-10-07 23:30:18,099 [pool-227-thread-1] INFO  server.RaftServerConfigKeys (ConfUtils.java:logGet(43)) - raft.server.sleep.deviation.threshold = 300 (default)
2019-10-07 23:30:18,099 [pool-227-thread-1] INFO  server.RaftServerConfigKeys (ConfUtils.java:logGet(43)) - raft.server.log.appender.install.snapshot.enabled = false (custom)
2019-10-07 23:30:18,100 [pool-227-thread-1] INFO  impl.RaftServerImpl (ServerState.java:<init>(103)) - 829bacd9-64a1-4193-8e1a-e4a73c9ba220@group-EF066C2F0CB6: ConfigurationManager, init=-1: [829bacd9-64a1-4193-8e1a-e4a73c9ba220:192.168.151.75:43193], old=null, confs=<EMPTY_MAP>
2019-10-07 23:30:18,100 [pool-227-thread-1] INFO  server.RaftServerConfigKeys (ConfUtils.java:logGet(43)) - raft.server.storage.dir = [/workdir/hadoop-ozone/integration-test/target/test-dir/MiniOzoneClusterImpl-5e9621be-c945-401e-a048-ea7290b0a7f2/datanode-2/data/ratis] (custom)
2019-10-07 23:30:18,100 [pool-227-thread-1] INFO  server.RaftServerConfigKeys (ConfUtils.java:logGet(43)) - raft.server.log.corruption.policy = EXCEPTION (default)
2019-10-07 23:30:18,100 [pool-227-thread-1] INFO  storage.RaftStorageDirectory (RaftStorageDirectory.java:analyzeStorage(246)) - The storage directory /workdir/hadoop-ozone/integration-test/target/test-dir/MiniOzoneClusterImpl-5e9621be-c945-401e-a048-ea7290b0a7f2/datanode-2/data/ratis/53d8faa0-5c84-47e1-b714-ef066c2f0cb6 does not exist. Creating ...
2019-10-07 23:30:18,113 [pool-227-thread-1] INFO  storage.RaftStorageDirectory (RaftStorageDirectory.java:tryLock(328)) - Lock on /workdir/hadoop-ozone/integration-test/target/test-dir/MiniOzoneClusterImpl-5e9621be-c945-401e-a048-ea7290b0a7f2/datanode-2/data/ratis/53d8faa0-5c84-47e1-b714-ef066c2f0cb6/in_use.lock acquired by nodename 21128@pr-hdds-1868-k864b-3611000933
2019-10-07 23:30:18,125 [pool-227-thread-1] INFO  storage.RaftStorage (RaftStorage.java:format(84)) - Storage directory /workdir/hadoop-ozone/integration-test/target/test-dir/MiniOzoneClusterImpl-5e9621be-c945-401e-a048-ea7290b0a7f2/datanode-2/data/ratis/53d8faa0-5c84-47e1-b714-ef066c2f0cb6 has been successfully formatted.
2019-10-07 23:30:18,126 [pool-227-thread-1] INFO  ratis.ContainerStateMachine (ContainerStateMachine.java:loadSnapshot(233)) - group-EF066C2F0CB6: The snapshot info is null. Setting the last applied indexto:(t:0, i:~)
2019-10-07 23:30:18,126 [pool-227-thread-1] INFO  server.RaftServerConfigKeys (ConfUtils.java:logGet(43)) - raft.server.notification.no-leader.timeout = 120s (custom)
2019-10-07 23:30:18,126 [pool-227-thread-1] INFO  server.RaftServerConfigKeys (ConfUtils.java:logGet(43)) - raft.server.log.use.memory = false (default)
2019-10-07 23:30:18,126 [pool-227-thread-1] INFO  server.RaftServerConfigKeys (ConfUtils.java:logGet(43)) - raft.server.log.purge.gap = 1000000 (custom)
2019-10-07 23:30:18,126 [pool-227-thread-1] INFO  server.RaftServerConfigKeys (ConfUtils.java:logGet(43)) - raft.server.log.appender.buffer.byte-limit = 33554432 (custom)
2019-10-07 23:30:18,126 [pool-227-thread-1] INFO  server.RaftServerConfigKeys (ConfUtils.java:logGet(43)) - raft.server.log.segment.size.max = 1048576 (custom)
2019-10-07 23:30:18,129 [pool-227-thread-1] INFO  server.RaftServerConfigKeys (ConfUtils.java:logGet(43)) - raft.server.log.segment.cache.num.max = 2 (custom)
2019-10-07 23:30:18,129 [pool-227-thread-1] INFO  segmented.SegmentedRaftLogWorker (SegmentedRaftLogWorker.java:<init>(173)) - new 829bacd9-64a1-4193-8e1a-e4a73c9ba220@group-EF066C2F0CB6-SegmentedRaftLogWorker for RaftStorage:Storage Directory /workdir/hadoop-ozone/integration-test/target/test-dir/MiniOzoneClusterImpl-5e9621be-c945-401e-a048-ea7290b0a7f2/datanode-2/data/ratis/53d8faa0-5c84-47e1-b714-ef066c2f0cb6
2019-10-07 23:30:18,129 [pool-227-thread-1] INFO  server.RaftServerConfigKeys (ConfUtils.java:logGet(43)) - raft.server.log.queue.byte-limit = 2147483647 (custom)
2019-10-07 23:30:18,129 [pool-227-thread-1] INFO  server.RaftServerConfigKeys (ConfUtils.java:logGet(43)) - raft.server.log.queue.element-limit = 1024 (custom)
2019-10-07 23:30:18,129 [pool-227-thread-1] INFO  server.RaftServerConfigKeys (ConfUtils.java:logGet(43)) - raft.server.log.segment.size.max = 1048576 (custom)
2019-10-07 23:30:18,130 [pool-227-thread-1] INFO  server.RaftServerConfigKeys (ConfUtils.java:logGet(43)) - raft.server.log.preallocated.size = 16384 (custom)
2019-10-07 23:30:18,130 [pool-227-thread-1] INFO  server.RaftServerConfigKeys (ConfUtils.java:logGet(43)) - raft.server.log.write.buffer.size = 33554432 (custom)
2019-10-07 23:30:18,130 [pool-227-thread-1] INFO  server.RaftServerConfigKeys (ConfUtils.java:logGet(43)) - raft.server.log.force.sync.num = 128 (default)
2019-10-07 23:30:18,130 [pool-227-thread-1] INFO  server.RaftServerConfigKeys (ConfUtils.java:logGet(43)) - raft.server.log.statemachine.data.sync = true (default)
2019-10-07 23:30:18,130 [pool-227-thread-1] INFO  server.RaftServerConfigKeys (ConfUtils.java:logGet(43)) - raft.server.log.statemachine.data.sync.timeout = 10s (default)
2019-10-07 23:30:18,130 [pool-227-thread-1] INFO  server.RaftServerConfigKeys (ConfUtils.java:logGet(43)) - raft.server.log.statemachine.data.sync.timeout.retry = -1 (default)
2019-10-07 23:30:18,131 [pool-227-thread-1] INFO  server.RaftServerConfigKeys (ConfUtils.java:logGet(43)) - raft.server.log.statemachine.data.caching.enabled = true (custom)
2019-10-07 23:30:18,131 [pool-227-thread-1] INFO  segmented.SegmentedRaftLogWorker (SegmentedRaftLogWorker.java:lambda$new$0(128)) - 829bacd9-64a1-4193-8e1a-e4a73c9ba220@group-EF066C2F0CB6-SegmentedRaftLogWorker: flushIndex: setUnconditionally 0 -> -1
2019-10-07 23:30:18,132 [pool-227-thread-1] INFO  server.RaftServerConfigKeys (ConfUtils.java:logGet(43)) - raft.server.snapshot.auto.trigger.enabled = true (custom)
2019-10-07 23:30:18,132 [pool-227-thread-1] INFO  server.RaftServerConfigKeys (ConfUtils.java:logGet(43)) - raft.server.snapshot.auto.trigger.threshold = 10000 (custom)
2019-10-07 23:30:18,132 [pool-227-thread-1] INFO  server.RaftServerConfigKeys (ConfUtils.java:logGet(43)) - raft.server.snapshot.retention.file.num = 5 (custom)
2019-10-07 23:30:18,132 [pool-227-thread-1] INFO  server.RaftServerConfigKeys (ConfUtils.java:logGet(43)) - raft.server.retrycache.expirytime = 600000ms (custom)
2019-10-07 23:30:18,135 [pool-227-thread-1] INFO  impl.RaftServerImpl (RaftServerImpl.java:start(181)) - 829bacd9-64a1-4193-8e1a-e4a73c9ba220@group-EF066C2F0CB6: start as a follower, conf=-1: [829bacd9-64a1-4193-8e1a-e4a73c9ba220:192.168.151.75:43193], old=null
2019-10-07 23:30:18,135 [pool-227-thread-1] INFO  impl.RaftServerImpl (RaftServerImpl.java:setRole(170)) - 829bacd9-64a1-4193-8e1a-e4a73c9ba220@group-EF066C2F0CB6: changes role from      null to FOLLOWER at term 0 for startAsFollower
2019-10-07 23:30:18,135 [pool-227-thread-1] INFO  impl.RoleInfo (RoleInfo.java:updateAndGet(143)) - 829bacd9-64a1-4193-8e1a-e4a73c9ba220: start FollowerState
2019-10-07 23:30:18,135 [pool-227-thread-1] INFO  util.JmxRegister (JmxRegister.java:tryRegister(44)) - Successfully registered JMX Bean with object name Ratis:service=RaftServer,group=group-EF066C2F0CB6,id=829bacd9-64a1-4193-8e1a-e4a73c9ba220
2019-10-07 23:30:18,141 [RatisPipelineUtilsThread] INFO  pipeline.PipelineStateManager (PipelineStateManager.java:addPipeline(57)) - Created pipeline Pipeline[ Id: 53d8faa0-5c84-47e1-b714-ef066c2f0cb6, Nodes: 829bacd9-64a1-4193-8e1a-e4a73c9ba220{ip: 192.168.151.75, host: pr-hdds-1868-k864b-3611000933, networkLocation: /default-rack, certSerialId: null}, Type:RATIS, Factor:ONE, State:ALLOCATED]
2019-10-07 23:30:18,153 [grpc-default-executor-4] INFO  impl.RaftServerProxy (RaftServerProxy.java:addNew(89)) - 829bacd9-64a1-4193-8e1a-e4a73c9ba220: addNew group-026EEE7A304D:[e36e47e5-1e3f-4d48-932e-d6c9017affe3:192.168.151.75:33647, f7b4c7ea-3575-41d6-9287-70bd6e3567dd:192.168.151.75:35260, 829bacd9-64a1-4193-8e1a-e4a73c9ba220:192.168.151.75:43193] returns group-026EEE7A304D:java.util.concurrent.CompletableFuture@7300d0ad[Not completed]
2019-10-07 23:30:18,153 [grpc-default-executor-1] INFO  impl.RaftServerProxy (RaftServerProxy.java:addNew(89)) - e36e47e5-1e3f-4d48-932e-d6c9017affe3: addNew group-026EEE7A304D:[e36e47e5-1e3f-4d48-932e-d6c9017affe3:192.168.151.75:33647, f7b4c7ea-3575-41d6-9287-70bd6e3567dd:192.168.151.75:35260, 829bacd9-64a1-4193-8e1a-e4a73c9ba220:192.168.151.75:43193] returns group-026EEE7A304D:java.util.concurrent.CompletableFuture@745ddfbc[Not completed]
2019-10-07 23:30:18,153 [grpc-default-executor-4] INFO  impl.RaftServerProxy (RaftServerProxy.java:addNew(89)) - f7b4c7ea-3575-41d6-9287-70bd6e3567dd: addNew group-026EEE7A304D:[e36e47e5-1e3f-4d48-932e-d6c9017affe3:192.168.151.75:33647, f7b4c7ea-3575-41d6-9287-70bd6e3567dd:192.168.151.75:35260, 829bacd9-64a1-4193-8e1a-e4a73c9ba220:192.168.151.75:43193] returns group-026EEE7A304D:java.util.concurrent.CompletableFuture@2fdad578[Not completed]
2019-10-07 23:30:18,154 [pool-207-thread-1] INFO  impl.RaftServerImpl (RaftServerImpl.java:<init>(95)) - e36e47e5-1e3f-4d48-932e-d6c9017affe3: new RaftServerImpl for group-026EEE7A304D:[e36e47e5-1e3f-4d48-932e-d6c9017affe3:192.168.151.75:33647, f7b4c7ea-3575-41d6-9287-70bd6e3567dd:192.168.151.75:35260, 829bacd9-64a1-4193-8e1a-e4a73c9ba220:192.168.151.75:43193] with ContainerStateMachine:uninitialized
2019-10-07 23:30:18,154 [pool-207-thread-1] INFO  server.RaftServerConfigKeys (ConfUtils.java:logGet(43)) - raft.server.rpc.timeout.min = 5s (custom)
2019-10-07 23:30:18,154 [pool-207-thread-1] INFO  server.RaftServerConfigKeys (ConfUtils.java:logGet(43)) - raft.server.rpc.timeout.max = 5200ms (custom)
2019-10-07 23:30:18,155 [pool-207-thread-1] INFO  server.RaftServerConfigKeys (ConfUtils.java:logGet(43)) - raft.server.rpcslowness.timeout = 120s (custom)
2019-10-07 23:30:18,155 [pool-207-thread-1] INFO  server.RaftServerConfigKeys (ConfUtils.java:logGet(43)) - raft.server.sleep.deviation.threshold = 300 (default)
2019-10-07 23:30:18,155 [pool-207-thread-1] INFO  server.RaftServerConfigKeys (ConfUtils.java:logGet(43)) - raft.server.log.appender.install.snapshot.enabled = false (custom)
2019-10-07 23:30:18,155 [pool-217-thread-1] INFO  impl.RaftServerImpl (RaftServerImpl.java:<init>(95)) - f7b4c7ea-3575-41d6-9287-70bd6e3567dd: new RaftServerImpl for group-026EEE7A304D:[e36e47e5-1e3f-4d48-932e-d6c9017affe3:192.168.151.75:33647, f7b4c7ea-3575-41d6-9287-70bd6e3567dd:192.168.151.75:35260, 829bacd9-64a1-4193-8e1a-e4a73c9ba220:192.168.151.75:43193] with ContainerStateMachine:uninitialized
2019-10-07 23:30:18,155 [pool-207-thread-1] INFO  impl.RaftServerImpl (ServerState.java:<init>(103)) - e36e47e5-1e3f-4d48-932e-d6c9017affe3@group-026EEE7A304D: ConfigurationManager, init=-1: [e36e47e5-1e3f-4d48-932e-d6c9017affe3:192.168.151.75:33647, f7b4c7ea-3575-41d6-9287-70bd6e3567dd:192.168.151.75:35260, 829bacd9-64a1-4193-8e1a-e4a73c9ba220:192.168.151.75:43193], old=null, confs=<EMPTY_MAP>
2019-10-07 23:30:18,155 [pool-217-thread-1] INFO  server.RaftServerConfigKeys (ConfUtils.java:logGet(43)) - raft.server.rpc.timeout.min = 5s (custom)
2019-10-07 23:30:18,155 [pool-207-thread-1] INFO  server.RaftServerConfigKeys (ConfUtils.java:logGet(43)) - raft.server.storage.dir = [/workdir/hadoop-ozone/integration-test/target/test-dir/MiniOzoneClusterImpl-5e9621be-c945-401e-a048-ea7290b0a7f2/datanode-0/data/ratis] (custom)
2019-10-07 23:30:18,155 [pool-217-thread-1] INFO  server.RaftServerConfigKeys (ConfUtils.java:logGet(43)) - raft.server.rpc.timeout.max = 5200ms (custom)
2019-10-07 23:30:18,156 [pool-207-thread-1] INFO  server.RaftServerConfigKeys (ConfUtils.java:logGet(43)) - raft.server.log.corruption.policy = EXCEPTION (default)
2019-10-07 23:30:18,156 [pool-217-thread-1] INFO  server.RaftServerConfigKeys (ConfUtils.java:logGet(43)) - raft.server.rpcslowness.timeout = 120s (custom)
2019-10-07 23:30:18,156 [pool-207-thread-1] INFO  storage.RaftStorageDirectory (RaftStorageDirectory.java:analyzeStorage(246)) - The storage directory /workdir/hadoop-ozone/integration-test/target/test-dir/MiniOzoneClusterImpl-5e9621be-c945-401e-a048-ea7290b0a7f2/datanode-0/data/ratis/d4131c2f-7abd-41d2-8b47-026eee7a304d does not exist. Creating ...
2019-10-07 23:30:18,156 [pool-217-thread-1] INFO  server.RaftServerConfigKeys (ConfUtils.java:logGet(43)) - raft.server.sleep.deviation.threshold = 300 (default)
2019-10-07 23:30:18,156 [IPC Server handler 2 on 39015] INFO  net.NetworkTopology (NetworkTopologyImpl.java:add(111)) - Added a new node: /default-rack/71fe9c48-ef70-445b-89d4-550c4f010b84
2019-10-07 23:30:18,156 [pool-227-thread-1] INFO  impl.RaftServerImpl (RaftServerImpl.java:<init>(95)) - 829bacd9-64a1-4193-8e1a-e4a73c9ba220: new RaftServerImpl for group-026EEE7A304D:[e36e47e5-1e3f-4d48-932e-d6c9017affe3:192.168.151.75:33647, f7b4c7ea-3575-41d6-9287-70bd6e3567dd:192.168.151.75:35260, 829bacd9-64a1-4193-8e1a-e4a73c9ba220:192.168.151.75:43193] with ContainerStateMachine:uninitialized
2019-10-07 23:30:18,156 [IPC Server handler 2 on 39015] INFO  node.SCMNodeManager (SCMNodeManager.java:register(268)) - Registered Data node : 71fe9c48-ef70-445b-89d4-550c4f010b84{ip: 192.168.151.75, host: pr-hdds-1868-k864b-3611000933, networkLocation: /default-rack, certSerialId: null}
2019-10-07 23:30:18,156 [pool-217-thread-1] INFO  server.RaftServerConfigKeys (ConfUtils.java:logGet(43)) - raft.server.log.appender.install.snapshot.enabled = false (custom)
2019-10-07 23:30:18,157 [pool-227-thread-1] INFO  server.RaftServerConfigKeys (ConfUtils.java:logGet(43)) - raft.server.rpc.timeout.min = 5s (custom)
2019-10-07 23:30:18,157 [pool-217-thread-1] INFO  impl.RaftServerImpl (ServerState.java:<init>(103)) - f7b4c7ea-3575-41d6-9287-70bd6e3567dd@group-026EEE7A304D: ConfigurationManager, init=-1: [e36e47e5-1e3f-4d48-932e-d6c9017affe3:192.168.151.75:33647, f7b4c7ea-3575-41d6-9287-70bd6e3567dd:192.168.151.75:35260, 829bacd9-64a1-4193-8e1a-e4a73c9ba220:192.168.151.75:43193], old=null, confs=<EMPTY_MAP>
2019-10-07 23:30:18,157 [pool-227-thread-1] INFO  server.RaftServerConfigKeys (ConfUtils.java:logGet(43)) - raft.server.rpc.timeout.max = 5200ms (custom)
2019-10-07 23:30:18,157 [pool-217-thread-1] INFO  server.RaftServerConfigKeys (ConfUtils.java:logGet(43)) - raft.server.storage.dir = [/workdir/hadoop-ozone/integration-test/target/test-dir/MiniOzoneClusterImpl-5e9621be-c945-401e-a048-ea7290b0a7f2/datanode-1/data/ratis] (custom)
2019-10-07 23:30:18,157 [pool-227-thread-1] INFO  server.RaftServerConfigKeys (ConfUtils.java:logGet(43)) - raft.server.rpcslowness.timeout = 120s (custom)
2019-10-07 23:30:18,158 [pool-217-thread-1] INFO  server.RaftServerConfigKeys (ConfUtils.java:logGet(43)) - raft.server.log.corruption.policy = EXCEPTION (default)
2019-10-07 23:30:18,158 [pool-227-thread-1] INFO  server.RaftServerConfigKeys (ConfUtils.java:logGet(43)) - raft.server.sleep.deviation.threshold = 300 (default)
2019-10-07 23:30:18,158 [pool-217-thread-1] INFO  storage.RaftStorageDirectory (RaftStorageDirectory.java:analyzeStorage(246)) - The storage directory /workdir/hadoop-ozone/integration-test/target/test-dir/MiniOzoneClusterImpl-5e9621be-c945-401e-a048-ea7290b0a7f2/datanode-1/data/ratis/d4131c2f-7abd-41d2-8b47-026eee7a304d does not exist. Creating ...
2019-10-07 23:30:18,158 [pool-227-thread-1] INFO  server.RaftServerConfigKeys (ConfUtils.java:logGet(43)) - raft.server.log.appender.install.snapshot.enabled = false (custom)
2019-10-07 23:30:18,159 [pool-227-thread-1] INFO  impl.RaftServerImpl (ServerState.java:<init>(103)) - 829bacd9-64a1-4193-8e1a-e4a73c9ba220@group-026EEE7A304D: ConfigurationManager, init=-1: [e36e47e5-1e3f-4d48-932e-d6c9017affe3:192.168.151.75:33647, f7b4c7ea-3575-41d6-9287-70bd6e3567dd:192.168.151.75:35260, 829bacd9-64a1-4193-8e1a-e4a73c9ba220:192.168.151.75:43193], old=null, confs=<EMPTY_MAP>
2019-10-07 23:30:18,159 [pool-227-thread-1] INFO  server.RaftServerConfigKeys (ConfUtils.java:logGet(43)) - raft.server.storage.dir = [/workdir/hadoop-ozone/integration-test/target/test-dir/MiniOzoneClusterImpl-5e9621be-c945-401e-a048-ea7290b0a7f2/datanode-2/data/ratis] (custom)
2019-10-07 23:30:18,159 [pool-227-thread-1] INFO  server.RaftServerConfigKeys (ConfUtils.java:logGet(43)) - raft.server.log.corruption.policy = EXCEPTION (default)
2019-10-07 23:30:18,159 [pool-227-thread-1] INFO  storage.RaftStorageDirectory (RaftStorageDirectory.java:analyzeStorage(246)) - The storage directory /workdir/hadoop-ozone/integration-test/target/test-dir/MiniOzoneClusterImpl-5e9621be-c945-401e-a048-ea7290b0a7f2/datanode-2/data/ratis/d4131c2f-7abd-41d2-8b47-026eee7a304d does not exist. Creating ...
2019-10-07 23:30:18,181 [pool-207-thread-1] INFO  storage.RaftStorageDirectory (RaftStorageDirectory.java:tryLock(328)) - Lock on /workdir/hadoop-ozone/integration-test/target/test-dir/MiniOzoneClusterImpl-5e9621be-c945-401e-a048-ea7290b0a7f2/datanode-0/data/ratis/d4131c2f-7abd-41d2-8b47-026eee7a304d/in_use.lock acquired by nodename 21128@pr-hdds-1868-k864b-3611000933
2019-10-07 23:30:18,181 [pool-227-thread-1] INFO  storage.RaftStorageDirectory (RaftStorageDirectory.java:tryLock(328)) - Lock on /workdir/hadoop-ozone/integration-test/target/test-dir/MiniOzoneClusterImpl-5e9621be-c945-401e-a048-ea7290b0a7f2/datanode-2/data/ratis/d4131c2f-7abd-41d2-8b47-026eee7a304d/in_use.lock acquired by nodename 21128@pr-hdds-1868-k864b-3611000933
2019-10-07 23:30:18,181 [pool-217-thread-1] INFO  storage.RaftStorageDirectory (RaftStorageDirectory.java:tryLock(328)) - Lock on /workdir/hadoop-ozone/integration-test/target/test-dir/MiniOzoneClusterImpl-5e9621be-c945-401e-a048-ea7290b0a7f2/datanode-1/data/ratis/d4131c2f-7abd-41d2-8b47-026eee7a304d/in_use.lock acquired by nodename 21128@pr-hdds-1868-k864b-3611000933
2019-10-07 23:30:18,207 [pool-207-thread-1] INFO  storage.RaftStorage (RaftStorage.java:format(84)) - Storage directory /workdir/hadoop-ozone/integration-test/target/test-dir/MiniOzoneClusterImpl-5e9621be-c945-401e-a048-ea7290b0a7f2/datanode-0/data/ratis/d4131c2f-7abd-41d2-8b47-026eee7a304d has been successfully formatted.
2019-10-07 23:30:18,207 [pool-227-thread-1] INFO  storage.RaftStorage (RaftStorage.java:format(84)) - Storage directory /workdir/hadoop-ozone/integration-test/target/test-dir/MiniOzoneClusterImpl-5e9621be-c945-401e-a048-ea7290b0a7f2/datanode-2/data/ratis/d4131c2f-7abd-41d2-8b47-026eee7a304d has been successfully formatted.
2019-10-07 23:30:18,207 [pool-217-thread-1] INFO  storage.RaftStorage (RaftStorage.java:format(84)) - Storage directory /workdir/hadoop-ozone/integration-test/target/test-dir/MiniOzoneClusterImpl-5e9621be-c945-401e-a048-ea7290b0a7f2/datanode-1/data/ratis/d4131c2f-7abd-41d2-8b47-026eee7a304d has been successfully formatted.
2019-10-07 23:30:18,208 [pool-227-thread-1] INFO  ratis.ContainerStateMachine (ContainerStateMachine.java:loadSnapshot(233)) - group-026EEE7A304D: The snapshot info is null. Setting the last applied indexto:(t:0, i:~)
2019-10-07 23:30:18,207 [pool-207-thread-1] INFO  ratis.ContainerStateMachine (ContainerStateMachine.java:loadSnapshot(233)) - group-026EEE7A304D: The snapshot info is null. Setting the last applied indexto:(t:0, i:~)
2019-10-07 23:30:18,208 [pool-227-thread-1] INFO  server.RaftServerConfigKeys (ConfUtils.java:logGet(43)) - raft.server.notification.no-leader.timeout = 120s (custom)
2019-10-07 23:30:18,208 [pool-217-thread-1] INFO  ratis.ContainerStateMachine (ContainerStateMachine.java:loadSnapshot(233)) - group-026EEE7A304D: The snapshot info is null. Setting the last applied indexto:(t:0, i:~)
2019-10-07 23:30:18,208 [pool-227-thread-1] INFO  server.RaftServerConfigKeys (ConfUtils.java:logGet(43)) - raft.server.log.use.memory = false (default)
2019-10-07 23:30:18,208 [pool-207-thread-1] INFO  server.RaftServerConfigKeys (ConfUtils.java:logGet(43)) - raft.server.notification.no-leader.timeout = 120s (custom)
2019-10-07 23:30:18,209 [pool-227-thread-1] INFO  server.RaftServerConfigKeys (ConfUtils.java:logGet(43)) - raft.server.log.purge.gap = 1000000 (custom)
2019-10-07 23:30:18,208 [pool-217-thread-1] INFO  server.RaftServerConfigKeys (ConfUtils.java:logGet(43)) - raft.server.notification.no-leader.timeout = 120s (custom)
2019-10-07 23:30:18,209 [pool-227-thread-1] INFO  server.RaftServerConfigKeys (ConfUtils.java:logGet(43)) - raft.server.log.appender.buffer.byte-limit = 33554432 (custom)
2019-10-07 23:30:18,209 [pool-207-thread-1] INFO  server.RaftServerConfigKeys (ConfUtils.java:logGet(43)) - raft.server.log.use.memory = false (default)
2019-10-07 23:30:18,209 [pool-227-thread-1] INFO  server.RaftServerConfigKeys (ConfUtils.java:logGet(43)) - raft.server.log.segment.size.max = 1048576 (custom)
2019-10-07 23:30:18,209 [pool-217-thread-1] INFO  server.RaftServerConfigKeys (ConfUtils.java:logGet(43)) - raft.server.log.use.memory = false (default)
2019-10-07 23:30:18,210 [pool-227-thread-1] INFO  server.RaftServerConfigKeys (ConfUtils.java:logGet(43)) - raft.server.log.segment.cache.num.max = 2 (custom)
2019-10-07 23:30:18,209 [pool-207-thread-1] INFO  server.RaftServerConfigKeys (ConfUtils.java:logGet(43)) - raft.server.log.purge.gap = 1000000 (custom)
2019-10-07 23:30:18,210 [pool-227-thread-1] INFO  segmented.SegmentedRaftLogWorker (SegmentedRaftLogWorker.java:<init>(173)) - new 829bacd9-64a1-4193-8e1a-e4a73c9ba220@group-026EEE7A304D-SegmentedRaftLogWorker for RaftStorage:Storage Directory /workdir/hadoop-ozone/integration-test/target/test-dir/MiniOzoneClusterImpl-5e9621be-c945-401e-a048-ea7290b0a7f2/datanode-2/data/ratis/d4131c2f-7abd-41d2-8b47-026eee7a304d
2019-10-07 23:30:18,210 [pool-217-thread-1] INFO  server.RaftServerConfigKeys (ConfUtils.java:logGet(43)) - raft.server.log.purge.gap = 1000000 (custom)
2019-10-07 23:30:18,210 [pool-227-thread-1] INFO  server.RaftServerConfigKeys (ConfUtils.java:logGet(43)) - raft.server.log.queue.byte-limit = 2147483647 (custom)
2019-10-07 23:30:18,210 [pool-207-thread-1] INFO  server.RaftServerConfigKeys (ConfUtils.java:logGet(43)) - raft.server.log.appender.buffer.byte-limit = 33554432 (custom)
2019-10-07 23:30:18,211 [pool-227-thread-1] INFO  server.RaftServerConfigKeys (ConfUtils.java:logGet(43)) - raft.server.log.queue.element-limit = 1024 (custom)
2019-10-07 23:30:18,210 [pool-217-thread-1] INFO  server.RaftServerConfigKeys (ConfUtils.java:logGet(43)) - raft.server.log.appender.buffer.byte-limit = 33554432 (custom)
2019-10-07 23:30:18,211 [pool-227-thread-1] INFO  server.RaftServerConfigKeys (ConfUtils.java:logGet(43)) - raft.server.log.segment.size.max = 1048576 (custom)
2019-10-07 23:30:18,211 [pool-207-thread-1] INFO  server.RaftServerConfigKeys (ConfUtils.java:logGet(43)) - raft.server.log.segment.size.max = 1048576 (custom)
2019-10-07 23:30:18,211 [pool-227-thread-1] INFO  server.RaftServerConfigKeys (ConfUtils.java:logGet(43)) - raft.server.log.preallocated.size = 16384 (custom)
2019-10-07 23:30:18,211 [pool-217-thread-1] INFO  server.RaftServerConfigKeys (ConfUtils.java:logGet(43)) - raft.server.log.segment.size.max = 1048576 (custom)
2019-10-07 23:30:18,212 [pool-227-thread-1] INFO  server.RaftServerConfigKeys (ConfUtils.java:logGet(43)) - raft.server.log.write.buffer.size = 33554432 (custom)
2019-10-07 23:30:18,211 [pool-207-thread-1] INFO  server.RaftServerConfigKeys (ConfUtils.java:logGet(43)) - raft.server.log.segment.cache.num.max = 2 (custom)
2019-10-07 23:30:18,212 [pool-227-thread-1] INFO  server.RaftServerConfigKeys (ConfUtils.java:logGet(43)) - raft.server.log.force.sync.num = 128 (default)
2019-10-07 23:30:18,212 [pool-217-thread-1] INFO  server.RaftServerConfigKeys (ConfUtils.java:logGet(43)) - raft.server.log.segment.cache.num.max = 2 (custom)
2019-10-07 23:30:18,212 [pool-227-thread-1] INFO  server.RaftServerConfigKeys (ConfUtils.java:logGet(43)) - raft.server.log.statemachine.data.sync = true (default)
2019-10-07 23:30:18,212 [pool-207-thread-1] INFO  segmented.SegmentedRaftLogWorker (SegmentedRaftLogWorker.java:<init>(173)) - new e36e47e5-1e3f-4d48-932e-d6c9017affe3@group-026EEE7A304D-SegmentedRaftLogWorker for RaftStorage:Storage Directory /workdir/hadoop-ozone/integration-test/target/test-dir/MiniOzoneClusterImpl-5e9621be-c945-401e-a048-ea7290b0a7f2/datanode-0/data/ratis/d4131c2f-7abd-41d2-8b47-026eee7a304d
2019-10-07 23:30:18,213 [pool-227-thread-1] INFO  server.RaftServerConfigKeys (ConfUtils.java:logGet(43)) - raft.server.log.statemachine.data.sync.timeout = 10s (default)
2019-10-07 23:30:18,213 [pool-217-thread-1] INFO  segmented.SegmentedRaftLogWorker (SegmentedRaftLogWorker.java:<init>(173)) - new f7b4c7ea-3575-41d6-9287-70bd6e3567dd@group-026EEE7A304D-SegmentedRaftLogWorker for RaftStorage:Storage Directory /workdir/hadoop-ozone/integration-test/target/test-dir/MiniOzoneClusterImpl-5e9621be-c945-401e-a048-ea7290b0a7f2/datanode-1/data/ratis/d4131c2f-7abd-41d2-8b47-026eee7a304d
2019-10-07 23:30:18,213 [pool-227-thread-1] INFO  server.RaftServerConfigKeys (ConfUtils.java:logGet(43)) - raft.server.log.statemachine.data.sync.timeout.retry = -1 (default)
2019-10-07 23:30:18,213 [pool-207-thread-1] INFO  server.RaftServerConfigKeys (ConfUtils.java:logGet(43)) - raft.server.log.queue.byte-limit = 2147483647 (custom)
2019-10-07 23:30:18,214 [pool-227-thread-1] INFO  server.RaftServerConfigKeys (ConfUtils.java:logGet(43)) - raft.server.log.statemachine.data.caching.enabled = true (custom)
2019-10-07 23:30:18,213 [pool-217-thread-1] INFO  server.RaftServerConfigKeys (ConfUtils.java:logGet(43)) - raft.server.log.queue.byte-limit = 2147483647 (custom)
2019-10-07 23:30:18,214 [pool-207-thread-1] INFO  server.RaftServerConfigKeys (ConfUtils.java:logGet(43)) - raft.server.log.queue.element-limit = 1024 (custom)
2019-10-07 23:30:18,214 [pool-227-thread-1] INFO  segmented.SegmentedRaftLogWorker (SegmentedRaftLogWorker.java:lambda$new$0(128)) - 829bacd9-64a1-4193-8e1a-e4a73c9ba220@group-026EEE7A304D-SegmentedRaftLogWorker: flushIndex: setUnconditionally 0 -> -1
2019-10-07 23:30:18,214 [pool-217-thread-1] INFO  server.RaftServerConfigKeys (ConfUtils.java:logGet(43)) - raft.server.log.queue.element-limit = 1024 (custom)
2019-10-07 23:30:18,214 [pool-207-thread-1] INFO  server.RaftServerConfigKeys (ConfUtils.java:logGet(43)) - raft.server.log.segment.size.max = 1048576 (custom)
2019-10-07 23:30:18,214 [pool-227-thread-1] INFO  server.RaftServerConfigKeys (ConfUtils.java:logGet(43)) - raft.server.snapshot.auto.trigger.enabled = true (custom)
2019-10-07 23:30:18,214 [pool-217-thread-1] INFO  server.RaftServerConfigKeys (ConfUtils.java:logGet(43)) - raft.server.log.segment.size.max = 1048576 (custom)
2019-10-07 23:30:18,215 [pool-227-thread-1] INFO  server.RaftServerConfigKeys (ConfUtils.java:logGet(43)) - raft.server.snapshot.auto.trigger.threshold = 10000 (custom)
2019-10-07 23:30:18,215 [pool-207-thread-1] INFO  server.RaftServerConfigKeys (ConfUtils.java:logGet(43)) - raft.server.log.preallocated.size = 16384 (custom)
2019-10-07 23:30:18,215 [pool-227-thread-1] INFO  server.RaftServerConfigKeys (ConfUtils.java:logGet(43)) - raft.server.snapshot.retention.file.num = 5 (custom)
2019-10-07 23:30:18,215 [pool-217-thread-1] INFO  server.RaftServerConfigKeys (ConfUtils.java:logGet(43)) - raft.server.log.preallocated.size = 16384 (custom)
2019-10-07 23:30:18,215 [pool-227-thread-1] INFO  server.RaftServerConfigKeys (ConfUtils.java:logGet(43)) - raft.server.retrycache.expirytime = 600000ms (custom)
2019-10-07 23:30:18,215 [pool-207-thread-1] INFO  server.RaftServerConfigKeys (ConfUtils.java:logGet(43)) - raft.server.log.write.buffer.size = 33554432 (custom)
2019-10-07 23:30:18,216 [pool-217-thread-1] INFO  server.RaftServerConfigKeys (ConfUtils.java:logGet(43)) - raft.server.log.write.buffer.size = 33554432 (custom)
2019-10-07 23:30:18,216 [pool-207-thread-1] INFO  server.RaftServerConfigKeys (ConfUtils.java:logGet(43)) - raft.server.log.force.sync.num = 128 (default)
2019-10-07 23:30:18,216 [pool-217-thread-1] INFO  server.RaftServerConfigKeys (ConfUtils.java:logGet(43)) - raft.server.log.force.sync.num = 128 (default)
2019-10-07 23:30:18,216 [pool-207-thread-1] INFO  server.RaftServerConfigKeys (ConfUtils.java:logGet(43)) - raft.server.log.statemachine.data.sync = true (default)
2019-10-07 23:30:18,216 [pool-217-thread-1] INFO  server.RaftServerConfigKeys (ConfUtils.java:logGet(43)) - raft.server.log.statemachine.data.sync = true (default)
2019-10-07 23:30:18,216 [pool-207-thread-1] INFO  server.RaftServerConfigKeys (ConfUtils.java:logGet(43)) - raft.server.log.statemachine.data.sync.timeout = 10s (default)
2019-10-07 23:30:18,217 [pool-217-thread-1] INFO  server.RaftServerConfigKeys (ConfUtils.java:logGet(43)) - raft.server.log.statemachine.data.sync.timeout = 10s (default)
2019-10-07 23:30:18,217 [pool-207-thread-1] INFO  server.RaftServerConfigKeys (ConfUtils.java:logGet(43)) - raft.server.log.statemachine.data.sync.timeout.retry = -1 (default)
2019-10-07 23:30:18,217 [pool-217-thread-1] INFO  server.RaftServerConfigKeys (ConfUtils.java:logGet(43)) - raft.server.log.statemachine.data.sync.timeout.retry = -1 (default)
2019-10-07 23:30:18,217 [pool-207-thread-1] INFO  server.RaftServerConfigKeys (ConfUtils.java:logGet(43)) - raft.server.log.statemachine.data.caching.enabled = true (custom)
2019-10-07 23:30:18,217 [pool-217-thread-1] INFO  server.RaftServerConfigKeys (ConfUtils.java:logGet(43)) - raft.server.log.statemachine.data.caching.enabled = true (custom)
2019-10-07 23:30:18,218 [pool-207-thread-1] INFO  segmented.SegmentedRaftLogWorker (SegmentedRaftLogWorker.java:lambda$new$0(128)) - e36e47e5-1e3f-4d48-932e-d6c9017affe3@group-026EEE7A304D-SegmentedRaftLogWorker: flushIndex: setUnconditionally 0 -> -1
2019-10-07 23:30:18,218 [pool-217-thread-1] INFO  segmented.SegmentedRaftLogWorker (SegmentedRaftLogWorker.java:lambda$new$0(128)) - f7b4c7ea-3575-41d6-9287-70bd6e3567dd@group-026EEE7A304D-SegmentedRaftLogWorker: flushIndex: setUnconditionally 0 -> -1
2019-10-07 23:30:18,218 [pool-207-thread-1] INFO  server.RaftServerConfigKeys (ConfUtils.java:logGet(43)) - raft.server.snapshot.auto.trigger.enabled = true (custom)
2019-10-07 23:30:18,218 [pool-207-thread-1] INFO  server.RaftServerConfigKeys (ConfUtils.java:logGet(43)) - raft.server.snapshot.auto.trigger.threshold = 10000 (custom)
2019-10-07 23:30:18,218 [pool-217-thread-1] INFO  server.RaftServerConfigKeys (ConfUtils.java:logGet(43)) - raft.server.snapshot.auto.trigger.enabled = true (custom)
2019-10-07 23:30:18,218 [pool-207-thread-1] INFO  server.RaftServerConfigKeys (ConfUtils.java:logGet(43)) - raft.server.snapshot.retention.file.num = 5 (custom)
2019-10-07 23:30:18,218 [pool-217-thread-1] INFO  server.RaftServerConfigKeys (ConfUtils.java:logGet(43)) - raft.server.snapshot.auto.trigger.threshold = 10000 (custom)
2019-10-07 23:30:18,218 [pool-227-thread-1] INFO  impl.RaftServerImpl (RaftServerImpl.java:start(181)) - 829bacd9-64a1-4193-8e1a-e4a73c9ba220@group-026EEE7A304D: start as a follower, conf=-1: [e36e47e5-1e3f-4d48-932e-d6c9017affe3:192.168.151.75:33647, f7b4c7ea-3575-41d6-9287-70bd6e3567dd:192.168.151.75:35260, 829bacd9-64a1-4193-8e1a-e4a73c9ba220:192.168.151.75:43193], old=null
2019-10-07 23:30:18,219 [pool-217-thread-1] INFO  server.RaftServerConfigKeys (ConfUtils.java:logGet(43)) - raft.server.snapshot.retention.file.num = 5 (custom)
2019-10-07 23:30:18,219 [pool-207-thread-1] INFO  server.RaftServerConfigKeys (ConfUtils.java:logGet(43)) - raft.server.retrycache.expirytime = 600000ms (custom)
2019-10-07 23:30:18,219 [pool-217-thread-1] INFO  server.RaftServerConfigKeys (ConfUtils.java:logGet(43)) - raft.server.retrycache.expirytime = 600000ms (custom)
2019-10-07 23:30:18,219 [pool-227-thread-1] INFO  impl.RaftServerImpl (RaftServerImpl.java:setRole(170)) - 829bacd9-64a1-4193-8e1a-e4a73c9ba220@group-026EEE7A304D: changes role from      null to FOLLOWER at term 0 for startAsFollower
2019-10-07 23:30:18,219 [pool-227-thread-1] INFO  impl.RoleInfo (RoleInfo.java:updateAndGet(143)) - 829bacd9-64a1-4193-8e1a-e4a73c9ba220: start FollowerState
2019-10-07 23:30:18,220 [pool-227-thread-1] INFO  util.JmxRegister (JmxRegister.java:tryRegister(44)) - Successfully registered JMX Bean with object name Ratis:service=RaftServer,group=group-026EEE7A304D,id=829bacd9-64a1-4193-8e1a-e4a73c9ba220
2019-10-07 23:30:18,223 [pool-207-thread-1] INFO  impl.RaftServerImpl (RaftServerImpl.java:start(181)) - e36e47e5-1e3f-4d48-932e-d6c9017affe3@group-026EEE7A304D: start as a follower, conf=-1: [e36e47e5-1e3f-4d48-932e-d6c9017affe3:192.168.151.75:33647, f7b4c7ea-3575-41d6-9287-70bd6e3567dd:192.168.151.75:35260, 829bacd9-64a1-4193-8e1a-e4a73c9ba220:192.168.151.75:43193], old=null
2019-10-07 23:30:18,223 [pool-207-thread-1] INFO  impl.RaftServerImpl (RaftServerImpl.java:setRole(170)) - e36e47e5-1e3f-4d48-932e-d6c9017affe3@group-026EEE7A304D: changes role from      null to FOLLOWER at term 0 for startAsFollower
2019-10-07 23:30:18,223 [pool-207-thread-1] INFO  impl.RoleInfo (RoleInfo.java:updateAndGet(143)) - e36e47e5-1e3f-4d48-932e-d6c9017affe3: start FollowerState
2019-10-07 23:30:18,223 [pool-217-thread-1] INFO  impl.RaftServerImpl (RaftServerImpl.java:start(181)) - f7b4c7ea-3575-41d6-9287-70bd6e3567dd@group-026EEE7A304D: start as a follower, conf=-1: [e36e47e5-1e3f-4d48-932e-d6c9017affe3:192.168.151.75:33647, f7b4c7ea-3575-41d6-9287-70bd6e3567dd:192.168.151.75:35260, 829bacd9-64a1-4193-8e1a-e4a73c9ba220:192.168.151.75:43193], old=null
2019-10-07 23:30:18,224 [pool-217-thread-1] INFO  impl.RaftServerImpl (RaftServerImpl.java:setRole(170)) - f7b4c7ea-3575-41d6-9287-70bd6e3567dd@group-026EEE7A304D: changes role from      null to FOLLOWER at term 0 for startAsFollower
2019-10-07 23:30:18,224 [pool-207-thread-1] INFO  util.JmxRegister (JmxRegister.java:tryRegister(44)) - Successfully registered JMX Bean with object name Ratis:service=RaftServer,group=group-026EEE7A304D,id=e36e47e5-1e3f-4d48-932e-d6c9017affe3
2019-10-07 23:30:18,224 [pool-217-thread-1] INFO  impl.RoleInfo (RoleInfo.java:updateAndGet(143)) - f7b4c7ea-3575-41d6-9287-70bd6e3567dd: start FollowerState
2019-10-07 23:30:18,225 [pool-217-thread-1] INFO  util.JmxRegister (JmxRegister.java:tryRegister(44)) - Successfully registered JMX Bean with object name Ratis:service=RaftServer,group=group-026EEE7A304D,id=f7b4c7ea-3575-41d6-9287-70bd6e3567dd
2019-10-07 23:30:18,230 [RatisPipelineUtilsThread] INFO  pipeline.PipelineStateManager (PipelineStateManager.java:addPipeline(57)) - Created pipeline Pipeline[ Id: d4131c2f-7abd-41d2-8b47-026eee7a304d, Nodes: e36e47e5-1e3f-4d48-932e-d6c9017affe3{ip: 192.168.151.75, host: pr-hdds-1868-k864b-3611000933, networkLocation: /default-rack, certSerialId: null}829bacd9-64a1-4193-8e1a-e4a73c9ba220{ip: 192.168.151.75, host: pr-hdds-1868-k864b-3611000933, networkLocation: /default-rack, certSerialId: null}f7b4c7ea-3575-41d6-9287-70bd6e3567dd{ip: 192.168.151.75, host: pr-hdds-1868-k864b-3611000933, networkLocation: /default-rack, certSerialId: null}, Type:RATIS, Factor:THREE, State:ALLOCATED]
2019-10-07 23:30:18,232 [IPC Server handler 4 on 39015] INFO  net.NetworkTopology (NetworkTopologyImpl.java:add(111)) - Added a new node: /default-rack/51a40bca-cd4b-4fd1-b3a8-cd441e83375c
2019-10-07 23:30:18,233 [IPC Server handler 4 on 39015] INFO  node.SCMNodeManager (SCMNodeManager.java:register(268)) - Registered Data node : 51a40bca-cd4b-4fd1-b3a8-cd441e83375c{ip: 192.168.151.75, host: pr-hdds-1868-k864b-3611000933, networkLocation: /default-rack, certSerialId: null}
2019-10-07 23:30:18,241 [grpc-default-executor-4] INFO  impl.RaftServerProxy (RaftServerProxy.java:addNew(89)) - 71fe9c48-ef70-445b-89d4-550c4f010b84: addNew group-F1A1F664506F:[71fe9c48-ef70-445b-89d4-550c4f010b84:192.168.151.75:34661] returns group-F1A1F664506F:java.util.concurrent.CompletableFuture@390f0f71[Not completed]
2019-10-07 23:30:18,242 [pool-237-thread-1] INFO  impl.RaftServerImpl (RaftServerImpl.java:<init>(95)) - 71fe9c48-ef70-445b-89d4-550c4f010b84: new RaftServerImpl for group-F1A1F664506F:[71fe9c48-ef70-445b-89d4-550c4f010b84:192.168.151.75:34661] with ContainerStateMachine:uninitialized
2019-10-07 23:30:18,242 [pool-237-thread-1] INFO  server.RaftServerConfigKeys (ConfUtils.java:logGet(43)) - raft.server.rpc.timeout.min = 5s (custom)
2019-10-07 23:30:18,243 [pool-237-thread-1] INFO  server.RaftServerConfigKeys (ConfUtils.java:logGet(43)) - raft.server.rpc.timeout.max = 5200ms (custom)
2019-10-07 23:30:18,243 [pool-237-thread-1] INFO  server.RaftServerConfigKeys (ConfUtils.java:logGet(43)) - raft.server.rpcslowness.timeout = 120s (custom)
2019-10-07 23:30:18,243 [pool-237-thread-1] INFO  server.RaftServerConfigKeys (ConfUtils.java:logGet(43)) - raft.server.sleep.deviation.threshold = 300 (default)
2019-10-07 23:30:18,243 [pool-237-thread-1] INFO  server.RaftServerConfigKeys (ConfUtils.java:logGet(43)) - raft.server.log.appender.install.snapshot.enabled = false (custom)
2019-10-07 23:30:18,243 [pool-237-thread-1] INFO  impl.RaftServerImpl (ServerState.java:<init>(103)) - 71fe9c48-ef70-445b-89d4-550c4f010b84@group-F1A1F664506F: ConfigurationManager, init=-1: [71fe9c48-ef70-445b-89d4-550c4f010b84:192.168.151.75:34661], old=null, confs=<EMPTY_MAP>
2019-10-07 23:30:18,243 [pool-237-thread-1] INFO  server.RaftServerConfigKeys (ConfUtils.java:logGet(43)) - raft.server.storage.dir = [/workdir/hadoop-ozone/integration-test/target/test-dir/MiniOzoneClusterImpl-5e9621be-c945-401e-a048-ea7290b0a7f2/datanode-3/data/ratis] (custom)
2019-10-07 23:30:18,244 [pool-237-thread-1] INFO  server.RaftServerConfigKeys (ConfUtils.java:logGet(43)) - raft.server.log.corruption.policy = EXCEPTION (default)
2019-10-07 23:30:18,244 [pool-237-thread-1] INFO  storage.RaftStorageDirectory (RaftStorageDirectory.java:analyzeStorage(246)) - The storage directory /workdir/hadoop-ozone/integration-test/target/test-dir/MiniOzoneClusterImpl-5e9621be-c945-401e-a048-ea7290b0a7f2/datanode-3/data/ratis/ce8128bb-a979-4d30-9923-f1a1f664506f does not exist. Creating ...
2019-10-07 23:30:18,248 [pool-237-thread-1] INFO  storage.RaftStorageDirectory (RaftStorageDirectory.java:tryLock(328)) - Lock on /workdir/hadoop-ozone/integration-test/target/test-dir/MiniOzoneClusterImpl-5e9621be-c945-401e-a048-ea7290b0a7f2/datanode-3/data/ratis/ce8128bb-a979-4d30-9923-f1a1f664506f/in_use.lock acquired by nodename 21128@pr-hdds-1868-k864b-3611000933
2019-10-07 23:30:18,267 [pool-237-thread-1] INFO  storage.RaftStorage (RaftStorage.java:format(84)) - Storage directory /workdir/hadoop-ozone/integration-test/target/test-dir/MiniOzoneClusterImpl-5e9621be-c945-401e-a048-ea7290b0a7f2/datanode-3/data/ratis/ce8128bb-a979-4d30-9923-f1a1f664506f has been successfully formatted.
2019-10-07 23:30:18,267 [pool-237-thread-1] INFO  ratis.ContainerStateMachine (ContainerStateMachine.java:loadSnapshot(233)) - group-F1A1F664506F: The snapshot info is null. Setting the last applied indexto:(t:0, i:~)
2019-10-07 23:30:18,267 [pool-237-thread-1] INFO  server.RaftServerConfigKeys (ConfUtils.java:logGet(43)) - raft.server.notification.no-leader.timeout = 120s (custom)
2019-10-07 23:30:18,268 [pool-237-thread-1] INFO  server.RaftServerConfigKeys (ConfUtils.java:logGet(43)) - raft.server.log.use.memory = false (default)
2019-10-07 23:30:18,268 [pool-237-thread-1] INFO  server.RaftServerConfigKeys (ConfUtils.java:logGet(43)) - raft.server.log.purge.gap = 1000000 (custom)
2019-10-07 23:30:18,268 [pool-237-thread-1] INFO  server.RaftServerConfigKeys (ConfUtils.java:logGet(43)) - raft.server.log.appender.buffer.byte-limit = 33554432 (custom)
2019-10-07 23:30:18,268 [pool-237-thread-1] INFO  server.RaftServerConfigKeys (ConfUtils.java:logGet(43)) - raft.server.log.segment.size.max = 1048576 (custom)
2019-10-07 23:30:18,270 [pool-237-thread-1] INFO  server.RaftServerConfigKeys (ConfUtils.java:logGet(43)) - raft.server.log.segment.cache.num.max = 2 (custom)
2019-10-07 23:30:18,270 [pool-237-thread-1] INFO  segmented.SegmentedRaftLogWorker (SegmentedRaftLogWorker.java:<init>(173)) - new 71fe9c48-ef70-445b-89d4-550c4f010b84@group-F1A1F664506F-SegmentedRaftLogWorker for RaftStorage:Storage Directory /workdir/hadoop-ozone/integration-test/target/test-dir/MiniOzoneClusterImpl-5e9621be-c945-401e-a048-ea7290b0a7f2/datanode-3/data/ratis/ce8128bb-a979-4d30-9923-f1a1f664506f
2019-10-07 23:30:18,270 [pool-237-thread-1] INFO  server.RaftServerConfigKeys (ConfUtils.java:logGet(43)) - raft.server.log.queue.byte-limit = 2147483647 (custom)
2019-10-07 23:30:18,270 [pool-237-thread-1] INFO  server.RaftServerConfigKeys (ConfUtils.java:logGet(43)) - raft.server.log.queue.element-limit = 1024 (custom)
2019-10-07 23:30:18,271 [pool-237-thread-1] INFO  server.RaftServerConfigKeys (ConfUtils.java:logGet(43)) - raft.server.log.segment.size.max = 1048576 (custom)
2019-10-07 23:30:18,271 [pool-237-thread-1] INFO  server.RaftServerConfigKeys (ConfUtils.java:logGet(43)) - raft.server.log.preallocated.size = 16384 (custom)
2019-10-07 23:30:18,271 [pool-237-thread-1] INFO  server.RaftServerConfigKeys (ConfUtils.java:logGet(43)) - raft.server.log.write.buffer.size = 33554432 (custom)
2019-10-07 23:30:18,271 [pool-237-thread-1] INFO  server.RaftServerConfigKeys (ConfUtils.java:logGet(43)) - raft.server.log.force.sync.num = 128 (default)
2019-10-07 23:30:18,271 [pool-237-thread-1] INFO  server.RaftServerConfigKeys (ConfUtils.java:logGet(43)) - raft.server.log.statemachine.data.sync = true (default)
2019-10-07 23:30:18,271 [pool-237-thread-1] INFO  server.RaftServerConfigKeys (ConfUtils.java:logGet(43)) - raft.server.log.statemachine.data.sync.timeout = 10s (default)
2019-10-07 23:30:18,271 [pool-237-thread-1] INFO  server.RaftServerConfigKeys (ConfUtils.java:logGet(43)) - raft.server.log.statemachine.data.sync.timeout.retry = -1 (default)
2019-10-07 23:30:18,272 [pool-237-thread-1] INFO  server.RaftServerConfigKeys (ConfUtils.java:logGet(43)) - raft.server.log.statemachine.data.caching.enabled = true (custom)
2019-10-07 23:30:18,272 [pool-237-thread-1] INFO  segmented.SegmentedRaftLogWorker (SegmentedRaftLogWorker.java:lambda$new$0(128)) - 71fe9c48-ef70-445b-89d4-550c4f010b84@group-F1A1F664506F-SegmentedRaftLogWorker: flushIndex: setUnconditionally 0 -> -1
2019-10-07 23:30:18,273 [pool-237-thread-1] INFO  server.RaftServerConfigKeys (ConfUtils.java:logGet(43)) - raft.server.snapshot.auto.trigger.enabled = true (custom)
2019-10-07 23:30:18,273 [pool-237-thread-1] INFO  server.RaftServerConfigKeys (ConfUtils.java:logGet(43)) - raft.server.snapshot.auto.trigger.threshold = 10000 (custom)
2019-10-07 23:30:18,273 [pool-237-thread-1] INFO  server.RaftServerConfigKeys (ConfUtils.java:logGet(43)) - raft.server.snapshot.retention.file.num = 5 (custom)
2019-10-07 23:30:18,273 [pool-237-thread-1] INFO  server.RaftServerConfigKeys (ConfUtils.java:logGet(43)) - raft.server.retrycache.expirytime = 600000ms (custom)
2019-10-07 23:30:18,275 [pool-237-thread-1] INFO  impl.RaftServerImpl (RaftServerImpl.java:start(181)) - 71fe9c48-ef70-445b-89d4-550c4f010b84@group-F1A1F664506F: start as a follower, conf=-1: [71fe9c48-ef70-445b-89d4-550c4f010b84:192.168.151.75:34661], old=null
2019-10-07 23:30:18,275 [pool-237-thread-1] INFO  impl.RaftServerImpl (RaftServerImpl.java:setRole(170)) - 71fe9c48-ef70-445b-89d4-550c4f010b84@group-F1A1F664506F: changes role from      null to FOLLOWER at term 0 for startAsFollower
2019-10-07 23:30:18,275 [pool-237-thread-1] INFO  impl.RoleInfo (RoleInfo.java:updateAndGet(143)) - 71fe9c48-ef70-445b-89d4-550c4f010b84: start FollowerState
2019-10-07 23:30:18,276 [pool-237-thread-1] INFO  util.JmxRegister (JmxRegister.java:tryRegister(44)) - Successfully registered JMX Bean with object name Ratis:service=RaftServer,group=group-F1A1F664506F,id=71fe9c48-ef70-445b-89d4-550c4f010b84
2019-10-07 23:30:18,280 [RatisPipelineUtilsThread] INFO  pipeline.PipelineStateManager (PipelineStateManager.java:addPipeline(57)) - Created pipeline Pipeline[ Id: ce8128bb-a979-4d30-9923-f1a1f664506f, Nodes: 71fe9c48-ef70-445b-89d4-550c4f010b84{ip: 192.168.151.75, host: pr-hdds-1868-k864b-3611000933, networkLocation: /default-rack, certSerialId: null}, Type:RATIS, Factor:ONE, State:ALLOCATED]
2019-10-07 23:30:18,289 [grpc-default-executor-4] INFO  impl.RaftServerProxy (RaftServerProxy.java:addNew(89)) - 51a40bca-cd4b-4fd1-b3a8-cd441e83375c: addNew group-8E3FBD60EC0D:[51a40bca-cd4b-4fd1-b3a8-cd441e83375c:192.168.151.75:38825] returns group-8E3FBD60EC0D:java.util.concurrent.CompletableFuture@11a10723[Not completed]
2019-10-07 23:30:18,290 [pool-247-thread-1] INFO  impl.RaftServerImpl (RaftServerImpl.java:<init>(95)) - 51a40bca-cd4b-4fd1-b3a8-cd441e83375c: new RaftServerImpl for group-8E3FBD60EC0D:[51a40bca-cd4b-4fd1-b3a8-cd441e83375c:192.168.151.75:38825] with ContainerStateMachine:uninitialized
2019-10-07 23:30:18,290 [pool-247-thread-1] INFO  server.RaftServerConfigKeys (ConfUtils.java:logGet(43)) - raft.server.rpc.timeout.min = 5s (custom)
2019-10-07 23:30:18,290 [pool-247-thread-1] INFO  server.RaftServerConfigKeys (ConfUtils.java:logGet(43)) - raft.server.rpc.timeout.max = 5200ms (custom)
2019-10-07 23:30:18,290 [pool-247-thread-1] INFO  server.RaftServerConfigKeys (ConfUtils.java:logGet(43)) - raft.server.rpcslowness.timeout = 120s (custom)
2019-10-07 23:30:18,290 [pool-247-thread-1] INFO  server.RaftServerConfigKeys (ConfUtils.java:logGet(43)) - raft.server.sleep.deviation.threshold = 300 (default)
2019-10-07 23:30:18,291 [pool-247-thread-1] INFO  server.RaftServerConfigKeys (ConfUtils.java:logGet(43)) - raft.server.log.appender.install.snapshot.enabled = false (custom)
2019-10-07 23:30:18,291 [pool-247-thread-1] INFO  impl.RaftServerImpl (ServerState.java:<init>(103)) - 51a40bca-cd4b-4fd1-b3a8-cd441e83375c@group-8E3FBD60EC0D: ConfigurationManager, init=-1: [51a40bca-cd4b-4fd1-b3a8-cd441e83375c:192.168.151.75:38825], old=null, confs=<EMPTY_MAP>
2019-10-07 23:30:18,291 [pool-247-thread-1] INFO  server.RaftServerConfigKeys (ConfUtils.java:logGet(43)) - raft.server.storage.dir = [/workdir/hadoop-ozone/integration-test/target/test-dir/MiniOzoneClusterImpl-5e9621be-c945-401e-a048-ea7290b0a7f2/datanode-4/data/ratis] (custom)
2019-10-07 23:30:18,291 [pool-247-thread-1] INFO  server.RaftServerConfigKeys (ConfUtils.java:logGet(43)) - raft.server.log.corruption.policy = EXCEPTION (default)
2019-10-07 23:30:18,291 [pool-247-thread-1] INFO  storage.RaftStorageDirectory (RaftStorageDirectory.java:analyzeStorage(246)) - The storage directory /workdir/hadoop-ozone/integration-test/target/test-dir/MiniOzoneClusterImpl-5e9621be-c945-401e-a048-ea7290b0a7f2/datanode-4/data/ratis/b456b28d-1ae2-4655-8fd7-8e3fbd60ec0d does not exist. Creating ...
2019-10-07 23:30:18,304 [pool-247-thread-1] INFO  storage.RaftStorageDirectory (RaftStorageDirectory.java:tryLock(328)) - Lock on /workdir/hadoop-ozone/integration-test/target/test-dir/MiniOzoneClusterImpl-5e9621be-c945-401e-a048-ea7290b0a7f2/datanode-4/data/ratis/b456b28d-1ae2-4655-8fd7-8e3fbd60ec0d/in_use.lock acquired by nodename 21128@pr-hdds-1868-k864b-3611000933
2019-10-07 23:30:18,304 [IPC Server handler 8 on 39015] INFO  net.NetworkTopology (NetworkTopologyImpl.java:add(111)) - Added a new node: /default-rack/1757d5fa-a161-4c0a-b504-ed724002c805
2019-10-07 23:30:18,304 [IPC Server handler 8 on 39015] INFO  node.SCMNodeManager (SCMNodeManager.java:register(268)) - Registered Data node : 1757d5fa-a161-4c0a-b504-ed724002c805{ip: 192.168.151.75, host: pr-hdds-1868-k864b-3611000933, networkLocation: /default-rack, certSerialId: null}
2019-10-07 23:30:18,317 [pool-247-thread-1] INFO  storage.RaftStorage (RaftStorage.java:format(84)) - Storage directory /workdir/hadoop-ozone/integration-test/target/test-dir/MiniOzoneClusterImpl-5e9621be-c945-401e-a048-ea7290b0a7f2/datanode-4/data/ratis/b456b28d-1ae2-4655-8fd7-8e3fbd60ec0d has been successfully formatted.
2019-10-07 23:30:18,317 [pool-247-thread-1] INFO  ratis.ContainerStateMachine (ContainerStateMachine.java:loadSnapshot(233)) - group-8E3FBD60EC0D: The snapshot info is null. Setting the last applied indexto:(t:0, i:~)
2019-10-07 23:30:18,317 [pool-247-thread-1] INFO  server.RaftServerConfigKeys (ConfUtils.java:logGet(43)) - raft.server.notification.no-leader.timeout = 120s (custom)
2019-10-07 23:30:18,317 [pool-247-thread-1] INFO  server.RaftServerConfigKeys (ConfUtils.java:logGet(43)) - raft.server.log.use.memory = false (default)
2019-10-07 23:30:18,317 [pool-247-thread-1] INFO  server.RaftServerConfigKeys (ConfUtils.java:logGet(43)) - raft.server.log.purge.gap = 1000000 (custom)
2019-10-07 23:30:18,318 [pool-247-thread-1] INFO  server.RaftServerConfigKeys (ConfUtils.java:logGet(43)) - raft.server.log.appender.buffer.byte-limit = 33554432 (custom)
2019-10-07 23:30:18,318 [pool-247-thread-1] INFO  server.RaftServerConfigKeys (ConfUtils.java:logGet(43)) - raft.server.log.segment.size.max = 1048576 (custom)
2019-10-07 23:30:18,320 [pool-247-thread-1] INFO  server.RaftServerConfigKeys (ConfUtils.java:logGet(43)) - raft.server.log.segment.cache.num.max = 2 (custom)
2019-10-07 23:30:18,320 [pool-247-thread-1] INFO  segmented.SegmentedRaftLogWorker (SegmentedRaftLogWorker.java:<init>(173)) - new 51a40bca-cd4b-4fd1-b3a8-cd441e83375c@group-8E3FBD60EC0D-SegmentedRaftLogWorker for RaftStorage:Storage Directory /workdir/hadoop-ozone/integration-test/target/test-dir/MiniOzoneClusterImpl-5e9621be-c945-401e-a048-ea7290b0a7f2/datanode-4/data/ratis/b456b28d-1ae2-4655-8fd7-8e3fbd60ec0d
2019-10-07 23:30:18,320 [pool-247-thread-1] INFO  server.RaftServerConfigKeys (ConfUtils.java:logGet(43)) - raft.server.log.queue.byte-limit = 2147483647 (custom)
2019-10-07 23:30:18,320 [pool-247-thread-1] INFO  server.RaftServerConfigKeys (ConfUtils.java:logGet(43)) - raft.server.log.queue.element-limit = 1024 (custom)
2019-10-07 23:30:18,320 [pool-247-thread-1] INFO  server.RaftServerConfigKeys (ConfUtils.java:logGet(43)) - raft.server.log.segment.size.max = 1048576 (custom)
2019-10-07 23:30:18,320 [pool-247-thread-1] INFO  server.RaftServerConfigKeys (ConfUtils.java:logGet(43)) - raft.server.log.preallocated.size = 16384 (custom)
2019-10-07 23:30:18,320 [pool-247-thread-1] INFO  server.RaftServerConfigKeys (ConfUtils.java:logGet(43)) - raft.server.log.write.buffer.size = 33554432 (custom)
2019-10-07 23:30:18,321 [pool-247-thread-1] INFO  server.RaftServerConfigKeys (ConfUtils.java:logGet(43)) - raft.server.log.force.sync.num = 128 (default)
2019-10-07 23:30:18,321 [pool-247-thread-1] INFO  server.RaftServerConfigKeys (ConfUtils.java:logGet(43)) - raft.server.log.statemachine.data.sync = true (default)
2019-10-07 23:30:18,321 [pool-247-thread-1] INFO  server.RaftServerConfigKeys (ConfUtils.java:logGet(43)) - raft.server.log.statemachine.data.sync.timeout = 10s (default)
2019-10-07 23:30:18,321 [pool-247-thread-1] INFO  server.RaftServerConfigKeys (ConfUtils.java:logGet(43)) - raft.server.log.statemachine.data.sync.timeout.retry = -1 (default)
2019-10-07 23:30:18,321 [pool-247-thread-1] INFO  server.RaftServerConfigKeys (ConfUtils.java:logGet(43)) - raft.server.log.statemachine.data.caching.enabled = true (custom)
2019-10-07 23:30:18,322 [pool-247-thread-1] INFO  segmented.SegmentedRaftLogWorker (SegmentedRaftLogWorker.java:lambda$new$0(128)) - 51a40bca-cd4b-4fd1-b3a8-cd441e83375c@group-8E3FBD60EC0D-SegmentedRaftLogWorker: flushIndex: setUnconditionally 0 -> -1
2019-10-07 23:30:18,322 [pool-247-thread-1] INFO  server.RaftServerConfigKeys (ConfUtils.java:logGet(43)) - raft.server.snapshot.auto.trigger.enabled = true (custom)
2019-10-07 23:30:18,322 [pool-247-thread-1] INFO  server.RaftServerConfigKeys (ConfUtils.java:logGet(43)) - raft.server.snapshot.auto.trigger.threshold = 10000 (custom)
2019-10-07 23:30:18,322 [pool-247-thread-1] INFO  server.RaftServerConfigKeys (ConfUtils.java:logGet(43)) - raft.server.snapshot.retention.file.num = 5 (custom)
2019-10-07 23:30:18,322 [pool-247-thread-1] INFO  server.RaftServerConfigKeys (ConfUtils.java:logGet(43)) - raft.server.retrycache.expirytime = 600000ms (custom)
2019-10-07 23:30:18,324 [pool-247-thread-1] INFO  impl.RaftServerImpl (RaftServerImpl.java:start(181)) - 51a40bca-cd4b-4fd1-b3a8-cd441e83375c@group-8E3FBD60EC0D: start as a follower, conf=-1: [51a40bca-cd4b-4fd1-b3a8-cd441e83375c:192.168.151.75:38825], old=null
2019-10-07 23:30:18,324 [pool-247-thread-1] INFO  impl.RaftServerImpl (RaftServerImpl.java:setRole(170)) - 51a40bca-cd4b-4fd1-b3a8-cd441e83375c@group-8E3FBD60EC0D: changes role from      null to FOLLOWER at term 0 for startAsFollower
2019-10-07 23:30:18,324 [pool-247-thread-1] INFO  impl.RoleInfo (RoleInfo.java:updateAndGet(143)) - 51a40bca-cd4b-4fd1-b3a8-cd441e83375c: start FollowerState
2019-10-07 23:30:18,324 [pool-247-thread-1] INFO  util.JmxRegister (JmxRegister.java:tryRegister(44)) - Successfully registered JMX Bean with object name Ratis:service=RaftServer,group=group-8E3FBD60EC0D,id=51a40bca-cd4b-4fd1-b3a8-cd441e83375c
2019-10-07 23:30:18,328 [RatisPipelineUtilsThread] INFO  pipeline.PipelineStateManager (PipelineStateManager.java:addPipeline(57)) - Created pipeline Pipeline[ Id: b456b28d-1ae2-4655-8fd7-8e3fbd60ec0d, Nodes: 51a40bca-cd4b-4fd1-b3a8-cd441e83375c{ip: 192.168.151.75, host: pr-hdds-1868-k864b-3611000933, networkLocation: /default-rack, certSerialId: null}, Type:RATIS, Factor:ONE, State:ALLOCATED]
2019-10-07 23:30:18,346 [grpc-default-executor-4] INFO  impl.RaftServerProxy (RaftServerProxy.java:addNew(89)) - 1757d5fa-a161-4c0a-b504-ed724002c805: addNew group-3103E35C02E3:[1757d5fa-a161-4c0a-b504-ed724002c805:192.168.151.75:37685] returns group-3103E35C02E3:java.util.concurrent.CompletableFuture@2d3e82be[Not completed]
2019-10-07 23:30:18,347 [pool-257-thread-1] INFO  impl.RaftServerImpl (RaftServerImpl.java:<init>(95)) - 1757d5fa-a161-4c0a-b504-ed724002c805: new RaftServerImpl for group-3103E35C02E3:[1757d5fa-a161-4c0a-b504-ed724002c805:192.168.151.75:37685] with ContainerStateMachine:uninitialized
2019-10-07 23:30:18,347 [pool-257-thread-1] INFO  server.RaftServerConfigKeys (ConfUtils.java:logGet(43)) - raft.server.rpc.timeout.min = 5s (custom)
2019-10-07 23:30:18,347 [pool-257-thread-1] INFO  server.RaftServerConfigKeys (ConfUtils.java:logGet(43)) - raft.server.rpc.timeout.max = 5200ms (custom)
2019-10-07 23:30:18,347 [pool-257-thread-1] INFO  server.RaftServerConfigKeys (ConfUtils.java:logGet(43)) - raft.server.rpcslowness.timeout = 120s (custom)
2019-10-07 23:30:18,347 [pool-257-thread-1] INFO  server.RaftServerConfigKeys (ConfUtils.java:logGet(43)) - raft.server.sleep.deviation.threshold = 300 (default)
2019-10-07 23:30:18,347 [pool-257-thread-1] INFO  server.RaftServerConfigKeys (ConfUtils.java:logGet(43)) - raft.server.log.appender.install.snapshot.enabled = false (custom)
2019-10-07 23:30:18,347 [pool-257-thread-1] INFO  impl.RaftServerImpl (ServerState.java:<init>(103)) - 1757d5fa-a161-4c0a-b504-ed724002c805@group-3103E35C02E3: ConfigurationManager, init=-1: [1757d5fa-a161-4c0a-b504-ed724002c805:192.168.151.75:37685], old=null, confs=<EMPTY_MAP>
2019-10-07 23:30:18,347 [pool-257-thread-1] INFO  server.RaftServerConfigKeys (ConfUtils.java:logGet(43)) - raft.server.storage.dir = [/workdir/hadoop-ozone/integration-test/target/test-dir/MiniOzoneClusterImpl-5e9621be-c945-401e-a048-ea7290b0a7f2/datanode-5/data/ratis] (custom)
2019-10-07 23:30:18,347 [pool-257-thread-1] INFO  server.RaftServerConfigKeys (ConfUtils.java:logGet(43)) - raft.server.log.corruption.policy = EXCEPTION (default)
2019-10-07 23:30:18,348 [pool-257-thread-1] INFO  storage.RaftStorageDirectory (RaftStorageDirectory.java:analyzeStorage(246)) - The storage directory /workdir/hadoop-ozone/integration-test/target/test-dir/MiniOzoneClusterImpl-5e9621be-c945-401e-a048-ea7290b0a7f2/datanode-5/data/ratis/ebcc27f8-4fd7-4460-83ab-3103e35c02e3 does not exist. Creating ...
2019-10-07 23:30:18,362 [pool-257-thread-1] INFO  storage.RaftStorageDirectory (RaftStorageDirectory.java:tryLock(328)) - Lock on /workdir/hadoop-ozone/integration-test/target/test-dir/MiniOzoneClusterImpl-5e9621be-c945-401e-a048-ea7290b0a7f2/datanode-5/data/ratis/ebcc27f8-4fd7-4460-83ab-3103e35c02e3/in_use.lock acquired by nodename 21128@pr-hdds-1868-k864b-3611000933
2019-10-07 23:30:18,368 [IPC Server handler 6 on 39015] INFO  net.NetworkTopology (NetworkTopologyImpl.java:add(111)) - Added a new node: /default-rack/514f190c-733c-43a5-9051-89b078470f15
2019-10-07 23:30:18,369 [IPC Server handler 6 on 39015] INFO  node.SCMNodeManager (SCMNodeManager.java:register(268)) - Registered Data node : 514f190c-733c-43a5-9051-89b078470f15{ip: 192.168.151.75, host: pr-hdds-1868-k864b-3611000933, networkLocation: /default-rack, certSerialId: null}
2019-10-07 23:30:18,375 [pool-257-thread-1] INFO  storage.RaftStorage (RaftStorage.java:format(84)) - Storage directory /workdir/hadoop-ozone/integration-test/target/test-dir/MiniOzoneClusterImpl-5e9621be-c945-401e-a048-ea7290b0a7f2/datanode-5/data/ratis/ebcc27f8-4fd7-4460-83ab-3103e35c02e3 has been successfully formatted.
2019-10-07 23:30:18,375 [pool-257-thread-1] INFO  ratis.ContainerStateMachine (ContainerStateMachine.java:loadSnapshot(233)) - group-3103E35C02E3: The snapshot info is null. Setting the last applied indexto:(t:0, i:~)
2019-10-07 23:30:18,375 [pool-257-thread-1] INFO  server.RaftServerConfigKeys (ConfUtils.java:logGet(43)) - raft.server.notification.no-leader.timeout = 120s (custom)
2019-10-07 23:30:18,375 [pool-257-thread-1] INFO  server.RaftServerConfigKeys (ConfUtils.java:logGet(43)) - raft.server.log.use.memory = false (default)
2019-10-07 23:30:18,375 [pool-257-thread-1] INFO  server.RaftServerConfigKeys (ConfUtils.java:logGet(43)) - raft.server.log.purge.gap = 1000000 (custom)
2019-10-07 23:30:18,375 [pool-257-thread-1] INFO  server.RaftServerConfigKeys (ConfUtils.java:logGet(43)) - raft.server.log.appender.buffer.byte-limit = 33554432 (custom)
2019-10-07 23:30:18,375 [pool-257-thread-1] INFO  server.RaftServerConfigKeys (ConfUtils.java:logGet(43)) - raft.server.log.segment.size.max = 1048576 (custom)
2019-10-07 23:30:18,377 [pool-257-thread-1] INFO  server.RaftServerConfigKeys (ConfUtils.java:logGet(43)) - raft.server.log.segment.cache.num.max = 2 (custom)
2019-10-07 23:30:18,377 [pool-257-thread-1] INFO  segmented.SegmentedRaftLogWorker (SegmentedRaftLogWorker.java:<init>(173)) - new 1757d5fa-a161-4c0a-b504-ed724002c805@group-3103E35C02E3-SegmentedRaftLogWorker for RaftStorage:Storage Directory /workdir/hadoop-ozone/integration-test/target/test-dir/MiniOzoneClusterImpl-5e9621be-c945-401e-a048-ea7290b0a7f2/datanode-5/data/ratis/ebcc27f8-4fd7-4460-83ab-3103e35c02e3
2019-10-07 23:30:18,377 [pool-257-thread-1] INFO  server.RaftServerConfigKeys (ConfUtils.java:logGet(43)) - raft.server.log.queue.byte-limit = 2147483647 (custom)
2019-10-07 23:30:18,377 [pool-257-thread-1] INFO  server.RaftServerConfigKeys (ConfUtils.java:logGet(43)) - raft.server.log.queue.element-limit = 1024 (custom)
2019-10-07 23:30:18,377 [pool-257-thread-1] INFO  server.RaftServerConfigKeys (ConfUtils.java:logGet(43)) - raft.server.log.segment.size.max = 1048576 (custom)
2019-10-07 23:30:18,377 [pool-257-thread-1] INFO  server.RaftServerConfigKeys (ConfUtils.java:logGet(43)) - raft.server.log.preallocated.size = 16384 (custom)
2019-10-07 23:30:18,377 [pool-257-thread-1] INFO  server.RaftServerConfigKeys (ConfUtils.java:logGet(43)) - raft.server.log.write.buffer.size = 33554432 (custom)
2019-10-07 23:30:18,377 [pool-257-thread-1] INFO  server.RaftServerConfigKeys (ConfUtils.java:logGet(43)) - raft.server.log.force.sync.num = 128 (default)
2019-10-07 23:30:18,377 [pool-257-thread-1] INFO  server.RaftServerConfigKeys (ConfUtils.java:logGet(43)) - raft.server.log.statemachine.data.sync = true (default)
2019-10-07 23:30:18,377 [pool-257-thread-1] INFO  server.RaftServerConfigKeys (ConfUtils.java:logGet(43)) - raft.server.log.statemachine.data.sync.timeout = 10s (default)
2019-10-07 23:30:18,377 [pool-257-thread-1] INFO  server.RaftServerConfigKeys (ConfUtils.java:logGet(43)) - raft.server.log.statemachine.data.sync.timeout.retry = -1 (default)
2019-10-07 23:30:18,378 [pool-257-thread-1] INFO  server.RaftServerConfigKeys (ConfUtils.java:logGet(43)) - raft.server.log.statemachine.data.caching.enabled = true (custom)
2019-10-07 23:30:18,378 [pool-257-thread-1] INFO  segmented.SegmentedRaftLogWorker (SegmentedRaftLogWorker.java:lambda$new$0(128)) - 1757d5fa-a161-4c0a-b504-ed724002c805@group-3103E35C02E3-SegmentedRaftLogWorker: flushIndex: setUnconditionally 0 -> -1
2019-10-07 23:30:18,378 [pool-257-thread-1] INFO  server.RaftServerConfigKeys (ConfUtils.java:logGet(43)) - raft.server.snapshot.auto.trigger.enabled = true (custom)
2019-10-07 23:30:18,378 [pool-257-thread-1] INFO  server.RaftServerConfigKeys (ConfUtils.java:logGet(43)) - raft.server.snapshot.auto.trigger.threshold = 10000 (custom)
2019-10-07 23:30:18,378 [pool-257-thread-1] INFO  server.RaftServerConfigKeys (ConfUtils.java:logGet(43)) - raft.server.snapshot.retention.file.num = 5 (custom)
2019-10-07 23:30:18,378 [pool-257-thread-1] INFO  server.RaftServerConfigKeys (ConfUtils.java:logGet(43)) - raft.server.retrycache.expirytime = 600000ms (custom)
2019-10-07 23:30:18,380 [pool-257-thread-1] INFO  impl.RaftServerImpl (RaftServerImpl.java:start(181)) - 1757d5fa-a161-4c0a-b504-ed724002c805@group-3103E35C02E3: start as a follower, conf=-1: [1757d5fa-a161-4c0a-b504-ed724002c805:192.168.151.75:37685], old=null
2019-10-07 23:30:18,380 [pool-257-thread-1] INFO  impl.RaftServerImpl (RaftServerImpl.java:setRole(170)) - 1757d5fa-a161-4c0a-b504-ed724002c805@group-3103E35C02E3: changes role from      null to FOLLOWER at term 0 for startAsFollower
2019-10-07 23:30:18,380 [pool-257-thread-1] INFO  impl.RoleInfo (RoleInfo.java:updateAndGet(143)) - 1757d5fa-a161-4c0a-b504-ed724002c805: start FollowerState
2019-10-07 23:30:18,380 [pool-257-thread-1] INFO  util.JmxRegister (JmxRegister.java:tryRegister(44)) - Successfully registered JMX Bean with object name Ratis:service=RaftServer,group=group-3103E35C02E3,id=1757d5fa-a161-4c0a-b504-ed724002c805
2019-10-07 23:30:18,384 [RatisPipelineUtilsThread] INFO  pipeline.PipelineStateManager (PipelineStateManager.java:addPipeline(57)) - Created pipeline Pipeline[ Id: ebcc27f8-4fd7-4460-83ab-3103e35c02e3, Nodes: 1757d5fa-a161-4c0a-b504-ed724002c805{ip: 192.168.151.75, host: pr-hdds-1868-k864b-3611000933, networkLocation: /default-rack, certSerialId: null}, Type:RATIS, Factor:ONE, State:ALLOCATED]
2019-10-07 23:30:18,392 [grpc-default-executor-4] INFO  impl.RaftServerProxy (RaftServerProxy.java:addNew(89)) - 514f190c-733c-43a5-9051-89b078470f15: addNew group-DEF3F53608F2:[514f190c-733c-43a5-9051-89b078470f15:192.168.151.75:40950] returns group-DEF3F53608F2:java.util.concurrent.CompletableFuture@2073e6c4[Not completed]
2019-10-07 23:30:18,394 [pool-267-thread-1] INFO  impl.RaftServerImpl (RaftServerImpl.java:<init>(95)) - 514f190c-733c-43a5-9051-89b078470f15: new RaftServerImpl for group-DEF3F53608F2:[514f190c-733c-43a5-9051-89b078470f15:192.168.151.75:40950] with ContainerStateMachine:uninitialized
2019-10-07 23:30:18,394 [pool-267-thread-1] INFO  server.RaftServerConfigKeys (ConfUtils.java:logGet(43)) - raft.server.rpc.timeout.min = 5s (custom)
2019-10-07 23:30:18,394 [pool-267-thread-1] INFO  server.RaftServerConfigKeys (ConfUtils.java:logGet(43)) - raft.server.rpc.timeout.max = 5200ms (custom)
2019-10-07 23:30:18,394 [pool-267-thread-1] INFO  server.RaftServerConfigKeys (ConfUtils.java:logGet(43)) - raft.server.rpcslowness.timeout = 120s (custom)
2019-10-07 23:30:18,395 [pool-267-thread-1] INFO  server.RaftServerConfigKeys (ConfUtils.java:logGet(43)) - raft.server.sleep.deviation.threshold = 300 (default)
2019-10-07 23:30:18,395 [pool-267-thread-1] INFO  server.RaftServerConfigKeys (ConfUtils.java:logGet(43)) - raft.server.log.appender.install.snapshot.enabled = false (custom)
2019-10-07 23:30:18,395 [pool-267-thread-1] INFO  impl.RaftServerImpl (ServerState.java:<init>(103)) - 514f190c-733c-43a5-9051-89b078470f15@group-DEF3F53608F2: ConfigurationManager, init=-1: [514f190c-733c-43a5-9051-89b078470f15:192.168.151.75:40950], old=null, confs=<EMPTY_MAP>
2019-10-07 23:30:18,395 [pool-267-thread-1] INFO  server.RaftServerConfigKeys (ConfUtils.java:logGet(43)) - raft.server.storage.dir = [/workdir/hadoop-ozone/integration-test/target/test-dir/MiniOzoneClusterImpl-5e9621be-c945-401e-a048-ea7290b0a7f2/datanode-6/data/ratis] (custom)
2019-10-07 23:30:18,395 [pool-267-thread-1] INFO  server.RaftServerConfigKeys (ConfUtils.java:logGet(43)) - raft.server.log.corruption.policy = EXCEPTION (default)
2019-10-07 23:30:18,396 [pool-267-thread-1] INFO  storage.RaftStorageDirectory (RaftStorageDirectory.java:analyzeStorage(246)) - The storage directory /workdir/hadoop-ozone/integration-test/target/test-dir/MiniOzoneClusterImpl-5e9621be-c945-401e-a048-ea7290b0a7f2/datanode-6/data/ratis/438a5fdb-e215-44d8-b50a-def3f53608f2 does not exist. Creating ...
2019-10-07 23:30:18,408 [pool-267-thread-1] INFO  storage.RaftStorageDirectory (RaftStorageDirectory.java:tryLock(328)) - Lock on /workdir/hadoop-ozone/integration-test/target/test-dir/MiniOzoneClusterImpl-5e9621be-c945-401e-a048-ea7290b0a7f2/datanode-6/data/ratis/438a5fdb-e215-44d8-b50a-def3f53608f2/in_use.lock acquired by nodename 21128@pr-hdds-1868-k864b-3611000933
2019-10-07 23:30:18,421 [pool-267-thread-1] INFO  storage.RaftStorage (RaftStorage.java:format(84)) - Storage directory /workdir/hadoop-ozone/integration-test/target/test-dir/MiniOzoneClusterImpl-5e9621be-c945-401e-a048-ea7290b0a7f2/datanode-6/data/ratis/438a5fdb-e215-44d8-b50a-def3f53608f2 has been successfully formatted.
2019-10-07 23:30:18,421 [pool-267-thread-1] INFO  ratis.ContainerStateMachine (ContainerStateMachine.java:loadSnapshot(233)) - group-DEF3F53608F2: The snapshot info is null. Setting the last applied indexto:(t:0, i:~)
2019-10-07 23:30:18,421 [pool-267-thread-1] INFO  server.RaftServerConfigKeys (ConfUtils.java:logGet(43)) - raft.server.notification.no-leader.timeout = 120s (custom)
2019-10-07 23:30:18,421 [pool-267-thread-1] INFO  server.RaftServerConfigKeys (ConfUtils.java:logGet(43)) - raft.server.log.use.memory = false (default)
2019-10-07 23:30:18,421 [pool-267-thread-1] INFO  server.RaftServerConfigKeys (ConfUtils.java:logGet(43)) - raft.server.log.purge.gap = 1000000 (custom)
2019-10-07 23:30:18,422 [pool-267-thread-1] INFO  server.RaftServerConfigKeys (ConfUtils.java:logGet(43)) - raft.server.log.appender.buffer.byte-limit = 33554432 (custom)
2019-10-07 23:30:18,422 [pool-267-thread-1] INFO  server.RaftServerConfigKeys (ConfUtils.java:logGet(43)) - raft.server.log.segment.size.max = 1048576 (custom)
2019-10-07 23:30:18,424 [pool-267-thread-1] INFO  server.RaftServerConfigKeys (ConfUtils.java:logGet(43)) - raft.server.log.segment.cache.num.max = 2 (custom)
2019-10-07 23:30:18,424 [pool-267-thread-1] INFO  segmented.SegmentedRaftLogWorker (SegmentedRaftLogWorker.java:<init>(173)) - new 514f190c-733c-43a5-9051-89b078470f15@group-DEF3F53608F2-SegmentedRaftLogWorker for RaftStorage:Storage Directory /workdir/hadoop-ozone/integration-test/target/test-dir/MiniOzoneClusterImpl-5e9621be-c945-401e-a048-ea7290b0a7f2/datanode-6/data/ratis/438a5fdb-e215-44d8-b50a-def3f53608f2
2019-10-07 23:30:18,424 [pool-267-thread-1] INFO  server.RaftServerConfigKeys (ConfUtils.java:logGet(43)) - raft.server.log.queue.byte-limit = 2147483647 (custom)
2019-10-07 23:30:18,424 [pool-267-thread-1] INFO  server.RaftServerConfigKeys (ConfUtils.java:logGet(43)) - raft.server.log.queue.element-limit = 1024 (custom)
2019-10-07 23:30:18,425 [pool-267-thread-1] INFO  server.RaftServerConfigKeys (ConfUtils.java:logGet(43)) - raft.server.log.segment.size.max = 1048576 (custom)
2019-10-07 23:30:18,425 [pool-267-thread-1] INFO  server.RaftServerConfigKeys (ConfUtils.java:logGet(43)) - raft.server.log.preallocated.size = 16384 (custom)
2019-10-07 23:30:18,425 [pool-267-thread-1] INFO  server.RaftServerConfigKeys (ConfUtils.java:logGet(43)) - raft.server.log.write.buffer.size = 33554432 (custom)
2019-10-07 23:30:18,425 [pool-267-thread-1] INFO  server.RaftServerConfigKeys (ConfUtils.java:logGet(43)) - raft.server.log.force.sync.num = 128 (default)
2019-10-07 23:30:18,425 [pool-267-thread-1] INFO  server.RaftServerConfigKeys (ConfUtils.java:logGet(43)) - raft.server.log.statemachine.data.sync = true (default)
2019-10-07 23:30:18,425 [pool-267-thread-1] INFO  server.RaftServerConfigKeys (ConfUtils.java:logGet(43)) - raft.server.log.statemachine.data.sync.timeout = 10s (default)
2019-10-07 23:30:18,425 [pool-267-thread-1] INFO  server.RaftServerConfigKeys (ConfUtils.java:logGet(43)) - raft.server.log.statemachine.data.sync.timeout.retry = -1 (default)
2019-10-07 23:30:18,426 [pool-267-thread-1] INFO  server.RaftServerConfigKeys (ConfUtils.java:logGet(43)) - raft.server.log.statemachine.data.caching.enabled = true (custom)
2019-10-07 23:30:18,426 [pool-267-thread-1] INFO  segmented.SegmentedRaftLogWorker (SegmentedRaftLogWorker.java:lambda$new$0(128)) - 514f190c-733c-43a5-9051-89b078470f15@group-DEF3F53608F2-SegmentedRaftLogWorker: flushIndex: setUnconditionally 0 -> -1
2019-10-07 23:30:18,426 [pool-267-thread-1] INFO  server.RaftServerConfigKeys (ConfUtils.java:logGet(43)) - raft.server.snapshot.auto.trigger.enabled = true (custom)
2019-10-07 23:30:18,427 [pool-267-thread-1] INFO  server.RaftServerConfigKeys (ConfUtils.java:logGet(43)) - raft.server.snapshot.auto.trigger.threshold = 10000 (custom)
2019-10-07 23:30:18,427 [pool-267-thread-1] INFO  server.RaftServerConfigKeys (ConfUtils.java:logGet(43)) - raft.server.snapshot.retention.file.num = 5 (custom)
2019-10-07 23:30:18,427 [pool-267-thread-1] INFO  server.RaftServerConfigKeys (ConfUtils.java:logGet(43)) - raft.server.retrycache.expirytime = 600000ms (custom)
2019-10-07 23:30:18,429 [pool-267-thread-1] INFO  impl.RaftServerImpl (RaftServerImpl.java:start(181)) - 514f190c-733c-43a5-9051-89b078470f15@group-DEF3F53608F2: start as a follower, conf=-1: [514f190c-733c-43a5-9051-89b078470f15:192.168.151.75:40950], old=null
2019-10-07 23:30:18,429 [pool-267-thread-1] INFO  impl.RaftServerImpl (RaftServerImpl.java:setRole(170)) - 514f190c-733c-43a5-9051-89b078470f15@group-DEF3F53608F2: changes role from      null to FOLLOWER at term 0 for startAsFollower
2019-10-07 23:30:18,429 [pool-267-thread-1] INFO  impl.RoleInfo (RoleInfo.java:updateAndGet(143)) - 514f190c-733c-43a5-9051-89b078470f15: start FollowerState
2019-10-07 23:30:18,429 [pool-267-thread-1] INFO  util.JmxRegister (JmxRegister.java:tryRegister(44)) - Successfully registered JMX Bean with object name Ratis:service=RaftServer,group=group-DEF3F53608F2,id=514f190c-733c-43a5-9051-89b078470f15
2019-10-07 23:30:18,434 [RatisPipelineUtilsThread] INFO  pipeline.PipelineStateManager (PipelineStateManager.java:addPipeline(57)) - Created pipeline Pipeline[ Id: 438a5fdb-e215-44d8-b50a-def3f53608f2, Nodes: 514f190c-733c-43a5-9051-89b078470f15{ip: 192.168.151.75, host: pr-hdds-1868-k864b-3611000933, networkLocation: /default-rack, certSerialId: null}, Type:RATIS, Factor:ONE, State:ALLOCATED]
2019-10-07 23:30:18,452 [grpc-default-executor-2] INFO  impl.RaftServerProxy (RaftServerProxy.java:addNew(89)) - 1757d5fa-a161-4c0a-b504-ed724002c805: addNew group-CDF234642A30:[51a40bca-cd4b-4fd1-b3a8-cd441e83375c:192.168.151.75:38825, 71fe9c48-ef70-445b-89d4-550c4f010b84:192.168.151.75:34661, 1757d5fa-a161-4c0a-b504-ed724002c805:192.168.151.75:37685] returns group-CDF234642A30:java.util.concurrent.CompletableFuture@25138c8b[Not completed]
2019-10-07 23:30:18,452 [grpc-default-executor-4] INFO  impl.RaftServerProxy (RaftServerProxy.java:addNew(89)) - 51a40bca-cd4b-4fd1-b3a8-cd441e83375c: addNew group-CDF234642A30:[51a40bca-cd4b-4fd1-b3a8-cd441e83375c:192.168.151.75:38825, 71fe9c48-ef70-445b-89d4-550c4f010b84:192.168.151.75:34661, 1757d5fa-a161-4c0a-b504-ed724002c805:192.168.151.75:37685] returns group-CDF234642A30:java.util.concurrent.CompletableFuture@35f3323b[Not completed]
2019-10-07 23:30:18,452 [grpc-default-executor-1] INFO  impl.RaftServerProxy (RaftServerProxy.java:addNew(89)) - 71fe9c48-ef70-445b-89d4-550c4f010b84: addNew group-CDF234642A30:[51a40bca-cd4b-4fd1-b3a8-cd441e83375c:192.168.151.75:38825, 71fe9c48-ef70-445b-89d4-550c4f010b84:192.168.151.75:34661, 1757d5fa-a161-4c0a-b504-ed724002c805:192.168.151.75:37685] returns group-CDF234642A30:java.util.concurrent.CompletableFuture@61d4c1a7[Not completed]
2019-10-07 23:30:18,453 [pool-257-thread-1] INFO  impl.RaftServerImpl (RaftServerImpl.java:<init>(95)) - 1757d5fa-a161-4c0a-b504-ed724002c805: new RaftServerImpl for group-CDF234642A30:[51a40bca-cd4b-4fd1-b3a8-cd441e83375c:192.168.151.75:38825, 71fe9c48-ef70-445b-89d4-550c4f010b84:192.168.151.75:34661, 1757d5fa-a161-4c0a-b504-ed724002c805:192.168.151.75:37685] with ContainerStateMachine:uninitialized
2019-10-07 23:30:18,453 [pool-257-thread-1] INFO  server.RaftServerConfigKeys (ConfUtils.java:logGet(43)) - raft.server.rpc.timeout.min = 5s (custom)
2019-10-07 23:30:18,454 [pool-257-thread-1] INFO  server.RaftServerConfigKeys (ConfUtils.java:logGet(43)) - raft.server.rpc.timeout.max = 5200ms (custom)
2019-10-07 23:30:18,454 [pool-257-thread-1] INFO  server.RaftServerConfigKeys (ConfUtils.java:logGet(43)) - raft.server.rpcslowness.timeout = 120s (custom)
2019-10-07 23:30:18,454 [pool-257-thread-1] INFO  server.RaftServerConfigKeys (ConfUtils.java:logGet(43)) - raft.server.sleep.deviation.threshold = 300 (default)
2019-10-07 23:30:18,454 [pool-257-thread-1] INFO  server.RaftServerConfigKeys (ConfUtils.java:logGet(43)) - raft.server.log.appender.install.snapshot.enabled = false (custom)
2019-10-07 23:30:18,454 [pool-247-thread-1] INFO  impl.RaftServerImpl (RaftServerImpl.java:<init>(95)) - 51a40bca-cd4b-4fd1-b3a8-cd441e83375c: new RaftServerImpl for group-CDF234642A30:[51a40bca-cd4b-4fd1-b3a8-cd441e83375c:192.168.151.75:38825, 71fe9c48-ef70-445b-89d4-550c4f010b84:192.168.151.75:34661, 1757d5fa-a161-4c0a-b504-ed724002c805:192.168.151.75:37685] with ContainerStateMachine:uninitialized
2019-10-07 23:30:18,454 [pool-257-thread-1] INFO  impl.RaftServerImpl (ServerState.java:<init>(103)) - 1757d5fa-a161-4c0a-b504-ed724002c805@group-CDF234642A30: ConfigurationManager, init=-1: [51a40bca-cd4b-4fd1-b3a8-cd441e83375c:192.168.151.75:38825, 71fe9c48-ef70-445b-89d4-550c4f010b84:192.168.151.75:34661, 1757d5fa-a161-4c0a-b504-ed724002c805:192.168.151.75:37685], old=null, confs=<EMPTY_MAP>
2019-10-07 23:30:18,454 [pool-247-thread-1] INFO  server.RaftServerConfigKeys (ConfUtils.java:logGet(43)) - raft.server.rpc.timeout.min = 5s (custom)
2019-10-07 23:30:18,454 [pool-257-thread-1] INFO  server.RaftServerConfigKeys (ConfUtils.java:logGet(43)) - raft.server.storage.dir = [/workdir/hadoop-ozone/integration-test/target/test-dir/MiniOzoneClusterImpl-5e9621be-c945-401e-a048-ea7290b0a7f2/datanode-5/data/ratis] (custom)
2019-10-07 23:30:18,455 [pool-247-thread-1] INFO  server.RaftServerConfigKeys (ConfUtils.java:logGet(43)) - raft.server.rpc.timeout.max = 5200ms (custom)
2019-10-07 23:30:18,455 [pool-237-thread-1] INFO  impl.RaftServerImpl (RaftServerImpl.java:<init>(95)) - 71fe9c48-ef70-445b-89d4-550c4f010b84: new RaftServerImpl for group-CDF234642A30:[51a40bca-cd4b-4fd1-b3a8-cd441e83375c:192.168.151.75:38825, 71fe9c48-ef70-445b-89d4-550c4f010b84:192.168.151.75:34661, 1757d5fa-a161-4c0a-b504-ed724002c805:192.168.151.75:37685] with ContainerStateMachine:uninitialized
2019-10-07 23:30:18,455 [pool-247-thread-1] INFO  server.RaftServerConfigKeys (ConfUtils.java:logGet(43)) - raft.server.rpcslowness.timeout = 120s (custom)
2019-10-07 23:30:18,455 [pool-257-thread-1] INFO  server.RaftServerConfigKeys (ConfUtils.java:logGet(43)) - raft.server.log.corruption.policy = EXCEPTION (default)
2019-10-07 23:30:18,455 [pool-247-thread-1] INFO  server.RaftServerConfigKeys (ConfUtils.java:logGet(43)) - raft.server.sleep.deviation.threshold = 300 (default)
2019-10-07 23:30:18,455 [pool-237-thread-1] INFO  server.RaftServerConfigKeys (ConfUtils.java:logGet(43)) - raft.server.rpc.timeout.min = 5s (custom)
2019-10-07 23:30:18,455 [pool-247-thread-1] INFO  server.RaftServerConfigKeys (ConfUtils.java:logGet(43)) - raft.server.log.appender.install.snapshot.enabled = false (custom)
2019-10-07 23:30:18,455 [pool-257-thread-1] INFO  storage.RaftStorageDirectory (RaftStorageDirectory.java:analyzeStorage(246)) - The storage directory /workdir/hadoop-ozone/integration-test/target/test-dir/MiniOzoneClusterImpl-5e9621be-c945-401e-a048-ea7290b0a7f2/datanode-5/data/ratis/baba77f1-2cd9-4134-ba19-cdf234642a30 does not exist. Creating ...
2019-10-07 23:30:18,456 [pool-247-thread-1] INFO  impl.RaftServerImpl (ServerState.java:<init>(103)) - 51a40bca-cd4b-4fd1-b3a8-cd441e83375c@group-CDF234642A30: ConfigurationManager, init=-1: [51a40bca-cd4b-4fd1-b3a8-cd441e83375c:192.168.151.75:38825, 71fe9c48-ef70-445b-89d4-550c4f010b84:192.168.151.75:34661, 1757d5fa-a161-4c0a-b504-ed724002c805:192.168.151.75:37685], old=null, confs=<EMPTY_MAP>
2019-10-07 23:30:18,455 [pool-237-thread-1] INFO  server.RaftServerConfigKeys (ConfUtils.java:logGet(43)) - raft.server.rpc.timeout.max = 5200ms (custom)
2019-10-07 23:30:18,456 [pool-247-thread-1] INFO  server.RaftServerConfigKeys (ConfUtils.java:logGet(43)) - raft.server.storage.dir = [/workdir/hadoop-ozone/integration-test/target/test-dir/MiniOzoneClusterImpl-5e9621be-c945-401e-a048-ea7290b0a7f2/datanode-4/data/ratis] (custom)
2019-10-07 23:30:18,456 [pool-237-thread-1] INFO  server.RaftServerConfigKeys (ConfUtils.java:logGet(43)) - raft.server.rpcslowness.timeout = 120s (custom)
2019-10-07 23:30:18,456 [pool-237-thread-1] INFO  server.RaftServerConfigKeys (ConfUtils.java:logGet(43)) - raft.server.sleep.deviation.threshold = 300 (default)
2019-10-07 23:30:18,456 [pool-247-thread-1] INFO  server.RaftServerConfigKeys (ConfUtils.java:logGet(43)) - raft.server.log.corruption.policy = EXCEPTION (default)
2019-10-07 23:30:18,456 [pool-237-thread-1] INFO  server.RaftServerConfigKeys (ConfUtils.java:logGet(43)) - raft.server.log.appender.install.snapshot.enabled = false (custom)
2019-10-07 23:30:18,456 [pool-247-thread-1] INFO  storage.RaftStorageDirectory (RaftStorageDirectory.java:analyzeStorage(246)) - The storage directory /workdir/hadoop-ozone/integration-test/target/test-dir/MiniOzoneClusterImpl-5e9621be-c945-401e-a048-ea7290b0a7f2/datanode-4/data/ratis/baba77f1-2cd9-4134-ba19-cdf234642a30 does not exist. Creating ...
2019-10-07 23:30:18,456 [pool-237-thread-1] INFO  impl.RaftServerImpl (ServerState.java:<init>(103)) - 71fe9c48-ef70-445b-89d4-550c4f010b84@group-CDF234642A30: ConfigurationManager, init=-1: [51a40bca-cd4b-4fd1-b3a8-cd441e83375c:192.168.151.75:38825, 71fe9c48-ef70-445b-89d4-550c4f010b84:192.168.151.75:34661, 1757d5fa-a161-4c0a-b504-ed724002c805:192.168.151.75:37685], old=null, confs=<EMPTY_MAP>
2019-10-07 23:30:18,457 [pool-237-thread-1] INFO  server.RaftServerConfigKeys (ConfUtils.java:logGet(43)) - raft.server.storage.dir = [/workdir/hadoop-ozone/integration-test/target/test-dir/MiniOzoneClusterImpl-5e9621be-c945-401e-a048-ea7290b0a7f2/datanode-3/data/ratis] (custom)
2019-10-07 23:30:18,457 [pool-237-thread-1] INFO  server.RaftServerConfigKeys (ConfUtils.java:logGet(43)) - raft.server.log.corruption.policy = EXCEPTION (default)
2019-10-07 23:30:18,457 [pool-237-thread-1] INFO  storage.RaftStorageDirectory (RaftStorageDirectory.java:analyzeStorage(246)) - The storage directory /workdir/hadoop-ozone/integration-test/target/test-dir/MiniOzoneClusterImpl-5e9621be-c945-401e-a048-ea7290b0a7f2/datanode-3/data/ratis/baba77f1-2cd9-4134-ba19-cdf234642a30 does not exist. Creating ...
2019-10-07 23:30:18,481 [pool-237-thread-1] INFO  storage.RaftStorageDirectory (RaftStorageDirectory.java:tryLock(328)) - Lock on /workdir/hadoop-ozone/integration-test/target/test-dir/MiniOzoneClusterImpl-5e9621be-c945-401e-a048-ea7290b0a7f2/datanode-3/data/ratis/baba77f1-2cd9-4134-ba19-cdf234642a30/in_use.lock acquired by nodename 21128@pr-hdds-1868-k864b-3611000933
2019-10-07 23:30:18,481 [pool-257-thread-1] INFO  storage.RaftStorageDirectory (RaftStorageDirectory.java:tryLock(328)) - Lock on /workdir/hadoop-ozone/integration-test/target/test-dir/MiniOzoneClusterImpl-5e9621be-c945-401e-a048-ea7290b0a7f2/datanode-5/data/ratis/baba77f1-2cd9-4134-ba19-cdf234642a30/in_use.lock acquired by nodename 21128@pr-hdds-1868-k864b-3611000933
2019-10-07 23:30:18,481 [pool-247-thread-1] INFO  storage.RaftStorageDirectory (RaftStorageDirectory.java:tryLock(328)) - Lock on /workdir/hadoop-ozone/integration-test/target/test-dir/MiniOzoneClusterImpl-5e9621be-c945-401e-a048-ea7290b0a7f2/datanode-4/data/ratis/baba77f1-2cd9-4134-ba19-cdf234642a30/in_use.lock acquired by nodename 21128@pr-hdds-1868-k864b-3611000933
2019-10-07 23:30:18,507 [pool-247-thread-1] INFO  storage.RaftStorage (RaftStorage.java:format(84)) - Storage directory /workdir/hadoop-ozone/integration-test/target/test-dir/MiniOzoneClusterImpl-5e9621be-c945-401e-a048-ea7290b0a7f2/datanode-4/data/ratis/baba77f1-2cd9-4134-ba19-cdf234642a30 has been successfully formatted.
2019-10-07 23:30:18,507 [pool-237-thread-1] INFO  storage.RaftStorage (RaftStorage.java:format(84)) - Storage directory /workdir/hadoop-ozone/integration-test/target/test-dir/MiniOzoneClusterImpl-5e9621be-c945-401e-a048-ea7290b0a7f2/datanode-3/data/ratis/baba77f1-2cd9-4134-ba19-cdf234642a30 has been successfully formatted.
2019-10-07 23:30:18,507 [pool-257-thread-1] INFO  storage.RaftStorage (RaftStorage.java:format(84)) - Storage directory /workdir/hadoop-ozone/integration-test/target/test-dir/MiniOzoneClusterImpl-5e9621be-c945-401e-a048-ea7290b0a7f2/datanode-5/data/ratis/baba77f1-2cd9-4134-ba19-cdf234642a30 has been successfully formatted.
2019-10-07 23:30:18,508 [pool-237-thread-1] INFO  ratis.ContainerStateMachine (ContainerStateMachine.java:loadSnapshot(233)) - group-CDF234642A30: The snapshot info is null. Setting the last applied indexto:(t:0, i:~)
2019-10-07 23:30:18,508 [pool-247-thread-1] INFO  ratis.ContainerStateMachine (ContainerStateMachine.java:loadSnapshot(233)) - group-CDF234642A30: The snapshot info is null. Setting the last applied indexto:(t:0, i:~)
2019-10-07 23:30:18,508 [pool-237-thread-1] INFO  server.RaftServerConfigKeys (ConfUtils.java:logGet(43)) - raft.server.notification.no-leader.timeout = 120s (custom)
2019-10-07 23:30:18,508 [pool-257-thread-1] INFO  ratis.ContainerStateMachine (ContainerStateMachine.java:loadSnapshot(233)) - group-CDF234642A30: The snapshot info is null. Setting the last applied indexto:(t:0, i:~)
2019-10-07 23:30:18,508 [pool-237-thread-1] INFO  server.RaftServerConfigKeys (ConfUtils.java:logGet(43)) - raft.server.log.use.memory = false (default)
2019-10-07 23:30:18,508 [pool-247-thread-1] INFO  server.RaftServerConfigKeys (ConfUtils.java:logGet(43)) - raft.server.notification.no-leader.timeout = 120s (custom)
2019-10-07 23:30:18,508 [pool-237-thread-1] INFO  server.RaftServerConfigKeys (ConfUtils.java:logGet(43)) - raft.server.log.purge.gap = 1000000 (custom)
2019-10-07 23:30:18,508 [pool-257-thread-1] INFO  server.RaftServerConfigKeys (ConfUtils.java:logGet(43)) - raft.server.notification.no-leader.timeout = 120s (custom)
2019-10-07 23:30:18,508 [pool-237-thread-1] INFO  server.RaftServerConfigKeys (ConfUtils.java:logGet(43)) - raft.server.log.appender.buffer.byte-limit = 33554432 (custom)
2019-10-07 23:30:18,508 [pool-247-thread-1] INFO  server.RaftServerConfigKeys (ConfUtils.java:logGet(43)) - raft.server.log.use.memory = false (default)
2019-10-07 23:30:18,509 [pool-237-thread-1] INFO  server.RaftServerConfigKeys (ConfUtils.java:logGet(43)) - raft.server.log.segment.size.max = 1048576 (custom)
2019-10-07 23:30:18,509 [pool-257-thread-1] INFO  server.RaftServerConfigKeys (ConfUtils.java:logGet(43)) - raft.server.log.use.memory = false (default)
2019-10-07 23:30:18,509 [pool-237-thread-1] INFO  server.RaftServerConfigKeys (ConfUtils.java:logGet(43)) - raft.server.log.segment.cache.num.max = 2 (custom)
2019-10-07 23:30:18,509 [pool-247-thread-1] INFO  server.RaftServerConfigKeys (ConfUtils.java:logGet(43)) - raft.server.log.purge.gap = 1000000 (custom)
2019-10-07 23:30:18,509 [pool-237-thread-1] INFO  segmented.SegmentedRaftLogWorker (SegmentedRaftLogWorker.java:<init>(173)) - new 71fe9c48-ef70-445b-89d4-550c4f010b84@group-CDF234642A30-SegmentedRaftLogWorker for RaftStorage:Storage Directory /workdir/hadoop-ozone/integration-test/target/test-dir/MiniOzoneClusterImpl-5e9621be-c945-401e-a048-ea7290b0a7f2/datanode-3/data/ratis/baba77f1-2cd9-4134-ba19-cdf234642a30
2019-10-07 23:30:18,509 [pool-237-thread-1] INFO  server.RaftServerConfigKeys (ConfUtils.java:logGet(43)) - raft.server.log.queue.byte-limit = 2147483647 (custom)
2019-10-07 23:30:18,509 [pool-257-thread-1] INFO  server.RaftServerConfigKeys (ConfUtils.java:logGet(43)) - raft.server.log.purge.gap = 1000000 (custom)
2019-10-07 23:30:18,509 [pool-237-thread-1] INFO  server.RaftServerConfigKeys (ConfUtils.java:logGet(43)) - raft.server.log.queue.element-limit = 1024 (custom)
2019-10-07 23:30:18,509 [pool-247-thread-1] INFO  server.RaftServerConfigKeys (ConfUtils.java:logGet(43)) - raft.server.log.appender.buffer.byte-limit = 33554432 (custom)
2019-10-07 23:30:18,510 [pool-237-thread-1] INFO  server.RaftServerConfigKeys (ConfUtils.java:logGet(43)) - raft.server.log.segment.size.max = 1048576 (custom)
2019-10-07 23:30:18,510 [pool-257-thread-1] INFO  server.RaftServerConfigKeys (ConfUtils.java:logGet(43)) - raft.server.log.appender.buffer.byte-limit = 33554432 (custom)
2019-10-07 23:30:18,510 [pool-237-thread-1] INFO  server.RaftServerConfigKeys (ConfUtils.java:logGet(43)) - raft.server.log.preallocated.size = 16384 (custom)
2019-10-07 23:30:18,510 [pool-247-thread-1] INFO  server.RaftServerConfigKeys (ConfUtils.java:logGet(43)) - raft.server.log.segment.size.max = 1048576 (custom)
2019-10-07 23:30:18,510 [pool-237-thread-1] INFO  server.RaftServerConfigKeys (ConfUtils.java:logGet(43)) - raft.server.log.write.buffer.size = 33554432 (custom)
2019-10-07 23:30:18,510 [pool-257-thread-1] INFO  server.RaftServerConfigKeys (ConfUtils.java:logGet(43)) - raft.server.log.segment.size.max = 1048576 (custom)
2019-10-07 23:30:18,510 [pool-237-thread-1] INFO  server.RaftServerConfigKeys (ConfUtils.java:logGet(43)) - raft.server.log.force.sync.num = 128 (default)
2019-10-07 23:30:18,510 [pool-247-thread-1] INFO  server.RaftServerConfigKeys (ConfUtils.java:logGet(43)) - raft.server.log.segment.cache.num.max = 2 (custom)
2019-10-07 23:30:18,511 [pool-237-thread-1] INFO  server.RaftServerConfigKeys (ConfUtils.java:logGet(43)) - raft.server.log.statemachine.data.sync = true (default)
2019-10-07 23:30:18,511 [pool-257-thread-1] INFO  server.RaftServerConfigKeys (ConfUtils.java:logGet(43)) - raft.server.log.segment.cache.num.max = 2 (custom)
2019-10-07 23:30:18,511 [pool-237-thread-1] INFO  server.RaftServerConfigKeys (ConfUtils.java:logGet(43)) - raft.server.log.statemachine.data.sync.timeout = 10s (default)
2019-10-07 23:30:18,511 [pool-247-thread-1] INFO  segmented.SegmentedRaftLogWorker (SegmentedRaftLogWorker.java:<init>(173)) - new 51a40bca-cd4b-4fd1-b3a8-cd441e83375c@group-CDF234642A30-SegmentedRaftLogWorker for RaftStorage:Storage Directory /workdir/hadoop-ozone/integration-test/target/test-dir/MiniOzoneClusterImpl-5e9621be-c945-401e-a048-ea7290b0a7f2/datanode-4/data/ratis/baba77f1-2cd9-4134-ba19-cdf234642a30
2019-10-07 23:30:18,511 [pool-237-thread-1] INFO  server.RaftServerConfigKeys (ConfUtils.java:logGet(43)) - raft.server.log.statemachine.data.sync.timeout.retry = -1 (default)
2019-10-07 23:30:18,511 [pool-257-thread-1] INFO  segmented.SegmentedRaftLogWorker (SegmentedRaftLogWorker.java:<init>(173)) - new 1757d5fa-a161-4c0a-b504-ed724002c805@group-CDF234642A30-SegmentedRaftLogWorker for RaftStorage:Storage Directory /workdir/hadoop-ozone/integration-test/target/test-dir/MiniOzoneClusterImpl-5e9621be-c945-401e-a048-ea7290b0a7f2/datanode-5/data/ratis/baba77f1-2cd9-4134-ba19-cdf234642a30
2019-10-07 23:30:18,511 [pool-237-thread-1] INFO  server.RaftServerConfigKeys (ConfUtils.java:logGet(43)) - raft.server.log.statemachine.data.caching.enabled = true (custom)
2019-10-07 23:30:18,511 [pool-247-thread-1] INFO  server.RaftServerConfigKeys (ConfUtils.java:logGet(43)) - raft.server.log.queue.byte-limit = 2147483647 (custom)
2019-10-07 23:30:18,512 [pool-247-thread-1] INFO  server.RaftServerConfigKeys (ConfUtils.java:logGet(43)) - raft.server.log.queue.element-limit = 1024 (custom)
2019-10-07 23:30:18,511 [pool-257-thread-1] INFO  server.RaftServerConfigKeys (ConfUtils.java:logGet(43)) - raft.server.log.queue.byte-limit = 2147483647 (custom)
2019-10-07 23:30:18,512 [pool-247-thread-1] INFO  server.RaftServerConfigKeys (ConfUtils.java:logGet(43)) - raft.server.log.segment.size.max = 1048576 (custom)
2019-10-07 23:30:18,512 [pool-247-thread-1] INFO  server.RaftServerConfigKeys (ConfUtils.java:logGet(43)) - raft.server.log.preallocated.size = 16384 (custom)
2019-10-07 23:30:18,512 [pool-237-thread-1] INFO  segmented.SegmentedRaftLogWorker (SegmentedRaftLogWorker.java:lambda$new$0(128)) - 71fe9c48-ef70-445b-89d4-550c4f010b84@group-CDF234642A30-SegmentedRaftLogWorker: flushIndex: setUnconditionally 0 -> -1
2019-10-07 23:30:18,512 [pool-247-thread-1] INFO  server.RaftServerConfigKeys (ConfUtils.java:logGet(43)) - raft.server.log.write.buffer.size = 33554432 (custom)
2019-10-07 23:30:18,512 [pool-257-thread-1] INFO  server.RaftServerConfigKeys (ConfUtils.java:logGet(43)) - raft.server.log.queue.element-limit = 1024 (custom)
2019-10-07 23:30:18,512 [pool-237-thread-1] INFO  server.RaftServerConfigKeys (ConfUtils.java:logGet(43)) - raft.server.snapshot.auto.trigger.enabled = true (custom)
2019-10-07 23:30:18,512 [pool-247-thread-1] INFO  server.RaftServerConfigKeys (ConfUtils.java:logGet(43)) - raft.server.log.force.sync.num = 128 (default)
2019-10-07 23:30:18,513 [pool-237-thread-1] INFO  server.RaftServerConfigKeys (ConfUtils.java:logGet(43)) - raft.server.snapshot.auto.trigger.threshold = 10000 (custom)
2019-10-07 23:30:18,513 [pool-237-thread-1] INFO  server.RaftServerConfigKeys (ConfUtils.java:logGet(43)) - raft.server.snapshot.retention.file.num = 5 (custom)
2019-10-07 23:30:18,512 [pool-257-thread-1] INFO  server.RaftServerConfigKeys (ConfUtils.java:logGet(43)) - raft.server.log.segment.size.max = 1048576 (custom)
2019-10-07 23:30:18,513 [pool-237-thread-1] INFO  server.RaftServerConfigKeys (ConfUtils.java:logGet(43)) - raft.server.retrycache.expirytime = 600000ms (custom)
2019-10-07 23:30:18,513 [pool-247-thread-1] INFO  server.RaftServerConfigKeys (ConfUtils.java:logGet(43)) - raft.server.log.statemachine.data.sync = true (default)
2019-10-07 23:30:18,513 [pool-257-thread-1] INFO  server.RaftServerConfigKeys (ConfUtils.java:logGet(43)) - raft.server.log.preallocated.size = 16384 (custom)
2019-10-07 23:30:18,513 [pool-247-thread-1] INFO  server.RaftServerConfigKeys (ConfUtils.java:logGet(43)) - raft.server.log.statemachine.data.sync.timeout = 10s (default)
2019-10-07 23:30:18,513 [pool-257-thread-1] INFO  server.RaftServerConfigKeys (ConfUtils.java:logGet(43)) - raft.server.log.write.buffer.size = 33554432 (custom)
2019-10-07 23:30:18,514 [pool-247-thread-1] INFO  server.RaftServerConfigKeys (ConfUtils.java:logGet(43)) - raft.server.log.statemachine.data.sync.timeout.retry = -1 (default)
2019-10-07 23:30:18,514 [pool-257-thread-1] INFO  server.RaftServerConfigKeys (ConfUtils.java:logGet(43)) - raft.server.log.force.sync.num = 128 (default)
2019-10-07 23:30:18,514 [pool-247-thread-1] INFO  server.RaftServerConfigKeys (ConfUtils.java:logGet(43)) - raft.server.log.statemachine.data.caching.enabled = true (custom)
2019-10-07 23:30:18,514 [pool-257-thread-1] INFO  server.RaftServerConfigKeys (ConfUtils.java:logGet(43)) - raft.server.log.statemachine.data.sync = true (default)
2019-10-07 23:30:18,514 [pool-247-thread-1] INFO  segmented.SegmentedRaftLogWorker (SegmentedRaftLogWorker.java:lambda$new$0(128)) - 51a40bca-cd4b-4fd1-b3a8-cd441e83375c@group-CDF234642A30-SegmentedRaftLogWorker: flushIndex: setUnconditionally 0 -> -1
2019-10-07 23:30:18,514 [pool-257-thread-1] INFO  server.RaftServerConfigKeys (ConfUtils.java:logGet(43)) - raft.server.log.statemachine.data.sync.timeout = 10s (default)
2019-10-07 23:30:18,515 [pool-257-thread-1] INFO  server.RaftServerConfigKeys (ConfUtils.java:logGet(43)) - raft.server.log.statemachine.data.sync.timeout.retry = -1 (default)
2019-10-07 23:30:18,515 [pool-247-thread-1] INFO  server.RaftServerConfigKeys (ConfUtils.java:logGet(43)) - raft.server.snapshot.auto.trigger.enabled = true (custom)
2019-10-07 23:30:18,515 [pool-257-thread-1] INFO  server.RaftServerConfigKeys (ConfUtils.java:logGet(43)) - raft.server.log.statemachine.data.caching.enabled = true (custom)
2019-10-07 23:30:18,515 [pool-247-thread-1] INFO  server.RaftServerConfigKeys (ConfUtils.java:logGet(43)) - raft.server.snapshot.auto.trigger.threshold = 10000 (custom)
2019-10-07 23:30:18,515 [pool-247-thread-1] INFO  server.RaftServerConfigKeys (ConfUtils.java:logGet(43)) - raft.server.snapshot.retention.file.num = 5 (custom)
2019-10-07 23:30:18,515 [pool-257-thread-1] INFO  segmented.SegmentedRaftLogWorker (SegmentedRaftLogWorker.java:lambda$new$0(128)) - 1757d5fa-a161-4c0a-b504-ed724002c805@group-CDF234642A30-SegmentedRaftLogWorker: flushIndex: setUnconditionally 0 -> -1
2019-10-07 23:30:18,515 [pool-237-thread-1] INFO  impl.RaftServerImpl (RaftServerImpl.java:start(181)) - 71fe9c48-ef70-445b-89d4-550c4f010b84@group-CDF234642A30: start as a follower, conf=-1: [51a40bca-cd4b-4fd1-b3a8-cd441e83375c:192.168.151.75:38825, 71fe9c48-ef70-445b-89d4-550c4f010b84:192.168.151.75:34661, 1757d5fa-a161-4c0a-b504-ed724002c805:192.168.151.75:37685], old=null
2019-10-07 23:30:18,515 [pool-247-thread-1] INFO  server.RaftServerConfigKeys (ConfUtils.java:logGet(43)) - raft.server.retrycache.expirytime = 600000ms (custom)
2019-10-07 23:30:18,515 [pool-237-thread-1] INFO  impl.RaftServerImpl (RaftServerImpl.java:setRole(170)) - 71fe9c48-ef70-445b-89d4-550c4f010b84@group-CDF234642A30: changes role from      null to FOLLOWER at term 0 for startAsFollower
2019-10-07 23:30:18,515 [pool-257-thread-1] INFO  server.RaftServerConfigKeys (ConfUtils.java:logGet(43)) - raft.server.snapshot.auto.trigger.enabled = true (custom)
2019-10-07 23:30:18,516 [pool-237-thread-1] INFO  impl.RoleInfo (RoleInfo.java:updateAndGet(143)) - 71fe9c48-ef70-445b-89d4-550c4f010b84: start FollowerState
2019-10-07 23:30:18,516 [pool-257-thread-1] INFO  server.RaftServerConfigKeys (ConfUtils.java:logGet(43)) - raft.server.snapshot.auto.trigger.threshold = 10000 (custom)
2019-10-07 23:30:18,516 [pool-257-thread-1] INFO  server.RaftServerConfigKeys (ConfUtils.java:logGet(43)) - raft.server.snapshot.retention.file.num = 5 (custom)
2019-10-07 23:30:18,516 [pool-257-thread-1] INFO  server.RaftServerConfigKeys (ConfUtils.java:logGet(43)) - raft.server.retrycache.expirytime = 600000ms (custom)
2019-10-07 23:30:18,516 [pool-237-thread-1] INFO  util.JmxRegister (JmxRegister.java:tryRegister(44)) - Successfully registered JMX Bean with object name Ratis:service=RaftServer,group=group-CDF234642A30,id=71fe9c48-ef70-445b-89d4-550c4f010b84
2019-10-07 23:30:18,517 [pool-247-thread-1] INFO  impl.RaftServerImpl (RaftServerImpl.java:start(181)) - 51a40bca-cd4b-4fd1-b3a8-cd441e83375c@group-CDF234642A30: start as a follower, conf=-1: [51a40bca-cd4b-4fd1-b3a8-cd441e83375c:192.168.151.75:38825, 71fe9c48-ef70-445b-89d4-550c4f010b84:192.168.151.75:34661, 1757d5fa-a161-4c0a-b504-ed724002c805:192.168.151.75:37685], old=null
2019-10-07 23:30:18,517 [pool-247-thread-1] INFO  impl.RaftServerImpl (RaftServerImpl.java:setRole(170)) - 51a40bca-cd4b-4fd1-b3a8-cd441e83375c@group-CDF234642A30: changes role from      null to FOLLOWER at term 0 for startAsFollower
2019-10-07 23:30:18,517 [pool-247-thread-1] INFO  impl.RoleInfo (RoleInfo.java:updateAndGet(143)) - 51a40bca-cd4b-4fd1-b3a8-cd441e83375c: start FollowerState
2019-10-07 23:30:18,517 [pool-247-thread-1] INFO  util.JmxRegister (JmxRegister.java:tryRegister(44)) - Successfully registered JMX Bean with object name Ratis:service=RaftServer,group=group-CDF234642A30,id=51a40bca-cd4b-4fd1-b3a8-cd441e83375c
2019-10-07 23:30:18,518 [pool-257-thread-1] INFO  impl.RaftServerImpl (RaftServerImpl.java:start(181)) - 1757d5fa-a161-4c0a-b504-ed724002c805@group-CDF234642A30: start as a follower, conf=-1: [51a40bca-cd4b-4fd1-b3a8-cd441e83375c:192.168.151.75:38825, 71fe9c48-ef70-445b-89d4-550c4f010b84:192.168.151.75:34661, 1757d5fa-a161-4c0a-b504-ed724002c805:192.168.151.75:37685], old=null
2019-10-07 23:30:18,519 [pool-257-thread-1] INFO  impl.RaftServerImpl (RaftServerImpl.java:setRole(170)) - 1757d5fa-a161-4c0a-b504-ed724002c805@group-CDF234642A30: changes role from      null to FOLLOWER at term 0 for startAsFollower
2019-10-07 23:30:18,519 [pool-257-thread-1] INFO  impl.RoleInfo (RoleInfo.java:updateAndGet(143)) - 1757d5fa-a161-4c0a-b504-ed724002c805: start FollowerState
2019-10-07 23:30:18,519 [pool-257-thread-1] INFO  util.JmxRegister (JmxRegister.java:tryRegister(44)) - Successfully registered JMX Bean with object name Ratis:service=RaftServer,group=group-CDF234642A30,id=1757d5fa-a161-4c0a-b504-ed724002c805
2019-10-07 23:30:18,523 [RatisPipelineUtilsThread] INFO  pipeline.PipelineStateManager (PipelineStateManager.java:addPipeline(57)) - Created pipeline Pipeline[ Id: baba77f1-2cd9-4134-ba19-cdf234642a30, Nodes: 71fe9c48-ef70-445b-89d4-550c4f010b84{ip: 192.168.151.75, host: pr-hdds-1868-k864b-3611000933, networkLocation: /default-rack, certSerialId: null}51a40bca-cd4b-4fd1-b3a8-cd441e83375c{ip: 192.168.151.75, host: pr-hdds-1868-k864b-3611000933, networkLocation: /default-rack, certSerialId: null}1757d5fa-a161-4c0a-b504-ed724002c805{ip: 192.168.151.75, host: pr-hdds-1868-k864b-3611000933, networkLocation: /default-rack, certSerialId: null}, Type:RATIS, Factor:THREE, State:ALLOCATED]
2019-10-07 23:30:18,524 [main] INFO  ozone.MiniOzoneClusterImpl (MiniOzoneClusterImpl.java:lambda$waitForClusterToBeReady$2(164)) - Waiting for 9 number of pipelines out of 9, to report a leader.
2019-10-07 23:30:19,524 [main] INFO  ozone.MiniOzoneClusterImpl (MiniOzoneClusterImpl.java:lambda$waitForClusterToBeReady$2(164)) - Waiting for 9 number of pipelines out of 9, to report a leader.
2019-10-07 23:30:20,545 [main] INFO  ozone.MiniOzoneClusterImpl (MiniOzoneClusterImpl.java:lambda$waitForClusterToBeReady$2(164)) - Waiting for 9 number of pipelines out of 9, to report a leader.
2019-10-07 23:30:20,968 [Thread-1574] INFO  container.ReplicationManager (ReplicationManager.java:start(162)) - Starting Replication Monitor Thread.
2019-10-07 23:30:20,969 [Thread-1574] INFO  pipeline.SCMPipelineManager (SCMPipelineManager.java:finalizeAndDestroyPipeline(315)) - destroying pipeline:Pipeline[ Id: 438a5fdb-e215-44d8-b50a-def3f53608f2, Nodes: 514f190c-733c-43a5-9051-89b078470f15{ip: 192.168.151.75, host: pr-hdds-1868-k864b-3611000933, networkLocation: /default-rack, certSerialId: null}, Type:RATIS, Factor:ONE, State:ALLOCATED]
2019-10-07 23:30:20,973 [ReplicationMonitor] INFO  container.ReplicationManager (ReplicationManager.java:run(225)) - Replication Monitor Thread took 1 milliseconds for processing 0 containers.
2019-10-07 23:30:20,973 [Thread-1574] INFO  pipeline.PipelineStateManager (PipelineStateManager.java:finalizePipeline(123)) - Pipeline Pipeline[ Id: 438a5fdb-e215-44d8-b50a-def3f53608f2, Nodes: 514f190c-733c-43a5-9051-89b078470f15{ip: 192.168.151.75, host: pr-hdds-1868-k864b-3611000933, networkLocation: /default-rack, certSerialId: null}, Type:RATIS, Factor:ONE, State:CLOSED] moved to CLOSED state
2019-10-07 23:30:20,982 [grpc-default-executor-1] INFO  impl.RaftServerProxy (RaftServerProxy.java:remove(95)) - 514f190c-733c-43a5-9051-89b078470f15: remove  FOLLOWER 514f190c-733c-43a5-9051-89b078470f15@group-DEF3F53608F2:t0, leader=null, voted=null, raftlog=514f190c-733c-43a5-9051-89b078470f15@group-DEF3F53608F2-SegmentedRaftLog:OPENED:c-1,f-1,i0, conf=-1: [514f190c-733c-43a5-9051-89b078470f15:192.168.151.75:40950], old=null RUNNING
2019-10-07 23:30:20,983 [grpc-default-executor-1] INFO  impl.RaftServerImpl (RaftServerImpl.java:lambda$shutdown$3(247)) - 514f190c-733c-43a5-9051-89b078470f15@group-DEF3F53608F2: shutdown
2019-10-07 23:30:20,983 [grpc-default-executor-1] INFO  util.JmxRegister (JmxRegister.java:unregister(73)) - Successfully un-registered JMX Bean with object name Ratis:service=RaftServer,group=group-DEF3F53608F2,id=514f190c-733c-43a5-9051-89b078470f15
2019-10-07 23:30:20,983 [grpc-default-executor-1] INFO  impl.RoleInfo (RoleInfo.java:shutdownFollowerState(121)) - 514f190c-733c-43a5-9051-89b078470f15: shutdown FollowerState
2019-10-07 23:30:20,983 [grpc-default-executor-1] INFO  impl.StateMachineUpdater (StateMachineUpdater.java:stopAndJoin(136)) - 514f190c-733c-43a5-9051-89b078470f15@group-DEF3F53608F2-StateMachineUpdater: set stopIndex = -1
2019-10-07 23:30:20,984 [Thread-1603] INFO  impl.FollowerState (FollowerState.java:run(117)) - 514f190c-733c-43a5-9051-89b078470f15@group-DEF3F53608F2-FollowerState was interrupted: java.lang.InterruptedException: sleep interrupted
2019-10-07 23:30:20,984 [grpc-default-executor-1] INFO  impl.RaftServerImpl (ServerState.java:close(387)) - 514f190c-733c-43a5-9051-89b078470f15@group-DEF3F53608F2: closes. applyIndex: -1
2019-10-07 23:30:20,984 [514f190c-733c-43a5-9051-89b078470f15@group-DEF3F53608F2-SegmentedRaftLogWorker] INFO  segmented.SegmentedRaftLogWorker (SegmentedRaftLogWorker.java:run(316)) - 514f190c-733c-43a5-9051-89b078470f15@group-DEF3F53608F2-SegmentedRaftLogWorker was interrupted, exiting. There are 0 tasks remaining in the queue.
2019-10-07 23:30:20,984 [grpc-default-executor-1] INFO  segmented.SegmentedRaftLogWorker (SegmentedRaftLogWorker.java:close(224)) - 514f190c-733c-43a5-9051-89b078470f15@group-DEF3F53608F2-SegmentedRaftLogWorker close()
2019-10-07 23:30:20,993 [Thread-1574] INFO  pipeline.PipelineStateManager (PipelineStateManager.java:removePipeline(108)) - Pipeline Pipeline[ Id: 438a5fdb-e215-44d8-b50a-def3f53608f2, Nodes: 514f190c-733c-43a5-9051-89b078470f15{ip: 192.168.151.75, host: pr-hdds-1868-k864b-3611000933, networkLocation: /default-rack, certSerialId: null}, Type:RATIS, Factor:ONE, State:CLOSED] removed from db
2019-10-07 23:30:20,995 [Thread-1574] INFO  pipeline.SCMPipelineManager (SCMPipelineManager.java:finalizeAndDestroyPipeline(315)) - destroying pipeline:Pipeline[ Id: ebcc27f8-4fd7-4460-83ab-3103e35c02e3, Nodes: 1757d5fa-a161-4c0a-b504-ed724002c805{ip: 192.168.151.75, host: pr-hdds-1868-k864b-3611000933, networkLocation: /default-rack, certSerialId: null}, Type:RATIS, Factor:ONE, State:ALLOCATED]
2019-10-07 23:30:21,000 [grpc-default-executor-1] INFO  impl.RaftServerProxy (RaftServerProxy.java:addNew(89)) - 514f190c-733c-43a5-9051-89b078470f15: addNew group-9DF362E46F0D:[514f190c-733c-43a5-9051-89b078470f15:192.168.151.75:40950] returns group-9DF362E46F0D:java.util.concurrent.CompletableFuture@7636be27[Not completed]
2019-10-07 23:30:21,001 [pool-267-thread-1] INFO  impl.RaftServerImpl (RaftServerImpl.java:<init>(95)) - 514f190c-733c-43a5-9051-89b078470f15: new RaftServerImpl for group-9DF362E46F0D:[514f190c-733c-43a5-9051-89b078470f15:192.168.151.75:40950] with ContainerStateMachine:uninitialized
2019-10-07 23:30:21,001 [pool-267-thread-1] INFO  server.RaftServerConfigKeys (ConfUtils.java:logGet(43)) - raft.server.rpc.timeout.min = 5s (custom)
2019-10-07 23:30:21,001 [pool-267-thread-1] INFO  server.RaftServerConfigKeys (ConfUtils.java:logGet(43)) - raft.server.rpc.timeout.max = 5200ms (custom)
2019-10-07 23:30:21,002 [pool-267-thread-1] INFO  server.RaftServerConfigKeys (ConfUtils.java:logGet(43)) - raft.server.rpcslowness.timeout = 120s (custom)
2019-10-07 23:30:21,002 [pool-267-thread-1] INFO  server.RaftServerConfigKeys (ConfUtils.java:logGet(43)) - raft.server.sleep.deviation.threshold = 300 (default)
2019-10-07 23:30:21,002 [pool-267-thread-1] INFO  server.RaftServerConfigKeys (ConfUtils.java:logGet(43)) - raft.server.log.appender.install.snapshot.enabled = false (custom)
2019-10-07 23:30:21,002 [pool-267-thread-1] INFO  impl.RaftServerImpl (ServerState.java:<init>(103)) - 514f190c-733c-43a5-9051-89b078470f15@group-9DF362E46F0D: ConfigurationManager, init=-1: [514f190c-733c-43a5-9051-89b078470f15:192.168.151.75:40950], old=null, confs=<EMPTY_MAP>
2019-10-07 23:30:21,002 [pool-267-thread-1] INFO  server.RaftServerConfigKeys (ConfUtils.java:logGet(43)) - raft.server.storage.dir = [/workdir/hadoop-ozone/integration-test/target/test-dir/MiniOzoneClusterImpl-5e9621be-c945-401e-a048-ea7290b0a7f2/datanode-6/data/ratis] (custom)
2019-10-07 23:30:21,003 [pool-267-thread-1] INFO  server.RaftServerConfigKeys (ConfUtils.java:logGet(43)) - raft.server.log.corruption.policy = EXCEPTION (default)
2019-10-07 23:30:21,003 [pool-267-thread-1] INFO  storage.RaftStorageDirectory (RaftStorageDirectory.java:analyzeStorage(246)) - The storage directory /workdir/hadoop-ozone/integration-test/target/test-dir/MiniOzoneClusterImpl-5e9621be-c945-401e-a048-ea7290b0a7f2/datanode-6/data/ratis/b4ade438-beb6-4c92-909f-9df362e46f0d does not exist. Creating ...
2019-10-07 23:30:21,028 [pool-267-thread-1] INFO  storage.RaftStorageDirectory (RaftStorageDirectory.java:tryLock(328)) - Lock on /workdir/hadoop-ozone/integration-test/target/test-dir/MiniOzoneClusterImpl-5e9621be-c945-401e-a048-ea7290b0a7f2/datanode-6/data/ratis/b4ade438-beb6-4c92-909f-9df362e46f0d/in_use.lock acquired by nodename 21128@pr-hdds-1868-k864b-3611000933
2019-10-07 23:30:21,049 [pool-267-thread-1] INFO  storage.RaftStorage (RaftStorage.java:format(84)) - Storage directory /workdir/hadoop-ozone/integration-test/target/test-dir/MiniOzoneClusterImpl-5e9621be-c945-401e-a048-ea7290b0a7f2/datanode-6/data/ratis/b4ade438-beb6-4c92-909f-9df362e46f0d has been successfully formatted.
2019-10-07 23:30:21,050 [pool-267-thread-1] INFO  ratis.ContainerStateMachine (ContainerStateMachine.java:loadSnapshot(233)) - group-9DF362E46F0D: The snapshot info is null. Setting the last applied indexto:(t:0, i:~)
2019-10-07 23:30:21,050 [pool-267-thread-1] INFO  server.RaftServerConfigKeys (ConfUtils.java:logGet(43)) - raft.server.notification.no-leader.timeout = 120s (custom)
2019-10-07 23:30:21,050 [pool-267-thread-1] INFO  server.RaftServerConfigKeys (ConfUtils.java:logGet(43)) - raft.server.log.use.memory = false (default)
2019-10-07 23:30:21,050 [pool-267-thread-1] INFO  server.RaftServerConfigKeys (ConfUtils.java:logGet(43)) - raft.server.log.purge.gap = 1000000 (custom)
2019-10-07 23:30:21,050 [pool-267-thread-1] INFO  server.RaftServerConfigKeys (ConfUtils.java:logGet(43)) - raft.server.log.appender.buffer.byte-limit = 33554432 (custom)
2019-10-07 23:30:21,050 [pool-267-thread-1] INFO  server.RaftServerConfigKeys (ConfUtils.java:logGet(43)) - raft.server.log.segment.size.max = 1048576 (custom)
2019-10-07 23:30:21,051 [pool-267-thread-1] INFO  server.RaftServerConfigKeys (ConfUtils.java:logGet(43)) - raft.server.log.segment.cache.num.max = 2 (custom)
2019-10-07 23:30:21,051 [pool-267-thread-1] INFO  segmented.SegmentedRaftLogWorker (SegmentedRaftLogWorker.java:<init>(173)) - new 514f190c-733c-43a5-9051-89b078470f15@group-9DF362E46F0D-SegmentedRaftLogWorker for RaftStorage:Storage Directory /workdir/hadoop-ozone/integration-test/target/test-dir/MiniOzoneClusterImpl-5e9621be-c945-401e-a048-ea7290b0a7f2/datanode-6/data/ratis/b4ade438-beb6-4c92-909f-9df362e46f0d
2019-10-07 23:30:21,051 [pool-267-thread-1] INFO  server.RaftServerConfigKeys (ConfUtils.java:logGet(43)) - raft.server.log.queue.byte-limit = 2147483647 (custom)
2019-10-07 23:30:21,051 [pool-267-thread-1] INFO  server.RaftServerConfigKeys (ConfUtils.java:logGet(43)) - raft.server.log.queue.element-limit = 1024 (custom)
2019-10-07 23:30:21,051 [pool-267-thread-1] INFO  server.RaftServerConfigKeys (ConfUtils.java:logGet(43)) - raft.server.log.segment.size.max = 1048576 (custom)
2019-10-07 23:30:21,051 [pool-267-thread-1] INFO  server.RaftServerConfigKeys (ConfUtils.java:logGet(43)) - raft.server.log.preallocated.size = 16384 (custom)
2019-10-07 23:30:21,052 [pool-267-thread-1] INFO  server.RaftServerConfigKeys (ConfUtils.java:logGet(43)) - raft.server.log.write.buffer.size = 33554432 (custom)
2019-10-07 23:30:21,052 [pool-267-thread-1] INFO  server.RaftServerConfigKeys (ConfUtils.java:logGet(43)) - raft.server.log.force.sync.num = 128 (default)
2019-10-07 23:30:21,052 [pool-267-thread-1] INFO  server.RaftServerConfigKeys (ConfUtils.java:logGet(43)) - raft.server.log.statemachine.data.sync = true (default)
2019-10-07 23:30:21,052 [pool-267-thread-1] INFO  server.RaftServerConfigKeys (ConfUtils.java:logGet(43)) - raft.server.log.statemachine.data.sync.timeout = 10s (default)
2019-10-07 23:30:21,052 [pool-267-thread-1] INFO  server.RaftServerConfigKeys (ConfUtils.java:logGet(43)) - raft.server.log.statemachine.data.sync.timeout.retry = -1 (default)
2019-10-07 23:30:21,052 [pool-267-thread-1] INFO  server.RaftServerConfigKeys (ConfUtils.java:logGet(43)) - raft.server.log.statemachine.data.caching.enabled = true (custom)
2019-10-07 23:30:21,053 [pool-267-thread-1] INFO  segmented.SegmentedRaftLogWorker (SegmentedRaftLogWorker.java:lambda$new$0(128)) - 514f190c-733c-43a5-9051-89b078470f15@group-9DF362E46F0D-SegmentedRaftLogWorker: flushIndex: setUnconditionally 0 -> -1
2019-10-07 23:30:21,053 [pool-267-thread-1] INFO  server.RaftServerConfigKeys (ConfUtils.java:logGet(43)) - raft.server.snapshot.auto.trigger.enabled = true (custom)
2019-10-07 23:30:21,053 [pool-267-thread-1] INFO  server.RaftServerConfigKeys (ConfUtils.java:logGet(43)) - raft.server.snapshot.auto.trigger.threshold = 10000 (custom)
2019-10-07 23:30:21,053 [pool-267-thread-1] INFO  server.RaftServerConfigKeys (ConfUtils.java:logGet(43)) - raft.server.snapshot.retention.file.num = 5 (custom)
2019-10-07 23:30:21,054 [pool-267-thread-1] INFO  server.RaftServerConfigKeys (ConfUtils.java:logGet(43)) - raft.server.retrycache.expirytime = 600000ms (custom)
2019-10-07 23:30:21,056 [pool-267-thread-1] INFO  impl.RaftServerImpl (RaftServerImpl.java:start(181)) - 514f190c-733c-43a5-9051-89b078470f15@group-9DF362E46F0D: start as a follower, conf=-1: [514f190c-733c-43a5-9051-89b078470f15:192.168.151.75:40950], old=null
2019-10-07 23:30:21,056 [pool-267-thread-1] INFO  impl.RaftServerImpl (RaftServerImpl.java:setRole(170)) - 514f190c-733c-43a5-9051-89b078470f15@group-9DF362E46F0D: changes role from      null to FOLLOWER at term 0 for startAsFollower
2019-10-07 23:30:21,056 [pool-267-thread-1] INFO  impl.RoleInfo (RoleInfo.java:updateAndGet(143)) - 514f190c-733c-43a5-9051-89b078470f15: start FollowerState
2019-10-07 23:30:21,056 [pool-267-thread-1] INFO  util.JmxRegister (JmxRegister.java:tryRegister(44)) - Successfully registered JMX Bean with object name Ratis:service=RaftServer,group=group-9DF362E46F0D,id=514f190c-733c-43a5-9051-89b078470f15
2019-10-07 23:30:21,061 [RatisPipelineUtilsThread] INFO  pipeline.PipelineStateManager (PipelineStateManager.java:addPipeline(57)) - Created pipeline Pipeline[ Id: b4ade438-beb6-4c92-909f-9df362e46f0d, Nodes: 514f190c-733c-43a5-9051-89b078470f15{ip: 192.168.151.75, host: pr-hdds-1868-k864b-3611000933, networkLocation: /default-rack, certSerialId: null}, Type:RATIS, Factor:ONE, State:ALLOCATED]
2019-10-07 23:30:21,061 [Thread-1574] INFO  pipeline.PipelineStateManager (PipelineStateManager.java:finalizePipeline(123)) - Pipeline Pipeline[ Id: ebcc27f8-4fd7-4460-83ab-3103e35c02e3, Nodes: 1757d5fa-a161-4c0a-b504-ed724002c805{ip: 192.168.151.75, host: pr-hdds-1868-k864b-3611000933, networkLocation: /default-rack, certSerialId: null}, Type:RATIS, Factor:ONE, State:CLOSED] moved to CLOSED state
2019-10-07 23:30:21,068 [grpc-default-executor-1] INFO  impl.RaftServerProxy (RaftServerProxy.java:remove(95)) - 1757d5fa-a161-4c0a-b504-ed724002c805: remove  FOLLOWER 1757d5fa-a161-4c0a-b504-ed724002c805@group-3103E35C02E3:t0, leader=null, voted=null, raftlog=1757d5fa-a161-4c0a-b504-ed724002c805@group-3103E35C02E3-SegmentedRaftLog:OPENED:c-1,f-1,i0, conf=-1: [1757d5fa-a161-4c0a-b504-ed724002c805:192.168.151.75:37685], old=null RUNNING
2019-10-07 23:30:21,068 [grpc-default-executor-1] INFO  impl.RaftServerImpl (RaftServerImpl.java:lambda$shutdown$3(247)) - 1757d5fa-a161-4c0a-b504-ed724002c805@group-3103E35C02E3: shutdown
2019-10-07 23:30:21,069 [grpc-default-executor-1] INFO  util.JmxRegister (JmxRegister.java:unregister(73)) - Successfully un-registered JMX Bean with object name Ratis:service=RaftServer,group=group-3103E35C02E3,id=1757d5fa-a161-4c0a-b504-ed724002c805
2019-10-07 23:30:21,069 [grpc-default-executor-1] INFO  impl.RoleInfo (RoleInfo.java:shutdownFollowerState(121)) - 1757d5fa-a161-4c0a-b504-ed724002c805: shutdown FollowerState
2019-10-07 23:30:21,069 [grpc-default-executor-1] INFO  impl.StateMachineUpdater (StateMachineUpdater.java:stopAndJoin(136)) - 1757d5fa-a161-4c0a-b504-ed724002c805@group-3103E35C02E3-StateMachineUpdater: set stopIndex = -1
2019-10-07 23:30:21,069 [Thread-1600] INFO  impl.FollowerState (FollowerState.java:run(117)) - 1757d5fa-a161-4c0a-b504-ed724002c805@group-3103E35C02E3-FollowerState was interrupted: java.lang.InterruptedException: sleep interrupted
2019-10-07 23:30:21,069 [grpc-default-executor-1] INFO  impl.RaftServerImpl (ServerState.java:close(387)) - 1757d5fa-a161-4c0a-b504-ed724002c805@group-3103E35C02E3: closes. applyIndex: -1
2019-10-07 23:30:21,070 [1757d5fa-a161-4c0a-b504-ed724002c805@group-3103E35C02E3-SegmentedRaftLogWorker] INFO  segmented.SegmentedRaftLogWorker (SegmentedRaftLogWorker.java:run(316)) - 1757d5fa-a161-4c0a-b504-ed724002c805@group-3103E35C02E3-SegmentedRaftLogWorker was interrupted, exiting. There are 0 tasks remaining in the queue.
2019-10-07 23:30:21,070 [grpc-default-executor-1] INFO  segmented.SegmentedRaftLogWorker (SegmentedRaftLogWorker.java:close(224)) - 1757d5fa-a161-4c0a-b504-ed724002c805@group-3103E35C02E3-SegmentedRaftLogWorker close()
2019-10-07 23:30:21,077 [Thread-1574] INFO  pipeline.PipelineStateManager (PipelineStateManager.java:removePipeline(108)) - Pipeline Pipeline[ Id: ebcc27f8-4fd7-4460-83ab-3103e35c02e3, Nodes: 1757d5fa-a161-4c0a-b504-ed724002c805{ip: 192.168.151.75, host: pr-hdds-1868-k864b-3611000933, networkLocation: /default-rack, certSerialId: null}, Type:RATIS, Factor:ONE, State:CLOSED] removed from db
2019-10-07 23:30:21,078 [Thread-1574] INFO  pipeline.SCMPipelineManager (SCMPipelineManager.java:finalizeAndDestroyPipeline(315)) - destroying pipeline:Pipeline[ Id: 0d3f20d2-57b3-4721-a5ab-f829ef3aa531, Nodes: f7b4c7ea-3575-41d6-9287-70bd6e3567dd{ip: 192.168.151.75, host: pr-hdds-1868-k864b-3611000933, networkLocation: /default-rack, certSerialId: null}, Type:RATIS, Factor:ONE, State:ALLOCATED]
2019-10-07 23:30:21,082 [grpc-default-executor-1] INFO  impl.RaftServerProxy (RaftServerProxy.java:addNew(89)) - 1757d5fa-a161-4c0a-b504-ed724002c805: addNew group-CE9350991C94:[1757d5fa-a161-4c0a-b504-ed724002c805:192.168.151.75:37685] returns group-CE9350991C94:java.util.concurrent.CompletableFuture@7f6411b8[Not completed]
2019-10-07 23:30:21,083 [pool-257-thread-1] INFO  impl.RaftServerImpl (RaftServerImpl.java:<init>(95)) - 1757d5fa-a161-4c0a-b504-ed724002c805: new RaftServerImpl for group-CE9350991C94:[1757d5fa-a161-4c0a-b504-ed724002c805:192.168.151.75:37685] with ContainerStateMachine:uninitialized
2019-10-07 23:30:21,083 [pool-257-thread-1] INFO  server.RaftServerConfigKeys (ConfUtils.java:logGet(43)) - raft.server.rpc.timeout.min = 5s (custom)
2019-10-07 23:30:21,084 [pool-257-thread-1] INFO  server.RaftServerConfigKeys (ConfUtils.java:logGet(43)) - raft.server.rpc.timeout.max = 5200ms (custom)
2019-10-07 23:30:21,084 [pool-257-thread-1] INFO  server.RaftServerConfigKeys (ConfUtils.java:logGet(43)) - raft.server.rpcslowness.timeout = 120s (custom)
2019-10-07 23:30:21,084 [pool-257-thread-1] INFO  server.RaftServerConfigKeys (ConfUtils.java:logGet(43)) - raft.server.sleep.deviation.threshold = 300 (default)
2019-10-07 23:30:21,084 [pool-257-thread-1] INFO  server.RaftServerConfigKeys (ConfUtils.java:logGet(43)) - raft.server.log.appender.install.snapshot.enabled = false (custom)
2019-10-07 23:30:21,084 [pool-257-thread-1] INFO  impl.RaftServerImpl (ServerState.java:<init>(103)) - 1757d5fa-a161-4c0a-b504-ed724002c805@group-CE9350991C94: ConfigurationManager, init=-1: [1757d5fa-a161-4c0a-b504-ed724002c805:192.168.151.75:37685], old=null, confs=<EMPTY_MAP>
2019-10-07 23:30:21,084 [pool-257-thread-1] INFO  server.RaftServerConfigKeys (ConfUtils.java:logGet(43)) - raft.server.storage.dir = [/workdir/hadoop-ozone/integration-test/target/test-dir/MiniOzoneClusterImpl-5e9621be-c945-401e-a048-ea7290b0a7f2/datanode-5/data/ratis] (custom)
2019-10-07 23:30:21,085 [pool-257-thread-1] INFO  server.RaftServerConfigKeys (ConfUtils.java:logGet(43)) - raft.server.log.corruption.policy = EXCEPTION (default)
2019-10-07 23:30:21,085 [pool-257-thread-1] INFO  storage.RaftStorageDirectory (RaftStorageDirectory.java:analyzeStorage(246)) - The storage directory /workdir/hadoop-ozone/integration-test/target/test-dir/MiniOzoneClusterImpl-5e9621be-c945-401e-a048-ea7290b0a7f2/datanode-5/data/ratis/cbec6113-6f76-4947-933e-ce9350991c94 does not exist. Creating ...
2019-10-07 23:30:21,100 [pool-257-thread-1] INFO  storage.RaftStorageDirectory (RaftStorageDirectory.java:tryLock(328)) - Lock on /workdir/hadoop-ozone/integration-test/target/test-dir/MiniOzoneClusterImpl-5e9621be-c945-401e-a048-ea7290b0a7f2/datanode-5/data/ratis/cbec6113-6f76-4947-933e-ce9350991c94/in_use.lock acquired by nodename 21128@pr-hdds-1868-k864b-3611000933
2019-10-07 23:30:21,113 [pool-257-thread-1] INFO  storage.RaftStorage (RaftStorage.java:format(84)) - Storage directory /workdir/hadoop-ozone/integration-test/target/test-dir/MiniOzoneClusterImpl-5e9621be-c945-401e-a048-ea7290b0a7f2/datanode-5/data/ratis/cbec6113-6f76-4947-933e-ce9350991c94 has been successfully formatted.
2019-10-07 23:30:21,113 [pool-257-thread-1] INFO  ratis.ContainerStateMachine (ContainerStateMachine.java:loadSnapshot(233)) - group-CE9350991C94: The snapshot info is null. Setting the last applied indexto:(t:0, i:~)
2019-10-07 23:30:21,113 [pool-257-thread-1] INFO  server.RaftServerConfigKeys (ConfUtils.java:logGet(43)) - raft.server.notification.no-leader.timeout = 120s (custom)
2019-10-07 23:30:21,113 [pool-257-thread-1] INFO  server.RaftServerConfigKeys (ConfUtils.java:logGet(43)) - raft.server.log.use.memory = false (default)
2019-10-07 23:30:21,114 [pool-257-thread-1] INFO  server.RaftServerConfigKeys (ConfUtils.java:logGet(43)) - raft.server.log.purge.gap = 1000000 (custom)
2019-10-07 23:30:21,114 [pool-257-thread-1] INFO  server.RaftServerConfigKeys (ConfUtils.java:logGet(43)) - raft.server.log.appender.buffer.byte-limit = 33554432 (custom)
2019-10-07 23:30:21,114 [pool-257-thread-1] INFO  server.RaftServerConfigKeys (ConfUtils.java:logGet(43)) - raft.server.log.segment.size.max = 1048576 (custom)
2019-10-07 23:30:21,114 [pool-257-thread-1] INFO  server.RaftServerConfigKeys (ConfUtils.java:logGet(43)) - raft.server.log.segment.cache.num.max = 2 (custom)
2019-10-07 23:30:21,114 [pool-257-thread-1] INFO  segmented.SegmentedRaftLogWorker (SegmentedRaftLogWorker.java:<init>(173)) - new 1757d5fa-a161-4c0a-b504-ed724002c805@group-CE9350991C94-SegmentedRaftLogWorker for RaftStorage:Storage Directory /workdir/hadoop-ozone/integration-test/target/test-dir/MiniOzoneClusterImpl-5e9621be-c945-401e-a048-ea7290b0a7f2/datanode-5/data/ratis/cbec6113-6f76-4947-933e-ce9350991c94
2019-10-07 23:30:21,114 [pool-257-thread-1] INFO  server.RaftServerConfigKeys (ConfUtils.java:logGet(43)) - raft.server.log.queue.byte-limit = 2147483647 (custom)
2019-10-07 23:30:21,115 [pool-257-thread-1] INFO  server.RaftServerConfigKeys (ConfUtils.java:logGet(43)) - raft.server.log.queue.element-limit = 1024 (custom)
2019-10-07 23:30:21,115 [pool-257-thread-1] INFO  server.RaftServerConfigKeys (ConfUtils.java:logGet(43)) - raft.server.log.segment.size.max = 1048576 (custom)
2019-10-07 23:30:21,115 [pool-257-thread-1] INFO  server.RaftServerConfigKeys (ConfUtils.java:logGet(43)) - raft.server.log.preallocated.size = 16384 (custom)
2019-10-07 23:30:21,115 [pool-257-thread-1] INFO  server.RaftServerConfigKeys (ConfUtils.java:logGet(43)) - raft.server.log.write.buffer.size = 33554432 (custom)
2019-10-07 23:30:21,115 [pool-257-thread-1] INFO  server.RaftServerConfigKeys (ConfUtils.java:logGet(43)) - raft.server.log.force.sync.num = 128 (default)
2019-10-07 23:30:21,115 [pool-257-thread-1] INFO  server.RaftServerConfigKeys (ConfUtils.java:logGet(43)) - raft.server.log.statemachine.data.sync = true (default)
2019-10-07 23:30:21,116 [pool-257-thread-1] INFO  server.RaftServerConfigKeys (ConfUtils.java:logGet(43)) - raft.server.log.statemachine.data.sync.timeout = 10s (default)
2019-10-07 23:30:21,116 [pool-257-thread-1] INFO  server.RaftServerConfigKeys (ConfUtils.java:logGet(43)) - raft.server.log.statemachine.data.sync.timeout.retry = -1 (default)
2019-10-07 23:30:21,116 [pool-257-thread-1] INFO  server.RaftServerConfigKeys (ConfUtils.java:logGet(43)) - raft.server.log.statemachine.data.caching.enabled = true (custom)
2019-10-07 23:30:21,116 [pool-257-thread-1] INFO  segmented.SegmentedRaftLogWorker (SegmentedRaftLogWorker.java:lambda$new$0(128)) - 1757d5fa-a161-4c0a-b504-ed724002c805@group-CE9350991C94-SegmentedRaftLogWorker: flushIndex: setUnconditionally 0 -> -1
2019-10-07 23:30:21,117 [pool-257-thread-1] INFO  server.RaftServerConfigKeys (ConfUtils.java:logGet(43)) - raft.server.snapshot.auto.trigger.enabled = true (custom)
2019-10-07 23:30:21,117 [pool-257-thread-1] INFO  server.RaftServerConfigKeys (ConfUtils.java:logGet(43)) - raft.server.snapshot.auto.trigger.threshold = 10000 (custom)
2019-10-07 23:30:21,117 [pool-257-thread-1] INFO  server.RaftServerConfigKeys (ConfUtils.java:logGet(43)) - raft.server.snapshot.retention.file.num = 5 (custom)
2019-10-07 23:30:21,117 [pool-257-thread-1] INFO  server.RaftServerConfigKeys (ConfUtils.java:logGet(43)) - raft.server.retrycache.expirytime = 600000ms (custom)
2019-10-07 23:30:21,119 [pool-257-thread-1] INFO  impl.RaftServerImpl (RaftServerImpl.java:start(181)) - 1757d5fa-a161-4c0a-b504-ed724002c805@group-CE9350991C94: start as a follower, conf=-1: [1757d5fa-a161-4c0a-b504-ed724002c805:192.168.151.75:37685], old=null
2019-10-07 23:30:21,119 [pool-257-thread-1] INFO  impl.RaftServerImpl (RaftServerImpl.java:setRole(170)) - 1757d5fa-a161-4c0a-b504-ed724002c805@group-CE9350991C94: changes role from      null to FOLLOWER at term 0 for startAsFollower
2019-10-07 23:30:21,119 [pool-257-thread-1] INFO  impl.RoleInfo (RoleInfo.java:updateAndGet(143)) - 1757d5fa-a161-4c0a-b504-ed724002c805: start FollowerState
2019-10-07 23:30:21,120 [pool-257-thread-1] INFO  util.JmxRegister (JmxRegister.java:tryRegister(44)) - Successfully registered JMX Bean with object name Ratis:service=RaftServer,group=group-CE9350991C94,id=1757d5fa-a161-4c0a-b504-ed724002c805
2019-10-07 23:30:21,125 [RatisPipelineUtilsThread] INFO  pipeline.PipelineStateManager (PipelineStateManager.java:addPipeline(57)) - Created pipeline Pipeline[ Id: cbec6113-6f76-4947-933e-ce9350991c94, Nodes: 1757d5fa-a161-4c0a-b504-ed724002c805{ip: 192.168.151.75, host: pr-hdds-1868-k864b-3611000933, networkLocation: /default-rack, certSerialId: null}, Type:RATIS, Factor:ONE, State:ALLOCATED]
2019-10-07 23:30:21,126 [Thread-1574] INFO  pipeline.PipelineStateManager (PipelineStateManager.java:finalizePipeline(123)) - Pipeline Pipeline[ Id: 0d3f20d2-57b3-4721-a5ab-f829ef3aa531, Nodes: f7b4c7ea-3575-41d6-9287-70bd6e3567dd{ip: 192.168.151.75, host: pr-hdds-1868-k864b-3611000933, networkLocation: /default-rack, certSerialId: null}, Type:RATIS, Factor:ONE, State:CLOSED] moved to CLOSED state
2019-10-07 23:30:21,133 [grpc-default-executor-1] INFO  impl.RaftServerProxy (RaftServerProxy.java:remove(95)) - f7b4c7ea-3575-41d6-9287-70bd6e3567dd: remove  FOLLOWER f7b4c7ea-3575-41d6-9287-70bd6e3567dd@group-F829EF3AA531:t0, leader=null, voted=null, raftlog=f7b4c7ea-3575-41d6-9287-70bd6e3567dd@group-F829EF3AA531-SegmentedRaftLog:OPENED:c-1,f-1,i0, conf=-1: [f7b4c7ea-3575-41d6-9287-70bd6e3567dd:192.168.151.75:35260], old=null RUNNING
2019-10-07 23:30:21,133 [grpc-default-executor-1] INFO  impl.RaftServerImpl (RaftServerImpl.java:lambda$shutdown$3(247)) - f7b4c7ea-3575-41d6-9287-70bd6e3567dd@group-F829EF3AA531: shutdown
2019-10-07 23:30:21,133 [grpc-default-executor-1] INFO  util.JmxRegister (JmxRegister.java:unregister(73)) - Successfully un-registered JMX Bean with object name Ratis:service=RaftServer,group=group-F829EF3AA531,id=f7b4c7ea-3575-41d6-9287-70bd6e3567dd
2019-10-07 23:30:21,133 [grpc-default-executor-1] INFO  impl.RoleInfo (RoleInfo.java:shutdownFollowerState(121)) - f7b4c7ea-3575-41d6-9287-70bd6e3567dd: shutdown FollowerState
2019-10-07 23:30:21,134 [grpc-default-executor-1] INFO  impl.StateMachineUpdater (StateMachineUpdater.java:stopAndJoin(136)) - f7b4c7ea-3575-41d6-9287-70bd6e3567dd@group-F829EF3AA531-StateMachineUpdater: set stopIndex = -1
2019-10-07 23:30:21,134 [Thread-1579] INFO  impl.FollowerState (FollowerState.java:run(117)) - f7b4c7ea-3575-41d6-9287-70bd6e3567dd@group-F829EF3AA531-FollowerState was interrupted: java.lang.InterruptedException: sleep interrupted
2019-10-07 23:30:21,134 [grpc-default-executor-1] INFO  impl.RaftServerImpl (ServerState.java:close(387)) - f7b4c7ea-3575-41d6-9287-70bd6e3567dd@group-F829EF3AA531: closes. applyIndex: -1
2019-10-07 23:30:21,134 [f7b4c7ea-3575-41d6-9287-70bd6e3567dd@group-F829EF3AA531-SegmentedRaftLogWorker] INFO  segmented.SegmentedRaftLogWorker (SegmentedRaftLogWorker.java:run(316)) - f7b4c7ea-3575-41d6-9287-70bd6e3567dd@group-F829EF3AA531-SegmentedRaftLogWorker was interrupted, exiting. There are 0 tasks remaining in the queue.
2019-10-07 23:30:21,135 [grpc-default-executor-1] INFO  segmented.SegmentedRaftLogWorker (SegmentedRaftLogWorker.java:close(224)) - f7b4c7ea-3575-41d6-9287-70bd6e3567dd@group-F829EF3AA531-SegmentedRaftLogWorker close()
2019-10-07 23:30:21,142 [Thread-1574] INFO  pipeline.PipelineStateManager (PipelineStateManager.java:removePipeline(108)) - Pipeline Pipeline[ Id: 0d3f20d2-57b3-4721-a5ab-f829ef3aa531, Nodes: f7b4c7ea-3575-41d6-9287-70bd6e3567dd{ip: 192.168.151.75, host: pr-hdds-1868-k864b-3611000933, networkLocation: /default-rack, certSerialId: null}, Type:RATIS, Factor:ONE, State:CLOSED] removed from db
2019-10-07 23:30:21,143 [Thread-1574] INFO  pipeline.SCMPipelineManager (SCMPipelineManager.java:finalizeAndDestroyPipeline(315)) - destroying pipeline:Pipeline[ Id: 53d8faa0-5c84-47e1-b714-ef066c2f0cb6, Nodes: 829bacd9-64a1-4193-8e1a-e4a73c9ba220{ip: 192.168.151.75, host: pr-hdds-1868-k864b-3611000933, networkLocation: /default-rack, certSerialId: null}, Type:RATIS, Factor:ONE, State:ALLOCATED]
2019-10-07 23:30:21,146 [grpc-default-executor-1] INFO  impl.RaftServerProxy (RaftServerProxy.java:addNew(89)) - f7b4c7ea-3575-41d6-9287-70bd6e3567dd: addNew group-81DD1DFC910E:[f7b4c7ea-3575-41d6-9287-70bd6e3567dd:192.168.151.75:35260] returns group-81DD1DFC910E:java.util.concurrent.CompletableFuture@11986427[Not completed]
2019-10-07 23:30:21,149 [pool-217-thread-1] INFO  impl.RaftServerImpl (RaftServerImpl.java:<init>(95)) - f7b4c7ea-3575-41d6-9287-70bd6e3567dd: new RaftServerImpl for group-81DD1DFC910E:[f7b4c7ea-3575-41d6-9287-70bd6e3567dd:192.168.151.75:35260] with ContainerStateMachine:uninitialized
2019-10-07 23:30:21,149 [pool-217-thread-1] INFO  server.RaftServerConfigKeys (ConfUtils.java:logGet(43)) - raft.server.rpc.timeout.min = 5s (custom)
2019-10-07 23:30:21,149 [pool-217-thread-1] INFO  server.RaftServerConfigKeys (ConfUtils.java:logGet(43)) - raft.server.rpc.timeout.max = 5200ms (custom)
2019-10-07 23:30:21,149 [pool-217-thread-1] INFO  server.RaftServerConfigKeys (ConfUtils.java:logGet(43)) - raft.server.rpcslowness.timeout = 120s (custom)
2019-10-07 23:30:21,149 [pool-217-thread-1] INFO  server.RaftServerConfigKeys (ConfUtils.java:logGet(43)) - raft.server.sleep.deviation.threshold = 300 (default)
2019-10-07 23:30:21,149 [pool-217-thread-1] INFO  server.RaftServerConfigKeys (ConfUtils.java:logGet(43)) - raft.server.log.appender.install.snapshot.enabled = false (custom)
2019-10-07 23:30:21,150 [pool-217-thread-1] INFO  impl.RaftServerImpl (ServerState.java:<init>(103)) - f7b4c7ea-3575-41d6-9287-70bd6e3567dd@group-81DD1DFC910E: ConfigurationManager, init=-1: [f7b4c7ea-3575-41d6-9287-70bd6e3567dd:192.168.151.75:35260], old=null, confs=<EMPTY_MAP>
2019-10-07 23:30:21,150 [pool-217-thread-1] INFO  server.RaftServerConfigKeys (ConfUtils.java:logGet(43)) - raft.server.storage.dir = [/workdir/hadoop-ozone/integration-test/target/test-dir/MiniOzoneClusterImpl-5e9621be-c945-401e-a048-ea7290b0a7f2/datanode-1/data/ratis] (custom)
2019-10-07 23:30:21,150 [pool-217-thread-1] INFO  server.RaftServerConfigKeys (ConfUtils.java:logGet(43)) - raft.server.log.corruption.policy = EXCEPTION (default)
2019-10-07 23:30:21,151 [pool-217-thread-1] INFO  storage.RaftStorageDirectory (RaftStorageDirectory.java:analyzeStorage(246)) - The storage directory /workdir/hadoop-ozone/integration-test/target/test-dir/MiniOzoneClusterImpl-5e9621be-c945-401e-a048-ea7290b0a7f2/datanode-1/data/ratis/7d9e4fb4-5336-4e1d-ac0e-81dd1dfc910e does not exist. Creating ...
2019-10-07 23:30:21,165 [pool-217-thread-1] INFO  storage.RaftStorageDirectory (RaftStorageDirectory.java:tryLock(328)) - Lock on /workdir/hadoop-ozone/integration-test/target/test-dir/MiniOzoneClusterImpl-5e9621be-c945-401e-a048-ea7290b0a7f2/datanode-1/data/ratis/7d9e4fb4-5336-4e1d-ac0e-81dd1dfc910e/in_use.lock acquired by nodename 21128@pr-hdds-1868-k864b-3611000933
2019-10-07 23:30:21,178 [pool-217-thread-1] INFO  storage.RaftStorage (RaftStorage.java:format(84)) - Storage directory /workdir/hadoop-ozone/integration-test/target/test-dir/MiniOzoneClusterImpl-5e9621be-c945-401e-a048-ea7290b0a7f2/datanode-1/data/ratis/7d9e4fb4-5336-4e1d-ac0e-81dd1dfc910e has been successfully formatted.
2019-10-07 23:30:21,178 [pool-217-thread-1] INFO  ratis.ContainerStateMachine (ContainerStateMachine.java:loadSnapshot(233)) - group-81DD1DFC910E: The snapshot info is null. Setting the last applied indexto:(t:0, i:~)
2019-10-07 23:30:21,178 [pool-217-thread-1] INFO  server.RaftServerConfigKeys (ConfUtils.java:logGet(43)) - raft.server.notification.no-leader.timeout = 120s (custom)
2019-10-07 23:30:21,179 [pool-217-thread-1] INFO  server.RaftServerConfigKeys (ConfUtils.java:logGet(43)) - raft.server.log.use.memory = false (default)
2019-10-07 23:30:21,179 [pool-217-thread-1] INFO  server.RaftServerConfigKeys (ConfUtils.java:logGet(43)) - raft.server.log.purge.gap = 1000000 (custom)
2019-10-07 23:30:21,179 [pool-217-thread-1] INFO  server.RaftServerConfigKeys (ConfUtils.java:logGet(43)) - raft.server.log.appender.buffer.byte-limit = 33554432 (custom)
2019-10-07 23:30:21,179 [pool-217-thread-1] INFO  server.RaftServerConfigKeys (ConfUtils.java:logGet(43)) - raft.server.log.segment.size.max = 1048576 (custom)
2019-10-07 23:30:21,179 [pool-217-thread-1] INFO  server.RaftServerConfigKeys (ConfUtils.java:logGet(43)) - raft.server.log.segment.cache.num.max = 2 (custom)
2019-10-07 23:30:21,180 [pool-217-thread-1] INFO  segmented.SegmentedRaftLogWorker (SegmentedRaftLogWorker.java:<init>(173)) - new f7b4c7ea-3575-41d6-9287-70bd6e3567dd@group-81DD1DFC910E-SegmentedRaftLogWorker for RaftStorage:Storage Directory /workdir/hadoop-ozone/integration-test/target/test-dir/MiniOzoneClusterImpl-5e9621be-c945-401e-a048-ea7290b0a7f2/datanode-1/data/ratis/7d9e4fb4-5336-4e1d-ac0e-81dd1dfc910e
2019-10-07 23:30:21,180 [pool-217-thread-1] INFO  server.RaftServerConfigKeys (ConfUtils.java:logGet(43)) - raft.server.log.queue.byte-limit = 2147483647 (custom)
2019-10-07 23:30:21,180 [pool-217-thread-1] INFO  server.RaftServerConfigKeys (ConfUtils.java:logGet(43)) - raft.server.log.queue.element-limit = 1024 (custom)
2019-10-07 23:30:21,180 [pool-217-thread-1] INFO  server.RaftServerConfigKeys (ConfUtils.java:logGet(43)) - raft.server.log.segment.size.max = 1048576 (custom)
2019-10-07 23:30:21,180 [pool-217-thread-1] INFO  server.RaftServerConfigKeys (ConfUtils.java:logGet(43)) - raft.server.log.preallocated.size = 16384 (custom)
2019-10-07 23:30:21,180 [pool-217-thread-1] INFO  server.RaftServerConfigKeys (ConfUtils.java:logGet(43)) - raft.server.log.write.buffer.size = 33554432 (custom)
2019-10-07 23:30:21,181 [pool-217-thread-1] INFO  server.RaftServerConfigKeys (ConfUtils.java:logGet(43)) - raft.server.log.force.sync.num = 128 (default)
2019-10-07 23:30:21,181 [pool-217-thread-1] INFO  server.RaftServerConfigKeys (ConfUtils.java:logGet(43)) - raft.server.log.statemachine.data.sync = true (default)
2019-10-07 23:30:21,181 [pool-217-thread-1] INFO  server.RaftServerConfigKeys (ConfUtils.java:logGet(43)) - raft.server.log.statemachine.data.sync.timeout = 10s (default)
2019-10-07 23:30:21,181 [pool-217-thread-1] INFO  server.RaftServerConfigKeys (ConfUtils.java:logGet(43)) - raft.server.log.statemachine.data.sync.timeout.retry = -1 (default)
2019-10-07 23:30:21,181 [pool-217-thread-1] INFO  server.RaftServerConfigKeys (ConfUtils.java:logGet(43)) - raft.server.log.statemachine.data.caching.enabled = true (custom)
2019-10-07 23:30:21,182 [pool-217-thread-1] INFO  segmented.SegmentedRaftLogWorker (SegmentedRaftLogWorker.java:lambda$new$0(128)) - f7b4c7ea-3575-41d6-9287-70bd6e3567dd@group-81DD1DFC910E-SegmentedRaftLogWorker: flushIndex: setUnconditionally 0 -> -1
2019-10-07 23:30:21,182 [pool-217-thread-1] INFO  server.RaftServerConfigKeys (ConfUtils.java:logGet(43)) - raft.server.snapshot.auto.trigger.enabled = true (custom)
2019-10-07 23:30:21,182 [pool-217-thread-1] INFO  server.RaftServerConfigKeys (ConfUtils.java:logGet(43)) - raft.server.snapshot.auto.trigger.threshold = 10000 (custom)
2019-10-07 23:30:21,182 [pool-217-thread-1] INFO  server.RaftServerConfigKeys (ConfUtils.java:logGet(43)) - raft.server.snapshot.retention.file.num = 5 (custom)
2019-10-07 23:30:21,183 [pool-217-thread-1] INFO  server.RaftServerConfigKeys (ConfUtils.java:logGet(43)) - raft.server.retrycache.expirytime = 600000ms (custom)
2019-10-07 23:30:21,185 [pool-217-thread-1] INFO  impl.RaftServerImpl (RaftServerImpl.java:start(181)) - f7b4c7ea-3575-41d6-9287-70bd6e3567dd@group-81DD1DFC910E: start as a follower, conf=-1: [f7b4c7ea-3575-41d6-9287-70bd6e3567dd:192.168.151.75:35260], old=null
2019-10-07 23:30:21,185 [pool-217-thread-1] INFO  impl.RaftServerImpl (RaftServerImpl.java:setRole(170)) - f7b4c7ea-3575-41d6-9287-70bd6e3567dd@group-81DD1DFC910E: changes role from      null to FOLLOWER at term 0 for startAsFollower
2019-10-07 23:30:21,186 [pool-217-thread-1] INFO  impl.RoleInfo (RoleInfo.java:updateAndGet(143)) - f7b4c7ea-3575-41d6-9287-70bd6e3567dd: start FollowerState
2019-10-07 23:30:21,186 [pool-217-thread-1] INFO  util.JmxRegister (JmxRegister.java:tryRegister(44)) - Successfully registered JMX Bean with object name Ratis:service=RaftServer,group=group-81DD1DFC910E,id=f7b4c7ea-3575-41d6-9287-70bd6e3567dd
2019-10-07 23:30:21,190 [RatisPipelineUtilsThread] INFO  pipeline.PipelineStateManager (PipelineStateManager.java:addPipeline(57)) - Created pipeline Pipeline[ Id: 7d9e4fb4-5336-4e1d-ac0e-81dd1dfc910e, Nodes: f7b4c7ea-3575-41d6-9287-70bd6e3567dd{ip: 192.168.151.75, host: pr-hdds-1868-k864b-3611000933, networkLocation: /default-rack, certSerialId: null}, Type:RATIS, Factor:ONE, State:ALLOCATED]
2019-10-07 23:30:21,191 [Thread-1574] INFO  pipeline.PipelineStateManager (PipelineStateManager.java:finalizePipeline(123)) - Pipeline Pipeline[ Id: 53d8faa0-5c84-47e1-b714-ef066c2f0cb6, Nodes: 829bacd9-64a1-4193-8e1a-e4a73c9ba220{ip: 192.168.151.75, host: pr-hdds-1868-k864b-3611000933, networkLocation: /default-rack, certSerialId: null}, Type:RATIS, Factor:ONE, State:CLOSED] moved to CLOSED state
2019-10-07 23:30:21,197 [grpc-default-executor-1] INFO  impl.RaftServerProxy (RaftServerProxy.java:remove(95)) - 829bacd9-64a1-4193-8e1a-e4a73c9ba220: remove  FOLLOWER 829bacd9-64a1-4193-8e1a-e4a73c9ba220@group-EF066C2F0CB6:t0, leader=null, voted=null, raftlog=829bacd9-64a1-4193-8e1a-e4a73c9ba220@group-EF066C2F0CB6-SegmentedRaftLog:OPENED:c-1,f-1,i0, conf=-1: [829bacd9-64a1-4193-8e1a-e4a73c9ba220:192.168.151.75:43193], old=null RUNNING
2019-10-07 23:30:21,197 [grpc-default-executor-1] INFO  impl.RaftServerImpl (RaftServerImpl.java:lambda$shutdown$3(247)) - 829bacd9-64a1-4193-8e1a-e4a73c9ba220@group-EF066C2F0CB6: shutdown
2019-10-07 23:30:21,198 [grpc-default-executor-1] INFO  util.JmxRegister (JmxRegister.java:unregister(73)) - Successfully un-registered JMX Bean with object name Ratis:service=RaftServer,group=group-EF066C2F0CB6,id=829bacd9-64a1-4193-8e1a-e4a73c9ba220
2019-10-07 23:30:21,198 [grpc-default-executor-1] INFO  impl.RoleInfo (RoleInfo.java:shutdownFollowerState(121)) - 829bacd9-64a1-4193-8e1a-e4a73c9ba220: shutdown FollowerState
2019-10-07 23:30:21,198 [grpc-default-executor-1] INFO  impl.StateMachineUpdater (StateMachineUpdater.java:stopAndJoin(136)) - 829bacd9-64a1-4193-8e1a-e4a73c9ba220@group-EF066C2F0CB6-StateMachineUpdater: set stopIndex = -1
2019-10-07 23:30:21,198 [Thread-1582] INFO  impl.FollowerState (FollowerState.java:run(117)) - 829bacd9-64a1-4193-8e1a-e4a73c9ba220@group-EF066C2F0CB6-FollowerState was interrupted: java.lang.InterruptedException: sleep interrupted
2019-10-07 23:30:21,198 [grpc-default-executor-1] INFO  impl.RaftServerImpl (ServerState.java:close(387)) - 829bacd9-64a1-4193-8e1a-e4a73c9ba220@group-EF066C2F0CB6: closes. applyIndex: -1
2019-10-07 23:30:21,199 [829bacd9-64a1-4193-8e1a-e4a73c9ba220@group-EF066C2F0CB6-SegmentedRaftLogWorker] INFO  segmented.SegmentedRaftLogWorker (SegmentedRaftLogWorker.java:run(316)) - 829bacd9-64a1-4193-8e1a-e4a73c9ba220@group-EF066C2F0CB6-SegmentedRaftLogWorker was interrupted, exiting. There are 0 tasks remaining in the queue.
2019-10-07 23:30:21,199 [grpc-default-executor-1] INFO  segmented.SegmentedRaftLogWorker (SegmentedRaftLogWorker.java:close(224)) - 829bacd9-64a1-4193-8e1a-e4a73c9ba220@group-EF066C2F0CB6-SegmentedRaftLogWorker close()
2019-10-07 23:30:21,206 [Thread-1574] INFO  pipeline.PipelineStateManager (PipelineStateManager.java:removePipeline(108)) - Pipeline Pipeline[ Id: 53d8faa0-5c84-47e1-b714-ef066c2f0cb6, Nodes: 829bacd9-64a1-4193-8e1a-e4a73c9ba220{ip: 192.168.151.75, host: pr-hdds-1868-k864b-3611000933, networkLocation: /default-rack, certSerialId: null}, Type:RATIS, Factor:ONE, State:CLOSED] removed from db
2019-10-07 23:30:21,206 [Thread-1574] INFO  pipeline.SCMPipelineManager (SCMPipelineManager.java:finalizeAndDestroyPipeline(315)) - destroying pipeline:Pipeline[ Id: b456b28d-1ae2-4655-8fd7-8e3fbd60ec0d, Nodes: 51a40bca-cd4b-4fd1-b3a8-cd441e83375c{ip: 192.168.151.75, host: pr-hdds-1868-k864b-3611000933, networkLocation: /default-rack, certSerialId: null}, Type:RATIS, Factor:ONE, State:ALLOCATED]
2019-10-07 23:30:21,210 [grpc-default-executor-1] INFO  impl.RaftServerProxy (RaftServerProxy.java:addNew(89)) - 829bacd9-64a1-4193-8e1a-e4a73c9ba220: addNew group-85513F1D5534:[829bacd9-64a1-4193-8e1a-e4a73c9ba220:192.168.151.75:43193] returns group-85513F1D5534:java.util.concurrent.CompletableFuture@7dd799e8[Not completed]
2019-10-07 23:30:21,211 [pool-227-thread-1] INFO  impl.RaftServerImpl (RaftServerImpl.java:<init>(95)) - 829bacd9-64a1-4193-8e1a-e4a73c9ba220: new RaftServerImpl for group-85513F1D5534:[829bacd9-64a1-4193-8e1a-e4a73c9ba220:192.168.151.75:43193] with ContainerStateMachine:uninitialized
2019-10-07 23:30:21,211 [pool-227-thread-1] INFO  server.RaftServerConfigKeys (ConfUtils.java:logGet(43)) - raft.server.rpc.timeout.min = 5s (custom)
2019-10-07 23:30:21,212 [pool-227-thread-1] INFO  server.RaftServerConfigKeys (ConfUtils.java:logGet(43)) - raft.server.rpc.timeout.max = 5200ms (custom)
2019-10-07 23:30:21,212 [pool-227-thread-1] INFO  server.RaftServerConfigKeys (ConfUtils.java:logGet(43)) - raft.server.rpcslowness.timeout = 120s (custom)
2019-10-07 23:30:21,212 [pool-227-thread-1] INFO  server.RaftServerConfigKeys (ConfUtils.java:logGet(43)) - raft.server.sleep.deviation.threshold = 300 (default)
2019-10-07 23:30:21,212 [pool-227-thread-1] INFO  server.RaftServerConfigKeys (ConfUtils.java:logGet(43)) - raft.server.log.appender.install.snapshot.enabled = false (custom)
2019-10-07 23:30:21,212 [pool-227-thread-1] INFO  impl.RaftServerImpl (ServerState.java:<init>(103)) - 829bacd9-64a1-4193-8e1a-e4a73c9ba220@group-85513F1D5534: ConfigurationManager, init=-1: [829bacd9-64a1-4193-8e1a-e4a73c9ba220:192.168.151.75:43193], old=null, confs=<EMPTY_MAP>
2019-10-07 23:30:21,212 [pool-227-thread-1] INFO  server.RaftServerConfigKeys (ConfUtils.java:logGet(43)) - raft.server.storage.dir = [/workdir/hadoop-ozone/integration-test/target/test-dir/MiniOzoneClusterImpl-5e9621be-c945-401e-a048-ea7290b0a7f2/datanode-2/data/ratis] (custom)
2019-10-07 23:30:21,212 [pool-227-thread-1] INFO  server.RaftServerConfigKeys (ConfUtils.java:logGet(43)) - raft.server.log.corruption.policy = EXCEPTION (default)
2019-10-07 23:30:21,213 [pool-227-thread-1] INFO  storage.RaftStorageDirectory (RaftStorageDirectory.java:analyzeStorage(246)) - The storage directory /workdir/hadoop-ozone/integration-test/target/test-dir/MiniOzoneClusterImpl-5e9621be-c945-401e-a048-ea7290b0a7f2/datanode-2/data/ratis/af677136-74ad-4b1a-a576-85513f1d5534 does not exist. Creating ...
2019-10-07 23:30:21,225 [pool-227-thread-1] INFO  storage.RaftStorageDirectory (RaftStorageDirectory.java:tryLock(328)) - Lock on /workdir/hadoop-ozone/integration-test/target/test-dir/MiniOzoneClusterImpl-5e9621be-c945-401e-a048-ea7290b0a7f2/datanode-2/data/ratis/af677136-74ad-4b1a-a576-85513f1d5534/in_use.lock acquired by nodename 21128@pr-hdds-1868-k864b-3611000933
2019-10-07 23:30:21,238 [pool-227-thread-1] INFO  storage.RaftStorage (RaftStorage.java:format(84)) - Storage directory /workdir/hadoop-ozone/integration-test/target/test-dir/MiniOzoneClusterImpl-5e9621be-c945-401e-a048-ea7290b0a7f2/datanode-2/data/ratis/af677136-74ad-4b1a-a576-85513f1d5534 has been successfully formatted.
2019-10-07 23:30:21,238 [pool-227-thread-1] INFO  ratis.ContainerStateMachine (ContainerStateMachine.java:loadSnapshot(233)) - group-85513F1D5534: The snapshot info is null. Setting the last applied indexto:(t:0, i:~)
2019-10-07 23:30:21,238 [pool-227-thread-1] INFO  server.RaftServerConfigKeys (ConfUtils.java:logGet(43)) - raft.server.notification.no-leader.timeout = 120s (custom)
2019-10-07 23:30:21,238 [pool-227-thread-1] INFO  server.RaftServerConfigKeys (ConfUtils.java:logGet(43)) - raft.server.log.use.memory = false (default)
2019-10-07 23:30:21,238 [pool-227-thread-1] INFO  server.RaftServerConfigKeys (ConfUtils.java:logGet(43)) - raft.server.log.purge.gap = 1000000 (custom)
2019-10-07 23:30:21,238 [pool-227-thread-1] INFO  server.RaftServerConfigKeys (ConfUtils.java:logGet(43)) - raft.server.log.appender.buffer.byte-limit = 33554432 (custom)
2019-10-07 23:30:21,238 [pool-227-thread-1] INFO  server.RaftServerConfigKeys (ConfUtils.java:logGet(43)) - raft.server.log.segment.size.max = 1048576 (custom)
2019-10-07 23:30:21,239 [pool-227-thread-1] INFO  server.RaftServerConfigKeys (ConfUtils.java:logGet(43)) - raft.server.log.segment.cache.num.max = 2 (custom)
2019-10-07 23:30:21,239 [pool-227-thread-1] INFO  segmented.SegmentedRaftLogWorker (SegmentedRaftLogWorker.java:<init>(173)) - new 829bacd9-64a1-4193-8e1a-e4a73c9ba220@group-85513F1D5534-SegmentedRaftLogWorker for RaftStorage:Storage Directory /workdir/hadoop-ozone/integration-test/target/test-dir/MiniOzoneClusterImpl-5e9621be-c945-401e-a048-ea7290b0a7f2/datanode-2/data/ratis/af677136-74ad-4b1a-a576-85513f1d5534
2019-10-07 23:30:21,239 [pool-227-thread-1] INFO  server.RaftServerConfigKeys (ConfUtils.java:logGet(43)) - raft.server.log.queue.byte-limit = 2147483647 (custom)
2019-10-07 23:30:21,239 [pool-227-thread-1] INFO  server.RaftServerConfigKeys (ConfUtils.java:logGet(43)) - raft.server.log.queue.element-limit = 1024 (custom)
2019-10-07 23:30:21,239 [pool-227-thread-1] INFO  server.RaftServerConfigKeys (ConfUtils.java:logGet(43)) - raft.server.log.segment.size.max = 1048576 (custom)
2019-10-07 23:30:21,239 [pool-227-thread-1] INFO  server.RaftServerConfigKeys (ConfUtils.java:logGet(43)) - raft.server.log.preallocated.size = 16384 (custom)
2019-10-07 23:30:21,239 [pool-227-thread-1] INFO  server.RaftServerConfigKeys (ConfUtils.java:logGet(43)) - raft.server.log.write.buffer.size = 33554432 (custom)
2019-10-07 23:30:21,239 [pool-227-thread-1] INFO  server.RaftServerConfigKeys (ConfUtils.java:logGet(43)) - raft.server.log.force.sync.num = 128 (default)
2019-10-07 23:30:21,240 [pool-227-thread-1] INFO  server.RaftServerConfigKeys (ConfUtils.java:logGet(43)) - raft.server.log.statemachine.data.sync = true (default)
2019-10-07 23:30:21,240 [pool-227-thread-1] INFO  server.RaftServerConfigKeys (ConfUtils.java:logGet(43)) - raft.server.log.statemachine.data.sync.timeout = 10s (default)
2019-10-07 23:30:21,240 [pool-227-thread-1] INFO  server.RaftServerConfigKeys (ConfUtils.java:logGet(43)) - raft.server.log.statemachine.data.sync.timeout.retry = -1 (default)
2019-10-07 23:30:21,240 [pool-227-thread-1] INFO  server.RaftServerConfigKeys (ConfUtils.java:logGet(43)) - raft.server.log.statemachine.data.caching.enabled = true (custom)
2019-10-07 23:30:21,240 [pool-227-thread-1] INFO  segmented.SegmentedRaftLogWorker (SegmentedRaftLogWorker.java:lambda$new$0(128)) - 829bacd9-64a1-4193-8e1a-e4a73c9ba220@group-85513F1D5534-SegmentedRaftLogWorker: flushIndex: setUnconditionally 0 -> -1
2019-10-07 23:30:21,241 [pool-227-thread-1] INFO  server.RaftServerConfigKeys (ConfUtils.java:logGet(43)) - raft.server.snapshot.auto.trigger.enabled = true (custom)
2019-10-07 23:30:21,241 [pool-227-thread-1] INFO  server.RaftServerConfigKeys (ConfUtils.java:logGet(43)) - raft.server.snapshot.auto.trigger.threshold = 10000 (custom)
2019-10-07 23:30:21,241 [pool-227-thread-1] INFO  server.RaftServerConfigKeys (ConfUtils.java:logGet(43)) - raft.server.snapshot.retention.file.num = 5 (custom)
2019-10-07 23:30:21,241 [pool-227-thread-1] INFO  server.RaftServerConfigKeys (ConfUtils.java:logGet(43)) - raft.server.retrycache.expirytime = 600000ms (custom)
2019-10-07 23:30:21,243 [pool-227-thread-1] INFO  impl.RaftServerImpl (RaftServerImpl.java:start(181)) - 829bacd9-64a1-4193-8e1a-e4a73c9ba220@group-85513F1D5534: start as a follower, conf=-1: [829bacd9-64a1-4193-8e1a-e4a73c9ba220:192.168.151.75:43193], old=null
2019-10-07 23:30:21,243 [pool-227-thread-1] INFO  impl.RaftServerImpl (RaftServerImpl.java:setRole(170)) - 829bacd9-64a1-4193-8e1a-e4a73c9ba220@group-85513F1D5534: changes role from      null to FOLLOWER at term 0 for startAsFollower
2019-10-07 23:30:21,243 [pool-227-thread-1] INFO  impl.RoleInfo (RoleInfo.java:updateAndGet(143)) - 829bacd9-64a1-4193-8e1a-e4a73c9ba220: start FollowerState
2019-10-07 23:30:21,243 [pool-227-thread-1] INFO  util.JmxRegister (JmxRegister.java:tryRegister(44)) - Successfully registered JMX Bean with object name Ratis:service=RaftServer,group=group-85513F1D5534,id=829bacd9-64a1-4193-8e1a-e4a73c9ba220
2019-10-07 23:30:21,247 [RatisPipelineUtilsThread] INFO  pipeline.PipelineStateManager (PipelineStateManager.java:addPipeline(57)) - Created pipeline Pipeline[ Id: af677136-74ad-4b1a-a576-85513f1d5534, Nodes: 829bacd9-64a1-4193-8e1a-e4a73c9ba220{ip: 192.168.151.75, host: pr-hdds-1868-k864b-3611000933, networkLocation: /default-rack, certSerialId: null}, Type:RATIS, Factor:ONE, State:ALLOCATED]
2019-10-07 23:30:21,248 [Thread-1574] INFO  pipeline.PipelineStateManager (PipelineStateManager.java:finalizePipeline(123)) - Pipeline Pipeline[ Id: b456b28d-1ae2-4655-8fd7-8e3fbd60ec0d, Nodes: 51a40bca-cd4b-4fd1-b3a8-cd441e83375c{ip: 192.168.151.75, host: pr-hdds-1868-k864b-3611000933, networkLocation: /default-rack, certSerialId: null}, Type:RATIS, Factor:ONE, State:CLOSED] moved to CLOSED state
2019-10-07 23:30:21,255 [grpc-default-executor-1] INFO  impl.RaftServerProxy (RaftServerProxy.java:remove(95)) - 51a40bca-cd4b-4fd1-b3a8-cd441e83375c: remove  FOLLOWER 51a40bca-cd4b-4fd1-b3a8-cd441e83375c@group-8E3FBD60EC0D:t0, leader=null, voted=null, raftlog=51a40bca-cd4b-4fd1-b3a8-cd441e83375c@group-8E3FBD60EC0D-SegmentedRaftLog:OPENED:c-1,f-1,i0, conf=-1: [51a40bca-cd4b-4fd1-b3a8-cd441e83375c:192.168.151.75:38825], old=null RUNNING
2019-10-07 23:30:21,255 [grpc-default-executor-1] INFO  impl.RaftServerImpl (RaftServerImpl.java:lambda$shutdown$3(247)) - 51a40bca-cd4b-4fd1-b3a8-cd441e83375c@group-8E3FBD60EC0D: shutdown
2019-10-07 23:30:21,255 [grpc-default-executor-1] INFO  util.JmxRegister (JmxRegister.java:unregister(73)) - Successfully un-registered JMX Bean with object name Ratis:service=RaftServer,group=group-8E3FBD60EC0D,id=51a40bca-cd4b-4fd1-b3a8-cd441e83375c
2019-10-07 23:30:21,256 [grpc-default-executor-1] INFO  impl.RoleInfo (RoleInfo.java:shutdownFollowerState(121)) - 51a40bca-cd4b-4fd1-b3a8-cd441e83375c: shutdown FollowerState
2019-10-07 23:30:21,256 [grpc-default-executor-1] INFO  impl.StateMachineUpdater (StateMachineUpdater.java:stopAndJoin(136)) - 51a40bca-cd4b-4fd1-b3a8-cd441e83375c@group-8E3FBD60EC0D-StateMachineUpdater: set stopIndex = -1
2019-10-07 23:30:21,256 [Thread-1597] INFO  impl.FollowerState (FollowerState.java:run(117)) - 51a40bca-cd4b-4fd1-b3a8-cd441e83375c@group-8E3FBD60EC0D-FollowerState was interrupted: java.lang.InterruptedException: sleep interrupted
2019-10-07 23:30:21,256 [grpc-default-executor-1] INFO  impl.RaftServerImpl (ServerState.java:close(387)) - 51a40bca-cd4b-4fd1-b3a8-cd441e83375c@group-8E3FBD60EC0D: closes. applyIndex: -1
2019-10-07 23:30:21,257 [51a40bca-cd4b-4fd1-b3a8-cd441e83375c@group-8E3FBD60EC0D-SegmentedRaftLogWorker] INFO  segmented.SegmentedRaftLogWorker (SegmentedRaftLogWorker.java:run(316)) - 51a40bca-cd4b-4fd1-b3a8-cd441e83375c@group-8E3FBD60EC0D-SegmentedRaftLogWorker was interrupted, exiting. There are 0 tasks remaining in the queue.
2019-10-07 23:30:21,257 [grpc-default-executor-1] INFO  segmented.SegmentedRaftLogWorker (SegmentedRaftLogWorker.java:close(224)) - 51a40bca-cd4b-4fd1-b3a8-cd441e83375c@group-8E3FBD60EC0D-SegmentedRaftLogWorker close()
2019-10-07 23:30:21,265 [Thread-1574] INFO  pipeline.PipelineStateManager (PipelineStateManager.java:removePipeline(108)) - Pipeline Pipeline[ Id: b456b28d-1ae2-4655-8fd7-8e3fbd60ec0d, Nodes: 51a40bca-cd4b-4fd1-b3a8-cd441e83375c{ip: 192.168.151.75, host: pr-hdds-1868-k864b-3611000933, networkLocation: /default-rack, certSerialId: null}, Type:RATIS, Factor:ONE, State:CLOSED] removed from db
2019-10-07 23:30:21,265 [Thread-1574] INFO  pipeline.SCMPipelineManager (SCMPipelineManager.java:finalizeAndDestroyPipeline(315)) - destroying pipeline:Pipeline[ Id: baba77f1-2cd9-4134-ba19-cdf234642a30, Nodes: 71fe9c48-ef70-445b-89d4-550c4f010b84{ip: 192.168.151.75, host: pr-hdds-1868-k864b-3611000933, networkLocation: /default-rack, certSerialId: null}51a40bca-cd4b-4fd1-b3a8-cd441e83375c{ip: 192.168.151.75, host: pr-hdds-1868-k864b-3611000933, networkLocation: /default-rack, certSerialId: null}1757d5fa-a161-4c0a-b504-ed724002c805{ip: 192.168.151.75, host: pr-hdds-1868-k864b-3611000933, networkLocation: /default-rack, certSerialId: null}, Type:RATIS, Factor:THREE, State:ALLOCATED]
2019-10-07 23:30:21,269 [grpc-default-executor-1] INFO  impl.RaftServerProxy (RaftServerProxy.java:addNew(89)) - 51a40bca-cd4b-4fd1-b3a8-cd441e83375c: addNew group-929BD6ACA769:[51a40bca-cd4b-4fd1-b3a8-cd441e83375c:192.168.151.75:38825] returns group-929BD6ACA769:java.util.concurrent.CompletableFuture@1a26923b[Not completed]
2019-10-07 23:30:21,270 [pool-247-thread-1] INFO  impl.RaftServerImpl (RaftServerImpl.java:<init>(95)) - 51a40bca-cd4b-4fd1-b3a8-cd441e83375c: new RaftServerImpl for group-929BD6ACA769:[51a40bca-cd4b-4fd1-b3a8-cd441e83375c:192.168.151.75:38825] with ContainerStateMachine:uninitialized
2019-10-07 23:30:21,270 [pool-247-thread-1] INFO  server.RaftServerConfigKeys (ConfUtils.java:logGet(43)) - raft.server.rpc.timeout.min = 5s (custom)
2019-10-07 23:30:21,270 [pool-247-thread-1] INFO  server.RaftServerConfigKeys (ConfUtils.java:logGet(43)) - raft.server.rpc.timeout.max = 5200ms (custom)
2019-10-07 23:30:21,270 [pool-247-thread-1] INFO  server.RaftServerConfigKeys (ConfUtils.java:logGet(43)) - raft.server.rpcslowness.timeout = 120s (custom)
2019-10-07 23:30:21,271 [pool-247-thread-1] INFO  server.RaftServerConfigKeys (ConfUtils.java:logGet(43)) - raft.server.sleep.deviation.threshold = 300 (default)
2019-10-07 23:30:21,271 [pool-247-thread-1] INFO  server.RaftServerConfigKeys (ConfUtils.java:logGet(43)) - raft.server.log.appender.install.snapshot.enabled = false (custom)
2019-10-07 23:30:21,271 [pool-247-thread-1] INFO  impl.RaftServerImpl (ServerState.java:<init>(103)) - 51a40bca-cd4b-4fd1-b3a8-cd441e83375c@group-929BD6ACA769: ConfigurationManager, init=-1: [51a40bca-cd4b-4fd1-b3a8-cd441e83375c:192.168.151.75:38825], old=null, confs=<EMPTY_MAP>
2019-10-07 23:30:21,271 [pool-247-thread-1] INFO  server.RaftServerConfigKeys (ConfUtils.java:logGet(43)) - raft.server.storage.dir = [/workdir/hadoop-ozone/integration-test/target/test-dir/MiniOzoneClusterImpl-5e9621be-c945-401e-a048-ea7290b0a7f2/datanode-4/data/ratis] (custom)
2019-10-07 23:30:21,271 [pool-247-thread-1] INFO  server.RaftServerConfigKeys (ConfUtils.java:logGet(43)) - raft.server.log.corruption.policy = EXCEPTION (default)
2019-10-07 23:30:21,272 [pool-247-thread-1] INFO  storage.RaftStorageDirectory (RaftStorageDirectory.java:analyzeStorage(246)) - The storage directory /workdir/hadoop-ozone/integration-test/target/test-dir/MiniOzoneClusterImpl-5e9621be-c945-401e-a048-ea7290b0a7f2/datanode-4/data/ratis/0c73b227-b911-4485-9f9c-929bd6aca769 does not exist. Creating ...
2019-10-07 23:30:21,286 [pool-247-thread-1] INFO  storage.RaftStorageDirectory (RaftStorageDirectory.java:tryLock(328)) - Lock on /workdir/hadoop-ozone/integration-test/target/test-dir/MiniOzoneClusterImpl-5e9621be-c945-401e-a048-ea7290b0a7f2/datanode-4/data/ratis/0c73b227-b911-4485-9f9c-929bd6aca769/in_use.lock acquired by nodename 21128@pr-hdds-1868-k864b-3611000933
2019-10-07 23:30:21,314 [pool-247-thread-1] INFO  storage.RaftStorage (RaftStorage.java:format(84)) - Storage directory /workdir/hadoop-ozone/integration-test/target/test-dir/MiniOzoneClusterImpl-5e9621be-c945-401e-a048-ea7290b0a7f2/datanode-4/data/ratis/0c73b227-b911-4485-9f9c-929bd6aca769 has been successfully formatted.
2019-10-07 23:30:21,314 [pool-247-thread-1] INFO  ratis.ContainerStateMachine (ContainerStateMachine.java:loadSnapshot(233)) - group-929BD6ACA769: The snapshot info is null. Setting the last applied indexto:(t:0, i:~)
2019-10-07 23:30:21,314 [pool-247-thread-1] INFO  server.RaftServerConfigKeys (ConfUtils.java:logGet(43)) - raft.server.notification.no-leader.timeout = 120s (custom)
2019-10-07 23:30:21,314 [pool-247-thread-1] INFO  server.RaftServerConfigKeys (ConfUtils.java:logGet(43)) - raft.server.log.use.memory = false (default)
2019-10-07 23:30:21,315 [pool-247-thread-1] INFO  server.RaftServerConfigKeys (ConfUtils.java:logGet(43)) - raft.server.log.purge.gap = 1000000 (custom)
2019-10-07 23:30:21,315 [pool-247-thread-1] INFO  server.RaftServerConfigKeys (ConfUtils.java:logGet(43)) - raft.server.log.appender.buffer.byte-limit = 33554432 (custom)
2019-10-07 23:30:21,315 [pool-247-thread-1] INFO  server.RaftServerConfigKeys (ConfUtils.java:logGet(43)) - raft.server.log.segment.size.max = 1048576 (custom)
2019-10-07 23:30:21,315 [pool-247-thread-1] INFO  server.RaftServerConfigKeys (ConfUtils.java:logGet(43)) - raft.server.log.segment.cache.num.max = 2 (custom)
2019-10-07 23:30:21,315 [pool-247-thread-1] INFO  segmented.SegmentedRaftLogWorker (SegmentedRaftLogWorker.java:<init>(173)) - new 51a40bca-cd4b-4fd1-b3a8-cd441e83375c@group-929BD6ACA769-SegmentedRaftLogWorker for RaftStorage:Storage Directory /workdir/hadoop-ozone/integration-test/target/test-dir/MiniOzoneClusterImpl-5e9621be-c945-401e-a048-ea7290b0a7f2/datanode-4/data/ratis/0c73b227-b911-4485-9f9c-929bd6aca769
2019-10-07 23:30:21,315 [pool-247-thread-1] INFO  server.RaftServerConfigKeys (ConfUtils.java:logGet(43)) - raft.server.log.queue.byte-limit = 2147483647 (custom)
2019-10-07 23:30:21,316 [pool-247-thread-1] INFO  server.RaftServerConfigKeys (ConfUtils.java:logGet(43)) - raft.server.log.queue.element-limit = 1024 (custom)
2019-10-07 23:30:21,316 [pool-247-thread-1] INFO  server.RaftServerConfigKeys (ConfUtils.java:logGet(43)) - raft.server.log.segment.size.max = 1048576 (custom)
2019-10-07 23:30:21,316 [pool-247-thread-1] INFO  server.RaftServerConfigKeys (ConfUtils.java:logGet(43)) - raft.server.log.preallocated.size = 16384 (custom)
2019-10-07 23:30:21,316 [pool-247-thread-1] INFO  server.RaftServerConfigKeys (ConfUtils.java:logGet(43)) - raft.server.log.write.buffer.size = 33554432 (custom)
2019-10-07 23:30:21,316 [pool-247-thread-1] INFO  server.RaftServerConfigKeys (ConfUtils.java:logGet(43)) - raft.server.log.force.sync.num = 128 (default)
2019-10-07 23:30:21,316 [pool-247-thread-1] INFO  server.RaftServerConfigKeys (ConfUtils.java:logGet(43)) - raft.server.log.statemachine.data.sync = true (default)
2019-10-07 23:30:21,317 [pool-247-thread-1] INFO  server.RaftServerConfigKeys (ConfUtils.java:logGet(43)) - raft.server.log.statemachine.data.sync.timeout = 10s (default)
2019-10-07 23:30:21,317 [pool-247-thread-1] INFO  server.RaftServerConfigKeys (ConfUtils.java:logGet(43)) - raft.server.log.statemachine.data.sync.timeout.retry = -1 (default)
2019-10-07 23:30:21,317 [pool-247-thread-1] INFO  server.RaftServerConfigKeys (ConfUtils.java:logGet(43)) - raft.server.log.statemachine.data.caching.enabled = true (custom)
2019-10-07 23:30:21,317 [pool-247-thread-1] INFO  segmented.SegmentedRaftLogWorker (SegmentedRaftLogWorker.java:lambda$new$0(128)) - 51a40bca-cd4b-4fd1-b3a8-cd441e83375c@group-929BD6ACA769-SegmentedRaftLogWorker: flushIndex: setUnconditionally 0 -> -1
2019-10-07 23:30:21,318 [pool-247-thread-1] INFO  server.RaftServerConfigKeys (ConfUtils.java:logGet(43)) - raft.server.snapshot.auto.trigger.enabled = true (custom)
2019-10-07 23:30:21,318 [pool-247-thread-1] INFO  server.RaftServerConfigKeys (ConfUtils.java:logGet(43)) - raft.server.snapshot.auto.trigger.threshold = 10000 (custom)
2019-10-07 23:30:21,318 [pool-247-thread-1] INFO  server.RaftServerConfigKeys (ConfUtils.java:logGet(43)) - raft.server.snapshot.retention.file.num = 5 (custom)
2019-10-07 23:30:21,318 [pool-247-thread-1] INFO  server.RaftServerConfigKeys (ConfUtils.java:logGet(43)) - raft.server.retrycache.expirytime = 600000ms (custom)
2019-10-07 23:30:21,320 [pool-247-thread-1] INFO  impl.RaftServerImpl (RaftServerImpl.java:start(181)) - 51a40bca-cd4b-4fd1-b3a8-cd441e83375c@group-929BD6ACA769: start as a follower, conf=-1: [51a40bca-cd4b-4fd1-b3a8-cd441e83375c:192.168.151.75:38825], old=null
2019-10-07 23:30:21,320 [pool-247-thread-1] INFO  impl.RaftServerImpl (RaftServerImpl.java:setRole(170)) - 51a40bca-cd4b-4fd1-b3a8-cd441e83375c@group-929BD6ACA769: changes role from      null to FOLLOWER at term 0 for startAsFollower
2019-10-07 23:30:21,320 [pool-247-thread-1] INFO  impl.RoleInfo (RoleInfo.java:updateAndGet(143)) - 51a40bca-cd4b-4fd1-b3a8-cd441e83375c: start FollowerState
2019-10-07 23:30:21,321 [pool-247-thread-1] INFO  util.JmxRegister (JmxRegister.java:tryRegister(44)) - Successfully registered JMX Bean with object name Ratis:service=RaftServer,group=group-929BD6ACA769,id=51a40bca-cd4b-4fd1-b3a8-cd441e83375c
2019-10-07 23:30:21,325 [RatisPipelineUtilsThread] INFO  pipeline.PipelineStateManager (PipelineStateManager.java:addPipeline(57)) - Created pipeline Pipeline[ Id: 0c73b227-b911-4485-9f9c-929bd6aca769, Nodes: 51a40bca-cd4b-4fd1-b3a8-cd441e83375c{ip: 192.168.151.75, host: pr-hdds-1868-k864b-3611000933, networkLocation: /default-rack, certSerialId: null}, Type:RATIS, Factor:ONE, State:ALLOCATED]
2019-10-07 23:30:21,326 [Thread-1574] INFO  pipeline.PipelineStateManager (PipelineStateManager.java:finalizePipeline(123)) - Pipeline Pipeline[ Id: baba77f1-2cd9-4134-ba19-cdf234642a30, Nodes: 71fe9c48-ef70-445b-89d4-550c4f010b84{ip: 192.168.151.75, host: pr-hdds-1868-k864b-3611000933, networkLocation: /default-rack, certSerialId: null}51a40bca-cd4b-4fd1-b3a8-cd441e83375c{ip: 192.168.151.75, host: pr-hdds-1868-k864b-3611000933, networkLocation: /default-rack, certSerialId: null}1757d5fa-a161-4c0a-b504-ed724002c805{ip: 192.168.151.75, host: pr-hdds-1868-k864b-3611000933, networkLocation: /default-rack, certSerialId: null}, Type:RATIS, Factor:THREE, State:CLOSED] moved to CLOSED state
2019-10-07 23:30:21,332 [grpc-default-executor-1] INFO  impl.RaftServerProxy (RaftServerProxy.java:remove(95)) - 71fe9c48-ef70-445b-89d4-550c4f010b84: remove  FOLLOWER 71fe9c48-ef70-445b-89d4-550c4f010b84@group-CDF234642A30:t0, leader=null, voted=null, raftlog=71fe9c48-ef70-445b-89d4-550c4f010b84@group-CDF234642A30-SegmentedRaftLog:OPENED:c-1,f-1,i0, conf=-1: [51a40bca-cd4b-4fd1-b3a8-cd441e83375c:192.168.151.75:38825, 71fe9c48-ef70-445b-89d4-550c4f010b84:192.168.151.75:34661, 1757d5fa-a161-4c0a-b504-ed724002c805:192.168.151.75:37685], old=null RUNNING
2019-10-07 23:30:21,332 [grpc-default-executor-1] INFO  impl.RaftServerImpl (RaftServerImpl.java:lambda$shutdown$3(247)) - 71fe9c48-ef70-445b-89d4-550c4f010b84@group-CDF234642A30: shutdown
2019-10-07 23:30:21,332 [grpc-default-executor-1] INFO  util.JmxRegister (JmxRegister.java:unregister(73)) - Successfully un-registered JMX Bean with object name Ratis:service=RaftServer,group=group-CDF234642A30,id=71fe9c48-ef70-445b-89d4-550c4f010b84
2019-10-07 23:30:21,333 [grpc-default-executor-1] INFO  impl.RoleInfo (RoleInfo.java:shutdownFollowerState(121)) - 71fe9c48-ef70-445b-89d4-550c4f010b84: shutdown FollowerState
2019-10-07 23:30:21,333 [grpc-default-executor-1] INFO  impl.StateMachineUpdater (StateMachineUpdater.java:stopAndJoin(136)) - 71fe9c48-ef70-445b-89d4-550c4f010b84@group-CDF234642A30-StateMachineUpdater: set stopIndex = -1
2019-10-07 23:30:21,333 [Thread-1607] INFO  impl.FollowerState (FollowerState.java:run(117)) - 71fe9c48-ef70-445b-89d4-550c4f010b84@group-CDF234642A30-FollowerState was interrupted: java.lang.InterruptedException: sleep interrupted
2019-10-07 23:30:21,333 [grpc-default-executor-1] INFO  impl.RaftServerImpl (ServerState.java:close(387)) - 71fe9c48-ef70-445b-89d4-550c4f010b84@group-CDF234642A30: closes. applyIndex: -1
2019-10-07 23:30:21,334 [71fe9c48-ef70-445b-89d4-550c4f010b84@group-CDF234642A30-SegmentedRaftLogWorker] INFO  segmented.SegmentedRaftLogWorker (SegmentedRaftLogWorker.java:run(316)) - 71fe9c48-ef70-445b-89d4-550c4f010b84@group-CDF234642A30-SegmentedRaftLogWorker was interrupted, exiting. There are 0 tasks remaining in the queue.
2019-10-07 23:30:21,334 [grpc-default-executor-1] INFO  segmented.SegmentedRaftLogWorker (SegmentedRaftLogWorker.java:close(224)) - 71fe9c48-ef70-445b-89d4-550c4f010b84@group-CDF234642A30-SegmentedRaftLogWorker close()
2019-10-07 23:30:21,348 [grpc-default-executor-1] INFO  impl.RaftServerProxy (RaftServerProxy.java:remove(95)) - 51a40bca-cd4b-4fd1-b3a8-cd441e83375c: remove  FOLLOWER 51a40bca-cd4b-4fd1-b3a8-cd441e83375c@group-CDF234642A30:t0, leader=null, voted=null, raftlog=51a40bca-cd4b-4fd1-b3a8-cd441e83375c@group-CDF234642A30-SegmentedRaftLog:OPENED:c-1,f-1,i0, conf=-1: [51a40bca-cd4b-4fd1-b3a8-cd441e83375c:192.168.151.75:38825, 71fe9c48-ef70-445b-89d4-550c4f010b84:192.168.151.75:34661, 1757d5fa-a161-4c0a-b504-ed724002c805:192.168.151.75:37685], old=null RUNNING
2019-10-07 23:30:21,348 [grpc-default-executor-1] INFO  impl.RaftServerImpl (RaftServerImpl.java:lambda$shutdown$3(247)) - 51a40bca-cd4b-4fd1-b3a8-cd441e83375c@group-CDF234642A30: shutdown
2019-10-07 23:30:21,348 [grpc-default-executor-1] INFO  util.JmxRegister (JmxRegister.java:unregister(73)) - Successfully un-registered JMX Bean with object name Ratis:service=RaftServer,group=group-CDF234642A30,id=51a40bca-cd4b-4fd1-b3a8-cd441e83375c
2019-10-07 23:30:21,348 [grpc-default-executor-1] INFO  impl.RoleInfo (RoleInfo.java:shutdownFollowerState(121)) - 51a40bca-cd4b-4fd1-b3a8-cd441e83375c: shutdown FollowerState
2019-10-07 23:30:21,349 [grpc-default-executor-1] INFO  impl.StateMachineUpdater (StateMachineUpdater.java:stopAndJoin(136)) - 51a40bca-cd4b-4fd1-b3a8-cd441e83375c@group-CDF234642A30-StateMachineUpdater: set stopIndex = -1
2019-10-07 23:30:21,349 [Thread-1609] INFO  impl.FollowerState (FollowerState.java:run(117)) - 51a40bca-cd4b-4fd1-b3a8-cd441e83375c@group-CDF234642A30-FollowerState was interrupted: java.lang.InterruptedException: sleep interrupted
2019-10-07 23:30:21,349 [grpc-default-executor-1] INFO  impl.RaftServerImpl (ServerState.java:close(387)) - 51a40bca-cd4b-4fd1-b3a8-cd441e83375c@group-CDF234642A30: closes. applyIndex: -1
2019-10-07 23:30:21,349 [51a40bca-cd4b-4fd1-b3a8-cd441e83375c@group-CDF234642A30-SegmentedRaftLogWorker] INFO  segmented.SegmentedRaftLogWorker (SegmentedRaftLogWorker.java:run(316)) - 51a40bca-cd4b-4fd1-b3a8-cd441e83375c@group-CDF234642A30-SegmentedRaftLogWorker was interrupted, exiting. There are 0 tasks remaining in the queue.
2019-10-07 23:30:21,350 [grpc-default-executor-1] INFO  segmented.SegmentedRaftLogWorker (SegmentedRaftLogWorker.java:close(224)) - 51a40bca-cd4b-4fd1-b3a8-cd441e83375c@group-CDF234642A30-SegmentedRaftLogWorker close()
2019-10-07 23:30:21,362 [grpc-default-executor-1] INFO  impl.RaftServerProxy (RaftServerProxy.java:remove(95)) - 1757d5fa-a161-4c0a-b504-ed724002c805: remove  FOLLOWER 1757d5fa-a161-4c0a-b504-ed724002c805@group-CDF234642A30:t0, leader=null, voted=null, raftlog=1757d5fa-a161-4c0a-b504-ed724002c805@group-CDF234642A30-SegmentedRaftLog:OPENED:c-1,f-1,i0, conf=-1: [51a40bca-cd4b-4fd1-b3a8-cd441e83375c:192.168.151.75:38825, 71fe9c48-ef70-445b-89d4-550c4f010b84:192.168.151.75:34661, 1757d5fa-a161-4c0a-b504-ed724002c805:192.168.151.75:37685], old=null RUNNING
2019-10-07 23:30:21,363 [grpc-default-executor-1] INFO  impl.RaftServerImpl (RaftServerImpl.java:lambda$shutdown$3(247)) - 1757d5fa-a161-4c0a-b504-ed724002c805@group-CDF234642A30: shutdown
2019-10-07 23:30:21,363 [grpc-default-executor-1] INFO  util.JmxRegister (JmxRegister.java:unregister(73)) - Successfully un-registered JMX Bean with object name Ratis:service=RaftServer,group=group-CDF234642A30,id=1757d5fa-a161-4c0a-b504-ed724002c805
2019-10-07 23:30:21,363 [grpc-default-executor-1] INFO  impl.RoleInfo (RoleInfo.java:shutdownFollowerState(121)) - 1757d5fa-a161-4c0a-b504-ed724002c805: shutdown FollowerState
2019-10-07 23:30:21,363 [grpc-default-executor-1] INFO  impl.StateMachineUpdater (StateMachineUpdater.java:stopAndJoin(136)) - 1757d5fa-a161-4c0a-b504-ed724002c805@group-CDF234642A30-StateMachineUpdater: set stopIndex = -1
2019-10-07 23:30:21,364 [Thread-1611] INFO  impl.FollowerState (FollowerState.java:run(117)) - 1757d5fa-a161-4c0a-b504-ed724002c805@group-CDF234642A30-FollowerState was interrupted: java.lang.InterruptedException: sleep interrupted
2019-10-07 23:30:21,364 [grpc-default-executor-1] INFO  impl.RaftServerImpl (ServerState.java:close(387)) - 1757d5fa-a161-4c0a-b504-ed724002c805@group-CDF234642A30: closes. applyIndex: -1
2019-10-07 23:30:21,364 [1757d5fa-a161-4c0a-b504-ed724002c805@group-CDF234642A30-SegmentedRaftLogWorker] INFO  segmented.SegmentedRaftLogWorker (SegmentedRaftLogWorker.java:run(316)) - 1757d5fa-a161-4c0a-b504-ed724002c805@group-CDF234642A30-SegmentedRaftLogWorker was interrupted, exiting. There are 0 tasks remaining in the queue.
2019-10-07 23:30:21,364 [grpc-default-executor-1] INFO  segmented.SegmentedRaftLogWorker (SegmentedRaftLogWorker.java:close(224)) - 1757d5fa-a161-4c0a-b504-ed724002c805@group-CDF234642A30-SegmentedRaftLogWorker close()
2019-10-07 23:30:21,371 [Thread-1574] INFO  pipeline.PipelineStateManager (PipelineStateManager.java:removePipeline(108)) - Pipeline Pipeline[ Id: baba77f1-2cd9-4134-ba19-cdf234642a30, Nodes: 71fe9c48-ef70-445b-89d4-550c4f010b84{ip: 192.168.151.75, host: pr-hdds-1868-k864b-3611000933, networkLocation: /default-rack, certSerialId: null}51a40bca-cd4b-4fd1-b3a8-cd441e83375c{ip: 192.168.151.75, host: pr-hdds-1868-k864b-3611000933, networkLocation: /default-rack, certSerialId: null}1757d5fa-a161-4c0a-b504-ed724002c805{ip: 192.168.151.75, host: pr-hdds-1868-k864b-3611000933, networkLocation: /default-rack, certSerialId: null}, Type:RATIS, Factor:THREE, State:CLOSED] removed from db
2019-10-07 23:30:21,372 [Thread-1574] INFO  pipeline.SCMPipelineManager (SCMPipelineManager.java:finalizeAndDestroyPipeline(315)) - destroying pipeline:Pipeline[ Id: ce8128bb-a979-4d30-9923-f1a1f664506f, Nodes: 71fe9c48-ef70-445b-89d4-550c4f010b84{ip: 192.168.151.75, host: pr-hdds-1868-k864b-3611000933, networkLocation: /default-rack, certSerialId: null}, Type:RATIS, Factor:ONE, State:ALLOCATED]
2019-10-07 23:30:21,391 [grpc-default-executor-2] INFO  impl.RaftServerProxy (RaftServerProxy.java:addNew(89)) - 51a40bca-cd4b-4fd1-b3a8-cd441e83375c: addNew group-C837915B9584:[51a40bca-cd4b-4fd1-b3a8-cd441e83375c:192.168.151.75:38825, 71fe9c48-ef70-445b-89d4-550c4f010b84:192.168.151.75:34661, 1757d5fa-a161-4c0a-b504-ed724002c805:192.168.151.75:37685] returns group-C837915B9584:java.util.concurrent.CompletableFuture@264304b[Not completed]
2019-10-07 23:30:21,391 [grpc-default-executor-4] INFO  impl.RaftServerProxy (RaftServerProxy.java:addNew(89)) - 71fe9c48-ef70-445b-89d4-550c4f010b84: addNew group-C837915B9584:[51a40bca-cd4b-4fd1-b3a8-cd441e83375c:192.168.151.75:38825, 71fe9c48-ef70-445b-89d4-550c4f010b84:192.168.151.75:34661, 1757d5fa-a161-4c0a-b504-ed724002c805:192.168.151.75:37685] returns group-C837915B9584:java.util.concurrent.CompletableFuture@13263792[Not completed]
2019-10-07 23:30:21,392 [grpc-default-executor-4] INFO  impl.RaftServerProxy (RaftServerProxy.java:addNew(89)) - 1757d5fa-a161-4c0a-b504-ed724002c805: addNew group-C837915B9584:[51a40bca-cd4b-4fd1-b3a8-cd441e83375c:192.168.151.75:38825, 71fe9c48-ef70-445b-89d4-550c4f010b84:192.168.151.75:34661, 1757d5fa-a161-4c0a-b504-ed724002c805:192.168.151.75:37685] returns group-C837915B9584:java.util.concurrent.CompletableFuture@678b676b[Not completed]
2019-10-07 23:30:21,393 [pool-247-thread-1] INFO  impl.RaftServerImpl (RaftServerImpl.java:<init>(95)) - 51a40bca-cd4b-4fd1-b3a8-cd441e83375c: new RaftServerImpl for group-C837915B9584:[51a40bca-cd4b-4fd1-b3a8-cd441e83375c:192.168.151.75:38825, 71fe9c48-ef70-445b-89d4-550c4f010b84:192.168.151.75:34661, 1757d5fa-a161-4c0a-b504-ed724002c805:192.168.151.75:37685] with ContainerStateMachine:uninitialized
2019-10-07 23:30:21,393 [pool-247-thread-1] INFO  server.RaftServerConfigKeys (ConfUtils.java:logGet(43)) - raft.server.rpc.timeout.min = 5s (custom)
2019-10-07 23:30:21,393 [pool-247-thread-1] INFO  server.RaftServerConfigKeys (ConfUtils.java:logGet(43)) - raft.server.rpc.timeout.max = 5200ms (custom)
2019-10-07 23:30:21,393 [pool-247-thread-1] INFO  server.RaftServerConfigKeys (ConfUtils.java:logGet(43)) - raft.server.rpcslowness.timeout = 120s (custom)
2019-10-07 23:30:21,393 [pool-257-thread-1] INFO  impl.RaftServerImpl (RaftServerImpl.java:<init>(95)) - 1757d5fa-a161-4c0a-b504-ed724002c805: new RaftServerImpl for group-C837915B9584:[51a40bca-cd4b-4fd1-b3a8-cd441e83375c:192.168.151.75:38825, 71fe9c48-ef70-445b-89d4-550c4f010b84:192.168.151.75:34661, 1757d5fa-a161-4c0a-b504-ed724002c805:192.168.151.75:37685] with ContainerStateMachine:uninitialized
2019-10-07 23:30:21,393 [pool-247-thread-1] INFO  server.RaftServerConfigKeys (ConfUtils.java:logGet(43)) - raft.server.sleep.deviation.threshold = 300 (default)
2019-10-07 23:30:21,393 [pool-257-thread-1] INFO  server.RaftServerConfigKeys (ConfUtils.java:logGet(43)) - raft.server.rpc.timeout.min = 5s (custom)
2019-10-07 23:30:21,394 [pool-247-thread-1] INFO  server.RaftServerConfigKeys (ConfUtils.java:logGet(43)) - raft.server.log.appender.install.snapshot.enabled = false (custom)
2019-10-07 23:30:21,394 [pool-237-thread-1] INFO  impl.RaftServerImpl (RaftServerImpl.java:<init>(95)) - 71fe9c48-ef70-445b-89d4-550c4f010b84: new RaftServerImpl for group-C837915B9584:[51a40bca-cd4b-4fd1-b3a8-cd441e83375c:192.168.151.75:38825, 71fe9c48-ef70-445b-89d4-550c4f010b84:192.168.151.75:34661, 1757d5fa-a161-4c0a-b504-ed724002c805:192.168.151.75:37685] with ContainerStateMachine:uninitialized
2019-10-07 23:30:21,394 [pool-257-thread-1] INFO  server.RaftServerConfigKeys (ConfUtils.java:logGet(43)) - raft.server.rpc.timeout.max = 5200ms (custom)
2019-10-07 23:30:21,394 [pool-237-thread-1] INFO  server.RaftServerConfigKeys (ConfUtils.java:logGet(43)) - raft.server.rpc.timeout.min = 5s (custom)
2019-10-07 23:30:21,394 [pool-247-thread-1] INFO  impl.RaftServerImpl (ServerState.java:<init>(103)) - 51a40bca-cd4b-4fd1-b3a8-cd441e83375c@group-C837915B9584: ConfigurationManager, init=-1: [51a40bca-cd4b-4fd1-b3a8-cd441e83375c:192.168.151.75:38825, 71fe9c48-ef70-445b-89d4-550c4f010b84:192.168.151.75:34661, 1757d5fa-a161-4c0a-b504-ed724002c805:192.168.151.75:37685], old=null, confs=<EMPTY_MAP>
2019-10-07 23:30:21,394 [pool-237-thread-1] INFO  server.RaftServerConfigKeys (ConfUtils.java:logGet(43)) - raft.server.rpc.timeout.max = 5200ms (custom)
2019-10-07 23:30:21,394 [pool-257-thread-1] INFO  server.RaftServerConfigKeys (ConfUtils.java:logGet(43)) - raft.server.rpcslowness.timeout = 120s (custom)
2019-10-07 23:30:21,394 [pool-237-thread-1] INFO  server.RaftServerConfigKeys (ConfUtils.java:logGet(43)) - raft.server.rpcslowness.timeout = 120s (custom)
2019-10-07 23:30:21,394 [pool-247-thread-1] INFO  server.RaftServerConfigKeys (ConfUtils.java:logGet(43)) - raft.server.storage.dir = [/workdir/hadoop-ozone/integration-test/target/test-dir/MiniOzoneClusterImpl-5e9621be-c945-401e-a048-ea7290b0a7f2/datanode-4/data/ratis] (custom)
2019-10-07 23:30:21,395 [pool-237-thread-1] INFO  server.RaftServerConfigKeys (ConfUtils.java:logGet(43)) - raft.server.sleep.deviation.threshold = 300 (default)
2019-10-07 23:30:21,395 [pool-257-thread-1] INFO  server.RaftServerConfigKeys (ConfUtils.java:logGet(43)) - raft.server.sleep.deviation.threshold = 300 (default)
2019-10-07 23:30:21,395 [pool-247-thread-1] INFO  server.RaftServerConfigKeys (ConfUtils.java:logGet(43)) - raft.server.log.corruption.policy = EXCEPTION (default)
2019-10-07 23:30:21,395 [pool-237-thread-1] INFO  server.RaftServerConfigKeys (ConfUtils.java:logGet(43)) - raft.server.log.appender.install.snapshot.enabled = false (custom)
2019-10-07 23:30:21,395 [pool-247-thread-1] INFO  storage.RaftStorageDirectory (RaftStorageDirectory.java:analyzeStorage(246)) - The storage directory /workdir/hadoop-ozone/integration-test/target/test-dir/MiniOzoneClusterImpl-5e9621be-c945-401e-a048-ea7290b0a7f2/datanode-4/data/ratis/8692568d-6852-4dc7-ade7-c837915b9584 does not exist. Creating ...
2019-10-07 23:30:21,395 [pool-257-thread-1] INFO  server.RaftServerConfigKeys (ConfUtils.java:logGet(43)) - raft.server.log.appender.install.snapshot.enabled = false (custom)
2019-10-07 23:30:21,395 [pool-237-thread-1] INFO  impl.RaftServerImpl (ServerState.java:<init>(103)) - 71fe9c48-ef70-445b-89d4-550c4f010b84@group-C837915B9584: ConfigurationManager, init=-1: [51a40bca-cd4b-4fd1-b3a8-cd441e83375c:192.168.151.75:38825, 71fe9c48-ef70-445b-89d4-550c4f010b84:192.168.151.75:34661, 1757d5fa-a161-4c0a-b504-ed724002c805:192.168.151.75:37685], old=null, confs=<EMPTY_MAP>
2019-10-07 23:30:21,396 [pool-257-thread-1] INFO  impl.RaftServerImpl (ServerState.java:<init>(103)) - 1757d5fa-a161-4c0a-b504-ed724002c805@group-C837915B9584: ConfigurationManager, init=-1: [51a40bca-cd4b-4fd1-b3a8-cd441e83375c:192.168.151.75:38825, 71fe9c48-ef70-445b-89d4-550c4f010b84:192.168.151.75:34661, 1757d5fa-a161-4c0a-b504-ed724002c805:192.168.151.75:37685], old=null, confs=<EMPTY_MAP>
2019-10-07 23:30:21,396 [pool-237-thread-1] INFO  server.RaftServerConfigKeys (ConfUtils.java:logGet(43)) - raft.server.storage.dir = [/workdir/hadoop-ozone/integration-test/target/test-dir/MiniOzoneClusterImpl-5e9621be-c945-401e-a048-ea7290b0a7f2/datanode-3/data/ratis] (custom)
2019-10-07 23:30:21,396 [pool-257-thread-1] INFO  server.RaftServerConfigKeys (ConfUtils.java:logGet(43)) - raft.server.storage.dir = [/workdir/hadoop-ozone/integration-test/target/test-dir/MiniOzoneClusterImpl-5e9621be-c945-401e-a048-ea7290b0a7f2/datanode-5/data/ratis] (custom)
2019-10-07 23:30:21,396 [pool-237-thread-1] INFO  server.RaftServerConfigKeys (ConfUtils.java:logGet(43)) - raft.server.log.corruption.policy = EXCEPTION (default)
2019-10-07 23:30:21,396 [pool-257-thread-1] INFO  server.RaftServerConfigKeys (ConfUtils.java:logGet(43)) - raft.server.log.corruption.policy = EXCEPTION (default)
2019-10-07 23:30:21,396 [pool-237-thread-1] INFO  storage.RaftStorageDirectory (RaftStorageDirectory.java:analyzeStorage(246)) - The storage directory /workdir/hadoop-ozone/integration-test/target/test-dir/MiniOzoneClusterImpl-5e9621be-c945-401e-a048-ea7290b0a7f2/datanode-3/data/ratis/8692568d-6852-4dc7-ade7-c837915b9584 does not exist. Creating ...
2019-10-07 23:30:21,396 [pool-257-thread-1] INFO  storage.RaftStorageDirectory (RaftStorageDirectory.java:analyzeStorage(246)) - The storage directory /workdir/hadoop-ozone/integration-test/target/test-dir/MiniOzoneClusterImpl-5e9621be-c945-401e-a048-ea7290b0a7f2/datanode-5/data/ratis/8692568d-6852-4dc7-ade7-c837915b9584 does not exist. Creating ...
2019-10-07 23:30:21,411 [pool-237-thread-1] INFO  storage.RaftStorageDirectory (RaftStorageDirectory.java:tryLock(328)) - Lock on /workdir/hadoop-ozone/integration-test/target/test-dir/MiniOzoneClusterImpl-5e9621be-c945-401e-a048-ea7290b0a7f2/datanode-3/data/ratis/8692568d-6852-4dc7-ade7-c837915b9584/in_use.lock acquired by nodename 21128@pr-hdds-1868-k864b-3611000933
2019-10-07 23:30:21,411 [pool-247-thread-1] INFO  storage.RaftStorageDirectory (RaftStorageDirectory.java:tryLock(328)) - Lock on /workdir/hadoop-ozone/integration-test/target/test-dir/MiniOzoneClusterImpl-5e9621be-c945-401e-a048-ea7290b0a7f2/datanode-4/data/ratis/8692568d-6852-4dc7-ade7-c837915b9584/in_use.lock acquired by nodename 21128@pr-hdds-1868-k864b-3611000933
2019-10-07 23:30:21,411 [pool-257-thread-1] INFO  storage.RaftStorageDirectory (RaftStorageDirectory.java:tryLock(328)) - Lock on /workdir/hadoop-ozone/integration-test/target/test-dir/MiniOzoneClusterImpl-5e9621be-c945-401e-a048-ea7290b0a7f2/datanode-5/data/ratis/8692568d-6852-4dc7-ade7-c837915b9584/in_use.lock acquired by nodename 21128@pr-hdds-1868-k864b-3611000933
2019-10-07 23:30:21,435 [pool-247-thread-1] INFO  storage.RaftStorage (RaftStorage.java:format(84)) - Storage directory /workdir/hadoop-ozone/integration-test/target/test-dir/MiniOzoneClusterImpl-5e9621be-c945-401e-a048-ea7290b0a7f2/datanode-4/data/ratis/8692568d-6852-4dc7-ade7-c837915b9584 has been successfully formatted.
2019-10-07 23:30:21,435 [pool-257-thread-1] INFO  storage.RaftStorage (RaftStorage.java:format(84)) - Storage directory /workdir/hadoop-ozone/integration-test/target/test-dir/MiniOzoneClusterImpl-5e9621be-c945-401e-a048-ea7290b0a7f2/datanode-5/data/ratis/8692568d-6852-4dc7-ade7-c837915b9584 has been successfully formatted.
2019-10-07 23:30:21,435 [pool-237-thread-1] INFO  storage.RaftStorage (RaftStorage.java:format(84)) - Storage directory /workdir/hadoop-ozone/integration-test/target/test-dir/MiniOzoneClusterImpl-5e9621be-c945-401e-a048-ea7290b0a7f2/datanode-3/data/ratis/8692568d-6852-4dc7-ade7-c837915b9584 has been successfully formatted.
2019-10-07 23:30:21,436 [pool-257-thread-1] INFO  ratis.ContainerStateMachine (ContainerStateMachine.java:loadSnapshot(233)) - group-C837915B9584: The snapshot info is null. Setting the last applied indexto:(t:0, i:~)
2019-10-07 23:30:21,436 [pool-247-thread-1] INFO  ratis.ContainerStateMachine (ContainerStateMachine.java:loadSnapshot(233)) - group-C837915B9584: The snapshot info is null. Setting the last applied indexto:(t:0, i:~)
2019-10-07 23:30:21,436 [pool-257-thread-1] INFO  server.RaftServerConfigKeys (ConfUtils.java:logGet(43)) - raft.server.notification.no-leader.timeout = 120s (custom)
2019-10-07 23:30:21,436 [pool-237-thread-1] INFO  ratis.ContainerStateMachine (ContainerStateMachine.java:loadSnapshot(233)) - group-C837915B9584: The snapshot info is null. Setting the last applied indexto:(t:0, i:~)
2019-10-07 23:30:21,437 [pool-257-thread-1] INFO  server.RaftServerConfigKeys (ConfUtils.java:logGet(43)) - raft.server.log.use.memory = false (default)
2019-10-07 23:30:21,436 [pool-247-thread-1] INFO  server.RaftServerConfigKeys (ConfUtils.java:logGet(43)) - raft.server.notification.no-leader.timeout = 120s (custom)
2019-10-07 23:30:21,437 [pool-257-thread-1] INFO  server.RaftServerConfigKeys (ConfUtils.java:logGet(43)) - raft.server.log.purge.gap = 1000000 (custom)
2019-10-07 23:30:21,437 [pool-237-thread-1] INFO  server.RaftServerConfigKeys (ConfUtils.java:logGet(43)) - raft.server.notification.no-leader.timeout = 120s (custom)
2019-10-07 23:30:21,437 [pool-257-thread-1] INFO  server.RaftServerConfigKeys (ConfUtils.java:logGet(43)) - raft.server.log.appender.buffer.byte-limit = 33554432 (custom)
2019-10-07 23:30:21,437 [pool-247-thread-1] INFO  server.RaftServerConfigKeys (ConfUtils.java:logGet(43)) - raft.server.log.use.memory = false (default)
2019-10-07 23:30:21,438 [pool-257-thread-1] INFO  server.RaftServerConfigKeys (ConfUtils.java:logGet(43)) - raft.server.log.segment.size.max = 1048576 (custom)
2019-10-07 23:30:21,437 [pool-237-thread-1] INFO  server.RaftServerConfigKeys (ConfUtils.java:logGet(43)) - raft.server.log.use.memory = false (default)
2019-10-07 23:30:21,438 [pool-257-thread-1] INFO  server.RaftServerConfigKeys (ConfUtils.java:logGet(43)) - raft.server.log.segment.cache.num.max = 2 (custom)
2019-10-07 23:30:21,438 [pool-247-thread-1] INFO  server.RaftServerConfigKeys (ConfUtils.java:logGet(43)) - raft.server.log.purge.gap = 1000000 (custom)
2019-10-07 23:30:21,438 [pool-257-thread-1] INFO  segmented.SegmentedRaftLogWorker (SegmentedRaftLogWorker.java:<init>(173)) - new 1757d5fa-a161-4c0a-b504-ed724002c805@group-C837915B9584-SegmentedRaftLogWorker for RaftStorage:Storage Directory /workdir/hadoop-ozone/integration-test/target/test-dir/MiniOzoneClusterImpl-5e9621be-c945-401e-a048-ea7290b0a7f2/datanode-5/data/ratis/8692568d-6852-4dc7-ade7-c837915b9584
2019-10-07 23:30:21,438 [pool-237-thread-1] INFO  server.RaftServerConfigKeys (ConfUtils.java:logGet(43)) - raft.server.log.purge.gap = 1000000 (custom)
2019-10-07 23:30:21,439 [pool-257-thread-1] INFO  server.RaftServerConfigKeys (ConfUtils.java:logGet(43)) - raft.server.log.queue.byte-limit = 2147483647 (custom)
2019-10-07 23:30:21,438 [pool-247-thread-1] INFO  server.RaftServerConfigKeys (ConfUtils.java:logGet(43)) - raft.server.log.appender.buffer.byte-limit = 33554432 (custom)
2019-10-07 23:30:21,439 [pool-257-thread-1] INFO  server.RaftServerConfigKeys (ConfUtils.java:logGet(43)) - raft.server.log.queue.element-limit = 1024 (custom)
2019-10-07 23:30:21,439 [pool-237-thread-1] INFO  server.RaftServerConfigKeys (ConfUtils.java:logGet(43)) - raft.server.log.appender.buffer.byte-limit = 33554432 (custom)
2019-10-07 23:30:21,439 [pool-257-thread-1] INFO  server.RaftServerConfigKeys (ConfUtils.java:logGet(43)) - raft.server.log.segment.size.max = 1048576 (custom)
2019-10-07 23:30:21,439 [pool-247-thread-1] INFO  server.RaftServerConfigKeys (ConfUtils.java:logGet(43)) - raft.server.log.segment.size.max = 1048576 (custom)
2019-10-07 23:30:21,440 [pool-257-thread-1] INFO  server.RaftServerConfigKeys (ConfUtils.java:logGet(43)) - raft.server.log.preallocated.size = 16384 (custom)
2019-10-07 23:30:21,439 [pool-237-thread-1] INFO  server.RaftServerConfigKeys (ConfUtils.java:logGet(43)) - raft.server.log.segment.size.max = 1048576 (custom)
2019-10-07 23:30:21,440 [pool-257-thread-1] INFO  server.RaftServerConfigKeys (ConfUtils.java:logGet(43)) - raft.server.log.write.buffer.size = 33554432 (custom)
2019-10-07 23:30:21,440 [pool-257-thread-1] INFO  server.RaftServerConfigKeys (ConfUtils.java:logGet(43)) - raft.server.log.force.sync.num = 128 (default)
2019-10-07 23:30:21,440 [pool-247-thread-1] INFO  server.RaftServerConfigKeys (ConfUtils.java:logGet(43)) - raft.server.log.segment.cache.num.max = 2 (custom)
2019-10-07 23:30:21,440 [pool-257-thread-1] INFO  server.RaftServerConfigKeys (ConfUtils.java:logGet(43)) - raft.server.log.statemachine.data.sync = true (default)
2019-10-07 23:30:21,440 [pool-237-thread-1] INFO  server.RaftServerConfigKeys (ConfUtils.java:logGet(43)) - raft.server.log.segment.cache.num.max = 2 (custom)
2019-10-07 23:30:21,441 [pool-257-thread-1] INFO  server.RaftServerConfigKeys (ConfUtils.java:logGet(43)) - raft.server.log.statemachine.data.sync.timeout = 10s (default)
2019-10-07 23:30:21,441 [pool-257-thread-1] INFO  server.RaftServerConfigKeys (ConfUtils.java:logGet(43)) - raft.server.log.statemachine.data.sync.timeout.retry = -1 (default)
2019-10-07 23:30:21,441 [pool-247-thread-1] INFO  segmented.SegmentedRaftLogWorker (SegmentedRaftLogWorker.java:<init>(173)) - new 51a40bca-cd4b-4fd1-b3a8-cd441e83375c@group-C837915B9584-SegmentedRaftLogWorker for RaftStorage:Storage Directory /workdir/hadoop-ozone/integration-test/target/test-dir/MiniOzoneClusterImpl-5e9621be-c945-401e-a048-ea7290b0a7f2/datanode-4/data/ratis/8692568d-6852-4dc7-ade7-c837915b9584
2019-10-07 23:30:21,441 [pool-257-thread-1] INFO  server.RaftServerConfigKeys (ConfUtils.java:logGet(43)) - raft.server.log.statemachine.data.caching.enabled = true (custom)
2019-10-07 23:30:21,441 [pool-237-thread-1] INFO  segmented.SegmentedRaftLogWorker (SegmentedRaftLogWorker.java:<init>(173)) - new 71fe9c48-ef70-445b-89d4-550c4f010b84@group-C837915B9584-SegmentedRaftLogWorker for RaftStorage:Storage Directory /workdir/hadoop-ozone/integration-test/target/test-dir/MiniOzoneClusterImpl-5e9621be-c945-401e-a048-ea7290b0a7f2/datanode-3/data/ratis/8692568d-6852-4dc7-ade7-c837915b9584
2019-10-07 23:30:21,441 [pool-247-thread-1] INFO  server.RaftServerConfigKeys (ConfUtils.java:logGet(43)) - raft.server.log.queue.byte-limit = 2147483647 (custom)
2019-10-07 23:30:21,442 [pool-257-thread-1] INFO  segmented.SegmentedRaftLogWorker (SegmentedRaftLogWorker.java:lambda$new$0(128)) - 1757d5fa-a161-4c0a-b504-ed724002c805@group-C837915B9584-SegmentedRaftLogWorker: flushIndex: setUnconditionally 0 -> -1
2019-10-07 23:30:21,442 [pool-237-thread-1] INFO  server.RaftServerConfigKeys (ConfUtils.java:logGet(43)) - raft.server.log.queue.byte-limit = 2147483647 (custom)
2019-10-07 23:30:21,442 [pool-257-thread-1] INFO  server.RaftServerConfigKeys (ConfUtils.java:logGet(43)) - raft.server.snapshot.auto.trigger.enabled = true (custom)
2019-10-07 23:30:21,442 [pool-247-thread-1] INFO  server.RaftServerConfigKeys (ConfUtils.java:logGet(43)) - raft.server.log.queue.element-limit = 1024 (custom)
2019-10-07 23:30:21,442 [pool-257-thread-1] INFO  server.RaftServerConfigKeys (ConfUtils.java:logGet(43)) - raft.server.snapshot.auto.trigger.threshold = 10000 (custom)
2019-10-07 23:30:21,442 [pool-237-thread-1] INFO  server.RaftServerConfigKeys (ConfUtils.java:logGet(43)) - raft.server.log.queue.element-limit = 1024 (custom)
2019-10-07 23:30:21,443 [pool-257-thread-1] INFO  server.RaftServerConfigKeys (ConfUtils.java:logGet(43)) - raft.server.snapshot.retention.file.num = 5 (custom)
2019-10-07 23:30:21,443 [pool-247-thread-1] INFO  server.RaftServerConfigKeys (ConfUtils.java:logGet(43)) - raft.server.log.segment.size.max = 1048576 (custom)
2019-10-07 23:30:21,443 [pool-257-thread-1] INFO  server.RaftServerConfigKeys (ConfUtils.java:logGet(43)) - raft.server.retrycache.expirytime = 600000ms (custom)
2019-10-07 23:30:21,443 [pool-237-thread-1] INFO  server.RaftServerConfigKeys (ConfUtils.java:logGet(43)) - raft.server.log.segment.size.max = 1048576 (custom)
2019-10-07 23:30:21,443 [pool-247-thread-1] INFO  server.RaftServerConfigKeys (ConfUtils.java:logGet(43)) - raft.server.log.preallocated.size = 16384 (custom)
2019-10-07 23:30:21,444 [pool-237-thread-1] INFO  server.RaftServerConfigKeys (ConfUtils.java:logGet(43)) - raft.server.log.preallocated.size = 16384 (custom)
2019-10-07 23:30:21,444 [pool-247-thread-1] INFO  server.RaftServerConfigKeys (ConfUtils.java:logGet(43)) - raft.server.log.write.buffer.size = 33554432 (custom)
2019-10-07 23:30:21,444 [pool-237-thread-1] INFO  server.RaftServerConfigKeys (ConfUtils.java:logGet(43)) - raft.server.log.write.buffer.size = 33554432 (custom)
2019-10-07 23:30:21,444 [pool-247-thread-1] INFO  server.RaftServerConfigKeys (ConfUtils.java:logGet(43)) - raft.server.log.force.sync.num = 128 (default)
2019-10-07 23:30:21,444 [pool-237-thread-1] INFO  server.RaftServerConfigKeys (ConfUtils.java:logGet(43)) - raft.server.log.force.sync.num = 128 (default)
2019-10-07 23:30:21,444 [pool-247-thread-1] INFO  server.RaftServerConfigKeys (ConfUtils.java:logGet(43)) - raft.server.log.statemachine.data.sync = true (default)
2019-10-07 23:30:21,445 [pool-237-thread-1] INFO  server.RaftServerConfigKeys (ConfUtils.java:logGet(43)) - raft.server.log.statemachine.data.sync = true (default)
2019-10-07 23:30:21,445 [pool-247-thread-1] INFO  server.RaftServerConfigKeys (ConfUtils.java:logGet(43)) - raft.server.log.statemachine.data.sync.timeout = 10s (default)
2019-10-07 23:30:21,445 [pool-237-thread-1] INFO  server.RaftServerConfigKeys (ConfUtils.java:logGet(43)) - raft.server.log.statemachine.data.sync.timeout = 10s (default)
2019-10-07 23:30:21,445 [pool-257-thread-1] INFO  impl.RaftServerImpl (RaftServerImpl.java:start(181)) - 1757d5fa-a161-4c0a-b504-ed724002c805@group-C837915B9584: start as a follower, conf=-1: [51a40bca-cd4b-4fd1-b3a8-cd441e83375c:192.168.151.75:38825, 71fe9c48-ef70-445b-89d4-550c4f010b84:192.168.151.75:34661, 1757d5fa-a161-4c0a-b504-ed724002c805:192.168.151.75:37685], old=null
2019-10-07 23:30:21,445 [pool-247-thread-1] INFO  server.RaftServerConfigKeys (ConfUtils.java:logGet(43)) - raft.server.log.statemachine.data.sync.timeout.retry = -1 (default)
2019-10-07 23:30:21,445 [pool-257-thread-1] INFO  impl.RaftServerImpl (RaftServerImpl.java:setRole(170)) - 1757d5fa-a161-4c0a-b504-ed724002c805@group-C837915B9584: changes role from      null to FOLLOWER at term 0 for startAsFollower
2019-10-07 23:30:21,445 [pool-237-thread-1] INFO  server.RaftServerConfigKeys (ConfUtils.java:logGet(43)) - raft.server.log.statemachine.data.sync.timeout.retry = -1 (default)
2019-10-07 23:30:21,446 [pool-257-thread-1] INFO  impl.RoleInfo (RoleInfo.java:updateAndGet(143)) - 1757d5fa-a161-4c0a-b504-ed724002c805: start FollowerState
2019-10-07 23:30:21,446 [pool-247-thread-1] INFO  server.RaftServerConfigKeys (ConfUtils.java:logGet(43)) - raft.server.log.statemachine.data.caching.enabled = true (custom)
2019-10-07 23:30:21,446 [pool-237-thread-1] INFO  server.RaftServerConfigKeys (ConfUtils.java:logGet(43)) - raft.server.log.statemachine.data.caching.enabled = true (custom)
2019-10-07 23:30:21,446 [pool-257-thread-1] INFO  util.JmxRegister (JmxRegister.java:tryRegister(44)) - Successfully registered JMX Bean with object name Ratis:service=RaftServer,group=group-C837915B9584,id=1757d5fa-a161-4c0a-b504-ed724002c805
2019-10-07 23:30:21,446 [pool-247-thread-1] INFO  segmented.SegmentedRaftLogWorker (SegmentedRaftLogWorker.java:lambda$new$0(128)) - 51a40bca-cd4b-4fd1-b3a8-cd441e83375c@group-C837915B9584-SegmentedRaftLogWorker: flushIndex: setUnconditionally 0 -> -1
2019-10-07 23:30:21,447 [pool-237-thread-1] INFO  segmented.SegmentedRaftLogWorker (SegmentedRaftLogWorker.java:lambda$new$0(128)) - 71fe9c48-ef70-445b-89d4-550c4f010b84@group-C837915B9584-SegmentedRaftLogWorker: flushIndex: setUnconditionally 0 -> -1
2019-10-07 23:30:21,447 [pool-247-thread-1] INFO  server.RaftServerConfigKeys (ConfUtils.java:logGet(43)) - raft.server.snapshot.auto.trigger.enabled = true (custom)
2019-10-07 23:30:21,447 [pool-237-thread-1] INFO  server.RaftServerConfigKeys (ConfUtils.java:logGet(43)) - raft.server.snapshot.auto.trigger.enabled = true (custom)
2019-10-07 23:30:21,447 [pool-247-thread-1] INFO  server.RaftServerConfigKeys (ConfUtils.java:logGet(43)) - raft.server.snapshot.auto.trigger.threshold = 10000 (custom)
2019-10-07 23:30:21,447 [pool-237-thread-1] INFO  server.RaftServerConfigKeys (ConfUtils.java:logGet(43)) - raft.server.snapshot.auto.trigger.threshold = 10000 (custom)
2019-10-07 23:30:21,447 [pool-247-thread-1] INFO  server.RaftServerConfigKeys (ConfUtils.java:logGet(43)) - raft.server.snapshot.retention.file.num = 5 (custom)
2019-10-07 23:30:21,448 [pool-237-thread-1] INFO  server.RaftServerConfigKeys (ConfUtils.java:logGet(43)) - raft.server.snapshot.retention.file.num = 5 (custom)
2019-10-07 23:30:21,448 [pool-247-thread-1] INFO  server.RaftServerConfigKeys (ConfUtils.java:logGet(43)) - raft.server.retrycache.expirytime = 600000ms (custom)
2019-10-07 23:30:21,448 [pool-237-thread-1] INFO  server.RaftServerConfigKeys (ConfUtils.java:logGet(43)) - raft.server.retrycache.expirytime = 600000ms (custom)
2019-10-07 23:30:21,450 [pool-247-thread-1] INFO  impl.RaftServerImpl (RaftServerImpl.java:start(181)) - 51a40bca-cd4b-4fd1-b3a8-cd441e83375c@group-C837915B9584: start as a follower, conf=-1: [51a40bca-cd4b-4fd1-b3a8-cd441e83375c:192.168.151.75:38825, 71fe9c48-ef70-445b-89d4-550c4f010b84:192.168.151.75:34661, 1757d5fa-a161-4c0a-b504-ed724002c805:192.168.151.75:37685], old=null
2019-10-07 23:30:21,451 [pool-247-thread-1] INFO  impl.RaftServerImpl (RaftServerImpl.java:setRole(170)) - 51a40bca-cd4b-4fd1-b3a8-cd441e83375c@group-C837915B9584: changes role from      null to FOLLOWER at term 0 for startAsFollower
2019-10-07 23:30:21,451 [pool-237-thread-1] INFO  impl.RaftServerImpl (RaftServerImpl.java:start(181)) - 71fe9c48-ef70-445b-89d4-550c4f010b84@group-C837915B9584: start as a follower, conf=-1: [51a40bca-cd4b-4fd1-b3a8-cd441e83375c:192.168.151.75:38825, 71fe9c48-ef70-445b-89d4-550c4f010b84:192.168.151.75:34661, 1757d5fa-a161-4c0a-b504-ed724002c805:192.168.151.75:37685], old=null
2019-10-07 23:30:21,451 [pool-247-thread-1] INFO  impl.RoleInfo (RoleInfo.java:updateAndGet(143)) - 51a40bca-cd4b-4fd1-b3a8-cd441e83375c: start FollowerState
2019-10-07 23:30:21,451 [pool-237-thread-1] INFO  impl.RaftServerImpl (RaftServerImpl.java:setRole(170)) - 71fe9c48-ef70-445b-89d4-550c4f010b84@group-C837915B9584: changes role from      null to FOLLOWER at term 0 for startAsFollower
2019-10-07 23:30:21,451 [pool-237-thread-1] INFO  impl.RoleInfo (RoleInfo.java:updateAndGet(143)) - 71fe9c48-ef70-445b-89d4-550c4f010b84: start FollowerState
2019-10-07 23:30:21,462 [pool-247-thread-1] INFO  util.JmxRegister (JmxRegister.java:tryRegister(44)) - Successfully registered JMX Bean with object name Ratis:service=RaftServer,group=group-C837915B9584,id=51a40bca-cd4b-4fd1-b3a8-cd441e83375c
2019-10-07 23:30:21,462 [pool-237-thread-1] INFO  util.JmxRegister (JmxRegister.java:tryRegister(44)) - Successfully registered JMX Bean with object name Ratis:service=RaftServer,group=group-C837915B9584,id=71fe9c48-ef70-445b-89d4-550c4f010b84
2019-10-07 23:30:21,477 [RatisPipelineUtilsThread] INFO  pipeline.PipelineStateManager (PipelineStateManager.java:addPipeline(57)) - Created pipeline Pipeline[ Id: 8692568d-6852-4dc7-ade7-c837915b9584, Nodes: 71fe9c48-ef70-445b-89d4-550c4f010b84{ip: 192.168.151.75, host: pr-hdds-1868-k864b-3611000933, networkLocation: /default-rack, certSerialId: null}51a40bca-cd4b-4fd1-b3a8-cd441e83375c{ip: 192.168.151.75, host: pr-hdds-1868-k864b-3611000933, networkLocation: /default-rack, certSerialId: null}1757d5fa-a161-4c0a-b504-ed724002c805{ip: 192.168.151.75, host: pr-hdds-1868-k864b-3611000933, networkLocation: /default-rack, certSerialId: null}, Type:RATIS, Factor:THREE, State:ALLOCATED]
2019-10-07 23:30:21,478 [Thread-1574] INFO  pipeline.PipelineStateManager (PipelineStateManager.java:finalizePipeline(123)) - Pipeline Pipeline[ Id: ce8128bb-a979-4d30-9923-f1a1f664506f, Nodes: 71fe9c48-ef70-445b-89d4-550c4f010b84{ip: 192.168.151.75, host: pr-hdds-1868-k864b-3611000933, networkLocation: /default-rack, certSerialId: null}, Type:RATIS, Factor:ONE, State:CLOSED] moved to CLOSED state
2019-10-07 23:30:21,484 [grpc-default-executor-4] INFO  impl.RaftServerProxy (RaftServerProxy.java:remove(95)) - 71fe9c48-ef70-445b-89d4-550c4f010b84: remove  FOLLOWER 71fe9c48-ef70-445b-89d4-550c4f010b84@group-F1A1F664506F:t0, leader=null, voted=null, raftlog=71fe9c48-ef70-445b-89d4-550c4f010b84@group-F1A1F664506F-SegmentedRaftLog:OPENED:c-1,f-1,i0, conf=-1: [71fe9c48-ef70-445b-89d4-550c4f010b84:192.168.151.75:34661], old=null RUNNING
2019-10-07 23:30:21,485 [grpc-default-executor-4] INFO  impl.RaftServerImpl (RaftServerImpl.java:lambda$shutdown$3(247)) - 71fe9c48-ef70-445b-89d4-550c4f010b84@group-F1A1F664506F: shutdown
2019-10-07 23:30:21,485 [grpc-default-executor-4] INFO  util.JmxRegister (JmxRegister.java:unregister(73)) - Successfully un-registered JMX Bean with object name Ratis:service=RaftServer,group=group-F1A1F664506F,id=71fe9c48-ef70-445b-89d4-550c4f010b84
2019-10-07 23:30:21,485 [grpc-default-executor-4] INFO  impl.RoleInfo (RoleInfo.java:shutdownFollowerState(121)) - 71fe9c48-ef70-445b-89d4-550c4f010b84: shutdown FollowerState
2019-10-07 23:30:21,485 [grpc-default-executor-4] INFO  impl.StateMachineUpdater (StateMachineUpdater.java:stopAndJoin(136)) - 71fe9c48-ef70-445b-89d4-550c4f010b84@group-F1A1F664506F-StateMachineUpdater: set stopIndex = -1
2019-10-07 23:30:21,485 [Thread-1594] INFO  impl.FollowerState (FollowerState.java:run(117)) - 71fe9c48-ef70-445b-89d4-550c4f010b84@group-F1A1F664506F-FollowerState was interrupted: java.lang.InterruptedException: sleep interrupted
2019-10-07 23:30:21,486 [grpc-default-executor-4] INFO  impl.RaftServerImpl (ServerState.java:close(387)) - 71fe9c48-ef70-445b-89d4-550c4f010b84@group-F1A1F664506F: closes. applyIndex: -1
2019-10-07 23:30:21,486 [71fe9c48-ef70-445b-89d4-550c4f010b84@group-F1A1F664506F-SegmentedRaftLogWorker] INFO  segmented.SegmentedRaftLogWorker (SegmentedRaftLogWorker.java:run(316)) - 71fe9c48-ef70-445b-89d4-550c4f010b84@group-F1A1F664506F-SegmentedRaftLogWorker was interrupted, exiting. There are 0 tasks remaining in the queue.
2019-10-07 23:30:21,486 [grpc-default-executor-4] INFO  segmented.SegmentedRaftLogWorker (SegmentedRaftLogWorker.java:close(224)) - 71fe9c48-ef70-445b-89d4-550c4f010b84@group-F1A1F664506F-SegmentedRaftLogWorker close()
2019-10-07 23:30:21,494 [Thread-1574] INFO  pipeline.PipelineStateManager (PipelineStateManager.java:removePipeline(108)) - Pipeline Pipeline[ Id: ce8128bb-a979-4d30-9923-f1a1f664506f, Nodes: 71fe9c48-ef70-445b-89d4-550c4f010b84{ip: 192.168.151.75, host: pr-hdds-1868-k864b-3611000933, networkLocation: /default-rack, certSerialId: null}, Type:RATIS, Factor:ONE, State:CLOSED] removed from db
2019-10-07 23:30:21,494 [Thread-1574] INFO  pipeline.SCMPipelineManager (SCMPipelineManager.java:finalizeAndDestroyPipeline(315)) - destroying pipeline:Pipeline[ Id: 5de4bae7-76ab-42c2-a81f-bcf6b10bb564, Nodes: e36e47e5-1e3f-4d48-932e-d6c9017affe3{ip: 192.168.151.75, host: pr-hdds-1868-k864b-3611000933, networkLocation: /default-rack, certSerialId: null}, Type:RATIS, Factor:ONE, State:ALLOCATED]
2019-10-07 23:30:21,497 [grpc-default-executor-4] INFO  impl.RaftServerProxy (RaftServerProxy.java:addNew(89)) - 71fe9c48-ef70-445b-89d4-550c4f010b84: addNew group-3D34E03D3B72:[71fe9c48-ef70-445b-89d4-550c4f010b84:192.168.151.75:34661] returns group-3D34E03D3B72:java.util.concurrent.CompletableFuture@20e0ea3f[Not completed]
2019-10-07 23:30:21,499 [pool-237-thread-1] INFO  impl.RaftServerImpl (RaftServerImpl.java:<init>(95)) - 71fe9c48-ef70-445b-89d4-550c4f010b84: new RaftServerImpl for group-3D34E03D3B72:[71fe9c48-ef70-445b-89d4-550c4f010b84:192.168.151.75:34661] with ContainerStateMachine:uninitialized
2019-10-07 23:30:21,499 [pool-237-thread-1] INFO  server.RaftServerConfigKeys (ConfUtils.java:logGet(43)) - raft.server.rpc.timeout.min = 5s (custom)
2019-10-07 23:30:21,499 [pool-237-thread-1] INFO  server.RaftServerConfigKeys (ConfUtils.java:logGet(43)) - raft.server.rpc.timeout.max = 5200ms (custom)
2019-10-07 23:30:21,499 [pool-237-thread-1] INFO  server.RaftServerConfigKeys (ConfUtils.java:logGet(43)) - raft.server.rpcslowness.timeout = 120s (custom)
2019-10-07 23:30:21,499 [pool-237-thread-1] INFO  server.RaftServerConfigKeys (ConfUtils.java:logGet(43)) - raft.server.sleep.deviation.threshold = 300 (default)
2019-10-07 23:30:21,499 [pool-237-thread-1] INFO  server.RaftServerConfigKeys (ConfUtils.java:logGet(43)) - raft.server.log.appender.install.snapshot.enabled = false (custom)
2019-10-07 23:30:21,499 [pool-237-thread-1] INFO  impl.RaftServerImpl (ServerState.java:<init>(103)) - 71fe9c48-ef70-445b-89d4-550c4f010b84@group-3D34E03D3B72: ConfigurationManager, init=-1: [71fe9c48-ef70-445b-89d4-550c4f010b84:192.168.151.75:34661], old=null, confs=<EMPTY_MAP>
2019-10-07 23:30:21,500 [pool-237-thread-1] INFO  server.RaftServerConfigKeys (ConfUtils.java:logGet(43)) - raft.server.storage.dir = [/workdir/hadoop-ozone/integration-test/target/test-dir/MiniOzoneClusterImpl-5e9621be-c945-401e-a048-ea7290b0a7f2/datanode-3/data/ratis] (custom)
2019-10-07 23:30:21,500 [pool-237-thread-1] INFO  server.RaftServerConfigKeys (ConfUtils.java:logGet(43)) - raft.server.log.corruption.policy = EXCEPTION (default)
2019-10-07 23:30:21,500 [pool-237-thread-1] INFO  storage.RaftStorageDirectory (RaftStorageDirectory.java:analyzeStorage(246)) - The storage directory /workdir/hadoop-ozone/integration-test/target/test-dir/MiniOzoneClusterImpl-5e9621be-c945-401e-a048-ea7290b0a7f2/datanode-3/data/ratis/22f4fe54-1a5b-4e4f-94ea-3d34e03d3b72 does not exist. Creating ...
2019-10-07 23:30:21,513 [pool-237-thread-1] INFO  storage.RaftStorageDirectory (RaftStorageDirectory.java:tryLock(328)) - Lock on /workdir/hadoop-ozone/integration-test/target/test-dir/MiniOzoneClusterImpl-5e9621be-c945-401e-a048-ea7290b0a7f2/datanode-3/data/ratis/22f4fe54-1a5b-4e4f-94ea-3d34e03d3b72/in_use.lock acquired by nodename 21128@pr-hdds-1868-k864b-3611000933
2019-10-07 23:30:21,526 [pool-237-thread-1] INFO  storage.RaftStorage (RaftStorage.java:format(84)) - Storage directory /workdir/hadoop-ozone/integration-test/target/test-dir/MiniOzoneClusterImpl-5e9621be-c945-401e-a048-ea7290b0a7f2/datanode-3/data/ratis/22f4fe54-1a5b-4e4f-94ea-3d34e03d3b72 has been successfully formatted.
2019-10-07 23:30:21,526 [pool-237-thread-1] INFO  ratis.ContainerStateMachine (ContainerStateMachine.java:loadSnapshot(233)) - group-3D34E03D3B72: The snapshot info is null. Setting the last applied indexto:(t:0, i:~)
2019-10-07 23:30:21,526 [pool-237-thread-1] INFO  server.RaftServerConfigKeys (ConfUtils.java:logGet(43)) - raft.server.notification.no-leader.timeout = 120s (custom)
2019-10-07 23:30:21,527 [pool-237-thread-1] INFO  server.RaftServerConfigKeys (ConfUtils.java:logGet(43)) - raft.server.log.use.memory = false (default)
2019-10-07 23:30:21,527 [pool-237-thread-1] INFO  server.RaftServerConfigKeys (ConfUtils.java:logGet(43)) - raft.server.log.purge.gap = 1000000 (custom)
2019-10-07 23:30:21,527 [pool-237-thread-1] INFO  server.RaftServerConfigKeys (ConfUtils.java:logGet(43)) - raft.server.log.appender.buffer.byte-limit = 33554432 (custom)
2019-10-07 23:30:21,527 [pool-237-thread-1] INFO  server.RaftServerConfigKeys (ConfUtils.java:logGet(43)) - raft.server.log.segment.size.max = 1048576 (custom)
2019-10-07 23:30:21,527 [pool-237-thread-1] INFO  server.RaftServerConfigKeys (ConfUtils.java:logGet(43)) - raft.server.log.segment.cache.num.max = 2 (custom)
2019-10-07 23:30:21,527 [pool-237-thread-1] INFO  segmented.SegmentedRaftLogWorker (SegmentedRaftLogWorker.java:<init>(173)) - new 71fe9c48-ef70-445b-89d4-550c4f010b84@group-3D34E03D3B72-SegmentedRaftLogWorker for RaftStorage:Storage Directory /workdir/hadoop-ozone/integration-test/target/test-dir/MiniOzoneClusterImpl-5e9621be-c945-401e-a048-ea7290b0a7f2/datanode-3/data/ratis/22f4fe54-1a5b-4e4f-94ea-3d34e03d3b72
2019-10-07 23:30:21,527 [pool-237-thread-1] INFO  server.RaftServerConfigKeys (ConfUtils.java:logGet(43)) - raft.server.log.queue.byte-limit = 2147483647 (custom)
2019-10-07 23:30:21,528 [pool-237-thread-1] INFO  server.RaftServerConfigKeys (ConfUtils.java:logGet(43)) - raft.server.log.queue.element-limit = 1024 (custom)
2019-10-07 23:30:21,528 [pool-237-thread-1] INFO  server.RaftServerConfigKeys (ConfUtils.java:logGet(43)) - raft.server.log.segment.size.max = 1048576 (custom)
2019-10-07 23:30:21,528 [pool-237-thread-1] INFO  server.RaftServerConfigKeys (ConfUtils.java:logGet(43)) - raft.server.log.preallocated.size = 16384 (custom)
2019-10-07 23:30:21,528 [pool-237-thread-1] INFO  server.RaftServerConfigKeys (ConfUtils.java:logGet(43)) - raft.server.log.write.buffer.size = 33554432 (custom)
2019-10-07 23:30:21,528 [pool-237-thread-1] INFO  server.RaftServerConfigKeys (ConfUtils.java:logGet(43)) - raft.server.log.force.sync.num = 128 (default)
2019-10-07 23:30:21,528 [pool-237-thread-1] INFO  server.RaftServerConfigKeys (ConfUtils.java:logGet(43)) - raft.server.log.statemachine.data.sync = true (default)
2019-10-07 23:30:21,528 [pool-237-thread-1] INFO  server.RaftServerConfigKeys (ConfUtils.java:logGet(43)) - raft.server.log.statemachine.data.sync.timeout = 10s (default)
2019-10-07 23:30:21,528 [pool-237-thread-1] INFO  server.RaftServerConfigKeys (ConfUtils.java:logGet(43)) - raft.server.log.statemachine.data.sync.timeout.retry = -1 (default)
2019-10-07 23:30:21,529 [pool-237-thread-1] INFO  server.RaftServerConfigKeys (ConfUtils.java:logGet(43)) - raft.server.log.statemachine.data.caching.enabled = true (custom)
2019-10-07 23:30:21,529 [pool-237-thread-1] INFO  segmented.SegmentedRaftLogWorker (SegmentedRaftLogWorker.java:lambda$new$0(128)) - 71fe9c48-ef70-445b-89d4-550c4f010b84@group-3D34E03D3B72-SegmentedRaftLogWorker: flushIndex: setUnconditionally 0 -> -1
2019-10-07 23:30:21,529 [pool-237-thread-1] INFO  server.RaftServerConfigKeys (ConfUtils.java:logGet(43)) - raft.server.snapshot.auto.trigger.enabled = true (custom)
2019-10-07 23:30:21,529 [pool-237-thread-1] INFO  server.RaftServerConfigKeys (ConfUtils.java:logGet(43)) - raft.server.snapshot.auto.trigger.threshold = 10000 (custom)
2019-10-07 23:30:21,529 [pool-237-thread-1] INFO  server.RaftServerConfigKeys (ConfUtils.java:logGet(43)) - raft.server.snapshot.retention.file.num = 5 (custom)
2019-10-07 23:30:21,530 [pool-237-thread-1] INFO  server.RaftServerConfigKeys (ConfUtils.java:logGet(43)) - raft.server.retrycache.expirytime = 600000ms (custom)
2019-10-07 23:30:21,531 [pool-237-thread-1] INFO  impl.RaftServerImpl (RaftServerImpl.java:start(181)) - 71fe9c48-ef70-445b-89d4-550c4f010b84@group-3D34E03D3B72: start as a follower, conf=-1: [71fe9c48-ef70-445b-89d4-550c4f010b84:192.168.151.75:34661], old=null
2019-10-07 23:30:21,531 [pool-237-thread-1] INFO  impl.RaftServerImpl (RaftServerImpl.java:setRole(170)) - 71fe9c48-ef70-445b-89d4-550c4f010b84@group-3D34E03D3B72: changes role from      null to FOLLOWER at term 0 for startAsFollower
2019-10-07 23:30:21,531 [pool-237-thread-1] INFO  impl.RoleInfo (RoleInfo.java:updateAndGet(143)) - 71fe9c48-ef70-445b-89d4-550c4f010b84: start FollowerState
2019-10-07 23:30:21,531 [pool-237-thread-1] INFO  util.JmxRegister (JmxRegister.java:tryRegister(44)) - Successfully registered JMX Bean with object name Ratis:service=RaftServer,group=group-3D34E03D3B72,id=71fe9c48-ef70-445b-89d4-550c4f010b84
2019-10-07 23:30:21,536 [RatisPipelineUtilsThread] INFO  pipeline.PipelineStateManager (PipelineStateManager.java:addPipeline(57)) - Created pipeline Pipeline[ Id: 22f4fe54-1a5b-4e4f-94ea-3d34e03d3b72, Nodes: 71fe9c48-ef70-445b-89d4-550c4f010b84{ip: 192.168.151.75, host: pr-hdds-1868-k864b-3611000933, networkLocation: /default-rack, certSerialId: null}, Type:RATIS, Factor:ONE, State:ALLOCATED]
2019-10-07 23:30:21,536 [Thread-1574] INFO  pipeline.PipelineStateManager (PipelineStateManager.java:finalizePipeline(123)) - Pipeline Pipeline[ Id: 5de4bae7-76ab-42c2-a81f-bcf6b10bb564, Nodes: e36e47e5-1e3f-4d48-932e-d6c9017affe3{ip: 192.168.151.75, host: pr-hdds-1868-k864b-3611000933, networkLocation: /default-rack, certSerialId: null}, Type:RATIS, Factor:ONE, State:CLOSED] moved to CLOSED state
2019-10-07 23:30:21,543 [grpc-default-executor-4] INFO  impl.RaftServerProxy (RaftServerProxy.java:remove(95)) - e36e47e5-1e3f-4d48-932e-d6c9017affe3: remove  FOLLOWER e36e47e5-1e3f-4d48-932e-d6c9017affe3@group-BCF6B10BB564:t0, leader=null, voted=null, raftlog=e36e47e5-1e3f-4d48-932e-d6c9017affe3@group-BCF6B10BB564-SegmentedRaftLog:OPENED:c-1,f-1,i0, conf=-1: [e36e47e5-1e3f-4d48-932e-d6c9017affe3:192.168.151.75:33647], old=null RUNNING
2019-10-07 23:30:21,543 [grpc-default-executor-4] INFO  impl.RaftServerImpl (RaftServerImpl.java:lambda$shutdown$3(247)) - e36e47e5-1e3f-4d48-932e-d6c9017affe3@group-BCF6B10BB564: shutdown
2019-10-07 23:30:21,544 [grpc-default-executor-4] INFO  util.JmxRegister (JmxRegister.java:unregister(73)) - Successfully un-registered JMX Bean with object name Ratis:service=RaftServer,group=group-BCF6B10BB564,id=e36e47e5-1e3f-4d48-932e-d6c9017affe3
2019-10-07 23:30:21,544 [grpc-default-executor-4] INFO  impl.RoleInfo (RoleInfo.java:shutdownFollowerState(121)) - e36e47e5-1e3f-4d48-932e-d6c9017affe3: shutdown FollowerState
2019-10-07 23:30:21,544 [grpc-default-executor-4] INFO  impl.StateMachineUpdater (StateMachineUpdater.java:stopAndJoin(136)) - e36e47e5-1e3f-4d48-932e-d6c9017affe3@group-BCF6B10BB564-StateMachineUpdater: set stopIndex = -1
2019-10-07 23:30:21,544 [grpc-default-executor-4] INFO  impl.RaftServerImpl (ServerState.java:close(387)) - e36e47e5-1e3f-4d48-932e-d6c9017affe3@group-BCF6B10BB564: closes. applyIndex: -1
2019-10-07 23:30:21,544 [Thread-1576] INFO  impl.FollowerState (FollowerState.java:run(117)) - e36e47e5-1e3f-4d48-932e-d6c9017affe3@group-BCF6B10BB564-FollowerState was interrupted: java.lang.InterruptedException: sleep interrupted
2019-10-07 23:30:21,545 [e36e47e5-1e3f-4d48-932e-d6c9017affe3@group-BCF6B10BB564-SegmentedRaftLogWorker] INFO  segmented.SegmentedRaftLogWorker (SegmentedRaftLogWorker.java:run(316)) - e36e47e5-1e3f-4d48-932e-d6c9017affe3@group-BCF6B10BB564-SegmentedRaftLogWorker was interrupted, exiting. There are 0 tasks remaining in the queue.
2019-10-07 23:30:21,545 [grpc-default-executor-4] INFO  segmented.SegmentedRaftLogWorker (SegmentedRaftLogWorker.java:close(224)) - e36e47e5-1e3f-4d48-932e-d6c9017affe3@group-BCF6B10BB564-SegmentedRaftLogWorker close()
2019-10-07 23:30:21,550 [main] INFO  ozone.MiniOzoneClusterImpl (MiniOzoneClusterImpl.java:lambda$waitForClusterToBeReady$2(164)) - Waiting for 8 number of pipelines out of 9, to report a leader.
2019-10-07 23:30:21,552 [Thread-1574] INFO  pipeline.PipelineStateManager (PipelineStateManager.java:removePipeline(108)) - Pipeline Pipeline[ Id: 5de4bae7-76ab-42c2-a81f-bcf6b10bb564, Nodes: e36e47e5-1e3f-4d48-932e-d6c9017affe3{ip: 192.168.151.75, host: pr-hdds-1868-k864b-3611000933, networkLocation: /default-rack, certSerialId: null}, Type:RATIS, Factor:ONE, State:CLOSED] removed from db
2019-10-07 23:30:21,552 [Thread-1574] INFO  pipeline.SCMPipelineManager (SCMPipelineManager.java:finalizeAndDestroyPipeline(315)) - destroying pipeline:Pipeline[ Id: d4131c2f-7abd-41d2-8b47-026eee7a304d, Nodes: e36e47e5-1e3f-4d48-932e-d6c9017affe3{ip: 192.168.151.75, host: pr-hdds-1868-k864b-3611000933, networkLocation: /default-rack, certSerialId: null}829bacd9-64a1-4193-8e1a-e4a73c9ba220{ip: 192.168.151.75, host: pr-hdds-1868-k864b-3611000933, networkLocation: /default-rack, certSerialId: null}f7b4c7ea-3575-41d6-9287-70bd6e3567dd{ip: 192.168.151.75, host: pr-hdds-1868-k864b-3611000933, networkLocation: /default-rack, certSerialId: null}, Type:RATIS, Factor:THREE, State:ALLOCATED]
2019-10-07 23:30:21,556 [grpc-default-executor-4] INFO  impl.RaftServerProxy (RaftServerProxy.java:addNew(89)) - e36e47e5-1e3f-4d48-932e-d6c9017affe3: addNew group-08E9E8DCC9C5:[e36e47e5-1e3f-4d48-932e-d6c9017affe3:192.168.151.75:33647] returns group-08E9E8DCC9C5:java.util.concurrent.CompletableFuture@3cf1241e[Not completed]
2019-10-07 23:30:21,557 [pool-207-thread-1] INFO  impl.RaftServerImpl (RaftServerImpl.java:<init>(95)) - e36e47e5-1e3f-4d48-932e-d6c9017affe3: new RaftServerImpl for group-08E9E8DCC9C5:[e36e47e5-1e3f-4d48-932e-d6c9017affe3:192.168.151.75:33647] with ContainerStateMachine:uninitialized
2019-10-07 23:30:21,557 [pool-207-thread-1] INFO  server.RaftServerConfigKeys (ConfUtils.java:logGet(43)) - raft.server.rpc.timeout.min = 5s (custom)
2019-10-07 23:30:21,557 [pool-207-thread-1] INFO  server.RaftServerConfigKeys (ConfUtils.java:logGet(43)) - raft.server.rpc.timeout.max = 5200ms (custom)
2019-10-07 23:30:21,557 [pool-207-thread-1] INFO  server.RaftServerConfigKeys (ConfUtils.java:logGet(43)) - raft.server.rpcslowness.timeout = 120s (custom)
2019-10-07 23:30:21,558 [pool-207-thread-1] INFO  server.RaftServerConfigKeys (ConfUtils.java:logGet(43)) - raft.server.sleep.deviation.threshold = 300 (default)
2019-10-07 23:30:21,558 [pool-207-thread-1] INFO  server.RaftServerConfigKeys (ConfUtils.java:logGet(43)) - raft.server.log.appender.install.snapshot.enabled = false (custom)
2019-10-07 23:30:21,558 [pool-207-thread-1] INFO  impl.RaftServerImpl (ServerState.java:<init>(103)) - e36e47e5-1e3f-4d48-932e-d6c9017affe3@group-08E9E8DCC9C5: ConfigurationManager, init=-1: [e36e47e5-1e3f-4d48-932e-d6c9017affe3:192.168.151.75:33647], old=null, confs=<EMPTY_MAP>
2019-10-07 23:30:21,558 [pool-207-thread-1] INFO  server.RaftServerConfigKeys (ConfUtils.java:logGet(43)) - raft.server.storage.dir = [/workdir/hadoop-ozone/integration-test/target/test-dir/MiniOzoneClusterImpl-5e9621be-c945-401e-a048-ea7290b0a7f2/datanode-0/data/ratis] (custom)
2019-10-07 23:30:21,558 [pool-207-thread-1] INFO  server.RaftServerConfigKeys (ConfUtils.java:logGet(43)) - raft.server.log.corruption.policy = EXCEPTION (default)
2019-10-07 23:30:21,558 [pool-207-thread-1] INFO  storage.RaftStorageDirectory (RaftStorageDirectory.java:analyzeStorage(246)) - The storage directory /workdir/hadoop-ozone/integration-test/target/test-dir/MiniOzoneClusterImpl-5e9621be-c945-401e-a048-ea7290b0a7f2/datanode-0/data/ratis/99c35d2b-4f54-4367-bf74-08e9e8dcc9c5 does not exist. Creating ...
2019-10-07 23:30:21,583 [pool-207-thread-1] INFO  storage.RaftStorageDirectory (RaftStorageDirectory.java:tryLock(328)) - Lock on /workdir/hadoop-ozone/integration-test/target/test-dir/MiniOzoneClusterImpl-5e9621be-c945-401e-a048-ea7290b0a7f2/datanode-0/data/ratis/99c35d2b-4f54-4367-bf74-08e9e8dcc9c5/in_use.lock acquired by nodename 21128@pr-hdds-1868-k864b-3611000933
2019-10-07 23:30:21,596 [pool-207-thread-1] INFO  storage.RaftStorage (RaftStorage.java:format(84)) - Storage directory /workdir/hadoop-ozone/integration-test/target/test-dir/MiniOzoneClusterImpl-5e9621be-c945-401e-a048-ea7290b0a7f2/datanode-0/data/ratis/99c35d2b-4f54-4367-bf74-08e9e8dcc9c5 has been successfully formatted.
2019-10-07 23:30:21,596 [pool-207-thread-1] INFO  ratis.ContainerStateMachine (ContainerStateMachine.java:loadSnapshot(233)) - group-08E9E8DCC9C5: The snapshot info is null. Setting the last applied indexto:(t:0, i:~)
2019-10-07 23:30:21,596 [pool-207-thread-1] INFO  server.RaftServerConfigKeys (ConfUtils.java:logGet(43)) - raft.server.notification.no-leader.timeout = 120s (custom)
2019-10-07 23:30:21,596 [pool-207-thread-1] INFO  server.RaftServerConfigKeys (ConfUtils.java:logGet(43)) - raft.server.log.use.memory = false (default)
2019-10-07 23:30:21,596 [pool-207-thread-1] INFO  server.RaftServerConfigKeys (ConfUtils.java:logGet(43)) - raft.server.log.purge.gap = 1000000 (custom)
2019-10-07 23:30:21,596 [pool-207-thread-1] INFO  server.RaftServerConfigKeys (ConfUtils.java:logGet(43)) - raft.server.log.appender.buffer.byte-limit = 33554432 (custom)
2019-10-07 23:30:21,597 [pool-207-thread-1] INFO  server.RaftServerConfigKeys (ConfUtils.java:logGet(43)) - raft.server.log.segment.size.max = 1048576 (custom)
2019-10-07 23:30:21,597 [pool-207-thread-1] INFO  server.RaftServerConfigKeys (ConfUtils.java:logGet(43)) - raft.server.log.segment.cache.num.max = 2 (custom)
2019-10-07 23:30:21,597 [pool-207-thread-1] INFO  segmented.SegmentedRaftLogWorker (SegmentedRaftLogWorker.java:<init>(173)) - new e36e47e5-1e3f-4d48-932e-d6c9017affe3@group-08E9E8DCC9C5-SegmentedRaftLogWorker for RaftStorage:Storage Directory /workdir/hadoop-ozone/integration-test/target/test-dir/MiniOzoneClusterImpl-5e9621be-c945-401e-a048-ea7290b0a7f2/datanode-0/data/ratis/99c35d2b-4f54-4367-bf74-08e9e8dcc9c5
2019-10-07 23:30:21,597 [pool-207-thread-1] INFO  server.RaftServerConfigKeys (ConfUtils.java:logGet(43)) - raft.server.log.queue.byte-limit = 2147483647 (custom)
2019-10-07 23:30:21,597 [pool-207-thread-1] INFO  server.RaftServerConfigKeys (ConfUtils.java:logGet(43)) - raft.server.log.queue.element-limit = 1024 (custom)
2019-10-07 23:30:21,597 [pool-207-thread-1] INFO  server.RaftServerConfigKeys (ConfUtils.java:logGet(43)) - raft.server.log.segment.size.max = 1048576 (custom)
2019-10-07 23:30:21,597 [pool-207-thread-1] INFO  server.RaftServerConfigKeys (ConfUtils.java:logGet(43)) - raft.server.log.preallocated.size = 16384 (custom)
2019-10-07 23:30:21,598 [pool-207-thread-1] INFO  server.RaftServerConfigKeys (ConfUtils.java:logGet(43)) - raft.server.log.write.buffer.size = 33554432 (custom)
2019-10-07 23:30:21,598 [pool-207-thread-1] INFO  server.RaftServerConfigKeys (ConfUtils.java:logGet(43)) - raft.server.log.force.sync.num = 128 (default)
2019-10-07 23:30:21,598 [pool-207-thread-1] INFO  server.RaftServerConfigKeys (ConfUtils.java:logGet(43)) - raft.server.log.statemachine.data.sync = true (default)
2019-10-07 23:30:21,598 [pool-207-thread-1] INFO  server.RaftServerConfigKeys (ConfUtils.java:logGet(43)) - raft.server.log.statemachine.data.sync.timeout = 10s (default)
2019-10-07 23:30:21,598 [pool-207-thread-1] INFO  server.RaftServerConfigKeys (ConfUtils.java:logGet(43)) - raft.server.log.statemachine.data.sync.timeout.retry = -1 (default)
2019-10-07 23:30:21,598 [pool-207-thread-1] INFO  server.RaftServerConfigKeys (ConfUtils.java:logGet(43)) - raft.server.log.statemachine.data.caching.enabled = true (custom)
2019-10-07 23:30:21,598 [pool-207-thread-1] INFO  segmented.SegmentedRaftLogWorker (SegmentedRaftLogWorker.java:lambda$new$0(128)) - e36e47e5-1e3f-4d48-932e-d6c9017affe3@group-08E9E8DCC9C5-SegmentedRaftLogWorker: flushIndex: setUnconditionally 0 -> -1
2019-10-07 23:30:21,599 [pool-207-thread-1] INFO  server.RaftServerConfigKeys (ConfUtils.java:logGet(43)) - raft.server.snapshot.auto.trigger.enabled = true (custom)
2019-10-07 23:30:21,599 [pool-207-thread-1] INFO  server.RaftServerConfigKeys (ConfUtils.java:logGet(43)) - raft.server.snapshot.auto.trigger.threshold = 10000 (custom)
2019-10-07 23:30:21,599 [pool-207-thread-1] INFO  server.RaftServerConfigKeys (ConfUtils.java:logGet(43)) - raft.server.snapshot.retention.file.num = 5 (custom)
2019-10-07 23:30:21,599 [pool-207-thread-1] INFO  server.RaftServerConfigKeys (ConfUtils.java:logGet(43)) - raft.server.retrycache.expirytime = 600000ms (custom)
2019-10-07 23:30:21,601 [pool-207-thread-1] INFO  impl.RaftServerImpl (RaftServerImpl.java:start(181)) - e36e47e5-1e3f-4d48-932e-d6c9017affe3@group-08E9E8DCC9C5: start as a follower, conf=-1: [e36e47e5-1e3f-4d48-932e-d6c9017affe3:192.168.151.75:33647], old=null
2019-10-07 23:30:21,601 [pool-207-thread-1] INFO  impl.RaftServerImpl (RaftServerImpl.java:setRole(170)) - e36e47e5-1e3f-4d48-932e-d6c9017affe3@group-08E9E8DCC9C5: changes role from      null to FOLLOWER at term 0 for startAsFollower
2019-10-07 23:30:21,602 [pool-207-thread-1] INFO  impl.RoleInfo (RoleInfo.java:updateAndGet(143)) - e36e47e5-1e3f-4d48-932e-d6c9017affe3: start FollowerState
2019-10-07 23:30:21,602 [pool-207-thread-1] INFO  util.JmxRegister (JmxRegister.java:tryRegister(44)) - Successfully registered JMX Bean with object name Ratis:service=RaftServer,group=group-08E9E8DCC9C5,id=e36e47e5-1e3f-4d48-932e-d6c9017affe3
2019-10-07 23:30:21,606 [RatisPipelineUtilsThread] INFO  pipeline.PipelineStateManager (PipelineStateManager.java:addPipeline(57)) - Created pipeline Pipeline[ Id: 99c35d2b-4f54-4367-bf74-08e9e8dcc9c5, Nodes: e36e47e5-1e3f-4d48-932e-d6c9017affe3{ip: 192.168.151.75, host: pr-hdds-1868-k864b-3611000933, networkLocation: /default-rack, certSerialId: null}, Type:RATIS, Factor:ONE, State:ALLOCATED]
2019-10-07 23:30:21,606 [Thread-1574] INFO  pipeline.PipelineStateManager (PipelineStateManager.java:finalizePipeline(123)) - Pipeline Pipeline[ Id: d4131c2f-7abd-41d2-8b47-026eee7a304d, Nodes: e36e47e5-1e3f-4d48-932e-d6c9017affe3{ip: 192.168.151.75, host: pr-hdds-1868-k864b-3611000933, networkLocation: /default-rack, certSerialId: null}829bacd9-64a1-4193-8e1a-e4a73c9ba220{ip: 192.168.151.75, host: pr-hdds-1868-k864b-3611000933, networkLocation: /default-rack, certSerialId: null}f7b4c7ea-3575-41d6-9287-70bd6e3567dd{ip: 192.168.151.75, host: pr-hdds-1868-k864b-3611000933, networkLocation: /default-rack, certSerialId: null}, Type:RATIS, Factor:THREE, State:CLOSED] moved to CLOSED state
2019-10-07 23:30:21,612 [grpc-default-executor-4] INFO  impl.RaftServerProxy (RaftServerProxy.java:remove(95)) - e36e47e5-1e3f-4d48-932e-d6c9017affe3: remove  FOLLOWER e36e47e5-1e3f-4d48-932e-d6c9017affe3@group-026EEE7A304D:t0, leader=null, voted=null, raftlog=e36e47e5-1e3f-4d48-932e-d6c9017affe3@group-026EEE7A304D-SegmentedRaftLog:OPENED:c-1,f-1,i0, conf=-1: [e36e47e5-1e3f-4d48-932e-d6c9017affe3:192.168.151.75:33647, f7b4c7ea-3575-41d6-9287-70bd6e3567dd:192.168.151.75:35260, 829bacd9-64a1-4193-8e1a-e4a73c9ba220:192.168.151.75:43193], old=null RUNNING
2019-10-07 23:30:21,612 [grpc-default-executor-4] INFO  impl.RaftServerImpl (RaftServerImpl.java:lambda$shutdown$3(247)) - e36e47e5-1e3f-4d48-932e-d6c9017affe3@group-026EEE7A304D: shutdown
2019-10-07 23:30:21,612 [grpc-default-executor-4] INFO  util.JmxRegister (JmxRegister.java:unregister(73)) - Successfully un-registered JMX Bean with object name Ratis:service=RaftServer,group=group-026EEE7A304D,id=e36e47e5-1e3f-4d48-932e-d6c9017affe3
2019-10-07 23:30:21,613 [grpc-default-executor-4] INFO  impl.RoleInfo (RoleInfo.java:shutdownFollowerState(121)) - e36e47e5-1e3f-4d48-932e-d6c9017affe3: shutdown FollowerState
2019-10-07 23:30:21,613 [grpc-default-executor-4] INFO  impl.StateMachineUpdater (StateMachineUpdater.java:stopAndJoin(136)) - e36e47e5-1e3f-4d48-932e-d6c9017affe3@group-026EEE7A304D-StateMachineUpdater: set stopIndex = -1
2019-10-07 23:30:21,613 [Thread-1588] INFO  impl.FollowerState (FollowerState.java:run(117)) - e36e47e5-1e3f-4d48-932e-d6c9017affe3@group-026EEE7A304D-FollowerState was interrupted: java.lang.InterruptedException: sleep interrupted
2019-10-07 23:30:21,613 [grpc-default-executor-4] INFO  impl.RaftServerImpl (ServerState.java:close(387)) - e36e47e5-1e3f-4d48-932e-d6c9017affe3@group-026EEE7A304D: closes. applyIndex: -1
2019-10-07 23:30:21,614 [e36e47e5-1e3f-4d48-932e-d6c9017affe3@group-026EEE7A304D-SegmentedRaftLogWorker] INFO  segmented.SegmentedRaftLogWorker (SegmentedRaftLogWorker.java:run(316)) - e36e47e5-1e3f-4d48-932e-d6c9017affe3@group-026EEE7A304D-SegmentedRaftLogWorker was interrupted, exiting. There are 0 tasks remaining in the queue.
2019-10-07 23:30:21,614 [grpc-default-executor-4] INFO  segmented.SegmentedRaftLogWorker (SegmentedRaftLogWorker.java:close(224)) - e36e47e5-1e3f-4d48-932e-d6c9017affe3@group-026EEE7A304D-SegmentedRaftLogWorker close()
2019-10-07 23:30:21,624 [grpc-default-executor-4] INFO  impl.RaftServerProxy (RaftServerProxy.java:remove(95)) - 829bacd9-64a1-4193-8e1a-e4a73c9ba220: remove  FOLLOWER 829bacd9-64a1-4193-8e1a-e4a73c9ba220@group-026EEE7A304D:t0, leader=null, voted=null, raftlog=829bacd9-64a1-4193-8e1a-e4a73c9ba220@group-026EEE7A304D-SegmentedRaftLog:OPENED:c-1,f-1,i0, conf=-1: [e36e47e5-1e3f-4d48-932e-d6c9017affe3:192.168.151.75:33647, f7b4c7ea-3575-41d6-9287-70bd6e3567dd:192.168.151.75:35260, 829bacd9-64a1-4193-8e1a-e4a73c9ba220:192.168.151.75:43193], old=null RUNNING
2019-10-07 23:30:21,624 [grpc-default-executor-4] INFO  impl.RaftServerImpl (RaftServerImpl.java:lambda$shutdown$3(247)) - 829bacd9-64a1-4193-8e1a-e4a73c9ba220@group-026EEE7A304D: shutdown
2019-10-07 23:30:21,625 [grpc-default-executor-4] INFO  util.JmxRegister (JmxRegister.java:unregister(73)) - Successfully un-registered JMX Bean with object name Ratis:service=RaftServer,group=group-026EEE7A304D,id=829bacd9-64a1-4193-8e1a-e4a73c9ba220
2019-10-07 23:30:21,625 [grpc-default-executor-4] INFO  impl.RoleInfo (RoleInfo.java:shutdownFollowerState(121)) - 829bacd9-64a1-4193-8e1a-e4a73c9ba220: shutdown FollowerState
2019-10-07 23:30:21,625 [grpc-default-executor-4] INFO  impl.StateMachineUpdater (StateMachineUpdater.java:stopAndJoin(136)) - 829bacd9-64a1-4193-8e1a-e4a73c9ba220@group-026EEE7A304D-StateMachineUpdater: set stopIndex = -1
2019-10-07 23:30:21,625 [Thread-1587] INFO  impl.FollowerState (FollowerState.java:run(117)) - 829bacd9-64a1-4193-8e1a-e4a73c9ba220@group-026EEE7A304D-FollowerState was interrupted: java.lang.InterruptedException: sleep interrupted
2019-10-07 23:30:21,625 [grpc-default-executor-4] INFO  impl.RaftServerImpl (ServerState.java:close(387)) - 829bacd9-64a1-4193-8e1a-e4a73c9ba220@group-026EEE7A304D: closes. applyIndex: -1
2019-10-07 23:30:21,626 [829bacd9-64a1-4193-8e1a-e4a73c9ba220@group-026EEE7A304D-SegmentedRaftLogWorker] INFO  segmented.SegmentedRaftLogWorker (SegmentedRaftLogWorker.java:run(316)) - 829bacd9-64a1-4193-8e1a-e4a73c9ba220@group-026EEE7A304D-SegmentedRaftLogWorker was interrupted, exiting. There are 0 tasks remaining in the queue.
2019-10-07 23:30:21,626 [grpc-default-executor-4] INFO  segmented.SegmentedRaftLogWorker (SegmentedRaftLogWorker.java:close(224)) - 829bacd9-64a1-4193-8e1a-e4a73c9ba220@group-026EEE7A304D-SegmentedRaftLogWorker close()
2019-10-07 23:30:21,636 [grpc-default-executor-4] INFO  impl.RaftServerProxy (RaftServerProxy.java:remove(95)) - f7b4c7ea-3575-41d6-9287-70bd6e3567dd: remove  FOLLOWER f7b4c7ea-3575-41d6-9287-70bd6e3567dd@group-026EEE7A304D:t0, leader=null, voted=null, raftlog=f7b4c7ea-3575-41d6-9287-70bd6e3567dd@group-026EEE7A304D-SegmentedRaftLog:OPENED:c-1,f-1,i0, conf=-1: [e36e47e5-1e3f-4d48-932e-d6c9017affe3:192.168.151.75:33647, f7b4c7ea-3575-41d6-9287-70bd6e3567dd:192.168.151.75:35260, 829bacd9-64a1-4193-8e1a-e4a73c9ba220:192.168.151.75:43193], old=null RUNNING
2019-10-07 23:30:21,636 [grpc-default-executor-4] INFO  impl.RaftServerImpl (RaftServerImpl.java:lambda$shutdown$3(247)) - f7b4c7ea-3575-41d6-9287-70bd6e3567dd@group-026EEE7A304D: shutdown
2019-10-07 23:30:21,636 [grpc-default-executor-4] INFO  util.JmxRegister (JmxRegister.java:unregister(73)) - Successfully un-registered JMX Bean with object name Ratis:service=RaftServer,group=group-026EEE7A304D,id=f7b4c7ea-3575-41d6-9287-70bd6e3567dd
2019-10-07 23:30:21,637 [grpc-default-executor-4] INFO  impl.RoleInfo (RoleInfo.java:shutdownFollowerState(121)) - f7b4c7ea-3575-41d6-9287-70bd6e3567dd: shutdown FollowerState
2019-10-07 23:30:21,637 [grpc-default-executor-4] INFO  impl.StateMachineUpdater (StateMachineUpdater.java:stopAndJoin(136)) - f7b4c7ea-3575-41d6-9287-70bd6e3567dd@group-026EEE7A304D-StateMachineUpdater: set stopIndex = -1
2019-10-07 23:30:21,637 [Thread-1589] INFO  impl.FollowerState (FollowerState.java:run(117)) - f7b4c7ea-3575-41d6-9287-70bd6e3567dd@group-026EEE7A304D-FollowerState was interrupted: java.lang.InterruptedException: sleep interrupted
2019-10-07 23:30:21,637 [grpc-default-executor-4] INFO  impl.RaftServerImpl (ServerState.java:close(387)) - f7b4c7ea-3575-41d6-9287-70bd6e3567dd@group-026EEE7A304D: closes. applyIndex: -1
2019-10-07 23:30:21,637 [f7b4c7ea-3575-41d6-9287-70bd6e3567dd@group-026EEE7A304D-SegmentedRaftLogWorker] INFO  segmented.SegmentedRaftLogWorker (SegmentedRaftLogWorker.java:run(316)) - f7b4c7ea-3575-41d6-9287-70bd6e3567dd@group-026EEE7A304D-SegmentedRaftLogWorker was interrupted, exiting. There are 0 tasks remaining in the queue.
2019-10-07 23:30:21,638 [grpc-default-executor-4] INFO  segmented.SegmentedRaftLogWorker (SegmentedRaftLogWorker.java:close(224)) - f7b4c7ea-3575-41d6-9287-70bd6e3567dd@group-026EEE7A304D-SegmentedRaftLogWorker close()
2019-10-07 23:30:21,643 [Thread-1574] INFO  pipeline.PipelineStateManager (PipelineStateManager.java:removePipeline(108)) - Pipeline Pipeline[ Id: d4131c2f-7abd-41d2-8b47-026eee7a304d, Nodes: e36e47e5-1e3f-4d48-932e-d6c9017affe3{ip: 192.168.151.75, host: pr-hdds-1868-k864b-3611000933, networkLocation: /default-rack, certSerialId: null}829bacd9-64a1-4193-8e1a-e4a73c9ba220{ip: 192.168.151.75, host: pr-hdds-1868-k864b-3611000933, networkLocation: /default-rack, certSerialId: null}f7b4c7ea-3575-41d6-9287-70bd6e3567dd{ip: 192.168.151.75, host: pr-hdds-1868-k864b-3611000933, networkLocation: /default-rack, certSerialId: null}, Type:RATIS, Factor:THREE, State:CLOSED] removed from db
2019-10-07 23:30:21,651 [grpc-default-executor-2] INFO  impl.RaftServerProxy (RaftServerProxy.java:addNew(89)) - 829bacd9-64a1-4193-8e1a-e4a73c9ba220: addNew group-05870FD362E5:[514f190c-733c-43a5-9051-89b078470f15:192.168.151.75:40950, e36e47e5-1e3f-4d48-932e-d6c9017affe3:192.168.151.75:33647, 829bacd9-64a1-4193-8e1a-e4a73c9ba220:192.168.151.75:43193] returns group-05870FD362E5:java.util.concurrent.CompletableFuture@4b6e8eb[Not completed]
2019-10-07 23:30:21,651 [grpc-default-executor-4] INFO  impl.RaftServerProxy (RaftServerProxy.java:addNew(89)) - e36e47e5-1e3f-4d48-932e-d6c9017affe3: addNew group-05870FD362E5:[514f190c-733c-43a5-9051-89b078470f15:192.168.151.75:40950, e36e47e5-1e3f-4d48-932e-d6c9017affe3:192.168.151.75:33647, 829bacd9-64a1-4193-8e1a-e4a73c9ba220:192.168.151.75:43193] returns group-05870FD362E5:java.util.concurrent.CompletableFuture@32fd891f[Not completed]
2019-10-07 23:30:21,651 [grpc-default-executor-2] INFO  impl.RaftServerProxy (RaftServerProxy.java:addNew(89)) - 514f190c-733c-43a5-9051-89b078470f15: addNew group-05870FD362E5:[514f190c-733c-43a5-9051-89b078470f15:192.168.151.75:40950, e36e47e5-1e3f-4d48-932e-d6c9017affe3:192.168.151.75:33647, 829bacd9-64a1-4193-8e1a-e4a73c9ba220:192.168.151.75:43193] returns group-05870FD362E5:java.util.concurrent.CompletableFuture@27f3665e[Not completed]
2019-10-07 23:30:21,652 [pool-227-thread-1] INFO  impl.RaftServerImpl (RaftServerImpl.java:<init>(95)) - 829bacd9-64a1-4193-8e1a-e4a73c9ba220: new RaftServerImpl for group-05870FD362E5:[514f190c-733c-43a5-9051-89b078470f15:192.168.151.75:40950, e36e47e5-1e3f-4d48-932e-d6c9017affe3:192.168.151.75:33647, 829bacd9-64a1-4193-8e1a-e4a73c9ba220:192.168.151.75:43193] with ContainerStateMachine:uninitialized
2019-10-07 23:30:21,652 [pool-227-thread-1] INFO  server.RaftServerConfigKeys (ConfUtils.java:logGet(43)) - raft.server.rpc.timeout.min = 5s (custom)
2019-10-07 23:30:21,652 [pool-227-thread-1] INFO  server.RaftServerConfigKeys (ConfUtils.java:logGet(43)) - raft.server.rpc.timeout.max = 5200ms (custom)
2019-10-07 23:30:21,652 [pool-227-thread-1] INFO  server.RaftServerConfigKeys (ConfUtils.java:logGet(43)) - raft.server.rpcslowness.timeout = 120s (custom)
2019-10-07 23:30:21,652 [pool-227-thread-1] INFO  server.RaftServerConfigKeys (ConfUtils.java:logGet(43)) - raft.server.sleep.deviation.threshold = 300 (default)
2019-10-07 23:30:21,652 [pool-227-thread-1] INFO  server.RaftServerConfigKeys (ConfUtils.java:logGet(43)) - raft.server.log.appender.install.snapshot.enabled = false (custom)
2019-10-07 23:30:21,653 [pool-267-thread-1] INFO  impl.RaftServerImpl (RaftServerImpl.java:<init>(95)) - 514f190c-733c-43a5-9051-89b078470f15: new RaftServerImpl for group-05870FD362E5:[514f190c-733c-43a5-9051-89b078470f15:192.168.151.75:40950, e36e47e5-1e3f-4d48-932e-d6c9017affe3:192.168.151.75:33647, 829bacd9-64a1-4193-8e1a-e4a73c9ba220:192.168.151.75:43193] with ContainerStateMachine:uninitialized
2019-10-07 23:30:21,653 [pool-227-thread-1] INFO  impl.RaftServerImpl (ServerState.java:<init>(103)) - 829bacd9-64a1-4193-8e1a-e4a73c9ba220@group-05870FD362E5: ConfigurationManager, init=-1: [514f190c-733c-43a5-9051-89b078470f15:192.168.151.75:40950, e36e47e5-1e3f-4d48-932e-d6c9017affe3:192.168.151.75:33647, 829bacd9-64a1-4193-8e1a-e4a73c9ba220:192.168.151.75:43193], old=null, confs=<EMPTY_MAP>
2019-10-07 23:30:21,653 [pool-267-thread-1] INFO  server.RaftServerConfigKeys (ConfUtils.java:logGet(43)) - raft.server.rpc.timeout.min = 5s (custom)
2019-10-07 23:30:21,653 [pool-227-thread-1] INFO  server.RaftServerConfigKeys (ConfUtils.java:logGet(43)) - raft.server.storage.dir = [/workdir/hadoop-ozone/integration-test/target/test-dir/MiniOzoneClusterImpl-5e9621be-c945-401e-a048-ea7290b0a7f2/datanode-2/data/ratis] (custom)
2019-10-07 23:30:21,653 [pool-267-thread-1] INFO  server.RaftServerConfigKeys (ConfUtils.java:logGet(43)) - raft.server.rpc.timeout.max = 5200ms (custom)
2019-10-07 23:30:21,653 [pool-227-thread-1] INFO  server.RaftServerConfigKeys (ConfUtils.java:logGet(43)) - raft.server.log.corruption.policy = EXCEPTION (default)
2019-10-07 23:30:21,653 [pool-267-thread-1] INFO  server.RaftServerConfigKeys (ConfUtils.java:logGet(43)) - raft.server.rpcslowness.timeout = 120s (custom)
2019-10-07 23:30:21,654 [pool-227-thread-1] INFO  storage.RaftStorageDirectory (RaftStorageDirectory.java:analyzeStorage(246)) - The storage directory /workdir/hadoop-ozone/integration-test/target/test-dir/MiniOzoneClusterImpl-5e9621be-c945-401e-a048-ea7290b0a7f2/datanode-2/data/ratis/d07e5777-cc28-4ec5-aac6-05870fd362e5 does not exist. Creating ...
2019-10-07 23:30:21,654 [pool-267-thread-1] INFO  server.RaftServerConfigKeys (ConfUtils.java:logGet(43)) - raft.server.sleep.deviation.threshold = 300 (default)
2019-10-07 23:30:21,654 [pool-267-thread-1] INFO  server.RaftServerConfigKeys (ConfUtils.java:logGet(43)) - raft.server.log.appender.install.snapshot.enabled = false (custom)
2019-10-07 23:30:21,654 [pool-207-thread-1] INFO  impl.RaftServerImpl (RaftServerImpl.java:<init>(95)) - e36e47e5-1e3f-4d48-932e-d6c9017affe3: new RaftServerImpl for group-05870FD362E5:[514f190c-733c-43a5-9051-89b078470f15:192.168.151.75:40950, e36e47e5-1e3f-4d48-932e-d6c9017affe3:192.168.151.75:33647, 829bacd9-64a1-4193-8e1a-e4a73c9ba220:192.168.151.75:43193] with ContainerStateMachine:uninitialized
2019-10-07 23:30:21,654 [pool-267-thread-1] INFO  impl.RaftServerImpl (ServerState.java:<init>(103)) - 514f190c-733c-43a5-9051-89b078470f15@group-05870FD362E5: ConfigurationManager, init=-1: [514f190c-733c-43a5-9051-89b078470f15:192.168.151.75:40950, e36e47e5-1e3f-4d48-932e-d6c9017affe3:192.168.151.75:33647, 829bacd9-64a1-4193-8e1a-e4a73c9ba220:192.168.151.75:43193], old=null, confs=<EMPTY_MAP>
2019-10-07 23:30:21,654 [pool-207-thread-1] INFO  server.RaftServerConfigKeys (ConfUtils.java:logGet(43)) - raft.server.rpc.timeout.min = 5s (custom)
2019-10-07 23:30:21,654 [pool-267-thread-1] INFO  server.RaftServerConfigKeys (ConfUtils.java:logGet(43)) - raft.server.storage.dir = [/workdir/hadoop-ozone/integration-test/target/test-dir/MiniOzoneClusterImpl-5e9621be-c945-401e-a048-ea7290b0a7f2/datanode-6/data/ratis] (custom)
2019-10-07 23:30:21,655 [pool-207-thread-1] INFO  server.RaftServerConfigKeys (ConfUtils.java:logGet(43)) - raft.server.rpc.timeout.max = 5200ms (custom)
2019-10-07 23:30:21,655 [pool-267-thread-1] INFO  server.RaftServerConfigKeys (ConfUtils.java:logGet(43)) - raft.server.log.corruption.policy = EXCEPTION (default)
2019-10-07 23:30:21,655 [pool-207-thread-1] INFO  server.RaftServerConfigKeys (ConfUtils.java:logGet(43)) - raft.server.rpcslowness.timeout = 120s (custom)
2019-10-07 23:30:21,655 [pool-267-thread-1] INFO  storage.RaftStorageDirectory (RaftStorageDirectory.java:analyzeStorage(246)) - The storage directory /workdir/hadoop-ozone/integration-test/target/test-dir/MiniOzoneClusterImpl-5e9621be-c945-401e-a048-ea7290b0a7f2/datanode-6/data/ratis/d07e5777-cc28-4ec5-aac6-05870fd362e5 does not exist. Creating ...
2019-10-07 23:30:21,655 [pool-207-thread-1] INFO  server.RaftServerConfigKeys (ConfUtils.java:logGet(43)) - raft.server.sleep.deviation.threshold = 300 (default)
2019-10-07 23:30:21,655 [pool-207-thread-1] INFO  server.RaftServerConfigKeys (ConfUtils.java:logGet(43)) - raft.server.log.appender.install.snapshot.enabled = false (custom)
2019-10-07 23:30:21,656 [pool-207-thread-1] INFO  impl.RaftServerImpl (ServerState.java:<init>(103)) - e36e47e5-1e3f-4d48-932e-d6c9017affe3@group-05870FD362E5: ConfigurationManager, init=-1: [514f190c-733c-43a5-9051-89b078470f15:192.168.151.75:40950, e36e47e5-1e3f-4d48-932e-d6c9017affe3:192.168.151.75:33647, 829bacd9-64a1-4193-8e1a-e4a73c9ba220:192.168.151.75:43193], old=null, confs=<EMPTY_MAP>
2019-10-07 23:30:21,656 [pool-207-thread-1] INFO  server.RaftServerConfigKeys (ConfUtils.java:logGet(43)) - raft.server.storage.dir = [/workdir/hadoop-ozone/integration-test/target/test-dir/MiniOzoneClusterImpl-5e9621be-c945-401e-a048-ea7290b0a7f2/datanode-0/data/ratis] (custom)
2019-10-07 23:30:21,656 [pool-207-thread-1] INFO  server.RaftServerConfigKeys (ConfUtils.java:logGet(43)) - raft.server.log.corruption.policy = EXCEPTION (default)
2019-10-07 23:30:21,656 [pool-207-thread-1] INFO  storage.RaftStorageDirectory (RaftStorageDirectory.java:analyzeStorage(246)) - The storage directory /workdir/hadoop-ozone/integration-test/target/test-dir/MiniOzoneClusterImpl-5e9621be-c945-401e-a048-ea7290b0a7f2/datanode-0/data/ratis/d07e5777-cc28-4ec5-aac6-05870fd362e5 does not exist. Creating ...
2019-10-07 23:30:21,680 [pool-227-thread-1] INFO  storage.RaftStorageDirectory (RaftStorageDirectory.java:tryLock(328)) - Lock on /workdir/hadoop-ozone/integration-test/target/test-dir/MiniOzoneClusterImpl-5e9621be-c945-401e-a048-ea7290b0a7f2/datanode-2/data/ratis/d07e5777-cc28-4ec5-aac6-05870fd362e5/in_use.lock acquired by nodename 21128@pr-hdds-1868-k864b-3611000933
2019-10-07 23:30:21,680 [pool-207-thread-1] INFO  storage.RaftStorageDirectory (RaftStorageDirectory.java:tryLock(328)) - Lock on /workdir/hadoop-ozone/integration-test/target/test-dir/MiniOzoneClusterImpl-5e9621be-c945-401e-a048-ea7290b0a7f2/datanode-0/data/ratis/d07e5777-cc28-4ec5-aac6-05870fd362e5/in_use.lock acquired by nodename 21128@pr-hdds-1868-k864b-3611000933
2019-10-07 23:30:21,680 [pool-267-thread-1] INFO  storage.RaftStorageDirectory (RaftStorageDirectory.java:tryLock(328)) - Lock on /workdir/hadoop-ozone/integration-test/target/test-dir/MiniOzoneClusterImpl-5e9621be-c945-401e-a048-ea7290b0a7f2/datanode-6/data/ratis/d07e5777-cc28-4ec5-aac6-05870fd362e5/in_use.lock acquired by nodename 21128@pr-hdds-1868-k864b-3611000933
2019-10-07 23:30:21,706 [pool-227-thread-1] INFO  storage.RaftStorage (RaftStorage.java:format(84)) - Storage directory /workdir/hadoop-ozone/integration-test/target/test-dir/MiniOzoneClusterImpl-5e9621be-c945-401e-a048-ea7290b0a7f2/datanode-2/data/ratis/d07e5777-cc28-4ec5-aac6-05870fd362e5 has been successfully formatted.
2019-10-07 23:30:21,706 [pool-207-thread-1] INFO  storage.RaftStorage (RaftStorage.java:format(84)) - Storage directory /workdir/hadoop-ozone/integration-test/target/test-dir/MiniOzoneClusterImpl-5e9621be-c945-401e-a048-ea7290b0a7f2/datanode-0/data/ratis/d07e5777-cc28-4ec5-aac6-05870fd362e5 has been successfully formatted.
2019-10-07 23:30:21,706 [pool-267-thread-1] INFO  storage.RaftStorage (RaftStorage.java:format(84)) - Storage directory /workdir/hadoop-ozone/integration-test/target/test-dir/MiniOzoneClusterImpl-5e9621be-c945-401e-a048-ea7290b0a7f2/datanode-6/data/ratis/d07e5777-cc28-4ec5-aac6-05870fd362e5 has been successfully formatted.
2019-10-07 23:30:21,706 [pool-207-thread-1] INFO  ratis.ContainerStateMachine (ContainerStateMachine.java:loadSnapshot(233)) - group-05870FD362E5: The snapshot info is null. Setting the last applied indexto:(t:0, i:~)
2019-10-07 23:30:21,706 [pool-227-thread-1] INFO  ratis.ContainerStateMachine (ContainerStateMachine.java:loadSnapshot(233)) - group-05870FD362E5: The snapshot info is null. Setting the last applied indexto:(t:0, i:~)
2019-10-07 23:30:21,707 [pool-207-thread-1] INFO  server.RaftServerConfigKeys (ConfUtils.java:logGet(43)) - raft.server.notification.no-leader.timeout = 120s (custom)
2019-10-07 23:30:21,707 [pool-267-thread-1] INFO  ratis.ContainerStateMachine (ContainerStateMachine.java:loadSnapshot(233)) - group-05870FD362E5: The snapshot info is null. Setting the last applied indexto:(t:0, i:~)
2019-10-07 23:30:21,707 [pool-207-thread-1] INFO  server.RaftServerConfigKeys (ConfUtils.java:logGet(43)) - raft.server.log.use.memory = false (default)
2019-10-07 23:30:21,707 [pool-227-thread-1] INFO  server.RaftServerConfigKeys (ConfUtils.java:logGet(43)) - raft.server.notification.no-leader.timeout = 120s (custom)
2019-10-07 23:30:21,707 [pool-207-thread-1] INFO  server.RaftServerConfigKeys (ConfUtils.java:logGet(43)) - raft.server.log.purge.gap = 1000000 (custom)
2019-10-07 23:30:21,707 [pool-267-thread-1] INFO  server.RaftServerConfigKeys (ConfUtils.java:logGet(43)) - raft.server.notification.no-leader.timeout = 120s (custom)
2019-10-07 23:30:21,708 [pool-207-thread-1] INFO  server.RaftServerConfigKeys (ConfUtils.java:logGet(43)) - raft.server.log.appender.buffer.byte-limit = 33554432 (custom)
2019-10-07 23:30:21,708 [pool-227-thread-1] INFO  server.RaftServerConfigKeys (ConfUtils.java:logGet(43)) - raft.server.log.use.memory = false (default)
2019-10-07 23:30:21,708 [pool-207-thread-1] INFO  server.RaftServerConfigKeys (ConfUtils.java:logGet(43)) - raft.server.log.segment.size.max = 1048576 (custom)
2019-10-07 23:30:21,708 [pool-267-thread-1] INFO  server.RaftServerConfigKeys (ConfUtils.java:logGet(43)) - raft.server.log.use.memory = false (default)
2019-10-07 23:30:21,708 [pool-207-thread-1] INFO  server.RaftServerConfigKeys (ConfUtils.java:logGet(43)) - raft.server.log.segment.cache.num.max = 2 (custom)
2019-10-07 23:30:21,708 [pool-227-thread-1] INFO  server.RaftServerConfigKeys (ConfUtils.java:logGet(43)) - raft.server.log.purge.gap = 1000000 (custom)
2019-10-07 23:30:21,709 [pool-207-thread-1] INFO  segmented.SegmentedRaftLogWorker (SegmentedRaftLogWorker.java:<init>(173)) - new e36e47e5-1e3f-4d48-932e-d6c9017affe3@group-05870FD362E5-SegmentedRaftLogWorker for RaftStorage:Storage Directory /workdir/hadoop-ozone/integration-test/target/test-dir/MiniOzoneClusterImpl-5e9621be-c945-401e-a048-ea7290b0a7f2/datanode-0/data/ratis/d07e5777-cc28-4ec5-aac6-05870fd362e5
2019-10-07 23:30:21,709 [pool-207-thread-1] INFO  server.RaftServerConfigKeys (ConfUtils.java:logGet(43)) - raft.server.log.queue.byte-limit = 2147483647 (custom)
2019-10-07 23:30:21,709 [pool-267-thread-1] INFO  server.RaftServerConfigKeys (ConfUtils.java:logGet(43)) - raft.server.log.purge.gap = 1000000 (custom)
2019-10-07 23:30:21,709 [pool-207-thread-1] INFO  server.RaftServerConfigKeys (ConfUtils.java:logGet(43)) - raft.server.log.queue.element-limit = 1024 (custom)
2019-10-07 23:30:21,709 [pool-227-thread-1] INFO  server.RaftServerConfigKeys (ConfUtils.java:logGet(43)) - raft.server.log.appender.buffer.byte-limit = 33554432 (custom)
2019-10-07 23:30:21,710 [pool-207-thread-1] INFO  server.RaftServerConfigKeys (ConfUtils.java:logGet(43)) - raft.server.log.segment.size.max = 1048576 (custom)
2019-10-07 23:30:21,709 [pool-267-thread-1] INFO  server.RaftServerConfigKeys (ConfUtils.java:logGet(43)) - raft.server.log.appender.buffer.byte-limit = 33554432 (custom)
2019-10-07 23:30:21,710 [pool-207-thread-1] INFO  server.RaftServerConfigKeys (ConfUtils.java:logGet(43)) - raft.server.log.preallocated.size = 16384 (custom)
2019-10-07 23:30:21,710 [pool-227-thread-1] INFO  server.RaftServerConfigKeys (ConfUtils.java:logGet(43)) - raft.server.log.segment.size.max = 1048576 (custom)
2019-10-07 23:30:21,710 [pool-207-thread-1] INFO  server.RaftServerConfigKeys (ConfUtils.java:logGet(43)) - raft.server.log.write.buffer.size = 33554432 (custom)
2019-10-07 23:30:21,710 [pool-267-thread-1] INFO  server.RaftServerConfigKeys (ConfUtils.java:logGet(43)) - raft.server.log.segment.size.max = 1048576 (custom)
2019-10-07 23:30:21,711 [pool-207-thread-1] INFO  server.RaftServerConfigKeys (ConfUtils.java:logGet(43)) - raft.server.log.force.sync.num = 128 (default)
2019-10-07 23:30:21,711 [pool-227-thread-1] INFO  server.RaftServerConfigKeys (ConfUtils.java:logGet(43)) - raft.server.log.segment.cache.num.max = 2 (custom)
2019-10-07 23:30:21,711 [pool-207-thread-1] INFO  server.RaftServerConfigKeys (ConfUtils.java:logGet(43)) - raft.server.log.statemachine.data.sync = true (default)
2019-10-07 23:30:21,711 [pool-267-thread-1] INFO  server.RaftServerConfigKeys (ConfUtils.java:logGet(43)) - raft.server.log.segment.cache.num.max = 2 (custom)
2019-10-07 23:30:21,711 [pool-207-thread-1] INFO  server.RaftServerConfigKeys (ConfUtils.java:logGet(43)) - raft.server.log.statemachine.data.sync.timeout = 10s (default)
2019-10-07 23:30:21,711 [pool-227-thread-1] INFO  segmented.SegmentedRaftLogWorker (SegmentedRaftLogWorker.java:<init>(173)) - new 829bacd9-64a1-4193-8e1a-e4a73c9ba220@group-05870FD362E5-SegmentedRaftLogWorker for RaftStorage:Storage Directory /workdir/hadoop-ozone/integration-test/target/test-dir/MiniOzoneClusterImpl-5e9621be-c945-401e-a048-ea7290b0a7f2/datanode-2/data/ratis/d07e5777-cc28-4ec5-aac6-05870fd362e5
2019-10-07 23:30:21,712 [pool-207-thread-1] INFO  server.RaftServerConfigKeys (ConfUtils.java:logGet(43)) - raft.server.log.statemachine.data.sync.timeout.retry = -1 (default)
2019-10-07 23:30:21,712 [pool-267-thread-1] INFO  segmented.SegmentedRaftLogWorker (SegmentedRaftLogWorker.java:<init>(173)) - new 514f190c-733c-43a5-9051-89b078470f15@group-05870FD362E5-SegmentedRaftLogWorker for RaftStorage:Storage Directory /workdir/hadoop-ozone/integration-test/target/test-dir/MiniOzoneClusterImpl-5e9621be-c945-401e-a048-ea7290b0a7f2/datanode-6/data/ratis/d07e5777-cc28-4ec5-aac6-05870fd362e5
2019-10-07 23:30:21,712 [pool-207-thread-1] INFO  server.RaftServerConfigKeys (ConfUtils.java:logGet(43)) - raft.server.log.statemachine.data.caching.enabled = true (custom)
2019-10-07 23:30:21,712 [pool-227-thread-1] INFO  server.RaftServerConfigKeys (ConfUtils.java:logGet(43)) - raft.server.log.queue.byte-limit = 2147483647 (custom)
2019-10-07 23:30:21,712 [pool-267-thread-1] INFO  server.RaftServerConfigKeys (ConfUtils.java:logGet(43)) - raft.server.log.queue.byte-limit = 2147483647 (custom)
2019-10-07 23:30:21,713 [pool-207-thread-1] INFO  segmented.SegmentedRaftLogWorker (SegmentedRaftLogWorker.java:lambda$new$0(128)) - e36e47e5-1e3f-4d48-932e-d6c9017affe3@group-05870FD362E5-SegmentedRaftLogWorker: flushIndex: setUnconditionally 0 -> -1
2019-10-07 23:30:21,713 [pool-227-thread-1] INFO  server.RaftServerConfigKeys (ConfUtils.java:logGet(43)) - raft.server.log.queue.element-limit = 1024 (custom)
2019-10-07 23:30:21,713 [pool-267-thread-1] INFO  server.RaftServerConfigKeys (ConfUtils.java:logGet(43)) - raft.server.log.queue.element-limit = 1024 (custom)
2019-10-07 23:30:21,713 [pool-207-thread-1] INFO  server.RaftServerConfigKeys (ConfUtils.java:logGet(43)) - raft.server.snapshot.auto.trigger.enabled = true (custom)
2019-10-07 23:30:21,713 [pool-227-thread-1] INFO  server.RaftServerConfigKeys (ConfUtils.java:logGet(43)) - raft.server.log.segment.size.max = 1048576 (custom)
2019-10-07 23:30:21,713 [pool-207-thread-1] INFO  server.RaftServerConfigKeys (ConfUtils.java:logGet(43)) - raft.server.snapshot.auto.trigger.threshold = 10000 (custom)
2019-10-07 23:30:21,713 [pool-267-thread-1] INFO  server.RaftServerConfigKeys (ConfUtils.java:logGet(43)) - raft.server.log.segment.size.max = 1048576 (custom)
2019-10-07 23:30:21,714 [pool-207-thread-1] INFO  server.RaftServerConfigKeys (ConfUtils.java:logGet(43)) - raft.server.snapshot.retention.file.num = 5 (custom)
2019-10-07 23:30:21,714 [pool-227-thread-1] INFO  server.RaftServerConfigKeys (ConfUtils.java:logGet(43)) - raft.server.log.preallocated.size = 16384 (custom)
2019-10-07 23:30:21,714 [pool-207-thread-1] INFO  server.RaftServerConfigKeys (ConfUtils.java:logGet(43)) - raft.server.retrycache.expirytime = 600000ms (custom)
2019-10-07 23:30:21,714 [pool-267-thread-1] INFO  server.RaftServerConfigKeys (ConfUtils.java:logGet(43)) - raft.server.log.preallocated.size = 16384 (custom)
2019-10-07 23:30:21,714 [pool-227-thread-1] INFO  server.RaftServerConfigKeys (ConfUtils.java:logGet(43)) - raft.server.log.write.buffer.size = 33554432 (custom)
2019-10-07 23:30:21,715 [pool-267-thread-1] INFO  server.RaftServerConfigKeys (ConfUtils.java:logGet(43)) - raft.server.log.write.buffer.size = 33554432 (custom)
2019-10-07 23:30:21,715 [pool-227-thread-1] INFO  server.RaftServerConfigKeys (ConfUtils.java:logGet(43)) - raft.server.log.force.sync.num = 128 (default)
2019-10-07 23:30:21,715 [pool-267-thread-1] INFO  server.RaftServerConfigKeys (ConfUtils.java:logGet(43)) - raft.server.log.force.sync.num = 128 (default)
2019-10-07 23:30:21,715 [pool-227-thread-1] INFO  server.RaftServerConfigKeys (ConfUtils.java:logGet(43)) - raft.server.log.statemachine.data.sync = true (default)
2019-10-07 23:30:21,715 [pool-267-thread-1] INFO  server.RaftServerConfigKeys (ConfUtils.java:logGet(43)) - raft.server.log.statemachine.data.sync = true (default)
2019-10-07 23:30:21,715 [pool-227-thread-1] INFO  server.RaftServerConfigKeys (ConfUtils.java:logGet(43)) - raft.server.log.statemachine.data.sync.timeout = 10s (default)
2019-10-07 23:30:21,716 [pool-267-thread-1] INFO  server.RaftServerConfigKeys (ConfUtils.java:logGet(43)) - raft.server.log.statemachine.data.sync.timeout = 10s (default)
2019-10-07 23:30:21,716 [pool-227-thread-1] INFO  server.RaftServerConfigKeys (ConfUtils.java:logGet(43)) - raft.server.log.statemachine.data.sync.timeout.retry = -1 (default)
2019-10-07 23:30:21,716 [pool-267-thread-1] INFO  server.RaftServerConfigKeys (ConfUtils.java:logGet(43)) - raft.server.log.statemachine.data.sync.timeout.retry = -1 (default)
2019-10-07 23:30:21,716 [pool-227-thread-1] INFO  server.RaftServerConfigKeys (ConfUtils.java:logGet(43)) - raft.server.log.statemachine.data.caching.enabled = true (custom)
2019-10-07 23:30:21,716 [pool-207-thread-1] INFO  impl.RaftServerImpl (RaftServerImpl.java:start(181)) - e36e47e5-1e3f-4d48-932e-d6c9017affe3@group-05870FD362E5: start as a follower, conf=-1: [514f190c-733c-43a5-9051-89b078470f15:192.168.151.75:40950, e36e47e5-1e3f-4d48-932e-d6c9017affe3:192.168.151.75:33647, 829bacd9-64a1-4193-8e1a-e4a73c9ba220:192.168.151.75:43193], old=null
2019-10-07 23:30:21,716 [pool-267-thread-1] INFO  server.RaftServerConfigKeys (ConfUtils.java:logGet(43)) - raft.server.log.statemachine.data.caching.enabled = true (custom)
2019-10-07 23:30:21,717 [pool-227-thread-1] INFO  segmented.SegmentedRaftLogWorker (SegmentedRaftLogWorker.java:lambda$new$0(128)) - 829bacd9-64a1-4193-8e1a-e4a73c9ba220@group-05870FD362E5-SegmentedRaftLogWorker: flushIndex: setUnconditionally 0 -> -1
2019-10-07 23:30:21,717 [pool-207-thread-1] INFO  impl.RaftServerImpl (RaftServerImpl.java:setRole(170)) - e36e47e5-1e3f-4d48-932e-d6c9017affe3@group-05870FD362E5: changes role from      null to FOLLOWER at term 0 for startAsFollower
2019-10-07 23:30:21,717 [pool-267-thread-1] INFO  segmented.SegmentedRaftLogWorker (SegmentedRaftLogWorker.java:lambda$new$0(128)) - 514f190c-733c-43a5-9051-89b078470f15@group-05870FD362E5-SegmentedRaftLogWorker: flushIndex: setUnconditionally 0 -> -1
2019-10-07 23:30:21,717 [pool-227-thread-1] INFO  server.RaftServerConfigKeys (ConfUtils.java:logGet(43)) - raft.server.snapshot.auto.trigger.enabled = true (custom)
2019-10-07 23:30:21,717 [pool-207-thread-1] INFO  impl.RoleInfo (RoleInfo.java:updateAndGet(143)) - e36e47e5-1e3f-4d48-932e-d6c9017affe3: start FollowerState
2019-10-07 23:30:21,717 [pool-267-thread-1] INFO  server.RaftServerConfigKeys (ConfUtils.java:logGet(43)) - raft.server.snapshot.auto.trigger.enabled = true (custom)
2019-10-07 23:30:21,717 [pool-227-thread-1] INFO  server.RaftServerConfigKeys (ConfUtils.java:logGet(43)) - raft.server.snapshot.auto.trigger.threshold = 10000 (custom)
2019-10-07 23:30:21,718 [pool-207-thread-1] INFO  util.JmxRegister (JmxRegister.java:tryRegister(44)) - Successfully registered JMX Bean with object name Ratis:service=RaftServer,group=group-05870FD362E5,id=e36e47e5-1e3f-4d48-932e-d6c9017affe3
2019-10-07 23:30:21,718 [pool-267-thread-1] INFO  server.RaftServerConfigKeys (ConfUtils.java:logGet(43)) - raft.server.snapshot.auto.trigger.threshold = 10000 (custom)
2019-10-07 23:30:21,718 [pool-227-thread-1] INFO  server.RaftServerConfigKeys (ConfUtils.java:logGet(43)) - raft.server.snapshot.retention.file.num = 5 (custom)
2019-10-07 23:30:21,718 [pool-267-thread-1] INFO  server.RaftServerConfigKeys (ConfUtils.java:logGet(43)) - raft.server.snapshot.retention.file.num = 5 (custom)
2019-10-07 23:30:21,718 [pool-227-thread-1] INFO  server.RaftServerConfigKeys (ConfUtils.java:logGet(43)) - raft.server.retrycache.expirytime = 600000ms (custom)
2019-10-07 23:30:21,718 [pool-267-thread-1] INFO  server.RaftServerConfigKeys (ConfUtils.java:logGet(43)) - raft.server.retrycache.expirytime = 600000ms (custom)
2019-10-07 23:30:21,722 [pool-227-thread-1] INFO  impl.RaftServerImpl (RaftServerImpl.java:start(181)) - 829bacd9-64a1-4193-8e1a-e4a73c9ba220@group-05870FD362E5: start as a follower, conf=-1: [514f190c-733c-43a5-9051-89b078470f15:192.168.151.75:40950, e36e47e5-1e3f-4d48-932e-d6c9017affe3:192.168.151.75:33647, 829bacd9-64a1-4193-8e1a-e4a73c9ba220:192.168.151.75:43193], old=null
2019-10-07 23:30:21,722 [pool-227-thread-1] INFO  impl.RaftServerImpl (RaftServerImpl.java:setRole(170)) - 829bacd9-64a1-4193-8e1a-e4a73c9ba220@group-05870FD362E5: changes role from      null to FOLLOWER at term 0 for startAsFollower
2019-10-07 23:30:21,722 [pool-267-thread-1] INFO  impl.RaftServerImpl (RaftServerImpl.java:start(181)) - 514f190c-733c-43a5-9051-89b078470f15@group-05870FD362E5: start as a follower, conf=-1: [514f190c-733c-43a5-9051-89b078470f15:192.168.151.75:40950, e36e47e5-1e3f-4d48-932e-d6c9017affe3:192.168.151.75:33647, 829bacd9-64a1-4193-8e1a-e4a73c9ba220:192.168.151.75:43193], old=null
2019-10-07 23:30:21,722 [pool-227-thread-1] INFO  impl.RoleInfo (RoleInfo.java:updateAndGet(143)) - 829bacd9-64a1-4193-8e1a-e4a73c9ba220: start FollowerState
2019-10-07 23:30:21,722 [pool-267-thread-1] INFO  impl.RaftServerImpl (RaftServerImpl.java:setRole(170)) - 514f190c-733c-43a5-9051-89b078470f15@group-05870FD362E5: changes role from      null to FOLLOWER at term 0 for startAsFollower
2019-10-07 23:30:21,723 [pool-267-thread-1] INFO  impl.RoleInfo (RoleInfo.java:updateAndGet(143)) - 514f190c-733c-43a5-9051-89b078470f15: start FollowerState
2019-10-07 23:30:21,723 [pool-227-thread-1] INFO  util.JmxRegister (JmxRegister.java:tryRegister(44)) - Successfully registered JMX Bean with object name Ratis:service=RaftServer,group=group-05870FD362E5,id=829bacd9-64a1-4193-8e1a-e4a73c9ba220
2019-10-07 23:30:21,723 [pool-267-thread-1] INFO  util.JmxRegister (JmxRegister.java:tryRegister(44)) - Successfully registered JMX Bean with object name Ratis:service=RaftServer,group=group-05870FD362E5,id=514f190c-733c-43a5-9051-89b078470f15
2019-10-07 23:30:21,728 [RatisPipelineUtilsThread] INFO  pipeline.PipelineStateManager (PipelineStateManager.java:addPipeline(57)) - Created pipeline Pipeline[ Id: d07e5777-cc28-4ec5-aac6-05870fd362e5, Nodes: e36e47e5-1e3f-4d48-932e-d6c9017affe3{ip: 192.168.151.75, host: pr-hdds-1868-k864b-3611000933, networkLocation: /default-rack, certSerialId: null}829bacd9-64a1-4193-8e1a-e4a73c9ba220{ip: 192.168.151.75, host: pr-hdds-1868-k864b-3611000933, networkLocation: /default-rack, certSerialId: null}514f190c-733c-43a5-9051-89b078470f15{ip: 192.168.151.75, host: pr-hdds-1868-k864b-3611000933, networkLocation: /default-rack, certSerialId: null}, Type:RATIS, Factor:THREE, State:ALLOCATED]
2019-10-07 23:30:22,550 [main] INFO  ozone.MiniOzoneClusterImpl (MiniOzoneClusterImpl.java:lambda$waitForClusterToBeReady$2(164)) - Waiting for 9 number of pipelines out of 9, to report a leader.
2019-10-07 23:30:23,551 [main] INFO  ozone.MiniOzoneClusterImpl (MiniOzoneClusterImpl.java:lambda$waitForClusterToBeReady$2(164)) - Waiting for 9 number of pipelines out of 9, to report a leader.
2019-10-07 23:30:24,551 [main] INFO  ozone.MiniOzoneClusterImpl (MiniOzoneClusterImpl.java:lambda$waitForClusterToBeReady$2(164)) - Waiting for 9 number of pipelines out of 9, to report a leader.
2019-10-07 23:30:25,552 [main] INFO  ozone.MiniOzoneClusterImpl (MiniOzoneClusterImpl.java:lambda$waitForClusterToBeReady$2(164)) - Waiting for 9 number of pipelines out of 9, to report a leader.
2019-10-07 23:30:26,115 [Thread-1617] INFO  impl.FollowerState (FollowerState.java:run(108)) - 514f190c-733c-43a5-9051-89b078470f15@group-9DF362E46F0D-FollowerState: change to CANDIDATE, lastRpcTime:5058ms, electionTimeout:5058ms
2019-10-07 23:30:26,115 [Thread-1617] INFO  impl.RoleInfo (RoleInfo.java:shutdownFollowerState(121)) - 514f190c-733c-43a5-9051-89b078470f15: shutdown FollowerState
2019-10-07 23:30:26,115 [Thread-1617] INFO  impl.RaftServerImpl (RaftServerImpl.java:setRole(170)) - 514f190c-733c-43a5-9051-89b078470f15@group-9DF362E46F0D: changes role from  FOLLOWER to CANDIDATE at term 0 for changeToCandidate
2019-10-07 23:30:26,115 [Thread-1617] INFO  impl.RoleInfo (RoleInfo.java:updateAndGet(143)) - 514f190c-733c-43a5-9051-89b078470f15: start LeaderElection
2019-10-07 23:30:26,136 [514f190c-733c-43a5-9051-89b078470f15@group-9DF362E46F0D-LeaderElection67] INFO  impl.LeaderElection (LeaderElection.java:askForVotes(178)) - 514f190c-733c-43a5-9051-89b078470f15@group-9DF362E46F0D-LeaderElection67: begin an election at term 1 for -1: [514f190c-733c-43a5-9051-89b078470f15:192.168.151.75:40950], old=null
2019-10-07 23:30:26,136 [514f190c-733c-43a5-9051-89b078470f15@group-9DF362E46F0D-LeaderElection67] INFO  impl.RoleInfo (RoleInfo.java:shutdownLeaderElection(134)) - 514f190c-733c-43a5-9051-89b078470f15: shutdown LeaderElection
2019-10-07 23:30:26,136 [514f190c-733c-43a5-9051-89b078470f15@group-9DF362E46F0D-LeaderElection67] INFO  impl.RaftServerImpl (RaftServerImpl.java:setRole(170)) - 514f190c-733c-43a5-9051-89b078470f15@group-9DF362E46F0D: changes role from CANDIDATE to LEADER at term 1 for changeToLeader
2019-10-07 23:30:26,137 [514f190c-733c-43a5-9051-89b078470f15@group-9DF362E46F0D-LeaderElection67] INFO  ratis.XceiverServerRatis (XceiverServerRatis.java:handleLeaderChangedNotification(702)) - Leader change notification received for group: group-9DF362E46F0D with new leaderId: 514f190c-733c-43a5-9051-89b078470f15
2019-10-07 23:30:26,139 [514f190c-733c-43a5-9051-89b078470f15@group-9DF362E46F0D-LeaderElection67] INFO  impl.RaftServerImpl (ServerState.java:setLeader(255)) - 514f190c-733c-43a5-9051-89b078470f15@group-9DF362E46F0D: change Leader from null to 514f190c-733c-43a5-9051-89b078470f15 at term 1 for becomeLeader, leader elected after 5086ms
2019-10-07 23:30:26,140 [514f190c-733c-43a5-9051-89b078470f15@group-9DF362E46F0D-LeaderElection67] INFO  server.RaftServerConfigKeys (ConfUtils.java:logGet(43)) - raft.server.staging.catchup.gap = 1000 (default)
2019-10-07 23:30:26,140 [514f190c-733c-43a5-9051-89b078470f15@group-9DF362E46F0D-LeaderElection67] INFO  server.RaftServerConfigKeys (ConfUtils.java:logGet(43)) - raft.server.rpc.sleep.time = 25ms (default)
2019-10-07 23:30:26,140 [514f190c-733c-43a5-9051-89b078470f15@group-9DF362E46F0D-LeaderElection67] INFO  server.RaftServerConfigKeys (ConfUtils.java:logGet(43)) - raft.server.write.element-limit = 4096 (default)
2019-10-07 23:30:26,140 [514f190c-733c-43a5-9051-89b078470f15@group-9DF362E46F0D-LeaderElection67] INFO  server.RaftServerConfigKeys (ConfUtils.java:logGet(43)) - raft.server.watch.timeout = 10s (default)
2019-10-07 23:30:26,140 [514f190c-733c-43a5-9051-89b078470f15@group-9DF362E46F0D-LeaderElection67] INFO  server.RaftServerConfigKeys (ConfUtils.java:logGet(43)) - raft.server.watch.timeout.denomination = 1s (default)
2019-10-07 23:30:26,141 [514f190c-733c-43a5-9051-89b078470f15@group-9DF362E46F0D-LeaderElection67] INFO  server.RaftServerConfigKeys (ConfUtils.java:logGet(43)) - raft.server.watch.element-limit = 65536 (default)
2019-10-07 23:30:26,141 [EventQueue-PipelineReportForPipelineReportHandler] INFO  pipeline.PipelineReportHandler (PipelineReportHandler.java:processPipelineReport(117)) - Pipeline PipelineID=d07e5777-cc28-4ec5-aac6-05870fd362e5 reported by 514f190c-733c-43a5-9051-89b078470f15{ip: 192.168.151.75, host: pr-hdds-1868-k864b-3611000933, networkLocation: /default-rack, certSerialId: null} with leaderId 
2019-10-07 23:30:26,141 [EventQueue-PipelineReportForPipelineReportHandler] INFO  pipeline.PipelineReportHandler (PipelineReportHandler.java:processPipelineReport(117)) - Pipeline PipelineID=b4ade438-beb6-4c92-909f-9df362e46f0d reported by 514f190c-733c-43a5-9051-89b078470f15{ip: 192.168.151.75, host: pr-hdds-1868-k864b-3611000933, networkLocation: /default-rack, certSerialId: null} with leaderId 514f190c-733c-43a5-9051-89b078470f15
2019-10-07 23:30:26,142 [EventQueue-PipelineReportForPipelineReportHandler] INFO  pipeline.PipelineStateManager (PipelineStateManager.java:openPipeline(136)) - Pipeline Pipeline[ Id: b4ade438-beb6-4c92-909f-9df362e46f0d, Nodes: 514f190c-733c-43a5-9051-89b078470f15{ip: 192.168.151.75, host: pr-hdds-1868-k864b-3611000933, networkLocation: /default-rack, certSerialId: null}, Type:RATIS, Factor:ONE, State:OPEN] moved to OPEN state
2019-10-07 23:30:26,143 [514f190c-733c-43a5-9051-89b078470f15@group-9DF362E46F0D-LeaderElection67] INFO  impl.RoleInfo (RoleInfo.java:updateAndGet(143)) - 514f190c-733c-43a5-9051-89b078470f15: start LeaderState
2019-10-07 23:30:26,144 [514f190c-733c-43a5-9051-89b078470f15@group-9DF362E46F0D-LeaderElection67] INFO  segmented.SegmentedRaftLogWorker (SegmentedRaftLogWorker.java:startLogSegment(385)) - 514f190c-733c-43a5-9051-89b078470f15@group-9DF362E46F0D-SegmentedRaftLogWorker: Starting segment from index:0
2019-10-07 23:30:26,144 [514f190c-733c-43a5-9051-89b078470f15@group-9DF362E46F0D-LeaderElection67] INFO  impl.RaftServerImpl (ServerState.java:setRaftConf(356)) - 514f190c-733c-43a5-9051-89b078470f15@group-9DF362E46F0D: set configuration 0: [514f190c-733c-43a5-9051-89b078470f15:192.168.151.75:40950], old=null at 0
2019-10-07 23:30:26,147 [Thread-1621] INFO  impl.FollowerState (FollowerState.java:run(108)) - 1757d5fa-a161-4c0a-b504-ed724002c805@group-CE9350991C94-FollowerState: change to CANDIDATE, lastRpcTime:5027ms, electionTimeout:5027ms
2019-10-07 23:30:26,147 [Thread-1621] INFO  impl.RoleInfo (RoleInfo.java:shutdownFollowerState(121)) - 1757d5fa-a161-4c0a-b504-ed724002c805: shutdown FollowerState
2019-10-07 23:30:26,147 [Thread-1621] INFO  impl.RaftServerImpl (RaftServerImpl.java:setRole(170)) - 1757d5fa-a161-4c0a-b504-ed724002c805@group-CE9350991C94: changes role from  FOLLOWER to CANDIDATE at term 0 for changeToCandidate
2019-10-07 23:30:26,148 [Thread-1621] INFO  impl.RoleInfo (RoleInfo.java:updateAndGet(143)) - 1757d5fa-a161-4c0a-b504-ed724002c805: start LeaderElection
2019-10-07 23:30:26,207 [514f190c-733c-43a5-9051-89b078470f15@group-9DF362E46F0D-SegmentedRaftLogWorker] INFO  segmented.SegmentedRaftLogWorker (SegmentedRaftLogWorker.java:execute(576)) - 514f190c-733c-43a5-9051-89b078470f15@group-9DF362E46F0D-SegmentedRaftLogWorker: created new log segment /workdir/hadoop-ozone/integration-test/target/test-dir/MiniOzoneClusterImpl-5e9621be-c945-401e-a048-ea7290b0a7f2/datanode-6/data/ratis/b4ade438-beb6-4c92-909f-9df362e46f0d/current/log_inprogress_0
2019-10-07 23:30:26,208 [1757d5fa-a161-4c0a-b504-ed724002c805@group-CE9350991C94-LeaderElection68] INFO  impl.LeaderElection (LeaderElection.java:askForVotes(178)) - 1757d5fa-a161-4c0a-b504-ed724002c805@group-CE9350991C94-LeaderElection68: begin an election at term 1 for -1: [1757d5fa-a161-4c0a-b504-ed724002c805:192.168.151.75:37685], old=null
2019-10-07 23:30:26,208 [1757d5fa-a161-4c0a-b504-ed724002c805@group-CE9350991C94-LeaderElection68] INFO  impl.RoleInfo (RoleInfo.java:shutdownLeaderElection(134)) - 1757d5fa-a161-4c0a-b504-ed724002c805: shutdown LeaderElection
2019-10-07 23:30:26,208 [1757d5fa-a161-4c0a-b504-ed724002c805@group-CE9350991C94-LeaderElection68] INFO  impl.RaftServerImpl (RaftServerImpl.java:setRole(170)) - 1757d5fa-a161-4c0a-b504-ed724002c805@group-CE9350991C94: changes role from CANDIDATE to LEADER at term 1 for changeToLeader
2019-10-07 23:30:26,208 [1757d5fa-a161-4c0a-b504-ed724002c805@group-CE9350991C94-LeaderElection68] INFO  ratis.XceiverServerRatis (XceiverServerRatis.java:handleLeaderChangedNotification(702)) - Leader change notification received for group: group-CE9350991C94 with new leaderId: 1757d5fa-a161-4c0a-b504-ed724002c805
2019-10-07 23:30:26,211 [1757d5fa-a161-4c0a-b504-ed724002c805@group-CE9350991C94-LeaderElection68] INFO  impl.RaftServerImpl (ServerState.java:setLeader(255)) - 1757d5fa-a161-4c0a-b504-ed724002c805@group-CE9350991C94: change Leader from null to 1757d5fa-a161-4c0a-b504-ed724002c805 at term 1 for becomeLeader, leader elected after 5094ms
2019-10-07 23:30:26,211 [1757d5fa-a161-4c0a-b504-ed724002c805@group-CE9350991C94-LeaderElection68] INFO  server.RaftServerConfigKeys (ConfUtils.java:logGet(43)) - raft.server.staging.catchup.gap = 1000 (default)
2019-10-07 23:30:26,211 [1757d5fa-a161-4c0a-b504-ed724002c805@group-CE9350991C94-LeaderElection68] INFO  server.RaftServerConfigKeys (ConfUtils.java:logGet(43)) - raft.server.rpc.sleep.time = 25ms (default)
2019-10-07 23:30:26,211 [1757d5fa-a161-4c0a-b504-ed724002c805@group-CE9350991C94-LeaderElection68] INFO  server.RaftServerConfigKeys (ConfUtils.java:logGet(43)) - raft.server.write.element-limit = 4096 (default)
2019-10-07 23:30:26,212 [1757d5fa-a161-4c0a-b504-ed724002c805@group-CE9350991C94-LeaderElection68] INFO  server.RaftServerConfigKeys (ConfUtils.java:logGet(43)) - raft.server.watch.timeout = 10s (default)
2019-10-07 23:30:26,212 [1757d5fa-a161-4c0a-b504-ed724002c805@group-CE9350991C94-LeaderElection68] INFO  server.RaftServerConfigKeys (ConfUtils.java:logGet(43)) - raft.server.watch.timeout.denomination = 1s (default)
2019-10-07 23:30:26,212 [EventQueue-PipelineReportForPipelineReportHandler] INFO  pipeline.PipelineReportHandler (PipelineReportHandler.java:processPipelineReport(117)) - Pipeline PipelineID=8692568d-6852-4dc7-ade7-c837915b9584 reported by 1757d5fa-a161-4c0a-b504-ed724002c805{ip: 192.168.151.75, host: pr-hdds-1868-k864b-3611000933, networkLocation: /default-rack, certSerialId: null} with leaderId 
2019-10-07 23:30:26,212 [1757d5fa-a161-4c0a-b504-ed724002c805@group-CE9350991C94-LeaderElection68] INFO  server.RaftServerConfigKeys (ConfUtils.java:logGet(43)) - raft.server.watch.element-limit = 65536 (default)
2019-10-07 23:30:26,212 [EventQueue-PipelineReportForPipelineReportHandler] INFO  pipeline.PipelineReportHandler (PipelineReportHandler.java:processPipelineReport(117)) - Pipeline PipelineID=cbec6113-6f76-4947-933e-ce9350991c94 reported by 1757d5fa-a161-4c0a-b504-ed724002c805{ip: 192.168.151.75, host: pr-hdds-1868-k864b-3611000933, networkLocation: /default-rack, certSerialId: null} with leaderId 1757d5fa-a161-4c0a-b504-ed724002c805
2019-10-07 23:30:26,212 [EventQueue-PipelineReportForPipelineReportHandler] INFO  pipeline.PipelineStateManager (PipelineStateManager.java:openPipeline(136)) - Pipeline Pipeline[ Id: cbec6113-6f76-4947-933e-ce9350991c94, Nodes: 1757d5fa-a161-4c0a-b504-ed724002c805{ip: 192.168.151.75, host: pr-hdds-1868-k864b-3611000933, networkLocation: /default-rack, certSerialId: null}, Type:RATIS, Factor:ONE, State:OPEN] moved to OPEN state
2019-10-07 23:30:26,214 [1757d5fa-a161-4c0a-b504-ed724002c805@group-CE9350991C94-LeaderElection68] INFO  impl.RoleInfo (RoleInfo.java:updateAndGet(143)) - 1757d5fa-a161-4c0a-b504-ed724002c805: start LeaderState
2019-10-07 23:30:26,214 [1757d5fa-a161-4c0a-b504-ed724002c805@group-CE9350991C94-LeaderElection68] INFO  segmented.SegmentedRaftLogWorker (SegmentedRaftLogWorker.java:startLogSegment(385)) - 1757d5fa-a161-4c0a-b504-ed724002c805@group-CE9350991C94-SegmentedRaftLogWorker: Starting segment from index:0
2019-10-07 23:30:26,215 [1757d5fa-a161-4c0a-b504-ed724002c805@group-CE9350991C94-LeaderElection68] INFO  impl.RaftServerImpl (ServerState.java:setRaftConf(356)) - 1757d5fa-a161-4c0a-b504-ed724002c805@group-CE9350991C94: set configuration 0: [1757d5fa-a161-4c0a-b504-ed724002c805:192.168.151.75:37685], old=null at 0
2019-10-07 23:30:26,259 [1757d5fa-a161-4c0a-b504-ed724002c805@group-CE9350991C94-SegmentedRaftLogWorker] INFO  segmented.SegmentedRaftLogWorker (SegmentedRaftLogWorker.java:execute(576)) - 1757d5fa-a161-4c0a-b504-ed724002c805@group-CE9350991C94-SegmentedRaftLogWorker: created new log segment /workdir/hadoop-ozone/integration-test/target/test-dir/MiniOzoneClusterImpl-5e9621be-c945-401e-a048-ea7290b0a7f2/datanode-5/data/ratis/cbec6113-6f76-4947-933e-ce9350991c94/current/log_inprogress_0
2019-10-07 23:30:26,305 [Thread-1629] INFO  impl.FollowerState (FollowerState.java:run(108)) - 829bacd9-64a1-4193-8e1a-e4a73c9ba220@group-85513F1D5534-FollowerState: change to CANDIDATE, lastRpcTime:5062ms, electionTimeout:5062ms
2019-10-07 23:30:26,306 [Thread-1629] INFO  impl.RoleInfo (RoleInfo.java:shutdownFollowerState(121)) - 829bacd9-64a1-4193-8e1a-e4a73c9ba220: shutdown FollowerState
2019-10-07 23:30:26,306 [Thread-1629] INFO  impl.RaftServerImpl (RaftServerImpl.java:setRole(170)) - 829bacd9-64a1-4193-8e1a-e4a73c9ba220@group-85513F1D5534: changes role from  FOLLOWER to CANDIDATE at term 0 for changeToCandidate
2019-10-07 23:30:26,306 [Thread-1629] INFO  impl.RoleInfo (RoleInfo.java:updateAndGet(143)) - 829bacd9-64a1-4193-8e1a-e4a73c9ba220: start LeaderElection
2019-10-07 23:30:26,313 [Thread-1625] INFO  impl.FollowerState (FollowerState.java:run(108)) - f7b4c7ea-3575-41d6-9287-70bd6e3567dd@group-81DD1DFC910E-FollowerState: change to CANDIDATE, lastRpcTime:5127ms, electionTimeout:5127ms
2019-10-07 23:30:26,313 [Thread-1625] INFO  impl.RoleInfo (RoleInfo.java:shutdownFollowerState(121)) - f7b4c7ea-3575-41d6-9287-70bd6e3567dd: shutdown FollowerState
2019-10-07 23:30:26,313 [Thread-1625] INFO  impl.RaftServerImpl (RaftServerImpl.java:setRole(170)) - f7b4c7ea-3575-41d6-9287-70bd6e3567dd@group-81DD1DFC910E: changes role from  FOLLOWER to CANDIDATE at term 0 for changeToCandidate
2019-10-07 23:30:26,314 [Thread-1625] INFO  impl.RoleInfo (RoleInfo.java:updateAndGet(143)) - f7b4c7ea-3575-41d6-9287-70bd6e3567dd: start LeaderElection
2019-10-07 23:30:26,338 [829bacd9-64a1-4193-8e1a-e4a73c9ba220@group-85513F1D5534-LeaderElection69] INFO  impl.LeaderElection (LeaderElection.java:askForVotes(178)) - 829bacd9-64a1-4193-8e1a-e4a73c9ba220@group-85513F1D5534-LeaderElection69: begin an election at term 1 for -1: [829bacd9-64a1-4193-8e1a-e4a73c9ba220:192.168.151.75:43193], old=null
2019-10-07 23:30:26,338 [f7b4c7ea-3575-41d6-9287-70bd6e3567dd@group-81DD1DFC910E-LeaderElection70] INFO  impl.LeaderElection (LeaderElection.java:askForVotes(178)) - f7b4c7ea-3575-41d6-9287-70bd6e3567dd@group-81DD1DFC910E-LeaderElection70: begin an election at term 1 for -1: [f7b4c7ea-3575-41d6-9287-70bd6e3567dd:192.168.151.75:35260], old=null
2019-10-07 23:30:26,338 [829bacd9-64a1-4193-8e1a-e4a73c9ba220@group-85513F1D5534-LeaderElection69] INFO  impl.RoleInfo (RoleInfo.java:shutdownLeaderElection(134)) - 829bacd9-64a1-4193-8e1a-e4a73c9ba220: shutdown LeaderElection
2019-10-07 23:30:26,338 [f7b4c7ea-3575-41d6-9287-70bd6e3567dd@group-81DD1DFC910E-LeaderElection70] INFO  impl.RoleInfo (RoleInfo.java:shutdownLeaderElection(134)) - f7b4c7ea-3575-41d6-9287-70bd6e3567dd: shutdown LeaderElection
2019-10-07 23:30:26,338 [829bacd9-64a1-4193-8e1a-e4a73c9ba220@group-85513F1D5534-LeaderElection69] INFO  impl.RaftServerImpl (RaftServerImpl.java:setRole(170)) - 829bacd9-64a1-4193-8e1a-e4a73c9ba220@group-85513F1D5534: changes role from CANDIDATE to LEADER at term 1 for changeToLeader
2019-10-07 23:30:26,339 [f7b4c7ea-3575-41d6-9287-70bd6e3567dd@group-81DD1DFC910E-LeaderElection70] INFO  impl.RaftServerImpl (RaftServerImpl.java:setRole(170)) - f7b4c7ea-3575-41d6-9287-70bd6e3567dd@group-81DD1DFC910E: changes role from CANDIDATE to LEADER at term 1 for changeToLeader
2019-10-07 23:30:26,339 [829bacd9-64a1-4193-8e1a-e4a73c9ba220@group-85513F1D5534-LeaderElection69] INFO  ratis.XceiverServerRatis (XceiverServerRatis.java:handleLeaderChangedNotification(702)) - Leader change notification received for group: group-85513F1D5534 with new leaderId: 829bacd9-64a1-4193-8e1a-e4a73c9ba220
2019-10-07 23:30:26,339 [f7b4c7ea-3575-41d6-9287-70bd6e3567dd@group-81DD1DFC910E-LeaderElection70] INFO  ratis.XceiverServerRatis (XceiverServerRatis.java:handleLeaderChangedNotification(702)) - Leader change notification received for group: group-81DD1DFC910E with new leaderId: f7b4c7ea-3575-41d6-9287-70bd6e3567dd
2019-10-07 23:30:26,351 [f7b4c7ea-3575-41d6-9287-70bd6e3567dd@group-81DD1DFC910E-LeaderElection70] INFO  impl.RaftServerImpl (ServerState.java:setLeader(255)) - f7b4c7ea-3575-41d6-9287-70bd6e3567dd@group-81DD1DFC910E: change Leader from null to f7b4c7ea-3575-41d6-9287-70bd6e3567dd at term 1 for becomeLeader, leader elected after 5160ms
2019-10-07 23:30:26,351 [829bacd9-64a1-4193-8e1a-e4a73c9ba220@group-85513F1D5534-LeaderElection69] INFO  impl.RaftServerImpl (ServerState.java:setLeader(255)) - 829bacd9-64a1-4193-8e1a-e4a73c9ba220@group-85513F1D5534: change Leader from null to 829bacd9-64a1-4193-8e1a-e4a73c9ba220 at term 1 for becomeLeader, leader elected after 5100ms
2019-10-07 23:30:26,351 [f7b4c7ea-3575-41d6-9287-70bd6e3567dd@group-81DD1DFC910E-LeaderElection70] INFO  server.RaftServerConfigKeys (ConfUtils.java:logGet(43)) - raft.server.staging.catchup.gap = 1000 (default)
2019-10-07 23:30:26,354 [829bacd9-64a1-4193-8e1a-e4a73c9ba220@group-85513F1D5534-LeaderElection69] INFO  server.RaftServerConfigKeys (ConfUtils.java:logGet(43)) - raft.server.staging.catchup.gap = 1000 (default)
2019-10-07 23:30:26,354 [f7b4c7ea-3575-41d6-9287-70bd6e3567dd@group-81DD1DFC910E-LeaderElection70] INFO  server.RaftServerConfigKeys (ConfUtils.java:logGet(43)) - raft.server.rpc.sleep.time = 25ms (default)
2019-10-07 23:30:26,354 [829bacd9-64a1-4193-8e1a-e4a73c9ba220@group-85513F1D5534-LeaderElection69] INFO  server.RaftServerConfigKeys (ConfUtils.java:logGet(43)) - raft.server.rpc.sleep.time = 25ms (default)
2019-10-07 23:30:26,354 [f7b4c7ea-3575-41d6-9287-70bd6e3567dd@group-81DD1DFC910E-LeaderElection70] INFO  server.RaftServerConfigKeys (ConfUtils.java:logGet(43)) - raft.server.write.element-limit = 4096 (default)
2019-10-07 23:30:26,354 [EventQueue-PipelineReportForPipelineReportHandler] INFO  pipeline.PipelineReportHandler (PipelineReportHandler.java:processPipelineReport(117)) - Pipeline PipelineID=d07e5777-cc28-4ec5-aac6-05870fd362e5 reported by 829bacd9-64a1-4193-8e1a-e4a73c9ba220{ip: 192.168.151.75, host: pr-hdds-1868-k864b-3611000933, networkLocation: /default-rack, certSerialId: null} with leaderId 
2019-10-07 23:30:26,354 [829bacd9-64a1-4193-8e1a-e4a73c9ba220@group-85513F1D5534-LeaderElection69] INFO  server.RaftServerConfigKeys (ConfUtils.java:logGet(43)) - raft.server.write.element-limit = 4096 (default)
2019-10-07 23:30:26,355 [EventQueue-PipelineReportForPipelineReportHandler] INFO  pipeline.PipelineReportHandler (PipelineReportHandler.java:processPipelineReport(117)) - Pipeline PipelineID=af677136-74ad-4b1a-a576-85513f1d5534 reported by 829bacd9-64a1-4193-8e1a-e4a73c9ba220{ip: 192.168.151.75, host: pr-hdds-1868-k864b-3611000933, networkLocation: /default-rack, certSerialId: null} with leaderId 829bacd9-64a1-4193-8e1a-e4a73c9ba220
2019-10-07 23:30:26,355 [f7b4c7ea-3575-41d6-9287-70bd6e3567dd@group-81DD1DFC910E-LeaderElection70] INFO  server.RaftServerConfigKeys (ConfUtils.java:logGet(43)) - raft.server.watch.timeout = 10s (default)
2019-10-07 23:30:26,355 [EventQueue-PipelineReportForPipelineReportHandler] INFO  pipeline.PipelineStateManager (PipelineStateManager.java:openPipeline(136)) - Pipeline Pipeline[ Id: af677136-74ad-4b1a-a576-85513f1d5534, Nodes: 829bacd9-64a1-4193-8e1a-e4a73c9ba220{ip: 192.168.151.75, host: pr-hdds-1868-k864b-3611000933, networkLocation: /default-rack, certSerialId: null}, Type:RATIS, Factor:ONE, State:OPEN] moved to OPEN state
2019-10-07 23:30:26,355 [829bacd9-64a1-4193-8e1a-e4a73c9ba220@group-85513F1D5534-LeaderElection69] INFO  server.RaftServerConfigKeys (ConfUtils.java:logGet(43)) - raft.server.watch.timeout = 10s (default)
2019-10-07 23:30:26,356 [EventQueue-PipelineReportForPipelineReportHandler] INFO  pipeline.PipelineReportHandler (PipelineReportHandler.java:processPipelineReport(117)) - Pipeline PipelineID=7d9e4fb4-5336-4e1d-ac0e-81dd1dfc910e reported by f7b4c7ea-3575-41d6-9287-70bd6e3567dd{ip: 192.168.151.75, host: pr-hdds-1868-k864b-3611000933, networkLocation: /default-rack, certSerialId: null} with leaderId f7b4c7ea-3575-41d6-9287-70bd6e3567dd
2019-10-07 23:30:26,356 [829bacd9-64a1-4193-8e1a-e4a73c9ba220@group-85513F1D5534-LeaderElection69] INFO  server.RaftServerConfigKeys (ConfUtils.java:logGet(43)) - raft.server.watch.timeout.denomination = 1s (default)
2019-10-07 23:30:26,355 [f7b4c7ea-3575-41d6-9287-70bd6e3567dd@group-81DD1DFC910E-LeaderElection70] INFO  server.RaftServerConfigKeys (ConfUtils.java:logGet(43)) - raft.server.watch.timeout.denomination = 1s (default)
2019-10-07 23:30:26,356 [829bacd9-64a1-4193-8e1a-e4a73c9ba220@group-85513F1D5534-LeaderElection69] INFO  server.RaftServerConfigKeys (ConfUtils.java:logGet(43)) - raft.server.watch.element-limit = 65536 (default)
2019-10-07 23:30:26,356 [EventQueue-PipelineReportForPipelineReportHandler] INFO  pipeline.PipelineStateManager (PipelineStateManager.java:openPipeline(136)) - Pipeline Pipeline[ Id: 7d9e4fb4-5336-4e1d-ac0e-81dd1dfc910e, Nodes: f7b4c7ea-3575-41d6-9287-70bd6e3567dd{ip: 192.168.151.75, host: pr-hdds-1868-k864b-3611000933, networkLocation: /default-rack, certSerialId: null}, Type:RATIS, Factor:ONE, State:OPEN] moved to OPEN state
2019-10-07 23:30:26,356 [f7b4c7ea-3575-41d6-9287-70bd6e3567dd@group-81DD1DFC910E-LeaderElection70] INFO  server.RaftServerConfigKeys (ConfUtils.java:logGet(43)) - raft.server.watch.element-limit = 65536 (default)
2019-10-07 23:30:26,359 [829bacd9-64a1-4193-8e1a-e4a73c9ba220@group-85513F1D5534-LeaderElection69] INFO  impl.RoleInfo (RoleInfo.java:updateAndGet(143)) - 829bacd9-64a1-4193-8e1a-e4a73c9ba220: start LeaderState
2019-10-07 23:30:26,359 [f7b4c7ea-3575-41d6-9287-70bd6e3567dd@group-81DD1DFC910E-LeaderElection70] INFO  impl.RoleInfo (RoleInfo.java:updateAndGet(143)) - f7b4c7ea-3575-41d6-9287-70bd6e3567dd: start LeaderState
2019-10-07 23:30:26,359 [829bacd9-64a1-4193-8e1a-e4a73c9ba220@group-85513F1D5534-LeaderElection69] INFO  segmented.SegmentedRaftLogWorker (SegmentedRaftLogWorker.java:startLogSegment(385)) - 829bacd9-64a1-4193-8e1a-e4a73c9ba220@group-85513F1D5534-SegmentedRaftLogWorker: Starting segment from index:0
2019-10-07 23:30:26,359 [f7b4c7ea-3575-41d6-9287-70bd6e3567dd@group-81DD1DFC910E-LeaderElection70] INFO  segmented.SegmentedRaftLogWorker (SegmentedRaftLogWorker.java:startLogSegment(385)) - f7b4c7ea-3575-41d6-9287-70bd6e3567dd@group-81DD1DFC910E-SegmentedRaftLogWorker: Starting segment from index:0
2019-10-07 23:30:26,360 [829bacd9-64a1-4193-8e1a-e4a73c9ba220@group-85513F1D5534-LeaderElection69] INFO  impl.RaftServerImpl (ServerState.java:setRaftConf(356)) - 829bacd9-64a1-4193-8e1a-e4a73c9ba220@group-85513F1D5534: set configuration 0: [829bacd9-64a1-4193-8e1a-e4a73c9ba220:192.168.151.75:43193], old=null at 0
2019-10-07 23:30:26,360 [f7b4c7ea-3575-41d6-9287-70bd6e3567dd@group-81DD1DFC910E-LeaderElection70] INFO  impl.RaftServerImpl (ServerState.java:setRaftConf(356)) - f7b4c7ea-3575-41d6-9287-70bd6e3567dd@group-81DD1DFC910E: set configuration 0: [f7b4c7ea-3575-41d6-9287-70bd6e3567dd:192.168.151.75:35260], old=null at 0
2019-10-07 23:30:26,404 [f7b4c7ea-3575-41d6-9287-70bd6e3567dd@group-81DD1DFC910E-SegmentedRaftLogWorker] INFO  segmented.SegmentedRaftLogWorker (SegmentedRaftLogWorker.java:execute(576)) - f7b4c7ea-3575-41d6-9287-70bd6e3567dd@group-81DD1DFC910E-SegmentedRaftLogWorker: created new log segment /workdir/hadoop-ozone/integration-test/target/test-dir/MiniOzoneClusterImpl-5e9621be-c945-401e-a048-ea7290b0a7f2/datanode-1/data/ratis/7d9e4fb4-5336-4e1d-ac0e-81dd1dfc910e/current/log_inprogress_0
2019-10-07 23:30:26,404 [829bacd9-64a1-4193-8e1a-e4a73c9ba220@group-85513F1D5534-SegmentedRaftLogWorker] INFO  segmented.SegmentedRaftLogWorker (SegmentedRaftLogWorker.java:execute(576)) - 829bacd9-64a1-4193-8e1a-e4a73c9ba220@group-85513F1D5534-SegmentedRaftLogWorker: created new log segment /workdir/hadoop-ozone/integration-test/target/test-dir/MiniOzoneClusterImpl-5e9621be-c945-401e-a048-ea7290b0a7f2/datanode-2/data/ratis/af677136-74ad-4b1a-a576-85513f1d5534/current/log_inprogress_0
2019-10-07 23:30:26,477 [Thread-1633] INFO  impl.FollowerState (FollowerState.java:run(108)) - 51a40bca-cd4b-4fd1-b3a8-cd441e83375c@group-929BD6ACA769-FollowerState: change to CANDIDATE, lastRpcTime:5156ms, electionTimeout:5156ms
2019-10-07 23:30:26,477 [Thread-1633] INFO  impl.RoleInfo (RoleInfo.java:shutdownFollowerState(121)) - 51a40bca-cd4b-4fd1-b3a8-cd441e83375c: shutdown FollowerState
2019-10-07 23:30:26,477 [Thread-1633] INFO  impl.RaftServerImpl (RaftServerImpl.java:setRole(170)) - 51a40bca-cd4b-4fd1-b3a8-cd441e83375c@group-929BD6ACA769: changes role from  FOLLOWER to CANDIDATE at term 0 for changeToCandidate
2019-10-07 23:30:26,478 [Thread-1633] INFO  impl.RoleInfo (RoleInfo.java:updateAndGet(143)) - 51a40bca-cd4b-4fd1-b3a8-cd441e83375c: start LeaderElection
2019-10-07 23:30:26,497 [51a40bca-cd4b-4fd1-b3a8-cd441e83375c@group-929BD6ACA769-LeaderElection71] INFO  impl.LeaderElection (LeaderElection.java:askForVotes(178)) - 51a40bca-cd4b-4fd1-b3a8-cd441e83375c@group-929BD6ACA769-LeaderElection71: begin an election at term 1 for -1: [51a40bca-cd4b-4fd1-b3a8-cd441e83375c:192.168.151.75:38825], old=null
2019-10-07 23:30:26,497 [51a40bca-cd4b-4fd1-b3a8-cd441e83375c@group-929BD6ACA769-LeaderElection71] INFO  impl.RoleInfo (RoleInfo.java:shutdownLeaderElection(134)) - 51a40bca-cd4b-4fd1-b3a8-cd441e83375c: shutdown LeaderElection
2019-10-07 23:30:26,498 [51a40bca-cd4b-4fd1-b3a8-cd441e83375c@group-929BD6ACA769-LeaderElection71] INFO  impl.RaftServerImpl (RaftServerImpl.java:setRole(170)) - 51a40bca-cd4b-4fd1-b3a8-cd441e83375c@group-929BD6ACA769: changes role from CANDIDATE to LEADER at term 1 for changeToLeader
2019-10-07 23:30:26,498 [51a40bca-cd4b-4fd1-b3a8-cd441e83375c@group-929BD6ACA769-LeaderElection71] INFO  ratis.XceiverServerRatis (XceiverServerRatis.java:handleLeaderChangedNotification(702)) - Leader change notification received for group: group-929BD6ACA769 with new leaderId: 51a40bca-cd4b-4fd1-b3a8-cd441e83375c
2019-10-07 23:30:26,498 [51a40bca-cd4b-4fd1-b3a8-cd441e83375c@group-929BD6ACA769-LeaderElection71] INFO  impl.RaftServerImpl (ServerState.java:setLeader(255)) - 51a40bca-cd4b-4fd1-b3a8-cd441e83375c@group-929BD6ACA769: change Leader from null to 51a40bca-cd4b-4fd1-b3a8-cd441e83375c at term 1 for becomeLeader, leader elected after 5183ms
2019-10-07 23:30:26,498 [51a40bca-cd4b-4fd1-b3a8-cd441e83375c@group-929BD6ACA769-LeaderElection71] INFO  server.RaftServerConfigKeys (ConfUtils.java:logGet(43)) - raft.server.staging.catchup.gap = 1000 (default)
2019-10-07 23:30:26,500 [51a40bca-cd4b-4fd1-b3a8-cd441e83375c@group-929BD6ACA769-LeaderElection71] INFO  server.RaftServerConfigKeys (ConfUtils.java:logGet(43)) - raft.server.rpc.sleep.time = 25ms (default)
2019-10-07 23:30:26,500 [51a40bca-cd4b-4fd1-b3a8-cd441e83375c@group-929BD6ACA769-LeaderElection71] INFO  server.RaftServerConfigKeys (ConfUtils.java:logGet(43)) - raft.server.write.element-limit = 4096 (default)
2019-10-07 23:30:26,501 [51a40bca-cd4b-4fd1-b3a8-cd441e83375c@group-929BD6ACA769-LeaderElection71] INFO  server.RaftServerConfigKeys (ConfUtils.java:logGet(43)) - raft.server.watch.timeout = 10s (default)
2019-10-07 23:30:26,501 [51a40bca-cd4b-4fd1-b3a8-cd441e83375c@group-929BD6ACA769-LeaderElection71] INFO  server.RaftServerConfigKeys (ConfUtils.java:logGet(43)) - raft.server.watch.timeout.denomination = 1s (default)
2019-10-07 23:30:26,501 [51a40bca-cd4b-4fd1-b3a8-cd441e83375c@group-929BD6ACA769-LeaderElection71] INFO  server.RaftServerConfigKeys (ConfUtils.java:logGet(43)) - raft.server.watch.element-limit = 65536 (default)
2019-10-07 23:30:26,501 [EventQueue-PipelineReportForPipelineReportHandler] INFO  pipeline.PipelineReportHandler (PipelineReportHandler.java:processPipelineReport(117)) - Pipeline PipelineID=0c73b227-b911-4485-9f9c-929bd6aca769 reported by 51a40bca-cd4b-4fd1-b3a8-cd441e83375c{ip: 192.168.151.75, host: pr-hdds-1868-k864b-3611000933, networkLocation: /default-rack, certSerialId: null} with leaderId 51a40bca-cd4b-4fd1-b3a8-cd441e83375c
2019-10-07 23:30:26,501 [EventQueue-PipelineReportForPipelineReportHandler] INFO  pipeline.PipelineStateManager (PipelineStateManager.java:openPipeline(136)) - Pipeline Pipeline[ Id: 0c73b227-b911-4485-9f9c-929bd6aca769, Nodes: 51a40bca-cd4b-4fd1-b3a8-cd441e83375c{ip: 192.168.151.75, host: pr-hdds-1868-k864b-3611000933, networkLocation: /default-rack, certSerialId: null}, Type:RATIS, Factor:ONE, State:OPEN] moved to OPEN state
2019-10-07 23:30:26,502 [EventQueue-PipelineReportForPipelineReportHandler] INFO  pipeline.PipelineReportHandler (PipelineReportHandler.java:processPipelineReport(117)) - Pipeline PipelineID=8692568d-6852-4dc7-ade7-c837915b9584 reported by 51a40bca-cd4b-4fd1-b3a8-cd441e83375c{ip: 192.168.151.75, host: pr-hdds-1868-k864b-3611000933, networkLocation: /default-rack, certSerialId: null} with leaderId 
2019-10-07 23:30:26,503 [51a40bca-cd4b-4fd1-b3a8-cd441e83375c@group-929BD6ACA769-LeaderElection71] INFO  impl.RoleInfo (RoleInfo.java:updateAndGet(143)) - 51a40bca-cd4b-4fd1-b3a8-cd441e83375c: start LeaderState
2019-10-07 23:30:26,503 [51a40bca-cd4b-4fd1-b3a8-cd441e83375c@group-929BD6ACA769-LeaderElection71] INFO  segmented.SegmentedRaftLogWorker (SegmentedRaftLogWorker.java:startLogSegment(385)) - 51a40bca-cd4b-4fd1-b3a8-cd441e83375c@group-929BD6ACA769-SegmentedRaftLogWorker: Starting segment from index:0
2019-10-07 23:30:26,504 [51a40bca-cd4b-4fd1-b3a8-cd441e83375c@group-929BD6ACA769-LeaderElection71] INFO  impl.RaftServerImpl (ServerState.java:setRaftConf(356)) - 51a40bca-cd4b-4fd1-b3a8-cd441e83375c@group-929BD6ACA769: set configuration 0: [51a40bca-cd4b-4fd1-b3a8-cd441e83375c:192.168.151.75:38825], old=null at 0
2019-10-07 23:30:26,537 [Thread-1649] INFO  impl.FollowerState (FollowerState.java:run(108)) - 71fe9c48-ef70-445b-89d4-550c4f010b84@group-3D34E03D3B72-FollowerState: change to CANDIDATE, lastRpcTime:5005ms, electionTimeout:5005ms
2019-10-07 23:30:26,537 [Thread-1649] INFO  impl.RoleInfo (RoleInfo.java:shutdownFollowerState(121)) - 71fe9c48-ef70-445b-89d4-550c4f010b84: shutdown FollowerState
2019-10-07 23:30:26,537 [Thread-1649] INFO  impl.RaftServerImpl (RaftServerImpl.java:setRole(170)) - 71fe9c48-ef70-445b-89d4-550c4f010b84@group-3D34E03D3B72: changes role from  FOLLOWER to CANDIDATE at term 0 for changeToCandidate
2019-10-07 23:30:26,537 [Thread-1649] INFO  impl.RoleInfo (RoleInfo.java:updateAndGet(143)) - 71fe9c48-ef70-445b-89d4-550c4f010b84: start LeaderElection
2019-10-07 23:30:26,540 [Thread-1644] INFO  impl.FollowerState (FollowerState.java:run(108)) - 71fe9c48-ef70-445b-89d4-550c4f010b84@group-C837915B9584-FollowerState: change to CANDIDATE, lastRpcTime:5089ms, electionTimeout:5077ms
2019-10-07 23:30:26,542 [51a40bca-cd4b-4fd1-b3a8-cd441e83375c@group-929BD6ACA769-SegmentedRaftLogWorker] INFO  segmented.SegmentedRaftLogWorker (SegmentedRaftLogWorker.java:execute(576)) - 51a40bca-cd4b-4fd1-b3a8-cd441e83375c@group-929BD6ACA769-SegmentedRaftLogWorker: created new log segment /workdir/hadoop-ozone/integration-test/target/test-dir/MiniOzoneClusterImpl-5e9621be-c945-401e-a048-ea7290b0a7f2/datanode-4/data/ratis/0c73b227-b911-4485-9f9c-929bd6aca769/current/log_inprogress_0
2019-10-07 23:30:26,542 [Thread-1644] INFO  impl.RoleInfo (RoleInfo.java:shutdownFollowerState(121)) - 71fe9c48-ef70-445b-89d4-550c4f010b84: shutdown FollowerState
2019-10-07 23:30:26,542 [Thread-1644] INFO  impl.RaftServerImpl (RaftServerImpl.java:setRole(170)) - 71fe9c48-ef70-445b-89d4-550c4f010b84@group-C837915B9584: changes role from  FOLLOWER to CANDIDATE at term 0 for changeToCandidate
2019-10-07 23:30:26,542 [Thread-1644] INFO  impl.RoleInfo (RoleInfo.java:updateAndGet(143)) - 71fe9c48-ef70-445b-89d4-550c4f010b84: start LeaderElection
2019-10-07 23:30:26,551 [Thread-1639] INFO  impl.FollowerState (FollowerState.java:run(108)) - 1757d5fa-a161-4c0a-b504-ed724002c805@group-C837915B9584-FollowerState: change to CANDIDATE, lastRpcTime:5105ms, electionTimeout:5101ms
2019-10-07 23:30:26,551 [Thread-1639] INFO  impl.RoleInfo (RoleInfo.java:shutdownFollowerState(121)) - 1757d5fa-a161-4c0a-b504-ed724002c805: shutdown FollowerState
2019-10-07 23:30:26,551 [Thread-1639] INFO  impl.RaftServerImpl (RaftServerImpl.java:setRole(170)) - 1757d5fa-a161-4c0a-b504-ed724002c805@group-C837915B9584: changes role from  FOLLOWER to CANDIDATE at term 0 for changeToCandidate
2019-10-07 23:30:26,551 [Thread-1639] INFO  impl.RoleInfo (RoleInfo.java:updateAndGet(143)) - 1757d5fa-a161-4c0a-b504-ed724002c805: start LeaderElection
2019-10-07 23:30:26,555 [main] INFO  ozone.MiniOzoneClusterImpl (MiniOzoneClusterImpl.java:lambda$waitForClusterToBeReady$2(164)) - Waiting for 4 number of pipelines out of 9, to report a leader.
2019-10-07 23:30:26,568 [71fe9c48-ef70-445b-89d4-550c4f010b84@group-3D34E03D3B72-LeaderElection72] INFO  impl.LeaderElection (LeaderElection.java:askForVotes(178)) - 71fe9c48-ef70-445b-89d4-550c4f010b84@group-3D34E03D3B72-LeaderElection72: begin an election at term 1 for -1: [71fe9c48-ef70-445b-89d4-550c4f010b84:192.168.151.75:34661], old=null
2019-10-07 23:30:26,568 [71fe9c48-ef70-445b-89d4-550c4f010b84@group-C837915B9584-LeaderElection73] INFO  impl.LeaderElection (LeaderElection.java:askForVotes(178)) - 71fe9c48-ef70-445b-89d4-550c4f010b84@group-C837915B9584-LeaderElection73: begin an election at term 1 for -1: [51a40bca-cd4b-4fd1-b3a8-cd441e83375c:192.168.151.75:38825, 71fe9c48-ef70-445b-89d4-550c4f010b84:192.168.151.75:34661, 1757d5fa-a161-4c0a-b504-ed724002c805:192.168.151.75:37685], old=null
2019-10-07 23:30:26,568 [71fe9c48-ef70-445b-89d4-550c4f010b84@group-3D34E03D3B72-LeaderElection72] INFO  impl.RoleInfo (RoleInfo.java:shutdownLeaderElection(134)) - 71fe9c48-ef70-445b-89d4-550c4f010b84: shutdown LeaderElection
2019-10-07 23:30:26,568 [71fe9c48-ef70-445b-89d4-550c4f010b84@group-3D34E03D3B72-LeaderElection72] INFO  impl.RaftServerImpl (RaftServerImpl.java:setRole(170)) - 71fe9c48-ef70-445b-89d4-550c4f010b84@group-3D34E03D3B72: changes role from CANDIDATE to LEADER at term 1 for changeToLeader
2019-10-07 23:30:26,568 [71fe9c48-ef70-445b-89d4-550c4f010b84@group-3D34E03D3B72-LeaderElection72] INFO  ratis.XceiverServerRatis (XceiverServerRatis.java:handleLeaderChangedNotification(702)) - Leader change notification received for group: group-3D34E03D3B72 with new leaderId: 71fe9c48-ef70-445b-89d4-550c4f010b84
2019-10-07 23:30:26,568 [1757d5fa-a161-4c0a-b504-ed724002c805@group-C837915B9584-LeaderElection74] INFO  impl.LeaderElection (LeaderElection.java:askForVotes(178)) - 1757d5fa-a161-4c0a-b504-ed724002c805@group-C837915B9584-LeaderElection74: begin an election at term 1 for -1: [51a40bca-cd4b-4fd1-b3a8-cd441e83375c:192.168.151.75:38825, 71fe9c48-ef70-445b-89d4-550c4f010b84:192.168.151.75:34661, 1757d5fa-a161-4c0a-b504-ed724002c805:192.168.151.75:37685], old=null
2019-10-07 23:30:26,569 [71fe9c48-ef70-445b-89d4-550c4f010b84@group-3D34E03D3B72-LeaderElection72] INFO  impl.RaftServerImpl (ServerState.java:setLeader(255)) - 71fe9c48-ef70-445b-89d4-550c4f010b84@group-3D34E03D3B72: change Leader from null to 71fe9c48-ef70-445b-89d4-550c4f010b84 at term 1 for becomeLeader, leader elected after 5041ms
2019-10-07 23:30:26,569 [71fe9c48-ef70-445b-89d4-550c4f010b84@group-3D34E03D3B72-LeaderElection72] INFO  server.RaftServerConfigKeys (ConfUtils.java:logGet(43)) - raft.server.staging.catchup.gap = 1000 (default)
2019-10-07 23:30:26,572 [71fe9c48-ef70-445b-89d4-550c4f010b84@group-3D34E03D3B72-LeaderElection72] INFO  server.RaftServerConfigKeys (ConfUtils.java:logGet(43)) - raft.server.rpc.sleep.time = 25ms (default)
2019-10-07 23:30:26,572 [71fe9c48-ef70-445b-89d4-550c4f010b84@group-3D34E03D3B72-LeaderElection72] INFO  server.RaftServerConfigKeys (ConfUtils.java:logGet(43)) - raft.server.write.element-limit = 4096 (default)
2019-10-07 23:30:26,572 [71fe9c48-ef70-445b-89d4-550c4f010b84@group-3D34E03D3B72-LeaderElection72] INFO  server.RaftServerConfigKeys (ConfUtils.java:logGet(43)) - raft.server.watch.timeout = 10s (default)
2019-10-07 23:30:26,572 [71fe9c48-ef70-445b-89d4-550c4f010b84@group-3D34E03D3B72-LeaderElection72] INFO  server.RaftServerConfigKeys (ConfUtils.java:logGet(43)) - raft.server.watch.timeout.denomination = 1s (default)
2019-10-07 23:30:26,573 [71fe9c48-ef70-445b-89d4-550c4f010b84@group-3D34E03D3B72-LeaderElection72] INFO  server.RaftServerConfigKeys (ConfUtils.java:logGet(43)) - raft.server.watch.element-limit = 65536 (default)
2019-10-07 23:30:26,573 [EventQueue-PipelineReportForPipelineReportHandler] INFO  pipeline.PipelineReportHandler (PipelineReportHandler.java:processPipelineReport(117)) - Pipeline PipelineID=8692568d-6852-4dc7-ade7-c837915b9584 reported by 71fe9c48-ef70-445b-89d4-550c4f010b84{ip: 192.168.151.75, host: pr-hdds-1868-k864b-3611000933, networkLocation: /default-rack, certSerialId: null} with leaderId 
2019-10-07 23:30:26,574 [EventQueue-PipelineReportForPipelineReportHandler] INFO  pipeline.PipelineStateManager (PipelineStateManager.java:openPipeline(136)) - Pipeline Pipeline[ Id: 8692568d-6852-4dc7-ade7-c837915b9584, Nodes: 71fe9c48-ef70-445b-89d4-550c4f010b84{ip: 192.168.151.75, host: pr-hdds-1868-k864b-3611000933, networkLocation: /default-rack, certSerialId: null}51a40bca-cd4b-4fd1-b3a8-cd441e83375c{ip: 192.168.151.75, host: pr-hdds-1868-k864b-3611000933, networkLocation: /default-rack, certSerialId: null}1757d5fa-a161-4c0a-b504-ed724002c805{ip: 192.168.151.75, host: pr-hdds-1868-k864b-3611000933, networkLocation: /default-rack, certSerialId: null}, Type:RATIS, Factor:THREE, State:OPEN] moved to OPEN state
2019-10-07 23:30:26,574 [EventQueue-PipelineReportForPipelineReportHandler] INFO  pipeline.PipelineReportHandler (PipelineReportHandler.java:processPipelineReport(117)) - Pipeline PipelineID=22f4fe54-1a5b-4e4f-94ea-3d34e03d3b72 reported by 71fe9c48-ef70-445b-89d4-550c4f010b84{ip: 192.168.151.75, host: pr-hdds-1868-k864b-3611000933, networkLocation: /default-rack, certSerialId: null} with leaderId 71fe9c48-ef70-445b-89d4-550c4f010b84
2019-10-07 23:30:26,574 [71fe9c48-ef70-445b-89d4-550c4f010b84@group-3D34E03D3B72-LeaderElection72] INFO  impl.RoleInfo (RoleInfo.java:updateAndGet(143)) - 71fe9c48-ef70-445b-89d4-550c4f010b84: start LeaderState
2019-10-07 23:30:26,574 [EventQueue-PipelineReportForPipelineReportHandler] INFO  pipeline.PipelineStateManager (PipelineStateManager.java:openPipeline(136)) - Pipeline Pipeline[ Id: 22f4fe54-1a5b-4e4f-94ea-3d34e03d3b72, Nodes: 71fe9c48-ef70-445b-89d4-550c4f010b84{ip: 192.168.151.75, host: pr-hdds-1868-k864b-3611000933, networkLocation: /default-rack, certSerialId: null}, Type:RATIS, Factor:ONE, State:OPEN] moved to OPEN state
2019-10-07 23:30:26,575 [71fe9c48-ef70-445b-89d4-550c4f010b84@group-3D34E03D3B72-LeaderElection72] INFO  segmented.SegmentedRaftLogWorker (SegmentedRaftLogWorker.java:startLogSegment(385)) - 71fe9c48-ef70-445b-89d4-550c4f010b84@group-3D34E03D3B72-SegmentedRaftLogWorker: Starting segment from index:0
2019-10-07 23:30:26,579 [71fe9c48-ef70-445b-89d4-550c4f010b84@group-3D34E03D3B72-LeaderElection72] INFO  impl.RaftServerImpl (ServerState.java:setRaftConf(356)) - 71fe9c48-ef70-445b-89d4-550c4f010b84@group-3D34E03D3B72: set configuration 0: [71fe9c48-ef70-445b-89d4-550c4f010b84:192.168.151.75:34661], old=null at 0
2019-10-07 23:30:26,581 [grpc-default-executor-5] INFO  impl.RaftServerImpl (RaftServerImpl.java:setRole(170)) - 51a40bca-cd4b-4fd1-b3a8-cd441e83375c@group-C837915B9584: changes role from  FOLLOWER to FOLLOWER at term 1 for recognizeCandidate:1757d5fa-a161-4c0a-b504-ed724002c805
2019-10-07 23:30:26,605 [grpc-default-executor-5] INFO  impl.RoleInfo (RoleInfo.java:shutdownFollowerState(121)) - 51a40bca-cd4b-4fd1-b3a8-cd441e83375c: shutdown FollowerState
2019-10-07 23:30:26,605 [grpc-default-executor-5] INFO  impl.RoleInfo (RoleInfo.java:updateAndGet(143)) - 51a40bca-cd4b-4fd1-b3a8-cd441e83375c: start FollowerState
2019-10-07 23:30:26,605 [Thread-1643] INFO  impl.FollowerState (FollowerState.java:run(117)) - 51a40bca-cd4b-4fd1-b3a8-cd441e83375c@group-C837915B9584-FollowerState was interrupted: java.lang.InterruptedException: sleep interrupted
2019-10-07 23:30:26,629 [71fe9c48-ef70-445b-89d4-550c4f010b84@group-3D34E03D3B72-SegmentedRaftLogWorker] INFO  segmented.SegmentedRaftLogWorker (SegmentedRaftLogWorker.java:execute(576)) - 71fe9c48-ef70-445b-89d4-550c4f010b84@group-3D34E03D3B72-SegmentedRaftLogWorker: created new log segment /workdir/hadoop-ozone/integration-test/target/test-dir/MiniOzoneClusterImpl-5e9621be-c945-401e-a048-ea7290b0a7f2/datanode-3/data/ratis/22f4fe54-1a5b-4e4f-94ea-3d34e03d3b72/current/log_inprogress_0
2019-10-07 23:30:26,633 [1757d5fa-a161-4c0a-b504-ed724002c805@group-C837915B9584-LeaderElection74] INFO  impl.LeaderElection (LeaderElection.java:logAndReturn(56)) - 1757d5fa-a161-4c0a-b504-ed724002c805@group-C837915B9584-LeaderElection74: Election PASSED; received 2 response(s) [1757d5fa-a161-4c0a-b504-ed724002c805<-51a40bca-cd4b-4fd1-b3a8-cd441e83375c#0:OK-t1, 1757d5fa-a161-4c0a-b504-ed724002c805<-71fe9c48-ef70-445b-89d4-550c4f010b84#0:FAIL-t1] and 0 exception(s); 1757d5fa-a161-4c0a-b504-ed724002c805@group-C837915B9584:t1, leader=null, voted=1757d5fa-a161-4c0a-b504-ed724002c805, raftlog=1757d5fa-a161-4c0a-b504-ed724002c805@group-C837915B9584-SegmentedRaftLog:OPENED:c-1,f-1,i0, conf=-1: [51a40bca-cd4b-4fd1-b3a8-cd441e83375c:192.168.151.75:38825, 71fe9c48-ef70-445b-89d4-550c4f010b84:192.168.151.75:34661, 1757d5fa-a161-4c0a-b504-ed724002c805:192.168.151.75:37685], old=null
2019-10-07 23:30:26,634 [1757d5fa-a161-4c0a-b504-ed724002c805@group-C837915B9584-LeaderElection74] INFO  impl.RoleInfo (RoleInfo.java:shutdownLeaderElection(134)) - 1757d5fa-a161-4c0a-b504-ed724002c805: shutdown LeaderElection
2019-10-07 23:30:26,634 [1757d5fa-a161-4c0a-b504-ed724002c805@group-C837915B9584-LeaderElection74] INFO  impl.RaftServerImpl (RaftServerImpl.java:setRole(170)) - 1757d5fa-a161-4c0a-b504-ed724002c805@group-C837915B9584: changes role from CANDIDATE to LEADER at term 1 for changeToLeader
2019-10-07 23:30:26,634 [71fe9c48-ef70-445b-89d4-550c4f010b84@group-C837915B9584-LeaderElection73] INFO  impl.LeaderElection (LeaderElection.java:logAndReturn(56)) - 71fe9c48-ef70-445b-89d4-550c4f010b84@group-C837915B9584-LeaderElection73: Election REJECTED; received 2 response(s) [71fe9c48-ef70-445b-89d4-550c4f010b84<-51a40bca-cd4b-4fd1-b3a8-cd441e83375c#0:FAIL-t1, 71fe9c48-ef70-445b-89d4-550c4f010b84<-1757d5fa-a161-4c0a-b504-ed724002c805#0:FAIL-t1] and 0 exception(s); 71fe9c48-ef70-445b-89d4-550c4f010b84@group-C837915B9584:t1, leader=null, voted=71fe9c48-ef70-445b-89d4-550c4f010b84, raftlog=71fe9c48-ef70-445b-89d4-550c4f010b84@group-C837915B9584-SegmentedRaftLog:OPENED:c-1,f-1,i0, conf=-1: [51a40bca-cd4b-4fd1-b3a8-cd441e83375c:192.168.151.75:38825, 71fe9c48-ef70-445b-89d4-550c4f010b84:192.168.151.75:34661, 1757d5fa-a161-4c0a-b504-ed724002c805:192.168.151.75:37685], old=null
2019-10-07 23:30:26,634 [1757d5fa-a161-4c0a-b504-ed724002c805@group-C837915B9584-LeaderElection74] INFO  ratis.XceiverServerRatis (XceiverServerRatis.java:handleLeaderChangedNotification(702)) - Leader change notification received for group: group-C837915B9584 with new leaderId: 1757d5fa-a161-4c0a-b504-ed724002c805
2019-10-07 23:30:26,634 [71fe9c48-ef70-445b-89d4-550c4f010b84@group-C837915B9584-LeaderElection73] INFO  impl.RaftServerImpl (RaftServerImpl.java:setRole(170)) - 71fe9c48-ef70-445b-89d4-550c4f010b84@group-C837915B9584: changes role from CANDIDATE to FOLLOWER at term 1 for DISCOVERED_A_NEW_TERM
2019-10-07 23:30:26,634 [1757d5fa-a161-4c0a-b504-ed724002c805@group-C837915B9584-LeaderElection74] INFO  impl.RaftServerImpl (ServerState.java:setLeader(255)) - 1757d5fa-a161-4c0a-b504-ed724002c805@group-C837915B9584: change Leader from null to 1757d5fa-a161-4c0a-b504-ed724002c805 at term 1 for becomeLeader, leader elected after 5197ms
2019-10-07 23:30:26,634 [71fe9c48-ef70-445b-89d4-550c4f010b84@group-C837915B9584-LeaderElection73] INFO  impl.RoleInfo (RoleInfo.java:shutdownLeaderElection(134)) - 71fe9c48-ef70-445b-89d4-550c4f010b84: shutdown LeaderElection
2019-10-07 23:30:26,634 [1757d5fa-a161-4c0a-b504-ed724002c805@group-C837915B9584-LeaderElection74] INFO  server.RaftServerConfigKeys (ConfUtils.java:logGet(43)) - raft.server.staging.catchup.gap = 1000 (default)
2019-10-07 23:30:26,635 [71fe9c48-ef70-445b-89d4-550c4f010b84@group-C837915B9584-LeaderElection73] INFO  impl.RoleInfo (RoleInfo.java:updateAndGet(143)) - 71fe9c48-ef70-445b-89d4-550c4f010b84: start FollowerState
2019-10-07 23:30:26,635 [1757d5fa-a161-4c0a-b504-ed724002c805@group-C837915B9584-LeaderElection74] INFO  server.RaftServerConfigKeys (ConfUtils.java:logGet(43)) - raft.server.rpc.sleep.time = 25ms (default)
2019-10-07 23:30:26,635 [1757d5fa-a161-4c0a-b504-ed724002c805@group-C837915B9584-LeaderElection74] INFO  server.RaftServerConfigKeys (ConfUtils.java:logGet(43)) - raft.server.write.element-limit = 4096 (default)
2019-10-07 23:30:26,635 [1757d5fa-a161-4c0a-b504-ed724002c805@group-C837915B9584-LeaderElection74] INFO  server.RaftServerConfigKeys (ConfUtils.java:logGet(43)) - raft.server.watch.timeout = 10s (default)
2019-10-07 23:30:26,635 [1757d5fa-a161-4c0a-b504-ed724002c805@group-C837915B9584-LeaderElection74] INFO  server.RaftServerConfigKeys (ConfUtils.java:logGet(43)) - raft.server.watch.timeout.denomination = 1s (default)
2019-10-07 23:30:26,636 [1757d5fa-a161-4c0a-b504-ed724002c805@group-C837915B9584-LeaderElection74] INFO  server.RaftServerConfigKeys (ConfUtils.java:logGet(43)) - raft.server.watch.element-limit = 65536 (default)
2019-10-07 23:30:26,637 [1757d5fa-a161-4c0a-b504-ed724002c805@group-C837915B9584-LeaderElection74] INFO  server.RaftServerConfigKeys (ConfUtils.java:logGet(43)) - raft.server.log.appender.snapshot.chunk.size.max = 16MB (=16777216) (default)
2019-10-07 23:30:26,637 [1757d5fa-a161-4c0a-b504-ed724002c805@group-C837915B9584-LeaderElection74] INFO  server.RaftServerConfigKeys (ConfUtils.java:logGet(43)) - raft.server.log.appender.buffer.byte-limit = 33554432 (custom)
2019-10-07 23:30:26,637 [1757d5fa-a161-4c0a-b504-ed724002c805@group-C837915B9584-LeaderElection74] INFO  server.RaftServerConfigKeys (ConfUtils.java:logGet(43)) - raft.server.log.appender.buffer.element-limit = 1 (custom)
2019-10-07 23:30:26,637 [1757d5fa-a161-4c0a-b504-ed724002c805@group-C837915B9584-LeaderElection74] INFO  grpc.GrpcConfigKeys$Server (ConfUtils.java:logGet(43)) - raft.grpc.server.leader.outstanding.appends.max = 128 (default)
2019-10-07 23:30:26,637 [1757d5fa-a161-4c0a-b504-ed724002c805@group-C837915B9584-LeaderElection74] INFO  server.RaftServerConfigKeys (ConfUtils.java:logGet(43)) - raft.server.rpc.request.timeout = 3000ms (default)
2019-10-07 23:30:26,638 [1757d5fa-a161-4c0a-b504-ed724002c805@group-C837915B9584-LeaderElection74] INFO  server.RaftServerConfigKeys (ConfUtils.java:logGet(43)) - raft.server.log.appender.install.snapshot.enabled = false (custom)
2019-10-07 23:30:26,638 [1757d5fa-a161-4c0a-b504-ed724002c805@group-C837915B9584-LeaderElection74] INFO  server.RaftServerConfigKeys (ConfUtils.java:logGet(43)) - raft.server.log.appender.snapshot.chunk.size.max = 16MB (=16777216) (default)
2019-10-07 23:30:26,638 [1757d5fa-a161-4c0a-b504-ed724002c805@group-C837915B9584-LeaderElection74] INFO  server.RaftServerConfigKeys (ConfUtils.java:logGet(43)) - raft.server.log.appender.buffer.byte-limit = 33554432 (custom)
2019-10-07 23:30:26,638 [1757d5fa-a161-4c0a-b504-ed724002c805@group-C837915B9584-LeaderElection74] INFO  server.RaftServerConfigKeys (ConfUtils.java:logGet(43)) - raft.server.log.appender.buffer.element-limit = 1 (custom)
2019-10-07 23:30:26,638 [1757d5fa-a161-4c0a-b504-ed724002c805@group-C837915B9584-LeaderElection74] INFO  grpc.GrpcConfigKeys$Server (ConfUtils.java:logGet(43)) - raft.grpc.server.leader.outstanding.appends.max = 128 (default)
2019-10-07 23:30:26,638 [1757d5fa-a161-4c0a-b504-ed724002c805@group-C837915B9584-LeaderElection74] INFO  server.RaftServerConfigKeys (ConfUtils.java:logGet(43)) - raft.server.rpc.request.timeout = 3000ms (default)
2019-10-07 23:30:26,638 [1757d5fa-a161-4c0a-b504-ed724002c805@group-C837915B9584-LeaderElection74] INFO  server.RaftServerConfigKeys (ConfUtils.java:logGet(43)) - raft.server.log.appender.install.snapshot.enabled = false (custom)
2019-10-07 23:30:26,638 [1757d5fa-a161-4c0a-b504-ed724002c805@group-C837915B9584-LeaderElection74] INFO  impl.RoleInfo (RoleInfo.java:updateAndGet(143)) - 1757d5fa-a161-4c0a-b504-ed724002c805: start LeaderState
2019-10-07 23:30:26,639 [1757d5fa-a161-4c0a-b504-ed724002c805@group-C837915B9584-LeaderElection74] INFO  segmented.SegmentedRaftLogWorker (SegmentedRaftLogWorker.java:startLogSegment(385)) - 1757d5fa-a161-4c0a-b504-ed724002c805@group-C837915B9584-SegmentedRaftLogWorker: Starting segment from index:0
2019-10-07 23:30:26,640 [1757d5fa-a161-4c0a-b504-ed724002c805@group-C837915B9584-LeaderElection74] INFO  impl.RaftServerImpl (ServerState.java:setRaftConf(356)) - 1757d5fa-a161-4c0a-b504-ed724002c805@group-C837915B9584: set configuration 0: [51a40bca-cd4b-4fd1-b3a8-cd441e83375c:192.168.151.75:38825, 71fe9c48-ef70-445b-89d4-550c4f010b84:192.168.151.75:34661, 1757d5fa-a161-4c0a-b504-ed724002c805:192.168.151.75:37685], old=null at 0
2019-10-07 23:30:26,641 [grpc-default-executor-5] INFO  ratis.XceiverServerRatis (XceiverServerRatis.java:handleLeaderChangedNotification(702)) - Leader change notification received for group: group-C837915B9584 with new leaderId: 1757d5fa-a161-4c0a-b504-ed724002c805
2019-10-07 23:30:26,641 [grpc-default-executor-5] INFO  impl.RaftServerImpl (ServerState.java:setLeader(255)) - 51a40bca-cd4b-4fd1-b3a8-cd441e83375c@group-C837915B9584: change Leader from null to 1757d5fa-a161-4c0a-b504-ed724002c805 at term 1 for appendEntries, leader elected after 5204ms
2019-10-07 23:30:26,642 [grpc-default-executor-2] INFO  ratis.XceiverServerRatis (XceiverServerRatis.java:handleLeaderChangedNotification(702)) - Leader change notification received for group: group-C837915B9584 with new leaderId: 1757d5fa-a161-4c0a-b504-ed724002c805
2019-10-07 23:30:26,642 [grpc-default-executor-2] INFO  impl.RaftServerImpl (ServerState.java:setLeader(255)) - 71fe9c48-ef70-445b-89d4-550c4f010b84@group-C837915B9584: change Leader from null to 1757d5fa-a161-4c0a-b504-ed724002c805 at term 1 for appendEntries, leader elected after 5205ms
2019-10-07 23:30:26,644 [grpc-default-executor-2] INFO  impl.RaftServerImpl (ServerState.java:setRaftConf(356)) - 51a40bca-cd4b-4fd1-b3a8-cd441e83375c@group-C837915B9584: set configuration 0: [51a40bca-cd4b-4fd1-b3a8-cd441e83375c:192.168.151.75:38825, 71fe9c48-ef70-445b-89d4-550c4f010b84:192.168.151.75:34661, 1757d5fa-a161-4c0a-b504-ed724002c805:192.168.151.75:37685], old=null at 0
2019-10-07 23:30:26,644 [grpc-default-executor-2] INFO  segmented.SegmentedRaftLogWorker (SegmentedRaftLogWorker.java:startLogSegment(385)) - 51a40bca-cd4b-4fd1-b3a8-cd441e83375c@group-C837915B9584-SegmentedRaftLogWorker: Starting segment from index:0
2019-10-07 23:30:26,644 [grpc-default-executor-5] INFO  impl.RaftServerImpl (ServerState.java:setRaftConf(356)) - 71fe9c48-ef70-445b-89d4-550c4f010b84@group-C837915B9584: set configuration 0: [51a40bca-cd4b-4fd1-b3a8-cd441e83375c:192.168.151.75:38825, 71fe9c48-ef70-445b-89d4-550c4f010b84:192.168.151.75:34661, 1757d5fa-a161-4c0a-b504-ed724002c805:192.168.151.75:37685], old=null at 0
2019-10-07 23:30:26,645 [grpc-default-executor-5] INFO  segmented.SegmentedRaftLogWorker (SegmentedRaftLogWorker.java:startLogSegment(385)) - 71fe9c48-ef70-445b-89d4-550c4f010b84@group-C837915B9584-SegmentedRaftLogWorker: Starting segment from index:0
2019-10-07 23:30:26,677 [1757d5fa-a161-4c0a-b504-ed724002c805@group-C837915B9584-SegmentedRaftLogWorker] INFO  segmented.SegmentedRaftLogWorker (SegmentedRaftLogWorker.java:execute(576)) - 1757d5fa-a161-4c0a-b504-ed724002c805@group-C837915B9584-SegmentedRaftLogWorker: created new log segment /workdir/hadoop-ozone/integration-test/target/test-dir/MiniOzoneClusterImpl-5e9621be-c945-401e-a048-ea7290b0a7f2/datanode-5/data/ratis/8692568d-6852-4dc7-ade7-c837915b9584/current/log_inprogress_0
2019-10-07 23:30:26,677 [51a40bca-cd4b-4fd1-b3a8-cd441e83375c@group-C837915B9584-SegmentedRaftLogWorker] INFO  segmented.SegmentedRaftLogWorker (SegmentedRaftLogWorker.java:execute(576)) - 51a40bca-cd4b-4fd1-b3a8-cd441e83375c@group-C837915B9584-SegmentedRaftLogWorker: created new log segment /workdir/hadoop-ozone/integration-test/target/test-dir/MiniOzoneClusterImpl-5e9621be-c945-401e-a048-ea7290b0a7f2/datanode-4/data/ratis/8692568d-6852-4dc7-ade7-c837915b9584/current/log_inprogress_0
2019-10-07 23:30:26,702 [71fe9c48-ef70-445b-89d4-550c4f010b84@group-C837915B9584-SegmentedRaftLogWorker] INFO  segmented.SegmentedRaftLogWorker (SegmentedRaftLogWorker.java:execute(576)) - 71fe9c48-ef70-445b-89d4-550c4f010b84@group-C837915B9584-SegmentedRaftLogWorker: created new log segment /workdir/hadoop-ozone/integration-test/target/test-dir/MiniOzoneClusterImpl-5e9621be-c945-401e-a048-ea7290b0a7f2/datanode-3/data/ratis/8692568d-6852-4dc7-ade7-c837915b9584/current/log_inprogress_0
2019-10-07 23:30:26,707 [Thread-1653] INFO  impl.FollowerState (FollowerState.java:run(108)) - e36e47e5-1e3f-4d48-932e-d6c9017affe3@group-08E9E8DCC9C5-FollowerState: change to CANDIDATE, lastRpcTime:5105ms, electionTimeout:5105ms
2019-10-07 23:30:26,707 [Thread-1653] INFO  impl.RoleInfo (RoleInfo.java:shutdownFollowerState(121)) - e36e47e5-1e3f-4d48-932e-d6c9017affe3: shutdown FollowerState
2019-10-07 23:30:26,708 [Thread-1653] INFO  impl.RaftServerImpl (RaftServerImpl.java:setRole(170)) - e36e47e5-1e3f-4d48-932e-d6c9017affe3@group-08E9E8DCC9C5: changes role from  FOLLOWER to CANDIDATE at term 0 for changeToCandidate
2019-10-07 23:30:26,708 [Thread-1653] INFO  impl.RoleInfo (RoleInfo.java:updateAndGet(143)) - e36e47e5-1e3f-4d48-932e-d6c9017affe3: start LeaderElection
2019-10-07 23:30:26,725 [e36e47e5-1e3f-4d48-932e-d6c9017affe3@group-08E9E8DCC9C5-LeaderElection75] INFO  impl.LeaderElection (LeaderElection.java:askForVotes(178)) - e36e47e5-1e3f-4d48-932e-d6c9017affe3@group-08E9E8DCC9C5-LeaderElection75: begin an election at term 1 for -1: [e36e47e5-1e3f-4d48-932e-d6c9017affe3:192.168.151.75:33647], old=null
2019-10-07 23:30:26,725 [e36e47e5-1e3f-4d48-932e-d6c9017affe3@group-08E9E8DCC9C5-LeaderElection75] INFO  impl.RoleInfo (RoleInfo.java:shutdownLeaderElection(134)) - e36e47e5-1e3f-4d48-932e-d6c9017affe3: shutdown LeaderElection
2019-10-07 23:30:26,725 [e36e47e5-1e3f-4d48-932e-d6c9017affe3@group-08E9E8DCC9C5-LeaderElection75] INFO  impl.RaftServerImpl (RaftServerImpl.java:setRole(170)) - e36e47e5-1e3f-4d48-932e-d6c9017affe3@group-08E9E8DCC9C5: changes role from CANDIDATE to LEADER at term 1 for changeToLeader
2019-10-07 23:30:26,725 [e36e47e5-1e3f-4d48-932e-d6c9017affe3@group-08E9E8DCC9C5-LeaderElection75] INFO  ratis.XceiverServerRatis (XceiverServerRatis.java:handleLeaderChangedNotification(702)) - Leader change notification received for group: group-08E9E8DCC9C5 with new leaderId: e36e47e5-1e3f-4d48-932e-d6c9017affe3
2019-10-07 23:30:26,725 [e36e47e5-1e3f-4d48-932e-d6c9017affe3@group-08E9E8DCC9C5-LeaderElection75] INFO  impl.RaftServerImpl (ServerState.java:setLeader(255)) - e36e47e5-1e3f-4d48-932e-d6c9017affe3@group-08E9E8DCC9C5: change Leader from null to e36e47e5-1e3f-4d48-932e-d6c9017affe3 at term 1 for becomeLeader, leader elected after 5129ms
2019-10-07 23:30:26,726 [e36e47e5-1e3f-4d48-932e-d6c9017affe3@group-08E9E8DCC9C5-LeaderElection75] INFO  server.RaftServerConfigKeys (ConfUtils.java:logGet(43)) - raft.server.staging.catchup.gap = 1000 (default)
2019-10-07 23:30:26,731 [e36e47e5-1e3f-4d48-932e-d6c9017affe3@group-08E9E8DCC9C5-LeaderElection75] INFO  server.RaftServerConfigKeys (ConfUtils.java:logGet(43)) - raft.server.rpc.sleep.time = 25ms (default)
2019-10-07 23:30:26,732 [e36e47e5-1e3f-4d48-932e-d6c9017affe3@group-08E9E8DCC9C5-LeaderElection75] INFO  server.RaftServerConfigKeys (ConfUtils.java:logGet(43)) - raft.server.write.element-limit = 4096 (default)
2019-10-07 23:30:26,732 [e36e47e5-1e3f-4d48-932e-d6c9017affe3@group-08E9E8DCC9C5-LeaderElection75] INFO  server.RaftServerConfigKeys (ConfUtils.java:logGet(43)) - raft.server.watch.timeout = 10s (default)
2019-10-07 23:30:26,732 [e36e47e5-1e3f-4d48-932e-d6c9017affe3@group-08E9E8DCC9C5-LeaderElection75] INFO  server.RaftServerConfigKeys (ConfUtils.java:logGet(43)) - raft.server.watch.timeout.denomination = 1s (default)
2019-10-07 23:30:26,732 [e36e47e5-1e3f-4d48-932e-d6c9017affe3@group-08E9E8DCC9C5-LeaderElection75] INFO  server.RaftServerConfigKeys (ConfUtils.java:logGet(43)) - raft.server.watch.element-limit = 65536 (default)
2019-10-07 23:30:26,732 [EventQueue-PipelineReportForPipelineReportHandler] INFO  pipeline.PipelineReportHandler (PipelineReportHandler.java:processPipelineReport(117)) - Pipeline PipelineID=d07e5777-cc28-4ec5-aac6-05870fd362e5 reported by e36e47e5-1e3f-4d48-932e-d6c9017affe3{ip: 192.168.151.75, host: pr-hdds-1868-k864b-3611000933, networkLocation: /default-rack, certSerialId: null} with leaderId 
2019-10-07 23:30:26,733 [EventQueue-PipelineReportForPipelineReportHandler] INFO  pipeline.PipelineStateManager (PipelineStateManager.java:openPipeline(136)) - Pipeline Pipeline[ Id: d07e5777-cc28-4ec5-aac6-05870fd362e5, Nodes: e36e47e5-1e3f-4d48-932e-d6c9017affe3{ip: 192.168.151.75, host: pr-hdds-1868-k864b-3611000933, networkLocation: /default-rack, certSerialId: null}829bacd9-64a1-4193-8e1a-e4a73c9ba220{ip: 192.168.151.75, host: pr-hdds-1868-k864b-3611000933, networkLocation: /default-rack, certSerialId: null}514f190c-733c-43a5-9051-89b078470f15{ip: 192.168.151.75, host: pr-hdds-1868-k864b-3611000933, networkLocation: /default-rack, certSerialId: null}, Type:RATIS, Factor:THREE, State:OPEN] moved to OPEN state
2019-10-07 23:30:26,733 [EventQueue-PipelineReportForPipelineReportHandler] INFO  pipeline.PipelineReportHandler (PipelineReportHandler.java:processPipelineReport(117)) - Pipeline PipelineID=99c35d2b-4f54-4367-bf74-08e9e8dcc9c5 reported by e36e47e5-1e3f-4d48-932e-d6c9017affe3{ip: 192.168.151.75, host: pr-hdds-1868-k864b-3611000933, networkLocation: /default-rack, certSerialId: null} with leaderId e36e47e5-1e3f-4d48-932e-d6c9017affe3
2019-10-07 23:30:26,733 [EventQueue-PipelineReportForPipelineReportHandler] INFO  pipeline.PipelineStateManager (PipelineStateManager.java:openPipeline(136)) - Pipeline Pipeline[ Id: 99c35d2b-4f54-4367-bf74-08e9e8dcc9c5, Nodes: e36e47e5-1e3f-4d48-932e-d6c9017affe3{ip: 192.168.151.75, host: pr-hdds-1868-k864b-3611000933, networkLocation: /default-rack, certSerialId: null}, Type:RATIS, Factor:ONE, State:OPEN] moved to OPEN state
2019-10-07 23:30:26,734 [e36e47e5-1e3f-4d48-932e-d6c9017affe3@group-08E9E8DCC9C5-LeaderElection75] INFO  impl.RoleInfo (RoleInfo.java:updateAndGet(143)) - e36e47e5-1e3f-4d48-932e-d6c9017affe3: start LeaderState
2019-10-07 23:30:26,735 [e36e47e5-1e3f-4d48-932e-d6c9017affe3@group-08E9E8DCC9C5-LeaderElection75] INFO  segmented.SegmentedRaftLogWorker (SegmentedRaftLogWorker.java:startLogSegment(385)) - e36e47e5-1e3f-4d48-932e-d6c9017affe3@group-08E9E8DCC9C5-SegmentedRaftLogWorker: Starting segment from index:0
2019-10-07 23:30:26,735 [e36e47e5-1e3f-4d48-932e-d6c9017affe3@group-08E9E8DCC9C5-LeaderElection75] INFO  impl.RaftServerImpl (ServerState.java:setRaftConf(356)) - e36e47e5-1e3f-4d48-932e-d6c9017affe3@group-08E9E8DCC9C5: set configuration 0: [e36e47e5-1e3f-4d48-932e-d6c9017affe3:192.168.151.75:33647], old=null at 0
2019-10-07 23:30:26,790 [Thread-1664] INFO  impl.FollowerState (FollowerState.java:run(108)) - 514f190c-733c-43a5-9051-89b078470f15@group-05870FD362E5-FollowerState: change to CANDIDATE, lastRpcTime:5067ms, electionTimeout:5067ms
2019-10-07 23:30:26,791 [Thread-1664] INFO  impl.RoleInfo (RoleInfo.java:shutdownFollowerState(121)) - 514f190c-733c-43a5-9051-89b078470f15: shutdown FollowerState
2019-10-07 23:30:26,791 [Thread-1664] INFO  impl.RaftServerImpl (RaftServerImpl.java:setRole(170)) - 514f190c-733c-43a5-9051-89b078470f15@group-05870FD362E5: changes role from  FOLLOWER to CANDIDATE at term 0 for changeToCandidate
2019-10-07 23:30:26,791 [Thread-1664] INFO  impl.RoleInfo (RoleInfo.java:updateAndGet(143)) - 514f190c-733c-43a5-9051-89b078470f15: start LeaderElection
2019-10-07 23:30:26,795 [Thread-1663] INFO  impl.FollowerState (FollowerState.java:run(108)) - 829bacd9-64a1-4193-8e1a-e4a73c9ba220@group-05870FD362E5-FollowerState: change to CANDIDATE, lastRpcTime:5072ms, electionTimeout:5069ms
2019-10-07 23:30:26,795 [Thread-1663] INFO  impl.RoleInfo (RoleInfo.java:shutdownFollowerState(121)) - 829bacd9-64a1-4193-8e1a-e4a73c9ba220: shutdown FollowerState
2019-10-07 23:30:26,795 [e36e47e5-1e3f-4d48-932e-d6c9017affe3@group-08E9E8DCC9C5-SegmentedRaftLogWorker] INFO  segmented.SegmentedRaftLogWorker (SegmentedRaftLogWorker.java:execute(576)) - e36e47e5-1e3f-4d48-932e-d6c9017affe3@group-08E9E8DCC9C5-SegmentedRaftLogWorker: created new log segment /workdir/hadoop-ozone/integration-test/target/test-dir/MiniOzoneClusterImpl-5e9621be-c945-401e-a048-ea7290b0a7f2/datanode-0/data/ratis/99c35d2b-4f54-4367-bf74-08e9e8dcc9c5/current/log_inprogress_0
2019-10-07 23:30:26,796 [Thread-1663] INFO  impl.RaftServerImpl (RaftServerImpl.java:setRole(170)) - 829bacd9-64a1-4193-8e1a-e4a73c9ba220@group-05870FD362E5: changes role from  FOLLOWER to CANDIDATE at term 0 for changeToCandidate
2019-10-07 23:30:26,796 [Thread-1663] INFO  impl.RoleInfo (RoleInfo.java:updateAndGet(143)) - 829bacd9-64a1-4193-8e1a-e4a73c9ba220: start LeaderElection
2019-10-07 23:30:26,800 [Thread-1659] INFO  impl.FollowerState (FollowerState.java:run(108)) - e36e47e5-1e3f-4d48-932e-d6c9017affe3@group-05870FD362E5-FollowerState: change to CANDIDATE, lastRpcTime:5082ms, electionTimeout:5082ms
2019-10-07 23:30:26,800 [Thread-1659] INFO  impl.RoleInfo (RoleInfo.java:shutdownFollowerState(121)) - e36e47e5-1e3f-4d48-932e-d6c9017affe3: shutdown FollowerState
2019-10-07 23:30:26,800 [Thread-1659] INFO  impl.RaftServerImpl (RaftServerImpl.java:setRole(170)) - e36e47e5-1e3f-4d48-932e-d6c9017affe3@group-05870FD362E5: changes role from  FOLLOWER to CANDIDATE at term 0 for changeToCandidate
2019-10-07 23:30:26,800 [Thread-1659] INFO  impl.RoleInfo (RoleInfo.java:updateAndGet(143)) - e36e47e5-1e3f-4d48-932e-d6c9017affe3: start LeaderElection
2019-10-07 23:30:26,821 [e36e47e5-1e3f-4d48-932e-d6c9017affe3@group-05870FD362E5-LeaderElection78] INFO  impl.LeaderElection (LeaderElection.java:askForVotes(178)) - e36e47e5-1e3f-4d48-932e-d6c9017affe3@group-05870FD362E5-LeaderElection78: begin an election at term 1 for -1: [514f190c-733c-43a5-9051-89b078470f15:192.168.151.75:40950, e36e47e5-1e3f-4d48-932e-d6c9017affe3:192.168.151.75:33647, 829bacd9-64a1-4193-8e1a-e4a73c9ba220:192.168.151.75:43193], old=null
2019-10-07 23:30:26,821 [514f190c-733c-43a5-9051-89b078470f15@group-05870FD362E5-LeaderElection76] INFO  impl.LeaderElection (LeaderElection.java:askForVotes(178)) - 514f190c-733c-43a5-9051-89b078470f15@group-05870FD362E5-LeaderElection76: begin an election at term 1 for -1: [514f190c-733c-43a5-9051-89b078470f15:192.168.151.75:40950, e36e47e5-1e3f-4d48-932e-d6c9017affe3:192.168.151.75:33647, 829bacd9-64a1-4193-8e1a-e4a73c9ba220:192.168.151.75:43193], old=null
2019-10-07 23:30:26,821 [829bacd9-64a1-4193-8e1a-e4a73c9ba220@group-05870FD362E5-LeaderElection77] INFO  impl.LeaderElection (LeaderElection.java:askForVotes(178)) - 829bacd9-64a1-4193-8e1a-e4a73c9ba220@group-05870FD362E5-LeaderElection77: begin an election at term 1 for -1: [514f190c-733c-43a5-9051-89b078470f15:192.168.151.75:40950, e36e47e5-1e3f-4d48-932e-d6c9017affe3:192.168.151.75:33647, 829bacd9-64a1-4193-8e1a-e4a73c9ba220:192.168.151.75:43193], old=null
2019-10-07 23:30:26,834 [e36e47e5-1e3f-4d48-932e-d6c9017affe3@group-05870FD362E5-LeaderElection78] INFO  impl.LeaderElection (LeaderElection.java:logAndReturn(56)) - e36e47e5-1e3f-4d48-932e-d6c9017affe3@group-05870FD362E5-LeaderElection78: Election REJECTED; received 2 response(s) [e36e47e5-1e3f-4d48-932e-d6c9017affe3<-514f190c-733c-43a5-9051-89b078470f15#0:FAIL-t1, e36e47e5-1e3f-4d48-932e-d6c9017affe3<-829bacd9-64a1-4193-8e1a-e4a73c9ba220#0:FAIL-t1] and 0 exception(s); e36e47e5-1e3f-4d48-932e-d6c9017affe3@group-05870FD362E5:t1, leader=null, voted=e36e47e5-1e3f-4d48-932e-d6c9017affe3, raftlog=e36e47e5-1e3f-4d48-932e-d6c9017affe3@group-05870FD362E5-SegmentedRaftLog:OPENED:c-1,f-1,i0, conf=-1: [514f190c-733c-43a5-9051-89b078470f15:192.168.151.75:40950, e36e47e5-1e3f-4d48-932e-d6c9017affe3:192.168.151.75:33647, 829bacd9-64a1-4193-8e1a-e4a73c9ba220:192.168.151.75:43193], old=null
2019-10-07 23:30:26,835 [514f190c-733c-43a5-9051-89b078470f15@group-05870FD362E5-LeaderElection76] INFO  impl.LeaderElection (LeaderElection.java:logAndReturn(56)) - 514f190c-733c-43a5-9051-89b078470f15@group-05870FD362E5-LeaderElection76: Election REJECTED; received 2 response(s) [514f190c-733c-43a5-9051-89b078470f15<-e36e47e5-1e3f-4d48-932e-d6c9017affe3#0:FAIL-t1, 514f190c-733c-43a5-9051-89b078470f15<-829bacd9-64a1-4193-8e1a-e4a73c9ba220#0:FAIL-t1] and 0 exception(s); 514f190c-733c-43a5-9051-89b078470f15@group-05870FD362E5:t1, leader=null, voted=514f190c-733c-43a5-9051-89b078470f15, raftlog=514f190c-733c-43a5-9051-89b078470f15@group-05870FD362E5-SegmentedRaftLog:OPENED:c-1,f-1,i0, conf=-1: [514f190c-733c-43a5-9051-89b078470f15:192.168.151.75:40950, e36e47e5-1e3f-4d48-932e-d6c9017affe3:192.168.151.75:33647, 829bacd9-64a1-4193-8e1a-e4a73c9ba220:192.168.151.75:43193], old=null
2019-10-07 23:30:26,835 [e36e47e5-1e3f-4d48-932e-d6c9017affe3@group-05870FD362E5-LeaderElection78] INFO  impl.RaftServerImpl (RaftServerImpl.java:setRole(170)) - e36e47e5-1e3f-4d48-932e-d6c9017affe3@group-05870FD362E5: changes role from CANDIDATE to FOLLOWER at term 1 for DISCOVERED_A_NEW_TERM
2019-10-07 23:30:26,835 [514f190c-733c-43a5-9051-89b078470f15@group-05870FD362E5-LeaderElection76] INFO  impl.RaftServerImpl (RaftServerImpl.java:setRole(170)) - 514f190c-733c-43a5-9051-89b078470f15@group-05870FD362E5: changes role from CANDIDATE to FOLLOWER at term 1 for DISCOVERED_A_NEW_TERM
2019-10-07 23:30:26,835 [829bacd9-64a1-4193-8e1a-e4a73c9ba220@group-05870FD362E5-LeaderElection77] INFO  impl.LeaderElection (LeaderElection.java:logAndReturn(56)) - 829bacd9-64a1-4193-8e1a-e4a73c9ba220@group-05870FD362E5-LeaderElection77: Election REJECTED; received 2 response(s) [829bacd9-64a1-4193-8e1a-e4a73c9ba220<-514f190c-733c-43a5-9051-89b078470f15#0:FAIL-t1, 829bacd9-64a1-4193-8e1a-e4a73c9ba220<-e36e47e5-1e3f-4d48-932e-d6c9017affe3#0:FAIL-t1] and 0 exception(s); 829bacd9-64a1-4193-8e1a-e4a73c9ba220@group-05870FD362E5:t1, leader=null, voted=829bacd9-64a1-4193-8e1a-e4a73c9ba220, raftlog=829bacd9-64a1-4193-8e1a-e4a73c9ba220@group-05870FD362E5-SegmentedRaftLog:OPENED:c-1,f-1,i0, conf=-1: [514f190c-733c-43a5-9051-89b078470f15:192.168.151.75:40950, e36e47e5-1e3f-4d48-932e-d6c9017affe3:192.168.151.75:33647, 829bacd9-64a1-4193-8e1a-e4a73c9ba220:192.168.151.75:43193], old=null
2019-10-07 23:30:26,835 [e36e47e5-1e3f-4d48-932e-d6c9017affe3@group-05870FD362E5-LeaderElection78] INFO  impl.RoleInfo (RoleInfo.java:shutdownLeaderElection(134)) - e36e47e5-1e3f-4d48-932e-d6c9017affe3: shutdown LeaderElection
2019-10-07 23:30:26,836 [829bacd9-64a1-4193-8e1a-e4a73c9ba220@group-05870FD362E5-LeaderElection77] INFO  impl.RaftServerImpl (RaftServerImpl.java:setRole(170)) - 829bacd9-64a1-4193-8e1a-e4a73c9ba220@group-05870FD362E5: changes role from CANDIDATE to FOLLOWER at term 1 for DISCOVERED_A_NEW_TERM
2019-10-07 23:30:26,836 [829bacd9-64a1-4193-8e1a-e4a73c9ba220@group-05870FD362E5-LeaderElection77] INFO  impl.RoleInfo (RoleInfo.java:shutdownLeaderElection(134)) - 829bacd9-64a1-4193-8e1a-e4a73c9ba220: shutdown LeaderElection
2019-10-07 23:30:26,835 [514f190c-733c-43a5-9051-89b078470f15@group-05870FD362E5-LeaderElection76] INFO  impl.RoleInfo (RoleInfo.java:shutdownLeaderElection(134)) - 514f190c-733c-43a5-9051-89b078470f15: shutdown LeaderElection
2019-10-07 23:30:26,836 [829bacd9-64a1-4193-8e1a-e4a73c9ba220@group-05870FD362E5-LeaderElection77] INFO  impl.RoleInfo (RoleInfo.java:updateAndGet(143)) - 829bacd9-64a1-4193-8e1a-e4a73c9ba220: start FollowerState
2019-10-07 23:30:26,836 [e36e47e5-1e3f-4d48-932e-d6c9017affe3@group-05870FD362E5-LeaderElection78] INFO  impl.RoleInfo (RoleInfo.java:updateAndGet(143)) - e36e47e5-1e3f-4d48-932e-d6c9017affe3: start FollowerState
2019-10-07 23:30:26,836 [514f190c-733c-43a5-9051-89b078470f15@group-05870FD362E5-LeaderElection76] INFO  impl.RoleInfo (RoleInfo.java:updateAndGet(143)) - 514f190c-733c-43a5-9051-89b078470f15: start FollowerState
2019-10-07 23:30:27,555 [main] INFO  ozone.MiniOzoneClusterImpl (MiniOzoneClusterImpl.java:lambda$waitForClusterToBeReady$2(172)) - Cluster is ready. Got 7 of 7 DN Heartbeats.
2019-10-07 23:30:27,597 [main] INFO  rpc.RpcClient (RpcClient.java:createVolume(277)) - Creating Volume: watchforcommithandlingtest, with jenkins1000 as owner.
2019-10-07 23:30:27,601 [IPC Server handler 3 on 36767] INFO  volume.OMVolumeCreateRequest (OMVolumeCreateRequest.java:validateAndUpdateCache(193)) - created volume:watchforcommithandlingtest for user:jenkins1000
2019-10-07 23:30:27,616 [main] INFO  rpc.RpcClient (RpcClient.java:createBucket(416)) - Creating Bucket: watchforcommithandlingtest/watchforcommithandlingtest, with Versioning false and Storage Type set to DISK and Encryption set to false 
2019-10-07 23:30:27,621 [main] INFO  ozone.MiniOzoneClusterImpl (MiniOzoneClusterImpl.java:getStorageContainerLocationClient(260)) - Creating StorageContainerLocationProtocol RPC client with address /0.0.0.0:41847
2019-10-07 23:30:27,828 [Datanode State Machine Thread - 0] INFO  statemachine.DatanodeStateMachine (DatanodeStateMachine.java:lambda$startDaemon$0(350)) - Ozone container server started.
2019-10-07 23:30:31,873 [Thread-1709] INFO  impl.FollowerState (FollowerState.java:run(108)) - 514f190c-733c-43a5-9051-89b078470f15@group-05870FD362E5-FollowerState: change to CANDIDATE, lastRpcTime:5036ms, electionTimeout:5036ms
2019-10-07 23:30:31,874 [Thread-1709] INFO  impl.RoleInfo (RoleInfo.java:shutdownFollowerState(121)) - 514f190c-733c-43a5-9051-89b078470f15: shutdown FollowerState
2019-10-07 23:30:31,874 [Thread-1709] INFO  impl.RaftServerImpl (RaftServerImpl.java:setRole(170)) - 514f190c-733c-43a5-9051-89b078470f15@group-05870FD362E5: changes role from  FOLLOWER to CANDIDATE at term 1 for changeToCandidate
2019-10-07 23:30:31,874 [Thread-1709] INFO  impl.RoleInfo (RoleInfo.java:updateAndGet(143)) - 514f190c-733c-43a5-9051-89b078470f15: start LeaderElection
2019-10-07 23:30:31,902 [514f190c-733c-43a5-9051-89b078470f15@group-05870FD362E5-LeaderElection79] INFO  impl.LeaderElection (LeaderElection.java:askForVotes(178)) - 514f190c-733c-43a5-9051-89b078470f15@group-05870FD362E5-LeaderElection79: begin an election at term 2 for -1: [514f190c-733c-43a5-9051-89b078470f15:192.168.151.75:40950, e36e47e5-1e3f-4d48-932e-d6c9017affe3:192.168.151.75:33647, 829bacd9-64a1-4193-8e1a-e4a73c9ba220:192.168.151.75:43193], old=null
2019-10-07 23:30:31,906 [grpc-default-executor-1] INFO  impl.RaftServerImpl (RaftServerImpl.java:setRole(170)) - e36e47e5-1e3f-4d48-932e-d6c9017affe3@group-05870FD362E5: changes role from  FOLLOWER to FOLLOWER at term 2 for recognizeCandidate:514f190c-733c-43a5-9051-89b078470f15
2019-10-07 23:30:31,906 [grpc-default-executor-2] INFO  impl.RaftServerImpl (RaftServerImpl.java:setRole(170)) - 829bacd9-64a1-4193-8e1a-e4a73c9ba220@group-05870FD362E5: changes role from  FOLLOWER to FOLLOWER at term 2 for recognizeCandidate:514f190c-733c-43a5-9051-89b078470f15
2019-10-07 23:30:31,906 [grpc-default-executor-1] INFO  impl.RoleInfo (RoleInfo.java:shutdownFollowerState(121)) - e36e47e5-1e3f-4d48-932e-d6c9017affe3: shutdown FollowerState
2019-10-07 23:30:31,906 [grpc-default-executor-2] INFO  impl.RoleInfo (RoleInfo.java:shutdownFollowerState(121)) - 829bacd9-64a1-4193-8e1a-e4a73c9ba220: shutdown FollowerState
2019-10-07 23:30:31,906 [Thread-1707] INFO  impl.FollowerState (FollowerState.java:run(117)) - e36e47e5-1e3f-4d48-932e-d6c9017affe3@group-05870FD362E5-FollowerState was interrupted: java.lang.InterruptedException: sleep interrupted
2019-10-07 23:30:31,906 [grpc-default-executor-1] INFO  impl.RoleInfo (RoleInfo.java:updateAndGet(143)) - e36e47e5-1e3f-4d48-932e-d6c9017affe3: start FollowerState
2019-10-07 23:30:31,907 [Thread-1708] INFO  impl.FollowerState (FollowerState.java:run(117)) - 829bacd9-64a1-4193-8e1a-e4a73c9ba220@group-05870FD362E5-FollowerState was interrupted: java.lang.InterruptedException: sleep interrupted
2019-10-07 23:30:31,906 [grpc-default-executor-2] INFO  impl.RoleInfo (RoleInfo.java:updateAndGet(143)) - 829bacd9-64a1-4193-8e1a-e4a73c9ba220: start FollowerState
2019-10-07 23:30:31,930 [514f190c-733c-43a5-9051-89b078470f15@group-05870FD362E5-LeaderElection79] INFO  impl.LeaderElection (LeaderElection.java:logAndReturn(56)) - 514f190c-733c-43a5-9051-89b078470f15@group-05870FD362E5-LeaderElection79: Election PASSED; received 1 response(s) [514f190c-733c-43a5-9051-89b078470f15<-829bacd9-64a1-4193-8e1a-e4a73c9ba220#0:OK-t2] and 0 exception(s); 514f190c-733c-43a5-9051-89b078470f15@group-05870FD362E5:t2, leader=null, voted=514f190c-733c-43a5-9051-89b078470f15, raftlog=514f190c-733c-43a5-9051-89b078470f15@group-05870FD362E5-SegmentedRaftLog:OPENED:c-1,f-1,i0, conf=-1: [514f190c-733c-43a5-9051-89b078470f15:192.168.151.75:40950, e36e47e5-1e3f-4d48-932e-d6c9017affe3:192.168.151.75:33647, 829bacd9-64a1-4193-8e1a-e4a73c9ba220:192.168.151.75:43193], old=null
2019-10-07 23:30:31,931 [514f190c-733c-43a5-9051-89b078470f15@group-05870FD362E5-LeaderElection79] INFO  impl.RoleInfo (RoleInfo.java:shutdownLeaderElection(134)) - 514f190c-733c-43a5-9051-89b078470f15: shutdown LeaderElection
2019-10-07 23:30:31,931 [514f190c-733c-43a5-9051-89b078470f15@group-05870FD362E5-LeaderElection79] INFO  impl.RaftServerImpl (RaftServerImpl.java:setRole(170)) - 514f190c-733c-43a5-9051-89b078470f15@group-05870FD362E5: changes role from CANDIDATE to LEADER at term 2 for changeToLeader
2019-10-07 23:30:31,931 [514f190c-733c-43a5-9051-89b078470f15@group-05870FD362E5-LeaderElection79] INFO  ratis.XceiverServerRatis (XceiverServerRatis.java:handleLeaderChangedNotification(702)) - Leader change notification received for group: group-05870FD362E5 with new leaderId: 514f190c-733c-43a5-9051-89b078470f15
2019-10-07 23:30:31,931 [514f190c-733c-43a5-9051-89b078470f15@group-05870FD362E5-LeaderElection79] INFO  impl.RaftServerImpl (ServerState.java:setLeader(255)) - 514f190c-733c-43a5-9051-89b078470f15@group-05870FD362E5: change Leader from null to 514f190c-733c-43a5-9051-89b078470f15 at term 2 for becomeLeader, leader elected after 10223ms
2019-10-07 23:30:31,932 [514f190c-733c-43a5-9051-89b078470f15@group-05870FD362E5-LeaderElection79] INFO  server.RaftServerConfigKeys (ConfUtils.java:logGet(43)) - raft.server.staging.catchup.gap = 1000 (default)
2019-10-07 23:30:31,932 [514f190c-733c-43a5-9051-89b078470f15@group-05870FD362E5-LeaderElection79] INFO  server.RaftServerConfigKeys (ConfUtils.java:logGet(43)) - raft.server.rpc.sleep.time = 25ms (default)
2019-10-07 23:30:31,932 [514f190c-733c-43a5-9051-89b078470f15@group-05870FD362E5-LeaderElection79] INFO  server.RaftServerConfigKeys (ConfUtils.java:logGet(43)) - raft.server.write.element-limit = 4096 (default)
2019-10-07 23:30:31,932 [514f190c-733c-43a5-9051-89b078470f15@group-05870FD362E5-LeaderElection79] INFO  server.RaftServerConfigKeys (ConfUtils.java:logGet(43)) - raft.server.watch.timeout = 10s (default)
2019-10-07 23:30:31,933 [514f190c-733c-43a5-9051-89b078470f15@group-05870FD362E5-LeaderElection79] INFO  server.RaftServerConfigKeys (ConfUtils.java:logGet(43)) - raft.server.watch.timeout.denomination = 1s (default)
2019-10-07 23:30:31,933 [514f190c-733c-43a5-9051-89b078470f15@group-05870FD362E5-LeaderElection79] INFO  server.RaftServerConfigKeys (ConfUtils.java:logGet(43)) - raft.server.watch.element-limit = 65536 (default)
2019-10-07 23:30:31,936 [514f190c-733c-43a5-9051-89b078470f15@group-05870FD362E5-LeaderElection79] INFO  server.RaftServerConfigKeys (ConfUtils.java:logGet(43)) - raft.server.log.appender.snapshot.chunk.size.max = 16MB (=16777216) (default)
2019-10-07 23:30:31,936 [514f190c-733c-43a5-9051-89b078470f15@group-05870FD362E5-LeaderElection79] INFO  server.RaftServerConfigKeys (ConfUtils.java:logGet(43)) - raft.server.log.appender.buffer.byte-limit = 33554432 (custom)
2019-10-07 23:30:31,936 [514f190c-733c-43a5-9051-89b078470f15@group-05870FD362E5-LeaderElection79] INFO  server.RaftServerConfigKeys (ConfUtils.java:logGet(43)) - raft.server.log.appender.buffer.element-limit = 1 (custom)
2019-10-07 23:30:31,937 [514f190c-733c-43a5-9051-89b078470f15@group-05870FD362E5-LeaderElection79] INFO  grpc.GrpcConfigKeys$Server (ConfUtils.java:logGet(43)) - raft.grpc.server.leader.outstanding.appends.max = 128 (default)
2019-10-07 23:30:31,937 [514f190c-733c-43a5-9051-89b078470f15@group-05870FD362E5-LeaderElection79] INFO  server.RaftServerConfigKeys (ConfUtils.java:logGet(43)) - raft.server.rpc.request.timeout = 3000ms (default)
2019-10-07 23:30:31,937 [514f190c-733c-43a5-9051-89b078470f15@group-05870FD362E5-LeaderElection79] INFO  server.RaftServerConfigKeys (ConfUtils.java:logGet(43)) - raft.server.log.appender.install.snapshot.enabled = false (custom)
2019-10-07 23:30:31,937 [514f190c-733c-43a5-9051-89b078470f15@group-05870FD362E5-LeaderElection79] INFO  server.RaftServerConfigKeys (ConfUtils.java:logGet(43)) - raft.server.log.appender.snapshot.chunk.size.max = 16MB (=16777216) (default)
2019-10-07 23:30:31,937 [514f190c-733c-43a5-9051-89b078470f15@group-05870FD362E5-LeaderElection79] INFO  server.RaftServerConfigKeys (ConfUtils.java:logGet(43)) - raft.server.log.appender.buffer.byte-limit = 33554432 (custom)
2019-10-07 23:30:31,937 [514f190c-733c-43a5-9051-89b078470f15@group-05870FD362E5-LeaderElection79] INFO  server.RaftServerConfigKeys (ConfUtils.java:logGet(43)) - raft.server.log.appender.buffer.element-limit = 1 (custom)
2019-10-07 23:30:31,938 [514f190c-733c-43a5-9051-89b078470f15@group-05870FD362E5-LeaderElection79] INFO  grpc.GrpcConfigKeys$Server (ConfUtils.java:logGet(43)) - raft.grpc.server.leader.outstanding.appends.max = 128 (default)
2019-10-07 23:30:31,938 [514f190c-733c-43a5-9051-89b078470f15@group-05870FD362E5-LeaderElection79] INFO  server.RaftServerConfigKeys (ConfUtils.java:logGet(43)) - raft.server.rpc.request.timeout = 3000ms (default)
2019-10-07 23:30:31,938 [514f190c-733c-43a5-9051-89b078470f15@group-05870FD362E5-LeaderElection79] INFO  server.RaftServerConfigKeys (ConfUtils.java:logGet(43)) - raft.server.log.appender.install.snapshot.enabled = false (custom)
2019-10-07 23:30:31,938 [514f190c-733c-43a5-9051-89b078470f15@group-05870FD362E5-LeaderElection79] INFO  impl.RoleInfo (RoleInfo.java:updateAndGet(143)) - 514f190c-733c-43a5-9051-89b078470f15: start LeaderState
2019-10-07 23:30:31,939 [514f190c-733c-43a5-9051-89b078470f15@group-05870FD362E5-LeaderElection79] INFO  segmented.SegmentedRaftLogWorker (SegmentedRaftLogWorker.java:startLogSegment(385)) - 514f190c-733c-43a5-9051-89b078470f15@group-05870FD362E5-SegmentedRaftLogWorker: Starting segment from index:0
2019-10-07 23:30:31,940 [514f190c-733c-43a5-9051-89b078470f15@group-05870FD362E5-LeaderElection79] INFO  impl.RaftServerImpl (ServerState.java:setRaftConf(356)) - 514f190c-733c-43a5-9051-89b078470f15@group-05870FD362E5: set configuration 0: [514f190c-733c-43a5-9051-89b078470f15:192.168.151.75:40950, e36e47e5-1e3f-4d48-932e-d6c9017affe3:192.168.151.75:33647, 829bacd9-64a1-4193-8e1a-e4a73c9ba220:192.168.151.75:43193], old=null at 0
2019-10-07 23:30:31,941 [grpc-default-executor-1] INFO  ratis.XceiverServerRatis (XceiverServerRatis.java:handleLeaderChangedNotification(702)) - Leader change notification received for group: group-05870FD362E5 with new leaderId: 514f190c-733c-43a5-9051-89b078470f15
2019-10-07 23:30:31,941 [grpc-default-executor-2] INFO  ratis.XceiverServerRatis (XceiverServerRatis.java:handleLeaderChangedNotification(702)) - Leader change notification received for group: group-05870FD362E5 with new leaderId: 514f190c-733c-43a5-9051-89b078470f15
2019-10-07 23:30:31,942 [grpc-default-executor-1] INFO  impl.RaftServerImpl (ServerState.java:setLeader(255)) - 829bacd9-64a1-4193-8e1a-e4a73c9ba220@group-05870FD362E5: change Leader from null to 514f190c-733c-43a5-9051-89b078470f15 at term 2 for appendEntries, leader elected after 10234ms
2019-10-07 23:30:31,942 [grpc-default-executor-2] INFO  impl.RaftServerImpl (ServerState.java:setLeader(255)) - e36e47e5-1e3f-4d48-932e-d6c9017affe3@group-05870FD362E5: change Leader from null to 514f190c-733c-43a5-9051-89b078470f15 at term 2 for appendEntries, leader elected after 10234ms
2019-10-07 23:30:31,944 [grpc-default-executor-2] INFO  impl.RaftServerImpl (ServerState.java:setRaftConf(356)) - 829bacd9-64a1-4193-8e1a-e4a73c9ba220@group-05870FD362E5: set configuration 0: [514f190c-733c-43a5-9051-89b078470f15:192.168.151.75:40950, e36e47e5-1e3f-4d48-932e-d6c9017affe3:192.168.151.75:33647, 829bacd9-64a1-4193-8e1a-e4a73c9ba220:192.168.151.75:43193], old=null at 0
2019-10-07 23:30:31,944 [grpc-default-executor-1] INFO  impl.RaftServerImpl (ServerState.java:setRaftConf(356)) - e36e47e5-1e3f-4d48-932e-d6c9017affe3@group-05870FD362E5: set configuration 0: [514f190c-733c-43a5-9051-89b078470f15:192.168.151.75:40950, e36e47e5-1e3f-4d48-932e-d6c9017affe3:192.168.151.75:33647, 829bacd9-64a1-4193-8e1a-e4a73c9ba220:192.168.151.75:43193], old=null at 0
2019-10-07 23:30:31,944 [grpc-default-executor-2] INFO  segmented.SegmentedRaftLogWorker (SegmentedRaftLogWorker.java:startLogSegment(385)) - 829bacd9-64a1-4193-8e1a-e4a73c9ba220@group-05870FD362E5-SegmentedRaftLogWorker: Starting segment from index:0
2019-10-07 23:30:31,944 [grpc-default-executor-1] INFO  segmented.SegmentedRaftLogWorker (SegmentedRaftLogWorker.java:startLogSegment(385)) - e36e47e5-1e3f-4d48-932e-d6c9017affe3@group-05870FD362E5-SegmentedRaftLogWorker: Starting segment from index:0
2019-10-07 23:30:31,982 [829bacd9-64a1-4193-8e1a-e4a73c9ba220@group-05870FD362E5-SegmentedRaftLogWorker] INFO  segmented.SegmentedRaftLogWorker (SegmentedRaftLogWorker.java:execute(576)) - 829bacd9-64a1-4193-8e1a-e4a73c9ba220@group-05870FD362E5-SegmentedRaftLogWorker: created new log segment /workdir/hadoop-ozone/integration-test/target/test-dir/MiniOzoneClusterImpl-5e9621be-c945-401e-a048-ea7290b0a7f2/datanode-2/data/ratis/d07e5777-cc28-4ec5-aac6-05870fd362e5/current/log_inprogress_0
2019-10-07 23:30:31,982 [e36e47e5-1e3f-4d48-932e-d6c9017affe3@group-05870FD362E5-SegmentedRaftLogWorker] INFO  segmented.SegmentedRaftLogWorker (SegmentedRaftLogWorker.java:execute(576)) - e36e47e5-1e3f-4d48-932e-d6c9017affe3@group-05870FD362E5-SegmentedRaftLogWorker: created new log segment /workdir/hadoop-ozone/integration-test/target/test-dir/MiniOzoneClusterImpl-5e9621be-c945-401e-a048-ea7290b0a7f2/datanode-0/data/ratis/d07e5777-cc28-4ec5-aac6-05870fd362e5/current/log_inprogress_0
2019-10-07 23:30:31,982 [514f190c-733c-43a5-9051-89b078470f15@group-05870FD362E5-SegmentedRaftLogWorker] INFO  segmented.SegmentedRaftLogWorker (SegmentedRaftLogWorker.java:execute(576)) - 514f190c-733c-43a5-9051-89b078470f15@group-05870FD362E5-SegmentedRaftLogWorker: created new log segment /workdir/hadoop-ozone/integration-test/target/test-dir/MiniOzoneClusterImpl-5e9621be-c945-401e-a048-ea7290b0a7f2/datanode-6/data/ratis/d07e5777-cc28-4ec5-aac6-05870fd362e5/current/log_inprogress_0
2019-10-07 23:30:32,814 [main] INFO  ozoneimpl.OzoneContainer (OzoneContainer.java:stop(231)) - Attempting to stop container services.
2019-10-07 23:30:32,815 [main] INFO  impl.RaftServerProxy (RaftServerProxy.java:lambda$close$4(314)) - 71fe9c48-ef70-445b-89d4-550c4f010b84: close
2019-10-07 23:30:32,816 [main] INFO  impl.RaftServerImpl (RaftServerImpl.java:lambda$shutdown$3(247)) - 71fe9c48-ef70-445b-89d4-550c4f010b84@group-C837915B9584: shutdown
2019-10-07 23:30:32,816 [main] INFO  util.JmxRegister (JmxRegister.java:unregister(73)) - Successfully un-registered JMX Bean with object name Ratis:service=RaftServer,group=group-C837915B9584,id=71fe9c48-ef70-445b-89d4-550c4f010b84
2019-10-07 23:30:32,817 [main] INFO  impl.RoleInfo (RoleInfo.java:shutdownFollowerState(121)) - 71fe9c48-ef70-445b-89d4-550c4f010b84: shutdown FollowerState
2019-10-07 23:30:32,817 [main] INFO  impl.StateMachineUpdater (StateMachineUpdater.java:stopAndJoin(136)) - 71fe9c48-ef70-445b-89d4-550c4f010b84@group-C837915B9584-StateMachineUpdater: set stopIndex = 2
2019-10-07 23:30:32,817 [71fe9c48-ef70-445b-89d4-550c4f010b84@group-C837915B9584-StateMachineUpdater] INFO  ratis.ContainerStateMachine (ContainerStateMachine.java:takeSnapshot(296)) - group-C837915B9584: Taking a snapshot at:(t:1, i:1) file /workdir/hadoop-ozone/integration-test/target/test-dir/MiniOzoneClusterImpl-5e9621be-c945-401e-a048-ea7290b0a7f2/datanode-3/data/ratis/8692568d-6852-4dc7-ade7-c837915b9584/sm/snapshot.1_1
2019-10-07 23:30:32,817 [Thread-1686] INFO  impl.FollowerState (FollowerState.java:run(117)) - 71fe9c48-ef70-445b-89d4-550c4f010b84@group-C837915B9584-FollowerState was interrupted: java.lang.InterruptedException: sleep interrupted
2019-10-07 23:30:32,839 [71fe9c48-ef70-445b-89d4-550c4f010b84@group-C837915B9584-StateMachineUpdater] INFO  ratis.ContainerStateMachine (ContainerStateMachine.java:takeSnapshot(307)) - group-C837915B9584: Finished taking a snapshot at:(t:1, i:1) file:/workdir/hadoop-ozone/integration-test/target/test-dir/MiniOzoneClusterImpl-5e9621be-c945-401e-a048-ea7290b0a7f2/datanode-3/data/ratis/8692568d-6852-4dc7-ade7-c837915b9584/sm/snapshot.1_1 time:21
2019-10-07 23:30:32,839 [71fe9c48-ef70-445b-89d4-550c4f010b84@group-C837915B9584-StateMachineUpdater] INFO  impl.StateMachineUpdater (StateMachineUpdater.java:takeSnapshot(269)) - 71fe9c48-ef70-445b-89d4-550c4f010b84@group-C837915B9584-StateMachineUpdater: Took a snapshot at index 1
2019-10-07 23:30:32,839 [71fe9c48-ef70-445b-89d4-550c4f010b84@group-C837915B9584-StateMachineUpdater] INFO  impl.StateMachineUpdater (StateMachineUpdater.java:lambda$new$0(84)) - 71fe9c48-ef70-445b-89d4-550c4f010b84@group-C837915B9584-StateMachineUpdater: snapshotIndex: updateIncreasingly -1 -> 1
2019-10-07 23:30:32,839 [71fe9c48-ef70-445b-89d4-550c4f010b84@group-C837915B9584-StateMachineUpdater] INFO  ratis.ContainerStateMachine (ContainerStateMachine.java:takeSnapshot(296)) - group-C837915B9584: Taking a snapshot at:(t:1, i:1) file /workdir/hadoop-ozone/integration-test/target/test-dir/MiniOzoneClusterImpl-5e9621be-c945-401e-a048-ea7290b0a7f2/datanode-3/data/ratis/8692568d-6852-4dc7-ade7-c837915b9584/sm/snapshot.1_1
2019-10-07 23:30:32,851 [71fe9c48-ef70-445b-89d4-550c4f010b84@group-C837915B9584-StateMachineUpdater] INFO  ratis.ContainerStateMachine (ContainerStateMachine.java:takeSnapshot(307)) - group-C837915B9584: Finished taking a snapshot at:(t:1, i:1) file:/workdir/hadoop-ozone/integration-test/target/test-dir/MiniOzoneClusterImpl-5e9621be-c945-401e-a048-ea7290b0a7f2/datanode-3/data/ratis/8692568d-6852-4dc7-ade7-c837915b9584/sm/snapshot.1_1 time:12
2019-10-07 23:30:32,851 [71fe9c48-ef70-445b-89d4-550c4f010b84@group-C837915B9584-StateMachineUpdater] INFO  impl.StateMachineUpdater (StateMachineUpdater.java:takeSnapshot(269)) - 71fe9c48-ef70-445b-89d4-550c4f010b84@group-C837915B9584-StateMachineUpdater: Took a snapshot at index 1
2019-10-07 23:30:32,852 [71fe9c48-ef70-445b-89d4-550c4f010b84@group-C837915B9584-StateMachineUpdater] INFO  impl.StateMachineUpdater (StateMachineUpdater.java:lambda$new$0(84)) - 71fe9c48-ef70-445b-89d4-550c4f010b84@group-C837915B9584-StateMachineUpdater: snapshotIndex: updateIncreasingly 1 -> 1
2019-10-07 23:30:32,852 [main] INFO  impl.RaftServerImpl (ServerState.java:close(387)) - 71fe9c48-ef70-445b-89d4-550c4f010b84@group-C837915B9584: closes. applyIndex: 2
2019-10-07 23:30:32,852 [71fe9c48-ef70-445b-89d4-550c4f010b84@group-C837915B9584-SegmentedRaftLogWorker] INFO  segmented.SegmentedRaftLogWorker (SegmentedRaftLogWorker.java:run(316)) - 71fe9c48-ef70-445b-89d4-550c4f010b84@group-C837915B9584-SegmentedRaftLogWorker was interrupted, exiting. There are 0 tasks remaining in the queue.
2019-10-07 23:30:32,857 [main] INFO  segmented.SegmentedRaftLogWorker (SegmentedRaftLogWorker.java:close(224)) - 71fe9c48-ef70-445b-89d4-550c4f010b84@group-C837915B9584-SegmentedRaftLogWorker close()
2019-10-07 23:30:32,877 [main] INFO  impl.RaftServerImpl (RaftServerImpl.java:lambda$shutdown$3(247)) - 71fe9c48-ef70-445b-89d4-550c4f010b84@group-3D34E03D3B72: shutdown
2019-10-07 23:30:32,877 [main] INFO  util.JmxRegister (JmxRegister.java:unregister(73)) - Successfully un-registered JMX Bean with object name Ratis:service=RaftServer,group=group-3D34E03D3B72,id=71fe9c48-ef70-445b-89d4-550c4f010b84
2019-10-07 23:30:32,878 [main] INFO  impl.RoleInfo (RoleInfo.java:shutdownLeaderState(104)) - 71fe9c48-ef70-445b-89d4-550c4f010b84: shutdown LeaderState
2019-10-07 23:30:32,878 [main] INFO  impl.PendingRequests (PendingRequests.java:sendNotLeaderResponses(202)) - 71fe9c48-ef70-445b-89d4-550c4f010b84@group-3D34E03D3B72-PendingRequests: sendNotLeaderResponses
2019-10-07 23:30:32,879 [main] INFO  impl.StateMachineUpdater (StateMachineUpdater.java:stopAndJoin(136)) - 71fe9c48-ef70-445b-89d4-550c4f010b84@group-3D34E03D3B72-StateMachineUpdater: set stopIndex = 0
2019-10-07 23:30:32,879 [main] INFO  impl.RaftServerImpl (ServerState.java:close(387)) - 71fe9c48-ef70-445b-89d4-550c4f010b84@group-3D34E03D3B72: closes. applyIndex: 0
2019-10-07 23:30:32,879 [71fe9c48-ef70-445b-89d4-550c4f010b84@group-3D34E03D3B72-SegmentedRaftLogWorker] INFO  segmented.SegmentedRaftLogWorker (SegmentedRaftLogWorker.java:run(316)) - 71fe9c48-ef70-445b-89d4-550c4f010b84@group-3D34E03D3B72-SegmentedRaftLogWorker was interrupted, exiting. There are 0 tasks remaining in the queue.
2019-10-07 23:30:32,882 [main] INFO  segmented.SegmentedRaftLogWorker (SegmentedRaftLogWorker.java:close(224)) - 71fe9c48-ef70-445b-89d4-550c4f010b84@group-3D34E03D3B72-SegmentedRaftLogWorker close()
2019-10-07 23:30:32,885 [main] INFO  server.GrpcService (GrpcService.java:closeImpl(164)) - 71fe9c48-ef70-445b-89d4-550c4f010b84: shutdown server with port 34661 now
2019-10-07 23:30:32,886 [grpc-default-executor-2] WARN  server.GrpcServerProtocolService (LogUtils.java:warn(134)) - 71fe9c48-ef70-445b-89d4-550c4f010b84: installSnapshot onError, lastRequest: 1757d5fa-a161-4c0a-b504-ed724002c805->71fe9c48-ef70-445b-89d4-550c4f010b84#5-t1, previous=(t:1, i:2), leaderCommit=2, initializing? false, entries: <empty>: org.apache.ratis.thirdparty.io.grpc.StatusRuntimeException: CANCELLED: cancelled before receiving half close
2019-10-07 23:30:32,887 [grpc-default-executor-4] WARN  server.GrpcLogAppender (LogUtils.java:warn(134)) - 1757d5fa-a161-4c0a-b504-ed724002c805@group-C837915B9584->71fe9c48-ef70-445b-89d4-550c4f010b84-AppendLogResponseHandler: Failed appendEntries: org.apache.ratis.thirdparty.io.grpc.StatusRuntimeException: CANCELLED: HTTP/2 error code: CANCEL
Received Rst Stream
2019-10-07 23:30:32,887 [main] INFO  server.GrpcService (GrpcService.java:closeImpl(172)) - 71fe9c48-ef70-445b-89d4-550c4f010b84: shutdown server with port 34661 successfully
2019-10-07 23:30:32,887 [grpc-default-executor-4] INFO  impl.FollowerInfo (FollowerInfo.java:lambda$new$0(51)) - 1757d5fa-a161-4c0a-b504-ed724002c805@group-C837915B9584->71fe9c48-ef70-445b-89d4-550c4f010b84: nextIndex: updateUnconditionally 3 -> 2
2019-10-07 23:30:32,889 [refreshUsed-/workdir/hadoop-ozone/integration-test/target/test-dir/MiniOzoneClusterImpl-5e9621be-c945-401e-a048-ea7290b0a7f2/datanode-3/data/containers] WARN  fs.CachingGetSpaceUsed (CachingGetSpaceUsed.java:run(183)) - Thread Interrupted waiting to refresh disk information: sleep interrupted
2019-10-07 23:30:32,910 [main] INFO  utils.BackgroundService (BackgroundService.java:shutdown(148)) - Shutting down service BlockDeletingService
2019-10-07 23:30:32,918 [main] INFO  statemachine.DatanodeStateMachine (DatanodeStateMachine.java:stopDaemon(395)) - Ozone container server stopped.
2019-10-07 23:30:32,919 [main] INFO  handler.ContextHandler (ContextHandler.java:doStop(910)) - Stopped o.e.j.w.WebAppContext@1e5eb20a{/,null,UNAVAILABLE}{/hddsDatanode}
2019-10-07 23:30:32,921 [main] INFO  server.AbstractConnector (AbstractConnector.java:doStop(318)) - Stopped ServerConnector@4538856f{HTTP/1.1,[http/1.1]}{0.0.0.0:0}
2019-10-07 23:30:32,921 [main] INFO  handler.ContextHandler (ContextHandler.java:doStop(910)) - Stopped o.e.j.s.ServletContextHandler@24043ec5{/static,jar:file:/home/user/.m2/repository/org/apache/hadoop/hadoop-hdds-container-service/0.5.0-SNAPSHOT/hadoop-hdds-container-service-0.5.0-SNAPSHOT.jar!/webapps/static,UNAVAILABLE}
2019-10-07 23:30:32,922 [main] INFO  handler.ContextHandler (ContextHandler.java:doStop(910)) - Stopped o.e.j.s.ServletContextHandler@18dd5ed3{/logs,file:///workdir/hadoop-ozone/integration-test/target/log,UNAVAILABLE}
2019-10-07 23:30:33,828 [Datanode State Machine Thread - 0] INFO  statemachine.DatanodeStateMachine (DatanodeStateMachine.java:lambda$startDaemon$0(350)) - Ozone container server started.
2019-10-07 23:30:35,186 [grpc-default-executor-1] WARN  server.GrpcLogAppender (LogUtils.java:warn(134)) - 1757d5fa-a161-4c0a-b504-ed724002c805@group-C837915B9584->71fe9c48-ef70-445b-89d4-550c4f010b84-AppendLogResponseHandler: Failed appendEntries: org.apache.ratis.thirdparty.io.grpc.StatusRuntimeException: UNAVAILABLE: io exception
2019-10-07 23:30:35,187 [grpc-default-executor-1] INFO  impl.FollowerInfo (FollowerInfo.java:lambda$new$0(51)) - 1757d5fa-a161-4c0a-b504-ed724002c805@group-C837915B9584->71fe9c48-ef70-445b-89d4-550c4f010b84: nextIndex: updateUnconditionally 2 -> 1
2019-10-07 23:30:37,691 [grpc-default-executor-4] WARN  server.GrpcLogAppender (LogUtils.java:warn(134)) - 1757d5fa-a161-4c0a-b504-ed724002c805@group-C837915B9584->71fe9c48-ef70-445b-89d4-550c4f010b84-AppendLogResponseHandler: Failed appendEntries: org.apache.ratis.thirdparty.io.grpc.StatusRuntimeException: UNAVAILABLE: io exception
2019-10-07 23:30:37,692 [grpc-default-executor-4] INFO  impl.FollowerInfo (FollowerInfo.java:lambda$new$0(51)) - 1757d5fa-a161-4c0a-b504-ed724002c805@group-C837915B9584->71fe9c48-ef70-445b-89d4-550c4f010b84: nextIndex: updateUnconditionally 1 -> 0
2019-10-07 23:30:37,925 [main] INFO  ozoneimpl.OzoneContainer (OzoneContainer.java:stop(231)) - Attempting to stop container services.
2019-10-07 23:30:37,926 [main] INFO  impl.RaftServerProxy (RaftServerProxy.java:lambda$close$4(314)) - 51a40bca-cd4b-4fd1-b3a8-cd441e83375c: close
2019-10-07 23:30:37,927 [main] INFO  impl.RaftServerImpl (RaftServerImpl.java:lambda$shutdown$3(247)) - 51a40bca-cd4b-4fd1-b3a8-cd441e83375c@group-929BD6ACA769: shutdown
2019-10-07 23:30:37,928 [main] INFO  util.JmxRegister (JmxRegister.java:unregister(73)) - Successfully un-registered JMX Bean with object name Ratis:service=RaftServer,group=group-929BD6ACA769,id=51a40bca-cd4b-4fd1-b3a8-cd441e83375c
2019-10-07 23:30:37,928 [main] INFO  impl.RoleInfo (RoleInfo.java:shutdownLeaderState(104)) - 51a40bca-cd4b-4fd1-b3a8-cd441e83375c: shutdown LeaderState
2019-10-07 23:30:37,929 [main] INFO  impl.PendingRequests (PendingRequests.java:sendNotLeaderResponses(202)) - 51a40bca-cd4b-4fd1-b3a8-cd441e83375c@group-929BD6ACA769-PendingRequests: sendNotLeaderResponses
2019-10-07 23:30:37,930 [main] INFO  impl.StateMachineUpdater (StateMachineUpdater.java:stopAndJoin(136)) - 51a40bca-cd4b-4fd1-b3a8-cd441e83375c@group-929BD6ACA769-StateMachineUpdater: set stopIndex = 0
2019-10-07 23:30:37,930 [main] INFO  impl.RaftServerImpl (ServerState.java:close(387)) - 51a40bca-cd4b-4fd1-b3a8-cd441e83375c@group-929BD6ACA769: closes. applyIndex: 0
2019-10-07 23:30:37,931 [51a40bca-cd4b-4fd1-b3a8-cd441e83375c@group-929BD6ACA769-SegmentedRaftLogWorker] INFO  segmented.SegmentedRaftLogWorker (SegmentedRaftLogWorker.java:run(316)) - 51a40bca-cd4b-4fd1-b3a8-cd441e83375c@group-929BD6ACA769-SegmentedRaftLogWorker was interrupted, exiting. There are 0 tasks remaining in the queue.
2019-10-07 23:30:37,938 [main] INFO  segmented.SegmentedRaftLogWorker (SegmentedRaftLogWorker.java:close(224)) - 51a40bca-cd4b-4fd1-b3a8-cd441e83375c@group-929BD6ACA769-SegmentedRaftLogWorker close()
2019-10-07 23:30:37,941 [main] INFO  impl.RaftServerImpl (RaftServerImpl.java:lambda$shutdown$3(247)) - 51a40bca-cd4b-4fd1-b3a8-cd441e83375c@group-C837915B9584: shutdown
2019-10-07 23:30:37,942 [main] INFO  util.JmxRegister (JmxRegister.java:unregister(73)) - Successfully un-registered JMX Bean with object name Ratis:service=RaftServer,group=group-C837915B9584,id=51a40bca-cd4b-4fd1-b3a8-cd441e83375c
2019-10-07 23:30:37,942 [main] INFO  impl.RoleInfo (RoleInfo.java:shutdownFollowerState(121)) - 51a40bca-cd4b-4fd1-b3a8-cd441e83375c: shutdown FollowerState
2019-10-07 23:30:37,943 [main] INFO  impl.StateMachineUpdater (StateMachineUpdater.java:stopAndJoin(136)) - 51a40bca-cd4b-4fd1-b3a8-cd441e83375c@group-C837915B9584-StateMachineUpdater: set stopIndex = 2
2019-10-07 23:30:37,943 [51a40bca-cd4b-4fd1-b3a8-cd441e83375c@group-C837915B9584-StateMachineUpdater] INFO  ratis.ContainerStateMachine (ContainerStateMachine.java:takeSnapshot(296)) - group-C837915B9584: Taking a snapshot at:(t:1, i:1) file /workdir/hadoop-ozone/integration-test/target/test-dir/MiniOzoneClusterImpl-5e9621be-c945-401e-a048-ea7290b0a7f2/datanode-4/data/ratis/8692568d-6852-4dc7-ade7-c837915b9584/sm/snapshot.1_1
2019-10-07 23:30:37,943 [Thread-1685] INFO  impl.FollowerState (FollowerState.java:run(117)) - 51a40bca-cd4b-4fd1-b3a8-cd441e83375c@group-C837915B9584-FollowerState was interrupted: java.lang.InterruptedException: sleep interrupted
2019-10-07 23:30:37,961 [51a40bca-cd4b-4fd1-b3a8-cd441e83375c@group-C837915B9584-StateMachineUpdater] INFO  ratis.ContainerStateMachine (ContainerStateMachine.java:takeSnapshot(307)) - group-C837915B9584: Finished taking a snapshot at:(t:1, i:1) file:/workdir/hadoop-ozone/integration-test/target/test-dir/MiniOzoneClusterImpl-5e9621be-c945-401e-a048-ea7290b0a7f2/datanode-4/data/ratis/8692568d-6852-4dc7-ade7-c837915b9584/sm/snapshot.1_1 time:18
2019-10-07 23:30:37,961 [51a40bca-cd4b-4fd1-b3a8-cd441e83375c@group-C837915B9584-StateMachineUpdater] INFO  impl.StateMachineUpdater (StateMachineUpdater.java:takeSnapshot(269)) - 51a40bca-cd4b-4fd1-b3a8-cd441e83375c@group-C837915B9584-StateMachineUpdater: Took a snapshot at index 1
2019-10-07 23:30:37,961 [51a40bca-cd4b-4fd1-b3a8-cd441e83375c@group-C837915B9584-StateMachineUpdater] INFO  impl.StateMachineUpdater (StateMachineUpdater.java:lambda$new$0(84)) - 51a40bca-cd4b-4fd1-b3a8-cd441e83375c@group-C837915B9584-StateMachineUpdater: snapshotIndex: updateIncreasingly -1 -> 1
2019-10-07 23:30:37,962 [51a40bca-cd4b-4fd1-b3a8-cd441e83375c@group-C837915B9584-StateMachineUpdater] INFO  ratis.ContainerStateMachine (ContainerStateMachine.java:takeSnapshot(296)) - group-C837915B9584: Taking a snapshot at:(t:1, i:1) file /workdir/hadoop-ozone/integration-test/target/test-dir/MiniOzoneClusterImpl-5e9621be-c945-401e-a048-ea7290b0a7f2/datanode-4/data/ratis/8692568d-6852-4dc7-ade7-c837915b9584/sm/snapshot.1_1
2019-10-07 23:30:37,974 [51a40bca-cd4b-4fd1-b3a8-cd441e83375c@group-C837915B9584-StateMachineUpdater] INFO  ratis.ContainerStateMachine (ContainerStateMachine.java:takeSnapshot(307)) - group-C837915B9584: Finished taking a snapshot at:(t:1, i:1) file:/workdir/hadoop-ozone/integration-test/target/test-dir/MiniOzoneClusterImpl-5e9621be-c945-401e-a048-ea7290b0a7f2/datanode-4/data/ratis/8692568d-6852-4dc7-ade7-c837915b9584/sm/snapshot.1_1 time:12
2019-10-07 23:30:37,974 [51a40bca-cd4b-4fd1-b3a8-cd441e83375c@group-C837915B9584-StateMachineUpdater] INFO  impl.StateMachineUpdater (StateMachineUpdater.java:takeSnapshot(269)) - 51a40bca-cd4b-4fd1-b3a8-cd441e83375c@group-C837915B9584-StateMachineUpdater: Took a snapshot at index 1
2019-10-07 23:30:37,974 [51a40bca-cd4b-4fd1-b3a8-cd441e83375c@group-C837915B9584-StateMachineUpdater] INFO  impl.StateMachineUpdater (StateMachineUpdater.java:lambda$new$0(84)) - 51a40bca-cd4b-4fd1-b3a8-cd441e83375c@group-C837915B9584-StateMachineUpdater: snapshotIndex: updateIncreasingly 1 -> 1
2019-10-07 23:30:37,975 [main] INFO  impl.RaftServerImpl (ServerState.java:close(387)) - 51a40bca-cd4b-4fd1-b3a8-cd441e83375c@group-C837915B9584: closes. applyIndex: 2
2019-10-07 23:30:37,975 [51a40bca-cd4b-4fd1-b3a8-cd441e83375c@group-C837915B9584-SegmentedRaftLogWorker] INFO  segmented.SegmentedRaftLogWorker (SegmentedRaftLogWorker.java:run(316)) - 51a40bca-cd4b-4fd1-b3a8-cd441e83375c@group-C837915B9584-SegmentedRaftLogWorker was interrupted, exiting. There are 0 tasks remaining in the queue.
2019-10-07 23:30:37,979 [main] INFO  segmented.SegmentedRaftLogWorker (SegmentedRaftLogWorker.java:close(224)) - 51a40bca-cd4b-4fd1-b3a8-cd441e83375c@group-C837915B9584-SegmentedRaftLogWorker close()
2019-10-07 23:30:37,982 [main] INFO  server.GrpcService (GrpcService.java:closeImpl(164)) - 51a40bca-cd4b-4fd1-b3a8-cd441e83375c: shutdown server with port 38825 now
2019-10-07 23:30:37,984 [grpc-default-executor-1] WARN  server.GrpcServerProtocolService (LogUtils.java:warn(134)) - 51a40bca-cd4b-4fd1-b3a8-cd441e83375c: installSnapshot onError, lastRequest: 1757d5fa-a161-4c0a-b504-ed724002c805->51a40bca-cd4b-4fd1-b3a8-cd441e83375c#7-t1, previous=(t:1, i:2), leaderCommit=2, initializing? false, entries: <empty>: org.apache.ratis.thirdparty.io.grpc.StatusRuntimeException: CANCELLED: cancelled before receiving half close
2019-10-07 23:30:37,984 [main] INFO  server.GrpcService (GrpcService.java:closeImpl(172)) - 51a40bca-cd4b-4fd1-b3a8-cd441e83375c: shutdown server with port 38825 successfully
2019-10-07 23:30:37,986 [grpc-default-executor-2] WARN  server.GrpcLogAppender (LogUtils.java:warn(134)) - 1757d5fa-a161-4c0a-b504-ed724002c805@group-C837915B9584->51a40bca-cd4b-4fd1-b3a8-cd441e83375c-AppendLogResponseHandler: Failed appendEntries: org.apache.ratis.thirdparty.io.grpc.StatusRuntimeException: CANCELLED: HTTP/2 error code: CANCEL
Received Rst Stream
2019-10-07 23:30:37,986 [grpc-default-executor-2] INFO  impl.FollowerInfo (FollowerInfo.java:lambda$new$0(51)) - 1757d5fa-a161-4c0a-b504-ed724002c805@group-C837915B9584->51a40bca-cd4b-4fd1-b3a8-cd441e83375c: nextIndex: updateUnconditionally 3 -> 2
2019-10-07 23:30:37,988 [refreshUsed-/workdir/hadoop-ozone/integration-test/target/test-dir/MiniOzoneClusterImpl-5e9621be-c945-401e-a048-ea7290b0a7f2/datanode-4/data/containers] WARN  fs.CachingGetSpaceUsed (CachingGetSpaceUsed.java:run(183)) - Thread Interrupted waiting to refresh disk information: sleep interrupted
2019-10-07 23:30:38,005 [main] INFO  utils.BackgroundService (BackgroundService.java:shutdown(148)) - Shutting down service BlockDeletingService
2019-10-07 23:30:38,012 [main] INFO  statemachine.DatanodeStateMachine (DatanodeStateMachine.java:stopDaemon(395)) - Ozone container server stopped.
2019-10-07 23:30:38,014 [main] INFO  handler.ContextHandler (ContextHandler.java:doStop(910)) - Stopped o.e.j.w.WebAppContext@4342c13{/,null,UNAVAILABLE}{/hddsDatanode}
2019-10-07 23:30:38,015 [main] INFO  server.AbstractConnector (AbstractConnector.java:doStop(318)) - Stopped ServerConnector@2ba1209b{HTTP/1.1,[http/1.1]}{0.0.0.0:0}
2019-10-07 23:30:38,015 [main] INFO  handler.ContextHandler (ContextHandler.java:doStop(910)) - Stopped o.e.j.s.ServletContextHandler@6f6efa4f{/static,jar:file:/home/user/.m2/repository/org/apache/hadoop/hadoop-hdds-container-service/0.5.0-SNAPSHOT/hadoop-hdds-container-service-0.5.0-SNAPSHOT.jar!/webapps/static,UNAVAILABLE}
2019-10-07 23:30:38,016 [main] INFO  handler.ContextHandler (ContextHandler.java:doStop(910)) - Stopped o.e.j.s.ServletContextHandler@fd413fb{/logs,file:///workdir/hadoop-ozone/integration-test/target/log,UNAVAILABLE}
2019-10-07 23:30:40,196 [grpc-default-executor-4] WARN  server.GrpcLogAppender (LogUtils.java:warn(134)) - 1757d5fa-a161-4c0a-b504-ed724002c805@group-C837915B9584->71fe9c48-ef70-445b-89d4-550c4f010b84-AppendLogResponseHandler: Failed appendEntries: org.apache.ratis.thirdparty.io.grpc.StatusRuntimeException: UNAVAILABLE: io exception
2019-10-07 23:30:40,196 [grpc-default-executor-6] WARN  server.GrpcLogAppender (LogUtils.java:warn(134)) - 1757d5fa-a161-4c0a-b504-ed724002c805@group-C837915B9584->51a40bca-cd4b-4fd1-b3a8-cd441e83375c-AppendLogResponseHandler: Failed appendEntries: org.apache.ratis.thirdparty.io.grpc.StatusRuntimeException: UNAVAILABLE: io exception
2019-10-07 23:30:40,197 [grpc-default-executor-4] INFO  impl.FollowerInfo (FollowerInfo.java:lambda$new$0(51)) - 1757d5fa-a161-4c0a-b504-ed724002c805@group-C837915B9584->71fe9c48-ef70-445b-89d4-550c4f010b84: nextIndex: updateUnconditionally 0 -> 0
2019-10-07 23:30:40,197 [grpc-default-executor-6] INFO  impl.FollowerInfo (FollowerInfo.java:lambda$new$0(51)) - 1757d5fa-a161-4c0a-b504-ed724002c805@group-C837915B9584->51a40bca-cd4b-4fd1-b3a8-cd441e83375c: nextIndex: updateUnconditionally 2 -> 1
2019-10-07 23:30:42,703 [grpc-default-executor-4] WARN  server.GrpcLogAppender (LogUtils.java:warn(134)) - 1757d5fa-a161-4c0a-b504-ed724002c805@group-C837915B9584->51a40bca-cd4b-4fd1-b3a8-cd441e83375c-AppendLogResponseHandler: Failed appendEntries: org.apache.ratis.thirdparty.io.grpc.StatusRuntimeException: UNAVAILABLE: io exception
2019-10-07 23:30:42,703 [grpc-default-executor-6] WARN  server.GrpcLogAppender (LogUtils.java:warn(134)) - 1757d5fa-a161-4c0a-b504-ed724002c805@group-C837915B9584->71fe9c48-ef70-445b-89d4-550c4f010b84-AppendLogResponseHandler: Failed appendEntries: org.apache.ratis.thirdparty.io.grpc.StatusRuntimeException: UNAVAILABLE: io exception
2019-10-07 23:30:42,706 [grpc-default-executor-6] INFO  impl.FollowerInfo (FollowerInfo.java:lambda$new$0(51)) - 1757d5fa-a161-4c0a-b504-ed724002c805@group-C837915B9584->71fe9c48-ef70-445b-89d4-550c4f010b84: nextIndex: updateUnconditionally 0 -> 0
2019-10-07 23:30:42,706 [grpc-default-executor-4] INFO  impl.FollowerInfo (FollowerInfo.java:lambda$new$0(51)) - 1757d5fa-a161-4c0a-b504-ed724002c805@group-C837915B9584->51a40bca-cd4b-4fd1-b3a8-cd441e83375c: nextIndex: updateUnconditionally 1 -> 0
2019-10-07 23:30:45,200 [grpc-default-executor-2] WARN  server.GrpcLogAppender (LogUtils.java:warn(134)) - 1757d5fa-a161-4c0a-b504-ed724002c805@group-C837915B9584->51a40bca-cd4b-4fd1-b3a8-cd441e83375c-AppendLogResponseHandler: Failed appendEntries: org.apache.ratis.thirdparty.io.grpc.StatusRuntimeException: UNAVAILABLE: io exception
2019-10-07 23:30:45,200 [grpc-default-executor-6] WARN  server.GrpcLogAppender (LogUtils.java:warn(134)) - 1757d5fa-a161-4c0a-b504-ed724002c805@group-C837915B9584->71fe9c48-ef70-445b-89d4-550c4f010b84-AppendLogResponseHandler: Failed appendEntries: org.apache.ratis.thirdparty.io.grpc.StatusRuntimeException: UNAVAILABLE: io exception
2019-10-07 23:30:45,201 [grpc-default-executor-2] INFO  impl.FollowerInfo (FollowerInfo.java:lambda$new$0(51)) - 1757d5fa-a161-4c0a-b504-ed724002c805@group-C837915B9584->51a40bca-cd4b-4fd1-b3a8-cd441e83375c: nextIndex: updateUnconditionally 0 -> 0
2019-10-07 23:30:45,201 [grpc-default-executor-6] INFO  impl.FollowerInfo (FollowerInfo.java:lambda$new$0(51)) - 1757d5fa-a161-4c0a-b504-ed724002c805@group-C837915B9584->71fe9c48-ef70-445b-89d4-550c4f010b84: nextIndex: updateUnconditionally 0 -> 0
2019-10-07 23:30:47,703 [grpc-default-executor-2] WARN  server.GrpcLogAppender (LogUtils.java:warn(134)) - 1757d5fa-a161-4c0a-b504-ed724002c805@group-C837915B9584->51a40bca-cd4b-4fd1-b3a8-cd441e83375c-AppendLogResponseHandler: Failed appendEntries: org.apache.ratis.thirdparty.io.grpc.StatusRuntimeException: UNAVAILABLE: io exception
2019-10-07 23:30:47,703 [grpc-default-executor-6] WARN  server.GrpcLogAppender (LogUtils.java:warn(134)) - 1757d5fa-a161-4c0a-b504-ed724002c805@group-C837915B9584->71fe9c48-ef70-445b-89d4-550c4f010b84-AppendLogResponseHandler: Failed appendEntries: org.apache.ratis.thirdparty.io.grpc.StatusRuntimeException: UNAVAILABLE: io exception
2019-10-07 23:30:47,704 [grpc-default-executor-2] INFO  impl.FollowerInfo (FollowerInfo.java:lambda$new$0(51)) - 1757d5fa-a161-4c0a-b504-ed724002c805@group-C837915B9584->51a40bca-cd4b-4fd1-b3a8-cd441e83375c: nextIndex: updateUnconditionally 0 -> 0
2019-10-07 23:30:47,704 [grpc-default-executor-6] INFO  impl.FollowerInfo (FollowerInfo.java:lambda$new$0(51)) - 1757d5fa-a161-4c0a-b504-ed724002c805@group-C837915B9584->71fe9c48-ef70-445b-89d4-550c4f010b84: nextIndex: updateUnconditionally 0 -> 0
2019-10-07 23:30:48,057 [Thread-1763] INFO  client.GrpcClientProtocolService (GrpcClientProtocolService.java:lambda$processClientRequest$0(278)) - Failed RaftClientRequest:client-27B3AA0F53AE->1757d5fa-a161-4c0a-b504-ed724002c805@group-C837915B9584, cid=119, seq=0, Watch-ALL_COMMITTED(12), Message:<EMPTY>, reply=RaftClientReply:client-27B3AA0F53AE->1757d5fa-a161-4c0a-b504-ed724002c805@group-C837915B9584, cid=119, FAILED org.apache.ratis.protocol.NotReplicatedException: Request with call Id 119 and log index 12 is not yet replicated to ALL_COMMITTED, logIndex=12, commits[1757d5fa-a161-4c0a-b504-ed724002c805:c2, 51a40bca-cd4b-4fd1-b3a8-cd441e83375c:c2, 71fe9c48-ef70-445b-89d4-550c4f010b84:c2]
2019-10-07 23:30:50,203 [grpc-default-executor-1] WARN  server.GrpcLogAppender (LogUtils.java:warn(134)) - 1757d5fa-a161-4c0a-b504-ed724002c805@group-C837915B9584->71fe9c48-ef70-445b-89d4-550c4f010b84-AppendLogResponseHandler: Failed appendEntries: org.apache.ratis.thirdparty.io.grpc.StatusRuntimeException: UNAVAILABLE: io exception
2019-10-07 23:30:50,203 [grpc-default-executor-5] WARN  server.GrpcLogAppender (LogUtils.java:warn(134)) - 1757d5fa-a161-4c0a-b504-ed724002c805@group-C837915B9584->51a40bca-cd4b-4fd1-b3a8-cd441e83375c-AppendLogResponseHandler: Failed appendEntries: org.apache.ratis.thirdparty.io.grpc.StatusRuntimeException: UNAVAILABLE: io exception
2019-10-07 23:30:50,203 [grpc-default-executor-1] INFO  impl.FollowerInfo (FollowerInfo.java:lambda$new$0(51)) - 1757d5fa-a161-4c0a-b504-ed724002c805@group-C837915B9584->71fe9c48-ef70-445b-89d4-550c4f010b84: nextIndex: updateUnconditionally 0 -> 0
2019-10-07 23:30:50,204 [grpc-default-executor-5] INFO  impl.FollowerInfo (FollowerInfo.java:lambda$new$0(51)) - 1757d5fa-a161-4c0a-b504-ed724002c805@group-C837915B9584->51a40bca-cd4b-4fd1-b3a8-cd441e83375c: nextIndex: updateUnconditionally 0 -> 0
2019-10-07 23:30:52,705 [grpc-default-executor-1] WARN  server.GrpcLogAppender (LogUtils.java:warn(134)) - 1757d5fa-a161-4c0a-b504-ed724002c805@group-C837915B9584->71fe9c48-ef70-445b-89d4-550c4f010b84-AppendLogResponseHandler: Failed appendEntries: org.apache.ratis.thirdparty.io.grpc.StatusRuntimeException: UNAVAILABLE: io exception
2019-10-07 23:30:52,705 [grpc-default-executor-5] WARN  server.GrpcLogAppender (LogUtils.java:warn(134)) - 1757d5fa-a161-4c0a-b504-ed724002c805@group-C837915B9584->51a40bca-cd4b-4fd1-b3a8-cd441e83375c-AppendLogResponseHandler: Failed appendEntries: org.apache.ratis.thirdparty.io.grpc.StatusRuntimeException: UNAVAILABLE: io exception
2019-10-07 23:30:52,706 [grpc-default-executor-1] INFO  impl.FollowerInfo (FollowerInfo.java:lambda$new$0(51)) - 1757d5fa-a161-4c0a-b504-ed724002c805@group-C837915B9584->71fe9c48-ef70-445b-89d4-550c4f010b84: nextIndex: updateUnconditionally 0 -> 0
2019-10-07 23:30:52,706 [grpc-default-executor-5] INFO  impl.FollowerInfo (FollowerInfo.java:lambda$new$0(51)) - 1757d5fa-a161-4c0a-b504-ed724002c805@group-C837915B9584->51a40bca-cd4b-4fd1-b3a8-cd441e83375c: nextIndex: updateUnconditionally 0 -> 0
2019-10-07 23:30:55,209 [grpc-default-executor-6] WARN  server.GrpcLogAppender (LogUtils.java:warn(134)) - 1757d5fa-a161-4c0a-b504-ed724002c805@group-C837915B9584->51a40bca-cd4b-4fd1-b3a8-cd441e83375c-AppendLogResponseHandler: Failed appendEntries: org.apache.ratis.thirdparty.io.grpc.StatusRuntimeException: UNAVAILABLE: io exception
2019-10-07 23:30:55,209 [grpc-default-executor-7] WARN  server.GrpcLogAppender (LogUtils.java:warn(134)) - 1757d5fa-a161-4c0a-b504-ed724002c805@group-C837915B9584->71fe9c48-ef70-445b-89d4-550c4f010b84-AppendLogResponseHandler: Failed appendEntries: org.apache.ratis.thirdparty.io.grpc.StatusRuntimeException: UNAVAILABLE: io exception
2019-10-07 23:30:55,210 [grpc-default-executor-6] INFO  impl.FollowerInfo (FollowerInfo.java:lambda$new$0(51)) - 1757d5fa-a161-4c0a-b504-ed724002c805@group-C837915B9584->51a40bca-cd4b-4fd1-b3a8-cd441e83375c: nextIndex: updateUnconditionally 0 -> 0
2019-10-07 23:30:55,210 [grpc-default-executor-7] INFO  impl.FollowerInfo (FollowerInfo.java:lambda$new$0(51)) - 1757d5fa-a161-4c0a-b504-ed724002c805@group-C837915B9584->71fe9c48-ef70-445b-89d4-550c4f010b84: nextIndex: updateUnconditionally 0 -> 0
2019-10-07 23:30:57,713 [grpc-default-executor-6] WARN  server.GrpcLogAppender (LogUtils.java:warn(134)) - 1757d5fa-a161-4c0a-b504-ed724002c805@group-C837915B9584->71fe9c48-ef70-445b-89d4-550c4f010b84-AppendLogResponseHandler: Failed appendEntries: org.apache.ratis.thirdparty.io.grpc.StatusRuntimeException: UNAVAILABLE: io exception
2019-10-07 23:30:57,713 [grpc-default-executor-1] WARN  server.GrpcLogAppender (LogUtils.java:warn(134)) - 1757d5fa-a161-4c0a-b504-ed724002c805@group-C837915B9584->51a40bca-cd4b-4fd1-b3a8-cd441e83375c-AppendLogResponseHandler: Failed appendEntries: org.apache.ratis.thirdparty.io.grpc.StatusRuntimeException: UNAVAILABLE: io exception
2019-10-07 23:30:57,715 [grpc-default-executor-6] INFO  impl.FollowerInfo (FollowerInfo.java:lambda$new$0(51)) - 1757d5fa-a161-4c0a-b504-ed724002c805@group-C837915B9584->71fe9c48-ef70-445b-89d4-550c4f010b84: nextIndex: updateUnconditionally 0 -> 0
2019-10-07 23:30:57,715 [grpc-default-executor-1] INFO  impl.FollowerInfo (FollowerInfo.java:lambda$new$0(51)) - 1757d5fa-a161-4c0a-b504-ed724002c805@group-C837915B9584->51a40bca-cd4b-4fd1-b3a8-cd441e83375c: nextIndex: updateUnconditionally 0 -> 0
2019-10-07 23:30:58,019 [main] WARN  scm.XceiverClientRatis (XceiverClientRatis.java:watchForCommit(269)) - 3 way commit failed on pipeline Pipeline[ Id: 8692568d-6852-4dc7-ade7-c837915b9584, Nodes: 71fe9c48-ef70-445b-89d4-550c4f010b84{ip: 192.168.151.75, host: pr-hdds-1868-k864b-3611000933, networkLocation: /default-rack, certSerialId: null}51a40bca-cd4b-4fd1-b3a8-cd441e83375c{ip: 192.168.151.75, host: pr-hdds-1868-k864b-3611000933, networkLocation: /default-rack, certSerialId: null}1757d5fa-a161-4c0a-b504-ed724002c805{ip: 192.168.151.75, host: pr-hdds-1868-k864b-3611000933, networkLocation: /default-rack, certSerialId: null}, Type:RATIS, Factor:THREE, State:OPEN]
java.util.concurrent.TimeoutException
	at java.util.concurrent.CompletableFuture.timedGet(CompletableFuture.java:1771)
	at java.util.concurrent.CompletableFuture.get(CompletableFuture.java:1915)
	at org.apache.hadoop.hdds.scm.XceiverClientRatis.watchForCommit(XceiverClientRatis.java:266)
	at org.apache.hadoop.ozone.client.rpc.TestWatchForCommit.testWatchForCommitForRetryfailure(TestWatchForCommit.java:345)
	at sun.reflect.NativeMethodAccessorImpl.invoke0(Native Method)
	at sun.reflect.NativeMethodAccessorImpl.invoke(NativeMethodAccessorImpl.java:62)
	at sun.reflect.DelegatingMethodAccessorImpl.invoke(DelegatingMethodAccessorImpl.java:43)
	at java.lang.reflect.Method.invoke(Method.java:498)
	at org.junit.runners.model.FrameworkMethod$1.runReflectiveCall(FrameworkMethod.java:47)
	at org.junit.internal.runners.model.ReflectiveCallable.run(ReflectiveCallable.java:12)
	at org.junit.runners.model.FrameworkMethod.invokeExplosively(FrameworkMethod.java:44)
	at org.junit.internal.runners.statements.InvokeMethod.evaluate(InvokeMethod.java:17)
	at org.junit.runners.ParentRunner.runLeaf(ParentRunner.java:271)
	at org.junit.runners.BlockJUnit4ClassRunner.runChild(BlockJUnit4ClassRunner.java:70)
	at org.junit.runners.BlockJUnit4ClassRunner.runChild(BlockJUnit4ClassRunner.java:50)
	at org.junit.runners.ParentRunner$3.run(ParentRunner.java:238)
	at org.junit.runners.ParentRunner$1.schedule(ParentRunner.java:63)
	at org.junit.runners.ParentRunner.runChildren(ParentRunner.java:236)
	at org.junit.runners.ParentRunner.access$000(ParentRunner.java:53)
	at org.junit.runners.ParentRunner$2.evaluate(ParentRunner.java:229)
	at org.junit.runners.ParentRunner.run(ParentRunner.java:309)
	at org.apache.maven.surefire.junit4.JUnit4Provider.execute(JUnit4Provider.java:365)
	at org.apache.maven.surefire.junit4.JUnit4Provider.executeWithRerun(JUnit4Provider.java:273)
	at org.apache.maven.surefire.junit4.JUnit4Provider.executeTestSet(JUnit4Provider.java:238)
	at org.apache.maven.surefire.junit4.JUnit4Provider.invoke(JUnit4Provider.java:159)
	at org.apache.maven.surefire.booter.ForkedBooter.invokeProviderInSameClassLoader(ForkedBooter.java:384)
	at org.apache.maven.surefire.booter.ForkedBooter.runSuitesInProcess(ForkedBooter.java:345)
	at org.apache.maven.surefire.booter.ForkedBooter.execute(ForkedBooter.java:126)
	at org.apache.maven.surefire.booter.ForkedBooter.main(ForkedBooter.java:418)
2019-10-07 23:30:59,063 [Thread-1777] INFO  client.GrpcClientProtocolService (GrpcClientProtocolService.java:lambda$processClientRequest$0(278)) - Failed RaftClientRequest:client-27B3AA0F53AE->1757d5fa-a161-4c0a-b504-ed724002c805@group-C837915B9584, cid=119, seq=0, Watch-ALL_COMMITTED(12), Message:<EMPTY>, reply=RaftClientReply:client-27B3AA0F53AE->1757d5fa-a161-4c0a-b504-ed724002c805@group-C837915B9584, cid=119, FAILED org.apache.ratis.protocol.NotReplicatedException: Request with call Id 119 and log index 12 is not yet replicated to ALL_COMMITTED, logIndex=12, commits[1757d5fa-a161-4c0a-b504-ed724002c805:c2, 51a40bca-cd4b-4fd1-b3a8-cd441e83375c:c2, 71fe9c48-ef70-445b-89d4-550c4f010b84:c2]
2019-10-07 23:31:00,213 [grpc-default-executor-6] WARN  server.GrpcLogAppender (LogUtils.java:warn(134)) - 1757d5fa-a161-4c0a-b504-ed724002c805@group-C837915B9584->71fe9c48-ef70-445b-89d4-550c4f010b84-AppendLogResponseHandler: Failed appendEntries: org.apache.ratis.thirdparty.io.grpc.StatusRuntimeException: UNAVAILABLE: io exception
2019-10-07 23:31:00,213 [grpc-default-executor-1] WARN  server.GrpcLogAppender (LogUtils.java:warn(134)) - 1757d5fa-a161-4c0a-b504-ed724002c805@group-C837915B9584->51a40bca-cd4b-4fd1-b3a8-cd441e83375c-AppendLogResponseHandler: Failed appendEntries: org.apache.ratis.thirdparty.io.grpc.StatusRuntimeException: UNAVAILABLE: io exception
2019-10-07 23:31:00,214 [grpc-default-executor-6] INFO  impl.FollowerInfo (FollowerInfo.java:lambda$new$0(51)) - 1757d5fa-a161-4c0a-b504-ed724002c805@group-C837915B9584->71fe9c48-ef70-445b-89d4-550c4f010b84: nextIndex: updateUnconditionally 0 -> 0
2019-10-07 23:31:00,214 [grpc-default-executor-1] INFO  impl.FollowerInfo (FollowerInfo.java:lambda$new$0(51)) - 1757d5fa-a161-4c0a-b504-ed724002c805@group-C837915B9584->51a40bca-cd4b-4fd1-b3a8-cd441e83375c: nextIndex: updateUnconditionally 0 -> 0
2019-10-07 23:31:02,718 [grpc-default-executor-6] WARN  server.GrpcLogAppender (LogUtils.java:warn(134)) - 1757d5fa-a161-4c0a-b504-ed724002c805@group-C837915B9584->51a40bca-cd4b-4fd1-b3a8-cd441e83375c-AppendLogResponseHandler: Failed appendEntries: org.apache.ratis.thirdparty.io.grpc.StatusRuntimeException: UNAVAILABLE: io exception
2019-10-07 23:31:02,718 [grpc-default-executor-1] WARN  server.GrpcLogAppender (LogUtils.java:warn(134)) - 1757d5fa-a161-4c0a-b504-ed724002c805@group-C837915B9584->71fe9c48-ef70-445b-89d4-550c4f010b84-AppendLogResponseHandler: Failed appendEntries: org.apache.ratis.thirdparty.io.grpc.StatusRuntimeException: UNAVAILABLE: io exception
2019-10-07 23:31:02,719 [grpc-default-executor-6] INFO  impl.FollowerInfo (FollowerInfo.java:lambda$new$0(51)) - 1757d5fa-a161-4c0a-b504-ed724002c805@group-C837915B9584->51a40bca-cd4b-4fd1-b3a8-cd441e83375c: nextIndex: updateUnconditionally 0 -> 0
2019-10-07 23:31:02,719 [grpc-default-executor-1] INFO  impl.FollowerInfo (FollowerInfo.java:lambda$new$0(51)) - 1757d5fa-a161-4c0a-b504-ed724002c805@group-C837915B9584->71fe9c48-ef70-445b-89d4-550c4f010b84: nextIndex: updateUnconditionally 0 -> 0
2019-10-07 23:31:05,222 [grpc-default-executor-6] WARN  server.GrpcLogAppender (LogUtils.java:warn(134)) - 1757d5fa-a161-4c0a-b504-ed724002c805@group-C837915B9584->71fe9c48-ef70-445b-89d4-550c4f010b84-AppendLogResponseHandler: Failed appendEntries: org.apache.ratis.thirdparty.io.grpc.StatusRuntimeException: UNAVAILABLE: io exception
2019-10-07 23:31:05,222 [grpc-default-executor-1] WARN  server.GrpcLogAppender (LogUtils.java:warn(134)) - 1757d5fa-a161-4c0a-b504-ed724002c805@group-C837915B9584->51a40bca-cd4b-4fd1-b3a8-cd441e83375c-AppendLogResponseHandler: Failed appendEntries: org.apache.ratis.thirdparty.io.grpc.StatusRuntimeException: UNAVAILABLE: io exception
2019-10-07 23:31:05,225 [grpc-default-executor-1] INFO  impl.FollowerInfo (FollowerInfo.java:lambda$new$0(51)) - 1757d5fa-a161-4c0a-b504-ed724002c805@group-C837915B9584->51a40bca-cd4b-4fd1-b3a8-cd441e83375c: nextIndex: updateUnconditionally 0 -> 0
2019-10-07 23:31:05,225 [grpc-default-executor-6] INFO  impl.FollowerInfo (FollowerInfo.java:lambda$new$0(51)) - 1757d5fa-a161-4c0a-b504-ed724002c805@group-C837915B9584->71fe9c48-ef70-445b-89d4-550c4f010b84: nextIndex: updateUnconditionally 0 -> 0
2019-10-07 23:31:07,720 [grpc-default-executor-1] WARN  server.GrpcLogAppender (LogUtils.java:warn(134)) - 1757d5fa-a161-4c0a-b504-ed724002c805@group-C837915B9584->51a40bca-cd4b-4fd1-b3a8-cd441e83375c-AppendLogResponseHandler: Failed appendEntries: org.apache.ratis.thirdparty.io.grpc.StatusRuntimeException: UNAVAILABLE: io exception
2019-10-07 23:31:07,720 [grpc-default-executor-7] WARN  server.GrpcLogAppender (LogUtils.java:warn(134)) - 1757d5fa-a161-4c0a-b504-ed724002c805@group-C837915B9584->71fe9c48-ef70-445b-89d4-550c4f010b84-AppendLogResponseHandler: Failed appendEntries: org.apache.ratis.thirdparty.io.grpc.StatusRuntimeException: UNAVAILABLE: io exception
2019-10-07 23:31:07,721 [grpc-default-executor-1] INFO  impl.FollowerInfo (FollowerInfo.java:lambda$new$0(51)) - 1757d5fa-a161-4c0a-b504-ed724002c805@group-C837915B9584->51a40bca-cd4b-4fd1-b3a8-cd441e83375c: nextIndex: updateUnconditionally 0 -> 0
2019-10-07 23:31:07,721 [grpc-default-executor-7] INFO  impl.FollowerInfo (FollowerInfo.java:lambda$new$0(51)) - 1757d5fa-a161-4c0a-b504-ed724002c805@group-C837915B9584->71fe9c48-ef70-445b-89d4-550c4f010b84: nextIndex: updateUnconditionally 0 -> 0
2019-10-07 23:31:08,056 [Thread-1792] INFO  client.GrpcClientProtocolService (GrpcClientProtocolService.java:lambda$processClientRequest$0(278)) - Failed RaftClientRequest:client-27B3AA0F53AE->1757d5fa-a161-4c0a-b504-ed724002c805@group-C837915B9584, cid=119, seq=0, Watch-ALL_COMMITTED(12), Message:<EMPTY>, reply=RaftClientReply:client-27B3AA0F53AE->1757d5fa-a161-4c0a-b504-ed724002c805@group-C837915B9584, cid=119, FAILED org.apache.ratis.protocol.NotReplicatedException: Request with call Id 119 and log index 12 is not yet replicated to ALL_COMMITTED, logIndex=12, commits[1757d5fa-a161-4c0a-b504-ed724002c805:c2, 51a40bca-cd4b-4fd1-b3a8-cd441e83375c:c2, 71fe9c48-ef70-445b-89d4-550c4f010b84:c2]
2019-10-07 23:31:09,057 [Thread-1793] INFO  client.GrpcClientProtocolService (GrpcClientProtocolService.java:lambda$processClientRequest$0(278)) - Failed RaftClientRequest:client-27B3AA0F53AE->1757d5fa-a161-4c0a-b504-ed724002c805@group-C837915B9584, cid=120, seq=0, Watch-MAJORITY_COMMITTED(12), Message:<EMPTY>, reply=RaftClientReply:client-27B3AA0F53AE->1757d5fa-a161-4c0a-b504-ed724002c805@group-C837915B9584, cid=120, FAILED org.apache.ratis.protocol.NotReplicatedException: Request with call Id 120 and log index 12 is not yet replicated to MAJORITY_COMMITTED, logIndex=12, commits[1757d5fa-a161-4c0a-b504-ed724002c805:c2, 51a40bca-cd4b-4fd1-b3a8-cd441e83375c:c2, 71fe9c48-ef70-445b-89d4-550c4f010b84:c2]
2019-10-07 23:31:10,224 [grpc-default-executor-7] WARN  server.GrpcLogAppender (LogUtils.java:warn(134)) - 1757d5fa-a161-4c0a-b504-ed724002c805@group-C837915B9584->51a40bca-cd4b-4fd1-b3a8-cd441e83375c-AppendLogResponseHandler: Failed appendEntries: org.apache.ratis.thirdparty.io.grpc.StatusRuntimeException: UNAVAILABLE: io exception
2019-10-07 23:31:10,224 [grpc-default-executor-1] WARN  server.GrpcLogAppender (LogUtils.java:warn(134)) - 1757d5fa-a161-4c0a-b504-ed724002c805@group-C837915B9584->71fe9c48-ef70-445b-89d4-550c4f010b84-AppendLogResponseHandler: Failed appendEntries: org.apache.ratis.thirdparty.io.grpc.StatusRuntimeException: UNAVAILABLE: io exception
2019-10-07 23:31:10,225 [grpc-default-executor-1] INFO  impl.FollowerInfo (FollowerInfo.java:lambda$new$0(51)) - 1757d5fa-a161-4c0a-b504-ed724002c805@group-C837915B9584->71fe9c48-ef70-445b-89d4-550c4f010b84: nextIndex: updateUnconditionally 0 -> 0
2019-10-07 23:31:10,225 [grpc-default-executor-7] INFO  impl.FollowerInfo (FollowerInfo.java:lambda$new$0(51)) - 1757d5fa-a161-4c0a-b504-ed724002c805@group-C837915B9584->51a40bca-cd4b-4fd1-b3a8-cd441e83375c: nextIndex: updateUnconditionally 0 -> 0
2019-10-07 23:31:12,729 [grpc-default-executor-7] WARN  server.GrpcLogAppender (LogUtils.java:warn(134)) - 1757d5fa-a161-4c0a-b504-ed724002c805@group-C837915B9584->51a40bca-cd4b-4fd1-b3a8-cd441e83375c-AppendLogResponseHandler: Failed appendEntries: org.apache.ratis.thirdparty.io.grpc.StatusRuntimeException: UNAVAILABLE: io exception
2019-10-07 23:31:12,729 [grpc-default-executor-1] WARN  server.GrpcLogAppender (LogUtils.java:warn(134)) - 1757d5fa-a161-4c0a-b504-ed724002c805@group-C837915B9584->71fe9c48-ef70-445b-89d4-550c4f010b84-AppendLogResponseHandler: Failed appendEntries: org.apache.ratis.thirdparty.io.grpc.StatusRuntimeException: UNAVAILABLE: io exception
2019-10-07 23:31:12,730 [grpc-default-executor-7] INFO  impl.FollowerInfo (FollowerInfo.java:lambda$new$0(51)) - 1757d5fa-a161-4c0a-b504-ed724002c805@group-C837915B9584->51a40bca-cd4b-4fd1-b3a8-cd441e83375c: nextIndex: updateUnconditionally 0 -> 0
2019-10-07 23:31:12,730 [grpc-default-executor-1] INFO  impl.FollowerInfo (FollowerInfo.java:lambda$new$0(51)) - 1757d5fa-a161-4c0a-b504-ed724002c805@group-C837915B9584->71fe9c48-ef70-445b-89d4-550c4f010b84: nextIndex: updateUnconditionally 0 -> 0
2019-10-07 23:31:15,228 [grpc-default-executor-1] WARN  server.GrpcLogAppender (LogUtils.java:warn(134)) - 1757d5fa-a161-4c0a-b504-ed724002c805@group-C837915B9584->51a40bca-cd4b-4fd1-b3a8-cd441e83375c-AppendLogResponseHandler: Failed appendEntries: org.apache.ratis.thirdparty.io.grpc.StatusRuntimeException: UNAVAILABLE: io exception
2019-10-07 23:31:15,228 [grpc-default-executor-7] WARN  server.GrpcLogAppender (LogUtils.java:warn(134)) - 1757d5fa-a161-4c0a-b504-ed724002c805@group-C837915B9584->71fe9c48-ef70-445b-89d4-550c4f010b84-AppendLogResponseHandler: Failed appendEntries: org.apache.ratis.thirdparty.io.grpc.StatusRuntimeException: UNAVAILABLE: io exception
2019-10-07 23:31:15,229 [grpc-default-executor-1] INFO  impl.FollowerInfo (FollowerInfo.java:lambda$new$0(51)) - 1757d5fa-a161-4c0a-b504-ed724002c805@group-C837915B9584->51a40bca-cd4b-4fd1-b3a8-cd441e83375c: nextIndex: updateUnconditionally 0 -> 0
2019-10-07 23:31:15,229 [grpc-default-executor-7] INFO  impl.FollowerInfo (FollowerInfo.java:lambda$new$0(51)) - 1757d5fa-a161-4c0a-b504-ed724002c805@group-C837915B9584->71fe9c48-ef70-445b-89d4-550c4f010b84: nextIndex: updateUnconditionally 0 -> 0
2019-10-07 23:31:17,729 [grpc-default-executor-1] WARN  server.GrpcLogAppender (LogUtils.java:warn(134)) - 1757d5fa-a161-4c0a-b504-ed724002c805@group-C837915B9584->51a40bca-cd4b-4fd1-b3a8-cd441e83375c-AppendLogResponseHandler: Failed appendEntries: org.apache.ratis.thirdparty.io.grpc.StatusRuntimeException: UNAVAILABLE: io exception
2019-10-07 23:31:17,729 [grpc-default-executor-7] WARN  server.GrpcLogAppender (LogUtils.java:warn(134)) - 1757d5fa-a161-4c0a-b504-ed724002c805@group-C837915B9584->71fe9c48-ef70-445b-89d4-550c4f010b84-AppendLogResponseHandler: Failed appendEntries: org.apache.ratis.thirdparty.io.grpc.StatusRuntimeException: UNAVAILABLE: io exception
2019-10-07 23:31:17,729 [grpc-default-executor-1] INFO  impl.FollowerInfo (FollowerInfo.java:lambda$new$0(51)) - 1757d5fa-a161-4c0a-b504-ed724002c805@group-C837915B9584->51a40bca-cd4b-4fd1-b3a8-cd441e83375c: nextIndex: updateUnconditionally 0 -> 0
2019-10-07 23:31:17,730 [grpc-default-executor-7] INFO  impl.FollowerInfo (FollowerInfo.java:lambda$new$0(51)) - 1757d5fa-a161-4c0a-b504-ed724002c805@group-C837915B9584->71fe9c48-ef70-445b-89d4-550c4f010b84: nextIndex: updateUnconditionally 0 -> 0
]]></system-out>
    <system-err><![CDATA[Oct 07, 2019 11:30:32 PM org.apache.ratis.thirdparty.io.grpc.internal.SerializingExecutor run
SEVERE: Exception while executing runnable org.apache.ratis.thirdparty.io.grpc.internal.ServerImpl$JumpToApplicationThreadServerStreamListener$1Closed@643d4398
org.apache.ratis.thirdparty.io.grpc.StatusRuntimeException: CANCELLED: call already cancelled
	at org.apache.ratis.thirdparty.io.grpc.Status.asRuntimeException(Status.java:517)
	at org.apache.ratis.thirdparty.io.grpc.stub.ServerCalls$ServerCallStreamObserverImpl.onCompleted(ServerCalls.java:356)
	at org.apache.ratis.grpc.server.GrpcServerProtocolService$ServerRequestStreamObserver.onError(GrpcServerProtocolService.java:121)
	at org.apache.ratis.thirdparty.io.grpc.stub.ServerCalls$StreamingServerCallHandler$StreamingServerCallListener.onCancel(ServerCalls.java:269)
	at org.apache.ratis.thirdparty.io.grpc.internal.ServerCallImpl$ServerStreamListenerImpl.closed(ServerCallImpl.java:293)
	at org.apache.ratis.thirdparty.io.grpc.internal.ServerImpl$JumpToApplicationThreadServerStreamListener$1Closed.runInContext(ServerImpl.java:741)
	at org.apache.ratis.thirdparty.io.grpc.internal.ContextRunnable.run(ContextRunnable.java:37)
	at org.apache.ratis.thirdparty.io.grpc.internal.SerializingExecutor.run(SerializingExecutor.java:123)
	at java.util.concurrent.ThreadPoolExecutor.runWorker(ThreadPoolExecutor.java:1149)
	at java.util.concurrent.ThreadPoolExecutor$Worker.run(ThreadPoolExecutor.java:624)
	at java.lang.Thread.run(Thread.java:748)

Oct 07, 2019 11:30:37 PM org.apache.ratis.thirdparty.io.grpc.internal.SerializingExecutor run
SEVERE: Exception while executing runnable org.apache.ratis.thirdparty.io.grpc.internal.ServerImpl$JumpToApplicationThreadServerStreamListener$1Closed@6c75a492
org.apache.ratis.thirdparty.io.grpc.StatusRuntimeException: CANCELLED: call already cancelled
	at org.apache.ratis.thirdparty.io.grpc.Status.asRuntimeException(Status.java:517)
	at org.apache.ratis.thirdparty.io.grpc.stub.ServerCalls$ServerCallStreamObserverImpl.onCompleted(ServerCalls.java:356)
	at org.apache.ratis.grpc.server.GrpcServerProtocolService$ServerRequestStreamObserver.onError(GrpcServerProtocolService.java:121)
	at org.apache.ratis.thirdparty.io.grpc.stub.ServerCalls$StreamingServerCallHandler$StreamingServerCallListener.onCancel(ServerCalls.java:269)
	at org.apache.ratis.thirdparty.io.grpc.internal.ServerCallImpl$ServerStreamListenerImpl.closed(ServerCallImpl.java:293)
	at org.apache.ratis.thirdparty.io.grpc.internal.ServerImpl$JumpToApplicationThreadServerStreamListener$1Closed.runInContext(ServerImpl.java:741)
	at org.apache.ratis.thirdparty.io.grpc.internal.ContextRunnable.run(ContextRunnable.java:37)
	at org.apache.ratis.thirdparty.io.grpc.internal.SerializingExecutor.run(SerializingExecutor.java:123)
	at java.util.concurrent.ThreadPoolExecutor.runWorker(ThreadPoolExecutor.java:1149)
	at java.util.concurrent.ThreadPoolExecutor$Worker.run(ThreadPoolExecutor.java:624)
	at java.lang.Thread.run(Thread.java:748)

]]></system-err>
  </testcase>
  <testcase name="testWatchForCommitForGroupMismatchException" classname="org.apache.hadoop.ozone.client.rpc.TestWatchForCommit" time="35.636"/>
  <testcase name="test2WayCommitForTimeoutException" classname="org.apache.hadoop.ozone.client.rpc.TestWatchForCommit" time="32.47">
    <error type="java.util.concurrent.TimeoutException">java.util.concurrent.TimeoutException
	at java.util.concurrent.CompletableFuture.timedGet(CompletableFuture.java:1771)
	at java.util.concurrent.CompletableFuture.get(CompletableFuture.java:1915)
	at org.apache.hadoop.hdds.scm.XceiverClientRatis.watchForCommit(XceiverClientRatis.java:275)
	at org.apache.hadoop.ozone.client.rpc.TestWatchForCommit.test2WayCommitForTimeoutException(TestWatchForCommit.java:391)
	at sun.reflect.NativeMethodAccessorImpl.invoke0(Native Method)
	at sun.reflect.NativeMethodAccessorImpl.invoke(NativeMethodAccessorImpl.java:62)
	at sun.reflect.DelegatingMethodAccessorImpl.invoke(DelegatingMethodAccessorImpl.java:43)
	at java.lang.reflect.Method.invoke(Method.java:498)
	at org.junit.runners.model.FrameworkMethod$1.runReflectiveCall(FrameworkMethod.java:47)
	at org.junit.internal.runners.model.ReflectiveCallable.run(ReflectiveCallable.java:12)
	at org.junit.runners.model.FrameworkMethod.invokeExplosively(FrameworkMethod.java:44)
	at org.junit.internal.runners.statements.InvokeMethod.evaluate(InvokeMethod.java:17)
	at org.junit.runners.ParentRunner.runLeaf(ParentRunner.java:271)
	at org.junit.runners.BlockJUnit4ClassRunner.runChild(BlockJUnit4ClassRunner.java:70)
	at org.junit.runners.BlockJUnit4ClassRunner.runChild(BlockJUnit4ClassRunner.java:50)
	at org.junit.runners.ParentRunner$3.run(ParentRunner.java:238)
	at org.junit.runners.ParentRunner$1.schedule(ParentRunner.java:63)
	at org.junit.runners.ParentRunner.runChildren(ParentRunner.java:236)
	at org.junit.runners.ParentRunner.access$000(ParentRunner.java:53)
	at org.junit.runners.ParentRunner$2.evaluate(ParentRunner.java:229)
	at org.junit.runners.ParentRunner.run(ParentRunner.java:309)
	at org.apache.maven.surefire.junit4.JUnit4Provider.execute(JUnit4Provider.java:365)
	at org.apache.maven.surefire.junit4.JUnit4Provider.executeWithRerun(JUnit4Provider.java:273)
	at org.apache.maven.surefire.junit4.JUnit4Provider.executeTestSet(JUnit4Provider.java:238)
	at org.apache.maven.surefire.junit4.JUnit4Provider.invoke(JUnit4Provider.java:159)
	at org.apache.maven.surefire.booter.ForkedBooter.invokeProviderInSameClassLoader(ForkedBooter.java:384)
	at org.apache.maven.surefire.booter.ForkedBooter.runSuitesInProcess(ForkedBooter.java:345)
	at org.apache.maven.surefire.booter.ForkedBooter.execute(ForkedBooter.java:126)
	at org.apache.maven.surefire.booter.ForkedBooter.main(ForkedBooter.java:418)
</error>
    <system-out><![CDATA[2019-10-07 23:31:53,696 [main] WARN  server.ServerUtils (ServerUtils.java:getScmDbDir(145)) - ozone.scm.db.dirs is not configured. We recommend adding this setting. Falling back to ozone.metadata.dirs instead.
2019-10-07 23:31:53,711 [main] WARN  server.ServerUtils (ServerUtils.java:getScmDbDir(145)) - ozone.scm.db.dirs is not configured. We recommend adding this setting. Falling back to ozone.metadata.dirs instead.
2019-10-07 23:31:53,712 [main] WARN  server.ServerUtils (ServerUtils.java:getScmDbDir(145)) - ozone.scm.db.dirs is not configured. We recommend adding this setting. Falling back to ozone.metadata.dirs instead.
2019-10-07 23:31:53,713 [main] INFO  db.DBStoreBuilder (DBStoreBuilder.java:addTable(117)) - using custom profile for table: deletedBlocks
2019-10-07 23:31:53,713 [main] INFO  db.DBStoreBuilder (DBStoreBuilder.java:processTables(168)) - Using default column profile:DBProfile.DISK for Table:deletedBlocks
2019-10-07 23:31:53,714 [main] INFO  db.DBStoreBuilder (DBStoreBuilder.java:addTable(117)) - using custom profile for table: validCerts
2019-10-07 23:31:53,714 [main] INFO  db.DBStoreBuilder (DBStoreBuilder.java:processTables(168)) - Using default column profile:DBProfile.DISK for Table:validCerts
2019-10-07 23:31:53,714 [main] INFO  db.DBStoreBuilder (DBStoreBuilder.java:addTable(117)) - using custom profile for table: revokedCerts
2019-10-07 23:31:53,714 [main] INFO  db.DBStoreBuilder (DBStoreBuilder.java:processTables(168)) - Using default column profile:DBProfile.DISK for Table:revokedCerts
2019-10-07 23:31:53,715 [main] INFO  db.DBStoreBuilder (DBStoreBuilder.java:addTable(117)) - using custom profile for table: default
2019-10-07 23:31:53,715 [main] INFO  db.DBStoreBuilder (DBStoreBuilder.java:processTables(174)) - Using default column profile:DBProfile.DISK for Table:default
2019-10-07 23:31:53,715 [main] INFO  db.DBStoreBuilder (DBStoreBuilder.java:getDbProfile(205)) - Using default options. DBProfile.DISK
2019-10-07 23:31:53,928 [main] INFO  net.NodeSchemaLoader (NodeSchemaLoader.java:loadSchemaFromFile(125)) - Loading file from sun.misc.CompoundEnumeration@1efac5b9
2019-10-07 23:31:53,929 [main] INFO  net.NodeSchemaLoader (NodeSchemaLoader.java:loadSchema(171)) - Loading network topology layer schema file
2019-10-07 23:31:53,934 [main] WARN  server.ServerUtils (ServerUtils.java:sanitizeUserArgs(70)) - ozone.scm.stale.node.interval value = 300000 is larger than max = 100000 based on the key value of ozone.scm.heartbeat.thread.interval, reset to the max value 100000.
2019-10-07 23:31:53,934 [main] WARN  server.ServerUtils (ServerUtils.java:sanitizeUserArgs(70)) - ozone.scm.stale.node.interval value = 300000 is larger than max = 100000 based on the key value of ozone.scm.heartbeat.thread.interval, reset to the max value 100000.
2019-10-07 23:31:53,935 [main] INFO  node.SCMNodeManager (SCMNodeManager.java:<init>(116)) - Entering startup safe mode.
2019-10-07 23:31:53,936 [main] INFO  algorithms.ContainerPlacementPolicyFactory (ContainerPlacementPolicyFactory.java:getPolicy(57)) - Create container placement policy of type org.apache.hadoop.hdds.scm.container.placement.algorithms.SCMContainerPlacementRandom
2019-10-07 23:31:53,936 [main] WARN  server.ServerUtils (ServerUtils.java:getScmDbDir(145)) - ozone.scm.db.dirs is not configured. We recommend adding this setting. Falling back to ozone.metadata.dirs instead.
2019-10-07 23:31:54,044 [main] INFO  pipeline.SCMPipelineManager (SCMPipelineManager.java:initializePipelineState(132)) - No pipeline exists in current db
2019-10-07 23:31:54,044 [main] WARN  server.ServerUtils (ServerUtils.java:getScmDbDir(145)) - ozone.scm.db.dirs is not configured. We recommend adding this setting. Falling back to ozone.metadata.dirs instead.
2019-10-07 23:31:54,123 [main] WARN  events.EventQueue (EventQueue.java:fireEvent(183)) - No event handler registered for event TypedEvent{payloadType=SafeModeStatus, name='SafeModeStatus'}
2019-10-07 23:31:54,124 [main] INFO  ipc.CallQueueManager (CallQueueManager.java:<init>(84)) - Using callQueue: class java.util.concurrent.LinkedBlockingQueue, queueCapacity: 2000, scheduler: class org.apache.hadoop.ipc.DefaultRpcScheduler, ipcBackoff: false.
2019-10-07 23:31:54,125 [Socket Reader #1 for port 40965] INFO  ipc.Server (Server.java:run(1074)) - Starting Socket Reader #1 for port 40965
2019-10-07 23:31:54,128 [main] INFO  ipc.CallQueueManager (CallQueueManager.java:<init>(84)) - Using callQueue: class java.util.concurrent.LinkedBlockingQueue, queueCapacity: 2000, scheduler: class org.apache.hadoop.ipc.DefaultRpcScheduler, ipcBackoff: false.
2019-10-07 23:31:54,128 [Socket Reader #1 for port 37614] INFO  ipc.Server (Server.java:run(1074)) - Starting Socket Reader #1 for port 37614
2019-10-07 23:31:54,130 [main] INFO  ipc.CallQueueManager (CallQueueManager.java:<init>(84)) - Using callQueue: class java.util.concurrent.LinkedBlockingQueue, queueCapacity: 2000, scheduler: class org.apache.hadoop.ipc.DefaultRpcScheduler, ipcBackoff: false.
2019-10-07 23:31:54,131 [Socket Reader #1 for port 34965] INFO  ipc.Server (Server.java:run(1074)) - Starting Socket Reader #1 for port 34965
2019-10-07 23:31:54,136 [main] INFO  hdfs.DFSUtil (DFSUtil.java:httpServerTemplateForNNAndJN(1641)) - Starting Web-server for scm at: http://0.0.0.0:0
2019-10-07 23:31:54,138 [main] INFO  server.AuthenticationFilter (AuthenticationFilter.java:constructSecretProvider(240)) - Unable to initialize FileSignerSecretProvider, falling back to use random secrets.
2019-10-07 23:31:54,139 [main] WARN  http.HttpRequestLog (HttpRequestLog.java:getRequestLog(97)) - Jetty request log can only be enabled using Log4j
2019-10-07 23:31:54,142 [main] INFO  http.HttpServer2 (HttpServer2.java:addGlobalFilter(975)) - Added global filter 'safety' (class=org.apache.hadoop.http.HttpServer2$QuotingInputFilter)
2019-10-07 23:31:54,142 [main] INFO  http.HttpServer2 (HttpServer2.java:addFilter(948)) - Added filter static_user_filter (class=org.apache.hadoop.http.lib.StaticUserWebFilter$StaticUserFilter) to context scm
2019-10-07 23:31:54,143 [main] INFO  http.HttpServer2 (HttpServer2.java:addFilter(958)) - Added filter static_user_filter (class=org.apache.hadoop.http.lib.StaticUserWebFilter$StaticUserFilter) to context logs
2019-10-07 23:31:54,143 [main] INFO  http.HttpServer2 (HttpServer2.java:addFilter(958)) - Added filter static_user_filter (class=org.apache.hadoop.http.lib.StaticUserWebFilter$StaticUserFilter) to context static
2019-10-07 23:31:54,145 [main] INFO  server.StorageContainerManager (StorageContainerManager.java:start(770)) - StorageContainerLocationProtocol RPC server is listening at /0.0.0.0:34965
2019-10-07 23:31:54,148 [main] WARN  impl.MetricsConfig (MetricsConfig.java:loadFirst(134)) - Cannot locate configuration: tried hadoop-metrics2-storagecontainermanager.properties,hadoop-metrics2.properties
2019-10-07 23:31:54,149 [main] INFO  impl.MetricsSystemImpl (MetricsSystemImpl.java:startTimer(374)) - Scheduled Metric snapshot period at 10 second(s).
2019-10-07 23:31:54,149 [main] INFO  impl.MetricsSystemImpl (MetricsSystemImpl.java:start(191)) - StorageContainerManager metrics system started
2019-10-07 23:31:54,471 [main] WARN  impl.MetricsSystemImpl (MetricsSystemImpl.java:register(276)) - Sink prometheus already exists!
2019-10-07 23:31:54,809 [main] INFO  server.SCMClientProtocolServer (SCMClientProtocolServer.java:start(159)) - RPC server for Client  is listening at /0.0.0.0:34965
2019-10-07 23:31:54,809 [IPC Server Responder] INFO  ipc.Server (Server.java:run(1314)) - IPC Server Responder: starting
2019-10-07 23:31:54,809 [IPC Server listener on 34965] INFO  ipc.Server (Server.java:run(1153)) - IPC Server listener on 34965: starting
2019-10-07 23:31:54,816 [main] INFO  server.StorageContainerManager (StorageContainerManager.java:start(780)) - ScmBlockLocationProtocol RPC server is listening at /0.0.0.0:37614
2019-10-07 23:31:54,816 [main] INFO  server.SCMBlockProtocolServer (SCMBlockProtocolServer.java:start(146)) - RPC server for Block Protocol is listening at /0.0.0.0:37614
2019-10-07 23:31:54,816 [IPC Server Responder] INFO  ipc.Server (Server.java:run(1314)) - IPC Server Responder: starting
2019-10-07 23:31:54,817 [IPC Server listener on 37614] INFO  ipc.Server (Server.java:run(1153)) - IPC Server listener on 37614: starting
2019-10-07 23:31:54,823 [main] INFO  server.StorageContainerManager (StorageContainerManager.java:start(784)) - ScmDatanodeProtocl RPC server is listening at /0.0.0.0:40965
2019-10-07 23:31:54,823 [main] INFO  server.SCMDatanodeProtocolServer (SCMDatanodeProtocolServer.java:start(169)) - RPC server for DataNodes is listening at /0.0.0.0:40965
2019-10-07 23:31:54,824 [IPC Server Responder] INFO  ipc.Server (Server.java:run(1314)) - IPC Server Responder: starting
2019-10-07 23:31:54,824 [IPC Server listener on 40965] INFO  ipc.Server (Server.java:run(1153)) - IPC Server listener on 40965: starting
2019-10-07 23:31:54,830 [main] INFO  http.HttpServer2 (HttpServer2.java:bindListener(1191)) - Jetty bound to port 37525
2019-10-07 23:31:54,830 [main] INFO  server.Server (Server.java:doStart(351)) - jetty-9.3.25.v20180904, build timestamp: 2018-09-04T21:11:46Z, git hash: 3ce520221d0240229c862b122d2b06c12a625732
2019-10-07 23:31:54,832 [main] INFO  handler.ContextHandler (ContextHandler.java:doStart(781)) - Started o.e.j.s.ServletContextHandler@1b37fbec{/logs,file:///workdir/hadoop-ozone/integration-test/target/log,AVAILABLE}
2019-10-07 23:31:54,833 [main] INFO  handler.ContextHandler (ContextHandler.java:doStart(781)) - Started o.e.j.s.ServletContextHandler@bb3ecfe{/static,file:///workdir/hadoop-ozone/integration-test/target/test-classes/webapps/static,AVAILABLE}
2019-10-07 23:31:54,837 [main] INFO  handler.ContextHandler (ContextHandler.java:doStart(781)) - Started o.e.j.w.WebAppContext@36224f93{/,file:///workdir/hadoop-ozone/integration-test/target/test-classes/webapps/scm/,AVAILABLE}{/scm}
2019-10-07 23:31:54,837 [main] INFO  server.AbstractConnector (AbstractConnector.java:doStart(278)) - Started ServerConnector@1ee5632d{HTTP/1.1,[http/1.1]}{0.0.0.0:37525}
2019-10-07 23:31:54,839 [main] INFO  server.Server (Server.java:doStart(419)) - Started @216791ms
2019-10-07 23:31:54,839 [main] WARN  impl.MetricsSystemImpl (MetricsSystemImpl.java:register(276)) - Sink prometheus already exists!
2019-10-07 23:31:54,841 [main] INFO  server.BaseHttpServer (BaseHttpServer.java:updateConnectorAddress(215)) - HTTP server of SCM is listening at http://0.0.0.0:37525
2019-10-07 23:31:54,842 [main] WARN  server.ServerUtils (ServerUtils.java:getDBPath(222)) - ozone.om.db.dirs is not configured. We recommend adding this setting. Falling back to ozone.metadata.dirs instead.
2019-10-07 23:31:54,843 [org.apache.hadoop.util.JvmPauseMonitor$Monitor@563ccd31] INFO  util.JvmPauseMonitor (JvmPauseMonitor.java:run(188)) - Starting JVM pause monitor
2019-10-07 23:31:54,858 [main] INFO  ha.OMHANodeDetails (OMHANodeDetails.java:loadOMHAConfig(190)) - Configuration either no ozone.om.address set. Falling back to the default OM address /127.0.0.1:0
2019-10-07 23:31:54,859 [main] INFO  ha.OMHANodeDetails (OMHANodeDetails.java:getOMNodeDetails(220)) - OM Service ID is not set. Setting it to the default ID: omServiceIdDefault
2019-10-07 23:31:54,859 [main] WARN  server.ServerUtils (ServerUtils.java:getDBPath(222)) - ozone.om.db.dirs is not configured. We recommend adding this setting. Falling back to ozone.metadata.dirs instead.
2019-10-07 23:31:54,860 [main] WARN  server.ServerUtils (ServerUtils.java:getDBPath(222)) - ozone.om.db.dirs is not configured. We recommend adding this setting. Falling back to ozone.metadata.dirs instead.
2019-10-07 23:31:54,884 [main] WARN  server.ServerUtils (ServerUtils.java:getDBPath(222)) - ozone.om.db.dirs is not configured. We recommend adding this setting. Falling back to ozone.metadata.dirs instead.
2019-10-07 23:31:54,884 [main] INFO  db.DBStoreBuilder (DBStoreBuilder.java:addTable(117)) - using custom profile for table: userTable
2019-10-07 23:31:54,885 [main] INFO  db.DBStoreBuilder (DBStoreBuilder.java:processTables(168)) - Using default column profile:DBProfile.DISK for Table:userTable
2019-10-07 23:31:54,885 [main] INFO  db.DBStoreBuilder (DBStoreBuilder.java:addTable(117)) - using custom profile for table: volumeTable
2019-10-07 23:31:54,885 [main] INFO  db.DBStoreBuilder (DBStoreBuilder.java:processTables(168)) - Using default column profile:DBProfile.DISK for Table:volumeTable
2019-10-07 23:31:54,886 [main] INFO  db.DBStoreBuilder (DBStoreBuilder.java:addTable(117)) - using custom profile for table: bucketTable
2019-10-07 23:31:54,886 [main] INFO  db.DBStoreBuilder (DBStoreBuilder.java:processTables(168)) - Using default column profile:DBProfile.DISK for Table:bucketTable
2019-10-07 23:31:54,886 [main] INFO  db.DBStoreBuilder (DBStoreBuilder.java:addTable(117)) - using custom profile for table: keyTable
2019-10-07 23:31:54,887 [main] INFO  db.DBStoreBuilder (DBStoreBuilder.java:processTables(168)) - Using default column profile:DBProfile.DISK for Table:keyTable
2019-10-07 23:31:54,887 [main] INFO  db.DBStoreBuilder (DBStoreBuilder.java:addTable(117)) - using custom profile for table: deletedTable
2019-10-07 23:31:54,887 [main] INFO  db.DBStoreBuilder (DBStoreBuilder.java:processTables(168)) - Using default column profile:DBProfile.DISK for Table:deletedTable
2019-10-07 23:31:54,888 [main] INFO  db.DBStoreBuilder (DBStoreBuilder.java:addTable(117)) - using custom profile for table: openKeyTable
2019-10-07 23:31:54,888 [main] INFO  db.DBStoreBuilder (DBStoreBuilder.java:processTables(168)) - Using default column profile:DBProfile.DISK for Table:openKeyTable
2019-10-07 23:31:54,888 [main] INFO  db.DBStoreBuilder (DBStoreBuilder.java:addTable(117)) - using custom profile for table: s3Table
2019-10-07 23:31:54,888 [main] INFO  db.DBStoreBuilder (DBStoreBuilder.java:processTables(168)) - Using default column profile:DBProfile.DISK for Table:s3Table
2019-10-07 23:31:54,889 [main] INFO  db.DBStoreBuilder (DBStoreBuilder.java:addTable(117)) - using custom profile for table: multipartInfoTable
2019-10-07 23:31:54,889 [main] INFO  db.DBStoreBuilder (DBStoreBuilder.java:processTables(168)) - Using default column profile:DBProfile.DISK for Table:multipartInfoTable
2019-10-07 23:31:54,889 [main] INFO  db.DBStoreBuilder (DBStoreBuilder.java:addTable(117)) - using custom profile for table: dTokenTable
2019-10-07 23:31:54,889 [main] INFO  db.DBStoreBuilder (DBStoreBuilder.java:processTables(168)) - Using default column profile:DBProfile.DISK for Table:dTokenTable
2019-10-07 23:31:54,890 [main] INFO  db.DBStoreBuilder (DBStoreBuilder.java:addTable(117)) - using custom profile for table: s3SecretTable
2019-10-07 23:31:54,890 [main] INFO  db.DBStoreBuilder (DBStoreBuilder.java:processTables(168)) - Using default column profile:DBProfile.DISK for Table:s3SecretTable
2019-10-07 23:31:54,890 [main] INFO  db.DBStoreBuilder (DBStoreBuilder.java:addTable(117)) - using custom profile for table: prefixTable
2019-10-07 23:31:54,891 [main] INFO  db.DBStoreBuilder (DBStoreBuilder.java:processTables(168)) - Using default column profile:DBProfile.DISK for Table:prefixTable
2019-10-07 23:31:54,891 [main] INFO  db.DBStoreBuilder (DBStoreBuilder.java:addTable(117)) - using custom profile for table: default
2019-10-07 23:31:54,891 [main] INFO  db.DBStoreBuilder (DBStoreBuilder.java:processTables(174)) - Using default column profile:DBProfile.DISK for Table:default
2019-10-07 23:31:54,891 [main] INFO  db.DBStoreBuilder (DBStoreBuilder.java:getDbProfile(205)) - Using default options. DBProfile.DISK
2019-10-07 23:31:55,246 [grpc-default-executor-1] WARN  server.GrpcLogAppender (LogUtils.java:warn(134)) - 1757d5fa-a161-4c0a-b504-ed724002c805@group-C837915B9584->71fe9c48-ef70-445b-89d4-550c4f010b84-AppendLogResponseHandler: Failed appendEntries: org.apache.ratis.thirdparty.io.grpc.StatusRuntimeException: UNAVAILABLE: io exception
2019-10-07 23:31:55,246 [grpc-default-executor-2] WARN  server.GrpcLogAppender (LogUtils.java:warn(134)) - 1757d5fa-a161-4c0a-b504-ed724002c805@group-C837915B9584->51a40bca-cd4b-4fd1-b3a8-cd441e83375c-AppendLogResponseHandler: Failed appendEntries: org.apache.ratis.thirdparty.io.grpc.StatusRuntimeException: UNAVAILABLE: io exception
2019-10-07 23:31:55,246 [grpc-default-executor-1] INFO  impl.FollowerInfo (FollowerInfo.java:lambda$new$0(51)) - 1757d5fa-a161-4c0a-b504-ed724002c805@group-C837915B9584->71fe9c48-ef70-445b-89d4-550c4f010b84: nextIndex: updateUnconditionally 0 -> 0
2019-10-07 23:31:55,247 [grpc-default-executor-2] INFO  impl.FollowerInfo (FollowerInfo.java:lambda$new$0(51)) - 1757d5fa-a161-4c0a-b504-ed724002c805@group-C837915B9584->51a40bca-cd4b-4fd1-b3a8-cd441e83375c: nextIndex: updateUnconditionally 0 -> 0
2019-10-07 23:31:55,617 [main] INFO  ipc.CallQueueManager (CallQueueManager.java:<init>(84)) - Using callQueue: class java.util.concurrent.LinkedBlockingQueue, queueCapacity: 2000, scheduler: class org.apache.hadoop.ipc.DefaultRpcScheduler, ipcBackoff: false.
2019-10-07 23:31:55,618 [Socket Reader #1 for port 33670] INFO  ipc.Server (Server.java:run(1074)) - Starting Socket Reader #1 for port 33670
2019-10-07 23:31:55,637 [main] INFO  om.OzoneManager (OzoneManager.java:start(1069)) - OzoneManager RPC server is listening at localhost/127.0.0.1:33670
2019-10-07 23:31:55,637 [main] INFO  impl.MetricsSystemImpl (MetricsSystemImpl.java:init(158)) - OzoneManager metrics system started (again)
2019-10-07 23:31:55,640 [IPC Server Responder] INFO  ipc.Server (Server.java:run(1314)) - IPC Server Responder: starting
2019-10-07 23:31:55,643 [IPC Server listener on 33670] INFO  ipc.Server (Server.java:run(1153)) - IPC Server listener on 33670: starting
2019-10-07 23:31:55,648 [main] INFO  hdfs.DFSUtil (DFSUtil.java:httpServerTemplateForNNAndJN(1641)) - Starting Web-server for ozoneManager at: http://0.0.0.0:0
2019-10-07 23:31:55,649 [main] INFO  server.AuthenticationFilter (AuthenticationFilter.java:constructSecretProvider(240)) - Unable to initialize FileSignerSecretProvider, falling back to use random secrets.
2019-10-07 23:31:55,649 [main] WARN  http.HttpRequestLog (HttpRequestLog.java:getRequestLog(97)) - Jetty request log can only be enabled using Log4j
2019-10-07 23:31:55,651 [main] INFO  http.HttpServer2 (HttpServer2.java:addGlobalFilter(975)) - Added global filter 'safety' (class=org.apache.hadoop.http.HttpServer2$QuotingInputFilter)
2019-10-07 23:31:55,651 [main] INFO  http.HttpServer2 (HttpServer2.java:addFilter(948)) - Added filter static_user_filter (class=org.apache.hadoop.http.lib.StaticUserWebFilter$StaticUserFilter) to context ozoneManager
2019-10-07 23:31:55,652 [main] INFO  http.HttpServer2 (HttpServer2.java:addFilter(958)) - Added filter static_user_filter (class=org.apache.hadoop.http.lib.StaticUserWebFilter$StaticUserFilter) to context logs
2019-10-07 23:31:55,652 [main] INFO  http.HttpServer2 (HttpServer2.java:addFilter(958)) - Added filter static_user_filter (class=org.apache.hadoop.http.lib.StaticUserWebFilter$StaticUserFilter) to context static
2019-10-07 23:31:55,652 [main] INFO  http.HttpServer2 (HttpServer2.java:bindListener(1191)) - Jetty bound to port 37081
2019-10-07 23:31:55,653 [main] INFO  server.Server (Server.java:doStart(351)) - jetty-9.3.25.v20180904, build timestamp: 2018-09-04T21:11:46Z, git hash: 3ce520221d0240229c862b122d2b06c12a625732
2019-10-07 23:31:55,654 [main] INFO  handler.ContextHandler (ContextHandler.java:doStart(781)) - Started o.e.j.s.ServletContextHandler@7ccd611e{/logs,file:///workdir/hadoop-ozone/integration-test/target/log,AVAILABLE}
2019-10-07 23:31:55,655 [main] INFO  handler.ContextHandler (ContextHandler.java:doStart(781)) - Started o.e.j.s.ServletContextHandler@5c3d4f05{/static,file:///workdir/hadoop-ozone/integration-test/target/test-classes/webapps/static,AVAILABLE}
2019-10-07 23:31:55,659 [main] INFO  handler.ContextHandler (ContextHandler.java:doStart(781)) - Started o.e.j.w.WebAppContext@11f23038{/,file:///workdir/hadoop-ozone/integration-test/target/test-classes/webapps/ozoneManager/,AVAILABLE}{/ozoneManager}
2019-10-07 23:31:55,660 [main] INFO  server.AbstractConnector (AbstractConnector.java:doStart(278)) - Started ServerConnector@de77146{HTTP/1.1,[http/1.1]}{0.0.0.0:37081}
2019-10-07 23:31:55,661 [main] INFO  server.Server (Server.java:doStart(419)) - Started @217614ms
2019-10-07 23:31:55,661 [main] WARN  impl.MetricsSystemImpl (MetricsSystemImpl.java:register(276)) - Sink prometheus already exists!
2019-10-07 23:31:55,662 [main] INFO  server.BaseHttpServer (BaseHttpServer.java:updateConnectorAddress(215)) - HTTP server of OZONEMANAGER is listening at http://0.0.0.0:37081
2019-10-07 23:31:55,681 [main] INFO  impl.MetricsSystemImpl (MetricsSystemImpl.java:init(158)) - HddsDatanode metrics system started (again)
2019-10-07 23:31:55,705 [main] INFO  ozone.HddsDatanodeService (HddsDatanodeService.java:start(184)) - HddsDatanodeService host:pr-hdds-1868-k864b-3611000933 ip:192.168.151.75
2019-10-07 23:31:55,713 [main] INFO  volume.HddsVolume (HddsVolume.java:<init>(176)) - Creating Volume: /workdir/hadoop-ozone/integration-test/target/test-dir/MiniOzoneClusterImpl-352333b8-4a53-463e-b611-0484fc381049/datanode-0/data/containers/hdds of  storage type : DISK and capacity : 1482555576320
2019-10-07 23:31:55,714 [main] INFO  volume.VolumeSet (VolumeSet.java:initializeVolumeSet(170)) - Added Volume : /workdir/hadoop-ozone/integration-test/target/test-dir/MiniOzoneClusterImpl-352333b8-4a53-463e-b611-0484fc381049/datanode-0/data/containers/hdds to VolumeSet
2019-10-07 23:31:55,714 [main] INFO  volume.ThrottledAsyncChecker (ThrottledAsyncChecker.java:schedule(139)) - Scheduling a check for org.apache.hadoop.ozone.container.common.volume.HddsVolume@61359e87
2019-10-07 23:31:55,714 [main] INFO  volume.HddsVolumeChecker (HddsVolumeChecker.java:checkAllVolumes(202)) - Scheduled health check for volume org.apache.hadoop.ozone.container.common.volume.HddsVolume@61359e87
2019-10-07 23:31:55,729 [main] INFO  impl.RaftServerProxy (ConfUtils.java:logGet(43)) - raft.rpc.type = GRPC (default)
2019-10-07 23:31:55,729 [main] INFO  grpc.GrpcFactory (GrpcFactory.java:checkPooledByteBufAllocatorUseCacheForAllThreads(45)) - PERFORMANCE WARNING: useCacheForAllThreads is true that may cause Netty to create a lot garbage objects and, as a result, trigger GC.
	It is recommended to disable useCacheForAllThreads by setting -Dorg.apache.ratis.thirdparty.io.netty.allocator.useCacheForAllThreads=false in command line.
2019-10-07 23:31:55,729 [main] INFO  grpc.GrpcConfigKeys$Server (ConfUtils.java:logGet(43)) - raft.grpc.server.port = 0 (default)
2019-10-07 23:31:55,730 [main] INFO  server.GrpcService (ConfUtils.java:logGet(43)) - raft.grpc.message.size.max = 33570816 (custom)
2019-10-07 23:31:55,730 [main] INFO  server.RaftServerConfigKeys (ConfUtils.java:logGet(43)) - raft.server.log.appender.buffer.byte-limit = 33554432 (custom)
2019-10-07 23:31:55,730 [main] INFO  server.GrpcService (ConfUtils.java:logGet(43)) - raft.grpc.flow.control.window = 1MB (=1048576) (default)
2019-10-07 23:31:55,730 [main] INFO  server.RaftServerConfigKeys (ConfUtils.java:logGet(43)) - raft.server.rpc.request.timeout = 3000ms (default)
2019-10-07 23:31:55,731 [main] INFO  server.RaftServerConfigKeys (ConfUtils.java:logGet(43)) - raft.server.storage.dir = [/workdir/hadoop-ozone/integration-test/target/test-dir/MiniOzoneClusterImpl-352333b8-4a53-463e-b611-0484fc381049/datanode-0/data/ratis] (custom)
2019-10-07 23:31:55,732 [main] INFO  hdfs.DFSUtil (DFSUtil.java:httpServerTemplateForNNAndJN(1641)) - Starting Web-server for hddsDatanode at: http://0.0.0.0:0
2019-10-07 23:31:55,733 [main] INFO  server.AuthenticationFilter (AuthenticationFilter.java:constructSecretProvider(240)) - Unable to initialize FileSignerSecretProvider, falling back to use random secrets.
2019-10-07 23:31:55,733 [main] WARN  http.HttpRequestLog (HttpRequestLog.java:getRequestLog(97)) - Jetty request log can only be enabled using Log4j
2019-10-07 23:31:55,734 [main] INFO  http.HttpServer2 (HttpServer2.java:addGlobalFilter(975)) - Added global filter 'safety' (class=org.apache.hadoop.http.HttpServer2$QuotingInputFilter)
2019-10-07 23:31:55,735 [main] INFO  http.HttpServer2 (HttpServer2.java:addFilter(948)) - Added filter static_user_filter (class=org.apache.hadoop.http.lib.StaticUserWebFilter$StaticUserFilter) to context hddsDatanode
2019-10-07 23:31:55,735 [main] INFO  http.HttpServer2 (HttpServer2.java:addFilter(958)) - Added filter static_user_filter (class=org.apache.hadoop.http.lib.StaticUserWebFilter$StaticUserFilter) to context logs
2019-10-07 23:31:55,735 [main] INFO  http.HttpServer2 (HttpServer2.java:addFilter(958)) - Added filter static_user_filter (class=org.apache.hadoop.http.lib.StaticUserWebFilter$StaticUserFilter) to context static
2019-10-07 23:31:55,736 [main] INFO  http.HttpServer2 (HttpServer2.java:bindListener(1191)) - Jetty bound to port 46571
2019-10-07 23:31:55,736 [main] INFO  server.Server (Server.java:doStart(351)) - jetty-9.3.25.v20180904, build timestamp: 2018-09-04T21:11:46Z, git hash: 3ce520221d0240229c862b122d2b06c12a625732
2019-10-07 23:31:55,738 [main] INFO  handler.ContextHandler (ContextHandler.java:doStart(781)) - Started o.e.j.s.ServletContextHandler@51e7589f{/logs,file:///workdir/hadoop-ozone/integration-test/target/log,AVAILABLE}
2019-10-07 23:31:55,738 [main] INFO  handler.ContextHandler (ContextHandler.java:doStart(781)) - Started o.e.j.s.ServletContextHandler@42c12b3e{/static,jar:file:/home/user/.m2/repository/org/apache/hadoop/hadoop-hdds-container-service/0.5.0-SNAPSHOT/hadoop-hdds-container-service-0.5.0-SNAPSHOT.jar!/webapps/static,AVAILABLE}
2019-10-07 23:31:55,765 [main] INFO  handler.ContextHandler (ContextHandler.java:doStart(781)) - Started o.e.j.w.WebAppContext@69a40b3c{/,file:///tmp/jetty-0.0.0.0-46571-hddsDatanode-_-any-6527420965764380698.dir/webapp/,AVAILABLE}{/hddsDatanode}
2019-10-07 23:31:55,766 [main] INFO  server.AbstractConnector (AbstractConnector.java:doStart(278)) - Started ServerConnector@251c90f{HTTP/1.1,[http/1.1]}{0.0.0.0:46571}
2019-10-07 23:31:55,767 [main] INFO  server.Server (Server.java:doStart(419)) - Started @217720ms
2019-10-07 23:31:55,767 [main] WARN  impl.MetricsSystemImpl (MetricsSystemImpl.java:register(276)) - Sink prometheus already exists!
2019-10-07 23:31:55,768 [main] INFO  server.BaseHttpServer (BaseHttpServer.java:updateConnectorAddress(215)) - HTTP server of HDDSDATANODE is listening at http://0.0.0.0:46571
2019-10-07 23:31:55,768 [main] INFO  impl.MetricsSystemImpl (MetricsSystemImpl.java:init(158)) - HddsDatanode metrics system started (again)
2019-10-07 23:31:55,788 [org.apache.hadoop.util.JvmPauseMonitor$Monitor@e529881] INFO  util.JvmPauseMonitor (JvmPauseMonitor.java:run(188)) - Starting JVM pause monitor
2019-10-07 23:31:55,789 [main] INFO  ozone.HddsDatanodeService (HddsDatanodeService.java:start(184)) - HddsDatanodeService host:pr-hdds-1868-k864b-3611000933 ip:192.168.151.75
2019-10-07 23:31:55,790 [Datanode State Machine Thread - 0] INFO  datanode.InitDatanodeState (InitDatanodeState.java:persistContainerDatanodeDetails(140)) - DatanodeDetails is persisted to /workdir/hadoop-ozone/integration-test/target/test-dir/MiniOzoneClusterImpl-352333b8-4a53-463e-b611-0484fc381049/datanode-0/meta/datanode.id
2019-10-07 23:31:55,797 [main] INFO  volume.HddsVolume (HddsVolume.java:<init>(176)) - Creating Volume: /workdir/hadoop-ozone/integration-test/target/test-dir/MiniOzoneClusterImpl-352333b8-4a53-463e-b611-0484fc381049/datanode-1/data/containers/hdds of  storage type : DISK and capacity : 1482555576320
2019-10-07 23:31:55,797 [main] INFO  volume.VolumeSet (VolumeSet.java:initializeVolumeSet(170)) - Added Volume : /workdir/hadoop-ozone/integration-test/target/test-dir/MiniOzoneClusterImpl-352333b8-4a53-463e-b611-0484fc381049/datanode-1/data/containers/hdds to VolumeSet
2019-10-07 23:31:55,797 [main] INFO  volume.ThrottledAsyncChecker (ThrottledAsyncChecker.java:schedule(139)) - Scheduling a check for org.apache.hadoop.ozone.container.common.volume.HddsVolume@50bc3219
2019-10-07 23:31:55,798 [main] INFO  volume.HddsVolumeChecker (HddsVolumeChecker.java:checkAllVolumes(202)) - Scheduled health check for volume org.apache.hadoop.ozone.container.common.volume.HddsVolume@50bc3219
2019-10-07 23:31:55,812 [main] INFO  impl.RaftServerProxy (ConfUtils.java:logGet(43)) - raft.rpc.type = GRPC (default)
2019-10-07 23:31:55,812 [main] INFO  grpc.GrpcFactory (GrpcFactory.java:checkPooledByteBufAllocatorUseCacheForAllThreads(45)) - PERFORMANCE WARNING: useCacheForAllThreads is true that may cause Netty to create a lot garbage objects and, as a result, trigger GC.
	It is recommended to disable useCacheForAllThreads by setting -Dorg.apache.ratis.thirdparty.io.netty.allocator.useCacheForAllThreads=false in command line.
2019-10-07 23:31:55,812 [main] INFO  grpc.GrpcConfigKeys$Server (ConfUtils.java:logGet(43)) - raft.grpc.server.port = 0 (default)
2019-10-07 23:31:55,813 [main] INFO  server.GrpcService (ConfUtils.java:logGet(43)) - raft.grpc.message.size.max = 33570816 (custom)
2019-10-07 23:31:55,813 [main] INFO  server.RaftServerConfigKeys (ConfUtils.java:logGet(43)) - raft.server.log.appender.buffer.byte-limit = 33554432 (custom)
2019-10-07 23:31:55,813 [main] INFO  server.GrpcService (ConfUtils.java:logGet(43)) - raft.grpc.flow.control.window = 1MB (=1048576) (default)
2019-10-07 23:31:55,813 [main] INFO  server.RaftServerConfigKeys (ConfUtils.java:logGet(43)) - raft.server.rpc.request.timeout = 3000ms (default)
2019-10-07 23:31:55,814 [main] INFO  server.RaftServerConfigKeys (ConfUtils.java:logGet(43)) - raft.server.storage.dir = [/workdir/hadoop-ozone/integration-test/target/test-dir/MiniOzoneClusterImpl-352333b8-4a53-463e-b611-0484fc381049/datanode-1/data/ratis] (custom)
2019-10-07 23:31:55,815 [main] INFO  hdfs.DFSUtil (DFSUtil.java:httpServerTemplateForNNAndJN(1641)) - Starting Web-server for hddsDatanode at: http://0.0.0.0:0
2019-10-07 23:31:55,816 [main] INFO  server.AuthenticationFilter (AuthenticationFilter.java:constructSecretProvider(240)) - Unable to initialize FileSignerSecretProvider, falling back to use random secrets.
2019-10-07 23:31:55,816 [main] WARN  http.HttpRequestLog (HttpRequestLog.java:getRequestLog(97)) - Jetty request log can only be enabled using Log4j
2019-10-07 23:31:55,820 [main] INFO  http.HttpServer2 (HttpServer2.java:addGlobalFilter(975)) - Added global filter 'safety' (class=org.apache.hadoop.http.HttpServer2$QuotingInputFilter)
2019-10-07 23:31:55,820 [main] INFO  http.HttpServer2 (HttpServer2.java:addFilter(948)) - Added filter static_user_filter (class=org.apache.hadoop.http.lib.StaticUserWebFilter$StaticUserFilter) to context hddsDatanode
2019-10-07 23:31:55,821 [main] INFO  http.HttpServer2 (HttpServer2.java:addFilter(958)) - Added filter static_user_filter (class=org.apache.hadoop.http.lib.StaticUserWebFilter$StaticUserFilter) to context logs
2019-10-07 23:31:55,821 [main] INFO  http.HttpServer2 (HttpServer2.java:addFilter(958)) - Added filter static_user_filter (class=org.apache.hadoop.http.lib.StaticUserWebFilter$StaticUserFilter) to context static
2019-10-07 23:31:55,821 [main] INFO  http.HttpServer2 (HttpServer2.java:bindListener(1191)) - Jetty bound to port 38098
2019-10-07 23:31:55,821 [main] INFO  server.Server (Server.java:doStart(351)) - jetty-9.3.25.v20180904, build timestamp: 2018-09-04T21:11:46Z, git hash: 3ce520221d0240229c862b122d2b06c12a625732
2019-10-07 23:31:55,823 [main] INFO  handler.ContextHandler (ContextHandler.java:doStart(781)) - Started o.e.j.s.ServletContextHandler@4a2bf50f{/logs,file:///workdir/hadoop-ozone/integration-test/target/log,AVAILABLE}
2019-10-07 23:31:55,823 [main] INFO  handler.ContextHandler (ContextHandler.java:doStart(781)) - Started o.e.j.s.ServletContextHandler@2506b881{/static,jar:file:/home/user/.m2/repository/org/apache/hadoop/hadoop-hdds-container-service/0.5.0-SNAPSHOT/hadoop-hdds-container-service-0.5.0-SNAPSHOT.jar!/webapps/static,AVAILABLE}
2019-10-07 23:31:55,851 [main] INFO  handler.ContextHandler (ContextHandler.java:doStart(781)) - Started o.e.j.w.WebAppContext@2bec068b{/,file:///tmp/jetty-0.0.0.0-38098-hddsDatanode-_-any-2707113123947771959.dir/webapp/,AVAILABLE}{/hddsDatanode}
2019-10-07 23:31:55,852 [main] INFO  server.AbstractConnector (AbstractConnector.java:doStart(278)) - Started ServerConnector@7d59e968{HTTP/1.1,[http/1.1]}{0.0.0.0:38098}
2019-10-07 23:31:55,853 [main] INFO  server.Server (Server.java:doStart(419)) - Started @217806ms
2019-10-07 23:31:55,854 [main] WARN  impl.MetricsSystemImpl (MetricsSystemImpl.java:register(276)) - Sink prometheus already exists!
2019-10-07 23:31:55,854 [main] INFO  server.BaseHttpServer (BaseHttpServer.java:updateConnectorAddress(215)) - HTTP server of HDDSDATANODE is listening at http://0.0.0.0:38098
2019-10-07 23:31:55,855 [main] INFO  impl.MetricsSystemImpl (MetricsSystemImpl.java:init(158)) - HddsDatanode metrics system started (again)
2019-10-07 23:31:55,875 [org.apache.hadoop.util.JvmPauseMonitor$Monitor@d6ac432] INFO  util.JvmPauseMonitor (JvmPauseMonitor.java:run(188)) - Starting JVM pause monitor
2019-10-07 23:31:55,876 [Datanode State Machine Thread - 0] INFO  datanode.InitDatanodeState (InitDatanodeState.java:persistContainerDatanodeDetails(140)) - DatanodeDetails is persisted to /workdir/hadoop-ozone/integration-test/target/test-dir/MiniOzoneClusterImpl-352333b8-4a53-463e-b611-0484fc381049/datanode-1/meta/datanode.id
2019-10-07 23:31:55,877 [main] INFO  ozone.HddsDatanodeService (HddsDatanodeService.java:start(184)) - HddsDatanodeService host:pr-hdds-1868-k864b-3611000933 ip:192.168.151.75
2019-10-07 23:31:55,885 [main] INFO  volume.HddsVolume (HddsVolume.java:<init>(176)) - Creating Volume: /workdir/hadoop-ozone/integration-test/target/test-dir/MiniOzoneClusterImpl-352333b8-4a53-463e-b611-0484fc381049/datanode-2/data/containers/hdds of  storage type : DISK and capacity : 1482555576320
2019-10-07 23:31:55,885 [main] INFO  volume.VolumeSet (VolumeSet.java:initializeVolumeSet(170)) - Added Volume : /workdir/hadoop-ozone/integration-test/target/test-dir/MiniOzoneClusterImpl-352333b8-4a53-463e-b611-0484fc381049/datanode-2/data/containers/hdds to VolumeSet
2019-10-07 23:31:55,885 [main] INFO  volume.ThrottledAsyncChecker (ThrottledAsyncChecker.java:schedule(139)) - Scheduling a check for org.apache.hadoop.ozone.container.common.volume.HddsVolume@6c835217
2019-10-07 23:31:55,885 [main] INFO  volume.HddsVolumeChecker (HddsVolumeChecker.java:checkAllVolumes(202)) - Scheduled health check for volume org.apache.hadoop.ozone.container.common.volume.HddsVolume@6c835217
2019-10-07 23:31:55,899 [main] INFO  impl.RaftServerProxy (ConfUtils.java:logGet(43)) - raft.rpc.type = GRPC (default)
2019-10-07 23:31:55,899 [main] INFO  grpc.GrpcFactory (GrpcFactory.java:checkPooledByteBufAllocatorUseCacheForAllThreads(45)) - PERFORMANCE WARNING: useCacheForAllThreads is true that may cause Netty to create a lot garbage objects and, as a result, trigger GC.
	It is recommended to disable useCacheForAllThreads by setting -Dorg.apache.ratis.thirdparty.io.netty.allocator.useCacheForAllThreads=false in command line.
2019-10-07 23:31:55,899 [main] INFO  grpc.GrpcConfigKeys$Server (ConfUtils.java:logGet(43)) - raft.grpc.server.port = 0 (default)
2019-10-07 23:31:55,899 [main] INFO  server.GrpcService (ConfUtils.java:logGet(43)) - raft.grpc.message.size.max = 33570816 (custom)
2019-10-07 23:31:55,900 [main] INFO  server.RaftServerConfigKeys (ConfUtils.java:logGet(43)) - raft.server.log.appender.buffer.byte-limit = 33554432 (custom)
2019-10-07 23:31:55,900 [main] INFO  server.GrpcService (ConfUtils.java:logGet(43)) - raft.grpc.flow.control.window = 1MB (=1048576) (default)
2019-10-07 23:31:55,900 [main] INFO  server.RaftServerConfigKeys (ConfUtils.java:logGet(43)) - raft.server.rpc.request.timeout = 3000ms (default)
2019-10-07 23:31:55,901 [main] INFO  server.RaftServerConfigKeys (ConfUtils.java:logGet(43)) - raft.server.storage.dir = [/workdir/hadoop-ozone/integration-test/target/test-dir/MiniOzoneClusterImpl-352333b8-4a53-463e-b611-0484fc381049/datanode-2/data/ratis] (custom)
2019-10-07 23:31:55,902 [main] INFO  hdfs.DFSUtil (DFSUtil.java:httpServerTemplateForNNAndJN(1641)) - Starting Web-server for hddsDatanode at: http://0.0.0.0:0
2019-10-07 23:31:55,903 [main] INFO  server.AuthenticationFilter (AuthenticationFilter.java:constructSecretProvider(240)) - Unable to initialize FileSignerSecretProvider, falling back to use random secrets.
2019-10-07 23:31:55,903 [main] WARN  http.HttpRequestLog (HttpRequestLog.java:getRequestLog(97)) - Jetty request log can only be enabled using Log4j
2019-10-07 23:31:55,905 [main] INFO  http.HttpServer2 (HttpServer2.java:addGlobalFilter(975)) - Added global filter 'safety' (class=org.apache.hadoop.http.HttpServer2$QuotingInputFilter)
2019-10-07 23:31:55,905 [main] INFO  http.HttpServer2 (HttpServer2.java:addFilter(948)) - Added filter static_user_filter (class=org.apache.hadoop.http.lib.StaticUserWebFilter$StaticUserFilter) to context hddsDatanode
2019-10-07 23:31:55,905 [main] INFO  http.HttpServer2 (HttpServer2.java:addFilter(958)) - Added filter static_user_filter (class=org.apache.hadoop.http.lib.StaticUserWebFilter$StaticUserFilter) to context logs
2019-10-07 23:31:55,905 [main] INFO  http.HttpServer2 (HttpServer2.java:addFilter(958)) - Added filter static_user_filter (class=org.apache.hadoop.http.lib.StaticUserWebFilter$StaticUserFilter) to context static
2019-10-07 23:31:55,906 [main] INFO  http.HttpServer2 (HttpServer2.java:bindListener(1191)) - Jetty bound to port 38363
2019-10-07 23:31:55,906 [main] INFO  server.Server (Server.java:doStart(351)) - jetty-9.3.25.v20180904, build timestamp: 2018-09-04T21:11:46Z, git hash: 3ce520221d0240229c862b122d2b06c12a625732
2019-10-07 23:31:55,908 [main] INFO  handler.ContextHandler (ContextHandler.java:doStart(781)) - Started o.e.j.s.ServletContextHandler@5cff729b{/logs,file:///workdir/hadoop-ozone/integration-test/target/log,AVAILABLE}
2019-10-07 23:31:55,909 [main] INFO  handler.ContextHandler (ContextHandler.java:doStart(781)) - Started o.e.j.s.ServletContextHandler@6b8b5020{/static,jar:file:/home/user/.m2/repository/org/apache/hadoop/hadoop-hdds-container-service/0.5.0-SNAPSHOT/hadoop-hdds-container-service-0.5.0-SNAPSHOT.jar!/webapps/static,AVAILABLE}
2019-10-07 23:31:55,938 [main] INFO  handler.ContextHandler (ContextHandler.java:doStart(781)) - Started o.e.j.w.WebAppContext@75e80a97{/,file:///tmp/jetty-0.0.0.0-38363-hddsDatanode-_-any-4767411071915869951.dir/webapp/,AVAILABLE}{/hddsDatanode}
2019-10-07 23:31:55,939 [main] INFO  server.AbstractConnector (AbstractConnector.java:doStart(278)) - Started ServerConnector@5b8853{HTTP/1.1,[http/1.1]}{0.0.0.0:38363}
2019-10-07 23:31:55,942 [main] INFO  server.Server (Server.java:doStart(419)) - Started @217894ms
2019-10-07 23:31:55,942 [main] WARN  impl.MetricsSystemImpl (MetricsSystemImpl.java:register(276)) - Sink prometheus already exists!
2019-10-07 23:31:55,943 [main] INFO  server.BaseHttpServer (BaseHttpServer.java:updateConnectorAddress(215)) - HTTP server of HDDSDATANODE is listening at http://0.0.0.0:38363
2019-10-07 23:31:55,943 [main] INFO  impl.MetricsSystemImpl (MetricsSystemImpl.java:init(158)) - HddsDatanode metrics system started (again)
2019-10-07 23:31:55,965 [org.apache.hadoop.util.JvmPauseMonitor$Monitor@667bdb55] INFO  util.JvmPauseMonitor (JvmPauseMonitor.java:run(188)) - Starting JVM pause monitor
2019-10-07 23:31:55,966 [Datanode State Machine Thread - 0] INFO  datanode.InitDatanodeState (InitDatanodeState.java:persistContainerDatanodeDetails(140)) - DatanodeDetails is persisted to /workdir/hadoop-ozone/integration-test/target/test-dir/MiniOzoneClusterImpl-352333b8-4a53-463e-b611-0484fc381049/datanode-2/meta/datanode.id
2019-10-07 23:31:55,967 [main] INFO  ozone.HddsDatanodeService (HddsDatanodeService.java:start(184)) - HddsDatanodeService host:pr-hdds-1868-k864b-3611000933 ip:192.168.151.75
2019-10-07 23:31:55,976 [main] INFO  volume.HddsVolume (HddsVolume.java:<init>(176)) - Creating Volume: /workdir/hadoop-ozone/integration-test/target/test-dir/MiniOzoneClusterImpl-352333b8-4a53-463e-b611-0484fc381049/datanode-3/data/containers/hdds of  storage type : DISK and capacity : 1482555576320
2019-10-07 23:31:55,976 [main] INFO  volume.VolumeSet (VolumeSet.java:initializeVolumeSet(170)) - Added Volume : /workdir/hadoop-ozone/integration-test/target/test-dir/MiniOzoneClusterImpl-352333b8-4a53-463e-b611-0484fc381049/datanode-3/data/containers/hdds to VolumeSet
2019-10-07 23:31:55,976 [main] INFO  volume.ThrottledAsyncChecker (ThrottledAsyncChecker.java:schedule(139)) - Scheduling a check for org.apache.hadoop.ozone.container.common.volume.HddsVolume@747f6c5a
2019-10-07 23:31:55,977 [main] INFO  volume.HddsVolumeChecker (HddsVolumeChecker.java:checkAllVolumes(202)) - Scheduled health check for volume org.apache.hadoop.ozone.container.common.volume.HddsVolume@747f6c5a
2019-10-07 23:31:55,995 [main] INFO  impl.RaftServerProxy (ConfUtils.java:logGet(43)) - raft.rpc.type = GRPC (default)
2019-10-07 23:31:55,996 [main] INFO  grpc.GrpcFactory (GrpcFactory.java:checkPooledByteBufAllocatorUseCacheForAllThreads(45)) - PERFORMANCE WARNING: useCacheForAllThreads is true that may cause Netty to create a lot garbage objects and, as a result, trigger GC.
	It is recommended to disable useCacheForAllThreads by setting -Dorg.apache.ratis.thirdparty.io.netty.allocator.useCacheForAllThreads=false in command line.
2019-10-07 23:31:55,996 [main] INFO  grpc.GrpcConfigKeys$Server (ConfUtils.java:logGet(43)) - raft.grpc.server.port = 0 (default)
2019-10-07 23:31:55,996 [main] INFO  server.GrpcService (ConfUtils.java:logGet(43)) - raft.grpc.message.size.max = 33570816 (custom)
2019-10-07 23:31:55,996 [main] INFO  server.RaftServerConfigKeys (ConfUtils.java:logGet(43)) - raft.server.log.appender.buffer.byte-limit = 33554432 (custom)
2019-10-07 23:31:55,997 [main] INFO  server.GrpcService (ConfUtils.java:logGet(43)) - raft.grpc.flow.control.window = 1MB (=1048576) (default)
2019-10-07 23:31:55,997 [main] INFO  server.RaftServerConfigKeys (ConfUtils.java:logGet(43)) - raft.server.rpc.request.timeout = 3000ms (default)
2019-10-07 23:31:55,998 [main] INFO  server.RaftServerConfigKeys (ConfUtils.java:logGet(43)) - raft.server.storage.dir = [/workdir/hadoop-ozone/integration-test/target/test-dir/MiniOzoneClusterImpl-352333b8-4a53-463e-b611-0484fc381049/datanode-3/data/ratis] (custom)
2019-10-07 23:31:55,999 [main] INFO  hdfs.DFSUtil (DFSUtil.java:httpServerTemplateForNNAndJN(1641)) - Starting Web-server for hddsDatanode at: http://0.0.0.0:0
2019-10-07 23:31:56,001 [main] INFO  server.AuthenticationFilter (AuthenticationFilter.java:constructSecretProvider(240)) - Unable to initialize FileSignerSecretProvider, falling back to use random secrets.
2019-10-07 23:31:56,001 [main] WARN  http.HttpRequestLog (HttpRequestLog.java:getRequestLog(97)) - Jetty request log can only be enabled using Log4j
2019-10-07 23:31:56,002 [main] INFO  http.HttpServer2 (HttpServer2.java:addGlobalFilter(975)) - Added global filter 'safety' (class=org.apache.hadoop.http.HttpServer2$QuotingInputFilter)
2019-10-07 23:31:56,003 [main] INFO  http.HttpServer2 (HttpServer2.java:addFilter(948)) - Added filter static_user_filter (class=org.apache.hadoop.http.lib.StaticUserWebFilter$StaticUserFilter) to context hddsDatanode
2019-10-07 23:31:56,003 [main] INFO  http.HttpServer2 (HttpServer2.java:addFilter(958)) - Added filter static_user_filter (class=org.apache.hadoop.http.lib.StaticUserWebFilter$StaticUserFilter) to context logs
2019-10-07 23:31:56,003 [main] INFO  http.HttpServer2 (HttpServer2.java:addFilter(958)) - Added filter static_user_filter (class=org.apache.hadoop.http.lib.StaticUserWebFilter$StaticUserFilter) to context static
2019-10-07 23:31:56,004 [main] INFO  http.HttpServer2 (HttpServer2.java:bindListener(1191)) - Jetty bound to port 38553
2019-10-07 23:31:56,004 [main] INFO  server.Server (Server.java:doStart(351)) - jetty-9.3.25.v20180904, build timestamp: 2018-09-04T21:11:46Z, git hash: 3ce520221d0240229c862b122d2b06c12a625732
2019-10-07 23:31:56,006 [main] INFO  handler.ContextHandler (ContextHandler.java:doStart(781)) - Started o.e.j.s.ServletContextHandler@2055833f{/logs,file:///workdir/hadoop-ozone/integration-test/target/log,AVAILABLE}
2019-10-07 23:31:56,006 [main] INFO  handler.ContextHandler (ContextHandler.java:doStart(781)) - Started o.e.j.s.ServletContextHandler@310d57b1{/static,jar:file:/home/user/.m2/repository/org/apache/hadoop/hadoop-hdds-container-service/0.5.0-SNAPSHOT/hadoop-hdds-container-service-0.5.0-SNAPSHOT.jar!/webapps/static,AVAILABLE}
2019-10-07 23:31:56,036 [main] INFO  handler.ContextHandler (ContextHandler.java:doStart(781)) - Started o.e.j.w.WebAppContext@72a8361b{/,file:///tmp/jetty-0.0.0.0-38553-hddsDatanode-_-any-2573186336513083582.dir/webapp/,AVAILABLE}{/hddsDatanode}
2019-10-07 23:31:56,036 [main] INFO  server.AbstractConnector (AbstractConnector.java:doStart(278)) - Started ServerConnector@36478bce{HTTP/1.1,[http/1.1]}{0.0.0.0:38553}
2019-10-07 23:31:56,039 [main] INFO  server.Server (Server.java:doStart(419)) - Started @217991ms
2019-10-07 23:31:56,039 [main] WARN  impl.MetricsSystemImpl (MetricsSystemImpl.java:register(276)) - Sink prometheus already exists!
2019-10-07 23:31:56,040 [main] INFO  server.BaseHttpServer (BaseHttpServer.java:updateConnectorAddress(215)) - HTTP server of HDDSDATANODE is listening at http://0.0.0.0:38553
2019-10-07 23:31:56,040 [main] INFO  impl.MetricsSystemImpl (MetricsSystemImpl.java:init(158)) - HddsDatanode metrics system started (again)
2019-10-07 23:31:56,071 [org.apache.hadoop.util.JvmPauseMonitor$Monitor@135088b5] INFO  util.JvmPauseMonitor (JvmPauseMonitor.java:run(188)) - Starting JVM pause monitor
2019-10-07 23:31:56,073 [Datanode State Machine Thread - 0] INFO  datanode.InitDatanodeState (InitDatanodeState.java:persistContainerDatanodeDetails(140)) - DatanodeDetails is persisted to /workdir/hadoop-ozone/integration-test/target/test-dir/MiniOzoneClusterImpl-352333b8-4a53-463e-b611-0484fc381049/datanode-3/meta/datanode.id
2019-10-07 23:31:56,073 [main] INFO  ozone.HddsDatanodeService (HddsDatanodeService.java:start(184)) - HddsDatanodeService host:pr-hdds-1868-k864b-3611000933 ip:192.168.151.75
2019-10-07 23:31:56,082 [main] INFO  volume.HddsVolume (HddsVolume.java:<init>(176)) - Creating Volume: /workdir/hadoop-ozone/integration-test/target/test-dir/MiniOzoneClusterImpl-352333b8-4a53-463e-b611-0484fc381049/datanode-4/data/containers/hdds of  storage type : DISK and capacity : 1482555576320
2019-10-07 23:31:56,083 [main] INFO  volume.VolumeSet (VolumeSet.java:initializeVolumeSet(170)) - Added Volume : /workdir/hadoop-ozone/integration-test/target/test-dir/MiniOzoneClusterImpl-352333b8-4a53-463e-b611-0484fc381049/datanode-4/data/containers/hdds to VolumeSet
2019-10-07 23:31:56,083 [main] INFO  volume.ThrottledAsyncChecker (ThrottledAsyncChecker.java:schedule(139)) - Scheduling a check for org.apache.hadoop.ozone.container.common.volume.HddsVolume@3c18942
2019-10-07 23:31:56,085 [main] INFO  volume.HddsVolumeChecker (HddsVolumeChecker.java:checkAllVolumes(202)) - Scheduled health check for volume org.apache.hadoop.ozone.container.common.volume.HddsVolume@3c18942
2019-10-07 23:31:56,099 [main] INFO  impl.RaftServerProxy (ConfUtils.java:logGet(43)) - raft.rpc.type = GRPC (default)
2019-10-07 23:31:56,100 [main] INFO  grpc.GrpcFactory (GrpcFactory.java:checkPooledByteBufAllocatorUseCacheForAllThreads(45)) - PERFORMANCE WARNING: useCacheForAllThreads is true that may cause Netty to create a lot garbage objects and, as a result, trigger GC.
	It is recommended to disable useCacheForAllThreads by setting -Dorg.apache.ratis.thirdparty.io.netty.allocator.useCacheForAllThreads=false in command line.
2019-10-07 23:31:56,100 [main] INFO  grpc.GrpcConfigKeys$Server (ConfUtils.java:logGet(43)) - raft.grpc.server.port = 0 (default)
2019-10-07 23:31:56,100 [main] INFO  server.GrpcService (ConfUtils.java:logGet(43)) - raft.grpc.message.size.max = 33570816 (custom)
2019-10-07 23:31:56,100 [main] INFO  server.RaftServerConfigKeys (ConfUtils.java:logGet(43)) - raft.server.log.appender.buffer.byte-limit = 33554432 (custom)
2019-10-07 23:31:56,100 [main] INFO  server.GrpcService (ConfUtils.java:logGet(43)) - raft.grpc.flow.control.window = 1MB (=1048576) (default)
2019-10-07 23:31:56,101 [main] INFO  server.RaftServerConfigKeys (ConfUtils.java:logGet(43)) - raft.server.rpc.request.timeout = 3000ms (default)
2019-10-07 23:31:56,101 [main] INFO  server.RaftServerConfigKeys (ConfUtils.java:logGet(43)) - raft.server.storage.dir = [/workdir/hadoop-ozone/integration-test/target/test-dir/MiniOzoneClusterImpl-352333b8-4a53-463e-b611-0484fc381049/datanode-4/data/ratis] (custom)
2019-10-07 23:31:56,103 [main] INFO  hdfs.DFSUtil (DFSUtil.java:httpServerTemplateForNNAndJN(1641)) - Starting Web-server for hddsDatanode at: http://0.0.0.0:0
2019-10-07 23:31:56,104 [main] INFO  server.AuthenticationFilter (AuthenticationFilter.java:constructSecretProvider(240)) - Unable to initialize FileSignerSecretProvider, falling back to use random secrets.
2019-10-07 23:31:56,105 [main] WARN  http.HttpRequestLog (HttpRequestLog.java:getRequestLog(97)) - Jetty request log can only be enabled using Log4j
2019-10-07 23:31:56,107 [main] INFO  http.HttpServer2 (HttpServer2.java:addGlobalFilter(975)) - Added global filter 'safety' (class=org.apache.hadoop.http.HttpServer2$QuotingInputFilter)
2019-10-07 23:31:56,108 [main] INFO  http.HttpServer2 (HttpServer2.java:addFilter(948)) - Added filter static_user_filter (class=org.apache.hadoop.http.lib.StaticUserWebFilter$StaticUserFilter) to context hddsDatanode
2019-10-07 23:31:56,109 [main] INFO  http.HttpServer2 (HttpServer2.java:addFilter(958)) - Added filter static_user_filter (class=org.apache.hadoop.http.lib.StaticUserWebFilter$StaticUserFilter) to context logs
2019-10-07 23:31:56,109 [main] INFO  http.HttpServer2 (HttpServer2.java:addFilter(958)) - Added filter static_user_filter (class=org.apache.hadoop.http.lib.StaticUserWebFilter$StaticUserFilter) to context static
2019-10-07 23:31:56,110 [main] INFO  http.HttpServer2 (HttpServer2.java:bindListener(1191)) - Jetty bound to port 33169
2019-10-07 23:31:56,110 [main] INFO  server.Server (Server.java:doStart(351)) - jetty-9.3.25.v20180904, build timestamp: 2018-09-04T21:11:46Z, git hash: 3ce520221d0240229c862b122d2b06c12a625732
2019-10-07 23:31:56,112 [main] INFO  handler.ContextHandler (ContextHandler.java:doStart(781)) - Started o.e.j.s.ServletContextHandler@451e2fa9{/logs,file:///workdir/hadoop-ozone/integration-test/target/log,AVAILABLE}
2019-10-07 23:31:56,113 [main] INFO  handler.ContextHandler (ContextHandler.java:doStart(781)) - Started o.e.j.s.ServletContextHandler@3cb6e0ee{/static,jar:file:/home/user/.m2/repository/org/apache/hadoop/hadoop-hdds-container-service/0.5.0-SNAPSHOT/hadoop-hdds-container-service-0.5.0-SNAPSHOT.jar!/webapps/static,AVAILABLE}
2019-10-07 23:31:56,159 [main] INFO  handler.ContextHandler (ContextHandler.java:doStart(781)) - Started o.e.j.w.WebAppContext@14d8e132{/,file:///tmp/jetty-0.0.0.0-33169-hddsDatanode-_-any-7832224780571080130.dir/webapp/,AVAILABLE}{/hddsDatanode}
2019-10-07 23:31:56,160 [main] INFO  server.AbstractConnector (AbstractConnector.java:doStart(278)) - Started ServerConnector@7f4a1cac{HTTP/1.1,[http/1.1]}{0.0.0.0:33169}
2019-10-07 23:31:56,162 [main] INFO  server.Server (Server.java:doStart(419)) - Started @218114ms
2019-10-07 23:31:56,162 [main] WARN  impl.MetricsSystemImpl (MetricsSystemImpl.java:register(276)) - Sink prometheus already exists!
2019-10-07 23:31:56,162 [main] INFO  server.BaseHttpServer (BaseHttpServer.java:updateConnectorAddress(215)) - HTTP server of HDDSDATANODE is listening at http://0.0.0.0:33169
2019-10-07 23:31:56,163 [main] INFO  impl.MetricsSystemImpl (MetricsSystemImpl.java:init(158)) - HddsDatanode metrics system started (again)
2019-10-07 23:31:56,200 [org.apache.hadoop.util.JvmPauseMonitor$Monitor@45a8228b] INFO  util.JvmPauseMonitor (JvmPauseMonitor.java:run(188)) - Starting JVM pause monitor
2019-10-07 23:31:56,204 [main] INFO  ozone.HddsDatanodeService (HddsDatanodeService.java:start(184)) - HddsDatanodeService host:pr-hdds-1868-k864b-3611000933 ip:192.168.151.75
2019-10-07 23:31:56,204 [Datanode State Machine Thread - 0] INFO  datanode.InitDatanodeState (InitDatanodeState.java:persistContainerDatanodeDetails(140)) - DatanodeDetails is persisted to /workdir/hadoop-ozone/integration-test/target/test-dir/MiniOzoneClusterImpl-352333b8-4a53-463e-b611-0484fc381049/datanode-4/meta/datanode.id
2019-10-07 23:31:56,215 [main] INFO  volume.HddsVolume (HddsVolume.java:<init>(176)) - Creating Volume: /workdir/hadoop-ozone/integration-test/target/test-dir/MiniOzoneClusterImpl-352333b8-4a53-463e-b611-0484fc381049/datanode-5/data/containers/hdds of  storage type : DISK and capacity : 1482555576320
2019-10-07 23:31:56,215 [main] INFO  volume.VolumeSet (VolumeSet.java:initializeVolumeSet(170)) - Added Volume : /workdir/hadoop-ozone/integration-test/target/test-dir/MiniOzoneClusterImpl-352333b8-4a53-463e-b611-0484fc381049/datanode-5/data/containers/hdds to VolumeSet
2019-10-07 23:31:56,215 [main] INFO  volume.ThrottledAsyncChecker (ThrottledAsyncChecker.java:schedule(139)) - Scheduling a check for org.apache.hadoop.ozone.container.common.volume.HddsVolume@3ab595c8
2019-10-07 23:31:56,216 [main] INFO  volume.HddsVolumeChecker (HddsVolumeChecker.java:checkAllVolumes(202)) - Scheduled health check for volume org.apache.hadoop.ozone.container.common.volume.HddsVolume@3ab595c8
2019-10-07 23:31:56,236 [main] INFO  impl.RaftServerProxy (ConfUtils.java:logGet(43)) - raft.rpc.type = GRPC (default)
2019-10-07 23:31:56,236 [main] INFO  grpc.GrpcFactory (GrpcFactory.java:checkPooledByteBufAllocatorUseCacheForAllThreads(45)) - PERFORMANCE WARNING: useCacheForAllThreads is true that may cause Netty to create a lot garbage objects and, as a result, trigger GC.
	It is recommended to disable useCacheForAllThreads by setting -Dorg.apache.ratis.thirdparty.io.netty.allocator.useCacheForAllThreads=false in command line.
2019-10-07 23:31:56,236 [main] INFO  grpc.GrpcConfigKeys$Server (ConfUtils.java:logGet(43)) - raft.grpc.server.port = 0 (default)
2019-10-07 23:31:56,236 [main] INFO  server.GrpcService (ConfUtils.java:logGet(43)) - raft.grpc.message.size.max = 33570816 (custom)
2019-10-07 23:31:56,237 [main] INFO  server.RaftServerConfigKeys (ConfUtils.java:logGet(43)) - raft.server.log.appender.buffer.byte-limit = 33554432 (custom)
2019-10-07 23:31:56,237 [main] INFO  server.GrpcService (ConfUtils.java:logGet(43)) - raft.grpc.flow.control.window = 1MB (=1048576) (default)
2019-10-07 23:31:56,237 [main] INFO  server.RaftServerConfigKeys (ConfUtils.java:logGet(43)) - raft.server.rpc.request.timeout = 3000ms (default)
2019-10-07 23:31:56,238 [main] INFO  server.RaftServerConfigKeys (ConfUtils.java:logGet(43)) - raft.server.storage.dir = [/workdir/hadoop-ozone/integration-test/target/test-dir/MiniOzoneClusterImpl-352333b8-4a53-463e-b611-0484fc381049/datanode-5/data/ratis] (custom)
2019-10-07 23:31:56,240 [main] INFO  hdfs.DFSUtil (DFSUtil.java:httpServerTemplateForNNAndJN(1641)) - Starting Web-server for hddsDatanode at: http://0.0.0.0:0
2019-10-07 23:31:56,243 [main] INFO  server.AuthenticationFilter (AuthenticationFilter.java:constructSecretProvider(240)) - Unable to initialize FileSignerSecretProvider, falling back to use random secrets.
2019-10-07 23:31:56,243 [main] WARN  http.HttpRequestLog (HttpRequestLog.java:getRequestLog(97)) - Jetty request log can only be enabled using Log4j
2019-10-07 23:31:56,246 [main] INFO  http.HttpServer2 (HttpServer2.java:addGlobalFilter(975)) - Added global filter 'safety' (class=org.apache.hadoop.http.HttpServer2$QuotingInputFilter)
2019-10-07 23:31:56,247 [main] INFO  http.HttpServer2 (HttpServer2.java:addFilter(948)) - Added filter static_user_filter (class=org.apache.hadoop.http.lib.StaticUserWebFilter$StaticUserFilter) to context hddsDatanode
2019-10-07 23:31:56,247 [main] INFO  http.HttpServer2 (HttpServer2.java:addFilter(958)) - Added filter static_user_filter (class=org.apache.hadoop.http.lib.StaticUserWebFilter$StaticUserFilter) to context logs
2019-10-07 23:31:56,247 [main] INFO  http.HttpServer2 (HttpServer2.java:addFilter(958)) - Added filter static_user_filter (class=org.apache.hadoop.http.lib.StaticUserWebFilter$StaticUserFilter) to context static
2019-10-07 23:31:56,249 [main] INFO  http.HttpServer2 (HttpServer2.java:bindListener(1191)) - Jetty bound to port 45571
2019-10-07 23:31:56,249 [main] INFO  server.Server (Server.java:doStart(351)) - jetty-9.3.25.v20180904, build timestamp: 2018-09-04T21:11:46Z, git hash: 3ce520221d0240229c862b122d2b06c12a625732
2019-10-07 23:31:56,251 [main] INFO  handler.ContextHandler (ContextHandler.java:doStart(781)) - Started o.e.j.s.ServletContextHandler@5ca4dce5{/logs,file:///workdir/hadoop-ozone/integration-test/target/log,AVAILABLE}
2019-10-07 23:31:56,252 [main] INFO  handler.ContextHandler (ContextHandler.java:doStart(781)) - Started o.e.j.s.ServletContextHandler@7d133fb7{/static,jar:file:/home/user/.m2/repository/org/apache/hadoop/hadoop-hdds-container-service/0.5.0-SNAPSHOT/hadoop-hdds-container-service-0.5.0-SNAPSHOT.jar!/webapps/static,AVAILABLE}
2019-10-07 23:31:56,295 [main] INFO  handler.ContextHandler (ContextHandler.java:doStart(781)) - Started o.e.j.w.WebAppContext@284990de{/,file:///tmp/jetty-0.0.0.0-45571-hddsDatanode-_-any-1982101398736821278.dir/webapp/,AVAILABLE}{/hddsDatanode}
2019-10-07 23:31:56,296 [main] INFO  server.AbstractConnector (AbstractConnector.java:doStart(278)) - Started ServerConnector@565d7d2f{HTTP/1.1,[http/1.1]}{0.0.0.0:45571}
2019-10-07 23:31:56,298 [main] INFO  server.Server (Server.java:doStart(419)) - Started @218250ms
2019-10-07 23:31:56,298 [main] WARN  impl.MetricsSystemImpl (MetricsSystemImpl.java:register(276)) - Sink prometheus already exists!
2019-10-07 23:31:56,299 [main] INFO  server.BaseHttpServer (BaseHttpServer.java:updateConnectorAddress(215)) - HTTP server of HDDSDATANODE is listening at http://0.0.0.0:45571
2019-10-07 23:31:56,299 [main] INFO  impl.MetricsSystemImpl (MetricsSystemImpl.java:init(158)) - HddsDatanode metrics system started (again)
2019-10-07 23:31:56,328 [org.apache.hadoop.util.JvmPauseMonitor$Monitor@232102b7] INFO  util.JvmPauseMonitor (JvmPauseMonitor.java:run(188)) - Starting JVM pause monitor
2019-10-07 23:31:56,329 [Datanode State Machine Thread - 0] INFO  datanode.InitDatanodeState (InitDatanodeState.java:persistContainerDatanodeDetails(140)) - DatanodeDetails is persisted to /workdir/hadoop-ozone/integration-test/target/test-dir/MiniOzoneClusterImpl-352333b8-4a53-463e-b611-0484fc381049/datanode-5/meta/datanode.id
2019-10-07 23:31:56,330 [main] INFO  ozone.HddsDatanodeService (HddsDatanodeService.java:start(184)) - HddsDatanodeService host:pr-hdds-1868-k864b-3611000933 ip:192.168.151.75
2019-10-07 23:31:56,339 [main] INFO  volume.HddsVolume (HddsVolume.java:<init>(176)) - Creating Volume: /workdir/hadoop-ozone/integration-test/target/test-dir/MiniOzoneClusterImpl-352333b8-4a53-463e-b611-0484fc381049/datanode-6/data/containers/hdds of  storage type : DISK and capacity : 1482555576320
2019-10-07 23:31:56,339 [main] INFO  volume.VolumeSet (VolumeSet.java:initializeVolumeSet(170)) - Added Volume : /workdir/hadoop-ozone/integration-test/target/test-dir/MiniOzoneClusterImpl-352333b8-4a53-463e-b611-0484fc381049/datanode-6/data/containers/hdds to VolumeSet
2019-10-07 23:31:56,339 [main] INFO  volume.ThrottledAsyncChecker (ThrottledAsyncChecker.java:schedule(139)) - Scheduling a check for org.apache.hadoop.ozone.container.common.volume.HddsVolume@1c84d80a
2019-10-07 23:31:56,340 [main] INFO  volume.HddsVolumeChecker (HddsVolumeChecker.java:checkAllVolumes(202)) - Scheduled health check for volume org.apache.hadoop.ozone.container.common.volume.HddsVolume@1c84d80a
2019-10-07 23:31:56,355 [main] INFO  impl.RaftServerProxy (ConfUtils.java:logGet(43)) - raft.rpc.type = GRPC (default)
2019-10-07 23:31:56,355 [main] INFO  grpc.GrpcFactory (GrpcFactory.java:checkPooledByteBufAllocatorUseCacheForAllThreads(45)) - PERFORMANCE WARNING: useCacheForAllThreads is true that may cause Netty to create a lot garbage objects and, as a result, trigger GC.
	It is recommended to disable useCacheForAllThreads by setting -Dorg.apache.ratis.thirdparty.io.netty.allocator.useCacheForAllThreads=false in command line.
2019-10-07 23:31:56,356 [main] INFO  grpc.GrpcConfigKeys$Server (ConfUtils.java:logGet(43)) - raft.grpc.server.port = 0 (default)
2019-10-07 23:31:56,356 [main] INFO  server.GrpcService (ConfUtils.java:logGet(43)) - raft.grpc.message.size.max = 33570816 (custom)
2019-10-07 23:31:56,356 [main] INFO  server.RaftServerConfigKeys (ConfUtils.java:logGet(43)) - raft.server.log.appender.buffer.byte-limit = 33554432 (custom)
2019-10-07 23:31:56,356 [main] INFO  server.GrpcService (ConfUtils.java:logGet(43)) - raft.grpc.flow.control.window = 1MB (=1048576) (default)
2019-10-07 23:31:56,356 [main] INFO  server.RaftServerConfigKeys (ConfUtils.java:logGet(43)) - raft.server.rpc.request.timeout = 3000ms (default)
2019-10-07 23:31:56,357 [main] INFO  server.RaftServerConfigKeys (ConfUtils.java:logGet(43)) - raft.server.storage.dir = [/workdir/hadoop-ozone/integration-test/target/test-dir/MiniOzoneClusterImpl-352333b8-4a53-463e-b611-0484fc381049/datanode-6/data/ratis] (custom)
2019-10-07 23:31:56,358 [main] INFO  hdfs.DFSUtil (DFSUtil.java:httpServerTemplateForNNAndJN(1641)) - Starting Web-server for hddsDatanode at: http://0.0.0.0:0
2019-10-07 23:31:56,359 [main] INFO  server.AuthenticationFilter (AuthenticationFilter.java:constructSecretProvider(240)) - Unable to initialize FileSignerSecretProvider, falling back to use random secrets.
2019-10-07 23:31:56,359 [main] WARN  http.HttpRequestLog (HttpRequestLog.java:getRequestLog(97)) - Jetty request log can only be enabled using Log4j
2019-10-07 23:31:56,360 [main] INFO  http.HttpServer2 (HttpServer2.java:addGlobalFilter(975)) - Added global filter 'safety' (class=org.apache.hadoop.http.HttpServer2$QuotingInputFilter)
2019-10-07 23:31:56,361 [main] INFO  http.HttpServer2 (HttpServer2.java:addFilter(948)) - Added filter static_user_filter (class=org.apache.hadoop.http.lib.StaticUserWebFilter$StaticUserFilter) to context hddsDatanode
2019-10-07 23:31:56,361 [main] INFO  http.HttpServer2 (HttpServer2.java:addFilter(958)) - Added filter static_user_filter (class=org.apache.hadoop.http.lib.StaticUserWebFilter$StaticUserFilter) to context logs
2019-10-07 23:31:56,361 [main] INFO  http.HttpServer2 (HttpServer2.java:addFilter(958)) - Added filter static_user_filter (class=org.apache.hadoop.http.lib.StaticUserWebFilter$StaticUserFilter) to context static
2019-10-07 23:31:56,362 [main] INFO  http.HttpServer2 (HttpServer2.java:bindListener(1191)) - Jetty bound to port 41149
2019-10-07 23:31:56,362 [main] INFO  server.Server (Server.java:doStart(351)) - jetty-9.3.25.v20180904, build timestamp: 2018-09-04T21:11:46Z, git hash: 3ce520221d0240229c862b122d2b06c12a625732
2019-10-07 23:31:56,363 [main] INFO  handler.ContextHandler (ContextHandler.java:doStart(781)) - Started o.e.j.s.ServletContextHandler@55a0f011{/logs,file:///workdir/hadoop-ozone/integration-test/target/log,AVAILABLE}
2019-10-07 23:31:56,364 [main] INFO  handler.ContextHandler (ContextHandler.java:doStart(781)) - Started o.e.j.s.ServletContextHandler@39133244{/static,jar:file:/home/user/.m2/repository/org/apache/hadoop/hadoop-hdds-container-service/0.5.0-SNAPSHOT/hadoop-hdds-container-service-0.5.0-SNAPSHOT.jar!/webapps/static,AVAILABLE}
2019-10-07 23:31:56,393 [main] INFO  handler.ContextHandler (ContextHandler.java:doStart(781)) - Started o.e.j.w.WebAppContext@527937d0{/,file:///tmp/jetty-0.0.0.0-41149-hddsDatanode-_-any-3845442838873617497.dir/webapp/,AVAILABLE}{/hddsDatanode}
2019-10-07 23:31:56,394 [main] INFO  server.AbstractConnector (AbstractConnector.java:doStart(278)) - Started ServerConnector@36d582cb{HTTP/1.1,[http/1.1]}{0.0.0.0:41149}
2019-10-07 23:31:56,395 [main] INFO  server.Server (Server.java:doStart(419)) - Started @218348ms
2019-10-07 23:31:56,395 [main] WARN  impl.MetricsSystemImpl (MetricsSystemImpl.java:register(276)) - Sink prometheus already exists!
2019-10-07 23:31:56,396 [main] INFO  server.BaseHttpServer (BaseHttpServer.java:updateConnectorAddress(215)) - HTTP server of HDDSDATANODE is listening at http://0.0.0.0:41149
2019-10-07 23:31:56,397 [main] INFO  ozone.MiniOzoneClusterImpl (MiniOzoneClusterImpl.java:lambda$waitForClusterToBeReady$2(172)) - Waiting for cluster to be ready. Got 0 of 7 DN Heartbeats.
2019-10-07 23:31:56,398 [org.apache.hadoop.util.JvmPauseMonitor$Monitor@7a1531c7] INFO  util.JvmPauseMonitor (JvmPauseMonitor.java:run(188)) - Starting JVM pause monitor
2019-10-07 23:31:56,399 [Datanode State Machine Thread - 0] INFO  datanode.InitDatanodeState (InitDatanodeState.java:persistContainerDatanodeDetails(140)) - DatanodeDetails is persisted to /workdir/hadoop-ozone/integration-test/target/test-dir/MiniOzoneClusterImpl-352333b8-4a53-463e-b611-0484fc381049/datanode-6/meta/datanode.id
2019-10-07 23:31:57,397 [main] INFO  ozone.MiniOzoneClusterImpl (MiniOzoneClusterImpl.java:lambda$waitForClusterToBeReady$2(172)) - Waiting for cluster to be ready. Got 0 of 7 DN Heartbeats.
2019-10-07 23:31:57,748 [grpc-default-executor-1] WARN  server.GrpcLogAppender (LogUtils.java:warn(134)) - 1757d5fa-a161-4c0a-b504-ed724002c805@group-C837915B9584->71fe9c48-ef70-445b-89d4-550c4f010b84-AppendLogResponseHandler: Failed appendEntries: org.apache.ratis.thirdparty.io.grpc.StatusRuntimeException: UNAVAILABLE: io exception
2019-10-07 23:31:57,748 [grpc-default-executor-2] WARN  server.GrpcLogAppender (LogUtils.java:warn(134)) - 1757d5fa-a161-4c0a-b504-ed724002c805@group-C837915B9584->51a40bca-cd4b-4fd1-b3a8-cd441e83375c-AppendLogResponseHandler: Failed appendEntries: org.apache.ratis.thirdparty.io.grpc.StatusRuntimeException: UNAVAILABLE: io exception
2019-10-07 23:31:57,749 [grpc-default-executor-1] INFO  impl.FollowerInfo (FollowerInfo.java:lambda$new$0(51)) - 1757d5fa-a161-4c0a-b504-ed724002c805@group-C837915B9584->71fe9c48-ef70-445b-89d4-550c4f010b84: nextIndex: updateUnconditionally 0 -> 0
2019-10-07 23:31:57,749 [grpc-default-executor-2] INFO  impl.FollowerInfo (FollowerInfo.java:lambda$new$0(51)) - 1757d5fa-a161-4c0a-b504-ed724002c805@group-C837915B9584->51a40bca-cd4b-4fd1-b3a8-cd441e83375c: nextIndex: updateUnconditionally 0 -> 0
2019-10-07 23:31:57,812 [Datanode State Machine Thread - 0] INFO  ozoneimpl.OzoneContainer (OzoneContainer.java:start(217)) - Attempting to start container services.
2019-10-07 23:31:57,813 [Datanode State Machine Thread - 0] INFO  ozoneimpl.OzoneContainer (OzoneContainer.java:startContainerScrub(179)) - Background container scanner has been disabled.
2019-10-07 23:31:57,813 [Datanode State Machine Thread - 0] INFO  ratis.XceiverServerRatis (XceiverServerRatis.java:start(425)) - Starting XceiverServerRatis f6cf535b-0e7e-49fb-ad18-0fd5e9f0c404 at port 0
2019-10-07 23:31:57,819 [Datanode State Machine Thread - 0] INFO  impl.RaftServerProxy (RaftServerProxy.java:lambda$start$3(299)) - f6cf535b-0e7e-49fb-ad18-0fd5e9f0c404: start RPC server
2019-10-07 23:31:57,820 [Datanode State Machine Thread - 0] INFO  server.GrpcService (GrpcService.java:startImpl(158)) - f6cf535b-0e7e-49fb-ad18-0fd5e9f0c404: GrpcService started, listening on 0.0.0.0/0.0.0.0:37994
2019-10-07 23:31:57,820 [Datanode State Machine Thread - 0] INFO  ratis.XceiverServerRatis (XceiverServerRatis.java:start(435)) - XceiverServerRatis f6cf535b-0e7e-49fb-ad18-0fd5e9f0c404 is started using port 37994
2019-10-07 23:31:57,824 [Datanode State Machine Thread - 0] INFO  server.XceiverServerGrpc (XceiverServerGrpc.java:start(149)) - XceiverServerGrpc f6cf535b-0e7e-49fb-ad18-0fd5e9f0c404 is started using port 44324
2019-10-07 23:31:57,889 [Datanode State Machine Thread - 0] INFO  ozoneimpl.OzoneContainer (OzoneContainer.java:start(217)) - Attempting to start container services.
2019-10-07 23:31:57,890 [Datanode State Machine Thread - 0] INFO  ozoneimpl.OzoneContainer (OzoneContainer.java:startContainerScrub(179)) - Background container scanner has been disabled.
2019-10-07 23:31:57,890 [Datanode State Machine Thread - 0] INFO  ratis.XceiverServerRatis (XceiverServerRatis.java:start(425)) - Starting XceiverServerRatis 57c86727-38c9-4594-987b-cd5bf82b207d at port 0
2019-10-07 23:31:57,896 [Datanode State Machine Thread - 0] INFO  impl.RaftServerProxy (RaftServerProxy.java:lambda$start$3(299)) - 57c86727-38c9-4594-987b-cd5bf82b207d: start RPC server
2019-10-07 23:31:57,897 [Datanode State Machine Thread - 0] INFO  server.GrpcService (GrpcService.java:startImpl(158)) - 57c86727-38c9-4594-987b-cd5bf82b207d: GrpcService started, listening on 0.0.0.0/0.0.0.0:39882
2019-10-07 23:31:57,897 [Datanode State Machine Thread - 0] INFO  ratis.XceiverServerRatis (XceiverServerRatis.java:start(435)) - XceiverServerRatis 57c86727-38c9-4594-987b-cd5bf82b207d is started using port 39882
2019-10-07 23:31:57,898 [Datanode State Machine Thread - 0] INFO  server.XceiverServerGrpc (XceiverServerGrpc.java:start(149)) - XceiverServerGrpc 57c86727-38c9-4594-987b-cd5bf82b207d is started using port 44861
2019-10-07 23:31:57,982 [Datanode State Machine Thread - 0] INFO  ozoneimpl.OzoneContainer (OzoneContainer.java:start(217)) - Attempting to start container services.
2019-10-07 23:31:57,983 [Datanode State Machine Thread - 0] INFO  ozoneimpl.OzoneContainer (OzoneContainer.java:startContainerScrub(179)) - Background container scanner has been disabled.
2019-10-07 23:31:57,983 [Datanode State Machine Thread - 0] INFO  ratis.XceiverServerRatis (XceiverServerRatis.java:start(425)) - Starting XceiverServerRatis 4fb48f8d-81e9-4f66-86fb-c7726dd48448 at port 0
2019-10-07 23:31:57,989 [Datanode State Machine Thread - 0] INFO  impl.RaftServerProxy (RaftServerProxy.java:lambda$start$3(299)) - 4fb48f8d-81e9-4f66-86fb-c7726dd48448: start RPC server
2019-10-07 23:31:57,990 [Datanode State Machine Thread - 0] INFO  server.GrpcService (GrpcService.java:startImpl(158)) - 4fb48f8d-81e9-4f66-86fb-c7726dd48448: GrpcService started, listening on 0.0.0.0/0.0.0.0:34336
2019-10-07 23:31:57,990 [Datanode State Machine Thread - 0] INFO  ratis.XceiverServerRatis (XceiverServerRatis.java:start(435)) - XceiverServerRatis 4fb48f8d-81e9-4f66-86fb-c7726dd48448 is started using port 34336
2019-10-07 23:31:57,991 [Datanode State Machine Thread - 0] INFO  server.XceiverServerGrpc (XceiverServerGrpc.java:start(149)) - XceiverServerGrpc 4fb48f8d-81e9-4f66-86fb-c7726dd48448 is started using port 41952
2019-10-07 23:31:58,084 [Datanode State Machine Thread - 0] INFO  ozoneimpl.OzoneContainer (OzoneContainer.java:start(217)) - Attempting to start container services.
2019-10-07 23:31:58,084 [Datanode State Machine Thread - 0] INFO  ozoneimpl.OzoneContainer (OzoneContainer.java:startContainerScrub(179)) - Background container scanner has been disabled.
2019-10-07 23:31:58,084 [Datanode State Machine Thread - 0] INFO  ratis.XceiverServerRatis (XceiverServerRatis.java:start(425)) - Starting XceiverServerRatis c5ad0c37-429e-4687-981a-4ed62e267729 at port 0
2019-10-07 23:31:58,089 [Datanode State Machine Thread - 0] INFO  impl.RaftServerProxy (RaftServerProxy.java:lambda$start$3(299)) - c5ad0c37-429e-4687-981a-4ed62e267729: start RPC server
2019-10-07 23:31:58,089 [Datanode State Machine Thread - 0] INFO  server.GrpcService (GrpcService.java:startImpl(158)) - c5ad0c37-429e-4687-981a-4ed62e267729: GrpcService started, listening on 0.0.0.0/0.0.0.0:35930
2019-10-07 23:31:58,089 [Datanode State Machine Thread - 0] INFO  ratis.XceiverServerRatis (XceiverServerRatis.java:start(435)) - XceiverServerRatis c5ad0c37-429e-4687-981a-4ed62e267729 is started using port 35930
2019-10-07 23:31:58,090 [Datanode State Machine Thread - 0] INFO  server.XceiverServerGrpc (XceiverServerGrpc.java:start(149)) - XceiverServerGrpc c5ad0c37-429e-4687-981a-4ed62e267729 is started using port 43245
2019-10-07 23:31:58,223 [Datanode State Machine Thread - 0] INFO  ozoneimpl.OzoneContainer (OzoneContainer.java:start(217)) - Attempting to start container services.
2019-10-07 23:31:58,223 [Datanode State Machine Thread - 0] INFO  ozoneimpl.OzoneContainer (OzoneContainer.java:startContainerScrub(179)) - Background container scanner has been disabled.
2019-10-07 23:31:58,223 [Datanode State Machine Thread - 0] INFO  ratis.XceiverServerRatis (XceiverServerRatis.java:start(425)) - Starting XceiverServerRatis 0762d526-f4f4-4a47-8e0a-da1a15343f7f at port 0
2019-10-07 23:31:58,229 [Datanode State Machine Thread - 0] INFO  impl.RaftServerProxy (RaftServerProxy.java:lambda$start$3(299)) - 0762d526-f4f4-4a47-8e0a-da1a15343f7f: start RPC server
2019-10-07 23:31:58,230 [Datanode State Machine Thread - 0] INFO  server.GrpcService (GrpcService.java:startImpl(158)) - 0762d526-f4f4-4a47-8e0a-da1a15343f7f: GrpcService started, listening on 0.0.0.0/0.0.0.0:44064
2019-10-07 23:31:58,230 [Datanode State Machine Thread - 0] INFO  ratis.XceiverServerRatis (XceiverServerRatis.java:start(435)) - XceiverServerRatis 0762d526-f4f4-4a47-8e0a-da1a15343f7f is started using port 44064
2019-10-07 23:31:58,230 [Datanode State Machine Thread - 0] INFO  server.XceiverServerGrpc (XceiverServerGrpc.java:start(149)) - XceiverServerGrpc 0762d526-f4f4-4a47-8e0a-da1a15343f7f is started using port 45586
2019-10-07 23:31:58,343 [Datanode State Machine Thread - 0] INFO  ozoneimpl.OzoneContainer (OzoneContainer.java:start(217)) - Attempting to start container services.
2019-10-07 23:31:58,344 [Datanode State Machine Thread - 0] INFO  ozoneimpl.OzoneContainer (OzoneContainer.java:startContainerScrub(179)) - Background container scanner has been disabled.
2019-10-07 23:31:58,344 [Datanode State Machine Thread - 0] INFO  ratis.XceiverServerRatis (XceiverServerRatis.java:start(425)) - Starting XceiverServerRatis 419a2258-246e-4ffa-9dbd-67c7614db87a at port 0
2019-10-07 23:31:58,350 [Datanode State Machine Thread - 0] INFO  impl.RaftServerProxy (RaftServerProxy.java:lambda$start$3(299)) - 419a2258-246e-4ffa-9dbd-67c7614db87a: start RPC server
2019-10-07 23:31:58,353 [Datanode State Machine Thread - 0] INFO  server.GrpcService (GrpcService.java:startImpl(158)) - 419a2258-246e-4ffa-9dbd-67c7614db87a: GrpcService started, listening on 0.0.0.0/0.0.0.0:44520
2019-10-07 23:31:58,353 [Datanode State Machine Thread - 0] INFO  ratis.XceiverServerRatis (XceiverServerRatis.java:start(435)) - XceiverServerRatis 419a2258-246e-4ffa-9dbd-67c7614db87a is started using port 44520
2019-10-07 23:31:58,353 [Datanode State Machine Thread - 0] INFO  server.XceiverServerGrpc (XceiverServerGrpc.java:start(149)) - XceiverServerGrpc 419a2258-246e-4ffa-9dbd-67c7614db87a is started using port 43781
2019-10-07 23:31:58,397 [main] INFO  ozone.MiniOzoneClusterImpl (MiniOzoneClusterImpl.java:lambda$waitForClusterToBeReady$2(172)) - Waiting for cluster to be ready. Got 0 of 7 DN Heartbeats.
2019-10-07 23:31:58,413 [Datanode State Machine Thread - 0] INFO  ozoneimpl.OzoneContainer (OzoneContainer.java:start(217)) - Attempting to start container services.
2019-10-07 23:31:58,413 [Datanode State Machine Thread - 0] INFO  ozoneimpl.OzoneContainer (OzoneContainer.java:startContainerScrub(179)) - Background container scanner has been disabled.
2019-10-07 23:31:58,414 [Datanode State Machine Thread - 0] INFO  ratis.XceiverServerRatis (XceiverServerRatis.java:start(425)) - Starting XceiverServerRatis e117b867-d4bf-4f16-8fb0-9fc7cd76fe51 at port 0
2019-10-07 23:31:58,419 [Datanode State Machine Thread - 0] INFO  impl.RaftServerProxy (RaftServerProxy.java:lambda$start$3(299)) - e117b867-d4bf-4f16-8fb0-9fc7cd76fe51: start RPC server
2019-10-07 23:31:58,420 [Datanode State Machine Thread - 0] INFO  server.GrpcService (GrpcService.java:startImpl(158)) - e117b867-d4bf-4f16-8fb0-9fc7cd76fe51: GrpcService started, listening on 0.0.0.0/0.0.0.0:34188
2019-10-07 23:31:58,420 [Datanode State Machine Thread - 0] INFO  ratis.XceiverServerRatis (XceiverServerRatis.java:start(435)) - XceiverServerRatis e117b867-d4bf-4f16-8fb0-9fc7cd76fe51 is started using port 34188
2019-10-07 23:31:58,420 [Datanode State Machine Thread - 0] INFO  server.XceiverServerGrpc (XceiverServerGrpc.java:start(149)) - XceiverServerGrpc e117b867-d4bf-4f16-8fb0-9fc7cd76fe51 is started using port 36705
2019-10-07 23:31:59,398 [main] INFO  ozone.MiniOzoneClusterImpl (MiniOzoneClusterImpl.java:lambda$waitForClusterToBeReady$2(172)) - Waiting for cluster to be ready. Got 0 of 7 DN Heartbeats.
2019-10-07 23:31:59,796 [IPC Server handler 6 on 40965] INFO  net.NetworkTopology (NetworkTopologyImpl.java:add(111)) - Added a new node: /default-rack/f6cf535b-0e7e-49fb-ad18-0fd5e9f0c404
2019-10-07 23:31:59,801 [IPC Server handler 6 on 40965] INFO  node.SCMNodeManager (SCMNodeManager.java:register(268)) - Registered Data node : f6cf535b-0e7e-49fb-ad18-0fd5e9f0c404{ip: 192.168.151.75, host: pr-hdds-1868-k864b-3611000933, networkLocation: /default-rack, certSerialId: null}
2019-10-07 23:31:59,803 [EventQueue-NodeRegistrationContainerReportForDataNodeSafeModeRule] INFO  safemode.SCMSafeModeManager (DataNodeSafeModeRule.java:process(71)) - SCM in safe mode. 1 DataNodes registered, 1 required.
2019-10-07 23:31:59,805 [EventQueue-NodeRegistrationContainerReportForDataNodeSafeModeRule] INFO  safemode.SCMSafeModeManager (SCMSafeModeManager.java:validateSafeModeExitRules(177)) - ScmSafeModeManager, all rules are successfully validated
2019-10-07 23:31:59,805 [EventQueue-NodeRegistrationContainerReportForDataNodeSafeModeRule] INFO  safemode.SCMSafeModeManager (SCMSafeModeManager.java:exitSafeMode(193)) - SCM exiting safe mode.
2019-10-07 23:31:59,813 [grpc-default-executor-2] INFO  impl.RaftServerProxy (RaftServerProxy.java:addNew(89)) - f6cf535b-0e7e-49fb-ad18-0fd5e9f0c404: addNew group-61D467390ACA:[f6cf535b-0e7e-49fb-ad18-0fd5e9f0c404:192.168.151.75:37994] returns group-61D467390ACA:java.util.concurrent.CompletableFuture@3bf10065[Not completed]
2019-10-07 23:31:59,816 [pool-383-thread-1] INFO  impl.RaftServerImpl (RaftServerImpl.java:<init>(95)) - f6cf535b-0e7e-49fb-ad18-0fd5e9f0c404: new RaftServerImpl for group-61D467390ACA:[f6cf535b-0e7e-49fb-ad18-0fd5e9f0c404:192.168.151.75:37994] with ContainerStateMachine:uninitialized
2019-10-07 23:31:59,816 [pool-383-thread-1] INFO  server.RaftServerConfigKeys (ConfUtils.java:logGet(43)) - raft.server.rpc.timeout.min = 5s (custom)
2019-10-07 23:31:59,816 [pool-383-thread-1] INFO  server.RaftServerConfigKeys (ConfUtils.java:logGet(43)) - raft.server.rpc.timeout.max = 5200ms (custom)
2019-10-07 23:31:59,816 [pool-383-thread-1] INFO  server.RaftServerConfigKeys (ConfUtils.java:logGet(43)) - raft.server.rpcslowness.timeout = 120s (custom)
2019-10-07 23:31:59,816 [pool-383-thread-1] INFO  server.RaftServerConfigKeys (ConfUtils.java:logGet(43)) - raft.server.sleep.deviation.threshold = 300 (default)
2019-10-07 23:31:59,816 [pool-383-thread-1] INFO  server.RaftServerConfigKeys (ConfUtils.java:logGet(43)) - raft.server.log.appender.install.snapshot.enabled = false (custom)
2019-10-07 23:31:59,816 [pool-383-thread-1] INFO  impl.RaftServerImpl (ServerState.java:<init>(103)) - f6cf535b-0e7e-49fb-ad18-0fd5e9f0c404@group-61D467390ACA: ConfigurationManager, init=-1: [f6cf535b-0e7e-49fb-ad18-0fd5e9f0c404:192.168.151.75:37994], old=null, confs=<EMPTY_MAP>
2019-10-07 23:31:59,817 [pool-383-thread-1] INFO  server.RaftServerConfigKeys (ConfUtils.java:logGet(43)) - raft.server.storage.dir = [/workdir/hadoop-ozone/integration-test/target/test-dir/MiniOzoneClusterImpl-352333b8-4a53-463e-b611-0484fc381049/datanode-0/data/ratis] (custom)
2019-10-07 23:31:59,817 [pool-383-thread-1] INFO  server.RaftServerConfigKeys (ConfUtils.java:logGet(43)) - raft.server.log.corruption.policy = EXCEPTION (default)
2019-10-07 23:31:59,817 [pool-383-thread-1] INFO  storage.RaftStorageDirectory (RaftStorageDirectory.java:analyzeStorage(246)) - The storage directory /workdir/hadoop-ozone/integration-test/target/test-dir/MiniOzoneClusterImpl-352333b8-4a53-463e-b611-0484fc381049/datanode-0/data/ratis/0dafb0bc-726e-4439-a21a-61d467390aca does not exist. Creating ...
2019-10-07 23:31:59,832 [pool-383-thread-1] INFO  storage.RaftStorageDirectory (RaftStorageDirectory.java:tryLock(328)) - Lock on /workdir/hadoop-ozone/integration-test/target/test-dir/MiniOzoneClusterImpl-352333b8-4a53-463e-b611-0484fc381049/datanode-0/data/ratis/0dafb0bc-726e-4439-a21a-61d467390aca/in_use.lock acquired by nodename 21128@pr-hdds-1868-k864b-3611000933
2019-10-07 23:31:59,835 [pool-383-thread-1] INFO  storage.RaftStorage (RaftStorage.java:format(84)) - Storage directory /workdir/hadoop-ozone/integration-test/target/test-dir/MiniOzoneClusterImpl-352333b8-4a53-463e-b611-0484fc381049/datanode-0/data/ratis/0dafb0bc-726e-4439-a21a-61d467390aca has been successfully formatted.
2019-10-07 23:31:59,836 [pool-383-thread-1] INFO  ratis.ContainerStateMachine (ContainerStateMachine.java:loadSnapshot(233)) - group-61D467390ACA: The snapshot info is null. Setting the last applied indexto:(t:0, i:~)
2019-10-07 23:31:59,836 [pool-383-thread-1] INFO  server.RaftServerConfigKeys (ConfUtils.java:logGet(43)) - raft.server.notification.no-leader.timeout = 120s (custom)
2019-10-07 23:31:59,836 [pool-383-thread-1] INFO  server.RaftServerConfigKeys (ConfUtils.java:logGet(43)) - raft.server.log.use.memory = false (default)
2019-10-07 23:31:59,836 [pool-383-thread-1] INFO  server.RaftServerConfigKeys (ConfUtils.java:logGet(43)) - raft.server.log.purge.gap = 1000000 (custom)
2019-10-07 23:31:59,836 [pool-383-thread-1] INFO  server.RaftServerConfigKeys (ConfUtils.java:logGet(43)) - raft.server.log.appender.buffer.byte-limit = 33554432 (custom)
2019-10-07 23:31:59,837 [pool-383-thread-1] INFO  server.RaftServerConfigKeys (ConfUtils.java:logGet(43)) - raft.server.log.segment.size.max = 1048576 (custom)
2019-10-07 23:31:59,838 [pool-383-thread-1] INFO  server.RaftServerConfigKeys (ConfUtils.java:logGet(43)) - raft.server.log.segment.cache.num.max = 2 (custom)
2019-10-07 23:31:59,838 [pool-383-thread-1] INFO  segmented.SegmentedRaftLogWorker (SegmentedRaftLogWorker.java:<init>(173)) - new f6cf535b-0e7e-49fb-ad18-0fd5e9f0c404@group-61D467390ACA-SegmentedRaftLogWorker for RaftStorage:Storage Directory /workdir/hadoop-ozone/integration-test/target/test-dir/MiniOzoneClusterImpl-352333b8-4a53-463e-b611-0484fc381049/datanode-0/data/ratis/0dafb0bc-726e-4439-a21a-61d467390aca
2019-10-07 23:31:59,839 [pool-383-thread-1] INFO  server.RaftServerConfigKeys (ConfUtils.java:logGet(43)) - raft.server.log.queue.byte-limit = 2147483647 (custom)
2019-10-07 23:31:59,839 [pool-383-thread-1] INFO  server.RaftServerConfigKeys (ConfUtils.java:logGet(43)) - raft.server.log.queue.element-limit = 1024 (custom)
2019-10-07 23:31:59,839 [pool-383-thread-1] INFO  server.RaftServerConfigKeys (ConfUtils.java:logGet(43)) - raft.server.log.segment.size.max = 1048576 (custom)
2019-10-07 23:31:59,839 [pool-383-thread-1] INFO  server.RaftServerConfigKeys (ConfUtils.java:logGet(43)) - raft.server.log.preallocated.size = 16384 (custom)
2019-10-07 23:31:59,839 [pool-383-thread-1] INFO  server.RaftServerConfigKeys (ConfUtils.java:logGet(43)) - raft.server.log.write.buffer.size = 33554432 (custom)
2019-10-07 23:31:59,839 [pool-383-thread-1] INFO  server.RaftServerConfigKeys (ConfUtils.java:logGet(43)) - raft.server.log.force.sync.num = 128 (default)
2019-10-07 23:31:59,839 [pool-383-thread-1] INFO  server.RaftServerConfigKeys (ConfUtils.java:logGet(43)) - raft.server.log.statemachine.data.sync = true (default)
2019-10-07 23:31:59,840 [pool-383-thread-1] INFO  server.RaftServerConfigKeys (ConfUtils.java:logGet(43)) - raft.server.log.statemachine.data.sync.timeout = 10s (default)
2019-10-07 23:31:59,840 [pool-383-thread-1] INFO  server.RaftServerConfigKeys (ConfUtils.java:logGet(43)) - raft.server.log.statemachine.data.sync.timeout.retry = -1 (default)
2019-10-07 23:31:59,840 [pool-383-thread-1] INFO  server.RaftServerConfigKeys (ConfUtils.java:logGet(43)) - raft.server.log.statemachine.data.caching.enabled = true (custom)
2019-10-07 23:31:59,840 [pool-383-thread-1] INFO  segmented.SegmentedRaftLogWorker (SegmentedRaftLogWorker.java:lambda$new$0(128)) - f6cf535b-0e7e-49fb-ad18-0fd5e9f0c404@group-61D467390ACA-SegmentedRaftLogWorker: flushIndex: setUnconditionally 0 -> -1
2019-10-07 23:31:59,841 [pool-383-thread-1] INFO  server.RaftServerConfigKeys (ConfUtils.java:logGet(43)) - raft.server.snapshot.auto.trigger.enabled = true (custom)
2019-10-07 23:31:59,841 [pool-383-thread-1] INFO  server.RaftServerConfigKeys (ConfUtils.java:logGet(43)) - raft.server.snapshot.auto.trigger.threshold = 10000 (custom)
2019-10-07 23:31:59,841 [pool-383-thread-1] INFO  server.RaftServerConfigKeys (ConfUtils.java:logGet(43)) - raft.server.snapshot.retention.file.num = 5 (custom)
2019-10-07 23:31:59,841 [pool-383-thread-1] INFO  server.RaftServerConfigKeys (ConfUtils.java:logGet(43)) - raft.server.retrycache.expirytime = 600000ms (custom)
2019-10-07 23:31:59,843 [pool-383-thread-1] INFO  impl.RaftServerImpl (RaftServerImpl.java:start(181)) - f6cf535b-0e7e-49fb-ad18-0fd5e9f0c404@group-61D467390ACA: start as a follower, conf=-1: [f6cf535b-0e7e-49fb-ad18-0fd5e9f0c404:192.168.151.75:37994], old=null
2019-10-07 23:31:59,843 [pool-383-thread-1] INFO  impl.RaftServerImpl (RaftServerImpl.java:setRole(170)) - f6cf535b-0e7e-49fb-ad18-0fd5e9f0c404@group-61D467390ACA: changes role from      null to FOLLOWER at term 0 for startAsFollower
2019-10-07 23:31:59,843 [pool-383-thread-1] INFO  impl.RoleInfo (RoleInfo.java:updateAndGet(143)) - f6cf535b-0e7e-49fb-ad18-0fd5e9f0c404: start FollowerState
2019-10-07 23:31:59,843 [pool-383-thread-1] INFO  util.JmxRegister (JmxRegister.java:tryRegister(44)) - Successfully registered JMX Bean with object name Ratis:service=RaftServer,group=group-61D467390ACA,id=f6cf535b-0e7e-49fb-ad18-0fd5e9f0c404
2019-10-07 23:31:59,848 [RatisPipelineUtilsThread] INFO  pipeline.PipelineStateManager (PipelineStateManager.java:addPipeline(57)) - Created pipeline Pipeline[ Id: 0dafb0bc-726e-4439-a21a-61d467390aca, Nodes: f6cf535b-0e7e-49fb-ad18-0fd5e9f0c404{ip: 192.168.151.75, host: pr-hdds-1868-k864b-3611000933, networkLocation: /default-rack, certSerialId: null}, Type:RATIS, Factor:ONE, State:ALLOCATED]
2019-10-07 23:31:59,877 [IPC Server handler 0 on 40965] INFO  net.NetworkTopology (NetworkTopologyImpl.java:add(111)) - Added a new node: /default-rack/57c86727-38c9-4594-987b-cd5bf82b207d
2019-10-07 23:31:59,877 [IPC Server handler 0 on 40965] INFO  node.SCMNodeManager (SCMNodeManager.java:register(268)) - Registered Data node : 57c86727-38c9-4594-987b-cd5bf82b207d{ip: 192.168.151.75, host: pr-hdds-1868-k864b-3611000933, networkLocation: /default-rack, certSerialId: null}
2019-10-07 23:31:59,886 [grpc-default-executor-2] INFO  impl.RaftServerProxy (RaftServerProxy.java:addNew(89)) - 57c86727-38c9-4594-987b-cd5bf82b207d: addNew group-EC4756EF29E6:[57c86727-38c9-4594-987b-cd5bf82b207d:192.168.151.75:39882] returns group-EC4756EF29E6:java.util.concurrent.CompletableFuture@1f7e5fe[Not completed]
2019-10-07 23:31:59,887 [pool-393-thread-1] INFO  impl.RaftServerImpl (RaftServerImpl.java:<init>(95)) - 57c86727-38c9-4594-987b-cd5bf82b207d: new RaftServerImpl for group-EC4756EF29E6:[57c86727-38c9-4594-987b-cd5bf82b207d:192.168.151.75:39882] with ContainerStateMachine:uninitialized
2019-10-07 23:31:59,887 [pool-393-thread-1] INFO  server.RaftServerConfigKeys (ConfUtils.java:logGet(43)) - raft.server.rpc.timeout.min = 5s (custom)
2019-10-07 23:31:59,887 [pool-393-thread-1] INFO  server.RaftServerConfigKeys (ConfUtils.java:logGet(43)) - raft.server.rpc.timeout.max = 5200ms (custom)
2019-10-07 23:31:59,887 [pool-393-thread-1] INFO  server.RaftServerConfigKeys (ConfUtils.java:logGet(43)) - raft.server.rpcslowness.timeout = 120s (custom)
2019-10-07 23:31:59,888 [pool-393-thread-1] INFO  server.RaftServerConfigKeys (ConfUtils.java:logGet(43)) - raft.server.sleep.deviation.threshold = 300 (default)
2019-10-07 23:31:59,888 [pool-393-thread-1] INFO  server.RaftServerConfigKeys (ConfUtils.java:logGet(43)) - raft.server.log.appender.install.snapshot.enabled = false (custom)
2019-10-07 23:31:59,888 [pool-393-thread-1] INFO  impl.RaftServerImpl (ServerState.java:<init>(103)) - 57c86727-38c9-4594-987b-cd5bf82b207d@group-EC4756EF29E6: ConfigurationManager, init=-1: [57c86727-38c9-4594-987b-cd5bf82b207d:192.168.151.75:39882], old=null, confs=<EMPTY_MAP>
2019-10-07 23:31:59,888 [pool-393-thread-1] INFO  server.RaftServerConfigKeys (ConfUtils.java:logGet(43)) - raft.server.storage.dir = [/workdir/hadoop-ozone/integration-test/target/test-dir/MiniOzoneClusterImpl-352333b8-4a53-463e-b611-0484fc381049/datanode-1/data/ratis] (custom)
2019-10-07 23:31:59,888 [pool-393-thread-1] INFO  server.RaftServerConfigKeys (ConfUtils.java:logGet(43)) - raft.server.log.corruption.policy = EXCEPTION (default)
2019-10-07 23:31:59,888 [pool-393-thread-1] INFO  storage.RaftStorageDirectory (RaftStorageDirectory.java:analyzeStorage(246)) - The storage directory /workdir/hadoop-ozone/integration-test/target/test-dir/MiniOzoneClusterImpl-352333b8-4a53-463e-b611-0484fc381049/datanode-1/data/ratis/f0306b7b-91e4-4297-8e7a-ec4756ef29e6 does not exist. Creating ...
2019-10-07 23:31:59,900 [pool-393-thread-1] INFO  storage.RaftStorageDirectory (RaftStorageDirectory.java:tryLock(328)) - Lock on /workdir/hadoop-ozone/integration-test/target/test-dir/MiniOzoneClusterImpl-352333b8-4a53-463e-b611-0484fc381049/datanode-1/data/ratis/f0306b7b-91e4-4297-8e7a-ec4756ef29e6/in_use.lock acquired by nodename 21128@pr-hdds-1868-k864b-3611000933
2019-10-07 23:31:59,903 [pool-393-thread-1] INFO  storage.RaftStorage (RaftStorage.java:format(84)) - Storage directory /workdir/hadoop-ozone/integration-test/target/test-dir/MiniOzoneClusterImpl-352333b8-4a53-463e-b611-0484fc381049/datanode-1/data/ratis/f0306b7b-91e4-4297-8e7a-ec4756ef29e6 has been successfully formatted.
2019-10-07 23:31:59,903 [pool-393-thread-1] INFO  ratis.ContainerStateMachine (ContainerStateMachine.java:loadSnapshot(233)) - group-EC4756EF29E6: The snapshot info is null. Setting the last applied indexto:(t:0, i:~)
2019-10-07 23:31:59,903 [pool-393-thread-1] INFO  server.RaftServerConfigKeys (ConfUtils.java:logGet(43)) - raft.server.notification.no-leader.timeout = 120s (custom)
2019-10-07 23:31:59,903 [pool-393-thread-1] INFO  server.RaftServerConfigKeys (ConfUtils.java:logGet(43)) - raft.server.log.use.memory = false (default)
2019-10-07 23:31:59,904 [pool-393-thread-1] INFO  server.RaftServerConfigKeys (ConfUtils.java:logGet(43)) - raft.server.log.purge.gap = 1000000 (custom)
2019-10-07 23:31:59,904 [pool-393-thread-1] INFO  server.RaftServerConfigKeys (ConfUtils.java:logGet(43)) - raft.server.log.appender.buffer.byte-limit = 33554432 (custom)
2019-10-07 23:31:59,904 [pool-393-thread-1] INFO  server.RaftServerConfigKeys (ConfUtils.java:logGet(43)) - raft.server.log.segment.size.max = 1048576 (custom)
2019-10-07 23:31:59,905 [pool-393-thread-1] INFO  server.RaftServerConfigKeys (ConfUtils.java:logGet(43)) - raft.server.log.segment.cache.num.max = 2 (custom)
2019-10-07 23:31:59,905 [pool-393-thread-1] INFO  segmented.SegmentedRaftLogWorker (SegmentedRaftLogWorker.java:<init>(173)) - new 57c86727-38c9-4594-987b-cd5bf82b207d@group-EC4756EF29E6-SegmentedRaftLogWorker for RaftStorage:Storage Directory /workdir/hadoop-ozone/integration-test/target/test-dir/MiniOzoneClusterImpl-352333b8-4a53-463e-b611-0484fc381049/datanode-1/data/ratis/f0306b7b-91e4-4297-8e7a-ec4756ef29e6
2019-10-07 23:31:59,905 [pool-393-thread-1] INFO  server.RaftServerConfigKeys (ConfUtils.java:logGet(43)) - raft.server.log.queue.byte-limit = 2147483647 (custom)
2019-10-07 23:31:59,905 [pool-393-thread-1] INFO  server.RaftServerConfigKeys (ConfUtils.java:logGet(43)) - raft.server.log.queue.element-limit = 1024 (custom)
2019-10-07 23:31:59,905 [pool-393-thread-1] INFO  server.RaftServerConfigKeys (ConfUtils.java:logGet(43)) - raft.server.log.segment.size.max = 1048576 (custom)
2019-10-07 23:31:59,906 [pool-393-thread-1] INFO  server.RaftServerConfigKeys (ConfUtils.java:logGet(43)) - raft.server.log.preallocated.size = 16384 (custom)
2019-10-07 23:31:59,906 [pool-393-thread-1] INFO  server.RaftServerConfigKeys (ConfUtils.java:logGet(43)) - raft.server.log.write.buffer.size = 33554432 (custom)
2019-10-07 23:31:59,906 [pool-393-thread-1] INFO  server.RaftServerConfigKeys (ConfUtils.java:logGet(43)) - raft.server.log.force.sync.num = 128 (default)
2019-10-07 23:31:59,906 [pool-393-thread-1] INFO  server.RaftServerConfigKeys (ConfUtils.java:logGet(43)) - raft.server.log.statemachine.data.sync = true (default)
2019-10-07 23:31:59,906 [pool-393-thread-1] INFO  server.RaftServerConfigKeys (ConfUtils.java:logGet(43)) - raft.server.log.statemachine.data.sync.timeout = 10s (default)
2019-10-07 23:31:59,906 [pool-393-thread-1] INFO  server.RaftServerConfigKeys (ConfUtils.java:logGet(43)) - raft.server.log.statemachine.data.sync.timeout.retry = -1 (default)
2019-10-07 23:31:59,906 [pool-393-thread-1] INFO  server.RaftServerConfigKeys (ConfUtils.java:logGet(43)) - raft.server.log.statemachine.data.caching.enabled = true (custom)
2019-10-07 23:31:59,907 [pool-393-thread-1] INFO  segmented.SegmentedRaftLogWorker (SegmentedRaftLogWorker.java:lambda$new$0(128)) - 57c86727-38c9-4594-987b-cd5bf82b207d@group-EC4756EF29E6-SegmentedRaftLogWorker: flushIndex: setUnconditionally 0 -> -1
2019-10-07 23:31:59,907 [pool-393-thread-1] INFO  server.RaftServerConfigKeys (ConfUtils.java:logGet(43)) - raft.server.snapshot.auto.trigger.enabled = true (custom)
2019-10-07 23:31:59,907 [pool-393-thread-1] INFO  server.RaftServerConfigKeys (ConfUtils.java:logGet(43)) - raft.server.snapshot.auto.trigger.threshold = 10000 (custom)
2019-10-07 23:31:59,907 [pool-393-thread-1] INFO  server.RaftServerConfigKeys (ConfUtils.java:logGet(43)) - raft.server.snapshot.retention.file.num = 5 (custom)
2019-10-07 23:31:59,907 [pool-393-thread-1] INFO  server.RaftServerConfigKeys (ConfUtils.java:logGet(43)) - raft.server.retrycache.expirytime = 600000ms (custom)
2019-10-07 23:31:59,908 [pool-393-thread-1] INFO  impl.RaftServerImpl (RaftServerImpl.java:start(181)) - 57c86727-38c9-4594-987b-cd5bf82b207d@group-EC4756EF29E6: start as a follower, conf=-1: [57c86727-38c9-4594-987b-cd5bf82b207d:192.168.151.75:39882], old=null
2019-10-07 23:31:59,908 [pool-393-thread-1] INFO  impl.RaftServerImpl (RaftServerImpl.java:setRole(170)) - 57c86727-38c9-4594-987b-cd5bf82b207d@group-EC4756EF29E6: changes role from      null to FOLLOWER at term 0 for startAsFollower
2019-10-07 23:31:59,909 [pool-393-thread-1] INFO  impl.RoleInfo (RoleInfo.java:updateAndGet(143)) - 57c86727-38c9-4594-987b-cd5bf82b207d: start FollowerState
2019-10-07 23:31:59,909 [pool-393-thread-1] INFO  util.JmxRegister (JmxRegister.java:tryRegister(44)) - Successfully registered JMX Bean with object name Ratis:service=RaftServer,group=group-EC4756EF29E6,id=57c86727-38c9-4594-987b-cd5bf82b207d
2019-10-07 23:31:59,912 [RatisPipelineUtilsThread] INFO  pipeline.PipelineStateManager (PipelineStateManager.java:addPipeline(57)) - Created pipeline Pipeline[ Id: f0306b7b-91e4-4297-8e7a-ec4756ef29e6, Nodes: 57c86727-38c9-4594-987b-cd5bf82b207d{ip: 192.168.151.75, host: pr-hdds-1868-k864b-3611000933, networkLocation: /default-rack, certSerialId: null}, Type:RATIS, Factor:ONE, State:ALLOCATED]
2019-10-07 23:31:59,966 [IPC Server handler 3 on 40965] INFO  net.NetworkTopology (NetworkTopologyImpl.java:add(111)) - Added a new node: /default-rack/4fb48f8d-81e9-4f66-86fb-c7726dd48448
2019-10-07 23:31:59,966 [IPC Server handler 3 on 40965] INFO  node.SCMNodeManager (SCMNodeManager.java:register(268)) - Registered Data node : 4fb48f8d-81e9-4f66-86fb-c7726dd48448{ip: 192.168.151.75, host: pr-hdds-1868-k864b-3611000933, networkLocation: /default-rack, certSerialId: null}
2019-10-07 23:31:59,975 [grpc-default-executor-2] INFO  impl.RaftServerProxy (RaftServerProxy.java:addNew(89)) - 4fb48f8d-81e9-4f66-86fb-c7726dd48448: addNew group-2DBB45D879FB:[4fb48f8d-81e9-4f66-86fb-c7726dd48448:192.168.151.75:34336] returns group-2DBB45D879FB:java.util.concurrent.CompletableFuture@6936dc91[Not completed]
2019-10-07 23:31:59,976 [pool-403-thread-1] INFO  impl.RaftServerImpl (RaftServerImpl.java:<init>(95)) - 4fb48f8d-81e9-4f66-86fb-c7726dd48448: new RaftServerImpl for group-2DBB45D879FB:[4fb48f8d-81e9-4f66-86fb-c7726dd48448:192.168.151.75:34336] with ContainerStateMachine:uninitialized
2019-10-07 23:31:59,976 [pool-403-thread-1] INFO  server.RaftServerConfigKeys (ConfUtils.java:logGet(43)) - raft.server.rpc.timeout.min = 5s (custom)
2019-10-07 23:31:59,976 [pool-403-thread-1] INFO  server.RaftServerConfigKeys (ConfUtils.java:logGet(43)) - raft.server.rpc.timeout.max = 5200ms (custom)
2019-10-07 23:31:59,976 [pool-403-thread-1] INFO  server.RaftServerConfigKeys (ConfUtils.java:logGet(43)) - raft.server.rpcslowness.timeout = 120s (custom)
2019-10-07 23:31:59,976 [pool-403-thread-1] INFO  server.RaftServerConfigKeys (ConfUtils.java:logGet(43)) - raft.server.sleep.deviation.threshold = 300 (default)
2019-10-07 23:31:59,976 [pool-403-thread-1] INFO  server.RaftServerConfigKeys (ConfUtils.java:logGet(43)) - raft.server.log.appender.install.snapshot.enabled = false (custom)
2019-10-07 23:31:59,977 [pool-403-thread-1] INFO  impl.RaftServerImpl (ServerState.java:<init>(103)) - 4fb48f8d-81e9-4f66-86fb-c7726dd48448@group-2DBB45D879FB: ConfigurationManager, init=-1: [4fb48f8d-81e9-4f66-86fb-c7726dd48448:192.168.151.75:34336], old=null, confs=<EMPTY_MAP>
2019-10-07 23:31:59,977 [pool-403-thread-1] INFO  server.RaftServerConfigKeys (ConfUtils.java:logGet(43)) - raft.server.storage.dir = [/workdir/hadoop-ozone/integration-test/target/test-dir/MiniOzoneClusterImpl-352333b8-4a53-463e-b611-0484fc381049/datanode-2/data/ratis] (custom)
2019-10-07 23:31:59,977 [pool-403-thread-1] INFO  server.RaftServerConfigKeys (ConfUtils.java:logGet(43)) - raft.server.log.corruption.policy = EXCEPTION (default)
2019-10-07 23:31:59,977 [pool-403-thread-1] INFO  storage.RaftStorageDirectory (RaftStorageDirectory.java:analyzeStorage(246)) - The storage directory /workdir/hadoop-ozone/integration-test/target/test-dir/MiniOzoneClusterImpl-352333b8-4a53-463e-b611-0484fc381049/datanode-2/data/ratis/1719e52f-5e1c-48fa-aa89-2dbb45d879fb does not exist. Creating ...
2019-10-07 23:31:59,989 [pool-403-thread-1] INFO  storage.RaftStorageDirectory (RaftStorageDirectory.java:tryLock(328)) - Lock on /workdir/hadoop-ozone/integration-test/target/test-dir/MiniOzoneClusterImpl-352333b8-4a53-463e-b611-0484fc381049/datanode-2/data/ratis/1719e52f-5e1c-48fa-aa89-2dbb45d879fb/in_use.lock acquired by nodename 21128@pr-hdds-1868-k864b-3611000933
2019-10-07 23:31:59,994 [pool-403-thread-1] INFO  storage.RaftStorage (RaftStorage.java:format(84)) - Storage directory /workdir/hadoop-ozone/integration-test/target/test-dir/MiniOzoneClusterImpl-352333b8-4a53-463e-b611-0484fc381049/datanode-2/data/ratis/1719e52f-5e1c-48fa-aa89-2dbb45d879fb has been successfully formatted.
2019-10-07 23:31:59,994 [pool-403-thread-1] INFO  ratis.ContainerStateMachine (ContainerStateMachine.java:loadSnapshot(233)) - group-2DBB45D879FB: The snapshot info is null. Setting the last applied indexto:(t:0, i:~)
2019-10-07 23:31:59,994 [pool-403-thread-1] INFO  server.RaftServerConfigKeys (ConfUtils.java:logGet(43)) - raft.server.notification.no-leader.timeout = 120s (custom)
2019-10-07 23:31:59,994 [pool-403-thread-1] INFO  server.RaftServerConfigKeys (ConfUtils.java:logGet(43)) - raft.server.log.use.memory = false (default)
2019-10-07 23:31:59,994 [pool-403-thread-1] INFO  server.RaftServerConfigKeys (ConfUtils.java:logGet(43)) - raft.server.log.purge.gap = 1000000 (custom)
2019-10-07 23:31:59,994 [pool-403-thread-1] INFO  server.RaftServerConfigKeys (ConfUtils.java:logGet(43)) - raft.server.log.appender.buffer.byte-limit = 33554432 (custom)
2019-10-07 23:31:59,994 [pool-403-thread-1] INFO  server.RaftServerConfigKeys (ConfUtils.java:logGet(43)) - raft.server.log.segment.size.max = 1048576 (custom)
2019-10-07 23:31:59,996 [pool-403-thread-1] INFO  server.RaftServerConfigKeys (ConfUtils.java:logGet(43)) - raft.server.log.segment.cache.num.max = 2 (custom)
2019-10-07 23:31:59,996 [pool-403-thread-1] INFO  segmented.SegmentedRaftLogWorker (SegmentedRaftLogWorker.java:<init>(173)) - new 4fb48f8d-81e9-4f66-86fb-c7726dd48448@group-2DBB45D879FB-SegmentedRaftLogWorker for RaftStorage:Storage Directory /workdir/hadoop-ozone/integration-test/target/test-dir/MiniOzoneClusterImpl-352333b8-4a53-463e-b611-0484fc381049/datanode-2/data/ratis/1719e52f-5e1c-48fa-aa89-2dbb45d879fb
2019-10-07 23:31:59,996 [pool-403-thread-1] INFO  server.RaftServerConfigKeys (ConfUtils.java:logGet(43)) - raft.server.log.queue.byte-limit = 2147483647 (custom)
2019-10-07 23:31:59,996 [pool-403-thread-1] INFO  server.RaftServerConfigKeys (ConfUtils.java:logGet(43)) - raft.server.log.queue.element-limit = 1024 (custom)
2019-10-07 23:31:59,996 [pool-403-thread-1] INFO  server.RaftServerConfigKeys (ConfUtils.java:logGet(43)) - raft.server.log.segment.size.max = 1048576 (custom)
2019-10-07 23:31:59,996 [pool-403-thread-1] INFO  server.RaftServerConfigKeys (ConfUtils.java:logGet(43)) - raft.server.log.preallocated.size = 16384 (custom)
2019-10-07 23:31:59,996 [pool-403-thread-1] INFO  server.RaftServerConfigKeys (ConfUtils.java:logGet(43)) - raft.server.log.write.buffer.size = 33554432 (custom)
2019-10-07 23:31:59,996 [pool-403-thread-1] INFO  server.RaftServerConfigKeys (ConfUtils.java:logGet(43)) - raft.server.log.force.sync.num = 128 (default)
2019-10-07 23:31:59,996 [pool-403-thread-1] INFO  server.RaftServerConfigKeys (ConfUtils.java:logGet(43)) - raft.server.log.statemachine.data.sync = true (default)
2019-10-07 23:31:59,996 [pool-403-thread-1] INFO  server.RaftServerConfigKeys (ConfUtils.java:logGet(43)) - raft.server.log.statemachine.data.sync.timeout = 10s (default)
2019-10-07 23:31:59,996 [pool-403-thread-1] INFO  server.RaftServerConfigKeys (ConfUtils.java:logGet(43)) - raft.server.log.statemachine.data.sync.timeout.retry = -1 (default)
2019-10-07 23:31:59,997 [pool-403-thread-1] INFO  server.RaftServerConfigKeys (ConfUtils.java:logGet(43)) - raft.server.log.statemachine.data.caching.enabled = true (custom)
2019-10-07 23:31:59,997 [pool-403-thread-1] INFO  segmented.SegmentedRaftLogWorker (SegmentedRaftLogWorker.java:lambda$new$0(128)) - 4fb48f8d-81e9-4f66-86fb-c7726dd48448@group-2DBB45D879FB-SegmentedRaftLogWorker: flushIndex: setUnconditionally 0 -> -1
2019-10-07 23:31:59,997 [pool-403-thread-1] INFO  server.RaftServerConfigKeys (ConfUtils.java:logGet(43)) - raft.server.snapshot.auto.trigger.enabled = true (custom)
2019-10-07 23:31:59,997 [pool-403-thread-1] INFO  server.RaftServerConfigKeys (ConfUtils.java:logGet(43)) - raft.server.snapshot.auto.trigger.threshold = 10000 (custom)
2019-10-07 23:31:59,997 [pool-403-thread-1] INFO  server.RaftServerConfigKeys (ConfUtils.java:logGet(43)) - raft.server.snapshot.retention.file.num = 5 (custom)
2019-10-07 23:31:59,998 [pool-403-thread-1] INFO  server.RaftServerConfigKeys (ConfUtils.java:logGet(43)) - raft.server.retrycache.expirytime = 600000ms (custom)
2019-10-07 23:31:59,999 [pool-403-thread-1] INFO  impl.RaftServerImpl (RaftServerImpl.java:start(181)) - 4fb48f8d-81e9-4f66-86fb-c7726dd48448@group-2DBB45D879FB: start as a follower, conf=-1: [4fb48f8d-81e9-4f66-86fb-c7726dd48448:192.168.151.75:34336], old=null
2019-10-07 23:31:59,999 [pool-403-thread-1] INFO  impl.RaftServerImpl (RaftServerImpl.java:setRole(170)) - 4fb48f8d-81e9-4f66-86fb-c7726dd48448@group-2DBB45D879FB: changes role from      null to FOLLOWER at term 0 for startAsFollower
2019-10-07 23:31:59,999 [pool-403-thread-1] INFO  impl.RoleInfo (RoleInfo.java:updateAndGet(143)) - 4fb48f8d-81e9-4f66-86fb-c7726dd48448: start FollowerState
2019-10-07 23:31:59,999 [pool-403-thread-1] INFO  util.JmxRegister (JmxRegister.java:tryRegister(44)) - Successfully registered JMX Bean with object name Ratis:service=RaftServer,group=group-2DBB45D879FB,id=4fb48f8d-81e9-4f66-86fb-c7726dd48448
2019-10-07 23:32:00,002 [RatisPipelineUtilsThread] INFO  pipeline.PipelineStateManager (PipelineStateManager.java:addPipeline(57)) - Created pipeline Pipeline[ Id: 1719e52f-5e1c-48fa-aa89-2dbb45d879fb, Nodes: 4fb48f8d-81e9-4f66-86fb-c7726dd48448{ip: 192.168.151.75, host: pr-hdds-1868-k864b-3611000933, networkLocation: /default-rack, certSerialId: null}, Type:RATIS, Factor:ONE, State:ALLOCATED]
2019-10-07 23:32:00,013 [grpc-default-executor-1] INFO  impl.RaftServerProxy (RaftServerProxy.java:addNew(89)) - 57c86727-38c9-4594-987b-cd5bf82b207d: addNew group-7B1A4F02BB5C:[f6cf535b-0e7e-49fb-ad18-0fd5e9f0c404:192.168.151.75:37994, 4fb48f8d-81e9-4f66-86fb-c7726dd48448:192.168.151.75:34336, 57c86727-38c9-4594-987b-cd5bf82b207d:192.168.151.75:39882] returns group-7B1A4F02BB5C:java.util.concurrent.CompletableFuture@c5f591a[Not completed]
2019-10-07 23:32:00,013 [grpc-default-executor-2] INFO  impl.RaftServerProxy (RaftServerProxy.java:addNew(89)) - 4fb48f8d-81e9-4f66-86fb-c7726dd48448: addNew group-7B1A4F02BB5C:[f6cf535b-0e7e-49fb-ad18-0fd5e9f0c404:192.168.151.75:37994, 4fb48f8d-81e9-4f66-86fb-c7726dd48448:192.168.151.75:34336, 57c86727-38c9-4594-987b-cd5bf82b207d:192.168.151.75:39882] returns group-7B1A4F02BB5C:java.util.concurrent.CompletableFuture@54199b6c[Not completed]
2019-10-07 23:32:00,014 [grpc-default-executor-2] INFO  impl.RaftServerProxy (RaftServerProxy.java:addNew(89)) - f6cf535b-0e7e-49fb-ad18-0fd5e9f0c404: addNew group-7B1A4F02BB5C:[f6cf535b-0e7e-49fb-ad18-0fd5e9f0c404:192.168.151.75:37994, 4fb48f8d-81e9-4f66-86fb-c7726dd48448:192.168.151.75:34336, 57c86727-38c9-4594-987b-cd5bf82b207d:192.168.151.75:39882] returns group-7B1A4F02BB5C:java.util.concurrent.CompletableFuture@29c319b6[Not completed]
2019-10-07 23:32:00,014 [pool-393-thread-1] INFO  impl.RaftServerImpl (RaftServerImpl.java:<init>(95)) - 57c86727-38c9-4594-987b-cd5bf82b207d: new RaftServerImpl for group-7B1A4F02BB5C:[f6cf535b-0e7e-49fb-ad18-0fd5e9f0c404:192.168.151.75:37994, 4fb48f8d-81e9-4f66-86fb-c7726dd48448:192.168.151.75:34336, 57c86727-38c9-4594-987b-cd5bf82b207d:192.168.151.75:39882] with ContainerStateMachine:uninitialized
2019-10-07 23:32:00,014 [pool-393-thread-1] INFO  server.RaftServerConfigKeys (ConfUtils.java:logGet(43)) - raft.server.rpc.timeout.min = 5s (custom)
2019-10-07 23:32:00,014 [pool-393-thread-1] INFO  server.RaftServerConfigKeys (ConfUtils.java:logGet(43)) - raft.server.rpc.timeout.max = 5200ms (custom)
2019-10-07 23:32:00,014 [pool-403-thread-1] INFO  impl.RaftServerImpl (RaftServerImpl.java:<init>(95)) - 4fb48f8d-81e9-4f66-86fb-c7726dd48448: new RaftServerImpl for group-7B1A4F02BB5C:[f6cf535b-0e7e-49fb-ad18-0fd5e9f0c404:192.168.151.75:37994, 4fb48f8d-81e9-4f66-86fb-c7726dd48448:192.168.151.75:34336, 57c86727-38c9-4594-987b-cd5bf82b207d:192.168.151.75:39882] with ContainerStateMachine:uninitialized
2019-10-07 23:32:00,014 [pool-393-thread-1] INFO  server.RaftServerConfigKeys (ConfUtils.java:logGet(43)) - raft.server.rpcslowness.timeout = 120s (custom)
2019-10-07 23:32:00,014 [pool-403-thread-1] INFO  server.RaftServerConfigKeys (ConfUtils.java:logGet(43)) - raft.server.rpc.timeout.min = 5s (custom)
2019-10-07 23:32:00,014 [pool-393-thread-1] INFO  server.RaftServerConfigKeys (ConfUtils.java:logGet(43)) - raft.server.sleep.deviation.threshold = 300 (default)
2019-10-07 23:32:00,015 [pool-403-thread-1] INFO  server.RaftServerConfigKeys (ConfUtils.java:logGet(43)) - raft.server.rpc.timeout.max = 5200ms (custom)
2019-10-07 23:32:00,015 [pool-393-thread-1] INFO  server.RaftServerConfigKeys (ConfUtils.java:logGet(43)) - raft.server.log.appender.install.snapshot.enabled = false (custom)
2019-10-07 23:32:00,015 [pool-403-thread-1] INFO  server.RaftServerConfigKeys (ConfUtils.java:logGet(43)) - raft.server.rpcslowness.timeout = 120s (custom)
2019-10-07 23:32:00,015 [pool-393-thread-1] INFO  impl.RaftServerImpl (ServerState.java:<init>(103)) - 57c86727-38c9-4594-987b-cd5bf82b207d@group-7B1A4F02BB5C: ConfigurationManager, init=-1: [f6cf535b-0e7e-49fb-ad18-0fd5e9f0c404:192.168.151.75:37994, 4fb48f8d-81e9-4f66-86fb-c7726dd48448:192.168.151.75:34336, 57c86727-38c9-4594-987b-cd5bf82b207d:192.168.151.75:39882], old=null, confs=<EMPTY_MAP>
2019-10-07 23:32:00,015 [pool-403-thread-1] INFO  server.RaftServerConfigKeys (ConfUtils.java:logGet(43)) - raft.server.sleep.deviation.threshold = 300 (default)
2019-10-07 23:32:00,015 [pool-403-thread-1] INFO  server.RaftServerConfigKeys (ConfUtils.java:logGet(43)) - raft.server.log.appender.install.snapshot.enabled = false (custom)
2019-10-07 23:32:00,015 [pool-383-thread-1] INFO  impl.RaftServerImpl (RaftServerImpl.java:<init>(95)) - f6cf535b-0e7e-49fb-ad18-0fd5e9f0c404: new RaftServerImpl for group-7B1A4F02BB5C:[f6cf535b-0e7e-49fb-ad18-0fd5e9f0c404:192.168.151.75:37994, 4fb48f8d-81e9-4f66-86fb-c7726dd48448:192.168.151.75:34336, 57c86727-38c9-4594-987b-cd5bf82b207d:192.168.151.75:39882] with ContainerStateMachine:uninitialized
2019-10-07 23:32:00,015 [pool-393-thread-1] INFO  server.RaftServerConfigKeys (ConfUtils.java:logGet(43)) - raft.server.storage.dir = [/workdir/hadoop-ozone/integration-test/target/test-dir/MiniOzoneClusterImpl-352333b8-4a53-463e-b611-0484fc381049/datanode-1/data/ratis] (custom)
2019-10-07 23:32:00,015 [pool-383-thread-1] INFO  server.RaftServerConfigKeys (ConfUtils.java:logGet(43)) - raft.server.rpc.timeout.min = 5s (custom)
2019-10-07 23:32:00,015 [pool-403-thread-1] INFO  impl.RaftServerImpl (ServerState.java:<init>(103)) - 4fb48f8d-81e9-4f66-86fb-c7726dd48448@group-7B1A4F02BB5C: ConfigurationManager, init=-1: [f6cf535b-0e7e-49fb-ad18-0fd5e9f0c404:192.168.151.75:37994, 4fb48f8d-81e9-4f66-86fb-c7726dd48448:192.168.151.75:34336, 57c86727-38c9-4594-987b-cd5bf82b207d:192.168.151.75:39882], old=null, confs=<EMPTY_MAP>
2019-10-07 23:32:00,015 [pool-383-thread-1] INFO  server.RaftServerConfigKeys (ConfUtils.java:logGet(43)) - raft.server.rpc.timeout.max = 5200ms (custom)
2019-10-07 23:32:00,015 [pool-393-thread-1] INFO  server.RaftServerConfigKeys (ConfUtils.java:logGet(43)) - raft.server.log.corruption.policy = EXCEPTION (default)
2019-10-07 23:32:00,016 [pool-383-thread-1] INFO  server.RaftServerConfigKeys (ConfUtils.java:logGet(43)) - raft.server.rpcslowness.timeout = 120s (custom)
2019-10-07 23:32:00,015 [pool-403-thread-1] INFO  server.RaftServerConfigKeys (ConfUtils.java:logGet(43)) - raft.server.storage.dir = [/workdir/hadoop-ozone/integration-test/target/test-dir/MiniOzoneClusterImpl-352333b8-4a53-463e-b611-0484fc381049/datanode-2/data/ratis] (custom)
2019-10-07 23:32:00,016 [pool-383-thread-1] INFO  server.RaftServerConfigKeys (ConfUtils.java:logGet(43)) - raft.server.sleep.deviation.threshold = 300 (default)
2019-10-07 23:32:00,016 [pool-393-thread-1] INFO  storage.RaftStorageDirectory (RaftStorageDirectory.java:analyzeStorage(246)) - The storage directory /workdir/hadoop-ozone/integration-test/target/test-dir/MiniOzoneClusterImpl-352333b8-4a53-463e-b611-0484fc381049/datanode-1/data/ratis/4344d769-ff68-4873-be6f-7b1a4f02bb5c does not exist. Creating ...
2019-10-07 23:32:00,016 [pool-383-thread-1] INFO  server.RaftServerConfigKeys (ConfUtils.java:logGet(43)) - raft.server.log.appender.install.snapshot.enabled = false (custom)
2019-10-07 23:32:00,016 [pool-403-thread-1] INFO  server.RaftServerConfigKeys (ConfUtils.java:logGet(43)) - raft.server.log.corruption.policy = EXCEPTION (default)
2019-10-07 23:32:00,016 [pool-383-thread-1] INFO  impl.RaftServerImpl (ServerState.java:<init>(103)) - f6cf535b-0e7e-49fb-ad18-0fd5e9f0c404@group-7B1A4F02BB5C: ConfigurationManager, init=-1: [f6cf535b-0e7e-49fb-ad18-0fd5e9f0c404:192.168.151.75:37994, 4fb48f8d-81e9-4f66-86fb-c7726dd48448:192.168.151.75:34336, 57c86727-38c9-4594-987b-cd5bf82b207d:192.168.151.75:39882], old=null, confs=<EMPTY_MAP>
2019-10-07 23:32:00,016 [pool-403-thread-1] INFO  storage.RaftStorageDirectory (RaftStorageDirectory.java:analyzeStorage(246)) - The storage directory /workdir/hadoop-ozone/integration-test/target/test-dir/MiniOzoneClusterImpl-352333b8-4a53-463e-b611-0484fc381049/datanode-2/data/ratis/4344d769-ff68-4873-be6f-7b1a4f02bb5c does not exist. Creating ...
2019-10-07 23:32:00,016 [pool-383-thread-1] INFO  server.RaftServerConfigKeys (ConfUtils.java:logGet(43)) - raft.server.storage.dir = [/workdir/hadoop-ozone/integration-test/target/test-dir/MiniOzoneClusterImpl-352333b8-4a53-463e-b611-0484fc381049/datanode-0/data/ratis] (custom)
2019-10-07 23:32:00,017 [pool-383-thread-1] INFO  server.RaftServerConfigKeys (ConfUtils.java:logGet(43)) - raft.server.log.corruption.policy = EXCEPTION (default)
2019-10-07 23:32:00,017 [pool-383-thread-1] INFO  storage.RaftStorageDirectory (RaftStorageDirectory.java:analyzeStorage(246)) - The storage directory /workdir/hadoop-ozone/integration-test/target/test-dir/MiniOzoneClusterImpl-352333b8-4a53-463e-b611-0484fc381049/datanode-0/data/ratis/4344d769-ff68-4873-be6f-7b1a4f02bb5c does not exist. Creating ...
2019-10-07 23:32:00,020 [pool-393-thread-1] INFO  storage.RaftStorageDirectory (RaftStorageDirectory.java:tryLock(328)) - Lock on /workdir/hadoop-ozone/integration-test/target/test-dir/MiniOzoneClusterImpl-352333b8-4a53-463e-b611-0484fc381049/datanode-1/data/ratis/4344d769-ff68-4873-be6f-7b1a4f02bb5c/in_use.lock acquired by nodename 21128@pr-hdds-1868-k864b-3611000933
2019-10-07 23:32:00,020 [pool-383-thread-1] INFO  storage.RaftStorageDirectory (RaftStorageDirectory.java:tryLock(328)) - Lock on /workdir/hadoop-ozone/integration-test/target/test-dir/MiniOzoneClusterImpl-352333b8-4a53-463e-b611-0484fc381049/datanode-0/data/ratis/4344d769-ff68-4873-be6f-7b1a4f02bb5c/in_use.lock acquired by nodename 21128@pr-hdds-1868-k864b-3611000933
2019-10-07 23:32:00,020 [pool-403-thread-1] INFO  storage.RaftStorageDirectory (RaftStorageDirectory.java:tryLock(328)) - Lock on /workdir/hadoop-ozone/integration-test/target/test-dir/MiniOzoneClusterImpl-352333b8-4a53-463e-b611-0484fc381049/datanode-2/data/ratis/4344d769-ff68-4873-be6f-7b1a4f02bb5c/in_use.lock acquired by nodename 21128@pr-hdds-1868-k864b-3611000933
2019-10-07 23:32:00,026 [pool-393-thread-1] INFO  storage.RaftStorage (RaftStorage.java:format(84)) - Storage directory /workdir/hadoop-ozone/integration-test/target/test-dir/MiniOzoneClusterImpl-352333b8-4a53-463e-b611-0484fc381049/datanode-1/data/ratis/4344d769-ff68-4873-be6f-7b1a4f02bb5c has been successfully formatted.
2019-10-07 23:32:00,026 [pool-383-thread-1] INFO  storage.RaftStorage (RaftStorage.java:format(84)) - Storage directory /workdir/hadoop-ozone/integration-test/target/test-dir/MiniOzoneClusterImpl-352333b8-4a53-463e-b611-0484fc381049/datanode-0/data/ratis/4344d769-ff68-4873-be6f-7b1a4f02bb5c has been successfully formatted.
2019-10-07 23:32:00,026 [pool-403-thread-1] INFO  storage.RaftStorage (RaftStorage.java:format(84)) - Storage directory /workdir/hadoop-ozone/integration-test/target/test-dir/MiniOzoneClusterImpl-352333b8-4a53-463e-b611-0484fc381049/datanode-2/data/ratis/4344d769-ff68-4873-be6f-7b1a4f02bb5c has been successfully formatted.
2019-10-07 23:32:00,027 [pool-383-thread-1] INFO  ratis.ContainerStateMachine (ContainerStateMachine.java:loadSnapshot(233)) - group-7B1A4F02BB5C: The snapshot info is null. Setting the last applied indexto:(t:0, i:~)
2019-10-07 23:32:00,026 [pool-393-thread-1] INFO  ratis.ContainerStateMachine (ContainerStateMachine.java:loadSnapshot(233)) - group-7B1A4F02BB5C: The snapshot info is null. Setting the last applied indexto:(t:0, i:~)
2019-10-07 23:32:00,027 [pool-383-thread-1] INFO  server.RaftServerConfigKeys (ConfUtils.java:logGet(43)) - raft.server.notification.no-leader.timeout = 120s (custom)
2019-10-07 23:32:00,027 [pool-403-thread-1] INFO  ratis.ContainerStateMachine (ContainerStateMachine.java:loadSnapshot(233)) - group-7B1A4F02BB5C: The snapshot info is null. Setting the last applied indexto:(t:0, i:~)
2019-10-07 23:32:00,027 [pool-383-thread-1] INFO  server.RaftServerConfigKeys (ConfUtils.java:logGet(43)) - raft.server.log.use.memory = false (default)
2019-10-07 23:32:00,027 [pool-393-thread-1] INFO  server.RaftServerConfigKeys (ConfUtils.java:logGet(43)) - raft.server.notification.no-leader.timeout = 120s (custom)
2019-10-07 23:32:00,027 [pool-383-thread-1] INFO  server.RaftServerConfigKeys (ConfUtils.java:logGet(43)) - raft.server.log.purge.gap = 1000000 (custom)
2019-10-07 23:32:00,027 [pool-383-thread-1] INFO  server.RaftServerConfigKeys (ConfUtils.java:logGet(43)) - raft.server.log.appender.buffer.byte-limit = 33554432 (custom)
2019-10-07 23:32:00,027 [pool-403-thread-1] INFO  server.RaftServerConfigKeys (ConfUtils.java:logGet(43)) - raft.server.notification.no-leader.timeout = 120s (custom)
2019-10-07 23:32:00,028 [pool-383-thread-1] INFO  server.RaftServerConfigKeys (ConfUtils.java:logGet(43)) - raft.server.log.segment.size.max = 1048576 (custom)
2019-10-07 23:32:00,027 [pool-393-thread-1] INFO  server.RaftServerConfigKeys (ConfUtils.java:logGet(43)) - raft.server.log.use.memory = false (default)
2019-10-07 23:32:00,028 [pool-383-thread-1] INFO  server.RaftServerConfigKeys (ConfUtils.java:logGet(43)) - raft.server.log.segment.cache.num.max = 2 (custom)
2019-10-07 23:32:00,028 [pool-403-thread-1] INFO  server.RaftServerConfigKeys (ConfUtils.java:logGet(43)) - raft.server.log.use.memory = false (default)
2019-10-07 23:32:00,028 [pool-383-thread-1] INFO  segmented.SegmentedRaftLogWorker (SegmentedRaftLogWorker.java:<init>(173)) - new f6cf535b-0e7e-49fb-ad18-0fd5e9f0c404@group-7B1A4F02BB5C-SegmentedRaftLogWorker for RaftStorage:Storage Directory /workdir/hadoop-ozone/integration-test/target/test-dir/MiniOzoneClusterImpl-352333b8-4a53-463e-b611-0484fc381049/datanode-0/data/ratis/4344d769-ff68-4873-be6f-7b1a4f02bb5c
2019-10-07 23:32:00,028 [pool-383-thread-1] INFO  server.RaftServerConfigKeys (ConfUtils.java:logGet(43)) - raft.server.log.queue.byte-limit = 2147483647 (custom)
2019-10-07 23:32:00,028 [pool-393-thread-1] INFO  server.RaftServerConfigKeys (ConfUtils.java:logGet(43)) - raft.server.log.purge.gap = 1000000 (custom)
2019-10-07 23:32:00,029 [pool-383-thread-1] INFO  server.RaftServerConfigKeys (ConfUtils.java:logGet(43)) - raft.server.log.queue.element-limit = 1024 (custom)
2019-10-07 23:32:00,028 [pool-403-thread-1] INFO  server.RaftServerConfigKeys (ConfUtils.java:logGet(43)) - raft.server.log.purge.gap = 1000000 (custom)
2019-10-07 23:32:00,029 [pool-383-thread-1] INFO  server.RaftServerConfigKeys (ConfUtils.java:logGet(43)) - raft.server.log.segment.size.max = 1048576 (custom)
2019-10-07 23:32:00,029 [pool-383-thread-1] INFO  server.RaftServerConfigKeys (ConfUtils.java:logGet(43)) - raft.server.log.preallocated.size = 16384 (custom)
2019-10-07 23:32:00,029 [pool-393-thread-1] INFO  server.RaftServerConfigKeys (ConfUtils.java:logGet(43)) - raft.server.log.appender.buffer.byte-limit = 33554432 (custom)
2019-10-07 23:32:00,029 [pool-383-thread-1] INFO  server.RaftServerConfigKeys (ConfUtils.java:logGet(43)) - raft.server.log.write.buffer.size = 33554432 (custom)
2019-10-07 23:32:00,029 [pool-383-thread-1] INFO  server.RaftServerConfigKeys (ConfUtils.java:logGet(43)) - raft.server.log.force.sync.num = 128 (default)
2019-10-07 23:32:00,029 [pool-403-thread-1] INFO  server.RaftServerConfigKeys (ConfUtils.java:logGet(43)) - raft.server.log.appender.buffer.byte-limit = 33554432 (custom)
2019-10-07 23:32:00,030 [pool-383-thread-1] INFO  server.RaftServerConfigKeys (ConfUtils.java:logGet(43)) - raft.server.log.statemachine.data.sync = true (default)
2019-10-07 23:32:00,029 [pool-393-thread-1] INFO  server.RaftServerConfigKeys (ConfUtils.java:logGet(43)) - raft.server.log.segment.size.max = 1048576 (custom)
2019-10-07 23:32:00,030 [pool-383-thread-1] INFO  server.RaftServerConfigKeys (ConfUtils.java:logGet(43)) - raft.server.log.statemachine.data.sync.timeout = 10s (default)
2019-10-07 23:32:00,030 [pool-403-thread-1] INFO  server.RaftServerConfigKeys (ConfUtils.java:logGet(43)) - raft.server.log.segment.size.max = 1048576 (custom)
2019-10-07 23:32:00,030 [pool-383-thread-1] INFO  server.RaftServerConfigKeys (ConfUtils.java:logGet(43)) - raft.server.log.statemachine.data.sync.timeout.retry = -1 (default)
2019-10-07 23:32:00,030 [pool-393-thread-1] INFO  server.RaftServerConfigKeys (ConfUtils.java:logGet(43)) - raft.server.log.segment.cache.num.max = 2 (custom)
2019-10-07 23:32:00,030 [pool-403-thread-1] INFO  server.RaftServerConfigKeys (ConfUtils.java:logGet(43)) - raft.server.log.segment.cache.num.max = 2 (custom)
2019-10-07 23:32:00,031 [pool-383-thread-1] INFO  server.RaftServerConfigKeys (ConfUtils.java:logGet(43)) - raft.server.log.statemachine.data.caching.enabled = true (custom)
2019-10-07 23:32:00,031 [pool-393-thread-1] INFO  segmented.SegmentedRaftLogWorker (SegmentedRaftLogWorker.java:<init>(173)) - new 57c86727-38c9-4594-987b-cd5bf82b207d@group-7B1A4F02BB5C-SegmentedRaftLogWorker for RaftStorage:Storage Directory /workdir/hadoop-ozone/integration-test/target/test-dir/MiniOzoneClusterImpl-352333b8-4a53-463e-b611-0484fc381049/datanode-1/data/ratis/4344d769-ff68-4873-be6f-7b1a4f02bb5c
2019-10-07 23:32:00,031 [pool-403-thread-1] INFO  segmented.SegmentedRaftLogWorker (SegmentedRaftLogWorker.java:<init>(173)) - new 4fb48f8d-81e9-4f66-86fb-c7726dd48448@group-7B1A4F02BB5C-SegmentedRaftLogWorker for RaftStorage:Storage Directory /workdir/hadoop-ozone/integration-test/target/test-dir/MiniOzoneClusterImpl-352333b8-4a53-463e-b611-0484fc381049/datanode-2/data/ratis/4344d769-ff68-4873-be6f-7b1a4f02bb5c
2019-10-07 23:32:00,031 [pool-383-thread-1] INFO  segmented.SegmentedRaftLogWorker (SegmentedRaftLogWorker.java:lambda$new$0(128)) - f6cf535b-0e7e-49fb-ad18-0fd5e9f0c404@group-7B1A4F02BB5C-SegmentedRaftLogWorker: flushIndex: setUnconditionally 0 -> -1
2019-10-07 23:32:00,031 [pool-393-thread-1] INFO  server.RaftServerConfigKeys (ConfUtils.java:logGet(43)) - raft.server.log.queue.byte-limit = 2147483647 (custom)
2019-10-07 23:32:00,031 [pool-403-thread-1] INFO  server.RaftServerConfigKeys (ConfUtils.java:logGet(43)) - raft.server.log.queue.byte-limit = 2147483647 (custom)
2019-10-07 23:32:00,031 [pool-383-thread-1] INFO  server.RaftServerConfigKeys (ConfUtils.java:logGet(43)) - raft.server.snapshot.auto.trigger.enabled = true (custom)
2019-10-07 23:32:00,031 [pool-393-thread-1] INFO  server.RaftServerConfigKeys (ConfUtils.java:logGet(43)) - raft.server.log.queue.element-limit = 1024 (custom)
2019-10-07 23:32:00,032 [pool-383-thread-1] INFO  server.RaftServerConfigKeys (ConfUtils.java:logGet(43)) - raft.server.snapshot.auto.trigger.threshold = 10000 (custom)
2019-10-07 23:32:00,031 [pool-403-thread-1] INFO  server.RaftServerConfigKeys (ConfUtils.java:logGet(43)) - raft.server.log.queue.element-limit = 1024 (custom)
2019-10-07 23:32:00,032 [pool-383-thread-1] INFO  server.RaftServerConfigKeys (ConfUtils.java:logGet(43)) - raft.server.snapshot.retention.file.num = 5 (custom)
2019-10-07 23:32:00,032 [pool-393-thread-1] INFO  server.RaftServerConfigKeys (ConfUtils.java:logGet(43)) - raft.server.log.segment.size.max = 1048576 (custom)
2019-10-07 23:32:00,032 [pool-383-thread-1] INFO  server.RaftServerConfigKeys (ConfUtils.java:logGet(43)) - raft.server.retrycache.expirytime = 600000ms (custom)
2019-10-07 23:32:00,032 [pool-403-thread-1] INFO  server.RaftServerConfigKeys (ConfUtils.java:logGet(43)) - raft.server.log.segment.size.max = 1048576 (custom)
2019-10-07 23:32:00,032 [pool-393-thread-1] INFO  server.RaftServerConfigKeys (ConfUtils.java:logGet(43)) - raft.server.log.preallocated.size = 16384 (custom)
2019-10-07 23:32:00,033 [pool-403-thread-1] INFO  server.RaftServerConfigKeys (ConfUtils.java:logGet(43)) - raft.server.log.preallocated.size = 16384 (custom)
2019-10-07 23:32:00,033 [pool-393-thread-1] INFO  server.RaftServerConfigKeys (ConfUtils.java:logGet(43)) - raft.server.log.write.buffer.size = 33554432 (custom)
2019-10-07 23:32:00,033 [pool-403-thread-1] INFO  server.RaftServerConfigKeys (ConfUtils.java:logGet(43)) - raft.server.log.write.buffer.size = 33554432 (custom)
2019-10-07 23:32:00,033 [pool-393-thread-1] INFO  server.RaftServerConfigKeys (ConfUtils.java:logGet(43)) - raft.server.log.force.sync.num = 128 (default)
2019-10-07 23:32:00,033 [pool-403-thread-1] INFO  server.RaftServerConfigKeys (ConfUtils.java:logGet(43)) - raft.server.log.force.sync.num = 128 (default)
2019-10-07 23:32:00,033 [pool-393-thread-1] INFO  server.RaftServerConfigKeys (ConfUtils.java:logGet(43)) - raft.server.log.statemachine.data.sync = true (default)
2019-10-07 23:32:00,033 [pool-403-thread-1] INFO  server.RaftServerConfigKeys (ConfUtils.java:logGet(43)) - raft.server.log.statemachine.data.sync = true (default)
2019-10-07 23:32:00,033 [pool-393-thread-1] INFO  server.RaftServerConfigKeys (ConfUtils.java:logGet(43)) - raft.server.log.statemachine.data.sync.timeout = 10s (default)
2019-10-07 23:32:00,034 [pool-403-thread-1] INFO  server.RaftServerConfigKeys (ConfUtils.java:logGet(43)) - raft.server.log.statemachine.data.sync.timeout = 10s (default)
2019-10-07 23:32:00,034 [pool-393-thread-1] INFO  server.RaftServerConfigKeys (ConfUtils.java:logGet(43)) - raft.server.log.statemachine.data.sync.timeout.retry = -1 (default)
2019-10-07 23:32:00,034 [pool-403-thread-1] INFO  server.RaftServerConfigKeys (ConfUtils.java:logGet(43)) - raft.server.log.statemachine.data.sync.timeout.retry = -1 (default)
2019-10-07 23:32:00,034 [pool-393-thread-1] INFO  server.RaftServerConfigKeys (ConfUtils.java:logGet(43)) - raft.server.log.statemachine.data.caching.enabled = true (custom)
2019-10-07 23:32:00,034 [pool-403-thread-1] INFO  server.RaftServerConfigKeys (ConfUtils.java:logGet(43)) - raft.server.log.statemachine.data.caching.enabled = true (custom)
2019-10-07 23:32:00,034 [pool-393-thread-1] INFO  segmented.SegmentedRaftLogWorker (SegmentedRaftLogWorker.java:lambda$new$0(128)) - 57c86727-38c9-4594-987b-cd5bf82b207d@group-7B1A4F02BB5C-SegmentedRaftLogWorker: flushIndex: setUnconditionally 0 -> -1
2019-10-07 23:32:00,034 [pool-383-thread-1] INFO  impl.RaftServerImpl (RaftServerImpl.java:start(181)) - f6cf535b-0e7e-49fb-ad18-0fd5e9f0c404@group-7B1A4F02BB5C: start as a follower, conf=-1: [f6cf535b-0e7e-49fb-ad18-0fd5e9f0c404:192.168.151.75:37994, 4fb48f8d-81e9-4f66-86fb-c7726dd48448:192.168.151.75:34336, 57c86727-38c9-4594-987b-cd5bf82b207d:192.168.151.75:39882], old=null
2019-10-07 23:32:00,034 [pool-403-thread-1] INFO  segmented.SegmentedRaftLogWorker (SegmentedRaftLogWorker.java:lambda$new$0(128)) - 4fb48f8d-81e9-4f66-86fb-c7726dd48448@group-7B1A4F02BB5C-SegmentedRaftLogWorker: flushIndex: setUnconditionally 0 -> -1
2019-10-07 23:32:00,034 [pool-383-thread-1] INFO  impl.RaftServerImpl (RaftServerImpl.java:setRole(170)) - f6cf535b-0e7e-49fb-ad18-0fd5e9f0c404@group-7B1A4F02BB5C: changes role from      null to FOLLOWER at term 0 for startAsFollower
2019-10-07 23:32:00,034 [pool-393-thread-1] INFO  server.RaftServerConfigKeys (ConfUtils.java:logGet(43)) - raft.server.snapshot.auto.trigger.enabled = true (custom)
2019-10-07 23:32:00,035 [pool-383-thread-1] INFO  impl.RoleInfo (RoleInfo.java:updateAndGet(143)) - f6cf535b-0e7e-49fb-ad18-0fd5e9f0c404: start FollowerState
2019-10-07 23:32:00,035 [pool-403-thread-1] INFO  server.RaftServerConfigKeys (ConfUtils.java:logGet(43)) - raft.server.snapshot.auto.trigger.enabled = true (custom)
2019-10-07 23:32:00,035 [pool-393-thread-1] INFO  server.RaftServerConfigKeys (ConfUtils.java:logGet(43)) - raft.server.snapshot.auto.trigger.threshold = 10000 (custom)
2019-10-07 23:32:00,035 [pool-403-thread-1] INFO  server.RaftServerConfigKeys (ConfUtils.java:logGet(43)) - raft.server.snapshot.auto.trigger.threshold = 10000 (custom)
2019-10-07 23:32:00,035 [pool-383-thread-1] INFO  util.JmxRegister (JmxRegister.java:tryRegister(44)) - Successfully registered JMX Bean with object name Ratis:service=RaftServer,group=group-7B1A4F02BB5C,id=f6cf535b-0e7e-49fb-ad18-0fd5e9f0c404
2019-10-07 23:32:00,035 [pool-393-thread-1] INFO  server.RaftServerConfigKeys (ConfUtils.java:logGet(43)) - raft.server.snapshot.retention.file.num = 5 (custom)
2019-10-07 23:32:00,035 [pool-403-thread-1] INFO  server.RaftServerConfigKeys (ConfUtils.java:logGet(43)) - raft.server.snapshot.retention.file.num = 5 (custom)
2019-10-07 23:32:00,035 [pool-393-thread-1] INFO  server.RaftServerConfigKeys (ConfUtils.java:logGet(43)) - raft.server.retrycache.expirytime = 600000ms (custom)
2019-10-07 23:32:00,036 [pool-403-thread-1] INFO  server.RaftServerConfigKeys (ConfUtils.java:logGet(43)) - raft.server.retrycache.expirytime = 600000ms (custom)
2019-10-07 23:32:00,039 [pool-393-thread-1] INFO  impl.RaftServerImpl (RaftServerImpl.java:start(181)) - 57c86727-38c9-4594-987b-cd5bf82b207d@group-7B1A4F02BB5C: start as a follower, conf=-1: [f6cf535b-0e7e-49fb-ad18-0fd5e9f0c404:192.168.151.75:37994, 4fb48f8d-81e9-4f66-86fb-c7726dd48448:192.168.151.75:34336, 57c86727-38c9-4594-987b-cd5bf82b207d:192.168.151.75:39882], old=null
2019-10-07 23:32:00,039 [pool-393-thread-1] INFO  impl.RaftServerImpl (RaftServerImpl.java:setRole(170)) - 57c86727-38c9-4594-987b-cd5bf82b207d@group-7B1A4F02BB5C: changes role from      null to FOLLOWER at term 0 for startAsFollower
2019-10-07 23:32:00,039 [pool-393-thread-1] INFO  impl.RoleInfo (RoleInfo.java:updateAndGet(143)) - 57c86727-38c9-4594-987b-cd5bf82b207d: start FollowerState
2019-10-07 23:32:00,039 [pool-403-thread-1] INFO  impl.RaftServerImpl (RaftServerImpl.java:start(181)) - 4fb48f8d-81e9-4f66-86fb-c7726dd48448@group-7B1A4F02BB5C: start as a follower, conf=-1: [f6cf535b-0e7e-49fb-ad18-0fd5e9f0c404:192.168.151.75:37994, 4fb48f8d-81e9-4f66-86fb-c7726dd48448:192.168.151.75:34336, 57c86727-38c9-4594-987b-cd5bf82b207d:192.168.151.75:39882], old=null
2019-10-07 23:32:00,039 [pool-403-thread-1] INFO  impl.RaftServerImpl (RaftServerImpl.java:setRole(170)) - 4fb48f8d-81e9-4f66-86fb-c7726dd48448@group-7B1A4F02BB5C: changes role from      null to FOLLOWER at term 0 for startAsFollower
2019-10-07 23:32:00,039 [pool-393-thread-1] INFO  util.JmxRegister (JmxRegister.java:tryRegister(44)) - Successfully registered JMX Bean with object name Ratis:service=RaftServer,group=group-7B1A4F02BB5C,id=57c86727-38c9-4594-987b-cd5bf82b207d
2019-10-07 23:32:00,039 [pool-403-thread-1] INFO  impl.RoleInfo (RoleInfo.java:updateAndGet(143)) - 4fb48f8d-81e9-4f66-86fb-c7726dd48448: start FollowerState
2019-10-07 23:32:00,040 [pool-403-thread-1] INFO  util.JmxRegister (JmxRegister.java:tryRegister(44)) - Successfully registered JMX Bean with object name Ratis:service=RaftServer,group=group-7B1A4F02BB5C,id=4fb48f8d-81e9-4f66-86fb-c7726dd48448
2019-10-07 23:32:00,043 [RatisPipelineUtilsThread] INFO  pipeline.PipelineStateManager (PipelineStateManager.java:addPipeline(57)) - Created pipeline Pipeline[ Id: 4344d769-ff68-4873-be6f-7b1a4f02bb5c, Nodes: 4fb48f8d-81e9-4f66-86fb-c7726dd48448{ip: 192.168.151.75, host: pr-hdds-1868-k864b-3611000933, networkLocation: /default-rack, certSerialId: null}57c86727-38c9-4594-987b-cd5bf82b207d{ip: 192.168.151.75, host: pr-hdds-1868-k864b-3611000933, networkLocation: /default-rack, certSerialId: null}f6cf535b-0e7e-49fb-ad18-0fd5e9f0c404{ip: 192.168.151.75, host: pr-hdds-1868-k864b-3611000933, networkLocation: /default-rack, certSerialId: null}, Type:RATIS, Factor:THREE, State:ALLOCATED]
2019-10-07 23:32:00,071 [IPC Server handler 2 on 40965] INFO  net.NetworkTopology (NetworkTopologyImpl.java:add(111)) - Added a new node: /default-rack/c5ad0c37-429e-4687-981a-4ed62e267729
2019-10-07 23:32:00,071 [IPC Server handler 2 on 40965] INFO  node.SCMNodeManager (SCMNodeManager.java:register(268)) - Registered Data node : c5ad0c37-429e-4687-981a-4ed62e267729{ip: 192.168.151.75, host: pr-hdds-1868-k864b-3611000933, networkLocation: /default-rack, certSerialId: null}
2019-10-07 23:32:00,080 [grpc-default-executor-2] INFO  impl.RaftServerProxy (RaftServerProxy.java:addNew(89)) - c5ad0c37-429e-4687-981a-4ed62e267729: addNew group-65FD62AD0BAA:[c5ad0c37-429e-4687-981a-4ed62e267729:192.168.151.75:35930] returns group-65FD62AD0BAA:java.util.concurrent.CompletableFuture@39717790[Not completed]
2019-10-07 23:32:00,081 [pool-413-thread-1] INFO  impl.RaftServerImpl (RaftServerImpl.java:<init>(95)) - c5ad0c37-429e-4687-981a-4ed62e267729: new RaftServerImpl for group-65FD62AD0BAA:[c5ad0c37-429e-4687-981a-4ed62e267729:192.168.151.75:35930] with ContainerStateMachine:uninitialized
2019-10-07 23:32:00,081 [pool-413-thread-1] INFO  server.RaftServerConfigKeys (ConfUtils.java:logGet(43)) - raft.server.rpc.timeout.min = 5s (custom)
2019-10-07 23:32:00,081 [pool-413-thread-1] INFO  server.RaftServerConfigKeys (ConfUtils.java:logGet(43)) - raft.server.rpc.timeout.max = 5200ms (custom)
2019-10-07 23:32:00,081 [pool-413-thread-1] INFO  server.RaftServerConfigKeys (ConfUtils.java:logGet(43)) - raft.server.rpcslowness.timeout = 120s (custom)
2019-10-07 23:32:00,082 [pool-413-thread-1] INFO  server.RaftServerConfigKeys (ConfUtils.java:logGet(43)) - raft.server.sleep.deviation.threshold = 300 (default)
2019-10-07 23:32:00,082 [pool-413-thread-1] INFO  server.RaftServerConfigKeys (ConfUtils.java:logGet(43)) - raft.server.log.appender.install.snapshot.enabled = false (custom)
2019-10-07 23:32:00,082 [pool-413-thread-1] INFO  impl.RaftServerImpl (ServerState.java:<init>(103)) - c5ad0c37-429e-4687-981a-4ed62e267729@group-65FD62AD0BAA: ConfigurationManager, init=-1: [c5ad0c37-429e-4687-981a-4ed62e267729:192.168.151.75:35930], old=null, confs=<EMPTY_MAP>
2019-10-07 23:32:00,082 [pool-413-thread-1] INFO  server.RaftServerConfigKeys (ConfUtils.java:logGet(43)) - raft.server.storage.dir = [/workdir/hadoop-ozone/integration-test/target/test-dir/MiniOzoneClusterImpl-352333b8-4a53-463e-b611-0484fc381049/datanode-3/data/ratis] (custom)
2019-10-07 23:32:00,082 [pool-413-thread-1] INFO  server.RaftServerConfigKeys (ConfUtils.java:logGet(43)) - raft.server.log.corruption.policy = EXCEPTION (default)
2019-10-07 23:32:00,082 [pool-413-thread-1] INFO  storage.RaftStorageDirectory (RaftStorageDirectory.java:analyzeStorage(246)) - The storage directory /workdir/hadoop-ozone/integration-test/target/test-dir/MiniOzoneClusterImpl-352333b8-4a53-463e-b611-0484fc381049/datanode-3/data/ratis/bec5cfae-a9e4-4862-b795-65fd62ad0baa does not exist. Creating ...
2019-10-07 23:32:00,086 [pool-413-thread-1] INFO  storage.RaftStorageDirectory (RaftStorageDirectory.java:tryLock(328)) - Lock on /workdir/hadoop-ozone/integration-test/target/test-dir/MiniOzoneClusterImpl-352333b8-4a53-463e-b611-0484fc381049/datanode-3/data/ratis/bec5cfae-a9e4-4862-b795-65fd62ad0baa/in_use.lock acquired by nodename 21128@pr-hdds-1868-k864b-3611000933
2019-10-07 23:32:00,114 [pool-413-thread-1] INFO  storage.RaftStorage (RaftStorage.java:format(84)) - Storage directory /workdir/hadoop-ozone/integration-test/target/test-dir/MiniOzoneClusterImpl-352333b8-4a53-463e-b611-0484fc381049/datanode-3/data/ratis/bec5cfae-a9e4-4862-b795-65fd62ad0baa has been successfully formatted.
2019-10-07 23:32:00,114 [pool-413-thread-1] INFO  ratis.ContainerStateMachine (ContainerStateMachine.java:loadSnapshot(233)) - group-65FD62AD0BAA: The snapshot info is null. Setting the last applied indexto:(t:0, i:~)
2019-10-07 23:32:00,114 [pool-413-thread-1] INFO  server.RaftServerConfigKeys (ConfUtils.java:logGet(43)) - raft.server.notification.no-leader.timeout = 120s (custom)
2019-10-07 23:32:00,114 [pool-413-thread-1] INFO  server.RaftServerConfigKeys (ConfUtils.java:logGet(43)) - raft.server.log.use.memory = false (default)
2019-10-07 23:32:00,114 [pool-413-thread-1] INFO  server.RaftServerConfigKeys (ConfUtils.java:logGet(43)) - raft.server.log.purge.gap = 1000000 (custom)
2019-10-07 23:32:00,114 [pool-413-thread-1] INFO  server.RaftServerConfigKeys (ConfUtils.java:logGet(43)) - raft.server.log.appender.buffer.byte-limit = 33554432 (custom)
2019-10-07 23:32:00,115 [pool-413-thread-1] INFO  server.RaftServerConfigKeys (ConfUtils.java:logGet(43)) - raft.server.log.segment.size.max = 1048576 (custom)
2019-10-07 23:32:00,116 [pool-413-thread-1] INFO  server.RaftServerConfigKeys (ConfUtils.java:logGet(43)) - raft.server.log.segment.cache.num.max = 2 (custom)
2019-10-07 23:32:00,116 [pool-413-thread-1] INFO  segmented.SegmentedRaftLogWorker (SegmentedRaftLogWorker.java:<init>(173)) - new c5ad0c37-429e-4687-981a-4ed62e267729@group-65FD62AD0BAA-SegmentedRaftLogWorker for RaftStorage:Storage Directory /workdir/hadoop-ozone/integration-test/target/test-dir/MiniOzoneClusterImpl-352333b8-4a53-463e-b611-0484fc381049/datanode-3/data/ratis/bec5cfae-a9e4-4862-b795-65fd62ad0baa
2019-10-07 23:32:00,116 [pool-413-thread-1] INFO  server.RaftServerConfigKeys (ConfUtils.java:logGet(43)) - raft.server.log.queue.byte-limit = 2147483647 (custom)
2019-10-07 23:32:00,116 [pool-413-thread-1] INFO  server.RaftServerConfigKeys (ConfUtils.java:logGet(43)) - raft.server.log.queue.element-limit = 1024 (custom)
2019-10-07 23:32:00,117 [pool-413-thread-1] INFO  server.RaftServerConfigKeys (ConfUtils.java:logGet(43)) - raft.server.log.segment.size.max = 1048576 (custom)
2019-10-07 23:32:00,117 [pool-413-thread-1] INFO  server.RaftServerConfigKeys (ConfUtils.java:logGet(43)) - raft.server.log.preallocated.size = 16384 (custom)
2019-10-07 23:32:00,117 [pool-413-thread-1] INFO  server.RaftServerConfigKeys (ConfUtils.java:logGet(43)) - raft.server.log.write.buffer.size = 33554432 (custom)
2019-10-07 23:32:00,117 [pool-413-thread-1] INFO  server.RaftServerConfigKeys (ConfUtils.java:logGet(43)) - raft.server.log.force.sync.num = 128 (default)
2019-10-07 23:32:00,117 [pool-413-thread-1] INFO  server.RaftServerConfigKeys (ConfUtils.java:logGet(43)) - raft.server.log.statemachine.data.sync = true (default)
2019-10-07 23:32:00,117 [pool-413-thread-1] INFO  server.RaftServerConfigKeys (ConfUtils.java:logGet(43)) - raft.server.log.statemachine.data.sync.timeout = 10s (default)
2019-10-07 23:32:00,117 [pool-413-thread-1] INFO  server.RaftServerConfigKeys (ConfUtils.java:logGet(43)) - raft.server.log.statemachine.data.sync.timeout.retry = -1 (default)
2019-10-07 23:32:00,118 [pool-413-thread-1] INFO  server.RaftServerConfigKeys (ConfUtils.java:logGet(43)) - raft.server.log.statemachine.data.caching.enabled = true (custom)
2019-10-07 23:32:00,118 [pool-413-thread-1] INFO  segmented.SegmentedRaftLogWorker (SegmentedRaftLogWorker.java:lambda$new$0(128)) - c5ad0c37-429e-4687-981a-4ed62e267729@group-65FD62AD0BAA-SegmentedRaftLogWorker: flushIndex: setUnconditionally 0 -> -1
2019-10-07 23:32:00,118 [pool-413-thread-1] INFO  server.RaftServerConfigKeys (ConfUtils.java:logGet(43)) - raft.server.snapshot.auto.trigger.enabled = true (custom)
2019-10-07 23:32:00,118 [pool-413-thread-1] INFO  server.RaftServerConfigKeys (ConfUtils.java:logGet(43)) - raft.server.snapshot.auto.trigger.threshold = 10000 (custom)
2019-10-07 23:32:00,119 [pool-413-thread-1] INFO  server.RaftServerConfigKeys (ConfUtils.java:logGet(43)) - raft.server.snapshot.retention.file.num = 5 (custom)
2019-10-07 23:32:00,119 [pool-413-thread-1] INFO  server.RaftServerConfigKeys (ConfUtils.java:logGet(43)) - raft.server.retrycache.expirytime = 600000ms (custom)
2019-10-07 23:32:00,120 [pool-413-thread-1] INFO  impl.RaftServerImpl (RaftServerImpl.java:start(181)) - c5ad0c37-429e-4687-981a-4ed62e267729@group-65FD62AD0BAA: start as a follower, conf=-1: [c5ad0c37-429e-4687-981a-4ed62e267729:192.168.151.75:35930], old=null
2019-10-07 23:32:00,120 [pool-413-thread-1] INFO  impl.RaftServerImpl (RaftServerImpl.java:setRole(170)) - c5ad0c37-429e-4687-981a-4ed62e267729@group-65FD62AD0BAA: changes role from      null to FOLLOWER at term 0 for startAsFollower
2019-10-07 23:32:00,120 [pool-413-thread-1] INFO  impl.RoleInfo (RoleInfo.java:updateAndGet(143)) - c5ad0c37-429e-4687-981a-4ed62e267729: start FollowerState
2019-10-07 23:32:00,121 [pool-413-thread-1] INFO  util.JmxRegister (JmxRegister.java:tryRegister(44)) - Successfully registered JMX Bean with object name Ratis:service=RaftServer,group=group-65FD62AD0BAA,id=c5ad0c37-429e-4687-981a-4ed62e267729
2019-10-07 23:32:00,125 [RatisPipelineUtilsThread] INFO  pipeline.PipelineStateManager (PipelineStateManager.java:addPipeline(57)) - Created pipeline Pipeline[ Id: bec5cfae-a9e4-4862-b795-65fd62ad0baa, Nodes: c5ad0c37-429e-4687-981a-4ed62e267729{ip: 192.168.151.75, host: pr-hdds-1868-k864b-3611000933, networkLocation: /default-rack, certSerialId: null}, Type:RATIS, Factor:ONE, State:ALLOCATED]
2019-10-07 23:32:00,203 [IPC Server handler 5 on 40965] INFO  net.NetworkTopology (NetworkTopologyImpl.java:add(111)) - Added a new node: /default-rack/0762d526-f4f4-4a47-8e0a-da1a15343f7f
2019-10-07 23:32:00,203 [IPC Server handler 5 on 40965] INFO  node.SCMNodeManager (SCMNodeManager.java:register(268)) - Registered Data node : 0762d526-f4f4-4a47-8e0a-da1a15343f7f{ip: 192.168.151.75, host: pr-hdds-1868-k864b-3611000933, networkLocation: /default-rack, certSerialId: null}
2019-10-07 23:32:00,212 [grpc-default-executor-2] INFO  impl.RaftServerProxy (RaftServerProxy.java:addNew(89)) - 0762d526-f4f4-4a47-8e0a-da1a15343f7f: addNew group-926F929A6A81:[0762d526-f4f4-4a47-8e0a-da1a15343f7f:192.168.151.75:44064] returns group-926F929A6A81:java.util.concurrent.CompletableFuture@71d12983[Not completed]
2019-10-07 23:32:00,213 [pool-423-thread-1] INFO  impl.RaftServerImpl (RaftServerImpl.java:<init>(95)) - 0762d526-f4f4-4a47-8e0a-da1a15343f7f: new RaftServerImpl for group-926F929A6A81:[0762d526-f4f4-4a47-8e0a-da1a15343f7f:192.168.151.75:44064] with ContainerStateMachine:uninitialized
2019-10-07 23:32:00,213 [pool-423-thread-1] INFO  server.RaftServerConfigKeys (ConfUtils.java:logGet(43)) - raft.server.rpc.timeout.min = 5s (custom)
2019-10-07 23:32:00,214 [pool-423-thread-1] INFO  server.RaftServerConfigKeys (ConfUtils.java:logGet(43)) - raft.server.rpc.timeout.max = 5200ms (custom)
2019-10-07 23:32:00,214 [pool-423-thread-1] INFO  server.RaftServerConfigKeys (ConfUtils.java:logGet(43)) - raft.server.rpcslowness.timeout = 120s (custom)
2019-10-07 23:32:00,214 [pool-423-thread-1] INFO  server.RaftServerConfigKeys (ConfUtils.java:logGet(43)) - raft.server.sleep.deviation.threshold = 300 (default)
2019-10-07 23:32:00,214 [pool-423-thread-1] INFO  server.RaftServerConfigKeys (ConfUtils.java:logGet(43)) - raft.server.log.appender.install.snapshot.enabled = false (custom)
2019-10-07 23:32:00,214 [pool-423-thread-1] INFO  impl.RaftServerImpl (ServerState.java:<init>(103)) - 0762d526-f4f4-4a47-8e0a-da1a15343f7f@group-926F929A6A81: ConfigurationManager, init=-1: [0762d526-f4f4-4a47-8e0a-da1a15343f7f:192.168.151.75:44064], old=null, confs=<EMPTY_MAP>
2019-10-07 23:32:00,214 [pool-423-thread-1] INFO  server.RaftServerConfigKeys (ConfUtils.java:logGet(43)) - raft.server.storage.dir = [/workdir/hadoop-ozone/integration-test/target/test-dir/MiniOzoneClusterImpl-352333b8-4a53-463e-b611-0484fc381049/datanode-4/data/ratis] (custom)
2019-10-07 23:32:00,215 [pool-423-thread-1] INFO  server.RaftServerConfigKeys (ConfUtils.java:logGet(43)) - raft.server.log.corruption.policy = EXCEPTION (default)
2019-10-07 23:32:00,215 [pool-423-thread-1] INFO  storage.RaftStorageDirectory (RaftStorageDirectory.java:analyzeStorage(246)) - The storage directory /workdir/hadoop-ozone/integration-test/target/test-dir/MiniOzoneClusterImpl-352333b8-4a53-463e-b611-0484fc381049/datanode-4/data/ratis/b4bec262-45d6-439f-9e45-926f929a6a81 does not exist. Creating ...
2019-10-07 23:32:00,236 [pool-423-thread-1] INFO  storage.RaftStorageDirectory (RaftStorageDirectory.java:tryLock(328)) - Lock on /workdir/hadoop-ozone/integration-test/target/test-dir/MiniOzoneClusterImpl-352333b8-4a53-463e-b611-0484fc381049/datanode-4/data/ratis/b4bec262-45d6-439f-9e45-926f929a6a81/in_use.lock acquired by nodename 21128@pr-hdds-1868-k864b-3611000933
2019-10-07 23:32:00,248 [grpc-default-executor-5] WARN  server.GrpcLogAppender (LogUtils.java:warn(134)) - 1757d5fa-a161-4c0a-b504-ed724002c805@group-C837915B9584->71fe9c48-ef70-445b-89d4-550c4f010b84-AppendLogResponseHandler: Failed appendEntries: org.apache.ratis.thirdparty.io.grpc.StatusRuntimeException: UNAVAILABLE: io exception
2019-10-07 23:32:00,248 [grpc-default-executor-7] WARN  server.GrpcLogAppender (LogUtils.java:warn(134)) - 1757d5fa-a161-4c0a-b504-ed724002c805@group-C837915B9584->51a40bca-cd4b-4fd1-b3a8-cd441e83375c-AppendLogResponseHandler: Failed appendEntries: org.apache.ratis.thirdparty.io.grpc.StatusRuntimeException: UNAVAILABLE: io exception
2019-10-07 23:32:00,248 [grpc-default-executor-5] INFO  impl.FollowerInfo (FollowerInfo.java:lambda$new$0(51)) - 1757d5fa-a161-4c0a-b504-ed724002c805@group-C837915B9584->71fe9c48-ef70-445b-89d4-550c4f010b84: nextIndex: updateUnconditionally 0 -> 0
2019-10-07 23:32:00,248 [grpc-default-executor-7] INFO  impl.FollowerInfo (FollowerInfo.java:lambda$new$0(51)) - 1757d5fa-a161-4c0a-b504-ed724002c805@group-C837915B9584->51a40bca-cd4b-4fd1-b3a8-cd441e83375c: nextIndex: updateUnconditionally 0 -> 0
2019-10-07 23:32:00,249 [pool-423-thread-1] INFO  storage.RaftStorage (RaftStorage.java:format(84)) - Storage directory /workdir/hadoop-ozone/integration-test/target/test-dir/MiniOzoneClusterImpl-352333b8-4a53-463e-b611-0484fc381049/datanode-4/data/ratis/b4bec262-45d6-439f-9e45-926f929a6a81 has been successfully formatted.
2019-10-07 23:32:00,249 [pool-423-thread-1] INFO  ratis.ContainerStateMachine (ContainerStateMachine.java:loadSnapshot(233)) - group-926F929A6A81: The snapshot info is null. Setting the last applied indexto:(t:0, i:~)
2019-10-07 23:32:00,249 [pool-423-thread-1] INFO  server.RaftServerConfigKeys (ConfUtils.java:logGet(43)) - raft.server.notification.no-leader.timeout = 120s (custom)
2019-10-07 23:32:00,249 [pool-423-thread-1] INFO  server.RaftServerConfigKeys (ConfUtils.java:logGet(43)) - raft.server.log.use.memory = false (default)
2019-10-07 23:32:00,249 [pool-423-thread-1] INFO  server.RaftServerConfigKeys (ConfUtils.java:logGet(43)) - raft.server.log.purge.gap = 1000000 (custom)
2019-10-07 23:32:00,249 [pool-423-thread-1] INFO  server.RaftServerConfigKeys (ConfUtils.java:logGet(43)) - raft.server.log.appender.buffer.byte-limit = 33554432 (custom)
2019-10-07 23:32:00,250 [pool-423-thread-1] INFO  server.RaftServerConfigKeys (ConfUtils.java:logGet(43)) - raft.server.log.segment.size.max = 1048576 (custom)
2019-10-07 23:32:00,251 [pool-423-thread-1] INFO  server.RaftServerConfigKeys (ConfUtils.java:logGet(43)) - raft.server.log.segment.cache.num.max = 2 (custom)
2019-10-07 23:32:00,251 [pool-423-thread-1] INFO  segmented.SegmentedRaftLogWorker (SegmentedRaftLogWorker.java:<init>(173)) - new 0762d526-f4f4-4a47-8e0a-da1a15343f7f@group-926F929A6A81-SegmentedRaftLogWorker for RaftStorage:Storage Directory /workdir/hadoop-ozone/integration-test/target/test-dir/MiniOzoneClusterImpl-352333b8-4a53-463e-b611-0484fc381049/datanode-4/data/ratis/b4bec262-45d6-439f-9e45-926f929a6a81
2019-10-07 23:32:00,251 [pool-423-thread-1] INFO  server.RaftServerConfigKeys (ConfUtils.java:logGet(43)) - raft.server.log.queue.byte-limit = 2147483647 (custom)
2019-10-07 23:32:00,252 [pool-423-thread-1] INFO  server.RaftServerConfigKeys (ConfUtils.java:logGet(43)) - raft.server.log.queue.element-limit = 1024 (custom)
2019-10-07 23:32:00,252 [pool-423-thread-1] INFO  server.RaftServerConfigKeys (ConfUtils.java:logGet(43)) - raft.server.log.segment.size.max = 1048576 (custom)
2019-10-07 23:32:00,252 [pool-423-thread-1] INFO  server.RaftServerConfigKeys (ConfUtils.java:logGet(43)) - raft.server.log.preallocated.size = 16384 (custom)
2019-10-07 23:32:00,252 [pool-423-thread-1] INFO  server.RaftServerConfigKeys (ConfUtils.java:logGet(43)) - raft.server.log.write.buffer.size = 33554432 (custom)
2019-10-07 23:32:00,252 [pool-423-thread-1] INFO  server.RaftServerConfigKeys (ConfUtils.java:logGet(43)) - raft.server.log.force.sync.num = 128 (default)
2019-10-07 23:32:00,252 [pool-423-thread-1] INFO  server.RaftServerConfigKeys (ConfUtils.java:logGet(43)) - raft.server.log.statemachine.data.sync = true (default)
2019-10-07 23:32:00,252 [pool-423-thread-1] INFO  server.RaftServerConfigKeys (ConfUtils.java:logGet(43)) - raft.server.log.statemachine.data.sync.timeout = 10s (default)
2019-10-07 23:32:00,253 [pool-423-thread-1] INFO  server.RaftServerConfigKeys (ConfUtils.java:logGet(43)) - raft.server.log.statemachine.data.sync.timeout.retry = -1 (default)
2019-10-07 23:32:00,253 [pool-423-thread-1] INFO  server.RaftServerConfigKeys (ConfUtils.java:logGet(43)) - raft.server.log.statemachine.data.caching.enabled = true (custom)
2019-10-07 23:32:00,253 [pool-423-thread-1] INFO  segmented.SegmentedRaftLogWorker (SegmentedRaftLogWorker.java:lambda$new$0(128)) - 0762d526-f4f4-4a47-8e0a-da1a15343f7f@group-926F929A6A81-SegmentedRaftLogWorker: flushIndex: setUnconditionally 0 -> -1
2019-10-07 23:32:00,254 [pool-423-thread-1] INFO  server.RaftServerConfigKeys (ConfUtils.java:logGet(43)) - raft.server.snapshot.auto.trigger.enabled = true (custom)
2019-10-07 23:32:00,254 [pool-423-thread-1] INFO  server.RaftServerConfigKeys (ConfUtils.java:logGet(43)) - raft.server.snapshot.auto.trigger.threshold = 10000 (custom)
2019-10-07 23:32:00,254 [pool-423-thread-1] INFO  server.RaftServerConfigKeys (ConfUtils.java:logGet(43)) - raft.server.snapshot.retention.file.num = 5 (custom)
2019-10-07 23:32:00,254 [pool-423-thread-1] INFO  server.RaftServerConfigKeys (ConfUtils.java:logGet(43)) - raft.server.retrycache.expirytime = 600000ms (custom)
2019-10-07 23:32:00,256 [pool-423-thread-1] INFO  impl.RaftServerImpl (RaftServerImpl.java:start(181)) - 0762d526-f4f4-4a47-8e0a-da1a15343f7f@group-926F929A6A81: start as a follower, conf=-1: [0762d526-f4f4-4a47-8e0a-da1a15343f7f:192.168.151.75:44064], old=null
2019-10-07 23:32:00,256 [pool-423-thread-1] INFO  impl.RaftServerImpl (RaftServerImpl.java:setRole(170)) - 0762d526-f4f4-4a47-8e0a-da1a15343f7f@group-926F929A6A81: changes role from      null to FOLLOWER at term 0 for startAsFollower
2019-10-07 23:32:00,256 [pool-423-thread-1] INFO  impl.RoleInfo (RoleInfo.java:updateAndGet(143)) - 0762d526-f4f4-4a47-8e0a-da1a15343f7f: start FollowerState
2019-10-07 23:32:00,256 [pool-423-thread-1] INFO  util.JmxRegister (JmxRegister.java:tryRegister(44)) - Successfully registered JMX Bean with object name Ratis:service=RaftServer,group=group-926F929A6A81,id=0762d526-f4f4-4a47-8e0a-da1a15343f7f
2019-10-07 23:32:00,260 [RatisPipelineUtilsThread] INFO  pipeline.PipelineStateManager (PipelineStateManager.java:addPipeline(57)) - Created pipeline Pipeline[ Id: b4bec262-45d6-439f-9e45-926f929a6a81, Nodes: 0762d526-f4f4-4a47-8e0a-da1a15343f7f{ip: 192.168.151.75, host: pr-hdds-1868-k864b-3611000933, networkLocation: /default-rack, certSerialId: null}, Type:RATIS, Factor:ONE, State:ALLOCATED]
2019-10-07 23:32:00,329 [IPC Server handler 1 on 40965] INFO  net.NetworkTopology (NetworkTopologyImpl.java:add(111)) - Added a new node: /default-rack/419a2258-246e-4ffa-9dbd-67c7614db87a
2019-10-07 23:32:00,329 [IPC Server handler 1 on 40965] INFO  node.SCMNodeManager (SCMNodeManager.java:register(268)) - Registered Data node : 419a2258-246e-4ffa-9dbd-67c7614db87a{ip: 192.168.151.75, host: pr-hdds-1868-k864b-3611000933, networkLocation: /default-rack, certSerialId: null}
2019-10-07 23:32:00,338 [grpc-default-executor-7] INFO  impl.RaftServerProxy (RaftServerProxy.java:addNew(89)) - 419a2258-246e-4ffa-9dbd-67c7614db87a: addNew group-A331D567755A:[419a2258-246e-4ffa-9dbd-67c7614db87a:192.168.151.75:44520] returns group-A331D567755A:java.util.concurrent.CompletableFuture@4a86c7ec[Not completed]
2019-10-07 23:32:00,339 [pool-433-thread-1] INFO  impl.RaftServerImpl (RaftServerImpl.java:<init>(95)) - 419a2258-246e-4ffa-9dbd-67c7614db87a: new RaftServerImpl for group-A331D567755A:[419a2258-246e-4ffa-9dbd-67c7614db87a:192.168.151.75:44520] with ContainerStateMachine:uninitialized
2019-10-07 23:32:00,339 [pool-433-thread-1] INFO  server.RaftServerConfigKeys (ConfUtils.java:logGet(43)) - raft.server.rpc.timeout.min = 5s (custom)
2019-10-07 23:32:00,339 [pool-433-thread-1] INFO  server.RaftServerConfigKeys (ConfUtils.java:logGet(43)) - raft.server.rpc.timeout.max = 5200ms (custom)
2019-10-07 23:32:00,339 [pool-433-thread-1] INFO  server.RaftServerConfigKeys (ConfUtils.java:logGet(43)) - raft.server.rpcslowness.timeout = 120s (custom)
2019-10-07 23:32:00,340 [pool-433-thread-1] INFO  server.RaftServerConfigKeys (ConfUtils.java:logGet(43)) - raft.server.sleep.deviation.threshold = 300 (default)
2019-10-07 23:32:00,340 [pool-433-thread-1] INFO  server.RaftServerConfigKeys (ConfUtils.java:logGet(43)) - raft.server.log.appender.install.snapshot.enabled = false (custom)
2019-10-07 23:32:00,340 [pool-433-thread-1] INFO  impl.RaftServerImpl (ServerState.java:<init>(103)) - 419a2258-246e-4ffa-9dbd-67c7614db87a@group-A331D567755A: ConfigurationManager, init=-1: [419a2258-246e-4ffa-9dbd-67c7614db87a:192.168.151.75:44520], old=null, confs=<EMPTY_MAP>
2019-10-07 23:32:00,340 [pool-433-thread-1] INFO  server.RaftServerConfigKeys (ConfUtils.java:logGet(43)) - raft.server.storage.dir = [/workdir/hadoop-ozone/integration-test/target/test-dir/MiniOzoneClusterImpl-352333b8-4a53-463e-b611-0484fc381049/datanode-5/data/ratis] (custom)
2019-10-07 23:32:00,340 [pool-433-thread-1] INFO  server.RaftServerConfigKeys (ConfUtils.java:logGet(43)) - raft.server.log.corruption.policy = EXCEPTION (default)
2019-10-07 23:32:00,341 [pool-433-thread-1] INFO  storage.RaftStorageDirectory (RaftStorageDirectory.java:analyzeStorage(246)) - The storage directory /workdir/hadoop-ozone/integration-test/target/test-dir/MiniOzoneClusterImpl-352333b8-4a53-463e-b611-0484fc381049/datanode-5/data/ratis/0b200638-f6ed-49a5-8781-a331d567755a does not exist. Creating ...
2019-10-07 23:32:00,353 [pool-433-thread-1] INFO  storage.RaftStorageDirectory (RaftStorageDirectory.java:tryLock(328)) - Lock on /workdir/hadoop-ozone/integration-test/target/test-dir/MiniOzoneClusterImpl-352333b8-4a53-463e-b611-0484fc381049/datanode-5/data/ratis/0b200638-f6ed-49a5-8781-a331d567755a/in_use.lock acquired by nodename 21128@pr-hdds-1868-k864b-3611000933
2019-10-07 23:32:00,366 [pool-433-thread-1] INFO  storage.RaftStorage (RaftStorage.java:format(84)) - Storage directory /workdir/hadoop-ozone/integration-test/target/test-dir/MiniOzoneClusterImpl-352333b8-4a53-463e-b611-0484fc381049/datanode-5/data/ratis/0b200638-f6ed-49a5-8781-a331d567755a has been successfully formatted.
2019-10-07 23:32:00,366 [pool-433-thread-1] INFO  ratis.ContainerStateMachine (ContainerStateMachine.java:loadSnapshot(233)) - group-A331D567755A: The snapshot info is null. Setting the last applied indexto:(t:0, i:~)
2019-10-07 23:32:00,366 [pool-433-thread-1] INFO  server.RaftServerConfigKeys (ConfUtils.java:logGet(43)) - raft.server.notification.no-leader.timeout = 120s (custom)
2019-10-07 23:32:00,366 [pool-433-thread-1] INFO  server.RaftServerConfigKeys (ConfUtils.java:logGet(43)) - raft.server.log.use.memory = false (default)
2019-10-07 23:32:00,367 [pool-433-thread-1] INFO  server.RaftServerConfigKeys (ConfUtils.java:logGet(43)) - raft.server.log.purge.gap = 1000000 (custom)
2019-10-07 23:32:00,367 [pool-433-thread-1] INFO  server.RaftServerConfigKeys (ConfUtils.java:logGet(43)) - raft.server.log.appender.buffer.byte-limit = 33554432 (custom)
2019-10-07 23:32:00,367 [pool-433-thread-1] INFO  server.RaftServerConfigKeys (ConfUtils.java:logGet(43)) - raft.server.log.segment.size.max = 1048576 (custom)
2019-10-07 23:32:00,369 [pool-433-thread-1] INFO  server.RaftServerConfigKeys (ConfUtils.java:logGet(43)) - raft.server.log.segment.cache.num.max = 2 (custom)
2019-10-07 23:32:00,369 [pool-433-thread-1] INFO  segmented.SegmentedRaftLogWorker (SegmentedRaftLogWorker.java:<init>(173)) - new 419a2258-246e-4ffa-9dbd-67c7614db87a@group-A331D567755A-SegmentedRaftLogWorker for RaftStorage:Storage Directory /workdir/hadoop-ozone/integration-test/target/test-dir/MiniOzoneClusterImpl-352333b8-4a53-463e-b611-0484fc381049/datanode-5/data/ratis/0b200638-f6ed-49a5-8781-a331d567755a
2019-10-07 23:32:00,369 [pool-433-thread-1] INFO  server.RaftServerConfigKeys (ConfUtils.java:logGet(43)) - raft.server.log.queue.byte-limit = 2147483647 (custom)
2019-10-07 23:32:00,369 [pool-433-thread-1] INFO  server.RaftServerConfigKeys (ConfUtils.java:logGet(43)) - raft.server.log.queue.element-limit = 1024 (custom)
2019-10-07 23:32:00,369 [pool-433-thread-1] INFO  server.RaftServerConfigKeys (ConfUtils.java:logGet(43)) - raft.server.log.segment.size.max = 1048576 (custom)
2019-10-07 23:32:00,369 [pool-433-thread-1] INFO  server.RaftServerConfigKeys (ConfUtils.java:logGet(43)) - raft.server.log.preallocated.size = 16384 (custom)
2019-10-07 23:32:00,370 [pool-433-thread-1] INFO  server.RaftServerConfigKeys (ConfUtils.java:logGet(43)) - raft.server.log.write.buffer.size = 33554432 (custom)
2019-10-07 23:32:00,370 [pool-433-thread-1] INFO  server.RaftServerConfigKeys (ConfUtils.java:logGet(43)) - raft.server.log.force.sync.num = 128 (default)
2019-10-07 23:32:00,370 [pool-433-thread-1] INFO  server.RaftServerConfigKeys (ConfUtils.java:logGet(43)) - raft.server.log.statemachine.data.sync = true (default)
2019-10-07 23:32:00,370 [pool-433-thread-1] INFO  server.RaftServerConfigKeys (ConfUtils.java:logGet(43)) - raft.server.log.statemachine.data.sync.timeout = 10s (default)
2019-10-07 23:32:00,370 [pool-433-thread-1] INFO  server.RaftServerConfigKeys (ConfUtils.java:logGet(43)) - raft.server.log.statemachine.data.sync.timeout.retry = -1 (default)
2019-10-07 23:32:00,371 [pool-433-thread-1] INFO  server.RaftServerConfigKeys (ConfUtils.java:logGet(43)) - raft.server.log.statemachine.data.caching.enabled = true (custom)
2019-10-07 23:32:00,371 [pool-433-thread-1] INFO  segmented.SegmentedRaftLogWorker (SegmentedRaftLogWorker.java:lambda$new$0(128)) - 419a2258-246e-4ffa-9dbd-67c7614db87a@group-A331D567755A-SegmentedRaftLogWorker: flushIndex: setUnconditionally 0 -> -1
2019-10-07 23:32:00,371 [pool-433-thread-1] INFO  server.RaftServerConfigKeys (ConfUtils.java:logGet(43)) - raft.server.snapshot.auto.trigger.enabled = true (custom)
2019-10-07 23:32:00,371 [pool-433-thread-1] INFO  server.RaftServerConfigKeys (ConfUtils.java:logGet(43)) - raft.server.snapshot.auto.trigger.threshold = 10000 (custom)
2019-10-07 23:32:00,371 [pool-433-thread-1] INFO  server.RaftServerConfigKeys (ConfUtils.java:logGet(43)) - raft.server.snapshot.retention.file.num = 5 (custom)
2019-10-07 23:32:00,372 [pool-433-thread-1] INFO  server.RaftServerConfigKeys (ConfUtils.java:logGet(43)) - raft.server.retrycache.expirytime = 600000ms (custom)
2019-10-07 23:32:00,373 [pool-433-thread-1] INFO  impl.RaftServerImpl (RaftServerImpl.java:start(181)) - 419a2258-246e-4ffa-9dbd-67c7614db87a@group-A331D567755A: start as a follower, conf=-1: [419a2258-246e-4ffa-9dbd-67c7614db87a:192.168.151.75:44520], old=null
2019-10-07 23:32:00,373 [pool-433-thread-1] INFO  impl.RaftServerImpl (RaftServerImpl.java:setRole(170)) - 419a2258-246e-4ffa-9dbd-67c7614db87a@group-A331D567755A: changes role from      null to FOLLOWER at term 0 for startAsFollower
2019-10-07 23:32:00,373 [pool-433-thread-1] INFO  impl.RoleInfo (RoleInfo.java:updateAndGet(143)) - 419a2258-246e-4ffa-9dbd-67c7614db87a: start FollowerState
2019-10-07 23:32:00,374 [pool-433-thread-1] INFO  util.JmxRegister (JmxRegister.java:tryRegister(44)) - Successfully registered JMX Bean with object name Ratis:service=RaftServer,group=group-A331D567755A,id=419a2258-246e-4ffa-9dbd-67c7614db87a
2019-10-07 23:32:00,378 [RatisPipelineUtilsThread] INFO  pipeline.PipelineStateManager (PipelineStateManager.java:addPipeline(57)) - Created pipeline Pipeline[ Id: 0b200638-f6ed-49a5-8781-a331d567755a, Nodes: 419a2258-246e-4ffa-9dbd-67c7614db87a{ip: 192.168.151.75, host: pr-hdds-1868-k864b-3611000933, networkLocation: /default-rack, certSerialId: null}, Type:RATIS, Factor:ONE, State:ALLOCATED]
2019-10-07 23:32:00,395 [grpc-default-executor-5] INFO  impl.RaftServerProxy (RaftServerProxy.java:addNew(89)) - 419a2258-246e-4ffa-9dbd-67c7614db87a: addNew group-E10110CE5A74:[c5ad0c37-429e-4687-981a-4ed62e267729:192.168.151.75:35930, 419a2258-246e-4ffa-9dbd-67c7614db87a:192.168.151.75:44520, 0762d526-f4f4-4a47-8e0a-da1a15343f7f:192.168.151.75:44064] returns group-E10110CE5A74:java.util.concurrent.CompletableFuture@2eda2b90[Not completed]
2019-10-07 23:32:00,395 [grpc-default-executor-6] INFO  impl.RaftServerProxy (RaftServerProxy.java:addNew(89)) - c5ad0c37-429e-4687-981a-4ed62e267729: addNew group-E10110CE5A74:[c5ad0c37-429e-4687-981a-4ed62e267729:192.168.151.75:35930, 419a2258-246e-4ffa-9dbd-67c7614db87a:192.168.151.75:44520, 0762d526-f4f4-4a47-8e0a-da1a15343f7f:192.168.151.75:44064] returns group-E10110CE5A74:java.util.concurrent.CompletableFuture@18ab00a3[Not completed]
2019-10-07 23:32:00,395 [grpc-default-executor-7] INFO  impl.RaftServerProxy (RaftServerProxy.java:addNew(89)) - 0762d526-f4f4-4a47-8e0a-da1a15343f7f: addNew group-E10110CE5A74:[c5ad0c37-429e-4687-981a-4ed62e267729:192.168.151.75:35930, 419a2258-246e-4ffa-9dbd-67c7614db87a:192.168.151.75:44520, 0762d526-f4f4-4a47-8e0a-da1a15343f7f:192.168.151.75:44064] returns group-E10110CE5A74:java.util.concurrent.CompletableFuture@7ceb546[Not completed]
2019-10-07 23:32:00,396 [pool-413-thread-1] INFO  impl.RaftServerImpl (RaftServerImpl.java:<init>(95)) - c5ad0c37-429e-4687-981a-4ed62e267729: new RaftServerImpl for group-E10110CE5A74:[c5ad0c37-429e-4687-981a-4ed62e267729:192.168.151.75:35930, 419a2258-246e-4ffa-9dbd-67c7614db87a:192.168.151.75:44520, 0762d526-f4f4-4a47-8e0a-da1a15343f7f:192.168.151.75:44064] with ContainerStateMachine:uninitialized
2019-10-07 23:32:00,397 [pool-413-thread-1] INFO  server.RaftServerConfigKeys (ConfUtils.java:logGet(43)) - raft.server.rpc.timeout.min = 5s (custom)
2019-10-07 23:32:00,397 [pool-413-thread-1] INFO  server.RaftServerConfigKeys (ConfUtils.java:logGet(43)) - raft.server.rpc.timeout.max = 5200ms (custom)
2019-10-07 23:32:00,397 [pool-413-thread-1] INFO  server.RaftServerConfigKeys (ConfUtils.java:logGet(43)) - raft.server.rpcslowness.timeout = 120s (custom)
2019-10-07 23:32:00,397 [pool-433-thread-1] INFO  impl.RaftServerImpl (RaftServerImpl.java:<init>(95)) - 419a2258-246e-4ffa-9dbd-67c7614db87a: new RaftServerImpl for group-E10110CE5A74:[c5ad0c37-429e-4687-981a-4ed62e267729:192.168.151.75:35930, 419a2258-246e-4ffa-9dbd-67c7614db87a:192.168.151.75:44520, 0762d526-f4f4-4a47-8e0a-da1a15343f7f:192.168.151.75:44064] with ContainerStateMachine:uninitialized
2019-10-07 23:32:00,397 [pool-413-thread-1] INFO  server.RaftServerConfigKeys (ConfUtils.java:logGet(43)) - raft.server.sleep.deviation.threshold = 300 (default)
2019-10-07 23:32:00,397 [pool-433-thread-1] INFO  server.RaftServerConfigKeys (ConfUtils.java:logGet(43)) - raft.server.rpc.timeout.min = 5s (custom)
2019-10-07 23:32:00,397 [pool-423-thread-1] INFO  impl.RaftServerImpl (RaftServerImpl.java:<init>(95)) - 0762d526-f4f4-4a47-8e0a-da1a15343f7f: new RaftServerImpl for group-E10110CE5A74:[c5ad0c37-429e-4687-981a-4ed62e267729:192.168.151.75:35930, 419a2258-246e-4ffa-9dbd-67c7614db87a:192.168.151.75:44520, 0762d526-f4f4-4a47-8e0a-da1a15343f7f:192.168.151.75:44064] with ContainerStateMachine:uninitialized
2019-10-07 23:32:00,397 [pool-413-thread-1] INFO  server.RaftServerConfigKeys (ConfUtils.java:logGet(43)) - raft.server.log.appender.install.snapshot.enabled = false (custom)
2019-10-07 23:32:00,398 [pool-423-thread-1] INFO  server.RaftServerConfigKeys (ConfUtils.java:logGet(43)) - raft.server.rpc.timeout.min = 5s (custom)
2019-10-07 23:32:00,397 [pool-433-thread-1] INFO  server.RaftServerConfigKeys (ConfUtils.java:logGet(43)) - raft.server.rpc.timeout.max = 5200ms (custom)
2019-10-07 23:32:00,398 [pool-423-thread-1] INFO  server.RaftServerConfigKeys (ConfUtils.java:logGet(43)) - raft.server.rpc.timeout.max = 5200ms (custom)
2019-10-07 23:32:00,398 [pool-423-thread-1] INFO  server.RaftServerConfigKeys (ConfUtils.java:logGet(43)) - raft.server.rpcslowness.timeout = 120s (custom)
2019-10-07 23:32:00,398 [pool-413-thread-1] INFO  impl.RaftServerImpl (ServerState.java:<init>(103)) - c5ad0c37-429e-4687-981a-4ed62e267729@group-E10110CE5A74: ConfigurationManager, init=-1: [c5ad0c37-429e-4687-981a-4ed62e267729:192.168.151.75:35930, 419a2258-246e-4ffa-9dbd-67c7614db87a:192.168.151.75:44520, 0762d526-f4f4-4a47-8e0a-da1a15343f7f:192.168.151.75:44064], old=null, confs=<EMPTY_MAP>
2019-10-07 23:32:00,398 [pool-423-thread-1] INFO  server.RaftServerConfigKeys (ConfUtils.java:logGet(43)) - raft.server.sleep.deviation.threshold = 300 (default)
2019-10-07 23:32:00,398 [pool-423-thread-1] INFO  server.RaftServerConfigKeys (ConfUtils.java:logGet(43)) - raft.server.log.appender.install.snapshot.enabled = false (custom)
2019-10-07 23:32:00,398 [pool-433-thread-1] INFO  server.RaftServerConfigKeys (ConfUtils.java:logGet(43)) - raft.server.rpcslowness.timeout = 120s (custom)
2019-10-07 23:32:00,398 [pool-423-thread-1] INFO  impl.RaftServerImpl (ServerState.java:<init>(103)) - 0762d526-f4f4-4a47-8e0a-da1a15343f7f@group-E10110CE5A74: ConfigurationManager, init=-1: [c5ad0c37-429e-4687-981a-4ed62e267729:192.168.151.75:35930, 419a2258-246e-4ffa-9dbd-67c7614db87a:192.168.151.75:44520, 0762d526-f4f4-4a47-8e0a-da1a15343f7f:192.168.151.75:44064], old=null, confs=<EMPTY_MAP>
2019-10-07 23:32:00,398 [pool-413-thread-1] INFO  server.RaftServerConfigKeys (ConfUtils.java:logGet(43)) - raft.server.storage.dir = [/workdir/hadoop-ozone/integration-test/target/test-dir/MiniOzoneClusterImpl-352333b8-4a53-463e-b611-0484fc381049/datanode-3/data/ratis] (custom)
2019-10-07 23:32:00,399 [pool-423-thread-1] INFO  server.RaftServerConfigKeys (ConfUtils.java:logGet(43)) - raft.server.storage.dir = [/workdir/hadoop-ozone/integration-test/target/test-dir/MiniOzoneClusterImpl-352333b8-4a53-463e-b611-0484fc381049/datanode-4/data/ratis] (custom)
2019-10-07 23:32:00,399 [pool-433-thread-1] INFO  server.RaftServerConfigKeys (ConfUtils.java:logGet(43)) - raft.server.sleep.deviation.threshold = 300 (default)
2019-10-07 23:32:00,399 [pool-423-thread-1] INFO  server.RaftServerConfigKeys (ConfUtils.java:logGet(43)) - raft.server.log.corruption.policy = EXCEPTION (default)
2019-10-07 23:32:00,399 [pool-413-thread-1] INFO  server.RaftServerConfigKeys (ConfUtils.java:logGet(43)) - raft.server.log.corruption.policy = EXCEPTION (default)
2019-10-07 23:32:00,399 [pool-423-thread-1] INFO  storage.RaftStorageDirectory (RaftStorageDirectory.java:analyzeStorage(246)) - The storage directory /workdir/hadoop-ozone/integration-test/target/test-dir/MiniOzoneClusterImpl-352333b8-4a53-463e-b611-0484fc381049/datanode-4/data/ratis/22a4151b-b876-4aab-97d7-e10110ce5a74 does not exist. Creating ...
2019-10-07 23:32:00,399 [pool-433-thread-1] INFO  server.RaftServerConfigKeys (ConfUtils.java:logGet(43)) - raft.server.log.appender.install.snapshot.enabled = false (custom)
2019-10-07 23:32:00,400 [IPC Server handler 6 on 40965] INFO  net.NetworkTopology (NetworkTopologyImpl.java:add(111)) - Added a new node: /default-rack/e117b867-d4bf-4f16-8fb0-9fc7cd76fe51
2019-10-07 23:32:00,399 [pool-413-thread-1] INFO  storage.RaftStorageDirectory (RaftStorageDirectory.java:analyzeStorage(246)) - The storage directory /workdir/hadoop-ozone/integration-test/target/test-dir/MiniOzoneClusterImpl-352333b8-4a53-463e-b611-0484fc381049/datanode-3/data/ratis/22a4151b-b876-4aab-97d7-e10110ce5a74 does not exist. Creating ...
2019-10-07 23:32:00,400 [IPC Server handler 6 on 40965] INFO  node.SCMNodeManager (SCMNodeManager.java:register(268)) - Registered Data node : e117b867-d4bf-4f16-8fb0-9fc7cd76fe51{ip: 192.168.151.75, host: pr-hdds-1868-k864b-3611000933, networkLocation: /default-rack, certSerialId: null}
2019-10-07 23:32:00,400 [pool-433-thread-1] INFO  impl.RaftServerImpl (ServerState.java:<init>(103)) - 419a2258-246e-4ffa-9dbd-67c7614db87a@group-E10110CE5A74: ConfigurationManager, init=-1: [c5ad0c37-429e-4687-981a-4ed62e267729:192.168.151.75:35930, 419a2258-246e-4ffa-9dbd-67c7614db87a:192.168.151.75:44520, 0762d526-f4f4-4a47-8e0a-da1a15343f7f:192.168.151.75:44064], old=null, confs=<EMPTY_MAP>
2019-10-07 23:32:00,400 [pool-433-thread-1] INFO  server.RaftServerConfigKeys (ConfUtils.java:logGet(43)) - raft.server.storage.dir = [/workdir/hadoop-ozone/integration-test/target/test-dir/MiniOzoneClusterImpl-352333b8-4a53-463e-b611-0484fc381049/datanode-5/data/ratis] (custom)
2019-10-07 23:32:00,401 [pool-433-thread-1] INFO  server.RaftServerConfigKeys (ConfUtils.java:logGet(43)) - raft.server.log.corruption.policy = EXCEPTION (default)
2019-10-07 23:32:00,401 [pool-433-thread-1] INFO  storage.RaftStorageDirectory (RaftStorageDirectory.java:analyzeStorage(246)) - The storage directory /workdir/hadoop-ozone/integration-test/target/test-dir/MiniOzoneClusterImpl-352333b8-4a53-463e-b611-0484fc381049/datanode-5/data/ratis/22a4151b-b876-4aab-97d7-e10110ce5a74 does not exist. Creating ...
2019-10-07 23:32:00,412 [pool-433-thread-1] INFO  storage.RaftStorageDirectory (RaftStorageDirectory.java:tryLock(328)) - Lock on /workdir/hadoop-ozone/integration-test/target/test-dir/MiniOzoneClusterImpl-352333b8-4a53-463e-b611-0484fc381049/datanode-5/data/ratis/22a4151b-b876-4aab-97d7-e10110ce5a74/in_use.lock acquired by nodename 21128@pr-hdds-1868-k864b-3611000933
2019-10-07 23:32:00,412 [pool-423-thread-1] INFO  storage.RaftStorageDirectory (RaftStorageDirectory.java:tryLock(328)) - Lock on /workdir/hadoop-ozone/integration-test/target/test-dir/MiniOzoneClusterImpl-352333b8-4a53-463e-b611-0484fc381049/datanode-4/data/ratis/22a4151b-b876-4aab-97d7-e10110ce5a74/in_use.lock acquired by nodename 21128@pr-hdds-1868-k864b-3611000933
2019-10-07 23:32:00,412 [pool-413-thread-1] INFO  storage.RaftStorageDirectory (RaftStorageDirectory.java:tryLock(328)) - Lock on /workdir/hadoop-ozone/integration-test/target/test-dir/MiniOzoneClusterImpl-352333b8-4a53-463e-b611-0484fc381049/datanode-3/data/ratis/22a4151b-b876-4aab-97d7-e10110ce5a74/in_use.lock acquired by nodename 21128@pr-hdds-1868-k864b-3611000933
2019-10-07 23:32:00,437 [pool-413-thread-1] INFO  storage.RaftStorage (RaftStorage.java:format(84)) - Storage directory /workdir/hadoop-ozone/integration-test/target/test-dir/MiniOzoneClusterImpl-352333b8-4a53-463e-b611-0484fc381049/datanode-3/data/ratis/22a4151b-b876-4aab-97d7-e10110ce5a74 has been successfully formatted.
2019-10-07 23:32:00,437 [pool-433-thread-1] INFO  storage.RaftStorage (RaftStorage.java:format(84)) - Storage directory /workdir/hadoop-ozone/integration-test/target/test-dir/MiniOzoneClusterImpl-352333b8-4a53-463e-b611-0484fc381049/datanode-5/data/ratis/22a4151b-b876-4aab-97d7-e10110ce5a74 has been successfully formatted.
2019-10-07 23:32:00,437 [pool-423-thread-1] INFO  storage.RaftStorage (RaftStorage.java:format(84)) - Storage directory /workdir/hadoop-ozone/integration-test/target/test-dir/MiniOzoneClusterImpl-352333b8-4a53-463e-b611-0484fc381049/datanode-4/data/ratis/22a4151b-b876-4aab-97d7-e10110ce5a74 has been successfully formatted.
2019-10-07 23:32:00,438 [pool-433-thread-1] INFO  ratis.ContainerStateMachine (ContainerStateMachine.java:loadSnapshot(233)) - group-E10110CE5A74: The snapshot info is null. Setting the last applied indexto:(t:0, i:~)
2019-10-07 23:32:00,438 [pool-423-thread-1] INFO  ratis.ContainerStateMachine (ContainerStateMachine.java:loadSnapshot(233)) - group-E10110CE5A74: The snapshot info is null. Setting the last applied indexto:(t:0, i:~)
2019-10-07 23:32:00,437 [pool-413-thread-1] INFO  ratis.ContainerStateMachine (ContainerStateMachine.java:loadSnapshot(233)) - group-E10110CE5A74: The snapshot info is null. Setting the last applied indexto:(t:0, i:~)
2019-10-07 23:32:00,438 [pool-423-thread-1] INFO  server.RaftServerConfigKeys (ConfUtils.java:logGet(43)) - raft.server.notification.no-leader.timeout = 120s (custom)
2019-10-07 23:32:00,438 [pool-433-thread-1] INFO  server.RaftServerConfigKeys (ConfUtils.java:logGet(43)) - raft.server.notification.no-leader.timeout = 120s (custom)
2019-10-07 23:32:00,438 [pool-423-thread-1] INFO  server.RaftServerConfigKeys (ConfUtils.java:logGet(43)) - raft.server.log.use.memory = false (default)
2019-10-07 23:32:00,438 [pool-413-thread-1] INFO  server.RaftServerConfigKeys (ConfUtils.java:logGet(43)) - raft.server.notification.no-leader.timeout = 120s (custom)
2019-10-07 23:32:00,438 [pool-423-thread-1] INFO  server.RaftServerConfigKeys (ConfUtils.java:logGet(43)) - raft.server.log.purge.gap = 1000000 (custom)
2019-10-07 23:32:00,438 [pool-433-thread-1] INFO  server.RaftServerConfigKeys (ConfUtils.java:logGet(43)) - raft.server.log.use.memory = false (default)
2019-10-07 23:32:00,439 [pool-423-thread-1] INFO  server.RaftServerConfigKeys (ConfUtils.java:logGet(43)) - raft.server.log.appender.buffer.byte-limit = 33554432 (custom)
2019-10-07 23:32:00,438 [pool-413-thread-1] INFO  server.RaftServerConfigKeys (ConfUtils.java:logGet(43)) - raft.server.log.use.memory = false (default)
2019-10-07 23:32:00,439 [pool-423-thread-1] INFO  server.RaftServerConfigKeys (ConfUtils.java:logGet(43)) - raft.server.log.segment.size.max = 1048576 (custom)
2019-10-07 23:32:00,439 [pool-433-thread-1] INFO  server.RaftServerConfigKeys (ConfUtils.java:logGet(43)) - raft.server.log.purge.gap = 1000000 (custom)
2019-10-07 23:32:00,439 [pool-423-thread-1] INFO  server.RaftServerConfigKeys (ConfUtils.java:logGet(43)) - raft.server.log.segment.cache.num.max = 2 (custom)
2019-10-07 23:32:00,439 [pool-413-thread-1] INFO  server.RaftServerConfigKeys (ConfUtils.java:logGet(43)) - raft.server.log.purge.gap = 1000000 (custom)
2019-10-07 23:32:00,439 [pool-423-thread-1] INFO  segmented.SegmentedRaftLogWorker (SegmentedRaftLogWorker.java:<init>(173)) - new 0762d526-f4f4-4a47-8e0a-da1a15343f7f@group-E10110CE5A74-SegmentedRaftLogWorker for RaftStorage:Storage Directory /workdir/hadoop-ozone/integration-test/target/test-dir/MiniOzoneClusterImpl-352333b8-4a53-463e-b611-0484fc381049/datanode-4/data/ratis/22a4151b-b876-4aab-97d7-e10110ce5a74
2019-10-07 23:32:00,439 [pool-433-thread-1] INFO  server.RaftServerConfigKeys (ConfUtils.java:logGet(43)) - raft.server.log.appender.buffer.byte-limit = 33554432 (custom)
2019-10-07 23:32:00,440 [pool-423-thread-1] INFO  server.RaftServerConfigKeys (ConfUtils.java:logGet(43)) - raft.server.log.queue.byte-limit = 2147483647 (custom)
2019-10-07 23:32:00,440 [pool-413-thread-1] INFO  server.RaftServerConfigKeys (ConfUtils.java:logGet(43)) - raft.server.log.appender.buffer.byte-limit = 33554432 (custom)
2019-10-07 23:32:00,440 [pool-423-thread-1] INFO  server.RaftServerConfigKeys (ConfUtils.java:logGet(43)) - raft.server.log.queue.element-limit = 1024 (custom)
2019-10-07 23:32:00,440 [pool-433-thread-1] INFO  server.RaftServerConfigKeys (ConfUtils.java:logGet(43)) - raft.server.log.segment.size.max = 1048576 (custom)
2019-10-07 23:32:00,440 [pool-423-thread-1] INFO  server.RaftServerConfigKeys (ConfUtils.java:logGet(43)) - raft.server.log.segment.size.max = 1048576 (custom)
2019-10-07 23:32:00,440 [pool-413-thread-1] INFO  server.RaftServerConfigKeys (ConfUtils.java:logGet(43)) - raft.server.log.segment.size.max = 1048576 (custom)
2019-10-07 23:32:00,441 [pool-423-thread-1] INFO  server.RaftServerConfigKeys (ConfUtils.java:logGet(43)) - raft.server.log.preallocated.size = 16384 (custom)
2019-10-07 23:32:00,440 [pool-433-thread-1] INFO  server.RaftServerConfigKeys (ConfUtils.java:logGet(43)) - raft.server.log.segment.cache.num.max = 2 (custom)
2019-10-07 23:32:00,441 [pool-423-thread-1] INFO  server.RaftServerConfigKeys (ConfUtils.java:logGet(43)) - raft.server.log.write.buffer.size = 33554432 (custom)
2019-10-07 23:32:00,441 [pool-413-thread-1] INFO  server.RaftServerConfigKeys (ConfUtils.java:logGet(43)) - raft.server.log.segment.cache.num.max = 2 (custom)
2019-10-07 23:32:00,441 [pool-423-thread-1] INFO  server.RaftServerConfigKeys (ConfUtils.java:logGet(43)) - raft.server.log.force.sync.num = 128 (default)
2019-10-07 23:32:00,441 [pool-433-thread-1] INFO  segmented.SegmentedRaftLogWorker (SegmentedRaftLogWorker.java:<init>(173)) - new 419a2258-246e-4ffa-9dbd-67c7614db87a@group-E10110CE5A74-SegmentedRaftLogWorker for RaftStorage:Storage Directory /workdir/hadoop-ozone/integration-test/target/test-dir/MiniOzoneClusterImpl-352333b8-4a53-463e-b611-0484fc381049/datanode-5/data/ratis/22a4151b-b876-4aab-97d7-e10110ce5a74
2019-10-07 23:32:00,442 [pool-423-thread-1] INFO  server.RaftServerConfigKeys (ConfUtils.java:logGet(43)) - raft.server.log.statemachine.data.sync = true (default)
2019-10-07 23:32:00,441 [pool-413-thread-1] INFO  segmented.SegmentedRaftLogWorker (SegmentedRaftLogWorker.java:<init>(173)) - new c5ad0c37-429e-4687-981a-4ed62e267729@group-E10110CE5A74-SegmentedRaftLogWorker for RaftStorage:Storage Directory /workdir/hadoop-ozone/integration-test/target/test-dir/MiniOzoneClusterImpl-352333b8-4a53-463e-b611-0484fc381049/datanode-3/data/ratis/22a4151b-b876-4aab-97d7-e10110ce5a74
2019-10-07 23:32:00,442 [pool-423-thread-1] INFO  server.RaftServerConfigKeys (ConfUtils.java:logGet(43)) - raft.server.log.statemachine.data.sync.timeout = 10s (default)
2019-10-07 23:32:00,442 [pool-433-thread-1] INFO  server.RaftServerConfigKeys (ConfUtils.java:logGet(43)) - raft.server.log.queue.byte-limit = 2147483647 (custom)
2019-10-07 23:32:00,442 [pool-423-thread-1] INFO  server.RaftServerConfigKeys (ConfUtils.java:logGet(43)) - raft.server.log.statemachine.data.sync.timeout.retry = -1 (default)
2019-10-07 23:32:00,442 [pool-413-thread-1] INFO  server.RaftServerConfigKeys (ConfUtils.java:logGet(43)) - raft.server.log.queue.byte-limit = 2147483647 (custom)
2019-10-07 23:32:00,442 [pool-423-thread-1] INFO  server.RaftServerConfigKeys (ConfUtils.java:logGet(43)) - raft.server.log.statemachine.data.caching.enabled = true (custom)
2019-10-07 23:32:00,442 [pool-433-thread-1] INFO  server.RaftServerConfigKeys (ConfUtils.java:logGet(43)) - raft.server.log.queue.element-limit = 1024 (custom)
2019-10-07 23:32:00,443 [pool-413-thread-1] INFO  server.RaftServerConfigKeys (ConfUtils.java:logGet(43)) - raft.server.log.queue.element-limit = 1024 (custom)
2019-10-07 23:32:00,443 [pool-433-thread-1] INFO  server.RaftServerConfigKeys (ConfUtils.java:logGet(43)) - raft.server.log.segment.size.max = 1048576 (custom)
2019-10-07 23:32:00,443 [pool-423-thread-1] INFO  segmented.SegmentedRaftLogWorker (SegmentedRaftLogWorker.java:lambda$new$0(128)) - 0762d526-f4f4-4a47-8e0a-da1a15343f7f@group-E10110CE5A74-SegmentedRaftLogWorker: flushIndex: setUnconditionally 0 -> -1
2019-10-07 23:32:00,443 [pool-433-thread-1] INFO  server.RaftServerConfigKeys (ConfUtils.java:logGet(43)) - raft.server.log.preallocated.size = 16384 (custom)
2019-10-07 23:32:00,443 [pool-433-thread-1] INFO  server.RaftServerConfigKeys (ConfUtils.java:logGet(43)) - raft.server.log.write.buffer.size = 33554432 (custom)
2019-10-07 23:32:00,443 [pool-413-thread-1] INFO  server.RaftServerConfigKeys (ConfUtils.java:logGet(43)) - raft.server.log.segment.size.max = 1048576 (custom)
2019-10-07 23:32:00,444 [pool-433-thread-1] INFO  server.RaftServerConfigKeys (ConfUtils.java:logGet(43)) - raft.server.log.force.sync.num = 128 (default)
2019-10-07 23:32:00,443 [pool-423-thread-1] INFO  server.RaftServerConfigKeys (ConfUtils.java:logGet(43)) - raft.server.snapshot.auto.trigger.enabled = true (custom)
2019-10-07 23:32:00,444 [pool-433-thread-1] INFO  server.RaftServerConfigKeys (ConfUtils.java:logGet(43)) - raft.server.log.statemachine.data.sync = true (default)
2019-10-07 23:32:00,444 [pool-413-thread-1] INFO  server.RaftServerConfigKeys (ConfUtils.java:logGet(43)) - raft.server.log.preallocated.size = 16384 (custom)
2019-10-07 23:32:00,444 [pool-433-thread-1] INFO  server.RaftServerConfigKeys (ConfUtils.java:logGet(43)) - raft.server.log.statemachine.data.sync.timeout = 10s (default)
2019-10-07 23:32:00,444 [pool-423-thread-1] INFO  server.RaftServerConfigKeys (ConfUtils.java:logGet(43)) - raft.server.snapshot.auto.trigger.threshold = 10000 (custom)
2019-10-07 23:32:00,444 [pool-433-thread-1] INFO  server.RaftServerConfigKeys (ConfUtils.java:logGet(43)) - raft.server.log.statemachine.data.sync.timeout.retry = -1 (default)
2019-10-07 23:32:00,444 [pool-413-thread-1] INFO  server.RaftServerConfigKeys (ConfUtils.java:logGet(43)) - raft.server.log.write.buffer.size = 33554432 (custom)
2019-10-07 23:32:00,445 [pool-433-thread-1] INFO  server.RaftServerConfigKeys (ConfUtils.java:logGet(43)) - raft.server.log.statemachine.data.caching.enabled = true (custom)
2019-10-07 23:32:00,445 [pool-423-thread-1] INFO  server.RaftServerConfigKeys (ConfUtils.java:logGet(43)) - raft.server.snapshot.retention.file.num = 5 (custom)
2019-10-07 23:32:00,445 [pool-433-thread-1] INFO  segmented.SegmentedRaftLogWorker (SegmentedRaftLogWorker.java:lambda$new$0(128)) - 419a2258-246e-4ffa-9dbd-67c7614db87a@group-E10110CE5A74-SegmentedRaftLogWorker: flushIndex: setUnconditionally 0 -> -1
2019-10-07 23:32:00,445 [pool-413-thread-1] INFO  server.RaftServerConfigKeys (ConfUtils.java:logGet(43)) - raft.server.log.force.sync.num = 128 (default)
2019-10-07 23:32:00,446 [pool-433-thread-1] INFO  server.RaftServerConfigKeys (ConfUtils.java:logGet(43)) - raft.server.snapshot.auto.trigger.enabled = true (custom)
2019-10-07 23:32:00,445 [pool-423-thread-1] INFO  server.RaftServerConfigKeys (ConfUtils.java:logGet(43)) - raft.server.retrycache.expirytime = 600000ms (custom)
2019-10-07 23:32:00,446 [pool-433-thread-1] INFO  server.RaftServerConfigKeys (ConfUtils.java:logGet(43)) - raft.server.snapshot.auto.trigger.threshold = 10000 (custom)
2019-10-07 23:32:00,446 [pool-413-thread-1] INFO  server.RaftServerConfigKeys (ConfUtils.java:logGet(43)) - raft.server.log.statemachine.data.sync = true (default)
2019-10-07 23:32:00,446 [pool-433-thread-1] INFO  server.RaftServerConfigKeys (ConfUtils.java:logGet(43)) - raft.server.snapshot.retention.file.num = 5 (custom)
2019-10-07 23:32:00,446 [pool-413-thread-1] INFO  server.RaftServerConfigKeys (ConfUtils.java:logGet(43)) - raft.server.log.statemachine.data.sync.timeout = 10s (default)
2019-10-07 23:32:00,446 [pool-433-thread-1] INFO  server.RaftServerConfigKeys (ConfUtils.java:logGet(43)) - raft.server.retrycache.expirytime = 600000ms (custom)
2019-10-07 23:32:00,447 [pool-413-thread-1] INFO  server.RaftServerConfigKeys (ConfUtils.java:logGet(43)) - raft.server.log.statemachine.data.sync.timeout.retry = -1 (default)
2019-10-07 23:32:00,447 [pool-413-thread-1] INFO  server.RaftServerConfigKeys (ConfUtils.java:logGet(43)) - raft.server.log.statemachine.data.caching.enabled = true (custom)
2019-10-07 23:32:00,447 [pool-413-thread-1] INFO  segmented.SegmentedRaftLogWorker (SegmentedRaftLogWorker.java:lambda$new$0(128)) - c5ad0c37-429e-4687-981a-4ed62e267729@group-E10110CE5A74-SegmentedRaftLogWorker: flushIndex: setUnconditionally 0 -> -1
2019-10-07 23:32:00,447 [pool-413-thread-1] INFO  server.RaftServerConfigKeys (ConfUtils.java:logGet(43)) - raft.server.snapshot.auto.trigger.enabled = true (custom)
2019-10-07 23:32:00,448 [pool-413-thread-1] INFO  server.RaftServerConfigKeys (ConfUtils.java:logGet(43)) - raft.server.snapshot.auto.trigger.threshold = 10000 (custom)
2019-10-07 23:32:00,448 [pool-413-thread-1] INFO  server.RaftServerConfigKeys (ConfUtils.java:logGet(43)) - raft.server.snapshot.retention.file.num = 5 (custom)
2019-10-07 23:32:00,448 [pool-413-thread-1] INFO  server.RaftServerConfigKeys (ConfUtils.java:logGet(43)) - raft.server.retrycache.expirytime = 600000ms (custom)
2019-10-07 23:32:00,450 [pool-423-thread-1] INFO  impl.RaftServerImpl (RaftServerImpl.java:start(181)) - 0762d526-f4f4-4a47-8e0a-da1a15343f7f@group-E10110CE5A74: start as a follower, conf=-1: [c5ad0c37-429e-4687-981a-4ed62e267729:192.168.151.75:35930, 419a2258-246e-4ffa-9dbd-67c7614db87a:192.168.151.75:44520, 0762d526-f4f4-4a47-8e0a-da1a15343f7f:192.168.151.75:44064], old=null
2019-10-07 23:32:00,450 [pool-423-thread-1] INFO  impl.RaftServerImpl (RaftServerImpl.java:setRole(170)) - 0762d526-f4f4-4a47-8e0a-da1a15343f7f@group-E10110CE5A74: changes role from      null to FOLLOWER at term 0 for startAsFollower
2019-10-07 23:32:00,450 [pool-433-thread-1] INFO  impl.RaftServerImpl (RaftServerImpl.java:start(181)) - 419a2258-246e-4ffa-9dbd-67c7614db87a@group-E10110CE5A74: start as a follower, conf=-1: [c5ad0c37-429e-4687-981a-4ed62e267729:192.168.151.75:35930, 419a2258-246e-4ffa-9dbd-67c7614db87a:192.168.151.75:44520, 0762d526-f4f4-4a47-8e0a-da1a15343f7f:192.168.151.75:44064], old=null
2019-10-07 23:32:00,451 [pool-423-thread-1] INFO  impl.RoleInfo (RoleInfo.java:updateAndGet(143)) - 0762d526-f4f4-4a47-8e0a-da1a15343f7f: start FollowerState
2019-10-07 23:32:00,451 [pool-433-thread-1] INFO  impl.RaftServerImpl (RaftServerImpl.java:setRole(170)) - 419a2258-246e-4ffa-9dbd-67c7614db87a@group-E10110CE5A74: changes role from      null to FOLLOWER at term 0 for startAsFollower
2019-10-07 23:32:00,451 [pool-413-thread-1] INFO  impl.RaftServerImpl (RaftServerImpl.java:start(181)) - c5ad0c37-429e-4687-981a-4ed62e267729@group-E10110CE5A74: start as a follower, conf=-1: [c5ad0c37-429e-4687-981a-4ed62e267729:192.168.151.75:35930, 419a2258-246e-4ffa-9dbd-67c7614db87a:192.168.151.75:44520, 0762d526-f4f4-4a47-8e0a-da1a15343f7f:192.168.151.75:44064], old=null
2019-10-07 23:32:00,451 [pool-433-thread-1] INFO  impl.RoleInfo (RoleInfo.java:updateAndGet(143)) - 419a2258-246e-4ffa-9dbd-67c7614db87a: start FollowerState
2019-10-07 23:32:00,451 [pool-423-thread-1] INFO  util.JmxRegister (JmxRegister.java:tryRegister(44)) - Successfully registered JMX Bean with object name Ratis:service=RaftServer,group=group-E10110CE5A74,id=0762d526-f4f4-4a47-8e0a-da1a15343f7f
2019-10-07 23:32:00,451 [pool-413-thread-1] INFO  impl.RaftServerImpl (RaftServerImpl.java:setRole(170)) - c5ad0c37-429e-4687-981a-4ed62e267729@group-E10110CE5A74: changes role from      null to FOLLOWER at term 0 for startAsFollower
2019-10-07 23:32:00,451 [pool-433-thread-1] INFO  util.JmxRegister (JmxRegister.java:tryRegister(44)) - Successfully registered JMX Bean with object name Ratis:service=RaftServer,group=group-E10110CE5A74,id=419a2258-246e-4ffa-9dbd-67c7614db87a
2019-10-07 23:32:00,451 [pool-413-thread-1] INFO  impl.RoleInfo (RoleInfo.java:updateAndGet(143)) - c5ad0c37-429e-4687-981a-4ed62e267729: start FollowerState
2019-10-07 23:32:00,452 [pool-413-thread-1] INFO  util.JmxRegister (JmxRegister.java:tryRegister(44)) - Successfully registered JMX Bean with object name Ratis:service=RaftServer,group=group-E10110CE5A74,id=c5ad0c37-429e-4687-981a-4ed62e267729
2019-10-07 23:32:00,458 [RatisPipelineUtilsThread] INFO  pipeline.PipelineStateManager (PipelineStateManager.java:addPipeline(57)) - Created pipeline Pipeline[ Id: 22a4151b-b876-4aab-97d7-e10110ce5a74, Nodes: c5ad0c37-429e-4687-981a-4ed62e267729{ip: 192.168.151.75, host: pr-hdds-1868-k864b-3611000933, networkLocation: /default-rack, certSerialId: null}419a2258-246e-4ffa-9dbd-67c7614db87a{ip: 192.168.151.75, host: pr-hdds-1868-k864b-3611000933, networkLocation: /default-rack, certSerialId: null}0762d526-f4f4-4a47-8e0a-da1a15343f7f{ip: 192.168.151.75, host: pr-hdds-1868-k864b-3611000933, networkLocation: /default-rack, certSerialId: null}, Type:RATIS, Factor:THREE, State:ALLOCATED]
2019-10-07 23:32:00,458 [main] INFO  ozone.MiniOzoneClusterImpl (MiniOzoneClusterImpl.java:lambda$waitForClusterToBeReady$2(164)) - Waiting for 8 number of pipelines out of 8, to report a leader.
2019-10-07 23:32:01,459 [main] INFO  ozone.MiniOzoneClusterImpl (MiniOzoneClusterImpl.java:lambda$waitForClusterToBeReady$2(164)) - Waiting for 8 number of pipelines out of 8, to report a leader.
2019-10-07 23:32:02,463 [main] INFO  ozone.MiniOzoneClusterImpl (MiniOzoneClusterImpl.java:lambda$waitForClusterToBeReady$2(164)) - Waiting for 8 number of pipelines out of 8, to report a leader.
2019-10-07 23:32:02,749 [grpc-default-executor-1] WARN  server.GrpcLogAppender (LogUtils.java:warn(134)) - 1757d5fa-a161-4c0a-b504-ed724002c805@group-C837915B9584->71fe9c48-ef70-445b-89d4-550c4f010b84-AppendLogResponseHandler: Failed appendEntries: org.apache.ratis.thirdparty.io.grpc.StatusRuntimeException: UNAVAILABLE: io exception
2019-10-07 23:32:02,749 [grpc-default-executor-7] WARN  server.GrpcLogAppender (LogUtils.java:warn(134)) - 1757d5fa-a161-4c0a-b504-ed724002c805@group-C837915B9584->51a40bca-cd4b-4fd1-b3a8-cd441e83375c-AppendLogResponseHandler: Failed appendEntries: org.apache.ratis.thirdparty.io.grpc.StatusRuntimeException: UNAVAILABLE: io exception
2019-10-07 23:32:02,750 [grpc-default-executor-1] INFO  impl.FollowerInfo (FollowerInfo.java:lambda$new$0(51)) - 1757d5fa-a161-4c0a-b504-ed724002c805@group-C837915B9584->71fe9c48-ef70-445b-89d4-550c4f010b84: nextIndex: updateUnconditionally 0 -> 0
2019-10-07 23:32:02,750 [grpc-default-executor-7] INFO  impl.FollowerInfo (FollowerInfo.java:lambda$new$0(51)) - 1757d5fa-a161-4c0a-b504-ed724002c805@group-C837915B9584->51a40bca-cd4b-4fd1-b3a8-cd441e83375c: nextIndex: updateUnconditionally 0 -> 0
2019-10-07 23:32:02,807 [Thread-2548] INFO  container.ReplicationManager (ReplicationManager.java:start(162)) - Starting Replication Monitor Thread.
2019-10-07 23:32:02,808 [Thread-2548] INFO  pipeline.SCMPipelineManager (SCMPipelineManager.java:finalizeAndDestroyPipeline(315)) - destroying pipeline:Pipeline[ Id: 1719e52f-5e1c-48fa-aa89-2dbb45d879fb, Nodes: 4fb48f8d-81e9-4f66-86fb-c7726dd48448{ip: 192.168.151.75, host: pr-hdds-1868-k864b-3611000933, networkLocation: /default-rack, certSerialId: null}, Type:RATIS, Factor:ONE, State:ALLOCATED]
2019-10-07 23:32:02,814 [ReplicationMonitor] INFO  container.ReplicationManager (ReplicationManager.java:run(225)) - Replication Monitor Thread took 0 milliseconds for processing 0 containers.
2019-10-07 23:32:02,814 [Thread-2548] INFO  pipeline.PipelineStateManager (PipelineStateManager.java:finalizePipeline(123)) - Pipeline Pipeline[ Id: 1719e52f-5e1c-48fa-aa89-2dbb45d879fb, Nodes: 4fb48f8d-81e9-4f66-86fb-c7726dd48448{ip: 192.168.151.75, host: pr-hdds-1868-k864b-3611000933, networkLocation: /default-rack, certSerialId: null}, Type:RATIS, Factor:ONE, State:CLOSED] moved to CLOSED state
2019-10-07 23:32:02,824 [grpc-default-executor-7] INFO  impl.RaftServerProxy (RaftServerProxy.java:remove(95)) - 4fb48f8d-81e9-4f66-86fb-c7726dd48448: remove  FOLLOWER 4fb48f8d-81e9-4f66-86fb-c7726dd48448@group-2DBB45D879FB:t0, leader=null, voted=null, raftlog=4fb48f8d-81e9-4f66-86fb-c7726dd48448@group-2DBB45D879FB-SegmentedRaftLog:OPENED:c-1,f-1,i0, conf=-1: [4fb48f8d-81e9-4f66-86fb-c7726dd48448:192.168.151.75:34336], old=null RUNNING
2019-10-07 23:32:02,824 [grpc-default-executor-7] INFO  impl.RaftServerImpl (RaftServerImpl.java:lambda$shutdown$3(247)) - 4fb48f8d-81e9-4f66-86fb-c7726dd48448@group-2DBB45D879FB: shutdown
2019-10-07 23:32:02,824 [grpc-default-executor-7] INFO  util.JmxRegister (JmxRegister.java:unregister(73)) - Successfully un-registered JMX Bean with object name Ratis:service=RaftServer,group=group-2DBB45D879FB,id=4fb48f8d-81e9-4f66-86fb-c7726dd48448
2019-10-07 23:32:02,825 [grpc-default-executor-7] INFO  impl.RoleInfo (RoleInfo.java:shutdownFollowerState(121)) - 4fb48f8d-81e9-4f66-86fb-c7726dd48448: shutdown FollowerState
2019-10-07 23:32:02,825 [grpc-default-executor-7] INFO  impl.StateMachineUpdater (StateMachineUpdater.java:stopAndJoin(136)) - 4fb48f8d-81e9-4f66-86fb-c7726dd48448@group-2DBB45D879FB-StateMachineUpdater: set stopIndex = -1
2019-10-07 23:32:02,825 [Thread-2558] INFO  impl.FollowerState (FollowerState.java:run(117)) - 4fb48f8d-81e9-4f66-86fb-c7726dd48448@group-2DBB45D879FB-FollowerState was interrupted: java.lang.InterruptedException: sleep interrupted
2019-10-07 23:32:02,825 [grpc-default-executor-7] INFO  impl.RaftServerImpl (ServerState.java:close(387)) - 4fb48f8d-81e9-4f66-86fb-c7726dd48448@group-2DBB45D879FB: closes. applyIndex: -1
2019-10-07 23:32:02,826 [4fb48f8d-81e9-4f66-86fb-c7726dd48448@group-2DBB45D879FB-SegmentedRaftLogWorker] INFO  segmented.SegmentedRaftLogWorker (SegmentedRaftLogWorker.java:run(316)) - 4fb48f8d-81e9-4f66-86fb-c7726dd48448@group-2DBB45D879FB-SegmentedRaftLogWorker was interrupted, exiting. There are 0 tasks remaining in the queue.
2019-10-07 23:32:02,826 [grpc-default-executor-7] INFO  segmented.SegmentedRaftLogWorker (SegmentedRaftLogWorker.java:close(224)) - 4fb48f8d-81e9-4f66-86fb-c7726dd48448@group-2DBB45D879FB-SegmentedRaftLogWorker close()
2019-10-07 23:32:02,837 [Thread-2548] INFO  pipeline.PipelineStateManager (PipelineStateManager.java:removePipeline(108)) - Pipeline Pipeline[ Id: 1719e52f-5e1c-48fa-aa89-2dbb45d879fb, Nodes: 4fb48f8d-81e9-4f66-86fb-c7726dd48448{ip: 192.168.151.75, host: pr-hdds-1868-k864b-3611000933, networkLocation: /default-rack, certSerialId: null}, Type:RATIS, Factor:ONE, State:CLOSED] removed from db
2019-10-07 23:32:02,841 [Thread-2548] INFO  pipeline.SCMPipelineManager (SCMPipelineManager.java:finalizeAndDestroyPipeline(315)) - destroying pipeline:Pipeline[ Id: bec5cfae-a9e4-4862-b795-65fd62ad0baa, Nodes: c5ad0c37-429e-4687-981a-4ed62e267729{ip: 192.168.151.75, host: pr-hdds-1868-k864b-3611000933, networkLocation: /default-rack, certSerialId: null}, Type:RATIS, Factor:ONE, State:ALLOCATED]
2019-10-07 23:32:02,845 [grpc-default-executor-7] INFO  impl.RaftServerProxy (RaftServerProxy.java:addNew(89)) - 4fb48f8d-81e9-4f66-86fb-c7726dd48448: addNew group-A50D085CB826:[4fb48f8d-81e9-4f66-86fb-c7726dd48448:192.168.151.75:34336] returns group-A50D085CB826:java.util.concurrent.CompletableFuture@2a5b1656[Not completed]
2019-10-07 23:32:02,847 [pool-403-thread-1] INFO  impl.RaftServerImpl (RaftServerImpl.java:<init>(95)) - 4fb48f8d-81e9-4f66-86fb-c7726dd48448: new RaftServerImpl for group-A50D085CB826:[4fb48f8d-81e9-4f66-86fb-c7726dd48448:192.168.151.75:34336] with ContainerStateMachine:uninitialized
2019-10-07 23:32:02,847 [pool-403-thread-1] INFO  server.RaftServerConfigKeys (ConfUtils.java:logGet(43)) - raft.server.rpc.timeout.min = 5s (custom)
2019-10-07 23:32:02,847 [pool-403-thread-1] INFO  server.RaftServerConfigKeys (ConfUtils.java:logGet(43)) - raft.server.rpc.timeout.max = 5200ms (custom)
2019-10-07 23:32:02,847 [pool-403-thread-1] INFO  server.RaftServerConfigKeys (ConfUtils.java:logGet(43)) - raft.server.rpcslowness.timeout = 120s (custom)
2019-10-07 23:32:02,847 [pool-403-thread-1] INFO  server.RaftServerConfigKeys (ConfUtils.java:logGet(43)) - raft.server.sleep.deviation.threshold = 300 (default)
2019-10-07 23:32:02,848 [pool-403-thread-1] INFO  server.RaftServerConfigKeys (ConfUtils.java:logGet(43)) - raft.server.log.appender.install.snapshot.enabled = false (custom)
2019-10-07 23:32:02,848 [pool-403-thread-1] INFO  impl.RaftServerImpl (ServerState.java:<init>(103)) - 4fb48f8d-81e9-4f66-86fb-c7726dd48448@group-A50D085CB826: ConfigurationManager, init=-1: [4fb48f8d-81e9-4f66-86fb-c7726dd48448:192.168.151.75:34336], old=null, confs=<EMPTY_MAP>
2019-10-07 23:32:02,848 [pool-403-thread-1] INFO  server.RaftServerConfigKeys (ConfUtils.java:logGet(43)) - raft.server.storage.dir = [/workdir/hadoop-ozone/integration-test/target/test-dir/MiniOzoneClusterImpl-352333b8-4a53-463e-b611-0484fc381049/datanode-2/data/ratis] (custom)
2019-10-07 23:32:02,848 [pool-403-thread-1] INFO  server.RaftServerConfigKeys (ConfUtils.java:logGet(43)) - raft.server.log.corruption.policy = EXCEPTION (default)
2019-10-07 23:32:02,849 [pool-403-thread-1] INFO  storage.RaftStorageDirectory (RaftStorageDirectory.java:analyzeStorage(246)) - The storage directory /workdir/hadoop-ozone/integration-test/target/test-dir/MiniOzoneClusterImpl-352333b8-4a53-463e-b611-0484fc381049/datanode-2/data/ratis/4fe66be4-903c-4635-aab1-a50d085cb826 does not exist. Creating ...
2019-10-07 23:32:02,874 [pool-403-thread-1] INFO  storage.RaftStorageDirectory (RaftStorageDirectory.java:tryLock(328)) - Lock on /workdir/hadoop-ozone/integration-test/target/test-dir/MiniOzoneClusterImpl-352333b8-4a53-463e-b611-0484fc381049/datanode-2/data/ratis/4fe66be4-903c-4635-aab1-a50d085cb826/in_use.lock acquired by nodename 21128@pr-hdds-1868-k864b-3611000933
2019-10-07 23:32:02,888 [pool-403-thread-1] INFO  storage.RaftStorage (RaftStorage.java:format(84)) - Storage directory /workdir/hadoop-ozone/integration-test/target/test-dir/MiniOzoneClusterImpl-352333b8-4a53-463e-b611-0484fc381049/datanode-2/data/ratis/4fe66be4-903c-4635-aab1-a50d085cb826 has been successfully formatted.
2019-10-07 23:32:02,888 [pool-403-thread-1] INFO  ratis.ContainerStateMachine (ContainerStateMachine.java:loadSnapshot(233)) - group-A50D085CB826: The snapshot info is null. Setting the last applied indexto:(t:0, i:~)
2019-10-07 23:32:02,888 [pool-403-thread-1] INFO  server.RaftServerConfigKeys (ConfUtils.java:logGet(43)) - raft.server.notification.no-leader.timeout = 120s (custom)
2019-10-07 23:32:02,888 [pool-403-thread-1] INFO  server.RaftServerConfigKeys (ConfUtils.java:logGet(43)) - raft.server.log.use.memory = false (default)
2019-10-07 23:32:02,889 [pool-403-thread-1] INFO  server.RaftServerConfigKeys (ConfUtils.java:logGet(43)) - raft.server.log.purge.gap = 1000000 (custom)
2019-10-07 23:32:02,889 [pool-403-thread-1] INFO  server.RaftServerConfigKeys (ConfUtils.java:logGet(43)) - raft.server.log.appender.buffer.byte-limit = 33554432 (custom)
2019-10-07 23:32:02,889 [pool-403-thread-1] INFO  server.RaftServerConfigKeys (ConfUtils.java:logGet(43)) - raft.server.log.segment.size.max = 1048576 (custom)
2019-10-07 23:32:02,889 [pool-403-thread-1] INFO  server.RaftServerConfigKeys (ConfUtils.java:logGet(43)) - raft.server.log.segment.cache.num.max = 2 (custom)
2019-10-07 23:32:02,889 [pool-403-thread-1] INFO  segmented.SegmentedRaftLogWorker (SegmentedRaftLogWorker.java:<init>(173)) - new 4fb48f8d-81e9-4f66-86fb-c7726dd48448@group-A50D085CB826-SegmentedRaftLogWorker for RaftStorage:Storage Directory /workdir/hadoop-ozone/integration-test/target/test-dir/MiniOzoneClusterImpl-352333b8-4a53-463e-b611-0484fc381049/datanode-2/data/ratis/4fe66be4-903c-4635-aab1-a50d085cb826
2019-10-07 23:32:02,890 [pool-403-thread-1] INFO  server.RaftServerConfigKeys (ConfUtils.java:logGet(43)) - raft.server.log.queue.byte-limit = 2147483647 (custom)
2019-10-07 23:32:02,890 [pool-403-thread-1] INFO  server.RaftServerConfigKeys (ConfUtils.java:logGet(43)) - raft.server.log.queue.element-limit = 1024 (custom)
2019-10-07 23:32:02,890 [pool-403-thread-1] INFO  server.RaftServerConfigKeys (ConfUtils.java:logGet(43)) - raft.server.log.segment.size.max = 1048576 (custom)
2019-10-07 23:32:02,890 [pool-403-thread-1] INFO  server.RaftServerConfigKeys (ConfUtils.java:logGet(43)) - raft.server.log.preallocated.size = 16384 (custom)
2019-10-07 23:32:02,890 [pool-403-thread-1] INFO  server.RaftServerConfigKeys (ConfUtils.java:logGet(43)) - raft.server.log.write.buffer.size = 33554432 (custom)
2019-10-07 23:32:02,890 [pool-403-thread-1] INFO  server.RaftServerConfigKeys (ConfUtils.java:logGet(43)) - raft.server.log.force.sync.num = 128 (default)
2019-10-07 23:32:02,891 [pool-403-thread-1] INFO  server.RaftServerConfigKeys (ConfUtils.java:logGet(43)) - raft.server.log.statemachine.data.sync = true (default)
2019-10-07 23:32:02,891 [pool-403-thread-1] INFO  server.RaftServerConfigKeys (ConfUtils.java:logGet(43)) - raft.server.log.statemachine.data.sync.timeout = 10s (default)
2019-10-07 23:32:02,891 [pool-403-thread-1] INFO  server.RaftServerConfigKeys (ConfUtils.java:logGet(43)) - raft.server.log.statemachine.data.sync.timeout.retry = -1 (default)
2019-10-07 23:32:02,891 [pool-403-thread-1] INFO  server.RaftServerConfigKeys (ConfUtils.java:logGet(43)) - raft.server.log.statemachine.data.caching.enabled = true (custom)
2019-10-07 23:32:02,892 [pool-403-thread-1] INFO  segmented.SegmentedRaftLogWorker (SegmentedRaftLogWorker.java:lambda$new$0(128)) - 4fb48f8d-81e9-4f66-86fb-c7726dd48448@group-A50D085CB826-SegmentedRaftLogWorker: flushIndex: setUnconditionally 0 -> -1
2019-10-07 23:32:02,892 [pool-403-thread-1] INFO  server.RaftServerConfigKeys (ConfUtils.java:logGet(43)) - raft.server.snapshot.auto.trigger.enabled = true (custom)
2019-10-07 23:32:02,892 [pool-403-thread-1] INFO  server.RaftServerConfigKeys (ConfUtils.java:logGet(43)) - raft.server.snapshot.auto.trigger.threshold = 10000 (custom)
2019-10-07 23:32:02,892 [pool-403-thread-1] INFO  server.RaftServerConfigKeys (ConfUtils.java:logGet(43)) - raft.server.snapshot.retention.file.num = 5 (custom)
2019-10-07 23:32:02,892 [pool-403-thread-1] INFO  server.RaftServerConfigKeys (ConfUtils.java:logGet(43)) - raft.server.retrycache.expirytime = 600000ms (custom)
2019-10-07 23:32:02,895 [pool-403-thread-1] INFO  impl.RaftServerImpl (RaftServerImpl.java:start(181)) - 4fb48f8d-81e9-4f66-86fb-c7726dd48448@group-A50D085CB826: start as a follower, conf=-1: [4fb48f8d-81e9-4f66-86fb-c7726dd48448:192.168.151.75:34336], old=null
2019-10-07 23:32:02,895 [pool-403-thread-1] INFO  impl.RaftServerImpl (RaftServerImpl.java:setRole(170)) - 4fb48f8d-81e9-4f66-86fb-c7726dd48448@group-A50D085CB826: changes role from      null to FOLLOWER at term 0 for startAsFollower
2019-10-07 23:32:02,895 [pool-403-thread-1] INFO  impl.RoleInfo (RoleInfo.java:updateAndGet(143)) - 4fb48f8d-81e9-4f66-86fb-c7726dd48448: start FollowerState
2019-10-07 23:32:02,895 [pool-403-thread-1] INFO  util.JmxRegister (JmxRegister.java:tryRegister(44)) - Successfully registered JMX Bean with object name Ratis:service=RaftServer,group=group-A50D085CB826,id=4fb48f8d-81e9-4f66-86fb-c7726dd48448
2019-10-07 23:32:02,900 [RatisPipelineUtilsThread] INFO  pipeline.PipelineStateManager (PipelineStateManager.java:addPipeline(57)) - Created pipeline Pipeline[ Id: 4fe66be4-903c-4635-aab1-a50d085cb826, Nodes: 4fb48f8d-81e9-4f66-86fb-c7726dd48448{ip: 192.168.151.75, host: pr-hdds-1868-k864b-3611000933, networkLocation: /default-rack, certSerialId: null}, Type:RATIS, Factor:ONE, State:ALLOCATED]
2019-10-07 23:32:02,908 [grpc-default-executor-7] INFO  impl.RaftServerProxy (RaftServerProxy.java:addNew(89)) - e117b867-d4bf-4f16-8fb0-9fc7cd76fe51: addNew group-EDC0F51E6753:[e117b867-d4bf-4f16-8fb0-9fc7cd76fe51:192.168.151.75:34188] returns group-EDC0F51E6753:java.util.concurrent.CompletableFuture@1f6d4248[Not completed]
2019-10-07 23:32:02,909 [pool-443-thread-1] INFO  impl.RaftServerImpl (RaftServerImpl.java:<init>(95)) - e117b867-d4bf-4f16-8fb0-9fc7cd76fe51: new RaftServerImpl for group-EDC0F51E6753:[e117b867-d4bf-4f16-8fb0-9fc7cd76fe51:192.168.151.75:34188] with ContainerStateMachine:uninitialized
2019-10-07 23:32:02,909 [pool-443-thread-1] INFO  server.RaftServerConfigKeys (ConfUtils.java:logGet(43)) - raft.server.rpc.timeout.min = 5s (custom)
2019-10-07 23:32:02,909 [pool-443-thread-1] INFO  server.RaftServerConfigKeys (ConfUtils.java:logGet(43)) - raft.server.rpc.timeout.max = 5200ms (custom)
2019-10-07 23:32:02,909 [pool-443-thread-1] INFO  server.RaftServerConfigKeys (ConfUtils.java:logGet(43)) - raft.server.rpcslowness.timeout = 120s (custom)
2019-10-07 23:32:02,909 [pool-443-thread-1] INFO  server.RaftServerConfigKeys (ConfUtils.java:logGet(43)) - raft.server.sleep.deviation.threshold = 300 (default)
2019-10-07 23:32:02,910 [pool-443-thread-1] INFO  server.RaftServerConfigKeys (ConfUtils.java:logGet(43)) - raft.server.log.appender.install.snapshot.enabled = false (custom)
2019-10-07 23:32:02,910 [pool-443-thread-1] INFO  impl.RaftServerImpl (ServerState.java:<init>(103)) - e117b867-d4bf-4f16-8fb0-9fc7cd76fe51@group-EDC0F51E6753: ConfigurationManager, init=-1: [e117b867-d4bf-4f16-8fb0-9fc7cd76fe51:192.168.151.75:34188], old=null, confs=<EMPTY_MAP>
2019-10-07 23:32:02,910 [pool-443-thread-1] INFO  server.RaftServerConfigKeys (ConfUtils.java:logGet(43)) - raft.server.storage.dir = [/workdir/hadoop-ozone/integration-test/target/test-dir/MiniOzoneClusterImpl-352333b8-4a53-463e-b611-0484fc381049/datanode-6/data/ratis] (custom)
2019-10-07 23:32:02,910 [pool-443-thread-1] INFO  server.RaftServerConfigKeys (ConfUtils.java:logGet(43)) - raft.server.log.corruption.policy = EXCEPTION (default)
2019-10-07 23:32:02,910 [pool-443-thread-1] INFO  storage.RaftStorageDirectory (RaftStorageDirectory.java:analyzeStorage(246)) - The storage directory /workdir/hadoop-ozone/integration-test/target/test-dir/MiniOzoneClusterImpl-352333b8-4a53-463e-b611-0484fc381049/datanode-6/data/ratis/5063f334-4ed0-4717-86c1-edc0f51e6753 does not exist. Creating ...
2019-10-07 23:32:02,923 [pool-443-thread-1] INFO  storage.RaftStorageDirectory (RaftStorageDirectory.java:tryLock(328)) - Lock on /workdir/hadoop-ozone/integration-test/target/test-dir/MiniOzoneClusterImpl-352333b8-4a53-463e-b611-0484fc381049/datanode-6/data/ratis/5063f334-4ed0-4717-86c1-edc0f51e6753/in_use.lock acquired by nodename 21128@pr-hdds-1868-k864b-3611000933
2019-10-07 23:32:02,936 [pool-443-thread-1] INFO  storage.RaftStorage (RaftStorage.java:format(84)) - Storage directory /workdir/hadoop-ozone/integration-test/target/test-dir/MiniOzoneClusterImpl-352333b8-4a53-463e-b611-0484fc381049/datanode-6/data/ratis/5063f334-4ed0-4717-86c1-edc0f51e6753 has been successfully formatted.
2019-10-07 23:32:02,936 [pool-443-thread-1] INFO  ratis.ContainerStateMachine (ContainerStateMachine.java:loadSnapshot(233)) - group-EDC0F51E6753: The snapshot info is null. Setting the last applied indexto:(t:0, i:~)
2019-10-07 23:32:02,936 [pool-443-thread-1] INFO  server.RaftServerConfigKeys (ConfUtils.java:logGet(43)) - raft.server.notification.no-leader.timeout = 120s (custom)
2019-10-07 23:32:02,936 [pool-443-thread-1] INFO  server.RaftServerConfigKeys (ConfUtils.java:logGet(43)) - raft.server.log.use.memory = false (default)
2019-10-07 23:32:02,936 [pool-443-thread-1] INFO  server.RaftServerConfigKeys (ConfUtils.java:logGet(43)) - raft.server.log.purge.gap = 1000000 (custom)
2019-10-07 23:32:02,937 [pool-443-thread-1] INFO  server.RaftServerConfigKeys (ConfUtils.java:logGet(43)) - raft.server.log.appender.buffer.byte-limit = 33554432 (custom)
2019-10-07 23:32:02,937 [pool-443-thread-1] INFO  server.RaftServerConfigKeys (ConfUtils.java:logGet(43)) - raft.server.log.segment.size.max = 1048576 (custom)
2019-10-07 23:32:02,938 [pool-443-thread-1] INFO  server.RaftServerConfigKeys (ConfUtils.java:logGet(43)) - raft.server.log.segment.cache.num.max = 2 (custom)
2019-10-07 23:32:02,938 [pool-443-thread-1] INFO  segmented.SegmentedRaftLogWorker (SegmentedRaftLogWorker.java:<init>(173)) - new e117b867-d4bf-4f16-8fb0-9fc7cd76fe51@group-EDC0F51E6753-SegmentedRaftLogWorker for RaftStorage:Storage Directory /workdir/hadoop-ozone/integration-test/target/test-dir/MiniOzoneClusterImpl-352333b8-4a53-463e-b611-0484fc381049/datanode-6/data/ratis/5063f334-4ed0-4717-86c1-edc0f51e6753
2019-10-07 23:32:02,938 [pool-443-thread-1] INFO  server.RaftServerConfigKeys (ConfUtils.java:logGet(43)) - raft.server.log.queue.byte-limit = 2147483647 (custom)
2019-10-07 23:32:02,938 [pool-443-thread-1] INFO  server.RaftServerConfigKeys (ConfUtils.java:logGet(43)) - raft.server.log.queue.element-limit = 1024 (custom)
2019-10-07 23:32:02,938 [pool-443-thread-1] INFO  server.RaftServerConfigKeys (ConfUtils.java:logGet(43)) - raft.server.log.segment.size.max = 1048576 (custom)
2019-10-07 23:32:02,938 [pool-443-thread-1] INFO  server.RaftServerConfigKeys (ConfUtils.java:logGet(43)) - raft.server.log.preallocated.size = 16384 (custom)
2019-10-07 23:32:02,939 [pool-443-thread-1] INFO  server.RaftServerConfigKeys (ConfUtils.java:logGet(43)) - raft.server.log.write.buffer.size = 33554432 (custom)
2019-10-07 23:32:02,939 [pool-443-thread-1] INFO  server.RaftServerConfigKeys (ConfUtils.java:logGet(43)) - raft.server.log.force.sync.num = 128 (default)
2019-10-07 23:32:02,939 [pool-443-thread-1] INFO  server.RaftServerConfigKeys (ConfUtils.java:logGet(43)) - raft.server.log.statemachine.data.sync = true (default)
2019-10-07 23:32:02,939 [pool-443-thread-1] INFO  server.RaftServerConfigKeys (ConfUtils.java:logGet(43)) - raft.server.log.statemachine.data.sync.timeout = 10s (default)
2019-10-07 23:32:02,939 [pool-443-thread-1] INFO  server.RaftServerConfigKeys (ConfUtils.java:logGet(43)) - raft.server.log.statemachine.data.sync.timeout.retry = -1 (default)
2019-10-07 23:32:02,939 [pool-443-thread-1] INFO  server.RaftServerConfigKeys (ConfUtils.java:logGet(43)) - raft.server.log.statemachine.data.caching.enabled = true (custom)
2019-10-07 23:32:02,940 [pool-443-thread-1] INFO  segmented.SegmentedRaftLogWorker (SegmentedRaftLogWorker.java:lambda$new$0(128)) - e117b867-d4bf-4f16-8fb0-9fc7cd76fe51@group-EDC0F51E6753-SegmentedRaftLogWorker: flushIndex: setUnconditionally 0 -> -1
2019-10-07 23:32:02,940 [pool-443-thread-1] INFO  server.RaftServerConfigKeys (ConfUtils.java:logGet(43)) - raft.server.snapshot.auto.trigger.enabled = true (custom)
2019-10-07 23:32:02,940 [pool-443-thread-1] INFO  server.RaftServerConfigKeys (ConfUtils.java:logGet(43)) - raft.server.snapshot.auto.trigger.threshold = 10000 (custom)
2019-10-07 23:32:02,940 [pool-443-thread-1] INFO  server.RaftServerConfigKeys (ConfUtils.java:logGet(43)) - raft.server.snapshot.retention.file.num = 5 (custom)
2019-10-07 23:32:02,940 [pool-443-thread-1] INFO  server.RaftServerConfigKeys (ConfUtils.java:logGet(43)) - raft.server.retrycache.expirytime = 600000ms (custom)
2019-10-07 23:32:02,942 [pool-443-thread-1] INFO  impl.RaftServerImpl (RaftServerImpl.java:start(181)) - e117b867-d4bf-4f16-8fb0-9fc7cd76fe51@group-EDC0F51E6753: start as a follower, conf=-1: [e117b867-d4bf-4f16-8fb0-9fc7cd76fe51:192.168.151.75:34188], old=null
2019-10-07 23:32:02,942 [pool-443-thread-1] INFO  impl.RaftServerImpl (RaftServerImpl.java:setRole(170)) - e117b867-d4bf-4f16-8fb0-9fc7cd76fe51@group-EDC0F51E6753: changes role from      null to FOLLOWER at term 0 for startAsFollower
2019-10-07 23:32:02,942 [pool-443-thread-1] INFO  impl.RoleInfo (RoleInfo.java:updateAndGet(143)) - e117b867-d4bf-4f16-8fb0-9fc7cd76fe51: start FollowerState
2019-10-07 23:32:02,942 [pool-443-thread-1] INFO  util.JmxRegister (JmxRegister.java:tryRegister(44)) - Successfully registered JMX Bean with object name Ratis:service=RaftServer,group=group-EDC0F51E6753,id=e117b867-d4bf-4f16-8fb0-9fc7cd76fe51
2019-10-07 23:32:02,945 [RatisPipelineUtilsThread] INFO  pipeline.PipelineStateManager (PipelineStateManager.java:addPipeline(57)) - Created pipeline Pipeline[ Id: 5063f334-4ed0-4717-86c1-edc0f51e6753, Nodes: e117b867-d4bf-4f16-8fb0-9fc7cd76fe51{ip: 192.168.151.75, host: pr-hdds-1868-k864b-3611000933, networkLocation: /default-rack, certSerialId: null}, Type:RATIS, Factor:ONE, State:ALLOCATED]
2019-10-07 23:32:02,946 [Thread-2548] INFO  pipeline.PipelineStateManager (PipelineStateManager.java:finalizePipeline(123)) - Pipeline Pipeline[ Id: bec5cfae-a9e4-4862-b795-65fd62ad0baa, Nodes: c5ad0c37-429e-4687-981a-4ed62e267729{ip: 192.168.151.75, host: pr-hdds-1868-k864b-3611000933, networkLocation: /default-rack, certSerialId: null}, Type:RATIS, Factor:ONE, State:CLOSED] moved to CLOSED state
2019-10-07 23:32:02,955 [grpc-default-executor-7] INFO  impl.RaftServerProxy (RaftServerProxy.java:remove(95)) - c5ad0c37-429e-4687-981a-4ed62e267729: remove  FOLLOWER c5ad0c37-429e-4687-981a-4ed62e267729@group-65FD62AD0BAA:t0, leader=null, voted=null, raftlog=c5ad0c37-429e-4687-981a-4ed62e267729@group-65FD62AD0BAA-SegmentedRaftLog:OPENED:c-1,f-1,i0, conf=-1: [c5ad0c37-429e-4687-981a-4ed62e267729:192.168.151.75:35930], old=null RUNNING
2019-10-07 23:32:02,955 [grpc-default-executor-7] INFO  impl.RaftServerImpl (RaftServerImpl.java:lambda$shutdown$3(247)) - c5ad0c37-429e-4687-981a-4ed62e267729@group-65FD62AD0BAA: shutdown
2019-10-07 23:32:02,955 [grpc-default-executor-7] INFO  util.JmxRegister (JmxRegister.java:unregister(73)) - Successfully un-registered JMX Bean with object name Ratis:service=RaftServer,group=group-65FD62AD0BAA,id=c5ad0c37-429e-4687-981a-4ed62e267729
2019-10-07 23:32:02,956 [grpc-default-executor-7] INFO  impl.RoleInfo (RoleInfo.java:shutdownFollowerState(121)) - c5ad0c37-429e-4687-981a-4ed62e267729: shutdown FollowerState
2019-10-07 23:32:02,956 [grpc-default-executor-7] INFO  impl.StateMachineUpdater (StateMachineUpdater.java:stopAndJoin(136)) - c5ad0c37-429e-4687-981a-4ed62e267729@group-65FD62AD0BAA-StateMachineUpdater: set stopIndex = -1
2019-10-07 23:32:02,956 [Thread-2570] INFO  impl.FollowerState (FollowerState.java:run(117)) - c5ad0c37-429e-4687-981a-4ed62e267729@group-65FD62AD0BAA-FollowerState was interrupted: java.lang.InterruptedException: sleep interrupted
2019-10-07 23:32:02,956 [grpc-default-executor-7] INFO  impl.RaftServerImpl (ServerState.java:close(387)) - c5ad0c37-429e-4687-981a-4ed62e267729@group-65FD62AD0BAA: closes. applyIndex: -1
2019-10-07 23:32:02,957 [c5ad0c37-429e-4687-981a-4ed62e267729@group-65FD62AD0BAA-SegmentedRaftLogWorker] INFO  segmented.SegmentedRaftLogWorker (SegmentedRaftLogWorker.java:run(316)) - c5ad0c37-429e-4687-981a-4ed62e267729@group-65FD62AD0BAA-SegmentedRaftLogWorker was interrupted, exiting. There are 0 tasks remaining in the queue.
2019-10-07 23:32:02,957 [grpc-default-executor-7] INFO  segmented.SegmentedRaftLogWorker (SegmentedRaftLogWorker.java:close(224)) - c5ad0c37-429e-4687-981a-4ed62e267729@group-65FD62AD0BAA-SegmentedRaftLogWorker close()
2019-10-07 23:32:02,967 [Thread-2548] INFO  pipeline.PipelineStateManager (PipelineStateManager.java:removePipeline(108)) - Pipeline Pipeline[ Id: bec5cfae-a9e4-4862-b795-65fd62ad0baa, Nodes: c5ad0c37-429e-4687-981a-4ed62e267729{ip: 192.168.151.75, host: pr-hdds-1868-k864b-3611000933, networkLocation: /default-rack, certSerialId: null}, Type:RATIS, Factor:ONE, State:CLOSED] removed from db
2019-10-07 23:32:02,968 [Thread-2548] INFO  pipeline.SCMPipelineManager (SCMPipelineManager.java:finalizeAndDestroyPipeline(315)) - destroying pipeline:Pipeline[ Id: b4bec262-45d6-439f-9e45-926f929a6a81, Nodes: 0762d526-f4f4-4a47-8e0a-da1a15343f7f{ip: 192.168.151.75, host: pr-hdds-1868-k864b-3611000933, networkLocation: /default-rack, certSerialId: null}, Type:RATIS, Factor:ONE, State:ALLOCATED]
2019-10-07 23:32:02,971 [grpc-default-executor-7] INFO  impl.RaftServerProxy (RaftServerProxy.java:addNew(89)) - c5ad0c37-429e-4687-981a-4ed62e267729: addNew group-9B20A97DFA37:[c5ad0c37-429e-4687-981a-4ed62e267729:192.168.151.75:35930] returns group-9B20A97DFA37:java.util.concurrent.CompletableFuture@5cd1715a[Not completed]
2019-10-07 23:32:02,972 [pool-413-thread-1] INFO  impl.RaftServerImpl (RaftServerImpl.java:<init>(95)) - c5ad0c37-429e-4687-981a-4ed62e267729: new RaftServerImpl for group-9B20A97DFA37:[c5ad0c37-429e-4687-981a-4ed62e267729:192.168.151.75:35930] with ContainerStateMachine:uninitialized
2019-10-07 23:32:02,973 [pool-413-thread-1] INFO  server.RaftServerConfigKeys (ConfUtils.java:logGet(43)) - raft.server.rpc.timeout.min = 5s (custom)
2019-10-07 23:32:02,973 [pool-413-thread-1] INFO  server.RaftServerConfigKeys (ConfUtils.java:logGet(43)) - raft.server.rpc.timeout.max = 5200ms (custom)
2019-10-07 23:32:02,973 [pool-413-thread-1] INFO  server.RaftServerConfigKeys (ConfUtils.java:logGet(43)) - raft.server.rpcslowness.timeout = 120s (custom)
2019-10-07 23:32:02,973 [pool-413-thread-1] INFO  server.RaftServerConfigKeys (ConfUtils.java:logGet(43)) - raft.server.sleep.deviation.threshold = 300 (default)
2019-10-07 23:32:02,973 [pool-413-thread-1] INFO  server.RaftServerConfigKeys (ConfUtils.java:logGet(43)) - raft.server.log.appender.install.snapshot.enabled = false (custom)
2019-10-07 23:32:02,973 [pool-413-thread-1] INFO  impl.RaftServerImpl (ServerState.java:<init>(103)) - c5ad0c37-429e-4687-981a-4ed62e267729@group-9B20A97DFA37: ConfigurationManager, init=-1: [c5ad0c37-429e-4687-981a-4ed62e267729:192.168.151.75:35930], old=null, confs=<EMPTY_MAP>
2019-10-07 23:32:02,973 [pool-413-thread-1] INFO  server.RaftServerConfigKeys (ConfUtils.java:logGet(43)) - raft.server.storage.dir = [/workdir/hadoop-ozone/integration-test/target/test-dir/MiniOzoneClusterImpl-352333b8-4a53-463e-b611-0484fc381049/datanode-3/data/ratis] (custom)
2019-10-07 23:32:02,974 [pool-413-thread-1] INFO  server.RaftServerConfigKeys (ConfUtils.java:logGet(43)) - raft.server.log.corruption.policy = EXCEPTION (default)
2019-10-07 23:32:02,974 [pool-413-thread-1] INFO  storage.RaftStorageDirectory (RaftStorageDirectory.java:analyzeStorage(246)) - The storage directory /workdir/hadoop-ozone/integration-test/target/test-dir/MiniOzoneClusterImpl-352333b8-4a53-463e-b611-0484fc381049/datanode-3/data/ratis/2907a901-f9bb-4961-81d0-9b20a97dfa37 does not exist. Creating ...
2019-10-07 23:32:02,987 [pool-413-thread-1] INFO  storage.RaftStorageDirectory (RaftStorageDirectory.java:tryLock(328)) - Lock on /workdir/hadoop-ozone/integration-test/target/test-dir/MiniOzoneClusterImpl-352333b8-4a53-463e-b611-0484fc381049/datanode-3/data/ratis/2907a901-f9bb-4961-81d0-9b20a97dfa37/in_use.lock acquired by nodename 21128@pr-hdds-1868-k864b-3611000933
2019-10-07 23:32:03,000 [pool-413-thread-1] INFO  storage.RaftStorage (RaftStorage.java:format(84)) - Storage directory /workdir/hadoop-ozone/integration-test/target/test-dir/MiniOzoneClusterImpl-352333b8-4a53-463e-b611-0484fc381049/datanode-3/data/ratis/2907a901-f9bb-4961-81d0-9b20a97dfa37 has been successfully formatted.
2019-10-07 23:32:03,000 [pool-413-thread-1] INFO  ratis.ContainerStateMachine (ContainerStateMachine.java:loadSnapshot(233)) - group-9B20A97DFA37: The snapshot info is null. Setting the last applied indexto:(t:0, i:~)
2019-10-07 23:32:03,000 [pool-413-thread-1] INFO  server.RaftServerConfigKeys (ConfUtils.java:logGet(43)) - raft.server.notification.no-leader.timeout = 120s (custom)
2019-10-07 23:32:03,000 [pool-413-thread-1] INFO  server.RaftServerConfigKeys (ConfUtils.java:logGet(43)) - raft.server.log.use.memory = false (default)
2019-10-07 23:32:03,001 [pool-413-thread-1] INFO  server.RaftServerConfigKeys (ConfUtils.java:logGet(43)) - raft.server.log.purge.gap = 1000000 (custom)
2019-10-07 23:32:03,001 [pool-413-thread-1] INFO  server.RaftServerConfigKeys (ConfUtils.java:logGet(43)) - raft.server.log.appender.buffer.byte-limit = 33554432 (custom)
2019-10-07 23:32:03,001 [pool-413-thread-1] INFO  server.RaftServerConfigKeys (ConfUtils.java:logGet(43)) - raft.server.log.segment.size.max = 1048576 (custom)
2019-10-07 23:32:03,001 [pool-413-thread-1] INFO  server.RaftServerConfigKeys (ConfUtils.java:logGet(43)) - raft.server.log.segment.cache.num.max = 2 (custom)
2019-10-07 23:32:03,001 [pool-413-thread-1] INFO  segmented.SegmentedRaftLogWorker (SegmentedRaftLogWorker.java:<init>(173)) - new c5ad0c37-429e-4687-981a-4ed62e267729@group-9B20A97DFA37-SegmentedRaftLogWorker for RaftStorage:Storage Directory /workdir/hadoop-ozone/integration-test/target/test-dir/MiniOzoneClusterImpl-352333b8-4a53-463e-b611-0484fc381049/datanode-3/data/ratis/2907a901-f9bb-4961-81d0-9b20a97dfa37
2019-10-07 23:32:03,001 [pool-413-thread-1] INFO  server.RaftServerConfigKeys (ConfUtils.java:logGet(43)) - raft.server.log.queue.byte-limit = 2147483647 (custom)
2019-10-07 23:32:03,001 [pool-413-thread-1] INFO  server.RaftServerConfigKeys (ConfUtils.java:logGet(43)) - raft.server.log.queue.element-limit = 1024 (custom)
2019-10-07 23:32:03,002 [pool-413-thread-1] INFO  server.RaftServerConfigKeys (ConfUtils.java:logGet(43)) - raft.server.log.segment.size.max = 1048576 (custom)
2019-10-07 23:32:03,002 [pool-413-thread-1] INFO  server.RaftServerConfigKeys (ConfUtils.java:logGet(43)) - raft.server.log.preallocated.size = 16384 (custom)
2019-10-07 23:32:03,002 [pool-413-thread-1] INFO  server.RaftServerConfigKeys (ConfUtils.java:logGet(43)) - raft.server.log.write.buffer.size = 33554432 (custom)
2019-10-07 23:32:03,002 [pool-413-thread-1] INFO  server.RaftServerConfigKeys (ConfUtils.java:logGet(43)) - raft.server.log.force.sync.num = 128 (default)
2019-10-07 23:32:03,002 [pool-413-thread-1] INFO  server.RaftServerConfigKeys (ConfUtils.java:logGet(43)) - raft.server.log.statemachine.data.sync = true (default)
2019-10-07 23:32:03,002 [pool-413-thread-1] INFO  server.RaftServerConfigKeys (ConfUtils.java:logGet(43)) - raft.server.log.statemachine.data.sync.timeout = 10s (default)
2019-10-07 23:32:03,002 [pool-413-thread-1] INFO  server.RaftServerConfigKeys (ConfUtils.java:logGet(43)) - raft.server.log.statemachine.data.sync.timeout.retry = -1 (default)
2019-10-07 23:32:03,003 [pool-413-thread-1] INFO  server.RaftServerConfigKeys (ConfUtils.java:logGet(43)) - raft.server.log.statemachine.data.caching.enabled = true (custom)
2019-10-07 23:32:03,003 [pool-413-thread-1] INFO  segmented.SegmentedRaftLogWorker (SegmentedRaftLogWorker.java:lambda$new$0(128)) - c5ad0c37-429e-4687-981a-4ed62e267729@group-9B20A97DFA37-SegmentedRaftLogWorker: flushIndex: setUnconditionally 0 -> -1
2019-10-07 23:32:03,003 [pool-413-thread-1] INFO  server.RaftServerConfigKeys (ConfUtils.java:logGet(43)) - raft.server.snapshot.auto.trigger.enabled = true (custom)
2019-10-07 23:32:03,003 [pool-413-thread-1] INFO  server.RaftServerConfigKeys (ConfUtils.java:logGet(43)) - raft.server.snapshot.auto.trigger.threshold = 10000 (custom)
2019-10-07 23:32:03,004 [pool-413-thread-1] INFO  server.RaftServerConfigKeys (ConfUtils.java:logGet(43)) - raft.server.snapshot.retention.file.num = 5 (custom)
2019-10-07 23:32:03,004 [pool-413-thread-1] INFO  server.RaftServerConfigKeys (ConfUtils.java:logGet(43)) - raft.server.retrycache.expirytime = 600000ms (custom)
2019-10-07 23:32:03,006 [pool-413-thread-1] INFO  impl.RaftServerImpl (RaftServerImpl.java:start(181)) - c5ad0c37-429e-4687-981a-4ed62e267729@group-9B20A97DFA37: start as a follower, conf=-1: [c5ad0c37-429e-4687-981a-4ed62e267729:192.168.151.75:35930], old=null
2019-10-07 23:32:03,006 [pool-413-thread-1] INFO  impl.RaftServerImpl (RaftServerImpl.java:setRole(170)) - c5ad0c37-429e-4687-981a-4ed62e267729@group-9B20A97DFA37: changes role from      null to FOLLOWER at term 0 for startAsFollower
2019-10-07 23:32:03,006 [pool-413-thread-1] INFO  impl.RoleInfo (RoleInfo.java:updateAndGet(143)) - c5ad0c37-429e-4687-981a-4ed62e267729: start FollowerState
2019-10-07 23:32:03,006 [pool-413-thread-1] INFO  util.JmxRegister (JmxRegister.java:tryRegister(44)) - Successfully registered JMX Bean with object name Ratis:service=RaftServer,group=group-9B20A97DFA37,id=c5ad0c37-429e-4687-981a-4ed62e267729
2019-10-07 23:32:03,010 [RatisPipelineUtilsThread] INFO  pipeline.PipelineStateManager (PipelineStateManager.java:addPipeline(57)) - Created pipeline Pipeline[ Id: 2907a901-f9bb-4961-81d0-9b20a97dfa37, Nodes: c5ad0c37-429e-4687-981a-4ed62e267729{ip: 192.168.151.75, host: pr-hdds-1868-k864b-3611000933, networkLocation: /default-rack, certSerialId: null}, Type:RATIS, Factor:ONE, State:ALLOCATED]
2019-10-07 23:32:03,011 [Thread-2548] INFO  pipeline.PipelineStateManager (PipelineStateManager.java:finalizePipeline(123)) - Pipeline Pipeline[ Id: b4bec262-45d6-439f-9e45-926f929a6a81, Nodes: 0762d526-f4f4-4a47-8e0a-da1a15343f7f{ip: 192.168.151.75, host: pr-hdds-1868-k864b-3611000933, networkLocation: /default-rack, certSerialId: null}, Type:RATIS, Factor:ONE, State:CLOSED] moved to CLOSED state
2019-10-07 23:32:03,018 [grpc-default-executor-7] INFO  impl.RaftServerProxy (RaftServerProxy.java:remove(95)) - 0762d526-f4f4-4a47-8e0a-da1a15343f7f: remove  FOLLOWER 0762d526-f4f4-4a47-8e0a-da1a15343f7f@group-926F929A6A81:t0, leader=null, voted=null, raftlog=0762d526-f4f4-4a47-8e0a-da1a15343f7f@group-926F929A6A81-SegmentedRaftLog:OPENED:c-1,f-1,i0, conf=-1: [0762d526-f4f4-4a47-8e0a-da1a15343f7f:192.168.151.75:44064], old=null RUNNING
2019-10-07 23:32:03,018 [grpc-default-executor-7] INFO  impl.RaftServerImpl (RaftServerImpl.java:lambda$shutdown$3(247)) - 0762d526-f4f4-4a47-8e0a-da1a15343f7f@group-926F929A6A81: shutdown
2019-10-07 23:32:03,018 [grpc-default-executor-7] INFO  util.JmxRegister (JmxRegister.java:unregister(73)) - Successfully un-registered JMX Bean with object name Ratis:service=RaftServer,group=group-926F929A6A81,id=0762d526-f4f4-4a47-8e0a-da1a15343f7f
2019-10-07 23:32:03,018 [grpc-default-executor-7] INFO  impl.RoleInfo (RoleInfo.java:shutdownFollowerState(121)) - 0762d526-f4f4-4a47-8e0a-da1a15343f7f: shutdown FollowerState
2019-10-07 23:32:03,018 [grpc-default-executor-7] INFO  impl.StateMachineUpdater (StateMachineUpdater.java:stopAndJoin(136)) - 0762d526-f4f4-4a47-8e0a-da1a15343f7f@group-926F929A6A81-StateMachineUpdater: set stopIndex = -1
2019-10-07 23:32:03,018 [Thread-2573] INFO  impl.FollowerState (FollowerState.java:run(117)) - 0762d526-f4f4-4a47-8e0a-da1a15343f7f@group-926F929A6A81-FollowerState was interrupted: java.lang.InterruptedException: sleep interrupted
2019-10-07 23:32:03,019 [grpc-default-executor-7] INFO  impl.RaftServerImpl (ServerState.java:close(387)) - 0762d526-f4f4-4a47-8e0a-da1a15343f7f@group-926F929A6A81: closes. applyIndex: -1
2019-10-07 23:32:03,019 [0762d526-f4f4-4a47-8e0a-da1a15343f7f@group-926F929A6A81-SegmentedRaftLogWorker] INFO  segmented.SegmentedRaftLogWorker (SegmentedRaftLogWorker.java:run(316)) - 0762d526-f4f4-4a47-8e0a-da1a15343f7f@group-926F929A6A81-SegmentedRaftLogWorker was interrupted, exiting. There are 0 tasks remaining in the queue.
2019-10-07 23:32:03,019 [grpc-default-executor-7] INFO  segmented.SegmentedRaftLogWorker (SegmentedRaftLogWorker.java:close(224)) - 0762d526-f4f4-4a47-8e0a-da1a15343f7f@group-926F929A6A81-SegmentedRaftLogWorker close()
2019-10-07 23:32:03,028 [Thread-2548] INFO  pipeline.PipelineStateManager (PipelineStateManager.java:removePipeline(108)) - Pipeline Pipeline[ Id: b4bec262-45d6-439f-9e45-926f929a6a81, Nodes: 0762d526-f4f4-4a47-8e0a-da1a15343f7f{ip: 192.168.151.75, host: pr-hdds-1868-k864b-3611000933, networkLocation: /default-rack, certSerialId: null}, Type:RATIS, Factor:ONE, State:CLOSED] removed from db
2019-10-07 23:32:03,028 [Thread-2548] INFO  pipeline.SCMPipelineManager (SCMPipelineManager.java:finalizeAndDestroyPipeline(315)) - destroying pipeline:Pipeline[ Id: 0dafb0bc-726e-4439-a21a-61d467390aca, Nodes: f6cf535b-0e7e-49fb-ad18-0fd5e9f0c404{ip: 192.168.151.75, host: pr-hdds-1868-k864b-3611000933, networkLocation: /default-rack, certSerialId: null}, Type:RATIS, Factor:ONE, State:ALLOCATED]
2019-10-07 23:32:03,032 [grpc-default-executor-7] INFO  impl.RaftServerProxy (RaftServerProxy.java:addNew(89)) - 0762d526-f4f4-4a47-8e0a-da1a15343f7f: addNew group-AC69EC126DA6:[0762d526-f4f4-4a47-8e0a-da1a15343f7f:192.168.151.75:44064] returns group-AC69EC126DA6:java.util.concurrent.CompletableFuture@1b330d9e[Not completed]
2019-10-07 23:32:03,034 [pool-423-thread-1] INFO  impl.RaftServerImpl (RaftServerImpl.java:<init>(95)) - 0762d526-f4f4-4a47-8e0a-da1a15343f7f: new RaftServerImpl for group-AC69EC126DA6:[0762d526-f4f4-4a47-8e0a-da1a15343f7f:192.168.151.75:44064] with ContainerStateMachine:uninitialized
2019-10-07 23:32:03,034 [pool-423-thread-1] INFO  server.RaftServerConfigKeys (ConfUtils.java:logGet(43)) - raft.server.rpc.timeout.min = 5s (custom)
2019-10-07 23:32:03,034 [pool-423-thread-1] INFO  server.RaftServerConfigKeys (ConfUtils.java:logGet(43)) - raft.server.rpc.timeout.max = 5200ms (custom)
2019-10-07 23:32:03,034 [pool-423-thread-1] INFO  server.RaftServerConfigKeys (ConfUtils.java:logGet(43)) - raft.server.rpcslowness.timeout = 120s (custom)
2019-10-07 23:32:03,034 [pool-423-thread-1] INFO  server.RaftServerConfigKeys (ConfUtils.java:logGet(43)) - raft.server.sleep.deviation.threshold = 300 (default)
2019-10-07 23:32:03,035 [pool-423-thread-1] INFO  server.RaftServerConfigKeys (ConfUtils.java:logGet(43)) - raft.server.log.appender.install.snapshot.enabled = false (custom)
2019-10-07 23:32:03,035 [pool-423-thread-1] INFO  impl.RaftServerImpl (ServerState.java:<init>(103)) - 0762d526-f4f4-4a47-8e0a-da1a15343f7f@group-AC69EC126DA6: ConfigurationManager, init=-1: [0762d526-f4f4-4a47-8e0a-da1a15343f7f:192.168.151.75:44064], old=null, confs=<EMPTY_MAP>
2019-10-07 23:32:03,035 [pool-423-thread-1] INFO  server.RaftServerConfigKeys (ConfUtils.java:logGet(43)) - raft.server.storage.dir = [/workdir/hadoop-ozone/integration-test/target/test-dir/MiniOzoneClusterImpl-352333b8-4a53-463e-b611-0484fc381049/datanode-4/data/ratis] (custom)
2019-10-07 23:32:03,035 [pool-423-thread-1] INFO  server.RaftServerConfigKeys (ConfUtils.java:logGet(43)) - raft.server.log.corruption.policy = EXCEPTION (default)
2019-10-07 23:32:03,036 [pool-423-thread-1] INFO  storage.RaftStorageDirectory (RaftStorageDirectory.java:analyzeStorage(246)) - The storage directory /workdir/hadoop-ozone/integration-test/target/test-dir/MiniOzoneClusterImpl-352333b8-4a53-463e-b611-0484fc381049/datanode-4/data/ratis/bb6a8f9b-5e09-4896-9f79-ac69ec126da6 does not exist. Creating ...
2019-10-07 23:32:03,048 [pool-423-thread-1] INFO  storage.RaftStorageDirectory (RaftStorageDirectory.java:tryLock(328)) - Lock on /workdir/hadoop-ozone/integration-test/target/test-dir/MiniOzoneClusterImpl-352333b8-4a53-463e-b611-0484fc381049/datanode-4/data/ratis/bb6a8f9b-5e09-4896-9f79-ac69ec126da6/in_use.lock acquired by nodename 21128@pr-hdds-1868-k864b-3611000933
2019-10-07 23:32:03,061 [pool-423-thread-1] INFO  storage.RaftStorage (RaftStorage.java:format(84)) - Storage directory /workdir/hadoop-ozone/integration-test/target/test-dir/MiniOzoneClusterImpl-352333b8-4a53-463e-b611-0484fc381049/datanode-4/data/ratis/bb6a8f9b-5e09-4896-9f79-ac69ec126da6 has been successfully formatted.
2019-10-07 23:32:03,062 [pool-423-thread-1] INFO  ratis.ContainerStateMachine (ContainerStateMachine.java:loadSnapshot(233)) - group-AC69EC126DA6: The snapshot info is null. Setting the last applied indexto:(t:0, i:~)
2019-10-07 23:32:03,062 [pool-423-thread-1] INFO  server.RaftServerConfigKeys (ConfUtils.java:logGet(43)) - raft.server.notification.no-leader.timeout = 120s (custom)
2019-10-07 23:32:03,062 [pool-423-thread-1] INFO  server.RaftServerConfigKeys (ConfUtils.java:logGet(43)) - raft.server.log.use.memory = false (default)
2019-10-07 23:32:03,062 [pool-423-thread-1] INFO  server.RaftServerConfigKeys (ConfUtils.java:logGet(43)) - raft.server.log.purge.gap = 1000000 (custom)
2019-10-07 23:32:03,062 [pool-423-thread-1] INFO  server.RaftServerConfigKeys (ConfUtils.java:logGet(43)) - raft.server.log.appender.buffer.byte-limit = 33554432 (custom)
2019-10-07 23:32:03,062 [pool-423-thread-1] INFO  server.RaftServerConfigKeys (ConfUtils.java:logGet(43)) - raft.server.log.segment.size.max = 1048576 (custom)
2019-10-07 23:32:03,063 [pool-423-thread-1] INFO  server.RaftServerConfigKeys (ConfUtils.java:logGet(43)) - raft.server.log.segment.cache.num.max = 2 (custom)
2019-10-07 23:32:03,063 [pool-423-thread-1] INFO  segmented.SegmentedRaftLogWorker (SegmentedRaftLogWorker.java:<init>(173)) - new 0762d526-f4f4-4a47-8e0a-da1a15343f7f@group-AC69EC126DA6-SegmentedRaftLogWorker for RaftStorage:Storage Directory /workdir/hadoop-ozone/integration-test/target/test-dir/MiniOzoneClusterImpl-352333b8-4a53-463e-b611-0484fc381049/datanode-4/data/ratis/bb6a8f9b-5e09-4896-9f79-ac69ec126da6
2019-10-07 23:32:03,063 [pool-423-thread-1] INFO  server.RaftServerConfigKeys (ConfUtils.java:logGet(43)) - raft.server.log.queue.byte-limit = 2147483647 (custom)
2019-10-07 23:32:03,063 [pool-423-thread-1] INFO  server.RaftServerConfigKeys (ConfUtils.java:logGet(43)) - raft.server.log.queue.element-limit = 1024 (custom)
2019-10-07 23:32:03,063 [pool-423-thread-1] INFO  server.RaftServerConfigKeys (ConfUtils.java:logGet(43)) - raft.server.log.segment.size.max = 1048576 (custom)
2019-10-07 23:32:03,064 [pool-423-thread-1] INFO  server.RaftServerConfigKeys (ConfUtils.java:logGet(43)) - raft.server.log.preallocated.size = 16384 (custom)
2019-10-07 23:32:03,064 [pool-423-thread-1] INFO  server.RaftServerConfigKeys (ConfUtils.java:logGet(43)) - raft.server.log.write.buffer.size = 33554432 (custom)
2019-10-07 23:32:03,064 [pool-423-thread-1] INFO  server.RaftServerConfigKeys (ConfUtils.java:logGet(43)) - raft.server.log.force.sync.num = 128 (default)
2019-10-07 23:32:03,064 [pool-423-thread-1] INFO  server.RaftServerConfigKeys (ConfUtils.java:logGet(43)) - raft.server.log.statemachine.data.sync = true (default)
2019-10-07 23:32:03,064 [pool-423-thread-1] INFO  server.RaftServerConfigKeys (ConfUtils.java:logGet(43)) - raft.server.log.statemachine.data.sync.timeout = 10s (default)
2019-10-07 23:32:03,064 [pool-423-thread-1] INFO  server.RaftServerConfigKeys (ConfUtils.java:logGet(43)) - raft.server.log.statemachine.data.sync.timeout.retry = -1 (default)
2019-10-07 23:32:03,065 [pool-423-thread-1] INFO  server.RaftServerConfigKeys (ConfUtils.java:logGet(43)) - raft.server.log.statemachine.data.caching.enabled = true (custom)
2019-10-07 23:32:03,065 [pool-423-thread-1] INFO  segmented.SegmentedRaftLogWorker (SegmentedRaftLogWorker.java:lambda$new$0(128)) - 0762d526-f4f4-4a47-8e0a-da1a15343f7f@group-AC69EC126DA6-SegmentedRaftLogWorker: flushIndex: setUnconditionally 0 -> -1
2019-10-07 23:32:03,065 [pool-423-thread-1] INFO  server.RaftServerConfigKeys (ConfUtils.java:logGet(43)) - raft.server.snapshot.auto.trigger.enabled = true (custom)
2019-10-07 23:32:03,066 [pool-423-thread-1] INFO  server.RaftServerConfigKeys (ConfUtils.java:logGet(43)) - raft.server.snapshot.auto.trigger.threshold = 10000 (custom)
2019-10-07 23:32:03,066 [pool-423-thread-1] INFO  server.RaftServerConfigKeys (ConfUtils.java:logGet(43)) - raft.server.snapshot.retention.file.num = 5 (custom)
2019-10-07 23:32:03,066 [pool-423-thread-1] INFO  server.RaftServerConfigKeys (ConfUtils.java:logGet(43)) - raft.server.retrycache.expirytime = 600000ms (custom)
2019-10-07 23:32:03,068 [pool-423-thread-1] INFO  impl.RaftServerImpl (RaftServerImpl.java:start(181)) - 0762d526-f4f4-4a47-8e0a-da1a15343f7f@group-AC69EC126DA6: start as a follower, conf=-1: [0762d526-f4f4-4a47-8e0a-da1a15343f7f:192.168.151.75:44064], old=null
2019-10-07 23:32:03,068 [pool-423-thread-1] INFO  impl.RaftServerImpl (RaftServerImpl.java:setRole(170)) - 0762d526-f4f4-4a47-8e0a-da1a15343f7f@group-AC69EC126DA6: changes role from      null to FOLLOWER at term 0 for startAsFollower
2019-10-07 23:32:03,069 [pool-423-thread-1] INFO  impl.RoleInfo (RoleInfo.java:updateAndGet(143)) - 0762d526-f4f4-4a47-8e0a-da1a15343f7f: start FollowerState
2019-10-07 23:32:03,069 [pool-423-thread-1] INFO  util.JmxRegister (JmxRegister.java:tryRegister(44)) - Successfully registered JMX Bean with object name Ratis:service=RaftServer,group=group-AC69EC126DA6,id=0762d526-f4f4-4a47-8e0a-da1a15343f7f
2019-10-07 23:32:03,074 [RatisPipelineUtilsThread] INFO  pipeline.PipelineStateManager (PipelineStateManager.java:addPipeline(57)) - Created pipeline Pipeline[ Id: bb6a8f9b-5e09-4896-9f79-ac69ec126da6, Nodes: 0762d526-f4f4-4a47-8e0a-da1a15343f7f{ip: 192.168.151.75, host: pr-hdds-1868-k864b-3611000933, networkLocation: /default-rack, certSerialId: null}, Type:RATIS, Factor:ONE, State:ALLOCATED]
2019-10-07 23:32:03,075 [Thread-2548] INFO  pipeline.PipelineStateManager (PipelineStateManager.java:finalizePipeline(123)) - Pipeline Pipeline[ Id: 0dafb0bc-726e-4439-a21a-61d467390aca, Nodes: f6cf535b-0e7e-49fb-ad18-0fd5e9f0c404{ip: 192.168.151.75, host: pr-hdds-1868-k864b-3611000933, networkLocation: /default-rack, certSerialId: null}, Type:RATIS, Factor:ONE, State:CLOSED] moved to CLOSED state
2019-10-07 23:32:03,086 [grpc-default-executor-7] INFO  impl.RaftServerProxy (RaftServerProxy.java:remove(95)) - f6cf535b-0e7e-49fb-ad18-0fd5e9f0c404: remove  FOLLOWER f6cf535b-0e7e-49fb-ad18-0fd5e9f0c404@group-61D467390ACA:t0, leader=null, voted=null, raftlog=f6cf535b-0e7e-49fb-ad18-0fd5e9f0c404@group-61D467390ACA-SegmentedRaftLog:OPENED:c-1,f-1,i0, conf=-1: [f6cf535b-0e7e-49fb-ad18-0fd5e9f0c404:192.168.151.75:37994], old=null RUNNING
2019-10-07 23:32:03,086 [grpc-default-executor-7] INFO  impl.RaftServerImpl (RaftServerImpl.java:lambda$shutdown$3(247)) - f6cf535b-0e7e-49fb-ad18-0fd5e9f0c404@group-61D467390ACA: shutdown
2019-10-07 23:32:03,087 [grpc-default-executor-7] INFO  util.JmxRegister (JmxRegister.java:unregister(73)) - Successfully un-registered JMX Bean with object name Ratis:service=RaftServer,group=group-61D467390ACA,id=f6cf535b-0e7e-49fb-ad18-0fd5e9f0c404
2019-10-07 23:32:03,087 [grpc-default-executor-7] INFO  impl.RoleInfo (RoleInfo.java:shutdownFollowerState(121)) - f6cf535b-0e7e-49fb-ad18-0fd5e9f0c404: shutdown FollowerState
2019-10-07 23:32:03,087 [grpc-default-executor-7] INFO  impl.StateMachineUpdater (StateMachineUpdater.java:stopAndJoin(136)) - f6cf535b-0e7e-49fb-ad18-0fd5e9f0c404@group-61D467390ACA-StateMachineUpdater: set stopIndex = -1
2019-10-07 23:32:03,087 [grpc-default-executor-7] INFO  impl.RaftServerImpl (ServerState.java:close(387)) - f6cf535b-0e7e-49fb-ad18-0fd5e9f0c404@group-61D467390ACA: closes. applyIndex: -1
2019-10-07 23:32:03,087 [Thread-2550] INFO  impl.FollowerState (FollowerState.java:run(117)) - f6cf535b-0e7e-49fb-ad18-0fd5e9f0c404@group-61D467390ACA-FollowerState was interrupted: java.lang.InterruptedException: sleep interrupted
2019-10-07 23:32:03,088 [f6cf535b-0e7e-49fb-ad18-0fd5e9f0c404@group-61D467390ACA-SegmentedRaftLogWorker] INFO  segmented.SegmentedRaftLogWorker (SegmentedRaftLogWorker.java:run(316)) - f6cf535b-0e7e-49fb-ad18-0fd5e9f0c404@group-61D467390ACA-SegmentedRaftLogWorker was interrupted, exiting. There are 0 tasks remaining in the queue.
2019-10-07 23:32:03,088 [grpc-default-executor-7] INFO  segmented.SegmentedRaftLogWorker (SegmentedRaftLogWorker.java:close(224)) - f6cf535b-0e7e-49fb-ad18-0fd5e9f0c404@group-61D467390ACA-SegmentedRaftLogWorker close()
2019-10-07 23:32:03,099 [Thread-2548] INFO  pipeline.PipelineStateManager (PipelineStateManager.java:removePipeline(108)) - Pipeline Pipeline[ Id: 0dafb0bc-726e-4439-a21a-61d467390aca, Nodes: f6cf535b-0e7e-49fb-ad18-0fd5e9f0c404{ip: 192.168.151.75, host: pr-hdds-1868-k864b-3611000933, networkLocation: /default-rack, certSerialId: null}, Type:RATIS, Factor:ONE, State:CLOSED] removed from db
2019-10-07 23:32:03,099 [Thread-2548] INFO  pipeline.SCMPipelineManager (SCMPipelineManager.java:finalizeAndDestroyPipeline(315)) - destroying pipeline:Pipeline[ Id: f0306b7b-91e4-4297-8e7a-ec4756ef29e6, Nodes: 57c86727-38c9-4594-987b-cd5bf82b207d{ip: 192.168.151.75, host: pr-hdds-1868-k864b-3611000933, networkLocation: /default-rack, certSerialId: null}, Type:RATIS, Factor:ONE, State:ALLOCATED]
2019-10-07 23:32:03,102 [grpc-default-executor-7] INFO  impl.RaftServerProxy (RaftServerProxy.java:addNew(89)) - f6cf535b-0e7e-49fb-ad18-0fd5e9f0c404: addNew group-CD3A6834E1B4:[f6cf535b-0e7e-49fb-ad18-0fd5e9f0c404:192.168.151.75:37994] returns group-CD3A6834E1B4:java.util.concurrent.CompletableFuture@58ccfa8e[Not completed]
2019-10-07 23:32:03,103 [pool-383-thread-1] INFO  impl.RaftServerImpl (RaftServerImpl.java:<init>(95)) - f6cf535b-0e7e-49fb-ad18-0fd5e9f0c404: new RaftServerImpl for group-CD3A6834E1B4:[f6cf535b-0e7e-49fb-ad18-0fd5e9f0c404:192.168.151.75:37994] with ContainerStateMachine:uninitialized
2019-10-07 23:32:03,103 [pool-383-thread-1] INFO  server.RaftServerConfigKeys (ConfUtils.java:logGet(43)) - raft.server.rpc.timeout.min = 5s (custom)
2019-10-07 23:32:03,103 [pool-383-thread-1] INFO  server.RaftServerConfigKeys (ConfUtils.java:logGet(43)) - raft.server.rpc.timeout.max = 5200ms (custom)
2019-10-07 23:32:03,103 [pool-383-thread-1] INFO  server.RaftServerConfigKeys (ConfUtils.java:logGet(43)) - raft.server.rpcslowness.timeout = 120s (custom)
2019-10-07 23:32:03,103 [pool-383-thread-1] INFO  server.RaftServerConfigKeys (ConfUtils.java:logGet(43)) - raft.server.sleep.deviation.threshold = 300 (default)
2019-10-07 23:32:03,103 [pool-383-thread-1] INFO  server.RaftServerConfigKeys (ConfUtils.java:logGet(43)) - raft.server.log.appender.install.snapshot.enabled = false (custom)
2019-10-07 23:32:03,103 [pool-383-thread-1] INFO  impl.RaftServerImpl (ServerState.java:<init>(103)) - f6cf535b-0e7e-49fb-ad18-0fd5e9f0c404@group-CD3A6834E1B4: ConfigurationManager, init=-1: [f6cf535b-0e7e-49fb-ad18-0fd5e9f0c404:192.168.151.75:37994], old=null, confs=<EMPTY_MAP>
2019-10-07 23:32:03,104 [pool-383-thread-1] INFO  server.RaftServerConfigKeys (ConfUtils.java:logGet(43)) - raft.server.storage.dir = [/workdir/hadoop-ozone/integration-test/target/test-dir/MiniOzoneClusterImpl-352333b8-4a53-463e-b611-0484fc381049/datanode-0/data/ratis] (custom)
2019-10-07 23:32:03,104 [pool-383-thread-1] INFO  server.RaftServerConfigKeys (ConfUtils.java:logGet(43)) - raft.server.log.corruption.policy = EXCEPTION (default)
2019-10-07 23:32:03,104 [pool-383-thread-1] INFO  storage.RaftStorageDirectory (RaftStorageDirectory.java:analyzeStorage(246)) - The storage directory /workdir/hadoop-ozone/integration-test/target/test-dir/MiniOzoneClusterImpl-352333b8-4a53-463e-b611-0484fc381049/datanode-0/data/ratis/d88be40c-b703-46c6-8524-cd3a6834e1b4 does not exist. Creating ...
2019-10-07 23:32:03,118 [pool-383-thread-1] INFO  storage.RaftStorageDirectory (RaftStorageDirectory.java:tryLock(328)) - Lock on /workdir/hadoop-ozone/integration-test/target/test-dir/MiniOzoneClusterImpl-352333b8-4a53-463e-b611-0484fc381049/datanode-0/data/ratis/d88be40c-b703-46c6-8524-cd3a6834e1b4/in_use.lock acquired by nodename 21128@pr-hdds-1868-k864b-3611000933
2019-10-07 23:32:03,147 [pool-383-thread-1] INFO  storage.RaftStorage (RaftStorage.java:format(84)) - Storage directory /workdir/hadoop-ozone/integration-test/target/test-dir/MiniOzoneClusterImpl-352333b8-4a53-463e-b611-0484fc381049/datanode-0/data/ratis/d88be40c-b703-46c6-8524-cd3a6834e1b4 has been successfully formatted.
2019-10-07 23:32:03,148 [pool-383-thread-1] INFO  ratis.ContainerStateMachine (ContainerStateMachine.java:loadSnapshot(233)) - group-CD3A6834E1B4: The snapshot info is null. Setting the last applied indexto:(t:0, i:~)
2019-10-07 23:32:03,148 [pool-383-thread-1] INFO  server.RaftServerConfigKeys (ConfUtils.java:logGet(43)) - raft.server.notification.no-leader.timeout = 120s (custom)
2019-10-07 23:32:03,148 [pool-383-thread-1] INFO  server.RaftServerConfigKeys (ConfUtils.java:logGet(43)) - raft.server.log.use.memory = false (default)
2019-10-07 23:32:03,148 [pool-383-thread-1] INFO  server.RaftServerConfigKeys (ConfUtils.java:logGet(43)) - raft.server.log.purge.gap = 1000000 (custom)
2019-10-07 23:32:03,148 [pool-383-thread-1] INFO  server.RaftServerConfigKeys (ConfUtils.java:logGet(43)) - raft.server.log.appender.buffer.byte-limit = 33554432 (custom)
2019-10-07 23:32:03,148 [pool-383-thread-1] INFO  server.RaftServerConfigKeys (ConfUtils.java:logGet(43)) - raft.server.log.segment.size.max = 1048576 (custom)
2019-10-07 23:32:03,148 [pool-383-thread-1] INFO  server.RaftServerConfigKeys (ConfUtils.java:logGet(43)) - raft.server.log.segment.cache.num.max = 2 (custom)
2019-10-07 23:32:03,148 [pool-383-thread-1] INFO  segmented.SegmentedRaftLogWorker (SegmentedRaftLogWorker.java:<init>(173)) - new f6cf535b-0e7e-49fb-ad18-0fd5e9f0c404@group-CD3A6834E1B4-SegmentedRaftLogWorker for RaftStorage:Storage Directory /workdir/hadoop-ozone/integration-test/target/test-dir/MiniOzoneClusterImpl-352333b8-4a53-463e-b611-0484fc381049/datanode-0/data/ratis/d88be40c-b703-46c6-8524-cd3a6834e1b4
2019-10-07 23:32:03,149 [pool-383-thread-1] INFO  server.RaftServerConfigKeys (ConfUtils.java:logGet(43)) - raft.server.log.queue.byte-limit = 2147483647 (custom)
2019-10-07 23:32:03,149 [pool-383-thread-1] INFO  server.RaftServerConfigKeys (ConfUtils.java:logGet(43)) - raft.server.log.queue.element-limit = 1024 (custom)
2019-10-07 23:32:03,149 [pool-383-thread-1] INFO  server.RaftServerConfigKeys (ConfUtils.java:logGet(43)) - raft.server.log.segment.size.max = 1048576 (custom)
2019-10-07 23:32:03,149 [pool-383-thread-1] INFO  server.RaftServerConfigKeys (ConfUtils.java:logGet(43)) - raft.server.log.preallocated.size = 16384 (custom)
2019-10-07 23:32:03,149 [pool-383-thread-1] INFO  server.RaftServerConfigKeys (ConfUtils.java:logGet(43)) - raft.server.log.write.buffer.size = 33554432 (custom)
2019-10-07 23:32:03,149 [pool-383-thread-1] INFO  server.RaftServerConfigKeys (ConfUtils.java:logGet(43)) - raft.server.log.force.sync.num = 128 (default)
2019-10-07 23:32:03,149 [pool-383-thread-1] INFO  server.RaftServerConfigKeys (ConfUtils.java:logGet(43)) - raft.server.log.statemachine.data.sync = true (default)
2019-10-07 23:32:03,149 [pool-383-thread-1] INFO  server.RaftServerConfigKeys (ConfUtils.java:logGet(43)) - raft.server.log.statemachine.data.sync.timeout = 10s (default)
2019-10-07 23:32:03,149 [pool-383-thread-1] INFO  server.RaftServerConfigKeys (ConfUtils.java:logGet(43)) - raft.server.log.statemachine.data.sync.timeout.retry = -1 (default)
2019-10-07 23:32:03,150 [pool-383-thread-1] INFO  server.RaftServerConfigKeys (ConfUtils.java:logGet(43)) - raft.server.log.statemachine.data.caching.enabled = true (custom)
2019-10-07 23:32:03,150 [pool-383-thread-1] INFO  segmented.SegmentedRaftLogWorker (SegmentedRaftLogWorker.java:lambda$new$0(128)) - f6cf535b-0e7e-49fb-ad18-0fd5e9f0c404@group-CD3A6834E1B4-SegmentedRaftLogWorker: flushIndex: setUnconditionally 0 -> -1
2019-10-07 23:32:03,150 [pool-383-thread-1] INFO  server.RaftServerConfigKeys (ConfUtils.java:logGet(43)) - raft.server.snapshot.auto.trigger.enabled = true (custom)
2019-10-07 23:32:03,150 [pool-383-thread-1] INFO  server.RaftServerConfigKeys (ConfUtils.java:logGet(43)) - raft.server.snapshot.auto.trigger.threshold = 10000 (custom)
2019-10-07 23:32:03,150 [pool-383-thread-1] INFO  server.RaftServerConfigKeys (ConfUtils.java:logGet(43)) - raft.server.snapshot.retention.file.num = 5 (custom)
2019-10-07 23:32:03,150 [pool-383-thread-1] INFO  server.RaftServerConfigKeys (ConfUtils.java:logGet(43)) - raft.server.retrycache.expirytime = 600000ms (custom)
2019-10-07 23:32:03,152 [pool-383-thread-1] INFO  impl.RaftServerImpl (RaftServerImpl.java:start(181)) - f6cf535b-0e7e-49fb-ad18-0fd5e9f0c404@group-CD3A6834E1B4: start as a follower, conf=-1: [f6cf535b-0e7e-49fb-ad18-0fd5e9f0c404:192.168.151.75:37994], old=null
2019-10-07 23:32:03,152 [pool-383-thread-1] INFO  impl.RaftServerImpl (RaftServerImpl.java:setRole(170)) - f6cf535b-0e7e-49fb-ad18-0fd5e9f0c404@group-CD3A6834E1B4: changes role from      null to FOLLOWER at term 0 for startAsFollower
2019-10-07 23:32:03,152 [pool-383-thread-1] INFO  impl.RoleInfo (RoleInfo.java:updateAndGet(143)) - f6cf535b-0e7e-49fb-ad18-0fd5e9f0c404: start FollowerState
2019-10-07 23:32:03,152 [pool-383-thread-1] INFO  util.JmxRegister (JmxRegister.java:tryRegister(44)) - Successfully registered JMX Bean with object name Ratis:service=RaftServer,group=group-CD3A6834E1B4,id=f6cf535b-0e7e-49fb-ad18-0fd5e9f0c404
2019-10-07 23:32:03,155 [RatisPipelineUtilsThread] INFO  pipeline.PipelineStateManager (PipelineStateManager.java:addPipeline(57)) - Created pipeline Pipeline[ Id: d88be40c-b703-46c6-8524-cd3a6834e1b4, Nodes: f6cf535b-0e7e-49fb-ad18-0fd5e9f0c404{ip: 192.168.151.75, host: pr-hdds-1868-k864b-3611000933, networkLocation: /default-rack, certSerialId: null}, Type:RATIS, Factor:ONE, State:ALLOCATED]
2019-10-07 23:32:03,156 [Thread-2548] INFO  pipeline.PipelineStateManager (PipelineStateManager.java:finalizePipeline(123)) - Pipeline Pipeline[ Id: f0306b7b-91e4-4297-8e7a-ec4756ef29e6, Nodes: 57c86727-38c9-4594-987b-cd5bf82b207d{ip: 192.168.151.75, host: pr-hdds-1868-k864b-3611000933, networkLocation: /default-rack, certSerialId: null}, Type:RATIS, Factor:ONE, State:CLOSED] moved to CLOSED state
2019-10-07 23:32:03,163 [grpc-default-executor-5] INFO  impl.RaftServerProxy (RaftServerProxy.java:remove(95)) - 57c86727-38c9-4594-987b-cd5bf82b207d: remove  FOLLOWER 57c86727-38c9-4594-987b-cd5bf82b207d@group-EC4756EF29E6:t0, leader=null, voted=null, raftlog=57c86727-38c9-4594-987b-cd5bf82b207d@group-EC4756EF29E6-SegmentedRaftLog:OPENED:c-1,f-1,i0, conf=-1: [57c86727-38c9-4594-987b-cd5bf82b207d:192.168.151.75:39882], old=null RUNNING
2019-10-07 23:32:03,163 [grpc-default-executor-5] INFO  impl.RaftServerImpl (RaftServerImpl.java:lambda$shutdown$3(247)) - 57c86727-38c9-4594-987b-cd5bf82b207d@group-EC4756EF29E6: shutdown
2019-10-07 23:32:03,164 [grpc-default-executor-5] INFO  util.JmxRegister (JmxRegister.java:unregister(73)) - Successfully un-registered JMX Bean with object name Ratis:service=RaftServer,group=group-EC4756EF29E6,id=57c86727-38c9-4594-987b-cd5bf82b207d
2019-10-07 23:32:03,164 [grpc-default-executor-5] INFO  impl.RoleInfo (RoleInfo.java:shutdownFollowerState(121)) - 57c86727-38c9-4594-987b-cd5bf82b207d: shutdown FollowerState
2019-10-07 23:32:03,164 [grpc-default-executor-5] INFO  impl.StateMachineUpdater (StateMachineUpdater.java:stopAndJoin(136)) - 57c86727-38c9-4594-987b-cd5bf82b207d@group-EC4756EF29E6-StateMachineUpdater: set stopIndex = -1
2019-10-07 23:32:03,164 [Thread-2553] INFO  impl.FollowerState (FollowerState.java:run(117)) - 57c86727-38c9-4594-987b-cd5bf82b207d@group-EC4756EF29E6-FollowerState was interrupted: java.lang.InterruptedException: sleep interrupted
2019-10-07 23:32:03,164 [grpc-default-executor-5] INFO  impl.RaftServerImpl (ServerState.java:close(387)) - 57c86727-38c9-4594-987b-cd5bf82b207d@group-EC4756EF29E6: closes. applyIndex: -1
2019-10-07 23:32:03,165 [57c86727-38c9-4594-987b-cd5bf82b207d@group-EC4756EF29E6-SegmentedRaftLogWorker] INFO  segmented.SegmentedRaftLogWorker (SegmentedRaftLogWorker.java:run(316)) - 57c86727-38c9-4594-987b-cd5bf82b207d@group-EC4756EF29E6-SegmentedRaftLogWorker was interrupted, exiting. There are 0 tasks remaining in the queue.
2019-10-07 23:32:03,165 [grpc-default-executor-5] INFO  segmented.SegmentedRaftLogWorker (SegmentedRaftLogWorker.java:close(224)) - 57c86727-38c9-4594-987b-cd5bf82b207d@group-EC4756EF29E6-SegmentedRaftLogWorker close()
2019-10-07 23:32:03,174 [Thread-2548] INFO  pipeline.PipelineStateManager (PipelineStateManager.java:removePipeline(108)) - Pipeline Pipeline[ Id: f0306b7b-91e4-4297-8e7a-ec4756ef29e6, Nodes: 57c86727-38c9-4594-987b-cd5bf82b207d{ip: 192.168.151.75, host: pr-hdds-1868-k864b-3611000933, networkLocation: /default-rack, certSerialId: null}, Type:RATIS, Factor:ONE, State:CLOSED] removed from db
2019-10-07 23:32:03,174 [Thread-2548] INFO  pipeline.SCMPipelineManager (SCMPipelineManager.java:finalizeAndDestroyPipeline(315)) - destroying pipeline:Pipeline[ Id: 4344d769-ff68-4873-be6f-7b1a4f02bb5c, Nodes: 4fb48f8d-81e9-4f66-86fb-c7726dd48448{ip: 192.168.151.75, host: pr-hdds-1868-k864b-3611000933, networkLocation: /default-rack, certSerialId: null}57c86727-38c9-4594-987b-cd5bf82b207d{ip: 192.168.151.75, host: pr-hdds-1868-k864b-3611000933, networkLocation: /default-rack, certSerialId: null}f6cf535b-0e7e-49fb-ad18-0fd5e9f0c404{ip: 192.168.151.75, host: pr-hdds-1868-k864b-3611000933, networkLocation: /default-rack, certSerialId: null}, Type:RATIS, Factor:THREE, State:ALLOCATED]
2019-10-07 23:32:03,178 [grpc-default-executor-5] INFO  impl.RaftServerProxy (RaftServerProxy.java:addNew(89)) - 57c86727-38c9-4594-987b-cd5bf82b207d: addNew group-A8E247C16814:[57c86727-38c9-4594-987b-cd5bf82b207d:192.168.151.75:39882] returns group-A8E247C16814:java.util.concurrent.CompletableFuture@1bc41db4[Not completed]
2019-10-07 23:32:03,179 [pool-393-thread-1] INFO  impl.RaftServerImpl (RaftServerImpl.java:<init>(95)) - 57c86727-38c9-4594-987b-cd5bf82b207d: new RaftServerImpl for group-A8E247C16814:[57c86727-38c9-4594-987b-cd5bf82b207d:192.168.151.75:39882] with ContainerStateMachine:uninitialized
2019-10-07 23:32:03,179 [pool-393-thread-1] INFO  server.RaftServerConfigKeys (ConfUtils.java:logGet(43)) - raft.server.rpc.timeout.min = 5s (custom)
2019-10-07 23:32:03,179 [pool-393-thread-1] INFO  server.RaftServerConfigKeys (ConfUtils.java:logGet(43)) - raft.server.rpc.timeout.max = 5200ms (custom)
2019-10-07 23:32:03,179 [pool-393-thread-1] INFO  server.RaftServerConfigKeys (ConfUtils.java:logGet(43)) - raft.server.rpcslowness.timeout = 120s (custom)
2019-10-07 23:32:03,179 [pool-393-thread-1] INFO  server.RaftServerConfigKeys (ConfUtils.java:logGet(43)) - raft.server.sleep.deviation.threshold = 300 (default)
2019-10-07 23:32:03,179 [pool-393-thread-1] INFO  server.RaftServerConfigKeys (ConfUtils.java:logGet(43)) - raft.server.log.appender.install.snapshot.enabled = false (custom)
2019-10-07 23:32:03,180 [pool-393-thread-1] INFO  impl.RaftServerImpl (ServerState.java:<init>(103)) - 57c86727-38c9-4594-987b-cd5bf82b207d@group-A8E247C16814: ConfigurationManager, init=-1: [57c86727-38c9-4594-987b-cd5bf82b207d:192.168.151.75:39882], old=null, confs=<EMPTY_MAP>
2019-10-07 23:32:03,180 [pool-393-thread-1] INFO  server.RaftServerConfigKeys (ConfUtils.java:logGet(43)) - raft.server.storage.dir = [/workdir/hadoop-ozone/integration-test/target/test-dir/MiniOzoneClusterImpl-352333b8-4a53-463e-b611-0484fc381049/datanode-1/data/ratis] (custom)
2019-10-07 23:32:03,180 [pool-393-thread-1] INFO  server.RaftServerConfigKeys (ConfUtils.java:logGet(43)) - raft.server.log.corruption.policy = EXCEPTION (default)
2019-10-07 23:32:03,180 [pool-393-thread-1] INFO  storage.RaftStorageDirectory (RaftStorageDirectory.java:analyzeStorage(246)) - The storage directory /workdir/hadoop-ozone/integration-test/target/test-dir/MiniOzoneClusterImpl-352333b8-4a53-463e-b611-0484fc381049/datanode-1/data/ratis/0fb47c38-99e0-47d0-b2cc-a8e247c16814 does not exist. Creating ...
2019-10-07 23:32:03,193 [pool-393-thread-1] INFO  storage.RaftStorageDirectory (RaftStorageDirectory.java:tryLock(328)) - Lock on /workdir/hadoop-ozone/integration-test/target/test-dir/MiniOzoneClusterImpl-352333b8-4a53-463e-b611-0484fc381049/datanode-1/data/ratis/0fb47c38-99e0-47d0-b2cc-a8e247c16814/in_use.lock acquired by nodename 21128@pr-hdds-1868-k864b-3611000933
2019-10-07 23:32:03,205 [pool-393-thread-1] INFO  storage.RaftStorage (RaftStorage.java:format(84)) - Storage directory /workdir/hadoop-ozone/integration-test/target/test-dir/MiniOzoneClusterImpl-352333b8-4a53-463e-b611-0484fc381049/datanode-1/data/ratis/0fb47c38-99e0-47d0-b2cc-a8e247c16814 has been successfully formatted.
2019-10-07 23:32:03,206 [pool-393-thread-1] INFO  ratis.ContainerStateMachine (ContainerStateMachine.java:loadSnapshot(233)) - group-A8E247C16814: The snapshot info is null. Setting the last applied indexto:(t:0, i:~)
2019-10-07 23:32:03,206 [pool-393-thread-1] INFO  server.RaftServerConfigKeys (ConfUtils.java:logGet(43)) - raft.server.notification.no-leader.timeout = 120s (custom)
2019-10-07 23:32:03,206 [pool-393-thread-1] INFO  server.RaftServerConfigKeys (ConfUtils.java:logGet(43)) - raft.server.log.use.memory = false (default)
2019-10-07 23:32:03,206 [pool-393-thread-1] INFO  server.RaftServerConfigKeys (ConfUtils.java:logGet(43)) - raft.server.log.purge.gap = 1000000 (custom)
2019-10-07 23:32:03,206 [pool-393-thread-1] INFO  server.RaftServerConfigKeys (ConfUtils.java:logGet(43)) - raft.server.log.appender.buffer.byte-limit = 33554432 (custom)
2019-10-07 23:32:03,206 [pool-393-thread-1] INFO  server.RaftServerConfigKeys (ConfUtils.java:logGet(43)) - raft.server.log.segment.size.max = 1048576 (custom)
2019-10-07 23:32:03,206 [pool-393-thread-1] INFO  server.RaftServerConfigKeys (ConfUtils.java:logGet(43)) - raft.server.log.segment.cache.num.max = 2 (custom)
2019-10-07 23:32:03,207 [pool-393-thread-1] INFO  segmented.SegmentedRaftLogWorker (SegmentedRaftLogWorker.java:<init>(173)) - new 57c86727-38c9-4594-987b-cd5bf82b207d@group-A8E247C16814-SegmentedRaftLogWorker for RaftStorage:Storage Directory /workdir/hadoop-ozone/integration-test/target/test-dir/MiniOzoneClusterImpl-352333b8-4a53-463e-b611-0484fc381049/datanode-1/data/ratis/0fb47c38-99e0-47d0-b2cc-a8e247c16814
2019-10-07 23:32:03,207 [pool-393-thread-1] INFO  server.RaftServerConfigKeys (ConfUtils.java:logGet(43)) - raft.server.log.queue.byte-limit = 2147483647 (custom)
2019-10-07 23:32:03,207 [pool-393-thread-1] INFO  server.RaftServerConfigKeys (ConfUtils.java:logGet(43)) - raft.server.log.queue.element-limit = 1024 (custom)
2019-10-07 23:32:03,207 [pool-393-thread-1] INFO  server.RaftServerConfigKeys (ConfUtils.java:logGet(43)) - raft.server.log.segment.size.max = 1048576 (custom)
2019-10-07 23:32:03,207 [pool-393-thread-1] INFO  server.RaftServerConfigKeys (ConfUtils.java:logGet(43)) - raft.server.log.preallocated.size = 16384 (custom)
2019-10-07 23:32:03,207 [pool-393-thread-1] INFO  server.RaftServerConfigKeys (ConfUtils.java:logGet(43)) - raft.server.log.write.buffer.size = 33554432 (custom)
2019-10-07 23:32:03,207 [pool-393-thread-1] INFO  server.RaftServerConfigKeys (ConfUtils.java:logGet(43)) - raft.server.log.force.sync.num = 128 (default)
2019-10-07 23:32:03,208 [pool-393-thread-1] INFO  server.RaftServerConfigKeys (ConfUtils.java:logGet(43)) - raft.server.log.statemachine.data.sync = true (default)
2019-10-07 23:32:03,208 [pool-393-thread-1] INFO  server.RaftServerConfigKeys (ConfUtils.java:logGet(43)) - raft.server.log.statemachine.data.sync.timeout = 10s (default)
2019-10-07 23:32:03,208 [pool-393-thread-1] INFO  server.RaftServerConfigKeys (ConfUtils.java:logGet(43)) - raft.server.log.statemachine.data.sync.timeout.retry = -1 (default)
2019-10-07 23:32:03,208 [pool-393-thread-1] INFO  server.RaftServerConfigKeys (ConfUtils.java:logGet(43)) - raft.server.log.statemachine.data.caching.enabled = true (custom)
2019-10-07 23:32:03,208 [pool-393-thread-1] INFO  segmented.SegmentedRaftLogWorker (SegmentedRaftLogWorker.java:lambda$new$0(128)) - 57c86727-38c9-4594-987b-cd5bf82b207d@group-A8E247C16814-SegmentedRaftLogWorker: flushIndex: setUnconditionally 0 -> -1
2019-10-07 23:32:03,209 [pool-393-thread-1] INFO  server.RaftServerConfigKeys (ConfUtils.java:logGet(43)) - raft.server.snapshot.auto.trigger.enabled = true (custom)
2019-10-07 23:32:03,209 [pool-393-thread-1] INFO  server.RaftServerConfigKeys (ConfUtils.java:logGet(43)) - raft.server.snapshot.auto.trigger.threshold = 10000 (custom)
2019-10-07 23:32:03,209 [pool-393-thread-1] INFO  server.RaftServerConfigKeys (ConfUtils.java:logGet(43)) - raft.server.snapshot.retention.file.num = 5 (custom)
2019-10-07 23:32:03,209 [pool-393-thread-1] INFO  server.RaftServerConfigKeys (ConfUtils.java:logGet(43)) - raft.server.retrycache.expirytime = 600000ms (custom)
2019-10-07 23:32:03,211 [pool-393-thread-1] INFO  impl.RaftServerImpl (RaftServerImpl.java:start(181)) - 57c86727-38c9-4594-987b-cd5bf82b207d@group-A8E247C16814: start as a follower, conf=-1: [57c86727-38c9-4594-987b-cd5bf82b207d:192.168.151.75:39882], old=null
2019-10-07 23:32:03,211 [pool-393-thread-1] INFO  impl.RaftServerImpl (RaftServerImpl.java:setRole(170)) - 57c86727-38c9-4594-987b-cd5bf82b207d@group-A8E247C16814: changes role from      null to FOLLOWER at term 0 for startAsFollower
2019-10-07 23:32:03,211 [pool-393-thread-1] INFO  impl.RoleInfo (RoleInfo.java:updateAndGet(143)) - 57c86727-38c9-4594-987b-cd5bf82b207d: start FollowerState
2019-10-07 23:32:03,211 [pool-393-thread-1] INFO  util.JmxRegister (JmxRegister.java:tryRegister(44)) - Successfully registered JMX Bean with object name Ratis:service=RaftServer,group=group-A8E247C16814,id=57c86727-38c9-4594-987b-cd5bf82b207d
2019-10-07 23:32:03,215 [RatisPipelineUtilsThread] INFO  pipeline.PipelineStateManager (PipelineStateManager.java:addPipeline(57)) - Created pipeline Pipeline[ Id: 0fb47c38-99e0-47d0-b2cc-a8e247c16814, Nodes: 57c86727-38c9-4594-987b-cd5bf82b207d{ip: 192.168.151.75, host: pr-hdds-1868-k864b-3611000933, networkLocation: /default-rack, certSerialId: null}, Type:RATIS, Factor:ONE, State:ALLOCATED]
2019-10-07 23:32:03,215 [Thread-2548] INFO  pipeline.PipelineStateManager (PipelineStateManager.java:finalizePipeline(123)) - Pipeline Pipeline[ Id: 4344d769-ff68-4873-be6f-7b1a4f02bb5c, Nodes: 4fb48f8d-81e9-4f66-86fb-c7726dd48448{ip: 192.168.151.75, host: pr-hdds-1868-k864b-3611000933, networkLocation: /default-rack, certSerialId: null}57c86727-38c9-4594-987b-cd5bf82b207d{ip: 192.168.151.75, host: pr-hdds-1868-k864b-3611000933, networkLocation: /default-rack, certSerialId: null}f6cf535b-0e7e-49fb-ad18-0fd5e9f0c404{ip: 192.168.151.75, host: pr-hdds-1868-k864b-3611000933, networkLocation: /default-rack, certSerialId: null}, Type:RATIS, Factor:THREE, State:CLOSED] moved to CLOSED state
2019-10-07 23:32:03,227 [grpc-default-executor-5] INFO  impl.RaftServerProxy (RaftServerProxy.java:remove(95)) - 4fb48f8d-81e9-4f66-86fb-c7726dd48448: remove  FOLLOWER 4fb48f8d-81e9-4f66-86fb-c7726dd48448@group-7B1A4F02BB5C:t0, leader=null, voted=null, raftlog=4fb48f8d-81e9-4f66-86fb-c7726dd48448@group-7B1A4F02BB5C-SegmentedRaftLog:OPENED:c-1,f-1,i0, conf=-1: [f6cf535b-0e7e-49fb-ad18-0fd5e9f0c404:192.168.151.75:37994, 4fb48f8d-81e9-4f66-86fb-c7726dd48448:192.168.151.75:34336, 57c86727-38c9-4594-987b-cd5bf82b207d:192.168.151.75:39882], old=null RUNNING
2019-10-07 23:32:03,227 [grpc-default-executor-5] INFO  impl.RaftServerImpl (RaftServerImpl.java:lambda$shutdown$3(247)) - 4fb48f8d-81e9-4f66-86fb-c7726dd48448@group-7B1A4F02BB5C: shutdown
2019-10-07 23:32:03,227 [grpc-default-executor-5] INFO  util.JmxRegister (JmxRegister.java:unregister(73)) - Successfully un-registered JMX Bean with object name Ratis:service=RaftServer,group=group-7B1A4F02BB5C,id=4fb48f8d-81e9-4f66-86fb-c7726dd48448
2019-10-07 23:32:03,228 [grpc-default-executor-5] INFO  impl.RoleInfo (RoleInfo.java:shutdownFollowerState(121)) - 4fb48f8d-81e9-4f66-86fb-c7726dd48448: shutdown FollowerState
2019-10-07 23:32:03,228 [grpc-default-executor-5] INFO  impl.StateMachineUpdater (StateMachineUpdater.java:stopAndJoin(136)) - 4fb48f8d-81e9-4f66-86fb-c7726dd48448@group-7B1A4F02BB5C-StateMachineUpdater: set stopIndex = -1
2019-10-07 23:32:03,228 [Thread-2566] INFO  impl.FollowerState (FollowerState.java:run(117)) - 4fb48f8d-81e9-4f66-86fb-c7726dd48448@group-7B1A4F02BB5C-FollowerState was interrupted: java.lang.InterruptedException: sleep interrupted
2019-10-07 23:32:03,228 [grpc-default-executor-5] INFO  impl.RaftServerImpl (ServerState.java:close(387)) - 4fb48f8d-81e9-4f66-86fb-c7726dd48448@group-7B1A4F02BB5C: closes. applyIndex: -1
2019-10-07 23:32:03,229 [4fb48f8d-81e9-4f66-86fb-c7726dd48448@group-7B1A4F02BB5C-SegmentedRaftLogWorker] INFO  segmented.SegmentedRaftLogWorker (SegmentedRaftLogWorker.java:run(316)) - 4fb48f8d-81e9-4f66-86fb-c7726dd48448@group-7B1A4F02BB5C-SegmentedRaftLogWorker was interrupted, exiting. There are 0 tasks remaining in the queue.
2019-10-07 23:32:03,229 [grpc-default-executor-5] INFO  segmented.SegmentedRaftLogWorker (SegmentedRaftLogWorker.java:close(224)) - 4fb48f8d-81e9-4f66-86fb-c7726dd48448@group-7B1A4F02BB5C-SegmentedRaftLogWorker close()
2019-10-07 23:32:03,247 [grpc-default-executor-5] INFO  impl.RaftServerProxy (RaftServerProxy.java:remove(95)) - 57c86727-38c9-4594-987b-cd5bf82b207d: remove  FOLLOWER 57c86727-38c9-4594-987b-cd5bf82b207d@group-7B1A4F02BB5C:t0, leader=null, voted=null, raftlog=57c86727-38c9-4594-987b-cd5bf82b207d@group-7B1A4F02BB5C-SegmentedRaftLog:OPENED:c-1,f-1,i0, conf=-1: [f6cf535b-0e7e-49fb-ad18-0fd5e9f0c404:192.168.151.75:37994, 4fb48f8d-81e9-4f66-86fb-c7726dd48448:192.168.151.75:34336, 57c86727-38c9-4594-987b-cd5bf82b207d:192.168.151.75:39882], old=null RUNNING
2019-10-07 23:32:03,248 [grpc-default-executor-5] INFO  impl.RaftServerImpl (RaftServerImpl.java:lambda$shutdown$3(247)) - 57c86727-38c9-4594-987b-cd5bf82b207d@group-7B1A4F02BB5C: shutdown
2019-10-07 23:32:03,248 [grpc-default-executor-5] INFO  util.JmxRegister (JmxRegister.java:unregister(73)) - Successfully un-registered JMX Bean with object name Ratis:service=RaftServer,group=group-7B1A4F02BB5C,id=57c86727-38c9-4594-987b-cd5bf82b207d
2019-10-07 23:32:03,248 [grpc-default-executor-5] INFO  impl.RoleInfo (RoleInfo.java:shutdownFollowerState(121)) - 57c86727-38c9-4594-987b-cd5bf82b207d: shutdown FollowerState
2019-10-07 23:32:03,248 [grpc-default-executor-5] INFO  impl.StateMachineUpdater (StateMachineUpdater.java:stopAndJoin(136)) - 57c86727-38c9-4594-987b-cd5bf82b207d@group-7B1A4F02BB5C-StateMachineUpdater: set stopIndex = -1
2019-10-07 23:32:03,248 [grpc-default-executor-5] INFO  impl.RaftServerImpl (ServerState.java:close(387)) - 57c86727-38c9-4594-987b-cd5bf82b207d@group-7B1A4F02BB5C: closes. applyIndex: -1
2019-10-07 23:32:03,248 [Thread-2565] INFO  impl.FollowerState (FollowerState.java:run(117)) - 57c86727-38c9-4594-987b-cd5bf82b207d@group-7B1A4F02BB5C-FollowerState was interrupted: java.lang.InterruptedException: sleep interrupted
2019-10-07 23:32:03,249 [57c86727-38c9-4594-987b-cd5bf82b207d@group-7B1A4F02BB5C-SegmentedRaftLogWorker] INFO  segmented.SegmentedRaftLogWorker (SegmentedRaftLogWorker.java:run(316)) - 57c86727-38c9-4594-987b-cd5bf82b207d@group-7B1A4F02BB5C-SegmentedRaftLogWorker was interrupted, exiting. There are 0 tasks remaining in the queue.
2019-10-07 23:32:03,249 [grpc-default-executor-5] INFO  segmented.SegmentedRaftLogWorker (SegmentedRaftLogWorker.java:close(224)) - 57c86727-38c9-4594-987b-cd5bf82b207d@group-7B1A4F02BB5C-SegmentedRaftLogWorker close()
2019-10-07 23:32:03,265 [grpc-default-executor-5] INFO  impl.RaftServerProxy (RaftServerProxy.java:remove(95)) - f6cf535b-0e7e-49fb-ad18-0fd5e9f0c404: remove  FOLLOWER f6cf535b-0e7e-49fb-ad18-0fd5e9f0c404@group-7B1A4F02BB5C:t0, leader=null, voted=null, raftlog=f6cf535b-0e7e-49fb-ad18-0fd5e9f0c404@group-7B1A4F02BB5C-SegmentedRaftLog:OPENED:c-1,f-1,i0, conf=-1: [f6cf535b-0e7e-49fb-ad18-0fd5e9f0c404:192.168.151.75:37994, 4fb48f8d-81e9-4f66-86fb-c7726dd48448:192.168.151.75:34336, 57c86727-38c9-4594-987b-cd5bf82b207d:192.168.151.75:39882], old=null RUNNING
2019-10-07 23:32:03,265 [grpc-default-executor-5] INFO  impl.RaftServerImpl (RaftServerImpl.java:lambda$shutdown$3(247)) - f6cf535b-0e7e-49fb-ad18-0fd5e9f0c404@group-7B1A4F02BB5C: shutdown
2019-10-07 23:32:03,265 [grpc-default-executor-5] INFO  util.JmxRegister (JmxRegister.java:unregister(73)) - Successfully un-registered JMX Bean with object name Ratis:service=RaftServer,group=group-7B1A4F02BB5C,id=f6cf535b-0e7e-49fb-ad18-0fd5e9f0c404
2019-10-07 23:32:03,265 [grpc-default-executor-5] INFO  impl.RoleInfo (RoleInfo.java:shutdownFollowerState(121)) - f6cf535b-0e7e-49fb-ad18-0fd5e9f0c404: shutdown FollowerState
2019-10-07 23:32:03,265 [grpc-default-executor-5] INFO  impl.StateMachineUpdater (StateMachineUpdater.java:stopAndJoin(136)) - f6cf535b-0e7e-49fb-ad18-0fd5e9f0c404@group-7B1A4F02BB5C-StateMachineUpdater: set stopIndex = -1
2019-10-07 23:32:03,266 [Thread-2561] INFO  impl.FollowerState (FollowerState.java:run(117)) - f6cf535b-0e7e-49fb-ad18-0fd5e9f0c404@group-7B1A4F02BB5C-FollowerState was interrupted: java.lang.InterruptedException: sleep interrupted
2019-10-07 23:32:03,266 [grpc-default-executor-5] INFO  impl.RaftServerImpl (ServerState.java:close(387)) - f6cf535b-0e7e-49fb-ad18-0fd5e9f0c404@group-7B1A4F02BB5C: closes. applyIndex: -1
2019-10-07 23:32:03,266 [f6cf535b-0e7e-49fb-ad18-0fd5e9f0c404@group-7B1A4F02BB5C-SegmentedRaftLogWorker] INFO  segmented.SegmentedRaftLogWorker (SegmentedRaftLogWorker.java:run(316)) - f6cf535b-0e7e-49fb-ad18-0fd5e9f0c404@group-7B1A4F02BB5C-SegmentedRaftLogWorker was interrupted, exiting. There are 0 tasks remaining in the queue.
2019-10-07 23:32:03,266 [grpc-default-executor-5] INFO  segmented.SegmentedRaftLogWorker (SegmentedRaftLogWorker.java:close(224)) - f6cf535b-0e7e-49fb-ad18-0fd5e9f0c404@group-7B1A4F02BB5C-SegmentedRaftLogWorker close()
2019-10-07 23:32:03,275 [Thread-2548] INFO  pipeline.PipelineStateManager (PipelineStateManager.java:removePipeline(108)) - Pipeline Pipeline[ Id: 4344d769-ff68-4873-be6f-7b1a4f02bb5c, Nodes: 4fb48f8d-81e9-4f66-86fb-c7726dd48448{ip: 192.168.151.75, host: pr-hdds-1868-k864b-3611000933, networkLocation: /default-rack, certSerialId: null}57c86727-38c9-4594-987b-cd5bf82b207d{ip: 192.168.151.75, host: pr-hdds-1868-k864b-3611000933, networkLocation: /default-rack, certSerialId: null}f6cf535b-0e7e-49fb-ad18-0fd5e9f0c404{ip: 192.168.151.75, host: pr-hdds-1868-k864b-3611000933, networkLocation: /default-rack, certSerialId: null}, Type:RATIS, Factor:THREE, State:CLOSED] removed from db
2019-10-07 23:32:03,275 [Thread-2548] INFO  pipeline.SCMPipelineManager (SCMPipelineManager.java:finalizeAndDestroyPipeline(315)) - destroying pipeline:Pipeline[ Id: 0b200638-f6ed-49a5-8781-a331d567755a, Nodes: 419a2258-246e-4ffa-9dbd-67c7614db87a{ip: 192.168.151.75, host: pr-hdds-1868-k864b-3611000933, networkLocation: /default-rack, certSerialId: null}, Type:RATIS, Factor:ONE, State:ALLOCATED]
2019-10-07 23:32:03,279 [grpc-default-executor-7] INFO  impl.RaftServerProxy (RaftServerProxy.java:addNew(89)) - 4fb48f8d-81e9-4f66-86fb-c7726dd48448: addNew group-89E1E563B040:[f6cf535b-0e7e-49fb-ad18-0fd5e9f0c404:192.168.151.75:37994, 4fb48f8d-81e9-4f66-86fb-c7726dd48448:192.168.151.75:34336, 57c86727-38c9-4594-987b-cd5bf82b207d:192.168.151.75:39882] returns group-89E1E563B040:java.util.concurrent.CompletableFuture@242be1d7[Not completed]
2019-10-07 23:32:03,279 [grpc-default-executor-5] INFO  impl.RaftServerProxy (RaftServerProxy.java:addNew(89)) - 57c86727-38c9-4594-987b-cd5bf82b207d: addNew group-89E1E563B040:[f6cf535b-0e7e-49fb-ad18-0fd5e9f0c404:192.168.151.75:37994, 4fb48f8d-81e9-4f66-86fb-c7726dd48448:192.168.151.75:34336, 57c86727-38c9-4594-987b-cd5bf82b207d:192.168.151.75:39882] returns group-89E1E563B040:java.util.concurrent.CompletableFuture@4f5199e4[Not completed]
2019-10-07 23:32:03,280 [grpc-default-executor-7] INFO  impl.RaftServerProxy (RaftServerProxy.java:addNew(89)) - f6cf535b-0e7e-49fb-ad18-0fd5e9f0c404: addNew group-89E1E563B040:[f6cf535b-0e7e-49fb-ad18-0fd5e9f0c404:192.168.151.75:37994, 4fb48f8d-81e9-4f66-86fb-c7726dd48448:192.168.151.75:34336, 57c86727-38c9-4594-987b-cd5bf82b207d:192.168.151.75:39882] returns group-89E1E563B040:java.util.concurrent.CompletableFuture@7dfd0945[Not completed]
2019-10-07 23:32:03,280 [pool-403-thread-1] INFO  impl.RaftServerImpl (RaftServerImpl.java:<init>(95)) - 4fb48f8d-81e9-4f66-86fb-c7726dd48448: new RaftServerImpl for group-89E1E563B040:[f6cf535b-0e7e-49fb-ad18-0fd5e9f0c404:192.168.151.75:37994, 4fb48f8d-81e9-4f66-86fb-c7726dd48448:192.168.151.75:34336, 57c86727-38c9-4594-987b-cd5bf82b207d:192.168.151.75:39882] with ContainerStateMachine:uninitialized
2019-10-07 23:32:03,280 [pool-403-thread-1] INFO  server.RaftServerConfigKeys (ConfUtils.java:logGet(43)) - raft.server.rpc.timeout.min = 5s (custom)
2019-10-07 23:32:03,280 [pool-403-thread-1] INFO  server.RaftServerConfigKeys (ConfUtils.java:logGet(43)) - raft.server.rpc.timeout.max = 5200ms (custom)
2019-10-07 23:32:03,281 [pool-403-thread-1] INFO  server.RaftServerConfigKeys (ConfUtils.java:logGet(43)) - raft.server.rpcslowness.timeout = 120s (custom)
2019-10-07 23:32:03,281 [pool-403-thread-1] INFO  server.RaftServerConfigKeys (ConfUtils.java:logGet(43)) - raft.server.sleep.deviation.threshold = 300 (default)
2019-10-07 23:32:03,281 [pool-383-thread-1] INFO  impl.RaftServerImpl (RaftServerImpl.java:<init>(95)) - f6cf535b-0e7e-49fb-ad18-0fd5e9f0c404: new RaftServerImpl for group-89E1E563B040:[f6cf535b-0e7e-49fb-ad18-0fd5e9f0c404:192.168.151.75:37994, 4fb48f8d-81e9-4f66-86fb-c7726dd48448:192.168.151.75:34336, 57c86727-38c9-4594-987b-cd5bf82b207d:192.168.151.75:39882] with ContainerStateMachine:uninitialized
2019-10-07 23:32:03,281 [pool-403-thread-1] INFO  server.RaftServerConfigKeys (ConfUtils.java:logGet(43)) - raft.server.log.appender.install.snapshot.enabled = false (custom)
2019-10-07 23:32:03,281 [pool-383-thread-1] INFO  server.RaftServerConfigKeys (ConfUtils.java:logGet(43)) - raft.server.rpc.timeout.min = 5s (custom)
2019-10-07 23:32:03,281 [pool-403-thread-1] INFO  impl.RaftServerImpl (ServerState.java:<init>(103)) - 4fb48f8d-81e9-4f66-86fb-c7726dd48448@group-89E1E563B040: ConfigurationManager, init=-1: [f6cf535b-0e7e-49fb-ad18-0fd5e9f0c404:192.168.151.75:37994, 4fb48f8d-81e9-4f66-86fb-c7726dd48448:192.168.151.75:34336, 57c86727-38c9-4594-987b-cd5bf82b207d:192.168.151.75:39882], old=null, confs=<EMPTY_MAP>
2019-10-07 23:32:03,281 [pool-383-thread-1] INFO  server.RaftServerConfigKeys (ConfUtils.java:logGet(43)) - raft.server.rpc.timeout.max = 5200ms (custom)
2019-10-07 23:32:03,282 [pool-403-thread-1] INFO  server.RaftServerConfigKeys (ConfUtils.java:logGet(43)) - raft.server.storage.dir = [/workdir/hadoop-ozone/integration-test/target/test-dir/MiniOzoneClusterImpl-352333b8-4a53-463e-b611-0484fc381049/datanode-2/data/ratis] (custom)
2019-10-07 23:32:03,282 [pool-383-thread-1] INFO  server.RaftServerConfigKeys (ConfUtils.java:logGet(43)) - raft.server.rpcslowness.timeout = 120s (custom)
2019-10-07 23:32:03,282 [pool-393-thread-1] INFO  impl.RaftServerImpl (RaftServerImpl.java:<init>(95)) - 57c86727-38c9-4594-987b-cd5bf82b207d: new RaftServerImpl for group-89E1E563B040:[f6cf535b-0e7e-49fb-ad18-0fd5e9f0c404:192.168.151.75:37994, 4fb48f8d-81e9-4f66-86fb-c7726dd48448:192.168.151.75:34336, 57c86727-38c9-4594-987b-cd5bf82b207d:192.168.151.75:39882] with ContainerStateMachine:uninitialized
2019-10-07 23:32:03,282 [pool-403-thread-1] INFO  server.RaftServerConfigKeys (ConfUtils.java:logGet(43)) - raft.server.log.corruption.policy = EXCEPTION (default)
2019-10-07 23:32:03,282 [pool-393-thread-1] INFO  server.RaftServerConfigKeys (ConfUtils.java:logGet(43)) - raft.server.rpc.timeout.min = 5s (custom)
2019-10-07 23:32:03,282 [pool-383-thread-1] INFO  server.RaftServerConfigKeys (ConfUtils.java:logGet(43)) - raft.server.sleep.deviation.threshold = 300 (default)
2019-10-07 23:32:03,282 [pool-393-thread-1] INFO  server.RaftServerConfigKeys (ConfUtils.java:logGet(43)) - raft.server.rpc.timeout.max = 5200ms (custom)
2019-10-07 23:32:03,282 [pool-403-thread-1] INFO  storage.RaftStorageDirectory (RaftStorageDirectory.java:analyzeStorage(246)) - The storage directory /workdir/hadoop-ozone/integration-test/target/test-dir/MiniOzoneClusterImpl-352333b8-4a53-463e-b611-0484fc381049/datanode-2/data/ratis/548e339e-dcb3-4bcc-925c-89e1e563b040 does not exist. Creating ...
2019-10-07 23:32:03,283 [pool-393-thread-1] INFO  server.RaftServerConfigKeys (ConfUtils.java:logGet(43)) - raft.server.rpcslowness.timeout = 120s (custom)
2019-10-07 23:32:03,282 [pool-383-thread-1] INFO  server.RaftServerConfigKeys (ConfUtils.java:logGet(43)) - raft.server.log.appender.install.snapshot.enabled = false (custom)
2019-10-07 23:32:03,283 [pool-393-thread-1] INFO  server.RaftServerConfigKeys (ConfUtils.java:logGet(43)) - raft.server.sleep.deviation.threshold = 300 (default)
2019-10-07 23:32:03,283 [pool-383-thread-1] INFO  impl.RaftServerImpl (ServerState.java:<init>(103)) - f6cf535b-0e7e-49fb-ad18-0fd5e9f0c404@group-89E1E563B040: ConfigurationManager, init=-1: [f6cf535b-0e7e-49fb-ad18-0fd5e9f0c404:192.168.151.75:37994, 4fb48f8d-81e9-4f66-86fb-c7726dd48448:192.168.151.75:34336, 57c86727-38c9-4594-987b-cd5bf82b207d:192.168.151.75:39882], old=null, confs=<EMPTY_MAP>
2019-10-07 23:32:03,283 [pool-393-thread-1] INFO  server.RaftServerConfigKeys (ConfUtils.java:logGet(43)) - raft.server.log.appender.install.snapshot.enabled = false (custom)
2019-10-07 23:32:03,283 [pool-383-thread-1] INFO  server.RaftServerConfigKeys (ConfUtils.java:logGet(43)) - raft.server.storage.dir = [/workdir/hadoop-ozone/integration-test/target/test-dir/MiniOzoneClusterImpl-352333b8-4a53-463e-b611-0484fc381049/datanode-0/data/ratis] (custom)
2019-10-07 23:32:03,283 [pool-393-thread-1] INFO  impl.RaftServerImpl (ServerState.java:<init>(103)) - 57c86727-38c9-4594-987b-cd5bf82b207d@group-89E1E563B040: ConfigurationManager, init=-1: [f6cf535b-0e7e-49fb-ad18-0fd5e9f0c404:192.168.151.75:37994, 4fb48f8d-81e9-4f66-86fb-c7726dd48448:192.168.151.75:34336, 57c86727-38c9-4594-987b-cd5bf82b207d:192.168.151.75:39882], old=null, confs=<EMPTY_MAP>
2019-10-07 23:32:03,284 [pool-393-thread-1] INFO  server.RaftServerConfigKeys (ConfUtils.java:logGet(43)) - raft.server.storage.dir = [/workdir/hadoop-ozone/integration-test/target/test-dir/MiniOzoneClusterImpl-352333b8-4a53-463e-b611-0484fc381049/datanode-1/data/ratis] (custom)
2019-10-07 23:32:03,284 [pool-383-thread-1] INFO  server.RaftServerConfigKeys (ConfUtils.java:logGet(43)) - raft.server.log.corruption.policy = EXCEPTION (default)
2019-10-07 23:32:03,284 [pool-393-thread-1] INFO  server.RaftServerConfigKeys (ConfUtils.java:logGet(43)) - raft.server.log.corruption.policy = EXCEPTION (default)
2019-10-07 23:32:03,284 [pool-383-thread-1] INFO  storage.RaftStorageDirectory (RaftStorageDirectory.java:analyzeStorage(246)) - The storage directory /workdir/hadoop-ozone/integration-test/target/test-dir/MiniOzoneClusterImpl-352333b8-4a53-463e-b611-0484fc381049/datanode-0/data/ratis/548e339e-dcb3-4bcc-925c-89e1e563b040 does not exist. Creating ...
2019-10-07 23:32:03,284 [pool-393-thread-1] INFO  storage.RaftStorageDirectory (RaftStorageDirectory.java:analyzeStorage(246)) - The storage directory /workdir/hadoop-ozone/integration-test/target/test-dir/MiniOzoneClusterImpl-352333b8-4a53-463e-b611-0484fc381049/datanode-1/data/ratis/548e339e-dcb3-4bcc-925c-89e1e563b040 does not exist. Creating ...
2019-10-07 23:32:03,308 [pool-383-thread-1] INFO  storage.RaftStorageDirectory (RaftStorageDirectory.java:tryLock(328)) - Lock on /workdir/hadoop-ozone/integration-test/target/test-dir/MiniOzoneClusterImpl-352333b8-4a53-463e-b611-0484fc381049/datanode-0/data/ratis/548e339e-dcb3-4bcc-925c-89e1e563b040/in_use.lock acquired by nodename 21128@pr-hdds-1868-k864b-3611000933
2019-10-07 23:32:03,308 [pool-393-thread-1] INFO  storage.RaftStorageDirectory (RaftStorageDirectory.java:tryLock(328)) - Lock on /workdir/hadoop-ozone/integration-test/target/test-dir/MiniOzoneClusterImpl-352333b8-4a53-463e-b611-0484fc381049/datanode-1/data/ratis/548e339e-dcb3-4bcc-925c-89e1e563b040/in_use.lock acquired by nodename 21128@pr-hdds-1868-k864b-3611000933
2019-10-07 23:32:03,308 [pool-403-thread-1] INFO  storage.RaftStorageDirectory (RaftStorageDirectory.java:tryLock(328)) - Lock on /workdir/hadoop-ozone/integration-test/target/test-dir/MiniOzoneClusterImpl-352333b8-4a53-463e-b611-0484fc381049/datanode-2/data/ratis/548e339e-dcb3-4bcc-925c-89e1e563b040/in_use.lock acquired by nodename 21128@pr-hdds-1868-k864b-3611000933
2019-10-07 23:32:03,333 [pool-383-thread-1] INFO  storage.RaftStorage (RaftStorage.java:format(84)) - Storage directory /workdir/hadoop-ozone/integration-test/target/test-dir/MiniOzoneClusterImpl-352333b8-4a53-463e-b611-0484fc381049/datanode-0/data/ratis/548e339e-dcb3-4bcc-925c-89e1e563b040 has been successfully formatted.
2019-10-07 23:32:03,333 [pool-393-thread-1] INFO  storage.RaftStorage (RaftStorage.java:format(84)) - Storage directory /workdir/hadoop-ozone/integration-test/target/test-dir/MiniOzoneClusterImpl-352333b8-4a53-463e-b611-0484fc381049/datanode-1/data/ratis/548e339e-dcb3-4bcc-925c-89e1e563b040 has been successfully formatted.
2019-10-07 23:32:03,333 [pool-403-thread-1] INFO  storage.RaftStorage (RaftStorage.java:format(84)) - Storage directory /workdir/hadoop-ozone/integration-test/target/test-dir/MiniOzoneClusterImpl-352333b8-4a53-463e-b611-0484fc381049/datanode-2/data/ratis/548e339e-dcb3-4bcc-925c-89e1e563b040 has been successfully formatted.
2019-10-07 23:32:03,334 [pool-393-thread-1] INFO  ratis.ContainerStateMachine (ContainerStateMachine.java:loadSnapshot(233)) - group-89E1E563B040: The snapshot info is null. Setting the last applied indexto:(t:0, i:~)
2019-10-07 23:32:03,334 [pool-383-thread-1] INFO  ratis.ContainerStateMachine (ContainerStateMachine.java:loadSnapshot(233)) - group-89E1E563B040: The snapshot info is null. Setting the last applied indexto:(t:0, i:~)
2019-10-07 23:32:03,334 [pool-393-thread-1] INFO  server.RaftServerConfigKeys (ConfUtils.java:logGet(43)) - raft.server.notification.no-leader.timeout = 120s (custom)
2019-10-07 23:32:03,334 [pool-403-thread-1] INFO  ratis.ContainerStateMachine (ContainerStateMachine.java:loadSnapshot(233)) - group-89E1E563B040: The snapshot info is null. Setting the last applied indexto:(t:0, i:~)
2019-10-07 23:32:03,334 [pool-393-thread-1] INFO  server.RaftServerConfigKeys (ConfUtils.java:logGet(43)) - raft.server.log.use.memory = false (default)
2019-10-07 23:32:03,334 [pool-383-thread-1] INFO  server.RaftServerConfigKeys (ConfUtils.java:logGet(43)) - raft.server.notification.no-leader.timeout = 120s (custom)
2019-10-07 23:32:03,335 [pool-393-thread-1] INFO  server.RaftServerConfigKeys (ConfUtils.java:logGet(43)) - raft.server.log.purge.gap = 1000000 (custom)
2019-10-07 23:32:03,334 [pool-403-thread-1] INFO  server.RaftServerConfigKeys (ConfUtils.java:logGet(43)) - raft.server.notification.no-leader.timeout = 120s (custom)
2019-10-07 23:32:03,335 [pool-393-thread-1] INFO  server.RaftServerConfigKeys (ConfUtils.java:logGet(43)) - raft.server.log.appender.buffer.byte-limit = 33554432 (custom)
2019-10-07 23:32:03,335 [pool-383-thread-1] INFO  server.RaftServerConfigKeys (ConfUtils.java:logGet(43)) - raft.server.log.use.memory = false (default)
2019-10-07 23:32:03,335 [pool-393-thread-1] INFO  server.RaftServerConfigKeys (ConfUtils.java:logGet(43)) - raft.server.log.segment.size.max = 1048576 (custom)
2019-10-07 23:32:03,335 [pool-403-thread-1] INFO  server.RaftServerConfigKeys (ConfUtils.java:logGet(43)) - raft.server.log.use.memory = false (default)
2019-10-07 23:32:03,336 [pool-393-thread-1] INFO  server.RaftServerConfigKeys (ConfUtils.java:logGet(43)) - raft.server.log.segment.cache.num.max = 2 (custom)
2019-10-07 23:32:03,335 [pool-383-thread-1] INFO  server.RaftServerConfigKeys (ConfUtils.java:logGet(43)) - raft.server.log.purge.gap = 1000000 (custom)
2019-10-07 23:32:03,336 [pool-393-thread-1] INFO  segmented.SegmentedRaftLogWorker (SegmentedRaftLogWorker.java:<init>(173)) - new 57c86727-38c9-4594-987b-cd5bf82b207d@group-89E1E563B040-SegmentedRaftLogWorker for RaftStorage:Storage Directory /workdir/hadoop-ozone/integration-test/target/test-dir/MiniOzoneClusterImpl-352333b8-4a53-463e-b611-0484fc381049/datanode-1/data/ratis/548e339e-dcb3-4bcc-925c-89e1e563b040
2019-10-07 23:32:03,336 [pool-403-thread-1] INFO  server.RaftServerConfigKeys (ConfUtils.java:logGet(43)) - raft.server.log.purge.gap = 1000000 (custom)
2019-10-07 23:32:03,336 [pool-393-thread-1] INFO  server.RaftServerConfigKeys (ConfUtils.java:logGet(43)) - raft.server.log.queue.byte-limit = 2147483647 (custom)
2019-10-07 23:32:03,336 [pool-383-thread-1] INFO  server.RaftServerConfigKeys (ConfUtils.java:logGet(43)) - raft.server.log.appender.buffer.byte-limit = 33554432 (custom)
2019-10-07 23:32:03,336 [pool-393-thread-1] INFO  server.RaftServerConfigKeys (ConfUtils.java:logGet(43)) - raft.server.log.queue.element-limit = 1024 (custom)
2019-10-07 23:32:03,336 [pool-403-thread-1] INFO  server.RaftServerConfigKeys (ConfUtils.java:logGet(43)) - raft.server.log.appender.buffer.byte-limit = 33554432 (custom)
2019-10-07 23:32:03,337 [pool-393-thread-1] INFO  server.RaftServerConfigKeys (ConfUtils.java:logGet(43)) - raft.server.log.segment.size.max = 1048576 (custom)
2019-10-07 23:32:03,337 [pool-393-thread-1] INFO  server.RaftServerConfigKeys (ConfUtils.java:logGet(43)) - raft.server.log.preallocated.size = 16384 (custom)
2019-10-07 23:32:03,337 [pool-383-thread-1] INFO  server.RaftServerConfigKeys (ConfUtils.java:logGet(43)) - raft.server.log.segment.size.max = 1048576 (custom)
2019-10-07 23:32:03,337 [pool-393-thread-1] INFO  server.RaftServerConfigKeys (ConfUtils.java:logGet(43)) - raft.server.log.write.buffer.size = 33554432 (custom)
2019-10-07 23:32:03,337 [pool-403-thread-1] INFO  server.RaftServerConfigKeys (ConfUtils.java:logGet(43)) - raft.server.log.segment.size.max = 1048576 (custom)
2019-10-07 23:32:03,338 [pool-393-thread-1] INFO  server.RaftServerConfigKeys (ConfUtils.java:logGet(43)) - raft.server.log.force.sync.num = 128 (default)
2019-10-07 23:32:03,337 [pool-383-thread-1] INFO  server.RaftServerConfigKeys (ConfUtils.java:logGet(43)) - raft.server.log.segment.cache.num.max = 2 (custom)
2019-10-07 23:32:03,338 [pool-393-thread-1] INFO  server.RaftServerConfigKeys (ConfUtils.java:logGet(43)) - raft.server.log.statemachine.data.sync = true (default)
2019-10-07 23:32:03,338 [pool-403-thread-1] INFO  server.RaftServerConfigKeys (ConfUtils.java:logGet(43)) - raft.server.log.segment.cache.num.max = 2 (custom)
2019-10-07 23:32:03,338 [pool-393-thread-1] INFO  server.RaftServerConfigKeys (ConfUtils.java:logGet(43)) - raft.server.log.statemachine.data.sync.timeout = 10s (default)
2019-10-07 23:32:03,338 [pool-383-thread-1] INFO  segmented.SegmentedRaftLogWorker (SegmentedRaftLogWorker.java:<init>(173)) - new f6cf535b-0e7e-49fb-ad18-0fd5e9f0c404@group-89E1E563B040-SegmentedRaftLogWorker for RaftStorage:Storage Directory /workdir/hadoop-ozone/integration-test/target/test-dir/MiniOzoneClusterImpl-352333b8-4a53-463e-b611-0484fc381049/datanode-0/data/ratis/548e339e-dcb3-4bcc-925c-89e1e563b040
2019-10-07 23:32:03,338 [pool-393-thread-1] INFO  server.RaftServerConfigKeys (ConfUtils.java:logGet(43)) - raft.server.log.statemachine.data.sync.timeout.retry = -1 (default)
2019-10-07 23:32:03,338 [pool-403-thread-1] INFO  segmented.SegmentedRaftLogWorker (SegmentedRaftLogWorker.java:<init>(173)) - new 4fb48f8d-81e9-4f66-86fb-c7726dd48448@group-89E1E563B040-SegmentedRaftLogWorker for RaftStorage:Storage Directory /workdir/hadoop-ozone/integration-test/target/test-dir/MiniOzoneClusterImpl-352333b8-4a53-463e-b611-0484fc381049/datanode-2/data/ratis/548e339e-dcb3-4bcc-925c-89e1e563b040
2019-10-07 23:32:03,339 [pool-393-thread-1] INFO  server.RaftServerConfigKeys (ConfUtils.java:logGet(43)) - raft.server.log.statemachine.data.caching.enabled = true (custom)
2019-10-07 23:32:03,339 [pool-383-thread-1] INFO  server.RaftServerConfigKeys (ConfUtils.java:logGet(43)) - raft.server.log.queue.byte-limit = 2147483647 (custom)
2019-10-07 23:32:03,339 [pool-403-thread-1] INFO  server.RaftServerConfigKeys (ConfUtils.java:logGet(43)) - raft.server.log.queue.byte-limit = 2147483647 (custom)
2019-10-07 23:32:03,339 [pool-393-thread-1] INFO  segmented.SegmentedRaftLogWorker (SegmentedRaftLogWorker.java:lambda$new$0(128)) - 57c86727-38c9-4594-987b-cd5bf82b207d@group-89E1E563B040-SegmentedRaftLogWorker: flushIndex: setUnconditionally 0 -> -1
2019-10-07 23:32:03,339 [pool-383-thread-1] INFO  server.RaftServerConfigKeys (ConfUtils.java:logGet(43)) - raft.server.log.queue.element-limit = 1024 (custom)
2019-10-07 23:32:03,339 [pool-403-thread-1] INFO  server.RaftServerConfigKeys (ConfUtils.java:logGet(43)) - raft.server.log.queue.element-limit = 1024 (custom)
2019-10-07 23:32:03,340 [pool-393-thread-1] INFO  server.RaftServerConfigKeys (ConfUtils.java:logGet(43)) - raft.server.snapshot.auto.trigger.enabled = true (custom)
2019-10-07 23:32:03,340 [pool-383-thread-1] INFO  server.RaftServerConfigKeys (ConfUtils.java:logGet(43)) - raft.server.log.segment.size.max = 1048576 (custom)
2019-10-07 23:32:03,340 [pool-393-thread-1] INFO  server.RaftServerConfigKeys (ConfUtils.java:logGet(43)) - raft.server.snapshot.auto.trigger.threshold = 10000 (custom)
2019-10-07 23:32:03,340 [pool-403-thread-1] INFO  server.RaftServerConfigKeys (ConfUtils.java:logGet(43)) - raft.server.log.segment.size.max = 1048576 (custom)
2019-10-07 23:32:03,340 [pool-393-thread-1] INFO  server.RaftServerConfigKeys (ConfUtils.java:logGet(43)) - raft.server.snapshot.retention.file.num = 5 (custom)
2019-10-07 23:32:03,340 [pool-383-thread-1] INFO  server.RaftServerConfigKeys (ConfUtils.java:logGet(43)) - raft.server.log.preallocated.size = 16384 (custom)
2019-10-07 23:32:03,341 [pool-393-thread-1] INFO  server.RaftServerConfigKeys (ConfUtils.java:logGet(43)) - raft.server.retrycache.expirytime = 600000ms (custom)
2019-10-07 23:32:03,341 [pool-403-thread-1] INFO  server.RaftServerConfigKeys (ConfUtils.java:logGet(43)) - raft.server.log.preallocated.size = 16384 (custom)
2019-10-07 23:32:03,341 [pool-383-thread-1] INFO  server.RaftServerConfigKeys (ConfUtils.java:logGet(43)) - raft.server.log.write.buffer.size = 33554432 (custom)
2019-10-07 23:32:03,341 [pool-403-thread-1] INFO  server.RaftServerConfigKeys (ConfUtils.java:logGet(43)) - raft.server.log.write.buffer.size = 33554432 (custom)
2019-10-07 23:32:03,341 [pool-383-thread-1] INFO  server.RaftServerConfigKeys (ConfUtils.java:logGet(43)) - raft.server.log.force.sync.num = 128 (default)
2019-10-07 23:32:03,341 [pool-403-thread-1] INFO  server.RaftServerConfigKeys (ConfUtils.java:logGet(43)) - raft.server.log.force.sync.num = 128 (default)
2019-10-07 23:32:03,342 [pool-383-thread-1] INFO  server.RaftServerConfigKeys (ConfUtils.java:logGet(43)) - raft.server.log.statemachine.data.sync = true (default)
2019-10-07 23:32:03,342 [pool-403-thread-1] INFO  server.RaftServerConfigKeys (ConfUtils.java:logGet(43)) - raft.server.log.statemachine.data.sync = true (default)
2019-10-07 23:32:03,342 [pool-383-thread-1] INFO  server.RaftServerConfigKeys (ConfUtils.java:logGet(43)) - raft.server.log.statemachine.data.sync.timeout = 10s (default)
2019-10-07 23:32:03,342 [pool-403-thread-1] INFO  server.RaftServerConfigKeys (ConfUtils.java:logGet(43)) - raft.server.log.statemachine.data.sync.timeout = 10s (default)
2019-10-07 23:32:03,342 [pool-383-thread-1] INFO  server.RaftServerConfigKeys (ConfUtils.java:logGet(43)) - raft.server.log.statemachine.data.sync.timeout.retry = -1 (default)
2019-10-07 23:32:03,342 [pool-403-thread-1] INFO  server.RaftServerConfigKeys (ConfUtils.java:logGet(43)) - raft.server.log.statemachine.data.sync.timeout.retry = -1 (default)
2019-10-07 23:32:03,343 [pool-383-thread-1] INFO  server.RaftServerConfigKeys (ConfUtils.java:logGet(43)) - raft.server.log.statemachine.data.caching.enabled = true (custom)
2019-10-07 23:32:03,343 [pool-403-thread-1] INFO  server.RaftServerConfigKeys (ConfUtils.java:logGet(43)) - raft.server.log.statemachine.data.caching.enabled = true (custom)
2019-10-07 23:32:03,343 [pool-383-thread-1] INFO  segmented.SegmentedRaftLogWorker (SegmentedRaftLogWorker.java:lambda$new$0(128)) - f6cf535b-0e7e-49fb-ad18-0fd5e9f0c404@group-89E1E563B040-SegmentedRaftLogWorker: flushIndex: setUnconditionally 0 -> -1
2019-10-07 23:32:03,343 [pool-403-thread-1] INFO  segmented.SegmentedRaftLogWorker (SegmentedRaftLogWorker.java:lambda$new$0(128)) - 4fb48f8d-81e9-4f66-86fb-c7726dd48448@group-89E1E563B040-SegmentedRaftLogWorker: flushIndex: setUnconditionally 0 -> -1
2019-10-07 23:32:03,343 [pool-393-thread-1] INFO  impl.RaftServerImpl (RaftServerImpl.java:start(181)) - 57c86727-38c9-4594-987b-cd5bf82b207d@group-89E1E563B040: start as a follower, conf=-1: [f6cf535b-0e7e-49fb-ad18-0fd5e9f0c404:192.168.151.75:37994, 4fb48f8d-81e9-4f66-86fb-c7726dd48448:192.168.151.75:34336, 57c86727-38c9-4594-987b-cd5bf82b207d:192.168.151.75:39882], old=null
2019-10-07 23:32:03,343 [pool-383-thread-1] INFO  server.RaftServerConfigKeys (ConfUtils.java:logGet(43)) - raft.server.snapshot.auto.trigger.enabled = true (custom)
2019-10-07 23:32:03,343 [pool-403-thread-1] INFO  server.RaftServerConfigKeys (ConfUtils.java:logGet(43)) - raft.server.snapshot.auto.trigger.enabled = true (custom)
2019-10-07 23:32:03,343 [pool-393-thread-1] INFO  impl.RaftServerImpl (RaftServerImpl.java:setRole(170)) - 57c86727-38c9-4594-987b-cd5bf82b207d@group-89E1E563B040: changes role from      null to FOLLOWER at term 0 for startAsFollower
2019-10-07 23:32:03,344 [pool-403-thread-1] INFO  server.RaftServerConfigKeys (ConfUtils.java:logGet(43)) - raft.server.snapshot.auto.trigger.threshold = 10000 (custom)
2019-10-07 23:32:03,344 [pool-383-thread-1] INFO  server.RaftServerConfigKeys (ConfUtils.java:logGet(43)) - raft.server.snapshot.auto.trigger.threshold = 10000 (custom)
2019-10-07 23:32:03,344 [pool-403-thread-1] INFO  server.RaftServerConfigKeys (ConfUtils.java:logGet(43)) - raft.server.snapshot.retention.file.num = 5 (custom)
2019-10-07 23:32:03,344 [pool-393-thread-1] INFO  impl.RoleInfo (RoleInfo.java:updateAndGet(143)) - 57c86727-38c9-4594-987b-cd5bf82b207d: start FollowerState
2019-10-07 23:32:03,344 [pool-403-thread-1] INFO  server.RaftServerConfigKeys (ConfUtils.java:logGet(43)) - raft.server.retrycache.expirytime = 600000ms (custom)
2019-10-07 23:32:03,344 [pool-383-thread-1] INFO  server.RaftServerConfigKeys (ConfUtils.java:logGet(43)) - raft.server.snapshot.retention.file.num = 5 (custom)
2019-10-07 23:32:03,345 [pool-393-thread-1] INFO  util.JmxRegister (JmxRegister.java:tryRegister(44)) - Successfully registered JMX Bean with object name Ratis:service=RaftServer,group=group-89E1E563B040,id=57c86727-38c9-4594-987b-cd5bf82b207d
2019-10-07 23:32:03,345 [pool-383-thread-1] INFO  server.RaftServerConfigKeys (ConfUtils.java:logGet(43)) - raft.server.retrycache.expirytime = 600000ms (custom)
2019-10-07 23:32:03,348 [pool-403-thread-1] INFO  impl.RaftServerImpl (RaftServerImpl.java:start(181)) - 4fb48f8d-81e9-4f66-86fb-c7726dd48448@group-89E1E563B040: start as a follower, conf=-1: [f6cf535b-0e7e-49fb-ad18-0fd5e9f0c404:192.168.151.75:37994, 4fb48f8d-81e9-4f66-86fb-c7726dd48448:192.168.151.75:34336, 57c86727-38c9-4594-987b-cd5bf82b207d:192.168.151.75:39882], old=null
2019-10-07 23:32:03,349 [pool-403-thread-1] INFO  impl.RaftServerImpl (RaftServerImpl.java:setRole(170)) - 4fb48f8d-81e9-4f66-86fb-c7726dd48448@group-89E1E563B040: changes role from      null to FOLLOWER at term 0 for startAsFollower
2019-10-07 23:32:03,349 [pool-403-thread-1] INFO  impl.RoleInfo (RoleInfo.java:updateAndGet(143)) - 4fb48f8d-81e9-4f66-86fb-c7726dd48448: start FollowerState
2019-10-07 23:32:03,349 [pool-383-thread-1] INFO  impl.RaftServerImpl (RaftServerImpl.java:start(181)) - f6cf535b-0e7e-49fb-ad18-0fd5e9f0c404@group-89E1E563B040: start as a follower, conf=-1: [f6cf535b-0e7e-49fb-ad18-0fd5e9f0c404:192.168.151.75:37994, 4fb48f8d-81e9-4f66-86fb-c7726dd48448:192.168.151.75:34336, 57c86727-38c9-4594-987b-cd5bf82b207d:192.168.151.75:39882], old=null
2019-10-07 23:32:03,349 [pool-383-thread-1] INFO  impl.RaftServerImpl (RaftServerImpl.java:setRole(170)) - f6cf535b-0e7e-49fb-ad18-0fd5e9f0c404@group-89E1E563B040: changes role from      null to FOLLOWER at term 0 for startAsFollower
2019-10-07 23:32:03,388 [pool-403-thread-1] INFO  util.JmxRegister (JmxRegister.java:tryRegister(44)) - Successfully registered JMX Bean with object name Ratis:service=RaftServer,group=group-89E1E563B040,id=4fb48f8d-81e9-4f66-86fb-c7726dd48448
2019-10-07 23:32:03,389 [pool-383-thread-1] INFO  impl.RoleInfo (RoleInfo.java:updateAndGet(143)) - f6cf535b-0e7e-49fb-ad18-0fd5e9f0c404: start FollowerState
2019-10-07 23:32:03,390 [pool-383-thread-1] INFO  util.JmxRegister (JmxRegister.java:tryRegister(44)) - Successfully registered JMX Bean with object name Ratis:service=RaftServer,group=group-89E1E563B040,id=f6cf535b-0e7e-49fb-ad18-0fd5e9f0c404
2019-10-07 23:32:03,413 [RatisPipelineUtilsThread] INFO  pipeline.PipelineStateManager (PipelineStateManager.java:addPipeline(57)) - Created pipeline Pipeline[ Id: 548e339e-dcb3-4bcc-925c-89e1e563b040, Nodes: 4fb48f8d-81e9-4f66-86fb-c7726dd48448{ip: 192.168.151.75, host: pr-hdds-1868-k864b-3611000933, networkLocation: /default-rack, certSerialId: null}57c86727-38c9-4594-987b-cd5bf82b207d{ip: 192.168.151.75, host: pr-hdds-1868-k864b-3611000933, networkLocation: /default-rack, certSerialId: null}f6cf535b-0e7e-49fb-ad18-0fd5e9f0c404{ip: 192.168.151.75, host: pr-hdds-1868-k864b-3611000933, networkLocation: /default-rack, certSerialId: null}, Type:RATIS, Factor:THREE, State:ALLOCATED]
2019-10-07 23:32:03,414 [Thread-2548] INFO  pipeline.PipelineStateManager (PipelineStateManager.java:finalizePipeline(123)) - Pipeline Pipeline[ Id: 0b200638-f6ed-49a5-8781-a331d567755a, Nodes: 419a2258-246e-4ffa-9dbd-67c7614db87a{ip: 192.168.151.75, host: pr-hdds-1868-k864b-3611000933, networkLocation: /default-rack, certSerialId: null}, Type:RATIS, Factor:ONE, State:CLOSED] moved to CLOSED state
2019-10-07 23:32:03,422 [grpc-default-executor-7] INFO  impl.RaftServerProxy (RaftServerProxy.java:remove(95)) - 419a2258-246e-4ffa-9dbd-67c7614db87a: remove  FOLLOWER 419a2258-246e-4ffa-9dbd-67c7614db87a@group-A331D567755A:t0, leader=null, voted=null, raftlog=419a2258-246e-4ffa-9dbd-67c7614db87a@group-A331D567755A-SegmentedRaftLog:OPENED:c-1,f-1,i0, conf=-1: [419a2258-246e-4ffa-9dbd-67c7614db87a:192.168.151.75:44520], old=null RUNNING
2019-10-07 23:32:03,422 [grpc-default-executor-7] INFO  impl.RaftServerImpl (RaftServerImpl.java:lambda$shutdown$3(247)) - 419a2258-246e-4ffa-9dbd-67c7614db87a@group-A331D567755A: shutdown
2019-10-07 23:32:03,422 [grpc-default-executor-7] INFO  util.JmxRegister (JmxRegister.java:unregister(73)) - Successfully un-registered JMX Bean with object name Ratis:service=RaftServer,group=group-A331D567755A,id=419a2258-246e-4ffa-9dbd-67c7614db87a
2019-10-07 23:32:03,423 [grpc-default-executor-7] INFO  impl.RoleInfo (RoleInfo.java:shutdownFollowerState(121)) - 419a2258-246e-4ffa-9dbd-67c7614db87a: shutdown FollowerState
2019-10-07 23:32:03,423 [grpc-default-executor-7] INFO  impl.StateMachineUpdater (StateMachineUpdater.java:stopAndJoin(136)) - 419a2258-246e-4ffa-9dbd-67c7614db87a@group-A331D567755A-StateMachineUpdater: set stopIndex = -1
2019-10-07 23:32:03,423 [Thread-2576] INFO  impl.FollowerState (FollowerState.java:run(117)) - 419a2258-246e-4ffa-9dbd-67c7614db87a@group-A331D567755A-FollowerState was interrupted: java.lang.InterruptedException: sleep interrupted
2019-10-07 23:32:03,423 [grpc-default-executor-7] INFO  impl.RaftServerImpl (ServerState.java:close(387)) - 419a2258-246e-4ffa-9dbd-67c7614db87a@group-A331D567755A: closes. applyIndex: -1
2019-10-07 23:32:03,423 [419a2258-246e-4ffa-9dbd-67c7614db87a@group-A331D567755A-SegmentedRaftLogWorker] INFO  segmented.SegmentedRaftLogWorker (SegmentedRaftLogWorker.java:run(316)) - 419a2258-246e-4ffa-9dbd-67c7614db87a@group-A331D567755A-SegmentedRaftLogWorker was interrupted, exiting. There are 0 tasks remaining in the queue.
2019-10-07 23:32:03,423 [grpc-default-executor-7] INFO  segmented.SegmentedRaftLogWorker (SegmentedRaftLogWorker.java:close(224)) - 419a2258-246e-4ffa-9dbd-67c7614db87a@group-A331D567755A-SegmentedRaftLogWorker close()
2019-10-07 23:32:03,432 [Thread-2548] INFO  pipeline.PipelineStateManager (PipelineStateManager.java:removePipeline(108)) - Pipeline Pipeline[ Id: 0b200638-f6ed-49a5-8781-a331d567755a, Nodes: 419a2258-246e-4ffa-9dbd-67c7614db87a{ip: 192.168.151.75, host: pr-hdds-1868-k864b-3611000933, networkLocation: /default-rack, certSerialId: null}, Type:RATIS, Factor:ONE, State:CLOSED] removed from db
2019-10-07 23:32:03,432 [Thread-2548] INFO  pipeline.SCMPipelineManager (SCMPipelineManager.java:finalizeAndDestroyPipeline(315)) - destroying pipeline:Pipeline[ Id: 22a4151b-b876-4aab-97d7-e10110ce5a74, Nodes: c5ad0c37-429e-4687-981a-4ed62e267729{ip: 192.168.151.75, host: pr-hdds-1868-k864b-3611000933, networkLocation: /default-rack, certSerialId: null}419a2258-246e-4ffa-9dbd-67c7614db87a{ip: 192.168.151.75, host: pr-hdds-1868-k864b-3611000933, networkLocation: /default-rack, certSerialId: null}0762d526-f4f4-4a47-8e0a-da1a15343f7f{ip: 192.168.151.75, host: pr-hdds-1868-k864b-3611000933, networkLocation: /default-rack, certSerialId: null}, Type:RATIS, Factor:THREE, State:ALLOCATED]
2019-10-07 23:32:03,435 [grpc-default-executor-7] INFO  impl.RaftServerProxy (RaftServerProxy.java:addNew(89)) - 419a2258-246e-4ffa-9dbd-67c7614db87a: addNew group-B22C0B1C813F:[419a2258-246e-4ffa-9dbd-67c7614db87a:192.168.151.75:44520] returns group-B22C0B1C813F:java.util.concurrent.CompletableFuture@73b818a2[Not completed]
2019-10-07 23:32:03,437 [pool-433-thread-1] INFO  impl.RaftServerImpl (RaftServerImpl.java:<init>(95)) - 419a2258-246e-4ffa-9dbd-67c7614db87a: new RaftServerImpl for group-B22C0B1C813F:[419a2258-246e-4ffa-9dbd-67c7614db87a:192.168.151.75:44520] with ContainerStateMachine:uninitialized
2019-10-07 23:32:03,437 [pool-433-thread-1] INFO  server.RaftServerConfigKeys (ConfUtils.java:logGet(43)) - raft.server.rpc.timeout.min = 5s (custom)
2019-10-07 23:32:03,437 [pool-433-thread-1] INFO  server.RaftServerConfigKeys (ConfUtils.java:logGet(43)) - raft.server.rpc.timeout.max = 5200ms (custom)
2019-10-07 23:32:03,437 [pool-433-thread-1] INFO  server.RaftServerConfigKeys (ConfUtils.java:logGet(43)) - raft.server.rpcslowness.timeout = 120s (custom)
2019-10-07 23:32:03,437 [pool-433-thread-1] INFO  server.RaftServerConfigKeys (ConfUtils.java:logGet(43)) - raft.server.sleep.deviation.threshold = 300 (default)
2019-10-07 23:32:03,437 [pool-433-thread-1] INFO  server.RaftServerConfigKeys (ConfUtils.java:logGet(43)) - raft.server.log.appender.install.snapshot.enabled = false (custom)
2019-10-07 23:32:03,438 [pool-433-thread-1] INFO  impl.RaftServerImpl (ServerState.java:<init>(103)) - 419a2258-246e-4ffa-9dbd-67c7614db87a@group-B22C0B1C813F: ConfigurationManager, init=-1: [419a2258-246e-4ffa-9dbd-67c7614db87a:192.168.151.75:44520], old=null, confs=<EMPTY_MAP>
2019-10-07 23:32:03,438 [pool-433-thread-1] INFO  server.RaftServerConfigKeys (ConfUtils.java:logGet(43)) - raft.server.storage.dir = [/workdir/hadoop-ozone/integration-test/target/test-dir/MiniOzoneClusterImpl-352333b8-4a53-463e-b611-0484fc381049/datanode-5/data/ratis] (custom)
2019-10-07 23:32:03,438 [pool-433-thread-1] INFO  server.RaftServerConfigKeys (ConfUtils.java:logGet(43)) - raft.server.log.corruption.policy = EXCEPTION (default)
2019-10-07 23:32:03,438 [pool-433-thread-1] INFO  storage.RaftStorageDirectory (RaftStorageDirectory.java:analyzeStorage(246)) - The storage directory /workdir/hadoop-ozone/integration-test/target/test-dir/MiniOzoneClusterImpl-352333b8-4a53-463e-b611-0484fc381049/datanode-5/data/ratis/ec5c22ab-6822-4b4d-8924-b22c0b1c813f does not exist. Creating ...
2019-10-07 23:32:03,451 [pool-433-thread-1] INFO  storage.RaftStorageDirectory (RaftStorageDirectory.java:tryLock(328)) - Lock on /workdir/hadoop-ozone/integration-test/target/test-dir/MiniOzoneClusterImpl-352333b8-4a53-463e-b611-0484fc381049/datanode-5/data/ratis/ec5c22ab-6822-4b4d-8924-b22c0b1c813f/in_use.lock acquired by nodename 21128@pr-hdds-1868-k864b-3611000933
2019-10-07 23:32:03,464 [pool-433-thread-1] INFO  storage.RaftStorage (RaftStorage.java:format(84)) - Storage directory /workdir/hadoop-ozone/integration-test/target/test-dir/MiniOzoneClusterImpl-352333b8-4a53-463e-b611-0484fc381049/datanode-5/data/ratis/ec5c22ab-6822-4b4d-8924-b22c0b1c813f has been successfully formatted.
2019-10-07 23:32:03,464 [pool-433-thread-1] INFO  ratis.ContainerStateMachine (ContainerStateMachine.java:loadSnapshot(233)) - group-B22C0B1C813F: The snapshot info is null. Setting the last applied indexto:(t:0, i:~)
2019-10-07 23:32:03,464 [pool-433-thread-1] INFO  server.RaftServerConfigKeys (ConfUtils.java:logGet(43)) - raft.server.notification.no-leader.timeout = 120s (custom)
2019-10-07 23:32:03,464 [pool-433-thread-1] INFO  server.RaftServerConfigKeys (ConfUtils.java:logGet(43)) - raft.server.log.use.memory = false (default)
2019-10-07 23:32:03,464 [pool-433-thread-1] INFO  server.RaftServerConfigKeys (ConfUtils.java:logGet(43)) - raft.server.log.purge.gap = 1000000 (custom)
2019-10-07 23:32:03,464 [pool-433-thread-1] INFO  server.RaftServerConfigKeys (ConfUtils.java:logGet(43)) - raft.server.log.appender.buffer.byte-limit = 33554432 (custom)
2019-10-07 23:32:03,465 [pool-433-thread-1] INFO  server.RaftServerConfigKeys (ConfUtils.java:logGet(43)) - raft.server.log.segment.size.max = 1048576 (custom)
2019-10-07 23:32:03,465 [pool-433-thread-1] INFO  server.RaftServerConfigKeys (ConfUtils.java:logGet(43)) - raft.server.log.segment.cache.num.max = 2 (custom)
2019-10-07 23:32:03,465 [pool-433-thread-1] INFO  segmented.SegmentedRaftLogWorker (SegmentedRaftLogWorker.java:<init>(173)) - new 419a2258-246e-4ffa-9dbd-67c7614db87a@group-B22C0B1C813F-SegmentedRaftLogWorker for RaftStorage:Storage Directory /workdir/hadoop-ozone/integration-test/target/test-dir/MiniOzoneClusterImpl-352333b8-4a53-463e-b611-0484fc381049/datanode-5/data/ratis/ec5c22ab-6822-4b4d-8924-b22c0b1c813f
2019-10-07 23:32:03,465 [pool-433-thread-1] INFO  server.RaftServerConfigKeys (ConfUtils.java:logGet(43)) - raft.server.log.queue.byte-limit = 2147483647 (custom)
2019-10-07 23:32:03,465 [pool-433-thread-1] INFO  server.RaftServerConfigKeys (ConfUtils.java:logGet(43)) - raft.server.log.queue.element-limit = 1024 (custom)
2019-10-07 23:32:03,465 [pool-433-thread-1] INFO  server.RaftServerConfigKeys (ConfUtils.java:logGet(43)) - raft.server.log.segment.size.max = 1048576 (custom)
2019-10-07 23:32:03,465 [pool-433-thread-1] INFO  server.RaftServerConfigKeys (ConfUtils.java:logGet(43)) - raft.server.log.preallocated.size = 16384 (custom)
2019-10-07 23:32:03,465 [pool-433-thread-1] INFO  server.RaftServerConfigKeys (ConfUtils.java:logGet(43)) - raft.server.log.write.buffer.size = 33554432 (custom)
2019-10-07 23:32:03,466 [pool-433-thread-1] INFO  server.RaftServerConfigKeys (ConfUtils.java:logGet(43)) - raft.server.log.force.sync.num = 128 (default)
2019-10-07 23:32:03,466 [pool-433-thread-1] INFO  server.RaftServerConfigKeys (ConfUtils.java:logGet(43)) - raft.server.log.statemachine.data.sync = true (default)
2019-10-07 23:32:03,466 [pool-433-thread-1] INFO  server.RaftServerConfigKeys (ConfUtils.java:logGet(43)) - raft.server.log.statemachine.data.sync.timeout = 10s (default)
2019-10-07 23:32:03,466 [pool-433-thread-1] INFO  server.RaftServerConfigKeys (ConfUtils.java:logGet(43)) - raft.server.log.statemachine.data.sync.timeout.retry = -1 (default)
2019-10-07 23:32:03,466 [pool-433-thread-1] INFO  server.RaftServerConfigKeys (ConfUtils.java:logGet(43)) - raft.server.log.statemachine.data.caching.enabled = true (custom)
2019-10-07 23:32:03,467 [pool-433-thread-1] INFO  segmented.SegmentedRaftLogWorker (SegmentedRaftLogWorker.java:lambda$new$0(128)) - 419a2258-246e-4ffa-9dbd-67c7614db87a@group-B22C0B1C813F-SegmentedRaftLogWorker: flushIndex: setUnconditionally 0 -> -1
2019-10-07 23:32:03,468 [pool-433-thread-1] INFO  server.RaftServerConfigKeys (ConfUtils.java:logGet(43)) - raft.server.snapshot.auto.trigger.enabled = true (custom)
2019-10-07 23:32:03,468 [pool-433-thread-1] INFO  server.RaftServerConfigKeys (ConfUtils.java:logGet(43)) - raft.server.snapshot.auto.trigger.threshold = 10000 (custom)
2019-10-07 23:32:03,468 [pool-433-thread-1] INFO  server.RaftServerConfigKeys (ConfUtils.java:logGet(43)) - raft.server.snapshot.retention.file.num = 5 (custom)
2019-10-07 23:32:03,468 [pool-433-thread-1] INFO  server.RaftServerConfigKeys (ConfUtils.java:logGet(43)) - raft.server.retrycache.expirytime = 600000ms (custom)
2019-10-07 23:32:03,470 [pool-433-thread-1] INFO  impl.RaftServerImpl (RaftServerImpl.java:start(181)) - 419a2258-246e-4ffa-9dbd-67c7614db87a@group-B22C0B1C813F: start as a follower, conf=-1: [419a2258-246e-4ffa-9dbd-67c7614db87a:192.168.151.75:44520], old=null
2019-10-07 23:32:03,470 [pool-433-thread-1] INFO  impl.RaftServerImpl (RaftServerImpl.java:setRole(170)) - 419a2258-246e-4ffa-9dbd-67c7614db87a@group-B22C0B1C813F: changes role from      null to FOLLOWER at term 0 for startAsFollower
2019-10-07 23:32:03,470 [pool-433-thread-1] INFO  impl.RoleInfo (RoleInfo.java:updateAndGet(143)) - 419a2258-246e-4ffa-9dbd-67c7614db87a: start FollowerState
2019-10-07 23:32:03,470 [pool-433-thread-1] INFO  util.JmxRegister (JmxRegister.java:tryRegister(44)) - Successfully registered JMX Bean with object name Ratis:service=RaftServer,group=group-B22C0B1C813F,id=419a2258-246e-4ffa-9dbd-67c7614db87a
2019-10-07 23:32:03,475 [RatisPipelineUtilsThread] INFO  pipeline.PipelineStateManager (PipelineStateManager.java:addPipeline(57)) - Created pipeline Pipeline[ Id: ec5c22ab-6822-4b4d-8924-b22c0b1c813f, Nodes: 419a2258-246e-4ffa-9dbd-67c7614db87a{ip: 192.168.151.75, host: pr-hdds-1868-k864b-3611000933, networkLocation: /default-rack, certSerialId: null}, Type:RATIS, Factor:ONE, State:ALLOCATED]
2019-10-07 23:32:03,475 [Thread-2548] INFO  pipeline.PipelineStateManager (PipelineStateManager.java:finalizePipeline(123)) - Pipeline Pipeline[ Id: 22a4151b-b876-4aab-97d7-e10110ce5a74, Nodes: c5ad0c37-429e-4687-981a-4ed62e267729{ip: 192.168.151.75, host: pr-hdds-1868-k864b-3611000933, networkLocation: /default-rack, certSerialId: null}419a2258-246e-4ffa-9dbd-67c7614db87a{ip: 192.168.151.75, host: pr-hdds-1868-k864b-3611000933, networkLocation: /default-rack, certSerialId: null}0762d526-f4f4-4a47-8e0a-da1a15343f7f{ip: 192.168.151.75, host: pr-hdds-1868-k864b-3611000933, networkLocation: /default-rack, certSerialId: null}, Type:RATIS, Factor:THREE, State:CLOSED] moved to CLOSED state
2019-10-07 23:32:03,475 [main] INFO  ozone.MiniOzoneClusterImpl (MiniOzoneClusterImpl.java:lambda$waitForClusterToBeReady$2(164)) - Waiting for 8 number of pipelines out of 9, to report a leader.
2019-10-07 23:32:03,488 [grpc-default-executor-7] INFO  impl.RaftServerProxy (RaftServerProxy.java:remove(95)) - c5ad0c37-429e-4687-981a-4ed62e267729: remove  FOLLOWER c5ad0c37-429e-4687-981a-4ed62e267729@group-E10110CE5A74:t0, leader=null, voted=null, raftlog=c5ad0c37-429e-4687-981a-4ed62e267729@group-E10110CE5A74-SegmentedRaftLog:OPENED:c-1,f-1,i0, conf=-1: [c5ad0c37-429e-4687-981a-4ed62e267729:192.168.151.75:35930, 419a2258-246e-4ffa-9dbd-67c7614db87a:192.168.151.75:44520, 0762d526-f4f4-4a47-8e0a-da1a15343f7f:192.168.151.75:44064], old=null RUNNING
2019-10-07 23:32:03,488 [grpc-default-executor-5] INFO  impl.RaftServerProxy (RaftServerProxy.java:addNew(89)) - e117b867-d4bf-4f16-8fb0-9fc7cd76fe51: addNew group-2F85CB62C16C:[c5ad0c37-429e-4687-981a-4ed62e267729:192.168.151.75:35930, 419a2258-246e-4ffa-9dbd-67c7614db87a:192.168.151.75:44520, e117b867-d4bf-4f16-8fb0-9fc7cd76fe51:192.168.151.75:34188] returns group-2F85CB62C16C:java.util.concurrent.CompletableFuture@768057d2[Not completed]
2019-10-07 23:32:03,488 [grpc-default-executor-1] INFO  impl.RaftServerProxy (RaftServerProxy.java:addNew(89)) - c5ad0c37-429e-4687-981a-4ed62e267729: addNew group-2F85CB62C16C:[c5ad0c37-429e-4687-981a-4ed62e267729:192.168.151.75:35930, 419a2258-246e-4ffa-9dbd-67c7614db87a:192.168.151.75:44520, e117b867-d4bf-4f16-8fb0-9fc7cd76fe51:192.168.151.75:34188] returns group-2F85CB62C16C:java.util.concurrent.CompletableFuture@2f143e9b[Not completed]
2019-10-07 23:32:03,488 [grpc-default-executor-6] INFO  impl.RaftServerProxy (RaftServerProxy.java:addNew(89)) - 419a2258-246e-4ffa-9dbd-67c7614db87a: addNew group-2F85CB62C16C:[c5ad0c37-429e-4687-981a-4ed62e267729:192.168.151.75:35930, 419a2258-246e-4ffa-9dbd-67c7614db87a:192.168.151.75:44520, e117b867-d4bf-4f16-8fb0-9fc7cd76fe51:192.168.151.75:34188] returns group-2F85CB62C16C:java.util.concurrent.CompletableFuture@d9846c8[Not completed]
2019-10-07 23:32:03,488 [grpc-default-executor-7] INFO  impl.RaftServerImpl (RaftServerImpl.java:lambda$shutdown$3(247)) - c5ad0c37-429e-4687-981a-4ed62e267729@group-E10110CE5A74: shutdown
2019-10-07 23:32:03,489 [grpc-default-executor-7] INFO  util.JmxRegister (JmxRegister.java:unregister(73)) - Successfully un-registered JMX Bean with object name Ratis:service=RaftServer,group=group-E10110CE5A74,id=c5ad0c37-429e-4687-981a-4ed62e267729
2019-10-07 23:32:03,489 [pool-413-thread-1] INFO  impl.RaftServerImpl (RaftServerImpl.java:<init>(95)) - c5ad0c37-429e-4687-981a-4ed62e267729: new RaftServerImpl for group-2F85CB62C16C:[c5ad0c37-429e-4687-981a-4ed62e267729:192.168.151.75:35930, 419a2258-246e-4ffa-9dbd-67c7614db87a:192.168.151.75:44520, e117b867-d4bf-4f16-8fb0-9fc7cd76fe51:192.168.151.75:34188] with ContainerStateMachine:uninitialized
2019-10-07 23:32:03,489 [grpc-default-executor-7] INFO  impl.RoleInfo (RoleInfo.java:shutdownFollowerState(121)) - c5ad0c37-429e-4687-981a-4ed62e267729: shutdown FollowerState
2019-10-07 23:32:03,489 [pool-413-thread-1] INFO  server.RaftServerConfigKeys (ConfUtils.java:logGet(43)) - raft.server.rpc.timeout.min = 5s (custom)
2019-10-07 23:32:03,489 [grpc-default-executor-7] INFO  impl.StateMachineUpdater (StateMachineUpdater.java:stopAndJoin(136)) - c5ad0c37-429e-4687-981a-4ed62e267729@group-E10110CE5A74-StateMachineUpdater: set stopIndex = -1
2019-10-07 23:32:03,490 [pool-433-thread-1] INFO  impl.RaftServerImpl (RaftServerImpl.java:<init>(95)) - 419a2258-246e-4ffa-9dbd-67c7614db87a: new RaftServerImpl for group-2F85CB62C16C:[c5ad0c37-429e-4687-981a-4ed62e267729:192.168.151.75:35930, 419a2258-246e-4ffa-9dbd-67c7614db87a:192.168.151.75:44520, e117b867-d4bf-4f16-8fb0-9fc7cd76fe51:192.168.151.75:34188] with ContainerStateMachine:uninitialized
2019-10-07 23:32:03,490 [Thread-2583] INFO  impl.FollowerState (FollowerState.java:run(117)) - c5ad0c37-429e-4687-981a-4ed62e267729@group-E10110CE5A74-FollowerState was interrupted: java.lang.InterruptedException: sleep interrupted
2019-10-07 23:32:03,489 [pool-413-thread-1] INFO  server.RaftServerConfigKeys (ConfUtils.java:logGet(43)) - raft.server.rpc.timeout.max = 5200ms (custom)
2019-10-07 23:32:03,490 [pool-433-thread-1] INFO  server.RaftServerConfigKeys (ConfUtils.java:logGet(43)) - raft.server.rpc.timeout.min = 5s (custom)
2019-10-07 23:32:03,490 [grpc-default-executor-7] INFO  impl.RaftServerImpl (ServerState.java:close(387)) - c5ad0c37-429e-4687-981a-4ed62e267729@group-E10110CE5A74: closes. applyIndex: -1
2019-10-07 23:32:03,490 [pool-433-thread-1] INFO  server.RaftServerConfigKeys (ConfUtils.java:logGet(43)) - raft.server.rpc.timeout.max = 5200ms (custom)
2019-10-07 23:32:03,491 [pool-443-thread-1] INFO  impl.RaftServerImpl (RaftServerImpl.java:<init>(95)) - e117b867-d4bf-4f16-8fb0-9fc7cd76fe51: new RaftServerImpl for group-2F85CB62C16C:[c5ad0c37-429e-4687-981a-4ed62e267729:192.168.151.75:35930, 419a2258-246e-4ffa-9dbd-67c7614db87a:192.168.151.75:44520, e117b867-d4bf-4f16-8fb0-9fc7cd76fe51:192.168.151.75:34188] with ContainerStateMachine:uninitialized
2019-10-07 23:32:03,490 [pool-413-thread-1] INFO  server.RaftServerConfigKeys (ConfUtils.java:logGet(43)) - raft.server.rpcslowness.timeout = 120s (custom)
2019-10-07 23:32:03,491 [pool-443-thread-1] INFO  server.RaftServerConfigKeys (ConfUtils.java:logGet(43)) - raft.server.rpc.timeout.min = 5s (custom)
2019-10-07 23:32:03,491 [pool-433-thread-1] INFO  server.RaftServerConfigKeys (ConfUtils.java:logGet(43)) - raft.server.rpcslowness.timeout = 120s (custom)
2019-10-07 23:32:03,491 [c5ad0c37-429e-4687-981a-4ed62e267729@group-E10110CE5A74-SegmentedRaftLogWorker] INFO  segmented.SegmentedRaftLogWorker (SegmentedRaftLogWorker.java:run(316)) - c5ad0c37-429e-4687-981a-4ed62e267729@group-E10110CE5A74-SegmentedRaftLogWorker was interrupted, exiting. There are 0 tasks remaining in the queue.
2019-10-07 23:32:03,491 [pool-433-thread-1] INFO  server.RaftServerConfigKeys (ConfUtils.java:logGet(43)) - raft.server.sleep.deviation.threshold = 300 (default)
2019-10-07 23:32:03,491 [pool-443-thread-1] INFO  server.RaftServerConfigKeys (ConfUtils.java:logGet(43)) - raft.server.rpc.timeout.max = 5200ms (custom)
2019-10-07 23:32:03,491 [pool-413-thread-1] INFO  server.RaftServerConfigKeys (ConfUtils.java:logGet(43)) - raft.server.sleep.deviation.threshold = 300 (default)
2019-10-07 23:32:03,491 [pool-443-thread-1] INFO  server.RaftServerConfigKeys (ConfUtils.java:logGet(43)) - raft.server.rpcslowness.timeout = 120s (custom)
2019-10-07 23:32:03,491 [pool-433-thread-1] INFO  server.RaftServerConfigKeys (ConfUtils.java:logGet(43)) - raft.server.log.appender.install.snapshot.enabled = false (custom)
2019-10-07 23:32:03,491 [grpc-default-executor-7] INFO  segmented.SegmentedRaftLogWorker (SegmentedRaftLogWorker.java:close(224)) - c5ad0c37-429e-4687-981a-4ed62e267729@group-E10110CE5A74-SegmentedRaftLogWorker close()
2019-10-07 23:32:03,492 [pool-433-thread-1] INFO  impl.RaftServerImpl (ServerState.java:<init>(103)) - 419a2258-246e-4ffa-9dbd-67c7614db87a@group-2F85CB62C16C: ConfigurationManager, init=-1: [c5ad0c37-429e-4687-981a-4ed62e267729:192.168.151.75:35930, 419a2258-246e-4ffa-9dbd-67c7614db87a:192.168.151.75:44520, e117b867-d4bf-4f16-8fb0-9fc7cd76fe51:192.168.151.75:34188], old=null, confs=<EMPTY_MAP>
2019-10-07 23:32:03,492 [pool-443-thread-1] INFO  server.RaftServerConfigKeys (ConfUtils.java:logGet(43)) - raft.server.sleep.deviation.threshold = 300 (default)
2019-10-07 23:32:03,492 [pool-413-thread-1] INFO  server.RaftServerConfigKeys (ConfUtils.java:logGet(43)) - raft.server.log.appender.install.snapshot.enabled = false (custom)
2019-10-07 23:32:03,498 [pool-443-thread-1] INFO  server.RaftServerConfigKeys (ConfUtils.java:logGet(43)) - raft.server.log.appender.install.snapshot.enabled = false (custom)
2019-10-07 23:32:03,498 [pool-433-thread-1] INFO  server.RaftServerConfigKeys (ConfUtils.java:logGet(43)) - raft.server.storage.dir = [/workdir/hadoop-ozone/integration-test/target/test-dir/MiniOzoneClusterImpl-352333b8-4a53-463e-b611-0484fc381049/datanode-5/data/ratis] (custom)
2019-10-07 23:32:03,498 [pool-443-thread-1] INFO  impl.RaftServerImpl (ServerState.java:<init>(103)) - e117b867-d4bf-4f16-8fb0-9fc7cd76fe51@group-2F85CB62C16C: ConfigurationManager, init=-1: [c5ad0c37-429e-4687-981a-4ed62e267729:192.168.151.75:35930, 419a2258-246e-4ffa-9dbd-67c7614db87a:192.168.151.75:44520, e117b867-d4bf-4f16-8fb0-9fc7cd76fe51:192.168.151.75:34188], old=null, confs=<EMPTY_MAP>
2019-10-07 23:32:03,498 [pool-413-thread-1] INFO  impl.RaftServerImpl (ServerState.java:<init>(103)) - c5ad0c37-429e-4687-981a-4ed62e267729@group-2F85CB62C16C: ConfigurationManager, init=-1: [c5ad0c37-429e-4687-981a-4ed62e267729:192.168.151.75:35930, 419a2258-246e-4ffa-9dbd-67c7614db87a:192.168.151.75:44520, e117b867-d4bf-4f16-8fb0-9fc7cd76fe51:192.168.151.75:34188], old=null, confs=<EMPTY_MAP>
2019-10-07 23:32:03,499 [pool-443-thread-1] INFO  server.RaftServerConfigKeys (ConfUtils.java:logGet(43)) - raft.server.storage.dir = [/workdir/hadoop-ozone/integration-test/target/test-dir/MiniOzoneClusterImpl-352333b8-4a53-463e-b611-0484fc381049/datanode-6/data/ratis] (custom)
2019-10-07 23:32:03,499 [pool-433-thread-1] INFO  server.RaftServerConfigKeys (ConfUtils.java:logGet(43)) - raft.server.log.corruption.policy = EXCEPTION (default)
2019-10-07 23:32:03,499 [pool-443-thread-1] INFO  server.RaftServerConfigKeys (ConfUtils.java:logGet(43)) - raft.server.log.corruption.policy = EXCEPTION (default)
2019-10-07 23:32:03,499 [pool-413-thread-1] INFO  server.RaftServerConfigKeys (ConfUtils.java:logGet(43)) - raft.server.storage.dir = [/workdir/hadoop-ozone/integration-test/target/test-dir/MiniOzoneClusterImpl-352333b8-4a53-463e-b611-0484fc381049/datanode-3/data/ratis] (custom)
2019-10-07 23:32:03,499 [pool-443-thread-1] INFO  storage.RaftStorageDirectory (RaftStorageDirectory.java:analyzeStorage(246)) - The storage directory /workdir/hadoop-ozone/integration-test/target/test-dir/MiniOzoneClusterImpl-352333b8-4a53-463e-b611-0484fc381049/datanode-6/data/ratis/812e04b6-5906-41aa-b317-2f85cb62c16c does not exist. Creating ...
2019-10-07 23:32:03,499 [pool-433-thread-1] INFO  storage.RaftStorageDirectory (RaftStorageDirectory.java:analyzeStorage(246)) - The storage directory /workdir/hadoop-ozone/integration-test/target/test-dir/MiniOzoneClusterImpl-352333b8-4a53-463e-b611-0484fc381049/datanode-5/data/ratis/812e04b6-5906-41aa-b317-2f85cb62c16c does not exist. Creating ...
2019-10-07 23:32:03,499 [pool-413-thread-1] INFO  server.RaftServerConfigKeys (ConfUtils.java:logGet(43)) - raft.server.log.corruption.policy = EXCEPTION (default)
2019-10-07 23:32:03,500 [pool-413-thread-1] INFO  storage.RaftStorageDirectory (RaftStorageDirectory.java:analyzeStorage(246)) - The storage directory /workdir/hadoop-ozone/integration-test/target/test-dir/MiniOzoneClusterImpl-352333b8-4a53-463e-b611-0484fc381049/datanode-3/data/ratis/812e04b6-5906-41aa-b317-2f85cb62c16c does not exist. Creating ...
2019-10-07 23:32:03,506 [grpc-default-executor-7] INFO  impl.RaftServerProxy (RaftServerProxy.java:remove(95)) - 419a2258-246e-4ffa-9dbd-67c7614db87a: remove  FOLLOWER 419a2258-246e-4ffa-9dbd-67c7614db87a@group-E10110CE5A74:t0, leader=null, voted=null, raftlog=419a2258-246e-4ffa-9dbd-67c7614db87a@group-E10110CE5A74-SegmentedRaftLog:OPENED:c-1,f-1,i0, conf=-1: [c5ad0c37-429e-4687-981a-4ed62e267729:192.168.151.75:35930, 419a2258-246e-4ffa-9dbd-67c7614db87a:192.168.151.75:44520, 0762d526-f4f4-4a47-8e0a-da1a15343f7f:192.168.151.75:44064], old=null RUNNING
2019-10-07 23:32:03,506 [grpc-default-executor-7] INFO  impl.RaftServerImpl (RaftServerImpl.java:lambda$shutdown$3(247)) - 419a2258-246e-4ffa-9dbd-67c7614db87a@group-E10110CE5A74: shutdown
2019-10-07 23:32:03,506 [grpc-default-executor-7] INFO  util.JmxRegister (JmxRegister.java:unregister(73)) - Successfully un-registered JMX Bean with object name Ratis:service=RaftServer,group=group-E10110CE5A74,id=419a2258-246e-4ffa-9dbd-67c7614db87a
2019-10-07 23:32:03,506 [grpc-default-executor-7] INFO  impl.RoleInfo (RoleInfo.java:shutdownFollowerState(121)) - 419a2258-246e-4ffa-9dbd-67c7614db87a: shutdown FollowerState
2019-10-07 23:32:03,507 [grpc-default-executor-7] INFO  impl.StateMachineUpdater (StateMachineUpdater.java:stopAndJoin(136)) - 419a2258-246e-4ffa-9dbd-67c7614db87a@group-E10110CE5A74-StateMachineUpdater: set stopIndex = -1
2019-10-07 23:32:03,507 [Thread-2582] INFO  impl.FollowerState (FollowerState.java:run(117)) - 419a2258-246e-4ffa-9dbd-67c7614db87a@group-E10110CE5A74-FollowerState was interrupted: java.lang.InterruptedException: sleep interrupted
2019-10-07 23:32:03,507 [grpc-default-executor-7] INFO  impl.RaftServerImpl (ServerState.java:close(387)) - 419a2258-246e-4ffa-9dbd-67c7614db87a@group-E10110CE5A74: closes. applyIndex: -1
2019-10-07 23:32:03,507 [419a2258-246e-4ffa-9dbd-67c7614db87a@group-E10110CE5A74-SegmentedRaftLogWorker] INFO  segmented.SegmentedRaftLogWorker (SegmentedRaftLogWorker.java:run(316)) - 419a2258-246e-4ffa-9dbd-67c7614db87a@group-E10110CE5A74-SegmentedRaftLogWorker was interrupted, exiting. There are 0 tasks remaining in the queue.
2019-10-07 23:32:03,507 [grpc-default-executor-7] INFO  segmented.SegmentedRaftLogWorker (SegmentedRaftLogWorker.java:close(224)) - 419a2258-246e-4ffa-9dbd-67c7614db87a@group-E10110CE5A74-SegmentedRaftLogWorker close()
2019-10-07 23:32:03,520 [grpc-default-executor-7] INFO  impl.RaftServerProxy (RaftServerProxy.java:remove(95)) - 0762d526-f4f4-4a47-8e0a-da1a15343f7f: remove  FOLLOWER 0762d526-f4f4-4a47-8e0a-da1a15343f7f@group-E10110CE5A74:t0, leader=null, voted=null, raftlog=0762d526-f4f4-4a47-8e0a-da1a15343f7f@group-E10110CE5A74-SegmentedRaftLog:OPENED:c-1,f-1,i0, conf=-1: [c5ad0c37-429e-4687-981a-4ed62e267729:192.168.151.75:35930, 419a2258-246e-4ffa-9dbd-67c7614db87a:192.168.151.75:44520, 0762d526-f4f4-4a47-8e0a-da1a15343f7f:192.168.151.75:44064], old=null RUNNING
2019-10-07 23:32:03,521 [grpc-default-executor-7] INFO  impl.RaftServerImpl (RaftServerImpl.java:lambda$shutdown$3(247)) - 0762d526-f4f4-4a47-8e0a-da1a15343f7f@group-E10110CE5A74: shutdown
2019-10-07 23:32:03,521 [grpc-default-executor-7] INFO  util.JmxRegister (JmxRegister.java:unregister(73)) - Successfully un-registered JMX Bean with object name Ratis:service=RaftServer,group=group-E10110CE5A74,id=0762d526-f4f4-4a47-8e0a-da1a15343f7f
2019-10-07 23:32:03,521 [grpc-default-executor-7] INFO  impl.RoleInfo (RoleInfo.java:shutdownFollowerState(121)) - 0762d526-f4f4-4a47-8e0a-da1a15343f7f: shutdown FollowerState
2019-10-07 23:32:03,521 [grpc-default-executor-7] INFO  impl.StateMachineUpdater (StateMachineUpdater.java:stopAndJoin(136)) - 0762d526-f4f4-4a47-8e0a-da1a15343f7f@group-E10110CE5A74-StateMachineUpdater: set stopIndex = -1
2019-10-07 23:32:03,521 [Thread-2581] INFO  impl.FollowerState (FollowerState.java:run(117)) - 0762d526-f4f4-4a47-8e0a-da1a15343f7f@group-E10110CE5A74-FollowerState was interrupted: java.lang.InterruptedException: sleep interrupted
2019-10-07 23:32:03,521 [grpc-default-executor-7] INFO  impl.RaftServerImpl (ServerState.java:close(387)) - 0762d526-f4f4-4a47-8e0a-da1a15343f7f@group-E10110CE5A74: closes. applyIndex: -1
2019-10-07 23:32:03,522 [0762d526-f4f4-4a47-8e0a-da1a15343f7f@group-E10110CE5A74-SegmentedRaftLogWorker] INFO  segmented.SegmentedRaftLogWorker (SegmentedRaftLogWorker.java:run(316)) - 0762d526-f4f4-4a47-8e0a-da1a15343f7f@group-E10110CE5A74-SegmentedRaftLogWorker was interrupted, exiting. There are 0 tasks remaining in the queue.
2019-10-07 23:32:03,522 [grpc-default-executor-7] INFO  segmented.SegmentedRaftLogWorker (SegmentedRaftLogWorker.java:close(224)) - 0762d526-f4f4-4a47-8e0a-da1a15343f7f@group-E10110CE5A74-SegmentedRaftLogWorker close()
2019-10-07 23:32:03,525 [pool-433-thread-1] INFO  storage.RaftStorageDirectory (RaftStorageDirectory.java:tryLock(328)) - Lock on /workdir/hadoop-ozone/integration-test/target/test-dir/MiniOzoneClusterImpl-352333b8-4a53-463e-b611-0484fc381049/datanode-5/data/ratis/812e04b6-5906-41aa-b317-2f85cb62c16c/in_use.lock acquired by nodename 21128@pr-hdds-1868-k864b-3611000933
2019-10-07 23:32:03,525 [pool-443-thread-1] INFO  storage.RaftStorageDirectory (RaftStorageDirectory.java:tryLock(328)) - Lock on /workdir/hadoop-ozone/integration-test/target/test-dir/MiniOzoneClusterImpl-352333b8-4a53-463e-b611-0484fc381049/datanode-6/data/ratis/812e04b6-5906-41aa-b317-2f85cb62c16c/in_use.lock acquired by nodename 21128@pr-hdds-1868-k864b-3611000933
2019-10-07 23:32:03,528 [pool-413-thread-1] INFO  storage.RaftStorageDirectory (RaftStorageDirectory.java:tryLock(328)) - Lock on /workdir/hadoop-ozone/integration-test/target/test-dir/MiniOzoneClusterImpl-352333b8-4a53-463e-b611-0484fc381049/datanode-3/data/ratis/812e04b6-5906-41aa-b317-2f85cb62c16c/in_use.lock acquired by nodename 21128@pr-hdds-1868-k864b-3611000933
2019-10-07 23:32:03,554 [pool-433-thread-1] INFO  storage.RaftStorage (RaftStorage.java:format(84)) - Storage directory /workdir/hadoop-ozone/integration-test/target/test-dir/MiniOzoneClusterImpl-352333b8-4a53-463e-b611-0484fc381049/datanode-5/data/ratis/812e04b6-5906-41aa-b317-2f85cb62c16c has been successfully formatted.
2019-10-07 23:32:03,554 [pool-413-thread-1] INFO  storage.RaftStorage (RaftStorage.java:format(84)) - Storage directory /workdir/hadoop-ozone/integration-test/target/test-dir/MiniOzoneClusterImpl-352333b8-4a53-463e-b611-0484fc381049/datanode-3/data/ratis/812e04b6-5906-41aa-b317-2f85cb62c16c has been successfully formatted.
2019-10-07 23:32:03,554 [pool-443-thread-1] INFO  storage.RaftStorage (RaftStorage.java:format(84)) - Storage directory /workdir/hadoop-ozone/integration-test/target/test-dir/MiniOzoneClusterImpl-352333b8-4a53-463e-b611-0484fc381049/datanode-6/data/ratis/812e04b6-5906-41aa-b317-2f85cb62c16c has been successfully formatted.
2019-10-07 23:32:03,554 [pool-413-thread-1] INFO  ratis.ContainerStateMachine (ContainerStateMachine.java:loadSnapshot(233)) - group-2F85CB62C16C: The snapshot info is null. Setting the last applied indexto:(t:0, i:~)
2019-10-07 23:32:03,554 [pool-433-thread-1] INFO  ratis.ContainerStateMachine (ContainerStateMachine.java:loadSnapshot(233)) - group-2F85CB62C16C: The snapshot info is null. Setting the last applied indexto:(t:0, i:~)
2019-10-07 23:32:03,554 [pool-413-thread-1] INFO  server.RaftServerConfigKeys (ConfUtils.java:logGet(43)) - raft.server.notification.no-leader.timeout = 120s (custom)
2019-10-07 23:32:03,554 [pool-443-thread-1] INFO  ratis.ContainerStateMachine (ContainerStateMachine.java:loadSnapshot(233)) - group-2F85CB62C16C: The snapshot info is null. Setting the last applied indexto:(t:0, i:~)
2019-10-07 23:32:03,555 [pool-413-thread-1] INFO  server.RaftServerConfigKeys (ConfUtils.java:logGet(43)) - raft.server.log.use.memory = false (default)
2019-10-07 23:32:03,554 [pool-433-thread-1] INFO  server.RaftServerConfigKeys (ConfUtils.java:logGet(43)) - raft.server.notification.no-leader.timeout = 120s (custom)
2019-10-07 23:32:03,555 [pool-413-thread-1] INFO  server.RaftServerConfigKeys (ConfUtils.java:logGet(43)) - raft.server.log.purge.gap = 1000000 (custom)
2019-10-07 23:32:03,555 [pool-443-thread-1] INFO  server.RaftServerConfigKeys (ConfUtils.java:logGet(43)) - raft.server.notification.no-leader.timeout = 120s (custom)
2019-10-07 23:32:03,555 [pool-413-thread-1] INFO  server.RaftServerConfigKeys (ConfUtils.java:logGet(43)) - raft.server.log.appender.buffer.byte-limit = 33554432 (custom)
2019-10-07 23:32:03,555 [pool-433-thread-1] INFO  server.RaftServerConfigKeys (ConfUtils.java:logGet(43)) - raft.server.log.use.memory = false (default)
2019-10-07 23:32:03,555 [pool-413-thread-1] INFO  server.RaftServerConfigKeys (ConfUtils.java:logGet(43)) - raft.server.log.segment.size.max = 1048576 (custom)
2019-10-07 23:32:03,555 [pool-443-thread-1] INFO  server.RaftServerConfigKeys (ConfUtils.java:logGet(43)) - raft.server.log.use.memory = false (default)
2019-10-07 23:32:03,556 [pool-413-thread-1] INFO  server.RaftServerConfigKeys (ConfUtils.java:logGet(43)) - raft.server.log.segment.cache.num.max = 2 (custom)
2019-10-07 23:32:03,556 [pool-413-thread-1] INFO  segmented.SegmentedRaftLogWorker (SegmentedRaftLogWorker.java:<init>(173)) - new c5ad0c37-429e-4687-981a-4ed62e267729@group-2F85CB62C16C-SegmentedRaftLogWorker for RaftStorage:Storage Directory /workdir/hadoop-ozone/integration-test/target/test-dir/MiniOzoneClusterImpl-352333b8-4a53-463e-b611-0484fc381049/datanode-3/data/ratis/812e04b6-5906-41aa-b317-2f85cb62c16c
2019-10-07 23:32:03,556 [pool-433-thread-1] INFO  server.RaftServerConfigKeys (ConfUtils.java:logGet(43)) - raft.server.log.purge.gap = 1000000 (custom)
2019-10-07 23:32:03,556 [pool-413-thread-1] INFO  server.RaftServerConfigKeys (ConfUtils.java:logGet(43)) - raft.server.log.queue.byte-limit = 2147483647 (custom)
2019-10-07 23:32:03,556 [pool-443-thread-1] INFO  server.RaftServerConfigKeys (ConfUtils.java:logGet(43)) - raft.server.log.purge.gap = 1000000 (custom)
2019-10-07 23:32:03,556 [pool-413-thread-1] INFO  server.RaftServerConfigKeys (ConfUtils.java:logGet(43)) - raft.server.log.queue.element-limit = 1024 (custom)
2019-10-07 23:32:03,556 [pool-433-thread-1] INFO  server.RaftServerConfigKeys (ConfUtils.java:logGet(43)) - raft.server.log.appender.buffer.byte-limit = 33554432 (custom)
2019-10-07 23:32:03,557 [pool-413-thread-1] INFO  server.RaftServerConfigKeys (ConfUtils.java:logGet(43)) - raft.server.log.segment.size.max = 1048576 (custom)
2019-10-07 23:32:03,557 [pool-443-thread-1] INFO  server.RaftServerConfigKeys (ConfUtils.java:logGet(43)) - raft.server.log.appender.buffer.byte-limit = 33554432 (custom)
2019-10-07 23:32:03,557 [pool-413-thread-1] INFO  server.RaftServerConfigKeys (ConfUtils.java:logGet(43)) - raft.server.log.preallocated.size = 16384 (custom)
2019-10-07 23:32:03,557 [pool-433-thread-1] INFO  server.RaftServerConfigKeys (ConfUtils.java:logGet(43)) - raft.server.log.segment.size.max = 1048576 (custom)
2019-10-07 23:32:03,557 [pool-413-thread-1] INFO  server.RaftServerConfigKeys (ConfUtils.java:logGet(43)) - raft.server.log.write.buffer.size = 33554432 (custom)
2019-10-07 23:32:03,558 [pool-413-thread-1] INFO  server.RaftServerConfigKeys (ConfUtils.java:logGet(43)) - raft.server.log.force.sync.num = 128 (default)
2019-10-07 23:32:03,557 [pool-443-thread-1] INFO  server.RaftServerConfigKeys (ConfUtils.java:logGet(43)) - raft.server.log.segment.size.max = 1048576 (custom)
2019-10-07 23:32:03,558 [pool-413-thread-1] INFO  server.RaftServerConfigKeys (ConfUtils.java:logGet(43)) - raft.server.log.statemachine.data.sync = true (default)
2019-10-07 23:32:03,557 [pool-433-thread-1] INFO  server.RaftServerConfigKeys (ConfUtils.java:logGet(43)) - raft.server.log.segment.cache.num.max = 2 (custom)
2019-10-07 23:32:03,558 [pool-413-thread-1] INFO  server.RaftServerConfigKeys (ConfUtils.java:logGet(43)) - raft.server.log.statemachine.data.sync.timeout = 10s (default)
2019-10-07 23:32:03,558 [pool-443-thread-1] INFO  server.RaftServerConfigKeys (ConfUtils.java:logGet(43)) - raft.server.log.segment.cache.num.max = 2 (custom)
2019-10-07 23:32:03,558 [pool-413-thread-1] INFO  server.RaftServerConfigKeys (ConfUtils.java:logGet(43)) - raft.server.log.statemachine.data.sync.timeout.retry = -1 (default)
2019-10-07 23:32:03,558 [pool-433-thread-1] INFO  segmented.SegmentedRaftLogWorker (SegmentedRaftLogWorker.java:<init>(173)) - new 419a2258-246e-4ffa-9dbd-67c7614db87a@group-2F85CB62C16C-SegmentedRaftLogWorker for RaftStorage:Storage Directory /workdir/hadoop-ozone/integration-test/target/test-dir/MiniOzoneClusterImpl-352333b8-4a53-463e-b611-0484fc381049/datanode-5/data/ratis/812e04b6-5906-41aa-b317-2f85cb62c16c
2019-10-07 23:32:03,559 [pool-413-thread-1] INFO  server.RaftServerConfigKeys (ConfUtils.java:logGet(43)) - raft.server.log.statemachine.data.caching.enabled = true (custom)
2019-10-07 23:32:03,558 [pool-443-thread-1] INFO  segmented.SegmentedRaftLogWorker (SegmentedRaftLogWorker.java:<init>(173)) - new e117b867-d4bf-4f16-8fb0-9fc7cd76fe51@group-2F85CB62C16C-SegmentedRaftLogWorker for RaftStorage:Storage Directory /workdir/hadoop-ozone/integration-test/target/test-dir/MiniOzoneClusterImpl-352333b8-4a53-463e-b611-0484fc381049/datanode-6/data/ratis/812e04b6-5906-41aa-b317-2f85cb62c16c
2019-10-07 23:32:03,559 [pool-433-thread-1] INFO  server.RaftServerConfigKeys (ConfUtils.java:logGet(43)) - raft.server.log.queue.byte-limit = 2147483647 (custom)
2019-10-07 23:32:03,559 [pool-413-thread-1] INFO  segmented.SegmentedRaftLogWorker (SegmentedRaftLogWorker.java:lambda$new$0(128)) - c5ad0c37-429e-4687-981a-4ed62e267729@group-2F85CB62C16C-SegmentedRaftLogWorker: flushIndex: setUnconditionally 0 -> -1
2019-10-07 23:32:03,559 [pool-443-thread-1] INFO  server.RaftServerConfigKeys (ConfUtils.java:logGet(43)) - raft.server.log.queue.byte-limit = 2147483647 (custom)
2019-10-07 23:32:03,559 [pool-413-thread-1] INFO  server.RaftServerConfigKeys (ConfUtils.java:logGet(43)) - raft.server.snapshot.auto.trigger.enabled = true (custom)
2019-10-07 23:32:03,559 [pool-433-thread-1] INFO  server.RaftServerConfigKeys (ConfUtils.java:logGet(43)) - raft.server.log.queue.element-limit = 1024 (custom)
2019-10-07 23:32:03,560 [pool-413-thread-1] INFO  server.RaftServerConfigKeys (ConfUtils.java:logGet(43)) - raft.server.snapshot.auto.trigger.threshold = 10000 (custom)
2019-10-07 23:32:03,559 [pool-443-thread-1] INFO  server.RaftServerConfigKeys (ConfUtils.java:logGet(43)) - raft.server.log.queue.element-limit = 1024 (custom)
2019-10-07 23:32:03,560 [pool-413-thread-1] INFO  server.RaftServerConfigKeys (ConfUtils.java:logGet(43)) - raft.server.snapshot.retention.file.num = 5 (custom)
2019-10-07 23:32:03,560 [pool-433-thread-1] INFO  server.RaftServerConfigKeys (ConfUtils.java:logGet(43)) - raft.server.log.segment.size.max = 1048576 (custom)
2019-10-07 23:32:03,560 [pool-413-thread-1] INFO  server.RaftServerConfigKeys (ConfUtils.java:logGet(43)) - raft.server.retrycache.expirytime = 600000ms (custom)
2019-10-07 23:32:03,560 [pool-443-thread-1] INFO  server.RaftServerConfigKeys (ConfUtils.java:logGet(43)) - raft.server.log.segment.size.max = 1048576 (custom)
2019-10-07 23:32:03,560 [pool-433-thread-1] INFO  server.RaftServerConfigKeys (ConfUtils.java:logGet(43)) - raft.server.log.preallocated.size = 16384 (custom)
2019-10-07 23:32:03,561 [pool-443-thread-1] INFO  server.RaftServerConfigKeys (ConfUtils.java:logGet(43)) - raft.server.log.preallocated.size = 16384 (custom)
2019-10-07 23:32:03,561 [pool-433-thread-1] INFO  server.RaftServerConfigKeys (ConfUtils.java:logGet(43)) - raft.server.log.write.buffer.size = 33554432 (custom)
2019-10-07 23:32:03,561 [pool-443-thread-1] INFO  server.RaftServerConfigKeys (ConfUtils.java:logGet(43)) - raft.server.log.write.buffer.size = 33554432 (custom)
2019-10-07 23:32:03,561 [pool-433-thread-1] INFO  server.RaftServerConfigKeys (ConfUtils.java:logGet(43)) - raft.server.log.force.sync.num = 128 (default)
2019-10-07 23:32:03,561 [pool-443-thread-1] INFO  server.RaftServerConfigKeys (ConfUtils.java:logGet(43)) - raft.server.log.force.sync.num = 128 (default)
2019-10-07 23:32:03,561 [pool-433-thread-1] INFO  server.RaftServerConfigKeys (ConfUtils.java:logGet(43)) - raft.server.log.statemachine.data.sync = true (default)
2019-10-07 23:32:03,562 [pool-443-thread-1] INFO  server.RaftServerConfigKeys (ConfUtils.java:logGet(43)) - raft.server.log.statemachine.data.sync = true (default)
2019-10-07 23:32:03,562 [pool-433-thread-1] INFO  server.RaftServerConfigKeys (ConfUtils.java:logGet(43)) - raft.server.log.statemachine.data.sync.timeout = 10s (default)
2019-10-07 23:32:03,562 [pool-443-thread-1] INFO  server.RaftServerConfigKeys (ConfUtils.java:logGet(43)) - raft.server.log.statemachine.data.sync.timeout = 10s (default)
2019-10-07 23:32:03,562 [pool-413-thread-1] INFO  impl.RaftServerImpl (RaftServerImpl.java:start(181)) - c5ad0c37-429e-4687-981a-4ed62e267729@group-2F85CB62C16C: start as a follower, conf=-1: [c5ad0c37-429e-4687-981a-4ed62e267729:192.168.151.75:35930, 419a2258-246e-4ffa-9dbd-67c7614db87a:192.168.151.75:44520, e117b867-d4bf-4f16-8fb0-9fc7cd76fe51:192.168.151.75:34188], old=null
2019-10-07 23:32:03,562 [pool-413-thread-1] INFO  impl.RaftServerImpl (RaftServerImpl.java:setRole(170)) - c5ad0c37-429e-4687-981a-4ed62e267729@group-2F85CB62C16C: changes role from      null to FOLLOWER at term 0 for startAsFollower
2019-10-07 23:32:03,562 [pool-433-thread-1] INFO  server.RaftServerConfigKeys (ConfUtils.java:logGet(43)) - raft.server.log.statemachine.data.sync.timeout.retry = -1 (default)
2019-10-07 23:32:03,563 [pool-413-thread-1] INFO  impl.RoleInfo (RoleInfo.java:updateAndGet(143)) - c5ad0c37-429e-4687-981a-4ed62e267729: start FollowerState
2019-10-07 23:32:03,562 [pool-443-thread-1] INFO  server.RaftServerConfigKeys (ConfUtils.java:logGet(43)) - raft.server.log.statemachine.data.sync.timeout.retry = -1 (default)
2019-10-07 23:32:03,563 [pool-433-thread-1] INFO  server.RaftServerConfigKeys (ConfUtils.java:logGet(43)) - raft.server.log.statemachine.data.caching.enabled = true (custom)
2019-10-07 23:32:03,563 [pool-443-thread-1] INFO  server.RaftServerConfigKeys (ConfUtils.java:logGet(43)) - raft.server.log.statemachine.data.caching.enabled = true (custom)
2019-10-07 23:32:03,563 [pool-413-thread-1] INFO  util.JmxRegister (JmxRegister.java:tryRegister(44)) - Successfully registered JMX Bean with object name Ratis:service=RaftServer,group=group-2F85CB62C16C,id=c5ad0c37-429e-4687-981a-4ed62e267729
2019-10-07 23:32:03,563 [pool-433-thread-1] INFO  segmented.SegmentedRaftLogWorker (SegmentedRaftLogWorker.java:lambda$new$0(128)) - 419a2258-246e-4ffa-9dbd-67c7614db87a@group-2F85CB62C16C-SegmentedRaftLogWorker: flushIndex: setUnconditionally 0 -> -1
2019-10-07 23:32:03,563 [pool-443-thread-1] INFO  segmented.SegmentedRaftLogWorker (SegmentedRaftLogWorker.java:lambda$new$0(128)) - e117b867-d4bf-4f16-8fb0-9fc7cd76fe51@group-2F85CB62C16C-SegmentedRaftLogWorker: flushIndex: setUnconditionally 0 -> -1
2019-10-07 23:32:03,564 [pool-433-thread-1] INFO  server.RaftServerConfigKeys (ConfUtils.java:logGet(43)) - raft.server.snapshot.auto.trigger.enabled = true (custom)
2019-10-07 23:32:03,564 [pool-443-thread-1] INFO  server.RaftServerConfigKeys (ConfUtils.java:logGet(43)) - raft.server.snapshot.auto.trigger.enabled = true (custom)
2019-10-07 23:32:03,564 [pool-433-thread-1] INFO  server.RaftServerConfigKeys (ConfUtils.java:logGet(43)) - raft.server.snapshot.auto.trigger.threshold = 10000 (custom)
2019-10-07 23:32:03,564 [pool-443-thread-1] INFO  server.RaftServerConfigKeys (ConfUtils.java:logGet(43)) - raft.server.snapshot.auto.trigger.threshold = 10000 (custom)
2019-10-07 23:32:03,564 [pool-433-thread-1] INFO  server.RaftServerConfigKeys (ConfUtils.java:logGet(43)) - raft.server.snapshot.retention.file.num = 5 (custom)
2019-10-07 23:32:03,564 [pool-443-thread-1] INFO  server.RaftServerConfigKeys (ConfUtils.java:logGet(43)) - raft.server.snapshot.retention.file.num = 5 (custom)
2019-10-07 23:32:03,565 [pool-433-thread-1] INFO  server.RaftServerConfigKeys (ConfUtils.java:logGet(43)) - raft.server.retrycache.expirytime = 600000ms (custom)
2019-10-07 23:32:03,565 [pool-443-thread-1] INFO  server.RaftServerConfigKeys (ConfUtils.java:logGet(43)) - raft.server.retrycache.expirytime = 600000ms (custom)
2019-10-07 23:32:03,568 [pool-433-thread-1] INFO  impl.RaftServerImpl (RaftServerImpl.java:start(181)) - 419a2258-246e-4ffa-9dbd-67c7614db87a@group-2F85CB62C16C: start as a follower, conf=-1: [c5ad0c37-429e-4687-981a-4ed62e267729:192.168.151.75:35930, 419a2258-246e-4ffa-9dbd-67c7614db87a:192.168.151.75:44520, e117b867-d4bf-4f16-8fb0-9fc7cd76fe51:192.168.151.75:34188], old=null
2019-10-07 23:32:03,568 [pool-443-thread-1] INFO  impl.RaftServerImpl (RaftServerImpl.java:start(181)) - e117b867-d4bf-4f16-8fb0-9fc7cd76fe51@group-2F85CB62C16C: start as a follower, conf=-1: [c5ad0c37-429e-4687-981a-4ed62e267729:192.168.151.75:35930, 419a2258-246e-4ffa-9dbd-67c7614db87a:192.168.151.75:44520, e117b867-d4bf-4f16-8fb0-9fc7cd76fe51:192.168.151.75:34188], old=null
2019-10-07 23:32:03,568 [pool-433-thread-1] INFO  impl.RaftServerImpl (RaftServerImpl.java:setRole(170)) - 419a2258-246e-4ffa-9dbd-67c7614db87a@group-2F85CB62C16C: changes role from      null to FOLLOWER at term 0 for startAsFollower
2019-10-07 23:32:03,568 [pool-443-thread-1] INFO  impl.RaftServerImpl (RaftServerImpl.java:setRole(170)) - e117b867-d4bf-4f16-8fb0-9fc7cd76fe51@group-2F85CB62C16C: changes role from      null to FOLLOWER at term 0 for startAsFollower
2019-10-07 23:32:03,569 [pool-433-thread-1] INFO  impl.RoleInfo (RoleInfo.java:updateAndGet(143)) - 419a2258-246e-4ffa-9dbd-67c7614db87a: start FollowerState
2019-10-07 23:32:03,569 [pool-443-thread-1] INFO  impl.RoleInfo (RoleInfo.java:updateAndGet(143)) - e117b867-d4bf-4f16-8fb0-9fc7cd76fe51: start FollowerState
2019-10-07 23:32:03,569 [pool-433-thread-1] INFO  util.JmxRegister (JmxRegister.java:tryRegister(44)) - Successfully registered JMX Bean with object name Ratis:service=RaftServer,group=group-2F85CB62C16C,id=419a2258-246e-4ffa-9dbd-67c7614db87a
2019-10-07 23:32:03,569 [pool-443-thread-1] INFO  util.JmxRegister (JmxRegister.java:tryRegister(44)) - Successfully registered JMX Bean with object name Ratis:service=RaftServer,group=group-2F85CB62C16C,id=e117b867-d4bf-4f16-8fb0-9fc7cd76fe51
2019-10-07 23:32:03,574 [RatisPipelineUtilsThread] INFO  pipeline.PipelineStateManager (PipelineStateManager.java:addPipeline(57)) - Created pipeline Pipeline[ Id: 812e04b6-5906-41aa-b317-2f85cb62c16c, Nodes: c5ad0c37-429e-4687-981a-4ed62e267729{ip: 192.168.151.75, host: pr-hdds-1868-k864b-3611000933, networkLocation: /default-rack, certSerialId: null}e117b867-d4bf-4f16-8fb0-9fc7cd76fe51{ip: 192.168.151.75, host: pr-hdds-1868-k864b-3611000933, networkLocation: /default-rack, certSerialId: null}419a2258-246e-4ffa-9dbd-67c7614db87a{ip: 192.168.151.75, host: pr-hdds-1868-k864b-3611000933, networkLocation: /default-rack, certSerialId: null}, Type:RATIS, Factor:THREE, State:ALLOCATED]
2019-10-07 23:32:03,575 [Thread-2548] INFO  pipeline.PipelineStateManager (PipelineStateManager.java:removePipeline(108)) - Pipeline Pipeline[ Id: 22a4151b-b876-4aab-97d7-e10110ce5a74, Nodes: c5ad0c37-429e-4687-981a-4ed62e267729{ip: 192.168.151.75, host: pr-hdds-1868-k864b-3611000933, networkLocation: /default-rack, certSerialId: null}419a2258-246e-4ffa-9dbd-67c7614db87a{ip: 192.168.151.75, host: pr-hdds-1868-k864b-3611000933, networkLocation: /default-rack, certSerialId: null}0762d526-f4f4-4a47-8e0a-da1a15343f7f{ip: 192.168.151.75, host: pr-hdds-1868-k864b-3611000933, networkLocation: /default-rack, certSerialId: null}, Type:RATIS, Factor:THREE, State:CLOSED] removed from db
2019-10-07 23:32:04,056 [Thread-2645] INFO  client.GrpcClientProtocolService (GrpcClientProtocolService.java:lambda$processClientRequest$0(278)) - Failed RaftClientRequest:client-27B3AA0F53AE->1757d5fa-a161-4c0a-b504-ed724002c805@group-C837915B9584, cid=120, seq=0, Watch-MAJORITY_COMMITTED(12), Message:<EMPTY>, reply=RaftClientReply:client-27B3AA0F53AE->1757d5fa-a161-4c0a-b504-ed724002c805@group-C837915B9584, cid=120, FAILED org.apache.ratis.protocol.NotReplicatedException: Request with call Id 120 and log index 12 is not yet replicated to MAJORITY_COMMITTED, logIndex=12, commits[1757d5fa-a161-4c0a-b504-ed724002c805:c2, 51a40bca-cd4b-4fd1-b3a8-cd441e83375c:c2, 71fe9c48-ef70-445b-89d4-550c4f010b84:c2]
2019-10-07 23:32:04,476 [main] INFO  ozone.MiniOzoneClusterImpl (MiniOzoneClusterImpl.java:lambda$waitForClusterToBeReady$2(164)) - Waiting for 9 number of pipelines out of 9, to report a leader.
2019-10-07 23:32:05,249 [grpc-default-executor-7] WARN  server.GrpcLogAppender (LogUtils.java:warn(134)) - 1757d5fa-a161-4c0a-b504-ed724002c805@group-C837915B9584->71fe9c48-ef70-445b-89d4-550c4f010b84-AppendLogResponseHandler: Failed appendEntries: org.apache.ratis.thirdparty.io.grpc.StatusRuntimeException: UNAVAILABLE: io exception
2019-10-07 23:32:05,249 [grpc-default-executor-5] WARN  server.GrpcLogAppender (LogUtils.java:warn(134)) - 1757d5fa-a161-4c0a-b504-ed724002c805@group-C837915B9584->51a40bca-cd4b-4fd1-b3a8-cd441e83375c-AppendLogResponseHandler: Failed appendEntries: org.apache.ratis.thirdparty.io.grpc.StatusRuntimeException: UNAVAILABLE: io exception
2019-10-07 23:32:05,249 [grpc-default-executor-7] INFO  impl.FollowerInfo (FollowerInfo.java:lambda$new$0(51)) - 1757d5fa-a161-4c0a-b504-ed724002c805@group-C837915B9584->71fe9c48-ef70-445b-89d4-550c4f010b84: nextIndex: updateUnconditionally 0 -> 0
2019-10-07 23:32:05,250 [grpc-default-executor-5] INFO  impl.FollowerInfo (FollowerInfo.java:lambda$new$0(51)) - 1757d5fa-a161-4c0a-b504-ed724002c805@group-C837915B9584->51a40bca-cd4b-4fd1-b3a8-cd441e83375c: nextIndex: updateUnconditionally 0 -> 0
2019-10-07 23:32:05,476 [main] INFO  ozone.MiniOzoneClusterImpl (MiniOzoneClusterImpl.java:lambda$waitForClusterToBeReady$2(164)) - Waiting for 9 number of pipelines out of 9, to report a leader.
2019-10-07 23:32:06,477 [main] INFO  ozone.MiniOzoneClusterImpl (MiniOzoneClusterImpl.java:lambda$waitForClusterToBeReady$2(164)) - Waiting for 9 number of pipelines out of 9, to report a leader.
2019-10-07 23:32:07,477 [main] INFO  ozone.MiniOzoneClusterImpl (MiniOzoneClusterImpl.java:lambda$waitForClusterToBeReady$2(164)) - Waiting for 9 number of pipelines out of 9, to report a leader.
2019-10-07 23:32:07,734 [EventQueue-StaleNodeForStaleNodeHandler] INFO  node.StaleNodeHandler (StaleNodeHandler.java:onMessage(58)) - Datanode 71fe9c48-ef70-445b-89d4-550c4f010b84{ip: 192.168.151.75, host: pr-hdds-1868-k864b-3611000933, networkLocation: /default-rack, certSerialId: null} moved to stale state. Finalizing its pipelines [PipelineID=8692568d-6852-4dc7-ade7-c837915b9584, PipelineID=22f4fe54-1a5b-4e4f-94ea-3d34e03d3b72]
2019-10-07 23:32:07,735 [EventQueue-StaleNodeForStaleNodeHandler] INFO  pipeline.SCMPipelineManager (SCMPipelineManager.java:finalizeAndDestroyPipeline(315)) - destroying pipeline:Pipeline[ Id: 8692568d-6852-4dc7-ade7-c837915b9584, Nodes: 71fe9c48-ef70-445b-89d4-550c4f010b84{ip: 192.168.151.75, host: pr-hdds-1868-k864b-3611000933, networkLocation: /default-rack, certSerialId: null}51a40bca-cd4b-4fd1-b3a8-cd441e83375c{ip: 192.168.151.75, host: pr-hdds-1868-k864b-3611000933, networkLocation: /default-rack, certSerialId: null}1757d5fa-a161-4c0a-b504-ed724002c805{ip: 192.168.151.75, host: pr-hdds-1868-k864b-3611000933, networkLocation: /default-rack, certSerialId: null}, Type:RATIS, Factor:THREE, State:OPEN]
2019-10-07 23:32:07,735 [EventQueue-StaleNodeForStaleNodeHandler] INFO  pipeline.PipelineStateManager (PipelineStateManager.java:finalizePipeline(123)) - Pipeline Pipeline[ Id: 8692568d-6852-4dc7-ade7-c837915b9584, Nodes: 71fe9c48-ef70-445b-89d4-550c4f010b84{ip: 192.168.151.75, host: pr-hdds-1868-k864b-3611000933, networkLocation: /default-rack, certSerialId: null}51a40bca-cd4b-4fd1-b3a8-cd441e83375c{ip: 192.168.151.75, host: pr-hdds-1868-k864b-3611000933, networkLocation: /default-rack, certSerialId: null}1757d5fa-a161-4c0a-b504-ed724002c805{ip: 192.168.151.75, host: pr-hdds-1868-k864b-3611000933, networkLocation: /default-rack, certSerialId: null}, Type:RATIS, Factor:THREE, State:CLOSED] moved to CLOSED state
2019-10-07 23:32:07,736 [EventQueue-CloseContainerForCloseContainerEventHandler] INFO  container.CloseContainerEventHandler (CloseContainerEventHandler.java:onMessage(61)) - Close container Event triggered for container : #1
2019-10-07 23:32:07,736 [EventQueue-StaleNodeForStaleNodeHandler] INFO  pipeline.SCMPipelineManager (SCMPipelineManager.java:finalizeAndDestroyPipeline(315)) - destroying pipeline:Pipeline[ Id: 22f4fe54-1a5b-4e4f-94ea-3d34e03d3b72, Nodes: 71fe9c48-ef70-445b-89d4-550c4f010b84{ip: 192.168.151.75, host: pr-hdds-1868-k864b-3611000933, networkLocation: /default-rack, certSerialId: null}, Type:RATIS, Factor:ONE, State:OPEN]
2019-10-07 23:32:07,736 [EventQueue-StaleNodeForStaleNodeHandler] INFO  pipeline.PipelineStateManager (PipelineStateManager.java:finalizePipeline(123)) - Pipeline Pipeline[ Id: 22f4fe54-1a5b-4e4f-94ea-3d34e03d3b72, Nodes: 71fe9c48-ef70-445b-89d4-550c4f010b84{ip: 192.168.151.75, host: pr-hdds-1868-k864b-3611000933, networkLocation: /default-rack, certSerialId: null}, Type:RATIS, Factor:ONE, State:CLOSED] moved to CLOSED state
2019-10-07 23:32:07,751 [grpc-default-executor-2] WARN  server.GrpcLogAppender (LogUtils.java:warn(134)) - 1757d5fa-a161-4c0a-b504-ed724002c805@group-C837915B9584->51a40bca-cd4b-4fd1-b3a8-cd441e83375c-AppendLogResponseHandler: Failed appendEntries: org.apache.ratis.thirdparty.io.grpc.StatusRuntimeException: UNAVAILABLE: io exception
2019-10-07 23:32:07,751 [grpc-default-executor-4] WARN  server.GrpcLogAppender (LogUtils.java:warn(134)) - 1757d5fa-a161-4c0a-b504-ed724002c805@group-C837915B9584->71fe9c48-ef70-445b-89d4-550c4f010b84-AppendLogResponseHandler: Failed appendEntries: org.apache.ratis.thirdparty.io.grpc.StatusRuntimeException: UNAVAILABLE: io exception
2019-10-07 23:32:07,752 [grpc-default-executor-2] INFO  impl.FollowerInfo (FollowerInfo.java:lambda$new$0(51)) - 1757d5fa-a161-4c0a-b504-ed724002c805@group-C837915B9584->51a40bca-cd4b-4fd1-b3a8-cd441e83375c: nextIndex: updateUnconditionally 0 -> 0
2019-10-07 23:32:07,752 [grpc-default-executor-4] INFO  impl.FollowerInfo (FollowerInfo.java:lambda$new$0(51)) - 1757d5fa-a161-4c0a-b504-ed724002c805@group-C837915B9584->71fe9c48-ef70-445b-89d4-550c4f010b84: nextIndex: updateUnconditionally 0 -> 0
2019-10-07 23:32:08,032 [Thread-2594] INFO  impl.FollowerState (FollowerState.java:run(108)) - 4fb48f8d-81e9-4f66-86fb-c7726dd48448@group-A50D085CB826-FollowerState: change to CANDIDATE, lastRpcTime:5136ms, electionTimeout:5136ms
2019-10-07 23:32:08,033 [Thread-2594] INFO  impl.RoleInfo (RoleInfo.java:shutdownFollowerState(121)) - 4fb48f8d-81e9-4f66-86fb-c7726dd48448: shutdown FollowerState
2019-10-07 23:32:08,033 [Thread-2594] INFO  impl.RaftServerImpl (RaftServerImpl.java:setRole(170)) - 4fb48f8d-81e9-4f66-86fb-c7726dd48448@group-A50D085CB826: changes role from  FOLLOWER to CANDIDATE at term 0 for changeToCandidate
2019-10-07 23:32:08,033 [Thread-2594] INFO  impl.RoleInfo (RoleInfo.java:updateAndGet(143)) - 4fb48f8d-81e9-4f66-86fb-c7726dd48448: start LeaderElection
2019-10-07 23:32:08,049 [Thread-2597] INFO  impl.FollowerState (FollowerState.java:run(108)) - e117b867-d4bf-4f16-8fb0-9fc7cd76fe51@group-EDC0F51E6753-FollowerState: change to CANDIDATE, lastRpcTime:5107ms, electionTimeout:5107ms
2019-10-07 23:32:08,049 [Thread-2597] INFO  impl.RoleInfo (RoleInfo.java:shutdownFollowerState(121)) - e117b867-d4bf-4f16-8fb0-9fc7cd76fe51: shutdown FollowerState
2019-10-07 23:32:08,050 [Thread-2597] INFO  impl.RaftServerImpl (RaftServerImpl.java:setRole(170)) - e117b867-d4bf-4f16-8fb0-9fc7cd76fe51@group-EDC0F51E6753: changes role from  FOLLOWER to CANDIDATE at term 0 for changeToCandidate
2019-10-07 23:32:08,050 [Thread-2597] INFO  impl.RoleInfo (RoleInfo.java:updateAndGet(143)) - e117b867-d4bf-4f16-8fb0-9fc7cd76fe51: start LeaderElection
2019-10-07 23:32:08,071 [4fb48f8d-81e9-4f66-86fb-c7726dd48448@group-A50D085CB826-LeaderElection94] INFO  impl.LeaderElection (LeaderElection.java:askForVotes(178)) - 4fb48f8d-81e9-4f66-86fb-c7726dd48448@group-A50D085CB826-LeaderElection94: begin an election at term 1 for -1: [4fb48f8d-81e9-4f66-86fb-c7726dd48448:192.168.151.75:34336], old=null
2019-10-07 23:32:08,072 [4fb48f8d-81e9-4f66-86fb-c7726dd48448@group-A50D085CB826-LeaderElection94] INFO  impl.RoleInfo (RoleInfo.java:shutdownLeaderElection(134)) - 4fb48f8d-81e9-4f66-86fb-c7726dd48448: shutdown LeaderElection
2019-10-07 23:32:08,072 [4fb48f8d-81e9-4f66-86fb-c7726dd48448@group-A50D085CB826-LeaderElection94] INFO  impl.RaftServerImpl (RaftServerImpl.java:setRole(170)) - 4fb48f8d-81e9-4f66-86fb-c7726dd48448@group-A50D085CB826: changes role from CANDIDATE to LEADER at term 1 for changeToLeader
2019-10-07 23:32:08,072 [4fb48f8d-81e9-4f66-86fb-c7726dd48448@group-A50D085CB826-LeaderElection94] INFO  ratis.XceiverServerRatis (XceiverServerRatis.java:handleLeaderChangedNotification(702)) - Leader change notification received for group: group-A50D085CB826 with new leaderId: 4fb48f8d-81e9-4f66-86fb-c7726dd48448
2019-10-07 23:32:08,080 [4fb48f8d-81e9-4f66-86fb-c7726dd48448@group-A50D085CB826-LeaderElection94] INFO  impl.RaftServerImpl (ServerState.java:setLeader(255)) - 4fb48f8d-81e9-4f66-86fb-c7726dd48448@group-A50D085CB826: change Leader from null to 4fb48f8d-81e9-4f66-86fb-c7726dd48448 at term 1 for becomeLeader, leader elected after 5184ms
2019-10-07 23:32:08,080 [e117b867-d4bf-4f16-8fb0-9fc7cd76fe51@group-EDC0F51E6753-LeaderElection95] INFO  impl.LeaderElection (LeaderElection.java:askForVotes(178)) - e117b867-d4bf-4f16-8fb0-9fc7cd76fe51@group-EDC0F51E6753-LeaderElection95: begin an election at term 1 for -1: [e117b867-d4bf-4f16-8fb0-9fc7cd76fe51:192.168.151.75:34188], old=null
2019-10-07 23:32:08,080 [4fb48f8d-81e9-4f66-86fb-c7726dd48448@group-A50D085CB826-LeaderElection94] INFO  server.RaftServerConfigKeys (ConfUtils.java:logGet(43)) - raft.server.staging.catchup.gap = 1000 (default)
2019-10-07 23:32:08,080 [e117b867-d4bf-4f16-8fb0-9fc7cd76fe51@group-EDC0F51E6753-LeaderElection95] INFO  impl.RoleInfo (RoleInfo.java:shutdownLeaderElection(134)) - e117b867-d4bf-4f16-8fb0-9fc7cd76fe51: shutdown LeaderElection
2019-10-07 23:32:08,081 [e117b867-d4bf-4f16-8fb0-9fc7cd76fe51@group-EDC0F51E6753-LeaderElection95] INFO  impl.RaftServerImpl (RaftServerImpl.java:setRole(170)) - e117b867-d4bf-4f16-8fb0-9fc7cd76fe51@group-EDC0F51E6753: changes role from CANDIDATE to LEADER at term 1 for changeToLeader
2019-10-07 23:32:08,081 [e117b867-d4bf-4f16-8fb0-9fc7cd76fe51@group-EDC0F51E6753-LeaderElection95] INFO  ratis.XceiverServerRatis (XceiverServerRatis.java:handleLeaderChangedNotification(702)) - Leader change notification received for group: group-EDC0F51E6753 with new leaderId: e117b867-d4bf-4f16-8fb0-9fc7cd76fe51
2019-10-07 23:32:08,081 [EventQueue-PipelineReportForPipelineReportHandler] INFO  pipeline.PipelineReportHandler (PipelineReportHandler.java:processPipelineReport(117)) - Pipeline PipelineID=548e339e-dcb3-4bcc-925c-89e1e563b040 reported by 4fb48f8d-81e9-4f66-86fb-c7726dd48448{ip: 192.168.151.75, host: pr-hdds-1868-k864b-3611000933, networkLocation: /default-rack, certSerialId: null} with leaderId 
2019-10-07 23:32:08,081 [4fb48f8d-81e9-4f66-86fb-c7726dd48448@group-A50D085CB826-LeaderElection94] INFO  server.RaftServerConfigKeys (ConfUtils.java:logGet(43)) - raft.server.rpc.sleep.time = 25ms (default)
2019-10-07 23:32:08,086 [EventQueue-PipelineReportForPipelineReportHandler] INFO  pipeline.PipelineReportHandler (PipelineReportHandler.java:processPipelineReport(117)) - Pipeline PipelineID=4fe66be4-903c-4635-aab1-a50d085cb826 reported by 4fb48f8d-81e9-4f66-86fb-c7726dd48448{ip: 192.168.151.75, host: pr-hdds-1868-k864b-3611000933, networkLocation: /default-rack, certSerialId: null} with leaderId 4fb48f8d-81e9-4f66-86fb-c7726dd48448
2019-10-07 23:32:08,086 [e117b867-d4bf-4f16-8fb0-9fc7cd76fe51@group-EDC0F51E6753-LeaderElection95] INFO  impl.RaftServerImpl (ServerState.java:setLeader(255)) - e117b867-d4bf-4f16-8fb0-9fc7cd76fe51@group-EDC0F51E6753: change Leader from null to e117b867-d4bf-4f16-8fb0-9fc7cd76fe51 at term 1 for becomeLeader, leader elected after 5144ms
2019-10-07 23:32:08,087 [4fb48f8d-81e9-4f66-86fb-c7726dd48448@group-A50D085CB826-LeaderElection94] INFO  server.RaftServerConfigKeys (ConfUtils.java:logGet(43)) - raft.server.write.element-limit = 4096 (default)
2019-10-07 23:32:08,087 [e117b867-d4bf-4f16-8fb0-9fc7cd76fe51@group-EDC0F51E6753-LeaderElection95] INFO  server.RaftServerConfigKeys (ConfUtils.java:logGet(43)) - raft.server.staging.catchup.gap = 1000 (default)
2019-10-07 23:32:08,087 [4fb48f8d-81e9-4f66-86fb-c7726dd48448@group-A50D085CB826-LeaderElection94] INFO  server.RaftServerConfigKeys (ConfUtils.java:logGet(43)) - raft.server.watch.timeout = 10s (default)
2019-10-07 23:32:08,087 [EventQueue-PipelineReportForPipelineReportHandler] INFO  pipeline.PipelineStateManager (PipelineStateManager.java:openPipeline(136)) - Pipeline Pipeline[ Id: 4fe66be4-903c-4635-aab1-a50d085cb826, Nodes: 4fb48f8d-81e9-4f66-86fb-c7726dd48448{ip: 192.168.151.75, host: pr-hdds-1868-k864b-3611000933, networkLocation: /default-rack, certSerialId: null}, Type:RATIS, Factor:ONE, State:OPEN] moved to OPEN state
2019-10-07 23:32:08,087 [e117b867-d4bf-4f16-8fb0-9fc7cd76fe51@group-EDC0F51E6753-LeaderElection95] INFO  server.RaftServerConfigKeys (ConfUtils.java:logGet(43)) - raft.server.rpc.sleep.time = 25ms (default)
2019-10-07 23:32:08,087 [4fb48f8d-81e9-4f66-86fb-c7726dd48448@group-A50D085CB826-LeaderElection94] INFO  server.RaftServerConfigKeys (ConfUtils.java:logGet(43)) - raft.server.watch.timeout.denomination = 1s (default)
2019-10-07 23:32:08,088 [e117b867-d4bf-4f16-8fb0-9fc7cd76fe51@group-EDC0F51E6753-LeaderElection95] INFO  server.RaftServerConfigKeys (ConfUtils.java:logGet(43)) - raft.server.write.element-limit = 4096 (default)
2019-10-07 23:32:08,088 [4fb48f8d-81e9-4f66-86fb-c7726dd48448@group-A50D085CB826-LeaderElection94] INFO  server.RaftServerConfigKeys (ConfUtils.java:logGet(43)) - raft.server.watch.element-limit = 65536 (default)
2019-10-07 23:32:08,088 [EventQueue-PipelineReportForPipelineReportHandler] INFO  pipeline.PipelineReportHandler (PipelineReportHandler.java:processPipelineReport(117)) - Pipeline PipelineID=812e04b6-5906-41aa-b317-2f85cb62c16c reported by e117b867-d4bf-4f16-8fb0-9fc7cd76fe51{ip: 192.168.151.75, host: pr-hdds-1868-k864b-3611000933, networkLocation: /default-rack, certSerialId: null} with leaderId 
2019-10-07 23:32:08,088 [e117b867-d4bf-4f16-8fb0-9fc7cd76fe51@group-EDC0F51E6753-LeaderElection95] INFO  server.RaftServerConfigKeys (ConfUtils.java:logGet(43)) - raft.server.watch.timeout = 10s (default)
2019-10-07 23:32:08,088 [EventQueue-PipelineReportForPipelineReportHandler] INFO  pipeline.PipelineReportHandler (PipelineReportHandler.java:processPipelineReport(117)) - Pipeline PipelineID=5063f334-4ed0-4717-86c1-edc0f51e6753 reported by e117b867-d4bf-4f16-8fb0-9fc7cd76fe51{ip: 192.168.151.75, host: pr-hdds-1868-k864b-3611000933, networkLocation: /default-rack, certSerialId: null} with leaderId e117b867-d4bf-4f16-8fb0-9fc7cd76fe51
2019-10-07 23:32:08,088 [e117b867-d4bf-4f16-8fb0-9fc7cd76fe51@group-EDC0F51E6753-LeaderElection95] INFO  server.RaftServerConfigKeys (ConfUtils.java:logGet(43)) - raft.server.watch.timeout.denomination = 1s (default)
2019-10-07 23:32:08,088 [EventQueue-PipelineReportForPipelineReportHandler] INFO  pipeline.PipelineStateManager (PipelineStateManager.java:openPipeline(136)) - Pipeline Pipeline[ Id: 5063f334-4ed0-4717-86c1-edc0f51e6753, Nodes: e117b867-d4bf-4f16-8fb0-9fc7cd76fe51{ip: 192.168.151.75, host: pr-hdds-1868-k864b-3611000933, networkLocation: /default-rack, certSerialId: null}, Type:RATIS, Factor:ONE, State:OPEN] moved to OPEN state
2019-10-07 23:32:08,088 [e117b867-d4bf-4f16-8fb0-9fc7cd76fe51@group-EDC0F51E6753-LeaderElection95] INFO  server.RaftServerConfigKeys (ConfUtils.java:logGet(43)) - raft.server.watch.element-limit = 65536 (default)
2019-10-07 23:32:08,092 [e117b867-d4bf-4f16-8fb0-9fc7cd76fe51@group-EDC0F51E6753-LeaderElection95] INFO  impl.RoleInfo (RoleInfo.java:updateAndGet(143)) - e117b867-d4bf-4f16-8fb0-9fc7cd76fe51: start LeaderState
2019-10-07 23:32:08,092 [4fb48f8d-81e9-4f66-86fb-c7726dd48448@group-A50D085CB826-LeaderElection94] INFO  impl.RoleInfo (RoleInfo.java:updateAndGet(143)) - 4fb48f8d-81e9-4f66-86fb-c7726dd48448: start LeaderState
2019-10-07 23:32:08,092 [4fb48f8d-81e9-4f66-86fb-c7726dd48448@group-A50D085CB826-LeaderElection94] INFO  segmented.SegmentedRaftLogWorker (SegmentedRaftLogWorker.java:startLogSegment(385)) - 4fb48f8d-81e9-4f66-86fb-c7726dd48448@group-A50D085CB826-SegmentedRaftLogWorker: Starting segment from index:0
2019-10-07 23:32:08,092 [e117b867-d4bf-4f16-8fb0-9fc7cd76fe51@group-EDC0F51E6753-LeaderElection95] INFO  segmented.SegmentedRaftLogWorker (SegmentedRaftLogWorker.java:startLogSegment(385)) - e117b867-d4bf-4f16-8fb0-9fc7cd76fe51@group-EDC0F51E6753-SegmentedRaftLogWorker: Starting segment from index:0
2019-10-07 23:32:08,093 [4fb48f8d-81e9-4f66-86fb-c7726dd48448@group-A50D085CB826-LeaderElection94] INFO  impl.RaftServerImpl (ServerState.java:setRaftConf(356)) - 4fb48f8d-81e9-4f66-86fb-c7726dd48448@group-A50D085CB826: set configuration 0: [4fb48f8d-81e9-4f66-86fb-c7726dd48448:192.168.151.75:34336], old=null at 0
2019-10-07 23:32:08,093 [e117b867-d4bf-4f16-8fb0-9fc7cd76fe51@group-EDC0F51E6753-LeaderElection95] INFO  impl.RaftServerImpl (ServerState.java:setRaftConf(356)) - e117b867-d4bf-4f16-8fb0-9fc7cd76fe51@group-EDC0F51E6753: set configuration 0: [e117b867-d4bf-4f16-8fb0-9fc7cd76fe51:192.168.151.75:34188], old=null at 0
2019-10-07 23:32:08,127 [Thread-2605] INFO  impl.FollowerState (FollowerState.java:run(108)) - 0762d526-f4f4-4a47-8e0a-da1a15343f7f@group-AC69EC126DA6-FollowerState: change to CANDIDATE, lastRpcTime:5058ms, electionTimeout:5058ms
2019-10-07 23:32:08,127 [Thread-2605] INFO  impl.RoleInfo (RoleInfo.java:shutdownFollowerState(121)) - 0762d526-f4f4-4a47-8e0a-da1a15343f7f: shutdown FollowerState
2019-10-07 23:32:08,128 [Thread-2605] INFO  impl.RaftServerImpl (RaftServerImpl.java:setRole(170)) - 0762d526-f4f4-4a47-8e0a-da1a15343f7f@group-AC69EC126DA6: changes role from  FOLLOWER to CANDIDATE at term 0 for changeToCandidate
2019-10-07 23:32:08,128 [Thread-2605] INFO  impl.RoleInfo (RoleInfo.java:updateAndGet(143)) - 0762d526-f4f4-4a47-8e0a-da1a15343f7f: start LeaderElection
2019-10-07 23:32:08,140 [4fb48f8d-81e9-4f66-86fb-c7726dd48448@group-A50D085CB826-SegmentedRaftLogWorker] INFO  segmented.SegmentedRaftLogWorker (SegmentedRaftLogWorker.java:execute(576)) - 4fb48f8d-81e9-4f66-86fb-c7726dd48448@group-A50D085CB826-SegmentedRaftLogWorker: created new log segment /workdir/hadoop-ozone/integration-test/target/test-dir/MiniOzoneClusterImpl-352333b8-4a53-463e-b611-0484fc381049/datanode-2/data/ratis/4fe66be4-903c-4635-aab1-a50d085cb826/current/log_inprogress_0
2019-10-07 23:32:08,140 [e117b867-d4bf-4f16-8fb0-9fc7cd76fe51@group-EDC0F51E6753-SegmentedRaftLogWorker] INFO  segmented.SegmentedRaftLogWorker (SegmentedRaftLogWorker.java:execute(576)) - e117b867-d4bf-4f16-8fb0-9fc7cd76fe51@group-EDC0F51E6753-SegmentedRaftLogWorker: created new log segment /workdir/hadoop-ozone/integration-test/target/test-dir/MiniOzoneClusterImpl-352333b8-4a53-463e-b611-0484fc381049/datanode-6/data/ratis/5063f334-4ed0-4717-86c1-edc0f51e6753/current/log_inprogress_0
2019-10-07 23:32:08,155 [Thread-2601] INFO  impl.FollowerState (FollowerState.java:run(108)) - c5ad0c37-429e-4687-981a-4ed62e267729@group-9B20A97DFA37-FollowerState: change to CANDIDATE, lastRpcTime:5149ms, electionTimeout:5149ms
2019-10-07 23:32:08,156 [Thread-2601] INFO  impl.RoleInfo (RoleInfo.java:shutdownFollowerState(121)) - c5ad0c37-429e-4687-981a-4ed62e267729: shutdown FollowerState
2019-10-07 23:32:08,156 [Thread-2601] INFO  impl.RaftServerImpl (RaftServerImpl.java:setRole(170)) - c5ad0c37-429e-4687-981a-4ed62e267729@group-9B20A97DFA37: changes role from  FOLLOWER to CANDIDATE at term 0 for changeToCandidate
2019-10-07 23:32:08,156 [Thread-2601] INFO  impl.RoleInfo (RoleInfo.java:updateAndGet(143)) - c5ad0c37-429e-4687-981a-4ed62e267729: start LeaderElection
2019-10-07 23:32:08,164 [0762d526-f4f4-4a47-8e0a-da1a15343f7f@group-AC69EC126DA6-LeaderElection96] INFO  impl.LeaderElection (LeaderElection.java:askForVotes(178)) - 0762d526-f4f4-4a47-8e0a-da1a15343f7f@group-AC69EC126DA6-LeaderElection96: begin an election at term 1 for -1: [0762d526-f4f4-4a47-8e0a-da1a15343f7f:192.168.151.75:44064], old=null
2019-10-07 23:32:08,165 [0762d526-f4f4-4a47-8e0a-da1a15343f7f@group-AC69EC126DA6-LeaderElection96] INFO  impl.RoleInfo (RoleInfo.java:shutdownLeaderElection(134)) - 0762d526-f4f4-4a47-8e0a-da1a15343f7f: shutdown LeaderElection
2019-10-07 23:32:08,165 [0762d526-f4f4-4a47-8e0a-da1a15343f7f@group-AC69EC126DA6-LeaderElection96] INFO  impl.RaftServerImpl (RaftServerImpl.java:setRole(170)) - 0762d526-f4f4-4a47-8e0a-da1a15343f7f@group-AC69EC126DA6: changes role from CANDIDATE to LEADER at term 1 for changeToLeader
2019-10-07 23:32:08,165 [0762d526-f4f4-4a47-8e0a-da1a15343f7f@group-AC69EC126DA6-LeaderElection96] INFO  ratis.XceiverServerRatis (XceiverServerRatis.java:handleLeaderChangedNotification(702)) - Leader change notification received for group: group-AC69EC126DA6 with new leaderId: 0762d526-f4f4-4a47-8e0a-da1a15343f7f
2019-10-07 23:32:08,168 [0762d526-f4f4-4a47-8e0a-da1a15343f7f@group-AC69EC126DA6-LeaderElection96] INFO  impl.RaftServerImpl (ServerState.java:setLeader(255)) - 0762d526-f4f4-4a47-8e0a-da1a15343f7f@group-AC69EC126DA6: change Leader from null to 0762d526-f4f4-4a47-8e0a-da1a15343f7f at term 1 for becomeLeader, leader elected after 5103ms
2019-10-07 23:32:08,168 [c5ad0c37-429e-4687-981a-4ed62e267729@group-9B20A97DFA37-LeaderElection97] INFO  impl.LeaderElection (LeaderElection.java:askForVotes(178)) - c5ad0c37-429e-4687-981a-4ed62e267729@group-9B20A97DFA37-LeaderElection97: begin an election at term 1 for -1: [c5ad0c37-429e-4687-981a-4ed62e267729:192.168.151.75:35930], old=null
2019-10-07 23:32:08,168 [0762d526-f4f4-4a47-8e0a-da1a15343f7f@group-AC69EC126DA6-LeaderElection96] INFO  server.RaftServerConfigKeys (ConfUtils.java:logGet(43)) - raft.server.staging.catchup.gap = 1000 (default)
2019-10-07 23:32:08,168 [c5ad0c37-429e-4687-981a-4ed62e267729@group-9B20A97DFA37-LeaderElection97] INFO  impl.RoleInfo (RoleInfo.java:shutdownLeaderElection(134)) - c5ad0c37-429e-4687-981a-4ed62e267729: shutdown LeaderElection
2019-10-07 23:32:08,169 [0762d526-f4f4-4a47-8e0a-da1a15343f7f@group-AC69EC126DA6-LeaderElection96] INFO  server.RaftServerConfigKeys (ConfUtils.java:logGet(43)) - raft.server.rpc.sleep.time = 25ms (default)
2019-10-07 23:32:08,169 [c5ad0c37-429e-4687-981a-4ed62e267729@group-9B20A97DFA37-LeaderElection97] INFO  impl.RaftServerImpl (RaftServerImpl.java:setRole(170)) - c5ad0c37-429e-4687-981a-4ed62e267729@group-9B20A97DFA37: changes role from CANDIDATE to LEADER at term 1 for changeToLeader
2019-10-07 23:32:08,169 [c5ad0c37-429e-4687-981a-4ed62e267729@group-9B20A97DFA37-LeaderElection97] INFO  ratis.XceiverServerRatis (XceiverServerRatis.java:handleLeaderChangedNotification(702)) - Leader change notification received for group: group-9B20A97DFA37 with new leaderId: c5ad0c37-429e-4687-981a-4ed62e267729
2019-10-07 23:32:08,169 [0762d526-f4f4-4a47-8e0a-da1a15343f7f@group-AC69EC126DA6-LeaderElection96] INFO  server.RaftServerConfigKeys (ConfUtils.java:logGet(43)) - raft.server.write.element-limit = 4096 (default)
2019-10-07 23:32:08,172 [c5ad0c37-429e-4687-981a-4ed62e267729@group-9B20A97DFA37-LeaderElection97] INFO  impl.RaftServerImpl (ServerState.java:setLeader(255)) - c5ad0c37-429e-4687-981a-4ed62e267729@group-9B20A97DFA37: change Leader from null to c5ad0c37-429e-4687-981a-4ed62e267729 at term 1 for becomeLeader, leader elected after 5168ms
2019-10-07 23:32:08,172 [0762d526-f4f4-4a47-8e0a-da1a15343f7f@group-AC69EC126DA6-LeaderElection96] INFO  server.RaftServerConfigKeys (ConfUtils.java:logGet(43)) - raft.server.watch.timeout = 10s (default)
2019-10-07 23:32:08,172 [EventQueue-PipelineReportForPipelineReportHandler] INFO  pipeline.PipelineReportHandler (PipelineReportHandler.java:processPipelineReport(117)) - Pipeline PipelineID=bb6a8f9b-5e09-4896-9f79-ac69ec126da6 reported by 0762d526-f4f4-4a47-8e0a-da1a15343f7f{ip: 192.168.151.75, host: pr-hdds-1868-k864b-3611000933, networkLocation: /default-rack, certSerialId: null} with leaderId 0762d526-f4f4-4a47-8e0a-da1a15343f7f
2019-10-07 23:32:08,172 [c5ad0c37-429e-4687-981a-4ed62e267729@group-9B20A97DFA37-LeaderElection97] INFO  server.RaftServerConfigKeys (ConfUtils.java:logGet(43)) - raft.server.staging.catchup.gap = 1000 (default)
2019-10-07 23:32:08,173 [0762d526-f4f4-4a47-8e0a-da1a15343f7f@group-AC69EC126DA6-LeaderElection96] INFO  server.RaftServerConfigKeys (ConfUtils.java:logGet(43)) - raft.server.watch.timeout.denomination = 1s (default)
2019-10-07 23:32:08,173 [EventQueue-PipelineReportForPipelineReportHandler] INFO  pipeline.PipelineStateManager (PipelineStateManager.java:openPipeline(136)) - Pipeline Pipeline[ Id: bb6a8f9b-5e09-4896-9f79-ac69ec126da6, Nodes: 0762d526-f4f4-4a47-8e0a-da1a15343f7f{ip: 192.168.151.75, host: pr-hdds-1868-k864b-3611000933, networkLocation: /default-rack, certSerialId: null}, Type:RATIS, Factor:ONE, State:OPEN] moved to OPEN state
2019-10-07 23:32:08,173 [c5ad0c37-429e-4687-981a-4ed62e267729@group-9B20A97DFA37-LeaderElection97] INFO  server.RaftServerConfigKeys (ConfUtils.java:logGet(43)) - raft.server.rpc.sleep.time = 25ms (default)
2019-10-07 23:32:08,173 [0762d526-f4f4-4a47-8e0a-da1a15343f7f@group-AC69EC126DA6-LeaderElection96] INFO  server.RaftServerConfigKeys (ConfUtils.java:logGet(43)) - raft.server.watch.element-limit = 65536 (default)
2019-10-07 23:32:08,173 [EventQueue-PipelineReportForPipelineReportHandler] INFO  pipeline.PipelineReportHandler (PipelineReportHandler.java:processPipelineReport(117)) - Pipeline PipelineID=2907a901-f9bb-4961-81d0-9b20a97dfa37 reported by c5ad0c37-429e-4687-981a-4ed62e267729{ip: 192.168.151.75, host: pr-hdds-1868-k864b-3611000933, networkLocation: /default-rack, certSerialId: null} with leaderId c5ad0c37-429e-4687-981a-4ed62e267729
2019-10-07 23:32:08,173 [c5ad0c37-429e-4687-981a-4ed62e267729@group-9B20A97DFA37-LeaderElection97] INFO  server.RaftServerConfigKeys (ConfUtils.java:logGet(43)) - raft.server.write.element-limit = 4096 (default)
2019-10-07 23:32:08,173 [EventQueue-PipelineReportForPipelineReportHandler] INFO  pipeline.PipelineStateManager (PipelineStateManager.java:openPipeline(136)) - Pipeline Pipeline[ Id: 2907a901-f9bb-4961-81d0-9b20a97dfa37, Nodes: c5ad0c37-429e-4687-981a-4ed62e267729{ip: 192.168.151.75, host: pr-hdds-1868-k864b-3611000933, networkLocation: /default-rack, certSerialId: null}, Type:RATIS, Factor:ONE, State:OPEN] moved to OPEN state
2019-10-07 23:32:08,173 [c5ad0c37-429e-4687-981a-4ed62e267729@group-9B20A97DFA37-LeaderElection97] INFO  server.RaftServerConfigKeys (ConfUtils.java:logGet(43)) - raft.server.watch.timeout = 10s (default)
2019-10-07 23:32:08,174 [EventQueue-PipelineReportForPipelineReportHandler] INFO  pipeline.PipelineReportHandler (PipelineReportHandler.java:processPipelineReport(117)) - Pipeline PipelineID=812e04b6-5906-41aa-b317-2f85cb62c16c reported by c5ad0c37-429e-4687-981a-4ed62e267729{ip: 192.168.151.75, host: pr-hdds-1868-k864b-3611000933, networkLocation: /default-rack, certSerialId: null} with leaderId 
2019-10-07 23:32:08,174 [c5ad0c37-429e-4687-981a-4ed62e267729@group-9B20A97DFA37-LeaderElection97] INFO  server.RaftServerConfigKeys (ConfUtils.java:logGet(43)) - raft.server.watch.timeout.denomination = 1s (default)
2019-10-07 23:32:08,174 [c5ad0c37-429e-4687-981a-4ed62e267729@group-9B20A97DFA37-LeaderElection97] INFO  server.RaftServerConfigKeys (ConfUtils.java:logGet(43)) - raft.server.watch.element-limit = 65536 (default)
2019-10-07 23:32:08,175 [0762d526-f4f4-4a47-8e0a-da1a15343f7f@group-AC69EC126DA6-LeaderElection96] INFO  impl.RoleInfo (RoleInfo.java:updateAndGet(143)) - 0762d526-f4f4-4a47-8e0a-da1a15343f7f: start LeaderState
2019-10-07 23:32:08,175 [0762d526-f4f4-4a47-8e0a-da1a15343f7f@group-AC69EC126DA6-LeaderElection96] INFO  segmented.SegmentedRaftLogWorker (SegmentedRaftLogWorker.java:startLogSegment(385)) - 0762d526-f4f4-4a47-8e0a-da1a15343f7f@group-AC69EC126DA6-SegmentedRaftLogWorker: Starting segment from index:0
2019-10-07 23:32:08,175 [0762d526-f4f4-4a47-8e0a-da1a15343f7f@group-AC69EC126DA6-LeaderElection96] INFO  impl.RaftServerImpl (ServerState.java:setRaftConf(356)) - 0762d526-f4f4-4a47-8e0a-da1a15343f7f@group-AC69EC126DA6: set configuration 0: [0762d526-f4f4-4a47-8e0a-da1a15343f7f:192.168.151.75:44064], old=null at 0
2019-10-07 23:32:08,176 [c5ad0c37-429e-4687-981a-4ed62e267729@group-9B20A97DFA37-LeaderElection97] INFO  impl.RoleInfo (RoleInfo.java:updateAndGet(143)) - c5ad0c37-429e-4687-981a-4ed62e267729: start LeaderState
2019-10-07 23:32:08,176 [c5ad0c37-429e-4687-981a-4ed62e267729@group-9B20A97DFA37-LeaderElection97] INFO  segmented.SegmentedRaftLogWorker (SegmentedRaftLogWorker.java:startLogSegment(385)) - c5ad0c37-429e-4687-981a-4ed62e267729@group-9B20A97DFA37-SegmentedRaftLogWorker: Starting segment from index:0
2019-10-07 23:32:08,176 [c5ad0c37-429e-4687-981a-4ed62e267729@group-9B20A97DFA37-LeaderElection97] INFO  impl.RaftServerImpl (ServerState.java:setRaftConf(356)) - c5ad0c37-429e-4687-981a-4ed62e267729@group-9B20A97DFA37: set configuration 0: [c5ad0c37-429e-4687-981a-4ed62e267729:192.168.151.75:35930], old=null at 0
2019-10-07 23:32:08,212 [c5ad0c37-429e-4687-981a-4ed62e267729@group-9B20A97DFA37-SegmentedRaftLogWorker] INFO  segmented.SegmentedRaftLogWorker (SegmentedRaftLogWorker.java:execute(576)) - c5ad0c37-429e-4687-981a-4ed62e267729@group-9B20A97DFA37-SegmentedRaftLogWorker: created new log segment /workdir/hadoop-ozone/integration-test/target/test-dir/MiniOzoneClusterImpl-352333b8-4a53-463e-b611-0484fc381049/datanode-3/data/ratis/2907a901-f9bb-4961-81d0-9b20a97dfa37/current/log_inprogress_0
2019-10-07 23:32:08,212 [0762d526-f4f4-4a47-8e0a-da1a15343f7f@group-AC69EC126DA6-SegmentedRaftLogWorker] INFO  segmented.SegmentedRaftLogWorker (SegmentedRaftLogWorker.java:execute(576)) - 0762d526-f4f4-4a47-8e0a-da1a15343f7f@group-AC69EC126DA6-SegmentedRaftLogWorker: created new log segment /workdir/hadoop-ozone/integration-test/target/test-dir/MiniOzoneClusterImpl-352333b8-4a53-463e-b611-0484fc381049/datanode-4/data/ratis/bb6a8f9b-5e09-4896-9f79-ac69ec126da6/current/log_inprogress_0
2019-10-07 23:32:08,306 [Thread-2611] INFO  impl.FollowerState (FollowerState.java:run(108)) - f6cf535b-0e7e-49fb-ad18-0fd5e9f0c404@group-CD3A6834E1B4-FollowerState: change to CANDIDATE, lastRpcTime:5154ms, electionTimeout:5154ms
2019-10-07 23:32:08,307 [Thread-2611] INFO  impl.RoleInfo (RoleInfo.java:shutdownFollowerState(121)) - f6cf535b-0e7e-49fb-ad18-0fd5e9f0c404: shutdown FollowerState
2019-10-07 23:32:08,307 [Thread-2611] INFO  impl.RaftServerImpl (RaftServerImpl.java:setRole(170)) - f6cf535b-0e7e-49fb-ad18-0fd5e9f0c404@group-CD3A6834E1B4: changes role from  FOLLOWER to CANDIDATE at term 0 for changeToCandidate
2019-10-07 23:32:08,307 [Thread-2611] INFO  impl.RoleInfo (RoleInfo.java:updateAndGet(143)) - f6cf535b-0e7e-49fb-ad18-0fd5e9f0c404: start LeaderElection
2019-10-07 23:32:08,329 [f6cf535b-0e7e-49fb-ad18-0fd5e9f0c404@group-CD3A6834E1B4-LeaderElection98] INFO  impl.LeaderElection (LeaderElection.java:askForVotes(178)) - f6cf535b-0e7e-49fb-ad18-0fd5e9f0c404@group-CD3A6834E1B4-LeaderElection98: begin an election at term 1 for -1: [f6cf535b-0e7e-49fb-ad18-0fd5e9f0c404:192.168.151.75:37994], old=null
2019-10-07 23:32:08,329 [f6cf535b-0e7e-49fb-ad18-0fd5e9f0c404@group-CD3A6834E1B4-LeaderElection98] INFO  impl.RoleInfo (RoleInfo.java:shutdownLeaderElection(134)) - f6cf535b-0e7e-49fb-ad18-0fd5e9f0c404: shutdown LeaderElection
2019-10-07 23:32:08,329 [f6cf535b-0e7e-49fb-ad18-0fd5e9f0c404@group-CD3A6834E1B4-LeaderElection98] INFO  impl.RaftServerImpl (RaftServerImpl.java:setRole(170)) - f6cf535b-0e7e-49fb-ad18-0fd5e9f0c404@group-CD3A6834E1B4: changes role from CANDIDATE to LEADER at term 1 for changeToLeader
2019-10-07 23:32:08,330 [f6cf535b-0e7e-49fb-ad18-0fd5e9f0c404@group-CD3A6834E1B4-LeaderElection98] INFO  ratis.XceiverServerRatis (XceiverServerRatis.java:handleLeaderChangedNotification(702)) - Leader change notification received for group: group-CD3A6834E1B4 with new leaderId: f6cf535b-0e7e-49fb-ad18-0fd5e9f0c404
2019-10-07 23:32:08,334 [f6cf535b-0e7e-49fb-ad18-0fd5e9f0c404@group-CD3A6834E1B4-LeaderElection98] INFO  impl.RaftServerImpl (ServerState.java:setLeader(255)) - f6cf535b-0e7e-49fb-ad18-0fd5e9f0c404@group-CD3A6834E1B4: change Leader from null to f6cf535b-0e7e-49fb-ad18-0fd5e9f0c404 at term 1 for becomeLeader, leader elected after 5181ms
2019-10-07 23:32:08,334 [f6cf535b-0e7e-49fb-ad18-0fd5e9f0c404@group-CD3A6834E1B4-LeaderElection98] INFO  server.RaftServerConfigKeys (ConfUtils.java:logGet(43)) - raft.server.staging.catchup.gap = 1000 (default)
2019-10-07 23:32:08,334 [f6cf535b-0e7e-49fb-ad18-0fd5e9f0c404@group-CD3A6834E1B4-LeaderElection98] INFO  server.RaftServerConfigKeys (ConfUtils.java:logGet(43)) - raft.server.rpc.sleep.time = 25ms (default)
2019-10-07 23:32:08,334 [f6cf535b-0e7e-49fb-ad18-0fd5e9f0c404@group-CD3A6834E1B4-LeaderElection98] INFO  server.RaftServerConfigKeys (ConfUtils.java:logGet(43)) - raft.server.write.element-limit = 4096 (default)
2019-10-07 23:32:08,335 [f6cf535b-0e7e-49fb-ad18-0fd5e9f0c404@group-CD3A6834E1B4-LeaderElection98] INFO  server.RaftServerConfigKeys (ConfUtils.java:logGet(43)) - raft.server.watch.timeout = 10s (default)
2019-10-07 23:32:08,335 [f6cf535b-0e7e-49fb-ad18-0fd5e9f0c404@group-CD3A6834E1B4-LeaderElection98] INFO  server.RaftServerConfigKeys (ConfUtils.java:logGet(43)) - raft.server.watch.timeout.denomination = 1s (default)
2019-10-07 23:32:08,335 [f6cf535b-0e7e-49fb-ad18-0fd5e9f0c404@group-CD3A6834E1B4-LeaderElection98] INFO  server.RaftServerConfigKeys (ConfUtils.java:logGet(43)) - raft.server.watch.element-limit = 65536 (default)
2019-10-07 23:32:08,335 [EventQueue-PipelineReportForPipelineReportHandler] INFO  pipeline.PipelineReportHandler (PipelineReportHandler.java:processPipelineReport(117)) - Pipeline PipelineID=548e339e-dcb3-4bcc-925c-89e1e563b040 reported by f6cf535b-0e7e-49fb-ad18-0fd5e9f0c404{ip: 192.168.151.75, host: pr-hdds-1868-k864b-3611000933, networkLocation: /default-rack, certSerialId: null} with leaderId 
2019-10-07 23:32:08,335 [EventQueue-PipelineReportForPipelineReportHandler] INFO  pipeline.PipelineReportHandler (PipelineReportHandler.java:processPipelineReport(117)) - Pipeline PipelineID=d88be40c-b703-46c6-8524-cd3a6834e1b4 reported by f6cf535b-0e7e-49fb-ad18-0fd5e9f0c404{ip: 192.168.151.75, host: pr-hdds-1868-k864b-3611000933, networkLocation: /default-rack, certSerialId: null} with leaderId f6cf535b-0e7e-49fb-ad18-0fd5e9f0c404
2019-10-07 23:32:08,336 [EventQueue-PipelineReportForPipelineReportHandler] INFO  pipeline.PipelineStateManager (PipelineStateManager.java:openPipeline(136)) - Pipeline Pipeline[ Id: d88be40c-b703-46c6-8524-cd3a6834e1b4, Nodes: f6cf535b-0e7e-49fb-ad18-0fd5e9f0c404{ip: 192.168.151.75, host: pr-hdds-1868-k864b-3611000933, networkLocation: /default-rack, certSerialId: null}, Type:RATIS, Factor:ONE, State:OPEN] moved to OPEN state
2019-10-07 23:32:08,337 [f6cf535b-0e7e-49fb-ad18-0fd5e9f0c404@group-CD3A6834E1B4-LeaderElection98] INFO  impl.RoleInfo (RoleInfo.java:updateAndGet(143)) - f6cf535b-0e7e-49fb-ad18-0fd5e9f0c404: start LeaderState
2019-10-07 23:32:08,337 [f6cf535b-0e7e-49fb-ad18-0fd5e9f0c404@group-CD3A6834E1B4-LeaderElection98] INFO  segmented.SegmentedRaftLogWorker (SegmentedRaftLogWorker.java:startLogSegment(385)) - f6cf535b-0e7e-49fb-ad18-0fd5e9f0c404@group-CD3A6834E1B4-SegmentedRaftLogWorker: Starting segment from index:0
2019-10-07 23:32:08,337 [f6cf535b-0e7e-49fb-ad18-0fd5e9f0c404@group-CD3A6834E1B4-LeaderElection98] INFO  impl.RaftServerImpl (ServerState.java:setRaftConf(356)) - f6cf535b-0e7e-49fb-ad18-0fd5e9f0c404@group-CD3A6834E1B4: set configuration 0: [f6cf535b-0e7e-49fb-ad18-0fd5e9f0c404:192.168.151.75:37994], old=null at 0
2019-10-07 23:32:08,385 [Thread-2615] INFO  impl.FollowerState (FollowerState.java:run(108)) - 57c86727-38c9-4594-987b-cd5bf82b207d@group-A8E247C16814-FollowerState: change to CANDIDATE, lastRpcTime:5174ms, electionTimeout:5174ms
2019-10-07 23:32:08,386 [Thread-2615] INFO  impl.RoleInfo (RoleInfo.java:shutdownFollowerState(121)) - 57c86727-38c9-4594-987b-cd5bf82b207d: shutdown FollowerState
2019-10-07 23:32:08,386 [Thread-2615] INFO  impl.RaftServerImpl (RaftServerImpl.java:setRole(170)) - 57c86727-38c9-4594-987b-cd5bf82b207d@group-A8E247C16814: changes role from  FOLLOWER to CANDIDATE at term 0 for changeToCandidate
2019-10-07 23:32:08,386 [Thread-2615] INFO  impl.RoleInfo (RoleInfo.java:updateAndGet(143)) - 57c86727-38c9-4594-987b-cd5bf82b207d: start LeaderElection
2019-10-07 23:32:08,398 [f6cf535b-0e7e-49fb-ad18-0fd5e9f0c404@group-CD3A6834E1B4-SegmentedRaftLogWorker] INFO  segmented.SegmentedRaftLogWorker (SegmentedRaftLogWorker.java:execute(576)) - f6cf535b-0e7e-49fb-ad18-0fd5e9f0c404@group-CD3A6834E1B4-SegmentedRaftLogWorker: created new log segment /workdir/hadoop-ozone/integration-test/target/test-dir/MiniOzoneClusterImpl-352333b8-4a53-463e-b611-0484fc381049/datanode-0/data/ratis/d88be40c-b703-46c6-8524-cd3a6834e1b4/current/log_inprogress_0
2019-10-07 23:32:08,422 [57c86727-38c9-4594-987b-cd5bf82b207d@group-A8E247C16814-LeaderElection99] INFO  impl.LeaderElection (LeaderElection.java:askForVotes(178)) - 57c86727-38c9-4594-987b-cd5bf82b207d@group-A8E247C16814-LeaderElection99: begin an election at term 1 for -1: [57c86727-38c9-4594-987b-cd5bf82b207d:192.168.151.75:39882], old=null
2019-10-07 23:32:08,423 [57c86727-38c9-4594-987b-cd5bf82b207d@group-A8E247C16814-LeaderElection99] INFO  impl.RoleInfo (RoleInfo.java:shutdownLeaderElection(134)) - 57c86727-38c9-4594-987b-cd5bf82b207d: shutdown LeaderElection
2019-10-07 23:32:08,423 [57c86727-38c9-4594-987b-cd5bf82b207d@group-A8E247C16814-LeaderElection99] INFO  impl.RaftServerImpl (RaftServerImpl.java:setRole(170)) - 57c86727-38c9-4594-987b-cd5bf82b207d@group-A8E247C16814: changes role from CANDIDATE to LEADER at term 1 for changeToLeader
2019-10-07 23:32:08,423 [57c86727-38c9-4594-987b-cd5bf82b207d@group-A8E247C16814-LeaderElection99] INFO  ratis.XceiverServerRatis (XceiverServerRatis.java:handleLeaderChangedNotification(702)) - Leader change notification received for group: group-A8E247C16814 with new leaderId: 57c86727-38c9-4594-987b-cd5bf82b207d
2019-10-07 23:32:08,428 [57c86727-38c9-4594-987b-cd5bf82b207d@group-A8E247C16814-LeaderElection99] INFO  impl.RaftServerImpl (ServerState.java:setLeader(255)) - 57c86727-38c9-4594-987b-cd5bf82b207d@group-A8E247C16814: change Leader from null to 57c86727-38c9-4594-987b-cd5bf82b207d at term 1 for becomeLeader, leader elected after 5217ms
2019-10-07 23:32:08,428 [57c86727-38c9-4594-987b-cd5bf82b207d@group-A8E247C16814-LeaderElection99] INFO  server.RaftServerConfigKeys (ConfUtils.java:logGet(43)) - raft.server.staging.catchup.gap = 1000 (default)
2019-10-07 23:32:08,428 [57c86727-38c9-4594-987b-cd5bf82b207d@group-A8E247C16814-LeaderElection99] INFO  server.RaftServerConfigKeys (ConfUtils.java:logGet(43)) - raft.server.rpc.sleep.time = 25ms (default)
2019-10-07 23:32:08,428 [57c86727-38c9-4594-987b-cd5bf82b207d@group-A8E247C16814-LeaderElection99] INFO  server.RaftServerConfigKeys (ConfUtils.java:logGet(43)) - raft.server.write.element-limit = 4096 (default)
2019-10-07 23:32:08,428 [57c86727-38c9-4594-987b-cd5bf82b207d@group-A8E247C16814-LeaderElection99] INFO  server.RaftServerConfigKeys (ConfUtils.java:logGet(43)) - raft.server.watch.timeout = 10s (default)
2019-10-07 23:32:08,428 [57c86727-38c9-4594-987b-cd5bf82b207d@group-A8E247C16814-LeaderElection99] INFO  server.RaftServerConfigKeys (ConfUtils.java:logGet(43)) - raft.server.watch.timeout.denomination = 1s (default)
2019-10-07 23:32:08,428 [57c86727-38c9-4594-987b-cd5bf82b207d@group-A8E247C16814-LeaderElection99] INFO  server.RaftServerConfigKeys (ConfUtils.java:logGet(43)) - raft.server.watch.element-limit = 65536 (default)
2019-10-07 23:32:08,429 [EventQueue-PipelineReportForPipelineReportHandler] INFO  pipeline.PipelineReportHandler (PipelineReportHandler.java:processPipelineReport(117)) - Pipeline PipelineID=548e339e-dcb3-4bcc-925c-89e1e563b040 reported by 57c86727-38c9-4594-987b-cd5bf82b207d{ip: 192.168.151.75, host: pr-hdds-1868-k864b-3611000933, networkLocation: /default-rack, certSerialId: null} with leaderId 
2019-10-07 23:32:08,429 [EventQueue-PipelineReportForPipelineReportHandler] INFO  pipeline.PipelineStateManager (PipelineStateManager.java:openPipeline(136)) - Pipeline Pipeline[ Id: 548e339e-dcb3-4bcc-925c-89e1e563b040, Nodes: 4fb48f8d-81e9-4f66-86fb-c7726dd48448{ip: 192.168.151.75, host: pr-hdds-1868-k864b-3611000933, networkLocation: /default-rack, certSerialId: null}57c86727-38c9-4594-987b-cd5bf82b207d{ip: 192.168.151.75, host: pr-hdds-1868-k864b-3611000933, networkLocation: /default-rack, certSerialId: null}f6cf535b-0e7e-49fb-ad18-0fd5e9f0c404{ip: 192.168.151.75, host: pr-hdds-1868-k864b-3611000933, networkLocation: /default-rack, certSerialId: null}, Type:RATIS, Factor:THREE, State:OPEN] moved to OPEN state
2019-10-07 23:32:08,429 [EventQueue-PipelineReportForPipelineReportHandler] INFO  pipeline.PipelineReportHandler (PipelineReportHandler.java:processPipelineReport(117)) - Pipeline PipelineID=0fb47c38-99e0-47d0-b2cc-a8e247c16814 reported by 57c86727-38c9-4594-987b-cd5bf82b207d{ip: 192.168.151.75, host: pr-hdds-1868-k864b-3611000933, networkLocation: /default-rack, certSerialId: null} with leaderId 57c86727-38c9-4594-987b-cd5bf82b207d
2019-10-07 23:32:08,429 [EventQueue-PipelineReportForPipelineReportHandler] INFO  pipeline.PipelineStateManager (PipelineStateManager.java:openPipeline(136)) - Pipeline Pipeline[ Id: 0fb47c38-99e0-47d0-b2cc-a8e247c16814, Nodes: 57c86727-38c9-4594-987b-cd5bf82b207d{ip: 192.168.151.75, host: pr-hdds-1868-k864b-3611000933, networkLocation: /default-rack, certSerialId: null}, Type:RATIS, Factor:ONE, State:OPEN] moved to OPEN state
2019-10-07 23:32:08,430 [57c86727-38c9-4594-987b-cd5bf82b207d@group-A8E247C16814-LeaderElection99] INFO  impl.RoleInfo (RoleInfo.java:updateAndGet(143)) - 57c86727-38c9-4594-987b-cd5bf82b207d: start LeaderState
2019-10-07 23:32:08,431 [57c86727-38c9-4594-987b-cd5bf82b207d@group-A8E247C16814-LeaderElection99] INFO  segmented.SegmentedRaftLogWorker (SegmentedRaftLogWorker.java:startLogSegment(385)) - 57c86727-38c9-4594-987b-cd5bf82b207d@group-A8E247C16814-SegmentedRaftLogWorker: Starting segment from index:0
2019-10-07 23:32:08,431 [57c86727-38c9-4594-987b-cd5bf82b207d@group-A8E247C16814-LeaderElection99] INFO  impl.RaftServerImpl (ServerState.java:setRaftConf(356)) - 57c86727-38c9-4594-987b-cd5bf82b207d@group-A8E247C16814: set configuration 0: [57c86727-38c9-4594-987b-cd5bf82b207d:192.168.151.75:39882], old=null at 0
2019-10-07 23:32:08,474 [57c86727-38c9-4594-987b-cd5bf82b207d@group-A8E247C16814-SegmentedRaftLogWorker] INFO  segmented.SegmentedRaftLogWorker (SegmentedRaftLogWorker.java:execute(576)) - 57c86727-38c9-4594-987b-cd5bf82b207d@group-A8E247C16814-SegmentedRaftLogWorker: created new log segment /workdir/hadoop-ozone/integration-test/target/test-dir/MiniOzoneClusterImpl-352333b8-4a53-463e-b611-0484fc381049/datanode-1/data/ratis/0fb47c38-99e0-47d0-b2cc-a8e247c16814/current/log_inprogress_0
2019-10-07 23:32:08,478 [main] INFO  ozone.MiniOzoneClusterImpl (MiniOzoneClusterImpl.java:lambda$waitForClusterToBeReady$2(164)) - Waiting for 2 number of pipelines out of 9, to report a leader.
2019-10-07 23:32:08,497 [Thread-2624] INFO  impl.FollowerState (FollowerState.java:run(108)) - 4fb48f8d-81e9-4f66-86fb-c7726dd48448@group-89E1E563B040-FollowerState: change to CANDIDATE, lastRpcTime:5148ms, electionTimeout:5108ms
2019-10-07 23:32:08,498 [Thread-2624] INFO  impl.RoleInfo (RoleInfo.java:shutdownFollowerState(121)) - 4fb48f8d-81e9-4f66-86fb-c7726dd48448: shutdown FollowerState
2019-10-07 23:32:08,498 [Thread-2624] INFO  impl.RaftServerImpl (RaftServerImpl.java:setRole(170)) - 4fb48f8d-81e9-4f66-86fb-c7726dd48448@group-89E1E563B040: changes role from  FOLLOWER to CANDIDATE at term 0 for changeToCandidate
2019-10-07 23:32:08,498 [Thread-2624] INFO  impl.RoleInfo (RoleInfo.java:updateAndGet(143)) - 4fb48f8d-81e9-4f66-86fb-c7726dd48448: start LeaderElection
2019-10-07 23:32:08,509 [Thread-2621] INFO  impl.FollowerState (FollowerState.java:run(108)) - 57c86727-38c9-4594-987b-cd5bf82b207d@group-89E1E563B040-FollowerState: change to CANDIDATE, lastRpcTime:5165ms, electionTimeout:5157ms
2019-10-07 23:32:08,509 [Thread-2621] INFO  impl.RoleInfo (RoleInfo.java:shutdownFollowerState(121)) - 57c86727-38c9-4594-987b-cd5bf82b207d: shutdown FollowerState
2019-10-07 23:32:08,509 [Thread-2621] INFO  impl.RaftServerImpl (RaftServerImpl.java:setRole(170)) - 57c86727-38c9-4594-987b-cd5bf82b207d@group-89E1E563B040: changes role from  FOLLOWER to CANDIDATE at term 0 for changeToCandidate
2019-10-07 23:32:08,509 [Thread-2621] INFO  impl.RoleInfo (RoleInfo.java:updateAndGet(143)) - 57c86727-38c9-4594-987b-cd5bf82b207d: start LeaderElection
2019-10-07 23:32:08,544 [4fb48f8d-81e9-4f66-86fb-c7726dd48448@group-89E1E563B040-LeaderElection100] INFO  impl.LeaderElection (LeaderElection.java:askForVotes(178)) - 4fb48f8d-81e9-4f66-86fb-c7726dd48448@group-89E1E563B040-LeaderElection100: begin an election at term 1 for -1: [f6cf535b-0e7e-49fb-ad18-0fd5e9f0c404:192.168.151.75:37994, 4fb48f8d-81e9-4f66-86fb-c7726dd48448:192.168.151.75:34336, 57c86727-38c9-4594-987b-cd5bf82b207d:192.168.151.75:39882], old=null
2019-10-07 23:32:08,556 [57c86727-38c9-4594-987b-cd5bf82b207d@group-89E1E563B040-LeaderElection101] INFO  impl.LeaderElection (LeaderElection.java:askForVotes(178)) - 57c86727-38c9-4594-987b-cd5bf82b207d@group-89E1E563B040-LeaderElection101: begin an election at term 1 for -1: [f6cf535b-0e7e-49fb-ad18-0fd5e9f0c404:192.168.151.75:37994, 4fb48f8d-81e9-4f66-86fb-c7726dd48448:192.168.151.75:34336, 57c86727-38c9-4594-987b-cd5bf82b207d:192.168.151.75:39882], old=null
2019-10-07 23:32:08,572 [Thread-2625] INFO  impl.FollowerState (FollowerState.java:run(108)) - f6cf535b-0e7e-49fb-ad18-0fd5e9f0c404@group-89E1E563B040-FollowerState: change to CANDIDATE, lastRpcTime:5182ms, electionTimeout:5182ms
2019-10-07 23:32:08,572 [Thread-2625] INFO  impl.RoleInfo (RoleInfo.java:shutdownFollowerState(121)) - f6cf535b-0e7e-49fb-ad18-0fd5e9f0c404: shutdown FollowerState
2019-10-07 23:32:08,572 [Thread-2625] INFO  impl.RaftServerImpl (RaftServerImpl.java:setRole(170)) - f6cf535b-0e7e-49fb-ad18-0fd5e9f0c404@group-89E1E563B040: changes role from  FOLLOWER to CANDIDATE at term 0 for changeToCandidate
2019-10-07 23:32:08,578 [Thread-2642] INFO  impl.FollowerState (FollowerState.java:run(108)) - e117b867-d4bf-4f16-8fb0-9fc7cd76fe51@group-2F85CB62C16C-FollowerState: change to CANDIDATE, lastRpcTime:5009ms, electionTimeout:5009ms
2019-10-07 23:32:08,578 [Thread-2642] INFO  impl.RoleInfo (RoleInfo.java:shutdownFollowerState(121)) - e117b867-d4bf-4f16-8fb0-9fc7cd76fe51: shutdown FollowerState
2019-10-07 23:32:08,579 [Thread-2642] INFO  impl.RaftServerImpl (RaftServerImpl.java:setRole(170)) - e117b867-d4bf-4f16-8fb0-9fc7cd76fe51@group-2F85CB62C16C: changes role from  FOLLOWER to CANDIDATE at term 0 for changeToCandidate
2019-10-07 23:32:08,593 [Thread-2637] INFO  impl.FollowerState (FollowerState.java:run(108)) - c5ad0c37-429e-4687-981a-4ed62e267729@group-2F85CB62C16C-FollowerState: change to CANDIDATE, lastRpcTime:5030ms, electionTimeout:5030ms
2019-10-07 23:32:08,594 [Thread-2637] INFO  impl.RoleInfo (RoleInfo.java:shutdownFollowerState(121)) - c5ad0c37-429e-4687-981a-4ed62e267729: shutdown FollowerState
2019-10-07 23:32:08,594 [Thread-2637] INFO  impl.RaftServerImpl (RaftServerImpl.java:setRole(170)) - c5ad0c37-429e-4687-981a-4ed62e267729@group-2F85CB62C16C: changes role from  FOLLOWER to CANDIDATE at term 0 for changeToCandidate
2019-10-07 23:32:08,612 [Thread-2631] INFO  impl.FollowerState (FollowerState.java:run(108)) - 419a2258-246e-4ffa-9dbd-67c7614db87a@group-B22C0B1C813F-FollowerState: change to CANDIDATE, lastRpcTime:5141ms, electionTimeout:5141ms
2019-10-07 23:32:08,612 [Thread-2631] INFO  impl.RoleInfo (RoleInfo.java:shutdownFollowerState(121)) - 419a2258-246e-4ffa-9dbd-67c7614db87a: shutdown FollowerState
2019-10-07 23:32:08,612 [Thread-2631] INFO  impl.RaftServerImpl (RaftServerImpl.java:setRole(170)) - 419a2258-246e-4ffa-9dbd-67c7614db87a@group-B22C0B1C813F: changes role from  FOLLOWER to CANDIDATE at term 0 for changeToCandidate
2019-10-07 23:32:08,619 [Thread-2631] INFO  impl.RoleInfo (RoleInfo.java:updateAndGet(143)) - 419a2258-246e-4ffa-9dbd-67c7614db87a: start LeaderElection
2019-10-07 23:32:08,619 [Thread-2637] INFO  impl.RoleInfo (RoleInfo.java:updateAndGet(143)) - c5ad0c37-429e-4687-981a-4ed62e267729: start LeaderElection
2019-10-07 23:32:08,619 [Thread-2625] INFO  impl.RoleInfo (RoleInfo.java:updateAndGet(143)) - f6cf535b-0e7e-49fb-ad18-0fd5e9f0c404: start LeaderElection
2019-10-07 23:32:08,619 [Thread-2642] INFO  impl.RoleInfo (RoleInfo.java:updateAndGet(143)) - e117b867-d4bf-4f16-8fb0-9fc7cd76fe51: start LeaderElection
2019-10-07 23:32:08,651 [419a2258-246e-4ffa-9dbd-67c7614db87a@group-B22C0B1C813F-LeaderElection105] INFO  impl.LeaderElection (LeaderElection.java:askForVotes(178)) - 419a2258-246e-4ffa-9dbd-67c7614db87a@group-B22C0B1C813F-LeaderElection105: begin an election at term 1 for -1: [419a2258-246e-4ffa-9dbd-67c7614db87a:192.168.151.75:44520], old=null
2019-10-07 23:32:08,651 [e117b867-d4bf-4f16-8fb0-9fc7cd76fe51@group-2F85CB62C16C-LeaderElection103] INFO  impl.LeaderElection (LeaderElection.java:askForVotes(178)) - e117b867-d4bf-4f16-8fb0-9fc7cd76fe51@group-2F85CB62C16C-LeaderElection103: begin an election at term 1 for -1: [c5ad0c37-429e-4687-981a-4ed62e267729:192.168.151.75:35930, 419a2258-246e-4ffa-9dbd-67c7614db87a:192.168.151.75:44520, e117b867-d4bf-4f16-8fb0-9fc7cd76fe51:192.168.151.75:34188], old=null
2019-10-07 23:32:08,651 [c5ad0c37-429e-4687-981a-4ed62e267729@group-2F85CB62C16C-LeaderElection104] INFO  impl.LeaderElection (LeaderElection.java:askForVotes(178)) - c5ad0c37-429e-4687-981a-4ed62e267729@group-2F85CB62C16C-LeaderElection104: begin an election at term 1 for -1: [c5ad0c37-429e-4687-981a-4ed62e267729:192.168.151.75:35930, 419a2258-246e-4ffa-9dbd-67c7614db87a:192.168.151.75:44520, e117b867-d4bf-4f16-8fb0-9fc7cd76fe51:192.168.151.75:34188], old=null
2019-10-07 23:32:08,651 [f6cf535b-0e7e-49fb-ad18-0fd5e9f0c404@group-89E1E563B040-LeaderElection102] INFO  impl.LeaderElection (LeaderElection.java:askForVotes(178)) - f6cf535b-0e7e-49fb-ad18-0fd5e9f0c404@group-89E1E563B040-LeaderElection102: begin an election at term 1 for -1: [f6cf535b-0e7e-49fb-ad18-0fd5e9f0c404:192.168.151.75:37994, 4fb48f8d-81e9-4f66-86fb-c7726dd48448:192.168.151.75:34336, 57c86727-38c9-4594-987b-cd5bf82b207d:192.168.151.75:39882], old=null
2019-10-07 23:32:08,655 [419a2258-246e-4ffa-9dbd-67c7614db87a@group-B22C0B1C813F-LeaderElection105] INFO  impl.RoleInfo (RoleInfo.java:shutdownLeaderElection(134)) - 419a2258-246e-4ffa-9dbd-67c7614db87a: shutdown LeaderElection
2019-10-07 23:32:08,655 [57c86727-38c9-4594-987b-cd5bf82b207d@group-89E1E563B040-LeaderElection101] INFO  impl.LeaderElection (LeaderElection.java:logAndReturn(56)) - 57c86727-38c9-4594-987b-cd5bf82b207d@group-89E1E563B040-LeaderElection101: Election REJECTED; received 2 response(s) [57c86727-38c9-4594-987b-cd5bf82b207d<-f6cf535b-0e7e-49fb-ad18-0fd5e9f0c404#0:FAIL-t1, 57c86727-38c9-4594-987b-cd5bf82b207d<-4fb48f8d-81e9-4f66-86fb-c7726dd48448#0:FAIL-t1] and 0 exception(s); 57c86727-38c9-4594-987b-cd5bf82b207d@group-89E1E563B040:t1, leader=null, voted=57c86727-38c9-4594-987b-cd5bf82b207d, raftlog=57c86727-38c9-4594-987b-cd5bf82b207d@group-89E1E563B040-SegmentedRaftLog:OPENED:c-1,f-1,i0, conf=-1: [f6cf535b-0e7e-49fb-ad18-0fd5e9f0c404:192.168.151.75:37994, 4fb48f8d-81e9-4f66-86fb-c7726dd48448:192.168.151.75:34336, 57c86727-38c9-4594-987b-cd5bf82b207d:192.168.151.75:39882], old=null
2019-10-07 23:32:08,655 [4fb48f8d-81e9-4f66-86fb-c7726dd48448@group-89E1E563B040-LeaderElection100] INFO  impl.LeaderElection (LeaderElection.java:logAndReturn(56)) - 4fb48f8d-81e9-4f66-86fb-c7726dd48448@group-89E1E563B040-LeaderElection100: Election REJECTED; received 2 response(s) [4fb48f8d-81e9-4f66-86fb-c7726dd48448<-f6cf535b-0e7e-49fb-ad18-0fd5e9f0c404#0:FAIL-t1, 4fb48f8d-81e9-4f66-86fb-c7726dd48448<-57c86727-38c9-4594-987b-cd5bf82b207d#0:FAIL-t1] and 0 exception(s); 4fb48f8d-81e9-4f66-86fb-c7726dd48448@group-89E1E563B040:t1, leader=null, voted=4fb48f8d-81e9-4f66-86fb-c7726dd48448, raftlog=4fb48f8d-81e9-4f66-86fb-c7726dd48448@group-89E1E563B040-SegmentedRaftLog:OPENED:c-1,f-1,i0, conf=-1: [f6cf535b-0e7e-49fb-ad18-0fd5e9f0c404:192.168.151.75:37994, 4fb48f8d-81e9-4f66-86fb-c7726dd48448:192.168.151.75:34336, 57c86727-38c9-4594-987b-cd5bf82b207d:192.168.151.75:39882], old=null
2019-10-07 23:32:08,655 [419a2258-246e-4ffa-9dbd-67c7614db87a@group-B22C0B1C813F-LeaderElection105] INFO  impl.RaftServerImpl (RaftServerImpl.java:setRole(170)) - 419a2258-246e-4ffa-9dbd-67c7614db87a@group-B22C0B1C813F: changes role from CANDIDATE to LEADER at term 1 for changeToLeader
2019-10-07 23:32:08,656 [419a2258-246e-4ffa-9dbd-67c7614db87a@group-B22C0B1C813F-LeaderElection105] INFO  ratis.XceiverServerRatis (XceiverServerRatis.java:handleLeaderChangedNotification(702)) - Leader change notification received for group: group-B22C0B1C813F with new leaderId: 419a2258-246e-4ffa-9dbd-67c7614db87a
2019-10-07 23:32:08,660 [419a2258-246e-4ffa-9dbd-67c7614db87a@group-B22C0B1C813F-LeaderElection105] INFO  impl.RaftServerImpl (ServerState.java:setLeader(255)) - 419a2258-246e-4ffa-9dbd-67c7614db87a@group-B22C0B1C813F: change Leader from null to 419a2258-246e-4ffa-9dbd-67c7614db87a at term 1 for becomeLeader, leader elected after 5191ms
2019-10-07 23:32:08,660 [4fb48f8d-81e9-4f66-86fb-c7726dd48448@group-89E1E563B040-LeaderElection100] INFO  impl.RaftServerImpl (RaftServerImpl.java:setRole(170)) - 4fb48f8d-81e9-4f66-86fb-c7726dd48448@group-89E1E563B040: changes role from CANDIDATE to FOLLOWER at term 1 for DISCOVERED_A_NEW_TERM
2019-10-07 23:32:08,660 [57c86727-38c9-4594-987b-cd5bf82b207d@group-89E1E563B040-LeaderElection101] INFO  impl.RaftServerImpl (RaftServerImpl.java:setRole(170)) - 57c86727-38c9-4594-987b-cd5bf82b207d@group-89E1E563B040: changes role from CANDIDATE to FOLLOWER at term 1 for DISCOVERED_A_NEW_TERM
2019-10-07 23:32:08,660 [4fb48f8d-81e9-4f66-86fb-c7726dd48448@group-89E1E563B040-LeaderElection100] INFO  impl.RoleInfo (RoleInfo.java:shutdownLeaderElection(134)) - 4fb48f8d-81e9-4f66-86fb-c7726dd48448: shutdown LeaderElection
2019-10-07 23:32:08,660 [419a2258-246e-4ffa-9dbd-67c7614db87a@group-B22C0B1C813F-LeaderElection105] INFO  server.RaftServerConfigKeys (ConfUtils.java:logGet(43)) - raft.server.staging.catchup.gap = 1000 (default)
2019-10-07 23:32:08,660 [4fb48f8d-81e9-4f66-86fb-c7726dd48448@group-89E1E563B040-LeaderElection100] INFO  impl.RoleInfo (RoleInfo.java:updateAndGet(143)) - 4fb48f8d-81e9-4f66-86fb-c7726dd48448: start FollowerState
2019-10-07 23:32:08,660 [57c86727-38c9-4594-987b-cd5bf82b207d@group-89E1E563B040-LeaderElection101] INFO  impl.RoleInfo (RoleInfo.java:shutdownLeaderElection(134)) - 57c86727-38c9-4594-987b-cd5bf82b207d: shutdown LeaderElection
2019-10-07 23:32:08,660 [419a2258-246e-4ffa-9dbd-67c7614db87a@group-B22C0B1C813F-LeaderElection105] INFO  server.RaftServerConfigKeys (ConfUtils.java:logGet(43)) - raft.server.rpc.sleep.time = 25ms (default)
2019-10-07 23:32:08,661 [57c86727-38c9-4594-987b-cd5bf82b207d@group-89E1E563B040-LeaderElection101] INFO  impl.RoleInfo (RoleInfo.java:updateAndGet(143)) - 57c86727-38c9-4594-987b-cd5bf82b207d: start FollowerState
2019-10-07 23:32:08,661 [EventQueue-PipelineReportForPipelineReportHandler] INFO  pipeline.PipelineReportHandler (PipelineReportHandler.java:processPipelineReport(117)) - Pipeline PipelineID=ec5c22ab-6822-4b4d-8924-b22c0b1c813f reported by 419a2258-246e-4ffa-9dbd-67c7614db87a{ip: 192.168.151.75, host: pr-hdds-1868-k864b-3611000933, networkLocation: /default-rack, certSerialId: null} with leaderId 419a2258-246e-4ffa-9dbd-67c7614db87a
2019-10-07 23:32:08,661 [419a2258-246e-4ffa-9dbd-67c7614db87a@group-B22C0B1C813F-LeaderElection105] INFO  server.RaftServerConfigKeys (ConfUtils.java:logGet(43)) - raft.server.write.element-limit = 4096 (default)
2019-10-07 23:32:08,661 [419a2258-246e-4ffa-9dbd-67c7614db87a@group-B22C0B1C813F-LeaderElection105] INFO  server.RaftServerConfigKeys (ConfUtils.java:logGet(43)) - raft.server.watch.timeout = 10s (default)
2019-10-07 23:32:08,661 [EventQueue-PipelineReportForPipelineReportHandler] INFO  pipeline.PipelineStateManager (PipelineStateManager.java:openPipeline(136)) - Pipeline Pipeline[ Id: ec5c22ab-6822-4b4d-8924-b22c0b1c813f, Nodes: 419a2258-246e-4ffa-9dbd-67c7614db87a{ip: 192.168.151.75, host: pr-hdds-1868-k864b-3611000933, networkLocation: /default-rack, certSerialId: null}, Type:RATIS, Factor:ONE, State:OPEN] moved to OPEN state
2019-10-07 23:32:08,661 [419a2258-246e-4ffa-9dbd-67c7614db87a@group-B22C0B1C813F-LeaderElection105] INFO  server.RaftServerConfigKeys (ConfUtils.java:logGet(43)) - raft.server.watch.timeout.denomination = 1s (default)
2019-10-07 23:32:08,662 [EventQueue-PipelineReportForPipelineReportHandler] INFO  pipeline.PipelineReportHandler (PipelineReportHandler.java:processPipelineReport(117)) - Pipeline PipelineID=812e04b6-5906-41aa-b317-2f85cb62c16c reported by 419a2258-246e-4ffa-9dbd-67c7614db87a{ip: 192.168.151.75, host: pr-hdds-1868-k864b-3611000933, networkLocation: /default-rack, certSerialId: null} with leaderId 
2019-10-07 23:32:08,662 [419a2258-246e-4ffa-9dbd-67c7614db87a@group-B22C0B1C813F-LeaderElection105] INFO  server.RaftServerConfigKeys (ConfUtils.java:logGet(43)) - raft.server.watch.element-limit = 65536 (default)
2019-10-07 23:32:08,662 [EventQueue-PipelineReportForPipelineReportHandler] INFO  pipeline.PipelineStateManager (PipelineStateManager.java:openPipeline(136)) - Pipeline Pipeline[ Id: 812e04b6-5906-41aa-b317-2f85cb62c16c, Nodes: c5ad0c37-429e-4687-981a-4ed62e267729{ip: 192.168.151.75, host: pr-hdds-1868-k864b-3611000933, networkLocation: /default-rack, certSerialId: null}e117b867-d4bf-4f16-8fb0-9fc7cd76fe51{ip: 192.168.151.75, host: pr-hdds-1868-k864b-3611000933, networkLocation: /default-rack, certSerialId: null}419a2258-246e-4ffa-9dbd-67c7614db87a{ip: 192.168.151.75, host: pr-hdds-1868-k864b-3611000933, networkLocation: /default-rack, certSerialId: null}, Type:RATIS, Factor:THREE, State:OPEN] moved to OPEN state
2019-10-07 23:32:08,666 [grpc-default-executor-2] INFO  impl.RaftServerImpl (RaftServerImpl.java:setRole(170)) - 419a2258-246e-4ffa-9dbd-67c7614db87a@group-2F85CB62C16C: changes role from  FOLLOWER to FOLLOWER at term 1 for recognizeCandidate:e117b867-d4bf-4f16-8fb0-9fc7cd76fe51
2019-10-07 23:32:08,666 [grpc-default-executor-2] INFO  impl.RoleInfo (RoleInfo.java:shutdownFollowerState(121)) - 419a2258-246e-4ffa-9dbd-67c7614db87a: shutdown FollowerState
2019-10-07 23:32:08,670 [grpc-default-executor-2] INFO  impl.RoleInfo (RoleInfo.java:updateAndGet(143)) - 419a2258-246e-4ffa-9dbd-67c7614db87a: start FollowerState
2019-10-07 23:32:08,670 [Thread-2641] INFO  impl.FollowerState (FollowerState.java:run(117)) - 419a2258-246e-4ffa-9dbd-67c7614db87a@group-2F85CB62C16C-FollowerState was interrupted: java.lang.InterruptedException: sleep interrupted
2019-10-07 23:32:08,673 [419a2258-246e-4ffa-9dbd-67c7614db87a@group-B22C0B1C813F-LeaderElection105] INFO  impl.RoleInfo (RoleInfo.java:updateAndGet(143)) - 419a2258-246e-4ffa-9dbd-67c7614db87a: start LeaderState
2019-10-07 23:32:08,673 [419a2258-246e-4ffa-9dbd-67c7614db87a@group-B22C0B1C813F-LeaderElection105] INFO  segmented.SegmentedRaftLogWorker (SegmentedRaftLogWorker.java:startLogSegment(385)) - 419a2258-246e-4ffa-9dbd-67c7614db87a@group-B22C0B1C813F-SegmentedRaftLogWorker: Starting segment from index:0
2019-10-07 23:32:08,674 [419a2258-246e-4ffa-9dbd-67c7614db87a@group-B22C0B1C813F-LeaderElection105] INFO  impl.RaftServerImpl (ServerState.java:setRaftConf(356)) - 419a2258-246e-4ffa-9dbd-67c7614db87a@group-B22C0B1C813F: set configuration 0: [419a2258-246e-4ffa-9dbd-67c7614db87a:192.168.151.75:44520], old=null at 0
2019-10-07 23:32:08,714 [f6cf535b-0e7e-49fb-ad18-0fd5e9f0c404@group-89E1E563B040-LeaderElection102] INFO  impl.LeaderElection (LeaderElection.java:logAndReturn(56)) - f6cf535b-0e7e-49fb-ad18-0fd5e9f0c404@group-89E1E563B040-LeaderElection102: Election REJECTED; received 2 response(s) [f6cf535b-0e7e-49fb-ad18-0fd5e9f0c404<-4fb48f8d-81e9-4f66-86fb-c7726dd48448#0:FAIL-t1, f6cf535b-0e7e-49fb-ad18-0fd5e9f0c404<-57c86727-38c9-4594-987b-cd5bf82b207d#0:FAIL-t1] and 0 exception(s); f6cf535b-0e7e-49fb-ad18-0fd5e9f0c404@group-89E1E563B040:t1, leader=null, voted=f6cf535b-0e7e-49fb-ad18-0fd5e9f0c404, raftlog=f6cf535b-0e7e-49fb-ad18-0fd5e9f0c404@group-89E1E563B040-SegmentedRaftLog:OPENED:c-1,f-1,i0, conf=-1: [f6cf535b-0e7e-49fb-ad18-0fd5e9f0c404:192.168.151.75:37994, 4fb48f8d-81e9-4f66-86fb-c7726dd48448:192.168.151.75:34336, 57c86727-38c9-4594-987b-cd5bf82b207d:192.168.151.75:39882], old=null
2019-10-07 23:32:08,714 [c5ad0c37-429e-4687-981a-4ed62e267729@group-2F85CB62C16C-LeaderElection104] INFO  impl.LeaderElection (LeaderElection.java:logAndReturn(56)) - c5ad0c37-429e-4687-981a-4ed62e267729@group-2F85CB62C16C-LeaderElection104: Election REJECTED; received 2 response(s) [c5ad0c37-429e-4687-981a-4ed62e267729<-419a2258-246e-4ffa-9dbd-67c7614db87a#0:FAIL-t1, c5ad0c37-429e-4687-981a-4ed62e267729<-e117b867-d4bf-4f16-8fb0-9fc7cd76fe51#0:FAIL-t1] and 0 exception(s); c5ad0c37-429e-4687-981a-4ed62e267729@group-2F85CB62C16C:t1, leader=null, voted=c5ad0c37-429e-4687-981a-4ed62e267729, raftlog=c5ad0c37-429e-4687-981a-4ed62e267729@group-2F85CB62C16C-SegmentedRaftLog:OPENED:c-1,f-1,i0, conf=-1: [c5ad0c37-429e-4687-981a-4ed62e267729:192.168.151.75:35930, 419a2258-246e-4ffa-9dbd-67c7614db87a:192.168.151.75:44520, e117b867-d4bf-4f16-8fb0-9fc7cd76fe51:192.168.151.75:34188], old=null
2019-10-07 23:32:08,714 [f6cf535b-0e7e-49fb-ad18-0fd5e9f0c404@group-89E1E563B040-LeaderElection102] INFO  impl.RaftServerImpl (RaftServerImpl.java:setRole(170)) - f6cf535b-0e7e-49fb-ad18-0fd5e9f0c404@group-89E1E563B040: changes role from CANDIDATE to FOLLOWER at term 1 for DISCOVERED_A_NEW_TERM
2019-10-07 23:32:08,714 [c5ad0c37-429e-4687-981a-4ed62e267729@group-2F85CB62C16C-LeaderElection104] INFO  impl.RaftServerImpl (RaftServerImpl.java:setRole(170)) - c5ad0c37-429e-4687-981a-4ed62e267729@group-2F85CB62C16C: changes role from CANDIDATE to FOLLOWER at term 1 for DISCOVERED_A_NEW_TERM
2019-10-07 23:32:08,715 [e117b867-d4bf-4f16-8fb0-9fc7cd76fe51@group-2F85CB62C16C-LeaderElection103] INFO  impl.LeaderElection (LeaderElection.java:logAndReturn(56)) - e117b867-d4bf-4f16-8fb0-9fc7cd76fe51@group-2F85CB62C16C-LeaderElection103: Election PASSED; received 2 response(s) [e117b867-d4bf-4f16-8fb0-9fc7cd76fe51<-c5ad0c37-429e-4687-981a-4ed62e267729#0:FAIL-t1, e117b867-d4bf-4f16-8fb0-9fc7cd76fe51<-419a2258-246e-4ffa-9dbd-67c7614db87a#0:OK-t1] and 0 exception(s); e117b867-d4bf-4f16-8fb0-9fc7cd76fe51@group-2F85CB62C16C:t1, leader=null, voted=e117b867-d4bf-4f16-8fb0-9fc7cd76fe51, raftlog=e117b867-d4bf-4f16-8fb0-9fc7cd76fe51@group-2F85CB62C16C-SegmentedRaftLog:OPENED:c-1,f-1,i0, conf=-1: [c5ad0c37-429e-4687-981a-4ed62e267729:192.168.151.75:35930, 419a2258-246e-4ffa-9dbd-67c7614db87a:192.168.151.75:44520, e117b867-d4bf-4f16-8fb0-9fc7cd76fe51:192.168.151.75:34188], old=null
2019-10-07 23:32:08,715 [f6cf535b-0e7e-49fb-ad18-0fd5e9f0c404@group-89E1E563B040-LeaderElection102] INFO  impl.RoleInfo (RoleInfo.java:shutdownLeaderElection(134)) - f6cf535b-0e7e-49fb-ad18-0fd5e9f0c404: shutdown LeaderElection
2019-10-07 23:32:08,715 [e117b867-d4bf-4f16-8fb0-9fc7cd76fe51@group-2F85CB62C16C-LeaderElection103] INFO  impl.RoleInfo (RoleInfo.java:shutdownLeaderElection(134)) - e117b867-d4bf-4f16-8fb0-9fc7cd76fe51: shutdown LeaderElection
2019-10-07 23:32:08,715 [c5ad0c37-429e-4687-981a-4ed62e267729@group-2F85CB62C16C-LeaderElection104] INFO  impl.RoleInfo (RoleInfo.java:shutdownLeaderElection(134)) - c5ad0c37-429e-4687-981a-4ed62e267729: shutdown LeaderElection
2019-10-07 23:32:08,715 [e117b867-d4bf-4f16-8fb0-9fc7cd76fe51@group-2F85CB62C16C-LeaderElection103] INFO  impl.RaftServerImpl (RaftServerImpl.java:setRole(170)) - e117b867-d4bf-4f16-8fb0-9fc7cd76fe51@group-2F85CB62C16C: changes role from CANDIDATE to LEADER at term 1 for changeToLeader
2019-10-07 23:32:08,715 [f6cf535b-0e7e-49fb-ad18-0fd5e9f0c404@group-89E1E563B040-LeaderElection102] INFO  impl.RoleInfo (RoleInfo.java:updateAndGet(143)) - f6cf535b-0e7e-49fb-ad18-0fd5e9f0c404: start FollowerState
2019-10-07 23:32:08,715 [e117b867-d4bf-4f16-8fb0-9fc7cd76fe51@group-2F85CB62C16C-LeaderElection103] INFO  ratis.XceiverServerRatis (XceiverServerRatis.java:handleLeaderChangedNotification(702)) - Leader change notification received for group: group-2F85CB62C16C with new leaderId: e117b867-d4bf-4f16-8fb0-9fc7cd76fe51
2019-10-07 23:32:08,715 [c5ad0c37-429e-4687-981a-4ed62e267729@group-2F85CB62C16C-LeaderElection104] INFO  impl.RoleInfo (RoleInfo.java:updateAndGet(143)) - c5ad0c37-429e-4687-981a-4ed62e267729: start FollowerState
2019-10-07 23:32:08,716 [e117b867-d4bf-4f16-8fb0-9fc7cd76fe51@group-2F85CB62C16C-LeaderElection103] INFO  impl.RaftServerImpl (ServerState.java:setLeader(255)) - e117b867-d4bf-4f16-8fb0-9fc7cd76fe51@group-2F85CB62C16C: change Leader from null to e117b867-d4bf-4f16-8fb0-9fc7cd76fe51 at term 1 for becomeLeader, leader elected after 5160ms
2019-10-07 23:32:08,716 [e117b867-d4bf-4f16-8fb0-9fc7cd76fe51@group-2F85CB62C16C-LeaderElection103] INFO  server.RaftServerConfigKeys (ConfUtils.java:logGet(43)) - raft.server.staging.catchup.gap = 1000 (default)
2019-10-07 23:32:08,716 [e117b867-d4bf-4f16-8fb0-9fc7cd76fe51@group-2F85CB62C16C-LeaderElection103] INFO  server.RaftServerConfigKeys (ConfUtils.java:logGet(43)) - raft.server.rpc.sleep.time = 25ms (default)
2019-10-07 23:32:08,716 [e117b867-d4bf-4f16-8fb0-9fc7cd76fe51@group-2F85CB62C16C-LeaderElection103] INFO  server.RaftServerConfigKeys (ConfUtils.java:logGet(43)) - raft.server.write.element-limit = 4096 (default)
2019-10-07 23:32:08,716 [e117b867-d4bf-4f16-8fb0-9fc7cd76fe51@group-2F85CB62C16C-LeaderElection103] INFO  server.RaftServerConfigKeys (ConfUtils.java:logGet(43)) - raft.server.watch.timeout = 10s (default)
2019-10-07 23:32:08,716 [e117b867-d4bf-4f16-8fb0-9fc7cd76fe51@group-2F85CB62C16C-LeaderElection103] INFO  server.RaftServerConfigKeys (ConfUtils.java:logGet(43)) - raft.server.watch.timeout.denomination = 1s (default)
2019-10-07 23:32:08,717 [e117b867-d4bf-4f16-8fb0-9fc7cd76fe51@group-2F85CB62C16C-LeaderElection103] INFO  server.RaftServerConfigKeys (ConfUtils.java:logGet(43)) - raft.server.watch.element-limit = 65536 (default)
2019-10-07 23:32:08,719 [e117b867-d4bf-4f16-8fb0-9fc7cd76fe51@group-2F85CB62C16C-LeaderElection103] INFO  server.RaftServerConfigKeys (ConfUtils.java:logGet(43)) - raft.server.log.appender.snapshot.chunk.size.max = 16MB (=16777216) (default)
2019-10-07 23:32:08,719 [e117b867-d4bf-4f16-8fb0-9fc7cd76fe51@group-2F85CB62C16C-LeaderElection103] INFO  server.RaftServerConfigKeys (ConfUtils.java:logGet(43)) - raft.server.log.appender.buffer.byte-limit = 33554432 (custom)
2019-10-07 23:32:08,719 [e117b867-d4bf-4f16-8fb0-9fc7cd76fe51@group-2F85CB62C16C-LeaderElection103] INFO  server.RaftServerConfigKeys (ConfUtils.java:logGet(43)) - raft.server.log.appender.buffer.element-limit = 1 (custom)
2019-10-07 23:32:08,720 [e117b867-d4bf-4f16-8fb0-9fc7cd76fe51@group-2F85CB62C16C-LeaderElection103] INFO  grpc.GrpcConfigKeys$Server (ConfUtils.java:logGet(43)) - raft.grpc.server.leader.outstanding.appends.max = 128 (default)
2019-10-07 23:32:08,720 [e117b867-d4bf-4f16-8fb0-9fc7cd76fe51@group-2F85CB62C16C-LeaderElection103] INFO  server.RaftServerConfigKeys (ConfUtils.java:logGet(43)) - raft.server.rpc.request.timeout = 3000ms (default)
2019-10-07 23:32:08,720 [e117b867-d4bf-4f16-8fb0-9fc7cd76fe51@group-2F85CB62C16C-LeaderElection103] INFO  server.RaftServerConfigKeys (ConfUtils.java:logGet(43)) - raft.server.log.appender.install.snapshot.enabled = false (custom)
2019-10-07 23:32:08,720 [e117b867-d4bf-4f16-8fb0-9fc7cd76fe51@group-2F85CB62C16C-LeaderElection103] INFO  server.RaftServerConfigKeys (ConfUtils.java:logGet(43)) - raft.server.log.appender.snapshot.chunk.size.max = 16MB (=16777216) (default)
2019-10-07 23:32:08,721 [419a2258-246e-4ffa-9dbd-67c7614db87a@group-B22C0B1C813F-SegmentedRaftLogWorker] INFO  segmented.SegmentedRaftLogWorker (SegmentedRaftLogWorker.java:execute(576)) - 419a2258-246e-4ffa-9dbd-67c7614db87a@group-B22C0B1C813F-SegmentedRaftLogWorker: created new log segment /workdir/hadoop-ozone/integration-test/target/test-dir/MiniOzoneClusterImpl-352333b8-4a53-463e-b611-0484fc381049/datanode-5/data/ratis/ec5c22ab-6822-4b4d-8924-b22c0b1c813f/current/log_inprogress_0
2019-10-07 23:32:08,721 [e117b867-d4bf-4f16-8fb0-9fc7cd76fe51@group-2F85CB62C16C-LeaderElection103] INFO  server.RaftServerConfigKeys (ConfUtils.java:logGet(43)) - raft.server.log.appender.buffer.byte-limit = 33554432 (custom)
2019-10-07 23:32:08,721 [e117b867-d4bf-4f16-8fb0-9fc7cd76fe51@group-2F85CB62C16C-LeaderElection103] INFO  server.RaftServerConfigKeys (ConfUtils.java:logGet(43)) - raft.server.log.appender.buffer.element-limit = 1 (custom)
2019-10-07 23:32:08,721 [e117b867-d4bf-4f16-8fb0-9fc7cd76fe51@group-2F85CB62C16C-LeaderElection103] INFO  grpc.GrpcConfigKeys$Server (ConfUtils.java:logGet(43)) - raft.grpc.server.leader.outstanding.appends.max = 128 (default)
2019-10-07 23:32:08,721 [e117b867-d4bf-4f16-8fb0-9fc7cd76fe51@group-2F85CB62C16C-LeaderElection103] INFO  server.RaftServerConfigKeys (ConfUtils.java:logGet(43)) - raft.server.rpc.request.timeout = 3000ms (default)
2019-10-07 23:32:08,722 [e117b867-d4bf-4f16-8fb0-9fc7cd76fe51@group-2F85CB62C16C-LeaderElection103] INFO  server.RaftServerConfigKeys (ConfUtils.java:logGet(43)) - raft.server.log.appender.install.snapshot.enabled = false (custom)
2019-10-07 23:32:08,722 [e117b867-d4bf-4f16-8fb0-9fc7cd76fe51@group-2F85CB62C16C-LeaderElection103] INFO  impl.RoleInfo (RoleInfo.java:updateAndGet(143)) - e117b867-d4bf-4f16-8fb0-9fc7cd76fe51: start LeaderState
2019-10-07 23:32:08,722 [e117b867-d4bf-4f16-8fb0-9fc7cd76fe51@group-2F85CB62C16C-LeaderElection103] INFO  segmented.SegmentedRaftLogWorker (SegmentedRaftLogWorker.java:startLogSegment(385)) - e117b867-d4bf-4f16-8fb0-9fc7cd76fe51@group-2F85CB62C16C-SegmentedRaftLogWorker: Starting segment from index:0
2019-10-07 23:32:08,723 [e117b867-d4bf-4f16-8fb0-9fc7cd76fe51@group-2F85CB62C16C-LeaderElection103] INFO  impl.RaftServerImpl (ServerState.java:setRaftConf(356)) - e117b867-d4bf-4f16-8fb0-9fc7cd76fe51@group-2F85CB62C16C: set configuration 0: [c5ad0c37-429e-4687-981a-4ed62e267729:192.168.151.75:35930, 419a2258-246e-4ffa-9dbd-67c7614db87a:192.168.151.75:44520, e117b867-d4bf-4f16-8fb0-9fc7cd76fe51:192.168.151.75:34188], old=null at 0
2019-10-07 23:32:08,724 [grpc-default-executor-4] INFO  ratis.XceiverServerRatis (XceiverServerRatis.java:handleLeaderChangedNotification(702)) - Leader change notification received for group: group-2F85CB62C16C with new leaderId: e117b867-d4bf-4f16-8fb0-9fc7cd76fe51
2019-10-07 23:32:08,725 [grpc-default-executor-2] INFO  ratis.XceiverServerRatis (XceiverServerRatis.java:handleLeaderChangedNotification(702)) - Leader change notification received for group: group-2F85CB62C16C with new leaderId: e117b867-d4bf-4f16-8fb0-9fc7cd76fe51
2019-10-07 23:32:08,725 [grpc-default-executor-4] INFO  impl.RaftServerImpl (ServerState.java:setLeader(255)) - 419a2258-246e-4ffa-9dbd-67c7614db87a@group-2F85CB62C16C: change Leader from null to e117b867-d4bf-4f16-8fb0-9fc7cd76fe51 at term 1 for appendEntries, leader elected after 5169ms
2019-10-07 23:32:08,725 [grpc-default-executor-2] INFO  impl.RaftServerImpl (ServerState.java:setLeader(255)) - c5ad0c37-429e-4687-981a-4ed62e267729@group-2F85CB62C16C: change Leader from null to e117b867-d4bf-4f16-8fb0-9fc7cd76fe51 at term 1 for appendEntries, leader elected after 5170ms
2019-10-07 23:32:08,727 [grpc-default-executor-4] INFO  impl.RaftServerImpl (ServerState.java:setRaftConf(356)) - 419a2258-246e-4ffa-9dbd-67c7614db87a@group-2F85CB62C16C: set configuration 0: [c5ad0c37-429e-4687-981a-4ed62e267729:192.168.151.75:35930, 419a2258-246e-4ffa-9dbd-67c7614db87a:192.168.151.75:44520, e117b867-d4bf-4f16-8fb0-9fc7cd76fe51:192.168.151.75:34188], old=null at 0
2019-10-07 23:32:08,727 [grpc-default-executor-2] INFO  impl.RaftServerImpl (ServerState.java:setRaftConf(356)) - c5ad0c37-429e-4687-981a-4ed62e267729@group-2F85CB62C16C: set configuration 0: [c5ad0c37-429e-4687-981a-4ed62e267729:192.168.151.75:35930, 419a2258-246e-4ffa-9dbd-67c7614db87a:192.168.151.75:44520, e117b867-d4bf-4f16-8fb0-9fc7cd76fe51:192.168.151.75:34188], old=null at 0
2019-10-07 23:32:08,727 [grpc-default-executor-4] INFO  segmented.SegmentedRaftLogWorker (SegmentedRaftLogWorker.java:startLogSegment(385)) - 419a2258-246e-4ffa-9dbd-67c7614db87a@group-2F85CB62C16C-SegmentedRaftLogWorker: Starting segment from index:0
2019-10-07 23:32:08,728 [grpc-default-executor-2] INFO  segmented.SegmentedRaftLogWorker (SegmentedRaftLogWorker.java:startLogSegment(385)) - c5ad0c37-429e-4687-981a-4ed62e267729@group-2F85CB62C16C-SegmentedRaftLogWorker: Starting segment from index:0
2019-10-07 23:32:08,771 [e117b867-d4bf-4f16-8fb0-9fc7cd76fe51@group-2F85CB62C16C-SegmentedRaftLogWorker] INFO  segmented.SegmentedRaftLogWorker (SegmentedRaftLogWorker.java:execute(576)) - e117b867-d4bf-4f16-8fb0-9fc7cd76fe51@group-2F85CB62C16C-SegmentedRaftLogWorker: created new log segment /workdir/hadoop-ozone/integration-test/target/test-dir/MiniOzoneClusterImpl-352333b8-4a53-463e-b611-0484fc381049/datanode-6/data/ratis/812e04b6-5906-41aa-b317-2f85cb62c16c/current/log_inprogress_0
2019-10-07 23:32:08,771 [419a2258-246e-4ffa-9dbd-67c7614db87a@group-2F85CB62C16C-SegmentedRaftLogWorker] INFO  segmented.SegmentedRaftLogWorker (SegmentedRaftLogWorker.java:execute(576)) - 419a2258-246e-4ffa-9dbd-67c7614db87a@group-2F85CB62C16C-SegmentedRaftLogWorker: created new log segment /workdir/hadoop-ozone/integration-test/target/test-dir/MiniOzoneClusterImpl-352333b8-4a53-463e-b611-0484fc381049/datanode-5/data/ratis/812e04b6-5906-41aa-b317-2f85cb62c16c/current/log_inprogress_0
2019-10-07 23:32:08,771 [c5ad0c37-429e-4687-981a-4ed62e267729@group-2F85CB62C16C-SegmentedRaftLogWorker] INFO  segmented.SegmentedRaftLogWorker (SegmentedRaftLogWorker.java:execute(576)) - c5ad0c37-429e-4687-981a-4ed62e267729@group-2F85CB62C16C-SegmentedRaftLogWorker: created new log segment /workdir/hadoop-ozone/integration-test/target/test-dir/MiniOzoneClusterImpl-352333b8-4a53-463e-b611-0484fc381049/datanode-3/data/ratis/812e04b6-5906-41aa-b317-2f85cb62c16c/current/log_inprogress_0
2019-10-07 23:32:09,479 [main] INFO  ozone.MiniOzoneClusterImpl (MiniOzoneClusterImpl.java:lambda$waitForClusterToBeReady$2(172)) - Cluster is ready. Got 7 of 7 DN Heartbeats.
2019-10-07 23:32:09,544 [main] INFO  rpc.RpcClient (RpcClient.java:createVolume(277)) - Creating Volume: watchforcommithandlingtest, with jenkins1000 as owner.
2019-10-07 23:32:09,547 [IPC Server handler 8 on 33670] INFO  volume.OMVolumeCreateRequest (OMVolumeCreateRequest.java:validateAndUpdateCache(193)) - created volume:watchforcommithandlingtest for user:jenkins1000
2019-10-07 23:32:09,581 [main] INFO  rpc.RpcClient (RpcClient.java:createBucket(416)) - Creating Bucket: watchforcommithandlingtest/watchforcommithandlingtest, with Versioning false and Storage Type set to DISK and Encryption set to false 
2019-10-07 23:32:09,590 [main] INFO  ozone.MiniOzoneClusterImpl (MiniOzoneClusterImpl.java:getStorageContainerLocationClient(260)) - Creating StorageContainerLocationProtocol RPC client with address /0.0.0.0:34965
2019-10-07 23:32:09,846 [grpc-default-executor-1] WARN  server.GrpcLogAppender (LogUtils.java:warn(134)) - 1757d5fa-a161-4c0a-b504-ed724002c805@group-C837915B9584->71fe9c48-ef70-445b-89d4-550c4f010b84-AppendLogResponseHandler: Failed appendEntries: org.apache.ratis.thirdparty.io.grpc.StatusRuntimeException: UNAVAILABLE: io exception
2019-10-07 23:32:09,846 [grpc-default-executor-7] WARN  server.GrpcLogAppender (LogUtils.java:warn(134)) - 1757d5fa-a161-4c0a-b504-ed724002c805@group-C837915B9584->51a40bca-cd4b-4fd1-b3a8-cd441e83375c-AppendLogResponseHandler: Failed appendEntries: org.apache.ratis.thirdparty.io.grpc.StatusRuntimeException: UNAVAILABLE: io exception
2019-10-07 23:32:09,846 [grpc-default-executor-1] INFO  impl.FollowerInfo (FollowerInfo.java:lambda$new$0(51)) - 1757d5fa-a161-4c0a-b504-ed724002c805@group-C837915B9584->71fe9c48-ef70-445b-89d4-550c4f010b84: nextIndex: updateUnconditionally 1 -> 0
2019-10-07 23:32:09,847 [grpc-default-executor-7] INFO  impl.FollowerInfo (FollowerInfo.java:lambda$new$0(51)) - 1757d5fa-a161-4c0a-b504-ed724002c805@group-C837915B9584->51a40bca-cd4b-4fd1-b3a8-cd441e83375c: nextIndex: updateUnconditionally 1 -> 0
2019-10-07 23:32:12,347 [grpc-default-executor-5] WARN  server.GrpcLogAppender (LogUtils.java:warn(134)) - 1757d5fa-a161-4c0a-b504-ed724002c805@group-C837915B9584->71fe9c48-ef70-445b-89d4-550c4f010b84-AppendLogResponseHandler: Failed appendEntries: org.apache.ratis.thirdparty.io.grpc.StatusRuntimeException: UNAVAILABLE: io exception
2019-10-07 23:32:12,347 [grpc-default-executor-6] WARN  server.GrpcLogAppender (LogUtils.java:warn(134)) - 1757d5fa-a161-4c0a-b504-ed724002c805@group-C837915B9584->51a40bca-cd4b-4fd1-b3a8-cd441e83375c-AppendLogResponseHandler: Failed appendEntries: org.apache.ratis.thirdparty.io.grpc.StatusRuntimeException: UNAVAILABLE: io exception
2019-10-07 23:32:12,347 [grpc-default-executor-5] INFO  impl.FollowerInfo (FollowerInfo.java:lambda$new$0(51)) - 1757d5fa-a161-4c0a-b504-ed724002c805@group-C837915B9584->71fe9c48-ef70-445b-89d4-550c4f010b84: nextIndex: updateUnconditionally 0 -> 0
2019-10-07 23:32:12,347 [grpc-default-executor-6] INFO  impl.FollowerInfo (FollowerInfo.java:lambda$new$0(51)) - 1757d5fa-a161-4c0a-b504-ed724002c805@group-C837915B9584->51a40bca-cd4b-4fd1-b3a8-cd441e83375c: nextIndex: updateUnconditionally 0 -> 0
2019-10-07 23:32:12,855 [EventQueue-StaleNodeForStaleNodeHandler] INFO  node.StaleNodeHandler (StaleNodeHandler.java:onMessage(58)) - Datanode 51a40bca-cd4b-4fd1-b3a8-cd441e83375c{ip: 192.168.151.75, host: pr-hdds-1868-k864b-3611000933, networkLocation: /default-rack, certSerialId: null} moved to stale state. Finalizing its pipelines [PipelineID=0c73b227-b911-4485-9f9c-929bd6aca769, PipelineID=8692568d-6852-4dc7-ade7-c837915b9584]
2019-10-07 23:32:12,855 [EventQueue-StaleNodeForStaleNodeHandler] INFO  pipeline.SCMPipelineManager (SCMPipelineManager.java:finalizeAndDestroyPipeline(315)) - destroying pipeline:Pipeline[ Id: 0c73b227-b911-4485-9f9c-929bd6aca769, Nodes: 51a40bca-cd4b-4fd1-b3a8-cd441e83375c{ip: 192.168.151.75, host: pr-hdds-1868-k864b-3611000933, networkLocation: /default-rack, certSerialId: null}, Type:RATIS, Factor:ONE, State:OPEN]
2019-10-07 23:32:12,855 [EventQueue-StaleNodeForStaleNodeHandler] INFO  pipeline.PipelineStateManager (PipelineStateManager.java:finalizePipeline(123)) - Pipeline Pipeline[ Id: 0c73b227-b911-4485-9f9c-929bd6aca769, Nodes: 51a40bca-cd4b-4fd1-b3a8-cd441e83375c{ip: 192.168.151.75, host: pr-hdds-1868-k864b-3611000933, networkLocation: /default-rack, certSerialId: null}, Type:RATIS, Factor:ONE, State:CLOSED] moved to CLOSED state
2019-10-07 23:32:12,855 [EventQueue-StaleNodeForStaleNodeHandler] INFO  pipeline.SCMPipelineManager (SCMPipelineManager.java:finalizeAndDestroyPipeline(315)) - destroying pipeline:Pipeline[ Id: 8692568d-6852-4dc7-ade7-c837915b9584, Nodes: 71fe9c48-ef70-445b-89d4-550c4f010b84{ip: 192.168.151.75, host: pr-hdds-1868-k864b-3611000933, networkLocation: /default-rack, certSerialId: null}51a40bca-cd4b-4fd1-b3a8-cd441e83375c{ip: 192.168.151.75, host: pr-hdds-1868-k864b-3611000933, networkLocation: /default-rack, certSerialId: null}1757d5fa-a161-4c0a-b504-ed724002c805{ip: 192.168.151.75, host: pr-hdds-1868-k864b-3611000933, networkLocation: /default-rack, certSerialId: null}, Type:RATIS, Factor:THREE, State:CLOSED]
2019-10-07 23:32:13,783 [Thread-2684] INFO  impl.FollowerState (FollowerState.java:run(108)) - 57c86727-38c9-4594-987b-cd5bf82b207d@group-89E1E563B040-FollowerState: change to CANDIDATE, lastRpcTime:5121ms, electionTimeout:5121ms
2019-10-07 23:32:13,783 [Thread-2684] INFO  impl.RoleInfo (RoleInfo.java:shutdownFollowerState(121)) - 57c86727-38c9-4594-987b-cd5bf82b207d: shutdown FollowerState
2019-10-07 23:32:13,783 [Thread-2684] INFO  impl.RaftServerImpl (RaftServerImpl.java:setRole(170)) - 57c86727-38c9-4594-987b-cd5bf82b207d@group-89E1E563B040: changes role from  FOLLOWER to CANDIDATE at term 1 for changeToCandidate
2019-10-07 23:32:13,783 [Thread-2684] INFO  impl.RoleInfo (RoleInfo.java:updateAndGet(143)) - 57c86727-38c9-4594-987b-cd5bf82b207d: start LeaderElection
2019-10-07 23:32:13,806 [57c86727-38c9-4594-987b-cd5bf82b207d@group-89E1E563B040-LeaderElection106] INFO  impl.LeaderElection (LeaderElection.java:askForVotes(178)) - 57c86727-38c9-4594-987b-cd5bf82b207d@group-89E1E563B040-LeaderElection106: begin an election at term 2 for -1: [f6cf535b-0e7e-49fb-ad18-0fd5e9f0c404:192.168.151.75:37994, 4fb48f8d-81e9-4f66-86fb-c7726dd48448:192.168.151.75:34336, 57c86727-38c9-4594-987b-cd5bf82b207d:192.168.151.75:39882], old=null
2019-10-07 23:32:13,809 [grpc-default-executor-5] INFO  impl.RaftServerImpl (RaftServerImpl.java:setRole(170)) - f6cf535b-0e7e-49fb-ad18-0fd5e9f0c404@group-89E1E563B040: changes role from  FOLLOWER to FOLLOWER at term 2 for recognizeCandidate:57c86727-38c9-4594-987b-cd5bf82b207d
2019-10-07 23:32:13,810 [grpc-default-executor-5] INFO  impl.RoleInfo (RoleInfo.java:shutdownFollowerState(121)) - f6cf535b-0e7e-49fb-ad18-0fd5e9f0c404: shutdown FollowerState
2019-10-07 23:32:13,810 [Thread-2687] INFO  impl.FollowerState (FollowerState.java:run(117)) - f6cf535b-0e7e-49fb-ad18-0fd5e9f0c404@group-89E1E563B040-FollowerState was interrupted: java.lang.InterruptedException: sleep interrupted
2019-10-07 23:32:13,810 [grpc-default-executor-5] INFO  impl.RoleInfo (RoleInfo.java:updateAndGet(143)) - f6cf535b-0e7e-49fb-ad18-0fd5e9f0c404: start FollowerState
2019-10-07 23:32:13,812 [grpc-default-executor-6] INFO  impl.RaftServerImpl (RaftServerImpl.java:setRole(170)) - 4fb48f8d-81e9-4f66-86fb-c7726dd48448@group-89E1E563B040: changes role from  FOLLOWER to FOLLOWER at term 2 for recognizeCandidate:57c86727-38c9-4594-987b-cd5bf82b207d
2019-10-07 23:32:13,812 [grpc-default-executor-6] INFO  impl.RoleInfo (RoleInfo.java:shutdownFollowerState(121)) - 4fb48f8d-81e9-4f66-86fb-c7726dd48448: shutdown FollowerState
2019-10-07 23:32:13,813 [grpc-default-executor-6] INFO  impl.RoleInfo (RoleInfo.java:updateAndGet(143)) - 4fb48f8d-81e9-4f66-86fb-c7726dd48448: start FollowerState
2019-10-07 23:32:13,813 [Thread-2683] INFO  impl.FollowerState (FollowerState.java:run(117)) - 4fb48f8d-81e9-4f66-86fb-c7726dd48448@group-89E1E563B040-FollowerState was interrupted: java.lang.InterruptedException: sleep interrupted
2019-10-07 23:32:13,837 [57c86727-38c9-4594-987b-cd5bf82b207d@group-89E1E563B040-LeaderElection106] INFO  impl.LeaderElection (LeaderElection.java:logAndReturn(56)) - 57c86727-38c9-4594-987b-cd5bf82b207d@group-89E1E563B040-LeaderElection106: Election PASSED; received 1 response(s) [57c86727-38c9-4594-987b-cd5bf82b207d<-4fb48f8d-81e9-4f66-86fb-c7726dd48448#0:OK-t2] and 0 exception(s); 57c86727-38c9-4594-987b-cd5bf82b207d@group-89E1E563B040:t2, leader=null, voted=57c86727-38c9-4594-987b-cd5bf82b207d, raftlog=57c86727-38c9-4594-987b-cd5bf82b207d@group-89E1E563B040-SegmentedRaftLog:OPENED:c-1,f-1,i0, conf=-1: [f6cf535b-0e7e-49fb-ad18-0fd5e9f0c404:192.168.151.75:37994, 4fb48f8d-81e9-4f66-86fb-c7726dd48448:192.168.151.75:34336, 57c86727-38c9-4594-987b-cd5bf82b207d:192.168.151.75:39882], old=null
2019-10-07 23:32:13,838 [57c86727-38c9-4594-987b-cd5bf82b207d@group-89E1E563B040-LeaderElection106] INFO  impl.RoleInfo (RoleInfo.java:shutdownLeaderElection(134)) - 57c86727-38c9-4594-987b-cd5bf82b207d: shutdown LeaderElection
2019-10-07 23:32:13,838 [57c86727-38c9-4594-987b-cd5bf82b207d@group-89E1E563B040-LeaderElection106] INFO  impl.RaftServerImpl (RaftServerImpl.java:setRole(170)) - 57c86727-38c9-4594-987b-cd5bf82b207d@group-89E1E563B040: changes role from CANDIDATE to LEADER at term 2 for changeToLeader
2019-10-07 23:32:13,838 [57c86727-38c9-4594-987b-cd5bf82b207d@group-89E1E563B040-LeaderElection106] INFO  ratis.XceiverServerRatis (XceiverServerRatis.java:handleLeaderChangedNotification(702)) - Leader change notification received for group: group-89E1E563B040 with new leaderId: 57c86727-38c9-4594-987b-cd5bf82b207d
2019-10-07 23:32:13,838 [57c86727-38c9-4594-987b-cd5bf82b207d@group-89E1E563B040-LeaderElection106] INFO  impl.RaftServerImpl (ServerState.java:setLeader(255)) - 57c86727-38c9-4594-987b-cd5bf82b207d@group-89E1E563B040: change Leader from null to 57c86727-38c9-4594-987b-cd5bf82b207d at term 2 for becomeLeader, leader elected after 10504ms
2019-10-07 23:32:13,839 [57c86727-38c9-4594-987b-cd5bf82b207d@group-89E1E563B040-LeaderElection106] INFO  server.RaftServerConfigKeys (ConfUtils.java:logGet(43)) - raft.server.staging.catchup.gap = 1000 (default)
2019-10-07 23:32:13,839 [57c86727-38c9-4594-987b-cd5bf82b207d@group-89E1E563B040-LeaderElection106] INFO  server.RaftServerConfigKeys (ConfUtils.java:logGet(43)) - raft.server.rpc.sleep.time = 25ms (default)
2019-10-07 23:32:13,839 [57c86727-38c9-4594-987b-cd5bf82b207d@group-89E1E563B040-LeaderElection106] INFO  server.RaftServerConfigKeys (ConfUtils.java:logGet(43)) - raft.server.write.element-limit = 4096 (default)
2019-10-07 23:32:13,839 [57c86727-38c9-4594-987b-cd5bf82b207d@group-89E1E563B040-LeaderElection106] INFO  server.RaftServerConfigKeys (ConfUtils.java:logGet(43)) - raft.server.watch.timeout = 10s (default)
2019-10-07 23:32:13,840 [57c86727-38c9-4594-987b-cd5bf82b207d@group-89E1E563B040-LeaderElection106] INFO  server.RaftServerConfigKeys (ConfUtils.java:logGet(43)) - raft.server.watch.timeout.denomination = 1s (default)
2019-10-07 23:32:13,840 [57c86727-38c9-4594-987b-cd5bf82b207d@group-89E1E563B040-LeaderElection106] INFO  server.RaftServerConfigKeys (ConfUtils.java:logGet(43)) - raft.server.watch.element-limit = 65536 (default)
2019-10-07 23:32:13,842 [57c86727-38c9-4594-987b-cd5bf82b207d@group-89E1E563B040-LeaderElection106] INFO  server.RaftServerConfigKeys (ConfUtils.java:logGet(43)) - raft.server.log.appender.snapshot.chunk.size.max = 16MB (=16777216) (default)
2019-10-07 23:32:13,842 [57c86727-38c9-4594-987b-cd5bf82b207d@group-89E1E563B040-LeaderElection106] INFO  server.RaftServerConfigKeys (ConfUtils.java:logGet(43)) - raft.server.log.appender.buffer.byte-limit = 33554432 (custom)
2019-10-07 23:32:13,843 [57c86727-38c9-4594-987b-cd5bf82b207d@group-89E1E563B040-LeaderElection106] INFO  server.RaftServerConfigKeys (ConfUtils.java:logGet(43)) - raft.server.log.appender.buffer.element-limit = 1 (custom)
2019-10-07 23:32:13,843 [57c86727-38c9-4594-987b-cd5bf82b207d@group-89E1E563B040-LeaderElection106] INFO  grpc.GrpcConfigKeys$Server (ConfUtils.java:logGet(43)) - raft.grpc.server.leader.outstanding.appends.max = 128 (default)
2019-10-07 23:32:13,843 [57c86727-38c9-4594-987b-cd5bf82b207d@group-89E1E563B040-LeaderElection106] INFO  server.RaftServerConfigKeys (ConfUtils.java:logGet(43)) - raft.server.rpc.request.timeout = 3000ms (default)
2019-10-07 23:32:13,843 [57c86727-38c9-4594-987b-cd5bf82b207d@group-89E1E563B040-LeaderElection106] INFO  server.RaftServerConfigKeys (ConfUtils.java:logGet(43)) - raft.server.log.appender.install.snapshot.enabled = false (custom)
2019-10-07 23:32:13,843 [57c86727-38c9-4594-987b-cd5bf82b207d@group-89E1E563B040-LeaderElection106] INFO  server.RaftServerConfigKeys (ConfUtils.java:logGet(43)) - raft.server.log.appender.snapshot.chunk.size.max = 16MB (=16777216) (default)
2019-10-07 23:32:13,844 [57c86727-38c9-4594-987b-cd5bf82b207d@group-89E1E563B040-LeaderElection106] INFO  server.RaftServerConfigKeys (ConfUtils.java:logGet(43)) - raft.server.log.appender.buffer.byte-limit = 33554432 (custom)
2019-10-07 23:32:13,844 [57c86727-38c9-4594-987b-cd5bf82b207d@group-89E1E563B040-LeaderElection106] INFO  server.RaftServerConfigKeys (ConfUtils.java:logGet(43)) - raft.server.log.appender.buffer.element-limit = 1 (custom)
2019-10-07 23:32:13,844 [57c86727-38c9-4594-987b-cd5bf82b207d@group-89E1E563B040-LeaderElection106] INFO  grpc.GrpcConfigKeys$Server (ConfUtils.java:logGet(43)) - raft.grpc.server.leader.outstanding.appends.max = 128 (default)
2019-10-07 23:32:13,844 [57c86727-38c9-4594-987b-cd5bf82b207d@group-89E1E563B040-LeaderElection106] INFO  server.RaftServerConfigKeys (ConfUtils.java:logGet(43)) - raft.server.rpc.request.timeout = 3000ms (default)
2019-10-07 23:32:13,844 [57c86727-38c9-4594-987b-cd5bf82b207d@group-89E1E563B040-LeaderElection106] INFO  server.RaftServerConfigKeys (ConfUtils.java:logGet(43)) - raft.server.log.appender.install.snapshot.enabled = false (custom)
2019-10-07 23:32:13,845 [57c86727-38c9-4594-987b-cd5bf82b207d@group-89E1E563B040-LeaderElection106] INFO  impl.RoleInfo (RoleInfo.java:updateAndGet(143)) - 57c86727-38c9-4594-987b-cd5bf82b207d: start LeaderState
2019-10-07 23:32:13,845 [57c86727-38c9-4594-987b-cd5bf82b207d@group-89E1E563B040-LeaderElection106] INFO  segmented.SegmentedRaftLogWorker (SegmentedRaftLogWorker.java:startLogSegment(385)) - 57c86727-38c9-4594-987b-cd5bf82b207d@group-89E1E563B040-SegmentedRaftLogWorker: Starting segment from index:0
2019-10-07 23:32:13,846 [57c86727-38c9-4594-987b-cd5bf82b207d@group-89E1E563B040-LeaderElection106] INFO  impl.RaftServerImpl (ServerState.java:setRaftConf(356)) - 57c86727-38c9-4594-987b-cd5bf82b207d@group-89E1E563B040: set configuration 0: [f6cf535b-0e7e-49fb-ad18-0fd5e9f0c404:192.168.151.75:37994, 4fb48f8d-81e9-4f66-86fb-c7726dd48448:192.168.151.75:34336, 57c86727-38c9-4594-987b-cd5bf82b207d:192.168.151.75:39882], old=null at 0
2019-10-07 23:32:13,847 [grpc-default-executor-5] INFO  ratis.XceiverServerRatis (XceiverServerRatis.java:handleLeaderChangedNotification(702)) - Leader change notification received for group: group-89E1E563B040 with new leaderId: 57c86727-38c9-4594-987b-cd5bf82b207d
2019-10-07 23:32:13,847 [grpc-default-executor-6] INFO  ratis.XceiverServerRatis (XceiverServerRatis.java:handleLeaderChangedNotification(702)) - Leader change notification received for group: group-89E1E563B040 with new leaderId: 57c86727-38c9-4594-987b-cd5bf82b207d
2019-10-07 23:32:13,848 [grpc-default-executor-5] INFO  impl.RaftServerImpl (ServerState.java:setLeader(255)) - f6cf535b-0e7e-49fb-ad18-0fd5e9f0c404@group-89E1E563B040: change Leader from null to 57c86727-38c9-4594-987b-cd5bf82b207d at term 2 for appendEntries, leader elected after 10513ms
2019-10-07 23:32:13,848 [grpc-default-executor-6] INFO  impl.RaftServerImpl (ServerState.java:setLeader(255)) - 4fb48f8d-81e9-4f66-86fb-c7726dd48448@group-89E1E563B040: change Leader from null to 57c86727-38c9-4594-987b-cd5bf82b207d at term 2 for appendEntries, leader elected after 10512ms
2019-10-07 23:32:13,850 [grpc-default-executor-5] INFO  impl.RaftServerImpl (ServerState.java:setRaftConf(356)) - 4fb48f8d-81e9-4f66-86fb-c7726dd48448@group-89E1E563B040: set configuration 0: [f6cf535b-0e7e-49fb-ad18-0fd5e9f0c404:192.168.151.75:37994, 4fb48f8d-81e9-4f66-86fb-c7726dd48448:192.168.151.75:34336, 57c86727-38c9-4594-987b-cd5bf82b207d:192.168.151.75:39882], old=null at 0
2019-10-07 23:32:13,850 [grpc-default-executor-6] INFO  impl.RaftServerImpl (ServerState.java:setRaftConf(356)) - f6cf535b-0e7e-49fb-ad18-0fd5e9f0c404@group-89E1E563B040: set configuration 0: [f6cf535b-0e7e-49fb-ad18-0fd5e9f0c404:192.168.151.75:37994, 4fb48f8d-81e9-4f66-86fb-c7726dd48448:192.168.151.75:34336, 57c86727-38c9-4594-987b-cd5bf82b207d:192.168.151.75:39882], old=null at 0
2019-10-07 23:32:13,850 [grpc-default-executor-5] INFO  segmented.SegmentedRaftLogWorker (SegmentedRaftLogWorker.java:startLogSegment(385)) - 4fb48f8d-81e9-4f66-86fb-c7726dd48448@group-89E1E563B040-SegmentedRaftLogWorker: Starting segment from index:0
2019-10-07 23:32:13,850 [grpc-default-executor-6] INFO  segmented.SegmentedRaftLogWorker (SegmentedRaftLogWorker.java:startLogSegment(385)) - f6cf535b-0e7e-49fb-ad18-0fd5e9f0c404@group-89E1E563B040-SegmentedRaftLogWorker: Starting segment from index:0
2019-10-07 23:32:13,888 [4fb48f8d-81e9-4f66-86fb-c7726dd48448@group-89E1E563B040-SegmentedRaftLogWorker] INFO  segmented.SegmentedRaftLogWorker (SegmentedRaftLogWorker.java:execute(576)) - 4fb48f8d-81e9-4f66-86fb-c7726dd48448@group-89E1E563B040-SegmentedRaftLogWorker: created new log segment /workdir/hadoop-ozone/integration-test/target/test-dir/MiniOzoneClusterImpl-352333b8-4a53-463e-b611-0484fc381049/datanode-2/data/ratis/548e339e-dcb3-4bcc-925c-89e1e563b040/current/log_inprogress_0
2019-10-07 23:32:13,888 [f6cf535b-0e7e-49fb-ad18-0fd5e9f0c404@group-89E1E563B040-SegmentedRaftLogWorker] INFO  segmented.SegmentedRaftLogWorker (SegmentedRaftLogWorker.java:execute(576)) - f6cf535b-0e7e-49fb-ad18-0fd5e9f0c404@group-89E1E563B040-SegmentedRaftLogWorker: created new log segment /workdir/hadoop-ozone/integration-test/target/test-dir/MiniOzoneClusterImpl-352333b8-4a53-463e-b611-0484fc381049/datanode-0/data/ratis/548e339e-dcb3-4bcc-925c-89e1e563b040/current/log_inprogress_0
2019-10-07 23:32:13,888 [57c86727-38c9-4594-987b-cd5bf82b207d@group-89E1E563B040-SegmentedRaftLogWorker] INFO  segmented.SegmentedRaftLogWorker (SegmentedRaftLogWorker.java:execute(576)) - 57c86727-38c9-4594-987b-cd5bf82b207d@group-89E1E563B040-SegmentedRaftLogWorker: created new log segment /workdir/hadoop-ozone/integration-test/target/test-dir/MiniOzoneClusterImpl-352333b8-4a53-463e-b611-0484fc381049/datanode-1/data/ratis/548e339e-dcb3-4bcc-925c-89e1e563b040/current/log_inprogress_0
2019-10-07 23:32:14,848 [grpc-default-executor-4] WARN  server.GrpcLogAppender (LogUtils.java:warn(134)) - 1757d5fa-a161-4c0a-b504-ed724002c805@group-C837915B9584->71fe9c48-ef70-445b-89d4-550c4f010b84-AppendLogResponseHandler: Failed appendEntries: org.apache.ratis.thirdparty.io.grpc.StatusRuntimeException: UNAVAILABLE: io exception
2019-10-07 23:32:14,848 [grpc-default-executor-1] WARN  server.GrpcLogAppender (LogUtils.java:warn(134)) - 1757d5fa-a161-4c0a-b504-ed724002c805@group-C837915B9584->51a40bca-cd4b-4fd1-b3a8-cd441e83375c-AppendLogResponseHandler: Failed appendEntries: org.apache.ratis.thirdparty.io.grpc.StatusRuntimeException: UNAVAILABLE: io exception
2019-10-07 23:32:14,848 [grpc-default-executor-4] INFO  impl.FollowerInfo (FollowerInfo.java:lambda$new$0(51)) - 1757d5fa-a161-4c0a-b504-ed724002c805@group-C837915B9584->71fe9c48-ef70-445b-89d4-550c4f010b84: nextIndex: updateUnconditionally 0 -> 0
2019-10-07 23:32:14,848 [grpc-default-executor-1] INFO  impl.FollowerInfo (FollowerInfo.java:lambda$new$0(51)) - 1757d5fa-a161-4c0a-b504-ed724002c805@group-C837915B9584->51a40bca-cd4b-4fd1-b3a8-cd441e83375c: nextIndex: updateUnconditionally 0 -> 0
2019-10-07 23:32:14,885 [Datanode State Machine Thread - 0] INFO  statemachine.DatanodeStateMachine (DatanodeStateMachine.java:lambda$startDaemon$0(350)) - Ozone container server started.
2019-10-07 23:32:17,351 [grpc-default-executor-5] WARN  server.GrpcLogAppender (LogUtils.java:warn(134)) - 1757d5fa-a161-4c0a-b504-ed724002c805@group-C837915B9584->71fe9c48-ef70-445b-89d4-550c4f010b84-AppendLogResponseHandler: Failed appendEntries: org.apache.ratis.thirdparty.io.grpc.StatusRuntimeException: UNAVAILABLE: io exception
2019-10-07 23:32:17,351 [grpc-default-executor-4] WARN  server.GrpcLogAppender (LogUtils.java:warn(134)) - 1757d5fa-a161-4c0a-b504-ed724002c805@group-C837915B9584->51a40bca-cd4b-4fd1-b3a8-cd441e83375c-AppendLogResponseHandler: Failed appendEntries: org.apache.ratis.thirdparty.io.grpc.StatusRuntimeException: UNAVAILABLE: io exception
2019-10-07 23:32:17,352 [grpc-default-executor-5] INFO  impl.FollowerInfo (FollowerInfo.java:lambda$new$0(51)) - 1757d5fa-a161-4c0a-b504-ed724002c805@group-C837915B9584->71fe9c48-ef70-445b-89d4-550c4f010b84: nextIndex: updateUnconditionally 0 -> 0
2019-10-07 23:32:17,352 [grpc-default-executor-4] INFO  impl.FollowerInfo (FollowerInfo.java:lambda$new$0(51)) - 1757d5fa-a161-4c0a-b504-ed724002c805@group-C837915B9584->51a40bca-cd4b-4fd1-b3a8-cd441e83375c: nextIndex: updateUnconditionally 0 -> 0
2019-10-07 23:32:19,850 [grpc-default-executor-5] WARN  server.GrpcLogAppender (LogUtils.java:warn(134)) - 1757d5fa-a161-4c0a-b504-ed724002c805@group-C837915B9584->51a40bca-cd4b-4fd1-b3a8-cd441e83375c-AppendLogResponseHandler: Failed appendEntries: org.apache.ratis.thirdparty.io.grpc.StatusRuntimeException: UNAVAILABLE: io exception
2019-10-07 23:32:19,850 [grpc-default-executor-2] WARN  server.GrpcLogAppender (LogUtils.java:warn(134)) - 1757d5fa-a161-4c0a-b504-ed724002c805@group-C837915B9584->71fe9c48-ef70-445b-89d4-550c4f010b84-AppendLogResponseHandler: Failed appendEntries: org.apache.ratis.thirdparty.io.grpc.StatusRuntimeException: UNAVAILABLE: io exception
2019-10-07 23:32:19,851 [grpc-default-executor-5] INFO  impl.FollowerInfo (FollowerInfo.java:lambda$new$0(51)) - 1757d5fa-a161-4c0a-b504-ed724002c805@group-C837915B9584->51a40bca-cd4b-4fd1-b3a8-cd441e83375c: nextIndex: updateUnconditionally 0 -> 0
2019-10-07 23:32:19,851 [grpc-default-executor-2] INFO  impl.FollowerInfo (FollowerInfo.java:lambda$new$0(51)) - 1757d5fa-a161-4c0a-b504-ed724002c805@group-C837915B9584->71fe9c48-ef70-445b-89d4-550c4f010b84: nextIndex: updateUnconditionally 0 -> 0
2019-10-07 23:32:19,880 [main] INFO  ozoneimpl.OzoneContainer (OzoneContainer.java:stop(231)) - Attempting to stop container services.
2019-10-07 23:32:19,880 [main] INFO  impl.RaftServerProxy (RaftServerProxy.java:lambda$close$4(314)) - 4fb48f8d-81e9-4f66-86fb-c7726dd48448: close
2019-10-07 23:32:19,881 [main] INFO  impl.RaftServerImpl (RaftServerImpl.java:lambda$shutdown$3(247)) - 4fb48f8d-81e9-4f66-86fb-c7726dd48448@group-89E1E563B040: shutdown
2019-10-07 23:32:19,881 [ForkJoinPool.commonPool-worker-1] INFO  impl.RaftServerImpl (RaftServerImpl.java:lambda$shutdown$3(247)) - 4fb48f8d-81e9-4f66-86fb-c7726dd48448@group-A50D085CB826: shutdown
2019-10-07 23:32:19,881 [main] INFO  util.JmxRegister (JmxRegister.java:unregister(73)) - Successfully un-registered JMX Bean with object name Ratis:service=RaftServer,group=group-89E1E563B040,id=4fb48f8d-81e9-4f66-86fb-c7726dd48448
2019-10-07 23:32:19,881 [ForkJoinPool.commonPool-worker-1] INFO  util.JmxRegister (JmxRegister.java:unregister(73)) - Successfully un-registered JMX Bean with object name Ratis:service=RaftServer,group=group-A50D085CB826,id=4fb48f8d-81e9-4f66-86fb-c7726dd48448
2019-10-07 23:32:19,881 [main] INFO  impl.RoleInfo (RoleInfo.java:shutdownFollowerState(121)) - 4fb48f8d-81e9-4f66-86fb-c7726dd48448: shutdown FollowerState
2019-10-07 23:32:19,882 [ForkJoinPool.commonPool-worker-1] INFO  impl.RoleInfo (RoleInfo.java:shutdownLeaderState(104)) - 4fb48f8d-81e9-4f66-86fb-c7726dd48448: shutdown LeaderState
2019-10-07 23:32:19,882 [main] INFO  impl.StateMachineUpdater (StateMachineUpdater.java:stopAndJoin(136)) - 4fb48f8d-81e9-4f66-86fb-c7726dd48448@group-89E1E563B040-StateMachineUpdater: set stopIndex = 2
2019-10-07 23:32:19,882 [4fb48f8d-81e9-4f66-86fb-c7726dd48448@group-89E1E563B040-StateMachineUpdater] INFO  ratis.ContainerStateMachine (ContainerStateMachine.java:takeSnapshot(296)) - group-89E1E563B040: Taking a snapshot at:(t:2, i:1) file /workdir/hadoop-ozone/integration-test/target/test-dir/MiniOzoneClusterImpl-352333b8-4a53-463e-b611-0484fc381049/datanode-2/data/ratis/548e339e-dcb3-4bcc-925c-89e1e563b040/sm/snapshot.2_1
2019-10-07 23:32:19,882 [ForkJoinPool.commonPool-worker-1] INFO  impl.PendingRequests (PendingRequests.java:sendNotLeaderResponses(202)) - 4fb48f8d-81e9-4f66-86fb-c7726dd48448@group-A50D085CB826-PendingRequests: sendNotLeaderResponses
2019-10-07 23:32:19,882 [Thread-2723] INFO  impl.FollowerState (FollowerState.java:run(117)) - 4fb48f8d-81e9-4f66-86fb-c7726dd48448@group-89E1E563B040-FollowerState was interrupted: java.lang.InterruptedException: sleep interrupted
2019-10-07 23:32:19,883 [ForkJoinPool.commonPool-worker-1] INFO  impl.StateMachineUpdater (StateMachineUpdater.java:stopAndJoin(136)) - 4fb48f8d-81e9-4f66-86fb-c7726dd48448@group-A50D085CB826-StateMachineUpdater: set stopIndex = 0
2019-10-07 23:32:19,883 [ForkJoinPool.commonPool-worker-1] INFO  impl.RaftServerImpl (ServerState.java:close(387)) - 4fb48f8d-81e9-4f66-86fb-c7726dd48448@group-A50D085CB826: closes. applyIndex: 0
2019-10-07 23:32:19,883 [4fb48f8d-81e9-4f66-86fb-c7726dd48448@group-A50D085CB826-SegmentedRaftLogWorker] INFO  segmented.SegmentedRaftLogWorker (SegmentedRaftLogWorker.java:run(316)) - 4fb48f8d-81e9-4f66-86fb-c7726dd48448@group-A50D085CB826-SegmentedRaftLogWorker was interrupted, exiting. There are 0 tasks remaining in the queue.
2019-10-07 23:32:19,888 [ForkJoinPool.commonPool-worker-1] INFO  segmented.SegmentedRaftLogWorker (SegmentedRaftLogWorker.java:close(224)) - 4fb48f8d-81e9-4f66-86fb-c7726dd48448@group-A50D085CB826-SegmentedRaftLogWorker close()
2019-10-07 23:32:19,907 [4fb48f8d-81e9-4f66-86fb-c7726dd48448@group-89E1E563B040-StateMachineUpdater] INFO  ratis.ContainerStateMachine (ContainerStateMachine.java:takeSnapshot(307)) - group-89E1E563B040: Finished taking a snapshot at:(t:2, i:1) file:/workdir/hadoop-ozone/integration-test/target/test-dir/MiniOzoneClusterImpl-352333b8-4a53-463e-b611-0484fc381049/datanode-2/data/ratis/548e339e-dcb3-4bcc-925c-89e1e563b040/sm/snapshot.2_1 time:25
2019-10-07 23:32:19,907 [4fb48f8d-81e9-4f66-86fb-c7726dd48448@group-89E1E563B040-StateMachineUpdater] INFO  impl.StateMachineUpdater (StateMachineUpdater.java:takeSnapshot(269)) - 4fb48f8d-81e9-4f66-86fb-c7726dd48448@group-89E1E563B040-StateMachineUpdater: Took a snapshot at index 1
2019-10-07 23:32:19,908 [4fb48f8d-81e9-4f66-86fb-c7726dd48448@group-89E1E563B040-StateMachineUpdater] INFO  impl.StateMachineUpdater (StateMachineUpdater.java:lambda$new$0(84)) - 4fb48f8d-81e9-4f66-86fb-c7726dd48448@group-89E1E563B040-StateMachineUpdater: snapshotIndex: updateIncreasingly -1 -> 1
2019-10-07 23:32:19,908 [4fb48f8d-81e9-4f66-86fb-c7726dd48448@group-89E1E563B040-StateMachineUpdater] INFO  ratis.ContainerStateMachine (ContainerStateMachine.java:takeSnapshot(296)) - group-89E1E563B040: Taking a snapshot at:(t:2, i:1) file /workdir/hadoop-ozone/integration-test/target/test-dir/MiniOzoneClusterImpl-352333b8-4a53-463e-b611-0484fc381049/datanode-2/data/ratis/548e339e-dcb3-4bcc-925c-89e1e563b040/sm/snapshot.2_1
2019-10-07 23:32:19,920 [4fb48f8d-81e9-4f66-86fb-c7726dd48448@group-89E1E563B040-StateMachineUpdater] INFO  ratis.ContainerStateMachine (ContainerStateMachine.java:takeSnapshot(307)) - group-89E1E563B040: Finished taking a snapshot at:(t:2, i:1) file:/workdir/hadoop-ozone/integration-test/target/test-dir/MiniOzoneClusterImpl-352333b8-4a53-463e-b611-0484fc381049/datanode-2/data/ratis/548e339e-dcb3-4bcc-925c-89e1e563b040/sm/snapshot.2_1 time:12
2019-10-07 23:32:19,920 [4fb48f8d-81e9-4f66-86fb-c7726dd48448@group-89E1E563B040-StateMachineUpdater] INFO  impl.StateMachineUpdater (StateMachineUpdater.java:takeSnapshot(269)) - 4fb48f8d-81e9-4f66-86fb-c7726dd48448@group-89E1E563B040-StateMachineUpdater: Took a snapshot at index 1
2019-10-07 23:32:19,920 [4fb48f8d-81e9-4f66-86fb-c7726dd48448@group-89E1E563B040-StateMachineUpdater] INFO  impl.StateMachineUpdater (StateMachineUpdater.java:lambda$new$0(84)) - 4fb48f8d-81e9-4f66-86fb-c7726dd48448@group-89E1E563B040-StateMachineUpdater: snapshotIndex: updateIncreasingly 1 -> 1
2019-10-07 23:32:19,921 [main] INFO  impl.RaftServerImpl (ServerState.java:close(387)) - 4fb48f8d-81e9-4f66-86fb-c7726dd48448@group-89E1E563B040: closes. applyIndex: 2
2019-10-07 23:32:19,921 [4fb48f8d-81e9-4f66-86fb-c7726dd48448@group-89E1E563B040-SegmentedRaftLogWorker] INFO  segmented.SegmentedRaftLogWorker (SegmentedRaftLogWorker.java:run(316)) - 4fb48f8d-81e9-4f66-86fb-c7726dd48448@group-89E1E563B040-SegmentedRaftLogWorker was interrupted, exiting. There are 0 tasks remaining in the queue.
2019-10-07 23:32:19,926 [main] INFO  segmented.SegmentedRaftLogWorker (SegmentedRaftLogWorker.java:close(224)) - 4fb48f8d-81e9-4f66-86fb-c7726dd48448@group-89E1E563B040-SegmentedRaftLogWorker close()
2019-10-07 23:32:19,933 [main] INFO  server.GrpcService (GrpcService.java:closeImpl(164)) - 4fb48f8d-81e9-4f66-86fb-c7726dd48448: shutdown server with port 34336 now
2019-10-07 23:32:19,934 [grpc-default-executor-5] WARN  server.GrpcServerProtocolService (LogUtils.java:warn(134)) - 4fb48f8d-81e9-4f66-86fb-c7726dd48448: installSnapshot onError, lastRequest: 57c86727-38c9-4594-987b-cd5bf82b207d->4fb48f8d-81e9-4f66-86fb-c7726dd48448#5-t2, previous=(t:2, i:2), leaderCommit=2, initializing? false, entries: <empty>: org.apache.ratis.thirdparty.io.grpc.StatusRuntimeException: CANCELLED: cancelled before receiving half close
2019-10-07 23:32:19,934 [grpc-default-executor-6] WARN  server.GrpcLogAppender (LogUtils.java:warn(134)) - 57c86727-38c9-4594-987b-cd5bf82b207d@group-89E1E563B040->4fb48f8d-81e9-4f66-86fb-c7726dd48448-AppendLogResponseHandler: Failed appendEntries: org.apache.ratis.thirdparty.io.grpc.StatusRuntimeException: CANCELLED: HTTP/2 error code: CANCEL
Received Rst Stream
2019-10-07 23:32:19,934 [main] INFO  server.GrpcService (GrpcService.java:closeImpl(172)) - 4fb48f8d-81e9-4f66-86fb-c7726dd48448: shutdown server with port 34336 successfully
2019-10-07 23:32:19,934 [grpc-default-executor-6] INFO  impl.FollowerInfo (FollowerInfo.java:lambda$new$0(51)) - 57c86727-38c9-4594-987b-cd5bf82b207d@group-89E1E563B040->4fb48f8d-81e9-4f66-86fb-c7726dd48448: nextIndex: updateUnconditionally 3 -> 2
2019-10-07 23:32:19,937 [refreshUsed-/workdir/hadoop-ozone/integration-test/target/test-dir/MiniOzoneClusterImpl-352333b8-4a53-463e-b611-0484fc381049/datanode-2/data/containers] WARN  fs.CachingGetSpaceUsed (CachingGetSpaceUsed.java:run(183)) - Thread Interrupted waiting to refresh disk information: sleep interrupted
2019-10-07 23:32:19,955 [main] INFO  utils.BackgroundService (BackgroundService.java:shutdown(148)) - Shutting down service BlockDeletingService
2019-10-07 23:32:19,970 [main] INFO  statemachine.DatanodeStateMachine (DatanodeStateMachine.java:stopDaemon(395)) - Ozone container server stopped.
2019-10-07 23:32:19,971 [main] INFO  handler.ContextHandler (ContextHandler.java:doStop(910)) - Stopped o.e.j.w.WebAppContext@75e80a97{/,null,UNAVAILABLE}{/hddsDatanode}
2019-10-07 23:32:19,972 [main] INFO  server.AbstractConnector (AbstractConnector.java:doStop(318)) - Stopped ServerConnector@5b8853{HTTP/1.1,[http/1.1]}{0.0.0.0:0}
2019-10-07 23:32:19,973 [main] INFO  handler.ContextHandler (ContextHandler.java:doStop(910)) - Stopped o.e.j.s.ServletContextHandler@6b8b5020{/static,jar:file:/home/user/.m2/repository/org/apache/hadoop/hadoop-hdds-container-service/0.5.0-SNAPSHOT/hadoop-hdds-container-service-0.5.0-SNAPSHOT.jar!/webapps/static,UNAVAILABLE}
2019-10-07 23:32:19,973 [main] INFO  handler.ContextHandler (ContextHandler.java:doStop(910)) - Stopped o.e.j.s.ServletContextHandler@5cff729b{/logs,file:///workdir/hadoop-ozone/integration-test/target/log,UNAVAILABLE}
2019-10-07 23:32:19,984 [grpc-default-executor-4] WARN  server.GrpcLogAppender (LogUtils.java:warn(134)) - 57c86727-38c9-4594-987b-cd5bf82b207d@group-89E1E563B040->4fb48f8d-81e9-4f66-86fb-c7726dd48448-AppendLogResponseHandler: Failed appendEntries: org.apache.ratis.thirdparty.io.grpc.StatusRuntimeException: UNAVAILABLE: io exception
2019-10-07 23:32:19,984 [grpc-default-executor-4] INFO  impl.FollowerInfo (FollowerInfo.java:lambda$new$0(51)) - 57c86727-38c9-4594-987b-cd5bf82b207d@group-89E1E563B040->4fb48f8d-81e9-4f66-86fb-c7726dd48448: nextIndex: updateUnconditionally 3 -> 2
2019-10-07 23:32:19,998 [grpc-default-executor-5] WARN  server.GrpcLogAppender (LogUtils.java:warn(134)) - 57c86727-38c9-4594-987b-cd5bf82b207d@group-89E1E563B040->4fb48f8d-81e9-4f66-86fb-c7726dd48448-AppendLogResponseHandler: Failed appendEntries: org.apache.ratis.thirdparty.io.grpc.StatusRuntimeException: UNAVAILABLE: io exception
2019-10-07 23:32:19,998 [grpc-default-executor-5] INFO  impl.FollowerInfo (FollowerInfo.java:lambda$new$0(51)) - 57c86727-38c9-4594-987b-cd5bf82b207d@group-89E1E563B040->4fb48f8d-81e9-4f66-86fb-c7726dd48448: nextIndex: updateUnconditionally 3 -> 2
2019-10-07 23:32:20,012 [grpc-default-executor-4] WARN  server.GrpcLogAppender (LogUtils.java:warn(134)) - 57c86727-38c9-4594-987b-cd5bf82b207d@group-89E1E563B040->4fb48f8d-81e9-4f66-86fb-c7726dd48448-AppendLogResponseHandler: Failed appendEntries: org.apache.ratis.thirdparty.io.grpc.StatusRuntimeException: UNAVAILABLE: io exception
2019-10-07 23:32:20,012 [grpc-default-executor-4] INFO  impl.FollowerInfo (FollowerInfo.java:lambda$new$0(51)) - 57c86727-38c9-4594-987b-cd5bf82b207d@group-89E1E563B040->4fb48f8d-81e9-4f66-86fb-c7726dd48448: nextIndex: updateUnconditionally 3 -> 2
2019-10-07 23:32:20,022 [EventQueue-IncrementalContainerReportForIncrementalContainerReportHandler] WARN  container.IncrementalContainerReportHandler (AbstractContainerReportHandler.java:updateContainerState(143)) - Container #1 is in OPEN state, but the datanode 57c86727-38c9-4594-987b-cd5bf82b207d{ip: 192.168.151.75, host: pr-hdds-1868-k864b-3611000933, networkLocation: /default-rack, certSerialId: null} reports an CLOSING replica.
2019-10-07 23:32:20,047 [EventQueue-IncrementalContainerReportForIncrementalContainerReportHandler] WARN  container.IncrementalContainerReportHandler (AbstractContainerReportHandler.java:updateContainerState(143)) - Container #1 is in OPEN state, but the datanode f6cf535b-0e7e-49fb-ad18-0fd5e9f0c404{ip: 192.168.151.75, host: pr-hdds-1868-k864b-3611000933, networkLocation: /default-rack, certSerialId: null} reports an CLOSING replica.
2019-10-07 23:32:20,077 [RatisApplyTransactionExecutor 1] INFO  interfaces.Container (KeyValueContainer.java:flushAndSyncDB(386)) - Container 1 is synced with bcsId 0.
2019-10-07 23:32:20,102 [RatisApplyTransactionExecutor 1] INFO  interfaces.Container (KeyValueContainer.java:flushAndSyncDB(386)) - Container 1 is synced with bcsId 0.
2019-10-07 23:32:20,104 [RatisApplyTransactionExecutor 1] INFO  interfaces.Container (KeyValueContainer.java:flushAndSyncDB(386)) - Container 1 is synced with bcsId 0.
2019-10-07 23:32:20,104 [RatisApplyTransactionExecutor 1] INFO  interfaces.Container (KeyValueContainer.java:flushAndSyncDB(386)) - Container 1 is synced with bcsId 0.
2019-10-07 23:32:20,106 [RatisApplyTransactionExecutor 1] INFO  interfaces.Container (KeyValueContainer.java:close(335)) - Container 1 is closed with bcsId 0.
2019-10-07 23:32:20,111 [RatisApplyTransactionExecutor 1] INFO  interfaces.Container (KeyValueContainer.java:close(335)) - Container 1 is closed with bcsId 0.
2019-10-07 23:32:20,111 [EventQueue-IncrementalContainerReportForIncrementalContainerReportHandler] WARN  container.IncrementalContainerReportHandler (AbstractContainerReportHandler.java:updateContainerState(143)) - Container #1 is in OPEN state, but the datanode 57c86727-38c9-4594-987b-cd5bf82b207d{ip: 192.168.151.75, host: pr-hdds-1868-k864b-3611000933, networkLocation: /default-rack, certSerialId: null} reports an CLOSED replica.
2019-10-07 23:32:20,112 [EventQueue-IncrementalContainerReportForIncrementalContainerReportHandler] WARN  container.IncrementalContainerReportHandler (AbstractContainerReportHandler.java:updateContainerState(143)) - Container #1 is in OPEN state, but the datanode f6cf535b-0e7e-49fb-ad18-0fd5e9f0c404{ip: 192.168.151.75, host: pr-hdds-1868-k864b-3611000933, networkLocation: /default-rack, certSerialId: null} reports an CLOSED replica.
2019-10-07 23:32:22,352 [grpc-default-executor-6] WARN  server.GrpcLogAppender (LogUtils.java:warn(134)) - 1757d5fa-a161-4c0a-b504-ed724002c805@group-C837915B9584->51a40bca-cd4b-4fd1-b3a8-cd441e83375c-AppendLogResponseHandler: Failed appendEntries: org.apache.ratis.thirdparty.io.grpc.StatusRuntimeException: UNAVAILABLE: io exception
2019-10-07 23:32:22,352 [grpc-default-executor-4] WARN  server.GrpcLogAppender (LogUtils.java:warn(134)) - 1757d5fa-a161-4c0a-b504-ed724002c805@group-C837915B9584->71fe9c48-ef70-445b-89d4-550c4f010b84-AppendLogResponseHandler: Failed appendEntries: org.apache.ratis.thirdparty.io.grpc.StatusRuntimeException: UNAVAILABLE: io exception
2019-10-07 23:32:22,352 [grpc-default-executor-6] INFO  impl.FollowerInfo (FollowerInfo.java:lambda$new$0(51)) - 1757d5fa-a161-4c0a-b504-ed724002c805@group-C837915B9584->51a40bca-cd4b-4fd1-b3a8-cd441e83375c: nextIndex: updateUnconditionally 0 -> 0
2019-10-07 23:32:22,353 [grpc-default-executor-4] INFO  impl.FollowerInfo (FollowerInfo.java:lambda$new$0(51)) - 1757d5fa-a161-4c0a-b504-ed724002c805@group-C837915B9584->71fe9c48-ef70-445b-89d4-550c4f010b84: nextIndex: updateUnconditionally 0 -> 0
2019-10-07 23:32:22,512 [grpc-default-executor-4] WARN  server.GrpcLogAppender (LogUtils.java:warn(134)) - 57c86727-38c9-4594-987b-cd5bf82b207d@group-89E1E563B040->4fb48f8d-81e9-4f66-86fb-c7726dd48448-AppendLogResponseHandler: Failed appendEntries: org.apache.ratis.thirdparty.io.grpc.StatusRuntimeException: UNAVAILABLE: io exception
2019-10-07 23:32:22,512 [grpc-default-executor-4] INFO  impl.FollowerInfo (FollowerInfo.java:lambda$new$0(51)) - 57c86727-38c9-4594-987b-cd5bf82b207d@group-89E1E563B040->4fb48f8d-81e9-4f66-86fb-c7726dd48448: nextIndex: updateUnconditionally 2 -> 1
2019-10-07 23:32:23,117 [main] WARN  scm.XceiverClientRatis (XceiverClientRatis.java:watchForCommit(269)) - 3 way commit failed on pipeline Pipeline[ Id: 548e339e-dcb3-4bcc-925c-89e1e563b040, Nodes: 4fb48f8d-81e9-4f66-86fb-c7726dd48448{ip: 192.168.151.75, host: pr-hdds-1868-k864b-3611000933, networkLocation: /default-rack, certSerialId: null}57c86727-38c9-4594-987b-cd5bf82b207d{ip: 192.168.151.75, host: pr-hdds-1868-k864b-3611000933, networkLocation: /default-rack, certSerialId: null}f6cf535b-0e7e-49fb-ad18-0fd5e9f0c404{ip: 192.168.151.75, host: pr-hdds-1868-k864b-3611000933, networkLocation: /default-rack, certSerialId: null}, Type:RATIS, Factor:THREE, State:OPEN]
java.util.concurrent.TimeoutException
	at java.util.concurrent.CompletableFuture.timedGet(CompletableFuture.java:1771)
	at java.util.concurrent.CompletableFuture.get(CompletableFuture.java:1915)
	at org.apache.hadoop.hdds.scm.XceiverClientRatis.watchForCommit(XceiverClientRatis.java:266)
	at org.apache.hadoop.ozone.client.rpc.TestWatchForCommit.test2WayCommitForTimeoutException(TestWatchForCommit.java:391)
	at sun.reflect.NativeMethodAccessorImpl.invoke0(Native Method)
	at sun.reflect.NativeMethodAccessorImpl.invoke(NativeMethodAccessorImpl.java:62)
	at sun.reflect.DelegatingMethodAccessorImpl.invoke(DelegatingMethodAccessorImpl.java:43)
	at java.lang.reflect.Method.invoke(Method.java:498)
	at org.junit.runners.model.FrameworkMethod$1.runReflectiveCall(FrameworkMethod.java:47)
	at org.junit.internal.runners.model.ReflectiveCallable.run(ReflectiveCallable.java:12)
	at org.junit.runners.model.FrameworkMethod.invokeExplosively(FrameworkMethod.java:44)
	at org.junit.internal.runners.statements.InvokeMethod.evaluate(InvokeMethod.java:17)
	at org.junit.runners.ParentRunner.runLeaf(ParentRunner.java:271)
	at org.junit.runners.BlockJUnit4ClassRunner.runChild(BlockJUnit4ClassRunner.java:70)
	at org.junit.runners.BlockJUnit4ClassRunner.runChild(BlockJUnit4ClassRunner.java:50)
	at org.junit.runners.ParentRunner$3.run(ParentRunner.java:238)
	at org.junit.runners.ParentRunner$1.schedule(ParentRunner.java:63)
	at org.junit.runners.ParentRunner.runChildren(ParentRunner.java:236)
	at org.junit.runners.ParentRunner.access$000(ParentRunner.java:53)
	at org.junit.runners.ParentRunner$2.evaluate(ParentRunner.java:229)
	at org.junit.runners.ParentRunner.run(ParentRunner.java:309)
	at org.apache.maven.surefire.junit4.JUnit4Provider.execute(JUnit4Provider.java:365)
	at org.apache.maven.surefire.junit4.JUnit4Provider.executeWithRerun(JUnit4Provider.java:273)
	at org.apache.maven.surefire.junit4.JUnit4Provider.executeTestSet(JUnit4Provider.java:238)
	at org.apache.maven.surefire.junit4.JUnit4Provider.invoke(JUnit4Provider.java:159)
	at org.apache.maven.surefire.booter.ForkedBooter.invokeProviderInSameClassLoader(ForkedBooter.java:384)
	at org.apache.maven.surefire.booter.ForkedBooter.runSuitesInProcess(ForkedBooter.java:345)
	at org.apache.maven.surefire.booter.ForkedBooter.execute(ForkedBooter.java:126)
	at org.apache.maven.surefire.booter.ForkedBooter.main(ForkedBooter.java:418)
2019-10-07 23:32:24,857 [grpc-default-executor-2] WARN  server.GrpcLogAppender (LogUtils.java:warn(134)) - 1757d5fa-a161-4c0a-b504-ed724002c805@group-C837915B9584->51a40bca-cd4b-4fd1-b3a8-cd441e83375c-AppendLogResponseHandler: Failed appendEntries: org.apache.ratis.thirdparty.io.grpc.StatusRuntimeException: UNAVAILABLE: io exception
2019-10-07 23:32:24,857 [grpc-default-executor-6] WARN  server.GrpcLogAppender (LogUtils.java:warn(134)) - 1757d5fa-a161-4c0a-b504-ed724002c805@group-C837915B9584->71fe9c48-ef70-445b-89d4-550c4f010b84-AppendLogResponseHandler: Failed appendEntries: org.apache.ratis.thirdparty.io.grpc.StatusRuntimeException: UNAVAILABLE: io exception
2019-10-07 23:32:24,858 [grpc-default-executor-2] INFO  impl.FollowerInfo (FollowerInfo.java:lambda$new$0(51)) - 1757d5fa-a161-4c0a-b504-ed724002c805@group-C837915B9584->51a40bca-cd4b-4fd1-b3a8-cd441e83375c: nextIndex: updateUnconditionally 0 -> 0
2019-10-07 23:32:24,858 [grpc-default-executor-6] INFO  impl.FollowerInfo (FollowerInfo.java:lambda$new$0(51)) - 1757d5fa-a161-4c0a-b504-ed724002c805@group-C837915B9584->71fe9c48-ef70-445b-89d4-550c4f010b84: nextIndex: updateUnconditionally 0 -> 0
2019-10-07 23:32:25,014 [grpc-default-executor-4] WARN  server.GrpcLogAppender (LogUtils.java:warn(134)) - 57c86727-38c9-4594-987b-cd5bf82b207d@group-89E1E563B040->4fb48f8d-81e9-4f66-86fb-c7726dd48448-AppendLogResponseHandler: Failed appendEntries: org.apache.ratis.thirdparty.io.grpc.StatusRuntimeException: UNAVAILABLE: io exception
2019-10-07 23:32:25,014 [grpc-default-executor-4] INFO  impl.FollowerInfo (FollowerInfo.java:lambda$new$0(51)) - 57c86727-38c9-4594-987b-cd5bf82b207d@group-89E1E563B040->4fb48f8d-81e9-4f66-86fb-c7726dd48448: nextIndex: updateUnconditionally 1 -> 0
]]></system-out>
    <system-err><![CDATA[Oct 07, 2019 11:32:19 PM org.apache.ratis.thirdparty.io.grpc.internal.SerializingExecutor run
SEVERE: Exception while executing runnable org.apache.ratis.thirdparty.io.grpc.internal.ServerImpl$JumpToApplicationThreadServerStreamListener$1Closed@4eff8cec
org.apache.ratis.thirdparty.io.grpc.StatusRuntimeException: CANCELLED: call already cancelled
	at org.apache.ratis.thirdparty.io.grpc.Status.asRuntimeException(Status.java:517)
	at org.apache.ratis.thirdparty.io.grpc.stub.ServerCalls$ServerCallStreamObserverImpl.onCompleted(ServerCalls.java:356)
	at org.apache.ratis.grpc.server.GrpcServerProtocolService$ServerRequestStreamObserver.onError(GrpcServerProtocolService.java:121)
	at org.apache.ratis.thirdparty.io.grpc.stub.ServerCalls$StreamingServerCallHandler$StreamingServerCallListener.onCancel(ServerCalls.java:269)
	at org.apache.ratis.thirdparty.io.grpc.internal.ServerCallImpl$ServerStreamListenerImpl.closed(ServerCallImpl.java:293)
	at org.apache.ratis.thirdparty.io.grpc.internal.ServerImpl$JumpToApplicationThreadServerStreamListener$1Closed.runInContext(ServerImpl.java:741)
	at org.apache.ratis.thirdparty.io.grpc.internal.ContextRunnable.run(ContextRunnable.java:37)
	at org.apache.ratis.thirdparty.io.grpc.internal.SerializingExecutor.run(SerializingExecutor.java:123)
	at java.util.concurrent.ThreadPoolExecutor.runWorker(ThreadPoolExecutor.java:1149)
	at java.util.concurrent.ThreadPoolExecutor$Worker.run(ThreadPoolExecutor.java:624)
	at java.lang.Thread.run(Thread.java:748)

]]></system-err>
  </testcase>
</testsuite>