<?xml version="1.0" encoding="UTF-8"?>
<testsuite xmlns:xsi="http://www.w3.org/2001/XMLSchema-instance" xsi:noNamespaceSchemaLocation="https://maven.apache.org/surefire/maven-surefire-plugin/xsd/surefire-test-report.xsd" name="org.apache.hadoop.ozone.client.rpc.TestBlockOutputStreamWithFailures" time="736.067" tests="8" errors="0" skipped="0" failures="1">
  <properties>
    <property name="awt.toolkit" value="sun.awt.X11.XToolkit"/>
    <property name="file.encoding.pkg" value="sun.io"/>
    <property name="java.specification.version" value="1.8"/>
    <property name="sun.cpu.isalist" value=""/>
    <property name="sun.jnu.encoding" value="UTF-8"/>
    <property name="java.class.path" value="/workdir/hadoop-ozone/integration-test/target/test-classes:/workdir/hadoop-ozone/integration-test/target/classes:/home/user/.m2/repository/org/apache/hadoop/hadoop-ozone-common/0.5.0-SNAPSHOT/hadoop-ozone-common-0.5.0-SNAPSHOT.jar:/home/user/.m2/repository/org/apache/commons/commons-compress/1.4.1/commons-compress-1.4.1.jar:/home/user/.m2/repository/org/tukaani/xz/1.0/xz-1.0.jar:/home/user/.m2/repository/org/apache/hadoop/hadoop-common/3.2.0/hadoop-common-3.2.0.jar:/home/user/.m2/repository/org/apache/hadoop/hadoop-hdfs/3.2.0/hadoop-hdfs-3.2.0.jar:/home/user/.m2/repository/org/apache/hadoop/hadoop-hdfs-client/3.2.0/hadoop-hdfs-client-3.2.0.jar:/home/user/.m2/repository/com/fasterxml/jackson/core/jackson-annotations/2.9.9/jackson-annotations-2.9.9.jar:/home/user/.m2/repository/org/apache/hadoop/hadoop-hdds-common/0.5.0-SNAPSHOT/hadoop-hdds-common-0.5.0-SNAPSHOT.jar:/home/user/.m2/repository/javax/annotation/javax.annotation-api/1.2/javax.annotation-api-1.2.jar:/home/user/.m2/repository/org/apache/ratis/ratis-server/0.5.0-201fc85-SNAPSHOT/ratis-server-0.5.0-201fc85-SNAPSHOT.jar:/home/user/.m2/repository/org/apache/ratis/ratis-thirdparty-misc/0.2.0/ratis-thirdparty-misc-0.2.0.jar:/home/user/.m2/repository/org/apache/ratis/ratis-proto/0.5.0-201fc85-SNAPSHOT/ratis-proto-0.5.0-201fc85-SNAPSHOT.jar:/home/user/.m2/repository/org/apache/ratis/ratis-common/0.5.0-201fc85-SNAPSHOT/ratis-common-0.5.0-201fc85-SNAPSHOT.jar:/home/user/.m2/repository/org/apache/ratis/ratis-client/0.5.0-201fc85-SNAPSHOT/ratis-client-0.5.0-201fc85-SNAPSHOT.jar:/home/user/.m2/repository/org/apache/ratis/ratis-metrics/0.5.0-201fc85-SNAPSHOT/ratis-metrics-0.5.0-201fc85-SNAPSHOT.jar:/home/user/.m2/repository/com/github/joshelser/dropwizard-metrics-hadoop-metrics2-reporter/0.1.2/dropwizard-metrics-hadoop-metrics2-reporter-0.1.2.jar:/home/user/.m2/repository/io/dropwizard/metrics/metrics-jvm/3.2.5/metrics-jvm-3.2.5.jar:/home/user/.m2/repository/io/dropwizard/metrics/metrics-ganglia/3.2.5/metrics-ganglia-3.2.5.jar:/home/user/.m2/repository/info/ganglia/gmetric4j/gmetric4j/1.0.7/gmetric4j-1.0.7.jar:/home/user/.m2/repository/org/apache/ratis/ratis-netty/0.5.0-201fc85-SNAPSHOT/ratis-netty-0.5.0-201fc85-SNAPSHOT.jar:/home/user/.m2/repository/org/apache/ratis/ratis-grpc/0.5.0-201fc85-SNAPSHOT/ratis-grpc-0.5.0-201fc85-SNAPSHOT.jar:/home/user/.m2/repository/org/rocksdb/rocksdbjni/6.0.1/rocksdbjni-6.0.1.jar:/home/user/.m2/repository/org/apache/logging/log4j/log4j-api/2.11.0/log4j-api-2.11.0.jar:/home/user/.m2/repository/org/apache/logging/log4j/log4j-core/2.11.0/log4j-core-2.11.0.jar:/home/user/.m2/repository/com/lmax/disruptor/3.4.2/disruptor-3.4.2.jar:/home/user/.m2/repository/org/apache/commons/commons-pool2/2.6.0/commons-pool2-2.6.0.jar:/home/user/.m2/repository/org/bouncycastle/bcpkix-jdk15on/1.60/bcpkix-jdk15on-1.60.jar:/home/user/.m2/repository/commons-validator/commons-validator/1.6/commons-validator-1.6.jar:/home/user/.m2/repository/commons-digester/commons-digester/1.8.1/commons-digester-1.8.1.jar:/home/user/.m2/repository/io/jaegertracing/jaeger-client/0.34.0/jaeger-client-0.34.0.jar:/home/user/.m2/repository/io/jaegertracing/jaeger-thrift/0.34.0/jaeger-thrift-0.34.0.jar:/home/user/.m2/repository/org/apache/thrift/libthrift/0.12.0/libthrift-0.12.0.jar:/home/user/.m2/repository/com/squareup/okhttp3/okhttp/3.9.0/okhttp-3.9.0.jar:/home/user/.m2/repository/com/squareup/okio/okio/1.13.0/okio-1.13.0.jar:/home/user/.m2/repository/io/jaegertracing/jaeger-core/0.34.0/jaeger-core-0.34.0.jar:/home/user/.m2/repository/io/jaegertracing/jaeger-tracerresolver/0.34.0/jaeger-tracerresolver-0.34.0.jar:/home/user/.m2/repository/io/opentracing/contrib/opentracing-tracerresolver/0.1.5/opentracing-tracerresolver-0.1.5.jar:/home/user/.m2/repository/io/opentracing/opentracing-util/0.31.0/opentracing-util-0.31.0.jar:/home/user/.m2/repository/io/opentracing/opentracing-api/0.31.0/opentracing-api-0.31.0.jar:/home/user/.m2/repository/io/opentracing/opentracing-noop/0.31.0/opentracing-noop-0.31.0.jar:/home/user/.m2/repository/org/apache/hadoop/hadoop-hdds-server-framework/0.5.0-SNAPSHOT/hadoop-hdds-server-framework-0.5.0-SNAPSHOT.jar:/home/user/.m2/repository/org/apache/hadoop/hadoop-hdds-container-service/0.5.0-SNAPSHOT/hadoop-hdds-container-service-0.5.0-SNAPSHOT.jar:/home/user/.m2/repository/org/apache/hadoop/hadoop-hdds-client/0.5.0-SNAPSHOT/hadoop-hdds-client-0.5.0-SNAPSHOT.jar:/home/user/.m2/repository/org/apache/hadoop/hadoop-hdds-tools/0.5.0-SNAPSHOT/hadoop-hdds-tools-0.5.0-SNAPSHOT.jar:/home/user/.m2/repository/org/apache/hadoop/hadoop-hdds-server-scm/0.5.0-SNAPSHOT/hadoop-hdds-server-scm-0.5.0-SNAPSHOT.jar:/home/user/.m2/repository/org/apache/hadoop/hadoop-hdds-docs/0.5.0-SNAPSHOT/hadoop-hdds-docs-0.5.0-SNAPSHOT.jar:/home/user/.m2/repository/io/dropwizard/metrics/metrics-core/3.2.4/metrics-core-3.2.4.jar:/home/user/.m2/repository/org/hamcrest/hamcrest-all/1.3/hamcrest-all-1.3.jar:/home/user/.m2/repository/org/bouncycastle/bcprov-jdk15on/1.60/bcprov-jdk15on-1.60.jar:/home/user/.m2/repository/info/picocli/picocli/3.9.6/picocli-3.9.6.jar:/home/user/.m2/repository/com/google/protobuf/protobuf-java/2.5.0/protobuf-java-2.5.0.jar:/home/user/.m2/repository/com/google/guava/guava/11.0.2/guava-11.0.2.jar:/home/user/.m2/repository/org/apache/hadoop/hadoop-ozone-ozone-manager/0.5.0-SNAPSHOT/hadoop-ozone-ozone-manager-0.5.0-SNAPSHOT.jar:/home/user/.m2/repository/org/apache/hadoop/hadoop-minikdc/3.2.0/hadoop-minikdc-3.2.0.jar:/home/user/.m2/repository/commons-io/commons-io/2.5/commons-io-2.5.jar:/home/user/.m2/repository/org/apache/kerby/kerb-simplekdc/1.0.1/kerb-simplekdc-1.0.1.jar:/home/user/.m2/repository/org/apache/kerby/kerb-client/1.0.1/kerb-client-1.0.1.jar:/home/user/.m2/repository/org/apache/kerby/kerby-config/1.0.1/kerby-config-1.0.1.jar:/home/user/.m2/repository/org/apache/kerby/kerb-core/1.0.1/kerb-core-1.0.1.jar:/home/user/.m2/repository/org/apache/kerby/kerby-pkix/1.0.1/kerby-pkix-1.0.1.jar:/home/user/.m2/repository/org/apache/kerby/kerby-asn1/1.0.1/kerby-asn1-1.0.1.jar:/home/user/.m2/repository/org/apache/kerby/kerby-util/1.0.1/kerby-util-1.0.1.jar:/home/user/.m2/repository/org/apache/kerby/kerb-common/1.0.1/kerb-common-1.0.1.jar:/home/user/.m2/repository/org/apache/kerby/kerb-crypto/1.0.1/kerb-crypto-1.0.1.jar:/home/user/.m2/repository/org/apache/kerby/kerb-util/1.0.1/kerb-util-1.0.1.jar:/home/user/.m2/repository/org/apache/kerby/token-provider/1.0.1/token-provider-1.0.1.jar:/home/user/.m2/repository/org/apache/kerby/kerb-admin/1.0.1/kerb-admin-1.0.1.jar:/home/user/.m2/repository/org/apache/kerby/kerb-server/1.0.1/kerb-server-1.0.1.jar:/home/user/.m2/repository/org/apache/kerby/kerb-identity/1.0.1/kerb-identity-1.0.1.jar:/home/user/.m2/repository/org/apache/kerby/kerby-xdr/1.0.1/kerby-xdr-1.0.1.jar:/home/user/.m2/repository/org/slf4j/slf4j-log4j12/1.7.25/slf4j-log4j12-1.7.25.jar:/home/user/.m2/repository/org/apache/hadoop/hadoop-ozone-s3gateway/0.5.0-SNAPSHOT/hadoop-ozone-s3gateway-0.5.0-SNAPSHOT.jar:/home/user/.m2/repository/org/jboss/weld/servlet/weld-servlet/2.4.7.Final/weld-servlet-2.4.7.Final.jar:/home/user/.m2/repository/org/glassfish/jersey/containers/jersey-container-servlet-core/2.27/jersey-container-servlet-core-2.27.jar:/home/user/.m2/repository/org/glassfish/hk2/external/javax.inject/2.5.0-b42/javax.inject-2.5.0-b42.jar:/home/user/.m2/repository/org/glassfish/jersey/core/jersey-common/2.27/jersey-common-2.27.jar:/home/user/.m2/repository/org/glassfish/hk2/osgi-resource-locator/1.0.1/osgi-resource-locator-1.0.1.jar:/home/user/.m2/repository/javax/ws/rs/javax.ws.rs-api/2.1/javax.ws.rs-api-2.1.jar:/home/user/.m2/repository/org/glassfish/jersey/ext/cdi/jersey-cdi1x/2.27/jersey-cdi1x-2.27.jar:/home/user/.m2/repository/org/glassfish/jersey/inject/jersey-hk2/2.27/jersey-hk2-2.27.jar:/home/user/.m2/repository/org/glassfish/hk2/hk2-locator/2.5.0-b42/hk2-locator-2.5.0-b42.jar:/home/user/.m2/repository/org/javassist/javassist/3.22.0-CR2/javassist-3.22.0-CR2.jar:/home/user/.m2/repository/org/glassfish/hk2/hk2-api/2.5.0/hk2-api-2.5.0.jar:/home/user/.m2/repository/org/glassfish/hk2/external/jakarta.inject/2.5.0/jakarta.inject-2.5.0.jar:/home/user/.m2/repository/org/glassfish/hk2/hk2-utils/2.5.0/hk2-utils-2.5.0.jar:/home/user/.m2/repository/jakarta/annotation/jakarta.annotation-api/1.3.4/jakarta.annotation-api-1.3.4.jar:/home/user/.m2/repository/org/glassfish/hk2/external/aopalliance-repackaged/2.5.0/aopalliance-repackaged-2.5.0.jar:/home/user/.m2/repository/com/fasterxml/jackson/dataformat/jackson-dataformat-xml/2.9.0/jackson-dataformat-xml-2.9.0.jar:/home/user/.m2/repository/com/fasterxml/jackson/core/jackson-core/2.9.9/jackson-core-2.9.9.jar:/home/user/.m2/repository/com/fasterxml/jackson/module/jackson-module-jaxb-annotations/2.9.9/jackson-module-jaxb-annotations-2.9.9.jar:/home/user/.m2/repository/javax/enterprise/cdi-api/1.2/cdi-api-1.2.jar:/home/user/.m2/repository/javax/el/javax.el-api/3.0.0/javax.el-api-3.0.0.jar:/home/user/.m2/repository/javax/interceptor/javax.interceptor-api/1.2/javax.interceptor-api-1.2.jar:/home/user/.m2/repository/javax/inject/javax.inject/1/javax.inject-1.jar:/home/user/.m2/repository/com/sun/xml/bind/jaxb-impl/2.3.0.1/jaxb-impl-2.3.0.1.jar:/home/user/.m2/repository/com/sun/xml/bind/jaxb-core/2.3.0.1/jaxb-core-2.3.0.1.jar:/home/user/.m2/repository/javax/xml/bind/jaxb-api/2.3.0/jaxb-api-2.3.0.jar:/home/user/.m2/repository/javax/activation/activation/1.1.1/activation-1.1.1.jar:/home/user/.m2/repository/org/apache/hadoop/hadoop-ozone-csi/0.5.0-SNAPSHOT/hadoop-ozone-csi-0.5.0-SNAPSHOT.jar:/home/user/.m2/repository/com/google/protobuf/protobuf-java-util/3.5.1/protobuf-java-util-3.5.1.jar:/home/user/.m2/repository/org/apache/hadoop/hadoop-hdds-config/0.5.0-SNAPSHOT/hadoop-hdds-config-0.5.0-SNAPSHOT.jar:/home/user/.m2/repository/io/grpc/grpc-netty/1.17.1/grpc-netty-1.17.1.jar:/home/user/.m2/repository/io/grpc/grpc-core/1.17.1/grpc-core-1.17.1.jar:/home/user/.m2/repository/io/grpc/grpc-context/1.17.1/grpc-context-1.17.1.jar:/home/user/.m2/repository/com/google/errorprone/error_prone_annotations/2.2.0/error_prone_annotations-2.2.0.jar:/home/user/.m2/repository/org/codehaus/mojo/animal-sniffer-annotations/1.17/animal-sniffer-annotations-1.17.jar:/home/user/.m2/repository/io/opencensus/opencensus-api/0.17.0/opencensus-api-0.17.0.jar:/home/user/.m2/repository/io/opencensus/opencensus-contrib-grpc-metrics/0.17.0/opencensus-contrib-grpc-metrics-0.17.0.jar:/home/user/.m2/repository/io/netty/netty-codec-http2/4.1.30.Final/netty-codec-http2-4.1.30.Final.jar:/home/user/.m2/repository/io/netty/netty-codec-http/4.1.30.Final/netty-codec-http-4.1.30.Final.jar:/home/user/.m2/repository/io/netty/netty-codec/4.1.30.Final/netty-codec-4.1.30.Final.jar:/home/user/.m2/repository/io/netty/netty-handler/4.1.30.Final/netty-handler-4.1.30.Final.jar:/home/user/.m2/repository/io/netty/netty-handler-proxy/4.1.30.Final/netty-handler-proxy-4.1.30.Final.jar:/home/user/.m2/repository/io/netty/netty-codec-socks/4.1.30.Final/netty-codec-socks-4.1.30.Final.jar:/home/user/.m2/repository/io/netty/netty-transport-native-epoll/4.1.30.Final/netty-transport-native-epoll-4.1.30.Final.jar:/home/user/.m2/repository/io/netty/netty-common/4.1.30.Final/netty-common-4.1.30.Final.jar:/home/user/.m2/repository/io/netty/netty-buffer/4.1.30.Final/netty-buffer-4.1.30.Final.jar:/home/user/.m2/repository/io/netty/netty-transport/4.1.30.Final/netty-transport-4.1.30.Final.jar:/home/user/.m2/repository/io/netty/netty-resolver/4.1.30.Final/netty-resolver-4.1.30.Final.jar:/home/user/.m2/repository/io/netty/netty-transport-native-unix-common/4.1.30.Final/netty-transport-native-unix-common-4.1.30.Final.jar:/home/user/.m2/repository/io/grpc/grpc-protobuf/1.17.1/grpc-protobuf-1.17.1.jar:/home/user/.m2/repository/com/google/api/grpc/proto-google-common-protos/1.0.0/proto-google-common-protos-1.0.0.jar:/home/user/.m2/repository/io/grpc/grpc-protobuf-lite/1.17.1/grpc-protobuf-lite-1.17.1.jar:/home/user/.m2/repository/io/grpc/grpc-stub/1.17.1/grpc-stub-1.17.1.jar:/home/user/.m2/repository/org/apache/hadoop/hadoop-ozone-recon/0.5.0-SNAPSHOT/hadoop-ozone-recon-0.5.0-SNAPSHOT.jar:/home/user/.m2/repository/org/apache/hadoop/hadoop-ozone-reconcodegen/0.5.0-SNAPSHOT/hadoop-ozone-reconcodegen-0.5.0-SNAPSHOT.jar:/home/user/.m2/repository/com/google/inject/extensions/guice-multibindings/4.0/guice-multibindings-4.0.jar:/home/user/.m2/repository/com/google/inject/guice/4.0/guice-4.0.jar:/home/user/.m2/repository/aopalliance/aopalliance/1.0/aopalliance-1.0.jar:/home/user/.m2/repository/com/google/inject/extensions/guice-servlet/4.0/guice-servlet-4.0.jar:/home/user/.m2/repository/org/glassfish/jersey/containers/jersey-container-servlet/2.27/jersey-container-servlet-2.27.jar:/home/user/.m2/repository/org/glassfish/hk2/guice-bridge/2.5.0/guice-bridge-2.5.0.jar:/home/user/.m2/repository/org/glassfish/jersey/core/jersey-server/2.27/jersey-server-2.27.jar:/home/user/.m2/repository/org/glassfish/jersey/core/jersey-client/2.27/jersey-client-2.27.jar:/home/user/.m2/repository/org/glassfish/jersey/media/jersey-media-jaxb/2.27/jersey-media-jaxb-2.27.jar:/home/user/.m2/repository/javax/validation/validation-api/1.1.0.Final/validation-api-1.1.0.Final.jar:/home/user/.m2/repository/org/glassfish/jersey/media/jersey-media-json-jackson/2.27/jersey-media-json-jackson-2.27.jar:/home/user/.m2/repository/org/glassfish/jersey/ext/jersey-entity-filtering/2.27/jersey-entity-filtering-2.27.jar:/home/user/.m2/repository/com/google/inject/extensions/guice-assistedinject/4.0/guice-assistedinject-4.0.jar:/home/user/.m2/repository/org/jooq/jooq/3.11.10/jooq-3.11.10.jar:/home/user/.m2/repository/org/jooq/jooq-meta/3.11.10/jooq-meta-3.11.10.jar:/home/user/.m2/repository/org/jooq/jooq-codegen/3.11.10/jooq-codegen-3.11.10.jar:/home/user/.m2/repository/com/jolbox/bonecp/0.8.0.RELEASE/bonecp-0.8.0.RELEASE.jar:/home/user/.m2/repository/org/xerial/sqlite-jdbc/3.25.2/sqlite-jdbc-3.25.2.jar:/home/user/.m2/repository/org/springframework/spring-jdbc/5.1.3.RELEASE/spring-jdbc-5.1.3.RELEASE.jar:/home/user/.m2/repository/org/springframework/spring-beans/5.1.3.RELEASE/spring-beans-5.1.3.RELEASE.jar:/home/user/.m2/repository/org/springframework/spring-core/5.1.3.RELEASE/spring-core-5.1.3.RELEASE.jar:/home/user/.m2/repository/org/springframework/spring-jcl/5.1.3.RELEASE/spring-jcl-5.1.3.RELEASE.jar:/home/user/.m2/repository/org/springframework/spring-tx/5.1.3.RELEASE/spring-tx-5.1.3.RELEASE.jar:/home/user/.m2/repository/org/apache/hadoop/hadoop-ozone-client/0.5.0-SNAPSHOT/hadoop-ozone-client-0.5.0-SNAPSHOT.jar:/home/user/.m2/repository/commons-lang/commons-lang/2.6/commons-lang-2.6.jar:/home/user/.m2/repository/org/apache/hadoop/hadoop-ozone-ozone-manager/0.5.0-SNAPSHOT/hadoop-ozone-ozone-manager-0.5.0-SNAPSHOT-tests.jar:/home/user/.m2/repository/junit/junit/4.11/junit-4.11.jar:/home/user/.m2/repository/org/hamcrest/hamcrest-core/1.3/hamcrest-core-1.3.jar:/home/user/.m2/repository/org/openjdk/jmh/jmh-core/1.19/jmh-core-1.19.jar:/home/user/.m2/repository/net/sf/jopt-simple/jopt-simple/4.6/jopt-simple-4.6.jar:/home/user/.m2/repository/org/apache/commons/commons-math3/3.1.1/commons-math3-3.1.1.jar:/home/user/.m2/repository/org/openjdk/jmh/jmh-generator-annprocess/1.19/jmh-generator-annprocess-1.19.jar:/home/user/.m2/repository/org/mockito/mockito-all/1.8.5/mockito-all-1.8.5.jar:/home/user/.m2/repository/org/apache/hadoop/hadoop-kms/3.2.0/hadoop-kms-3.2.0.jar:/home/user/.m2/repository/org/apache/hadoop/hadoop-auth/3.2.0/hadoop-auth-3.2.0.jar:/home/user/.m2/repository/com/nimbusds/nimbus-jose-jwt/4.41.1/nimbus-jose-jwt-4.41.1.jar:/home/user/.m2/repository/com/github/stephenc/jcip/jcip-annotations/1.0-1/jcip-annotations-1.0-1.jar:/home/user/.m2/repository/net/minidev/json-smart/2.3/json-smart-2.3.jar:/home/user/.m2/repository/net/minidev/accessors-smart/1.2/accessors-smart-1.2.jar:/home/user/.m2/repository/org/ow2/asm/asm/5.0.4/asm-5.0.4.jar:/home/user/.m2/repository/org/apache/curator/curator-framework/2.12.0/curator-framework-2.12.0.jar:/home/user/.m2/repository/com/sun/jersey/jersey-core/1.19/jersey-core-1.19.jar:/home/user/.m2/repository/javax/ws/rs/jsr311-api/1.1.1/jsr311-api-1.1.1.jar:/home/user/.m2/repository/com/sun/jersey/jersey-server/1.19/jersey-server-1.19.jar:/home/user/.m2/repository/javax/servlet/javax.servlet-api/3.1.0/javax.servlet-api-3.1.0.jar:/home/user/.m2/repository/org/eclipse/jetty/jetty-server/9.3.25.v20180904/jetty-server-9.3.25.v20180904.jar:/home/user/.m2/repository/org/eclipse/jetty/jetty-http/9.3.25.v20180904/jetty-http-9.3.25.v20180904.jar:/home/user/.m2/repository/org/eclipse/jetty/jetty-io/9.3.25.v20180904/jetty-io-9.3.25.v20180904.jar:/home/user/.m2/repository/org/eclipse/jetty/jetty-webapp/9.3.25.v20180904/jetty-webapp-9.3.25.v20180904.jar:/home/user/.m2/repository/org/eclipse/jetty/jetty-xml/9.3.25.v20180904/jetty-xml-9.3.25.v20180904.jar:/home/user/.m2/repository/log4j/log4j/1.2.17/log4j-1.2.17.jar:/home/user/.m2/repository/org/slf4j/slf4j-api/1.7.25/slf4j-api-1.7.25.jar:/home/user/.m2/repository/org/slf4j/jul-to-slf4j/1.7.25/jul-to-slf4j-1.7.25.jar:/home/user/.m2/repository/org/eclipse/jetty/jetty-util/9.3.25.v20180904/jetty-util-9.3.25.v20180904.jar:/home/user/.m2/repository/com/fasterxml/jackson/core/jackson-databind/2.9.9/jackson-databind-2.9.9.jar:/home/user/.m2/repository/org/apache/hadoop/hadoop-kms/3.2.0/hadoop-kms-3.2.0-tests.jar:/home/user/.m2/repository/org/apache/hadoop/hadoop-hdds-server-scm/0.5.0-SNAPSHOT/hadoop-hdds-server-scm-0.5.0-SNAPSHOT-tests.jar:/home/user/.m2/repository/org/apache/hadoop/hadoop-hdds-container-service/0.5.0-SNAPSHOT/hadoop-hdds-container-service-0.5.0-SNAPSHOT-tests.jar:/home/user/.m2/repository/org/yaml/snakeyaml/1.16/snakeyaml-1.16.jar:/home/user/.m2/repository/org/apache/hadoop/hadoop-common/3.2.0/hadoop-common-3.2.0-tests.jar:/home/user/.m2/repository/org/apache/hadoop/hadoop-annotations/3.2.0/hadoop-annotations-3.2.0.jar:/usr/lib/jvm/java-1.8-openjdk/jre/../lib/tools.jar:/home/user/.m2/repository/commons-cli/commons-cli/1.2/commons-cli-1.2.jar:/home/user/.m2/repository/org/apache/httpcomponents/httpclient/4.5.2/httpclient-4.5.2.jar:/home/user/.m2/repository/org/apache/httpcomponents/httpcore/4.4.4/httpcore-4.4.4.jar:/home/user/.m2/repository/commons-codec/commons-codec/1.11/commons-codec-1.11.jar:/home/user/.m2/repository/commons-net/commons-net/3.6/commons-net-3.6.jar:/home/user/.m2/repository/commons-collections/commons-collections/3.2.2/commons-collections-3.2.2.jar:/home/user/.m2/repository/org/eclipse/jetty/jetty-servlet/9.3.25.v20180904/jetty-servlet-9.3.25.v20180904.jar:/home/user/.m2/repository/org/eclipse/jetty/jetty-security/9.3.25.v20180904/jetty-security-9.3.25.v20180904.jar:/home/user/.m2/repository/javax/servlet/jsp/jsp-api/2.1/jsp-api-2.1.jar:/home/user/.m2/repository/com/sun/jersey/jersey-servlet/1.19/jersey-servlet-1.19.jar:/home/user/.m2/repository/com/sun/jersey/jersey-json/1.19/jersey-json-1.19.jar:/home/user/.m2/repository/org/codehaus/jettison/jettison/1.1/jettison-1.1.jar:/home/user/.m2/repository/org/codehaus/jackson/jackson-core-asl/1.9.13/jackson-core-asl-1.9.13.jar:/home/user/.m2/repository/org/codehaus/jackson/jackson-mapper-asl/1.9.13/jackson-mapper-asl-1.9.13.jar:/home/user/.m2/repository/org/codehaus/jackson/jackson-jaxrs/1.9.13/jackson-jaxrs-1.9.13.jar:/home/user/.m2/repository/org/codehaus/jackson/jackson-xc/1.9.13/jackson-xc-1.9.13.jar:/home/user/.m2/repository/commons-logging/commons-logging/1.1.3/commons-logging-1.1.3.jar:/home/user/.m2/repository/commons-beanutils/commons-beanutils/1.9.4/commons-beanutils-1.9.4.jar:/home/user/.m2/repository/org/apache/commons/commons-configuration2/2.1.1/commons-configuration2-2.1.1.jar:/home/user/.m2/repository/org/apache/commons/commons-lang3/3.7/commons-lang3-3.7.jar:/home/user/.m2/repository/org/apache/commons/commons-text/1.4/commons-text-1.4.jar:/home/user/.m2/repository/org/apache/avro/avro/1.7.7/avro-1.7.7.jar:/home/user/.m2/repository/com/thoughtworks/paranamer/paranamer/2.3/paranamer-2.3.jar:/home/user/.m2/repository/org/xerial/snappy/snappy-java/1.0.5/snappy-java-1.0.5.jar:/home/user/.m2/repository/com/google/re2j/re2j/1.1/re2j-1.1.jar:/home/user/.m2/repository/com/google/code/gson/gson/2.2.4/gson-2.2.4.jar:/home/user/.m2/repository/com/jcraft/jsch/0.1.54/jsch-0.1.54.jar:/home/user/.m2/repository/org/apache/curator/curator-client/2.12.0/curator-client-2.12.0.jar:/home/user/.m2/repository/org/apache/curator/curator-recipes/2.12.0/curator-recipes-2.12.0.jar:/home/user/.m2/repository/com/google/code/findbugs/jsr305/3.0.0/jsr305-3.0.0.jar:/home/user/.m2/repository/org/apache/htrace/htrace-core4/4.1.0-incubating/htrace-core4-4.1.0-incubating.jar:/home/user/.m2/repository/org/apache/zookeeper/zookeeper/3.4.13/zookeeper-3.4.13.jar:/home/user/.m2/repository/jline/jline/0.9.94/jline-0.9.94.jar:/home/user/.m2/repository/org/apache/yetus/audience-annotations/0.5.0/audience-annotations-0.5.0.jar:/home/user/.m2/repository/org/codehaus/woodstox/stax2-api/3.1.4/stax2-api-3.1.4.jar:/home/user/.m2/repository/com/fasterxml/woodstox/woodstox-core/5.0.3/woodstox-core-5.0.3.jar:/home/user/.m2/repository/dnsjava/dnsjava/2.1.7/dnsjava-2.1.7.jar:/home/user/.m2/repository/org/apache/hadoop/hadoop-hdfs/3.2.0/hadoop-hdfs-3.2.0-tests.jar:/home/user/.m2/repository/org/eclipse/jetty/jetty-util-ajax/9.3.25.v20180904/jetty-util-ajax-9.3.25.v20180904.jar:/home/user/.m2/repository/commons-daemon/commons-daemon/1.0.13/commons-daemon-1.0.13.jar:/home/user/.m2/repository/io/netty/netty/3.10.5.Final/netty-3.10.5.Final.jar:/home/user/.m2/repository/io/netty/netty-all/4.0.52.Final/netty-all-4.0.52.Final.jar:/home/user/.m2/repository/org/fusesource/leveldbjni/leveldbjni-all/1.8/leveldbjni-all-1.8.jar:"/>
    <property name="java.vm.vendor" value="IcedTea"/>
    <property name="sun.arch.data.model" value="64"/>
    <property name="test.build.dir" value="/workdir/hadoop-ozone/integration-test/target/test-dir"/>
    <property name="test.cache.data" value=""/>
    <property name="java.vendor.url" value="https://icedtea.classpath.org"/>
    <property name="user.timezone" value=""/>
    <property name="java.vm.specification.version" value="1.8"/>
    <property name="os.name" value="Linux"/>
    <property name="test.build.data" value="/workdir/hadoop-ozone/integration-test/target/test-dir"/>
    <property name="user.country" value="US"/>
    <property name="sun.java.launcher" value="SUN_STANDARD"/>
    <property name="sun.boot.library.path" value="/usr/lib/jvm/java-1.8-openjdk/jre/lib/amd64"/>
    <property name="sun.java.command" value="/workdir/hadoop-ozone/integration-test/target/surefire/surefirebooter4548374906910331807.jar /workdir/hadoop-ozone/integration-test/target/surefire 2019-10-11T02-23-43_936-jvmRun1 surefire4896719892023773605tmp surefire_664568949101288086904tmp"/>
    <property name="test" value="!TestMiniChaosOzoneCluster"/>
    <property name="surefire.test.class.path" value="/workdir/hadoop-ozone/integration-test/target/test-classes:/workdir/hadoop-ozone/integration-test/target/classes:/home/user/.m2/repository/org/apache/hadoop/hadoop-ozone-common/0.5.0-SNAPSHOT/hadoop-ozone-common-0.5.0-SNAPSHOT.jar:/home/user/.m2/repository/org/apache/commons/commons-compress/1.4.1/commons-compress-1.4.1.jar:/home/user/.m2/repository/org/tukaani/xz/1.0/xz-1.0.jar:/home/user/.m2/repository/org/apache/hadoop/hadoop-common/3.2.0/hadoop-common-3.2.0.jar:/home/user/.m2/repository/org/apache/hadoop/hadoop-hdfs/3.2.0/hadoop-hdfs-3.2.0.jar:/home/user/.m2/repository/org/apache/hadoop/hadoop-hdfs-client/3.2.0/hadoop-hdfs-client-3.2.0.jar:/home/user/.m2/repository/com/fasterxml/jackson/core/jackson-annotations/2.9.9/jackson-annotations-2.9.9.jar:/home/user/.m2/repository/org/apache/hadoop/hadoop-hdds-common/0.5.0-SNAPSHOT/hadoop-hdds-common-0.5.0-SNAPSHOT.jar:/home/user/.m2/repository/javax/annotation/javax.annotation-api/1.2/javax.annotation-api-1.2.jar:/home/user/.m2/repository/org/apache/ratis/ratis-server/0.5.0-201fc85-SNAPSHOT/ratis-server-0.5.0-201fc85-SNAPSHOT.jar:/home/user/.m2/repository/org/apache/ratis/ratis-thirdparty-misc/0.2.0/ratis-thirdparty-misc-0.2.0.jar:/home/user/.m2/repository/org/apache/ratis/ratis-proto/0.5.0-201fc85-SNAPSHOT/ratis-proto-0.5.0-201fc85-SNAPSHOT.jar:/home/user/.m2/repository/org/apache/ratis/ratis-common/0.5.0-201fc85-SNAPSHOT/ratis-common-0.5.0-201fc85-SNAPSHOT.jar:/home/user/.m2/repository/org/apache/ratis/ratis-client/0.5.0-201fc85-SNAPSHOT/ratis-client-0.5.0-201fc85-SNAPSHOT.jar:/home/user/.m2/repository/org/apache/ratis/ratis-metrics/0.5.0-201fc85-SNAPSHOT/ratis-metrics-0.5.0-201fc85-SNAPSHOT.jar:/home/user/.m2/repository/com/github/joshelser/dropwizard-metrics-hadoop-metrics2-reporter/0.1.2/dropwizard-metrics-hadoop-metrics2-reporter-0.1.2.jar:/home/user/.m2/repository/io/dropwizard/metrics/metrics-jvm/3.2.5/metrics-jvm-3.2.5.jar:/home/user/.m2/repository/io/dropwizard/metrics/metrics-ganglia/3.2.5/metrics-ganglia-3.2.5.jar:/home/user/.m2/repository/info/ganglia/gmetric4j/gmetric4j/1.0.7/gmetric4j-1.0.7.jar:/home/user/.m2/repository/org/apache/ratis/ratis-netty/0.5.0-201fc85-SNAPSHOT/ratis-netty-0.5.0-201fc85-SNAPSHOT.jar:/home/user/.m2/repository/org/apache/ratis/ratis-grpc/0.5.0-201fc85-SNAPSHOT/ratis-grpc-0.5.0-201fc85-SNAPSHOT.jar:/home/user/.m2/repository/org/rocksdb/rocksdbjni/6.0.1/rocksdbjni-6.0.1.jar:/home/user/.m2/repository/org/apache/logging/log4j/log4j-api/2.11.0/log4j-api-2.11.0.jar:/home/user/.m2/repository/org/apache/logging/log4j/log4j-core/2.11.0/log4j-core-2.11.0.jar:/home/user/.m2/repository/com/lmax/disruptor/3.4.2/disruptor-3.4.2.jar:/home/user/.m2/repository/org/apache/commons/commons-pool2/2.6.0/commons-pool2-2.6.0.jar:/home/user/.m2/repository/org/bouncycastle/bcpkix-jdk15on/1.60/bcpkix-jdk15on-1.60.jar:/home/user/.m2/repository/commons-validator/commons-validator/1.6/commons-validator-1.6.jar:/home/user/.m2/repository/commons-digester/commons-digester/1.8.1/commons-digester-1.8.1.jar:/home/user/.m2/repository/io/jaegertracing/jaeger-client/0.34.0/jaeger-client-0.34.0.jar:/home/user/.m2/repository/io/jaegertracing/jaeger-thrift/0.34.0/jaeger-thrift-0.34.0.jar:/home/user/.m2/repository/org/apache/thrift/libthrift/0.12.0/libthrift-0.12.0.jar:/home/user/.m2/repository/com/squareup/okhttp3/okhttp/3.9.0/okhttp-3.9.0.jar:/home/user/.m2/repository/com/squareup/okio/okio/1.13.0/okio-1.13.0.jar:/home/user/.m2/repository/io/jaegertracing/jaeger-core/0.34.0/jaeger-core-0.34.0.jar:/home/user/.m2/repository/io/jaegertracing/jaeger-tracerresolver/0.34.0/jaeger-tracerresolver-0.34.0.jar:/home/user/.m2/repository/io/opentracing/contrib/opentracing-tracerresolver/0.1.5/opentracing-tracerresolver-0.1.5.jar:/home/user/.m2/repository/io/opentracing/opentracing-util/0.31.0/opentracing-util-0.31.0.jar:/home/user/.m2/repository/io/opentracing/opentracing-api/0.31.0/opentracing-api-0.31.0.jar:/home/user/.m2/repository/io/opentracing/opentracing-noop/0.31.0/opentracing-noop-0.31.0.jar:/home/user/.m2/repository/org/apache/hadoop/hadoop-hdds-server-framework/0.5.0-SNAPSHOT/hadoop-hdds-server-framework-0.5.0-SNAPSHOT.jar:/home/user/.m2/repository/org/apache/hadoop/hadoop-hdds-container-service/0.5.0-SNAPSHOT/hadoop-hdds-container-service-0.5.0-SNAPSHOT.jar:/home/user/.m2/repository/org/apache/hadoop/hadoop-hdds-client/0.5.0-SNAPSHOT/hadoop-hdds-client-0.5.0-SNAPSHOT.jar:/home/user/.m2/repository/org/apache/hadoop/hadoop-hdds-tools/0.5.0-SNAPSHOT/hadoop-hdds-tools-0.5.0-SNAPSHOT.jar:/home/user/.m2/repository/org/apache/hadoop/hadoop-hdds-server-scm/0.5.0-SNAPSHOT/hadoop-hdds-server-scm-0.5.0-SNAPSHOT.jar:/home/user/.m2/repository/org/apache/hadoop/hadoop-hdds-docs/0.5.0-SNAPSHOT/hadoop-hdds-docs-0.5.0-SNAPSHOT.jar:/home/user/.m2/repository/io/dropwizard/metrics/metrics-core/3.2.4/metrics-core-3.2.4.jar:/home/user/.m2/repository/org/hamcrest/hamcrest-all/1.3/hamcrest-all-1.3.jar:/home/user/.m2/repository/org/bouncycastle/bcprov-jdk15on/1.60/bcprov-jdk15on-1.60.jar:/home/user/.m2/repository/info/picocli/picocli/3.9.6/picocli-3.9.6.jar:/home/user/.m2/repository/com/google/protobuf/protobuf-java/2.5.0/protobuf-java-2.5.0.jar:/home/user/.m2/repository/com/google/guava/guava/11.0.2/guava-11.0.2.jar:/home/user/.m2/repository/org/apache/hadoop/hadoop-ozone-ozone-manager/0.5.0-SNAPSHOT/hadoop-ozone-ozone-manager-0.5.0-SNAPSHOT.jar:/home/user/.m2/repository/org/apache/hadoop/hadoop-minikdc/3.2.0/hadoop-minikdc-3.2.0.jar:/home/user/.m2/repository/commons-io/commons-io/2.5/commons-io-2.5.jar:/home/user/.m2/repository/org/apache/kerby/kerb-simplekdc/1.0.1/kerb-simplekdc-1.0.1.jar:/home/user/.m2/repository/org/apache/kerby/kerb-client/1.0.1/kerb-client-1.0.1.jar:/home/user/.m2/repository/org/apache/kerby/kerby-config/1.0.1/kerby-config-1.0.1.jar:/home/user/.m2/repository/org/apache/kerby/kerb-core/1.0.1/kerb-core-1.0.1.jar:/home/user/.m2/repository/org/apache/kerby/kerby-pkix/1.0.1/kerby-pkix-1.0.1.jar:/home/user/.m2/repository/org/apache/kerby/kerby-asn1/1.0.1/kerby-asn1-1.0.1.jar:/home/user/.m2/repository/org/apache/kerby/kerby-util/1.0.1/kerby-util-1.0.1.jar:/home/user/.m2/repository/org/apache/kerby/kerb-common/1.0.1/kerb-common-1.0.1.jar:/home/user/.m2/repository/org/apache/kerby/kerb-crypto/1.0.1/kerb-crypto-1.0.1.jar:/home/user/.m2/repository/org/apache/kerby/kerb-util/1.0.1/kerb-util-1.0.1.jar:/home/user/.m2/repository/org/apache/kerby/token-provider/1.0.1/token-provider-1.0.1.jar:/home/user/.m2/repository/org/apache/kerby/kerb-admin/1.0.1/kerb-admin-1.0.1.jar:/home/user/.m2/repository/org/apache/kerby/kerb-server/1.0.1/kerb-server-1.0.1.jar:/home/user/.m2/repository/org/apache/kerby/kerb-identity/1.0.1/kerb-identity-1.0.1.jar:/home/user/.m2/repository/org/apache/kerby/kerby-xdr/1.0.1/kerby-xdr-1.0.1.jar:/home/user/.m2/repository/org/slf4j/slf4j-log4j12/1.7.25/slf4j-log4j12-1.7.25.jar:/home/user/.m2/repository/org/apache/hadoop/hadoop-ozone-s3gateway/0.5.0-SNAPSHOT/hadoop-ozone-s3gateway-0.5.0-SNAPSHOT.jar:/home/user/.m2/repository/org/jboss/weld/servlet/weld-servlet/2.4.7.Final/weld-servlet-2.4.7.Final.jar:/home/user/.m2/repository/org/glassfish/jersey/containers/jersey-container-servlet-core/2.27/jersey-container-servlet-core-2.27.jar:/home/user/.m2/repository/org/glassfish/hk2/external/javax.inject/2.5.0-b42/javax.inject-2.5.0-b42.jar:/home/user/.m2/repository/org/glassfish/jersey/core/jersey-common/2.27/jersey-common-2.27.jar:/home/user/.m2/repository/org/glassfish/hk2/osgi-resource-locator/1.0.1/osgi-resource-locator-1.0.1.jar:/home/user/.m2/repository/javax/ws/rs/javax.ws.rs-api/2.1/javax.ws.rs-api-2.1.jar:/home/user/.m2/repository/org/glassfish/jersey/ext/cdi/jersey-cdi1x/2.27/jersey-cdi1x-2.27.jar:/home/user/.m2/repository/org/glassfish/jersey/inject/jersey-hk2/2.27/jersey-hk2-2.27.jar:/home/user/.m2/repository/org/glassfish/hk2/hk2-locator/2.5.0-b42/hk2-locator-2.5.0-b42.jar:/home/user/.m2/repository/org/javassist/javassist/3.22.0-CR2/javassist-3.22.0-CR2.jar:/home/user/.m2/repository/org/glassfish/hk2/hk2-api/2.5.0/hk2-api-2.5.0.jar:/home/user/.m2/repository/org/glassfish/hk2/external/jakarta.inject/2.5.0/jakarta.inject-2.5.0.jar:/home/user/.m2/repository/org/glassfish/hk2/hk2-utils/2.5.0/hk2-utils-2.5.0.jar:/home/user/.m2/repository/jakarta/annotation/jakarta.annotation-api/1.3.4/jakarta.annotation-api-1.3.4.jar:/home/user/.m2/repository/org/glassfish/hk2/external/aopalliance-repackaged/2.5.0/aopalliance-repackaged-2.5.0.jar:/home/user/.m2/repository/com/fasterxml/jackson/dataformat/jackson-dataformat-xml/2.9.0/jackson-dataformat-xml-2.9.0.jar:/home/user/.m2/repository/com/fasterxml/jackson/core/jackson-core/2.9.9/jackson-core-2.9.9.jar:/home/user/.m2/repository/com/fasterxml/jackson/module/jackson-module-jaxb-annotations/2.9.9/jackson-module-jaxb-annotations-2.9.9.jar:/home/user/.m2/repository/javax/enterprise/cdi-api/1.2/cdi-api-1.2.jar:/home/user/.m2/repository/javax/el/javax.el-api/3.0.0/javax.el-api-3.0.0.jar:/home/user/.m2/repository/javax/interceptor/javax.interceptor-api/1.2/javax.interceptor-api-1.2.jar:/home/user/.m2/repository/javax/inject/javax.inject/1/javax.inject-1.jar:/home/user/.m2/repository/com/sun/xml/bind/jaxb-impl/2.3.0.1/jaxb-impl-2.3.0.1.jar:/home/user/.m2/repository/com/sun/xml/bind/jaxb-core/2.3.0.1/jaxb-core-2.3.0.1.jar:/home/user/.m2/repository/javax/xml/bind/jaxb-api/2.3.0/jaxb-api-2.3.0.jar:/home/user/.m2/repository/javax/activation/activation/1.1.1/activation-1.1.1.jar:/home/user/.m2/repository/org/apache/hadoop/hadoop-ozone-csi/0.5.0-SNAPSHOT/hadoop-ozone-csi-0.5.0-SNAPSHOT.jar:/home/user/.m2/repository/com/google/protobuf/protobuf-java-util/3.5.1/protobuf-java-util-3.5.1.jar:/home/user/.m2/repository/org/apache/hadoop/hadoop-hdds-config/0.5.0-SNAPSHOT/hadoop-hdds-config-0.5.0-SNAPSHOT.jar:/home/user/.m2/repository/io/grpc/grpc-netty/1.17.1/grpc-netty-1.17.1.jar:/home/user/.m2/repository/io/grpc/grpc-core/1.17.1/grpc-core-1.17.1.jar:/home/user/.m2/repository/io/grpc/grpc-context/1.17.1/grpc-context-1.17.1.jar:/home/user/.m2/repository/com/google/errorprone/error_prone_annotations/2.2.0/error_prone_annotations-2.2.0.jar:/home/user/.m2/repository/org/codehaus/mojo/animal-sniffer-annotations/1.17/animal-sniffer-annotations-1.17.jar:/home/user/.m2/repository/io/opencensus/opencensus-api/0.17.0/opencensus-api-0.17.0.jar:/home/user/.m2/repository/io/opencensus/opencensus-contrib-grpc-metrics/0.17.0/opencensus-contrib-grpc-metrics-0.17.0.jar:/home/user/.m2/repository/io/netty/netty-codec-http2/4.1.30.Final/netty-codec-http2-4.1.30.Final.jar:/home/user/.m2/repository/io/netty/netty-codec-http/4.1.30.Final/netty-codec-http-4.1.30.Final.jar:/home/user/.m2/repository/io/netty/netty-codec/4.1.30.Final/netty-codec-4.1.30.Final.jar:/home/user/.m2/repository/io/netty/netty-handler/4.1.30.Final/netty-handler-4.1.30.Final.jar:/home/user/.m2/repository/io/netty/netty-handler-proxy/4.1.30.Final/netty-handler-proxy-4.1.30.Final.jar:/home/user/.m2/repository/io/netty/netty-codec-socks/4.1.30.Final/netty-codec-socks-4.1.30.Final.jar:/home/user/.m2/repository/io/netty/netty-transport-native-epoll/4.1.30.Final/netty-transport-native-epoll-4.1.30.Final.jar:/home/user/.m2/repository/io/netty/netty-common/4.1.30.Final/netty-common-4.1.30.Final.jar:/home/user/.m2/repository/io/netty/netty-buffer/4.1.30.Final/netty-buffer-4.1.30.Final.jar:/home/user/.m2/repository/io/netty/netty-transport/4.1.30.Final/netty-transport-4.1.30.Final.jar:/home/user/.m2/repository/io/netty/netty-resolver/4.1.30.Final/netty-resolver-4.1.30.Final.jar:/home/user/.m2/repository/io/netty/netty-transport-native-unix-common/4.1.30.Final/netty-transport-native-unix-common-4.1.30.Final.jar:/home/user/.m2/repository/io/grpc/grpc-protobuf/1.17.1/grpc-protobuf-1.17.1.jar:/home/user/.m2/repository/com/google/api/grpc/proto-google-common-protos/1.0.0/proto-google-common-protos-1.0.0.jar:/home/user/.m2/repository/io/grpc/grpc-protobuf-lite/1.17.1/grpc-protobuf-lite-1.17.1.jar:/home/user/.m2/repository/io/grpc/grpc-stub/1.17.1/grpc-stub-1.17.1.jar:/home/user/.m2/repository/org/apache/hadoop/hadoop-ozone-recon/0.5.0-SNAPSHOT/hadoop-ozone-recon-0.5.0-SNAPSHOT.jar:/home/user/.m2/repository/org/apache/hadoop/hadoop-ozone-reconcodegen/0.5.0-SNAPSHOT/hadoop-ozone-reconcodegen-0.5.0-SNAPSHOT.jar:/home/user/.m2/repository/com/google/inject/extensions/guice-multibindings/4.0/guice-multibindings-4.0.jar:/home/user/.m2/repository/com/google/inject/guice/4.0/guice-4.0.jar:/home/user/.m2/repository/aopalliance/aopalliance/1.0/aopalliance-1.0.jar:/home/user/.m2/repository/com/google/inject/extensions/guice-servlet/4.0/guice-servlet-4.0.jar:/home/user/.m2/repository/org/glassfish/jersey/containers/jersey-container-servlet/2.27/jersey-container-servlet-2.27.jar:/home/user/.m2/repository/org/glassfish/hk2/guice-bridge/2.5.0/guice-bridge-2.5.0.jar:/home/user/.m2/repository/org/glassfish/jersey/core/jersey-server/2.27/jersey-server-2.27.jar:/home/user/.m2/repository/org/glassfish/jersey/core/jersey-client/2.27/jersey-client-2.27.jar:/home/user/.m2/repository/org/glassfish/jersey/media/jersey-media-jaxb/2.27/jersey-media-jaxb-2.27.jar:/home/user/.m2/repository/javax/validation/validation-api/1.1.0.Final/validation-api-1.1.0.Final.jar:/home/user/.m2/repository/org/glassfish/jersey/media/jersey-media-json-jackson/2.27/jersey-media-json-jackson-2.27.jar:/home/user/.m2/repository/org/glassfish/jersey/ext/jersey-entity-filtering/2.27/jersey-entity-filtering-2.27.jar:/home/user/.m2/repository/com/google/inject/extensions/guice-assistedinject/4.0/guice-assistedinject-4.0.jar:/home/user/.m2/repository/org/jooq/jooq/3.11.10/jooq-3.11.10.jar:/home/user/.m2/repository/org/jooq/jooq-meta/3.11.10/jooq-meta-3.11.10.jar:/home/user/.m2/repository/org/jooq/jooq-codegen/3.11.10/jooq-codegen-3.11.10.jar:/home/user/.m2/repository/com/jolbox/bonecp/0.8.0.RELEASE/bonecp-0.8.0.RELEASE.jar:/home/user/.m2/repository/org/xerial/sqlite-jdbc/3.25.2/sqlite-jdbc-3.25.2.jar:/home/user/.m2/repository/org/springframework/spring-jdbc/5.1.3.RELEASE/spring-jdbc-5.1.3.RELEASE.jar:/home/user/.m2/repository/org/springframework/spring-beans/5.1.3.RELEASE/spring-beans-5.1.3.RELEASE.jar:/home/user/.m2/repository/org/springframework/spring-core/5.1.3.RELEASE/spring-core-5.1.3.RELEASE.jar:/home/user/.m2/repository/org/springframework/spring-jcl/5.1.3.RELEASE/spring-jcl-5.1.3.RELEASE.jar:/home/user/.m2/repository/org/springframework/spring-tx/5.1.3.RELEASE/spring-tx-5.1.3.RELEASE.jar:/home/user/.m2/repository/org/apache/hadoop/hadoop-ozone-client/0.5.0-SNAPSHOT/hadoop-ozone-client-0.5.0-SNAPSHOT.jar:/home/user/.m2/repository/commons-lang/commons-lang/2.6/commons-lang-2.6.jar:/home/user/.m2/repository/org/apache/hadoop/hadoop-ozone-ozone-manager/0.5.0-SNAPSHOT/hadoop-ozone-ozone-manager-0.5.0-SNAPSHOT-tests.jar:/home/user/.m2/repository/junit/junit/4.11/junit-4.11.jar:/home/user/.m2/repository/org/hamcrest/hamcrest-core/1.3/hamcrest-core-1.3.jar:/home/user/.m2/repository/org/openjdk/jmh/jmh-core/1.19/jmh-core-1.19.jar:/home/user/.m2/repository/net/sf/jopt-simple/jopt-simple/4.6/jopt-simple-4.6.jar:/home/user/.m2/repository/org/apache/commons/commons-math3/3.1.1/commons-math3-3.1.1.jar:/home/user/.m2/repository/org/openjdk/jmh/jmh-generator-annprocess/1.19/jmh-generator-annprocess-1.19.jar:/home/user/.m2/repository/org/mockito/mockito-all/1.8.5/mockito-all-1.8.5.jar:/home/user/.m2/repository/org/apache/hadoop/hadoop-kms/3.2.0/hadoop-kms-3.2.0.jar:/home/user/.m2/repository/org/apache/hadoop/hadoop-auth/3.2.0/hadoop-auth-3.2.0.jar:/home/user/.m2/repository/com/nimbusds/nimbus-jose-jwt/4.41.1/nimbus-jose-jwt-4.41.1.jar:/home/user/.m2/repository/com/github/stephenc/jcip/jcip-annotations/1.0-1/jcip-annotations-1.0-1.jar:/home/user/.m2/repository/net/minidev/json-smart/2.3/json-smart-2.3.jar:/home/user/.m2/repository/net/minidev/accessors-smart/1.2/accessors-smart-1.2.jar:/home/user/.m2/repository/org/ow2/asm/asm/5.0.4/asm-5.0.4.jar:/home/user/.m2/repository/org/apache/curator/curator-framework/2.12.0/curator-framework-2.12.0.jar:/home/user/.m2/repository/com/sun/jersey/jersey-core/1.19/jersey-core-1.19.jar:/home/user/.m2/repository/javax/ws/rs/jsr311-api/1.1.1/jsr311-api-1.1.1.jar:/home/user/.m2/repository/com/sun/jersey/jersey-server/1.19/jersey-server-1.19.jar:/home/user/.m2/repository/javax/servlet/javax.servlet-api/3.1.0/javax.servlet-api-3.1.0.jar:/home/user/.m2/repository/org/eclipse/jetty/jetty-server/9.3.25.v20180904/jetty-server-9.3.25.v20180904.jar:/home/user/.m2/repository/org/eclipse/jetty/jetty-http/9.3.25.v20180904/jetty-http-9.3.25.v20180904.jar:/home/user/.m2/repository/org/eclipse/jetty/jetty-io/9.3.25.v20180904/jetty-io-9.3.25.v20180904.jar:/home/user/.m2/repository/org/eclipse/jetty/jetty-webapp/9.3.25.v20180904/jetty-webapp-9.3.25.v20180904.jar:/home/user/.m2/repository/org/eclipse/jetty/jetty-xml/9.3.25.v20180904/jetty-xml-9.3.25.v20180904.jar:/home/user/.m2/repository/log4j/log4j/1.2.17/log4j-1.2.17.jar:/home/user/.m2/repository/org/slf4j/slf4j-api/1.7.25/slf4j-api-1.7.25.jar:/home/user/.m2/repository/org/slf4j/jul-to-slf4j/1.7.25/jul-to-slf4j-1.7.25.jar:/home/user/.m2/repository/org/eclipse/jetty/jetty-util/9.3.25.v20180904/jetty-util-9.3.25.v20180904.jar:/home/user/.m2/repository/com/fasterxml/jackson/core/jackson-databind/2.9.9/jackson-databind-2.9.9.jar:/home/user/.m2/repository/org/apache/hadoop/hadoop-kms/3.2.0/hadoop-kms-3.2.0-tests.jar:/home/user/.m2/repository/org/apache/hadoop/hadoop-hdds-server-scm/0.5.0-SNAPSHOT/hadoop-hdds-server-scm-0.5.0-SNAPSHOT-tests.jar:/home/user/.m2/repository/org/apache/hadoop/hadoop-hdds-container-service/0.5.0-SNAPSHOT/hadoop-hdds-container-service-0.5.0-SNAPSHOT-tests.jar:/home/user/.m2/repository/org/yaml/snakeyaml/1.16/snakeyaml-1.16.jar:/home/user/.m2/repository/org/apache/hadoop/hadoop-common/3.2.0/hadoop-common-3.2.0-tests.jar:/home/user/.m2/repository/org/apache/hadoop/hadoop-annotations/3.2.0/hadoop-annotations-3.2.0.jar:/usr/lib/jvm/java-1.8-openjdk/jre/../lib/tools.jar:/home/user/.m2/repository/commons-cli/commons-cli/1.2/commons-cli-1.2.jar:/home/user/.m2/repository/org/apache/httpcomponents/httpclient/4.5.2/httpclient-4.5.2.jar:/home/user/.m2/repository/org/apache/httpcomponents/httpcore/4.4.4/httpcore-4.4.4.jar:/home/user/.m2/repository/commons-codec/commons-codec/1.11/commons-codec-1.11.jar:/home/user/.m2/repository/commons-net/commons-net/3.6/commons-net-3.6.jar:/home/user/.m2/repository/commons-collections/commons-collections/3.2.2/commons-collections-3.2.2.jar:/home/user/.m2/repository/org/eclipse/jetty/jetty-servlet/9.3.25.v20180904/jetty-servlet-9.3.25.v20180904.jar:/home/user/.m2/repository/org/eclipse/jetty/jetty-security/9.3.25.v20180904/jetty-security-9.3.25.v20180904.jar:/home/user/.m2/repository/javax/servlet/jsp/jsp-api/2.1/jsp-api-2.1.jar:/home/user/.m2/repository/com/sun/jersey/jersey-servlet/1.19/jersey-servlet-1.19.jar:/home/user/.m2/repository/com/sun/jersey/jersey-json/1.19/jersey-json-1.19.jar:/home/user/.m2/repository/org/codehaus/jettison/jettison/1.1/jettison-1.1.jar:/home/user/.m2/repository/org/codehaus/jackson/jackson-core-asl/1.9.13/jackson-core-asl-1.9.13.jar:/home/user/.m2/repository/org/codehaus/jackson/jackson-mapper-asl/1.9.13/jackson-mapper-asl-1.9.13.jar:/home/user/.m2/repository/org/codehaus/jackson/jackson-jaxrs/1.9.13/jackson-jaxrs-1.9.13.jar:/home/user/.m2/repository/org/codehaus/jackson/jackson-xc/1.9.13/jackson-xc-1.9.13.jar:/home/user/.m2/repository/commons-logging/commons-logging/1.1.3/commons-logging-1.1.3.jar:/home/user/.m2/repository/commons-beanutils/commons-beanutils/1.9.4/commons-beanutils-1.9.4.jar:/home/user/.m2/repository/org/apache/commons/commons-configuration2/2.1.1/commons-configuration2-2.1.1.jar:/home/user/.m2/repository/org/apache/commons/commons-lang3/3.7/commons-lang3-3.7.jar:/home/user/.m2/repository/org/apache/commons/commons-text/1.4/commons-text-1.4.jar:/home/user/.m2/repository/org/apache/avro/avro/1.7.7/avro-1.7.7.jar:/home/user/.m2/repository/com/thoughtworks/paranamer/paranamer/2.3/paranamer-2.3.jar:/home/user/.m2/repository/org/xerial/snappy/snappy-java/1.0.5/snappy-java-1.0.5.jar:/home/user/.m2/repository/com/google/re2j/re2j/1.1/re2j-1.1.jar:/home/user/.m2/repository/com/google/code/gson/gson/2.2.4/gson-2.2.4.jar:/home/user/.m2/repository/com/jcraft/jsch/0.1.54/jsch-0.1.54.jar:/home/user/.m2/repository/org/apache/curator/curator-client/2.12.0/curator-client-2.12.0.jar:/home/user/.m2/repository/org/apache/curator/curator-recipes/2.12.0/curator-recipes-2.12.0.jar:/home/user/.m2/repository/com/google/code/findbugs/jsr305/3.0.0/jsr305-3.0.0.jar:/home/user/.m2/repository/org/apache/htrace/htrace-core4/4.1.0-incubating/htrace-core4-4.1.0-incubating.jar:/home/user/.m2/repository/org/apache/zookeeper/zookeeper/3.4.13/zookeeper-3.4.13.jar:/home/user/.m2/repository/jline/jline/0.9.94/jline-0.9.94.jar:/home/user/.m2/repository/org/apache/yetus/audience-annotations/0.5.0/audience-annotations-0.5.0.jar:/home/user/.m2/repository/org/codehaus/woodstox/stax2-api/3.1.4/stax2-api-3.1.4.jar:/home/user/.m2/repository/com/fasterxml/woodstox/woodstox-core/5.0.3/woodstox-core-5.0.3.jar:/home/user/.m2/repository/dnsjava/dnsjava/2.1.7/dnsjava-2.1.7.jar:/home/user/.m2/repository/org/apache/hadoop/hadoop-hdfs/3.2.0/hadoop-hdfs-3.2.0-tests.jar:/home/user/.m2/repository/org/eclipse/jetty/jetty-util-ajax/9.3.25.v20180904/jetty-util-ajax-9.3.25.v20180904.jar:/home/user/.m2/repository/commons-daemon/commons-daemon/1.0.13/commons-daemon-1.0.13.jar:/home/user/.m2/repository/io/netty/netty/3.10.5.Final/netty-3.10.5.Final.jar:/home/user/.m2/repository/io/netty/netty-all/4.0.52.Final/netty-all-4.0.52.Final.jar:/home/user/.m2/repository/org/fusesource/leveldbjni/leveldbjni-all/1.8/leveldbjni-all-1.8.jar:"/>
    <property name="sun.cpu.endian" value="little"/>
    <property name="user.home" value="/home/user"/>
    <property name="user.language" value="en"/>
    <property name="java.specification.vendor" value="Oracle Corporation"/>
    <property name="java.home" value="/usr/lib/jvm/java-1.8-openjdk/jre"/>
    <property name="java.security.krb5.conf" value="/workdir/hadoop-ozone/integration-test/target/test-classes/krb5.conf"/>
    <property name="basedir" value="/workdir/hadoop-ozone/integration-test"/>
    <property name="file.separator" value="/"/>
    <property name="line.separator" value="&#10;"/>
    <property name="java.vm.specification.vendor" value="Oracle Corporation"/>
    <property name="java.specification.name" value="Java Platform API Specification"/>
    <property name="java.awt.graphicsenv" value="sun.awt.X11GraphicsEnvironment"/>
    <property name="surefire.real.class.path" value="/workdir/hadoop-ozone/integration-test/target/surefire/surefirebooter4548374906910331807.jar"/>
    <property name="hadoop.log.dir" value="/workdir/hadoop-ozone/integration-test/target/log"/>
    <property name="sun.boot.class.path" value="/usr/lib/jvm/java-1.8-openjdk/jre/lib/resources.jar:/usr/lib/jvm/java-1.8-openjdk/jre/lib/rt.jar:/usr/lib/jvm/java-1.8-openjdk/jre/lib/sunrsasign.jar:/usr/lib/jvm/java-1.8-openjdk/jre/lib/jsse.jar:/usr/lib/jvm/java-1.8-openjdk/jre/lib/jce.jar:/usr/lib/jvm/java-1.8-openjdk/jre/lib/charsets.jar:/usr/lib/jvm/java-1.8-openjdk/jre/lib/jfr.jar:/usr/lib/jvm/java-1.8-openjdk/jre/classes"/>
    <property name="sun.management.compiler" value="HotSpot 64-Bit Tiered Compilers"/>
    <property name="java.runtime.version" value="1.8.0_212-b04"/>
    <property name="java.net.preferIPv4Stack" value="true"/>
    <property name="user.name" value="jenkins1000"/>
    <property name="path.separator" value=":"/>
    <property name="java.security.egd" value="file:///dev/urandom"/>
    <property name="os.version" value="3.10.0-957.12.2.el7.x86_64"/>
    <property name="java.endorsed.dirs" value="/usr/lib/jvm/java-1.8-openjdk/jre/lib/endorsed"/>
    <property name="java.runtime.name" value="OpenJDK Runtime Environment"/>
    <property name="file.encoding" value="UTF-8"/>
    <property name="java.vm.name" value="OpenJDK 64-Bit Server VM"/>
    <property name="test.build.webapps" value=""/>
    <property name="localRepository" value="/home/user/.m2/repository"/>
    <property name="java.vendor.url.bug" value="https://icedtea.classpath.org/bugzilla"/>
    <property name="java.io.tmpdir" value="/tmp"/>
    <property name="require.test.libhadoop" value=""/>
    <property name="java.version" value="1.8.0_212"/>
    <property name="user.dir" value="/workdir/hadoop-ozone/integration-test"/>
    <property name="os.arch" value="amd64"/>
    <property name="java.vm.specification.name" value="Java Virtual Machine Specification"/>
    <property name="test.build.classes" value="/workdir/hadoop-ozone/integration-test/target/test-classes"/>
    <property name="java.awt.printerjob" value="sun.print.PSPrinterJob"/>
    <property name="sun.os.patch.level" value="unknown"/>
    <property name="hadoop.tmp.dir" value="/workdir/hadoop-ozone/integration-test/target/tmp"/>
    <property name="java.library.path" value="/usr/lib/jvm/java-1.8-openjdk/jre/lib/amd64/server:/usr/lib/jvm/java-1.8-openjdk/jre/lib/amd64:/usr/lib/jvm/java-1.8-openjdk/jre/../lib/amd64:/workdir/hadoop-ozone/integration-test/target/native/target/usr/local/lib:/workdir/hadoop-ozone/integration-test/../../hadoop-common-project/hadoop-common/target/native/target/usr/local/lib:/usr/java/packages/lib/amd64:/usr/lib64:/lib64:/lib:/usr/lib"/>
    <property name="java.vm.info" value="mixed mode"/>
    <property name="java.vendor" value="IcedTea"/>
    <property name="java.vm.version" value="25.212-b04"/>
    <property name="java.ext.dirs" value="/usr/lib/jvm/java-1.8-openjdk/jre/lib/ext:/usr/java/packages/lib/ext"/>
    <property name="sun.io.unicode.encoding" value="UnicodeLittle"/>
    <property name="java.class.version" value="52.0"/>
  </properties>
  <testcase name="test2DatanodesFailure" classname="org.apache.hadoop.ozone.client.rpc.TestBlockOutputStreamWithFailures" time="106.636"/>
  <testcase name="testDatanodeFailureWithPreAllocation" classname="org.apache.hadoop.ozone.client.rpc.TestBlockOutputStreamWithFailures" time="221.975"/>
  <testcase name="testDatanodeFailureWithSingleNodeRatis" classname="org.apache.hadoop.ozone.client.rpc.TestBlockOutputStreamWithFailures" time="222.665"/>
  <testcase name="testWatchForCommitWithSingleNodeRatis" classname="org.apache.hadoop.ozone.client.rpc.TestBlockOutputStreamWithFailures" time="35.919"/>
  <testcase name="testWatchForCommitDatanodeFailure" classname="org.apache.hadoop.ozone.client.rpc.TestBlockOutputStreamWithFailures" time="42.772">
    <failure message="expected:&lt;2&gt; but was:&lt;3&gt;" type="java.lang.AssertionError"><![CDATA[java.lang.AssertionError: expected:<2> but was:<3>
	at org.junit.Assert.fail(Assert.java:88)
	at org.junit.Assert.failNotEquals(Assert.java:743)
	at org.junit.Assert.assertEquals(Assert.java:118)
	at org.junit.Assert.assertEquals(Assert.java:555)
	at org.junit.Assert.assertEquals(Assert.java:542)
	at org.apache.hadoop.ozone.client.rpc.TestBlockOutputStreamWithFailures.testWatchForCommitDatanodeFailure(TestBlockOutputStreamWithFailures.java:366)
	at sun.reflect.NativeMethodAccessorImpl.invoke0(Native Method)
	at sun.reflect.NativeMethodAccessorImpl.invoke(NativeMethodAccessorImpl.java:62)
	at sun.reflect.DelegatingMethodAccessorImpl.invoke(DelegatingMethodAccessorImpl.java:43)
	at java.lang.reflect.Method.invoke(Method.java:498)
	at org.junit.runners.model.FrameworkMethod$1.runReflectiveCall(FrameworkMethod.java:47)
	at org.junit.internal.runners.model.ReflectiveCallable.run(ReflectiveCallable.java:12)
	at org.junit.runners.model.FrameworkMethod.invokeExplosively(FrameworkMethod.java:44)
	at org.junit.internal.runners.statements.InvokeMethod.evaluate(InvokeMethod.java:17)
	at org.junit.internal.runners.statements.RunBefores.evaluate(RunBefores.java:26)
	at org.junit.internal.runners.statements.RunAfters.evaluate(RunAfters.java:27)
	at org.junit.runners.ParentRunner.runLeaf(ParentRunner.java:271)
	at org.junit.runners.BlockJUnit4ClassRunner.runChild(BlockJUnit4ClassRunner.java:70)
	at org.junit.runners.BlockJUnit4ClassRunner.runChild(BlockJUnit4ClassRunner.java:50)
	at org.junit.runners.ParentRunner$3.run(ParentRunner.java:238)
	at org.junit.runners.ParentRunner$1.schedule(ParentRunner.java:63)
	at org.junit.runners.ParentRunner.runChildren(ParentRunner.java:236)
	at org.junit.runners.ParentRunner.access$000(ParentRunner.java:53)
	at org.junit.runners.ParentRunner$2.evaluate(ParentRunner.java:229)
	at org.junit.runners.ParentRunner.run(ParentRunner.java:309)
	at org.apache.maven.surefire.junit4.JUnit4Provider.execute(JUnit4Provider.java:365)
	at org.apache.maven.surefire.junit4.JUnit4Provider.executeWithRerun(JUnit4Provider.java:273)
	at org.apache.maven.surefire.junit4.JUnit4Provider.executeTestSet(JUnit4Provider.java:238)
	at org.apache.maven.surefire.junit4.JUnit4Provider.invoke(JUnit4Provider.java:159)
	at org.apache.maven.surefire.booter.ForkedBooter.invokeProviderInSameClassLoader(ForkedBooter.java:384)
	at org.apache.maven.surefire.booter.ForkedBooter.runSuitesInProcess(ForkedBooter.java:345)
	at org.apache.maven.surefire.booter.ForkedBooter.execute(ForkedBooter.java:126)
	at org.apache.maven.surefire.booter.ForkedBooter.main(ForkedBooter.java:418)
]]></failure>
    <system-out><![CDATA[2019-10-11 03:26:34,436 [main] WARN  server.ServerUtils (ServerUtils.java:getScmDbDir(145)) - ozone.scm.db.dirs is not configured. We recommend adding this setting. Falling back to ozone.metadata.dirs instead.
2019-10-11 03:26:34,459 [main] WARN  server.ServerUtils (ServerUtils.java:getScmDbDir(145)) - ozone.scm.db.dirs is not configured. We recommend adding this setting. Falling back to ozone.metadata.dirs instead.
2019-10-11 03:26:34,460 [main] WARN  server.ServerUtils (ServerUtils.java:getScmDbDir(145)) - ozone.scm.db.dirs is not configured. We recommend adding this setting. Falling back to ozone.metadata.dirs instead.
2019-10-11 03:26:34,460 [main] INFO  db.DBStoreBuilder (DBStoreBuilder.java:addTable(117)) - using custom profile for table: deletedBlocks
2019-10-11 03:26:34,461 [main] INFO  db.DBStoreBuilder (DBStoreBuilder.java:processTables(168)) - Using default column profile:DBProfile.DISK for Table:deletedBlocks
2019-10-11 03:26:34,461 [main] INFO  db.DBStoreBuilder (DBStoreBuilder.java:addTable(117)) - using custom profile for table: validCerts
2019-10-11 03:26:34,461 [main] INFO  db.DBStoreBuilder (DBStoreBuilder.java:processTables(168)) - Using default column profile:DBProfile.DISK for Table:validCerts
2019-10-11 03:26:34,461 [main] INFO  db.DBStoreBuilder (DBStoreBuilder.java:addTable(117)) - using custom profile for table: revokedCerts
2019-10-11 03:26:34,461 [main] INFO  db.DBStoreBuilder (DBStoreBuilder.java:processTables(168)) - Using default column profile:DBProfile.DISK for Table:revokedCerts
2019-10-11 03:26:34,462 [main] INFO  db.DBStoreBuilder (DBStoreBuilder.java:addTable(117)) - using custom profile for table: default
2019-10-11 03:26:34,462 [main] INFO  db.DBStoreBuilder (DBStoreBuilder.java:processTables(174)) - Using default column profile:DBProfile.DISK for Table:default
2019-10-11 03:26:34,462 [main] INFO  db.DBStoreBuilder (DBStoreBuilder.java:getDbProfile(205)) - Using default options. DBProfile.DISK
2019-10-11 03:26:34,609 [main] INFO  net.NodeSchemaLoader (NodeSchemaLoader.java:loadSchemaFromFile(125)) - Loading file from sun.misc.CompoundEnumeration@5a592c70
2019-10-11 03:26:34,610 [main] INFO  net.NodeSchemaLoader (NodeSchemaLoader.java:loadSchema(171)) - Loading network topology layer schema file
2019-10-11 03:26:34,618 [main] INFO  node.SCMNodeManager (SCMNodeManager.java:<init>(116)) - Entering startup safe mode.
2019-10-11 03:26:34,621 [main] INFO  algorithms.ContainerPlacementPolicyFactory (ContainerPlacementPolicyFactory.java:getPolicy(57)) - Create container placement policy of type org.apache.hadoop.hdds.scm.container.placement.algorithms.SCMContainerPlacementRandom
2019-10-11 03:26:34,622 [main] WARN  server.ServerUtils (ServerUtils.java:getScmDbDir(145)) - ozone.scm.db.dirs is not configured. We recommend adding this setting. Falling back to ozone.metadata.dirs instead.
2019-10-11 03:26:34,722 [main] INFO  pipeline.SCMPipelineManager (SCMPipelineManager.java:initializePipelineState(132)) - No pipeline exists in current db
2019-10-11 03:26:34,723 [main] WARN  server.ServerUtils (ServerUtils.java:getScmDbDir(145)) - ozone.scm.db.dirs is not configured. We recommend adding this setting. Falling back to ozone.metadata.dirs instead.
2019-10-11 03:26:34,815 [main] WARN  events.EventQueue (EventQueue.java:fireEvent(183)) - No event handler registered for event TypedEvent{payloadType=SafeModeStatus, name='SafeModeStatus'}
2019-10-11 03:26:34,816 [main] INFO  ipc.CallQueueManager (CallQueueManager.java:<init>(84)) - Using callQueue: class java.util.concurrent.LinkedBlockingQueue, queueCapacity: 2000, scheduler: class org.apache.hadoop.ipc.DefaultRpcScheduler, ipcBackoff: false.
2019-10-11 03:26:34,817 [Socket Reader #1 for port 33808] INFO  ipc.Server (Server.java:run(1074)) - Starting Socket Reader #1 for port 33808
2019-10-11 03:26:34,819 [main] INFO  ipc.CallQueueManager (CallQueueManager.java:<init>(84)) - Using callQueue: class java.util.concurrent.LinkedBlockingQueue, queueCapacity: 2000, scheduler: class org.apache.hadoop.ipc.DefaultRpcScheduler, ipcBackoff: false.
2019-10-11 03:26:34,820 [Socket Reader #1 for port 38355] INFO  ipc.Server (Server.java:run(1074)) - Starting Socket Reader #1 for port 38355
2019-10-11 03:26:34,821 [main] INFO  ipc.CallQueueManager (CallQueueManager.java:<init>(84)) - Using callQueue: class java.util.concurrent.LinkedBlockingQueue, queueCapacity: 2000, scheduler: class org.apache.hadoop.ipc.DefaultRpcScheduler, ipcBackoff: false.
2019-10-11 03:26:34,822 [Socket Reader #1 for port 44969] INFO  ipc.Server (Server.java:run(1074)) - Starting Socket Reader #1 for port 44969
2019-10-11 03:26:34,824 [main] INFO  hdfs.DFSUtil (DFSUtil.java:httpServerTemplateForNNAndJN(1641)) - Starting Web-server for scm at: http://0.0.0.0:0
2019-10-11 03:26:34,825 [main] INFO  server.AuthenticationFilter (AuthenticationFilter.java:constructSecretProvider(240)) - Unable to initialize FileSignerSecretProvider, falling back to use random secrets.
2019-10-11 03:26:34,826 [main] WARN  http.HttpRequestLog (HttpRequestLog.java:getRequestLog(97)) - Jetty request log can only be enabled using Log4j
2019-10-11 03:26:34,827 [main] INFO  http.HttpServer2 (HttpServer2.java:addGlobalFilter(975)) - Added global filter 'safety' (class=org.apache.hadoop.http.HttpServer2$QuotingInputFilter)
2019-10-11 03:26:34,828 [main] INFO  http.HttpServer2 (HttpServer2.java:addFilter(948)) - Added filter static_user_filter (class=org.apache.hadoop.http.lib.StaticUserWebFilter$StaticUserFilter) to context scm
2019-10-11 03:26:34,828 [main] INFO  http.HttpServer2 (HttpServer2.java:addFilter(958)) - Added filter static_user_filter (class=org.apache.hadoop.http.lib.StaticUserWebFilter$StaticUserFilter) to context static
2019-10-11 03:26:34,828 [main] INFO  http.HttpServer2 (HttpServer2.java:addFilter(958)) - Added filter static_user_filter (class=org.apache.hadoop.http.lib.StaticUserWebFilter$StaticUserFilter) to context logs
2019-10-11 03:26:34,830 [main] INFO  server.StorageContainerManager (StorageContainerManager.java:start(772)) - StorageContainerLocationProtocol RPC server is listening at /0.0.0.0:44969
2019-10-11 03:26:34,832 [main] WARN  impl.MetricsConfig (MetricsConfig.java:loadFirst(134)) - Cannot locate configuration: tried hadoop-metrics2-storagecontainermanager.properties,hadoop-metrics2.properties
2019-10-11 03:26:34,832 [main] INFO  impl.MetricsSystemImpl (MetricsSystemImpl.java:startTimer(374)) - Scheduled Metric snapshot period at 10 second(s).
2019-10-11 03:26:34,833 [main] INFO  impl.MetricsSystemImpl (MetricsSystemImpl.java:start(191)) - StorageContainerManager metrics system started
2019-10-11 03:26:34,932 [main] WARN  impl.MetricsSystemImpl (MetricsSystemImpl.java:register(276)) - Sink prometheus already exists!
2019-10-11 03:26:35,006 [main] INFO  server.SCMClientProtocolServer (SCMClientProtocolServer.java:start(159)) - RPC server for Client  is listening at /0.0.0.0:44969
2019-10-11 03:26:35,007 [IPC Server Responder] INFO  ipc.Server (Server.java:run(1314)) - IPC Server Responder: starting
2019-10-11 03:26:35,007 [IPC Server listener on 44969] INFO  ipc.Server (Server.java:run(1153)) - IPC Server listener on 44969: starting
2019-10-11 03:26:35,013 [main] INFO  server.StorageContainerManager (StorageContainerManager.java:start(782)) - ScmBlockLocationProtocol RPC server is listening at /0.0.0.0:38355
2019-10-11 03:26:35,014 [main] INFO  server.SCMBlockProtocolServer (SCMBlockProtocolServer.java:start(146)) - RPC server for Block Protocol is listening at /0.0.0.0:38355
2019-10-11 03:26:35,014 [IPC Server Responder] INFO  ipc.Server (Server.java:run(1314)) - IPC Server Responder: starting
2019-10-11 03:26:35,016 [IPC Server listener on 38355] INFO  ipc.Server (Server.java:run(1153)) - IPC Server listener on 38355: starting
2019-10-11 03:26:35,020 [main] INFO  server.StorageContainerManager (StorageContainerManager.java:start(786)) - ScmDatanodeProtocl RPC server is listening at /0.0.0.0:33808
2019-10-11 03:26:35,020 [main] INFO  server.SCMDatanodeProtocolServer (SCMDatanodeProtocolServer.java:start(169)) - RPC server for DataNodes is listening at /0.0.0.0:33808
2019-10-11 03:26:35,021 [IPC Server Responder] INFO  ipc.Server (Server.java:run(1314)) - IPC Server Responder: starting
2019-10-11 03:26:35,021 [IPC Server listener on 33808] INFO  ipc.Server (Server.java:run(1153)) - IPC Server listener on 33808: starting
2019-10-11 03:26:35,026 [main] INFO  http.HttpServer2 (HttpServer2.java:bindListener(1191)) - Jetty bound to port 34912
2019-10-11 03:26:35,027 [main] INFO  server.Server (Server.java:doStart(351)) - jetty-9.3.25.v20180904, build timestamp: 2018-09-04T21:11:46Z, git hash: 3ce520221d0240229c862b122d2b06c12a625732
2019-10-11 03:26:35,029 [main] INFO  handler.ContextHandler (ContextHandler.java:doStart(781)) - Started o.e.j.s.ServletContextHandler@30abf79c{/logs,file:///workdir/hadoop-ozone/integration-test/target/log,AVAILABLE}
2019-10-11 03:26:35,029 [main] INFO  handler.ContextHandler (ContextHandler.java:doStart(781)) - Started o.e.j.s.ServletContextHandler@681061d6{/static,file:///workdir/hadoop-ozone/integration-test/target/test-classes/webapps/static,AVAILABLE}
2019-10-11 03:26:35,035 [main] INFO  handler.ContextHandler (ContextHandler.java:doStart(781)) - Started o.e.j.w.WebAppContext@4602f874{/,file:///workdir/hadoop-ozone/integration-test/target/test-classes/webapps/scm/,AVAILABLE}{/scm}
2019-10-11 03:26:35,036 [main] INFO  server.AbstractConnector (AbstractConnector.java:doStart(278)) - Started ServerConnector@7739aac4{HTTP/1.1,[http/1.1]}{0.0.0.0:34912}
2019-10-11 03:26:35,037 [main] INFO  server.Server (Server.java:doStart(419)) - Started @588420ms
2019-10-11 03:26:35,037 [main] WARN  impl.MetricsSystemImpl (MetricsSystemImpl.java:register(276)) - Sink prometheus already exists!
2019-10-11 03:26:35,038 [main] INFO  server.BaseHttpServer (BaseHttpServer.java:updateConnectorAddress(215)) - HTTP server of SCM is listening at http://0.0.0.0:34912
2019-10-11 03:26:35,039 [main] WARN  server.ServerUtils (ServerUtils.java:getDBPath(222)) - ozone.om.db.dirs is not configured. We recommend adding this setting. Falling back to ozone.metadata.dirs instead.
2019-10-11 03:26:35,040 [org.apache.hadoop.util.JvmPauseMonitor$Monitor@36c07c75] INFO  util.JvmPauseMonitor (JvmPauseMonitor.java:run(188)) - Starting JVM pause monitor
2019-10-11 03:26:35,063 [main] INFO  ha.OMHANodeDetails (OMHANodeDetails.java:loadOMHAConfig(190)) - Configuration either no ozone.om.address set. Falling back to the default OM address /127.0.0.1:0
2019-10-11 03:26:35,064 [main] INFO  ha.OMHANodeDetails (OMHANodeDetails.java:getOMNodeDetails(220)) - OM Service ID is not set. Setting it to the default ID: omServiceIdDefault
2019-10-11 03:26:35,064 [main] WARN  server.ServerUtils (ServerUtils.java:getDBPath(222)) - ozone.om.db.dirs is not configured. We recommend adding this setting. Falling back to ozone.metadata.dirs instead.
2019-10-11 03:26:35,064 [main] WARN  server.ServerUtils (ServerUtils.java:getDBPath(222)) - ozone.om.db.dirs is not configured. We recommend adding this setting. Falling back to ozone.metadata.dirs instead.
2019-10-11 03:26:35,074 [main] WARN  server.ServerUtils (ServerUtils.java:getDBPath(222)) - ozone.om.db.dirs is not configured. We recommend adding this setting. Falling back to ozone.metadata.dirs instead.
2019-10-11 03:26:35,075 [main] INFO  db.DBStoreBuilder (DBStoreBuilder.java:addTable(117)) - using custom profile for table: userTable
2019-10-11 03:26:35,075 [main] INFO  db.DBStoreBuilder (DBStoreBuilder.java:processTables(168)) - Using default column profile:DBProfile.DISK for Table:userTable
2019-10-11 03:26:35,075 [main] INFO  db.DBStoreBuilder (DBStoreBuilder.java:addTable(117)) - using custom profile for table: volumeTable
2019-10-11 03:26:35,075 [main] INFO  db.DBStoreBuilder (DBStoreBuilder.java:processTables(168)) - Using default column profile:DBProfile.DISK for Table:volumeTable
2019-10-11 03:26:35,076 [main] INFO  db.DBStoreBuilder (DBStoreBuilder.java:addTable(117)) - using custom profile for table: bucketTable
2019-10-11 03:26:35,076 [main] INFO  db.DBStoreBuilder (DBStoreBuilder.java:processTables(168)) - Using default column profile:DBProfile.DISK for Table:bucketTable
2019-10-11 03:26:35,076 [main] INFO  db.DBStoreBuilder (DBStoreBuilder.java:addTable(117)) - using custom profile for table: keyTable
2019-10-11 03:26:35,076 [main] INFO  db.DBStoreBuilder (DBStoreBuilder.java:processTables(168)) - Using default column profile:DBProfile.DISK for Table:keyTable
2019-10-11 03:26:35,077 [main] INFO  db.DBStoreBuilder (DBStoreBuilder.java:addTable(117)) - using custom profile for table: deletedTable
2019-10-11 03:26:35,077 [main] INFO  db.DBStoreBuilder (DBStoreBuilder.java:processTables(168)) - Using default column profile:DBProfile.DISK for Table:deletedTable
2019-10-11 03:26:35,077 [main] INFO  db.DBStoreBuilder (DBStoreBuilder.java:addTable(117)) - using custom profile for table: openKeyTable
2019-10-11 03:26:35,077 [main] INFO  db.DBStoreBuilder (DBStoreBuilder.java:processTables(168)) - Using default column profile:DBProfile.DISK for Table:openKeyTable
2019-10-11 03:26:35,078 [main] INFO  db.DBStoreBuilder (DBStoreBuilder.java:addTable(117)) - using custom profile for table: s3Table
2019-10-11 03:26:35,078 [main] INFO  db.DBStoreBuilder (DBStoreBuilder.java:processTables(168)) - Using default column profile:DBProfile.DISK for Table:s3Table
2019-10-11 03:26:35,078 [main] INFO  db.DBStoreBuilder (DBStoreBuilder.java:addTable(117)) - using custom profile for table: multipartInfoTable
2019-10-11 03:26:35,078 [main] INFO  db.DBStoreBuilder (DBStoreBuilder.java:processTables(168)) - Using default column profile:DBProfile.DISK for Table:multipartInfoTable
2019-10-11 03:26:35,078 [main] INFO  db.DBStoreBuilder (DBStoreBuilder.java:addTable(117)) - using custom profile for table: dTokenTable
2019-10-11 03:26:35,079 [main] INFO  db.DBStoreBuilder (DBStoreBuilder.java:processTables(168)) - Using default column profile:DBProfile.DISK for Table:dTokenTable
2019-10-11 03:26:35,079 [main] INFO  db.DBStoreBuilder (DBStoreBuilder.java:addTable(117)) - using custom profile for table: s3SecretTable
2019-10-11 03:26:35,079 [main] INFO  db.DBStoreBuilder (DBStoreBuilder.java:processTables(168)) - Using default column profile:DBProfile.DISK for Table:s3SecretTable
2019-10-11 03:26:35,079 [main] INFO  db.DBStoreBuilder (DBStoreBuilder.java:addTable(117)) - using custom profile for table: prefixTable
2019-10-11 03:26:35,079 [main] INFO  db.DBStoreBuilder (DBStoreBuilder.java:processTables(168)) - Using default column profile:DBProfile.DISK for Table:prefixTable
2019-10-11 03:26:35,080 [main] INFO  db.DBStoreBuilder (DBStoreBuilder.java:addTable(117)) - using custom profile for table: default
2019-10-11 03:26:35,080 [main] INFO  db.DBStoreBuilder (DBStoreBuilder.java:processTables(174)) - Using default column profile:DBProfile.DISK for Table:default
2019-10-11 03:26:35,080 [main] INFO  db.DBStoreBuilder (DBStoreBuilder.java:getDbProfile(205)) - Using default options. DBProfile.DISK
2019-10-11 03:26:35,513 [main] INFO  ipc.CallQueueManager (CallQueueManager.java:<init>(84)) - Using callQueue: class java.util.concurrent.LinkedBlockingQueue, queueCapacity: 2000, scheduler: class org.apache.hadoop.ipc.DefaultRpcScheduler, ipcBackoff: false.
2019-10-11 03:26:35,514 [Socket Reader #1 for port 43426] INFO  ipc.Server (Server.java:run(1074)) - Starting Socket Reader #1 for port 43426
2019-10-11 03:26:35,531 [main] INFO  om.OzoneManager (OzoneManager.java:start(1072)) - OzoneManager RPC server is listening at localhost/127.0.0.1:43426
2019-10-11 03:26:35,531 [main] INFO  impl.MetricsSystemImpl (MetricsSystemImpl.java:init(158)) - OzoneManager metrics system started (again)
2019-10-11 03:26:35,533 [IPC Server Responder] INFO  ipc.Server (Server.java:run(1314)) - IPC Server Responder: starting
2019-10-11 03:26:35,533 [IPC Server listener on 43426] INFO  ipc.Server (Server.java:run(1153)) - IPC Server listener on 43426: starting
2019-10-11 03:26:35,539 [main] INFO  hdfs.DFSUtil (DFSUtil.java:httpServerTemplateForNNAndJN(1641)) - Starting Web-server for ozoneManager at: http://0.0.0.0:0
2019-10-11 03:26:35,541 [main] INFO  server.AuthenticationFilter (AuthenticationFilter.java:constructSecretProvider(240)) - Unable to initialize FileSignerSecretProvider, falling back to use random secrets.
2019-10-11 03:26:35,541 [main] WARN  http.HttpRequestLog (HttpRequestLog.java:getRequestLog(97)) - Jetty request log can only be enabled using Log4j
2019-10-11 03:26:35,544 [main] INFO  http.HttpServer2 (HttpServer2.java:addGlobalFilter(975)) - Added global filter 'safety' (class=org.apache.hadoop.http.HttpServer2$QuotingInputFilter)
2019-10-11 03:26:35,544 [main] INFO  http.HttpServer2 (HttpServer2.java:addFilter(948)) - Added filter static_user_filter (class=org.apache.hadoop.http.lib.StaticUserWebFilter$StaticUserFilter) to context ozoneManager
2019-10-11 03:26:35,545 [main] INFO  http.HttpServer2 (HttpServer2.java:addFilter(958)) - Added filter static_user_filter (class=org.apache.hadoop.http.lib.StaticUserWebFilter$StaticUserFilter) to context logs
2019-10-11 03:26:35,545 [main] INFO  http.HttpServer2 (HttpServer2.java:addFilter(958)) - Added filter static_user_filter (class=org.apache.hadoop.http.lib.StaticUserWebFilter$StaticUserFilter) to context static
2019-10-11 03:26:35,546 [main] INFO  http.HttpServer2 (HttpServer2.java:bindListener(1191)) - Jetty bound to port 41004
2019-10-11 03:26:35,546 [main] INFO  server.Server (Server.java:doStart(351)) - jetty-9.3.25.v20180904, build timestamp: 2018-09-04T21:11:46Z, git hash: 3ce520221d0240229c862b122d2b06c12a625732
2019-10-11 03:26:35,548 [main] INFO  handler.ContextHandler (ContextHandler.java:doStart(781)) - Started o.e.j.s.ServletContextHandler@28ee882c{/logs,file:///workdir/hadoop-ozone/integration-test/target/log,AVAILABLE}
2019-10-11 03:26:35,548 [main] INFO  handler.ContextHandler (ContextHandler.java:doStart(781)) - Started o.e.j.s.ServletContextHandler@238291d4{/static,file:///workdir/hadoop-ozone/integration-test/target/test-classes/webapps/static,AVAILABLE}
2019-10-11 03:26:35,553 [main] INFO  handler.ContextHandler (ContextHandler.java:doStart(781)) - Started o.e.j.w.WebAppContext@68e2d03e{/,file:///workdir/hadoop-ozone/integration-test/target/test-classes/webapps/ozoneManager/,AVAILABLE}{/ozoneManager}
2019-10-11 03:26:35,554 [main] INFO  server.AbstractConnector (AbstractConnector.java:doStart(278)) - Started ServerConnector@120aa40b{HTTP/1.1,[http/1.1]}{0.0.0.0:41004}
2019-10-11 03:26:35,555 [main] INFO  server.Server (Server.java:doStart(419)) - Started @588938ms
2019-10-11 03:26:35,555 [main] WARN  impl.MetricsSystemImpl (MetricsSystemImpl.java:register(276)) - Sink prometheus already exists!
2019-10-11 03:26:35,556 [main] INFO  server.BaseHttpServer (BaseHttpServer.java:updateConnectorAddress(215)) - HTTP server of OZONEMANAGER is listening at http://0.0.0.0:41004
2019-10-11 03:26:35,575 [main] INFO  impl.MetricsSystemImpl (MetricsSystemImpl.java:init(158)) - HddsDatanode metrics system started (again)
2019-10-11 03:26:35,580 [main] INFO  ozone.HddsDatanodeService (HddsDatanodeService.java:start(184)) - HddsDatanodeService host:pr-hdds-2181-fvjjj-1641646571 ip:192.168.164.250
2019-10-11 03:26:35,587 [main] INFO  volume.HddsVolume (HddsVolume.java:<init>(176)) - Creating Volume: /workdir/hadoop-ozone/integration-test/target/test-dir/MiniOzoneClusterImpl-fc6dcb28-33a0-4875-b9f0-4cef493e9258/datanode-0/data/containers/hdds of  storage type : DISK and capacity : 1482555576320
2019-10-11 03:26:35,587 [main] INFO  volume.VolumeSet (VolumeSet.java:initializeVolumeSet(170)) - Added Volume : /workdir/hadoop-ozone/integration-test/target/test-dir/MiniOzoneClusterImpl-fc6dcb28-33a0-4875-b9f0-4cef493e9258/datanode-0/data/containers/hdds to VolumeSet
2019-10-11 03:26:35,587 [main] INFO  volume.ThrottledAsyncChecker (ThrottledAsyncChecker.java:schedule(141)) - Scheduling a check for org.apache.hadoop.ozone.container.common.volume.HddsVolume@5a30722c
2019-10-11 03:26:35,588 [main] INFO  volume.HddsVolumeChecker (HddsVolumeChecker.java:checkAllVolumes(204)) - Scheduled health check for volume org.apache.hadoop.ozone.container.common.volume.HddsVolume@5a30722c
2019-10-11 03:26:35,605 [main] INFO  impl.RaftServerProxy (ConfUtils.java:logGet(43)) - raft.rpc.type = GRPC (default)
2019-10-11 03:26:35,606 [main] INFO  grpc.GrpcFactory (GrpcFactory.java:checkPooledByteBufAllocatorUseCacheForAllThreads(45)) - PERFORMANCE WARNING: useCacheForAllThreads is true that may cause Netty to create a lot garbage objects and, as a result, trigger GC.
	It is recommended to disable useCacheForAllThreads by setting -Dorg.apache.ratis.thirdparty.io.netty.allocator.useCacheForAllThreads=false in command line.
2019-10-11 03:26:35,606 [main] INFO  grpc.GrpcConfigKeys$Server (ConfUtils.java:logGet(43)) - raft.grpc.server.port = 0 (default)
2019-10-11 03:26:35,606 [main] INFO  server.GrpcService (ConfUtils.java:logGet(43)) - raft.grpc.message.size.max = 33570816 (custom)
2019-10-11 03:26:35,606 [main] INFO  server.RaftServerConfigKeys (ConfUtils.java:logGet(43)) - raft.server.log.appender.buffer.byte-limit = 33554432 (custom)
2019-10-11 03:26:35,607 [main] INFO  server.GrpcService (ConfUtils.java:logGet(43)) - raft.grpc.flow.control.window = 1MB (=1048576) (default)
2019-10-11 03:26:35,607 [main] INFO  server.RaftServerConfigKeys (ConfUtils.java:logGet(43)) - raft.server.rpc.request.timeout = 3000ms (default)
2019-10-11 03:26:35,608 [main] INFO  server.RaftServerConfigKeys (ConfUtils.java:logGet(43)) - raft.server.storage.dir = [/workdir/hadoop-ozone/integration-test/target/test-dir/MiniOzoneClusterImpl-fc6dcb28-33a0-4875-b9f0-4cef493e9258/datanode-0/data/ratis] (custom)
2019-10-11 03:26:35,609 [main] INFO  hdfs.DFSUtil (DFSUtil.java:httpServerTemplateForNNAndJN(1641)) - Starting Web-server for hddsDatanode at: http://0.0.0.0:0
2019-10-11 03:26:35,611 [main] INFO  server.AuthenticationFilter (AuthenticationFilter.java:constructSecretProvider(240)) - Unable to initialize FileSignerSecretProvider, falling back to use random secrets.
2019-10-11 03:26:35,611 [main] WARN  http.HttpRequestLog (HttpRequestLog.java:getRequestLog(97)) - Jetty request log can only be enabled using Log4j
2019-10-11 03:26:35,612 [main] INFO  http.HttpServer2 (HttpServer2.java:addGlobalFilter(975)) - Added global filter 'safety' (class=org.apache.hadoop.http.HttpServer2$QuotingInputFilter)
2019-10-11 03:26:35,613 [main] INFO  http.HttpServer2 (HttpServer2.java:addFilter(948)) - Added filter static_user_filter (class=org.apache.hadoop.http.lib.StaticUserWebFilter$StaticUserFilter) to context hddsDatanode
2019-10-11 03:26:35,613 [main] INFO  http.HttpServer2 (HttpServer2.java:addFilter(958)) - Added filter static_user_filter (class=org.apache.hadoop.http.lib.StaticUserWebFilter$StaticUserFilter) to context static
2019-10-11 03:26:35,614 [main] INFO  http.HttpServer2 (HttpServer2.java:addFilter(958)) - Added filter static_user_filter (class=org.apache.hadoop.http.lib.StaticUserWebFilter$StaticUserFilter) to context logs
2019-10-11 03:26:35,614 [main] INFO  http.HttpServer2 (HttpServer2.java:bindListener(1191)) - Jetty bound to port 33783
2019-10-11 03:26:35,615 [main] INFO  server.Server (Server.java:doStart(351)) - jetty-9.3.25.v20180904, build timestamp: 2018-09-04T21:11:46Z, git hash: 3ce520221d0240229c862b122d2b06c12a625732
2019-10-11 03:26:35,616 [main] INFO  handler.ContextHandler (ContextHandler.java:doStart(781)) - Started o.e.j.s.ServletContextHandler@6fbf5db2{/logs,file:///workdir/hadoop-ozone/integration-test/target/log,AVAILABLE}
2019-10-11 03:26:35,617 [main] INFO  handler.ContextHandler (ContextHandler.java:doStart(781)) - Started o.e.j.s.ServletContextHandler@57cabdc3{/static,jar:file:/home/user/.m2/repository/org/apache/hadoop/hadoop-hdds-container-service/0.5.0-SNAPSHOT/hadoop-hdds-container-service-0.5.0-SNAPSHOT.jar!/webapps/static,AVAILABLE}
2019-10-11 03:26:35,650 [main] INFO  handler.ContextHandler (ContextHandler.java:doStart(781)) - Started o.e.j.w.WebAppContext@7eb27768{/,file:///tmp/jetty-0.0.0.0-33783-hddsDatanode-_-any-804292706631074362.dir/webapp/,AVAILABLE}{/hddsDatanode}
2019-10-11 03:26:35,650 [main] INFO  server.AbstractConnector (AbstractConnector.java:doStart(278)) - Started ServerConnector@6169be09{HTTP/1.1,[http/1.1]}{0.0.0.0:33783}
2019-10-11 03:26:35,650 [main] INFO  server.Server (Server.java:doStart(419)) - Started @589034ms
2019-10-11 03:26:35,651 [main] WARN  impl.MetricsSystemImpl (MetricsSystemImpl.java:register(276)) - Sink prometheus already exists!
2019-10-11 03:26:35,652 [main] INFO  server.BaseHttpServer (BaseHttpServer.java:updateConnectorAddress(215)) - HTTP server of HDDSDATANODE is listening at http://0.0.0.0:33783
2019-10-11 03:26:35,652 [main] INFO  impl.MetricsSystemImpl (MetricsSystemImpl.java:init(158)) - HddsDatanode metrics system started (again)
2019-10-11 03:26:35,656 [org.apache.hadoop.util.JvmPauseMonitor$Monitor@75617dbf] INFO  util.JvmPauseMonitor (JvmPauseMonitor.java:run(188)) - Starting JVM pause monitor
2019-10-11 03:26:35,657 [main] INFO  ozone.HddsDatanodeService (HddsDatanodeService.java:start(184)) - HddsDatanodeService host:pr-hdds-2181-fvjjj-1641646571 ip:192.168.164.250
2019-10-11 03:26:35,658 [Datanode State Machine Thread - 0] INFO  datanode.InitDatanodeState (InitDatanodeState.java:persistContainerDatanodeDetails(140)) - DatanodeDetails is persisted to /workdir/hadoop-ozone/integration-test/target/test-dir/MiniOzoneClusterImpl-fc6dcb28-33a0-4875-b9f0-4cef493e9258/datanode-0/meta/datanode.id
2019-10-11 03:26:35,662 [main] INFO  volume.HddsVolume (HddsVolume.java:<init>(176)) - Creating Volume: /workdir/hadoop-ozone/integration-test/target/test-dir/MiniOzoneClusterImpl-fc6dcb28-33a0-4875-b9f0-4cef493e9258/datanode-1/data/containers/hdds of  storage type : DISK and capacity : 1482555576320
2019-10-11 03:26:35,663 [main] INFO  volume.VolumeSet (VolumeSet.java:initializeVolumeSet(170)) - Added Volume : /workdir/hadoop-ozone/integration-test/target/test-dir/MiniOzoneClusterImpl-fc6dcb28-33a0-4875-b9f0-4cef493e9258/datanode-1/data/containers/hdds to VolumeSet
2019-10-11 03:26:35,663 [main] INFO  volume.ThrottledAsyncChecker (ThrottledAsyncChecker.java:schedule(141)) - Scheduling a check for org.apache.hadoop.ozone.container.common.volume.HddsVolume@4a22e4d7
2019-10-11 03:26:35,663 [main] INFO  volume.HddsVolumeChecker (HddsVolumeChecker.java:checkAllVolumes(204)) - Scheduled health check for volume org.apache.hadoop.ozone.container.common.volume.HddsVolume@4a22e4d7
2019-10-11 03:26:35,676 [main] INFO  impl.RaftServerProxy (ConfUtils.java:logGet(43)) - raft.rpc.type = GRPC (default)
2019-10-11 03:26:35,676 [main] INFO  grpc.GrpcFactory (GrpcFactory.java:checkPooledByteBufAllocatorUseCacheForAllThreads(45)) - PERFORMANCE WARNING: useCacheForAllThreads is true that may cause Netty to create a lot garbage objects and, as a result, trigger GC.
	It is recommended to disable useCacheForAllThreads by setting -Dorg.apache.ratis.thirdparty.io.netty.allocator.useCacheForAllThreads=false in command line.
2019-10-11 03:26:35,676 [main] INFO  grpc.GrpcConfigKeys$Server (ConfUtils.java:logGet(43)) - raft.grpc.server.port = 0 (default)
2019-10-11 03:26:35,677 [main] INFO  server.GrpcService (ConfUtils.java:logGet(43)) - raft.grpc.message.size.max = 33570816 (custom)
2019-10-11 03:26:35,677 [main] INFO  server.RaftServerConfigKeys (ConfUtils.java:logGet(43)) - raft.server.log.appender.buffer.byte-limit = 33554432 (custom)
2019-10-11 03:26:35,677 [main] INFO  server.GrpcService (ConfUtils.java:logGet(43)) - raft.grpc.flow.control.window = 1MB (=1048576) (default)
2019-10-11 03:26:35,677 [main] INFO  server.RaftServerConfigKeys (ConfUtils.java:logGet(43)) - raft.server.rpc.request.timeout = 3000ms (default)
2019-10-11 03:26:35,677 [main] INFO  server.RaftServerConfigKeys (ConfUtils.java:logGet(43)) - raft.server.storage.dir = [/workdir/hadoop-ozone/integration-test/target/test-dir/MiniOzoneClusterImpl-fc6dcb28-33a0-4875-b9f0-4cef493e9258/datanode-1/data/ratis] (custom)
2019-10-11 03:26:35,679 [main] INFO  hdfs.DFSUtil (DFSUtil.java:httpServerTemplateForNNAndJN(1641)) - Starting Web-server for hddsDatanode at: http://0.0.0.0:0
2019-10-11 03:26:35,680 [main] INFO  server.AuthenticationFilter (AuthenticationFilter.java:constructSecretProvider(240)) - Unable to initialize FileSignerSecretProvider, falling back to use random secrets.
2019-10-11 03:26:35,680 [main] WARN  http.HttpRequestLog (HttpRequestLog.java:getRequestLog(97)) - Jetty request log can only be enabled using Log4j
2019-10-11 03:26:35,681 [main] INFO  http.HttpServer2 (HttpServer2.java:addGlobalFilter(975)) - Added global filter 'safety' (class=org.apache.hadoop.http.HttpServer2$QuotingInputFilter)
2019-10-11 03:26:35,682 [main] INFO  http.HttpServer2 (HttpServer2.java:addFilter(948)) - Added filter static_user_filter (class=org.apache.hadoop.http.lib.StaticUserWebFilter$StaticUserFilter) to context hddsDatanode
2019-10-11 03:26:35,682 [main] INFO  http.HttpServer2 (HttpServer2.java:addFilter(958)) - Added filter static_user_filter (class=org.apache.hadoop.http.lib.StaticUserWebFilter$StaticUserFilter) to context static
2019-10-11 03:26:35,682 [main] INFO  http.HttpServer2 (HttpServer2.java:addFilter(958)) - Added filter static_user_filter (class=org.apache.hadoop.http.lib.StaticUserWebFilter$StaticUserFilter) to context logs
2019-10-11 03:26:35,683 [main] INFO  http.HttpServer2 (HttpServer2.java:bindListener(1191)) - Jetty bound to port 33122
2019-10-11 03:26:35,683 [main] INFO  server.Server (Server.java:doStart(351)) - jetty-9.3.25.v20180904, build timestamp: 2018-09-04T21:11:46Z, git hash: 3ce520221d0240229c862b122d2b06c12a625732
2019-10-11 03:26:35,684 [main] INFO  handler.ContextHandler (ContextHandler.java:doStart(781)) - Started o.e.j.s.ServletContextHandler@42a0786f{/logs,file:///workdir/hadoop-ozone/integration-test/target/log,AVAILABLE}
2019-10-11 03:26:35,685 [main] INFO  handler.ContextHandler (ContextHandler.java:doStart(781)) - Started o.e.j.s.ServletContextHandler@203e705e{/static,jar:file:/home/user/.m2/repository/org/apache/hadoop/hadoop-hdds-container-service/0.5.0-SNAPSHOT/hadoop-hdds-container-service-0.5.0-SNAPSHOT.jar!/webapps/static,AVAILABLE}
2019-10-11 03:26:35,715 [main] INFO  handler.ContextHandler (ContextHandler.java:doStart(781)) - Started o.e.j.w.WebAppContext@ceb7701{/,file:///tmp/jetty-0.0.0.0-33122-hddsDatanode-_-any-5565001005078324270.dir/webapp/,AVAILABLE}{/hddsDatanode}
2019-10-11 03:26:35,716 [main] INFO  server.AbstractConnector (AbstractConnector.java:doStart(278)) - Started ServerConnector@5e193ef5{HTTP/1.1,[http/1.1]}{0.0.0.0:33122}
2019-10-11 03:26:35,717 [main] INFO  server.Server (Server.java:doStart(419)) - Started @589100ms
2019-10-11 03:26:35,717 [main] WARN  impl.MetricsSystemImpl (MetricsSystemImpl.java:register(276)) - Sink prometheus already exists!
2019-10-11 03:26:35,717 [main] INFO  server.BaseHttpServer (BaseHttpServer.java:updateConnectorAddress(215)) - HTTP server of HDDSDATANODE is listening at http://0.0.0.0:33122
2019-10-11 03:26:35,718 [main] INFO  impl.MetricsSystemImpl (MetricsSystemImpl.java:init(158)) - HddsDatanode metrics system started (again)
2019-10-11 03:26:35,721 [org.apache.hadoop.util.JvmPauseMonitor$Monitor@4edc2145] INFO  util.JvmPauseMonitor (JvmPauseMonitor.java:run(188)) - Starting JVM pause monitor
2019-10-11 03:26:35,722 [main] INFO  ozone.HddsDatanodeService (HddsDatanodeService.java:start(184)) - HddsDatanodeService host:pr-hdds-2181-fvjjj-1641646571 ip:192.168.164.250
2019-10-11 03:26:35,723 [Datanode State Machine Thread - 0] INFO  datanode.InitDatanodeState (InitDatanodeState.java:persistContainerDatanodeDetails(140)) - DatanodeDetails is persisted to /workdir/hadoop-ozone/integration-test/target/test-dir/MiniOzoneClusterImpl-fc6dcb28-33a0-4875-b9f0-4cef493e9258/datanode-1/meta/datanode.id
2019-10-11 03:26:35,728 [main] INFO  volume.HddsVolume (HddsVolume.java:<init>(176)) - Creating Volume: /workdir/hadoop-ozone/integration-test/target/test-dir/MiniOzoneClusterImpl-fc6dcb28-33a0-4875-b9f0-4cef493e9258/datanode-2/data/containers/hdds of  storage type : DISK and capacity : 1482555576320
2019-10-11 03:26:35,728 [main] INFO  volume.VolumeSet (VolumeSet.java:initializeVolumeSet(170)) - Added Volume : /workdir/hadoop-ozone/integration-test/target/test-dir/MiniOzoneClusterImpl-fc6dcb28-33a0-4875-b9f0-4cef493e9258/datanode-2/data/containers/hdds to VolumeSet
2019-10-11 03:26:35,728 [main] INFO  volume.ThrottledAsyncChecker (ThrottledAsyncChecker.java:schedule(141)) - Scheduling a check for org.apache.hadoop.ozone.container.common.volume.HddsVolume@5122e4bf
2019-10-11 03:26:35,728 [main] INFO  volume.HddsVolumeChecker (HddsVolumeChecker.java:checkAllVolumes(204)) - Scheduled health check for volume org.apache.hadoop.ozone.container.common.volume.HddsVolume@5122e4bf
2019-10-11 03:26:35,739 [main] INFO  impl.RaftServerProxy (ConfUtils.java:logGet(43)) - raft.rpc.type = GRPC (default)
2019-10-11 03:26:35,739 [main] INFO  grpc.GrpcFactory (GrpcFactory.java:checkPooledByteBufAllocatorUseCacheForAllThreads(45)) - PERFORMANCE WARNING: useCacheForAllThreads is true that may cause Netty to create a lot garbage objects and, as a result, trigger GC.
	It is recommended to disable useCacheForAllThreads by setting -Dorg.apache.ratis.thirdparty.io.netty.allocator.useCacheForAllThreads=false in command line.
2019-10-11 03:26:35,739 [main] INFO  grpc.GrpcConfigKeys$Server (ConfUtils.java:logGet(43)) - raft.grpc.server.port = 0 (default)
2019-10-11 03:26:35,740 [main] INFO  server.GrpcService (ConfUtils.java:logGet(43)) - raft.grpc.message.size.max = 33570816 (custom)
2019-10-11 03:26:35,740 [main] INFO  server.RaftServerConfigKeys (ConfUtils.java:logGet(43)) - raft.server.log.appender.buffer.byte-limit = 33554432 (custom)
2019-10-11 03:26:35,740 [main] INFO  server.GrpcService (ConfUtils.java:logGet(43)) - raft.grpc.flow.control.window = 1MB (=1048576) (default)
2019-10-11 03:26:35,740 [main] INFO  server.RaftServerConfigKeys (ConfUtils.java:logGet(43)) - raft.server.rpc.request.timeout = 3000ms (default)
2019-10-11 03:26:35,740 [main] INFO  server.RaftServerConfigKeys (ConfUtils.java:logGet(43)) - raft.server.storage.dir = [/workdir/hadoop-ozone/integration-test/target/test-dir/MiniOzoneClusterImpl-fc6dcb28-33a0-4875-b9f0-4cef493e9258/datanode-2/data/ratis] (custom)
2019-10-11 03:26:35,741 [main] INFO  hdfs.DFSUtil (DFSUtil.java:httpServerTemplateForNNAndJN(1641)) - Starting Web-server for hddsDatanode at: http://0.0.0.0:0
2019-10-11 03:26:35,742 [main] INFO  server.AuthenticationFilter (AuthenticationFilter.java:constructSecretProvider(240)) - Unable to initialize FileSignerSecretProvider, falling back to use random secrets.
2019-10-11 03:26:35,742 [main] WARN  http.HttpRequestLog (HttpRequestLog.java:getRequestLog(97)) - Jetty request log can only be enabled using Log4j
2019-10-11 03:26:35,744 [main] INFO  http.HttpServer2 (HttpServer2.java:addGlobalFilter(975)) - Added global filter 'safety' (class=org.apache.hadoop.http.HttpServer2$QuotingInputFilter)
2019-10-11 03:26:35,744 [main] INFO  http.HttpServer2 (HttpServer2.java:addFilter(948)) - Added filter static_user_filter (class=org.apache.hadoop.http.lib.StaticUserWebFilter$StaticUserFilter) to context hddsDatanode
2019-10-11 03:26:35,744 [main] INFO  http.HttpServer2 (HttpServer2.java:addFilter(958)) - Added filter static_user_filter (class=org.apache.hadoop.http.lib.StaticUserWebFilter$StaticUserFilter) to context logs
2019-10-11 03:26:35,744 [main] INFO  http.HttpServer2 (HttpServer2.java:addFilter(958)) - Added filter static_user_filter (class=org.apache.hadoop.http.lib.StaticUserWebFilter$StaticUserFilter) to context static
2019-10-11 03:26:35,745 [main] INFO  http.HttpServer2 (HttpServer2.java:bindListener(1191)) - Jetty bound to port 45285
2019-10-11 03:26:35,745 [main] INFO  server.Server (Server.java:doStart(351)) - jetty-9.3.25.v20180904, build timestamp: 2018-09-04T21:11:46Z, git hash: 3ce520221d0240229c862b122d2b06c12a625732
2019-10-11 03:26:35,747 [main] INFO  handler.ContextHandler (ContextHandler.java:doStart(781)) - Started o.e.j.s.ServletContextHandler@6562cc23{/logs,file:///workdir/hadoop-ozone/integration-test/target/log,AVAILABLE}
2019-10-11 03:26:35,747 [main] INFO  handler.ContextHandler (ContextHandler.java:doStart(781)) - Started o.e.j.s.ServletContextHandler@3869a6e5{/static,jar:file:/home/user/.m2/repository/org/apache/hadoop/hadoop-hdds-container-service/0.5.0-SNAPSHOT/hadoop-hdds-container-service-0.5.0-SNAPSHOT.jar!/webapps/static,AVAILABLE}
2019-10-11 03:26:35,772 [main] INFO  handler.ContextHandler (ContextHandler.java:doStart(781)) - Started o.e.j.w.WebAppContext@1eb85a47{/,file:///tmp/jetty-0.0.0.0-45285-hddsDatanode-_-any-8784812131686776378.dir/webapp/,AVAILABLE}{/hddsDatanode}
2019-10-11 03:26:35,773 [main] INFO  server.AbstractConnector (AbstractConnector.java:doStart(278)) - Started ServerConnector@ca7e37f{HTTP/1.1,[http/1.1]}{0.0.0.0:45285}
2019-10-11 03:26:35,773 [main] INFO  server.Server (Server.java:doStart(419)) - Started @589156ms
2019-10-11 03:26:35,775 [main] WARN  impl.MetricsSystemImpl (MetricsSystemImpl.java:register(276)) - Sink prometheus already exists!
2019-10-11 03:26:35,776 [main] INFO  server.BaseHttpServer (BaseHttpServer.java:updateConnectorAddress(215)) - HTTP server of HDDSDATANODE is listening at http://0.0.0.0:45285
2019-10-11 03:26:35,776 [main] INFO  impl.MetricsSystemImpl (MetricsSystemImpl.java:init(158)) - HddsDatanode metrics system started (again)
2019-10-11 03:26:35,780 [org.apache.hadoop.util.JvmPauseMonitor$Monitor@cefebd7] INFO  util.JvmPauseMonitor (JvmPauseMonitor.java:run(188)) - Starting JVM pause monitor
2019-10-11 03:26:35,781 [main] INFO  ozone.HddsDatanodeService (HddsDatanodeService.java:start(184)) - HddsDatanodeService host:pr-hdds-2181-fvjjj-1641646571 ip:192.168.164.250
2019-10-11 03:26:35,782 [Datanode State Machine Thread - 0] INFO  datanode.InitDatanodeState (InitDatanodeState.java:persistContainerDatanodeDetails(140)) - DatanodeDetails is persisted to /workdir/hadoop-ozone/integration-test/target/test-dir/MiniOzoneClusterImpl-fc6dcb28-33a0-4875-b9f0-4cef493e9258/datanode-2/meta/datanode.id
2019-10-11 03:26:35,787 [main] INFO  volume.HddsVolume (HddsVolume.java:<init>(176)) - Creating Volume: /workdir/hadoop-ozone/integration-test/target/test-dir/MiniOzoneClusterImpl-fc6dcb28-33a0-4875-b9f0-4cef493e9258/datanode-3/data/containers/hdds of  storage type : DISK and capacity : 1482555576320
2019-10-11 03:26:35,787 [main] INFO  volume.VolumeSet (VolumeSet.java:initializeVolumeSet(170)) - Added Volume : /workdir/hadoop-ozone/integration-test/target/test-dir/MiniOzoneClusterImpl-fc6dcb28-33a0-4875-b9f0-4cef493e9258/datanode-3/data/containers/hdds to VolumeSet
2019-10-11 03:26:35,787 [main] INFO  volume.ThrottledAsyncChecker (ThrottledAsyncChecker.java:schedule(141)) - Scheduling a check for org.apache.hadoop.ozone.container.common.volume.HddsVolume@403364e9
2019-10-11 03:26:35,788 [main] INFO  volume.HddsVolumeChecker (HddsVolumeChecker.java:checkAllVolumes(204)) - Scheduled health check for volume org.apache.hadoop.ozone.container.common.volume.HddsVolume@403364e9
2019-10-11 03:26:35,802 [main] INFO  impl.RaftServerProxy (ConfUtils.java:logGet(43)) - raft.rpc.type = GRPC (default)
2019-10-11 03:26:35,802 [main] INFO  grpc.GrpcFactory (GrpcFactory.java:checkPooledByteBufAllocatorUseCacheForAllThreads(45)) - PERFORMANCE WARNING: useCacheForAllThreads is true that may cause Netty to create a lot garbage objects and, as a result, trigger GC.
	It is recommended to disable useCacheForAllThreads by setting -Dorg.apache.ratis.thirdparty.io.netty.allocator.useCacheForAllThreads=false in command line.
2019-10-11 03:26:35,802 [main] INFO  grpc.GrpcConfigKeys$Server (ConfUtils.java:logGet(43)) - raft.grpc.server.port = 0 (default)
2019-10-11 03:26:35,802 [main] INFO  server.GrpcService (ConfUtils.java:logGet(43)) - raft.grpc.message.size.max = 33570816 (custom)
2019-10-11 03:26:35,802 [main] INFO  server.RaftServerConfigKeys (ConfUtils.java:logGet(43)) - raft.server.log.appender.buffer.byte-limit = 33554432 (custom)
2019-10-11 03:26:35,802 [main] INFO  server.GrpcService (ConfUtils.java:logGet(43)) - raft.grpc.flow.control.window = 1MB (=1048576) (default)
2019-10-11 03:26:35,803 [main] INFO  server.RaftServerConfigKeys (ConfUtils.java:logGet(43)) - raft.server.rpc.request.timeout = 3000ms (default)
2019-10-11 03:26:35,803 [main] INFO  server.RaftServerConfigKeys (ConfUtils.java:logGet(43)) - raft.server.storage.dir = [/workdir/hadoop-ozone/integration-test/target/test-dir/MiniOzoneClusterImpl-fc6dcb28-33a0-4875-b9f0-4cef493e9258/datanode-3/data/ratis] (custom)
2019-10-11 03:26:35,804 [main] INFO  hdfs.DFSUtil (DFSUtil.java:httpServerTemplateForNNAndJN(1641)) - Starting Web-server for hddsDatanode at: http://0.0.0.0:0
2019-10-11 03:26:35,805 [main] INFO  server.AuthenticationFilter (AuthenticationFilter.java:constructSecretProvider(240)) - Unable to initialize FileSignerSecretProvider, falling back to use random secrets.
2019-10-11 03:26:35,805 [main] WARN  http.HttpRequestLog (HttpRequestLog.java:getRequestLog(97)) - Jetty request log can only be enabled using Log4j
2019-10-11 03:26:35,807 [main] INFO  http.HttpServer2 (HttpServer2.java:addGlobalFilter(975)) - Added global filter 'safety' (class=org.apache.hadoop.http.HttpServer2$QuotingInputFilter)
2019-10-11 03:26:35,807 [main] INFO  http.HttpServer2 (HttpServer2.java:addFilter(948)) - Added filter static_user_filter (class=org.apache.hadoop.http.lib.StaticUserWebFilter$StaticUserFilter) to context hddsDatanode
2019-10-11 03:26:35,807 [main] INFO  http.HttpServer2 (HttpServer2.java:addFilter(958)) - Added filter static_user_filter (class=org.apache.hadoop.http.lib.StaticUserWebFilter$StaticUserFilter) to context logs
2019-10-11 03:26:35,807 [main] INFO  http.HttpServer2 (HttpServer2.java:addFilter(958)) - Added filter static_user_filter (class=org.apache.hadoop.http.lib.StaticUserWebFilter$StaticUserFilter) to context static
2019-10-11 03:26:35,808 [main] INFO  http.HttpServer2 (HttpServer2.java:bindListener(1191)) - Jetty bound to port 41120
2019-10-11 03:26:35,808 [main] INFO  server.Server (Server.java:doStart(351)) - jetty-9.3.25.v20180904, build timestamp: 2018-09-04T21:11:46Z, git hash: 3ce520221d0240229c862b122d2b06c12a625732
2019-10-11 03:26:35,809 [main] INFO  handler.ContextHandler (ContextHandler.java:doStart(781)) - Started o.e.j.s.ServletContextHandler@30508066{/logs,file:///workdir/hadoop-ozone/integration-test/target/log,AVAILABLE}
2019-10-11 03:26:35,810 [main] INFO  handler.ContextHandler (ContextHandler.java:doStart(781)) - Started o.e.j.s.ServletContextHandler@27e44e9c{/static,jar:file:/home/user/.m2/repository/org/apache/hadoop/hadoop-hdds-container-service/0.5.0-SNAPSHOT/hadoop-hdds-container-service-0.5.0-SNAPSHOT.jar!/webapps/static,AVAILABLE}
2019-10-11 03:26:35,834 [main] INFO  handler.ContextHandler (ContextHandler.java:doStart(781)) - Started o.e.j.w.WebAppContext@6321a5aa{/,file:///tmp/jetty-0.0.0.0-41120-hddsDatanode-_-any-4104084214148744290.dir/webapp/,AVAILABLE}{/hddsDatanode}
2019-10-11 03:26:35,835 [main] INFO  server.AbstractConnector (AbstractConnector.java:doStart(278)) - Started ServerConnector@1c7f9861{HTTP/1.1,[http/1.1]}{0.0.0.0:41120}
2019-10-11 03:26:35,837 [main] INFO  server.Server (Server.java:doStart(419)) - Started @589220ms
2019-10-11 03:26:35,837 [main] WARN  impl.MetricsSystemImpl (MetricsSystemImpl.java:register(276)) - Sink prometheus already exists!
2019-10-11 03:26:35,837 [main] INFO  server.BaseHttpServer (BaseHttpServer.java:updateConnectorAddress(215)) - HTTP server of HDDSDATANODE is listening at http://0.0.0.0:41120
2019-10-11 03:26:35,838 [main] INFO  impl.MetricsSystemImpl (MetricsSystemImpl.java:init(158)) - HddsDatanode metrics system started (again)
2019-10-11 03:26:35,842 [org.apache.hadoop.util.JvmPauseMonitor$Monitor@45da872] INFO  util.JvmPauseMonitor (JvmPauseMonitor.java:run(188)) - Starting JVM pause monitor
2019-10-11 03:26:35,843 [main] INFO  ozone.HddsDatanodeService (HddsDatanodeService.java:start(184)) - HddsDatanodeService host:pr-hdds-2181-fvjjj-1641646571 ip:192.168.164.250
2019-10-11 03:26:35,844 [Datanode State Machine Thread - 0] INFO  datanode.InitDatanodeState (InitDatanodeState.java:persistContainerDatanodeDetails(140)) - DatanodeDetails is persisted to /workdir/hadoop-ozone/integration-test/target/test-dir/MiniOzoneClusterImpl-fc6dcb28-33a0-4875-b9f0-4cef493e9258/datanode-3/meta/datanode.id
2019-10-11 03:26:35,849 [main] INFO  volume.HddsVolume (HddsVolume.java:<init>(176)) - Creating Volume: /workdir/hadoop-ozone/integration-test/target/test-dir/MiniOzoneClusterImpl-fc6dcb28-33a0-4875-b9f0-4cef493e9258/datanode-4/data/containers/hdds of  storage type : DISK and capacity : 1482555576320
2019-10-11 03:26:35,850 [main] INFO  volume.VolumeSet (VolumeSet.java:initializeVolumeSet(170)) - Added Volume : /workdir/hadoop-ozone/integration-test/target/test-dir/MiniOzoneClusterImpl-fc6dcb28-33a0-4875-b9f0-4cef493e9258/datanode-4/data/containers/hdds to VolumeSet
2019-10-11 03:26:35,850 [main] INFO  volume.ThrottledAsyncChecker (ThrottledAsyncChecker.java:schedule(141)) - Scheduling a check for org.apache.hadoop.ozone.container.common.volume.HddsVolume@743d0d44
2019-10-11 03:26:35,850 [main] INFO  volume.HddsVolumeChecker (HddsVolumeChecker.java:checkAllVolumes(204)) - Scheduled health check for volume org.apache.hadoop.ozone.container.common.volume.HddsVolume@743d0d44
2019-10-11 03:26:35,864 [main] INFO  impl.RaftServerProxy (ConfUtils.java:logGet(43)) - raft.rpc.type = GRPC (default)
2019-10-11 03:26:35,864 [main] INFO  grpc.GrpcFactory (GrpcFactory.java:checkPooledByteBufAllocatorUseCacheForAllThreads(45)) - PERFORMANCE WARNING: useCacheForAllThreads is true that may cause Netty to create a lot garbage objects and, as a result, trigger GC.
	It is recommended to disable useCacheForAllThreads by setting -Dorg.apache.ratis.thirdparty.io.netty.allocator.useCacheForAllThreads=false in command line.
2019-10-11 03:26:35,864 [main] INFO  grpc.GrpcConfigKeys$Server (ConfUtils.java:logGet(43)) - raft.grpc.server.port = 0 (default)
2019-10-11 03:26:35,864 [main] INFO  server.GrpcService (ConfUtils.java:logGet(43)) - raft.grpc.message.size.max = 33570816 (custom)
2019-10-11 03:26:35,864 [main] INFO  server.RaftServerConfigKeys (ConfUtils.java:logGet(43)) - raft.server.log.appender.buffer.byte-limit = 33554432 (custom)
2019-10-11 03:26:35,865 [main] INFO  server.GrpcService (ConfUtils.java:logGet(43)) - raft.grpc.flow.control.window = 1MB (=1048576) (default)
2019-10-11 03:26:35,865 [main] INFO  server.RaftServerConfigKeys (ConfUtils.java:logGet(43)) - raft.server.rpc.request.timeout = 3000ms (default)
2019-10-11 03:26:35,865 [main] INFO  server.RaftServerConfigKeys (ConfUtils.java:logGet(43)) - raft.server.storage.dir = [/workdir/hadoop-ozone/integration-test/target/test-dir/MiniOzoneClusterImpl-fc6dcb28-33a0-4875-b9f0-4cef493e9258/datanode-4/data/ratis] (custom)
2019-10-11 03:26:35,866 [main] INFO  hdfs.DFSUtil (DFSUtil.java:httpServerTemplateForNNAndJN(1641)) - Starting Web-server for hddsDatanode at: http://0.0.0.0:0
2019-10-11 03:26:35,867 [main] INFO  server.AuthenticationFilter (AuthenticationFilter.java:constructSecretProvider(240)) - Unable to initialize FileSignerSecretProvider, falling back to use random secrets.
2019-10-11 03:26:35,867 [main] WARN  http.HttpRequestLog (HttpRequestLog.java:getRequestLog(97)) - Jetty request log can only be enabled using Log4j
2019-10-11 03:26:35,868 [main] INFO  http.HttpServer2 (HttpServer2.java:addGlobalFilter(975)) - Added global filter 'safety' (class=org.apache.hadoop.http.HttpServer2$QuotingInputFilter)
2019-10-11 03:26:35,869 [main] INFO  http.HttpServer2 (HttpServer2.java:addFilter(948)) - Added filter static_user_filter (class=org.apache.hadoop.http.lib.StaticUserWebFilter$StaticUserFilter) to context hddsDatanode
2019-10-11 03:26:35,869 [main] INFO  http.HttpServer2 (HttpServer2.java:addFilter(958)) - Added filter static_user_filter (class=org.apache.hadoop.http.lib.StaticUserWebFilter$StaticUserFilter) to context static
2019-10-11 03:26:35,869 [main] INFO  http.HttpServer2 (HttpServer2.java:addFilter(958)) - Added filter static_user_filter (class=org.apache.hadoop.http.lib.StaticUserWebFilter$StaticUserFilter) to context logs
2019-10-11 03:26:35,870 [main] INFO  http.HttpServer2 (HttpServer2.java:bindListener(1191)) - Jetty bound to port 46787
2019-10-11 03:26:35,870 [main] INFO  server.Server (Server.java:doStart(351)) - jetty-9.3.25.v20180904, build timestamp: 2018-09-04T21:11:46Z, git hash: 3ce520221d0240229c862b122d2b06c12a625732
2019-10-11 03:26:35,871 [main] INFO  handler.ContextHandler (ContextHandler.java:doStart(781)) - Started o.e.j.s.ServletContextHandler@774d8276{/logs,file:///workdir/hadoop-ozone/integration-test/target/log,AVAILABLE}
2019-10-11 03:26:35,871 [main] INFO  handler.ContextHandler (ContextHandler.java:doStart(781)) - Started o.e.j.s.ServletContextHandler@2bf2d6eb{/static,jar:file:/home/user/.m2/repository/org/apache/hadoop/hadoop-hdds-container-service/0.5.0-SNAPSHOT/hadoop-hdds-container-service-0.5.0-SNAPSHOT.jar!/webapps/static,AVAILABLE}
2019-10-11 03:26:35,895 [main] INFO  handler.ContextHandler (ContextHandler.java:doStart(781)) - Started o.e.j.w.WebAppContext@19ad75e5{/,file:///tmp/jetty-0.0.0.0-46787-hddsDatanode-_-any-2914440946687707791.dir/webapp/,AVAILABLE}{/hddsDatanode}
2019-10-11 03:26:35,895 [main] INFO  server.AbstractConnector (AbstractConnector.java:doStart(278)) - Started ServerConnector@7cd5fcf4{HTTP/1.1,[http/1.1]}{0.0.0.0:46787}
2019-10-11 03:26:35,897 [main] INFO  server.Server (Server.java:doStart(419)) - Started @589280ms
2019-10-11 03:26:35,897 [main] WARN  impl.MetricsSystemImpl (MetricsSystemImpl.java:register(276)) - Sink prometheus already exists!
2019-10-11 03:26:35,898 [main] INFO  server.BaseHttpServer (BaseHttpServer.java:updateConnectorAddress(215)) - HTTP server of HDDSDATANODE is listening at http://0.0.0.0:46787
2019-10-11 03:26:35,898 [main] INFO  impl.MetricsSystemImpl (MetricsSystemImpl.java:init(158)) - HddsDatanode metrics system started (again)
2019-10-11 03:26:35,903 [org.apache.hadoop.util.JvmPauseMonitor$Monitor@1f72838c] INFO  util.JvmPauseMonitor (JvmPauseMonitor.java:run(188)) - Starting JVM pause monitor
2019-10-11 03:26:35,903 [main] INFO  ozone.HddsDatanodeService (HddsDatanodeService.java:start(184)) - HddsDatanodeService host:pr-hdds-2181-fvjjj-1641646571 ip:192.168.164.250
2019-10-11 03:26:35,904 [Datanode State Machine Thread - 0] INFO  datanode.InitDatanodeState (InitDatanodeState.java:persistContainerDatanodeDetails(140)) - DatanodeDetails is persisted to /workdir/hadoop-ozone/integration-test/target/test-dir/MiniOzoneClusterImpl-fc6dcb28-33a0-4875-b9f0-4cef493e9258/datanode-4/meta/datanode.id
2019-10-11 03:26:35,909 [main] INFO  volume.HddsVolume (HddsVolume.java:<init>(176)) - Creating Volume: /workdir/hadoop-ozone/integration-test/target/test-dir/MiniOzoneClusterImpl-fc6dcb28-33a0-4875-b9f0-4cef493e9258/datanode-5/data/containers/hdds of  storage type : DISK and capacity : 1482555576320
2019-10-11 03:26:35,910 [main] INFO  volume.VolumeSet (VolumeSet.java:initializeVolumeSet(170)) - Added Volume : /workdir/hadoop-ozone/integration-test/target/test-dir/MiniOzoneClusterImpl-fc6dcb28-33a0-4875-b9f0-4cef493e9258/datanode-5/data/containers/hdds to VolumeSet
2019-10-11 03:26:35,910 [main] INFO  volume.ThrottledAsyncChecker (ThrottledAsyncChecker.java:schedule(141)) - Scheduling a check for org.apache.hadoop.ozone.container.common.volume.HddsVolume@20bb85b4
2019-10-11 03:26:35,910 [main] INFO  volume.HddsVolumeChecker (HddsVolumeChecker.java:checkAllVolumes(204)) - Scheduled health check for volume org.apache.hadoop.ozone.container.common.volume.HddsVolume@20bb85b4
2019-10-11 03:26:35,922 [main] INFO  impl.RaftServerProxy (ConfUtils.java:logGet(43)) - raft.rpc.type = GRPC (default)
2019-10-11 03:26:35,922 [main] INFO  grpc.GrpcFactory (GrpcFactory.java:checkPooledByteBufAllocatorUseCacheForAllThreads(45)) - PERFORMANCE WARNING: useCacheForAllThreads is true that may cause Netty to create a lot garbage objects and, as a result, trigger GC.
	It is recommended to disable useCacheForAllThreads by setting -Dorg.apache.ratis.thirdparty.io.netty.allocator.useCacheForAllThreads=false in command line.
2019-10-11 03:26:35,923 [main] INFO  grpc.GrpcConfigKeys$Server (ConfUtils.java:logGet(43)) - raft.grpc.server.port = 0 (default)
2019-10-11 03:26:35,923 [main] INFO  server.GrpcService (ConfUtils.java:logGet(43)) - raft.grpc.message.size.max = 33570816 (custom)
2019-10-11 03:26:35,923 [main] INFO  server.RaftServerConfigKeys (ConfUtils.java:logGet(43)) - raft.server.log.appender.buffer.byte-limit = 33554432 (custom)
2019-10-11 03:26:35,923 [main] INFO  server.GrpcService (ConfUtils.java:logGet(43)) - raft.grpc.flow.control.window = 1MB (=1048576) (default)
2019-10-11 03:26:35,923 [main] INFO  server.RaftServerConfigKeys (ConfUtils.java:logGet(43)) - raft.server.rpc.request.timeout = 3000ms (default)
2019-10-11 03:26:35,924 [main] INFO  server.RaftServerConfigKeys (ConfUtils.java:logGet(43)) - raft.server.storage.dir = [/workdir/hadoop-ozone/integration-test/target/test-dir/MiniOzoneClusterImpl-fc6dcb28-33a0-4875-b9f0-4cef493e9258/datanode-5/data/ratis] (custom)
2019-10-11 03:26:35,925 [main] INFO  hdfs.DFSUtil (DFSUtil.java:httpServerTemplateForNNAndJN(1641)) - Starting Web-server for hddsDatanode at: http://0.0.0.0:0
2019-10-11 03:26:35,926 [main] INFO  server.AuthenticationFilter (AuthenticationFilter.java:constructSecretProvider(240)) - Unable to initialize FileSignerSecretProvider, falling back to use random secrets.
2019-10-11 03:26:35,927 [main] WARN  http.HttpRequestLog (HttpRequestLog.java:getRequestLog(97)) - Jetty request log can only be enabled using Log4j
2019-10-11 03:26:35,928 [main] INFO  http.HttpServer2 (HttpServer2.java:addGlobalFilter(975)) - Added global filter 'safety' (class=org.apache.hadoop.http.HttpServer2$QuotingInputFilter)
2019-10-11 03:26:35,929 [main] INFO  http.HttpServer2 (HttpServer2.java:addFilter(948)) - Added filter static_user_filter (class=org.apache.hadoop.http.lib.StaticUserWebFilter$StaticUserFilter) to context hddsDatanode
2019-10-11 03:26:35,929 [main] INFO  http.HttpServer2 (HttpServer2.java:addFilter(958)) - Added filter static_user_filter (class=org.apache.hadoop.http.lib.StaticUserWebFilter$StaticUserFilter) to context static
2019-10-11 03:26:35,929 [main] INFO  http.HttpServer2 (HttpServer2.java:addFilter(958)) - Added filter static_user_filter (class=org.apache.hadoop.http.lib.StaticUserWebFilter$StaticUserFilter) to context logs
2019-10-11 03:26:35,930 [main] INFO  http.HttpServer2 (HttpServer2.java:bindListener(1191)) - Jetty bound to port 39397
2019-10-11 03:26:35,930 [main] INFO  server.Server (Server.java:doStart(351)) - jetty-9.3.25.v20180904, build timestamp: 2018-09-04T21:11:46Z, git hash: 3ce520221d0240229c862b122d2b06c12a625732
2019-10-11 03:26:35,932 [main] INFO  handler.ContextHandler (ContextHandler.java:doStart(781)) - Started o.e.j.s.ServletContextHandler@55d8c2c4{/logs,file:///workdir/hadoop-ozone/integration-test/target/log,AVAILABLE}
2019-10-11 03:26:35,933 [main] INFO  handler.ContextHandler (ContextHandler.java:doStart(781)) - Started o.e.j.s.ServletContextHandler@1c1fa494{/static,jar:file:/home/user/.m2/repository/org/apache/hadoop/hadoop-hdds-container-service/0.5.0-SNAPSHOT/hadoop-hdds-container-service-0.5.0-SNAPSHOT.jar!/webapps/static,AVAILABLE}
2019-10-11 03:26:35,956 [main] INFO  handler.ContextHandler (ContextHandler.java:doStart(781)) - Started o.e.j.w.WebAppContext@582a3b19{/,file:///tmp/jetty-0.0.0.0-39397-hddsDatanode-_-any-8321838801884655202.dir/webapp/,AVAILABLE}{/hddsDatanode}
2019-10-11 03:26:35,956 [main] INFO  server.AbstractConnector (AbstractConnector.java:doStart(278)) - Started ServerConnector@2b0454d2{HTTP/1.1,[http/1.1]}{0.0.0.0:39397}
2019-10-11 03:26:35,956 [main] INFO  server.Server (Server.java:doStart(419)) - Started @589339ms
2019-10-11 03:26:35,959 [main] WARN  impl.MetricsSystemImpl (MetricsSystemImpl.java:register(276)) - Sink prometheus already exists!
2019-10-11 03:26:35,959 [main] INFO  server.BaseHttpServer (BaseHttpServer.java:updateConnectorAddress(215)) - HTTP server of HDDSDATANODE is listening at http://0.0.0.0:39397
2019-10-11 03:26:35,959 [main] INFO  impl.MetricsSystemImpl (MetricsSystemImpl.java:init(158)) - HddsDatanode metrics system started (again)
2019-10-11 03:26:35,965 [org.apache.hadoop.util.JvmPauseMonitor$Monitor@448cc77e] INFO  util.JvmPauseMonitor (JvmPauseMonitor.java:run(188)) - Starting JVM pause monitor
2019-10-11 03:26:35,965 [main] INFO  ozone.HddsDatanodeService (HddsDatanodeService.java:start(184)) - HddsDatanodeService host:pr-hdds-2181-fvjjj-1641646571 ip:192.168.164.250
2019-10-11 03:26:35,966 [Datanode State Machine Thread - 0] INFO  datanode.InitDatanodeState (InitDatanodeState.java:persistContainerDatanodeDetails(140)) - DatanodeDetails is persisted to /workdir/hadoop-ozone/integration-test/target/test-dir/MiniOzoneClusterImpl-fc6dcb28-33a0-4875-b9f0-4cef493e9258/datanode-5/meta/datanode.id
2019-10-11 03:26:35,973 [main] INFO  volume.HddsVolume (HddsVolume.java:<init>(176)) - Creating Volume: /workdir/hadoop-ozone/integration-test/target/test-dir/MiniOzoneClusterImpl-fc6dcb28-33a0-4875-b9f0-4cef493e9258/datanode-6/data/containers/hdds of  storage type : DISK and capacity : 1482555576320
2019-10-11 03:26:35,973 [main] INFO  volume.VolumeSet (VolumeSet.java:initializeVolumeSet(170)) - Added Volume : /workdir/hadoop-ozone/integration-test/target/test-dir/MiniOzoneClusterImpl-fc6dcb28-33a0-4875-b9f0-4cef493e9258/datanode-6/data/containers/hdds to VolumeSet
2019-10-11 03:26:35,973 [main] INFO  volume.ThrottledAsyncChecker (ThrottledAsyncChecker.java:schedule(141)) - Scheduling a check for org.apache.hadoop.ozone.container.common.volume.HddsVolume@7c71c889
2019-10-11 03:26:35,973 [main] INFO  volume.HddsVolumeChecker (HddsVolumeChecker.java:checkAllVolumes(204)) - Scheduled health check for volume org.apache.hadoop.ozone.container.common.volume.HddsVolume@7c71c889
2019-10-11 03:26:35,987 [main] INFO  impl.RaftServerProxy (ConfUtils.java:logGet(43)) - raft.rpc.type = GRPC (default)
2019-10-11 03:26:35,987 [main] INFO  grpc.GrpcFactory (GrpcFactory.java:checkPooledByteBufAllocatorUseCacheForAllThreads(45)) - PERFORMANCE WARNING: useCacheForAllThreads is true that may cause Netty to create a lot garbage objects and, as a result, trigger GC.
	It is recommended to disable useCacheForAllThreads by setting -Dorg.apache.ratis.thirdparty.io.netty.allocator.useCacheForAllThreads=false in command line.
2019-10-11 03:26:35,987 [main] INFO  grpc.GrpcConfigKeys$Server (ConfUtils.java:logGet(43)) - raft.grpc.server.port = 0 (default)
2019-10-11 03:26:35,988 [main] INFO  server.GrpcService (ConfUtils.java:logGet(43)) - raft.grpc.message.size.max = 33570816 (custom)
2019-10-11 03:26:35,988 [main] INFO  server.RaftServerConfigKeys (ConfUtils.java:logGet(43)) - raft.server.log.appender.buffer.byte-limit = 33554432 (custom)
2019-10-11 03:26:35,988 [main] INFO  server.GrpcService (ConfUtils.java:logGet(43)) - raft.grpc.flow.control.window = 1MB (=1048576) (default)
2019-10-11 03:26:35,988 [main] INFO  server.RaftServerConfigKeys (ConfUtils.java:logGet(43)) - raft.server.rpc.request.timeout = 3000ms (default)
2019-10-11 03:26:35,988 [main] INFO  server.RaftServerConfigKeys (ConfUtils.java:logGet(43)) - raft.server.storage.dir = [/workdir/hadoop-ozone/integration-test/target/test-dir/MiniOzoneClusterImpl-fc6dcb28-33a0-4875-b9f0-4cef493e9258/datanode-6/data/ratis] (custom)
2019-10-11 03:26:35,990 [main] INFO  hdfs.DFSUtil (DFSUtil.java:httpServerTemplateForNNAndJN(1641)) - Starting Web-server for hddsDatanode at: http://0.0.0.0:0
2019-10-11 03:26:35,991 [main] INFO  server.AuthenticationFilter (AuthenticationFilter.java:constructSecretProvider(240)) - Unable to initialize FileSignerSecretProvider, falling back to use random secrets.
2019-10-11 03:26:35,991 [main] WARN  http.HttpRequestLog (HttpRequestLog.java:getRequestLog(97)) - Jetty request log can only be enabled using Log4j
2019-10-11 03:26:35,992 [main] INFO  http.HttpServer2 (HttpServer2.java:addGlobalFilter(975)) - Added global filter 'safety' (class=org.apache.hadoop.http.HttpServer2$QuotingInputFilter)
2019-10-11 03:26:35,992 [main] INFO  http.HttpServer2 (HttpServer2.java:addFilter(948)) - Added filter static_user_filter (class=org.apache.hadoop.http.lib.StaticUserWebFilter$StaticUserFilter) to context hddsDatanode
2019-10-11 03:26:35,993 [main] INFO  http.HttpServer2 (HttpServer2.java:addFilter(958)) - Added filter static_user_filter (class=org.apache.hadoop.http.lib.StaticUserWebFilter$StaticUserFilter) to context logs
2019-10-11 03:26:35,993 [main] INFO  http.HttpServer2 (HttpServer2.java:addFilter(958)) - Added filter static_user_filter (class=org.apache.hadoop.http.lib.StaticUserWebFilter$StaticUserFilter) to context static
2019-10-11 03:26:35,993 [main] INFO  http.HttpServer2 (HttpServer2.java:bindListener(1191)) - Jetty bound to port 36977
2019-10-11 03:26:35,994 [main] INFO  server.Server (Server.java:doStart(351)) - jetty-9.3.25.v20180904, build timestamp: 2018-09-04T21:11:46Z, git hash: 3ce520221d0240229c862b122d2b06c12a625732
2019-10-11 03:26:35,995 [main] INFO  handler.ContextHandler (ContextHandler.java:doStart(781)) - Started o.e.j.s.ServletContextHandler@626c569b{/logs,file:///workdir/hadoop-ozone/integration-test/target/log,AVAILABLE}
2019-10-11 03:26:35,995 [main] INFO  handler.ContextHandler (ContextHandler.java:doStart(781)) - Started o.e.j.s.ServletContextHandler@65593327{/static,jar:file:/home/user/.m2/repository/org/apache/hadoop/hadoop-hdds-container-service/0.5.0-SNAPSHOT/hadoop-hdds-container-service-0.5.0-SNAPSHOT.jar!/webapps/static,AVAILABLE}
2019-10-11 03:26:36,018 [main] INFO  handler.ContextHandler (ContextHandler.java:doStart(781)) - Started o.e.j.w.WebAppContext@71789580{/,file:///tmp/jetty-0.0.0.0-36977-hddsDatanode-_-any-4530011672368685184.dir/webapp/,AVAILABLE}{/hddsDatanode}
2019-10-11 03:26:36,019 [main] INFO  server.AbstractConnector (AbstractConnector.java:doStart(278)) - Started ServerConnector@23ee2ccf{HTTP/1.1,[http/1.1]}{0.0.0.0:36977}
2019-10-11 03:26:36,025 [main] INFO  server.Server (Server.java:doStart(419)) - Started @589408ms
2019-10-11 03:26:36,026 [main] WARN  impl.MetricsSystemImpl (MetricsSystemImpl.java:register(276)) - Sink prometheus already exists!
2019-10-11 03:26:36,026 [main] INFO  server.BaseHttpServer (BaseHttpServer.java:updateConnectorAddress(215)) - HTTP server of HDDSDATANODE is listening at http://0.0.0.0:36977
2019-10-11 03:26:36,027 [main] INFO  ozone.MiniOzoneClusterImpl (MiniOzoneClusterImpl.java:lambda$waitForClusterToBeReady$0(147)) - Waiting for cluster to be ready. Got 0 of 7 DN Heartbeats.
2019-10-11 03:26:36,028 [org.apache.hadoop.util.JvmPauseMonitor$Monitor@142abfbe] INFO  util.JvmPauseMonitor (JvmPauseMonitor.java:run(188)) - Starting JVM pause monitor
2019-10-11 03:26:36,030 [Datanode State Machine Thread - 0] INFO  datanode.InitDatanodeState (InitDatanodeState.java:persistContainerDatanodeDetails(140)) - DatanodeDetails is persisted to /workdir/hadoop-ozone/integration-test/target/test-dir/MiniOzoneClusterImpl-fc6dcb28-33a0-4875-b9f0-4cef493e9258/datanode-6/meta/datanode.id
2019-10-11 03:26:37,027 [main] INFO  ozone.MiniOzoneClusterImpl (MiniOzoneClusterImpl.java:lambda$waitForClusterToBeReady$0(147)) - Waiting for cluster to be ready. Got 0 of 7 DN Heartbeats.
2019-10-11 03:26:37,695 [Datanode State Machine Thread - 0] INFO  ozoneimpl.OzoneContainer (OzoneContainer.java:start(213)) - Attempting to start container services.
2019-10-11 03:26:37,696 [Datanode State Machine Thread - 0] INFO  ozoneimpl.OzoneContainer (OzoneContainer.java:startContainerScrub(177)) - Background container scanner has been disabled.
2019-10-11 03:26:37,696 [Datanode State Machine Thread - 0] INFO  ratis.XceiverServerRatis (XceiverServerRatis.java:start(418)) - Starting XceiverServerRatis 7f2a13cb-5d59-47e3-8c3b-526bd99d7c0a at port 0
2019-10-11 03:26:37,702 [Datanode State Machine Thread - 0] INFO  impl.RaftServerProxy (RaftServerProxy.java:lambda$start$3(299)) - 7f2a13cb-5d59-47e3-8c3b-526bd99d7c0a: start RPC server
2019-10-11 03:26:37,704 [Datanode State Machine Thread - 0] INFO  server.GrpcService (GrpcService.java:startImpl(158)) - 7f2a13cb-5d59-47e3-8c3b-526bd99d7c0a: GrpcService started, listening on 0.0.0.0/0.0.0.0:35044
2019-10-11 03:26:37,705 [Datanode State Machine Thread - 0] INFO  ratis.XceiverServerRatis (XceiverServerRatis.java:start(428)) - XceiverServerRatis 7f2a13cb-5d59-47e3-8c3b-526bd99d7c0a is started using port 35044
2019-10-11 03:26:37,705 [Datanode State Machine Thread - 0] INFO  server.XceiverServerGrpc (XceiverServerGrpc.java:start(149)) - XceiverServerGrpc 7f2a13cb-5d59-47e3-8c3b-526bd99d7c0a is started using port 41236
2019-10-11 03:26:37,748 [Datanode State Machine Thread - 0] INFO  ozoneimpl.OzoneContainer (OzoneContainer.java:start(213)) - Attempting to start container services.
2019-10-11 03:26:37,748 [Datanode State Machine Thread - 0] INFO  ozoneimpl.OzoneContainer (OzoneContainer.java:startContainerScrub(177)) - Background container scanner has been disabled.
2019-10-11 03:26:37,748 [Datanode State Machine Thread - 0] INFO  ratis.XceiverServerRatis (XceiverServerRatis.java:start(418)) - Starting XceiverServerRatis 632ef2d3-f6b6-4032-ba6a-967bd3e1777d at port 0
2019-10-11 03:26:37,754 [Datanode State Machine Thread - 0] INFO  impl.RaftServerProxy (RaftServerProxy.java:lambda$start$3(299)) - 632ef2d3-f6b6-4032-ba6a-967bd3e1777d: start RPC server
2019-10-11 03:26:37,755 [Datanode State Machine Thread - 0] INFO  server.GrpcService (GrpcService.java:startImpl(158)) - 632ef2d3-f6b6-4032-ba6a-967bd3e1777d: GrpcService started, listening on 0.0.0.0/0.0.0.0:44789
2019-10-11 03:26:37,755 [Datanode State Machine Thread - 0] INFO  ratis.XceiverServerRatis (XceiverServerRatis.java:start(428)) - XceiverServerRatis 632ef2d3-f6b6-4032-ba6a-967bd3e1777d is started using port 44789
2019-10-11 03:26:37,758 [Datanode State Machine Thread - 0] INFO  server.XceiverServerGrpc (XceiverServerGrpc.java:start(149)) - XceiverServerGrpc 632ef2d3-f6b6-4032-ba6a-967bd3e1777d is started using port 45159
2019-10-11 03:26:37,818 [Datanode State Machine Thread - 0] INFO  ozoneimpl.OzoneContainer (OzoneContainer.java:start(213)) - Attempting to start container services.
2019-10-11 03:26:37,818 [Datanode State Machine Thread - 0] INFO  ozoneimpl.OzoneContainer (OzoneContainer.java:startContainerScrub(177)) - Background container scanner has been disabled.
2019-10-11 03:26:37,819 [Datanode State Machine Thread - 0] INFO  ratis.XceiverServerRatis (XceiverServerRatis.java:start(418)) - Starting XceiverServerRatis 82fc8aa5-1a19-4d4d-ac9f-24e83c36f9bf at port 0
2019-10-11 03:26:37,826 [Datanode State Machine Thread - 0] INFO  impl.RaftServerProxy (RaftServerProxy.java:lambda$start$3(299)) - 82fc8aa5-1a19-4d4d-ac9f-24e83c36f9bf: start RPC server
2019-10-11 03:26:37,826 [Datanode State Machine Thread - 0] INFO  server.GrpcService (GrpcService.java:startImpl(158)) - 82fc8aa5-1a19-4d4d-ac9f-24e83c36f9bf: GrpcService started, listening on 0.0.0.0/0.0.0.0:34489
2019-10-11 03:26:37,827 [Datanode State Machine Thread - 0] INFO  ratis.XceiverServerRatis (XceiverServerRatis.java:start(428)) - XceiverServerRatis 82fc8aa5-1a19-4d4d-ac9f-24e83c36f9bf is started using port 34489
2019-10-11 03:26:37,827 [Datanode State Machine Thread - 0] INFO  server.XceiverServerGrpc (XceiverServerGrpc.java:start(149)) - XceiverServerGrpc 82fc8aa5-1a19-4d4d-ac9f-24e83c36f9bf is started using port 38221
2019-10-11 03:26:37,868 [Datanode State Machine Thread - 0] INFO  ozoneimpl.OzoneContainer (OzoneContainer.java:start(213)) - Attempting to start container services.
2019-10-11 03:26:37,869 [Datanode State Machine Thread - 0] INFO  ozoneimpl.OzoneContainer (OzoneContainer.java:startContainerScrub(177)) - Background container scanner has been disabled.
2019-10-11 03:26:37,869 [Datanode State Machine Thread - 0] INFO  ratis.XceiverServerRatis (XceiverServerRatis.java:start(418)) - Starting XceiverServerRatis 6a64fa26-3b78-4b78-adac-c84034f3e696 at port 0
2019-10-11 03:26:37,878 [Datanode State Machine Thread - 0] INFO  impl.RaftServerProxy (RaftServerProxy.java:lambda$start$3(299)) - 6a64fa26-3b78-4b78-adac-c84034f3e696: start RPC server
2019-10-11 03:26:37,883 [Datanode State Machine Thread - 0] INFO  server.GrpcService (GrpcService.java:startImpl(158)) - 6a64fa26-3b78-4b78-adac-c84034f3e696: GrpcService started, listening on 0.0.0.0/0.0.0.0:45461
2019-10-11 03:26:37,884 [Datanode State Machine Thread - 0] INFO  ratis.XceiverServerRatis (XceiverServerRatis.java:start(428)) - XceiverServerRatis 6a64fa26-3b78-4b78-adac-c84034f3e696 is started using port 45461
2019-10-11 03:26:37,885 [Datanode State Machine Thread - 0] INFO  server.XceiverServerGrpc (XceiverServerGrpc.java:start(149)) - XceiverServerGrpc 6a64fa26-3b78-4b78-adac-c84034f3e696 is started using port 46693
2019-10-11 03:26:37,935 [Datanode State Machine Thread - 0] INFO  ozoneimpl.OzoneContainer (OzoneContainer.java:start(213)) - Attempting to start container services.
2019-10-11 03:26:37,936 [Datanode State Machine Thread - 0] INFO  ozoneimpl.OzoneContainer (OzoneContainer.java:startContainerScrub(177)) - Background container scanner has been disabled.
2019-10-11 03:26:37,936 [Datanode State Machine Thread - 0] INFO  ratis.XceiverServerRatis (XceiverServerRatis.java:start(418)) - Starting XceiverServerRatis 8df26319-7b85-4a99-b7cd-52a4b6b20098 at port 0
2019-10-11 03:26:37,942 [Datanode State Machine Thread - 0] INFO  impl.RaftServerProxy (RaftServerProxy.java:lambda$start$3(299)) - 8df26319-7b85-4a99-b7cd-52a4b6b20098: start RPC server
2019-10-11 03:26:37,945 [Datanode State Machine Thread - 0] INFO  server.GrpcService (GrpcService.java:startImpl(158)) - 8df26319-7b85-4a99-b7cd-52a4b6b20098: GrpcService started, listening on 0.0.0.0/0.0.0.0:34348
2019-10-11 03:26:37,945 [Datanode State Machine Thread - 0] INFO  ratis.XceiverServerRatis (XceiverServerRatis.java:start(428)) - XceiverServerRatis 8df26319-7b85-4a99-b7cd-52a4b6b20098 is started using port 34348
2019-10-11 03:26:37,946 [Datanode State Machine Thread - 0] INFO  server.XceiverServerGrpc (XceiverServerGrpc.java:start(149)) - XceiverServerGrpc 8df26319-7b85-4a99-b7cd-52a4b6b20098 is started using port 41679
2019-10-11 03:26:37,986 [Datanode State Machine Thread - 0] INFO  ozoneimpl.OzoneContainer (OzoneContainer.java:start(213)) - Attempting to start container services.
2019-10-11 03:26:37,986 [Datanode State Machine Thread - 0] INFO  ozoneimpl.OzoneContainer (OzoneContainer.java:startContainerScrub(177)) - Background container scanner has been disabled.
2019-10-11 03:26:37,986 [Datanode State Machine Thread - 0] INFO  ratis.XceiverServerRatis (XceiverServerRatis.java:start(418)) - Starting XceiverServerRatis adf578df-9fcd-492e-b730-432f6b8d35a3 at port 0
2019-10-11 03:26:37,992 [Datanode State Machine Thread - 0] INFO  impl.RaftServerProxy (RaftServerProxy.java:lambda$start$3(299)) - adf578df-9fcd-492e-b730-432f6b8d35a3: start RPC server
2019-10-11 03:26:37,995 [Datanode State Machine Thread - 0] INFO  server.GrpcService (GrpcService.java:startImpl(158)) - adf578df-9fcd-492e-b730-432f6b8d35a3: GrpcService started, listening on 0.0.0.0/0.0.0.0:43725
2019-10-11 03:26:37,995 [Datanode State Machine Thread - 0] INFO  ratis.XceiverServerRatis (XceiverServerRatis.java:start(428)) - XceiverServerRatis adf578df-9fcd-492e-b730-432f6b8d35a3 is started using port 43725
2019-10-11 03:26:38,005 [Datanode State Machine Thread - 0] INFO  server.XceiverServerGrpc (XceiverServerGrpc.java:start(149)) - XceiverServerGrpc adf578df-9fcd-492e-b730-432f6b8d35a3 is started using port 32949
2019-10-11 03:26:38,028 [main] INFO  ozone.MiniOzoneClusterImpl (MiniOzoneClusterImpl.java:lambda$waitForClusterToBeReady$0(147)) - Waiting for cluster to be ready. Got 0 of 7 DN Heartbeats.
2019-10-11 03:26:38,053 [Datanode State Machine Thread - 0] INFO  ozoneimpl.OzoneContainer (OzoneContainer.java:start(213)) - Attempting to start container services.
2019-10-11 03:26:38,053 [Datanode State Machine Thread - 0] INFO  ozoneimpl.OzoneContainer (OzoneContainer.java:startContainerScrub(177)) - Background container scanner has been disabled.
2019-10-11 03:26:38,053 [Datanode State Machine Thread - 0] INFO  ratis.XceiverServerRatis (XceiverServerRatis.java:start(418)) - Starting XceiverServerRatis b5916a00-4678-44bb-bec6-59831e8787d7 at port 0
2019-10-11 03:26:38,060 [Datanode State Machine Thread - 0] INFO  impl.RaftServerProxy (RaftServerProxy.java:lambda$start$3(299)) - b5916a00-4678-44bb-bec6-59831e8787d7: start RPC server
2019-10-11 03:26:38,061 [Datanode State Machine Thread - 0] INFO  server.GrpcService (GrpcService.java:startImpl(158)) - b5916a00-4678-44bb-bec6-59831e8787d7: GrpcService started, listening on 0.0.0.0/0.0.0.0:37780
2019-10-11 03:26:38,061 [Datanode State Machine Thread - 0] INFO  ratis.XceiverServerRatis (XceiverServerRatis.java:start(428)) - XceiverServerRatis b5916a00-4678-44bb-bec6-59831e8787d7 is started using port 37780
2019-10-11 03:26:38,062 [Datanode State Machine Thread - 0] INFO  server.XceiverServerGrpc (XceiverServerGrpc.java:start(149)) - XceiverServerGrpc b5916a00-4678-44bb-bec6-59831e8787d7 is started using port 42612
2019-10-11 03:26:39,028 [main] INFO  ozone.MiniOzoneClusterImpl (MiniOzoneClusterImpl.java:lambda$waitForClusterToBeReady$0(147)) - Waiting for cluster to be ready. Got 0 of 7 DN Heartbeats.
2019-10-11 03:26:39,665 [IPC Server handler 2 on 33808] INFO  net.NetworkTopology (NetworkTopologyImpl.java:add(111)) - Added a new node: /default-rack/7f2a13cb-5d59-47e3-8c3b-526bd99d7c0a
2019-10-11 03:26:39,668 [IPC Server handler 2 on 33808] INFO  node.SCMNodeManager (SCMNodeManager.java:register(268)) - Registered Data node : 7f2a13cb-5d59-47e3-8c3b-526bd99d7c0a{ip: 192.168.164.250, host: pr-hdds-2181-fvjjj-1641646571, networkLocation: /default-rack, certSerialId: null}
2019-10-11 03:26:39,669 [EventQueue-NodeRegistrationContainerReportForDataNodeSafeModeRule] INFO  safemode.SCMSafeModeManager (DataNodeSafeModeRule.java:process(71)) - SCM in safe mode. 1 DataNodes registered, 1 required.
2019-10-11 03:26:39,672 [EventQueue-NodeRegistrationContainerReportForDataNodeSafeModeRule] INFO  safemode.SCMSafeModeManager (SCMSafeModeManager.java:validateSafeModeExitRules(177)) - ScmSafeModeManager, all rules are successfully validated
2019-10-11 03:26:39,672 [EventQueue-NodeRegistrationContainerReportForDataNodeSafeModeRule] INFO  safemode.SCMSafeModeManager (SCMSafeModeManager.java:exitSafeMode(193)) - SCM exiting safe mode.
2019-10-11 03:26:39,685 [grpc-default-executor-6] INFO  impl.RaftServerProxy (RaftServerProxy.java:addNew(89)) - 7f2a13cb-5d59-47e3-8c3b-526bd99d7c0a: addNew group-89116F93DA2B:[7f2a13cb-5d59-47e3-8c3b-526bd99d7c0a:192.168.164.250:35044] returns group-89116F93DA2B:java.util.concurrent.CompletableFuture@13f24ab4[Not completed]
2019-10-11 03:26:39,687 [pool-409-thread-1] INFO  impl.RaftServerImpl (RaftServerImpl.java:<init>(95)) - 7f2a13cb-5d59-47e3-8c3b-526bd99d7c0a: new RaftServerImpl for group-89116F93DA2B:[7f2a13cb-5d59-47e3-8c3b-526bd99d7c0a:192.168.164.250:35044] with ContainerStateMachine:uninitialized
2019-10-11 03:26:39,688 [pool-409-thread-1] INFO  server.RaftServerConfigKeys (ConfUtils.java:logGet(43)) - raft.server.rpc.timeout.min = 5s (custom)
2019-10-11 03:26:39,688 [pool-409-thread-1] INFO  server.RaftServerConfigKeys (ConfUtils.java:logGet(43)) - raft.server.rpc.timeout.max = 5200ms (custom)
2019-10-11 03:26:39,688 [pool-409-thread-1] INFO  server.RaftServerConfigKeys (ConfUtils.java:logGet(43)) - raft.server.rpcslowness.timeout = 120s (custom)
2019-10-11 03:26:39,688 [pool-409-thread-1] INFO  server.RaftServerConfigKeys (ConfUtils.java:logGet(43)) - raft.server.sleep.deviation.threshold = 300 (default)
2019-10-11 03:26:39,688 [pool-409-thread-1] INFO  server.RaftServerConfigKeys (ConfUtils.java:logGet(43)) - raft.server.log.appender.install.snapshot.enabled = false (custom)
2019-10-11 03:26:39,688 [pool-409-thread-1] INFO  impl.RaftServerImpl (ServerState.java:<init>(103)) - 7f2a13cb-5d59-47e3-8c3b-526bd99d7c0a@group-89116F93DA2B: ConfigurationManager, init=-1: [7f2a13cb-5d59-47e3-8c3b-526bd99d7c0a:192.168.164.250:35044], old=null, confs=<EMPTY_MAP>
2019-10-11 03:26:39,689 [pool-409-thread-1] INFO  server.RaftServerConfigKeys (ConfUtils.java:logGet(43)) - raft.server.storage.dir = [/workdir/hadoop-ozone/integration-test/target/test-dir/MiniOzoneClusterImpl-fc6dcb28-33a0-4875-b9f0-4cef493e9258/datanode-0/data/ratis] (custom)
2019-10-11 03:26:39,689 [pool-409-thread-1] INFO  server.RaftServerConfigKeys (ConfUtils.java:logGet(43)) - raft.server.log.corruption.policy = EXCEPTION (default)
2019-10-11 03:26:39,689 [pool-409-thread-1] INFO  storage.RaftStorageDirectory (RaftStorageDirectory.java:analyzeStorage(246)) - The storage directory /workdir/hadoop-ozone/integration-test/target/test-dir/MiniOzoneClusterImpl-fc6dcb28-33a0-4875-b9f0-4cef493e9258/datanode-0/data/ratis/023f207a-358a-4a59-9eec-89116f93da2b does not exist. Creating ...
2019-10-11 03:26:39,723 [IPC Server handler 3 on 33808] INFO  net.NetworkTopology (NetworkTopologyImpl.java:add(111)) - Added a new node: /default-rack/632ef2d3-f6b6-4032-ba6a-967bd3e1777d
2019-10-11 03:26:39,723 [IPC Server handler 3 on 33808] INFO  node.SCMNodeManager (SCMNodeManager.java:register(268)) - Registered Data node : 632ef2d3-f6b6-4032-ba6a-967bd3e1777d{ip: 192.168.164.250, host: pr-hdds-2181-fvjjj-1641646571, networkLocation: /default-rack, certSerialId: null}
2019-10-11 03:26:39,728 [pool-409-thread-1] INFO  storage.RaftStorageDirectory (RaftStorageDirectory.java:tryLock(328)) - Lock on /workdir/hadoop-ozone/integration-test/target/test-dir/MiniOzoneClusterImpl-fc6dcb28-33a0-4875-b9f0-4cef493e9258/datanode-0/data/ratis/023f207a-358a-4a59-9eec-89116f93da2b/in_use.lock acquired by nodename 31474@pr-hdds-2181-fvjjj-1641646571
2019-10-11 03:26:39,753 [pool-409-thread-1] INFO  storage.RaftStorage (RaftStorage.java:format(84)) - Storage directory /workdir/hadoop-ozone/integration-test/target/test-dir/MiniOzoneClusterImpl-fc6dcb28-33a0-4875-b9f0-4cef493e9258/datanode-0/data/ratis/023f207a-358a-4a59-9eec-89116f93da2b has been successfully formatted.
2019-10-11 03:26:39,754 [pool-409-thread-1] INFO  ratis.ContainerStateMachine (ContainerStateMachine.java:loadSnapshot(231)) - group-89116F93DA2B: The snapshot info is null. Setting the last applied indexto:(t:0, i:~)
2019-10-11 03:26:39,754 [pool-409-thread-1] INFO  server.RaftServerConfigKeys (ConfUtils.java:logGet(43)) - raft.server.notification.no-leader.timeout = 120s (custom)
2019-10-11 03:26:39,754 [pool-409-thread-1] INFO  server.RaftServerConfigKeys (ConfUtils.java:logGet(43)) - raft.server.log.use.memory = false (default)
2019-10-11 03:26:39,754 [pool-409-thread-1] INFO  server.RaftServerConfigKeys (ConfUtils.java:logGet(43)) - raft.server.log.purge.gap = 1000000 (custom)
2019-10-11 03:26:39,755 [pool-409-thread-1] INFO  server.RaftServerConfigKeys (ConfUtils.java:logGet(43)) - raft.server.log.appender.buffer.byte-limit = 33554432 (custom)
2019-10-11 03:26:39,755 [pool-409-thread-1] INFO  server.RaftServerConfigKeys (ConfUtils.java:logGet(43)) - raft.server.log.segment.size.max = 1048576 (custom)
2019-10-11 03:26:39,757 [pool-409-thread-1] INFO  server.RaftServerConfigKeys (ConfUtils.java:logGet(43)) - raft.server.log.segment.cache.num.max = 2 (custom)
2019-10-11 03:26:39,757 [pool-409-thread-1] INFO  segmented.SegmentedRaftLogWorker (SegmentedRaftLogWorker.java:<init>(173)) - new 7f2a13cb-5d59-47e3-8c3b-526bd99d7c0a@group-89116F93DA2B-SegmentedRaftLogWorker for RaftStorage:Storage Directory /workdir/hadoop-ozone/integration-test/target/test-dir/MiniOzoneClusterImpl-fc6dcb28-33a0-4875-b9f0-4cef493e9258/datanode-0/data/ratis/023f207a-358a-4a59-9eec-89116f93da2b
2019-10-11 03:26:39,757 [pool-409-thread-1] INFO  server.RaftServerConfigKeys (ConfUtils.java:logGet(43)) - raft.server.log.queue.byte-limit = 2147483647 (custom)
2019-10-11 03:26:39,758 [pool-409-thread-1] INFO  server.RaftServerConfigKeys (ConfUtils.java:logGet(43)) - raft.server.log.queue.element-limit = 1024 (custom)
2019-10-11 03:26:39,758 [pool-409-thread-1] INFO  server.RaftServerConfigKeys (ConfUtils.java:logGet(43)) - raft.server.log.segment.size.max = 1048576 (custom)
2019-10-11 03:26:39,758 [pool-409-thread-1] INFO  server.RaftServerConfigKeys (ConfUtils.java:logGet(43)) - raft.server.log.preallocated.size = 16384 (custom)
2019-10-11 03:26:39,758 [pool-409-thread-1] INFO  server.RaftServerConfigKeys (ConfUtils.java:logGet(43)) - raft.server.log.write.buffer.size = 33554432 (custom)
2019-10-11 03:26:39,758 [pool-409-thread-1] INFO  server.RaftServerConfigKeys (ConfUtils.java:logGet(43)) - raft.server.log.force.sync.num = 128 (default)
2019-10-11 03:26:39,758 [pool-409-thread-1] INFO  server.RaftServerConfigKeys (ConfUtils.java:logGet(43)) - raft.server.log.statemachine.data.sync = true (default)
2019-10-11 03:26:39,759 [pool-409-thread-1] INFO  server.RaftServerConfigKeys (ConfUtils.java:logGet(43)) - raft.server.log.statemachine.data.sync.timeout = 10s (default)
2019-10-11 03:26:39,759 [pool-409-thread-1] INFO  server.RaftServerConfigKeys (ConfUtils.java:logGet(43)) - raft.server.log.statemachine.data.sync.timeout.retry = -1 (default)
2019-10-11 03:26:39,759 [pool-409-thread-1] INFO  server.RaftServerConfigKeys (ConfUtils.java:logGet(43)) - raft.server.log.statemachine.data.caching.enabled = true (custom)
2019-10-11 03:26:39,760 [pool-409-thread-1] INFO  segmented.SegmentedRaftLogWorker (SegmentedRaftLogWorker.java:lambda$new$0(128)) - 7f2a13cb-5d59-47e3-8c3b-526bd99d7c0a@group-89116F93DA2B-SegmentedRaftLogWorker: flushIndex: setUnconditionally 0 -> -1
2019-10-11 03:26:39,760 [pool-409-thread-1] INFO  server.RaftServerConfigKeys (ConfUtils.java:logGet(43)) - raft.server.snapshot.auto.trigger.enabled = true (custom)
2019-10-11 03:26:39,760 [pool-409-thread-1] INFO  server.RaftServerConfigKeys (ConfUtils.java:logGet(43)) - raft.server.snapshot.auto.trigger.threshold = 10000 (custom)
2019-10-11 03:26:39,760 [pool-409-thread-1] INFO  server.RaftServerConfigKeys (ConfUtils.java:logGet(43)) - raft.server.snapshot.retention.file.num = 5 (custom)
2019-10-11 03:26:39,760 [pool-409-thread-1] INFO  server.RaftServerConfigKeys (ConfUtils.java:logGet(43)) - raft.server.retrycache.expirytime = 600000ms (custom)
2019-10-11 03:26:39,763 [pool-409-thread-1] INFO  impl.RaftServerImpl (RaftServerImpl.java:start(181)) - 7f2a13cb-5d59-47e3-8c3b-526bd99d7c0a@group-89116F93DA2B: start as a follower, conf=-1: [7f2a13cb-5d59-47e3-8c3b-526bd99d7c0a:192.168.164.250:35044], old=null
2019-10-11 03:26:39,763 [pool-409-thread-1] INFO  impl.RaftServerImpl (RaftServerImpl.java:setRole(170)) - 7f2a13cb-5d59-47e3-8c3b-526bd99d7c0a@group-89116F93DA2B: changes role from      null to FOLLOWER at term 0 for startAsFollower
2019-10-11 03:26:39,763 [pool-409-thread-1] INFO  impl.RoleInfo (RoleInfo.java:updateAndGet(143)) - 7f2a13cb-5d59-47e3-8c3b-526bd99d7c0a: start FollowerState
2019-10-11 03:26:39,764 [pool-409-thread-1] INFO  util.JmxRegister (JmxRegister.java:tryRegister(44)) - Successfully registered JMX Bean with object name Ratis:service=RaftServer,group=group-89116F93DA2B,id=7f2a13cb-5d59-47e3-8c3b-526bd99d7c0a
2019-10-11 03:26:39,768 [RatisPipelineUtilsThread] INFO  pipeline.PipelineStateManager (PipelineStateManager.java:addPipeline(56)) - Created pipeline Pipeline[ Id: 023f207a-358a-4a59-9eec-89116f93da2b, Nodes: 7f2a13cb-5d59-47e3-8c3b-526bd99d7c0a{ip: 192.168.164.250, host: pr-hdds-2181-fvjjj-1641646571, networkLocation: /default-rack, certSerialId: null}, Type:RATIS, Factor:ONE, State:OPEN]
2019-10-11 03:26:39,776 [grpc-default-executor-6] INFO  impl.RaftServerProxy (RaftServerProxy.java:addNew(89)) - 632ef2d3-f6b6-4032-ba6a-967bd3e1777d: addNew group-971A872BE40A:[632ef2d3-f6b6-4032-ba6a-967bd3e1777d:192.168.164.250:44789] returns group-971A872BE40A:java.util.concurrent.CompletableFuture@70be9b45[Not completed]
2019-10-11 03:26:39,777 [pool-419-thread-1] INFO  impl.RaftServerImpl (RaftServerImpl.java:<init>(95)) - 632ef2d3-f6b6-4032-ba6a-967bd3e1777d: new RaftServerImpl for group-971A872BE40A:[632ef2d3-f6b6-4032-ba6a-967bd3e1777d:192.168.164.250:44789] with ContainerStateMachine:uninitialized
2019-10-11 03:26:39,777 [pool-419-thread-1] INFO  server.RaftServerConfigKeys (ConfUtils.java:logGet(43)) - raft.server.rpc.timeout.min = 5s (custom)
2019-10-11 03:26:39,777 [pool-419-thread-1] INFO  server.RaftServerConfigKeys (ConfUtils.java:logGet(43)) - raft.server.rpc.timeout.max = 5200ms (custom)
2019-10-11 03:26:39,777 [pool-419-thread-1] INFO  server.RaftServerConfigKeys (ConfUtils.java:logGet(43)) - raft.server.rpcslowness.timeout = 120s (custom)
2019-10-11 03:26:39,777 [pool-419-thread-1] INFO  server.RaftServerConfigKeys (ConfUtils.java:logGet(43)) - raft.server.sleep.deviation.threshold = 300 (default)
2019-10-11 03:26:39,778 [pool-419-thread-1] INFO  server.RaftServerConfigKeys (ConfUtils.java:logGet(43)) - raft.server.log.appender.install.snapshot.enabled = false (custom)
2019-10-11 03:26:39,778 [pool-419-thread-1] INFO  impl.RaftServerImpl (ServerState.java:<init>(103)) - 632ef2d3-f6b6-4032-ba6a-967bd3e1777d@group-971A872BE40A: ConfigurationManager, init=-1: [632ef2d3-f6b6-4032-ba6a-967bd3e1777d:192.168.164.250:44789], old=null, confs=<EMPTY_MAP>
2019-10-11 03:26:39,778 [pool-419-thread-1] INFO  server.RaftServerConfigKeys (ConfUtils.java:logGet(43)) - raft.server.storage.dir = [/workdir/hadoop-ozone/integration-test/target/test-dir/MiniOzoneClusterImpl-fc6dcb28-33a0-4875-b9f0-4cef493e9258/datanode-1/data/ratis] (custom)
2019-10-11 03:26:39,778 [pool-419-thread-1] INFO  server.RaftServerConfigKeys (ConfUtils.java:logGet(43)) - raft.server.log.corruption.policy = EXCEPTION (default)
2019-10-11 03:26:39,778 [pool-419-thread-1] INFO  storage.RaftStorageDirectory (RaftStorageDirectory.java:analyzeStorage(246)) - The storage directory /workdir/hadoop-ozone/integration-test/target/test-dir/MiniOzoneClusterImpl-fc6dcb28-33a0-4875-b9f0-4cef493e9258/datanode-1/data/ratis/eb1fd8fe-6214-4420-bf9d-971a872be40a does not exist. Creating ...
2019-10-11 03:26:39,780 [IPC Server handler 1 on 33808] INFO  net.NetworkTopology (NetworkTopologyImpl.java:add(111)) - Added a new node: /default-rack/82fc8aa5-1a19-4d4d-ac9f-24e83c36f9bf
2019-10-11 03:26:39,781 [IPC Server handler 1 on 33808] INFO  node.SCMNodeManager (SCMNodeManager.java:register(268)) - Registered Data node : 82fc8aa5-1a19-4d4d-ac9f-24e83c36f9bf{ip: 192.168.164.250, host: pr-hdds-2181-fvjjj-1641646571, networkLocation: /default-rack, certSerialId: null}
2019-10-11 03:26:39,802 [pool-419-thread-1] INFO  storage.RaftStorageDirectory (RaftStorageDirectory.java:tryLock(328)) - Lock on /workdir/hadoop-ozone/integration-test/target/test-dir/MiniOzoneClusterImpl-fc6dcb28-33a0-4875-b9f0-4cef493e9258/datanode-1/data/ratis/eb1fd8fe-6214-4420-bf9d-971a872be40a/in_use.lock acquired by nodename 31474@pr-hdds-2181-fvjjj-1641646571
2019-10-11 03:26:39,827 [pool-419-thread-1] INFO  storage.RaftStorage (RaftStorage.java:format(84)) - Storage directory /workdir/hadoop-ozone/integration-test/target/test-dir/MiniOzoneClusterImpl-fc6dcb28-33a0-4875-b9f0-4cef493e9258/datanode-1/data/ratis/eb1fd8fe-6214-4420-bf9d-971a872be40a has been successfully formatted.
2019-10-11 03:26:39,827 [pool-419-thread-1] INFO  ratis.ContainerStateMachine (ContainerStateMachine.java:loadSnapshot(231)) - group-971A872BE40A: The snapshot info is null. Setting the last applied indexto:(t:0, i:~)
2019-10-11 03:26:39,828 [pool-419-thread-1] INFO  server.RaftServerConfigKeys (ConfUtils.java:logGet(43)) - raft.server.notification.no-leader.timeout = 120s (custom)
2019-10-11 03:26:39,828 [pool-419-thread-1] INFO  server.RaftServerConfigKeys (ConfUtils.java:logGet(43)) - raft.server.log.use.memory = false (default)
2019-10-11 03:26:39,828 [pool-419-thread-1] INFO  server.RaftServerConfigKeys (ConfUtils.java:logGet(43)) - raft.server.log.purge.gap = 1000000 (custom)
2019-10-11 03:26:39,828 [pool-419-thread-1] INFO  server.RaftServerConfigKeys (ConfUtils.java:logGet(43)) - raft.server.log.appender.buffer.byte-limit = 33554432 (custom)
2019-10-11 03:26:39,828 [pool-419-thread-1] INFO  server.RaftServerConfigKeys (ConfUtils.java:logGet(43)) - raft.server.log.segment.size.max = 1048576 (custom)
2019-10-11 03:26:39,830 [pool-419-thread-1] INFO  server.RaftServerConfigKeys (ConfUtils.java:logGet(43)) - raft.server.log.segment.cache.num.max = 2 (custom)
2019-10-11 03:26:39,830 [pool-419-thread-1] INFO  segmented.SegmentedRaftLogWorker (SegmentedRaftLogWorker.java:<init>(173)) - new 632ef2d3-f6b6-4032-ba6a-967bd3e1777d@group-971A872BE40A-SegmentedRaftLogWorker for RaftStorage:Storage Directory /workdir/hadoop-ozone/integration-test/target/test-dir/MiniOzoneClusterImpl-fc6dcb28-33a0-4875-b9f0-4cef493e9258/datanode-1/data/ratis/eb1fd8fe-6214-4420-bf9d-971a872be40a
2019-10-11 03:26:39,830 [pool-419-thread-1] INFO  server.RaftServerConfigKeys (ConfUtils.java:logGet(43)) - raft.server.log.queue.byte-limit = 2147483647 (custom)
2019-10-11 03:26:39,830 [pool-419-thread-1] INFO  server.RaftServerConfigKeys (ConfUtils.java:logGet(43)) - raft.server.log.queue.element-limit = 1024 (custom)
2019-10-11 03:26:39,831 [pool-419-thread-1] INFO  server.RaftServerConfigKeys (ConfUtils.java:logGet(43)) - raft.server.log.segment.size.max = 1048576 (custom)
2019-10-11 03:26:39,831 [pool-419-thread-1] INFO  server.RaftServerConfigKeys (ConfUtils.java:logGet(43)) - raft.server.log.preallocated.size = 16384 (custom)
2019-10-11 03:26:39,831 [pool-419-thread-1] INFO  server.RaftServerConfigKeys (ConfUtils.java:logGet(43)) - raft.server.log.write.buffer.size = 33554432 (custom)
2019-10-11 03:26:39,831 [pool-419-thread-1] INFO  server.RaftServerConfigKeys (ConfUtils.java:logGet(43)) - raft.server.log.force.sync.num = 128 (default)
2019-10-11 03:26:39,831 [pool-419-thread-1] INFO  server.RaftServerConfigKeys (ConfUtils.java:logGet(43)) - raft.server.log.statemachine.data.sync = true (default)
2019-10-11 03:26:39,831 [pool-419-thread-1] INFO  server.RaftServerConfigKeys (ConfUtils.java:logGet(43)) - raft.server.log.statemachine.data.sync.timeout = 10s (default)
2019-10-11 03:26:39,831 [pool-419-thread-1] INFO  server.RaftServerConfigKeys (ConfUtils.java:logGet(43)) - raft.server.log.statemachine.data.sync.timeout.retry = -1 (default)
2019-10-11 03:26:39,832 [pool-419-thread-1] INFO  server.RaftServerConfigKeys (ConfUtils.java:logGet(43)) - raft.server.log.statemachine.data.caching.enabled = true (custom)
2019-10-11 03:26:39,832 [pool-419-thread-1] INFO  segmented.SegmentedRaftLogWorker (SegmentedRaftLogWorker.java:lambda$new$0(128)) - 632ef2d3-f6b6-4032-ba6a-967bd3e1777d@group-971A872BE40A-SegmentedRaftLogWorker: flushIndex: setUnconditionally 0 -> -1
2019-10-11 03:26:39,832 [pool-419-thread-1] INFO  server.RaftServerConfigKeys (ConfUtils.java:logGet(43)) - raft.server.snapshot.auto.trigger.enabled = true (custom)
2019-10-11 03:26:39,832 [pool-419-thread-1] INFO  server.RaftServerConfigKeys (ConfUtils.java:logGet(43)) - raft.server.snapshot.auto.trigger.threshold = 10000 (custom)
2019-10-11 03:26:39,833 [pool-419-thread-1] INFO  server.RaftServerConfigKeys (ConfUtils.java:logGet(43)) - raft.server.snapshot.retention.file.num = 5 (custom)
2019-10-11 03:26:39,833 [pool-419-thread-1] INFO  server.RaftServerConfigKeys (ConfUtils.java:logGet(43)) - raft.server.retrycache.expirytime = 600000ms (custom)
2019-10-11 03:26:39,834 [pool-419-thread-1] INFO  impl.RaftServerImpl (RaftServerImpl.java:start(181)) - 632ef2d3-f6b6-4032-ba6a-967bd3e1777d@group-971A872BE40A: start as a follower, conf=-1: [632ef2d3-f6b6-4032-ba6a-967bd3e1777d:192.168.164.250:44789], old=null
2019-10-11 03:26:39,834 [pool-419-thread-1] INFO  impl.RaftServerImpl (RaftServerImpl.java:setRole(170)) - 632ef2d3-f6b6-4032-ba6a-967bd3e1777d@group-971A872BE40A: changes role from      null to FOLLOWER at term 0 for startAsFollower
2019-10-11 03:26:39,834 [pool-419-thread-1] INFO  impl.RoleInfo (RoleInfo.java:updateAndGet(143)) - 632ef2d3-f6b6-4032-ba6a-967bd3e1777d: start FollowerState
2019-10-11 03:26:39,835 [pool-419-thread-1] INFO  util.JmxRegister (JmxRegister.java:tryRegister(44)) - Successfully registered JMX Bean with object name Ratis:service=RaftServer,group=group-971A872BE40A,id=632ef2d3-f6b6-4032-ba6a-967bd3e1777d
2019-10-11 03:26:39,839 [RatisPipelineUtilsThread] INFO  pipeline.PipelineStateManager (PipelineStateManager.java:addPipeline(56)) - Created pipeline Pipeline[ Id: eb1fd8fe-6214-4420-bf9d-971a872be40a, Nodes: 632ef2d3-f6b6-4032-ba6a-967bd3e1777d{ip: 192.168.164.250, host: pr-hdds-2181-fvjjj-1641646571, networkLocation: /default-rack, certSerialId: null}, Type:RATIS, Factor:ONE, State:OPEN]
2019-10-11 03:26:39,847 [grpc-default-executor-6] INFO  impl.RaftServerProxy (RaftServerProxy.java:addNew(89)) - 82fc8aa5-1a19-4d4d-ac9f-24e83c36f9bf: addNew group-979DFDE5967E:[82fc8aa5-1a19-4d4d-ac9f-24e83c36f9bf:192.168.164.250:34489] returns group-979DFDE5967E:java.util.concurrent.CompletableFuture@627a3fc0[Not completed]
2019-10-11 03:26:39,847 [IPC Server handler 0 on 33808] INFO  net.NetworkTopology (NetworkTopologyImpl.java:add(111)) - Added a new node: /default-rack/6a64fa26-3b78-4b78-adac-c84034f3e696
2019-10-11 03:26:39,848 [IPC Server handler 0 on 33808] INFO  node.SCMNodeManager (SCMNodeManager.java:register(268)) - Registered Data node : 6a64fa26-3b78-4b78-adac-c84034f3e696{ip: 192.168.164.250, host: pr-hdds-2181-fvjjj-1641646571, networkLocation: /default-rack, certSerialId: null}
2019-10-11 03:26:39,848 [pool-429-thread-1] INFO  impl.RaftServerImpl (RaftServerImpl.java:<init>(95)) - 82fc8aa5-1a19-4d4d-ac9f-24e83c36f9bf: new RaftServerImpl for group-979DFDE5967E:[82fc8aa5-1a19-4d4d-ac9f-24e83c36f9bf:192.168.164.250:34489] with ContainerStateMachine:uninitialized
2019-10-11 03:26:39,849 [pool-429-thread-1] INFO  server.RaftServerConfigKeys (ConfUtils.java:logGet(43)) - raft.server.rpc.timeout.min = 5s (custom)
2019-10-11 03:26:39,849 [pool-429-thread-1] INFO  server.RaftServerConfigKeys (ConfUtils.java:logGet(43)) - raft.server.rpc.timeout.max = 5200ms (custom)
2019-10-11 03:26:39,849 [pool-429-thread-1] INFO  server.RaftServerConfigKeys (ConfUtils.java:logGet(43)) - raft.server.rpcslowness.timeout = 120s (custom)
2019-10-11 03:26:39,849 [pool-429-thread-1] INFO  server.RaftServerConfigKeys (ConfUtils.java:logGet(43)) - raft.server.sleep.deviation.threshold = 300 (default)
2019-10-11 03:26:39,849 [pool-429-thread-1] INFO  server.RaftServerConfigKeys (ConfUtils.java:logGet(43)) - raft.server.log.appender.install.snapshot.enabled = false (custom)
2019-10-11 03:26:39,849 [pool-429-thread-1] INFO  impl.RaftServerImpl (ServerState.java:<init>(103)) - 82fc8aa5-1a19-4d4d-ac9f-24e83c36f9bf@group-979DFDE5967E: ConfigurationManager, init=-1: [82fc8aa5-1a19-4d4d-ac9f-24e83c36f9bf:192.168.164.250:34489], old=null, confs=<EMPTY_MAP>
2019-10-11 03:26:39,849 [pool-429-thread-1] INFO  server.RaftServerConfigKeys (ConfUtils.java:logGet(43)) - raft.server.storage.dir = [/workdir/hadoop-ozone/integration-test/target/test-dir/MiniOzoneClusterImpl-fc6dcb28-33a0-4875-b9f0-4cef493e9258/datanode-2/data/ratis] (custom)
2019-10-11 03:26:39,850 [pool-429-thread-1] INFO  server.RaftServerConfigKeys (ConfUtils.java:logGet(43)) - raft.server.log.corruption.policy = EXCEPTION (default)
2019-10-11 03:26:39,850 [pool-429-thread-1] INFO  storage.RaftStorageDirectory (RaftStorageDirectory.java:analyzeStorage(246)) - The storage directory /workdir/hadoop-ozone/integration-test/target/test-dir/MiniOzoneClusterImpl-fc6dcb28-33a0-4875-b9f0-4cef493e9258/datanode-2/data/ratis/b0572e02-602a-42a7-9160-979dfde5967e does not exist. Creating ...
2019-10-11 03:26:39,873 [pool-429-thread-1] INFO  storage.RaftStorageDirectory (RaftStorageDirectory.java:tryLock(328)) - Lock on /workdir/hadoop-ozone/integration-test/target/test-dir/MiniOzoneClusterImpl-fc6dcb28-33a0-4875-b9f0-4cef493e9258/datanode-2/data/ratis/b0572e02-602a-42a7-9160-979dfde5967e/in_use.lock acquired by nodename 31474@pr-hdds-2181-fvjjj-1641646571
2019-10-11 03:26:39,897 [pool-429-thread-1] INFO  storage.RaftStorage (RaftStorage.java:format(84)) - Storage directory /workdir/hadoop-ozone/integration-test/target/test-dir/MiniOzoneClusterImpl-fc6dcb28-33a0-4875-b9f0-4cef493e9258/datanode-2/data/ratis/b0572e02-602a-42a7-9160-979dfde5967e has been successfully formatted.
2019-10-11 03:26:39,898 [pool-429-thread-1] INFO  ratis.ContainerStateMachine (ContainerStateMachine.java:loadSnapshot(231)) - group-979DFDE5967E: The snapshot info is null. Setting the last applied indexto:(t:0, i:~)
2019-10-11 03:26:39,898 [pool-429-thread-1] INFO  server.RaftServerConfigKeys (ConfUtils.java:logGet(43)) - raft.server.notification.no-leader.timeout = 120s (custom)
2019-10-11 03:26:39,898 [pool-429-thread-1] INFO  server.RaftServerConfigKeys (ConfUtils.java:logGet(43)) - raft.server.log.use.memory = false (default)
2019-10-11 03:26:39,898 [pool-429-thread-1] INFO  server.RaftServerConfigKeys (ConfUtils.java:logGet(43)) - raft.server.log.purge.gap = 1000000 (custom)
2019-10-11 03:26:39,898 [pool-429-thread-1] INFO  server.RaftServerConfigKeys (ConfUtils.java:logGet(43)) - raft.server.log.appender.buffer.byte-limit = 33554432 (custom)
2019-10-11 03:26:39,898 [pool-429-thread-1] INFO  server.RaftServerConfigKeys (ConfUtils.java:logGet(43)) - raft.server.log.segment.size.max = 1048576 (custom)
2019-10-11 03:26:39,900 [pool-429-thread-1] INFO  server.RaftServerConfigKeys (ConfUtils.java:logGet(43)) - raft.server.log.segment.cache.num.max = 2 (custom)
2019-10-11 03:26:39,900 [pool-429-thread-1] INFO  segmented.SegmentedRaftLogWorker (SegmentedRaftLogWorker.java:<init>(173)) - new 82fc8aa5-1a19-4d4d-ac9f-24e83c36f9bf@group-979DFDE5967E-SegmentedRaftLogWorker for RaftStorage:Storage Directory /workdir/hadoop-ozone/integration-test/target/test-dir/MiniOzoneClusterImpl-fc6dcb28-33a0-4875-b9f0-4cef493e9258/datanode-2/data/ratis/b0572e02-602a-42a7-9160-979dfde5967e
2019-10-11 03:26:39,900 [pool-429-thread-1] INFO  server.RaftServerConfigKeys (ConfUtils.java:logGet(43)) - raft.server.log.queue.byte-limit = 2147483647 (custom)
2019-10-11 03:26:39,900 [pool-429-thread-1] INFO  server.RaftServerConfigKeys (ConfUtils.java:logGet(43)) - raft.server.log.queue.element-limit = 1024 (custom)
2019-10-11 03:26:39,900 [pool-429-thread-1] INFO  server.RaftServerConfigKeys (ConfUtils.java:logGet(43)) - raft.server.log.segment.size.max = 1048576 (custom)
2019-10-11 03:26:39,901 [pool-429-thread-1] INFO  server.RaftServerConfigKeys (ConfUtils.java:logGet(43)) - raft.server.log.preallocated.size = 16384 (custom)
2019-10-11 03:26:39,901 [pool-429-thread-1] INFO  server.RaftServerConfigKeys (ConfUtils.java:logGet(43)) - raft.server.log.write.buffer.size = 33554432 (custom)
2019-10-11 03:26:39,901 [pool-429-thread-1] INFO  server.RaftServerConfigKeys (ConfUtils.java:logGet(43)) - raft.server.log.force.sync.num = 128 (default)
2019-10-11 03:26:39,901 [pool-429-thread-1] INFO  server.RaftServerConfigKeys (ConfUtils.java:logGet(43)) - raft.server.log.statemachine.data.sync = true (default)
2019-10-11 03:26:39,901 [pool-429-thread-1] INFO  server.RaftServerConfigKeys (ConfUtils.java:logGet(43)) - raft.server.log.statemachine.data.sync.timeout = 10s (default)
2019-10-11 03:26:39,901 [pool-429-thread-1] INFO  server.RaftServerConfigKeys (ConfUtils.java:logGet(43)) - raft.server.log.statemachine.data.sync.timeout.retry = -1 (default)
2019-10-11 03:26:39,902 [pool-429-thread-1] INFO  server.RaftServerConfigKeys (ConfUtils.java:logGet(43)) - raft.server.log.statemachine.data.caching.enabled = true (custom)
2019-10-11 03:26:39,902 [pool-429-thread-1] INFO  segmented.SegmentedRaftLogWorker (SegmentedRaftLogWorker.java:lambda$new$0(128)) - 82fc8aa5-1a19-4d4d-ac9f-24e83c36f9bf@group-979DFDE5967E-SegmentedRaftLogWorker: flushIndex: setUnconditionally 0 -> -1
2019-10-11 03:26:39,902 [pool-429-thread-1] INFO  server.RaftServerConfigKeys (ConfUtils.java:logGet(43)) - raft.server.snapshot.auto.trigger.enabled = true (custom)
2019-10-11 03:26:39,903 [pool-429-thread-1] INFO  server.RaftServerConfigKeys (ConfUtils.java:logGet(43)) - raft.server.snapshot.auto.trigger.threshold = 10000 (custom)
2019-10-11 03:26:39,903 [pool-429-thread-1] INFO  server.RaftServerConfigKeys (ConfUtils.java:logGet(43)) - raft.server.snapshot.retention.file.num = 5 (custom)
2019-10-11 03:26:39,903 [pool-429-thread-1] INFO  server.RaftServerConfigKeys (ConfUtils.java:logGet(43)) - raft.server.retrycache.expirytime = 600000ms (custom)
2019-10-11 03:26:39,905 [pool-429-thread-1] INFO  impl.RaftServerImpl (RaftServerImpl.java:start(181)) - 82fc8aa5-1a19-4d4d-ac9f-24e83c36f9bf@group-979DFDE5967E: start as a follower, conf=-1: [82fc8aa5-1a19-4d4d-ac9f-24e83c36f9bf:192.168.164.250:34489], old=null
2019-10-11 03:26:39,905 [pool-429-thread-1] INFO  impl.RaftServerImpl (RaftServerImpl.java:setRole(170)) - 82fc8aa5-1a19-4d4d-ac9f-24e83c36f9bf@group-979DFDE5967E: changes role from      null to FOLLOWER at term 0 for startAsFollower
2019-10-11 03:26:39,905 [pool-429-thread-1] INFO  impl.RoleInfo (RoleInfo.java:updateAndGet(143)) - 82fc8aa5-1a19-4d4d-ac9f-24e83c36f9bf: start FollowerState
2019-10-11 03:26:39,906 [pool-429-thread-1] INFO  util.JmxRegister (JmxRegister.java:tryRegister(44)) - Successfully registered JMX Bean with object name Ratis:service=RaftServer,group=group-979DFDE5967E,id=82fc8aa5-1a19-4d4d-ac9f-24e83c36f9bf
2019-10-11 03:26:39,907 [IPC Server handler 5 on 33808] INFO  net.NetworkTopology (NetworkTopologyImpl.java:add(111)) - Added a new node: /default-rack/8df26319-7b85-4a99-b7cd-52a4b6b20098
2019-10-11 03:26:39,907 [IPC Server handler 5 on 33808] INFO  node.SCMNodeManager (SCMNodeManager.java:register(268)) - Registered Data node : 8df26319-7b85-4a99-b7cd-52a4b6b20098{ip: 192.168.164.250, host: pr-hdds-2181-fvjjj-1641646571, networkLocation: /default-rack, certSerialId: null}
2019-10-11 03:26:39,915 [RatisPipelineUtilsThread] INFO  pipeline.PipelineStateManager (PipelineStateManager.java:addPipeline(56)) - Created pipeline Pipeline[ Id: b0572e02-602a-42a7-9160-979dfde5967e, Nodes: 82fc8aa5-1a19-4d4d-ac9f-24e83c36f9bf{ip: 192.168.164.250, host: pr-hdds-2181-fvjjj-1641646571, networkLocation: /default-rack, certSerialId: null}, Type:RATIS, Factor:ONE, State:OPEN]
2019-10-11 03:26:39,923 [grpc-default-executor-6] INFO  impl.RaftServerProxy (RaftServerProxy.java:addNew(89)) - 8df26319-7b85-4a99-b7cd-52a4b6b20098: addNew group-26DA36255653:[8df26319-7b85-4a99-b7cd-52a4b6b20098:192.168.164.250:34348] returns group-26DA36255653:java.util.concurrent.CompletableFuture@73c48f1a[Not completed]
2019-10-11 03:26:39,924 [pool-449-thread-1] INFO  impl.RaftServerImpl (RaftServerImpl.java:<init>(95)) - 8df26319-7b85-4a99-b7cd-52a4b6b20098: new RaftServerImpl for group-26DA36255653:[8df26319-7b85-4a99-b7cd-52a4b6b20098:192.168.164.250:34348] with ContainerStateMachine:uninitialized
2019-10-11 03:26:39,924 [pool-449-thread-1] INFO  server.RaftServerConfigKeys (ConfUtils.java:logGet(43)) - raft.server.rpc.timeout.min = 5s (custom)
2019-10-11 03:26:39,924 [pool-449-thread-1] INFO  server.RaftServerConfigKeys (ConfUtils.java:logGet(43)) - raft.server.rpc.timeout.max = 5200ms (custom)
2019-10-11 03:26:39,924 [pool-449-thread-1] INFO  server.RaftServerConfigKeys (ConfUtils.java:logGet(43)) - raft.server.rpcslowness.timeout = 120s (custom)
2019-10-11 03:26:39,924 [pool-449-thread-1] INFO  server.RaftServerConfigKeys (ConfUtils.java:logGet(43)) - raft.server.sleep.deviation.threshold = 300 (default)
2019-10-11 03:26:39,924 [pool-449-thread-1] INFO  server.RaftServerConfigKeys (ConfUtils.java:logGet(43)) - raft.server.log.appender.install.snapshot.enabled = false (custom)
2019-10-11 03:26:39,924 [pool-449-thread-1] INFO  impl.RaftServerImpl (ServerState.java:<init>(103)) - 8df26319-7b85-4a99-b7cd-52a4b6b20098@group-26DA36255653: ConfigurationManager, init=-1: [8df26319-7b85-4a99-b7cd-52a4b6b20098:192.168.164.250:34348], old=null, confs=<EMPTY_MAP>
2019-10-11 03:26:39,924 [pool-449-thread-1] INFO  server.RaftServerConfigKeys (ConfUtils.java:logGet(43)) - raft.server.storage.dir = [/workdir/hadoop-ozone/integration-test/target/test-dir/MiniOzoneClusterImpl-fc6dcb28-33a0-4875-b9f0-4cef493e9258/datanode-4/data/ratis] (custom)
2019-10-11 03:26:39,925 [pool-449-thread-1] INFO  server.RaftServerConfigKeys (ConfUtils.java:logGet(43)) - raft.server.log.corruption.policy = EXCEPTION (default)
2019-10-11 03:26:39,925 [pool-449-thread-1] INFO  storage.RaftStorageDirectory (RaftStorageDirectory.java:analyzeStorage(246)) - The storage directory /workdir/hadoop-ozone/integration-test/target/test-dir/MiniOzoneClusterImpl-fc6dcb28-33a0-4875-b9f0-4cef493e9258/datanode-4/data/ratis/0ab74420-f21d-4e5c-a12b-26da36255653 does not exist. Creating ...
2019-10-11 03:26:39,949 [pool-449-thread-1] INFO  storage.RaftStorageDirectory (RaftStorageDirectory.java:tryLock(328)) - Lock on /workdir/hadoop-ozone/integration-test/target/test-dir/MiniOzoneClusterImpl-fc6dcb28-33a0-4875-b9f0-4cef493e9258/datanode-4/data/ratis/0ab74420-f21d-4e5c-a12b-26da36255653/in_use.lock acquired by nodename 31474@pr-hdds-2181-fvjjj-1641646571
2019-10-11 03:26:39,966 [IPC Server handler 8 on 33808] INFO  net.NetworkTopology (NetworkTopologyImpl.java:add(111)) - Added a new node: /default-rack/adf578df-9fcd-492e-b730-432f6b8d35a3
2019-10-11 03:26:39,967 [IPC Server handler 8 on 33808] INFO  node.SCMNodeManager (SCMNodeManager.java:register(268)) - Registered Data node : adf578df-9fcd-492e-b730-432f6b8d35a3{ip: 192.168.164.250, host: pr-hdds-2181-fvjjj-1641646571, networkLocation: /default-rack, certSerialId: null}
2019-10-11 03:26:39,973 [pool-449-thread-1] INFO  storage.RaftStorage (RaftStorage.java:format(84)) - Storage directory /workdir/hadoop-ozone/integration-test/target/test-dir/MiniOzoneClusterImpl-fc6dcb28-33a0-4875-b9f0-4cef493e9258/datanode-4/data/ratis/0ab74420-f21d-4e5c-a12b-26da36255653 has been successfully formatted.
2019-10-11 03:26:39,973 [pool-449-thread-1] INFO  ratis.ContainerStateMachine (ContainerStateMachine.java:loadSnapshot(231)) - group-26DA36255653: The snapshot info is null. Setting the last applied indexto:(t:0, i:~)
2019-10-11 03:26:39,974 [pool-449-thread-1] INFO  server.RaftServerConfigKeys (ConfUtils.java:logGet(43)) - raft.server.notification.no-leader.timeout = 120s (custom)
2019-10-11 03:26:39,974 [pool-449-thread-1] INFO  server.RaftServerConfigKeys (ConfUtils.java:logGet(43)) - raft.server.log.use.memory = false (default)
2019-10-11 03:26:39,974 [pool-449-thread-1] INFO  server.RaftServerConfigKeys (ConfUtils.java:logGet(43)) - raft.server.log.purge.gap = 1000000 (custom)
2019-10-11 03:26:39,974 [pool-449-thread-1] INFO  server.RaftServerConfigKeys (ConfUtils.java:logGet(43)) - raft.server.log.appender.buffer.byte-limit = 33554432 (custom)
2019-10-11 03:26:39,974 [pool-449-thread-1] INFO  server.RaftServerConfigKeys (ConfUtils.java:logGet(43)) - raft.server.log.segment.size.max = 1048576 (custom)
2019-10-11 03:26:39,977 [pool-449-thread-1] INFO  server.RaftServerConfigKeys (ConfUtils.java:logGet(43)) - raft.server.log.segment.cache.num.max = 2 (custom)
2019-10-11 03:26:39,977 [pool-449-thread-1] INFO  segmented.SegmentedRaftLogWorker (SegmentedRaftLogWorker.java:<init>(173)) - new 8df26319-7b85-4a99-b7cd-52a4b6b20098@group-26DA36255653-SegmentedRaftLogWorker for RaftStorage:Storage Directory /workdir/hadoop-ozone/integration-test/target/test-dir/MiniOzoneClusterImpl-fc6dcb28-33a0-4875-b9f0-4cef493e9258/datanode-4/data/ratis/0ab74420-f21d-4e5c-a12b-26da36255653
2019-10-11 03:26:39,977 [pool-449-thread-1] INFO  server.RaftServerConfigKeys (ConfUtils.java:logGet(43)) - raft.server.log.queue.byte-limit = 2147483647 (custom)
2019-10-11 03:26:39,977 [pool-449-thread-1] INFO  server.RaftServerConfigKeys (ConfUtils.java:logGet(43)) - raft.server.log.queue.element-limit = 1024 (custom)
2019-10-11 03:26:39,978 [pool-449-thread-1] INFO  server.RaftServerConfigKeys (ConfUtils.java:logGet(43)) - raft.server.log.segment.size.max = 1048576 (custom)
2019-10-11 03:26:39,978 [pool-449-thread-1] INFO  server.RaftServerConfigKeys (ConfUtils.java:logGet(43)) - raft.server.log.preallocated.size = 16384 (custom)
2019-10-11 03:26:39,978 [pool-449-thread-1] INFO  server.RaftServerConfigKeys (ConfUtils.java:logGet(43)) - raft.server.log.write.buffer.size = 33554432 (custom)
2019-10-11 03:26:39,978 [pool-449-thread-1] INFO  server.RaftServerConfigKeys (ConfUtils.java:logGet(43)) - raft.server.log.force.sync.num = 128 (default)
2019-10-11 03:26:39,978 [pool-449-thread-1] INFO  server.RaftServerConfigKeys (ConfUtils.java:logGet(43)) - raft.server.log.statemachine.data.sync = true (default)
2019-10-11 03:26:39,979 [pool-449-thread-1] INFO  server.RaftServerConfigKeys (ConfUtils.java:logGet(43)) - raft.server.log.statemachine.data.sync.timeout = 10s (default)
2019-10-11 03:26:39,979 [pool-449-thread-1] INFO  server.RaftServerConfigKeys (ConfUtils.java:logGet(43)) - raft.server.log.statemachine.data.sync.timeout.retry = -1 (default)
2019-10-11 03:26:39,979 [pool-449-thread-1] INFO  server.RaftServerConfigKeys (ConfUtils.java:logGet(43)) - raft.server.log.statemachine.data.caching.enabled = true (custom)
2019-10-11 03:26:39,980 [pool-449-thread-1] INFO  segmented.SegmentedRaftLogWorker (SegmentedRaftLogWorker.java:lambda$new$0(128)) - 8df26319-7b85-4a99-b7cd-52a4b6b20098@group-26DA36255653-SegmentedRaftLogWorker: flushIndex: setUnconditionally 0 -> -1
2019-10-11 03:26:39,980 [pool-449-thread-1] INFO  server.RaftServerConfigKeys (ConfUtils.java:logGet(43)) - raft.server.snapshot.auto.trigger.enabled = true (custom)
2019-10-11 03:26:39,980 [pool-449-thread-1] INFO  server.RaftServerConfigKeys (ConfUtils.java:logGet(43)) - raft.server.snapshot.auto.trigger.threshold = 10000 (custom)
2019-10-11 03:26:39,980 [pool-449-thread-1] INFO  server.RaftServerConfigKeys (ConfUtils.java:logGet(43)) - raft.server.snapshot.retention.file.num = 5 (custom)
2019-10-11 03:26:39,980 [pool-449-thread-1] INFO  server.RaftServerConfigKeys (ConfUtils.java:logGet(43)) - raft.server.retrycache.expirytime = 600000ms (custom)
2019-10-11 03:26:39,983 [pool-449-thread-1] INFO  impl.RaftServerImpl (RaftServerImpl.java:start(181)) - 8df26319-7b85-4a99-b7cd-52a4b6b20098@group-26DA36255653: start as a follower, conf=-1: [8df26319-7b85-4a99-b7cd-52a4b6b20098:192.168.164.250:34348], old=null
2019-10-11 03:26:39,983 [pool-449-thread-1] INFO  impl.RaftServerImpl (RaftServerImpl.java:setRole(170)) - 8df26319-7b85-4a99-b7cd-52a4b6b20098@group-26DA36255653: changes role from      null to FOLLOWER at term 0 for startAsFollower
2019-10-11 03:26:39,983 [pool-449-thread-1] INFO  impl.RoleInfo (RoleInfo.java:updateAndGet(143)) - 8df26319-7b85-4a99-b7cd-52a4b6b20098: start FollowerState
2019-10-11 03:26:40,002 [pool-449-thread-1] INFO  util.JmxRegister (JmxRegister.java:tryRegister(44)) - Successfully registered JMX Bean with object name Ratis:service=RaftServer,group=group-26DA36255653,id=8df26319-7b85-4a99-b7cd-52a4b6b20098
2019-10-11 03:26:40,015 [RatisPipelineUtilsThread] INFO  pipeline.PipelineStateManager (PipelineStateManager.java:addPipeline(56)) - Created pipeline Pipeline[ Id: 0ab74420-f21d-4e5c-a12b-26da36255653, Nodes: 8df26319-7b85-4a99-b7cd-52a4b6b20098{ip: 192.168.164.250, host: pr-hdds-2181-fvjjj-1641646571, networkLocation: /default-rack, certSerialId: null}, Type:RATIS, Factor:ONE, State:OPEN]
2019-10-11 03:26:40,025 [grpc-default-executor-6] INFO  impl.RaftServerProxy (RaftServerProxy.java:addNew(89)) - adf578df-9fcd-492e-b730-432f6b8d35a3: addNew group-E71D40BB2B24:[adf578df-9fcd-492e-b730-432f6b8d35a3:192.168.164.250:43725] returns group-E71D40BB2B24:java.util.concurrent.CompletableFuture@cb3f48f[Not completed]
2019-10-11 03:26:40,027 [pool-459-thread-1] INFO  impl.RaftServerImpl (RaftServerImpl.java:<init>(95)) - adf578df-9fcd-492e-b730-432f6b8d35a3: new RaftServerImpl for group-E71D40BB2B24:[adf578df-9fcd-492e-b730-432f6b8d35a3:192.168.164.250:43725] with ContainerStateMachine:uninitialized
2019-10-11 03:26:40,027 [pool-459-thread-1] INFO  server.RaftServerConfigKeys (ConfUtils.java:logGet(43)) - raft.server.rpc.timeout.min = 5s (custom)
2019-10-11 03:26:40,027 [pool-459-thread-1] INFO  server.RaftServerConfigKeys (ConfUtils.java:logGet(43)) - raft.server.rpc.timeout.max = 5200ms (custom)
2019-10-11 03:26:40,028 [pool-459-thread-1] INFO  server.RaftServerConfigKeys (ConfUtils.java:logGet(43)) - raft.server.rpcslowness.timeout = 120s (custom)
2019-10-11 03:26:40,028 [pool-459-thread-1] INFO  server.RaftServerConfigKeys (ConfUtils.java:logGet(43)) - raft.server.sleep.deviation.threshold = 300 (default)
2019-10-11 03:26:40,028 [pool-459-thread-1] INFO  server.RaftServerConfigKeys (ConfUtils.java:logGet(43)) - raft.server.log.appender.install.snapshot.enabled = false (custom)
2019-10-11 03:26:40,028 [pool-459-thread-1] INFO  impl.RaftServerImpl (ServerState.java:<init>(103)) - adf578df-9fcd-492e-b730-432f6b8d35a3@group-E71D40BB2B24: ConfigurationManager, init=-1: [adf578df-9fcd-492e-b730-432f6b8d35a3:192.168.164.250:43725], old=null, confs=<EMPTY_MAP>
2019-10-11 03:26:40,028 [pool-459-thread-1] INFO  server.RaftServerConfigKeys (ConfUtils.java:logGet(43)) - raft.server.storage.dir = [/workdir/hadoop-ozone/integration-test/target/test-dir/MiniOzoneClusterImpl-fc6dcb28-33a0-4875-b9f0-4cef493e9258/datanode-5/data/ratis] (custom)
2019-10-11 03:26:40,029 [pool-459-thread-1] INFO  server.RaftServerConfigKeys (ConfUtils.java:logGet(43)) - raft.server.log.corruption.policy = EXCEPTION (default)
2019-10-11 03:26:40,029 [pool-459-thread-1] INFO  storage.RaftStorageDirectory (RaftStorageDirectory.java:analyzeStorage(246)) - The storage directory /workdir/hadoop-ozone/integration-test/target/test-dir/MiniOzoneClusterImpl-fc6dcb28-33a0-4875-b9f0-4cef493e9258/datanode-5/data/ratis/5a776e64-308e-499f-9d24-e71d40bb2b24 does not exist. Creating ...
2019-10-11 03:26:40,029 [main] INFO  ozone.MiniOzoneClusterImpl (MiniOzoneClusterImpl.java:lambda$waitForClusterToBeReady$0(147)) - Waiting for cluster to be ready. Got 6 of 7 DN Heartbeats.
2019-10-11 03:26:40,030 [IPC Server handler 2 on 33808] INFO  net.NetworkTopology (NetworkTopologyImpl.java:add(111)) - Added a new node: /default-rack/b5916a00-4678-44bb-bec6-59831e8787d7
2019-10-11 03:26:40,030 [IPC Server handler 2 on 33808] INFO  node.SCMNodeManager (SCMNodeManager.java:register(268)) - Registered Data node : b5916a00-4678-44bb-bec6-59831e8787d7{ip: 192.168.164.250, host: pr-hdds-2181-fvjjj-1641646571, networkLocation: /default-rack, certSerialId: null}
2019-10-11 03:26:40,054 [pool-459-thread-1] INFO  storage.RaftStorageDirectory (RaftStorageDirectory.java:tryLock(328)) - Lock on /workdir/hadoop-ozone/integration-test/target/test-dir/MiniOzoneClusterImpl-fc6dcb28-33a0-4875-b9f0-4cef493e9258/datanode-5/data/ratis/5a776e64-308e-499f-9d24-e71d40bb2b24/in_use.lock acquired by nodename 31474@pr-hdds-2181-fvjjj-1641646571
2019-10-11 03:26:40,091 [pool-459-thread-1] INFO  storage.RaftStorage (RaftStorage.java:format(84)) - Storage directory /workdir/hadoop-ozone/integration-test/target/test-dir/MiniOzoneClusterImpl-fc6dcb28-33a0-4875-b9f0-4cef493e9258/datanode-5/data/ratis/5a776e64-308e-499f-9d24-e71d40bb2b24 has been successfully formatted.
2019-10-11 03:26:40,092 [pool-459-thread-1] INFO  ratis.ContainerStateMachine (ContainerStateMachine.java:loadSnapshot(231)) - group-E71D40BB2B24: The snapshot info is null. Setting the last applied indexto:(t:0, i:~)
2019-10-11 03:26:40,092 [pool-459-thread-1] INFO  server.RaftServerConfigKeys (ConfUtils.java:logGet(43)) - raft.server.notification.no-leader.timeout = 120s (custom)
2019-10-11 03:26:40,092 [pool-459-thread-1] INFO  server.RaftServerConfigKeys (ConfUtils.java:logGet(43)) - raft.server.log.use.memory = false (default)
2019-10-11 03:26:40,092 [pool-459-thread-1] INFO  server.RaftServerConfigKeys (ConfUtils.java:logGet(43)) - raft.server.log.purge.gap = 1000000 (custom)
2019-10-11 03:26:40,092 [pool-459-thread-1] INFO  server.RaftServerConfigKeys (ConfUtils.java:logGet(43)) - raft.server.log.appender.buffer.byte-limit = 33554432 (custom)
2019-10-11 03:26:40,093 [pool-459-thread-1] INFO  server.RaftServerConfigKeys (ConfUtils.java:logGet(43)) - raft.server.log.segment.size.max = 1048576 (custom)
2019-10-11 03:26:40,095 [pool-459-thread-1] INFO  server.RaftServerConfigKeys (ConfUtils.java:logGet(43)) - raft.server.log.segment.cache.num.max = 2 (custom)
2019-10-11 03:26:40,095 [pool-459-thread-1] INFO  segmented.SegmentedRaftLogWorker (SegmentedRaftLogWorker.java:<init>(173)) - new adf578df-9fcd-492e-b730-432f6b8d35a3@group-E71D40BB2B24-SegmentedRaftLogWorker for RaftStorage:Storage Directory /workdir/hadoop-ozone/integration-test/target/test-dir/MiniOzoneClusterImpl-fc6dcb28-33a0-4875-b9f0-4cef493e9258/datanode-5/data/ratis/5a776e64-308e-499f-9d24-e71d40bb2b24
2019-10-11 03:26:40,095 [pool-459-thread-1] INFO  server.RaftServerConfigKeys (ConfUtils.java:logGet(43)) - raft.server.log.queue.byte-limit = 2147483647 (custom)
2019-10-11 03:26:40,095 [pool-459-thread-1] INFO  server.RaftServerConfigKeys (ConfUtils.java:logGet(43)) - raft.server.log.queue.element-limit = 1024 (custom)
2019-10-11 03:26:40,095 [pool-459-thread-1] INFO  server.RaftServerConfigKeys (ConfUtils.java:logGet(43)) - raft.server.log.segment.size.max = 1048576 (custom)
2019-10-11 03:26:40,095 [pool-459-thread-1] INFO  server.RaftServerConfigKeys (ConfUtils.java:logGet(43)) - raft.server.log.preallocated.size = 16384 (custom)
2019-10-11 03:26:40,095 [pool-459-thread-1] INFO  server.RaftServerConfigKeys (ConfUtils.java:logGet(43)) - raft.server.log.write.buffer.size = 33554432 (custom)
2019-10-11 03:26:40,096 [pool-459-thread-1] INFO  server.RaftServerConfigKeys (ConfUtils.java:logGet(43)) - raft.server.log.force.sync.num = 128 (default)
2019-10-11 03:26:40,096 [pool-459-thread-1] INFO  server.RaftServerConfigKeys (ConfUtils.java:logGet(43)) - raft.server.log.statemachine.data.sync = true (default)
2019-10-11 03:26:40,096 [pool-459-thread-1] INFO  server.RaftServerConfigKeys (ConfUtils.java:logGet(43)) - raft.server.log.statemachine.data.sync.timeout = 10s (default)
2019-10-11 03:26:40,096 [pool-459-thread-1] INFO  server.RaftServerConfigKeys (ConfUtils.java:logGet(43)) - raft.server.log.statemachine.data.sync.timeout.retry = -1 (default)
2019-10-11 03:26:40,097 [pool-459-thread-1] INFO  server.RaftServerConfigKeys (ConfUtils.java:logGet(43)) - raft.server.log.statemachine.data.caching.enabled = true (custom)
2019-10-11 03:26:40,097 [pool-459-thread-1] INFO  segmented.SegmentedRaftLogWorker (SegmentedRaftLogWorker.java:lambda$new$0(128)) - adf578df-9fcd-492e-b730-432f6b8d35a3@group-E71D40BB2B24-SegmentedRaftLogWorker: flushIndex: setUnconditionally 0 -> -1
2019-10-11 03:26:40,097 [pool-459-thread-1] INFO  server.RaftServerConfigKeys (ConfUtils.java:logGet(43)) - raft.server.snapshot.auto.trigger.enabled = true (custom)
2019-10-11 03:26:40,098 [pool-459-thread-1] INFO  server.RaftServerConfigKeys (ConfUtils.java:logGet(43)) - raft.server.snapshot.auto.trigger.threshold = 10000 (custom)
2019-10-11 03:26:40,098 [pool-459-thread-1] INFO  server.RaftServerConfigKeys (ConfUtils.java:logGet(43)) - raft.server.snapshot.retention.file.num = 5 (custom)
2019-10-11 03:26:40,098 [pool-459-thread-1] INFO  server.RaftServerConfigKeys (ConfUtils.java:logGet(43)) - raft.server.retrycache.expirytime = 600000ms (custom)
2019-10-11 03:26:40,100 [pool-459-thread-1] INFO  impl.RaftServerImpl (RaftServerImpl.java:start(181)) - adf578df-9fcd-492e-b730-432f6b8d35a3@group-E71D40BB2B24: start as a follower, conf=-1: [adf578df-9fcd-492e-b730-432f6b8d35a3:192.168.164.250:43725], old=null
2019-10-11 03:26:40,100 [pool-459-thread-1] INFO  impl.RaftServerImpl (RaftServerImpl.java:setRole(170)) - adf578df-9fcd-492e-b730-432f6b8d35a3@group-E71D40BB2B24: changes role from      null to FOLLOWER at term 0 for startAsFollower
2019-10-11 03:26:40,100 [pool-459-thread-1] INFO  impl.RoleInfo (RoleInfo.java:updateAndGet(143)) - adf578df-9fcd-492e-b730-432f6b8d35a3: start FollowerState
2019-10-11 03:26:40,100 [pool-459-thread-1] INFO  util.JmxRegister (JmxRegister.java:tryRegister(44)) - Successfully registered JMX Bean with object name Ratis:service=RaftServer,group=group-E71D40BB2B24,id=adf578df-9fcd-492e-b730-432f6b8d35a3
2019-10-11 03:26:40,106 [RatisPipelineUtilsThread] INFO  pipeline.PipelineStateManager (PipelineStateManager.java:addPipeline(56)) - Created pipeline Pipeline[ Id: 5a776e64-308e-499f-9d24-e71d40bb2b24, Nodes: adf578df-9fcd-492e-b730-432f6b8d35a3{ip: 192.168.164.250, host: pr-hdds-2181-fvjjj-1641646571, networkLocation: /default-rack, certSerialId: null}, Type:RATIS, Factor:ONE, State:OPEN]
2019-10-11 03:26:40,115 [grpc-default-executor-6] INFO  impl.RaftServerProxy (RaftServerProxy.java:addNew(89)) - b5916a00-4678-44bb-bec6-59831e8787d7: addNew group-BB874AE5B79C:[b5916a00-4678-44bb-bec6-59831e8787d7:192.168.164.250:37780] returns group-BB874AE5B79C:java.util.concurrent.CompletableFuture@2a4b3a7d[Not completed]
2019-10-11 03:26:40,117 [pool-469-thread-1] INFO  impl.RaftServerImpl (RaftServerImpl.java:<init>(95)) - b5916a00-4678-44bb-bec6-59831e8787d7: new RaftServerImpl for group-BB874AE5B79C:[b5916a00-4678-44bb-bec6-59831e8787d7:192.168.164.250:37780] with ContainerStateMachine:uninitialized
2019-10-11 03:26:40,117 [pool-469-thread-1] INFO  server.RaftServerConfigKeys (ConfUtils.java:logGet(43)) - raft.server.rpc.timeout.min = 5s (custom)
2019-10-11 03:26:40,117 [pool-469-thread-1] INFO  server.RaftServerConfigKeys (ConfUtils.java:logGet(43)) - raft.server.rpc.timeout.max = 5200ms (custom)
2019-10-11 03:26:40,117 [pool-469-thread-1] INFO  server.RaftServerConfigKeys (ConfUtils.java:logGet(43)) - raft.server.rpcslowness.timeout = 120s (custom)
2019-10-11 03:26:40,117 [pool-469-thread-1] INFO  server.RaftServerConfigKeys (ConfUtils.java:logGet(43)) - raft.server.sleep.deviation.threshold = 300 (default)
2019-10-11 03:26:40,117 [pool-469-thread-1] INFO  server.RaftServerConfigKeys (ConfUtils.java:logGet(43)) - raft.server.log.appender.install.snapshot.enabled = false (custom)
2019-10-11 03:26:40,117 [pool-469-thread-1] INFO  impl.RaftServerImpl (ServerState.java:<init>(103)) - b5916a00-4678-44bb-bec6-59831e8787d7@group-BB874AE5B79C: ConfigurationManager, init=-1: [b5916a00-4678-44bb-bec6-59831e8787d7:192.168.164.250:37780], old=null, confs=<EMPTY_MAP>
2019-10-11 03:26:40,117 [pool-469-thread-1] INFO  server.RaftServerConfigKeys (ConfUtils.java:logGet(43)) - raft.server.storage.dir = [/workdir/hadoop-ozone/integration-test/target/test-dir/MiniOzoneClusterImpl-fc6dcb28-33a0-4875-b9f0-4cef493e9258/datanode-6/data/ratis] (custom)
2019-10-11 03:26:40,118 [pool-469-thread-1] INFO  server.RaftServerConfigKeys (ConfUtils.java:logGet(43)) - raft.server.log.corruption.policy = EXCEPTION (default)
2019-10-11 03:26:40,118 [pool-469-thread-1] INFO  storage.RaftStorageDirectory (RaftStorageDirectory.java:analyzeStorage(246)) - The storage directory /workdir/hadoop-ozone/integration-test/target/test-dir/MiniOzoneClusterImpl-fc6dcb28-33a0-4875-b9f0-4cef493e9258/datanode-6/data/ratis/ceec562d-924e-434d-b1cd-bb874ae5b79c does not exist. Creating ...
2019-10-11 03:26:40,141 [pool-469-thread-1] INFO  storage.RaftStorageDirectory (RaftStorageDirectory.java:tryLock(328)) - Lock on /workdir/hadoop-ozone/integration-test/target/test-dir/MiniOzoneClusterImpl-fc6dcb28-33a0-4875-b9f0-4cef493e9258/datanode-6/data/ratis/ceec562d-924e-434d-b1cd-bb874ae5b79c/in_use.lock acquired by nodename 31474@pr-hdds-2181-fvjjj-1641646571
2019-10-11 03:26:40,167 [pool-469-thread-1] INFO  storage.RaftStorage (RaftStorage.java:format(84)) - Storage directory /workdir/hadoop-ozone/integration-test/target/test-dir/MiniOzoneClusterImpl-fc6dcb28-33a0-4875-b9f0-4cef493e9258/datanode-6/data/ratis/ceec562d-924e-434d-b1cd-bb874ae5b79c has been successfully formatted.
2019-10-11 03:26:40,167 [pool-469-thread-1] INFO  ratis.ContainerStateMachine (ContainerStateMachine.java:loadSnapshot(231)) - group-BB874AE5B79C: The snapshot info is null. Setting the last applied indexto:(t:0, i:~)
2019-10-11 03:26:40,167 [pool-469-thread-1] INFO  server.RaftServerConfigKeys (ConfUtils.java:logGet(43)) - raft.server.notification.no-leader.timeout = 120s (custom)
2019-10-11 03:26:40,167 [pool-469-thread-1] INFO  server.RaftServerConfigKeys (ConfUtils.java:logGet(43)) - raft.server.log.use.memory = false (default)
2019-10-11 03:26:40,168 [pool-469-thread-1] INFO  server.RaftServerConfigKeys (ConfUtils.java:logGet(43)) - raft.server.log.purge.gap = 1000000 (custom)
2019-10-11 03:26:40,168 [pool-469-thread-1] INFO  server.RaftServerConfigKeys (ConfUtils.java:logGet(43)) - raft.server.log.appender.buffer.byte-limit = 33554432 (custom)
2019-10-11 03:26:40,168 [pool-469-thread-1] INFO  server.RaftServerConfigKeys (ConfUtils.java:logGet(43)) - raft.server.log.segment.size.max = 1048576 (custom)
2019-10-11 03:26:40,169 [pool-469-thread-1] INFO  server.RaftServerConfigKeys (ConfUtils.java:logGet(43)) - raft.server.log.segment.cache.num.max = 2 (custom)
2019-10-11 03:26:40,170 [pool-469-thread-1] INFO  segmented.SegmentedRaftLogWorker (SegmentedRaftLogWorker.java:<init>(173)) - new b5916a00-4678-44bb-bec6-59831e8787d7@group-BB874AE5B79C-SegmentedRaftLogWorker for RaftStorage:Storage Directory /workdir/hadoop-ozone/integration-test/target/test-dir/MiniOzoneClusterImpl-fc6dcb28-33a0-4875-b9f0-4cef493e9258/datanode-6/data/ratis/ceec562d-924e-434d-b1cd-bb874ae5b79c
2019-10-11 03:26:40,170 [pool-469-thread-1] INFO  server.RaftServerConfigKeys (ConfUtils.java:logGet(43)) - raft.server.log.queue.byte-limit = 2147483647 (custom)
2019-10-11 03:26:40,170 [pool-469-thread-1] INFO  server.RaftServerConfigKeys (ConfUtils.java:logGet(43)) - raft.server.log.queue.element-limit = 1024 (custom)
2019-10-11 03:26:40,170 [pool-469-thread-1] INFO  server.RaftServerConfigKeys (ConfUtils.java:logGet(43)) - raft.server.log.segment.size.max = 1048576 (custom)
2019-10-11 03:26:40,170 [pool-469-thread-1] INFO  server.RaftServerConfigKeys (ConfUtils.java:logGet(43)) - raft.server.log.preallocated.size = 16384 (custom)
2019-10-11 03:26:40,170 [pool-469-thread-1] INFO  server.RaftServerConfigKeys (ConfUtils.java:logGet(43)) - raft.server.log.write.buffer.size = 33554432 (custom)
2019-10-11 03:26:40,170 [pool-469-thread-1] INFO  server.RaftServerConfigKeys (ConfUtils.java:logGet(43)) - raft.server.log.force.sync.num = 128 (default)
2019-10-11 03:26:40,170 [pool-469-thread-1] INFO  server.RaftServerConfigKeys (ConfUtils.java:logGet(43)) - raft.server.log.statemachine.data.sync = true (default)
2019-10-11 03:26:40,171 [pool-469-thread-1] INFO  server.RaftServerConfigKeys (ConfUtils.java:logGet(43)) - raft.server.log.statemachine.data.sync.timeout = 10s (default)
2019-10-11 03:26:40,171 [pool-469-thread-1] INFO  server.RaftServerConfigKeys (ConfUtils.java:logGet(43)) - raft.server.log.statemachine.data.sync.timeout.retry = -1 (default)
2019-10-11 03:26:40,171 [pool-469-thread-1] INFO  server.RaftServerConfigKeys (ConfUtils.java:logGet(43)) - raft.server.log.statemachine.data.caching.enabled = true (custom)
2019-10-11 03:26:40,171 [pool-469-thread-1] INFO  segmented.SegmentedRaftLogWorker (SegmentedRaftLogWorker.java:lambda$new$0(128)) - b5916a00-4678-44bb-bec6-59831e8787d7@group-BB874AE5B79C-SegmentedRaftLogWorker: flushIndex: setUnconditionally 0 -> -1
2019-10-11 03:26:40,172 [pool-469-thread-1] INFO  server.RaftServerConfigKeys (ConfUtils.java:logGet(43)) - raft.server.snapshot.auto.trigger.enabled = true (custom)
2019-10-11 03:26:40,172 [pool-469-thread-1] INFO  server.RaftServerConfigKeys (ConfUtils.java:logGet(43)) - raft.server.snapshot.auto.trigger.threshold = 10000 (custom)
2019-10-11 03:26:40,172 [pool-469-thread-1] INFO  server.RaftServerConfigKeys (ConfUtils.java:logGet(43)) - raft.server.snapshot.retention.file.num = 5 (custom)
2019-10-11 03:26:40,172 [pool-469-thread-1] INFO  server.RaftServerConfigKeys (ConfUtils.java:logGet(43)) - raft.server.retrycache.expirytime = 600000ms (custom)
2019-10-11 03:26:40,173 [pool-469-thread-1] INFO  impl.RaftServerImpl (RaftServerImpl.java:start(181)) - b5916a00-4678-44bb-bec6-59831e8787d7@group-BB874AE5B79C: start as a follower, conf=-1: [b5916a00-4678-44bb-bec6-59831e8787d7:192.168.164.250:37780], old=null
2019-10-11 03:26:40,174 [pool-469-thread-1] INFO  impl.RaftServerImpl (RaftServerImpl.java:setRole(170)) - b5916a00-4678-44bb-bec6-59831e8787d7@group-BB874AE5B79C: changes role from      null to FOLLOWER at term 0 for startAsFollower
2019-10-11 03:26:40,174 [pool-469-thread-1] INFO  impl.RoleInfo (RoleInfo.java:updateAndGet(143)) - b5916a00-4678-44bb-bec6-59831e8787d7: start FollowerState
2019-10-11 03:26:40,174 [pool-469-thread-1] INFO  util.JmxRegister (JmxRegister.java:tryRegister(44)) - Successfully registered JMX Bean with object name Ratis:service=RaftServer,group=group-BB874AE5B79C,id=b5916a00-4678-44bb-bec6-59831e8787d7
2019-10-11 03:26:40,178 [RatisPipelineUtilsThread] INFO  pipeline.PipelineStateManager (PipelineStateManager.java:addPipeline(56)) - Created pipeline Pipeline[ Id: ceec562d-924e-434d-b1cd-bb874ae5b79c, Nodes: b5916a00-4678-44bb-bec6-59831e8787d7{ip: 192.168.164.250, host: pr-hdds-2181-fvjjj-1641646571, networkLocation: /default-rack, certSerialId: null}, Type:RATIS, Factor:ONE, State:OPEN]
2019-10-11 03:26:40,185 [grpc-default-executor-6] INFO  impl.RaftServerProxy (RaftServerProxy.java:addNew(89)) - 6a64fa26-3b78-4b78-adac-c84034f3e696: addNew group-C1C6F750B92A:[6a64fa26-3b78-4b78-adac-c84034f3e696:192.168.164.250:45461] returns group-C1C6F750B92A:java.util.concurrent.CompletableFuture@136ae633[Not completed]
2019-10-11 03:26:40,186 [pool-439-thread-1] INFO  impl.RaftServerImpl (RaftServerImpl.java:<init>(95)) - 6a64fa26-3b78-4b78-adac-c84034f3e696: new RaftServerImpl for group-C1C6F750B92A:[6a64fa26-3b78-4b78-adac-c84034f3e696:192.168.164.250:45461] with ContainerStateMachine:uninitialized
2019-10-11 03:26:40,186 [pool-439-thread-1] INFO  server.RaftServerConfigKeys (ConfUtils.java:logGet(43)) - raft.server.rpc.timeout.min = 5s (custom)
2019-10-11 03:26:40,187 [pool-439-thread-1] INFO  server.RaftServerConfigKeys (ConfUtils.java:logGet(43)) - raft.server.rpc.timeout.max = 5200ms (custom)
2019-10-11 03:26:40,187 [pool-439-thread-1] INFO  server.RaftServerConfigKeys (ConfUtils.java:logGet(43)) - raft.server.rpcslowness.timeout = 120s (custom)
2019-10-11 03:26:40,187 [pool-439-thread-1] INFO  server.RaftServerConfigKeys (ConfUtils.java:logGet(43)) - raft.server.sleep.deviation.threshold = 300 (default)
2019-10-11 03:26:40,187 [pool-439-thread-1] INFO  server.RaftServerConfigKeys (ConfUtils.java:logGet(43)) - raft.server.log.appender.install.snapshot.enabled = false (custom)
2019-10-11 03:26:40,187 [pool-439-thread-1] INFO  impl.RaftServerImpl (ServerState.java:<init>(103)) - 6a64fa26-3b78-4b78-adac-c84034f3e696@group-C1C6F750B92A: ConfigurationManager, init=-1: [6a64fa26-3b78-4b78-adac-c84034f3e696:192.168.164.250:45461], old=null, confs=<EMPTY_MAP>
2019-10-11 03:26:40,187 [pool-439-thread-1] INFO  server.RaftServerConfigKeys (ConfUtils.java:logGet(43)) - raft.server.storage.dir = [/workdir/hadoop-ozone/integration-test/target/test-dir/MiniOzoneClusterImpl-fc6dcb28-33a0-4875-b9f0-4cef493e9258/datanode-3/data/ratis] (custom)
2019-10-11 03:26:40,187 [pool-439-thread-1] INFO  server.RaftServerConfigKeys (ConfUtils.java:logGet(43)) - raft.server.log.corruption.policy = EXCEPTION (default)
2019-10-11 03:26:40,187 [pool-439-thread-1] INFO  storage.RaftStorageDirectory (RaftStorageDirectory.java:analyzeStorage(246)) - The storage directory /workdir/hadoop-ozone/integration-test/target/test-dir/MiniOzoneClusterImpl-fc6dcb28-33a0-4875-b9f0-4cef493e9258/datanode-3/data/ratis/183c672f-203e-4d79-9513-c1c6f750b92a does not exist. Creating ...
2019-10-11 03:26:40,217 [pool-439-thread-1] INFO  storage.RaftStorageDirectory (RaftStorageDirectory.java:tryLock(328)) - Lock on /workdir/hadoop-ozone/integration-test/target/test-dir/MiniOzoneClusterImpl-fc6dcb28-33a0-4875-b9f0-4cef493e9258/datanode-3/data/ratis/183c672f-203e-4d79-9513-c1c6f750b92a/in_use.lock acquired by nodename 31474@pr-hdds-2181-fvjjj-1641646571
2019-10-11 03:26:40,242 [pool-439-thread-1] INFO  storage.RaftStorage (RaftStorage.java:format(84)) - Storage directory /workdir/hadoop-ozone/integration-test/target/test-dir/MiniOzoneClusterImpl-fc6dcb28-33a0-4875-b9f0-4cef493e9258/datanode-3/data/ratis/183c672f-203e-4d79-9513-c1c6f750b92a has been successfully formatted.
2019-10-11 03:26:40,243 [pool-439-thread-1] INFO  ratis.ContainerStateMachine (ContainerStateMachine.java:loadSnapshot(231)) - group-C1C6F750B92A: The snapshot info is null. Setting the last applied indexto:(t:0, i:~)
2019-10-11 03:26:40,243 [pool-439-thread-1] INFO  server.RaftServerConfigKeys (ConfUtils.java:logGet(43)) - raft.server.notification.no-leader.timeout = 120s (custom)
2019-10-11 03:26:40,243 [pool-439-thread-1] INFO  server.RaftServerConfigKeys (ConfUtils.java:logGet(43)) - raft.server.log.use.memory = false (default)
2019-10-11 03:26:40,243 [pool-439-thread-1] INFO  server.RaftServerConfigKeys (ConfUtils.java:logGet(43)) - raft.server.log.purge.gap = 1000000 (custom)
2019-10-11 03:26:40,243 [pool-439-thread-1] INFO  server.RaftServerConfigKeys (ConfUtils.java:logGet(43)) - raft.server.log.appender.buffer.byte-limit = 33554432 (custom)
2019-10-11 03:26:40,243 [pool-439-thread-1] INFO  server.RaftServerConfigKeys (ConfUtils.java:logGet(43)) - raft.server.log.segment.size.max = 1048576 (custom)
2019-10-11 03:26:40,244 [pool-439-thread-1] INFO  server.RaftServerConfigKeys (ConfUtils.java:logGet(43)) - raft.server.log.segment.cache.num.max = 2 (custom)
2019-10-11 03:26:40,244 [pool-439-thread-1] INFO  segmented.SegmentedRaftLogWorker (SegmentedRaftLogWorker.java:<init>(173)) - new 6a64fa26-3b78-4b78-adac-c84034f3e696@group-C1C6F750B92A-SegmentedRaftLogWorker for RaftStorage:Storage Directory /workdir/hadoop-ozone/integration-test/target/test-dir/MiniOzoneClusterImpl-fc6dcb28-33a0-4875-b9f0-4cef493e9258/datanode-3/data/ratis/183c672f-203e-4d79-9513-c1c6f750b92a
2019-10-11 03:26:40,245 [pool-439-thread-1] INFO  server.RaftServerConfigKeys (ConfUtils.java:logGet(43)) - raft.server.log.queue.byte-limit = 2147483647 (custom)
2019-10-11 03:26:40,245 [pool-439-thread-1] INFO  server.RaftServerConfigKeys (ConfUtils.java:logGet(43)) - raft.server.log.queue.element-limit = 1024 (custom)
2019-10-11 03:26:40,245 [pool-439-thread-1] INFO  server.RaftServerConfigKeys (ConfUtils.java:logGet(43)) - raft.server.log.segment.size.max = 1048576 (custom)
2019-10-11 03:26:40,245 [pool-439-thread-1] INFO  server.RaftServerConfigKeys (ConfUtils.java:logGet(43)) - raft.server.log.preallocated.size = 16384 (custom)
2019-10-11 03:26:40,245 [pool-439-thread-1] INFO  server.RaftServerConfigKeys (ConfUtils.java:logGet(43)) - raft.server.log.write.buffer.size = 33554432 (custom)
2019-10-11 03:26:40,245 [pool-439-thread-1] INFO  server.RaftServerConfigKeys (ConfUtils.java:logGet(43)) - raft.server.log.force.sync.num = 128 (default)
2019-10-11 03:26:40,245 [pool-439-thread-1] INFO  server.RaftServerConfigKeys (ConfUtils.java:logGet(43)) - raft.server.log.statemachine.data.sync = true (default)
2019-10-11 03:26:40,245 [pool-439-thread-1] INFO  server.RaftServerConfigKeys (ConfUtils.java:logGet(43)) - raft.server.log.statemachine.data.sync.timeout = 10s (default)
2019-10-11 03:26:40,245 [pool-439-thread-1] INFO  server.RaftServerConfigKeys (ConfUtils.java:logGet(43)) - raft.server.log.statemachine.data.sync.timeout.retry = -1 (default)
2019-10-11 03:26:40,246 [pool-439-thread-1] INFO  server.RaftServerConfigKeys (ConfUtils.java:logGet(43)) - raft.server.log.statemachine.data.caching.enabled = true (custom)
2019-10-11 03:26:40,246 [pool-439-thread-1] INFO  segmented.SegmentedRaftLogWorker (SegmentedRaftLogWorker.java:lambda$new$0(128)) - 6a64fa26-3b78-4b78-adac-c84034f3e696@group-C1C6F750B92A-SegmentedRaftLogWorker: flushIndex: setUnconditionally 0 -> -1
2019-10-11 03:26:40,246 [pool-439-thread-1] INFO  server.RaftServerConfigKeys (ConfUtils.java:logGet(43)) - raft.server.snapshot.auto.trigger.enabled = true (custom)
2019-10-11 03:26:40,246 [pool-439-thread-1] INFO  server.RaftServerConfigKeys (ConfUtils.java:logGet(43)) - raft.server.snapshot.auto.trigger.threshold = 10000 (custom)
2019-10-11 03:26:40,246 [pool-439-thread-1] INFO  server.RaftServerConfigKeys (ConfUtils.java:logGet(43)) - raft.server.snapshot.retention.file.num = 5 (custom)
2019-10-11 03:26:40,246 [pool-439-thread-1] INFO  server.RaftServerConfigKeys (ConfUtils.java:logGet(43)) - raft.server.retrycache.expirytime = 600000ms (custom)
2019-10-11 03:26:40,248 [pool-439-thread-1] INFO  impl.RaftServerImpl (RaftServerImpl.java:start(181)) - 6a64fa26-3b78-4b78-adac-c84034f3e696@group-C1C6F750B92A: start as a follower, conf=-1: [6a64fa26-3b78-4b78-adac-c84034f3e696:192.168.164.250:45461], old=null
2019-10-11 03:26:40,248 [pool-439-thread-1] INFO  impl.RaftServerImpl (RaftServerImpl.java:setRole(170)) - 6a64fa26-3b78-4b78-adac-c84034f3e696@group-C1C6F750B92A: changes role from      null to FOLLOWER at term 0 for startAsFollower
2019-10-11 03:26:40,248 [pool-439-thread-1] INFO  impl.RoleInfo (RoleInfo.java:updateAndGet(143)) - 6a64fa26-3b78-4b78-adac-c84034f3e696: start FollowerState
2019-10-11 03:26:40,248 [pool-439-thread-1] INFO  util.JmxRegister (JmxRegister.java:tryRegister(44)) - Successfully registered JMX Bean with object name Ratis:service=RaftServer,group=group-C1C6F750B92A,id=6a64fa26-3b78-4b78-adac-c84034f3e696
2019-10-11 03:26:40,252 [RatisPipelineUtilsThread] INFO  pipeline.PipelineStateManager (PipelineStateManager.java:addPipeline(56)) - Created pipeline Pipeline[ Id: 183c672f-203e-4d79-9513-c1c6f750b92a, Nodes: 6a64fa26-3b78-4b78-adac-c84034f3e696{ip: 192.168.164.250, host: pr-hdds-2181-fvjjj-1641646571, networkLocation: /default-rack, certSerialId: null}, Type:RATIS, Factor:ONE, State:OPEN]
2019-10-11 03:26:40,265 [grpc-default-executor-8] INFO  impl.RaftServerProxy (RaftServerProxy.java:addNew(89)) - 632ef2d3-f6b6-4032-ba6a-967bd3e1777d: addNew group-33E094F07A4A:[8df26319-7b85-4a99-b7cd-52a4b6b20098:192.168.164.250:34348, 632ef2d3-f6b6-4032-ba6a-967bd3e1777d:192.168.164.250:44789, 82fc8aa5-1a19-4d4d-ac9f-24e83c36f9bf:192.168.164.250:34489] returns group-33E094F07A4A:java.util.concurrent.CompletableFuture@2c9186cb[Not completed]
2019-10-11 03:26:40,265 [grpc-default-executor-7] INFO  impl.RaftServerProxy (RaftServerProxy.java:addNew(89)) - 82fc8aa5-1a19-4d4d-ac9f-24e83c36f9bf: addNew group-33E094F07A4A:[8df26319-7b85-4a99-b7cd-52a4b6b20098:192.168.164.250:34348, 632ef2d3-f6b6-4032-ba6a-967bd3e1777d:192.168.164.250:44789, 82fc8aa5-1a19-4d4d-ac9f-24e83c36f9bf:192.168.164.250:34489] returns group-33E094F07A4A:java.util.concurrent.CompletableFuture@2e241aec[Not completed]
2019-10-11 03:26:40,265 [grpc-default-executor-6] INFO  impl.RaftServerProxy (RaftServerProxy.java:addNew(89)) - 8df26319-7b85-4a99-b7cd-52a4b6b20098: addNew group-33E094F07A4A:[8df26319-7b85-4a99-b7cd-52a4b6b20098:192.168.164.250:34348, 632ef2d3-f6b6-4032-ba6a-967bd3e1777d:192.168.164.250:44789, 82fc8aa5-1a19-4d4d-ac9f-24e83c36f9bf:192.168.164.250:34489] returns group-33E094F07A4A:java.util.concurrent.CompletableFuture@242b50ca[Not completed]
2019-10-11 03:26:40,266 [pool-419-thread-1] INFO  impl.RaftServerImpl (RaftServerImpl.java:<init>(95)) - 632ef2d3-f6b6-4032-ba6a-967bd3e1777d: new RaftServerImpl for group-33E094F07A4A:[8df26319-7b85-4a99-b7cd-52a4b6b20098:192.168.164.250:34348, 632ef2d3-f6b6-4032-ba6a-967bd3e1777d:192.168.164.250:44789, 82fc8aa5-1a19-4d4d-ac9f-24e83c36f9bf:192.168.164.250:34489] with ContainerStateMachine:uninitialized
2019-10-11 03:26:40,266 [pool-419-thread-1] INFO  server.RaftServerConfigKeys (ConfUtils.java:logGet(43)) - raft.server.rpc.timeout.min = 5s (custom)
2019-10-11 03:26:40,266 [pool-419-thread-1] INFO  server.RaftServerConfigKeys (ConfUtils.java:logGet(43)) - raft.server.rpc.timeout.max = 5200ms (custom)
2019-10-11 03:26:40,266 [pool-419-thread-1] INFO  server.RaftServerConfigKeys (ConfUtils.java:logGet(43)) - raft.server.rpcslowness.timeout = 120s (custom)
2019-10-11 03:26:40,266 [pool-419-thread-1] INFO  server.RaftServerConfigKeys (ConfUtils.java:logGet(43)) - raft.server.sleep.deviation.threshold = 300 (default)
2019-10-11 03:26:40,266 [pool-419-thread-1] INFO  server.RaftServerConfigKeys (ConfUtils.java:logGet(43)) - raft.server.log.appender.install.snapshot.enabled = false (custom)
2019-10-11 03:26:40,267 [pool-419-thread-1] INFO  impl.RaftServerImpl (ServerState.java:<init>(103)) - 632ef2d3-f6b6-4032-ba6a-967bd3e1777d@group-33E094F07A4A: ConfigurationManager, init=-1: [8df26319-7b85-4a99-b7cd-52a4b6b20098:192.168.164.250:34348, 632ef2d3-f6b6-4032-ba6a-967bd3e1777d:192.168.164.250:44789, 82fc8aa5-1a19-4d4d-ac9f-24e83c36f9bf:192.168.164.250:34489], old=null, confs=<EMPTY_MAP>
2019-10-11 03:26:40,267 [pool-419-thread-1] INFO  server.RaftServerConfigKeys (ConfUtils.java:logGet(43)) - raft.server.storage.dir = [/workdir/hadoop-ozone/integration-test/target/test-dir/MiniOzoneClusterImpl-fc6dcb28-33a0-4875-b9f0-4cef493e9258/datanode-1/data/ratis] (custom)
2019-10-11 03:26:40,267 [pool-419-thread-1] INFO  server.RaftServerConfigKeys (ConfUtils.java:logGet(43)) - raft.server.log.corruption.policy = EXCEPTION (default)
2019-10-11 03:26:40,267 [pool-429-thread-1] INFO  impl.RaftServerImpl (RaftServerImpl.java:<init>(95)) - 82fc8aa5-1a19-4d4d-ac9f-24e83c36f9bf: new RaftServerImpl for group-33E094F07A4A:[8df26319-7b85-4a99-b7cd-52a4b6b20098:192.168.164.250:34348, 632ef2d3-f6b6-4032-ba6a-967bd3e1777d:192.168.164.250:44789, 82fc8aa5-1a19-4d4d-ac9f-24e83c36f9bf:192.168.164.250:34489] with ContainerStateMachine:uninitialized
2019-10-11 03:26:40,267 [pool-419-thread-1] INFO  storage.RaftStorageDirectory (RaftStorageDirectory.java:analyzeStorage(246)) - The storage directory /workdir/hadoop-ozone/integration-test/target/test-dir/MiniOzoneClusterImpl-fc6dcb28-33a0-4875-b9f0-4cef493e9258/datanode-1/data/ratis/fcf8909a-b57c-4775-8650-33e094f07a4a does not exist. Creating ...
2019-10-11 03:26:40,267 [pool-429-thread-1] INFO  server.RaftServerConfigKeys (ConfUtils.java:logGet(43)) - raft.server.rpc.timeout.min = 5s (custom)
2019-10-11 03:26:40,268 [pool-429-thread-1] INFO  server.RaftServerConfigKeys (ConfUtils.java:logGet(43)) - raft.server.rpc.timeout.max = 5200ms (custom)
2019-10-11 03:26:40,268 [pool-429-thread-1] INFO  server.RaftServerConfigKeys (ConfUtils.java:logGet(43)) - raft.server.rpcslowness.timeout = 120s (custom)
2019-10-11 03:26:40,268 [pool-449-thread-1] INFO  impl.RaftServerImpl (RaftServerImpl.java:<init>(95)) - 8df26319-7b85-4a99-b7cd-52a4b6b20098: new RaftServerImpl for group-33E094F07A4A:[8df26319-7b85-4a99-b7cd-52a4b6b20098:192.168.164.250:34348, 632ef2d3-f6b6-4032-ba6a-967bd3e1777d:192.168.164.250:44789, 82fc8aa5-1a19-4d4d-ac9f-24e83c36f9bf:192.168.164.250:34489] with ContainerStateMachine:uninitialized
2019-10-11 03:26:40,268 [pool-429-thread-1] INFO  server.RaftServerConfigKeys (ConfUtils.java:logGet(43)) - raft.server.sleep.deviation.threshold = 300 (default)
2019-10-11 03:26:40,268 [pool-449-thread-1] INFO  server.RaftServerConfigKeys (ConfUtils.java:logGet(43)) - raft.server.rpc.timeout.min = 5s (custom)
2019-10-11 03:26:40,268 [pool-429-thread-1] INFO  server.RaftServerConfigKeys (ConfUtils.java:logGet(43)) - raft.server.log.appender.install.snapshot.enabled = false (custom)
2019-10-11 03:26:40,269 [pool-449-thread-1] INFO  server.RaftServerConfigKeys (ConfUtils.java:logGet(43)) - raft.server.rpc.timeout.max = 5200ms (custom)
2019-10-11 03:26:40,269 [pool-429-thread-1] INFO  impl.RaftServerImpl (ServerState.java:<init>(103)) - 82fc8aa5-1a19-4d4d-ac9f-24e83c36f9bf@group-33E094F07A4A: ConfigurationManager, init=-1: [8df26319-7b85-4a99-b7cd-52a4b6b20098:192.168.164.250:34348, 632ef2d3-f6b6-4032-ba6a-967bd3e1777d:192.168.164.250:44789, 82fc8aa5-1a19-4d4d-ac9f-24e83c36f9bf:192.168.164.250:34489], old=null, confs=<EMPTY_MAP>
2019-10-11 03:26:40,269 [pool-449-thread-1] INFO  server.RaftServerConfigKeys (ConfUtils.java:logGet(43)) - raft.server.rpcslowness.timeout = 120s (custom)
2019-10-11 03:26:40,269 [pool-429-thread-1] INFO  server.RaftServerConfigKeys (ConfUtils.java:logGet(43)) - raft.server.storage.dir = [/workdir/hadoop-ozone/integration-test/target/test-dir/MiniOzoneClusterImpl-fc6dcb28-33a0-4875-b9f0-4cef493e9258/datanode-2/data/ratis] (custom)
2019-10-11 03:26:40,269 [pool-449-thread-1] INFO  server.RaftServerConfigKeys (ConfUtils.java:logGet(43)) - raft.server.sleep.deviation.threshold = 300 (default)
2019-10-11 03:26:40,270 [pool-449-thread-1] INFO  server.RaftServerConfigKeys (ConfUtils.java:logGet(43)) - raft.server.log.appender.install.snapshot.enabled = false (custom)
2019-10-11 03:26:40,270 [pool-429-thread-1] INFO  server.RaftServerConfigKeys (ConfUtils.java:logGet(43)) - raft.server.log.corruption.policy = EXCEPTION (default)
2019-10-11 03:26:40,270 [pool-449-thread-1] INFO  impl.RaftServerImpl (ServerState.java:<init>(103)) - 8df26319-7b85-4a99-b7cd-52a4b6b20098@group-33E094F07A4A: ConfigurationManager, init=-1: [8df26319-7b85-4a99-b7cd-52a4b6b20098:192.168.164.250:34348, 632ef2d3-f6b6-4032-ba6a-967bd3e1777d:192.168.164.250:44789, 82fc8aa5-1a19-4d4d-ac9f-24e83c36f9bf:192.168.164.250:34489], old=null, confs=<EMPTY_MAP>
2019-10-11 03:26:40,270 [pool-429-thread-1] INFO  storage.RaftStorageDirectory (RaftStorageDirectory.java:analyzeStorage(246)) - The storage directory /workdir/hadoop-ozone/integration-test/target/test-dir/MiniOzoneClusterImpl-fc6dcb28-33a0-4875-b9f0-4cef493e9258/datanode-2/data/ratis/fcf8909a-b57c-4775-8650-33e094f07a4a does not exist. Creating ...
2019-10-11 03:26:40,270 [pool-449-thread-1] INFO  server.RaftServerConfigKeys (ConfUtils.java:logGet(43)) - raft.server.storage.dir = [/workdir/hadoop-ozone/integration-test/target/test-dir/MiniOzoneClusterImpl-fc6dcb28-33a0-4875-b9f0-4cef493e9258/datanode-4/data/ratis] (custom)
2019-10-11 03:26:40,271 [pool-449-thread-1] INFO  server.RaftServerConfigKeys (ConfUtils.java:logGet(43)) - raft.server.log.corruption.policy = EXCEPTION (default)
2019-10-11 03:26:40,271 [pool-449-thread-1] INFO  storage.RaftStorageDirectory (RaftStorageDirectory.java:analyzeStorage(246)) - The storage directory /workdir/hadoop-ozone/integration-test/target/test-dir/MiniOzoneClusterImpl-fc6dcb28-33a0-4875-b9f0-4cef493e9258/datanode-4/data/ratis/fcf8909a-b57c-4775-8650-33e094f07a4a does not exist. Creating ...
2019-10-11 03:26:40,293 [pool-419-thread-1] INFO  storage.RaftStorageDirectory (RaftStorageDirectory.java:tryLock(328)) - Lock on /workdir/hadoop-ozone/integration-test/target/test-dir/MiniOzoneClusterImpl-fc6dcb28-33a0-4875-b9f0-4cef493e9258/datanode-1/data/ratis/fcf8909a-b57c-4775-8650-33e094f07a4a/in_use.lock acquired by nodename 31474@pr-hdds-2181-fvjjj-1641646571
2019-10-11 03:26:40,293 [pool-449-thread-1] INFO  storage.RaftStorageDirectory (RaftStorageDirectory.java:tryLock(328)) - Lock on /workdir/hadoop-ozone/integration-test/target/test-dir/MiniOzoneClusterImpl-fc6dcb28-33a0-4875-b9f0-4cef493e9258/datanode-4/data/ratis/fcf8909a-b57c-4775-8650-33e094f07a4a/in_use.lock acquired by nodename 31474@pr-hdds-2181-fvjjj-1641646571
2019-10-11 03:26:40,293 [pool-429-thread-1] INFO  storage.RaftStorageDirectory (RaftStorageDirectory.java:tryLock(328)) - Lock on /workdir/hadoop-ozone/integration-test/target/test-dir/MiniOzoneClusterImpl-fc6dcb28-33a0-4875-b9f0-4cef493e9258/datanode-2/data/ratis/fcf8909a-b57c-4775-8650-33e094f07a4a/in_use.lock acquired by nodename 31474@pr-hdds-2181-fvjjj-1641646571
2019-10-11 03:26:40,319 [pool-419-thread-1] INFO  storage.RaftStorage (RaftStorage.java:format(84)) - Storage directory /workdir/hadoop-ozone/integration-test/target/test-dir/MiniOzoneClusterImpl-fc6dcb28-33a0-4875-b9f0-4cef493e9258/datanode-1/data/ratis/fcf8909a-b57c-4775-8650-33e094f07a4a has been successfully formatted.
2019-10-11 03:26:40,319 [pool-449-thread-1] INFO  storage.RaftStorage (RaftStorage.java:format(84)) - Storage directory /workdir/hadoop-ozone/integration-test/target/test-dir/MiniOzoneClusterImpl-fc6dcb28-33a0-4875-b9f0-4cef493e9258/datanode-4/data/ratis/fcf8909a-b57c-4775-8650-33e094f07a4a has been successfully formatted.
2019-10-11 03:26:40,319 [pool-429-thread-1] INFO  storage.RaftStorage (RaftStorage.java:format(84)) - Storage directory /workdir/hadoop-ozone/integration-test/target/test-dir/MiniOzoneClusterImpl-fc6dcb28-33a0-4875-b9f0-4cef493e9258/datanode-2/data/ratis/fcf8909a-b57c-4775-8650-33e094f07a4a has been successfully formatted.
2019-10-11 03:26:40,319 [pool-449-thread-1] INFO  ratis.ContainerStateMachine (ContainerStateMachine.java:loadSnapshot(231)) - group-33E094F07A4A: The snapshot info is null. Setting the last applied indexto:(t:0, i:~)
2019-10-11 03:26:40,319 [pool-419-thread-1] INFO  ratis.ContainerStateMachine (ContainerStateMachine.java:loadSnapshot(231)) - group-33E094F07A4A: The snapshot info is null. Setting the last applied indexto:(t:0, i:~)
2019-10-11 03:26:40,319 [pool-449-thread-1] INFO  server.RaftServerConfigKeys (ConfUtils.java:logGet(43)) - raft.server.notification.no-leader.timeout = 120s (custom)
2019-10-11 03:26:40,319 [pool-429-thread-1] INFO  ratis.ContainerStateMachine (ContainerStateMachine.java:loadSnapshot(231)) - group-33E094F07A4A: The snapshot info is null. Setting the last applied indexto:(t:0, i:~)
2019-10-11 03:26:40,319 [pool-449-thread-1] INFO  server.RaftServerConfigKeys (ConfUtils.java:logGet(43)) - raft.server.log.use.memory = false (default)
2019-10-11 03:26:40,319 [pool-419-thread-1] INFO  server.RaftServerConfigKeys (ConfUtils.java:logGet(43)) - raft.server.notification.no-leader.timeout = 120s (custom)
2019-10-11 03:26:40,320 [pool-449-thread-1] INFO  server.RaftServerConfigKeys (ConfUtils.java:logGet(43)) - raft.server.log.purge.gap = 1000000 (custom)
2019-10-11 03:26:40,320 [pool-429-thread-1] INFO  server.RaftServerConfigKeys (ConfUtils.java:logGet(43)) - raft.server.notification.no-leader.timeout = 120s (custom)
2019-10-11 03:26:40,320 [pool-449-thread-1] INFO  server.RaftServerConfigKeys (ConfUtils.java:logGet(43)) - raft.server.log.appender.buffer.byte-limit = 33554432 (custom)
2019-10-11 03:26:40,320 [pool-419-thread-1] INFO  server.RaftServerConfigKeys (ConfUtils.java:logGet(43)) - raft.server.log.use.memory = false (default)
2019-10-11 03:26:40,320 [pool-449-thread-1] INFO  server.RaftServerConfigKeys (ConfUtils.java:logGet(43)) - raft.server.log.segment.size.max = 1048576 (custom)
2019-10-11 03:26:40,320 [pool-429-thread-1] INFO  server.RaftServerConfigKeys (ConfUtils.java:logGet(43)) - raft.server.log.use.memory = false (default)
2019-10-11 03:26:40,321 [pool-449-thread-1] INFO  server.RaftServerConfigKeys (ConfUtils.java:logGet(43)) - raft.server.log.segment.cache.num.max = 2 (custom)
2019-10-11 03:26:40,320 [pool-419-thread-1] INFO  server.RaftServerConfigKeys (ConfUtils.java:logGet(43)) - raft.server.log.purge.gap = 1000000 (custom)
2019-10-11 03:26:40,321 [pool-449-thread-1] INFO  segmented.SegmentedRaftLogWorker (SegmentedRaftLogWorker.java:<init>(173)) - new 8df26319-7b85-4a99-b7cd-52a4b6b20098@group-33E094F07A4A-SegmentedRaftLogWorker for RaftStorage:Storage Directory /workdir/hadoop-ozone/integration-test/target/test-dir/MiniOzoneClusterImpl-fc6dcb28-33a0-4875-b9f0-4cef493e9258/datanode-4/data/ratis/fcf8909a-b57c-4775-8650-33e094f07a4a
2019-10-11 03:26:40,321 [pool-429-thread-1] INFO  server.RaftServerConfigKeys (ConfUtils.java:logGet(43)) - raft.server.log.purge.gap = 1000000 (custom)
2019-10-11 03:26:40,321 [pool-449-thread-1] INFO  server.RaftServerConfigKeys (ConfUtils.java:logGet(43)) - raft.server.log.queue.byte-limit = 2147483647 (custom)
2019-10-11 03:26:40,321 [pool-419-thread-1] INFO  server.RaftServerConfigKeys (ConfUtils.java:logGet(43)) - raft.server.log.appender.buffer.byte-limit = 33554432 (custom)
2019-10-11 03:26:40,321 [pool-449-thread-1] INFO  server.RaftServerConfigKeys (ConfUtils.java:logGet(43)) - raft.server.log.queue.element-limit = 1024 (custom)
2019-10-11 03:26:40,321 [pool-429-thread-1] INFO  server.RaftServerConfigKeys (ConfUtils.java:logGet(43)) - raft.server.log.appender.buffer.byte-limit = 33554432 (custom)
2019-10-11 03:26:40,322 [pool-449-thread-1] INFO  server.RaftServerConfigKeys (ConfUtils.java:logGet(43)) - raft.server.log.segment.size.max = 1048576 (custom)
2019-10-11 03:26:40,322 [pool-419-thread-1] INFO  server.RaftServerConfigKeys (ConfUtils.java:logGet(43)) - raft.server.log.segment.size.max = 1048576 (custom)
2019-10-11 03:26:40,322 [pool-449-thread-1] INFO  server.RaftServerConfigKeys (ConfUtils.java:logGet(43)) - raft.server.log.preallocated.size = 16384 (custom)
2019-10-11 03:26:40,322 [pool-429-thread-1] INFO  server.RaftServerConfigKeys (ConfUtils.java:logGet(43)) - raft.server.log.segment.size.max = 1048576 (custom)
2019-10-11 03:26:40,322 [pool-449-thread-1] INFO  server.RaftServerConfigKeys (ConfUtils.java:logGet(43)) - raft.server.log.write.buffer.size = 33554432 (custom)
2019-10-11 03:26:40,322 [pool-419-thread-1] INFO  server.RaftServerConfigKeys (ConfUtils.java:logGet(43)) - raft.server.log.segment.cache.num.max = 2 (custom)
2019-10-11 03:26:40,323 [pool-449-thread-1] INFO  server.RaftServerConfigKeys (ConfUtils.java:logGet(43)) - raft.server.log.force.sync.num = 128 (default)
2019-10-11 03:26:40,322 [pool-429-thread-1] INFO  server.RaftServerConfigKeys (ConfUtils.java:logGet(43)) - raft.server.log.segment.cache.num.max = 2 (custom)
2019-10-11 03:26:40,323 [pool-449-thread-1] INFO  server.RaftServerConfigKeys (ConfUtils.java:logGet(43)) - raft.server.log.statemachine.data.sync = true (default)
2019-10-11 03:26:40,323 [pool-419-thread-1] INFO  segmented.SegmentedRaftLogWorker (SegmentedRaftLogWorker.java:<init>(173)) - new 632ef2d3-f6b6-4032-ba6a-967bd3e1777d@group-33E094F07A4A-SegmentedRaftLogWorker for RaftStorage:Storage Directory /workdir/hadoop-ozone/integration-test/target/test-dir/MiniOzoneClusterImpl-fc6dcb28-33a0-4875-b9f0-4cef493e9258/datanode-1/data/ratis/fcf8909a-b57c-4775-8650-33e094f07a4a
2019-10-11 03:26:40,323 [pool-449-thread-1] INFO  server.RaftServerConfigKeys (ConfUtils.java:logGet(43)) - raft.server.log.statemachine.data.sync.timeout = 10s (default)
2019-10-11 03:26:40,323 [pool-429-thread-1] INFO  segmented.SegmentedRaftLogWorker (SegmentedRaftLogWorker.java:<init>(173)) - new 82fc8aa5-1a19-4d4d-ac9f-24e83c36f9bf@group-33E094F07A4A-SegmentedRaftLogWorker for RaftStorage:Storage Directory /workdir/hadoop-ozone/integration-test/target/test-dir/MiniOzoneClusterImpl-fc6dcb28-33a0-4875-b9f0-4cef493e9258/datanode-2/data/ratis/fcf8909a-b57c-4775-8650-33e094f07a4a
2019-10-11 03:26:40,323 [pool-449-thread-1] INFO  server.RaftServerConfigKeys (ConfUtils.java:logGet(43)) - raft.server.log.statemachine.data.sync.timeout.retry = -1 (default)
2019-10-11 03:26:40,323 [pool-419-thread-1] INFO  server.RaftServerConfigKeys (ConfUtils.java:logGet(43)) - raft.server.log.queue.byte-limit = 2147483647 (custom)
2019-10-11 03:26:40,324 [pool-449-thread-1] INFO  server.RaftServerConfigKeys (ConfUtils.java:logGet(43)) - raft.server.log.statemachine.data.caching.enabled = true (custom)
2019-10-11 03:26:40,324 [pool-429-thread-1] INFO  server.RaftServerConfigKeys (ConfUtils.java:logGet(43)) - raft.server.log.queue.byte-limit = 2147483647 (custom)
2019-10-11 03:26:40,324 [pool-419-thread-1] INFO  server.RaftServerConfigKeys (ConfUtils.java:logGet(43)) - raft.server.log.queue.element-limit = 1024 (custom)
2019-10-11 03:26:40,324 [pool-449-thread-1] INFO  segmented.SegmentedRaftLogWorker (SegmentedRaftLogWorker.java:lambda$new$0(128)) - 8df26319-7b85-4a99-b7cd-52a4b6b20098@group-33E094F07A4A-SegmentedRaftLogWorker: flushIndex: setUnconditionally 0 -> -1
2019-10-11 03:26:40,324 [pool-429-thread-1] INFO  server.RaftServerConfigKeys (ConfUtils.java:logGet(43)) - raft.server.log.queue.element-limit = 1024 (custom)
2019-10-11 03:26:40,324 [pool-419-thread-1] INFO  server.RaftServerConfigKeys (ConfUtils.java:logGet(43)) - raft.server.log.segment.size.max = 1048576 (custom)
2019-10-11 03:26:40,325 [pool-449-thread-1] INFO  server.RaftServerConfigKeys (ConfUtils.java:logGet(43)) - raft.server.snapshot.auto.trigger.enabled = true (custom)
2019-10-11 03:26:40,325 [pool-429-thread-1] INFO  server.RaftServerConfigKeys (ConfUtils.java:logGet(43)) - raft.server.log.segment.size.max = 1048576 (custom)
2019-10-11 03:26:40,325 [pool-449-thread-1] INFO  server.RaftServerConfigKeys (ConfUtils.java:logGet(43)) - raft.server.snapshot.auto.trigger.threshold = 10000 (custom)
2019-10-11 03:26:40,325 [pool-419-thread-1] INFO  server.RaftServerConfigKeys (ConfUtils.java:logGet(43)) - raft.server.log.preallocated.size = 16384 (custom)
2019-10-11 03:26:40,325 [pool-449-thread-1] INFO  server.RaftServerConfigKeys (ConfUtils.java:logGet(43)) - raft.server.snapshot.retention.file.num = 5 (custom)
2019-10-11 03:26:40,325 [pool-429-thread-1] INFO  server.RaftServerConfigKeys (ConfUtils.java:logGet(43)) - raft.server.log.preallocated.size = 16384 (custom)
2019-10-11 03:26:40,325 [pool-449-thread-1] INFO  server.RaftServerConfigKeys (ConfUtils.java:logGet(43)) - raft.server.retrycache.expirytime = 600000ms (custom)
2019-10-11 03:26:40,325 [pool-419-thread-1] INFO  server.RaftServerConfigKeys (ConfUtils.java:logGet(43)) - raft.server.log.write.buffer.size = 33554432 (custom)
2019-10-11 03:26:40,326 [pool-429-thread-1] INFO  server.RaftServerConfigKeys (ConfUtils.java:logGet(43)) - raft.server.log.write.buffer.size = 33554432 (custom)
2019-10-11 03:26:40,326 [pool-419-thread-1] INFO  server.RaftServerConfigKeys (ConfUtils.java:logGet(43)) - raft.server.log.force.sync.num = 128 (default)
2019-10-11 03:26:40,326 [pool-429-thread-1] INFO  server.RaftServerConfigKeys (ConfUtils.java:logGet(43)) - raft.server.log.force.sync.num = 128 (default)
2019-10-11 03:26:40,326 [pool-419-thread-1] INFO  server.RaftServerConfigKeys (ConfUtils.java:logGet(43)) - raft.server.log.statemachine.data.sync = true (default)
2019-10-11 03:26:40,326 [pool-429-thread-1] INFO  server.RaftServerConfigKeys (ConfUtils.java:logGet(43)) - raft.server.log.statemachine.data.sync = true (default)
2019-10-11 03:26:40,326 [pool-419-thread-1] INFO  server.RaftServerConfigKeys (ConfUtils.java:logGet(43)) - raft.server.log.statemachine.data.sync.timeout = 10s (default)
2019-10-11 03:26:40,326 [pool-429-thread-1] INFO  server.RaftServerConfigKeys (ConfUtils.java:logGet(43)) - raft.server.log.statemachine.data.sync.timeout = 10s (default)
2019-10-11 03:26:40,327 [pool-419-thread-1] INFO  server.RaftServerConfigKeys (ConfUtils.java:logGet(43)) - raft.server.log.statemachine.data.sync.timeout.retry = -1 (default)
2019-10-11 03:26:40,327 [pool-429-thread-1] INFO  server.RaftServerConfigKeys (ConfUtils.java:logGet(43)) - raft.server.log.statemachine.data.sync.timeout.retry = -1 (default)
2019-10-11 03:26:40,327 [pool-419-thread-1] INFO  server.RaftServerConfigKeys (ConfUtils.java:logGet(43)) - raft.server.log.statemachine.data.caching.enabled = true (custom)
2019-10-11 03:26:40,327 [pool-429-thread-1] INFO  server.RaftServerConfigKeys (ConfUtils.java:logGet(43)) - raft.server.log.statemachine.data.caching.enabled = true (custom)
2019-10-11 03:26:40,327 [pool-419-thread-1] INFO  segmented.SegmentedRaftLogWorker (SegmentedRaftLogWorker.java:lambda$new$0(128)) - 632ef2d3-f6b6-4032-ba6a-967bd3e1777d@group-33E094F07A4A-SegmentedRaftLogWorker: flushIndex: setUnconditionally 0 -> -1
2019-10-11 03:26:40,327 [pool-429-thread-1] INFO  segmented.SegmentedRaftLogWorker (SegmentedRaftLogWorker.java:lambda$new$0(128)) - 82fc8aa5-1a19-4d4d-ac9f-24e83c36f9bf@group-33E094F07A4A-SegmentedRaftLogWorker: flushIndex: setUnconditionally 0 -> -1
2019-10-11 03:26:40,327 [pool-419-thread-1] INFO  server.RaftServerConfigKeys (ConfUtils.java:logGet(43)) - raft.server.snapshot.auto.trigger.enabled = true (custom)
2019-10-11 03:26:40,327 [pool-449-thread-1] INFO  impl.RaftServerImpl (RaftServerImpl.java:start(181)) - 8df26319-7b85-4a99-b7cd-52a4b6b20098@group-33E094F07A4A: start as a follower, conf=-1: [8df26319-7b85-4a99-b7cd-52a4b6b20098:192.168.164.250:34348, 632ef2d3-f6b6-4032-ba6a-967bd3e1777d:192.168.164.250:44789, 82fc8aa5-1a19-4d4d-ac9f-24e83c36f9bf:192.168.164.250:34489], old=null
2019-10-11 03:26:40,328 [pool-429-thread-1] INFO  server.RaftServerConfigKeys (ConfUtils.java:logGet(43)) - raft.server.snapshot.auto.trigger.enabled = true (custom)
2019-10-11 03:26:40,328 [pool-419-thread-1] INFO  server.RaftServerConfigKeys (ConfUtils.java:logGet(43)) - raft.server.snapshot.auto.trigger.threshold = 10000 (custom)
2019-10-11 03:26:40,328 [pool-429-thread-1] INFO  server.RaftServerConfigKeys (ConfUtils.java:logGet(43)) - raft.server.snapshot.auto.trigger.threshold = 10000 (custom)
2019-10-11 03:26:40,328 [pool-449-thread-1] INFO  impl.RaftServerImpl (RaftServerImpl.java:setRole(170)) - 8df26319-7b85-4a99-b7cd-52a4b6b20098@group-33E094F07A4A: changes role from      null to FOLLOWER at term 0 for startAsFollower
2019-10-11 03:26:40,328 [pool-429-thread-1] INFO  server.RaftServerConfigKeys (ConfUtils.java:logGet(43)) - raft.server.snapshot.retention.file.num = 5 (custom)
2019-10-11 03:26:40,328 [pool-419-thread-1] INFO  server.RaftServerConfigKeys (ConfUtils.java:logGet(43)) - raft.server.snapshot.retention.file.num = 5 (custom)
2019-10-11 03:26:40,328 [pool-429-thread-1] INFO  server.RaftServerConfigKeys (ConfUtils.java:logGet(43)) - raft.server.retrycache.expirytime = 600000ms (custom)
2019-10-11 03:26:40,328 [pool-449-thread-1] INFO  impl.RoleInfo (RoleInfo.java:updateAndGet(143)) - 8df26319-7b85-4a99-b7cd-52a4b6b20098: start FollowerState
2019-10-11 03:26:40,328 [pool-419-thread-1] INFO  server.RaftServerConfigKeys (ConfUtils.java:logGet(43)) - raft.server.retrycache.expirytime = 600000ms (custom)
2019-10-11 03:26:40,329 [pool-449-thread-1] INFO  util.JmxRegister (JmxRegister.java:tryRegister(44)) - Successfully registered JMX Bean with object name Ratis:service=RaftServer,group=group-33E094F07A4A,id=8df26319-7b85-4a99-b7cd-52a4b6b20098
2019-10-11 03:26:40,332 [pool-429-thread-1] INFO  impl.RaftServerImpl (RaftServerImpl.java:start(181)) - 82fc8aa5-1a19-4d4d-ac9f-24e83c36f9bf@group-33E094F07A4A: start as a follower, conf=-1: [8df26319-7b85-4a99-b7cd-52a4b6b20098:192.168.164.250:34348, 632ef2d3-f6b6-4032-ba6a-967bd3e1777d:192.168.164.250:44789, 82fc8aa5-1a19-4d4d-ac9f-24e83c36f9bf:192.168.164.250:34489], old=null
2019-10-11 03:26:40,332 [pool-429-thread-1] INFO  impl.RaftServerImpl (RaftServerImpl.java:setRole(170)) - 82fc8aa5-1a19-4d4d-ac9f-24e83c36f9bf@group-33E094F07A4A: changes role from      null to FOLLOWER at term 0 for startAsFollower
2019-10-11 03:26:40,333 [pool-419-thread-1] INFO  impl.RaftServerImpl (RaftServerImpl.java:start(181)) - 632ef2d3-f6b6-4032-ba6a-967bd3e1777d@group-33E094F07A4A: start as a follower, conf=-1: [8df26319-7b85-4a99-b7cd-52a4b6b20098:192.168.164.250:34348, 632ef2d3-f6b6-4032-ba6a-967bd3e1777d:192.168.164.250:44789, 82fc8aa5-1a19-4d4d-ac9f-24e83c36f9bf:192.168.164.250:34489], old=null
2019-10-11 03:26:40,333 [pool-429-thread-1] INFO  impl.RoleInfo (RoleInfo.java:updateAndGet(143)) - 82fc8aa5-1a19-4d4d-ac9f-24e83c36f9bf: start FollowerState
2019-10-11 03:26:40,333 [pool-419-thread-1] INFO  impl.RaftServerImpl (RaftServerImpl.java:setRole(170)) - 632ef2d3-f6b6-4032-ba6a-967bd3e1777d@group-33E094F07A4A: changes role from      null to FOLLOWER at term 0 for startAsFollower
2019-10-11 03:26:40,333 [pool-419-thread-1] INFO  impl.RoleInfo (RoleInfo.java:updateAndGet(143)) - 632ef2d3-f6b6-4032-ba6a-967bd3e1777d: start FollowerState
2019-10-11 03:26:40,333 [pool-429-thread-1] INFO  util.JmxRegister (JmxRegister.java:tryRegister(44)) - Successfully registered JMX Bean with object name Ratis:service=RaftServer,group=group-33E094F07A4A,id=82fc8aa5-1a19-4d4d-ac9f-24e83c36f9bf
2019-10-11 03:26:40,333 [pool-419-thread-1] INFO  util.JmxRegister (JmxRegister.java:tryRegister(44)) - Successfully registered JMX Bean with object name Ratis:service=RaftServer,group=group-33E094F07A4A,id=632ef2d3-f6b6-4032-ba6a-967bd3e1777d
2019-10-11 03:26:40,339 [RatisPipelineUtilsThread] INFO  pipeline.PipelineStateManager (PipelineStateManager.java:addPipeline(56)) - Created pipeline Pipeline[ Id: fcf8909a-b57c-4775-8650-33e094f07a4a, Nodes: 82fc8aa5-1a19-4d4d-ac9f-24e83c36f9bf{ip: 192.168.164.250, host: pr-hdds-2181-fvjjj-1641646571, networkLocation: /default-rack, certSerialId: null}632ef2d3-f6b6-4032-ba6a-967bd3e1777d{ip: 192.168.164.250, host: pr-hdds-2181-fvjjj-1641646571, networkLocation: /default-rack, certSerialId: null}8df26319-7b85-4a99-b7cd-52a4b6b20098{ip: 192.168.164.250, host: pr-hdds-2181-fvjjj-1641646571, networkLocation: /default-rack, certSerialId: null}, Type:RATIS, Factor:THREE, State:OPEN]
2019-10-11 03:26:40,349 [grpc-default-executor-8] INFO  impl.RaftServerProxy (RaftServerProxy.java:addNew(89)) - 6a64fa26-3b78-4b78-adac-c84034f3e696: addNew group-CC0CBEF77EB7:[6a64fa26-3b78-4b78-adac-c84034f3e696:192.168.164.250:45461, adf578df-9fcd-492e-b730-432f6b8d35a3:192.168.164.250:43725, b5916a00-4678-44bb-bec6-59831e8787d7:192.168.164.250:37780] returns group-CC0CBEF77EB7:java.util.concurrent.CompletableFuture@33ed7c75[Not completed]
2019-10-11 03:26:40,349 [grpc-default-executor-6] INFO  impl.RaftServerProxy (RaftServerProxy.java:addNew(89)) - b5916a00-4678-44bb-bec6-59831e8787d7: addNew group-CC0CBEF77EB7:[6a64fa26-3b78-4b78-adac-c84034f3e696:192.168.164.250:45461, adf578df-9fcd-492e-b730-432f6b8d35a3:192.168.164.250:43725, b5916a00-4678-44bb-bec6-59831e8787d7:192.168.164.250:37780] returns group-CC0CBEF77EB7:java.util.concurrent.CompletableFuture@3720a35e[Not completed]
2019-10-11 03:26:40,349 [grpc-default-executor-7] INFO  impl.RaftServerProxy (RaftServerProxy.java:addNew(89)) - adf578df-9fcd-492e-b730-432f6b8d35a3: addNew group-CC0CBEF77EB7:[6a64fa26-3b78-4b78-adac-c84034f3e696:192.168.164.250:45461, adf578df-9fcd-492e-b730-432f6b8d35a3:192.168.164.250:43725, b5916a00-4678-44bb-bec6-59831e8787d7:192.168.164.250:37780] returns group-CC0CBEF77EB7:java.util.concurrent.CompletableFuture@70f8435b[Not completed]
2019-10-11 03:26:40,353 [pool-459-thread-1] INFO  impl.RaftServerImpl (RaftServerImpl.java:<init>(95)) - adf578df-9fcd-492e-b730-432f6b8d35a3: new RaftServerImpl for group-CC0CBEF77EB7:[6a64fa26-3b78-4b78-adac-c84034f3e696:192.168.164.250:45461, adf578df-9fcd-492e-b730-432f6b8d35a3:192.168.164.250:43725, b5916a00-4678-44bb-bec6-59831e8787d7:192.168.164.250:37780] with ContainerStateMachine:uninitialized
2019-10-11 03:26:40,353 [pool-459-thread-1] INFO  server.RaftServerConfigKeys (ConfUtils.java:logGet(43)) - raft.server.rpc.timeout.min = 5s (custom)
2019-10-11 03:26:40,354 [pool-459-thread-1] INFO  server.RaftServerConfigKeys (ConfUtils.java:logGet(43)) - raft.server.rpc.timeout.max = 5200ms (custom)
2019-10-11 03:26:40,354 [pool-469-thread-1] INFO  impl.RaftServerImpl (RaftServerImpl.java:<init>(95)) - b5916a00-4678-44bb-bec6-59831e8787d7: new RaftServerImpl for group-CC0CBEF77EB7:[6a64fa26-3b78-4b78-adac-c84034f3e696:192.168.164.250:45461, adf578df-9fcd-492e-b730-432f6b8d35a3:192.168.164.250:43725, b5916a00-4678-44bb-bec6-59831e8787d7:192.168.164.250:37780] with ContainerStateMachine:uninitialized
2019-10-11 03:26:40,354 [pool-459-thread-1] INFO  server.RaftServerConfigKeys (ConfUtils.java:logGet(43)) - raft.server.rpcslowness.timeout = 120s (custom)
2019-10-11 03:26:40,354 [pool-469-thread-1] INFO  server.RaftServerConfigKeys (ConfUtils.java:logGet(43)) - raft.server.rpc.timeout.min = 5s (custom)
2019-10-11 03:26:40,354 [pool-459-thread-1] INFO  server.RaftServerConfigKeys (ConfUtils.java:logGet(43)) - raft.server.sleep.deviation.threshold = 300 (default)
2019-10-11 03:26:40,354 [pool-469-thread-1] INFO  server.RaftServerConfigKeys (ConfUtils.java:logGet(43)) - raft.server.rpc.timeout.max = 5200ms (custom)
2019-10-11 03:26:40,354 [pool-439-thread-1] INFO  impl.RaftServerImpl (RaftServerImpl.java:<init>(95)) - 6a64fa26-3b78-4b78-adac-c84034f3e696: new RaftServerImpl for group-CC0CBEF77EB7:[6a64fa26-3b78-4b78-adac-c84034f3e696:192.168.164.250:45461, adf578df-9fcd-492e-b730-432f6b8d35a3:192.168.164.250:43725, b5916a00-4678-44bb-bec6-59831e8787d7:192.168.164.250:37780] with ContainerStateMachine:uninitialized
2019-10-11 03:26:40,354 [pool-459-thread-1] INFO  server.RaftServerConfigKeys (ConfUtils.java:logGet(43)) - raft.server.log.appender.install.snapshot.enabled = false (custom)
2019-10-11 03:26:40,354 [pool-439-thread-1] INFO  server.RaftServerConfigKeys (ConfUtils.java:logGet(43)) - raft.server.rpc.timeout.min = 5s (custom)
2019-10-11 03:26:40,354 [pool-469-thread-1] INFO  server.RaftServerConfigKeys (ConfUtils.java:logGet(43)) - raft.server.rpcslowness.timeout = 120s (custom)
2019-10-11 03:26:40,354 [pool-439-thread-1] INFO  server.RaftServerConfigKeys (ConfUtils.java:logGet(43)) - raft.server.rpc.timeout.max = 5200ms (custom)
2019-10-11 03:26:40,354 [pool-459-thread-1] INFO  impl.RaftServerImpl (ServerState.java:<init>(103)) - adf578df-9fcd-492e-b730-432f6b8d35a3@group-CC0CBEF77EB7: ConfigurationManager, init=-1: [6a64fa26-3b78-4b78-adac-c84034f3e696:192.168.164.250:45461, adf578df-9fcd-492e-b730-432f6b8d35a3:192.168.164.250:43725, b5916a00-4678-44bb-bec6-59831e8787d7:192.168.164.250:37780], old=null, confs=<EMPTY_MAP>
2019-10-11 03:26:40,354 [pool-439-thread-1] INFO  server.RaftServerConfigKeys (ConfUtils.java:logGet(43)) - raft.server.rpcslowness.timeout = 120s (custom)
2019-10-11 03:26:40,355 [pool-459-thread-1] INFO  server.RaftServerConfigKeys (ConfUtils.java:logGet(43)) - raft.server.storage.dir = [/workdir/hadoop-ozone/integration-test/target/test-dir/MiniOzoneClusterImpl-fc6dcb28-33a0-4875-b9f0-4cef493e9258/datanode-5/data/ratis] (custom)
2019-10-11 03:26:40,354 [pool-469-thread-1] INFO  server.RaftServerConfigKeys (ConfUtils.java:logGet(43)) - raft.server.sleep.deviation.threshold = 300 (default)
2019-10-11 03:26:40,355 [pool-439-thread-1] INFO  server.RaftServerConfigKeys (ConfUtils.java:logGet(43)) - raft.server.sleep.deviation.threshold = 300 (default)
2019-10-11 03:26:40,355 [pool-469-thread-1] INFO  server.RaftServerConfigKeys (ConfUtils.java:logGet(43)) - raft.server.log.appender.install.snapshot.enabled = false (custom)
2019-10-11 03:26:40,355 [pool-459-thread-1] INFO  server.RaftServerConfigKeys (ConfUtils.java:logGet(43)) - raft.server.log.corruption.policy = EXCEPTION (default)
2019-10-11 03:26:40,355 [pool-439-thread-1] INFO  server.RaftServerConfigKeys (ConfUtils.java:logGet(43)) - raft.server.log.appender.install.snapshot.enabled = false (custom)
2019-10-11 03:26:40,355 [pool-469-thread-1] INFO  impl.RaftServerImpl (ServerState.java:<init>(103)) - b5916a00-4678-44bb-bec6-59831e8787d7@group-CC0CBEF77EB7: ConfigurationManager, init=-1: [6a64fa26-3b78-4b78-adac-c84034f3e696:192.168.164.250:45461, adf578df-9fcd-492e-b730-432f6b8d35a3:192.168.164.250:43725, b5916a00-4678-44bb-bec6-59831e8787d7:192.168.164.250:37780], old=null, confs=<EMPTY_MAP>
2019-10-11 03:26:40,355 [pool-439-thread-1] INFO  impl.RaftServerImpl (ServerState.java:<init>(103)) - 6a64fa26-3b78-4b78-adac-c84034f3e696@group-CC0CBEF77EB7: ConfigurationManager, init=-1: [6a64fa26-3b78-4b78-adac-c84034f3e696:192.168.164.250:45461, adf578df-9fcd-492e-b730-432f6b8d35a3:192.168.164.250:43725, b5916a00-4678-44bb-bec6-59831e8787d7:192.168.164.250:37780], old=null, confs=<EMPTY_MAP>
2019-10-11 03:26:40,355 [pool-459-thread-1] INFO  storage.RaftStorageDirectory (RaftStorageDirectory.java:analyzeStorage(246)) - The storage directory /workdir/hadoop-ozone/integration-test/target/test-dir/MiniOzoneClusterImpl-fc6dcb28-33a0-4875-b9f0-4cef493e9258/datanode-5/data/ratis/522adc9a-4905-4b0a-90ed-cc0cbef77eb7 does not exist. Creating ...
2019-10-11 03:26:40,355 [pool-439-thread-1] INFO  server.RaftServerConfigKeys (ConfUtils.java:logGet(43)) - raft.server.storage.dir = [/workdir/hadoop-ozone/integration-test/target/test-dir/MiniOzoneClusterImpl-fc6dcb28-33a0-4875-b9f0-4cef493e9258/datanode-3/data/ratis] (custom)
2019-10-11 03:26:40,355 [pool-469-thread-1] INFO  server.RaftServerConfigKeys (ConfUtils.java:logGet(43)) - raft.server.storage.dir = [/workdir/hadoop-ozone/integration-test/target/test-dir/MiniOzoneClusterImpl-fc6dcb28-33a0-4875-b9f0-4cef493e9258/datanode-6/data/ratis] (custom)
2019-10-11 03:26:40,355 [pool-439-thread-1] INFO  server.RaftServerConfigKeys (ConfUtils.java:logGet(43)) - raft.server.log.corruption.policy = EXCEPTION (default)
2019-10-11 03:26:40,355 [pool-469-thread-1] INFO  server.RaftServerConfigKeys (ConfUtils.java:logGet(43)) - raft.server.log.corruption.policy = EXCEPTION (default)
2019-10-11 03:26:40,356 [pool-439-thread-1] INFO  storage.RaftStorageDirectory (RaftStorageDirectory.java:analyzeStorage(246)) - The storage directory /workdir/hadoop-ozone/integration-test/target/test-dir/MiniOzoneClusterImpl-fc6dcb28-33a0-4875-b9f0-4cef493e9258/datanode-3/data/ratis/522adc9a-4905-4b0a-90ed-cc0cbef77eb7 does not exist. Creating ...
2019-10-11 03:26:40,356 [pool-469-thread-1] INFO  storage.RaftStorageDirectory (RaftStorageDirectory.java:analyzeStorage(246)) - The storage directory /workdir/hadoop-ozone/integration-test/target/test-dir/MiniOzoneClusterImpl-fc6dcb28-33a0-4875-b9f0-4cef493e9258/datanode-6/data/ratis/522adc9a-4905-4b0a-90ed-cc0cbef77eb7 does not exist. Creating ...
2019-10-11 03:26:40,378 [pool-459-thread-1] INFO  storage.RaftStorageDirectory (RaftStorageDirectory.java:tryLock(328)) - Lock on /workdir/hadoop-ozone/integration-test/target/test-dir/MiniOzoneClusterImpl-fc6dcb28-33a0-4875-b9f0-4cef493e9258/datanode-5/data/ratis/522adc9a-4905-4b0a-90ed-cc0cbef77eb7/in_use.lock acquired by nodename 31474@pr-hdds-2181-fvjjj-1641646571
2019-10-11 03:26:40,378 [pool-439-thread-1] INFO  storage.RaftStorageDirectory (RaftStorageDirectory.java:tryLock(328)) - Lock on /workdir/hadoop-ozone/integration-test/target/test-dir/MiniOzoneClusterImpl-fc6dcb28-33a0-4875-b9f0-4cef493e9258/datanode-3/data/ratis/522adc9a-4905-4b0a-90ed-cc0cbef77eb7/in_use.lock acquired by nodename 31474@pr-hdds-2181-fvjjj-1641646571
2019-10-11 03:26:40,378 [pool-469-thread-1] INFO  storage.RaftStorageDirectory (RaftStorageDirectory.java:tryLock(328)) - Lock on /workdir/hadoop-ozone/integration-test/target/test-dir/MiniOzoneClusterImpl-fc6dcb28-33a0-4875-b9f0-4cef493e9258/datanode-6/data/ratis/522adc9a-4905-4b0a-90ed-cc0cbef77eb7/in_use.lock acquired by nodename 31474@pr-hdds-2181-fvjjj-1641646571
2019-10-11 03:26:40,403 [pool-459-thread-1] INFO  storage.RaftStorage (RaftStorage.java:format(84)) - Storage directory /workdir/hadoop-ozone/integration-test/target/test-dir/MiniOzoneClusterImpl-fc6dcb28-33a0-4875-b9f0-4cef493e9258/datanode-5/data/ratis/522adc9a-4905-4b0a-90ed-cc0cbef77eb7 has been successfully formatted.
2019-10-11 03:26:40,403 [pool-439-thread-1] INFO  storage.RaftStorage (RaftStorage.java:format(84)) - Storage directory /workdir/hadoop-ozone/integration-test/target/test-dir/MiniOzoneClusterImpl-fc6dcb28-33a0-4875-b9f0-4cef493e9258/datanode-3/data/ratis/522adc9a-4905-4b0a-90ed-cc0cbef77eb7 has been successfully formatted.
2019-10-11 03:26:40,403 [pool-469-thread-1] INFO  storage.RaftStorage (RaftStorage.java:format(84)) - Storage directory /workdir/hadoop-ozone/integration-test/target/test-dir/MiniOzoneClusterImpl-fc6dcb28-33a0-4875-b9f0-4cef493e9258/datanode-6/data/ratis/522adc9a-4905-4b0a-90ed-cc0cbef77eb7 has been successfully formatted.
2019-10-11 03:26:40,403 [pool-459-thread-1] INFO  ratis.ContainerStateMachine (ContainerStateMachine.java:loadSnapshot(231)) - group-CC0CBEF77EB7: The snapshot info is null. Setting the last applied indexto:(t:0, i:~)
2019-10-11 03:26:40,404 [pool-469-thread-1] INFO  ratis.ContainerStateMachine (ContainerStateMachine.java:loadSnapshot(231)) - group-CC0CBEF77EB7: The snapshot info is null. Setting the last applied indexto:(t:0, i:~)
2019-10-11 03:26:40,404 [pool-439-thread-1] INFO  ratis.ContainerStateMachine (ContainerStateMachine.java:loadSnapshot(231)) - group-CC0CBEF77EB7: The snapshot info is null. Setting the last applied indexto:(t:0, i:~)
2019-10-11 03:26:40,404 [pool-469-thread-1] INFO  server.RaftServerConfigKeys (ConfUtils.java:logGet(43)) - raft.server.notification.no-leader.timeout = 120s (custom)
2019-10-11 03:26:40,404 [pool-459-thread-1] INFO  server.RaftServerConfigKeys (ConfUtils.java:logGet(43)) - raft.server.notification.no-leader.timeout = 120s (custom)
2019-10-11 03:26:40,404 [pool-469-thread-1] INFO  server.RaftServerConfigKeys (ConfUtils.java:logGet(43)) - raft.server.log.use.memory = false (default)
2019-10-11 03:26:40,404 [pool-439-thread-1] INFO  server.RaftServerConfigKeys (ConfUtils.java:logGet(43)) - raft.server.notification.no-leader.timeout = 120s (custom)
2019-10-11 03:26:40,405 [pool-469-thread-1] INFO  server.RaftServerConfigKeys (ConfUtils.java:logGet(43)) - raft.server.log.purge.gap = 1000000 (custom)
2019-10-11 03:26:40,404 [pool-459-thread-1] INFO  server.RaftServerConfigKeys (ConfUtils.java:logGet(43)) - raft.server.log.use.memory = false (default)
2019-10-11 03:26:40,405 [pool-469-thread-1] INFO  server.RaftServerConfigKeys (ConfUtils.java:logGet(43)) - raft.server.log.appender.buffer.byte-limit = 33554432 (custom)
2019-10-11 03:26:40,405 [pool-439-thread-1] INFO  server.RaftServerConfigKeys (ConfUtils.java:logGet(43)) - raft.server.log.use.memory = false (default)
2019-10-11 03:26:40,405 [pool-469-thread-1] INFO  server.RaftServerConfigKeys (ConfUtils.java:logGet(43)) - raft.server.log.segment.size.max = 1048576 (custom)
2019-10-11 03:26:40,405 [pool-459-thread-1] INFO  server.RaftServerConfigKeys (ConfUtils.java:logGet(43)) - raft.server.log.purge.gap = 1000000 (custom)
2019-10-11 03:26:40,406 [pool-469-thread-1] INFO  server.RaftServerConfigKeys (ConfUtils.java:logGet(43)) - raft.server.log.segment.cache.num.max = 2 (custom)
2019-10-11 03:26:40,406 [pool-439-thread-1] INFO  server.RaftServerConfigKeys (ConfUtils.java:logGet(43)) - raft.server.log.purge.gap = 1000000 (custom)
2019-10-11 03:26:40,406 [pool-469-thread-1] INFO  segmented.SegmentedRaftLogWorker (SegmentedRaftLogWorker.java:<init>(173)) - new b5916a00-4678-44bb-bec6-59831e8787d7@group-CC0CBEF77EB7-SegmentedRaftLogWorker for RaftStorage:Storage Directory /workdir/hadoop-ozone/integration-test/target/test-dir/MiniOzoneClusterImpl-fc6dcb28-33a0-4875-b9f0-4cef493e9258/datanode-6/data/ratis/522adc9a-4905-4b0a-90ed-cc0cbef77eb7
2019-10-11 03:26:40,406 [pool-459-thread-1] INFO  server.RaftServerConfigKeys (ConfUtils.java:logGet(43)) - raft.server.log.appender.buffer.byte-limit = 33554432 (custom)
2019-10-11 03:26:40,406 [pool-469-thread-1] INFO  server.RaftServerConfigKeys (ConfUtils.java:logGet(43)) - raft.server.log.queue.byte-limit = 2147483647 (custom)
2019-10-11 03:26:40,406 [pool-439-thread-1] INFO  server.RaftServerConfigKeys (ConfUtils.java:logGet(43)) - raft.server.log.appender.buffer.byte-limit = 33554432 (custom)
2019-10-11 03:26:40,407 [pool-469-thread-1] INFO  server.RaftServerConfigKeys (ConfUtils.java:logGet(43)) - raft.server.log.queue.element-limit = 1024 (custom)
2019-10-11 03:26:40,407 [pool-459-thread-1] INFO  server.RaftServerConfigKeys (ConfUtils.java:logGet(43)) - raft.server.log.segment.size.max = 1048576 (custom)
2019-10-11 03:26:40,407 [pool-469-thread-1] INFO  server.RaftServerConfigKeys (ConfUtils.java:logGet(43)) - raft.server.log.segment.size.max = 1048576 (custom)
2019-10-11 03:26:40,407 [pool-439-thread-1] INFO  server.RaftServerConfigKeys (ConfUtils.java:logGet(43)) - raft.server.log.segment.size.max = 1048576 (custom)
2019-10-11 03:26:40,407 [pool-469-thread-1] INFO  server.RaftServerConfigKeys (ConfUtils.java:logGet(43)) - raft.server.log.preallocated.size = 16384 (custom)
2019-10-11 03:26:40,407 [pool-459-thread-1] INFO  server.RaftServerConfigKeys (ConfUtils.java:logGet(43)) - raft.server.log.segment.cache.num.max = 2 (custom)
2019-10-11 03:26:40,408 [pool-469-thread-1] INFO  server.RaftServerConfigKeys (ConfUtils.java:logGet(43)) - raft.server.log.write.buffer.size = 33554432 (custom)
2019-10-11 03:26:40,408 [pool-469-thread-1] INFO  server.RaftServerConfigKeys (ConfUtils.java:logGet(43)) - raft.server.log.force.sync.num = 128 (default)
2019-10-11 03:26:40,408 [pool-439-thread-1] INFO  server.RaftServerConfigKeys (ConfUtils.java:logGet(43)) - raft.server.log.segment.cache.num.max = 2 (custom)
2019-10-11 03:26:40,408 [pool-469-thread-1] INFO  server.RaftServerConfigKeys (ConfUtils.java:logGet(43)) - raft.server.log.statemachine.data.sync = true (default)
2019-10-11 03:26:40,408 [pool-459-thread-1] INFO  segmented.SegmentedRaftLogWorker (SegmentedRaftLogWorker.java:<init>(173)) - new adf578df-9fcd-492e-b730-432f6b8d35a3@group-CC0CBEF77EB7-SegmentedRaftLogWorker for RaftStorage:Storage Directory /workdir/hadoop-ozone/integration-test/target/test-dir/MiniOzoneClusterImpl-fc6dcb28-33a0-4875-b9f0-4cef493e9258/datanode-5/data/ratis/522adc9a-4905-4b0a-90ed-cc0cbef77eb7
2019-10-11 03:26:40,409 [pool-469-thread-1] INFO  server.RaftServerConfigKeys (ConfUtils.java:logGet(43)) - raft.server.log.statemachine.data.sync.timeout = 10s (default)
2019-10-11 03:26:40,408 [pool-439-thread-1] INFO  segmented.SegmentedRaftLogWorker (SegmentedRaftLogWorker.java:<init>(173)) - new 6a64fa26-3b78-4b78-adac-c84034f3e696@group-CC0CBEF77EB7-SegmentedRaftLogWorker for RaftStorage:Storage Directory /workdir/hadoop-ozone/integration-test/target/test-dir/MiniOzoneClusterImpl-fc6dcb28-33a0-4875-b9f0-4cef493e9258/datanode-3/data/ratis/522adc9a-4905-4b0a-90ed-cc0cbef77eb7
2019-10-11 03:26:40,409 [pool-469-thread-1] INFO  server.RaftServerConfigKeys (ConfUtils.java:logGet(43)) - raft.server.log.statemachine.data.sync.timeout.retry = -1 (default)
2019-10-11 03:26:40,409 [pool-459-thread-1] INFO  server.RaftServerConfigKeys (ConfUtils.java:logGet(43)) - raft.server.log.queue.byte-limit = 2147483647 (custom)
2019-10-11 03:26:40,409 [pool-469-thread-1] INFO  server.RaftServerConfigKeys (ConfUtils.java:logGet(43)) - raft.server.log.statemachine.data.caching.enabled = true (custom)
2019-10-11 03:26:40,409 [pool-439-thread-1] INFO  server.RaftServerConfigKeys (ConfUtils.java:logGet(43)) - raft.server.log.queue.byte-limit = 2147483647 (custom)
2019-10-11 03:26:40,409 [pool-459-thread-1] INFO  server.RaftServerConfigKeys (ConfUtils.java:logGet(43)) - raft.server.log.queue.element-limit = 1024 (custom)
2019-10-11 03:26:40,410 [pool-469-thread-1] INFO  segmented.SegmentedRaftLogWorker (SegmentedRaftLogWorker.java:lambda$new$0(128)) - b5916a00-4678-44bb-bec6-59831e8787d7@group-CC0CBEF77EB7-SegmentedRaftLogWorker: flushIndex: setUnconditionally 0 -> -1
2019-10-11 03:26:40,410 [pool-439-thread-1] INFO  server.RaftServerConfigKeys (ConfUtils.java:logGet(43)) - raft.server.log.queue.element-limit = 1024 (custom)
2019-10-11 03:26:40,410 [pool-459-thread-1] INFO  server.RaftServerConfigKeys (ConfUtils.java:logGet(43)) - raft.server.log.segment.size.max = 1048576 (custom)
2019-10-11 03:26:40,410 [pool-469-thread-1] INFO  server.RaftServerConfigKeys (ConfUtils.java:logGet(43)) - raft.server.snapshot.auto.trigger.enabled = true (custom)
2019-10-11 03:26:40,411 [pool-469-thread-1] INFO  server.RaftServerConfigKeys (ConfUtils.java:logGet(43)) - raft.server.snapshot.auto.trigger.threshold = 10000 (custom)
2019-10-11 03:26:40,410 [pool-439-thread-1] INFO  server.RaftServerConfigKeys (ConfUtils.java:logGet(43)) - raft.server.log.segment.size.max = 1048576 (custom)
2019-10-11 03:26:40,411 [pool-469-thread-1] INFO  server.RaftServerConfigKeys (ConfUtils.java:logGet(43)) - raft.server.snapshot.retention.file.num = 5 (custom)
2019-10-11 03:26:40,410 [pool-459-thread-1] INFO  server.RaftServerConfigKeys (ConfUtils.java:logGet(43)) - raft.server.log.preallocated.size = 16384 (custom)
2019-10-11 03:26:40,411 [pool-469-thread-1] INFO  server.RaftServerConfigKeys (ConfUtils.java:logGet(43)) - raft.server.retrycache.expirytime = 600000ms (custom)
2019-10-11 03:26:40,411 [pool-439-thread-1] INFO  server.RaftServerConfigKeys (ConfUtils.java:logGet(43)) - raft.server.log.preallocated.size = 16384 (custom)
2019-10-11 03:26:40,411 [pool-459-thread-1] INFO  server.RaftServerConfigKeys (ConfUtils.java:logGet(43)) - raft.server.log.write.buffer.size = 33554432 (custom)
2019-10-11 03:26:40,412 [pool-439-thread-1] INFO  server.RaftServerConfigKeys (ConfUtils.java:logGet(43)) - raft.server.log.write.buffer.size = 33554432 (custom)
2019-10-11 03:26:40,412 [pool-459-thread-1] INFO  server.RaftServerConfigKeys (ConfUtils.java:logGet(43)) - raft.server.log.force.sync.num = 128 (default)
2019-10-11 03:26:40,412 [pool-439-thread-1] INFO  server.RaftServerConfigKeys (ConfUtils.java:logGet(43)) - raft.server.log.force.sync.num = 128 (default)
2019-10-11 03:26:40,412 [pool-459-thread-1] INFO  server.RaftServerConfigKeys (ConfUtils.java:logGet(43)) - raft.server.log.statemachine.data.sync = true (default)
2019-10-11 03:26:40,412 [pool-439-thread-1] INFO  server.RaftServerConfigKeys (ConfUtils.java:logGet(43)) - raft.server.log.statemachine.data.sync = true (default)
2019-10-11 03:26:40,412 [pool-459-thread-1] INFO  server.RaftServerConfigKeys (ConfUtils.java:logGet(43)) - raft.server.log.statemachine.data.sync.timeout = 10s (default)
2019-10-11 03:26:40,413 [pool-439-thread-1] INFO  server.RaftServerConfigKeys (ConfUtils.java:logGet(43)) - raft.server.log.statemachine.data.sync.timeout = 10s (default)
2019-10-11 03:26:40,413 [pool-459-thread-1] INFO  server.RaftServerConfigKeys (ConfUtils.java:logGet(43)) - raft.server.log.statemachine.data.sync.timeout.retry = -1 (default)
2019-10-11 03:26:40,413 [pool-439-thread-1] INFO  server.RaftServerConfigKeys (ConfUtils.java:logGet(43)) - raft.server.log.statemachine.data.sync.timeout.retry = -1 (default)
2019-10-11 03:26:40,413 [pool-459-thread-1] INFO  server.RaftServerConfigKeys (ConfUtils.java:logGet(43)) - raft.server.log.statemachine.data.caching.enabled = true (custom)
2019-10-11 03:26:40,413 [pool-439-thread-1] INFO  server.RaftServerConfigKeys (ConfUtils.java:logGet(43)) - raft.server.log.statemachine.data.caching.enabled = true (custom)
2019-10-11 03:26:40,413 [pool-469-thread-1] INFO  impl.RaftServerImpl (RaftServerImpl.java:start(181)) - b5916a00-4678-44bb-bec6-59831e8787d7@group-CC0CBEF77EB7: start as a follower, conf=-1: [6a64fa26-3b78-4b78-adac-c84034f3e696:192.168.164.250:45461, adf578df-9fcd-492e-b730-432f6b8d35a3:192.168.164.250:43725, b5916a00-4678-44bb-bec6-59831e8787d7:192.168.164.250:37780], old=null
2019-10-11 03:26:40,414 [pool-459-thread-1] INFO  segmented.SegmentedRaftLogWorker (SegmentedRaftLogWorker.java:lambda$new$0(128)) - adf578df-9fcd-492e-b730-432f6b8d35a3@group-CC0CBEF77EB7-SegmentedRaftLogWorker: flushIndex: setUnconditionally 0 -> -1
2019-10-11 03:26:40,414 [pool-469-thread-1] INFO  impl.RaftServerImpl (RaftServerImpl.java:setRole(170)) - b5916a00-4678-44bb-bec6-59831e8787d7@group-CC0CBEF77EB7: changes role from      null to FOLLOWER at term 0 for startAsFollower
2019-10-11 03:26:40,414 [pool-439-thread-1] INFO  segmented.SegmentedRaftLogWorker (SegmentedRaftLogWorker.java:lambda$new$0(128)) - 6a64fa26-3b78-4b78-adac-c84034f3e696@group-CC0CBEF77EB7-SegmentedRaftLogWorker: flushIndex: setUnconditionally 0 -> -1
2019-10-11 03:26:40,414 [pool-459-thread-1] INFO  server.RaftServerConfigKeys (ConfUtils.java:logGet(43)) - raft.server.snapshot.auto.trigger.enabled = true (custom)
2019-10-11 03:26:40,414 [pool-469-thread-1] INFO  impl.RoleInfo (RoleInfo.java:updateAndGet(143)) - b5916a00-4678-44bb-bec6-59831e8787d7: start FollowerState
2019-10-11 03:26:40,414 [pool-439-thread-1] INFO  server.RaftServerConfigKeys (ConfUtils.java:logGet(43)) - raft.server.snapshot.auto.trigger.enabled = true (custom)
2019-10-11 03:26:40,414 [pool-459-thread-1] INFO  server.RaftServerConfigKeys (ConfUtils.java:logGet(43)) - raft.server.snapshot.auto.trigger.threshold = 10000 (custom)
2019-10-11 03:26:40,415 [pool-469-thread-1] INFO  util.JmxRegister (JmxRegister.java:tryRegister(44)) - Successfully registered JMX Bean with object name Ratis:service=RaftServer,group=group-CC0CBEF77EB7,id=b5916a00-4678-44bb-bec6-59831e8787d7
2019-10-11 03:26:40,415 [pool-439-thread-1] INFO  server.RaftServerConfigKeys (ConfUtils.java:logGet(43)) - raft.server.snapshot.auto.trigger.threshold = 10000 (custom)
2019-10-11 03:26:40,415 [pool-459-thread-1] INFO  server.RaftServerConfigKeys (ConfUtils.java:logGet(43)) - raft.server.snapshot.retention.file.num = 5 (custom)
2019-10-11 03:26:40,415 [pool-439-thread-1] INFO  server.RaftServerConfigKeys (ConfUtils.java:logGet(43)) - raft.server.snapshot.retention.file.num = 5 (custom)
2019-10-11 03:26:40,415 [pool-459-thread-1] INFO  server.RaftServerConfigKeys (ConfUtils.java:logGet(43)) - raft.server.retrycache.expirytime = 600000ms (custom)
2019-10-11 03:26:40,415 [pool-439-thread-1] INFO  server.RaftServerConfigKeys (ConfUtils.java:logGet(43)) - raft.server.retrycache.expirytime = 600000ms (custom)
2019-10-11 03:26:40,418 [pool-459-thread-1] INFO  impl.RaftServerImpl (RaftServerImpl.java:start(181)) - adf578df-9fcd-492e-b730-432f6b8d35a3@group-CC0CBEF77EB7: start as a follower, conf=-1: [6a64fa26-3b78-4b78-adac-c84034f3e696:192.168.164.250:45461, adf578df-9fcd-492e-b730-432f6b8d35a3:192.168.164.250:43725, b5916a00-4678-44bb-bec6-59831e8787d7:192.168.164.250:37780], old=null
2019-10-11 03:26:40,419 [pool-459-thread-1] INFO  impl.RaftServerImpl (RaftServerImpl.java:setRole(170)) - adf578df-9fcd-492e-b730-432f6b8d35a3@group-CC0CBEF77EB7: changes role from      null to FOLLOWER at term 0 for startAsFollower
2019-10-11 03:26:40,419 [pool-439-thread-1] INFO  impl.RaftServerImpl (RaftServerImpl.java:start(181)) - 6a64fa26-3b78-4b78-adac-c84034f3e696@group-CC0CBEF77EB7: start as a follower, conf=-1: [6a64fa26-3b78-4b78-adac-c84034f3e696:192.168.164.250:45461, adf578df-9fcd-492e-b730-432f6b8d35a3:192.168.164.250:43725, b5916a00-4678-44bb-bec6-59831e8787d7:192.168.164.250:37780], old=null
2019-10-11 03:26:40,419 [pool-459-thread-1] INFO  impl.RoleInfo (RoleInfo.java:updateAndGet(143)) - adf578df-9fcd-492e-b730-432f6b8d35a3: start FollowerState
2019-10-11 03:26:40,419 [pool-439-thread-1] INFO  impl.RaftServerImpl (RaftServerImpl.java:setRole(170)) - 6a64fa26-3b78-4b78-adac-c84034f3e696@group-CC0CBEF77EB7: changes role from      null to FOLLOWER at term 0 for startAsFollower
2019-10-11 03:26:40,419 [pool-439-thread-1] INFO  impl.RoleInfo (RoleInfo.java:updateAndGet(143)) - 6a64fa26-3b78-4b78-adac-c84034f3e696: start FollowerState
2019-10-11 03:26:40,419 [pool-459-thread-1] INFO  util.JmxRegister (JmxRegister.java:tryRegister(44)) - Successfully registered JMX Bean with object name Ratis:service=RaftServer,group=group-CC0CBEF77EB7,id=adf578df-9fcd-492e-b730-432f6b8d35a3
2019-10-11 03:26:40,420 [pool-439-thread-1] INFO  util.JmxRegister (JmxRegister.java:tryRegister(44)) - Successfully registered JMX Bean with object name Ratis:service=RaftServer,group=group-CC0CBEF77EB7,id=6a64fa26-3b78-4b78-adac-c84034f3e696
2019-10-11 03:26:40,425 [RatisPipelineUtilsThread] INFO  pipeline.PipelineStateManager (PipelineStateManager.java:addPipeline(56)) - Created pipeline Pipeline[ Id: 522adc9a-4905-4b0a-90ed-cc0cbef77eb7, Nodes: b5916a00-4678-44bb-bec6-59831e8787d7{ip: 192.168.164.250, host: pr-hdds-2181-fvjjj-1641646571, networkLocation: /default-rack, certSerialId: null}adf578df-9fcd-492e-b730-432f6b8d35a3{ip: 192.168.164.250, host: pr-hdds-2181-fvjjj-1641646571, networkLocation: /default-rack, certSerialId: null}6a64fa26-3b78-4b78-adac-c84034f3e696{ip: 192.168.164.250, host: pr-hdds-2181-fvjjj-1641646571, networkLocation: /default-rack, certSerialId: null}, Type:RATIS, Factor:THREE, State:OPEN]
2019-10-11 03:26:41,030 [main] INFO  ozone.MiniOzoneClusterImpl (MiniOzoneClusterImpl.java:lambda$waitForClusterToBeReady$0(147)) - Cluster is ready. Got 7 of 7 DN Heartbeats.
2019-10-11 03:26:41,088 [main] INFO  rpc.RpcClient (RpcClient.java:createVolume(277)) - Creating Volume: testblockoutputstream, with jenkins1000 as owner.
2019-10-11 03:26:41,094 [IPC Server handler 1 on 43426] INFO  volume.OMVolumeCreateRequest (OMVolumeCreateRequest.java:validateAndUpdateCache(193)) - created volume:testblockoutputstream for user:jenkins1000
2019-10-11 03:26:41,110 [main] INFO  rpc.RpcClient (RpcClient.java:createBucket(416)) - Creating Bucket: testblockoutputstream/testblockoutputstream, with Versioning false and Storage Type set to DISK and Encryption set to false 
2019-10-11 03:26:42,673 [Thread-3054] INFO  container.ReplicationManager (ReplicationManager.java:start(162)) - Starting Replication Monitor Thread.
2019-10-11 03:26:42,677 [ReplicationMonitor] INFO  container.ReplicationManager (ReplicationManager.java:run(225)) - Replication Monitor Thread took 0 milliseconds for processing 1 containers.
2019-10-11 03:26:44,838 [Thread-3056] INFO  impl.FollowerState (FollowerState.java:run(108)) - 7f2a13cb-5d59-47e3-8c3b-526bd99d7c0a@group-89116F93DA2B-FollowerState: change to CANDIDATE, lastRpcTime:5074ms, electionTimeout:5074ms
2019-10-11 03:26:44,838 [Thread-3056] INFO  impl.RoleInfo (RoleInfo.java:shutdownFollowerState(121)) - 7f2a13cb-5d59-47e3-8c3b-526bd99d7c0a: shutdown FollowerState
2019-10-11 03:26:44,838 [Thread-3056] INFO  impl.RaftServerImpl (RaftServerImpl.java:setRole(170)) - 7f2a13cb-5d59-47e3-8c3b-526bd99d7c0a@group-89116F93DA2B: changes role from  FOLLOWER to CANDIDATE at term 0 for changeToCandidate
2019-10-11 03:26:44,838 [Thread-3056] INFO  impl.RoleInfo (RoleInfo.java:updateAndGet(143)) - 7f2a13cb-5d59-47e3-8c3b-526bd99d7c0a: start LeaderElection
2019-10-11 03:26:44,885 [7f2a13cb-5d59-47e3-8c3b-526bd99d7c0a@group-89116F93DA2B-LeaderElection69] INFO  impl.LeaderElection (LeaderElection.java:askForVotes(178)) - 7f2a13cb-5d59-47e3-8c3b-526bd99d7c0a@group-89116F93DA2B-LeaderElection69: begin an election at term 1 for -1: [7f2a13cb-5d59-47e3-8c3b-526bd99d7c0a:192.168.164.250:35044], old=null
2019-10-11 03:26:44,885 [7f2a13cb-5d59-47e3-8c3b-526bd99d7c0a@group-89116F93DA2B-LeaderElection69] INFO  impl.RoleInfo (RoleInfo.java:shutdownLeaderElection(134)) - 7f2a13cb-5d59-47e3-8c3b-526bd99d7c0a: shutdown LeaderElection
2019-10-11 03:26:44,885 [7f2a13cb-5d59-47e3-8c3b-526bd99d7c0a@group-89116F93DA2B-LeaderElection69] INFO  impl.RaftServerImpl (RaftServerImpl.java:setRole(170)) - 7f2a13cb-5d59-47e3-8c3b-526bd99d7c0a@group-89116F93DA2B: changes role from CANDIDATE to LEADER at term 1 for changeToLeader
2019-10-11 03:26:44,885 [7f2a13cb-5d59-47e3-8c3b-526bd99d7c0a@group-89116F93DA2B-LeaderElection69] INFO  impl.RaftServerImpl (ServerState.java:setLeader(255)) - 7f2a13cb-5d59-47e3-8c3b-526bd99d7c0a@group-89116F93DA2B: change Leader from null to 7f2a13cb-5d59-47e3-8c3b-526bd99d7c0a at term 1 for becomeLeader, leader elected after 5131ms
2019-10-11 03:26:44,885 [7f2a13cb-5d59-47e3-8c3b-526bd99d7c0a@group-89116F93DA2B-LeaderElection69] INFO  server.RaftServerConfigKeys (ConfUtils.java:logGet(43)) - raft.server.staging.catchup.gap = 1000 (default)
2019-10-11 03:26:44,886 [7f2a13cb-5d59-47e3-8c3b-526bd99d7c0a@group-89116F93DA2B-LeaderElection69] INFO  server.RaftServerConfigKeys (ConfUtils.java:logGet(43)) - raft.server.rpc.sleep.time = 25ms (default)
2019-10-11 03:26:44,886 [7f2a13cb-5d59-47e3-8c3b-526bd99d7c0a@group-89116F93DA2B-LeaderElection69] INFO  server.RaftServerConfigKeys (ConfUtils.java:logGet(43)) - raft.server.write.element-limit = 4096 (default)
2019-10-11 03:26:44,886 [7f2a13cb-5d59-47e3-8c3b-526bd99d7c0a@group-89116F93DA2B-LeaderElection69] INFO  server.RaftServerConfigKeys (ConfUtils.java:logGet(43)) - raft.server.watch.timeout = 10s (default)
2019-10-11 03:26:44,886 [7f2a13cb-5d59-47e3-8c3b-526bd99d7c0a@group-89116F93DA2B-LeaderElection69] INFO  server.RaftServerConfigKeys (ConfUtils.java:logGet(43)) - raft.server.watch.timeout.denomination = 1s (default)
2019-10-11 03:26:44,886 [7f2a13cb-5d59-47e3-8c3b-526bd99d7c0a@group-89116F93DA2B-LeaderElection69] INFO  server.RaftServerConfigKeys (ConfUtils.java:logGet(43)) - raft.server.watch.element-limit = 65536 (default)
2019-10-11 03:26:44,888 [7f2a13cb-5d59-47e3-8c3b-526bd99d7c0a@group-89116F93DA2B-LeaderElection69] INFO  impl.RoleInfo (RoleInfo.java:updateAndGet(143)) - 7f2a13cb-5d59-47e3-8c3b-526bd99d7c0a: start LeaderState
2019-10-11 03:26:44,888 [7f2a13cb-5d59-47e3-8c3b-526bd99d7c0a@group-89116F93DA2B-LeaderElection69] INFO  segmented.SegmentedRaftLogWorker (SegmentedRaftLogWorker.java:startLogSegment(385)) - 7f2a13cb-5d59-47e3-8c3b-526bd99d7c0a@group-89116F93DA2B-SegmentedRaftLogWorker: Starting segment from index:0
2019-10-11 03:26:44,889 [7f2a13cb-5d59-47e3-8c3b-526bd99d7c0a@group-89116F93DA2B-LeaderElection69] INFO  impl.RaftServerImpl (ServerState.java:setRaftConf(356)) - 7f2a13cb-5d59-47e3-8c3b-526bd99d7c0a@group-89116F93DA2B: set configuration 0: [7f2a13cb-5d59-47e3-8c3b-526bd99d7c0a:192.168.164.250:35044], old=null at 0
2019-10-11 03:26:44,947 [7f2a13cb-5d59-47e3-8c3b-526bd99d7c0a@group-89116F93DA2B-SegmentedRaftLogWorker] INFO  segmented.SegmentedRaftLogWorker (SegmentedRaftLogWorker.java:execute(574)) - 7f2a13cb-5d59-47e3-8c3b-526bd99d7c0a@group-89116F93DA2B-SegmentedRaftLogWorker: created new log segment /workdir/hadoop-ozone/integration-test/target/test-dir/MiniOzoneClusterImpl-fc6dcb28-33a0-4875-b9f0-4cef493e9258/datanode-0/data/ratis/023f207a-358a-4a59-9eec-89116f93da2b/current/log_inprogress_0
2019-10-11 03:26:44,956 [Thread-3059] INFO  impl.FollowerState (FollowerState.java:run(108)) - 632ef2d3-f6b6-4032-ba6a-967bd3e1777d@group-971A872BE40A-FollowerState: change to CANDIDATE, lastRpcTime:5121ms, electionTimeout:5121ms
2019-10-11 03:26:44,956 [Thread-3059] INFO  impl.RoleInfo (RoleInfo.java:shutdownFollowerState(121)) - 632ef2d3-f6b6-4032-ba6a-967bd3e1777d: shutdown FollowerState
2019-10-11 03:26:44,956 [Thread-3059] INFO  impl.RaftServerImpl (RaftServerImpl.java:setRole(170)) - 632ef2d3-f6b6-4032-ba6a-967bd3e1777d@group-971A872BE40A: changes role from  FOLLOWER to CANDIDATE at term 0 for changeToCandidate
2019-10-11 03:26:44,956 [Thread-3059] INFO  impl.RoleInfo (RoleInfo.java:updateAndGet(143)) - 632ef2d3-f6b6-4032-ba6a-967bd3e1777d: start LeaderElection
2019-10-11 03:26:44,967 [Thread-3062] INFO  impl.FollowerState (FollowerState.java:run(108)) - 82fc8aa5-1a19-4d4d-ac9f-24e83c36f9bf@group-979DFDE5967E-FollowerState: change to CANDIDATE, lastRpcTime:5061ms, electionTimeout:5061ms
2019-10-11 03:26:44,967 [Thread-3062] INFO  impl.RoleInfo (RoleInfo.java:shutdownFollowerState(121)) - 82fc8aa5-1a19-4d4d-ac9f-24e83c36f9bf: shutdown FollowerState
2019-10-11 03:26:44,967 [Thread-3062] INFO  impl.RaftServerImpl (RaftServerImpl.java:setRole(170)) - 82fc8aa5-1a19-4d4d-ac9f-24e83c36f9bf@group-979DFDE5967E: changes role from  FOLLOWER to CANDIDATE at term 0 for changeToCandidate
2019-10-11 03:26:44,967 [Thread-3062] INFO  impl.RoleInfo (RoleInfo.java:updateAndGet(143)) - 82fc8aa5-1a19-4d4d-ac9f-24e83c36f9bf: start LeaderElection
2019-10-11 03:26:44,987 [632ef2d3-f6b6-4032-ba6a-967bd3e1777d@group-971A872BE40A-LeaderElection70] INFO  impl.LeaderElection (LeaderElection.java:askForVotes(178)) - 632ef2d3-f6b6-4032-ba6a-967bd3e1777d@group-971A872BE40A-LeaderElection70: begin an election at term 1 for -1: [632ef2d3-f6b6-4032-ba6a-967bd3e1777d:192.168.164.250:44789], old=null
2019-10-11 03:26:44,987 [82fc8aa5-1a19-4d4d-ac9f-24e83c36f9bf@group-979DFDE5967E-LeaderElection71] INFO  impl.LeaderElection (LeaderElection.java:askForVotes(178)) - 82fc8aa5-1a19-4d4d-ac9f-24e83c36f9bf@group-979DFDE5967E-LeaderElection71: begin an election at term 1 for -1: [82fc8aa5-1a19-4d4d-ac9f-24e83c36f9bf:192.168.164.250:34489], old=null
2019-10-11 03:26:44,987 [632ef2d3-f6b6-4032-ba6a-967bd3e1777d@group-971A872BE40A-LeaderElection70] INFO  impl.RoleInfo (RoleInfo.java:shutdownLeaderElection(134)) - 632ef2d3-f6b6-4032-ba6a-967bd3e1777d: shutdown LeaderElection
2019-10-11 03:26:44,987 [82fc8aa5-1a19-4d4d-ac9f-24e83c36f9bf@group-979DFDE5967E-LeaderElection71] INFO  impl.RoleInfo (RoleInfo.java:shutdownLeaderElection(134)) - 82fc8aa5-1a19-4d4d-ac9f-24e83c36f9bf: shutdown LeaderElection
2019-10-11 03:26:44,988 [632ef2d3-f6b6-4032-ba6a-967bd3e1777d@group-971A872BE40A-LeaderElection70] INFO  impl.RaftServerImpl (RaftServerImpl.java:setRole(170)) - 632ef2d3-f6b6-4032-ba6a-967bd3e1777d@group-971A872BE40A: changes role from CANDIDATE to LEADER at term 1 for changeToLeader
2019-10-11 03:26:44,988 [82fc8aa5-1a19-4d4d-ac9f-24e83c36f9bf@group-979DFDE5967E-LeaderElection71] INFO  impl.RaftServerImpl (RaftServerImpl.java:setRole(170)) - 82fc8aa5-1a19-4d4d-ac9f-24e83c36f9bf@group-979DFDE5967E: changes role from CANDIDATE to LEADER at term 1 for changeToLeader
2019-10-11 03:26:44,988 [82fc8aa5-1a19-4d4d-ac9f-24e83c36f9bf@group-979DFDE5967E-LeaderElection71] INFO  impl.RaftServerImpl (ServerState.java:setLeader(255)) - 82fc8aa5-1a19-4d4d-ac9f-24e83c36f9bf@group-979DFDE5967E: change Leader from null to 82fc8aa5-1a19-4d4d-ac9f-24e83c36f9bf at term 1 for becomeLeader, leader elected after 5090ms
2019-10-11 03:26:44,988 [82fc8aa5-1a19-4d4d-ac9f-24e83c36f9bf@group-979DFDE5967E-LeaderElection71] INFO  server.RaftServerConfigKeys (ConfUtils.java:logGet(43)) - raft.server.staging.catchup.gap = 1000 (default)
2019-10-11 03:26:44,989 [82fc8aa5-1a19-4d4d-ac9f-24e83c36f9bf@group-979DFDE5967E-LeaderElection71] INFO  server.RaftServerConfigKeys (ConfUtils.java:logGet(43)) - raft.server.rpc.sleep.time = 25ms (default)
2019-10-11 03:26:44,989 [82fc8aa5-1a19-4d4d-ac9f-24e83c36f9bf@group-979DFDE5967E-LeaderElection71] INFO  server.RaftServerConfigKeys (ConfUtils.java:logGet(43)) - raft.server.write.element-limit = 4096 (default)
2019-10-11 03:26:44,989 [82fc8aa5-1a19-4d4d-ac9f-24e83c36f9bf@group-979DFDE5967E-LeaderElection71] INFO  server.RaftServerConfigKeys (ConfUtils.java:logGet(43)) - raft.server.watch.timeout = 10s (default)
2019-10-11 03:26:44,989 [82fc8aa5-1a19-4d4d-ac9f-24e83c36f9bf@group-979DFDE5967E-LeaderElection71] INFO  server.RaftServerConfigKeys (ConfUtils.java:logGet(43)) - raft.server.watch.timeout.denomination = 1s (default)
2019-10-11 03:26:44,990 [82fc8aa5-1a19-4d4d-ac9f-24e83c36f9bf@group-979DFDE5967E-LeaderElection71] INFO  server.RaftServerConfigKeys (ConfUtils.java:logGet(43)) - raft.server.watch.element-limit = 65536 (default)
2019-10-11 03:26:44,988 [632ef2d3-f6b6-4032-ba6a-967bd3e1777d@group-971A872BE40A-LeaderElection70] INFO  impl.RaftServerImpl (ServerState.java:setLeader(255)) - 632ef2d3-f6b6-4032-ba6a-967bd3e1777d@group-971A872BE40A: change Leader from null to 632ef2d3-f6b6-4032-ba6a-967bd3e1777d at term 1 for becomeLeader, leader elected after 5160ms
2019-10-11 03:26:44,991 [632ef2d3-f6b6-4032-ba6a-967bd3e1777d@group-971A872BE40A-LeaderElection70] INFO  server.RaftServerConfigKeys (ConfUtils.java:logGet(43)) - raft.server.staging.catchup.gap = 1000 (default)
2019-10-11 03:26:44,992 [632ef2d3-f6b6-4032-ba6a-967bd3e1777d@group-971A872BE40A-LeaderElection70] INFO  server.RaftServerConfigKeys (ConfUtils.java:logGet(43)) - raft.server.rpc.sleep.time = 25ms (default)
2019-10-11 03:26:44,992 [632ef2d3-f6b6-4032-ba6a-967bd3e1777d@group-971A872BE40A-LeaderElection70] INFO  server.RaftServerConfigKeys (ConfUtils.java:logGet(43)) - raft.server.write.element-limit = 4096 (default)
2019-10-11 03:26:44,992 [632ef2d3-f6b6-4032-ba6a-967bd3e1777d@group-971A872BE40A-LeaderElection70] INFO  server.RaftServerConfigKeys (ConfUtils.java:logGet(43)) - raft.server.watch.timeout = 10s (default)
2019-10-11 03:26:44,992 [632ef2d3-f6b6-4032-ba6a-967bd3e1777d@group-971A872BE40A-LeaderElection70] INFO  server.RaftServerConfigKeys (ConfUtils.java:logGet(43)) - raft.server.watch.timeout.denomination = 1s (default)
2019-10-11 03:26:44,992 [632ef2d3-f6b6-4032-ba6a-967bd3e1777d@group-971A872BE40A-LeaderElection70] INFO  server.RaftServerConfigKeys (ConfUtils.java:logGet(43)) - raft.server.watch.element-limit = 65536 (default)
2019-10-11 03:26:44,992 [82fc8aa5-1a19-4d4d-ac9f-24e83c36f9bf@group-979DFDE5967E-LeaderElection71] INFO  impl.RoleInfo (RoleInfo.java:updateAndGet(143)) - 82fc8aa5-1a19-4d4d-ac9f-24e83c36f9bf: start LeaderState
2019-10-11 03:26:44,993 [82fc8aa5-1a19-4d4d-ac9f-24e83c36f9bf@group-979DFDE5967E-LeaderElection71] INFO  segmented.SegmentedRaftLogWorker (SegmentedRaftLogWorker.java:startLogSegment(385)) - 82fc8aa5-1a19-4d4d-ac9f-24e83c36f9bf@group-979DFDE5967E-SegmentedRaftLogWorker: Starting segment from index:0
2019-10-11 03:26:45,002 [632ef2d3-f6b6-4032-ba6a-967bd3e1777d@group-971A872BE40A-LeaderElection70] INFO  impl.RoleInfo (RoleInfo.java:updateAndGet(143)) - 632ef2d3-f6b6-4032-ba6a-967bd3e1777d: start LeaderState
2019-10-11 03:26:45,002 [632ef2d3-f6b6-4032-ba6a-967bd3e1777d@group-971A872BE40A-LeaderElection70] INFO  segmented.SegmentedRaftLogWorker (SegmentedRaftLogWorker.java:startLogSegment(385)) - 632ef2d3-f6b6-4032-ba6a-967bd3e1777d@group-971A872BE40A-SegmentedRaftLogWorker: Starting segment from index:0
2019-10-11 03:26:45,003 [82fc8aa5-1a19-4d4d-ac9f-24e83c36f9bf@group-979DFDE5967E-LeaderElection71] INFO  impl.RaftServerImpl (ServerState.java:setRaftConf(356)) - 82fc8aa5-1a19-4d4d-ac9f-24e83c36f9bf@group-979DFDE5967E: set configuration 0: [82fc8aa5-1a19-4d4d-ac9f-24e83c36f9bf:192.168.164.250:34489], old=null at 0
2019-10-11 03:26:45,003 [632ef2d3-f6b6-4032-ba6a-967bd3e1777d@group-971A872BE40A-LeaderElection70] INFO  impl.RaftServerImpl (ServerState.java:setRaftConf(356)) - 632ef2d3-f6b6-4032-ba6a-967bd3e1777d@group-971A872BE40A: set configuration 0: [632ef2d3-f6b6-4032-ba6a-967bd3e1777d:192.168.164.250:44789], old=null at 0
2019-10-11 03:26:45,063 [632ef2d3-f6b6-4032-ba6a-967bd3e1777d@group-971A872BE40A-SegmentedRaftLogWorker] INFO  segmented.SegmentedRaftLogWorker (SegmentedRaftLogWorker.java:execute(574)) - 632ef2d3-f6b6-4032-ba6a-967bd3e1777d@group-971A872BE40A-SegmentedRaftLogWorker: created new log segment /workdir/hadoop-ozone/integration-test/target/test-dir/MiniOzoneClusterImpl-fc6dcb28-33a0-4875-b9f0-4cef493e9258/datanode-1/data/ratis/eb1fd8fe-6214-4420-bf9d-971a872be40a/current/log_inprogress_0
2019-10-11 03:26:45,063 [82fc8aa5-1a19-4d4d-ac9f-24e83c36f9bf@group-979DFDE5967E-SegmentedRaftLogWorker] INFO  segmented.SegmentedRaftLogWorker (SegmentedRaftLogWorker.java:execute(574)) - 82fc8aa5-1a19-4d4d-ac9f-24e83c36f9bf@group-979DFDE5967E-SegmentedRaftLogWorker: created new log segment /workdir/hadoop-ozone/integration-test/target/test-dir/MiniOzoneClusterImpl-fc6dcb28-33a0-4875-b9f0-4cef493e9258/datanode-2/data/ratis/b0572e02-602a-42a7-9160-979dfde5967e/current/log_inprogress_0
2019-10-11 03:26:45,159 [Thread-3065] INFO  impl.FollowerState (FollowerState.java:run(108)) - 8df26319-7b85-4a99-b7cd-52a4b6b20098@group-26DA36255653-FollowerState: change to CANDIDATE, lastRpcTime:5175ms, electionTimeout:5175ms
2019-10-11 03:26:45,159 [Thread-3065] INFO  impl.RoleInfo (RoleInfo.java:shutdownFollowerState(121)) - 8df26319-7b85-4a99-b7cd-52a4b6b20098: shutdown FollowerState
2019-10-11 03:26:45,159 [Thread-3065] INFO  impl.RaftServerImpl (RaftServerImpl.java:setRole(170)) - 8df26319-7b85-4a99-b7cd-52a4b6b20098@group-26DA36255653: changes role from  FOLLOWER to CANDIDATE at term 0 for changeToCandidate
2019-10-11 03:26:45,159 [Thread-3065] INFO  impl.RoleInfo (RoleInfo.java:updateAndGet(143)) - 8df26319-7b85-4a99-b7cd-52a4b6b20098: start LeaderElection
2019-10-11 03:26:45,204 [8df26319-7b85-4a99-b7cd-52a4b6b20098@group-26DA36255653-LeaderElection72] INFO  impl.LeaderElection (LeaderElection.java:askForVotes(178)) - 8df26319-7b85-4a99-b7cd-52a4b6b20098@group-26DA36255653-LeaderElection72: begin an election at term 1 for -1: [8df26319-7b85-4a99-b7cd-52a4b6b20098:192.168.164.250:34348], old=null
2019-10-11 03:26:45,204 [8df26319-7b85-4a99-b7cd-52a4b6b20098@group-26DA36255653-LeaderElection72] INFO  impl.RoleInfo (RoleInfo.java:shutdownLeaderElection(134)) - 8df26319-7b85-4a99-b7cd-52a4b6b20098: shutdown LeaderElection
2019-10-11 03:26:45,204 [8df26319-7b85-4a99-b7cd-52a4b6b20098@group-26DA36255653-LeaderElection72] INFO  impl.RaftServerImpl (RaftServerImpl.java:setRole(170)) - 8df26319-7b85-4a99-b7cd-52a4b6b20098@group-26DA36255653: changes role from CANDIDATE to LEADER at term 1 for changeToLeader
2019-10-11 03:26:45,204 [8df26319-7b85-4a99-b7cd-52a4b6b20098@group-26DA36255653-LeaderElection72] INFO  impl.RaftServerImpl (ServerState.java:setLeader(255)) - 8df26319-7b85-4a99-b7cd-52a4b6b20098@group-26DA36255653: change Leader from null to 8df26319-7b85-4a99-b7cd-52a4b6b20098 at term 1 for becomeLeader, leader elected after 5230ms
2019-10-11 03:26:45,205 [8df26319-7b85-4a99-b7cd-52a4b6b20098@group-26DA36255653-LeaderElection72] INFO  server.RaftServerConfigKeys (ConfUtils.java:logGet(43)) - raft.server.staging.catchup.gap = 1000 (default)
2019-10-11 03:26:45,205 [8df26319-7b85-4a99-b7cd-52a4b6b20098@group-26DA36255653-LeaderElection72] INFO  server.RaftServerConfigKeys (ConfUtils.java:logGet(43)) - raft.server.rpc.sleep.time = 25ms (default)
2019-10-11 03:26:45,205 [8df26319-7b85-4a99-b7cd-52a4b6b20098@group-26DA36255653-LeaderElection72] INFO  server.RaftServerConfigKeys (ConfUtils.java:logGet(43)) - raft.server.write.element-limit = 4096 (default)
2019-10-11 03:26:45,205 [8df26319-7b85-4a99-b7cd-52a4b6b20098@group-26DA36255653-LeaderElection72] INFO  server.RaftServerConfigKeys (ConfUtils.java:logGet(43)) - raft.server.watch.timeout = 10s (default)
2019-10-11 03:26:45,205 [8df26319-7b85-4a99-b7cd-52a4b6b20098@group-26DA36255653-LeaderElection72] INFO  server.RaftServerConfigKeys (ConfUtils.java:logGet(43)) - raft.server.watch.timeout.denomination = 1s (default)
2019-10-11 03:26:45,205 [8df26319-7b85-4a99-b7cd-52a4b6b20098@group-26DA36255653-LeaderElection72] INFO  server.RaftServerConfigKeys (ConfUtils.java:logGet(43)) - raft.server.watch.element-limit = 65536 (default)
2019-10-11 03:26:45,207 [8df26319-7b85-4a99-b7cd-52a4b6b20098@group-26DA36255653-LeaderElection72] INFO  impl.RoleInfo (RoleInfo.java:updateAndGet(143)) - 8df26319-7b85-4a99-b7cd-52a4b6b20098: start LeaderState
2019-10-11 03:26:45,208 [8df26319-7b85-4a99-b7cd-52a4b6b20098@group-26DA36255653-LeaderElection72] INFO  segmented.SegmentedRaftLogWorker (SegmentedRaftLogWorker.java:startLogSegment(385)) - 8df26319-7b85-4a99-b7cd-52a4b6b20098@group-26DA36255653-SegmentedRaftLogWorker: Starting segment from index:0
2019-10-11 03:26:45,208 [8df26319-7b85-4a99-b7cd-52a4b6b20098@group-26DA36255653-LeaderElection72] INFO  impl.RaftServerImpl (ServerState.java:setRaftConf(356)) - 8df26319-7b85-4a99-b7cd-52a4b6b20098@group-26DA36255653: set configuration 0: [8df26319-7b85-4a99-b7cd-52a4b6b20098:192.168.164.250:34348], old=null at 0
2019-10-11 03:26:45,266 [8df26319-7b85-4a99-b7cd-52a4b6b20098@group-26DA36255653-SegmentedRaftLogWorker] INFO  segmented.SegmentedRaftLogWorker (SegmentedRaftLogWorker.java:execute(574)) - 8df26319-7b85-4a99-b7cd-52a4b6b20098@group-26DA36255653-SegmentedRaftLogWorker: created new log segment /workdir/hadoop-ozone/integration-test/target/test-dir/MiniOzoneClusterImpl-fc6dcb28-33a0-4875-b9f0-4cef493e9258/datanode-4/data/ratis/0ab74420-f21d-4e5c-a12b-26da36255653/current/log_inprogress_0
2019-10-11 03:26:45,267 [Thread-3071] INFO  impl.FollowerState (FollowerState.java:run(108)) - b5916a00-4678-44bb-bec6-59831e8787d7@group-BB874AE5B79C-FollowerState: change to CANDIDATE, lastRpcTime:5093ms, electionTimeout:5093ms
2019-10-11 03:26:45,267 [Thread-3071] INFO  impl.RoleInfo (RoleInfo.java:shutdownFollowerState(121)) - b5916a00-4678-44bb-bec6-59831e8787d7: shutdown FollowerState
2019-10-11 03:26:45,268 [Thread-3071] INFO  impl.RaftServerImpl (RaftServerImpl.java:setRole(170)) - b5916a00-4678-44bb-bec6-59831e8787d7@group-BB874AE5B79C: changes role from  FOLLOWER to CANDIDATE at term 0 for changeToCandidate
2019-10-11 03:26:45,268 [Thread-3071] INFO  impl.RoleInfo (RoleInfo.java:updateAndGet(143)) - b5916a00-4678-44bb-bec6-59831e8787d7: start LeaderElection
2019-10-11 03:26:45,283 [Thread-3068] INFO  impl.FollowerState (FollowerState.java:run(108)) - adf578df-9fcd-492e-b730-432f6b8d35a3@group-E71D40BB2B24-FollowerState: change to CANDIDATE, lastRpcTime:5182ms, electionTimeout:5182ms
2019-10-11 03:26:45,283 [Thread-3068] INFO  impl.RoleInfo (RoleInfo.java:shutdownFollowerState(121)) - adf578df-9fcd-492e-b730-432f6b8d35a3: shutdown FollowerState
2019-10-11 03:26:45,283 [Thread-3068] INFO  impl.RaftServerImpl (RaftServerImpl.java:setRole(170)) - adf578df-9fcd-492e-b730-432f6b8d35a3@group-E71D40BB2B24: changes role from  FOLLOWER to CANDIDATE at term 0 for changeToCandidate
2019-10-11 03:26:45,283 [Thread-3068] INFO  impl.RoleInfo (RoleInfo.java:updateAndGet(143)) - adf578df-9fcd-492e-b730-432f6b8d35a3: start LeaderElection
2019-10-11 03:26:45,292 [b5916a00-4678-44bb-bec6-59831e8787d7@group-BB874AE5B79C-LeaderElection73] INFO  impl.LeaderElection (LeaderElection.java:askForVotes(178)) - b5916a00-4678-44bb-bec6-59831e8787d7@group-BB874AE5B79C-LeaderElection73: begin an election at term 1 for -1: [b5916a00-4678-44bb-bec6-59831e8787d7:192.168.164.250:37780], old=null
2019-10-11 03:26:45,292 [b5916a00-4678-44bb-bec6-59831e8787d7@group-BB874AE5B79C-LeaderElection73] INFO  impl.RoleInfo (RoleInfo.java:shutdownLeaderElection(134)) - b5916a00-4678-44bb-bec6-59831e8787d7: shutdown LeaderElection
2019-10-11 03:26:45,293 [b5916a00-4678-44bb-bec6-59831e8787d7@group-BB874AE5B79C-LeaderElection73] INFO  impl.RaftServerImpl (RaftServerImpl.java:setRole(170)) - b5916a00-4678-44bb-bec6-59831e8787d7@group-BB874AE5B79C: changes role from CANDIDATE to LEADER at term 1 for changeToLeader
2019-10-11 03:26:45,293 [b5916a00-4678-44bb-bec6-59831e8787d7@group-BB874AE5B79C-LeaderElection73] INFO  impl.RaftServerImpl (ServerState.java:setLeader(255)) - b5916a00-4678-44bb-bec6-59831e8787d7@group-BB874AE5B79C: change Leader from null to b5916a00-4678-44bb-bec6-59831e8787d7 at term 1 for becomeLeader, leader elected after 5125ms
2019-10-11 03:26:45,293 [b5916a00-4678-44bb-bec6-59831e8787d7@group-BB874AE5B79C-LeaderElection73] INFO  server.RaftServerConfigKeys (ConfUtils.java:logGet(43)) - raft.server.staging.catchup.gap = 1000 (default)
2019-10-11 03:26:45,293 [b5916a00-4678-44bb-bec6-59831e8787d7@group-BB874AE5B79C-LeaderElection73] INFO  server.RaftServerConfigKeys (ConfUtils.java:logGet(43)) - raft.server.rpc.sleep.time = 25ms (default)
2019-10-11 03:26:45,293 [b5916a00-4678-44bb-bec6-59831e8787d7@group-BB874AE5B79C-LeaderElection73] INFO  server.RaftServerConfigKeys (ConfUtils.java:logGet(43)) - raft.server.write.element-limit = 4096 (default)
2019-10-11 03:26:45,293 [b5916a00-4678-44bb-bec6-59831e8787d7@group-BB874AE5B79C-LeaderElection73] INFO  server.RaftServerConfigKeys (ConfUtils.java:logGet(43)) - raft.server.watch.timeout = 10s (default)
2019-10-11 03:26:45,294 [b5916a00-4678-44bb-bec6-59831e8787d7@group-BB874AE5B79C-LeaderElection73] INFO  server.RaftServerConfigKeys (ConfUtils.java:logGet(43)) - raft.server.watch.timeout.denomination = 1s (default)
2019-10-11 03:26:45,294 [b5916a00-4678-44bb-bec6-59831e8787d7@group-BB874AE5B79C-LeaderElection73] INFO  server.RaftServerConfigKeys (ConfUtils.java:logGet(43)) - raft.server.watch.element-limit = 65536 (default)
2019-10-11 03:26:45,296 [b5916a00-4678-44bb-bec6-59831e8787d7@group-BB874AE5B79C-LeaderElection73] INFO  impl.RoleInfo (RoleInfo.java:updateAndGet(143)) - b5916a00-4678-44bb-bec6-59831e8787d7: start LeaderState
2019-10-11 03:26:45,296 [b5916a00-4678-44bb-bec6-59831e8787d7@group-BB874AE5B79C-LeaderElection73] INFO  segmented.SegmentedRaftLogWorker (SegmentedRaftLogWorker.java:startLogSegment(385)) - b5916a00-4678-44bb-bec6-59831e8787d7@group-BB874AE5B79C-SegmentedRaftLogWorker: Starting segment from index:0
2019-10-11 03:26:45,296 [b5916a00-4678-44bb-bec6-59831e8787d7@group-BB874AE5B79C-LeaderElection73] INFO  impl.RaftServerImpl (ServerState.java:setRaftConf(356)) - b5916a00-4678-44bb-bec6-59831e8787d7@group-BB874AE5B79C: set configuration 0: [b5916a00-4678-44bb-bec6-59831e8787d7:192.168.164.250:37780], old=null at 0
2019-10-11 03:26:45,326 [adf578df-9fcd-492e-b730-432f6b8d35a3@group-E71D40BB2B24-LeaderElection74] INFO  impl.LeaderElection (LeaderElection.java:askForVotes(178)) - adf578df-9fcd-492e-b730-432f6b8d35a3@group-E71D40BB2B24-LeaderElection74: begin an election at term 1 for -1: [adf578df-9fcd-492e-b730-432f6b8d35a3:192.168.164.250:43725], old=null
2019-10-11 03:26:45,327 [adf578df-9fcd-492e-b730-432f6b8d35a3@group-E71D40BB2B24-LeaderElection74] INFO  impl.RoleInfo (RoleInfo.java:shutdownLeaderElection(134)) - adf578df-9fcd-492e-b730-432f6b8d35a3: shutdown LeaderElection
2019-10-11 03:26:45,327 [adf578df-9fcd-492e-b730-432f6b8d35a3@group-E71D40BB2B24-LeaderElection74] INFO  impl.RaftServerImpl (RaftServerImpl.java:setRole(170)) - adf578df-9fcd-492e-b730-432f6b8d35a3@group-E71D40BB2B24: changes role from CANDIDATE to LEADER at term 1 for changeToLeader
2019-10-11 03:26:45,327 [adf578df-9fcd-492e-b730-432f6b8d35a3@group-E71D40BB2B24-LeaderElection74] INFO  impl.RaftServerImpl (ServerState.java:setLeader(255)) - adf578df-9fcd-492e-b730-432f6b8d35a3@group-E71D40BB2B24: change Leader from null to adf578df-9fcd-492e-b730-432f6b8d35a3 at term 1 for becomeLeader, leader elected after 5235ms
2019-10-11 03:26:45,327 [adf578df-9fcd-492e-b730-432f6b8d35a3@group-E71D40BB2B24-LeaderElection74] INFO  server.RaftServerConfigKeys (ConfUtils.java:logGet(43)) - raft.server.staging.catchup.gap = 1000 (default)
2019-10-11 03:26:45,327 [adf578df-9fcd-492e-b730-432f6b8d35a3@group-E71D40BB2B24-LeaderElection74] INFO  server.RaftServerConfigKeys (ConfUtils.java:logGet(43)) - raft.server.rpc.sleep.time = 25ms (default)
2019-10-11 03:26:45,327 [adf578df-9fcd-492e-b730-432f6b8d35a3@group-E71D40BB2B24-LeaderElection74] INFO  server.RaftServerConfigKeys (ConfUtils.java:logGet(43)) - raft.server.write.element-limit = 4096 (default)
2019-10-11 03:26:45,328 [adf578df-9fcd-492e-b730-432f6b8d35a3@group-E71D40BB2B24-LeaderElection74] INFO  server.RaftServerConfigKeys (ConfUtils.java:logGet(43)) - raft.server.watch.timeout = 10s (default)
2019-10-11 03:26:45,328 [adf578df-9fcd-492e-b730-432f6b8d35a3@group-E71D40BB2B24-LeaderElection74] INFO  server.RaftServerConfigKeys (ConfUtils.java:logGet(43)) - raft.server.watch.timeout.denomination = 1s (default)
2019-10-11 03:26:45,328 [adf578df-9fcd-492e-b730-432f6b8d35a3@group-E71D40BB2B24-LeaderElection74] INFO  server.RaftServerConfigKeys (ConfUtils.java:logGet(43)) - raft.server.watch.element-limit = 65536 (default)
2019-10-11 03:26:45,329 [adf578df-9fcd-492e-b730-432f6b8d35a3@group-E71D40BB2B24-LeaderElection74] INFO  impl.RoleInfo (RoleInfo.java:updateAndGet(143)) - adf578df-9fcd-492e-b730-432f6b8d35a3: start LeaderState
2019-10-11 03:26:45,330 [adf578df-9fcd-492e-b730-432f6b8d35a3@group-E71D40BB2B24-LeaderElection74] INFO  segmented.SegmentedRaftLogWorker (SegmentedRaftLogWorker.java:startLogSegment(385)) - adf578df-9fcd-492e-b730-432f6b8d35a3@group-E71D40BB2B24-SegmentedRaftLogWorker: Starting segment from index:0
2019-10-11 03:26:45,330 [adf578df-9fcd-492e-b730-432f6b8d35a3@group-E71D40BB2B24-LeaderElection74] INFO  impl.RaftServerImpl (ServerState.java:setRaftConf(356)) - adf578df-9fcd-492e-b730-432f6b8d35a3@group-E71D40BB2B24: set configuration 0: [adf578df-9fcd-492e-b730-432f6b8d35a3:192.168.164.250:43725], old=null at 0
2019-10-11 03:26:45,347 [Thread-3080] INFO  impl.FollowerState (FollowerState.java:run(108)) - 82fc8aa5-1a19-4d4d-ac9f-24e83c36f9bf@group-33E094F07A4A-FollowerState: change to CANDIDATE, lastRpcTime:5014ms, electionTimeout:5014ms
2019-10-11 03:26:45,348 [Thread-3080] INFO  impl.RoleInfo (RoleInfo.java:shutdownFollowerState(121)) - 82fc8aa5-1a19-4d4d-ac9f-24e83c36f9bf: shutdown FollowerState
2019-10-11 03:26:45,348 [Thread-3080] INFO  impl.RaftServerImpl (RaftServerImpl.java:setRole(170)) - 82fc8aa5-1a19-4d4d-ac9f-24e83c36f9bf@group-33E094F07A4A: changes role from  FOLLOWER to CANDIDATE at term 0 for changeToCandidate
2019-10-11 03:26:45,348 [Thread-3080] INFO  impl.RoleInfo (RoleInfo.java:updateAndGet(143)) - 82fc8aa5-1a19-4d4d-ac9f-24e83c36f9bf: start LeaderElection
2019-10-11 03:26:45,361 [b5916a00-4678-44bb-bec6-59831e8787d7@group-BB874AE5B79C-SegmentedRaftLogWorker] INFO  segmented.SegmentedRaftLogWorker (SegmentedRaftLogWorker.java:execute(574)) - b5916a00-4678-44bb-bec6-59831e8787d7@group-BB874AE5B79C-SegmentedRaftLogWorker: created new log segment /workdir/hadoop-ozone/integration-test/target/test-dir/MiniOzoneClusterImpl-fc6dcb28-33a0-4875-b9f0-4cef493e9258/datanode-6/data/ratis/ceec562d-924e-434d-b1cd-bb874ae5b79c/current/log_inprogress_0
2019-10-11 03:26:45,385 [adf578df-9fcd-492e-b730-432f6b8d35a3@group-E71D40BB2B24-SegmentedRaftLogWorker] INFO  segmented.SegmentedRaftLogWorker (SegmentedRaftLogWorker.java:execute(574)) - adf578df-9fcd-492e-b730-432f6b8d35a3@group-E71D40BB2B24-SegmentedRaftLogWorker: created new log segment /workdir/hadoop-ozone/integration-test/target/test-dir/MiniOzoneClusterImpl-fc6dcb28-33a0-4875-b9f0-4cef493e9258/datanode-5/data/ratis/5a776e64-308e-499f-9d24-e71d40bb2b24/current/log_inprogress_0
2019-10-11 03:26:45,385 [82fc8aa5-1a19-4d4d-ac9f-24e83c36f9bf@group-33E094F07A4A-LeaderElection75] INFO  impl.LeaderElection (LeaderElection.java:askForVotes(178)) - 82fc8aa5-1a19-4d4d-ac9f-24e83c36f9bf@group-33E094F07A4A-LeaderElection75: begin an election at term 1 for -1: [8df26319-7b85-4a99-b7cd-52a4b6b20098:192.168.164.250:34348, 632ef2d3-f6b6-4032-ba6a-967bd3e1777d:192.168.164.250:44789, 82fc8aa5-1a19-4d4d-ac9f-24e83c36f9bf:192.168.164.250:34489], old=null
2019-10-11 03:26:45,387 [Thread-3074] INFO  impl.FollowerState (FollowerState.java:run(108)) - 6a64fa26-3b78-4b78-adac-c84034f3e696@group-C1C6F750B92A-FollowerState: change to CANDIDATE, lastRpcTime:5139ms, electionTimeout:5139ms
2019-10-11 03:26:45,387 [Thread-3074] INFO  impl.RoleInfo (RoleInfo.java:shutdownFollowerState(121)) - 6a64fa26-3b78-4b78-adac-c84034f3e696: shutdown FollowerState
2019-10-11 03:26:45,387 [Thread-3074] INFO  impl.RaftServerImpl (RaftServerImpl.java:setRole(170)) - 6a64fa26-3b78-4b78-adac-c84034f3e696@group-C1C6F750B92A: changes role from  FOLLOWER to CANDIDATE at term 0 for changeToCandidate
2019-10-11 03:26:45,388 [Thread-3074] INFO  impl.RoleInfo (RoleInfo.java:updateAndGet(143)) - 6a64fa26-3b78-4b78-adac-c84034f3e696: start LeaderElection
2019-10-11 03:26:45,393 [grpc-default-executor-6] INFO  impl.RaftServerImpl (RaftServerImpl.java:setRole(170)) - 632ef2d3-f6b6-4032-ba6a-967bd3e1777d@group-33E094F07A4A: changes role from  FOLLOWER to FOLLOWER at term 1 for recognizeCandidate:82fc8aa5-1a19-4d4d-ac9f-24e83c36f9bf
2019-10-11 03:26:45,393 [grpc-default-executor-6] INFO  impl.RoleInfo (RoleInfo.java:shutdownFollowerState(121)) - 632ef2d3-f6b6-4032-ba6a-967bd3e1777d: shutdown FollowerState
2019-10-11 03:26:45,393 [grpc-default-executor-7] INFO  impl.RaftServerImpl (RaftServerImpl.java:setRole(170)) - 8df26319-7b85-4a99-b7cd-52a4b6b20098@group-33E094F07A4A: changes role from  FOLLOWER to FOLLOWER at term 1 for recognizeCandidate:82fc8aa5-1a19-4d4d-ac9f-24e83c36f9bf
2019-10-11 03:26:45,394 [grpc-default-executor-6] INFO  impl.RoleInfo (RoleInfo.java:updateAndGet(143)) - 632ef2d3-f6b6-4032-ba6a-967bd3e1777d: start FollowerState
2019-10-11 03:26:45,394 [Thread-3082] INFO  impl.FollowerState (FollowerState.java:run(117)) - 632ef2d3-f6b6-4032-ba6a-967bd3e1777d@group-33E094F07A4A-FollowerState was interrupted: java.lang.InterruptedException: sleep interrupted
2019-10-11 03:26:45,394 [grpc-default-executor-7] INFO  impl.RoleInfo (RoleInfo.java:shutdownFollowerState(121)) - 8df26319-7b85-4a99-b7cd-52a4b6b20098: shutdown FollowerState
2019-10-11 03:26:45,396 [grpc-default-executor-7] INFO  impl.RoleInfo (RoleInfo.java:updateAndGet(143)) - 8df26319-7b85-4a99-b7cd-52a4b6b20098: start FollowerState
2019-10-11 03:26:45,396 [Thread-3077] INFO  impl.FollowerState (FollowerState.java:run(117)) - 8df26319-7b85-4a99-b7cd-52a4b6b20098@group-33E094F07A4A-FollowerState was interrupted: java.lang.InterruptedException: sleep interrupted
2019-10-11 03:26:45,411 [6a64fa26-3b78-4b78-adac-c84034f3e696@group-C1C6F750B92A-LeaderElection76] INFO  impl.LeaderElection (LeaderElection.java:askForVotes(178)) - 6a64fa26-3b78-4b78-adac-c84034f3e696@group-C1C6F750B92A-LeaderElection76: begin an election at term 1 for -1: [6a64fa26-3b78-4b78-adac-c84034f3e696:192.168.164.250:45461], old=null
2019-10-11 03:26:45,411 [6a64fa26-3b78-4b78-adac-c84034f3e696@group-C1C6F750B92A-LeaderElection76] INFO  impl.RoleInfo (RoleInfo.java:shutdownLeaderElection(134)) - 6a64fa26-3b78-4b78-adac-c84034f3e696: shutdown LeaderElection
2019-10-11 03:26:45,411 [6a64fa26-3b78-4b78-adac-c84034f3e696@group-C1C6F750B92A-LeaderElection76] INFO  impl.RaftServerImpl (RaftServerImpl.java:setRole(170)) - 6a64fa26-3b78-4b78-adac-c84034f3e696@group-C1C6F750B92A: changes role from CANDIDATE to LEADER at term 1 for changeToLeader
2019-10-11 03:26:45,411 [6a64fa26-3b78-4b78-adac-c84034f3e696@group-C1C6F750B92A-LeaderElection76] INFO  impl.RaftServerImpl (ServerState.java:setLeader(255)) - 6a64fa26-3b78-4b78-adac-c84034f3e696@group-C1C6F750B92A: change Leader from null to 6a64fa26-3b78-4b78-adac-c84034f3e696 at term 1 for becomeLeader, leader elected after 5168ms
2019-10-11 03:26:45,411 [6a64fa26-3b78-4b78-adac-c84034f3e696@group-C1C6F750B92A-LeaderElection76] INFO  server.RaftServerConfigKeys (ConfUtils.java:logGet(43)) - raft.server.staging.catchup.gap = 1000 (default)
2019-10-11 03:26:45,412 [82fc8aa5-1a19-4d4d-ac9f-24e83c36f9bf@group-33E094F07A4A-LeaderElection75] INFO  impl.LeaderElection (LeaderElection.java:logAndReturn(56)) - 82fc8aa5-1a19-4d4d-ac9f-24e83c36f9bf@group-33E094F07A4A-LeaderElection75: Election PASSED; received 1 response(s) [82fc8aa5-1a19-4d4d-ac9f-24e83c36f9bf<-632ef2d3-f6b6-4032-ba6a-967bd3e1777d#0:OK-t1] and 0 exception(s); 82fc8aa5-1a19-4d4d-ac9f-24e83c36f9bf@group-33E094F07A4A:t1, leader=null, voted=82fc8aa5-1a19-4d4d-ac9f-24e83c36f9bf, raftlog=82fc8aa5-1a19-4d4d-ac9f-24e83c36f9bf@group-33E094F07A4A-SegmentedRaftLog:OPENED:c-1,f-1,i0, conf=-1: [8df26319-7b85-4a99-b7cd-52a4b6b20098:192.168.164.250:34348, 632ef2d3-f6b6-4032-ba6a-967bd3e1777d:192.168.164.250:44789, 82fc8aa5-1a19-4d4d-ac9f-24e83c36f9bf:192.168.164.250:34489], old=null
2019-10-11 03:26:45,412 [6a64fa26-3b78-4b78-adac-c84034f3e696@group-C1C6F750B92A-LeaderElection76] INFO  server.RaftServerConfigKeys (ConfUtils.java:logGet(43)) - raft.server.rpc.sleep.time = 25ms (default)
2019-10-11 03:26:45,412 [82fc8aa5-1a19-4d4d-ac9f-24e83c36f9bf@group-33E094F07A4A-LeaderElection75] INFO  impl.RoleInfo (RoleInfo.java:shutdownLeaderElection(134)) - 82fc8aa5-1a19-4d4d-ac9f-24e83c36f9bf: shutdown LeaderElection
2019-10-11 03:26:45,414 [6a64fa26-3b78-4b78-adac-c84034f3e696@group-C1C6F750B92A-LeaderElection76] INFO  server.RaftServerConfigKeys (ConfUtils.java:logGet(43)) - raft.server.write.element-limit = 4096 (default)
2019-10-11 03:26:45,414 [82fc8aa5-1a19-4d4d-ac9f-24e83c36f9bf@group-33E094F07A4A-LeaderElection75] INFO  impl.RaftServerImpl (RaftServerImpl.java:setRole(170)) - 82fc8aa5-1a19-4d4d-ac9f-24e83c36f9bf@group-33E094F07A4A: changes role from CANDIDATE to LEADER at term 1 for changeToLeader
2019-10-11 03:26:45,414 [6a64fa26-3b78-4b78-adac-c84034f3e696@group-C1C6F750B92A-LeaderElection76] INFO  server.RaftServerConfigKeys (ConfUtils.java:logGet(43)) - raft.server.watch.timeout = 10s (default)
2019-10-11 03:26:45,414 [82fc8aa5-1a19-4d4d-ac9f-24e83c36f9bf@group-33E094F07A4A-LeaderElection75] INFO  impl.RaftServerImpl (ServerState.java:setLeader(255)) - 82fc8aa5-1a19-4d4d-ac9f-24e83c36f9bf@group-33E094F07A4A: change Leader from null to 82fc8aa5-1a19-4d4d-ac9f-24e83c36f9bf at term 1 for becomeLeader, leader elected after 5094ms
2019-10-11 03:26:45,414 [6a64fa26-3b78-4b78-adac-c84034f3e696@group-C1C6F750B92A-LeaderElection76] INFO  server.RaftServerConfigKeys (ConfUtils.java:logGet(43)) - raft.server.watch.timeout.denomination = 1s (default)
2019-10-11 03:26:45,414 [82fc8aa5-1a19-4d4d-ac9f-24e83c36f9bf@group-33E094F07A4A-LeaderElection75] INFO  server.RaftServerConfigKeys (ConfUtils.java:logGet(43)) - raft.server.staging.catchup.gap = 1000 (default)
2019-10-11 03:26:45,415 [6a64fa26-3b78-4b78-adac-c84034f3e696@group-C1C6F750B92A-LeaderElection76] INFO  server.RaftServerConfigKeys (ConfUtils.java:logGet(43)) - raft.server.watch.element-limit = 65536 (default)
2019-10-11 03:26:45,415 [82fc8aa5-1a19-4d4d-ac9f-24e83c36f9bf@group-33E094F07A4A-LeaderElection75] INFO  server.RaftServerConfigKeys (ConfUtils.java:logGet(43)) - raft.server.rpc.sleep.time = 25ms (default)
2019-10-11 03:26:45,415 [82fc8aa5-1a19-4d4d-ac9f-24e83c36f9bf@group-33E094F07A4A-LeaderElection75] INFO  server.RaftServerConfigKeys (ConfUtils.java:logGet(43)) - raft.server.write.element-limit = 4096 (default)
2019-10-11 03:26:45,415 [82fc8aa5-1a19-4d4d-ac9f-24e83c36f9bf@group-33E094F07A4A-LeaderElection75] INFO  server.RaftServerConfigKeys (ConfUtils.java:logGet(43)) - raft.server.watch.timeout = 10s (default)
2019-10-11 03:26:45,416 [82fc8aa5-1a19-4d4d-ac9f-24e83c36f9bf@group-33E094F07A4A-LeaderElection75] INFO  server.RaftServerConfigKeys (ConfUtils.java:logGet(43)) - raft.server.watch.timeout.denomination = 1s (default)
2019-10-11 03:26:45,416 [82fc8aa5-1a19-4d4d-ac9f-24e83c36f9bf@group-33E094F07A4A-LeaderElection75] INFO  server.RaftServerConfigKeys (ConfUtils.java:logGet(43)) - raft.server.watch.element-limit = 65536 (default)
2019-10-11 03:26:45,418 [6a64fa26-3b78-4b78-adac-c84034f3e696@group-C1C6F750B92A-LeaderElection76] INFO  impl.RoleInfo (RoleInfo.java:updateAndGet(143)) - 6a64fa26-3b78-4b78-adac-c84034f3e696: start LeaderState
2019-10-11 03:26:45,418 [6a64fa26-3b78-4b78-adac-c84034f3e696@group-C1C6F750B92A-LeaderElection76] INFO  segmented.SegmentedRaftLogWorker (SegmentedRaftLogWorker.java:startLogSegment(385)) - 6a64fa26-3b78-4b78-adac-c84034f3e696@group-C1C6F750B92A-SegmentedRaftLogWorker: Starting segment from index:0
2019-10-11 03:26:45,419 [82fc8aa5-1a19-4d4d-ac9f-24e83c36f9bf@group-33E094F07A4A-LeaderElection75] INFO  server.RaftServerConfigKeys (ConfUtils.java:logGet(43)) - raft.server.log.appender.snapshot.chunk.size.max = 16MB (=16777216) (default)
2019-10-11 03:26:45,419 [6a64fa26-3b78-4b78-adac-c84034f3e696@group-C1C6F750B92A-LeaderElection76] INFO  impl.RaftServerImpl (ServerState.java:setRaftConf(356)) - 6a64fa26-3b78-4b78-adac-c84034f3e696@group-C1C6F750B92A: set configuration 0: [6a64fa26-3b78-4b78-adac-c84034f3e696:192.168.164.250:45461], old=null at 0
2019-10-11 03:26:45,419 [82fc8aa5-1a19-4d4d-ac9f-24e83c36f9bf@group-33E094F07A4A-LeaderElection75] INFO  server.RaftServerConfigKeys (ConfUtils.java:logGet(43)) - raft.server.log.appender.buffer.byte-limit = 33554432 (custom)
2019-10-11 03:26:45,421 [82fc8aa5-1a19-4d4d-ac9f-24e83c36f9bf@group-33E094F07A4A-LeaderElection75] INFO  server.RaftServerConfigKeys (ConfUtils.java:logGet(43)) - raft.server.log.appender.buffer.element-limit = 1 (custom)
2019-10-11 03:26:45,421 [82fc8aa5-1a19-4d4d-ac9f-24e83c36f9bf@group-33E094F07A4A-LeaderElection75] INFO  grpc.GrpcConfigKeys$Server (ConfUtils.java:logGet(43)) - raft.grpc.server.leader.outstanding.appends.max = 128 (default)
2019-10-11 03:26:45,422 [82fc8aa5-1a19-4d4d-ac9f-24e83c36f9bf@group-33E094F07A4A-LeaderElection75] INFO  server.RaftServerConfigKeys (ConfUtils.java:logGet(43)) - raft.server.rpc.request.timeout = 3000ms (default)
2019-10-11 03:26:45,422 [82fc8aa5-1a19-4d4d-ac9f-24e83c36f9bf@group-33E094F07A4A-LeaderElection75] INFO  server.RaftServerConfigKeys (ConfUtils.java:logGet(43)) - raft.server.log.appender.install.snapshot.enabled = false (custom)
2019-10-11 03:26:45,422 [82fc8aa5-1a19-4d4d-ac9f-24e83c36f9bf@group-33E094F07A4A-LeaderElection75] INFO  server.RaftServerConfigKeys (ConfUtils.java:logGet(43)) - raft.server.log.appender.snapshot.chunk.size.max = 16MB (=16777216) (default)
2019-10-11 03:26:45,422 [82fc8aa5-1a19-4d4d-ac9f-24e83c36f9bf@group-33E094F07A4A-LeaderElection75] INFO  server.RaftServerConfigKeys (ConfUtils.java:logGet(43)) - raft.server.log.appender.buffer.byte-limit = 33554432 (custom)
2019-10-11 03:26:45,422 [82fc8aa5-1a19-4d4d-ac9f-24e83c36f9bf@group-33E094F07A4A-LeaderElection75] INFO  server.RaftServerConfigKeys (ConfUtils.java:logGet(43)) - raft.server.log.appender.buffer.element-limit = 1 (custom)
2019-10-11 03:26:45,423 [82fc8aa5-1a19-4d4d-ac9f-24e83c36f9bf@group-33E094F07A4A-LeaderElection75] INFO  grpc.GrpcConfigKeys$Server (ConfUtils.java:logGet(43)) - raft.grpc.server.leader.outstanding.appends.max = 128 (default)
2019-10-11 03:26:45,423 [82fc8aa5-1a19-4d4d-ac9f-24e83c36f9bf@group-33E094F07A4A-LeaderElection75] INFO  server.RaftServerConfigKeys (ConfUtils.java:logGet(43)) - raft.server.rpc.request.timeout = 3000ms (default)
2019-10-11 03:26:45,423 [82fc8aa5-1a19-4d4d-ac9f-24e83c36f9bf@group-33E094F07A4A-LeaderElection75] INFO  server.RaftServerConfigKeys (ConfUtils.java:logGet(43)) - raft.server.log.appender.install.snapshot.enabled = false (custom)
2019-10-11 03:26:45,423 [82fc8aa5-1a19-4d4d-ac9f-24e83c36f9bf@group-33E094F07A4A-LeaderElection75] INFO  impl.RoleInfo (RoleInfo.java:updateAndGet(143)) - 82fc8aa5-1a19-4d4d-ac9f-24e83c36f9bf: start LeaderState
2019-10-11 03:26:45,423 [82fc8aa5-1a19-4d4d-ac9f-24e83c36f9bf@group-33E094F07A4A-LeaderElection75] INFO  segmented.SegmentedRaftLogWorker (SegmentedRaftLogWorker.java:startLogSegment(385)) - 82fc8aa5-1a19-4d4d-ac9f-24e83c36f9bf@group-33E094F07A4A-SegmentedRaftLogWorker: Starting segment from index:0
2019-10-11 03:26:45,424 [82fc8aa5-1a19-4d4d-ac9f-24e83c36f9bf@group-33E094F07A4A-LeaderElection75] INFO  impl.RaftServerImpl (ServerState.java:setRaftConf(356)) - 82fc8aa5-1a19-4d4d-ac9f-24e83c36f9bf@group-33E094F07A4A: set configuration 0: [8df26319-7b85-4a99-b7cd-52a4b6b20098:192.168.164.250:34348, 632ef2d3-f6b6-4032-ba6a-967bd3e1777d:192.168.164.250:44789, 82fc8aa5-1a19-4d4d-ac9f-24e83c36f9bf:192.168.164.250:34489], old=null at 0
2019-10-11 03:26:45,425 [grpc-default-executor-6] INFO  impl.RaftServerImpl (ServerState.java:setLeader(255)) - 632ef2d3-f6b6-4032-ba6a-967bd3e1777d@group-33E094F07A4A: change Leader from null to 82fc8aa5-1a19-4d4d-ac9f-24e83c36f9bf at term 1 for appendEntries, leader elected after 5106ms
2019-10-11 03:26:45,460 [grpc-default-executor-8] INFO  impl.RaftServerImpl (ServerState.java:setLeader(255)) - 8df26319-7b85-4a99-b7cd-52a4b6b20098@group-33E094F07A4A: change Leader from null to 82fc8aa5-1a19-4d4d-ac9f-24e83c36f9bf at term 1 for appendEntries, leader elected after 5141ms
2019-10-11 03:26:45,460 [Thread-3090] INFO  impl.FollowerState (FollowerState.java:run(108)) - adf578df-9fcd-492e-b730-432f6b8d35a3@group-CC0CBEF77EB7-FollowerState: change to CANDIDATE, lastRpcTime:5041ms, electionTimeout:5015ms
2019-10-11 03:26:45,460 [Thread-3091] INFO  impl.FollowerState (FollowerState.java:run(108)) - 6a64fa26-3b78-4b78-adac-c84034f3e696@group-CC0CBEF77EB7-FollowerState: change to CANDIDATE, lastRpcTime:5040ms, electionTimeout:5019ms
2019-10-11 03:26:45,461 [Thread-3090] INFO  impl.RoleInfo (RoleInfo.java:shutdownFollowerState(121)) - adf578df-9fcd-492e-b730-432f6b8d35a3: shutdown FollowerState
2019-10-11 03:26:45,461 [Thread-3091] INFO  impl.RoleInfo (RoleInfo.java:shutdownFollowerState(121)) - 6a64fa26-3b78-4b78-adac-c84034f3e696: shutdown FollowerState
2019-10-11 03:26:45,464 [Thread-3090] INFO  impl.RaftServerImpl (RaftServerImpl.java:setRole(170)) - adf578df-9fcd-492e-b730-432f6b8d35a3@group-CC0CBEF77EB7: changes role from  FOLLOWER to CANDIDATE at term 0 for changeToCandidate
2019-10-11 03:26:45,464 [Thread-3091] INFO  impl.RaftServerImpl (RaftServerImpl.java:setRole(170)) - 6a64fa26-3b78-4b78-adac-c84034f3e696@group-CC0CBEF77EB7: changes role from  FOLLOWER to CANDIDATE at term 0 for changeToCandidate
2019-10-11 03:26:45,465 [Thread-3090] INFO  impl.RoleInfo (RoleInfo.java:updateAndGet(143)) - adf578df-9fcd-492e-b730-432f6b8d35a3: start LeaderElection
2019-10-11 03:26:45,465 [Thread-3091] INFO  impl.RoleInfo (RoleInfo.java:updateAndGet(143)) - 6a64fa26-3b78-4b78-adac-c84034f3e696: start LeaderElection
2019-10-11 03:26:45,478 [grpc-default-executor-6] INFO  impl.RaftServerImpl (ServerState.java:setRaftConf(356)) - 632ef2d3-f6b6-4032-ba6a-967bd3e1777d@group-33E094F07A4A: set configuration 0: [8df26319-7b85-4a99-b7cd-52a4b6b20098:192.168.164.250:34348, 632ef2d3-f6b6-4032-ba6a-967bd3e1777d:192.168.164.250:44789, 82fc8aa5-1a19-4d4d-ac9f-24e83c36f9bf:192.168.164.250:34489], old=null at 0
2019-10-11 03:26:45,478 [grpc-default-executor-8] INFO  impl.RaftServerImpl (ServerState.java:setRaftConf(356)) - 8df26319-7b85-4a99-b7cd-52a4b6b20098@group-33E094F07A4A: set configuration 0: [8df26319-7b85-4a99-b7cd-52a4b6b20098:192.168.164.250:34348, 632ef2d3-f6b6-4032-ba6a-967bd3e1777d:192.168.164.250:44789, 82fc8aa5-1a19-4d4d-ac9f-24e83c36f9bf:192.168.164.250:34489], old=null at 0
2019-10-11 03:26:45,478 [grpc-default-executor-6] INFO  segmented.SegmentedRaftLogWorker (SegmentedRaftLogWorker.java:startLogSegment(385)) - 632ef2d3-f6b6-4032-ba6a-967bd3e1777d@group-33E094F07A4A-SegmentedRaftLogWorker: Starting segment from index:0
2019-10-11 03:26:45,478 [grpc-default-executor-8] INFO  segmented.SegmentedRaftLogWorker (SegmentedRaftLogWorker.java:startLogSegment(385)) - 8df26319-7b85-4a99-b7cd-52a4b6b20098@group-33E094F07A4A-SegmentedRaftLogWorker: Starting segment from index:0
2019-10-11 03:26:45,487 [6a64fa26-3b78-4b78-adac-c84034f3e696@group-C1C6F750B92A-SegmentedRaftLogWorker] INFO  segmented.SegmentedRaftLogWorker (SegmentedRaftLogWorker.java:execute(574)) - 6a64fa26-3b78-4b78-adac-c84034f3e696@group-C1C6F750B92A-SegmentedRaftLogWorker: created new log segment /workdir/hadoop-ozone/integration-test/target/test-dir/MiniOzoneClusterImpl-fc6dcb28-33a0-4875-b9f0-4cef493e9258/datanode-3/data/ratis/183c672f-203e-4d79-9513-c1c6f750b92a/current/log_inprogress_0
2019-10-11 03:26:45,487 [82fc8aa5-1a19-4d4d-ac9f-24e83c36f9bf@group-33E094F07A4A-SegmentedRaftLogWorker] INFO  segmented.SegmentedRaftLogWorker (SegmentedRaftLogWorker.java:execute(574)) - 82fc8aa5-1a19-4d4d-ac9f-24e83c36f9bf@group-33E094F07A4A-SegmentedRaftLogWorker: created new log segment /workdir/hadoop-ozone/integration-test/target/test-dir/MiniOzoneClusterImpl-fc6dcb28-33a0-4875-b9f0-4cef493e9258/datanode-2/data/ratis/fcf8909a-b57c-4775-8650-33e094f07a4a/current/log_inprogress_0
2019-10-11 03:26:45,503 [Thread-3086] INFO  impl.FollowerState (FollowerState.java:run(108)) - b5916a00-4678-44bb-bec6-59831e8787d7@group-CC0CBEF77EB7-FollowerState: change to CANDIDATE, lastRpcTime:5088ms, electionTimeout:5088ms
2019-10-11 03:26:45,503 [Thread-3086] INFO  impl.RoleInfo (RoleInfo.java:shutdownFollowerState(121)) - b5916a00-4678-44bb-bec6-59831e8787d7: shutdown FollowerState
2019-10-11 03:26:45,503 [Thread-3086] INFO  impl.RaftServerImpl (RaftServerImpl.java:setRole(170)) - b5916a00-4678-44bb-bec6-59831e8787d7@group-CC0CBEF77EB7: changes role from  FOLLOWER to CANDIDATE at term 0 for changeToCandidate
2019-10-11 03:26:45,503 [Thread-3086] INFO  impl.RoleInfo (RoleInfo.java:updateAndGet(143)) - b5916a00-4678-44bb-bec6-59831e8787d7: start LeaderElection
2019-10-11 03:26:45,517 [adf578df-9fcd-492e-b730-432f6b8d35a3@group-CC0CBEF77EB7-LeaderElection77] INFO  impl.LeaderElection (LeaderElection.java:askForVotes(178)) - adf578df-9fcd-492e-b730-432f6b8d35a3@group-CC0CBEF77EB7-LeaderElection77: begin an election at term 1 for -1: [6a64fa26-3b78-4b78-adac-c84034f3e696:192.168.164.250:45461, adf578df-9fcd-492e-b730-432f6b8d35a3:192.168.164.250:43725, b5916a00-4678-44bb-bec6-59831e8787d7:192.168.164.250:37780], old=null
2019-10-11 03:26:45,517 [6a64fa26-3b78-4b78-adac-c84034f3e696@group-CC0CBEF77EB7-LeaderElection78] INFO  impl.LeaderElection (LeaderElection.java:askForVotes(178)) - 6a64fa26-3b78-4b78-adac-c84034f3e696@group-CC0CBEF77EB7-LeaderElection78: begin an election at term 1 for -1: [6a64fa26-3b78-4b78-adac-c84034f3e696:192.168.164.250:45461, adf578df-9fcd-492e-b730-432f6b8d35a3:192.168.164.250:43725, b5916a00-4678-44bb-bec6-59831e8787d7:192.168.164.250:37780], old=null
2019-10-11 03:26:45,538 [632ef2d3-f6b6-4032-ba6a-967bd3e1777d@group-33E094F07A4A-SegmentedRaftLogWorker] INFO  segmented.SegmentedRaftLogWorker (SegmentedRaftLogWorker.java:execute(574)) - 632ef2d3-f6b6-4032-ba6a-967bd3e1777d@group-33E094F07A4A-SegmentedRaftLogWorker: created new log segment /workdir/hadoop-ozone/integration-test/target/test-dir/MiniOzoneClusterImpl-fc6dcb28-33a0-4875-b9f0-4cef493e9258/datanode-1/data/ratis/fcf8909a-b57c-4775-8650-33e094f07a4a/current/log_inprogress_0
2019-10-11 03:26:45,538 [8df26319-7b85-4a99-b7cd-52a4b6b20098@group-33E094F07A4A-SegmentedRaftLogWorker] INFO  segmented.SegmentedRaftLogWorker (SegmentedRaftLogWorker.java:execute(574)) - 8df26319-7b85-4a99-b7cd-52a4b6b20098@group-33E094F07A4A-SegmentedRaftLogWorker: created new log segment /workdir/hadoop-ozone/integration-test/target/test-dir/MiniOzoneClusterImpl-fc6dcb28-33a0-4875-b9f0-4cef493e9258/datanode-4/data/ratis/fcf8909a-b57c-4775-8650-33e094f07a4a/current/log_inprogress_0
2019-10-11 03:26:45,538 [b5916a00-4678-44bb-bec6-59831e8787d7@group-CC0CBEF77EB7-LeaderElection79] INFO  impl.LeaderElection (LeaderElection.java:askForVotes(178)) - b5916a00-4678-44bb-bec6-59831e8787d7@group-CC0CBEF77EB7-LeaderElection79: begin an election at term 1 for -1: [6a64fa26-3b78-4b78-adac-c84034f3e696:192.168.164.250:45461, adf578df-9fcd-492e-b730-432f6b8d35a3:192.168.164.250:43725, b5916a00-4678-44bb-bec6-59831e8787d7:192.168.164.250:37780], old=null
2019-10-11 03:26:45,542 [6a64fa26-3b78-4b78-adac-c84034f3e696@group-CC0CBEF77EB7-LeaderElection78] INFO  impl.LeaderElection (LeaderElection.java:logAndReturn(56)) - 6a64fa26-3b78-4b78-adac-c84034f3e696@group-CC0CBEF77EB7-LeaderElection78: Election REJECTED; received 2 response(s) [6a64fa26-3b78-4b78-adac-c84034f3e696<-adf578df-9fcd-492e-b730-432f6b8d35a3#0:FAIL-t1, 6a64fa26-3b78-4b78-adac-c84034f3e696<-b5916a00-4678-44bb-bec6-59831e8787d7#0:FAIL-t1] and 0 exception(s); 6a64fa26-3b78-4b78-adac-c84034f3e696@group-CC0CBEF77EB7:t1, leader=null, voted=6a64fa26-3b78-4b78-adac-c84034f3e696, raftlog=6a64fa26-3b78-4b78-adac-c84034f3e696@group-CC0CBEF77EB7-SegmentedRaftLog:OPENED:c-1,f-1,i0, conf=-1: [6a64fa26-3b78-4b78-adac-c84034f3e696:192.168.164.250:45461, adf578df-9fcd-492e-b730-432f6b8d35a3:192.168.164.250:43725, b5916a00-4678-44bb-bec6-59831e8787d7:192.168.164.250:37780], old=null
2019-10-11 03:26:45,542 [6a64fa26-3b78-4b78-adac-c84034f3e696@group-CC0CBEF77EB7-LeaderElection78] INFO  impl.RaftServerImpl (RaftServerImpl.java:setRole(170)) - 6a64fa26-3b78-4b78-adac-c84034f3e696@group-CC0CBEF77EB7: changes role from CANDIDATE to FOLLOWER at term 1 for DISCOVERED_A_NEW_TERM
2019-10-11 03:26:45,542 [6a64fa26-3b78-4b78-adac-c84034f3e696@group-CC0CBEF77EB7-LeaderElection78] INFO  impl.RoleInfo (RoleInfo.java:shutdownLeaderElection(134)) - 6a64fa26-3b78-4b78-adac-c84034f3e696: shutdown LeaderElection
2019-10-11 03:26:45,542 [adf578df-9fcd-492e-b730-432f6b8d35a3@group-CC0CBEF77EB7-LeaderElection77] INFO  impl.LeaderElection (LeaderElection.java:logAndReturn(56)) - adf578df-9fcd-492e-b730-432f6b8d35a3@group-CC0CBEF77EB7-LeaderElection77: Election REJECTED; received 2 response(s) [adf578df-9fcd-492e-b730-432f6b8d35a3<-6a64fa26-3b78-4b78-adac-c84034f3e696#0:FAIL-t1, adf578df-9fcd-492e-b730-432f6b8d35a3<-b5916a00-4678-44bb-bec6-59831e8787d7#0:FAIL-t1] and 0 exception(s); adf578df-9fcd-492e-b730-432f6b8d35a3@group-CC0CBEF77EB7:t1, leader=null, voted=adf578df-9fcd-492e-b730-432f6b8d35a3, raftlog=adf578df-9fcd-492e-b730-432f6b8d35a3@group-CC0CBEF77EB7-SegmentedRaftLog:OPENED:c-1,f-1,i0, conf=-1: [6a64fa26-3b78-4b78-adac-c84034f3e696:192.168.164.250:45461, adf578df-9fcd-492e-b730-432f6b8d35a3:192.168.164.250:43725, b5916a00-4678-44bb-bec6-59831e8787d7:192.168.164.250:37780], old=null
2019-10-11 03:26:45,545 [6a64fa26-3b78-4b78-adac-c84034f3e696@group-CC0CBEF77EB7-LeaderElection78] INFO  impl.RoleInfo (RoleInfo.java:updateAndGet(143)) - 6a64fa26-3b78-4b78-adac-c84034f3e696: start FollowerState
2019-10-11 03:26:45,545 [adf578df-9fcd-492e-b730-432f6b8d35a3@group-CC0CBEF77EB7-LeaderElection77] INFO  impl.RaftServerImpl (RaftServerImpl.java:setRole(170)) - adf578df-9fcd-492e-b730-432f6b8d35a3@group-CC0CBEF77EB7: changes role from CANDIDATE to FOLLOWER at term 1 for DISCOVERED_A_NEW_TERM
2019-10-11 03:26:45,549 [adf578df-9fcd-492e-b730-432f6b8d35a3@group-CC0CBEF77EB7-LeaderElection77] INFO  impl.RoleInfo (RoleInfo.java:shutdownLeaderElection(134)) - adf578df-9fcd-492e-b730-432f6b8d35a3: shutdown LeaderElection
2019-10-11 03:26:45,549 [adf578df-9fcd-492e-b730-432f6b8d35a3@group-CC0CBEF77EB7-LeaderElection77] INFO  impl.RoleInfo (RoleInfo.java:updateAndGet(143)) - adf578df-9fcd-492e-b730-432f6b8d35a3: start FollowerState
2019-10-11 03:26:45,551 [b5916a00-4678-44bb-bec6-59831e8787d7@group-CC0CBEF77EB7-LeaderElection79] INFO  impl.LeaderElection (LeaderElection.java:logAndReturn(56)) - b5916a00-4678-44bb-bec6-59831e8787d7@group-CC0CBEF77EB7-LeaderElection79: Election REJECTED; received 2 response(s) [b5916a00-4678-44bb-bec6-59831e8787d7<-6a64fa26-3b78-4b78-adac-c84034f3e696#0:FAIL-t1, b5916a00-4678-44bb-bec6-59831e8787d7<-adf578df-9fcd-492e-b730-432f6b8d35a3#0:FAIL-t1] and 0 exception(s); b5916a00-4678-44bb-bec6-59831e8787d7@group-CC0CBEF77EB7:t1, leader=null, voted=b5916a00-4678-44bb-bec6-59831e8787d7, raftlog=b5916a00-4678-44bb-bec6-59831e8787d7@group-CC0CBEF77EB7-SegmentedRaftLog:OPENED:c-1,f-1,i0, conf=-1: [6a64fa26-3b78-4b78-adac-c84034f3e696:192.168.164.250:45461, adf578df-9fcd-492e-b730-432f6b8d35a3:192.168.164.250:43725, b5916a00-4678-44bb-bec6-59831e8787d7:192.168.164.250:37780], old=null
2019-10-11 03:26:45,552 [b5916a00-4678-44bb-bec6-59831e8787d7@group-CC0CBEF77EB7-LeaderElection79] INFO  impl.RaftServerImpl (RaftServerImpl.java:setRole(170)) - b5916a00-4678-44bb-bec6-59831e8787d7@group-CC0CBEF77EB7: changes role from CANDIDATE to FOLLOWER at term 1 for DISCOVERED_A_NEW_TERM
2019-10-11 03:26:45,552 [b5916a00-4678-44bb-bec6-59831e8787d7@group-CC0CBEF77EB7-LeaderElection79] INFO  impl.RoleInfo (RoleInfo.java:shutdownLeaderElection(134)) - b5916a00-4678-44bb-bec6-59831e8787d7: shutdown LeaderElection
2019-10-11 03:26:45,552 [b5916a00-4678-44bb-bec6-59831e8787d7@group-CC0CBEF77EB7-LeaderElection79] INFO  impl.RoleInfo (RoleInfo.java:updateAndGet(143)) - b5916a00-4678-44bb-bec6-59831e8787d7: start FollowerState
2019-10-11 03:26:47,396 [Datanode State Machine Thread - 0] INFO  statemachine.DatanodeStateMachine (DatanodeStateMachine.java:lambda$startDaemon$0(350)) - Ozone container server started.
2019-10-11 03:26:50,564 [Thread-3143] INFO  impl.FollowerState (FollowerState.java:run(108)) - 6a64fa26-3b78-4b78-adac-c84034f3e696@group-CC0CBEF77EB7-FollowerState: change to CANDIDATE, lastRpcTime:5018ms, electionTimeout:5018ms
2019-10-11 03:26:50,565 [Thread-3143] INFO  impl.RoleInfo (RoleInfo.java:shutdownFollowerState(121)) - 6a64fa26-3b78-4b78-adac-c84034f3e696: shutdown FollowerState
2019-10-11 03:26:50,565 [Thread-3143] INFO  impl.RaftServerImpl (RaftServerImpl.java:setRole(170)) - 6a64fa26-3b78-4b78-adac-c84034f3e696@group-CC0CBEF77EB7: changes role from  FOLLOWER to CANDIDATE at term 1 for changeToCandidate
2019-10-11 03:26:50,566 [Thread-3143] INFO  impl.RoleInfo (RoleInfo.java:updateAndGet(143)) - 6a64fa26-3b78-4b78-adac-c84034f3e696: start LeaderElection
2019-10-11 03:26:50,587 [Thread-3145] INFO  impl.FollowerState (FollowerState.java:run(108)) - b5916a00-4678-44bb-bec6-59831e8787d7@group-CC0CBEF77EB7-FollowerState: change to CANDIDATE, lastRpcTime:5034ms, electionTimeout:5034ms
2019-10-11 03:26:50,587 [Thread-3145] INFO  impl.RoleInfo (RoleInfo.java:shutdownFollowerState(121)) - b5916a00-4678-44bb-bec6-59831e8787d7: shutdown FollowerState
2019-10-11 03:26:50,587 [Thread-3145] INFO  impl.RaftServerImpl (RaftServerImpl.java:setRole(170)) - b5916a00-4678-44bb-bec6-59831e8787d7@group-CC0CBEF77EB7: changes role from  FOLLOWER to CANDIDATE at term 1 for changeToCandidate
2019-10-11 03:26:50,587 [Thread-3145] INFO  impl.RoleInfo (RoleInfo.java:updateAndGet(143)) - b5916a00-4678-44bb-bec6-59831e8787d7: start LeaderElection
2019-10-11 03:26:50,595 [6a64fa26-3b78-4b78-adac-c84034f3e696@group-CC0CBEF77EB7-LeaderElection80] INFO  impl.LeaderElection (LeaderElection.java:askForVotes(178)) - 6a64fa26-3b78-4b78-adac-c84034f3e696@group-CC0CBEF77EB7-LeaderElection80: begin an election at term 2 for -1: [6a64fa26-3b78-4b78-adac-c84034f3e696:192.168.164.250:45461, adf578df-9fcd-492e-b730-432f6b8d35a3:192.168.164.250:43725, b5916a00-4678-44bb-bec6-59831e8787d7:192.168.164.250:37780], old=null
2019-10-11 03:26:50,601 [grpc-default-executor-7] INFO  impl.RaftServerImpl (RaftServerImpl.java:setRole(170)) - adf578df-9fcd-492e-b730-432f6b8d35a3@group-CC0CBEF77EB7: changes role from  FOLLOWER to FOLLOWER at term 2 for recognizeCandidate:6a64fa26-3b78-4b78-adac-c84034f3e696
2019-10-11 03:26:50,602 [grpc-default-executor-7] INFO  impl.RoleInfo (RoleInfo.java:shutdownFollowerState(121)) - adf578df-9fcd-492e-b730-432f6b8d35a3: shutdown FollowerState
2019-10-11 03:26:50,602 [grpc-default-executor-7] INFO  impl.RoleInfo (RoleInfo.java:updateAndGet(143)) - adf578df-9fcd-492e-b730-432f6b8d35a3: start FollowerState
2019-10-11 03:26:50,602 [Thread-3144] INFO  impl.FollowerState (FollowerState.java:run(117)) - adf578df-9fcd-492e-b730-432f6b8d35a3@group-CC0CBEF77EB7-FollowerState was interrupted: java.lang.InterruptedException: sleep interrupted
2019-10-11 03:26:50,616 [b5916a00-4678-44bb-bec6-59831e8787d7@group-CC0CBEF77EB7-LeaderElection81] INFO  impl.LeaderElection (LeaderElection.java:askForVotes(178)) - b5916a00-4678-44bb-bec6-59831e8787d7@group-CC0CBEF77EB7-LeaderElection81: begin an election at term 2 for -1: [6a64fa26-3b78-4b78-adac-c84034f3e696:192.168.164.250:45461, adf578df-9fcd-492e-b730-432f6b8d35a3:192.168.164.250:43725, b5916a00-4678-44bb-bec6-59831e8787d7:192.168.164.250:37780], old=null
2019-10-11 03:26:50,618 [6a64fa26-3b78-4b78-adac-c84034f3e696@group-CC0CBEF77EB7-LeaderElection80] INFO  impl.LeaderElection (LeaderElection.java:logAndReturn(56)) - 6a64fa26-3b78-4b78-adac-c84034f3e696@group-CC0CBEF77EB7-LeaderElection80: Election PASSED; received 2 response(s) [6a64fa26-3b78-4b78-adac-c84034f3e696<-adf578df-9fcd-492e-b730-432f6b8d35a3#0:OK-t2, 6a64fa26-3b78-4b78-adac-c84034f3e696<-b5916a00-4678-44bb-bec6-59831e8787d7#0:FAIL-t2] and 0 exception(s); 6a64fa26-3b78-4b78-adac-c84034f3e696@group-CC0CBEF77EB7:t2, leader=null, voted=6a64fa26-3b78-4b78-adac-c84034f3e696, raftlog=6a64fa26-3b78-4b78-adac-c84034f3e696@group-CC0CBEF77EB7-SegmentedRaftLog:OPENED:c-1,f-1,i0, conf=-1: [6a64fa26-3b78-4b78-adac-c84034f3e696:192.168.164.250:45461, adf578df-9fcd-492e-b730-432f6b8d35a3:192.168.164.250:43725, b5916a00-4678-44bb-bec6-59831e8787d7:192.168.164.250:37780], old=null
2019-10-11 03:26:50,618 [6a64fa26-3b78-4b78-adac-c84034f3e696@group-CC0CBEF77EB7-LeaderElection80] INFO  impl.RoleInfo (RoleInfo.java:shutdownLeaderElection(134)) - 6a64fa26-3b78-4b78-adac-c84034f3e696: shutdown LeaderElection
2019-10-11 03:26:50,619 [6a64fa26-3b78-4b78-adac-c84034f3e696@group-CC0CBEF77EB7-LeaderElection80] INFO  impl.RaftServerImpl (RaftServerImpl.java:setRole(170)) - 6a64fa26-3b78-4b78-adac-c84034f3e696@group-CC0CBEF77EB7: changes role from CANDIDATE to LEADER at term 2 for changeToLeader
2019-10-11 03:26:50,619 [6a64fa26-3b78-4b78-adac-c84034f3e696@group-CC0CBEF77EB7-LeaderElection80] INFO  impl.RaftServerImpl (ServerState.java:setLeader(255)) - 6a64fa26-3b78-4b78-adac-c84034f3e696@group-CC0CBEF77EB7: change Leader from null to 6a64fa26-3b78-4b78-adac-c84034f3e696 at term 2 for becomeLeader, leader elected after 10214ms
2019-10-11 03:26:50,619 [6a64fa26-3b78-4b78-adac-c84034f3e696@group-CC0CBEF77EB7-LeaderElection80] INFO  server.RaftServerConfigKeys (ConfUtils.java:logGet(43)) - raft.server.staging.catchup.gap = 1000 (default)
2019-10-11 03:26:50,619 [6a64fa26-3b78-4b78-adac-c84034f3e696@group-CC0CBEF77EB7-LeaderElection80] INFO  server.RaftServerConfigKeys (ConfUtils.java:logGet(43)) - raft.server.rpc.sleep.time = 25ms (default)
2019-10-11 03:26:50,619 [b5916a00-4678-44bb-bec6-59831e8787d7@group-CC0CBEF77EB7-LeaderElection81] INFO  impl.LeaderElection (LeaderElection.java:logAndReturn(56)) - b5916a00-4678-44bb-bec6-59831e8787d7@group-CC0CBEF77EB7-LeaderElection81: Election REJECTED; received 2 response(s) [b5916a00-4678-44bb-bec6-59831e8787d7<-6a64fa26-3b78-4b78-adac-c84034f3e696#0:FAIL-t2, b5916a00-4678-44bb-bec6-59831e8787d7<-adf578df-9fcd-492e-b730-432f6b8d35a3#0:FAIL-t2] and 0 exception(s); b5916a00-4678-44bb-bec6-59831e8787d7@group-CC0CBEF77EB7:t2, leader=null, voted=b5916a00-4678-44bb-bec6-59831e8787d7, raftlog=b5916a00-4678-44bb-bec6-59831e8787d7@group-CC0CBEF77EB7-SegmentedRaftLog:OPENED:c-1,f-1,i0, conf=-1: [6a64fa26-3b78-4b78-adac-c84034f3e696:192.168.164.250:45461, adf578df-9fcd-492e-b730-432f6b8d35a3:192.168.164.250:43725, b5916a00-4678-44bb-bec6-59831e8787d7:192.168.164.250:37780], old=null
2019-10-11 03:26:50,621 [6a64fa26-3b78-4b78-adac-c84034f3e696@group-CC0CBEF77EB7-LeaderElection80] INFO  server.RaftServerConfigKeys (ConfUtils.java:logGet(43)) - raft.server.write.element-limit = 4096 (default)
2019-10-11 03:26:50,621 [b5916a00-4678-44bb-bec6-59831e8787d7@group-CC0CBEF77EB7-LeaderElection81] INFO  impl.RaftServerImpl (RaftServerImpl.java:setRole(170)) - b5916a00-4678-44bb-bec6-59831e8787d7@group-CC0CBEF77EB7: changes role from CANDIDATE to FOLLOWER at term 2 for DISCOVERED_A_NEW_TERM
2019-10-11 03:26:50,624 [b5916a00-4678-44bb-bec6-59831e8787d7@group-CC0CBEF77EB7-LeaderElection81] INFO  impl.RoleInfo (RoleInfo.java:shutdownLeaderElection(134)) - b5916a00-4678-44bb-bec6-59831e8787d7: shutdown LeaderElection
2019-10-11 03:26:50,624 [6a64fa26-3b78-4b78-adac-c84034f3e696@group-CC0CBEF77EB7-LeaderElection80] INFO  server.RaftServerConfigKeys (ConfUtils.java:logGet(43)) - raft.server.watch.timeout = 10s (default)
2019-10-11 03:26:50,624 [b5916a00-4678-44bb-bec6-59831e8787d7@group-CC0CBEF77EB7-LeaderElection81] INFO  impl.RoleInfo (RoleInfo.java:updateAndGet(143)) - b5916a00-4678-44bb-bec6-59831e8787d7: start FollowerState
2019-10-11 03:26:50,624 [6a64fa26-3b78-4b78-adac-c84034f3e696@group-CC0CBEF77EB7-LeaderElection80] INFO  server.RaftServerConfigKeys (ConfUtils.java:logGet(43)) - raft.server.watch.timeout.denomination = 1s (default)
2019-10-11 03:26:50,624 [6a64fa26-3b78-4b78-adac-c84034f3e696@group-CC0CBEF77EB7-LeaderElection80] INFO  server.RaftServerConfigKeys (ConfUtils.java:logGet(43)) - raft.server.watch.element-limit = 65536 (default)
2019-10-11 03:26:50,627 [6a64fa26-3b78-4b78-adac-c84034f3e696@group-CC0CBEF77EB7-LeaderElection80] INFO  server.RaftServerConfigKeys (ConfUtils.java:logGet(43)) - raft.server.log.appender.snapshot.chunk.size.max = 16MB (=16777216) (default)
2019-10-11 03:26:50,628 [6a64fa26-3b78-4b78-adac-c84034f3e696@group-CC0CBEF77EB7-LeaderElection80] INFO  server.RaftServerConfigKeys (ConfUtils.java:logGet(43)) - raft.server.log.appender.buffer.byte-limit = 33554432 (custom)
2019-10-11 03:26:50,628 [6a64fa26-3b78-4b78-adac-c84034f3e696@group-CC0CBEF77EB7-LeaderElection80] INFO  server.RaftServerConfigKeys (ConfUtils.java:logGet(43)) - raft.server.log.appender.buffer.element-limit = 1 (custom)
2019-10-11 03:26:50,628 [6a64fa26-3b78-4b78-adac-c84034f3e696@group-CC0CBEF77EB7-LeaderElection80] INFO  grpc.GrpcConfigKeys$Server (ConfUtils.java:logGet(43)) - raft.grpc.server.leader.outstanding.appends.max = 128 (default)
2019-10-11 03:26:50,628 [6a64fa26-3b78-4b78-adac-c84034f3e696@group-CC0CBEF77EB7-LeaderElection80] INFO  server.RaftServerConfigKeys (ConfUtils.java:logGet(43)) - raft.server.rpc.request.timeout = 3000ms (default)
2019-10-11 03:26:50,628 [6a64fa26-3b78-4b78-adac-c84034f3e696@group-CC0CBEF77EB7-LeaderElection80] INFO  server.RaftServerConfigKeys (ConfUtils.java:logGet(43)) - raft.server.log.appender.install.snapshot.enabled = false (custom)
2019-10-11 03:26:50,629 [6a64fa26-3b78-4b78-adac-c84034f3e696@group-CC0CBEF77EB7-LeaderElection80] INFO  server.RaftServerConfigKeys (ConfUtils.java:logGet(43)) - raft.server.log.appender.snapshot.chunk.size.max = 16MB (=16777216) (default)
2019-10-11 03:26:50,629 [6a64fa26-3b78-4b78-adac-c84034f3e696@group-CC0CBEF77EB7-LeaderElection80] INFO  server.RaftServerConfigKeys (ConfUtils.java:logGet(43)) - raft.server.log.appender.buffer.byte-limit = 33554432 (custom)
2019-10-11 03:26:50,629 [6a64fa26-3b78-4b78-adac-c84034f3e696@group-CC0CBEF77EB7-LeaderElection80] INFO  server.RaftServerConfigKeys (ConfUtils.java:logGet(43)) - raft.server.log.appender.buffer.element-limit = 1 (custom)
2019-10-11 03:26:50,629 [6a64fa26-3b78-4b78-adac-c84034f3e696@group-CC0CBEF77EB7-LeaderElection80] INFO  grpc.GrpcConfigKeys$Server (ConfUtils.java:logGet(43)) - raft.grpc.server.leader.outstanding.appends.max = 128 (default)
2019-10-11 03:26:50,629 [6a64fa26-3b78-4b78-adac-c84034f3e696@group-CC0CBEF77EB7-LeaderElection80] INFO  server.RaftServerConfigKeys (ConfUtils.java:logGet(43)) - raft.server.rpc.request.timeout = 3000ms (default)
2019-10-11 03:26:50,629 [6a64fa26-3b78-4b78-adac-c84034f3e696@group-CC0CBEF77EB7-LeaderElection80] INFO  server.RaftServerConfigKeys (ConfUtils.java:logGet(43)) - raft.server.log.appender.install.snapshot.enabled = false (custom)
2019-10-11 03:26:50,629 [6a64fa26-3b78-4b78-adac-c84034f3e696@group-CC0CBEF77EB7-LeaderElection80] INFO  impl.RoleInfo (RoleInfo.java:updateAndGet(143)) - 6a64fa26-3b78-4b78-adac-c84034f3e696: start LeaderState
2019-10-11 03:26:50,630 [6a64fa26-3b78-4b78-adac-c84034f3e696@group-CC0CBEF77EB7-LeaderElection80] INFO  segmented.SegmentedRaftLogWorker (SegmentedRaftLogWorker.java:startLogSegment(385)) - 6a64fa26-3b78-4b78-adac-c84034f3e696@group-CC0CBEF77EB7-SegmentedRaftLogWorker: Starting segment from index:0
2019-10-11 03:26:50,631 [6a64fa26-3b78-4b78-adac-c84034f3e696@group-CC0CBEF77EB7-LeaderElection80] INFO  impl.RaftServerImpl (ServerState.java:setRaftConf(356)) - 6a64fa26-3b78-4b78-adac-c84034f3e696@group-CC0CBEF77EB7: set configuration 0: [6a64fa26-3b78-4b78-adac-c84034f3e696:192.168.164.250:45461, adf578df-9fcd-492e-b730-432f6b8d35a3:192.168.164.250:43725, b5916a00-4678-44bb-bec6-59831e8787d7:192.168.164.250:37780], old=null at 0
2019-10-11 03:26:50,670 [grpc-default-executor-7] INFO  impl.RaftServerImpl (ServerState.java:setLeader(255)) - b5916a00-4678-44bb-bec6-59831e8787d7@group-CC0CBEF77EB7: change Leader from null to 6a64fa26-3b78-4b78-adac-c84034f3e696 at term 2 for appendEntries, leader elected after 10265ms
2019-10-11 03:26:50,670 [grpc-default-executor-6] INFO  impl.RaftServerImpl (ServerState.java:setLeader(255)) - adf578df-9fcd-492e-b730-432f6b8d35a3@group-CC0CBEF77EB7: change Leader from null to 6a64fa26-3b78-4b78-adac-c84034f3e696 at term 2 for appendEntries, leader elected after 10265ms
2019-10-11 03:26:50,673 [grpc-default-executor-6] INFO  impl.RaftServerImpl (ServerState.java:setRaftConf(356)) - b5916a00-4678-44bb-bec6-59831e8787d7@group-CC0CBEF77EB7: set configuration 0: [6a64fa26-3b78-4b78-adac-c84034f3e696:192.168.164.250:45461, adf578df-9fcd-492e-b730-432f6b8d35a3:192.168.164.250:43725, b5916a00-4678-44bb-bec6-59831e8787d7:192.168.164.250:37780], old=null at 0
2019-10-11 03:26:50,673 [grpc-default-executor-7] INFO  impl.RaftServerImpl (ServerState.java:setRaftConf(356)) - adf578df-9fcd-492e-b730-432f6b8d35a3@group-CC0CBEF77EB7: set configuration 0: [6a64fa26-3b78-4b78-adac-c84034f3e696:192.168.164.250:45461, adf578df-9fcd-492e-b730-432f6b8d35a3:192.168.164.250:43725, b5916a00-4678-44bb-bec6-59831e8787d7:192.168.164.250:37780], old=null at 0
2019-10-11 03:26:50,673 [grpc-default-executor-6] INFO  segmented.SegmentedRaftLogWorker (SegmentedRaftLogWorker.java:startLogSegment(385)) - b5916a00-4678-44bb-bec6-59831e8787d7@group-CC0CBEF77EB7-SegmentedRaftLogWorker: Starting segment from index:0
2019-10-11 03:26:50,674 [grpc-default-executor-7] INFO  segmented.SegmentedRaftLogWorker (SegmentedRaftLogWorker.java:startLogSegment(385)) - adf578df-9fcd-492e-b730-432f6b8d35a3@group-CC0CBEF77EB7-SegmentedRaftLogWorker: Starting segment from index:0
2019-10-11 03:26:50,690 [6a64fa26-3b78-4b78-adac-c84034f3e696@group-CC0CBEF77EB7-SegmentedRaftLogWorker] INFO  segmented.SegmentedRaftLogWorker (SegmentedRaftLogWorker.java:execute(574)) - 6a64fa26-3b78-4b78-adac-c84034f3e696@group-CC0CBEF77EB7-SegmentedRaftLogWorker: created new log segment /workdir/hadoop-ozone/integration-test/target/test-dir/MiniOzoneClusterImpl-fc6dcb28-33a0-4875-b9f0-4cef493e9258/datanode-3/data/ratis/522adc9a-4905-4b0a-90ed-cc0cbef77eb7/current/log_inprogress_0
2019-10-11 03:26:50,714 [b5916a00-4678-44bb-bec6-59831e8787d7@group-CC0CBEF77EB7-SegmentedRaftLogWorker] INFO  segmented.SegmentedRaftLogWorker (SegmentedRaftLogWorker.java:execute(574)) - b5916a00-4678-44bb-bec6-59831e8787d7@group-CC0CBEF77EB7-SegmentedRaftLogWorker: created new log segment /workdir/hadoop-ozone/integration-test/target/test-dir/MiniOzoneClusterImpl-fc6dcb28-33a0-4875-b9f0-4cef493e9258/datanode-6/data/ratis/522adc9a-4905-4b0a-90ed-cc0cbef77eb7/current/log_inprogress_0
2019-10-11 03:26:50,733 [adf578df-9fcd-492e-b730-432f6b8d35a3@group-CC0CBEF77EB7-SegmentedRaftLogWorker] INFO  segmented.SegmentedRaftLogWorker (SegmentedRaftLogWorker.java:execute(574)) - adf578df-9fcd-492e-b730-432f6b8d35a3@group-CC0CBEF77EB7-SegmentedRaftLogWorker: created new log segment /workdir/hadoop-ozone/integration-test/target/test-dir/MiniOzoneClusterImpl-fc6dcb28-33a0-4875-b9f0-4cef493e9258/datanode-5/data/ratis/522adc9a-4905-4b0a-90ed-cc0cbef77eb7/current/log_inprogress_0
2019-10-11 03:26:51,473 [EventQueue-StaleNodeForStaleNodeHandler] INFO  node.StaleNodeHandler (StaleNodeHandler.java:onMessage(58)) - Datanode 82fc8aa5-1a19-4d4d-ac9f-24e83c36f9bf{ip: 192.168.164.250, host: pr-hdds-2181-fvjjj-1641646571, networkLocation: /default-rack, certSerialId: null} moved to stale state. Finalizing its pipelines [PipelineID=fcf8909a-b57c-4775-8650-33e094f07a4a, PipelineID=b0572e02-602a-42a7-9160-979dfde5967e]
2019-10-11 03:26:51,474 [EventQueue-StaleNodeForStaleNodeHandler] INFO  pipeline.SCMPipelineManager (SCMPipelineManager.java:finalizeAndDestroyPipeline(315)) - destroying pipeline:Pipeline[ Id: fcf8909a-b57c-4775-8650-33e094f07a4a, Nodes: 82fc8aa5-1a19-4d4d-ac9f-24e83c36f9bf{ip: 192.168.164.250, host: pr-hdds-2181-fvjjj-1641646571, networkLocation: /default-rack, certSerialId: null}632ef2d3-f6b6-4032-ba6a-967bd3e1777d{ip: 192.168.164.250, host: pr-hdds-2181-fvjjj-1641646571, networkLocation: /default-rack, certSerialId: null}8df26319-7b85-4a99-b7cd-52a4b6b20098{ip: 192.168.164.250, host: pr-hdds-2181-fvjjj-1641646571, networkLocation: /default-rack, certSerialId: null}, Type:RATIS, Factor:THREE, State:OPEN]
2019-10-11 03:26:51,475 [EventQueue-StaleNodeForStaleNodeHandler] INFO  pipeline.PipelineStateManager (PipelineStateManager.java:finalizePipeline(123)) - Pipeline Pipeline[ Id: fcf8909a-b57c-4775-8650-33e094f07a4a, Nodes: 82fc8aa5-1a19-4d4d-ac9f-24e83c36f9bf{ip: 192.168.164.250, host: pr-hdds-2181-fvjjj-1641646571, networkLocation: /default-rack, certSerialId: null}632ef2d3-f6b6-4032-ba6a-967bd3e1777d{ip: 192.168.164.250, host: pr-hdds-2181-fvjjj-1641646571, networkLocation: /default-rack, certSerialId: null}8df26319-7b85-4a99-b7cd-52a4b6b20098{ip: 192.168.164.250, host: pr-hdds-2181-fvjjj-1641646571, networkLocation: /default-rack, certSerialId: null}, Type:RATIS, Factor:THREE, State:CLOSED] moved to CLOSED state
2019-10-11 03:26:51,475 [EventQueue-CloseContainerForCloseContainerEventHandler] INFO  container.CloseContainerEventHandler (CloseContainerEventHandler.java:onMessage(61)) - Close container Event triggered for container : #1
2019-10-11 03:26:51,482 [EventQueue-StaleNodeForStaleNodeHandler] INFO  pipeline.SCMPipelineManager (SCMPipelineManager.java:finalizeAndDestroyPipeline(315)) - destroying pipeline:Pipeline[ Id: b0572e02-602a-42a7-9160-979dfde5967e, Nodes: 82fc8aa5-1a19-4d4d-ac9f-24e83c36f9bf{ip: 192.168.164.250, host: pr-hdds-2181-fvjjj-1641646571, networkLocation: /default-rack, certSerialId: null}, Type:RATIS, Factor:ONE, State:OPEN]
2019-10-11 03:26:51,486 [EventQueue-StaleNodeForStaleNodeHandler] INFO  pipeline.PipelineStateManager (PipelineStateManager.java:finalizePipeline(123)) - Pipeline Pipeline[ Id: b0572e02-602a-42a7-9160-979dfde5967e, Nodes: 82fc8aa5-1a19-4d4d-ac9f-24e83c36f9bf{ip: 192.168.164.250, host: pr-hdds-2181-fvjjj-1641646571, networkLocation: /default-rack, certSerialId: null}, Type:RATIS, Factor:ONE, State:CLOSED] moved to CLOSED state
2019-10-11 03:26:51,745 [main] INFO  ozoneimpl.OzoneContainer (OzoneContainer.java:stop(227)) - Attempting to stop container services.
2019-10-11 03:26:51,746 [main] INFO  impl.RaftServerProxy (RaftServerProxy.java:lambda$close$4(314)) - 82fc8aa5-1a19-4d4d-ac9f-24e83c36f9bf: close
2019-10-11 03:26:51,747 [main] INFO  impl.RaftServerImpl (RaftServerImpl.java:lambda$shutdown$3(247)) - 82fc8aa5-1a19-4d4d-ac9f-24e83c36f9bf@group-33E094F07A4A: shutdown
2019-10-11 03:26:51,747 [ForkJoinPool.commonPool-worker-1] INFO  impl.RaftServerImpl (RaftServerImpl.java:lambda$shutdown$3(247)) - 82fc8aa5-1a19-4d4d-ac9f-24e83c36f9bf@group-979DFDE5967E: shutdown
2019-10-11 03:26:51,748 [main] INFO  util.JmxRegister (JmxRegister.java:unregister(73)) - Successfully un-registered JMX Bean with object name Ratis:service=RaftServer,group=group-33E094F07A4A,id=82fc8aa5-1a19-4d4d-ac9f-24e83c36f9bf
2019-10-11 03:26:51,748 [ForkJoinPool.commonPool-worker-1] INFO  util.JmxRegister (JmxRegister.java:unregister(73)) - Successfully un-registered JMX Bean with object name Ratis:service=RaftServer,group=group-979DFDE5967E,id=82fc8aa5-1a19-4d4d-ac9f-24e83c36f9bf
2019-10-11 03:26:51,748 [main] INFO  impl.RoleInfo (RoleInfo.java:shutdownLeaderState(104)) - 82fc8aa5-1a19-4d4d-ac9f-24e83c36f9bf: shutdown LeaderState
2019-10-11 03:26:51,749 [ForkJoinPool.commonPool-worker-1] INFO  impl.RoleInfo (RoleInfo.java:shutdownLeaderState(104)) - 82fc8aa5-1a19-4d4d-ac9f-24e83c36f9bf: shutdown LeaderState
2019-10-11 03:26:51,757 [org.apache.ratis.server.impl.LogAppender$AppenderDaemon$$Lambda$528/799114223@1fe5e8e3] WARN  server.GrpcLogAppender (GrpcLogAppender.java:mayWait(143)) - 82fc8aa5-1a19-4d4d-ac9f-24e83c36f9bf@group-33E094F07A4A->8df26319-7b85-4a99-b7cd-52a4b6b20098-GrpcLogAppender: Wait interrupted by java.lang.InterruptedException
2019-10-11 03:26:51,756 [org.apache.ratis.server.impl.LogAppender$AppenderDaemon$$Lambda$528/799114223@37e79fea] WARN  server.GrpcLogAppender (GrpcLogAppender.java:mayWait(143)) - 82fc8aa5-1a19-4d4d-ac9f-24e83c36f9bf@group-33E094F07A4A->632ef2d3-f6b6-4032-ba6a-967bd3e1777d-GrpcLogAppender: Wait interrupted by java.lang.InterruptedException
2019-10-11 03:26:51,756 [main] INFO  impl.PendingRequests (PendingRequests.java:sendNotLeaderResponses(202)) - 82fc8aa5-1a19-4d4d-ac9f-24e83c36f9bf@group-33E094F07A4A-PendingRequests: sendNotLeaderResponses
2019-10-11 03:26:51,758 [grpc-default-executor-7] INFO  server.GrpcServerProtocolService (GrpcServerProtocolService.java:onCompleted(113)) - 8df26319-7b85-4a99-b7cd-52a4b6b20098: Completed APPEND_ENTRIES, lastRequest: 82fc8aa5-1a19-4d4d-ac9f-24e83c36f9bf->8df26319-7b85-4a99-b7cd-52a4b6b20098#19-t1, previous=(t:1, i:16), leaderCommit=16, initializing? false, entries: <empty>
2019-10-11 03:26:51,757 [ForkJoinPool.commonPool-worker-1] INFO  impl.PendingRequests (PendingRequests.java:sendNotLeaderResponses(202)) - 82fc8aa5-1a19-4d4d-ac9f-24e83c36f9bf@group-979DFDE5967E-PendingRequests: sendNotLeaderResponses
2019-10-11 03:26:51,758 [grpc-default-executor-6] INFO  server.GrpcServerProtocolService (GrpcServerProtocolService.java:onCompleted(113)) - 632ef2d3-f6b6-4032-ba6a-967bd3e1777d: Completed APPEND_ENTRIES, lastRequest: 82fc8aa5-1a19-4d4d-ac9f-24e83c36f9bf->632ef2d3-f6b6-4032-ba6a-967bd3e1777d#19-t1, previous=(t:1, i:16), leaderCommit=16, initializing? false, entries: <empty>
2019-10-11 03:26:51,764 [main] INFO  impl.StateMachineUpdater (StateMachineUpdater.java:stopAndJoin(136)) - 82fc8aa5-1a19-4d4d-ac9f-24e83c36f9bf@group-33E094F07A4A-StateMachineUpdater: set stopIndex = 16
2019-10-11 03:26:51,764 [82fc8aa5-1a19-4d4d-ac9f-24e83c36f9bf@group-33E094F07A4A-StateMachineUpdater] INFO  ratis.ContainerStateMachine (ContainerStateMachine.java:takeSnapshot(294)) - group-33E094F07A4A: Taking a snapshot at:(t:1, i:14) file /workdir/hadoop-ozone/integration-test/target/test-dir/MiniOzoneClusterImpl-fc6dcb28-33a0-4875-b9f0-4cef493e9258/datanode-2/data/ratis/fcf8909a-b57c-4775-8650-33e094f07a4a/sm/snapshot.1_14
2019-10-11 03:26:51,764 [grpc-default-executor-6] INFO  server.GrpcLogAppender (GrpcLogAppender.java:onCompleted(293)) - 82fc8aa5-1a19-4d4d-ac9f-24e83c36f9bf@group-33E094F07A4A->8df26319-7b85-4a99-b7cd-52a4b6b20098-AppendLogResponseHandler: follower responses appendEntries COMPLETED
2019-10-11 03:26:51,764 [ForkJoinPool.commonPool-worker-1] INFO  impl.StateMachineUpdater (StateMachineUpdater.java:stopAndJoin(136)) - 82fc8aa5-1a19-4d4d-ac9f-24e83c36f9bf@group-979DFDE5967E-StateMachineUpdater: set stopIndex = 0
2019-10-11 03:26:51,764 [grpc-default-executor-7] INFO  server.GrpcLogAppender (GrpcLogAppender.java:onCompleted(293)) - 82fc8aa5-1a19-4d4d-ac9f-24e83c36f9bf@group-33E094F07A4A->632ef2d3-f6b6-4032-ba6a-967bd3e1777d-AppendLogResponseHandler: follower responses appendEntries COMPLETED
2019-10-11 03:26:51,765 [ForkJoinPool.commonPool-worker-1] INFO  impl.RaftServerImpl (ServerState.java:close(387)) - 82fc8aa5-1a19-4d4d-ac9f-24e83c36f9bf@group-979DFDE5967E: closes. applyIndex: 0
2019-10-11 03:26:51,766 [82fc8aa5-1a19-4d4d-ac9f-24e83c36f9bf@group-979DFDE5967E-SegmentedRaftLogWorker] INFO  segmented.SegmentedRaftLogWorker (SegmentedRaftLogWorker.java:run(316)) - 82fc8aa5-1a19-4d4d-ac9f-24e83c36f9bf@group-979DFDE5967E-SegmentedRaftLogWorker was interrupted, exiting. There are 0 tasks remaining in the queue.
2019-10-11 03:26:51,769 [grpc-default-executor-6] INFO  impl.FollowerInfo (FollowerInfo.java:lambda$new$0(51)) - 82fc8aa5-1a19-4d4d-ac9f-24e83c36f9bf@group-33E094F07A4A->8df26319-7b85-4a99-b7cd-52a4b6b20098: nextIndex: updateUnconditionally 17 -> 16
2019-10-11 03:26:51,769 [ForkJoinPool.commonPool-worker-1] INFO  segmented.SegmentedRaftLogWorker (SegmentedRaftLogWorker.java:close(224)) - 82fc8aa5-1a19-4d4d-ac9f-24e83c36f9bf@group-979DFDE5967E-SegmentedRaftLogWorker close()
2019-10-11 03:26:51,770 [grpc-default-executor-7] INFO  impl.FollowerInfo (FollowerInfo.java:lambda$new$0(51)) - 82fc8aa5-1a19-4d4d-ac9f-24e83c36f9bf@group-33E094F07A4A->632ef2d3-f6b6-4032-ba6a-967bd3e1777d: nextIndex: updateUnconditionally 17 -> 16
2019-10-11 03:26:51,789 [82fc8aa5-1a19-4d4d-ac9f-24e83c36f9bf@group-33E094F07A4A-StateMachineUpdater] INFO  ratis.ContainerStateMachine (ContainerStateMachine.java:takeSnapshot(305)) - group-33E094F07A4A: Finished taking a snapshot at:(t:1, i:14) file:/workdir/hadoop-ozone/integration-test/target/test-dir/MiniOzoneClusterImpl-fc6dcb28-33a0-4875-b9f0-4cef493e9258/datanode-2/data/ratis/fcf8909a-b57c-4775-8650-33e094f07a4a/sm/snapshot.1_14 time:25
2019-10-11 03:26:51,789 [82fc8aa5-1a19-4d4d-ac9f-24e83c36f9bf@group-33E094F07A4A-StateMachineUpdater] INFO  impl.StateMachineUpdater (StateMachineUpdater.java:takeSnapshot(269)) - 82fc8aa5-1a19-4d4d-ac9f-24e83c36f9bf@group-33E094F07A4A-StateMachineUpdater: Took a snapshot at index 14
2019-10-11 03:26:51,789 [82fc8aa5-1a19-4d4d-ac9f-24e83c36f9bf@group-33E094F07A4A-StateMachineUpdater] INFO  impl.StateMachineUpdater (StateMachineUpdater.java:lambda$new$0(84)) - 82fc8aa5-1a19-4d4d-ac9f-24e83c36f9bf@group-33E094F07A4A-StateMachineUpdater: snapshotIndex: updateIncreasingly -1 -> 14
2019-10-11 03:26:51,790 [82fc8aa5-1a19-4d4d-ac9f-24e83c36f9bf@group-33E094F07A4A-StateMachineUpdater] INFO  ratis.ContainerStateMachine (ContainerStateMachine.java:takeSnapshot(294)) - group-33E094F07A4A: Taking a snapshot at:(t:1, i:14) file /workdir/hadoop-ozone/integration-test/target/test-dir/MiniOzoneClusterImpl-fc6dcb28-33a0-4875-b9f0-4cef493e9258/datanode-2/data/ratis/fcf8909a-b57c-4775-8650-33e094f07a4a/sm/snapshot.1_14
2019-10-11 03:26:51,804 [82fc8aa5-1a19-4d4d-ac9f-24e83c36f9bf@group-33E094F07A4A-StateMachineUpdater] INFO  ratis.ContainerStateMachine (ContainerStateMachine.java:takeSnapshot(305)) - group-33E094F07A4A: Finished taking a snapshot at:(t:1, i:14) file:/workdir/hadoop-ozone/integration-test/target/test-dir/MiniOzoneClusterImpl-fc6dcb28-33a0-4875-b9f0-4cef493e9258/datanode-2/data/ratis/fcf8909a-b57c-4775-8650-33e094f07a4a/sm/snapshot.1_14 time:15
2019-10-11 03:26:51,805 [82fc8aa5-1a19-4d4d-ac9f-24e83c36f9bf@group-33E094F07A4A-StateMachineUpdater] INFO  impl.StateMachineUpdater (StateMachineUpdater.java:takeSnapshot(269)) - 82fc8aa5-1a19-4d4d-ac9f-24e83c36f9bf@group-33E094F07A4A-StateMachineUpdater: Took a snapshot at index 14
2019-10-11 03:26:51,805 [82fc8aa5-1a19-4d4d-ac9f-24e83c36f9bf@group-33E094F07A4A-StateMachineUpdater] INFO  impl.StateMachineUpdater (StateMachineUpdater.java:lambda$new$0(84)) - 82fc8aa5-1a19-4d4d-ac9f-24e83c36f9bf@group-33E094F07A4A-StateMachineUpdater: snapshotIndex: updateIncreasingly 14 -> 14
2019-10-11 03:26:51,805 [main] INFO  impl.RaftServerImpl (ServerState.java:close(387)) - 82fc8aa5-1a19-4d4d-ac9f-24e83c36f9bf@group-33E094F07A4A: closes. applyIndex: 16
2019-10-11 03:26:51,806 [82fc8aa5-1a19-4d4d-ac9f-24e83c36f9bf@group-33E094F07A4A-SegmentedRaftLogWorker] INFO  segmented.SegmentedRaftLogWorker (SegmentedRaftLogWorker.java:run(316)) - 82fc8aa5-1a19-4d4d-ac9f-24e83c36f9bf@group-33E094F07A4A-SegmentedRaftLogWorker was interrupted, exiting. There are 0 tasks remaining in the queue.
2019-10-11 03:26:51,809 [main] INFO  segmented.SegmentedRaftLogWorker (SegmentedRaftLogWorker.java:close(224)) - 82fc8aa5-1a19-4d4d-ac9f-24e83c36f9bf@group-33E094F07A4A-SegmentedRaftLogWorker close()
2019-10-11 03:26:51,815 [main] INFO  server.GrpcService (GrpcService.java:closeImpl(164)) - 82fc8aa5-1a19-4d4d-ac9f-24e83c36f9bf: shutdown server with port 34489 now
2019-10-11 03:26:51,816 [grpc-default-executor-6] WARN  client.GrpcClientProtocolService (LogUtils.java:warn(134)) - 3-UnorderedRequestStreamObserver3: onError: org.apache.ratis.thirdparty.io.grpc.StatusRuntimeException: CANCELLED: cancelled before receiving half close
2019-10-11 03:26:51,816 [main] INFO  server.GrpcService (GrpcService.java:closeImpl(172)) - 82fc8aa5-1a19-4d4d-ac9f-24e83c36f9bf: shutdown server with port 34489 successfully
2019-10-11 03:26:51,819 [refreshUsed-/workdir/hadoop-ozone/integration-test/target/test-dir/MiniOzoneClusterImpl-fc6dcb28-33a0-4875-b9f0-4cef493e9258/datanode-2/data/containers] WARN  fs.CachingGetSpaceUsed (CachingGetSpaceUsed.java:run(183)) - Thread Interrupted waiting to refresh disk information: sleep interrupted
2019-10-11 03:26:51,844 [main] INFO  utils.BackgroundService (BackgroundService.java:shutdown(151)) - Shutting down service BlockDeletingService
2019-10-11 03:26:51,854 [main] INFO  statemachine.DatanodeStateMachine (DatanodeStateMachine.java:stopDaemon(395)) - Ozone container server stopped.
2019-10-11 03:26:51,855 [main] INFO  handler.ContextHandler (ContextHandler.java:doStop(910)) - Stopped o.e.j.w.WebAppContext@1eb85a47{/,null,UNAVAILABLE}{/hddsDatanode}
2019-10-11 03:26:51,856 [main] INFO  server.AbstractConnector (AbstractConnector.java:doStop(318)) - Stopped ServerConnector@ca7e37f{HTTP/1.1,[http/1.1]}{0.0.0.0:0}
2019-10-11 03:26:51,856 [main] INFO  handler.ContextHandler (ContextHandler.java:doStop(910)) - Stopped o.e.j.s.ServletContextHandler@3869a6e5{/static,jar:file:/home/user/.m2/repository/org/apache/hadoop/hadoop-hdds-container-service/0.5.0-SNAPSHOT/hadoop-hdds-container-service-0.5.0-SNAPSHOT.jar!/webapps/static,UNAVAILABLE}
2019-10-11 03:26:51,857 [main] INFO  handler.ContextHandler (ContextHandler.java:doStop(910)) - Stopped o.e.j.s.ServletContextHandler@6562cc23{/logs,file:///workdir/hadoop-ozone/integration-test/target/log,UNAVAILABLE}
2019-10-11 03:27:00,663 [Thread-3125] INFO  impl.FollowerState (FollowerState.java:run(108)) - 8df26319-7b85-4a99-b7cd-52a4b6b20098@group-33E094F07A4A-FollowerState: change to CANDIDATE, lastRpcTime:8913ms, electionTimeout:5194ms
2019-10-11 03:27:00,664 [Thread-3125] INFO  impl.RoleInfo (RoleInfo.java:shutdownFollowerState(121)) - 8df26319-7b85-4a99-b7cd-52a4b6b20098: shutdown FollowerState
2019-10-11 03:27:00,664 [Thread-3125] INFO  impl.RaftServerImpl (RaftServerImpl.java:setRole(170)) - 8df26319-7b85-4a99-b7cd-52a4b6b20098@group-33E094F07A4A: changes role from  FOLLOWER to CANDIDATE at term 1 for changeToCandidate
2019-10-11 03:27:00,664 [Thread-3125] INFO  impl.RoleInfo (RoleInfo.java:updateAndGet(143)) - 8df26319-7b85-4a99-b7cd-52a4b6b20098: start LeaderElection
2019-10-11 03:27:00,669 [8df26319-7b85-4a99-b7cd-52a4b6b20098@group-33E094F07A4A-LeaderElection82] INFO  impl.RaftServerImpl (ServerState.java:setLeader(255)) - 8df26319-7b85-4a99-b7cd-52a4b6b20098@group-33E094F07A4A: change Leader from 82fc8aa5-1a19-4d4d-ac9f-24e83c36f9bf to null at term 1 for initElection
2019-10-11 03:27:00,694 [8df26319-7b85-4a99-b7cd-52a4b6b20098@group-33E094F07A4A-LeaderElection82] INFO  impl.LeaderElection (LeaderElection.java:askForVotes(178)) - 8df26319-7b85-4a99-b7cd-52a4b6b20098@group-33E094F07A4A-LeaderElection82: begin an election at term 2 for 0: [8df26319-7b85-4a99-b7cd-52a4b6b20098:192.168.164.250:34348, 632ef2d3-f6b6-4032-ba6a-967bd3e1777d:192.168.164.250:44789, 82fc8aa5-1a19-4d4d-ac9f-24e83c36f9bf:192.168.164.250:34489], old=null
2019-10-11 03:27:00,698 [8df26319-7b85-4a99-b7cd-52a4b6b20098@group-33E094F07A4A-LeaderElection82] INFO  impl.LeaderElection (LogUtils.java:infoOrTrace(149)) - 8df26319-7b85-4a99-b7cd-52a4b6b20098@group-33E094F07A4A-LeaderElection82 got exception when requesting votes: {}
java.util.concurrent.ExecutionException: org.apache.ratis.thirdparty.io.grpc.StatusRuntimeException: UNAVAILABLE: io exception
	at java.util.concurrent.FutureTask.report(FutureTask.java:122)
	at java.util.concurrent.FutureTask.get(FutureTask.java:192)
	at org.apache.ratis.server.impl.LeaderElection.waitForResults(LeaderElection.java:259)
	at org.apache.ratis.server.impl.LeaderElection.askForVotes(LeaderElection.java:197)
	at org.apache.ratis.server.impl.LeaderElection.run(LeaderElection.java:133)
	at java.lang.Thread.run(Thread.java:748)
Caused by: org.apache.ratis.thirdparty.io.grpc.StatusRuntimeException: UNAVAILABLE: io exception
	at org.apache.ratis.thirdparty.io.grpc.stub.ClientCalls.toStatusRuntimeException(ClientCalls.java:233)
	at org.apache.ratis.thirdparty.io.grpc.stub.ClientCalls.getUnchecked(ClientCalls.java:214)
	at org.apache.ratis.thirdparty.io.grpc.stub.ClientCalls.blockingUnaryCall(ClientCalls.java:139)
	at org.apache.ratis.proto.grpc.RaftServerProtocolServiceGrpc$RaftServerProtocolServiceBlockingStub.requestVote(RaftServerProtocolServiceGrpc.java:265)
	at org.apache.ratis.grpc.server.GrpcServerProtocolClient.requestVote(GrpcServerProtocolClient.java:99)
	at org.apache.ratis.grpc.server.GrpcService.requestVote(GrpcService.java:204)
	at org.apache.ratis.server.impl.LeaderElection.lambda$submitRequests$1(LeaderElection.java:234)
	at java.util.concurrent.FutureTask.run(FutureTask.java:266)
	at java.util.concurrent.Executors$RunnableAdapter.call(Executors.java:511)
	at java.util.concurrent.FutureTask.run(FutureTask.java:266)
	at java.util.concurrent.ThreadPoolExecutor.runWorker(ThreadPoolExecutor.java:1149)
	at java.util.concurrent.ThreadPoolExecutor$Worker.run(ThreadPoolExecutor.java:624)
	... 1 more
Caused by: org.apache.ratis.thirdparty.io.netty.channel.AbstractChannel$AnnotatedConnectException: Connection refused: /192.168.164.250:34489
	at sun.nio.ch.SocketChannelImpl.checkConnect(Native Method)
	at sun.nio.ch.SocketChannelImpl.finishConnect(SocketChannelImpl.java:717)
	at org.apache.ratis.thirdparty.io.netty.channel.socket.nio.NioSocketChannel.doFinishConnect(NioSocketChannel.java:327)
	at org.apache.ratis.thirdparty.io.netty.channel.nio.AbstractNioChannel$AbstractNioUnsafe.finishConnect(AbstractNioChannel.java:340)
	at org.apache.ratis.thirdparty.io.netty.channel.nio.NioEventLoop.processSelectedKey(NioEventLoop.java:632)
	at org.apache.ratis.thirdparty.io.netty.channel.nio.NioEventLoop.processSelectedKeysOptimized(NioEventLoop.java:579)
	at org.apache.ratis.thirdparty.io.netty.channel.nio.NioEventLoop.processSelectedKeys(NioEventLoop.java:496)
	at org.apache.ratis.thirdparty.io.netty.channel.nio.NioEventLoop.run(NioEventLoop.java:458)
	at org.apache.ratis.thirdparty.io.netty.util.concurrent.SingleThreadEventExecutor$5.run(SingleThreadEventExecutor.java:897)
	at org.apache.ratis.thirdparty.io.netty.util.concurrent.FastThreadLocalRunnable.run(FastThreadLocalRunnable.java:30)
	... 1 more
Caused by: java.net.ConnectException: Connection refused
	... 11 more
2019-10-11 03:27:00,703 [grpc-default-executor-8] INFO  impl.RaftServerImpl (ServerState.java:setLeader(255)) - 632ef2d3-f6b6-4032-ba6a-967bd3e1777d@group-33E094F07A4A: change Leader from 82fc8aa5-1a19-4d4d-ac9f-24e83c36f9bf to null at term 2 for updateCurrentTerm
2019-10-11 03:27:00,703 [grpc-default-executor-8] INFO  impl.RaftServerImpl (RaftServerImpl.java:setRole(170)) - 632ef2d3-f6b6-4032-ba6a-967bd3e1777d@group-33E094F07A4A: changes role from  FOLLOWER to FOLLOWER at term 2 for recognizeCandidate:8df26319-7b85-4a99-b7cd-52a4b6b20098
2019-10-11 03:27:00,703 [grpc-default-executor-8] INFO  impl.RoleInfo (RoleInfo.java:shutdownFollowerState(121)) - 632ef2d3-f6b6-4032-ba6a-967bd3e1777d: shutdown FollowerState
2019-10-11 03:27:00,703 [grpc-default-executor-8] INFO  impl.RoleInfo (RoleInfo.java:updateAndGet(143)) - 632ef2d3-f6b6-4032-ba6a-967bd3e1777d: start FollowerState
2019-10-11 03:27:00,703 [Thread-3124] INFO  impl.FollowerState (FollowerState.java:run(117)) - 632ef2d3-f6b6-4032-ba6a-967bd3e1777d@group-33E094F07A4A-FollowerState was interrupted: java.lang.InterruptedException: sleep interrupted
2019-10-11 03:27:00,720 [8df26319-7b85-4a99-b7cd-52a4b6b20098@group-33E094F07A4A-LeaderElection82] INFO  impl.LeaderElection (LeaderElection.java:logAndReturn(56)) - 8df26319-7b85-4a99-b7cd-52a4b6b20098@group-33E094F07A4A-LeaderElection82: Election PASSED; received 1 response(s) [8df26319-7b85-4a99-b7cd-52a4b6b20098<-632ef2d3-f6b6-4032-ba6a-967bd3e1777d#0:OK-t2] and 1 exception(s); 8df26319-7b85-4a99-b7cd-52a4b6b20098@group-33E094F07A4A:t2, leader=null, voted=8df26319-7b85-4a99-b7cd-52a4b6b20098, raftlog=8df26319-7b85-4a99-b7cd-52a4b6b20098@group-33E094F07A4A-SegmentedRaftLog:OPENED:c16,f16,i16, conf=0: [8df26319-7b85-4a99-b7cd-52a4b6b20098:192.168.164.250:34348, 632ef2d3-f6b6-4032-ba6a-967bd3e1777d:192.168.164.250:44789, 82fc8aa5-1a19-4d4d-ac9f-24e83c36f9bf:192.168.164.250:34489], old=null
2019-10-11 03:27:00,720 [8df26319-7b85-4a99-b7cd-52a4b6b20098@group-33E094F07A4A-LeaderElection82] INFO  impl.LeaderElection (LogUtils.java:infoOrTrace(149)) -   Exception 0: {}
java.util.concurrent.ExecutionException: org.apache.ratis.thirdparty.io.grpc.StatusRuntimeException: UNAVAILABLE: io exception
	at java.util.concurrent.FutureTask.report(FutureTask.java:122)
	at java.util.concurrent.FutureTask.get(FutureTask.java:192)
	at org.apache.ratis.server.impl.LeaderElection.waitForResults(LeaderElection.java:259)
	at org.apache.ratis.server.impl.LeaderElection.askForVotes(LeaderElection.java:197)
	at org.apache.ratis.server.impl.LeaderElection.run(LeaderElection.java:133)
	at java.lang.Thread.run(Thread.java:748)
Caused by: org.apache.ratis.thirdparty.io.grpc.StatusRuntimeException: UNAVAILABLE: io exception
	at org.apache.ratis.thirdparty.io.grpc.stub.ClientCalls.toStatusRuntimeException(ClientCalls.java:233)
	at org.apache.ratis.thirdparty.io.grpc.stub.ClientCalls.getUnchecked(ClientCalls.java:214)
	at org.apache.ratis.thirdparty.io.grpc.stub.ClientCalls.blockingUnaryCall(ClientCalls.java:139)
	at org.apache.ratis.proto.grpc.RaftServerProtocolServiceGrpc$RaftServerProtocolServiceBlockingStub.requestVote(RaftServerProtocolServiceGrpc.java:265)
	at org.apache.ratis.grpc.server.GrpcServerProtocolClient.requestVote(GrpcServerProtocolClient.java:99)
	at org.apache.ratis.grpc.server.GrpcService.requestVote(GrpcService.java:204)
	at org.apache.ratis.server.impl.LeaderElection.lambda$submitRequests$1(LeaderElection.java:234)
	at java.util.concurrent.FutureTask.run(FutureTask.java:266)
	at java.util.concurrent.Executors$RunnableAdapter.call(Executors.java:511)
	at java.util.concurrent.FutureTask.run(FutureTask.java:266)
	at java.util.concurrent.ThreadPoolExecutor.runWorker(ThreadPoolExecutor.java:1149)
	at java.util.concurrent.ThreadPoolExecutor$Worker.run(ThreadPoolExecutor.java:624)
	... 1 more
Caused by: org.apache.ratis.thirdparty.io.netty.channel.AbstractChannel$AnnotatedConnectException: Connection refused: /192.168.164.250:34489
	at sun.nio.ch.SocketChannelImpl.checkConnect(Native Method)
	at sun.nio.ch.SocketChannelImpl.finishConnect(SocketChannelImpl.java:717)
	at org.apache.ratis.thirdparty.io.netty.channel.socket.nio.NioSocketChannel.doFinishConnect(NioSocketChannel.java:327)
	at org.apache.ratis.thirdparty.io.netty.channel.nio.AbstractNioChannel$AbstractNioUnsafe.finishConnect(AbstractNioChannel.java:340)
	at org.apache.ratis.thirdparty.io.netty.channel.nio.NioEventLoop.processSelectedKey(NioEventLoop.java:632)
	at org.apache.ratis.thirdparty.io.netty.channel.nio.NioEventLoop.processSelectedKeysOptimized(NioEventLoop.java:579)
	at org.apache.ratis.thirdparty.io.netty.channel.nio.NioEventLoop.processSelectedKeys(NioEventLoop.java:496)
	at org.apache.ratis.thirdparty.io.netty.channel.nio.NioEventLoop.run(NioEventLoop.java:458)
	at org.apache.ratis.thirdparty.io.netty.util.concurrent.SingleThreadEventExecutor$5.run(SingleThreadEventExecutor.java:897)
	at org.apache.ratis.thirdparty.io.netty.util.concurrent.FastThreadLocalRunnable.run(FastThreadLocalRunnable.java:30)
	... 1 more
Caused by: java.net.ConnectException: Connection refused
	... 11 more
2019-10-11 03:27:00,721 [8df26319-7b85-4a99-b7cd-52a4b6b20098@group-33E094F07A4A-LeaderElection82] INFO  impl.RoleInfo (RoleInfo.java:shutdownLeaderElection(134)) - 8df26319-7b85-4a99-b7cd-52a4b6b20098: shutdown LeaderElection
2019-10-11 03:27:00,721 [8df26319-7b85-4a99-b7cd-52a4b6b20098@group-33E094F07A4A-LeaderElection82] INFO  impl.RaftServerImpl (RaftServerImpl.java:setRole(170)) - 8df26319-7b85-4a99-b7cd-52a4b6b20098@group-33E094F07A4A: changes role from CANDIDATE to LEADER at term 2 for changeToLeader
2019-10-11 03:27:00,721 [8df26319-7b85-4a99-b7cd-52a4b6b20098@group-33E094F07A4A-LeaderElection82] INFO  impl.RaftServerImpl (ServerState.java:setLeader(255)) - 8df26319-7b85-4a99-b7cd-52a4b6b20098@group-33E094F07A4A: change Leader from null to 8df26319-7b85-4a99-b7cd-52a4b6b20098 at term 2 for becomeLeader, leader elected after 51ms
2019-10-11 03:27:00,721 [8df26319-7b85-4a99-b7cd-52a4b6b20098@group-33E094F07A4A-LeaderElection82] INFO  server.RaftServerConfigKeys (ConfUtils.java:logGet(43)) - raft.server.staging.catchup.gap = 1000 (default)
2019-10-11 03:27:00,721 [8df26319-7b85-4a99-b7cd-52a4b6b20098@group-33E094F07A4A-LeaderElection82] INFO  server.RaftServerConfigKeys (ConfUtils.java:logGet(43)) - raft.server.rpc.sleep.time = 25ms (default)
2019-10-11 03:27:00,721 [8df26319-7b85-4a99-b7cd-52a4b6b20098@group-33E094F07A4A-LeaderElection82] INFO  server.RaftServerConfigKeys (ConfUtils.java:logGet(43)) - raft.server.write.element-limit = 4096 (default)
2019-10-11 03:27:00,722 [8df26319-7b85-4a99-b7cd-52a4b6b20098@group-33E094F07A4A-LeaderElection82] INFO  server.RaftServerConfigKeys (ConfUtils.java:logGet(43)) - raft.server.watch.timeout = 10s (default)
2019-10-11 03:27:00,722 [8df26319-7b85-4a99-b7cd-52a4b6b20098@group-33E094F07A4A-LeaderElection82] INFO  server.RaftServerConfigKeys (ConfUtils.java:logGet(43)) - raft.server.watch.timeout.denomination = 1s (default)
2019-10-11 03:27:00,722 [8df26319-7b85-4a99-b7cd-52a4b6b20098@group-33E094F07A4A-LeaderElection82] INFO  server.RaftServerConfigKeys (ConfUtils.java:logGet(43)) - raft.server.watch.element-limit = 65536 (default)
2019-10-11 03:27:00,725 [8df26319-7b85-4a99-b7cd-52a4b6b20098@group-33E094F07A4A-LeaderElection82] INFO  server.RaftServerConfigKeys (ConfUtils.java:logGet(43)) - raft.server.log.appender.snapshot.chunk.size.max = 16MB (=16777216) (default)
2019-10-11 03:27:00,725 [8df26319-7b85-4a99-b7cd-52a4b6b20098@group-33E094F07A4A-LeaderElection82] INFO  server.RaftServerConfigKeys (ConfUtils.java:logGet(43)) - raft.server.log.appender.buffer.byte-limit = 33554432 (custom)
2019-10-11 03:27:00,725 [8df26319-7b85-4a99-b7cd-52a4b6b20098@group-33E094F07A4A-LeaderElection82] INFO  server.RaftServerConfigKeys (ConfUtils.java:logGet(43)) - raft.server.log.appender.buffer.element-limit = 1 (custom)
2019-10-11 03:27:00,725 [8df26319-7b85-4a99-b7cd-52a4b6b20098@group-33E094F07A4A-LeaderElection82] INFO  grpc.GrpcConfigKeys$Server (ConfUtils.java:logGet(43)) - raft.grpc.server.leader.outstanding.appends.max = 128 (default)
2019-10-11 03:27:00,725 [8df26319-7b85-4a99-b7cd-52a4b6b20098@group-33E094F07A4A-LeaderElection82] INFO  server.RaftServerConfigKeys (ConfUtils.java:logGet(43)) - raft.server.rpc.request.timeout = 3000ms (default)
2019-10-11 03:27:00,726 [8df26319-7b85-4a99-b7cd-52a4b6b20098@group-33E094F07A4A-LeaderElection82] INFO  server.RaftServerConfigKeys (ConfUtils.java:logGet(43)) - raft.server.log.appender.install.snapshot.enabled = false (custom)
2019-10-11 03:27:00,726 [8df26319-7b85-4a99-b7cd-52a4b6b20098@group-33E094F07A4A-LeaderElection82] INFO  server.RaftServerConfigKeys (ConfUtils.java:logGet(43)) - raft.server.log.appender.snapshot.chunk.size.max = 16MB (=16777216) (default)
2019-10-11 03:27:00,726 [8df26319-7b85-4a99-b7cd-52a4b6b20098@group-33E094F07A4A-LeaderElection82] INFO  server.RaftServerConfigKeys (ConfUtils.java:logGet(43)) - raft.server.log.appender.buffer.byte-limit = 33554432 (custom)
2019-10-11 03:27:00,726 [8df26319-7b85-4a99-b7cd-52a4b6b20098@group-33E094F07A4A-LeaderElection82] INFO  server.RaftServerConfigKeys (ConfUtils.java:logGet(43)) - raft.server.log.appender.buffer.element-limit = 1 (custom)
2019-10-11 03:27:00,726 [8df26319-7b85-4a99-b7cd-52a4b6b20098@group-33E094F07A4A-LeaderElection82] INFO  grpc.GrpcConfigKeys$Server (ConfUtils.java:logGet(43)) - raft.grpc.server.leader.outstanding.appends.max = 128 (default)
2019-10-11 03:27:00,727 [8df26319-7b85-4a99-b7cd-52a4b6b20098@group-33E094F07A4A-LeaderElection82] INFO  server.RaftServerConfigKeys (ConfUtils.java:logGet(43)) - raft.server.rpc.request.timeout = 3000ms (default)
2019-10-11 03:27:00,727 [8df26319-7b85-4a99-b7cd-52a4b6b20098@group-33E094F07A4A-LeaderElection82] INFO  server.RaftServerConfigKeys (ConfUtils.java:logGet(43)) - raft.server.log.appender.install.snapshot.enabled = false (custom)
2019-10-11 03:27:00,727 [8df26319-7b85-4a99-b7cd-52a4b6b20098@group-33E094F07A4A-LeaderElection82] INFO  impl.RoleInfo (RoleInfo.java:updateAndGet(143)) - 8df26319-7b85-4a99-b7cd-52a4b6b20098: start LeaderState
2019-10-11 03:27:00,727 [8df26319-7b85-4a99-b7cd-52a4b6b20098@group-33E094F07A4A-LeaderElection82] INFO  segmented.SegmentedRaftLogWorker (SegmentedRaftLogWorker.java:rollLogSegment(390)) - 8df26319-7b85-4a99-b7cd-52a4b6b20098@group-33E094F07A4A-SegmentedRaftLogWorker: Rolling segment log-0_16 to index:16
2019-10-11 03:27:00,729 [8df26319-7b85-4a99-b7cd-52a4b6b20098@group-33E094F07A4A-LeaderElection82] INFO  impl.RaftServerImpl (ServerState.java:setRaftConf(356)) - 8df26319-7b85-4a99-b7cd-52a4b6b20098@group-33E094F07A4A: set configuration 17: [8df26319-7b85-4a99-b7cd-52a4b6b20098:192.168.164.250:34348, 632ef2d3-f6b6-4032-ba6a-967bd3e1777d:192.168.164.250:44789, 82fc8aa5-1a19-4d4d-ac9f-24e83c36f9bf:192.168.164.250:34489], old=null at 17
2019-10-11 03:27:00,729 [8df26319-7b85-4a99-b7cd-52a4b6b20098@group-33E094F07A4A-SegmentedRaftLogWorker] INFO  segmented.SegmentedRaftLogWorker (SegmentedRaftLogWorker.java:execute(531)) - 8df26319-7b85-4a99-b7cd-52a4b6b20098@group-33E094F07A4A-SegmentedRaftLogWorker: Rolled log segment from /workdir/hadoop-ozone/integration-test/target/test-dir/MiniOzoneClusterImpl-fc6dcb28-33a0-4875-b9f0-4cef493e9258/datanode-4/data/ratis/fcf8909a-b57c-4775-8650-33e094f07a4a/current/log_inprogress_0 to /workdir/hadoop-ozone/integration-test/target/test-dir/MiniOzoneClusterImpl-fc6dcb28-33a0-4875-b9f0-4cef493e9258/datanode-4/data/ratis/fcf8909a-b57c-4775-8650-33e094f07a4a/current/log_0-16
2019-10-11 03:27:00,732 [grpc-default-executor-7] WARN  server.GrpcLogAppender (LogUtils.java:warn(134)) - 8df26319-7b85-4a99-b7cd-52a4b6b20098@group-33E094F07A4A->82fc8aa5-1a19-4d4d-ac9f-24e83c36f9bf-AppendLogResponseHandler: Failed appendEntries: org.apache.ratis.thirdparty.io.grpc.StatusRuntimeException: UNAVAILABLE: io exception
2019-10-11 03:27:00,732 [grpc-default-executor-6] INFO  impl.RaftServerImpl (ServerState.java:setLeader(255)) - 632ef2d3-f6b6-4032-ba6a-967bd3e1777d@group-33E094F07A4A: change Leader from null to 8df26319-7b85-4a99-b7cd-52a4b6b20098 at term 2 for appendEntries, leader elected after 29ms
2019-10-11 03:27:00,776 [grpc-default-executor-7] INFO  impl.FollowerInfo (FollowerInfo.java:lambda$new$0(51)) - 8df26319-7b85-4a99-b7cd-52a4b6b20098@group-33E094F07A4A->82fc8aa5-1a19-4d4d-ac9f-24e83c36f9bf: nextIndex: updateUnconditionally 17 -> 1
2019-10-11 03:27:00,781 [grpc-default-executor-6] INFO  impl.RaftServerImpl (ServerState.java:setRaftConf(356)) - 632ef2d3-f6b6-4032-ba6a-967bd3e1777d@group-33E094F07A4A: set configuration 17: [8df26319-7b85-4a99-b7cd-52a4b6b20098:192.168.164.250:34348, 632ef2d3-f6b6-4032-ba6a-967bd3e1777d:192.168.164.250:44789, 82fc8aa5-1a19-4d4d-ac9f-24e83c36f9bf:192.168.164.250:34489], old=null at 17
2019-10-11 03:27:00,781 [grpc-default-executor-6] INFO  segmented.SegmentedRaftLogWorker (SegmentedRaftLogWorker.java:rollLogSegment(390)) - 632ef2d3-f6b6-4032-ba6a-967bd3e1777d@group-33E094F07A4A-SegmentedRaftLogWorker: Rolling segment log-0_16 to index:16
2019-10-11 03:27:00,782 [632ef2d3-f6b6-4032-ba6a-967bd3e1777d@group-33E094F07A4A-SegmentedRaftLogWorker] INFO  segmented.SegmentedRaftLogWorker (SegmentedRaftLogWorker.java:execute(531)) - 632ef2d3-f6b6-4032-ba6a-967bd3e1777d@group-33E094F07A4A-SegmentedRaftLogWorker: Rolled log segment from /workdir/hadoop-ozone/integration-test/target/test-dir/MiniOzoneClusterImpl-fc6dcb28-33a0-4875-b9f0-4cef493e9258/datanode-1/data/ratis/fcf8909a-b57c-4775-8650-33e094f07a4a/current/log_inprogress_0 to /workdir/hadoop-ozone/integration-test/target/test-dir/MiniOzoneClusterImpl-fc6dcb28-33a0-4875-b9f0-4cef493e9258/datanode-1/data/ratis/fcf8909a-b57c-4775-8650-33e094f07a4a/current/log_0-16
2019-10-11 03:27:00,797 [8df26319-7b85-4a99-b7cd-52a4b6b20098@group-33E094F07A4A-SegmentedRaftLogWorker] INFO  segmented.SegmentedRaftLogWorker (SegmentedRaftLogWorker.java:execute(574)) - 8df26319-7b85-4a99-b7cd-52a4b6b20098@group-33E094F07A4A-SegmentedRaftLogWorker: created new log segment /workdir/hadoop-ozone/integration-test/target/test-dir/MiniOzoneClusterImpl-fc6dcb28-33a0-4875-b9f0-4cef493e9258/datanode-4/data/ratis/fcf8909a-b57c-4775-8650-33e094f07a4a/current/log_inprogress_17
2019-10-11 03:27:00,828 [632ef2d3-f6b6-4032-ba6a-967bd3e1777d@group-33E094F07A4A-SegmentedRaftLogWorker] INFO  segmented.SegmentedRaftLogWorker (SegmentedRaftLogWorker.java:execute(574)) - 632ef2d3-f6b6-4032-ba6a-967bd3e1777d@group-33E094F07A4A-SegmentedRaftLogWorker: created new log segment /workdir/hadoop-ozone/integration-test/target/test-dir/MiniOzoneClusterImpl-fc6dcb28-33a0-4875-b9f0-4cef493e9258/datanode-1/data/ratis/fcf8909a-b57c-4775-8650-33e094f07a4a/current/log_inprogress_17
2019-10-11 03:27:00,846 [grpc-default-executor-6] WARN  server.GrpcLogAppender (LogUtils.java:warn(134)) - 8df26319-7b85-4a99-b7cd-52a4b6b20098@group-33E094F07A4A->82fc8aa5-1a19-4d4d-ac9f-24e83c36f9bf-AppendLogResponseHandler: Failed appendEntries: org.apache.ratis.thirdparty.io.grpc.StatusRuntimeException: UNAVAILABLE: io exception
2019-10-11 03:27:00,847 [grpc-default-executor-6] INFO  impl.FollowerInfo (FollowerInfo.java:lambda$new$0(51)) - 8df26319-7b85-4a99-b7cd-52a4b6b20098@group-33E094F07A4A->82fc8aa5-1a19-4d4d-ac9f-24e83c36f9bf: nextIndex: updateUnconditionally 2 -> 1
03:27:01.038 [grpc-default-executor-6] ERROR DNAudit - user=null | ip=null | op=WRITE_CHUNK {blockData=conID: 1 locID: 102941615791865869 bcsId: 14} | ret=FAILURE
org.apache.hadoop.hdds.scm.container.common.helpers.ContainerNotOpenException: Container 1 in CLOSING state
	at org.apache.hadoop.ozone.container.common.impl.HddsDispatcher.validateContainerCommand(HddsDispatcher.java:436) ~[hadoop-hdds-container-service-0.5.0-SNAPSHOT.jar:?]
	at org.apache.hadoop.ozone.container.common.transport.server.ratis.ContainerStateMachine.startTransaction(ContainerStateMachine.java:320) ~[hadoop-hdds-container-service-0.5.0-SNAPSHOT.jar:?]
	at org.apache.ratis.server.impl.RaftServerImpl.submitClientRequestAsync(RaftServerImpl.java:569) ~[ratis-server-0.5.0-201fc85-SNAPSHOT.jar:0.5.0-201fc85-SNAPSHOT]
	at org.apache.ratis.server.impl.RaftServerProxy.lambda$submitClientRequestAsync$7(RaftServerProxy.java:333) ~[ratis-server-0.5.0-201fc85-SNAPSHOT.jar:0.5.0-201fc85-SNAPSHOT]
	at org.apache.ratis.server.impl.RaftServerProxy.lambda$null$5(RaftServerProxy.java:328) ~[ratis-server-0.5.0-201fc85-SNAPSHOT.jar:0.5.0-201fc85-SNAPSHOT]
	at org.apache.ratis.util.JavaUtils.callAsUnchecked(JavaUtils.java:109) ~[ratis-common-0.5.0-201fc85-SNAPSHOT.jar:0.5.0-201fc85-SNAPSHOT]
	at org.apache.ratis.server.impl.RaftServerProxy.lambda$submitRequest$6(RaftServerProxy.java:328) ~[ratis-server-0.5.0-201fc85-SNAPSHOT.jar:0.5.0-201fc85-SNAPSHOT]
	at java.util.concurrent.CompletableFuture.uniComposeStage(CompletableFuture.java:981) ~[?:1.8.0_212]
	at java.util.concurrent.CompletableFuture.thenCompose(CompletableFuture.java:2124) ~[?:1.8.0_212]
	at org.apache.ratis.server.impl.RaftServerProxy.submitRequest(RaftServerProxy.java:327) ~[ratis-server-0.5.0-201fc85-SNAPSHOT.jar:0.5.0-201fc85-SNAPSHOT]
	at org.apache.ratis.server.impl.RaftServerProxy.submitClientRequestAsync(RaftServerProxy.java:333) ~[ratis-server-0.5.0-201fc85-SNAPSHOT.jar:0.5.0-201fc85-SNAPSHOT]
	at org.apache.ratis.grpc.client.GrpcClientProtocolService$RequestStreamObserver.processClientRequest(GrpcClientProtocolService.java:220) ~[ratis-grpc-0.5.0-201fc85-SNAPSHOT.jar:0.5.0-201fc85-SNAPSHOT]
	at org.apache.ratis.grpc.client.GrpcClientProtocolService$OrderedRequestStreamObserver.processClientRequest(GrpcClientProtocolService.java:326) ~[ratis-grpc-0.5.0-201fc85-SNAPSHOT.jar:0.5.0-201fc85-SNAPSHOT]
	at org.apache.ratis.util.SlidingWindow$Server.processRequestsFromHead(SlidingWindow.java:429) [ratis-common-0.5.0-201fc85-SNAPSHOT.jar:0.5.0-201fc85-SNAPSHOT]
	at org.apache.ratis.util.SlidingWindow$Server.receivedRequest(SlidingWindow.java:421) [ratis-common-0.5.0-201fc85-SNAPSHOT.jar:0.5.0-201fc85-SNAPSHOT]
	at org.apache.ratis.grpc.client.GrpcClientProtocolService$OrderedRequestStreamObserver.processClientRequest(GrpcClientProtocolService.java:345) [ratis-grpc-0.5.0-201fc85-SNAPSHOT.jar:0.5.0-201fc85-SNAPSHOT]
	at org.apache.ratis.grpc.client.GrpcClientProtocolService$RequestStreamObserver.onNext(GrpcClientProtocolService.java:240) [ratis-grpc-0.5.0-201fc85-SNAPSHOT.jar:0.5.0-201fc85-SNAPSHOT]
	at org.apache.ratis.grpc.client.GrpcClientProtocolService$RequestStreamObserver.onNext(GrpcClientProtocolService.java:168) [ratis-grpc-0.5.0-201fc85-SNAPSHOT.jar:0.5.0-201fc85-SNAPSHOT]
	at org.apache.ratis.thirdparty.io.grpc.stub.ServerCalls$StreamingServerCallHandler$StreamingServerCallListener.onMessage(ServerCalls.java:248) [ratis-thirdparty-misc-0.2.0.jar:0.2.0]
	at org.apache.ratis.thirdparty.io.grpc.internal.ServerCallImpl$ServerStreamListenerImpl.messagesAvailable(ServerCallImpl.java:263) [ratis-thirdparty-misc-0.2.0.jar:0.2.0]
	at org.apache.ratis.thirdparty.io.grpc.internal.ServerImpl$JumpToApplicationThreadServerStreamListener$1MessagesAvailable.runInContext(ServerImpl.java:686) [ratis-thirdparty-misc-0.2.0.jar:0.2.0]
	at org.apache.ratis.thirdparty.io.grpc.internal.ContextRunnable.run(ContextRunnable.java:37) [ratis-thirdparty-misc-0.2.0.jar:0.2.0]
	at org.apache.ratis.thirdparty.io.grpc.internal.SerializingExecutor.run(SerializingExecutor.java:123) [ratis-thirdparty-misc-0.2.0.jar:0.2.0]
	at java.util.concurrent.ThreadPoolExecutor.runWorker(ThreadPoolExecutor.java:1149) [?:1.8.0_212]
	at java.util.concurrent.ThreadPoolExecutor$Worker.run(ThreadPoolExecutor.java:624) [?:1.8.0_212]
	at java.lang.Thread.run(Thread.java:748) [?:1.8.0_212]
03:27:01.052 [grpc-default-executor-7] ERROR DNAudit - user=null | ip=null | op=WRITE_CHUNK {blockData=conID: 1 locID: 102941615791865869 bcsId: 14} | ret=FAILURE
org.apache.hadoop.hdds.scm.container.common.helpers.ContainerNotOpenException: Container 1 in CLOSING state
	at org.apache.hadoop.ozone.container.common.impl.HddsDispatcher.validateContainerCommand(HddsDispatcher.java:436) ~[hadoop-hdds-container-service-0.5.0-SNAPSHOT.jar:?]
	at org.apache.hadoop.ozone.container.common.transport.server.ratis.ContainerStateMachine.startTransaction(ContainerStateMachine.java:320) ~[hadoop-hdds-container-service-0.5.0-SNAPSHOT.jar:?]
	at org.apache.ratis.server.impl.RaftServerImpl.submitClientRequestAsync(RaftServerImpl.java:569) ~[ratis-server-0.5.0-201fc85-SNAPSHOT.jar:0.5.0-201fc85-SNAPSHOT]
	at org.apache.ratis.server.impl.RaftServerProxy.lambda$submitClientRequestAsync$7(RaftServerProxy.java:333) ~[ratis-server-0.5.0-201fc85-SNAPSHOT.jar:0.5.0-201fc85-SNAPSHOT]
	at org.apache.ratis.server.impl.RaftServerProxy.lambda$null$5(RaftServerProxy.java:328) ~[ratis-server-0.5.0-201fc85-SNAPSHOT.jar:0.5.0-201fc85-SNAPSHOT]
	at org.apache.ratis.util.JavaUtils.callAsUnchecked(JavaUtils.java:109) ~[ratis-common-0.5.0-201fc85-SNAPSHOT.jar:0.5.0-201fc85-SNAPSHOT]
	at org.apache.ratis.server.impl.RaftServerProxy.lambda$submitRequest$6(RaftServerProxy.java:328) ~[ratis-server-0.5.0-201fc85-SNAPSHOT.jar:0.5.0-201fc85-SNAPSHOT]
	at java.util.concurrent.CompletableFuture.uniComposeStage(CompletableFuture.java:981) ~[?:1.8.0_212]
	at java.util.concurrent.CompletableFuture.thenCompose(CompletableFuture.java:2124) ~[?:1.8.0_212]
	at org.apache.ratis.server.impl.RaftServerProxy.submitRequest(RaftServerProxy.java:327) ~[ratis-server-0.5.0-201fc85-SNAPSHOT.jar:0.5.0-201fc85-SNAPSHOT]
	at org.apache.ratis.server.impl.RaftServerProxy.submitClientRequestAsync(RaftServerProxy.java:333) ~[ratis-server-0.5.0-201fc85-SNAPSHOT.jar:0.5.0-201fc85-SNAPSHOT]
	at org.apache.ratis.grpc.client.GrpcClientProtocolService$RequestStreamObserver.processClientRequest(GrpcClientProtocolService.java:220) ~[ratis-grpc-0.5.0-201fc85-SNAPSHOT.jar:0.5.0-201fc85-SNAPSHOT]
	at org.apache.ratis.grpc.client.GrpcClientProtocolService$OrderedRequestStreamObserver.processClientRequest(GrpcClientProtocolService.java:326) ~[ratis-grpc-0.5.0-201fc85-SNAPSHOT.jar:0.5.0-201fc85-SNAPSHOT]
	at org.apache.ratis.util.SlidingWindow$Server.processRequestsFromHead(SlidingWindow.java:429) [ratis-common-0.5.0-201fc85-SNAPSHOT.jar:0.5.0-201fc85-SNAPSHOT]
	at org.apache.ratis.util.SlidingWindow$Server.receivedRequest(SlidingWindow.java:421) [ratis-common-0.5.0-201fc85-SNAPSHOT.jar:0.5.0-201fc85-SNAPSHOT]
	at org.apache.ratis.grpc.client.GrpcClientProtocolService$OrderedRequestStreamObserver.processClientRequest(GrpcClientProtocolService.java:345) [ratis-grpc-0.5.0-201fc85-SNAPSHOT.jar:0.5.0-201fc85-SNAPSHOT]
	at org.apache.ratis.grpc.client.GrpcClientProtocolService$RequestStreamObserver.onNext(GrpcClientProtocolService.java:240) [ratis-grpc-0.5.0-201fc85-SNAPSHOT.jar:0.5.0-201fc85-SNAPSHOT]
	at org.apache.ratis.grpc.client.GrpcClientProtocolService$RequestStreamObserver.onNext(GrpcClientProtocolService.java:168) [ratis-grpc-0.5.0-201fc85-SNAPSHOT.jar:0.5.0-201fc85-SNAPSHOT]
	at org.apache.ratis.thirdparty.io.grpc.stub.ServerCalls$StreamingServerCallHandler$StreamingServerCallListener.onMessage(ServerCalls.java:248) [ratis-thirdparty-misc-0.2.0.jar:0.2.0]
	at org.apache.ratis.thirdparty.io.grpc.internal.ServerCallImpl$ServerStreamListenerImpl.messagesAvailable(ServerCallImpl.java:263) [ratis-thirdparty-misc-0.2.0.jar:0.2.0]
	at org.apache.ratis.thirdparty.io.grpc.internal.ServerImpl$JumpToApplicationThreadServerStreamListener$1MessagesAvailable.runInContext(ServerImpl.java:686) [ratis-thirdparty-misc-0.2.0.jar:0.2.0]
	at org.apache.ratis.thirdparty.io.grpc.internal.ContextRunnable.run(ContextRunnable.java:37) [ratis-thirdparty-misc-0.2.0.jar:0.2.0]
	at org.apache.ratis.thirdparty.io.grpc.internal.SerializingExecutor.run(SerializingExecutor.java:123) [ratis-thirdparty-misc-0.2.0.jar:0.2.0]
	at java.util.concurrent.ThreadPoolExecutor.runWorker(ThreadPoolExecutor.java:1149) [?:1.8.0_212]
	at java.util.concurrent.ThreadPoolExecutor$Worker.run(ThreadPoolExecutor.java:624) [?:1.8.0_212]
	at java.lang.Thread.run(Thread.java:748) [?:1.8.0_212]
03:27:01.055 [grpc-default-executor-7] ERROR DNAudit - user=null | ip=null | op=PUT_BLOCK {blockData=[blockId=conID: 1 locID: 102941615791865869 bcsId: 0,size=650]} | ret=FAILURE
org.apache.hadoop.hdds.scm.container.common.helpers.ContainerNotOpenException: Container 1 in CLOSING state
	at org.apache.hadoop.ozone.container.common.impl.HddsDispatcher.validateContainerCommand(HddsDispatcher.java:436) ~[hadoop-hdds-container-service-0.5.0-SNAPSHOT.jar:?]
	at org.apache.hadoop.ozone.container.common.transport.server.ratis.ContainerStateMachine.startTransaction(ContainerStateMachine.java:320) ~[hadoop-hdds-container-service-0.5.0-SNAPSHOT.jar:?]
	at org.apache.ratis.server.impl.RaftServerImpl.submitClientRequestAsync(RaftServerImpl.java:569) ~[ratis-server-0.5.0-201fc85-SNAPSHOT.jar:0.5.0-201fc85-SNAPSHOT]
	at org.apache.ratis.server.impl.RaftServerProxy.lambda$submitClientRequestAsync$7(RaftServerProxy.java:333) ~[ratis-server-0.5.0-201fc85-SNAPSHOT.jar:0.5.0-201fc85-SNAPSHOT]
	at org.apache.ratis.server.impl.RaftServerProxy.lambda$null$5(RaftServerProxy.java:328) ~[ratis-server-0.5.0-201fc85-SNAPSHOT.jar:0.5.0-201fc85-SNAPSHOT]
	at org.apache.ratis.util.JavaUtils.callAsUnchecked(JavaUtils.java:109) ~[ratis-common-0.5.0-201fc85-SNAPSHOT.jar:0.5.0-201fc85-SNAPSHOT]
	at org.apache.ratis.server.impl.RaftServerProxy.lambda$submitRequest$6(RaftServerProxy.java:328) ~[ratis-server-0.5.0-201fc85-SNAPSHOT.jar:0.5.0-201fc85-SNAPSHOT]
	at java.util.concurrent.CompletableFuture.uniComposeStage(CompletableFuture.java:981) ~[?:1.8.0_212]
	at java.util.concurrent.CompletableFuture.thenCompose(CompletableFuture.java:2124) ~[?:1.8.0_212]
	at org.apache.ratis.server.impl.RaftServerProxy.submitRequest(RaftServerProxy.java:327) ~[ratis-server-0.5.0-201fc85-SNAPSHOT.jar:0.5.0-201fc85-SNAPSHOT]
	at org.apache.ratis.server.impl.RaftServerProxy.submitClientRequestAsync(RaftServerProxy.java:333) ~[ratis-server-0.5.0-201fc85-SNAPSHOT.jar:0.5.0-201fc85-SNAPSHOT]
	at org.apache.ratis.grpc.client.GrpcClientProtocolService$RequestStreamObserver.processClientRequest(GrpcClientProtocolService.java:220) ~[ratis-grpc-0.5.0-201fc85-SNAPSHOT.jar:0.5.0-201fc85-SNAPSHOT]
	at org.apache.ratis.grpc.client.GrpcClientProtocolService$OrderedRequestStreamObserver.processClientRequest(GrpcClientProtocolService.java:326) ~[ratis-grpc-0.5.0-201fc85-SNAPSHOT.jar:0.5.0-201fc85-SNAPSHOT]
	at org.apache.ratis.util.SlidingWindow$Server.processRequestsFromHead(SlidingWindow.java:429) [ratis-common-0.5.0-201fc85-SNAPSHOT.jar:0.5.0-201fc85-SNAPSHOT]
	at org.apache.ratis.util.SlidingWindow$Server.receivedRequest(SlidingWindow.java:421) [ratis-common-0.5.0-201fc85-SNAPSHOT.jar:0.5.0-201fc85-SNAPSHOT]
	at org.apache.ratis.grpc.client.GrpcClientProtocolService$OrderedRequestStreamObserver.processClientRequest(GrpcClientProtocolService.java:345) [ratis-grpc-0.5.0-201fc85-SNAPSHOT.jar:0.5.0-201fc85-SNAPSHOT]
	at org.apache.ratis.grpc.client.GrpcClientProtocolService$RequestStreamObserver.onNext(GrpcClientProtocolService.java:240) [ratis-grpc-0.5.0-201fc85-SNAPSHOT.jar:0.5.0-201fc85-SNAPSHOT]
	at org.apache.ratis.grpc.client.GrpcClientProtocolService$RequestStreamObserver.onNext(GrpcClientProtocolService.java:168) [ratis-grpc-0.5.0-201fc85-SNAPSHOT.jar:0.5.0-201fc85-SNAPSHOT]
	at org.apache.ratis.thirdparty.io.grpc.stub.ServerCalls$StreamingServerCallHandler$StreamingServerCallListener.onMessage(ServerCalls.java:248) [ratis-thirdparty-misc-0.2.0.jar:0.2.0]
	at org.apache.ratis.thirdparty.io.grpc.internal.ServerCallImpl$ServerStreamListenerImpl.messagesAvailable(ServerCallImpl.java:263) [ratis-thirdparty-misc-0.2.0.jar:0.2.0]
	at org.apache.ratis.thirdparty.io.grpc.internal.ServerImpl$JumpToApplicationThreadServerStreamListener$1MessagesAvailable.runInContext(ServerImpl.java:686) [ratis-thirdparty-misc-0.2.0.jar:0.2.0]
	at org.apache.ratis.thirdparty.io.grpc.internal.ContextRunnable.run(ContextRunnable.java:37) [ratis-thirdparty-misc-0.2.0.jar:0.2.0]
	at org.apache.ratis.thirdparty.io.grpc.internal.SerializingExecutor.run(SerializingExecutor.java:123) [ratis-thirdparty-misc-0.2.0.jar:0.2.0]
	at java.util.concurrent.ThreadPoolExecutor.runWorker(ThreadPoolExecutor.java:1149) [?:1.8.0_212]
	at java.util.concurrent.ThreadPoolExecutor$Worker.run(ThreadPoolExecutor.java:624) [?:1.8.0_212]
	at java.lang.Thread.run(Thread.java:748) [?:1.8.0_212]
03:27:01.071 [grpc-default-executor-7] ERROR DNAudit - user=null | ip=null | op=WRITE_CHUNK {blockData=conID: 1 locID: 102941615791865869 bcsId: 14} | ret=FAILURE
org.apache.hadoop.hdds.scm.container.common.helpers.ContainerNotOpenException: Container 1 in CLOSING state
	at org.apache.hadoop.ozone.container.common.impl.HddsDispatcher.validateContainerCommand(HddsDispatcher.java:436) ~[hadoop-hdds-container-service-0.5.0-SNAPSHOT.jar:?]
	at org.apache.hadoop.ozone.container.common.transport.server.ratis.ContainerStateMachine.startTransaction(ContainerStateMachine.java:320) ~[hadoop-hdds-container-service-0.5.0-SNAPSHOT.jar:?]
	at org.apache.ratis.server.impl.RaftServerImpl.submitClientRequestAsync(RaftServerImpl.java:569) ~[ratis-server-0.5.0-201fc85-SNAPSHOT.jar:0.5.0-201fc85-SNAPSHOT]
	at org.apache.ratis.server.impl.RaftServerProxy.lambda$submitClientRequestAsync$7(RaftServerProxy.java:333) ~[ratis-server-0.5.0-201fc85-SNAPSHOT.jar:0.5.0-201fc85-SNAPSHOT]
	at org.apache.ratis.server.impl.RaftServerProxy.lambda$null$5(RaftServerProxy.java:328) ~[ratis-server-0.5.0-201fc85-SNAPSHOT.jar:0.5.0-201fc85-SNAPSHOT]
	at org.apache.ratis.util.JavaUtils.callAsUnchecked(JavaUtils.java:109) ~[ratis-common-0.5.0-201fc85-SNAPSHOT.jar:0.5.0-201fc85-SNAPSHOT]
	at org.apache.ratis.server.impl.RaftServerProxy.lambda$submitRequest$6(RaftServerProxy.java:328) ~[ratis-server-0.5.0-201fc85-SNAPSHOT.jar:0.5.0-201fc85-SNAPSHOT]
	at java.util.concurrent.CompletableFuture.uniComposeStage(CompletableFuture.java:981) ~[?:1.8.0_212]
	at java.util.concurrent.CompletableFuture.thenCompose(CompletableFuture.java:2124) ~[?:1.8.0_212]
	at org.apache.ratis.server.impl.RaftServerProxy.submitRequest(RaftServerProxy.java:327) ~[ratis-server-0.5.0-201fc85-SNAPSHOT.jar:0.5.0-201fc85-SNAPSHOT]
	at org.apache.ratis.server.impl.RaftServerProxy.submitClientRequestAsync(RaftServerProxy.java:333) ~[ratis-server-0.5.0-201fc85-SNAPSHOT.jar:0.5.0-201fc85-SNAPSHOT]
	at org.apache.ratis.grpc.client.GrpcClientProtocolService$RequestStreamObserver.processClientRequest(GrpcClientProtocolService.java:220) ~[ratis-grpc-0.5.0-201fc85-SNAPSHOT.jar:0.5.0-201fc85-SNAPSHOT]
	at org.apache.ratis.grpc.client.GrpcClientProtocolService$OrderedRequestStreamObserver.processClientRequest(GrpcClientProtocolService.java:326) ~[ratis-grpc-0.5.0-201fc85-SNAPSHOT.jar:0.5.0-201fc85-SNAPSHOT]
	at org.apache.ratis.util.SlidingWindow$Server.processRequestsFromHead(SlidingWindow.java:429) [ratis-common-0.5.0-201fc85-SNAPSHOT.jar:0.5.0-201fc85-SNAPSHOT]
	at org.apache.ratis.util.SlidingWindow$Server.receivedRequest(SlidingWindow.java:421) [ratis-common-0.5.0-201fc85-SNAPSHOT.jar:0.5.0-201fc85-SNAPSHOT]
	at org.apache.ratis.grpc.client.GrpcClientProtocolService$OrderedRequestStreamObserver.processClientRequest(GrpcClientProtocolService.java:345) [ratis-grpc-0.5.0-201fc85-SNAPSHOT.jar:0.5.0-201fc85-SNAPSHOT]
	at org.apache.ratis.grpc.client.GrpcClientProtocolService$RequestStreamObserver.onNext(GrpcClientProtocolService.java:240) [ratis-grpc-0.5.0-201fc85-SNAPSHOT.jar:0.5.0-201fc85-SNAPSHOT]
	at org.apache.ratis.grpc.client.GrpcClientProtocolService$RequestStreamObserver.onNext(GrpcClientProtocolService.java:168) [ratis-grpc-0.5.0-201fc85-SNAPSHOT.jar:0.5.0-201fc85-SNAPSHOT]
	at org.apache.ratis.thirdparty.io.grpc.stub.ServerCalls$StreamingServerCallHandler$StreamingServerCallListener.onMessage(ServerCalls.java:248) [ratis-thirdparty-misc-0.2.0.jar:0.2.0]
	at org.apache.ratis.thirdparty.io.grpc.internal.ServerCallImpl$ServerStreamListenerImpl.messagesAvailable(ServerCallImpl.java:263) [ratis-thirdparty-misc-0.2.0.jar:0.2.0]
	at org.apache.ratis.thirdparty.io.grpc.internal.ServerImpl$JumpToApplicationThreadServerStreamListener$1MessagesAvailable.runInContext(ServerImpl.java:686) [ratis-thirdparty-misc-0.2.0.jar:0.2.0]
	at org.apache.ratis.thirdparty.io.grpc.internal.ContextRunnable.run(ContextRunnable.java:37) [ratis-thirdparty-misc-0.2.0.jar:0.2.0]
	at org.apache.ratis.thirdparty.io.grpc.internal.SerializingExecutor.run(SerializingExecutor.java:123) [ratis-thirdparty-misc-0.2.0.jar:0.2.0]
	at java.util.concurrent.ThreadPoolExecutor.runWorker(ThreadPoolExecutor.java:1149) [?:1.8.0_212]
	at java.util.concurrent.ThreadPoolExecutor$Worker.run(ThreadPoolExecutor.java:624) [?:1.8.0_212]
	at java.lang.Thread.run(Thread.java:748) [?:1.8.0_212]
03:27:01.073 [grpc-default-executor-7] ERROR DNAudit - user=null | ip=null | op=WRITE_CHUNK {blockData=conID: 1 locID: 102941615791865869 bcsId: 14} | ret=FAILURE
org.apache.hadoop.hdds.scm.container.common.helpers.ContainerNotOpenException: Container 1 in CLOSING state
	at org.apache.hadoop.ozone.container.common.impl.HddsDispatcher.validateContainerCommand(HddsDispatcher.java:436) ~[hadoop-hdds-container-service-0.5.0-SNAPSHOT.jar:?]
	at org.apache.hadoop.ozone.container.common.transport.server.ratis.ContainerStateMachine.startTransaction(ContainerStateMachine.java:320) ~[hadoop-hdds-container-service-0.5.0-SNAPSHOT.jar:?]
	at org.apache.ratis.server.impl.RaftServerImpl.submitClientRequestAsync(RaftServerImpl.java:569) ~[ratis-server-0.5.0-201fc85-SNAPSHOT.jar:0.5.0-201fc85-SNAPSHOT]
	at org.apache.ratis.server.impl.RaftServerProxy.lambda$submitClientRequestAsync$7(RaftServerProxy.java:333) ~[ratis-server-0.5.0-201fc85-SNAPSHOT.jar:0.5.0-201fc85-SNAPSHOT]
	at org.apache.ratis.server.impl.RaftServerProxy.lambda$null$5(RaftServerProxy.java:328) ~[ratis-server-0.5.0-201fc85-SNAPSHOT.jar:0.5.0-201fc85-SNAPSHOT]
	at org.apache.ratis.util.JavaUtils.callAsUnchecked(JavaUtils.java:109) ~[ratis-common-0.5.0-201fc85-SNAPSHOT.jar:0.5.0-201fc85-SNAPSHOT]
	at org.apache.ratis.server.impl.RaftServerProxy.lambda$submitRequest$6(RaftServerProxy.java:328) ~[ratis-server-0.5.0-201fc85-SNAPSHOT.jar:0.5.0-201fc85-SNAPSHOT]
	at java.util.concurrent.CompletableFuture.uniComposeStage(CompletableFuture.java:981) ~[?:1.8.0_212]
	at java.util.concurrent.CompletableFuture.thenCompose(CompletableFuture.java:2124) ~[?:1.8.0_212]
	at org.apache.ratis.server.impl.RaftServerProxy.submitRequest(RaftServerProxy.java:327) ~[ratis-server-0.5.0-201fc85-SNAPSHOT.jar:0.5.0-201fc85-SNAPSHOT]
	at org.apache.ratis.server.impl.RaftServerProxy.submitClientRequestAsync(RaftServerProxy.java:333) ~[ratis-server-0.5.0-201fc85-SNAPSHOT.jar:0.5.0-201fc85-SNAPSHOT]
	at org.apache.ratis.grpc.client.GrpcClientProtocolService$RequestStreamObserver.processClientRequest(GrpcClientProtocolService.java:220) ~[ratis-grpc-0.5.0-201fc85-SNAPSHOT.jar:0.5.0-201fc85-SNAPSHOT]
	at org.apache.ratis.grpc.client.GrpcClientProtocolService$OrderedRequestStreamObserver.processClientRequest(GrpcClientProtocolService.java:326) ~[ratis-grpc-0.5.0-201fc85-SNAPSHOT.jar:0.5.0-201fc85-SNAPSHOT]
	at org.apache.ratis.util.SlidingWindow$Server.processRequestsFromHead(SlidingWindow.java:429) [ratis-common-0.5.0-201fc85-SNAPSHOT.jar:0.5.0-201fc85-SNAPSHOT]
	at org.apache.ratis.util.SlidingWindow$Server.receivedRequest(SlidingWindow.java:421) [ratis-common-0.5.0-201fc85-SNAPSHOT.jar:0.5.0-201fc85-SNAPSHOT]
	at org.apache.ratis.grpc.client.GrpcClientProtocolService$OrderedRequestStreamObserver.processClientRequest(GrpcClientProtocolService.java:345) [ratis-grpc-0.5.0-201fc85-SNAPSHOT.jar:0.5.0-201fc85-SNAPSHOT]
	at org.apache.ratis.grpc.client.GrpcClientProtocolService$RequestStreamObserver.onNext(GrpcClientProtocolService.java:240) [ratis-grpc-0.5.0-201fc85-SNAPSHOT.jar:0.5.0-201fc85-SNAPSHOT]
	at org.apache.ratis.grpc.client.GrpcClientProtocolService$RequestStreamObserver.onNext(GrpcClientProtocolService.java:168) [ratis-grpc-0.5.0-201fc85-SNAPSHOT.jar:0.5.0-201fc85-SNAPSHOT]
	at org.apache.ratis.thirdparty.io.grpc.stub.ServerCalls$StreamingServerCallHandler$StreamingServerCallListener.onMessage(ServerCalls.java:248) [ratis-thirdparty-misc-0.2.0.jar:0.2.0]
	at org.apache.ratis.thirdparty.io.grpc.internal.ServerCallImpl$ServerStreamListenerImpl.messagesAvailable(ServerCallImpl.java:263) [ratis-thirdparty-misc-0.2.0.jar:0.2.0]
	at org.apache.ratis.thirdparty.io.grpc.internal.ServerImpl$JumpToApplicationThreadServerStreamListener$1MessagesAvailable.runInContext(ServerImpl.java:686) [ratis-thirdparty-misc-0.2.0.jar:0.2.0]
	at org.apache.ratis.thirdparty.io.grpc.internal.ContextRunnable.run(ContextRunnable.java:37) [ratis-thirdparty-misc-0.2.0.jar:0.2.0]
	at org.apache.ratis.thirdparty.io.grpc.internal.SerializingExecutor.run(SerializingExecutor.java:123) [ratis-thirdparty-misc-0.2.0.jar:0.2.0]
	at java.util.concurrent.ThreadPoolExecutor.runWorker(ThreadPoolExecutor.java:1149) [?:1.8.0_212]
	at java.util.concurrent.ThreadPoolExecutor$Worker.run(ThreadPoolExecutor.java:624) [?:1.8.0_212]
	at java.lang.Thread.run(Thread.java:748) [?:1.8.0_212]
03:27:01.087 [grpc-default-executor-7] ERROR DNAudit - user=null | ip=null | op=PUT_BLOCK {blockData=[blockId=conID: 1 locID: 102941615791865869 bcsId: 0,size=800]} | ret=FAILURE
org.apache.hadoop.hdds.scm.container.common.helpers.ContainerNotOpenException: Container 1 in CLOSING state
	at org.apache.hadoop.ozone.container.common.impl.HddsDispatcher.validateContainerCommand(HddsDispatcher.java:436) ~[hadoop-hdds-container-service-0.5.0-SNAPSHOT.jar:?]
	at org.apache.hadoop.ozone.container.common.transport.server.ratis.ContainerStateMachine.startTransaction(ContainerStateMachine.java:320) ~[hadoop-hdds-container-service-0.5.0-SNAPSHOT.jar:?]
	at org.apache.ratis.server.impl.RaftServerImpl.submitClientRequestAsync(RaftServerImpl.java:569) ~[ratis-server-0.5.0-201fc85-SNAPSHOT.jar:0.5.0-201fc85-SNAPSHOT]
	at org.apache.ratis.server.impl.RaftServerProxy.lambda$submitClientRequestAsync$7(RaftServerProxy.java:333) ~[ratis-server-0.5.0-201fc85-SNAPSHOT.jar:0.5.0-201fc85-SNAPSHOT]
	at org.apache.ratis.server.impl.RaftServerProxy.lambda$null$5(RaftServerProxy.java:328) ~[ratis-server-0.5.0-201fc85-SNAPSHOT.jar:0.5.0-201fc85-SNAPSHOT]
	at org.apache.ratis.util.JavaUtils.callAsUnchecked(JavaUtils.java:109) ~[ratis-common-0.5.0-201fc85-SNAPSHOT.jar:0.5.0-201fc85-SNAPSHOT]
	at org.apache.ratis.server.impl.RaftServerProxy.lambda$submitRequest$6(RaftServerProxy.java:328) ~[ratis-server-0.5.0-201fc85-SNAPSHOT.jar:0.5.0-201fc85-SNAPSHOT]
	at java.util.concurrent.CompletableFuture.uniComposeStage(CompletableFuture.java:981) ~[?:1.8.0_212]
	at java.util.concurrent.CompletableFuture.thenCompose(CompletableFuture.java:2124) ~[?:1.8.0_212]
	at org.apache.ratis.server.impl.RaftServerProxy.submitRequest(RaftServerProxy.java:327) ~[ratis-server-0.5.0-201fc85-SNAPSHOT.jar:0.5.0-201fc85-SNAPSHOT]
	at org.apache.ratis.server.impl.RaftServerProxy.submitClientRequestAsync(RaftServerProxy.java:333) ~[ratis-server-0.5.0-201fc85-SNAPSHOT.jar:0.5.0-201fc85-SNAPSHOT]
	at org.apache.ratis.grpc.client.GrpcClientProtocolService$RequestStreamObserver.processClientRequest(GrpcClientProtocolService.java:220) ~[ratis-grpc-0.5.0-201fc85-SNAPSHOT.jar:0.5.0-201fc85-SNAPSHOT]
	at org.apache.ratis.grpc.client.GrpcClientProtocolService$OrderedRequestStreamObserver.processClientRequest(GrpcClientProtocolService.java:326) ~[ratis-grpc-0.5.0-201fc85-SNAPSHOT.jar:0.5.0-201fc85-SNAPSHOT]
	at org.apache.ratis.util.SlidingWindow$Server.processRequestsFromHead(SlidingWindow.java:429) [ratis-common-0.5.0-201fc85-SNAPSHOT.jar:0.5.0-201fc85-SNAPSHOT]
	at org.apache.ratis.util.SlidingWindow$Server.receivedRequest(SlidingWindow.java:421) [ratis-common-0.5.0-201fc85-SNAPSHOT.jar:0.5.0-201fc85-SNAPSHOT]
	at org.apache.ratis.grpc.client.GrpcClientProtocolService$OrderedRequestStreamObserver.processClientRequest(GrpcClientProtocolService.java:345) [ratis-grpc-0.5.0-201fc85-SNAPSHOT.jar:0.5.0-201fc85-SNAPSHOT]
	at org.apache.ratis.grpc.client.GrpcClientProtocolService$RequestStreamObserver.onNext(GrpcClientProtocolService.java:240) [ratis-grpc-0.5.0-201fc85-SNAPSHOT.jar:0.5.0-201fc85-SNAPSHOT]
	at org.apache.ratis.grpc.client.GrpcClientProtocolService$RequestStreamObserver.onNext(GrpcClientProtocolService.java:168) [ratis-grpc-0.5.0-201fc85-SNAPSHOT.jar:0.5.0-201fc85-SNAPSHOT]
	at org.apache.ratis.thirdparty.io.grpc.stub.ServerCalls$StreamingServerCallHandler$StreamingServerCallListener.onMessage(ServerCalls.java:248) [ratis-thirdparty-misc-0.2.0.jar:0.2.0]
	at org.apache.ratis.thirdparty.io.grpc.internal.ServerCallImpl$ServerStreamListenerImpl.messagesAvailable(ServerCallImpl.java:263) [ratis-thirdparty-misc-0.2.0.jar:0.2.0]
	at org.apache.ratis.thirdparty.io.grpc.internal.ServerImpl$JumpToApplicationThreadServerStreamListener$1MessagesAvailable.runInContext(ServerImpl.java:686) [ratis-thirdparty-misc-0.2.0.jar:0.2.0]
	at org.apache.ratis.thirdparty.io.grpc.internal.ContextRunnable.run(ContextRunnable.java:37) [ratis-thirdparty-misc-0.2.0.jar:0.2.0]
	at org.apache.ratis.thirdparty.io.grpc.internal.SerializingExecutor.run(SerializingExecutor.java:123) [ratis-thirdparty-misc-0.2.0.jar:0.2.0]
	at java.util.concurrent.ThreadPoolExecutor.runWorker(ThreadPoolExecutor.java:1149) [?:1.8.0_212]
	at java.util.concurrent.ThreadPoolExecutor$Worker.run(ThreadPoolExecutor.java:624) [?:1.8.0_212]
	at java.lang.Thread.run(Thread.java:748) [?:1.8.0_212]
2019-10-11 03:27:01,696 [main] INFO  ozone.MiniOzoneClusterImpl (MiniOzoneClusterImpl.java:shutdown(314)) - Shutting down the Mini Ozone Cluster
2019-10-11 03:27:01,697 [main] INFO  ozone.MiniOzoneClusterImpl (MiniOzoneClusterImpl.java:stop(330)) - Stopping the Mini Ozone Cluster
2019-10-11 03:27:01,697 [main] INFO  ozone.MiniOzoneClusterImpl (MiniOzoneClusterImpl.java:stopOM(400)) - Stopping the OzoneManager
2019-10-11 03:27:01,697 [main] INFO  ipc.Server (Server.java:stop(3082)) - Stopping server on 43426
2019-10-11 03:27:01,710 [main] INFO  ratis.OzoneManagerDoubleBuffer (OzoneManagerDoubleBuffer.java:stop(248)) - Stopping OMDoubleBuffer flush thread
2019-10-11 03:27:01,710 [IPC Server listener on 43426] INFO  ipc.Server (Server.java:run(1185)) - Stopping IPC Server listener on 43426
2019-10-11 03:27:01,710 [IPC Server Responder] INFO  ipc.Server (Server.java:run(1319)) - Stopping IPC Server Responder
2019-10-11 03:27:01,710 [OMDoubleBufferFlushThread] INFO  ratis.OzoneManagerDoubleBuffer (OzoneManagerDoubleBuffer.java:flushTransactions(191)) - OMDoubleBuffer flush thread OMDoubleBufferFlushThread is interrupted and will exit. OMDoubleBufferFlushThread
2019-10-11 03:27:01,720 [main] INFO  utils.BackgroundService (BackgroundService.java:shutdown(151)) - Shutting down service KeyDeletingService
2019-10-11 03:27:01,723 [main] INFO  handler.ContextHandler (ContextHandler.java:doStop(910)) - Stopped o.e.j.w.WebAppContext@68e2d03e{/,null,UNAVAILABLE}{/ozoneManager}
2019-10-11 03:27:01,724 [main] INFO  server.AbstractConnector (AbstractConnector.java:doStop(318)) - Stopped ServerConnector@120aa40b{HTTP/1.1,[http/1.1]}{0.0.0.0:0}
2019-10-11 03:27:01,724 [main] INFO  handler.ContextHandler (ContextHandler.java:doStop(910)) - Stopped o.e.j.s.ServletContextHandler@238291d4{/static,file:///workdir/hadoop-ozone/integration-test/target/test-classes/webapps/static,UNAVAILABLE}
2019-10-11 03:27:01,725 [main] INFO  handler.ContextHandler (ContextHandler.java:doStop(910)) - Stopped o.e.j.s.ServletContextHandler@28ee882c{/logs,file:///workdir/hadoop-ozone/integration-test/target/log,UNAVAILABLE}
2019-10-11 03:27:01,728 [main] INFO  ozone.MiniOzoneClusterImpl (MiniOzoneClusterImpl.java:stopDatanodes(377)) - Stopping the HddsDatanodes
2019-10-11 03:27:02,426 [Datanode State Machine Thread - 0] INFO  statemachine.DatanodeStateMachine (DatanodeStateMachine.java:lambda$startDaemon$0(350)) - Ozone container server started.
2019-10-11 03:27:02,427 [Datanode State Machine Thread - 0] INFO  statemachine.DatanodeStateMachine (DatanodeStateMachine.java:lambda$startDaemon$0(350)) - Ozone container server started.
2019-10-11 03:27:03,347 [grpc-default-executor-2] WARN  server.GrpcLogAppender (LogUtils.java:warn(134)) - 8df26319-7b85-4a99-b7cd-52a4b6b20098@group-33E094F07A4A->82fc8aa5-1a19-4d4d-ac9f-24e83c36f9bf-AppendLogResponseHandler: Failed appendEntries: org.apache.ratis.thirdparty.io.grpc.StatusRuntimeException: UNAVAILABLE: io exception
2019-10-11 03:27:03,347 [grpc-default-executor-2] INFO  impl.FollowerInfo (FollowerInfo.java:lambda$new$0(51)) - 8df26319-7b85-4a99-b7cd-52a4b6b20098@group-33E094F07A4A->82fc8aa5-1a19-4d4d-ac9f-24e83c36f9bf: nextIndex: updateUnconditionally 1 -> 0
2019-10-11 03:27:05,852 [grpc-default-executor-9] WARN  server.GrpcLogAppender (LogUtils.java:warn(134)) - 8df26319-7b85-4a99-b7cd-52a4b6b20098@group-33E094F07A4A->82fc8aa5-1a19-4d4d-ac9f-24e83c36f9bf-AppendLogResponseHandler: Failed appendEntries: org.apache.ratis.thirdparty.io.grpc.StatusRuntimeException: UNAVAILABLE: io exception
2019-10-11 03:27:05,853 [grpc-default-executor-9] INFO  impl.FollowerInfo (FollowerInfo.java:lambda$new$0(51)) - 8df26319-7b85-4a99-b7cd-52a4b6b20098@group-33E094F07A4A->82fc8aa5-1a19-4d4d-ac9f-24e83c36f9bf: nextIndex: updateUnconditionally 0 -> 0
2019-10-11 03:27:06,511 [EventQueue-StaleNodeForStaleNodeHandler] INFO  node.StaleNodeHandler (StaleNodeHandler.java:onMessage(58)) - Datanode 632ef2d3-f6b6-4032-ba6a-967bd3e1777d{ip: 192.168.164.250, host: pr-hdds-2181-fvjjj-1641646571, networkLocation: /default-rack, certSerialId: null} moved to stale state. Finalizing its pipelines [PipelineID=fcf8909a-b57c-4775-8650-33e094f07a4a, PipelineID=eb1fd8fe-6214-4420-bf9d-971a872be40a]
2019-10-11 03:27:06,512 [EventQueue-StaleNodeForStaleNodeHandler] INFO  pipeline.SCMPipelineManager (SCMPipelineManager.java:finalizeAndDestroyPipeline(315)) - destroying pipeline:Pipeline[ Id: fcf8909a-b57c-4775-8650-33e094f07a4a, Nodes: 82fc8aa5-1a19-4d4d-ac9f-24e83c36f9bf{ip: 192.168.164.250, host: pr-hdds-2181-fvjjj-1641646571, networkLocation: /default-rack, certSerialId: null}632ef2d3-f6b6-4032-ba6a-967bd3e1777d{ip: 192.168.164.250, host: pr-hdds-2181-fvjjj-1641646571, networkLocation: /default-rack, certSerialId: null}8df26319-7b85-4a99-b7cd-52a4b6b20098{ip: 192.168.164.250, host: pr-hdds-2181-fvjjj-1641646571, networkLocation: /default-rack, certSerialId: null}, Type:RATIS, Factor:THREE, State:CLOSED]
2019-10-11 03:27:06,513 [EventQueue-StaleNodeForStaleNodeHandler] INFO  pipeline.SCMPipelineManager (SCMPipelineManager.java:finalizeAndDestroyPipeline(315)) - destroying pipeline:Pipeline[ Id: eb1fd8fe-6214-4420-bf9d-971a872be40a, Nodes: 632ef2d3-f6b6-4032-ba6a-967bd3e1777d{ip: 192.168.164.250, host: pr-hdds-2181-fvjjj-1641646571, networkLocation: /default-rack, certSerialId: null}, Type:RATIS, Factor:ONE, State:OPEN]
2019-10-11 03:27:06,514 [EventQueue-StaleNodeForStaleNodeHandler] INFO  pipeline.PipelineStateManager (PipelineStateManager.java:finalizePipeline(123)) - Pipeline Pipeline[ Id: eb1fd8fe-6214-4420-bf9d-971a872be40a, Nodes: 632ef2d3-f6b6-4032-ba6a-967bd3e1777d{ip: 192.168.164.250, host: pr-hdds-2181-fvjjj-1641646571, networkLocation: /default-rack, certSerialId: null}, Type:RATIS, Factor:ONE, State:CLOSED] moved to CLOSED state
2019-10-11 03:27:06,514 [EventQueue-StaleNodeForStaleNodeHandler] INFO  node.StaleNodeHandler (StaleNodeHandler.java:onMessage(58)) - Datanode 8df26319-7b85-4a99-b7cd-52a4b6b20098{ip: 192.168.164.250, host: pr-hdds-2181-fvjjj-1641646571, networkLocation: /default-rack, certSerialId: null} moved to stale state. Finalizing its pipelines [PipelineID=0ab74420-f21d-4e5c-a12b-26da36255653, PipelineID=fcf8909a-b57c-4775-8650-33e094f07a4a]
2019-10-11 03:27:06,515 [EventQueue-StaleNodeForStaleNodeHandler] INFO  pipeline.SCMPipelineManager (SCMPipelineManager.java:finalizeAndDestroyPipeline(315)) - destroying pipeline:Pipeline[ Id: 0ab74420-f21d-4e5c-a12b-26da36255653, Nodes: 8df26319-7b85-4a99-b7cd-52a4b6b20098{ip: 192.168.164.250, host: pr-hdds-2181-fvjjj-1641646571, networkLocation: /default-rack, certSerialId: null}, Type:RATIS, Factor:ONE, State:OPEN]
2019-10-11 03:27:06,515 [EventQueue-StaleNodeForStaleNodeHandler] INFO  pipeline.PipelineStateManager (PipelineStateManager.java:finalizePipeline(123)) - Pipeline Pipeline[ Id: 0ab74420-f21d-4e5c-a12b-26da36255653, Nodes: 8df26319-7b85-4a99-b7cd-52a4b6b20098{ip: 192.168.164.250, host: pr-hdds-2181-fvjjj-1641646571, networkLocation: /default-rack, certSerialId: null}, Type:RATIS, Factor:ONE, State:CLOSED] moved to CLOSED state
2019-10-11 03:27:06,515 [EventQueue-StaleNodeForStaleNodeHandler] INFO  pipeline.SCMPipelineManager (SCMPipelineManager.java:finalizeAndDestroyPipeline(315)) - destroying pipeline:Pipeline[ Id: fcf8909a-b57c-4775-8650-33e094f07a4a, Nodes: 82fc8aa5-1a19-4d4d-ac9f-24e83c36f9bf{ip: 192.168.164.250, host: pr-hdds-2181-fvjjj-1641646571, networkLocation: /default-rack, certSerialId: null}632ef2d3-f6b6-4032-ba6a-967bd3e1777d{ip: 192.168.164.250, host: pr-hdds-2181-fvjjj-1641646571, networkLocation: /default-rack, certSerialId: null}8df26319-7b85-4a99-b7cd-52a4b6b20098{ip: 192.168.164.250, host: pr-hdds-2181-fvjjj-1641646571, networkLocation: /default-rack, certSerialId: null}, Type:RATIS, Factor:THREE, State:CLOSED]
2019-10-11 03:27:06,730 [main] INFO  ozoneimpl.OzoneContainer (OzoneContainer.java:stop(227)) - Attempting to stop container services.
2019-10-11 03:27:06,730 [ForkJoinPool.commonPool-worker-0] INFO  ozoneimpl.OzoneContainer (OzoneContainer.java:stop(227)) - Attempting to stop container services.
2019-10-11 03:27:06,738 [main] INFO  impl.RaftServerProxy (RaftServerProxy.java:lambda$close$4(314)) - 8df26319-7b85-4a99-b7cd-52a4b6b20098: close
2019-10-11 03:27:06,738 [ForkJoinPool.commonPool-worker-0] INFO  impl.RaftServerProxy (RaftServerProxy.java:lambda$close$4(314)) - 632ef2d3-f6b6-4032-ba6a-967bd3e1777d: close
2019-10-11 03:27:06,738 [main] INFO  impl.RaftServerImpl (RaftServerImpl.java:lambda$shutdown$3(247)) - 8df26319-7b85-4a99-b7cd-52a4b6b20098@group-26DA36255653: shutdown
2019-10-11 03:27:06,738 [ForkJoinPool.commonPool-worker-0] INFO  impl.RaftServerImpl (RaftServerImpl.java:lambda$shutdown$3(247)) - 632ef2d3-f6b6-4032-ba6a-967bd3e1777d@group-33E094F07A4A: shutdown
2019-10-11 03:27:06,739 [main] INFO  util.JmxRegister (JmxRegister.java:unregister(73)) - Successfully un-registered JMX Bean with object name Ratis:service=RaftServer,group=group-26DA36255653,id=8df26319-7b85-4a99-b7cd-52a4b6b20098
2019-10-11 03:27:06,739 [ForkJoinPool.commonPool-worker-0] INFO  util.JmxRegister (JmxRegister.java:unregister(73)) - Successfully un-registered JMX Bean with object name Ratis:service=RaftServer,group=group-33E094F07A4A,id=632ef2d3-f6b6-4032-ba6a-967bd3e1777d
2019-10-11 03:27:06,740 [main] INFO  impl.RoleInfo (RoleInfo.java:shutdownLeaderState(104)) - 8df26319-7b85-4a99-b7cd-52a4b6b20098: shutdown LeaderState
2019-10-11 03:27:06,740 [ForkJoinPool.commonPool-worker-0] INFO  impl.RoleInfo (RoleInfo.java:shutdownFollowerState(121)) - 632ef2d3-f6b6-4032-ba6a-967bd3e1777d: shutdown FollowerState
2019-10-11 03:27:06,740 [main] INFO  impl.PendingRequests (PendingRequests.java:sendNotLeaderResponses(202)) - 8df26319-7b85-4a99-b7cd-52a4b6b20098@group-26DA36255653-PendingRequests: sendNotLeaderResponses
2019-10-11 03:27:06,741 [Thread-3255] INFO  impl.FollowerState (FollowerState.java:run(117)) - 632ef2d3-f6b6-4032-ba6a-967bd3e1777d@group-33E094F07A4A-FollowerState was interrupted: java.lang.InterruptedException: sleep interrupted
2019-10-11 03:27:06,740 [ForkJoinPool.commonPool-worker-0] INFO  impl.StateMachineUpdater (StateMachineUpdater.java:stopAndJoin(136)) - 632ef2d3-f6b6-4032-ba6a-967bd3e1777d@group-33E094F07A4A-StateMachineUpdater: set stopIndex = 18
2019-10-11 03:27:06,741 [632ef2d3-f6b6-4032-ba6a-967bd3e1777d@group-33E094F07A4A-StateMachineUpdater] INFO  ratis.ContainerStateMachine (ContainerStateMachine.java:takeSnapshot(294)) - group-33E094F07A4A: Taking a snapshot at:(t:1, i:14) file /workdir/hadoop-ozone/integration-test/target/test-dir/MiniOzoneClusterImpl-fc6dcb28-33a0-4875-b9f0-4cef493e9258/datanode-1/data/ratis/fcf8909a-b57c-4775-8650-33e094f07a4a/sm/snapshot.1_14
2019-10-11 03:27:06,744 [main] INFO  impl.StateMachineUpdater (StateMachineUpdater.java:stopAndJoin(136)) - 8df26319-7b85-4a99-b7cd-52a4b6b20098@group-26DA36255653-StateMachineUpdater: set stopIndex = 0
2019-10-11 03:27:06,745 [main] INFO  impl.RaftServerImpl (ServerState.java:close(387)) - 8df26319-7b85-4a99-b7cd-52a4b6b20098@group-26DA36255653: closes. applyIndex: 0
2019-10-11 03:27:06,746 [8df26319-7b85-4a99-b7cd-52a4b6b20098@group-26DA36255653-SegmentedRaftLogWorker] INFO  segmented.SegmentedRaftLogWorker (SegmentedRaftLogWorker.java:run(316)) - 8df26319-7b85-4a99-b7cd-52a4b6b20098@group-26DA36255653-SegmentedRaftLogWorker was interrupted, exiting. There are 0 tasks remaining in the queue.
2019-10-11 03:27:06,756 [main] INFO  segmented.SegmentedRaftLogWorker (SegmentedRaftLogWorker.java:close(224)) - 8df26319-7b85-4a99-b7cd-52a4b6b20098@group-26DA36255653-SegmentedRaftLogWorker close()
2019-10-11 03:27:06,761 [main] INFO  impl.RaftServerImpl (RaftServerImpl.java:lambda$shutdown$3(247)) - 8df26319-7b85-4a99-b7cd-52a4b6b20098@group-33E094F07A4A: shutdown
2019-10-11 03:27:06,761 [main] INFO  util.JmxRegister (JmxRegister.java:unregister(73)) - Successfully un-registered JMX Bean with object name Ratis:service=RaftServer,group=group-33E094F07A4A,id=8df26319-7b85-4a99-b7cd-52a4b6b20098
2019-10-11 03:27:06,762 [main] INFO  impl.RoleInfo (RoleInfo.java:shutdownLeaderState(104)) - 8df26319-7b85-4a99-b7cd-52a4b6b20098: shutdown LeaderState
2019-10-11 03:27:06,767 [main] INFO  impl.PendingRequests (PendingRequests.java:sendNotLeaderResponses(202)) - 8df26319-7b85-4a99-b7cd-52a4b6b20098@group-33E094F07A4A-PendingRequests: sendNotLeaderResponses
2019-10-11 03:27:06,767 [org.apache.ratis.server.impl.LogAppender$AppenderDaemon$$Lambda$528/799114223@378570de] WARN  server.GrpcLogAppender (GrpcLogAppender.java:mayWait(143)) - 8df26319-7b85-4a99-b7cd-52a4b6b20098@group-33E094F07A4A->632ef2d3-f6b6-4032-ba6a-967bd3e1777d-GrpcLogAppender: Wait interrupted by java.lang.InterruptedException
2019-10-11 03:27:06,767 [org.apache.ratis.server.impl.LogAppender$AppenderDaemon$$Lambda$528/799114223@2ee1d533] WARN  server.GrpcLogAppender (GrpcLogAppender.java:mayWait(143)) - 8df26319-7b85-4a99-b7cd-52a4b6b20098@group-33E094F07A4A->82fc8aa5-1a19-4d4d-ac9f-24e83c36f9bf-GrpcLogAppender: Wait interrupted by java.lang.InterruptedException
2019-10-11 03:27:06,768 [main] INFO  impl.StateMachineUpdater (StateMachineUpdater.java:stopAndJoin(136)) - 8df26319-7b85-4a99-b7cd-52a4b6b20098@group-33E094F07A4A-StateMachineUpdater: set stopIndex = 18
2019-10-11 03:27:06,768 [8df26319-7b85-4a99-b7cd-52a4b6b20098@group-33E094F07A4A-StateMachineUpdater] INFO  ratis.ContainerStateMachine (ContainerStateMachine.java:takeSnapshot(294)) - group-33E094F07A4A: Taking a snapshot at:(t:1, i:14) file /workdir/hadoop-ozone/integration-test/target/test-dir/MiniOzoneClusterImpl-fc6dcb28-33a0-4875-b9f0-4cef493e9258/datanode-4/data/ratis/fcf8909a-b57c-4775-8650-33e094f07a4a/sm/snapshot.1_14
2019-10-11 03:27:06,768 [grpc-default-executor-2] INFO  server.GrpcServerProtocolService (GrpcServerProtocolService.java:onCompleted(113)) - 632ef2d3-f6b6-4032-ba6a-967bd3e1777d: Completed APPEND_ENTRIES, lastRequest: 8df26319-7b85-4a99-b7cd-52a4b6b20098->632ef2d3-f6b6-4032-ba6a-967bd3e1777d#4-t2, previous=(t:2, i:18), leaderCommit=18, initializing? false, entries: <empty>
2019-10-11 03:27:06,769 [grpc-default-executor-2] INFO  server.GrpcLogAppender (GrpcLogAppender.java:onCompleted(293)) - 8df26319-7b85-4a99-b7cd-52a4b6b20098@group-33E094F07A4A->632ef2d3-f6b6-4032-ba6a-967bd3e1777d-AppendLogResponseHandler: follower responses appendEntries COMPLETED
2019-10-11 03:27:06,770 [grpc-default-executor-2] INFO  impl.FollowerInfo (FollowerInfo.java:lambda$new$0(51)) - 8df26319-7b85-4a99-b7cd-52a4b6b20098@group-33E094F07A4A->632ef2d3-f6b6-4032-ba6a-967bd3e1777d: nextIndex: updateUnconditionally 19 -> 18
2019-10-11 03:27:06,780 [632ef2d3-f6b6-4032-ba6a-967bd3e1777d@group-33E094F07A4A-StateMachineUpdater] INFO  ratis.ContainerStateMachine (ContainerStateMachine.java:takeSnapshot(305)) - group-33E094F07A4A: Finished taking a snapshot at:(t:1, i:14) file:/workdir/hadoop-ozone/integration-test/target/test-dir/MiniOzoneClusterImpl-fc6dcb28-33a0-4875-b9f0-4cef493e9258/datanode-1/data/ratis/fcf8909a-b57c-4775-8650-33e094f07a4a/sm/snapshot.1_14 time:39
2019-10-11 03:27:06,780 [632ef2d3-f6b6-4032-ba6a-967bd3e1777d@group-33E094F07A4A-StateMachineUpdater] INFO  impl.StateMachineUpdater (StateMachineUpdater.java:takeSnapshot(269)) - 632ef2d3-f6b6-4032-ba6a-967bd3e1777d@group-33E094F07A4A-StateMachineUpdater: Took a snapshot at index 14
2019-10-11 03:27:06,780 [632ef2d3-f6b6-4032-ba6a-967bd3e1777d@group-33E094F07A4A-StateMachineUpdater] INFO  impl.StateMachineUpdater (StateMachineUpdater.java:lambda$new$0(84)) - 632ef2d3-f6b6-4032-ba6a-967bd3e1777d@group-33E094F07A4A-StateMachineUpdater: snapshotIndex: updateIncreasingly -1 -> 14
2019-10-11 03:27:06,780 [632ef2d3-f6b6-4032-ba6a-967bd3e1777d@group-33E094F07A4A-StateMachineUpdater] INFO  ratis.ContainerStateMachine (ContainerStateMachine.java:takeSnapshot(294)) - group-33E094F07A4A: Taking a snapshot at:(t:1, i:14) file /workdir/hadoop-ozone/integration-test/target/test-dir/MiniOzoneClusterImpl-fc6dcb28-33a0-4875-b9f0-4cef493e9258/datanode-1/data/ratis/fcf8909a-b57c-4775-8650-33e094f07a4a/sm/snapshot.1_14
2019-10-11 03:27:06,798 [8df26319-7b85-4a99-b7cd-52a4b6b20098@group-33E094F07A4A-StateMachineUpdater] INFO  ratis.ContainerStateMachine (ContainerStateMachine.java:takeSnapshot(305)) - group-33E094F07A4A: Finished taking a snapshot at:(t:1, i:14) file:/workdir/hadoop-ozone/integration-test/target/test-dir/MiniOzoneClusterImpl-fc6dcb28-33a0-4875-b9f0-4cef493e9258/datanode-4/data/ratis/fcf8909a-b57c-4775-8650-33e094f07a4a/sm/snapshot.1_14 time:31
2019-10-11 03:27:06,798 [632ef2d3-f6b6-4032-ba6a-967bd3e1777d@group-33E094F07A4A-StateMachineUpdater] INFO  ratis.ContainerStateMachine (ContainerStateMachine.java:takeSnapshot(305)) - group-33E094F07A4A: Finished taking a snapshot at:(t:1, i:14) file:/workdir/hadoop-ozone/integration-test/target/test-dir/MiniOzoneClusterImpl-fc6dcb28-33a0-4875-b9f0-4cef493e9258/datanode-1/data/ratis/fcf8909a-b57c-4775-8650-33e094f07a4a/sm/snapshot.1_14 time:19
2019-10-11 03:27:06,799 [8df26319-7b85-4a99-b7cd-52a4b6b20098@group-33E094F07A4A-StateMachineUpdater] INFO  impl.StateMachineUpdater (StateMachineUpdater.java:takeSnapshot(269)) - 8df26319-7b85-4a99-b7cd-52a4b6b20098@group-33E094F07A4A-StateMachineUpdater: Took a snapshot at index 14
2019-10-11 03:27:06,799 [8df26319-7b85-4a99-b7cd-52a4b6b20098@group-33E094F07A4A-StateMachineUpdater] INFO  impl.StateMachineUpdater (StateMachineUpdater.java:lambda$new$0(84)) - 8df26319-7b85-4a99-b7cd-52a4b6b20098@group-33E094F07A4A-StateMachineUpdater: snapshotIndex: updateIncreasingly -1 -> 14
2019-10-11 03:27:06,799 [632ef2d3-f6b6-4032-ba6a-967bd3e1777d@group-33E094F07A4A-StateMachineUpdater] INFO  impl.StateMachineUpdater (StateMachineUpdater.java:takeSnapshot(269)) - 632ef2d3-f6b6-4032-ba6a-967bd3e1777d@group-33E094F07A4A-StateMachineUpdater: Took a snapshot at index 14
2019-10-11 03:27:06,799 [8df26319-7b85-4a99-b7cd-52a4b6b20098@group-33E094F07A4A-StateMachineUpdater] INFO  ratis.ContainerStateMachine (ContainerStateMachine.java:takeSnapshot(294)) - group-33E094F07A4A: Taking a snapshot at:(t:1, i:14) file /workdir/hadoop-ozone/integration-test/target/test-dir/MiniOzoneClusterImpl-fc6dcb28-33a0-4875-b9f0-4cef493e9258/datanode-4/data/ratis/fcf8909a-b57c-4775-8650-33e094f07a4a/sm/snapshot.1_14
2019-10-11 03:27:06,799 [632ef2d3-f6b6-4032-ba6a-967bd3e1777d@group-33E094F07A4A-StateMachineUpdater] INFO  impl.StateMachineUpdater (StateMachineUpdater.java:lambda$new$0(84)) - 632ef2d3-f6b6-4032-ba6a-967bd3e1777d@group-33E094F07A4A-StateMachineUpdater: snapshotIndex: updateIncreasingly 14 -> 14
2019-10-11 03:27:06,800 [ForkJoinPool.commonPool-worker-0] INFO  impl.RaftServerImpl (ServerState.java:close(387)) - 632ef2d3-f6b6-4032-ba6a-967bd3e1777d@group-33E094F07A4A: closes. applyIndex: 18
2019-10-11 03:27:06,800 [632ef2d3-f6b6-4032-ba6a-967bd3e1777d@group-33E094F07A4A-SegmentedRaftLogWorker] INFO  segmented.SegmentedRaftLogWorker (SegmentedRaftLogWorker.java:run(316)) - 632ef2d3-f6b6-4032-ba6a-967bd3e1777d@group-33E094F07A4A-SegmentedRaftLogWorker was interrupted, exiting. There are 0 tasks remaining in the queue.
2019-10-11 03:27:06,803 [ForkJoinPool.commonPool-worker-0] INFO  segmented.SegmentedRaftLogWorker (SegmentedRaftLogWorker.java:close(224)) - 632ef2d3-f6b6-4032-ba6a-967bd3e1777d@group-33E094F07A4A-SegmentedRaftLogWorker close()
2019-10-11 03:27:06,808 [ForkJoinPool.commonPool-worker-0] INFO  impl.RaftServerImpl (RaftServerImpl.java:lambda$shutdown$3(247)) - 632ef2d3-f6b6-4032-ba6a-967bd3e1777d@group-971A872BE40A: shutdown
2019-10-11 03:27:06,808 [ForkJoinPool.commonPool-worker-0] INFO  util.JmxRegister (JmxRegister.java:unregister(73)) - Successfully un-registered JMX Bean with object name Ratis:service=RaftServer,group=group-971A872BE40A,id=632ef2d3-f6b6-4032-ba6a-967bd3e1777d
2019-10-11 03:27:06,808 [ForkJoinPool.commonPool-worker-0] INFO  impl.RoleInfo (RoleInfo.java:shutdownLeaderState(104)) - 632ef2d3-f6b6-4032-ba6a-967bd3e1777d: shutdown LeaderState
2019-10-11 03:27:06,808 [ForkJoinPool.commonPool-worker-0] INFO  impl.PendingRequests (PendingRequests.java:sendNotLeaderResponses(202)) - 632ef2d3-f6b6-4032-ba6a-967bd3e1777d@group-971A872BE40A-PendingRequests: sendNotLeaderResponses
2019-10-11 03:27:06,809 [ForkJoinPool.commonPool-worker-0] INFO  impl.StateMachineUpdater (StateMachineUpdater.java:stopAndJoin(136)) - 632ef2d3-f6b6-4032-ba6a-967bd3e1777d@group-971A872BE40A-StateMachineUpdater: set stopIndex = 0
2019-10-11 03:27:06,809 [ForkJoinPool.commonPool-worker-0] INFO  impl.RaftServerImpl (ServerState.java:close(387)) - 632ef2d3-f6b6-4032-ba6a-967bd3e1777d@group-971A872BE40A: closes. applyIndex: 0
2019-10-11 03:27:06,809 [632ef2d3-f6b6-4032-ba6a-967bd3e1777d@group-971A872BE40A-SegmentedRaftLogWorker] INFO  segmented.SegmentedRaftLogWorker (SegmentedRaftLogWorker.java:run(316)) - 632ef2d3-f6b6-4032-ba6a-967bd3e1777d@group-971A872BE40A-SegmentedRaftLogWorker was interrupted, exiting. There are 0 tasks remaining in the queue.
2019-10-11 03:27:06,821 [ForkJoinPool.commonPool-worker-0] INFO  segmented.SegmentedRaftLogWorker (SegmentedRaftLogWorker.java:close(224)) - 632ef2d3-f6b6-4032-ba6a-967bd3e1777d@group-971A872BE40A-SegmentedRaftLogWorker close()
2019-10-11 03:27:06,827 [8df26319-7b85-4a99-b7cd-52a4b6b20098@group-33E094F07A4A-StateMachineUpdater] INFO  ratis.ContainerStateMachine (ContainerStateMachine.java:takeSnapshot(305)) - group-33E094F07A4A: Finished taking a snapshot at:(t:1, i:14) file:/workdir/hadoop-ozone/integration-test/target/test-dir/MiniOzoneClusterImpl-fc6dcb28-33a0-4875-b9f0-4cef493e9258/datanode-4/data/ratis/fcf8909a-b57c-4775-8650-33e094f07a4a/sm/snapshot.1_14 time:28
2019-10-11 03:27:06,827 [ForkJoinPool.commonPool-worker-0] INFO  server.GrpcService (GrpcService.java:closeImpl(164)) - 632ef2d3-f6b6-4032-ba6a-967bd3e1777d: shutdown server with port 44789 now
2019-10-11 03:27:06,827 [8df26319-7b85-4a99-b7cd-52a4b6b20098@group-33E094F07A4A-StateMachineUpdater] INFO  impl.StateMachineUpdater (StateMachineUpdater.java:takeSnapshot(269)) - 8df26319-7b85-4a99-b7cd-52a4b6b20098@group-33E094F07A4A-StateMachineUpdater: Took a snapshot at index 14
2019-10-11 03:27:06,827 [8df26319-7b85-4a99-b7cd-52a4b6b20098@group-33E094F07A4A-StateMachineUpdater] INFO  impl.StateMachineUpdater (StateMachineUpdater.java:lambda$new$0(84)) - 8df26319-7b85-4a99-b7cd-52a4b6b20098@group-33E094F07A4A-StateMachineUpdater: snapshotIndex: updateIncreasingly 14 -> 14
2019-10-11 03:27:06,828 [ForkJoinPool.commonPool-worker-0] INFO  server.GrpcService (GrpcService.java:closeImpl(172)) - 632ef2d3-f6b6-4032-ba6a-967bd3e1777d: shutdown server with port 44789 successfully
2019-10-11 03:27:06,828 [main] INFO  impl.RaftServerImpl (ServerState.java:close(387)) - 8df26319-7b85-4a99-b7cd-52a4b6b20098@group-33E094F07A4A: closes. applyIndex: 18
2019-10-11 03:27:06,829 [8df26319-7b85-4a99-b7cd-52a4b6b20098@group-33E094F07A4A-SegmentedRaftLogWorker] INFO  segmented.SegmentedRaftLogWorker (SegmentedRaftLogWorker.java:run(316)) - 8df26319-7b85-4a99-b7cd-52a4b6b20098@group-33E094F07A4A-SegmentedRaftLogWorker was interrupted, exiting. There are 0 tasks remaining in the queue.
2019-10-11 03:27:06,832 [main] INFO  segmented.SegmentedRaftLogWorker (SegmentedRaftLogWorker.java:close(224)) - 8df26319-7b85-4a99-b7cd-52a4b6b20098@group-33E094F07A4A-SegmentedRaftLogWorker close()
2019-10-11 03:27:06,837 [main] INFO  server.GrpcService (GrpcService.java:closeImpl(164)) - 8df26319-7b85-4a99-b7cd-52a4b6b20098: shutdown server with port 34348 now
2019-10-11 03:27:06,838 [main] INFO  server.GrpcService (GrpcService.java:closeImpl(172)) - 8df26319-7b85-4a99-b7cd-52a4b6b20098: shutdown server with port 34348 successfully
2019-10-11 03:27:06,839 [refreshUsed-/workdir/hadoop-ozone/integration-test/target/test-dir/MiniOzoneClusterImpl-fc6dcb28-33a0-4875-b9f0-4cef493e9258/datanode-1/data/containers] WARN  fs.CachingGetSpaceUsed (CachingGetSpaceUsed.java:run(183)) - Thread Interrupted waiting to refresh disk information: sleep interrupted
2019-10-11 03:27:06,844 [refreshUsed-/workdir/hadoop-ozone/integration-test/target/test-dir/MiniOzoneClusterImpl-fc6dcb28-33a0-4875-b9f0-4cef493e9258/datanode-4/data/containers] WARN  fs.CachingGetSpaceUsed (CachingGetSpaceUsed.java:run(183)) - Thread Interrupted waiting to refresh disk information: sleep interrupted
2019-10-11 03:27:06,860 [ForkJoinPool.commonPool-worker-0] INFO  utils.BackgroundService (BackgroundService.java:shutdown(151)) - Shutting down service BlockDeletingService
2019-10-11 03:27:06,867 [ForkJoinPool.commonPool-worker-0] INFO  statemachine.DatanodeStateMachine (DatanodeStateMachine.java:stopDaemon(395)) - Ozone container server stopped.
2019-10-11 03:27:06,874 [ForkJoinPool.commonPool-worker-0] INFO  handler.ContextHandler (ContextHandler.java:doStop(910)) - Stopped o.e.j.w.WebAppContext@ceb7701{/,null,UNAVAILABLE}{/hddsDatanode}
2019-10-11 03:27:06,874 [ForkJoinPool.commonPool-worker-0] INFO  server.AbstractConnector (AbstractConnector.java:doStop(318)) - Stopped ServerConnector@5e193ef5{HTTP/1.1,[http/1.1]}{0.0.0.0:0}
2019-10-11 03:27:06,877 [ForkJoinPool.commonPool-worker-0] INFO  handler.ContextHandler (ContextHandler.java:doStop(910)) - Stopped o.e.j.s.ServletContextHandler@203e705e{/static,jar:file:/home/user/.m2/repository/org/apache/hadoop/hadoop-hdds-container-service/0.5.0-SNAPSHOT/hadoop-hdds-container-service-0.5.0-SNAPSHOT.jar!/webapps/static,UNAVAILABLE}
2019-10-11 03:27:06,879 [ForkJoinPool.commonPool-worker-0] INFO  handler.ContextHandler (ContextHandler.java:doStop(910)) - Stopped o.e.j.s.ServletContextHandler@42a0786f{/logs,file:///workdir/hadoop-ozone/integration-test/target/log,UNAVAILABLE}
2019-10-11 03:27:06,879 [main] INFO  utils.BackgroundService (BackgroundService.java:shutdown(151)) - Shutting down service BlockDeletingService
2019-10-11 03:27:06,885 [main] INFO  statemachine.DatanodeStateMachine (DatanodeStateMachine.java:stopDaemon(395)) - Ozone container server stopped.
2019-10-11 03:27:06,886 [main] INFO  handler.ContextHandler (ContextHandler.java:doStop(910)) - Stopped o.e.j.w.WebAppContext@19ad75e5{/,null,UNAVAILABLE}{/hddsDatanode}
2019-10-11 03:27:06,887 [main] INFO  server.AbstractConnector (AbstractConnector.java:doStop(318)) - Stopped ServerConnector@7cd5fcf4{HTTP/1.1,[http/1.1]}{0.0.0.0:0}
2019-10-11 03:27:06,887 [main] INFO  handler.ContextHandler (ContextHandler.java:doStop(910)) - Stopped o.e.j.s.ServletContextHandler@2bf2d6eb{/static,jar:file:/home/user/.m2/repository/org/apache/hadoop/hadoop-hdds-container-service/0.5.0-SNAPSHOT/hadoop-hdds-container-service-0.5.0-SNAPSHOT.jar!/webapps/static,UNAVAILABLE}
2019-10-11 03:27:06,888 [main] INFO  handler.ContextHandler (ContextHandler.java:doStop(910)) - Stopped o.e.j.s.ServletContextHandler@774d8276{/logs,file:///workdir/hadoop-ozone/integration-test/target/log,UNAVAILABLE}
2019-10-11 03:27:07,345 [Datanode State Machine Thread - 0] INFO  statemachine.DatanodeStateMachine (DatanodeStateMachine.java:lambda$startDaemon$0(350)) - Ozone container server started.
2019-10-11 03:27:07,670 [Datanode State Machine Thread - 0] INFO  statemachine.DatanodeStateMachine (DatanodeStateMachine.java:lambda$startDaemon$0(350)) - Ozone container server started.
2019-10-11 03:27:11,420 [EventQueue-StaleNodeForStaleNodeHandler] INFO  node.StaleNodeHandler (StaleNodeHandler.java:onMessage(58)) - Datanode 6a64fa26-3b78-4b78-adac-c84034f3e696{ip: 192.168.164.250, host: pr-hdds-2181-fvjjj-1641646571, networkLocation: /default-rack, certSerialId: null} moved to stale state. Finalizing its pipelines [PipelineID=183c672f-203e-4d79-9513-c1c6f750b92a, PipelineID=522adc9a-4905-4b0a-90ed-cc0cbef77eb7]
2019-10-11 03:27:11,422 [EventQueue-StaleNodeForStaleNodeHandler] INFO  pipeline.SCMPipelineManager (SCMPipelineManager.java:finalizeAndDestroyPipeline(315)) - destroying pipeline:Pipeline[ Id: 183c672f-203e-4d79-9513-c1c6f750b92a, Nodes: 6a64fa26-3b78-4b78-adac-c84034f3e696{ip: 192.168.164.250, host: pr-hdds-2181-fvjjj-1641646571, networkLocation: /default-rack, certSerialId: null}, Type:RATIS, Factor:ONE, State:OPEN]
2019-10-11 03:27:11,423 [EventQueue-StaleNodeForStaleNodeHandler] INFO  pipeline.PipelineStateManager (PipelineStateManager.java:finalizePipeline(123)) - Pipeline Pipeline[ Id: 183c672f-203e-4d79-9513-c1c6f750b92a, Nodes: 6a64fa26-3b78-4b78-adac-c84034f3e696{ip: 192.168.164.250, host: pr-hdds-2181-fvjjj-1641646571, networkLocation: /default-rack, certSerialId: null}, Type:RATIS, Factor:ONE, State:CLOSED] moved to CLOSED state
2019-10-11 03:27:11,424 [EventQueue-StaleNodeForStaleNodeHandler] INFO  pipeline.SCMPipelineManager (SCMPipelineManager.java:finalizeAndDestroyPipeline(315)) - destroying pipeline:Pipeline[ Id: 522adc9a-4905-4b0a-90ed-cc0cbef77eb7, Nodes: b5916a00-4678-44bb-bec6-59831e8787d7{ip: 192.168.164.250, host: pr-hdds-2181-fvjjj-1641646571, networkLocation: /default-rack, certSerialId: null}adf578df-9fcd-492e-b730-432f6b8d35a3{ip: 192.168.164.250, host: pr-hdds-2181-fvjjj-1641646571, networkLocation: /default-rack, certSerialId: null}6a64fa26-3b78-4b78-adac-c84034f3e696{ip: 192.168.164.250, host: pr-hdds-2181-fvjjj-1641646571, networkLocation: /default-rack, certSerialId: null}, Type:RATIS, Factor:THREE, State:OPEN]
2019-10-11 03:27:11,424 [EventQueue-StaleNodeForStaleNodeHandler] INFO  pipeline.PipelineStateManager (PipelineStateManager.java:finalizePipeline(123)) - Pipeline Pipeline[ Id: 522adc9a-4905-4b0a-90ed-cc0cbef77eb7, Nodes: b5916a00-4678-44bb-bec6-59831e8787d7{ip: 192.168.164.250, host: pr-hdds-2181-fvjjj-1641646571, networkLocation: /default-rack, certSerialId: null}adf578df-9fcd-492e-b730-432f6b8d35a3{ip: 192.168.164.250, host: pr-hdds-2181-fvjjj-1641646571, networkLocation: /default-rack, certSerialId: null}6a64fa26-3b78-4b78-adac-c84034f3e696{ip: 192.168.164.250, host: pr-hdds-2181-fvjjj-1641646571, networkLocation: /default-rack, certSerialId: null}, Type:RATIS, Factor:THREE, State:CLOSED] moved to CLOSED state
2019-10-11 03:27:11,425 [EventQueue-CloseContainerForCloseContainerEventHandler] INFO  container.CloseContainerEventHandler (CloseContainerEventHandler.java:onMessage(61)) - Close container Event triggered for container : #2
2019-10-11 03:27:11,719 [EventQueue-StaleNodeForStaleNodeHandler] INFO  node.StaleNodeHandler (StaleNodeHandler.java:onMessage(58)) - Datanode 7f2a13cb-5d59-47e3-8c3b-526bd99d7c0a{ip: 192.168.164.250, host: pr-hdds-2181-fvjjj-1641646571, networkLocation: /default-rack, certSerialId: null} moved to stale state. Finalizing its pipelines [PipelineID=023f207a-358a-4a59-9eec-89116f93da2b]
2019-10-11 03:27:11,723 [EventQueue-StaleNodeForStaleNodeHandler] INFO  pipeline.SCMPipelineManager (SCMPipelineManager.java:finalizeAndDestroyPipeline(315)) - destroying pipeline:Pipeline[ Id: 023f207a-358a-4a59-9eec-89116f93da2b, Nodes: 7f2a13cb-5d59-47e3-8c3b-526bd99d7c0a{ip: 192.168.164.250, host: pr-hdds-2181-fvjjj-1641646571, networkLocation: /default-rack, certSerialId: null}, Type:RATIS, Factor:ONE, State:OPEN]
2019-10-11 03:27:11,724 [EventQueue-StaleNodeForStaleNodeHandler] INFO  pipeline.PipelineStateManager (PipelineStateManager.java:finalizePipeline(123)) - Pipeline Pipeline[ Id: 023f207a-358a-4a59-9eec-89116f93da2b, Nodes: 7f2a13cb-5d59-47e3-8c3b-526bd99d7c0a{ip: 192.168.164.250, host: pr-hdds-2181-fvjjj-1641646571, networkLocation: /default-rack, certSerialId: null}, Type:RATIS, Factor:ONE, State:CLOSED] moved to CLOSED state
2019-10-11 03:27:11,881 [ForkJoinPool.commonPool-worker-0] INFO  ozoneimpl.OzoneContainer (OzoneContainer.java:stop(227)) - Attempting to stop container services.
2019-10-11 03:27:11,881 [ForkJoinPool.commonPool-worker-0] INFO  impl.RaftServerProxy (RaftServerProxy.java:lambda$close$4(314)) - 7f2a13cb-5d59-47e3-8c3b-526bd99d7c0a: close
2019-10-11 03:27:11,882 [ForkJoinPool.commonPool-worker-0] INFO  impl.RaftServerImpl (RaftServerImpl.java:lambda$shutdown$3(247)) - 7f2a13cb-5d59-47e3-8c3b-526bd99d7c0a@group-89116F93DA2B: shutdown
2019-10-11 03:27:11,882 [ForkJoinPool.commonPool-worker-0] INFO  util.JmxRegister (JmxRegister.java:unregister(73)) - Successfully un-registered JMX Bean with object name Ratis:service=RaftServer,group=group-89116F93DA2B,id=7f2a13cb-5d59-47e3-8c3b-526bd99d7c0a
2019-10-11 03:27:11,882 [ForkJoinPool.commonPool-worker-0] INFO  impl.RoleInfo (RoleInfo.java:shutdownLeaderState(104)) - 7f2a13cb-5d59-47e3-8c3b-526bd99d7c0a: shutdown LeaderState
2019-10-11 03:27:11,883 [ForkJoinPool.commonPool-worker-0] INFO  impl.PendingRequests (PendingRequests.java:sendNotLeaderResponses(202)) - 7f2a13cb-5d59-47e3-8c3b-526bd99d7c0a@group-89116F93DA2B-PendingRequests: sendNotLeaderResponses
2019-10-11 03:27:11,883 [ForkJoinPool.commonPool-worker-0] INFO  impl.StateMachineUpdater (StateMachineUpdater.java:stopAndJoin(136)) - 7f2a13cb-5d59-47e3-8c3b-526bd99d7c0a@group-89116F93DA2B-StateMachineUpdater: set stopIndex = 0
2019-10-11 03:27:11,884 [ForkJoinPool.commonPool-worker-0] INFO  impl.RaftServerImpl (ServerState.java:close(387)) - 7f2a13cb-5d59-47e3-8c3b-526bd99d7c0a@group-89116F93DA2B: closes. applyIndex: 0
2019-10-11 03:27:11,884 [7f2a13cb-5d59-47e3-8c3b-526bd99d7c0a@group-89116F93DA2B-SegmentedRaftLogWorker] INFO  segmented.SegmentedRaftLogWorker (SegmentedRaftLogWorker.java:run(316)) - 7f2a13cb-5d59-47e3-8c3b-526bd99d7c0a@group-89116F93DA2B-SegmentedRaftLogWorker was interrupted, exiting. There are 0 tasks remaining in the queue.
2019-10-11 03:27:11,887 [ForkJoinPool.commonPool-worker-0] INFO  segmented.SegmentedRaftLogWorker (SegmentedRaftLogWorker.java:close(224)) - 7f2a13cb-5d59-47e3-8c3b-526bd99d7c0a@group-89116F93DA2B-SegmentedRaftLogWorker close()
2019-10-11 03:27:11,894 [ForkJoinPool.commonPool-worker-0] INFO  server.GrpcService (GrpcService.java:closeImpl(164)) - 7f2a13cb-5d59-47e3-8c3b-526bd99d7c0a: shutdown server with port 35044 now
2019-10-11 03:27:11,894 [main] INFO  ozoneimpl.OzoneContainer (OzoneContainer.java:stop(227)) - Attempting to stop container services.
2019-10-11 03:27:11,912 [ForkJoinPool.commonPool-worker-0] INFO  server.GrpcService (GrpcService.java:closeImpl(172)) - 7f2a13cb-5d59-47e3-8c3b-526bd99d7c0a: shutdown server with port 35044 successfully
2019-10-11 03:27:11,913 [main] INFO  impl.RaftServerProxy (RaftServerProxy.java:lambda$close$4(314)) - 6a64fa26-3b78-4b78-adac-c84034f3e696: close
2019-10-11 03:27:11,913 [main] INFO  impl.RaftServerImpl (RaftServerImpl.java:lambda$shutdown$3(247)) - 6a64fa26-3b78-4b78-adac-c84034f3e696@group-C1C6F750B92A: shutdown
2019-10-11 03:27:11,914 [main] INFO  util.JmxRegister (JmxRegister.java:unregister(73)) - Successfully un-registered JMX Bean with object name Ratis:service=RaftServer,group=group-C1C6F750B92A,id=6a64fa26-3b78-4b78-adac-c84034f3e696
2019-10-11 03:27:11,914 [main] INFO  impl.RoleInfo (RoleInfo.java:shutdownLeaderState(104)) - 6a64fa26-3b78-4b78-adac-c84034f3e696: shutdown LeaderState
2019-10-11 03:27:11,915 [main] INFO  impl.PendingRequests (PendingRequests.java:sendNotLeaderResponses(202)) - 6a64fa26-3b78-4b78-adac-c84034f3e696@group-C1C6F750B92A-PendingRequests: sendNotLeaderResponses
2019-10-11 03:27:11,915 [main] INFO  impl.StateMachineUpdater (StateMachineUpdater.java:stopAndJoin(136)) - 6a64fa26-3b78-4b78-adac-c84034f3e696@group-C1C6F750B92A-StateMachineUpdater: set stopIndex = 0
2019-10-11 03:27:11,917 [main] INFO  impl.RaftServerImpl (ServerState.java:close(387)) - 6a64fa26-3b78-4b78-adac-c84034f3e696@group-C1C6F750B92A: closes. applyIndex: 0
2019-10-11 03:27:11,918 [refreshUsed-/workdir/hadoop-ozone/integration-test/target/test-dir/MiniOzoneClusterImpl-fc6dcb28-33a0-4875-b9f0-4cef493e9258/datanode-0/data/containers] WARN  fs.CachingGetSpaceUsed (CachingGetSpaceUsed.java:run(183)) - Thread Interrupted waiting to refresh disk information: sleep interrupted
2019-10-11 03:27:11,918 [6a64fa26-3b78-4b78-adac-c84034f3e696@group-C1C6F750B92A-SegmentedRaftLogWorker] INFO  segmented.SegmentedRaftLogWorker (SegmentedRaftLogWorker.java:run(316)) - 6a64fa26-3b78-4b78-adac-c84034f3e696@group-C1C6F750B92A-SegmentedRaftLogWorker was interrupted, exiting. There are 0 tasks remaining in the queue.
2019-10-11 03:27:11,920 [main] INFO  segmented.SegmentedRaftLogWorker (SegmentedRaftLogWorker.java:close(224)) - 6a64fa26-3b78-4b78-adac-c84034f3e696@group-C1C6F750B92A-SegmentedRaftLogWorker close()
2019-10-11 03:27:11,924 [main] INFO  impl.RaftServerImpl (RaftServerImpl.java:lambda$shutdown$3(247)) - 6a64fa26-3b78-4b78-adac-c84034f3e696@group-CC0CBEF77EB7: shutdown
2019-10-11 03:27:11,924 [main] INFO  util.JmxRegister (JmxRegister.java:unregister(73)) - Successfully un-registered JMX Bean with object name Ratis:service=RaftServer,group=group-CC0CBEF77EB7,id=6a64fa26-3b78-4b78-adac-c84034f3e696
2019-10-11 03:27:11,924 [main] INFO  impl.RoleInfo (RoleInfo.java:shutdownLeaderState(104)) - 6a64fa26-3b78-4b78-adac-c84034f3e696: shutdown LeaderState
2019-10-11 03:27:11,927 [main] INFO  impl.PendingRequests (PendingRequests.java:sendNotLeaderResponses(202)) - 6a64fa26-3b78-4b78-adac-c84034f3e696@group-CC0CBEF77EB7-PendingRequests: sendNotLeaderResponses
2019-10-11 03:27:11,927 [org.apache.ratis.server.impl.LogAppender$AppenderDaemon$$Lambda$528/799114223@1a4dd9f4] WARN  server.GrpcLogAppender (GrpcLogAppender.java:mayWait(143)) - 6a64fa26-3b78-4b78-adac-c84034f3e696@group-CC0CBEF77EB7->b5916a00-4678-44bb-bec6-59831e8787d7-GrpcLogAppender: Wait interrupted by java.lang.InterruptedException
2019-10-11 03:27:11,928 [org.apache.ratis.server.impl.LogAppender$AppenderDaemon$$Lambda$528/799114223@6bf04815] WARN  server.GrpcLogAppender (GrpcLogAppender.java:mayWait(143)) - 6a64fa26-3b78-4b78-adac-c84034f3e696@group-CC0CBEF77EB7->adf578df-9fcd-492e-b730-432f6b8d35a3-GrpcLogAppender: Wait interrupted by java.lang.InterruptedException
2019-10-11 03:27:11,931 [main] INFO  impl.StateMachineUpdater (StateMachineUpdater.java:stopAndJoin(136)) - 6a64fa26-3b78-4b78-adac-c84034f3e696@group-CC0CBEF77EB7-StateMachineUpdater: set stopIndex = 16
2019-10-11 03:27:11,932 [grpc-default-executor-9] INFO  server.GrpcServerProtocolService (GrpcServerProtocolService.java:onCompleted(113)) - adf578df-9fcd-492e-b730-432f6b8d35a3: Completed APPEND_ENTRIES, lastRequest: 6a64fa26-3b78-4b78-adac-c84034f3e696->adf578df-9fcd-492e-b730-432f6b8d35a3#25-t2, previous=(t:2, i:16), leaderCommit=16, initializing? false, entries: <empty>
2019-10-11 03:27:11,931 [6a64fa26-3b78-4b78-adac-c84034f3e696@group-CC0CBEF77EB7-StateMachineUpdater] INFO  ratis.ContainerStateMachine (ContainerStateMachine.java:takeSnapshot(294)) - group-CC0CBEF77EB7: Taking a snapshot at:(t:2, i:14) file /workdir/hadoop-ozone/integration-test/target/test-dir/MiniOzoneClusterImpl-fc6dcb28-33a0-4875-b9f0-4cef493e9258/datanode-3/data/ratis/522adc9a-4905-4b0a-90ed-cc0cbef77eb7/sm/snapshot.2_14
2019-10-11 03:27:11,932 [grpc-default-executor-2] INFO  server.GrpcServerProtocolService (GrpcServerProtocolService.java:onCompleted(113)) - b5916a00-4678-44bb-bec6-59831e8787d7: Completed APPEND_ENTRIES, lastRequest: 6a64fa26-3b78-4b78-adac-c84034f3e696->b5916a00-4678-44bb-bec6-59831e8787d7#25-t2, previous=(t:2, i:16), leaderCommit=16, initializing? false, entries: <empty>
2019-10-11 03:27:11,932 [grpc-default-executor-6] INFO  server.GrpcLogAppender (GrpcLogAppender.java:onCompleted(293)) - 6a64fa26-3b78-4b78-adac-c84034f3e696@group-CC0CBEF77EB7->adf578df-9fcd-492e-b730-432f6b8d35a3-AppendLogResponseHandler: follower responses appendEntries COMPLETED
2019-10-11 03:27:11,932 [grpc-default-executor-2] INFO  server.GrpcLogAppender (GrpcLogAppender.java:onCompleted(293)) - 6a64fa26-3b78-4b78-adac-c84034f3e696@group-CC0CBEF77EB7->b5916a00-4678-44bb-bec6-59831e8787d7-AppendLogResponseHandler: follower responses appendEntries COMPLETED
2019-10-11 03:27:11,933 [grpc-default-executor-6] INFO  impl.FollowerInfo (FollowerInfo.java:lambda$new$0(51)) - 6a64fa26-3b78-4b78-adac-c84034f3e696@group-CC0CBEF77EB7->adf578df-9fcd-492e-b730-432f6b8d35a3: nextIndex: updateUnconditionally 17 -> 16
2019-10-11 03:27:11,933 [grpc-default-executor-2] INFO  impl.FollowerInfo (FollowerInfo.java:lambda$new$0(51)) - 6a64fa26-3b78-4b78-adac-c84034f3e696@group-CC0CBEF77EB7->b5916a00-4678-44bb-bec6-59831e8787d7: nextIndex: updateUnconditionally 17 -> 16
2019-10-11 03:27:11,942 [ForkJoinPool.commonPool-worker-0] INFO  utils.BackgroundService (BackgroundService.java:shutdown(151)) - Shutting down service BlockDeletingService
2019-10-11 03:27:11,947 [ForkJoinPool.commonPool-worker-0] INFO  statemachine.DatanodeStateMachine (DatanodeStateMachine.java:stopDaemon(395)) - Ozone container server stopped.
2019-10-11 03:27:11,953 [ForkJoinPool.commonPool-worker-0] INFO  handler.ContextHandler (ContextHandler.java:doStop(910)) - Stopped o.e.j.w.WebAppContext@7eb27768{/,null,UNAVAILABLE}{/hddsDatanode}
2019-10-11 03:27:11,954 [ForkJoinPool.commonPool-worker-0] INFO  server.AbstractConnector (AbstractConnector.java:doStop(318)) - Stopped ServerConnector@6169be09{HTTP/1.1,[http/1.1]}{0.0.0.0:0}
2019-10-11 03:27:11,955 [ForkJoinPool.commonPool-worker-0] INFO  handler.ContextHandler (ContextHandler.java:doStop(910)) - Stopped o.e.j.s.ServletContextHandler@57cabdc3{/static,jar:file:/home/user/.m2/repository/org/apache/hadoop/hadoop-hdds-container-service/0.5.0-SNAPSHOT/hadoop-hdds-container-service-0.5.0-SNAPSHOT.jar!/webapps/static,UNAVAILABLE}
2019-10-11 03:27:11,956 [6a64fa26-3b78-4b78-adac-c84034f3e696@group-CC0CBEF77EB7-StateMachineUpdater] INFO  ratis.ContainerStateMachine (ContainerStateMachine.java:takeSnapshot(305)) - group-CC0CBEF77EB7: Finished taking a snapshot at:(t:2, i:14) file:/workdir/hadoop-ozone/integration-test/target/test-dir/MiniOzoneClusterImpl-fc6dcb28-33a0-4875-b9f0-4cef493e9258/datanode-3/data/ratis/522adc9a-4905-4b0a-90ed-cc0cbef77eb7/sm/snapshot.2_14 time:24
2019-10-11 03:27:11,957 [ForkJoinPool.commonPool-worker-0] INFO  handler.ContextHandler (ContextHandler.java:doStop(910)) - Stopped o.e.j.s.ServletContextHandler@6fbf5db2{/logs,file:///workdir/hadoop-ozone/integration-test/target/log,UNAVAILABLE}
2019-10-11 03:27:11,957 [6a64fa26-3b78-4b78-adac-c84034f3e696@group-CC0CBEF77EB7-StateMachineUpdater] INFO  impl.StateMachineUpdater (StateMachineUpdater.java:takeSnapshot(269)) - 6a64fa26-3b78-4b78-adac-c84034f3e696@group-CC0CBEF77EB7-StateMachineUpdater: Took a snapshot at index 14
2019-10-11 03:27:11,958 [6a64fa26-3b78-4b78-adac-c84034f3e696@group-CC0CBEF77EB7-StateMachineUpdater] INFO  impl.StateMachineUpdater (StateMachineUpdater.java:lambda$new$0(84)) - 6a64fa26-3b78-4b78-adac-c84034f3e696@group-CC0CBEF77EB7-StateMachineUpdater: snapshotIndex: updateIncreasingly -1 -> 14
2019-10-11 03:27:11,958 [6a64fa26-3b78-4b78-adac-c84034f3e696@group-CC0CBEF77EB7-StateMachineUpdater] INFO  ratis.ContainerStateMachine (ContainerStateMachine.java:takeSnapshot(294)) - group-CC0CBEF77EB7: Taking a snapshot at:(t:2, i:14) file /workdir/hadoop-ozone/integration-test/target/test-dir/MiniOzoneClusterImpl-fc6dcb28-33a0-4875-b9f0-4cef493e9258/datanode-3/data/ratis/522adc9a-4905-4b0a-90ed-cc0cbef77eb7/sm/snapshot.2_14
2019-10-11 03:27:11,981 [6a64fa26-3b78-4b78-adac-c84034f3e696@group-CC0CBEF77EB7-StateMachineUpdater] INFO  ratis.ContainerStateMachine (ContainerStateMachine.java:takeSnapshot(305)) - group-CC0CBEF77EB7: Finished taking a snapshot at:(t:2, i:14) file:/workdir/hadoop-ozone/integration-test/target/test-dir/MiniOzoneClusterImpl-fc6dcb28-33a0-4875-b9f0-4cef493e9258/datanode-3/data/ratis/522adc9a-4905-4b0a-90ed-cc0cbef77eb7/sm/snapshot.2_14 time:22
2019-10-11 03:27:11,981 [6a64fa26-3b78-4b78-adac-c84034f3e696@group-CC0CBEF77EB7-StateMachineUpdater] INFO  impl.StateMachineUpdater (StateMachineUpdater.java:takeSnapshot(269)) - 6a64fa26-3b78-4b78-adac-c84034f3e696@group-CC0CBEF77EB7-StateMachineUpdater: Took a snapshot at index 14
2019-10-11 03:27:11,981 [6a64fa26-3b78-4b78-adac-c84034f3e696@group-CC0CBEF77EB7-StateMachineUpdater] INFO  impl.StateMachineUpdater (StateMachineUpdater.java:lambda$new$0(84)) - 6a64fa26-3b78-4b78-adac-c84034f3e696@group-CC0CBEF77EB7-StateMachineUpdater: snapshotIndex: updateIncreasingly 14 -> 14
2019-10-11 03:27:11,982 [main] INFO  impl.RaftServerImpl (ServerState.java:close(387)) - 6a64fa26-3b78-4b78-adac-c84034f3e696@group-CC0CBEF77EB7: closes. applyIndex: 16
2019-10-11 03:27:11,982 [6a64fa26-3b78-4b78-adac-c84034f3e696@group-CC0CBEF77EB7-SegmentedRaftLogWorker] INFO  segmented.SegmentedRaftLogWorker (SegmentedRaftLogWorker.java:run(316)) - 6a64fa26-3b78-4b78-adac-c84034f3e696@group-CC0CBEF77EB7-SegmentedRaftLogWorker was interrupted, exiting. There are 0 tasks remaining in the queue.
2019-10-11 03:27:11,985 [main] INFO  segmented.SegmentedRaftLogWorker (SegmentedRaftLogWorker.java:close(224)) - 6a64fa26-3b78-4b78-adac-c84034f3e696@group-CC0CBEF77EB7-SegmentedRaftLogWorker close()
2019-10-11 03:27:11,989 [main] INFO  server.GrpcService (GrpcService.java:closeImpl(164)) - 6a64fa26-3b78-4b78-adac-c84034f3e696: shutdown server with port 45461 now
2019-10-11 03:27:11,990 [grpc-default-executor-6] WARN  client.GrpcClientProtocolService (LogUtils.java:warn(134)) - 1-UnorderedRequestStreamObserver1: onError: org.apache.ratis.thirdparty.io.grpc.StatusRuntimeException: CANCELLED: cancelled before receiving half close
2019-10-11 03:27:11,990 [main] INFO  server.GrpcService (GrpcService.java:closeImpl(172)) - 6a64fa26-3b78-4b78-adac-c84034f3e696: shutdown server with port 45461 successfully
2019-10-11 03:27:11,993 [refreshUsed-/workdir/hadoop-ozone/integration-test/target/test-dir/MiniOzoneClusterImpl-fc6dcb28-33a0-4875-b9f0-4cef493e9258/datanode-3/data/containers] WARN  fs.CachingGetSpaceUsed (CachingGetSpaceUsed.java:run(183)) - Thread Interrupted waiting to refresh disk information: sleep interrupted
2019-10-11 03:27:12,007 [main] INFO  utils.BackgroundService (BackgroundService.java:shutdown(151)) - Shutting down service BlockDeletingService
2019-10-11 03:27:12,013 [main] INFO  statemachine.DatanodeStateMachine (DatanodeStateMachine.java:stopDaemon(395)) - Ozone container server stopped.
2019-10-11 03:27:12,014 [main] INFO  handler.ContextHandler (ContextHandler.java:doStop(910)) - Stopped o.e.j.w.WebAppContext@6321a5aa{/,null,UNAVAILABLE}{/hddsDatanode}
2019-10-11 03:27:12,015 [main] INFO  server.AbstractConnector (AbstractConnector.java:doStop(318)) - Stopped ServerConnector@1c7f9861{HTTP/1.1,[http/1.1]}{0.0.0.0:0}
2019-10-11 03:27:12,015 [main] INFO  handler.ContextHandler (ContextHandler.java:doStop(910)) - Stopped o.e.j.s.ServletContextHandler@27e44e9c{/static,jar:file:/home/user/.m2/repository/org/apache/hadoop/hadoop-hdds-container-service/0.5.0-SNAPSHOT/hadoop-hdds-container-service-0.5.0-SNAPSHOT.jar!/webapps/static,UNAVAILABLE}
2019-10-11 03:27:12,016 [main] INFO  handler.ContextHandler (ContextHandler.java:doStop(910)) - Stopped o.e.j.s.ServletContextHandler@30508066{/logs,file:///workdir/hadoop-ozone/integration-test/target/log,UNAVAILABLE}
2019-10-11 03:27:12,348 [Datanode State Machine Thread - 0] INFO  statemachine.DatanodeStateMachine (DatanodeStateMachine.java:lambda$startDaemon$0(350)) - Ozone container server started.
2019-10-11 03:27:12,348 [Datanode State Machine Thread - 0] INFO  statemachine.DatanodeStateMachine (DatanodeStateMachine.java:lambda$startDaemon$0(350)) - Ozone container server started.
2019-10-11 03:27:16,427 [EventQueue-StaleNodeForStaleNodeHandler] INFO  node.StaleNodeHandler (StaleNodeHandler.java:onMessage(58)) - Datanode b5916a00-4678-44bb-bec6-59831e8787d7{ip: 192.168.164.250, host: pr-hdds-2181-fvjjj-1641646571, networkLocation: /default-rack, certSerialId: null} moved to stale state. Finalizing its pipelines [PipelineID=ceec562d-924e-434d-b1cd-bb874ae5b79c, PipelineID=522adc9a-4905-4b0a-90ed-cc0cbef77eb7]
2019-10-11 03:27:16,427 [EventQueue-StaleNodeForStaleNodeHandler] INFO  pipeline.SCMPipelineManager (SCMPipelineManager.java:finalizeAndDestroyPipeline(315)) - destroying pipeline:Pipeline[ Id: ceec562d-924e-434d-b1cd-bb874ae5b79c, Nodes: b5916a00-4678-44bb-bec6-59831e8787d7{ip: 192.168.164.250, host: pr-hdds-2181-fvjjj-1641646571, networkLocation: /default-rack, certSerialId: null}, Type:RATIS, Factor:ONE, State:OPEN]
2019-10-11 03:27:16,428 [EventQueue-StaleNodeForStaleNodeHandler] INFO  pipeline.PipelineStateManager (PipelineStateManager.java:finalizePipeline(123)) - Pipeline Pipeline[ Id: ceec562d-924e-434d-b1cd-bb874ae5b79c, Nodes: b5916a00-4678-44bb-bec6-59831e8787d7{ip: 192.168.164.250, host: pr-hdds-2181-fvjjj-1641646571, networkLocation: /default-rack, certSerialId: null}, Type:RATIS, Factor:ONE, State:CLOSED] moved to CLOSED state
2019-10-11 03:27:16,428 [EventQueue-StaleNodeForStaleNodeHandler] INFO  pipeline.SCMPipelineManager (SCMPipelineManager.java:finalizeAndDestroyPipeline(315)) - destroying pipeline:Pipeline[ Id: 522adc9a-4905-4b0a-90ed-cc0cbef77eb7, Nodes: b5916a00-4678-44bb-bec6-59831e8787d7{ip: 192.168.164.250, host: pr-hdds-2181-fvjjj-1641646571, networkLocation: /default-rack, certSerialId: null}adf578df-9fcd-492e-b730-432f6b8d35a3{ip: 192.168.164.250, host: pr-hdds-2181-fvjjj-1641646571, networkLocation: /default-rack, certSerialId: null}6a64fa26-3b78-4b78-adac-c84034f3e696{ip: 192.168.164.250, host: pr-hdds-2181-fvjjj-1641646571, networkLocation: /default-rack, certSerialId: null}, Type:RATIS, Factor:THREE, State:CLOSED]
2019-10-11 03:27:16,428 [EventQueue-StaleNodeForStaleNodeHandler] INFO  node.StaleNodeHandler (StaleNodeHandler.java:onMessage(58)) - Datanode adf578df-9fcd-492e-b730-432f6b8d35a3{ip: 192.168.164.250, host: pr-hdds-2181-fvjjj-1641646571, networkLocation: /default-rack, certSerialId: null} moved to stale state. Finalizing its pipelines [PipelineID=5a776e64-308e-499f-9d24-e71d40bb2b24, PipelineID=522adc9a-4905-4b0a-90ed-cc0cbef77eb7]
2019-10-11 03:27:16,428 [EventQueue-StaleNodeForStaleNodeHandler] INFO  pipeline.SCMPipelineManager (SCMPipelineManager.java:finalizeAndDestroyPipeline(315)) - destroying pipeline:Pipeline[ Id: 5a776e64-308e-499f-9d24-e71d40bb2b24, Nodes: adf578df-9fcd-492e-b730-432f6b8d35a3{ip: 192.168.164.250, host: pr-hdds-2181-fvjjj-1641646571, networkLocation: /default-rack, certSerialId: null}, Type:RATIS, Factor:ONE, State:OPEN]
2019-10-11 03:27:16,428 [EventQueue-StaleNodeForStaleNodeHandler] INFO  pipeline.PipelineStateManager (PipelineStateManager.java:finalizePipeline(123)) - Pipeline Pipeline[ Id: 5a776e64-308e-499f-9d24-e71d40bb2b24, Nodes: adf578df-9fcd-492e-b730-432f6b8d35a3{ip: 192.168.164.250, host: pr-hdds-2181-fvjjj-1641646571, networkLocation: /default-rack, certSerialId: null}, Type:RATIS, Factor:ONE, State:CLOSED] moved to CLOSED state
2019-10-11 03:27:16,429 [EventQueue-StaleNodeForStaleNodeHandler] INFO  pipeline.SCMPipelineManager (SCMPipelineManager.java:finalizeAndDestroyPipeline(315)) - destroying pipeline:Pipeline[ Id: 522adc9a-4905-4b0a-90ed-cc0cbef77eb7, Nodes: b5916a00-4678-44bb-bec6-59831e8787d7{ip: 192.168.164.250, host: pr-hdds-2181-fvjjj-1641646571, networkLocation: /default-rack, certSerialId: null}adf578df-9fcd-492e-b730-432f6b8d35a3{ip: 192.168.164.250, host: pr-hdds-2181-fvjjj-1641646571, networkLocation: /default-rack, certSerialId: null}6a64fa26-3b78-4b78-adac-c84034f3e696{ip: 192.168.164.250, host: pr-hdds-2181-fvjjj-1641646571, networkLocation: /default-rack, certSerialId: null}, Type:RATIS, Factor:THREE, State:CLOSED]
2019-10-11 03:27:16,960 [ForkJoinPool.commonPool-worker-0] INFO  ozoneimpl.OzoneContainer (OzoneContainer.java:stop(227)) - Attempting to stop container services.
2019-10-11 03:27:16,964 [ForkJoinPool.commonPool-worker-0] INFO  impl.RaftServerProxy (RaftServerProxy.java:lambda$close$4(314)) - b5916a00-4678-44bb-bec6-59831e8787d7: close
2019-10-11 03:27:16,964 [ForkJoinPool.commonPool-worker-0] INFO  impl.RaftServerImpl (RaftServerImpl.java:lambda$shutdown$3(247)) - b5916a00-4678-44bb-bec6-59831e8787d7@group-BB874AE5B79C: shutdown
2019-10-11 03:27:16,965 [ForkJoinPool.commonPool-worker-0] INFO  util.JmxRegister (JmxRegister.java:unregister(73)) - Successfully un-registered JMX Bean with object name Ratis:service=RaftServer,group=group-BB874AE5B79C,id=b5916a00-4678-44bb-bec6-59831e8787d7
2019-10-11 03:27:16,965 [ForkJoinPool.commonPool-worker-0] INFO  impl.RoleInfo (RoleInfo.java:shutdownLeaderState(104)) - b5916a00-4678-44bb-bec6-59831e8787d7: shutdown LeaderState
2019-10-11 03:27:16,965 [ForkJoinPool.commonPool-worker-0] INFO  impl.PendingRequests (PendingRequests.java:sendNotLeaderResponses(202)) - b5916a00-4678-44bb-bec6-59831e8787d7@group-BB874AE5B79C-PendingRequests: sendNotLeaderResponses
2019-10-11 03:27:16,966 [ForkJoinPool.commonPool-worker-0] INFO  impl.StateMachineUpdater (StateMachineUpdater.java:stopAndJoin(136)) - b5916a00-4678-44bb-bec6-59831e8787d7@group-BB874AE5B79C-StateMachineUpdater: set stopIndex = 0
2019-10-11 03:27:16,966 [ForkJoinPool.commonPool-worker-0] INFO  impl.RaftServerImpl (ServerState.java:close(387)) - b5916a00-4678-44bb-bec6-59831e8787d7@group-BB874AE5B79C: closes. applyIndex: 0
2019-10-11 03:27:16,967 [b5916a00-4678-44bb-bec6-59831e8787d7@group-BB874AE5B79C-SegmentedRaftLogWorker] INFO  segmented.SegmentedRaftLogWorker (SegmentedRaftLogWorker.java:run(316)) - b5916a00-4678-44bb-bec6-59831e8787d7@group-BB874AE5B79C-SegmentedRaftLogWorker was interrupted, exiting. There are 0 tasks remaining in the queue.
2019-10-11 03:27:16,969 [ForkJoinPool.commonPool-worker-0] INFO  segmented.SegmentedRaftLogWorker (SegmentedRaftLogWorker.java:close(224)) - b5916a00-4678-44bb-bec6-59831e8787d7@group-BB874AE5B79C-SegmentedRaftLogWorker close()
2019-10-11 03:27:16,972 [ForkJoinPool.commonPool-worker-0] INFO  impl.RaftServerImpl (RaftServerImpl.java:lambda$shutdown$3(247)) - b5916a00-4678-44bb-bec6-59831e8787d7@group-CC0CBEF77EB7: shutdown
2019-10-11 03:27:16,972 [ForkJoinPool.commonPool-worker-0] INFO  util.JmxRegister (JmxRegister.java:unregister(73)) - Successfully un-registered JMX Bean with object name Ratis:service=RaftServer,group=group-CC0CBEF77EB7,id=b5916a00-4678-44bb-bec6-59831e8787d7
2019-10-11 03:27:16,972 [ForkJoinPool.commonPool-worker-0] INFO  impl.RoleInfo (RoleInfo.java:shutdownFollowerState(121)) - b5916a00-4678-44bb-bec6-59831e8787d7: shutdown FollowerState
2019-10-11 03:27:16,973 [ForkJoinPool.commonPool-worker-0] INFO  impl.StateMachineUpdater (StateMachineUpdater.java:stopAndJoin(136)) - b5916a00-4678-44bb-bec6-59831e8787d7@group-CC0CBEF77EB7-StateMachineUpdater: set stopIndex = 16
2019-10-11 03:27:16,973 [b5916a00-4678-44bb-bec6-59831e8787d7@group-CC0CBEF77EB7-StateMachineUpdater] INFO  ratis.ContainerStateMachine (ContainerStateMachine.java:takeSnapshot(294)) - group-CC0CBEF77EB7: Taking a snapshot at:(t:2, i:14) file /workdir/hadoop-ozone/integration-test/target/test-dir/MiniOzoneClusterImpl-fc6dcb28-33a0-4875-b9f0-4cef493e9258/datanode-6/data/ratis/522adc9a-4905-4b0a-90ed-cc0cbef77eb7/sm/snapshot.2_14
2019-10-11 03:27:16,973 [Thread-3208] INFO  impl.FollowerState (FollowerState.java:run(117)) - b5916a00-4678-44bb-bec6-59831e8787d7@group-CC0CBEF77EB7-FollowerState was interrupted: java.lang.InterruptedException: sleep interrupted
2019-10-11 03:27:17,004 [b5916a00-4678-44bb-bec6-59831e8787d7@group-CC0CBEF77EB7-StateMachineUpdater] INFO  ratis.ContainerStateMachine (ContainerStateMachine.java:takeSnapshot(305)) - group-CC0CBEF77EB7: Finished taking a snapshot at:(t:2, i:14) file:/workdir/hadoop-ozone/integration-test/target/test-dir/MiniOzoneClusterImpl-fc6dcb28-33a0-4875-b9f0-4cef493e9258/datanode-6/data/ratis/522adc9a-4905-4b0a-90ed-cc0cbef77eb7/sm/snapshot.2_14 time:31
2019-10-11 03:27:17,004 [b5916a00-4678-44bb-bec6-59831e8787d7@group-CC0CBEF77EB7-StateMachineUpdater] INFO  impl.StateMachineUpdater (StateMachineUpdater.java:takeSnapshot(269)) - b5916a00-4678-44bb-bec6-59831e8787d7@group-CC0CBEF77EB7-StateMachineUpdater: Took a snapshot at index 14
2019-10-11 03:27:17,004 [b5916a00-4678-44bb-bec6-59831e8787d7@group-CC0CBEF77EB7-StateMachineUpdater] INFO  impl.StateMachineUpdater (StateMachineUpdater.java:lambda$new$0(84)) - b5916a00-4678-44bb-bec6-59831e8787d7@group-CC0CBEF77EB7-StateMachineUpdater: snapshotIndex: updateIncreasingly -1 -> 14
2019-10-11 03:27:17,005 [b5916a00-4678-44bb-bec6-59831e8787d7@group-CC0CBEF77EB7-StateMachineUpdater] INFO  ratis.ContainerStateMachine (ContainerStateMachine.java:takeSnapshot(294)) - group-CC0CBEF77EB7: Taking a snapshot at:(t:2, i:14) file /workdir/hadoop-ozone/integration-test/target/test-dir/MiniOzoneClusterImpl-fc6dcb28-33a0-4875-b9f0-4cef493e9258/datanode-6/data/ratis/522adc9a-4905-4b0a-90ed-cc0cbef77eb7/sm/snapshot.2_14
2019-10-11 03:27:17,017 [main] INFO  ozoneimpl.OzoneContainer (OzoneContainer.java:stop(227)) - Attempting to stop container services.
2019-10-11 03:27:17,018 [main] INFO  impl.RaftServerProxy (RaftServerProxy.java:lambda$close$4(314)) - adf578df-9fcd-492e-b730-432f6b8d35a3: close
2019-10-11 03:27:17,018 [main] INFO  impl.RaftServerImpl (RaftServerImpl.java:lambda$shutdown$3(247)) - adf578df-9fcd-492e-b730-432f6b8d35a3@group-E71D40BB2B24: shutdown
2019-10-11 03:27:17,019 [main] INFO  util.JmxRegister (JmxRegister.java:unregister(73)) - Successfully un-registered JMX Bean with object name Ratis:service=RaftServer,group=group-E71D40BB2B24,id=adf578df-9fcd-492e-b730-432f6b8d35a3
2019-10-11 03:27:17,019 [main] INFO  impl.RoleInfo (RoleInfo.java:shutdownLeaderState(104)) - adf578df-9fcd-492e-b730-432f6b8d35a3: shutdown LeaderState
2019-10-11 03:27:17,020 [main] INFO  impl.PendingRequests (PendingRequests.java:sendNotLeaderResponses(202)) - adf578df-9fcd-492e-b730-432f6b8d35a3@group-E71D40BB2B24-PendingRequests: sendNotLeaderResponses
2019-10-11 03:27:17,020 [main] INFO  impl.StateMachineUpdater (StateMachineUpdater.java:stopAndJoin(136)) - adf578df-9fcd-492e-b730-432f6b8d35a3@group-E71D40BB2B24-StateMachineUpdater: set stopIndex = 0
2019-10-11 03:27:17,021 [main] INFO  impl.RaftServerImpl (ServerState.java:close(387)) - adf578df-9fcd-492e-b730-432f6b8d35a3@group-E71D40BB2B24: closes. applyIndex: 0
2019-10-11 03:27:17,021 [adf578df-9fcd-492e-b730-432f6b8d35a3@group-E71D40BB2B24-SegmentedRaftLogWorker] INFO  segmented.SegmentedRaftLogWorker (SegmentedRaftLogWorker.java:run(316)) - adf578df-9fcd-492e-b730-432f6b8d35a3@group-E71D40BB2B24-SegmentedRaftLogWorker was interrupted, exiting. There are 0 tasks remaining in the queue.
2019-10-11 03:27:17,026 [main] INFO  segmented.SegmentedRaftLogWorker (SegmentedRaftLogWorker.java:close(224)) - adf578df-9fcd-492e-b730-432f6b8d35a3@group-E71D40BB2B24-SegmentedRaftLogWorker close()
2019-10-11 03:27:17,026 [b5916a00-4678-44bb-bec6-59831e8787d7@group-CC0CBEF77EB7-StateMachineUpdater] INFO  ratis.ContainerStateMachine (ContainerStateMachine.java:takeSnapshot(305)) - group-CC0CBEF77EB7: Finished taking a snapshot at:(t:2, i:14) file:/workdir/hadoop-ozone/integration-test/target/test-dir/MiniOzoneClusterImpl-fc6dcb28-33a0-4875-b9f0-4cef493e9258/datanode-6/data/ratis/522adc9a-4905-4b0a-90ed-cc0cbef77eb7/sm/snapshot.2_14 time:21
2019-10-11 03:27:17,028 [main] INFO  impl.RaftServerImpl (RaftServerImpl.java:lambda$shutdown$3(247)) - adf578df-9fcd-492e-b730-432f6b8d35a3@group-CC0CBEF77EB7: shutdown
2019-10-11 03:27:17,028 [b5916a00-4678-44bb-bec6-59831e8787d7@group-CC0CBEF77EB7-StateMachineUpdater] INFO  impl.StateMachineUpdater (StateMachineUpdater.java:takeSnapshot(269)) - b5916a00-4678-44bb-bec6-59831e8787d7@group-CC0CBEF77EB7-StateMachineUpdater: Took a snapshot at index 14
2019-10-11 03:27:17,029 [main] INFO  util.JmxRegister (JmxRegister.java:unregister(73)) - Successfully un-registered JMX Bean with object name Ratis:service=RaftServer,group=group-CC0CBEF77EB7,id=adf578df-9fcd-492e-b730-432f6b8d35a3
2019-10-11 03:27:17,029 [b5916a00-4678-44bb-bec6-59831e8787d7@group-CC0CBEF77EB7-StateMachineUpdater] INFO  impl.StateMachineUpdater (StateMachineUpdater.java:lambda$new$0(84)) - b5916a00-4678-44bb-bec6-59831e8787d7@group-CC0CBEF77EB7-StateMachineUpdater: snapshotIndex: updateIncreasingly 14 -> 14
2019-10-11 03:27:17,029 [main] INFO  impl.RoleInfo (RoleInfo.java:shutdownFollowerState(121)) - adf578df-9fcd-492e-b730-432f6b8d35a3: shutdown FollowerState
2019-10-11 03:27:17,029 [ForkJoinPool.commonPool-worker-0] INFO  impl.RaftServerImpl (ServerState.java:close(387)) - b5916a00-4678-44bb-bec6-59831e8787d7@group-CC0CBEF77EB7: closes. applyIndex: 16
2019-10-11 03:27:17,030 [Thread-3204] INFO  impl.FollowerState (FollowerState.java:run(117)) - adf578df-9fcd-492e-b730-432f6b8d35a3@group-CC0CBEF77EB7-FollowerState was interrupted: java.lang.InterruptedException: sleep interrupted
2019-10-11 03:27:17,030 [main] INFO  impl.StateMachineUpdater (StateMachineUpdater.java:stopAndJoin(136)) - adf578df-9fcd-492e-b730-432f6b8d35a3@group-CC0CBEF77EB7-StateMachineUpdater: set stopIndex = 16
2019-10-11 03:27:17,030 [b5916a00-4678-44bb-bec6-59831e8787d7@group-CC0CBEF77EB7-SegmentedRaftLogWorker] INFO  segmented.SegmentedRaftLogWorker (SegmentedRaftLogWorker.java:run(316)) - b5916a00-4678-44bb-bec6-59831e8787d7@group-CC0CBEF77EB7-SegmentedRaftLogWorker was interrupted, exiting. There are 0 tasks remaining in the queue.
2019-10-11 03:27:17,030 [adf578df-9fcd-492e-b730-432f6b8d35a3@group-CC0CBEF77EB7-StateMachineUpdater] INFO  ratis.ContainerStateMachine (ContainerStateMachine.java:takeSnapshot(294)) - group-CC0CBEF77EB7: Taking a snapshot at:(t:2, i:14) file /workdir/hadoop-ozone/integration-test/target/test-dir/MiniOzoneClusterImpl-fc6dcb28-33a0-4875-b9f0-4cef493e9258/datanode-5/data/ratis/522adc9a-4905-4b0a-90ed-cc0cbef77eb7/sm/snapshot.2_14
2019-10-11 03:27:17,032 [ForkJoinPool.commonPool-worker-0] INFO  segmented.SegmentedRaftLogWorker (SegmentedRaftLogWorker.java:close(224)) - b5916a00-4678-44bb-bec6-59831e8787d7@group-CC0CBEF77EB7-SegmentedRaftLogWorker close()
2019-10-11 03:27:17,037 [ForkJoinPool.commonPool-worker-0] INFO  server.GrpcService (GrpcService.java:closeImpl(164)) - b5916a00-4678-44bb-bec6-59831e8787d7: shutdown server with port 37780 now
2019-10-11 03:27:17,039 [ForkJoinPool.commonPool-worker-0] INFO  server.GrpcService (GrpcService.java:closeImpl(172)) - b5916a00-4678-44bb-bec6-59831e8787d7: shutdown server with port 37780 successfully
2019-10-11 03:27:17,041 [refreshUsed-/workdir/hadoop-ozone/integration-test/target/test-dir/MiniOzoneClusterImpl-fc6dcb28-33a0-4875-b9f0-4cef493e9258/datanode-6/data/containers] WARN  fs.CachingGetSpaceUsed (CachingGetSpaceUsed.java:run(183)) - Thread Interrupted waiting to refresh disk information: sleep interrupted
2019-10-11 03:27:17,055 [adf578df-9fcd-492e-b730-432f6b8d35a3@group-CC0CBEF77EB7-StateMachineUpdater] INFO  ratis.ContainerStateMachine (ContainerStateMachine.java:takeSnapshot(305)) - group-CC0CBEF77EB7: Finished taking a snapshot at:(t:2, i:14) file:/workdir/hadoop-ozone/integration-test/target/test-dir/MiniOzoneClusterImpl-fc6dcb28-33a0-4875-b9f0-4cef493e9258/datanode-5/data/ratis/522adc9a-4905-4b0a-90ed-cc0cbef77eb7/sm/snapshot.2_14 time:25
2019-10-11 03:27:17,055 [adf578df-9fcd-492e-b730-432f6b8d35a3@group-CC0CBEF77EB7-StateMachineUpdater] INFO  impl.StateMachineUpdater (StateMachineUpdater.java:takeSnapshot(269)) - adf578df-9fcd-492e-b730-432f6b8d35a3@group-CC0CBEF77EB7-StateMachineUpdater: Took a snapshot at index 14
2019-10-11 03:27:17,055 [adf578df-9fcd-492e-b730-432f6b8d35a3@group-CC0CBEF77EB7-StateMachineUpdater] INFO  impl.StateMachineUpdater (StateMachineUpdater.java:lambda$new$0(84)) - adf578df-9fcd-492e-b730-432f6b8d35a3@group-CC0CBEF77EB7-StateMachineUpdater: snapshotIndex: updateIncreasingly -1 -> 14
2019-10-11 03:27:17,056 [adf578df-9fcd-492e-b730-432f6b8d35a3@group-CC0CBEF77EB7-StateMachineUpdater] INFO  ratis.ContainerStateMachine (ContainerStateMachine.java:takeSnapshot(294)) - group-CC0CBEF77EB7: Taking a snapshot at:(t:2, i:14) file /workdir/hadoop-ozone/integration-test/target/test-dir/MiniOzoneClusterImpl-fc6dcb28-33a0-4875-b9f0-4cef493e9258/datanode-5/data/ratis/522adc9a-4905-4b0a-90ed-cc0cbef77eb7/sm/snapshot.2_14
2019-10-11 03:27:17,064 [ForkJoinPool.commonPool-worker-0] INFO  utils.BackgroundService (BackgroundService.java:shutdown(151)) - Shutting down service BlockDeletingService
2019-10-11 03:27:17,068 [ForkJoinPool.commonPool-worker-0] INFO  statemachine.DatanodeStateMachine (DatanodeStateMachine.java:stopDaemon(395)) - Ozone container server stopped.
2019-10-11 03:27:17,072 [ForkJoinPool.commonPool-worker-0] INFO  handler.ContextHandler (ContextHandler.java:doStop(910)) - Stopped o.e.j.w.WebAppContext@71789580{/,null,UNAVAILABLE}{/hddsDatanode}
2019-10-11 03:27:17,074 [ForkJoinPool.commonPool-worker-0] INFO  server.AbstractConnector (AbstractConnector.java:doStop(318)) - Stopped ServerConnector@23ee2ccf{HTTP/1.1,[http/1.1]}{0.0.0.0:0}
2019-10-11 03:27:17,077 [ForkJoinPool.commonPool-worker-0] INFO  handler.ContextHandler (ContextHandler.java:doStop(910)) - Stopped o.e.j.s.ServletContextHandler@65593327{/static,jar:file:/home/user/.m2/repository/org/apache/hadoop/hadoop-hdds-container-service/0.5.0-SNAPSHOT/hadoop-hdds-container-service-0.5.0-SNAPSHOT.jar!/webapps/static,UNAVAILABLE}
2019-10-11 03:27:17,078 [ForkJoinPool.commonPool-worker-0] INFO  handler.ContextHandler (ContextHandler.java:doStop(910)) - Stopped o.e.j.s.ServletContextHandler@626c569b{/logs,file:///workdir/hadoop-ozone/integration-test/target/log,UNAVAILABLE}
2019-10-11 03:27:17,079 [adf578df-9fcd-492e-b730-432f6b8d35a3@group-CC0CBEF77EB7-StateMachineUpdater] INFO  ratis.ContainerStateMachine (ContainerStateMachine.java:takeSnapshot(305)) - group-CC0CBEF77EB7: Finished taking a snapshot at:(t:2, i:14) file:/workdir/hadoop-ozone/integration-test/target/test-dir/MiniOzoneClusterImpl-fc6dcb28-33a0-4875-b9f0-4cef493e9258/datanode-5/data/ratis/522adc9a-4905-4b0a-90ed-cc0cbef77eb7/sm/snapshot.2_14 time:23
2019-10-11 03:27:17,079 [adf578df-9fcd-492e-b730-432f6b8d35a3@group-CC0CBEF77EB7-StateMachineUpdater] INFO  impl.StateMachineUpdater (StateMachineUpdater.java:takeSnapshot(269)) - adf578df-9fcd-492e-b730-432f6b8d35a3@group-CC0CBEF77EB7-StateMachineUpdater: Took a snapshot at index 14
2019-10-11 03:27:17,079 [adf578df-9fcd-492e-b730-432f6b8d35a3@group-CC0CBEF77EB7-StateMachineUpdater] INFO  impl.StateMachineUpdater (StateMachineUpdater.java:lambda$new$0(84)) - adf578df-9fcd-492e-b730-432f6b8d35a3@group-CC0CBEF77EB7-StateMachineUpdater: snapshotIndex: updateIncreasingly 14 -> 14
2019-10-11 03:27:17,079 [main] INFO  impl.RaftServerImpl (ServerState.java:close(387)) - adf578df-9fcd-492e-b730-432f6b8d35a3@group-CC0CBEF77EB7: closes. applyIndex: 16
2019-10-11 03:27:17,080 [adf578df-9fcd-492e-b730-432f6b8d35a3@group-CC0CBEF77EB7-SegmentedRaftLogWorker] INFO  segmented.SegmentedRaftLogWorker (SegmentedRaftLogWorker.java:run(316)) - adf578df-9fcd-492e-b730-432f6b8d35a3@group-CC0CBEF77EB7-SegmentedRaftLogWorker was interrupted, exiting. There are 0 tasks remaining in the queue.
2019-10-11 03:27:17,080 [main] INFO  segmented.SegmentedRaftLogWorker (SegmentedRaftLogWorker.java:close(224)) - adf578df-9fcd-492e-b730-432f6b8d35a3@group-CC0CBEF77EB7-SegmentedRaftLogWorker close()
2019-10-11 03:27:17,081 [main] INFO  server.GrpcService (GrpcService.java:closeImpl(164)) - adf578df-9fcd-492e-b730-432f6b8d35a3: shutdown server with port 43725 now
2019-10-11 03:27:17,082 [main] INFO  server.GrpcService (GrpcService.java:closeImpl(172)) - adf578df-9fcd-492e-b730-432f6b8d35a3: shutdown server with port 43725 successfully
2019-10-11 03:27:17,084 [refreshUsed-/workdir/hadoop-ozone/integration-test/target/test-dir/MiniOzoneClusterImpl-fc6dcb28-33a0-4875-b9f0-4cef493e9258/datanode-5/data/containers] WARN  fs.CachingGetSpaceUsed (CachingGetSpaceUsed.java:run(183)) - Thread Interrupted waiting to refresh disk information: sleep interrupted
2019-10-11 03:27:17,099 [main] INFO  utils.BackgroundService (BackgroundService.java:shutdown(151)) - Shutting down service BlockDeletingService
2019-10-11 03:27:17,102 [main] INFO  statemachine.DatanodeStateMachine (DatanodeStateMachine.java:stopDaemon(395)) - Ozone container server stopped.
2019-10-11 03:27:17,103 [main] INFO  handler.ContextHandler (ContextHandler.java:doStop(910)) - Stopped o.e.j.w.WebAppContext@582a3b19{/,null,UNAVAILABLE}{/hddsDatanode}
2019-10-11 03:27:17,104 [main] INFO  server.AbstractConnector (AbstractConnector.java:doStop(318)) - Stopped ServerConnector@2b0454d2{HTTP/1.1,[http/1.1]}{0.0.0.0:0}
2019-10-11 03:27:17,104 [main] INFO  handler.ContextHandler (ContextHandler.java:doStop(910)) - Stopped o.e.j.s.ServletContextHandler@1c1fa494{/static,jar:file:/home/user/.m2/repository/org/apache/hadoop/hadoop-hdds-container-service/0.5.0-SNAPSHOT/hadoop-hdds-container-service-0.5.0-SNAPSHOT.jar!/webapps/static,UNAVAILABLE}
2019-10-11 03:27:17,105 [main] INFO  handler.ContextHandler (ContextHandler.java:doStop(910)) - Stopped o.e.j.s.ServletContextHandler@55d8c2c4{/logs,file:///workdir/hadoop-ozone/integration-test/target/log,UNAVAILABLE}
2019-10-11 03:27:17,106 [main] INFO  ozone.MiniOzoneClusterImpl (MiniOzoneClusterImpl.java:stopSCM(392)) - Stopping the StorageContainerManager
2019-10-11 03:27:17,106 [main] INFO  server.StorageContainerManager (StorageContainerManager.java:stop(810)) - Stopping Replication Manager Service.
2019-10-11 03:27:17,106 [main] INFO  container.ReplicationManager (ReplicationManager.java:stop(203)) - Stopping Replication Monitor Thread.
2019-10-11 03:27:17,106 [main] INFO  server.StorageContainerManager (StorageContainerManager.java:stop(817)) - Stopping Lease Manager of the command watchers
2019-10-11 03:27:17,106 [main] INFO  server.StorageContainerManager (StorageContainerManager.java:stop(824)) - Stopping datanode service RPC server
2019-10-11 03:27:17,106 [main] INFO  server.SCMDatanodeProtocolServer (SCMDatanodeProtocolServer.java:stop(346)) - Stopping the RPC server for DataNodes
2019-10-11 03:27:17,107 [main] INFO  ipc.Server (Server.java:stop(3082)) - Stopping server on 33808
2019-10-11 03:27:17,109 [IPC Server listener on 33808] INFO  ipc.Server (Server.java:run(1185)) - Stopping IPC Server listener on 33808
2019-10-11 03:27:17,109 [IPC Server Responder] INFO  ipc.Server (Server.java:run(1319)) - Stopping IPC Server Responder
2019-10-11 03:27:17,128 [SCM Heartbeat Processing Thread - 0] WARN  node.NodeStateManager (NodeStateManager.java:scheduleNextHealthCheck(646)) - Current Thread is interrupted, shutting down HB processing thread for Node Manager.
2019-10-11 03:27:17,129 [main] INFO  server.StorageContainerManager (StorageContainerManager.java:stop(832)) - Stopping block service RPC server
2019-10-11 03:27:17,129 [main] INFO  server.SCMBlockProtocolServer (SCMBlockProtocolServer.java:stop(155)) - Stopping the RPC server for Block Protocol
2019-10-11 03:27:17,129 [main] INFO  ipc.Server (Server.java:stop(3082)) - Stopping server on 38355
2019-10-11 03:27:17,131 [IPC Server listener on 38355] INFO  ipc.Server (Server.java:run(1185)) - Stopping IPC Server listener on 38355
2019-10-11 03:27:17,131 [main] INFO  server.StorageContainerManager (StorageContainerManager.java:stop(839)) - Stopping the StorageContainerLocationProtocol RPC server
2019-10-11 03:27:17,131 [IPC Server Responder] INFO  ipc.Server (Server.java:run(1319)) - Stopping IPC Server Responder
2019-10-11 03:27:17,132 [main] INFO  server.SCMClientProtocolServer (SCMClientProtocolServer.java:stop(168)) - Stopping the RPC server for Client Protocol
2019-10-11 03:27:17,132 [main] INFO  ipc.Server (Server.java:stop(3082)) - Stopping server on 44969
2019-10-11 03:27:17,135 [IPC Server listener on 44969] INFO  ipc.Server (Server.java:run(1185)) - Stopping IPC Server listener on 44969
2019-10-11 03:27:17,135 [main] INFO  server.StorageContainerManager (StorageContainerManager.java:stop(846)) - Stopping Storage Container Manager HTTP server.
2019-10-11 03:27:17,135 [IPC Server Responder] INFO  ipc.Server (Server.java:run(1319)) - Stopping IPC Server Responder
2019-10-11 03:27:17,137 [main] INFO  handler.ContextHandler (ContextHandler.java:doStop(910)) - Stopped o.e.j.w.WebAppContext@4602f874{/,null,UNAVAILABLE}{/scm}
2019-10-11 03:27:17,137 [main] INFO  server.AbstractConnector (AbstractConnector.java:doStop(318)) - Stopped ServerConnector@7739aac4{HTTP/1.1,[http/1.1]}{0.0.0.0:0}
2019-10-11 03:27:17,137 [main] INFO  handler.ContextHandler (ContextHandler.java:doStop(910)) - Stopped o.e.j.s.ServletContextHandler@681061d6{/static,file:///workdir/hadoop-ozone/integration-test/target/test-classes/webapps/static,UNAVAILABLE}
2019-10-11 03:27:17,138 [main] INFO  handler.ContextHandler (ContextHandler.java:doStop(910)) - Stopped o.e.j.s.ServletContextHandler@30abf79c{/logs,file:///workdir/hadoop-ozone/integration-test/target/log,UNAVAILABLE}
2019-10-11 03:27:17,138 [main] INFO  server.StorageContainerManager (StorageContainerManager.java:stop(857)) - Stopping Block Manager Service.
2019-10-11 03:27:17,138 [main] INFO  utils.BackgroundService (BackgroundService.java:shutdown(151)) - Shutting down service SCMBlockDeletingService
2019-10-11 03:27:17,139 [main] INFO  utils.BackgroundService (BackgroundService.java:shutdown(151)) - Shutting down service SCMBlockDeletingService
2019-10-11 03:27:17,139 [main] INFO  server.StorageContainerManager (StorageContainerManager.java:stop(879)) - Stopping SCM Event Queue.
2019-10-11 03:27:17,142 [main] INFO  impl.MetricsSystemImpl (MetricsSystemImpl.java:stop(210)) - Stopping HddsDatanode metrics system...
2019-10-11 03:27:17,166 [main] INFO  impl.MetricsSystemImpl (MetricsSystemImpl.java:stop(216)) - HddsDatanode metrics system stopped.
]]></system-out>
  </testcase>
  <testcase name="testFailureWithPrimeSizedData" classname="org.apache.hadoop.ozone.client.rpc.TestBlockOutputStreamWithFailures" time="35.004"/>
  <testcase name="testWatchForCommitWithCloseContainerException" classname="org.apache.hadoop.ozone.client.rpc.TestBlockOutputStreamWithFailures" time="35.17"/>
  <testcase name="testExceptionDuringClose" classname="org.apache.hadoop.ozone.client.rpc.TestBlockOutputStreamWithFailures" time="35.657"/>
</testsuite>