<?xml version="1.0" encoding="UTF-8"?>
<testsuite xmlns:xsi="http://www.w3.org/2001/XMLSchema-instance" xsi:noNamespaceSchemaLocation="https://maven.apache.org/surefire/maven-surefire-plugin/xsd/surefire-test-report.xsd" name="org.apache.hadoop.ozone.client.rpc.TestWatchForCommit" time="301.305" tests="5" errors="1" skipped="0" failures="0">
  <properties>
    <property name="awt.toolkit" value="sun.awt.X11.XToolkit"/>
    <property name="file.encoding.pkg" value="sun.io"/>
    <property name="java.specification.version" value="1.8"/>
    <property name="sun.cpu.isalist" value=""/>
    <property name="sun.jnu.encoding" value="UTF-8"/>
    <property name="java.class.path" value="/workdir/hadoop-ozone/integration-test/target/test-classes:/workdir/hadoop-ozone/integration-test/target/classes:/home/user/.m2/repository/org/apache/hadoop/hadoop-ozone-common/0.5.0-SNAPSHOT/hadoop-ozone-common-0.5.0-SNAPSHOT.jar:/home/user/.m2/repository/org/apache/commons/commons-compress/1.4.1/commons-compress-1.4.1.jar:/home/user/.m2/repository/org/tukaani/xz/1.0/xz-1.0.jar:/home/user/.m2/repository/org/apache/hadoop/hadoop-common/3.2.0/hadoop-common-3.2.0.jar:/home/user/.m2/repository/org/apache/hadoop/hadoop-hdfs/3.2.0/hadoop-hdfs-3.2.0.jar:/home/user/.m2/repository/org/apache/hadoop/hadoop-hdfs-client/3.2.0/hadoop-hdfs-client-3.2.0.jar:/home/user/.m2/repository/com/fasterxml/jackson/core/jackson-annotations/2.9.9/jackson-annotations-2.9.9.jar:/home/user/.m2/repository/org/apache/hadoop/hadoop-hdds-common/0.5.0-SNAPSHOT/hadoop-hdds-common-0.5.0-SNAPSHOT.jar:/home/user/.m2/repository/javax/annotation/javax.annotation-api/1.2/javax.annotation-api-1.2.jar:/home/user/.m2/repository/org/apache/ratis/ratis-server/0.5.0-201fc85-SNAPSHOT/ratis-server-0.5.0-201fc85-SNAPSHOT.jar:/home/user/.m2/repository/org/apache/ratis/ratis-thirdparty-misc/0.2.0/ratis-thirdparty-misc-0.2.0.jar:/home/user/.m2/repository/org/apache/ratis/ratis-proto/0.5.0-201fc85-SNAPSHOT/ratis-proto-0.5.0-201fc85-SNAPSHOT.jar:/home/user/.m2/repository/org/apache/ratis/ratis-common/0.5.0-201fc85-SNAPSHOT/ratis-common-0.5.0-201fc85-SNAPSHOT.jar:/home/user/.m2/repository/org/apache/ratis/ratis-client/0.5.0-201fc85-SNAPSHOT/ratis-client-0.5.0-201fc85-SNAPSHOT.jar:/home/user/.m2/repository/org/apache/ratis/ratis-metrics/0.5.0-201fc85-SNAPSHOT/ratis-metrics-0.5.0-201fc85-SNAPSHOT.jar:/home/user/.m2/repository/com/github/joshelser/dropwizard-metrics-hadoop-metrics2-reporter/0.1.2/dropwizard-metrics-hadoop-metrics2-reporter-0.1.2.jar:/home/user/.m2/repository/io/dropwizard/metrics/metrics-jvm/3.2.5/metrics-jvm-3.2.5.jar:/home/user/.m2/repository/io/dropwizard/metrics/metrics-ganglia/3.2.5/metrics-ganglia-3.2.5.jar:/home/user/.m2/repository/info/ganglia/gmetric4j/gmetric4j/1.0.7/gmetric4j-1.0.7.jar:/home/user/.m2/repository/org/apache/ratis/ratis-netty/0.5.0-201fc85-SNAPSHOT/ratis-netty-0.5.0-201fc85-SNAPSHOT.jar:/home/user/.m2/repository/org/apache/ratis/ratis-grpc/0.5.0-201fc85-SNAPSHOT/ratis-grpc-0.5.0-201fc85-SNAPSHOT.jar:/home/user/.m2/repository/org/rocksdb/rocksdbjni/6.0.1/rocksdbjni-6.0.1.jar:/home/user/.m2/repository/org/apache/logging/log4j/log4j-api/2.11.0/log4j-api-2.11.0.jar:/home/user/.m2/repository/org/apache/logging/log4j/log4j-core/2.11.0/log4j-core-2.11.0.jar:/home/user/.m2/repository/com/lmax/disruptor/3.4.2/disruptor-3.4.2.jar:/home/user/.m2/repository/org/apache/commons/commons-pool2/2.6.0/commons-pool2-2.6.0.jar:/home/user/.m2/repository/org/bouncycastle/bcpkix-jdk15on/1.60/bcpkix-jdk15on-1.60.jar:/home/user/.m2/repository/commons-validator/commons-validator/1.6/commons-validator-1.6.jar:/home/user/.m2/repository/commons-digester/commons-digester/1.8.1/commons-digester-1.8.1.jar:/home/user/.m2/repository/io/jaegertracing/jaeger-client/0.34.0/jaeger-client-0.34.0.jar:/home/user/.m2/repository/io/jaegertracing/jaeger-thrift/0.34.0/jaeger-thrift-0.34.0.jar:/home/user/.m2/repository/org/apache/thrift/libthrift/0.12.0/libthrift-0.12.0.jar:/home/user/.m2/repository/com/squareup/okhttp3/okhttp/3.9.0/okhttp-3.9.0.jar:/home/user/.m2/repository/com/squareup/okio/okio/1.13.0/okio-1.13.0.jar:/home/user/.m2/repository/io/jaegertracing/jaeger-core/0.34.0/jaeger-core-0.34.0.jar:/home/user/.m2/repository/io/jaegertracing/jaeger-tracerresolver/0.34.0/jaeger-tracerresolver-0.34.0.jar:/home/user/.m2/repository/io/opentracing/contrib/opentracing-tracerresolver/0.1.5/opentracing-tracerresolver-0.1.5.jar:/home/user/.m2/repository/io/opentracing/opentracing-util/0.31.0/opentracing-util-0.31.0.jar:/home/user/.m2/repository/io/opentracing/opentracing-api/0.31.0/opentracing-api-0.31.0.jar:/home/user/.m2/repository/io/opentracing/opentracing-noop/0.31.0/opentracing-noop-0.31.0.jar:/home/user/.m2/repository/org/apache/hadoop/hadoop-hdds-server-framework/0.5.0-SNAPSHOT/hadoop-hdds-server-framework-0.5.0-SNAPSHOT.jar:/home/user/.m2/repository/org/apache/hadoop/hadoop-hdds-container-service/0.5.0-SNAPSHOT/hadoop-hdds-container-service-0.5.0-SNAPSHOT.jar:/home/user/.m2/repository/org/apache/hadoop/hadoop-hdds-client/0.5.0-SNAPSHOT/hadoop-hdds-client-0.5.0-SNAPSHOT.jar:/home/user/.m2/repository/org/apache/hadoop/hadoop-hdds-tools/0.5.0-SNAPSHOT/hadoop-hdds-tools-0.5.0-SNAPSHOT.jar:/home/user/.m2/repository/org/apache/hadoop/hadoop-hdds-server-scm/0.5.0-SNAPSHOT/hadoop-hdds-server-scm-0.5.0-SNAPSHOT.jar:/home/user/.m2/repository/org/apache/hadoop/hadoop-hdds-docs/0.5.0-SNAPSHOT/hadoop-hdds-docs-0.5.0-SNAPSHOT.jar:/home/user/.m2/repository/io/dropwizard/metrics/metrics-core/3.2.4/metrics-core-3.2.4.jar:/home/user/.m2/repository/org/hamcrest/hamcrest-all/1.3/hamcrest-all-1.3.jar:/home/user/.m2/repository/org/bouncycastle/bcprov-jdk15on/1.60/bcprov-jdk15on-1.60.jar:/home/user/.m2/repository/info/picocli/picocli/3.9.6/picocli-3.9.6.jar:/home/user/.m2/repository/com/google/protobuf/protobuf-java/2.5.0/protobuf-java-2.5.0.jar:/home/user/.m2/repository/com/google/guava/guava/11.0.2/guava-11.0.2.jar:/home/user/.m2/repository/org/apache/hadoop/hadoop-ozone-ozone-manager/0.5.0-SNAPSHOT/hadoop-ozone-ozone-manager-0.5.0-SNAPSHOT.jar:/home/user/.m2/repository/org/apache/hadoop/hadoop-minikdc/3.2.0/hadoop-minikdc-3.2.0.jar:/home/user/.m2/repository/commons-io/commons-io/2.5/commons-io-2.5.jar:/home/user/.m2/repository/org/apache/kerby/kerb-simplekdc/1.0.1/kerb-simplekdc-1.0.1.jar:/home/user/.m2/repository/org/apache/kerby/kerb-client/1.0.1/kerb-client-1.0.1.jar:/home/user/.m2/repository/org/apache/kerby/kerby-config/1.0.1/kerby-config-1.0.1.jar:/home/user/.m2/repository/org/apache/kerby/kerb-core/1.0.1/kerb-core-1.0.1.jar:/home/user/.m2/repository/org/apache/kerby/kerby-pkix/1.0.1/kerby-pkix-1.0.1.jar:/home/user/.m2/repository/org/apache/kerby/kerby-asn1/1.0.1/kerby-asn1-1.0.1.jar:/home/user/.m2/repository/org/apache/kerby/kerby-util/1.0.1/kerby-util-1.0.1.jar:/home/user/.m2/repository/org/apache/kerby/kerb-common/1.0.1/kerb-common-1.0.1.jar:/home/user/.m2/repository/org/apache/kerby/kerb-crypto/1.0.1/kerb-crypto-1.0.1.jar:/home/user/.m2/repository/org/apache/kerby/kerb-util/1.0.1/kerb-util-1.0.1.jar:/home/user/.m2/repository/org/apache/kerby/token-provider/1.0.1/token-provider-1.0.1.jar:/home/user/.m2/repository/org/apache/kerby/kerb-admin/1.0.1/kerb-admin-1.0.1.jar:/home/user/.m2/repository/org/apache/kerby/kerb-server/1.0.1/kerb-server-1.0.1.jar:/home/user/.m2/repository/org/apache/kerby/kerb-identity/1.0.1/kerb-identity-1.0.1.jar:/home/user/.m2/repository/org/apache/kerby/kerby-xdr/1.0.1/kerby-xdr-1.0.1.jar:/home/user/.m2/repository/org/slf4j/slf4j-log4j12/1.7.25/slf4j-log4j12-1.7.25.jar:/home/user/.m2/repository/org/apache/hadoop/hadoop-ozone-s3gateway/0.5.0-SNAPSHOT/hadoop-ozone-s3gateway-0.5.0-SNAPSHOT.jar:/home/user/.m2/repository/org/jboss/weld/servlet/weld-servlet/2.4.7.Final/weld-servlet-2.4.7.Final.jar:/home/user/.m2/repository/org/glassfish/jersey/containers/jersey-container-servlet-core/2.27/jersey-container-servlet-core-2.27.jar:/home/user/.m2/repository/org/glassfish/hk2/external/javax.inject/2.5.0-b42/javax.inject-2.5.0-b42.jar:/home/user/.m2/repository/org/glassfish/jersey/core/jersey-common/2.27/jersey-common-2.27.jar:/home/user/.m2/repository/org/glassfish/hk2/osgi-resource-locator/1.0.1/osgi-resource-locator-1.0.1.jar:/home/user/.m2/repository/javax/ws/rs/javax.ws.rs-api/2.1/javax.ws.rs-api-2.1.jar:/home/user/.m2/repository/org/glassfish/jersey/ext/cdi/jersey-cdi1x/2.27/jersey-cdi1x-2.27.jar:/home/user/.m2/repository/org/glassfish/jersey/inject/jersey-hk2/2.27/jersey-hk2-2.27.jar:/home/user/.m2/repository/org/glassfish/hk2/hk2-locator/2.5.0-b42/hk2-locator-2.5.0-b42.jar:/home/user/.m2/repository/org/javassist/javassist/3.22.0-CR2/javassist-3.22.0-CR2.jar:/home/user/.m2/repository/org/glassfish/hk2/hk2-api/2.5.0/hk2-api-2.5.0.jar:/home/user/.m2/repository/org/glassfish/hk2/external/jakarta.inject/2.5.0/jakarta.inject-2.5.0.jar:/home/user/.m2/repository/org/glassfish/hk2/hk2-utils/2.5.0/hk2-utils-2.5.0.jar:/home/user/.m2/repository/jakarta/annotation/jakarta.annotation-api/1.3.4/jakarta.annotation-api-1.3.4.jar:/home/user/.m2/repository/org/glassfish/hk2/external/aopalliance-repackaged/2.5.0/aopalliance-repackaged-2.5.0.jar:/home/user/.m2/repository/com/fasterxml/jackson/dataformat/jackson-dataformat-xml/2.9.0/jackson-dataformat-xml-2.9.0.jar:/home/user/.m2/repository/com/fasterxml/jackson/core/jackson-core/2.9.9/jackson-core-2.9.9.jar:/home/user/.m2/repository/com/fasterxml/jackson/module/jackson-module-jaxb-annotations/2.9.9/jackson-module-jaxb-annotations-2.9.9.jar:/home/user/.m2/repository/javax/enterprise/cdi-api/1.2/cdi-api-1.2.jar:/home/user/.m2/repository/javax/el/javax.el-api/3.0.0/javax.el-api-3.0.0.jar:/home/user/.m2/repository/javax/interceptor/javax.interceptor-api/1.2/javax.interceptor-api-1.2.jar:/home/user/.m2/repository/javax/inject/javax.inject/1/javax.inject-1.jar:/home/user/.m2/repository/com/sun/xml/bind/jaxb-impl/2.3.0.1/jaxb-impl-2.3.0.1.jar:/home/user/.m2/repository/com/sun/xml/bind/jaxb-core/2.3.0.1/jaxb-core-2.3.0.1.jar:/home/user/.m2/repository/javax/xml/bind/jaxb-api/2.3.0/jaxb-api-2.3.0.jar:/home/user/.m2/repository/javax/activation/activation/1.1.1/activation-1.1.1.jar:/home/user/.m2/repository/org/apache/hadoop/hadoop-ozone-csi/0.5.0-SNAPSHOT/hadoop-ozone-csi-0.5.0-SNAPSHOT.jar:/home/user/.m2/repository/com/google/protobuf/protobuf-java-util/3.5.1/protobuf-java-util-3.5.1.jar:/home/user/.m2/repository/org/apache/hadoop/hadoop-hdds-config/0.5.0-SNAPSHOT/hadoop-hdds-config-0.5.0-SNAPSHOT.jar:/home/user/.m2/repository/io/grpc/grpc-netty/1.17.1/grpc-netty-1.17.1.jar:/home/user/.m2/repository/io/grpc/grpc-core/1.17.1/grpc-core-1.17.1.jar:/home/user/.m2/repository/io/grpc/grpc-context/1.17.1/grpc-context-1.17.1.jar:/home/user/.m2/repository/com/google/errorprone/error_prone_annotations/2.2.0/error_prone_annotations-2.2.0.jar:/home/user/.m2/repository/org/codehaus/mojo/animal-sniffer-annotations/1.17/animal-sniffer-annotations-1.17.jar:/home/user/.m2/repository/io/opencensus/opencensus-api/0.17.0/opencensus-api-0.17.0.jar:/home/user/.m2/repository/io/opencensus/opencensus-contrib-grpc-metrics/0.17.0/opencensus-contrib-grpc-metrics-0.17.0.jar:/home/user/.m2/repository/io/netty/netty-codec-http2/4.1.30.Final/netty-codec-http2-4.1.30.Final.jar:/home/user/.m2/repository/io/netty/netty-codec-http/4.1.30.Final/netty-codec-http-4.1.30.Final.jar:/home/user/.m2/repository/io/netty/netty-codec/4.1.30.Final/netty-codec-4.1.30.Final.jar:/home/user/.m2/repository/io/netty/netty-handler/4.1.30.Final/netty-handler-4.1.30.Final.jar:/home/user/.m2/repository/io/netty/netty-handler-proxy/4.1.30.Final/netty-handler-proxy-4.1.30.Final.jar:/home/user/.m2/repository/io/netty/netty-codec-socks/4.1.30.Final/netty-codec-socks-4.1.30.Final.jar:/home/user/.m2/repository/io/netty/netty-transport-native-epoll/4.1.30.Final/netty-transport-native-epoll-4.1.30.Final.jar:/home/user/.m2/repository/io/netty/netty-common/4.1.30.Final/netty-common-4.1.30.Final.jar:/home/user/.m2/repository/io/netty/netty-buffer/4.1.30.Final/netty-buffer-4.1.30.Final.jar:/home/user/.m2/repository/io/netty/netty-transport/4.1.30.Final/netty-transport-4.1.30.Final.jar:/home/user/.m2/repository/io/netty/netty-resolver/4.1.30.Final/netty-resolver-4.1.30.Final.jar:/home/user/.m2/repository/io/netty/netty-transport-native-unix-common/4.1.30.Final/netty-transport-native-unix-common-4.1.30.Final.jar:/home/user/.m2/repository/io/grpc/grpc-protobuf/1.17.1/grpc-protobuf-1.17.1.jar:/home/user/.m2/repository/com/google/api/grpc/proto-google-common-protos/1.0.0/proto-google-common-protos-1.0.0.jar:/home/user/.m2/repository/io/grpc/grpc-protobuf-lite/1.17.1/grpc-protobuf-lite-1.17.1.jar:/home/user/.m2/repository/io/grpc/grpc-stub/1.17.1/grpc-stub-1.17.1.jar:/home/user/.m2/repository/org/apache/hadoop/hadoop-ozone-recon/0.5.0-SNAPSHOT/hadoop-ozone-recon-0.5.0-SNAPSHOT.jar:/home/user/.m2/repository/org/apache/hadoop/hadoop-ozone-reconcodegen/0.5.0-SNAPSHOT/hadoop-ozone-reconcodegen-0.5.0-SNAPSHOT.jar:/home/user/.m2/repository/com/google/inject/extensions/guice-multibindings/4.0/guice-multibindings-4.0.jar:/home/user/.m2/repository/com/google/inject/guice/4.0/guice-4.0.jar:/home/user/.m2/repository/aopalliance/aopalliance/1.0/aopalliance-1.0.jar:/home/user/.m2/repository/com/google/inject/extensions/guice-servlet/4.0/guice-servlet-4.0.jar:/home/user/.m2/repository/org/glassfish/jersey/containers/jersey-container-servlet/2.27/jersey-container-servlet-2.27.jar:/home/user/.m2/repository/org/glassfish/hk2/guice-bridge/2.5.0/guice-bridge-2.5.0.jar:/home/user/.m2/repository/org/glassfish/jersey/core/jersey-server/2.27/jersey-server-2.27.jar:/home/user/.m2/repository/org/glassfish/jersey/core/jersey-client/2.27/jersey-client-2.27.jar:/home/user/.m2/repository/org/glassfish/jersey/media/jersey-media-jaxb/2.27/jersey-media-jaxb-2.27.jar:/home/user/.m2/repository/javax/validation/validation-api/1.1.0.Final/validation-api-1.1.0.Final.jar:/home/user/.m2/repository/org/glassfish/jersey/media/jersey-media-json-jackson/2.27/jersey-media-json-jackson-2.27.jar:/home/user/.m2/repository/org/glassfish/jersey/ext/jersey-entity-filtering/2.27/jersey-entity-filtering-2.27.jar:/home/user/.m2/repository/com/google/inject/extensions/guice-assistedinject/4.0/guice-assistedinject-4.0.jar:/home/user/.m2/repository/org/jooq/jooq/3.11.10/jooq-3.11.10.jar:/home/user/.m2/repository/org/jooq/jooq-meta/3.11.10/jooq-meta-3.11.10.jar:/home/user/.m2/repository/org/jooq/jooq-codegen/3.11.10/jooq-codegen-3.11.10.jar:/home/user/.m2/repository/com/jolbox/bonecp/0.8.0.RELEASE/bonecp-0.8.0.RELEASE.jar:/home/user/.m2/repository/org/xerial/sqlite-jdbc/3.25.2/sqlite-jdbc-3.25.2.jar:/home/user/.m2/repository/org/springframework/spring-jdbc/5.1.3.RELEASE/spring-jdbc-5.1.3.RELEASE.jar:/home/user/.m2/repository/org/springframework/spring-beans/5.1.3.RELEASE/spring-beans-5.1.3.RELEASE.jar:/home/user/.m2/repository/org/springframework/spring-core/5.1.3.RELEASE/spring-core-5.1.3.RELEASE.jar:/home/user/.m2/repository/org/springframework/spring-jcl/5.1.3.RELEASE/spring-jcl-5.1.3.RELEASE.jar:/home/user/.m2/repository/org/springframework/spring-tx/5.1.3.RELEASE/spring-tx-5.1.3.RELEASE.jar:/home/user/.m2/repository/org/apache/hadoop/hadoop-ozone-client/0.5.0-SNAPSHOT/hadoop-ozone-client-0.5.0-SNAPSHOT.jar:/home/user/.m2/repository/commons-lang/commons-lang/2.6/commons-lang-2.6.jar:/home/user/.m2/repository/org/apache/hadoop/hadoop-ozone-ozone-manager/0.5.0-SNAPSHOT/hadoop-ozone-ozone-manager-0.5.0-SNAPSHOT-tests.jar:/home/user/.m2/repository/junit/junit/4.11/junit-4.11.jar:/home/user/.m2/repository/org/hamcrest/hamcrest-core/1.3/hamcrest-core-1.3.jar:/home/user/.m2/repository/org/openjdk/jmh/jmh-core/1.19/jmh-core-1.19.jar:/home/user/.m2/repository/net/sf/jopt-simple/jopt-simple/4.6/jopt-simple-4.6.jar:/home/user/.m2/repository/org/apache/commons/commons-math3/3.1.1/commons-math3-3.1.1.jar:/home/user/.m2/repository/org/openjdk/jmh/jmh-generator-annprocess/1.19/jmh-generator-annprocess-1.19.jar:/home/user/.m2/repository/org/mockito/mockito-all/1.8.5/mockito-all-1.8.5.jar:/home/user/.m2/repository/org/apache/hadoop/hadoop-kms/3.2.0/hadoop-kms-3.2.0.jar:/home/user/.m2/repository/org/apache/hadoop/hadoop-auth/3.2.0/hadoop-auth-3.2.0.jar:/home/user/.m2/repository/com/nimbusds/nimbus-jose-jwt/4.41.1/nimbus-jose-jwt-4.41.1.jar:/home/user/.m2/repository/com/github/stephenc/jcip/jcip-annotations/1.0-1/jcip-annotations-1.0-1.jar:/home/user/.m2/repository/net/minidev/json-smart/2.3/json-smart-2.3.jar:/home/user/.m2/repository/net/minidev/accessors-smart/1.2/accessors-smart-1.2.jar:/home/user/.m2/repository/org/ow2/asm/asm/5.0.4/asm-5.0.4.jar:/home/user/.m2/repository/org/apache/curator/curator-framework/2.12.0/curator-framework-2.12.0.jar:/home/user/.m2/repository/com/sun/jersey/jersey-core/1.19/jersey-core-1.19.jar:/home/user/.m2/repository/javax/ws/rs/jsr311-api/1.1.1/jsr311-api-1.1.1.jar:/home/user/.m2/repository/com/sun/jersey/jersey-server/1.19/jersey-server-1.19.jar:/home/user/.m2/repository/javax/servlet/javax.servlet-api/3.1.0/javax.servlet-api-3.1.0.jar:/home/user/.m2/repository/org/eclipse/jetty/jetty-server/9.3.25.v20180904/jetty-server-9.3.25.v20180904.jar:/home/user/.m2/repository/org/eclipse/jetty/jetty-http/9.3.25.v20180904/jetty-http-9.3.25.v20180904.jar:/home/user/.m2/repository/org/eclipse/jetty/jetty-io/9.3.25.v20180904/jetty-io-9.3.25.v20180904.jar:/home/user/.m2/repository/org/eclipse/jetty/jetty-webapp/9.3.25.v20180904/jetty-webapp-9.3.25.v20180904.jar:/home/user/.m2/repository/org/eclipse/jetty/jetty-xml/9.3.25.v20180904/jetty-xml-9.3.25.v20180904.jar:/home/user/.m2/repository/log4j/log4j/1.2.17/log4j-1.2.17.jar:/home/user/.m2/repository/org/slf4j/slf4j-api/1.7.25/slf4j-api-1.7.25.jar:/home/user/.m2/repository/org/slf4j/jul-to-slf4j/1.7.25/jul-to-slf4j-1.7.25.jar:/home/user/.m2/repository/org/eclipse/jetty/jetty-util/9.3.25.v20180904/jetty-util-9.3.25.v20180904.jar:/home/user/.m2/repository/com/fasterxml/jackson/core/jackson-databind/2.9.9/jackson-databind-2.9.9.jar:/home/user/.m2/repository/org/apache/hadoop/hadoop-kms/3.2.0/hadoop-kms-3.2.0-tests.jar:/home/user/.m2/repository/org/apache/hadoop/hadoop-hdds-server-scm/0.5.0-SNAPSHOT/hadoop-hdds-server-scm-0.5.0-SNAPSHOT-tests.jar:/home/user/.m2/repository/org/apache/hadoop/hadoop-hdds-container-service/0.5.0-SNAPSHOT/hadoop-hdds-container-service-0.5.0-SNAPSHOT-tests.jar:/home/user/.m2/repository/org/yaml/snakeyaml/1.16/snakeyaml-1.16.jar:/home/user/.m2/repository/org/apache/hadoop/hadoop-common/3.2.0/hadoop-common-3.2.0-tests.jar:/home/user/.m2/repository/org/apache/hadoop/hadoop-annotations/3.2.0/hadoop-annotations-3.2.0.jar:/usr/lib/jvm/java-1.8-openjdk/jre/../lib/tools.jar:/home/user/.m2/repository/commons-cli/commons-cli/1.2/commons-cli-1.2.jar:/home/user/.m2/repository/org/apache/httpcomponents/httpclient/4.5.2/httpclient-4.5.2.jar:/home/user/.m2/repository/org/apache/httpcomponents/httpcore/4.4.4/httpcore-4.4.4.jar:/home/user/.m2/repository/commons-codec/commons-codec/1.11/commons-codec-1.11.jar:/home/user/.m2/repository/commons-net/commons-net/3.6/commons-net-3.6.jar:/home/user/.m2/repository/commons-collections/commons-collections/3.2.2/commons-collections-3.2.2.jar:/home/user/.m2/repository/org/eclipse/jetty/jetty-servlet/9.3.25.v20180904/jetty-servlet-9.3.25.v20180904.jar:/home/user/.m2/repository/org/eclipse/jetty/jetty-security/9.3.25.v20180904/jetty-security-9.3.25.v20180904.jar:/home/user/.m2/repository/javax/servlet/jsp/jsp-api/2.1/jsp-api-2.1.jar:/home/user/.m2/repository/com/sun/jersey/jersey-servlet/1.19/jersey-servlet-1.19.jar:/home/user/.m2/repository/com/sun/jersey/jersey-json/1.19/jersey-json-1.19.jar:/home/user/.m2/repository/org/codehaus/jettison/jettison/1.1/jettison-1.1.jar:/home/user/.m2/repository/org/codehaus/jackson/jackson-core-asl/1.9.13/jackson-core-asl-1.9.13.jar:/home/user/.m2/repository/org/codehaus/jackson/jackson-mapper-asl/1.9.13/jackson-mapper-asl-1.9.13.jar:/home/user/.m2/repository/org/codehaus/jackson/jackson-jaxrs/1.9.13/jackson-jaxrs-1.9.13.jar:/home/user/.m2/repository/org/codehaus/jackson/jackson-xc/1.9.13/jackson-xc-1.9.13.jar:/home/user/.m2/repository/commons-logging/commons-logging/1.1.3/commons-logging-1.1.3.jar:/home/user/.m2/repository/commons-beanutils/commons-beanutils/1.9.4/commons-beanutils-1.9.4.jar:/home/user/.m2/repository/org/apache/commons/commons-configuration2/2.1.1/commons-configuration2-2.1.1.jar:/home/user/.m2/repository/org/apache/commons/commons-lang3/3.7/commons-lang3-3.7.jar:/home/user/.m2/repository/org/apache/commons/commons-text/1.4/commons-text-1.4.jar:/home/user/.m2/repository/org/apache/avro/avro/1.7.7/avro-1.7.7.jar:/home/user/.m2/repository/com/thoughtworks/paranamer/paranamer/2.3/paranamer-2.3.jar:/home/user/.m2/repository/org/xerial/snappy/snappy-java/1.0.5/snappy-java-1.0.5.jar:/home/user/.m2/repository/com/google/re2j/re2j/1.1/re2j-1.1.jar:/home/user/.m2/repository/com/google/code/gson/gson/2.2.4/gson-2.2.4.jar:/home/user/.m2/repository/com/jcraft/jsch/0.1.54/jsch-0.1.54.jar:/home/user/.m2/repository/org/apache/curator/curator-client/2.12.0/curator-client-2.12.0.jar:/home/user/.m2/repository/org/apache/curator/curator-recipes/2.12.0/curator-recipes-2.12.0.jar:/home/user/.m2/repository/com/google/code/findbugs/jsr305/3.0.0/jsr305-3.0.0.jar:/home/user/.m2/repository/org/apache/htrace/htrace-core4/4.1.0-incubating/htrace-core4-4.1.0-incubating.jar:/home/user/.m2/repository/org/apache/zookeeper/zookeeper/3.4.13/zookeeper-3.4.13.jar:/home/user/.m2/repository/jline/jline/0.9.94/jline-0.9.94.jar:/home/user/.m2/repository/org/apache/yetus/audience-annotations/0.5.0/audience-annotations-0.5.0.jar:/home/user/.m2/repository/org/codehaus/woodstox/stax2-api/3.1.4/stax2-api-3.1.4.jar:/home/user/.m2/repository/com/fasterxml/woodstox/woodstox-core/5.0.3/woodstox-core-5.0.3.jar:/home/user/.m2/repository/dnsjava/dnsjava/2.1.7/dnsjava-2.1.7.jar:/home/user/.m2/repository/org/apache/hadoop/hadoop-hdfs/3.2.0/hadoop-hdfs-3.2.0-tests.jar:/home/user/.m2/repository/org/eclipse/jetty/jetty-util-ajax/9.3.25.v20180904/jetty-util-ajax-9.3.25.v20180904.jar:/home/user/.m2/repository/commons-daemon/commons-daemon/1.0.13/commons-daemon-1.0.13.jar:/home/user/.m2/repository/io/netty/netty/3.10.5.Final/netty-3.10.5.Final.jar:/home/user/.m2/repository/io/netty/netty-all/4.0.52.Final/netty-all-4.0.52.Final.jar:/home/user/.m2/repository/org/fusesource/leveldbjni/leveldbjni-all/1.8/leveldbjni-all-1.8.jar:"/>
    <property name="java.vm.vendor" value="IcedTea"/>
    <property name="sun.arch.data.model" value="64"/>
    <property name="test.build.dir" value="/workdir/hadoop-ozone/integration-test/target/test-dir"/>
    <property name="test.cache.data" value=""/>
    <property name="java.vendor.url" value="https://icedtea.classpath.org"/>
    <property name="user.timezone" value=""/>
    <property name="java.vm.specification.version" value="1.8"/>
    <property name="os.name" value="Linux"/>
    <property name="test.build.data" value="/workdir/hadoop-ozone/integration-test/target/test-dir"/>
    <property name="user.country" value="US"/>
    <property name="sun.java.launcher" value="SUN_STANDARD"/>
    <property name="sun.boot.library.path" value="/usr/lib/jvm/java-1.8-openjdk/jre/lib/amd64"/>
    <property name="sun.java.command" value="/workdir/hadoop-ozone/integration-test/target/surefire/surefirebooter6546267986851337547.jar /workdir/hadoop-ozone/integration-test/target/surefire 2019-10-11T02-23-43_936-jvmRun1 surefire2242265301559553415tmp surefire_552852334645737629796tmp"/>
    <property name="test" value="!TestMiniChaosOzoneCluster"/>
    <property name="surefire.test.class.path" value="/workdir/hadoop-ozone/integration-test/target/test-classes:/workdir/hadoop-ozone/integration-test/target/classes:/home/user/.m2/repository/org/apache/hadoop/hadoop-ozone-common/0.5.0-SNAPSHOT/hadoop-ozone-common-0.5.0-SNAPSHOT.jar:/home/user/.m2/repository/org/apache/commons/commons-compress/1.4.1/commons-compress-1.4.1.jar:/home/user/.m2/repository/org/tukaani/xz/1.0/xz-1.0.jar:/home/user/.m2/repository/org/apache/hadoop/hadoop-common/3.2.0/hadoop-common-3.2.0.jar:/home/user/.m2/repository/org/apache/hadoop/hadoop-hdfs/3.2.0/hadoop-hdfs-3.2.0.jar:/home/user/.m2/repository/org/apache/hadoop/hadoop-hdfs-client/3.2.0/hadoop-hdfs-client-3.2.0.jar:/home/user/.m2/repository/com/fasterxml/jackson/core/jackson-annotations/2.9.9/jackson-annotations-2.9.9.jar:/home/user/.m2/repository/org/apache/hadoop/hadoop-hdds-common/0.5.0-SNAPSHOT/hadoop-hdds-common-0.5.0-SNAPSHOT.jar:/home/user/.m2/repository/javax/annotation/javax.annotation-api/1.2/javax.annotation-api-1.2.jar:/home/user/.m2/repository/org/apache/ratis/ratis-server/0.5.0-201fc85-SNAPSHOT/ratis-server-0.5.0-201fc85-SNAPSHOT.jar:/home/user/.m2/repository/org/apache/ratis/ratis-thirdparty-misc/0.2.0/ratis-thirdparty-misc-0.2.0.jar:/home/user/.m2/repository/org/apache/ratis/ratis-proto/0.5.0-201fc85-SNAPSHOT/ratis-proto-0.5.0-201fc85-SNAPSHOT.jar:/home/user/.m2/repository/org/apache/ratis/ratis-common/0.5.0-201fc85-SNAPSHOT/ratis-common-0.5.0-201fc85-SNAPSHOT.jar:/home/user/.m2/repository/org/apache/ratis/ratis-client/0.5.0-201fc85-SNAPSHOT/ratis-client-0.5.0-201fc85-SNAPSHOT.jar:/home/user/.m2/repository/org/apache/ratis/ratis-metrics/0.5.0-201fc85-SNAPSHOT/ratis-metrics-0.5.0-201fc85-SNAPSHOT.jar:/home/user/.m2/repository/com/github/joshelser/dropwizard-metrics-hadoop-metrics2-reporter/0.1.2/dropwizard-metrics-hadoop-metrics2-reporter-0.1.2.jar:/home/user/.m2/repository/io/dropwizard/metrics/metrics-jvm/3.2.5/metrics-jvm-3.2.5.jar:/home/user/.m2/repository/io/dropwizard/metrics/metrics-ganglia/3.2.5/metrics-ganglia-3.2.5.jar:/home/user/.m2/repository/info/ganglia/gmetric4j/gmetric4j/1.0.7/gmetric4j-1.0.7.jar:/home/user/.m2/repository/org/apache/ratis/ratis-netty/0.5.0-201fc85-SNAPSHOT/ratis-netty-0.5.0-201fc85-SNAPSHOT.jar:/home/user/.m2/repository/org/apache/ratis/ratis-grpc/0.5.0-201fc85-SNAPSHOT/ratis-grpc-0.5.0-201fc85-SNAPSHOT.jar:/home/user/.m2/repository/org/rocksdb/rocksdbjni/6.0.1/rocksdbjni-6.0.1.jar:/home/user/.m2/repository/org/apache/logging/log4j/log4j-api/2.11.0/log4j-api-2.11.0.jar:/home/user/.m2/repository/org/apache/logging/log4j/log4j-core/2.11.0/log4j-core-2.11.0.jar:/home/user/.m2/repository/com/lmax/disruptor/3.4.2/disruptor-3.4.2.jar:/home/user/.m2/repository/org/apache/commons/commons-pool2/2.6.0/commons-pool2-2.6.0.jar:/home/user/.m2/repository/org/bouncycastle/bcpkix-jdk15on/1.60/bcpkix-jdk15on-1.60.jar:/home/user/.m2/repository/commons-validator/commons-validator/1.6/commons-validator-1.6.jar:/home/user/.m2/repository/commons-digester/commons-digester/1.8.1/commons-digester-1.8.1.jar:/home/user/.m2/repository/io/jaegertracing/jaeger-client/0.34.0/jaeger-client-0.34.0.jar:/home/user/.m2/repository/io/jaegertracing/jaeger-thrift/0.34.0/jaeger-thrift-0.34.0.jar:/home/user/.m2/repository/org/apache/thrift/libthrift/0.12.0/libthrift-0.12.0.jar:/home/user/.m2/repository/com/squareup/okhttp3/okhttp/3.9.0/okhttp-3.9.0.jar:/home/user/.m2/repository/com/squareup/okio/okio/1.13.0/okio-1.13.0.jar:/home/user/.m2/repository/io/jaegertracing/jaeger-core/0.34.0/jaeger-core-0.34.0.jar:/home/user/.m2/repository/io/jaegertracing/jaeger-tracerresolver/0.34.0/jaeger-tracerresolver-0.34.0.jar:/home/user/.m2/repository/io/opentracing/contrib/opentracing-tracerresolver/0.1.5/opentracing-tracerresolver-0.1.5.jar:/home/user/.m2/repository/io/opentracing/opentracing-util/0.31.0/opentracing-util-0.31.0.jar:/home/user/.m2/repository/io/opentracing/opentracing-api/0.31.0/opentracing-api-0.31.0.jar:/home/user/.m2/repository/io/opentracing/opentracing-noop/0.31.0/opentracing-noop-0.31.0.jar:/home/user/.m2/repository/org/apache/hadoop/hadoop-hdds-server-framework/0.5.0-SNAPSHOT/hadoop-hdds-server-framework-0.5.0-SNAPSHOT.jar:/home/user/.m2/repository/org/apache/hadoop/hadoop-hdds-container-service/0.5.0-SNAPSHOT/hadoop-hdds-container-service-0.5.0-SNAPSHOT.jar:/home/user/.m2/repository/org/apache/hadoop/hadoop-hdds-client/0.5.0-SNAPSHOT/hadoop-hdds-client-0.5.0-SNAPSHOT.jar:/home/user/.m2/repository/org/apache/hadoop/hadoop-hdds-tools/0.5.0-SNAPSHOT/hadoop-hdds-tools-0.5.0-SNAPSHOT.jar:/home/user/.m2/repository/org/apache/hadoop/hadoop-hdds-server-scm/0.5.0-SNAPSHOT/hadoop-hdds-server-scm-0.5.0-SNAPSHOT.jar:/home/user/.m2/repository/org/apache/hadoop/hadoop-hdds-docs/0.5.0-SNAPSHOT/hadoop-hdds-docs-0.5.0-SNAPSHOT.jar:/home/user/.m2/repository/io/dropwizard/metrics/metrics-core/3.2.4/metrics-core-3.2.4.jar:/home/user/.m2/repository/org/hamcrest/hamcrest-all/1.3/hamcrest-all-1.3.jar:/home/user/.m2/repository/org/bouncycastle/bcprov-jdk15on/1.60/bcprov-jdk15on-1.60.jar:/home/user/.m2/repository/info/picocli/picocli/3.9.6/picocli-3.9.6.jar:/home/user/.m2/repository/com/google/protobuf/protobuf-java/2.5.0/protobuf-java-2.5.0.jar:/home/user/.m2/repository/com/google/guava/guava/11.0.2/guava-11.0.2.jar:/home/user/.m2/repository/org/apache/hadoop/hadoop-ozone-ozone-manager/0.5.0-SNAPSHOT/hadoop-ozone-ozone-manager-0.5.0-SNAPSHOT.jar:/home/user/.m2/repository/org/apache/hadoop/hadoop-minikdc/3.2.0/hadoop-minikdc-3.2.0.jar:/home/user/.m2/repository/commons-io/commons-io/2.5/commons-io-2.5.jar:/home/user/.m2/repository/org/apache/kerby/kerb-simplekdc/1.0.1/kerb-simplekdc-1.0.1.jar:/home/user/.m2/repository/org/apache/kerby/kerb-client/1.0.1/kerb-client-1.0.1.jar:/home/user/.m2/repository/org/apache/kerby/kerby-config/1.0.1/kerby-config-1.0.1.jar:/home/user/.m2/repository/org/apache/kerby/kerb-core/1.0.1/kerb-core-1.0.1.jar:/home/user/.m2/repository/org/apache/kerby/kerby-pkix/1.0.1/kerby-pkix-1.0.1.jar:/home/user/.m2/repository/org/apache/kerby/kerby-asn1/1.0.1/kerby-asn1-1.0.1.jar:/home/user/.m2/repository/org/apache/kerby/kerby-util/1.0.1/kerby-util-1.0.1.jar:/home/user/.m2/repository/org/apache/kerby/kerb-common/1.0.1/kerb-common-1.0.1.jar:/home/user/.m2/repository/org/apache/kerby/kerb-crypto/1.0.1/kerb-crypto-1.0.1.jar:/home/user/.m2/repository/org/apache/kerby/kerb-util/1.0.1/kerb-util-1.0.1.jar:/home/user/.m2/repository/org/apache/kerby/token-provider/1.0.1/token-provider-1.0.1.jar:/home/user/.m2/repository/org/apache/kerby/kerb-admin/1.0.1/kerb-admin-1.0.1.jar:/home/user/.m2/repository/org/apache/kerby/kerb-server/1.0.1/kerb-server-1.0.1.jar:/home/user/.m2/repository/org/apache/kerby/kerb-identity/1.0.1/kerb-identity-1.0.1.jar:/home/user/.m2/repository/org/apache/kerby/kerby-xdr/1.0.1/kerby-xdr-1.0.1.jar:/home/user/.m2/repository/org/slf4j/slf4j-log4j12/1.7.25/slf4j-log4j12-1.7.25.jar:/home/user/.m2/repository/org/apache/hadoop/hadoop-ozone-s3gateway/0.5.0-SNAPSHOT/hadoop-ozone-s3gateway-0.5.0-SNAPSHOT.jar:/home/user/.m2/repository/org/jboss/weld/servlet/weld-servlet/2.4.7.Final/weld-servlet-2.4.7.Final.jar:/home/user/.m2/repository/org/glassfish/jersey/containers/jersey-container-servlet-core/2.27/jersey-container-servlet-core-2.27.jar:/home/user/.m2/repository/org/glassfish/hk2/external/javax.inject/2.5.0-b42/javax.inject-2.5.0-b42.jar:/home/user/.m2/repository/org/glassfish/jersey/core/jersey-common/2.27/jersey-common-2.27.jar:/home/user/.m2/repository/org/glassfish/hk2/osgi-resource-locator/1.0.1/osgi-resource-locator-1.0.1.jar:/home/user/.m2/repository/javax/ws/rs/javax.ws.rs-api/2.1/javax.ws.rs-api-2.1.jar:/home/user/.m2/repository/org/glassfish/jersey/ext/cdi/jersey-cdi1x/2.27/jersey-cdi1x-2.27.jar:/home/user/.m2/repository/org/glassfish/jersey/inject/jersey-hk2/2.27/jersey-hk2-2.27.jar:/home/user/.m2/repository/org/glassfish/hk2/hk2-locator/2.5.0-b42/hk2-locator-2.5.0-b42.jar:/home/user/.m2/repository/org/javassist/javassist/3.22.0-CR2/javassist-3.22.0-CR2.jar:/home/user/.m2/repository/org/glassfish/hk2/hk2-api/2.5.0/hk2-api-2.5.0.jar:/home/user/.m2/repository/org/glassfish/hk2/external/jakarta.inject/2.5.0/jakarta.inject-2.5.0.jar:/home/user/.m2/repository/org/glassfish/hk2/hk2-utils/2.5.0/hk2-utils-2.5.0.jar:/home/user/.m2/repository/jakarta/annotation/jakarta.annotation-api/1.3.4/jakarta.annotation-api-1.3.4.jar:/home/user/.m2/repository/org/glassfish/hk2/external/aopalliance-repackaged/2.5.0/aopalliance-repackaged-2.5.0.jar:/home/user/.m2/repository/com/fasterxml/jackson/dataformat/jackson-dataformat-xml/2.9.0/jackson-dataformat-xml-2.9.0.jar:/home/user/.m2/repository/com/fasterxml/jackson/core/jackson-core/2.9.9/jackson-core-2.9.9.jar:/home/user/.m2/repository/com/fasterxml/jackson/module/jackson-module-jaxb-annotations/2.9.9/jackson-module-jaxb-annotations-2.9.9.jar:/home/user/.m2/repository/javax/enterprise/cdi-api/1.2/cdi-api-1.2.jar:/home/user/.m2/repository/javax/el/javax.el-api/3.0.0/javax.el-api-3.0.0.jar:/home/user/.m2/repository/javax/interceptor/javax.interceptor-api/1.2/javax.interceptor-api-1.2.jar:/home/user/.m2/repository/javax/inject/javax.inject/1/javax.inject-1.jar:/home/user/.m2/repository/com/sun/xml/bind/jaxb-impl/2.3.0.1/jaxb-impl-2.3.0.1.jar:/home/user/.m2/repository/com/sun/xml/bind/jaxb-core/2.3.0.1/jaxb-core-2.3.0.1.jar:/home/user/.m2/repository/javax/xml/bind/jaxb-api/2.3.0/jaxb-api-2.3.0.jar:/home/user/.m2/repository/javax/activation/activation/1.1.1/activation-1.1.1.jar:/home/user/.m2/repository/org/apache/hadoop/hadoop-ozone-csi/0.5.0-SNAPSHOT/hadoop-ozone-csi-0.5.0-SNAPSHOT.jar:/home/user/.m2/repository/com/google/protobuf/protobuf-java-util/3.5.1/protobuf-java-util-3.5.1.jar:/home/user/.m2/repository/org/apache/hadoop/hadoop-hdds-config/0.5.0-SNAPSHOT/hadoop-hdds-config-0.5.0-SNAPSHOT.jar:/home/user/.m2/repository/io/grpc/grpc-netty/1.17.1/grpc-netty-1.17.1.jar:/home/user/.m2/repository/io/grpc/grpc-core/1.17.1/grpc-core-1.17.1.jar:/home/user/.m2/repository/io/grpc/grpc-context/1.17.1/grpc-context-1.17.1.jar:/home/user/.m2/repository/com/google/errorprone/error_prone_annotations/2.2.0/error_prone_annotations-2.2.0.jar:/home/user/.m2/repository/org/codehaus/mojo/animal-sniffer-annotations/1.17/animal-sniffer-annotations-1.17.jar:/home/user/.m2/repository/io/opencensus/opencensus-api/0.17.0/opencensus-api-0.17.0.jar:/home/user/.m2/repository/io/opencensus/opencensus-contrib-grpc-metrics/0.17.0/opencensus-contrib-grpc-metrics-0.17.0.jar:/home/user/.m2/repository/io/netty/netty-codec-http2/4.1.30.Final/netty-codec-http2-4.1.30.Final.jar:/home/user/.m2/repository/io/netty/netty-codec-http/4.1.30.Final/netty-codec-http-4.1.30.Final.jar:/home/user/.m2/repository/io/netty/netty-codec/4.1.30.Final/netty-codec-4.1.30.Final.jar:/home/user/.m2/repository/io/netty/netty-handler/4.1.30.Final/netty-handler-4.1.30.Final.jar:/home/user/.m2/repository/io/netty/netty-handler-proxy/4.1.30.Final/netty-handler-proxy-4.1.30.Final.jar:/home/user/.m2/repository/io/netty/netty-codec-socks/4.1.30.Final/netty-codec-socks-4.1.30.Final.jar:/home/user/.m2/repository/io/netty/netty-transport-native-epoll/4.1.30.Final/netty-transport-native-epoll-4.1.30.Final.jar:/home/user/.m2/repository/io/netty/netty-common/4.1.30.Final/netty-common-4.1.30.Final.jar:/home/user/.m2/repository/io/netty/netty-buffer/4.1.30.Final/netty-buffer-4.1.30.Final.jar:/home/user/.m2/repository/io/netty/netty-transport/4.1.30.Final/netty-transport-4.1.30.Final.jar:/home/user/.m2/repository/io/netty/netty-resolver/4.1.30.Final/netty-resolver-4.1.30.Final.jar:/home/user/.m2/repository/io/netty/netty-transport-native-unix-common/4.1.30.Final/netty-transport-native-unix-common-4.1.30.Final.jar:/home/user/.m2/repository/io/grpc/grpc-protobuf/1.17.1/grpc-protobuf-1.17.1.jar:/home/user/.m2/repository/com/google/api/grpc/proto-google-common-protos/1.0.0/proto-google-common-protos-1.0.0.jar:/home/user/.m2/repository/io/grpc/grpc-protobuf-lite/1.17.1/grpc-protobuf-lite-1.17.1.jar:/home/user/.m2/repository/io/grpc/grpc-stub/1.17.1/grpc-stub-1.17.1.jar:/home/user/.m2/repository/org/apache/hadoop/hadoop-ozone-recon/0.5.0-SNAPSHOT/hadoop-ozone-recon-0.5.0-SNAPSHOT.jar:/home/user/.m2/repository/org/apache/hadoop/hadoop-ozone-reconcodegen/0.5.0-SNAPSHOT/hadoop-ozone-reconcodegen-0.5.0-SNAPSHOT.jar:/home/user/.m2/repository/com/google/inject/extensions/guice-multibindings/4.0/guice-multibindings-4.0.jar:/home/user/.m2/repository/com/google/inject/guice/4.0/guice-4.0.jar:/home/user/.m2/repository/aopalliance/aopalliance/1.0/aopalliance-1.0.jar:/home/user/.m2/repository/com/google/inject/extensions/guice-servlet/4.0/guice-servlet-4.0.jar:/home/user/.m2/repository/org/glassfish/jersey/containers/jersey-container-servlet/2.27/jersey-container-servlet-2.27.jar:/home/user/.m2/repository/org/glassfish/hk2/guice-bridge/2.5.0/guice-bridge-2.5.0.jar:/home/user/.m2/repository/org/glassfish/jersey/core/jersey-server/2.27/jersey-server-2.27.jar:/home/user/.m2/repository/org/glassfish/jersey/core/jersey-client/2.27/jersey-client-2.27.jar:/home/user/.m2/repository/org/glassfish/jersey/media/jersey-media-jaxb/2.27/jersey-media-jaxb-2.27.jar:/home/user/.m2/repository/javax/validation/validation-api/1.1.0.Final/validation-api-1.1.0.Final.jar:/home/user/.m2/repository/org/glassfish/jersey/media/jersey-media-json-jackson/2.27/jersey-media-json-jackson-2.27.jar:/home/user/.m2/repository/org/glassfish/jersey/ext/jersey-entity-filtering/2.27/jersey-entity-filtering-2.27.jar:/home/user/.m2/repository/com/google/inject/extensions/guice-assistedinject/4.0/guice-assistedinject-4.0.jar:/home/user/.m2/repository/org/jooq/jooq/3.11.10/jooq-3.11.10.jar:/home/user/.m2/repository/org/jooq/jooq-meta/3.11.10/jooq-meta-3.11.10.jar:/home/user/.m2/repository/org/jooq/jooq-codegen/3.11.10/jooq-codegen-3.11.10.jar:/home/user/.m2/repository/com/jolbox/bonecp/0.8.0.RELEASE/bonecp-0.8.0.RELEASE.jar:/home/user/.m2/repository/org/xerial/sqlite-jdbc/3.25.2/sqlite-jdbc-3.25.2.jar:/home/user/.m2/repository/org/springframework/spring-jdbc/5.1.3.RELEASE/spring-jdbc-5.1.3.RELEASE.jar:/home/user/.m2/repository/org/springframework/spring-beans/5.1.3.RELEASE/spring-beans-5.1.3.RELEASE.jar:/home/user/.m2/repository/org/springframework/spring-core/5.1.3.RELEASE/spring-core-5.1.3.RELEASE.jar:/home/user/.m2/repository/org/springframework/spring-jcl/5.1.3.RELEASE/spring-jcl-5.1.3.RELEASE.jar:/home/user/.m2/repository/org/springframework/spring-tx/5.1.3.RELEASE/spring-tx-5.1.3.RELEASE.jar:/home/user/.m2/repository/org/apache/hadoop/hadoop-ozone-client/0.5.0-SNAPSHOT/hadoop-ozone-client-0.5.0-SNAPSHOT.jar:/home/user/.m2/repository/commons-lang/commons-lang/2.6/commons-lang-2.6.jar:/home/user/.m2/repository/org/apache/hadoop/hadoop-ozone-ozone-manager/0.5.0-SNAPSHOT/hadoop-ozone-ozone-manager-0.5.0-SNAPSHOT-tests.jar:/home/user/.m2/repository/junit/junit/4.11/junit-4.11.jar:/home/user/.m2/repository/org/hamcrest/hamcrest-core/1.3/hamcrest-core-1.3.jar:/home/user/.m2/repository/org/openjdk/jmh/jmh-core/1.19/jmh-core-1.19.jar:/home/user/.m2/repository/net/sf/jopt-simple/jopt-simple/4.6/jopt-simple-4.6.jar:/home/user/.m2/repository/org/apache/commons/commons-math3/3.1.1/commons-math3-3.1.1.jar:/home/user/.m2/repository/org/openjdk/jmh/jmh-generator-annprocess/1.19/jmh-generator-annprocess-1.19.jar:/home/user/.m2/repository/org/mockito/mockito-all/1.8.5/mockito-all-1.8.5.jar:/home/user/.m2/repository/org/apache/hadoop/hadoop-kms/3.2.0/hadoop-kms-3.2.0.jar:/home/user/.m2/repository/org/apache/hadoop/hadoop-auth/3.2.0/hadoop-auth-3.2.0.jar:/home/user/.m2/repository/com/nimbusds/nimbus-jose-jwt/4.41.1/nimbus-jose-jwt-4.41.1.jar:/home/user/.m2/repository/com/github/stephenc/jcip/jcip-annotations/1.0-1/jcip-annotations-1.0-1.jar:/home/user/.m2/repository/net/minidev/json-smart/2.3/json-smart-2.3.jar:/home/user/.m2/repository/net/minidev/accessors-smart/1.2/accessors-smart-1.2.jar:/home/user/.m2/repository/org/ow2/asm/asm/5.0.4/asm-5.0.4.jar:/home/user/.m2/repository/org/apache/curator/curator-framework/2.12.0/curator-framework-2.12.0.jar:/home/user/.m2/repository/com/sun/jersey/jersey-core/1.19/jersey-core-1.19.jar:/home/user/.m2/repository/javax/ws/rs/jsr311-api/1.1.1/jsr311-api-1.1.1.jar:/home/user/.m2/repository/com/sun/jersey/jersey-server/1.19/jersey-server-1.19.jar:/home/user/.m2/repository/javax/servlet/javax.servlet-api/3.1.0/javax.servlet-api-3.1.0.jar:/home/user/.m2/repository/org/eclipse/jetty/jetty-server/9.3.25.v20180904/jetty-server-9.3.25.v20180904.jar:/home/user/.m2/repository/org/eclipse/jetty/jetty-http/9.3.25.v20180904/jetty-http-9.3.25.v20180904.jar:/home/user/.m2/repository/org/eclipse/jetty/jetty-io/9.3.25.v20180904/jetty-io-9.3.25.v20180904.jar:/home/user/.m2/repository/org/eclipse/jetty/jetty-webapp/9.3.25.v20180904/jetty-webapp-9.3.25.v20180904.jar:/home/user/.m2/repository/org/eclipse/jetty/jetty-xml/9.3.25.v20180904/jetty-xml-9.3.25.v20180904.jar:/home/user/.m2/repository/log4j/log4j/1.2.17/log4j-1.2.17.jar:/home/user/.m2/repository/org/slf4j/slf4j-api/1.7.25/slf4j-api-1.7.25.jar:/home/user/.m2/repository/org/slf4j/jul-to-slf4j/1.7.25/jul-to-slf4j-1.7.25.jar:/home/user/.m2/repository/org/eclipse/jetty/jetty-util/9.3.25.v20180904/jetty-util-9.3.25.v20180904.jar:/home/user/.m2/repository/com/fasterxml/jackson/core/jackson-databind/2.9.9/jackson-databind-2.9.9.jar:/home/user/.m2/repository/org/apache/hadoop/hadoop-kms/3.2.0/hadoop-kms-3.2.0-tests.jar:/home/user/.m2/repository/org/apache/hadoop/hadoop-hdds-server-scm/0.5.0-SNAPSHOT/hadoop-hdds-server-scm-0.5.0-SNAPSHOT-tests.jar:/home/user/.m2/repository/org/apache/hadoop/hadoop-hdds-container-service/0.5.0-SNAPSHOT/hadoop-hdds-container-service-0.5.0-SNAPSHOT-tests.jar:/home/user/.m2/repository/org/yaml/snakeyaml/1.16/snakeyaml-1.16.jar:/home/user/.m2/repository/org/apache/hadoop/hadoop-common/3.2.0/hadoop-common-3.2.0-tests.jar:/home/user/.m2/repository/org/apache/hadoop/hadoop-annotations/3.2.0/hadoop-annotations-3.2.0.jar:/usr/lib/jvm/java-1.8-openjdk/jre/../lib/tools.jar:/home/user/.m2/repository/commons-cli/commons-cli/1.2/commons-cli-1.2.jar:/home/user/.m2/repository/org/apache/httpcomponents/httpclient/4.5.2/httpclient-4.5.2.jar:/home/user/.m2/repository/org/apache/httpcomponents/httpcore/4.4.4/httpcore-4.4.4.jar:/home/user/.m2/repository/commons-codec/commons-codec/1.11/commons-codec-1.11.jar:/home/user/.m2/repository/commons-net/commons-net/3.6/commons-net-3.6.jar:/home/user/.m2/repository/commons-collections/commons-collections/3.2.2/commons-collections-3.2.2.jar:/home/user/.m2/repository/org/eclipse/jetty/jetty-servlet/9.3.25.v20180904/jetty-servlet-9.3.25.v20180904.jar:/home/user/.m2/repository/org/eclipse/jetty/jetty-security/9.3.25.v20180904/jetty-security-9.3.25.v20180904.jar:/home/user/.m2/repository/javax/servlet/jsp/jsp-api/2.1/jsp-api-2.1.jar:/home/user/.m2/repository/com/sun/jersey/jersey-servlet/1.19/jersey-servlet-1.19.jar:/home/user/.m2/repository/com/sun/jersey/jersey-json/1.19/jersey-json-1.19.jar:/home/user/.m2/repository/org/codehaus/jettison/jettison/1.1/jettison-1.1.jar:/home/user/.m2/repository/org/codehaus/jackson/jackson-core-asl/1.9.13/jackson-core-asl-1.9.13.jar:/home/user/.m2/repository/org/codehaus/jackson/jackson-mapper-asl/1.9.13/jackson-mapper-asl-1.9.13.jar:/home/user/.m2/repository/org/codehaus/jackson/jackson-jaxrs/1.9.13/jackson-jaxrs-1.9.13.jar:/home/user/.m2/repository/org/codehaus/jackson/jackson-xc/1.9.13/jackson-xc-1.9.13.jar:/home/user/.m2/repository/commons-logging/commons-logging/1.1.3/commons-logging-1.1.3.jar:/home/user/.m2/repository/commons-beanutils/commons-beanutils/1.9.4/commons-beanutils-1.9.4.jar:/home/user/.m2/repository/org/apache/commons/commons-configuration2/2.1.1/commons-configuration2-2.1.1.jar:/home/user/.m2/repository/org/apache/commons/commons-lang3/3.7/commons-lang3-3.7.jar:/home/user/.m2/repository/org/apache/commons/commons-text/1.4/commons-text-1.4.jar:/home/user/.m2/repository/org/apache/avro/avro/1.7.7/avro-1.7.7.jar:/home/user/.m2/repository/com/thoughtworks/paranamer/paranamer/2.3/paranamer-2.3.jar:/home/user/.m2/repository/org/xerial/snappy/snappy-java/1.0.5/snappy-java-1.0.5.jar:/home/user/.m2/repository/com/google/re2j/re2j/1.1/re2j-1.1.jar:/home/user/.m2/repository/com/google/code/gson/gson/2.2.4/gson-2.2.4.jar:/home/user/.m2/repository/com/jcraft/jsch/0.1.54/jsch-0.1.54.jar:/home/user/.m2/repository/org/apache/curator/curator-client/2.12.0/curator-client-2.12.0.jar:/home/user/.m2/repository/org/apache/curator/curator-recipes/2.12.0/curator-recipes-2.12.0.jar:/home/user/.m2/repository/com/google/code/findbugs/jsr305/3.0.0/jsr305-3.0.0.jar:/home/user/.m2/repository/org/apache/htrace/htrace-core4/4.1.0-incubating/htrace-core4-4.1.0-incubating.jar:/home/user/.m2/repository/org/apache/zookeeper/zookeeper/3.4.13/zookeeper-3.4.13.jar:/home/user/.m2/repository/jline/jline/0.9.94/jline-0.9.94.jar:/home/user/.m2/repository/org/apache/yetus/audience-annotations/0.5.0/audience-annotations-0.5.0.jar:/home/user/.m2/repository/org/codehaus/woodstox/stax2-api/3.1.4/stax2-api-3.1.4.jar:/home/user/.m2/repository/com/fasterxml/woodstox/woodstox-core/5.0.3/woodstox-core-5.0.3.jar:/home/user/.m2/repository/dnsjava/dnsjava/2.1.7/dnsjava-2.1.7.jar:/home/user/.m2/repository/org/apache/hadoop/hadoop-hdfs/3.2.0/hadoop-hdfs-3.2.0-tests.jar:/home/user/.m2/repository/org/eclipse/jetty/jetty-util-ajax/9.3.25.v20180904/jetty-util-ajax-9.3.25.v20180904.jar:/home/user/.m2/repository/commons-daemon/commons-daemon/1.0.13/commons-daemon-1.0.13.jar:/home/user/.m2/repository/io/netty/netty/3.10.5.Final/netty-3.10.5.Final.jar:/home/user/.m2/repository/io/netty/netty-all/4.0.52.Final/netty-all-4.0.52.Final.jar:/home/user/.m2/repository/org/fusesource/leveldbjni/leveldbjni-all/1.8/leveldbjni-all-1.8.jar:"/>
    <property name="sun.cpu.endian" value="little"/>
    <property name="user.home" value="/home/user"/>
    <property name="user.language" value="en"/>
    <property name="java.specification.vendor" value="Oracle Corporation"/>
    <property name="java.home" value="/usr/lib/jvm/java-1.8-openjdk/jre"/>
    <property name="java.security.krb5.conf" value="/workdir/hadoop-ozone/integration-test/target/test-classes/krb5.conf"/>
    <property name="basedir" value="/workdir/hadoop-ozone/integration-test"/>
    <property name="file.separator" value="/"/>
    <property name="line.separator" value="&#10;"/>
    <property name="java.vm.specification.vendor" value="Oracle Corporation"/>
    <property name="java.specification.name" value="Java Platform API Specification"/>
    <property name="java.awt.graphicsenv" value="sun.awt.X11GraphicsEnvironment"/>
    <property name="surefire.real.class.path" value="/workdir/hadoop-ozone/integration-test/target/surefire/surefirebooter6546267986851337547.jar"/>
    <property name="hadoop.log.dir" value="/workdir/hadoop-ozone/integration-test/target/log"/>
    <property name="sun.boot.class.path" value="/usr/lib/jvm/java-1.8-openjdk/jre/lib/resources.jar:/usr/lib/jvm/java-1.8-openjdk/jre/lib/rt.jar:/usr/lib/jvm/java-1.8-openjdk/jre/lib/sunrsasign.jar:/usr/lib/jvm/java-1.8-openjdk/jre/lib/jsse.jar:/usr/lib/jvm/java-1.8-openjdk/jre/lib/jce.jar:/usr/lib/jvm/java-1.8-openjdk/jre/lib/charsets.jar:/usr/lib/jvm/java-1.8-openjdk/jre/lib/jfr.jar:/usr/lib/jvm/java-1.8-openjdk/jre/classes"/>
    <property name="sun.management.compiler" value="HotSpot 64-Bit Tiered Compilers"/>
    <property name="java.runtime.version" value="1.8.0_212-b04"/>
    <property name="java.net.preferIPv4Stack" value="true"/>
    <property name="user.name" value="jenkins1000"/>
    <property name="path.separator" value=":"/>
    <property name="java.security.egd" value="file:///dev/urandom"/>
    <property name="os.version" value="3.10.0-957.12.2.el7.x86_64"/>
    <property name="java.endorsed.dirs" value="/usr/lib/jvm/java-1.8-openjdk/jre/lib/endorsed"/>
    <property name="java.runtime.name" value="OpenJDK Runtime Environment"/>
    <property name="file.encoding" value="UTF-8"/>
    <property name="java.vm.name" value="OpenJDK 64-Bit Server VM"/>
    <property name="test.build.webapps" value=""/>
    <property name="localRepository" value="/home/user/.m2/repository"/>
    <property name="java.vendor.url.bug" value="https://icedtea.classpath.org/bugzilla"/>
    <property name="java.io.tmpdir" value="/tmp"/>
    <property name="require.test.libhadoop" value=""/>
    <property name="java.version" value="1.8.0_212"/>
    <property name="user.dir" value="/workdir/hadoop-ozone/integration-test"/>
    <property name="os.arch" value="amd64"/>
    <property name="java.vm.specification.name" value="Java Virtual Machine Specification"/>
    <property name="test.build.classes" value="/workdir/hadoop-ozone/integration-test/target/test-classes"/>
    <property name="java.awt.printerjob" value="sun.print.PSPrinterJob"/>
    <property name="sun.os.patch.level" value="unknown"/>
    <property name="hadoop.tmp.dir" value="/workdir/hadoop-ozone/integration-test/target/tmp"/>
    <property name="java.library.path" value="/usr/lib/jvm/java-1.8-openjdk/jre/lib/amd64/server:/usr/lib/jvm/java-1.8-openjdk/jre/lib/amd64:/usr/lib/jvm/java-1.8-openjdk/jre/../lib/amd64:/workdir/hadoop-ozone/integration-test/target/native/target/usr/local/lib:/workdir/hadoop-ozone/integration-test/../../hadoop-common-project/hadoop-common/target/native/target/usr/local/lib:/usr/java/packages/lib/amd64:/usr/lib64:/lib64:/lib:/usr/lib"/>
    <property name="java.vm.info" value="mixed mode"/>
    <property name="java.vendor" value="IcedTea"/>
    <property name="java.vm.version" value="25.212-b04"/>
    <property name="java.ext.dirs" value="/usr/lib/jvm/java-1.8-openjdk/jre/lib/ext:/usr/java/packages/lib/ext"/>
    <property name="sun.io.unicode.encoding" value="UnicodeLittle"/>
    <property name="java.class.version" value="52.0"/>
  </properties>
  <testcase name="testWatchForCommitWithKeyWrite" classname="org.apache.hadoop.ozone.client.rpc.TestWatchForCommit" time="64.606"/>
  <testcase name="testWatchForCommitWithSmallerTimeoutValue" classname="org.apache.hadoop.ozone.client.rpc.TestWatchForCommit" time="54.938"/>
  <testcase name="testWatchForCommitForRetryfailure" classname="org.apache.hadoop.ozone.client.rpc.TestWatchForCommit" time="82.766"/>
  <testcase name="testWatchForCommitForGroupMismatchException" classname="org.apache.hadoop.ozone.client.rpc.TestWatchForCommit" time="34.366"/>
  <testcase name="test2WayCommitForTimeoutException" classname="org.apache.hadoop.ozone.client.rpc.TestWatchForCommit" time="64.56">
    <error type="java.util.concurrent.TimeoutException">java.util.concurrent.TimeoutException
	at java.util.concurrent.CompletableFuture.timedGet(CompletableFuture.java:1771)
	at java.util.concurrent.CompletableFuture.get(CompletableFuture.java:1915)
	at org.apache.hadoop.hdds.scm.XceiverClientRatis.watchForCommit(XceiverClientRatis.java:283)
	at org.apache.hadoop.ozone.client.rpc.TestWatchForCommit.test2WayCommitForTimeoutException(TestWatchForCommit.java:391)
	at sun.reflect.NativeMethodAccessorImpl.invoke0(Native Method)
	at sun.reflect.NativeMethodAccessorImpl.invoke(NativeMethodAccessorImpl.java:62)
	at sun.reflect.DelegatingMethodAccessorImpl.invoke(DelegatingMethodAccessorImpl.java:43)
	at java.lang.reflect.Method.invoke(Method.java:498)
	at org.junit.runners.model.FrameworkMethod$1.runReflectiveCall(FrameworkMethod.java:47)
	at org.junit.internal.runners.model.ReflectiveCallable.run(ReflectiveCallable.java:12)
	at org.junit.runners.model.FrameworkMethod.invokeExplosively(FrameworkMethod.java:44)
	at org.junit.internal.runners.statements.InvokeMethod.evaluate(InvokeMethod.java:17)
	at org.junit.runners.ParentRunner.runLeaf(ParentRunner.java:271)
	at org.junit.runners.BlockJUnit4ClassRunner.runChild(BlockJUnit4ClassRunner.java:70)
	at org.junit.runners.BlockJUnit4ClassRunner.runChild(BlockJUnit4ClassRunner.java:50)
	at org.junit.runners.ParentRunner$3.run(ParentRunner.java:238)
	at org.junit.runners.ParentRunner$1.schedule(ParentRunner.java:63)
	at org.junit.runners.ParentRunner.runChildren(ParentRunner.java:236)
	at org.junit.runners.ParentRunner.access$000(ParentRunner.java:53)
	at org.junit.runners.ParentRunner$2.evaluate(ParentRunner.java:229)
	at org.junit.runners.ParentRunner.run(ParentRunner.java:309)
	at org.apache.maven.surefire.junit4.JUnit4Provider.execute(JUnit4Provider.java:365)
	at org.apache.maven.surefire.junit4.JUnit4Provider.executeWithRerun(JUnit4Provider.java:273)
	at org.apache.maven.surefire.junit4.JUnit4Provider.executeTestSet(JUnit4Provider.java:238)
	at org.apache.maven.surefire.junit4.JUnit4Provider.invoke(JUnit4Provider.java:159)
	at org.apache.maven.surefire.booter.ForkedBooter.invokeProviderInSameClassLoader(ForkedBooter.java:384)
	at org.apache.maven.surefire.booter.ForkedBooter.runSuitesInProcess(ForkedBooter.java:345)
	at org.apache.maven.surefire.booter.ForkedBooter.execute(ForkedBooter.java:126)
	at org.apache.maven.surefire.booter.ForkedBooter.main(ForkedBooter.java:418)
</error>
    <system-out><![CDATA[2019-10-11 03:04:52,103 [main] WARN  server.ServerUtils (ServerUtils.java:getScmDbDir(145)) - ozone.scm.db.dirs is not configured. We recommend adding this setting. Falling back to ozone.metadata.dirs instead.
2019-10-11 03:04:52,753 [main] WARN  server.ServerUtils (ServerUtils.java:getScmDbDir(145)) - ozone.scm.db.dirs is not configured. We recommend adding this setting. Falling back to ozone.metadata.dirs instead.
2019-10-11 03:04:52,754 [main] WARN  server.ServerUtils (ServerUtils.java:getScmDbDir(145)) - ozone.scm.db.dirs is not configured. We recommend adding this setting. Falling back to ozone.metadata.dirs instead.
2019-10-11 03:04:52,755 [main] INFO  db.DBStoreBuilder (DBStoreBuilder.java:addTable(117)) - using custom profile for table: deletedBlocks
2019-10-11 03:04:52,755 [main] INFO  db.DBStoreBuilder (DBStoreBuilder.java:processTables(168)) - Using default column profile:DBProfile.DISK for Table:deletedBlocks
2019-10-11 03:04:52,756 [main] INFO  db.DBStoreBuilder (DBStoreBuilder.java:addTable(117)) - using custom profile for table: validCerts
2019-10-11 03:04:52,756 [main] INFO  db.DBStoreBuilder (DBStoreBuilder.java:processTables(168)) - Using default column profile:DBProfile.DISK for Table:validCerts
2019-10-11 03:04:52,757 [main] INFO  db.DBStoreBuilder (DBStoreBuilder.java:addTable(117)) - using custom profile for table: revokedCerts
2019-10-11 03:04:52,757 [main] INFO  db.DBStoreBuilder (DBStoreBuilder.java:processTables(168)) - Using default column profile:DBProfile.DISK for Table:revokedCerts
2019-10-11 03:04:52,758 [main] INFO  db.DBStoreBuilder (DBStoreBuilder.java:addTable(117)) - using custom profile for table: default
2019-10-11 03:04:52,758 [main] INFO  db.DBStoreBuilder (DBStoreBuilder.java:processTables(174)) - Using default column profile:DBProfile.DISK for Table:default
2019-10-11 03:04:52,759 [main] INFO  db.DBStoreBuilder (DBStoreBuilder.java:getDbProfile(205)) - Using default options. DBProfile.DISK
2019-10-11 03:05:25,736 [main] INFO  net.NodeSchemaLoader (NodeSchemaLoader.java:loadSchemaFromFile(125)) - Loading file from sun.misc.CompoundEnumeration@6a98f353
2019-10-11 03:05:25,736 [main] INFO  net.NodeSchemaLoader (NodeSchemaLoader.java:loadSchema(171)) - Loading network topology layer schema file
2019-10-11 03:05:25,742 [main] WARN  server.ServerUtils (ServerUtils.java:sanitizeUserArgs(70)) - ozone.scm.stale.node.interval value = 300000 is larger than max = 100000 based on the key value of ozone.scm.heartbeat.thread.interval, reset to the max value 100000.
2019-10-11 03:05:25,742 [main] WARN  server.ServerUtils (ServerUtils.java:sanitizeUserArgs(70)) - ozone.scm.stale.node.interval value = 300000 is larger than max = 100000 based on the key value of ozone.scm.heartbeat.thread.interval, reset to the max value 100000.
2019-10-11 03:05:25,742 [main] INFO  node.SCMNodeManager (SCMNodeManager.java:<init>(116)) - Entering startup safe mode.
2019-10-11 03:05:25,744 [main] INFO  algorithms.ContainerPlacementPolicyFactory (ContainerPlacementPolicyFactory.java:getPolicy(57)) - Create container placement policy of type org.apache.hadoop.hdds.scm.container.placement.algorithms.SCMContainerPlacementRandom
2019-10-11 03:05:25,744 [main] WARN  server.ServerUtils (ServerUtils.java:getScmDbDir(145)) - ozone.scm.db.dirs is not configured. We recommend adding this setting. Falling back to ozone.metadata.dirs instead.
2019-10-11 03:05:34,036 [main] INFO  pipeline.SCMPipelineManager (SCMPipelineManager.java:initializePipelineState(132)) - No pipeline exists in current db
2019-10-11 03:05:34,037 [main] WARN  server.ServerUtils (ServerUtils.java:getScmDbDir(145)) - ozone.scm.db.dirs is not configured. We recommend adding this setting. Falling back to ozone.metadata.dirs instead.
2019-10-11 03:05:34,260 [main] WARN  events.EventQueue (EventQueue.java:fireEvent(183)) - No event handler registered for event TypedEvent{payloadType=SafeModeStatus, name='SafeModeStatus'}
2019-10-11 03:05:34,262 [main] INFO  ipc.CallQueueManager (CallQueueManager.java:<init>(84)) - Using callQueue: class java.util.concurrent.LinkedBlockingQueue, queueCapacity: 2000, scheduler: class org.apache.hadoop.ipc.DefaultRpcScheduler, ipcBackoff: false.
2019-10-11 03:05:34,263 [Socket Reader #1 for port 36840] INFO  ipc.Server (Server.java:run(1074)) - Starting Socket Reader #1 for port 36840
2019-10-11 03:05:34,267 [main] INFO  ipc.CallQueueManager (CallQueueManager.java:<init>(84)) - Using callQueue: class java.util.concurrent.LinkedBlockingQueue, queueCapacity: 2000, scheduler: class org.apache.hadoop.ipc.DefaultRpcScheduler, ipcBackoff: false.
2019-10-11 03:05:34,268 [Socket Reader #1 for port 41583] INFO  ipc.Server (Server.java:run(1074)) - Starting Socket Reader #1 for port 41583
2019-10-11 03:05:34,270 [main] INFO  ipc.CallQueueManager (CallQueueManager.java:<init>(84)) - Using callQueue: class java.util.concurrent.LinkedBlockingQueue, queueCapacity: 2000, scheduler: class org.apache.hadoop.ipc.DefaultRpcScheduler, ipcBackoff: false.
2019-10-11 03:05:34,271 [Socket Reader #1 for port 41593] INFO  ipc.Server (Server.java:run(1074)) - Starting Socket Reader #1 for port 41593
2019-10-11 03:05:34,275 [main] INFO  hdfs.DFSUtil (DFSUtil.java:httpServerTemplateForNNAndJN(1641)) - Starting Web-server for scm at: http://0.0.0.0:0
2019-10-11 03:05:34,278 [main] INFO  server.AuthenticationFilter (AuthenticationFilter.java:constructSecretProvider(240)) - Unable to initialize FileSignerSecretProvider, falling back to use random secrets.
2019-10-11 03:05:34,280 [main] WARN  http.HttpRequestLog (HttpRequestLog.java:getRequestLog(97)) - Jetty request log can only be enabled using Log4j
2019-10-11 03:05:34,283 [main] INFO  http.HttpServer2 (HttpServer2.java:addGlobalFilter(975)) - Added global filter 'safety' (class=org.apache.hadoop.http.HttpServer2$QuotingInputFilter)
2019-10-11 03:05:34,284 [main] INFO  http.HttpServer2 (HttpServer2.java:addFilter(948)) - Added filter static_user_filter (class=org.apache.hadoop.http.lib.StaticUserWebFilter$StaticUserFilter) to context scm
2019-10-11 03:05:34,284 [main] INFO  http.HttpServer2 (HttpServer2.java:addFilter(958)) - Added filter static_user_filter (class=org.apache.hadoop.http.lib.StaticUserWebFilter$StaticUserFilter) to context logs
2019-10-11 03:05:34,284 [main] INFO  http.HttpServer2 (HttpServer2.java:addFilter(958)) - Added filter static_user_filter (class=org.apache.hadoop.http.lib.StaticUserWebFilter$StaticUserFilter) to context static
2019-10-11 03:05:34,287 [main] INFO  server.StorageContainerManager (StorageContainerManager.java:start(772)) - StorageContainerLocationProtocol RPC server is listening at /0.0.0.0:41593
2019-10-11 03:05:34,291 [main] WARN  impl.MetricsConfig (MetricsConfig.java:loadFirst(134)) - Cannot locate configuration: tried hadoop-metrics2-storagecontainermanager.properties,hadoop-metrics2.properties
2019-10-11 03:05:34,292 [main] INFO  impl.MetricsSystemImpl (MetricsSystemImpl.java:startTimer(374)) - Scheduled Metric snapshot period at 10 second(s).
2019-10-11 03:05:34,293 [main] INFO  impl.MetricsSystemImpl (MetricsSystemImpl.java:start(191)) - StorageContainerManager metrics system started
2019-10-11 03:05:34,350 [main] WARN  impl.MetricsSystemImpl (MetricsSystemImpl.java:register(276)) - Sink prometheus already exists!
2019-10-11 03:05:34,423 [main] INFO  server.SCMClientProtocolServer (SCMClientProtocolServer.java:start(159)) - RPC server for Client  is listening at /0.0.0.0:41593
2019-10-11 03:05:34,424 [IPC Server Responder] INFO  ipc.Server (Server.java:run(1314)) - IPC Server Responder: starting
2019-10-11 03:05:34,424 [IPC Server listener on 41593] INFO  ipc.Server (Server.java:run(1153)) - IPC Server listener on 41593: starting
2019-10-11 03:05:34,428 [main] INFO  server.StorageContainerManager (StorageContainerManager.java:start(782)) - ScmBlockLocationProtocol RPC server is listening at /0.0.0.0:41583
2019-10-11 03:05:34,428 [main] INFO  server.SCMBlockProtocolServer (SCMBlockProtocolServer.java:start(146)) - RPC server for Block Protocol is listening at /0.0.0.0:41583
2019-10-11 03:05:34,428 [IPC Server Responder] INFO  ipc.Server (Server.java:run(1314)) - IPC Server Responder: starting
2019-10-11 03:05:34,428 [IPC Server listener on 41583] INFO  ipc.Server (Server.java:run(1153)) - IPC Server listener on 41583: starting
2019-10-11 03:05:34,434 [main] INFO  server.StorageContainerManager (StorageContainerManager.java:start(786)) - ScmDatanodeProtocl RPC server is listening at /0.0.0.0:36840
2019-10-11 03:05:34,434 [main] INFO  server.SCMDatanodeProtocolServer (SCMDatanodeProtocolServer.java:start(169)) - RPC server for DataNodes is listening at /0.0.0.0:36840
2019-10-11 03:05:34,434 [IPC Server Responder] INFO  ipc.Server (Server.java:run(1314)) - IPC Server Responder: starting
2019-10-11 03:05:34,435 [IPC Server listener on 36840] INFO  ipc.Server (Server.java:run(1153)) - IPC Server listener on 36840: starting
2019-10-11 03:05:34,438 [main] INFO  http.HttpServer2 (HttpServer2.java:bindListener(1191)) - Jetty bound to port 41862
2019-10-11 03:05:34,438 [main] INFO  server.Server (Server.java:doStart(351)) - jetty-9.3.25.v20180904, build timestamp: 2018-09-04T21:11:46Z, git hash: 3ce520221d0240229c862b122d2b06c12a625732
2019-10-11 03:05:34,439 [main] INFO  handler.ContextHandler (ContextHandler.java:doStart(781)) - Started o.e.j.s.ServletContextHandler@525647f3{/logs,file:///workdir/hadoop-ozone/integration-test/target/log,AVAILABLE}
2019-10-11 03:05:34,440 [main] INFO  handler.ContextHandler (ContextHandler.java:doStart(781)) - Started o.e.j.s.ServletContextHandler@20a24edf{/static,file:///workdir/hadoop-ozone/integration-test/target/test-classes/webapps/static,AVAILABLE}
2019-10-11 03:05:34,451 [main] INFO  handler.ContextHandler (ContextHandler.java:doStart(781)) - Started o.e.j.w.WebAppContext@250d440{/,file:///workdir/hadoop-ozone/integration-test/target/test-classes/webapps/scm/,AVAILABLE}{/scm}
2019-10-11 03:05:34,452 [main] INFO  server.AbstractConnector (AbstractConnector.java:doStart(278)) - Started ServerConnector@76c86567{HTTP/1.1,[http/1.1]}{0.0.0.0:41862}
2019-10-11 03:05:34,453 [main] INFO  server.Server (Server.java:doStart(419)) - Started @279454ms
2019-10-11 03:05:34,453 [main] WARN  impl.MetricsSystemImpl (MetricsSystemImpl.java:register(276)) - Sink prometheus already exists!
2019-10-11 03:05:34,455 [main] INFO  server.BaseHttpServer (BaseHttpServer.java:updateConnectorAddress(215)) - HTTP server of SCM is listening at http://0.0.0.0:41862
2019-10-11 03:05:34,456 [main] WARN  server.ServerUtils (ServerUtils.java:getDBPath(222)) - ozone.om.db.dirs is not configured. We recommend adding this setting. Falling back to ozone.metadata.dirs instead.
2019-10-11 03:05:34,456 [org.apache.hadoop.util.JvmPauseMonitor$Monitor@5a4dda2] INFO  util.JvmPauseMonitor (JvmPauseMonitor.java:run(188)) - Starting JVM pause monitor
2019-10-11 03:05:34,471 [main] INFO  ha.OMHANodeDetails (OMHANodeDetails.java:loadOMHAConfig(190)) - Configuration either no ozone.om.address set. Falling back to the default OM address /127.0.0.1:0
2019-10-11 03:05:34,471 [main] INFO  ha.OMHANodeDetails (OMHANodeDetails.java:getOMNodeDetails(220)) - OM Service ID is not set. Setting it to the default ID: omServiceIdDefault
2019-10-11 03:05:34,471 [main] WARN  server.ServerUtils (ServerUtils.java:getDBPath(222)) - ozone.om.db.dirs is not configured. We recommend adding this setting. Falling back to ozone.metadata.dirs instead.
2019-10-11 03:05:34,471 [main] WARN  server.ServerUtils (ServerUtils.java:getDBPath(222)) - ozone.om.db.dirs is not configured. We recommend adding this setting. Falling back to ozone.metadata.dirs instead.
2019-10-11 03:05:34,485 [main] WARN  server.ServerUtils (ServerUtils.java:getDBPath(222)) - ozone.om.db.dirs is not configured. We recommend adding this setting. Falling back to ozone.metadata.dirs instead.
2019-10-11 03:05:34,486 [main] INFO  db.DBStoreBuilder (DBStoreBuilder.java:addTable(117)) - using custom profile for table: userTable
2019-10-11 03:05:34,486 [main] INFO  db.DBStoreBuilder (DBStoreBuilder.java:processTables(168)) - Using default column profile:DBProfile.DISK for Table:userTable
2019-10-11 03:05:34,486 [main] INFO  db.DBStoreBuilder (DBStoreBuilder.java:addTable(117)) - using custom profile for table: volumeTable
2019-10-11 03:05:34,486 [main] INFO  db.DBStoreBuilder (DBStoreBuilder.java:processTables(168)) - Using default column profile:DBProfile.DISK for Table:volumeTable
2019-10-11 03:05:34,487 [main] INFO  db.DBStoreBuilder (DBStoreBuilder.java:addTable(117)) - using custom profile for table: bucketTable
2019-10-11 03:05:34,487 [main] INFO  db.DBStoreBuilder (DBStoreBuilder.java:processTables(168)) - Using default column profile:DBProfile.DISK for Table:bucketTable
2019-10-11 03:05:34,488 [main] INFO  db.DBStoreBuilder (DBStoreBuilder.java:addTable(117)) - using custom profile for table: keyTable
2019-10-11 03:05:34,488 [main] INFO  db.DBStoreBuilder (DBStoreBuilder.java:processTables(168)) - Using default column profile:DBProfile.DISK for Table:keyTable
2019-10-11 03:05:34,488 [main] INFO  db.DBStoreBuilder (DBStoreBuilder.java:addTable(117)) - using custom profile for table: deletedTable
2019-10-11 03:05:34,488 [main] INFO  db.DBStoreBuilder (DBStoreBuilder.java:processTables(168)) - Using default column profile:DBProfile.DISK for Table:deletedTable
2019-10-11 03:05:34,489 [main] INFO  db.DBStoreBuilder (DBStoreBuilder.java:addTable(117)) - using custom profile for table: openKeyTable
2019-10-11 03:05:34,489 [main] INFO  db.DBStoreBuilder (DBStoreBuilder.java:processTables(168)) - Using default column profile:DBProfile.DISK for Table:openKeyTable
2019-10-11 03:05:34,489 [main] INFO  db.DBStoreBuilder (DBStoreBuilder.java:addTable(117)) - using custom profile for table: s3Table
2019-10-11 03:05:34,490 [main] INFO  db.DBStoreBuilder (DBStoreBuilder.java:processTables(168)) - Using default column profile:DBProfile.DISK for Table:s3Table
2019-10-11 03:05:34,490 [main] INFO  db.DBStoreBuilder (DBStoreBuilder.java:addTable(117)) - using custom profile for table: multipartInfoTable
2019-10-11 03:05:34,490 [main] INFO  db.DBStoreBuilder (DBStoreBuilder.java:processTables(168)) - Using default column profile:DBProfile.DISK for Table:multipartInfoTable
2019-10-11 03:05:34,491 [main] INFO  db.DBStoreBuilder (DBStoreBuilder.java:addTable(117)) - using custom profile for table: dTokenTable
2019-10-11 03:05:34,491 [main] INFO  db.DBStoreBuilder (DBStoreBuilder.java:processTables(168)) - Using default column profile:DBProfile.DISK for Table:dTokenTable
2019-10-11 03:05:34,491 [main] INFO  db.DBStoreBuilder (DBStoreBuilder.java:addTable(117)) - using custom profile for table: s3SecretTable
2019-10-11 03:05:34,492 [main] INFO  db.DBStoreBuilder (DBStoreBuilder.java:processTables(168)) - Using default column profile:DBProfile.DISK for Table:s3SecretTable
2019-10-11 03:05:34,492 [main] INFO  db.DBStoreBuilder (DBStoreBuilder.java:addTable(117)) - using custom profile for table: prefixTable
2019-10-11 03:05:34,492 [main] INFO  db.DBStoreBuilder (DBStoreBuilder.java:processTables(168)) - Using default column profile:DBProfile.DISK for Table:prefixTable
2019-10-11 03:05:34,493 [main] INFO  db.DBStoreBuilder (DBStoreBuilder.java:addTable(117)) - using custom profile for table: default
2019-10-11 03:05:34,493 [main] INFO  db.DBStoreBuilder (DBStoreBuilder.java:processTables(174)) - Using default column profile:DBProfile.DISK for Table:default
2019-10-11 03:05:34,493 [main] INFO  db.DBStoreBuilder (DBStoreBuilder.java:getDbProfile(205)) - Using default options. DBProfile.DISK
2019-10-11 03:05:35,364 [main] INFO  ipc.CallQueueManager (CallQueueManager.java:<init>(84)) - Using callQueue: class java.util.concurrent.LinkedBlockingQueue, queueCapacity: 2000, scheduler: class org.apache.hadoop.ipc.DefaultRpcScheduler, ipcBackoff: false.
2019-10-11 03:05:35,365 [Socket Reader #1 for port 42120] INFO  ipc.Server (Server.java:run(1074)) - Starting Socket Reader #1 for port 42120
2019-10-11 03:05:35,382 [main] INFO  om.OzoneManager (OzoneManager.java:start(1072)) - OzoneManager RPC server is listening at localhost/127.0.0.1:42120
2019-10-11 03:05:35,383 [main] INFO  impl.MetricsSystemImpl (MetricsSystemImpl.java:init(158)) - OzoneManager metrics system started (again)
2019-10-11 03:05:35,384 [IPC Server Responder] INFO  ipc.Server (Server.java:run(1314)) - IPC Server Responder: starting
2019-10-11 03:05:35,385 [IPC Server listener on 42120] INFO  ipc.Server (Server.java:run(1153)) - IPC Server listener on 42120: starting
2019-10-11 03:05:35,392 [main] INFO  hdfs.DFSUtil (DFSUtil.java:httpServerTemplateForNNAndJN(1641)) - Starting Web-server for ozoneManager at: http://0.0.0.0:0
2019-10-11 03:05:35,393 [main] INFO  server.AuthenticationFilter (AuthenticationFilter.java:constructSecretProvider(240)) - Unable to initialize FileSignerSecretProvider, falling back to use random secrets.
2019-10-11 03:05:35,394 [main] WARN  http.HttpRequestLog (HttpRequestLog.java:getRequestLog(97)) - Jetty request log can only be enabled using Log4j
2019-10-11 03:05:35,396 [main] INFO  http.HttpServer2 (HttpServer2.java:addGlobalFilter(975)) - Added global filter 'safety' (class=org.apache.hadoop.http.HttpServer2$QuotingInputFilter)
2019-10-11 03:05:35,396 [main] INFO  http.HttpServer2 (HttpServer2.java:addFilter(948)) - Added filter static_user_filter (class=org.apache.hadoop.http.lib.StaticUserWebFilter$StaticUserFilter) to context ozoneManager
2019-10-11 03:05:35,397 [main] INFO  http.HttpServer2 (HttpServer2.java:addFilter(958)) - Added filter static_user_filter (class=org.apache.hadoop.http.lib.StaticUserWebFilter$StaticUserFilter) to context logs
2019-10-11 03:05:35,397 [main] INFO  http.HttpServer2 (HttpServer2.java:addFilter(958)) - Added filter static_user_filter (class=org.apache.hadoop.http.lib.StaticUserWebFilter$StaticUserFilter) to context static
2019-10-11 03:05:35,397 [main] INFO  http.HttpServer2 (HttpServer2.java:bindListener(1191)) - Jetty bound to port 44261
2019-10-11 03:05:35,398 [main] INFO  server.Server (Server.java:doStart(351)) - jetty-9.3.25.v20180904, build timestamp: 2018-09-04T21:11:46Z, git hash: 3ce520221d0240229c862b122d2b06c12a625732
2019-10-11 03:05:35,399 [main] INFO  handler.ContextHandler (ContextHandler.java:doStart(781)) - Started o.e.j.s.ServletContextHandler@6af310c7{/logs,file:///workdir/hadoop-ozone/integration-test/target/log,AVAILABLE}
2019-10-11 03:05:35,400 [main] INFO  handler.ContextHandler (ContextHandler.java:doStart(781)) - Started o.e.j.s.ServletContextHandler@4c38cd16{/static,file:///workdir/hadoop-ozone/integration-test/target/test-classes/webapps/static,AVAILABLE}
2019-10-11 03:05:35,404 [main] INFO  handler.ContextHandler (ContextHandler.java:doStart(781)) - Started o.e.j.w.WebAppContext@3af10d0b{/,file:///workdir/hadoop-ozone/integration-test/target/test-classes/webapps/ozoneManager/,AVAILABLE}{/ozoneManager}
2019-10-11 03:05:35,404 [main] INFO  server.AbstractConnector (AbstractConnector.java:doStart(278)) - Started ServerConnector@6806468e{HTTP/1.1,[http/1.1]}{0.0.0.0:44261}
2019-10-11 03:05:35,406 [main] INFO  server.Server (Server.java:doStart(419)) - Started @280408ms
2019-10-11 03:05:35,406 [main] WARN  impl.MetricsSystemImpl (MetricsSystemImpl.java:register(276)) - Sink prometheus already exists!
2019-10-11 03:05:35,407 [main] INFO  server.BaseHttpServer (BaseHttpServer.java:updateConnectorAddress(215)) - HTTP server of OZONEMANAGER is listening at http://0.0.0.0:44261
2019-10-11 03:05:35,420 [main] INFO  impl.MetricsSystemImpl (MetricsSystemImpl.java:init(158)) - HddsDatanode metrics system started (again)
2019-10-11 03:05:35,423 [main] INFO  ozone.HddsDatanodeService (HddsDatanodeService.java:start(184)) - HddsDatanodeService host:pr-hdds-2181-fvjjj-1641646571 ip:192.168.164.250
2019-10-11 03:05:35,429 [main] INFO  volume.HddsVolume (HddsVolume.java:<init>(176)) - Creating Volume: /workdir/hadoop-ozone/integration-test/target/test-dir/MiniOzoneClusterImpl-182b0ece-7cb3-4e42-b7d3-89937cdb8567/datanode-0/data/containers/hdds of  storage type : DISK and capacity : 1482555576320
2019-10-11 03:05:35,430 [main] INFO  volume.VolumeSet (VolumeSet.java:initializeVolumeSet(170)) - Added Volume : /workdir/hadoop-ozone/integration-test/target/test-dir/MiniOzoneClusterImpl-182b0ece-7cb3-4e42-b7d3-89937cdb8567/datanode-0/data/containers/hdds to VolumeSet
2019-10-11 03:05:35,430 [main] INFO  volume.ThrottledAsyncChecker (ThrottledAsyncChecker.java:schedule(141)) - Scheduling a check for org.apache.hadoop.ozone.container.common.volume.HddsVolume@1eca3ea7
2019-10-11 03:05:35,430 [main] INFO  volume.HddsVolumeChecker (HddsVolumeChecker.java:checkAllVolumes(204)) - Scheduled health check for volume org.apache.hadoop.ozone.container.common.volume.HddsVolume@1eca3ea7
2019-10-11 03:05:35,443 [main] INFO  impl.RaftServerProxy (ConfUtils.java:logGet(43)) - raft.rpc.type = GRPC (default)
2019-10-11 03:05:35,443 [main] INFO  grpc.GrpcFactory (GrpcFactory.java:checkPooledByteBufAllocatorUseCacheForAllThreads(45)) - PERFORMANCE WARNING: useCacheForAllThreads is true that may cause Netty to create a lot garbage objects and, as a result, trigger GC.
	It is recommended to disable useCacheForAllThreads by setting -Dorg.apache.ratis.thirdparty.io.netty.allocator.useCacheForAllThreads=false in command line.
2019-10-11 03:05:35,444 [main] INFO  grpc.GrpcConfigKeys$Server (ConfUtils.java:logGet(43)) - raft.grpc.server.port = 0 (default)
2019-10-11 03:05:35,444 [main] INFO  server.GrpcService (ConfUtils.java:logGet(43)) - raft.grpc.message.size.max = 33570816 (custom)
2019-10-11 03:05:35,444 [main] INFO  server.RaftServerConfigKeys (ConfUtils.java:logGet(43)) - raft.server.log.appender.buffer.byte-limit = 33554432 (custom)
2019-10-11 03:05:35,444 [main] INFO  server.GrpcService (ConfUtils.java:logGet(43)) - raft.grpc.flow.control.window = 1MB (=1048576) (default)
2019-10-11 03:05:35,444 [main] INFO  server.RaftServerConfigKeys (ConfUtils.java:logGet(43)) - raft.server.rpc.request.timeout = 3000ms (default)
2019-10-11 03:05:35,445 [main] INFO  server.RaftServerConfigKeys (ConfUtils.java:logGet(43)) - raft.server.storage.dir = [/workdir/hadoop-ozone/integration-test/target/test-dir/MiniOzoneClusterImpl-182b0ece-7cb3-4e42-b7d3-89937cdb8567/datanode-0/data/ratis] (custom)
2019-10-11 03:05:35,446 [main] INFO  hdfs.DFSUtil (DFSUtil.java:httpServerTemplateForNNAndJN(1641)) - Starting Web-server for hddsDatanode at: http://0.0.0.0:0
2019-10-11 03:05:35,447 [main] INFO  server.AuthenticationFilter (AuthenticationFilter.java:constructSecretProvider(240)) - Unable to initialize FileSignerSecretProvider, falling back to use random secrets.
2019-10-11 03:05:35,448 [main] WARN  http.HttpRequestLog (HttpRequestLog.java:getRequestLog(97)) - Jetty request log can only be enabled using Log4j
2019-10-11 03:05:35,450 [main] INFO  http.HttpServer2 (HttpServer2.java:addGlobalFilter(975)) - Added global filter 'safety' (class=org.apache.hadoop.http.HttpServer2$QuotingInputFilter)
2019-10-11 03:05:35,451 [main] INFO  http.HttpServer2 (HttpServer2.java:addFilter(948)) - Added filter static_user_filter (class=org.apache.hadoop.http.lib.StaticUserWebFilter$StaticUserFilter) to context hddsDatanode
2019-10-11 03:05:35,451 [main] INFO  http.HttpServer2 (HttpServer2.java:addFilter(958)) - Added filter static_user_filter (class=org.apache.hadoop.http.lib.StaticUserWebFilter$StaticUserFilter) to context static
2019-10-11 03:05:35,451 [main] INFO  http.HttpServer2 (HttpServer2.java:addFilter(958)) - Added filter static_user_filter (class=org.apache.hadoop.http.lib.StaticUserWebFilter$StaticUserFilter) to context logs
2019-10-11 03:05:35,452 [main] INFO  http.HttpServer2 (HttpServer2.java:bindListener(1191)) - Jetty bound to port 38154
2019-10-11 03:05:35,452 [main] INFO  server.Server (Server.java:doStart(351)) - jetty-9.3.25.v20180904, build timestamp: 2018-09-04T21:11:46Z, git hash: 3ce520221d0240229c862b122d2b06c12a625732
2019-10-11 03:05:35,454 [main] INFO  handler.ContextHandler (ContextHandler.java:doStart(781)) - Started o.e.j.s.ServletContextHandler@1a2ac487{/logs,file:///workdir/hadoop-ozone/integration-test/target/log,AVAILABLE}
2019-10-11 03:05:35,454 [main] INFO  handler.ContextHandler (ContextHandler.java:doStart(781)) - Started o.e.j.s.ServletContextHandler@36224f93{/static,jar:file:/home/user/.m2/repository/org/apache/hadoop/hadoop-hdds-container-service/0.5.0-SNAPSHOT/hadoop-hdds-container-service-0.5.0-SNAPSHOT.jar!/webapps/static,AVAILABLE}
2019-10-11 03:05:35,485 [main] INFO  handler.ContextHandler (ContextHandler.java:doStart(781)) - Started o.e.j.w.WebAppContext@3c54ddec{/,file:///tmp/jetty-0.0.0.0-38154-hddsDatanode-_-any-6677966171646275330.dir/webapp/,AVAILABLE}{/hddsDatanode}
2019-10-11 03:05:35,486 [main] INFO  server.AbstractConnector (AbstractConnector.java:doStart(278)) - Started ServerConnector@6d69a0d3{HTTP/1.1,[http/1.1]}{0.0.0.0:38154}
2019-10-11 03:05:35,487 [main] INFO  server.Server (Server.java:doStart(419)) - Started @280488ms
2019-10-11 03:05:35,487 [main] WARN  impl.MetricsSystemImpl (MetricsSystemImpl.java:register(276)) - Sink prometheus already exists!
2019-10-11 03:05:35,488 [main] INFO  server.BaseHttpServer (BaseHttpServer.java:updateConnectorAddress(215)) - HTTP server of HDDSDATANODE is listening at http://0.0.0.0:38154
2019-10-11 03:05:35,489 [main] INFO  impl.MetricsSystemImpl (MetricsSystemImpl.java:init(158)) - HddsDatanode metrics system started (again)
2019-10-11 03:05:35,493 [org.apache.hadoop.util.JvmPauseMonitor$Monitor@2b50a719] INFO  util.JvmPauseMonitor (JvmPauseMonitor.java:run(188)) - Starting JVM pause monitor
2019-10-11 03:05:35,494 [main] INFO  ozone.HddsDatanodeService (HddsDatanodeService.java:start(184)) - HddsDatanodeService host:pr-hdds-2181-fvjjj-1641646571 ip:192.168.164.250
2019-10-11 03:05:35,495 [Datanode State Machine Thread - 0] INFO  datanode.InitDatanodeState (InitDatanodeState.java:persistContainerDatanodeDetails(140)) - DatanodeDetails is persisted to /workdir/hadoop-ozone/integration-test/target/test-dir/MiniOzoneClusterImpl-182b0ece-7cb3-4e42-b7d3-89937cdb8567/datanode-0/meta/datanode.id
2019-10-11 03:05:35,501 [main] INFO  volume.HddsVolume (HddsVolume.java:<init>(176)) - Creating Volume: /workdir/hadoop-ozone/integration-test/target/test-dir/MiniOzoneClusterImpl-182b0ece-7cb3-4e42-b7d3-89937cdb8567/datanode-1/data/containers/hdds of  storage type : DISK and capacity : 1482555576320
2019-10-11 03:05:35,502 [main] INFO  volume.VolumeSet (VolumeSet.java:initializeVolumeSet(170)) - Added Volume : /workdir/hadoop-ozone/integration-test/target/test-dir/MiniOzoneClusterImpl-182b0ece-7cb3-4e42-b7d3-89937cdb8567/datanode-1/data/containers/hdds to VolumeSet
2019-10-11 03:05:35,502 [main] INFO  volume.ThrottledAsyncChecker (ThrottledAsyncChecker.java:schedule(141)) - Scheduling a check for org.apache.hadoop.ozone.container.common.volume.HddsVolume@7c70aae1
2019-10-11 03:05:35,502 [main] INFO  volume.HddsVolumeChecker (HddsVolumeChecker.java:checkAllVolumes(204)) - Scheduled health check for volume org.apache.hadoop.ozone.container.common.volume.HddsVolume@7c70aae1
2019-10-11 03:05:35,519 [main] INFO  impl.RaftServerProxy (ConfUtils.java:logGet(43)) - raft.rpc.type = GRPC (default)
2019-10-11 03:05:35,520 [main] INFO  grpc.GrpcFactory (GrpcFactory.java:checkPooledByteBufAllocatorUseCacheForAllThreads(45)) - PERFORMANCE WARNING: useCacheForAllThreads is true that may cause Netty to create a lot garbage objects and, as a result, trigger GC.
	It is recommended to disable useCacheForAllThreads by setting -Dorg.apache.ratis.thirdparty.io.netty.allocator.useCacheForAllThreads=false in command line.
2019-10-11 03:05:35,520 [main] INFO  grpc.GrpcConfigKeys$Server (ConfUtils.java:logGet(43)) - raft.grpc.server.port = 0 (default)
2019-10-11 03:05:35,520 [main] INFO  server.GrpcService (ConfUtils.java:logGet(43)) - raft.grpc.message.size.max = 33570816 (custom)
2019-10-11 03:05:35,520 [main] INFO  server.RaftServerConfigKeys (ConfUtils.java:logGet(43)) - raft.server.log.appender.buffer.byte-limit = 33554432 (custom)
2019-10-11 03:05:35,521 [main] INFO  server.GrpcService (ConfUtils.java:logGet(43)) - raft.grpc.flow.control.window = 1MB (=1048576) (default)
2019-10-11 03:05:35,521 [main] INFO  server.RaftServerConfigKeys (ConfUtils.java:logGet(43)) - raft.server.rpc.request.timeout = 3000ms (default)
2019-10-11 03:05:35,521 [main] INFO  server.RaftServerConfigKeys (ConfUtils.java:logGet(43)) - raft.server.storage.dir = [/workdir/hadoop-ozone/integration-test/target/test-dir/MiniOzoneClusterImpl-182b0ece-7cb3-4e42-b7d3-89937cdb8567/datanode-1/data/ratis] (custom)
2019-10-11 03:05:35,523 [main] INFO  hdfs.DFSUtil (DFSUtil.java:httpServerTemplateForNNAndJN(1641)) - Starting Web-server for hddsDatanode at: http://0.0.0.0:0
2019-10-11 03:05:35,525 [main] INFO  server.AuthenticationFilter (AuthenticationFilter.java:constructSecretProvider(240)) - Unable to initialize FileSignerSecretProvider, falling back to use random secrets.
2019-10-11 03:05:35,525 [main] WARN  http.HttpRequestLog (HttpRequestLog.java:getRequestLog(97)) - Jetty request log can only be enabled using Log4j
2019-10-11 03:05:35,527 [main] INFO  http.HttpServer2 (HttpServer2.java:addGlobalFilter(975)) - Added global filter 'safety' (class=org.apache.hadoop.http.HttpServer2$QuotingInputFilter)
2019-10-11 03:05:35,527 [main] INFO  http.HttpServer2 (HttpServer2.java:addFilter(948)) - Added filter static_user_filter (class=org.apache.hadoop.http.lib.StaticUserWebFilter$StaticUserFilter) to context hddsDatanode
2019-10-11 03:05:35,528 [main] INFO  http.HttpServer2 (HttpServer2.java:addFilter(958)) - Added filter static_user_filter (class=org.apache.hadoop.http.lib.StaticUserWebFilter$StaticUserFilter) to context logs
2019-10-11 03:05:35,528 [main] INFO  http.HttpServer2 (HttpServer2.java:addFilter(958)) - Added filter static_user_filter (class=org.apache.hadoop.http.lib.StaticUserWebFilter$StaticUserFilter) to context static
2019-10-11 03:05:35,528 [main] INFO  http.HttpServer2 (HttpServer2.java:bindListener(1191)) - Jetty bound to port 42192
2019-10-11 03:05:35,529 [main] INFO  server.Server (Server.java:doStart(351)) - jetty-9.3.25.v20180904, build timestamp: 2018-09-04T21:11:46Z, git hash: 3ce520221d0240229c862b122d2b06c12a625732
2019-10-11 03:05:35,531 [main] INFO  handler.ContextHandler (ContextHandler.java:doStart(781)) - Started o.e.j.s.ServletContextHandler@4c18516{/logs,file:///workdir/hadoop-ozone/integration-test/target/log,AVAILABLE}
2019-10-11 03:05:35,532 [main] INFO  handler.ContextHandler (ContextHandler.java:doStart(781)) - Started o.e.j.s.ServletContextHandler@3d104c9b{/static,jar:file:/home/user/.m2/repository/org/apache/hadoop/hadoop-hdds-container-service/0.5.0-SNAPSHOT/hadoop-hdds-container-service-0.5.0-SNAPSHOT.jar!/webapps/static,AVAILABLE}
2019-10-11 03:05:35,573 [main] INFO  handler.ContextHandler (ContextHandler.java:doStart(781)) - Started o.e.j.w.WebAppContext@7aa01bd9{/,file:///tmp/jetty-0.0.0.0-42192-hddsDatanode-_-any-4559406185232686003.dir/webapp/,AVAILABLE}{/hddsDatanode}
2019-10-11 03:05:35,573 [main] INFO  server.AbstractConnector (AbstractConnector.java:doStart(278)) - Started ServerConnector@7e61e25c{HTTP/1.1,[http/1.1]}{0.0.0.0:42192}
2019-10-11 03:05:35,575 [main] INFO  server.Server (Server.java:doStart(419)) - Started @280576ms
2019-10-11 03:05:35,575 [main] WARN  impl.MetricsSystemImpl (MetricsSystemImpl.java:register(276)) - Sink prometheus already exists!
2019-10-11 03:05:35,576 [main] INFO  server.BaseHttpServer (BaseHttpServer.java:updateConnectorAddress(215)) - HTTP server of HDDSDATANODE is listening at http://0.0.0.0:42192
2019-10-11 03:05:35,576 [main] INFO  impl.MetricsSystemImpl (MetricsSystemImpl.java:init(158)) - HddsDatanode metrics system started (again)
2019-10-11 03:05:35,580 [org.apache.hadoop.util.JvmPauseMonitor$Monitor@255f04e] INFO  util.JvmPauseMonitor (JvmPauseMonitor.java:run(188)) - Starting JVM pause monitor
2019-10-11 03:05:35,581 [main] INFO  ozone.HddsDatanodeService (HddsDatanodeService.java:start(184)) - HddsDatanodeService host:pr-hdds-2181-fvjjj-1641646571 ip:192.168.164.250
2019-10-11 03:05:35,582 [Datanode State Machine Thread - 0] INFO  datanode.InitDatanodeState (InitDatanodeState.java:persistContainerDatanodeDetails(140)) - DatanodeDetails is persisted to /workdir/hadoop-ozone/integration-test/target/test-dir/MiniOzoneClusterImpl-182b0ece-7cb3-4e42-b7d3-89937cdb8567/datanode-1/meta/datanode.id
2019-10-11 03:05:35,588 [main] INFO  volume.HddsVolume (HddsVolume.java:<init>(176)) - Creating Volume: /workdir/hadoop-ozone/integration-test/target/test-dir/MiniOzoneClusterImpl-182b0ece-7cb3-4e42-b7d3-89937cdb8567/datanode-2/data/containers/hdds of  storage type : DISK and capacity : 1482555576320
2019-10-11 03:05:35,588 [main] INFO  volume.VolumeSet (VolumeSet.java:initializeVolumeSet(170)) - Added Volume : /workdir/hadoop-ozone/integration-test/target/test-dir/MiniOzoneClusterImpl-182b0ece-7cb3-4e42-b7d3-89937cdb8567/datanode-2/data/containers/hdds to VolumeSet
2019-10-11 03:05:35,589 [main] INFO  volume.ThrottledAsyncChecker (ThrottledAsyncChecker.java:schedule(141)) - Scheduling a check for org.apache.hadoop.ozone.container.common.volume.HddsVolume@6c951ada
2019-10-11 03:05:35,589 [main] INFO  volume.HddsVolumeChecker (HddsVolumeChecker.java:checkAllVolumes(204)) - Scheduled health check for volume org.apache.hadoop.ozone.container.common.volume.HddsVolume@6c951ada
2019-10-11 03:05:35,603 [main] INFO  impl.RaftServerProxy (ConfUtils.java:logGet(43)) - raft.rpc.type = GRPC (default)
2019-10-11 03:05:35,604 [main] INFO  grpc.GrpcFactory (GrpcFactory.java:checkPooledByteBufAllocatorUseCacheForAllThreads(45)) - PERFORMANCE WARNING: useCacheForAllThreads is true that may cause Netty to create a lot garbage objects and, as a result, trigger GC.
	It is recommended to disable useCacheForAllThreads by setting -Dorg.apache.ratis.thirdparty.io.netty.allocator.useCacheForAllThreads=false in command line.
2019-10-11 03:05:35,604 [main] INFO  grpc.GrpcConfigKeys$Server (ConfUtils.java:logGet(43)) - raft.grpc.server.port = 0 (default)
2019-10-11 03:05:35,604 [main] INFO  server.GrpcService (ConfUtils.java:logGet(43)) - raft.grpc.message.size.max = 33570816 (custom)
2019-10-11 03:05:35,604 [main] INFO  server.RaftServerConfigKeys (ConfUtils.java:logGet(43)) - raft.server.log.appender.buffer.byte-limit = 33554432 (custom)
2019-10-11 03:05:35,604 [main] INFO  server.GrpcService (ConfUtils.java:logGet(43)) - raft.grpc.flow.control.window = 1MB (=1048576) (default)
2019-10-11 03:05:35,605 [main] INFO  server.RaftServerConfigKeys (ConfUtils.java:logGet(43)) - raft.server.rpc.request.timeout = 3000ms (default)
2019-10-11 03:05:35,605 [main] INFO  server.RaftServerConfigKeys (ConfUtils.java:logGet(43)) - raft.server.storage.dir = [/workdir/hadoop-ozone/integration-test/target/test-dir/MiniOzoneClusterImpl-182b0ece-7cb3-4e42-b7d3-89937cdb8567/datanode-2/data/ratis] (custom)
2019-10-11 03:05:35,606 [main] INFO  hdfs.DFSUtil (DFSUtil.java:httpServerTemplateForNNAndJN(1641)) - Starting Web-server for hddsDatanode at: http://0.0.0.0:0
2019-10-11 03:05:35,607 [main] INFO  server.AuthenticationFilter (AuthenticationFilter.java:constructSecretProvider(240)) - Unable to initialize FileSignerSecretProvider, falling back to use random secrets.
2019-10-11 03:05:35,608 [main] WARN  http.HttpRequestLog (HttpRequestLog.java:getRequestLog(97)) - Jetty request log can only be enabled using Log4j
2019-10-11 03:05:35,609 [main] INFO  http.HttpServer2 (HttpServer2.java:addGlobalFilter(975)) - Added global filter 'safety' (class=org.apache.hadoop.http.HttpServer2$QuotingInputFilter)
2019-10-11 03:05:35,610 [main] INFO  http.HttpServer2 (HttpServer2.java:addFilter(948)) - Added filter static_user_filter (class=org.apache.hadoop.http.lib.StaticUserWebFilter$StaticUserFilter) to context hddsDatanode
2019-10-11 03:05:35,610 [main] INFO  http.HttpServer2 (HttpServer2.java:addFilter(958)) - Added filter static_user_filter (class=org.apache.hadoop.http.lib.StaticUserWebFilter$StaticUserFilter) to context static
2019-10-11 03:05:35,610 [main] INFO  http.HttpServer2 (HttpServer2.java:addFilter(958)) - Added filter static_user_filter (class=org.apache.hadoop.http.lib.StaticUserWebFilter$StaticUserFilter) to context logs
2019-10-11 03:05:35,611 [main] INFO  http.HttpServer2 (HttpServer2.java:bindListener(1191)) - Jetty bound to port 39097
2019-10-11 03:05:35,611 [main] INFO  server.Server (Server.java:doStart(351)) - jetty-9.3.25.v20180904, build timestamp: 2018-09-04T21:11:46Z, git hash: 3ce520221d0240229c862b122d2b06c12a625732
2019-10-11 03:05:35,612 [main] INFO  handler.ContextHandler (ContextHandler.java:doStart(781)) - Started o.e.j.s.ServletContextHandler@6a09484c{/logs,file:///workdir/hadoop-ozone/integration-test/target/log,AVAILABLE}
2019-10-11 03:05:35,613 [main] INFO  handler.ContextHandler (ContextHandler.java:doStart(781)) - Started o.e.j.s.ServletContextHandler@50ec4bfc{/static,jar:file:/home/user/.m2/repository/org/apache/hadoop/hadoop-hdds-container-service/0.5.0-SNAPSHOT/hadoop-hdds-container-service-0.5.0-SNAPSHOT.jar!/webapps/static,AVAILABLE}
2019-10-11 03:05:35,642 [main] INFO  handler.ContextHandler (ContextHandler.java:doStart(781)) - Started o.e.j.w.WebAppContext@2fd9fb34{/,file:///tmp/jetty-0.0.0.0-39097-hddsDatanode-_-any-7540029314743141003.dir/webapp/,AVAILABLE}{/hddsDatanode}
2019-10-11 03:05:35,642 [main] INFO  server.AbstractConnector (AbstractConnector.java:doStart(278)) - Started ServerConnector@1595d2b2{HTTP/1.1,[http/1.1]}{0.0.0.0:39097}
2019-10-11 03:05:35,644 [main] INFO  server.Server (Server.java:doStart(419)) - Started @280645ms
2019-10-11 03:05:35,644 [main] WARN  impl.MetricsSystemImpl (MetricsSystemImpl.java:register(276)) - Sink prometheus already exists!
2019-10-11 03:05:35,645 [main] INFO  server.BaseHttpServer (BaseHttpServer.java:updateConnectorAddress(215)) - HTTP server of HDDSDATANODE is listening at http://0.0.0.0:39097
2019-10-11 03:05:35,645 [main] INFO  impl.MetricsSystemImpl (MetricsSystemImpl.java:init(158)) - HddsDatanode metrics system started (again)
2019-10-11 03:05:35,649 [org.apache.hadoop.util.JvmPauseMonitor$Monitor@28cbb0d1] INFO  util.JvmPauseMonitor (JvmPauseMonitor.java:run(188)) - Starting JVM pause monitor
2019-10-11 03:05:35,649 [main] INFO  ozone.HddsDatanodeService (HddsDatanodeService.java:start(184)) - HddsDatanodeService host:pr-hdds-2181-fvjjj-1641646571 ip:192.168.164.250
2019-10-11 03:05:35,651 [Datanode State Machine Thread - 0] INFO  datanode.InitDatanodeState (InitDatanodeState.java:persistContainerDatanodeDetails(140)) - DatanodeDetails is persisted to /workdir/hadoop-ozone/integration-test/target/test-dir/MiniOzoneClusterImpl-182b0ece-7cb3-4e42-b7d3-89937cdb8567/datanode-2/meta/datanode.id
2019-10-11 03:05:35,656 [main] INFO  volume.HddsVolume (HddsVolume.java:<init>(176)) - Creating Volume: /workdir/hadoop-ozone/integration-test/target/test-dir/MiniOzoneClusterImpl-182b0ece-7cb3-4e42-b7d3-89937cdb8567/datanode-3/data/containers/hdds of  storage type : DISK and capacity : 1482555576320
2019-10-11 03:05:35,657 [main] INFO  volume.VolumeSet (VolumeSet.java:initializeVolumeSet(170)) - Added Volume : /workdir/hadoop-ozone/integration-test/target/test-dir/MiniOzoneClusterImpl-182b0ece-7cb3-4e42-b7d3-89937cdb8567/datanode-3/data/containers/hdds to VolumeSet
2019-10-11 03:05:35,657 [main] INFO  volume.ThrottledAsyncChecker (ThrottledAsyncChecker.java:schedule(141)) - Scheduling a check for org.apache.hadoop.ozone.container.common.volume.HddsVolume@11e9ac24
2019-10-11 03:05:35,658 [main] INFO  volume.HddsVolumeChecker (HddsVolumeChecker.java:checkAllVolumes(204)) - Scheduled health check for volume org.apache.hadoop.ozone.container.common.volume.HddsVolume@11e9ac24
2019-10-11 03:05:35,677 [main] INFO  impl.RaftServerProxy (ConfUtils.java:logGet(43)) - raft.rpc.type = GRPC (default)
2019-10-11 03:05:35,677 [main] INFO  grpc.GrpcFactory (GrpcFactory.java:checkPooledByteBufAllocatorUseCacheForAllThreads(45)) - PERFORMANCE WARNING: useCacheForAllThreads is true that may cause Netty to create a lot garbage objects and, as a result, trigger GC.
	It is recommended to disable useCacheForAllThreads by setting -Dorg.apache.ratis.thirdparty.io.netty.allocator.useCacheForAllThreads=false in command line.
2019-10-11 03:05:35,677 [main] INFO  grpc.GrpcConfigKeys$Server (ConfUtils.java:logGet(43)) - raft.grpc.server.port = 0 (default)
2019-10-11 03:05:35,677 [main] INFO  server.GrpcService (ConfUtils.java:logGet(43)) - raft.grpc.message.size.max = 33570816 (custom)
2019-10-11 03:05:35,678 [main] INFO  server.RaftServerConfigKeys (ConfUtils.java:logGet(43)) - raft.server.log.appender.buffer.byte-limit = 33554432 (custom)
2019-10-11 03:05:35,678 [main] INFO  server.GrpcService (ConfUtils.java:logGet(43)) - raft.grpc.flow.control.window = 1MB (=1048576) (default)
2019-10-11 03:05:35,678 [main] INFO  server.RaftServerConfigKeys (ConfUtils.java:logGet(43)) - raft.server.rpc.request.timeout = 3000ms (default)
2019-10-11 03:05:35,679 [main] INFO  server.RaftServerConfigKeys (ConfUtils.java:logGet(43)) - raft.server.storage.dir = [/workdir/hadoop-ozone/integration-test/target/test-dir/MiniOzoneClusterImpl-182b0ece-7cb3-4e42-b7d3-89937cdb8567/datanode-3/data/ratis] (custom)
2019-10-11 03:05:35,681 [main] INFO  hdfs.DFSUtil (DFSUtil.java:httpServerTemplateForNNAndJN(1641)) - Starting Web-server for hddsDatanode at: http://0.0.0.0:0
2019-10-11 03:05:35,682 [main] INFO  server.AuthenticationFilter (AuthenticationFilter.java:constructSecretProvider(240)) - Unable to initialize FileSignerSecretProvider, falling back to use random secrets.
2019-10-11 03:05:35,682 [main] WARN  http.HttpRequestLog (HttpRequestLog.java:getRequestLog(97)) - Jetty request log can only be enabled using Log4j
2019-10-11 03:05:35,684 [main] INFO  http.HttpServer2 (HttpServer2.java:addGlobalFilter(975)) - Added global filter 'safety' (class=org.apache.hadoop.http.HttpServer2$QuotingInputFilter)
2019-10-11 03:05:35,684 [main] INFO  http.HttpServer2 (HttpServer2.java:addFilter(948)) - Added filter static_user_filter (class=org.apache.hadoop.http.lib.StaticUserWebFilter$StaticUserFilter) to context hddsDatanode
2019-10-11 03:05:35,685 [main] INFO  http.HttpServer2 (HttpServer2.java:addFilter(958)) - Added filter static_user_filter (class=org.apache.hadoop.http.lib.StaticUserWebFilter$StaticUserFilter) to context logs
2019-10-11 03:05:35,685 [main] INFO  http.HttpServer2 (HttpServer2.java:addFilter(958)) - Added filter static_user_filter (class=org.apache.hadoop.http.lib.StaticUserWebFilter$StaticUserFilter) to context static
2019-10-11 03:05:35,685 [main] INFO  http.HttpServer2 (HttpServer2.java:bindListener(1191)) - Jetty bound to port 39400
2019-10-11 03:05:35,686 [main] INFO  server.Server (Server.java:doStart(351)) - jetty-9.3.25.v20180904, build timestamp: 2018-09-04T21:11:46Z, git hash: 3ce520221d0240229c862b122d2b06c12a625732
2019-10-11 03:05:35,687 [main] INFO  handler.ContextHandler (ContextHandler.java:doStart(781)) - Started o.e.j.s.ServletContextHandler@681061d6{/logs,file:///workdir/hadoop-ozone/integration-test/target/log,AVAILABLE}
2019-10-11 03:05:35,688 [main] INFO  handler.ContextHandler (ContextHandler.java:doStart(781)) - Started o.e.j.s.ServletContextHandler@3caee3a8{/static,jar:file:/home/user/.m2/repository/org/apache/hadoop/hadoop-hdds-container-service/0.5.0-SNAPSHOT/hadoop-hdds-container-service-0.5.0-SNAPSHOT.jar!/webapps/static,AVAILABLE}
2019-10-11 03:05:35,718 [main] INFO  handler.ContextHandler (ContextHandler.java:doStart(781)) - Started o.e.j.w.WebAppContext@5e905f2c{/,file:///tmp/jetty-0.0.0.0-39400-hddsDatanode-_-any-4428039753519928368.dir/webapp/,AVAILABLE}{/hddsDatanode}
2019-10-11 03:05:35,718 [main] INFO  server.AbstractConnector (AbstractConnector.java:doStart(278)) - Started ServerConnector@fddd7ae{HTTP/1.1,[http/1.1]}{0.0.0.0:39400}
2019-10-11 03:05:35,720 [main] INFO  server.Server (Server.java:doStart(419)) - Started @280721ms
2019-10-11 03:05:35,720 [main] WARN  impl.MetricsSystemImpl (MetricsSystemImpl.java:register(276)) - Sink prometheus already exists!
2019-10-11 03:05:35,720 [main] INFO  server.BaseHttpServer (BaseHttpServer.java:updateConnectorAddress(215)) - HTTP server of HDDSDATANODE is listening at http://0.0.0.0:39400
2019-10-11 03:05:35,721 [main] INFO  impl.MetricsSystemImpl (MetricsSystemImpl.java:init(158)) - HddsDatanode metrics system started (again)
2019-10-11 03:05:35,726 [org.apache.hadoop.util.JvmPauseMonitor$Monitor@27dd5610] INFO  util.JvmPauseMonitor (JvmPauseMonitor.java:run(188)) - Starting JVM pause monitor
2019-10-11 03:05:35,726 [main] INFO  ozone.HddsDatanodeService (HddsDatanodeService.java:start(184)) - HddsDatanodeService host:pr-hdds-2181-fvjjj-1641646571 ip:192.168.164.250
2019-10-11 03:05:35,727 [Datanode State Machine Thread - 0] INFO  datanode.InitDatanodeState (InitDatanodeState.java:persistContainerDatanodeDetails(140)) - DatanodeDetails is persisted to /workdir/hadoop-ozone/integration-test/target/test-dir/MiniOzoneClusterImpl-182b0ece-7cb3-4e42-b7d3-89937cdb8567/datanode-3/meta/datanode.id
2019-10-11 03:05:35,733 [main] INFO  volume.HddsVolume (HddsVolume.java:<init>(176)) - Creating Volume: /workdir/hadoop-ozone/integration-test/target/test-dir/MiniOzoneClusterImpl-182b0ece-7cb3-4e42-b7d3-89937cdb8567/datanode-4/data/containers/hdds of  storage type : DISK and capacity : 1482555576320
2019-10-11 03:05:35,733 [main] INFO  volume.VolumeSet (VolumeSet.java:initializeVolumeSet(170)) - Added Volume : /workdir/hadoop-ozone/integration-test/target/test-dir/MiniOzoneClusterImpl-182b0ece-7cb3-4e42-b7d3-89937cdb8567/datanode-4/data/containers/hdds to VolumeSet
2019-10-11 03:05:35,733 [main] INFO  volume.ThrottledAsyncChecker (ThrottledAsyncChecker.java:schedule(141)) - Scheduling a check for org.apache.hadoop.ozone.container.common.volume.HddsVolume@52354202
2019-10-11 03:05:35,733 [main] INFO  volume.HddsVolumeChecker (HddsVolumeChecker.java:checkAllVolumes(204)) - Scheduled health check for volume org.apache.hadoop.ozone.container.common.volume.HddsVolume@52354202
2019-10-11 03:05:35,747 [main] INFO  impl.RaftServerProxy (ConfUtils.java:logGet(43)) - raft.rpc.type = GRPC (default)
2019-10-11 03:05:35,747 [main] INFO  grpc.GrpcFactory (GrpcFactory.java:checkPooledByteBufAllocatorUseCacheForAllThreads(45)) - PERFORMANCE WARNING: useCacheForAllThreads is true that may cause Netty to create a lot garbage objects and, as a result, trigger GC.
	It is recommended to disable useCacheForAllThreads by setting -Dorg.apache.ratis.thirdparty.io.netty.allocator.useCacheForAllThreads=false in command line.
2019-10-11 03:05:35,748 [main] INFO  grpc.GrpcConfigKeys$Server (ConfUtils.java:logGet(43)) - raft.grpc.server.port = 0 (default)
2019-10-11 03:05:35,748 [main] INFO  server.GrpcService (ConfUtils.java:logGet(43)) - raft.grpc.message.size.max = 33570816 (custom)
2019-10-11 03:05:35,748 [main] INFO  server.RaftServerConfigKeys (ConfUtils.java:logGet(43)) - raft.server.log.appender.buffer.byte-limit = 33554432 (custom)
2019-10-11 03:05:35,748 [main] INFO  server.GrpcService (ConfUtils.java:logGet(43)) - raft.grpc.flow.control.window = 1MB (=1048576) (default)
2019-10-11 03:05:35,748 [main] INFO  server.RaftServerConfigKeys (ConfUtils.java:logGet(43)) - raft.server.rpc.request.timeout = 3000ms (default)
2019-10-11 03:05:35,749 [main] INFO  server.RaftServerConfigKeys (ConfUtils.java:logGet(43)) - raft.server.storage.dir = [/workdir/hadoop-ozone/integration-test/target/test-dir/MiniOzoneClusterImpl-182b0ece-7cb3-4e42-b7d3-89937cdb8567/datanode-4/data/ratis] (custom)
2019-10-11 03:05:35,750 [main] INFO  hdfs.DFSUtil (DFSUtil.java:httpServerTemplateForNNAndJN(1641)) - Starting Web-server for hddsDatanode at: http://0.0.0.0:0
2019-10-11 03:05:35,751 [main] INFO  server.AuthenticationFilter (AuthenticationFilter.java:constructSecretProvider(240)) - Unable to initialize FileSignerSecretProvider, falling back to use random secrets.
2019-10-11 03:05:35,751 [main] WARN  http.HttpRequestLog (HttpRequestLog.java:getRequestLog(97)) - Jetty request log can only be enabled using Log4j
2019-10-11 03:05:35,753 [main] INFO  http.HttpServer2 (HttpServer2.java:addGlobalFilter(975)) - Added global filter 'safety' (class=org.apache.hadoop.http.HttpServer2$QuotingInputFilter)
2019-10-11 03:05:35,753 [main] INFO  http.HttpServer2 (HttpServer2.java:addFilter(948)) - Added filter static_user_filter (class=org.apache.hadoop.http.lib.StaticUserWebFilter$StaticUserFilter) to context hddsDatanode
2019-10-11 03:05:35,753 [main] INFO  http.HttpServer2 (HttpServer2.java:addFilter(958)) - Added filter static_user_filter (class=org.apache.hadoop.http.lib.StaticUserWebFilter$StaticUserFilter) to context static
2019-10-11 03:05:35,753 [main] INFO  http.HttpServer2 (HttpServer2.java:addFilter(958)) - Added filter static_user_filter (class=org.apache.hadoop.http.lib.StaticUserWebFilter$StaticUserFilter) to context logs
2019-10-11 03:05:35,754 [main] INFO  http.HttpServer2 (HttpServer2.java:bindListener(1191)) - Jetty bound to port 44657
2019-10-11 03:05:35,754 [main] INFO  server.Server (Server.java:doStart(351)) - jetty-9.3.25.v20180904, build timestamp: 2018-09-04T21:11:46Z, git hash: 3ce520221d0240229c862b122d2b06c12a625732
2019-10-11 03:05:35,756 [main] INFO  handler.ContextHandler (ContextHandler.java:doStart(781)) - Started o.e.j.s.ServletContextHandler@2eb0cefe{/logs,file:///workdir/hadoop-ozone/integration-test/target/log,AVAILABLE}
2019-10-11 03:05:35,756 [main] INFO  handler.ContextHandler (ContextHandler.java:doStart(781)) - Started o.e.j.s.ServletContextHandler@2bec068b{/static,jar:file:/home/user/.m2/repository/org/apache/hadoop/hadoop-hdds-container-service/0.5.0-SNAPSHOT/hadoop-hdds-container-service-0.5.0-SNAPSHOT.jar!/webapps/static,AVAILABLE}
2019-10-11 03:05:35,800 [main] INFO  handler.ContextHandler (ContextHandler.java:doStart(781)) - Started o.e.j.w.WebAppContext@3820cfe{/,file:///tmp/jetty-0.0.0.0-44657-hddsDatanode-_-any-3094752656092056225.dir/webapp/,AVAILABLE}{/hddsDatanode}
2019-10-11 03:05:35,801 [main] INFO  server.AbstractConnector (AbstractConnector.java:doStart(278)) - Started ServerConnector@2407a36c{HTTP/1.1,[http/1.1]}{0.0.0.0:44657}
2019-10-11 03:05:35,803 [main] INFO  server.Server (Server.java:doStart(419)) - Started @280804ms
2019-10-11 03:05:35,803 [main] WARN  impl.MetricsSystemImpl (MetricsSystemImpl.java:register(276)) - Sink prometheus already exists!
2019-10-11 03:05:35,804 [main] INFO  server.BaseHttpServer (BaseHttpServer.java:updateConnectorAddress(215)) - HTTP server of HDDSDATANODE is listening at http://0.0.0.0:44657
2019-10-11 03:05:35,804 [main] INFO  impl.MetricsSystemImpl (MetricsSystemImpl.java:init(158)) - HddsDatanode metrics system started (again)
2019-10-11 03:05:35,811 [org.apache.hadoop.util.JvmPauseMonitor$Monitor@66ec4e3b] INFO  util.JvmPauseMonitor (JvmPauseMonitor.java:run(188)) - Starting JVM pause monitor
2019-10-11 03:05:35,812 [Datanode State Machine Thread - 0] INFO  datanode.InitDatanodeState (InitDatanodeState.java:persistContainerDatanodeDetails(140)) - DatanodeDetails is persisted to /workdir/hadoop-ozone/integration-test/target/test-dir/MiniOzoneClusterImpl-182b0ece-7cb3-4e42-b7d3-89937cdb8567/datanode-4/meta/datanode.id
2019-10-11 03:05:35,813 [main] INFO  ozone.HddsDatanodeService (HddsDatanodeService.java:start(184)) - HddsDatanodeService host:pr-hdds-2181-fvjjj-1641646571 ip:192.168.164.250
2019-10-11 03:05:35,820 [main] INFO  volume.HddsVolume (HddsVolume.java:<init>(176)) - Creating Volume: /workdir/hadoop-ozone/integration-test/target/test-dir/MiniOzoneClusterImpl-182b0ece-7cb3-4e42-b7d3-89937cdb8567/datanode-5/data/containers/hdds of  storage type : DISK and capacity : 1482555576320
2019-10-11 03:05:35,820 [main] INFO  volume.VolumeSet (VolumeSet.java:initializeVolumeSet(170)) - Added Volume : /workdir/hadoop-ozone/integration-test/target/test-dir/MiniOzoneClusterImpl-182b0ece-7cb3-4e42-b7d3-89937cdb8567/datanode-5/data/containers/hdds to VolumeSet
2019-10-11 03:05:35,821 [main] INFO  volume.ThrottledAsyncChecker (ThrottledAsyncChecker.java:schedule(141)) - Scheduling a check for org.apache.hadoop.ozone.container.common.volume.HddsVolume@5d850a25
2019-10-11 03:05:35,821 [main] INFO  volume.HddsVolumeChecker (HddsVolumeChecker.java:checkAllVolumes(204)) - Scheduled health check for volume org.apache.hadoop.ozone.container.common.volume.HddsVolume@5d850a25
2019-10-11 03:05:35,839 [main] INFO  impl.RaftServerProxy (ConfUtils.java:logGet(43)) - raft.rpc.type = GRPC (default)
2019-10-11 03:05:35,840 [main] INFO  grpc.GrpcFactory (GrpcFactory.java:checkPooledByteBufAllocatorUseCacheForAllThreads(45)) - PERFORMANCE WARNING: useCacheForAllThreads is true that may cause Netty to create a lot garbage objects and, as a result, trigger GC.
	It is recommended to disable useCacheForAllThreads by setting -Dorg.apache.ratis.thirdparty.io.netty.allocator.useCacheForAllThreads=false in command line.
2019-10-11 03:05:35,840 [main] INFO  grpc.GrpcConfigKeys$Server (ConfUtils.java:logGet(43)) - raft.grpc.server.port = 0 (default)
2019-10-11 03:05:35,840 [main] INFO  server.GrpcService (ConfUtils.java:logGet(43)) - raft.grpc.message.size.max = 33570816 (custom)
2019-10-11 03:05:35,841 [main] INFO  server.RaftServerConfigKeys (ConfUtils.java:logGet(43)) - raft.server.log.appender.buffer.byte-limit = 33554432 (custom)
2019-10-11 03:05:35,841 [main] INFO  server.GrpcService (ConfUtils.java:logGet(43)) - raft.grpc.flow.control.window = 1MB (=1048576) (default)
2019-10-11 03:05:35,841 [main] INFO  server.RaftServerConfigKeys (ConfUtils.java:logGet(43)) - raft.server.rpc.request.timeout = 3000ms (default)
2019-10-11 03:05:35,842 [main] INFO  server.RaftServerConfigKeys (ConfUtils.java:logGet(43)) - raft.server.storage.dir = [/workdir/hadoop-ozone/integration-test/target/test-dir/MiniOzoneClusterImpl-182b0ece-7cb3-4e42-b7d3-89937cdb8567/datanode-5/data/ratis] (custom)
2019-10-11 03:05:35,843 [main] INFO  hdfs.DFSUtil (DFSUtil.java:httpServerTemplateForNNAndJN(1641)) - Starting Web-server for hddsDatanode at: http://0.0.0.0:0
2019-10-11 03:05:35,845 [main] INFO  server.AuthenticationFilter (AuthenticationFilter.java:constructSecretProvider(240)) - Unable to initialize FileSignerSecretProvider, falling back to use random secrets.
2019-10-11 03:05:35,845 [main] WARN  http.HttpRequestLog (HttpRequestLog.java:getRequestLog(97)) - Jetty request log can only be enabled using Log4j
2019-10-11 03:05:35,846 [main] INFO  http.HttpServer2 (HttpServer2.java:addGlobalFilter(975)) - Added global filter 'safety' (class=org.apache.hadoop.http.HttpServer2$QuotingInputFilter)
2019-10-11 03:05:35,847 [main] INFO  http.HttpServer2 (HttpServer2.java:addFilter(948)) - Added filter static_user_filter (class=org.apache.hadoop.http.lib.StaticUserWebFilter$StaticUserFilter) to context hddsDatanode
2019-10-11 03:05:35,847 [main] INFO  http.HttpServer2 (HttpServer2.java:addFilter(958)) - Added filter static_user_filter (class=org.apache.hadoop.http.lib.StaticUserWebFilter$StaticUserFilter) to context logs
2019-10-11 03:05:35,847 [main] INFO  http.HttpServer2 (HttpServer2.java:addFilter(958)) - Added filter static_user_filter (class=org.apache.hadoop.http.lib.StaticUserWebFilter$StaticUserFilter) to context static
2019-10-11 03:05:35,848 [main] INFO  http.HttpServer2 (HttpServer2.java:bindListener(1191)) - Jetty bound to port 40104
2019-10-11 03:05:35,848 [main] INFO  server.Server (Server.java:doStart(351)) - jetty-9.3.25.v20180904, build timestamp: 2018-09-04T21:11:46Z, git hash: 3ce520221d0240229c862b122d2b06c12a625732
2019-10-11 03:05:35,849 [main] INFO  handler.ContextHandler (ContextHandler.java:doStart(781)) - Started o.e.j.s.ServletContextHandler@4fea840f{/logs,file:///workdir/hadoop-ozone/integration-test/target/log,AVAILABLE}
2019-10-11 03:05:35,850 [main] INFO  handler.ContextHandler (ContextHandler.java:doStart(781)) - Started o.e.j.s.ServletContextHandler@75e80a97{/static,jar:file:/home/user/.m2/repository/org/apache/hadoop/hadoop-hdds-container-service/0.5.0-SNAPSHOT/hadoop-hdds-container-service-0.5.0-SNAPSHOT.jar!/webapps/static,AVAILABLE}
2019-10-11 03:05:35,878 [main] INFO  handler.ContextHandler (ContextHandler.java:doStart(781)) - Started o.e.j.w.WebAppContext@656842bc{/,file:///tmp/jetty-0.0.0.0-40104-hddsDatanode-_-any-8155340417998213867.dir/webapp/,AVAILABLE}{/hddsDatanode}
2019-10-11 03:05:35,878 [main] INFO  server.AbstractConnector (AbstractConnector.java:doStart(278)) - Started ServerConnector@6b867ee7{HTTP/1.1,[http/1.1]}{0.0.0.0:40104}
2019-10-11 03:05:35,880 [main] INFO  server.Server (Server.java:doStart(419)) - Started @280881ms
2019-10-11 03:05:35,880 [main] WARN  impl.MetricsSystemImpl (MetricsSystemImpl.java:register(276)) - Sink prometheus already exists!
2019-10-11 03:05:35,881 [main] INFO  server.BaseHttpServer (BaseHttpServer.java:updateConnectorAddress(215)) - HTTP server of HDDSDATANODE is listening at http://0.0.0.0:40104
2019-10-11 03:05:35,881 [main] INFO  impl.MetricsSystemImpl (MetricsSystemImpl.java:init(158)) - HddsDatanode metrics system started (again)
2019-10-11 03:05:35,886 [org.apache.hadoop.util.JvmPauseMonitor$Monitor@6afee9fd] INFO  util.JvmPauseMonitor (JvmPauseMonitor.java:run(188)) - Starting JVM pause monitor
2019-10-11 03:05:35,887 [main] INFO  ozone.HddsDatanodeService (HddsDatanodeService.java:start(184)) - HddsDatanodeService host:pr-hdds-2181-fvjjj-1641646571 ip:192.168.164.250
2019-10-11 03:05:35,887 [Datanode State Machine Thread - 0] INFO  datanode.InitDatanodeState (InitDatanodeState.java:persistContainerDatanodeDetails(140)) - DatanodeDetails is persisted to /workdir/hadoop-ozone/integration-test/target/test-dir/MiniOzoneClusterImpl-182b0ece-7cb3-4e42-b7d3-89937cdb8567/datanode-5/meta/datanode.id
2019-10-11 03:05:35,892 [main] INFO  volume.HddsVolume (HddsVolume.java:<init>(176)) - Creating Volume: /workdir/hadoop-ozone/integration-test/target/test-dir/MiniOzoneClusterImpl-182b0ece-7cb3-4e42-b7d3-89937cdb8567/datanode-6/data/containers/hdds of  storage type : DISK and capacity : 1482555576320
2019-10-11 03:05:35,893 [main] INFO  volume.VolumeSet (VolumeSet.java:initializeVolumeSet(170)) - Added Volume : /workdir/hadoop-ozone/integration-test/target/test-dir/MiniOzoneClusterImpl-182b0ece-7cb3-4e42-b7d3-89937cdb8567/datanode-6/data/containers/hdds to VolumeSet
2019-10-11 03:05:35,893 [main] INFO  volume.ThrottledAsyncChecker (ThrottledAsyncChecker.java:schedule(141)) - Scheduling a check for org.apache.hadoop.ozone.container.common.volume.HddsVolume@52f8a6f4
2019-10-11 03:05:35,893 [main] INFO  volume.HddsVolumeChecker (HddsVolumeChecker.java:checkAllVolumes(204)) - Scheduled health check for volume org.apache.hadoop.ozone.container.common.volume.HddsVolume@52f8a6f4
2019-10-11 03:05:35,906 [main] INFO  impl.RaftServerProxy (ConfUtils.java:logGet(43)) - raft.rpc.type = GRPC (default)
2019-10-11 03:05:35,906 [main] INFO  grpc.GrpcFactory (GrpcFactory.java:checkPooledByteBufAllocatorUseCacheForAllThreads(45)) - PERFORMANCE WARNING: useCacheForAllThreads is true that may cause Netty to create a lot garbage objects and, as a result, trigger GC.
	It is recommended to disable useCacheForAllThreads by setting -Dorg.apache.ratis.thirdparty.io.netty.allocator.useCacheForAllThreads=false in command line.
2019-10-11 03:05:35,907 [main] INFO  grpc.GrpcConfigKeys$Server (ConfUtils.java:logGet(43)) - raft.grpc.server.port = 0 (default)
2019-10-11 03:05:35,907 [main] INFO  server.GrpcService (ConfUtils.java:logGet(43)) - raft.grpc.message.size.max = 33570816 (custom)
2019-10-11 03:05:35,907 [main] INFO  server.RaftServerConfigKeys (ConfUtils.java:logGet(43)) - raft.server.log.appender.buffer.byte-limit = 33554432 (custom)
2019-10-11 03:05:35,907 [main] INFO  server.GrpcService (ConfUtils.java:logGet(43)) - raft.grpc.flow.control.window = 1MB (=1048576) (default)
2019-10-11 03:05:35,907 [main] INFO  server.RaftServerConfigKeys (ConfUtils.java:logGet(43)) - raft.server.rpc.request.timeout = 3000ms (default)
2019-10-11 03:05:35,908 [main] INFO  server.RaftServerConfigKeys (ConfUtils.java:logGet(43)) - raft.server.storage.dir = [/workdir/hadoop-ozone/integration-test/target/test-dir/MiniOzoneClusterImpl-182b0ece-7cb3-4e42-b7d3-89937cdb8567/datanode-6/data/ratis] (custom)
2019-10-11 03:05:35,909 [main] INFO  hdfs.DFSUtil (DFSUtil.java:httpServerTemplateForNNAndJN(1641)) - Starting Web-server for hddsDatanode at: http://0.0.0.0:0
2019-10-11 03:05:35,910 [main] INFO  server.AuthenticationFilter (AuthenticationFilter.java:constructSecretProvider(240)) - Unable to initialize FileSignerSecretProvider, falling back to use random secrets.
2019-10-11 03:05:35,911 [main] WARN  http.HttpRequestLog (HttpRequestLog.java:getRequestLog(97)) - Jetty request log can only be enabled using Log4j
2019-10-11 03:05:35,912 [main] INFO  http.HttpServer2 (HttpServer2.java:addGlobalFilter(975)) - Added global filter 'safety' (class=org.apache.hadoop.http.HttpServer2$QuotingInputFilter)
2019-10-11 03:05:35,912 [main] INFO  http.HttpServer2 (HttpServer2.java:addFilter(948)) - Added filter static_user_filter (class=org.apache.hadoop.http.lib.StaticUserWebFilter$StaticUserFilter) to context hddsDatanode
2019-10-11 03:05:35,913 [main] INFO  http.HttpServer2 (HttpServer2.java:addFilter(958)) - Added filter static_user_filter (class=org.apache.hadoop.http.lib.StaticUserWebFilter$StaticUserFilter) to context static
2019-10-11 03:05:35,913 [main] INFO  http.HttpServer2 (HttpServer2.java:addFilter(958)) - Added filter static_user_filter (class=org.apache.hadoop.http.lib.StaticUserWebFilter$StaticUserFilter) to context logs
2019-10-11 03:05:35,913 [main] INFO  http.HttpServer2 (HttpServer2.java:bindListener(1191)) - Jetty bound to port 44249
2019-10-11 03:05:35,914 [main] INFO  server.Server (Server.java:doStart(351)) - jetty-9.3.25.v20180904, build timestamp: 2018-09-04T21:11:46Z, git hash: 3ce520221d0240229c862b122d2b06c12a625732
2019-10-11 03:05:35,915 [main] INFO  handler.ContextHandler (ContextHandler.java:doStart(781)) - Started o.e.j.s.ServletContextHandler@44dfdd58{/logs,file:///workdir/hadoop-ozone/integration-test/target/log,AVAILABLE}
2019-10-11 03:05:35,916 [main] INFO  handler.ContextHandler (ContextHandler.java:doStart(781)) - Started o.e.j.s.ServletContextHandler@72a8361b{/static,jar:file:/home/user/.m2/repository/org/apache/hadoop/hadoop-hdds-container-service/0.5.0-SNAPSHOT/hadoop-hdds-container-service-0.5.0-SNAPSHOT.jar!/webapps/static,AVAILABLE}
2019-10-11 03:05:35,950 [main] INFO  handler.ContextHandler (ContextHandler.java:doStart(781)) - Started o.e.j.w.WebAppContext@3f5dfe69{/,file:///tmp/jetty-0.0.0.0-44249-hddsDatanode-_-any-7260311288071664903.dir/webapp/,AVAILABLE}{/hddsDatanode}
2019-10-11 03:05:35,951 [main] INFO  server.AbstractConnector (AbstractConnector.java:doStart(278)) - Started ServerConnector@571a663c{HTTP/1.1,[http/1.1]}{0.0.0.0:44249}
2019-10-11 03:05:35,953 [main] INFO  server.Server (Server.java:doStart(419)) - Started @280955ms
2019-10-11 03:05:35,954 [main] WARN  impl.MetricsSystemImpl (MetricsSystemImpl.java:register(276)) - Sink prometheus already exists!
2019-10-11 03:05:35,955 [main] INFO  server.BaseHttpServer (BaseHttpServer.java:updateConnectorAddress(215)) - HTTP server of HDDSDATANODE is listening at http://0.0.0.0:44249
2019-10-11 03:05:35,955 [main] INFO  ozone.MiniOzoneClusterImpl (MiniOzoneClusterImpl.java:lambda$waitForClusterToBeReady$0(147)) - Waiting for cluster to be ready. Got 0 of 7 DN Heartbeats.
2019-10-11 03:05:35,956 [org.apache.hadoop.util.JvmPauseMonitor$Monitor@5892873a] INFO  util.JvmPauseMonitor (JvmPauseMonitor.java:run(188)) - Starting JVM pause monitor
2019-10-11 03:05:35,958 [Datanode State Machine Thread - 0] INFO  datanode.InitDatanodeState (InitDatanodeState.java:persistContainerDatanodeDetails(140)) - DatanodeDetails is persisted to /workdir/hadoop-ozone/integration-test/target/test-dir/MiniOzoneClusterImpl-182b0ece-7cb3-4e42-b7d3-89937cdb8567/datanode-6/meta/datanode.id
2019-10-11 03:05:36,955 [main] INFO  ozone.MiniOzoneClusterImpl (MiniOzoneClusterImpl.java:lambda$waitForClusterToBeReady$0(147)) - Waiting for cluster to be ready. Got 0 of 7 DN Heartbeats.
2019-10-11 03:05:37,536 [Datanode State Machine Thread - 0] INFO  ozoneimpl.OzoneContainer (OzoneContainer.java:start(213)) - Attempting to start container services.
2019-10-11 03:05:37,536 [Datanode State Machine Thread - 0] INFO  ozoneimpl.OzoneContainer (OzoneContainer.java:startContainerScrub(177)) - Background container scanner has been disabled.
2019-10-11 03:05:37,536 [Datanode State Machine Thread - 0] INFO  ratis.XceiverServerRatis (XceiverServerRatis.java:start(418)) - Starting XceiverServerRatis 60bf613d-afd3-4e54-9c95-8ee6268c28f5 at port 0
2019-10-11 03:05:37,544 [Datanode State Machine Thread - 0] INFO  impl.RaftServerProxy (RaftServerProxy.java:lambda$start$3(299)) - 60bf613d-afd3-4e54-9c95-8ee6268c28f5: start RPC server
2019-10-11 03:05:37,547 [Datanode State Machine Thread - 0] INFO  server.GrpcService (GrpcService.java:startImpl(158)) - 60bf613d-afd3-4e54-9c95-8ee6268c28f5: GrpcService started, listening on 0.0.0.0/0.0.0.0:41203
2019-10-11 03:05:37,547 [Datanode State Machine Thread - 0] INFO  ratis.XceiverServerRatis (XceiverServerRatis.java:start(428)) - XceiverServerRatis 60bf613d-afd3-4e54-9c95-8ee6268c28f5 is started using port 41203
2019-10-11 03:05:37,547 [Datanode State Machine Thread - 0] INFO  server.XceiverServerGrpc (XceiverServerGrpc.java:start(149)) - XceiverServerGrpc 60bf613d-afd3-4e54-9c95-8ee6268c28f5 is started using port 38741
2019-10-11 03:05:37,646 [Datanode State Machine Thread - 0] INFO  ozoneimpl.OzoneContainer (OzoneContainer.java:start(213)) - Attempting to start container services.
2019-10-11 03:05:37,647 [Datanode State Machine Thread - 0] INFO  ozoneimpl.OzoneContainer (OzoneContainer.java:startContainerScrub(177)) - Background container scanner has been disabled.
2019-10-11 03:05:37,647 [Datanode State Machine Thread - 0] INFO  ratis.XceiverServerRatis (XceiverServerRatis.java:start(418)) - Starting XceiverServerRatis 82411aba-8f1d-4451-bfc0-982cb7e612b4 at port 0
2019-10-11 03:05:37,654 [Datanode State Machine Thread - 0] INFO  impl.RaftServerProxy (RaftServerProxy.java:lambda$start$3(299)) - 82411aba-8f1d-4451-bfc0-982cb7e612b4: start RPC server
2019-10-11 03:05:37,654 [Datanode State Machine Thread - 0] INFO  server.GrpcService (GrpcService.java:startImpl(158)) - 82411aba-8f1d-4451-bfc0-982cb7e612b4: GrpcService started, listening on 0.0.0.0/0.0.0.0:38407
2019-10-11 03:05:37,654 [Datanode State Machine Thread - 0] INFO  ratis.XceiverServerRatis (XceiverServerRatis.java:start(428)) - XceiverServerRatis 82411aba-8f1d-4451-bfc0-982cb7e612b4 is started using port 38407
2019-10-11 03:05:37,654 [Datanode State Machine Thread - 0] INFO  server.XceiverServerGrpc (XceiverServerGrpc.java:start(149)) - XceiverServerGrpc 82411aba-8f1d-4451-bfc0-982cb7e612b4 is started using port 45940
2019-10-11 03:05:37,697 [Datanode State Machine Thread - 0] INFO  ozoneimpl.OzoneContainer (OzoneContainer.java:start(213)) - Attempting to start container services.
2019-10-11 03:05:37,697 [Datanode State Machine Thread - 0] INFO  ozoneimpl.OzoneContainer (OzoneContainer.java:startContainerScrub(177)) - Background container scanner has been disabled.
2019-10-11 03:05:37,697 [Datanode State Machine Thread - 0] INFO  ratis.XceiverServerRatis (XceiverServerRatis.java:start(418)) - Starting XceiverServerRatis fa720458-5a32-4aec-b6c3-6894ebe978b9 at port 0
2019-10-11 03:05:37,704 [Datanode State Machine Thread - 0] INFO  impl.RaftServerProxy (RaftServerProxy.java:lambda$start$3(299)) - fa720458-5a32-4aec-b6c3-6894ebe978b9: start RPC server
2019-10-11 03:05:37,705 [Datanode State Machine Thread - 0] INFO  server.GrpcService (GrpcService.java:startImpl(158)) - fa720458-5a32-4aec-b6c3-6894ebe978b9: GrpcService started, listening on 0.0.0.0/0.0.0.0:35731
2019-10-11 03:05:37,705 [Datanode State Machine Thread - 0] INFO  ratis.XceiverServerRatis (XceiverServerRatis.java:start(428)) - XceiverServerRatis fa720458-5a32-4aec-b6c3-6894ebe978b9 is started using port 35731
2019-10-11 03:05:37,705 [Datanode State Machine Thread - 0] INFO  server.XceiverServerGrpc (XceiverServerGrpc.java:start(149)) - XceiverServerGrpc fa720458-5a32-4aec-b6c3-6894ebe978b9 is started using port 35899
2019-10-11 03:05:37,763 [Datanode State Machine Thread - 0] INFO  ozoneimpl.OzoneContainer (OzoneContainer.java:start(213)) - Attempting to start container services.
2019-10-11 03:05:37,763 [Datanode State Machine Thread - 0] INFO  ozoneimpl.OzoneContainer (OzoneContainer.java:startContainerScrub(177)) - Background container scanner has been disabled.
2019-10-11 03:05:37,763 [Datanode State Machine Thread - 0] INFO  ratis.XceiverServerRatis (XceiverServerRatis.java:start(418)) - Starting XceiverServerRatis eb2831d7-0f74-4cd2-a555-987bfa41a870 at port 0
2019-10-11 03:05:37,771 [Datanode State Machine Thread - 0] INFO  impl.RaftServerProxy (RaftServerProxy.java:lambda$start$3(299)) - eb2831d7-0f74-4cd2-a555-987bfa41a870: start RPC server
2019-10-11 03:05:37,774 [Datanode State Machine Thread - 0] INFO  server.GrpcService (GrpcService.java:startImpl(158)) - eb2831d7-0f74-4cd2-a555-987bfa41a870: GrpcService started, listening on 0.0.0.0/0.0.0.0:38687
2019-10-11 03:05:37,774 [Datanode State Machine Thread - 0] INFO  ratis.XceiverServerRatis (XceiverServerRatis.java:start(428)) - XceiverServerRatis eb2831d7-0f74-4cd2-a555-987bfa41a870 is started using port 38687
2019-10-11 03:05:37,774 [Datanode State Machine Thread - 0] INFO  server.XceiverServerGrpc (XceiverServerGrpc.java:start(149)) - XceiverServerGrpc eb2831d7-0f74-4cd2-a555-987bfa41a870 is started using port 32962
2019-10-11 03:05:37,848 [Datanode State Machine Thread - 0] INFO  ozoneimpl.OzoneContainer (OzoneContainer.java:start(213)) - Attempting to start container services.
2019-10-11 03:05:37,848 [Datanode State Machine Thread - 0] INFO  ozoneimpl.OzoneContainer (OzoneContainer.java:startContainerScrub(177)) - Background container scanner has been disabled.
2019-10-11 03:05:37,848 [Datanode State Machine Thread - 0] INFO  ratis.XceiverServerRatis (XceiverServerRatis.java:start(418)) - Starting XceiverServerRatis d49a7ebe-3f9f-4bbb-851d-549239a20f65 at port 0
2019-10-11 03:05:37,855 [Datanode State Machine Thread - 0] INFO  impl.RaftServerProxy (RaftServerProxy.java:lambda$start$3(299)) - d49a7ebe-3f9f-4bbb-851d-549239a20f65: start RPC server
2019-10-11 03:05:37,856 [Datanode State Machine Thread - 0] INFO  server.GrpcService (GrpcService.java:startImpl(158)) - d49a7ebe-3f9f-4bbb-851d-549239a20f65: GrpcService started, listening on 0.0.0.0/0.0.0.0:41730
2019-10-11 03:05:37,856 [Datanode State Machine Thread - 0] INFO  ratis.XceiverServerRatis (XceiverServerRatis.java:start(428)) - XceiverServerRatis d49a7ebe-3f9f-4bbb-851d-549239a20f65 is started using port 41730
2019-10-11 03:05:37,857 [Datanode State Machine Thread - 0] INFO  server.XceiverServerGrpc (XceiverServerGrpc.java:start(149)) - XceiverServerGrpc d49a7ebe-3f9f-4bbb-851d-549239a20f65 is started using port 39903
2019-10-11 03:05:37,932 [Datanode State Machine Thread - 0] INFO  ozoneimpl.OzoneContainer (OzoneContainer.java:start(213)) - Attempting to start container services.
2019-10-11 03:05:37,932 [Datanode State Machine Thread - 0] INFO  ozoneimpl.OzoneContainer (OzoneContainer.java:startContainerScrub(177)) - Background container scanner has been disabled.
2019-10-11 03:05:37,932 [Datanode State Machine Thread - 0] INFO  ratis.XceiverServerRatis (XceiverServerRatis.java:start(418)) - Starting XceiverServerRatis 45c0a163-083e-49c9-845e-61cf8b5589a2 at port 0
2019-10-11 03:05:37,938 [Datanode State Machine Thread - 0] INFO  impl.RaftServerProxy (RaftServerProxy.java:lambda$start$3(299)) - 45c0a163-083e-49c9-845e-61cf8b5589a2: start RPC server
2019-10-11 03:05:37,939 [Datanode State Machine Thread - 0] INFO  server.GrpcService (GrpcService.java:startImpl(158)) - 45c0a163-083e-49c9-845e-61cf8b5589a2: GrpcService started, listening on 0.0.0.0/0.0.0.0:36211
2019-10-11 03:05:37,940 [Datanode State Machine Thread - 0] INFO  ratis.XceiverServerRatis (XceiverServerRatis.java:start(428)) - XceiverServerRatis 45c0a163-083e-49c9-845e-61cf8b5589a2 is started using port 36211
2019-10-11 03:05:37,940 [Datanode State Machine Thread - 0] INFO  server.XceiverServerGrpc (XceiverServerGrpc.java:start(149)) - XceiverServerGrpc 45c0a163-083e-49c9-845e-61cf8b5589a2 is started using port 40664
2019-10-11 03:05:37,957 [main] INFO  ozone.MiniOzoneClusterImpl (MiniOzoneClusterImpl.java:lambda$waitForClusterToBeReady$0(147)) - Waiting for cluster to be ready. Got 0 of 7 DN Heartbeats.
2019-10-11 03:05:38,001 [Datanode State Machine Thread - 0] INFO  ozoneimpl.OzoneContainer (OzoneContainer.java:start(213)) - Attempting to start container services.
2019-10-11 03:05:38,001 [Datanode State Machine Thread - 0] INFO  ozoneimpl.OzoneContainer (OzoneContainer.java:startContainerScrub(177)) - Background container scanner has been disabled.
2019-10-11 03:05:38,001 [Datanode State Machine Thread - 0] INFO  ratis.XceiverServerRatis (XceiverServerRatis.java:start(418)) - Starting XceiverServerRatis 3818be35-5a2b-4ae9-8b30-f68fcda0a94f at port 0
2019-10-11 03:05:38,006 [Datanode State Machine Thread - 0] INFO  impl.RaftServerProxy (RaftServerProxy.java:lambda$start$3(299)) - 3818be35-5a2b-4ae9-8b30-f68fcda0a94f: start RPC server
2019-10-11 03:05:38,007 [Datanode State Machine Thread - 0] INFO  server.GrpcService (GrpcService.java:startImpl(158)) - 3818be35-5a2b-4ae9-8b30-f68fcda0a94f: GrpcService started, listening on 0.0.0.0/0.0.0.0:33030
2019-10-11 03:05:38,007 [Datanode State Machine Thread - 0] INFO  ratis.XceiverServerRatis (XceiverServerRatis.java:start(428)) - XceiverServerRatis 3818be35-5a2b-4ae9-8b30-f68fcda0a94f is started using port 33030
2019-10-11 03:05:38,010 [Datanode State Machine Thread - 0] INFO  server.XceiverServerGrpc (XceiverServerGrpc.java:start(149)) - XceiverServerGrpc 3818be35-5a2b-4ae9-8b30-f68fcda0a94f is started using port 40876
2019-10-11 03:05:38,957 [main] INFO  ozone.MiniOzoneClusterImpl (MiniOzoneClusterImpl.java:lambda$waitForClusterToBeReady$0(147)) - Waiting for cluster to be ready. Got 0 of 7 DN Heartbeats.
2019-10-11 03:05:39,498 [IPC Server handler 0 on 36840] INFO  net.NetworkTopology (NetworkTopologyImpl.java:add(111)) - Added a new node: /default-rack/60bf613d-afd3-4e54-9c95-8ee6268c28f5
2019-10-11 03:05:39,501 [IPC Server handler 0 on 36840] INFO  node.SCMNodeManager (SCMNodeManager.java:register(268)) - Registered Data node : 60bf613d-afd3-4e54-9c95-8ee6268c28f5{ip: 192.168.164.250, host: pr-hdds-2181-fvjjj-1641646571, networkLocation: /default-rack, certSerialId: null}
2019-10-11 03:05:39,502 [EventQueue-NodeRegistrationContainerReportForDataNodeSafeModeRule] INFO  safemode.SCMSafeModeManager (DataNodeSafeModeRule.java:process(71)) - SCM in safe mode. 1 DataNodes registered, 1 required.
2019-10-11 03:05:39,505 [EventQueue-NodeRegistrationContainerReportForDataNodeSafeModeRule] INFO  safemode.SCMSafeModeManager (SCMSafeModeManager.java:validateSafeModeExitRules(177)) - ScmSafeModeManager, all rules are successfully validated
2019-10-11 03:05:39,505 [EventQueue-NodeRegistrationContainerReportForDataNodeSafeModeRule] INFO  safemode.SCMSafeModeManager (SCMSafeModeManager.java:exitSafeMode(193)) - SCM exiting safe mode.
2019-10-11 03:05:39,514 [grpc-default-executor-6] INFO  impl.RaftServerProxy (RaftServerProxy.java:addNew(89)) - 60bf613d-afd3-4e54-9c95-8ee6268c28f5: addNew group-1F72C42EDC30:[60bf613d-afd3-4e54-9c95-8ee6268c28f5:192.168.164.250:41203] returns group-1F72C42EDC30:java.util.concurrent.CompletableFuture@fa600c6[Not completed]
2019-10-11 03:05:39,516 [pool-383-thread-1] INFO  impl.RaftServerImpl (RaftServerImpl.java:<init>(95)) - 60bf613d-afd3-4e54-9c95-8ee6268c28f5: new RaftServerImpl for group-1F72C42EDC30:[60bf613d-afd3-4e54-9c95-8ee6268c28f5:192.168.164.250:41203] with ContainerStateMachine:uninitialized
2019-10-11 03:05:39,516 [pool-383-thread-1] INFO  server.RaftServerConfigKeys (ConfUtils.java:logGet(43)) - raft.server.rpc.timeout.min = 5s (custom)
2019-10-11 03:05:39,516 [pool-383-thread-1] INFO  server.RaftServerConfigKeys (ConfUtils.java:logGet(43)) - raft.server.rpc.timeout.max = 5200ms (custom)
2019-10-11 03:05:39,516 [pool-383-thread-1] INFO  server.RaftServerConfigKeys (ConfUtils.java:logGet(43)) - raft.server.rpcslowness.timeout = 120s (custom)
2019-10-11 03:05:39,516 [pool-383-thread-1] INFO  server.RaftServerConfigKeys (ConfUtils.java:logGet(43)) - raft.server.sleep.deviation.threshold = 300 (default)
2019-10-11 03:05:39,516 [pool-383-thread-1] INFO  server.RaftServerConfigKeys (ConfUtils.java:logGet(43)) - raft.server.log.appender.install.snapshot.enabled = false (custom)
2019-10-11 03:05:39,516 [pool-383-thread-1] INFO  impl.RaftServerImpl (ServerState.java:<init>(103)) - 60bf613d-afd3-4e54-9c95-8ee6268c28f5@group-1F72C42EDC30: ConfigurationManager, init=-1: [60bf613d-afd3-4e54-9c95-8ee6268c28f5:192.168.164.250:41203], old=null, confs=<EMPTY_MAP>
2019-10-11 03:05:39,517 [pool-383-thread-1] INFO  server.RaftServerConfigKeys (ConfUtils.java:logGet(43)) - raft.server.storage.dir = [/workdir/hadoop-ozone/integration-test/target/test-dir/MiniOzoneClusterImpl-182b0ece-7cb3-4e42-b7d3-89937cdb8567/datanode-0/data/ratis] (custom)
2019-10-11 03:05:39,517 [pool-383-thread-1] INFO  server.RaftServerConfigKeys (ConfUtils.java:logGet(43)) - raft.server.log.corruption.policy = EXCEPTION (default)
2019-10-11 03:05:39,517 [pool-383-thread-1] INFO  storage.RaftStorageDirectory (RaftStorageDirectory.java:analyzeStorage(246)) - The storage directory /workdir/hadoop-ozone/integration-test/target/test-dir/MiniOzoneClusterImpl-182b0ece-7cb3-4e42-b7d3-89937cdb8567/datanode-0/data/ratis/1ab02fb6-4746-4c6f-97f5-1f72c42edc30 does not exist. Creating ...
2019-10-11 03:05:39,549 [pool-383-thread-1] INFO  storage.RaftStorageDirectory (RaftStorageDirectory.java:tryLock(328)) - Lock on /workdir/hadoop-ozone/integration-test/target/test-dir/MiniOzoneClusterImpl-182b0ece-7cb3-4e42-b7d3-89937cdb8567/datanode-0/data/ratis/1ab02fb6-4746-4c6f-97f5-1f72c42edc30/in_use.lock acquired by nodename 577@pr-hdds-2181-fvjjj-1641646571
2019-10-11 03:05:39,562 [pool-383-thread-1] INFO  storage.RaftStorage (RaftStorage.java:format(84)) - Storage directory /workdir/hadoop-ozone/integration-test/target/test-dir/MiniOzoneClusterImpl-182b0ece-7cb3-4e42-b7d3-89937cdb8567/datanode-0/data/ratis/1ab02fb6-4746-4c6f-97f5-1f72c42edc30 has been successfully formatted.
2019-10-11 03:05:39,563 [pool-383-thread-1] INFO  ratis.ContainerStateMachine (ContainerStateMachine.java:loadSnapshot(231)) - group-1F72C42EDC30: The snapshot info is null. Setting the last applied indexto:(t:0, i:~)
2019-10-11 03:05:39,563 [pool-383-thread-1] INFO  server.RaftServerConfigKeys (ConfUtils.java:logGet(43)) - raft.server.notification.no-leader.timeout = 120s (custom)
2019-10-11 03:05:39,563 [pool-383-thread-1] INFO  server.RaftServerConfigKeys (ConfUtils.java:logGet(43)) - raft.server.log.use.memory = false (default)
2019-10-11 03:05:39,563 [pool-383-thread-1] INFO  server.RaftServerConfigKeys (ConfUtils.java:logGet(43)) - raft.server.log.purge.gap = 1000000 (custom)
2019-10-11 03:05:39,563 [pool-383-thread-1] INFO  server.RaftServerConfigKeys (ConfUtils.java:logGet(43)) - raft.server.log.appender.buffer.byte-limit = 33554432 (custom)
2019-10-11 03:05:39,563 [pool-383-thread-1] INFO  server.RaftServerConfigKeys (ConfUtils.java:logGet(43)) - raft.server.log.segment.size.max = 1048576 (custom)
2019-10-11 03:05:39,565 [pool-383-thread-1] INFO  server.RaftServerConfigKeys (ConfUtils.java:logGet(43)) - raft.server.log.segment.cache.num.max = 2 (custom)
2019-10-11 03:05:39,565 [pool-383-thread-1] INFO  segmented.SegmentedRaftLogWorker (SegmentedRaftLogWorker.java:<init>(173)) - new 60bf613d-afd3-4e54-9c95-8ee6268c28f5@group-1F72C42EDC30-SegmentedRaftLogWorker for RaftStorage:Storage Directory /workdir/hadoop-ozone/integration-test/target/test-dir/MiniOzoneClusterImpl-182b0ece-7cb3-4e42-b7d3-89937cdb8567/datanode-0/data/ratis/1ab02fb6-4746-4c6f-97f5-1f72c42edc30
2019-10-11 03:05:39,565 [pool-383-thread-1] INFO  server.RaftServerConfigKeys (ConfUtils.java:logGet(43)) - raft.server.log.queue.byte-limit = 2147483647 (custom)
2019-10-11 03:05:39,566 [pool-383-thread-1] INFO  server.RaftServerConfigKeys (ConfUtils.java:logGet(43)) - raft.server.log.queue.element-limit = 1024 (custom)
2019-10-11 03:05:39,566 [pool-383-thread-1] INFO  server.RaftServerConfigKeys (ConfUtils.java:logGet(43)) - raft.server.log.segment.size.max = 1048576 (custom)
2019-10-11 03:05:39,566 [pool-383-thread-1] INFO  server.RaftServerConfigKeys (ConfUtils.java:logGet(43)) - raft.server.log.preallocated.size = 16384 (custom)
2019-10-11 03:05:39,566 [pool-383-thread-1] INFO  server.RaftServerConfigKeys (ConfUtils.java:logGet(43)) - raft.server.log.write.buffer.size = 33554432 (custom)
2019-10-11 03:05:39,566 [pool-383-thread-1] INFO  server.RaftServerConfigKeys (ConfUtils.java:logGet(43)) - raft.server.log.force.sync.num = 128 (default)
2019-10-11 03:05:39,566 [pool-383-thread-1] INFO  server.RaftServerConfigKeys (ConfUtils.java:logGet(43)) - raft.server.log.statemachine.data.sync = true (default)
2019-10-11 03:05:39,566 [pool-383-thread-1] INFO  server.RaftServerConfigKeys (ConfUtils.java:logGet(43)) - raft.server.log.statemachine.data.sync.timeout = 10s (default)
2019-10-11 03:05:39,567 [pool-383-thread-1] INFO  server.RaftServerConfigKeys (ConfUtils.java:logGet(43)) - raft.server.log.statemachine.data.sync.timeout.retry = -1 (default)
2019-10-11 03:05:39,567 [pool-383-thread-1] INFO  server.RaftServerConfigKeys (ConfUtils.java:logGet(43)) - raft.server.log.statemachine.data.caching.enabled = true (custom)
2019-10-11 03:05:39,568 [pool-383-thread-1] INFO  segmented.SegmentedRaftLogWorker (SegmentedRaftLogWorker.java:lambda$new$0(128)) - 60bf613d-afd3-4e54-9c95-8ee6268c28f5@group-1F72C42EDC30-SegmentedRaftLogWorker: flushIndex: setUnconditionally 0 -> -1
2019-10-11 03:05:39,568 [pool-383-thread-1] INFO  server.RaftServerConfigKeys (ConfUtils.java:logGet(43)) - raft.server.snapshot.auto.trigger.enabled = true (custom)
2019-10-11 03:05:39,568 [pool-383-thread-1] INFO  server.RaftServerConfigKeys (ConfUtils.java:logGet(43)) - raft.server.snapshot.auto.trigger.threshold = 10000 (custom)
2019-10-11 03:05:39,568 [pool-383-thread-1] INFO  server.RaftServerConfigKeys (ConfUtils.java:logGet(43)) - raft.server.snapshot.retention.file.num = 5 (custom)
2019-10-11 03:05:39,569 [pool-383-thread-1] INFO  server.RaftServerConfigKeys (ConfUtils.java:logGet(43)) - raft.server.retrycache.expirytime = 600000ms (custom)
2019-10-11 03:05:39,570 [pool-383-thread-1] INFO  impl.RaftServerImpl (RaftServerImpl.java:start(181)) - 60bf613d-afd3-4e54-9c95-8ee6268c28f5@group-1F72C42EDC30: start as a follower, conf=-1: [60bf613d-afd3-4e54-9c95-8ee6268c28f5:192.168.164.250:41203], old=null
2019-10-11 03:05:39,570 [pool-383-thread-1] INFO  impl.RaftServerImpl (RaftServerImpl.java:setRole(170)) - 60bf613d-afd3-4e54-9c95-8ee6268c28f5@group-1F72C42EDC30: changes role from      null to FOLLOWER at term 0 for startAsFollower
2019-10-11 03:05:39,570 [pool-383-thread-1] INFO  impl.RoleInfo (RoleInfo.java:updateAndGet(143)) - 60bf613d-afd3-4e54-9c95-8ee6268c28f5: start FollowerState
2019-10-11 03:05:39,571 [pool-383-thread-1] INFO  util.JmxRegister (JmxRegister.java:tryRegister(44)) - Successfully registered JMX Bean with object name Ratis:service=RaftServer,group=group-1F72C42EDC30,id=60bf613d-afd3-4e54-9c95-8ee6268c28f5
2019-10-11 03:05:39,581 [IPC Server handler 1 on 36840] INFO  net.NetworkTopology (NetworkTopologyImpl.java:add(111)) - Added a new node: /default-rack/82411aba-8f1d-4451-bfc0-982cb7e612b4
2019-10-11 03:05:39,581 [IPC Server handler 1 on 36840] INFO  node.SCMNodeManager (SCMNodeManager.java:register(268)) - Registered Data node : 82411aba-8f1d-4451-bfc0-982cb7e612b4{ip: 192.168.164.250, host: pr-hdds-2181-fvjjj-1641646571, networkLocation: /default-rack, certSerialId: null}
2019-10-11 03:05:39,588 [RatisPipelineUtilsThread] INFO  pipeline.PipelineStateManager (PipelineStateManager.java:addPipeline(56)) - Created pipeline Pipeline[ Id: 1ab02fb6-4746-4c6f-97f5-1f72c42edc30, Nodes: 60bf613d-afd3-4e54-9c95-8ee6268c28f5{ip: 192.168.164.250, host: pr-hdds-2181-fvjjj-1641646571, networkLocation: /default-rack, certSerialId: null}, Type:RATIS, Factor:ONE, State:OPEN]
2019-10-11 03:05:39,597 [grpc-default-executor-6] INFO  impl.RaftServerProxy (RaftServerProxy.java:addNew(89)) - 82411aba-8f1d-4451-bfc0-982cb7e612b4: addNew group-F0FC2C30182C:[82411aba-8f1d-4451-bfc0-982cb7e612b4:192.168.164.250:38407] returns group-F0FC2C30182C:java.util.concurrent.CompletableFuture@23c7e137[Not completed]
2019-10-11 03:05:39,599 [pool-393-thread-1] INFO  impl.RaftServerImpl (RaftServerImpl.java:<init>(95)) - 82411aba-8f1d-4451-bfc0-982cb7e612b4: new RaftServerImpl for group-F0FC2C30182C:[82411aba-8f1d-4451-bfc0-982cb7e612b4:192.168.164.250:38407] with ContainerStateMachine:uninitialized
2019-10-11 03:05:39,599 [pool-393-thread-1] INFO  server.RaftServerConfigKeys (ConfUtils.java:logGet(43)) - raft.server.rpc.timeout.min = 5s (custom)
2019-10-11 03:05:39,599 [pool-393-thread-1] INFO  server.RaftServerConfigKeys (ConfUtils.java:logGet(43)) - raft.server.rpc.timeout.max = 5200ms (custom)
2019-10-11 03:05:39,599 [pool-393-thread-1] INFO  server.RaftServerConfigKeys (ConfUtils.java:logGet(43)) - raft.server.rpcslowness.timeout = 120s (custom)
2019-10-11 03:05:39,599 [pool-393-thread-1] INFO  server.RaftServerConfigKeys (ConfUtils.java:logGet(43)) - raft.server.sleep.deviation.threshold = 300 (default)
2019-10-11 03:05:39,599 [pool-393-thread-1] INFO  server.RaftServerConfigKeys (ConfUtils.java:logGet(43)) - raft.server.log.appender.install.snapshot.enabled = false (custom)
2019-10-11 03:05:39,599 [pool-393-thread-1] INFO  impl.RaftServerImpl (ServerState.java:<init>(103)) - 82411aba-8f1d-4451-bfc0-982cb7e612b4@group-F0FC2C30182C: ConfigurationManager, init=-1: [82411aba-8f1d-4451-bfc0-982cb7e612b4:192.168.164.250:38407], old=null, confs=<EMPTY_MAP>
2019-10-11 03:05:39,599 [pool-393-thread-1] INFO  server.RaftServerConfigKeys (ConfUtils.java:logGet(43)) - raft.server.storage.dir = [/workdir/hadoop-ozone/integration-test/target/test-dir/MiniOzoneClusterImpl-182b0ece-7cb3-4e42-b7d3-89937cdb8567/datanode-1/data/ratis] (custom)
2019-10-11 03:05:39,599 [pool-393-thread-1] INFO  server.RaftServerConfigKeys (ConfUtils.java:logGet(43)) - raft.server.log.corruption.policy = EXCEPTION (default)
2019-10-11 03:05:39,600 [pool-393-thread-1] INFO  storage.RaftStorageDirectory (RaftStorageDirectory.java:analyzeStorage(246)) - The storage directory /workdir/hadoop-ozone/integration-test/target/test-dir/MiniOzoneClusterImpl-182b0ece-7cb3-4e42-b7d3-89937cdb8567/datanode-1/data/ratis/6345e4be-a471-4fc8-8642-f0fc2c30182c does not exist. Creating ...
2019-10-11 03:05:39,622 [pool-393-thread-1] INFO  storage.RaftStorageDirectory (RaftStorageDirectory.java:tryLock(328)) - Lock on /workdir/hadoop-ozone/integration-test/target/test-dir/MiniOzoneClusterImpl-182b0ece-7cb3-4e42-b7d3-89937cdb8567/datanode-1/data/ratis/6345e4be-a471-4fc8-8642-f0fc2c30182c/in_use.lock acquired by nodename 577@pr-hdds-2181-fvjjj-1641646571
2019-10-11 03:05:39,638 [pool-393-thread-1] INFO  storage.RaftStorage (RaftStorage.java:format(84)) - Storage directory /workdir/hadoop-ozone/integration-test/target/test-dir/MiniOzoneClusterImpl-182b0ece-7cb3-4e42-b7d3-89937cdb8567/datanode-1/data/ratis/6345e4be-a471-4fc8-8642-f0fc2c30182c has been successfully formatted.
2019-10-11 03:05:39,638 [pool-393-thread-1] INFO  ratis.ContainerStateMachine (ContainerStateMachine.java:loadSnapshot(231)) - group-F0FC2C30182C: The snapshot info is null. Setting the last applied indexto:(t:0, i:~)
2019-10-11 03:05:39,638 [pool-393-thread-1] INFO  server.RaftServerConfigKeys (ConfUtils.java:logGet(43)) - raft.server.notification.no-leader.timeout = 120s (custom)
2019-10-11 03:05:39,639 [pool-393-thread-1] INFO  server.RaftServerConfigKeys (ConfUtils.java:logGet(43)) - raft.server.log.use.memory = false (default)
2019-10-11 03:05:39,639 [pool-393-thread-1] INFO  server.RaftServerConfigKeys (ConfUtils.java:logGet(43)) - raft.server.log.purge.gap = 1000000 (custom)
2019-10-11 03:05:39,639 [pool-393-thread-1] INFO  server.RaftServerConfigKeys (ConfUtils.java:logGet(43)) - raft.server.log.appender.buffer.byte-limit = 33554432 (custom)
2019-10-11 03:05:39,639 [pool-393-thread-1] INFO  server.RaftServerConfigKeys (ConfUtils.java:logGet(43)) - raft.server.log.segment.size.max = 1048576 (custom)
2019-10-11 03:05:39,641 [pool-393-thread-1] INFO  server.RaftServerConfigKeys (ConfUtils.java:logGet(43)) - raft.server.log.segment.cache.num.max = 2 (custom)
2019-10-11 03:05:39,641 [pool-393-thread-1] INFO  segmented.SegmentedRaftLogWorker (SegmentedRaftLogWorker.java:<init>(173)) - new 82411aba-8f1d-4451-bfc0-982cb7e612b4@group-F0FC2C30182C-SegmentedRaftLogWorker for RaftStorage:Storage Directory /workdir/hadoop-ozone/integration-test/target/test-dir/MiniOzoneClusterImpl-182b0ece-7cb3-4e42-b7d3-89937cdb8567/datanode-1/data/ratis/6345e4be-a471-4fc8-8642-f0fc2c30182c
2019-10-11 03:05:39,641 [pool-393-thread-1] INFO  server.RaftServerConfigKeys (ConfUtils.java:logGet(43)) - raft.server.log.queue.byte-limit = 2147483647 (custom)
2019-10-11 03:05:39,641 [pool-393-thread-1] INFO  server.RaftServerConfigKeys (ConfUtils.java:logGet(43)) - raft.server.log.queue.element-limit = 1024 (custom)
2019-10-11 03:05:39,641 [pool-393-thread-1] INFO  server.RaftServerConfigKeys (ConfUtils.java:logGet(43)) - raft.server.log.segment.size.max = 1048576 (custom)
2019-10-11 03:05:39,641 [pool-393-thread-1] INFO  server.RaftServerConfigKeys (ConfUtils.java:logGet(43)) - raft.server.log.preallocated.size = 16384 (custom)
2019-10-11 03:05:39,642 [pool-393-thread-1] INFO  server.RaftServerConfigKeys (ConfUtils.java:logGet(43)) - raft.server.log.write.buffer.size = 33554432 (custom)
2019-10-11 03:05:39,642 [pool-393-thread-1] INFO  server.RaftServerConfigKeys (ConfUtils.java:logGet(43)) - raft.server.log.force.sync.num = 128 (default)
2019-10-11 03:05:39,642 [pool-393-thread-1] INFO  server.RaftServerConfigKeys (ConfUtils.java:logGet(43)) - raft.server.log.statemachine.data.sync = true (default)
2019-10-11 03:05:39,642 [pool-393-thread-1] INFO  server.RaftServerConfigKeys (ConfUtils.java:logGet(43)) - raft.server.log.statemachine.data.sync.timeout = 10s (default)
2019-10-11 03:05:39,642 [pool-393-thread-1] INFO  server.RaftServerConfigKeys (ConfUtils.java:logGet(43)) - raft.server.log.statemachine.data.sync.timeout.retry = -1 (default)
2019-10-11 03:05:39,642 [pool-393-thread-1] INFO  server.RaftServerConfigKeys (ConfUtils.java:logGet(43)) - raft.server.log.statemachine.data.caching.enabled = true (custom)
2019-10-11 03:05:39,643 [pool-393-thread-1] INFO  segmented.SegmentedRaftLogWorker (SegmentedRaftLogWorker.java:lambda$new$0(128)) - 82411aba-8f1d-4451-bfc0-982cb7e612b4@group-F0FC2C30182C-SegmentedRaftLogWorker: flushIndex: setUnconditionally 0 -> -1
2019-10-11 03:05:39,643 [pool-393-thread-1] INFO  server.RaftServerConfigKeys (ConfUtils.java:logGet(43)) - raft.server.snapshot.auto.trigger.enabled = true (custom)
2019-10-11 03:05:39,643 [pool-393-thread-1] INFO  server.RaftServerConfigKeys (ConfUtils.java:logGet(43)) - raft.server.snapshot.auto.trigger.threshold = 10000 (custom)
2019-10-11 03:05:39,643 [pool-393-thread-1] INFO  server.RaftServerConfigKeys (ConfUtils.java:logGet(43)) - raft.server.snapshot.retention.file.num = 5 (custom)
2019-10-11 03:05:39,643 [pool-393-thread-1] INFO  server.RaftServerConfigKeys (ConfUtils.java:logGet(43)) - raft.server.retrycache.expirytime = 600000ms (custom)
2019-10-11 03:05:39,645 [pool-393-thread-1] INFO  impl.RaftServerImpl (RaftServerImpl.java:start(181)) - 82411aba-8f1d-4451-bfc0-982cb7e612b4@group-F0FC2C30182C: start as a follower, conf=-1: [82411aba-8f1d-4451-bfc0-982cb7e612b4:192.168.164.250:38407], old=null
2019-10-11 03:05:39,645 [pool-393-thread-1] INFO  impl.RaftServerImpl (RaftServerImpl.java:setRole(170)) - 82411aba-8f1d-4451-bfc0-982cb7e612b4@group-F0FC2C30182C: changes role from      null to FOLLOWER at term 0 for startAsFollower
2019-10-11 03:05:39,645 [pool-393-thread-1] INFO  impl.RoleInfo (RoleInfo.java:updateAndGet(143)) - 82411aba-8f1d-4451-bfc0-982cb7e612b4: start FollowerState
2019-10-11 03:05:39,645 [pool-393-thread-1] INFO  util.JmxRegister (JmxRegister.java:tryRegister(44)) - Successfully registered JMX Bean with object name Ratis:service=RaftServer,group=group-F0FC2C30182C,id=82411aba-8f1d-4451-bfc0-982cb7e612b4
2019-10-11 03:05:39,649 [RatisPipelineUtilsThread] INFO  pipeline.PipelineStateManager (PipelineStateManager.java:addPipeline(56)) - Created pipeline Pipeline[ Id: 6345e4be-a471-4fc8-8642-f0fc2c30182c, Nodes: 82411aba-8f1d-4451-bfc0-982cb7e612b4{ip: 192.168.164.250, host: pr-hdds-2181-fvjjj-1641646571, networkLocation: /default-rack, certSerialId: null}, Type:RATIS, Factor:ONE, State:OPEN]
2019-10-11 03:05:39,652 [IPC Server handler 2 on 36840] INFO  net.NetworkTopology (NetworkTopologyImpl.java:add(111)) - Added a new node: /default-rack/fa720458-5a32-4aec-b6c3-6894ebe978b9
2019-10-11 03:05:39,653 [IPC Server handler 2 on 36840] INFO  node.SCMNodeManager (SCMNodeManager.java:register(268)) - Registered Data node : fa720458-5a32-4aec-b6c3-6894ebe978b9{ip: 192.168.164.250, host: pr-hdds-2181-fvjjj-1641646571, networkLocation: /default-rack, certSerialId: null}
2019-10-11 03:05:39,660 [grpc-default-executor-9] INFO  impl.RaftServerProxy (RaftServerProxy.java:addNew(89)) - 82411aba-8f1d-4451-bfc0-982cb7e612b4: addNew group-F2FC48003ED7:[60bf613d-afd3-4e54-9c95-8ee6268c28f5:192.168.164.250:41203, fa720458-5a32-4aec-b6c3-6894ebe978b9:192.168.164.250:35731, 82411aba-8f1d-4451-bfc0-982cb7e612b4:192.168.164.250:38407] returns group-F2FC48003ED7:java.util.concurrent.CompletableFuture@23707db3[Not completed]
2019-10-11 03:05:39,662 [grpc-default-executor-8] INFO  impl.RaftServerProxy (RaftServerProxy.java:addNew(89)) - fa720458-5a32-4aec-b6c3-6894ebe978b9: addNew group-F2FC48003ED7:[60bf613d-afd3-4e54-9c95-8ee6268c28f5:192.168.164.250:41203, fa720458-5a32-4aec-b6c3-6894ebe978b9:192.168.164.250:35731, 82411aba-8f1d-4451-bfc0-982cb7e612b4:192.168.164.250:38407] returns group-F2FC48003ED7:java.util.concurrent.CompletableFuture@7a4983ab[Not completed]
2019-10-11 03:05:39,663 [grpc-default-executor-6] INFO  impl.RaftServerProxy (RaftServerProxy.java:addNew(89)) - 60bf613d-afd3-4e54-9c95-8ee6268c28f5: addNew group-F2FC48003ED7:[60bf613d-afd3-4e54-9c95-8ee6268c28f5:192.168.164.250:41203, fa720458-5a32-4aec-b6c3-6894ebe978b9:192.168.164.250:35731, 82411aba-8f1d-4451-bfc0-982cb7e612b4:192.168.164.250:38407] returns group-F2FC48003ED7:java.util.concurrent.CompletableFuture@7c205d8a[Not completed]
2019-10-11 03:05:39,663 [pool-393-thread-1] INFO  impl.RaftServerImpl (RaftServerImpl.java:<init>(95)) - 82411aba-8f1d-4451-bfc0-982cb7e612b4: new RaftServerImpl for group-F2FC48003ED7:[60bf613d-afd3-4e54-9c95-8ee6268c28f5:192.168.164.250:41203, fa720458-5a32-4aec-b6c3-6894ebe978b9:192.168.164.250:35731, 82411aba-8f1d-4451-bfc0-982cb7e612b4:192.168.164.250:38407] with ContainerStateMachine:uninitialized
2019-10-11 03:05:39,663 [pool-393-thread-1] INFO  server.RaftServerConfigKeys (ConfUtils.java:logGet(43)) - raft.server.rpc.timeout.min = 5s (custom)
2019-10-11 03:05:39,664 [pool-393-thread-1] INFO  server.RaftServerConfigKeys (ConfUtils.java:logGet(43)) - raft.server.rpc.timeout.max = 5200ms (custom)
2019-10-11 03:05:39,664 [pool-383-thread-1] INFO  impl.RaftServerImpl (RaftServerImpl.java:<init>(95)) - 60bf613d-afd3-4e54-9c95-8ee6268c28f5: new RaftServerImpl for group-F2FC48003ED7:[60bf613d-afd3-4e54-9c95-8ee6268c28f5:192.168.164.250:41203, fa720458-5a32-4aec-b6c3-6894ebe978b9:192.168.164.250:35731, 82411aba-8f1d-4451-bfc0-982cb7e612b4:192.168.164.250:38407] with ContainerStateMachine:uninitialized
2019-10-11 03:05:39,664 [pool-393-thread-1] INFO  server.RaftServerConfigKeys (ConfUtils.java:logGet(43)) - raft.server.rpcslowness.timeout = 120s (custom)
2019-10-11 03:05:39,664 [pool-383-thread-1] INFO  server.RaftServerConfigKeys (ConfUtils.java:logGet(43)) - raft.server.rpc.timeout.min = 5s (custom)
2019-10-11 03:05:39,664 [pool-393-thread-1] INFO  server.RaftServerConfigKeys (ConfUtils.java:logGet(43)) - raft.server.sleep.deviation.threshold = 300 (default)
2019-10-11 03:05:39,664 [pool-383-thread-1] INFO  server.RaftServerConfigKeys (ConfUtils.java:logGet(43)) - raft.server.rpc.timeout.max = 5200ms (custom)
2019-10-11 03:05:39,664 [pool-393-thread-1] INFO  server.RaftServerConfigKeys (ConfUtils.java:logGet(43)) - raft.server.log.appender.install.snapshot.enabled = false (custom)
2019-10-11 03:05:39,664 [pool-383-thread-1] INFO  server.RaftServerConfigKeys (ConfUtils.java:logGet(43)) - raft.server.rpcslowness.timeout = 120s (custom)
2019-10-11 03:05:39,664 [pool-393-thread-1] INFO  impl.RaftServerImpl (ServerState.java:<init>(103)) - 82411aba-8f1d-4451-bfc0-982cb7e612b4@group-F2FC48003ED7: ConfigurationManager, init=-1: [60bf613d-afd3-4e54-9c95-8ee6268c28f5:192.168.164.250:41203, fa720458-5a32-4aec-b6c3-6894ebe978b9:192.168.164.250:35731, 82411aba-8f1d-4451-bfc0-982cb7e612b4:192.168.164.250:38407], old=null, confs=<EMPTY_MAP>
2019-10-11 03:05:39,664 [pool-383-thread-1] INFO  server.RaftServerConfigKeys (ConfUtils.java:logGet(43)) - raft.server.sleep.deviation.threshold = 300 (default)
2019-10-11 03:05:39,664 [pool-403-thread-1] INFO  impl.RaftServerImpl (RaftServerImpl.java:<init>(95)) - fa720458-5a32-4aec-b6c3-6894ebe978b9: new RaftServerImpl for group-F2FC48003ED7:[60bf613d-afd3-4e54-9c95-8ee6268c28f5:192.168.164.250:41203, fa720458-5a32-4aec-b6c3-6894ebe978b9:192.168.164.250:35731, 82411aba-8f1d-4451-bfc0-982cb7e612b4:192.168.164.250:38407] with ContainerStateMachine:uninitialized
2019-10-11 03:05:39,665 [pool-383-thread-1] INFO  server.RaftServerConfigKeys (ConfUtils.java:logGet(43)) - raft.server.log.appender.install.snapshot.enabled = false (custom)
2019-10-11 03:05:39,665 [pool-393-thread-1] INFO  server.RaftServerConfigKeys (ConfUtils.java:logGet(43)) - raft.server.storage.dir = [/workdir/hadoop-ozone/integration-test/target/test-dir/MiniOzoneClusterImpl-182b0ece-7cb3-4e42-b7d3-89937cdb8567/datanode-1/data/ratis] (custom)
2019-10-11 03:05:39,665 [pool-383-thread-1] INFO  impl.RaftServerImpl (ServerState.java:<init>(103)) - 60bf613d-afd3-4e54-9c95-8ee6268c28f5@group-F2FC48003ED7: ConfigurationManager, init=-1: [60bf613d-afd3-4e54-9c95-8ee6268c28f5:192.168.164.250:41203, fa720458-5a32-4aec-b6c3-6894ebe978b9:192.168.164.250:35731, 82411aba-8f1d-4451-bfc0-982cb7e612b4:192.168.164.250:38407], old=null, confs=<EMPTY_MAP>
2019-10-11 03:05:39,665 [pool-403-thread-1] INFO  server.RaftServerConfigKeys (ConfUtils.java:logGet(43)) - raft.server.rpc.timeout.min = 5s (custom)
2019-10-11 03:05:39,665 [pool-393-thread-1] INFO  server.RaftServerConfigKeys (ConfUtils.java:logGet(43)) - raft.server.log.corruption.policy = EXCEPTION (default)
2019-10-11 03:05:39,665 [pool-383-thread-1] INFO  server.RaftServerConfigKeys (ConfUtils.java:logGet(43)) - raft.server.storage.dir = [/workdir/hadoop-ozone/integration-test/target/test-dir/MiniOzoneClusterImpl-182b0ece-7cb3-4e42-b7d3-89937cdb8567/datanode-0/data/ratis] (custom)
2019-10-11 03:05:39,665 [pool-403-thread-1] INFO  server.RaftServerConfigKeys (ConfUtils.java:logGet(43)) - raft.server.rpc.timeout.max = 5200ms (custom)
2019-10-11 03:05:39,665 [pool-393-thread-1] INFO  storage.RaftStorageDirectory (RaftStorageDirectory.java:analyzeStorage(246)) - The storage directory /workdir/hadoop-ozone/integration-test/target/test-dir/MiniOzoneClusterImpl-182b0ece-7cb3-4e42-b7d3-89937cdb8567/datanode-1/data/ratis/0c74dcf3-df49-45d9-a3f5-f2fc48003ed7 does not exist. Creating ...
2019-10-11 03:05:39,665 [pool-383-thread-1] INFO  server.RaftServerConfigKeys (ConfUtils.java:logGet(43)) - raft.server.log.corruption.policy = EXCEPTION (default)
2019-10-11 03:05:39,665 [pool-403-thread-1] INFO  server.RaftServerConfigKeys (ConfUtils.java:logGet(43)) - raft.server.rpcslowness.timeout = 120s (custom)
2019-10-11 03:05:39,666 [pool-383-thread-1] INFO  storage.RaftStorageDirectory (RaftStorageDirectory.java:analyzeStorage(246)) - The storage directory /workdir/hadoop-ozone/integration-test/target/test-dir/MiniOzoneClusterImpl-182b0ece-7cb3-4e42-b7d3-89937cdb8567/datanode-0/data/ratis/0c74dcf3-df49-45d9-a3f5-f2fc48003ed7 does not exist. Creating ...
2019-10-11 03:05:39,666 [pool-403-thread-1] INFO  server.RaftServerConfigKeys (ConfUtils.java:logGet(43)) - raft.server.sleep.deviation.threshold = 300 (default)
2019-10-11 03:05:39,666 [pool-403-thread-1] INFO  server.RaftServerConfigKeys (ConfUtils.java:logGet(43)) - raft.server.log.appender.install.snapshot.enabled = false (custom)
2019-10-11 03:05:39,666 [pool-403-thread-1] INFO  impl.RaftServerImpl (ServerState.java:<init>(103)) - fa720458-5a32-4aec-b6c3-6894ebe978b9@group-F2FC48003ED7: ConfigurationManager, init=-1: [60bf613d-afd3-4e54-9c95-8ee6268c28f5:192.168.164.250:41203, fa720458-5a32-4aec-b6c3-6894ebe978b9:192.168.164.250:35731, 82411aba-8f1d-4451-bfc0-982cb7e612b4:192.168.164.250:38407], old=null, confs=<EMPTY_MAP>
2019-10-11 03:05:39,666 [pool-403-thread-1] INFO  server.RaftServerConfigKeys (ConfUtils.java:logGet(43)) - raft.server.storage.dir = [/workdir/hadoop-ozone/integration-test/target/test-dir/MiniOzoneClusterImpl-182b0ece-7cb3-4e42-b7d3-89937cdb8567/datanode-2/data/ratis] (custom)
2019-10-11 03:05:39,666 [pool-403-thread-1] INFO  server.RaftServerConfigKeys (ConfUtils.java:logGet(43)) - raft.server.log.corruption.policy = EXCEPTION (default)
2019-10-11 03:05:39,667 [pool-403-thread-1] INFO  storage.RaftStorageDirectory (RaftStorageDirectory.java:analyzeStorage(246)) - The storage directory /workdir/hadoop-ozone/integration-test/target/test-dir/MiniOzoneClusterImpl-182b0ece-7cb3-4e42-b7d3-89937cdb8567/datanode-2/data/ratis/0c74dcf3-df49-45d9-a3f5-f2fc48003ed7 does not exist. Creating ...
2019-10-11 03:05:39,687 [pool-393-thread-1] INFO  storage.RaftStorageDirectory (RaftStorageDirectory.java:tryLock(328)) - Lock on /workdir/hadoop-ozone/integration-test/target/test-dir/MiniOzoneClusterImpl-182b0ece-7cb3-4e42-b7d3-89937cdb8567/datanode-1/data/ratis/0c74dcf3-df49-45d9-a3f5-f2fc48003ed7/in_use.lock acquired by nodename 577@pr-hdds-2181-fvjjj-1641646571
2019-10-11 03:05:39,687 [pool-403-thread-1] INFO  storage.RaftStorageDirectory (RaftStorageDirectory.java:tryLock(328)) - Lock on /workdir/hadoop-ozone/integration-test/target/test-dir/MiniOzoneClusterImpl-182b0ece-7cb3-4e42-b7d3-89937cdb8567/datanode-2/data/ratis/0c74dcf3-df49-45d9-a3f5-f2fc48003ed7/in_use.lock acquired by nodename 577@pr-hdds-2181-fvjjj-1641646571
2019-10-11 03:05:39,687 [pool-383-thread-1] INFO  storage.RaftStorageDirectory (RaftStorageDirectory.java:tryLock(328)) - Lock on /workdir/hadoop-ozone/integration-test/target/test-dir/MiniOzoneClusterImpl-182b0ece-7cb3-4e42-b7d3-89937cdb8567/datanode-0/data/ratis/0c74dcf3-df49-45d9-a3f5-f2fc48003ed7/in_use.lock acquired by nodename 577@pr-hdds-2181-fvjjj-1641646571
2019-10-11 03:05:39,700 [pool-383-thread-1] INFO  storage.RaftStorage (RaftStorage.java:format(84)) - Storage directory /workdir/hadoop-ozone/integration-test/target/test-dir/MiniOzoneClusterImpl-182b0ece-7cb3-4e42-b7d3-89937cdb8567/datanode-0/data/ratis/0c74dcf3-df49-45d9-a3f5-f2fc48003ed7 has been successfully formatted.
2019-10-11 03:05:39,701 [pool-403-thread-1] INFO  storage.RaftStorage (RaftStorage.java:format(84)) - Storage directory /workdir/hadoop-ozone/integration-test/target/test-dir/MiniOzoneClusterImpl-182b0ece-7cb3-4e42-b7d3-89937cdb8567/datanode-2/data/ratis/0c74dcf3-df49-45d9-a3f5-f2fc48003ed7 has been successfully formatted.
2019-10-11 03:05:39,700 [pool-393-thread-1] INFO  storage.RaftStorage (RaftStorage.java:format(84)) - Storage directory /workdir/hadoop-ozone/integration-test/target/test-dir/MiniOzoneClusterImpl-182b0ece-7cb3-4e42-b7d3-89937cdb8567/datanode-1/data/ratis/0c74dcf3-df49-45d9-a3f5-f2fc48003ed7 has been successfully formatted.
2019-10-11 03:05:39,701 [pool-383-thread-1] INFO  ratis.ContainerStateMachine (ContainerStateMachine.java:loadSnapshot(231)) - group-F2FC48003ED7: The snapshot info is null. Setting the last applied indexto:(t:0, i:~)
2019-10-11 03:05:39,701 [pool-393-thread-1] INFO  ratis.ContainerStateMachine (ContainerStateMachine.java:loadSnapshot(231)) - group-F2FC48003ED7: The snapshot info is null. Setting the last applied indexto:(t:0, i:~)
2019-10-11 03:05:39,701 [pool-403-thread-1] INFO  ratis.ContainerStateMachine (ContainerStateMachine.java:loadSnapshot(231)) - group-F2FC48003ED7: The snapshot info is null. Setting the last applied indexto:(t:0, i:~)
2019-10-11 03:05:39,701 [pool-393-thread-1] INFO  server.RaftServerConfigKeys (ConfUtils.java:logGet(43)) - raft.server.notification.no-leader.timeout = 120s (custom)
2019-10-11 03:05:39,701 [pool-383-thread-1] INFO  server.RaftServerConfigKeys (ConfUtils.java:logGet(43)) - raft.server.notification.no-leader.timeout = 120s (custom)
2019-10-11 03:05:39,702 [pool-393-thread-1] INFO  server.RaftServerConfigKeys (ConfUtils.java:logGet(43)) - raft.server.log.use.memory = false (default)
2019-10-11 03:05:39,701 [pool-403-thread-1] INFO  server.RaftServerConfigKeys (ConfUtils.java:logGet(43)) - raft.server.notification.no-leader.timeout = 120s (custom)
2019-10-11 03:05:39,702 [pool-393-thread-1] INFO  server.RaftServerConfigKeys (ConfUtils.java:logGet(43)) - raft.server.log.purge.gap = 1000000 (custom)
2019-10-11 03:05:39,702 [pool-383-thread-1] INFO  server.RaftServerConfigKeys (ConfUtils.java:logGet(43)) - raft.server.log.use.memory = false (default)
2019-10-11 03:05:39,702 [pool-393-thread-1] INFO  server.RaftServerConfigKeys (ConfUtils.java:logGet(43)) - raft.server.log.appender.buffer.byte-limit = 33554432 (custom)
2019-10-11 03:05:39,702 [pool-403-thread-1] INFO  server.RaftServerConfigKeys (ConfUtils.java:logGet(43)) - raft.server.log.use.memory = false (default)
2019-10-11 03:05:39,702 [pool-393-thread-1] INFO  server.RaftServerConfigKeys (ConfUtils.java:logGet(43)) - raft.server.log.segment.size.max = 1048576 (custom)
2019-10-11 03:05:39,702 [pool-383-thread-1] INFO  server.RaftServerConfigKeys (ConfUtils.java:logGet(43)) - raft.server.log.purge.gap = 1000000 (custom)
2019-10-11 03:05:39,703 [pool-393-thread-1] INFO  server.RaftServerConfigKeys (ConfUtils.java:logGet(43)) - raft.server.log.segment.cache.num.max = 2 (custom)
2019-10-11 03:05:39,702 [pool-403-thread-1] INFO  server.RaftServerConfigKeys (ConfUtils.java:logGet(43)) - raft.server.log.purge.gap = 1000000 (custom)
2019-10-11 03:05:39,703 [pool-393-thread-1] INFO  segmented.SegmentedRaftLogWorker (SegmentedRaftLogWorker.java:<init>(173)) - new 82411aba-8f1d-4451-bfc0-982cb7e612b4@group-F2FC48003ED7-SegmentedRaftLogWorker for RaftStorage:Storage Directory /workdir/hadoop-ozone/integration-test/target/test-dir/MiniOzoneClusterImpl-182b0ece-7cb3-4e42-b7d3-89937cdb8567/datanode-1/data/ratis/0c74dcf3-df49-45d9-a3f5-f2fc48003ed7
2019-10-11 03:05:39,703 [pool-383-thread-1] INFO  server.RaftServerConfigKeys (ConfUtils.java:logGet(43)) - raft.server.log.appender.buffer.byte-limit = 33554432 (custom)
2019-10-11 03:05:39,703 [pool-393-thread-1] INFO  server.RaftServerConfigKeys (ConfUtils.java:logGet(43)) - raft.server.log.queue.byte-limit = 2147483647 (custom)
2019-10-11 03:05:39,703 [pool-403-thread-1] INFO  server.RaftServerConfigKeys (ConfUtils.java:logGet(43)) - raft.server.log.appender.buffer.byte-limit = 33554432 (custom)
2019-10-11 03:05:39,703 [pool-393-thread-1] INFO  server.RaftServerConfigKeys (ConfUtils.java:logGet(43)) - raft.server.log.queue.element-limit = 1024 (custom)
2019-10-11 03:05:39,703 [pool-383-thread-1] INFO  server.RaftServerConfigKeys (ConfUtils.java:logGet(43)) - raft.server.log.segment.size.max = 1048576 (custom)
2019-10-11 03:05:39,704 [pool-393-thread-1] INFO  server.RaftServerConfigKeys (ConfUtils.java:logGet(43)) - raft.server.log.segment.size.max = 1048576 (custom)
2019-10-11 03:05:39,704 [pool-393-thread-1] INFO  server.RaftServerConfigKeys (ConfUtils.java:logGet(43)) - raft.server.log.preallocated.size = 16384 (custom)
2019-10-11 03:05:39,703 [pool-403-thread-1] INFO  server.RaftServerConfigKeys (ConfUtils.java:logGet(43)) - raft.server.log.segment.size.max = 1048576 (custom)
2019-10-11 03:05:39,704 [pool-393-thread-1] INFO  server.RaftServerConfigKeys (ConfUtils.java:logGet(43)) - raft.server.log.write.buffer.size = 33554432 (custom)
2019-10-11 03:05:39,704 [pool-383-thread-1] INFO  server.RaftServerConfigKeys (ConfUtils.java:logGet(43)) - raft.server.log.segment.cache.num.max = 2 (custom)
2019-10-11 03:05:39,704 [pool-393-thread-1] INFO  server.RaftServerConfigKeys (ConfUtils.java:logGet(43)) - raft.server.log.force.sync.num = 128 (default)
2019-10-11 03:05:39,704 [pool-383-thread-1] INFO  segmented.SegmentedRaftLogWorker (SegmentedRaftLogWorker.java:<init>(173)) - new 60bf613d-afd3-4e54-9c95-8ee6268c28f5@group-F2FC48003ED7-SegmentedRaftLogWorker for RaftStorage:Storage Directory /workdir/hadoop-ozone/integration-test/target/test-dir/MiniOzoneClusterImpl-182b0ece-7cb3-4e42-b7d3-89937cdb8567/datanode-0/data/ratis/0c74dcf3-df49-45d9-a3f5-f2fc48003ed7
2019-10-11 03:05:39,704 [pool-393-thread-1] INFO  server.RaftServerConfigKeys (ConfUtils.java:logGet(43)) - raft.server.log.statemachine.data.sync = true (default)
2019-10-11 03:05:39,705 [pool-383-thread-1] INFO  server.RaftServerConfigKeys (ConfUtils.java:logGet(43)) - raft.server.log.queue.byte-limit = 2147483647 (custom)
2019-10-11 03:05:39,705 [pool-393-thread-1] INFO  server.RaftServerConfigKeys (ConfUtils.java:logGet(43)) - raft.server.log.statemachine.data.sync.timeout = 10s (default)
2019-10-11 03:05:39,705 [pool-383-thread-1] INFO  server.RaftServerConfigKeys (ConfUtils.java:logGet(43)) - raft.server.log.queue.element-limit = 1024 (custom)
2019-10-11 03:05:39,705 [pool-393-thread-1] INFO  server.RaftServerConfigKeys (ConfUtils.java:logGet(43)) - raft.server.log.statemachine.data.sync.timeout.retry = -1 (default)
2019-10-11 03:05:39,705 [pool-383-thread-1] INFO  server.RaftServerConfigKeys (ConfUtils.java:logGet(43)) - raft.server.log.segment.size.max = 1048576 (custom)
2019-10-11 03:05:39,705 [pool-393-thread-1] INFO  server.RaftServerConfigKeys (ConfUtils.java:logGet(43)) - raft.server.log.statemachine.data.caching.enabled = true (custom)
2019-10-11 03:05:39,705 [pool-383-thread-1] INFO  server.RaftServerConfigKeys (ConfUtils.java:logGet(43)) - raft.server.log.preallocated.size = 16384 (custom)
2019-10-11 03:05:39,705 [pool-383-thread-1] INFO  server.RaftServerConfigKeys (ConfUtils.java:logGet(43)) - raft.server.log.write.buffer.size = 33554432 (custom)
2019-10-11 03:05:39,706 [pool-383-thread-1] INFO  server.RaftServerConfigKeys (ConfUtils.java:logGet(43)) - raft.server.log.force.sync.num = 128 (default)
2019-10-11 03:05:39,706 [pool-393-thread-1] INFO  segmented.SegmentedRaftLogWorker (SegmentedRaftLogWorker.java:lambda$new$0(128)) - 82411aba-8f1d-4451-bfc0-982cb7e612b4@group-F2FC48003ED7-SegmentedRaftLogWorker: flushIndex: setUnconditionally 0 -> -1
2019-10-11 03:05:39,706 [pool-383-thread-1] INFO  server.RaftServerConfigKeys (ConfUtils.java:logGet(43)) - raft.server.log.statemachine.data.sync = true (default)
2019-10-11 03:05:39,706 [pool-383-thread-1] INFO  server.RaftServerConfigKeys (ConfUtils.java:logGet(43)) - raft.server.log.statemachine.data.sync.timeout = 10s (default)
2019-10-11 03:05:39,706 [pool-393-thread-1] INFO  server.RaftServerConfigKeys (ConfUtils.java:logGet(43)) - raft.server.snapshot.auto.trigger.enabled = true (custom)
2019-10-11 03:05:39,706 [pool-383-thread-1] INFO  server.RaftServerConfigKeys (ConfUtils.java:logGet(43)) - raft.server.log.statemachine.data.sync.timeout.retry = -1 (default)
2019-10-11 03:05:39,706 [pool-403-thread-1] INFO  server.RaftServerConfigKeys (ConfUtils.java:logGet(43)) - raft.server.log.segment.cache.num.max = 2 (custom)
2019-10-11 03:05:39,706 [pool-393-thread-1] INFO  server.RaftServerConfigKeys (ConfUtils.java:logGet(43)) - raft.server.snapshot.auto.trigger.threshold = 10000 (custom)
2019-10-11 03:05:39,706 [pool-403-thread-1] INFO  segmented.SegmentedRaftLogWorker (SegmentedRaftLogWorker.java:<init>(173)) - new fa720458-5a32-4aec-b6c3-6894ebe978b9@group-F2FC48003ED7-SegmentedRaftLogWorker for RaftStorage:Storage Directory /workdir/hadoop-ozone/integration-test/target/test-dir/MiniOzoneClusterImpl-182b0ece-7cb3-4e42-b7d3-89937cdb8567/datanode-2/data/ratis/0c74dcf3-df49-45d9-a3f5-f2fc48003ed7
2019-10-11 03:05:39,706 [pool-383-thread-1] INFO  server.RaftServerConfigKeys (ConfUtils.java:logGet(43)) - raft.server.log.statemachine.data.caching.enabled = true (custom)
2019-10-11 03:05:39,707 [pool-403-thread-1] INFO  server.RaftServerConfigKeys (ConfUtils.java:logGet(43)) - raft.server.log.queue.byte-limit = 2147483647 (custom)
2019-10-11 03:05:39,707 [pool-393-thread-1] INFO  server.RaftServerConfigKeys (ConfUtils.java:logGet(43)) - raft.server.snapshot.retention.file.num = 5 (custom)
2019-10-11 03:05:39,707 [pool-403-thread-1] INFO  server.RaftServerConfigKeys (ConfUtils.java:logGet(43)) - raft.server.log.queue.element-limit = 1024 (custom)
2019-10-11 03:05:39,707 [pool-383-thread-1] INFO  segmented.SegmentedRaftLogWorker (SegmentedRaftLogWorker.java:lambda$new$0(128)) - 60bf613d-afd3-4e54-9c95-8ee6268c28f5@group-F2FC48003ED7-SegmentedRaftLogWorker: flushIndex: setUnconditionally 0 -> -1
2019-10-11 03:05:39,707 [pool-403-thread-1] INFO  server.RaftServerConfigKeys (ConfUtils.java:logGet(43)) - raft.server.log.segment.size.max = 1048576 (custom)
2019-10-11 03:05:39,707 [pool-393-thread-1] INFO  server.RaftServerConfigKeys (ConfUtils.java:logGet(43)) - raft.server.retrycache.expirytime = 600000ms (custom)
2019-10-11 03:05:39,707 [pool-403-thread-1] INFO  server.RaftServerConfigKeys (ConfUtils.java:logGet(43)) - raft.server.log.preallocated.size = 16384 (custom)
2019-10-11 03:05:39,707 [pool-383-thread-1] INFO  server.RaftServerConfigKeys (ConfUtils.java:logGet(43)) - raft.server.snapshot.auto.trigger.enabled = true (custom)
2019-10-11 03:05:39,708 [pool-403-thread-1] INFO  server.RaftServerConfigKeys (ConfUtils.java:logGet(43)) - raft.server.log.write.buffer.size = 33554432 (custom)
2019-10-11 03:05:39,708 [pool-383-thread-1] INFO  server.RaftServerConfigKeys (ConfUtils.java:logGet(43)) - raft.server.snapshot.auto.trigger.threshold = 10000 (custom)
2019-10-11 03:05:39,708 [pool-403-thread-1] INFO  server.RaftServerConfigKeys (ConfUtils.java:logGet(43)) - raft.server.log.force.sync.num = 128 (default)
2019-10-11 03:05:39,708 [pool-383-thread-1] INFO  server.RaftServerConfigKeys (ConfUtils.java:logGet(43)) - raft.server.snapshot.retention.file.num = 5 (custom)
2019-10-11 03:05:39,708 [pool-403-thread-1] INFO  server.RaftServerConfigKeys (ConfUtils.java:logGet(43)) - raft.server.log.statemachine.data.sync = true (default)
2019-10-11 03:05:39,708 [pool-383-thread-1] INFO  server.RaftServerConfigKeys (ConfUtils.java:logGet(43)) - raft.server.retrycache.expirytime = 600000ms (custom)
2019-10-11 03:05:39,708 [pool-403-thread-1] INFO  server.RaftServerConfigKeys (ConfUtils.java:logGet(43)) - raft.server.log.statemachine.data.sync.timeout = 10s (default)
2019-10-11 03:05:39,709 [pool-403-thread-1] INFO  server.RaftServerConfigKeys (ConfUtils.java:logGet(43)) - raft.server.log.statemachine.data.sync.timeout.retry = -1 (default)
2019-10-11 03:05:39,709 [pool-403-thread-1] INFO  server.RaftServerConfigKeys (ConfUtils.java:logGet(43)) - raft.server.log.statemachine.data.caching.enabled = true (custom)
2019-10-11 03:05:39,710 [pool-393-thread-1] INFO  impl.RaftServerImpl (RaftServerImpl.java:start(181)) - 82411aba-8f1d-4451-bfc0-982cb7e612b4@group-F2FC48003ED7: start as a follower, conf=-1: [60bf613d-afd3-4e54-9c95-8ee6268c28f5:192.168.164.250:41203, fa720458-5a32-4aec-b6c3-6894ebe978b9:192.168.164.250:35731, 82411aba-8f1d-4451-bfc0-982cb7e612b4:192.168.164.250:38407], old=null
2019-10-11 03:05:39,710 [pool-393-thread-1] INFO  impl.RaftServerImpl (RaftServerImpl.java:setRole(170)) - 82411aba-8f1d-4451-bfc0-982cb7e612b4@group-F2FC48003ED7: changes role from      null to FOLLOWER at term 0 for startAsFollower
2019-10-11 03:05:39,710 [pool-403-thread-1] INFO  segmented.SegmentedRaftLogWorker (SegmentedRaftLogWorker.java:lambda$new$0(128)) - fa720458-5a32-4aec-b6c3-6894ebe978b9@group-F2FC48003ED7-SegmentedRaftLogWorker: flushIndex: setUnconditionally 0 -> -1
2019-10-11 03:05:39,710 [pool-383-thread-1] INFO  impl.RaftServerImpl (RaftServerImpl.java:start(181)) - 60bf613d-afd3-4e54-9c95-8ee6268c28f5@group-F2FC48003ED7: start as a follower, conf=-1: [60bf613d-afd3-4e54-9c95-8ee6268c28f5:192.168.164.250:41203, fa720458-5a32-4aec-b6c3-6894ebe978b9:192.168.164.250:35731, 82411aba-8f1d-4451-bfc0-982cb7e612b4:192.168.164.250:38407], old=null
2019-10-11 03:05:39,710 [pool-393-thread-1] INFO  impl.RoleInfo (RoleInfo.java:updateAndGet(143)) - 82411aba-8f1d-4451-bfc0-982cb7e612b4: start FollowerState
2019-10-11 03:05:39,710 [pool-383-thread-1] INFO  impl.RaftServerImpl (RaftServerImpl.java:setRole(170)) - 60bf613d-afd3-4e54-9c95-8ee6268c28f5@group-F2FC48003ED7: changes role from      null to FOLLOWER at term 0 for startAsFollower
2019-10-11 03:05:39,710 [pool-403-thread-1] INFO  server.RaftServerConfigKeys (ConfUtils.java:logGet(43)) - raft.server.snapshot.auto.trigger.enabled = true (custom)
2019-10-11 03:05:39,710 [pool-383-thread-1] INFO  impl.RoleInfo (RoleInfo.java:updateAndGet(143)) - 60bf613d-afd3-4e54-9c95-8ee6268c28f5: start FollowerState
2019-10-11 03:05:39,711 [pool-403-thread-1] INFO  server.RaftServerConfigKeys (ConfUtils.java:logGet(43)) - raft.server.snapshot.auto.trigger.threshold = 10000 (custom)
2019-10-11 03:05:39,711 [pool-393-thread-1] INFO  util.JmxRegister (JmxRegister.java:tryRegister(44)) - Successfully registered JMX Bean with object name Ratis:service=RaftServer,group=group-F2FC48003ED7,id=82411aba-8f1d-4451-bfc0-982cb7e612b4
2019-10-11 03:05:39,711 [pool-403-thread-1] INFO  server.RaftServerConfigKeys (ConfUtils.java:logGet(43)) - raft.server.snapshot.retention.file.num = 5 (custom)
2019-10-11 03:05:39,711 [pool-383-thread-1] INFO  util.JmxRegister (JmxRegister.java:tryRegister(44)) - Successfully registered JMX Bean with object name Ratis:service=RaftServer,group=group-F2FC48003ED7,id=60bf613d-afd3-4e54-9c95-8ee6268c28f5
2019-10-11 03:05:39,711 [pool-403-thread-1] INFO  server.RaftServerConfigKeys (ConfUtils.java:logGet(43)) - raft.server.retrycache.expirytime = 600000ms (custom)
2019-10-11 03:05:39,715 [pool-403-thread-1] INFO  impl.RaftServerImpl (RaftServerImpl.java:start(181)) - fa720458-5a32-4aec-b6c3-6894ebe978b9@group-F2FC48003ED7: start as a follower, conf=-1: [60bf613d-afd3-4e54-9c95-8ee6268c28f5:192.168.164.250:41203, fa720458-5a32-4aec-b6c3-6894ebe978b9:192.168.164.250:35731, 82411aba-8f1d-4451-bfc0-982cb7e612b4:192.168.164.250:38407], old=null
2019-10-11 03:05:39,715 [pool-403-thread-1] INFO  impl.RaftServerImpl (RaftServerImpl.java:setRole(170)) - fa720458-5a32-4aec-b6c3-6894ebe978b9@group-F2FC48003ED7: changes role from      null to FOLLOWER at term 0 for startAsFollower
2019-10-11 03:05:39,715 [pool-403-thread-1] INFO  impl.RoleInfo (RoleInfo.java:updateAndGet(143)) - fa720458-5a32-4aec-b6c3-6894ebe978b9: start FollowerState
2019-10-11 03:05:39,716 [pool-403-thread-1] INFO  util.JmxRegister (JmxRegister.java:tryRegister(44)) - Successfully registered JMX Bean with object name Ratis:service=RaftServer,group=group-F2FC48003ED7,id=fa720458-5a32-4aec-b6c3-6894ebe978b9
2019-10-11 03:05:39,719 [RatisPipelineUtilsThread] INFO  pipeline.PipelineStateManager (PipelineStateManager.java:addPipeline(56)) - Created pipeline Pipeline[ Id: 0c74dcf3-df49-45d9-a3f5-f2fc48003ed7, Nodes: fa720458-5a32-4aec-b6c3-6894ebe978b9{ip: 192.168.164.250, host: pr-hdds-2181-fvjjj-1641646571, networkLocation: /default-rack, certSerialId: null}82411aba-8f1d-4451-bfc0-982cb7e612b4{ip: 192.168.164.250, host: pr-hdds-2181-fvjjj-1641646571, networkLocation: /default-rack, certSerialId: null}60bf613d-afd3-4e54-9c95-8ee6268c28f5{ip: 192.168.164.250, host: pr-hdds-2181-fvjjj-1641646571, networkLocation: /default-rack, certSerialId: null}, Type:RATIS, Factor:THREE, State:OPEN]
2019-10-11 03:05:39,727 [IPC Server handler 3 on 36840] INFO  net.NetworkTopology (NetworkTopologyImpl.java:add(111)) - Added a new node: /default-rack/eb2831d7-0f74-4cd2-a555-987bfa41a870
2019-10-11 03:05:39,727 [IPC Server handler 3 on 36840] INFO  node.SCMNodeManager (SCMNodeManager.java:register(268)) - Registered Data node : eb2831d7-0f74-4cd2-a555-987bfa41a870{ip: 192.168.164.250, host: pr-hdds-2181-fvjjj-1641646571, networkLocation: /default-rack, certSerialId: null}
2019-10-11 03:05:39,733 [grpc-default-executor-6] INFO  impl.RaftServerProxy (RaftServerProxy.java:addNew(89)) - fa720458-5a32-4aec-b6c3-6894ebe978b9: addNew group-50638E578C35:[fa720458-5a32-4aec-b6c3-6894ebe978b9:192.168.164.250:35731] returns group-50638E578C35:java.util.concurrent.CompletableFuture@37155729[Not completed]
2019-10-11 03:05:39,735 [pool-403-thread-1] INFO  impl.RaftServerImpl (RaftServerImpl.java:<init>(95)) - fa720458-5a32-4aec-b6c3-6894ebe978b9: new RaftServerImpl for group-50638E578C35:[fa720458-5a32-4aec-b6c3-6894ebe978b9:192.168.164.250:35731] with ContainerStateMachine:uninitialized
2019-10-11 03:05:39,735 [pool-403-thread-1] INFO  server.RaftServerConfigKeys (ConfUtils.java:logGet(43)) - raft.server.rpc.timeout.min = 5s (custom)
2019-10-11 03:05:39,735 [pool-403-thread-1] INFO  server.RaftServerConfigKeys (ConfUtils.java:logGet(43)) - raft.server.rpc.timeout.max = 5200ms (custom)
2019-10-11 03:05:39,735 [pool-403-thread-1] INFO  server.RaftServerConfigKeys (ConfUtils.java:logGet(43)) - raft.server.rpcslowness.timeout = 120s (custom)
2019-10-11 03:05:39,735 [pool-403-thread-1] INFO  server.RaftServerConfigKeys (ConfUtils.java:logGet(43)) - raft.server.sleep.deviation.threshold = 300 (default)
2019-10-11 03:05:39,735 [pool-403-thread-1] INFO  server.RaftServerConfigKeys (ConfUtils.java:logGet(43)) - raft.server.log.appender.install.snapshot.enabled = false (custom)
2019-10-11 03:05:39,735 [pool-403-thread-1] INFO  impl.RaftServerImpl (ServerState.java:<init>(103)) - fa720458-5a32-4aec-b6c3-6894ebe978b9@group-50638E578C35: ConfigurationManager, init=-1: [fa720458-5a32-4aec-b6c3-6894ebe978b9:192.168.164.250:35731], old=null, confs=<EMPTY_MAP>
2019-10-11 03:05:39,736 [pool-403-thread-1] INFO  server.RaftServerConfigKeys (ConfUtils.java:logGet(43)) - raft.server.storage.dir = [/workdir/hadoop-ozone/integration-test/target/test-dir/MiniOzoneClusterImpl-182b0ece-7cb3-4e42-b7d3-89937cdb8567/datanode-2/data/ratis] (custom)
2019-10-11 03:05:39,736 [pool-403-thread-1] INFO  server.RaftServerConfigKeys (ConfUtils.java:logGet(43)) - raft.server.log.corruption.policy = EXCEPTION (default)
2019-10-11 03:05:39,736 [pool-403-thread-1] INFO  storage.RaftStorageDirectory (RaftStorageDirectory.java:analyzeStorage(246)) - The storage directory /workdir/hadoop-ozone/integration-test/target/test-dir/MiniOzoneClusterImpl-182b0ece-7cb3-4e42-b7d3-89937cdb8567/datanode-2/data/ratis/ebdf407d-0bcd-4c57-80ef-50638e578c35 does not exist. Creating ...
2019-10-11 03:05:39,758 [pool-403-thread-1] INFO  storage.RaftStorageDirectory (RaftStorageDirectory.java:tryLock(328)) - Lock on /workdir/hadoop-ozone/integration-test/target/test-dir/MiniOzoneClusterImpl-182b0ece-7cb3-4e42-b7d3-89937cdb8567/datanode-2/data/ratis/ebdf407d-0bcd-4c57-80ef-50638e578c35/in_use.lock acquired by nodename 577@pr-hdds-2181-fvjjj-1641646571
2019-10-11 03:05:39,763 [pool-403-thread-1] INFO  storage.RaftStorage (RaftStorage.java:format(84)) - Storage directory /workdir/hadoop-ozone/integration-test/target/test-dir/MiniOzoneClusterImpl-182b0ece-7cb3-4e42-b7d3-89937cdb8567/datanode-2/data/ratis/ebdf407d-0bcd-4c57-80ef-50638e578c35 has been successfully formatted.
2019-10-11 03:05:39,763 [pool-403-thread-1] INFO  ratis.ContainerStateMachine (ContainerStateMachine.java:loadSnapshot(231)) - group-50638E578C35: The snapshot info is null. Setting the last applied indexto:(t:0, i:~)
2019-10-11 03:05:39,764 [pool-403-thread-1] INFO  server.RaftServerConfigKeys (ConfUtils.java:logGet(43)) - raft.server.notification.no-leader.timeout = 120s (custom)
2019-10-11 03:05:39,764 [pool-403-thread-1] INFO  server.RaftServerConfigKeys (ConfUtils.java:logGet(43)) - raft.server.log.use.memory = false (default)
2019-10-11 03:05:39,764 [pool-403-thread-1] INFO  server.RaftServerConfigKeys (ConfUtils.java:logGet(43)) - raft.server.log.purge.gap = 1000000 (custom)
2019-10-11 03:05:39,764 [pool-403-thread-1] INFO  server.RaftServerConfigKeys (ConfUtils.java:logGet(43)) - raft.server.log.appender.buffer.byte-limit = 33554432 (custom)
2019-10-11 03:05:39,764 [pool-403-thread-1] INFO  server.RaftServerConfigKeys (ConfUtils.java:logGet(43)) - raft.server.log.segment.size.max = 1048576 (custom)
2019-10-11 03:05:39,764 [pool-403-thread-1] INFO  server.RaftServerConfigKeys (ConfUtils.java:logGet(43)) - raft.server.log.segment.cache.num.max = 2 (custom)
2019-10-11 03:05:39,764 [pool-403-thread-1] INFO  segmented.SegmentedRaftLogWorker (SegmentedRaftLogWorker.java:<init>(173)) - new fa720458-5a32-4aec-b6c3-6894ebe978b9@group-50638E578C35-SegmentedRaftLogWorker for RaftStorage:Storage Directory /workdir/hadoop-ozone/integration-test/target/test-dir/MiniOzoneClusterImpl-182b0ece-7cb3-4e42-b7d3-89937cdb8567/datanode-2/data/ratis/ebdf407d-0bcd-4c57-80ef-50638e578c35
2019-10-11 03:05:39,765 [pool-403-thread-1] INFO  server.RaftServerConfigKeys (ConfUtils.java:logGet(43)) - raft.server.log.queue.byte-limit = 2147483647 (custom)
2019-10-11 03:05:39,765 [pool-403-thread-1] INFO  server.RaftServerConfigKeys (ConfUtils.java:logGet(43)) - raft.server.log.queue.element-limit = 1024 (custom)
2019-10-11 03:05:39,765 [pool-403-thread-1] INFO  server.RaftServerConfigKeys (ConfUtils.java:logGet(43)) - raft.server.log.segment.size.max = 1048576 (custom)
2019-10-11 03:05:39,765 [pool-403-thread-1] INFO  server.RaftServerConfigKeys (ConfUtils.java:logGet(43)) - raft.server.log.preallocated.size = 16384 (custom)
2019-10-11 03:05:39,765 [pool-403-thread-1] INFO  server.RaftServerConfigKeys (ConfUtils.java:logGet(43)) - raft.server.log.write.buffer.size = 33554432 (custom)
2019-10-11 03:05:39,765 [pool-403-thread-1] INFO  server.RaftServerConfigKeys (ConfUtils.java:logGet(43)) - raft.server.log.force.sync.num = 128 (default)
2019-10-11 03:05:39,765 [pool-403-thread-1] INFO  server.RaftServerConfigKeys (ConfUtils.java:logGet(43)) - raft.server.log.statemachine.data.sync = true (default)
2019-10-11 03:05:39,765 [pool-403-thread-1] INFO  server.RaftServerConfigKeys (ConfUtils.java:logGet(43)) - raft.server.log.statemachine.data.sync.timeout = 10s (default)
2019-10-11 03:05:39,766 [pool-403-thread-1] INFO  server.RaftServerConfigKeys (ConfUtils.java:logGet(43)) - raft.server.log.statemachine.data.sync.timeout.retry = -1 (default)
2019-10-11 03:05:39,766 [pool-403-thread-1] INFO  server.RaftServerConfigKeys (ConfUtils.java:logGet(43)) - raft.server.log.statemachine.data.caching.enabled = true (custom)
2019-10-11 03:05:39,766 [pool-403-thread-1] INFO  segmented.SegmentedRaftLogWorker (SegmentedRaftLogWorker.java:lambda$new$0(128)) - fa720458-5a32-4aec-b6c3-6894ebe978b9@group-50638E578C35-SegmentedRaftLogWorker: flushIndex: setUnconditionally 0 -> -1
2019-10-11 03:05:39,766 [pool-403-thread-1] INFO  server.RaftServerConfigKeys (ConfUtils.java:logGet(43)) - raft.server.snapshot.auto.trigger.enabled = true (custom)
2019-10-11 03:05:39,767 [pool-403-thread-1] INFO  server.RaftServerConfigKeys (ConfUtils.java:logGet(43)) - raft.server.snapshot.auto.trigger.threshold = 10000 (custom)
2019-10-11 03:05:39,767 [pool-403-thread-1] INFO  server.RaftServerConfigKeys (ConfUtils.java:logGet(43)) - raft.server.snapshot.retention.file.num = 5 (custom)
2019-10-11 03:05:39,767 [pool-403-thread-1] INFO  server.RaftServerConfigKeys (ConfUtils.java:logGet(43)) - raft.server.retrycache.expirytime = 600000ms (custom)
2019-10-11 03:05:39,768 [pool-403-thread-1] INFO  impl.RaftServerImpl (RaftServerImpl.java:start(181)) - fa720458-5a32-4aec-b6c3-6894ebe978b9@group-50638E578C35: start as a follower, conf=-1: [fa720458-5a32-4aec-b6c3-6894ebe978b9:192.168.164.250:35731], old=null
2019-10-11 03:05:39,769 [pool-403-thread-1] INFO  impl.RaftServerImpl (RaftServerImpl.java:setRole(170)) - fa720458-5a32-4aec-b6c3-6894ebe978b9@group-50638E578C35: changes role from      null to FOLLOWER at term 0 for startAsFollower
2019-10-11 03:05:39,769 [pool-403-thread-1] INFO  impl.RoleInfo (RoleInfo.java:updateAndGet(143)) - fa720458-5a32-4aec-b6c3-6894ebe978b9: start FollowerState
2019-10-11 03:05:39,769 [pool-403-thread-1] INFO  util.JmxRegister (JmxRegister.java:tryRegister(44)) - Successfully registered JMX Bean with object name Ratis:service=RaftServer,group=group-50638E578C35,id=fa720458-5a32-4aec-b6c3-6894ebe978b9
2019-10-11 03:05:39,772 [RatisPipelineUtilsThread] INFO  pipeline.PipelineStateManager (PipelineStateManager.java:addPipeline(56)) - Created pipeline Pipeline[ Id: ebdf407d-0bcd-4c57-80ef-50638e578c35, Nodes: fa720458-5a32-4aec-b6c3-6894ebe978b9{ip: 192.168.164.250, host: pr-hdds-2181-fvjjj-1641646571, networkLocation: /default-rack, certSerialId: null}, Type:RATIS, Factor:ONE, State:OPEN]
2019-10-11 03:05:39,779 [grpc-default-executor-6] INFO  impl.RaftServerProxy (RaftServerProxy.java:addNew(89)) - eb2831d7-0f74-4cd2-a555-987bfa41a870: addNew group-90A89874800F:[eb2831d7-0f74-4cd2-a555-987bfa41a870:192.168.164.250:38687] returns group-90A89874800F:java.util.concurrent.CompletableFuture@376140c[Not completed]
2019-10-11 03:05:39,780 [pool-413-thread-1] INFO  impl.RaftServerImpl (RaftServerImpl.java:<init>(95)) - eb2831d7-0f74-4cd2-a555-987bfa41a870: new RaftServerImpl for group-90A89874800F:[eb2831d7-0f74-4cd2-a555-987bfa41a870:192.168.164.250:38687] with ContainerStateMachine:uninitialized
2019-10-11 03:05:39,780 [pool-413-thread-1] INFO  server.RaftServerConfigKeys (ConfUtils.java:logGet(43)) - raft.server.rpc.timeout.min = 5s (custom)
2019-10-11 03:05:39,780 [pool-413-thread-1] INFO  server.RaftServerConfigKeys (ConfUtils.java:logGet(43)) - raft.server.rpc.timeout.max = 5200ms (custom)
2019-10-11 03:05:39,780 [pool-413-thread-1] INFO  server.RaftServerConfigKeys (ConfUtils.java:logGet(43)) - raft.server.rpcslowness.timeout = 120s (custom)
2019-10-11 03:05:39,780 [pool-413-thread-1] INFO  server.RaftServerConfigKeys (ConfUtils.java:logGet(43)) - raft.server.sleep.deviation.threshold = 300 (default)
2019-10-11 03:05:39,780 [pool-413-thread-1] INFO  server.RaftServerConfigKeys (ConfUtils.java:logGet(43)) - raft.server.log.appender.install.snapshot.enabled = false (custom)
2019-10-11 03:05:39,780 [pool-413-thread-1] INFO  impl.RaftServerImpl (ServerState.java:<init>(103)) - eb2831d7-0f74-4cd2-a555-987bfa41a870@group-90A89874800F: ConfigurationManager, init=-1: [eb2831d7-0f74-4cd2-a555-987bfa41a870:192.168.164.250:38687], old=null, confs=<EMPTY_MAP>
2019-10-11 03:05:39,781 [pool-413-thread-1] INFO  server.RaftServerConfigKeys (ConfUtils.java:logGet(43)) - raft.server.storage.dir = [/workdir/hadoop-ozone/integration-test/target/test-dir/MiniOzoneClusterImpl-182b0ece-7cb3-4e42-b7d3-89937cdb8567/datanode-3/data/ratis] (custom)
2019-10-11 03:05:39,781 [pool-413-thread-1] INFO  server.RaftServerConfigKeys (ConfUtils.java:logGet(43)) - raft.server.log.corruption.policy = EXCEPTION (default)
2019-10-11 03:05:39,781 [pool-413-thread-1] INFO  storage.RaftStorageDirectory (RaftStorageDirectory.java:analyzeStorage(246)) - The storage directory /workdir/hadoop-ozone/integration-test/target/test-dir/MiniOzoneClusterImpl-182b0ece-7cb3-4e42-b7d3-89937cdb8567/datanode-3/data/ratis/62d93cc1-78d1-4756-bed6-90a89874800f does not exist. Creating ...
2019-10-11 03:05:39,785 [pool-413-thread-1] INFO  storage.RaftStorageDirectory (RaftStorageDirectory.java:tryLock(328)) - Lock on /workdir/hadoop-ozone/integration-test/target/test-dir/MiniOzoneClusterImpl-182b0ece-7cb3-4e42-b7d3-89937cdb8567/datanode-3/data/ratis/62d93cc1-78d1-4756-bed6-90a89874800f/in_use.lock acquired by nodename 577@pr-hdds-2181-fvjjj-1641646571
2019-10-11 03:05:39,810 [pool-413-thread-1] INFO  storage.RaftStorage (RaftStorage.java:format(84)) - Storage directory /workdir/hadoop-ozone/integration-test/target/test-dir/MiniOzoneClusterImpl-182b0ece-7cb3-4e42-b7d3-89937cdb8567/datanode-3/data/ratis/62d93cc1-78d1-4756-bed6-90a89874800f has been successfully formatted.
2019-10-11 03:05:39,811 [pool-413-thread-1] INFO  ratis.ContainerStateMachine (ContainerStateMachine.java:loadSnapshot(231)) - group-90A89874800F: The snapshot info is null. Setting the last applied indexto:(t:0, i:~)
2019-10-11 03:05:39,811 [pool-413-thread-1] INFO  server.RaftServerConfigKeys (ConfUtils.java:logGet(43)) - raft.server.notification.no-leader.timeout = 120s (custom)
2019-10-11 03:05:39,811 [pool-413-thread-1] INFO  server.RaftServerConfigKeys (ConfUtils.java:logGet(43)) - raft.server.log.use.memory = false (default)
2019-10-11 03:05:39,811 [pool-413-thread-1] INFO  server.RaftServerConfigKeys (ConfUtils.java:logGet(43)) - raft.server.log.purge.gap = 1000000 (custom)
2019-10-11 03:05:39,811 [pool-413-thread-1] INFO  server.RaftServerConfigKeys (ConfUtils.java:logGet(43)) - raft.server.log.appender.buffer.byte-limit = 33554432 (custom)
2019-10-11 03:05:39,811 [pool-413-thread-1] INFO  server.RaftServerConfigKeys (ConfUtils.java:logGet(43)) - raft.server.log.segment.size.max = 1048576 (custom)
2019-10-11 03:05:39,812 [IPC Server handler 4 on 36840] INFO  net.NetworkTopology (NetworkTopologyImpl.java:add(111)) - Added a new node: /default-rack/d49a7ebe-3f9f-4bbb-851d-549239a20f65
2019-10-11 03:05:39,812 [IPC Server handler 4 on 36840] INFO  node.SCMNodeManager (SCMNodeManager.java:register(268)) - Registered Data node : d49a7ebe-3f9f-4bbb-851d-549239a20f65{ip: 192.168.164.250, host: pr-hdds-2181-fvjjj-1641646571, networkLocation: /default-rack, certSerialId: null}
2019-10-11 03:05:39,813 [pool-413-thread-1] INFO  server.RaftServerConfigKeys (ConfUtils.java:logGet(43)) - raft.server.log.segment.cache.num.max = 2 (custom)
2019-10-11 03:05:39,813 [pool-413-thread-1] INFO  segmented.SegmentedRaftLogWorker (SegmentedRaftLogWorker.java:<init>(173)) - new eb2831d7-0f74-4cd2-a555-987bfa41a870@group-90A89874800F-SegmentedRaftLogWorker for RaftStorage:Storage Directory /workdir/hadoop-ozone/integration-test/target/test-dir/MiniOzoneClusterImpl-182b0ece-7cb3-4e42-b7d3-89937cdb8567/datanode-3/data/ratis/62d93cc1-78d1-4756-bed6-90a89874800f
2019-10-11 03:05:39,813 [pool-413-thread-1] INFO  server.RaftServerConfigKeys (ConfUtils.java:logGet(43)) - raft.server.log.queue.byte-limit = 2147483647 (custom)
2019-10-11 03:05:39,814 [pool-413-thread-1] INFO  server.RaftServerConfigKeys (ConfUtils.java:logGet(43)) - raft.server.log.queue.element-limit = 1024 (custom)
2019-10-11 03:05:39,814 [pool-413-thread-1] INFO  server.RaftServerConfigKeys (ConfUtils.java:logGet(43)) - raft.server.log.segment.size.max = 1048576 (custom)
2019-10-11 03:05:39,814 [pool-413-thread-1] INFO  server.RaftServerConfigKeys (ConfUtils.java:logGet(43)) - raft.server.log.preallocated.size = 16384 (custom)
2019-10-11 03:05:39,814 [pool-413-thread-1] INFO  server.RaftServerConfigKeys (ConfUtils.java:logGet(43)) - raft.server.log.write.buffer.size = 33554432 (custom)
2019-10-11 03:05:39,814 [pool-413-thread-1] INFO  server.RaftServerConfigKeys (ConfUtils.java:logGet(43)) - raft.server.log.force.sync.num = 128 (default)
2019-10-11 03:05:39,814 [pool-413-thread-1] INFO  server.RaftServerConfigKeys (ConfUtils.java:logGet(43)) - raft.server.log.statemachine.data.sync = true (default)
2019-10-11 03:05:39,814 [pool-413-thread-1] INFO  server.RaftServerConfigKeys (ConfUtils.java:logGet(43)) - raft.server.log.statemachine.data.sync.timeout = 10s (default)
2019-10-11 03:05:39,814 [pool-413-thread-1] INFO  server.RaftServerConfigKeys (ConfUtils.java:logGet(43)) - raft.server.log.statemachine.data.sync.timeout.retry = -1 (default)
2019-10-11 03:05:39,815 [pool-413-thread-1] INFO  server.RaftServerConfigKeys (ConfUtils.java:logGet(43)) - raft.server.log.statemachine.data.caching.enabled = true (custom)
2019-10-11 03:05:39,815 [pool-413-thread-1] INFO  segmented.SegmentedRaftLogWorker (SegmentedRaftLogWorker.java:lambda$new$0(128)) - eb2831d7-0f74-4cd2-a555-987bfa41a870@group-90A89874800F-SegmentedRaftLogWorker: flushIndex: setUnconditionally 0 -> -1
2019-10-11 03:05:39,815 [pool-413-thread-1] INFO  server.RaftServerConfigKeys (ConfUtils.java:logGet(43)) - raft.server.snapshot.auto.trigger.enabled = true (custom)
2019-10-11 03:05:39,815 [pool-413-thread-1] INFO  server.RaftServerConfigKeys (ConfUtils.java:logGet(43)) - raft.server.snapshot.auto.trigger.threshold = 10000 (custom)
2019-10-11 03:05:39,816 [pool-413-thread-1] INFO  server.RaftServerConfigKeys (ConfUtils.java:logGet(43)) - raft.server.snapshot.retention.file.num = 5 (custom)
2019-10-11 03:05:39,816 [pool-413-thread-1] INFO  server.RaftServerConfigKeys (ConfUtils.java:logGet(43)) - raft.server.retrycache.expirytime = 600000ms (custom)
2019-10-11 03:05:39,817 [pool-413-thread-1] INFO  impl.RaftServerImpl (RaftServerImpl.java:start(181)) - eb2831d7-0f74-4cd2-a555-987bfa41a870@group-90A89874800F: start as a follower, conf=-1: [eb2831d7-0f74-4cd2-a555-987bfa41a870:192.168.164.250:38687], old=null
2019-10-11 03:05:39,817 [pool-413-thread-1] INFO  impl.RaftServerImpl (RaftServerImpl.java:setRole(170)) - eb2831d7-0f74-4cd2-a555-987bfa41a870@group-90A89874800F: changes role from      null to FOLLOWER at term 0 for startAsFollower
2019-10-11 03:05:39,818 [pool-413-thread-1] INFO  impl.RoleInfo (RoleInfo.java:updateAndGet(143)) - eb2831d7-0f74-4cd2-a555-987bfa41a870: start FollowerState
2019-10-11 03:05:39,818 [pool-413-thread-1] INFO  util.JmxRegister (JmxRegister.java:tryRegister(44)) - Successfully registered JMX Bean with object name Ratis:service=RaftServer,group=group-90A89874800F,id=eb2831d7-0f74-4cd2-a555-987bfa41a870
2019-10-11 03:05:39,822 [RatisPipelineUtilsThread] INFO  pipeline.PipelineStateManager (PipelineStateManager.java:addPipeline(56)) - Created pipeline Pipeline[ Id: 62d93cc1-78d1-4756-bed6-90a89874800f, Nodes: eb2831d7-0f74-4cd2-a555-987bfa41a870{ip: 192.168.164.250, host: pr-hdds-2181-fvjjj-1641646571, networkLocation: /default-rack, certSerialId: null}, Type:RATIS, Factor:ONE, State:OPEN]
2019-10-11 03:05:39,830 [grpc-default-executor-6] INFO  impl.RaftServerProxy (RaftServerProxy.java:addNew(89)) - d49a7ebe-3f9f-4bbb-851d-549239a20f65: addNew group-5D6D7FF5357C:[d49a7ebe-3f9f-4bbb-851d-549239a20f65:192.168.164.250:41730] returns group-5D6D7FF5357C:java.util.concurrent.CompletableFuture@76f93f14[Not completed]
2019-10-11 03:05:39,831 [pool-423-thread-1] INFO  impl.RaftServerImpl (RaftServerImpl.java:<init>(95)) - d49a7ebe-3f9f-4bbb-851d-549239a20f65: new RaftServerImpl for group-5D6D7FF5357C:[d49a7ebe-3f9f-4bbb-851d-549239a20f65:192.168.164.250:41730] with ContainerStateMachine:uninitialized
2019-10-11 03:05:39,831 [pool-423-thread-1] INFO  server.RaftServerConfigKeys (ConfUtils.java:logGet(43)) - raft.server.rpc.timeout.min = 5s (custom)
2019-10-11 03:05:39,831 [pool-423-thread-1] INFO  server.RaftServerConfigKeys (ConfUtils.java:logGet(43)) - raft.server.rpc.timeout.max = 5200ms (custom)
2019-10-11 03:05:39,832 [pool-423-thread-1] INFO  server.RaftServerConfigKeys (ConfUtils.java:logGet(43)) - raft.server.rpcslowness.timeout = 120s (custom)
2019-10-11 03:05:39,832 [pool-423-thread-1] INFO  server.RaftServerConfigKeys (ConfUtils.java:logGet(43)) - raft.server.sleep.deviation.threshold = 300 (default)
2019-10-11 03:05:39,832 [pool-423-thread-1] INFO  server.RaftServerConfigKeys (ConfUtils.java:logGet(43)) - raft.server.log.appender.install.snapshot.enabled = false (custom)
2019-10-11 03:05:39,832 [pool-423-thread-1] INFO  impl.RaftServerImpl (ServerState.java:<init>(103)) - d49a7ebe-3f9f-4bbb-851d-549239a20f65@group-5D6D7FF5357C: ConfigurationManager, init=-1: [d49a7ebe-3f9f-4bbb-851d-549239a20f65:192.168.164.250:41730], old=null, confs=<EMPTY_MAP>
2019-10-11 03:05:39,832 [pool-423-thread-1] INFO  server.RaftServerConfigKeys (ConfUtils.java:logGet(43)) - raft.server.storage.dir = [/workdir/hadoop-ozone/integration-test/target/test-dir/MiniOzoneClusterImpl-182b0ece-7cb3-4e42-b7d3-89937cdb8567/datanode-4/data/ratis] (custom)
2019-10-11 03:05:39,832 [pool-423-thread-1] INFO  server.RaftServerConfigKeys (ConfUtils.java:logGet(43)) - raft.server.log.corruption.policy = EXCEPTION (default)
2019-10-11 03:05:39,832 [pool-423-thread-1] INFO  storage.RaftStorageDirectory (RaftStorageDirectory.java:analyzeStorage(246)) - The storage directory /workdir/hadoop-ozone/integration-test/target/test-dir/MiniOzoneClusterImpl-182b0ece-7cb3-4e42-b7d3-89937cdb8567/datanode-4/data/ratis/c174b75a-6011-4119-b21b-5d6d7ff5357c does not exist. Creating ...
2019-10-11 03:05:39,855 [pool-423-thread-1] INFO  storage.RaftStorageDirectory (RaftStorageDirectory.java:tryLock(328)) - Lock on /workdir/hadoop-ozone/integration-test/target/test-dir/MiniOzoneClusterImpl-182b0ece-7cb3-4e42-b7d3-89937cdb8567/datanode-4/data/ratis/c174b75a-6011-4119-b21b-5d6d7ff5357c/in_use.lock acquired by nodename 577@pr-hdds-2181-fvjjj-1641646571
2019-10-11 03:05:39,871 [pool-423-thread-1] INFO  storage.RaftStorage (RaftStorage.java:format(84)) - Storage directory /workdir/hadoop-ozone/integration-test/target/test-dir/MiniOzoneClusterImpl-182b0ece-7cb3-4e42-b7d3-89937cdb8567/datanode-4/data/ratis/c174b75a-6011-4119-b21b-5d6d7ff5357c has been successfully formatted.
2019-10-11 03:05:39,872 [pool-423-thread-1] INFO  ratis.ContainerStateMachine (ContainerStateMachine.java:loadSnapshot(231)) - group-5D6D7FF5357C: The snapshot info is null. Setting the last applied indexto:(t:0, i:~)
2019-10-11 03:05:39,872 [pool-423-thread-1] INFO  server.RaftServerConfigKeys (ConfUtils.java:logGet(43)) - raft.server.notification.no-leader.timeout = 120s (custom)
2019-10-11 03:05:39,872 [pool-423-thread-1] INFO  server.RaftServerConfigKeys (ConfUtils.java:logGet(43)) - raft.server.log.use.memory = false (default)
2019-10-11 03:05:39,872 [pool-423-thread-1] INFO  server.RaftServerConfigKeys (ConfUtils.java:logGet(43)) - raft.server.log.purge.gap = 1000000 (custom)
2019-10-11 03:05:39,873 [pool-423-thread-1] INFO  server.RaftServerConfigKeys (ConfUtils.java:logGet(43)) - raft.server.log.appender.buffer.byte-limit = 33554432 (custom)
2019-10-11 03:05:39,873 [pool-423-thread-1] INFO  server.RaftServerConfigKeys (ConfUtils.java:logGet(43)) - raft.server.log.segment.size.max = 1048576 (custom)
2019-10-11 03:05:39,875 [pool-423-thread-1] INFO  server.RaftServerConfigKeys (ConfUtils.java:logGet(43)) - raft.server.log.segment.cache.num.max = 2 (custom)
2019-10-11 03:05:39,875 [pool-423-thread-1] INFO  segmented.SegmentedRaftLogWorker (SegmentedRaftLogWorker.java:<init>(173)) - new d49a7ebe-3f9f-4bbb-851d-549239a20f65@group-5D6D7FF5357C-SegmentedRaftLogWorker for RaftStorage:Storage Directory /workdir/hadoop-ozone/integration-test/target/test-dir/MiniOzoneClusterImpl-182b0ece-7cb3-4e42-b7d3-89937cdb8567/datanode-4/data/ratis/c174b75a-6011-4119-b21b-5d6d7ff5357c
2019-10-11 03:05:39,875 [pool-423-thread-1] INFO  server.RaftServerConfigKeys (ConfUtils.java:logGet(43)) - raft.server.log.queue.byte-limit = 2147483647 (custom)
2019-10-11 03:05:39,876 [pool-423-thread-1] INFO  server.RaftServerConfigKeys (ConfUtils.java:logGet(43)) - raft.server.log.queue.element-limit = 1024 (custom)
2019-10-11 03:05:39,876 [pool-423-thread-1] INFO  server.RaftServerConfigKeys (ConfUtils.java:logGet(43)) - raft.server.log.segment.size.max = 1048576 (custom)
2019-10-11 03:05:39,876 [pool-423-thread-1] INFO  server.RaftServerConfigKeys (ConfUtils.java:logGet(43)) - raft.server.log.preallocated.size = 16384 (custom)
2019-10-11 03:05:39,876 [pool-423-thread-1] INFO  server.RaftServerConfigKeys (ConfUtils.java:logGet(43)) - raft.server.log.write.buffer.size = 33554432 (custom)
2019-10-11 03:05:39,876 [pool-423-thread-1] INFO  server.RaftServerConfigKeys (ConfUtils.java:logGet(43)) - raft.server.log.force.sync.num = 128 (default)
2019-10-11 03:05:39,876 [pool-423-thread-1] INFO  server.RaftServerConfigKeys (ConfUtils.java:logGet(43)) - raft.server.log.statemachine.data.sync = true (default)
2019-10-11 03:05:39,877 [pool-423-thread-1] INFO  server.RaftServerConfigKeys (ConfUtils.java:logGet(43)) - raft.server.log.statemachine.data.sync.timeout = 10s (default)
2019-10-11 03:05:39,877 [pool-423-thread-1] INFO  server.RaftServerConfigKeys (ConfUtils.java:logGet(43)) - raft.server.log.statemachine.data.sync.timeout.retry = -1 (default)
2019-10-11 03:05:39,877 [pool-423-thread-1] INFO  server.RaftServerConfigKeys (ConfUtils.java:logGet(43)) - raft.server.log.statemachine.data.caching.enabled = true (custom)
2019-10-11 03:05:39,878 [pool-423-thread-1] INFO  segmented.SegmentedRaftLogWorker (SegmentedRaftLogWorker.java:lambda$new$0(128)) - d49a7ebe-3f9f-4bbb-851d-549239a20f65@group-5D6D7FF5357C-SegmentedRaftLogWorker: flushIndex: setUnconditionally 0 -> -1
2019-10-11 03:05:39,878 [pool-423-thread-1] INFO  server.RaftServerConfigKeys (ConfUtils.java:logGet(43)) - raft.server.snapshot.auto.trigger.enabled = true (custom)
2019-10-11 03:05:39,878 [pool-423-thread-1] INFO  server.RaftServerConfigKeys (ConfUtils.java:logGet(43)) - raft.server.snapshot.auto.trigger.threshold = 10000 (custom)
2019-10-11 03:05:39,878 [pool-423-thread-1] INFO  server.RaftServerConfigKeys (ConfUtils.java:logGet(43)) - raft.server.snapshot.retention.file.num = 5 (custom)
2019-10-11 03:05:39,878 [pool-423-thread-1] INFO  server.RaftServerConfigKeys (ConfUtils.java:logGet(43)) - raft.server.retrycache.expirytime = 600000ms (custom)
2019-10-11 03:05:39,880 [pool-423-thread-1] INFO  impl.RaftServerImpl (RaftServerImpl.java:start(181)) - d49a7ebe-3f9f-4bbb-851d-549239a20f65@group-5D6D7FF5357C: start as a follower, conf=-1: [d49a7ebe-3f9f-4bbb-851d-549239a20f65:192.168.164.250:41730], old=null
2019-10-11 03:05:39,880 [pool-423-thread-1] INFO  impl.RaftServerImpl (RaftServerImpl.java:setRole(170)) - d49a7ebe-3f9f-4bbb-851d-549239a20f65@group-5D6D7FF5357C: changes role from      null to FOLLOWER at term 0 for startAsFollower
2019-10-11 03:05:39,880 [pool-423-thread-1] INFO  impl.RoleInfo (RoleInfo.java:updateAndGet(143)) - d49a7ebe-3f9f-4bbb-851d-549239a20f65: start FollowerState
2019-10-11 03:05:39,881 [pool-423-thread-1] INFO  util.JmxRegister (JmxRegister.java:tryRegister(44)) - Successfully registered JMX Bean with object name Ratis:service=RaftServer,group=group-5D6D7FF5357C,id=d49a7ebe-3f9f-4bbb-851d-549239a20f65
2019-10-11 03:05:39,885 [RatisPipelineUtilsThread] INFO  pipeline.PipelineStateManager (PipelineStateManager.java:addPipeline(56)) - Created pipeline Pipeline[ Id: c174b75a-6011-4119-b21b-5d6d7ff5357c, Nodes: d49a7ebe-3f9f-4bbb-851d-549239a20f65{ip: 192.168.164.250, host: pr-hdds-2181-fvjjj-1641646571, networkLocation: /default-rack, certSerialId: null}, Type:RATIS, Factor:ONE, State:OPEN]
2019-10-11 03:05:39,886 [IPC Server handler 6 on 36840] INFO  net.NetworkTopology (NetworkTopologyImpl.java:add(111)) - Added a new node: /default-rack/45c0a163-083e-49c9-845e-61cf8b5589a2
2019-10-11 03:05:39,887 [IPC Server handler 6 on 36840] INFO  node.SCMNodeManager (SCMNodeManager.java:register(268)) - Registered Data node : 45c0a163-083e-49c9-845e-61cf8b5589a2{ip: 192.168.164.250, host: pr-hdds-2181-fvjjj-1641646571, networkLocation: /default-rack, certSerialId: null}
2019-10-11 03:05:39,897 [grpc-default-executor-6] INFO  impl.RaftServerProxy (RaftServerProxy.java:addNew(89)) - 45c0a163-083e-49c9-845e-61cf8b5589a2: addNew group-A7C81D29442B:[45c0a163-083e-49c9-845e-61cf8b5589a2:192.168.164.250:36211] returns group-A7C81D29442B:java.util.concurrent.CompletableFuture@5dfada1d[Not completed]
2019-10-11 03:05:39,898 [pool-433-thread-1] INFO  impl.RaftServerImpl (RaftServerImpl.java:<init>(95)) - 45c0a163-083e-49c9-845e-61cf8b5589a2: new RaftServerImpl for group-A7C81D29442B:[45c0a163-083e-49c9-845e-61cf8b5589a2:192.168.164.250:36211] with ContainerStateMachine:uninitialized
2019-10-11 03:05:39,898 [pool-433-thread-1] INFO  server.RaftServerConfigKeys (ConfUtils.java:logGet(43)) - raft.server.rpc.timeout.min = 5s (custom)
2019-10-11 03:05:39,898 [pool-433-thread-1] INFO  server.RaftServerConfigKeys (ConfUtils.java:logGet(43)) - raft.server.rpc.timeout.max = 5200ms (custom)
2019-10-11 03:05:39,899 [pool-433-thread-1] INFO  server.RaftServerConfigKeys (ConfUtils.java:logGet(43)) - raft.server.rpcslowness.timeout = 120s (custom)
2019-10-11 03:05:39,899 [pool-433-thread-1] INFO  server.RaftServerConfigKeys (ConfUtils.java:logGet(43)) - raft.server.sleep.deviation.threshold = 300 (default)
2019-10-11 03:05:39,899 [pool-433-thread-1] INFO  server.RaftServerConfigKeys (ConfUtils.java:logGet(43)) - raft.server.log.appender.install.snapshot.enabled = false (custom)
2019-10-11 03:05:39,899 [pool-433-thread-1] INFO  impl.RaftServerImpl (ServerState.java:<init>(103)) - 45c0a163-083e-49c9-845e-61cf8b5589a2@group-A7C81D29442B: ConfigurationManager, init=-1: [45c0a163-083e-49c9-845e-61cf8b5589a2:192.168.164.250:36211], old=null, confs=<EMPTY_MAP>
2019-10-11 03:05:39,899 [pool-433-thread-1] INFO  server.RaftServerConfigKeys (ConfUtils.java:logGet(43)) - raft.server.storage.dir = [/workdir/hadoop-ozone/integration-test/target/test-dir/MiniOzoneClusterImpl-182b0ece-7cb3-4e42-b7d3-89937cdb8567/datanode-5/data/ratis] (custom)
2019-10-11 03:05:39,899 [pool-433-thread-1] INFO  server.RaftServerConfigKeys (ConfUtils.java:logGet(43)) - raft.server.log.corruption.policy = EXCEPTION (default)
2019-10-11 03:05:39,900 [pool-433-thread-1] INFO  storage.RaftStorageDirectory (RaftStorageDirectory.java:analyzeStorage(246)) - The storage directory /workdir/hadoop-ozone/integration-test/target/test-dir/MiniOzoneClusterImpl-182b0ece-7cb3-4e42-b7d3-89937cdb8567/datanode-5/data/ratis/3f2e4420-3071-4bf4-b334-a7c81d29442b does not exist. Creating ...
2019-10-11 03:05:39,923 [pool-433-thread-1] INFO  storage.RaftStorageDirectory (RaftStorageDirectory.java:tryLock(328)) - Lock on /workdir/hadoop-ozone/integration-test/target/test-dir/MiniOzoneClusterImpl-182b0ece-7cb3-4e42-b7d3-89937cdb8567/datanode-5/data/ratis/3f2e4420-3071-4bf4-b334-a7c81d29442b/in_use.lock acquired by nodename 577@pr-hdds-2181-fvjjj-1641646571
2019-10-11 03:05:39,946 [pool-433-thread-1] INFO  storage.RaftStorage (RaftStorage.java:format(84)) - Storage directory /workdir/hadoop-ozone/integration-test/target/test-dir/MiniOzoneClusterImpl-182b0ece-7cb3-4e42-b7d3-89937cdb8567/datanode-5/data/ratis/3f2e4420-3071-4bf4-b334-a7c81d29442b has been successfully formatted.
2019-10-11 03:05:39,946 [pool-433-thread-1] INFO  ratis.ContainerStateMachine (ContainerStateMachine.java:loadSnapshot(231)) - group-A7C81D29442B: The snapshot info is null. Setting the last applied indexto:(t:0, i:~)
2019-10-11 03:05:39,947 [pool-433-thread-1] INFO  server.RaftServerConfigKeys (ConfUtils.java:logGet(43)) - raft.server.notification.no-leader.timeout = 120s (custom)
2019-10-11 03:05:39,947 [pool-433-thread-1] INFO  server.RaftServerConfigKeys (ConfUtils.java:logGet(43)) - raft.server.log.use.memory = false (default)
2019-10-11 03:05:39,947 [pool-433-thread-1] INFO  server.RaftServerConfigKeys (ConfUtils.java:logGet(43)) - raft.server.log.purge.gap = 1000000 (custom)
2019-10-11 03:05:39,947 [pool-433-thread-1] INFO  server.RaftServerConfigKeys (ConfUtils.java:logGet(43)) - raft.server.log.appender.buffer.byte-limit = 33554432 (custom)
2019-10-11 03:05:39,947 [pool-433-thread-1] INFO  server.RaftServerConfigKeys (ConfUtils.java:logGet(43)) - raft.server.log.segment.size.max = 1048576 (custom)
2019-10-11 03:05:39,950 [pool-433-thread-1] INFO  server.RaftServerConfigKeys (ConfUtils.java:logGet(43)) - raft.server.log.segment.cache.num.max = 2 (custom)
2019-10-11 03:05:39,950 [pool-433-thread-1] INFO  segmented.SegmentedRaftLogWorker (SegmentedRaftLogWorker.java:<init>(173)) - new 45c0a163-083e-49c9-845e-61cf8b5589a2@group-A7C81D29442B-SegmentedRaftLogWorker for RaftStorage:Storage Directory /workdir/hadoop-ozone/integration-test/target/test-dir/MiniOzoneClusterImpl-182b0ece-7cb3-4e42-b7d3-89937cdb8567/datanode-5/data/ratis/3f2e4420-3071-4bf4-b334-a7c81d29442b
2019-10-11 03:05:39,950 [pool-433-thread-1] INFO  server.RaftServerConfigKeys (ConfUtils.java:logGet(43)) - raft.server.log.queue.byte-limit = 2147483647 (custom)
2019-10-11 03:05:39,950 [pool-433-thread-1] INFO  server.RaftServerConfigKeys (ConfUtils.java:logGet(43)) - raft.server.log.queue.element-limit = 1024 (custom)
2019-10-11 03:05:39,950 [pool-433-thread-1] INFO  server.RaftServerConfigKeys (ConfUtils.java:logGet(43)) - raft.server.log.segment.size.max = 1048576 (custom)
2019-10-11 03:05:39,951 [pool-433-thread-1] INFO  server.RaftServerConfigKeys (ConfUtils.java:logGet(43)) - raft.server.log.preallocated.size = 16384 (custom)
2019-10-11 03:05:39,951 [pool-433-thread-1] INFO  server.RaftServerConfigKeys (ConfUtils.java:logGet(43)) - raft.server.log.write.buffer.size = 33554432 (custom)
2019-10-11 03:05:39,951 [pool-433-thread-1] INFO  server.RaftServerConfigKeys (ConfUtils.java:logGet(43)) - raft.server.log.force.sync.num = 128 (default)
2019-10-11 03:05:39,951 [pool-433-thread-1] INFO  server.RaftServerConfigKeys (ConfUtils.java:logGet(43)) - raft.server.log.statemachine.data.sync = true (default)
2019-10-11 03:05:39,951 [pool-433-thread-1] INFO  server.RaftServerConfigKeys (ConfUtils.java:logGet(43)) - raft.server.log.statemachine.data.sync.timeout = 10s (default)
2019-10-11 03:05:39,951 [pool-433-thread-1] INFO  server.RaftServerConfigKeys (ConfUtils.java:logGet(43)) - raft.server.log.statemachine.data.sync.timeout.retry = -1 (default)
2019-10-11 03:05:39,952 [pool-433-thread-1] INFO  server.RaftServerConfigKeys (ConfUtils.java:logGet(43)) - raft.server.log.statemachine.data.caching.enabled = true (custom)
2019-10-11 03:05:39,952 [pool-433-thread-1] INFO  segmented.SegmentedRaftLogWorker (SegmentedRaftLogWorker.java:lambda$new$0(128)) - 45c0a163-083e-49c9-845e-61cf8b5589a2@group-A7C81D29442B-SegmentedRaftLogWorker: flushIndex: setUnconditionally 0 -> -1
2019-10-11 03:05:39,952 [pool-433-thread-1] INFO  server.RaftServerConfigKeys (ConfUtils.java:logGet(43)) - raft.server.snapshot.auto.trigger.enabled = true (custom)
2019-10-11 03:05:39,952 [pool-433-thread-1] INFO  server.RaftServerConfigKeys (ConfUtils.java:logGet(43)) - raft.server.snapshot.auto.trigger.threshold = 10000 (custom)
2019-10-11 03:05:39,952 [pool-433-thread-1] INFO  server.RaftServerConfigKeys (ConfUtils.java:logGet(43)) - raft.server.snapshot.retention.file.num = 5 (custom)
2019-10-11 03:05:39,953 [pool-433-thread-1] INFO  server.RaftServerConfigKeys (ConfUtils.java:logGet(43)) - raft.server.retrycache.expirytime = 600000ms (custom)
2019-10-11 03:05:39,954 [pool-433-thread-1] INFO  impl.RaftServerImpl (RaftServerImpl.java:start(181)) - 45c0a163-083e-49c9-845e-61cf8b5589a2@group-A7C81D29442B: start as a follower, conf=-1: [45c0a163-083e-49c9-845e-61cf8b5589a2:192.168.164.250:36211], old=null
2019-10-11 03:05:39,954 [pool-433-thread-1] INFO  impl.RaftServerImpl (RaftServerImpl.java:setRole(170)) - 45c0a163-083e-49c9-845e-61cf8b5589a2@group-A7C81D29442B: changes role from      null to FOLLOWER at term 0 for startAsFollower
2019-10-11 03:05:39,955 [pool-433-thread-1] INFO  impl.RoleInfo (RoleInfo.java:updateAndGet(143)) - 45c0a163-083e-49c9-845e-61cf8b5589a2: start FollowerState
2019-10-11 03:05:39,955 [pool-433-thread-1] INFO  util.JmxRegister (JmxRegister.java:tryRegister(44)) - Successfully registered JMX Bean with object name Ratis:service=RaftServer,group=group-A7C81D29442B,id=45c0a163-083e-49c9-845e-61cf8b5589a2
2019-10-11 03:05:39,958 [IPC Server handler 5 on 36840] INFO  net.NetworkTopology (NetworkTopologyImpl.java:add(111)) - Added a new node: /default-rack/3818be35-5a2b-4ae9-8b30-f68fcda0a94f
2019-10-11 03:05:39,958 [IPC Server handler 5 on 36840] INFO  node.SCMNodeManager (SCMNodeManager.java:register(268)) - Registered Data node : 3818be35-5a2b-4ae9-8b30-f68fcda0a94f{ip: 192.168.164.250, host: pr-hdds-2181-fvjjj-1641646571, networkLocation: /default-rack, certSerialId: null}
2019-10-11 03:05:39,958 [main] INFO  ozone.MiniOzoneClusterImpl (MiniOzoneClusterImpl.java:lambda$waitForClusterToBeReady$0(147)) - Cluster is ready. Got 7 of 7 DN Heartbeats.
2019-10-11 03:05:39,959 [RatisPipelineUtilsThread] INFO  pipeline.PipelineStateManager (PipelineStateManager.java:addPipeline(56)) - Created pipeline Pipeline[ Id: 3f2e4420-3071-4bf4-b334-a7c81d29442b, Nodes: 45c0a163-083e-49c9-845e-61cf8b5589a2{ip: 192.168.164.250, host: pr-hdds-2181-fvjjj-1641646571, networkLocation: /default-rack, certSerialId: null}, Type:RATIS, Factor:ONE, State:OPEN]
2019-10-11 03:05:39,973 [grpc-default-executor-6] INFO  impl.RaftServerProxy (RaftServerProxy.java:addNew(89)) - 3818be35-5a2b-4ae9-8b30-f68fcda0a94f: addNew group-55D33A330AF8:[3818be35-5a2b-4ae9-8b30-f68fcda0a94f:192.168.164.250:33030] returns group-55D33A330AF8:java.util.concurrent.CompletableFuture@32dd709f[Not completed]
2019-10-11 03:05:39,974 [pool-443-thread-1] INFO  impl.RaftServerImpl (RaftServerImpl.java:<init>(95)) - 3818be35-5a2b-4ae9-8b30-f68fcda0a94f: new RaftServerImpl for group-55D33A330AF8:[3818be35-5a2b-4ae9-8b30-f68fcda0a94f:192.168.164.250:33030] with ContainerStateMachine:uninitialized
2019-10-11 03:05:39,974 [pool-443-thread-1] INFO  server.RaftServerConfigKeys (ConfUtils.java:logGet(43)) - raft.server.rpc.timeout.min = 5s (custom)
2019-10-11 03:05:39,976 [pool-443-thread-1] INFO  server.RaftServerConfigKeys (ConfUtils.java:logGet(43)) - raft.server.rpc.timeout.max = 5200ms (custom)
2019-10-11 03:05:39,976 [pool-443-thread-1] INFO  server.RaftServerConfigKeys (ConfUtils.java:logGet(43)) - raft.server.rpcslowness.timeout = 120s (custom)
2019-10-11 03:05:39,976 [pool-443-thread-1] INFO  server.RaftServerConfigKeys (ConfUtils.java:logGet(43)) - raft.server.sleep.deviation.threshold = 300 (default)
2019-10-11 03:05:39,976 [pool-443-thread-1] INFO  server.RaftServerConfigKeys (ConfUtils.java:logGet(43)) - raft.server.log.appender.install.snapshot.enabled = false (custom)
2019-10-11 03:05:39,976 [pool-443-thread-1] INFO  impl.RaftServerImpl (ServerState.java:<init>(103)) - 3818be35-5a2b-4ae9-8b30-f68fcda0a94f@group-55D33A330AF8: ConfigurationManager, init=-1: [3818be35-5a2b-4ae9-8b30-f68fcda0a94f:192.168.164.250:33030], old=null, confs=<EMPTY_MAP>
2019-10-11 03:05:39,976 [pool-443-thread-1] INFO  server.RaftServerConfigKeys (ConfUtils.java:logGet(43)) - raft.server.storage.dir = [/workdir/hadoop-ozone/integration-test/target/test-dir/MiniOzoneClusterImpl-182b0ece-7cb3-4e42-b7d3-89937cdb8567/datanode-6/data/ratis] (custom)
2019-10-11 03:05:39,985 [pool-443-thread-1] INFO  server.RaftServerConfigKeys (ConfUtils.java:logGet(43)) - raft.server.log.corruption.policy = EXCEPTION (default)
2019-10-11 03:05:39,986 [pool-443-thread-1] INFO  storage.RaftStorageDirectory (RaftStorageDirectory.java:analyzeStorage(246)) - The storage directory /workdir/hadoop-ozone/integration-test/target/test-dir/MiniOzoneClusterImpl-182b0ece-7cb3-4e42-b7d3-89937cdb8567/datanode-6/data/ratis/fab6e85c-e8ed-4fa5-8570-55d33a330af8 does not exist. Creating ...
2019-10-11 03:05:39,992 [main] INFO  rpc.RpcClient (RpcClient.java:createVolume(277)) - Creating Volume: watchforcommithandlingtest, with jenkins1000 as owner.
2019-10-11 03:05:39,996 [IPC Server handler 2 on 42120] INFO  volume.OMVolumeCreateRequest (OMVolumeCreateRequest.java:validateAndUpdateCache(193)) - created volume:watchforcommithandlingtest for user:jenkins1000
2019-10-11 03:05:40,007 [main] INFO  rpc.RpcClient (RpcClient.java:createBucket(416)) - Creating Bucket: watchforcommithandlingtest/watchforcommithandlingtest, with Versioning false and Storage Type set to DISK and Encryption set to false 
2019-10-11 03:05:40,010 [pool-443-thread-1] INFO  storage.RaftStorageDirectory (RaftStorageDirectory.java:tryLock(328)) - Lock on /workdir/hadoop-ozone/integration-test/target/test-dir/MiniOzoneClusterImpl-182b0ece-7cb3-4e42-b7d3-89937cdb8567/datanode-6/data/ratis/fab6e85c-e8ed-4fa5-8570-55d33a330af8/in_use.lock acquired by nodename 577@pr-hdds-2181-fvjjj-1641646571
2019-10-11 03:05:40,011 [main] INFO  ozone.MiniOzoneClusterImpl (MiniOzoneClusterImpl.java:getStorageContainerLocationClient(234)) - Creating StorageContainerLocationProtocol RPC client with address /0.0.0.0:41593
2019-10-11 03:05:40,033 [pool-443-thread-1] INFO  storage.RaftStorage (RaftStorage.java:format(84)) - Storage directory /workdir/hadoop-ozone/integration-test/target/test-dir/MiniOzoneClusterImpl-182b0ece-7cb3-4e42-b7d3-89937cdb8567/datanode-6/data/ratis/fab6e85c-e8ed-4fa5-8570-55d33a330af8 has been successfully formatted.
2019-10-11 03:05:40,033 [pool-443-thread-1] INFO  ratis.ContainerStateMachine (ContainerStateMachine.java:loadSnapshot(231)) - group-55D33A330AF8: The snapshot info is null. Setting the last applied indexto:(t:0, i:~)
2019-10-11 03:05:40,033 [pool-443-thread-1] INFO  server.RaftServerConfigKeys (ConfUtils.java:logGet(43)) - raft.server.notification.no-leader.timeout = 120s (custom)
2019-10-11 03:05:40,034 [pool-443-thread-1] INFO  server.RaftServerConfigKeys (ConfUtils.java:logGet(43)) - raft.server.log.use.memory = false (default)
2019-10-11 03:05:40,034 [pool-443-thread-1] INFO  server.RaftServerConfigKeys (ConfUtils.java:logGet(43)) - raft.server.log.purge.gap = 1000000 (custom)
2019-10-11 03:05:40,034 [pool-443-thread-1] INFO  server.RaftServerConfigKeys (ConfUtils.java:logGet(43)) - raft.server.log.appender.buffer.byte-limit = 33554432 (custom)
2019-10-11 03:05:40,034 [pool-443-thread-1] INFO  server.RaftServerConfigKeys (ConfUtils.java:logGet(43)) - raft.server.log.segment.size.max = 1048576 (custom)
2019-10-11 03:05:40,035 [pool-443-thread-1] INFO  server.RaftServerConfigKeys (ConfUtils.java:logGet(43)) - raft.server.log.segment.cache.num.max = 2 (custom)
2019-10-11 03:05:40,035 [pool-443-thread-1] INFO  segmented.SegmentedRaftLogWorker (SegmentedRaftLogWorker.java:<init>(173)) - new 3818be35-5a2b-4ae9-8b30-f68fcda0a94f@group-55D33A330AF8-SegmentedRaftLogWorker for RaftStorage:Storage Directory /workdir/hadoop-ozone/integration-test/target/test-dir/MiniOzoneClusterImpl-182b0ece-7cb3-4e42-b7d3-89937cdb8567/datanode-6/data/ratis/fab6e85c-e8ed-4fa5-8570-55d33a330af8
2019-10-11 03:05:40,036 [pool-443-thread-1] INFO  server.RaftServerConfigKeys (ConfUtils.java:logGet(43)) - raft.server.log.queue.byte-limit = 2147483647 (custom)
2019-10-11 03:05:40,036 [pool-443-thread-1] INFO  server.RaftServerConfigKeys (ConfUtils.java:logGet(43)) - raft.server.log.queue.element-limit = 1024 (custom)
2019-10-11 03:05:40,036 [pool-443-thread-1] INFO  server.RaftServerConfigKeys (ConfUtils.java:logGet(43)) - raft.server.log.segment.size.max = 1048576 (custom)
2019-10-11 03:05:40,036 [pool-443-thread-1] INFO  server.RaftServerConfigKeys (ConfUtils.java:logGet(43)) - raft.server.log.preallocated.size = 16384 (custom)
2019-10-11 03:05:40,036 [pool-443-thread-1] INFO  server.RaftServerConfigKeys (ConfUtils.java:logGet(43)) - raft.server.log.write.buffer.size = 33554432 (custom)
2019-10-11 03:05:40,036 [pool-443-thread-1] INFO  server.RaftServerConfigKeys (ConfUtils.java:logGet(43)) - raft.server.log.force.sync.num = 128 (default)
2019-10-11 03:05:40,036 [pool-443-thread-1] INFO  server.RaftServerConfigKeys (ConfUtils.java:logGet(43)) - raft.server.log.statemachine.data.sync = true (default)
2019-10-11 03:05:40,036 [pool-443-thread-1] INFO  server.RaftServerConfigKeys (ConfUtils.java:logGet(43)) - raft.server.log.statemachine.data.sync.timeout = 10s (default)
2019-10-11 03:05:40,036 [pool-443-thread-1] INFO  server.RaftServerConfigKeys (ConfUtils.java:logGet(43)) - raft.server.log.statemachine.data.sync.timeout.retry = -1 (default)
2019-10-11 03:05:40,037 [pool-443-thread-1] INFO  server.RaftServerConfigKeys (ConfUtils.java:logGet(43)) - raft.server.log.statemachine.data.caching.enabled = true (custom)
2019-10-11 03:05:40,037 [pool-443-thread-1] INFO  segmented.SegmentedRaftLogWorker (SegmentedRaftLogWorker.java:lambda$new$0(128)) - 3818be35-5a2b-4ae9-8b30-f68fcda0a94f@group-55D33A330AF8-SegmentedRaftLogWorker: flushIndex: setUnconditionally 0 -> -1
2019-10-11 03:05:40,037 [pool-443-thread-1] INFO  server.RaftServerConfigKeys (ConfUtils.java:logGet(43)) - raft.server.snapshot.auto.trigger.enabled = true (custom)
2019-10-11 03:05:40,037 [pool-443-thread-1] INFO  server.RaftServerConfigKeys (ConfUtils.java:logGet(43)) - raft.server.snapshot.auto.trigger.threshold = 10000 (custom)
2019-10-11 03:05:40,037 [pool-443-thread-1] INFO  server.RaftServerConfigKeys (ConfUtils.java:logGet(43)) - raft.server.snapshot.retention.file.num = 5 (custom)
2019-10-11 03:05:40,037 [pool-443-thread-1] INFO  server.RaftServerConfigKeys (ConfUtils.java:logGet(43)) - raft.server.retrycache.expirytime = 600000ms (custom)
2019-10-11 03:05:40,039 [pool-443-thread-1] INFO  impl.RaftServerImpl (RaftServerImpl.java:start(181)) - 3818be35-5a2b-4ae9-8b30-f68fcda0a94f@group-55D33A330AF8: start as a follower, conf=-1: [3818be35-5a2b-4ae9-8b30-f68fcda0a94f:192.168.164.250:33030], old=null
2019-10-11 03:05:40,039 [pool-443-thread-1] INFO  impl.RaftServerImpl (RaftServerImpl.java:setRole(170)) - 3818be35-5a2b-4ae9-8b30-f68fcda0a94f@group-55D33A330AF8: changes role from      null to FOLLOWER at term 0 for startAsFollower
2019-10-11 03:05:40,039 [pool-443-thread-1] INFO  impl.RoleInfo (RoleInfo.java:updateAndGet(143)) - 3818be35-5a2b-4ae9-8b30-f68fcda0a94f: start FollowerState
2019-10-11 03:05:40,039 [pool-443-thread-1] INFO  util.JmxRegister (JmxRegister.java:tryRegister(44)) - Successfully registered JMX Bean with object name Ratis:service=RaftServer,group=group-55D33A330AF8,id=3818be35-5a2b-4ae9-8b30-f68fcda0a94f
2019-10-11 03:05:40,043 [RatisPipelineUtilsThread] INFO  pipeline.PipelineStateManager (PipelineStateManager.java:addPipeline(56)) - Created pipeline Pipeline[ Id: fab6e85c-e8ed-4fa5-8570-55d33a330af8, Nodes: 3818be35-5a2b-4ae9-8b30-f68fcda0a94f{ip: 192.168.164.250, host: pr-hdds-2181-fvjjj-1641646571, networkLocation: /default-rack, certSerialId: null}, Type:RATIS, Factor:ONE, State:OPEN]
2019-10-11 03:05:40,054 [grpc-default-executor-9] INFO  impl.RaftServerProxy (RaftServerProxy.java:addNew(89)) - 45c0a163-083e-49c9-845e-61cf8b5589a2: addNew group-6372BBABB1F6:[eb2831d7-0f74-4cd2-a555-987bfa41a870:192.168.164.250:38687, d49a7ebe-3f9f-4bbb-851d-549239a20f65:192.168.164.250:41730, 45c0a163-083e-49c9-845e-61cf8b5589a2:192.168.164.250:36211] returns group-6372BBABB1F6:java.util.concurrent.CompletableFuture@624d7788[Not completed]
2019-10-11 03:05:40,054 [grpc-default-executor-6] INFO  impl.RaftServerProxy (RaftServerProxy.java:addNew(89)) - eb2831d7-0f74-4cd2-a555-987bfa41a870: addNew group-6372BBABB1F6:[eb2831d7-0f74-4cd2-a555-987bfa41a870:192.168.164.250:38687, d49a7ebe-3f9f-4bbb-851d-549239a20f65:192.168.164.250:41730, 45c0a163-083e-49c9-845e-61cf8b5589a2:192.168.164.250:36211] returns group-6372BBABB1F6:java.util.concurrent.CompletableFuture@7981c3ea[Not completed]
2019-10-11 03:05:40,054 [grpc-default-executor-8] INFO  impl.RaftServerProxy (RaftServerProxy.java:addNew(89)) - d49a7ebe-3f9f-4bbb-851d-549239a20f65: addNew group-6372BBABB1F6:[eb2831d7-0f74-4cd2-a555-987bfa41a870:192.168.164.250:38687, d49a7ebe-3f9f-4bbb-851d-549239a20f65:192.168.164.250:41730, 45c0a163-083e-49c9-845e-61cf8b5589a2:192.168.164.250:36211] returns group-6372BBABB1F6:java.util.concurrent.CompletableFuture@5cb6c380[Not completed]
2019-10-11 03:05:40,056 [pool-433-thread-1] INFO  impl.RaftServerImpl (RaftServerImpl.java:<init>(95)) - 45c0a163-083e-49c9-845e-61cf8b5589a2: new RaftServerImpl for group-6372BBABB1F6:[eb2831d7-0f74-4cd2-a555-987bfa41a870:192.168.164.250:38687, d49a7ebe-3f9f-4bbb-851d-549239a20f65:192.168.164.250:41730, 45c0a163-083e-49c9-845e-61cf8b5589a2:192.168.164.250:36211] with ContainerStateMachine:uninitialized
2019-10-11 03:05:40,056 [pool-433-thread-1] INFO  server.RaftServerConfigKeys (ConfUtils.java:logGet(43)) - raft.server.rpc.timeout.min = 5s (custom)
2019-10-11 03:05:40,056 [pool-433-thread-1] INFO  server.RaftServerConfigKeys (ConfUtils.java:logGet(43)) - raft.server.rpc.timeout.max = 5200ms (custom)
2019-10-11 03:05:40,056 [pool-433-thread-1] INFO  server.RaftServerConfigKeys (ConfUtils.java:logGet(43)) - raft.server.rpcslowness.timeout = 120s (custom)
2019-10-11 03:05:40,056 [pool-433-thread-1] INFO  server.RaftServerConfigKeys (ConfUtils.java:logGet(43)) - raft.server.sleep.deviation.threshold = 300 (default)
2019-10-11 03:05:40,056 [pool-433-thread-1] INFO  server.RaftServerConfigKeys (ConfUtils.java:logGet(43)) - raft.server.log.appender.install.snapshot.enabled = false (custom)
2019-10-11 03:05:40,056 [pool-433-thread-1] INFO  impl.RaftServerImpl (ServerState.java:<init>(103)) - 45c0a163-083e-49c9-845e-61cf8b5589a2@group-6372BBABB1F6: ConfigurationManager, init=-1: [eb2831d7-0f74-4cd2-a555-987bfa41a870:192.168.164.250:38687, d49a7ebe-3f9f-4bbb-851d-549239a20f65:192.168.164.250:41730, 45c0a163-083e-49c9-845e-61cf8b5589a2:192.168.164.250:36211], old=null, confs=<EMPTY_MAP>
2019-10-11 03:05:40,056 [pool-433-thread-1] INFO  server.RaftServerConfigKeys (ConfUtils.java:logGet(43)) - raft.server.storage.dir = [/workdir/hadoop-ozone/integration-test/target/test-dir/MiniOzoneClusterImpl-182b0ece-7cb3-4e42-b7d3-89937cdb8567/datanode-5/data/ratis] (custom)
2019-10-11 03:05:40,057 [pool-423-thread-1] INFO  impl.RaftServerImpl (RaftServerImpl.java:<init>(95)) - d49a7ebe-3f9f-4bbb-851d-549239a20f65: new RaftServerImpl for group-6372BBABB1F6:[eb2831d7-0f74-4cd2-a555-987bfa41a870:192.168.164.250:38687, d49a7ebe-3f9f-4bbb-851d-549239a20f65:192.168.164.250:41730, 45c0a163-083e-49c9-845e-61cf8b5589a2:192.168.164.250:36211] with ContainerStateMachine:uninitialized
2019-10-11 03:05:40,057 [pool-433-thread-1] INFO  server.RaftServerConfigKeys (ConfUtils.java:logGet(43)) - raft.server.log.corruption.policy = EXCEPTION (default)
2019-10-11 03:05:40,057 [pool-423-thread-1] INFO  server.RaftServerConfigKeys (ConfUtils.java:logGet(43)) - raft.server.rpc.timeout.min = 5s (custom)
2019-10-11 03:05:40,057 [pool-433-thread-1] INFO  storage.RaftStorageDirectory (RaftStorageDirectory.java:analyzeStorage(246)) - The storage directory /workdir/hadoop-ozone/integration-test/target/test-dir/MiniOzoneClusterImpl-182b0ece-7cb3-4e42-b7d3-89937cdb8567/datanode-5/data/ratis/cceedeab-f638-4a2e-906f-6372bbabb1f6 does not exist. Creating ...
2019-10-11 03:05:40,057 [pool-423-thread-1] INFO  server.RaftServerConfigKeys (ConfUtils.java:logGet(43)) - raft.server.rpc.timeout.max = 5200ms (custom)
2019-10-11 03:05:40,057 [pool-423-thread-1] INFO  server.RaftServerConfigKeys (ConfUtils.java:logGet(43)) - raft.server.rpcslowness.timeout = 120s (custom)
2019-10-11 03:05:40,057 [pool-413-thread-1] INFO  impl.RaftServerImpl (RaftServerImpl.java:<init>(95)) - eb2831d7-0f74-4cd2-a555-987bfa41a870: new RaftServerImpl for group-6372BBABB1F6:[eb2831d7-0f74-4cd2-a555-987bfa41a870:192.168.164.250:38687, d49a7ebe-3f9f-4bbb-851d-549239a20f65:192.168.164.250:41730, 45c0a163-083e-49c9-845e-61cf8b5589a2:192.168.164.250:36211] with ContainerStateMachine:uninitialized
2019-10-11 03:05:40,057 [pool-423-thread-1] INFO  server.RaftServerConfigKeys (ConfUtils.java:logGet(43)) - raft.server.sleep.deviation.threshold = 300 (default)
2019-10-11 03:05:40,058 [pool-413-thread-1] INFO  server.RaftServerConfigKeys (ConfUtils.java:logGet(43)) - raft.server.rpc.timeout.min = 5s (custom)
2019-10-11 03:05:40,058 [pool-423-thread-1] INFO  server.RaftServerConfigKeys (ConfUtils.java:logGet(43)) - raft.server.log.appender.install.snapshot.enabled = false (custom)
2019-10-11 03:05:40,058 [pool-413-thread-1] INFO  server.RaftServerConfigKeys (ConfUtils.java:logGet(43)) - raft.server.rpc.timeout.max = 5200ms (custom)
2019-10-11 03:05:40,058 [pool-423-thread-1] INFO  impl.RaftServerImpl (ServerState.java:<init>(103)) - d49a7ebe-3f9f-4bbb-851d-549239a20f65@group-6372BBABB1F6: ConfigurationManager, init=-1: [eb2831d7-0f74-4cd2-a555-987bfa41a870:192.168.164.250:38687, d49a7ebe-3f9f-4bbb-851d-549239a20f65:192.168.164.250:41730, 45c0a163-083e-49c9-845e-61cf8b5589a2:192.168.164.250:36211], old=null, confs=<EMPTY_MAP>
2019-10-11 03:05:40,058 [pool-413-thread-1] INFO  server.RaftServerConfigKeys (ConfUtils.java:logGet(43)) - raft.server.rpcslowness.timeout = 120s (custom)
2019-10-11 03:05:40,058 [pool-423-thread-1] INFO  server.RaftServerConfigKeys (ConfUtils.java:logGet(43)) - raft.server.storage.dir = [/workdir/hadoop-ozone/integration-test/target/test-dir/MiniOzoneClusterImpl-182b0ece-7cb3-4e42-b7d3-89937cdb8567/datanode-4/data/ratis] (custom)
2019-10-11 03:05:40,058 [pool-413-thread-1] INFO  server.RaftServerConfigKeys (ConfUtils.java:logGet(43)) - raft.server.sleep.deviation.threshold = 300 (default)
2019-10-11 03:05:40,059 [pool-423-thread-1] INFO  server.RaftServerConfigKeys (ConfUtils.java:logGet(43)) - raft.server.log.corruption.policy = EXCEPTION (default)
2019-10-11 03:05:40,059 [pool-413-thread-1] INFO  server.RaftServerConfigKeys (ConfUtils.java:logGet(43)) - raft.server.log.appender.install.snapshot.enabled = false (custom)
2019-10-11 03:05:40,059 [pool-423-thread-1] INFO  storage.RaftStorageDirectory (RaftStorageDirectory.java:analyzeStorage(246)) - The storage directory /workdir/hadoop-ozone/integration-test/target/test-dir/MiniOzoneClusterImpl-182b0ece-7cb3-4e42-b7d3-89937cdb8567/datanode-4/data/ratis/cceedeab-f638-4a2e-906f-6372bbabb1f6 does not exist. Creating ...
2019-10-11 03:05:40,059 [pool-413-thread-1] INFO  impl.RaftServerImpl (ServerState.java:<init>(103)) - eb2831d7-0f74-4cd2-a555-987bfa41a870@group-6372BBABB1F6: ConfigurationManager, init=-1: [eb2831d7-0f74-4cd2-a555-987bfa41a870:192.168.164.250:38687, d49a7ebe-3f9f-4bbb-851d-549239a20f65:192.168.164.250:41730, 45c0a163-083e-49c9-845e-61cf8b5589a2:192.168.164.250:36211], old=null, confs=<EMPTY_MAP>
2019-10-11 03:05:40,059 [pool-413-thread-1] INFO  server.RaftServerConfigKeys (ConfUtils.java:logGet(43)) - raft.server.storage.dir = [/workdir/hadoop-ozone/integration-test/target/test-dir/MiniOzoneClusterImpl-182b0ece-7cb3-4e42-b7d3-89937cdb8567/datanode-3/data/ratis] (custom)
2019-10-11 03:05:40,060 [pool-413-thread-1] INFO  server.RaftServerConfigKeys (ConfUtils.java:logGet(43)) - raft.server.log.corruption.policy = EXCEPTION (default)
2019-10-11 03:05:40,060 [pool-413-thread-1] INFO  storage.RaftStorageDirectory (RaftStorageDirectory.java:analyzeStorage(246)) - The storage directory /workdir/hadoop-ozone/integration-test/target/test-dir/MiniOzoneClusterImpl-182b0ece-7cb3-4e42-b7d3-89937cdb8567/datanode-3/data/ratis/cceedeab-f638-4a2e-906f-6372bbabb1f6 does not exist. Creating ...
2019-10-11 03:05:40,071 [pool-423-thread-1] INFO  storage.RaftStorageDirectory (RaftStorageDirectory.java:tryLock(328)) - Lock on /workdir/hadoop-ozone/integration-test/target/test-dir/MiniOzoneClusterImpl-182b0ece-7cb3-4e42-b7d3-89937cdb8567/datanode-4/data/ratis/cceedeab-f638-4a2e-906f-6372bbabb1f6/in_use.lock acquired by nodename 577@pr-hdds-2181-fvjjj-1641646571
2019-10-11 03:05:40,071 [pool-413-thread-1] INFO  storage.RaftStorageDirectory (RaftStorageDirectory.java:tryLock(328)) - Lock on /workdir/hadoop-ozone/integration-test/target/test-dir/MiniOzoneClusterImpl-182b0ece-7cb3-4e42-b7d3-89937cdb8567/datanode-3/data/ratis/cceedeab-f638-4a2e-906f-6372bbabb1f6/in_use.lock acquired by nodename 577@pr-hdds-2181-fvjjj-1641646571
2019-10-11 03:05:40,071 [pool-433-thread-1] INFO  storage.RaftStorageDirectory (RaftStorageDirectory.java:tryLock(328)) - Lock on /workdir/hadoop-ozone/integration-test/target/test-dir/MiniOzoneClusterImpl-182b0ece-7cb3-4e42-b7d3-89937cdb8567/datanode-5/data/ratis/cceedeab-f638-4a2e-906f-6372bbabb1f6/in_use.lock acquired by nodename 577@pr-hdds-2181-fvjjj-1641646571
2019-10-11 03:05:40,095 [pool-423-thread-1] INFO  storage.RaftStorage (RaftStorage.java:format(84)) - Storage directory /workdir/hadoop-ozone/integration-test/target/test-dir/MiniOzoneClusterImpl-182b0ece-7cb3-4e42-b7d3-89937cdb8567/datanode-4/data/ratis/cceedeab-f638-4a2e-906f-6372bbabb1f6 has been successfully formatted.
2019-10-11 03:05:40,095 [pool-413-thread-1] INFO  storage.RaftStorage (RaftStorage.java:format(84)) - Storage directory /workdir/hadoop-ozone/integration-test/target/test-dir/MiniOzoneClusterImpl-182b0ece-7cb3-4e42-b7d3-89937cdb8567/datanode-3/data/ratis/cceedeab-f638-4a2e-906f-6372bbabb1f6 has been successfully formatted.
2019-10-11 03:05:40,095 [pool-433-thread-1] INFO  storage.RaftStorage (RaftStorage.java:format(84)) - Storage directory /workdir/hadoop-ozone/integration-test/target/test-dir/MiniOzoneClusterImpl-182b0ece-7cb3-4e42-b7d3-89937cdb8567/datanode-5/data/ratis/cceedeab-f638-4a2e-906f-6372bbabb1f6 has been successfully formatted.
2019-10-11 03:05:40,096 [pool-413-thread-1] INFO  ratis.ContainerStateMachine (ContainerStateMachine.java:loadSnapshot(231)) - group-6372BBABB1F6: The snapshot info is null. Setting the last applied indexto:(t:0, i:~)
2019-10-11 03:05:40,096 [pool-433-thread-1] INFO  ratis.ContainerStateMachine (ContainerStateMachine.java:loadSnapshot(231)) - group-6372BBABB1F6: The snapshot info is null. Setting the last applied indexto:(t:0, i:~)
2019-10-11 03:05:40,096 [pool-423-thread-1] INFO  ratis.ContainerStateMachine (ContainerStateMachine.java:loadSnapshot(231)) - group-6372BBABB1F6: The snapshot info is null. Setting the last applied indexto:(t:0, i:~)
2019-10-11 03:05:40,096 [pool-433-thread-1] INFO  server.RaftServerConfigKeys (ConfUtils.java:logGet(43)) - raft.server.notification.no-leader.timeout = 120s (custom)
2019-10-11 03:05:40,096 [pool-413-thread-1] INFO  server.RaftServerConfigKeys (ConfUtils.java:logGet(43)) - raft.server.notification.no-leader.timeout = 120s (custom)
2019-10-11 03:05:40,096 [pool-433-thread-1] INFO  server.RaftServerConfigKeys (ConfUtils.java:logGet(43)) - raft.server.log.use.memory = false (default)
2019-10-11 03:05:40,096 [pool-423-thread-1] INFO  server.RaftServerConfigKeys (ConfUtils.java:logGet(43)) - raft.server.notification.no-leader.timeout = 120s (custom)
2019-10-11 03:05:40,096 [pool-433-thread-1] INFO  server.RaftServerConfigKeys (ConfUtils.java:logGet(43)) - raft.server.log.purge.gap = 1000000 (custom)
2019-10-11 03:05:40,096 [pool-413-thread-1] INFO  server.RaftServerConfigKeys (ConfUtils.java:logGet(43)) - raft.server.log.use.memory = false (default)
2019-10-11 03:05:40,097 [pool-433-thread-1] INFO  server.RaftServerConfigKeys (ConfUtils.java:logGet(43)) - raft.server.log.appender.buffer.byte-limit = 33554432 (custom)
2019-10-11 03:05:40,096 [pool-423-thread-1] INFO  server.RaftServerConfigKeys (ConfUtils.java:logGet(43)) - raft.server.log.use.memory = false (default)
2019-10-11 03:05:40,097 [pool-433-thread-1] INFO  server.RaftServerConfigKeys (ConfUtils.java:logGet(43)) - raft.server.log.segment.size.max = 1048576 (custom)
2019-10-11 03:05:40,097 [pool-413-thread-1] INFO  server.RaftServerConfigKeys (ConfUtils.java:logGet(43)) - raft.server.log.purge.gap = 1000000 (custom)
2019-10-11 03:05:40,097 [pool-433-thread-1] INFO  server.RaftServerConfigKeys (ConfUtils.java:logGet(43)) - raft.server.log.segment.cache.num.max = 2 (custom)
2019-10-11 03:05:40,097 [pool-423-thread-1] INFO  server.RaftServerConfigKeys (ConfUtils.java:logGet(43)) - raft.server.log.purge.gap = 1000000 (custom)
2019-10-11 03:05:40,097 [pool-433-thread-1] INFO  segmented.SegmentedRaftLogWorker (SegmentedRaftLogWorker.java:<init>(173)) - new 45c0a163-083e-49c9-845e-61cf8b5589a2@group-6372BBABB1F6-SegmentedRaftLogWorker for RaftStorage:Storage Directory /workdir/hadoop-ozone/integration-test/target/test-dir/MiniOzoneClusterImpl-182b0ece-7cb3-4e42-b7d3-89937cdb8567/datanode-5/data/ratis/cceedeab-f638-4a2e-906f-6372bbabb1f6
2019-10-11 03:05:40,097 [pool-433-thread-1] INFO  server.RaftServerConfigKeys (ConfUtils.java:logGet(43)) - raft.server.log.queue.byte-limit = 2147483647 (custom)
2019-10-11 03:05:40,097 [pool-413-thread-1] INFO  server.RaftServerConfigKeys (ConfUtils.java:logGet(43)) - raft.server.log.appender.buffer.byte-limit = 33554432 (custom)
2019-10-11 03:05:40,097 [pool-433-thread-1] INFO  server.RaftServerConfigKeys (ConfUtils.java:logGet(43)) - raft.server.log.queue.element-limit = 1024 (custom)
2019-10-11 03:05:40,097 [pool-423-thread-1] INFO  server.RaftServerConfigKeys (ConfUtils.java:logGet(43)) - raft.server.log.appender.buffer.byte-limit = 33554432 (custom)
2019-10-11 03:05:40,098 [pool-433-thread-1] INFO  server.RaftServerConfigKeys (ConfUtils.java:logGet(43)) - raft.server.log.segment.size.max = 1048576 (custom)
2019-10-11 03:05:40,098 [pool-413-thread-1] INFO  server.RaftServerConfigKeys (ConfUtils.java:logGet(43)) - raft.server.log.segment.size.max = 1048576 (custom)
2019-10-11 03:05:40,098 [pool-433-thread-1] INFO  server.RaftServerConfigKeys (ConfUtils.java:logGet(43)) - raft.server.log.preallocated.size = 16384 (custom)
2019-10-11 03:05:40,098 [pool-423-thread-1] INFO  server.RaftServerConfigKeys (ConfUtils.java:logGet(43)) - raft.server.log.segment.size.max = 1048576 (custom)
2019-10-11 03:05:40,098 [pool-433-thread-1] INFO  server.RaftServerConfigKeys (ConfUtils.java:logGet(43)) - raft.server.log.write.buffer.size = 33554432 (custom)
2019-10-11 03:05:40,098 [pool-433-thread-1] INFO  server.RaftServerConfigKeys (ConfUtils.java:logGet(43)) - raft.server.log.force.sync.num = 128 (default)
2019-10-11 03:05:40,098 [pool-413-thread-1] INFO  server.RaftServerConfigKeys (ConfUtils.java:logGet(43)) - raft.server.log.segment.cache.num.max = 2 (custom)
2019-10-11 03:05:40,099 [pool-433-thread-1] INFO  server.RaftServerConfigKeys (ConfUtils.java:logGet(43)) - raft.server.log.statemachine.data.sync = true (default)
2019-10-11 03:05:40,098 [pool-423-thread-1] INFO  server.RaftServerConfigKeys (ConfUtils.java:logGet(43)) - raft.server.log.segment.cache.num.max = 2 (custom)
2019-10-11 03:05:40,099 [pool-433-thread-1] INFO  server.RaftServerConfigKeys (ConfUtils.java:logGet(43)) - raft.server.log.statemachine.data.sync.timeout = 10s (default)
2019-10-11 03:05:40,099 [pool-433-thread-1] INFO  server.RaftServerConfigKeys (ConfUtils.java:logGet(43)) - raft.server.log.statemachine.data.sync.timeout.retry = -1 (default)
2019-10-11 03:05:40,099 [pool-413-thread-1] INFO  segmented.SegmentedRaftLogWorker (SegmentedRaftLogWorker.java:<init>(173)) - new eb2831d7-0f74-4cd2-a555-987bfa41a870@group-6372BBABB1F6-SegmentedRaftLogWorker for RaftStorage:Storage Directory /workdir/hadoop-ozone/integration-test/target/test-dir/MiniOzoneClusterImpl-182b0ece-7cb3-4e42-b7d3-89937cdb8567/datanode-3/data/ratis/cceedeab-f638-4a2e-906f-6372bbabb1f6
2019-10-11 03:05:40,099 [pool-433-thread-1] INFO  server.RaftServerConfigKeys (ConfUtils.java:logGet(43)) - raft.server.log.statemachine.data.caching.enabled = true (custom)
2019-10-11 03:05:40,099 [pool-423-thread-1] INFO  segmented.SegmentedRaftLogWorker (SegmentedRaftLogWorker.java:<init>(173)) - new d49a7ebe-3f9f-4bbb-851d-549239a20f65@group-6372BBABB1F6-SegmentedRaftLogWorker for RaftStorage:Storage Directory /workdir/hadoop-ozone/integration-test/target/test-dir/MiniOzoneClusterImpl-182b0ece-7cb3-4e42-b7d3-89937cdb8567/datanode-4/data/ratis/cceedeab-f638-4a2e-906f-6372bbabb1f6
2019-10-11 03:05:40,100 [pool-433-thread-1] INFO  segmented.SegmentedRaftLogWorker (SegmentedRaftLogWorker.java:lambda$new$0(128)) - 45c0a163-083e-49c9-845e-61cf8b5589a2@group-6372BBABB1F6-SegmentedRaftLogWorker: flushIndex: setUnconditionally 0 -> -1
2019-10-11 03:05:40,099 [pool-413-thread-1] INFO  server.RaftServerConfigKeys (ConfUtils.java:logGet(43)) - raft.server.log.queue.byte-limit = 2147483647 (custom)
2019-10-11 03:05:40,100 [pool-433-thread-1] INFO  server.RaftServerConfigKeys (ConfUtils.java:logGet(43)) - raft.server.snapshot.auto.trigger.enabled = true (custom)
2019-10-11 03:05:40,100 [pool-423-thread-1] INFO  server.RaftServerConfigKeys (ConfUtils.java:logGet(43)) - raft.server.log.queue.byte-limit = 2147483647 (custom)
2019-10-11 03:05:40,100 [pool-433-thread-1] INFO  server.RaftServerConfigKeys (ConfUtils.java:logGet(43)) - raft.server.snapshot.auto.trigger.threshold = 10000 (custom)
2019-10-11 03:05:40,100 [pool-433-thread-1] INFO  server.RaftServerConfigKeys (ConfUtils.java:logGet(43)) - raft.server.snapshot.retention.file.num = 5 (custom)
2019-10-11 03:05:40,100 [pool-413-thread-1] INFO  server.RaftServerConfigKeys (ConfUtils.java:logGet(43)) - raft.server.log.queue.element-limit = 1024 (custom)
2019-10-11 03:05:40,100 [pool-433-thread-1] INFO  server.RaftServerConfigKeys (ConfUtils.java:logGet(43)) - raft.server.retrycache.expirytime = 600000ms (custom)
2019-10-11 03:05:40,100 [pool-423-thread-1] INFO  server.RaftServerConfigKeys (ConfUtils.java:logGet(43)) - raft.server.log.queue.element-limit = 1024 (custom)
2019-10-11 03:05:40,100 [pool-413-thread-1] INFO  server.RaftServerConfigKeys (ConfUtils.java:logGet(43)) - raft.server.log.segment.size.max = 1048576 (custom)
2019-10-11 03:05:40,101 [pool-423-thread-1] INFO  server.RaftServerConfigKeys (ConfUtils.java:logGet(43)) - raft.server.log.segment.size.max = 1048576 (custom)
2019-10-11 03:05:40,101 [pool-413-thread-1] INFO  server.RaftServerConfigKeys (ConfUtils.java:logGet(43)) - raft.server.log.preallocated.size = 16384 (custom)
2019-10-11 03:05:40,101 [pool-423-thread-1] INFO  server.RaftServerConfigKeys (ConfUtils.java:logGet(43)) - raft.server.log.preallocated.size = 16384 (custom)
2019-10-11 03:05:40,101 [pool-413-thread-1] INFO  server.RaftServerConfigKeys (ConfUtils.java:logGet(43)) - raft.server.log.write.buffer.size = 33554432 (custom)
2019-10-11 03:05:40,101 [pool-423-thread-1] INFO  server.RaftServerConfigKeys (ConfUtils.java:logGet(43)) - raft.server.log.write.buffer.size = 33554432 (custom)
2019-10-11 03:05:40,101 [pool-413-thread-1] INFO  server.RaftServerConfigKeys (ConfUtils.java:logGet(43)) - raft.server.log.force.sync.num = 128 (default)
2019-10-11 03:05:40,102 [pool-433-thread-1] INFO  impl.RaftServerImpl (RaftServerImpl.java:start(181)) - 45c0a163-083e-49c9-845e-61cf8b5589a2@group-6372BBABB1F6: start as a follower, conf=-1: [eb2831d7-0f74-4cd2-a555-987bfa41a870:192.168.164.250:38687, d49a7ebe-3f9f-4bbb-851d-549239a20f65:192.168.164.250:41730, 45c0a163-083e-49c9-845e-61cf8b5589a2:192.168.164.250:36211], old=null
2019-10-11 03:05:40,102 [pool-423-thread-1] INFO  server.RaftServerConfigKeys (ConfUtils.java:logGet(43)) - raft.server.log.force.sync.num = 128 (default)
2019-10-11 03:05:40,102 [pool-433-thread-1] INFO  impl.RaftServerImpl (RaftServerImpl.java:setRole(170)) - 45c0a163-083e-49c9-845e-61cf8b5589a2@group-6372BBABB1F6: changes role from      null to FOLLOWER at term 0 for startAsFollower
2019-10-11 03:05:40,102 [pool-413-thread-1] INFO  server.RaftServerConfigKeys (ConfUtils.java:logGet(43)) - raft.server.log.statemachine.data.sync = true (default)
2019-10-11 03:05:40,102 [pool-433-thread-1] INFO  impl.RoleInfo (RoleInfo.java:updateAndGet(143)) - 45c0a163-083e-49c9-845e-61cf8b5589a2: start FollowerState
2019-10-11 03:05:40,102 [pool-423-thread-1] INFO  server.RaftServerConfigKeys (ConfUtils.java:logGet(43)) - raft.server.log.statemachine.data.sync = true (default)
2019-10-11 03:05:40,102 [pool-413-thread-1] INFO  server.RaftServerConfigKeys (ConfUtils.java:logGet(43)) - raft.server.log.statemachine.data.sync.timeout = 10s (default)
2019-10-11 03:05:40,102 [pool-423-thread-1] INFO  server.RaftServerConfigKeys (ConfUtils.java:logGet(43)) - raft.server.log.statemachine.data.sync.timeout = 10s (default)
2019-10-11 03:05:40,103 [pool-433-thread-1] INFO  util.JmxRegister (JmxRegister.java:tryRegister(44)) - Successfully registered JMX Bean with object name Ratis:service=RaftServer,group=group-6372BBABB1F6,id=45c0a163-083e-49c9-845e-61cf8b5589a2
2019-10-11 03:05:40,103 [pool-423-thread-1] INFO  server.RaftServerConfigKeys (ConfUtils.java:logGet(43)) - raft.server.log.statemachine.data.sync.timeout.retry = -1 (default)
2019-10-11 03:05:40,103 [pool-413-thread-1] INFO  server.RaftServerConfigKeys (ConfUtils.java:logGet(43)) - raft.server.log.statemachine.data.sync.timeout.retry = -1 (default)
2019-10-11 03:05:40,103 [pool-423-thread-1] INFO  server.RaftServerConfigKeys (ConfUtils.java:logGet(43)) - raft.server.log.statemachine.data.caching.enabled = true (custom)
2019-10-11 03:05:40,103 [pool-413-thread-1] INFO  server.RaftServerConfigKeys (ConfUtils.java:logGet(43)) - raft.server.log.statemachine.data.caching.enabled = true (custom)
2019-10-11 03:05:40,103 [pool-423-thread-1] INFO  segmented.SegmentedRaftLogWorker (SegmentedRaftLogWorker.java:lambda$new$0(128)) - d49a7ebe-3f9f-4bbb-851d-549239a20f65@group-6372BBABB1F6-SegmentedRaftLogWorker: flushIndex: setUnconditionally 0 -> -1
2019-10-11 03:05:40,104 [pool-413-thread-1] INFO  segmented.SegmentedRaftLogWorker (SegmentedRaftLogWorker.java:lambda$new$0(128)) - eb2831d7-0f74-4cd2-a555-987bfa41a870@group-6372BBABB1F6-SegmentedRaftLogWorker: flushIndex: setUnconditionally 0 -> -1
2019-10-11 03:05:40,104 [pool-423-thread-1] INFO  server.RaftServerConfigKeys (ConfUtils.java:logGet(43)) - raft.server.snapshot.auto.trigger.enabled = true (custom)
2019-10-11 03:05:40,104 [pool-423-thread-1] INFO  server.RaftServerConfigKeys (ConfUtils.java:logGet(43)) - raft.server.snapshot.auto.trigger.threshold = 10000 (custom)
2019-10-11 03:05:40,104 [pool-413-thread-1] INFO  server.RaftServerConfigKeys (ConfUtils.java:logGet(43)) - raft.server.snapshot.auto.trigger.enabled = true (custom)
2019-10-11 03:05:40,104 [pool-423-thread-1] INFO  server.RaftServerConfigKeys (ConfUtils.java:logGet(43)) - raft.server.snapshot.retention.file.num = 5 (custom)
2019-10-11 03:05:40,104 [pool-413-thread-1] INFO  server.RaftServerConfigKeys (ConfUtils.java:logGet(43)) - raft.server.snapshot.auto.trigger.threshold = 10000 (custom)
2019-10-11 03:05:40,104 [pool-423-thread-1] INFO  server.RaftServerConfigKeys (ConfUtils.java:logGet(43)) - raft.server.retrycache.expirytime = 600000ms (custom)
2019-10-11 03:05:40,105 [pool-413-thread-1] INFO  server.RaftServerConfigKeys (ConfUtils.java:logGet(43)) - raft.server.snapshot.retention.file.num = 5 (custom)
2019-10-11 03:05:40,105 [pool-413-thread-1] INFO  server.RaftServerConfigKeys (ConfUtils.java:logGet(43)) - raft.server.retrycache.expirytime = 600000ms (custom)
2019-10-11 03:05:40,107 [pool-423-thread-1] INFO  impl.RaftServerImpl (RaftServerImpl.java:start(181)) - d49a7ebe-3f9f-4bbb-851d-549239a20f65@group-6372BBABB1F6: start as a follower, conf=-1: [eb2831d7-0f74-4cd2-a555-987bfa41a870:192.168.164.250:38687, d49a7ebe-3f9f-4bbb-851d-549239a20f65:192.168.164.250:41730, 45c0a163-083e-49c9-845e-61cf8b5589a2:192.168.164.250:36211], old=null
2019-10-11 03:05:40,107 [pool-423-thread-1] INFO  impl.RaftServerImpl (RaftServerImpl.java:setRole(170)) - d49a7ebe-3f9f-4bbb-851d-549239a20f65@group-6372BBABB1F6: changes role from      null to FOLLOWER at term 0 for startAsFollower
2019-10-11 03:05:40,107 [pool-423-thread-1] INFO  impl.RoleInfo (RoleInfo.java:updateAndGet(143)) - d49a7ebe-3f9f-4bbb-851d-549239a20f65: start FollowerState
2019-10-11 03:05:40,108 [pool-413-thread-1] INFO  impl.RaftServerImpl (RaftServerImpl.java:start(181)) - eb2831d7-0f74-4cd2-a555-987bfa41a870@group-6372BBABB1F6: start as a follower, conf=-1: [eb2831d7-0f74-4cd2-a555-987bfa41a870:192.168.164.250:38687, d49a7ebe-3f9f-4bbb-851d-549239a20f65:192.168.164.250:41730, 45c0a163-083e-49c9-845e-61cf8b5589a2:192.168.164.250:36211], old=null
2019-10-11 03:05:40,108 [pool-413-thread-1] INFO  impl.RaftServerImpl (RaftServerImpl.java:setRole(170)) - eb2831d7-0f74-4cd2-a555-987bfa41a870@group-6372BBABB1F6: changes role from      null to FOLLOWER at term 0 for startAsFollower
2019-10-11 03:05:40,108 [pool-423-thread-1] INFO  util.JmxRegister (JmxRegister.java:tryRegister(44)) - Successfully registered JMX Bean with object name Ratis:service=RaftServer,group=group-6372BBABB1F6,id=d49a7ebe-3f9f-4bbb-851d-549239a20f65
2019-10-11 03:05:40,108 [pool-413-thread-1] INFO  impl.RoleInfo (RoleInfo.java:updateAndGet(143)) - eb2831d7-0f74-4cd2-a555-987bfa41a870: start FollowerState
2019-10-11 03:05:40,108 [pool-413-thread-1] INFO  util.JmxRegister (JmxRegister.java:tryRegister(44)) - Successfully registered JMX Bean with object name Ratis:service=RaftServer,group=group-6372BBABB1F6,id=eb2831d7-0f74-4cd2-a555-987bfa41a870
2019-10-11 03:05:40,113 [RatisPipelineUtilsThread] INFO  pipeline.PipelineStateManager (PipelineStateManager.java:addPipeline(56)) - Created pipeline Pipeline[ Id: cceedeab-f638-4a2e-906f-6372bbabb1f6, Nodes: 45c0a163-083e-49c9-845e-61cf8b5589a2{ip: 192.168.164.250, host: pr-hdds-2181-fvjjj-1641646571, networkLocation: /default-rack, certSerialId: null}eb2831d7-0f74-4cd2-a555-987bfa41a870{ip: 192.168.164.250, host: pr-hdds-2181-fvjjj-1641646571, networkLocation: /default-rack, certSerialId: null}d49a7ebe-3f9f-4bbb-851d-549239a20f65{ip: 192.168.164.250, host: pr-hdds-2181-fvjjj-1641646571, networkLocation: /default-rack, certSerialId: null}, Type:RATIS, Factor:THREE, State:OPEN]
2019-10-11 03:05:42,507 [Thread-2413] INFO  container.ReplicationManager (ReplicationManager.java:start(162)) - Starting Replication Monitor Thread.
2019-10-11 03:05:42,513 [ReplicationMonitor] INFO  container.ReplicationManager (ReplicationManager.java:run(225)) - Replication Monitor Thread took 0 milliseconds for processing 1 containers.
2019-10-11 03:05:44,612 [Thread-2415] INFO  impl.FollowerState (FollowerState.java:run(108)) - 60bf613d-afd3-4e54-9c95-8ee6268c28f5@group-1F72C42EDC30-FollowerState: change to CANDIDATE, lastRpcTime:5041ms, electionTimeout:5041ms
2019-10-11 03:05:44,612 [Thread-2415] INFO  impl.RoleInfo (RoleInfo.java:shutdownFollowerState(121)) - 60bf613d-afd3-4e54-9c95-8ee6268c28f5: shutdown FollowerState
2019-10-11 03:05:44,613 [Thread-2415] INFO  impl.RaftServerImpl (RaftServerImpl.java:setRole(170)) - 60bf613d-afd3-4e54-9c95-8ee6268c28f5@group-1F72C42EDC30: changes role from  FOLLOWER to CANDIDATE at term 0 for changeToCandidate
2019-10-11 03:05:44,613 [Thread-2415] INFO  impl.RoleInfo (RoleInfo.java:updateAndGet(143)) - 60bf613d-afd3-4e54-9c95-8ee6268c28f5: start LeaderElection
2019-10-11 03:05:44,648 [60bf613d-afd3-4e54-9c95-8ee6268c28f5@group-1F72C42EDC30-LeaderElection105] INFO  impl.LeaderElection (LeaderElection.java:askForVotes(178)) - 60bf613d-afd3-4e54-9c95-8ee6268c28f5@group-1F72C42EDC30-LeaderElection105: begin an election at term 1 for -1: [60bf613d-afd3-4e54-9c95-8ee6268c28f5:192.168.164.250:41203], old=null
2019-10-11 03:05:44,648 [60bf613d-afd3-4e54-9c95-8ee6268c28f5@group-1F72C42EDC30-LeaderElection105] INFO  impl.RoleInfo (RoleInfo.java:shutdownLeaderElection(134)) - 60bf613d-afd3-4e54-9c95-8ee6268c28f5: shutdown LeaderElection
2019-10-11 03:05:44,648 [60bf613d-afd3-4e54-9c95-8ee6268c28f5@group-1F72C42EDC30-LeaderElection105] INFO  impl.RaftServerImpl (RaftServerImpl.java:setRole(170)) - 60bf613d-afd3-4e54-9c95-8ee6268c28f5@group-1F72C42EDC30: changes role from CANDIDATE to LEADER at term 1 for changeToLeader
2019-10-11 03:05:44,649 [60bf613d-afd3-4e54-9c95-8ee6268c28f5@group-1F72C42EDC30-LeaderElection105] INFO  impl.RaftServerImpl (ServerState.java:setLeader(255)) - 60bf613d-afd3-4e54-9c95-8ee6268c28f5@group-1F72C42EDC30: change Leader from null to 60bf613d-afd3-4e54-9c95-8ee6268c28f5 at term 1 for becomeLeader, leader elected after 5085ms
2019-10-11 03:05:44,649 [60bf613d-afd3-4e54-9c95-8ee6268c28f5@group-1F72C42EDC30-LeaderElection105] INFO  server.RaftServerConfigKeys (ConfUtils.java:logGet(43)) - raft.server.staging.catchup.gap = 1000 (default)
2019-10-11 03:05:44,649 [60bf613d-afd3-4e54-9c95-8ee6268c28f5@group-1F72C42EDC30-LeaderElection105] INFO  server.RaftServerConfigKeys (ConfUtils.java:logGet(43)) - raft.server.rpc.sleep.time = 25ms (default)
2019-10-11 03:05:44,650 [60bf613d-afd3-4e54-9c95-8ee6268c28f5@group-1F72C42EDC30-LeaderElection105] INFO  server.RaftServerConfigKeys (ConfUtils.java:logGet(43)) - raft.server.write.element-limit = 4096 (default)
2019-10-11 03:05:44,650 [60bf613d-afd3-4e54-9c95-8ee6268c28f5@group-1F72C42EDC30-LeaderElection105] INFO  server.RaftServerConfigKeys (ConfUtils.java:logGet(43)) - raft.server.watch.timeout = 10s (default)
2019-10-11 03:05:44,650 [60bf613d-afd3-4e54-9c95-8ee6268c28f5@group-1F72C42EDC30-LeaderElection105] INFO  server.RaftServerConfigKeys (ConfUtils.java:logGet(43)) - raft.server.watch.timeout.denomination = 1s (default)
2019-10-11 03:05:44,650 [60bf613d-afd3-4e54-9c95-8ee6268c28f5@group-1F72C42EDC30-LeaderElection105] INFO  server.RaftServerConfigKeys (ConfUtils.java:logGet(43)) - raft.server.watch.element-limit = 65536 (default)
2019-10-11 03:05:44,653 [60bf613d-afd3-4e54-9c95-8ee6268c28f5@group-1F72C42EDC30-LeaderElection105] INFO  impl.RoleInfo (RoleInfo.java:updateAndGet(143)) - 60bf613d-afd3-4e54-9c95-8ee6268c28f5: start LeaderState
2019-10-11 03:05:44,654 [60bf613d-afd3-4e54-9c95-8ee6268c28f5@group-1F72C42EDC30-LeaderElection105] INFO  segmented.SegmentedRaftLogWorker (SegmentedRaftLogWorker.java:startLogSegment(385)) - 60bf613d-afd3-4e54-9c95-8ee6268c28f5@group-1F72C42EDC30-SegmentedRaftLogWorker: Starting segment from index:0
2019-10-11 03:05:44,655 [60bf613d-afd3-4e54-9c95-8ee6268c28f5@group-1F72C42EDC30-LeaderElection105] INFO  impl.RaftServerImpl (ServerState.java:setRaftConf(356)) - 60bf613d-afd3-4e54-9c95-8ee6268c28f5@group-1F72C42EDC30: set configuration 0: [60bf613d-afd3-4e54-9c95-8ee6268c28f5:192.168.164.250:41203], old=null at 0
2019-10-11 03:05:44,706 [60bf613d-afd3-4e54-9c95-8ee6268c28f5@group-1F72C42EDC30-SegmentedRaftLogWorker] INFO  segmented.SegmentedRaftLogWorker (SegmentedRaftLogWorker.java:execute(574)) - 60bf613d-afd3-4e54-9c95-8ee6268c28f5@group-1F72C42EDC30-SegmentedRaftLogWorker: created new log segment /workdir/hadoop-ozone/integration-test/target/test-dir/MiniOzoneClusterImpl-182b0ece-7cb3-4e42-b7d3-89937cdb8567/datanode-0/data/ratis/1ab02fb6-4746-4c6f-97f5-1f72c42edc30/current/log_inprogress_0
2019-10-11 03:05:44,711 [Thread-2418] INFO  impl.FollowerState (FollowerState.java:run(108)) - 82411aba-8f1d-4451-bfc0-982cb7e612b4@group-F0FC2C30182C-FollowerState: change to CANDIDATE, lastRpcTime:5066ms, electionTimeout:5066ms
2019-10-11 03:05:44,712 [Thread-2418] INFO  impl.RoleInfo (RoleInfo.java:shutdownFollowerState(121)) - 82411aba-8f1d-4451-bfc0-982cb7e612b4: shutdown FollowerState
2019-10-11 03:05:44,712 [Thread-2418] INFO  impl.RaftServerImpl (RaftServerImpl.java:setRole(170)) - 82411aba-8f1d-4451-bfc0-982cb7e612b4@group-F0FC2C30182C: changes role from  FOLLOWER to CANDIDATE at term 0 for changeToCandidate
2019-10-11 03:05:44,712 [Thread-2418] INFO  impl.RoleInfo (RoleInfo.java:updateAndGet(143)) - 82411aba-8f1d-4451-bfc0-982cb7e612b4: start LeaderElection
2019-10-11 03:05:44,720 [Thread-2422] INFO  impl.FollowerState (FollowerState.java:run(108)) - 82411aba-8f1d-4451-bfc0-982cb7e612b4@group-F2FC48003ED7-FollowerState: change to CANDIDATE, lastRpcTime:5009ms, electionTimeout:5009ms
2019-10-11 03:05:44,720 [Thread-2422] INFO  impl.RoleInfo (RoleInfo.java:shutdownFollowerState(121)) - 82411aba-8f1d-4451-bfc0-982cb7e612b4: shutdown FollowerState
2019-10-11 03:05:44,720 [Thread-2422] INFO  impl.RaftServerImpl (RaftServerImpl.java:setRole(170)) - 82411aba-8f1d-4451-bfc0-982cb7e612b4@group-F2FC48003ED7: changes role from  FOLLOWER to CANDIDATE at term 0 for changeToCandidate
2019-10-11 03:05:44,720 [Thread-2422] INFO  impl.RoleInfo (RoleInfo.java:updateAndGet(143)) - 82411aba-8f1d-4451-bfc0-982cb7e612b4: start LeaderElection
2019-10-11 03:05:44,743 [82411aba-8f1d-4451-bfc0-982cb7e612b4@group-F0FC2C30182C-LeaderElection106] INFO  impl.LeaderElection (LeaderElection.java:askForVotes(178)) - 82411aba-8f1d-4451-bfc0-982cb7e612b4@group-F0FC2C30182C-LeaderElection106: begin an election at term 1 for -1: [82411aba-8f1d-4451-bfc0-982cb7e612b4:192.168.164.250:38407], old=null
2019-10-11 03:05:44,743 [82411aba-8f1d-4451-bfc0-982cb7e612b4@group-F2FC48003ED7-LeaderElection107] INFO  impl.LeaderElection (LeaderElection.java:askForVotes(178)) - 82411aba-8f1d-4451-bfc0-982cb7e612b4@group-F2FC48003ED7-LeaderElection107: begin an election at term 1 for -1: [60bf613d-afd3-4e54-9c95-8ee6268c28f5:192.168.164.250:41203, fa720458-5a32-4aec-b6c3-6894ebe978b9:192.168.164.250:35731, 82411aba-8f1d-4451-bfc0-982cb7e612b4:192.168.164.250:38407], old=null
2019-10-11 03:05:44,743 [82411aba-8f1d-4451-bfc0-982cb7e612b4@group-F0FC2C30182C-LeaderElection106] INFO  impl.RoleInfo (RoleInfo.java:shutdownLeaderElection(134)) - 82411aba-8f1d-4451-bfc0-982cb7e612b4: shutdown LeaderElection
2019-10-11 03:05:44,743 [82411aba-8f1d-4451-bfc0-982cb7e612b4@group-F0FC2C30182C-LeaderElection106] INFO  impl.RaftServerImpl (RaftServerImpl.java:setRole(170)) - 82411aba-8f1d-4451-bfc0-982cb7e612b4@group-F0FC2C30182C: changes role from CANDIDATE to LEADER at term 1 for changeToLeader
2019-10-11 03:05:44,743 [82411aba-8f1d-4451-bfc0-982cb7e612b4@group-F0FC2C30182C-LeaderElection106] INFO  impl.RaftServerImpl (ServerState.java:setLeader(255)) - 82411aba-8f1d-4451-bfc0-982cb7e612b4@group-F0FC2C30182C: change Leader from null to 82411aba-8f1d-4451-bfc0-982cb7e612b4 at term 1 for becomeLeader, leader elected after 5104ms
2019-10-11 03:05:44,743 [82411aba-8f1d-4451-bfc0-982cb7e612b4@group-F0FC2C30182C-LeaderElection106] INFO  server.RaftServerConfigKeys (ConfUtils.java:logGet(43)) - raft.server.staging.catchup.gap = 1000 (default)
2019-10-11 03:05:44,743 [82411aba-8f1d-4451-bfc0-982cb7e612b4@group-F0FC2C30182C-LeaderElection106] INFO  server.RaftServerConfigKeys (ConfUtils.java:logGet(43)) - raft.server.rpc.sleep.time = 25ms (default)
2019-10-11 03:05:44,744 [82411aba-8f1d-4451-bfc0-982cb7e612b4@group-F0FC2C30182C-LeaderElection106] INFO  server.RaftServerConfigKeys (ConfUtils.java:logGet(43)) - raft.server.write.element-limit = 4096 (default)
2019-10-11 03:05:44,744 [82411aba-8f1d-4451-bfc0-982cb7e612b4@group-F0FC2C30182C-LeaderElection106] INFO  server.RaftServerConfigKeys (ConfUtils.java:logGet(43)) - raft.server.watch.timeout = 10s (default)
2019-10-11 03:05:44,744 [82411aba-8f1d-4451-bfc0-982cb7e612b4@group-F0FC2C30182C-LeaderElection106] INFO  server.RaftServerConfigKeys (ConfUtils.java:logGet(43)) - raft.server.watch.timeout.denomination = 1s (default)
2019-10-11 03:05:44,744 [82411aba-8f1d-4451-bfc0-982cb7e612b4@group-F0FC2C30182C-LeaderElection106] INFO  server.RaftServerConfigKeys (ConfUtils.java:logGet(43)) - raft.server.watch.element-limit = 65536 (default)
2019-10-11 03:05:44,745 [82411aba-8f1d-4451-bfc0-982cb7e612b4@group-F0FC2C30182C-LeaderElection106] INFO  impl.RoleInfo (RoleInfo.java:updateAndGet(143)) - 82411aba-8f1d-4451-bfc0-982cb7e612b4: start LeaderState
2019-10-11 03:05:44,745 [82411aba-8f1d-4451-bfc0-982cb7e612b4@group-F0FC2C30182C-LeaderElection106] INFO  segmented.SegmentedRaftLogWorker (SegmentedRaftLogWorker.java:startLogSegment(385)) - 82411aba-8f1d-4451-bfc0-982cb7e612b4@group-F0FC2C30182C-SegmentedRaftLogWorker: Starting segment from index:0
2019-10-11 03:05:44,746 [82411aba-8f1d-4451-bfc0-982cb7e612b4@group-F0FC2C30182C-LeaderElection106] INFO  impl.RaftServerImpl (ServerState.java:setRaftConf(356)) - 82411aba-8f1d-4451-bfc0-982cb7e612b4@group-F0FC2C30182C: set configuration 0: [82411aba-8f1d-4451-bfc0-982cb7e612b4:192.168.164.250:38407], old=null at 0
2019-10-11 03:05:44,746 [grpc-default-executor-8] INFO  impl.RaftServerImpl (RaftServerImpl.java:setRole(170)) - 60bf613d-afd3-4e54-9c95-8ee6268c28f5@group-F2FC48003ED7: changes role from  FOLLOWER to FOLLOWER at term 1 for recognizeCandidate:82411aba-8f1d-4451-bfc0-982cb7e612b4
2019-10-11 03:05:44,746 [grpc-default-executor-6] INFO  impl.RaftServerImpl (RaftServerImpl.java:setRole(170)) - fa720458-5a32-4aec-b6c3-6894ebe978b9@group-F2FC48003ED7: changes role from  FOLLOWER to FOLLOWER at term 1 for recognizeCandidate:82411aba-8f1d-4451-bfc0-982cb7e612b4
2019-10-11 03:05:44,747 [grpc-default-executor-8] INFO  impl.RoleInfo (RoleInfo.java:shutdownFollowerState(121)) - 60bf613d-afd3-4e54-9c95-8ee6268c28f5: shutdown FollowerState
2019-10-11 03:05:44,747 [grpc-default-executor-6] INFO  impl.RoleInfo (RoleInfo.java:shutdownFollowerState(121)) - fa720458-5a32-4aec-b6c3-6894ebe978b9: shutdown FollowerState
2019-10-11 03:05:44,747 [grpc-default-executor-8] INFO  impl.RoleInfo (RoleInfo.java:updateAndGet(143)) - 60bf613d-afd3-4e54-9c95-8ee6268c28f5: start FollowerState
2019-10-11 03:05:44,747 [grpc-default-executor-6] INFO  impl.RoleInfo (RoleInfo.java:updateAndGet(143)) - fa720458-5a32-4aec-b6c3-6894ebe978b9: start FollowerState
2019-10-11 03:05:44,747 [Thread-2427] INFO  impl.FollowerState (FollowerState.java:run(117)) - fa720458-5a32-4aec-b6c3-6894ebe978b9@group-F2FC48003ED7-FollowerState was interrupted: java.lang.InterruptedException: sleep interrupted
2019-10-11 03:05:44,747 [Thread-2423] INFO  impl.FollowerState (FollowerState.java:run(117)) - 60bf613d-afd3-4e54-9c95-8ee6268c28f5@group-F2FC48003ED7-FollowerState was interrupted: java.lang.InterruptedException: sleep interrupted
2019-10-11 03:05:44,795 [82411aba-8f1d-4451-bfc0-982cb7e612b4@group-F0FC2C30182C-SegmentedRaftLogWorker] INFO  segmented.SegmentedRaftLogWorker (SegmentedRaftLogWorker.java:execute(574)) - 82411aba-8f1d-4451-bfc0-982cb7e612b4@group-F0FC2C30182C-SegmentedRaftLogWorker: created new log segment /workdir/hadoop-ozone/integration-test/target/test-dir/MiniOzoneClusterImpl-182b0ece-7cb3-4e42-b7d3-89937cdb8567/datanode-1/data/ratis/6345e4be-a471-4fc8-8642-f0fc2c30182c/current/log_inprogress_0
2019-10-11 03:05:44,796 [82411aba-8f1d-4451-bfc0-982cb7e612b4@group-F2FC48003ED7-LeaderElection107] INFO  impl.LeaderElection (LeaderElection.java:logAndReturn(56)) - 82411aba-8f1d-4451-bfc0-982cb7e612b4@group-F2FC48003ED7-LeaderElection107: Election PASSED; received 1 response(s) [82411aba-8f1d-4451-bfc0-982cb7e612b4<-fa720458-5a32-4aec-b6c3-6894ebe978b9#0:OK-t1] and 0 exception(s); 82411aba-8f1d-4451-bfc0-982cb7e612b4@group-F2FC48003ED7:t1, leader=null, voted=82411aba-8f1d-4451-bfc0-982cb7e612b4, raftlog=82411aba-8f1d-4451-bfc0-982cb7e612b4@group-F2FC48003ED7-SegmentedRaftLog:OPENED:c-1,f-1,i0, conf=-1: [60bf613d-afd3-4e54-9c95-8ee6268c28f5:192.168.164.250:41203, fa720458-5a32-4aec-b6c3-6894ebe978b9:192.168.164.250:35731, 82411aba-8f1d-4451-bfc0-982cb7e612b4:192.168.164.250:38407], old=null
2019-10-11 03:05:44,796 [82411aba-8f1d-4451-bfc0-982cb7e612b4@group-F2FC48003ED7-LeaderElection107] INFO  impl.RoleInfo (RoleInfo.java:shutdownLeaderElection(134)) - 82411aba-8f1d-4451-bfc0-982cb7e612b4: shutdown LeaderElection
2019-10-11 03:05:44,796 [82411aba-8f1d-4451-bfc0-982cb7e612b4@group-F2FC48003ED7-LeaderElection107] INFO  impl.RaftServerImpl (RaftServerImpl.java:setRole(170)) - 82411aba-8f1d-4451-bfc0-982cb7e612b4@group-F2FC48003ED7: changes role from CANDIDATE to LEADER at term 1 for changeToLeader
2019-10-11 03:05:44,797 [82411aba-8f1d-4451-bfc0-982cb7e612b4@group-F2FC48003ED7-LeaderElection107] INFO  impl.RaftServerImpl (ServerState.java:setLeader(255)) - 82411aba-8f1d-4451-bfc0-982cb7e612b4@group-F2FC48003ED7: change Leader from null to 82411aba-8f1d-4451-bfc0-982cb7e612b4 at term 1 for becomeLeader, leader elected after 5095ms
2019-10-11 03:05:44,797 [82411aba-8f1d-4451-bfc0-982cb7e612b4@group-F2FC48003ED7-LeaderElection107] INFO  server.RaftServerConfigKeys (ConfUtils.java:logGet(43)) - raft.server.staging.catchup.gap = 1000 (default)
2019-10-11 03:05:44,797 [82411aba-8f1d-4451-bfc0-982cb7e612b4@group-F2FC48003ED7-LeaderElection107] INFO  server.RaftServerConfigKeys (ConfUtils.java:logGet(43)) - raft.server.rpc.sleep.time = 25ms (default)
2019-10-11 03:05:44,797 [82411aba-8f1d-4451-bfc0-982cb7e612b4@group-F2FC48003ED7-LeaderElection107] INFO  server.RaftServerConfigKeys (ConfUtils.java:logGet(43)) - raft.server.write.element-limit = 4096 (default)
2019-10-11 03:05:44,797 [82411aba-8f1d-4451-bfc0-982cb7e612b4@group-F2FC48003ED7-LeaderElection107] INFO  server.RaftServerConfigKeys (ConfUtils.java:logGet(43)) - raft.server.watch.timeout = 10s (default)
2019-10-11 03:05:44,797 [82411aba-8f1d-4451-bfc0-982cb7e612b4@group-F2FC48003ED7-LeaderElection107] INFO  server.RaftServerConfigKeys (ConfUtils.java:logGet(43)) - raft.server.watch.timeout.denomination = 1s (default)
2019-10-11 03:05:44,797 [82411aba-8f1d-4451-bfc0-982cb7e612b4@group-F2FC48003ED7-LeaderElection107] INFO  server.RaftServerConfigKeys (ConfUtils.java:logGet(43)) - raft.server.watch.element-limit = 65536 (default)
2019-10-11 03:05:44,799 [82411aba-8f1d-4451-bfc0-982cb7e612b4@group-F2FC48003ED7-LeaderElection107] INFO  server.RaftServerConfigKeys (ConfUtils.java:logGet(43)) - raft.server.log.appender.snapshot.chunk.size.max = 16MB (=16777216) (default)
2019-10-11 03:05:44,799 [82411aba-8f1d-4451-bfc0-982cb7e612b4@group-F2FC48003ED7-LeaderElection107] INFO  server.RaftServerConfigKeys (ConfUtils.java:logGet(43)) - raft.server.log.appender.buffer.byte-limit = 33554432 (custom)
2019-10-11 03:05:44,799 [82411aba-8f1d-4451-bfc0-982cb7e612b4@group-F2FC48003ED7-LeaderElection107] INFO  server.RaftServerConfigKeys (ConfUtils.java:logGet(43)) - raft.server.log.appender.buffer.element-limit = 1 (custom)
2019-10-11 03:05:44,800 [82411aba-8f1d-4451-bfc0-982cb7e612b4@group-F2FC48003ED7-LeaderElection107] INFO  grpc.GrpcConfigKeys$Server (ConfUtils.java:logGet(43)) - raft.grpc.server.leader.outstanding.appends.max = 128 (default)
2019-10-11 03:05:44,800 [82411aba-8f1d-4451-bfc0-982cb7e612b4@group-F2FC48003ED7-LeaderElection107] INFO  server.RaftServerConfigKeys (ConfUtils.java:logGet(43)) - raft.server.rpc.request.timeout = 3000ms (default)
2019-10-11 03:05:44,800 [82411aba-8f1d-4451-bfc0-982cb7e612b4@group-F2FC48003ED7-LeaderElection107] INFO  server.RaftServerConfigKeys (ConfUtils.java:logGet(43)) - raft.server.log.appender.install.snapshot.enabled = false (custom)
2019-10-11 03:05:44,800 [82411aba-8f1d-4451-bfc0-982cb7e612b4@group-F2FC48003ED7-LeaderElection107] INFO  server.RaftServerConfigKeys (ConfUtils.java:logGet(43)) - raft.server.log.appender.snapshot.chunk.size.max = 16MB (=16777216) (default)
2019-10-11 03:05:44,800 [82411aba-8f1d-4451-bfc0-982cb7e612b4@group-F2FC48003ED7-LeaderElection107] INFO  server.RaftServerConfigKeys (ConfUtils.java:logGet(43)) - raft.server.log.appender.buffer.byte-limit = 33554432 (custom)
2019-10-11 03:05:44,800 [82411aba-8f1d-4451-bfc0-982cb7e612b4@group-F2FC48003ED7-LeaderElection107] INFO  server.RaftServerConfigKeys (ConfUtils.java:logGet(43)) - raft.server.log.appender.buffer.element-limit = 1 (custom)
2019-10-11 03:05:44,801 [82411aba-8f1d-4451-bfc0-982cb7e612b4@group-F2FC48003ED7-LeaderElection107] INFO  grpc.GrpcConfigKeys$Server (ConfUtils.java:logGet(43)) - raft.grpc.server.leader.outstanding.appends.max = 128 (default)
2019-10-11 03:05:44,801 [82411aba-8f1d-4451-bfc0-982cb7e612b4@group-F2FC48003ED7-LeaderElection107] INFO  server.RaftServerConfigKeys (ConfUtils.java:logGet(43)) - raft.server.rpc.request.timeout = 3000ms (default)
2019-10-11 03:05:44,801 [82411aba-8f1d-4451-bfc0-982cb7e612b4@group-F2FC48003ED7-LeaderElection107] INFO  server.RaftServerConfigKeys (ConfUtils.java:logGet(43)) - raft.server.log.appender.install.snapshot.enabled = false (custom)
2019-10-11 03:05:44,801 [82411aba-8f1d-4451-bfc0-982cb7e612b4@group-F2FC48003ED7-LeaderElection107] INFO  impl.RoleInfo (RoleInfo.java:updateAndGet(143)) - 82411aba-8f1d-4451-bfc0-982cb7e612b4: start LeaderState
2019-10-11 03:05:44,801 [82411aba-8f1d-4451-bfc0-982cb7e612b4@group-F2FC48003ED7-LeaderElection107] INFO  segmented.SegmentedRaftLogWorker (SegmentedRaftLogWorker.java:startLogSegment(385)) - 82411aba-8f1d-4451-bfc0-982cb7e612b4@group-F2FC48003ED7-SegmentedRaftLogWorker: Starting segment from index:0
2019-10-11 03:05:44,802 [82411aba-8f1d-4451-bfc0-982cb7e612b4@group-F2FC48003ED7-LeaderElection107] INFO  impl.RaftServerImpl (ServerState.java:setRaftConf(356)) - 82411aba-8f1d-4451-bfc0-982cb7e612b4@group-F2FC48003ED7: set configuration 0: [60bf613d-afd3-4e54-9c95-8ee6268c28f5:192.168.164.250:41203, fa720458-5a32-4aec-b6c3-6894ebe978b9:192.168.164.250:35731, 82411aba-8f1d-4451-bfc0-982cb7e612b4:192.168.164.250:38407], old=null at 0
2019-10-11 03:05:44,803 [grpc-default-executor-8] INFO  impl.RaftServerImpl (ServerState.java:setLeader(255)) - 60bf613d-afd3-4e54-9c95-8ee6268c28f5@group-F2FC48003ED7: change Leader from null to 82411aba-8f1d-4451-bfc0-982cb7e612b4 at term 1 for appendEntries, leader elected after 5101ms
2019-10-11 03:05:44,803 [grpc-default-executor-6] INFO  impl.RaftServerImpl (ServerState.java:setLeader(255)) - fa720458-5a32-4aec-b6c3-6894ebe978b9@group-F2FC48003ED7: change Leader from null to 82411aba-8f1d-4451-bfc0-982cb7e612b4 at term 1 for appendEntries, leader elected after 5101ms
2019-10-11 03:05:44,834 [Thread-2430] INFO  impl.FollowerState (FollowerState.java:run(108)) - fa720458-5a32-4aec-b6c3-6894ebe978b9@group-50638E578C35-FollowerState: change to CANDIDATE, lastRpcTime:5065ms, electionTimeout:5035ms
2019-10-11 03:05:44,837 [Thread-2430] INFO  impl.RoleInfo (RoleInfo.java:shutdownFollowerState(121)) - fa720458-5a32-4aec-b6c3-6894ebe978b9: shutdown FollowerState
2019-10-11 03:05:44,838 [Thread-2430] INFO  impl.RaftServerImpl (RaftServerImpl.java:setRole(170)) - fa720458-5a32-4aec-b6c3-6894ebe978b9@group-50638E578C35: changes role from  FOLLOWER to CANDIDATE at term 0 for changeToCandidate
2019-10-11 03:05:44,838 [Thread-2430] INFO  impl.RoleInfo (RoleInfo.java:updateAndGet(143)) - fa720458-5a32-4aec-b6c3-6894ebe978b9: start LeaderElection
2019-10-11 03:05:44,844 [grpc-default-executor-8] INFO  impl.RaftServerImpl (ServerState.java:setRaftConf(356)) - 60bf613d-afd3-4e54-9c95-8ee6268c28f5@group-F2FC48003ED7: set configuration 0: [60bf613d-afd3-4e54-9c95-8ee6268c28f5:192.168.164.250:41203, fa720458-5a32-4aec-b6c3-6894ebe978b9:192.168.164.250:35731, 82411aba-8f1d-4451-bfc0-982cb7e612b4:192.168.164.250:38407], old=null at 0
2019-10-11 03:05:44,844 [grpc-default-executor-6] INFO  impl.RaftServerImpl (ServerState.java:setRaftConf(356)) - fa720458-5a32-4aec-b6c3-6894ebe978b9@group-F2FC48003ED7: set configuration 0: [60bf613d-afd3-4e54-9c95-8ee6268c28f5:192.168.164.250:41203, fa720458-5a32-4aec-b6c3-6894ebe978b9:192.168.164.250:35731, 82411aba-8f1d-4451-bfc0-982cb7e612b4:192.168.164.250:38407], old=null at 0
2019-10-11 03:05:44,844 [grpc-default-executor-8] INFO  segmented.SegmentedRaftLogWorker (SegmentedRaftLogWorker.java:startLogSegment(385)) - 60bf613d-afd3-4e54-9c95-8ee6268c28f5@group-F2FC48003ED7-SegmentedRaftLogWorker: Starting segment from index:0
2019-10-11 03:05:44,844 [grpc-default-executor-6] INFO  segmented.SegmentedRaftLogWorker (SegmentedRaftLogWorker.java:startLogSegment(385)) - fa720458-5a32-4aec-b6c3-6894ebe978b9@group-F2FC48003ED7-SegmentedRaftLogWorker: Starting segment from index:0
2019-10-11 03:05:44,856 [Thread-2433] INFO  impl.FollowerState (FollowerState.java:run(108)) - eb2831d7-0f74-4cd2-a555-987bfa41a870@group-90A89874800F-FollowerState: change to CANDIDATE, lastRpcTime:5038ms, electionTimeout:5038ms
2019-10-11 03:05:44,856 [Thread-2433] INFO  impl.RoleInfo (RoleInfo.java:shutdownFollowerState(121)) - eb2831d7-0f74-4cd2-a555-987bfa41a870: shutdown FollowerState
2019-10-11 03:05:44,856 [Thread-2433] INFO  impl.RaftServerImpl (RaftServerImpl.java:setRole(170)) - eb2831d7-0f74-4cd2-a555-987bfa41a870@group-90A89874800F: changes role from  FOLLOWER to CANDIDATE at term 0 for changeToCandidate
2019-10-11 03:05:44,857 [Thread-2433] INFO  impl.RoleInfo (RoleInfo.java:updateAndGet(143)) - eb2831d7-0f74-4cd2-a555-987bfa41a870: start LeaderElection
2019-10-11 03:05:44,886 [82411aba-8f1d-4451-bfc0-982cb7e612b4@group-F2FC48003ED7-SegmentedRaftLogWorker] INFO  segmented.SegmentedRaftLogWorker (SegmentedRaftLogWorker.java:execute(574)) - 82411aba-8f1d-4451-bfc0-982cb7e612b4@group-F2FC48003ED7-SegmentedRaftLogWorker: created new log segment /workdir/hadoop-ozone/integration-test/target/test-dir/MiniOzoneClusterImpl-182b0ece-7cb3-4e42-b7d3-89937cdb8567/datanode-1/data/ratis/0c74dcf3-df49-45d9-a3f5-f2fc48003ed7/current/log_inprogress_0
2019-10-11 03:05:44,886 [fa720458-5a32-4aec-b6c3-6894ebe978b9@group-50638E578C35-LeaderElection108] INFO  impl.LeaderElection (LeaderElection.java:askForVotes(178)) - fa720458-5a32-4aec-b6c3-6894ebe978b9@group-50638E578C35-LeaderElection108: begin an election at term 1 for -1: [fa720458-5a32-4aec-b6c3-6894ebe978b9:192.168.164.250:35731], old=null
2019-10-11 03:05:44,887 [fa720458-5a32-4aec-b6c3-6894ebe978b9@group-50638E578C35-LeaderElection108] INFO  impl.RoleInfo (RoleInfo.java:shutdownLeaderElection(134)) - fa720458-5a32-4aec-b6c3-6894ebe978b9: shutdown LeaderElection
2019-10-11 03:05:44,887 [fa720458-5a32-4aec-b6c3-6894ebe978b9@group-50638E578C35-LeaderElection108] INFO  impl.RaftServerImpl (RaftServerImpl.java:setRole(170)) - fa720458-5a32-4aec-b6c3-6894ebe978b9@group-50638E578C35: changes role from CANDIDATE to LEADER at term 1 for changeToLeader
2019-10-11 03:05:44,887 [fa720458-5a32-4aec-b6c3-6894ebe978b9@group-50638E578C35-LeaderElection108] INFO  impl.RaftServerImpl (ServerState.java:setLeader(255)) - fa720458-5a32-4aec-b6c3-6894ebe978b9@group-50638E578C35: change Leader from null to fa720458-5a32-4aec-b6c3-6894ebe978b9 at term 1 for becomeLeader, leader elected after 5123ms
2019-10-11 03:05:44,887 [fa720458-5a32-4aec-b6c3-6894ebe978b9@group-50638E578C35-LeaderElection108] INFO  server.RaftServerConfigKeys (ConfUtils.java:logGet(43)) - raft.server.staging.catchup.gap = 1000 (default)
2019-10-11 03:05:44,887 [fa720458-5a32-4aec-b6c3-6894ebe978b9@group-50638E578C35-LeaderElection108] INFO  server.RaftServerConfigKeys (ConfUtils.java:logGet(43)) - raft.server.rpc.sleep.time = 25ms (default)
2019-10-11 03:05:44,887 [fa720458-5a32-4aec-b6c3-6894ebe978b9@group-50638E578C35-LeaderElection108] INFO  server.RaftServerConfigKeys (ConfUtils.java:logGet(43)) - raft.server.write.element-limit = 4096 (default)
2019-10-11 03:05:44,888 [fa720458-5a32-4aec-b6c3-6894ebe978b9@group-50638E578C35-LeaderElection108] INFO  server.RaftServerConfigKeys (ConfUtils.java:logGet(43)) - raft.server.watch.timeout = 10s (default)
2019-10-11 03:05:44,888 [fa720458-5a32-4aec-b6c3-6894ebe978b9@group-50638E578C35-LeaderElection108] INFO  server.RaftServerConfigKeys (ConfUtils.java:logGet(43)) - raft.server.watch.timeout.denomination = 1s (default)
2019-10-11 03:05:44,888 [fa720458-5a32-4aec-b6c3-6894ebe978b9@group-50638E578C35-LeaderElection108] INFO  server.RaftServerConfigKeys (ConfUtils.java:logGet(43)) - raft.server.watch.element-limit = 65536 (default)
2019-10-11 03:05:44,889 [fa720458-5a32-4aec-b6c3-6894ebe978b9@group-50638E578C35-LeaderElection108] INFO  impl.RoleInfo (RoleInfo.java:updateAndGet(143)) - fa720458-5a32-4aec-b6c3-6894ebe978b9: start LeaderState
2019-10-11 03:05:44,890 [fa720458-5a32-4aec-b6c3-6894ebe978b9@group-50638E578C35-LeaderElection108] INFO  segmented.SegmentedRaftLogWorker (SegmentedRaftLogWorker.java:startLogSegment(385)) - fa720458-5a32-4aec-b6c3-6894ebe978b9@group-50638E578C35-SegmentedRaftLogWorker: Starting segment from index:0
2019-10-11 03:05:44,890 [fa720458-5a32-4aec-b6c3-6894ebe978b9@group-50638E578C35-LeaderElection108] INFO  impl.RaftServerImpl (ServerState.java:setRaftConf(356)) - fa720458-5a32-4aec-b6c3-6894ebe978b9@group-50638E578C35: set configuration 0: [fa720458-5a32-4aec-b6c3-6894ebe978b9:192.168.164.250:35731], old=null at 0
2019-10-11 03:05:44,905 [60bf613d-afd3-4e54-9c95-8ee6268c28f5@group-F2FC48003ED7-SegmentedRaftLogWorker] INFO  segmented.SegmentedRaftLogWorker (SegmentedRaftLogWorker.java:execute(574)) - 60bf613d-afd3-4e54-9c95-8ee6268c28f5@group-F2FC48003ED7-SegmentedRaftLogWorker: created new log segment /workdir/hadoop-ozone/integration-test/target/test-dir/MiniOzoneClusterImpl-182b0ece-7cb3-4e42-b7d3-89937cdb8567/datanode-0/data/ratis/0c74dcf3-df49-45d9-a3f5-f2fc48003ed7/current/log_inprogress_0
2019-10-11 03:05:44,905 [eb2831d7-0f74-4cd2-a555-987bfa41a870@group-90A89874800F-LeaderElection109] INFO  impl.LeaderElection (LeaderElection.java:askForVotes(178)) - eb2831d7-0f74-4cd2-a555-987bfa41a870@group-90A89874800F-LeaderElection109: begin an election at term 1 for -1: [eb2831d7-0f74-4cd2-a555-987bfa41a870:192.168.164.250:38687], old=null
2019-10-11 03:05:44,905 [fa720458-5a32-4aec-b6c3-6894ebe978b9@group-F2FC48003ED7-SegmentedRaftLogWorker] INFO  segmented.SegmentedRaftLogWorker (SegmentedRaftLogWorker.java:execute(574)) - fa720458-5a32-4aec-b6c3-6894ebe978b9@group-F2FC48003ED7-SegmentedRaftLogWorker: created new log segment /workdir/hadoop-ozone/integration-test/target/test-dir/MiniOzoneClusterImpl-182b0ece-7cb3-4e42-b7d3-89937cdb8567/datanode-2/data/ratis/0c74dcf3-df49-45d9-a3f5-f2fc48003ed7/current/log_inprogress_0
2019-10-11 03:05:44,905 [eb2831d7-0f74-4cd2-a555-987bfa41a870@group-90A89874800F-LeaderElection109] INFO  impl.RoleInfo (RoleInfo.java:shutdownLeaderElection(134)) - eb2831d7-0f74-4cd2-a555-987bfa41a870: shutdown LeaderElection
2019-10-11 03:05:44,906 [eb2831d7-0f74-4cd2-a555-987bfa41a870@group-90A89874800F-LeaderElection109] INFO  impl.RaftServerImpl (RaftServerImpl.java:setRole(170)) - eb2831d7-0f74-4cd2-a555-987bfa41a870@group-90A89874800F: changes role from CANDIDATE to LEADER at term 1 for changeToLeader
2019-10-11 03:05:44,906 [eb2831d7-0f74-4cd2-a555-987bfa41a870@group-90A89874800F-LeaderElection109] INFO  impl.RaftServerImpl (ServerState.java:setLeader(255)) - eb2831d7-0f74-4cd2-a555-987bfa41a870@group-90A89874800F: change Leader from null to eb2831d7-0f74-4cd2-a555-987bfa41a870 at term 1 for becomeLeader, leader elected after 5094ms
2019-10-11 03:05:44,906 [eb2831d7-0f74-4cd2-a555-987bfa41a870@group-90A89874800F-LeaderElection109] INFO  server.RaftServerConfigKeys (ConfUtils.java:logGet(43)) - raft.server.staging.catchup.gap = 1000 (default)
2019-10-11 03:05:44,906 [eb2831d7-0f74-4cd2-a555-987bfa41a870@group-90A89874800F-LeaderElection109] INFO  server.RaftServerConfigKeys (ConfUtils.java:logGet(43)) - raft.server.rpc.sleep.time = 25ms (default)
2019-10-11 03:05:44,906 [eb2831d7-0f74-4cd2-a555-987bfa41a870@group-90A89874800F-LeaderElection109] INFO  server.RaftServerConfigKeys (ConfUtils.java:logGet(43)) - raft.server.write.element-limit = 4096 (default)
2019-10-11 03:05:44,906 [eb2831d7-0f74-4cd2-a555-987bfa41a870@group-90A89874800F-LeaderElection109] INFO  server.RaftServerConfigKeys (ConfUtils.java:logGet(43)) - raft.server.watch.timeout = 10s (default)
2019-10-11 03:05:44,906 [eb2831d7-0f74-4cd2-a555-987bfa41a870@group-90A89874800F-LeaderElection109] INFO  server.RaftServerConfigKeys (ConfUtils.java:logGet(43)) - raft.server.watch.timeout.denomination = 1s (default)
2019-10-11 03:05:44,907 [eb2831d7-0f74-4cd2-a555-987bfa41a870@group-90A89874800F-LeaderElection109] INFO  server.RaftServerConfigKeys (ConfUtils.java:logGet(43)) - raft.server.watch.element-limit = 65536 (default)
2019-10-11 03:05:44,908 [eb2831d7-0f74-4cd2-a555-987bfa41a870@group-90A89874800F-LeaderElection109] INFO  impl.RoleInfo (RoleInfo.java:updateAndGet(143)) - eb2831d7-0f74-4cd2-a555-987bfa41a870: start LeaderState
2019-10-11 03:05:44,908 [eb2831d7-0f74-4cd2-a555-987bfa41a870@group-90A89874800F-LeaderElection109] INFO  segmented.SegmentedRaftLogWorker (SegmentedRaftLogWorker.java:startLogSegment(385)) - eb2831d7-0f74-4cd2-a555-987bfa41a870@group-90A89874800F-SegmentedRaftLogWorker: Starting segment from index:0
2019-10-11 03:05:44,909 [eb2831d7-0f74-4cd2-a555-987bfa41a870@group-90A89874800F-LeaderElection109] INFO  impl.RaftServerImpl (ServerState.java:setRaftConf(356)) - eb2831d7-0f74-4cd2-a555-987bfa41a870@group-90A89874800F: set configuration 0: [eb2831d7-0f74-4cd2-a555-987bfa41a870:192.168.164.250:38687], old=null at 0
2019-10-11 03:05:44,928 [fa720458-5a32-4aec-b6c3-6894ebe978b9@group-50638E578C35-SegmentedRaftLogWorker] INFO  segmented.SegmentedRaftLogWorker (SegmentedRaftLogWorker.java:execute(574)) - fa720458-5a32-4aec-b6c3-6894ebe978b9@group-50638E578C35-SegmentedRaftLogWorker: created new log segment /workdir/hadoop-ozone/integration-test/target/test-dir/MiniOzoneClusterImpl-182b0ece-7cb3-4e42-b7d3-89937cdb8567/datanode-2/data/ratis/ebdf407d-0bcd-4c57-80ef-50638e578c35/current/log_inprogress_0
2019-10-11 03:05:44,942 [eb2831d7-0f74-4cd2-a555-987bfa41a870@group-90A89874800F-SegmentedRaftLogWorker] INFO  segmented.SegmentedRaftLogWorker (SegmentedRaftLogWorker.java:execute(574)) - eb2831d7-0f74-4cd2-a555-987bfa41a870@group-90A89874800F-SegmentedRaftLogWorker: created new log segment /workdir/hadoop-ozone/integration-test/target/test-dir/MiniOzoneClusterImpl-182b0ece-7cb3-4e42-b7d3-89937cdb8567/datanode-3/data/ratis/62d93cc1-78d1-4756-bed6-90a89874800f/current/log_inprogress_0
2019-10-11 03:05:45,015 [Thread-2436] INFO  impl.FollowerState (FollowerState.java:run(108)) - d49a7ebe-3f9f-4bbb-851d-549239a20f65@group-5D6D7FF5357C-FollowerState: change to CANDIDATE, lastRpcTime:5134ms, electionTimeout:5134ms
2019-10-11 03:05:45,015 [Thread-2436] INFO  impl.RoleInfo (RoleInfo.java:shutdownFollowerState(121)) - d49a7ebe-3f9f-4bbb-851d-549239a20f65: shutdown FollowerState
2019-10-11 03:05:45,015 [Thread-2436] INFO  impl.RaftServerImpl (RaftServerImpl.java:setRole(170)) - d49a7ebe-3f9f-4bbb-851d-549239a20f65@group-5D6D7FF5357C: changes role from  FOLLOWER to CANDIDATE at term 0 for changeToCandidate
2019-10-11 03:05:45,015 [Thread-2436] INFO  impl.RoleInfo (RoleInfo.java:updateAndGet(143)) - d49a7ebe-3f9f-4bbb-851d-549239a20f65: start LeaderElection
2019-10-11 03:05:45,042 [d49a7ebe-3f9f-4bbb-851d-549239a20f65@group-5D6D7FF5357C-LeaderElection110] INFO  impl.LeaderElection (LeaderElection.java:askForVotes(178)) - d49a7ebe-3f9f-4bbb-851d-549239a20f65@group-5D6D7FF5357C-LeaderElection110: begin an election at term 1 for -1: [d49a7ebe-3f9f-4bbb-851d-549239a20f65:192.168.164.250:41730], old=null
2019-10-11 03:05:45,042 [d49a7ebe-3f9f-4bbb-851d-549239a20f65@group-5D6D7FF5357C-LeaderElection110] INFO  impl.RoleInfo (RoleInfo.java:shutdownLeaderElection(134)) - d49a7ebe-3f9f-4bbb-851d-549239a20f65: shutdown LeaderElection
2019-10-11 03:05:45,042 [d49a7ebe-3f9f-4bbb-851d-549239a20f65@group-5D6D7FF5357C-LeaderElection110] INFO  impl.RaftServerImpl (RaftServerImpl.java:setRole(170)) - d49a7ebe-3f9f-4bbb-851d-549239a20f65@group-5D6D7FF5357C: changes role from CANDIDATE to LEADER at term 1 for changeToLeader
2019-10-11 03:05:45,042 [d49a7ebe-3f9f-4bbb-851d-549239a20f65@group-5D6D7FF5357C-LeaderElection110] INFO  impl.RaftServerImpl (ServerState.java:setLeader(255)) - d49a7ebe-3f9f-4bbb-851d-549239a20f65@group-5D6D7FF5357C: change Leader from null to d49a7ebe-3f9f-4bbb-851d-549239a20f65 at term 1 for becomeLeader, leader elected after 5170ms
2019-10-11 03:05:45,042 [d49a7ebe-3f9f-4bbb-851d-549239a20f65@group-5D6D7FF5357C-LeaderElection110] INFO  server.RaftServerConfigKeys (ConfUtils.java:logGet(43)) - raft.server.staging.catchup.gap = 1000 (default)
2019-10-11 03:05:45,042 [d49a7ebe-3f9f-4bbb-851d-549239a20f65@group-5D6D7FF5357C-LeaderElection110] INFO  server.RaftServerConfigKeys (ConfUtils.java:logGet(43)) - raft.server.rpc.sleep.time = 25ms (default)
2019-10-11 03:05:45,043 [d49a7ebe-3f9f-4bbb-851d-549239a20f65@group-5D6D7FF5357C-LeaderElection110] INFO  server.RaftServerConfigKeys (ConfUtils.java:logGet(43)) - raft.server.write.element-limit = 4096 (default)
2019-10-11 03:05:45,043 [d49a7ebe-3f9f-4bbb-851d-549239a20f65@group-5D6D7FF5357C-LeaderElection110] INFO  server.RaftServerConfigKeys (ConfUtils.java:logGet(43)) - raft.server.watch.timeout = 10s (default)
2019-10-11 03:05:45,043 [Thread-2439] INFO  impl.FollowerState (FollowerState.java:run(108)) - 45c0a163-083e-49c9-845e-61cf8b5589a2@group-A7C81D29442B-FollowerState: change to CANDIDATE, lastRpcTime:5088ms, electionTimeout:5088ms
2019-10-11 03:05:45,043 [d49a7ebe-3f9f-4bbb-851d-549239a20f65@group-5D6D7FF5357C-LeaderElection110] INFO  server.RaftServerConfigKeys (ConfUtils.java:logGet(43)) - raft.server.watch.timeout.denomination = 1s (default)
2019-10-11 03:05:45,043 [Thread-2439] INFO  impl.RoleInfo (RoleInfo.java:shutdownFollowerState(121)) - 45c0a163-083e-49c9-845e-61cf8b5589a2: shutdown FollowerState
2019-10-11 03:05:45,043 [d49a7ebe-3f9f-4bbb-851d-549239a20f65@group-5D6D7FF5357C-LeaderElection110] INFO  server.RaftServerConfigKeys (ConfUtils.java:logGet(43)) - raft.server.watch.element-limit = 65536 (default)
2019-10-11 03:05:45,043 [Thread-2439] INFO  impl.RaftServerImpl (RaftServerImpl.java:setRole(170)) - 45c0a163-083e-49c9-845e-61cf8b5589a2@group-A7C81D29442B: changes role from  FOLLOWER to CANDIDATE at term 0 for changeToCandidate
2019-10-11 03:05:45,043 [Thread-2439] INFO  impl.RoleInfo (RoleInfo.java:updateAndGet(143)) - 45c0a163-083e-49c9-845e-61cf8b5589a2: start LeaderElection
2019-10-11 03:05:45,053 [d49a7ebe-3f9f-4bbb-851d-549239a20f65@group-5D6D7FF5357C-LeaderElection110] INFO  impl.RoleInfo (RoleInfo.java:updateAndGet(143)) - d49a7ebe-3f9f-4bbb-851d-549239a20f65: start LeaderState
2019-10-11 03:05:45,053 [d49a7ebe-3f9f-4bbb-851d-549239a20f65@group-5D6D7FF5357C-LeaderElection110] INFO  segmented.SegmentedRaftLogWorker (SegmentedRaftLogWorker.java:startLogSegment(385)) - d49a7ebe-3f9f-4bbb-851d-549239a20f65@group-5D6D7FF5357C-SegmentedRaftLogWorker: Starting segment from index:0
2019-10-11 03:05:45,053 [d49a7ebe-3f9f-4bbb-851d-549239a20f65@group-5D6D7FF5357C-LeaderElection110] INFO  impl.RaftServerImpl (ServerState.java:setRaftConf(356)) - d49a7ebe-3f9f-4bbb-851d-549239a20f65@group-5D6D7FF5357C: set configuration 0: [d49a7ebe-3f9f-4bbb-851d-549239a20f65:192.168.164.250:41730], old=null at 0
2019-10-11 03:05:45,075 [45c0a163-083e-49c9-845e-61cf8b5589a2@group-A7C81D29442B-LeaderElection111] INFO  impl.LeaderElection (LeaderElection.java:askForVotes(178)) - 45c0a163-083e-49c9-845e-61cf8b5589a2@group-A7C81D29442B-LeaderElection111: begin an election at term 1 for -1: [45c0a163-083e-49c9-845e-61cf8b5589a2:192.168.164.250:36211], old=null
2019-10-11 03:05:45,075 [45c0a163-083e-49c9-845e-61cf8b5589a2@group-A7C81D29442B-LeaderElection111] INFO  impl.RoleInfo (RoleInfo.java:shutdownLeaderElection(134)) - 45c0a163-083e-49c9-845e-61cf8b5589a2: shutdown LeaderElection
2019-10-11 03:05:45,075 [45c0a163-083e-49c9-845e-61cf8b5589a2@group-A7C81D29442B-LeaderElection111] INFO  impl.RaftServerImpl (RaftServerImpl.java:setRole(170)) - 45c0a163-083e-49c9-845e-61cf8b5589a2@group-A7C81D29442B: changes role from CANDIDATE to LEADER at term 1 for changeToLeader
2019-10-11 03:05:45,075 [45c0a163-083e-49c9-845e-61cf8b5589a2@group-A7C81D29442B-LeaderElection111] INFO  impl.RaftServerImpl (ServerState.java:setLeader(255)) - 45c0a163-083e-49c9-845e-61cf8b5589a2@group-A7C81D29442B: change Leader from null to 45c0a163-083e-49c9-845e-61cf8b5589a2 at term 1 for becomeLeader, leader elected after 5128ms
2019-10-11 03:05:45,076 [45c0a163-083e-49c9-845e-61cf8b5589a2@group-A7C81D29442B-LeaderElection111] INFO  server.RaftServerConfigKeys (ConfUtils.java:logGet(43)) - raft.server.staging.catchup.gap = 1000 (default)
2019-10-11 03:05:45,076 [45c0a163-083e-49c9-845e-61cf8b5589a2@group-A7C81D29442B-LeaderElection111] INFO  server.RaftServerConfigKeys (ConfUtils.java:logGet(43)) - raft.server.rpc.sleep.time = 25ms (default)
2019-10-11 03:05:45,076 [45c0a163-083e-49c9-845e-61cf8b5589a2@group-A7C81D29442B-LeaderElection111] INFO  server.RaftServerConfigKeys (ConfUtils.java:logGet(43)) - raft.server.write.element-limit = 4096 (default)
2019-10-11 03:05:45,076 [45c0a163-083e-49c9-845e-61cf8b5589a2@group-A7C81D29442B-LeaderElection111] INFO  server.RaftServerConfigKeys (ConfUtils.java:logGet(43)) - raft.server.watch.timeout = 10s (default)
2019-10-11 03:05:45,076 [45c0a163-083e-49c9-845e-61cf8b5589a2@group-A7C81D29442B-LeaderElection111] INFO  server.RaftServerConfigKeys (ConfUtils.java:logGet(43)) - raft.server.watch.timeout.denomination = 1s (default)
2019-10-11 03:05:45,077 [45c0a163-083e-49c9-845e-61cf8b5589a2@group-A7C81D29442B-LeaderElection111] INFO  server.RaftServerConfigKeys (ConfUtils.java:logGet(43)) - raft.server.watch.element-limit = 65536 (default)
2019-10-11 03:05:45,079 [45c0a163-083e-49c9-845e-61cf8b5589a2@group-A7C81D29442B-LeaderElection111] INFO  impl.RoleInfo (RoleInfo.java:updateAndGet(143)) - 45c0a163-083e-49c9-845e-61cf8b5589a2: start LeaderState
2019-10-11 03:05:45,079 [45c0a163-083e-49c9-845e-61cf8b5589a2@group-A7C81D29442B-LeaderElection111] INFO  segmented.SegmentedRaftLogWorker (SegmentedRaftLogWorker.java:startLogSegment(385)) - 45c0a163-083e-49c9-845e-61cf8b5589a2@group-A7C81D29442B-SegmentedRaftLogWorker: Starting segment from index:0
2019-10-11 03:05:45,080 [45c0a163-083e-49c9-845e-61cf8b5589a2@group-A7C81D29442B-LeaderElection111] INFO  impl.RaftServerImpl (ServerState.java:setRaftConf(356)) - 45c0a163-083e-49c9-845e-61cf8b5589a2@group-A7C81D29442B: set configuration 0: [45c0a163-083e-49c9-845e-61cf8b5589a2:192.168.164.250:36211], old=null at 0
2019-10-11 03:05:45,109 [d49a7ebe-3f9f-4bbb-851d-549239a20f65@group-5D6D7FF5357C-SegmentedRaftLogWorker] INFO  segmented.SegmentedRaftLogWorker (SegmentedRaftLogWorker.java:execute(574)) - d49a7ebe-3f9f-4bbb-851d-549239a20f65@group-5D6D7FF5357C-SegmentedRaftLogWorker: created new log segment /workdir/hadoop-ozone/integration-test/target/test-dir/MiniOzoneClusterImpl-182b0ece-7cb3-4e42-b7d3-89937cdb8567/datanode-4/data/ratis/c174b75a-6011-4119-b21b-5d6d7ff5357c/current/log_inprogress_0
2019-10-11 03:05:45,119 [Thread-2444] INFO  impl.FollowerState (FollowerState.java:run(108)) - 3818be35-5a2b-4ae9-8b30-f68fcda0a94f@group-55D33A330AF8-FollowerState: change to CANDIDATE, lastRpcTime:5080ms, electionTimeout:5080ms
2019-10-11 03:05:45,120 [Thread-2444] INFO  impl.RoleInfo (RoleInfo.java:shutdownFollowerState(121)) - 3818be35-5a2b-4ae9-8b30-f68fcda0a94f: shutdown FollowerState
2019-10-11 03:05:45,120 [Thread-2444] INFO  impl.RaftServerImpl (RaftServerImpl.java:setRole(170)) - 3818be35-5a2b-4ae9-8b30-f68fcda0a94f@group-55D33A330AF8: changes role from  FOLLOWER to CANDIDATE at term 0 for changeToCandidate
2019-10-11 03:05:45,120 [Thread-2444] INFO  impl.RoleInfo (RoleInfo.java:updateAndGet(143)) - 3818be35-5a2b-4ae9-8b30-f68fcda0a94f: start LeaderElection
2019-10-11 03:05:45,130 [45c0a163-083e-49c9-845e-61cf8b5589a2@group-A7C81D29442B-SegmentedRaftLogWorker] INFO  segmented.SegmentedRaftLogWorker (SegmentedRaftLogWorker.java:execute(574)) - 45c0a163-083e-49c9-845e-61cf8b5589a2@group-A7C81D29442B-SegmentedRaftLogWorker: created new log segment /workdir/hadoop-ozone/integration-test/target/test-dir/MiniOzoneClusterImpl-182b0ece-7cb3-4e42-b7d3-89937cdb8567/datanode-5/data/ratis/3f2e4420-3071-4bf4-b334-a7c81d29442b/current/log_inprogress_0
2019-10-11 03:05:45,171 [3818be35-5a2b-4ae9-8b30-f68fcda0a94f@group-55D33A330AF8-LeaderElection112] INFO  impl.LeaderElection (LeaderElection.java:askForVotes(178)) - 3818be35-5a2b-4ae9-8b30-f68fcda0a94f@group-55D33A330AF8-LeaderElection112: begin an election at term 1 for -1: [3818be35-5a2b-4ae9-8b30-f68fcda0a94f:192.168.164.250:33030], old=null
2019-10-11 03:05:45,171 [3818be35-5a2b-4ae9-8b30-f68fcda0a94f@group-55D33A330AF8-LeaderElection112] INFO  impl.RoleInfo (RoleInfo.java:shutdownLeaderElection(134)) - 3818be35-5a2b-4ae9-8b30-f68fcda0a94f: shutdown LeaderElection
2019-10-11 03:05:45,171 [3818be35-5a2b-4ae9-8b30-f68fcda0a94f@group-55D33A330AF8-LeaderElection112] INFO  impl.RaftServerImpl (RaftServerImpl.java:setRole(170)) - 3818be35-5a2b-4ae9-8b30-f68fcda0a94f@group-55D33A330AF8: changes role from CANDIDATE to LEADER at term 1 for changeToLeader
2019-10-11 03:05:45,171 [3818be35-5a2b-4ae9-8b30-f68fcda0a94f@group-55D33A330AF8-LeaderElection112] INFO  impl.RaftServerImpl (ServerState.java:setLeader(255)) - 3818be35-5a2b-4ae9-8b30-f68fcda0a94f@group-55D33A330AF8: change Leader from null to 3818be35-5a2b-4ae9-8b30-f68fcda0a94f at term 1 for becomeLeader, leader elected after 5137ms
2019-10-11 03:05:45,172 [3818be35-5a2b-4ae9-8b30-f68fcda0a94f@group-55D33A330AF8-LeaderElection112] INFO  server.RaftServerConfigKeys (ConfUtils.java:logGet(43)) - raft.server.staging.catchup.gap = 1000 (default)
2019-10-11 03:05:45,172 [3818be35-5a2b-4ae9-8b30-f68fcda0a94f@group-55D33A330AF8-LeaderElection112] INFO  server.RaftServerConfigKeys (ConfUtils.java:logGet(43)) - raft.server.rpc.sleep.time = 25ms (default)
2019-10-11 03:05:45,172 [3818be35-5a2b-4ae9-8b30-f68fcda0a94f@group-55D33A330AF8-LeaderElection112] INFO  server.RaftServerConfigKeys (ConfUtils.java:logGet(43)) - raft.server.write.element-limit = 4096 (default)
2019-10-11 03:05:45,172 [3818be35-5a2b-4ae9-8b30-f68fcda0a94f@group-55D33A330AF8-LeaderElection112] INFO  server.RaftServerConfigKeys (ConfUtils.java:logGet(43)) - raft.server.watch.timeout = 10s (default)
2019-10-11 03:05:45,172 [3818be35-5a2b-4ae9-8b30-f68fcda0a94f@group-55D33A330AF8-LeaderElection112] INFO  server.RaftServerConfigKeys (ConfUtils.java:logGet(43)) - raft.server.watch.timeout.denomination = 1s (default)
2019-10-11 03:05:45,172 [3818be35-5a2b-4ae9-8b30-f68fcda0a94f@group-55D33A330AF8-LeaderElection112] INFO  server.RaftServerConfigKeys (ConfUtils.java:logGet(43)) - raft.server.watch.element-limit = 65536 (default)
2019-10-11 03:05:45,174 [3818be35-5a2b-4ae9-8b30-f68fcda0a94f@group-55D33A330AF8-LeaderElection112] INFO  impl.RoleInfo (RoleInfo.java:updateAndGet(143)) - 3818be35-5a2b-4ae9-8b30-f68fcda0a94f: start LeaderState
2019-10-11 03:05:45,175 [3818be35-5a2b-4ae9-8b30-f68fcda0a94f@group-55D33A330AF8-LeaderElection112] INFO  segmented.SegmentedRaftLogWorker (SegmentedRaftLogWorker.java:startLogSegment(385)) - 3818be35-5a2b-4ae9-8b30-f68fcda0a94f@group-55D33A330AF8-SegmentedRaftLogWorker: Starting segment from index:0
2019-10-11 03:05:45,175 [3818be35-5a2b-4ae9-8b30-f68fcda0a94f@group-55D33A330AF8-LeaderElection112] INFO  impl.RaftServerImpl (ServerState.java:setRaftConf(356)) - 3818be35-5a2b-4ae9-8b30-f68fcda0a94f@group-55D33A330AF8: set configuration 0: [3818be35-5a2b-4ae9-8b30-f68fcda0a94f:192.168.164.250:33030], old=null at 0
2019-10-11 03:05:45,207 [Thread-2452] INFO  impl.FollowerState (FollowerState.java:run(108)) - eb2831d7-0f74-4cd2-a555-987bfa41a870@group-6372BBABB1F6-FollowerState: change to CANDIDATE, lastRpcTime:5098ms, electionTimeout:5096ms
2019-10-11 03:05:45,207 [Thread-2452] INFO  impl.RoleInfo (RoleInfo.java:shutdownFollowerState(121)) - eb2831d7-0f74-4cd2-a555-987bfa41a870: shutdown FollowerState
2019-10-11 03:05:45,207 [Thread-2452] INFO  impl.RaftServerImpl (RaftServerImpl.java:setRole(170)) - eb2831d7-0f74-4cd2-a555-987bfa41a870@group-6372BBABB1F6: changes role from  FOLLOWER to CANDIDATE at term 0 for changeToCandidate
2019-10-11 03:05:45,207 [Thread-2452] INFO  impl.RoleInfo (RoleInfo.java:updateAndGet(143)) - eb2831d7-0f74-4cd2-a555-987bfa41a870: start LeaderElection
2019-10-11 03:05:45,229 [3818be35-5a2b-4ae9-8b30-f68fcda0a94f@group-55D33A330AF8-SegmentedRaftLogWorker] INFO  segmented.SegmentedRaftLogWorker (SegmentedRaftLogWorker.java:execute(574)) - 3818be35-5a2b-4ae9-8b30-f68fcda0a94f@group-55D33A330AF8-SegmentedRaftLogWorker: created new log segment /workdir/hadoop-ozone/integration-test/target/test-dir/MiniOzoneClusterImpl-182b0ece-7cb3-4e42-b7d3-89937cdb8567/datanode-6/data/ratis/fab6e85c-e8ed-4fa5-8570-55d33a330af8/current/log_inprogress_0
2019-10-11 03:05:45,230 [eb2831d7-0f74-4cd2-a555-987bfa41a870@group-6372BBABB1F6-LeaderElection113] INFO  impl.LeaderElection (LeaderElection.java:askForVotes(178)) - eb2831d7-0f74-4cd2-a555-987bfa41a870@group-6372BBABB1F6-LeaderElection113: begin an election at term 1 for -1: [eb2831d7-0f74-4cd2-a555-987bfa41a870:192.168.164.250:38687, d49a7ebe-3f9f-4bbb-851d-549239a20f65:192.168.164.250:41730, 45c0a163-083e-49c9-845e-61cf8b5589a2:192.168.164.250:36211], old=null
2019-10-11 03:05:45,236 [Thread-2447] INFO  impl.FollowerState (FollowerState.java:run(108)) - 45c0a163-083e-49c9-845e-61cf8b5589a2@group-6372BBABB1F6-FollowerState: change to CANDIDATE, lastRpcTime:5133ms, electionTimeout:5133ms
2019-10-11 03:05:45,236 [Thread-2447] INFO  impl.RoleInfo (RoleInfo.java:shutdownFollowerState(121)) - 45c0a163-083e-49c9-845e-61cf8b5589a2: shutdown FollowerState
2019-10-11 03:05:45,236 [Thread-2447] INFO  impl.RaftServerImpl (RaftServerImpl.java:setRole(170)) - 45c0a163-083e-49c9-845e-61cf8b5589a2@group-6372BBABB1F6: changes role from  FOLLOWER to CANDIDATE at term 0 for changeToCandidate
2019-10-11 03:05:45,236 [Thread-2447] INFO  impl.RoleInfo (RoleInfo.java:updateAndGet(143)) - 45c0a163-083e-49c9-845e-61cf8b5589a2: start LeaderElection
2019-10-11 03:05:45,245 [grpc-default-executor-6] INFO  impl.RaftServerImpl (RaftServerImpl.java:setRole(170)) - d49a7ebe-3f9f-4bbb-851d-549239a20f65@group-6372BBABB1F6: changes role from  FOLLOWER to FOLLOWER at term 1 for recognizeCandidate:eb2831d7-0f74-4cd2-a555-987bfa41a870
2019-10-11 03:05:45,245 [grpc-default-executor-6] INFO  impl.RoleInfo (RoleInfo.java:shutdownFollowerState(121)) - d49a7ebe-3f9f-4bbb-851d-549239a20f65: shutdown FollowerState
2019-10-11 03:05:45,246 [grpc-default-executor-6] INFO  impl.RoleInfo (RoleInfo.java:updateAndGet(143)) - d49a7ebe-3f9f-4bbb-851d-549239a20f65: start FollowerState
2019-10-11 03:05:45,246 [Thread-2451] INFO  impl.FollowerState (FollowerState.java:run(117)) - d49a7ebe-3f9f-4bbb-851d-549239a20f65@group-6372BBABB1F6-FollowerState was interrupted: java.lang.InterruptedException: sleep interrupted
2019-10-11 03:05:45,259 [45c0a163-083e-49c9-845e-61cf8b5589a2@group-6372BBABB1F6-LeaderElection114] INFO  impl.LeaderElection (LeaderElection.java:askForVotes(178)) - 45c0a163-083e-49c9-845e-61cf8b5589a2@group-6372BBABB1F6-LeaderElection114: begin an election at term 1 for -1: [eb2831d7-0f74-4cd2-a555-987bfa41a870:192.168.164.250:38687, d49a7ebe-3f9f-4bbb-851d-549239a20f65:192.168.164.250:41730, 45c0a163-083e-49c9-845e-61cf8b5589a2:192.168.164.250:36211], old=null
2019-10-11 03:05:45,274 [45c0a163-083e-49c9-845e-61cf8b5589a2@group-6372BBABB1F6-LeaderElection114] INFO  impl.LeaderElection (LeaderElection.java:logAndReturn(56)) - 45c0a163-083e-49c9-845e-61cf8b5589a2@group-6372BBABB1F6-LeaderElection114: Election REJECTED; received 2 response(s) [45c0a163-083e-49c9-845e-61cf8b5589a2<-eb2831d7-0f74-4cd2-a555-987bfa41a870#0:FAIL-t1, 45c0a163-083e-49c9-845e-61cf8b5589a2<-d49a7ebe-3f9f-4bbb-851d-549239a20f65#0:FAIL-t1] and 0 exception(s); 45c0a163-083e-49c9-845e-61cf8b5589a2@group-6372BBABB1F6:t1, leader=null, voted=45c0a163-083e-49c9-845e-61cf8b5589a2, raftlog=45c0a163-083e-49c9-845e-61cf8b5589a2@group-6372BBABB1F6-SegmentedRaftLog:OPENED:c-1,f-1,i0, conf=-1: [eb2831d7-0f74-4cd2-a555-987bfa41a870:192.168.164.250:38687, d49a7ebe-3f9f-4bbb-851d-549239a20f65:192.168.164.250:41730, 45c0a163-083e-49c9-845e-61cf8b5589a2:192.168.164.250:36211], old=null
2019-10-11 03:05:45,274 [eb2831d7-0f74-4cd2-a555-987bfa41a870@group-6372BBABB1F6-LeaderElection113] INFO  impl.LeaderElection (LeaderElection.java:logAndReturn(56)) - eb2831d7-0f74-4cd2-a555-987bfa41a870@group-6372BBABB1F6-LeaderElection113: Election PASSED; received 2 response(s) [eb2831d7-0f74-4cd2-a555-987bfa41a870<-d49a7ebe-3f9f-4bbb-851d-549239a20f65#0:OK-t1, eb2831d7-0f74-4cd2-a555-987bfa41a870<-45c0a163-083e-49c9-845e-61cf8b5589a2#0:FAIL-t1] and 0 exception(s); eb2831d7-0f74-4cd2-a555-987bfa41a870@group-6372BBABB1F6:t1, leader=null, voted=eb2831d7-0f74-4cd2-a555-987bfa41a870, raftlog=eb2831d7-0f74-4cd2-a555-987bfa41a870@group-6372BBABB1F6-SegmentedRaftLog:OPENED:c-1,f-1,i0, conf=-1: [eb2831d7-0f74-4cd2-a555-987bfa41a870:192.168.164.250:38687, d49a7ebe-3f9f-4bbb-851d-549239a20f65:192.168.164.250:41730, 45c0a163-083e-49c9-845e-61cf8b5589a2:192.168.164.250:36211], old=null
2019-10-11 03:05:45,274 [45c0a163-083e-49c9-845e-61cf8b5589a2@group-6372BBABB1F6-LeaderElection114] INFO  impl.RaftServerImpl (RaftServerImpl.java:setRole(170)) - 45c0a163-083e-49c9-845e-61cf8b5589a2@group-6372BBABB1F6: changes role from CANDIDATE to FOLLOWER at term 1 for DISCOVERED_A_NEW_TERM
2019-10-11 03:05:45,274 [eb2831d7-0f74-4cd2-a555-987bfa41a870@group-6372BBABB1F6-LeaderElection113] INFO  impl.RoleInfo (RoleInfo.java:shutdownLeaderElection(134)) - eb2831d7-0f74-4cd2-a555-987bfa41a870: shutdown LeaderElection
2019-10-11 03:05:45,275 [45c0a163-083e-49c9-845e-61cf8b5589a2@group-6372BBABB1F6-LeaderElection114] INFO  impl.RoleInfo (RoleInfo.java:shutdownLeaderElection(134)) - 45c0a163-083e-49c9-845e-61cf8b5589a2: shutdown LeaderElection
2019-10-11 03:05:45,275 [eb2831d7-0f74-4cd2-a555-987bfa41a870@group-6372BBABB1F6-LeaderElection113] INFO  impl.RaftServerImpl (RaftServerImpl.java:setRole(170)) - eb2831d7-0f74-4cd2-a555-987bfa41a870@group-6372BBABB1F6: changes role from CANDIDATE to LEADER at term 1 for changeToLeader
2019-10-11 03:05:45,275 [45c0a163-083e-49c9-845e-61cf8b5589a2@group-6372BBABB1F6-LeaderElection114] INFO  impl.RoleInfo (RoleInfo.java:updateAndGet(143)) - 45c0a163-083e-49c9-845e-61cf8b5589a2: start FollowerState
2019-10-11 03:05:45,275 [eb2831d7-0f74-4cd2-a555-987bfa41a870@group-6372BBABB1F6-LeaderElection113] INFO  impl.RaftServerImpl (ServerState.java:setLeader(255)) - eb2831d7-0f74-4cd2-a555-987bfa41a870@group-6372BBABB1F6: change Leader from null to eb2831d7-0f74-4cd2-a555-987bfa41a870 at term 1 for becomeLeader, leader elected after 5179ms
2019-10-11 03:05:45,275 [eb2831d7-0f74-4cd2-a555-987bfa41a870@group-6372BBABB1F6-LeaderElection113] INFO  server.RaftServerConfigKeys (ConfUtils.java:logGet(43)) - raft.server.staging.catchup.gap = 1000 (default)
2019-10-11 03:05:45,275 [eb2831d7-0f74-4cd2-a555-987bfa41a870@group-6372BBABB1F6-LeaderElection113] INFO  server.RaftServerConfigKeys (ConfUtils.java:logGet(43)) - raft.server.rpc.sleep.time = 25ms (default)
2019-10-11 03:05:45,275 [eb2831d7-0f74-4cd2-a555-987bfa41a870@group-6372BBABB1F6-LeaderElection113] INFO  server.RaftServerConfigKeys (ConfUtils.java:logGet(43)) - raft.server.write.element-limit = 4096 (default)
2019-10-11 03:05:45,275 [eb2831d7-0f74-4cd2-a555-987bfa41a870@group-6372BBABB1F6-LeaderElection113] INFO  server.RaftServerConfigKeys (ConfUtils.java:logGet(43)) - raft.server.watch.timeout = 10s (default)
2019-10-11 03:05:45,275 [eb2831d7-0f74-4cd2-a555-987bfa41a870@group-6372BBABB1F6-LeaderElection113] INFO  server.RaftServerConfigKeys (ConfUtils.java:logGet(43)) - raft.server.watch.timeout.denomination = 1s (default)
2019-10-11 03:05:45,276 [eb2831d7-0f74-4cd2-a555-987bfa41a870@group-6372BBABB1F6-LeaderElection113] INFO  server.RaftServerConfigKeys (ConfUtils.java:logGet(43)) - raft.server.watch.element-limit = 65536 (default)
2019-10-11 03:05:45,277 [eb2831d7-0f74-4cd2-a555-987bfa41a870@group-6372BBABB1F6-LeaderElection113] INFO  server.RaftServerConfigKeys (ConfUtils.java:logGet(43)) - raft.server.log.appender.snapshot.chunk.size.max = 16MB (=16777216) (default)
2019-10-11 03:05:45,277 [eb2831d7-0f74-4cd2-a555-987bfa41a870@group-6372BBABB1F6-LeaderElection113] INFO  server.RaftServerConfigKeys (ConfUtils.java:logGet(43)) - raft.server.log.appender.buffer.byte-limit = 33554432 (custom)
2019-10-11 03:05:45,277 [eb2831d7-0f74-4cd2-a555-987bfa41a870@group-6372BBABB1F6-LeaderElection113] INFO  server.RaftServerConfigKeys (ConfUtils.java:logGet(43)) - raft.server.log.appender.buffer.element-limit = 1 (custom)
2019-10-11 03:05:45,277 [eb2831d7-0f74-4cd2-a555-987bfa41a870@group-6372BBABB1F6-LeaderElection113] INFO  grpc.GrpcConfigKeys$Server (ConfUtils.java:logGet(43)) - raft.grpc.server.leader.outstanding.appends.max = 128 (default)
2019-10-11 03:05:45,277 [eb2831d7-0f74-4cd2-a555-987bfa41a870@group-6372BBABB1F6-LeaderElection113] INFO  server.RaftServerConfigKeys (ConfUtils.java:logGet(43)) - raft.server.rpc.request.timeout = 3000ms (default)
2019-10-11 03:05:45,277 [eb2831d7-0f74-4cd2-a555-987bfa41a870@group-6372BBABB1F6-LeaderElection113] INFO  server.RaftServerConfigKeys (ConfUtils.java:logGet(43)) - raft.server.log.appender.install.snapshot.enabled = false (custom)
2019-10-11 03:05:45,278 [eb2831d7-0f74-4cd2-a555-987bfa41a870@group-6372BBABB1F6-LeaderElection113] INFO  server.RaftServerConfigKeys (ConfUtils.java:logGet(43)) - raft.server.log.appender.snapshot.chunk.size.max = 16MB (=16777216) (default)
2019-10-11 03:05:45,278 [eb2831d7-0f74-4cd2-a555-987bfa41a870@group-6372BBABB1F6-LeaderElection113] INFO  server.RaftServerConfigKeys (ConfUtils.java:logGet(43)) - raft.server.log.appender.buffer.byte-limit = 33554432 (custom)
2019-10-11 03:05:45,278 [eb2831d7-0f74-4cd2-a555-987bfa41a870@group-6372BBABB1F6-LeaderElection113] INFO  server.RaftServerConfigKeys (ConfUtils.java:logGet(43)) - raft.server.log.appender.buffer.element-limit = 1 (custom)
2019-10-11 03:05:45,278 [eb2831d7-0f74-4cd2-a555-987bfa41a870@group-6372BBABB1F6-LeaderElection113] INFO  grpc.GrpcConfigKeys$Server (ConfUtils.java:logGet(43)) - raft.grpc.server.leader.outstanding.appends.max = 128 (default)
2019-10-11 03:05:45,278 [eb2831d7-0f74-4cd2-a555-987bfa41a870@group-6372BBABB1F6-LeaderElection113] INFO  server.RaftServerConfigKeys (ConfUtils.java:logGet(43)) - raft.server.rpc.request.timeout = 3000ms (default)
2019-10-11 03:05:45,278 [eb2831d7-0f74-4cd2-a555-987bfa41a870@group-6372BBABB1F6-LeaderElection113] INFO  server.RaftServerConfigKeys (ConfUtils.java:logGet(43)) - raft.server.log.appender.install.snapshot.enabled = false (custom)
2019-10-11 03:05:45,278 [eb2831d7-0f74-4cd2-a555-987bfa41a870@group-6372BBABB1F6-LeaderElection113] INFO  impl.RoleInfo (RoleInfo.java:updateAndGet(143)) - eb2831d7-0f74-4cd2-a555-987bfa41a870: start LeaderState
2019-10-11 03:05:45,278 [eb2831d7-0f74-4cd2-a555-987bfa41a870@group-6372BBABB1F6-LeaderElection113] INFO  segmented.SegmentedRaftLogWorker (SegmentedRaftLogWorker.java:startLogSegment(385)) - eb2831d7-0f74-4cd2-a555-987bfa41a870@group-6372BBABB1F6-SegmentedRaftLogWorker: Starting segment from index:0
2019-10-11 03:05:45,279 [eb2831d7-0f74-4cd2-a555-987bfa41a870@group-6372BBABB1F6-LeaderElection113] INFO  impl.RaftServerImpl (ServerState.java:setRaftConf(356)) - eb2831d7-0f74-4cd2-a555-987bfa41a870@group-6372BBABB1F6: set configuration 0: [eb2831d7-0f74-4cd2-a555-987bfa41a870:192.168.164.250:38687, d49a7ebe-3f9f-4bbb-851d-549239a20f65:192.168.164.250:41730, 45c0a163-083e-49c9-845e-61cf8b5589a2:192.168.164.250:36211], old=null at 0
2019-10-11 03:05:45,280 [grpc-default-executor-8] INFO  impl.RaftServerImpl (ServerState.java:setLeader(255)) - 45c0a163-083e-49c9-845e-61cf8b5589a2@group-6372BBABB1F6: change Leader from null to eb2831d7-0f74-4cd2-a555-987bfa41a870 at term 1 for appendEntries, leader elected after 5184ms
2019-10-11 03:05:45,281 [grpc-default-executor-6] INFO  impl.RaftServerImpl (ServerState.java:setLeader(255)) - d49a7ebe-3f9f-4bbb-851d-549239a20f65@group-6372BBABB1F6: change Leader from null to eb2831d7-0f74-4cd2-a555-987bfa41a870 at term 1 for appendEntries, leader elected after 5184ms
2019-10-11 03:05:45,282 [grpc-default-executor-6] INFO  impl.RaftServerImpl (ServerState.java:setRaftConf(356)) - 45c0a163-083e-49c9-845e-61cf8b5589a2@group-6372BBABB1F6: set configuration 0: [eb2831d7-0f74-4cd2-a555-987bfa41a870:192.168.164.250:38687, d49a7ebe-3f9f-4bbb-851d-549239a20f65:192.168.164.250:41730, 45c0a163-083e-49c9-845e-61cf8b5589a2:192.168.164.250:36211], old=null at 0
2019-10-11 03:05:45,282 [grpc-default-executor-8] INFO  impl.RaftServerImpl (ServerState.java:setRaftConf(356)) - d49a7ebe-3f9f-4bbb-851d-549239a20f65@group-6372BBABB1F6: set configuration 0: [eb2831d7-0f74-4cd2-a555-987bfa41a870:192.168.164.250:38687, d49a7ebe-3f9f-4bbb-851d-549239a20f65:192.168.164.250:41730, 45c0a163-083e-49c9-845e-61cf8b5589a2:192.168.164.250:36211], old=null at 0
2019-10-11 03:05:45,282 [grpc-default-executor-6] INFO  segmented.SegmentedRaftLogWorker (SegmentedRaftLogWorker.java:startLogSegment(385)) - 45c0a163-083e-49c9-845e-61cf8b5589a2@group-6372BBABB1F6-SegmentedRaftLogWorker: Starting segment from index:0
2019-10-11 03:05:45,282 [grpc-default-executor-8] INFO  segmented.SegmentedRaftLogWorker (SegmentedRaftLogWorker.java:startLogSegment(385)) - d49a7ebe-3f9f-4bbb-851d-549239a20f65@group-6372BBABB1F6-SegmentedRaftLogWorker: Starting segment from index:0
2019-10-11 03:05:45,340 [d49a7ebe-3f9f-4bbb-851d-549239a20f65@group-6372BBABB1F6-SegmentedRaftLogWorker] INFO  segmented.SegmentedRaftLogWorker (SegmentedRaftLogWorker.java:execute(574)) - d49a7ebe-3f9f-4bbb-851d-549239a20f65@group-6372BBABB1F6-SegmentedRaftLogWorker: created new log segment /workdir/hadoop-ozone/integration-test/target/test-dir/MiniOzoneClusterImpl-182b0ece-7cb3-4e42-b7d3-89937cdb8567/datanode-4/data/ratis/cceedeab-f638-4a2e-906f-6372bbabb1f6/current/log_inprogress_0
2019-10-11 03:05:45,340 [45c0a163-083e-49c9-845e-61cf8b5589a2@group-6372BBABB1F6-SegmentedRaftLogWorker] INFO  segmented.SegmentedRaftLogWorker (SegmentedRaftLogWorker.java:execute(574)) - 45c0a163-083e-49c9-845e-61cf8b5589a2@group-6372BBABB1F6-SegmentedRaftLogWorker: created new log segment /workdir/hadoop-ozone/integration-test/target/test-dir/MiniOzoneClusterImpl-182b0ece-7cb3-4e42-b7d3-89937cdb8567/datanode-5/data/ratis/cceedeab-f638-4a2e-906f-6372bbabb1f6/current/log_inprogress_0
2019-10-11 03:05:45,340 [eb2831d7-0f74-4cd2-a555-987bfa41a870@group-6372BBABB1F6-SegmentedRaftLogWorker] INFO  segmented.SegmentedRaftLogWorker (SegmentedRaftLogWorker.java:execute(574)) - eb2831d7-0f74-4cd2-a555-987bfa41a870@group-6372BBABB1F6-SegmentedRaftLogWorker: created new log segment /workdir/hadoop-ozone/integration-test/target/test-dir/MiniOzoneClusterImpl-182b0ece-7cb3-4e42-b7d3-89937cdb8567/datanode-3/data/ratis/cceedeab-f638-4a2e-906f-6372bbabb1f6/current/log_inprogress_0
2019-10-11 03:05:46,414 [Datanode State Machine Thread - 0] INFO  statemachine.DatanodeStateMachine (DatanodeStateMachine.java:lambda$startDaemon$0(350)) - Ozone container server started.
2019-10-11 03:05:50,420 [main] INFO  ozoneimpl.OzoneContainer (OzoneContainer.java:stop(227)) - Attempting to stop container services.
2019-10-11 03:05:50,421 [main] INFO  impl.RaftServerProxy (RaftServerProxy.java:lambda$close$4(314)) - fa720458-5a32-4aec-b6c3-6894ebe978b9: close
2019-10-11 03:05:50,422 [main] INFO  impl.RaftServerImpl (RaftServerImpl.java:lambda$shutdown$3(247)) - fa720458-5a32-4aec-b6c3-6894ebe978b9@group-50638E578C35: shutdown
2019-10-11 03:05:50,423 [ForkJoinPool.commonPool-worker-1] INFO  impl.RaftServerImpl (RaftServerImpl.java:lambda$shutdown$3(247)) - fa720458-5a32-4aec-b6c3-6894ebe978b9@group-F2FC48003ED7: shutdown
2019-10-11 03:05:50,423 [main] INFO  util.JmxRegister (JmxRegister.java:unregister(73)) - Successfully un-registered JMX Bean with object name Ratis:service=RaftServer,group=group-50638E578C35,id=fa720458-5a32-4aec-b6c3-6894ebe978b9
2019-10-11 03:05:50,423 [ForkJoinPool.commonPool-worker-1] INFO  util.JmxRegister (JmxRegister.java:unregister(73)) - Successfully un-registered JMX Bean with object name Ratis:service=RaftServer,group=group-F2FC48003ED7,id=fa720458-5a32-4aec-b6c3-6894ebe978b9
2019-10-11 03:05:50,424 [main] INFO  impl.RoleInfo (RoleInfo.java:shutdownLeaderState(104)) - fa720458-5a32-4aec-b6c3-6894ebe978b9: shutdown LeaderState
2019-10-11 03:05:50,424 [ForkJoinPool.commonPool-worker-1] INFO  impl.RoleInfo (RoleInfo.java:shutdownFollowerState(121)) - fa720458-5a32-4aec-b6c3-6894ebe978b9: shutdown FollowerState
2019-10-11 03:05:50,424 [main] INFO  impl.PendingRequests (PendingRequests.java:sendNotLeaderResponses(202)) - fa720458-5a32-4aec-b6c3-6894ebe978b9@group-50638E578C35-PendingRequests: sendNotLeaderResponses
2019-10-11 03:05:50,425 [Thread-2475] INFO  impl.FollowerState (FollowerState.java:run(117)) - fa720458-5a32-4aec-b6c3-6894ebe978b9@group-F2FC48003ED7-FollowerState was interrupted: java.lang.InterruptedException: sleep interrupted
2019-10-11 03:05:50,424 [ForkJoinPool.commonPool-worker-1] INFO  impl.StateMachineUpdater (StateMachineUpdater.java:stopAndJoin(136)) - fa720458-5a32-4aec-b6c3-6894ebe978b9@group-F2FC48003ED7-StateMachineUpdater: set stopIndex = 2
2019-10-11 03:05:50,428 [fa720458-5a32-4aec-b6c3-6894ebe978b9@group-F2FC48003ED7-StateMachineUpdater] INFO  ratis.ContainerStateMachine (ContainerStateMachine.java:takeSnapshot(294)) - group-F2FC48003ED7: Taking a snapshot at:(t:1, i:1) file /workdir/hadoop-ozone/integration-test/target/test-dir/MiniOzoneClusterImpl-182b0ece-7cb3-4e42-b7d3-89937cdb8567/datanode-2/data/ratis/0c74dcf3-df49-45d9-a3f5-f2fc48003ed7/sm/snapshot.1_1
2019-10-11 03:05:50,428 [main] INFO  impl.StateMachineUpdater (StateMachineUpdater.java:stopAndJoin(136)) - fa720458-5a32-4aec-b6c3-6894ebe978b9@group-50638E578C35-StateMachineUpdater: set stopIndex = 0
2019-10-11 03:05:50,429 [main] INFO  impl.RaftServerImpl (ServerState.java:close(387)) - fa720458-5a32-4aec-b6c3-6894ebe978b9@group-50638E578C35: closes. applyIndex: 0
2019-10-11 03:05:50,430 [fa720458-5a32-4aec-b6c3-6894ebe978b9@group-50638E578C35-SegmentedRaftLogWorker] INFO  segmented.SegmentedRaftLogWorker (SegmentedRaftLogWorker.java:run(316)) - fa720458-5a32-4aec-b6c3-6894ebe978b9@group-50638E578C35-SegmentedRaftLogWorker was interrupted, exiting. There are 0 tasks remaining in the queue.
2019-10-11 03:05:50,432 [main] INFO  segmented.SegmentedRaftLogWorker (SegmentedRaftLogWorker.java:close(224)) - fa720458-5a32-4aec-b6c3-6894ebe978b9@group-50638E578C35-SegmentedRaftLogWorker close()
2019-10-11 03:05:50,460 [fa720458-5a32-4aec-b6c3-6894ebe978b9@group-F2FC48003ED7-StateMachineUpdater] INFO  ratis.ContainerStateMachine (ContainerStateMachine.java:takeSnapshot(305)) - group-F2FC48003ED7: Finished taking a snapshot at:(t:1, i:1) file:/workdir/hadoop-ozone/integration-test/target/test-dir/MiniOzoneClusterImpl-182b0ece-7cb3-4e42-b7d3-89937cdb8567/datanode-2/data/ratis/0c74dcf3-df49-45d9-a3f5-f2fc48003ed7/sm/snapshot.1_1 time:35
2019-10-11 03:05:50,460 [fa720458-5a32-4aec-b6c3-6894ebe978b9@group-F2FC48003ED7-StateMachineUpdater] INFO  impl.StateMachineUpdater (StateMachineUpdater.java:takeSnapshot(269)) - fa720458-5a32-4aec-b6c3-6894ebe978b9@group-F2FC48003ED7-StateMachineUpdater: Took a snapshot at index 1
2019-10-11 03:05:50,460 [fa720458-5a32-4aec-b6c3-6894ebe978b9@group-F2FC48003ED7-StateMachineUpdater] INFO  impl.StateMachineUpdater (StateMachineUpdater.java:lambda$new$0(84)) - fa720458-5a32-4aec-b6c3-6894ebe978b9@group-F2FC48003ED7-StateMachineUpdater: snapshotIndex: updateIncreasingly -1 -> 1
2019-10-11 03:05:50,461 [fa720458-5a32-4aec-b6c3-6894ebe978b9@group-F2FC48003ED7-StateMachineUpdater] INFO  ratis.ContainerStateMachine (ContainerStateMachine.java:takeSnapshot(294)) - group-F2FC48003ED7: Taking a snapshot at:(t:1, i:1) file /workdir/hadoop-ozone/integration-test/target/test-dir/MiniOzoneClusterImpl-182b0ece-7cb3-4e42-b7d3-89937cdb8567/datanode-2/data/ratis/0c74dcf3-df49-45d9-a3f5-f2fc48003ed7/sm/snapshot.1_1
2019-10-11 03:05:50,474 [fa720458-5a32-4aec-b6c3-6894ebe978b9@group-F2FC48003ED7-StateMachineUpdater] INFO  ratis.ContainerStateMachine (ContainerStateMachine.java:takeSnapshot(305)) - group-F2FC48003ED7: Finished taking a snapshot at:(t:1, i:1) file:/workdir/hadoop-ozone/integration-test/target/test-dir/MiniOzoneClusterImpl-182b0ece-7cb3-4e42-b7d3-89937cdb8567/datanode-2/data/ratis/0c74dcf3-df49-45d9-a3f5-f2fc48003ed7/sm/snapshot.1_1 time:13
2019-10-11 03:05:50,474 [fa720458-5a32-4aec-b6c3-6894ebe978b9@group-F2FC48003ED7-StateMachineUpdater] INFO  impl.StateMachineUpdater (StateMachineUpdater.java:takeSnapshot(269)) - fa720458-5a32-4aec-b6c3-6894ebe978b9@group-F2FC48003ED7-StateMachineUpdater: Took a snapshot at index 1
2019-10-11 03:05:50,474 [fa720458-5a32-4aec-b6c3-6894ebe978b9@group-F2FC48003ED7-StateMachineUpdater] INFO  impl.StateMachineUpdater (StateMachineUpdater.java:lambda$new$0(84)) - fa720458-5a32-4aec-b6c3-6894ebe978b9@group-F2FC48003ED7-StateMachineUpdater: snapshotIndex: updateIncreasingly 1 -> 1
2019-10-11 03:05:50,474 [ForkJoinPool.commonPool-worker-1] INFO  impl.RaftServerImpl (ServerState.java:close(387)) - fa720458-5a32-4aec-b6c3-6894ebe978b9@group-F2FC48003ED7: closes. applyIndex: 2
2019-10-11 03:05:50,475 [fa720458-5a32-4aec-b6c3-6894ebe978b9@group-F2FC48003ED7-SegmentedRaftLogWorker] INFO  segmented.SegmentedRaftLogWorker (SegmentedRaftLogWorker.java:run(316)) - fa720458-5a32-4aec-b6c3-6894ebe978b9@group-F2FC48003ED7-SegmentedRaftLogWorker was interrupted, exiting. There are 0 tasks remaining in the queue.
2019-10-11 03:05:50,476 [ForkJoinPool.commonPool-worker-1] INFO  segmented.SegmentedRaftLogWorker (SegmentedRaftLogWorker.java:close(224)) - fa720458-5a32-4aec-b6c3-6894ebe978b9@group-F2FC48003ED7-SegmentedRaftLogWorker close()
2019-10-11 03:05:50,497 [main] INFO  server.GrpcService (GrpcService.java:closeImpl(164)) - fa720458-5a32-4aec-b6c3-6894ebe978b9: shutdown server with port 35731 now
2019-10-11 03:05:50,499 [grpc-default-executor-6] WARN  server.GrpcServerProtocolService (LogUtils.java:warn(134)) - fa720458-5a32-4aec-b6c3-6894ebe978b9: installSnapshot onError, lastRequest: 82411aba-8f1d-4451-bfc0-982cb7e612b4->fa720458-5a32-4aec-b6c3-6894ebe978b9#5-t1, previous=(t:1, i:2), leaderCommit=2, initializing? false, entries: <empty>: org.apache.ratis.thirdparty.io.grpc.StatusRuntimeException: CANCELLED: cancelled before receiving half close
2019-10-11 03:05:50,500 [main] INFO  server.GrpcService (GrpcService.java:closeImpl(172)) - fa720458-5a32-4aec-b6c3-6894ebe978b9: shutdown server with port 35731 successfully
2019-10-11 03:05:50,500 [grpc-default-executor-10] WARN  server.GrpcLogAppender (LogUtils.java:warn(134)) - 82411aba-8f1d-4451-bfc0-982cb7e612b4@group-F2FC48003ED7->fa720458-5a32-4aec-b6c3-6894ebe978b9-AppendLogResponseHandler: Failed appendEntries: org.apache.ratis.thirdparty.io.grpc.StatusRuntimeException: CANCELLED: HTTP/2 error code: CANCEL
Received Rst Stream
2019-10-11 03:05:50,501 [grpc-default-executor-10] INFO  impl.FollowerInfo (FollowerInfo.java:lambda$new$0(51)) - 82411aba-8f1d-4451-bfc0-982cb7e612b4@group-F2FC48003ED7->fa720458-5a32-4aec-b6c3-6894ebe978b9: nextIndex: updateUnconditionally 3 -> 2
2019-10-11 03:05:50,505 [refreshUsed-/workdir/hadoop-ozone/integration-test/target/test-dir/MiniOzoneClusterImpl-182b0ece-7cb3-4e42-b7d3-89937cdb8567/datanode-2/data/containers] WARN  fs.CachingGetSpaceUsed (CachingGetSpaceUsed.java:run(183)) - Thread Interrupted waiting to refresh disk information: sleep interrupted
2019-10-11 03:05:50,516 [main] INFO  utils.BackgroundService (BackgroundService.java:shutdown(151)) - Shutting down service BlockDeletingService
2019-10-11 03:05:50,523 [main] INFO  statemachine.DatanodeStateMachine (DatanodeStateMachine.java:stopDaemon(395)) - Ozone container server stopped.
2019-10-11 03:05:50,524 [main] INFO  handler.ContextHandler (ContextHandler.java:doStop(910)) - Stopped o.e.j.w.WebAppContext@2fd9fb34{/,null,UNAVAILABLE}{/hddsDatanode}
2019-10-11 03:05:50,525 [main] INFO  server.AbstractConnector (AbstractConnector.java:doStop(318)) - Stopped ServerConnector@1595d2b2{HTTP/1.1,[http/1.1]}{0.0.0.0:0}
2019-10-11 03:05:50,525 [main] INFO  handler.ContextHandler (ContextHandler.java:doStop(910)) - Stopped o.e.j.s.ServletContextHandler@50ec4bfc{/static,jar:file:/home/user/.m2/repository/org/apache/hadoop/hadoop-hdds-container-service/0.5.0-SNAPSHOT/hadoop-hdds-container-service-0.5.0-SNAPSHOT.jar!/webapps/static,UNAVAILABLE}
2019-10-11 03:05:50,525 [main] INFO  handler.ContextHandler (ContextHandler.java:doStop(910)) - Stopped o.e.j.s.ServletContextHandler@6a09484c{/logs,file:///workdir/hadoop-ozone/integration-test/target/log,UNAVAILABLE}
2019-10-11 03:05:50,535 [grpc-default-executor-10] WARN  server.GrpcLogAppender (LogUtils.java:warn(134)) - 82411aba-8f1d-4451-bfc0-982cb7e612b4@group-F2FC48003ED7->fa720458-5a32-4aec-b6c3-6894ebe978b9-AppendLogResponseHandler: Failed appendEntries: org.apache.ratis.thirdparty.io.grpc.StatusRuntimeException: UNAVAILABLE: io exception
2019-10-11 03:05:50,535 [grpc-default-executor-10] INFO  impl.FollowerInfo (FollowerInfo.java:lambda$new$0(51)) - 82411aba-8f1d-4451-bfc0-982cb7e612b4@group-F2FC48003ED7->fa720458-5a32-4aec-b6c3-6894ebe978b9: nextIndex: updateUnconditionally 3 -> 2
2019-10-11 03:05:50,545 [grpc-default-executor-8] WARN  server.GrpcLogAppender (LogUtils.java:warn(134)) - 82411aba-8f1d-4451-bfc0-982cb7e612b4@group-F2FC48003ED7->fa720458-5a32-4aec-b6c3-6894ebe978b9-AppendLogResponseHandler: Failed appendEntries: org.apache.ratis.thirdparty.io.grpc.StatusRuntimeException: UNAVAILABLE: io exception
2019-10-11 03:05:50,545 [grpc-default-executor-8] INFO  impl.FollowerInfo (FollowerInfo.java:lambda$new$0(51)) - 82411aba-8f1d-4451-bfc0-982cb7e612b4@group-F2FC48003ED7->fa720458-5a32-4aec-b6c3-6894ebe978b9: nextIndex: updateUnconditionally 3 -> 2
2019-10-11 03:05:50,547 [grpc-default-executor-10] WARN  server.GrpcLogAppender (LogUtils.java:warn(134)) - 82411aba-8f1d-4451-bfc0-982cb7e612b4@group-F2FC48003ED7->fa720458-5a32-4aec-b6c3-6894ebe978b9-AppendLogResponseHandler: Failed appendEntries: org.apache.ratis.thirdparty.io.grpc.StatusRuntimeException: UNAVAILABLE: io exception
2019-10-11 03:05:50,547 [grpc-default-executor-10] INFO  impl.FollowerInfo (FollowerInfo.java:lambda$new$0(51)) - 82411aba-8f1d-4451-bfc0-982cb7e612b4@group-F2FC48003ED7->fa720458-5a32-4aec-b6c3-6894ebe978b9: nextIndex: updateUnconditionally 3 -> 2
2019-10-11 03:05:50,560 [EventQueue-IncrementalContainerReportForIncrementalContainerReportHandler] WARN  container.IncrementalContainerReportHandler (AbstractContainerReportHandler.java:updateContainerState(145)) - Container #1 is in OPEN state, but the datanode 60bf613d-afd3-4e54-9c95-8ee6268c28f5{ip: 192.168.164.250, host: pr-hdds-2181-fvjjj-1641646571, networkLocation: /default-rack, certSerialId: null} reports an CLOSING replica.
2019-10-11 03:05:50,561 [EventQueue-IncrementalContainerReportForIncrementalContainerReportHandler] WARN  container.IncrementalContainerReportHandler (AbstractContainerReportHandler.java:updateContainerState(145)) - Container #1 is in OPEN state, but the datanode 82411aba-8f1d-4451-bfc0-982cb7e612b4{ip: 192.168.164.250, host: pr-hdds-2181-fvjjj-1641646571, networkLocation: /default-rack, certSerialId: null} reports an CLOSING replica.
2019-10-11 03:05:50,589 [RatisApplyTransactionExecutor 1] INFO  interfaces.Container (KeyValueContainer.java:flushAndSyncDB(386)) - Container 1 is synced with bcsId 0.
2019-10-11 03:05:50,605 [RatisApplyTransactionExecutor 1] INFO  interfaces.Container (KeyValueContainer.java:flushAndSyncDB(386)) - Container 1 is synced with bcsId 0.
2019-10-11 03:05:50,607 [RatisApplyTransactionExecutor 1] INFO  interfaces.Container (KeyValueContainer.java:flushAndSyncDB(386)) - Container 1 is synced with bcsId 0.
2019-10-11 03:05:50,608 [RatisApplyTransactionExecutor 1] INFO  interfaces.Container (KeyValueContainer.java:flushAndSyncDB(386)) - Container 1 is synced with bcsId 0.
2019-10-11 03:05:50,611 [RatisApplyTransactionExecutor 1] INFO  interfaces.Container (KeyValueContainer.java:close(335)) - Container 1 is closed with bcsId 0.
2019-10-11 03:05:50,611 [RatisApplyTransactionExecutor 1] INFO  interfaces.Container (KeyValueContainer.java:close(335)) - Container 1 is closed with bcsId 0.
2019-10-11 03:05:50,615 [EventQueue-IncrementalContainerReportForIncrementalContainerReportHandler] WARN  container.IncrementalContainerReportHandler (AbstractContainerReportHandler.java:updateContainerState(145)) - Container #1 is in OPEN state, but the datanode 60bf613d-afd3-4e54-9c95-8ee6268c28f5{ip: 192.168.164.250, host: pr-hdds-2181-fvjjj-1641646571, networkLocation: /default-rack, certSerialId: null} reports an CLOSED replica.
2019-10-11 03:05:50,615 [EventQueue-IncrementalContainerReportForIncrementalContainerReportHandler] WARN  container.IncrementalContainerReportHandler (AbstractContainerReportHandler.java:updateContainerState(145)) - Container #1 is in OPEN state, but the datanode 82411aba-8f1d-4451-bfc0-982cb7e612b4{ip: 192.168.164.250, host: pr-hdds-2181-fvjjj-1641646571, networkLocation: /default-rack, certSerialId: null} reports an CLOSED replica.
2019-10-11 03:05:53,048 [grpc-default-executor-8] WARN  server.GrpcLogAppender (LogUtils.java:warn(134)) - 82411aba-8f1d-4451-bfc0-982cb7e612b4@group-F2FC48003ED7->fa720458-5a32-4aec-b6c3-6894ebe978b9-AppendLogResponseHandler: Failed appendEntries: org.apache.ratis.thirdparty.io.grpc.StatusRuntimeException: UNAVAILABLE: io exception
2019-10-11 03:05:53,049 [grpc-default-executor-8] INFO  impl.FollowerInfo (FollowerInfo.java:lambda$new$0(51)) - 82411aba-8f1d-4451-bfc0-982cb7e612b4@group-F2FC48003ED7->fa720458-5a32-4aec-b6c3-6894ebe978b9: nextIndex: updateUnconditionally 2 -> 1
2019-10-11 03:05:53,617 [main] WARN  scm.XceiverClientRatis (XceiverClientRatis.java:watchForCommit(277)) - 3 way commit failed on pipeline Pipeline[ Id: 0c74dcf3-df49-45d9-a3f5-f2fc48003ed7, Nodes: fa720458-5a32-4aec-b6c3-6894ebe978b9{ip: 192.168.164.250, host: pr-hdds-2181-fvjjj-1641646571, networkLocation: /default-rack, certSerialId: null}82411aba-8f1d-4451-bfc0-982cb7e612b4{ip: 192.168.164.250, host: pr-hdds-2181-fvjjj-1641646571, networkLocation: /default-rack, certSerialId: null}60bf613d-afd3-4e54-9c95-8ee6268c28f5{ip: 192.168.164.250, host: pr-hdds-2181-fvjjj-1641646571, networkLocation: /default-rack, certSerialId: null}, Type:RATIS, Factor:THREE, State:OPEN]
java.util.concurrent.TimeoutException
	at java.util.concurrent.CompletableFuture.timedGet(CompletableFuture.java:1771)
	at java.util.concurrent.CompletableFuture.get(CompletableFuture.java:1915)
	at org.apache.hadoop.hdds.scm.XceiverClientRatis.watchForCommit(XceiverClientRatis.java:274)
	at org.apache.hadoop.ozone.client.rpc.TestWatchForCommit.test2WayCommitForTimeoutException(TestWatchForCommit.java:391)
	at sun.reflect.NativeMethodAccessorImpl.invoke0(Native Method)
	at sun.reflect.NativeMethodAccessorImpl.invoke(NativeMethodAccessorImpl.java:62)
	at sun.reflect.DelegatingMethodAccessorImpl.invoke(DelegatingMethodAccessorImpl.java:43)
	at java.lang.reflect.Method.invoke(Method.java:498)
	at org.junit.runners.model.FrameworkMethod$1.runReflectiveCall(FrameworkMethod.java:47)
	at org.junit.internal.runners.model.ReflectiveCallable.run(ReflectiveCallable.java:12)
	at org.junit.runners.model.FrameworkMethod.invokeExplosively(FrameworkMethod.java:44)
	at org.junit.internal.runners.statements.InvokeMethod.evaluate(InvokeMethod.java:17)
	at org.junit.runners.ParentRunner.runLeaf(ParentRunner.java:271)
	at org.junit.runners.BlockJUnit4ClassRunner.runChild(BlockJUnit4ClassRunner.java:70)
	at org.junit.runners.BlockJUnit4ClassRunner.runChild(BlockJUnit4ClassRunner.java:50)
	at org.junit.runners.ParentRunner$3.run(ParentRunner.java:238)
	at org.junit.runners.ParentRunner$1.schedule(ParentRunner.java:63)
	at org.junit.runners.ParentRunner.runChildren(ParentRunner.java:236)
	at org.junit.runners.ParentRunner.access$000(ParentRunner.java:53)
	at org.junit.runners.ParentRunner$2.evaluate(ParentRunner.java:229)
	at org.junit.runners.ParentRunner.run(ParentRunner.java:309)
	at org.apache.maven.surefire.junit4.JUnit4Provider.execute(JUnit4Provider.java:365)
	at org.apache.maven.surefire.junit4.JUnit4Provider.executeWithRerun(JUnit4Provider.java:273)
	at org.apache.maven.surefire.junit4.JUnit4Provider.executeTestSet(JUnit4Provider.java:238)
	at org.apache.maven.surefire.junit4.JUnit4Provider.invoke(JUnit4Provider.java:159)
	at org.apache.maven.surefire.booter.ForkedBooter.invokeProviderInSameClassLoader(ForkedBooter.java:384)
	at org.apache.maven.surefire.booter.ForkedBooter.runSuitesInProcess(ForkedBooter.java:345)
	at org.apache.maven.surefire.booter.ForkedBooter.execute(ForkedBooter.java:126)
	at org.apache.maven.surefire.booter.ForkedBooter.main(ForkedBooter.java:418)
2019-10-11 03:05:53,625 [Thread-2541] INFO  client.GrpcClientProtocolService (GrpcClientProtocolService.java:lambda$processClientRequest$0(278)) - Failed RaftClientRequest:client-CB8AB015B98B->60bf613d-afd3-4e54-9c95-8ee6268c28f5@group-F2FC48003ED7, cid=106, seq=0, Watch-MAJORITY_COMMITTED(3), Message:<EMPTY>, reply=RaftClientReply:client-CB8AB015B98B->60bf613d-afd3-4e54-9c95-8ee6268c28f5@group-F2FC48003ED7, cid=106, FAILED org.apache.ratis.protocol.NotLeaderException: Server 60bf613d-afd3-4e54-9c95-8ee6268c28f5@group-F2FC48003ED7 is not the leader 82411aba-8f1d-4451-bfc0-982cb7e612b4:192.168.164.250:38407, logIndex=0, commits[60bf613d-afd3-4e54-9c95-8ee6268c28f5:c4, fa720458-5a32-4aec-b6c3-6894ebe978b9:c2, 82411aba-8f1d-4451-bfc0-982cb7e612b4:c4]
2019-10-11 03:05:55,550 [grpc-default-executor-10] WARN  server.GrpcLogAppender (LogUtils.java:warn(134)) - 82411aba-8f1d-4451-bfc0-982cb7e612b4@group-F2FC48003ED7->fa720458-5a32-4aec-b6c3-6894ebe978b9-AppendLogResponseHandler: Failed appendEntries: org.apache.ratis.thirdparty.io.grpc.StatusRuntimeException: UNAVAILABLE: io exception
2019-10-11 03:05:55,551 [grpc-default-executor-10] INFO  impl.FollowerInfo (FollowerInfo.java:lambda$new$0(51)) - 82411aba-8f1d-4451-bfc0-982cb7e612b4@group-F2FC48003ED7->fa720458-5a32-4aec-b6c3-6894ebe978b9: nextIndex: updateUnconditionally 1 -> 0
]]></system-out>
    <system-err><![CDATA[Oct 11, 2019 3:05:50 AM org.apache.ratis.thirdparty.io.grpc.internal.SerializingExecutor run
SEVERE: Exception while executing runnable org.apache.ratis.thirdparty.io.grpc.internal.ServerImpl$JumpToApplicationThreadServerStreamListener$1Closed@6a8ffe76
org.apache.ratis.thirdparty.io.grpc.StatusRuntimeException: CANCELLED: call already cancelled
	at org.apache.ratis.thirdparty.io.grpc.Status.asRuntimeException(Status.java:517)
	at org.apache.ratis.thirdparty.io.grpc.stub.ServerCalls$ServerCallStreamObserverImpl.onCompleted(ServerCalls.java:356)
	at org.apache.ratis.grpc.server.GrpcServerProtocolService$ServerRequestStreamObserver.onError(GrpcServerProtocolService.java:121)
	at org.apache.ratis.thirdparty.io.grpc.stub.ServerCalls$StreamingServerCallHandler$StreamingServerCallListener.onCancel(ServerCalls.java:269)
	at org.apache.ratis.thirdparty.io.grpc.internal.ServerCallImpl$ServerStreamListenerImpl.closed(ServerCallImpl.java:293)
	at org.apache.ratis.thirdparty.io.grpc.internal.ServerImpl$JumpToApplicationThreadServerStreamListener$1Closed.runInContext(ServerImpl.java:741)
	at org.apache.ratis.thirdparty.io.grpc.internal.ContextRunnable.run(ContextRunnable.java:37)
	at org.apache.ratis.thirdparty.io.grpc.internal.SerializingExecutor.run(SerializingExecutor.java:123)
	at java.util.concurrent.ThreadPoolExecutor.runWorker(ThreadPoolExecutor.java:1149)
	at java.util.concurrent.ThreadPoolExecutor$Worker.run(ThreadPoolExecutor.java:624)
	at java.lang.Thread.run(Thread.java:748)

]]></system-err>
  </testcase>
</testsuite>