<?xml version="1.0" encoding="UTF-8"?>
<testsuite xmlns:xsi="http://www.w3.org/2001/XMLSchema-instance" xsi:noNamespaceSchemaLocation="https://maven.apache.org/surefire/maven-surefire-plugin/xsd/surefire-test-report.xsd" name="org.apache.hadoop.ozone.client.rpc.TestOzoneClientRetriesOnException" time="350.359" tests="2" errors="2" skipped="0" failures="0">
  <properties>
    <property name="awt.toolkit" value="sun.awt.X11.XToolkit"/>
    <property name="file.encoding.pkg" value="sun.io"/>
    <property name="java.specification.version" value="1.8"/>
    <property name="sun.cpu.isalist" value=""/>
    <property name="sun.jnu.encoding" value="UTF-8"/>
    <property name="java.class.path" value="/workdir/hadoop-ozone/integration-test/target/test-classes:/workdir/hadoop-ozone/integration-test/target/classes:/home/user/.m2/repository/org/apache/hadoop/hadoop-ozone-common/0.5.0-SNAPSHOT/hadoop-ozone-common-0.5.0-SNAPSHOT.jar:/home/user/.m2/repository/org/apache/commons/commons-compress/1.4.1/commons-compress-1.4.1.jar:/home/user/.m2/repository/org/tukaani/xz/1.0/xz-1.0.jar:/home/user/.m2/repository/org/apache/hadoop/hadoop-common/3.2.0/hadoop-common-3.2.0.jar:/home/user/.m2/repository/org/apache/hadoop/hadoop-hdfs/3.2.0/hadoop-hdfs-3.2.0.jar:/home/user/.m2/repository/org/apache/hadoop/hadoop-hdfs-client/3.2.0/hadoop-hdfs-client-3.2.0.jar:/home/user/.m2/repository/com/fasterxml/jackson/core/jackson-annotations/2.9.9/jackson-annotations-2.9.9.jar:/home/user/.m2/repository/org/apache/hadoop/hadoop-hdds-common/0.5.0-SNAPSHOT/hadoop-hdds-common-0.5.0-SNAPSHOT.jar:/home/user/.m2/repository/javax/annotation/javax.annotation-api/1.2/javax.annotation-api-1.2.jar:/home/user/.m2/repository/org/apache/ratis/ratis-server/0.5.0-201fc85-SNAPSHOT/ratis-server-0.5.0-201fc85-SNAPSHOT.jar:/home/user/.m2/repository/org/apache/ratis/ratis-thirdparty-misc/0.2.0/ratis-thirdparty-misc-0.2.0.jar:/home/user/.m2/repository/org/apache/ratis/ratis-proto/0.5.0-201fc85-SNAPSHOT/ratis-proto-0.5.0-201fc85-SNAPSHOT.jar:/home/user/.m2/repository/org/apache/ratis/ratis-common/0.5.0-201fc85-SNAPSHOT/ratis-common-0.5.0-201fc85-SNAPSHOT.jar:/home/user/.m2/repository/org/apache/ratis/ratis-client/0.5.0-201fc85-SNAPSHOT/ratis-client-0.5.0-201fc85-SNAPSHOT.jar:/home/user/.m2/repository/org/apache/ratis/ratis-metrics/0.5.0-201fc85-SNAPSHOT/ratis-metrics-0.5.0-201fc85-SNAPSHOT.jar:/home/user/.m2/repository/com/github/joshelser/dropwizard-metrics-hadoop-metrics2-reporter/0.1.2/dropwizard-metrics-hadoop-metrics2-reporter-0.1.2.jar:/home/user/.m2/repository/io/dropwizard/metrics/metrics-jvm/3.2.5/metrics-jvm-3.2.5.jar:/home/user/.m2/repository/io/dropwizard/metrics/metrics-ganglia/3.2.5/metrics-ganglia-3.2.5.jar:/home/user/.m2/repository/info/ganglia/gmetric4j/gmetric4j/1.0.7/gmetric4j-1.0.7.jar:/home/user/.m2/repository/org/apache/ratis/ratis-netty/0.5.0-201fc85-SNAPSHOT/ratis-netty-0.5.0-201fc85-SNAPSHOT.jar:/home/user/.m2/repository/org/apache/ratis/ratis-grpc/0.5.0-201fc85-SNAPSHOT/ratis-grpc-0.5.0-201fc85-SNAPSHOT.jar:/home/user/.m2/repository/org/rocksdb/rocksdbjni/6.0.1/rocksdbjni-6.0.1.jar:/home/user/.m2/repository/org/apache/logging/log4j/log4j-api/2.11.0/log4j-api-2.11.0.jar:/home/user/.m2/repository/org/apache/logging/log4j/log4j-core/2.11.0/log4j-core-2.11.0.jar:/home/user/.m2/repository/com/lmax/disruptor/3.4.2/disruptor-3.4.2.jar:/home/user/.m2/repository/org/apache/commons/commons-pool2/2.6.0/commons-pool2-2.6.0.jar:/home/user/.m2/repository/org/bouncycastle/bcpkix-jdk15on/1.60/bcpkix-jdk15on-1.60.jar:/home/user/.m2/repository/commons-validator/commons-validator/1.6/commons-validator-1.6.jar:/home/user/.m2/repository/commons-digester/commons-digester/1.8.1/commons-digester-1.8.1.jar:/home/user/.m2/repository/io/jaegertracing/jaeger-client/0.34.0/jaeger-client-0.34.0.jar:/home/user/.m2/repository/io/jaegertracing/jaeger-thrift/0.34.0/jaeger-thrift-0.34.0.jar:/home/user/.m2/repository/org/apache/thrift/libthrift/0.12.0/libthrift-0.12.0.jar:/home/user/.m2/repository/com/squareup/okhttp3/okhttp/3.9.0/okhttp-3.9.0.jar:/home/user/.m2/repository/com/squareup/okio/okio/1.13.0/okio-1.13.0.jar:/home/user/.m2/repository/io/jaegertracing/jaeger-core/0.34.0/jaeger-core-0.34.0.jar:/home/user/.m2/repository/io/jaegertracing/jaeger-tracerresolver/0.34.0/jaeger-tracerresolver-0.34.0.jar:/home/user/.m2/repository/io/opentracing/contrib/opentracing-tracerresolver/0.1.5/opentracing-tracerresolver-0.1.5.jar:/home/user/.m2/repository/io/opentracing/opentracing-util/0.31.0/opentracing-util-0.31.0.jar:/home/user/.m2/repository/io/opentracing/opentracing-api/0.31.0/opentracing-api-0.31.0.jar:/home/user/.m2/repository/io/opentracing/opentracing-noop/0.31.0/opentracing-noop-0.31.0.jar:/home/user/.m2/repository/org/apache/hadoop/hadoop-hdds-server-framework/0.5.0-SNAPSHOT/hadoop-hdds-server-framework-0.5.0-SNAPSHOT.jar:/home/user/.m2/repository/org/apache/hadoop/hadoop-hdds-container-service/0.5.0-SNAPSHOT/hadoop-hdds-container-service-0.5.0-SNAPSHOT.jar:/home/user/.m2/repository/org/apache/hadoop/hadoop-hdds-client/0.5.0-SNAPSHOT/hadoop-hdds-client-0.5.0-SNAPSHOT.jar:/home/user/.m2/repository/org/apache/hadoop/hadoop-hdds-tools/0.5.0-SNAPSHOT/hadoop-hdds-tools-0.5.0-SNAPSHOT.jar:/home/user/.m2/repository/org/apache/hadoop/hadoop-hdds-server-scm/0.5.0-SNAPSHOT/hadoop-hdds-server-scm-0.5.0-SNAPSHOT.jar:/home/user/.m2/repository/org/apache/hadoop/hadoop-hdds-docs/0.5.0-SNAPSHOT/hadoop-hdds-docs-0.5.0-SNAPSHOT.jar:/home/user/.m2/repository/io/dropwizard/metrics/metrics-core/3.2.4/metrics-core-3.2.4.jar:/home/user/.m2/repository/org/hamcrest/hamcrest-all/1.3/hamcrest-all-1.3.jar:/home/user/.m2/repository/org/bouncycastle/bcprov-jdk15on/1.60/bcprov-jdk15on-1.60.jar:/home/user/.m2/repository/info/picocli/picocli/3.9.6/picocli-3.9.6.jar:/home/user/.m2/repository/com/google/protobuf/protobuf-java/2.5.0/protobuf-java-2.5.0.jar:/home/user/.m2/repository/com/google/guava/guava/11.0.2/guava-11.0.2.jar:/home/user/.m2/repository/org/apache/hadoop/hadoop-ozone-ozone-manager/0.5.0-SNAPSHOT/hadoop-ozone-ozone-manager-0.5.0-SNAPSHOT.jar:/home/user/.m2/repository/org/apache/hadoop/hadoop-minikdc/3.2.0/hadoop-minikdc-3.2.0.jar:/home/user/.m2/repository/commons-io/commons-io/2.5/commons-io-2.5.jar:/home/user/.m2/repository/org/apache/kerby/kerb-simplekdc/1.0.1/kerb-simplekdc-1.0.1.jar:/home/user/.m2/repository/org/apache/kerby/kerb-client/1.0.1/kerb-client-1.0.1.jar:/home/user/.m2/repository/org/apache/kerby/kerby-config/1.0.1/kerby-config-1.0.1.jar:/home/user/.m2/repository/org/apache/kerby/kerb-core/1.0.1/kerb-core-1.0.1.jar:/home/user/.m2/repository/org/apache/kerby/kerby-pkix/1.0.1/kerby-pkix-1.0.1.jar:/home/user/.m2/repository/org/apache/kerby/kerby-asn1/1.0.1/kerby-asn1-1.0.1.jar:/home/user/.m2/repository/org/apache/kerby/kerby-util/1.0.1/kerby-util-1.0.1.jar:/home/user/.m2/repository/org/apache/kerby/kerb-common/1.0.1/kerb-common-1.0.1.jar:/home/user/.m2/repository/org/apache/kerby/kerb-crypto/1.0.1/kerb-crypto-1.0.1.jar:/home/user/.m2/repository/org/apache/kerby/kerb-util/1.0.1/kerb-util-1.0.1.jar:/home/user/.m2/repository/org/apache/kerby/token-provider/1.0.1/token-provider-1.0.1.jar:/home/user/.m2/repository/org/apache/kerby/kerb-admin/1.0.1/kerb-admin-1.0.1.jar:/home/user/.m2/repository/org/apache/kerby/kerb-server/1.0.1/kerb-server-1.0.1.jar:/home/user/.m2/repository/org/apache/kerby/kerb-identity/1.0.1/kerb-identity-1.0.1.jar:/home/user/.m2/repository/org/apache/kerby/kerby-xdr/1.0.1/kerby-xdr-1.0.1.jar:/home/user/.m2/repository/org/slf4j/slf4j-log4j12/1.7.25/slf4j-log4j12-1.7.25.jar:/home/user/.m2/repository/org/apache/hadoop/hadoop-ozone-s3gateway/0.5.0-SNAPSHOT/hadoop-ozone-s3gateway-0.5.0-SNAPSHOT.jar:/home/user/.m2/repository/org/jboss/weld/servlet/weld-servlet/2.4.7.Final/weld-servlet-2.4.7.Final.jar:/home/user/.m2/repository/org/glassfish/jersey/containers/jersey-container-servlet-core/2.27/jersey-container-servlet-core-2.27.jar:/home/user/.m2/repository/org/glassfish/hk2/external/javax.inject/2.5.0-b42/javax.inject-2.5.0-b42.jar:/home/user/.m2/repository/org/glassfish/jersey/core/jersey-common/2.27/jersey-common-2.27.jar:/home/user/.m2/repository/org/glassfish/hk2/osgi-resource-locator/1.0.1/osgi-resource-locator-1.0.1.jar:/home/user/.m2/repository/javax/ws/rs/javax.ws.rs-api/2.1/javax.ws.rs-api-2.1.jar:/home/user/.m2/repository/org/glassfish/jersey/ext/cdi/jersey-cdi1x/2.27/jersey-cdi1x-2.27.jar:/home/user/.m2/repository/org/glassfish/jersey/inject/jersey-hk2/2.27/jersey-hk2-2.27.jar:/home/user/.m2/repository/org/glassfish/hk2/hk2-locator/2.5.0-b42/hk2-locator-2.5.0-b42.jar:/home/user/.m2/repository/org/javassist/javassist/3.22.0-CR2/javassist-3.22.0-CR2.jar:/home/user/.m2/repository/org/glassfish/hk2/hk2-api/2.5.0/hk2-api-2.5.0.jar:/home/user/.m2/repository/org/glassfish/hk2/external/jakarta.inject/2.5.0/jakarta.inject-2.5.0.jar:/home/user/.m2/repository/org/glassfish/hk2/hk2-utils/2.5.0/hk2-utils-2.5.0.jar:/home/user/.m2/repository/jakarta/annotation/jakarta.annotation-api/1.3.4/jakarta.annotation-api-1.3.4.jar:/home/user/.m2/repository/org/glassfish/hk2/external/aopalliance-repackaged/2.5.0/aopalliance-repackaged-2.5.0.jar:/home/user/.m2/repository/com/fasterxml/jackson/dataformat/jackson-dataformat-xml/2.9.0/jackson-dataformat-xml-2.9.0.jar:/home/user/.m2/repository/com/fasterxml/jackson/core/jackson-core/2.9.9/jackson-core-2.9.9.jar:/home/user/.m2/repository/com/fasterxml/jackson/module/jackson-module-jaxb-annotations/2.9.9/jackson-module-jaxb-annotations-2.9.9.jar:/home/user/.m2/repository/javax/enterprise/cdi-api/1.2/cdi-api-1.2.jar:/home/user/.m2/repository/javax/el/javax.el-api/3.0.0/javax.el-api-3.0.0.jar:/home/user/.m2/repository/javax/interceptor/javax.interceptor-api/1.2/javax.interceptor-api-1.2.jar:/home/user/.m2/repository/javax/inject/javax.inject/1/javax.inject-1.jar:/home/user/.m2/repository/com/sun/xml/bind/jaxb-impl/2.3.0.1/jaxb-impl-2.3.0.1.jar:/home/user/.m2/repository/com/sun/xml/bind/jaxb-core/2.3.0.1/jaxb-core-2.3.0.1.jar:/home/user/.m2/repository/javax/xml/bind/jaxb-api/2.3.0/jaxb-api-2.3.0.jar:/home/user/.m2/repository/javax/activation/activation/1.1.1/activation-1.1.1.jar:/home/user/.m2/repository/org/apache/hadoop/hadoop-ozone-csi/0.5.0-SNAPSHOT/hadoop-ozone-csi-0.5.0-SNAPSHOT.jar:/home/user/.m2/repository/com/google/protobuf/protobuf-java-util/3.5.1/protobuf-java-util-3.5.1.jar:/home/user/.m2/repository/org/apache/hadoop/hadoop-hdds-config/0.5.0-SNAPSHOT/hadoop-hdds-config-0.5.0-SNAPSHOT.jar:/home/user/.m2/repository/io/grpc/grpc-netty/1.17.1/grpc-netty-1.17.1.jar:/home/user/.m2/repository/io/grpc/grpc-core/1.17.1/grpc-core-1.17.1.jar:/home/user/.m2/repository/io/grpc/grpc-context/1.17.1/grpc-context-1.17.1.jar:/home/user/.m2/repository/com/google/errorprone/error_prone_annotations/2.2.0/error_prone_annotations-2.2.0.jar:/home/user/.m2/repository/org/codehaus/mojo/animal-sniffer-annotations/1.17/animal-sniffer-annotations-1.17.jar:/home/user/.m2/repository/io/opencensus/opencensus-api/0.17.0/opencensus-api-0.17.0.jar:/home/user/.m2/repository/io/opencensus/opencensus-contrib-grpc-metrics/0.17.0/opencensus-contrib-grpc-metrics-0.17.0.jar:/home/user/.m2/repository/io/netty/netty-codec-http2/4.1.30.Final/netty-codec-http2-4.1.30.Final.jar:/home/user/.m2/repository/io/netty/netty-codec-http/4.1.30.Final/netty-codec-http-4.1.30.Final.jar:/home/user/.m2/repository/io/netty/netty-codec/4.1.30.Final/netty-codec-4.1.30.Final.jar:/home/user/.m2/repository/io/netty/netty-handler/4.1.30.Final/netty-handler-4.1.30.Final.jar:/home/user/.m2/repository/io/netty/netty-handler-proxy/4.1.30.Final/netty-handler-proxy-4.1.30.Final.jar:/home/user/.m2/repository/io/netty/netty-codec-socks/4.1.30.Final/netty-codec-socks-4.1.30.Final.jar:/home/user/.m2/repository/io/netty/netty-transport-native-epoll/4.1.30.Final/netty-transport-native-epoll-4.1.30.Final.jar:/home/user/.m2/repository/io/netty/netty-common/4.1.30.Final/netty-common-4.1.30.Final.jar:/home/user/.m2/repository/io/netty/netty-buffer/4.1.30.Final/netty-buffer-4.1.30.Final.jar:/home/user/.m2/repository/io/netty/netty-transport/4.1.30.Final/netty-transport-4.1.30.Final.jar:/home/user/.m2/repository/io/netty/netty-resolver/4.1.30.Final/netty-resolver-4.1.30.Final.jar:/home/user/.m2/repository/io/netty/netty-transport-native-unix-common/4.1.30.Final/netty-transport-native-unix-common-4.1.30.Final.jar:/home/user/.m2/repository/io/grpc/grpc-protobuf/1.17.1/grpc-protobuf-1.17.1.jar:/home/user/.m2/repository/com/google/api/grpc/proto-google-common-protos/1.0.0/proto-google-common-protos-1.0.0.jar:/home/user/.m2/repository/io/grpc/grpc-protobuf-lite/1.17.1/grpc-protobuf-lite-1.17.1.jar:/home/user/.m2/repository/io/grpc/grpc-stub/1.17.1/grpc-stub-1.17.1.jar:/home/user/.m2/repository/org/apache/hadoop/hadoop-ozone-recon/0.5.0-SNAPSHOT/hadoop-ozone-recon-0.5.0-SNAPSHOT.jar:/home/user/.m2/repository/org/apache/hadoop/hadoop-ozone-reconcodegen/0.5.0-SNAPSHOT/hadoop-ozone-reconcodegen-0.5.0-SNAPSHOT.jar:/home/user/.m2/repository/com/google/inject/extensions/guice-multibindings/4.0/guice-multibindings-4.0.jar:/home/user/.m2/repository/com/google/inject/guice/4.0/guice-4.0.jar:/home/user/.m2/repository/aopalliance/aopalliance/1.0/aopalliance-1.0.jar:/home/user/.m2/repository/com/google/inject/extensions/guice-servlet/4.0/guice-servlet-4.0.jar:/home/user/.m2/repository/org/glassfish/jersey/containers/jersey-container-servlet/2.27/jersey-container-servlet-2.27.jar:/home/user/.m2/repository/org/glassfish/hk2/guice-bridge/2.5.0/guice-bridge-2.5.0.jar:/home/user/.m2/repository/org/glassfish/jersey/core/jersey-server/2.27/jersey-server-2.27.jar:/home/user/.m2/repository/org/glassfish/jersey/core/jersey-client/2.27/jersey-client-2.27.jar:/home/user/.m2/repository/org/glassfish/jersey/media/jersey-media-jaxb/2.27/jersey-media-jaxb-2.27.jar:/home/user/.m2/repository/javax/validation/validation-api/1.1.0.Final/validation-api-1.1.0.Final.jar:/home/user/.m2/repository/org/glassfish/jersey/media/jersey-media-json-jackson/2.27/jersey-media-json-jackson-2.27.jar:/home/user/.m2/repository/org/glassfish/jersey/ext/jersey-entity-filtering/2.27/jersey-entity-filtering-2.27.jar:/home/user/.m2/repository/com/google/inject/extensions/guice-assistedinject/4.0/guice-assistedinject-4.0.jar:/home/user/.m2/repository/org/jooq/jooq/3.11.10/jooq-3.11.10.jar:/home/user/.m2/repository/org/jooq/jooq-meta/3.11.10/jooq-meta-3.11.10.jar:/home/user/.m2/repository/org/jooq/jooq-codegen/3.11.10/jooq-codegen-3.11.10.jar:/home/user/.m2/repository/com/jolbox/bonecp/0.8.0.RELEASE/bonecp-0.8.0.RELEASE.jar:/home/user/.m2/repository/org/xerial/sqlite-jdbc/3.25.2/sqlite-jdbc-3.25.2.jar:/home/user/.m2/repository/org/springframework/spring-jdbc/5.1.3.RELEASE/spring-jdbc-5.1.3.RELEASE.jar:/home/user/.m2/repository/org/springframework/spring-beans/5.1.3.RELEASE/spring-beans-5.1.3.RELEASE.jar:/home/user/.m2/repository/org/springframework/spring-core/5.1.3.RELEASE/spring-core-5.1.3.RELEASE.jar:/home/user/.m2/repository/org/springframework/spring-jcl/5.1.3.RELEASE/spring-jcl-5.1.3.RELEASE.jar:/home/user/.m2/repository/org/springframework/spring-tx/5.1.3.RELEASE/spring-tx-5.1.3.RELEASE.jar:/home/user/.m2/repository/org/apache/hadoop/hadoop-ozone-client/0.5.0-SNAPSHOT/hadoop-ozone-client-0.5.0-SNAPSHOT.jar:/home/user/.m2/repository/commons-lang/commons-lang/2.6/commons-lang-2.6.jar:/home/user/.m2/repository/org/apache/hadoop/hadoop-ozone-ozone-manager/0.5.0-SNAPSHOT/hadoop-ozone-ozone-manager-0.5.0-SNAPSHOT-tests.jar:/home/user/.m2/repository/junit/junit/4.11/junit-4.11.jar:/home/user/.m2/repository/org/hamcrest/hamcrest-core/1.3/hamcrest-core-1.3.jar:/home/user/.m2/repository/org/openjdk/jmh/jmh-core/1.19/jmh-core-1.19.jar:/home/user/.m2/repository/net/sf/jopt-simple/jopt-simple/4.6/jopt-simple-4.6.jar:/home/user/.m2/repository/org/apache/commons/commons-math3/3.1.1/commons-math3-3.1.1.jar:/home/user/.m2/repository/org/openjdk/jmh/jmh-generator-annprocess/1.19/jmh-generator-annprocess-1.19.jar:/home/user/.m2/repository/org/mockito/mockito-all/1.8.5/mockito-all-1.8.5.jar:/home/user/.m2/repository/org/apache/hadoop/hadoop-kms/3.2.0/hadoop-kms-3.2.0.jar:/home/user/.m2/repository/org/apache/hadoop/hadoop-auth/3.2.0/hadoop-auth-3.2.0.jar:/home/user/.m2/repository/com/nimbusds/nimbus-jose-jwt/4.41.1/nimbus-jose-jwt-4.41.1.jar:/home/user/.m2/repository/com/github/stephenc/jcip/jcip-annotations/1.0-1/jcip-annotations-1.0-1.jar:/home/user/.m2/repository/net/minidev/json-smart/2.3/json-smart-2.3.jar:/home/user/.m2/repository/net/minidev/accessors-smart/1.2/accessors-smart-1.2.jar:/home/user/.m2/repository/org/ow2/asm/asm/5.0.4/asm-5.0.4.jar:/home/user/.m2/repository/org/apache/curator/curator-framework/2.12.0/curator-framework-2.12.0.jar:/home/user/.m2/repository/com/sun/jersey/jersey-core/1.19/jersey-core-1.19.jar:/home/user/.m2/repository/javax/ws/rs/jsr311-api/1.1.1/jsr311-api-1.1.1.jar:/home/user/.m2/repository/com/sun/jersey/jersey-server/1.19/jersey-server-1.19.jar:/home/user/.m2/repository/javax/servlet/javax.servlet-api/3.1.0/javax.servlet-api-3.1.0.jar:/home/user/.m2/repository/org/eclipse/jetty/jetty-server/9.3.25.v20180904/jetty-server-9.3.25.v20180904.jar:/home/user/.m2/repository/org/eclipse/jetty/jetty-http/9.3.25.v20180904/jetty-http-9.3.25.v20180904.jar:/home/user/.m2/repository/org/eclipse/jetty/jetty-io/9.3.25.v20180904/jetty-io-9.3.25.v20180904.jar:/home/user/.m2/repository/org/eclipse/jetty/jetty-webapp/9.3.25.v20180904/jetty-webapp-9.3.25.v20180904.jar:/home/user/.m2/repository/org/eclipse/jetty/jetty-xml/9.3.25.v20180904/jetty-xml-9.3.25.v20180904.jar:/home/user/.m2/repository/log4j/log4j/1.2.17/log4j-1.2.17.jar:/home/user/.m2/repository/org/slf4j/slf4j-api/1.7.25/slf4j-api-1.7.25.jar:/home/user/.m2/repository/org/slf4j/jul-to-slf4j/1.7.25/jul-to-slf4j-1.7.25.jar:/home/user/.m2/repository/org/eclipse/jetty/jetty-util/9.3.25.v20180904/jetty-util-9.3.25.v20180904.jar:/home/user/.m2/repository/com/fasterxml/jackson/core/jackson-databind/2.9.9/jackson-databind-2.9.9.jar:/home/user/.m2/repository/org/apache/hadoop/hadoop-kms/3.2.0/hadoop-kms-3.2.0-tests.jar:/home/user/.m2/repository/org/apache/hadoop/hadoop-hdds-server-scm/0.5.0-SNAPSHOT/hadoop-hdds-server-scm-0.5.0-SNAPSHOT-tests.jar:/home/user/.m2/repository/org/apache/hadoop/hadoop-hdds-container-service/0.5.0-SNAPSHOT/hadoop-hdds-container-service-0.5.0-SNAPSHOT-tests.jar:/home/user/.m2/repository/org/yaml/snakeyaml/1.16/snakeyaml-1.16.jar:/home/user/.m2/repository/org/apache/hadoop/hadoop-common/3.2.0/hadoop-common-3.2.0-tests.jar:/home/user/.m2/repository/org/apache/hadoop/hadoop-annotations/3.2.0/hadoop-annotations-3.2.0.jar:/usr/lib/jvm/java-1.8-openjdk/jre/../lib/tools.jar:/home/user/.m2/repository/commons-cli/commons-cli/1.2/commons-cli-1.2.jar:/home/user/.m2/repository/org/apache/httpcomponents/httpclient/4.5.2/httpclient-4.5.2.jar:/home/user/.m2/repository/org/apache/httpcomponents/httpcore/4.4.4/httpcore-4.4.4.jar:/home/user/.m2/repository/commons-codec/commons-codec/1.11/commons-codec-1.11.jar:/home/user/.m2/repository/commons-net/commons-net/3.6/commons-net-3.6.jar:/home/user/.m2/repository/commons-collections/commons-collections/3.2.2/commons-collections-3.2.2.jar:/home/user/.m2/repository/org/eclipse/jetty/jetty-servlet/9.3.25.v20180904/jetty-servlet-9.3.25.v20180904.jar:/home/user/.m2/repository/org/eclipse/jetty/jetty-security/9.3.25.v20180904/jetty-security-9.3.25.v20180904.jar:/home/user/.m2/repository/javax/servlet/jsp/jsp-api/2.1/jsp-api-2.1.jar:/home/user/.m2/repository/com/sun/jersey/jersey-servlet/1.19/jersey-servlet-1.19.jar:/home/user/.m2/repository/com/sun/jersey/jersey-json/1.19/jersey-json-1.19.jar:/home/user/.m2/repository/org/codehaus/jettison/jettison/1.1/jettison-1.1.jar:/home/user/.m2/repository/org/codehaus/jackson/jackson-core-asl/1.9.13/jackson-core-asl-1.9.13.jar:/home/user/.m2/repository/org/codehaus/jackson/jackson-mapper-asl/1.9.13/jackson-mapper-asl-1.9.13.jar:/home/user/.m2/repository/org/codehaus/jackson/jackson-jaxrs/1.9.13/jackson-jaxrs-1.9.13.jar:/home/user/.m2/repository/org/codehaus/jackson/jackson-xc/1.9.13/jackson-xc-1.9.13.jar:/home/user/.m2/repository/commons-logging/commons-logging/1.1.3/commons-logging-1.1.3.jar:/home/user/.m2/repository/commons-beanutils/commons-beanutils/1.9.4/commons-beanutils-1.9.4.jar:/home/user/.m2/repository/org/apache/commons/commons-configuration2/2.1.1/commons-configuration2-2.1.1.jar:/home/user/.m2/repository/org/apache/commons/commons-lang3/3.7/commons-lang3-3.7.jar:/home/user/.m2/repository/org/apache/commons/commons-text/1.4/commons-text-1.4.jar:/home/user/.m2/repository/org/apache/avro/avro/1.7.7/avro-1.7.7.jar:/home/user/.m2/repository/com/thoughtworks/paranamer/paranamer/2.3/paranamer-2.3.jar:/home/user/.m2/repository/org/xerial/snappy/snappy-java/1.0.5/snappy-java-1.0.5.jar:/home/user/.m2/repository/com/google/re2j/re2j/1.1/re2j-1.1.jar:/home/user/.m2/repository/com/google/code/gson/gson/2.2.4/gson-2.2.4.jar:/home/user/.m2/repository/com/jcraft/jsch/0.1.54/jsch-0.1.54.jar:/home/user/.m2/repository/org/apache/curator/curator-client/2.12.0/curator-client-2.12.0.jar:/home/user/.m2/repository/org/apache/curator/curator-recipes/2.12.0/curator-recipes-2.12.0.jar:/home/user/.m2/repository/com/google/code/findbugs/jsr305/3.0.0/jsr305-3.0.0.jar:/home/user/.m2/repository/org/apache/htrace/htrace-core4/4.1.0-incubating/htrace-core4-4.1.0-incubating.jar:/home/user/.m2/repository/org/apache/zookeeper/zookeeper/3.4.13/zookeeper-3.4.13.jar:/home/user/.m2/repository/jline/jline/0.9.94/jline-0.9.94.jar:/home/user/.m2/repository/org/apache/yetus/audience-annotations/0.5.0/audience-annotations-0.5.0.jar:/home/user/.m2/repository/org/codehaus/woodstox/stax2-api/3.1.4/stax2-api-3.1.4.jar:/home/user/.m2/repository/com/fasterxml/woodstox/woodstox-core/5.0.3/woodstox-core-5.0.3.jar:/home/user/.m2/repository/dnsjava/dnsjava/2.1.7/dnsjava-2.1.7.jar:/home/user/.m2/repository/org/apache/hadoop/hadoop-hdfs/3.2.0/hadoop-hdfs-3.2.0-tests.jar:/home/user/.m2/repository/org/eclipse/jetty/jetty-util-ajax/9.3.25.v20180904/jetty-util-ajax-9.3.25.v20180904.jar:/home/user/.m2/repository/commons-daemon/commons-daemon/1.0.13/commons-daemon-1.0.13.jar:/home/user/.m2/repository/io/netty/netty/3.10.5.Final/netty-3.10.5.Final.jar:/home/user/.m2/repository/io/netty/netty-all/4.0.52.Final/netty-all-4.0.52.Final.jar:/home/user/.m2/repository/org/fusesource/leveldbjni/leveldbjni-all/1.8/leveldbjni-all-1.8.jar:"/>
    <property name="java.vm.vendor" value="IcedTea"/>
    <property name="sun.arch.data.model" value="64"/>
    <property name="test.build.dir" value="/workdir/hadoop-ozone/integration-test/target/test-dir"/>
    <property name="test.cache.data" value=""/>
    <property name="java.vendor.url" value="https://icedtea.classpath.org"/>
    <property name="user.timezone" value=""/>
    <property name="java.vm.specification.version" value="1.8"/>
    <property name="os.name" value="Linux"/>
    <property name="test.build.data" value="/workdir/hadoop-ozone/integration-test/target/test-dir"/>
    <property name="user.country" value="US"/>
    <property name="sun.java.launcher" value="SUN_STANDARD"/>
    <property name="sun.boot.library.path" value="/usr/lib/jvm/java-1.8-openjdk/jre/lib/amd64"/>
    <property name="sun.java.command" value="/workdir/hadoop-ozone/integration-test/target/surefire/surefirebooter4853228438035560821.jar /workdir/hadoop-ozone/integration-test/target/surefire 2019-10-02T03-31-44_944-jvmRun1 surefire1233499456059159496tmp surefire_515364058979541110570tmp"/>
    <property name="test" value="!TestMiniChaosOzoneCluster"/>
    <property name="surefire.test.class.path" value="/workdir/hadoop-ozone/integration-test/target/test-classes:/workdir/hadoop-ozone/integration-test/target/classes:/home/user/.m2/repository/org/apache/hadoop/hadoop-ozone-common/0.5.0-SNAPSHOT/hadoop-ozone-common-0.5.0-SNAPSHOT.jar:/home/user/.m2/repository/org/apache/commons/commons-compress/1.4.1/commons-compress-1.4.1.jar:/home/user/.m2/repository/org/tukaani/xz/1.0/xz-1.0.jar:/home/user/.m2/repository/org/apache/hadoop/hadoop-common/3.2.0/hadoop-common-3.2.0.jar:/home/user/.m2/repository/org/apache/hadoop/hadoop-hdfs/3.2.0/hadoop-hdfs-3.2.0.jar:/home/user/.m2/repository/org/apache/hadoop/hadoop-hdfs-client/3.2.0/hadoop-hdfs-client-3.2.0.jar:/home/user/.m2/repository/com/fasterxml/jackson/core/jackson-annotations/2.9.9/jackson-annotations-2.9.9.jar:/home/user/.m2/repository/org/apache/hadoop/hadoop-hdds-common/0.5.0-SNAPSHOT/hadoop-hdds-common-0.5.0-SNAPSHOT.jar:/home/user/.m2/repository/javax/annotation/javax.annotation-api/1.2/javax.annotation-api-1.2.jar:/home/user/.m2/repository/org/apache/ratis/ratis-server/0.5.0-201fc85-SNAPSHOT/ratis-server-0.5.0-201fc85-SNAPSHOT.jar:/home/user/.m2/repository/org/apache/ratis/ratis-thirdparty-misc/0.2.0/ratis-thirdparty-misc-0.2.0.jar:/home/user/.m2/repository/org/apache/ratis/ratis-proto/0.5.0-201fc85-SNAPSHOT/ratis-proto-0.5.0-201fc85-SNAPSHOT.jar:/home/user/.m2/repository/org/apache/ratis/ratis-common/0.5.0-201fc85-SNAPSHOT/ratis-common-0.5.0-201fc85-SNAPSHOT.jar:/home/user/.m2/repository/org/apache/ratis/ratis-client/0.5.0-201fc85-SNAPSHOT/ratis-client-0.5.0-201fc85-SNAPSHOT.jar:/home/user/.m2/repository/org/apache/ratis/ratis-metrics/0.5.0-201fc85-SNAPSHOT/ratis-metrics-0.5.0-201fc85-SNAPSHOT.jar:/home/user/.m2/repository/com/github/joshelser/dropwizard-metrics-hadoop-metrics2-reporter/0.1.2/dropwizard-metrics-hadoop-metrics2-reporter-0.1.2.jar:/home/user/.m2/repository/io/dropwizard/metrics/metrics-jvm/3.2.5/metrics-jvm-3.2.5.jar:/home/user/.m2/repository/io/dropwizard/metrics/metrics-ganglia/3.2.5/metrics-ganglia-3.2.5.jar:/home/user/.m2/repository/info/ganglia/gmetric4j/gmetric4j/1.0.7/gmetric4j-1.0.7.jar:/home/user/.m2/repository/org/apache/ratis/ratis-netty/0.5.0-201fc85-SNAPSHOT/ratis-netty-0.5.0-201fc85-SNAPSHOT.jar:/home/user/.m2/repository/org/apache/ratis/ratis-grpc/0.5.0-201fc85-SNAPSHOT/ratis-grpc-0.5.0-201fc85-SNAPSHOT.jar:/home/user/.m2/repository/org/rocksdb/rocksdbjni/6.0.1/rocksdbjni-6.0.1.jar:/home/user/.m2/repository/org/apache/logging/log4j/log4j-api/2.11.0/log4j-api-2.11.0.jar:/home/user/.m2/repository/org/apache/logging/log4j/log4j-core/2.11.0/log4j-core-2.11.0.jar:/home/user/.m2/repository/com/lmax/disruptor/3.4.2/disruptor-3.4.2.jar:/home/user/.m2/repository/org/apache/commons/commons-pool2/2.6.0/commons-pool2-2.6.0.jar:/home/user/.m2/repository/org/bouncycastle/bcpkix-jdk15on/1.60/bcpkix-jdk15on-1.60.jar:/home/user/.m2/repository/commons-validator/commons-validator/1.6/commons-validator-1.6.jar:/home/user/.m2/repository/commons-digester/commons-digester/1.8.1/commons-digester-1.8.1.jar:/home/user/.m2/repository/io/jaegertracing/jaeger-client/0.34.0/jaeger-client-0.34.0.jar:/home/user/.m2/repository/io/jaegertracing/jaeger-thrift/0.34.0/jaeger-thrift-0.34.0.jar:/home/user/.m2/repository/org/apache/thrift/libthrift/0.12.0/libthrift-0.12.0.jar:/home/user/.m2/repository/com/squareup/okhttp3/okhttp/3.9.0/okhttp-3.9.0.jar:/home/user/.m2/repository/com/squareup/okio/okio/1.13.0/okio-1.13.0.jar:/home/user/.m2/repository/io/jaegertracing/jaeger-core/0.34.0/jaeger-core-0.34.0.jar:/home/user/.m2/repository/io/jaegertracing/jaeger-tracerresolver/0.34.0/jaeger-tracerresolver-0.34.0.jar:/home/user/.m2/repository/io/opentracing/contrib/opentracing-tracerresolver/0.1.5/opentracing-tracerresolver-0.1.5.jar:/home/user/.m2/repository/io/opentracing/opentracing-util/0.31.0/opentracing-util-0.31.0.jar:/home/user/.m2/repository/io/opentracing/opentracing-api/0.31.0/opentracing-api-0.31.0.jar:/home/user/.m2/repository/io/opentracing/opentracing-noop/0.31.0/opentracing-noop-0.31.0.jar:/home/user/.m2/repository/org/apache/hadoop/hadoop-hdds-server-framework/0.5.0-SNAPSHOT/hadoop-hdds-server-framework-0.5.0-SNAPSHOT.jar:/home/user/.m2/repository/org/apache/hadoop/hadoop-hdds-container-service/0.5.0-SNAPSHOT/hadoop-hdds-container-service-0.5.0-SNAPSHOT.jar:/home/user/.m2/repository/org/apache/hadoop/hadoop-hdds-client/0.5.0-SNAPSHOT/hadoop-hdds-client-0.5.0-SNAPSHOT.jar:/home/user/.m2/repository/org/apache/hadoop/hadoop-hdds-tools/0.5.0-SNAPSHOT/hadoop-hdds-tools-0.5.0-SNAPSHOT.jar:/home/user/.m2/repository/org/apache/hadoop/hadoop-hdds-server-scm/0.5.0-SNAPSHOT/hadoop-hdds-server-scm-0.5.0-SNAPSHOT.jar:/home/user/.m2/repository/org/apache/hadoop/hadoop-hdds-docs/0.5.0-SNAPSHOT/hadoop-hdds-docs-0.5.0-SNAPSHOT.jar:/home/user/.m2/repository/io/dropwizard/metrics/metrics-core/3.2.4/metrics-core-3.2.4.jar:/home/user/.m2/repository/org/hamcrest/hamcrest-all/1.3/hamcrest-all-1.3.jar:/home/user/.m2/repository/org/bouncycastle/bcprov-jdk15on/1.60/bcprov-jdk15on-1.60.jar:/home/user/.m2/repository/info/picocli/picocli/3.9.6/picocli-3.9.6.jar:/home/user/.m2/repository/com/google/protobuf/protobuf-java/2.5.0/protobuf-java-2.5.0.jar:/home/user/.m2/repository/com/google/guava/guava/11.0.2/guava-11.0.2.jar:/home/user/.m2/repository/org/apache/hadoop/hadoop-ozone-ozone-manager/0.5.0-SNAPSHOT/hadoop-ozone-ozone-manager-0.5.0-SNAPSHOT.jar:/home/user/.m2/repository/org/apache/hadoop/hadoop-minikdc/3.2.0/hadoop-minikdc-3.2.0.jar:/home/user/.m2/repository/commons-io/commons-io/2.5/commons-io-2.5.jar:/home/user/.m2/repository/org/apache/kerby/kerb-simplekdc/1.0.1/kerb-simplekdc-1.0.1.jar:/home/user/.m2/repository/org/apache/kerby/kerb-client/1.0.1/kerb-client-1.0.1.jar:/home/user/.m2/repository/org/apache/kerby/kerby-config/1.0.1/kerby-config-1.0.1.jar:/home/user/.m2/repository/org/apache/kerby/kerb-core/1.0.1/kerb-core-1.0.1.jar:/home/user/.m2/repository/org/apache/kerby/kerby-pkix/1.0.1/kerby-pkix-1.0.1.jar:/home/user/.m2/repository/org/apache/kerby/kerby-asn1/1.0.1/kerby-asn1-1.0.1.jar:/home/user/.m2/repository/org/apache/kerby/kerby-util/1.0.1/kerby-util-1.0.1.jar:/home/user/.m2/repository/org/apache/kerby/kerb-common/1.0.1/kerb-common-1.0.1.jar:/home/user/.m2/repository/org/apache/kerby/kerb-crypto/1.0.1/kerb-crypto-1.0.1.jar:/home/user/.m2/repository/org/apache/kerby/kerb-util/1.0.1/kerb-util-1.0.1.jar:/home/user/.m2/repository/org/apache/kerby/token-provider/1.0.1/token-provider-1.0.1.jar:/home/user/.m2/repository/org/apache/kerby/kerb-admin/1.0.1/kerb-admin-1.0.1.jar:/home/user/.m2/repository/org/apache/kerby/kerb-server/1.0.1/kerb-server-1.0.1.jar:/home/user/.m2/repository/org/apache/kerby/kerb-identity/1.0.1/kerb-identity-1.0.1.jar:/home/user/.m2/repository/org/apache/kerby/kerby-xdr/1.0.1/kerby-xdr-1.0.1.jar:/home/user/.m2/repository/org/slf4j/slf4j-log4j12/1.7.25/slf4j-log4j12-1.7.25.jar:/home/user/.m2/repository/org/apache/hadoop/hadoop-ozone-s3gateway/0.5.0-SNAPSHOT/hadoop-ozone-s3gateway-0.5.0-SNAPSHOT.jar:/home/user/.m2/repository/org/jboss/weld/servlet/weld-servlet/2.4.7.Final/weld-servlet-2.4.7.Final.jar:/home/user/.m2/repository/org/glassfish/jersey/containers/jersey-container-servlet-core/2.27/jersey-container-servlet-core-2.27.jar:/home/user/.m2/repository/org/glassfish/hk2/external/javax.inject/2.5.0-b42/javax.inject-2.5.0-b42.jar:/home/user/.m2/repository/org/glassfish/jersey/core/jersey-common/2.27/jersey-common-2.27.jar:/home/user/.m2/repository/org/glassfish/hk2/osgi-resource-locator/1.0.1/osgi-resource-locator-1.0.1.jar:/home/user/.m2/repository/javax/ws/rs/javax.ws.rs-api/2.1/javax.ws.rs-api-2.1.jar:/home/user/.m2/repository/org/glassfish/jersey/ext/cdi/jersey-cdi1x/2.27/jersey-cdi1x-2.27.jar:/home/user/.m2/repository/org/glassfish/jersey/inject/jersey-hk2/2.27/jersey-hk2-2.27.jar:/home/user/.m2/repository/org/glassfish/hk2/hk2-locator/2.5.0-b42/hk2-locator-2.5.0-b42.jar:/home/user/.m2/repository/org/javassist/javassist/3.22.0-CR2/javassist-3.22.0-CR2.jar:/home/user/.m2/repository/org/glassfish/hk2/hk2-api/2.5.0/hk2-api-2.5.0.jar:/home/user/.m2/repository/org/glassfish/hk2/external/jakarta.inject/2.5.0/jakarta.inject-2.5.0.jar:/home/user/.m2/repository/org/glassfish/hk2/hk2-utils/2.5.0/hk2-utils-2.5.0.jar:/home/user/.m2/repository/jakarta/annotation/jakarta.annotation-api/1.3.4/jakarta.annotation-api-1.3.4.jar:/home/user/.m2/repository/org/glassfish/hk2/external/aopalliance-repackaged/2.5.0/aopalliance-repackaged-2.5.0.jar:/home/user/.m2/repository/com/fasterxml/jackson/dataformat/jackson-dataformat-xml/2.9.0/jackson-dataformat-xml-2.9.0.jar:/home/user/.m2/repository/com/fasterxml/jackson/core/jackson-core/2.9.9/jackson-core-2.9.9.jar:/home/user/.m2/repository/com/fasterxml/jackson/module/jackson-module-jaxb-annotations/2.9.9/jackson-module-jaxb-annotations-2.9.9.jar:/home/user/.m2/repository/javax/enterprise/cdi-api/1.2/cdi-api-1.2.jar:/home/user/.m2/repository/javax/el/javax.el-api/3.0.0/javax.el-api-3.0.0.jar:/home/user/.m2/repository/javax/interceptor/javax.interceptor-api/1.2/javax.interceptor-api-1.2.jar:/home/user/.m2/repository/javax/inject/javax.inject/1/javax.inject-1.jar:/home/user/.m2/repository/com/sun/xml/bind/jaxb-impl/2.3.0.1/jaxb-impl-2.3.0.1.jar:/home/user/.m2/repository/com/sun/xml/bind/jaxb-core/2.3.0.1/jaxb-core-2.3.0.1.jar:/home/user/.m2/repository/javax/xml/bind/jaxb-api/2.3.0/jaxb-api-2.3.0.jar:/home/user/.m2/repository/javax/activation/activation/1.1.1/activation-1.1.1.jar:/home/user/.m2/repository/org/apache/hadoop/hadoop-ozone-csi/0.5.0-SNAPSHOT/hadoop-ozone-csi-0.5.0-SNAPSHOT.jar:/home/user/.m2/repository/com/google/protobuf/protobuf-java-util/3.5.1/protobuf-java-util-3.5.1.jar:/home/user/.m2/repository/org/apache/hadoop/hadoop-hdds-config/0.5.0-SNAPSHOT/hadoop-hdds-config-0.5.0-SNAPSHOT.jar:/home/user/.m2/repository/io/grpc/grpc-netty/1.17.1/grpc-netty-1.17.1.jar:/home/user/.m2/repository/io/grpc/grpc-core/1.17.1/grpc-core-1.17.1.jar:/home/user/.m2/repository/io/grpc/grpc-context/1.17.1/grpc-context-1.17.1.jar:/home/user/.m2/repository/com/google/errorprone/error_prone_annotations/2.2.0/error_prone_annotations-2.2.0.jar:/home/user/.m2/repository/org/codehaus/mojo/animal-sniffer-annotations/1.17/animal-sniffer-annotations-1.17.jar:/home/user/.m2/repository/io/opencensus/opencensus-api/0.17.0/opencensus-api-0.17.0.jar:/home/user/.m2/repository/io/opencensus/opencensus-contrib-grpc-metrics/0.17.0/opencensus-contrib-grpc-metrics-0.17.0.jar:/home/user/.m2/repository/io/netty/netty-codec-http2/4.1.30.Final/netty-codec-http2-4.1.30.Final.jar:/home/user/.m2/repository/io/netty/netty-codec-http/4.1.30.Final/netty-codec-http-4.1.30.Final.jar:/home/user/.m2/repository/io/netty/netty-codec/4.1.30.Final/netty-codec-4.1.30.Final.jar:/home/user/.m2/repository/io/netty/netty-handler/4.1.30.Final/netty-handler-4.1.30.Final.jar:/home/user/.m2/repository/io/netty/netty-handler-proxy/4.1.30.Final/netty-handler-proxy-4.1.30.Final.jar:/home/user/.m2/repository/io/netty/netty-codec-socks/4.1.30.Final/netty-codec-socks-4.1.30.Final.jar:/home/user/.m2/repository/io/netty/netty-transport-native-epoll/4.1.30.Final/netty-transport-native-epoll-4.1.30.Final.jar:/home/user/.m2/repository/io/netty/netty-common/4.1.30.Final/netty-common-4.1.30.Final.jar:/home/user/.m2/repository/io/netty/netty-buffer/4.1.30.Final/netty-buffer-4.1.30.Final.jar:/home/user/.m2/repository/io/netty/netty-transport/4.1.30.Final/netty-transport-4.1.30.Final.jar:/home/user/.m2/repository/io/netty/netty-resolver/4.1.30.Final/netty-resolver-4.1.30.Final.jar:/home/user/.m2/repository/io/netty/netty-transport-native-unix-common/4.1.30.Final/netty-transport-native-unix-common-4.1.30.Final.jar:/home/user/.m2/repository/io/grpc/grpc-protobuf/1.17.1/grpc-protobuf-1.17.1.jar:/home/user/.m2/repository/com/google/api/grpc/proto-google-common-protos/1.0.0/proto-google-common-protos-1.0.0.jar:/home/user/.m2/repository/io/grpc/grpc-protobuf-lite/1.17.1/grpc-protobuf-lite-1.17.1.jar:/home/user/.m2/repository/io/grpc/grpc-stub/1.17.1/grpc-stub-1.17.1.jar:/home/user/.m2/repository/org/apache/hadoop/hadoop-ozone-recon/0.5.0-SNAPSHOT/hadoop-ozone-recon-0.5.0-SNAPSHOT.jar:/home/user/.m2/repository/org/apache/hadoop/hadoop-ozone-reconcodegen/0.5.0-SNAPSHOT/hadoop-ozone-reconcodegen-0.5.0-SNAPSHOT.jar:/home/user/.m2/repository/com/google/inject/extensions/guice-multibindings/4.0/guice-multibindings-4.0.jar:/home/user/.m2/repository/com/google/inject/guice/4.0/guice-4.0.jar:/home/user/.m2/repository/aopalliance/aopalliance/1.0/aopalliance-1.0.jar:/home/user/.m2/repository/com/google/inject/extensions/guice-servlet/4.0/guice-servlet-4.0.jar:/home/user/.m2/repository/org/glassfish/jersey/containers/jersey-container-servlet/2.27/jersey-container-servlet-2.27.jar:/home/user/.m2/repository/org/glassfish/hk2/guice-bridge/2.5.0/guice-bridge-2.5.0.jar:/home/user/.m2/repository/org/glassfish/jersey/core/jersey-server/2.27/jersey-server-2.27.jar:/home/user/.m2/repository/org/glassfish/jersey/core/jersey-client/2.27/jersey-client-2.27.jar:/home/user/.m2/repository/org/glassfish/jersey/media/jersey-media-jaxb/2.27/jersey-media-jaxb-2.27.jar:/home/user/.m2/repository/javax/validation/validation-api/1.1.0.Final/validation-api-1.1.0.Final.jar:/home/user/.m2/repository/org/glassfish/jersey/media/jersey-media-json-jackson/2.27/jersey-media-json-jackson-2.27.jar:/home/user/.m2/repository/org/glassfish/jersey/ext/jersey-entity-filtering/2.27/jersey-entity-filtering-2.27.jar:/home/user/.m2/repository/com/google/inject/extensions/guice-assistedinject/4.0/guice-assistedinject-4.0.jar:/home/user/.m2/repository/org/jooq/jooq/3.11.10/jooq-3.11.10.jar:/home/user/.m2/repository/org/jooq/jooq-meta/3.11.10/jooq-meta-3.11.10.jar:/home/user/.m2/repository/org/jooq/jooq-codegen/3.11.10/jooq-codegen-3.11.10.jar:/home/user/.m2/repository/com/jolbox/bonecp/0.8.0.RELEASE/bonecp-0.8.0.RELEASE.jar:/home/user/.m2/repository/org/xerial/sqlite-jdbc/3.25.2/sqlite-jdbc-3.25.2.jar:/home/user/.m2/repository/org/springframework/spring-jdbc/5.1.3.RELEASE/spring-jdbc-5.1.3.RELEASE.jar:/home/user/.m2/repository/org/springframework/spring-beans/5.1.3.RELEASE/spring-beans-5.1.3.RELEASE.jar:/home/user/.m2/repository/org/springframework/spring-core/5.1.3.RELEASE/spring-core-5.1.3.RELEASE.jar:/home/user/.m2/repository/org/springframework/spring-jcl/5.1.3.RELEASE/spring-jcl-5.1.3.RELEASE.jar:/home/user/.m2/repository/org/springframework/spring-tx/5.1.3.RELEASE/spring-tx-5.1.3.RELEASE.jar:/home/user/.m2/repository/org/apache/hadoop/hadoop-ozone-client/0.5.0-SNAPSHOT/hadoop-ozone-client-0.5.0-SNAPSHOT.jar:/home/user/.m2/repository/commons-lang/commons-lang/2.6/commons-lang-2.6.jar:/home/user/.m2/repository/org/apache/hadoop/hadoop-ozone-ozone-manager/0.5.0-SNAPSHOT/hadoop-ozone-ozone-manager-0.5.0-SNAPSHOT-tests.jar:/home/user/.m2/repository/junit/junit/4.11/junit-4.11.jar:/home/user/.m2/repository/org/hamcrest/hamcrest-core/1.3/hamcrest-core-1.3.jar:/home/user/.m2/repository/org/openjdk/jmh/jmh-core/1.19/jmh-core-1.19.jar:/home/user/.m2/repository/net/sf/jopt-simple/jopt-simple/4.6/jopt-simple-4.6.jar:/home/user/.m2/repository/org/apache/commons/commons-math3/3.1.1/commons-math3-3.1.1.jar:/home/user/.m2/repository/org/openjdk/jmh/jmh-generator-annprocess/1.19/jmh-generator-annprocess-1.19.jar:/home/user/.m2/repository/org/mockito/mockito-all/1.8.5/mockito-all-1.8.5.jar:/home/user/.m2/repository/org/apache/hadoop/hadoop-kms/3.2.0/hadoop-kms-3.2.0.jar:/home/user/.m2/repository/org/apache/hadoop/hadoop-auth/3.2.0/hadoop-auth-3.2.0.jar:/home/user/.m2/repository/com/nimbusds/nimbus-jose-jwt/4.41.1/nimbus-jose-jwt-4.41.1.jar:/home/user/.m2/repository/com/github/stephenc/jcip/jcip-annotations/1.0-1/jcip-annotations-1.0-1.jar:/home/user/.m2/repository/net/minidev/json-smart/2.3/json-smart-2.3.jar:/home/user/.m2/repository/net/minidev/accessors-smart/1.2/accessors-smart-1.2.jar:/home/user/.m2/repository/org/ow2/asm/asm/5.0.4/asm-5.0.4.jar:/home/user/.m2/repository/org/apache/curator/curator-framework/2.12.0/curator-framework-2.12.0.jar:/home/user/.m2/repository/com/sun/jersey/jersey-core/1.19/jersey-core-1.19.jar:/home/user/.m2/repository/javax/ws/rs/jsr311-api/1.1.1/jsr311-api-1.1.1.jar:/home/user/.m2/repository/com/sun/jersey/jersey-server/1.19/jersey-server-1.19.jar:/home/user/.m2/repository/javax/servlet/javax.servlet-api/3.1.0/javax.servlet-api-3.1.0.jar:/home/user/.m2/repository/org/eclipse/jetty/jetty-server/9.3.25.v20180904/jetty-server-9.3.25.v20180904.jar:/home/user/.m2/repository/org/eclipse/jetty/jetty-http/9.3.25.v20180904/jetty-http-9.3.25.v20180904.jar:/home/user/.m2/repository/org/eclipse/jetty/jetty-io/9.3.25.v20180904/jetty-io-9.3.25.v20180904.jar:/home/user/.m2/repository/org/eclipse/jetty/jetty-webapp/9.3.25.v20180904/jetty-webapp-9.3.25.v20180904.jar:/home/user/.m2/repository/org/eclipse/jetty/jetty-xml/9.3.25.v20180904/jetty-xml-9.3.25.v20180904.jar:/home/user/.m2/repository/log4j/log4j/1.2.17/log4j-1.2.17.jar:/home/user/.m2/repository/org/slf4j/slf4j-api/1.7.25/slf4j-api-1.7.25.jar:/home/user/.m2/repository/org/slf4j/jul-to-slf4j/1.7.25/jul-to-slf4j-1.7.25.jar:/home/user/.m2/repository/org/eclipse/jetty/jetty-util/9.3.25.v20180904/jetty-util-9.3.25.v20180904.jar:/home/user/.m2/repository/com/fasterxml/jackson/core/jackson-databind/2.9.9/jackson-databind-2.9.9.jar:/home/user/.m2/repository/org/apache/hadoop/hadoop-kms/3.2.0/hadoop-kms-3.2.0-tests.jar:/home/user/.m2/repository/org/apache/hadoop/hadoop-hdds-server-scm/0.5.0-SNAPSHOT/hadoop-hdds-server-scm-0.5.0-SNAPSHOT-tests.jar:/home/user/.m2/repository/org/apache/hadoop/hadoop-hdds-container-service/0.5.0-SNAPSHOT/hadoop-hdds-container-service-0.5.0-SNAPSHOT-tests.jar:/home/user/.m2/repository/org/yaml/snakeyaml/1.16/snakeyaml-1.16.jar:/home/user/.m2/repository/org/apache/hadoop/hadoop-common/3.2.0/hadoop-common-3.2.0-tests.jar:/home/user/.m2/repository/org/apache/hadoop/hadoop-annotations/3.2.0/hadoop-annotations-3.2.0.jar:/usr/lib/jvm/java-1.8-openjdk/jre/../lib/tools.jar:/home/user/.m2/repository/commons-cli/commons-cli/1.2/commons-cli-1.2.jar:/home/user/.m2/repository/org/apache/httpcomponents/httpclient/4.5.2/httpclient-4.5.2.jar:/home/user/.m2/repository/org/apache/httpcomponents/httpcore/4.4.4/httpcore-4.4.4.jar:/home/user/.m2/repository/commons-codec/commons-codec/1.11/commons-codec-1.11.jar:/home/user/.m2/repository/commons-net/commons-net/3.6/commons-net-3.6.jar:/home/user/.m2/repository/commons-collections/commons-collections/3.2.2/commons-collections-3.2.2.jar:/home/user/.m2/repository/org/eclipse/jetty/jetty-servlet/9.3.25.v20180904/jetty-servlet-9.3.25.v20180904.jar:/home/user/.m2/repository/org/eclipse/jetty/jetty-security/9.3.25.v20180904/jetty-security-9.3.25.v20180904.jar:/home/user/.m2/repository/javax/servlet/jsp/jsp-api/2.1/jsp-api-2.1.jar:/home/user/.m2/repository/com/sun/jersey/jersey-servlet/1.19/jersey-servlet-1.19.jar:/home/user/.m2/repository/com/sun/jersey/jersey-json/1.19/jersey-json-1.19.jar:/home/user/.m2/repository/org/codehaus/jettison/jettison/1.1/jettison-1.1.jar:/home/user/.m2/repository/org/codehaus/jackson/jackson-core-asl/1.9.13/jackson-core-asl-1.9.13.jar:/home/user/.m2/repository/org/codehaus/jackson/jackson-mapper-asl/1.9.13/jackson-mapper-asl-1.9.13.jar:/home/user/.m2/repository/org/codehaus/jackson/jackson-jaxrs/1.9.13/jackson-jaxrs-1.9.13.jar:/home/user/.m2/repository/org/codehaus/jackson/jackson-xc/1.9.13/jackson-xc-1.9.13.jar:/home/user/.m2/repository/commons-logging/commons-logging/1.1.3/commons-logging-1.1.3.jar:/home/user/.m2/repository/commons-beanutils/commons-beanutils/1.9.4/commons-beanutils-1.9.4.jar:/home/user/.m2/repository/org/apache/commons/commons-configuration2/2.1.1/commons-configuration2-2.1.1.jar:/home/user/.m2/repository/org/apache/commons/commons-lang3/3.7/commons-lang3-3.7.jar:/home/user/.m2/repository/org/apache/commons/commons-text/1.4/commons-text-1.4.jar:/home/user/.m2/repository/org/apache/avro/avro/1.7.7/avro-1.7.7.jar:/home/user/.m2/repository/com/thoughtworks/paranamer/paranamer/2.3/paranamer-2.3.jar:/home/user/.m2/repository/org/xerial/snappy/snappy-java/1.0.5/snappy-java-1.0.5.jar:/home/user/.m2/repository/com/google/re2j/re2j/1.1/re2j-1.1.jar:/home/user/.m2/repository/com/google/code/gson/gson/2.2.4/gson-2.2.4.jar:/home/user/.m2/repository/com/jcraft/jsch/0.1.54/jsch-0.1.54.jar:/home/user/.m2/repository/org/apache/curator/curator-client/2.12.0/curator-client-2.12.0.jar:/home/user/.m2/repository/org/apache/curator/curator-recipes/2.12.0/curator-recipes-2.12.0.jar:/home/user/.m2/repository/com/google/code/findbugs/jsr305/3.0.0/jsr305-3.0.0.jar:/home/user/.m2/repository/org/apache/htrace/htrace-core4/4.1.0-incubating/htrace-core4-4.1.0-incubating.jar:/home/user/.m2/repository/org/apache/zookeeper/zookeeper/3.4.13/zookeeper-3.4.13.jar:/home/user/.m2/repository/jline/jline/0.9.94/jline-0.9.94.jar:/home/user/.m2/repository/org/apache/yetus/audience-annotations/0.5.0/audience-annotations-0.5.0.jar:/home/user/.m2/repository/org/codehaus/woodstox/stax2-api/3.1.4/stax2-api-3.1.4.jar:/home/user/.m2/repository/com/fasterxml/woodstox/woodstox-core/5.0.3/woodstox-core-5.0.3.jar:/home/user/.m2/repository/dnsjava/dnsjava/2.1.7/dnsjava-2.1.7.jar:/home/user/.m2/repository/org/apache/hadoop/hadoop-hdfs/3.2.0/hadoop-hdfs-3.2.0-tests.jar:/home/user/.m2/repository/org/eclipse/jetty/jetty-util-ajax/9.3.25.v20180904/jetty-util-ajax-9.3.25.v20180904.jar:/home/user/.m2/repository/commons-daemon/commons-daemon/1.0.13/commons-daemon-1.0.13.jar:/home/user/.m2/repository/io/netty/netty/3.10.5.Final/netty-3.10.5.Final.jar:/home/user/.m2/repository/io/netty/netty-all/4.0.52.Final/netty-all-4.0.52.Final.jar:/home/user/.m2/repository/org/fusesource/leveldbjni/leveldbjni-all/1.8/leveldbjni-all-1.8.jar:"/>
    <property name="sun.cpu.endian" value="little"/>
    <property name="user.home" value="/home/user"/>
    <property name="user.language" value="en"/>
    <property name="java.specification.vendor" value="Oracle Corporation"/>
    <property name="java.home" value="/usr/lib/jvm/java-1.8-openjdk/jre"/>
    <property name="java.security.krb5.conf" value="/workdir/hadoop-ozone/integration-test/target/test-classes/krb5.conf"/>
    <property name="basedir" value="/workdir/hadoop-ozone/integration-test"/>
    <property name="file.separator" value="/"/>
    <property name="line.separator" value="&#10;"/>
    <property name="java.vm.specification.vendor" value="Oracle Corporation"/>
    <property name="java.specification.name" value="Java Platform API Specification"/>
    <property name="java.awt.graphicsenv" value="sun.awt.X11GraphicsEnvironment"/>
    <property name="surefire.real.class.path" value="/workdir/hadoop-ozone/integration-test/target/surefire/surefirebooter4853228438035560821.jar"/>
    <property name="hadoop.log.dir" value="/workdir/hadoop-ozone/integration-test/target/log"/>
    <property name="sun.boot.class.path" value="/usr/lib/jvm/java-1.8-openjdk/jre/lib/resources.jar:/usr/lib/jvm/java-1.8-openjdk/jre/lib/rt.jar:/usr/lib/jvm/java-1.8-openjdk/jre/lib/sunrsasign.jar:/usr/lib/jvm/java-1.8-openjdk/jre/lib/jsse.jar:/usr/lib/jvm/java-1.8-openjdk/jre/lib/jce.jar:/usr/lib/jvm/java-1.8-openjdk/jre/lib/charsets.jar:/usr/lib/jvm/java-1.8-openjdk/jre/lib/jfr.jar:/usr/lib/jvm/java-1.8-openjdk/jre/classes"/>
    <property name="sun.management.compiler" value="HotSpot 64-Bit Tiered Compilers"/>
    <property name="java.runtime.version" value="1.8.0_212-b04"/>
    <property name="java.net.preferIPv4Stack" value="true"/>
    <property name="user.name" value="jenkins1000"/>
    <property name="path.separator" value=":"/>
    <property name="java.security.egd" value="file:///dev/urandom"/>
    <property name="os.version" value="3.10.0-957.12.2.el7.x86_64"/>
    <property name="java.endorsed.dirs" value="/usr/lib/jvm/java-1.8-openjdk/jre/lib/endorsed"/>
    <property name="java.runtime.name" value="OpenJDK Runtime Environment"/>
    <property name="file.encoding" value="UTF-8"/>
    <property name="java.vm.name" value="OpenJDK 64-Bit Server VM"/>
    <property name="test.build.webapps" value=""/>
    <property name="localRepository" value="/home/user/.m2/repository"/>
    <property name="java.vendor.url.bug" value="https://icedtea.classpath.org/bugzilla"/>
    <property name="java.io.tmpdir" value="/tmp"/>
    <property name="require.test.libhadoop" value=""/>
    <property name="java.version" value="1.8.0_212"/>
    <property name="user.dir" value="/workdir/hadoop-ozone/integration-test"/>
    <property name="os.arch" value="amd64"/>
    <property name="java.vm.specification.name" value="Java Virtual Machine Specification"/>
    <property name="test.build.classes" value="/workdir/hadoop-ozone/integration-test/target/test-classes"/>
    <property name="java.awt.printerjob" value="sun.print.PSPrinterJob"/>
    <property name="sun.os.patch.level" value="unknown"/>
    <property name="hadoop.tmp.dir" value="/workdir/hadoop-ozone/integration-test/target/tmp"/>
    <property name="java.library.path" value="/usr/lib/jvm/java-1.8-openjdk/jre/lib/amd64/server:/usr/lib/jvm/java-1.8-openjdk/jre/lib/amd64:/usr/lib/jvm/java-1.8-openjdk/jre/../lib/amd64:/workdir/hadoop-ozone/integration-test/target/native/target/usr/local/lib:/workdir/hadoop-ozone/integration-test/../../hadoop-common-project/hadoop-common/target/native/target/usr/local/lib:/usr/java/packages/lib/amd64:/usr/lib64:/lib64:/lib:/usr/lib"/>
    <property name="java.vm.info" value="mixed mode"/>
    <property name="java.vendor" value="IcedTea"/>
    <property name="java.vm.version" value="25.212-b04"/>
    <property name="java.ext.dirs" value="/usr/lib/jvm/java-1.8-openjdk/jre/lib/ext:/usr/java/packages/lib/ext"/>
    <property name="sun.io.unicode.encoding" value="UnicodeLittle"/>
    <property name="java.class.version" value="52.0"/>
  </properties>
  <testcase name="testGroupMismatchExceptionHandling" classname="org.apache.hadoop.ozone.client.rpc.TestOzoneClientRetriesOnException" time="316.564">
    <error message="Retry request failed. retries get failed due to exceeded maximum allowed retries number: 3" type="java.io.IOException">java.io.IOException: Retry request failed. retries get failed due to exceeded maximum allowed retries number: 3
	at org.apache.hadoop.ozone.client.io.KeyOutputStream.handleRetry(KeyOutputStream.java:353)
	at org.apache.hadoop.ozone.client.io.KeyOutputStream.handleException(KeyOutputStream.java:324)
	at org.apache.hadoop.ozone.client.io.KeyOutputStream.handleWrite(KeyOutputStream.java:228)
	at org.apache.hadoop.ozone.client.io.KeyOutputStream.handleRetry(KeyOutputStream.java:375)
	at org.apache.hadoop.ozone.client.io.KeyOutputStream.handleException(KeyOutputStream.java:324)
	at org.apache.hadoop.ozone.client.io.KeyOutputStream.handleWrite(KeyOutputStream.java:228)
	at org.apache.hadoop.ozone.client.io.KeyOutputStream.handleRetry(KeyOutputStream.java:375)
	at org.apache.hadoop.ozone.client.io.KeyOutputStream.handleException(KeyOutputStream.java:324)
	at org.apache.hadoop.ozone.client.io.KeyOutputStream.handleWrite(KeyOutputStream.java:228)
	at org.apache.hadoop.ozone.client.io.KeyOutputStream.handleRetry(KeyOutputStream.java:375)
	at org.apache.hadoop.ozone.client.io.KeyOutputStream.handleException(KeyOutputStream.java:324)
	at org.apache.hadoop.ozone.client.io.KeyOutputStream.handleWrite(KeyOutputStream.java:228)
	at org.apache.hadoop.ozone.client.io.KeyOutputStream.write(KeyOutputStream.java:190)
	at org.apache.hadoop.ozone.client.io.OzoneOutputStream.write(OzoneOutputStream.java:49)
	at java.io.OutputStream.write(OutputStream.java:75)
	at org.apache.hadoop.ozone.client.rpc.TestOzoneClientRetriesOnException.testGroupMismatchExceptionHandling(TestOzoneClientRetriesOnException.java:135)
	at sun.reflect.NativeMethodAccessorImpl.invoke0(Native Method)
	at sun.reflect.NativeMethodAccessorImpl.invoke(NativeMethodAccessorImpl.java:62)
	at sun.reflect.DelegatingMethodAccessorImpl.invoke(DelegatingMethodAccessorImpl.java:43)
	at java.lang.reflect.Method.invoke(Method.java:498)
	at org.junit.runners.model.FrameworkMethod$1.runReflectiveCall(FrameworkMethod.java:47)
	at org.junit.internal.runners.model.ReflectiveCallable.run(ReflectiveCallable.java:12)
	at org.junit.runners.model.FrameworkMethod.invokeExplosively(FrameworkMethod.java:44)
	at org.junit.internal.runners.statements.InvokeMethod.evaluate(InvokeMethod.java:17)
	at org.junit.internal.runners.statements.RunBefores.evaluate(RunBefores.java:26)
	at org.junit.internal.runners.statements.RunAfters.evaluate(RunAfters.java:27)
	at org.junit.runners.ParentRunner.runLeaf(ParentRunner.java:271)
	at org.junit.runners.BlockJUnit4ClassRunner.runChild(BlockJUnit4ClassRunner.java:70)
	at org.junit.runners.BlockJUnit4ClassRunner.runChild(BlockJUnit4ClassRunner.java:50)
	at org.junit.runners.ParentRunner$3.run(ParentRunner.java:238)
	at org.junit.runners.ParentRunner$1.schedule(ParentRunner.java:63)
	at org.junit.runners.ParentRunner.runChildren(ParentRunner.java:236)
	at org.junit.runners.ParentRunner.access$000(ParentRunner.java:53)
	at org.junit.runners.ParentRunner$2.evaluate(ParentRunner.java:229)
	at org.junit.runners.ParentRunner.run(ParentRunner.java:309)
	at org.apache.maven.surefire.junit4.JUnit4Provider.execute(JUnit4Provider.java:365)
	at org.apache.maven.surefire.junit4.JUnit4Provider.executeWithRerun(JUnit4Provider.java:273)
	at org.apache.maven.surefire.junit4.JUnit4Provider.executeTestSet(JUnit4Provider.java:238)
	at org.apache.maven.surefire.junit4.JUnit4Provider.invoke(JUnit4Provider.java:159)
	at org.apache.maven.surefire.booter.ForkedBooter.invokeProviderInSameClassLoader(ForkedBooter.java:384)
	at org.apache.maven.surefire.booter.ForkedBooter.runSuitesInProcess(ForkedBooter.java:345)
	at org.apache.maven.surefire.booter.ForkedBooter.execute(ForkedBooter.java:126)
	at org.apache.maven.surefire.booter.ForkedBooter.main(ForkedBooter.java:418)
Caused by: java.io.IOException: Unexpected Storage Container Exception: java.util.concurrent.CompletionException: java.util.concurrent.CompletionException: org.apache.ratis.protocol.GroupMismatchException: 8b099941-e94c-4d44-b111-fee9636cc34f: group-162651713817 not found.
	at org.apache.hadoop.hdds.scm.storage.BlockOutputStream.setIoException(BlockOutputStream.java:541)
	at org.apache.hadoop.hdds.scm.storage.BlockOutputStream.lambda$writeChunkToContainer$3(BlockOutputStream.java:616)
	at java.util.concurrent.CompletableFuture.uniExceptionally(CompletableFuture.java:870)
	at java.util.concurrent.CompletableFuture$UniExceptionally.tryFire(CompletableFuture.java:852)
	at java.util.concurrent.CompletableFuture.postComplete(CompletableFuture.java:474)
	at java.util.concurrent.CompletableFuture.completeExceptionally(CompletableFuture.java:1977)
	at org.apache.ratis.client.impl.OrderedAsync$PendingOrderedRequest.fail(OrderedAsync.java:100)
	at org.apache.ratis.util.SlidingWindow$Client.fail(SlidingWindow.java:362)
	at org.apache.ratis.client.impl.OrderedAsync.failAllAsyncRequests(OrderedAsync.java:134)
	at org.apache.ratis.client.impl.OrderedAsync.lambda$sendRequest$10(OrderedAsync.java:244)
	at java.util.concurrent.CompletableFuture.uniExceptionally(CompletableFuture.java:870)
	at java.util.concurrent.CompletableFuture$UniExceptionally.tryFire(CompletableFuture.java:852)
	at java.util.concurrent.CompletableFuture.postComplete(CompletableFuture.java:474)
	at java.util.concurrent.CompletableFuture.completeExceptionally(CompletableFuture.java:1977)
	at org.apache.ratis.grpc.client.GrpcClientProtocolClient$AsyncStreamObservers.completeReplyExceptionally(GrpcClientProtocolClient.java:345)
	at org.apache.ratis.grpc.client.GrpcClientProtocolClient$AsyncStreamObservers.access$000(GrpcClientProtocolClient.java:261)
	at org.apache.ratis.grpc.client.GrpcClientProtocolClient$AsyncStreamObservers$1.onError(GrpcClientProtocolClient.java:290)
	at org.apache.ratis.thirdparty.io.grpc.stub.ClientCalls$StreamObserverToCallListenerAdapter.onClose(ClientCalls.java:434)
	at org.apache.ratis.thirdparty.io.grpc.PartialForwardingClientCallListener.onClose(PartialForwardingClientCallListener.java:39)
	at org.apache.ratis.thirdparty.io.grpc.ForwardingClientCallListener.onClose(ForwardingClientCallListener.java:23)
	at org.apache.ratis.thirdparty.io.grpc.ForwardingClientCallListener$SimpleForwardingClientCallListener.onClose(ForwardingClientCallListener.java:40)
	at org.apache.ratis.thirdparty.io.grpc.internal.CensusStatsModule$StatsClientInterceptor$1$1.onClose(CensusStatsModule.java:678)
	at org.apache.ratis.thirdparty.io.grpc.PartialForwardingClientCallListener.onClose(PartialForwardingClientCallListener.java:39)
	at org.apache.ratis.thirdparty.io.grpc.ForwardingClientCallListener.onClose(ForwardingClientCallListener.java:23)
	at org.apache.ratis.thirdparty.io.grpc.ForwardingClientCallListener$SimpleForwardingClientCallListener.onClose(ForwardingClientCallListener.java:40)
	at org.apache.ratis.thirdparty.io.grpc.internal.CensusTracingModule$TracingClientInterceptor$1$1.onClose(CensusTracingModule.java:397)
	at org.apache.ratis.thirdparty.io.grpc.internal.ClientCallImpl.closeObserver(ClientCallImpl.java:459)
	at org.apache.ratis.thirdparty.io.grpc.internal.ClientCallImpl.access$300(ClientCallImpl.java:63)
	at org.apache.ratis.thirdparty.io.grpc.internal.ClientCallImpl$ClientStreamListenerImpl.close(ClientCallImpl.java:546)
	at org.apache.ratis.thirdparty.io.grpc.internal.ClientCallImpl$ClientStreamListenerImpl.access$600(ClientCallImpl.java:467)
	at org.apache.ratis.thirdparty.io.grpc.internal.ClientCallImpl$ClientStreamListenerImpl$1StreamClosed.runInContext(ClientCallImpl.java:584)
	at org.apache.ratis.thirdparty.io.grpc.internal.ContextRunnable.run(ContextRunnable.java:37)
	at org.apache.ratis.thirdparty.io.grpc.internal.SerializingExecutor.run(SerializingExecutor.java:123)
	at java.util.concurrent.ThreadPoolExecutor.runWorker(ThreadPoolExecutor.java:1149)
	at java.util.concurrent.ThreadPoolExecutor$Worker.run(ThreadPoolExecutor.java:624)
	at java.lang.Thread.run(Thread.java:748)
Caused by: java.util.concurrent.CompletionException: java.util.concurrent.CompletionException: org.apache.ratis.protocol.GroupMismatchException: 8b099941-e94c-4d44-b111-fee9636cc34f: group-162651713817 not found.
	at org.apache.hadoop.hdds.scm.storage.BlockOutputStream.lambda$writeChunkToContainer$3(BlockOutputStream.java:615)
	... 34 more
Caused by: java.util.concurrent.CompletionException: org.apache.ratis.protocol.GroupMismatchException: 8b099941-e94c-4d44-b111-fee9636cc34f: group-162651713817 not found.
	at java.util.concurrent.CompletableFuture.encodeThrowable(CompletableFuture.java:292)
	at java.util.concurrent.CompletableFuture.completeThrowable(CompletableFuture.java:308)
	at java.util.concurrent.CompletableFuture.uniApply(CompletableFuture.java:593)
	at java.util.concurrent.CompletableFuture$UniApply.tryFire(CompletableFuture.java:577)
	... 32 more
Caused by: org.apache.ratis.protocol.GroupMismatchException: 8b099941-e94c-4d44-b111-fee9636cc34f: group-162651713817 not found.
	at org.apache.ratis.server.impl.RaftServerProxy$ImplMap.get(RaftServerProxy.java:122)
	at org.apache.ratis.server.impl.RaftServerProxy.getImplFuture(RaftServerProxy.java:269)
	at org.apache.ratis.server.impl.RaftServerProxy.submitRequest(RaftServerProxy.java:327)
	at org.apache.ratis.server.impl.RaftServerProxy.submitClientRequestAsync(RaftServerProxy.java:333)
	at org.apache.ratis.grpc.client.GrpcClientProtocolService$RequestStreamObserver.processClientRequest(GrpcClientProtocolService.java:220)
	at org.apache.ratis.grpc.client.GrpcClientProtocolService$OrderedRequestStreamObserver.processClientRequest(GrpcClientProtocolService.java:326)
	at org.apache.ratis.util.SlidingWindow$Server.processRequestsFromHead(SlidingWindow.java:429)
	at org.apache.ratis.util.SlidingWindow$Server.receivedRequest(SlidingWindow.java:421)
	at org.apache.ratis.grpc.client.GrpcClientProtocolService$OrderedRequestStreamObserver.processClientRequest(GrpcClientProtocolService.java:345)
	at org.apache.ratis.grpc.client.GrpcClientProtocolService$RequestStreamObserver.onNext(GrpcClientProtocolService.java:240)
	at org.apache.ratis.grpc.client.GrpcClientProtocolService$RequestStreamObserver.onNext(GrpcClientProtocolService.java:168)
	at org.apache.ratis.thirdparty.io.grpc.stub.ServerCalls$StreamingServerCallHandler$StreamingServerCallListener.onMessage(ServerCalls.java:248)
	at org.apache.ratis.thirdparty.io.grpc.internal.ServerCallImpl$ServerStreamListenerImpl.messagesAvailable(ServerCallImpl.java:263)
	at org.apache.ratis.thirdparty.io.grpc.internal.ServerImpl$JumpToApplicationThreadServerStreamListener$1MessagesAvailable.runInContext(ServerImpl.java:686)
	... 5 more
</error>
    <system-out><![CDATA[2019-10-02 05:48:02,566 [main] WARN  server.ServerUtils (ServerUtils.java:getScmDbDir(145)) - ozone.scm.db.dirs is not configured. We recommend adding this setting. Falling back to ozone.metadata.dirs instead.
2019-10-02 05:48:02,681 [main] WARN  server.ServerUtils (ServerUtils.java:getScmDbDir(145)) - ozone.scm.db.dirs is not configured. We recommend adding this setting. Falling back to ozone.metadata.dirs instead.
2019-10-02 05:48:02,685 [main] WARN  server.ServerUtils (ServerUtils.java:getScmDbDir(145)) - ozone.scm.db.dirs is not configured. We recommend adding this setting. Falling back to ozone.metadata.dirs instead.
2019-10-02 05:48:02,703 [main] INFO  util.log (Log.java:initialized(192)) - Logging initialized @780ms
2019-10-02 05:48:02,803 [main] INFO  db.DBStoreBuilder (DBStoreBuilder.java:addTable(110)) - using custom profile for table: deletedBlocks
2019-10-02 05:48:02,804 [main] INFO  db.DBStoreBuilder (DBStoreBuilder.java:processTables(161)) - Using default column profile:DBProfile.DISK for Table:deletedBlocks
2019-10-02 05:48:02,804 [main] INFO  db.DBStoreBuilder (DBStoreBuilder.java:addTable(110)) - using custom profile for table: validCerts
2019-10-02 05:48:02,804 [main] INFO  db.DBStoreBuilder (DBStoreBuilder.java:processTables(161)) - Using default column profile:DBProfile.DISK for Table:validCerts
2019-10-02 05:48:02,805 [main] INFO  db.DBStoreBuilder (DBStoreBuilder.java:addTable(110)) - using custom profile for table: revokedCerts
2019-10-02 05:48:02,805 [main] INFO  db.DBStoreBuilder (DBStoreBuilder.java:processTables(161)) - Using default column profile:DBProfile.DISK for Table:revokedCerts
2019-10-02 05:48:02,817 [main] INFO  db.DBStoreBuilder (DBStoreBuilder.java:addTable(110)) - using custom profile for table: default
2019-10-02 05:48:02,817 [main] INFO  db.DBStoreBuilder (DBStoreBuilder.java:processTables(167)) - Using default column profile:DBProfile.DISK for Table:default
2019-10-02 05:48:02,819 [main] INFO  db.DBStoreBuilder (DBStoreBuilder.java:getDbProfile(198)) - Using default options. DBProfile.DISK
2019-10-02 05:48:03,122 [main] INFO  net.NodeSchemaLoader (NodeSchemaLoader.java:loadSchemaFromFile(125)) - Loading file from sun.misc.CompoundEnumeration@34123d65
2019-10-02 05:48:03,123 [main] INFO  net.NodeSchemaLoader (NodeSchemaLoader.java:loadSchema(171)) - Loading network topology layer schema file
2019-10-02 05:48:03,206 [main] WARN  server.ServerUtils (ServerUtils.java:sanitizeUserArgs(70)) - ozone.scm.stale.node.interval value = 300000 is larger than max = 100000 based on the key value of ozone.scm.heartbeat.thread.interval, reset to the max value 100000.
2019-10-02 05:48:03,209 [main] WARN  server.ServerUtils (ServerUtils.java:sanitizeUserArgs(70)) - ozone.scm.stale.node.interval value = 300000 is larger than max = 100000 based on the key value of ozone.scm.heartbeat.thread.interval, reset to the max value 100000.
2019-10-02 05:48:03,211 [main] INFO  node.SCMNodeManager (SCMNodeManager.java:<init>(114)) - Entering startup safe mode.
2019-10-02 05:48:03,287 [main] INFO  algorithms.ContainerPlacementPolicyFactory (ContainerPlacementPolicyFactory.java:getPolicy(57)) - Create container placement policy of type org.apache.hadoop.hdds.scm.container.placement.algorithms.SCMContainerPlacementRandom
2019-10-02 05:48:03,302 [main] WARN  server.ServerUtils (ServerUtils.java:getScmDbDir(145)) - ozone.scm.db.dirs is not configured. We recommend adding this setting. Falling back to ozone.metadata.dirs instead.
2019-10-02 05:48:03,413 [main] INFO  pipeline.SCMPipelineManager (SCMPipelineManager.java:initializePipelineState(132)) - No pipeline exists in current db
2019-10-02 05:48:03,416 [main] WARN  server.ServerUtils (ServerUtils.java:getScmDbDir(145)) - ozone.scm.db.dirs is not configured. We recommend adding this setting. Falling back to ozone.metadata.dirs instead.
2019-10-02 05:48:03,536 [main] WARN  events.EventQueue (EventQueue.java:fireEvent(183)) - No event handler registered for event TypedEvent{payloadType=SafeModeStatus, name='SafeModeStatus'}
2019-10-02 05:48:03,895 [main] INFO  ipc.CallQueueManager (CallQueueManager.java:<init>(84)) - Using callQueue: class java.util.concurrent.LinkedBlockingQueue, queueCapacity: 2000, scheduler: class org.apache.hadoop.ipc.DefaultRpcScheduler, ipcBackoff: false.
2019-10-02 05:48:03,921 [Socket Reader #1 for port 44991] INFO  ipc.Server (Server.java:run(1074)) - Starting Socket Reader #1 for port 44991
2019-10-02 05:48:04,057 [main] INFO  ipc.CallQueueManager (CallQueueManager.java:<init>(84)) - Using callQueue: class java.util.concurrent.LinkedBlockingQueue, queueCapacity: 2000, scheduler: class org.apache.hadoop.ipc.DefaultRpcScheduler, ipcBackoff: false.
2019-10-02 05:48:04,058 [Socket Reader #1 for port 40835] INFO  ipc.Server (Server.java:run(1074)) - Starting Socket Reader #1 for port 40835
2019-10-02 05:48:04,069 [main] INFO  ipc.CallQueueManager (CallQueueManager.java:<init>(84)) - Using callQueue: class java.util.concurrent.LinkedBlockingQueue, queueCapacity: 2000, scheduler: class org.apache.hadoop.ipc.DefaultRpcScheduler, ipcBackoff: false.
2019-10-02 05:48:04,070 [Socket Reader #1 for port 40655] INFO  ipc.Server (Server.java:run(1074)) - Starting Socket Reader #1 for port 40655
2019-10-02 05:48:04,093 [main] INFO  hdfs.DFSUtil (DFSUtil.java:httpServerTemplateForNNAndJN(1641)) - Starting Web-server for scm at: http://0.0.0.0:0
2019-10-02 05:48:04,222 [main] INFO  server.AuthenticationFilter (AuthenticationFilter.java:constructSecretProvider(240)) - Unable to initialize FileSignerSecretProvider, falling back to use random secrets.
2019-10-02 05:48:04,229 [main] WARN  http.HttpRequestLog (HttpRequestLog.java:getRequestLog(97)) - Jetty request log can only be enabled using Log4j
2019-10-02 05:48:04,237 [main] INFO  http.HttpServer2 (HttpServer2.java:addGlobalFilter(975)) - Added global filter 'safety' (class=org.apache.hadoop.http.HttpServer2$QuotingInputFilter)
2019-10-02 05:48:04,240 [main] INFO  http.HttpServer2 (HttpServer2.java:addFilter(948)) - Added filter static_user_filter (class=org.apache.hadoop.http.lib.StaticUserWebFilter$StaticUserFilter) to context scm
2019-10-02 05:48:04,240 [main] INFO  http.HttpServer2 (HttpServer2.java:addFilter(958)) - Added filter static_user_filter (class=org.apache.hadoop.http.lib.StaticUserWebFilter$StaticUserFilter) to context logs
2019-10-02 05:48:04,241 [main] INFO  http.HttpServer2 (HttpServer2.java:addFilter(958)) - Added filter static_user_filter (class=org.apache.hadoop.http.lib.StaticUserWebFilter$StaticUserFilter) to context static
2019-10-02 05:48:04,270 [main] INFO  server.StorageContainerManager (StorageContainerManager.java:start(770)) - StorageContainerLocationProtocol RPC server is listening at /0.0.0.0:40655
2019-10-02 05:48:04,334 [main] WARN  impl.MetricsConfig (MetricsConfig.java:loadFirst(134)) - Cannot locate configuration: tried hadoop-metrics2-storagecontainermanager.properties,hadoop-metrics2.properties
2019-10-02 05:48:04,347 [main] INFO  impl.MetricsSystemImpl (MetricsSystemImpl.java:startTimer(374)) - Scheduled Metric snapshot period at 10 second(s).
2019-10-02 05:48:04,349 [main] INFO  impl.MetricsSystemImpl (MetricsSystemImpl.java:start(191)) - StorageContainerManager metrics system started
2019-10-02 05:48:04,570 [main] INFO  server.SCMClientProtocolServer (SCMClientProtocolServer.java:start(150)) - RPC server for Client  is listening at /0.0.0.0:40655
2019-10-02 05:48:04,571 [IPC Server Responder] INFO  ipc.Server (Server.java:run(1314)) - IPC Server Responder: starting
2019-10-02 05:48:04,571 [IPC Server listener on 40655] INFO  ipc.Server (Server.java:run(1153)) - IPC Server listener on 40655: starting
2019-10-02 05:48:04,573 [main] INFO  server.StorageContainerManager (StorageContainerManager.java:start(780)) - ScmBlockLocationProtocol RPC server is listening at /0.0.0.0:40835
2019-10-02 05:48:04,575 [main] INFO  server.SCMBlockProtocolServer (SCMBlockProtocolServer.java:start(146)) - RPC server for Block Protocol is listening at /0.0.0.0:40835
2019-10-02 05:48:04,575 [IPC Server Responder] INFO  ipc.Server (Server.java:run(1314)) - IPC Server Responder: starting
2019-10-02 05:48:04,575 [IPC Server listener on 40835] INFO  ipc.Server (Server.java:run(1153)) - IPC Server listener on 40835: starting
2019-10-02 05:48:04,577 [main] INFO  server.StorageContainerManager (StorageContainerManager.java:start(784)) - ScmDatanodeProtocl RPC server is listening at /0.0.0.0:44991
2019-10-02 05:48:04,577 [main] INFO  server.SCMDatanodeProtocolServer (SCMDatanodeProtocolServer.java:start(191)) - RPC server for DataNodes is listening at /0.0.0.0:44991
2019-10-02 05:48:04,578 [IPC Server Responder] INFO  ipc.Server (Server.java:run(1314)) - IPC Server Responder: starting
2019-10-02 05:48:04,578 [IPC Server listener on 44991] INFO  ipc.Server (Server.java:run(1153)) - IPC Server listener on 44991: starting
2019-10-02 05:48:04,580 [main] INFO  http.HttpServer2 (HttpServer2.java:bindListener(1191)) - Jetty bound to port 34842
2019-10-02 05:48:04,582 [main] INFO  server.Server (Server.java:doStart(351)) - jetty-9.3.25.v20180904, build timestamp: 2018-09-04T21:11:46Z, git hash: 3ce520221d0240229c862b122d2b06c12a625732
2019-10-02 05:48:04,627 [main] INFO  handler.ContextHandler (ContextHandler.java:doStart(781)) - Started o.e.j.s.ServletContextHandler@61e94def{/logs,file:///workdir/hadoop-ozone/integration-test/target/log,AVAILABLE}
2019-10-02 05:48:04,627 [main] INFO  handler.ContextHandler (ContextHandler.java:doStart(781)) - Started o.e.j.s.ServletContextHandler@ebb6851{/static,file:///workdir/hadoop-ozone/integration-test/target/test-classes/webapps/static,AVAILABLE}
2019-10-02 05:48:04,667 [main] INFO  handler.ContextHandler (ContextHandler.java:doStart(781)) - Started o.e.j.w.WebAppContext@780ec4a5{/,file:///workdir/hadoop-ozone/integration-test/target/test-classes/webapps/scm/,AVAILABLE}{/scm}
2019-10-02 05:48:04,673 [main] INFO  server.AbstractConnector (AbstractConnector.java:doStart(278)) - Started ServerConnector@23a9ba52{HTTP/1.1,[http/1.1]}{0.0.0.0:34842}
2019-10-02 05:48:04,674 [main] INFO  server.Server (Server.java:doStart(419)) - Started @2752ms
2019-10-02 05:48:04,677 [main] INFO  impl.MetricsSinkAdapter (MetricsSinkAdapter.java:start(204)) - Sink prometheus started
2019-10-02 05:48:04,677 [main] INFO  impl.MetricsSystemImpl (MetricsSystemImpl.java:registerSink(301)) - Registered sink prometheus
2019-10-02 05:48:04,678 [main] INFO  server.BaseHttpServer (BaseHttpServer.java:updateConnectorAddress(215)) - HTTP server of SCM is listening at http://0.0.0.0:34842
2019-10-02 05:48:04,684 [org.apache.hadoop.util.JvmPauseMonitor$Monitor@245a26e1] INFO  util.JvmPauseMonitor (JvmPauseMonitor.java:run(188)) - Starting JVM pause monitor
2019-10-02 05:48:04,688 [main] WARN  server.ServerUtils (ServerUtils.java:getDBPath(222)) - ozone.om.db.dirs is not configured. We recommend adding this setting. Falling back to ozone.metadata.dirs instead.
2019-10-02 05:48:04,817 [main] WARN  server.ServerUtils (ServerUtils.java:getDBPath(222)) - ozone.om.db.dirs is not configured. We recommend adding this setting. Falling back to ozone.metadata.dirs instead.
2019-10-02 05:48:04,818 [main] WARN  server.ServerUtils (ServerUtils.java:getDBPath(222)) - ozone.om.db.dirs is not configured. We recommend adding this setting. Falling back to ozone.metadata.dirs instead.
2019-10-02 05:48:04,820 [main] INFO  om.OzoneManager (OzoneManager.java:setOMNodeDetails(652)) - OM Service ID is not set. Setting it to the default ID: omServiceIdDefault
2019-10-02 05:48:04,820 [main] INFO  om.OzoneManager (OzoneManager.java:setOMNodeDetails(658)) - OM Node ID is not set. Setting it to the OmStorage's OmID: 0ce6debe-e157-449d-a614-e05b2755287b
2019-10-02 05:48:04,822 [main] INFO  om.OzoneManager (OzoneManager.java:loadOMHAConfigs(609)) - Found matching OM address with OMServiceId: null, OMNodeId: null, RPC Address: localhost:0 and Ratis port: 9872
2019-10-02 05:48:05,503 [main] WARN  server.ServerUtils (ServerUtils.java:getDBPath(222)) - ozone.om.db.dirs is not configured. We recommend adding this setting. Falling back to ozone.metadata.dirs instead.
2019-10-02 05:48:05,511 [main] INFO  db.DBStoreBuilder (DBStoreBuilder.java:addTable(110)) - using custom profile for table: userTable
2019-10-02 05:48:05,511 [main] INFO  db.DBStoreBuilder (DBStoreBuilder.java:processTables(161)) - Using default column profile:DBProfile.DISK for Table:userTable
2019-10-02 05:48:05,511 [main] INFO  db.DBStoreBuilder (DBStoreBuilder.java:addTable(110)) - using custom profile for table: volumeTable
2019-10-02 05:48:05,511 [main] INFO  db.DBStoreBuilder (DBStoreBuilder.java:processTables(161)) - Using default column profile:DBProfile.DISK for Table:volumeTable
2019-10-02 05:48:05,512 [main] INFO  db.DBStoreBuilder (DBStoreBuilder.java:addTable(110)) - using custom profile for table: bucketTable
2019-10-02 05:48:05,512 [main] INFO  db.DBStoreBuilder (DBStoreBuilder.java:processTables(161)) - Using default column profile:DBProfile.DISK for Table:bucketTable
2019-10-02 05:48:05,513 [main] INFO  db.DBStoreBuilder (DBStoreBuilder.java:addTable(110)) - using custom profile for table: keyTable
2019-10-02 05:48:05,513 [main] INFO  db.DBStoreBuilder (DBStoreBuilder.java:processTables(161)) - Using default column profile:DBProfile.DISK for Table:keyTable
2019-10-02 05:48:05,513 [main] INFO  db.DBStoreBuilder (DBStoreBuilder.java:addTable(110)) - using custom profile for table: deletedTable
2019-10-02 05:48:05,513 [main] INFO  db.DBStoreBuilder (DBStoreBuilder.java:processTables(161)) - Using default column profile:DBProfile.DISK for Table:deletedTable
2019-10-02 05:48:05,514 [main] INFO  db.DBStoreBuilder (DBStoreBuilder.java:addTable(110)) - using custom profile for table: openKeyTable
2019-10-02 05:48:05,514 [main] INFO  db.DBStoreBuilder (DBStoreBuilder.java:processTables(161)) - Using default column profile:DBProfile.DISK for Table:openKeyTable
2019-10-02 05:48:05,515 [main] INFO  db.DBStoreBuilder (DBStoreBuilder.java:addTable(110)) - using custom profile for table: s3Table
2019-10-02 05:48:05,515 [main] INFO  db.DBStoreBuilder (DBStoreBuilder.java:processTables(161)) - Using default column profile:DBProfile.DISK for Table:s3Table
2019-10-02 05:48:05,515 [main] INFO  db.DBStoreBuilder (DBStoreBuilder.java:addTable(110)) - using custom profile for table: multipartInfoTable
2019-10-02 05:48:05,515 [main] INFO  db.DBStoreBuilder (DBStoreBuilder.java:processTables(161)) - Using default column profile:DBProfile.DISK for Table:multipartInfoTable
2019-10-02 05:48:05,516 [main] INFO  db.DBStoreBuilder (DBStoreBuilder.java:addTable(110)) - using custom profile for table: dTokenTable
2019-10-02 05:48:05,516 [main] INFO  db.DBStoreBuilder (DBStoreBuilder.java:processTables(161)) - Using default column profile:DBProfile.DISK for Table:dTokenTable
2019-10-02 05:48:05,516 [main] INFO  db.DBStoreBuilder (DBStoreBuilder.java:addTable(110)) - using custom profile for table: s3SecretTable
2019-10-02 05:48:05,516 [main] INFO  db.DBStoreBuilder (DBStoreBuilder.java:processTables(161)) - Using default column profile:DBProfile.DISK for Table:s3SecretTable
2019-10-02 05:48:05,517 [main] INFO  db.DBStoreBuilder (DBStoreBuilder.java:addTable(110)) - using custom profile for table: prefixTable
2019-10-02 05:48:05,517 [main] INFO  db.DBStoreBuilder (DBStoreBuilder.java:processTables(161)) - Using default column profile:DBProfile.DISK for Table:prefixTable
2019-10-02 05:48:05,517 [main] INFO  db.DBStoreBuilder (DBStoreBuilder.java:addTable(110)) - using custom profile for table: default
2019-10-02 05:48:05,517 [main] INFO  db.DBStoreBuilder (DBStoreBuilder.java:processTables(167)) - Using default column profile:DBProfile.DISK for Table:default
2019-10-02 05:48:05,517 [main] INFO  db.DBStoreBuilder (DBStoreBuilder.java:getDbProfile(198)) - Using default options. DBProfile.DISK
2019-10-02 05:48:06,107 [main] INFO  ipc.CallQueueManager (CallQueueManager.java:<init>(84)) - Using callQueue: class java.util.concurrent.LinkedBlockingQueue, queueCapacity: 2000, scheduler: class org.apache.hadoop.ipc.DefaultRpcScheduler, ipcBackoff: false.
2019-10-02 05:48:06,108 [Socket Reader #1 for port 40939] INFO  ipc.Server (Server.java:run(1074)) - Starting Socket Reader #1 for port 40939
2019-10-02 05:48:06,131 [main] INFO  om.OzoneManager (OzoneManager.java:start(1243)) - OzoneManager RPC server is listening at localhost/127.0.0.1:40939
2019-10-02 05:48:06,132 [main] INFO  impl.MetricsSystemImpl (MetricsSystemImpl.java:init(158)) - OzoneManager metrics system started (again)
2019-10-02 05:48:06,133 [IPC Server Responder] INFO  ipc.Server (Server.java:run(1314)) - IPC Server Responder: starting
2019-10-02 05:48:06,133 [IPC Server listener on 40939] INFO  ipc.Server (Server.java:run(1153)) - IPC Server listener on 40939: starting
2019-10-02 05:48:06,138 [main] INFO  hdfs.DFSUtil (DFSUtil.java:httpServerTemplateForNNAndJN(1641)) - Starting Web-server for ozoneManager at: http://0.0.0.0:0
2019-10-02 05:48:06,140 [main] INFO  server.AuthenticationFilter (AuthenticationFilter.java:constructSecretProvider(240)) - Unable to initialize FileSignerSecretProvider, falling back to use random secrets.
2019-10-02 05:48:06,140 [main] WARN  http.HttpRequestLog (HttpRequestLog.java:getRequestLog(97)) - Jetty request log can only be enabled using Log4j
2019-10-02 05:48:06,142 [main] INFO  http.HttpServer2 (HttpServer2.java:addGlobalFilter(975)) - Added global filter 'safety' (class=org.apache.hadoop.http.HttpServer2$QuotingInputFilter)
2019-10-02 05:48:06,143 [main] INFO  http.HttpServer2 (HttpServer2.java:addFilter(948)) - Added filter static_user_filter (class=org.apache.hadoop.http.lib.StaticUserWebFilter$StaticUserFilter) to context ozoneManager
2019-10-02 05:48:06,143 [main] INFO  http.HttpServer2 (HttpServer2.java:addFilter(958)) - Added filter static_user_filter (class=org.apache.hadoop.http.lib.StaticUserWebFilter$StaticUserFilter) to context static
2019-10-02 05:48:06,144 [main] INFO  http.HttpServer2 (HttpServer2.java:addFilter(958)) - Added filter static_user_filter (class=org.apache.hadoop.http.lib.StaticUserWebFilter$StaticUserFilter) to context logs
2019-10-02 05:48:06,145 [main] INFO  http.HttpServer2 (HttpServer2.java:bindListener(1191)) - Jetty bound to port 38534
2019-10-02 05:48:06,146 [main] INFO  server.Server (Server.java:doStart(351)) - jetty-9.3.25.v20180904, build timestamp: 2018-09-04T21:11:46Z, git hash: 3ce520221d0240229c862b122d2b06c12a625732
2019-10-02 05:48:06,147 [main] INFO  handler.ContextHandler (ContextHandler.java:doStart(781)) - Started o.e.j.s.ServletContextHandler@31cb96e1{/logs,file:///workdir/hadoop-ozone/integration-test/target/log,AVAILABLE}
2019-10-02 05:48:06,148 [main] INFO  handler.ContextHandler (ContextHandler.java:doStart(781)) - Started o.e.j.s.ServletContextHandler@64030b91{/static,file:///workdir/hadoop-ozone/integration-test/target/test-classes/webapps/static,AVAILABLE}
2019-10-02 05:48:06,153 [main] INFO  handler.ContextHandler (ContextHandler.java:doStart(781)) - Started o.e.j.w.WebAppContext@55cff952{/,file:///workdir/hadoop-ozone/integration-test/target/test-classes/webapps/ozoneManager/,AVAILABLE}{/ozoneManager}
2019-10-02 05:48:06,154 [main] INFO  server.AbstractConnector (AbstractConnector.java:doStart(278)) - Started ServerConnector@660591fb{HTTP/1.1,[http/1.1]}{0.0.0.0:38534}
2019-10-02 05:48:06,155 [main] INFO  server.Server (Server.java:doStart(419)) - Started @4233ms
2019-10-02 05:48:06,156 [main] WARN  impl.MetricsSystemImpl (MetricsSystemImpl.java:register(276)) - Sink prometheus already exists!
2019-10-02 05:48:06,157 [main] INFO  server.BaseHttpServer (BaseHttpServer.java:updateConnectorAddress(215)) - HTTP server of OZONEMANAGER is listening at http://0.0.0.0:38534
2019-10-02 05:48:06,452 [main] INFO  impl.MetricsSystemImpl (MetricsSystemImpl.java:init(158)) - HddsDatanode metrics system started (again)
2019-10-02 05:48:06,501 [main] INFO  ozone.HddsDatanodeService (HddsDatanodeService.java:start(184)) - HddsDatanodeService host:pr-trunk-p5fv4-2201032288 ip:192.168.164.250
2019-10-02 05:48:06,533 [main] INFO  volume.HddsVolume (HddsVolume.java:<init>(176)) - Creating Volume: /workdir/hadoop-ozone/integration-test/target/test-dir/MiniOzoneClusterImpl-96702981-7b9c-49f5-b2c8-8280b9e400ec/datanode-0/data/containers/hdds of  storage type : DISK and capacity : 1482555576320
2019-10-02 05:48:06,535 [main] INFO  volume.VolumeSet (VolumeSet.java:initializeVolumeSet(170)) - Added Volume : /workdir/hadoop-ozone/integration-test/target/test-dir/MiniOzoneClusterImpl-96702981-7b9c-49f5-b2c8-8280b9e400ec/datanode-0/data/containers/hdds to VolumeSet
2019-10-02 05:48:06,538 [main] INFO  volume.ThrottledAsyncChecker (ThrottledAsyncChecker.java:schedule(139)) - Scheduling a check for org.apache.hadoop.ozone.container.common.volume.HddsVolume@3f29e26
2019-10-02 05:48:06,555 [main] INFO  volume.HddsVolumeChecker (HddsVolumeChecker.java:checkAllVolumes(202)) - Scheduled health check for volume org.apache.hadoop.ozone.container.common.volume.HddsVolume@3f29e26
2019-10-02 05:48:06,669 [main] INFO  impl.RaftServerProxy (ConfUtils.java:logGet(43)) - raft.rpc.type = GRPC (default)
2019-10-02 05:48:06,735 [main] INFO  grpc.GrpcFactory (GrpcFactory.java:checkPooledByteBufAllocatorUseCacheForAllThreads(45)) - PERFORMANCE WARNING: useCacheForAllThreads is true that may cause Netty to create a lot garbage objects and, as a result, trigger GC.
	It is recommended to disable useCacheForAllThreads by setting -Dorg.apache.ratis.thirdparty.io.netty.allocator.useCacheForAllThreads=false in command line.
2019-10-02 05:48:06,740 [main] INFO  grpc.GrpcConfigKeys$Server (ConfUtils.java:logGet(43)) - raft.grpc.server.port = 0 (default)
2019-10-02 05:48:06,741 [main] INFO  server.GrpcService (ConfUtils.java:logGet(43)) - raft.grpc.message.size.max = 33570816 (custom)
2019-10-02 05:48:06,742 [main] INFO  server.RaftServerConfigKeys (ConfUtils.java:logGet(43)) - raft.server.log.appender.buffer.byte-limit = 33554432 (custom)
2019-10-02 05:48:06,743 [main] INFO  server.GrpcService (ConfUtils.java:logGet(43)) - raft.grpc.flow.control.window = 1MB (=1048576) (default)
2019-10-02 05:48:06,744 [main] INFO  server.RaftServerConfigKeys (ConfUtils.java:logGet(43)) - raft.server.rpc.request.timeout = 3000ms (default)
2019-10-02 05:48:06,903 [main] INFO  server.RaftServerConfigKeys (ConfUtils.java:logGet(43)) - raft.server.storage.dir = [/workdir/hadoop-ozone/integration-test/target/test-dir/MiniOzoneClusterImpl-96702981-7b9c-49f5-b2c8-8280b9e400ec/datanode-0/data/ratis] (custom)
2019-10-02 05:48:06,952 [main] INFO  hdfs.DFSUtil (DFSUtil.java:httpServerTemplateForNNAndJN(1641)) - Starting Web-server for hddsDatanode at: http://0.0.0.0:0
2019-10-02 05:48:06,954 [main] INFO  server.AuthenticationFilter (AuthenticationFilter.java:constructSecretProvider(240)) - Unable to initialize FileSignerSecretProvider, falling back to use random secrets.
2019-10-02 05:48:06,955 [main] WARN  http.HttpRequestLog (HttpRequestLog.java:getRequestLog(97)) - Jetty request log can only be enabled using Log4j
2019-10-02 05:48:06,957 [main] INFO  http.HttpServer2 (HttpServer2.java:addGlobalFilter(975)) - Added global filter 'safety' (class=org.apache.hadoop.http.HttpServer2$QuotingInputFilter)
2019-10-02 05:48:06,958 [main] INFO  http.HttpServer2 (HttpServer2.java:addFilter(948)) - Added filter static_user_filter (class=org.apache.hadoop.http.lib.StaticUserWebFilter$StaticUserFilter) to context hddsDatanode
2019-10-02 05:48:06,958 [main] INFO  http.HttpServer2 (HttpServer2.java:addFilter(958)) - Added filter static_user_filter (class=org.apache.hadoop.http.lib.StaticUserWebFilter$StaticUserFilter) to context logs
2019-10-02 05:48:06,959 [main] INFO  http.HttpServer2 (HttpServer2.java:addFilter(958)) - Added filter static_user_filter (class=org.apache.hadoop.http.lib.StaticUserWebFilter$StaticUserFilter) to context static
2019-10-02 05:48:06,960 [main] INFO  http.HttpServer2 (HttpServer2.java:bindListener(1191)) - Jetty bound to port 35363
2019-10-02 05:48:06,960 [main] INFO  server.Server (Server.java:doStart(351)) - jetty-9.3.25.v20180904, build timestamp: 2018-09-04T21:11:46Z, git hash: 3ce520221d0240229c862b122d2b06c12a625732
2019-10-02 05:48:06,963 [main] INFO  handler.ContextHandler (ContextHandler.java:doStart(781)) - Started o.e.j.s.ServletContextHandler@2849434b{/logs,file:///workdir/hadoop-ozone/integration-test/target/log,AVAILABLE}
2019-10-02 05:48:06,963 [main] INFO  handler.ContextHandler (ContextHandler.java:doStart(781)) - Started o.e.j.s.ServletContextHandler@65b97f47{/static,jar:file:/home/user/.m2/repository/org/apache/hadoop/hadoop-hdds-container-service/0.5.0-SNAPSHOT/hadoop-hdds-container-service-0.5.0-SNAPSHOT.jar!/webapps/static,AVAILABLE}
2019-10-02 05:48:07,005 [main] INFO  handler.ContextHandler (ContextHandler.java:doStart(781)) - Started o.e.j.w.WebAppContext@46963479{/,file:///tmp/jetty-0.0.0.0-35363-hddsDatanode-_-any-5986867367659192800.dir/webapp/,AVAILABLE}{/hddsDatanode}
2019-10-02 05:48:07,006 [main] INFO  server.AbstractConnector (AbstractConnector.java:doStart(278)) - Started ServerConnector@7e74a380{HTTP/1.1,[http/1.1]}{0.0.0.0:35363}
2019-10-02 05:48:07,007 [main] INFO  server.Server (Server.java:doStart(419)) - Started @5085ms
2019-10-02 05:48:07,007 [main] WARN  impl.MetricsSystemImpl (MetricsSystemImpl.java:register(276)) - Sink prometheus already exists!
2019-10-02 05:48:07,008 [main] INFO  server.BaseHttpServer (BaseHttpServer.java:updateConnectorAddress(215)) - HTTP server of HDDSDATANODE is listening at http://0.0.0.0:35363
2019-10-02 05:48:07,009 [main] INFO  impl.MetricsSystemImpl (MetricsSystemImpl.java:init(158)) - HddsDatanode metrics system started (again)
2019-10-02 05:48:07,012 [main] INFO  ozone.HddsDatanodeService (HddsDatanodeService.java:start(184)) - HddsDatanodeService host:pr-trunk-p5fv4-2201032288 ip:192.168.164.250
2019-10-02 05:48:07,013 [org.apache.hadoop.util.JvmPauseMonitor$Monitor@222adc15] INFO  util.JvmPauseMonitor (JvmPauseMonitor.java:run(188)) - Starting JVM pause monitor
2019-10-02 05:48:07,033 [main] INFO  volume.HddsVolume (HddsVolume.java:<init>(176)) - Creating Volume: /workdir/hadoop-ozone/integration-test/target/test-dir/MiniOzoneClusterImpl-96702981-7b9c-49f5-b2c8-8280b9e400ec/datanode-1/data/containers/hdds of  storage type : DISK and capacity : 1482555576320
2019-10-02 05:48:07,035 [main] INFO  volume.VolumeSet (VolumeSet.java:initializeVolumeSet(170)) - Added Volume : /workdir/hadoop-ozone/integration-test/target/test-dir/MiniOzoneClusterImpl-96702981-7b9c-49f5-b2c8-8280b9e400ec/datanode-1/data/containers/hdds to VolumeSet
2019-10-02 05:48:07,035 [main] INFO  volume.ThrottledAsyncChecker (ThrottledAsyncChecker.java:schedule(139)) - Scheduling a check for org.apache.hadoop.ozone.container.common.volume.HddsVolume@620c8641
2019-10-02 05:48:07,037 [main] INFO  volume.HddsVolumeChecker (HddsVolumeChecker.java:checkAllVolumes(202)) - Scheduled health check for volume org.apache.hadoop.ozone.container.common.volume.HddsVolume@620c8641
2019-10-02 05:48:07,059 [main] INFO  impl.RaftServerProxy (ConfUtils.java:logGet(43)) - raft.rpc.type = GRPC (default)
2019-10-02 05:48:07,059 [main] INFO  grpc.GrpcFactory (GrpcFactory.java:checkPooledByteBufAllocatorUseCacheForAllThreads(45)) - PERFORMANCE WARNING: useCacheForAllThreads is true that may cause Netty to create a lot garbage objects and, as a result, trigger GC.
	It is recommended to disable useCacheForAllThreads by setting -Dorg.apache.ratis.thirdparty.io.netty.allocator.useCacheForAllThreads=false in command line.
2019-10-02 05:48:07,060 [main] INFO  grpc.GrpcConfigKeys$Server (ConfUtils.java:logGet(43)) - raft.grpc.server.port = 0 (default)
2019-10-02 05:48:07,060 [main] INFO  server.GrpcService (ConfUtils.java:logGet(43)) - raft.grpc.message.size.max = 33570816 (custom)
2019-10-02 05:48:07,060 [main] INFO  server.RaftServerConfigKeys (ConfUtils.java:logGet(43)) - raft.server.log.appender.buffer.byte-limit = 33554432 (custom)
2019-10-02 05:48:07,061 [main] INFO  server.GrpcService (ConfUtils.java:logGet(43)) - raft.grpc.flow.control.window = 1MB (=1048576) (default)
2019-10-02 05:48:07,061 [main] INFO  server.RaftServerConfigKeys (ConfUtils.java:logGet(43)) - raft.server.rpc.request.timeout = 3000ms (default)
2019-10-02 05:48:07,063 [main] INFO  server.RaftServerConfigKeys (ConfUtils.java:logGet(43)) - raft.server.storage.dir = [/workdir/hadoop-ozone/integration-test/target/test-dir/MiniOzoneClusterImpl-96702981-7b9c-49f5-b2c8-8280b9e400ec/datanode-1/data/ratis] (custom)
2019-10-02 05:48:07,066 [main] INFO  hdfs.DFSUtil (DFSUtil.java:httpServerTemplateForNNAndJN(1641)) - Starting Web-server for hddsDatanode at: http://0.0.0.0:0
2019-10-02 05:48:07,070 [main] INFO  server.AuthenticationFilter (AuthenticationFilter.java:constructSecretProvider(240)) - Unable to initialize FileSignerSecretProvider, falling back to use random secrets.
2019-10-02 05:48:07,071 [main] WARN  http.HttpRequestLog (HttpRequestLog.java:getRequestLog(97)) - Jetty request log can only be enabled using Log4j
2019-10-02 05:48:07,073 [main] INFO  http.HttpServer2 (HttpServer2.java:addGlobalFilter(975)) - Added global filter 'safety' (class=org.apache.hadoop.http.HttpServer2$QuotingInputFilter)
2019-10-02 05:48:07,074 [main] INFO  http.HttpServer2 (HttpServer2.java:addFilter(948)) - Added filter static_user_filter (class=org.apache.hadoop.http.lib.StaticUserWebFilter$StaticUserFilter) to context hddsDatanode
2019-10-02 05:48:07,074 [main] INFO  http.HttpServer2 (HttpServer2.java:addFilter(958)) - Added filter static_user_filter (class=org.apache.hadoop.http.lib.StaticUserWebFilter$StaticUserFilter) to context logs
2019-10-02 05:48:07,074 [main] INFO  http.HttpServer2 (HttpServer2.java:addFilter(958)) - Added filter static_user_filter (class=org.apache.hadoop.http.lib.StaticUserWebFilter$StaticUserFilter) to context static
2019-10-02 05:48:07,076 [main] INFO  http.HttpServer2 (HttpServer2.java:bindListener(1191)) - Jetty bound to port 42357
2019-10-02 05:48:07,076 [main] INFO  server.Server (Server.java:doStart(351)) - jetty-9.3.25.v20180904, build timestamp: 2018-09-04T21:11:46Z, git hash: 3ce520221d0240229c862b122d2b06c12a625732
2019-10-02 05:48:07,080 [main] INFO  handler.ContextHandler (ContextHandler.java:doStart(781)) - Started o.e.j.s.ServletContextHandler@7ceb4478{/logs,file:///workdir/hadoop-ozone/integration-test/target/log,AVAILABLE}
2019-10-02 05:48:07,080 [main] INFO  handler.ContextHandler (ContextHandler.java:doStart(781)) - Started o.e.j.s.ServletContextHandler@25ad4f71{/static,jar:file:/home/user/.m2/repository/org/apache/hadoop/hadoop-hdds-container-service/0.5.0-SNAPSHOT/hadoop-hdds-container-service-0.5.0-SNAPSHOT.jar!/webapps/static,AVAILABLE}
2019-10-02 05:48:07,124 [Datanode State Machine Thread - 0] INFO  datanode.InitDatanodeState (InitDatanodeState.java:persistContainerDatanodeDetails(140)) - DatanodeDetails is persisted to /workdir/hadoop-ozone/integration-test/target/test-dir/MiniOzoneClusterImpl-96702981-7b9c-49f5-b2c8-8280b9e400ec/datanode-0/meta/datanode.id
2019-10-02 05:48:07,126 [main] INFO  handler.ContextHandler (ContextHandler.java:doStart(781)) - Started o.e.j.w.WebAppContext@65e21ce3{/,file:///tmp/jetty-0.0.0.0-42357-hddsDatanode-_-any-5929094675965618149.dir/webapp/,AVAILABLE}{/hddsDatanode}
2019-10-02 05:48:07,127 [main] INFO  server.AbstractConnector (AbstractConnector.java:doStart(278)) - Started ServerConnector@6c3659be{HTTP/1.1,[http/1.1]}{0.0.0.0:42357}
2019-10-02 05:48:07,128 [main] INFO  server.Server (Server.java:doStart(419)) - Started @5206ms
2019-10-02 05:48:07,129 [main] WARN  impl.MetricsSystemImpl (MetricsSystemImpl.java:register(276)) - Sink prometheus already exists!
2019-10-02 05:48:07,130 [main] INFO  server.BaseHttpServer (BaseHttpServer.java:updateConnectorAddress(215)) - HTTP server of HDDSDATANODE is listening at http://0.0.0.0:42357
2019-10-02 05:48:07,131 [main] INFO  impl.MetricsSystemImpl (MetricsSystemImpl.java:init(158)) - HddsDatanode metrics system started (again)
2019-10-02 05:48:07,135 [org.apache.hadoop.util.JvmPauseMonitor$Monitor@575e3d28] INFO  util.JvmPauseMonitor (JvmPauseMonitor.java:run(188)) - Starting JVM pause monitor
2019-10-02 05:48:07,136 [main] INFO  ozone.HddsDatanodeService (HddsDatanodeService.java:start(184)) - HddsDatanodeService host:pr-trunk-p5fv4-2201032288 ip:192.168.164.250
2019-10-02 05:48:07,146 [main] INFO  volume.HddsVolume (HddsVolume.java:<init>(176)) - Creating Volume: /workdir/hadoop-ozone/integration-test/target/test-dir/MiniOzoneClusterImpl-96702981-7b9c-49f5-b2c8-8280b9e400ec/datanode-2/data/containers/hdds of  storage type : DISK and capacity : 1482555576320
2019-10-02 05:48:07,147 [main] INFO  volume.VolumeSet (VolumeSet.java:initializeVolumeSet(170)) - Added Volume : /workdir/hadoop-ozone/integration-test/target/test-dir/MiniOzoneClusterImpl-96702981-7b9c-49f5-b2c8-8280b9e400ec/datanode-2/data/containers/hdds to VolumeSet
2019-10-02 05:48:07,148 [main] INFO  volume.ThrottledAsyncChecker (ThrottledAsyncChecker.java:schedule(139)) - Scheduling a check for org.apache.hadoop.ozone.container.common.volume.HddsVolume@5624657a
2019-10-02 05:48:07,148 [Datanode State Machine Thread - 0] INFO  datanode.InitDatanodeState (InitDatanodeState.java:persistContainerDatanodeDetails(140)) - DatanodeDetails is persisted to /workdir/hadoop-ozone/integration-test/target/test-dir/MiniOzoneClusterImpl-96702981-7b9c-49f5-b2c8-8280b9e400ec/datanode-1/meta/datanode.id
2019-10-02 05:48:07,149 [main] INFO  volume.HddsVolumeChecker (HddsVolumeChecker.java:checkAllVolumes(202)) - Scheduled health check for volume org.apache.hadoop.ozone.container.common.volume.HddsVolume@5624657a
2019-10-02 05:48:07,169 [main] INFO  impl.RaftServerProxy (ConfUtils.java:logGet(43)) - raft.rpc.type = GRPC (default)
2019-10-02 05:48:07,169 [main] INFO  grpc.GrpcFactory (GrpcFactory.java:checkPooledByteBufAllocatorUseCacheForAllThreads(45)) - PERFORMANCE WARNING: useCacheForAllThreads is true that may cause Netty to create a lot garbage objects and, as a result, trigger GC.
	It is recommended to disable useCacheForAllThreads by setting -Dorg.apache.ratis.thirdparty.io.netty.allocator.useCacheForAllThreads=false in command line.
2019-10-02 05:48:07,170 [main] INFO  grpc.GrpcConfigKeys$Server (ConfUtils.java:logGet(43)) - raft.grpc.server.port = 0 (default)
2019-10-02 05:48:07,170 [main] INFO  server.GrpcService (ConfUtils.java:logGet(43)) - raft.grpc.message.size.max = 33570816 (custom)
2019-10-02 05:48:07,170 [main] INFO  server.RaftServerConfigKeys (ConfUtils.java:logGet(43)) - raft.server.log.appender.buffer.byte-limit = 33554432 (custom)
2019-10-02 05:48:07,171 [main] INFO  server.GrpcService (ConfUtils.java:logGet(43)) - raft.grpc.flow.control.window = 1MB (=1048576) (default)
2019-10-02 05:48:07,171 [main] INFO  server.RaftServerConfigKeys (ConfUtils.java:logGet(43)) - raft.server.rpc.request.timeout = 3000ms (default)
2019-10-02 05:48:07,172 [main] INFO  server.RaftServerConfigKeys (ConfUtils.java:logGet(43)) - raft.server.storage.dir = [/workdir/hadoop-ozone/integration-test/target/test-dir/MiniOzoneClusterImpl-96702981-7b9c-49f5-b2c8-8280b9e400ec/datanode-2/data/ratis] (custom)
2019-10-02 05:48:07,175 [main] INFO  hdfs.DFSUtil (DFSUtil.java:httpServerTemplateForNNAndJN(1641)) - Starting Web-server for hddsDatanode at: http://0.0.0.0:0
2019-10-02 05:48:07,177 [main] INFO  server.AuthenticationFilter (AuthenticationFilter.java:constructSecretProvider(240)) - Unable to initialize FileSignerSecretProvider, falling back to use random secrets.
2019-10-02 05:48:07,177 [main] WARN  http.HttpRequestLog (HttpRequestLog.java:getRequestLog(97)) - Jetty request log can only be enabled using Log4j
2019-10-02 05:48:07,180 [main] INFO  http.HttpServer2 (HttpServer2.java:addGlobalFilter(975)) - Added global filter 'safety' (class=org.apache.hadoop.http.HttpServer2$QuotingInputFilter)
2019-10-02 05:48:07,180 [main] INFO  http.HttpServer2 (HttpServer2.java:addFilter(948)) - Added filter static_user_filter (class=org.apache.hadoop.http.lib.StaticUserWebFilter$StaticUserFilter) to context hddsDatanode
2019-10-02 05:48:07,181 [main] INFO  http.HttpServer2 (HttpServer2.java:addFilter(958)) - Added filter static_user_filter (class=org.apache.hadoop.http.lib.StaticUserWebFilter$StaticUserFilter) to context static
2019-10-02 05:48:07,181 [main] INFO  http.HttpServer2 (HttpServer2.java:addFilter(958)) - Added filter static_user_filter (class=org.apache.hadoop.http.lib.StaticUserWebFilter$StaticUserFilter) to context logs
2019-10-02 05:48:07,182 [main] INFO  http.HttpServer2 (HttpServer2.java:bindListener(1191)) - Jetty bound to port 43511
2019-10-02 05:48:07,182 [main] INFO  server.Server (Server.java:doStart(351)) - jetty-9.3.25.v20180904, build timestamp: 2018-09-04T21:11:46Z, git hash: 3ce520221d0240229c862b122d2b06c12a625732
2019-10-02 05:48:07,185 [main] INFO  handler.ContextHandler (ContextHandler.java:doStart(781)) - Started o.e.j.s.ServletContextHandler@599e4d41{/logs,file:///workdir/hadoop-ozone/integration-test/target/log,AVAILABLE}
2019-10-02 05:48:07,186 [main] INFO  handler.ContextHandler (ContextHandler.java:doStart(781)) - Started o.e.j.s.ServletContextHandler@10f7c76{/static,jar:file:/home/user/.m2/repository/org/apache/hadoop/hadoop-hdds-container-service/0.5.0-SNAPSHOT/hadoop-hdds-container-service-0.5.0-SNAPSHOT.jar!/webapps/static,AVAILABLE}
2019-10-02 05:48:07,222 [main] INFO  handler.ContextHandler (ContextHandler.java:doStart(781)) - Started o.e.j.w.WebAppContext@37df14d1{/,file:///tmp/jetty-0.0.0.0-43511-hddsDatanode-_-any-8669373544778486298.dir/webapp/,AVAILABLE}{/hddsDatanode}
2019-10-02 05:48:07,223 [main] INFO  server.AbstractConnector (AbstractConnector.java:doStart(278)) - Started ServerConnector@7efb53af{HTTP/1.1,[http/1.1]}{0.0.0.0:43511}
2019-10-02 05:48:07,224 [main] INFO  server.Server (Server.java:doStart(419)) - Started @5302ms
2019-10-02 05:48:07,225 [main] WARN  impl.MetricsSystemImpl (MetricsSystemImpl.java:register(276)) - Sink prometheus already exists!
2019-10-02 05:48:07,226 [main] INFO  server.BaseHttpServer (BaseHttpServer.java:updateConnectorAddress(215)) - HTTP server of HDDSDATANODE is listening at http://0.0.0.0:43511
2019-10-02 05:48:07,226 [main] INFO  impl.MetricsSystemImpl (MetricsSystemImpl.java:init(158)) - HddsDatanode metrics system started (again)
2019-10-02 05:48:07,229 [main] INFO  ozone.HddsDatanodeService (HddsDatanodeService.java:start(184)) - HddsDatanodeService host:pr-trunk-p5fv4-2201032288 ip:192.168.164.250
2019-10-02 05:48:07,229 [org.apache.hadoop.util.JvmPauseMonitor$Monitor@359f5597] INFO  util.JvmPauseMonitor (JvmPauseMonitor.java:run(188)) - Starting JVM pause monitor
2019-10-02 05:48:07,233 [Datanode State Machine Thread - 0] INFO  datanode.InitDatanodeState (InitDatanodeState.java:persistContainerDatanodeDetails(140)) - DatanodeDetails is persisted to /workdir/hadoop-ozone/integration-test/target/test-dir/MiniOzoneClusterImpl-96702981-7b9c-49f5-b2c8-8280b9e400ec/datanode-2/meta/datanode.id
2019-10-02 05:48:07,237 [main] INFO  volume.HddsVolume (HddsVolume.java:<init>(176)) - Creating Volume: /workdir/hadoop-ozone/integration-test/target/test-dir/MiniOzoneClusterImpl-96702981-7b9c-49f5-b2c8-8280b9e400ec/datanode-3/data/containers/hdds of  storage type : DISK and capacity : 1482555576320
2019-10-02 05:48:07,239 [main] INFO  volume.VolumeSet (VolumeSet.java:initializeVolumeSet(170)) - Added Volume : /workdir/hadoop-ozone/integration-test/target/test-dir/MiniOzoneClusterImpl-96702981-7b9c-49f5-b2c8-8280b9e400ec/datanode-3/data/containers/hdds to VolumeSet
2019-10-02 05:48:07,239 [main] INFO  volume.ThrottledAsyncChecker (ThrottledAsyncChecker.java:schedule(139)) - Scheduling a check for org.apache.hadoop.ozone.container.common.volume.HddsVolume@97d0c06
2019-10-02 05:48:07,240 [main] INFO  volume.HddsVolumeChecker (HddsVolumeChecker.java:checkAllVolumes(202)) - Scheduled health check for volume org.apache.hadoop.ozone.container.common.volume.HddsVolume@97d0c06
2019-10-02 05:48:07,253 [main] INFO  impl.RaftServerProxy (ConfUtils.java:logGet(43)) - raft.rpc.type = GRPC (default)
2019-10-02 05:48:07,254 [main] INFO  grpc.GrpcFactory (GrpcFactory.java:checkPooledByteBufAllocatorUseCacheForAllThreads(45)) - PERFORMANCE WARNING: useCacheForAllThreads is true that may cause Netty to create a lot garbage objects and, as a result, trigger GC.
	It is recommended to disable useCacheForAllThreads by setting -Dorg.apache.ratis.thirdparty.io.netty.allocator.useCacheForAllThreads=false in command line.
2019-10-02 05:48:07,254 [main] INFO  grpc.GrpcConfigKeys$Server (ConfUtils.java:logGet(43)) - raft.grpc.server.port = 0 (default)
2019-10-02 05:48:07,254 [main] INFO  server.GrpcService (ConfUtils.java:logGet(43)) - raft.grpc.message.size.max = 33570816 (custom)
2019-10-02 05:48:07,254 [main] INFO  server.RaftServerConfigKeys (ConfUtils.java:logGet(43)) - raft.server.log.appender.buffer.byte-limit = 33554432 (custom)
2019-10-02 05:48:07,255 [main] INFO  server.GrpcService (ConfUtils.java:logGet(43)) - raft.grpc.flow.control.window = 1MB (=1048576) (default)
2019-10-02 05:48:07,255 [main] INFO  server.RaftServerConfigKeys (ConfUtils.java:logGet(43)) - raft.server.rpc.request.timeout = 3000ms (default)
2019-10-02 05:48:07,255 [main] INFO  server.RaftServerConfigKeys (ConfUtils.java:logGet(43)) - raft.server.storage.dir = [/workdir/hadoop-ozone/integration-test/target/test-dir/MiniOzoneClusterImpl-96702981-7b9c-49f5-b2c8-8280b9e400ec/datanode-3/data/ratis] (custom)
2019-10-02 05:48:07,257 [main] INFO  hdfs.DFSUtil (DFSUtil.java:httpServerTemplateForNNAndJN(1641)) - Starting Web-server for hddsDatanode at: http://0.0.0.0:0
2019-10-02 05:48:07,259 [main] INFO  server.AuthenticationFilter (AuthenticationFilter.java:constructSecretProvider(240)) - Unable to initialize FileSignerSecretProvider, falling back to use random secrets.
2019-10-02 05:48:07,259 [main] WARN  http.HttpRequestLog (HttpRequestLog.java:getRequestLog(97)) - Jetty request log can only be enabled using Log4j
2019-10-02 05:48:07,261 [main] INFO  http.HttpServer2 (HttpServer2.java:addGlobalFilter(975)) - Added global filter 'safety' (class=org.apache.hadoop.http.HttpServer2$QuotingInputFilter)
2019-10-02 05:48:07,261 [main] INFO  http.HttpServer2 (HttpServer2.java:addFilter(948)) - Added filter static_user_filter (class=org.apache.hadoop.http.lib.StaticUserWebFilter$StaticUserFilter) to context hddsDatanode
2019-10-02 05:48:07,262 [main] INFO  http.HttpServer2 (HttpServer2.java:addFilter(958)) - Added filter static_user_filter (class=org.apache.hadoop.http.lib.StaticUserWebFilter$StaticUserFilter) to context static
2019-10-02 05:48:07,262 [main] INFO  http.HttpServer2 (HttpServer2.java:addFilter(958)) - Added filter static_user_filter (class=org.apache.hadoop.http.lib.StaticUserWebFilter$StaticUserFilter) to context logs
2019-10-02 05:48:07,263 [main] INFO  http.HttpServer2 (HttpServer2.java:bindListener(1191)) - Jetty bound to port 35010
2019-10-02 05:48:07,263 [main] INFO  server.Server (Server.java:doStart(351)) - jetty-9.3.25.v20180904, build timestamp: 2018-09-04T21:11:46Z, git hash: 3ce520221d0240229c862b122d2b06c12a625732
2019-10-02 05:48:07,269 [main] INFO  handler.ContextHandler (ContextHandler.java:doStart(781)) - Started o.e.j.s.ServletContextHandler@6caf7803{/logs,file:///workdir/hadoop-ozone/integration-test/target/log,AVAILABLE}
2019-10-02 05:48:07,269 [main] INFO  handler.ContextHandler (ContextHandler.java:doStart(781)) - Started o.e.j.s.ServletContextHandler@698fee9a{/static,jar:file:/home/user/.m2/repository/org/apache/hadoop/hadoop-hdds-container-service/0.5.0-SNAPSHOT/hadoop-hdds-container-service-0.5.0-SNAPSHOT.jar!/webapps/static,AVAILABLE}
2019-10-02 05:48:07,298 [main] INFO  handler.ContextHandler (ContextHandler.java:doStart(781)) - Started o.e.j.w.WebAppContext@39a87e72{/,file:///tmp/jetty-0.0.0.0-35010-hddsDatanode-_-any-1145366322310667169.dir/webapp/,AVAILABLE}{/hddsDatanode}
2019-10-02 05:48:07,299 [main] INFO  server.AbstractConnector (AbstractConnector.java:doStart(278)) - Started ServerConnector@5d2828c9{HTTP/1.1,[http/1.1]}{0.0.0.0:35010}
2019-10-02 05:48:07,300 [main] INFO  server.Server (Server.java:doStart(419)) - Started @5378ms
2019-10-02 05:48:07,301 [main] WARN  impl.MetricsSystemImpl (MetricsSystemImpl.java:register(276)) - Sink prometheus already exists!
2019-10-02 05:48:07,302 [main] INFO  server.BaseHttpServer (BaseHttpServer.java:updateConnectorAddress(215)) - HTTP server of HDDSDATANODE is listening at http://0.0.0.0:35010
2019-10-02 05:48:07,302 [main] INFO  impl.MetricsSystemImpl (MetricsSystemImpl.java:init(158)) - HddsDatanode metrics system started (again)
2019-10-02 05:48:07,305 [org.apache.hadoop.util.JvmPauseMonitor$Monitor@54d4b274] INFO  util.JvmPauseMonitor (JvmPauseMonitor.java:run(188)) - Starting JVM pause monitor
2019-10-02 05:48:07,305 [main] INFO  ozone.HddsDatanodeService (HddsDatanodeService.java:start(184)) - HddsDatanodeService host:pr-trunk-p5fv4-2201032288 ip:192.168.164.250
2019-10-02 05:48:07,308 [Datanode State Machine Thread - 0] INFO  datanode.InitDatanodeState (InitDatanodeState.java:persistContainerDatanodeDetails(140)) - DatanodeDetails is persisted to /workdir/hadoop-ozone/integration-test/target/test-dir/MiniOzoneClusterImpl-96702981-7b9c-49f5-b2c8-8280b9e400ec/datanode-3/meta/datanode.id
2019-10-02 05:48:07,313 [main] INFO  volume.HddsVolume (HddsVolume.java:<init>(176)) - Creating Volume: /workdir/hadoop-ozone/integration-test/target/test-dir/MiniOzoneClusterImpl-96702981-7b9c-49f5-b2c8-8280b9e400ec/datanode-4/data/containers/hdds of  storage type : DISK and capacity : 1482555576320
2019-10-02 05:48:07,313 [main] INFO  volume.VolumeSet (VolumeSet.java:initializeVolumeSet(170)) - Added Volume : /workdir/hadoop-ozone/integration-test/target/test-dir/MiniOzoneClusterImpl-96702981-7b9c-49f5-b2c8-8280b9e400ec/datanode-4/data/containers/hdds to VolumeSet
2019-10-02 05:48:07,313 [main] INFO  volume.ThrottledAsyncChecker (ThrottledAsyncChecker.java:schedule(139)) - Scheduling a check for org.apache.hadoop.ozone.container.common.volume.HddsVolume@67e13bd0
2019-10-02 05:48:07,314 [main] INFO  volume.HddsVolumeChecker (HddsVolumeChecker.java:checkAllVolumes(202)) - Scheduled health check for volume org.apache.hadoop.ozone.container.common.volume.HddsVolume@67e13bd0
2019-10-02 05:48:07,328 [main] INFO  impl.RaftServerProxy (ConfUtils.java:logGet(43)) - raft.rpc.type = GRPC (default)
2019-10-02 05:48:07,328 [main] INFO  grpc.GrpcFactory (GrpcFactory.java:checkPooledByteBufAllocatorUseCacheForAllThreads(45)) - PERFORMANCE WARNING: useCacheForAllThreads is true that may cause Netty to create a lot garbage objects and, as a result, trigger GC.
	It is recommended to disable useCacheForAllThreads by setting -Dorg.apache.ratis.thirdparty.io.netty.allocator.useCacheForAllThreads=false in command line.
2019-10-02 05:48:07,328 [main] INFO  grpc.GrpcConfigKeys$Server (ConfUtils.java:logGet(43)) - raft.grpc.server.port = 0 (default)
2019-10-02 05:48:07,329 [main] INFO  server.GrpcService (ConfUtils.java:logGet(43)) - raft.grpc.message.size.max = 33570816 (custom)
2019-10-02 05:48:07,329 [main] INFO  server.RaftServerConfigKeys (ConfUtils.java:logGet(43)) - raft.server.log.appender.buffer.byte-limit = 33554432 (custom)
2019-10-02 05:48:07,329 [main] INFO  server.GrpcService (ConfUtils.java:logGet(43)) - raft.grpc.flow.control.window = 1MB (=1048576) (default)
2019-10-02 05:48:07,330 [main] INFO  server.RaftServerConfigKeys (ConfUtils.java:logGet(43)) - raft.server.rpc.request.timeout = 3000ms (default)
2019-10-02 05:48:07,330 [main] INFO  server.RaftServerConfigKeys (ConfUtils.java:logGet(43)) - raft.server.storage.dir = [/workdir/hadoop-ozone/integration-test/target/test-dir/MiniOzoneClusterImpl-96702981-7b9c-49f5-b2c8-8280b9e400ec/datanode-4/data/ratis] (custom)
2019-10-02 05:48:07,332 [main] INFO  hdfs.DFSUtil (DFSUtil.java:httpServerTemplateForNNAndJN(1641)) - Starting Web-server for hddsDatanode at: http://0.0.0.0:0
2019-10-02 05:48:07,333 [main] INFO  server.AuthenticationFilter (AuthenticationFilter.java:constructSecretProvider(240)) - Unable to initialize FileSignerSecretProvider, falling back to use random secrets.
2019-10-02 05:48:07,334 [main] WARN  http.HttpRequestLog (HttpRequestLog.java:getRequestLog(97)) - Jetty request log can only be enabled using Log4j
2019-10-02 05:48:07,338 [main] INFO  http.HttpServer2 (HttpServer2.java:addGlobalFilter(975)) - Added global filter 'safety' (class=org.apache.hadoop.http.HttpServer2$QuotingInputFilter)
2019-10-02 05:48:07,338 [main] INFO  http.HttpServer2 (HttpServer2.java:addFilter(948)) - Added filter static_user_filter (class=org.apache.hadoop.http.lib.StaticUserWebFilter$StaticUserFilter) to context hddsDatanode
2019-10-02 05:48:07,339 [main] INFO  http.HttpServer2 (HttpServer2.java:addFilter(958)) - Added filter static_user_filter (class=org.apache.hadoop.http.lib.StaticUserWebFilter$StaticUserFilter) to context static
2019-10-02 05:48:07,339 [main] INFO  http.HttpServer2 (HttpServer2.java:addFilter(958)) - Added filter static_user_filter (class=org.apache.hadoop.http.lib.StaticUserWebFilter$StaticUserFilter) to context logs
2019-10-02 05:48:07,340 [main] INFO  http.HttpServer2 (HttpServer2.java:bindListener(1191)) - Jetty bound to port 45805
2019-10-02 05:48:07,340 [main] INFO  server.Server (Server.java:doStart(351)) - jetty-9.3.25.v20180904, build timestamp: 2018-09-04T21:11:46Z, git hash: 3ce520221d0240229c862b122d2b06c12a625732
2019-10-02 05:48:07,342 [main] INFO  handler.ContextHandler (ContextHandler.java:doStart(781)) - Started o.e.j.s.ServletContextHandler@16727bf0{/logs,file:///workdir/hadoop-ozone/integration-test/target/log,AVAILABLE}
2019-10-02 05:48:07,343 [main] INFO  handler.ContextHandler (ContextHandler.java:doStart(781)) - Started o.e.j.s.ServletContextHandler@291373d3{/static,jar:file:/home/user/.m2/repository/org/apache/hadoop/hadoop-hdds-container-service/0.5.0-SNAPSHOT/hadoop-hdds-container-service-0.5.0-SNAPSHOT.jar!/webapps/static,AVAILABLE}
2019-10-02 05:48:07,370 [main] INFO  handler.ContextHandler (ContextHandler.java:doStart(781)) - Started o.e.j.w.WebAppContext@2f5b8250{/,file:///tmp/jetty-0.0.0.0-45805-hddsDatanode-_-any-327487244332675008.dir/webapp/,AVAILABLE}{/hddsDatanode}
2019-10-02 05:48:07,372 [main] INFO  server.AbstractConnector (AbstractConnector.java:doStart(278)) - Started ServerConnector@4821aa9f{HTTP/1.1,[http/1.1]}{0.0.0.0:45805}
2019-10-02 05:48:07,377 [main] INFO  server.Server (Server.java:doStart(419)) - Started @5455ms
2019-10-02 05:48:07,377 [main] WARN  impl.MetricsSystemImpl (MetricsSystemImpl.java:register(276)) - Sink prometheus already exists!
2019-10-02 05:48:07,378 [main] INFO  server.BaseHttpServer (BaseHttpServer.java:updateConnectorAddress(215)) - HTTP server of HDDSDATANODE is listening at http://0.0.0.0:45805
2019-10-02 05:48:07,379 [main] INFO  impl.MetricsSystemImpl (MetricsSystemImpl.java:init(158)) - HddsDatanode metrics system started (again)
2019-10-02 05:48:07,382 [main] INFO  ozone.HddsDatanodeService (HddsDatanodeService.java:start(184)) - HddsDatanodeService host:pr-trunk-p5fv4-2201032288 ip:192.168.164.250
2019-10-02 05:48:07,382 [org.apache.hadoop.util.JvmPauseMonitor$Monitor@26a7dc17] INFO  util.JvmPauseMonitor (JvmPauseMonitor.java:run(188)) - Starting JVM pause monitor
2019-10-02 05:48:07,386 [Datanode State Machine Thread - 0] INFO  datanode.InitDatanodeState (InitDatanodeState.java:persistContainerDatanodeDetails(140)) - DatanodeDetails is persisted to /workdir/hadoop-ozone/integration-test/target/test-dir/MiniOzoneClusterImpl-96702981-7b9c-49f5-b2c8-8280b9e400ec/datanode-4/meta/datanode.id
2019-10-02 05:48:07,390 [main] INFO  volume.HddsVolume (HddsVolume.java:<init>(176)) - Creating Volume: /workdir/hadoop-ozone/integration-test/target/test-dir/MiniOzoneClusterImpl-96702981-7b9c-49f5-b2c8-8280b9e400ec/datanode-5/data/containers/hdds of  storage type : DISK and capacity : 1482555576320
2019-10-02 05:48:07,390 [main] INFO  volume.VolumeSet (VolumeSet.java:initializeVolumeSet(170)) - Added Volume : /workdir/hadoop-ozone/integration-test/target/test-dir/MiniOzoneClusterImpl-96702981-7b9c-49f5-b2c8-8280b9e400ec/datanode-5/data/containers/hdds to VolumeSet
2019-10-02 05:48:07,390 [main] INFO  volume.ThrottledAsyncChecker (ThrottledAsyncChecker.java:schedule(139)) - Scheduling a check for org.apache.hadoop.ozone.container.common.volume.HddsVolume@21505815
2019-10-02 05:48:07,391 [main] INFO  volume.HddsVolumeChecker (HddsVolumeChecker.java:checkAllVolumes(202)) - Scheduled health check for volume org.apache.hadoop.ozone.container.common.volume.HddsVolume@21505815
2019-10-02 05:48:07,407 [main] INFO  impl.RaftServerProxy (ConfUtils.java:logGet(43)) - raft.rpc.type = GRPC (default)
2019-10-02 05:48:07,407 [main] INFO  grpc.GrpcFactory (GrpcFactory.java:checkPooledByteBufAllocatorUseCacheForAllThreads(45)) - PERFORMANCE WARNING: useCacheForAllThreads is true that may cause Netty to create a lot garbage objects and, as a result, trigger GC.
	It is recommended to disable useCacheForAllThreads by setting -Dorg.apache.ratis.thirdparty.io.netty.allocator.useCacheForAllThreads=false in command line.
2019-10-02 05:48:07,408 [main] INFO  grpc.GrpcConfigKeys$Server (ConfUtils.java:logGet(43)) - raft.grpc.server.port = 0 (default)
2019-10-02 05:48:07,408 [main] INFO  server.GrpcService (ConfUtils.java:logGet(43)) - raft.grpc.message.size.max = 33570816 (custom)
2019-10-02 05:48:07,408 [main] INFO  server.RaftServerConfigKeys (ConfUtils.java:logGet(43)) - raft.server.log.appender.buffer.byte-limit = 33554432 (custom)
2019-10-02 05:48:07,408 [main] INFO  server.GrpcService (ConfUtils.java:logGet(43)) - raft.grpc.flow.control.window = 1MB (=1048576) (default)
2019-10-02 05:48:07,408 [main] INFO  server.RaftServerConfigKeys (ConfUtils.java:logGet(43)) - raft.server.rpc.request.timeout = 3000ms (default)
2019-10-02 05:48:07,409 [main] INFO  server.RaftServerConfigKeys (ConfUtils.java:logGet(43)) - raft.server.storage.dir = [/workdir/hadoop-ozone/integration-test/target/test-dir/MiniOzoneClusterImpl-96702981-7b9c-49f5-b2c8-8280b9e400ec/datanode-5/data/ratis] (custom)
2019-10-02 05:48:07,411 [main] INFO  hdfs.DFSUtil (DFSUtil.java:httpServerTemplateForNNAndJN(1641)) - Starting Web-server for hddsDatanode at: http://0.0.0.0:0
2019-10-02 05:48:07,413 [main] INFO  server.AuthenticationFilter (AuthenticationFilter.java:constructSecretProvider(240)) - Unable to initialize FileSignerSecretProvider, falling back to use random secrets.
2019-10-02 05:48:07,414 [main] WARN  http.HttpRequestLog (HttpRequestLog.java:getRequestLog(97)) - Jetty request log can only be enabled using Log4j
2019-10-02 05:48:07,416 [main] INFO  http.HttpServer2 (HttpServer2.java:addGlobalFilter(975)) - Added global filter 'safety' (class=org.apache.hadoop.http.HttpServer2$QuotingInputFilter)
2019-10-02 05:48:07,417 [main] INFO  http.HttpServer2 (HttpServer2.java:addFilter(948)) - Added filter static_user_filter (class=org.apache.hadoop.http.lib.StaticUserWebFilter$StaticUserFilter) to context hddsDatanode
2019-10-02 05:48:07,417 [main] INFO  http.HttpServer2 (HttpServer2.java:addFilter(958)) - Added filter static_user_filter (class=org.apache.hadoop.http.lib.StaticUserWebFilter$StaticUserFilter) to context logs
2019-10-02 05:48:07,418 [main] INFO  http.HttpServer2 (HttpServer2.java:addFilter(958)) - Added filter static_user_filter (class=org.apache.hadoop.http.lib.StaticUserWebFilter$StaticUserFilter) to context static
2019-10-02 05:48:07,418 [main] INFO  http.HttpServer2 (HttpServer2.java:bindListener(1191)) - Jetty bound to port 38803
2019-10-02 05:48:07,419 [main] INFO  server.Server (Server.java:doStart(351)) - jetty-9.3.25.v20180904, build timestamp: 2018-09-04T21:11:46Z, git hash: 3ce520221d0240229c862b122d2b06c12a625732
2019-10-02 05:48:07,420 [main] INFO  handler.ContextHandler (ContextHandler.java:doStart(781)) - Started o.e.j.s.ServletContextHandler@6e041285{/logs,file:///workdir/hadoop-ozone/integration-test/target/log,AVAILABLE}
2019-10-02 05:48:07,421 [main] INFO  handler.ContextHandler (ContextHandler.java:doStart(781)) - Started o.e.j.s.ServletContextHandler@439b15f2{/static,jar:file:/home/user/.m2/repository/org/apache/hadoop/hadoop-hdds-container-service/0.5.0-SNAPSHOT/hadoop-hdds-container-service-0.5.0-SNAPSHOT.jar!/webapps/static,AVAILABLE}
2019-10-02 05:48:07,447 [main] INFO  handler.ContextHandler (ContextHandler.java:doStart(781)) - Started o.e.j.w.WebAppContext@63884e4{/,file:///tmp/jetty-0.0.0.0-38803-hddsDatanode-_-any-2903304286031777205.dir/webapp/,AVAILABLE}{/hddsDatanode}
2019-10-02 05:48:07,448 [main] INFO  server.AbstractConnector (AbstractConnector.java:doStart(278)) - Started ServerConnector@524270b8{HTTP/1.1,[http/1.1]}{0.0.0.0:38803}
2019-10-02 05:48:07,449 [main] INFO  server.Server (Server.java:doStart(419)) - Started @5527ms
2019-10-02 05:48:07,449 [main] WARN  impl.MetricsSystemImpl (MetricsSystemImpl.java:register(276)) - Sink prometheus already exists!
2019-10-02 05:48:07,450 [main] INFO  server.BaseHttpServer (BaseHttpServer.java:updateConnectorAddress(215)) - HTTP server of HDDSDATANODE is listening at http://0.0.0.0:38803
2019-10-02 05:48:07,450 [main] INFO  impl.MetricsSystemImpl (MetricsSystemImpl.java:init(158)) - HddsDatanode metrics system started (again)
2019-10-02 05:48:07,453 [org.apache.hadoop.util.JvmPauseMonitor$Monitor@6bb4acf5] INFO  util.JvmPauseMonitor (JvmPauseMonitor.java:run(188)) - Starting JVM pause monitor
2019-10-02 05:48:07,453 [main] INFO  ozone.HddsDatanodeService (HddsDatanodeService.java:start(184)) - HddsDatanodeService host:pr-trunk-p5fv4-2201032288 ip:192.168.164.250
2019-10-02 05:48:07,457 [Datanode State Machine Thread - 0] INFO  datanode.InitDatanodeState (InitDatanodeState.java:persistContainerDatanodeDetails(140)) - DatanodeDetails is persisted to /workdir/hadoop-ozone/integration-test/target/test-dir/MiniOzoneClusterImpl-96702981-7b9c-49f5-b2c8-8280b9e400ec/datanode-5/meta/datanode.id
2019-10-02 05:48:07,460 [main] INFO  volume.HddsVolume (HddsVolume.java:<init>(176)) - Creating Volume: /workdir/hadoop-ozone/integration-test/target/test-dir/MiniOzoneClusterImpl-96702981-7b9c-49f5-b2c8-8280b9e400ec/datanode-6/data/containers/hdds of  storage type : DISK and capacity : 1482555576320
2019-10-02 05:48:07,460 [main] INFO  volume.VolumeSet (VolumeSet.java:initializeVolumeSet(170)) - Added Volume : /workdir/hadoop-ozone/integration-test/target/test-dir/MiniOzoneClusterImpl-96702981-7b9c-49f5-b2c8-8280b9e400ec/datanode-6/data/containers/hdds to VolumeSet
2019-10-02 05:48:07,461 [main] INFO  volume.ThrottledAsyncChecker (ThrottledAsyncChecker.java:schedule(139)) - Scheduling a check for org.apache.hadoop.ozone.container.common.volume.HddsVolume@623ebac7
2019-10-02 05:48:07,461 [main] INFO  volume.HddsVolumeChecker (HddsVolumeChecker.java:checkAllVolumes(202)) - Scheduled health check for volume org.apache.hadoop.ozone.container.common.volume.HddsVolume@623ebac7
2019-10-02 05:48:07,473 [main] INFO  impl.RaftServerProxy (ConfUtils.java:logGet(43)) - raft.rpc.type = GRPC (default)
2019-10-02 05:48:07,474 [main] INFO  grpc.GrpcFactory (GrpcFactory.java:checkPooledByteBufAllocatorUseCacheForAllThreads(45)) - PERFORMANCE WARNING: useCacheForAllThreads is true that may cause Netty to create a lot garbage objects and, as a result, trigger GC.
	It is recommended to disable useCacheForAllThreads by setting -Dorg.apache.ratis.thirdparty.io.netty.allocator.useCacheForAllThreads=false in command line.
2019-10-02 05:48:07,474 [main] INFO  grpc.GrpcConfigKeys$Server (ConfUtils.java:logGet(43)) - raft.grpc.server.port = 0 (default)
2019-10-02 05:48:07,474 [main] INFO  server.GrpcService (ConfUtils.java:logGet(43)) - raft.grpc.message.size.max = 33570816 (custom)
2019-10-02 05:48:07,474 [main] INFO  server.RaftServerConfigKeys (ConfUtils.java:logGet(43)) - raft.server.log.appender.buffer.byte-limit = 33554432 (custom)
2019-10-02 05:48:07,475 [main] INFO  server.GrpcService (ConfUtils.java:logGet(43)) - raft.grpc.flow.control.window = 1MB (=1048576) (default)
2019-10-02 05:48:07,475 [main] INFO  server.RaftServerConfigKeys (ConfUtils.java:logGet(43)) - raft.server.rpc.request.timeout = 3000ms (default)
2019-10-02 05:48:07,475 [main] INFO  server.RaftServerConfigKeys (ConfUtils.java:logGet(43)) - raft.server.storage.dir = [/workdir/hadoop-ozone/integration-test/target/test-dir/MiniOzoneClusterImpl-96702981-7b9c-49f5-b2c8-8280b9e400ec/datanode-6/data/ratis] (custom)
2019-10-02 05:48:07,478 [main] INFO  hdfs.DFSUtil (DFSUtil.java:httpServerTemplateForNNAndJN(1641)) - Starting Web-server for hddsDatanode at: http://0.0.0.0:0
2019-10-02 05:48:07,480 [main] INFO  server.AuthenticationFilter (AuthenticationFilter.java:constructSecretProvider(240)) - Unable to initialize FileSignerSecretProvider, falling back to use random secrets.
2019-10-02 05:48:07,481 [main] WARN  http.HttpRequestLog (HttpRequestLog.java:getRequestLog(97)) - Jetty request log can only be enabled using Log4j
2019-10-02 05:48:07,484 [main] INFO  http.HttpServer2 (HttpServer2.java:addGlobalFilter(975)) - Added global filter 'safety' (class=org.apache.hadoop.http.HttpServer2$QuotingInputFilter)
2019-10-02 05:48:07,486 [main] INFO  http.HttpServer2 (HttpServer2.java:addFilter(948)) - Added filter static_user_filter (class=org.apache.hadoop.http.lib.StaticUserWebFilter$StaticUserFilter) to context hddsDatanode
2019-10-02 05:48:07,486 [main] INFO  http.HttpServer2 (HttpServer2.java:addFilter(958)) - Added filter static_user_filter (class=org.apache.hadoop.http.lib.StaticUserWebFilter$StaticUserFilter) to context logs
2019-10-02 05:48:07,488 [main] INFO  http.HttpServer2 (HttpServer2.java:addFilter(958)) - Added filter static_user_filter (class=org.apache.hadoop.http.lib.StaticUserWebFilter$StaticUserFilter) to context static
2019-10-02 05:48:07,489 [main] INFO  http.HttpServer2 (HttpServer2.java:bindListener(1191)) - Jetty bound to port 45295
2019-10-02 05:48:07,489 [main] INFO  server.Server (Server.java:doStart(351)) - jetty-9.3.25.v20180904, build timestamp: 2018-09-04T21:11:46Z, git hash: 3ce520221d0240229c862b122d2b06c12a625732
2019-10-02 05:48:07,492 [main] INFO  handler.ContextHandler (ContextHandler.java:doStart(781)) - Started o.e.j.s.ServletContextHandler@885e7ff{/logs,file:///workdir/hadoop-ozone/integration-test/target/log,AVAILABLE}
2019-10-02 05:48:07,493 [main] INFO  handler.ContextHandler (ContextHandler.java:doStart(781)) - Started o.e.j.s.ServletContextHandler@4fa9ab6{/static,jar:file:/home/user/.m2/repository/org/apache/hadoop/hadoop-hdds-container-service/0.5.0-SNAPSHOT/hadoop-hdds-container-service-0.5.0-SNAPSHOT.jar!/webapps/static,AVAILABLE}
2019-10-02 05:48:07,547 [main] INFO  handler.ContextHandler (ContextHandler.java:doStart(781)) - Started o.e.j.w.WebAppContext@512d6e60{/,file:///tmp/jetty-0.0.0.0-45295-hddsDatanode-_-any-2777085475225387965.dir/webapp/,AVAILABLE}{/hddsDatanode}
2019-10-02 05:48:07,549 [main] INFO  server.AbstractConnector (AbstractConnector.java:doStart(278)) - Started ServerConnector@1de9b505{HTTP/1.1,[http/1.1]}{0.0.0.0:45295}
2019-10-02 05:48:07,549 [main] INFO  server.Server (Server.java:doStart(419)) - Started @5627ms
2019-10-02 05:48:07,550 [main] WARN  impl.MetricsSystemImpl (MetricsSystemImpl.java:register(276)) - Sink prometheus already exists!
2019-10-02 05:48:07,551 [main] INFO  server.BaseHttpServer (BaseHttpServer.java:updateConnectorAddress(215)) - HTTP server of HDDSDATANODE is listening at http://0.0.0.0:45295
2019-10-02 05:48:07,554 [main] INFO  ozone.MiniOzoneClusterImpl (MiniOzoneClusterImpl.java:lambda$waitForClusterToBeReady$0(147)) - Waiting for cluster to be ready. Got 0 of 7 DN Heartbeats.
2019-10-02 05:48:07,554 [org.apache.hadoop.util.JvmPauseMonitor$Monitor@48201aa6] INFO  util.JvmPauseMonitor (JvmPauseMonitor.java:run(188)) - Starting JVM pause monitor
2019-10-02 05:48:07,558 [Datanode State Machine Thread - 0] INFO  datanode.InitDatanodeState (InitDatanodeState.java:persistContainerDatanodeDetails(140)) - DatanodeDetails is persisted to /workdir/hadoop-ozone/integration-test/target/test-dir/MiniOzoneClusterImpl-96702981-7b9c-49f5-b2c8-8280b9e400ec/datanode-6/meta/datanode.id
2019-10-02 05:48:08,554 [main] INFO  ozone.MiniOzoneClusterImpl (MiniOzoneClusterImpl.java:lambda$waitForClusterToBeReady$0(147)) - Waiting for cluster to be ready. Got 0 of 7 DN Heartbeats.
2019-10-02 05:48:09,079 [Datanode State Machine Thread - 0] INFO  ozoneimpl.OzoneContainer (OzoneContainer.java:start(217)) - Attempting to start container services.
2019-10-02 05:48:09,082 [Datanode State Machine Thread - 0] INFO  ozoneimpl.OzoneContainer (OzoneContainer.java:startContainerScrub(179)) - Background container scanner has been disabled.
2019-10-02 05:48:09,082 [Datanode State Machine Thread - 0] INFO  ratis.XceiverServerRatis (XceiverServerRatis.java:start(417)) - Starting XceiverServerRatis a7e49ec6-0391-473f-af1f-b7ebe60d9c8d at port 0
2019-10-02 05:48:09,102 [Datanode State Machine Thread - 0] INFO  impl.RaftServerProxy (RaftServerProxy.java:lambda$start$3(299)) - a7e49ec6-0391-473f-af1f-b7ebe60d9c8d: start RPC server
2019-10-02 05:48:09,152 [Datanode State Machine Thread - 0] INFO  ozoneimpl.OzoneContainer (OzoneContainer.java:start(217)) - Attempting to start container services.
2019-10-02 05:48:09,158 [Datanode State Machine Thread - 0] INFO  ozoneimpl.OzoneContainer (OzoneContainer.java:startContainerScrub(179)) - Background container scanner has been disabled.
2019-10-02 05:48:09,158 [Datanode State Machine Thread - 0] INFO  ratis.XceiverServerRatis (XceiverServerRatis.java:start(417)) - Starting XceiverServerRatis d31a379a-b462-4e23-84c2-f59667e5dc0b at port 0
2019-10-02 05:48:09,164 [Datanode State Machine Thread - 0] INFO  impl.RaftServerProxy (RaftServerProxy.java:lambda$start$3(299)) - d31a379a-b462-4e23-84c2-f59667e5dc0b: start RPC server
2019-10-02 05:48:09,230 [Datanode State Machine Thread - 0] INFO  server.GrpcService (GrpcService.java:startImpl(158)) - a7e49ec6-0391-473f-af1f-b7ebe60d9c8d: GrpcService started, listening on 0.0.0.0/0.0.0.0:41993
2019-10-02 05:48:09,230 [Datanode State Machine Thread - 0] INFO  server.GrpcService (GrpcService.java:startImpl(158)) - d31a379a-b462-4e23-84c2-f59667e5dc0b: GrpcService started, listening on 0.0.0.0/0.0.0.0:33498
2019-10-02 05:48:09,231 [Datanode State Machine Thread - 0] INFO  ratis.XceiverServerRatis (XceiverServerRatis.java:start(427)) - XceiverServerRatis a7e49ec6-0391-473f-af1f-b7ebe60d9c8d is started using port 41993
2019-10-02 05:48:09,231 [Datanode State Machine Thread - 0] INFO  ratis.XceiverServerRatis (XceiverServerRatis.java:start(427)) - XceiverServerRatis d31a379a-b462-4e23-84c2-f59667e5dc0b is started using port 33498
2019-10-02 05:48:09,235 [Datanode State Machine Thread - 0] INFO  server.XceiverServerGrpc (XceiverServerGrpc.java:start(149)) - XceiverServerGrpc a7e49ec6-0391-473f-af1f-b7ebe60d9c8d is started using port 39400
2019-10-02 05:48:09,235 [Datanode State Machine Thread - 0] INFO  server.XceiverServerGrpc (XceiverServerGrpc.java:start(149)) - XceiverServerGrpc d31a379a-b462-4e23-84c2-f59667e5dc0b is started using port 37159
2019-10-02 05:48:09,247 [Datanode State Machine Thread - 0] INFO  ozoneimpl.OzoneContainer (OzoneContainer.java:start(217)) - Attempting to start container services.
2019-10-02 05:48:09,251 [Datanode State Machine Thread - 0] INFO  ozoneimpl.OzoneContainer (OzoneContainer.java:startContainerScrub(179)) - Background container scanner has been disabled.
2019-10-02 05:48:09,251 [Datanode State Machine Thread - 0] INFO  ratis.XceiverServerRatis (XceiverServerRatis.java:start(417)) - Starting XceiverServerRatis abe57f94-e75c-4edc-b3a9-58e47daaf051 at port 0
2019-10-02 05:48:09,257 [Datanode State Machine Thread - 0] INFO  impl.RaftServerProxy (RaftServerProxy.java:lambda$start$3(299)) - abe57f94-e75c-4edc-b3a9-58e47daaf051: start RPC server
2019-10-02 05:48:09,258 [Datanode State Machine Thread - 0] INFO  server.GrpcService (GrpcService.java:startImpl(158)) - abe57f94-e75c-4edc-b3a9-58e47daaf051: GrpcService started, listening on 0.0.0.0/0.0.0.0:36875
2019-10-02 05:48:09,259 [Datanode State Machine Thread - 0] INFO  ratis.XceiverServerRatis (XceiverServerRatis.java:start(427)) - XceiverServerRatis abe57f94-e75c-4edc-b3a9-58e47daaf051 is started using port 36875
2019-10-02 05:48:09,260 [Datanode State Machine Thread - 0] INFO  server.XceiverServerGrpc (XceiverServerGrpc.java:start(149)) - XceiverServerGrpc abe57f94-e75c-4edc-b3a9-58e47daaf051 is started using port 40334
2019-10-02 05:48:09,322 [Datanode State Machine Thread - 0] INFO  ozoneimpl.OzoneContainer (OzoneContainer.java:start(217)) - Attempting to start container services.
2019-10-02 05:48:09,323 [Datanode State Machine Thread - 0] INFO  ozoneimpl.OzoneContainer (OzoneContainer.java:startContainerScrub(179)) - Background container scanner has been disabled.
2019-10-02 05:48:09,323 [Datanode State Machine Thread - 0] INFO  ratis.XceiverServerRatis (XceiverServerRatis.java:start(417)) - Starting XceiverServerRatis 13d2ee1c-0738-43ab-a5ad-515c50b1fbae at port 0
2019-10-02 05:48:09,330 [Datanode State Machine Thread - 0] INFO  impl.RaftServerProxy (RaftServerProxy.java:lambda$start$3(299)) - 13d2ee1c-0738-43ab-a5ad-515c50b1fbae: start RPC server
2019-10-02 05:48:09,334 [Datanode State Machine Thread - 0] INFO  server.GrpcService (GrpcService.java:startImpl(158)) - 13d2ee1c-0738-43ab-a5ad-515c50b1fbae: GrpcService started, listening on 0.0.0.0/0.0.0.0:33826
2019-10-02 05:48:09,334 [Datanode State Machine Thread - 0] INFO  ratis.XceiverServerRatis (XceiverServerRatis.java:start(427)) - XceiverServerRatis 13d2ee1c-0738-43ab-a5ad-515c50b1fbae is started using port 33826
2019-10-02 05:48:09,336 [Datanode State Machine Thread - 0] INFO  server.XceiverServerGrpc (XceiverServerGrpc.java:start(149)) - XceiverServerGrpc 13d2ee1c-0738-43ab-a5ad-515c50b1fbae is started using port 40442
2019-10-02 05:48:09,417 [Datanode State Machine Thread - 0] INFO  ozoneimpl.OzoneContainer (OzoneContainer.java:start(217)) - Attempting to start container services.
2019-10-02 05:48:09,417 [Datanode State Machine Thread - 0] INFO  ozoneimpl.OzoneContainer (OzoneContainer.java:startContainerScrub(179)) - Background container scanner has been disabled.
2019-10-02 05:48:09,417 [Datanode State Machine Thread - 0] INFO  ratis.XceiverServerRatis (XceiverServerRatis.java:start(417)) - Starting XceiverServerRatis 8b099941-e94c-4d44-b111-fee9636cc34f at port 0
2019-10-02 05:48:09,425 [Datanode State Machine Thread - 0] INFO  impl.RaftServerProxy (RaftServerProxy.java:lambda$start$3(299)) - 8b099941-e94c-4d44-b111-fee9636cc34f: start RPC server
2019-10-02 05:48:09,429 [Datanode State Machine Thread - 0] INFO  server.GrpcService (GrpcService.java:startImpl(158)) - 8b099941-e94c-4d44-b111-fee9636cc34f: GrpcService started, listening on 0.0.0.0/0.0.0.0:43588
2019-10-02 05:48:09,429 [Datanode State Machine Thread - 0] INFO  ratis.XceiverServerRatis (XceiverServerRatis.java:start(427)) - XceiverServerRatis 8b099941-e94c-4d44-b111-fee9636cc34f is started using port 43588
2019-10-02 05:48:09,432 [Datanode State Machine Thread - 0] INFO  server.XceiverServerGrpc (XceiverServerGrpc.java:start(149)) - XceiverServerGrpc 8b099941-e94c-4d44-b111-fee9636cc34f is started using port 35056
2019-10-02 05:48:09,471 [Datanode State Machine Thread - 0] INFO  ozoneimpl.OzoneContainer (OzoneContainer.java:start(217)) - Attempting to start container services.
2019-10-02 05:48:09,471 [Datanode State Machine Thread - 0] INFO  ozoneimpl.OzoneContainer (OzoneContainer.java:startContainerScrub(179)) - Background container scanner has been disabled.
2019-10-02 05:48:09,471 [Datanode State Machine Thread - 0] INFO  ratis.XceiverServerRatis (XceiverServerRatis.java:start(417)) - Starting XceiverServerRatis 440b2d92-0317-41e4-b6a8-f5ef9f70ba68 at port 0
2019-10-02 05:48:09,479 [Datanode State Machine Thread - 0] INFO  impl.RaftServerProxy (RaftServerProxy.java:lambda$start$3(299)) - 440b2d92-0317-41e4-b6a8-f5ef9f70ba68: start RPC server
2019-10-02 05:48:09,483 [Datanode State Machine Thread - 0] INFO  server.GrpcService (GrpcService.java:startImpl(158)) - 440b2d92-0317-41e4-b6a8-f5ef9f70ba68: GrpcService started, listening on 0.0.0.0/0.0.0.0:38969
2019-10-02 05:48:09,483 [Datanode State Machine Thread - 0] INFO  ratis.XceiverServerRatis (XceiverServerRatis.java:start(427)) - XceiverServerRatis 440b2d92-0317-41e4-b6a8-f5ef9f70ba68 is started using port 38969
2019-10-02 05:48:09,487 [Datanode State Machine Thread - 0] INFO  server.XceiverServerGrpc (XceiverServerGrpc.java:start(149)) - XceiverServerGrpc 440b2d92-0317-41e4-b6a8-f5ef9f70ba68 is started using port 40831
2019-10-02 05:48:09,556 [main] INFO  ozone.MiniOzoneClusterImpl (MiniOzoneClusterImpl.java:lambda$waitForClusterToBeReady$0(147)) - Waiting for cluster to be ready. Got 0 of 7 DN Heartbeats.
2019-10-02 05:48:09,729 [Datanode State Machine Thread - 0] INFO  ozoneimpl.OzoneContainer (OzoneContainer.java:start(217)) - Attempting to start container services.
2019-10-02 05:48:09,729 [Datanode State Machine Thread - 0] INFO  ozoneimpl.OzoneContainer (OzoneContainer.java:startContainerScrub(179)) - Background container scanner has been disabled.
2019-10-02 05:48:09,730 [Datanode State Machine Thread - 0] INFO  ratis.XceiverServerRatis (XceiverServerRatis.java:start(417)) - Starting XceiverServerRatis 29c666d7-68ed-416e-882d-1b8a6d4bc125 at port 0
2019-10-02 05:48:09,739 [Datanode State Machine Thread - 0] INFO  impl.RaftServerProxy (RaftServerProxy.java:lambda$start$3(299)) - 29c666d7-68ed-416e-882d-1b8a6d4bc125: start RPC server
2019-10-02 05:48:09,743 [Datanode State Machine Thread - 0] INFO  server.GrpcService (GrpcService.java:startImpl(158)) - 29c666d7-68ed-416e-882d-1b8a6d4bc125: GrpcService started, listening on 0.0.0.0/0.0.0.0:35739
2019-10-02 05:48:09,743 [Datanode State Machine Thread - 0] INFO  ratis.XceiverServerRatis (XceiverServerRatis.java:start(427)) - XceiverServerRatis 29c666d7-68ed-416e-882d-1b8a6d4bc125 is started using port 35739
2019-10-02 05:48:09,747 [Datanode State Machine Thread - 0] INFO  server.XceiverServerGrpc (XceiverServerGrpc.java:start(149)) - XceiverServerGrpc 29c666d7-68ed-416e-882d-1b8a6d4bc125 is started using port 35178
2019-10-02 05:48:10,557 [main] INFO  ozone.MiniOzoneClusterImpl (MiniOzoneClusterImpl.java:lambda$waitForClusterToBeReady$0(147)) - Waiting for cluster to be ready. Got 0 of 7 DN Heartbeats.
2019-10-02 05:48:11,058 [IPC Server handler 0 on 44991] INFO  net.NetworkTopology (NetworkTopologyImpl.java:add(111)) - Added a new node: /default-rack/a7e49ec6-0391-473f-af1f-b7ebe60d9c8d
2019-10-02 05:48:11,059 [IPC Server handler 0 on 44991] INFO  node.SCMNodeManager (SCMNodeManager.java:register(266)) - Registered Data node : a7e49ec6-0391-473f-af1f-b7ebe60d9c8d{ip: 192.168.164.250, host: pr-trunk-p5fv4-2201032288, networkLocation: /default-rack, certSerialId: null}
2019-10-02 05:48:11,065 [EventQueue-NodeRegistrationContainerReportForDataNodeSafeModeRule] INFO  safemode.SCMSafeModeManager (DataNodeSafeModeRule.java:process(71)) - SCM in safe mode. 1 DataNodes registered, 1 required.
2019-10-02 05:48:11,066 [EventQueue-NodeRegistrationContainerReportForDataNodeSafeModeRule] INFO  safemode.SCMSafeModeManager (SCMSafeModeManager.java:validateSafeModeExitRules(177)) - ScmSafeModeManager, all rules are successfully validated
2019-10-02 05:48:11,066 [EventQueue-NodeRegistrationContainerReportForDataNodeSafeModeRule] INFO  safemode.SCMSafeModeManager (SCMSafeModeManager.java:exitSafeMode(193)) - SCM exiting safe mode.
2019-10-02 05:48:11,139 [IPC Server handler 2 on 44991] INFO  net.NetworkTopology (NetworkTopologyImpl.java:add(111)) - Added a new node: /default-rack/d31a379a-b462-4e23-84c2-f59667e5dc0b
2019-10-02 05:48:11,139 [IPC Server handler 2 on 44991] INFO  node.SCMNodeManager (SCMNodeManager.java:register(266)) - Registered Data node : d31a379a-b462-4e23-84c2-f59667e5dc0b{ip: 192.168.164.250, host: pr-trunk-p5fv4-2201032288, networkLocation: /default-rack, certSerialId: null}
2019-10-02 05:48:11,232 [IPC Server handler 3 on 44991] INFO  net.NetworkTopology (NetworkTopologyImpl.java:add(111)) - Added a new node: /default-rack/abe57f94-e75c-4edc-b3a9-58e47daaf051
2019-10-02 05:48:11,232 [IPC Server handler 3 on 44991] INFO  node.SCMNodeManager (SCMNodeManager.java:register(266)) - Registered Data node : abe57f94-e75c-4edc-b3a9-58e47daaf051{ip: 192.168.164.250, host: pr-trunk-p5fv4-2201032288, networkLocation: /default-rack, certSerialId: null}
2019-10-02 05:48:11,310 [IPC Server handler 4 on 44991] INFO  net.NetworkTopology (NetworkTopologyImpl.java:add(111)) - Added a new node: /default-rack/13d2ee1c-0738-43ab-a5ad-515c50b1fbae
2019-10-02 05:48:11,310 [IPC Server handler 4 on 44991] INFO  node.SCMNodeManager (SCMNodeManager.java:register(266)) - Registered Data node : 13d2ee1c-0738-43ab-a5ad-515c50b1fbae{ip: 192.168.164.250, host: pr-trunk-p5fv4-2201032288, networkLocation: /default-rack, certSerialId: null}
2019-10-02 05:48:11,386 [IPC Server handler 5 on 44991] INFO  net.NetworkTopology (NetworkTopologyImpl.java:add(111)) - Added a new node: /default-rack/8b099941-e94c-4d44-b111-fee9636cc34f
2019-10-02 05:48:11,387 [IPC Server handler 5 on 44991] INFO  node.SCMNodeManager (SCMNodeManager.java:register(266)) - Registered Data node : 8b099941-e94c-4d44-b111-fee9636cc34f{ip: 192.168.164.250, host: pr-trunk-p5fv4-2201032288, networkLocation: /default-rack, certSerialId: null}
2019-10-02 05:48:11,458 [IPC Server handler 6 on 44991] INFO  net.NetworkTopology (NetworkTopologyImpl.java:add(111)) - Added a new node: /default-rack/440b2d92-0317-41e4-b6a8-f5ef9f70ba68
2019-10-02 05:48:11,458 [IPC Server handler 6 on 44991] INFO  node.SCMNodeManager (SCMNodeManager.java:register(266)) - Registered Data node : 440b2d92-0317-41e4-b6a8-f5ef9f70ba68{ip: 192.168.164.250, host: pr-trunk-p5fv4-2201032288, networkLocation: /default-rack, certSerialId: null}
2019-10-02 05:48:11,557 [IPC Server handler 7 on 44991] INFO  net.NetworkTopology (NetworkTopologyImpl.java:add(111)) - Added a new node: /default-rack/29c666d7-68ed-416e-882d-1b8a6d4bc125
2019-10-02 05:48:11,557 [main] INFO  ozone.MiniOzoneClusterImpl (MiniOzoneClusterImpl.java:lambda$waitForClusterToBeReady$0(147)) - Cluster is ready. Got 7 of 7 DN Heartbeats.
2019-10-02 05:48:11,558 [IPC Server handler 7 on 44991] INFO  node.SCMNodeManager (SCMNodeManager.java:register(266)) - Registered Data node : 29c666d7-68ed-416e-882d-1b8a6d4bc125{ip: 192.168.164.250, host: pr-trunk-p5fv4-2201032288, networkLocation: /default-rack, certSerialId: null}
2019-10-02 05:48:11,678 [grpc-default-executor-0] INFO  impl.RaftServerProxy (RaftServerProxy.java:addNew(89)) - a7e49ec6-0391-473f-af1f-b7ebe60d9c8d: addNew group-2B9C2FA25DC7:[a7e49ec6-0391-473f-af1f-b7ebe60d9c8d:192.168.164.250:41993] returns group-2B9C2FA25DC7:java.util.concurrent.CompletableFuture@7fed99d2[Not completed]
2019-10-02 05:48:11,700 [pool-27-thread-1] INFO  impl.RaftServerImpl (RaftServerImpl.java:<init>(95)) - a7e49ec6-0391-473f-af1f-b7ebe60d9c8d: new RaftServerImpl for group-2B9C2FA25DC7:[a7e49ec6-0391-473f-af1f-b7ebe60d9c8d:192.168.164.250:41993] with ContainerStateMachine:uninitialized
2019-10-02 05:48:11,702 [pool-27-thread-1] INFO  server.RaftServerConfigKeys (ConfUtils.java:logGet(43)) - raft.server.rpc.timeout.min = 5s (custom)
2019-10-02 05:48:11,704 [pool-27-thread-1] INFO  server.RaftServerConfigKeys (ConfUtils.java:logGet(43)) - raft.server.rpc.timeout.max = 5200ms (custom)
2019-10-02 05:48:11,704 [pool-27-thread-1] INFO  server.RaftServerConfigKeys (ConfUtils.java:logGet(43)) - raft.server.rpcslowness.timeout = 120s (custom)
2019-10-02 05:48:11,704 [pool-27-thread-1] INFO  server.RaftServerConfigKeys (ConfUtils.java:logGet(43)) - raft.server.sleep.deviation.threshold = 300 (default)
2019-10-02 05:48:11,705 [pool-27-thread-1] INFO  server.RaftServerConfigKeys (ConfUtils.java:logGet(43)) - raft.server.log.appender.install.snapshot.enabled = false (custom)
2019-10-02 05:48:11,716 [pool-27-thread-1] INFO  impl.RaftServerImpl (ServerState.java:<init>(103)) - a7e49ec6-0391-473f-af1f-b7ebe60d9c8d@group-2B9C2FA25DC7: ConfigurationManager, init=-1: [a7e49ec6-0391-473f-af1f-b7ebe60d9c8d:192.168.164.250:41993], old=null, confs=<EMPTY_MAP>
2019-10-02 05:48:11,716 [pool-27-thread-1] INFO  server.RaftServerConfigKeys (ConfUtils.java:logGet(43)) - raft.server.storage.dir = [/workdir/hadoop-ozone/integration-test/target/test-dir/MiniOzoneClusterImpl-96702981-7b9c-49f5-b2c8-8280b9e400ec/datanode-0/data/ratis] (custom)
2019-10-02 05:48:11,724 [pool-27-thread-1] INFO  server.RaftServerConfigKeys (ConfUtils.java:logGet(43)) - raft.server.log.corruption.policy = EXCEPTION (default)
2019-10-02 05:48:11,727 [pool-27-thread-1] INFO  storage.RaftStorageDirectory (RaftStorageDirectory.java:analyzeStorage(246)) - The storage directory /workdir/hadoop-ozone/integration-test/target/test-dir/MiniOzoneClusterImpl-96702981-7b9c-49f5-b2c8-8280b9e400ec/datanode-0/data/ratis/4b8c5ce7-2725-4aec-87d2-2b9c2fa25dc7 does not exist. Creating ...
2019-10-02 05:48:11,745 [pool-27-thread-1] INFO  storage.RaftStorageDirectory (RaftStorageDirectory.java:tryLock(328)) - Lock on /workdir/hadoop-ozone/integration-test/target/test-dir/MiniOzoneClusterImpl-96702981-7b9c-49f5-b2c8-8280b9e400ec/datanode-0/data/ratis/4b8c5ce7-2725-4aec-87d2-2b9c2fa25dc7/in_use.lock acquired by nodename 32484@pr-trunk-p5fv4-2201032288
2019-10-02 05:48:11,761 [pool-27-thread-1] INFO  storage.RaftStorage (RaftStorage.java:format(84)) - Storage directory /workdir/hadoop-ozone/integration-test/target/test-dir/MiniOzoneClusterImpl-96702981-7b9c-49f5-b2c8-8280b9e400ec/datanode-0/data/ratis/4b8c5ce7-2725-4aec-87d2-2b9c2fa25dc7 has been successfully formatted.
2019-10-02 05:48:11,764 [pool-27-thread-1] INFO  ratis.ContainerStateMachine (ContainerStateMachine.java:loadSnapshot(231)) - group-2B9C2FA25DC7: The snapshot info is null. Setting the last applied indexto:(t:0, i:~)
2019-10-02 05:48:11,764 [pool-27-thread-1] INFO  server.RaftServerConfigKeys (ConfUtils.java:logGet(43)) - raft.server.notification.no-leader.timeout = 120s (custom)
2019-10-02 05:48:11,772 [pool-27-thread-1] INFO  server.RaftServerConfigKeys (ConfUtils.java:logGet(43)) - raft.server.log.use.memory = false (default)
2019-10-02 05:48:11,779 [pool-27-thread-1] INFO  server.RaftServerConfigKeys (ConfUtils.java:logGet(43)) - raft.server.log.purge.gap = 1000000 (custom)
2019-10-02 05:48:11,779 [pool-27-thread-1] INFO  server.RaftServerConfigKeys (ConfUtils.java:logGet(43)) - raft.server.log.appender.buffer.byte-limit = 33554432 (custom)
2019-10-02 05:48:11,781 [pool-27-thread-1] INFO  server.RaftServerConfigKeys (ConfUtils.java:logGet(43)) - raft.server.log.segment.size.max = 1048576 (custom)
2019-10-02 05:48:11,783 [pool-27-thread-1] INFO  impl.MetricsSystemImpl (MetricsSystemImpl.java:init(158)) - ratis metrics system started (again)
2019-10-02 05:48:11,787 [pool-27-thread-1] INFO  metrics.MetricRegistries (MetricRegistriesLoader.java:load(64)) - Loaded MetricRegistries class org.apache.ratis.metrics.impl.MetricRegistriesImpl
2019-10-02 05:48:11,825 [pool-27-thread-1] INFO  server.RaftServerConfigKeys (ConfUtils.java:logGet(43)) - raft.server.log.segment.cache.num.max = 2 (custom)
2019-10-02 05:48:11,832 [pool-27-thread-1] INFO  segmented.SegmentedRaftLogWorker (SegmentedRaftLogWorker.java:<init>(173)) - new a7e49ec6-0391-473f-af1f-b7ebe60d9c8d@group-2B9C2FA25DC7-SegmentedRaftLogWorker for RaftStorage:Storage Directory /workdir/hadoop-ozone/integration-test/target/test-dir/MiniOzoneClusterImpl-96702981-7b9c-49f5-b2c8-8280b9e400ec/datanode-0/data/ratis/4b8c5ce7-2725-4aec-87d2-2b9c2fa25dc7
2019-10-02 05:48:11,832 [pool-27-thread-1] INFO  server.RaftServerConfigKeys (ConfUtils.java:logGet(43)) - raft.server.log.queue.byte-limit = 2147483647 (custom)
2019-10-02 05:48:11,833 [pool-27-thread-1] INFO  server.RaftServerConfigKeys (ConfUtils.java:logGet(43)) - raft.server.log.queue.element-limit = 1024 (custom)
2019-10-02 05:48:11,835 [pool-27-thread-1] INFO  server.RaftServerConfigKeys (ConfUtils.java:logGet(43)) - raft.server.log.segment.size.max = 1048576 (custom)
2019-10-02 05:48:11,835 [pool-27-thread-1] INFO  server.RaftServerConfigKeys (ConfUtils.java:logGet(43)) - raft.server.log.preallocated.size = 16384 (custom)
2019-10-02 05:48:11,836 [pool-27-thread-1] INFO  server.RaftServerConfigKeys (ConfUtils.java:logGet(43)) - raft.server.log.write.buffer.size = 33554432 (custom)
2019-10-02 05:48:11,836 [pool-27-thread-1] INFO  server.RaftServerConfigKeys (ConfUtils.java:logGet(43)) - raft.server.log.force.sync.num = 128 (default)
2019-10-02 05:48:11,837 [pool-27-thread-1] INFO  server.RaftServerConfigKeys (ConfUtils.java:logGet(43)) - raft.server.log.statemachine.data.sync = true (default)
2019-10-02 05:48:11,838 [pool-27-thread-1] INFO  server.RaftServerConfigKeys (ConfUtils.java:logGet(43)) - raft.server.log.statemachine.data.sync.timeout = 10s (default)
2019-10-02 05:48:11,838 [pool-27-thread-1] INFO  server.RaftServerConfigKeys (ConfUtils.java:logGet(43)) - raft.server.log.statemachine.data.sync.timeout.retry = -1 (default)
2019-10-02 05:48:11,850 [pool-27-thread-1] INFO  server.RaftServerConfigKeys (ConfUtils.java:logGet(43)) - raft.server.log.statemachine.data.caching.enabled = true (custom)
2019-10-02 05:48:11,854 [pool-27-thread-1] INFO  segmented.SegmentedRaftLogWorker (SegmentedRaftLogWorker.java:lambda$new$0(128)) - a7e49ec6-0391-473f-af1f-b7ebe60d9c8d@group-2B9C2FA25DC7-SegmentedRaftLogWorker: flushIndex: setUnconditionally 0 -> -1
2019-10-02 05:48:11,858 [pool-27-thread-1] INFO  server.RaftServerConfigKeys (ConfUtils.java:logGet(43)) - raft.server.snapshot.auto.trigger.enabled = true (custom)
2019-10-02 05:48:11,859 [pool-27-thread-1] INFO  server.RaftServerConfigKeys (ConfUtils.java:logGet(43)) - raft.server.snapshot.auto.trigger.threshold = 10000 (custom)
2019-10-02 05:48:11,860 [pool-27-thread-1] INFO  server.RaftServerConfigKeys (ConfUtils.java:logGet(43)) - raft.server.snapshot.retention.file.num = 5 (custom)
2019-10-02 05:48:11,860 [pool-27-thread-1] INFO  server.RaftServerConfigKeys (ConfUtils.java:logGet(43)) - raft.server.retrycache.expirytime = 600000ms (custom)
2019-10-02 05:48:11,887 [pool-27-thread-1] INFO  impl.RaftServerImpl (RaftServerImpl.java:start(181)) - a7e49ec6-0391-473f-af1f-b7ebe60d9c8d@group-2B9C2FA25DC7: start as a follower, conf=-1: [a7e49ec6-0391-473f-af1f-b7ebe60d9c8d:192.168.164.250:41993], old=null
2019-10-02 05:48:11,888 [pool-27-thread-1] INFO  impl.RaftServerImpl (RaftServerImpl.java:setRole(170)) - a7e49ec6-0391-473f-af1f-b7ebe60d9c8d@group-2B9C2FA25DC7: changes role from      null to FOLLOWER at term 0 for startAsFollower
2019-10-02 05:48:11,889 [pool-27-thread-1] INFO  impl.RoleInfo (RoleInfo.java:updateAndGet(143)) - a7e49ec6-0391-473f-af1f-b7ebe60d9c8d: start FollowerState
2019-10-02 05:48:11,891 [pool-27-thread-1] INFO  util.JmxRegister (JmxRegister.java:tryRegister(44)) - Successfully registered JMX Bean with object name Ratis:service=RaftServer,group=group-2B9C2FA25DC7,id=a7e49ec6-0391-473f-af1f-b7ebe60d9c8d
2019-10-02 05:48:11,951 [RatisPipelineUtilsThread] INFO  pipeline.PipelineStateManager (PipelineStateManager.java:addPipeline(56)) - Created pipeline Pipeline[ Id: 4b8c5ce7-2725-4aec-87d2-2b9c2fa25dc7, Nodes: a7e49ec6-0391-473f-af1f-b7ebe60d9c8d{ip: 192.168.164.250, host: pr-trunk-p5fv4-2201032288, networkLocation: /default-rack, certSerialId: null}, Type:RATIS, Factor:ONE, State:OPEN]
2019-10-02 05:48:11,991 [grpc-default-executor-0] INFO  impl.RaftServerProxy (RaftServerProxy.java:addNew(89)) - 13d2ee1c-0738-43ab-a5ad-515c50b1fbae: addNew group-A5566A47559B:[13d2ee1c-0738-43ab-a5ad-515c50b1fbae:192.168.164.250:33826] returns group-A5566A47559B:java.util.concurrent.CompletableFuture@68bacf9e[Not completed]
2019-10-02 05:48:12,044 [pool-57-thread-1] INFO  impl.RaftServerImpl (RaftServerImpl.java:<init>(95)) - 13d2ee1c-0738-43ab-a5ad-515c50b1fbae: new RaftServerImpl for group-A5566A47559B:[13d2ee1c-0738-43ab-a5ad-515c50b1fbae:192.168.164.250:33826] with ContainerStateMachine:uninitialized
2019-10-02 05:48:12,045 [pool-57-thread-1] INFO  server.RaftServerConfigKeys (ConfUtils.java:logGet(43)) - raft.server.rpc.timeout.min = 5s (custom)
2019-10-02 05:48:12,046 [pool-57-thread-1] INFO  server.RaftServerConfigKeys (ConfUtils.java:logGet(43)) - raft.server.rpc.timeout.max = 5200ms (custom)
2019-10-02 05:48:12,046 [pool-57-thread-1] INFO  server.RaftServerConfigKeys (ConfUtils.java:logGet(43)) - raft.server.rpcslowness.timeout = 120s (custom)
2019-10-02 05:48:12,046 [pool-57-thread-1] INFO  server.RaftServerConfigKeys (ConfUtils.java:logGet(43)) - raft.server.sleep.deviation.threshold = 300 (default)
2019-10-02 05:48:12,046 [pool-57-thread-1] INFO  server.RaftServerConfigKeys (ConfUtils.java:logGet(43)) - raft.server.log.appender.install.snapshot.enabled = false (custom)
2019-10-02 05:48:12,046 [pool-57-thread-1] INFO  impl.RaftServerImpl (ServerState.java:<init>(103)) - 13d2ee1c-0738-43ab-a5ad-515c50b1fbae@group-A5566A47559B: ConfigurationManager, init=-1: [13d2ee1c-0738-43ab-a5ad-515c50b1fbae:192.168.164.250:33826], old=null, confs=<EMPTY_MAP>
2019-10-02 05:48:12,046 [pool-57-thread-1] INFO  server.RaftServerConfigKeys (ConfUtils.java:logGet(43)) - raft.server.storage.dir = [/workdir/hadoop-ozone/integration-test/target/test-dir/MiniOzoneClusterImpl-96702981-7b9c-49f5-b2c8-8280b9e400ec/datanode-3/data/ratis] (custom)
2019-10-02 05:48:12,047 [pool-57-thread-1] INFO  server.RaftServerConfigKeys (ConfUtils.java:logGet(43)) - raft.server.log.corruption.policy = EXCEPTION (default)
2019-10-02 05:48:12,047 [pool-57-thread-1] INFO  storage.RaftStorageDirectory (RaftStorageDirectory.java:analyzeStorage(246)) - The storage directory /workdir/hadoop-ozone/integration-test/target/test-dir/MiniOzoneClusterImpl-96702981-7b9c-49f5-b2c8-8280b9e400ec/datanode-3/data/ratis/b0bd9ae9-35bd-4e35-a6e0-a5566a47559b does not exist. Creating ...
2019-10-02 05:48:12,070 [pool-57-thread-1] INFO  storage.RaftStorageDirectory (RaftStorageDirectory.java:tryLock(328)) - Lock on /workdir/hadoop-ozone/integration-test/target/test-dir/MiniOzoneClusterImpl-96702981-7b9c-49f5-b2c8-8280b9e400ec/datanode-3/data/ratis/b0bd9ae9-35bd-4e35-a6e0-a5566a47559b/in_use.lock acquired by nodename 32484@pr-trunk-p5fv4-2201032288
2019-10-02 05:48:12,073 [pool-57-thread-1] INFO  storage.RaftStorage (RaftStorage.java:format(84)) - Storage directory /workdir/hadoop-ozone/integration-test/target/test-dir/MiniOzoneClusterImpl-96702981-7b9c-49f5-b2c8-8280b9e400ec/datanode-3/data/ratis/b0bd9ae9-35bd-4e35-a6e0-a5566a47559b has been successfully formatted.
2019-10-02 05:48:12,075 [pool-57-thread-1] INFO  ratis.ContainerStateMachine (ContainerStateMachine.java:loadSnapshot(231)) - group-A5566A47559B: The snapshot info is null. Setting the last applied indexto:(t:0, i:~)
2019-10-02 05:48:12,076 [pool-57-thread-1] INFO  server.RaftServerConfigKeys (ConfUtils.java:logGet(43)) - raft.server.notification.no-leader.timeout = 120s (custom)
2019-10-02 05:48:12,076 [pool-57-thread-1] INFO  server.RaftServerConfigKeys (ConfUtils.java:logGet(43)) - raft.server.log.use.memory = false (default)
2019-10-02 05:48:12,077 [pool-57-thread-1] INFO  server.RaftServerConfigKeys (ConfUtils.java:logGet(43)) - raft.server.log.purge.gap = 1000000 (custom)
2019-10-02 05:48:12,077 [pool-57-thread-1] INFO  server.RaftServerConfigKeys (ConfUtils.java:logGet(43)) - raft.server.log.appender.buffer.byte-limit = 33554432 (custom)
2019-10-02 05:48:12,077 [pool-57-thread-1] INFO  server.RaftServerConfigKeys (ConfUtils.java:logGet(43)) - raft.server.log.segment.size.max = 1048576 (custom)
2019-10-02 05:48:12,081 [pool-57-thread-1] INFO  server.RaftServerConfigKeys (ConfUtils.java:logGet(43)) - raft.server.log.segment.cache.num.max = 2 (custom)
2019-10-02 05:48:12,081 [pool-57-thread-1] INFO  segmented.SegmentedRaftLogWorker (SegmentedRaftLogWorker.java:<init>(173)) - new 13d2ee1c-0738-43ab-a5ad-515c50b1fbae@group-A5566A47559B-SegmentedRaftLogWorker for RaftStorage:Storage Directory /workdir/hadoop-ozone/integration-test/target/test-dir/MiniOzoneClusterImpl-96702981-7b9c-49f5-b2c8-8280b9e400ec/datanode-3/data/ratis/b0bd9ae9-35bd-4e35-a6e0-a5566a47559b
2019-10-02 05:48:12,083 [pool-57-thread-1] INFO  server.RaftServerConfigKeys (ConfUtils.java:logGet(43)) - raft.server.log.queue.byte-limit = 2147483647 (custom)
2019-10-02 05:48:12,083 [pool-57-thread-1] INFO  server.RaftServerConfigKeys (ConfUtils.java:logGet(43)) - raft.server.log.queue.element-limit = 1024 (custom)
2019-10-02 05:48:12,083 [pool-57-thread-1] INFO  server.RaftServerConfigKeys (ConfUtils.java:logGet(43)) - raft.server.log.segment.size.max = 1048576 (custom)
2019-10-02 05:48:12,083 [pool-57-thread-1] INFO  server.RaftServerConfigKeys (ConfUtils.java:logGet(43)) - raft.server.log.preallocated.size = 16384 (custom)
2019-10-02 05:48:12,083 [pool-57-thread-1] INFO  server.RaftServerConfigKeys (ConfUtils.java:logGet(43)) - raft.server.log.write.buffer.size = 33554432 (custom)
2019-10-02 05:48:12,083 [pool-57-thread-1] INFO  server.RaftServerConfigKeys (ConfUtils.java:logGet(43)) - raft.server.log.force.sync.num = 128 (default)
2019-10-02 05:48:12,084 [pool-57-thread-1] INFO  server.RaftServerConfigKeys (ConfUtils.java:logGet(43)) - raft.server.log.statemachine.data.sync = true (default)
2019-10-02 05:48:12,084 [pool-57-thread-1] INFO  server.RaftServerConfigKeys (ConfUtils.java:logGet(43)) - raft.server.log.statemachine.data.sync.timeout = 10s (default)
2019-10-02 05:48:12,084 [pool-57-thread-1] INFO  server.RaftServerConfigKeys (ConfUtils.java:logGet(43)) - raft.server.log.statemachine.data.sync.timeout.retry = -1 (default)
2019-10-02 05:48:12,085 [pool-57-thread-1] INFO  server.RaftServerConfigKeys (ConfUtils.java:logGet(43)) - raft.server.log.statemachine.data.caching.enabled = true (custom)
2019-10-02 05:48:12,085 [pool-57-thread-1] INFO  segmented.SegmentedRaftLogWorker (SegmentedRaftLogWorker.java:lambda$new$0(128)) - 13d2ee1c-0738-43ab-a5ad-515c50b1fbae@group-A5566A47559B-SegmentedRaftLogWorker: flushIndex: setUnconditionally 0 -> -1
2019-10-02 05:48:12,085 [pool-57-thread-1] INFO  server.RaftServerConfigKeys (ConfUtils.java:logGet(43)) - raft.server.snapshot.auto.trigger.enabled = true (custom)
2019-10-02 05:48:12,085 [pool-57-thread-1] INFO  server.RaftServerConfigKeys (ConfUtils.java:logGet(43)) - raft.server.snapshot.auto.trigger.threshold = 10000 (custom)
2019-10-02 05:48:12,086 [pool-57-thread-1] INFO  server.RaftServerConfigKeys (ConfUtils.java:logGet(43)) - raft.server.snapshot.retention.file.num = 5 (custom)
2019-10-02 05:48:12,086 [pool-57-thread-1] INFO  server.RaftServerConfigKeys (ConfUtils.java:logGet(43)) - raft.server.retrycache.expirytime = 600000ms (custom)
2019-10-02 05:48:12,090 [pool-57-thread-1] INFO  impl.RaftServerImpl (RaftServerImpl.java:start(181)) - 13d2ee1c-0738-43ab-a5ad-515c50b1fbae@group-A5566A47559B: start as a follower, conf=-1: [13d2ee1c-0738-43ab-a5ad-515c50b1fbae:192.168.164.250:33826], old=null
2019-10-02 05:48:12,090 [pool-57-thread-1] INFO  impl.RaftServerImpl (RaftServerImpl.java:setRole(170)) - 13d2ee1c-0738-43ab-a5ad-515c50b1fbae@group-A5566A47559B: changes role from      null to FOLLOWER at term 0 for startAsFollower
2019-10-02 05:48:12,090 [pool-57-thread-1] INFO  impl.RoleInfo (RoleInfo.java:updateAndGet(143)) - 13d2ee1c-0738-43ab-a5ad-515c50b1fbae: start FollowerState
2019-10-02 05:48:12,092 [pool-57-thread-1] INFO  util.JmxRegister (JmxRegister.java:tryRegister(44)) - Successfully registered JMX Bean with object name Ratis:service=RaftServer,group=group-A5566A47559B,id=13d2ee1c-0738-43ab-a5ad-515c50b1fbae
2019-10-02 05:48:12,126 [RatisPipelineUtilsThread] INFO  pipeline.PipelineStateManager (PipelineStateManager.java:addPipeline(56)) - Created pipeline Pipeline[ Id: b0bd9ae9-35bd-4e35-a6e0-a5566a47559b, Nodes: 13d2ee1c-0738-43ab-a5ad-515c50b1fbae{ip: 192.168.164.250, host: pr-trunk-p5fv4-2201032288, networkLocation: /default-rack, certSerialId: null}, Type:RATIS, Factor:ONE, State:OPEN]
2019-10-02 05:48:12,171 [main] INFO  rpc.RpcClient (RpcClient.java:createVolume(276)) - Creating Volume: testblockoutputstreamwithretries, with jenkins1000 as owner.
2019-10-02 05:48:12,171 [grpc-default-executor-0] INFO  impl.RaftServerProxy (RaftServerProxy.java:addNew(89)) - 440b2d92-0317-41e4-b6a8-f5ef9f70ba68: addNew group-B8882E465965:[440b2d92-0317-41e4-b6a8-f5ef9f70ba68:192.168.164.250:38969] returns group-B8882E465965:java.util.concurrent.CompletableFuture@7391e830[Not completed]
2019-10-02 05:48:12,193 [pool-77-thread-1] INFO  impl.RaftServerImpl (RaftServerImpl.java:<init>(95)) - 440b2d92-0317-41e4-b6a8-f5ef9f70ba68: new RaftServerImpl for group-B8882E465965:[440b2d92-0317-41e4-b6a8-f5ef9f70ba68:192.168.164.250:38969] with ContainerStateMachine:uninitialized
2019-10-02 05:48:12,193 [pool-77-thread-1] INFO  server.RaftServerConfigKeys (ConfUtils.java:logGet(43)) - raft.server.rpc.timeout.min = 5s (custom)
2019-10-02 05:48:12,193 [pool-77-thread-1] INFO  server.RaftServerConfigKeys (ConfUtils.java:logGet(43)) - raft.server.rpc.timeout.max = 5200ms (custom)
2019-10-02 05:48:12,194 [pool-77-thread-1] INFO  server.RaftServerConfigKeys (ConfUtils.java:logGet(43)) - raft.server.rpcslowness.timeout = 120s (custom)
2019-10-02 05:48:12,194 [pool-77-thread-1] INFO  server.RaftServerConfigKeys (ConfUtils.java:logGet(43)) - raft.server.sleep.deviation.threshold = 300 (default)
2019-10-02 05:48:12,194 [pool-77-thread-1] INFO  server.RaftServerConfigKeys (ConfUtils.java:logGet(43)) - raft.server.log.appender.install.snapshot.enabled = false (custom)
2019-10-02 05:48:12,194 [pool-77-thread-1] INFO  impl.RaftServerImpl (ServerState.java:<init>(103)) - 440b2d92-0317-41e4-b6a8-f5ef9f70ba68@group-B8882E465965: ConfigurationManager, init=-1: [440b2d92-0317-41e4-b6a8-f5ef9f70ba68:192.168.164.250:38969], old=null, confs=<EMPTY_MAP>
2019-10-02 05:48:12,194 [pool-77-thread-1] INFO  server.RaftServerConfigKeys (ConfUtils.java:logGet(43)) - raft.server.storage.dir = [/workdir/hadoop-ozone/integration-test/target/test-dir/MiniOzoneClusterImpl-96702981-7b9c-49f5-b2c8-8280b9e400ec/datanode-5/data/ratis] (custom)
2019-10-02 05:48:12,194 [pool-77-thread-1] INFO  server.RaftServerConfigKeys (ConfUtils.java:logGet(43)) - raft.server.log.corruption.policy = EXCEPTION (default)
2019-10-02 05:48:12,195 [pool-77-thread-1] INFO  storage.RaftStorageDirectory (RaftStorageDirectory.java:analyzeStorage(246)) - The storage directory /workdir/hadoop-ozone/integration-test/target/test-dir/MiniOzoneClusterImpl-96702981-7b9c-49f5-b2c8-8280b9e400ec/datanode-5/data/ratis/0b2ae492-d063-4710-b722-b8882e465965 does not exist. Creating ...
2019-10-02 05:48:12,209 [pool-77-thread-1] INFO  storage.RaftStorageDirectory (RaftStorageDirectory.java:tryLock(328)) - Lock on /workdir/hadoop-ozone/integration-test/target/test-dir/MiniOzoneClusterImpl-96702981-7b9c-49f5-b2c8-8280b9e400ec/datanode-5/data/ratis/0b2ae492-d063-4710-b722-b8882e465965/in_use.lock acquired by nodename 32484@pr-trunk-p5fv4-2201032288
2019-10-02 05:48:12,222 [pool-77-thread-1] INFO  storage.RaftStorage (RaftStorage.java:format(84)) - Storage directory /workdir/hadoop-ozone/integration-test/target/test-dir/MiniOzoneClusterImpl-96702981-7b9c-49f5-b2c8-8280b9e400ec/datanode-5/data/ratis/0b2ae492-d063-4710-b722-b8882e465965 has been successfully formatted.
2019-10-02 05:48:12,222 [pool-77-thread-1] INFO  ratis.ContainerStateMachine (ContainerStateMachine.java:loadSnapshot(231)) - group-B8882E465965: The snapshot info is null. Setting the last applied indexto:(t:0, i:~)
2019-10-02 05:48:12,222 [pool-77-thread-1] INFO  server.RaftServerConfigKeys (ConfUtils.java:logGet(43)) - raft.server.notification.no-leader.timeout = 120s (custom)
2019-10-02 05:48:12,222 [pool-77-thread-1] INFO  server.RaftServerConfigKeys (ConfUtils.java:logGet(43)) - raft.server.log.use.memory = false (default)
2019-10-02 05:48:12,223 [pool-77-thread-1] INFO  server.RaftServerConfigKeys (ConfUtils.java:logGet(43)) - raft.server.log.purge.gap = 1000000 (custom)
2019-10-02 05:48:12,223 [pool-77-thread-1] INFO  server.RaftServerConfigKeys (ConfUtils.java:logGet(43)) - raft.server.log.appender.buffer.byte-limit = 33554432 (custom)
2019-10-02 05:48:12,223 [pool-77-thread-1] INFO  server.RaftServerConfigKeys (ConfUtils.java:logGet(43)) - raft.server.log.segment.size.max = 1048576 (custom)
2019-10-02 05:48:12,260 [pool-77-thread-1] INFO  server.RaftServerConfigKeys (ConfUtils.java:logGet(43)) - raft.server.log.segment.cache.num.max = 2 (custom)
2019-10-02 05:48:12,260 [pool-77-thread-1] INFO  segmented.SegmentedRaftLogWorker (SegmentedRaftLogWorker.java:<init>(173)) - new 440b2d92-0317-41e4-b6a8-f5ef9f70ba68@group-B8882E465965-SegmentedRaftLogWorker for RaftStorage:Storage Directory /workdir/hadoop-ozone/integration-test/target/test-dir/MiniOzoneClusterImpl-96702981-7b9c-49f5-b2c8-8280b9e400ec/datanode-5/data/ratis/0b2ae492-d063-4710-b722-b8882e465965
2019-10-02 05:48:12,261 [pool-77-thread-1] INFO  server.RaftServerConfigKeys (ConfUtils.java:logGet(43)) - raft.server.log.queue.byte-limit = 2147483647 (custom)
2019-10-02 05:48:12,261 [pool-77-thread-1] INFO  server.RaftServerConfigKeys (ConfUtils.java:logGet(43)) - raft.server.log.queue.element-limit = 1024 (custom)
2019-10-02 05:48:12,261 [pool-77-thread-1] INFO  server.RaftServerConfigKeys (ConfUtils.java:logGet(43)) - raft.server.log.segment.size.max = 1048576 (custom)
2019-10-02 05:48:12,261 [pool-77-thread-1] INFO  server.RaftServerConfigKeys (ConfUtils.java:logGet(43)) - raft.server.log.preallocated.size = 16384 (custom)
2019-10-02 05:48:12,261 [pool-77-thread-1] INFO  server.RaftServerConfigKeys (ConfUtils.java:logGet(43)) - raft.server.log.write.buffer.size = 33554432 (custom)
2019-10-02 05:48:12,261 [pool-77-thread-1] INFO  server.RaftServerConfigKeys (ConfUtils.java:logGet(43)) - raft.server.log.force.sync.num = 128 (default)
2019-10-02 05:48:12,261 [pool-77-thread-1] INFO  server.RaftServerConfigKeys (ConfUtils.java:logGet(43)) - raft.server.log.statemachine.data.sync = true (default)
2019-10-02 05:48:12,261 [pool-77-thread-1] INFO  server.RaftServerConfigKeys (ConfUtils.java:logGet(43)) - raft.server.log.statemachine.data.sync.timeout = 10s (default)
2019-10-02 05:48:12,261 [pool-77-thread-1] INFO  server.RaftServerConfigKeys (ConfUtils.java:logGet(43)) - raft.server.log.statemachine.data.sync.timeout.retry = -1 (default)
2019-10-02 05:48:12,262 [pool-77-thread-1] INFO  server.RaftServerConfigKeys (ConfUtils.java:logGet(43)) - raft.server.log.statemachine.data.caching.enabled = true (custom)
2019-10-02 05:48:12,262 [pool-77-thread-1] INFO  segmented.SegmentedRaftLogWorker (SegmentedRaftLogWorker.java:lambda$new$0(128)) - 440b2d92-0317-41e4-b6a8-f5ef9f70ba68@group-B8882E465965-SegmentedRaftLogWorker: flushIndex: setUnconditionally 0 -> -1
2019-10-02 05:48:12,263 [pool-77-thread-1] INFO  server.RaftServerConfigKeys (ConfUtils.java:logGet(43)) - raft.server.snapshot.auto.trigger.enabled = true (custom)
2019-10-02 05:48:12,263 [pool-77-thread-1] INFO  server.RaftServerConfigKeys (ConfUtils.java:logGet(43)) - raft.server.snapshot.auto.trigger.threshold = 10000 (custom)
2019-10-02 05:48:12,263 [pool-77-thread-1] INFO  server.RaftServerConfigKeys (ConfUtils.java:logGet(43)) - raft.server.snapshot.retention.file.num = 5 (custom)
2019-10-02 05:48:12,263 [pool-77-thread-1] INFO  server.RaftServerConfigKeys (ConfUtils.java:logGet(43)) - raft.server.retrycache.expirytime = 600000ms (custom)
2019-10-02 05:48:12,267 [pool-77-thread-1] INFO  impl.RaftServerImpl (RaftServerImpl.java:start(181)) - 440b2d92-0317-41e4-b6a8-f5ef9f70ba68@group-B8882E465965: start as a follower, conf=-1: [440b2d92-0317-41e4-b6a8-f5ef9f70ba68:192.168.164.250:38969], old=null
2019-10-02 05:48:12,267 [pool-77-thread-1] INFO  impl.RaftServerImpl (RaftServerImpl.java:setRole(170)) - 440b2d92-0317-41e4-b6a8-f5ef9f70ba68@group-B8882E465965: changes role from      null to FOLLOWER at term 0 for startAsFollower
2019-10-02 05:48:12,267 [pool-77-thread-1] INFO  impl.RoleInfo (RoleInfo.java:updateAndGet(143)) - 440b2d92-0317-41e4-b6a8-f5ef9f70ba68: start FollowerState
2019-10-02 05:48:12,268 [pool-77-thread-1] INFO  util.JmxRegister (JmxRegister.java:tryRegister(44)) - Successfully registered JMX Bean with object name Ratis:service=RaftServer,group=group-B8882E465965,id=440b2d92-0317-41e4-b6a8-f5ef9f70ba68
2019-10-02 05:48:12,284 [RatisPipelineUtilsThread] INFO  pipeline.PipelineStateManager (PipelineStateManager.java:addPipeline(56)) - Created pipeline Pipeline[ Id: 0b2ae492-d063-4710-b722-b8882e465965, Nodes: 440b2d92-0317-41e4-b6a8-f5ef9f70ba68{ip: 192.168.164.250, host: pr-trunk-p5fv4-2201032288, networkLocation: /default-rack, certSerialId: null}, Type:RATIS, Factor:ONE, State:OPEN]
2019-10-02 05:48:12,303 [grpc-default-executor-0] INFO  impl.RaftServerProxy (RaftServerProxy.java:addNew(89)) - abe57f94-e75c-4edc-b3a9-58e47daaf051: addNew group-E9DEEF3CDB82:[abe57f94-e75c-4edc-b3a9-58e47daaf051:192.168.164.250:36875] returns group-E9DEEF3CDB82:java.util.concurrent.CompletableFuture@7bd37e67[Not completed]
2019-10-02 05:48:12,307 [pool-47-thread-1] INFO  impl.RaftServerImpl (RaftServerImpl.java:<init>(95)) - abe57f94-e75c-4edc-b3a9-58e47daaf051: new RaftServerImpl for group-E9DEEF3CDB82:[abe57f94-e75c-4edc-b3a9-58e47daaf051:192.168.164.250:36875] with ContainerStateMachine:uninitialized
2019-10-02 05:48:12,307 [pool-47-thread-1] INFO  server.RaftServerConfigKeys (ConfUtils.java:logGet(43)) - raft.server.rpc.timeout.min = 5s (custom)
2019-10-02 05:48:12,307 [pool-47-thread-1] INFO  server.RaftServerConfigKeys (ConfUtils.java:logGet(43)) - raft.server.rpc.timeout.max = 5200ms (custom)
2019-10-02 05:48:12,307 [pool-47-thread-1] INFO  server.RaftServerConfigKeys (ConfUtils.java:logGet(43)) - raft.server.rpcslowness.timeout = 120s (custom)
2019-10-02 05:48:12,308 [pool-47-thread-1] INFO  server.RaftServerConfigKeys (ConfUtils.java:logGet(43)) - raft.server.sleep.deviation.threshold = 300 (default)
2019-10-02 05:48:12,308 [pool-47-thread-1] INFO  server.RaftServerConfigKeys (ConfUtils.java:logGet(43)) - raft.server.log.appender.install.snapshot.enabled = false (custom)
2019-10-02 05:48:12,308 [pool-47-thread-1] INFO  impl.RaftServerImpl (ServerState.java:<init>(103)) - abe57f94-e75c-4edc-b3a9-58e47daaf051@group-E9DEEF3CDB82: ConfigurationManager, init=-1: [abe57f94-e75c-4edc-b3a9-58e47daaf051:192.168.164.250:36875], old=null, confs=<EMPTY_MAP>
2019-10-02 05:48:12,308 [pool-47-thread-1] INFO  server.RaftServerConfigKeys (ConfUtils.java:logGet(43)) - raft.server.storage.dir = [/workdir/hadoop-ozone/integration-test/target/test-dir/MiniOzoneClusterImpl-96702981-7b9c-49f5-b2c8-8280b9e400ec/datanode-2/data/ratis] (custom)
2019-10-02 05:48:12,308 [pool-47-thread-1] INFO  server.RaftServerConfigKeys (ConfUtils.java:logGet(43)) - raft.server.log.corruption.policy = EXCEPTION (default)
2019-10-02 05:48:12,308 [pool-47-thread-1] INFO  storage.RaftStorageDirectory (RaftStorageDirectory.java:analyzeStorage(246)) - The storage directory /workdir/hadoop-ozone/integration-test/target/test-dir/MiniOzoneClusterImpl-96702981-7b9c-49f5-b2c8-8280b9e400ec/datanode-2/data/ratis/4bf986bd-cae3-486b-a15f-e9deef3cdb82 does not exist. Creating ...
2019-10-02 05:48:12,321 [pool-47-thread-1] INFO  storage.RaftStorageDirectory (RaftStorageDirectory.java:tryLock(328)) - Lock on /workdir/hadoop-ozone/integration-test/target/test-dir/MiniOzoneClusterImpl-96702981-7b9c-49f5-b2c8-8280b9e400ec/datanode-2/data/ratis/4bf986bd-cae3-486b-a15f-e9deef3cdb82/in_use.lock acquired by nodename 32484@pr-trunk-p5fv4-2201032288
2019-10-02 05:48:12,335 [pool-47-thread-1] INFO  storage.RaftStorage (RaftStorage.java:format(84)) - Storage directory /workdir/hadoop-ozone/integration-test/target/test-dir/MiniOzoneClusterImpl-96702981-7b9c-49f5-b2c8-8280b9e400ec/datanode-2/data/ratis/4bf986bd-cae3-486b-a15f-e9deef3cdb82 has been successfully formatted.
2019-10-02 05:48:12,335 [pool-47-thread-1] INFO  ratis.ContainerStateMachine (ContainerStateMachine.java:loadSnapshot(231)) - group-E9DEEF3CDB82: The snapshot info is null. Setting the last applied indexto:(t:0, i:~)
2019-10-02 05:48:12,335 [pool-47-thread-1] INFO  server.RaftServerConfigKeys (ConfUtils.java:logGet(43)) - raft.server.notification.no-leader.timeout = 120s (custom)
2019-10-02 05:48:12,335 [pool-47-thread-1] INFO  server.RaftServerConfigKeys (ConfUtils.java:logGet(43)) - raft.server.log.use.memory = false (default)
2019-10-02 05:48:12,336 [pool-47-thread-1] INFO  server.RaftServerConfigKeys (ConfUtils.java:logGet(43)) - raft.server.log.purge.gap = 1000000 (custom)
2019-10-02 05:48:12,336 [pool-47-thread-1] INFO  server.RaftServerConfigKeys (ConfUtils.java:logGet(43)) - raft.server.log.appender.buffer.byte-limit = 33554432 (custom)
2019-10-02 05:48:12,336 [pool-47-thread-1] INFO  server.RaftServerConfigKeys (ConfUtils.java:logGet(43)) - raft.server.log.segment.size.max = 1048576 (custom)
2019-10-02 05:48:12,339 [pool-47-thread-1] INFO  server.RaftServerConfigKeys (ConfUtils.java:logGet(43)) - raft.server.log.segment.cache.num.max = 2 (custom)
2019-10-02 05:48:12,340 [pool-47-thread-1] INFO  segmented.SegmentedRaftLogWorker (SegmentedRaftLogWorker.java:<init>(173)) - new abe57f94-e75c-4edc-b3a9-58e47daaf051@group-E9DEEF3CDB82-SegmentedRaftLogWorker for RaftStorage:Storage Directory /workdir/hadoop-ozone/integration-test/target/test-dir/MiniOzoneClusterImpl-96702981-7b9c-49f5-b2c8-8280b9e400ec/datanode-2/data/ratis/4bf986bd-cae3-486b-a15f-e9deef3cdb82
2019-10-02 05:48:12,340 [pool-47-thread-1] INFO  server.RaftServerConfigKeys (ConfUtils.java:logGet(43)) - raft.server.log.queue.byte-limit = 2147483647 (custom)
2019-10-02 05:48:12,340 [pool-47-thread-1] INFO  server.RaftServerConfigKeys (ConfUtils.java:logGet(43)) - raft.server.log.queue.element-limit = 1024 (custom)
2019-10-02 05:48:12,340 [pool-47-thread-1] INFO  server.RaftServerConfigKeys (ConfUtils.java:logGet(43)) - raft.server.log.segment.size.max = 1048576 (custom)
2019-10-02 05:48:12,340 [pool-47-thread-1] INFO  server.RaftServerConfigKeys (ConfUtils.java:logGet(43)) - raft.server.log.preallocated.size = 16384 (custom)
2019-10-02 05:48:12,340 [pool-47-thread-1] INFO  server.RaftServerConfigKeys (ConfUtils.java:logGet(43)) - raft.server.log.write.buffer.size = 33554432 (custom)
2019-10-02 05:48:12,340 [pool-47-thread-1] INFO  server.RaftServerConfigKeys (ConfUtils.java:logGet(43)) - raft.server.log.force.sync.num = 128 (default)
2019-10-02 05:48:12,340 [pool-47-thread-1] INFO  server.RaftServerConfigKeys (ConfUtils.java:logGet(43)) - raft.server.log.statemachine.data.sync = true (default)
2019-10-02 05:48:12,341 [pool-47-thread-1] INFO  server.RaftServerConfigKeys (ConfUtils.java:logGet(43)) - raft.server.log.statemachine.data.sync.timeout = 10s (default)
2019-10-02 05:48:12,341 [pool-47-thread-1] INFO  server.RaftServerConfigKeys (ConfUtils.java:logGet(43)) - raft.server.log.statemachine.data.sync.timeout.retry = -1 (default)
2019-10-02 05:48:12,341 [pool-47-thread-1] INFO  server.RaftServerConfigKeys (ConfUtils.java:logGet(43)) - raft.server.log.statemachine.data.caching.enabled = true (custom)
2019-10-02 05:48:12,342 [pool-47-thread-1] INFO  segmented.SegmentedRaftLogWorker (SegmentedRaftLogWorker.java:lambda$new$0(128)) - abe57f94-e75c-4edc-b3a9-58e47daaf051@group-E9DEEF3CDB82-SegmentedRaftLogWorker: flushIndex: setUnconditionally 0 -> -1
2019-10-02 05:48:12,342 [pool-47-thread-1] INFO  server.RaftServerConfigKeys (ConfUtils.java:logGet(43)) - raft.server.snapshot.auto.trigger.enabled = true (custom)
2019-10-02 05:48:12,342 [pool-47-thread-1] INFO  server.RaftServerConfigKeys (ConfUtils.java:logGet(43)) - raft.server.snapshot.auto.trigger.threshold = 10000 (custom)
2019-10-02 05:48:12,342 [pool-47-thread-1] INFO  server.RaftServerConfigKeys (ConfUtils.java:logGet(43)) - raft.server.snapshot.retention.file.num = 5 (custom)
2019-10-02 05:48:12,342 [pool-47-thread-1] INFO  server.RaftServerConfigKeys (ConfUtils.java:logGet(43)) - raft.server.retrycache.expirytime = 600000ms (custom)
2019-10-02 05:48:12,343 [IPC Server handler 2 on 40939] INFO  volume.OMVolumeCreateRequest (OMVolumeCreateRequest.java:validateAndUpdateCache(194)) - created volume:testblockoutputstreamwithretries for user:jenkins1000
2019-10-02 05:48:12,345 [pool-47-thread-1] INFO  impl.RaftServerImpl (RaftServerImpl.java:start(181)) - abe57f94-e75c-4edc-b3a9-58e47daaf051@group-E9DEEF3CDB82: start as a follower, conf=-1: [abe57f94-e75c-4edc-b3a9-58e47daaf051:192.168.164.250:36875], old=null
2019-10-02 05:48:12,346 [pool-47-thread-1] INFO  impl.RaftServerImpl (RaftServerImpl.java:setRole(170)) - abe57f94-e75c-4edc-b3a9-58e47daaf051@group-E9DEEF3CDB82: changes role from      null to FOLLOWER at term 0 for startAsFollower
2019-10-02 05:48:12,346 [pool-47-thread-1] INFO  impl.RoleInfo (RoleInfo.java:updateAndGet(143)) - abe57f94-e75c-4edc-b3a9-58e47daaf051: start FollowerState
2019-10-02 05:48:12,346 [pool-47-thread-1] INFO  util.JmxRegister (JmxRegister.java:tryRegister(44)) - Successfully registered JMX Bean with object name Ratis:service=RaftServer,group=group-E9DEEF3CDB82,id=abe57f94-e75c-4edc-b3a9-58e47daaf051
2019-10-02 05:48:12,366 [RatisPipelineUtilsThread] INFO  pipeline.PipelineStateManager (PipelineStateManager.java:addPipeline(56)) - Created pipeline Pipeline[ Id: 4bf986bd-cae3-486b-a15f-e9deef3cdb82, Nodes: abe57f94-e75c-4edc-b3a9-58e47daaf051{ip: 192.168.164.250, host: pr-trunk-p5fv4-2201032288, networkLocation: /default-rack, certSerialId: null}, Type:RATIS, Factor:ONE, State:OPEN]
2019-10-02 05:48:12,381 [main] INFO  rpc.RpcClient (RpcClient.java:createBucket(415)) - Creating Bucket: testblockoutputstreamwithretries/testblockoutputstreamwithretries, with Versioning false and Storage Type set to DISK and Encryption set to false 
2019-10-02 05:48:12,392 [grpc-default-executor-0] INFO  impl.RaftServerProxy (RaftServerProxy.java:addNew(89)) - d31a379a-b462-4e23-84c2-f59667e5dc0b: addNew group-70A84107C048:[d31a379a-b462-4e23-84c2-f59667e5dc0b:192.168.164.250:33498] returns group-70A84107C048:java.util.concurrent.CompletableFuture@12640781[Not completed]
2019-10-02 05:48:12,407 [pool-37-thread-1] INFO  impl.RaftServerImpl (RaftServerImpl.java:<init>(95)) - d31a379a-b462-4e23-84c2-f59667e5dc0b: new RaftServerImpl for group-70A84107C048:[d31a379a-b462-4e23-84c2-f59667e5dc0b:192.168.164.250:33498] with ContainerStateMachine:uninitialized
2019-10-02 05:48:12,407 [pool-37-thread-1] INFO  server.RaftServerConfigKeys (ConfUtils.java:logGet(43)) - raft.server.rpc.timeout.min = 5s (custom)
2019-10-02 05:48:12,409 [pool-37-thread-1] INFO  server.RaftServerConfigKeys (ConfUtils.java:logGet(43)) - raft.server.rpc.timeout.max = 5200ms (custom)
2019-10-02 05:48:12,409 [pool-37-thread-1] INFO  server.RaftServerConfigKeys (ConfUtils.java:logGet(43)) - raft.server.rpcslowness.timeout = 120s (custom)
2019-10-02 05:48:12,409 [pool-37-thread-1] INFO  server.RaftServerConfigKeys (ConfUtils.java:logGet(43)) - raft.server.sleep.deviation.threshold = 300 (default)
2019-10-02 05:48:12,409 [pool-37-thread-1] INFO  server.RaftServerConfigKeys (ConfUtils.java:logGet(43)) - raft.server.log.appender.install.snapshot.enabled = false (custom)
2019-10-02 05:48:12,409 [pool-37-thread-1] INFO  impl.RaftServerImpl (ServerState.java:<init>(103)) - d31a379a-b462-4e23-84c2-f59667e5dc0b@group-70A84107C048: ConfigurationManager, init=-1: [d31a379a-b462-4e23-84c2-f59667e5dc0b:192.168.164.250:33498], old=null, confs=<EMPTY_MAP>
2019-10-02 05:48:12,410 [pool-37-thread-1] INFO  server.RaftServerConfigKeys (ConfUtils.java:logGet(43)) - raft.server.storage.dir = [/workdir/hadoop-ozone/integration-test/target/test-dir/MiniOzoneClusterImpl-96702981-7b9c-49f5-b2c8-8280b9e400ec/datanode-1/data/ratis] (custom)
2019-10-02 05:48:12,410 [pool-37-thread-1] INFO  server.RaftServerConfigKeys (ConfUtils.java:logGet(43)) - raft.server.log.corruption.policy = EXCEPTION (default)
2019-10-02 05:48:12,410 [pool-37-thread-1] INFO  storage.RaftStorageDirectory (RaftStorageDirectory.java:analyzeStorage(246)) - The storage directory /workdir/hadoop-ozone/integration-test/target/test-dir/MiniOzoneClusterImpl-96702981-7b9c-49f5-b2c8-8280b9e400ec/datanode-1/data/ratis/ad8ee06e-0648-46e8-b590-70a84107c048 does not exist. Creating ...
2019-10-02 05:48:12,423 [pool-37-thread-1] INFO  storage.RaftStorageDirectory (RaftStorageDirectory.java:tryLock(328)) - Lock on /workdir/hadoop-ozone/integration-test/target/test-dir/MiniOzoneClusterImpl-96702981-7b9c-49f5-b2c8-8280b9e400ec/datanode-1/data/ratis/ad8ee06e-0648-46e8-b590-70a84107c048/in_use.lock acquired by nodename 32484@pr-trunk-p5fv4-2201032288
2019-10-02 05:48:12,436 [pool-37-thread-1] INFO  storage.RaftStorage (RaftStorage.java:format(84)) - Storage directory /workdir/hadoop-ozone/integration-test/target/test-dir/MiniOzoneClusterImpl-96702981-7b9c-49f5-b2c8-8280b9e400ec/datanode-1/data/ratis/ad8ee06e-0648-46e8-b590-70a84107c048 has been successfully formatted.
2019-10-02 05:48:12,436 [pool-37-thread-1] INFO  ratis.ContainerStateMachine (ContainerStateMachine.java:loadSnapshot(231)) - group-70A84107C048: The snapshot info is null. Setting the last applied indexto:(t:0, i:~)
2019-10-02 05:48:12,437 [pool-37-thread-1] INFO  server.RaftServerConfigKeys (ConfUtils.java:logGet(43)) - raft.server.notification.no-leader.timeout = 120s (custom)
2019-10-02 05:48:12,437 [pool-37-thread-1] INFO  server.RaftServerConfigKeys (ConfUtils.java:logGet(43)) - raft.server.log.use.memory = false (default)
2019-10-02 05:48:12,437 [pool-37-thread-1] INFO  server.RaftServerConfigKeys (ConfUtils.java:logGet(43)) - raft.server.log.purge.gap = 1000000 (custom)
2019-10-02 05:48:12,437 [pool-37-thread-1] INFO  server.RaftServerConfigKeys (ConfUtils.java:logGet(43)) - raft.server.log.appender.buffer.byte-limit = 33554432 (custom)
2019-10-02 05:48:12,437 [pool-37-thread-1] INFO  server.RaftServerConfigKeys (ConfUtils.java:logGet(43)) - raft.server.log.segment.size.max = 1048576 (custom)
2019-10-02 05:48:12,441 [pool-37-thread-1] INFO  server.RaftServerConfigKeys (ConfUtils.java:logGet(43)) - raft.server.log.segment.cache.num.max = 2 (custom)
2019-10-02 05:48:12,441 [pool-37-thread-1] INFO  segmented.SegmentedRaftLogWorker (SegmentedRaftLogWorker.java:<init>(173)) - new d31a379a-b462-4e23-84c2-f59667e5dc0b@group-70A84107C048-SegmentedRaftLogWorker for RaftStorage:Storage Directory /workdir/hadoop-ozone/integration-test/target/test-dir/MiniOzoneClusterImpl-96702981-7b9c-49f5-b2c8-8280b9e400ec/datanode-1/data/ratis/ad8ee06e-0648-46e8-b590-70a84107c048
2019-10-02 05:48:12,441 [pool-37-thread-1] INFO  server.RaftServerConfigKeys (ConfUtils.java:logGet(43)) - raft.server.log.queue.byte-limit = 2147483647 (custom)
2019-10-02 05:48:12,442 [pool-37-thread-1] INFO  server.RaftServerConfigKeys (ConfUtils.java:logGet(43)) - raft.server.log.queue.element-limit = 1024 (custom)
2019-10-02 05:48:12,442 [pool-37-thread-1] INFO  server.RaftServerConfigKeys (ConfUtils.java:logGet(43)) - raft.server.log.segment.size.max = 1048576 (custom)
2019-10-02 05:48:12,442 [pool-37-thread-1] INFO  server.RaftServerConfigKeys (ConfUtils.java:logGet(43)) - raft.server.log.preallocated.size = 16384 (custom)
2019-10-02 05:48:12,442 [pool-37-thread-1] INFO  server.RaftServerConfigKeys (ConfUtils.java:logGet(43)) - raft.server.log.write.buffer.size = 33554432 (custom)
2019-10-02 05:48:12,442 [pool-37-thread-1] INFO  server.RaftServerConfigKeys (ConfUtils.java:logGet(43)) - raft.server.log.force.sync.num = 128 (default)
2019-10-02 05:48:12,442 [pool-37-thread-1] INFO  server.RaftServerConfigKeys (ConfUtils.java:logGet(43)) - raft.server.log.statemachine.data.sync = true (default)
2019-10-02 05:48:12,443 [pool-37-thread-1] INFO  server.RaftServerConfigKeys (ConfUtils.java:logGet(43)) - raft.server.log.statemachine.data.sync.timeout = 10s (default)
2019-10-02 05:48:12,443 [pool-37-thread-1] INFO  server.RaftServerConfigKeys (ConfUtils.java:logGet(43)) - raft.server.log.statemachine.data.sync.timeout.retry = -1 (default)
2019-10-02 05:48:12,443 [pool-37-thread-1] INFO  server.RaftServerConfigKeys (ConfUtils.java:logGet(43)) - raft.server.log.statemachine.data.caching.enabled = true (custom)
2019-10-02 05:48:12,444 [pool-37-thread-1] INFO  segmented.SegmentedRaftLogWorker (SegmentedRaftLogWorker.java:lambda$new$0(128)) - d31a379a-b462-4e23-84c2-f59667e5dc0b@group-70A84107C048-SegmentedRaftLogWorker: flushIndex: setUnconditionally 0 -> -1
2019-10-02 05:48:12,444 [pool-37-thread-1] INFO  server.RaftServerConfigKeys (ConfUtils.java:logGet(43)) - raft.server.snapshot.auto.trigger.enabled = true (custom)
2019-10-02 05:48:12,444 [pool-37-thread-1] INFO  server.RaftServerConfigKeys (ConfUtils.java:logGet(43)) - raft.server.snapshot.auto.trigger.threshold = 10000 (custom)
2019-10-02 05:48:12,444 [pool-37-thread-1] INFO  server.RaftServerConfigKeys (ConfUtils.java:logGet(43)) - raft.server.snapshot.retention.file.num = 5 (custom)
2019-10-02 05:48:12,445 [pool-37-thread-1] INFO  server.RaftServerConfigKeys (ConfUtils.java:logGet(43)) - raft.server.retrycache.expirytime = 600000ms (custom)
2019-10-02 05:48:12,451 [pool-37-thread-1] INFO  impl.RaftServerImpl (RaftServerImpl.java:start(181)) - d31a379a-b462-4e23-84c2-f59667e5dc0b@group-70A84107C048: start as a follower, conf=-1: [d31a379a-b462-4e23-84c2-f59667e5dc0b:192.168.164.250:33498], old=null
2019-10-02 05:48:12,451 [pool-37-thread-1] INFO  impl.RaftServerImpl (RaftServerImpl.java:setRole(170)) - d31a379a-b462-4e23-84c2-f59667e5dc0b@group-70A84107C048: changes role from      null to FOLLOWER at term 0 for startAsFollower
2019-10-02 05:48:12,451 [pool-37-thread-1] INFO  impl.RoleInfo (RoleInfo.java:updateAndGet(143)) - d31a379a-b462-4e23-84c2-f59667e5dc0b: start FollowerState
2019-10-02 05:48:12,452 [pool-37-thread-1] INFO  util.JmxRegister (JmxRegister.java:tryRegister(44)) - Successfully registered JMX Bean with object name Ratis:service=RaftServer,group=group-70A84107C048,id=d31a379a-b462-4e23-84c2-f59667e5dc0b
2019-10-02 05:48:12,467 [RatisPipelineUtilsThread] INFO  pipeline.PipelineStateManager (PipelineStateManager.java:addPipeline(56)) - Created pipeline Pipeline[ Id: ad8ee06e-0648-46e8-b590-70a84107c048, Nodes: d31a379a-b462-4e23-84c2-f59667e5dc0b{ip: 192.168.164.250, host: pr-trunk-p5fv4-2201032288, networkLocation: /default-rack, certSerialId: null}, Type:RATIS, Factor:ONE, State:OPEN]
2019-10-02 05:48:12,490 [grpc-default-executor-0] INFO  impl.RaftServerProxy (RaftServerProxy.java:addNew(89)) - 8b099941-e94c-4d44-b111-fee9636cc34f: addNew group-60DC5D89978A:[8b099941-e94c-4d44-b111-fee9636cc34f:192.168.164.250:43588] returns group-60DC5D89978A:java.util.concurrent.CompletableFuture@6ba6ae97[Not completed]
2019-10-02 05:48:12,493 [pool-67-thread-1] INFO  impl.RaftServerImpl (RaftServerImpl.java:<init>(95)) - 8b099941-e94c-4d44-b111-fee9636cc34f: new RaftServerImpl for group-60DC5D89978A:[8b099941-e94c-4d44-b111-fee9636cc34f:192.168.164.250:43588] with ContainerStateMachine:uninitialized
2019-10-02 05:48:12,494 [pool-67-thread-1] INFO  server.RaftServerConfigKeys (ConfUtils.java:logGet(43)) - raft.server.rpc.timeout.min = 5s (custom)
2019-10-02 05:48:12,494 [pool-67-thread-1] INFO  server.RaftServerConfigKeys (ConfUtils.java:logGet(43)) - raft.server.rpc.timeout.max = 5200ms (custom)
2019-10-02 05:48:12,494 [pool-67-thread-1] INFO  server.RaftServerConfigKeys (ConfUtils.java:logGet(43)) - raft.server.rpcslowness.timeout = 120s (custom)
2019-10-02 05:48:12,494 [pool-67-thread-1] INFO  server.RaftServerConfigKeys (ConfUtils.java:logGet(43)) - raft.server.sleep.deviation.threshold = 300 (default)
2019-10-02 05:48:12,494 [pool-67-thread-1] INFO  server.RaftServerConfigKeys (ConfUtils.java:logGet(43)) - raft.server.log.appender.install.snapshot.enabled = false (custom)
2019-10-02 05:48:12,494 [pool-67-thread-1] INFO  impl.RaftServerImpl (ServerState.java:<init>(103)) - 8b099941-e94c-4d44-b111-fee9636cc34f@group-60DC5D89978A: ConfigurationManager, init=-1: [8b099941-e94c-4d44-b111-fee9636cc34f:192.168.164.250:43588], old=null, confs=<EMPTY_MAP>
2019-10-02 05:48:12,494 [pool-67-thread-1] INFO  server.RaftServerConfigKeys (ConfUtils.java:logGet(43)) - raft.server.storage.dir = [/workdir/hadoop-ozone/integration-test/target/test-dir/MiniOzoneClusterImpl-96702981-7b9c-49f5-b2c8-8280b9e400ec/datanode-4/data/ratis] (custom)
2019-10-02 05:48:12,494 [pool-67-thread-1] INFO  server.RaftServerConfigKeys (ConfUtils.java:logGet(43)) - raft.server.log.corruption.policy = EXCEPTION (default)
2019-10-02 05:48:12,495 [pool-67-thread-1] INFO  storage.RaftStorageDirectory (RaftStorageDirectory.java:analyzeStorage(246)) - The storage directory /workdir/hadoop-ozone/integration-test/target/test-dir/MiniOzoneClusterImpl-96702981-7b9c-49f5-b2c8-8280b9e400ec/datanode-4/data/ratis/92aa18e1-35f1-4fd6-baf1-60dc5d89978a does not exist. Creating ...
2019-10-02 05:48:12,508 [pool-67-thread-1] INFO  storage.RaftStorageDirectory (RaftStorageDirectory.java:tryLock(328)) - Lock on /workdir/hadoop-ozone/integration-test/target/test-dir/MiniOzoneClusterImpl-96702981-7b9c-49f5-b2c8-8280b9e400ec/datanode-4/data/ratis/92aa18e1-35f1-4fd6-baf1-60dc5d89978a/in_use.lock acquired by nodename 32484@pr-trunk-p5fv4-2201032288
2019-10-02 05:48:12,521 [pool-67-thread-1] INFO  storage.RaftStorage (RaftStorage.java:format(84)) - Storage directory /workdir/hadoop-ozone/integration-test/target/test-dir/MiniOzoneClusterImpl-96702981-7b9c-49f5-b2c8-8280b9e400ec/datanode-4/data/ratis/92aa18e1-35f1-4fd6-baf1-60dc5d89978a has been successfully formatted.
2019-10-02 05:48:12,522 [pool-67-thread-1] INFO  ratis.ContainerStateMachine (ContainerStateMachine.java:loadSnapshot(231)) - group-60DC5D89978A: The snapshot info is null. Setting the last applied indexto:(t:0, i:~)
2019-10-02 05:48:12,522 [pool-67-thread-1] INFO  server.RaftServerConfigKeys (ConfUtils.java:logGet(43)) - raft.server.notification.no-leader.timeout = 120s (custom)
2019-10-02 05:48:12,522 [pool-67-thread-1] INFO  server.RaftServerConfigKeys (ConfUtils.java:logGet(43)) - raft.server.log.use.memory = false (default)
2019-10-02 05:48:12,522 [pool-67-thread-1] INFO  server.RaftServerConfigKeys (ConfUtils.java:logGet(43)) - raft.server.log.purge.gap = 1000000 (custom)
2019-10-02 05:48:12,522 [pool-67-thread-1] INFO  server.RaftServerConfigKeys (ConfUtils.java:logGet(43)) - raft.server.log.appender.buffer.byte-limit = 33554432 (custom)
2019-10-02 05:48:12,522 [pool-67-thread-1] INFO  server.RaftServerConfigKeys (ConfUtils.java:logGet(43)) - raft.server.log.segment.size.max = 1048576 (custom)
2019-10-02 05:48:12,525 [pool-67-thread-1] INFO  server.RaftServerConfigKeys (ConfUtils.java:logGet(43)) - raft.server.log.segment.cache.num.max = 2 (custom)
2019-10-02 05:48:12,525 [pool-67-thread-1] INFO  segmented.SegmentedRaftLogWorker (SegmentedRaftLogWorker.java:<init>(173)) - new 8b099941-e94c-4d44-b111-fee9636cc34f@group-60DC5D89978A-SegmentedRaftLogWorker for RaftStorage:Storage Directory /workdir/hadoop-ozone/integration-test/target/test-dir/MiniOzoneClusterImpl-96702981-7b9c-49f5-b2c8-8280b9e400ec/datanode-4/data/ratis/92aa18e1-35f1-4fd6-baf1-60dc5d89978a
2019-10-02 05:48:12,525 [pool-67-thread-1] INFO  server.RaftServerConfigKeys (ConfUtils.java:logGet(43)) - raft.server.log.queue.byte-limit = 2147483647 (custom)
2019-10-02 05:48:12,525 [pool-67-thread-1] INFO  server.RaftServerConfigKeys (ConfUtils.java:logGet(43)) - raft.server.log.queue.element-limit = 1024 (custom)
2019-10-02 05:48:12,525 [pool-67-thread-1] INFO  server.RaftServerConfigKeys (ConfUtils.java:logGet(43)) - raft.server.log.segment.size.max = 1048576 (custom)
2019-10-02 05:48:12,525 [pool-67-thread-1] INFO  server.RaftServerConfigKeys (ConfUtils.java:logGet(43)) - raft.server.log.preallocated.size = 16384 (custom)
2019-10-02 05:48:12,525 [pool-67-thread-1] INFO  server.RaftServerConfigKeys (ConfUtils.java:logGet(43)) - raft.server.log.write.buffer.size = 33554432 (custom)
2019-10-02 05:48:12,525 [pool-67-thread-1] INFO  server.RaftServerConfigKeys (ConfUtils.java:logGet(43)) - raft.server.log.force.sync.num = 128 (default)
2019-10-02 05:48:12,525 [pool-67-thread-1] INFO  server.RaftServerConfigKeys (ConfUtils.java:logGet(43)) - raft.server.log.statemachine.data.sync = true (default)
2019-10-02 05:48:12,526 [pool-67-thread-1] INFO  server.RaftServerConfigKeys (ConfUtils.java:logGet(43)) - raft.server.log.statemachine.data.sync.timeout = 10s (default)
2019-10-02 05:48:12,526 [pool-67-thread-1] INFO  server.RaftServerConfigKeys (ConfUtils.java:logGet(43)) - raft.server.log.statemachine.data.sync.timeout.retry = -1 (default)
2019-10-02 05:48:12,526 [pool-67-thread-1] INFO  server.RaftServerConfigKeys (ConfUtils.java:logGet(43)) - raft.server.log.statemachine.data.caching.enabled = true (custom)
2019-10-02 05:48:12,526 [pool-67-thread-1] INFO  segmented.SegmentedRaftLogWorker (SegmentedRaftLogWorker.java:lambda$new$0(128)) - 8b099941-e94c-4d44-b111-fee9636cc34f@group-60DC5D89978A-SegmentedRaftLogWorker: flushIndex: setUnconditionally 0 -> -1
2019-10-02 05:48:12,527 [pool-67-thread-1] INFO  server.RaftServerConfigKeys (ConfUtils.java:logGet(43)) - raft.server.snapshot.auto.trigger.enabled = true (custom)
2019-10-02 05:48:12,527 [pool-67-thread-1] INFO  server.RaftServerConfigKeys (ConfUtils.java:logGet(43)) - raft.server.snapshot.auto.trigger.threshold = 10000 (custom)
2019-10-02 05:48:12,527 [pool-67-thread-1] INFO  server.RaftServerConfigKeys (ConfUtils.java:logGet(43)) - raft.server.snapshot.retention.file.num = 5 (custom)
2019-10-02 05:48:12,527 [pool-67-thread-1] INFO  server.RaftServerConfigKeys (ConfUtils.java:logGet(43)) - raft.server.retrycache.expirytime = 600000ms (custom)
2019-10-02 05:48:12,529 [pool-67-thread-1] INFO  impl.RaftServerImpl (RaftServerImpl.java:start(181)) - 8b099941-e94c-4d44-b111-fee9636cc34f@group-60DC5D89978A: start as a follower, conf=-1: [8b099941-e94c-4d44-b111-fee9636cc34f:192.168.164.250:43588], old=null
2019-10-02 05:48:12,529 [pool-67-thread-1] INFO  impl.RaftServerImpl (RaftServerImpl.java:setRole(170)) - 8b099941-e94c-4d44-b111-fee9636cc34f@group-60DC5D89978A: changes role from      null to FOLLOWER at term 0 for startAsFollower
2019-10-02 05:48:12,529 [pool-67-thread-1] INFO  impl.RoleInfo (RoleInfo.java:updateAndGet(143)) - 8b099941-e94c-4d44-b111-fee9636cc34f: start FollowerState
2019-10-02 05:48:12,530 [pool-67-thread-1] INFO  util.JmxRegister (JmxRegister.java:tryRegister(44)) - Successfully registered JMX Bean with object name Ratis:service=RaftServer,group=group-60DC5D89978A,id=8b099941-e94c-4d44-b111-fee9636cc34f
2019-10-02 05:48:12,543 [RatisPipelineUtilsThread] INFO  pipeline.PipelineStateManager (PipelineStateManager.java:addPipeline(56)) - Created pipeline Pipeline[ Id: 92aa18e1-35f1-4fd6-baf1-60dc5d89978a, Nodes: 8b099941-e94c-4d44-b111-fee9636cc34f{ip: 192.168.164.250, host: pr-trunk-p5fv4-2201032288, networkLocation: /default-rack, certSerialId: null}, Type:RATIS, Factor:ONE, State:OPEN]
2019-10-02 05:48:12,562 [grpc-default-executor-0] INFO  impl.RaftServerProxy (RaftServerProxy.java:addNew(89)) - 29c666d7-68ed-416e-882d-1b8a6d4bc125: addNew group-2C0CA5B4B70F:[29c666d7-68ed-416e-882d-1b8a6d4bc125:192.168.164.250:35739] returns group-2C0CA5B4B70F:java.util.concurrent.CompletableFuture@46c8afea[Not completed]
2019-10-02 05:48:12,568 [pool-87-thread-1] INFO  impl.RaftServerImpl (RaftServerImpl.java:<init>(95)) - 29c666d7-68ed-416e-882d-1b8a6d4bc125: new RaftServerImpl for group-2C0CA5B4B70F:[29c666d7-68ed-416e-882d-1b8a6d4bc125:192.168.164.250:35739] with ContainerStateMachine:uninitialized
2019-10-02 05:48:12,569 [pool-87-thread-1] INFO  server.RaftServerConfigKeys (ConfUtils.java:logGet(43)) - raft.server.rpc.timeout.min = 5s (custom)
2019-10-02 05:48:12,569 [pool-87-thread-1] INFO  server.RaftServerConfigKeys (ConfUtils.java:logGet(43)) - raft.server.rpc.timeout.max = 5200ms (custom)
2019-10-02 05:48:12,569 [pool-87-thread-1] INFO  server.RaftServerConfigKeys (ConfUtils.java:logGet(43)) - raft.server.rpcslowness.timeout = 120s (custom)
2019-10-02 05:48:12,569 [pool-87-thread-1] INFO  server.RaftServerConfigKeys (ConfUtils.java:logGet(43)) - raft.server.sleep.deviation.threshold = 300 (default)
2019-10-02 05:48:12,569 [pool-87-thread-1] INFO  server.RaftServerConfigKeys (ConfUtils.java:logGet(43)) - raft.server.log.appender.install.snapshot.enabled = false (custom)
2019-10-02 05:48:12,570 [pool-87-thread-1] INFO  impl.RaftServerImpl (ServerState.java:<init>(103)) - 29c666d7-68ed-416e-882d-1b8a6d4bc125@group-2C0CA5B4B70F: ConfigurationManager, init=-1: [29c666d7-68ed-416e-882d-1b8a6d4bc125:192.168.164.250:35739], old=null, confs=<EMPTY_MAP>
2019-10-02 05:48:12,570 [pool-87-thread-1] INFO  server.RaftServerConfigKeys (ConfUtils.java:logGet(43)) - raft.server.storage.dir = [/workdir/hadoop-ozone/integration-test/target/test-dir/MiniOzoneClusterImpl-96702981-7b9c-49f5-b2c8-8280b9e400ec/datanode-6/data/ratis] (custom)
2019-10-02 05:48:12,570 [pool-87-thread-1] INFO  server.RaftServerConfigKeys (ConfUtils.java:logGet(43)) - raft.server.log.corruption.policy = EXCEPTION (default)
2019-10-02 05:48:12,571 [pool-87-thread-1] INFO  storage.RaftStorageDirectory (RaftStorageDirectory.java:analyzeStorage(246)) - The storage directory /workdir/hadoop-ozone/integration-test/target/test-dir/MiniOzoneClusterImpl-96702981-7b9c-49f5-b2c8-8280b9e400ec/datanode-6/data/ratis/89267a54-b25d-4f84-b605-2c0ca5b4b70f does not exist. Creating ...
2019-10-02 05:48:12,584 [pool-87-thread-1] INFO  storage.RaftStorageDirectory (RaftStorageDirectory.java:tryLock(328)) - Lock on /workdir/hadoop-ozone/integration-test/target/test-dir/MiniOzoneClusterImpl-96702981-7b9c-49f5-b2c8-8280b9e400ec/datanode-6/data/ratis/89267a54-b25d-4f84-b605-2c0ca5b4b70f/in_use.lock acquired by nodename 32484@pr-trunk-p5fv4-2201032288
2019-10-02 05:48:12,597 [pool-87-thread-1] INFO  storage.RaftStorage (RaftStorage.java:format(84)) - Storage directory /workdir/hadoop-ozone/integration-test/target/test-dir/MiniOzoneClusterImpl-96702981-7b9c-49f5-b2c8-8280b9e400ec/datanode-6/data/ratis/89267a54-b25d-4f84-b605-2c0ca5b4b70f has been successfully formatted.
2019-10-02 05:48:12,598 [pool-87-thread-1] INFO  ratis.ContainerStateMachine (ContainerStateMachine.java:loadSnapshot(231)) - group-2C0CA5B4B70F: The snapshot info is null. Setting the last applied indexto:(t:0, i:~)
2019-10-02 05:48:12,598 [pool-87-thread-1] INFO  server.RaftServerConfigKeys (ConfUtils.java:logGet(43)) - raft.server.notification.no-leader.timeout = 120s (custom)
2019-10-02 05:48:12,598 [pool-87-thread-1] INFO  server.RaftServerConfigKeys (ConfUtils.java:logGet(43)) - raft.server.log.use.memory = false (default)
2019-10-02 05:48:12,598 [pool-87-thread-1] INFO  server.RaftServerConfigKeys (ConfUtils.java:logGet(43)) - raft.server.log.purge.gap = 1000000 (custom)
2019-10-02 05:48:12,599 [pool-87-thread-1] INFO  server.RaftServerConfigKeys (ConfUtils.java:logGet(43)) - raft.server.log.appender.buffer.byte-limit = 33554432 (custom)
2019-10-02 05:48:12,599 [pool-87-thread-1] INFO  server.RaftServerConfigKeys (ConfUtils.java:logGet(43)) - raft.server.log.segment.size.max = 1048576 (custom)
2019-10-02 05:48:12,602 [pool-87-thread-1] INFO  server.RaftServerConfigKeys (ConfUtils.java:logGet(43)) - raft.server.log.segment.cache.num.max = 2 (custom)
2019-10-02 05:48:12,603 [pool-87-thread-1] INFO  segmented.SegmentedRaftLogWorker (SegmentedRaftLogWorker.java:<init>(173)) - new 29c666d7-68ed-416e-882d-1b8a6d4bc125@group-2C0CA5B4B70F-SegmentedRaftLogWorker for RaftStorage:Storage Directory /workdir/hadoop-ozone/integration-test/target/test-dir/MiniOzoneClusterImpl-96702981-7b9c-49f5-b2c8-8280b9e400ec/datanode-6/data/ratis/89267a54-b25d-4f84-b605-2c0ca5b4b70f
2019-10-02 05:48:12,603 [pool-87-thread-1] INFO  server.RaftServerConfigKeys (ConfUtils.java:logGet(43)) - raft.server.log.queue.byte-limit = 2147483647 (custom)
2019-10-02 05:48:12,603 [pool-87-thread-1] INFO  server.RaftServerConfigKeys (ConfUtils.java:logGet(43)) - raft.server.log.queue.element-limit = 1024 (custom)
2019-10-02 05:48:12,603 [pool-87-thread-1] INFO  server.RaftServerConfigKeys (ConfUtils.java:logGet(43)) - raft.server.log.segment.size.max = 1048576 (custom)
2019-10-02 05:48:12,603 [pool-87-thread-1] INFO  server.RaftServerConfigKeys (ConfUtils.java:logGet(43)) - raft.server.log.preallocated.size = 16384 (custom)
2019-10-02 05:48:12,604 [pool-87-thread-1] INFO  server.RaftServerConfigKeys (ConfUtils.java:logGet(43)) - raft.server.log.write.buffer.size = 33554432 (custom)
2019-10-02 05:48:12,604 [pool-87-thread-1] INFO  server.RaftServerConfigKeys (ConfUtils.java:logGet(43)) - raft.server.log.force.sync.num = 128 (default)
2019-10-02 05:48:12,604 [pool-87-thread-1] INFO  server.RaftServerConfigKeys (ConfUtils.java:logGet(43)) - raft.server.log.statemachine.data.sync = true (default)
2019-10-02 05:48:12,604 [pool-87-thread-1] INFO  server.RaftServerConfigKeys (ConfUtils.java:logGet(43)) - raft.server.log.statemachine.data.sync.timeout = 10s (default)
2019-10-02 05:48:12,604 [pool-87-thread-1] INFO  server.RaftServerConfigKeys (ConfUtils.java:logGet(43)) - raft.server.log.statemachine.data.sync.timeout.retry = -1 (default)
2019-10-02 05:48:12,605 [pool-87-thread-1] INFO  server.RaftServerConfigKeys (ConfUtils.java:logGet(43)) - raft.server.log.statemachine.data.caching.enabled = true (custom)
2019-10-02 05:48:12,605 [pool-87-thread-1] INFO  segmented.SegmentedRaftLogWorker (SegmentedRaftLogWorker.java:lambda$new$0(128)) - 29c666d7-68ed-416e-882d-1b8a6d4bc125@group-2C0CA5B4B70F-SegmentedRaftLogWorker: flushIndex: setUnconditionally 0 -> -1
2019-10-02 05:48:12,606 [pool-87-thread-1] INFO  server.RaftServerConfigKeys (ConfUtils.java:logGet(43)) - raft.server.snapshot.auto.trigger.enabled = true (custom)
2019-10-02 05:48:12,606 [pool-87-thread-1] INFO  server.RaftServerConfigKeys (ConfUtils.java:logGet(43)) - raft.server.snapshot.auto.trigger.threshold = 10000 (custom)
2019-10-02 05:48:12,606 [pool-87-thread-1] INFO  server.RaftServerConfigKeys (ConfUtils.java:logGet(43)) - raft.server.snapshot.retention.file.num = 5 (custom)
2019-10-02 05:48:12,606 [pool-87-thread-1] INFO  server.RaftServerConfigKeys (ConfUtils.java:logGet(43)) - raft.server.retrycache.expirytime = 600000ms (custom)
2019-10-02 05:48:12,609 [pool-87-thread-1] INFO  impl.RaftServerImpl (RaftServerImpl.java:start(181)) - 29c666d7-68ed-416e-882d-1b8a6d4bc125@group-2C0CA5B4B70F: start as a follower, conf=-1: [29c666d7-68ed-416e-882d-1b8a6d4bc125:192.168.164.250:35739], old=null
2019-10-02 05:48:12,609 [pool-87-thread-1] INFO  impl.RaftServerImpl (RaftServerImpl.java:setRole(170)) - 29c666d7-68ed-416e-882d-1b8a6d4bc125@group-2C0CA5B4B70F: changes role from      null to FOLLOWER at term 0 for startAsFollower
2019-10-02 05:48:12,610 [pool-87-thread-1] INFO  impl.RoleInfo (RoleInfo.java:updateAndGet(143)) - 29c666d7-68ed-416e-882d-1b8a6d4bc125: start FollowerState
2019-10-02 05:48:12,610 [pool-87-thread-1] INFO  util.JmxRegister (JmxRegister.java:tryRegister(44)) - Successfully registered JMX Bean with object name Ratis:service=RaftServer,group=group-2C0CA5B4B70F,id=29c666d7-68ed-416e-882d-1b8a6d4bc125
2019-10-02 05:48:12,632 [RatisPipelineUtilsThread] INFO  pipeline.PipelineStateManager (PipelineStateManager.java:addPipeline(56)) - Created pipeline Pipeline[ Id: 89267a54-b25d-4f84-b605-2c0ca5b4b70f, Nodes: 29c666d7-68ed-416e-882d-1b8a6d4bc125{ip: 192.168.164.250, host: pr-trunk-p5fv4-2201032288, networkLocation: /default-rack, certSerialId: null}, Type:RATIS, Factor:ONE, State:OPEN]
2019-10-02 05:48:12,666 [grpc-default-executor-1] INFO  impl.RaftServerProxy (RaftServerProxy.java:addNew(89)) - abe57f94-e75c-4edc-b3a9-58e47daaf051: addNew group-A635589BB47D:[13d2ee1c-0738-43ab-a5ad-515c50b1fbae:192.168.164.250:33826, 440b2d92-0317-41e4-b6a8-f5ef9f70ba68:192.168.164.250:38969, abe57f94-e75c-4edc-b3a9-58e47daaf051:192.168.164.250:36875] returns group-A635589BB47D:java.util.concurrent.CompletableFuture@68e6058[Not completed]
2019-10-02 05:48:12,666 [grpc-default-executor-2] INFO  impl.RaftServerProxy (RaftServerProxy.java:addNew(89)) - 13d2ee1c-0738-43ab-a5ad-515c50b1fbae: addNew group-A635589BB47D:[13d2ee1c-0738-43ab-a5ad-515c50b1fbae:192.168.164.250:33826, 440b2d92-0317-41e4-b6a8-f5ef9f70ba68:192.168.164.250:38969, abe57f94-e75c-4edc-b3a9-58e47daaf051:192.168.164.250:36875] returns group-A635589BB47D:java.util.concurrent.CompletableFuture@35381673[Not completed]
2019-10-02 05:48:12,668 [grpc-default-executor-1] INFO  impl.RaftServerProxy (RaftServerProxy.java:addNew(89)) - 440b2d92-0317-41e4-b6a8-f5ef9f70ba68: addNew group-A635589BB47D:[13d2ee1c-0738-43ab-a5ad-515c50b1fbae:192.168.164.250:33826, 440b2d92-0317-41e4-b6a8-f5ef9f70ba68:192.168.164.250:38969, abe57f94-e75c-4edc-b3a9-58e47daaf051:192.168.164.250:36875] returns group-A635589BB47D:java.util.concurrent.CompletableFuture@47b36a63[Not completed]
2019-10-02 05:48:12,670 [pool-47-thread-1] INFO  impl.RaftServerImpl (RaftServerImpl.java:<init>(95)) - abe57f94-e75c-4edc-b3a9-58e47daaf051: new RaftServerImpl for group-A635589BB47D:[13d2ee1c-0738-43ab-a5ad-515c50b1fbae:192.168.164.250:33826, 440b2d92-0317-41e4-b6a8-f5ef9f70ba68:192.168.164.250:38969, abe57f94-e75c-4edc-b3a9-58e47daaf051:192.168.164.250:36875] with ContainerStateMachine:uninitialized
2019-10-02 05:48:12,670 [pool-47-thread-1] INFO  server.RaftServerConfigKeys (ConfUtils.java:logGet(43)) - raft.server.rpc.timeout.min = 5s (custom)
2019-10-02 05:48:12,670 [pool-47-thread-1] INFO  server.RaftServerConfigKeys (ConfUtils.java:logGet(43)) - raft.server.rpc.timeout.max = 5200ms (custom)
2019-10-02 05:48:12,670 [pool-47-thread-1] INFO  server.RaftServerConfigKeys (ConfUtils.java:logGet(43)) - raft.server.rpcslowness.timeout = 120s (custom)
2019-10-02 05:48:12,670 [pool-47-thread-1] INFO  server.RaftServerConfigKeys (ConfUtils.java:logGet(43)) - raft.server.sleep.deviation.threshold = 300 (default)
2019-10-02 05:48:12,670 [pool-47-thread-1] INFO  server.RaftServerConfigKeys (ConfUtils.java:logGet(43)) - raft.server.log.appender.install.snapshot.enabled = false (custom)
2019-10-02 05:48:12,670 [pool-47-thread-1] INFO  impl.RaftServerImpl (ServerState.java:<init>(103)) - abe57f94-e75c-4edc-b3a9-58e47daaf051@group-A635589BB47D: ConfigurationManager, init=-1: [13d2ee1c-0738-43ab-a5ad-515c50b1fbae:192.168.164.250:33826, 440b2d92-0317-41e4-b6a8-f5ef9f70ba68:192.168.164.250:38969, abe57f94-e75c-4edc-b3a9-58e47daaf051:192.168.164.250:36875], old=null, confs=<EMPTY_MAP>
2019-10-02 05:48:12,670 [pool-77-thread-1] INFO  impl.RaftServerImpl (RaftServerImpl.java:<init>(95)) - 440b2d92-0317-41e4-b6a8-f5ef9f70ba68: new RaftServerImpl for group-A635589BB47D:[13d2ee1c-0738-43ab-a5ad-515c50b1fbae:192.168.164.250:33826, 440b2d92-0317-41e4-b6a8-f5ef9f70ba68:192.168.164.250:38969, abe57f94-e75c-4edc-b3a9-58e47daaf051:192.168.164.250:36875] with ContainerStateMachine:uninitialized
2019-10-02 05:48:12,671 [pool-47-thread-1] INFO  server.RaftServerConfigKeys (ConfUtils.java:logGet(43)) - raft.server.storage.dir = [/workdir/hadoop-ozone/integration-test/target/test-dir/MiniOzoneClusterImpl-96702981-7b9c-49f5-b2c8-8280b9e400ec/datanode-2/data/ratis] (custom)
2019-10-02 05:48:12,671 [pool-77-thread-1] INFO  server.RaftServerConfigKeys (ConfUtils.java:logGet(43)) - raft.server.rpc.timeout.min = 5s (custom)
2019-10-02 05:48:12,671 [pool-77-thread-1] INFO  server.RaftServerConfigKeys (ConfUtils.java:logGet(43)) - raft.server.rpc.timeout.max = 5200ms (custom)
2019-10-02 05:48:12,671 [pool-77-thread-1] INFO  server.RaftServerConfigKeys (ConfUtils.java:logGet(43)) - raft.server.rpcslowness.timeout = 120s (custom)
2019-10-02 05:48:12,671 [pool-47-thread-1] INFO  server.RaftServerConfigKeys (ConfUtils.java:logGet(43)) - raft.server.log.corruption.policy = EXCEPTION (default)
2019-10-02 05:48:12,671 [pool-77-thread-1] INFO  server.RaftServerConfigKeys (ConfUtils.java:logGet(43)) - raft.server.sleep.deviation.threshold = 300 (default)
2019-10-02 05:48:12,671 [pool-77-thread-1] INFO  server.RaftServerConfigKeys (ConfUtils.java:logGet(43)) - raft.server.log.appender.install.snapshot.enabled = false (custom)
2019-10-02 05:48:12,671 [pool-47-thread-1] INFO  storage.RaftStorageDirectory (RaftStorageDirectory.java:analyzeStorage(246)) - The storage directory /workdir/hadoop-ozone/integration-test/target/test-dir/MiniOzoneClusterImpl-96702981-7b9c-49f5-b2c8-8280b9e400ec/datanode-2/data/ratis/41ceef36-cc72-4288-89dc-a635589bb47d does not exist. Creating ...
2019-10-02 05:48:12,671 [pool-77-thread-1] INFO  impl.RaftServerImpl (ServerState.java:<init>(103)) - 440b2d92-0317-41e4-b6a8-f5ef9f70ba68@group-A635589BB47D: ConfigurationManager, init=-1: [13d2ee1c-0738-43ab-a5ad-515c50b1fbae:192.168.164.250:33826, 440b2d92-0317-41e4-b6a8-f5ef9f70ba68:192.168.164.250:38969, abe57f94-e75c-4edc-b3a9-58e47daaf051:192.168.164.250:36875], old=null, confs=<EMPTY_MAP>
2019-10-02 05:48:12,672 [pool-77-thread-1] INFO  server.RaftServerConfigKeys (ConfUtils.java:logGet(43)) - raft.server.storage.dir = [/workdir/hadoop-ozone/integration-test/target/test-dir/MiniOzoneClusterImpl-96702981-7b9c-49f5-b2c8-8280b9e400ec/datanode-5/data/ratis] (custom)
2019-10-02 05:48:12,672 [pool-57-thread-1] INFO  impl.RaftServerImpl (RaftServerImpl.java:<init>(95)) - 13d2ee1c-0738-43ab-a5ad-515c50b1fbae: new RaftServerImpl for group-A635589BB47D:[13d2ee1c-0738-43ab-a5ad-515c50b1fbae:192.168.164.250:33826, 440b2d92-0317-41e4-b6a8-f5ef9f70ba68:192.168.164.250:38969, abe57f94-e75c-4edc-b3a9-58e47daaf051:192.168.164.250:36875] with ContainerStateMachine:uninitialized
2019-10-02 05:48:12,672 [pool-77-thread-1] INFO  server.RaftServerConfigKeys (ConfUtils.java:logGet(43)) - raft.server.log.corruption.policy = EXCEPTION (default)
2019-10-02 05:48:12,672 [pool-57-thread-1] INFO  server.RaftServerConfigKeys (ConfUtils.java:logGet(43)) - raft.server.rpc.timeout.min = 5s (custom)
2019-10-02 05:48:12,672 [pool-77-thread-1] INFO  storage.RaftStorageDirectory (RaftStorageDirectory.java:analyzeStorage(246)) - The storage directory /workdir/hadoop-ozone/integration-test/target/test-dir/MiniOzoneClusterImpl-96702981-7b9c-49f5-b2c8-8280b9e400ec/datanode-5/data/ratis/41ceef36-cc72-4288-89dc-a635589bb47d does not exist. Creating ...
2019-10-02 05:48:12,672 [pool-57-thread-1] INFO  server.RaftServerConfigKeys (ConfUtils.java:logGet(43)) - raft.server.rpc.timeout.max = 5200ms (custom)
2019-10-02 05:48:12,672 [pool-57-thread-1] INFO  server.RaftServerConfigKeys (ConfUtils.java:logGet(43)) - raft.server.rpcslowness.timeout = 120s (custom)
2019-10-02 05:48:12,672 [pool-57-thread-1] INFO  server.RaftServerConfigKeys (ConfUtils.java:logGet(43)) - raft.server.sleep.deviation.threshold = 300 (default)
2019-10-02 05:48:12,673 [pool-57-thread-1] INFO  server.RaftServerConfigKeys (ConfUtils.java:logGet(43)) - raft.server.log.appender.install.snapshot.enabled = false (custom)
2019-10-02 05:48:12,673 [pool-57-thread-1] INFO  impl.RaftServerImpl (ServerState.java:<init>(103)) - 13d2ee1c-0738-43ab-a5ad-515c50b1fbae@group-A635589BB47D: ConfigurationManager, init=-1: [13d2ee1c-0738-43ab-a5ad-515c50b1fbae:192.168.164.250:33826, 440b2d92-0317-41e4-b6a8-f5ef9f70ba68:192.168.164.250:38969, abe57f94-e75c-4edc-b3a9-58e47daaf051:192.168.164.250:36875], old=null, confs=<EMPTY_MAP>
2019-10-02 05:48:12,673 [pool-57-thread-1] INFO  server.RaftServerConfigKeys (ConfUtils.java:logGet(43)) - raft.server.storage.dir = [/workdir/hadoop-ozone/integration-test/target/test-dir/MiniOzoneClusterImpl-96702981-7b9c-49f5-b2c8-8280b9e400ec/datanode-3/data/ratis] (custom)
2019-10-02 05:48:12,673 [pool-57-thread-1] INFO  server.RaftServerConfigKeys (ConfUtils.java:logGet(43)) - raft.server.log.corruption.policy = EXCEPTION (default)
2019-10-02 05:48:12,673 [pool-57-thread-1] INFO  storage.RaftStorageDirectory (RaftStorageDirectory.java:analyzeStorage(246)) - The storage directory /workdir/hadoop-ozone/integration-test/target/test-dir/MiniOzoneClusterImpl-96702981-7b9c-49f5-b2c8-8280b9e400ec/datanode-3/data/ratis/41ceef36-cc72-4288-89dc-a635589bb47d does not exist. Creating ...
2019-10-02 05:48:12,685 [pool-57-thread-1] INFO  storage.RaftStorageDirectory (RaftStorageDirectory.java:tryLock(328)) - Lock on /workdir/hadoop-ozone/integration-test/target/test-dir/MiniOzoneClusterImpl-96702981-7b9c-49f5-b2c8-8280b9e400ec/datanode-3/data/ratis/41ceef36-cc72-4288-89dc-a635589bb47d/in_use.lock acquired by nodename 32484@pr-trunk-p5fv4-2201032288
2019-10-02 05:48:12,685 [pool-77-thread-1] INFO  storage.RaftStorageDirectory (RaftStorageDirectory.java:tryLock(328)) - Lock on /workdir/hadoop-ozone/integration-test/target/test-dir/MiniOzoneClusterImpl-96702981-7b9c-49f5-b2c8-8280b9e400ec/datanode-5/data/ratis/41ceef36-cc72-4288-89dc-a635589bb47d/in_use.lock acquired by nodename 32484@pr-trunk-p5fv4-2201032288
2019-10-02 05:48:12,685 [pool-47-thread-1] INFO  storage.RaftStorageDirectory (RaftStorageDirectory.java:tryLock(328)) - Lock on /workdir/hadoop-ozone/integration-test/target/test-dir/MiniOzoneClusterImpl-96702981-7b9c-49f5-b2c8-8280b9e400ec/datanode-2/data/ratis/41ceef36-cc72-4288-89dc-a635589bb47d/in_use.lock acquired by nodename 32484@pr-trunk-p5fv4-2201032288
2019-10-02 05:48:12,704 [pool-77-thread-1] INFO  storage.RaftStorage (RaftStorage.java:format(84)) - Storage directory /workdir/hadoop-ozone/integration-test/target/test-dir/MiniOzoneClusterImpl-96702981-7b9c-49f5-b2c8-8280b9e400ec/datanode-5/data/ratis/41ceef36-cc72-4288-89dc-a635589bb47d has been successfully formatted.
2019-10-02 05:48:12,704 [pool-57-thread-1] INFO  storage.RaftStorage (RaftStorage.java:format(84)) - Storage directory /workdir/hadoop-ozone/integration-test/target/test-dir/MiniOzoneClusterImpl-96702981-7b9c-49f5-b2c8-8280b9e400ec/datanode-3/data/ratis/41ceef36-cc72-4288-89dc-a635589bb47d has been successfully formatted.
2019-10-02 05:48:12,704 [pool-47-thread-1] INFO  storage.RaftStorage (RaftStorage.java:format(84)) - Storage directory /workdir/hadoop-ozone/integration-test/target/test-dir/MiniOzoneClusterImpl-96702981-7b9c-49f5-b2c8-8280b9e400ec/datanode-2/data/ratis/41ceef36-cc72-4288-89dc-a635589bb47d has been successfully formatted.
2019-10-02 05:48:12,705 [pool-77-thread-1] INFO  ratis.ContainerStateMachine (ContainerStateMachine.java:loadSnapshot(231)) - group-A635589BB47D: The snapshot info is null. Setting the last applied indexto:(t:0, i:~)
2019-10-02 05:48:12,705 [pool-57-thread-1] INFO  ratis.ContainerStateMachine (ContainerStateMachine.java:loadSnapshot(231)) - group-A635589BB47D: The snapshot info is null. Setting the last applied indexto:(t:0, i:~)
2019-10-02 05:48:12,705 [pool-77-thread-1] INFO  server.RaftServerConfigKeys (ConfUtils.java:logGet(43)) - raft.server.notification.no-leader.timeout = 120s (custom)
2019-10-02 05:48:12,705 [pool-47-thread-1] INFO  ratis.ContainerStateMachine (ContainerStateMachine.java:loadSnapshot(231)) - group-A635589BB47D: The snapshot info is null. Setting the last applied indexto:(t:0, i:~)
2019-10-02 05:48:12,705 [pool-77-thread-1] INFO  server.RaftServerConfigKeys (ConfUtils.java:logGet(43)) - raft.server.log.use.memory = false (default)
2019-10-02 05:48:12,705 [pool-57-thread-1] INFO  server.RaftServerConfigKeys (ConfUtils.java:logGet(43)) - raft.server.notification.no-leader.timeout = 120s (custom)
2019-10-02 05:48:12,705 [pool-77-thread-1] INFO  server.RaftServerConfigKeys (ConfUtils.java:logGet(43)) - raft.server.log.purge.gap = 1000000 (custom)
2019-10-02 05:48:12,705 [pool-47-thread-1] INFO  server.RaftServerConfigKeys (ConfUtils.java:logGet(43)) - raft.server.notification.no-leader.timeout = 120s (custom)
2019-10-02 05:48:12,706 [pool-77-thread-1] INFO  server.RaftServerConfigKeys (ConfUtils.java:logGet(43)) - raft.server.log.appender.buffer.byte-limit = 33554432 (custom)
2019-10-02 05:48:12,705 [pool-57-thread-1] INFO  server.RaftServerConfigKeys (ConfUtils.java:logGet(43)) - raft.server.log.use.memory = false (default)
2019-10-02 05:48:12,706 [pool-77-thread-1] INFO  server.RaftServerConfigKeys (ConfUtils.java:logGet(43)) - raft.server.log.segment.size.max = 1048576 (custom)
2019-10-02 05:48:12,706 [pool-47-thread-1] INFO  server.RaftServerConfigKeys (ConfUtils.java:logGet(43)) - raft.server.log.use.memory = false (default)
2019-10-02 05:48:12,706 [pool-77-thread-1] INFO  server.RaftServerConfigKeys (ConfUtils.java:logGet(43)) - raft.server.log.segment.cache.num.max = 2 (custom)
2019-10-02 05:48:12,706 [pool-57-thread-1] INFO  server.RaftServerConfigKeys (ConfUtils.java:logGet(43)) - raft.server.log.purge.gap = 1000000 (custom)
2019-10-02 05:48:12,707 [pool-77-thread-1] INFO  segmented.SegmentedRaftLogWorker (SegmentedRaftLogWorker.java:<init>(173)) - new 440b2d92-0317-41e4-b6a8-f5ef9f70ba68@group-A635589BB47D-SegmentedRaftLogWorker for RaftStorage:Storage Directory /workdir/hadoop-ozone/integration-test/target/test-dir/MiniOzoneClusterImpl-96702981-7b9c-49f5-b2c8-8280b9e400ec/datanode-5/data/ratis/41ceef36-cc72-4288-89dc-a635589bb47d
2019-10-02 05:48:12,706 [pool-47-thread-1] INFO  server.RaftServerConfigKeys (ConfUtils.java:logGet(43)) - raft.server.log.purge.gap = 1000000 (custom)
2019-10-02 05:48:12,707 [pool-77-thread-1] INFO  server.RaftServerConfigKeys (ConfUtils.java:logGet(43)) - raft.server.log.queue.byte-limit = 2147483647 (custom)
2019-10-02 05:48:12,707 [pool-57-thread-1] INFO  server.RaftServerConfigKeys (ConfUtils.java:logGet(43)) - raft.server.log.appender.buffer.byte-limit = 33554432 (custom)
2019-10-02 05:48:12,707 [pool-77-thread-1] INFO  server.RaftServerConfigKeys (ConfUtils.java:logGet(43)) - raft.server.log.queue.element-limit = 1024 (custom)
2019-10-02 05:48:12,707 [pool-47-thread-1] INFO  server.RaftServerConfigKeys (ConfUtils.java:logGet(43)) - raft.server.log.appender.buffer.byte-limit = 33554432 (custom)
2019-10-02 05:48:12,708 [pool-77-thread-1] INFO  server.RaftServerConfigKeys (ConfUtils.java:logGet(43)) - raft.server.log.segment.size.max = 1048576 (custom)
2019-10-02 05:48:12,707 [pool-57-thread-1] INFO  server.RaftServerConfigKeys (ConfUtils.java:logGet(43)) - raft.server.log.segment.size.max = 1048576 (custom)
2019-10-02 05:48:12,708 [pool-77-thread-1] INFO  server.RaftServerConfigKeys (ConfUtils.java:logGet(43)) - raft.server.log.preallocated.size = 16384 (custom)
2019-10-02 05:48:12,708 [pool-47-thread-1] INFO  server.RaftServerConfigKeys (ConfUtils.java:logGet(43)) - raft.server.log.segment.size.max = 1048576 (custom)
2019-10-02 05:48:12,708 [pool-77-thread-1] INFO  server.RaftServerConfigKeys (ConfUtils.java:logGet(43)) - raft.server.log.write.buffer.size = 33554432 (custom)
2019-10-02 05:48:12,709 [pool-77-thread-1] INFO  server.RaftServerConfigKeys (ConfUtils.java:logGet(43)) - raft.server.log.force.sync.num = 128 (default)
2019-10-02 05:48:12,708 [pool-57-thread-1] INFO  server.RaftServerConfigKeys (ConfUtils.java:logGet(43)) - raft.server.log.segment.cache.num.max = 2 (custom)
2019-10-02 05:48:12,709 [pool-77-thread-1] INFO  server.RaftServerConfigKeys (ConfUtils.java:logGet(43)) - raft.server.log.statemachine.data.sync = true (default)
2019-10-02 05:48:12,708 [pool-47-thread-1] INFO  server.RaftServerConfigKeys (ConfUtils.java:logGet(43)) - raft.server.log.segment.cache.num.max = 2 (custom)
2019-10-02 05:48:12,709 [pool-77-thread-1] INFO  server.RaftServerConfigKeys (ConfUtils.java:logGet(43)) - raft.server.log.statemachine.data.sync.timeout = 10s (default)
2019-10-02 05:48:12,709 [pool-57-thread-1] INFO  segmented.SegmentedRaftLogWorker (SegmentedRaftLogWorker.java:<init>(173)) - new 13d2ee1c-0738-43ab-a5ad-515c50b1fbae@group-A635589BB47D-SegmentedRaftLogWorker for RaftStorage:Storage Directory /workdir/hadoop-ozone/integration-test/target/test-dir/MiniOzoneClusterImpl-96702981-7b9c-49f5-b2c8-8280b9e400ec/datanode-3/data/ratis/41ceef36-cc72-4288-89dc-a635589bb47d
2019-10-02 05:48:12,709 [pool-77-thread-1] INFO  server.RaftServerConfigKeys (ConfUtils.java:logGet(43)) - raft.server.log.statemachine.data.sync.timeout.retry = -1 (default)
2019-10-02 05:48:12,709 [pool-47-thread-1] INFO  segmented.SegmentedRaftLogWorker (SegmentedRaftLogWorker.java:<init>(173)) - new abe57f94-e75c-4edc-b3a9-58e47daaf051@group-A635589BB47D-SegmentedRaftLogWorker for RaftStorage:Storage Directory /workdir/hadoop-ozone/integration-test/target/test-dir/MiniOzoneClusterImpl-96702981-7b9c-49f5-b2c8-8280b9e400ec/datanode-2/data/ratis/41ceef36-cc72-4288-89dc-a635589bb47d
2019-10-02 05:48:12,710 [pool-57-thread-1] INFO  server.RaftServerConfigKeys (ConfUtils.java:logGet(43)) - raft.server.log.queue.byte-limit = 2147483647 (custom)
2019-10-02 05:48:12,710 [pool-77-thread-1] INFO  server.RaftServerConfigKeys (ConfUtils.java:logGet(43)) - raft.server.log.statemachine.data.caching.enabled = true (custom)
2019-10-02 05:48:12,710 [pool-47-thread-1] INFO  server.RaftServerConfigKeys (ConfUtils.java:logGet(43)) - raft.server.log.queue.byte-limit = 2147483647 (custom)
2019-10-02 05:48:12,710 [pool-57-thread-1] INFO  server.RaftServerConfigKeys (ConfUtils.java:logGet(43)) - raft.server.log.queue.element-limit = 1024 (custom)
2019-10-02 05:48:12,711 [pool-77-thread-1] INFO  segmented.SegmentedRaftLogWorker (SegmentedRaftLogWorker.java:lambda$new$0(128)) - 440b2d92-0317-41e4-b6a8-f5ef9f70ba68@group-A635589BB47D-SegmentedRaftLogWorker: flushIndex: setUnconditionally 0 -> -1
2019-10-02 05:48:12,711 [pool-47-thread-1] INFO  server.RaftServerConfigKeys (ConfUtils.java:logGet(43)) - raft.server.log.queue.element-limit = 1024 (custom)
2019-10-02 05:48:12,711 [pool-57-thread-1] INFO  server.RaftServerConfigKeys (ConfUtils.java:logGet(43)) - raft.server.log.segment.size.max = 1048576 (custom)
2019-10-02 05:48:12,711 [pool-47-thread-1] INFO  server.RaftServerConfigKeys (ConfUtils.java:logGet(43)) - raft.server.log.segment.size.max = 1048576 (custom)
2019-10-02 05:48:12,711 [pool-77-thread-1] INFO  server.RaftServerConfigKeys (ConfUtils.java:logGet(43)) - raft.server.snapshot.auto.trigger.enabled = true (custom)
2019-10-02 05:48:12,711 [pool-47-thread-1] INFO  server.RaftServerConfigKeys (ConfUtils.java:logGet(43)) - raft.server.log.preallocated.size = 16384 (custom)
2019-10-02 05:48:12,712 [pool-47-thread-1] INFO  server.RaftServerConfigKeys (ConfUtils.java:logGet(43)) - raft.server.log.write.buffer.size = 33554432 (custom)
2019-10-02 05:48:12,711 [pool-57-thread-1] INFO  server.RaftServerConfigKeys (ConfUtils.java:logGet(43)) - raft.server.log.preallocated.size = 16384 (custom)
2019-10-02 05:48:12,712 [pool-47-thread-1] INFO  server.RaftServerConfigKeys (ConfUtils.java:logGet(43)) - raft.server.log.force.sync.num = 128 (default)
2019-10-02 05:48:12,712 [pool-77-thread-1] INFO  server.RaftServerConfigKeys (ConfUtils.java:logGet(43)) - raft.server.snapshot.auto.trigger.threshold = 10000 (custom)
2019-10-02 05:48:12,712 [pool-47-thread-1] INFO  server.RaftServerConfigKeys (ConfUtils.java:logGet(43)) - raft.server.log.statemachine.data.sync = true (default)
2019-10-02 05:48:12,712 [pool-57-thread-1] INFO  server.RaftServerConfigKeys (ConfUtils.java:logGet(43)) - raft.server.log.write.buffer.size = 33554432 (custom)
2019-10-02 05:48:12,712 [pool-47-thread-1] INFO  server.RaftServerConfigKeys (ConfUtils.java:logGet(43)) - raft.server.log.statemachine.data.sync.timeout = 10s (default)
2019-10-02 05:48:12,712 [pool-77-thread-1] INFO  server.RaftServerConfigKeys (ConfUtils.java:logGet(43)) - raft.server.snapshot.retention.file.num = 5 (custom)
2019-10-02 05:48:12,713 [pool-47-thread-1] INFO  server.RaftServerConfigKeys (ConfUtils.java:logGet(43)) - raft.server.log.statemachine.data.sync.timeout.retry = -1 (default)
2019-10-02 05:48:12,713 [pool-57-thread-1] INFO  server.RaftServerConfigKeys (ConfUtils.java:logGet(43)) - raft.server.log.force.sync.num = 128 (default)
2019-10-02 05:48:12,713 [pool-47-thread-1] INFO  server.RaftServerConfigKeys (ConfUtils.java:logGet(43)) - raft.server.log.statemachine.data.caching.enabled = true (custom)
2019-10-02 05:48:12,713 [pool-77-thread-1] INFO  server.RaftServerConfigKeys (ConfUtils.java:logGet(43)) - raft.server.retrycache.expirytime = 600000ms (custom)
2019-10-02 05:48:12,713 [pool-57-thread-1] INFO  server.RaftServerConfigKeys (ConfUtils.java:logGet(43)) - raft.server.log.statemachine.data.sync = true (default)
2019-10-02 05:48:12,713 [pool-47-thread-1] INFO  segmented.SegmentedRaftLogWorker (SegmentedRaftLogWorker.java:lambda$new$0(128)) - abe57f94-e75c-4edc-b3a9-58e47daaf051@group-A635589BB47D-SegmentedRaftLogWorker: flushIndex: setUnconditionally 0 -> -1
2019-10-02 05:48:12,714 [pool-57-thread-1] INFO  server.RaftServerConfigKeys (ConfUtils.java:logGet(43)) - raft.server.log.statemachine.data.sync.timeout = 10s (default)
2019-10-02 05:48:12,714 [pool-47-thread-1] INFO  server.RaftServerConfigKeys (ConfUtils.java:logGet(43)) - raft.server.snapshot.auto.trigger.enabled = true (custom)
2019-10-02 05:48:12,714 [pool-57-thread-1] INFO  server.RaftServerConfigKeys (ConfUtils.java:logGet(43)) - raft.server.log.statemachine.data.sync.timeout.retry = -1 (default)
2019-10-02 05:48:12,714 [pool-47-thread-1] INFO  server.RaftServerConfigKeys (ConfUtils.java:logGet(43)) - raft.server.snapshot.auto.trigger.threshold = 10000 (custom)
2019-10-02 05:48:12,714 [pool-47-thread-1] INFO  server.RaftServerConfigKeys (ConfUtils.java:logGet(43)) - raft.server.snapshot.retention.file.num = 5 (custom)
2019-10-02 05:48:12,714 [pool-57-thread-1] INFO  server.RaftServerConfigKeys (ConfUtils.java:logGet(43)) - raft.server.log.statemachine.data.caching.enabled = true (custom)
2019-10-02 05:48:12,714 [pool-47-thread-1] INFO  server.RaftServerConfigKeys (ConfUtils.java:logGet(43)) - raft.server.retrycache.expirytime = 600000ms (custom)
2019-10-02 05:48:12,715 [pool-57-thread-1] INFO  segmented.SegmentedRaftLogWorker (SegmentedRaftLogWorker.java:lambda$new$0(128)) - 13d2ee1c-0738-43ab-a5ad-515c50b1fbae@group-A635589BB47D-SegmentedRaftLogWorker: flushIndex: setUnconditionally 0 -> -1
2019-10-02 05:48:12,715 [pool-57-thread-1] INFO  server.RaftServerConfigKeys (ConfUtils.java:logGet(43)) - raft.server.snapshot.auto.trigger.enabled = true (custom)
2019-10-02 05:48:12,715 [pool-57-thread-1] INFO  server.RaftServerConfigKeys (ConfUtils.java:logGet(43)) - raft.server.snapshot.auto.trigger.threshold = 10000 (custom)
2019-10-02 05:48:12,716 [pool-57-thread-1] INFO  server.RaftServerConfigKeys (ConfUtils.java:logGet(43)) - raft.server.snapshot.retention.file.num = 5 (custom)
2019-10-02 05:48:12,716 [pool-57-thread-1] INFO  server.RaftServerConfigKeys (ConfUtils.java:logGet(43)) - raft.server.retrycache.expirytime = 600000ms (custom)
2019-10-02 05:48:12,719 [pool-47-thread-1] INFO  impl.RaftServerImpl (RaftServerImpl.java:start(181)) - abe57f94-e75c-4edc-b3a9-58e47daaf051@group-A635589BB47D: start as a follower, conf=-1: [13d2ee1c-0738-43ab-a5ad-515c50b1fbae:192.168.164.250:33826, 440b2d92-0317-41e4-b6a8-f5ef9f70ba68:192.168.164.250:38969, abe57f94-e75c-4edc-b3a9-58e47daaf051:192.168.164.250:36875], old=null
2019-10-02 05:48:12,719 [pool-47-thread-1] INFO  impl.RaftServerImpl (RaftServerImpl.java:setRole(170)) - abe57f94-e75c-4edc-b3a9-58e47daaf051@group-A635589BB47D: changes role from      null to FOLLOWER at term 0 for startAsFollower
2019-10-02 05:48:12,720 [pool-47-thread-1] INFO  impl.RoleInfo (RoleInfo.java:updateAndGet(143)) - abe57f94-e75c-4edc-b3a9-58e47daaf051: start FollowerState
2019-10-02 05:48:12,720 [pool-77-thread-1] INFO  impl.RaftServerImpl (RaftServerImpl.java:start(181)) - 440b2d92-0317-41e4-b6a8-f5ef9f70ba68@group-A635589BB47D: start as a follower, conf=-1: [13d2ee1c-0738-43ab-a5ad-515c50b1fbae:192.168.164.250:33826, 440b2d92-0317-41e4-b6a8-f5ef9f70ba68:192.168.164.250:38969, abe57f94-e75c-4edc-b3a9-58e47daaf051:192.168.164.250:36875], old=null
2019-10-02 05:48:12,720 [pool-77-thread-1] INFO  impl.RaftServerImpl (RaftServerImpl.java:setRole(170)) - 440b2d92-0317-41e4-b6a8-f5ef9f70ba68@group-A635589BB47D: changes role from      null to FOLLOWER at term 0 for startAsFollower
2019-10-02 05:48:12,720 [pool-47-thread-1] INFO  util.JmxRegister (JmxRegister.java:tryRegister(44)) - Successfully registered JMX Bean with object name Ratis:service=RaftServer,group=group-A635589BB47D,id=abe57f94-e75c-4edc-b3a9-58e47daaf051
2019-10-02 05:48:12,720 [pool-77-thread-1] INFO  impl.RoleInfo (RoleInfo.java:updateAndGet(143)) - 440b2d92-0317-41e4-b6a8-f5ef9f70ba68: start FollowerState
2019-10-02 05:48:12,721 [pool-77-thread-1] INFO  util.JmxRegister (JmxRegister.java:tryRegister(44)) - Successfully registered JMX Bean with object name Ratis:service=RaftServer,group=group-A635589BB47D,id=440b2d92-0317-41e4-b6a8-f5ef9f70ba68
2019-10-02 05:48:12,721 [pool-57-thread-1] INFO  impl.RaftServerImpl (RaftServerImpl.java:start(181)) - 13d2ee1c-0738-43ab-a5ad-515c50b1fbae@group-A635589BB47D: start as a follower, conf=-1: [13d2ee1c-0738-43ab-a5ad-515c50b1fbae:192.168.164.250:33826, 440b2d92-0317-41e4-b6a8-f5ef9f70ba68:192.168.164.250:38969, abe57f94-e75c-4edc-b3a9-58e47daaf051:192.168.164.250:36875], old=null
2019-10-02 05:48:12,721 [pool-57-thread-1] INFO  impl.RaftServerImpl (RaftServerImpl.java:setRole(170)) - 13d2ee1c-0738-43ab-a5ad-515c50b1fbae@group-A635589BB47D: changes role from      null to FOLLOWER at term 0 for startAsFollower
2019-10-02 05:48:12,721 [pool-57-thread-1] INFO  impl.RoleInfo (RoleInfo.java:updateAndGet(143)) - 13d2ee1c-0738-43ab-a5ad-515c50b1fbae: start FollowerState
2019-10-02 05:48:12,722 [pool-57-thread-1] INFO  util.JmxRegister (JmxRegister.java:tryRegister(44)) - Successfully registered JMX Bean with object name Ratis:service=RaftServer,group=group-A635589BB47D,id=13d2ee1c-0738-43ab-a5ad-515c50b1fbae
2019-10-02 05:48:13,115 [RatisPipelineUtilsThread] INFO  pipeline.PipelineStateManager (PipelineStateManager.java:addPipeline(56)) - Created pipeline Pipeline[ Id: 41ceef36-cc72-4288-89dc-a635589bb47d, Nodes: 13d2ee1c-0738-43ab-a5ad-515c50b1fbae{ip: 192.168.164.250, host: pr-trunk-p5fv4-2201032288, networkLocation: /default-rack, certSerialId: null}440b2d92-0317-41e4-b6a8-f5ef9f70ba68{ip: 192.168.164.250, host: pr-trunk-p5fv4-2201032288, networkLocation: /default-rack, certSerialId: null}abe57f94-e75c-4edc-b3a9-58e47daaf051{ip: 192.168.164.250, host: pr-trunk-p5fv4-2201032288, networkLocation: /default-rack, certSerialId: null}, Type:RATIS, Factor:THREE, State:OPEN]
2019-10-02 05:48:13,181 [grpc-default-executor-1] INFO  impl.RaftServerProxy (RaftServerProxy.java:addNew(89)) - d31a379a-b462-4e23-84c2-f59667e5dc0b: addNew group-04D66D378031:[d31a379a-b462-4e23-84c2-f59667e5dc0b:192.168.164.250:33498, 8b099941-e94c-4d44-b111-fee9636cc34f:192.168.164.250:43588, a7e49ec6-0391-473f-af1f-b7ebe60d9c8d:192.168.164.250:41993] returns group-04D66D378031:java.util.concurrent.CompletableFuture@7b200859[Not completed]
2019-10-02 05:48:13,181 [grpc-default-executor-2] INFO  impl.RaftServerProxy (RaftServerProxy.java:addNew(89)) - 8b099941-e94c-4d44-b111-fee9636cc34f: addNew group-04D66D378031:[d31a379a-b462-4e23-84c2-f59667e5dc0b:192.168.164.250:33498, 8b099941-e94c-4d44-b111-fee9636cc34f:192.168.164.250:43588, a7e49ec6-0391-473f-af1f-b7ebe60d9c8d:192.168.164.250:41993] returns group-04D66D378031:java.util.concurrent.CompletableFuture@74051c48[Not completed]
2019-10-02 05:48:13,183 [grpc-default-executor-0] INFO  impl.RaftServerProxy (RaftServerProxy.java:addNew(89)) - a7e49ec6-0391-473f-af1f-b7ebe60d9c8d: addNew group-04D66D378031:[d31a379a-b462-4e23-84c2-f59667e5dc0b:192.168.164.250:33498, 8b099941-e94c-4d44-b111-fee9636cc34f:192.168.164.250:43588, a7e49ec6-0391-473f-af1f-b7ebe60d9c8d:192.168.164.250:41993] returns group-04D66D378031:java.util.concurrent.CompletableFuture@18b0933d[Not completed]
2019-10-02 05:48:13,184 [pool-37-thread-1] INFO  impl.RaftServerImpl (RaftServerImpl.java:<init>(95)) - d31a379a-b462-4e23-84c2-f59667e5dc0b: new RaftServerImpl for group-04D66D378031:[d31a379a-b462-4e23-84c2-f59667e5dc0b:192.168.164.250:33498, 8b099941-e94c-4d44-b111-fee9636cc34f:192.168.164.250:43588, a7e49ec6-0391-473f-af1f-b7ebe60d9c8d:192.168.164.250:41993] with ContainerStateMachine:uninitialized
2019-10-02 05:48:13,184 [pool-37-thread-1] INFO  server.RaftServerConfigKeys (ConfUtils.java:logGet(43)) - raft.server.rpc.timeout.min = 5s (custom)
2019-10-02 05:48:13,184 [pool-37-thread-1] INFO  server.RaftServerConfigKeys (ConfUtils.java:logGet(43)) - raft.server.rpc.timeout.max = 5200ms (custom)
2019-10-02 05:48:13,184 [pool-37-thread-1] INFO  server.RaftServerConfigKeys (ConfUtils.java:logGet(43)) - raft.server.rpcslowness.timeout = 120s (custom)
2019-10-02 05:48:13,184 [pool-37-thread-1] INFO  server.RaftServerConfigKeys (ConfUtils.java:logGet(43)) - raft.server.sleep.deviation.threshold = 300 (default)
2019-10-02 05:48:13,185 [pool-37-thread-1] INFO  server.RaftServerConfigKeys (ConfUtils.java:logGet(43)) - raft.server.log.appender.install.snapshot.enabled = false (custom)
2019-10-02 05:48:13,185 [pool-37-thread-1] INFO  impl.RaftServerImpl (ServerState.java:<init>(103)) - d31a379a-b462-4e23-84c2-f59667e5dc0b@group-04D66D378031: ConfigurationManager, init=-1: [d31a379a-b462-4e23-84c2-f59667e5dc0b:192.168.164.250:33498, 8b099941-e94c-4d44-b111-fee9636cc34f:192.168.164.250:43588, a7e49ec6-0391-473f-af1f-b7ebe60d9c8d:192.168.164.250:41993], old=null, confs=<EMPTY_MAP>
2019-10-02 05:48:13,185 [pool-37-thread-1] INFO  server.RaftServerConfigKeys (ConfUtils.java:logGet(43)) - raft.server.storage.dir = [/workdir/hadoop-ozone/integration-test/target/test-dir/MiniOzoneClusterImpl-96702981-7b9c-49f5-b2c8-8280b9e400ec/datanode-1/data/ratis] (custom)
2019-10-02 05:48:13,185 [pool-27-thread-1] INFO  impl.RaftServerImpl (RaftServerImpl.java:<init>(95)) - a7e49ec6-0391-473f-af1f-b7ebe60d9c8d: new RaftServerImpl for group-04D66D378031:[d31a379a-b462-4e23-84c2-f59667e5dc0b:192.168.164.250:33498, 8b099941-e94c-4d44-b111-fee9636cc34f:192.168.164.250:43588, a7e49ec6-0391-473f-af1f-b7ebe60d9c8d:192.168.164.250:41993] with ContainerStateMachine:uninitialized
2019-10-02 05:48:13,185 [pool-37-thread-1] INFO  server.RaftServerConfigKeys (ConfUtils.java:logGet(43)) - raft.server.log.corruption.policy = EXCEPTION (default)
2019-10-02 05:48:13,185 [pool-27-thread-1] INFO  server.RaftServerConfigKeys (ConfUtils.java:logGet(43)) - raft.server.rpc.timeout.min = 5s (custom)
2019-10-02 05:48:13,185 [pool-37-thread-1] INFO  storage.RaftStorageDirectory (RaftStorageDirectory.java:analyzeStorage(246)) - The storage directory /workdir/hadoop-ozone/integration-test/target/test-dir/MiniOzoneClusterImpl-96702981-7b9c-49f5-b2c8-8280b9e400ec/datanode-1/data/ratis/f164c1c8-0f2c-4cc6-83da-04d66d378031 does not exist. Creating ...
2019-10-02 05:48:13,185 [pool-27-thread-1] INFO  server.RaftServerConfigKeys (ConfUtils.java:logGet(43)) - raft.server.rpc.timeout.max = 5200ms (custom)
2019-10-02 05:48:13,186 [pool-27-thread-1] INFO  server.RaftServerConfigKeys (ConfUtils.java:logGet(43)) - raft.server.rpcslowness.timeout = 120s (custom)
2019-10-02 05:48:13,186 [pool-27-thread-1] INFO  server.RaftServerConfigKeys (ConfUtils.java:logGet(43)) - raft.server.sleep.deviation.threshold = 300 (default)
2019-10-02 05:48:13,186 [pool-27-thread-1] INFO  server.RaftServerConfigKeys (ConfUtils.java:logGet(43)) - raft.server.log.appender.install.snapshot.enabled = false (custom)
2019-10-02 05:48:13,186 [pool-67-thread-1] INFO  impl.RaftServerImpl (RaftServerImpl.java:<init>(95)) - 8b099941-e94c-4d44-b111-fee9636cc34f: new RaftServerImpl for group-04D66D378031:[d31a379a-b462-4e23-84c2-f59667e5dc0b:192.168.164.250:33498, 8b099941-e94c-4d44-b111-fee9636cc34f:192.168.164.250:43588, a7e49ec6-0391-473f-af1f-b7ebe60d9c8d:192.168.164.250:41993] with ContainerStateMachine:uninitialized
2019-10-02 05:48:13,186 [pool-27-thread-1] INFO  impl.RaftServerImpl (ServerState.java:<init>(103)) - a7e49ec6-0391-473f-af1f-b7ebe60d9c8d@group-04D66D378031: ConfigurationManager, init=-1: [d31a379a-b462-4e23-84c2-f59667e5dc0b:192.168.164.250:33498, 8b099941-e94c-4d44-b111-fee9636cc34f:192.168.164.250:43588, a7e49ec6-0391-473f-af1f-b7ebe60d9c8d:192.168.164.250:41993], old=null, confs=<EMPTY_MAP>
2019-10-02 05:48:13,186 [pool-67-thread-1] INFO  server.RaftServerConfigKeys (ConfUtils.java:logGet(43)) - raft.server.rpc.timeout.min = 5s (custom)
2019-10-02 05:48:13,186 [pool-27-thread-1] INFO  server.RaftServerConfigKeys (ConfUtils.java:logGet(43)) - raft.server.storage.dir = [/workdir/hadoop-ozone/integration-test/target/test-dir/MiniOzoneClusterImpl-96702981-7b9c-49f5-b2c8-8280b9e400ec/datanode-0/data/ratis] (custom)
2019-10-02 05:48:13,186 [pool-67-thread-1] INFO  server.RaftServerConfigKeys (ConfUtils.java:logGet(43)) - raft.server.rpc.timeout.max = 5200ms (custom)
2019-10-02 05:48:13,186 [pool-67-thread-1] INFO  server.RaftServerConfigKeys (ConfUtils.java:logGet(43)) - raft.server.rpcslowness.timeout = 120s (custom)
2019-10-02 05:48:13,186 [pool-27-thread-1] INFO  server.RaftServerConfigKeys (ConfUtils.java:logGet(43)) - raft.server.log.corruption.policy = EXCEPTION (default)
2019-10-02 05:48:13,187 [pool-67-thread-1] INFO  server.RaftServerConfigKeys (ConfUtils.java:logGet(43)) - raft.server.sleep.deviation.threshold = 300 (default)
2019-10-02 05:48:13,187 [pool-27-thread-1] INFO  storage.RaftStorageDirectory (RaftStorageDirectory.java:analyzeStorage(246)) - The storage directory /workdir/hadoop-ozone/integration-test/target/test-dir/MiniOzoneClusterImpl-96702981-7b9c-49f5-b2c8-8280b9e400ec/datanode-0/data/ratis/f164c1c8-0f2c-4cc6-83da-04d66d378031 does not exist. Creating ...
2019-10-02 05:48:13,187 [pool-67-thread-1] INFO  server.RaftServerConfigKeys (ConfUtils.java:logGet(43)) - raft.server.log.appender.install.snapshot.enabled = false (custom)
2019-10-02 05:48:13,187 [pool-67-thread-1] INFO  impl.RaftServerImpl (ServerState.java:<init>(103)) - 8b099941-e94c-4d44-b111-fee9636cc34f@group-04D66D378031: ConfigurationManager, init=-1: [d31a379a-b462-4e23-84c2-f59667e5dc0b:192.168.164.250:33498, 8b099941-e94c-4d44-b111-fee9636cc34f:192.168.164.250:43588, a7e49ec6-0391-473f-af1f-b7ebe60d9c8d:192.168.164.250:41993], old=null, confs=<EMPTY_MAP>
2019-10-02 05:48:13,187 [pool-67-thread-1] INFO  server.RaftServerConfigKeys (ConfUtils.java:logGet(43)) - raft.server.storage.dir = [/workdir/hadoop-ozone/integration-test/target/test-dir/MiniOzoneClusterImpl-96702981-7b9c-49f5-b2c8-8280b9e400ec/datanode-4/data/ratis] (custom)
2019-10-02 05:48:13,187 [pool-67-thread-1] INFO  server.RaftServerConfigKeys (ConfUtils.java:logGet(43)) - raft.server.log.corruption.policy = EXCEPTION (default)
2019-10-02 05:48:13,188 [pool-67-thread-1] INFO  storage.RaftStorageDirectory (RaftStorageDirectory.java:analyzeStorage(246)) - The storage directory /workdir/hadoop-ozone/integration-test/target/test-dir/MiniOzoneClusterImpl-96702981-7b9c-49f5-b2c8-8280b9e400ec/datanode-4/data/ratis/f164c1c8-0f2c-4cc6-83da-04d66d378031 does not exist. Creating ...
2019-10-02 05:48:13,212 [pool-37-thread-1] INFO  storage.RaftStorageDirectory (RaftStorageDirectory.java:tryLock(328)) - Lock on /workdir/hadoop-ozone/integration-test/target/test-dir/MiniOzoneClusterImpl-96702981-7b9c-49f5-b2c8-8280b9e400ec/datanode-1/data/ratis/f164c1c8-0f2c-4cc6-83da-04d66d378031/in_use.lock acquired by nodename 32484@pr-trunk-p5fv4-2201032288
2019-10-02 05:48:13,212 [pool-67-thread-1] INFO  storage.RaftStorageDirectory (RaftStorageDirectory.java:tryLock(328)) - Lock on /workdir/hadoop-ozone/integration-test/target/test-dir/MiniOzoneClusterImpl-96702981-7b9c-49f5-b2c8-8280b9e400ec/datanode-4/data/ratis/f164c1c8-0f2c-4cc6-83da-04d66d378031/in_use.lock acquired by nodename 32484@pr-trunk-p5fv4-2201032288
2019-10-02 05:48:13,212 [pool-27-thread-1] INFO  storage.RaftStorageDirectory (RaftStorageDirectory.java:tryLock(328)) - Lock on /workdir/hadoop-ozone/integration-test/target/test-dir/MiniOzoneClusterImpl-96702981-7b9c-49f5-b2c8-8280b9e400ec/datanode-0/data/ratis/f164c1c8-0f2c-4cc6-83da-04d66d378031/in_use.lock acquired by nodename 32484@pr-trunk-p5fv4-2201032288
2019-10-02 05:48:13,225 [pool-67-thread-1] INFO  storage.RaftStorage (RaftStorage.java:format(84)) - Storage directory /workdir/hadoop-ozone/integration-test/target/test-dir/MiniOzoneClusterImpl-96702981-7b9c-49f5-b2c8-8280b9e400ec/datanode-4/data/ratis/f164c1c8-0f2c-4cc6-83da-04d66d378031 has been successfully formatted.
2019-10-02 05:48:13,225 [pool-37-thread-1] INFO  storage.RaftStorage (RaftStorage.java:format(84)) - Storage directory /workdir/hadoop-ozone/integration-test/target/test-dir/MiniOzoneClusterImpl-96702981-7b9c-49f5-b2c8-8280b9e400ec/datanode-1/data/ratis/f164c1c8-0f2c-4cc6-83da-04d66d378031 has been successfully formatted.
2019-10-02 05:48:13,225 [pool-27-thread-1] INFO  storage.RaftStorage (RaftStorage.java:format(84)) - Storage directory /workdir/hadoop-ozone/integration-test/target/test-dir/MiniOzoneClusterImpl-96702981-7b9c-49f5-b2c8-8280b9e400ec/datanode-0/data/ratis/f164c1c8-0f2c-4cc6-83da-04d66d378031 has been successfully formatted.
2019-10-02 05:48:13,226 [pool-67-thread-1] INFO  ratis.ContainerStateMachine (ContainerStateMachine.java:loadSnapshot(231)) - group-04D66D378031: The snapshot info is null. Setting the last applied indexto:(t:0, i:~)
2019-10-02 05:48:13,226 [pool-37-thread-1] INFO  ratis.ContainerStateMachine (ContainerStateMachine.java:loadSnapshot(231)) - group-04D66D378031: The snapshot info is null. Setting the last applied indexto:(t:0, i:~)
2019-10-02 05:48:13,226 [pool-27-thread-1] INFO  ratis.ContainerStateMachine (ContainerStateMachine.java:loadSnapshot(231)) - group-04D66D378031: The snapshot info is null. Setting the last applied indexto:(t:0, i:~)
2019-10-02 05:48:13,226 [pool-67-thread-1] INFO  server.RaftServerConfigKeys (ConfUtils.java:logGet(43)) - raft.server.notification.no-leader.timeout = 120s (custom)
2019-10-02 05:48:13,226 [pool-37-thread-1] INFO  server.RaftServerConfigKeys (ConfUtils.java:logGet(43)) - raft.server.notification.no-leader.timeout = 120s (custom)
2019-10-02 05:48:13,226 [pool-67-thread-1] INFO  server.RaftServerConfigKeys (ConfUtils.java:logGet(43)) - raft.server.log.use.memory = false (default)
2019-10-02 05:48:13,226 [pool-27-thread-1] INFO  server.RaftServerConfigKeys (ConfUtils.java:logGet(43)) - raft.server.notification.no-leader.timeout = 120s (custom)
2019-10-02 05:48:13,227 [pool-67-thread-1] INFO  server.RaftServerConfigKeys (ConfUtils.java:logGet(43)) - raft.server.log.purge.gap = 1000000 (custom)
2019-10-02 05:48:13,227 [pool-37-thread-1] INFO  server.RaftServerConfigKeys (ConfUtils.java:logGet(43)) - raft.server.log.use.memory = false (default)
2019-10-02 05:48:13,227 [pool-67-thread-1] INFO  server.RaftServerConfigKeys (ConfUtils.java:logGet(43)) - raft.server.log.appender.buffer.byte-limit = 33554432 (custom)
2019-10-02 05:48:13,227 [pool-27-thread-1] INFO  server.RaftServerConfigKeys (ConfUtils.java:logGet(43)) - raft.server.log.use.memory = false (default)
2019-10-02 05:48:13,227 [pool-67-thread-1] INFO  server.RaftServerConfigKeys (ConfUtils.java:logGet(43)) - raft.server.log.segment.size.max = 1048576 (custom)
2019-10-02 05:48:13,227 [pool-37-thread-1] INFO  server.RaftServerConfigKeys (ConfUtils.java:logGet(43)) - raft.server.log.purge.gap = 1000000 (custom)
2019-10-02 05:48:13,227 [pool-67-thread-1] INFO  server.RaftServerConfigKeys (ConfUtils.java:logGet(43)) - raft.server.log.segment.cache.num.max = 2 (custom)
2019-10-02 05:48:13,227 [pool-27-thread-1] INFO  server.RaftServerConfigKeys (ConfUtils.java:logGet(43)) - raft.server.log.purge.gap = 1000000 (custom)
2019-10-02 05:48:13,228 [pool-67-thread-1] INFO  segmented.SegmentedRaftLogWorker (SegmentedRaftLogWorker.java:<init>(173)) - new 8b099941-e94c-4d44-b111-fee9636cc34f@group-04D66D378031-SegmentedRaftLogWorker for RaftStorage:Storage Directory /workdir/hadoop-ozone/integration-test/target/test-dir/MiniOzoneClusterImpl-96702981-7b9c-49f5-b2c8-8280b9e400ec/datanode-4/data/ratis/f164c1c8-0f2c-4cc6-83da-04d66d378031
2019-10-02 05:48:13,228 [pool-37-thread-1] INFO  server.RaftServerConfigKeys (ConfUtils.java:logGet(43)) - raft.server.log.appender.buffer.byte-limit = 33554432 (custom)
2019-10-02 05:48:13,228 [pool-67-thread-1] INFO  server.RaftServerConfigKeys (ConfUtils.java:logGet(43)) - raft.server.log.queue.byte-limit = 2147483647 (custom)
2019-10-02 05:48:13,228 [pool-27-thread-1] INFO  server.RaftServerConfigKeys (ConfUtils.java:logGet(43)) - raft.server.log.appender.buffer.byte-limit = 33554432 (custom)
2019-10-02 05:48:13,228 [pool-67-thread-1] INFO  server.RaftServerConfigKeys (ConfUtils.java:logGet(43)) - raft.server.log.queue.element-limit = 1024 (custom)
2019-10-02 05:48:13,228 [pool-37-thread-1] INFO  server.RaftServerConfigKeys (ConfUtils.java:logGet(43)) - raft.server.log.segment.size.max = 1048576 (custom)
2019-10-02 05:48:13,228 [pool-67-thread-1] INFO  server.RaftServerConfigKeys (ConfUtils.java:logGet(43)) - raft.server.log.segment.size.max = 1048576 (custom)
2019-10-02 05:48:13,228 [pool-27-thread-1] INFO  server.RaftServerConfigKeys (ConfUtils.java:logGet(43)) - raft.server.log.segment.size.max = 1048576 (custom)
2019-10-02 05:48:13,229 [pool-67-thread-1] INFO  server.RaftServerConfigKeys (ConfUtils.java:logGet(43)) - raft.server.log.preallocated.size = 16384 (custom)
2019-10-02 05:48:13,228 [pool-37-thread-1] INFO  server.RaftServerConfigKeys (ConfUtils.java:logGet(43)) - raft.server.log.segment.cache.num.max = 2 (custom)
2019-10-02 05:48:13,229 [pool-67-thread-1] INFO  server.RaftServerConfigKeys (ConfUtils.java:logGet(43)) - raft.server.log.write.buffer.size = 33554432 (custom)
2019-10-02 05:48:13,229 [pool-27-thread-1] INFO  server.RaftServerConfigKeys (ConfUtils.java:logGet(43)) - raft.server.log.segment.cache.num.max = 2 (custom)
2019-10-02 05:48:13,232 [pool-67-thread-1] INFO  server.RaftServerConfigKeys (ConfUtils.java:logGet(43)) - raft.server.log.force.sync.num = 128 (default)
2019-10-02 05:48:13,231 [pool-37-thread-1] INFO  segmented.SegmentedRaftLogWorker (SegmentedRaftLogWorker.java:<init>(173)) - new d31a379a-b462-4e23-84c2-f59667e5dc0b@group-04D66D378031-SegmentedRaftLogWorker for RaftStorage:Storage Directory /workdir/hadoop-ozone/integration-test/target/test-dir/MiniOzoneClusterImpl-96702981-7b9c-49f5-b2c8-8280b9e400ec/datanode-1/data/ratis/f164c1c8-0f2c-4cc6-83da-04d66d378031
2019-10-02 05:48:13,232 [pool-67-thread-1] INFO  server.RaftServerConfigKeys (ConfUtils.java:logGet(43)) - raft.server.log.statemachine.data.sync = true (default)
2019-10-02 05:48:13,232 [pool-27-thread-1] INFO  segmented.SegmentedRaftLogWorker (SegmentedRaftLogWorker.java:<init>(173)) - new a7e49ec6-0391-473f-af1f-b7ebe60d9c8d@group-04D66D378031-SegmentedRaftLogWorker for RaftStorage:Storage Directory /workdir/hadoop-ozone/integration-test/target/test-dir/MiniOzoneClusterImpl-96702981-7b9c-49f5-b2c8-8280b9e400ec/datanode-0/data/ratis/f164c1c8-0f2c-4cc6-83da-04d66d378031
2019-10-02 05:48:13,232 [pool-67-thread-1] INFO  server.RaftServerConfigKeys (ConfUtils.java:logGet(43)) - raft.server.log.statemachine.data.sync.timeout = 10s (default)
2019-10-02 05:48:13,232 [pool-37-thread-1] INFO  server.RaftServerConfigKeys (ConfUtils.java:logGet(43)) - raft.server.log.queue.byte-limit = 2147483647 (custom)
2019-10-02 05:48:13,233 [pool-67-thread-1] INFO  server.RaftServerConfigKeys (ConfUtils.java:logGet(43)) - raft.server.log.statemachine.data.sync.timeout.retry = -1 (default)
2019-10-02 05:48:13,232 [pool-27-thread-1] INFO  server.RaftServerConfigKeys (ConfUtils.java:logGet(43)) - raft.server.log.queue.byte-limit = 2147483647 (custom)
2019-10-02 05:48:13,233 [pool-67-thread-1] INFO  server.RaftServerConfigKeys (ConfUtils.java:logGet(43)) - raft.server.log.statemachine.data.caching.enabled = true (custom)
2019-10-02 05:48:13,233 [pool-37-thread-1] INFO  server.RaftServerConfigKeys (ConfUtils.java:logGet(43)) - raft.server.log.queue.element-limit = 1024 (custom)
2019-10-02 05:48:13,233 [pool-67-thread-1] INFO  segmented.SegmentedRaftLogWorker (SegmentedRaftLogWorker.java:lambda$new$0(128)) - 8b099941-e94c-4d44-b111-fee9636cc34f@group-04D66D378031-SegmentedRaftLogWorker: flushIndex: setUnconditionally 0 -> -1
2019-10-02 05:48:13,233 [pool-27-thread-1] INFO  server.RaftServerConfigKeys (ConfUtils.java:logGet(43)) - raft.server.log.queue.element-limit = 1024 (custom)
2019-10-02 05:48:13,233 [pool-37-thread-1] INFO  server.RaftServerConfigKeys (ConfUtils.java:logGet(43)) - raft.server.log.segment.size.max = 1048576 (custom)
2019-10-02 05:48:13,233 [pool-27-thread-1] INFO  server.RaftServerConfigKeys (ConfUtils.java:logGet(43)) - raft.server.log.segment.size.max = 1048576 (custom)
2019-10-02 05:48:13,233 [pool-67-thread-1] INFO  server.RaftServerConfigKeys (ConfUtils.java:logGet(43)) - raft.server.snapshot.auto.trigger.enabled = true (custom)
2019-10-02 05:48:13,234 [pool-27-thread-1] INFO  server.RaftServerConfigKeys (ConfUtils.java:logGet(43)) - raft.server.log.preallocated.size = 16384 (custom)
2019-10-02 05:48:13,234 [pool-37-thread-1] INFO  server.RaftServerConfigKeys (ConfUtils.java:logGet(43)) - raft.server.log.preallocated.size = 16384 (custom)
2019-10-02 05:48:13,234 [pool-27-thread-1] INFO  server.RaftServerConfigKeys (ConfUtils.java:logGet(43)) - raft.server.log.write.buffer.size = 33554432 (custom)
2019-10-02 05:48:13,234 [pool-67-thread-1] INFO  server.RaftServerConfigKeys (ConfUtils.java:logGet(43)) - raft.server.snapshot.auto.trigger.threshold = 10000 (custom)
2019-10-02 05:48:13,234 [pool-27-thread-1] INFO  server.RaftServerConfigKeys (ConfUtils.java:logGet(43)) - raft.server.log.force.sync.num = 128 (default)
2019-10-02 05:48:13,234 [pool-37-thread-1] INFO  server.RaftServerConfigKeys (ConfUtils.java:logGet(43)) - raft.server.log.write.buffer.size = 33554432 (custom)
2019-10-02 05:48:13,234 [pool-27-thread-1] INFO  server.RaftServerConfigKeys (ConfUtils.java:logGet(43)) - raft.server.log.statemachine.data.sync = true (default)
2019-10-02 05:48:13,234 [pool-67-thread-1] INFO  server.RaftServerConfigKeys (ConfUtils.java:logGet(43)) - raft.server.snapshot.retention.file.num = 5 (custom)
2019-10-02 05:48:13,235 [pool-27-thread-1] INFO  server.RaftServerConfigKeys (ConfUtils.java:logGet(43)) - raft.server.log.statemachine.data.sync.timeout = 10s (default)
2019-10-02 05:48:13,235 [pool-37-thread-1] INFO  server.RaftServerConfigKeys (ConfUtils.java:logGet(43)) - raft.server.log.force.sync.num = 128 (default)
2019-10-02 05:48:13,235 [pool-27-thread-1] INFO  server.RaftServerConfigKeys (ConfUtils.java:logGet(43)) - raft.server.log.statemachine.data.sync.timeout.retry = -1 (default)
2019-10-02 05:48:13,235 [pool-67-thread-1] INFO  server.RaftServerConfigKeys (ConfUtils.java:logGet(43)) - raft.server.retrycache.expirytime = 600000ms (custom)
2019-10-02 05:48:13,235 [pool-37-thread-1] INFO  server.RaftServerConfigKeys (ConfUtils.java:logGet(43)) - raft.server.log.statemachine.data.sync = true (default)
2019-10-02 05:48:13,235 [pool-27-thread-1] INFO  server.RaftServerConfigKeys (ConfUtils.java:logGet(43)) - raft.server.log.statemachine.data.caching.enabled = true (custom)
2019-10-02 05:48:13,235 [pool-37-thread-1] INFO  server.RaftServerConfigKeys (ConfUtils.java:logGet(43)) - raft.server.log.statemachine.data.sync.timeout = 10s (default)
2019-10-02 05:48:13,236 [pool-27-thread-1] INFO  segmented.SegmentedRaftLogWorker (SegmentedRaftLogWorker.java:lambda$new$0(128)) - a7e49ec6-0391-473f-af1f-b7ebe60d9c8d@group-04D66D378031-SegmentedRaftLogWorker: flushIndex: setUnconditionally 0 -> -1
2019-10-02 05:48:13,236 [pool-37-thread-1] INFO  server.RaftServerConfigKeys (ConfUtils.java:logGet(43)) - raft.server.log.statemachine.data.sync.timeout.retry = -1 (default)
2019-10-02 05:48:13,236 [pool-37-thread-1] INFO  server.RaftServerConfigKeys (ConfUtils.java:logGet(43)) - raft.server.log.statemachine.data.caching.enabled = true (custom)
2019-10-02 05:48:13,236 [pool-27-thread-1] INFO  server.RaftServerConfigKeys (ConfUtils.java:logGet(43)) - raft.server.snapshot.auto.trigger.enabled = true (custom)
2019-10-02 05:48:13,236 [pool-27-thread-1] INFO  server.RaftServerConfigKeys (ConfUtils.java:logGet(43)) - raft.server.snapshot.auto.trigger.threshold = 10000 (custom)
2019-10-02 05:48:13,236 [pool-37-thread-1] INFO  segmented.SegmentedRaftLogWorker (SegmentedRaftLogWorker.java:lambda$new$0(128)) - d31a379a-b462-4e23-84c2-f59667e5dc0b@group-04D66D378031-SegmentedRaftLogWorker: flushIndex: setUnconditionally 0 -> -1
2019-10-02 05:48:13,237 [pool-27-thread-1] INFO  server.RaftServerConfigKeys (ConfUtils.java:logGet(43)) - raft.server.snapshot.retention.file.num = 5 (custom)
2019-10-02 05:48:13,237 [pool-37-thread-1] INFO  server.RaftServerConfigKeys (ConfUtils.java:logGet(43)) - raft.server.snapshot.auto.trigger.enabled = true (custom)
2019-10-02 05:48:13,237 [pool-27-thread-1] INFO  server.RaftServerConfigKeys (ConfUtils.java:logGet(43)) - raft.server.retrycache.expirytime = 600000ms (custom)
2019-10-02 05:48:13,237 [pool-37-thread-1] INFO  server.RaftServerConfigKeys (ConfUtils.java:logGet(43)) - raft.server.snapshot.auto.trigger.threshold = 10000 (custom)
2019-10-02 05:48:13,237 [pool-67-thread-1] INFO  impl.RaftServerImpl (RaftServerImpl.java:start(181)) - 8b099941-e94c-4d44-b111-fee9636cc34f@group-04D66D378031: start as a follower, conf=-1: [d31a379a-b462-4e23-84c2-f59667e5dc0b:192.168.164.250:33498, 8b099941-e94c-4d44-b111-fee9636cc34f:192.168.164.250:43588, a7e49ec6-0391-473f-af1f-b7ebe60d9c8d:192.168.164.250:41993], old=null
2019-10-02 05:48:13,237 [pool-37-thread-1] INFO  server.RaftServerConfigKeys (ConfUtils.java:logGet(43)) - raft.server.snapshot.retention.file.num = 5 (custom)
2019-10-02 05:48:13,237 [pool-67-thread-1] INFO  impl.RaftServerImpl (RaftServerImpl.java:setRole(170)) - 8b099941-e94c-4d44-b111-fee9636cc34f@group-04D66D378031: changes role from      null to FOLLOWER at term 0 for startAsFollower
2019-10-02 05:48:13,238 [pool-37-thread-1] INFO  server.RaftServerConfigKeys (ConfUtils.java:logGet(43)) - raft.server.retrycache.expirytime = 600000ms (custom)
2019-10-02 05:48:13,238 [pool-67-thread-1] INFO  impl.RoleInfo (RoleInfo.java:updateAndGet(143)) - 8b099941-e94c-4d44-b111-fee9636cc34f: start FollowerState
2019-10-02 05:48:13,238 [pool-67-thread-1] INFO  util.JmxRegister (JmxRegister.java:tryRegister(44)) - Successfully registered JMX Bean with object name Ratis:service=RaftServer,group=group-04D66D378031,id=8b099941-e94c-4d44-b111-fee9636cc34f
2019-10-02 05:48:13,240 [pool-27-thread-1] INFO  impl.RaftServerImpl (RaftServerImpl.java:start(181)) - a7e49ec6-0391-473f-af1f-b7ebe60d9c8d@group-04D66D378031: start as a follower, conf=-1: [d31a379a-b462-4e23-84c2-f59667e5dc0b:192.168.164.250:33498, 8b099941-e94c-4d44-b111-fee9636cc34f:192.168.164.250:43588, a7e49ec6-0391-473f-af1f-b7ebe60d9c8d:192.168.164.250:41993], old=null
2019-10-02 05:48:13,240 [pool-27-thread-1] INFO  impl.RaftServerImpl (RaftServerImpl.java:setRole(170)) - a7e49ec6-0391-473f-af1f-b7ebe60d9c8d@group-04D66D378031: changes role from      null to FOLLOWER at term 0 for startAsFollower
2019-10-02 05:48:13,240 [pool-27-thread-1] INFO  impl.RoleInfo (RoleInfo.java:updateAndGet(143)) - a7e49ec6-0391-473f-af1f-b7ebe60d9c8d: start FollowerState
2019-10-02 05:48:13,241 [pool-27-thread-1] INFO  util.JmxRegister (JmxRegister.java:tryRegister(44)) - Successfully registered JMX Bean with object name Ratis:service=RaftServer,group=group-04D66D378031,id=a7e49ec6-0391-473f-af1f-b7ebe60d9c8d
2019-10-02 05:48:13,241 [pool-37-thread-1] INFO  impl.RaftServerImpl (RaftServerImpl.java:start(181)) - d31a379a-b462-4e23-84c2-f59667e5dc0b@group-04D66D378031: start as a follower, conf=-1: [d31a379a-b462-4e23-84c2-f59667e5dc0b:192.168.164.250:33498, 8b099941-e94c-4d44-b111-fee9636cc34f:192.168.164.250:43588, a7e49ec6-0391-473f-af1f-b7ebe60d9c8d:192.168.164.250:41993], old=null
2019-10-02 05:48:13,241 [pool-37-thread-1] INFO  impl.RaftServerImpl (RaftServerImpl.java:setRole(170)) - d31a379a-b462-4e23-84c2-f59667e5dc0b@group-04D66D378031: changes role from      null to FOLLOWER at term 0 for startAsFollower
2019-10-02 05:48:13,242 [pool-37-thread-1] INFO  impl.RoleInfo (RoleInfo.java:updateAndGet(143)) - d31a379a-b462-4e23-84c2-f59667e5dc0b: start FollowerState
2019-10-02 05:48:13,242 [pool-37-thread-1] INFO  util.JmxRegister (JmxRegister.java:tryRegister(44)) - Successfully registered JMX Bean with object name Ratis:service=RaftServer,group=group-04D66D378031,id=d31a379a-b462-4e23-84c2-f59667e5dc0b
2019-10-02 05:48:13,265 [RatisPipelineUtilsThread] INFO  pipeline.PipelineStateManager (PipelineStateManager.java:addPipeline(56)) - Created pipeline Pipeline[ Id: f164c1c8-0f2c-4cc6-83da-04d66d378031, Nodes: a7e49ec6-0391-473f-af1f-b7ebe60d9c8d{ip: 192.168.164.250, host: pr-trunk-p5fv4-2201032288, networkLocation: /default-rack, certSerialId: null}d31a379a-b462-4e23-84c2-f59667e5dc0b{ip: 192.168.164.250, host: pr-trunk-p5fv4-2201032288, networkLocation: /default-rack, certSerialId: null}8b099941-e94c-4d44-b111-fee9636cc34f{ip: 192.168.164.250, host: pr-trunk-p5fv4-2201032288, networkLocation: /default-rack, certSerialId: null}, Type:RATIS, Factor:THREE, State:OPEN]
2019-10-02 05:48:13,347 [main] INFO  impl.MetricsSystemImpl (MetricsSystemImpl.java:init(158)) - XceiverClientMetrics metrics system started (again)
2019-10-02 05:48:14,070 [Thread-238] INFO  container.ReplicationManager (ReplicationManager.java:start(162)) - Starting Replication Monitor Thread.
2019-10-02 05:48:14,076 [ReplicationMonitor] INFO  container.ReplicationManager (ReplicationManager.java:run(225)) - Replication Monitor Thread took 2 milliseconds for processing 1 containers.
2019-10-02 05:48:17,046 [Thread-241] INFO  impl.FollowerState (FollowerState.java:run(108)) - a7e49ec6-0391-473f-af1f-b7ebe60d9c8d@group-2B9C2FA25DC7-FollowerState: change to CANDIDATE, lastRpcTime:5156ms, electionTimeout:5156ms
2019-10-02 05:48:17,052 [Thread-241] INFO  impl.RoleInfo (RoleInfo.java:shutdownFollowerState(121)) - a7e49ec6-0391-473f-af1f-b7ebe60d9c8d: shutdown FollowerState
2019-10-02 05:48:17,052 [Thread-241] INFO  impl.RaftServerImpl (RaftServerImpl.java:setRole(170)) - a7e49ec6-0391-473f-af1f-b7ebe60d9c8d@group-2B9C2FA25DC7: changes role from  FOLLOWER to CANDIDATE at term 0 for changeToCandidate
2019-10-02 05:48:17,060 [Thread-241] INFO  impl.RoleInfo (RoleInfo.java:updateAndGet(143)) - a7e49ec6-0391-473f-af1f-b7ebe60d9c8d: start LeaderElection
2019-10-02 05:48:17,108 [a7e49ec6-0391-473f-af1f-b7ebe60d9c8d@group-2B9C2FA25DC7-LeaderElection1] INFO  impl.LeaderElection (LeaderElection.java:askForVotes(178)) - a7e49ec6-0391-473f-af1f-b7ebe60d9c8d@group-2B9C2FA25DC7-LeaderElection1: begin an election at term 1 for -1: [a7e49ec6-0391-473f-af1f-b7ebe60d9c8d:192.168.164.250:41993], old=null
2019-10-02 05:48:17,110 [a7e49ec6-0391-473f-af1f-b7ebe60d9c8d@group-2B9C2FA25DC7-LeaderElection1] INFO  impl.RoleInfo (RoleInfo.java:shutdownLeaderElection(134)) - a7e49ec6-0391-473f-af1f-b7ebe60d9c8d: shutdown LeaderElection
2019-10-02 05:48:17,110 [a7e49ec6-0391-473f-af1f-b7ebe60d9c8d@group-2B9C2FA25DC7-LeaderElection1] INFO  impl.RaftServerImpl (RaftServerImpl.java:setRole(170)) - a7e49ec6-0391-473f-af1f-b7ebe60d9c8d@group-2B9C2FA25DC7: changes role from CANDIDATE to LEADER at term 1 for changeToLeader
2019-10-02 05:48:17,110 [a7e49ec6-0391-473f-af1f-b7ebe60d9c8d@group-2B9C2FA25DC7-LeaderElection1] INFO  impl.RaftServerImpl (ServerState.java:setLeader(255)) - a7e49ec6-0391-473f-af1f-b7ebe60d9c8d@group-2B9C2FA25DC7: change Leader from null to a7e49ec6-0391-473f-af1f-b7ebe60d9c8d at term 1 for becomeLeader, leader elected after 5346ms
2019-10-02 05:48:17,117 [a7e49ec6-0391-473f-af1f-b7ebe60d9c8d@group-2B9C2FA25DC7-LeaderElection1] INFO  server.RaftServerConfigKeys (ConfUtils.java:logGet(43)) - raft.server.staging.catchup.gap = 1000 (default)
2019-10-02 05:48:17,118 [a7e49ec6-0391-473f-af1f-b7ebe60d9c8d@group-2B9C2FA25DC7-LeaderElection1] INFO  server.RaftServerConfigKeys (ConfUtils.java:logGet(43)) - raft.server.rpc.sleep.time = 25ms (default)
2019-10-02 05:48:17,121 [a7e49ec6-0391-473f-af1f-b7ebe60d9c8d@group-2B9C2FA25DC7-LeaderElection1] INFO  server.RaftServerConfigKeys (ConfUtils.java:logGet(43)) - raft.server.write.element-limit = 4096 (default)
2019-10-02 05:48:17,122 [a7e49ec6-0391-473f-af1f-b7ebe60d9c8d@group-2B9C2FA25DC7-LeaderElection1] INFO  server.RaftServerConfigKeys (ConfUtils.java:logGet(43)) - raft.server.watch.timeout = 10s (default)
2019-10-02 05:48:17,123 [a7e49ec6-0391-473f-af1f-b7ebe60d9c8d@group-2B9C2FA25DC7-LeaderElection1] INFO  server.RaftServerConfigKeys (ConfUtils.java:logGet(43)) - raft.server.watch.timeout.denomination = 1s (default)
2019-10-02 05:48:17,123 [a7e49ec6-0391-473f-af1f-b7ebe60d9c8d@group-2B9C2FA25DC7-LeaderElection1] INFO  server.RaftServerConfigKeys (ConfUtils.java:logGet(43)) - raft.server.watch.element-limit = 65536 (default)
2019-10-02 05:48:17,131 [a7e49ec6-0391-473f-af1f-b7ebe60d9c8d@group-2B9C2FA25DC7-LeaderElection1] INFO  impl.RoleInfo (RoleInfo.java:updateAndGet(143)) - a7e49ec6-0391-473f-af1f-b7ebe60d9c8d: start LeaderState
2019-10-02 05:48:17,149 [a7e49ec6-0391-473f-af1f-b7ebe60d9c8d@group-2B9C2FA25DC7-LeaderElection1] INFO  segmented.SegmentedRaftLogWorker (SegmentedRaftLogWorker.java:startLogSegment(385)) - a7e49ec6-0391-473f-af1f-b7ebe60d9c8d@group-2B9C2FA25DC7-SegmentedRaftLogWorker: Starting segment from index:0
2019-10-02 05:48:17,157 [a7e49ec6-0391-473f-af1f-b7ebe60d9c8d@group-2B9C2FA25DC7-LeaderElection1] INFO  impl.RaftServerImpl (ServerState.java:setRaftConf(356)) - a7e49ec6-0391-473f-af1f-b7ebe60d9c8d@group-2B9C2FA25DC7: set configuration 0: [a7e49ec6-0391-473f-af1f-b7ebe60d9c8d:192.168.164.250:41993], old=null at 0
2019-10-02 05:48:17,182 [Thread-245] INFO  impl.FollowerState (FollowerState.java:run(108)) - 13d2ee1c-0738-43ab-a5ad-515c50b1fbae@group-A5566A47559B-FollowerState: change to CANDIDATE, lastRpcTime:5092ms, electionTimeout:5090ms
2019-10-02 05:48:17,184 [Thread-245] INFO  impl.RoleInfo (RoleInfo.java:shutdownFollowerState(121)) - 13d2ee1c-0738-43ab-a5ad-515c50b1fbae: shutdown FollowerState
2019-10-02 05:48:17,184 [Thread-245] INFO  impl.RaftServerImpl (RaftServerImpl.java:setRole(170)) - 13d2ee1c-0738-43ab-a5ad-515c50b1fbae@group-A5566A47559B: changes role from  FOLLOWER to CANDIDATE at term 0 for changeToCandidate
2019-10-02 05:48:17,184 [Thread-245] INFO  impl.RoleInfo (RoleInfo.java:updateAndGet(143)) - 13d2ee1c-0738-43ab-a5ad-515c50b1fbae: start LeaderElection
2019-10-02 05:48:17,201 [13d2ee1c-0738-43ab-a5ad-515c50b1fbae@group-A5566A47559B-LeaderElection2] INFO  impl.LeaderElection (LeaderElection.java:askForVotes(178)) - 13d2ee1c-0738-43ab-a5ad-515c50b1fbae@group-A5566A47559B-LeaderElection2: begin an election at term 1 for -1: [13d2ee1c-0738-43ab-a5ad-515c50b1fbae:192.168.164.250:33826], old=null
2019-10-02 05:48:17,201 [13d2ee1c-0738-43ab-a5ad-515c50b1fbae@group-A5566A47559B-LeaderElection2] INFO  impl.RoleInfo (RoleInfo.java:shutdownLeaderElection(134)) - 13d2ee1c-0738-43ab-a5ad-515c50b1fbae: shutdown LeaderElection
2019-10-02 05:48:17,202 [13d2ee1c-0738-43ab-a5ad-515c50b1fbae@group-A5566A47559B-LeaderElection2] INFO  impl.RaftServerImpl (RaftServerImpl.java:setRole(170)) - 13d2ee1c-0738-43ab-a5ad-515c50b1fbae@group-A5566A47559B: changes role from CANDIDATE to LEADER at term 1 for changeToLeader
2019-10-02 05:48:17,202 [13d2ee1c-0738-43ab-a5ad-515c50b1fbae@group-A5566A47559B-LeaderElection2] INFO  impl.RaftServerImpl (ServerState.java:setLeader(255)) - 13d2ee1c-0738-43ab-a5ad-515c50b1fbae@group-A5566A47559B: change Leader from null to 13d2ee1c-0738-43ab-a5ad-515c50b1fbae at term 1 for becomeLeader, leader elected after 5125ms
2019-10-02 05:48:17,203 [13d2ee1c-0738-43ab-a5ad-515c50b1fbae@group-A5566A47559B-LeaderElection2] INFO  server.RaftServerConfigKeys (ConfUtils.java:logGet(43)) - raft.server.staging.catchup.gap = 1000 (default)
2019-10-02 05:48:17,203 [13d2ee1c-0738-43ab-a5ad-515c50b1fbae@group-A5566A47559B-LeaderElection2] INFO  server.RaftServerConfigKeys (ConfUtils.java:logGet(43)) - raft.server.rpc.sleep.time = 25ms (default)
2019-10-02 05:48:17,204 [13d2ee1c-0738-43ab-a5ad-515c50b1fbae@group-A5566A47559B-LeaderElection2] INFO  server.RaftServerConfigKeys (ConfUtils.java:logGet(43)) - raft.server.write.element-limit = 4096 (default)
2019-10-02 05:48:17,204 [13d2ee1c-0738-43ab-a5ad-515c50b1fbae@group-A5566A47559B-LeaderElection2] INFO  server.RaftServerConfigKeys (ConfUtils.java:logGet(43)) - raft.server.watch.timeout = 10s (default)
2019-10-02 05:48:17,204 [13d2ee1c-0738-43ab-a5ad-515c50b1fbae@group-A5566A47559B-LeaderElection2] INFO  server.RaftServerConfigKeys (ConfUtils.java:logGet(43)) - raft.server.watch.timeout.denomination = 1s (default)
2019-10-02 05:48:17,204 [13d2ee1c-0738-43ab-a5ad-515c50b1fbae@group-A5566A47559B-LeaderElection2] INFO  server.RaftServerConfigKeys (ConfUtils.java:logGet(43)) - raft.server.watch.element-limit = 65536 (default)
2019-10-02 05:48:17,207 [13d2ee1c-0738-43ab-a5ad-515c50b1fbae@group-A5566A47559B-LeaderElection2] INFO  impl.RoleInfo (RoleInfo.java:updateAndGet(143)) - 13d2ee1c-0738-43ab-a5ad-515c50b1fbae: start LeaderState
2019-10-02 05:48:17,207 [13d2ee1c-0738-43ab-a5ad-515c50b1fbae@group-A5566A47559B-LeaderElection2] INFO  segmented.SegmentedRaftLogWorker (SegmentedRaftLogWorker.java:startLogSegment(385)) - 13d2ee1c-0738-43ab-a5ad-515c50b1fbae@group-A5566A47559B-SegmentedRaftLogWorker: Starting segment from index:0
2019-10-02 05:48:17,208 [13d2ee1c-0738-43ab-a5ad-515c50b1fbae@group-A5566A47559B-LeaderElection2] INFO  impl.RaftServerImpl (ServerState.java:setRaftConf(356)) - 13d2ee1c-0738-43ab-a5ad-515c50b1fbae@group-A5566A47559B: set configuration 0: [13d2ee1c-0738-43ab-a5ad-515c50b1fbae:192.168.164.250:33826], old=null at 0
2019-10-02 05:48:17,381 [a7e49ec6-0391-473f-af1f-b7ebe60d9c8d@group-2B9C2FA25DC7-SegmentedRaftLogWorker] INFO  segmented.SegmentedRaftLogWorker (SegmentedRaftLogWorker.java:execute(574)) - a7e49ec6-0391-473f-af1f-b7ebe60d9c8d@group-2B9C2FA25DC7-SegmentedRaftLogWorker: created new log segment /workdir/hadoop-ozone/integration-test/target/test-dir/MiniOzoneClusterImpl-96702981-7b9c-49f5-b2c8-8280b9e400ec/datanode-0/data/ratis/4b8c5ce7-2725-4aec-87d2-2b9c2fa25dc7/current/log_inprogress_0
2019-10-02 05:48:17,381 [13d2ee1c-0738-43ab-a5ad-515c50b1fbae@group-A5566A47559B-SegmentedRaftLogWorker] INFO  segmented.SegmentedRaftLogWorker (SegmentedRaftLogWorker.java:execute(574)) - 13d2ee1c-0738-43ab-a5ad-515c50b1fbae@group-A5566A47559B-SegmentedRaftLogWorker: created new log segment /workdir/hadoop-ozone/integration-test/target/test-dir/MiniOzoneClusterImpl-96702981-7b9c-49f5-b2c8-8280b9e400ec/datanode-3/data/ratis/b0bd9ae9-35bd-4e35-a6e0-a5566a47559b/current/log_inprogress_0
2019-10-02 05:48:17,403 [Thread-252] INFO  impl.FollowerState (FollowerState.java:run(108)) - abe57f94-e75c-4edc-b3a9-58e47daaf051@group-E9DEEF3CDB82-FollowerState: change to CANDIDATE, lastRpcTime:5057ms, electionTimeout:5057ms
2019-10-02 05:48:17,403 [Thread-252] INFO  impl.RoleInfo (RoleInfo.java:shutdownFollowerState(121)) - abe57f94-e75c-4edc-b3a9-58e47daaf051: shutdown FollowerState
2019-10-02 05:48:17,403 [Thread-252] INFO  impl.RaftServerImpl (RaftServerImpl.java:setRole(170)) - abe57f94-e75c-4edc-b3a9-58e47daaf051@group-E9DEEF3CDB82: changes role from  FOLLOWER to CANDIDATE at term 0 for changeToCandidate
2019-10-02 05:48:17,403 [Thread-252] INFO  impl.RoleInfo (RoleInfo.java:updateAndGet(143)) - abe57f94-e75c-4edc-b3a9-58e47daaf051: start LeaderElection
2019-10-02 05:48:17,422 [abe57f94-e75c-4edc-b3a9-58e47daaf051@group-E9DEEF3CDB82-LeaderElection3] INFO  impl.LeaderElection (LeaderElection.java:askForVotes(178)) - abe57f94-e75c-4edc-b3a9-58e47daaf051@group-E9DEEF3CDB82-LeaderElection3: begin an election at term 1 for -1: [abe57f94-e75c-4edc-b3a9-58e47daaf051:192.168.164.250:36875], old=null
2019-10-02 05:48:17,425 [Thread-249] INFO  impl.FollowerState (FollowerState.java:run(108)) - 440b2d92-0317-41e4-b6a8-f5ef9f70ba68@group-B8882E465965-FollowerState: change to CANDIDATE, lastRpcTime:5157ms, electionTimeout:5156ms
2019-10-02 05:48:17,438 [abe57f94-e75c-4edc-b3a9-58e47daaf051@group-E9DEEF3CDB82-LeaderElection3] INFO  impl.RoleInfo (RoleInfo.java:shutdownLeaderElection(134)) - abe57f94-e75c-4edc-b3a9-58e47daaf051: shutdown LeaderElection
2019-10-02 05:48:17,442 [Thread-249] INFO  impl.RoleInfo (RoleInfo.java:shutdownFollowerState(121)) - 440b2d92-0317-41e4-b6a8-f5ef9f70ba68: shutdown FollowerState
2019-10-02 05:48:17,443 [abe57f94-e75c-4edc-b3a9-58e47daaf051@group-E9DEEF3CDB82-LeaderElection3] INFO  impl.RaftServerImpl (RaftServerImpl.java:setRole(170)) - abe57f94-e75c-4edc-b3a9-58e47daaf051@group-E9DEEF3CDB82: changes role from CANDIDATE to LEADER at term 1 for changeToLeader
2019-10-02 05:48:17,443 [Thread-249] INFO  impl.RaftServerImpl (RaftServerImpl.java:setRole(170)) - 440b2d92-0317-41e4-b6a8-f5ef9f70ba68@group-B8882E465965: changes role from  FOLLOWER to CANDIDATE at term 0 for changeToCandidate
2019-10-02 05:48:17,443 [abe57f94-e75c-4edc-b3a9-58e47daaf051@group-E9DEEF3CDB82-LeaderElection3] INFO  impl.RaftServerImpl (ServerState.java:setLeader(255)) - abe57f94-e75c-4edc-b3a9-58e47daaf051@group-E9DEEF3CDB82: change Leader from null to abe57f94-e75c-4edc-b3a9-58e47daaf051 at term 1 for becomeLeader, leader elected after 5107ms
2019-10-02 05:48:17,443 [Thread-249] INFO  impl.RoleInfo (RoleInfo.java:updateAndGet(143)) - 440b2d92-0317-41e4-b6a8-f5ef9f70ba68: start LeaderElection
2019-10-02 05:48:17,444 [abe57f94-e75c-4edc-b3a9-58e47daaf051@group-E9DEEF3CDB82-LeaderElection3] INFO  server.RaftServerConfigKeys (ConfUtils.java:logGet(43)) - raft.server.staging.catchup.gap = 1000 (default)
2019-10-02 05:48:17,445 [abe57f94-e75c-4edc-b3a9-58e47daaf051@group-E9DEEF3CDB82-LeaderElection3] INFO  server.RaftServerConfigKeys (ConfUtils.java:logGet(43)) - raft.server.rpc.sleep.time = 25ms (default)
2019-10-02 05:48:17,449 [abe57f94-e75c-4edc-b3a9-58e47daaf051@group-E9DEEF3CDB82-LeaderElection3] INFO  server.RaftServerConfigKeys (ConfUtils.java:logGet(43)) - raft.server.write.element-limit = 4096 (default)
2019-10-02 05:48:17,449 [abe57f94-e75c-4edc-b3a9-58e47daaf051@group-E9DEEF3CDB82-LeaderElection3] INFO  server.RaftServerConfigKeys (ConfUtils.java:logGet(43)) - raft.server.watch.timeout = 10s (default)
2019-10-02 05:48:17,449 [abe57f94-e75c-4edc-b3a9-58e47daaf051@group-E9DEEF3CDB82-LeaderElection3] INFO  server.RaftServerConfigKeys (ConfUtils.java:logGet(43)) - raft.server.watch.timeout.denomination = 1s (default)
2019-10-02 05:48:17,449 [abe57f94-e75c-4edc-b3a9-58e47daaf051@group-E9DEEF3CDB82-LeaderElection3] INFO  server.RaftServerConfigKeys (ConfUtils.java:logGet(43)) - raft.server.watch.element-limit = 65536 (default)
2019-10-02 05:48:17,451 [abe57f94-e75c-4edc-b3a9-58e47daaf051@group-E9DEEF3CDB82-LeaderElection3] INFO  impl.RoleInfo (RoleInfo.java:updateAndGet(143)) - abe57f94-e75c-4edc-b3a9-58e47daaf051: start LeaderState
2019-10-02 05:48:17,451 [abe57f94-e75c-4edc-b3a9-58e47daaf051@group-E9DEEF3CDB82-LeaderElection3] INFO  segmented.SegmentedRaftLogWorker (SegmentedRaftLogWorker.java:startLogSegment(385)) - abe57f94-e75c-4edc-b3a9-58e47daaf051@group-E9DEEF3CDB82-SegmentedRaftLogWorker: Starting segment from index:0
2019-10-02 05:48:17,452 [abe57f94-e75c-4edc-b3a9-58e47daaf051@group-E9DEEF3CDB82-LeaderElection3] INFO  impl.RaftServerImpl (ServerState.java:setRaftConf(356)) - abe57f94-e75c-4edc-b3a9-58e47daaf051@group-E9DEEF3CDB82: set configuration 0: [abe57f94-e75c-4edc-b3a9-58e47daaf051:192.168.164.250:36875], old=null at 0
2019-10-02 05:48:17,484 [440b2d92-0317-41e4-b6a8-f5ef9f70ba68@group-B8882E465965-LeaderElection4] INFO  impl.LeaderElection (LeaderElection.java:askForVotes(178)) - 440b2d92-0317-41e4-b6a8-f5ef9f70ba68@group-B8882E465965-LeaderElection4: begin an election at term 1 for -1: [440b2d92-0317-41e4-b6a8-f5ef9f70ba68:192.168.164.250:38969], old=null
2019-10-02 05:48:17,485 [440b2d92-0317-41e4-b6a8-f5ef9f70ba68@group-B8882E465965-LeaderElection4] INFO  impl.RoleInfo (RoleInfo.java:shutdownLeaderElection(134)) - 440b2d92-0317-41e4-b6a8-f5ef9f70ba68: shutdown LeaderElection
2019-10-02 05:48:17,485 [440b2d92-0317-41e4-b6a8-f5ef9f70ba68@group-B8882E465965-LeaderElection4] INFO  impl.RaftServerImpl (RaftServerImpl.java:setRole(170)) - 440b2d92-0317-41e4-b6a8-f5ef9f70ba68@group-B8882E465965: changes role from CANDIDATE to LEADER at term 1 for changeToLeader
2019-10-02 05:48:17,485 [440b2d92-0317-41e4-b6a8-f5ef9f70ba68@group-B8882E465965-LeaderElection4] INFO  impl.RaftServerImpl (ServerState.java:setLeader(255)) - 440b2d92-0317-41e4-b6a8-f5ef9f70ba68@group-B8882E465965: change Leader from null to 440b2d92-0317-41e4-b6a8-f5ef9f70ba68 at term 1 for becomeLeader, leader elected after 5262ms
2019-10-02 05:48:17,486 [440b2d92-0317-41e4-b6a8-f5ef9f70ba68@group-B8882E465965-LeaderElection4] INFO  server.RaftServerConfigKeys (ConfUtils.java:logGet(43)) - raft.server.staging.catchup.gap = 1000 (default)
2019-10-02 05:48:17,487 [440b2d92-0317-41e4-b6a8-f5ef9f70ba68@group-B8882E465965-LeaderElection4] INFO  server.RaftServerConfigKeys (ConfUtils.java:logGet(43)) - raft.server.rpc.sleep.time = 25ms (default)
2019-10-02 05:48:17,487 [440b2d92-0317-41e4-b6a8-f5ef9f70ba68@group-B8882E465965-LeaderElection4] INFO  server.RaftServerConfigKeys (ConfUtils.java:logGet(43)) - raft.server.write.element-limit = 4096 (default)
2019-10-02 05:48:17,487 [440b2d92-0317-41e4-b6a8-f5ef9f70ba68@group-B8882E465965-LeaderElection4] INFO  server.RaftServerConfigKeys (ConfUtils.java:logGet(43)) - raft.server.watch.timeout = 10s (default)
2019-10-02 05:48:17,487 [440b2d92-0317-41e4-b6a8-f5ef9f70ba68@group-B8882E465965-LeaderElection4] INFO  server.RaftServerConfigKeys (ConfUtils.java:logGet(43)) - raft.server.watch.timeout.denomination = 1s (default)
2019-10-02 05:48:17,487 [440b2d92-0317-41e4-b6a8-f5ef9f70ba68@group-B8882E465965-LeaderElection4] INFO  server.RaftServerConfigKeys (ConfUtils.java:logGet(43)) - raft.server.watch.element-limit = 65536 (default)
2019-10-02 05:48:17,490 [440b2d92-0317-41e4-b6a8-f5ef9f70ba68@group-B8882E465965-LeaderElection4] INFO  impl.RoleInfo (RoleInfo.java:updateAndGet(143)) - 440b2d92-0317-41e4-b6a8-f5ef9f70ba68: start LeaderState
2019-10-02 05:48:17,490 [440b2d92-0317-41e4-b6a8-f5ef9f70ba68@group-B8882E465965-LeaderElection4] INFO  segmented.SegmentedRaftLogWorker (SegmentedRaftLogWorker.java:startLogSegment(385)) - 440b2d92-0317-41e4-b6a8-f5ef9f70ba68@group-B8882E465965-SegmentedRaftLogWorker: Starting segment from index:0
2019-10-02 05:48:17,491 [440b2d92-0317-41e4-b6a8-f5ef9f70ba68@group-B8882E465965-LeaderElection4] INFO  impl.RaftServerImpl (ServerState.java:setRaftConf(356)) - 440b2d92-0317-41e4-b6a8-f5ef9f70ba68@group-B8882E465965: set configuration 0: [440b2d92-0317-41e4-b6a8-f5ef9f70ba68:192.168.164.250:38969], old=null at 0
2019-10-02 05:48:17,516 [abe57f94-e75c-4edc-b3a9-58e47daaf051@group-E9DEEF3CDB82-SegmentedRaftLogWorker] INFO  segmented.SegmentedRaftLogWorker (SegmentedRaftLogWorker.java:execute(574)) - abe57f94-e75c-4edc-b3a9-58e47daaf051@group-E9DEEF3CDB82-SegmentedRaftLogWorker: created new log segment /workdir/hadoop-ozone/integration-test/target/test-dir/MiniOzoneClusterImpl-96702981-7b9c-49f5-b2c8-8280b9e400ec/datanode-2/data/ratis/4bf986bd-cae3-486b-a15f-e9deef3cdb82/current/log_inprogress_0
2019-10-02 05:48:17,529 [440b2d92-0317-41e4-b6a8-f5ef9f70ba68@group-B8882E465965-SegmentedRaftLogWorker] INFO  segmented.SegmentedRaftLogWorker (SegmentedRaftLogWorker.java:execute(574)) - 440b2d92-0317-41e4-b6a8-f5ef9f70ba68@group-B8882E465965-SegmentedRaftLogWorker: created new log segment /workdir/hadoop-ozone/integration-test/target/test-dir/MiniOzoneClusterImpl-96702981-7b9c-49f5-b2c8-8280b9e400ec/datanode-5/data/ratis/0b2ae492-d063-4710-b722-b8882e465965/current/log_inprogress_0
2019-10-02 05:48:17,534 [Thread-258] INFO  impl.FollowerState (FollowerState.java:run(108)) - 8b099941-e94c-4d44-b111-fee9636cc34f@group-60DC5D89978A-FollowerState: change to CANDIDATE, lastRpcTime:5004ms, electionTimeout:5004ms
2019-10-02 05:48:17,534 [Thread-258] INFO  impl.RoleInfo (RoleInfo.java:shutdownFollowerState(121)) - 8b099941-e94c-4d44-b111-fee9636cc34f: shutdown FollowerState
2019-10-02 05:48:17,534 [Thread-258] INFO  impl.RaftServerImpl (RaftServerImpl.java:setRole(170)) - 8b099941-e94c-4d44-b111-fee9636cc34f@group-60DC5D89978A: changes role from  FOLLOWER to CANDIDATE at term 0 for changeToCandidate
2019-10-02 05:48:17,534 [Thread-258] INFO  impl.RoleInfo (RoleInfo.java:updateAndGet(143)) - 8b099941-e94c-4d44-b111-fee9636cc34f: start LeaderElection
2019-10-02 05:48:17,553 [8b099941-e94c-4d44-b111-fee9636cc34f@group-60DC5D89978A-LeaderElection5] INFO  impl.LeaderElection (LeaderElection.java:askForVotes(178)) - 8b099941-e94c-4d44-b111-fee9636cc34f@group-60DC5D89978A-LeaderElection5: begin an election at term 1 for -1: [8b099941-e94c-4d44-b111-fee9636cc34f:192.168.164.250:43588], old=null
2019-10-02 05:48:17,553 [8b099941-e94c-4d44-b111-fee9636cc34f@group-60DC5D89978A-LeaderElection5] INFO  impl.RoleInfo (RoleInfo.java:shutdownLeaderElection(134)) - 8b099941-e94c-4d44-b111-fee9636cc34f: shutdown LeaderElection
2019-10-02 05:48:17,553 [8b099941-e94c-4d44-b111-fee9636cc34f@group-60DC5D89978A-LeaderElection5] INFO  impl.RaftServerImpl (RaftServerImpl.java:setRole(170)) - 8b099941-e94c-4d44-b111-fee9636cc34f@group-60DC5D89978A: changes role from CANDIDATE to LEADER at term 1 for changeToLeader
2019-10-02 05:48:17,553 [8b099941-e94c-4d44-b111-fee9636cc34f@group-60DC5D89978A-LeaderElection5] INFO  impl.RaftServerImpl (ServerState.java:setLeader(255)) - 8b099941-e94c-4d44-b111-fee9636cc34f@group-60DC5D89978A: change Leader from null to 8b099941-e94c-4d44-b111-fee9636cc34f at term 1 for becomeLeader, leader elected after 5031ms
2019-10-02 05:48:17,555 [8b099941-e94c-4d44-b111-fee9636cc34f@group-60DC5D89978A-LeaderElection5] INFO  server.RaftServerConfigKeys (ConfUtils.java:logGet(43)) - raft.server.staging.catchup.gap = 1000 (default)
2019-10-02 05:48:17,555 [8b099941-e94c-4d44-b111-fee9636cc34f@group-60DC5D89978A-LeaderElection5] INFO  server.RaftServerConfigKeys (ConfUtils.java:logGet(43)) - raft.server.rpc.sleep.time = 25ms (default)
2019-10-02 05:48:17,556 [8b099941-e94c-4d44-b111-fee9636cc34f@group-60DC5D89978A-LeaderElection5] INFO  server.RaftServerConfigKeys (ConfUtils.java:logGet(43)) - raft.server.write.element-limit = 4096 (default)
2019-10-02 05:48:17,556 [8b099941-e94c-4d44-b111-fee9636cc34f@group-60DC5D89978A-LeaderElection5] INFO  server.RaftServerConfigKeys (ConfUtils.java:logGet(43)) - raft.server.watch.timeout = 10s (default)
2019-10-02 05:48:17,556 [8b099941-e94c-4d44-b111-fee9636cc34f@group-60DC5D89978A-LeaderElection5] INFO  server.RaftServerConfigKeys (ConfUtils.java:logGet(43)) - raft.server.watch.timeout.denomination = 1s (default)
2019-10-02 05:48:17,556 [8b099941-e94c-4d44-b111-fee9636cc34f@group-60DC5D89978A-LeaderElection5] INFO  server.RaftServerConfigKeys (ConfUtils.java:logGet(43)) - raft.server.watch.element-limit = 65536 (default)
2019-10-02 05:48:17,559 [8b099941-e94c-4d44-b111-fee9636cc34f@group-60DC5D89978A-LeaderElection5] INFO  impl.RoleInfo (RoleInfo.java:updateAndGet(143)) - 8b099941-e94c-4d44-b111-fee9636cc34f: start LeaderState
2019-10-02 05:48:17,559 [8b099941-e94c-4d44-b111-fee9636cc34f@group-60DC5D89978A-LeaderElection5] INFO  segmented.SegmentedRaftLogWorker (SegmentedRaftLogWorker.java:startLogSegment(385)) - 8b099941-e94c-4d44-b111-fee9636cc34f@group-60DC5D89978A-SegmentedRaftLogWorker: Starting segment from index:0
2019-10-02 05:48:17,560 [8b099941-e94c-4d44-b111-fee9636cc34f@group-60DC5D89978A-LeaderElection5] INFO  impl.RaftServerImpl (ServerState.java:setRaftConf(356)) - 8b099941-e94c-4d44-b111-fee9636cc34f@group-60DC5D89978A: set configuration 0: [8b099941-e94c-4d44-b111-fee9636cc34f:192.168.164.250:43588], old=null at 0
2019-10-02 05:48:17,599 [8b099941-e94c-4d44-b111-fee9636cc34f@group-60DC5D89978A-SegmentedRaftLogWorker] INFO  segmented.SegmentedRaftLogWorker (SegmentedRaftLogWorker.java:execute(574)) - 8b099941-e94c-4d44-b111-fee9636cc34f@group-60DC5D89978A-SegmentedRaftLogWorker: created new log segment /workdir/hadoop-ozone/integration-test/target/test-dir/MiniOzoneClusterImpl-96702981-7b9c-49f5-b2c8-8280b9e400ec/datanode-4/data/ratis/92aa18e1-35f1-4fd6-baf1-60dc5d89978a/current/log_inprogress_0
2019-10-02 05:48:17,601 [Thread-255] INFO  impl.FollowerState (FollowerState.java:run(108)) - d31a379a-b462-4e23-84c2-f59667e5dc0b@group-70A84107C048-FollowerState: change to CANDIDATE, lastRpcTime:5149ms, electionTimeout:5149ms
2019-10-02 05:48:17,601 [Thread-255] INFO  impl.RoleInfo (RoleInfo.java:shutdownFollowerState(121)) - d31a379a-b462-4e23-84c2-f59667e5dc0b: shutdown FollowerState
2019-10-02 05:48:17,601 [Thread-255] INFO  impl.RaftServerImpl (RaftServerImpl.java:setRole(170)) - d31a379a-b462-4e23-84c2-f59667e5dc0b@group-70A84107C048: changes role from  FOLLOWER to CANDIDATE at term 0 for changeToCandidate
2019-10-02 05:48:17,601 [Thread-255] INFO  impl.RoleInfo (RoleInfo.java:updateAndGet(143)) - d31a379a-b462-4e23-84c2-f59667e5dc0b: start LeaderElection
2019-10-02 05:48:17,619 [d31a379a-b462-4e23-84c2-f59667e5dc0b@group-70A84107C048-LeaderElection6] INFO  impl.LeaderElection (LeaderElection.java:askForVotes(178)) - d31a379a-b462-4e23-84c2-f59667e5dc0b@group-70A84107C048-LeaderElection6: begin an election at term 1 for -1: [d31a379a-b462-4e23-84c2-f59667e5dc0b:192.168.164.250:33498], old=null
2019-10-02 05:48:17,619 [d31a379a-b462-4e23-84c2-f59667e5dc0b@group-70A84107C048-LeaderElection6] INFO  impl.RoleInfo (RoleInfo.java:shutdownLeaderElection(134)) - d31a379a-b462-4e23-84c2-f59667e5dc0b: shutdown LeaderElection
2019-10-02 05:48:17,619 [d31a379a-b462-4e23-84c2-f59667e5dc0b@group-70A84107C048-LeaderElection6] INFO  impl.RaftServerImpl (RaftServerImpl.java:setRole(170)) - d31a379a-b462-4e23-84c2-f59667e5dc0b@group-70A84107C048: changes role from CANDIDATE to LEADER at term 1 for changeToLeader
2019-10-02 05:48:17,619 [d31a379a-b462-4e23-84c2-f59667e5dc0b@group-70A84107C048-LeaderElection6] INFO  impl.RaftServerImpl (ServerState.java:setLeader(255)) - d31a379a-b462-4e23-84c2-f59667e5dc0b@group-70A84107C048: change Leader from null to d31a379a-b462-4e23-84c2-f59667e5dc0b at term 1 for becomeLeader, leader elected after 5182ms
2019-10-02 05:48:17,621 [d31a379a-b462-4e23-84c2-f59667e5dc0b@group-70A84107C048-LeaderElection6] INFO  server.RaftServerConfigKeys (ConfUtils.java:logGet(43)) - raft.server.staging.catchup.gap = 1000 (default)
2019-10-02 05:48:17,621 [d31a379a-b462-4e23-84c2-f59667e5dc0b@group-70A84107C048-LeaderElection6] INFO  server.RaftServerConfigKeys (ConfUtils.java:logGet(43)) - raft.server.rpc.sleep.time = 25ms (default)
2019-10-02 05:48:17,621 [d31a379a-b462-4e23-84c2-f59667e5dc0b@group-70A84107C048-LeaderElection6] INFO  server.RaftServerConfigKeys (ConfUtils.java:logGet(43)) - raft.server.write.element-limit = 4096 (default)
2019-10-02 05:48:17,623 [d31a379a-b462-4e23-84c2-f59667e5dc0b@group-70A84107C048-LeaderElection6] INFO  server.RaftServerConfigKeys (ConfUtils.java:logGet(43)) - raft.server.watch.timeout = 10s (default)
2019-10-02 05:48:17,623 [d31a379a-b462-4e23-84c2-f59667e5dc0b@group-70A84107C048-LeaderElection6] INFO  server.RaftServerConfigKeys (ConfUtils.java:logGet(43)) - raft.server.watch.timeout.denomination = 1s (default)
2019-10-02 05:48:17,624 [d31a379a-b462-4e23-84c2-f59667e5dc0b@group-70A84107C048-LeaderElection6] INFO  server.RaftServerConfigKeys (ConfUtils.java:logGet(43)) - raft.server.watch.element-limit = 65536 (default)
2019-10-02 05:48:17,626 [Thread-261] INFO  impl.FollowerState (FollowerState.java:run(108)) - 29c666d7-68ed-416e-882d-1b8a6d4bc125@group-2C0CA5B4B70F-FollowerState: change to CANDIDATE, lastRpcTime:5016ms, electionTimeout:5015ms
2019-10-02 05:48:17,629 [Thread-261] INFO  impl.RoleInfo (RoleInfo.java:shutdownFollowerState(121)) - 29c666d7-68ed-416e-882d-1b8a6d4bc125: shutdown FollowerState
2019-10-02 05:48:17,633 [Thread-261] INFO  impl.RaftServerImpl (RaftServerImpl.java:setRole(170)) - 29c666d7-68ed-416e-882d-1b8a6d4bc125@group-2C0CA5B4B70F: changes role from  FOLLOWER to CANDIDATE at term 0 for changeToCandidate
2019-10-02 05:48:17,635 [Thread-261] INFO  impl.RoleInfo (RoleInfo.java:updateAndGet(143)) - 29c666d7-68ed-416e-882d-1b8a6d4bc125: start LeaderElection
2019-10-02 05:48:17,643 [d31a379a-b462-4e23-84c2-f59667e5dc0b@group-70A84107C048-LeaderElection6] INFO  impl.RoleInfo (RoleInfo.java:updateAndGet(143)) - d31a379a-b462-4e23-84c2-f59667e5dc0b: start LeaderState
2019-10-02 05:48:17,643 [d31a379a-b462-4e23-84c2-f59667e5dc0b@group-70A84107C048-LeaderElection6] INFO  segmented.SegmentedRaftLogWorker (SegmentedRaftLogWorker.java:startLogSegment(385)) - d31a379a-b462-4e23-84c2-f59667e5dc0b@group-70A84107C048-SegmentedRaftLogWorker: Starting segment from index:0
2019-10-02 05:48:17,644 [d31a379a-b462-4e23-84c2-f59667e5dc0b@group-70A84107C048-LeaderElection6] INFO  impl.RaftServerImpl (ServerState.java:setRaftConf(356)) - d31a379a-b462-4e23-84c2-f59667e5dc0b@group-70A84107C048: set configuration 0: [d31a379a-b462-4e23-84c2-f59667e5dc0b:192.168.164.250:33498], old=null at 0
2019-10-02 05:48:17,677 [29c666d7-68ed-416e-882d-1b8a6d4bc125@group-2C0CA5B4B70F-LeaderElection7] INFO  impl.LeaderElection (LeaderElection.java:askForVotes(178)) - 29c666d7-68ed-416e-882d-1b8a6d4bc125@group-2C0CA5B4B70F-LeaderElection7: begin an election at term 1 for -1: [29c666d7-68ed-416e-882d-1b8a6d4bc125:192.168.164.250:35739], old=null
2019-10-02 05:48:17,677 [29c666d7-68ed-416e-882d-1b8a6d4bc125@group-2C0CA5B4B70F-LeaderElection7] INFO  impl.RoleInfo (RoleInfo.java:shutdownLeaderElection(134)) - 29c666d7-68ed-416e-882d-1b8a6d4bc125: shutdown LeaderElection
2019-10-02 05:48:17,678 [29c666d7-68ed-416e-882d-1b8a6d4bc125@group-2C0CA5B4B70F-LeaderElection7] INFO  impl.RaftServerImpl (RaftServerImpl.java:setRole(170)) - 29c666d7-68ed-416e-882d-1b8a6d4bc125@group-2C0CA5B4B70F: changes role from CANDIDATE to LEADER at term 1 for changeToLeader
2019-10-02 05:48:17,678 [29c666d7-68ed-416e-882d-1b8a6d4bc125@group-2C0CA5B4B70F-LeaderElection7] INFO  impl.RaftServerImpl (ServerState.java:setLeader(255)) - 29c666d7-68ed-416e-882d-1b8a6d4bc125@group-2C0CA5B4B70F: change Leader from null to 29c666d7-68ed-416e-882d-1b8a6d4bc125 at term 1 for becomeLeader, leader elected after 5079ms
2019-10-02 05:48:17,679 [29c666d7-68ed-416e-882d-1b8a6d4bc125@group-2C0CA5B4B70F-LeaderElection7] INFO  server.RaftServerConfigKeys (ConfUtils.java:logGet(43)) - raft.server.staging.catchup.gap = 1000 (default)
2019-10-02 05:48:17,680 [29c666d7-68ed-416e-882d-1b8a6d4bc125@group-2C0CA5B4B70F-LeaderElection7] INFO  server.RaftServerConfigKeys (ConfUtils.java:logGet(43)) - raft.server.rpc.sleep.time = 25ms (default)
2019-10-02 05:48:17,680 [29c666d7-68ed-416e-882d-1b8a6d4bc125@group-2C0CA5B4B70F-LeaderElection7] INFO  server.RaftServerConfigKeys (ConfUtils.java:logGet(43)) - raft.server.write.element-limit = 4096 (default)
2019-10-02 05:48:17,680 [29c666d7-68ed-416e-882d-1b8a6d4bc125@group-2C0CA5B4B70F-LeaderElection7] INFO  server.RaftServerConfigKeys (ConfUtils.java:logGet(43)) - raft.server.watch.timeout = 10s (default)
2019-10-02 05:48:17,680 [29c666d7-68ed-416e-882d-1b8a6d4bc125@group-2C0CA5B4B70F-LeaderElection7] INFO  server.RaftServerConfigKeys (ConfUtils.java:logGet(43)) - raft.server.watch.timeout.denomination = 1s (default)
2019-10-02 05:48:17,680 [29c666d7-68ed-416e-882d-1b8a6d4bc125@group-2C0CA5B4B70F-LeaderElection7] INFO  server.RaftServerConfigKeys (ConfUtils.java:logGet(43)) - raft.server.watch.element-limit = 65536 (default)
2019-10-02 05:48:17,683 [29c666d7-68ed-416e-882d-1b8a6d4bc125@group-2C0CA5B4B70F-LeaderElection7] INFO  impl.RoleInfo (RoleInfo.java:updateAndGet(143)) - 29c666d7-68ed-416e-882d-1b8a6d4bc125: start LeaderState
2019-10-02 05:48:17,684 [29c666d7-68ed-416e-882d-1b8a6d4bc125@group-2C0CA5B4B70F-LeaderElection7] INFO  segmented.SegmentedRaftLogWorker (SegmentedRaftLogWorker.java:startLogSegment(385)) - 29c666d7-68ed-416e-882d-1b8a6d4bc125@group-2C0CA5B4B70F-SegmentedRaftLogWorker: Starting segment from index:0
2019-10-02 05:48:17,684 [29c666d7-68ed-416e-882d-1b8a6d4bc125@group-2C0CA5B4B70F-LeaderElection7] INFO  impl.RaftServerImpl (ServerState.java:setRaftConf(356)) - 29c666d7-68ed-416e-882d-1b8a6d4bc125@group-2C0CA5B4B70F: set configuration 0: [29c666d7-68ed-416e-882d-1b8a6d4bc125:192.168.164.250:35739], old=null at 0
2019-10-02 05:48:17,716 [d31a379a-b462-4e23-84c2-f59667e5dc0b@group-70A84107C048-SegmentedRaftLogWorker] INFO  segmented.SegmentedRaftLogWorker (SegmentedRaftLogWorker.java:execute(574)) - d31a379a-b462-4e23-84c2-f59667e5dc0b@group-70A84107C048-SegmentedRaftLogWorker: created new log segment /workdir/hadoop-ozone/integration-test/target/test-dir/MiniOzoneClusterImpl-96702981-7b9c-49f5-b2c8-8280b9e400ec/datanode-1/data/ratis/ad8ee06e-0648-46e8-b590-70a84107c048/current/log_inprogress_0
2019-10-02 05:48:17,729 [29c666d7-68ed-416e-882d-1b8a6d4bc125@group-2C0CA5B4B70F-SegmentedRaftLogWorker] INFO  segmented.SegmentedRaftLogWorker (SegmentedRaftLogWorker.java:execute(574)) - 29c666d7-68ed-416e-882d-1b8a6d4bc125@group-2C0CA5B4B70F-SegmentedRaftLogWorker: created new log segment /workdir/hadoop-ozone/integration-test/target/test-dir/MiniOzoneClusterImpl-96702981-7b9c-49f5-b2c8-8280b9e400ec/datanode-6/data/ratis/89267a54-b25d-4f84-b605-2c0ca5b4b70f/current/log_inprogress_0
2019-10-02 05:48:17,785 [Thread-266] INFO  impl.FollowerState (FollowerState.java:run(108)) - abe57f94-e75c-4edc-b3a9-58e47daaf051@group-A635589BB47D-FollowerState: change to CANDIDATE, lastRpcTime:5065ms, electionTimeout:5065ms
2019-10-02 05:48:17,785 [Thread-266] INFO  impl.RoleInfo (RoleInfo.java:shutdownFollowerState(121)) - abe57f94-e75c-4edc-b3a9-58e47daaf051: shutdown FollowerState
2019-10-02 05:48:17,785 [Thread-266] INFO  impl.RaftServerImpl (RaftServerImpl.java:setRole(170)) - abe57f94-e75c-4edc-b3a9-58e47daaf051@group-A635589BB47D: changes role from  FOLLOWER to CANDIDATE at term 0 for changeToCandidate
2019-10-02 05:48:17,786 [Thread-266] INFO  impl.RoleInfo (RoleInfo.java:updateAndGet(143)) - abe57f94-e75c-4edc-b3a9-58e47daaf051: start LeaderElection
2019-10-02 05:48:17,805 [abe57f94-e75c-4edc-b3a9-58e47daaf051@group-A635589BB47D-LeaderElection8] INFO  impl.LeaderElection (LeaderElection.java:askForVotes(178)) - abe57f94-e75c-4edc-b3a9-58e47daaf051@group-A635589BB47D-LeaderElection8: begin an election at term 1 for -1: [13d2ee1c-0738-43ab-a5ad-515c50b1fbae:192.168.164.250:33826, 440b2d92-0317-41e4-b6a8-f5ef9f70ba68:192.168.164.250:38969, abe57f94-e75c-4edc-b3a9-58e47daaf051:192.168.164.250:36875], old=null
2019-10-02 05:48:17,840 [grpc-default-executor-0] INFO  impl.RaftServerImpl (RaftServerImpl.java:setRole(170)) - 13d2ee1c-0738-43ab-a5ad-515c50b1fbae@group-A635589BB47D: changes role from  FOLLOWER to FOLLOWER at term 1 for recognizeCandidate:abe57f94-e75c-4edc-b3a9-58e47daaf051
2019-10-02 05:48:17,840 [grpc-default-executor-2] INFO  impl.RaftServerImpl (RaftServerImpl.java:setRole(170)) - 440b2d92-0317-41e4-b6a8-f5ef9f70ba68@group-A635589BB47D: changes role from  FOLLOWER to FOLLOWER at term 1 for recognizeCandidate:abe57f94-e75c-4edc-b3a9-58e47daaf051
2019-10-02 05:48:17,840 [grpc-default-executor-0] INFO  impl.RoleInfo (RoleInfo.java:shutdownFollowerState(121)) - 13d2ee1c-0738-43ab-a5ad-515c50b1fbae: shutdown FollowerState
2019-10-02 05:48:17,841 [grpc-default-executor-2] INFO  impl.RoleInfo (RoleInfo.java:shutdownFollowerState(121)) - 440b2d92-0317-41e4-b6a8-f5ef9f70ba68: shutdown FollowerState
2019-10-02 05:48:17,841 [Thread-268] INFO  impl.FollowerState (FollowerState.java:run(117)) - 13d2ee1c-0738-43ab-a5ad-515c50b1fbae@group-A635589BB47D-FollowerState was interrupted: java.lang.InterruptedException: sleep interrupted
2019-10-02 05:48:17,841 [grpc-default-executor-0] INFO  impl.RoleInfo (RoleInfo.java:updateAndGet(143)) - 13d2ee1c-0738-43ab-a5ad-515c50b1fbae: start FollowerState
2019-10-02 05:48:17,841 [Thread-267] INFO  impl.FollowerState (FollowerState.java:run(117)) - 440b2d92-0317-41e4-b6a8-f5ef9f70ba68@group-A635589BB47D-FollowerState was interrupted: java.lang.InterruptedException: sleep interrupted
2019-10-02 05:48:17,841 [grpc-default-executor-2] INFO  impl.RoleInfo (RoleInfo.java:updateAndGet(143)) - 440b2d92-0317-41e4-b6a8-f5ef9f70ba68: start FollowerState
2019-10-02 05:48:17,874 [abe57f94-e75c-4edc-b3a9-58e47daaf051@group-A635589BB47D-LeaderElection8] INFO  impl.LeaderElection (LeaderElection.java:logAndReturn(56)) - abe57f94-e75c-4edc-b3a9-58e47daaf051@group-A635589BB47D-LeaderElection8: Election PASSED; received 1 response(s) [abe57f94-e75c-4edc-b3a9-58e47daaf051<-13d2ee1c-0738-43ab-a5ad-515c50b1fbae#0:OK-t1] and 0 exception(s); abe57f94-e75c-4edc-b3a9-58e47daaf051@group-A635589BB47D:t1, leader=null, voted=abe57f94-e75c-4edc-b3a9-58e47daaf051, raftlog=abe57f94-e75c-4edc-b3a9-58e47daaf051@group-A635589BB47D-SegmentedRaftLog:OPENED:c-1,f-1,i0, conf=-1: [13d2ee1c-0738-43ab-a5ad-515c50b1fbae:192.168.164.250:33826, 440b2d92-0317-41e4-b6a8-f5ef9f70ba68:192.168.164.250:38969, abe57f94-e75c-4edc-b3a9-58e47daaf051:192.168.164.250:36875], old=null
2019-10-02 05:48:17,875 [abe57f94-e75c-4edc-b3a9-58e47daaf051@group-A635589BB47D-LeaderElection8] INFO  impl.RoleInfo (RoleInfo.java:shutdownLeaderElection(134)) - abe57f94-e75c-4edc-b3a9-58e47daaf051: shutdown LeaderElection
2019-10-02 05:48:17,875 [abe57f94-e75c-4edc-b3a9-58e47daaf051@group-A635589BB47D-LeaderElection8] INFO  impl.RaftServerImpl (RaftServerImpl.java:setRole(170)) - abe57f94-e75c-4edc-b3a9-58e47daaf051@group-A635589BB47D: changes role from CANDIDATE to LEADER at term 1 for changeToLeader
2019-10-02 05:48:17,878 [abe57f94-e75c-4edc-b3a9-58e47daaf051@group-A635589BB47D-LeaderElection8] INFO  impl.RaftServerImpl (ServerState.java:setLeader(255)) - abe57f94-e75c-4edc-b3a9-58e47daaf051@group-A635589BB47D: change Leader from null to abe57f94-e75c-4edc-b3a9-58e47daaf051 at term 1 for becomeLeader, leader elected after 5171ms
2019-10-02 05:48:17,878 [abe57f94-e75c-4edc-b3a9-58e47daaf051@group-A635589BB47D-LeaderElection8] INFO  server.RaftServerConfigKeys (ConfUtils.java:logGet(43)) - raft.server.staging.catchup.gap = 1000 (default)
2019-10-02 05:48:17,878 [abe57f94-e75c-4edc-b3a9-58e47daaf051@group-A635589BB47D-LeaderElection8] INFO  server.RaftServerConfigKeys (ConfUtils.java:logGet(43)) - raft.server.rpc.sleep.time = 25ms (default)
2019-10-02 05:48:17,878 [abe57f94-e75c-4edc-b3a9-58e47daaf051@group-A635589BB47D-LeaderElection8] INFO  server.RaftServerConfigKeys (ConfUtils.java:logGet(43)) - raft.server.write.element-limit = 4096 (default)
2019-10-02 05:48:17,879 [abe57f94-e75c-4edc-b3a9-58e47daaf051@group-A635589BB47D-LeaderElection8] INFO  server.RaftServerConfigKeys (ConfUtils.java:logGet(43)) - raft.server.watch.timeout = 10s (default)
2019-10-02 05:48:17,879 [abe57f94-e75c-4edc-b3a9-58e47daaf051@group-A635589BB47D-LeaderElection8] INFO  server.RaftServerConfigKeys (ConfUtils.java:logGet(43)) - raft.server.watch.timeout.denomination = 1s (default)
2019-10-02 05:48:17,879 [abe57f94-e75c-4edc-b3a9-58e47daaf051@group-A635589BB47D-LeaderElection8] INFO  server.RaftServerConfigKeys (ConfUtils.java:logGet(43)) - raft.server.watch.element-limit = 65536 (default)
2019-10-02 05:48:17,885 [abe57f94-e75c-4edc-b3a9-58e47daaf051@group-A635589BB47D-LeaderElection8] INFO  server.RaftServerConfigKeys (ConfUtils.java:logGet(43)) - raft.server.log.appender.snapshot.chunk.size.max = 16MB (=16777216) (default)
2019-10-02 05:48:17,886 [abe57f94-e75c-4edc-b3a9-58e47daaf051@group-A635589BB47D-LeaderElection8] INFO  server.RaftServerConfigKeys (ConfUtils.java:logGet(43)) - raft.server.log.appender.buffer.byte-limit = 33554432 (custom)
2019-10-02 05:48:17,886 [abe57f94-e75c-4edc-b3a9-58e47daaf051@group-A635589BB47D-LeaderElection8] INFO  server.RaftServerConfigKeys (ConfUtils.java:logGet(43)) - raft.server.log.appender.buffer.element-limit = 1 (custom)
2019-10-02 05:48:17,890 [abe57f94-e75c-4edc-b3a9-58e47daaf051@group-A635589BB47D-LeaderElection8] INFO  grpc.GrpcConfigKeys$Server (ConfUtils.java:logGet(43)) - raft.grpc.server.leader.outstanding.appends.max = 128 (default)
2019-10-02 05:48:17,894 [abe57f94-e75c-4edc-b3a9-58e47daaf051@group-A635589BB47D-LeaderElection8] INFO  server.RaftServerConfigKeys (ConfUtils.java:logGet(43)) - raft.server.rpc.request.timeout = 3000ms (default)
2019-10-02 05:48:17,894 [abe57f94-e75c-4edc-b3a9-58e47daaf051@group-A635589BB47D-LeaderElection8] INFO  server.RaftServerConfigKeys (ConfUtils.java:logGet(43)) - raft.server.log.appender.install.snapshot.enabled = false (custom)
2019-10-02 05:48:17,896 [abe57f94-e75c-4edc-b3a9-58e47daaf051@group-A635589BB47D-LeaderElection8] INFO  server.RaftServerConfigKeys (ConfUtils.java:logGet(43)) - raft.server.log.appender.snapshot.chunk.size.max = 16MB (=16777216) (default)
2019-10-02 05:48:17,896 [abe57f94-e75c-4edc-b3a9-58e47daaf051@group-A635589BB47D-LeaderElection8] INFO  server.RaftServerConfigKeys (ConfUtils.java:logGet(43)) - raft.server.log.appender.buffer.byte-limit = 33554432 (custom)
2019-10-02 05:48:17,896 [abe57f94-e75c-4edc-b3a9-58e47daaf051@group-A635589BB47D-LeaderElection8] INFO  server.RaftServerConfigKeys (ConfUtils.java:logGet(43)) - raft.server.log.appender.buffer.element-limit = 1 (custom)
2019-10-02 05:48:17,896 [abe57f94-e75c-4edc-b3a9-58e47daaf051@group-A635589BB47D-LeaderElection8] INFO  grpc.GrpcConfigKeys$Server (ConfUtils.java:logGet(43)) - raft.grpc.server.leader.outstanding.appends.max = 128 (default)
2019-10-02 05:48:17,897 [abe57f94-e75c-4edc-b3a9-58e47daaf051@group-A635589BB47D-LeaderElection8] INFO  server.RaftServerConfigKeys (ConfUtils.java:logGet(43)) - raft.server.rpc.request.timeout = 3000ms (default)
2019-10-02 05:48:17,897 [abe57f94-e75c-4edc-b3a9-58e47daaf051@group-A635589BB47D-LeaderElection8] INFO  server.RaftServerConfigKeys (ConfUtils.java:logGet(43)) - raft.server.log.appender.install.snapshot.enabled = false (custom)
2019-10-02 05:48:17,898 [abe57f94-e75c-4edc-b3a9-58e47daaf051@group-A635589BB47D-LeaderElection8] INFO  impl.RoleInfo (RoleInfo.java:updateAndGet(143)) - abe57f94-e75c-4edc-b3a9-58e47daaf051: start LeaderState
2019-10-02 05:48:17,899 [abe57f94-e75c-4edc-b3a9-58e47daaf051@group-A635589BB47D-LeaderElection8] INFO  segmented.SegmentedRaftLogWorker (SegmentedRaftLogWorker.java:startLogSegment(385)) - abe57f94-e75c-4edc-b3a9-58e47daaf051@group-A635589BB47D-SegmentedRaftLogWorker: Starting segment from index:0
2019-10-02 05:48:17,900 [abe57f94-e75c-4edc-b3a9-58e47daaf051@group-A635589BB47D-LeaderElection8] INFO  impl.RaftServerImpl (ServerState.java:setRaftConf(356)) - abe57f94-e75c-4edc-b3a9-58e47daaf051@group-A635589BB47D: set configuration 0: [13d2ee1c-0738-43ab-a5ad-515c50b1fbae:192.168.164.250:33826, 440b2d92-0317-41e4-b6a8-f5ef9f70ba68:192.168.164.250:38969, abe57f94-e75c-4edc-b3a9-58e47daaf051:192.168.164.250:36875], old=null at 0
2019-10-02 05:48:17,944 [abe57f94-e75c-4edc-b3a9-58e47daaf051@group-A635589BB47D-SegmentedRaftLogWorker] INFO  segmented.SegmentedRaftLogWorker (SegmentedRaftLogWorker.java:execute(574)) - abe57f94-e75c-4edc-b3a9-58e47daaf051@group-A635589BB47D-SegmentedRaftLogWorker: created new log segment /workdir/hadoop-ozone/integration-test/target/test-dir/MiniOzoneClusterImpl-96702981-7b9c-49f5-b2c8-8280b9e400ec/datanode-2/data/ratis/41ceef36-cc72-4288-89dc-a635589bb47d/current/log_inprogress_0
2019-10-02 05:48:17,957 [grpc-default-executor-2] INFO  impl.RaftServerImpl (ServerState.java:setLeader(255)) - 440b2d92-0317-41e4-b6a8-f5ef9f70ba68@group-A635589BB47D: change Leader from null to abe57f94-e75c-4edc-b3a9-58e47daaf051 at term 1 for appendEntries, leader elected after 5252ms
2019-10-02 05:48:17,957 [grpc-default-executor-0] INFO  impl.RaftServerImpl (ServerState.java:setLeader(255)) - 13d2ee1c-0738-43ab-a5ad-515c50b1fbae@group-A635589BB47D: change Leader from null to abe57f94-e75c-4edc-b3a9-58e47daaf051 at term 1 for appendEntries, leader elected after 5252ms
2019-10-02 05:48:17,985 [grpc-default-executor-2] INFO  impl.RaftServerImpl (ServerState.java:setRaftConf(356)) - 440b2d92-0317-41e4-b6a8-f5ef9f70ba68@group-A635589BB47D: set configuration 0: [13d2ee1c-0738-43ab-a5ad-515c50b1fbae:192.168.164.250:33826, 440b2d92-0317-41e4-b6a8-f5ef9f70ba68:192.168.164.250:38969, abe57f94-e75c-4edc-b3a9-58e47daaf051:192.168.164.250:36875], old=null at 0
2019-10-02 05:48:17,985 [grpc-default-executor-0] INFO  impl.RaftServerImpl (ServerState.java:setRaftConf(356)) - 13d2ee1c-0738-43ab-a5ad-515c50b1fbae@group-A635589BB47D: set configuration 0: [13d2ee1c-0738-43ab-a5ad-515c50b1fbae:192.168.164.250:33826, 440b2d92-0317-41e4-b6a8-f5ef9f70ba68:192.168.164.250:38969, abe57f94-e75c-4edc-b3a9-58e47daaf051:192.168.164.250:36875], old=null at 0
2019-10-02 05:48:17,985 [grpc-default-executor-2] INFO  segmented.SegmentedRaftLogWorker (SegmentedRaftLogWorker.java:startLogSegment(385)) - 440b2d92-0317-41e4-b6a8-f5ef9f70ba68@group-A635589BB47D-SegmentedRaftLogWorker: Starting segment from index:0
2019-10-02 05:48:17,985 [grpc-default-executor-0] INFO  segmented.SegmentedRaftLogWorker (SegmentedRaftLogWorker.java:startLogSegment(385)) - 13d2ee1c-0738-43ab-a5ad-515c50b1fbae@group-A635589BB47D-SegmentedRaftLogWorker: Starting segment from index:0
2019-10-02 05:48:18,024 [13d2ee1c-0738-43ab-a5ad-515c50b1fbae@group-A635589BB47D-SegmentedRaftLogWorker] INFO  segmented.SegmentedRaftLogWorker (SegmentedRaftLogWorker.java:execute(574)) - 13d2ee1c-0738-43ab-a5ad-515c50b1fbae@group-A635589BB47D-SegmentedRaftLogWorker: created new log segment /workdir/hadoop-ozone/integration-test/target/test-dir/MiniOzoneClusterImpl-96702981-7b9c-49f5-b2c8-8280b9e400ec/datanode-3/data/ratis/41ceef36-cc72-4288-89dc-a635589bb47d/current/log_inprogress_0
2019-10-02 05:48:18,024 [440b2d92-0317-41e4-b6a8-f5ef9f70ba68@group-A635589BB47D-SegmentedRaftLogWorker] INFO  segmented.SegmentedRaftLogWorker (SegmentedRaftLogWorker.java:execute(574)) - 440b2d92-0317-41e4-b6a8-f5ef9f70ba68@group-A635589BB47D-SegmentedRaftLogWorker: created new log segment /workdir/hadoop-ozone/integration-test/target/test-dir/MiniOzoneClusterImpl-96702981-7b9c-49f5-b2c8-8280b9e400ec/datanode-5/data/ratis/41ceef36-cc72-4288-89dc-a635589bb47d/current/log_inprogress_0
2019-10-02 05:48:18,383 [Thread-275] INFO  impl.FollowerState (FollowerState.java:run(108)) - 8b099941-e94c-4d44-b111-fee9636cc34f@group-04D66D378031-FollowerState: change to CANDIDATE, lastRpcTime:5145ms, electionTimeout:5145ms
2019-10-02 05:48:18,383 [Thread-275] INFO  impl.RoleInfo (RoleInfo.java:shutdownFollowerState(121)) - 8b099941-e94c-4d44-b111-fee9636cc34f: shutdown FollowerState
2019-10-02 05:48:18,384 [Thread-275] INFO  impl.RaftServerImpl (RaftServerImpl.java:setRole(170)) - 8b099941-e94c-4d44-b111-fee9636cc34f@group-04D66D378031: changes role from  FOLLOWER to CANDIDATE at term 0 for changeToCandidate
2019-10-02 05:48:18,384 [Thread-275] INFO  impl.RoleInfo (RoleInfo.java:updateAndGet(143)) - 8b099941-e94c-4d44-b111-fee9636cc34f: start LeaderElection
2019-10-02 05:48:18,395 [Thread-276] INFO  impl.FollowerState (FollowerState.java:run(108)) - a7e49ec6-0391-473f-af1f-b7ebe60d9c8d@group-04D66D378031-FollowerState: change to CANDIDATE, lastRpcTime:5154ms, electionTimeout:5154ms
2019-10-02 05:48:18,395 [Thread-276] INFO  impl.RoleInfo (RoleInfo.java:shutdownFollowerState(121)) - a7e49ec6-0391-473f-af1f-b7ebe60d9c8d: shutdown FollowerState
2019-10-02 05:48:18,395 [Thread-276] INFO  impl.RaftServerImpl (RaftServerImpl.java:setRole(170)) - a7e49ec6-0391-473f-af1f-b7ebe60d9c8d@group-04D66D378031: changes role from  FOLLOWER to CANDIDATE at term 0 for changeToCandidate
2019-10-02 05:48:18,396 [Thread-276] INFO  impl.RoleInfo (RoleInfo.java:updateAndGet(143)) - a7e49ec6-0391-473f-af1f-b7ebe60d9c8d: start LeaderElection
2019-10-02 05:48:18,398 [Thread-278] INFO  impl.FollowerState (FollowerState.java:run(108)) - d31a379a-b462-4e23-84c2-f59667e5dc0b@group-04D66D378031-FollowerState: change to CANDIDATE, lastRpcTime:5156ms, electionTimeout:5155ms
2019-10-02 05:48:18,400 [Thread-278] INFO  impl.RoleInfo (RoleInfo.java:shutdownFollowerState(121)) - d31a379a-b462-4e23-84c2-f59667e5dc0b: shutdown FollowerState
2019-10-02 05:48:18,400 [Thread-278] INFO  impl.RaftServerImpl (RaftServerImpl.java:setRole(170)) - d31a379a-b462-4e23-84c2-f59667e5dc0b@group-04D66D378031: changes role from  FOLLOWER to CANDIDATE at term 0 for changeToCandidate
2019-10-02 05:48:18,400 [Thread-278] INFO  impl.RoleInfo (RoleInfo.java:updateAndGet(143)) - d31a379a-b462-4e23-84c2-f59667e5dc0b: start LeaderElection
2019-10-02 05:48:18,484 [8b099941-e94c-4d44-b111-fee9636cc34f@group-04D66D378031-LeaderElection9] INFO  impl.LeaderElection (LeaderElection.java:askForVotes(178)) - 8b099941-e94c-4d44-b111-fee9636cc34f@group-04D66D378031-LeaderElection9: begin an election at term 1 for -1: [d31a379a-b462-4e23-84c2-f59667e5dc0b:192.168.164.250:33498, 8b099941-e94c-4d44-b111-fee9636cc34f:192.168.164.250:43588, a7e49ec6-0391-473f-af1f-b7ebe60d9c8d:192.168.164.250:41993], old=null
2019-10-02 05:48:18,516 [d31a379a-b462-4e23-84c2-f59667e5dc0b@group-04D66D378031-LeaderElection11] INFO  impl.LeaderElection (LeaderElection.java:askForVotes(178)) - d31a379a-b462-4e23-84c2-f59667e5dc0b@group-04D66D378031-LeaderElection11: begin an election at term 1 for -1: [d31a379a-b462-4e23-84c2-f59667e5dc0b:192.168.164.250:33498, 8b099941-e94c-4d44-b111-fee9636cc34f:192.168.164.250:43588, a7e49ec6-0391-473f-af1f-b7ebe60d9c8d:192.168.164.250:41993], old=null
2019-10-02 05:48:18,516 [a7e49ec6-0391-473f-af1f-b7ebe60d9c8d@group-04D66D378031-LeaderElection10] INFO  impl.LeaderElection (LeaderElection.java:askForVotes(178)) - a7e49ec6-0391-473f-af1f-b7ebe60d9c8d@group-04D66D378031-LeaderElection10: begin an election at term 1 for -1: [d31a379a-b462-4e23-84c2-f59667e5dc0b:192.168.164.250:33498, 8b099941-e94c-4d44-b111-fee9636cc34f:192.168.164.250:43588, a7e49ec6-0391-473f-af1f-b7ebe60d9c8d:192.168.164.250:41993], old=null
2019-10-02 05:48:18,526 [8b099941-e94c-4d44-b111-fee9636cc34f@group-04D66D378031-LeaderElection9] INFO  impl.LeaderElection (LeaderElection.java:logAndReturn(56)) - 8b099941-e94c-4d44-b111-fee9636cc34f@group-04D66D378031-LeaderElection9: Election REJECTED; received 2 response(s) [8b099941-e94c-4d44-b111-fee9636cc34f<-d31a379a-b462-4e23-84c2-f59667e5dc0b#0:FAIL-t1, 8b099941-e94c-4d44-b111-fee9636cc34f<-a7e49ec6-0391-473f-af1f-b7ebe60d9c8d#0:FAIL-t1] and 0 exception(s); 8b099941-e94c-4d44-b111-fee9636cc34f@group-04D66D378031:t1, leader=null, voted=8b099941-e94c-4d44-b111-fee9636cc34f, raftlog=8b099941-e94c-4d44-b111-fee9636cc34f@group-04D66D378031-SegmentedRaftLog:OPENED:c-1,f-1,i0, conf=-1: [d31a379a-b462-4e23-84c2-f59667e5dc0b:192.168.164.250:33498, 8b099941-e94c-4d44-b111-fee9636cc34f:192.168.164.250:43588, a7e49ec6-0391-473f-af1f-b7ebe60d9c8d:192.168.164.250:41993], old=null
2019-10-02 05:48:18,526 [8b099941-e94c-4d44-b111-fee9636cc34f@group-04D66D378031-LeaderElection9] INFO  impl.RaftServerImpl (RaftServerImpl.java:setRole(170)) - 8b099941-e94c-4d44-b111-fee9636cc34f@group-04D66D378031: changes role from CANDIDATE to FOLLOWER at term 1 for DISCOVERED_A_NEW_TERM
2019-10-02 05:48:18,528 [8b099941-e94c-4d44-b111-fee9636cc34f@group-04D66D378031-LeaderElection9] INFO  impl.RoleInfo (RoleInfo.java:shutdownLeaderElection(134)) - 8b099941-e94c-4d44-b111-fee9636cc34f: shutdown LeaderElection
2019-10-02 05:48:18,528 [8b099941-e94c-4d44-b111-fee9636cc34f@group-04D66D378031-LeaderElection9] INFO  impl.RoleInfo (RoleInfo.java:updateAndGet(143)) - 8b099941-e94c-4d44-b111-fee9636cc34f: start FollowerState
2019-10-02 05:48:18,548 [a7e49ec6-0391-473f-af1f-b7ebe60d9c8d@group-04D66D378031-LeaderElection10] INFO  impl.LeaderElection (LeaderElection.java:logAndReturn(56)) - a7e49ec6-0391-473f-af1f-b7ebe60d9c8d@group-04D66D378031-LeaderElection10: Election REJECTED; received 2 response(s) [a7e49ec6-0391-473f-af1f-b7ebe60d9c8d<-d31a379a-b462-4e23-84c2-f59667e5dc0b#0:FAIL-t1, a7e49ec6-0391-473f-af1f-b7ebe60d9c8d<-8b099941-e94c-4d44-b111-fee9636cc34f#0:FAIL-t1] and 0 exception(s); a7e49ec6-0391-473f-af1f-b7ebe60d9c8d@group-04D66D378031:t1, leader=null, voted=a7e49ec6-0391-473f-af1f-b7ebe60d9c8d, raftlog=a7e49ec6-0391-473f-af1f-b7ebe60d9c8d@group-04D66D378031-SegmentedRaftLog:OPENED:c-1,f-1,i0, conf=-1: [d31a379a-b462-4e23-84c2-f59667e5dc0b:192.168.164.250:33498, 8b099941-e94c-4d44-b111-fee9636cc34f:192.168.164.250:43588, a7e49ec6-0391-473f-af1f-b7ebe60d9c8d:192.168.164.250:41993], old=null
2019-10-02 05:48:18,552 [a7e49ec6-0391-473f-af1f-b7ebe60d9c8d@group-04D66D378031-LeaderElection10] INFO  impl.RaftServerImpl (RaftServerImpl.java:setRole(170)) - a7e49ec6-0391-473f-af1f-b7ebe60d9c8d@group-04D66D378031: changes role from CANDIDATE to FOLLOWER at term 1 for DISCOVERED_A_NEW_TERM
2019-10-02 05:48:18,558 [a7e49ec6-0391-473f-af1f-b7ebe60d9c8d@group-04D66D378031-LeaderElection10] INFO  impl.RoleInfo (RoleInfo.java:shutdownLeaderElection(134)) - a7e49ec6-0391-473f-af1f-b7ebe60d9c8d: shutdown LeaderElection
2019-10-02 05:48:18,559 [a7e49ec6-0391-473f-af1f-b7ebe60d9c8d@group-04D66D378031-LeaderElection10] INFO  impl.RoleInfo (RoleInfo.java:updateAndGet(143)) - a7e49ec6-0391-473f-af1f-b7ebe60d9c8d: start FollowerState
2019-10-02 05:48:18,559 [d31a379a-b462-4e23-84c2-f59667e5dc0b@group-04D66D378031-LeaderElection11] INFO  impl.LeaderElection (LeaderElection.java:logAndReturn(56)) - d31a379a-b462-4e23-84c2-f59667e5dc0b@group-04D66D378031-LeaderElection11: Election REJECTED; received 2 response(s) [d31a379a-b462-4e23-84c2-f59667e5dc0b<-8b099941-e94c-4d44-b111-fee9636cc34f#0:FAIL-t1, d31a379a-b462-4e23-84c2-f59667e5dc0b<-a7e49ec6-0391-473f-af1f-b7ebe60d9c8d#0:FAIL-t1] and 0 exception(s); d31a379a-b462-4e23-84c2-f59667e5dc0b@group-04D66D378031:t1, leader=null, voted=d31a379a-b462-4e23-84c2-f59667e5dc0b, raftlog=d31a379a-b462-4e23-84c2-f59667e5dc0b@group-04D66D378031-SegmentedRaftLog:OPENED:c-1,f-1,i0, conf=-1: [d31a379a-b462-4e23-84c2-f59667e5dc0b:192.168.164.250:33498, 8b099941-e94c-4d44-b111-fee9636cc34f:192.168.164.250:43588, a7e49ec6-0391-473f-af1f-b7ebe60d9c8d:192.168.164.250:41993], old=null
2019-10-02 05:48:18,561 [d31a379a-b462-4e23-84c2-f59667e5dc0b@group-04D66D378031-LeaderElection11] INFO  impl.RaftServerImpl (RaftServerImpl.java:setRole(170)) - d31a379a-b462-4e23-84c2-f59667e5dc0b@group-04D66D378031: changes role from CANDIDATE to FOLLOWER at term 1 for DISCOVERED_A_NEW_TERM
2019-10-02 05:48:18,561 [d31a379a-b462-4e23-84c2-f59667e5dc0b@group-04D66D378031-LeaderElection11] INFO  impl.RoleInfo (RoleInfo.java:shutdownLeaderElection(134)) - d31a379a-b462-4e23-84c2-f59667e5dc0b: shutdown LeaderElection
2019-10-02 05:48:18,561 [d31a379a-b462-4e23-84c2-f59667e5dc0b@group-04D66D378031-LeaderElection11] INFO  impl.RoleInfo (RoleInfo.java:updateAndGet(143)) - d31a379a-b462-4e23-84c2-f59667e5dc0b: start FollowerState
2019-10-02 05:48:23,609 [Thread-332] INFO  impl.FollowerState (FollowerState.java:run(108)) - d31a379a-b462-4e23-84c2-f59667e5dc0b@group-04D66D378031-FollowerState: change to CANDIDATE, lastRpcTime:5048ms, electionTimeout:5048ms
2019-10-02 05:48:23,612 [Thread-332] INFO  impl.RoleInfo (RoleInfo.java:shutdownFollowerState(121)) - d31a379a-b462-4e23-84c2-f59667e5dc0b: shutdown FollowerState
2019-10-02 05:48:23,612 [Thread-332] INFO  impl.RaftServerImpl (RaftServerImpl.java:setRole(170)) - d31a379a-b462-4e23-84c2-f59667e5dc0b@group-04D66D378031: changes role from  FOLLOWER to CANDIDATE at term 1 for changeToCandidate
2019-10-02 05:48:23,613 [Thread-332] INFO  impl.RoleInfo (RoleInfo.java:updateAndGet(143)) - d31a379a-b462-4e23-84c2-f59667e5dc0b: start LeaderElection
2019-10-02 05:48:23,629 [d31a379a-b462-4e23-84c2-f59667e5dc0b@group-04D66D378031-LeaderElection12] INFO  impl.LeaderElection (LeaderElection.java:askForVotes(178)) - d31a379a-b462-4e23-84c2-f59667e5dc0b@group-04D66D378031-LeaderElection12: begin an election at term 2 for -1: [d31a379a-b462-4e23-84c2-f59667e5dc0b:192.168.164.250:33498, 8b099941-e94c-4d44-b111-fee9636cc34f:192.168.164.250:43588, a7e49ec6-0391-473f-af1f-b7ebe60d9c8d:192.168.164.250:41993], old=null
2019-10-02 05:48:23,638 [grpc-default-executor-4] INFO  impl.RaftServerImpl (RaftServerImpl.java:setRole(170)) - a7e49ec6-0391-473f-af1f-b7ebe60d9c8d@group-04D66D378031: changes role from  FOLLOWER to FOLLOWER at term 2 for recognizeCandidate:d31a379a-b462-4e23-84c2-f59667e5dc0b
2019-10-02 05:48:23,638 [grpc-default-executor-5] INFO  impl.RaftServerImpl (RaftServerImpl.java:setRole(170)) - 8b099941-e94c-4d44-b111-fee9636cc34f@group-04D66D378031: changes role from  FOLLOWER to FOLLOWER at term 2 for recognizeCandidate:d31a379a-b462-4e23-84c2-f59667e5dc0b
2019-10-02 05:48:23,638 [grpc-default-executor-4] INFO  impl.RoleInfo (RoleInfo.java:shutdownFollowerState(121)) - a7e49ec6-0391-473f-af1f-b7ebe60d9c8d: shutdown FollowerState
2019-10-02 05:48:23,638 [grpc-default-executor-5] INFO  impl.RoleInfo (RoleInfo.java:shutdownFollowerState(121)) - 8b099941-e94c-4d44-b111-fee9636cc34f: shutdown FollowerState
2019-10-02 05:48:23,638 [Thread-331] INFO  impl.FollowerState (FollowerState.java:run(117)) - a7e49ec6-0391-473f-af1f-b7ebe60d9c8d@group-04D66D378031-FollowerState was interrupted: java.lang.InterruptedException: sleep interrupted
2019-10-02 05:48:23,639 [grpc-default-executor-4] INFO  impl.RoleInfo (RoleInfo.java:updateAndGet(143)) - a7e49ec6-0391-473f-af1f-b7ebe60d9c8d: start FollowerState
2019-10-02 05:48:23,639 [grpc-default-executor-5] INFO  impl.RoleInfo (RoleInfo.java:updateAndGet(143)) - 8b099941-e94c-4d44-b111-fee9636cc34f: start FollowerState
2019-10-02 05:48:23,639 [Thread-330] INFO  impl.FollowerState (FollowerState.java:run(117)) - 8b099941-e94c-4d44-b111-fee9636cc34f@group-04D66D378031-FollowerState was interrupted: java.lang.InterruptedException: sleep interrupted
2019-10-02 05:48:23,660 [d31a379a-b462-4e23-84c2-f59667e5dc0b@group-04D66D378031-LeaderElection12] INFO  impl.LeaderElection (LeaderElection.java:logAndReturn(56)) - d31a379a-b462-4e23-84c2-f59667e5dc0b@group-04D66D378031-LeaderElection12: Election PASSED; received 1 response(s) [d31a379a-b462-4e23-84c2-f59667e5dc0b<-8b099941-e94c-4d44-b111-fee9636cc34f#0:OK-t2] and 0 exception(s); d31a379a-b462-4e23-84c2-f59667e5dc0b@group-04D66D378031:t2, leader=null, voted=d31a379a-b462-4e23-84c2-f59667e5dc0b, raftlog=d31a379a-b462-4e23-84c2-f59667e5dc0b@group-04D66D378031-SegmentedRaftLog:OPENED:c-1,f-1,i0, conf=-1: [d31a379a-b462-4e23-84c2-f59667e5dc0b:192.168.164.250:33498, 8b099941-e94c-4d44-b111-fee9636cc34f:192.168.164.250:43588, a7e49ec6-0391-473f-af1f-b7ebe60d9c8d:192.168.164.250:41993], old=null
2019-10-02 05:48:23,660 [d31a379a-b462-4e23-84c2-f59667e5dc0b@group-04D66D378031-LeaderElection12] INFO  impl.RoleInfo (RoleInfo.java:shutdownLeaderElection(134)) - d31a379a-b462-4e23-84c2-f59667e5dc0b: shutdown LeaderElection
2019-10-02 05:48:23,663 [d31a379a-b462-4e23-84c2-f59667e5dc0b@group-04D66D378031-LeaderElection12] INFO  impl.RaftServerImpl (RaftServerImpl.java:setRole(170)) - d31a379a-b462-4e23-84c2-f59667e5dc0b@group-04D66D378031: changes role from CANDIDATE to LEADER at term 2 for changeToLeader
2019-10-02 05:48:23,663 [d31a379a-b462-4e23-84c2-f59667e5dc0b@group-04D66D378031-LeaderElection12] INFO  impl.RaftServerImpl (ServerState.java:setLeader(255)) - d31a379a-b462-4e23-84c2-f59667e5dc0b@group-04D66D378031: change Leader from null to d31a379a-b462-4e23-84c2-f59667e5dc0b at term 2 for becomeLeader, leader elected after 10437ms
2019-10-02 05:48:23,664 [d31a379a-b462-4e23-84c2-f59667e5dc0b@group-04D66D378031-LeaderElection12] INFO  server.RaftServerConfigKeys (ConfUtils.java:logGet(43)) - raft.server.staging.catchup.gap = 1000 (default)
2019-10-02 05:48:23,664 [d31a379a-b462-4e23-84c2-f59667e5dc0b@group-04D66D378031-LeaderElection12] INFO  server.RaftServerConfigKeys (ConfUtils.java:logGet(43)) - raft.server.rpc.sleep.time = 25ms (default)
2019-10-02 05:48:23,664 [d31a379a-b462-4e23-84c2-f59667e5dc0b@group-04D66D378031-LeaderElection12] INFO  server.RaftServerConfigKeys (ConfUtils.java:logGet(43)) - raft.server.write.element-limit = 4096 (default)
2019-10-02 05:48:23,665 [d31a379a-b462-4e23-84c2-f59667e5dc0b@group-04D66D378031-LeaderElection12] INFO  server.RaftServerConfigKeys (ConfUtils.java:logGet(43)) - raft.server.watch.timeout = 10s (default)
2019-10-02 05:48:23,665 [d31a379a-b462-4e23-84c2-f59667e5dc0b@group-04D66D378031-LeaderElection12] INFO  server.RaftServerConfigKeys (ConfUtils.java:logGet(43)) - raft.server.watch.timeout.denomination = 1s (default)
2019-10-02 05:48:23,665 [d31a379a-b462-4e23-84c2-f59667e5dc0b@group-04D66D378031-LeaderElection12] INFO  server.RaftServerConfigKeys (ConfUtils.java:logGet(43)) - raft.server.watch.element-limit = 65536 (default)
2019-10-02 05:48:23,669 [d31a379a-b462-4e23-84c2-f59667e5dc0b@group-04D66D378031-LeaderElection12] INFO  server.RaftServerConfigKeys (ConfUtils.java:logGet(43)) - raft.server.log.appender.snapshot.chunk.size.max = 16MB (=16777216) (default)
2019-10-02 05:48:23,670 [d31a379a-b462-4e23-84c2-f59667e5dc0b@group-04D66D378031-LeaderElection12] INFO  server.RaftServerConfigKeys (ConfUtils.java:logGet(43)) - raft.server.log.appender.buffer.byte-limit = 33554432 (custom)
2019-10-02 05:48:23,670 [d31a379a-b462-4e23-84c2-f59667e5dc0b@group-04D66D378031-LeaderElection12] INFO  server.RaftServerConfigKeys (ConfUtils.java:logGet(43)) - raft.server.log.appender.buffer.element-limit = 1 (custom)
2019-10-02 05:48:23,670 [d31a379a-b462-4e23-84c2-f59667e5dc0b@group-04D66D378031-LeaderElection12] INFO  grpc.GrpcConfigKeys$Server (ConfUtils.java:logGet(43)) - raft.grpc.server.leader.outstanding.appends.max = 128 (default)
2019-10-02 05:48:23,671 [d31a379a-b462-4e23-84c2-f59667e5dc0b@group-04D66D378031-LeaderElection12] INFO  server.RaftServerConfigKeys (ConfUtils.java:logGet(43)) - raft.server.rpc.request.timeout = 3000ms (default)
2019-10-02 05:48:23,671 [d31a379a-b462-4e23-84c2-f59667e5dc0b@group-04D66D378031-LeaderElection12] INFO  server.RaftServerConfigKeys (ConfUtils.java:logGet(43)) - raft.server.log.appender.install.snapshot.enabled = false (custom)
2019-10-02 05:48:23,671 [d31a379a-b462-4e23-84c2-f59667e5dc0b@group-04D66D378031-LeaderElection12] INFO  server.RaftServerConfigKeys (ConfUtils.java:logGet(43)) - raft.server.log.appender.snapshot.chunk.size.max = 16MB (=16777216) (default)
2019-10-02 05:48:23,671 [d31a379a-b462-4e23-84c2-f59667e5dc0b@group-04D66D378031-LeaderElection12] INFO  server.RaftServerConfigKeys (ConfUtils.java:logGet(43)) - raft.server.log.appender.buffer.byte-limit = 33554432 (custom)
2019-10-02 05:48:23,672 [d31a379a-b462-4e23-84c2-f59667e5dc0b@group-04D66D378031-LeaderElection12] INFO  server.RaftServerConfigKeys (ConfUtils.java:logGet(43)) - raft.server.log.appender.buffer.element-limit = 1 (custom)
2019-10-02 05:48:23,672 [d31a379a-b462-4e23-84c2-f59667e5dc0b@group-04D66D378031-LeaderElection12] INFO  grpc.GrpcConfigKeys$Server (ConfUtils.java:logGet(43)) - raft.grpc.server.leader.outstanding.appends.max = 128 (default)
2019-10-02 05:48:23,672 [d31a379a-b462-4e23-84c2-f59667e5dc0b@group-04D66D378031-LeaderElection12] INFO  server.RaftServerConfigKeys (ConfUtils.java:logGet(43)) - raft.server.rpc.request.timeout = 3000ms (default)
2019-10-02 05:48:23,672 [d31a379a-b462-4e23-84c2-f59667e5dc0b@group-04D66D378031-LeaderElection12] INFO  server.RaftServerConfigKeys (ConfUtils.java:logGet(43)) - raft.server.log.appender.install.snapshot.enabled = false (custom)
2019-10-02 05:48:23,673 [d31a379a-b462-4e23-84c2-f59667e5dc0b@group-04D66D378031-LeaderElection12] INFO  impl.RoleInfo (RoleInfo.java:updateAndGet(143)) - d31a379a-b462-4e23-84c2-f59667e5dc0b: start LeaderState
2019-10-02 05:48:23,673 [d31a379a-b462-4e23-84c2-f59667e5dc0b@group-04D66D378031-LeaderElection12] INFO  segmented.SegmentedRaftLogWorker (SegmentedRaftLogWorker.java:startLogSegment(385)) - d31a379a-b462-4e23-84c2-f59667e5dc0b@group-04D66D378031-SegmentedRaftLogWorker: Starting segment from index:0
2019-10-02 05:48:23,675 [d31a379a-b462-4e23-84c2-f59667e5dc0b@group-04D66D378031-LeaderElection12] INFO  impl.RaftServerImpl (ServerState.java:setRaftConf(356)) - d31a379a-b462-4e23-84c2-f59667e5dc0b@group-04D66D378031: set configuration 0: [d31a379a-b462-4e23-84c2-f59667e5dc0b:192.168.164.250:33498, 8b099941-e94c-4d44-b111-fee9636cc34f:192.168.164.250:43588, a7e49ec6-0391-473f-af1f-b7ebe60d9c8d:192.168.164.250:41993], old=null at 0
2019-10-02 05:48:23,711 [grpc-default-executor-5] INFO  impl.RaftServerImpl (ServerState.java:setLeader(255)) - 8b099941-e94c-4d44-b111-fee9636cc34f@group-04D66D378031: change Leader from null to d31a379a-b462-4e23-84c2-f59667e5dc0b at term 2 for appendEntries, leader elected after 10485ms
2019-10-02 05:48:23,715 [grpc-default-executor-4] INFO  impl.RaftServerImpl (ServerState.java:setLeader(255)) - a7e49ec6-0391-473f-af1f-b7ebe60d9c8d@group-04D66D378031: change Leader from null to d31a379a-b462-4e23-84c2-f59667e5dc0b at term 2 for appendEntries, leader elected after 10488ms
2019-10-02 05:48:23,719 [grpc-default-executor-5] INFO  impl.RaftServerImpl (ServerState.java:setRaftConf(356)) - a7e49ec6-0391-473f-af1f-b7ebe60d9c8d@group-04D66D378031: set configuration 0: [d31a379a-b462-4e23-84c2-f59667e5dc0b:192.168.164.250:33498, 8b099941-e94c-4d44-b111-fee9636cc34f:192.168.164.250:43588, a7e49ec6-0391-473f-af1f-b7ebe60d9c8d:192.168.164.250:41993], old=null at 0
2019-10-02 05:48:23,719 [grpc-default-executor-4] INFO  impl.RaftServerImpl (ServerState.java:setRaftConf(356)) - 8b099941-e94c-4d44-b111-fee9636cc34f@group-04D66D378031: set configuration 0: [d31a379a-b462-4e23-84c2-f59667e5dc0b:192.168.164.250:33498, 8b099941-e94c-4d44-b111-fee9636cc34f:192.168.164.250:43588, a7e49ec6-0391-473f-af1f-b7ebe60d9c8d:192.168.164.250:41993], old=null at 0
2019-10-02 05:48:23,719 [grpc-default-executor-5] INFO  segmented.SegmentedRaftLogWorker (SegmentedRaftLogWorker.java:startLogSegment(385)) - a7e49ec6-0391-473f-af1f-b7ebe60d9c8d@group-04D66D378031-SegmentedRaftLogWorker: Starting segment from index:0
2019-10-02 05:48:23,720 [grpc-default-executor-4] INFO  segmented.SegmentedRaftLogWorker (SegmentedRaftLogWorker.java:startLogSegment(385)) - 8b099941-e94c-4d44-b111-fee9636cc34f@group-04D66D378031-SegmentedRaftLogWorker: Starting segment from index:0
2019-10-02 05:48:23,722 [d31a379a-b462-4e23-84c2-f59667e5dc0b@group-04D66D378031-SegmentedRaftLogWorker] INFO  segmented.SegmentedRaftLogWorker (SegmentedRaftLogWorker.java:execute(574)) - d31a379a-b462-4e23-84c2-f59667e5dc0b@group-04D66D378031-SegmentedRaftLogWorker: created new log segment /workdir/hadoop-ozone/integration-test/target/test-dir/MiniOzoneClusterImpl-96702981-7b9c-49f5-b2c8-8280b9e400ec/datanode-1/data/ratis/f164c1c8-0f2c-4cc6-83da-04d66d378031/current/log_inprogress_0
2019-10-02 05:48:23,762 [8b099941-e94c-4d44-b111-fee9636cc34f@group-04D66D378031-SegmentedRaftLogWorker] INFO  segmented.SegmentedRaftLogWorker (SegmentedRaftLogWorker.java:execute(574)) - 8b099941-e94c-4d44-b111-fee9636cc34f@group-04D66D378031-SegmentedRaftLogWorker: created new log segment /workdir/hadoop-ozone/integration-test/target/test-dir/MiniOzoneClusterImpl-96702981-7b9c-49f5-b2c8-8280b9e400ec/datanode-4/data/ratis/f164c1c8-0f2c-4cc6-83da-04d66d378031/current/log_inprogress_0
2019-10-02 05:48:23,762 [a7e49ec6-0391-473f-af1f-b7ebe60d9c8d@group-04D66D378031-SegmentedRaftLogWorker] INFO  segmented.SegmentedRaftLogWorker (SegmentedRaftLogWorker.java:execute(574)) - a7e49ec6-0391-473f-af1f-b7ebe60d9c8d@group-04D66D378031-SegmentedRaftLogWorker: created new log segment /workdir/hadoop-ozone/integration-test/target/test-dir/MiniOzoneClusterImpl-96702981-7b9c-49f5-b2c8-8280b9e400ec/datanode-0/data/ratis/f164c1c8-0f2c-4cc6-83da-04d66d378031/current/log_inprogress_0
2019-10-02 05:48:24,004 [pool-36-thread-1] ERROR impl.ChunkManagerImpl (ChunkUtils.java:writeData(89)) - data array does not match the length specified. DataLen: 100 Byte Array: 246
2019-10-02 05:48:24,004 [pool-36-thread-1] INFO  keyvalue.KeyValueHandler (ContainerUtils.java:logAndReturnError(146)) - Operation: WriteChunk : Trace ID: b99d61a27e31a5ab:b99d61a27e31a5ab:0:0 : Message: data array does not match the length specified. DataLen: 100 Byte Array: 246 : Result: INVALID_WRITE_SIZE
2019-10-02 05:48:24,041 [EventQueue-IncrementalContainerReportForIncrementalContainerReportHandler] WARN  container.IncrementalContainerReportHandler (AbstractContainerReportHandler.java:updateContainerState(143)) - Container #1 is in OPEN state, but the datanode d31a379a-b462-4e23-84c2-f59667e5dc0b{ip: 192.168.164.250, host: pr-trunk-p5fv4-2201032288, networkLocation: /default-rack, certSerialId: null} reports an UNHEALTHY replica.
05:48:24.058 [pool-36-thread-1] ERROR DNAudit - user=null | ip=null | op=WRITE_CHUNK {blockData=conID: 1 locID: 102891211540463616 bcsId: 0} | ret=FAILURE
java.lang.Exception: data array does not match the length specified. DataLen: 100 Byte Array: 246
	at org.apache.hadoop.ozone.container.common.impl.HddsDispatcher.dispatchRequest(HddsDispatcher.java:330) ~[hadoop-hdds-container-service-0.5.0-SNAPSHOT.jar:?]
	at org.apache.hadoop.ozone.container.common.impl.HddsDispatcher.dispatch(HddsDispatcher.java:150) ~[hadoop-hdds-container-service-0.5.0-SNAPSHOT.jar:?]
	at org.apache.hadoop.ozone.container.common.transport.server.ratis.ContainerStateMachine.dispatchCommand(ContainerStateMachine.java:407) ~[hadoop-hdds-container-service-0.5.0-SNAPSHOT.jar:?]
	at org.apache.hadoop.ozone.container.common.transport.server.ratis.ContainerStateMachine.runCommand(ContainerStateMachine.java:415) ~[hadoop-hdds-container-service-0.5.0-SNAPSHOT.jar:?]
	at org.apache.hadoop.ozone.container.common.transport.server.ratis.ContainerStateMachine.lambda$handleWriteChunk$1(ContainerStateMachine.java:450) ~[hadoop-hdds-container-service-0.5.0-SNAPSHOT.jar:?]
	at java.util.concurrent.CompletableFuture$AsyncSupply.run(CompletableFuture.java:1590) [?:1.8.0_212]
	at java.util.concurrent.ThreadPoolExecutor.runWorker(ThreadPoolExecutor.java:1149) [?:1.8.0_212]
	at java.util.concurrent.ThreadPoolExecutor$Worker.run(ThreadPoolExecutor.java:624) [?:1.8.0_212]
	at java.lang.Thread.run(Thread.java:748) [?:1.8.0_212]
2019-10-02 05:48:24,071 [pool-36-thread-1] ERROR ratis.ContainerStateMachine (ContainerStateMachine.java:lambda$handleWriteChunk$2(470)) - group-04D66D378031: writeChunk writeStateMachineData failed: blockIdcontainerID: 1
localID: 102891211540463616
blockCommitSequenceId: 0
 logIndex 1 chunkName 102891211540463616_chunk_1 Error message: data array does not match the length specified. DataLen: 100 Byte Array: 246 Container Result: INVALID_WRITE_SIZE
2019-10-02 05:48:24,085 [d31a379a-b462-4e23-84c2-f59667e5dc0b@group-04D66D378031-SegmentedRaftLogWorker] ERROR ratis.XceiverServerRatis (XceiverServerRatis.java:triggerPipelineClose(581)) - pipeline Action CLOSE  on pipeline PipelineID=f164c1c8-0f2c-4cc6-83da-04d66d378031.Reason : data array does not match the length specified. DataLen: 100 Byte Array: 246
2019-10-02 05:48:24,085 [d31a379a-b462-4e23-84c2-f59667e5dc0b@group-04D66D378031-SegmentedRaftLogWorker] ERROR ratis.XceiverServerRatis (XceiverServerRatis.java:triggerPipelineClose(581)) - pipeline Action CLOSE  on pipeline PipelineID=f164c1c8-0f2c-4cc6-83da-04d66d378031.Reason : Log already failed at index 1 for task WriteLog:1: (t:2, i:1), STATEMACHINELOGENTRY, client-4A2085D33C8C, cid=13
2019-10-02 05:48:24,089 [EventQueue-PipelineActionsForPipelineActionHandler] ERROR pipeline.PipelineActionHandler (PipelineActionHandler.java:onMessage(60)) - Received pipeline action CLOSE for Pipeline[ Id: f164c1c8-0f2c-4cc6-83da-04d66d378031, Nodes: a7e49ec6-0391-473f-af1f-b7ebe60d9c8d{ip: 192.168.164.250, host: pr-trunk-p5fv4-2201032288, networkLocation: /default-rack, certSerialId: null}d31a379a-b462-4e23-84c2-f59667e5dc0b{ip: 192.168.164.250, host: pr-trunk-p5fv4-2201032288, networkLocation: /default-rack, certSerialId: null}8b099941-e94c-4d44-b111-fee9636cc34f{ip: 192.168.164.250, host: pr-trunk-p5fv4-2201032288, networkLocation: /default-rack, certSerialId: null}, Type:RATIS, Factor:THREE, State:OPEN] from datanode d31a379a-b462-4e23-84c2-f59667e5dc0b{ip: 192.168.164.250, host: pr-trunk-p5fv4-2201032288, networkLocation: /default-rack, certSerialId: null}. Reason : data array does not match the length specified. DataLen: 100 Byte Array: 246
2019-10-02 05:48:24,089 [EventQueue-PipelineActionsForPipelineActionHandler] INFO  pipeline.SCMPipelineManager (SCMPipelineManager.java:finalizeAndDestroyPipeline(315)) - destroying pipeline:Pipeline[ Id: f164c1c8-0f2c-4cc6-83da-04d66d378031, Nodes: a7e49ec6-0391-473f-af1f-b7ebe60d9c8d{ip: 192.168.164.250, host: pr-trunk-p5fv4-2201032288, networkLocation: /default-rack, certSerialId: null}d31a379a-b462-4e23-84c2-f59667e5dc0b{ip: 192.168.164.250, host: pr-trunk-p5fv4-2201032288, networkLocation: /default-rack, certSerialId: null}8b099941-e94c-4d44-b111-fee9636cc34f{ip: 192.168.164.250, host: pr-trunk-p5fv4-2201032288, networkLocation: /default-rack, certSerialId: null}, Type:RATIS, Factor:THREE, State:OPEN]
2019-10-02 05:48:24,091 [EventQueue-CloseContainerForCloseContainerEventHandler] INFO  container.CloseContainerEventHandler (CloseContainerEventHandler.java:onMessage(61)) - Close container Event triggered for container : #1
2019-10-02 05:48:24,094 [EventQueue-PipelineActionsForPipelineActionHandler] INFO  pipeline.PipelineStateManager (PipelineStateManager.java:finalizePipeline(123)) - Pipeline Pipeline[ Id: f164c1c8-0f2c-4cc6-83da-04d66d378031, Nodes: a7e49ec6-0391-473f-af1f-b7ebe60d9c8d{ip: 192.168.164.250, host: pr-trunk-p5fv4-2201032288, networkLocation: /default-rack, certSerialId: null}d31a379a-b462-4e23-84c2-f59667e5dc0b{ip: 192.168.164.250, host: pr-trunk-p5fv4-2201032288, networkLocation: /default-rack, certSerialId: null}8b099941-e94c-4d44-b111-fee9636cc34f{ip: 192.168.164.250, host: pr-trunk-p5fv4-2201032288, networkLocation: /default-rack, certSerialId: null}, Type:RATIS, Factor:THREE, State:CLOSED] moved to CLOSED state
2019-10-02 05:48:24,098 [EventQueue-CloseContainerForCloseContainerEventHandler] INFO  container.CloseContainerEventHandler (CloseContainerEventHandler.java:onMessage(61)) - Close container Event triggered for container : #1
2019-10-02 05:48:26,860 [java.util.concurrent.ThreadPoolExecutor$Worker@48125b17[State = -1, empty queue]] ERROR client.GrpcClientProtocolClient (GrpcClientProtocolClient.java:close(148)) - Unexpected exception while waiting for channel termination
java.lang.InterruptedException
	at java.util.concurrent.locks.AbstractQueuedSynchronizer.tryAcquireSharedNanos(AbstractQueuedSynchronizer.java:1326)
	at java.util.concurrent.CountDownLatch.await(CountDownLatch.java:277)
	at org.apache.ratis.thirdparty.io.grpc.internal.ManagedChannelImpl.awaitTermination(ManagedChannelImpl.java:763)
	at org.apache.ratis.thirdparty.io.grpc.internal.ForwardingManagedChannel.awaitTermination(ForwardingManagedChannel.java:57)
	at org.apache.ratis.thirdparty.io.grpc.internal.ManagedChannelOrphanWrapper.awaitTermination(ManagedChannelOrphanWrapper.java:70)
	at org.apache.ratis.grpc.client.GrpcClientProtocolClient.close(GrpcClientProtocolClient.java:146)
	at org.apache.ratis.util.PeerProxyMap$PeerAndProxy.lambda$close$1(PeerProxyMap.java:74)
	at org.apache.ratis.util.LifeCycle.lambda$checkStateAndClose$2(LifeCycle.java:231)
	at org.apache.ratis.util.LifeCycle.checkStateAndClose(LifeCycle.java:251)
	at org.apache.ratis.util.LifeCycle.checkStateAndClose(LifeCycle.java:229)
	at org.apache.ratis.util.PeerProxyMap$PeerAndProxy.close(PeerProxyMap.java:70)
	at org.apache.ratis.util.PeerProxyMap.resetProxy(PeerProxyMap.java:127)
	at org.apache.ratis.util.PeerProxyMap.handleException(PeerProxyMap.java:136)
	at org.apache.ratis.client.impl.RaftClientRpcWithProxy.handleException(RaftClientRpcWithProxy.java:47)
	at org.apache.ratis.client.impl.RaftClientImpl.handleIOException(RaftClientImpl.java:372)
	at org.apache.ratis.client.impl.OrderedAsync.lambda$sendRequest$10(OrderedAsync.java:236)
	at java.util.concurrent.CompletableFuture.uniExceptionally(CompletableFuture.java:870)
	at java.util.concurrent.CompletableFuture$UniExceptionally.tryFire(CompletableFuture.java:852)
	at java.util.concurrent.CompletableFuture.postComplete(CompletableFuture.java:474)
	at java.util.concurrent.CompletableFuture.completeExceptionally(CompletableFuture.java:1977)
	at org.apache.ratis.grpc.client.GrpcClientProtocolClient$AsyncStreamObservers.lambda$timeoutCheck$3(GrpcClientProtocolClient.java:324)
	at java.util.Optional.ifPresent(Optional.java:159)
	at org.apache.ratis.grpc.client.GrpcClientProtocolClient$AsyncStreamObservers.handleReplyFuture(GrpcClientProtocolClient.java:329)
	at org.apache.ratis.grpc.client.GrpcClientProtocolClient$AsyncStreamObservers.timeoutCheck(GrpcClientProtocolClient.java:324)
	at org.apache.ratis.grpc.client.GrpcClientProtocolClient$AsyncStreamObservers.lambda$onNext$1(GrpcClientProtocolClient.java:318)
	at org.apache.ratis.util.TimeoutScheduler.lambda$onTimeout$0(TimeoutScheduler.java:113)
	at org.apache.ratis.util.TimeoutScheduler.lambda$onTimeout$1(TimeoutScheduler.java:133)
	at org.apache.ratis.util.LogUtils.runAndLog(LogUtils.java:50)
	at org.apache.ratis.util.LogUtils$1.run(LogUtils.java:91)
	at java.util.concurrent.Executors$RunnableAdapter.call(Executors.java:511)
	at java.util.concurrent.FutureTask.run(FutureTask.java:266)
	at java.util.concurrent.ScheduledThreadPoolExecutor$ScheduledFutureTask.access$201(ScheduledThreadPoolExecutor.java:180)
	at java.util.concurrent.ScheduledThreadPoolExecutor$ScheduledFutureTask.run(ScheduledThreadPoolExecutor.java:293)
	at java.util.concurrent.ThreadPoolExecutor.runWorker(ThreadPoolExecutor.java:1149)
	at java.util.concurrent.ThreadPoolExecutor$Worker.run(ThreadPoolExecutor.java:624)
	at java.lang.Thread.run(Thread.java:748)
2019-10-02 05:48:26,864 [java.util.concurrent.ThreadPoolExecutor$Worker@48125b17[State = -1, empty queue]] WARN  util.TimeoutScheduler (LogUtils.java:runAndLog(55)) - Failed to task #0: java.lang.NullPointerException
2019-10-02 05:48:30,909 [java.util.concurrent.ThreadPoolExecutor$Worker@330d2af0[State = -1, empty queue]] ERROR client.GrpcClientProtocolClient (GrpcClientProtocolClient.java:close(148)) - Unexpected exception while waiting for channel termination
java.lang.InterruptedException
	at java.util.concurrent.locks.AbstractQueuedSynchronizer.tryAcquireSharedNanos(AbstractQueuedSynchronizer.java:1326)
	at java.util.concurrent.CountDownLatch.await(CountDownLatch.java:277)
	at org.apache.ratis.thirdparty.io.grpc.internal.ManagedChannelImpl.awaitTermination(ManagedChannelImpl.java:763)
	at org.apache.ratis.thirdparty.io.grpc.internal.ForwardingManagedChannel.awaitTermination(ForwardingManagedChannel.java:57)
	at org.apache.ratis.thirdparty.io.grpc.internal.ManagedChannelOrphanWrapper.awaitTermination(ManagedChannelOrphanWrapper.java:70)
	at org.apache.ratis.grpc.client.GrpcClientProtocolClient.close(GrpcClientProtocolClient.java:146)
	at org.apache.ratis.util.PeerProxyMap$PeerAndProxy.lambda$close$1(PeerProxyMap.java:74)
	at org.apache.ratis.util.LifeCycle.lambda$checkStateAndClose$2(LifeCycle.java:231)
	at org.apache.ratis.util.LifeCycle.checkStateAndClose(LifeCycle.java:251)
	at org.apache.ratis.util.LifeCycle.checkStateAndClose(LifeCycle.java:229)
	at org.apache.ratis.util.PeerProxyMap$PeerAndProxy.close(PeerProxyMap.java:70)
	at org.apache.ratis.util.PeerProxyMap.resetProxy(PeerProxyMap.java:127)
	at org.apache.ratis.util.PeerProxyMap.handleException(PeerProxyMap.java:136)
	at org.apache.ratis.client.impl.RaftClientRpcWithProxy.handleException(RaftClientRpcWithProxy.java:47)
	at org.apache.ratis.client.impl.RaftClientImpl.handleIOException(RaftClientImpl.java:372)
	at org.apache.ratis.client.impl.OrderedAsync.lambda$sendRequest$10(OrderedAsync.java:236)
	at java.util.concurrent.CompletableFuture.uniExceptionally(CompletableFuture.java:870)
	at java.util.concurrent.CompletableFuture$UniExceptionally.tryFire(CompletableFuture.java:852)
	at java.util.concurrent.CompletableFuture.postComplete(CompletableFuture.java:474)
	at java.util.concurrent.CompletableFuture.completeExceptionally(CompletableFuture.java:1977)
	at org.apache.ratis.grpc.client.GrpcClientProtocolClient$AsyncStreamObservers.lambda$timeoutCheck$3(GrpcClientProtocolClient.java:324)
	at java.util.Optional.ifPresent(Optional.java:159)
	at org.apache.ratis.grpc.client.GrpcClientProtocolClient$AsyncStreamObservers.handleReplyFuture(GrpcClientProtocolClient.java:329)
	at org.apache.ratis.grpc.client.GrpcClientProtocolClient$AsyncStreamObservers.timeoutCheck(GrpcClientProtocolClient.java:324)
	at org.apache.ratis.grpc.client.GrpcClientProtocolClient$AsyncStreamObservers.lambda$onNext$1(GrpcClientProtocolClient.java:318)
	at org.apache.ratis.util.TimeoutScheduler.lambda$onTimeout$0(TimeoutScheduler.java:113)
	at org.apache.ratis.util.TimeoutScheduler.lambda$onTimeout$1(TimeoutScheduler.java:133)
	at org.apache.ratis.util.LogUtils.runAndLog(LogUtils.java:50)
	at org.apache.ratis.util.LogUtils$1.run(LogUtils.java:91)
	at java.util.concurrent.Executors$RunnableAdapter.call(Executors.java:511)
	at java.util.concurrent.FutureTask.run(FutureTask.java:266)
	at java.util.concurrent.ScheduledThreadPoolExecutor$ScheduledFutureTask.access$201(ScheduledThreadPoolExecutor.java:180)
	at java.util.concurrent.ScheduledThreadPoolExecutor$ScheduledFutureTask.run(ScheduledThreadPoolExecutor.java:293)
	at java.util.concurrent.ThreadPoolExecutor.runWorker(ThreadPoolExecutor.java:1149)
	at java.util.concurrent.ThreadPoolExecutor$Worker.run(ThreadPoolExecutor.java:624)
	at java.lang.Thread.run(Thread.java:748)
2019-10-02 05:48:30,915 [java.util.concurrent.ThreadPoolExecutor$Worker@330d2af0[State = -1, empty queue]] WARN  util.TimeoutScheduler (LogUtils.java:runAndLog(55)) - Failed to task #0: java.lang.NullPointerException
2019-10-02 05:48:34,959 [java.util.concurrent.ThreadPoolExecutor$Worker@5e0f95a9[State = -1, empty queue]] ERROR client.GrpcClientProtocolClient (GrpcClientProtocolClient.java:close(148)) - Unexpected exception while waiting for channel termination
java.lang.InterruptedException
	at java.util.concurrent.locks.AbstractQueuedSynchronizer.tryAcquireSharedNanos(AbstractQueuedSynchronizer.java:1326)
	at java.util.concurrent.CountDownLatch.await(CountDownLatch.java:277)
	at org.apache.ratis.thirdparty.io.grpc.internal.ManagedChannelImpl.awaitTermination(ManagedChannelImpl.java:763)
	at org.apache.ratis.thirdparty.io.grpc.internal.ForwardingManagedChannel.awaitTermination(ForwardingManagedChannel.java:57)
	at org.apache.ratis.thirdparty.io.grpc.internal.ManagedChannelOrphanWrapper.awaitTermination(ManagedChannelOrphanWrapper.java:70)
	at org.apache.ratis.grpc.client.GrpcClientProtocolClient.close(GrpcClientProtocolClient.java:146)
	at org.apache.ratis.util.PeerProxyMap$PeerAndProxy.lambda$close$1(PeerProxyMap.java:74)
	at org.apache.ratis.util.LifeCycle.lambda$checkStateAndClose$2(LifeCycle.java:231)
	at org.apache.ratis.util.LifeCycle.checkStateAndClose(LifeCycle.java:251)
	at org.apache.ratis.util.LifeCycle.checkStateAndClose(LifeCycle.java:229)
	at org.apache.ratis.util.PeerProxyMap$PeerAndProxy.close(PeerProxyMap.java:70)
	at org.apache.ratis.util.PeerProxyMap.resetProxy(PeerProxyMap.java:127)
	at org.apache.ratis.util.PeerProxyMap.handleException(PeerProxyMap.java:136)
	at org.apache.ratis.client.impl.RaftClientRpcWithProxy.handleException(RaftClientRpcWithProxy.java:47)
	at org.apache.ratis.client.impl.RaftClientImpl.handleIOException(RaftClientImpl.java:372)
	at org.apache.ratis.client.impl.OrderedAsync.lambda$sendRequest$10(OrderedAsync.java:236)
	at java.util.concurrent.CompletableFuture.uniExceptionally(CompletableFuture.java:870)
	at java.util.concurrent.CompletableFuture$UniExceptionally.tryFire(CompletableFuture.java:852)
	at java.util.concurrent.CompletableFuture.postComplete(CompletableFuture.java:474)
	at java.util.concurrent.CompletableFuture.completeExceptionally(CompletableFuture.java:1977)
	at org.apache.ratis.grpc.client.GrpcClientProtocolClient$AsyncStreamObservers.lambda$timeoutCheck$3(GrpcClientProtocolClient.java:324)
	at java.util.Optional.ifPresent(Optional.java:159)
	at org.apache.ratis.grpc.client.GrpcClientProtocolClient$AsyncStreamObservers.handleReplyFuture(GrpcClientProtocolClient.java:329)
	at org.apache.ratis.grpc.client.GrpcClientProtocolClient$AsyncStreamObservers.timeoutCheck(GrpcClientProtocolClient.java:324)
	at org.apache.ratis.grpc.client.GrpcClientProtocolClient$AsyncStreamObservers.lambda$onNext$1(GrpcClientProtocolClient.java:318)
	at org.apache.ratis.util.TimeoutScheduler.lambda$onTimeout$0(TimeoutScheduler.java:113)
	at org.apache.ratis.util.TimeoutScheduler.lambda$onTimeout$1(TimeoutScheduler.java:133)
	at org.apache.ratis.util.LogUtils.runAndLog(LogUtils.java:50)
	at org.apache.ratis.util.LogUtils$1.run(LogUtils.java:91)
	at java.util.concurrent.Executors$RunnableAdapter.call(Executors.java:511)
	at java.util.concurrent.FutureTask.run(FutureTask.java:266)
	at java.util.concurrent.ScheduledThreadPoolExecutor$ScheduledFutureTask.access$201(ScheduledThreadPoolExecutor.java:180)
	at java.util.concurrent.ScheduledThreadPoolExecutor$ScheduledFutureTask.run(ScheduledThreadPoolExecutor.java:293)
	at java.util.concurrent.ThreadPoolExecutor.runWorker(ThreadPoolExecutor.java:1149)
	at java.util.concurrent.ThreadPoolExecutor$Worker.run(ThreadPoolExecutor.java:624)
	at java.lang.Thread.run(Thread.java:748)
2019-10-02 05:48:34,960 [java.util.concurrent.ThreadPoolExecutor$Worker@5e0f95a9[State = -1, empty queue]] WARN  util.TimeoutScheduler (LogUtils.java:runAndLog(55)) - Failed to task #0: java.lang.NullPointerException
2019-10-02 05:48:38,995 [java.util.concurrent.ThreadPoolExecutor$Worker@5e25fbee[State = -1, empty queue]] ERROR client.GrpcClientProtocolClient (GrpcClientProtocolClient.java:close(148)) - Unexpected exception while waiting for channel termination
java.lang.InterruptedException
	at java.util.concurrent.locks.AbstractQueuedSynchronizer.tryAcquireSharedNanos(AbstractQueuedSynchronizer.java:1326)
	at java.util.concurrent.CountDownLatch.await(CountDownLatch.java:277)
	at org.apache.ratis.thirdparty.io.grpc.internal.ManagedChannelImpl.awaitTermination(ManagedChannelImpl.java:763)
	at org.apache.ratis.thirdparty.io.grpc.internal.ForwardingManagedChannel.awaitTermination(ForwardingManagedChannel.java:57)
	at org.apache.ratis.thirdparty.io.grpc.internal.ManagedChannelOrphanWrapper.awaitTermination(ManagedChannelOrphanWrapper.java:70)
	at org.apache.ratis.grpc.client.GrpcClientProtocolClient.close(GrpcClientProtocolClient.java:146)
	at org.apache.ratis.util.PeerProxyMap$PeerAndProxy.lambda$close$1(PeerProxyMap.java:74)
	at org.apache.ratis.util.LifeCycle.lambda$checkStateAndClose$2(LifeCycle.java:231)
	at org.apache.ratis.util.LifeCycle.checkStateAndClose(LifeCycle.java:251)
	at org.apache.ratis.util.LifeCycle.checkStateAndClose(LifeCycle.java:229)
	at org.apache.ratis.util.PeerProxyMap$PeerAndProxy.close(PeerProxyMap.java:70)
	at org.apache.ratis.util.PeerProxyMap.resetProxy(PeerProxyMap.java:127)
	at org.apache.ratis.util.PeerProxyMap.handleException(PeerProxyMap.java:136)
	at org.apache.ratis.client.impl.RaftClientRpcWithProxy.handleException(RaftClientRpcWithProxy.java:47)
	at org.apache.ratis.client.impl.RaftClientImpl.handleIOException(RaftClientImpl.java:372)
	at org.apache.ratis.client.impl.OrderedAsync.lambda$sendRequest$10(OrderedAsync.java:236)
	at java.util.concurrent.CompletableFuture.uniExceptionally(CompletableFuture.java:870)
	at java.util.concurrent.CompletableFuture$UniExceptionally.tryFire(CompletableFuture.java:852)
	at java.util.concurrent.CompletableFuture.postComplete(CompletableFuture.java:474)
	at java.util.concurrent.CompletableFuture.completeExceptionally(CompletableFuture.java:1977)
	at org.apache.ratis.grpc.client.GrpcClientProtocolClient$AsyncStreamObservers.lambda$timeoutCheck$3(GrpcClientProtocolClient.java:324)
	at java.util.Optional.ifPresent(Optional.java:159)
	at org.apache.ratis.grpc.client.GrpcClientProtocolClient$AsyncStreamObservers.handleReplyFuture(GrpcClientProtocolClient.java:329)
	at org.apache.ratis.grpc.client.GrpcClientProtocolClient$AsyncStreamObservers.timeoutCheck(GrpcClientProtocolClient.java:324)
	at org.apache.ratis.grpc.client.GrpcClientProtocolClient$AsyncStreamObservers.lambda$onNext$1(GrpcClientProtocolClient.java:318)
	at org.apache.ratis.util.TimeoutScheduler.lambda$onTimeout$0(TimeoutScheduler.java:113)
	at org.apache.ratis.util.TimeoutScheduler.lambda$onTimeout$1(TimeoutScheduler.java:133)
	at org.apache.ratis.util.LogUtils.runAndLog(LogUtils.java:50)
	at org.apache.ratis.util.LogUtils$1.run(LogUtils.java:91)
	at java.util.concurrent.Executors$RunnableAdapter.call(Executors.java:511)
	at java.util.concurrent.FutureTask.run(FutureTask.java:266)
	at java.util.concurrent.ScheduledThreadPoolExecutor$ScheduledFutureTask.access$201(ScheduledThreadPoolExecutor.java:180)
	at java.util.concurrent.ScheduledThreadPoolExecutor$ScheduledFutureTask.run(ScheduledThreadPoolExecutor.java:293)
	at java.util.concurrent.ThreadPoolExecutor.runWorker(ThreadPoolExecutor.java:1149)
	at java.util.concurrent.ThreadPoolExecutor$Worker.run(ThreadPoolExecutor.java:624)
	at java.lang.Thread.run(Thread.java:748)
2019-10-02 05:48:38,996 [java.util.concurrent.ThreadPoolExecutor$Worker@5e25fbee[State = -1, empty queue]] WARN  util.TimeoutScheduler (LogUtils.java:runAndLog(55)) - Failed to task #0: java.lang.NullPointerException
2019-10-02 05:48:43,061 [java.util.concurrent.ThreadPoolExecutor$Worker@654f0062[State = -1, empty queue]] ERROR client.GrpcClientProtocolClient (GrpcClientProtocolClient.java:close(148)) - Unexpected exception while waiting for channel termination
java.lang.InterruptedException
	at java.util.concurrent.locks.AbstractQueuedSynchronizer.tryAcquireSharedNanos(AbstractQueuedSynchronizer.java:1326)
	at java.util.concurrent.CountDownLatch.await(CountDownLatch.java:277)
	at org.apache.ratis.thirdparty.io.grpc.internal.ManagedChannelImpl.awaitTermination(ManagedChannelImpl.java:763)
	at org.apache.ratis.thirdparty.io.grpc.internal.ForwardingManagedChannel.awaitTermination(ForwardingManagedChannel.java:57)
	at org.apache.ratis.thirdparty.io.grpc.internal.ManagedChannelOrphanWrapper.awaitTermination(ManagedChannelOrphanWrapper.java:70)
	at org.apache.ratis.grpc.client.GrpcClientProtocolClient.close(GrpcClientProtocolClient.java:146)
	at org.apache.ratis.util.PeerProxyMap$PeerAndProxy.lambda$close$1(PeerProxyMap.java:74)
	at org.apache.ratis.util.LifeCycle.lambda$checkStateAndClose$2(LifeCycle.java:231)
	at org.apache.ratis.util.LifeCycle.checkStateAndClose(LifeCycle.java:251)
	at org.apache.ratis.util.LifeCycle.checkStateAndClose(LifeCycle.java:229)
	at org.apache.ratis.util.PeerProxyMap$PeerAndProxy.close(PeerProxyMap.java:70)
	at org.apache.ratis.util.PeerProxyMap.resetProxy(PeerProxyMap.java:127)
	at org.apache.ratis.util.PeerProxyMap.handleException(PeerProxyMap.java:136)
	at org.apache.ratis.client.impl.RaftClientRpcWithProxy.handleException(RaftClientRpcWithProxy.java:47)
	at org.apache.ratis.client.impl.RaftClientImpl.handleIOException(RaftClientImpl.java:372)
	at org.apache.ratis.client.impl.OrderedAsync.lambda$sendRequest$10(OrderedAsync.java:236)
	at java.util.concurrent.CompletableFuture.uniExceptionally(CompletableFuture.java:870)
	at java.util.concurrent.CompletableFuture$UniExceptionally.tryFire(CompletableFuture.java:852)
	at java.util.concurrent.CompletableFuture.postComplete(CompletableFuture.java:474)
	at java.util.concurrent.CompletableFuture.completeExceptionally(CompletableFuture.java:1977)
	at org.apache.ratis.grpc.client.GrpcClientProtocolClient$AsyncStreamObservers.lambda$timeoutCheck$3(GrpcClientProtocolClient.java:324)
	at java.util.Optional.ifPresent(Optional.java:159)
	at org.apache.ratis.grpc.client.GrpcClientProtocolClient$AsyncStreamObservers.handleReplyFuture(GrpcClientProtocolClient.java:329)
	at org.apache.ratis.grpc.client.GrpcClientProtocolClient$AsyncStreamObservers.timeoutCheck(GrpcClientProtocolClient.java:324)
	at org.apache.ratis.grpc.client.GrpcClientProtocolClient$AsyncStreamObservers.lambda$onNext$1(GrpcClientProtocolClient.java:318)
	at org.apache.ratis.util.TimeoutScheduler.lambda$onTimeout$0(TimeoutScheduler.java:113)
	at org.apache.ratis.util.TimeoutScheduler.lambda$onTimeout$1(TimeoutScheduler.java:133)
	at org.apache.ratis.util.LogUtils.runAndLog(LogUtils.java:50)
	at org.apache.ratis.util.LogUtils$1.run(LogUtils.java:91)
	at java.util.concurrent.Executors$RunnableAdapter.call(Executors.java:511)
	at java.util.concurrent.FutureTask.run(FutureTask.java:266)
	at java.util.concurrent.ScheduledThreadPoolExecutor$ScheduledFutureTask.access$201(ScheduledThreadPoolExecutor.java:180)
	at java.util.concurrent.ScheduledThreadPoolExecutor$ScheduledFutureTask.run(ScheduledThreadPoolExecutor.java:293)
	at java.util.concurrent.ThreadPoolExecutor.runWorker(ThreadPoolExecutor.java:1149)
	at java.util.concurrent.ThreadPoolExecutor$Worker.run(ThreadPoolExecutor.java:624)
	at java.lang.Thread.run(Thread.java:748)
2019-10-02 05:48:43,063 [java.util.concurrent.ThreadPoolExecutor$Worker@654f0062[State = -1, empty queue]] WARN  util.TimeoutScheduler (LogUtils.java:runAndLog(55)) - Failed to task #0: java.lang.NullPointerException
2019-10-02 05:48:47,111 [java.util.concurrent.ThreadPoolExecutor$Worker@1c863db2[State = -1, empty queue]] ERROR client.GrpcClientProtocolClient (GrpcClientProtocolClient.java:close(148)) - Unexpected exception while waiting for channel termination
java.lang.InterruptedException
	at java.util.concurrent.locks.AbstractQueuedSynchronizer.tryAcquireSharedNanos(AbstractQueuedSynchronizer.java:1326)
	at java.util.concurrent.CountDownLatch.await(CountDownLatch.java:277)
	at org.apache.ratis.thirdparty.io.grpc.internal.ManagedChannelImpl.awaitTermination(ManagedChannelImpl.java:763)
	at org.apache.ratis.thirdparty.io.grpc.internal.ForwardingManagedChannel.awaitTermination(ForwardingManagedChannel.java:57)
	at org.apache.ratis.thirdparty.io.grpc.internal.ManagedChannelOrphanWrapper.awaitTermination(ManagedChannelOrphanWrapper.java:70)
	at org.apache.ratis.grpc.client.GrpcClientProtocolClient.close(GrpcClientProtocolClient.java:146)
	at org.apache.ratis.util.PeerProxyMap$PeerAndProxy.lambda$close$1(PeerProxyMap.java:74)
	at org.apache.ratis.util.LifeCycle.lambda$checkStateAndClose$2(LifeCycle.java:231)
	at org.apache.ratis.util.LifeCycle.checkStateAndClose(LifeCycle.java:251)
	at org.apache.ratis.util.LifeCycle.checkStateAndClose(LifeCycle.java:229)
	at org.apache.ratis.util.PeerProxyMap$PeerAndProxy.close(PeerProxyMap.java:70)
	at org.apache.ratis.util.PeerProxyMap.resetProxy(PeerProxyMap.java:127)
	at org.apache.ratis.util.PeerProxyMap.handleException(PeerProxyMap.java:136)
	at org.apache.ratis.client.impl.RaftClientRpcWithProxy.handleException(RaftClientRpcWithProxy.java:47)
	at org.apache.ratis.client.impl.RaftClientImpl.handleIOException(RaftClientImpl.java:372)
	at org.apache.ratis.client.impl.OrderedAsync.lambda$sendRequest$10(OrderedAsync.java:236)
	at java.util.concurrent.CompletableFuture.uniExceptionally(CompletableFuture.java:870)
	at java.util.concurrent.CompletableFuture$UniExceptionally.tryFire(CompletableFuture.java:852)
	at java.util.concurrent.CompletableFuture.postComplete(CompletableFuture.java:474)
	at java.util.concurrent.CompletableFuture.completeExceptionally(CompletableFuture.java:1977)
	at org.apache.ratis.grpc.client.GrpcClientProtocolClient$AsyncStreamObservers.lambda$timeoutCheck$3(GrpcClientProtocolClient.java:324)
	at java.util.Optional.ifPresent(Optional.java:159)
	at org.apache.ratis.grpc.client.GrpcClientProtocolClient$AsyncStreamObservers.handleReplyFuture(GrpcClientProtocolClient.java:329)
	at org.apache.ratis.grpc.client.GrpcClientProtocolClient$AsyncStreamObservers.timeoutCheck(GrpcClientProtocolClient.java:324)
	at org.apache.ratis.grpc.client.GrpcClientProtocolClient$AsyncStreamObservers.lambda$onNext$1(GrpcClientProtocolClient.java:318)
	at org.apache.ratis.util.TimeoutScheduler.lambda$onTimeout$0(TimeoutScheduler.java:113)
	at org.apache.ratis.util.TimeoutScheduler.lambda$onTimeout$1(TimeoutScheduler.java:133)
	at org.apache.ratis.util.LogUtils.runAndLog(LogUtils.java:50)
	at org.apache.ratis.util.LogUtils$1.run(LogUtils.java:91)
	at java.util.concurrent.Executors$RunnableAdapter.call(Executors.java:511)
	at java.util.concurrent.FutureTask.run(FutureTask.java:266)
	at java.util.concurrent.ScheduledThreadPoolExecutor$ScheduledFutureTask.access$201(ScheduledThreadPoolExecutor.java:180)
	at java.util.concurrent.ScheduledThreadPoolExecutor$ScheduledFutureTask.run(ScheduledThreadPoolExecutor.java:293)
	at java.util.concurrent.ThreadPoolExecutor.runWorker(ThreadPoolExecutor.java:1149)
	at java.util.concurrent.ThreadPoolExecutor$Worker.run(ThreadPoolExecutor.java:624)
	at java.lang.Thread.run(Thread.java:748)
2019-10-02 05:48:47,113 [java.util.concurrent.ThreadPoolExecutor$Worker@1c863db2[State = -1, empty queue]] WARN  util.TimeoutScheduler (LogUtils.java:runAndLog(55)) - Failed to task #0: java.lang.NullPointerException
2019-10-02 05:48:51,152 [java.util.concurrent.ThreadPoolExecutor$Worker@564dc055[State = -1, empty queue]] ERROR client.GrpcClientProtocolClient (GrpcClientProtocolClient.java:close(148)) - Unexpected exception while waiting for channel termination
java.lang.InterruptedException
	at java.util.concurrent.locks.AbstractQueuedSynchronizer.tryAcquireSharedNanos(AbstractQueuedSynchronizer.java:1326)
	at java.util.concurrent.CountDownLatch.await(CountDownLatch.java:277)
	at org.apache.ratis.thirdparty.io.grpc.internal.ManagedChannelImpl.awaitTermination(ManagedChannelImpl.java:763)
	at org.apache.ratis.thirdparty.io.grpc.internal.ForwardingManagedChannel.awaitTermination(ForwardingManagedChannel.java:57)
	at org.apache.ratis.thirdparty.io.grpc.internal.ManagedChannelOrphanWrapper.awaitTermination(ManagedChannelOrphanWrapper.java:70)
	at org.apache.ratis.grpc.client.GrpcClientProtocolClient.close(GrpcClientProtocolClient.java:146)
	at org.apache.ratis.util.PeerProxyMap$PeerAndProxy.lambda$close$1(PeerProxyMap.java:74)
	at org.apache.ratis.util.LifeCycle.lambda$checkStateAndClose$2(LifeCycle.java:231)
	at org.apache.ratis.util.LifeCycle.checkStateAndClose(LifeCycle.java:251)
	at org.apache.ratis.util.LifeCycle.checkStateAndClose(LifeCycle.java:229)
	at org.apache.ratis.util.PeerProxyMap$PeerAndProxy.close(PeerProxyMap.java:70)
	at org.apache.ratis.util.PeerProxyMap.resetProxy(PeerProxyMap.java:127)
	at org.apache.ratis.util.PeerProxyMap.handleException(PeerProxyMap.java:136)
	at org.apache.ratis.client.impl.RaftClientRpcWithProxy.handleException(RaftClientRpcWithProxy.java:47)
	at org.apache.ratis.client.impl.RaftClientImpl.handleIOException(RaftClientImpl.java:372)
	at org.apache.ratis.client.impl.OrderedAsync.lambda$sendRequest$10(OrderedAsync.java:236)
	at java.util.concurrent.CompletableFuture.uniExceptionally(CompletableFuture.java:870)
	at java.util.concurrent.CompletableFuture$UniExceptionally.tryFire(CompletableFuture.java:852)
	at java.util.concurrent.CompletableFuture.postComplete(CompletableFuture.java:474)
	at java.util.concurrent.CompletableFuture.completeExceptionally(CompletableFuture.java:1977)
	at org.apache.ratis.grpc.client.GrpcClientProtocolClient$AsyncStreamObservers.lambda$timeoutCheck$3(GrpcClientProtocolClient.java:324)
	at java.util.Optional.ifPresent(Optional.java:159)
	at org.apache.ratis.grpc.client.GrpcClientProtocolClient$AsyncStreamObservers.handleReplyFuture(GrpcClientProtocolClient.java:329)
	at org.apache.ratis.grpc.client.GrpcClientProtocolClient$AsyncStreamObservers.timeoutCheck(GrpcClientProtocolClient.java:324)
	at org.apache.ratis.grpc.client.GrpcClientProtocolClient$AsyncStreamObservers.lambda$onNext$1(GrpcClientProtocolClient.java:318)
	at org.apache.ratis.util.TimeoutScheduler.lambda$onTimeout$0(TimeoutScheduler.java:113)
	at org.apache.ratis.util.TimeoutScheduler.lambda$onTimeout$1(TimeoutScheduler.java:133)
	at org.apache.ratis.util.LogUtils.runAndLog(LogUtils.java:50)
	at org.apache.ratis.util.LogUtils$1.run(LogUtils.java:91)
	at java.util.concurrent.Executors$RunnableAdapter.call(Executors.java:511)
	at java.util.concurrent.FutureTask.run(FutureTask.java:266)
	at java.util.concurrent.ScheduledThreadPoolExecutor$ScheduledFutureTask.access$201(ScheduledThreadPoolExecutor.java:180)
	at java.util.concurrent.ScheduledThreadPoolExecutor$ScheduledFutureTask.run(ScheduledThreadPoolExecutor.java:293)
	at java.util.concurrent.ThreadPoolExecutor.runWorker(ThreadPoolExecutor.java:1149)
	at java.util.concurrent.ThreadPoolExecutor$Worker.run(ThreadPoolExecutor.java:624)
	at java.lang.Thread.run(Thread.java:748)
2019-10-02 05:48:51,154 [java.util.concurrent.ThreadPoolExecutor$Worker@564dc055[State = -1, empty queue]] WARN  util.TimeoutScheduler (LogUtils.java:runAndLog(55)) - Failed to task #0: java.lang.NullPointerException
2019-10-02 05:48:55,205 [java.util.concurrent.ThreadPoolExecutor$Worker@424abfb6[State = -1, empty queue]] ERROR client.GrpcClientProtocolClient (GrpcClientProtocolClient.java:close(148)) - Unexpected exception while waiting for channel termination
java.lang.InterruptedException
	at java.util.concurrent.locks.AbstractQueuedSynchronizer.tryAcquireSharedNanos(AbstractQueuedSynchronizer.java:1326)
	at java.util.concurrent.CountDownLatch.await(CountDownLatch.java:277)
	at org.apache.ratis.thirdparty.io.grpc.internal.ManagedChannelImpl.awaitTermination(ManagedChannelImpl.java:763)
	at org.apache.ratis.thirdparty.io.grpc.internal.ForwardingManagedChannel.awaitTermination(ForwardingManagedChannel.java:57)
	at org.apache.ratis.thirdparty.io.grpc.internal.ManagedChannelOrphanWrapper.awaitTermination(ManagedChannelOrphanWrapper.java:70)
	at org.apache.ratis.grpc.client.GrpcClientProtocolClient.close(GrpcClientProtocolClient.java:146)
	at org.apache.ratis.util.PeerProxyMap$PeerAndProxy.lambda$close$1(PeerProxyMap.java:74)
	at org.apache.ratis.util.LifeCycle.lambda$checkStateAndClose$2(LifeCycle.java:231)
	at org.apache.ratis.util.LifeCycle.checkStateAndClose(LifeCycle.java:251)
	at org.apache.ratis.util.LifeCycle.checkStateAndClose(LifeCycle.java:229)
	at org.apache.ratis.util.PeerProxyMap$PeerAndProxy.close(PeerProxyMap.java:70)
	at org.apache.ratis.util.PeerProxyMap.resetProxy(PeerProxyMap.java:127)
	at org.apache.ratis.util.PeerProxyMap.handleException(PeerProxyMap.java:136)
	at org.apache.ratis.client.impl.RaftClientRpcWithProxy.handleException(RaftClientRpcWithProxy.java:47)
	at org.apache.ratis.client.impl.RaftClientImpl.handleIOException(RaftClientImpl.java:372)
	at org.apache.ratis.client.impl.OrderedAsync.lambda$sendRequest$10(OrderedAsync.java:236)
	at java.util.concurrent.CompletableFuture.uniExceptionally(CompletableFuture.java:870)
	at java.util.concurrent.CompletableFuture$UniExceptionally.tryFire(CompletableFuture.java:852)
	at java.util.concurrent.CompletableFuture.postComplete(CompletableFuture.java:474)
	at java.util.concurrent.CompletableFuture.completeExceptionally(CompletableFuture.java:1977)
	at org.apache.ratis.grpc.client.GrpcClientProtocolClient$AsyncStreamObservers.lambda$timeoutCheck$3(GrpcClientProtocolClient.java:324)
	at java.util.Optional.ifPresent(Optional.java:159)
	at org.apache.ratis.grpc.client.GrpcClientProtocolClient$AsyncStreamObservers.handleReplyFuture(GrpcClientProtocolClient.java:329)
	at org.apache.ratis.grpc.client.GrpcClientProtocolClient$AsyncStreamObservers.timeoutCheck(GrpcClientProtocolClient.java:324)
	at org.apache.ratis.grpc.client.GrpcClientProtocolClient$AsyncStreamObservers.lambda$onNext$1(GrpcClientProtocolClient.java:318)
	at org.apache.ratis.util.TimeoutScheduler.lambda$onTimeout$0(TimeoutScheduler.java:113)
	at org.apache.ratis.util.TimeoutScheduler.lambda$onTimeout$1(TimeoutScheduler.java:133)
	at org.apache.ratis.util.LogUtils.runAndLog(LogUtils.java:50)
	at org.apache.ratis.util.LogUtils$1.run(LogUtils.java:91)
	at java.util.concurrent.Executors$RunnableAdapter.call(Executors.java:511)
	at java.util.concurrent.FutureTask.run(FutureTask.java:266)
	at java.util.concurrent.ScheduledThreadPoolExecutor$ScheduledFutureTask.access$201(ScheduledThreadPoolExecutor.java:180)
	at java.util.concurrent.ScheduledThreadPoolExecutor$ScheduledFutureTask.run(ScheduledThreadPoolExecutor.java:293)
	at java.util.concurrent.ThreadPoolExecutor.runWorker(ThreadPoolExecutor.java:1149)
	at java.util.concurrent.ThreadPoolExecutor$Worker.run(ThreadPoolExecutor.java:624)
	at java.lang.Thread.run(Thread.java:748)
2019-10-02 05:48:55,207 [java.util.concurrent.ThreadPoolExecutor$Worker@424abfb6[State = -1, empty queue]] WARN  util.TimeoutScheduler (LogUtils.java:runAndLog(55)) - Failed to task #0: java.lang.NullPointerException
2019-10-02 05:48:59,240 [java.util.concurrent.ThreadPoolExecutor$Worker@180bddb8[State = -1, empty queue]] ERROR client.GrpcClientProtocolClient (GrpcClientProtocolClient.java:close(148)) - Unexpected exception while waiting for channel termination
java.lang.InterruptedException
	at java.util.concurrent.locks.AbstractQueuedSynchronizer.tryAcquireSharedNanos(AbstractQueuedSynchronizer.java:1326)
	at java.util.concurrent.CountDownLatch.await(CountDownLatch.java:277)
	at org.apache.ratis.thirdparty.io.grpc.internal.ManagedChannelImpl.awaitTermination(ManagedChannelImpl.java:763)
	at org.apache.ratis.thirdparty.io.grpc.internal.ForwardingManagedChannel.awaitTermination(ForwardingManagedChannel.java:57)
	at org.apache.ratis.thirdparty.io.grpc.internal.ManagedChannelOrphanWrapper.awaitTermination(ManagedChannelOrphanWrapper.java:70)
	at org.apache.ratis.grpc.client.GrpcClientProtocolClient.close(GrpcClientProtocolClient.java:146)
	at org.apache.ratis.util.PeerProxyMap$PeerAndProxy.lambda$close$1(PeerProxyMap.java:74)
	at org.apache.ratis.util.LifeCycle.lambda$checkStateAndClose$2(LifeCycle.java:231)
	at org.apache.ratis.util.LifeCycle.checkStateAndClose(LifeCycle.java:251)
	at org.apache.ratis.util.LifeCycle.checkStateAndClose(LifeCycle.java:229)
	at org.apache.ratis.util.PeerProxyMap$PeerAndProxy.close(PeerProxyMap.java:70)
	at org.apache.ratis.util.PeerProxyMap.resetProxy(PeerProxyMap.java:127)
	at org.apache.ratis.util.PeerProxyMap.handleException(PeerProxyMap.java:136)
	at org.apache.ratis.client.impl.RaftClientRpcWithProxy.handleException(RaftClientRpcWithProxy.java:47)
	at org.apache.ratis.client.impl.RaftClientImpl.handleIOException(RaftClientImpl.java:372)
	at org.apache.ratis.client.impl.OrderedAsync.lambda$sendRequest$10(OrderedAsync.java:236)
	at java.util.concurrent.CompletableFuture.uniExceptionally(CompletableFuture.java:870)
	at java.util.concurrent.CompletableFuture$UniExceptionally.tryFire(CompletableFuture.java:852)
	at java.util.concurrent.CompletableFuture.postComplete(CompletableFuture.java:474)
	at java.util.concurrent.CompletableFuture.completeExceptionally(CompletableFuture.java:1977)
	at org.apache.ratis.grpc.client.GrpcClientProtocolClient$AsyncStreamObservers.lambda$timeoutCheck$3(GrpcClientProtocolClient.java:324)
	at java.util.Optional.ifPresent(Optional.java:159)
	at org.apache.ratis.grpc.client.GrpcClientProtocolClient$AsyncStreamObservers.handleReplyFuture(GrpcClientProtocolClient.java:329)
	at org.apache.ratis.grpc.client.GrpcClientProtocolClient$AsyncStreamObservers.timeoutCheck(GrpcClientProtocolClient.java:324)
	at org.apache.ratis.grpc.client.GrpcClientProtocolClient$AsyncStreamObservers.lambda$onNext$1(GrpcClientProtocolClient.java:318)
	at org.apache.ratis.util.TimeoutScheduler.lambda$onTimeout$0(TimeoutScheduler.java:113)
	at org.apache.ratis.util.TimeoutScheduler.lambda$onTimeout$1(TimeoutScheduler.java:133)
	at org.apache.ratis.util.LogUtils.runAndLog(LogUtils.java:50)
	at org.apache.ratis.util.LogUtils$1.run(LogUtils.java:91)
	at java.util.concurrent.Executors$RunnableAdapter.call(Executors.java:511)
	at java.util.concurrent.FutureTask.run(FutureTask.java:266)
	at java.util.concurrent.ScheduledThreadPoolExecutor$ScheduledFutureTask.access$201(ScheduledThreadPoolExecutor.java:180)
	at java.util.concurrent.ScheduledThreadPoolExecutor$ScheduledFutureTask.run(ScheduledThreadPoolExecutor.java:293)
	at java.util.concurrent.ThreadPoolExecutor.runWorker(ThreadPoolExecutor.java:1149)
	at java.util.concurrent.ThreadPoolExecutor$Worker.run(ThreadPoolExecutor.java:624)
	at java.lang.Thread.run(Thread.java:748)
2019-10-02 05:48:59,244 [java.util.concurrent.ThreadPoolExecutor$Worker@180bddb8[State = -1, empty queue]] WARN  util.TimeoutScheduler (LogUtils.java:runAndLog(55)) - Failed to task #0: java.lang.NullPointerException
2019-10-02 05:49:03,292 [java.util.concurrent.ThreadPoolExecutor$Worker@e2abdc0[State = -1, empty queue]] ERROR client.GrpcClientProtocolClient (GrpcClientProtocolClient.java:close(148)) - Unexpected exception while waiting for channel termination
java.lang.InterruptedException
	at java.util.concurrent.locks.AbstractQueuedSynchronizer.tryAcquireSharedNanos(AbstractQueuedSynchronizer.java:1326)
	at java.util.concurrent.CountDownLatch.await(CountDownLatch.java:277)
	at org.apache.ratis.thirdparty.io.grpc.internal.ManagedChannelImpl.awaitTermination(ManagedChannelImpl.java:763)
	at org.apache.ratis.thirdparty.io.grpc.internal.ForwardingManagedChannel.awaitTermination(ForwardingManagedChannel.java:57)
	at org.apache.ratis.thirdparty.io.grpc.internal.ManagedChannelOrphanWrapper.awaitTermination(ManagedChannelOrphanWrapper.java:70)
	at org.apache.ratis.grpc.client.GrpcClientProtocolClient.close(GrpcClientProtocolClient.java:146)
	at org.apache.ratis.util.PeerProxyMap$PeerAndProxy.lambda$close$1(PeerProxyMap.java:74)
	at org.apache.ratis.util.LifeCycle.lambda$checkStateAndClose$2(LifeCycle.java:231)
	at org.apache.ratis.util.LifeCycle.checkStateAndClose(LifeCycle.java:251)
	at org.apache.ratis.util.LifeCycle.checkStateAndClose(LifeCycle.java:229)
	at org.apache.ratis.util.PeerProxyMap$PeerAndProxy.close(PeerProxyMap.java:70)
	at org.apache.ratis.util.PeerProxyMap.resetProxy(PeerProxyMap.java:127)
	at org.apache.ratis.util.PeerProxyMap.handleException(PeerProxyMap.java:136)
	at org.apache.ratis.client.impl.RaftClientRpcWithProxy.handleException(RaftClientRpcWithProxy.java:47)
	at org.apache.ratis.client.impl.RaftClientImpl.handleIOException(RaftClientImpl.java:372)
	at org.apache.ratis.client.impl.OrderedAsync.lambda$sendRequest$10(OrderedAsync.java:236)
	at java.util.concurrent.CompletableFuture.uniExceptionally(CompletableFuture.java:870)
	at java.util.concurrent.CompletableFuture$UniExceptionally.tryFire(CompletableFuture.java:852)
	at java.util.concurrent.CompletableFuture.postComplete(CompletableFuture.java:474)
	at java.util.concurrent.CompletableFuture.completeExceptionally(CompletableFuture.java:1977)
	at org.apache.ratis.grpc.client.GrpcClientProtocolClient$AsyncStreamObservers.lambda$timeoutCheck$3(GrpcClientProtocolClient.java:324)
	at java.util.Optional.ifPresent(Optional.java:159)
	at org.apache.ratis.grpc.client.GrpcClientProtocolClient$AsyncStreamObservers.handleReplyFuture(GrpcClientProtocolClient.java:329)
	at org.apache.ratis.grpc.client.GrpcClientProtocolClient$AsyncStreamObservers.timeoutCheck(GrpcClientProtocolClient.java:324)
	at org.apache.ratis.grpc.client.GrpcClientProtocolClient$AsyncStreamObservers.lambda$onNext$1(GrpcClientProtocolClient.java:318)
	at org.apache.ratis.util.TimeoutScheduler.lambda$onTimeout$0(TimeoutScheduler.java:113)
	at org.apache.ratis.util.TimeoutScheduler.lambda$onTimeout$1(TimeoutScheduler.java:133)
	at org.apache.ratis.util.LogUtils.runAndLog(LogUtils.java:50)
	at org.apache.ratis.util.LogUtils$1.run(LogUtils.java:91)
	at java.util.concurrent.Executors$RunnableAdapter.call(Executors.java:511)
	at java.util.concurrent.FutureTask.run(FutureTask.java:266)
	at java.util.concurrent.ScheduledThreadPoolExecutor$ScheduledFutureTask.access$201(ScheduledThreadPoolExecutor.java:180)
	at java.util.concurrent.ScheduledThreadPoolExecutor$ScheduledFutureTask.run(ScheduledThreadPoolExecutor.java:293)
	at java.util.concurrent.ThreadPoolExecutor.runWorker(ThreadPoolExecutor.java:1149)
	at java.util.concurrent.ThreadPoolExecutor$Worker.run(ThreadPoolExecutor.java:624)
	at java.lang.Thread.run(Thread.java:748)
2019-10-02 05:49:03,295 [java.util.concurrent.ThreadPoolExecutor$Worker@e2abdc0[State = -1, empty queue]] WARN  util.TimeoutScheduler (LogUtils.java:runAndLog(55)) - Failed to task #0: java.lang.NullPointerException
2019-10-02 05:49:07,327 [java.util.concurrent.ThreadPoolExecutor$Worker@74b69a82[State = -1, empty queue]] ERROR client.GrpcClientProtocolClient (GrpcClientProtocolClient.java:close(148)) - Unexpected exception while waiting for channel termination
java.lang.InterruptedException
	at java.util.concurrent.locks.AbstractQueuedSynchronizer.tryAcquireSharedNanos(AbstractQueuedSynchronizer.java:1326)
	at java.util.concurrent.CountDownLatch.await(CountDownLatch.java:277)
	at org.apache.ratis.thirdparty.io.grpc.internal.ManagedChannelImpl.awaitTermination(ManagedChannelImpl.java:763)
	at org.apache.ratis.thirdparty.io.grpc.internal.ForwardingManagedChannel.awaitTermination(ForwardingManagedChannel.java:57)
	at org.apache.ratis.thirdparty.io.grpc.internal.ManagedChannelOrphanWrapper.awaitTermination(ManagedChannelOrphanWrapper.java:70)
	at org.apache.ratis.grpc.client.GrpcClientProtocolClient.close(GrpcClientProtocolClient.java:146)
	at org.apache.ratis.util.PeerProxyMap$PeerAndProxy.lambda$close$1(PeerProxyMap.java:74)
	at org.apache.ratis.util.LifeCycle.lambda$checkStateAndClose$2(LifeCycle.java:231)
	at org.apache.ratis.util.LifeCycle.checkStateAndClose(LifeCycle.java:251)
	at org.apache.ratis.util.LifeCycle.checkStateAndClose(LifeCycle.java:229)
	at org.apache.ratis.util.PeerProxyMap$PeerAndProxy.close(PeerProxyMap.java:70)
	at org.apache.ratis.util.PeerProxyMap.resetProxy(PeerProxyMap.java:127)
	at org.apache.ratis.util.PeerProxyMap.handleException(PeerProxyMap.java:136)
	at org.apache.ratis.client.impl.RaftClientRpcWithProxy.handleException(RaftClientRpcWithProxy.java:47)
	at org.apache.ratis.client.impl.RaftClientImpl.handleIOException(RaftClientImpl.java:372)
	at org.apache.ratis.client.impl.OrderedAsync.lambda$sendRequest$10(OrderedAsync.java:236)
	at java.util.concurrent.CompletableFuture.uniExceptionally(CompletableFuture.java:870)
	at java.util.concurrent.CompletableFuture$UniExceptionally.tryFire(CompletableFuture.java:852)
	at java.util.concurrent.CompletableFuture.postComplete(CompletableFuture.java:474)
	at java.util.concurrent.CompletableFuture.completeExceptionally(CompletableFuture.java:1977)
	at org.apache.ratis.grpc.client.GrpcClientProtocolClient$AsyncStreamObservers.lambda$timeoutCheck$3(GrpcClientProtocolClient.java:324)
	at java.util.Optional.ifPresent(Optional.java:159)
	at org.apache.ratis.grpc.client.GrpcClientProtocolClient$AsyncStreamObservers.handleReplyFuture(GrpcClientProtocolClient.java:329)
	at org.apache.ratis.grpc.client.GrpcClientProtocolClient$AsyncStreamObservers.timeoutCheck(GrpcClientProtocolClient.java:324)
	at org.apache.ratis.grpc.client.GrpcClientProtocolClient$AsyncStreamObservers.lambda$onNext$1(GrpcClientProtocolClient.java:318)
	at org.apache.ratis.util.TimeoutScheduler.lambda$onTimeout$0(TimeoutScheduler.java:113)
	at org.apache.ratis.util.TimeoutScheduler.lambda$onTimeout$1(TimeoutScheduler.java:133)
	at org.apache.ratis.util.LogUtils.runAndLog(LogUtils.java:50)
	at org.apache.ratis.util.LogUtils$1.run(LogUtils.java:91)
	at java.util.concurrent.Executors$RunnableAdapter.call(Executors.java:511)
	at java.util.concurrent.FutureTask.run(FutureTask.java:266)
	at java.util.concurrent.ScheduledThreadPoolExecutor$ScheduledFutureTask.access$201(ScheduledThreadPoolExecutor.java:180)
	at java.util.concurrent.ScheduledThreadPoolExecutor$ScheduledFutureTask.run(ScheduledThreadPoolExecutor.java:293)
	at java.util.concurrent.ThreadPoolExecutor.runWorker(ThreadPoolExecutor.java:1149)
	at java.util.concurrent.ThreadPoolExecutor$Worker.run(ThreadPoolExecutor.java:624)
	at java.lang.Thread.run(Thread.java:748)
2019-10-02 05:49:07,330 [java.util.concurrent.ThreadPoolExecutor$Worker@74b69a82[State = -1, empty queue]] WARN  util.TimeoutScheduler (LogUtils.java:runAndLog(55)) - Failed to task #0: java.lang.NullPointerException
2019-10-02 05:49:11,355 [java.util.concurrent.ThreadPoolExecutor$Worker@3e888639[State = -1, empty queue]] ERROR client.GrpcClientProtocolClient (GrpcClientProtocolClient.java:close(148)) - Unexpected exception while waiting for channel termination
java.lang.InterruptedException
	at java.util.concurrent.locks.AbstractQueuedSynchronizer.tryAcquireSharedNanos(AbstractQueuedSynchronizer.java:1326)
	at java.util.concurrent.CountDownLatch.await(CountDownLatch.java:277)
	at org.apache.ratis.thirdparty.io.grpc.internal.ManagedChannelImpl.awaitTermination(ManagedChannelImpl.java:763)
	at org.apache.ratis.thirdparty.io.grpc.internal.ForwardingManagedChannel.awaitTermination(ForwardingManagedChannel.java:57)
	at org.apache.ratis.thirdparty.io.grpc.internal.ManagedChannelOrphanWrapper.awaitTermination(ManagedChannelOrphanWrapper.java:70)
	at org.apache.ratis.grpc.client.GrpcClientProtocolClient.close(GrpcClientProtocolClient.java:146)
	at org.apache.ratis.util.PeerProxyMap$PeerAndProxy.lambda$close$1(PeerProxyMap.java:74)
	at org.apache.ratis.util.LifeCycle.lambda$checkStateAndClose$2(LifeCycle.java:231)
	at org.apache.ratis.util.LifeCycle.checkStateAndClose(LifeCycle.java:251)
	at org.apache.ratis.util.LifeCycle.checkStateAndClose(LifeCycle.java:229)
	at org.apache.ratis.util.PeerProxyMap$PeerAndProxy.close(PeerProxyMap.java:70)
	at org.apache.ratis.util.PeerProxyMap.resetProxy(PeerProxyMap.java:127)
	at org.apache.ratis.util.PeerProxyMap.handleException(PeerProxyMap.java:136)
	at org.apache.ratis.client.impl.RaftClientRpcWithProxy.handleException(RaftClientRpcWithProxy.java:47)
	at org.apache.ratis.client.impl.RaftClientImpl.handleIOException(RaftClientImpl.java:372)
	at org.apache.ratis.client.impl.OrderedAsync.lambda$sendRequest$10(OrderedAsync.java:236)
	at java.util.concurrent.CompletableFuture.uniExceptionally(CompletableFuture.java:870)
	at java.util.concurrent.CompletableFuture$UniExceptionally.tryFire(CompletableFuture.java:852)
	at java.util.concurrent.CompletableFuture.postComplete(CompletableFuture.java:474)
	at java.util.concurrent.CompletableFuture.completeExceptionally(CompletableFuture.java:1977)
	at org.apache.ratis.grpc.client.GrpcClientProtocolClient$AsyncStreamObservers.lambda$timeoutCheck$3(GrpcClientProtocolClient.java:324)
	at java.util.Optional.ifPresent(Optional.java:159)
	at org.apache.ratis.grpc.client.GrpcClientProtocolClient$AsyncStreamObservers.handleReplyFuture(GrpcClientProtocolClient.java:329)
	at org.apache.ratis.grpc.client.GrpcClientProtocolClient$AsyncStreamObservers.timeoutCheck(GrpcClientProtocolClient.java:324)
	at org.apache.ratis.grpc.client.GrpcClientProtocolClient$AsyncStreamObservers.lambda$onNext$1(GrpcClientProtocolClient.java:318)
	at org.apache.ratis.util.TimeoutScheduler.lambda$onTimeout$0(TimeoutScheduler.java:113)
	at org.apache.ratis.util.TimeoutScheduler.lambda$onTimeout$1(TimeoutScheduler.java:133)
	at org.apache.ratis.util.LogUtils.runAndLog(LogUtils.java:50)
	at org.apache.ratis.util.LogUtils$1.run(LogUtils.java:91)
	at java.util.concurrent.Executors$RunnableAdapter.call(Executors.java:511)
	at java.util.concurrent.FutureTask.run(FutureTask.java:266)
	at java.util.concurrent.ScheduledThreadPoolExecutor$ScheduledFutureTask.access$201(ScheduledThreadPoolExecutor.java:180)
	at java.util.concurrent.ScheduledThreadPoolExecutor$ScheduledFutureTask.run(ScheduledThreadPoolExecutor.java:293)
	at java.util.concurrent.ThreadPoolExecutor.runWorker(ThreadPoolExecutor.java:1149)
	at java.util.concurrent.ThreadPoolExecutor$Worker.run(ThreadPoolExecutor.java:624)
	at java.lang.Thread.run(Thread.java:748)
2019-10-02 05:49:11,358 [java.util.concurrent.ThreadPoolExecutor$Worker@3e888639[State = -1, empty queue]] WARN  util.TimeoutScheduler (LogUtils.java:runAndLog(55)) - Failed to task #0: java.lang.NullPointerException
2019-10-02 05:49:15,392 [java.util.concurrent.ThreadPoolExecutor$Worker@5a4b7eae[State = -1, empty queue]] ERROR client.GrpcClientProtocolClient (GrpcClientProtocolClient.java:close(148)) - Unexpected exception while waiting for channel termination
java.lang.InterruptedException
	at java.util.concurrent.locks.AbstractQueuedSynchronizer.tryAcquireSharedNanos(AbstractQueuedSynchronizer.java:1326)
	at java.util.concurrent.CountDownLatch.await(CountDownLatch.java:277)
	at org.apache.ratis.thirdparty.io.grpc.internal.ManagedChannelImpl.awaitTermination(ManagedChannelImpl.java:763)
	at org.apache.ratis.thirdparty.io.grpc.internal.ForwardingManagedChannel.awaitTermination(ForwardingManagedChannel.java:57)
	at org.apache.ratis.thirdparty.io.grpc.internal.ManagedChannelOrphanWrapper.awaitTermination(ManagedChannelOrphanWrapper.java:70)
	at org.apache.ratis.grpc.client.GrpcClientProtocolClient.close(GrpcClientProtocolClient.java:146)
	at org.apache.ratis.util.PeerProxyMap$PeerAndProxy.lambda$close$1(PeerProxyMap.java:74)
	at org.apache.ratis.util.LifeCycle.lambda$checkStateAndClose$2(LifeCycle.java:231)
	at org.apache.ratis.util.LifeCycle.checkStateAndClose(LifeCycle.java:251)
	at org.apache.ratis.util.LifeCycle.checkStateAndClose(LifeCycle.java:229)
	at org.apache.ratis.util.PeerProxyMap$PeerAndProxy.close(PeerProxyMap.java:70)
	at org.apache.ratis.util.PeerProxyMap.resetProxy(PeerProxyMap.java:127)
	at org.apache.ratis.util.PeerProxyMap.handleException(PeerProxyMap.java:136)
	at org.apache.ratis.client.impl.RaftClientRpcWithProxy.handleException(RaftClientRpcWithProxy.java:47)
	at org.apache.ratis.client.impl.RaftClientImpl.handleIOException(RaftClientImpl.java:372)
	at org.apache.ratis.client.impl.OrderedAsync.lambda$sendRequest$10(OrderedAsync.java:236)
	at java.util.concurrent.CompletableFuture.uniExceptionally(CompletableFuture.java:870)
	at java.util.concurrent.CompletableFuture$UniExceptionally.tryFire(CompletableFuture.java:852)
	at java.util.concurrent.CompletableFuture.postComplete(CompletableFuture.java:474)
	at java.util.concurrent.CompletableFuture.completeExceptionally(CompletableFuture.java:1977)
	at org.apache.ratis.grpc.client.GrpcClientProtocolClient$AsyncStreamObservers.lambda$timeoutCheck$3(GrpcClientProtocolClient.java:324)
	at java.util.Optional.ifPresent(Optional.java:159)
	at org.apache.ratis.grpc.client.GrpcClientProtocolClient$AsyncStreamObservers.handleReplyFuture(GrpcClientProtocolClient.java:329)
	at org.apache.ratis.grpc.client.GrpcClientProtocolClient$AsyncStreamObservers.timeoutCheck(GrpcClientProtocolClient.java:324)
	at org.apache.ratis.grpc.client.GrpcClientProtocolClient$AsyncStreamObservers.lambda$onNext$1(GrpcClientProtocolClient.java:318)
	at org.apache.ratis.util.TimeoutScheduler.lambda$onTimeout$0(TimeoutScheduler.java:113)
	at org.apache.ratis.util.TimeoutScheduler.lambda$onTimeout$1(TimeoutScheduler.java:133)
	at org.apache.ratis.util.LogUtils.runAndLog(LogUtils.java:50)
	at org.apache.ratis.util.LogUtils$1.run(LogUtils.java:91)
	at java.util.concurrent.Executors$RunnableAdapter.call(Executors.java:511)
	at java.util.concurrent.FutureTask.run(FutureTask.java:266)
	at java.util.concurrent.ScheduledThreadPoolExecutor$ScheduledFutureTask.access$201(ScheduledThreadPoolExecutor.java:180)
	at java.util.concurrent.ScheduledThreadPoolExecutor$ScheduledFutureTask.run(ScheduledThreadPoolExecutor.java:293)
	at java.util.concurrent.ThreadPoolExecutor.runWorker(ThreadPoolExecutor.java:1149)
	at java.util.concurrent.ThreadPoolExecutor$Worker.run(ThreadPoolExecutor.java:624)
	at java.lang.Thread.run(Thread.java:748)
2019-10-02 05:49:15,393 [java.util.concurrent.ThreadPoolExecutor$Worker@5a4b7eae[State = -1, empty queue]] WARN  util.TimeoutScheduler (LogUtils.java:runAndLog(55)) - Failed to task #0: java.lang.NullPointerException
2019-10-02 05:49:19,420 [java.util.concurrent.ThreadPoolExecutor$Worker@52c843dd[State = -1, empty queue]] ERROR client.GrpcClientProtocolClient (GrpcClientProtocolClient.java:close(148)) - Unexpected exception while waiting for channel termination
java.lang.InterruptedException
	at java.util.concurrent.locks.AbstractQueuedSynchronizer.tryAcquireSharedNanos(AbstractQueuedSynchronizer.java:1326)
	at java.util.concurrent.CountDownLatch.await(CountDownLatch.java:277)
	at org.apache.ratis.thirdparty.io.grpc.internal.ManagedChannelImpl.awaitTermination(ManagedChannelImpl.java:763)
	at org.apache.ratis.thirdparty.io.grpc.internal.ForwardingManagedChannel.awaitTermination(ForwardingManagedChannel.java:57)
	at org.apache.ratis.thirdparty.io.grpc.internal.ManagedChannelOrphanWrapper.awaitTermination(ManagedChannelOrphanWrapper.java:70)
	at org.apache.ratis.grpc.client.GrpcClientProtocolClient.close(GrpcClientProtocolClient.java:146)
	at org.apache.ratis.util.PeerProxyMap$PeerAndProxy.lambda$close$1(PeerProxyMap.java:74)
	at org.apache.ratis.util.LifeCycle.lambda$checkStateAndClose$2(LifeCycle.java:231)
	at org.apache.ratis.util.LifeCycle.checkStateAndClose(LifeCycle.java:251)
	at org.apache.ratis.util.LifeCycle.checkStateAndClose(LifeCycle.java:229)
	at org.apache.ratis.util.PeerProxyMap$PeerAndProxy.close(PeerProxyMap.java:70)
	at org.apache.ratis.util.PeerProxyMap.resetProxy(PeerProxyMap.java:127)
	at org.apache.ratis.util.PeerProxyMap.handleException(PeerProxyMap.java:136)
	at org.apache.ratis.client.impl.RaftClientRpcWithProxy.handleException(RaftClientRpcWithProxy.java:47)
	at org.apache.ratis.client.impl.RaftClientImpl.handleIOException(RaftClientImpl.java:372)
	at org.apache.ratis.client.impl.OrderedAsync.lambda$sendRequest$10(OrderedAsync.java:236)
	at java.util.concurrent.CompletableFuture.uniExceptionally(CompletableFuture.java:870)
	at java.util.concurrent.CompletableFuture$UniExceptionally.tryFire(CompletableFuture.java:852)
	at java.util.concurrent.CompletableFuture.postComplete(CompletableFuture.java:474)
	at java.util.concurrent.CompletableFuture.completeExceptionally(CompletableFuture.java:1977)
	at org.apache.ratis.grpc.client.GrpcClientProtocolClient$AsyncStreamObservers.lambda$timeoutCheck$3(GrpcClientProtocolClient.java:324)
	at java.util.Optional.ifPresent(Optional.java:159)
	at org.apache.ratis.grpc.client.GrpcClientProtocolClient$AsyncStreamObservers.handleReplyFuture(GrpcClientProtocolClient.java:329)
	at org.apache.ratis.grpc.client.GrpcClientProtocolClient$AsyncStreamObservers.timeoutCheck(GrpcClientProtocolClient.java:324)
	at org.apache.ratis.grpc.client.GrpcClientProtocolClient$AsyncStreamObservers.lambda$onNext$1(GrpcClientProtocolClient.java:318)
	at org.apache.ratis.util.TimeoutScheduler.lambda$onTimeout$0(TimeoutScheduler.java:113)
	at org.apache.ratis.util.TimeoutScheduler.lambda$onTimeout$1(TimeoutScheduler.java:133)
	at org.apache.ratis.util.LogUtils.runAndLog(LogUtils.java:50)
	at org.apache.ratis.util.LogUtils$1.run(LogUtils.java:91)
	at java.util.concurrent.Executors$RunnableAdapter.call(Executors.java:511)
	at java.util.concurrent.FutureTask.run(FutureTask.java:266)
	at java.util.concurrent.ScheduledThreadPoolExecutor$ScheduledFutureTask.access$201(ScheduledThreadPoolExecutor.java:180)
	at java.util.concurrent.ScheduledThreadPoolExecutor$ScheduledFutureTask.run(ScheduledThreadPoolExecutor.java:293)
	at java.util.concurrent.ThreadPoolExecutor.runWorker(ThreadPoolExecutor.java:1149)
	at java.util.concurrent.ThreadPoolExecutor$Worker.run(ThreadPoolExecutor.java:624)
	at java.lang.Thread.run(Thread.java:748)
2019-10-02 05:49:19,421 [java.util.concurrent.ThreadPoolExecutor$Worker@52c843dd[State = -1, empty queue]] WARN  util.TimeoutScheduler (LogUtils.java:runAndLog(55)) - Failed to task #0: java.lang.NullPointerException
2019-10-02 05:49:23,450 [java.util.concurrent.ThreadPoolExecutor$Worker@3581203f[State = -1, empty queue]] ERROR client.GrpcClientProtocolClient (GrpcClientProtocolClient.java:close(148)) - Unexpected exception while waiting for channel termination
java.lang.InterruptedException
	at java.util.concurrent.locks.AbstractQueuedSynchronizer.tryAcquireSharedNanos(AbstractQueuedSynchronizer.java:1326)
	at java.util.concurrent.CountDownLatch.await(CountDownLatch.java:277)
	at org.apache.ratis.thirdparty.io.grpc.internal.ManagedChannelImpl.awaitTermination(ManagedChannelImpl.java:763)
	at org.apache.ratis.thirdparty.io.grpc.internal.ForwardingManagedChannel.awaitTermination(ForwardingManagedChannel.java:57)
	at org.apache.ratis.thirdparty.io.grpc.internal.ManagedChannelOrphanWrapper.awaitTermination(ManagedChannelOrphanWrapper.java:70)
	at org.apache.ratis.grpc.client.GrpcClientProtocolClient.close(GrpcClientProtocolClient.java:146)
	at org.apache.ratis.util.PeerProxyMap$PeerAndProxy.lambda$close$1(PeerProxyMap.java:74)
	at org.apache.ratis.util.LifeCycle.lambda$checkStateAndClose$2(LifeCycle.java:231)
	at org.apache.ratis.util.LifeCycle.checkStateAndClose(LifeCycle.java:251)
	at org.apache.ratis.util.LifeCycle.checkStateAndClose(LifeCycle.java:229)
	at org.apache.ratis.util.PeerProxyMap$PeerAndProxy.close(PeerProxyMap.java:70)
	at org.apache.ratis.util.PeerProxyMap.resetProxy(PeerProxyMap.java:127)
	at org.apache.ratis.util.PeerProxyMap.handleException(PeerProxyMap.java:136)
	at org.apache.ratis.client.impl.RaftClientRpcWithProxy.handleException(RaftClientRpcWithProxy.java:47)
	at org.apache.ratis.client.impl.RaftClientImpl.handleIOException(RaftClientImpl.java:372)
	at org.apache.ratis.client.impl.OrderedAsync.lambda$sendRequest$10(OrderedAsync.java:236)
	at java.util.concurrent.CompletableFuture.uniExceptionally(CompletableFuture.java:870)
	at java.util.concurrent.CompletableFuture$UniExceptionally.tryFire(CompletableFuture.java:852)
	at java.util.concurrent.CompletableFuture.postComplete(CompletableFuture.java:474)
	at java.util.concurrent.CompletableFuture.completeExceptionally(CompletableFuture.java:1977)
	at org.apache.ratis.grpc.client.GrpcClientProtocolClient$AsyncStreamObservers.lambda$timeoutCheck$3(GrpcClientProtocolClient.java:324)
	at java.util.Optional.ifPresent(Optional.java:159)
	at org.apache.ratis.grpc.client.GrpcClientProtocolClient$AsyncStreamObservers.handleReplyFuture(GrpcClientProtocolClient.java:329)
	at org.apache.ratis.grpc.client.GrpcClientProtocolClient$AsyncStreamObservers.timeoutCheck(GrpcClientProtocolClient.java:324)
	at org.apache.ratis.grpc.client.GrpcClientProtocolClient$AsyncStreamObservers.lambda$onNext$1(GrpcClientProtocolClient.java:318)
	at org.apache.ratis.util.TimeoutScheduler.lambda$onTimeout$0(TimeoutScheduler.java:113)
	at org.apache.ratis.util.TimeoutScheduler.lambda$onTimeout$1(TimeoutScheduler.java:133)
	at org.apache.ratis.util.LogUtils.runAndLog(LogUtils.java:50)
	at org.apache.ratis.util.LogUtils$1.run(LogUtils.java:91)
	at java.util.concurrent.Executors$RunnableAdapter.call(Executors.java:511)
	at java.util.concurrent.FutureTask.run(FutureTask.java:266)
	at java.util.concurrent.ScheduledThreadPoolExecutor$ScheduledFutureTask.access$201(ScheduledThreadPoolExecutor.java:180)
	at java.util.concurrent.ScheduledThreadPoolExecutor$ScheduledFutureTask.run(ScheduledThreadPoolExecutor.java:293)
	at java.util.concurrent.ThreadPoolExecutor.runWorker(ThreadPoolExecutor.java:1149)
	at java.util.concurrent.ThreadPoolExecutor$Worker.run(ThreadPoolExecutor.java:624)
	at java.lang.Thread.run(Thread.java:748)
2019-10-02 05:49:23,451 [java.util.concurrent.ThreadPoolExecutor$Worker@3581203f[State = -1, empty queue]] WARN  util.TimeoutScheduler (LogUtils.java:runAndLog(55)) - Failed to task #0: java.lang.NullPointerException
2019-10-02 05:49:27,490 [java.util.concurrent.ThreadPoolExecutor$Worker@7534dedc[State = -1, empty queue]] ERROR client.GrpcClientProtocolClient (GrpcClientProtocolClient.java:close(148)) - Unexpected exception while waiting for channel termination
java.lang.InterruptedException
	at java.util.concurrent.locks.AbstractQueuedSynchronizer.tryAcquireSharedNanos(AbstractQueuedSynchronizer.java:1326)
	at java.util.concurrent.CountDownLatch.await(CountDownLatch.java:277)
	at org.apache.ratis.thirdparty.io.grpc.internal.ManagedChannelImpl.awaitTermination(ManagedChannelImpl.java:763)
	at org.apache.ratis.thirdparty.io.grpc.internal.ForwardingManagedChannel.awaitTermination(ForwardingManagedChannel.java:57)
	at org.apache.ratis.thirdparty.io.grpc.internal.ManagedChannelOrphanWrapper.awaitTermination(ManagedChannelOrphanWrapper.java:70)
	at org.apache.ratis.grpc.client.GrpcClientProtocolClient.close(GrpcClientProtocolClient.java:146)
	at org.apache.ratis.util.PeerProxyMap$PeerAndProxy.lambda$close$1(PeerProxyMap.java:74)
	at org.apache.ratis.util.LifeCycle.lambda$checkStateAndClose$2(LifeCycle.java:231)
	at org.apache.ratis.util.LifeCycle.checkStateAndClose(LifeCycle.java:251)
	at org.apache.ratis.util.LifeCycle.checkStateAndClose(LifeCycle.java:229)
	at org.apache.ratis.util.PeerProxyMap$PeerAndProxy.close(PeerProxyMap.java:70)
	at org.apache.ratis.util.PeerProxyMap.resetProxy(PeerProxyMap.java:127)
	at org.apache.ratis.util.PeerProxyMap.handleException(PeerProxyMap.java:136)
	at org.apache.ratis.client.impl.RaftClientRpcWithProxy.handleException(RaftClientRpcWithProxy.java:47)
	at org.apache.ratis.client.impl.RaftClientImpl.handleIOException(RaftClientImpl.java:372)
	at org.apache.ratis.client.impl.OrderedAsync.lambda$sendRequest$10(OrderedAsync.java:236)
	at java.util.concurrent.CompletableFuture.uniExceptionally(CompletableFuture.java:870)
	at java.util.concurrent.CompletableFuture$UniExceptionally.tryFire(CompletableFuture.java:852)
	at java.util.concurrent.CompletableFuture.postComplete(CompletableFuture.java:474)
	at java.util.concurrent.CompletableFuture.completeExceptionally(CompletableFuture.java:1977)
	at org.apache.ratis.grpc.client.GrpcClientProtocolClient$AsyncStreamObservers.lambda$timeoutCheck$3(GrpcClientProtocolClient.java:324)
	at java.util.Optional.ifPresent(Optional.java:159)
	at org.apache.ratis.grpc.client.GrpcClientProtocolClient$AsyncStreamObservers.handleReplyFuture(GrpcClientProtocolClient.java:329)
	at org.apache.ratis.grpc.client.GrpcClientProtocolClient$AsyncStreamObservers.timeoutCheck(GrpcClientProtocolClient.java:324)
	at org.apache.ratis.grpc.client.GrpcClientProtocolClient$AsyncStreamObservers.lambda$onNext$1(GrpcClientProtocolClient.java:318)
	at org.apache.ratis.util.TimeoutScheduler.lambda$onTimeout$0(TimeoutScheduler.java:113)
	at org.apache.ratis.util.TimeoutScheduler.lambda$onTimeout$1(TimeoutScheduler.java:133)
	at org.apache.ratis.util.LogUtils.runAndLog(LogUtils.java:50)
	at org.apache.ratis.util.LogUtils$1.run(LogUtils.java:91)
	at java.util.concurrent.Executors$RunnableAdapter.call(Executors.java:511)
	at java.util.concurrent.FutureTask.run(FutureTask.java:266)
	at java.util.concurrent.ScheduledThreadPoolExecutor$ScheduledFutureTask.access$201(ScheduledThreadPoolExecutor.java:180)
	at java.util.concurrent.ScheduledThreadPoolExecutor$ScheduledFutureTask.run(ScheduledThreadPoolExecutor.java:293)
	at java.util.concurrent.ThreadPoolExecutor.runWorker(ThreadPoolExecutor.java:1149)
	at java.util.concurrent.ThreadPoolExecutor$Worker.run(ThreadPoolExecutor.java:624)
	at java.lang.Thread.run(Thread.java:748)
2019-10-02 05:49:27,490 [java.util.concurrent.ThreadPoolExecutor$Worker@7534dedc[State = -1, empty queue]] WARN  util.TimeoutScheduler (LogUtils.java:runAndLog(55)) - Failed to task #0: java.lang.NullPointerException
2019-10-02 05:49:30,113 [grpc-default-executor-5] INFO  impl.RaftServerProxy (RaftServerProxy.java:remove(95)) - a7e49ec6-0391-473f-af1f-b7ebe60d9c8d: remove  FOLLOWER a7e49ec6-0391-473f-af1f-b7ebe60d9c8d@group-04D66D378031:t2, leader=d31a379a-b462-4e23-84c2-f59667e5dc0b, voted=d31a379a-b462-4e23-84c2-f59667e5dc0b, raftlog=a7e49ec6-0391-473f-af1f-b7ebe60d9c8d@group-04D66D378031-SegmentedRaftLog:OPENED:c0,f2,i2, conf=0: [d31a379a-b462-4e23-84c2-f59667e5dc0b:192.168.164.250:33498, 8b099941-e94c-4d44-b111-fee9636cc34f:192.168.164.250:43588, a7e49ec6-0391-473f-af1f-b7ebe60d9c8d:192.168.164.250:41993], old=null RUNNING
2019-10-02 05:49:30,118 [grpc-default-executor-5] INFO  impl.RaftServerImpl (RaftServerImpl.java:lambda$shutdown$3(247)) - a7e49ec6-0391-473f-af1f-b7ebe60d9c8d@group-04D66D378031: shutdown
2019-10-02 05:49:30,119 [grpc-default-executor-5] INFO  util.JmxRegister (JmxRegister.java:unregister(73)) - Successfully un-registered JMX Bean with object name Ratis:service=RaftServer,group=group-04D66D378031,id=a7e49ec6-0391-473f-af1f-b7ebe60d9c8d
2019-10-02 05:49:30,119 [grpc-default-executor-5] INFO  impl.RoleInfo (RoleInfo.java:shutdownFollowerState(121)) - a7e49ec6-0391-473f-af1f-b7ebe60d9c8d: shutdown FollowerState
2019-10-02 05:49:30,119 [grpc-default-executor-5] INFO  impl.StateMachineUpdater (StateMachineUpdater.java:stopAndJoin(136)) - a7e49ec6-0391-473f-af1f-b7ebe60d9c8d@group-04D66D378031-StateMachineUpdater: set stopIndex = 0
2019-10-02 05:49:30,119 [Thread-350] INFO  impl.FollowerState (FollowerState.java:run(117)) - a7e49ec6-0391-473f-af1f-b7ebe60d9c8d@group-04D66D378031-FollowerState was interrupted: java.lang.InterruptedException: sleep interrupted
2019-10-02 05:49:30,122 [grpc-default-executor-5] INFO  impl.RaftServerImpl (ServerState.java:close(387)) - a7e49ec6-0391-473f-af1f-b7ebe60d9c8d@group-04D66D378031: closes. applyIndex: 0
2019-10-02 05:49:30,125 [a7e49ec6-0391-473f-af1f-b7ebe60d9c8d@group-04D66D378031-SegmentedRaftLogWorker] INFO  segmented.SegmentedRaftLogWorker (SegmentedRaftLogWorker.java:run(316)) - a7e49ec6-0391-473f-af1f-b7ebe60d9c8d@group-04D66D378031-SegmentedRaftLogWorker was interrupted, exiting. There are 0 tasks remaining in the queue.
2019-10-02 05:49:30,126 [grpc-default-executor-5] INFO  segmented.SegmentedRaftLogWorker (SegmentedRaftLogWorker.java:close(224)) - a7e49ec6-0391-473f-af1f-b7ebe60d9c8d@group-04D66D378031-SegmentedRaftLogWorker close()
2019-10-02 05:49:30,223 [grpc-default-executor-5] INFO  interfaces.Container (KeyValueContainer.java:flushAndSyncDB(386)) - Container 1 is synced with bcsId 0.
2019-10-02 05:49:30,223 [grpc-default-executor-5] INFO  interfaces.Container (KeyValueContainer.java:flushAndSyncDB(386)) - Container 1 is synced with bcsId 0.
2019-10-02 05:49:30,244 [EventQueue-IncrementalContainerReportForIncrementalContainerReportHandler] INFO  container.IncrementalContainerReportHandler (AbstractContainerReportHandler.java:updateContainerState(169)) - Moving container #1 to QUASI_CLOSED state, datanode a7e49ec6-0391-473f-af1f-b7ebe60d9c8d{ip: 192.168.164.250, host: pr-trunk-p5fv4-2201032288, networkLocation: /default-rack, certSerialId: null} reported QUASI_CLOSED replica.
2019-10-02 05:49:30,250 [grpc-default-executor-5] INFO  impl.RaftServerProxy (RaftServerProxy.java:remove(95)) - d31a379a-b462-4e23-84c2-f59667e5dc0b: remove    LEADER d31a379a-b462-4e23-84c2-f59667e5dc0b@group-04D66D378031:t2, leader=d31a379a-b462-4e23-84c2-f59667e5dc0b, voted=d31a379a-b462-4e23-84c2-f59667e5dc0b, raftlog=d31a379a-b462-4e23-84c2-f59667e5dc0b@group-04D66D378031-SegmentedRaftLog:OPENED:c0,f0,i2, conf=0: [d31a379a-b462-4e23-84c2-f59667e5dc0b:192.168.164.250:33498, 8b099941-e94c-4d44-b111-fee9636cc34f:192.168.164.250:43588, a7e49ec6-0391-473f-af1f-b7ebe60d9c8d:192.168.164.250:41993], old=null RUNNING
2019-10-02 05:49:30,250 [grpc-default-executor-5] INFO  impl.RaftServerImpl (RaftServerImpl.java:lambda$shutdown$3(247)) - d31a379a-b462-4e23-84c2-f59667e5dc0b@group-04D66D378031: shutdown
2019-10-02 05:49:30,250 [grpc-default-executor-5] INFO  util.JmxRegister (JmxRegister.java:unregister(73)) - Successfully un-registered JMX Bean with object name Ratis:service=RaftServer,group=group-04D66D378031,id=d31a379a-b462-4e23-84c2-f59667e5dc0b
2019-10-02 05:49:30,250 [grpc-default-executor-5] INFO  impl.RoleInfo (RoleInfo.java:shutdownLeaderState(104)) - d31a379a-b462-4e23-84c2-f59667e5dc0b: shutdown LeaderState
2019-10-02 05:49:30,254 [org.apache.ratis.server.impl.LogAppender$AppenderDaemon$$Lambda$514/351410477@9c10e2f] WARN  server.GrpcLogAppender (GrpcLogAppender.java:mayWait(143)) - d31a379a-b462-4e23-84c2-f59667e5dc0b@group-04D66D378031->8b099941-e94c-4d44-b111-fee9636cc34f-GrpcLogAppender: Wait interrupted by java.lang.InterruptedException
2019-10-02 05:49:30,255 [grpc-default-executor-5] INFO  impl.PendingRequests (PendingRequests.java:sendNotLeaderResponses(202)) - d31a379a-b462-4e23-84c2-f59667e5dc0b@group-04D66D378031-PendingRequests: sendNotLeaderResponses
2019-10-02 05:49:30,254 [org.apache.ratis.server.impl.LogAppender$AppenderDaemon$$Lambda$514/351410477@10f6db4e] WARN  server.GrpcLogAppender (GrpcLogAppender.java:mayWait(143)) - d31a379a-b462-4e23-84c2-f59667e5dc0b@group-04D66D378031->a7e49ec6-0391-473f-af1f-b7ebe60d9c8d-GrpcLogAppender: Wait interrupted by java.lang.InterruptedException
2019-10-02 05:49:30,259 [grpc-default-executor-4] INFO  server.GrpcServerProtocolService (GrpcServerProtocolService.java:onCompleted(113)) - 8b099941-e94c-4d44-b111-fee9636cc34f: Completed APPEND_ENTRIES, lastRequest: d31a379a-b462-4e23-84c2-f59667e5dc0b->8b099941-e94c-4d44-b111-fee9636cc34f#29-t2, previous=(t:2, i:2), leaderCommit=0, initializing? false, entries: <empty>
2019-10-02 05:49:30,259 [grpc-default-executor-6] INFO  server.GrpcServerProtocolService (GrpcServerProtocolService.java:onCompleted(113)) - a7e49ec6-0391-473f-af1f-b7ebe60d9c8d: Completed APPEND_ENTRIES, lastRequest: d31a379a-b462-4e23-84c2-f59667e5dc0b->a7e49ec6-0391-473f-af1f-b7ebe60d9c8d#29-t2, previous=(t:2, i:2), leaderCommit=0, initializing? false, entries: <empty>
2019-10-02 05:49:30,262 [grpc-default-executor-6] INFO  server.GrpcLogAppender (GrpcLogAppender.java:onCompleted(293)) - d31a379a-b462-4e23-84c2-f59667e5dc0b@group-04D66D378031->8b099941-e94c-4d44-b111-fee9636cc34f-AppendLogResponseHandler: follower responses appendEntries COMPLETED
2019-10-02 05:49:30,262 [grpc-default-executor-4] INFO  server.GrpcLogAppender (GrpcLogAppender.java:onCompleted(293)) - d31a379a-b462-4e23-84c2-f59667e5dc0b@group-04D66D378031->a7e49ec6-0391-473f-af1f-b7ebe60d9c8d-AppendLogResponseHandler: follower responses appendEntries COMPLETED
2019-10-02 05:49:30,264 [grpc-default-executor-6] INFO  impl.FollowerInfo (FollowerInfo.java:lambda$new$0(51)) - d31a379a-b462-4e23-84c2-f59667e5dc0b@group-04D66D378031->8b099941-e94c-4d44-b111-fee9636cc34f: nextIndex: updateUnconditionally 3 -> 2
2019-10-02 05:49:30,264 [grpc-default-executor-4] INFO  impl.FollowerInfo (FollowerInfo.java:lambda$new$0(51)) - d31a379a-b462-4e23-84c2-f59667e5dc0b@group-04D66D378031->a7e49ec6-0391-473f-af1f-b7ebe60d9c8d: nextIndex: updateUnconditionally 3 -> 2
2019-10-02 05:49:30,271 [grpc-default-executor-5] INFO  impl.StateMachineUpdater (StateMachineUpdater.java:stopAndJoin(136)) - d31a379a-b462-4e23-84c2-f59667e5dc0b@group-04D66D378031-StateMachineUpdater: set stopIndex = 0
2019-10-02 05:49:30,273 [grpc-default-executor-5] INFO  impl.RaftServerImpl (ServerState.java:close(387)) - d31a379a-b462-4e23-84c2-f59667e5dc0b@group-04D66D378031: closes. applyIndex: 0
2019-10-02 05:49:30,288 [d31a379a-b462-4e23-84c2-f59667e5dc0b@group-04D66D378031-SegmentedRaftLogWorker] INFO  segmented.SegmentedRaftLogWorker (SegmentedRaftLogWorker.java:run(316)) - d31a379a-b462-4e23-84c2-f59667e5dc0b@group-04D66D378031-SegmentedRaftLogWorker was interrupted, exiting. There are 0 tasks remaining in the queue.
2019-10-02 05:49:30,296 [grpc-default-executor-5] INFO  segmented.SegmentedRaftLogWorker (SegmentedRaftLogWorker.java:close(224)) - d31a379a-b462-4e23-84c2-f59667e5dc0b@group-04D66D378031-SegmentedRaftLogWorker close()
2019-10-02 05:49:30,327 [grpc-default-executor-5] INFO  impl.RaftServerProxy (RaftServerProxy.java:remove(95)) - 8b099941-e94c-4d44-b111-fee9636cc34f: remove  FOLLOWER 8b099941-e94c-4d44-b111-fee9636cc34f@group-04D66D378031:t2, leader=d31a379a-b462-4e23-84c2-f59667e5dc0b, voted=d31a379a-b462-4e23-84c2-f59667e5dc0b, raftlog=8b099941-e94c-4d44-b111-fee9636cc34f@group-04D66D378031-SegmentedRaftLog:OPENED:c0,f2,i2, conf=0: [d31a379a-b462-4e23-84c2-f59667e5dc0b:192.168.164.250:33498, 8b099941-e94c-4d44-b111-fee9636cc34f:192.168.164.250:43588, a7e49ec6-0391-473f-af1f-b7ebe60d9c8d:192.168.164.250:41993], old=null RUNNING
2019-10-02 05:49:30,327 [grpc-default-executor-5] INFO  impl.RaftServerImpl (RaftServerImpl.java:lambda$shutdown$3(247)) - 8b099941-e94c-4d44-b111-fee9636cc34f@group-04D66D378031: shutdown
2019-10-02 05:49:30,327 [grpc-default-executor-5] INFO  util.JmxRegister (JmxRegister.java:unregister(73)) - Successfully un-registered JMX Bean with object name Ratis:service=RaftServer,group=group-04D66D378031,id=8b099941-e94c-4d44-b111-fee9636cc34f
2019-10-02 05:49:30,327 [grpc-default-executor-5] INFO  impl.RoleInfo (RoleInfo.java:shutdownFollowerState(121)) - 8b099941-e94c-4d44-b111-fee9636cc34f: shutdown FollowerState
2019-10-02 05:49:30,327 [grpc-default-executor-5] INFO  impl.StateMachineUpdater (StateMachineUpdater.java:stopAndJoin(136)) - 8b099941-e94c-4d44-b111-fee9636cc34f@group-04D66D378031-StateMachineUpdater: set stopIndex = 0
2019-10-02 05:49:30,327 [Thread-351] INFO  impl.FollowerState (FollowerState.java:run(117)) - 8b099941-e94c-4d44-b111-fee9636cc34f@group-04D66D378031-FollowerState was interrupted: java.lang.InterruptedException: sleep interrupted
2019-10-02 05:49:30,330 [grpc-default-executor-5] INFO  impl.RaftServerImpl (ServerState.java:close(387)) - 8b099941-e94c-4d44-b111-fee9636cc34f@group-04D66D378031: closes. applyIndex: 0
2019-10-02 05:49:30,330 [8b099941-e94c-4d44-b111-fee9636cc34f@group-04D66D378031-SegmentedRaftLogWorker] INFO  segmented.SegmentedRaftLogWorker (SegmentedRaftLogWorker.java:run(316)) - 8b099941-e94c-4d44-b111-fee9636cc34f@group-04D66D378031-SegmentedRaftLogWorker was interrupted, exiting. There are 0 tasks remaining in the queue.
2019-10-02 05:49:30,332 [grpc-default-executor-5] INFO  segmented.SegmentedRaftLogWorker (SegmentedRaftLogWorker.java:close(224)) - 8b099941-e94c-4d44-b111-fee9636cc34f@group-04D66D378031-SegmentedRaftLogWorker close()
2019-10-02 05:49:30,390 [grpc-default-executor-5] INFO  interfaces.Container (KeyValueContainer.java:flushAndSyncDB(386)) - Container 1 is synced with bcsId 0.
2019-10-02 05:49:30,390 [grpc-default-executor-5] INFO  interfaces.Container (KeyValueContainer.java:flushAndSyncDB(386)) - Container 1 is synced with bcsId 0.
2019-10-02 05:49:30,409 [RatisPipelineUtilsThread] INFO  pipeline.PipelineStateManager (PipelineStateManager.java:removePipeline(108)) - Pipeline Pipeline[ Id: f164c1c8-0f2c-4cc6-83da-04d66d378031, Nodes: a7e49ec6-0391-473f-af1f-b7ebe60d9c8d{ip: 192.168.164.250, host: pr-trunk-p5fv4-2201032288, networkLocation: /default-rack, certSerialId: null}d31a379a-b462-4e23-84c2-f59667e5dc0b{ip: 192.168.164.250, host: pr-trunk-p5fv4-2201032288, networkLocation: /default-rack, certSerialId: null}8b099941-e94c-4d44-b111-fee9636cc34f{ip: 192.168.164.250, host: pr-trunk-p5fv4-2201032288, networkLocation: /default-rack, certSerialId: null}, Type:RATIS, Factor:THREE, State:CLOSED] removed from db
2019-10-02 05:49:30,422 [grpc-default-executor-6] INFO  impl.RaftServerProxy (RaftServerProxy.java:addNew(89)) - d31a379a-b462-4e23-84c2-f59667e5dc0b: addNew group-F0B8193E6AB6:[d31a379a-b462-4e23-84c2-f59667e5dc0b:192.168.164.250:33498, 8b099941-e94c-4d44-b111-fee9636cc34f:192.168.164.250:43588, a7e49ec6-0391-473f-af1f-b7ebe60d9c8d:192.168.164.250:41993] returns group-F0B8193E6AB6:java.util.concurrent.CompletableFuture@5e23167c[Not completed]
2019-10-02 05:49:30,422 [grpc-default-executor-4] INFO  impl.RaftServerProxy (RaftServerProxy.java:addNew(89)) - a7e49ec6-0391-473f-af1f-b7ebe60d9c8d: addNew group-F0B8193E6AB6:[d31a379a-b462-4e23-84c2-f59667e5dc0b:192.168.164.250:33498, 8b099941-e94c-4d44-b111-fee9636cc34f:192.168.164.250:43588, a7e49ec6-0391-473f-af1f-b7ebe60d9c8d:192.168.164.250:41993] returns group-F0B8193E6AB6:java.util.concurrent.CompletableFuture@36210664[Not completed]
2019-10-02 05:49:30,424 [grpc-default-executor-5] INFO  impl.RaftServerProxy (RaftServerProxy.java:addNew(89)) - 8b099941-e94c-4d44-b111-fee9636cc34f: addNew group-F0B8193E6AB6:[d31a379a-b462-4e23-84c2-f59667e5dc0b:192.168.164.250:33498, 8b099941-e94c-4d44-b111-fee9636cc34f:192.168.164.250:43588, a7e49ec6-0391-473f-af1f-b7ebe60d9c8d:192.168.164.250:41993] returns group-F0B8193E6AB6:java.util.concurrent.CompletableFuture@4c666d24[Not completed]
2019-10-02 05:49:30,426 [pool-37-thread-1] INFO  impl.RaftServerImpl (RaftServerImpl.java:<init>(95)) - d31a379a-b462-4e23-84c2-f59667e5dc0b: new RaftServerImpl for group-F0B8193E6AB6:[d31a379a-b462-4e23-84c2-f59667e5dc0b:192.168.164.250:33498, 8b099941-e94c-4d44-b111-fee9636cc34f:192.168.164.250:43588, a7e49ec6-0391-473f-af1f-b7ebe60d9c8d:192.168.164.250:41993] with ContainerStateMachine:uninitialized
2019-10-02 05:49:30,427 [pool-37-thread-1] INFO  server.RaftServerConfigKeys (ConfUtils.java:logGet(43)) - raft.server.rpc.timeout.min = 5s (custom)
2019-10-02 05:49:30,427 [pool-37-thread-1] INFO  server.RaftServerConfigKeys (ConfUtils.java:logGet(43)) - raft.server.rpc.timeout.max = 5200ms (custom)
2019-10-02 05:49:30,427 [pool-37-thread-1] INFO  server.RaftServerConfigKeys (ConfUtils.java:logGet(43)) - raft.server.rpcslowness.timeout = 120s (custom)
2019-10-02 05:49:30,427 [pool-67-thread-1] INFO  impl.RaftServerImpl (RaftServerImpl.java:<init>(95)) - 8b099941-e94c-4d44-b111-fee9636cc34f: new RaftServerImpl for group-F0B8193E6AB6:[d31a379a-b462-4e23-84c2-f59667e5dc0b:192.168.164.250:33498, 8b099941-e94c-4d44-b111-fee9636cc34f:192.168.164.250:43588, a7e49ec6-0391-473f-af1f-b7ebe60d9c8d:192.168.164.250:41993] with ContainerStateMachine:uninitialized
2019-10-02 05:49:30,427 [pool-37-thread-1] INFO  server.RaftServerConfigKeys (ConfUtils.java:logGet(43)) - raft.server.sleep.deviation.threshold = 300 (default)
2019-10-02 05:49:30,427 [pool-67-thread-1] INFO  server.RaftServerConfigKeys (ConfUtils.java:logGet(43)) - raft.server.rpc.timeout.min = 5s (custom)
2019-10-02 05:49:30,427 [pool-37-thread-1] INFO  server.RaftServerConfigKeys (ConfUtils.java:logGet(43)) - raft.server.log.appender.install.snapshot.enabled = false (custom)
2019-10-02 05:49:30,427 [pool-67-thread-1] INFO  server.RaftServerConfigKeys (ConfUtils.java:logGet(43)) - raft.server.rpc.timeout.max = 5200ms (custom)
2019-10-02 05:49:30,428 [pool-37-thread-1] INFO  impl.RaftServerImpl (ServerState.java:<init>(103)) - d31a379a-b462-4e23-84c2-f59667e5dc0b@group-F0B8193E6AB6: ConfigurationManager, init=-1: [d31a379a-b462-4e23-84c2-f59667e5dc0b:192.168.164.250:33498, 8b099941-e94c-4d44-b111-fee9636cc34f:192.168.164.250:43588, a7e49ec6-0391-473f-af1f-b7ebe60d9c8d:192.168.164.250:41993], old=null, confs=<EMPTY_MAP>
2019-10-02 05:49:30,428 [pool-67-thread-1] INFO  server.RaftServerConfigKeys (ConfUtils.java:logGet(43)) - raft.server.rpcslowness.timeout = 120s (custom)
2019-10-02 05:49:30,428 [pool-67-thread-1] INFO  server.RaftServerConfigKeys (ConfUtils.java:logGet(43)) - raft.server.sleep.deviation.threshold = 300 (default)
2019-10-02 05:49:30,428 [pool-67-thread-1] INFO  server.RaftServerConfigKeys (ConfUtils.java:logGet(43)) - raft.server.log.appender.install.snapshot.enabled = false (custom)
2019-10-02 05:49:30,428 [pool-27-thread-1] INFO  impl.RaftServerImpl (RaftServerImpl.java:<init>(95)) - a7e49ec6-0391-473f-af1f-b7ebe60d9c8d: new RaftServerImpl for group-F0B8193E6AB6:[d31a379a-b462-4e23-84c2-f59667e5dc0b:192.168.164.250:33498, 8b099941-e94c-4d44-b111-fee9636cc34f:192.168.164.250:43588, a7e49ec6-0391-473f-af1f-b7ebe60d9c8d:192.168.164.250:41993] with ContainerStateMachine:uninitialized
2019-10-02 05:49:30,428 [pool-37-thread-1] INFO  server.RaftServerConfigKeys (ConfUtils.java:logGet(43)) - raft.server.storage.dir = [/workdir/hadoop-ozone/integration-test/target/test-dir/MiniOzoneClusterImpl-96702981-7b9c-49f5-b2c8-8280b9e400ec/datanode-1/data/ratis] (custom)
2019-10-02 05:49:30,428 [pool-27-thread-1] INFO  server.RaftServerConfigKeys (ConfUtils.java:logGet(43)) - raft.server.rpc.timeout.min = 5s (custom)
2019-10-02 05:49:30,428 [pool-67-thread-1] INFO  impl.RaftServerImpl (ServerState.java:<init>(103)) - 8b099941-e94c-4d44-b111-fee9636cc34f@group-F0B8193E6AB6: ConfigurationManager, init=-1: [d31a379a-b462-4e23-84c2-f59667e5dc0b:192.168.164.250:33498, 8b099941-e94c-4d44-b111-fee9636cc34f:192.168.164.250:43588, a7e49ec6-0391-473f-af1f-b7ebe60d9c8d:192.168.164.250:41993], old=null, confs=<EMPTY_MAP>
2019-10-02 05:49:30,428 [pool-27-thread-1] INFO  server.RaftServerConfigKeys (ConfUtils.java:logGet(43)) - raft.server.rpc.timeout.max = 5200ms (custom)
2019-10-02 05:49:30,429 [pool-67-thread-1] INFO  server.RaftServerConfigKeys (ConfUtils.java:logGet(43)) - raft.server.storage.dir = [/workdir/hadoop-ozone/integration-test/target/test-dir/MiniOzoneClusterImpl-96702981-7b9c-49f5-b2c8-8280b9e400ec/datanode-4/data/ratis] (custom)
2019-10-02 05:49:30,429 [pool-37-thread-1] INFO  server.RaftServerConfigKeys (ConfUtils.java:logGet(43)) - raft.server.log.corruption.policy = EXCEPTION (default)
2019-10-02 05:49:30,429 [pool-67-thread-1] INFO  server.RaftServerConfigKeys (ConfUtils.java:logGet(43)) - raft.server.log.corruption.policy = EXCEPTION (default)
2019-10-02 05:49:30,429 [pool-27-thread-1] INFO  server.RaftServerConfigKeys (ConfUtils.java:logGet(43)) - raft.server.rpcslowness.timeout = 120s (custom)
2019-10-02 05:49:30,429 [pool-67-thread-1] INFO  storage.RaftStorageDirectory (RaftStorageDirectory.java:analyzeStorage(246)) - The storage directory /workdir/hadoop-ozone/integration-test/target/test-dir/MiniOzoneClusterImpl-96702981-7b9c-49f5-b2c8-8280b9e400ec/datanode-4/data/ratis/af09b52f-5944-438b-95c5-f0b8193e6ab6 does not exist. Creating ...
2019-10-02 05:49:30,429 [pool-37-thread-1] INFO  storage.RaftStorageDirectory (RaftStorageDirectory.java:analyzeStorage(246)) - The storage directory /workdir/hadoop-ozone/integration-test/target/test-dir/MiniOzoneClusterImpl-96702981-7b9c-49f5-b2c8-8280b9e400ec/datanode-1/data/ratis/af09b52f-5944-438b-95c5-f0b8193e6ab6 does not exist. Creating ...
2019-10-02 05:49:30,429 [pool-27-thread-1] INFO  server.RaftServerConfigKeys (ConfUtils.java:logGet(43)) - raft.server.sleep.deviation.threshold = 300 (default)
2019-10-02 05:49:30,429 [pool-27-thread-1] INFO  server.RaftServerConfigKeys (ConfUtils.java:logGet(43)) - raft.server.log.appender.install.snapshot.enabled = false (custom)
2019-10-02 05:49:30,430 [pool-27-thread-1] INFO  impl.RaftServerImpl (ServerState.java:<init>(103)) - a7e49ec6-0391-473f-af1f-b7ebe60d9c8d@group-F0B8193E6AB6: ConfigurationManager, init=-1: [d31a379a-b462-4e23-84c2-f59667e5dc0b:192.168.164.250:33498, 8b099941-e94c-4d44-b111-fee9636cc34f:192.168.164.250:43588, a7e49ec6-0391-473f-af1f-b7ebe60d9c8d:192.168.164.250:41993], old=null, confs=<EMPTY_MAP>
2019-10-02 05:49:30,430 [pool-27-thread-1] INFO  server.RaftServerConfigKeys (ConfUtils.java:logGet(43)) - raft.server.storage.dir = [/workdir/hadoop-ozone/integration-test/target/test-dir/MiniOzoneClusterImpl-96702981-7b9c-49f5-b2c8-8280b9e400ec/datanode-0/data/ratis] (custom)
2019-10-02 05:49:30,430 [pool-27-thread-1] INFO  server.RaftServerConfigKeys (ConfUtils.java:logGet(43)) - raft.server.log.corruption.policy = EXCEPTION (default)
2019-10-02 05:49:30,430 [pool-27-thread-1] INFO  storage.RaftStorageDirectory (RaftStorageDirectory.java:analyzeStorage(246)) - The storage directory /workdir/hadoop-ozone/integration-test/target/test-dir/MiniOzoneClusterImpl-96702981-7b9c-49f5-b2c8-8280b9e400ec/datanode-0/data/ratis/af09b52f-5944-438b-95c5-f0b8193e6ab6 does not exist. Creating ...
2019-10-02 05:49:30,432 [pool-27-thread-1] INFO  storage.RaftStorageDirectory (RaftStorageDirectory.java:tryLock(328)) - Lock on /workdir/hadoop-ozone/integration-test/target/test-dir/MiniOzoneClusterImpl-96702981-7b9c-49f5-b2c8-8280b9e400ec/datanode-0/data/ratis/af09b52f-5944-438b-95c5-f0b8193e6ab6/in_use.lock acquired by nodename 32484@pr-trunk-p5fv4-2201032288
2019-10-02 05:49:30,432 [pool-37-thread-1] INFO  storage.RaftStorageDirectory (RaftStorageDirectory.java:tryLock(328)) - Lock on /workdir/hadoop-ozone/integration-test/target/test-dir/MiniOzoneClusterImpl-96702981-7b9c-49f5-b2c8-8280b9e400ec/datanode-1/data/ratis/af09b52f-5944-438b-95c5-f0b8193e6ab6/in_use.lock acquired by nodename 32484@pr-trunk-p5fv4-2201032288
2019-10-02 05:49:30,432 [pool-67-thread-1] INFO  storage.RaftStorageDirectory (RaftStorageDirectory.java:tryLock(328)) - Lock on /workdir/hadoop-ozone/integration-test/target/test-dir/MiniOzoneClusterImpl-96702981-7b9c-49f5-b2c8-8280b9e400ec/datanode-4/data/ratis/af09b52f-5944-438b-95c5-f0b8193e6ab6/in_use.lock acquired by nodename 32484@pr-trunk-p5fv4-2201032288
2019-10-02 05:49:30,446 [pool-37-thread-1] INFO  storage.RaftStorage (RaftStorage.java:format(84)) - Storage directory /workdir/hadoop-ozone/integration-test/target/test-dir/MiniOzoneClusterImpl-96702981-7b9c-49f5-b2c8-8280b9e400ec/datanode-1/data/ratis/af09b52f-5944-438b-95c5-f0b8193e6ab6 has been successfully formatted.
2019-10-02 05:49:30,446 [pool-27-thread-1] INFO  storage.RaftStorage (RaftStorage.java:format(84)) - Storage directory /workdir/hadoop-ozone/integration-test/target/test-dir/MiniOzoneClusterImpl-96702981-7b9c-49f5-b2c8-8280b9e400ec/datanode-0/data/ratis/af09b52f-5944-438b-95c5-f0b8193e6ab6 has been successfully formatted.
2019-10-02 05:49:30,446 [pool-67-thread-1] INFO  storage.RaftStorage (RaftStorage.java:format(84)) - Storage directory /workdir/hadoop-ozone/integration-test/target/test-dir/MiniOzoneClusterImpl-96702981-7b9c-49f5-b2c8-8280b9e400ec/datanode-4/data/ratis/af09b52f-5944-438b-95c5-f0b8193e6ab6 has been successfully formatted.
2019-10-02 05:49:30,446 [pool-37-thread-1] INFO  ratis.ContainerStateMachine (ContainerStateMachine.java:loadSnapshot(231)) - group-F0B8193E6AB6: The snapshot info is null. Setting the last applied indexto:(t:0, i:~)
2019-10-02 05:49:30,446 [pool-27-thread-1] INFO  ratis.ContainerStateMachine (ContainerStateMachine.java:loadSnapshot(231)) - group-F0B8193E6AB6: The snapshot info is null. Setting the last applied indexto:(t:0, i:~)
2019-10-02 05:49:30,447 [pool-37-thread-1] INFO  server.RaftServerConfigKeys (ConfUtils.java:logGet(43)) - raft.server.notification.no-leader.timeout = 120s (custom)
2019-10-02 05:49:30,447 [pool-67-thread-1] INFO  ratis.ContainerStateMachine (ContainerStateMachine.java:loadSnapshot(231)) - group-F0B8193E6AB6: The snapshot info is null. Setting the last applied indexto:(t:0, i:~)
2019-10-02 05:49:30,447 [pool-37-thread-1] INFO  server.RaftServerConfigKeys (ConfUtils.java:logGet(43)) - raft.server.log.use.memory = false (default)
2019-10-02 05:49:30,447 [pool-27-thread-1] INFO  server.RaftServerConfigKeys (ConfUtils.java:logGet(43)) - raft.server.notification.no-leader.timeout = 120s (custom)
2019-10-02 05:49:30,447 [pool-67-thread-1] INFO  server.RaftServerConfigKeys (ConfUtils.java:logGet(43)) - raft.server.notification.no-leader.timeout = 120s (custom)
2019-10-02 05:49:30,447 [pool-37-thread-1] INFO  server.RaftServerConfigKeys (ConfUtils.java:logGet(43)) - raft.server.log.purge.gap = 1000000 (custom)
2019-10-02 05:49:30,447 [pool-27-thread-1] INFO  server.RaftServerConfigKeys (ConfUtils.java:logGet(43)) - raft.server.log.use.memory = false (default)
2019-10-02 05:49:30,447 [pool-37-thread-1] INFO  server.RaftServerConfigKeys (ConfUtils.java:logGet(43)) - raft.server.log.appender.buffer.byte-limit = 33554432 (custom)
2019-10-02 05:49:30,447 [pool-67-thread-1] INFO  server.RaftServerConfigKeys (ConfUtils.java:logGet(43)) - raft.server.log.use.memory = false (default)
2019-10-02 05:49:30,448 [pool-37-thread-1] INFO  server.RaftServerConfigKeys (ConfUtils.java:logGet(43)) - raft.server.log.segment.size.max = 1048576 (custom)
2019-10-02 05:49:30,447 [pool-27-thread-1] INFO  server.RaftServerConfigKeys (ConfUtils.java:logGet(43)) - raft.server.log.purge.gap = 1000000 (custom)
2019-10-02 05:49:30,448 [pool-67-thread-1] INFO  server.RaftServerConfigKeys (ConfUtils.java:logGet(43)) - raft.server.log.purge.gap = 1000000 (custom)
2019-10-02 05:49:30,448 [pool-37-thread-1] INFO  server.RaftServerConfigKeys (ConfUtils.java:logGet(43)) - raft.server.log.segment.cache.num.max = 2 (custom)
2019-10-02 05:49:30,448 [pool-27-thread-1] INFO  server.RaftServerConfigKeys (ConfUtils.java:logGet(43)) - raft.server.log.appender.buffer.byte-limit = 33554432 (custom)
2019-10-02 05:49:30,448 [pool-37-thread-1] INFO  segmented.SegmentedRaftLogWorker (SegmentedRaftLogWorker.java:<init>(173)) - new d31a379a-b462-4e23-84c2-f59667e5dc0b@group-F0B8193E6AB6-SegmentedRaftLogWorker for RaftStorage:Storage Directory /workdir/hadoop-ozone/integration-test/target/test-dir/MiniOzoneClusterImpl-96702981-7b9c-49f5-b2c8-8280b9e400ec/datanode-1/data/ratis/af09b52f-5944-438b-95c5-f0b8193e6ab6
2019-10-02 05:49:30,448 [pool-67-thread-1] INFO  server.RaftServerConfigKeys (ConfUtils.java:logGet(43)) - raft.server.log.appender.buffer.byte-limit = 33554432 (custom)
2019-10-02 05:49:30,448 [pool-37-thread-1] INFO  server.RaftServerConfigKeys (ConfUtils.java:logGet(43)) - raft.server.log.queue.byte-limit = 2147483647 (custom)
2019-10-02 05:49:30,448 [pool-27-thread-1] INFO  server.RaftServerConfigKeys (ConfUtils.java:logGet(43)) - raft.server.log.segment.size.max = 1048576 (custom)
2019-10-02 05:49:30,449 [pool-37-thread-1] INFO  server.RaftServerConfigKeys (ConfUtils.java:logGet(43)) - raft.server.log.queue.element-limit = 1024 (custom)
2019-10-02 05:49:30,448 [pool-67-thread-1] INFO  server.RaftServerConfigKeys (ConfUtils.java:logGet(43)) - raft.server.log.segment.size.max = 1048576 (custom)
2019-10-02 05:49:30,449 [pool-37-thread-1] INFO  server.RaftServerConfigKeys (ConfUtils.java:logGet(43)) - raft.server.log.segment.size.max = 1048576 (custom)
2019-10-02 05:49:30,449 [pool-27-thread-1] INFO  server.RaftServerConfigKeys (ConfUtils.java:logGet(43)) - raft.server.log.segment.cache.num.max = 2 (custom)
2019-10-02 05:49:30,449 [pool-37-thread-1] INFO  server.RaftServerConfigKeys (ConfUtils.java:logGet(43)) - raft.server.log.preallocated.size = 16384 (custom)
2019-10-02 05:49:30,449 [pool-67-thread-1] INFO  server.RaftServerConfigKeys (ConfUtils.java:logGet(43)) - raft.server.log.segment.cache.num.max = 2 (custom)
2019-10-02 05:49:30,449 [pool-37-thread-1] INFO  server.RaftServerConfigKeys (ConfUtils.java:logGet(43)) - raft.server.log.write.buffer.size = 33554432 (custom)
2019-10-02 05:49:30,449 [pool-27-thread-1] INFO  segmented.SegmentedRaftLogWorker (SegmentedRaftLogWorker.java:<init>(173)) - new a7e49ec6-0391-473f-af1f-b7ebe60d9c8d@group-F0B8193E6AB6-SegmentedRaftLogWorker for RaftStorage:Storage Directory /workdir/hadoop-ozone/integration-test/target/test-dir/MiniOzoneClusterImpl-96702981-7b9c-49f5-b2c8-8280b9e400ec/datanode-0/data/ratis/af09b52f-5944-438b-95c5-f0b8193e6ab6
2019-10-02 05:49:30,449 [pool-37-thread-1] INFO  server.RaftServerConfigKeys (ConfUtils.java:logGet(43)) - raft.server.log.force.sync.num = 128 (default)
2019-10-02 05:49:30,449 [pool-67-thread-1] INFO  segmented.SegmentedRaftLogWorker (SegmentedRaftLogWorker.java:<init>(173)) - new 8b099941-e94c-4d44-b111-fee9636cc34f@group-F0B8193E6AB6-SegmentedRaftLogWorker for RaftStorage:Storage Directory /workdir/hadoop-ozone/integration-test/target/test-dir/MiniOzoneClusterImpl-96702981-7b9c-49f5-b2c8-8280b9e400ec/datanode-4/data/ratis/af09b52f-5944-438b-95c5-f0b8193e6ab6
2019-10-02 05:49:30,450 [pool-37-thread-1] INFO  server.RaftServerConfigKeys (ConfUtils.java:logGet(43)) - raft.server.log.statemachine.data.sync = true (default)
2019-10-02 05:49:30,450 [pool-27-thread-1] INFO  server.RaftServerConfigKeys (ConfUtils.java:logGet(43)) - raft.server.log.queue.byte-limit = 2147483647 (custom)
2019-10-02 05:49:30,450 [pool-37-thread-1] INFO  server.RaftServerConfigKeys (ConfUtils.java:logGet(43)) - raft.server.log.statemachine.data.sync.timeout = 10s (default)
2019-10-02 05:49:30,450 [pool-67-thread-1] INFO  server.RaftServerConfigKeys (ConfUtils.java:logGet(43)) - raft.server.log.queue.byte-limit = 2147483647 (custom)
2019-10-02 05:49:30,450 [pool-37-thread-1] INFO  server.RaftServerConfigKeys (ConfUtils.java:logGet(43)) - raft.server.log.statemachine.data.sync.timeout.retry = -1 (default)
2019-10-02 05:49:30,450 [pool-27-thread-1] INFO  server.RaftServerConfigKeys (ConfUtils.java:logGet(43)) - raft.server.log.queue.element-limit = 1024 (custom)
2019-10-02 05:49:30,450 [pool-67-thread-1] INFO  server.RaftServerConfigKeys (ConfUtils.java:logGet(43)) - raft.server.log.queue.element-limit = 1024 (custom)
2019-10-02 05:49:30,451 [pool-37-thread-1] INFO  server.RaftServerConfigKeys (ConfUtils.java:logGet(43)) - raft.server.log.statemachine.data.caching.enabled = true (custom)
2019-10-02 05:49:30,451 [pool-27-thread-1] INFO  server.RaftServerConfigKeys (ConfUtils.java:logGet(43)) - raft.server.log.segment.size.max = 1048576 (custom)
2019-10-02 05:49:30,451 [pool-67-thread-1] INFO  server.RaftServerConfigKeys (ConfUtils.java:logGet(43)) - raft.server.log.segment.size.max = 1048576 (custom)
2019-10-02 05:49:30,451 [pool-37-thread-1] INFO  segmented.SegmentedRaftLogWorker (SegmentedRaftLogWorker.java:lambda$new$0(128)) - d31a379a-b462-4e23-84c2-f59667e5dc0b@group-F0B8193E6AB6-SegmentedRaftLogWorker: flushIndex: setUnconditionally 0 -> -1
2019-10-02 05:49:30,451 [pool-27-thread-1] INFO  server.RaftServerConfigKeys (ConfUtils.java:logGet(43)) - raft.server.log.preallocated.size = 16384 (custom)
2019-10-02 05:49:30,451 [pool-67-thread-1] INFO  server.RaftServerConfigKeys (ConfUtils.java:logGet(43)) - raft.server.log.preallocated.size = 16384 (custom)
2019-10-02 05:49:30,451 [pool-27-thread-1] INFO  server.RaftServerConfigKeys (ConfUtils.java:logGet(43)) - raft.server.log.write.buffer.size = 33554432 (custom)
2019-10-02 05:49:30,452 [pool-67-thread-1] INFO  server.RaftServerConfigKeys (ConfUtils.java:logGet(43)) - raft.server.log.write.buffer.size = 33554432 (custom)
2019-10-02 05:49:30,451 [pool-37-thread-1] INFO  server.RaftServerConfigKeys (ConfUtils.java:logGet(43)) - raft.server.snapshot.auto.trigger.enabled = true (custom)
2019-10-02 05:49:30,452 [pool-67-thread-1] INFO  server.RaftServerConfigKeys (ConfUtils.java:logGet(43)) - raft.server.log.force.sync.num = 128 (default)
2019-10-02 05:49:30,452 [pool-27-thread-1] INFO  server.RaftServerConfigKeys (ConfUtils.java:logGet(43)) - raft.server.log.force.sync.num = 128 (default)
2019-10-02 05:49:30,452 [pool-67-thread-1] INFO  server.RaftServerConfigKeys (ConfUtils.java:logGet(43)) - raft.server.log.statemachine.data.sync = true (default)
2019-10-02 05:49:30,452 [pool-37-thread-1] INFO  server.RaftServerConfigKeys (ConfUtils.java:logGet(43)) - raft.server.snapshot.auto.trigger.threshold = 10000 (custom)
2019-10-02 05:49:30,452 [pool-67-thread-1] INFO  server.RaftServerConfigKeys (ConfUtils.java:logGet(43)) - raft.server.log.statemachine.data.sync.timeout = 10s (default)
2019-10-02 05:49:30,452 [pool-27-thread-1] INFO  server.RaftServerConfigKeys (ConfUtils.java:logGet(43)) - raft.server.log.statemachine.data.sync = true (default)
2019-10-02 05:49:30,453 [pool-67-thread-1] INFO  server.RaftServerConfigKeys (ConfUtils.java:logGet(43)) - raft.server.log.statemachine.data.sync.timeout.retry = -1 (default)
2019-10-02 05:49:30,452 [pool-37-thread-1] INFO  server.RaftServerConfigKeys (ConfUtils.java:logGet(43)) - raft.server.snapshot.retention.file.num = 5 (custom)
2019-10-02 05:49:30,453 [pool-27-thread-1] INFO  server.RaftServerConfigKeys (ConfUtils.java:logGet(43)) - raft.server.log.statemachine.data.sync.timeout = 10s (default)
2019-10-02 05:49:30,453 [pool-37-thread-1] INFO  server.RaftServerConfigKeys (ConfUtils.java:logGet(43)) - raft.server.retrycache.expirytime = 600000ms (custom)
2019-10-02 05:49:30,453 [pool-67-thread-1] INFO  server.RaftServerConfigKeys (ConfUtils.java:logGet(43)) - raft.server.log.statemachine.data.caching.enabled = true (custom)
2019-10-02 05:49:30,453 [pool-27-thread-1] INFO  server.RaftServerConfigKeys (ConfUtils.java:logGet(43)) - raft.server.log.statemachine.data.sync.timeout.retry = -1 (default)
2019-10-02 05:49:30,454 [pool-27-thread-1] INFO  server.RaftServerConfigKeys (ConfUtils.java:logGet(43)) - raft.server.log.statemachine.data.caching.enabled = true (custom)
2019-10-02 05:49:30,454 [pool-67-thread-1] INFO  segmented.SegmentedRaftLogWorker (SegmentedRaftLogWorker.java:lambda$new$0(128)) - 8b099941-e94c-4d44-b111-fee9636cc34f@group-F0B8193E6AB6-SegmentedRaftLogWorker: flushIndex: setUnconditionally 0 -> -1
2019-10-02 05:49:30,454 [pool-27-thread-1] INFO  segmented.SegmentedRaftLogWorker (SegmentedRaftLogWorker.java:lambda$new$0(128)) - a7e49ec6-0391-473f-af1f-b7ebe60d9c8d@group-F0B8193E6AB6-SegmentedRaftLogWorker: flushIndex: setUnconditionally 0 -> -1
2019-10-02 05:49:30,454 [pool-27-thread-1] INFO  server.RaftServerConfigKeys (ConfUtils.java:logGet(43)) - raft.server.snapshot.auto.trigger.enabled = true (custom)
2019-10-02 05:49:30,454 [pool-67-thread-1] INFO  server.RaftServerConfigKeys (ConfUtils.java:logGet(43)) - raft.server.snapshot.auto.trigger.enabled = true (custom)
2019-10-02 05:49:30,454 [pool-27-thread-1] INFO  server.RaftServerConfigKeys (ConfUtils.java:logGet(43)) - raft.server.snapshot.auto.trigger.threshold = 10000 (custom)
2019-10-02 05:49:30,454 [pool-67-thread-1] INFO  server.RaftServerConfigKeys (ConfUtils.java:logGet(43)) - raft.server.snapshot.auto.trigger.threshold = 10000 (custom)
2019-10-02 05:49:30,454 [pool-27-thread-1] INFO  server.RaftServerConfigKeys (ConfUtils.java:logGet(43)) - raft.server.snapshot.retention.file.num = 5 (custom)
2019-10-02 05:49:30,454 [pool-67-thread-1] INFO  server.RaftServerConfigKeys (ConfUtils.java:logGet(43)) - raft.server.snapshot.retention.file.num = 5 (custom)
2019-10-02 05:49:30,455 [pool-27-thread-1] INFO  server.RaftServerConfigKeys (ConfUtils.java:logGet(43)) - raft.server.retrycache.expirytime = 600000ms (custom)
2019-10-02 05:49:30,455 [pool-67-thread-1] INFO  server.RaftServerConfigKeys (ConfUtils.java:logGet(43)) - raft.server.retrycache.expirytime = 600000ms (custom)
2019-10-02 05:49:30,456 [pool-37-thread-1] INFO  impl.RaftServerImpl (RaftServerImpl.java:start(181)) - d31a379a-b462-4e23-84c2-f59667e5dc0b@group-F0B8193E6AB6: start as a follower, conf=-1: [d31a379a-b462-4e23-84c2-f59667e5dc0b:192.168.164.250:33498, 8b099941-e94c-4d44-b111-fee9636cc34f:192.168.164.250:43588, a7e49ec6-0391-473f-af1f-b7ebe60d9c8d:192.168.164.250:41993], old=null
2019-10-02 05:49:30,456 [pool-37-thread-1] INFO  impl.RaftServerImpl (RaftServerImpl.java:setRole(170)) - d31a379a-b462-4e23-84c2-f59667e5dc0b@group-F0B8193E6AB6: changes role from      null to FOLLOWER at term 0 for startAsFollower
2019-10-02 05:49:30,457 [pool-37-thread-1] INFO  impl.RoleInfo (RoleInfo.java:updateAndGet(143)) - d31a379a-b462-4e23-84c2-f59667e5dc0b: start FollowerState
2019-10-02 05:49:30,457 [pool-37-thread-1] INFO  util.JmxRegister (JmxRegister.java:tryRegister(44)) - Successfully registered JMX Bean with object name Ratis:service=RaftServer,group=group-F0B8193E6AB6,id=d31a379a-b462-4e23-84c2-f59667e5dc0b
2019-10-02 05:49:30,457 [pool-27-thread-1] INFO  impl.RaftServerImpl (RaftServerImpl.java:start(181)) - a7e49ec6-0391-473f-af1f-b7ebe60d9c8d@group-F0B8193E6AB6: start as a follower, conf=-1: [d31a379a-b462-4e23-84c2-f59667e5dc0b:192.168.164.250:33498, 8b099941-e94c-4d44-b111-fee9636cc34f:192.168.164.250:43588, a7e49ec6-0391-473f-af1f-b7ebe60d9c8d:192.168.164.250:41993], old=null
2019-10-02 05:49:30,457 [pool-27-thread-1] INFO  impl.RaftServerImpl (RaftServerImpl.java:setRole(170)) - a7e49ec6-0391-473f-af1f-b7ebe60d9c8d@group-F0B8193E6AB6: changes role from      null to FOLLOWER at term 0 for startAsFollower
2019-10-02 05:49:30,457 [pool-67-thread-1] INFO  impl.RaftServerImpl (RaftServerImpl.java:start(181)) - 8b099941-e94c-4d44-b111-fee9636cc34f@group-F0B8193E6AB6: start as a follower, conf=-1: [d31a379a-b462-4e23-84c2-f59667e5dc0b:192.168.164.250:33498, 8b099941-e94c-4d44-b111-fee9636cc34f:192.168.164.250:43588, a7e49ec6-0391-473f-af1f-b7ebe60d9c8d:192.168.164.250:41993], old=null
2019-10-02 05:49:30,457 [pool-27-thread-1] INFO  impl.RoleInfo (RoleInfo.java:updateAndGet(143)) - a7e49ec6-0391-473f-af1f-b7ebe60d9c8d: start FollowerState
2019-10-02 05:49:30,457 [pool-67-thread-1] INFO  impl.RaftServerImpl (RaftServerImpl.java:setRole(170)) - 8b099941-e94c-4d44-b111-fee9636cc34f@group-F0B8193E6AB6: changes role from      null to FOLLOWER at term 0 for startAsFollower
2019-10-02 05:49:30,458 [pool-27-thread-1] INFO  util.JmxRegister (JmxRegister.java:tryRegister(44)) - Successfully registered JMX Bean with object name Ratis:service=RaftServer,group=group-F0B8193E6AB6,id=a7e49ec6-0391-473f-af1f-b7ebe60d9c8d
2019-10-02 05:49:30,458 [pool-67-thread-1] INFO  impl.RoleInfo (RoleInfo.java:updateAndGet(143)) - 8b099941-e94c-4d44-b111-fee9636cc34f: start FollowerState
2019-10-02 05:49:30,458 [pool-67-thread-1] INFO  util.JmxRegister (JmxRegister.java:tryRegister(44)) - Successfully registered JMX Bean with object name Ratis:service=RaftServer,group=group-F0B8193E6AB6,id=8b099941-e94c-4d44-b111-fee9636cc34f
2019-10-02 05:49:30,471 [RatisPipelineUtilsThread] INFO  pipeline.PipelineStateManager (PipelineStateManager.java:addPipeline(56)) - Created pipeline Pipeline[ Id: af09b52f-5944-438b-95c5-f0b8193e6ab6, Nodes: a7e49ec6-0391-473f-af1f-b7ebe60d9c8d{ip: 192.168.164.250, host: pr-trunk-p5fv4-2201032288, networkLocation: /default-rack, certSerialId: null}d31a379a-b462-4e23-84c2-f59667e5dc0b{ip: 192.168.164.250, host: pr-trunk-p5fv4-2201032288, networkLocation: /default-rack, certSerialId: null}8b099941-e94c-4d44-b111-fee9636cc34f{ip: 192.168.164.250, host: pr-trunk-p5fv4-2201032288, networkLocation: /default-rack, certSerialId: null}, Type:RATIS, Factor:THREE, State:OPEN]
2019-10-02 05:49:31,364 [main] WARN  io.KeyOutputStream (KeyOutputStream.java:handleException(274)) - Encountered exception java.io.IOException: Unexpected Storage Container Exception: java.util.concurrent.CompletionException: java.util.concurrent.CompletionException: org.apache.ratis.protocol.GroupMismatchException: 8b099941-e94c-4d44-b111-fee9636cc34f: group-04D66D378031 not found. on the pipeline Pipeline[ Id: f164c1c8-0f2c-4cc6-83da-04d66d378031, Nodes: a7e49ec6-0391-473f-af1f-b7ebe60d9c8d{ip: 192.168.164.250, host: pr-trunk-p5fv4-2201032288, networkLocation: /default-rack, certSerialId: null}d31a379a-b462-4e23-84c2-f59667e5dc0b{ip: 192.168.164.250, host: pr-trunk-p5fv4-2201032288, networkLocation: /default-rack, certSerialId: null}8b099941-e94c-4d44-b111-fee9636cc34f{ip: 192.168.164.250, host: pr-trunk-p5fv4-2201032288, networkLocation: /default-rack, certSerialId: null}, Type:RATIS, Factor:THREE, State:OPEN]. The last committed block length is 0, uncommitted data length is 400 retry count 0
2019-10-02 05:49:35,531 [Thread-541] INFO  impl.FollowerState (FollowerState.java:run(108)) - a7e49ec6-0391-473f-af1f-b7ebe60d9c8d@group-F0B8193E6AB6-FollowerState: change to CANDIDATE, lastRpcTime:5073ms, electionTimeout:5073ms
2019-10-02 05:49:35,539 [Thread-541] INFO  impl.RoleInfo (RoleInfo.java:shutdownFollowerState(121)) - a7e49ec6-0391-473f-af1f-b7ebe60d9c8d: shutdown FollowerState
2019-10-02 05:49:35,539 [Thread-541] INFO  impl.RaftServerImpl (RaftServerImpl.java:setRole(170)) - a7e49ec6-0391-473f-af1f-b7ebe60d9c8d@group-F0B8193E6AB6: changes role from  FOLLOWER to CANDIDATE at term 0 for changeToCandidate
2019-10-02 05:49:35,541 [Thread-541] INFO  impl.RoleInfo (RoleInfo.java:updateAndGet(143)) - a7e49ec6-0391-473f-af1f-b7ebe60d9c8d: start LeaderElection
2019-10-02 05:49:35,558 [a7e49ec6-0391-473f-af1f-b7ebe60d9c8d@group-F0B8193E6AB6-LeaderElection13] INFO  impl.LeaderElection (LeaderElection.java:askForVotes(178)) - a7e49ec6-0391-473f-af1f-b7ebe60d9c8d@group-F0B8193E6AB6-LeaderElection13: begin an election at term 1 for -1: [d31a379a-b462-4e23-84c2-f59667e5dc0b:192.168.164.250:33498, 8b099941-e94c-4d44-b111-fee9636cc34f:192.168.164.250:43588, a7e49ec6-0391-473f-af1f-b7ebe60d9c8d:192.168.164.250:41993], old=null
2019-10-02 05:49:35,564 [grpc-default-executor-5] INFO  impl.RaftServerImpl (RaftServerImpl.java:setRole(170)) - d31a379a-b462-4e23-84c2-f59667e5dc0b@group-F0B8193E6AB6: changes role from  FOLLOWER to FOLLOWER at term 1 for recognizeCandidate:a7e49ec6-0391-473f-af1f-b7ebe60d9c8d
2019-10-02 05:49:35,564 [grpc-default-executor-4] INFO  impl.RaftServerImpl (RaftServerImpl.java:setRole(170)) - 8b099941-e94c-4d44-b111-fee9636cc34f@group-F0B8193E6AB6: changes role from  FOLLOWER to FOLLOWER at term 1 for recognizeCandidate:a7e49ec6-0391-473f-af1f-b7ebe60d9c8d
2019-10-02 05:49:35,564 [grpc-default-executor-5] INFO  impl.RoleInfo (RoleInfo.java:shutdownFollowerState(121)) - d31a379a-b462-4e23-84c2-f59667e5dc0b: shutdown FollowerState
2019-10-02 05:49:35,564 [grpc-default-executor-4] INFO  impl.RoleInfo (RoleInfo.java:shutdownFollowerState(121)) - 8b099941-e94c-4d44-b111-fee9636cc34f: shutdown FollowerState
2019-10-02 05:49:35,565 [Thread-540] INFO  impl.FollowerState (FollowerState.java:run(117)) - d31a379a-b462-4e23-84c2-f59667e5dc0b@group-F0B8193E6AB6-FollowerState was interrupted: java.lang.InterruptedException: sleep interrupted
2019-10-02 05:49:35,564 [grpc-default-executor-5] INFO  impl.RoleInfo (RoleInfo.java:updateAndGet(143)) - d31a379a-b462-4e23-84c2-f59667e5dc0b: start FollowerState
2019-10-02 05:49:35,565 [Thread-542] INFO  impl.FollowerState (FollowerState.java:run(117)) - 8b099941-e94c-4d44-b111-fee9636cc34f@group-F0B8193E6AB6-FollowerState was interrupted: java.lang.InterruptedException: sleep interrupted
2019-10-02 05:49:35,565 [grpc-default-executor-4] INFO  impl.RoleInfo (RoleInfo.java:updateAndGet(143)) - 8b099941-e94c-4d44-b111-fee9636cc34f: start FollowerState
2019-10-02 05:49:35,586 [a7e49ec6-0391-473f-af1f-b7ebe60d9c8d@group-F0B8193E6AB6-LeaderElection13] INFO  impl.LeaderElection (LeaderElection.java:logAndReturn(56)) - a7e49ec6-0391-473f-af1f-b7ebe60d9c8d@group-F0B8193E6AB6-LeaderElection13: Election PASSED; received 1 response(s) [a7e49ec6-0391-473f-af1f-b7ebe60d9c8d<-8b099941-e94c-4d44-b111-fee9636cc34f#0:OK-t1] and 0 exception(s); a7e49ec6-0391-473f-af1f-b7ebe60d9c8d@group-F0B8193E6AB6:t1, leader=null, voted=a7e49ec6-0391-473f-af1f-b7ebe60d9c8d, raftlog=a7e49ec6-0391-473f-af1f-b7ebe60d9c8d@group-F0B8193E6AB6-SegmentedRaftLog:OPENED:c-1,f-1,i0, conf=-1: [d31a379a-b462-4e23-84c2-f59667e5dc0b:192.168.164.250:33498, 8b099941-e94c-4d44-b111-fee9636cc34f:192.168.164.250:43588, a7e49ec6-0391-473f-af1f-b7ebe60d9c8d:192.168.164.250:41993], old=null
2019-10-02 05:49:35,587 [a7e49ec6-0391-473f-af1f-b7ebe60d9c8d@group-F0B8193E6AB6-LeaderElection13] INFO  impl.RoleInfo (RoleInfo.java:shutdownLeaderElection(134)) - a7e49ec6-0391-473f-af1f-b7ebe60d9c8d: shutdown LeaderElection
2019-10-02 05:49:35,588 [a7e49ec6-0391-473f-af1f-b7ebe60d9c8d@group-F0B8193E6AB6-LeaderElection13] INFO  impl.RaftServerImpl (RaftServerImpl.java:setRole(170)) - a7e49ec6-0391-473f-af1f-b7ebe60d9c8d@group-F0B8193E6AB6: changes role from CANDIDATE to LEADER at term 1 for changeToLeader
2019-10-02 05:49:35,589 [a7e49ec6-0391-473f-af1f-b7ebe60d9c8d@group-F0B8193E6AB6-LeaderElection13] INFO  impl.RaftServerImpl (ServerState.java:setLeader(255)) - a7e49ec6-0391-473f-af1f-b7ebe60d9c8d@group-F0B8193E6AB6: change Leader from null to a7e49ec6-0391-473f-af1f-b7ebe60d9c8d at term 1 for becomeLeader, leader elected after 5141ms
2019-10-02 05:49:35,589 [a7e49ec6-0391-473f-af1f-b7ebe60d9c8d@group-F0B8193E6AB6-LeaderElection13] INFO  server.RaftServerConfigKeys (ConfUtils.java:logGet(43)) - raft.server.staging.catchup.gap = 1000 (default)
2019-10-02 05:49:35,589 [a7e49ec6-0391-473f-af1f-b7ebe60d9c8d@group-F0B8193E6AB6-LeaderElection13] INFO  server.RaftServerConfigKeys (ConfUtils.java:logGet(43)) - raft.server.rpc.sleep.time = 25ms (default)
2019-10-02 05:49:35,589 [a7e49ec6-0391-473f-af1f-b7ebe60d9c8d@group-F0B8193E6AB6-LeaderElection13] INFO  server.RaftServerConfigKeys (ConfUtils.java:logGet(43)) - raft.server.write.element-limit = 4096 (default)
2019-10-02 05:49:35,589 [a7e49ec6-0391-473f-af1f-b7ebe60d9c8d@group-F0B8193E6AB6-LeaderElection13] INFO  server.RaftServerConfigKeys (ConfUtils.java:logGet(43)) - raft.server.watch.timeout = 10s (default)
2019-10-02 05:49:35,589 [a7e49ec6-0391-473f-af1f-b7ebe60d9c8d@group-F0B8193E6AB6-LeaderElection13] INFO  server.RaftServerConfigKeys (ConfUtils.java:logGet(43)) - raft.server.watch.timeout.denomination = 1s (default)
2019-10-02 05:49:35,590 [a7e49ec6-0391-473f-af1f-b7ebe60d9c8d@group-F0B8193E6AB6-LeaderElection13] INFO  server.RaftServerConfigKeys (ConfUtils.java:logGet(43)) - raft.server.watch.element-limit = 65536 (default)
2019-10-02 05:49:35,593 [a7e49ec6-0391-473f-af1f-b7ebe60d9c8d@group-F0B8193E6AB6-LeaderElection13] INFO  server.RaftServerConfigKeys (ConfUtils.java:logGet(43)) - raft.server.log.appender.snapshot.chunk.size.max = 16MB (=16777216) (default)
2019-10-02 05:49:35,593 [a7e49ec6-0391-473f-af1f-b7ebe60d9c8d@group-F0B8193E6AB6-LeaderElection13] INFO  server.RaftServerConfigKeys (ConfUtils.java:logGet(43)) - raft.server.log.appender.buffer.byte-limit = 33554432 (custom)
2019-10-02 05:49:35,593 [a7e49ec6-0391-473f-af1f-b7ebe60d9c8d@group-F0B8193E6AB6-LeaderElection13] INFO  server.RaftServerConfigKeys (ConfUtils.java:logGet(43)) - raft.server.log.appender.buffer.element-limit = 1 (custom)
2019-10-02 05:49:35,593 [a7e49ec6-0391-473f-af1f-b7ebe60d9c8d@group-F0B8193E6AB6-LeaderElection13] INFO  grpc.GrpcConfigKeys$Server (ConfUtils.java:logGet(43)) - raft.grpc.server.leader.outstanding.appends.max = 128 (default)
2019-10-02 05:49:35,593 [a7e49ec6-0391-473f-af1f-b7ebe60d9c8d@group-F0B8193E6AB6-LeaderElection13] INFO  server.RaftServerConfigKeys (ConfUtils.java:logGet(43)) - raft.server.rpc.request.timeout = 3000ms (default)
2019-10-02 05:49:35,594 [a7e49ec6-0391-473f-af1f-b7ebe60d9c8d@group-F0B8193E6AB6-LeaderElection13] INFO  server.RaftServerConfigKeys (ConfUtils.java:logGet(43)) - raft.server.log.appender.install.snapshot.enabled = false (custom)
2019-10-02 05:49:35,594 [a7e49ec6-0391-473f-af1f-b7ebe60d9c8d@group-F0B8193E6AB6-LeaderElection13] INFO  server.RaftServerConfigKeys (ConfUtils.java:logGet(43)) - raft.server.log.appender.snapshot.chunk.size.max = 16MB (=16777216) (default)
2019-10-02 05:49:35,594 [a7e49ec6-0391-473f-af1f-b7ebe60d9c8d@group-F0B8193E6AB6-LeaderElection13] INFO  server.RaftServerConfigKeys (ConfUtils.java:logGet(43)) - raft.server.log.appender.buffer.byte-limit = 33554432 (custom)
2019-10-02 05:49:35,594 [a7e49ec6-0391-473f-af1f-b7ebe60d9c8d@group-F0B8193E6AB6-LeaderElection13] INFO  server.RaftServerConfigKeys (ConfUtils.java:logGet(43)) - raft.server.log.appender.buffer.element-limit = 1 (custom)
2019-10-02 05:49:35,594 [a7e49ec6-0391-473f-af1f-b7ebe60d9c8d@group-F0B8193E6AB6-LeaderElection13] INFO  grpc.GrpcConfigKeys$Server (ConfUtils.java:logGet(43)) - raft.grpc.server.leader.outstanding.appends.max = 128 (default)
2019-10-02 05:49:35,595 [a7e49ec6-0391-473f-af1f-b7ebe60d9c8d@group-F0B8193E6AB6-LeaderElection13] INFO  server.RaftServerConfigKeys (ConfUtils.java:logGet(43)) - raft.server.rpc.request.timeout = 3000ms (default)
2019-10-02 05:49:35,595 [a7e49ec6-0391-473f-af1f-b7ebe60d9c8d@group-F0B8193E6AB6-LeaderElection13] INFO  server.RaftServerConfigKeys (ConfUtils.java:logGet(43)) - raft.server.log.appender.install.snapshot.enabled = false (custom)
2019-10-02 05:49:35,595 [a7e49ec6-0391-473f-af1f-b7ebe60d9c8d@group-F0B8193E6AB6-LeaderElection13] INFO  impl.RoleInfo (RoleInfo.java:updateAndGet(143)) - a7e49ec6-0391-473f-af1f-b7ebe60d9c8d: start LeaderState
2019-10-02 05:49:35,596 [a7e49ec6-0391-473f-af1f-b7ebe60d9c8d@group-F0B8193E6AB6-LeaderElection13] INFO  segmented.SegmentedRaftLogWorker (SegmentedRaftLogWorker.java:startLogSegment(385)) - a7e49ec6-0391-473f-af1f-b7ebe60d9c8d@group-F0B8193E6AB6-SegmentedRaftLogWorker: Starting segment from index:0
2019-10-02 05:49:35,597 [a7e49ec6-0391-473f-af1f-b7ebe60d9c8d@group-F0B8193E6AB6-LeaderElection13] INFO  impl.RaftServerImpl (ServerState.java:setRaftConf(356)) - a7e49ec6-0391-473f-af1f-b7ebe60d9c8d@group-F0B8193E6AB6: set configuration 0: [d31a379a-b462-4e23-84c2-f59667e5dc0b:192.168.164.250:33498, 8b099941-e94c-4d44-b111-fee9636cc34f:192.168.164.250:43588, a7e49ec6-0391-473f-af1f-b7ebe60d9c8d:192.168.164.250:41993], old=null at 0
2019-10-02 05:49:35,625 [grpc-default-executor-4] INFO  impl.RaftServerImpl (ServerState.java:setLeader(255)) - d31a379a-b462-4e23-84c2-f59667e5dc0b@group-F0B8193E6AB6: change Leader from null to a7e49ec6-0391-473f-af1f-b7ebe60d9c8d at term 1 for appendEntries, leader elected after 5178ms
2019-10-02 05:49:35,626 [grpc-default-executor-5] INFO  impl.RaftServerImpl (ServerState.java:setLeader(255)) - 8b099941-e94c-4d44-b111-fee9636cc34f@group-F0B8193E6AB6: change Leader from null to a7e49ec6-0391-473f-af1f-b7ebe60d9c8d at term 1 for appendEntries, leader elected after 5178ms
2019-10-02 05:49:35,629 [grpc-default-executor-5] INFO  impl.RaftServerImpl (ServerState.java:setRaftConf(356)) - 8b099941-e94c-4d44-b111-fee9636cc34f@group-F0B8193E6AB6: set configuration 0: [d31a379a-b462-4e23-84c2-f59667e5dc0b:192.168.164.250:33498, 8b099941-e94c-4d44-b111-fee9636cc34f:192.168.164.250:43588, a7e49ec6-0391-473f-af1f-b7ebe60d9c8d:192.168.164.250:41993], old=null at 0
2019-10-02 05:49:35,629 [grpc-default-executor-4] INFO  impl.RaftServerImpl (ServerState.java:setRaftConf(356)) - d31a379a-b462-4e23-84c2-f59667e5dc0b@group-F0B8193E6AB6: set configuration 0: [d31a379a-b462-4e23-84c2-f59667e5dc0b:192.168.164.250:33498, 8b099941-e94c-4d44-b111-fee9636cc34f:192.168.164.250:43588, a7e49ec6-0391-473f-af1f-b7ebe60d9c8d:192.168.164.250:41993], old=null at 0
2019-10-02 05:49:35,629 [grpc-default-executor-5] INFO  segmented.SegmentedRaftLogWorker (SegmentedRaftLogWorker.java:startLogSegment(385)) - 8b099941-e94c-4d44-b111-fee9636cc34f@group-F0B8193E6AB6-SegmentedRaftLogWorker: Starting segment from index:0
2019-10-02 05:49:35,629 [grpc-default-executor-4] INFO  segmented.SegmentedRaftLogWorker (SegmentedRaftLogWorker.java:startLogSegment(385)) - d31a379a-b462-4e23-84c2-f59667e5dc0b@group-F0B8193E6AB6-SegmentedRaftLogWorker: Starting segment from index:0
2019-10-02 05:49:35,635 [a7e49ec6-0391-473f-af1f-b7ebe60d9c8d@group-F0B8193E6AB6-SegmentedRaftLogWorker] INFO  segmented.SegmentedRaftLogWorker (SegmentedRaftLogWorker.java:execute(574)) - a7e49ec6-0391-473f-af1f-b7ebe60d9c8d@group-F0B8193E6AB6-SegmentedRaftLogWorker: created new log segment /workdir/hadoop-ozone/integration-test/target/test-dir/MiniOzoneClusterImpl-96702981-7b9c-49f5-b2c8-8280b9e400ec/datanode-0/data/ratis/af09b52f-5944-438b-95c5-f0b8193e6ab6/current/log_inprogress_0
2019-10-02 05:49:35,669 [8b099941-e94c-4d44-b111-fee9636cc34f@group-F0B8193E6AB6-SegmentedRaftLogWorker] INFO  segmented.SegmentedRaftLogWorker (SegmentedRaftLogWorker.java:execute(574)) - 8b099941-e94c-4d44-b111-fee9636cc34f@group-F0B8193E6AB6-SegmentedRaftLogWorker: created new log segment /workdir/hadoop-ozone/integration-test/target/test-dir/MiniOzoneClusterImpl-96702981-7b9c-49f5-b2c8-8280b9e400ec/datanode-4/data/ratis/af09b52f-5944-438b-95c5-f0b8193e6ab6/current/log_inprogress_0
2019-10-02 05:49:35,669 [d31a379a-b462-4e23-84c2-f59667e5dc0b@group-F0B8193E6AB6-SegmentedRaftLogWorker] INFO  segmented.SegmentedRaftLogWorker (SegmentedRaftLogWorker.java:execute(574)) - d31a379a-b462-4e23-84c2-f59667e5dc0b@group-F0B8193E6AB6-SegmentedRaftLogWorker: created new log segment /workdir/hadoop-ozone/integration-test/target/test-dir/MiniOzoneClusterImpl-96702981-7b9c-49f5-b2c8-8280b9e400ec/datanode-1/data/ratis/af09b52f-5944-438b-95c5-f0b8193e6ab6/current/log_inprogress_0
2019-10-02 05:49:36,676 [pool-26-thread-2] ERROR impl.ChunkManagerImpl (ChunkUtils.java:writeData(89)) - data array does not match the length specified. DataLen: 100 Byte Array: 246
2019-10-02 05:49:36,677 [pool-26-thread-2] INFO  keyvalue.KeyValueHandler (ContainerUtils.java:logAndReturnError(146)) - Operation: WriteChunk : Trace ID: 8b5ab272743c482e:8b5ab272743c482e:0:0 : Message: data array does not match the length specified. DataLen: 100 Byte Array: 246 : Result: INVALID_WRITE_SIZE
05:49:36.700 [pool-26-thread-2] ERROR DNAudit - user=null | ip=null | op=WRITE_CHUNK {blockData=conID: 2 locID: 102891216659546114 bcsId: 0} | ret=FAILURE
java.lang.Exception: data array does not match the length specified. DataLen: 100 Byte Array: 246
	at org.apache.hadoop.ozone.container.common.impl.HddsDispatcher.dispatchRequest(HddsDispatcher.java:330) ~[hadoop-hdds-container-service-0.5.0-SNAPSHOT.jar:?]
	at org.apache.hadoop.ozone.container.common.impl.HddsDispatcher.dispatch(HddsDispatcher.java:150) ~[hadoop-hdds-container-service-0.5.0-SNAPSHOT.jar:?]
	at org.apache.hadoop.ozone.container.common.transport.server.ratis.ContainerStateMachine.dispatchCommand(ContainerStateMachine.java:407) ~[hadoop-hdds-container-service-0.5.0-SNAPSHOT.jar:?]
	at org.apache.hadoop.ozone.container.common.transport.server.ratis.ContainerStateMachine.runCommand(ContainerStateMachine.java:415) ~[hadoop-hdds-container-service-0.5.0-SNAPSHOT.jar:?]
	at org.apache.hadoop.ozone.container.common.transport.server.ratis.ContainerStateMachine.lambda$handleWriteChunk$1(ContainerStateMachine.java:450) ~[hadoop-hdds-container-service-0.5.0-SNAPSHOT.jar:?]
	at java.util.concurrent.CompletableFuture$AsyncSupply.run(CompletableFuture.java:1590) [?:1.8.0_212]
	at java.util.concurrent.ThreadPoolExecutor.runWorker(ThreadPoolExecutor.java:1149) [?:1.8.0_212]
	at java.util.concurrent.ThreadPoolExecutor$Worker.run(ThreadPoolExecutor.java:624) [?:1.8.0_212]
	at java.lang.Thread.run(Thread.java:748) [?:1.8.0_212]
2019-10-02 05:49:36,700 [pool-26-thread-2] ERROR ratis.ContainerStateMachine (ContainerStateMachine.java:lambda$handleWriteChunk$2(470)) - group-F0B8193E6AB6: writeChunk writeStateMachineData failed: blockIdcontainerID: 2
localID: 102891216659546114
blockCommitSequenceId: 0
 logIndex 1 chunkName 102891216659546114_chunk_1 Error message: data array does not match the length specified. DataLen: 100 Byte Array: 246 Container Result: INVALID_WRITE_SIZE
2019-10-02 05:49:36,704 [a7e49ec6-0391-473f-af1f-b7ebe60d9c8d@group-F0B8193E6AB6-SegmentedRaftLogWorker] ERROR ratis.XceiverServerRatis (XceiverServerRatis.java:triggerPipelineClose(581)) - pipeline Action CLOSE  on pipeline PipelineID=af09b52f-5944-438b-95c5-f0b8193e6ab6.Reason : data array does not match the length specified. DataLen: 100 Byte Array: 246
2019-10-02 05:49:36,705 [a7e49ec6-0391-473f-af1f-b7ebe60d9c8d@group-F0B8193E6AB6-SegmentedRaftLogWorker] ERROR ratis.XceiverServerRatis (XceiverServerRatis.java:triggerPipelineClose(581)) - pipeline Action CLOSE  on pipeline PipelineID=af09b52f-5944-438b-95c5-f0b8193e6ab6.Reason : Log already failed at index 1 for task WriteLog:1: (t:1, i:1), STATEMACHINELOGENTRY, client-3FEECBDB0082, cid=25
2019-10-02 05:49:36,705 [EventQueue-IncrementalContainerReportForIncrementalContainerReportHandler] WARN  container.IncrementalContainerReportHandler (AbstractContainerReportHandler.java:updateContainerState(143)) - Container #2 is in OPEN state, but the datanode a7e49ec6-0391-473f-af1f-b7ebe60d9c8d{ip: 192.168.164.250, host: pr-trunk-p5fv4-2201032288, networkLocation: /default-rack, certSerialId: null} reports an UNHEALTHY replica.
2019-10-02 05:49:36,705 [EventQueue-CloseContainerForCloseContainerEventHandler] INFO  container.CloseContainerEventHandler (CloseContainerEventHandler.java:onMessage(61)) - Close container Event triggered for container : #2
2019-10-02 05:49:36,709 [EventQueue-PipelineActionsForPipelineActionHandler] ERROR pipeline.PipelineActionHandler (PipelineActionHandler.java:onMessage(60)) - Received pipeline action CLOSE for Pipeline[ Id: af09b52f-5944-438b-95c5-f0b8193e6ab6, Nodes: a7e49ec6-0391-473f-af1f-b7ebe60d9c8d{ip: 192.168.164.250, host: pr-trunk-p5fv4-2201032288, networkLocation: /default-rack, certSerialId: null}d31a379a-b462-4e23-84c2-f59667e5dc0b{ip: 192.168.164.250, host: pr-trunk-p5fv4-2201032288, networkLocation: /default-rack, certSerialId: null}8b099941-e94c-4d44-b111-fee9636cc34f{ip: 192.168.164.250, host: pr-trunk-p5fv4-2201032288, networkLocation: /default-rack, certSerialId: null}, Type:RATIS, Factor:THREE, State:OPEN] from datanode a7e49ec6-0391-473f-af1f-b7ebe60d9c8d{ip: 192.168.164.250, host: pr-trunk-p5fv4-2201032288, networkLocation: /default-rack, certSerialId: null}. Reason : data array does not match the length specified. DataLen: 100 Byte Array: 246
2019-10-02 05:49:36,709 [EventQueue-PipelineActionsForPipelineActionHandler] INFO  pipeline.SCMPipelineManager (SCMPipelineManager.java:finalizeAndDestroyPipeline(315)) - destroying pipeline:Pipeline[ Id: af09b52f-5944-438b-95c5-f0b8193e6ab6, Nodes: a7e49ec6-0391-473f-af1f-b7ebe60d9c8d{ip: 192.168.164.250, host: pr-trunk-p5fv4-2201032288, networkLocation: /default-rack, certSerialId: null}d31a379a-b462-4e23-84c2-f59667e5dc0b{ip: 192.168.164.250, host: pr-trunk-p5fv4-2201032288, networkLocation: /default-rack, certSerialId: null}8b099941-e94c-4d44-b111-fee9636cc34f{ip: 192.168.164.250, host: pr-trunk-p5fv4-2201032288, networkLocation: /default-rack, certSerialId: null}, Type:RATIS, Factor:THREE, State:OPEN]
2019-10-02 05:49:36,709 [EventQueue-PipelineActionsForPipelineActionHandler] INFO  pipeline.PipelineStateManager (PipelineStateManager.java:finalizePipeline(123)) - Pipeline Pipeline[ Id: af09b52f-5944-438b-95c5-f0b8193e6ab6, Nodes: a7e49ec6-0391-473f-af1f-b7ebe60d9c8d{ip: 192.168.164.250, host: pr-trunk-p5fv4-2201032288, networkLocation: /default-rack, certSerialId: null}d31a379a-b462-4e23-84c2-f59667e5dc0b{ip: 192.168.164.250, host: pr-trunk-p5fv4-2201032288, networkLocation: /default-rack, certSerialId: null}8b099941-e94c-4d44-b111-fee9636cc34f{ip: 192.168.164.250, host: pr-trunk-p5fv4-2201032288, networkLocation: /default-rack, certSerialId: null}, Type:RATIS, Factor:THREE, State:CLOSED] moved to CLOSED state
2019-10-02 05:49:39,585 [java.util.concurrent.ThreadPoolExecutor$Worker@4d828a63[State = -1, empty queue]] ERROR client.GrpcClientProtocolClient (GrpcClientProtocolClient.java:close(148)) - Unexpected exception while waiting for channel termination
java.lang.InterruptedException
	at java.util.concurrent.locks.AbstractQueuedSynchronizer.tryAcquireSharedNanos(AbstractQueuedSynchronizer.java:1326)
	at java.util.concurrent.CountDownLatch.await(CountDownLatch.java:277)
	at org.apache.ratis.thirdparty.io.grpc.internal.ManagedChannelImpl.awaitTermination(ManagedChannelImpl.java:763)
	at org.apache.ratis.thirdparty.io.grpc.internal.ForwardingManagedChannel.awaitTermination(ForwardingManagedChannel.java:57)
	at org.apache.ratis.thirdparty.io.grpc.internal.ManagedChannelOrphanWrapper.awaitTermination(ManagedChannelOrphanWrapper.java:70)
	at org.apache.ratis.grpc.client.GrpcClientProtocolClient.close(GrpcClientProtocolClient.java:146)
	at org.apache.ratis.util.PeerProxyMap$PeerAndProxy.lambda$close$1(PeerProxyMap.java:74)
	at org.apache.ratis.util.LifeCycle.lambda$checkStateAndClose$2(LifeCycle.java:231)
	at org.apache.ratis.util.LifeCycle.checkStateAndClose(LifeCycle.java:251)
	at org.apache.ratis.util.LifeCycle.checkStateAndClose(LifeCycle.java:229)
	at org.apache.ratis.util.PeerProxyMap$PeerAndProxy.close(PeerProxyMap.java:70)
	at org.apache.ratis.util.PeerProxyMap.resetProxy(PeerProxyMap.java:127)
	at org.apache.ratis.util.PeerProxyMap.handleException(PeerProxyMap.java:136)
	at org.apache.ratis.client.impl.RaftClientRpcWithProxy.handleException(RaftClientRpcWithProxy.java:47)
	at org.apache.ratis.client.impl.RaftClientImpl.handleIOException(RaftClientImpl.java:372)
	at org.apache.ratis.client.impl.OrderedAsync.lambda$sendRequest$10(OrderedAsync.java:236)
	at java.util.concurrent.CompletableFuture.uniExceptionally(CompletableFuture.java:870)
	at java.util.concurrent.CompletableFuture$UniExceptionally.tryFire(CompletableFuture.java:852)
	at java.util.concurrent.CompletableFuture.postComplete(CompletableFuture.java:474)
	at java.util.concurrent.CompletableFuture.completeExceptionally(CompletableFuture.java:1977)
	at org.apache.ratis.grpc.client.GrpcClientProtocolClient$AsyncStreamObservers.lambda$timeoutCheck$3(GrpcClientProtocolClient.java:324)
	at java.util.Optional.ifPresent(Optional.java:159)
	at org.apache.ratis.grpc.client.GrpcClientProtocolClient$AsyncStreamObservers.handleReplyFuture(GrpcClientProtocolClient.java:329)
	at org.apache.ratis.grpc.client.GrpcClientProtocolClient$AsyncStreamObservers.timeoutCheck(GrpcClientProtocolClient.java:324)
	at org.apache.ratis.grpc.client.GrpcClientProtocolClient$AsyncStreamObservers.lambda$onNext$1(GrpcClientProtocolClient.java:318)
	at org.apache.ratis.util.TimeoutScheduler.lambda$onTimeout$0(TimeoutScheduler.java:113)
	at org.apache.ratis.util.TimeoutScheduler.lambda$onTimeout$1(TimeoutScheduler.java:133)
	at org.apache.ratis.util.LogUtils.runAndLog(LogUtils.java:50)
	at org.apache.ratis.util.LogUtils$1.run(LogUtils.java:91)
	at java.util.concurrent.Executors$RunnableAdapter.call(Executors.java:511)
	at java.util.concurrent.FutureTask.run(FutureTask.java:266)
	at java.util.concurrent.ScheduledThreadPoolExecutor$ScheduledFutureTask.access$201(ScheduledThreadPoolExecutor.java:180)
	at java.util.concurrent.ScheduledThreadPoolExecutor$ScheduledFutureTask.run(ScheduledThreadPoolExecutor.java:293)
	at java.util.concurrent.ThreadPoolExecutor.runWorker(ThreadPoolExecutor.java:1149)
	at java.util.concurrent.ThreadPoolExecutor$Worker.run(ThreadPoolExecutor.java:624)
	at java.lang.Thread.run(Thread.java:748)
2019-10-02 05:49:39,588 [java.util.concurrent.ThreadPoolExecutor$Worker@4d828a63[State = -1, empty queue]] WARN  util.TimeoutScheduler (LogUtils.java:runAndLog(55)) - Failed to task #0: java.lang.NullPointerException
2019-10-02 05:49:43,620 [java.util.concurrent.ThreadPoolExecutor$Worker@277aec76[State = -1, empty queue]] ERROR client.GrpcClientProtocolClient (GrpcClientProtocolClient.java:close(148)) - Unexpected exception while waiting for channel termination
java.lang.InterruptedException
	at java.util.concurrent.locks.AbstractQueuedSynchronizer.tryAcquireSharedNanos(AbstractQueuedSynchronizer.java:1326)
	at java.util.concurrent.CountDownLatch.await(CountDownLatch.java:277)
	at org.apache.ratis.thirdparty.io.grpc.internal.ManagedChannelImpl.awaitTermination(ManagedChannelImpl.java:763)
	at org.apache.ratis.thirdparty.io.grpc.internal.ForwardingManagedChannel.awaitTermination(ForwardingManagedChannel.java:57)
	at org.apache.ratis.thirdparty.io.grpc.internal.ManagedChannelOrphanWrapper.awaitTermination(ManagedChannelOrphanWrapper.java:70)
	at org.apache.ratis.grpc.client.GrpcClientProtocolClient.close(GrpcClientProtocolClient.java:146)
	at org.apache.ratis.util.PeerProxyMap$PeerAndProxy.lambda$close$1(PeerProxyMap.java:74)
	at org.apache.ratis.util.LifeCycle.lambda$checkStateAndClose$2(LifeCycle.java:231)
	at org.apache.ratis.util.LifeCycle.checkStateAndClose(LifeCycle.java:251)
	at org.apache.ratis.util.LifeCycle.checkStateAndClose(LifeCycle.java:229)
	at org.apache.ratis.util.PeerProxyMap$PeerAndProxy.close(PeerProxyMap.java:70)
	at org.apache.ratis.util.PeerProxyMap.resetProxy(PeerProxyMap.java:127)
	at org.apache.ratis.util.PeerProxyMap.handleException(PeerProxyMap.java:136)
	at org.apache.ratis.client.impl.RaftClientRpcWithProxy.handleException(RaftClientRpcWithProxy.java:47)
	at org.apache.ratis.client.impl.RaftClientImpl.handleIOException(RaftClientImpl.java:372)
	at org.apache.ratis.client.impl.OrderedAsync.lambda$sendRequest$10(OrderedAsync.java:236)
	at java.util.concurrent.CompletableFuture.uniExceptionally(CompletableFuture.java:870)
	at java.util.concurrent.CompletableFuture$UniExceptionally.tryFire(CompletableFuture.java:852)
	at java.util.concurrent.CompletableFuture.postComplete(CompletableFuture.java:474)
	at java.util.concurrent.CompletableFuture.completeExceptionally(CompletableFuture.java:1977)
	at org.apache.ratis.grpc.client.GrpcClientProtocolClient$AsyncStreamObservers.lambda$timeoutCheck$3(GrpcClientProtocolClient.java:324)
	at java.util.Optional.ifPresent(Optional.java:159)
	at org.apache.ratis.grpc.client.GrpcClientProtocolClient$AsyncStreamObservers.handleReplyFuture(GrpcClientProtocolClient.java:329)
	at org.apache.ratis.grpc.client.GrpcClientProtocolClient$AsyncStreamObservers.timeoutCheck(GrpcClientProtocolClient.java:324)
	at org.apache.ratis.grpc.client.GrpcClientProtocolClient$AsyncStreamObservers.lambda$onNext$1(GrpcClientProtocolClient.java:318)
	at org.apache.ratis.util.TimeoutScheduler.lambda$onTimeout$0(TimeoutScheduler.java:113)
	at org.apache.ratis.util.TimeoutScheduler.lambda$onTimeout$1(TimeoutScheduler.java:133)
	at org.apache.ratis.util.LogUtils.runAndLog(LogUtils.java:50)
	at org.apache.ratis.util.LogUtils$1.run(LogUtils.java:91)
	at java.util.concurrent.Executors$RunnableAdapter.call(Executors.java:511)
	at java.util.concurrent.FutureTask.run(FutureTask.java:266)
	at java.util.concurrent.ScheduledThreadPoolExecutor$ScheduledFutureTask.access$201(ScheduledThreadPoolExecutor.java:180)
	at java.util.concurrent.ScheduledThreadPoolExecutor$ScheduledFutureTask.run(ScheduledThreadPoolExecutor.java:293)
	at java.util.concurrent.ThreadPoolExecutor.runWorker(ThreadPoolExecutor.java:1149)
	at java.util.concurrent.ThreadPoolExecutor$Worker.run(ThreadPoolExecutor.java:624)
	at java.lang.Thread.run(Thread.java:748)
2019-10-02 05:49:43,623 [java.util.concurrent.ThreadPoolExecutor$Worker@277aec76[State = -1, empty queue]] WARN  util.TimeoutScheduler (LogUtils.java:runAndLog(55)) - Failed to task #0: java.lang.NullPointerException
2019-10-02 05:49:47,652 [java.util.concurrent.ThreadPoolExecutor$Worker@7bb0eebc[State = -1, empty queue]] ERROR client.GrpcClientProtocolClient (GrpcClientProtocolClient.java:close(148)) - Unexpected exception while waiting for channel termination
java.lang.InterruptedException
	at java.util.concurrent.locks.AbstractQueuedSynchronizer.tryAcquireSharedNanos(AbstractQueuedSynchronizer.java:1326)
	at java.util.concurrent.CountDownLatch.await(CountDownLatch.java:277)
	at org.apache.ratis.thirdparty.io.grpc.internal.ManagedChannelImpl.awaitTermination(ManagedChannelImpl.java:763)
	at org.apache.ratis.thirdparty.io.grpc.internal.ForwardingManagedChannel.awaitTermination(ForwardingManagedChannel.java:57)
	at org.apache.ratis.thirdparty.io.grpc.internal.ManagedChannelOrphanWrapper.awaitTermination(ManagedChannelOrphanWrapper.java:70)
	at org.apache.ratis.grpc.client.GrpcClientProtocolClient.close(GrpcClientProtocolClient.java:146)
	at org.apache.ratis.util.PeerProxyMap$PeerAndProxy.lambda$close$1(PeerProxyMap.java:74)
	at org.apache.ratis.util.LifeCycle.lambda$checkStateAndClose$2(LifeCycle.java:231)
	at org.apache.ratis.util.LifeCycle.checkStateAndClose(LifeCycle.java:251)
	at org.apache.ratis.util.LifeCycle.checkStateAndClose(LifeCycle.java:229)
	at org.apache.ratis.util.PeerProxyMap$PeerAndProxy.close(PeerProxyMap.java:70)
	at org.apache.ratis.util.PeerProxyMap.resetProxy(PeerProxyMap.java:127)
	at org.apache.ratis.util.PeerProxyMap.handleException(PeerProxyMap.java:136)
	at org.apache.ratis.client.impl.RaftClientRpcWithProxy.handleException(RaftClientRpcWithProxy.java:47)
	at org.apache.ratis.client.impl.RaftClientImpl.handleIOException(RaftClientImpl.java:372)
	at org.apache.ratis.client.impl.OrderedAsync.lambda$sendRequest$10(OrderedAsync.java:236)
	at java.util.concurrent.CompletableFuture.uniExceptionally(CompletableFuture.java:870)
	at java.util.concurrent.CompletableFuture$UniExceptionally.tryFire(CompletableFuture.java:852)
	at java.util.concurrent.CompletableFuture.postComplete(CompletableFuture.java:474)
	at java.util.concurrent.CompletableFuture.completeExceptionally(CompletableFuture.java:1977)
	at org.apache.ratis.grpc.client.GrpcClientProtocolClient$AsyncStreamObservers.lambda$timeoutCheck$3(GrpcClientProtocolClient.java:324)
	at java.util.Optional.ifPresent(Optional.java:159)
	at org.apache.ratis.grpc.client.GrpcClientProtocolClient$AsyncStreamObservers.handleReplyFuture(GrpcClientProtocolClient.java:329)
	at org.apache.ratis.grpc.client.GrpcClientProtocolClient$AsyncStreamObservers.timeoutCheck(GrpcClientProtocolClient.java:324)
	at org.apache.ratis.grpc.client.GrpcClientProtocolClient$AsyncStreamObservers.lambda$onNext$1(GrpcClientProtocolClient.java:318)
	at org.apache.ratis.util.TimeoutScheduler.lambda$onTimeout$0(TimeoutScheduler.java:113)
	at org.apache.ratis.util.TimeoutScheduler.lambda$onTimeout$1(TimeoutScheduler.java:133)
	at org.apache.ratis.util.LogUtils.runAndLog(LogUtils.java:50)
	at org.apache.ratis.util.LogUtils$1.run(LogUtils.java:91)
	at java.util.concurrent.Executors$RunnableAdapter.call(Executors.java:511)
	at java.util.concurrent.FutureTask.run(FutureTask.java:266)
	at java.util.concurrent.ScheduledThreadPoolExecutor$ScheduledFutureTask.access$201(ScheduledThreadPoolExecutor.java:180)
	at java.util.concurrent.ScheduledThreadPoolExecutor$ScheduledFutureTask.run(ScheduledThreadPoolExecutor.java:293)
	at java.util.concurrent.ThreadPoolExecutor.runWorker(ThreadPoolExecutor.java:1149)
	at java.util.concurrent.ThreadPoolExecutor$Worker.run(ThreadPoolExecutor.java:624)
	at java.lang.Thread.run(Thread.java:748)
2019-10-02 05:49:47,656 [java.util.concurrent.ThreadPoolExecutor$Worker@7bb0eebc[State = -1, empty queue]] WARN  util.TimeoutScheduler (LogUtils.java:runAndLog(55)) - Failed to task #0: java.lang.NullPointerException
2019-10-02 05:49:51,684 [java.util.concurrent.ThreadPoolExecutor$Worker@2b836561[State = -1, empty queue]] ERROR client.GrpcClientProtocolClient (GrpcClientProtocolClient.java:close(148)) - Unexpected exception while waiting for channel termination
java.lang.InterruptedException
	at java.util.concurrent.locks.AbstractQueuedSynchronizer.tryAcquireSharedNanos(AbstractQueuedSynchronizer.java:1326)
	at java.util.concurrent.CountDownLatch.await(CountDownLatch.java:277)
	at org.apache.ratis.thirdparty.io.grpc.internal.ManagedChannelImpl.awaitTermination(ManagedChannelImpl.java:763)
	at org.apache.ratis.thirdparty.io.grpc.internal.ForwardingManagedChannel.awaitTermination(ForwardingManagedChannel.java:57)
	at org.apache.ratis.thirdparty.io.grpc.internal.ManagedChannelOrphanWrapper.awaitTermination(ManagedChannelOrphanWrapper.java:70)
	at org.apache.ratis.grpc.client.GrpcClientProtocolClient.close(GrpcClientProtocolClient.java:146)
	at org.apache.ratis.util.PeerProxyMap$PeerAndProxy.lambda$close$1(PeerProxyMap.java:74)
	at org.apache.ratis.util.LifeCycle.lambda$checkStateAndClose$2(LifeCycle.java:231)
	at org.apache.ratis.util.LifeCycle.checkStateAndClose(LifeCycle.java:251)
	at org.apache.ratis.util.LifeCycle.checkStateAndClose(LifeCycle.java:229)
	at org.apache.ratis.util.PeerProxyMap$PeerAndProxy.close(PeerProxyMap.java:70)
	at org.apache.ratis.util.PeerProxyMap.resetProxy(PeerProxyMap.java:127)
	at org.apache.ratis.util.PeerProxyMap.handleException(PeerProxyMap.java:136)
	at org.apache.ratis.client.impl.RaftClientRpcWithProxy.handleException(RaftClientRpcWithProxy.java:47)
	at org.apache.ratis.client.impl.RaftClientImpl.handleIOException(RaftClientImpl.java:372)
	at org.apache.ratis.client.impl.OrderedAsync.lambda$sendRequest$10(OrderedAsync.java:236)
	at java.util.concurrent.CompletableFuture.uniExceptionally(CompletableFuture.java:870)
	at java.util.concurrent.CompletableFuture$UniExceptionally.tryFire(CompletableFuture.java:852)
	at java.util.concurrent.CompletableFuture.postComplete(CompletableFuture.java:474)
	at java.util.concurrent.CompletableFuture.completeExceptionally(CompletableFuture.java:1977)
	at org.apache.ratis.grpc.client.GrpcClientProtocolClient$AsyncStreamObservers.lambda$timeoutCheck$3(GrpcClientProtocolClient.java:324)
	at java.util.Optional.ifPresent(Optional.java:159)
	at org.apache.ratis.grpc.client.GrpcClientProtocolClient$AsyncStreamObservers.handleReplyFuture(GrpcClientProtocolClient.java:329)
	at org.apache.ratis.grpc.client.GrpcClientProtocolClient$AsyncStreamObservers.timeoutCheck(GrpcClientProtocolClient.java:324)
	at org.apache.ratis.grpc.client.GrpcClientProtocolClient$AsyncStreamObservers.lambda$onNext$1(GrpcClientProtocolClient.java:318)
	at org.apache.ratis.util.TimeoutScheduler.lambda$onTimeout$0(TimeoutScheduler.java:113)
	at org.apache.ratis.util.TimeoutScheduler.lambda$onTimeout$1(TimeoutScheduler.java:133)
	at org.apache.ratis.util.LogUtils.runAndLog(LogUtils.java:50)
	at org.apache.ratis.util.LogUtils$1.run(LogUtils.java:91)
	at java.util.concurrent.Executors$RunnableAdapter.call(Executors.java:511)
	at java.util.concurrent.FutureTask.run(FutureTask.java:266)
	at java.util.concurrent.ScheduledThreadPoolExecutor$ScheduledFutureTask.access$201(ScheduledThreadPoolExecutor.java:180)
	at java.util.concurrent.ScheduledThreadPoolExecutor$ScheduledFutureTask.run(ScheduledThreadPoolExecutor.java:293)
	at java.util.concurrent.ThreadPoolExecutor.runWorker(ThreadPoolExecutor.java:1149)
	at java.util.concurrent.ThreadPoolExecutor$Worker.run(ThreadPoolExecutor.java:624)
	at java.lang.Thread.run(Thread.java:748)
2019-10-02 05:49:51,698 [java.util.concurrent.ThreadPoolExecutor$Worker@2b836561[State = -1, empty queue]] WARN  util.TimeoutScheduler (LogUtils.java:runAndLog(55)) - Failed to task #0: java.lang.NullPointerException
2019-10-02 05:49:55,727 [java.util.concurrent.ThreadPoolExecutor$Worker@76879590[State = -1, empty queue]] ERROR client.GrpcClientProtocolClient (GrpcClientProtocolClient.java:close(148)) - Unexpected exception while waiting for channel termination
java.lang.InterruptedException
	at java.util.concurrent.locks.AbstractQueuedSynchronizer.tryAcquireSharedNanos(AbstractQueuedSynchronizer.java:1326)
	at java.util.concurrent.CountDownLatch.await(CountDownLatch.java:277)
	at org.apache.ratis.thirdparty.io.grpc.internal.ManagedChannelImpl.awaitTermination(ManagedChannelImpl.java:763)
	at org.apache.ratis.thirdparty.io.grpc.internal.ForwardingManagedChannel.awaitTermination(ForwardingManagedChannel.java:57)
	at org.apache.ratis.thirdparty.io.grpc.internal.ManagedChannelOrphanWrapper.awaitTermination(ManagedChannelOrphanWrapper.java:70)
	at org.apache.ratis.grpc.client.GrpcClientProtocolClient.close(GrpcClientProtocolClient.java:146)
	at org.apache.ratis.util.PeerProxyMap$PeerAndProxy.lambda$close$1(PeerProxyMap.java:74)
	at org.apache.ratis.util.LifeCycle.lambda$checkStateAndClose$2(LifeCycle.java:231)
	at org.apache.ratis.util.LifeCycle.checkStateAndClose(LifeCycle.java:251)
	at org.apache.ratis.util.LifeCycle.checkStateAndClose(LifeCycle.java:229)
	at org.apache.ratis.util.PeerProxyMap$PeerAndProxy.close(PeerProxyMap.java:70)
	at org.apache.ratis.util.PeerProxyMap.resetProxy(PeerProxyMap.java:127)
	at org.apache.ratis.util.PeerProxyMap.handleException(PeerProxyMap.java:136)
	at org.apache.ratis.client.impl.RaftClientRpcWithProxy.handleException(RaftClientRpcWithProxy.java:47)
	at org.apache.ratis.client.impl.RaftClientImpl.handleIOException(RaftClientImpl.java:372)
	at org.apache.ratis.client.impl.OrderedAsync.lambda$sendRequest$10(OrderedAsync.java:236)
	at java.util.concurrent.CompletableFuture.uniExceptionally(CompletableFuture.java:870)
	at java.util.concurrent.CompletableFuture$UniExceptionally.tryFire(CompletableFuture.java:852)
	at java.util.concurrent.CompletableFuture.postComplete(CompletableFuture.java:474)
	at java.util.concurrent.CompletableFuture.completeExceptionally(CompletableFuture.java:1977)
	at org.apache.ratis.grpc.client.GrpcClientProtocolClient$AsyncStreamObservers.lambda$timeoutCheck$3(GrpcClientProtocolClient.java:324)
	at java.util.Optional.ifPresent(Optional.java:159)
	at org.apache.ratis.grpc.client.GrpcClientProtocolClient$AsyncStreamObservers.handleReplyFuture(GrpcClientProtocolClient.java:329)
	at org.apache.ratis.grpc.client.GrpcClientProtocolClient$AsyncStreamObservers.timeoutCheck(GrpcClientProtocolClient.java:324)
	at org.apache.ratis.grpc.client.GrpcClientProtocolClient$AsyncStreamObservers.lambda$onNext$1(GrpcClientProtocolClient.java:318)
	at org.apache.ratis.util.TimeoutScheduler.lambda$onTimeout$0(TimeoutScheduler.java:113)
	at org.apache.ratis.util.TimeoutScheduler.lambda$onTimeout$1(TimeoutScheduler.java:133)
	at org.apache.ratis.util.LogUtils.runAndLog(LogUtils.java:50)
	at org.apache.ratis.util.LogUtils$1.run(LogUtils.java:91)
	at java.util.concurrent.Executors$RunnableAdapter.call(Executors.java:511)
	at java.util.concurrent.FutureTask.run(FutureTask.java:266)
	at java.util.concurrent.ScheduledThreadPoolExecutor$ScheduledFutureTask.access$201(ScheduledThreadPoolExecutor.java:180)
	at java.util.concurrent.ScheduledThreadPoolExecutor$ScheduledFutureTask.run(ScheduledThreadPoolExecutor.java:293)
	at java.util.concurrent.ThreadPoolExecutor.runWorker(ThreadPoolExecutor.java:1149)
	at java.util.concurrent.ThreadPoolExecutor$Worker.run(ThreadPoolExecutor.java:624)
	at java.lang.Thread.run(Thread.java:748)
2019-10-02 05:49:55,729 [java.util.concurrent.ThreadPoolExecutor$Worker@76879590[State = -1, empty queue]] WARN  util.TimeoutScheduler (LogUtils.java:runAndLog(55)) - Failed to task #0: java.lang.NullPointerException
2019-10-02 05:49:59,756 [java.util.concurrent.ThreadPoolExecutor$Worker@5e978180[State = -1, empty queue]] ERROR client.GrpcClientProtocolClient (GrpcClientProtocolClient.java:close(148)) - Unexpected exception while waiting for channel termination
java.lang.InterruptedException
	at java.util.concurrent.locks.AbstractQueuedSynchronizer.tryAcquireSharedNanos(AbstractQueuedSynchronizer.java:1326)
	at java.util.concurrent.CountDownLatch.await(CountDownLatch.java:277)
	at org.apache.ratis.thirdparty.io.grpc.internal.ManagedChannelImpl.awaitTermination(ManagedChannelImpl.java:763)
	at org.apache.ratis.thirdparty.io.grpc.internal.ForwardingManagedChannel.awaitTermination(ForwardingManagedChannel.java:57)
	at org.apache.ratis.thirdparty.io.grpc.internal.ManagedChannelOrphanWrapper.awaitTermination(ManagedChannelOrphanWrapper.java:70)
	at org.apache.ratis.grpc.client.GrpcClientProtocolClient.close(GrpcClientProtocolClient.java:146)
	at org.apache.ratis.util.PeerProxyMap$PeerAndProxy.lambda$close$1(PeerProxyMap.java:74)
	at org.apache.ratis.util.LifeCycle.lambda$checkStateAndClose$2(LifeCycle.java:231)
	at org.apache.ratis.util.LifeCycle.checkStateAndClose(LifeCycle.java:251)
	at org.apache.ratis.util.LifeCycle.checkStateAndClose(LifeCycle.java:229)
	at org.apache.ratis.util.PeerProxyMap$PeerAndProxy.close(PeerProxyMap.java:70)
	at org.apache.ratis.util.PeerProxyMap.resetProxy(PeerProxyMap.java:127)
	at org.apache.ratis.util.PeerProxyMap.handleException(PeerProxyMap.java:136)
	at org.apache.ratis.client.impl.RaftClientRpcWithProxy.handleException(RaftClientRpcWithProxy.java:47)
	at org.apache.ratis.client.impl.RaftClientImpl.handleIOException(RaftClientImpl.java:372)
	at org.apache.ratis.client.impl.OrderedAsync.lambda$sendRequest$10(OrderedAsync.java:236)
	at java.util.concurrent.CompletableFuture.uniExceptionally(CompletableFuture.java:870)
	at java.util.concurrent.CompletableFuture$UniExceptionally.tryFire(CompletableFuture.java:852)
	at java.util.concurrent.CompletableFuture.postComplete(CompletableFuture.java:474)
	at java.util.concurrent.CompletableFuture.completeExceptionally(CompletableFuture.java:1977)
	at org.apache.ratis.grpc.client.GrpcClientProtocolClient$AsyncStreamObservers.lambda$timeoutCheck$3(GrpcClientProtocolClient.java:324)
	at java.util.Optional.ifPresent(Optional.java:159)
	at org.apache.ratis.grpc.client.GrpcClientProtocolClient$AsyncStreamObservers.handleReplyFuture(GrpcClientProtocolClient.java:329)
	at org.apache.ratis.grpc.client.GrpcClientProtocolClient$AsyncStreamObservers.timeoutCheck(GrpcClientProtocolClient.java:324)
	at org.apache.ratis.grpc.client.GrpcClientProtocolClient$AsyncStreamObservers.lambda$onNext$1(GrpcClientProtocolClient.java:318)
	at org.apache.ratis.util.TimeoutScheduler.lambda$onTimeout$0(TimeoutScheduler.java:113)
	at org.apache.ratis.util.TimeoutScheduler.lambda$onTimeout$1(TimeoutScheduler.java:133)
	at org.apache.ratis.util.LogUtils.runAndLog(LogUtils.java:50)
	at org.apache.ratis.util.LogUtils$1.run(LogUtils.java:91)
	at java.util.concurrent.Executors$RunnableAdapter.call(Executors.java:511)
	at java.util.concurrent.FutureTask.run(FutureTask.java:266)
	at java.util.concurrent.ScheduledThreadPoolExecutor$ScheduledFutureTask.access$201(ScheduledThreadPoolExecutor.java:180)
	at java.util.concurrent.ScheduledThreadPoolExecutor$ScheduledFutureTask.run(ScheduledThreadPoolExecutor.java:293)
	at java.util.concurrent.ThreadPoolExecutor.runWorker(ThreadPoolExecutor.java:1149)
	at java.util.concurrent.ThreadPoolExecutor$Worker.run(ThreadPoolExecutor.java:624)
	at java.lang.Thread.run(Thread.java:748)
2019-10-02 05:49:59,762 [java.util.concurrent.ThreadPoolExecutor$Worker@5e978180[State = -1, empty queue]] WARN  util.TimeoutScheduler (LogUtils.java:runAndLog(55)) - Failed to task #0: java.lang.NullPointerException
2019-10-02 05:50:03,794 [java.util.concurrent.ThreadPoolExecutor$Worker@303f3855[State = -1, empty queue]] ERROR client.GrpcClientProtocolClient (GrpcClientProtocolClient.java:close(148)) - Unexpected exception while waiting for channel termination
java.lang.InterruptedException
	at java.util.concurrent.locks.AbstractQueuedSynchronizer.tryAcquireSharedNanos(AbstractQueuedSynchronizer.java:1326)
	at java.util.concurrent.CountDownLatch.await(CountDownLatch.java:277)
	at org.apache.ratis.thirdparty.io.grpc.internal.ManagedChannelImpl.awaitTermination(ManagedChannelImpl.java:763)
	at org.apache.ratis.thirdparty.io.grpc.internal.ForwardingManagedChannel.awaitTermination(ForwardingManagedChannel.java:57)
	at org.apache.ratis.thirdparty.io.grpc.internal.ManagedChannelOrphanWrapper.awaitTermination(ManagedChannelOrphanWrapper.java:70)
	at org.apache.ratis.grpc.client.GrpcClientProtocolClient.close(GrpcClientProtocolClient.java:146)
	at org.apache.ratis.util.PeerProxyMap$PeerAndProxy.lambda$close$1(PeerProxyMap.java:74)
	at org.apache.ratis.util.LifeCycle.lambda$checkStateAndClose$2(LifeCycle.java:231)
	at org.apache.ratis.util.LifeCycle.checkStateAndClose(LifeCycle.java:251)
	at org.apache.ratis.util.LifeCycle.checkStateAndClose(LifeCycle.java:229)
	at org.apache.ratis.util.PeerProxyMap$PeerAndProxy.close(PeerProxyMap.java:70)
	at org.apache.ratis.util.PeerProxyMap.resetProxy(PeerProxyMap.java:127)
	at org.apache.ratis.util.PeerProxyMap.handleException(PeerProxyMap.java:136)
	at org.apache.ratis.client.impl.RaftClientRpcWithProxy.handleException(RaftClientRpcWithProxy.java:47)
	at org.apache.ratis.client.impl.RaftClientImpl.handleIOException(RaftClientImpl.java:372)
	at org.apache.ratis.client.impl.OrderedAsync.lambda$sendRequest$10(OrderedAsync.java:236)
	at java.util.concurrent.CompletableFuture.uniExceptionally(CompletableFuture.java:870)
	at java.util.concurrent.CompletableFuture$UniExceptionally.tryFire(CompletableFuture.java:852)
	at java.util.concurrent.CompletableFuture.postComplete(CompletableFuture.java:474)
	at java.util.concurrent.CompletableFuture.completeExceptionally(CompletableFuture.java:1977)
	at org.apache.ratis.grpc.client.GrpcClientProtocolClient$AsyncStreamObservers.lambda$timeoutCheck$3(GrpcClientProtocolClient.java:324)
	at java.util.Optional.ifPresent(Optional.java:159)
	at org.apache.ratis.grpc.client.GrpcClientProtocolClient$AsyncStreamObservers.handleReplyFuture(GrpcClientProtocolClient.java:329)
	at org.apache.ratis.grpc.client.GrpcClientProtocolClient$AsyncStreamObservers.timeoutCheck(GrpcClientProtocolClient.java:324)
	at org.apache.ratis.grpc.client.GrpcClientProtocolClient$AsyncStreamObservers.lambda$onNext$1(GrpcClientProtocolClient.java:318)
	at org.apache.ratis.util.TimeoutScheduler.lambda$onTimeout$0(TimeoutScheduler.java:113)
	at org.apache.ratis.util.TimeoutScheduler.lambda$onTimeout$1(TimeoutScheduler.java:133)
	at org.apache.ratis.util.LogUtils.runAndLog(LogUtils.java:50)
	at org.apache.ratis.util.LogUtils$1.run(LogUtils.java:91)
	at java.util.concurrent.Executors$RunnableAdapter.call(Executors.java:511)
	at java.util.concurrent.FutureTask.run(FutureTask.java:266)
	at java.util.concurrent.ScheduledThreadPoolExecutor$ScheduledFutureTask.access$201(ScheduledThreadPoolExecutor.java:180)
	at java.util.concurrent.ScheduledThreadPoolExecutor$ScheduledFutureTask.run(ScheduledThreadPoolExecutor.java:293)
	at java.util.concurrent.ThreadPoolExecutor.runWorker(ThreadPoolExecutor.java:1149)
	at java.util.concurrent.ThreadPoolExecutor$Worker.run(ThreadPoolExecutor.java:624)
	at java.lang.Thread.run(Thread.java:748)
2019-10-02 05:50:03,796 [java.util.concurrent.ThreadPoolExecutor$Worker@303f3855[State = -1, empty queue]] WARN  util.TimeoutScheduler (LogUtils.java:runAndLog(55)) - Failed to task #0: java.lang.NullPointerException
2019-10-02 05:50:07,835 [java.util.concurrent.ThreadPoolExecutor$Worker@79c1fca1[State = -1, empty queue]] ERROR client.GrpcClientProtocolClient (GrpcClientProtocolClient.java:close(148)) - Unexpected exception while waiting for channel termination
java.lang.InterruptedException
	at java.util.concurrent.locks.AbstractQueuedSynchronizer.tryAcquireSharedNanos(AbstractQueuedSynchronizer.java:1326)
	at java.util.concurrent.CountDownLatch.await(CountDownLatch.java:277)
	at org.apache.ratis.thirdparty.io.grpc.internal.ManagedChannelImpl.awaitTermination(ManagedChannelImpl.java:763)
	at org.apache.ratis.thirdparty.io.grpc.internal.ForwardingManagedChannel.awaitTermination(ForwardingManagedChannel.java:57)
	at org.apache.ratis.thirdparty.io.grpc.internal.ManagedChannelOrphanWrapper.awaitTermination(ManagedChannelOrphanWrapper.java:70)
	at org.apache.ratis.grpc.client.GrpcClientProtocolClient.close(GrpcClientProtocolClient.java:146)
	at org.apache.ratis.util.PeerProxyMap$PeerAndProxy.lambda$close$1(PeerProxyMap.java:74)
	at org.apache.ratis.util.LifeCycle.lambda$checkStateAndClose$2(LifeCycle.java:231)
	at org.apache.ratis.util.LifeCycle.checkStateAndClose(LifeCycle.java:251)
	at org.apache.ratis.util.LifeCycle.checkStateAndClose(LifeCycle.java:229)
	at org.apache.ratis.util.PeerProxyMap$PeerAndProxy.close(PeerProxyMap.java:70)
	at org.apache.ratis.util.PeerProxyMap.resetProxy(PeerProxyMap.java:127)
	at org.apache.ratis.util.PeerProxyMap.handleException(PeerProxyMap.java:136)
	at org.apache.ratis.client.impl.RaftClientRpcWithProxy.handleException(RaftClientRpcWithProxy.java:47)
	at org.apache.ratis.client.impl.RaftClientImpl.handleIOException(RaftClientImpl.java:372)
	at org.apache.ratis.client.impl.OrderedAsync.lambda$sendRequest$10(OrderedAsync.java:236)
	at java.util.concurrent.CompletableFuture.uniExceptionally(CompletableFuture.java:870)
	at java.util.concurrent.CompletableFuture$UniExceptionally.tryFire(CompletableFuture.java:852)
	at java.util.concurrent.CompletableFuture.postComplete(CompletableFuture.java:474)
	at java.util.concurrent.CompletableFuture.completeExceptionally(CompletableFuture.java:1977)
	at org.apache.ratis.grpc.client.GrpcClientProtocolClient$AsyncStreamObservers.lambda$timeoutCheck$3(GrpcClientProtocolClient.java:324)
	at java.util.Optional.ifPresent(Optional.java:159)
	at org.apache.ratis.grpc.client.GrpcClientProtocolClient$AsyncStreamObservers.handleReplyFuture(GrpcClientProtocolClient.java:329)
	at org.apache.ratis.grpc.client.GrpcClientProtocolClient$AsyncStreamObservers.timeoutCheck(GrpcClientProtocolClient.java:324)
	at org.apache.ratis.grpc.client.GrpcClientProtocolClient$AsyncStreamObservers.lambda$onNext$1(GrpcClientProtocolClient.java:318)
	at org.apache.ratis.util.TimeoutScheduler.lambda$onTimeout$0(TimeoutScheduler.java:113)
	at org.apache.ratis.util.TimeoutScheduler.lambda$onTimeout$1(TimeoutScheduler.java:133)
	at org.apache.ratis.util.LogUtils.runAndLog(LogUtils.java:50)
	at org.apache.ratis.util.LogUtils$1.run(LogUtils.java:91)
	at java.util.concurrent.Executors$RunnableAdapter.call(Executors.java:511)
	at java.util.concurrent.FutureTask.run(FutureTask.java:266)
	at java.util.concurrent.ScheduledThreadPoolExecutor$ScheduledFutureTask.access$201(ScheduledThreadPoolExecutor.java:180)
	at java.util.concurrent.ScheduledThreadPoolExecutor$ScheduledFutureTask.run(ScheduledThreadPoolExecutor.java:293)
	at java.util.concurrent.ThreadPoolExecutor.runWorker(ThreadPoolExecutor.java:1149)
	at java.util.concurrent.ThreadPoolExecutor$Worker.run(ThreadPoolExecutor.java:624)
	at java.lang.Thread.run(Thread.java:748)
2019-10-02 05:50:07,837 [java.util.concurrent.ThreadPoolExecutor$Worker@79c1fca1[State = -1, empty queue]] WARN  util.TimeoutScheduler (LogUtils.java:runAndLog(55)) - Failed to task #0: java.lang.NullPointerException
2019-10-02 05:50:11,866 [java.util.concurrent.ThreadPoolExecutor$Worker@756b2514[State = -1, empty queue]] ERROR client.GrpcClientProtocolClient (GrpcClientProtocolClient.java:close(148)) - Unexpected exception while waiting for channel termination
java.lang.InterruptedException
	at java.util.concurrent.locks.AbstractQueuedSynchronizer.tryAcquireSharedNanos(AbstractQueuedSynchronizer.java:1326)
	at java.util.concurrent.CountDownLatch.await(CountDownLatch.java:277)
	at org.apache.ratis.thirdparty.io.grpc.internal.ManagedChannelImpl.awaitTermination(ManagedChannelImpl.java:763)
	at org.apache.ratis.thirdparty.io.grpc.internal.ForwardingManagedChannel.awaitTermination(ForwardingManagedChannel.java:57)
	at org.apache.ratis.thirdparty.io.grpc.internal.ManagedChannelOrphanWrapper.awaitTermination(ManagedChannelOrphanWrapper.java:70)
	at org.apache.ratis.grpc.client.GrpcClientProtocolClient.close(GrpcClientProtocolClient.java:146)
	at org.apache.ratis.util.PeerProxyMap$PeerAndProxy.lambda$close$1(PeerProxyMap.java:74)
	at org.apache.ratis.util.LifeCycle.lambda$checkStateAndClose$2(LifeCycle.java:231)
	at org.apache.ratis.util.LifeCycle.checkStateAndClose(LifeCycle.java:251)
	at org.apache.ratis.util.LifeCycle.checkStateAndClose(LifeCycle.java:229)
	at org.apache.ratis.util.PeerProxyMap$PeerAndProxy.close(PeerProxyMap.java:70)
	at org.apache.ratis.util.PeerProxyMap.resetProxy(PeerProxyMap.java:127)
	at org.apache.ratis.util.PeerProxyMap.handleException(PeerProxyMap.java:136)
	at org.apache.ratis.client.impl.RaftClientRpcWithProxy.handleException(RaftClientRpcWithProxy.java:47)
	at org.apache.ratis.client.impl.RaftClientImpl.handleIOException(RaftClientImpl.java:372)
	at org.apache.ratis.client.impl.OrderedAsync.lambda$sendRequest$10(OrderedAsync.java:236)
	at java.util.concurrent.CompletableFuture.uniExceptionally(CompletableFuture.java:870)
	at java.util.concurrent.CompletableFuture$UniExceptionally.tryFire(CompletableFuture.java:852)
	at java.util.concurrent.CompletableFuture.postComplete(CompletableFuture.java:474)
	at java.util.concurrent.CompletableFuture.completeExceptionally(CompletableFuture.java:1977)
	at org.apache.ratis.grpc.client.GrpcClientProtocolClient$AsyncStreamObservers.lambda$timeoutCheck$3(GrpcClientProtocolClient.java:324)
	at java.util.Optional.ifPresent(Optional.java:159)
	at org.apache.ratis.grpc.client.GrpcClientProtocolClient$AsyncStreamObservers.handleReplyFuture(GrpcClientProtocolClient.java:329)
	at org.apache.ratis.grpc.client.GrpcClientProtocolClient$AsyncStreamObservers.timeoutCheck(GrpcClientProtocolClient.java:324)
	at org.apache.ratis.grpc.client.GrpcClientProtocolClient$AsyncStreamObservers.lambda$onNext$1(GrpcClientProtocolClient.java:318)
	at org.apache.ratis.util.TimeoutScheduler.lambda$onTimeout$0(TimeoutScheduler.java:113)
	at org.apache.ratis.util.TimeoutScheduler.lambda$onTimeout$1(TimeoutScheduler.java:133)
	at org.apache.ratis.util.LogUtils.runAndLog(LogUtils.java:50)
	at org.apache.ratis.util.LogUtils$1.run(LogUtils.java:91)
	at java.util.concurrent.Executors$RunnableAdapter.call(Executors.java:511)
	at java.util.concurrent.FutureTask.run(FutureTask.java:266)
	at java.util.concurrent.ScheduledThreadPoolExecutor$ScheduledFutureTask.access$201(ScheduledThreadPoolExecutor.java:180)
	at java.util.concurrent.ScheduledThreadPoolExecutor$ScheduledFutureTask.run(ScheduledThreadPoolExecutor.java:293)
	at java.util.concurrent.ThreadPoolExecutor.runWorker(ThreadPoolExecutor.java:1149)
	at java.util.concurrent.ThreadPoolExecutor$Worker.run(ThreadPoolExecutor.java:624)
	at java.lang.Thread.run(Thread.java:748)
2019-10-02 05:50:11,869 [java.util.concurrent.ThreadPoolExecutor$Worker@756b2514[State = -1, empty queue]] WARN  util.TimeoutScheduler (LogUtils.java:runAndLog(55)) - Failed to task #0: java.lang.NullPointerException
2019-10-02 05:50:13,305 [grpc-default-executor-5] INFO  impl.RaftServerProxy (RaftServerProxy.java:addNew(89)) - a7e49ec6-0391-473f-af1f-b7ebe60d9c8d: addNew group-162651713817:[d31a379a-b462-4e23-84c2-f59667e5dc0b:192.168.164.250:33498, 8b099941-e94c-4d44-b111-fee9636cc34f:192.168.164.250:43588, a7e49ec6-0391-473f-af1f-b7ebe60d9c8d:192.168.164.250:41993] returns group-162651713817:java.util.concurrent.CompletableFuture@7f3a0a64[Not completed]
2019-10-02 05:50:13,305 [grpc-default-executor-6] INFO  impl.RaftServerProxy (RaftServerProxy.java:addNew(89)) - d31a379a-b462-4e23-84c2-f59667e5dc0b: addNew group-162651713817:[d31a379a-b462-4e23-84c2-f59667e5dc0b:192.168.164.250:33498, 8b099941-e94c-4d44-b111-fee9636cc34f:192.168.164.250:43588, a7e49ec6-0391-473f-af1f-b7ebe60d9c8d:192.168.164.250:41993] returns group-162651713817:java.util.concurrent.CompletableFuture@2001584b[Not completed]
2019-10-02 05:50:13,305 [grpc-default-executor-4] INFO  impl.RaftServerProxy (RaftServerProxy.java:addNew(89)) - 8b099941-e94c-4d44-b111-fee9636cc34f: addNew group-162651713817:[d31a379a-b462-4e23-84c2-f59667e5dc0b:192.168.164.250:33498, 8b099941-e94c-4d44-b111-fee9636cc34f:192.168.164.250:43588, a7e49ec6-0391-473f-af1f-b7ebe60d9c8d:192.168.164.250:41993] returns group-162651713817:java.util.concurrent.CompletableFuture@619bbda9[Not completed]
2019-10-02 05:50:13,307 [pool-37-thread-1] INFO  impl.RaftServerImpl (RaftServerImpl.java:<init>(95)) - d31a379a-b462-4e23-84c2-f59667e5dc0b: new RaftServerImpl for group-162651713817:[d31a379a-b462-4e23-84c2-f59667e5dc0b:192.168.164.250:33498, 8b099941-e94c-4d44-b111-fee9636cc34f:192.168.164.250:43588, a7e49ec6-0391-473f-af1f-b7ebe60d9c8d:192.168.164.250:41993] with ContainerStateMachine:uninitialized
2019-10-02 05:50:13,308 [pool-37-thread-1] INFO  server.RaftServerConfigKeys (ConfUtils.java:logGet(43)) - raft.server.rpc.timeout.min = 5s (custom)
2019-10-02 05:50:13,308 [pool-37-thread-1] INFO  server.RaftServerConfigKeys (ConfUtils.java:logGet(43)) - raft.server.rpc.timeout.max = 5200ms (custom)
2019-10-02 05:50:13,308 [pool-37-thread-1] INFO  server.RaftServerConfigKeys (ConfUtils.java:logGet(43)) - raft.server.rpcslowness.timeout = 120s (custom)
2019-10-02 05:50:13,308 [pool-37-thread-1] INFO  server.RaftServerConfigKeys (ConfUtils.java:logGet(43)) - raft.server.sleep.deviation.threshold = 300 (default)
2019-10-02 05:50:13,308 [pool-37-thread-1] INFO  server.RaftServerConfigKeys (ConfUtils.java:logGet(43)) - raft.server.log.appender.install.snapshot.enabled = false (custom)
2019-10-02 05:50:13,308 [pool-37-thread-1] INFO  impl.RaftServerImpl (ServerState.java:<init>(103)) - d31a379a-b462-4e23-84c2-f59667e5dc0b@group-162651713817: ConfigurationManager, init=-1: [d31a379a-b462-4e23-84c2-f59667e5dc0b:192.168.164.250:33498, 8b099941-e94c-4d44-b111-fee9636cc34f:192.168.164.250:43588, a7e49ec6-0391-473f-af1f-b7ebe60d9c8d:192.168.164.250:41993], old=null, confs=<EMPTY_MAP>
2019-10-02 05:50:13,308 [pool-67-thread-1] INFO  impl.RaftServerImpl (RaftServerImpl.java:<init>(95)) - 8b099941-e94c-4d44-b111-fee9636cc34f: new RaftServerImpl for group-162651713817:[d31a379a-b462-4e23-84c2-f59667e5dc0b:192.168.164.250:33498, 8b099941-e94c-4d44-b111-fee9636cc34f:192.168.164.250:43588, a7e49ec6-0391-473f-af1f-b7ebe60d9c8d:192.168.164.250:41993] with ContainerStateMachine:uninitialized
2019-10-02 05:50:13,309 [pool-37-thread-1] INFO  server.RaftServerConfigKeys (ConfUtils.java:logGet(43)) - raft.server.storage.dir = [/workdir/hadoop-ozone/integration-test/target/test-dir/MiniOzoneClusterImpl-96702981-7b9c-49f5-b2c8-8280b9e400ec/datanode-1/data/ratis] (custom)
2019-10-02 05:50:13,309 [pool-67-thread-1] INFO  server.RaftServerConfigKeys (ConfUtils.java:logGet(43)) - raft.server.rpc.timeout.min = 5s (custom)
2019-10-02 05:50:13,309 [pool-67-thread-1] INFO  server.RaftServerConfigKeys (ConfUtils.java:logGet(43)) - raft.server.rpc.timeout.max = 5200ms (custom)
2019-10-02 05:50:13,309 [pool-37-thread-1] INFO  server.RaftServerConfigKeys (ConfUtils.java:logGet(43)) - raft.server.log.corruption.policy = EXCEPTION (default)
2019-10-02 05:50:13,309 [pool-67-thread-1] INFO  server.RaftServerConfigKeys (ConfUtils.java:logGet(43)) - raft.server.rpcslowness.timeout = 120s (custom)
2019-10-02 05:50:13,309 [pool-37-thread-1] INFO  storage.RaftStorageDirectory (RaftStorageDirectory.java:analyzeStorage(246)) - The storage directory /workdir/hadoop-ozone/integration-test/target/test-dir/MiniOzoneClusterImpl-96702981-7b9c-49f5-b2c8-8280b9e400ec/datanode-1/data/ratis/38027c29-ad20-4e29-8b05-162651713817 does not exist. Creating ...
2019-10-02 05:50:13,309 [pool-67-thread-1] INFO  server.RaftServerConfigKeys (ConfUtils.java:logGet(43)) - raft.server.sleep.deviation.threshold = 300 (default)
2019-10-02 05:50:13,310 [pool-67-thread-1] INFO  server.RaftServerConfigKeys (ConfUtils.java:logGet(43)) - raft.server.log.appender.install.snapshot.enabled = false (custom)
2019-10-02 05:50:13,310 [pool-67-thread-1] INFO  impl.RaftServerImpl (ServerState.java:<init>(103)) - 8b099941-e94c-4d44-b111-fee9636cc34f@group-162651713817: ConfigurationManager, init=-1: [d31a379a-b462-4e23-84c2-f59667e5dc0b:192.168.164.250:33498, 8b099941-e94c-4d44-b111-fee9636cc34f:192.168.164.250:43588, a7e49ec6-0391-473f-af1f-b7ebe60d9c8d:192.168.164.250:41993], old=null, confs=<EMPTY_MAP>
2019-10-02 05:50:13,310 [pool-27-thread-1] INFO  impl.RaftServerImpl (RaftServerImpl.java:<init>(95)) - a7e49ec6-0391-473f-af1f-b7ebe60d9c8d: new RaftServerImpl for group-162651713817:[d31a379a-b462-4e23-84c2-f59667e5dc0b:192.168.164.250:33498, 8b099941-e94c-4d44-b111-fee9636cc34f:192.168.164.250:43588, a7e49ec6-0391-473f-af1f-b7ebe60d9c8d:192.168.164.250:41993] with ContainerStateMachine:uninitialized
2019-10-02 05:50:13,310 [pool-67-thread-1] INFO  server.RaftServerConfigKeys (ConfUtils.java:logGet(43)) - raft.server.storage.dir = [/workdir/hadoop-ozone/integration-test/target/test-dir/MiniOzoneClusterImpl-96702981-7b9c-49f5-b2c8-8280b9e400ec/datanode-4/data/ratis] (custom)
2019-10-02 05:50:13,310 [pool-27-thread-1] INFO  server.RaftServerConfigKeys (ConfUtils.java:logGet(43)) - raft.server.rpc.timeout.min = 5s (custom)
2019-10-02 05:50:13,311 [pool-67-thread-1] INFO  server.RaftServerConfigKeys (ConfUtils.java:logGet(43)) - raft.server.log.corruption.policy = EXCEPTION (default)
2019-10-02 05:50:13,311 [pool-27-thread-1] INFO  server.RaftServerConfigKeys (ConfUtils.java:logGet(43)) - raft.server.rpc.timeout.max = 5200ms (custom)
2019-10-02 05:50:13,311 [pool-67-thread-1] INFO  storage.RaftStorageDirectory (RaftStorageDirectory.java:analyzeStorage(246)) - The storage directory /workdir/hadoop-ozone/integration-test/target/test-dir/MiniOzoneClusterImpl-96702981-7b9c-49f5-b2c8-8280b9e400ec/datanode-4/data/ratis/38027c29-ad20-4e29-8b05-162651713817 does not exist. Creating ...
2019-10-02 05:50:13,311 [pool-27-thread-1] INFO  server.RaftServerConfigKeys (ConfUtils.java:logGet(43)) - raft.server.rpcslowness.timeout = 120s (custom)
2019-10-02 05:50:13,311 [pool-27-thread-1] INFO  server.RaftServerConfigKeys (ConfUtils.java:logGet(43)) - raft.server.sleep.deviation.threshold = 300 (default)
2019-10-02 05:50:13,311 [pool-27-thread-1] INFO  server.RaftServerConfigKeys (ConfUtils.java:logGet(43)) - raft.server.log.appender.install.snapshot.enabled = false (custom)
2019-10-02 05:50:13,312 [pool-27-thread-1] INFO  impl.RaftServerImpl (ServerState.java:<init>(103)) - a7e49ec6-0391-473f-af1f-b7ebe60d9c8d@group-162651713817: ConfigurationManager, init=-1: [d31a379a-b462-4e23-84c2-f59667e5dc0b:192.168.164.250:33498, 8b099941-e94c-4d44-b111-fee9636cc34f:192.168.164.250:43588, a7e49ec6-0391-473f-af1f-b7ebe60d9c8d:192.168.164.250:41993], old=null, confs=<EMPTY_MAP>
2019-10-02 05:50:13,312 [pool-27-thread-1] INFO  server.RaftServerConfigKeys (ConfUtils.java:logGet(43)) - raft.server.storage.dir = [/workdir/hadoop-ozone/integration-test/target/test-dir/MiniOzoneClusterImpl-96702981-7b9c-49f5-b2c8-8280b9e400ec/datanode-0/data/ratis] (custom)
2019-10-02 05:50:13,312 [pool-27-thread-1] INFO  server.RaftServerConfigKeys (ConfUtils.java:logGet(43)) - raft.server.log.corruption.policy = EXCEPTION (default)
2019-10-02 05:50:13,312 [pool-27-thread-1] INFO  storage.RaftStorageDirectory (RaftStorageDirectory.java:analyzeStorage(246)) - The storage directory /workdir/hadoop-ozone/integration-test/target/test-dir/MiniOzoneClusterImpl-96702981-7b9c-49f5-b2c8-8280b9e400ec/datanode-0/data/ratis/38027c29-ad20-4e29-8b05-162651713817 does not exist. Creating ...
2019-10-02 05:50:13,323 [pool-67-thread-1] INFO  storage.RaftStorageDirectory (RaftStorageDirectory.java:tryLock(328)) - Lock on /workdir/hadoop-ozone/integration-test/target/test-dir/MiniOzoneClusterImpl-96702981-7b9c-49f5-b2c8-8280b9e400ec/datanode-4/data/ratis/38027c29-ad20-4e29-8b05-162651713817/in_use.lock acquired by nodename 32484@pr-trunk-p5fv4-2201032288
2019-10-02 05:50:13,323 [pool-37-thread-1] INFO  storage.RaftStorageDirectory (RaftStorageDirectory.java:tryLock(328)) - Lock on /workdir/hadoop-ozone/integration-test/target/test-dir/MiniOzoneClusterImpl-96702981-7b9c-49f5-b2c8-8280b9e400ec/datanode-1/data/ratis/38027c29-ad20-4e29-8b05-162651713817/in_use.lock acquired by nodename 32484@pr-trunk-p5fv4-2201032288
2019-10-02 05:50:13,323 [pool-27-thread-1] INFO  storage.RaftStorageDirectory (RaftStorageDirectory.java:tryLock(328)) - Lock on /workdir/hadoop-ozone/integration-test/target/test-dir/MiniOzoneClusterImpl-96702981-7b9c-49f5-b2c8-8280b9e400ec/datanode-0/data/ratis/38027c29-ad20-4e29-8b05-162651713817/in_use.lock acquired by nodename 32484@pr-trunk-p5fv4-2201032288
2019-10-02 05:50:13,337 [pool-27-thread-1] INFO  storage.RaftStorage (RaftStorage.java:format(84)) - Storage directory /workdir/hadoop-ozone/integration-test/target/test-dir/MiniOzoneClusterImpl-96702981-7b9c-49f5-b2c8-8280b9e400ec/datanode-0/data/ratis/38027c29-ad20-4e29-8b05-162651713817 has been successfully formatted.
2019-10-02 05:50:13,337 [pool-67-thread-1] INFO  storage.RaftStorage (RaftStorage.java:format(84)) - Storage directory /workdir/hadoop-ozone/integration-test/target/test-dir/MiniOzoneClusterImpl-96702981-7b9c-49f5-b2c8-8280b9e400ec/datanode-4/data/ratis/38027c29-ad20-4e29-8b05-162651713817 has been successfully formatted.
2019-10-02 05:50:13,337 [pool-37-thread-1] INFO  storage.RaftStorage (RaftStorage.java:format(84)) - Storage directory /workdir/hadoop-ozone/integration-test/target/test-dir/MiniOzoneClusterImpl-96702981-7b9c-49f5-b2c8-8280b9e400ec/datanode-1/data/ratis/38027c29-ad20-4e29-8b05-162651713817 has been successfully formatted.
2019-10-02 05:50:13,338 [pool-27-thread-1] INFO  ratis.ContainerStateMachine (ContainerStateMachine.java:loadSnapshot(231)) - group-162651713817: The snapshot info is null. Setting the last applied indexto:(t:0, i:~)
2019-10-02 05:50:13,338 [pool-37-thread-1] INFO  ratis.ContainerStateMachine (ContainerStateMachine.java:loadSnapshot(231)) - group-162651713817: The snapshot info is null. Setting the last applied indexto:(t:0, i:~)
2019-10-02 05:50:13,338 [pool-67-thread-1] INFO  ratis.ContainerStateMachine (ContainerStateMachine.java:loadSnapshot(231)) - group-162651713817: The snapshot info is null. Setting the last applied indexto:(t:0, i:~)
2019-10-02 05:50:13,338 [pool-37-thread-1] INFO  server.RaftServerConfigKeys (ConfUtils.java:logGet(43)) - raft.server.notification.no-leader.timeout = 120s (custom)
2019-10-02 05:50:13,338 [pool-27-thread-1] INFO  server.RaftServerConfigKeys (ConfUtils.java:logGet(43)) - raft.server.notification.no-leader.timeout = 120s (custom)
2019-10-02 05:50:13,338 [pool-37-thread-1] INFO  server.RaftServerConfigKeys (ConfUtils.java:logGet(43)) - raft.server.log.use.memory = false (default)
2019-10-02 05:50:13,338 [pool-67-thread-1] INFO  server.RaftServerConfigKeys (ConfUtils.java:logGet(43)) - raft.server.notification.no-leader.timeout = 120s (custom)
2019-10-02 05:50:13,338 [pool-37-thread-1] INFO  server.RaftServerConfigKeys (ConfUtils.java:logGet(43)) - raft.server.log.purge.gap = 1000000 (custom)
2019-10-02 05:50:13,338 [pool-27-thread-1] INFO  server.RaftServerConfigKeys (ConfUtils.java:logGet(43)) - raft.server.log.use.memory = false (default)
2019-10-02 05:50:13,339 [pool-37-thread-1] INFO  server.RaftServerConfigKeys (ConfUtils.java:logGet(43)) - raft.server.log.appender.buffer.byte-limit = 33554432 (custom)
2019-10-02 05:50:13,338 [pool-67-thread-1] INFO  server.RaftServerConfigKeys (ConfUtils.java:logGet(43)) - raft.server.log.use.memory = false (default)
2019-10-02 05:50:13,339 [pool-37-thread-1] INFO  server.RaftServerConfigKeys (ConfUtils.java:logGet(43)) - raft.server.log.segment.size.max = 1048576 (custom)
2019-10-02 05:50:13,339 [pool-27-thread-1] INFO  server.RaftServerConfigKeys (ConfUtils.java:logGet(43)) - raft.server.log.purge.gap = 1000000 (custom)
2019-10-02 05:50:13,339 [pool-37-thread-1] INFO  server.RaftServerConfigKeys (ConfUtils.java:logGet(43)) - raft.server.log.segment.cache.num.max = 2 (custom)
2019-10-02 05:50:13,339 [pool-67-thread-1] INFO  server.RaftServerConfigKeys (ConfUtils.java:logGet(43)) - raft.server.log.purge.gap = 1000000 (custom)
2019-10-02 05:50:13,339 [pool-37-thread-1] INFO  segmented.SegmentedRaftLogWorker (SegmentedRaftLogWorker.java:<init>(173)) - new d31a379a-b462-4e23-84c2-f59667e5dc0b@group-162651713817-SegmentedRaftLogWorker for RaftStorage:Storage Directory /workdir/hadoop-ozone/integration-test/target/test-dir/MiniOzoneClusterImpl-96702981-7b9c-49f5-b2c8-8280b9e400ec/datanode-1/data/ratis/38027c29-ad20-4e29-8b05-162651713817
2019-10-02 05:50:13,339 [pool-27-thread-1] INFO  server.RaftServerConfigKeys (ConfUtils.java:logGet(43)) - raft.server.log.appender.buffer.byte-limit = 33554432 (custom)
2019-10-02 05:50:13,340 [pool-37-thread-1] INFO  server.RaftServerConfigKeys (ConfUtils.java:logGet(43)) - raft.server.log.queue.byte-limit = 2147483647 (custom)
2019-10-02 05:50:13,339 [pool-67-thread-1] INFO  server.RaftServerConfigKeys (ConfUtils.java:logGet(43)) - raft.server.log.appender.buffer.byte-limit = 33554432 (custom)
2019-10-02 05:50:13,340 [pool-37-thread-1] INFO  server.RaftServerConfigKeys (ConfUtils.java:logGet(43)) - raft.server.log.queue.element-limit = 1024 (custom)
2019-10-02 05:50:13,340 [pool-27-thread-1] INFO  server.RaftServerConfigKeys (ConfUtils.java:logGet(43)) - raft.server.log.segment.size.max = 1048576 (custom)
2019-10-02 05:50:13,340 [pool-37-thread-1] INFO  server.RaftServerConfigKeys (ConfUtils.java:logGet(43)) - raft.server.log.segment.size.max = 1048576 (custom)
2019-10-02 05:50:13,340 [pool-67-thread-1] INFO  server.RaftServerConfigKeys (ConfUtils.java:logGet(43)) - raft.server.log.segment.size.max = 1048576 (custom)
2019-10-02 05:50:13,340 [pool-37-thread-1] INFO  server.RaftServerConfigKeys (ConfUtils.java:logGet(43)) - raft.server.log.preallocated.size = 16384 (custom)
2019-10-02 05:50:13,340 [pool-27-thread-1] INFO  server.RaftServerConfigKeys (ConfUtils.java:logGet(43)) - raft.server.log.segment.cache.num.max = 2 (custom)
2019-10-02 05:50:13,341 [pool-37-thread-1] INFO  server.RaftServerConfigKeys (ConfUtils.java:logGet(43)) - raft.server.log.write.buffer.size = 33554432 (custom)
2019-10-02 05:50:13,341 [pool-67-thread-1] INFO  server.RaftServerConfigKeys (ConfUtils.java:logGet(43)) - raft.server.log.segment.cache.num.max = 2 (custom)
2019-10-02 05:50:13,341 [pool-37-thread-1] INFO  server.RaftServerConfigKeys (ConfUtils.java:logGet(43)) - raft.server.log.force.sync.num = 128 (default)
2019-10-02 05:50:13,341 [pool-27-thread-1] INFO  segmented.SegmentedRaftLogWorker (SegmentedRaftLogWorker.java:<init>(173)) - new a7e49ec6-0391-473f-af1f-b7ebe60d9c8d@group-162651713817-SegmentedRaftLogWorker for RaftStorage:Storage Directory /workdir/hadoop-ozone/integration-test/target/test-dir/MiniOzoneClusterImpl-96702981-7b9c-49f5-b2c8-8280b9e400ec/datanode-0/data/ratis/38027c29-ad20-4e29-8b05-162651713817
2019-10-02 05:50:13,341 [pool-37-thread-1] INFO  server.RaftServerConfigKeys (ConfUtils.java:logGet(43)) - raft.server.log.statemachine.data.sync = true (default)
2019-10-02 05:50:13,341 [pool-67-thread-1] INFO  segmented.SegmentedRaftLogWorker (SegmentedRaftLogWorker.java:<init>(173)) - new 8b099941-e94c-4d44-b111-fee9636cc34f@group-162651713817-SegmentedRaftLogWorker for RaftStorage:Storage Directory /workdir/hadoop-ozone/integration-test/target/test-dir/MiniOzoneClusterImpl-96702981-7b9c-49f5-b2c8-8280b9e400ec/datanode-4/data/ratis/38027c29-ad20-4e29-8b05-162651713817
2019-10-02 05:50:13,341 [pool-37-thread-1] INFO  server.RaftServerConfigKeys (ConfUtils.java:logGet(43)) - raft.server.log.statemachine.data.sync.timeout = 10s (default)
2019-10-02 05:50:13,341 [pool-27-thread-1] INFO  server.RaftServerConfigKeys (ConfUtils.java:logGet(43)) - raft.server.log.queue.byte-limit = 2147483647 (custom)
2019-10-02 05:50:13,342 [pool-37-thread-1] INFO  server.RaftServerConfigKeys (ConfUtils.java:logGet(43)) - raft.server.log.statemachine.data.sync.timeout.retry = -1 (default)
2019-10-02 05:50:13,342 [pool-67-thread-1] INFO  server.RaftServerConfigKeys (ConfUtils.java:logGet(43)) - raft.server.log.queue.byte-limit = 2147483647 (custom)
2019-10-02 05:50:13,342 [pool-37-thread-1] INFO  server.RaftServerConfigKeys (ConfUtils.java:logGet(43)) - raft.server.log.statemachine.data.caching.enabled = true (custom)
2019-10-02 05:50:13,342 [pool-27-thread-1] INFO  server.RaftServerConfigKeys (ConfUtils.java:logGet(43)) - raft.server.log.queue.element-limit = 1024 (custom)
2019-10-02 05:50:13,342 [pool-67-thread-1] INFO  server.RaftServerConfigKeys (ConfUtils.java:logGet(43)) - raft.server.log.queue.element-limit = 1024 (custom)
2019-10-02 05:50:13,342 [pool-37-thread-1] INFO  segmented.SegmentedRaftLogWorker (SegmentedRaftLogWorker.java:lambda$new$0(128)) - d31a379a-b462-4e23-84c2-f59667e5dc0b@group-162651713817-SegmentedRaftLogWorker: flushIndex: setUnconditionally 0 -> -1
2019-10-02 05:50:13,342 [pool-27-thread-1] INFO  server.RaftServerConfigKeys (ConfUtils.java:logGet(43)) - raft.server.log.segment.size.max = 1048576 (custom)
2019-10-02 05:50:13,342 [pool-67-thread-1] INFO  server.RaftServerConfigKeys (ConfUtils.java:logGet(43)) - raft.server.log.segment.size.max = 1048576 (custom)
2019-10-02 05:50:13,343 [pool-37-thread-1] INFO  server.RaftServerConfigKeys (ConfUtils.java:logGet(43)) - raft.server.snapshot.auto.trigger.enabled = true (custom)
2019-10-02 05:50:13,343 [pool-27-thread-1] INFO  server.RaftServerConfigKeys (ConfUtils.java:logGet(43)) - raft.server.log.preallocated.size = 16384 (custom)
2019-10-02 05:50:13,343 [pool-37-thread-1] INFO  server.RaftServerConfigKeys (ConfUtils.java:logGet(43)) - raft.server.snapshot.auto.trigger.threshold = 10000 (custom)
2019-10-02 05:50:13,343 [pool-67-thread-1] INFO  server.RaftServerConfigKeys (ConfUtils.java:logGet(43)) - raft.server.log.preallocated.size = 16384 (custom)
2019-10-02 05:50:13,343 [pool-37-thread-1] INFO  server.RaftServerConfigKeys (ConfUtils.java:logGet(43)) - raft.server.snapshot.retention.file.num = 5 (custom)
2019-10-02 05:50:13,343 [pool-27-thread-1] INFO  server.RaftServerConfigKeys (ConfUtils.java:logGet(43)) - raft.server.log.write.buffer.size = 33554432 (custom)
2019-10-02 05:50:13,343 [pool-37-thread-1] INFO  server.RaftServerConfigKeys (ConfUtils.java:logGet(43)) - raft.server.retrycache.expirytime = 600000ms (custom)
2019-10-02 05:50:13,343 [pool-67-thread-1] INFO  server.RaftServerConfigKeys (ConfUtils.java:logGet(43)) - raft.server.log.write.buffer.size = 33554432 (custom)
2019-10-02 05:50:13,344 [pool-27-thread-1] INFO  server.RaftServerConfigKeys (ConfUtils.java:logGet(43)) - raft.server.log.force.sync.num = 128 (default)
2019-10-02 05:50:13,344 [pool-67-thread-1] INFO  server.RaftServerConfigKeys (ConfUtils.java:logGet(43)) - raft.server.log.force.sync.num = 128 (default)
2019-10-02 05:50:13,344 [pool-27-thread-1] INFO  server.RaftServerConfigKeys (ConfUtils.java:logGet(43)) - raft.server.log.statemachine.data.sync = true (default)
2019-10-02 05:50:13,344 [pool-67-thread-1] INFO  server.RaftServerConfigKeys (ConfUtils.java:logGet(43)) - raft.server.log.statemachine.data.sync = true (default)
2019-10-02 05:50:13,344 [pool-27-thread-1] INFO  server.RaftServerConfigKeys (ConfUtils.java:logGet(43)) - raft.server.log.statemachine.data.sync.timeout = 10s (default)
2019-10-02 05:50:13,344 [pool-67-thread-1] INFO  server.RaftServerConfigKeys (ConfUtils.java:logGet(43)) - raft.server.log.statemachine.data.sync.timeout = 10s (default)
2019-10-02 05:50:13,344 [pool-27-thread-1] INFO  server.RaftServerConfigKeys (ConfUtils.java:logGet(43)) - raft.server.log.statemachine.data.sync.timeout.retry = -1 (default)
2019-10-02 05:50:13,344 [pool-67-thread-1] INFO  server.RaftServerConfigKeys (ConfUtils.java:logGet(43)) - raft.server.log.statemachine.data.sync.timeout.retry = -1 (default)
2019-10-02 05:50:13,345 [pool-27-thread-1] INFO  server.RaftServerConfigKeys (ConfUtils.java:logGet(43)) - raft.server.log.statemachine.data.caching.enabled = true (custom)
2019-10-02 05:50:13,345 [pool-67-thread-1] INFO  server.RaftServerConfigKeys (ConfUtils.java:logGet(43)) - raft.server.log.statemachine.data.caching.enabled = true (custom)
2019-10-02 05:50:13,345 [pool-27-thread-1] INFO  segmented.SegmentedRaftLogWorker (SegmentedRaftLogWorker.java:lambda$new$0(128)) - a7e49ec6-0391-473f-af1f-b7ebe60d9c8d@group-162651713817-SegmentedRaftLogWorker: flushIndex: setUnconditionally 0 -> -1
2019-10-02 05:50:13,345 [pool-67-thread-1] INFO  segmented.SegmentedRaftLogWorker (SegmentedRaftLogWorker.java:lambda$new$0(128)) - 8b099941-e94c-4d44-b111-fee9636cc34f@group-162651713817-SegmentedRaftLogWorker: flushIndex: setUnconditionally 0 -> -1
2019-10-02 05:50:13,345 [pool-27-thread-1] INFO  server.RaftServerConfigKeys (ConfUtils.java:logGet(43)) - raft.server.snapshot.auto.trigger.enabled = true (custom)
2019-10-02 05:50:13,345 [pool-27-thread-1] INFO  server.RaftServerConfigKeys (ConfUtils.java:logGet(43)) - raft.server.snapshot.auto.trigger.threshold = 10000 (custom)
2019-10-02 05:50:13,345 [pool-67-thread-1] INFO  server.RaftServerConfigKeys (ConfUtils.java:logGet(43)) - raft.server.snapshot.auto.trigger.enabled = true (custom)
2019-10-02 05:50:13,345 [pool-27-thread-1] INFO  server.RaftServerConfigKeys (ConfUtils.java:logGet(43)) - raft.server.snapshot.retention.file.num = 5 (custom)
2019-10-02 05:50:13,346 [pool-67-thread-1] INFO  server.RaftServerConfigKeys (ConfUtils.java:logGet(43)) - raft.server.snapshot.auto.trigger.threshold = 10000 (custom)
2019-10-02 05:50:13,346 [pool-27-thread-1] INFO  server.RaftServerConfigKeys (ConfUtils.java:logGet(43)) - raft.server.retrycache.expirytime = 600000ms (custom)
2019-10-02 05:50:13,346 [pool-67-thread-1] INFO  server.RaftServerConfigKeys (ConfUtils.java:logGet(43)) - raft.server.snapshot.retention.file.num = 5 (custom)
2019-10-02 05:50:13,346 [pool-67-thread-1] INFO  server.RaftServerConfigKeys (ConfUtils.java:logGet(43)) - raft.server.retrycache.expirytime = 600000ms (custom)
2019-10-02 05:50:13,347 [pool-37-thread-1] INFO  impl.RaftServerImpl (RaftServerImpl.java:start(181)) - d31a379a-b462-4e23-84c2-f59667e5dc0b@group-162651713817: start as a follower, conf=-1: [d31a379a-b462-4e23-84c2-f59667e5dc0b:192.168.164.250:33498, 8b099941-e94c-4d44-b111-fee9636cc34f:192.168.164.250:43588, a7e49ec6-0391-473f-af1f-b7ebe60d9c8d:192.168.164.250:41993], old=null
2019-10-02 05:50:13,347 [pool-37-thread-1] INFO  impl.RaftServerImpl (RaftServerImpl.java:setRole(170)) - d31a379a-b462-4e23-84c2-f59667e5dc0b@group-162651713817: changes role from      null to FOLLOWER at term 0 for startAsFollower
2019-10-02 05:50:13,347 [pool-37-thread-1] INFO  impl.RoleInfo (RoleInfo.java:updateAndGet(143)) - d31a379a-b462-4e23-84c2-f59667e5dc0b: start FollowerState
2019-10-02 05:50:13,348 [pool-37-thread-1] INFO  util.JmxRegister (JmxRegister.java:tryRegister(44)) - Successfully registered JMX Bean with object name Ratis:service=RaftServer,group=group-162651713817,id=d31a379a-b462-4e23-84c2-f59667e5dc0b
2019-10-02 05:50:13,348 [pool-27-thread-1] INFO  impl.RaftServerImpl (RaftServerImpl.java:start(181)) - a7e49ec6-0391-473f-af1f-b7ebe60d9c8d@group-162651713817: start as a follower, conf=-1: [d31a379a-b462-4e23-84c2-f59667e5dc0b:192.168.164.250:33498, 8b099941-e94c-4d44-b111-fee9636cc34f:192.168.164.250:43588, a7e49ec6-0391-473f-af1f-b7ebe60d9c8d:192.168.164.250:41993], old=null
2019-10-02 05:50:13,348 [pool-27-thread-1] INFO  impl.RaftServerImpl (RaftServerImpl.java:setRole(170)) - a7e49ec6-0391-473f-af1f-b7ebe60d9c8d@group-162651713817: changes role from      null to FOLLOWER at term 0 for startAsFollower
2019-10-02 05:50:13,348 [pool-67-thread-1] INFO  impl.RaftServerImpl (RaftServerImpl.java:start(181)) - 8b099941-e94c-4d44-b111-fee9636cc34f@group-162651713817: start as a follower, conf=-1: [d31a379a-b462-4e23-84c2-f59667e5dc0b:192.168.164.250:33498, 8b099941-e94c-4d44-b111-fee9636cc34f:192.168.164.250:43588, a7e49ec6-0391-473f-af1f-b7ebe60d9c8d:192.168.164.250:41993], old=null
2019-10-02 05:50:13,348 [pool-27-thread-1] INFO  impl.RoleInfo (RoleInfo.java:updateAndGet(143)) - a7e49ec6-0391-473f-af1f-b7ebe60d9c8d: start FollowerState
2019-10-02 05:50:13,348 [pool-67-thread-1] INFO  impl.RaftServerImpl (RaftServerImpl.java:setRole(170)) - 8b099941-e94c-4d44-b111-fee9636cc34f@group-162651713817: changes role from      null to FOLLOWER at term 0 for startAsFollower
2019-10-02 05:50:13,349 [pool-27-thread-1] INFO  util.JmxRegister (JmxRegister.java:tryRegister(44)) - Successfully registered JMX Bean with object name Ratis:service=RaftServer,group=group-162651713817,id=a7e49ec6-0391-473f-af1f-b7ebe60d9c8d
2019-10-02 05:50:13,349 [pool-67-thread-1] INFO  impl.RoleInfo (RoleInfo.java:updateAndGet(143)) - 8b099941-e94c-4d44-b111-fee9636cc34f: start FollowerState
2019-10-02 05:50:13,349 [pool-67-thread-1] INFO  util.JmxRegister (JmxRegister.java:tryRegister(44)) - Successfully registered JMX Bean with object name Ratis:service=RaftServer,group=group-162651713817,id=8b099941-e94c-4d44-b111-fee9636cc34f
2019-10-02 05:50:13,359 [RatisPipelineUtilsThread] INFO  pipeline.PipelineStateManager (PipelineStateManager.java:addPipeline(56)) - Created pipeline Pipeline[ Id: 38027c29-ad20-4e29-8b05-162651713817, Nodes: a7e49ec6-0391-473f-af1f-b7ebe60d9c8d{ip: 192.168.164.250, host: pr-trunk-p5fv4-2201032288, networkLocation: /default-rack, certSerialId: null}d31a379a-b462-4e23-84c2-f59667e5dc0b{ip: 192.168.164.250, host: pr-trunk-p5fv4-2201032288, networkLocation: /default-rack, certSerialId: null}8b099941-e94c-4d44-b111-fee9636cc34f{ip: 192.168.164.250, host: pr-trunk-p5fv4-2201032288, networkLocation: /default-rack, certSerialId: null}, Type:RATIS, Factor:THREE, State:OPEN]
2019-10-02 05:50:15,899 [java.util.concurrent.ThreadPoolExecutor$Worker@7e1a240d[State = -1, empty queue]] ERROR client.GrpcClientProtocolClient (GrpcClientProtocolClient.java:close(148)) - Unexpected exception while waiting for channel termination
java.lang.InterruptedException
	at java.util.concurrent.locks.AbstractQueuedSynchronizer.tryAcquireSharedNanos(AbstractQueuedSynchronizer.java:1326)
	at java.util.concurrent.CountDownLatch.await(CountDownLatch.java:277)
	at org.apache.ratis.thirdparty.io.grpc.internal.ManagedChannelImpl.awaitTermination(ManagedChannelImpl.java:763)
	at org.apache.ratis.thirdparty.io.grpc.internal.ForwardingManagedChannel.awaitTermination(ForwardingManagedChannel.java:57)
	at org.apache.ratis.thirdparty.io.grpc.internal.ManagedChannelOrphanWrapper.awaitTermination(ManagedChannelOrphanWrapper.java:70)
	at org.apache.ratis.grpc.client.GrpcClientProtocolClient.close(GrpcClientProtocolClient.java:146)
	at org.apache.ratis.util.PeerProxyMap$PeerAndProxy.lambda$close$1(PeerProxyMap.java:74)
	at org.apache.ratis.util.LifeCycle.lambda$checkStateAndClose$2(LifeCycle.java:231)
	at org.apache.ratis.util.LifeCycle.checkStateAndClose(LifeCycle.java:251)
	at org.apache.ratis.util.LifeCycle.checkStateAndClose(LifeCycle.java:229)
	at org.apache.ratis.util.PeerProxyMap$PeerAndProxy.close(PeerProxyMap.java:70)
	at org.apache.ratis.util.PeerProxyMap.resetProxy(PeerProxyMap.java:127)
	at org.apache.ratis.util.PeerProxyMap.handleException(PeerProxyMap.java:136)
	at org.apache.ratis.client.impl.RaftClientRpcWithProxy.handleException(RaftClientRpcWithProxy.java:47)
	at org.apache.ratis.client.impl.RaftClientImpl.handleIOException(RaftClientImpl.java:372)
	at org.apache.ratis.client.impl.OrderedAsync.lambda$sendRequest$10(OrderedAsync.java:236)
	at java.util.concurrent.CompletableFuture.uniExceptionally(CompletableFuture.java:870)
	at java.util.concurrent.CompletableFuture$UniExceptionally.tryFire(CompletableFuture.java:852)
	at java.util.concurrent.CompletableFuture.postComplete(CompletableFuture.java:474)
	at java.util.concurrent.CompletableFuture.completeExceptionally(CompletableFuture.java:1977)
	at org.apache.ratis.grpc.client.GrpcClientProtocolClient$AsyncStreamObservers.lambda$timeoutCheck$3(GrpcClientProtocolClient.java:324)
	at java.util.Optional.ifPresent(Optional.java:159)
	at org.apache.ratis.grpc.client.GrpcClientProtocolClient$AsyncStreamObservers.handleReplyFuture(GrpcClientProtocolClient.java:329)
	at org.apache.ratis.grpc.client.GrpcClientProtocolClient$AsyncStreamObservers.timeoutCheck(GrpcClientProtocolClient.java:324)
	at org.apache.ratis.grpc.client.GrpcClientProtocolClient$AsyncStreamObservers.lambda$onNext$1(GrpcClientProtocolClient.java:318)
	at org.apache.ratis.util.TimeoutScheduler.lambda$onTimeout$0(TimeoutScheduler.java:113)
	at org.apache.ratis.util.TimeoutScheduler.lambda$onTimeout$1(TimeoutScheduler.java:133)
	at org.apache.ratis.util.LogUtils.runAndLog(LogUtils.java:50)
	at org.apache.ratis.util.LogUtils$1.run(LogUtils.java:91)
	at java.util.concurrent.Executors$RunnableAdapter.call(Executors.java:511)
	at java.util.concurrent.FutureTask.run(FutureTask.java:266)
	at java.util.concurrent.ScheduledThreadPoolExecutor$ScheduledFutureTask.access$201(ScheduledThreadPoolExecutor.java:180)
	at java.util.concurrent.ScheduledThreadPoolExecutor$ScheduledFutureTask.run(ScheduledThreadPoolExecutor.java:293)
	at java.util.concurrent.ThreadPoolExecutor.runWorker(ThreadPoolExecutor.java:1149)
	at java.util.concurrent.ThreadPoolExecutor$Worker.run(ThreadPoolExecutor.java:624)
	at java.lang.Thread.run(Thread.java:748)
2019-10-02 05:50:15,903 [java.util.concurrent.ThreadPoolExecutor$Worker@7e1a240d[State = -1, empty queue]] WARN  util.TimeoutScheduler (LogUtils.java:runAndLog(55)) - Failed to task #0: java.lang.NullPointerException
2019-10-02 05:50:18,360 [Thread-683] INFO  impl.FollowerState (FollowerState.java:run(108)) - a7e49ec6-0391-473f-af1f-b7ebe60d9c8d@group-162651713817-FollowerState: change to CANDIDATE, lastRpcTime:5011ms, electionTimeout:5011ms
2019-10-02 05:50:18,373 [Thread-683] INFO  impl.RoleInfo (RoleInfo.java:shutdownFollowerState(121)) - a7e49ec6-0391-473f-af1f-b7ebe60d9c8d: shutdown FollowerState
2019-10-02 05:50:18,373 [Thread-683] INFO  impl.RaftServerImpl (RaftServerImpl.java:setRole(170)) - a7e49ec6-0391-473f-af1f-b7ebe60d9c8d@group-162651713817: changes role from  FOLLOWER to CANDIDATE at term 0 for changeToCandidate
2019-10-02 05:50:18,374 [Thread-683] INFO  impl.RoleInfo (RoleInfo.java:updateAndGet(143)) - a7e49ec6-0391-473f-af1f-b7ebe60d9c8d: start LeaderElection
2019-10-02 05:50:18,394 [a7e49ec6-0391-473f-af1f-b7ebe60d9c8d@group-162651713817-LeaderElection14] INFO  impl.LeaderElection (LeaderElection.java:askForVotes(178)) - a7e49ec6-0391-473f-af1f-b7ebe60d9c8d@group-162651713817-LeaderElection14: begin an election at term 1 for -1: [d31a379a-b462-4e23-84c2-f59667e5dc0b:192.168.164.250:33498, 8b099941-e94c-4d44-b111-fee9636cc34f:192.168.164.250:43588, a7e49ec6-0391-473f-af1f-b7ebe60d9c8d:192.168.164.250:41993], old=null
2019-10-02 05:50:18,407 [grpc-default-executor-4] INFO  impl.RaftServerImpl (RaftServerImpl.java:setRole(170)) - d31a379a-b462-4e23-84c2-f59667e5dc0b@group-162651713817: changes role from  FOLLOWER to FOLLOWER at term 1 for recognizeCandidate:a7e49ec6-0391-473f-af1f-b7ebe60d9c8d
2019-10-02 05:50:18,407 [grpc-default-executor-4] INFO  impl.RoleInfo (RoleInfo.java:shutdownFollowerState(121)) - d31a379a-b462-4e23-84c2-f59667e5dc0b: shutdown FollowerState
2019-10-02 05:50:18,410 [grpc-default-executor-6] INFO  impl.RaftServerImpl (RaftServerImpl.java:setRole(170)) - 8b099941-e94c-4d44-b111-fee9636cc34f@group-162651713817: changes role from  FOLLOWER to FOLLOWER at term 1 for recognizeCandidate:a7e49ec6-0391-473f-af1f-b7ebe60d9c8d
2019-10-02 05:50:18,410 [Thread-682] INFO  impl.FollowerState (FollowerState.java:run(117)) - d31a379a-b462-4e23-84c2-f59667e5dc0b@group-162651713817-FollowerState was interrupted: java.lang.InterruptedException: sleep interrupted
2019-10-02 05:50:18,410 [grpc-default-executor-4] INFO  impl.RoleInfo (RoleInfo.java:updateAndGet(143)) - d31a379a-b462-4e23-84c2-f59667e5dc0b: start FollowerState
2019-10-02 05:50:18,410 [grpc-default-executor-6] INFO  impl.RoleInfo (RoleInfo.java:shutdownFollowerState(121)) - 8b099941-e94c-4d44-b111-fee9636cc34f: shutdown FollowerState
2019-10-02 05:50:18,413 [grpc-default-executor-6] INFO  impl.RoleInfo (RoleInfo.java:updateAndGet(143)) - 8b099941-e94c-4d44-b111-fee9636cc34f: start FollowerState
2019-10-02 05:50:18,413 [Thread-684] INFO  impl.FollowerState (FollowerState.java:run(117)) - 8b099941-e94c-4d44-b111-fee9636cc34f@group-162651713817-FollowerState was interrupted: java.lang.InterruptedException: sleep interrupted
2019-10-02 05:50:18,431 [a7e49ec6-0391-473f-af1f-b7ebe60d9c8d@group-162651713817-LeaderElection14] INFO  impl.LeaderElection (LeaderElection.java:logAndReturn(56)) - a7e49ec6-0391-473f-af1f-b7ebe60d9c8d@group-162651713817-LeaderElection14: Election PASSED; received 1 response(s) [a7e49ec6-0391-473f-af1f-b7ebe60d9c8d<-d31a379a-b462-4e23-84c2-f59667e5dc0b#0:OK-t1] and 0 exception(s); a7e49ec6-0391-473f-af1f-b7ebe60d9c8d@group-162651713817:t1, leader=null, voted=a7e49ec6-0391-473f-af1f-b7ebe60d9c8d, raftlog=a7e49ec6-0391-473f-af1f-b7ebe60d9c8d@group-162651713817-SegmentedRaftLog:OPENED:c-1,f-1,i0, conf=-1: [d31a379a-b462-4e23-84c2-f59667e5dc0b:192.168.164.250:33498, 8b099941-e94c-4d44-b111-fee9636cc34f:192.168.164.250:43588, a7e49ec6-0391-473f-af1f-b7ebe60d9c8d:192.168.164.250:41993], old=null
2019-10-02 05:50:18,431 [a7e49ec6-0391-473f-af1f-b7ebe60d9c8d@group-162651713817-LeaderElection14] INFO  impl.RoleInfo (RoleInfo.java:shutdownLeaderElection(134)) - a7e49ec6-0391-473f-af1f-b7ebe60d9c8d: shutdown LeaderElection
2019-10-02 05:50:18,432 [a7e49ec6-0391-473f-af1f-b7ebe60d9c8d@group-162651713817-LeaderElection14] INFO  impl.RaftServerImpl (RaftServerImpl.java:setRole(170)) - a7e49ec6-0391-473f-af1f-b7ebe60d9c8d@group-162651713817: changes role from CANDIDATE to LEADER at term 1 for changeToLeader
2019-10-02 05:50:18,432 [a7e49ec6-0391-473f-af1f-b7ebe60d9c8d@group-162651713817-LeaderElection14] INFO  impl.RaftServerImpl (ServerState.java:setLeader(255)) - a7e49ec6-0391-473f-af1f-b7ebe60d9c8d@group-162651713817: change Leader from null to a7e49ec6-0391-473f-af1f-b7ebe60d9c8d at term 1 for becomeLeader, leader elected after 5093ms
2019-10-02 05:50:18,432 [a7e49ec6-0391-473f-af1f-b7ebe60d9c8d@group-162651713817-LeaderElection14] INFO  server.RaftServerConfigKeys (ConfUtils.java:logGet(43)) - raft.server.staging.catchup.gap = 1000 (default)
2019-10-02 05:50:18,432 [a7e49ec6-0391-473f-af1f-b7ebe60d9c8d@group-162651713817-LeaderElection14] INFO  server.RaftServerConfigKeys (ConfUtils.java:logGet(43)) - raft.server.rpc.sleep.time = 25ms (default)
2019-10-02 05:50:18,432 [a7e49ec6-0391-473f-af1f-b7ebe60d9c8d@group-162651713817-LeaderElection14] INFO  server.RaftServerConfigKeys (ConfUtils.java:logGet(43)) - raft.server.write.element-limit = 4096 (default)
2019-10-02 05:50:18,432 [a7e49ec6-0391-473f-af1f-b7ebe60d9c8d@group-162651713817-LeaderElection14] INFO  server.RaftServerConfigKeys (ConfUtils.java:logGet(43)) - raft.server.watch.timeout = 10s (default)
2019-10-02 05:50:18,432 [a7e49ec6-0391-473f-af1f-b7ebe60d9c8d@group-162651713817-LeaderElection14] INFO  server.RaftServerConfigKeys (ConfUtils.java:logGet(43)) - raft.server.watch.timeout.denomination = 1s (default)
2019-10-02 05:50:18,432 [a7e49ec6-0391-473f-af1f-b7ebe60d9c8d@group-162651713817-LeaderElection14] INFO  server.RaftServerConfigKeys (ConfUtils.java:logGet(43)) - raft.server.watch.element-limit = 65536 (default)
2019-10-02 05:50:18,434 [a7e49ec6-0391-473f-af1f-b7ebe60d9c8d@group-162651713817-LeaderElection14] INFO  server.RaftServerConfigKeys (ConfUtils.java:logGet(43)) - raft.server.log.appender.snapshot.chunk.size.max = 16MB (=16777216) (default)
2019-10-02 05:50:18,434 [a7e49ec6-0391-473f-af1f-b7ebe60d9c8d@group-162651713817-LeaderElection14] INFO  server.RaftServerConfigKeys (ConfUtils.java:logGet(43)) - raft.server.log.appender.buffer.byte-limit = 33554432 (custom)
2019-10-02 05:50:18,435 [a7e49ec6-0391-473f-af1f-b7ebe60d9c8d@group-162651713817-LeaderElection14] INFO  server.RaftServerConfigKeys (ConfUtils.java:logGet(43)) - raft.server.log.appender.buffer.element-limit = 1 (custom)
2019-10-02 05:50:18,435 [a7e49ec6-0391-473f-af1f-b7ebe60d9c8d@group-162651713817-LeaderElection14] INFO  grpc.GrpcConfigKeys$Server (ConfUtils.java:logGet(43)) - raft.grpc.server.leader.outstanding.appends.max = 128 (default)
2019-10-02 05:50:18,435 [a7e49ec6-0391-473f-af1f-b7ebe60d9c8d@group-162651713817-LeaderElection14] INFO  server.RaftServerConfigKeys (ConfUtils.java:logGet(43)) - raft.server.rpc.request.timeout = 3000ms (default)
2019-10-02 05:50:18,435 [a7e49ec6-0391-473f-af1f-b7ebe60d9c8d@group-162651713817-LeaderElection14] INFO  server.RaftServerConfigKeys (ConfUtils.java:logGet(43)) - raft.server.log.appender.install.snapshot.enabled = false (custom)
2019-10-02 05:50:18,435 [a7e49ec6-0391-473f-af1f-b7ebe60d9c8d@group-162651713817-LeaderElection14] INFO  server.RaftServerConfigKeys (ConfUtils.java:logGet(43)) - raft.server.log.appender.snapshot.chunk.size.max = 16MB (=16777216) (default)
2019-10-02 05:50:18,435 [a7e49ec6-0391-473f-af1f-b7ebe60d9c8d@group-162651713817-LeaderElection14] INFO  server.RaftServerConfigKeys (ConfUtils.java:logGet(43)) - raft.server.log.appender.buffer.byte-limit = 33554432 (custom)
2019-10-02 05:50:18,435 [a7e49ec6-0391-473f-af1f-b7ebe60d9c8d@group-162651713817-LeaderElection14] INFO  server.RaftServerConfigKeys (ConfUtils.java:logGet(43)) - raft.server.log.appender.buffer.element-limit = 1 (custom)
2019-10-02 05:50:18,435 [a7e49ec6-0391-473f-af1f-b7ebe60d9c8d@group-162651713817-LeaderElection14] INFO  grpc.GrpcConfigKeys$Server (ConfUtils.java:logGet(43)) - raft.grpc.server.leader.outstanding.appends.max = 128 (default)
2019-10-02 05:50:18,436 [a7e49ec6-0391-473f-af1f-b7ebe60d9c8d@group-162651713817-LeaderElection14] INFO  server.RaftServerConfigKeys (ConfUtils.java:logGet(43)) - raft.server.rpc.request.timeout = 3000ms (default)
2019-10-02 05:50:18,436 [a7e49ec6-0391-473f-af1f-b7ebe60d9c8d@group-162651713817-LeaderElection14] INFO  server.RaftServerConfigKeys (ConfUtils.java:logGet(43)) - raft.server.log.appender.install.snapshot.enabled = false (custom)
2019-10-02 05:50:18,436 [a7e49ec6-0391-473f-af1f-b7ebe60d9c8d@group-162651713817-LeaderElection14] INFO  impl.RoleInfo (RoleInfo.java:updateAndGet(143)) - a7e49ec6-0391-473f-af1f-b7ebe60d9c8d: start LeaderState
2019-10-02 05:50:18,436 [a7e49ec6-0391-473f-af1f-b7ebe60d9c8d@group-162651713817-LeaderElection14] INFO  segmented.SegmentedRaftLogWorker (SegmentedRaftLogWorker.java:startLogSegment(385)) - a7e49ec6-0391-473f-af1f-b7ebe60d9c8d@group-162651713817-SegmentedRaftLogWorker: Starting segment from index:0
2019-10-02 05:50:18,437 [a7e49ec6-0391-473f-af1f-b7ebe60d9c8d@group-162651713817-LeaderElection14] INFO  impl.RaftServerImpl (ServerState.java:setRaftConf(356)) - a7e49ec6-0391-473f-af1f-b7ebe60d9c8d@group-162651713817: set configuration 0: [d31a379a-b462-4e23-84c2-f59667e5dc0b:192.168.164.250:33498, 8b099941-e94c-4d44-b111-fee9636cc34f:192.168.164.250:43588, a7e49ec6-0391-473f-af1f-b7ebe60d9c8d:192.168.164.250:41993], old=null at 0
2019-10-02 05:50:18,438 [grpc-default-executor-4] INFO  impl.RaftServerImpl (ServerState.java:setLeader(255)) - d31a379a-b462-4e23-84c2-f59667e5dc0b@group-162651713817: change Leader from null to a7e49ec6-0391-473f-af1f-b7ebe60d9c8d at term 1 for appendEntries, leader elected after 5100ms
2019-10-02 05:50:18,438 [grpc-default-executor-6] INFO  impl.RaftServerImpl (ServerState.java:setLeader(255)) - 8b099941-e94c-4d44-b111-fee9636cc34f@group-162651713817: change Leader from null to a7e49ec6-0391-473f-af1f-b7ebe60d9c8d at term 1 for appendEntries, leader elected after 5100ms
2019-10-02 05:50:18,468 [grpc-default-executor-6] INFO  impl.RaftServerImpl (ServerState.java:setRaftConf(356)) - d31a379a-b462-4e23-84c2-f59667e5dc0b@group-162651713817: set configuration 0: [d31a379a-b462-4e23-84c2-f59667e5dc0b:192.168.164.250:33498, 8b099941-e94c-4d44-b111-fee9636cc34f:192.168.164.250:43588, a7e49ec6-0391-473f-af1f-b7ebe60d9c8d:192.168.164.250:41993], old=null at 0
2019-10-02 05:50:18,468 [grpc-default-executor-4] INFO  impl.RaftServerImpl (ServerState.java:setRaftConf(356)) - 8b099941-e94c-4d44-b111-fee9636cc34f@group-162651713817: set configuration 0: [d31a379a-b462-4e23-84c2-f59667e5dc0b:192.168.164.250:33498, 8b099941-e94c-4d44-b111-fee9636cc34f:192.168.164.250:43588, a7e49ec6-0391-473f-af1f-b7ebe60d9c8d:192.168.164.250:41993], old=null at 0
2019-10-02 05:50:18,469 [grpc-default-executor-6] INFO  segmented.SegmentedRaftLogWorker (SegmentedRaftLogWorker.java:startLogSegment(385)) - d31a379a-b462-4e23-84c2-f59667e5dc0b@group-162651713817-SegmentedRaftLogWorker: Starting segment from index:0
2019-10-02 05:50:18,469 [grpc-default-executor-4] INFO  segmented.SegmentedRaftLogWorker (SegmentedRaftLogWorker.java:startLogSegment(385)) - 8b099941-e94c-4d44-b111-fee9636cc34f@group-162651713817-SegmentedRaftLogWorker: Starting segment from index:0
2019-10-02 05:50:18,475 [a7e49ec6-0391-473f-af1f-b7ebe60d9c8d@group-162651713817-SegmentedRaftLogWorker] INFO  segmented.SegmentedRaftLogWorker (SegmentedRaftLogWorker.java:execute(574)) - a7e49ec6-0391-473f-af1f-b7ebe60d9c8d@group-162651713817-SegmentedRaftLogWorker: created new log segment /workdir/hadoop-ozone/integration-test/target/test-dir/MiniOzoneClusterImpl-96702981-7b9c-49f5-b2c8-8280b9e400ec/datanode-0/data/ratis/38027c29-ad20-4e29-8b05-162651713817/current/log_inprogress_0
2019-10-02 05:50:18,507 [8b099941-e94c-4d44-b111-fee9636cc34f@group-162651713817-SegmentedRaftLogWorker] INFO  segmented.SegmentedRaftLogWorker (SegmentedRaftLogWorker.java:execute(574)) - 8b099941-e94c-4d44-b111-fee9636cc34f@group-162651713817-SegmentedRaftLogWorker: created new log segment /workdir/hadoop-ozone/integration-test/target/test-dir/MiniOzoneClusterImpl-96702981-7b9c-49f5-b2c8-8280b9e400ec/datanode-4/data/ratis/38027c29-ad20-4e29-8b05-162651713817/current/log_inprogress_0
2019-10-02 05:50:18,507 [d31a379a-b462-4e23-84c2-f59667e5dc0b@group-162651713817-SegmentedRaftLogWorker] INFO  segmented.SegmentedRaftLogWorker (SegmentedRaftLogWorker.java:execute(574)) - d31a379a-b462-4e23-84c2-f59667e5dc0b@group-162651713817-SegmentedRaftLogWorker: created new log segment /workdir/hadoop-ozone/integration-test/target/test-dir/MiniOzoneClusterImpl-96702981-7b9c-49f5-b2c8-8280b9e400ec/datanode-1/data/ratis/38027c29-ad20-4e29-8b05-162651713817/current/log_inprogress_0
2019-10-02 05:50:19,944 [java.util.concurrent.ThreadPoolExecutor$Worker@5785f8a[State = -1, empty queue]] ERROR client.GrpcClientProtocolClient (GrpcClientProtocolClient.java:close(148)) - Unexpected exception while waiting for channel termination
java.lang.InterruptedException
	at java.util.concurrent.locks.AbstractQueuedSynchronizer.tryAcquireSharedNanos(AbstractQueuedSynchronizer.java:1326)
	at java.util.concurrent.CountDownLatch.await(CountDownLatch.java:277)
	at org.apache.ratis.thirdparty.io.grpc.internal.ManagedChannelImpl.awaitTermination(ManagedChannelImpl.java:763)
	at org.apache.ratis.thirdparty.io.grpc.internal.ForwardingManagedChannel.awaitTermination(ForwardingManagedChannel.java:57)
	at org.apache.ratis.thirdparty.io.grpc.internal.ManagedChannelOrphanWrapper.awaitTermination(ManagedChannelOrphanWrapper.java:70)
	at org.apache.ratis.grpc.client.GrpcClientProtocolClient.close(GrpcClientProtocolClient.java:146)
	at org.apache.ratis.util.PeerProxyMap$PeerAndProxy.lambda$close$1(PeerProxyMap.java:74)
	at org.apache.ratis.util.LifeCycle.lambda$checkStateAndClose$2(LifeCycle.java:231)
	at org.apache.ratis.util.LifeCycle.checkStateAndClose(LifeCycle.java:251)
	at org.apache.ratis.util.LifeCycle.checkStateAndClose(LifeCycle.java:229)
	at org.apache.ratis.util.PeerProxyMap$PeerAndProxy.close(PeerProxyMap.java:70)
	at org.apache.ratis.util.PeerProxyMap.resetProxy(PeerProxyMap.java:127)
	at org.apache.ratis.util.PeerProxyMap.handleException(PeerProxyMap.java:136)
	at org.apache.ratis.client.impl.RaftClientRpcWithProxy.handleException(RaftClientRpcWithProxy.java:47)
	at org.apache.ratis.client.impl.RaftClientImpl.handleIOException(RaftClientImpl.java:372)
	at org.apache.ratis.client.impl.OrderedAsync.lambda$sendRequest$10(OrderedAsync.java:236)
	at java.util.concurrent.CompletableFuture.uniExceptionally(CompletableFuture.java:870)
	at java.util.concurrent.CompletableFuture$UniExceptionally.tryFire(CompletableFuture.java:852)
	at java.util.concurrent.CompletableFuture.postComplete(CompletableFuture.java:474)
	at java.util.concurrent.CompletableFuture.completeExceptionally(CompletableFuture.java:1977)
	at org.apache.ratis.grpc.client.GrpcClientProtocolClient$AsyncStreamObservers.lambda$timeoutCheck$3(GrpcClientProtocolClient.java:324)
	at java.util.Optional.ifPresent(Optional.java:159)
	at org.apache.ratis.grpc.client.GrpcClientProtocolClient$AsyncStreamObservers.handleReplyFuture(GrpcClientProtocolClient.java:329)
	at org.apache.ratis.grpc.client.GrpcClientProtocolClient$AsyncStreamObservers.timeoutCheck(GrpcClientProtocolClient.java:324)
	at org.apache.ratis.grpc.client.GrpcClientProtocolClient$AsyncStreamObservers.lambda$onNext$1(GrpcClientProtocolClient.java:318)
	at org.apache.ratis.util.TimeoutScheduler.lambda$onTimeout$0(TimeoutScheduler.java:113)
	at org.apache.ratis.util.TimeoutScheduler.lambda$onTimeout$1(TimeoutScheduler.java:133)
	at org.apache.ratis.util.LogUtils.runAndLog(LogUtils.java:50)
	at org.apache.ratis.util.LogUtils$1.run(LogUtils.java:91)
	at java.util.concurrent.Executors$RunnableAdapter.call(Executors.java:511)
	at java.util.concurrent.FutureTask.run(FutureTask.java:266)
	at java.util.concurrent.ScheduledThreadPoolExecutor$ScheduledFutureTask.access$201(ScheduledThreadPoolExecutor.java:180)
	at java.util.concurrent.ScheduledThreadPoolExecutor$ScheduledFutureTask.run(ScheduledThreadPoolExecutor.java:293)
	at java.util.concurrent.ThreadPoolExecutor.runWorker(ThreadPoolExecutor.java:1149)
	at java.util.concurrent.ThreadPoolExecutor$Worker.run(ThreadPoolExecutor.java:624)
	at java.lang.Thread.run(Thread.java:748)
2019-10-02 05:50:19,946 [java.util.concurrent.ThreadPoolExecutor$Worker@5785f8a[State = -1, empty queue]] WARN  util.TimeoutScheduler (LogUtils.java:runAndLog(55)) - Failed to task #0: java.lang.NullPointerException
2019-10-02 05:50:23,983 [java.util.concurrent.ThreadPoolExecutor$Worker@6a490243[State = -1, empty queue]] ERROR client.GrpcClientProtocolClient (GrpcClientProtocolClient.java:close(148)) - Unexpected exception while waiting for channel termination
java.lang.InterruptedException
	at java.util.concurrent.locks.AbstractQueuedSynchronizer.tryAcquireSharedNanos(AbstractQueuedSynchronizer.java:1326)
	at java.util.concurrent.CountDownLatch.await(CountDownLatch.java:277)
	at org.apache.ratis.thirdparty.io.grpc.internal.ManagedChannelImpl.awaitTermination(ManagedChannelImpl.java:763)
	at org.apache.ratis.thirdparty.io.grpc.internal.ForwardingManagedChannel.awaitTermination(ForwardingManagedChannel.java:57)
	at org.apache.ratis.thirdparty.io.grpc.internal.ManagedChannelOrphanWrapper.awaitTermination(ManagedChannelOrphanWrapper.java:70)
	at org.apache.ratis.grpc.client.GrpcClientProtocolClient.close(GrpcClientProtocolClient.java:146)
	at org.apache.ratis.util.PeerProxyMap$PeerAndProxy.lambda$close$1(PeerProxyMap.java:74)
	at org.apache.ratis.util.LifeCycle.lambda$checkStateAndClose$2(LifeCycle.java:231)
	at org.apache.ratis.util.LifeCycle.checkStateAndClose(LifeCycle.java:251)
	at org.apache.ratis.util.LifeCycle.checkStateAndClose(LifeCycle.java:229)
	at org.apache.ratis.util.PeerProxyMap$PeerAndProxy.close(PeerProxyMap.java:70)
	at org.apache.ratis.util.PeerProxyMap.resetProxy(PeerProxyMap.java:127)
	at org.apache.ratis.util.PeerProxyMap.handleException(PeerProxyMap.java:136)
	at org.apache.ratis.client.impl.RaftClientRpcWithProxy.handleException(RaftClientRpcWithProxy.java:47)
	at org.apache.ratis.client.impl.RaftClientImpl.handleIOException(RaftClientImpl.java:372)
	at org.apache.ratis.client.impl.OrderedAsync.lambda$sendRequest$10(OrderedAsync.java:236)
	at java.util.concurrent.CompletableFuture.uniExceptionally(CompletableFuture.java:870)
	at java.util.concurrent.CompletableFuture$UniExceptionally.tryFire(CompletableFuture.java:852)
	at java.util.concurrent.CompletableFuture.postComplete(CompletableFuture.java:474)
	at java.util.concurrent.CompletableFuture.completeExceptionally(CompletableFuture.java:1977)
	at org.apache.ratis.grpc.client.GrpcClientProtocolClient$AsyncStreamObservers.lambda$timeoutCheck$3(GrpcClientProtocolClient.java:324)
	at java.util.Optional.ifPresent(Optional.java:159)
	at org.apache.ratis.grpc.client.GrpcClientProtocolClient$AsyncStreamObservers.handleReplyFuture(GrpcClientProtocolClient.java:329)
	at org.apache.ratis.grpc.client.GrpcClientProtocolClient$AsyncStreamObservers.timeoutCheck(GrpcClientProtocolClient.java:324)
	at org.apache.ratis.grpc.client.GrpcClientProtocolClient$AsyncStreamObservers.lambda$onNext$1(GrpcClientProtocolClient.java:318)
	at org.apache.ratis.util.TimeoutScheduler.lambda$onTimeout$0(TimeoutScheduler.java:113)
	at org.apache.ratis.util.TimeoutScheduler.lambda$onTimeout$1(TimeoutScheduler.java:133)
	at org.apache.ratis.util.LogUtils.runAndLog(LogUtils.java:50)
	at org.apache.ratis.util.LogUtils$1.run(LogUtils.java:91)
	at java.util.concurrent.Executors$RunnableAdapter.call(Executors.java:511)
	at java.util.concurrent.FutureTask.run(FutureTask.java:266)
	at java.util.concurrent.ScheduledThreadPoolExecutor$ScheduledFutureTask.access$201(ScheduledThreadPoolExecutor.java:180)
	at java.util.concurrent.ScheduledThreadPoolExecutor$ScheduledFutureTask.run(ScheduledThreadPoolExecutor.java:293)
	at java.util.concurrent.ThreadPoolExecutor.runWorker(ThreadPoolExecutor.java:1149)
	at java.util.concurrent.ThreadPoolExecutor$Worker.run(ThreadPoolExecutor.java:624)
	at java.lang.Thread.run(Thread.java:748)
2019-10-02 05:50:23,988 [java.util.concurrent.ThreadPoolExecutor$Worker@6a490243[State = -1, empty queue]] WARN  util.TimeoutScheduler (LogUtils.java:runAndLog(55)) - Failed to task #0: java.lang.NullPointerException
2019-10-02 05:50:28,022 [java.util.concurrent.ThreadPoolExecutor$Worker@40be02a6[State = -1, empty queue]] ERROR client.GrpcClientProtocolClient (GrpcClientProtocolClient.java:close(148)) - Unexpected exception while waiting for channel termination
java.lang.InterruptedException
	at java.util.concurrent.locks.AbstractQueuedSynchronizer.tryAcquireSharedNanos(AbstractQueuedSynchronizer.java:1326)
	at java.util.concurrent.CountDownLatch.await(CountDownLatch.java:277)
	at org.apache.ratis.thirdparty.io.grpc.internal.ManagedChannelImpl.awaitTermination(ManagedChannelImpl.java:763)
	at org.apache.ratis.thirdparty.io.grpc.internal.ForwardingManagedChannel.awaitTermination(ForwardingManagedChannel.java:57)
	at org.apache.ratis.thirdparty.io.grpc.internal.ManagedChannelOrphanWrapper.awaitTermination(ManagedChannelOrphanWrapper.java:70)
	at org.apache.ratis.grpc.client.GrpcClientProtocolClient.close(GrpcClientProtocolClient.java:146)
	at org.apache.ratis.util.PeerProxyMap$PeerAndProxy.lambda$close$1(PeerProxyMap.java:74)
	at org.apache.ratis.util.LifeCycle.lambda$checkStateAndClose$2(LifeCycle.java:231)
	at org.apache.ratis.util.LifeCycle.checkStateAndClose(LifeCycle.java:251)
	at org.apache.ratis.util.LifeCycle.checkStateAndClose(LifeCycle.java:229)
	at org.apache.ratis.util.PeerProxyMap$PeerAndProxy.close(PeerProxyMap.java:70)
	at org.apache.ratis.util.PeerProxyMap.resetProxy(PeerProxyMap.java:127)
	at org.apache.ratis.util.PeerProxyMap.handleException(PeerProxyMap.java:136)
	at org.apache.ratis.client.impl.RaftClientRpcWithProxy.handleException(RaftClientRpcWithProxy.java:47)
	at org.apache.ratis.client.impl.RaftClientImpl.handleIOException(RaftClientImpl.java:372)
	at org.apache.ratis.client.impl.OrderedAsync.lambda$sendRequest$10(OrderedAsync.java:236)
	at java.util.concurrent.CompletableFuture.uniExceptionally(CompletableFuture.java:870)
	at java.util.concurrent.CompletableFuture$UniExceptionally.tryFire(CompletableFuture.java:852)
	at java.util.concurrent.CompletableFuture.postComplete(CompletableFuture.java:474)
	at java.util.concurrent.CompletableFuture.completeExceptionally(CompletableFuture.java:1977)
	at org.apache.ratis.grpc.client.GrpcClientProtocolClient$AsyncStreamObservers.lambda$timeoutCheck$3(GrpcClientProtocolClient.java:324)
	at java.util.Optional.ifPresent(Optional.java:159)
	at org.apache.ratis.grpc.client.GrpcClientProtocolClient$AsyncStreamObservers.handleReplyFuture(GrpcClientProtocolClient.java:329)
	at org.apache.ratis.grpc.client.GrpcClientProtocolClient$AsyncStreamObservers.timeoutCheck(GrpcClientProtocolClient.java:324)
	at org.apache.ratis.grpc.client.GrpcClientProtocolClient$AsyncStreamObservers.lambda$onNext$1(GrpcClientProtocolClient.java:318)
	at org.apache.ratis.util.TimeoutScheduler.lambda$onTimeout$0(TimeoutScheduler.java:113)
	at org.apache.ratis.util.TimeoutScheduler.lambda$onTimeout$1(TimeoutScheduler.java:133)
	at org.apache.ratis.util.LogUtils.runAndLog(LogUtils.java:50)
	at org.apache.ratis.util.LogUtils$1.run(LogUtils.java:91)
	at java.util.concurrent.Executors$RunnableAdapter.call(Executors.java:511)
	at java.util.concurrent.FutureTask.run(FutureTask.java:266)
	at java.util.concurrent.ScheduledThreadPoolExecutor$ScheduledFutureTask.access$201(ScheduledThreadPoolExecutor.java:180)
	at java.util.concurrent.ScheduledThreadPoolExecutor$ScheduledFutureTask.run(ScheduledThreadPoolExecutor.java:293)
	at java.util.concurrent.ThreadPoolExecutor.runWorker(ThreadPoolExecutor.java:1149)
	at java.util.concurrent.ThreadPoolExecutor$Worker.run(ThreadPoolExecutor.java:624)
	at java.lang.Thread.run(Thread.java:748)
2019-10-02 05:50:28,025 [java.util.concurrent.ThreadPoolExecutor$Worker@40be02a6[State = -1, empty queue]] WARN  util.TimeoutScheduler (LogUtils.java:runAndLog(55)) - Failed to task #0: java.lang.NullPointerException
2019-10-02 05:50:32,069 [java.util.concurrent.ThreadPoolExecutor$Worker@45608283[State = -1, empty queue]] ERROR client.GrpcClientProtocolClient (GrpcClientProtocolClient.java:close(148)) - Unexpected exception while waiting for channel termination
java.lang.InterruptedException
	at java.util.concurrent.locks.AbstractQueuedSynchronizer.tryAcquireSharedNanos(AbstractQueuedSynchronizer.java:1326)
	at java.util.concurrent.CountDownLatch.await(CountDownLatch.java:277)
	at org.apache.ratis.thirdparty.io.grpc.internal.ManagedChannelImpl.awaitTermination(ManagedChannelImpl.java:763)
	at org.apache.ratis.thirdparty.io.grpc.internal.ForwardingManagedChannel.awaitTermination(ForwardingManagedChannel.java:57)
	at org.apache.ratis.thirdparty.io.grpc.internal.ManagedChannelOrphanWrapper.awaitTermination(ManagedChannelOrphanWrapper.java:70)
	at org.apache.ratis.grpc.client.GrpcClientProtocolClient.close(GrpcClientProtocolClient.java:146)
	at org.apache.ratis.util.PeerProxyMap$PeerAndProxy.lambda$close$1(PeerProxyMap.java:74)
	at org.apache.ratis.util.LifeCycle.lambda$checkStateAndClose$2(LifeCycle.java:231)
	at org.apache.ratis.util.LifeCycle.checkStateAndClose(LifeCycle.java:251)
	at org.apache.ratis.util.LifeCycle.checkStateAndClose(LifeCycle.java:229)
	at org.apache.ratis.util.PeerProxyMap$PeerAndProxy.close(PeerProxyMap.java:70)
	at org.apache.ratis.util.PeerProxyMap.resetProxy(PeerProxyMap.java:127)
	at org.apache.ratis.util.PeerProxyMap.handleException(PeerProxyMap.java:136)
	at org.apache.ratis.client.impl.RaftClientRpcWithProxy.handleException(RaftClientRpcWithProxy.java:47)
	at org.apache.ratis.client.impl.RaftClientImpl.handleIOException(RaftClientImpl.java:372)
	at org.apache.ratis.client.impl.OrderedAsync.lambda$sendRequest$10(OrderedAsync.java:236)
	at java.util.concurrent.CompletableFuture.uniExceptionally(CompletableFuture.java:870)
	at java.util.concurrent.CompletableFuture$UniExceptionally.tryFire(CompletableFuture.java:852)
	at java.util.concurrent.CompletableFuture.postComplete(CompletableFuture.java:474)
	at java.util.concurrent.CompletableFuture.completeExceptionally(CompletableFuture.java:1977)
	at org.apache.ratis.grpc.client.GrpcClientProtocolClient$AsyncStreamObservers.lambda$timeoutCheck$3(GrpcClientProtocolClient.java:324)
	at java.util.Optional.ifPresent(Optional.java:159)
	at org.apache.ratis.grpc.client.GrpcClientProtocolClient$AsyncStreamObservers.handleReplyFuture(GrpcClientProtocolClient.java:329)
	at org.apache.ratis.grpc.client.GrpcClientProtocolClient$AsyncStreamObservers.timeoutCheck(GrpcClientProtocolClient.java:324)
	at org.apache.ratis.grpc.client.GrpcClientProtocolClient$AsyncStreamObservers.lambda$onNext$1(GrpcClientProtocolClient.java:318)
	at org.apache.ratis.util.TimeoutScheduler.lambda$onTimeout$0(TimeoutScheduler.java:113)
	at org.apache.ratis.util.TimeoutScheduler.lambda$onTimeout$1(TimeoutScheduler.java:133)
	at org.apache.ratis.util.LogUtils.runAndLog(LogUtils.java:50)
	at org.apache.ratis.util.LogUtils$1.run(LogUtils.java:91)
	at java.util.concurrent.Executors$RunnableAdapter.call(Executors.java:511)
	at java.util.concurrent.FutureTask.run(FutureTask.java:266)
	at java.util.concurrent.ScheduledThreadPoolExecutor$ScheduledFutureTask.access$201(ScheduledThreadPoolExecutor.java:180)
	at java.util.concurrent.ScheduledThreadPoolExecutor$ScheduledFutureTask.run(ScheduledThreadPoolExecutor.java:293)
	at java.util.concurrent.ThreadPoolExecutor.runWorker(ThreadPoolExecutor.java:1149)
	at java.util.concurrent.ThreadPoolExecutor$Worker.run(ThreadPoolExecutor.java:624)
	at java.lang.Thread.run(Thread.java:748)
2019-10-02 05:50:32,073 [java.util.concurrent.ThreadPoolExecutor$Worker@45608283[State = -1, empty queue]] WARN  util.TimeoutScheduler (LogUtils.java:runAndLog(55)) - Failed to task #0: java.lang.NullPointerException
2019-10-02 05:50:36,119 [java.util.concurrent.ThreadPoolExecutor$Worker@3dc51d5a[State = -1, empty queue]] ERROR client.GrpcClientProtocolClient (GrpcClientProtocolClient.java:close(148)) - Unexpected exception while waiting for channel termination
java.lang.InterruptedException
	at java.util.concurrent.locks.AbstractQueuedSynchronizer.tryAcquireSharedNanos(AbstractQueuedSynchronizer.java:1326)
	at java.util.concurrent.CountDownLatch.await(CountDownLatch.java:277)
	at org.apache.ratis.thirdparty.io.grpc.internal.ManagedChannelImpl.awaitTermination(ManagedChannelImpl.java:763)
	at org.apache.ratis.thirdparty.io.grpc.internal.ForwardingManagedChannel.awaitTermination(ForwardingManagedChannel.java:57)
	at org.apache.ratis.thirdparty.io.grpc.internal.ManagedChannelOrphanWrapper.awaitTermination(ManagedChannelOrphanWrapper.java:70)
	at org.apache.ratis.grpc.client.GrpcClientProtocolClient.close(GrpcClientProtocolClient.java:146)
	at org.apache.ratis.util.PeerProxyMap$PeerAndProxy.lambda$close$1(PeerProxyMap.java:74)
	at org.apache.ratis.util.LifeCycle.lambda$checkStateAndClose$2(LifeCycle.java:231)
	at org.apache.ratis.util.LifeCycle.checkStateAndClose(LifeCycle.java:251)
	at org.apache.ratis.util.LifeCycle.checkStateAndClose(LifeCycle.java:229)
	at org.apache.ratis.util.PeerProxyMap$PeerAndProxy.close(PeerProxyMap.java:70)
	at org.apache.ratis.util.PeerProxyMap.resetProxy(PeerProxyMap.java:127)
	at org.apache.ratis.util.PeerProxyMap.handleException(PeerProxyMap.java:136)
	at org.apache.ratis.client.impl.RaftClientRpcWithProxy.handleException(RaftClientRpcWithProxy.java:47)
	at org.apache.ratis.client.impl.RaftClientImpl.handleIOException(RaftClientImpl.java:372)
	at org.apache.ratis.client.impl.OrderedAsync.lambda$sendRequest$10(OrderedAsync.java:236)
	at java.util.concurrent.CompletableFuture.uniExceptionally(CompletableFuture.java:870)
	at java.util.concurrent.CompletableFuture$UniExceptionally.tryFire(CompletableFuture.java:852)
	at java.util.concurrent.CompletableFuture.postComplete(CompletableFuture.java:474)
	at java.util.concurrent.CompletableFuture.completeExceptionally(CompletableFuture.java:1977)
	at org.apache.ratis.grpc.client.GrpcClientProtocolClient$AsyncStreamObservers.lambda$timeoutCheck$3(GrpcClientProtocolClient.java:324)
	at java.util.Optional.ifPresent(Optional.java:159)
	at org.apache.ratis.grpc.client.GrpcClientProtocolClient$AsyncStreamObservers.handleReplyFuture(GrpcClientProtocolClient.java:329)
	at org.apache.ratis.grpc.client.GrpcClientProtocolClient$AsyncStreamObservers.timeoutCheck(GrpcClientProtocolClient.java:324)
	at org.apache.ratis.grpc.client.GrpcClientProtocolClient$AsyncStreamObservers.lambda$onNext$1(GrpcClientProtocolClient.java:318)
	at org.apache.ratis.util.TimeoutScheduler.lambda$onTimeout$0(TimeoutScheduler.java:113)
	at org.apache.ratis.util.TimeoutScheduler.lambda$onTimeout$1(TimeoutScheduler.java:133)
	at org.apache.ratis.util.LogUtils.runAndLog(LogUtils.java:50)
	at org.apache.ratis.util.LogUtils$1.run(LogUtils.java:91)
	at java.util.concurrent.Executors$RunnableAdapter.call(Executors.java:511)
	at java.util.concurrent.FutureTask.run(FutureTask.java:266)
	at java.util.concurrent.ScheduledThreadPoolExecutor$ScheduledFutureTask.access$201(ScheduledThreadPoolExecutor.java:180)
	at java.util.concurrent.ScheduledThreadPoolExecutor$ScheduledFutureTask.run(ScheduledThreadPoolExecutor.java:293)
	at java.util.concurrent.ThreadPoolExecutor.runWorker(ThreadPoolExecutor.java:1149)
	at java.util.concurrent.ThreadPoolExecutor$Worker.run(ThreadPoolExecutor.java:624)
	at java.lang.Thread.run(Thread.java:748)
2019-10-02 05:50:36,120 [java.util.concurrent.ThreadPoolExecutor$Worker@3dc51d5a[State = -1, empty queue]] WARN  util.TimeoutScheduler (LogUtils.java:runAndLog(55)) - Failed to task #0: java.lang.NullPointerException
2019-10-02 05:50:40,161 [java.util.concurrent.ThreadPoolExecutor$Worker@6e34f1dc[State = -1, empty queue]] ERROR client.GrpcClientProtocolClient (GrpcClientProtocolClient.java:close(148)) - Unexpected exception while waiting for channel termination
java.lang.InterruptedException
	at java.util.concurrent.locks.AbstractQueuedSynchronizer.tryAcquireSharedNanos(AbstractQueuedSynchronizer.java:1326)
	at java.util.concurrent.CountDownLatch.await(CountDownLatch.java:277)
	at org.apache.ratis.thirdparty.io.grpc.internal.ManagedChannelImpl.awaitTermination(ManagedChannelImpl.java:763)
	at org.apache.ratis.thirdparty.io.grpc.internal.ForwardingManagedChannel.awaitTermination(ForwardingManagedChannel.java:57)
	at org.apache.ratis.thirdparty.io.grpc.internal.ManagedChannelOrphanWrapper.awaitTermination(ManagedChannelOrphanWrapper.java:70)
	at org.apache.ratis.grpc.client.GrpcClientProtocolClient.close(GrpcClientProtocolClient.java:146)
	at org.apache.ratis.util.PeerProxyMap$PeerAndProxy.lambda$close$1(PeerProxyMap.java:74)
	at org.apache.ratis.util.LifeCycle.lambda$checkStateAndClose$2(LifeCycle.java:231)
	at org.apache.ratis.util.LifeCycle.checkStateAndClose(LifeCycle.java:251)
	at org.apache.ratis.util.LifeCycle.checkStateAndClose(LifeCycle.java:229)
	at org.apache.ratis.util.PeerProxyMap$PeerAndProxy.close(PeerProxyMap.java:70)
	at org.apache.ratis.util.PeerProxyMap.resetProxy(PeerProxyMap.java:127)
	at org.apache.ratis.util.PeerProxyMap.handleException(PeerProxyMap.java:136)
	at org.apache.ratis.client.impl.RaftClientRpcWithProxy.handleException(RaftClientRpcWithProxy.java:47)
	at org.apache.ratis.client.impl.RaftClientImpl.handleIOException(RaftClientImpl.java:372)
	at org.apache.ratis.client.impl.OrderedAsync.lambda$sendRequest$10(OrderedAsync.java:236)
	at java.util.concurrent.CompletableFuture.uniExceptionally(CompletableFuture.java:870)
	at java.util.concurrent.CompletableFuture$UniExceptionally.tryFire(CompletableFuture.java:852)
	at java.util.concurrent.CompletableFuture.postComplete(CompletableFuture.java:474)
	at java.util.concurrent.CompletableFuture.completeExceptionally(CompletableFuture.java:1977)
	at org.apache.ratis.grpc.client.GrpcClientProtocolClient$AsyncStreamObservers.lambda$timeoutCheck$3(GrpcClientProtocolClient.java:324)
	at java.util.Optional.ifPresent(Optional.java:159)
	at org.apache.ratis.grpc.client.GrpcClientProtocolClient$AsyncStreamObservers.handleReplyFuture(GrpcClientProtocolClient.java:329)
	at org.apache.ratis.grpc.client.GrpcClientProtocolClient$AsyncStreamObservers.timeoutCheck(GrpcClientProtocolClient.java:324)
	at org.apache.ratis.grpc.client.GrpcClientProtocolClient$AsyncStreamObservers.lambda$onNext$1(GrpcClientProtocolClient.java:318)
	at org.apache.ratis.util.TimeoutScheduler.lambda$onTimeout$0(TimeoutScheduler.java:113)
	at org.apache.ratis.util.TimeoutScheduler.lambda$onTimeout$1(TimeoutScheduler.java:133)
	at org.apache.ratis.util.LogUtils.runAndLog(LogUtils.java:50)
	at org.apache.ratis.util.LogUtils$1.run(LogUtils.java:91)
	at java.util.concurrent.Executors$RunnableAdapter.call(Executors.java:511)
	at java.util.concurrent.FutureTask.run(FutureTask.java:266)
	at java.util.concurrent.ScheduledThreadPoolExecutor$ScheduledFutureTask.access$201(ScheduledThreadPoolExecutor.java:180)
	at java.util.concurrent.ScheduledThreadPoolExecutor$ScheduledFutureTask.run(ScheduledThreadPoolExecutor.java:293)
	at java.util.concurrent.ThreadPoolExecutor.runWorker(ThreadPoolExecutor.java:1149)
	at java.util.concurrent.ThreadPoolExecutor$Worker.run(ThreadPoolExecutor.java:624)
	at java.lang.Thread.run(Thread.java:748)
2019-10-02 05:50:40,162 [java.util.concurrent.ThreadPoolExecutor$Worker@6e34f1dc[State = -1, empty queue]] WARN  util.TimeoutScheduler (LogUtils.java:runAndLog(55)) - Failed to task #0: java.lang.NullPointerException
2019-10-02 05:50:42,721 [grpc-default-executor-4] INFO  impl.RaftServerProxy (RaftServerProxy.java:remove(95)) - a7e49ec6-0391-473f-af1f-b7ebe60d9c8d: remove    LEADER a7e49ec6-0391-473f-af1f-b7ebe60d9c8d@group-F0B8193E6AB6:t1, leader=a7e49ec6-0391-473f-af1f-b7ebe60d9c8d, voted=a7e49ec6-0391-473f-af1f-b7ebe60d9c8d, raftlog=a7e49ec6-0391-473f-af1f-b7ebe60d9c8d@group-F0B8193E6AB6-SegmentedRaftLog:OPENED:c0,f0,i2, conf=0: [d31a379a-b462-4e23-84c2-f59667e5dc0b:192.168.164.250:33498, 8b099941-e94c-4d44-b111-fee9636cc34f:192.168.164.250:43588, a7e49ec6-0391-473f-af1f-b7ebe60d9c8d:192.168.164.250:41993], old=null RUNNING
2019-10-02 05:50:42,722 [grpc-default-executor-4] INFO  impl.RaftServerImpl (RaftServerImpl.java:lambda$shutdown$3(247)) - a7e49ec6-0391-473f-af1f-b7ebe60d9c8d@group-F0B8193E6AB6: shutdown
2019-10-02 05:50:42,722 [grpc-default-executor-4] INFO  util.JmxRegister (JmxRegister.java:unregister(73)) - Successfully un-registered JMX Bean with object name Ratis:service=RaftServer,group=group-F0B8193E6AB6,id=a7e49ec6-0391-473f-af1f-b7ebe60d9c8d
2019-10-02 05:50:42,722 [grpc-default-executor-4] INFO  impl.RoleInfo (RoleInfo.java:shutdownLeaderState(104)) - a7e49ec6-0391-473f-af1f-b7ebe60d9c8d: shutdown LeaderState
2019-10-02 05:50:42,725 [grpc-default-executor-4] INFO  impl.PendingRequests (PendingRequests.java:sendNotLeaderResponses(202)) - a7e49ec6-0391-473f-af1f-b7ebe60d9c8d@group-F0B8193E6AB6-PendingRequests: sendNotLeaderResponses
2019-10-02 05:50:42,728 [org.apache.ratis.server.impl.LogAppender$AppenderDaemon$$Lambda$514/351410477@40ada322] WARN  server.GrpcLogAppender (GrpcLogAppender.java:mayWait(143)) - a7e49ec6-0391-473f-af1f-b7ebe60d9c8d@group-F0B8193E6AB6->d31a379a-b462-4e23-84c2-f59667e5dc0b-GrpcLogAppender: Wait interrupted by java.lang.InterruptedException
2019-10-02 05:50:42,728 [org.apache.ratis.server.impl.LogAppender$AppenderDaemon$$Lambda$514/351410477@75fb96ea] WARN  server.GrpcLogAppender (GrpcLogAppender.java:mayWait(143)) - a7e49ec6-0391-473f-af1f-b7ebe60d9c8d@group-F0B8193E6AB6->8b099941-e94c-4d44-b111-fee9636cc34f-GrpcLogAppender: Wait interrupted by java.lang.InterruptedException
2019-10-02 05:50:42,733 [grpc-default-executor-6] INFO  server.GrpcServerProtocolService (GrpcServerProtocolService.java:onCompleted(113)) - 8b099941-e94c-4d44-b111-fee9636cc34f: Completed APPEND_ENTRIES, lastRequest: a7e49ec6-0391-473f-af1f-b7ebe60d9c8d->8b099941-e94c-4d44-b111-fee9636cc34f#29-t1, previous=(t:1, i:2), leaderCommit=0, initializing? false, entries: <empty>
2019-10-02 05:50:42,736 [grpc-default-executor-5] INFO  server.GrpcServerProtocolService (GrpcServerProtocolService.java:onCompleted(113)) - d31a379a-b462-4e23-84c2-f59667e5dc0b: Completed APPEND_ENTRIES, lastRequest: a7e49ec6-0391-473f-af1f-b7ebe60d9c8d->d31a379a-b462-4e23-84c2-f59667e5dc0b#29-t1, previous=(t:1, i:2), leaderCommit=0, initializing? false, entries: <empty>
2019-10-02 05:50:42,754 [grpc-default-executor-4] INFO  impl.StateMachineUpdater (StateMachineUpdater.java:stopAndJoin(136)) - a7e49ec6-0391-473f-af1f-b7ebe60d9c8d@group-F0B8193E6AB6-StateMachineUpdater: set stopIndex = 0
2019-10-02 05:50:42,757 [grpc-default-executor-4] INFO  impl.RaftServerImpl (ServerState.java:close(387)) - a7e49ec6-0391-473f-af1f-b7ebe60d9c8d@group-F0B8193E6AB6: closes. applyIndex: 0
2019-10-02 05:50:42,757 [grpc-default-executor-5] INFO  server.GrpcLogAppender (GrpcLogAppender.java:onCompleted(293)) - a7e49ec6-0391-473f-af1f-b7ebe60d9c8d@group-F0B8193E6AB6->d31a379a-b462-4e23-84c2-f59667e5dc0b-AppendLogResponseHandler: follower responses appendEntries COMPLETED
2019-10-02 05:50:42,776 [a7e49ec6-0391-473f-af1f-b7ebe60d9c8d@group-F0B8193E6AB6-SegmentedRaftLogWorker] INFO  segmented.SegmentedRaftLogWorker (SegmentedRaftLogWorker.java:run(316)) - a7e49ec6-0391-473f-af1f-b7ebe60d9c8d@group-F0B8193E6AB6-SegmentedRaftLogWorker was interrupted, exiting. There are 0 tasks remaining in the queue.
2019-10-02 05:50:42,777 [grpc-default-executor-4] INFO  segmented.SegmentedRaftLogWorker (SegmentedRaftLogWorker.java:close(224)) - a7e49ec6-0391-473f-af1f-b7ebe60d9c8d@group-F0B8193E6AB6-SegmentedRaftLogWorker close()
2019-10-02 05:50:42,781 [grpc-default-executor-6] INFO  server.GrpcLogAppender (GrpcLogAppender.java:onCompleted(293)) - a7e49ec6-0391-473f-af1f-b7ebe60d9c8d@group-F0B8193E6AB6->8b099941-e94c-4d44-b111-fee9636cc34f-AppendLogResponseHandler: follower responses appendEntries COMPLETED
2019-10-02 05:50:42,789 [grpc-default-executor-4] INFO  impl.RaftServerProxy (RaftServerProxy.java:remove(95)) - d31a379a-b462-4e23-84c2-f59667e5dc0b: remove  FOLLOWER d31a379a-b462-4e23-84c2-f59667e5dc0b@group-F0B8193E6AB6:t1, leader=a7e49ec6-0391-473f-af1f-b7ebe60d9c8d, voted=a7e49ec6-0391-473f-af1f-b7ebe60d9c8d, raftlog=d31a379a-b462-4e23-84c2-f59667e5dc0b@group-F0B8193E6AB6-SegmentedRaftLog:OPENED:c0,f2,i2, conf=0: [d31a379a-b462-4e23-84c2-f59667e5dc0b:192.168.164.250:33498, 8b099941-e94c-4d44-b111-fee9636cc34f:192.168.164.250:43588, a7e49ec6-0391-473f-af1f-b7ebe60d9c8d:192.168.164.250:41993], old=null RUNNING
2019-10-02 05:50:42,789 [grpc-default-executor-4] INFO  impl.RaftServerImpl (RaftServerImpl.java:lambda$shutdown$3(247)) - d31a379a-b462-4e23-84c2-f59667e5dc0b@group-F0B8193E6AB6: shutdown
2019-10-02 05:50:42,789 [grpc-default-executor-4] INFO  util.JmxRegister (JmxRegister.java:unregister(73)) - Successfully un-registered JMX Bean with object name Ratis:service=RaftServer,group=group-F0B8193E6AB6,id=d31a379a-b462-4e23-84c2-f59667e5dc0b
2019-10-02 05:50:42,789 [grpc-default-executor-4] INFO  impl.RoleInfo (RoleInfo.java:shutdownFollowerState(121)) - d31a379a-b462-4e23-84c2-f59667e5dc0b: shutdown FollowerState
2019-10-02 05:50:42,790 [grpc-default-executor-4] INFO  impl.StateMachineUpdater (StateMachineUpdater.java:stopAndJoin(136)) - d31a379a-b462-4e23-84c2-f59667e5dc0b@group-F0B8193E6AB6-StateMachineUpdater: set stopIndex = 0
2019-10-02 05:50:42,790 [Thread-567] INFO  impl.FollowerState (FollowerState.java:run(117)) - d31a379a-b462-4e23-84c2-f59667e5dc0b@group-F0B8193E6AB6-FollowerState was interrupted: java.lang.InterruptedException: sleep interrupted
2019-10-02 05:50:42,792 [grpc-default-executor-4] INFO  impl.RaftServerImpl (ServerState.java:close(387)) - d31a379a-b462-4e23-84c2-f59667e5dc0b@group-F0B8193E6AB6: closes. applyIndex: 0
2019-10-02 05:50:42,793 [d31a379a-b462-4e23-84c2-f59667e5dc0b@group-F0B8193E6AB6-SegmentedRaftLogWorker] INFO  segmented.SegmentedRaftLogWorker (SegmentedRaftLogWorker.java:run(316)) - d31a379a-b462-4e23-84c2-f59667e5dc0b@group-F0B8193E6AB6-SegmentedRaftLogWorker was interrupted, exiting. There are 0 tasks remaining in the queue.
2019-10-02 05:50:42,794 [grpc-default-executor-4] INFO  segmented.SegmentedRaftLogWorker (SegmentedRaftLogWorker.java:close(224)) - d31a379a-b462-4e23-84c2-f59667e5dc0b@group-F0B8193E6AB6-SegmentedRaftLogWorker close()
2019-10-02 05:50:42,855 [grpc-default-executor-4] INFO  interfaces.Container (KeyValueContainer.java:flushAndSyncDB(386)) - Container 2 is synced with bcsId 0.
2019-10-02 05:50:42,859 [grpc-default-executor-4] INFO  interfaces.Container (KeyValueContainer.java:flushAndSyncDB(386)) - Container 2 is synced with bcsId 0.
2019-10-02 05:50:42,880 [EventQueue-IncrementalContainerReportForIncrementalContainerReportHandler] INFO  container.IncrementalContainerReportHandler (AbstractContainerReportHandler.java:updateContainerState(169)) - Moving container #2 to QUASI_CLOSED state, datanode d31a379a-b462-4e23-84c2-f59667e5dc0b{ip: 192.168.164.250, host: pr-trunk-p5fv4-2201032288, networkLocation: /default-rack, certSerialId: null} reported QUASI_CLOSED replica.
2019-10-02 05:50:42,887 [grpc-default-executor-4] INFO  impl.RaftServerProxy (RaftServerProxy.java:remove(95)) - 8b099941-e94c-4d44-b111-fee9636cc34f: remove  FOLLOWER 8b099941-e94c-4d44-b111-fee9636cc34f@group-F0B8193E6AB6:t1, leader=a7e49ec6-0391-473f-af1f-b7ebe60d9c8d, voted=a7e49ec6-0391-473f-af1f-b7ebe60d9c8d, raftlog=8b099941-e94c-4d44-b111-fee9636cc34f@group-F0B8193E6AB6-SegmentedRaftLog:OPENED:c0,f2,i2, conf=0: [d31a379a-b462-4e23-84c2-f59667e5dc0b:192.168.164.250:33498, 8b099941-e94c-4d44-b111-fee9636cc34f:192.168.164.250:43588, a7e49ec6-0391-473f-af1f-b7ebe60d9c8d:192.168.164.250:41993], old=null RUNNING
2019-10-02 05:50:42,888 [grpc-default-executor-4] INFO  impl.RaftServerImpl (RaftServerImpl.java:lambda$shutdown$3(247)) - 8b099941-e94c-4d44-b111-fee9636cc34f@group-F0B8193E6AB6: shutdown
2019-10-02 05:50:42,888 [grpc-default-executor-4] INFO  util.JmxRegister (JmxRegister.java:unregister(73)) - Successfully un-registered JMX Bean with object name Ratis:service=RaftServer,group=group-F0B8193E6AB6,id=8b099941-e94c-4d44-b111-fee9636cc34f
2019-10-02 05:50:42,888 [grpc-default-executor-4] INFO  impl.RoleInfo (RoleInfo.java:shutdownFollowerState(121)) - 8b099941-e94c-4d44-b111-fee9636cc34f: shutdown FollowerState
2019-10-02 05:50:42,888 [grpc-default-executor-4] INFO  impl.StateMachineUpdater (StateMachineUpdater.java:stopAndJoin(136)) - 8b099941-e94c-4d44-b111-fee9636cc34f@group-F0B8193E6AB6-StateMachineUpdater: set stopIndex = 0
2019-10-02 05:50:42,889 [Thread-568] INFO  impl.FollowerState (FollowerState.java:run(117)) - 8b099941-e94c-4d44-b111-fee9636cc34f@group-F0B8193E6AB6-FollowerState was interrupted: java.lang.InterruptedException: sleep interrupted
2019-10-02 05:50:42,892 [grpc-default-executor-4] INFO  impl.RaftServerImpl (ServerState.java:close(387)) - 8b099941-e94c-4d44-b111-fee9636cc34f@group-F0B8193E6AB6: closes. applyIndex: 0
2019-10-02 05:50:42,893 [8b099941-e94c-4d44-b111-fee9636cc34f@group-F0B8193E6AB6-SegmentedRaftLogWorker] INFO  segmented.SegmentedRaftLogWorker (SegmentedRaftLogWorker.java:run(316)) - 8b099941-e94c-4d44-b111-fee9636cc34f@group-F0B8193E6AB6-SegmentedRaftLogWorker was interrupted, exiting. There are 0 tasks remaining in the queue.
2019-10-02 05:50:42,894 [grpc-default-executor-4] INFO  segmented.SegmentedRaftLogWorker (SegmentedRaftLogWorker.java:close(224)) - 8b099941-e94c-4d44-b111-fee9636cc34f@group-F0B8193E6AB6-SegmentedRaftLogWorker close()
2019-10-02 05:50:42,967 [grpc-default-executor-4] INFO  interfaces.Container (KeyValueContainer.java:flushAndSyncDB(386)) - Container 2 is synced with bcsId 0.
2019-10-02 05:50:42,968 [grpc-default-executor-4] INFO  interfaces.Container (KeyValueContainer.java:flushAndSyncDB(386)) - Container 2 is synced with bcsId 0.
2019-10-02 05:50:42,988 [RatisPipelineUtilsThread] INFO  pipeline.PipelineStateManager (PipelineStateManager.java:removePipeline(108)) - Pipeline Pipeline[ Id: af09b52f-5944-438b-95c5-f0b8193e6ab6, Nodes: a7e49ec6-0391-473f-af1f-b7ebe60d9c8d{ip: 192.168.164.250, host: pr-trunk-p5fv4-2201032288, networkLocation: /default-rack, certSerialId: null}d31a379a-b462-4e23-84c2-f59667e5dc0b{ip: 192.168.164.250, host: pr-trunk-p5fv4-2201032288, networkLocation: /default-rack, certSerialId: null}8b099941-e94c-4d44-b111-fee9636cc34f{ip: 192.168.164.250, host: pr-trunk-p5fv4-2201032288, networkLocation: /default-rack, certSerialId: null}, Type:RATIS, Factor:THREE, State:CLOSED] removed from db
2019-10-02 05:50:43,803 [main] WARN  io.KeyOutputStream (KeyOutputStream.java:handleException(274)) - Encountered exception java.io.IOException: Unexpected Storage Container Exception: java.util.concurrent.CompletionException: java.util.concurrent.CompletionException: org.apache.ratis.protocol.GroupMismatchException: 8b099941-e94c-4d44-b111-fee9636cc34f: group-F0B8193E6AB6 not found. on the pipeline Pipeline[ Id: af09b52f-5944-438b-95c5-f0b8193e6ab6, Nodes: a7e49ec6-0391-473f-af1f-b7ebe60d9c8d{ip: 192.168.164.250, host: pr-trunk-p5fv4-2201032288, networkLocation: /default-rack, certSerialId: null}d31a379a-b462-4e23-84c2-f59667e5dc0b{ip: 192.168.164.250, host: pr-trunk-p5fv4-2201032288, networkLocation: /default-rack, certSerialId: null}8b099941-e94c-4d44-b111-fee9636cc34f{ip: 192.168.164.250, host: pr-trunk-p5fv4-2201032288, networkLocation: /default-rack, certSerialId: null}, Type:RATIS, Factor:THREE, State:OPEN]. The last committed block length is 0, uncommitted data length is 400 retry count 1
2019-10-02 05:50:43,979 [pool-46-thread-1] ERROR impl.ChunkManagerImpl (ChunkUtils.java:writeData(89)) - data array does not match the length specified. DataLen: 100 Byte Array: 246
2019-10-02 05:50:43,988 [pool-46-thread-1] INFO  keyvalue.KeyValueHandler (ContainerUtils.java:logAndReturnError(146)) - Operation: WriteChunk : Trace ID: 2ae3a9c3f9a95235:2ae3a9c3f9a95235:0:0 : Message: data array does not match the length specified. DataLen: 100 Byte Array: 246 : Result: INVALID_WRITE_SIZE
2019-10-02 05:50:44,006 [EventQueue-IncrementalContainerReportForIncrementalContainerReportHandler] WARN  container.IncrementalContainerReportHandler (AbstractContainerReportHandler.java:updateContainerState(143)) - Container #3 is in OPEN state, but the datanode abe57f94-e75c-4edc-b3a9-58e47daaf051{ip: 192.168.164.250, host: pr-trunk-p5fv4-2201032288, networkLocation: /default-rack, certSerialId: null} reports an UNHEALTHY replica.
2019-10-02 05:50:44,008 [EventQueue-CloseContainerForCloseContainerEventHandler] INFO  container.CloseContainerEventHandler (CloseContainerEventHandler.java:onMessage(61)) - Close container Event triggered for container : #3
05:50:44.005 [pool-46-thread-1] ERROR DNAudit - user=null | ip=null | op=WRITE_CHUNK {blockData=conID: 3 locID: 102891221406318595 bcsId: 0} | ret=FAILURE
java.lang.Exception: data array does not match the length specified. DataLen: 100 Byte Array: 246
	at org.apache.hadoop.ozone.container.common.impl.HddsDispatcher.dispatchRequest(HddsDispatcher.java:330) ~[hadoop-hdds-container-service-0.5.0-SNAPSHOT.jar:?]
	at org.apache.hadoop.ozone.container.common.impl.HddsDispatcher.dispatch(HddsDispatcher.java:150) ~[hadoop-hdds-container-service-0.5.0-SNAPSHOT.jar:?]
	at org.apache.hadoop.ozone.container.common.transport.server.ratis.ContainerStateMachine.dispatchCommand(ContainerStateMachine.java:407) ~[hadoop-hdds-container-service-0.5.0-SNAPSHOT.jar:?]
	at org.apache.hadoop.ozone.container.common.transport.server.ratis.ContainerStateMachine.runCommand(ContainerStateMachine.java:415) ~[hadoop-hdds-container-service-0.5.0-SNAPSHOT.jar:?]
	at org.apache.hadoop.ozone.container.common.transport.server.ratis.ContainerStateMachine.lambda$handleWriteChunk$1(ContainerStateMachine.java:450) ~[hadoop-hdds-container-service-0.5.0-SNAPSHOT.jar:?]
	at java.util.concurrent.CompletableFuture$AsyncSupply.run(CompletableFuture.java:1590) [?:1.8.0_212]
	at java.util.concurrent.ThreadPoolExecutor.runWorker(ThreadPoolExecutor.java:1149) [?:1.8.0_212]
	at java.util.concurrent.ThreadPoolExecutor$Worker.run(ThreadPoolExecutor.java:624) [?:1.8.0_212]
	at java.lang.Thread.run(Thread.java:748) [?:1.8.0_212]
2019-10-02 05:50:44,008 [pool-46-thread-1] ERROR ratis.ContainerStateMachine (ContainerStateMachine.java:lambda$handleWriteChunk$2(470)) - group-A635589BB47D: writeChunk writeStateMachineData failed: blockIdcontainerID: 3
localID: 102891221406318595
blockCommitSequenceId: 0
 logIndex 1 chunkName 102891221406318595_chunk_1 Error message: data array does not match the length specified. DataLen: 100 Byte Array: 246 Container Result: INVALID_WRITE_SIZE
2019-10-02 05:50:44,010 [abe57f94-e75c-4edc-b3a9-58e47daaf051@group-A635589BB47D-SegmentedRaftLogWorker] ERROR ratis.XceiverServerRatis (XceiverServerRatis.java:triggerPipelineClose(581)) - pipeline Action CLOSE  on pipeline PipelineID=41ceef36-cc72-4288-89dc-a635589bb47d.Reason : data array does not match the length specified. DataLen: 100 Byte Array: 246
2019-10-02 05:50:44,010 [abe57f94-e75c-4edc-b3a9-58e47daaf051@group-A635589BB47D-SegmentedRaftLogWorker] ERROR ratis.XceiverServerRatis (XceiverServerRatis.java:triggerPipelineClose(581)) - pipeline Action CLOSE  on pipeline PipelineID=41ceef36-cc72-4288-89dc-a635589bb47d.Reason : Log already failed at index 1 for task WriteLog:1: (t:1, i:1), STATEMACHINELOGENTRY, client-A4292A076286, cid=37
2019-10-02 05:50:44,011 [EventQueue-PipelineActionsForPipelineActionHandler] ERROR pipeline.PipelineActionHandler (PipelineActionHandler.java:onMessage(60)) - Received pipeline action CLOSE for Pipeline[ Id: 41ceef36-cc72-4288-89dc-a635589bb47d, Nodes: 13d2ee1c-0738-43ab-a5ad-515c50b1fbae{ip: 192.168.164.250, host: pr-trunk-p5fv4-2201032288, networkLocation: /default-rack, certSerialId: null}440b2d92-0317-41e4-b6a8-f5ef9f70ba68{ip: 192.168.164.250, host: pr-trunk-p5fv4-2201032288, networkLocation: /default-rack, certSerialId: null}abe57f94-e75c-4edc-b3a9-58e47daaf051{ip: 192.168.164.250, host: pr-trunk-p5fv4-2201032288, networkLocation: /default-rack, certSerialId: null}, Type:RATIS, Factor:THREE, State:OPEN] from datanode abe57f94-e75c-4edc-b3a9-58e47daaf051{ip: 192.168.164.250, host: pr-trunk-p5fv4-2201032288, networkLocation: /default-rack, certSerialId: null}. Reason : data array does not match the length specified. DataLen: 100 Byte Array: 246
2019-10-02 05:50:44,011 [EventQueue-PipelineActionsForPipelineActionHandler] INFO  pipeline.SCMPipelineManager (SCMPipelineManager.java:finalizeAndDestroyPipeline(315)) - destroying pipeline:Pipeline[ Id: 41ceef36-cc72-4288-89dc-a635589bb47d, Nodes: 13d2ee1c-0738-43ab-a5ad-515c50b1fbae{ip: 192.168.164.250, host: pr-trunk-p5fv4-2201032288, networkLocation: /default-rack, certSerialId: null}440b2d92-0317-41e4-b6a8-f5ef9f70ba68{ip: 192.168.164.250, host: pr-trunk-p5fv4-2201032288, networkLocation: /default-rack, certSerialId: null}abe57f94-e75c-4edc-b3a9-58e47daaf051{ip: 192.168.164.250, host: pr-trunk-p5fv4-2201032288, networkLocation: /default-rack, certSerialId: null}, Type:RATIS, Factor:THREE, State:OPEN]
2019-10-02 05:50:44,011 [EventQueue-PipelineActionsForPipelineActionHandler] INFO  pipeline.PipelineStateManager (PipelineStateManager.java:finalizePipeline(123)) - Pipeline Pipeline[ Id: 41ceef36-cc72-4288-89dc-a635589bb47d, Nodes: 13d2ee1c-0738-43ab-a5ad-515c50b1fbae{ip: 192.168.164.250, host: pr-trunk-p5fv4-2201032288, networkLocation: /default-rack, certSerialId: null}440b2d92-0317-41e4-b6a8-f5ef9f70ba68{ip: 192.168.164.250, host: pr-trunk-p5fv4-2201032288, networkLocation: /default-rack, certSerialId: null}abe57f94-e75c-4edc-b3a9-58e47daaf051{ip: 192.168.164.250, host: pr-trunk-p5fv4-2201032288, networkLocation: /default-rack, certSerialId: null}, Type:RATIS, Factor:THREE, State:CLOSED] moved to CLOSED state
2019-10-02 05:50:44,012 [EventQueue-PipelineActionsForPipelineActionHandler] ERROR pipeline.PipelineActionHandler (PipelineActionHandler.java:onMessage(60)) - Received pipeline action CLOSE for Pipeline[ Id: 41ceef36-cc72-4288-89dc-a635589bb47d, Nodes: 13d2ee1c-0738-43ab-a5ad-515c50b1fbae{ip: 192.168.164.250, host: pr-trunk-p5fv4-2201032288, networkLocation: /default-rack, certSerialId: null}440b2d92-0317-41e4-b6a8-f5ef9f70ba68{ip: 192.168.164.250, host: pr-trunk-p5fv4-2201032288, networkLocation: /default-rack, certSerialId: null}abe57f94-e75c-4edc-b3a9-58e47daaf051{ip: 192.168.164.250, host: pr-trunk-p5fv4-2201032288, networkLocation: /default-rack, certSerialId: null}, Type:RATIS, Factor:THREE, State:CLOSED] from datanode abe57f94-e75c-4edc-b3a9-58e47daaf051{ip: 192.168.164.250, host: pr-trunk-p5fv4-2201032288, networkLocation: /default-rack, certSerialId: null}. Reason : Log already failed at index 1 for task WriteLog:1: (t:1, i:1), STATEMACHINELOGENTRY, client-A4292A076286, cid=37
2019-10-02 05:50:44,012 [EventQueue-PipelineActionsForPipelineActionHandler] INFO  pipeline.SCMPipelineManager (SCMPipelineManager.java:finalizeAndDestroyPipeline(315)) - destroying pipeline:Pipeline[ Id: 41ceef36-cc72-4288-89dc-a635589bb47d, Nodes: 13d2ee1c-0738-43ab-a5ad-515c50b1fbae{ip: 192.168.164.250, host: pr-trunk-p5fv4-2201032288, networkLocation: /default-rack, certSerialId: null}440b2d92-0317-41e4-b6a8-f5ef9f70ba68{ip: 192.168.164.250, host: pr-trunk-p5fv4-2201032288, networkLocation: /default-rack, certSerialId: null}abe57f94-e75c-4edc-b3a9-58e47daaf051{ip: 192.168.164.250, host: pr-trunk-p5fv4-2201032288, networkLocation: /default-rack, certSerialId: null}, Type:RATIS, Factor:THREE, State:CLOSED]
2019-10-02 05:50:46,866 [java.util.concurrent.ThreadPoolExecutor$Worker@77312e59[State = -1, empty queue]] ERROR client.GrpcClientProtocolClient (GrpcClientProtocolClient.java:close(148)) - Unexpected exception while waiting for channel termination
java.lang.InterruptedException
	at java.util.concurrent.locks.AbstractQueuedSynchronizer.tryAcquireSharedNanos(AbstractQueuedSynchronizer.java:1326)
	at java.util.concurrent.CountDownLatch.await(CountDownLatch.java:277)
	at org.apache.ratis.thirdparty.io.grpc.internal.ManagedChannelImpl.awaitTermination(ManagedChannelImpl.java:763)
	at org.apache.ratis.thirdparty.io.grpc.internal.ForwardingManagedChannel.awaitTermination(ForwardingManagedChannel.java:57)
	at org.apache.ratis.thirdparty.io.grpc.internal.ManagedChannelOrphanWrapper.awaitTermination(ManagedChannelOrphanWrapper.java:70)
	at org.apache.ratis.grpc.client.GrpcClientProtocolClient.close(GrpcClientProtocolClient.java:146)
	at org.apache.ratis.util.PeerProxyMap$PeerAndProxy.lambda$close$1(PeerProxyMap.java:74)
	at org.apache.ratis.util.LifeCycle.lambda$checkStateAndClose$2(LifeCycle.java:231)
	at org.apache.ratis.util.LifeCycle.checkStateAndClose(LifeCycle.java:251)
	at org.apache.ratis.util.LifeCycle.checkStateAndClose(LifeCycle.java:229)
	at org.apache.ratis.util.PeerProxyMap$PeerAndProxy.close(PeerProxyMap.java:70)
	at org.apache.ratis.util.PeerProxyMap.resetProxy(PeerProxyMap.java:127)
	at org.apache.ratis.util.PeerProxyMap.handleException(PeerProxyMap.java:136)
	at org.apache.ratis.client.impl.RaftClientRpcWithProxy.handleException(RaftClientRpcWithProxy.java:47)
	at org.apache.ratis.client.impl.RaftClientImpl.handleIOException(RaftClientImpl.java:372)
	at org.apache.ratis.client.impl.OrderedAsync.lambda$sendRequest$10(OrderedAsync.java:236)
	at java.util.concurrent.CompletableFuture.uniExceptionally(CompletableFuture.java:870)
	at java.util.concurrent.CompletableFuture$UniExceptionally.tryFire(CompletableFuture.java:852)
	at java.util.concurrent.CompletableFuture.postComplete(CompletableFuture.java:474)
	at java.util.concurrent.CompletableFuture.completeExceptionally(CompletableFuture.java:1977)
	at org.apache.ratis.grpc.client.GrpcClientProtocolClient$AsyncStreamObservers.lambda$timeoutCheck$3(GrpcClientProtocolClient.java:324)
	at java.util.Optional.ifPresent(Optional.java:159)
	at org.apache.ratis.grpc.client.GrpcClientProtocolClient$AsyncStreamObservers.handleReplyFuture(GrpcClientProtocolClient.java:329)
	at org.apache.ratis.grpc.client.GrpcClientProtocolClient$AsyncStreamObservers.timeoutCheck(GrpcClientProtocolClient.java:324)
	at org.apache.ratis.grpc.client.GrpcClientProtocolClient$AsyncStreamObservers.lambda$onNext$1(GrpcClientProtocolClient.java:318)
	at org.apache.ratis.util.TimeoutScheduler.lambda$onTimeout$0(TimeoutScheduler.java:113)
	at org.apache.ratis.util.TimeoutScheduler.lambda$onTimeout$1(TimeoutScheduler.java:133)
	at org.apache.ratis.util.LogUtils.runAndLog(LogUtils.java:50)
	at org.apache.ratis.util.LogUtils$1.run(LogUtils.java:91)
	at java.util.concurrent.Executors$RunnableAdapter.call(Executors.java:511)
	at java.util.concurrent.FutureTask.run(FutureTask.java:266)
	at java.util.concurrent.ScheduledThreadPoolExecutor$ScheduledFutureTask.access$201(ScheduledThreadPoolExecutor.java:180)
	at java.util.concurrent.ScheduledThreadPoolExecutor$ScheduledFutureTask.run(ScheduledThreadPoolExecutor.java:293)
	at java.util.concurrent.ThreadPoolExecutor.runWorker(ThreadPoolExecutor.java:1149)
	at java.util.concurrent.ThreadPoolExecutor$Worker.run(ThreadPoolExecutor.java:624)
	at java.lang.Thread.run(Thread.java:748)
2019-10-02 05:50:46,872 [java.util.concurrent.ThreadPoolExecutor$Worker@77312e59[State = -1, empty queue]] WARN  util.TimeoutScheduler (LogUtils.java:runAndLog(55)) - Failed to task #0: java.lang.NullPointerException
2019-10-02 05:50:47,777 [grpc-default-executor-5] INFO  impl.FollowerInfo (FollowerInfo.java:lambda$new$0(51)) - a7e49ec6-0391-473f-af1f-b7ebe60d9c8d@group-F0B8193E6AB6->d31a379a-b462-4e23-84c2-f59667e5dc0b: nextIndex: updateUnconditionally 3 -> 2
2019-10-02 05:50:50,905 [java.util.concurrent.ThreadPoolExecutor$Worker@13502aa1[State = -1, empty queue]] ERROR client.GrpcClientProtocolClient (GrpcClientProtocolClient.java:close(148)) - Unexpected exception while waiting for channel termination
java.lang.InterruptedException
	at java.util.concurrent.locks.AbstractQueuedSynchronizer.tryAcquireSharedNanos(AbstractQueuedSynchronizer.java:1326)
	at java.util.concurrent.CountDownLatch.await(CountDownLatch.java:277)
	at org.apache.ratis.thirdparty.io.grpc.internal.ManagedChannelImpl.awaitTermination(ManagedChannelImpl.java:763)
	at org.apache.ratis.thirdparty.io.grpc.internal.ForwardingManagedChannel.awaitTermination(ForwardingManagedChannel.java:57)
	at org.apache.ratis.thirdparty.io.grpc.internal.ManagedChannelOrphanWrapper.awaitTermination(ManagedChannelOrphanWrapper.java:70)
	at org.apache.ratis.grpc.client.GrpcClientProtocolClient.close(GrpcClientProtocolClient.java:146)
	at org.apache.ratis.util.PeerProxyMap$PeerAndProxy.lambda$close$1(PeerProxyMap.java:74)
	at org.apache.ratis.util.LifeCycle.lambda$checkStateAndClose$2(LifeCycle.java:231)
	at org.apache.ratis.util.LifeCycle.checkStateAndClose(LifeCycle.java:251)
	at org.apache.ratis.util.LifeCycle.checkStateAndClose(LifeCycle.java:229)
	at org.apache.ratis.util.PeerProxyMap$PeerAndProxy.close(PeerProxyMap.java:70)
	at org.apache.ratis.util.PeerProxyMap.resetProxy(PeerProxyMap.java:127)
	at org.apache.ratis.util.PeerProxyMap.handleException(PeerProxyMap.java:136)
	at org.apache.ratis.client.impl.RaftClientRpcWithProxy.handleException(RaftClientRpcWithProxy.java:47)
	at org.apache.ratis.client.impl.RaftClientImpl.handleIOException(RaftClientImpl.java:372)
	at org.apache.ratis.client.impl.OrderedAsync.lambda$sendRequest$10(OrderedAsync.java:236)
	at java.util.concurrent.CompletableFuture.uniExceptionally(CompletableFuture.java:870)
	at java.util.concurrent.CompletableFuture$UniExceptionally.tryFire(CompletableFuture.java:852)
	at java.util.concurrent.CompletableFuture.postComplete(CompletableFuture.java:474)
	at java.util.concurrent.CompletableFuture.completeExceptionally(CompletableFuture.java:1977)
	at org.apache.ratis.grpc.client.GrpcClientProtocolClient$AsyncStreamObservers.lambda$timeoutCheck$3(GrpcClientProtocolClient.java:324)
	at java.util.Optional.ifPresent(Optional.java:159)
	at org.apache.ratis.grpc.client.GrpcClientProtocolClient$AsyncStreamObservers.handleReplyFuture(GrpcClientProtocolClient.java:329)
	at org.apache.ratis.grpc.client.GrpcClientProtocolClient$AsyncStreamObservers.timeoutCheck(GrpcClientProtocolClient.java:324)
	at org.apache.ratis.grpc.client.GrpcClientProtocolClient$AsyncStreamObservers.lambda$onNext$1(GrpcClientProtocolClient.java:318)
	at org.apache.ratis.util.TimeoutScheduler.lambda$onTimeout$0(TimeoutScheduler.java:113)
	at org.apache.ratis.util.TimeoutScheduler.lambda$onTimeout$1(TimeoutScheduler.java:133)
	at org.apache.ratis.util.LogUtils.runAndLog(LogUtils.java:50)
	at org.apache.ratis.util.LogUtils$1.run(LogUtils.java:91)
	at java.util.concurrent.Executors$RunnableAdapter.call(Executors.java:511)
	at java.util.concurrent.FutureTask.run(FutureTask.java:266)
	at java.util.concurrent.ScheduledThreadPoolExecutor$ScheduledFutureTask.access$201(ScheduledThreadPoolExecutor.java:180)
	at java.util.concurrent.ScheduledThreadPoolExecutor$ScheduledFutureTask.run(ScheduledThreadPoolExecutor.java:293)
	at java.util.concurrent.ThreadPoolExecutor.runWorker(ThreadPoolExecutor.java:1149)
	at java.util.concurrent.ThreadPoolExecutor$Worker.run(ThreadPoolExecutor.java:624)
	at java.lang.Thread.run(Thread.java:748)
2019-10-02 05:50:50,906 [java.util.concurrent.ThreadPoolExecutor$Worker@13502aa1[State = -1, empty queue]] WARN  util.TimeoutScheduler (LogUtils.java:runAndLog(55)) - Failed to task #0: java.lang.NullPointerException
2019-10-02 05:50:52,782 [grpc-default-executor-6] INFO  impl.FollowerInfo (FollowerInfo.java:lambda$new$0(51)) - a7e49ec6-0391-473f-af1f-b7ebe60d9c8d@group-F0B8193E6AB6->8b099941-e94c-4d44-b111-fee9636cc34f: nextIndex: updateUnconditionally 3 -> 2
2019-10-02 05:50:54,943 [java.util.concurrent.ThreadPoolExecutor$Worker@2904936a[State = -1, empty queue]] ERROR client.GrpcClientProtocolClient (GrpcClientProtocolClient.java:close(148)) - Unexpected exception while waiting for channel termination
java.lang.InterruptedException
	at java.util.concurrent.locks.AbstractQueuedSynchronizer.tryAcquireSharedNanos(AbstractQueuedSynchronizer.java:1326)
	at java.util.concurrent.CountDownLatch.await(CountDownLatch.java:277)
	at org.apache.ratis.thirdparty.io.grpc.internal.ManagedChannelImpl.awaitTermination(ManagedChannelImpl.java:763)
	at org.apache.ratis.thirdparty.io.grpc.internal.ForwardingManagedChannel.awaitTermination(ForwardingManagedChannel.java:57)
	at org.apache.ratis.thirdparty.io.grpc.internal.ManagedChannelOrphanWrapper.awaitTermination(ManagedChannelOrphanWrapper.java:70)
	at org.apache.ratis.grpc.client.GrpcClientProtocolClient.close(GrpcClientProtocolClient.java:146)
	at org.apache.ratis.util.PeerProxyMap$PeerAndProxy.lambda$close$1(PeerProxyMap.java:74)
	at org.apache.ratis.util.LifeCycle.lambda$checkStateAndClose$2(LifeCycle.java:231)
	at org.apache.ratis.util.LifeCycle.checkStateAndClose(LifeCycle.java:251)
	at org.apache.ratis.util.LifeCycle.checkStateAndClose(LifeCycle.java:229)
	at org.apache.ratis.util.PeerProxyMap$PeerAndProxy.close(PeerProxyMap.java:70)
	at org.apache.ratis.util.PeerProxyMap.resetProxy(PeerProxyMap.java:127)
	at org.apache.ratis.util.PeerProxyMap.handleException(PeerProxyMap.java:136)
	at org.apache.ratis.client.impl.RaftClientRpcWithProxy.handleException(RaftClientRpcWithProxy.java:47)
	at org.apache.ratis.client.impl.RaftClientImpl.handleIOException(RaftClientImpl.java:372)
	at org.apache.ratis.client.impl.OrderedAsync.lambda$sendRequest$10(OrderedAsync.java:236)
	at java.util.concurrent.CompletableFuture.uniExceptionally(CompletableFuture.java:870)
	at java.util.concurrent.CompletableFuture$UniExceptionally.tryFire(CompletableFuture.java:852)
	at java.util.concurrent.CompletableFuture.postComplete(CompletableFuture.java:474)
	at java.util.concurrent.CompletableFuture.completeExceptionally(CompletableFuture.java:1977)
	at org.apache.ratis.grpc.client.GrpcClientProtocolClient$AsyncStreamObservers.lambda$timeoutCheck$3(GrpcClientProtocolClient.java:324)
	at java.util.Optional.ifPresent(Optional.java:159)
	at org.apache.ratis.grpc.client.GrpcClientProtocolClient$AsyncStreamObservers.handleReplyFuture(GrpcClientProtocolClient.java:329)
	at org.apache.ratis.grpc.client.GrpcClientProtocolClient$AsyncStreamObservers.timeoutCheck(GrpcClientProtocolClient.java:324)
	at org.apache.ratis.grpc.client.GrpcClientProtocolClient$AsyncStreamObservers.lambda$onNext$1(GrpcClientProtocolClient.java:318)
	at org.apache.ratis.util.TimeoutScheduler.lambda$onTimeout$0(TimeoutScheduler.java:113)
	at org.apache.ratis.util.TimeoutScheduler.lambda$onTimeout$1(TimeoutScheduler.java:133)
	at org.apache.ratis.util.LogUtils.runAndLog(LogUtils.java:50)
	at org.apache.ratis.util.LogUtils$1.run(LogUtils.java:91)
	at java.util.concurrent.Executors$RunnableAdapter.call(Executors.java:511)
	at java.util.concurrent.FutureTask.run(FutureTask.java:266)
	at java.util.concurrent.ScheduledThreadPoolExecutor$ScheduledFutureTask.access$201(ScheduledThreadPoolExecutor.java:180)
	at java.util.concurrent.ScheduledThreadPoolExecutor$ScheduledFutureTask.run(ScheduledThreadPoolExecutor.java:293)
	at java.util.concurrent.ThreadPoolExecutor.runWorker(ThreadPoolExecutor.java:1149)
	at java.util.concurrent.ThreadPoolExecutor$Worker.run(ThreadPoolExecutor.java:624)
	at java.lang.Thread.run(Thread.java:748)
2019-10-02 05:50:54,946 [java.util.concurrent.ThreadPoolExecutor$Worker@2904936a[State = -1, empty queue]] WARN  util.TimeoutScheduler (LogUtils.java:runAndLog(55)) - Failed to task #0: java.lang.NullPointerException
2019-10-02 05:50:58,987 [java.util.concurrent.ThreadPoolExecutor$Worker@61fcc503[State = -1, empty queue]] ERROR client.GrpcClientProtocolClient (GrpcClientProtocolClient.java:close(148)) - Unexpected exception while waiting for channel termination
java.lang.InterruptedException
	at java.util.concurrent.locks.AbstractQueuedSynchronizer.tryAcquireSharedNanos(AbstractQueuedSynchronizer.java:1326)
	at java.util.concurrent.CountDownLatch.await(CountDownLatch.java:277)
	at org.apache.ratis.thirdparty.io.grpc.internal.ManagedChannelImpl.awaitTermination(ManagedChannelImpl.java:763)
	at org.apache.ratis.thirdparty.io.grpc.internal.ForwardingManagedChannel.awaitTermination(ForwardingManagedChannel.java:57)
	at org.apache.ratis.thirdparty.io.grpc.internal.ManagedChannelOrphanWrapper.awaitTermination(ManagedChannelOrphanWrapper.java:70)
	at org.apache.ratis.grpc.client.GrpcClientProtocolClient.close(GrpcClientProtocolClient.java:146)
	at org.apache.ratis.util.PeerProxyMap$PeerAndProxy.lambda$close$1(PeerProxyMap.java:74)
	at org.apache.ratis.util.LifeCycle.lambda$checkStateAndClose$2(LifeCycle.java:231)
	at org.apache.ratis.util.LifeCycle.checkStateAndClose(LifeCycle.java:251)
	at org.apache.ratis.util.LifeCycle.checkStateAndClose(LifeCycle.java:229)
	at org.apache.ratis.util.PeerProxyMap$PeerAndProxy.close(PeerProxyMap.java:70)
	at org.apache.ratis.util.PeerProxyMap.resetProxy(PeerProxyMap.java:127)
	at org.apache.ratis.util.PeerProxyMap.handleException(PeerProxyMap.java:136)
	at org.apache.ratis.client.impl.RaftClientRpcWithProxy.handleException(RaftClientRpcWithProxy.java:47)
	at org.apache.ratis.client.impl.RaftClientImpl.handleIOException(RaftClientImpl.java:372)
	at org.apache.ratis.client.impl.OrderedAsync.lambda$sendRequest$10(OrderedAsync.java:236)
	at java.util.concurrent.CompletableFuture.uniExceptionally(CompletableFuture.java:870)
	at java.util.concurrent.CompletableFuture$UniExceptionally.tryFire(CompletableFuture.java:852)
	at java.util.concurrent.CompletableFuture.postComplete(CompletableFuture.java:474)
	at java.util.concurrent.CompletableFuture.completeExceptionally(CompletableFuture.java:1977)
	at org.apache.ratis.grpc.client.GrpcClientProtocolClient$AsyncStreamObservers.lambda$timeoutCheck$3(GrpcClientProtocolClient.java:324)
	at java.util.Optional.ifPresent(Optional.java:159)
	at org.apache.ratis.grpc.client.GrpcClientProtocolClient$AsyncStreamObservers.handleReplyFuture(GrpcClientProtocolClient.java:329)
	at org.apache.ratis.grpc.client.GrpcClientProtocolClient$AsyncStreamObservers.timeoutCheck(GrpcClientProtocolClient.java:324)
	at org.apache.ratis.grpc.client.GrpcClientProtocolClient$AsyncStreamObservers.lambda$onNext$1(GrpcClientProtocolClient.java:318)
	at org.apache.ratis.util.TimeoutScheduler.lambda$onTimeout$0(TimeoutScheduler.java:113)
	at org.apache.ratis.util.TimeoutScheduler.lambda$onTimeout$1(TimeoutScheduler.java:133)
	at org.apache.ratis.util.LogUtils.runAndLog(LogUtils.java:50)
	at org.apache.ratis.util.LogUtils$1.run(LogUtils.java:91)
	at java.util.concurrent.Executors$RunnableAdapter.call(Executors.java:511)
	at java.util.concurrent.FutureTask.run(FutureTask.java:266)
	at java.util.concurrent.ScheduledThreadPoolExecutor$ScheduledFutureTask.access$201(ScheduledThreadPoolExecutor.java:180)
	at java.util.concurrent.ScheduledThreadPoolExecutor$ScheduledFutureTask.run(ScheduledThreadPoolExecutor.java:293)
	at java.util.concurrent.ThreadPoolExecutor.runWorker(ThreadPoolExecutor.java:1149)
	at java.util.concurrent.ThreadPoolExecutor$Worker.run(ThreadPoolExecutor.java:624)
	at java.lang.Thread.run(Thread.java:748)
2019-10-02 05:50:58,990 [java.util.concurrent.ThreadPoolExecutor$Worker@61fcc503[State = -1, empty queue]] WARN  util.TimeoutScheduler (LogUtils.java:runAndLog(55)) - Failed to task #0: java.lang.NullPointerException
2019-10-02 05:51:03,029 [java.util.concurrent.ThreadPoolExecutor$Worker@9b35618[State = -1, empty queue]] ERROR client.GrpcClientProtocolClient (GrpcClientProtocolClient.java:close(148)) - Unexpected exception while waiting for channel termination
java.lang.InterruptedException
	at java.util.concurrent.locks.AbstractQueuedSynchronizer.tryAcquireSharedNanos(AbstractQueuedSynchronizer.java:1326)
	at java.util.concurrent.CountDownLatch.await(CountDownLatch.java:277)
	at org.apache.ratis.thirdparty.io.grpc.internal.ManagedChannelImpl.awaitTermination(ManagedChannelImpl.java:763)
	at org.apache.ratis.thirdparty.io.grpc.internal.ForwardingManagedChannel.awaitTermination(ForwardingManagedChannel.java:57)
	at org.apache.ratis.thirdparty.io.grpc.internal.ManagedChannelOrphanWrapper.awaitTermination(ManagedChannelOrphanWrapper.java:70)
	at org.apache.ratis.grpc.client.GrpcClientProtocolClient.close(GrpcClientProtocolClient.java:146)
	at org.apache.ratis.util.PeerProxyMap$PeerAndProxy.lambda$close$1(PeerProxyMap.java:74)
	at org.apache.ratis.util.LifeCycle.lambda$checkStateAndClose$2(LifeCycle.java:231)
	at org.apache.ratis.util.LifeCycle.checkStateAndClose(LifeCycle.java:251)
	at org.apache.ratis.util.LifeCycle.checkStateAndClose(LifeCycle.java:229)
	at org.apache.ratis.util.PeerProxyMap$PeerAndProxy.close(PeerProxyMap.java:70)
	at org.apache.ratis.util.PeerProxyMap.resetProxy(PeerProxyMap.java:127)
	at org.apache.ratis.util.PeerProxyMap.handleException(PeerProxyMap.java:136)
	at org.apache.ratis.client.impl.RaftClientRpcWithProxy.handleException(RaftClientRpcWithProxy.java:47)
	at org.apache.ratis.client.impl.RaftClientImpl.handleIOException(RaftClientImpl.java:372)
	at org.apache.ratis.client.impl.OrderedAsync.lambda$sendRequest$10(OrderedAsync.java:236)
	at java.util.concurrent.CompletableFuture.uniExceptionally(CompletableFuture.java:870)
	at java.util.concurrent.CompletableFuture$UniExceptionally.tryFire(CompletableFuture.java:852)
	at java.util.concurrent.CompletableFuture.postComplete(CompletableFuture.java:474)
	at java.util.concurrent.CompletableFuture.completeExceptionally(CompletableFuture.java:1977)
	at org.apache.ratis.grpc.client.GrpcClientProtocolClient$AsyncStreamObservers.lambda$timeoutCheck$3(GrpcClientProtocolClient.java:324)
	at java.util.Optional.ifPresent(Optional.java:159)
	at org.apache.ratis.grpc.client.GrpcClientProtocolClient$AsyncStreamObservers.handleReplyFuture(GrpcClientProtocolClient.java:329)
	at org.apache.ratis.grpc.client.GrpcClientProtocolClient$AsyncStreamObservers.timeoutCheck(GrpcClientProtocolClient.java:324)
	at org.apache.ratis.grpc.client.GrpcClientProtocolClient$AsyncStreamObservers.lambda$onNext$1(GrpcClientProtocolClient.java:318)
	at org.apache.ratis.util.TimeoutScheduler.lambda$onTimeout$0(TimeoutScheduler.java:113)
	at org.apache.ratis.util.TimeoutScheduler.lambda$onTimeout$1(TimeoutScheduler.java:133)
	at org.apache.ratis.util.LogUtils.runAndLog(LogUtils.java:50)
	at org.apache.ratis.util.LogUtils$1.run(LogUtils.java:91)
	at java.util.concurrent.Executors$RunnableAdapter.call(Executors.java:511)
	at java.util.concurrent.FutureTask.run(FutureTask.java:266)
	at java.util.concurrent.ScheduledThreadPoolExecutor$ScheduledFutureTask.access$201(ScheduledThreadPoolExecutor.java:180)
	at java.util.concurrent.ScheduledThreadPoolExecutor$ScheduledFutureTask.run(ScheduledThreadPoolExecutor.java:293)
	at java.util.concurrent.ThreadPoolExecutor.runWorker(ThreadPoolExecutor.java:1149)
	at java.util.concurrent.ThreadPoolExecutor$Worker.run(ThreadPoolExecutor.java:624)
	at java.lang.Thread.run(Thread.java:748)
2019-10-02 05:51:03,030 [java.util.concurrent.ThreadPoolExecutor$Worker@9b35618[State = -1, empty queue]] WARN  util.TimeoutScheduler (LogUtils.java:runAndLog(55)) - Failed to task #0: java.lang.NullPointerException
2019-10-02 05:51:07,069 [java.util.concurrent.ThreadPoolExecutor$Worker@31072803[State = -1, empty queue]] ERROR client.GrpcClientProtocolClient (GrpcClientProtocolClient.java:close(148)) - Unexpected exception while waiting for channel termination
java.lang.InterruptedException
	at java.util.concurrent.locks.AbstractQueuedSynchronizer.tryAcquireSharedNanos(AbstractQueuedSynchronizer.java:1326)
	at java.util.concurrent.CountDownLatch.await(CountDownLatch.java:277)
	at org.apache.ratis.thirdparty.io.grpc.internal.ManagedChannelImpl.awaitTermination(ManagedChannelImpl.java:763)
	at org.apache.ratis.thirdparty.io.grpc.internal.ForwardingManagedChannel.awaitTermination(ForwardingManagedChannel.java:57)
	at org.apache.ratis.thirdparty.io.grpc.internal.ManagedChannelOrphanWrapper.awaitTermination(ManagedChannelOrphanWrapper.java:70)
	at org.apache.ratis.grpc.client.GrpcClientProtocolClient.close(GrpcClientProtocolClient.java:146)
	at org.apache.ratis.util.PeerProxyMap$PeerAndProxy.lambda$close$1(PeerProxyMap.java:74)
	at org.apache.ratis.util.LifeCycle.lambda$checkStateAndClose$2(LifeCycle.java:231)
	at org.apache.ratis.util.LifeCycle.checkStateAndClose(LifeCycle.java:251)
	at org.apache.ratis.util.LifeCycle.checkStateAndClose(LifeCycle.java:229)
	at org.apache.ratis.util.PeerProxyMap$PeerAndProxy.close(PeerProxyMap.java:70)
	at org.apache.ratis.util.PeerProxyMap.resetProxy(PeerProxyMap.java:127)
	at org.apache.ratis.util.PeerProxyMap.handleException(PeerProxyMap.java:136)
	at org.apache.ratis.client.impl.RaftClientRpcWithProxy.handleException(RaftClientRpcWithProxy.java:47)
	at org.apache.ratis.client.impl.RaftClientImpl.handleIOException(RaftClientImpl.java:372)
	at org.apache.ratis.client.impl.OrderedAsync.lambda$sendRequest$10(OrderedAsync.java:236)
	at java.util.concurrent.CompletableFuture.uniExceptionally(CompletableFuture.java:870)
	at java.util.concurrent.CompletableFuture$UniExceptionally.tryFire(CompletableFuture.java:852)
	at java.util.concurrent.CompletableFuture.postComplete(CompletableFuture.java:474)
	at java.util.concurrent.CompletableFuture.completeExceptionally(CompletableFuture.java:1977)
	at org.apache.ratis.grpc.client.GrpcClientProtocolClient$AsyncStreamObservers.lambda$timeoutCheck$3(GrpcClientProtocolClient.java:324)
	at java.util.Optional.ifPresent(Optional.java:159)
	at org.apache.ratis.grpc.client.GrpcClientProtocolClient$AsyncStreamObservers.handleReplyFuture(GrpcClientProtocolClient.java:329)
	at org.apache.ratis.grpc.client.GrpcClientProtocolClient$AsyncStreamObservers.timeoutCheck(GrpcClientProtocolClient.java:324)
	at org.apache.ratis.grpc.client.GrpcClientProtocolClient$AsyncStreamObservers.lambda$onNext$1(GrpcClientProtocolClient.java:318)
	at org.apache.ratis.util.TimeoutScheduler.lambda$onTimeout$0(TimeoutScheduler.java:113)
	at org.apache.ratis.util.TimeoutScheduler.lambda$onTimeout$1(TimeoutScheduler.java:133)
	at org.apache.ratis.util.LogUtils.runAndLog(LogUtils.java:50)
	at org.apache.ratis.util.LogUtils$1.run(LogUtils.java:91)
	at java.util.concurrent.Executors$RunnableAdapter.call(Executors.java:511)
	at java.util.concurrent.FutureTask.run(FutureTask.java:266)
	at java.util.concurrent.ScheduledThreadPoolExecutor$ScheduledFutureTask.access$201(ScheduledThreadPoolExecutor.java:180)
	at java.util.concurrent.ScheduledThreadPoolExecutor$ScheduledFutureTask.run(ScheduledThreadPoolExecutor.java:293)
	at java.util.concurrent.ThreadPoolExecutor.runWorker(ThreadPoolExecutor.java:1149)
	at java.util.concurrent.ThreadPoolExecutor$Worker.run(ThreadPoolExecutor.java:624)
	at java.lang.Thread.run(Thread.java:748)
2019-10-02 05:51:07,071 [java.util.concurrent.ThreadPoolExecutor$Worker@31072803[State = -1, empty queue]] WARN  util.TimeoutScheduler (LogUtils.java:runAndLog(55)) - Failed to task #0: java.lang.NullPointerException
2019-10-02 05:51:11,101 [java.util.concurrent.ThreadPoolExecutor$Worker@4752b6d3[State = -1, empty queue]] ERROR client.GrpcClientProtocolClient (GrpcClientProtocolClient.java:close(148)) - Unexpected exception while waiting for channel termination
java.lang.InterruptedException
	at java.util.concurrent.locks.AbstractQueuedSynchronizer.tryAcquireSharedNanos(AbstractQueuedSynchronizer.java:1326)
	at java.util.concurrent.CountDownLatch.await(CountDownLatch.java:277)
	at org.apache.ratis.thirdparty.io.grpc.internal.ManagedChannelImpl.awaitTermination(ManagedChannelImpl.java:763)
	at org.apache.ratis.thirdparty.io.grpc.internal.ForwardingManagedChannel.awaitTermination(ForwardingManagedChannel.java:57)
	at org.apache.ratis.thirdparty.io.grpc.internal.ManagedChannelOrphanWrapper.awaitTermination(ManagedChannelOrphanWrapper.java:70)
	at org.apache.ratis.grpc.client.GrpcClientProtocolClient.close(GrpcClientProtocolClient.java:146)
	at org.apache.ratis.util.PeerProxyMap$PeerAndProxy.lambda$close$1(PeerProxyMap.java:74)
	at org.apache.ratis.util.LifeCycle.lambda$checkStateAndClose$2(LifeCycle.java:231)
	at org.apache.ratis.util.LifeCycle.checkStateAndClose(LifeCycle.java:251)
	at org.apache.ratis.util.LifeCycle.checkStateAndClose(LifeCycle.java:229)
	at org.apache.ratis.util.PeerProxyMap$PeerAndProxy.close(PeerProxyMap.java:70)
	at org.apache.ratis.util.PeerProxyMap.resetProxy(PeerProxyMap.java:127)
	at org.apache.ratis.util.PeerProxyMap.handleException(PeerProxyMap.java:136)
	at org.apache.ratis.client.impl.RaftClientRpcWithProxy.handleException(RaftClientRpcWithProxy.java:47)
	at org.apache.ratis.client.impl.RaftClientImpl.handleIOException(RaftClientImpl.java:372)
	at org.apache.ratis.client.impl.OrderedAsync.lambda$sendRequest$10(OrderedAsync.java:236)
	at java.util.concurrent.CompletableFuture.uniExceptionally(CompletableFuture.java:870)
	at java.util.concurrent.CompletableFuture$UniExceptionally.tryFire(CompletableFuture.java:852)
	at java.util.concurrent.CompletableFuture.postComplete(CompletableFuture.java:474)
	at java.util.concurrent.CompletableFuture.completeExceptionally(CompletableFuture.java:1977)
	at org.apache.ratis.grpc.client.GrpcClientProtocolClient$AsyncStreamObservers.lambda$timeoutCheck$3(GrpcClientProtocolClient.java:324)
	at java.util.Optional.ifPresent(Optional.java:159)
	at org.apache.ratis.grpc.client.GrpcClientProtocolClient$AsyncStreamObservers.handleReplyFuture(GrpcClientProtocolClient.java:329)
	at org.apache.ratis.grpc.client.GrpcClientProtocolClient$AsyncStreamObservers.timeoutCheck(GrpcClientProtocolClient.java:324)
	at org.apache.ratis.grpc.client.GrpcClientProtocolClient$AsyncStreamObservers.lambda$onNext$1(GrpcClientProtocolClient.java:318)
	at org.apache.ratis.util.TimeoutScheduler.lambda$onTimeout$0(TimeoutScheduler.java:113)
	at org.apache.ratis.util.TimeoutScheduler.lambda$onTimeout$1(TimeoutScheduler.java:133)
	at org.apache.ratis.util.LogUtils.runAndLog(LogUtils.java:50)
	at org.apache.ratis.util.LogUtils$1.run(LogUtils.java:91)
	at java.util.concurrent.Executors$RunnableAdapter.call(Executors.java:511)
	at java.util.concurrent.FutureTask.run(FutureTask.java:266)
	at java.util.concurrent.ScheduledThreadPoolExecutor$ScheduledFutureTask.access$201(ScheduledThreadPoolExecutor.java:180)
	at java.util.concurrent.ScheduledThreadPoolExecutor$ScheduledFutureTask.run(ScheduledThreadPoolExecutor.java:293)
	at java.util.concurrent.ThreadPoolExecutor.runWorker(ThreadPoolExecutor.java:1149)
	at java.util.concurrent.ThreadPoolExecutor$Worker.run(ThreadPoolExecutor.java:624)
	at java.lang.Thread.run(Thread.java:748)
2019-10-02 05:51:11,102 [java.util.concurrent.ThreadPoolExecutor$Worker@4752b6d3[State = -1, empty queue]] WARN  util.TimeoutScheduler (LogUtils.java:runAndLog(55)) - Failed to task #0: java.lang.NullPointerException
2019-10-02 05:51:15,142 [java.util.concurrent.ThreadPoolExecutor$Worker@33756ff7[State = -1, empty queue]] ERROR client.GrpcClientProtocolClient (GrpcClientProtocolClient.java:close(148)) - Unexpected exception while waiting for channel termination
java.lang.InterruptedException
	at java.util.concurrent.locks.AbstractQueuedSynchronizer.tryAcquireSharedNanos(AbstractQueuedSynchronizer.java:1326)
	at java.util.concurrent.CountDownLatch.await(CountDownLatch.java:277)
	at org.apache.ratis.thirdparty.io.grpc.internal.ManagedChannelImpl.awaitTermination(ManagedChannelImpl.java:763)
	at org.apache.ratis.thirdparty.io.grpc.internal.ForwardingManagedChannel.awaitTermination(ForwardingManagedChannel.java:57)
	at org.apache.ratis.thirdparty.io.grpc.internal.ManagedChannelOrphanWrapper.awaitTermination(ManagedChannelOrphanWrapper.java:70)
	at org.apache.ratis.grpc.client.GrpcClientProtocolClient.close(GrpcClientProtocolClient.java:146)
	at org.apache.ratis.util.PeerProxyMap$PeerAndProxy.lambda$close$1(PeerProxyMap.java:74)
	at org.apache.ratis.util.LifeCycle.lambda$checkStateAndClose$2(LifeCycle.java:231)
	at org.apache.ratis.util.LifeCycle.checkStateAndClose(LifeCycle.java:251)
	at org.apache.ratis.util.LifeCycle.checkStateAndClose(LifeCycle.java:229)
	at org.apache.ratis.util.PeerProxyMap$PeerAndProxy.close(PeerProxyMap.java:70)
	at org.apache.ratis.util.PeerProxyMap.resetProxy(PeerProxyMap.java:127)
	at org.apache.ratis.util.PeerProxyMap.handleException(PeerProxyMap.java:136)
	at org.apache.ratis.client.impl.RaftClientRpcWithProxy.handleException(RaftClientRpcWithProxy.java:47)
	at org.apache.ratis.client.impl.RaftClientImpl.handleIOException(RaftClientImpl.java:372)
	at org.apache.ratis.client.impl.OrderedAsync.lambda$sendRequest$10(OrderedAsync.java:236)
	at java.util.concurrent.CompletableFuture.uniExceptionally(CompletableFuture.java:870)
	at java.util.concurrent.CompletableFuture$UniExceptionally.tryFire(CompletableFuture.java:852)
	at java.util.concurrent.CompletableFuture.postComplete(CompletableFuture.java:474)
	at java.util.concurrent.CompletableFuture.completeExceptionally(CompletableFuture.java:1977)
	at org.apache.ratis.grpc.client.GrpcClientProtocolClient$AsyncStreamObservers.lambda$timeoutCheck$3(GrpcClientProtocolClient.java:324)
	at java.util.Optional.ifPresent(Optional.java:159)
	at org.apache.ratis.grpc.client.GrpcClientProtocolClient$AsyncStreamObservers.handleReplyFuture(GrpcClientProtocolClient.java:329)
	at org.apache.ratis.grpc.client.GrpcClientProtocolClient$AsyncStreamObservers.timeoutCheck(GrpcClientProtocolClient.java:324)
	at org.apache.ratis.grpc.client.GrpcClientProtocolClient$AsyncStreamObservers.lambda$onNext$1(GrpcClientProtocolClient.java:318)
	at org.apache.ratis.util.TimeoutScheduler.lambda$onTimeout$0(TimeoutScheduler.java:113)
	at org.apache.ratis.util.TimeoutScheduler.lambda$onTimeout$1(TimeoutScheduler.java:133)
	at org.apache.ratis.util.LogUtils.runAndLog(LogUtils.java:50)
	at org.apache.ratis.util.LogUtils$1.run(LogUtils.java:91)
	at java.util.concurrent.Executors$RunnableAdapter.call(Executors.java:511)
	at java.util.concurrent.FutureTask.run(FutureTask.java:266)
	at java.util.concurrent.ScheduledThreadPoolExecutor$ScheduledFutureTask.access$201(ScheduledThreadPoolExecutor.java:180)
	at java.util.concurrent.ScheduledThreadPoolExecutor$ScheduledFutureTask.run(ScheduledThreadPoolExecutor.java:293)
	at java.util.concurrent.ThreadPoolExecutor.runWorker(ThreadPoolExecutor.java:1149)
	at java.util.concurrent.ThreadPoolExecutor$Worker.run(ThreadPoolExecutor.java:624)
	at java.lang.Thread.run(Thread.java:748)
2019-10-02 05:51:15,145 [java.util.concurrent.ThreadPoolExecutor$Worker@33756ff7[State = -1, empty queue]] WARN  util.TimeoutScheduler (LogUtils.java:runAndLog(55)) - Failed to task #0: java.lang.NullPointerException
2019-10-02 05:51:19,184 [java.util.concurrent.ThreadPoolExecutor$Worker@5c3469f3[State = -1, empty queue]] ERROR client.GrpcClientProtocolClient (GrpcClientProtocolClient.java:close(148)) - Unexpected exception while waiting for channel termination
java.lang.InterruptedException
	at java.util.concurrent.locks.AbstractQueuedSynchronizer.tryAcquireSharedNanos(AbstractQueuedSynchronizer.java:1326)
	at java.util.concurrent.CountDownLatch.await(CountDownLatch.java:277)
	at org.apache.ratis.thirdparty.io.grpc.internal.ManagedChannelImpl.awaitTermination(ManagedChannelImpl.java:763)
	at org.apache.ratis.thirdparty.io.grpc.internal.ForwardingManagedChannel.awaitTermination(ForwardingManagedChannel.java:57)
	at org.apache.ratis.thirdparty.io.grpc.internal.ManagedChannelOrphanWrapper.awaitTermination(ManagedChannelOrphanWrapper.java:70)
	at org.apache.ratis.grpc.client.GrpcClientProtocolClient.close(GrpcClientProtocolClient.java:146)
	at org.apache.ratis.util.PeerProxyMap$PeerAndProxy.lambda$close$1(PeerProxyMap.java:74)
	at org.apache.ratis.util.LifeCycle.lambda$checkStateAndClose$2(LifeCycle.java:231)
	at org.apache.ratis.util.LifeCycle.checkStateAndClose(LifeCycle.java:251)
	at org.apache.ratis.util.LifeCycle.checkStateAndClose(LifeCycle.java:229)
	at org.apache.ratis.util.PeerProxyMap$PeerAndProxy.close(PeerProxyMap.java:70)
	at org.apache.ratis.util.PeerProxyMap.resetProxy(PeerProxyMap.java:127)
	at org.apache.ratis.util.PeerProxyMap.handleException(PeerProxyMap.java:136)
	at org.apache.ratis.client.impl.RaftClientRpcWithProxy.handleException(RaftClientRpcWithProxy.java:47)
	at org.apache.ratis.client.impl.RaftClientImpl.handleIOException(RaftClientImpl.java:372)
	at org.apache.ratis.client.impl.OrderedAsync.lambda$sendRequest$10(OrderedAsync.java:236)
	at java.util.concurrent.CompletableFuture.uniExceptionally(CompletableFuture.java:870)
	at java.util.concurrent.CompletableFuture$UniExceptionally.tryFire(CompletableFuture.java:852)
	at java.util.concurrent.CompletableFuture.postComplete(CompletableFuture.java:474)
	at java.util.concurrent.CompletableFuture.completeExceptionally(CompletableFuture.java:1977)
	at org.apache.ratis.grpc.client.GrpcClientProtocolClient$AsyncStreamObservers.lambda$timeoutCheck$3(GrpcClientProtocolClient.java:324)
	at java.util.Optional.ifPresent(Optional.java:159)
	at org.apache.ratis.grpc.client.GrpcClientProtocolClient$AsyncStreamObservers.handleReplyFuture(GrpcClientProtocolClient.java:329)
	at org.apache.ratis.grpc.client.GrpcClientProtocolClient$AsyncStreamObservers.timeoutCheck(GrpcClientProtocolClient.java:324)
	at org.apache.ratis.grpc.client.GrpcClientProtocolClient$AsyncStreamObservers.lambda$onNext$1(GrpcClientProtocolClient.java:318)
	at org.apache.ratis.util.TimeoutScheduler.lambda$onTimeout$0(TimeoutScheduler.java:113)
	at org.apache.ratis.util.TimeoutScheduler.lambda$onTimeout$1(TimeoutScheduler.java:133)
	at org.apache.ratis.util.LogUtils.runAndLog(LogUtils.java:50)
	at org.apache.ratis.util.LogUtils$1.run(LogUtils.java:91)
	at java.util.concurrent.Executors$RunnableAdapter.call(Executors.java:511)
	at java.util.concurrent.FutureTask.run(FutureTask.java:266)
	at java.util.concurrent.ScheduledThreadPoolExecutor$ScheduledFutureTask.access$201(ScheduledThreadPoolExecutor.java:180)
	at java.util.concurrent.ScheduledThreadPoolExecutor$ScheduledFutureTask.run(ScheduledThreadPoolExecutor.java:293)
	at java.util.concurrent.ThreadPoolExecutor.runWorker(ThreadPoolExecutor.java:1149)
	at java.util.concurrent.ThreadPoolExecutor$Worker.run(ThreadPoolExecutor.java:624)
	at java.lang.Thread.run(Thread.java:748)
2019-10-02 05:51:19,185 [java.util.concurrent.ThreadPoolExecutor$Worker@5c3469f3[State = -1, empty queue]] WARN  util.TimeoutScheduler (LogUtils.java:runAndLog(55)) - Failed to task #0: java.lang.NullPointerException
2019-10-02 05:51:23,233 [java.util.concurrent.ThreadPoolExecutor$Worker@15bc9fba[State = -1, empty queue]] ERROR client.GrpcClientProtocolClient (GrpcClientProtocolClient.java:close(148)) - Unexpected exception while waiting for channel termination
java.lang.InterruptedException
	at java.util.concurrent.locks.AbstractQueuedSynchronizer.tryAcquireSharedNanos(AbstractQueuedSynchronizer.java:1326)
	at java.util.concurrent.CountDownLatch.await(CountDownLatch.java:277)
	at org.apache.ratis.thirdparty.io.grpc.internal.ManagedChannelImpl.awaitTermination(ManagedChannelImpl.java:763)
	at org.apache.ratis.thirdparty.io.grpc.internal.ForwardingManagedChannel.awaitTermination(ForwardingManagedChannel.java:57)
	at org.apache.ratis.thirdparty.io.grpc.internal.ManagedChannelOrphanWrapper.awaitTermination(ManagedChannelOrphanWrapper.java:70)
	at org.apache.ratis.grpc.client.GrpcClientProtocolClient.close(GrpcClientProtocolClient.java:146)
	at org.apache.ratis.util.PeerProxyMap$PeerAndProxy.lambda$close$1(PeerProxyMap.java:74)
	at org.apache.ratis.util.LifeCycle.lambda$checkStateAndClose$2(LifeCycle.java:231)
	at org.apache.ratis.util.LifeCycle.checkStateAndClose(LifeCycle.java:251)
	at org.apache.ratis.util.LifeCycle.checkStateAndClose(LifeCycle.java:229)
	at org.apache.ratis.util.PeerProxyMap$PeerAndProxy.close(PeerProxyMap.java:70)
	at org.apache.ratis.util.PeerProxyMap.resetProxy(PeerProxyMap.java:127)
	at org.apache.ratis.util.PeerProxyMap.handleException(PeerProxyMap.java:136)
	at org.apache.ratis.client.impl.RaftClientRpcWithProxy.handleException(RaftClientRpcWithProxy.java:47)
	at org.apache.ratis.client.impl.RaftClientImpl.handleIOException(RaftClientImpl.java:372)
	at org.apache.ratis.client.impl.OrderedAsync.lambda$sendRequest$10(OrderedAsync.java:236)
	at java.util.concurrent.CompletableFuture.uniExceptionally(CompletableFuture.java:870)
	at java.util.concurrent.CompletableFuture$UniExceptionally.tryFire(CompletableFuture.java:852)
	at java.util.concurrent.CompletableFuture.postComplete(CompletableFuture.java:474)
	at java.util.concurrent.CompletableFuture.completeExceptionally(CompletableFuture.java:1977)
	at org.apache.ratis.grpc.client.GrpcClientProtocolClient$AsyncStreamObservers.lambda$timeoutCheck$3(GrpcClientProtocolClient.java:324)
	at java.util.Optional.ifPresent(Optional.java:159)
	at org.apache.ratis.grpc.client.GrpcClientProtocolClient$AsyncStreamObservers.handleReplyFuture(GrpcClientProtocolClient.java:329)
	at org.apache.ratis.grpc.client.GrpcClientProtocolClient$AsyncStreamObservers.timeoutCheck(GrpcClientProtocolClient.java:324)
	at org.apache.ratis.grpc.client.GrpcClientProtocolClient$AsyncStreamObservers.lambda$onNext$1(GrpcClientProtocolClient.java:318)
	at org.apache.ratis.util.TimeoutScheduler.lambda$onTimeout$0(TimeoutScheduler.java:113)
	at org.apache.ratis.util.TimeoutScheduler.lambda$onTimeout$1(TimeoutScheduler.java:133)
	at org.apache.ratis.util.LogUtils.runAndLog(LogUtils.java:50)
	at org.apache.ratis.util.LogUtils$1.run(LogUtils.java:91)
	at java.util.concurrent.Executors$RunnableAdapter.call(Executors.java:511)
	at java.util.concurrent.FutureTask.run(FutureTask.java:266)
	at java.util.concurrent.ScheduledThreadPoolExecutor$ScheduledFutureTask.access$201(ScheduledThreadPoolExecutor.java:180)
	at java.util.concurrent.ScheduledThreadPoolExecutor$ScheduledFutureTask.run(ScheduledThreadPoolExecutor.java:293)
	at java.util.concurrent.ThreadPoolExecutor.runWorker(ThreadPoolExecutor.java:1149)
	at java.util.concurrent.ThreadPoolExecutor$Worker.run(ThreadPoolExecutor.java:624)
	at java.lang.Thread.run(Thread.java:748)
2019-10-02 05:51:23,234 [java.util.concurrent.ThreadPoolExecutor$Worker@15bc9fba[State = -1, empty queue]] WARN  util.TimeoutScheduler (LogUtils.java:runAndLog(55)) - Failed to task #0: java.lang.NullPointerException
2019-10-02 05:51:27,268 [java.util.concurrent.ThreadPoolExecutor$Worker@472acf57[State = -1, empty queue]] ERROR client.GrpcClientProtocolClient (GrpcClientProtocolClient.java:close(148)) - Unexpected exception while waiting for channel termination
java.lang.InterruptedException
	at java.util.concurrent.locks.AbstractQueuedSynchronizer.tryAcquireSharedNanos(AbstractQueuedSynchronizer.java:1326)
	at java.util.concurrent.CountDownLatch.await(CountDownLatch.java:277)
	at org.apache.ratis.thirdparty.io.grpc.internal.ManagedChannelImpl.awaitTermination(ManagedChannelImpl.java:763)
	at org.apache.ratis.thirdparty.io.grpc.internal.ForwardingManagedChannel.awaitTermination(ForwardingManagedChannel.java:57)
	at org.apache.ratis.thirdparty.io.grpc.internal.ManagedChannelOrphanWrapper.awaitTermination(ManagedChannelOrphanWrapper.java:70)
	at org.apache.ratis.grpc.client.GrpcClientProtocolClient.close(GrpcClientProtocolClient.java:146)
	at org.apache.ratis.util.PeerProxyMap$PeerAndProxy.lambda$close$1(PeerProxyMap.java:74)
	at org.apache.ratis.util.LifeCycle.lambda$checkStateAndClose$2(LifeCycle.java:231)
	at org.apache.ratis.util.LifeCycle.checkStateAndClose(LifeCycle.java:251)
	at org.apache.ratis.util.LifeCycle.checkStateAndClose(LifeCycle.java:229)
	at org.apache.ratis.util.PeerProxyMap$PeerAndProxy.close(PeerProxyMap.java:70)
	at org.apache.ratis.util.PeerProxyMap.resetProxy(PeerProxyMap.java:127)
	at org.apache.ratis.util.PeerProxyMap.handleException(PeerProxyMap.java:136)
	at org.apache.ratis.client.impl.RaftClientRpcWithProxy.handleException(RaftClientRpcWithProxy.java:47)
	at org.apache.ratis.client.impl.RaftClientImpl.handleIOException(RaftClientImpl.java:372)
	at org.apache.ratis.client.impl.OrderedAsync.lambda$sendRequest$10(OrderedAsync.java:236)
	at java.util.concurrent.CompletableFuture.uniExceptionally(CompletableFuture.java:870)
	at java.util.concurrent.CompletableFuture$UniExceptionally.tryFire(CompletableFuture.java:852)
	at java.util.concurrent.CompletableFuture.postComplete(CompletableFuture.java:474)
	at java.util.concurrent.CompletableFuture.completeExceptionally(CompletableFuture.java:1977)
	at org.apache.ratis.grpc.client.GrpcClientProtocolClient$AsyncStreamObservers.lambda$timeoutCheck$3(GrpcClientProtocolClient.java:324)
	at java.util.Optional.ifPresent(Optional.java:159)
	at org.apache.ratis.grpc.client.GrpcClientProtocolClient$AsyncStreamObservers.handleReplyFuture(GrpcClientProtocolClient.java:329)
	at org.apache.ratis.grpc.client.GrpcClientProtocolClient$AsyncStreamObservers.timeoutCheck(GrpcClientProtocolClient.java:324)
	at org.apache.ratis.grpc.client.GrpcClientProtocolClient$AsyncStreamObservers.lambda$onNext$1(GrpcClientProtocolClient.java:318)
	at org.apache.ratis.util.TimeoutScheduler.lambda$onTimeout$0(TimeoutScheduler.java:113)
	at org.apache.ratis.util.TimeoutScheduler.lambda$onTimeout$1(TimeoutScheduler.java:133)
	at org.apache.ratis.util.LogUtils.runAndLog(LogUtils.java:50)
	at org.apache.ratis.util.LogUtils$1.run(LogUtils.java:91)
	at java.util.concurrent.Executors$RunnableAdapter.call(Executors.java:511)
	at java.util.concurrent.FutureTask.run(FutureTask.java:266)
	at java.util.concurrent.ScheduledThreadPoolExecutor$ScheduledFutureTask.access$201(ScheduledThreadPoolExecutor.java:180)
	at java.util.concurrent.ScheduledThreadPoolExecutor$ScheduledFutureTask.run(ScheduledThreadPoolExecutor.java:293)
	at java.util.concurrent.ThreadPoolExecutor.runWorker(ThreadPoolExecutor.java:1149)
	at java.util.concurrent.ThreadPoolExecutor$Worker.run(ThreadPoolExecutor.java:624)
	at java.lang.Thread.run(Thread.java:748)
2019-10-02 05:51:27,271 [java.util.concurrent.ThreadPoolExecutor$Worker@472acf57[State = -1, empty queue]] WARN  util.TimeoutScheduler (LogUtils.java:runAndLog(55)) - Failed to task #0: java.lang.NullPointerException
2019-10-02 05:51:31,296 [java.util.concurrent.ThreadPoolExecutor$Worker@44609f09[State = -1, empty queue]] ERROR client.GrpcClientProtocolClient (GrpcClientProtocolClient.java:close(148)) - Unexpected exception while waiting for channel termination
java.lang.InterruptedException
	at java.util.concurrent.locks.AbstractQueuedSynchronizer.tryAcquireSharedNanos(AbstractQueuedSynchronizer.java:1326)
	at java.util.concurrent.CountDownLatch.await(CountDownLatch.java:277)
	at org.apache.ratis.thirdparty.io.grpc.internal.ManagedChannelImpl.awaitTermination(ManagedChannelImpl.java:763)
	at org.apache.ratis.thirdparty.io.grpc.internal.ForwardingManagedChannel.awaitTermination(ForwardingManagedChannel.java:57)
	at org.apache.ratis.thirdparty.io.grpc.internal.ManagedChannelOrphanWrapper.awaitTermination(ManagedChannelOrphanWrapper.java:70)
	at org.apache.ratis.grpc.client.GrpcClientProtocolClient.close(GrpcClientProtocolClient.java:146)
	at org.apache.ratis.util.PeerProxyMap$PeerAndProxy.lambda$close$1(PeerProxyMap.java:74)
	at org.apache.ratis.util.LifeCycle.lambda$checkStateAndClose$2(LifeCycle.java:231)
	at org.apache.ratis.util.LifeCycle.checkStateAndClose(LifeCycle.java:251)
	at org.apache.ratis.util.LifeCycle.checkStateAndClose(LifeCycle.java:229)
	at org.apache.ratis.util.PeerProxyMap$PeerAndProxy.close(PeerProxyMap.java:70)
	at org.apache.ratis.util.PeerProxyMap.resetProxy(PeerProxyMap.java:127)
	at org.apache.ratis.util.PeerProxyMap.handleException(PeerProxyMap.java:136)
	at org.apache.ratis.client.impl.RaftClientRpcWithProxy.handleException(RaftClientRpcWithProxy.java:47)
	at org.apache.ratis.client.impl.RaftClientImpl.handleIOException(RaftClientImpl.java:372)
	at org.apache.ratis.client.impl.OrderedAsync.lambda$sendRequest$10(OrderedAsync.java:236)
	at java.util.concurrent.CompletableFuture.uniExceptionally(CompletableFuture.java:870)
	at java.util.concurrent.CompletableFuture$UniExceptionally.tryFire(CompletableFuture.java:852)
	at java.util.concurrent.CompletableFuture.postComplete(CompletableFuture.java:474)
	at java.util.concurrent.CompletableFuture.completeExceptionally(CompletableFuture.java:1977)
	at org.apache.ratis.grpc.client.GrpcClientProtocolClient$AsyncStreamObservers.lambda$timeoutCheck$3(GrpcClientProtocolClient.java:324)
	at java.util.Optional.ifPresent(Optional.java:159)
	at org.apache.ratis.grpc.client.GrpcClientProtocolClient$AsyncStreamObservers.handleReplyFuture(GrpcClientProtocolClient.java:329)
	at org.apache.ratis.grpc.client.GrpcClientProtocolClient$AsyncStreamObservers.timeoutCheck(GrpcClientProtocolClient.java:324)
	at org.apache.ratis.grpc.client.GrpcClientProtocolClient$AsyncStreamObservers.lambda$onNext$1(GrpcClientProtocolClient.java:318)
	at org.apache.ratis.util.TimeoutScheduler.lambda$onTimeout$0(TimeoutScheduler.java:113)
	at org.apache.ratis.util.TimeoutScheduler.lambda$onTimeout$1(TimeoutScheduler.java:133)
	at org.apache.ratis.util.LogUtils.runAndLog(LogUtils.java:50)
	at org.apache.ratis.util.LogUtils$1.run(LogUtils.java:91)
	at java.util.concurrent.Executors$RunnableAdapter.call(Executors.java:511)
	at java.util.concurrent.FutureTask.run(FutureTask.java:266)
	at java.util.concurrent.ScheduledThreadPoolExecutor$ScheduledFutureTask.access$201(ScheduledThreadPoolExecutor.java:180)
	at java.util.concurrent.ScheduledThreadPoolExecutor$ScheduledFutureTask.run(ScheduledThreadPoolExecutor.java:293)
	at java.util.concurrent.ThreadPoolExecutor.runWorker(ThreadPoolExecutor.java:1149)
	at java.util.concurrent.ThreadPoolExecutor$Worker.run(ThreadPoolExecutor.java:624)
	at java.lang.Thread.run(Thread.java:748)
2019-10-02 05:51:31,299 [java.util.concurrent.ThreadPoolExecutor$Worker@44609f09[State = -1, empty queue]] WARN  util.TimeoutScheduler (LogUtils.java:runAndLog(55)) - Failed to task #0: java.lang.NullPointerException
2019-10-02 05:51:35,324 [java.util.concurrent.ThreadPoolExecutor$Worker@7eea59a1[State = -1, empty queue]] ERROR client.GrpcClientProtocolClient (GrpcClientProtocolClient.java:close(148)) - Unexpected exception while waiting for channel termination
java.lang.InterruptedException
	at java.util.concurrent.locks.AbstractQueuedSynchronizer.tryAcquireSharedNanos(AbstractQueuedSynchronizer.java:1326)
	at java.util.concurrent.CountDownLatch.await(CountDownLatch.java:277)
	at org.apache.ratis.thirdparty.io.grpc.internal.ManagedChannelImpl.awaitTermination(ManagedChannelImpl.java:763)
	at org.apache.ratis.thirdparty.io.grpc.internal.ForwardingManagedChannel.awaitTermination(ForwardingManagedChannel.java:57)
	at org.apache.ratis.thirdparty.io.grpc.internal.ManagedChannelOrphanWrapper.awaitTermination(ManagedChannelOrphanWrapper.java:70)
	at org.apache.ratis.grpc.client.GrpcClientProtocolClient.close(GrpcClientProtocolClient.java:146)
	at org.apache.ratis.util.PeerProxyMap$PeerAndProxy.lambda$close$1(PeerProxyMap.java:74)
	at org.apache.ratis.util.LifeCycle.lambda$checkStateAndClose$2(LifeCycle.java:231)
	at org.apache.ratis.util.LifeCycle.checkStateAndClose(LifeCycle.java:251)
	at org.apache.ratis.util.LifeCycle.checkStateAndClose(LifeCycle.java:229)
	at org.apache.ratis.util.PeerProxyMap$PeerAndProxy.close(PeerProxyMap.java:70)
	at org.apache.ratis.util.PeerProxyMap.resetProxy(PeerProxyMap.java:127)
	at org.apache.ratis.util.PeerProxyMap.handleException(PeerProxyMap.java:136)
	at org.apache.ratis.client.impl.RaftClientRpcWithProxy.handleException(RaftClientRpcWithProxy.java:47)
	at org.apache.ratis.client.impl.RaftClientImpl.handleIOException(RaftClientImpl.java:372)
	at org.apache.ratis.client.impl.OrderedAsync.lambda$sendRequest$10(OrderedAsync.java:236)
	at java.util.concurrent.CompletableFuture.uniExceptionally(CompletableFuture.java:870)
	at java.util.concurrent.CompletableFuture$UniExceptionally.tryFire(CompletableFuture.java:852)
	at java.util.concurrent.CompletableFuture.postComplete(CompletableFuture.java:474)
	at java.util.concurrent.CompletableFuture.completeExceptionally(CompletableFuture.java:1977)
	at org.apache.ratis.grpc.client.GrpcClientProtocolClient$AsyncStreamObservers.lambda$timeoutCheck$3(GrpcClientProtocolClient.java:324)
	at java.util.Optional.ifPresent(Optional.java:159)
	at org.apache.ratis.grpc.client.GrpcClientProtocolClient$AsyncStreamObservers.handleReplyFuture(GrpcClientProtocolClient.java:329)
	at org.apache.ratis.grpc.client.GrpcClientProtocolClient$AsyncStreamObservers.timeoutCheck(GrpcClientProtocolClient.java:324)
	at org.apache.ratis.grpc.client.GrpcClientProtocolClient$AsyncStreamObservers.lambda$onNext$1(GrpcClientProtocolClient.java:318)
	at org.apache.ratis.util.TimeoutScheduler.lambda$onTimeout$0(TimeoutScheduler.java:113)
	at org.apache.ratis.util.TimeoutScheduler.lambda$onTimeout$1(TimeoutScheduler.java:133)
	at org.apache.ratis.util.LogUtils.runAndLog(LogUtils.java:50)
	at org.apache.ratis.util.LogUtils$1.run(LogUtils.java:91)
	at java.util.concurrent.Executors$RunnableAdapter.call(Executors.java:511)
	at java.util.concurrent.FutureTask.run(FutureTask.java:266)
	at java.util.concurrent.ScheduledThreadPoolExecutor$ScheduledFutureTask.access$201(ScheduledThreadPoolExecutor.java:180)
	at java.util.concurrent.ScheduledThreadPoolExecutor$ScheduledFutureTask.run(ScheduledThreadPoolExecutor.java:293)
	at java.util.concurrent.ThreadPoolExecutor.runWorker(ThreadPoolExecutor.java:1149)
	at java.util.concurrent.ThreadPoolExecutor$Worker.run(ThreadPoolExecutor.java:624)
	at java.lang.Thread.run(Thread.java:748)
2019-10-02 05:51:35,327 [java.util.concurrent.ThreadPoolExecutor$Worker@7eea59a1[State = -1, empty queue]] WARN  util.TimeoutScheduler (LogUtils.java:runAndLog(55)) - Failed to task #0: java.lang.NullPointerException
2019-10-02 05:51:39,359 [java.util.concurrent.ThreadPoolExecutor$Worker@467cfcde[State = -1, empty queue]] ERROR client.GrpcClientProtocolClient (GrpcClientProtocolClient.java:close(148)) - Unexpected exception while waiting for channel termination
java.lang.InterruptedException
	at java.util.concurrent.locks.AbstractQueuedSynchronizer.tryAcquireSharedNanos(AbstractQueuedSynchronizer.java:1326)
	at java.util.concurrent.CountDownLatch.await(CountDownLatch.java:277)
	at org.apache.ratis.thirdparty.io.grpc.internal.ManagedChannelImpl.awaitTermination(ManagedChannelImpl.java:763)
	at org.apache.ratis.thirdparty.io.grpc.internal.ForwardingManagedChannel.awaitTermination(ForwardingManagedChannel.java:57)
	at org.apache.ratis.thirdparty.io.grpc.internal.ManagedChannelOrphanWrapper.awaitTermination(ManagedChannelOrphanWrapper.java:70)
	at org.apache.ratis.grpc.client.GrpcClientProtocolClient.close(GrpcClientProtocolClient.java:146)
	at org.apache.ratis.util.PeerProxyMap$PeerAndProxy.lambda$close$1(PeerProxyMap.java:74)
	at org.apache.ratis.util.LifeCycle.lambda$checkStateAndClose$2(LifeCycle.java:231)
	at org.apache.ratis.util.LifeCycle.checkStateAndClose(LifeCycle.java:251)
	at org.apache.ratis.util.LifeCycle.checkStateAndClose(LifeCycle.java:229)
	at org.apache.ratis.util.PeerProxyMap$PeerAndProxy.close(PeerProxyMap.java:70)
	at org.apache.ratis.util.PeerProxyMap.resetProxy(PeerProxyMap.java:127)
	at org.apache.ratis.util.PeerProxyMap.handleException(PeerProxyMap.java:136)
	at org.apache.ratis.client.impl.RaftClientRpcWithProxy.handleException(RaftClientRpcWithProxy.java:47)
	at org.apache.ratis.client.impl.RaftClientImpl.handleIOException(RaftClientImpl.java:372)
	at org.apache.ratis.client.impl.OrderedAsync.lambda$sendRequest$10(OrderedAsync.java:236)
	at java.util.concurrent.CompletableFuture.uniExceptionally(CompletableFuture.java:870)
	at java.util.concurrent.CompletableFuture$UniExceptionally.tryFire(CompletableFuture.java:852)
	at java.util.concurrent.CompletableFuture.postComplete(CompletableFuture.java:474)
	at java.util.concurrent.CompletableFuture.completeExceptionally(CompletableFuture.java:1977)
	at org.apache.ratis.grpc.client.GrpcClientProtocolClient$AsyncStreamObservers.lambda$timeoutCheck$3(GrpcClientProtocolClient.java:324)
	at java.util.Optional.ifPresent(Optional.java:159)
	at org.apache.ratis.grpc.client.GrpcClientProtocolClient$AsyncStreamObservers.handleReplyFuture(GrpcClientProtocolClient.java:329)
	at org.apache.ratis.grpc.client.GrpcClientProtocolClient$AsyncStreamObservers.timeoutCheck(GrpcClientProtocolClient.java:324)
	at org.apache.ratis.grpc.client.GrpcClientProtocolClient$AsyncStreamObservers.lambda$onNext$1(GrpcClientProtocolClient.java:318)
	at org.apache.ratis.util.TimeoutScheduler.lambda$onTimeout$0(TimeoutScheduler.java:113)
	at org.apache.ratis.util.TimeoutScheduler.lambda$onTimeout$1(TimeoutScheduler.java:133)
	at org.apache.ratis.util.LogUtils.runAndLog(LogUtils.java:50)
	at org.apache.ratis.util.LogUtils$1.run(LogUtils.java:91)
	at java.util.concurrent.Executors$RunnableAdapter.call(Executors.java:511)
	at java.util.concurrent.FutureTask.run(FutureTask.java:266)
	at java.util.concurrent.ScheduledThreadPoolExecutor$ScheduledFutureTask.access$201(ScheduledThreadPoolExecutor.java:180)
	at java.util.concurrent.ScheduledThreadPoolExecutor$ScheduledFutureTask.run(ScheduledThreadPoolExecutor.java:293)
	at java.util.concurrent.ThreadPoolExecutor.runWorker(ThreadPoolExecutor.java:1149)
	at java.util.concurrent.ThreadPoolExecutor$Worker.run(ThreadPoolExecutor.java:624)
	at java.lang.Thread.run(Thread.java:748)
2019-10-02 05:51:39,368 [java.util.concurrent.ThreadPoolExecutor$Worker@467cfcde[State = -1, empty queue]] WARN  util.TimeoutScheduler (LogUtils.java:runAndLog(55)) - Failed to task #0: java.lang.NullPointerException
2019-10-02 05:51:43,393 [java.util.concurrent.ThreadPoolExecutor$Worker@6ffd9d28[State = -1, empty queue]] ERROR client.GrpcClientProtocolClient (GrpcClientProtocolClient.java:close(148)) - Unexpected exception while waiting for channel termination
java.lang.InterruptedException
	at java.util.concurrent.locks.AbstractQueuedSynchronizer.tryAcquireSharedNanos(AbstractQueuedSynchronizer.java:1326)
	at java.util.concurrent.CountDownLatch.await(CountDownLatch.java:277)
	at org.apache.ratis.thirdparty.io.grpc.internal.ManagedChannelImpl.awaitTermination(ManagedChannelImpl.java:763)
	at org.apache.ratis.thirdparty.io.grpc.internal.ForwardingManagedChannel.awaitTermination(ForwardingManagedChannel.java:57)
	at org.apache.ratis.thirdparty.io.grpc.internal.ManagedChannelOrphanWrapper.awaitTermination(ManagedChannelOrphanWrapper.java:70)
	at org.apache.ratis.grpc.client.GrpcClientProtocolClient.close(GrpcClientProtocolClient.java:146)
	at org.apache.ratis.util.PeerProxyMap$PeerAndProxy.lambda$close$1(PeerProxyMap.java:74)
	at org.apache.ratis.util.LifeCycle.lambda$checkStateAndClose$2(LifeCycle.java:231)
	at org.apache.ratis.util.LifeCycle.checkStateAndClose(LifeCycle.java:251)
	at org.apache.ratis.util.LifeCycle.checkStateAndClose(LifeCycle.java:229)
	at org.apache.ratis.util.PeerProxyMap$PeerAndProxy.close(PeerProxyMap.java:70)
	at org.apache.ratis.util.PeerProxyMap.resetProxy(PeerProxyMap.java:127)
	at org.apache.ratis.util.PeerProxyMap.handleException(PeerProxyMap.java:136)
	at org.apache.ratis.client.impl.RaftClientRpcWithProxy.handleException(RaftClientRpcWithProxy.java:47)
	at org.apache.ratis.client.impl.RaftClientImpl.handleIOException(RaftClientImpl.java:372)
	at org.apache.ratis.client.impl.OrderedAsync.lambda$sendRequest$10(OrderedAsync.java:236)
	at java.util.concurrent.CompletableFuture.uniExceptionally(CompletableFuture.java:870)
	at java.util.concurrent.CompletableFuture$UniExceptionally.tryFire(CompletableFuture.java:852)
	at java.util.concurrent.CompletableFuture.postComplete(CompletableFuture.java:474)
	at java.util.concurrent.CompletableFuture.completeExceptionally(CompletableFuture.java:1977)
	at org.apache.ratis.grpc.client.GrpcClientProtocolClient$AsyncStreamObservers.lambda$timeoutCheck$3(GrpcClientProtocolClient.java:324)
	at java.util.Optional.ifPresent(Optional.java:159)
	at org.apache.ratis.grpc.client.GrpcClientProtocolClient$AsyncStreamObservers.handleReplyFuture(GrpcClientProtocolClient.java:329)
	at org.apache.ratis.grpc.client.GrpcClientProtocolClient$AsyncStreamObservers.timeoutCheck(GrpcClientProtocolClient.java:324)
	at org.apache.ratis.grpc.client.GrpcClientProtocolClient$AsyncStreamObservers.lambda$onNext$1(GrpcClientProtocolClient.java:318)
	at org.apache.ratis.util.TimeoutScheduler.lambda$onTimeout$0(TimeoutScheduler.java:113)
	at org.apache.ratis.util.TimeoutScheduler.lambda$onTimeout$1(TimeoutScheduler.java:133)
	at org.apache.ratis.util.LogUtils.runAndLog(LogUtils.java:50)
	at org.apache.ratis.util.LogUtils$1.run(LogUtils.java:91)
	at java.util.concurrent.Executors$RunnableAdapter.call(Executors.java:511)
	at java.util.concurrent.FutureTask.run(FutureTask.java:266)
	at java.util.concurrent.ScheduledThreadPoolExecutor$ScheduledFutureTask.access$201(ScheduledThreadPoolExecutor.java:180)
	at java.util.concurrent.ScheduledThreadPoolExecutor$ScheduledFutureTask.run(ScheduledThreadPoolExecutor.java:293)
	at java.util.concurrent.ThreadPoolExecutor.runWorker(ThreadPoolExecutor.java:1149)
	at java.util.concurrent.ThreadPoolExecutor$Worker.run(ThreadPoolExecutor.java:624)
	at java.lang.Thread.run(Thread.java:748)
2019-10-02 05:51:43,395 [java.util.concurrent.ThreadPoolExecutor$Worker@6ffd9d28[State = -1, empty queue]] WARN  util.TimeoutScheduler (LogUtils.java:runAndLog(55)) - Failed to task #0: java.lang.NullPointerException
2019-10-02 05:51:47,452 [java.util.concurrent.ThreadPoolExecutor$Worker@23227e66[State = -1, empty queue]] ERROR client.GrpcClientProtocolClient (GrpcClientProtocolClient.java:close(148)) - Unexpected exception while waiting for channel termination
java.lang.InterruptedException
	at java.util.concurrent.locks.AbstractQueuedSynchronizer.tryAcquireSharedNanos(AbstractQueuedSynchronizer.java:1326)
	at java.util.concurrent.CountDownLatch.await(CountDownLatch.java:277)
	at org.apache.ratis.thirdparty.io.grpc.internal.ManagedChannelImpl.awaitTermination(ManagedChannelImpl.java:763)
	at org.apache.ratis.thirdparty.io.grpc.internal.ForwardingManagedChannel.awaitTermination(ForwardingManagedChannel.java:57)
	at org.apache.ratis.thirdparty.io.grpc.internal.ManagedChannelOrphanWrapper.awaitTermination(ManagedChannelOrphanWrapper.java:70)
	at org.apache.ratis.grpc.client.GrpcClientProtocolClient.close(GrpcClientProtocolClient.java:146)
	at org.apache.ratis.util.PeerProxyMap$PeerAndProxy.lambda$close$1(PeerProxyMap.java:74)
	at org.apache.ratis.util.LifeCycle.lambda$checkStateAndClose$2(LifeCycle.java:231)
	at org.apache.ratis.util.LifeCycle.checkStateAndClose(LifeCycle.java:251)
	at org.apache.ratis.util.LifeCycle.checkStateAndClose(LifeCycle.java:229)
	at org.apache.ratis.util.PeerProxyMap$PeerAndProxy.close(PeerProxyMap.java:70)
	at org.apache.ratis.util.PeerProxyMap.resetProxy(PeerProxyMap.java:127)
	at org.apache.ratis.util.PeerProxyMap.handleException(PeerProxyMap.java:136)
	at org.apache.ratis.client.impl.RaftClientRpcWithProxy.handleException(RaftClientRpcWithProxy.java:47)
	at org.apache.ratis.client.impl.RaftClientImpl.handleIOException(RaftClientImpl.java:372)
	at org.apache.ratis.client.impl.OrderedAsync.lambda$sendRequest$10(OrderedAsync.java:236)
	at java.util.concurrent.CompletableFuture.uniExceptionally(CompletableFuture.java:870)
	at java.util.concurrent.CompletableFuture$UniExceptionally.tryFire(CompletableFuture.java:852)
	at java.util.concurrent.CompletableFuture.postComplete(CompletableFuture.java:474)
	at java.util.concurrent.CompletableFuture.completeExceptionally(CompletableFuture.java:1977)
	at org.apache.ratis.grpc.client.GrpcClientProtocolClient$AsyncStreamObservers.lambda$timeoutCheck$3(GrpcClientProtocolClient.java:324)
	at java.util.Optional.ifPresent(Optional.java:159)
	at org.apache.ratis.grpc.client.GrpcClientProtocolClient$AsyncStreamObservers.handleReplyFuture(GrpcClientProtocolClient.java:329)
	at org.apache.ratis.grpc.client.GrpcClientProtocolClient$AsyncStreamObservers.timeoutCheck(GrpcClientProtocolClient.java:324)
	at org.apache.ratis.grpc.client.GrpcClientProtocolClient$AsyncStreamObservers.lambda$onNext$1(GrpcClientProtocolClient.java:318)
	at org.apache.ratis.util.TimeoutScheduler.lambda$onTimeout$0(TimeoutScheduler.java:113)
	at org.apache.ratis.util.TimeoutScheduler.lambda$onTimeout$1(TimeoutScheduler.java:133)
	at org.apache.ratis.util.LogUtils.runAndLog(LogUtils.java:50)
	at org.apache.ratis.util.LogUtils$1.run(LogUtils.java:91)
	at java.util.concurrent.Executors$RunnableAdapter.call(Executors.java:511)
	at java.util.concurrent.FutureTask.run(FutureTask.java:266)
	at java.util.concurrent.ScheduledThreadPoolExecutor$ScheduledFutureTask.access$201(ScheduledThreadPoolExecutor.java:180)
	at java.util.concurrent.ScheduledThreadPoolExecutor$ScheduledFutureTask.run(ScheduledThreadPoolExecutor.java:293)
	at java.util.concurrent.ThreadPoolExecutor.runWorker(ThreadPoolExecutor.java:1149)
	at java.util.concurrent.ThreadPoolExecutor$Worker.run(ThreadPoolExecutor.java:624)
	at java.lang.Thread.run(Thread.java:748)
2019-10-02 05:51:47,455 [java.util.concurrent.ThreadPoolExecutor$Worker@23227e66[State = -1, empty queue]] WARN  util.TimeoutScheduler (LogUtils.java:runAndLog(55)) - Failed to task #0: java.lang.NullPointerException
2019-10-02 05:51:50,022 [grpc-default-executor-5] INFO  impl.RaftServerProxy (RaftServerProxy.java:remove(95)) - 13d2ee1c-0738-43ab-a5ad-515c50b1fbae: remove  FOLLOWER 13d2ee1c-0738-43ab-a5ad-515c50b1fbae@group-A635589BB47D:t1, leader=abe57f94-e75c-4edc-b3a9-58e47daaf051, voted=abe57f94-e75c-4edc-b3a9-58e47daaf051, raftlog=13d2ee1c-0738-43ab-a5ad-515c50b1fbae@group-A635589BB47D-SegmentedRaftLog:OPENED:c0,f2,i2, conf=0: [13d2ee1c-0738-43ab-a5ad-515c50b1fbae:192.168.164.250:33826, 440b2d92-0317-41e4-b6a8-f5ef9f70ba68:192.168.164.250:38969, abe57f94-e75c-4edc-b3a9-58e47daaf051:192.168.164.250:36875], old=null RUNNING
2019-10-02 05:51:50,023 [grpc-default-executor-5] INFO  impl.RaftServerImpl (RaftServerImpl.java:lambda$shutdown$3(247)) - 13d2ee1c-0738-43ab-a5ad-515c50b1fbae@group-A635589BB47D: shutdown
2019-10-02 05:51:50,023 [grpc-default-executor-5] INFO  util.JmxRegister (JmxRegister.java:unregister(73)) - Successfully un-registered JMX Bean with object name Ratis:service=RaftServer,group=group-A635589BB47D,id=13d2ee1c-0738-43ab-a5ad-515c50b1fbae
2019-10-02 05:51:50,023 [grpc-default-executor-5] INFO  impl.RoleInfo (RoleInfo.java:shutdownFollowerState(121)) - 13d2ee1c-0738-43ab-a5ad-515c50b1fbae: shutdown FollowerState
2019-10-02 05:51:50,024 [grpc-default-executor-5] INFO  impl.StateMachineUpdater (StateMachineUpdater.java:stopAndJoin(136)) - 13d2ee1c-0738-43ab-a5ad-515c50b1fbae@group-A635589BB47D-StateMachineUpdater: set stopIndex = 0
2019-10-02 05:51:50,024 [Thread-310] INFO  impl.FollowerState (FollowerState.java:run(117)) - 13d2ee1c-0738-43ab-a5ad-515c50b1fbae@group-A635589BB47D-FollowerState was interrupted: java.lang.InterruptedException: sleep interrupted
2019-10-02 05:51:50,026 [grpc-default-executor-5] INFO  impl.RaftServerImpl (ServerState.java:close(387)) - 13d2ee1c-0738-43ab-a5ad-515c50b1fbae@group-A635589BB47D: closes. applyIndex: 0
2019-10-02 05:51:50,026 [13d2ee1c-0738-43ab-a5ad-515c50b1fbae@group-A635589BB47D-SegmentedRaftLogWorker] INFO  segmented.SegmentedRaftLogWorker (SegmentedRaftLogWorker.java:run(316)) - 13d2ee1c-0738-43ab-a5ad-515c50b1fbae@group-A635589BB47D-SegmentedRaftLogWorker was interrupted, exiting. There are 0 tasks remaining in the queue.
2019-10-02 05:51:50,028 [grpc-default-executor-5] INFO  segmented.SegmentedRaftLogWorker (SegmentedRaftLogWorker.java:close(224)) - 13d2ee1c-0738-43ab-a5ad-515c50b1fbae@group-A635589BB47D-SegmentedRaftLogWorker close()
2019-10-02 05:51:50,101 [grpc-default-executor-5] INFO  interfaces.Container (KeyValueContainer.java:flushAndSyncDB(386)) - Container 3 is synced with bcsId 0.
2019-10-02 05:51:50,101 [grpc-default-executor-5] INFO  interfaces.Container (KeyValueContainer.java:flushAndSyncDB(386)) - Container 3 is synced with bcsId 0.
2019-10-02 05:51:50,117 [EventQueue-IncrementalContainerReportForIncrementalContainerReportHandler] INFO  container.IncrementalContainerReportHandler (AbstractContainerReportHandler.java:updateContainerState(169)) - Moving container #3 to QUASI_CLOSED state, datanode 13d2ee1c-0738-43ab-a5ad-515c50b1fbae{ip: 192.168.164.250, host: pr-trunk-p5fv4-2201032288, networkLocation: /default-rack, certSerialId: null} reported QUASI_CLOSED replica.
2019-10-02 05:51:50,127 [grpc-default-executor-5] INFO  impl.RaftServerProxy (RaftServerProxy.java:remove(95)) - 440b2d92-0317-41e4-b6a8-f5ef9f70ba68: remove  FOLLOWER 440b2d92-0317-41e4-b6a8-f5ef9f70ba68@group-A635589BB47D:t1, leader=abe57f94-e75c-4edc-b3a9-58e47daaf051, voted=abe57f94-e75c-4edc-b3a9-58e47daaf051, raftlog=440b2d92-0317-41e4-b6a8-f5ef9f70ba68@group-A635589BB47D-SegmentedRaftLog:OPENED:c0,f2,i2, conf=0: [13d2ee1c-0738-43ab-a5ad-515c50b1fbae:192.168.164.250:33826, 440b2d92-0317-41e4-b6a8-f5ef9f70ba68:192.168.164.250:38969, abe57f94-e75c-4edc-b3a9-58e47daaf051:192.168.164.250:36875], old=null RUNNING
2019-10-02 05:51:50,127 [grpc-default-executor-5] INFO  impl.RaftServerImpl (RaftServerImpl.java:lambda$shutdown$3(247)) - 440b2d92-0317-41e4-b6a8-f5ef9f70ba68@group-A635589BB47D: shutdown
2019-10-02 05:51:50,127 [grpc-default-executor-5] INFO  util.JmxRegister (JmxRegister.java:unregister(73)) - Successfully un-registered JMX Bean with object name Ratis:service=RaftServer,group=group-A635589BB47D,id=440b2d92-0317-41e4-b6a8-f5ef9f70ba68
2019-10-02 05:51:50,128 [grpc-default-executor-5] INFO  impl.RoleInfo (RoleInfo.java:shutdownFollowerState(121)) - 440b2d92-0317-41e4-b6a8-f5ef9f70ba68: shutdown FollowerState
2019-10-02 05:51:50,128 [grpc-default-executor-5] INFO  impl.StateMachineUpdater (StateMachineUpdater.java:stopAndJoin(136)) - 440b2d92-0317-41e4-b6a8-f5ef9f70ba68@group-A635589BB47D-StateMachineUpdater: set stopIndex = 0
2019-10-02 05:51:50,128 [Thread-311] INFO  impl.FollowerState (FollowerState.java:run(117)) - 440b2d92-0317-41e4-b6a8-f5ef9f70ba68@group-A635589BB47D-FollowerState was interrupted: java.lang.InterruptedException: sleep interrupted
2019-10-02 05:51:50,130 [grpc-default-executor-5] INFO  impl.RaftServerImpl (ServerState.java:close(387)) - 440b2d92-0317-41e4-b6a8-f5ef9f70ba68@group-A635589BB47D: closes. applyIndex: 0
2019-10-02 05:51:50,130 [440b2d92-0317-41e4-b6a8-f5ef9f70ba68@group-A635589BB47D-SegmentedRaftLogWorker] INFO  segmented.SegmentedRaftLogWorker (SegmentedRaftLogWorker.java:run(316)) - 440b2d92-0317-41e4-b6a8-f5ef9f70ba68@group-A635589BB47D-SegmentedRaftLogWorker was interrupted, exiting. There are 0 tasks remaining in the queue.
2019-10-02 05:51:50,132 [grpc-default-executor-5] INFO  segmented.SegmentedRaftLogWorker (SegmentedRaftLogWorker.java:close(224)) - 440b2d92-0317-41e4-b6a8-f5ef9f70ba68@group-A635589BB47D-SegmentedRaftLogWorker close()
2019-10-02 05:51:50,213 [grpc-default-executor-5] INFO  interfaces.Container (KeyValueContainer.java:flushAndSyncDB(386)) - Container 3 is synced with bcsId 0.
2019-10-02 05:51:50,213 [grpc-default-executor-5] INFO  interfaces.Container (KeyValueContainer.java:flushAndSyncDB(386)) - Container 3 is synced with bcsId 0.
2019-10-02 05:51:50,235 [grpc-default-executor-5] INFO  impl.RaftServerProxy (RaftServerProxy.java:remove(95)) - abe57f94-e75c-4edc-b3a9-58e47daaf051: remove    LEADER abe57f94-e75c-4edc-b3a9-58e47daaf051@group-A635589BB47D:t1, leader=abe57f94-e75c-4edc-b3a9-58e47daaf051, voted=abe57f94-e75c-4edc-b3a9-58e47daaf051, raftlog=abe57f94-e75c-4edc-b3a9-58e47daaf051@group-A635589BB47D-SegmentedRaftLog:OPENED:c0,f0,i2, conf=0: [13d2ee1c-0738-43ab-a5ad-515c50b1fbae:192.168.164.250:33826, 440b2d92-0317-41e4-b6a8-f5ef9f70ba68:192.168.164.250:38969, abe57f94-e75c-4edc-b3a9-58e47daaf051:192.168.164.250:36875], old=null RUNNING
2019-10-02 05:51:50,235 [grpc-default-executor-5] INFO  impl.RaftServerImpl (RaftServerImpl.java:lambda$shutdown$3(247)) - abe57f94-e75c-4edc-b3a9-58e47daaf051@group-A635589BB47D: shutdown
2019-10-02 05:51:50,236 [grpc-default-executor-5] INFO  util.JmxRegister (JmxRegister.java:unregister(73)) - Successfully un-registered JMX Bean with object name Ratis:service=RaftServer,group=group-A635589BB47D,id=abe57f94-e75c-4edc-b3a9-58e47daaf051
2019-10-02 05:51:50,236 [grpc-default-executor-5] INFO  impl.RoleInfo (RoleInfo.java:shutdownLeaderState(104)) - abe57f94-e75c-4edc-b3a9-58e47daaf051: shutdown LeaderState
2019-10-02 05:51:50,238 [grpc-default-executor-5] INFO  impl.PendingRequests (PendingRequests.java:sendNotLeaderResponses(202)) - abe57f94-e75c-4edc-b3a9-58e47daaf051@group-A635589BB47D-PendingRequests: sendNotLeaderResponses
2019-10-02 05:51:50,238 [org.apache.ratis.server.impl.LogAppender$AppenderDaemon$$Lambda$514/351410477@fb1a170] WARN  server.GrpcLogAppender (GrpcLogAppender.java:mayWait(143)) - abe57f94-e75c-4edc-b3a9-58e47daaf051@group-A635589BB47D->13d2ee1c-0738-43ab-a5ad-515c50b1fbae-GrpcLogAppender: Wait interrupted by java.lang.InterruptedException
2019-10-02 05:51:50,238 [org.apache.ratis.server.impl.LogAppender$AppenderDaemon$$Lambda$514/351410477@68efcff3] WARN  server.GrpcLogAppender (GrpcLogAppender.java:mayWait(143)) - abe57f94-e75c-4edc-b3a9-58e47daaf051@group-A635589BB47D->440b2d92-0317-41e4-b6a8-f5ef9f70ba68-GrpcLogAppender: Wait interrupted by java.lang.InterruptedException
2019-10-02 05:51:50,241 [grpc-default-executor-6] INFO  server.GrpcServerProtocolService (GrpcServerProtocolService.java:onCompleted(113)) - 13d2ee1c-0738-43ab-a5ad-515c50b1fbae: Completed APPEND_ENTRIES, lastRequest: abe57f94-e75c-4edc-b3a9-58e47daaf051->13d2ee1c-0738-43ab-a5ad-515c50b1fbae#87-t1, previous=(t:1, i:2), leaderCommit=0, initializing? false, entries: <empty>
2019-10-02 05:51:50,241 [grpc-default-executor-9] INFO  server.GrpcServerProtocolService (GrpcServerProtocolService.java:onCompleted(113)) - 440b2d92-0317-41e4-b6a8-f5ef9f70ba68: Completed APPEND_ENTRIES, lastRequest: abe57f94-e75c-4edc-b3a9-58e47daaf051->440b2d92-0317-41e4-b6a8-f5ef9f70ba68#87-t1, previous=(t:1, i:2), leaderCommit=0, initializing? false, entries: <empty>
2019-10-02 05:51:50,246 [grpc-default-executor-5] INFO  impl.StateMachineUpdater (StateMachineUpdater.java:stopAndJoin(136)) - abe57f94-e75c-4edc-b3a9-58e47daaf051@group-A635589BB47D-StateMachineUpdater: set stopIndex = 0
2019-10-02 05:51:50,257 [grpc-default-executor-6] INFO  server.GrpcLogAppender (GrpcLogAppender.java:onCompleted(293)) - abe57f94-e75c-4edc-b3a9-58e47daaf051@group-A635589BB47D->440b2d92-0317-41e4-b6a8-f5ef9f70ba68-AppendLogResponseHandler: follower responses appendEntries COMPLETED
2019-10-02 05:51:50,267 [grpc-default-executor-5] INFO  impl.RaftServerImpl (ServerState.java:close(387)) - abe57f94-e75c-4edc-b3a9-58e47daaf051@group-A635589BB47D: closes. applyIndex: 0
2019-10-02 05:51:50,277 [abe57f94-e75c-4edc-b3a9-58e47daaf051@group-A635589BB47D-SegmentedRaftLogWorker] INFO  segmented.SegmentedRaftLogWorker (SegmentedRaftLogWorker.java:run(316)) - abe57f94-e75c-4edc-b3a9-58e47daaf051@group-A635589BB47D-SegmentedRaftLogWorker was interrupted, exiting. There are 0 tasks remaining in the queue.
2019-10-02 05:51:50,277 [grpc-default-executor-6] INFO  impl.FollowerInfo (FollowerInfo.java:lambda$new$0(51)) - abe57f94-e75c-4edc-b3a9-58e47daaf051@group-A635589BB47D->440b2d92-0317-41e4-b6a8-f5ef9f70ba68: nextIndex: updateUnconditionally 3 -> 2
2019-10-02 05:51:50,280 [grpc-default-executor-15] INFO  server.GrpcLogAppender (GrpcLogAppender.java:onCompleted(293)) - abe57f94-e75c-4edc-b3a9-58e47daaf051@group-A635589BB47D->13d2ee1c-0738-43ab-a5ad-515c50b1fbae-AppendLogResponseHandler: follower responses appendEntries COMPLETED
2019-10-02 05:51:50,280 [grpc-default-executor-5] INFO  segmented.SegmentedRaftLogWorker (SegmentedRaftLogWorker.java:close(224)) - abe57f94-e75c-4edc-b3a9-58e47daaf051@group-A635589BB47D-SegmentedRaftLogWorker close()
2019-10-02 05:51:50,288 [grpc-default-executor-15] INFO  impl.FollowerInfo (FollowerInfo.java:lambda$new$0(51)) - abe57f94-e75c-4edc-b3a9-58e47daaf051@group-A635589BB47D->13d2ee1c-0738-43ab-a5ad-515c50b1fbae: nextIndex: updateUnconditionally 3 -> 2
2019-10-02 05:51:50,296 [RatisPipelineUtilsThread] INFO  pipeline.PipelineStateManager (PipelineStateManager.java:removePipeline(108)) - Pipeline Pipeline[ Id: 41ceef36-cc72-4288-89dc-a635589bb47d, Nodes: 13d2ee1c-0738-43ab-a5ad-515c50b1fbae{ip: 192.168.164.250, host: pr-trunk-p5fv4-2201032288, networkLocation: /default-rack, certSerialId: null}440b2d92-0317-41e4-b6a8-f5ef9f70ba68{ip: 192.168.164.250, host: pr-trunk-p5fv4-2201032288, networkLocation: /default-rack, certSerialId: null}abe57f94-e75c-4edc-b3a9-58e47daaf051{ip: 192.168.164.250, host: pr-trunk-p5fv4-2201032288, networkLocation: /default-rack, certSerialId: null}, Type:RATIS, Factor:THREE, State:CLOSED] removed from db
2019-10-02 05:51:50,303 [grpc-default-executor-5] INFO  impl.RaftServerProxy (RaftServerProxy.java:remove(95)) - 13d2ee1c-0738-43ab-a5ad-515c50b1fbae: remove group-A635589BB47D:null
2019-10-02 05:51:50,314 [RatisPipelineUtilsThread] WARN  pipeline.RatisPipelineUtils (RatisPipelineUtils.java:destroyPipeline(67)) - Pipeline destroy failed for pipeline=PipelineID=41ceef36-cc72-4288-89dc-a635589bb47d dn=13d2ee1c-0738-43ab-a5ad-515c50b1fbae{ip: 192.168.164.250, host: pr-trunk-p5fv4-2201032288, networkLocation: /default-rack, certSerialId: null}
2019-10-02 05:51:50,322 [grpc-default-executor-5] INFO  impl.RaftServerProxy (RaftServerProxy.java:remove(95)) - 440b2d92-0317-41e4-b6a8-f5ef9f70ba68: remove group-A635589BB47D:null
2019-10-02 05:51:50,328 [RatisPipelineUtilsThread] WARN  pipeline.RatisPipelineUtils (RatisPipelineUtils.java:destroyPipeline(67)) - Pipeline destroy failed for pipeline=PipelineID=41ceef36-cc72-4288-89dc-a635589bb47d dn=440b2d92-0317-41e4-b6a8-f5ef9f70ba68{ip: 192.168.164.250, host: pr-trunk-p5fv4-2201032288, networkLocation: /default-rack, certSerialId: null}
2019-10-02 05:51:50,332 [grpc-default-executor-5] INFO  impl.RaftServerProxy (RaftServerProxy.java:remove(95)) - abe57f94-e75c-4edc-b3a9-58e47daaf051: remove group-A635589BB47D:null
2019-10-02 05:51:50,338 [RatisPipelineUtilsThread] WARN  pipeline.RatisPipelineUtils (RatisPipelineUtils.java:destroyPipeline(67)) - Pipeline destroy failed for pipeline=PipelineID=41ceef36-cc72-4288-89dc-a635589bb47d dn=abe57f94-e75c-4edc-b3a9-58e47daaf051{ip: 192.168.164.250, host: pr-trunk-p5fv4-2201032288, networkLocation: /default-rack, certSerialId: null}
2019-10-02 05:51:50,339 [RatisPipelineUtilsThread] ERROR pipeline.SCMPipelineManager (Scheduler.java:lambda$schedule$1(70)) - Destroy pipeline failed for pipeline:Pipeline[ Id: 41ceef36-cc72-4288-89dc-a635589bb47d, Nodes: 13d2ee1c-0738-43ab-a5ad-515c50b1fbae{ip: 192.168.164.250, host: pr-trunk-p5fv4-2201032288, networkLocation: /default-rack, certSerialId: null}440b2d92-0317-41e4-b6a8-f5ef9f70ba68{ip: 192.168.164.250, host: pr-trunk-p5fv4-2201032288, networkLocation: /default-rack, certSerialId: null}abe57f94-e75c-4edc-b3a9-58e47daaf051{ip: 192.168.164.250, host: pr-trunk-p5fv4-2201032288, networkLocation: /default-rack, certSerialId: null}, Type:RATIS, Factor:THREE, State:CLOSED]
org.apache.hadoop.hdds.scm.pipeline.PipelineNotFoundException: PipelineID=41ceef36-cc72-4288-89dc-a635589bb47d not found
	at org.apache.hadoop.hdds.scm.pipeline.PipelineStateMap.getPipeline(PipelineStateMap.java:132)
	at org.apache.hadoop.hdds.scm.pipeline.PipelineStateMap.removePipeline(PipelineStateMap.java:322)
	at org.apache.hadoop.hdds.scm.pipeline.PipelineStateManager.removePipeline(PipelineStateManager.java:107)
	at org.apache.hadoop.hdds.scm.pipeline.SCMPipelineManager.removePipeline(SCMPipelineManager.java:427)
	at org.apache.hadoop.hdds.scm.pipeline.SCMPipelineManager.destroyPipeline(SCMPipelineManager.java:413)
	at org.apache.hadoop.hdds.scm.pipeline.SCMPipelineManager.lambda$finalizeAndDestroyPipeline$0(SCMPipelineManager.java:322)
	at org.apache.hadoop.hdds.utils.Scheduler.lambda$schedule$1(Scheduler.java:68)
	at java.util.concurrent.Executors$RunnableAdapter.call(Executors.java:511)
	at java.util.concurrent.FutureTask.run(FutureTask.java:266)
	at java.util.concurrent.ScheduledThreadPoolExecutor$ScheduledFutureTask.access$201(ScheduledThreadPoolExecutor.java:180)
	at java.util.concurrent.ScheduledThreadPoolExecutor$ScheduledFutureTask.run(ScheduledThreadPoolExecutor.java:293)
	at java.util.concurrent.ThreadPoolExecutor.runWorker(ThreadPoolExecutor.java:1149)
	at java.util.concurrent.ThreadPoolExecutor$Worker.run(ThreadPoolExecutor.java:624)
	at java.lang.Thread.run(Thread.java:748)
2019-10-02 05:51:50,352 [grpc-default-executor-14] INFO  impl.RaftServerProxy (RaftServerProxy.java:addNew(89)) - 440b2d92-0317-41e4-b6a8-f5ef9f70ba68: addNew group-E8C0ACEEC78C:[13d2ee1c-0738-43ab-a5ad-515c50b1fbae:192.168.164.250:33826, 440b2d92-0317-41e4-b6a8-f5ef9f70ba68:192.168.164.250:38969, abe57f94-e75c-4edc-b3a9-58e47daaf051:192.168.164.250:36875] returns group-E8C0ACEEC78C:java.util.concurrent.CompletableFuture@743c17a6[Not completed]
2019-10-02 05:51:50,352 [grpc-default-executor-5] INFO  impl.RaftServerProxy (RaftServerProxy.java:addNew(89)) - abe57f94-e75c-4edc-b3a9-58e47daaf051: addNew group-E8C0ACEEC78C:[13d2ee1c-0738-43ab-a5ad-515c50b1fbae:192.168.164.250:33826, 440b2d92-0317-41e4-b6a8-f5ef9f70ba68:192.168.164.250:38969, abe57f94-e75c-4edc-b3a9-58e47daaf051:192.168.164.250:36875] returns group-E8C0ACEEC78C:java.util.concurrent.CompletableFuture@5988a752[Not completed]
2019-10-02 05:51:50,352 [grpc-default-executor-15] INFO  impl.RaftServerProxy (RaftServerProxy.java:addNew(89)) - 13d2ee1c-0738-43ab-a5ad-515c50b1fbae: addNew group-E8C0ACEEC78C:[13d2ee1c-0738-43ab-a5ad-515c50b1fbae:192.168.164.250:33826, 440b2d92-0317-41e4-b6a8-f5ef9f70ba68:192.168.164.250:38969, abe57f94-e75c-4edc-b3a9-58e47daaf051:192.168.164.250:36875] returns group-E8C0ACEEC78C:java.util.concurrent.CompletableFuture@504634e6[Not completed]
2019-10-02 05:51:50,355 [pool-57-thread-1] INFO  impl.RaftServerImpl (RaftServerImpl.java:<init>(95)) - 13d2ee1c-0738-43ab-a5ad-515c50b1fbae: new RaftServerImpl for group-E8C0ACEEC78C:[13d2ee1c-0738-43ab-a5ad-515c50b1fbae:192.168.164.250:33826, 440b2d92-0317-41e4-b6a8-f5ef9f70ba68:192.168.164.250:38969, abe57f94-e75c-4edc-b3a9-58e47daaf051:192.168.164.250:36875] with ContainerStateMachine:uninitialized
2019-10-02 05:51:50,355 [pool-57-thread-1] INFO  server.RaftServerConfigKeys (ConfUtils.java:logGet(43)) - raft.server.rpc.timeout.min = 5s (custom)
2019-10-02 05:51:50,355 [pool-57-thread-1] INFO  server.RaftServerConfigKeys (ConfUtils.java:logGet(43)) - raft.server.rpc.timeout.max = 5200ms (custom)
2019-10-02 05:51:50,355 [pool-57-thread-1] INFO  server.RaftServerConfigKeys (ConfUtils.java:logGet(43)) - raft.server.rpcslowness.timeout = 120s (custom)
2019-10-02 05:51:50,355 [pool-57-thread-1] INFO  server.RaftServerConfigKeys (ConfUtils.java:logGet(43)) - raft.server.sleep.deviation.threshold = 300 (default)
2019-10-02 05:51:50,355 [pool-57-thread-1] INFO  server.RaftServerConfigKeys (ConfUtils.java:logGet(43)) - raft.server.log.appender.install.snapshot.enabled = false (custom)
2019-10-02 05:51:50,355 [pool-47-thread-1] INFO  impl.RaftServerImpl (RaftServerImpl.java:<init>(95)) - abe57f94-e75c-4edc-b3a9-58e47daaf051: new RaftServerImpl for group-E8C0ACEEC78C:[13d2ee1c-0738-43ab-a5ad-515c50b1fbae:192.168.164.250:33826, 440b2d92-0317-41e4-b6a8-f5ef9f70ba68:192.168.164.250:38969, abe57f94-e75c-4edc-b3a9-58e47daaf051:192.168.164.250:36875] with ContainerStateMachine:uninitialized
2019-10-02 05:51:50,355 [pool-57-thread-1] INFO  impl.RaftServerImpl (ServerState.java:<init>(103)) - 13d2ee1c-0738-43ab-a5ad-515c50b1fbae@group-E8C0ACEEC78C: ConfigurationManager, init=-1: [13d2ee1c-0738-43ab-a5ad-515c50b1fbae:192.168.164.250:33826, 440b2d92-0317-41e4-b6a8-f5ef9f70ba68:192.168.164.250:38969, abe57f94-e75c-4edc-b3a9-58e47daaf051:192.168.164.250:36875], old=null, confs=<EMPTY_MAP>
2019-10-02 05:51:50,356 [pool-47-thread-1] INFO  server.RaftServerConfigKeys (ConfUtils.java:logGet(43)) - raft.server.rpc.timeout.min = 5s (custom)
2019-10-02 05:51:50,356 [pool-47-thread-1] INFO  server.RaftServerConfigKeys (ConfUtils.java:logGet(43)) - raft.server.rpc.timeout.max = 5200ms (custom)
2019-10-02 05:51:50,356 [pool-77-thread-1] INFO  impl.RaftServerImpl (RaftServerImpl.java:<init>(95)) - 440b2d92-0317-41e4-b6a8-f5ef9f70ba68: new RaftServerImpl for group-E8C0ACEEC78C:[13d2ee1c-0738-43ab-a5ad-515c50b1fbae:192.168.164.250:33826, 440b2d92-0317-41e4-b6a8-f5ef9f70ba68:192.168.164.250:38969, abe57f94-e75c-4edc-b3a9-58e47daaf051:192.168.164.250:36875] with ContainerStateMachine:uninitialized
2019-10-02 05:51:50,356 [pool-57-thread-1] INFO  server.RaftServerConfigKeys (ConfUtils.java:logGet(43)) - raft.server.storage.dir = [/workdir/hadoop-ozone/integration-test/target/test-dir/MiniOzoneClusterImpl-96702981-7b9c-49f5-b2c8-8280b9e400ec/datanode-3/data/ratis] (custom)
2019-10-02 05:51:50,356 [pool-77-thread-1] INFO  server.RaftServerConfigKeys (ConfUtils.java:logGet(43)) - raft.server.rpc.timeout.min = 5s (custom)
2019-10-02 05:51:50,356 [pool-47-thread-1] INFO  server.RaftServerConfigKeys (ConfUtils.java:logGet(43)) - raft.server.rpcslowness.timeout = 120s (custom)
2019-10-02 05:51:50,356 [pool-77-thread-1] INFO  server.RaftServerConfigKeys (ConfUtils.java:logGet(43)) - raft.server.rpc.timeout.max = 5200ms (custom)
2019-10-02 05:51:50,356 [pool-57-thread-1] INFO  server.RaftServerConfigKeys (ConfUtils.java:logGet(43)) - raft.server.log.corruption.policy = EXCEPTION (default)
2019-10-02 05:51:50,356 [pool-47-thread-1] INFO  server.RaftServerConfigKeys (ConfUtils.java:logGet(43)) - raft.server.sleep.deviation.threshold = 300 (default)
2019-10-02 05:51:50,356 [pool-77-thread-1] INFO  server.RaftServerConfigKeys (ConfUtils.java:logGet(43)) - raft.server.rpcslowness.timeout = 120s (custom)
2019-10-02 05:51:50,356 [pool-47-thread-1] INFO  server.RaftServerConfigKeys (ConfUtils.java:logGet(43)) - raft.server.log.appender.install.snapshot.enabled = false (custom)
2019-10-02 05:51:50,356 [pool-57-thread-1] INFO  storage.RaftStorageDirectory (RaftStorageDirectory.java:analyzeStorage(246)) - The storage directory /workdir/hadoop-ozone/integration-test/target/test-dir/MiniOzoneClusterImpl-96702981-7b9c-49f5-b2c8-8280b9e400ec/datanode-3/data/ratis/b55d4236-2948-48d8-b02c-e8c0aceec78c does not exist. Creating ...
2019-10-02 05:51:50,357 [pool-47-thread-1] INFO  impl.RaftServerImpl (ServerState.java:<init>(103)) - abe57f94-e75c-4edc-b3a9-58e47daaf051@group-E8C0ACEEC78C: ConfigurationManager, init=-1: [13d2ee1c-0738-43ab-a5ad-515c50b1fbae:192.168.164.250:33826, 440b2d92-0317-41e4-b6a8-f5ef9f70ba68:192.168.164.250:38969, abe57f94-e75c-4edc-b3a9-58e47daaf051:192.168.164.250:36875], old=null, confs=<EMPTY_MAP>
2019-10-02 05:51:50,356 [pool-77-thread-1] INFO  server.RaftServerConfigKeys (ConfUtils.java:logGet(43)) - raft.server.sleep.deviation.threshold = 300 (default)
2019-10-02 05:51:50,357 [pool-47-thread-1] INFO  server.RaftServerConfigKeys (ConfUtils.java:logGet(43)) - raft.server.storage.dir = [/workdir/hadoop-ozone/integration-test/target/test-dir/MiniOzoneClusterImpl-96702981-7b9c-49f5-b2c8-8280b9e400ec/datanode-2/data/ratis] (custom)
2019-10-02 05:51:50,357 [pool-77-thread-1] INFO  server.RaftServerConfigKeys (ConfUtils.java:logGet(43)) - raft.server.log.appender.install.snapshot.enabled = false (custom)
2019-10-02 05:51:50,357 [pool-77-thread-1] INFO  impl.RaftServerImpl (ServerState.java:<init>(103)) - 440b2d92-0317-41e4-b6a8-f5ef9f70ba68@group-E8C0ACEEC78C: ConfigurationManager, init=-1: [13d2ee1c-0738-43ab-a5ad-515c50b1fbae:192.168.164.250:33826, 440b2d92-0317-41e4-b6a8-f5ef9f70ba68:192.168.164.250:38969, abe57f94-e75c-4edc-b3a9-58e47daaf051:192.168.164.250:36875], old=null, confs=<EMPTY_MAP>
2019-10-02 05:51:50,357 [pool-47-thread-1] INFO  server.RaftServerConfigKeys (ConfUtils.java:logGet(43)) - raft.server.log.corruption.policy = EXCEPTION (default)
2019-10-02 05:51:50,357 [pool-77-thread-1] INFO  server.RaftServerConfigKeys (ConfUtils.java:logGet(43)) - raft.server.storage.dir = [/workdir/hadoop-ozone/integration-test/target/test-dir/MiniOzoneClusterImpl-96702981-7b9c-49f5-b2c8-8280b9e400ec/datanode-5/data/ratis] (custom)
2019-10-02 05:51:50,357 [pool-47-thread-1] INFO  storage.RaftStorageDirectory (RaftStorageDirectory.java:analyzeStorage(246)) - The storage directory /workdir/hadoop-ozone/integration-test/target/test-dir/MiniOzoneClusterImpl-96702981-7b9c-49f5-b2c8-8280b9e400ec/datanode-2/data/ratis/b55d4236-2948-48d8-b02c-e8c0aceec78c does not exist. Creating ...
2019-10-02 05:51:50,357 [pool-77-thread-1] INFO  server.RaftServerConfigKeys (ConfUtils.java:logGet(43)) - raft.server.log.corruption.policy = EXCEPTION (default)
2019-10-02 05:51:50,357 [pool-77-thread-1] INFO  storage.RaftStorageDirectory (RaftStorageDirectory.java:analyzeStorage(246)) - The storage directory /workdir/hadoop-ozone/integration-test/target/test-dir/MiniOzoneClusterImpl-96702981-7b9c-49f5-b2c8-8280b9e400ec/datanode-5/data/ratis/b55d4236-2948-48d8-b02c-e8c0aceec78c does not exist. Creating ...
2019-10-02 05:51:50,371 [pool-47-thread-1] INFO  storage.RaftStorageDirectory (RaftStorageDirectory.java:tryLock(328)) - Lock on /workdir/hadoop-ozone/integration-test/target/test-dir/MiniOzoneClusterImpl-96702981-7b9c-49f5-b2c8-8280b9e400ec/datanode-2/data/ratis/b55d4236-2948-48d8-b02c-e8c0aceec78c/in_use.lock acquired by nodename 32484@pr-trunk-p5fv4-2201032288
2019-10-02 05:51:50,371 [pool-77-thread-1] INFO  storage.RaftStorageDirectory (RaftStorageDirectory.java:tryLock(328)) - Lock on /workdir/hadoop-ozone/integration-test/target/test-dir/MiniOzoneClusterImpl-96702981-7b9c-49f5-b2c8-8280b9e400ec/datanode-5/data/ratis/b55d4236-2948-48d8-b02c-e8c0aceec78c/in_use.lock acquired by nodename 32484@pr-trunk-p5fv4-2201032288
2019-10-02 05:51:50,371 [pool-57-thread-1] INFO  storage.RaftStorageDirectory (RaftStorageDirectory.java:tryLock(328)) - Lock on /workdir/hadoop-ozone/integration-test/target/test-dir/MiniOzoneClusterImpl-96702981-7b9c-49f5-b2c8-8280b9e400ec/datanode-3/data/ratis/b55d4236-2948-48d8-b02c-e8c0aceec78c/in_use.lock acquired by nodename 32484@pr-trunk-p5fv4-2201032288
2019-10-02 05:51:50,384 [pool-77-thread-1] INFO  storage.RaftStorage (RaftStorage.java:format(84)) - Storage directory /workdir/hadoop-ozone/integration-test/target/test-dir/MiniOzoneClusterImpl-96702981-7b9c-49f5-b2c8-8280b9e400ec/datanode-5/data/ratis/b55d4236-2948-48d8-b02c-e8c0aceec78c has been successfully formatted.
2019-10-02 05:51:50,384 [pool-57-thread-1] INFO  storage.RaftStorage (RaftStorage.java:format(84)) - Storage directory /workdir/hadoop-ozone/integration-test/target/test-dir/MiniOzoneClusterImpl-96702981-7b9c-49f5-b2c8-8280b9e400ec/datanode-3/data/ratis/b55d4236-2948-48d8-b02c-e8c0aceec78c has been successfully formatted.
2019-10-02 05:51:50,384 [pool-47-thread-1] INFO  storage.RaftStorage (RaftStorage.java:format(84)) - Storage directory /workdir/hadoop-ozone/integration-test/target/test-dir/MiniOzoneClusterImpl-96702981-7b9c-49f5-b2c8-8280b9e400ec/datanode-2/data/ratis/b55d4236-2948-48d8-b02c-e8c0aceec78c has been successfully formatted.
2019-10-02 05:51:50,384 [pool-57-thread-1] INFO  ratis.ContainerStateMachine (ContainerStateMachine.java:loadSnapshot(231)) - group-E8C0ACEEC78C: The snapshot info is null. Setting the last applied indexto:(t:0, i:~)
2019-10-02 05:51:50,384 [pool-77-thread-1] INFO  ratis.ContainerStateMachine (ContainerStateMachine.java:loadSnapshot(231)) - group-E8C0ACEEC78C: The snapshot info is null. Setting the last applied indexto:(t:0, i:~)
2019-10-02 05:51:50,385 [pool-47-thread-1] INFO  ratis.ContainerStateMachine (ContainerStateMachine.java:loadSnapshot(231)) - group-E8C0ACEEC78C: The snapshot info is null. Setting the last applied indexto:(t:0, i:~)
2019-10-02 05:51:50,385 [pool-57-thread-1] INFO  server.RaftServerConfigKeys (ConfUtils.java:logGet(43)) - raft.server.notification.no-leader.timeout = 120s (custom)
2019-10-02 05:51:50,385 [pool-47-thread-1] INFO  server.RaftServerConfigKeys (ConfUtils.java:logGet(43)) - raft.server.notification.no-leader.timeout = 120s (custom)
2019-10-02 05:51:50,385 [pool-77-thread-1] INFO  server.RaftServerConfigKeys (ConfUtils.java:logGet(43)) - raft.server.notification.no-leader.timeout = 120s (custom)
2019-10-02 05:51:50,385 [pool-47-thread-1] INFO  server.RaftServerConfigKeys (ConfUtils.java:logGet(43)) - raft.server.log.use.memory = false (default)
2019-10-02 05:51:50,385 [pool-57-thread-1] INFO  server.RaftServerConfigKeys (ConfUtils.java:logGet(43)) - raft.server.log.use.memory = false (default)
2019-10-02 05:51:50,385 [pool-47-thread-1] INFO  server.RaftServerConfigKeys (ConfUtils.java:logGet(43)) - raft.server.log.purge.gap = 1000000 (custom)
2019-10-02 05:51:50,385 [pool-77-thread-1] INFO  server.RaftServerConfigKeys (ConfUtils.java:logGet(43)) - raft.server.log.use.memory = false (default)
2019-10-02 05:51:50,385 [pool-47-thread-1] INFO  server.RaftServerConfigKeys (ConfUtils.java:logGet(43)) - raft.server.log.appender.buffer.byte-limit = 33554432 (custom)
2019-10-02 05:51:50,385 [pool-57-thread-1] INFO  server.RaftServerConfigKeys (ConfUtils.java:logGet(43)) - raft.server.log.purge.gap = 1000000 (custom)
2019-10-02 05:51:50,386 [pool-47-thread-1] INFO  server.RaftServerConfigKeys (ConfUtils.java:logGet(43)) - raft.server.log.segment.size.max = 1048576 (custom)
2019-10-02 05:51:50,386 [pool-77-thread-1] INFO  server.RaftServerConfigKeys (ConfUtils.java:logGet(43)) - raft.server.log.purge.gap = 1000000 (custom)
2019-10-02 05:51:50,386 [pool-47-thread-1] INFO  server.RaftServerConfigKeys (ConfUtils.java:logGet(43)) - raft.server.log.segment.cache.num.max = 2 (custom)
2019-10-02 05:51:50,386 [pool-57-thread-1] INFO  server.RaftServerConfigKeys (ConfUtils.java:logGet(43)) - raft.server.log.appender.buffer.byte-limit = 33554432 (custom)
2019-10-02 05:51:50,386 [pool-47-thread-1] INFO  segmented.SegmentedRaftLogWorker (SegmentedRaftLogWorker.java:<init>(173)) - new abe57f94-e75c-4edc-b3a9-58e47daaf051@group-E8C0ACEEC78C-SegmentedRaftLogWorker for RaftStorage:Storage Directory /workdir/hadoop-ozone/integration-test/target/test-dir/MiniOzoneClusterImpl-96702981-7b9c-49f5-b2c8-8280b9e400ec/datanode-2/data/ratis/b55d4236-2948-48d8-b02c-e8c0aceec78c
2019-10-02 05:51:50,386 [pool-77-thread-1] INFO  server.RaftServerConfigKeys (ConfUtils.java:logGet(43)) - raft.server.log.appender.buffer.byte-limit = 33554432 (custom)
2019-10-02 05:51:50,386 [pool-47-thread-1] INFO  server.RaftServerConfigKeys (ConfUtils.java:logGet(43)) - raft.server.log.queue.byte-limit = 2147483647 (custom)
2019-10-02 05:51:50,386 [pool-57-thread-1] INFO  server.RaftServerConfigKeys (ConfUtils.java:logGet(43)) - raft.server.log.segment.size.max = 1048576 (custom)
2019-10-02 05:51:50,386 [pool-47-thread-1] INFO  server.RaftServerConfigKeys (ConfUtils.java:logGet(43)) - raft.server.log.queue.element-limit = 1024 (custom)
2019-10-02 05:51:50,386 [pool-77-thread-1] INFO  server.RaftServerConfigKeys (ConfUtils.java:logGet(43)) - raft.server.log.segment.size.max = 1048576 (custom)
2019-10-02 05:51:50,387 [pool-47-thread-1] INFO  server.RaftServerConfigKeys (ConfUtils.java:logGet(43)) - raft.server.log.segment.size.max = 1048576 (custom)
2019-10-02 05:51:50,387 [pool-57-thread-1] INFO  server.RaftServerConfigKeys (ConfUtils.java:logGet(43)) - raft.server.log.segment.cache.num.max = 2 (custom)
2019-10-02 05:51:50,387 [pool-47-thread-1] INFO  server.RaftServerConfigKeys (ConfUtils.java:logGet(43)) - raft.server.log.preallocated.size = 16384 (custom)
2019-10-02 05:51:50,387 [pool-77-thread-1] INFO  server.RaftServerConfigKeys (ConfUtils.java:logGet(43)) - raft.server.log.segment.cache.num.max = 2 (custom)
2019-10-02 05:51:50,387 [pool-47-thread-1] INFO  server.RaftServerConfigKeys (ConfUtils.java:logGet(43)) - raft.server.log.write.buffer.size = 33554432 (custom)
2019-10-02 05:51:50,387 [pool-57-thread-1] INFO  segmented.SegmentedRaftLogWorker (SegmentedRaftLogWorker.java:<init>(173)) - new 13d2ee1c-0738-43ab-a5ad-515c50b1fbae@group-E8C0ACEEC78C-SegmentedRaftLogWorker for RaftStorage:Storage Directory /workdir/hadoop-ozone/integration-test/target/test-dir/MiniOzoneClusterImpl-96702981-7b9c-49f5-b2c8-8280b9e400ec/datanode-3/data/ratis/b55d4236-2948-48d8-b02c-e8c0aceec78c
2019-10-02 05:51:50,387 [pool-47-thread-1] INFO  server.RaftServerConfigKeys (ConfUtils.java:logGet(43)) - raft.server.log.force.sync.num = 128 (default)
2019-10-02 05:51:50,387 [pool-77-thread-1] INFO  segmented.SegmentedRaftLogWorker (SegmentedRaftLogWorker.java:<init>(173)) - new 440b2d92-0317-41e4-b6a8-f5ef9f70ba68@group-E8C0ACEEC78C-SegmentedRaftLogWorker for RaftStorage:Storage Directory /workdir/hadoop-ozone/integration-test/target/test-dir/MiniOzoneClusterImpl-96702981-7b9c-49f5-b2c8-8280b9e400ec/datanode-5/data/ratis/b55d4236-2948-48d8-b02c-e8c0aceec78c
2019-10-02 05:51:50,387 [pool-47-thread-1] INFO  server.RaftServerConfigKeys (ConfUtils.java:logGet(43)) - raft.server.log.statemachine.data.sync = true (default)
2019-10-02 05:51:50,387 [pool-57-thread-1] INFO  server.RaftServerConfigKeys (ConfUtils.java:logGet(43)) - raft.server.log.queue.byte-limit = 2147483647 (custom)
2019-10-02 05:51:50,388 [pool-47-thread-1] INFO  server.RaftServerConfigKeys (ConfUtils.java:logGet(43)) - raft.server.log.statemachine.data.sync.timeout = 10s (default)
2019-10-02 05:51:50,387 [pool-77-thread-1] INFO  server.RaftServerConfigKeys (ConfUtils.java:logGet(43)) - raft.server.log.queue.byte-limit = 2147483647 (custom)
2019-10-02 05:51:50,388 [pool-47-thread-1] INFO  server.RaftServerConfigKeys (ConfUtils.java:logGet(43)) - raft.server.log.statemachine.data.sync.timeout.retry = -1 (default)
2019-10-02 05:51:50,388 [pool-57-thread-1] INFO  server.RaftServerConfigKeys (ConfUtils.java:logGet(43)) - raft.server.log.queue.element-limit = 1024 (custom)
2019-10-02 05:51:50,388 [pool-47-thread-1] INFO  server.RaftServerConfigKeys (ConfUtils.java:logGet(43)) - raft.server.log.statemachine.data.caching.enabled = true (custom)
2019-10-02 05:51:50,388 [pool-77-thread-1] INFO  server.RaftServerConfigKeys (ConfUtils.java:logGet(43)) - raft.server.log.queue.element-limit = 1024 (custom)
2019-10-02 05:51:50,388 [pool-57-thread-1] INFO  server.RaftServerConfigKeys (ConfUtils.java:logGet(43)) - raft.server.log.segment.size.max = 1048576 (custom)
2019-10-02 05:51:50,388 [pool-77-thread-1] INFO  server.RaftServerConfigKeys (ConfUtils.java:logGet(43)) - raft.server.log.segment.size.max = 1048576 (custom)
2019-10-02 05:51:50,388 [pool-47-thread-1] INFO  segmented.SegmentedRaftLogWorker (SegmentedRaftLogWorker.java:lambda$new$0(128)) - abe57f94-e75c-4edc-b3a9-58e47daaf051@group-E8C0ACEEC78C-SegmentedRaftLogWorker: flushIndex: setUnconditionally 0 -> -1
2019-10-02 05:51:50,388 [pool-57-thread-1] INFO  server.RaftServerConfigKeys (ConfUtils.java:logGet(43)) - raft.server.log.preallocated.size = 16384 (custom)
2019-10-02 05:51:50,388 [pool-77-thread-1] INFO  server.RaftServerConfigKeys (ConfUtils.java:logGet(43)) - raft.server.log.preallocated.size = 16384 (custom)
2019-10-02 05:51:50,389 [pool-47-thread-1] INFO  server.RaftServerConfigKeys (ConfUtils.java:logGet(43)) - raft.server.snapshot.auto.trigger.enabled = true (custom)
2019-10-02 05:51:50,389 [pool-57-thread-1] INFO  server.RaftServerConfigKeys (ConfUtils.java:logGet(43)) - raft.server.log.write.buffer.size = 33554432 (custom)
2019-10-02 05:51:50,389 [pool-47-thread-1] INFO  server.RaftServerConfigKeys (ConfUtils.java:logGet(43)) - raft.server.snapshot.auto.trigger.threshold = 10000 (custom)
2019-10-02 05:51:50,389 [pool-77-thread-1] INFO  server.RaftServerConfigKeys (ConfUtils.java:logGet(43)) - raft.server.log.write.buffer.size = 33554432 (custom)
2019-10-02 05:51:50,389 [pool-47-thread-1] INFO  server.RaftServerConfigKeys (ConfUtils.java:logGet(43)) - raft.server.snapshot.retention.file.num = 5 (custom)
2019-10-02 05:51:50,389 [pool-57-thread-1] INFO  server.RaftServerConfigKeys (ConfUtils.java:logGet(43)) - raft.server.log.force.sync.num = 128 (default)
2019-10-02 05:51:50,389 [pool-47-thread-1] INFO  server.RaftServerConfigKeys (ConfUtils.java:logGet(43)) - raft.server.retrycache.expirytime = 600000ms (custom)
2019-10-02 05:51:50,389 [pool-77-thread-1] INFO  server.RaftServerConfigKeys (ConfUtils.java:logGet(43)) - raft.server.log.force.sync.num = 128 (default)
2019-10-02 05:51:50,389 [pool-57-thread-1] INFO  server.RaftServerConfigKeys (ConfUtils.java:logGet(43)) - raft.server.log.statemachine.data.sync = true (default)
2019-10-02 05:51:50,389 [pool-77-thread-1] INFO  server.RaftServerConfigKeys (ConfUtils.java:logGet(43)) - raft.server.log.statemachine.data.sync = true (default)
2019-10-02 05:51:50,390 [pool-57-thread-1] INFO  server.RaftServerConfigKeys (ConfUtils.java:logGet(43)) - raft.server.log.statemachine.data.sync.timeout = 10s (default)
2019-10-02 05:51:50,390 [pool-77-thread-1] INFO  server.RaftServerConfigKeys (ConfUtils.java:logGet(43)) - raft.server.log.statemachine.data.sync.timeout = 10s (default)
2019-10-02 05:51:50,390 [pool-57-thread-1] INFO  server.RaftServerConfigKeys (ConfUtils.java:logGet(43)) - raft.server.log.statemachine.data.sync.timeout.retry = -1 (default)
2019-10-02 05:51:50,390 [pool-77-thread-1] INFO  server.RaftServerConfigKeys (ConfUtils.java:logGet(43)) - raft.server.log.statemachine.data.sync.timeout.retry = -1 (default)
2019-10-02 05:51:50,390 [pool-57-thread-1] INFO  server.RaftServerConfigKeys (ConfUtils.java:logGet(43)) - raft.server.log.statemachine.data.caching.enabled = true (custom)
2019-10-02 05:51:50,390 [pool-77-thread-1] INFO  server.RaftServerConfigKeys (ConfUtils.java:logGet(43)) - raft.server.log.statemachine.data.caching.enabled = true (custom)
2019-10-02 05:51:50,390 [pool-57-thread-1] INFO  segmented.SegmentedRaftLogWorker (SegmentedRaftLogWorker.java:lambda$new$0(128)) - 13d2ee1c-0738-43ab-a5ad-515c50b1fbae@group-E8C0ACEEC78C-SegmentedRaftLogWorker: flushIndex: setUnconditionally 0 -> -1
2019-10-02 05:51:50,390 [pool-77-thread-1] INFO  segmented.SegmentedRaftLogWorker (SegmentedRaftLogWorker.java:lambda$new$0(128)) - 440b2d92-0317-41e4-b6a8-f5ef9f70ba68@group-E8C0ACEEC78C-SegmentedRaftLogWorker: flushIndex: setUnconditionally 0 -> -1
2019-10-02 05:51:50,390 [pool-57-thread-1] INFO  server.RaftServerConfigKeys (ConfUtils.java:logGet(43)) - raft.server.snapshot.auto.trigger.enabled = true (custom)
2019-10-02 05:51:50,390 [pool-57-thread-1] INFO  server.RaftServerConfigKeys (ConfUtils.java:logGet(43)) - raft.server.snapshot.auto.trigger.threshold = 10000 (custom)
2019-10-02 05:51:50,390 [pool-77-thread-1] INFO  server.RaftServerConfigKeys (ConfUtils.java:logGet(43)) - raft.server.snapshot.auto.trigger.enabled = true (custom)
2019-10-02 05:51:50,390 [pool-57-thread-1] INFO  server.RaftServerConfigKeys (ConfUtils.java:logGet(43)) - raft.server.snapshot.retention.file.num = 5 (custom)
2019-10-02 05:51:50,391 [pool-77-thread-1] INFO  server.RaftServerConfigKeys (ConfUtils.java:logGet(43)) - raft.server.snapshot.auto.trigger.threshold = 10000 (custom)
2019-10-02 05:51:50,391 [pool-57-thread-1] INFO  server.RaftServerConfigKeys (ConfUtils.java:logGet(43)) - raft.server.retrycache.expirytime = 600000ms (custom)
2019-10-02 05:51:50,391 [pool-77-thread-1] INFO  server.RaftServerConfigKeys (ConfUtils.java:logGet(43)) - raft.server.snapshot.retention.file.num = 5 (custom)
2019-10-02 05:51:50,391 [pool-77-thread-1] INFO  server.RaftServerConfigKeys (ConfUtils.java:logGet(43)) - raft.server.retrycache.expirytime = 600000ms (custom)
2019-10-02 05:51:50,391 [pool-47-thread-1] INFO  impl.RaftServerImpl (RaftServerImpl.java:start(181)) - abe57f94-e75c-4edc-b3a9-58e47daaf051@group-E8C0ACEEC78C: start as a follower, conf=-1: [13d2ee1c-0738-43ab-a5ad-515c50b1fbae:192.168.164.250:33826, 440b2d92-0317-41e4-b6a8-f5ef9f70ba68:192.168.164.250:38969, abe57f94-e75c-4edc-b3a9-58e47daaf051:192.168.164.250:36875], old=null
2019-10-02 05:51:50,392 [pool-47-thread-1] INFO  impl.RaftServerImpl (RaftServerImpl.java:setRole(170)) - abe57f94-e75c-4edc-b3a9-58e47daaf051@group-E8C0ACEEC78C: changes role from      null to FOLLOWER at term 0 for startAsFollower
2019-10-02 05:51:50,392 [pool-47-thread-1] INFO  impl.RoleInfo (RoleInfo.java:updateAndGet(143)) - abe57f94-e75c-4edc-b3a9-58e47daaf051: start FollowerState
2019-10-02 05:51:50,401 [pool-47-thread-1] INFO  util.JmxRegister (JmxRegister.java:tryRegister(44)) - Successfully registered JMX Bean with object name Ratis:service=RaftServer,group=group-E8C0ACEEC78C,id=abe57f94-e75c-4edc-b3a9-58e47daaf051
2019-10-02 05:51:50,401 [pool-57-thread-1] INFO  impl.RaftServerImpl (RaftServerImpl.java:start(181)) - 13d2ee1c-0738-43ab-a5ad-515c50b1fbae@group-E8C0ACEEC78C: start as a follower, conf=-1: [13d2ee1c-0738-43ab-a5ad-515c50b1fbae:192.168.164.250:33826, 440b2d92-0317-41e4-b6a8-f5ef9f70ba68:192.168.164.250:38969, abe57f94-e75c-4edc-b3a9-58e47daaf051:192.168.164.250:36875], old=null
2019-10-02 05:51:50,401 [pool-77-thread-1] INFO  impl.RaftServerImpl (RaftServerImpl.java:start(181)) - 440b2d92-0317-41e4-b6a8-f5ef9f70ba68@group-E8C0ACEEC78C: start as a follower, conf=-1: [13d2ee1c-0738-43ab-a5ad-515c50b1fbae:192.168.164.250:33826, 440b2d92-0317-41e4-b6a8-f5ef9f70ba68:192.168.164.250:38969, abe57f94-e75c-4edc-b3a9-58e47daaf051:192.168.164.250:36875], old=null
2019-10-02 05:51:50,401 [pool-57-thread-1] INFO  impl.RaftServerImpl (RaftServerImpl.java:setRole(170)) - 13d2ee1c-0738-43ab-a5ad-515c50b1fbae@group-E8C0ACEEC78C: changes role from      null to FOLLOWER at term 0 for startAsFollower
2019-10-02 05:51:50,402 [pool-57-thread-1] INFO  impl.RoleInfo (RoleInfo.java:updateAndGet(143)) - 13d2ee1c-0738-43ab-a5ad-515c50b1fbae: start FollowerState
2019-10-02 05:51:50,402 [pool-77-thread-1] INFO  impl.RaftServerImpl (RaftServerImpl.java:setRole(170)) - 440b2d92-0317-41e4-b6a8-f5ef9f70ba68@group-E8C0ACEEC78C: changes role from      null to FOLLOWER at term 0 for startAsFollower
2019-10-02 05:51:50,402 [pool-57-thread-1] INFO  util.JmxRegister (JmxRegister.java:tryRegister(44)) - Successfully registered JMX Bean with object name Ratis:service=RaftServer,group=group-E8C0ACEEC78C,id=13d2ee1c-0738-43ab-a5ad-515c50b1fbae
2019-10-02 05:51:50,403 [pool-77-thread-1] INFO  impl.RoleInfo (RoleInfo.java:updateAndGet(143)) - 440b2d92-0317-41e4-b6a8-f5ef9f70ba68: start FollowerState
2019-10-02 05:51:50,403 [pool-77-thread-1] INFO  util.JmxRegister (JmxRegister.java:tryRegister(44)) - Successfully registered JMX Bean with object name Ratis:service=RaftServer,group=group-E8C0ACEEC78C,id=440b2d92-0317-41e4-b6a8-f5ef9f70ba68
2019-10-02 05:51:50,424 [RatisPipelineUtilsThread] INFO  pipeline.PipelineStateManager (PipelineStateManager.java:addPipeline(56)) - Created pipeline Pipeline[ Id: b55d4236-2948-48d8-b02c-e8c0aceec78c, Nodes: 13d2ee1c-0738-43ab-a5ad-515c50b1fbae{ip: 192.168.164.250, host: pr-trunk-p5fv4-2201032288, networkLocation: /default-rack, certSerialId: null}440b2d92-0317-41e4-b6a8-f5ef9f70ba68{ip: 192.168.164.250, host: pr-trunk-p5fv4-2201032288, networkLocation: /default-rack, certSerialId: null}abe57f94-e75c-4edc-b3a9-58e47daaf051{ip: 192.168.164.250, host: pr-trunk-p5fv4-2201032288, networkLocation: /default-rack, certSerialId: null}, Type:RATIS, Factor:THREE, State:OPEN]
2019-10-02 05:51:51,313 [main] WARN  io.KeyOutputStream (KeyOutputStream.java:handleException(274)) - Encountered exception java.io.IOException: Unexpected Storage Container Exception: java.util.concurrent.CompletionException: java.util.concurrent.CompletionException: org.apache.ratis.protocol.GroupMismatchException: 13d2ee1c-0738-43ab-a5ad-515c50b1fbae: group-A635589BB47D not found. on the pipeline Pipeline[ Id: 41ceef36-cc72-4288-89dc-a635589bb47d, Nodes: 13d2ee1c-0738-43ab-a5ad-515c50b1fbae{ip: 192.168.164.250, host: pr-trunk-p5fv4-2201032288, networkLocation: /default-rack, certSerialId: null}440b2d92-0317-41e4-b6a8-f5ef9f70ba68{ip: 192.168.164.250, host: pr-trunk-p5fv4-2201032288, networkLocation: /default-rack, certSerialId: null}abe57f94-e75c-4edc-b3a9-58e47daaf051{ip: 192.168.164.250, host: pr-trunk-p5fv4-2201032288, networkLocation: /default-rack, certSerialId: null}, Type:RATIS, Factor:THREE, State:OPEN]. The last committed block length is 0, uncommitted data length is 400 retry count 2
2019-10-02 05:51:51,458 [pool-26-thread-5] ERROR impl.ChunkManagerImpl (ChunkUtils.java:writeData(89)) - data array does not match the length specified. DataLen: 100 Byte Array: 244
2019-10-02 05:51:51,462 [pool-26-thread-5] INFO  keyvalue.KeyValueHandler (ContainerUtils.java:logAndReturnError(146)) - Operation: WriteChunk : Trace ID: 12ec58b5c1a62c4:12ec58b5c1a62c4:0:0 : Message: data array does not match the length specified. DataLen: 100 Byte Array: 244 : Result: INVALID_WRITE_SIZE
2019-10-02 05:51:51,478 [EventQueue-IncrementalContainerReportForIncrementalContainerReportHandler] WARN  container.IncrementalContainerReportHandler (AbstractContainerReportHandler.java:updateContainerState(143)) - Container #4 is in OPEN state, but the datanode a7e49ec6-0391-473f-af1f-b7ebe60d9c8d{ip: 192.168.164.250, host: pr-trunk-p5fv4-2201032288, networkLocation: /default-rack, certSerialId: null} reports an UNHEALTHY replica.
2019-10-02 05:51:51,479 [EventQueue-CloseContainerForCloseContainerEventHandler] INFO  container.CloseContainerEventHandler (CloseContainerEventHandler.java:onMessage(61)) - Close container Event triggered for container : #4
05:51:51.477 [pool-26-thread-5] ERROR DNAudit - user=null | ip=null | op=WRITE_CHUNK {blockData=conID: 4 locID: 102891225830916100 bcsId: 0} | ret=FAILURE
java.lang.Exception: data array does not match the length specified. DataLen: 100 Byte Array: 244
	at org.apache.hadoop.ozone.container.common.impl.HddsDispatcher.dispatchRequest(HddsDispatcher.java:330) ~[hadoop-hdds-container-service-0.5.0-SNAPSHOT.jar:?]
	at org.apache.hadoop.ozone.container.common.impl.HddsDispatcher.dispatch(HddsDispatcher.java:150) ~[hadoop-hdds-container-service-0.5.0-SNAPSHOT.jar:?]
	at org.apache.hadoop.ozone.container.common.transport.server.ratis.ContainerStateMachine.dispatchCommand(ContainerStateMachine.java:407) ~[hadoop-hdds-container-service-0.5.0-SNAPSHOT.jar:?]
	at org.apache.hadoop.ozone.container.common.transport.server.ratis.ContainerStateMachine.runCommand(ContainerStateMachine.java:415) ~[hadoop-hdds-container-service-0.5.0-SNAPSHOT.jar:?]
	at org.apache.hadoop.ozone.container.common.transport.server.ratis.ContainerStateMachine.lambda$handleWriteChunk$1(ContainerStateMachine.java:450) ~[hadoop-hdds-container-service-0.5.0-SNAPSHOT.jar:?]
	at java.util.concurrent.CompletableFuture$AsyncSupply.run(CompletableFuture.java:1590) [?:1.8.0_212]
	at java.util.concurrent.ThreadPoolExecutor.runWorker(ThreadPoolExecutor.java:1149) [?:1.8.0_212]
	at java.util.concurrent.ThreadPoolExecutor$Worker.run(ThreadPoolExecutor.java:624) [?:1.8.0_212]
	at java.lang.Thread.run(Thread.java:748) [?:1.8.0_212]
2019-10-02 05:51:51,480 [pool-26-thread-5] ERROR ratis.ContainerStateMachine (ContainerStateMachine.java:lambda$handleWriteChunk$2(470)) - group-162651713817: writeChunk writeStateMachineData failed: blockIdcontainerID: 4
localID: 102891225830916100
blockCommitSequenceId: 0
 logIndex 1 chunkName 102891225830916100_chunk_1 Error message: data array does not match the length specified. DataLen: 100 Byte Array: 244 Container Result: INVALID_WRITE_SIZE
2019-10-02 05:51:51,480 [a7e49ec6-0391-473f-af1f-b7ebe60d9c8d@group-162651713817-SegmentedRaftLogWorker] ERROR ratis.XceiverServerRatis (XceiverServerRatis.java:triggerPipelineClose(581)) - pipeline Action CLOSE  on pipeline PipelineID=38027c29-ad20-4e29-8b05-162651713817.Reason : data array does not match the length specified. DataLen: 100 Byte Array: 244
2019-10-02 05:51:51,481 [a7e49ec6-0391-473f-af1f-b7ebe60d9c8d@group-162651713817-SegmentedRaftLogWorker] ERROR ratis.XceiverServerRatis (XceiverServerRatis.java:triggerPipelineClose(581)) - pipeline Action CLOSE  on pipeline PipelineID=38027c29-ad20-4e29-8b05-162651713817.Reason : Log already failed at index 1 for task WriteLog:1: (t:1, i:1), STATEMACHINELOGENTRY, client-93EB92693779, cid=52
2019-10-02 05:51:51,481 [EventQueue-PipelineActionsForPipelineActionHandler] ERROR pipeline.PipelineActionHandler (PipelineActionHandler.java:onMessage(60)) - Received pipeline action CLOSE for Pipeline[ Id: 38027c29-ad20-4e29-8b05-162651713817, Nodes: a7e49ec6-0391-473f-af1f-b7ebe60d9c8d{ip: 192.168.164.250, host: pr-trunk-p5fv4-2201032288, networkLocation: /default-rack, certSerialId: null}d31a379a-b462-4e23-84c2-f59667e5dc0b{ip: 192.168.164.250, host: pr-trunk-p5fv4-2201032288, networkLocation: /default-rack, certSerialId: null}8b099941-e94c-4d44-b111-fee9636cc34f{ip: 192.168.164.250, host: pr-trunk-p5fv4-2201032288, networkLocation: /default-rack, certSerialId: null}, Type:RATIS, Factor:THREE, State:OPEN] from datanode a7e49ec6-0391-473f-af1f-b7ebe60d9c8d{ip: 192.168.164.250, host: pr-trunk-p5fv4-2201032288, networkLocation: /default-rack, certSerialId: null}. Reason : data array does not match the length specified. DataLen: 100 Byte Array: 244
2019-10-02 05:51:51,481 [EventQueue-PipelineActionsForPipelineActionHandler] INFO  pipeline.SCMPipelineManager (SCMPipelineManager.java:finalizeAndDestroyPipeline(315)) - destroying pipeline:Pipeline[ Id: 38027c29-ad20-4e29-8b05-162651713817, Nodes: a7e49ec6-0391-473f-af1f-b7ebe60d9c8d{ip: 192.168.164.250, host: pr-trunk-p5fv4-2201032288, networkLocation: /default-rack, certSerialId: null}d31a379a-b462-4e23-84c2-f59667e5dc0b{ip: 192.168.164.250, host: pr-trunk-p5fv4-2201032288, networkLocation: /default-rack, certSerialId: null}8b099941-e94c-4d44-b111-fee9636cc34f{ip: 192.168.164.250, host: pr-trunk-p5fv4-2201032288, networkLocation: /default-rack, certSerialId: null}, Type:RATIS, Factor:THREE, State:OPEN]
2019-10-02 05:51:51,481 [EventQueue-PipelineActionsForPipelineActionHandler] INFO  pipeline.PipelineStateManager (PipelineStateManager.java:finalizePipeline(123)) - Pipeline Pipeline[ Id: 38027c29-ad20-4e29-8b05-162651713817, Nodes: a7e49ec6-0391-473f-af1f-b7ebe60d9c8d{ip: 192.168.164.250, host: pr-trunk-p5fv4-2201032288, networkLocation: /default-rack, certSerialId: null}d31a379a-b462-4e23-84c2-f59667e5dc0b{ip: 192.168.164.250, host: pr-trunk-p5fv4-2201032288, networkLocation: /default-rack, certSerialId: null}8b099941-e94c-4d44-b111-fee9636cc34f{ip: 192.168.164.250, host: pr-trunk-p5fv4-2201032288, networkLocation: /default-rack, certSerialId: null}, Type:RATIS, Factor:THREE, State:CLOSED] moved to CLOSED state
2019-10-02 05:51:51,482 [EventQueue-PipelineActionsForPipelineActionHandler] ERROR pipeline.PipelineActionHandler (PipelineActionHandler.java:onMessage(60)) - Received pipeline action CLOSE for Pipeline[ Id: 38027c29-ad20-4e29-8b05-162651713817, Nodes: a7e49ec6-0391-473f-af1f-b7ebe60d9c8d{ip: 192.168.164.250, host: pr-trunk-p5fv4-2201032288, networkLocation: /default-rack, certSerialId: null}d31a379a-b462-4e23-84c2-f59667e5dc0b{ip: 192.168.164.250, host: pr-trunk-p5fv4-2201032288, networkLocation: /default-rack, certSerialId: null}8b099941-e94c-4d44-b111-fee9636cc34f{ip: 192.168.164.250, host: pr-trunk-p5fv4-2201032288, networkLocation: /default-rack, certSerialId: null}, Type:RATIS, Factor:THREE, State:CLOSED] from datanode a7e49ec6-0391-473f-af1f-b7ebe60d9c8d{ip: 192.168.164.250, host: pr-trunk-p5fv4-2201032288, networkLocation: /default-rack, certSerialId: null}. Reason : Log already failed at index 1 for task WriteLog:1: (t:1, i:1), STATEMACHINELOGENTRY, client-93EB92693779, cid=52
2019-10-02 05:51:51,482 [EventQueue-PipelineActionsForPipelineActionHandler] INFO  pipeline.SCMPipelineManager (SCMPipelineManager.java:finalizeAndDestroyPipeline(315)) - destroying pipeline:Pipeline[ Id: 38027c29-ad20-4e29-8b05-162651713817, Nodes: a7e49ec6-0391-473f-af1f-b7ebe60d9c8d{ip: 192.168.164.250, host: pr-trunk-p5fv4-2201032288, networkLocation: /default-rack, certSerialId: null}d31a379a-b462-4e23-84c2-f59667e5dc0b{ip: 192.168.164.250, host: pr-trunk-p5fv4-2201032288, networkLocation: /default-rack, certSerialId: null}8b099941-e94c-4d44-b111-fee9636cc34f{ip: 192.168.164.250, host: pr-trunk-p5fv4-2201032288, networkLocation: /default-rack, certSerialId: null}, Type:RATIS, Factor:THREE, State:CLOSED]
2019-10-02 05:51:54,355 [java.util.concurrent.ThreadPoolExecutor$Worker@56382bc9[State = -1, empty queue]] ERROR client.GrpcClientProtocolClient (GrpcClientProtocolClient.java:close(148)) - Unexpected exception while waiting for channel termination
java.lang.InterruptedException
	at java.util.concurrent.locks.AbstractQueuedSynchronizer.tryAcquireSharedNanos(AbstractQueuedSynchronizer.java:1326)
	at java.util.concurrent.CountDownLatch.await(CountDownLatch.java:277)
	at org.apache.ratis.thirdparty.io.grpc.internal.ManagedChannelImpl.awaitTermination(ManagedChannelImpl.java:763)
	at org.apache.ratis.thirdparty.io.grpc.internal.ForwardingManagedChannel.awaitTermination(ForwardingManagedChannel.java:57)
	at org.apache.ratis.thirdparty.io.grpc.internal.ManagedChannelOrphanWrapper.awaitTermination(ManagedChannelOrphanWrapper.java:70)
	at org.apache.ratis.grpc.client.GrpcClientProtocolClient.close(GrpcClientProtocolClient.java:146)
	at org.apache.ratis.util.PeerProxyMap$PeerAndProxy.lambda$close$1(PeerProxyMap.java:74)
	at org.apache.ratis.util.LifeCycle.lambda$checkStateAndClose$2(LifeCycle.java:231)
	at org.apache.ratis.util.LifeCycle.checkStateAndClose(LifeCycle.java:251)
	at org.apache.ratis.util.LifeCycle.checkStateAndClose(LifeCycle.java:229)
	at org.apache.ratis.util.PeerProxyMap$PeerAndProxy.close(PeerProxyMap.java:70)
	at org.apache.ratis.util.PeerProxyMap.resetProxy(PeerProxyMap.java:127)
	at org.apache.ratis.util.PeerProxyMap.handleException(PeerProxyMap.java:136)
	at org.apache.ratis.client.impl.RaftClientRpcWithProxy.handleException(RaftClientRpcWithProxy.java:47)
	at org.apache.ratis.client.impl.RaftClientImpl.handleIOException(RaftClientImpl.java:372)
	at org.apache.ratis.client.impl.OrderedAsync.lambda$sendRequest$10(OrderedAsync.java:236)
	at java.util.concurrent.CompletableFuture.uniExceptionally(CompletableFuture.java:870)
	at java.util.concurrent.CompletableFuture$UniExceptionally.tryFire(CompletableFuture.java:852)
	at java.util.concurrent.CompletableFuture.postComplete(CompletableFuture.java:474)
	at java.util.concurrent.CompletableFuture.completeExceptionally(CompletableFuture.java:1977)
	at org.apache.ratis.grpc.client.GrpcClientProtocolClient$AsyncStreamObservers.lambda$timeoutCheck$3(GrpcClientProtocolClient.java:324)
	at java.util.Optional.ifPresent(Optional.java:159)
	at org.apache.ratis.grpc.client.GrpcClientProtocolClient$AsyncStreamObservers.handleReplyFuture(GrpcClientProtocolClient.java:329)
	at org.apache.ratis.grpc.client.GrpcClientProtocolClient$AsyncStreamObservers.timeoutCheck(GrpcClientProtocolClient.java:324)
	at org.apache.ratis.grpc.client.GrpcClientProtocolClient$AsyncStreamObservers.lambda$onNext$1(GrpcClientProtocolClient.java:318)
	at org.apache.ratis.util.TimeoutScheduler.lambda$onTimeout$0(TimeoutScheduler.java:113)
	at org.apache.ratis.util.TimeoutScheduler.lambda$onTimeout$1(TimeoutScheduler.java:133)
	at org.apache.ratis.util.LogUtils.runAndLog(LogUtils.java:50)
	at org.apache.ratis.util.LogUtils$1.run(LogUtils.java:91)
	at java.util.concurrent.Executors$RunnableAdapter.call(Executors.java:511)
	at java.util.concurrent.FutureTask.run(FutureTask.java:266)
	at java.util.concurrent.ScheduledThreadPoolExecutor$ScheduledFutureTask.access$201(ScheduledThreadPoolExecutor.java:180)
	at java.util.concurrent.ScheduledThreadPoolExecutor$ScheduledFutureTask.run(ScheduledThreadPoolExecutor.java:293)
	at java.util.concurrent.ThreadPoolExecutor.runWorker(ThreadPoolExecutor.java:1149)
	at java.util.concurrent.ThreadPoolExecutor$Worker.run(ThreadPoolExecutor.java:624)
	at java.lang.Thread.run(Thread.java:748)
2019-10-02 05:51:54,358 [java.util.concurrent.ThreadPoolExecutor$Worker@56382bc9[State = -1, empty queue]] WARN  util.TimeoutScheduler (LogUtils.java:runAndLog(55)) - Failed to task #0: java.lang.NullPointerException
2019-10-02 05:51:55,417 [Thread-976] INFO  impl.FollowerState (FollowerState.java:run(108)) - 13d2ee1c-0738-43ab-a5ad-515c50b1fbae@group-E8C0ACEEC78C-FollowerState: change to CANDIDATE, lastRpcTime:5015ms, electionTimeout:5015ms
2019-10-02 05:51:55,421 [Thread-976] INFO  impl.RoleInfo (RoleInfo.java:shutdownFollowerState(121)) - 13d2ee1c-0738-43ab-a5ad-515c50b1fbae: shutdown FollowerState
2019-10-02 05:51:55,421 [Thread-976] INFO  impl.RaftServerImpl (RaftServerImpl.java:setRole(170)) - 13d2ee1c-0738-43ab-a5ad-515c50b1fbae@group-E8C0ACEEC78C: changes role from  FOLLOWER to CANDIDATE at term 0 for changeToCandidate
2019-10-02 05:51:55,421 [Thread-976] INFO  impl.RoleInfo (RoleInfo.java:updateAndGet(143)) - 13d2ee1c-0738-43ab-a5ad-515c50b1fbae: start LeaderElection
2019-10-02 05:51:55,452 [13d2ee1c-0738-43ab-a5ad-515c50b1fbae@group-E8C0ACEEC78C-LeaderElection15] INFO  impl.LeaderElection (LeaderElection.java:askForVotes(178)) - 13d2ee1c-0738-43ab-a5ad-515c50b1fbae@group-E8C0ACEEC78C-LeaderElection15: begin an election at term 1 for -1: [13d2ee1c-0738-43ab-a5ad-515c50b1fbae:192.168.164.250:33826, 440b2d92-0317-41e4-b6a8-f5ef9f70ba68:192.168.164.250:38969, abe57f94-e75c-4edc-b3a9-58e47daaf051:192.168.164.250:36875], old=null
2019-10-02 05:51:55,460 [grpc-default-executor-15] INFO  impl.RaftServerImpl (RaftServerImpl.java:setRole(170)) - abe57f94-e75c-4edc-b3a9-58e47daaf051@group-E8C0ACEEC78C: changes role from  FOLLOWER to FOLLOWER at term 1 for recognizeCandidate:13d2ee1c-0738-43ab-a5ad-515c50b1fbae
2019-10-02 05:51:55,460 [grpc-default-executor-15] INFO  impl.RoleInfo (RoleInfo.java:shutdownFollowerState(121)) - abe57f94-e75c-4edc-b3a9-58e47daaf051: shutdown FollowerState
2019-10-02 05:51:55,460 [grpc-default-executor-15] INFO  impl.RoleInfo (RoleInfo.java:updateAndGet(143)) - abe57f94-e75c-4edc-b3a9-58e47daaf051: start FollowerState
2019-10-02 05:51:55,460 [Thread-975] INFO  impl.FollowerState (FollowerState.java:run(117)) - abe57f94-e75c-4edc-b3a9-58e47daaf051@group-E8C0ACEEC78C-FollowerState was interrupted: java.lang.InterruptedException: sleep interrupted
2019-10-02 05:51:55,463 [grpc-default-executor-5] INFO  impl.RaftServerImpl (RaftServerImpl.java:setRole(170)) - 440b2d92-0317-41e4-b6a8-f5ef9f70ba68@group-E8C0ACEEC78C: changes role from  FOLLOWER to FOLLOWER at term 1 for recognizeCandidate:13d2ee1c-0738-43ab-a5ad-515c50b1fbae
2019-10-02 05:51:55,463 [grpc-default-executor-5] INFO  impl.RoleInfo (RoleInfo.java:shutdownFollowerState(121)) - 440b2d92-0317-41e4-b6a8-f5ef9f70ba68: shutdown FollowerState
2019-10-02 05:51:55,463 [grpc-default-executor-5] INFO  impl.RoleInfo (RoleInfo.java:updateAndGet(143)) - 440b2d92-0317-41e4-b6a8-f5ef9f70ba68: start FollowerState
2019-10-02 05:51:55,463 [Thread-977] INFO  impl.FollowerState (FollowerState.java:run(117)) - 440b2d92-0317-41e4-b6a8-f5ef9f70ba68@group-E8C0ACEEC78C-FollowerState was interrupted: java.lang.InterruptedException: sleep interrupted
2019-10-02 05:51:55,484 [13d2ee1c-0738-43ab-a5ad-515c50b1fbae@group-E8C0ACEEC78C-LeaderElection15] INFO  impl.LeaderElection (LeaderElection.java:logAndReturn(56)) - 13d2ee1c-0738-43ab-a5ad-515c50b1fbae@group-E8C0ACEEC78C-LeaderElection15: Election PASSED; received 1 response(s) [13d2ee1c-0738-43ab-a5ad-515c50b1fbae<-abe57f94-e75c-4edc-b3a9-58e47daaf051#0:OK-t1] and 0 exception(s); 13d2ee1c-0738-43ab-a5ad-515c50b1fbae@group-E8C0ACEEC78C:t1, leader=null, voted=13d2ee1c-0738-43ab-a5ad-515c50b1fbae, raftlog=13d2ee1c-0738-43ab-a5ad-515c50b1fbae@group-E8C0ACEEC78C-SegmentedRaftLog:OPENED:c-1,f-1,i0, conf=-1: [13d2ee1c-0738-43ab-a5ad-515c50b1fbae:192.168.164.250:33826, 440b2d92-0317-41e4-b6a8-f5ef9f70ba68:192.168.164.250:38969, abe57f94-e75c-4edc-b3a9-58e47daaf051:192.168.164.250:36875], old=null
2019-10-02 05:51:55,484 [13d2ee1c-0738-43ab-a5ad-515c50b1fbae@group-E8C0ACEEC78C-LeaderElection15] INFO  impl.RoleInfo (RoleInfo.java:shutdownLeaderElection(134)) - 13d2ee1c-0738-43ab-a5ad-515c50b1fbae: shutdown LeaderElection
2019-10-02 05:51:55,484 [13d2ee1c-0738-43ab-a5ad-515c50b1fbae@group-E8C0ACEEC78C-LeaderElection15] INFO  impl.RaftServerImpl (RaftServerImpl.java:setRole(170)) - 13d2ee1c-0738-43ab-a5ad-515c50b1fbae@group-E8C0ACEEC78C: changes role from CANDIDATE to LEADER at term 1 for changeToLeader
2019-10-02 05:51:55,485 [13d2ee1c-0738-43ab-a5ad-515c50b1fbae@group-E8C0ACEEC78C-LeaderElection15] INFO  impl.RaftServerImpl (ServerState.java:setLeader(255)) - 13d2ee1c-0738-43ab-a5ad-515c50b1fbae@group-E8C0ACEEC78C: change Leader from null to 13d2ee1c-0738-43ab-a5ad-515c50b1fbae at term 1 for becomeLeader, leader elected after 5099ms
2019-10-02 05:51:55,485 [13d2ee1c-0738-43ab-a5ad-515c50b1fbae@group-E8C0ACEEC78C-LeaderElection15] INFO  server.RaftServerConfigKeys (ConfUtils.java:logGet(43)) - raft.server.staging.catchup.gap = 1000 (default)
2019-10-02 05:51:55,485 [13d2ee1c-0738-43ab-a5ad-515c50b1fbae@group-E8C0ACEEC78C-LeaderElection15] INFO  server.RaftServerConfigKeys (ConfUtils.java:logGet(43)) - raft.server.rpc.sleep.time = 25ms (default)
2019-10-02 05:51:55,485 [13d2ee1c-0738-43ab-a5ad-515c50b1fbae@group-E8C0ACEEC78C-LeaderElection15] INFO  server.RaftServerConfigKeys (ConfUtils.java:logGet(43)) - raft.server.write.element-limit = 4096 (default)
2019-10-02 05:51:55,485 [13d2ee1c-0738-43ab-a5ad-515c50b1fbae@group-E8C0ACEEC78C-LeaderElection15] INFO  server.RaftServerConfigKeys (ConfUtils.java:logGet(43)) - raft.server.watch.timeout = 10s (default)
2019-10-02 05:51:55,486 [13d2ee1c-0738-43ab-a5ad-515c50b1fbae@group-E8C0ACEEC78C-LeaderElection15] INFO  server.RaftServerConfigKeys (ConfUtils.java:logGet(43)) - raft.server.watch.timeout.denomination = 1s (default)
2019-10-02 05:51:55,486 [13d2ee1c-0738-43ab-a5ad-515c50b1fbae@group-E8C0ACEEC78C-LeaderElection15] INFO  server.RaftServerConfigKeys (ConfUtils.java:logGet(43)) - raft.server.watch.element-limit = 65536 (default)
2019-10-02 05:51:55,489 [13d2ee1c-0738-43ab-a5ad-515c50b1fbae@group-E8C0ACEEC78C-LeaderElection15] INFO  server.RaftServerConfigKeys (ConfUtils.java:logGet(43)) - raft.server.log.appender.snapshot.chunk.size.max = 16MB (=16777216) (default)
2019-10-02 05:51:55,489 [13d2ee1c-0738-43ab-a5ad-515c50b1fbae@group-E8C0ACEEC78C-LeaderElection15] INFO  server.RaftServerConfigKeys (ConfUtils.java:logGet(43)) - raft.server.log.appender.buffer.byte-limit = 33554432 (custom)
2019-10-02 05:51:55,490 [13d2ee1c-0738-43ab-a5ad-515c50b1fbae@group-E8C0ACEEC78C-LeaderElection15] INFO  server.RaftServerConfigKeys (ConfUtils.java:logGet(43)) - raft.server.log.appender.buffer.element-limit = 1 (custom)
2019-10-02 05:51:55,490 [13d2ee1c-0738-43ab-a5ad-515c50b1fbae@group-E8C0ACEEC78C-LeaderElection15] INFO  grpc.GrpcConfigKeys$Server (ConfUtils.java:logGet(43)) - raft.grpc.server.leader.outstanding.appends.max = 128 (default)
2019-10-02 05:51:55,490 [13d2ee1c-0738-43ab-a5ad-515c50b1fbae@group-E8C0ACEEC78C-LeaderElection15] INFO  server.RaftServerConfigKeys (ConfUtils.java:logGet(43)) - raft.server.rpc.request.timeout = 3000ms (default)
2019-10-02 05:51:55,490 [13d2ee1c-0738-43ab-a5ad-515c50b1fbae@group-E8C0ACEEC78C-LeaderElection15] INFO  server.RaftServerConfigKeys (ConfUtils.java:logGet(43)) - raft.server.log.appender.install.snapshot.enabled = false (custom)
2019-10-02 05:51:55,491 [13d2ee1c-0738-43ab-a5ad-515c50b1fbae@group-E8C0ACEEC78C-LeaderElection15] INFO  server.RaftServerConfigKeys (ConfUtils.java:logGet(43)) - raft.server.log.appender.snapshot.chunk.size.max = 16MB (=16777216) (default)
2019-10-02 05:51:55,491 [13d2ee1c-0738-43ab-a5ad-515c50b1fbae@group-E8C0ACEEC78C-LeaderElection15] INFO  server.RaftServerConfigKeys (ConfUtils.java:logGet(43)) - raft.server.log.appender.buffer.byte-limit = 33554432 (custom)
2019-10-02 05:51:55,491 [13d2ee1c-0738-43ab-a5ad-515c50b1fbae@group-E8C0ACEEC78C-LeaderElection15] INFO  server.RaftServerConfigKeys (ConfUtils.java:logGet(43)) - raft.server.log.appender.buffer.element-limit = 1 (custom)
2019-10-02 05:51:55,491 [13d2ee1c-0738-43ab-a5ad-515c50b1fbae@group-E8C0ACEEC78C-LeaderElection15] INFO  grpc.GrpcConfigKeys$Server (ConfUtils.java:logGet(43)) - raft.grpc.server.leader.outstanding.appends.max = 128 (default)
2019-10-02 05:51:55,491 [13d2ee1c-0738-43ab-a5ad-515c50b1fbae@group-E8C0ACEEC78C-LeaderElection15] INFO  server.RaftServerConfigKeys (ConfUtils.java:logGet(43)) - raft.server.rpc.request.timeout = 3000ms (default)
2019-10-02 05:51:55,492 [13d2ee1c-0738-43ab-a5ad-515c50b1fbae@group-E8C0ACEEC78C-LeaderElection15] INFO  server.RaftServerConfigKeys (ConfUtils.java:logGet(43)) - raft.server.log.appender.install.snapshot.enabled = false (custom)
2019-10-02 05:51:55,492 [13d2ee1c-0738-43ab-a5ad-515c50b1fbae@group-E8C0ACEEC78C-LeaderElection15] INFO  impl.RoleInfo (RoleInfo.java:updateAndGet(143)) - 13d2ee1c-0738-43ab-a5ad-515c50b1fbae: start LeaderState
2019-10-02 05:51:55,492 [13d2ee1c-0738-43ab-a5ad-515c50b1fbae@group-E8C0ACEEC78C-LeaderElection15] INFO  segmented.SegmentedRaftLogWorker (SegmentedRaftLogWorker.java:startLogSegment(385)) - 13d2ee1c-0738-43ab-a5ad-515c50b1fbae@group-E8C0ACEEC78C-SegmentedRaftLogWorker: Starting segment from index:0
2019-10-02 05:51:55,522 [13d2ee1c-0738-43ab-a5ad-515c50b1fbae@group-E8C0ACEEC78C-LeaderElection15] INFO  impl.RaftServerImpl (ServerState.java:setRaftConf(356)) - 13d2ee1c-0738-43ab-a5ad-515c50b1fbae@group-E8C0ACEEC78C: set configuration 0: [13d2ee1c-0738-43ab-a5ad-515c50b1fbae:192.168.164.250:33826, 440b2d92-0317-41e4-b6a8-f5ef9f70ba68:192.168.164.250:38969, abe57f94-e75c-4edc-b3a9-58e47daaf051:192.168.164.250:36875], old=null at 0
2019-10-02 05:51:55,525 [grpc-default-executor-15] INFO  impl.RaftServerImpl (ServerState.java:setLeader(255)) - abe57f94-e75c-4edc-b3a9-58e47daaf051@group-E8C0ACEEC78C: change Leader from null to 13d2ee1c-0738-43ab-a5ad-515c50b1fbae at term 1 for appendEntries, leader elected after 5140ms
2019-10-02 05:51:55,525 [grpc-default-executor-5] INFO  impl.RaftServerImpl (ServerState.java:setLeader(255)) - 440b2d92-0317-41e4-b6a8-f5ef9f70ba68@group-E8C0ACEEC78C: change Leader from null to 13d2ee1c-0738-43ab-a5ad-515c50b1fbae at term 1 for appendEntries, leader elected after 5140ms
2019-10-02 05:51:55,531 [grpc-default-executor-15] INFO  impl.RaftServerImpl (ServerState.java:setRaftConf(356)) - abe57f94-e75c-4edc-b3a9-58e47daaf051@group-E8C0ACEEC78C: set configuration 0: [13d2ee1c-0738-43ab-a5ad-515c50b1fbae:192.168.164.250:33826, 440b2d92-0317-41e4-b6a8-f5ef9f70ba68:192.168.164.250:38969, abe57f94-e75c-4edc-b3a9-58e47daaf051:192.168.164.250:36875], old=null at 0
2019-10-02 05:51:55,531 [grpc-default-executor-5] INFO  impl.RaftServerImpl (ServerState.java:setRaftConf(356)) - 440b2d92-0317-41e4-b6a8-f5ef9f70ba68@group-E8C0ACEEC78C: set configuration 0: [13d2ee1c-0738-43ab-a5ad-515c50b1fbae:192.168.164.250:33826, 440b2d92-0317-41e4-b6a8-f5ef9f70ba68:192.168.164.250:38969, abe57f94-e75c-4edc-b3a9-58e47daaf051:192.168.164.250:36875], old=null at 0
2019-10-02 05:51:55,531 [13d2ee1c-0738-43ab-a5ad-515c50b1fbae@group-E8C0ACEEC78C-SegmentedRaftLogWorker] INFO  segmented.SegmentedRaftLogWorker (SegmentedRaftLogWorker.java:execute(574)) - 13d2ee1c-0738-43ab-a5ad-515c50b1fbae@group-E8C0ACEEC78C-SegmentedRaftLogWorker: created new log segment /workdir/hadoop-ozone/integration-test/target/test-dir/MiniOzoneClusterImpl-96702981-7b9c-49f5-b2c8-8280b9e400ec/datanode-3/data/ratis/b55d4236-2948-48d8-b02c-e8c0aceec78c/current/log_inprogress_0
2019-10-02 05:51:55,532 [grpc-default-executor-5] INFO  segmented.SegmentedRaftLogWorker (SegmentedRaftLogWorker.java:startLogSegment(385)) - 440b2d92-0317-41e4-b6a8-f5ef9f70ba68@group-E8C0ACEEC78C-SegmentedRaftLogWorker: Starting segment from index:0
2019-10-02 05:51:55,531 [grpc-default-executor-15] INFO  segmented.SegmentedRaftLogWorker (SegmentedRaftLogWorker.java:startLogSegment(385)) - abe57f94-e75c-4edc-b3a9-58e47daaf051@group-E8C0ACEEC78C-SegmentedRaftLogWorker: Starting segment from index:0
2019-10-02 05:51:55,572 [440b2d92-0317-41e4-b6a8-f5ef9f70ba68@group-E8C0ACEEC78C-SegmentedRaftLogWorker] INFO  segmented.SegmentedRaftLogWorker (SegmentedRaftLogWorker.java:execute(574)) - 440b2d92-0317-41e4-b6a8-f5ef9f70ba68@group-E8C0ACEEC78C-SegmentedRaftLogWorker: created new log segment /workdir/hadoop-ozone/integration-test/target/test-dir/MiniOzoneClusterImpl-96702981-7b9c-49f5-b2c8-8280b9e400ec/datanode-5/data/ratis/b55d4236-2948-48d8-b02c-e8c0aceec78c/current/log_inprogress_0
2019-10-02 05:51:55,572 [abe57f94-e75c-4edc-b3a9-58e47daaf051@group-E8C0ACEEC78C-SegmentedRaftLogWorker] INFO  segmented.SegmentedRaftLogWorker (SegmentedRaftLogWorker.java:execute(574)) - abe57f94-e75c-4edc-b3a9-58e47daaf051@group-E8C0ACEEC78C-SegmentedRaftLogWorker: created new log segment /workdir/hadoop-ozone/integration-test/target/test-dir/MiniOzoneClusterImpl-96702981-7b9c-49f5-b2c8-8280b9e400ec/datanode-2/data/ratis/b55d4236-2948-48d8-b02c-e8c0aceec78c/current/log_inprogress_0
2019-10-02 05:51:58,399 [java.util.concurrent.ThreadPoolExecutor$Worker@7d05cbea[State = -1, empty queue]] ERROR client.GrpcClientProtocolClient (GrpcClientProtocolClient.java:close(148)) - Unexpected exception while waiting for channel termination
java.lang.InterruptedException
	at java.util.concurrent.locks.AbstractQueuedSynchronizer.tryAcquireSharedNanos(AbstractQueuedSynchronizer.java:1326)
	at java.util.concurrent.CountDownLatch.await(CountDownLatch.java:277)
	at org.apache.ratis.thirdparty.io.grpc.internal.ManagedChannelImpl.awaitTermination(ManagedChannelImpl.java:763)
	at org.apache.ratis.thirdparty.io.grpc.internal.ForwardingManagedChannel.awaitTermination(ForwardingManagedChannel.java:57)
	at org.apache.ratis.thirdparty.io.grpc.internal.ManagedChannelOrphanWrapper.awaitTermination(ManagedChannelOrphanWrapper.java:70)
	at org.apache.ratis.grpc.client.GrpcClientProtocolClient.close(GrpcClientProtocolClient.java:146)
	at org.apache.ratis.util.PeerProxyMap$PeerAndProxy.lambda$close$1(PeerProxyMap.java:74)
	at org.apache.ratis.util.LifeCycle.lambda$checkStateAndClose$2(LifeCycle.java:231)
	at org.apache.ratis.util.LifeCycle.checkStateAndClose(LifeCycle.java:251)
	at org.apache.ratis.util.LifeCycle.checkStateAndClose(LifeCycle.java:229)
	at org.apache.ratis.util.PeerProxyMap$PeerAndProxy.close(PeerProxyMap.java:70)
	at org.apache.ratis.util.PeerProxyMap.resetProxy(PeerProxyMap.java:127)
	at org.apache.ratis.util.PeerProxyMap.handleException(PeerProxyMap.java:136)
	at org.apache.ratis.client.impl.RaftClientRpcWithProxy.handleException(RaftClientRpcWithProxy.java:47)
	at org.apache.ratis.client.impl.RaftClientImpl.handleIOException(RaftClientImpl.java:372)
	at org.apache.ratis.client.impl.OrderedAsync.lambda$sendRequest$10(OrderedAsync.java:236)
	at java.util.concurrent.CompletableFuture.uniExceptionally(CompletableFuture.java:870)
	at java.util.concurrent.CompletableFuture$UniExceptionally.tryFire(CompletableFuture.java:852)
	at java.util.concurrent.CompletableFuture.postComplete(CompletableFuture.java:474)
	at java.util.concurrent.CompletableFuture.completeExceptionally(CompletableFuture.java:1977)
	at org.apache.ratis.grpc.client.GrpcClientProtocolClient$AsyncStreamObservers.lambda$timeoutCheck$3(GrpcClientProtocolClient.java:324)
	at java.util.Optional.ifPresent(Optional.java:159)
	at org.apache.ratis.grpc.client.GrpcClientProtocolClient$AsyncStreamObservers.handleReplyFuture(GrpcClientProtocolClient.java:329)
	at org.apache.ratis.grpc.client.GrpcClientProtocolClient$AsyncStreamObservers.timeoutCheck(GrpcClientProtocolClient.java:324)
	at org.apache.ratis.grpc.client.GrpcClientProtocolClient$AsyncStreamObservers.lambda$onNext$1(GrpcClientProtocolClient.java:318)
	at org.apache.ratis.util.TimeoutScheduler.lambda$onTimeout$0(TimeoutScheduler.java:113)
	at org.apache.ratis.util.TimeoutScheduler.lambda$onTimeout$1(TimeoutScheduler.java:133)
	at org.apache.ratis.util.LogUtils.runAndLog(LogUtils.java:50)
	at org.apache.ratis.util.LogUtils$1.run(LogUtils.java:91)
	at java.util.concurrent.Executors$RunnableAdapter.call(Executors.java:511)
	at java.util.concurrent.FutureTask.run(FutureTask.java:266)
	at java.util.concurrent.ScheduledThreadPoolExecutor$ScheduledFutureTask.access$201(ScheduledThreadPoolExecutor.java:180)
	at java.util.concurrent.ScheduledThreadPoolExecutor$ScheduledFutureTask.run(ScheduledThreadPoolExecutor.java:293)
	at java.util.concurrent.ThreadPoolExecutor.runWorker(ThreadPoolExecutor.java:1149)
	at java.util.concurrent.ThreadPoolExecutor$Worker.run(ThreadPoolExecutor.java:624)
	at java.lang.Thread.run(Thread.java:748)
2019-10-02 05:51:58,400 [java.util.concurrent.ThreadPoolExecutor$Worker@7d05cbea[State = -1, empty queue]] WARN  util.TimeoutScheduler (LogUtils.java:runAndLog(55)) - Failed to task #0: java.lang.NullPointerException
2019-10-02 05:52:02,429 [java.util.concurrent.ThreadPoolExecutor$Worker@5c95d559[State = -1, empty queue]] ERROR client.GrpcClientProtocolClient (GrpcClientProtocolClient.java:close(148)) - Unexpected exception while waiting for channel termination
java.lang.InterruptedException
	at java.util.concurrent.locks.AbstractQueuedSynchronizer.tryAcquireSharedNanos(AbstractQueuedSynchronizer.java:1326)
	at java.util.concurrent.CountDownLatch.await(CountDownLatch.java:277)
	at org.apache.ratis.thirdparty.io.grpc.internal.ManagedChannelImpl.awaitTermination(ManagedChannelImpl.java:763)
	at org.apache.ratis.thirdparty.io.grpc.internal.ForwardingManagedChannel.awaitTermination(ForwardingManagedChannel.java:57)
	at org.apache.ratis.thirdparty.io.grpc.internal.ManagedChannelOrphanWrapper.awaitTermination(ManagedChannelOrphanWrapper.java:70)
	at org.apache.ratis.grpc.client.GrpcClientProtocolClient.close(GrpcClientProtocolClient.java:146)
	at org.apache.ratis.util.PeerProxyMap$PeerAndProxy.lambda$close$1(PeerProxyMap.java:74)
	at org.apache.ratis.util.LifeCycle.lambda$checkStateAndClose$2(LifeCycle.java:231)
	at org.apache.ratis.util.LifeCycle.checkStateAndClose(LifeCycle.java:251)
	at org.apache.ratis.util.LifeCycle.checkStateAndClose(LifeCycle.java:229)
	at org.apache.ratis.util.PeerProxyMap$PeerAndProxy.close(PeerProxyMap.java:70)
	at org.apache.ratis.util.PeerProxyMap.resetProxy(PeerProxyMap.java:127)
	at org.apache.ratis.util.PeerProxyMap.handleException(PeerProxyMap.java:136)
	at org.apache.ratis.client.impl.RaftClientRpcWithProxy.handleException(RaftClientRpcWithProxy.java:47)
	at org.apache.ratis.client.impl.RaftClientImpl.handleIOException(RaftClientImpl.java:372)
	at org.apache.ratis.client.impl.OrderedAsync.lambda$sendRequest$10(OrderedAsync.java:236)
	at java.util.concurrent.CompletableFuture.uniExceptionally(CompletableFuture.java:870)
	at java.util.concurrent.CompletableFuture$UniExceptionally.tryFire(CompletableFuture.java:852)
	at java.util.concurrent.CompletableFuture.postComplete(CompletableFuture.java:474)
	at java.util.concurrent.CompletableFuture.completeExceptionally(CompletableFuture.java:1977)
	at org.apache.ratis.grpc.client.GrpcClientProtocolClient$AsyncStreamObservers.lambda$timeoutCheck$3(GrpcClientProtocolClient.java:324)
	at java.util.Optional.ifPresent(Optional.java:159)
	at org.apache.ratis.grpc.client.GrpcClientProtocolClient$AsyncStreamObservers.handleReplyFuture(GrpcClientProtocolClient.java:329)
	at org.apache.ratis.grpc.client.GrpcClientProtocolClient$AsyncStreamObservers.timeoutCheck(GrpcClientProtocolClient.java:324)
	at org.apache.ratis.grpc.client.GrpcClientProtocolClient$AsyncStreamObservers.lambda$onNext$1(GrpcClientProtocolClient.java:318)
	at org.apache.ratis.util.TimeoutScheduler.lambda$onTimeout$0(TimeoutScheduler.java:113)
	at org.apache.ratis.util.TimeoutScheduler.lambda$onTimeout$1(TimeoutScheduler.java:133)
	at org.apache.ratis.util.LogUtils.runAndLog(LogUtils.java:50)
	at org.apache.ratis.util.LogUtils$1.run(LogUtils.java:91)
	at java.util.concurrent.Executors$RunnableAdapter.call(Executors.java:511)
	at java.util.concurrent.FutureTask.run(FutureTask.java:266)
	at java.util.concurrent.ScheduledThreadPoolExecutor$ScheduledFutureTask.access$201(ScheduledThreadPoolExecutor.java:180)
	at java.util.concurrent.ScheduledThreadPoolExecutor$ScheduledFutureTask.run(ScheduledThreadPoolExecutor.java:293)
	at java.util.concurrent.ThreadPoolExecutor.runWorker(ThreadPoolExecutor.java:1149)
	at java.util.concurrent.ThreadPoolExecutor$Worker.run(ThreadPoolExecutor.java:624)
	at java.lang.Thread.run(Thread.java:748)
2019-10-02 05:52:02,432 [java.util.concurrent.ThreadPoolExecutor$Worker@5c95d559[State = -1, empty queue]] WARN  util.TimeoutScheduler (LogUtils.java:runAndLog(55)) - Failed to task #0: java.lang.NullPointerException
2019-10-02 05:52:06,478 [java.util.concurrent.ThreadPoolExecutor$Worker@8377e89[State = -1, empty queue]] ERROR client.GrpcClientProtocolClient (GrpcClientProtocolClient.java:close(148)) - Unexpected exception while waiting for channel termination
java.lang.InterruptedException
	at java.util.concurrent.locks.AbstractQueuedSynchronizer.tryAcquireSharedNanos(AbstractQueuedSynchronizer.java:1326)
	at java.util.concurrent.CountDownLatch.await(CountDownLatch.java:277)
	at org.apache.ratis.thirdparty.io.grpc.internal.ManagedChannelImpl.awaitTermination(ManagedChannelImpl.java:763)
	at org.apache.ratis.thirdparty.io.grpc.internal.ForwardingManagedChannel.awaitTermination(ForwardingManagedChannel.java:57)
	at org.apache.ratis.thirdparty.io.grpc.internal.ManagedChannelOrphanWrapper.awaitTermination(ManagedChannelOrphanWrapper.java:70)
	at org.apache.ratis.grpc.client.GrpcClientProtocolClient.close(GrpcClientProtocolClient.java:146)
	at org.apache.ratis.util.PeerProxyMap$PeerAndProxy.lambda$close$1(PeerProxyMap.java:74)
	at org.apache.ratis.util.LifeCycle.lambda$checkStateAndClose$2(LifeCycle.java:231)
	at org.apache.ratis.util.LifeCycle.checkStateAndClose(LifeCycle.java:251)
	at org.apache.ratis.util.LifeCycle.checkStateAndClose(LifeCycle.java:229)
	at org.apache.ratis.util.PeerProxyMap$PeerAndProxy.close(PeerProxyMap.java:70)
	at org.apache.ratis.util.PeerProxyMap.resetProxy(PeerProxyMap.java:127)
	at org.apache.ratis.util.PeerProxyMap.handleException(PeerProxyMap.java:136)
	at org.apache.ratis.client.impl.RaftClientRpcWithProxy.handleException(RaftClientRpcWithProxy.java:47)
	at org.apache.ratis.client.impl.RaftClientImpl.handleIOException(RaftClientImpl.java:372)
	at org.apache.ratis.client.impl.OrderedAsync.lambda$sendRequest$10(OrderedAsync.java:236)
	at java.util.concurrent.CompletableFuture.uniExceptionally(CompletableFuture.java:870)
	at java.util.concurrent.CompletableFuture$UniExceptionally.tryFire(CompletableFuture.java:852)
	at java.util.concurrent.CompletableFuture.postComplete(CompletableFuture.java:474)
	at java.util.concurrent.CompletableFuture.completeExceptionally(CompletableFuture.java:1977)
	at org.apache.ratis.grpc.client.GrpcClientProtocolClient$AsyncStreamObservers.lambda$timeoutCheck$3(GrpcClientProtocolClient.java:324)
	at java.util.Optional.ifPresent(Optional.java:159)
	at org.apache.ratis.grpc.client.GrpcClientProtocolClient$AsyncStreamObservers.handleReplyFuture(GrpcClientProtocolClient.java:329)
	at org.apache.ratis.grpc.client.GrpcClientProtocolClient$AsyncStreamObservers.timeoutCheck(GrpcClientProtocolClient.java:324)
	at org.apache.ratis.grpc.client.GrpcClientProtocolClient$AsyncStreamObservers.lambda$onNext$1(GrpcClientProtocolClient.java:318)
	at org.apache.ratis.util.TimeoutScheduler.lambda$onTimeout$0(TimeoutScheduler.java:113)
	at org.apache.ratis.util.TimeoutScheduler.lambda$onTimeout$1(TimeoutScheduler.java:133)
	at org.apache.ratis.util.LogUtils.runAndLog(LogUtils.java:50)
	at org.apache.ratis.util.LogUtils$1.run(LogUtils.java:91)
	at java.util.concurrent.Executors$RunnableAdapter.call(Executors.java:511)
	at java.util.concurrent.FutureTask.run(FutureTask.java:266)
	at java.util.concurrent.ScheduledThreadPoolExecutor$ScheduledFutureTask.access$201(ScheduledThreadPoolExecutor.java:180)
	at java.util.concurrent.ScheduledThreadPoolExecutor$ScheduledFutureTask.run(ScheduledThreadPoolExecutor.java:293)
	at java.util.concurrent.ThreadPoolExecutor.runWorker(ThreadPoolExecutor.java:1149)
	at java.util.concurrent.ThreadPoolExecutor$Worker.run(ThreadPoolExecutor.java:624)
	at java.lang.Thread.run(Thread.java:748)
2019-10-02 05:52:06,482 [java.util.concurrent.ThreadPoolExecutor$Worker@8377e89[State = -1, empty queue]] WARN  util.TimeoutScheduler (LogUtils.java:runAndLog(55)) - Failed to task #0: java.lang.NullPointerException
2019-10-02 05:52:10,521 [java.util.concurrent.ThreadPoolExecutor$Worker@5249ad74[State = -1, empty queue]] ERROR client.GrpcClientProtocolClient (GrpcClientProtocolClient.java:close(148)) - Unexpected exception while waiting for channel termination
java.lang.InterruptedException
	at java.util.concurrent.locks.AbstractQueuedSynchronizer.tryAcquireSharedNanos(AbstractQueuedSynchronizer.java:1326)
	at java.util.concurrent.CountDownLatch.await(CountDownLatch.java:277)
	at org.apache.ratis.thirdparty.io.grpc.internal.ManagedChannelImpl.awaitTermination(ManagedChannelImpl.java:763)
	at org.apache.ratis.thirdparty.io.grpc.internal.ForwardingManagedChannel.awaitTermination(ForwardingManagedChannel.java:57)
	at org.apache.ratis.thirdparty.io.grpc.internal.ManagedChannelOrphanWrapper.awaitTermination(ManagedChannelOrphanWrapper.java:70)
	at org.apache.ratis.grpc.client.GrpcClientProtocolClient.close(GrpcClientProtocolClient.java:146)
	at org.apache.ratis.util.PeerProxyMap$PeerAndProxy.lambda$close$1(PeerProxyMap.java:74)
	at org.apache.ratis.util.LifeCycle.lambda$checkStateAndClose$2(LifeCycle.java:231)
	at org.apache.ratis.util.LifeCycle.checkStateAndClose(LifeCycle.java:251)
	at org.apache.ratis.util.LifeCycle.checkStateAndClose(LifeCycle.java:229)
	at org.apache.ratis.util.PeerProxyMap$PeerAndProxy.close(PeerProxyMap.java:70)
	at org.apache.ratis.util.PeerProxyMap.resetProxy(PeerProxyMap.java:127)
	at org.apache.ratis.util.PeerProxyMap.handleException(PeerProxyMap.java:136)
	at org.apache.ratis.client.impl.RaftClientRpcWithProxy.handleException(RaftClientRpcWithProxy.java:47)
	at org.apache.ratis.client.impl.RaftClientImpl.handleIOException(RaftClientImpl.java:372)
	at org.apache.ratis.client.impl.OrderedAsync.lambda$sendRequest$10(OrderedAsync.java:236)
	at java.util.concurrent.CompletableFuture.uniExceptionally(CompletableFuture.java:870)
	at java.util.concurrent.CompletableFuture$UniExceptionally.tryFire(CompletableFuture.java:852)
	at java.util.concurrent.CompletableFuture.postComplete(CompletableFuture.java:474)
	at java.util.concurrent.CompletableFuture.completeExceptionally(CompletableFuture.java:1977)
	at org.apache.ratis.grpc.client.GrpcClientProtocolClient$AsyncStreamObservers.lambda$timeoutCheck$3(GrpcClientProtocolClient.java:324)
	at java.util.Optional.ifPresent(Optional.java:159)
	at org.apache.ratis.grpc.client.GrpcClientProtocolClient$AsyncStreamObservers.handleReplyFuture(GrpcClientProtocolClient.java:329)
	at org.apache.ratis.grpc.client.GrpcClientProtocolClient$AsyncStreamObservers.timeoutCheck(GrpcClientProtocolClient.java:324)
	at org.apache.ratis.grpc.client.GrpcClientProtocolClient$AsyncStreamObservers.lambda$onNext$1(GrpcClientProtocolClient.java:318)
	at org.apache.ratis.util.TimeoutScheduler.lambda$onTimeout$0(TimeoutScheduler.java:113)
	at org.apache.ratis.util.TimeoutScheduler.lambda$onTimeout$1(TimeoutScheduler.java:133)
	at org.apache.ratis.util.LogUtils.runAndLog(LogUtils.java:50)
	at org.apache.ratis.util.LogUtils$1.run(LogUtils.java:91)
	at java.util.concurrent.Executors$RunnableAdapter.call(Executors.java:511)
	at java.util.concurrent.FutureTask.run(FutureTask.java:266)
	at java.util.concurrent.ScheduledThreadPoolExecutor$ScheduledFutureTask.access$201(ScheduledThreadPoolExecutor.java:180)
	at java.util.concurrent.ScheduledThreadPoolExecutor$ScheduledFutureTask.run(ScheduledThreadPoolExecutor.java:293)
	at java.util.concurrent.ThreadPoolExecutor.runWorker(ThreadPoolExecutor.java:1149)
	at java.util.concurrent.ThreadPoolExecutor$Worker.run(ThreadPoolExecutor.java:624)
	at java.lang.Thread.run(Thread.java:748)
2019-10-02 05:52:10,522 [java.util.concurrent.ThreadPoolExecutor$Worker@5249ad74[State = -1, empty queue]] WARN  util.TimeoutScheduler (LogUtils.java:runAndLog(55)) - Failed to task #0: java.lang.NullPointerException
2019-10-02 05:52:13,380 [grpc-default-executor-14] INFO  impl.RaftServerProxy (RaftServerProxy.java:addNew(89)) - a7e49ec6-0391-473f-af1f-b7ebe60d9c8d: addNew group-383BF36219EF:[d31a379a-b462-4e23-84c2-f59667e5dc0b:192.168.164.250:33498, 8b099941-e94c-4d44-b111-fee9636cc34f:192.168.164.250:43588, a7e49ec6-0391-473f-af1f-b7ebe60d9c8d:192.168.164.250:41993] returns group-383BF36219EF:java.util.concurrent.CompletableFuture@4fece96[Not completed]
2019-10-02 05:52:13,380 [grpc-default-executor-15] INFO  impl.RaftServerProxy (RaftServerProxy.java:addNew(89)) - 8b099941-e94c-4d44-b111-fee9636cc34f: addNew group-383BF36219EF:[d31a379a-b462-4e23-84c2-f59667e5dc0b:192.168.164.250:33498, 8b099941-e94c-4d44-b111-fee9636cc34f:192.168.164.250:43588, a7e49ec6-0391-473f-af1f-b7ebe60d9c8d:192.168.164.250:41993] returns group-383BF36219EF:java.util.concurrent.CompletableFuture@3681b393[Not completed]
2019-10-02 05:52:13,382 [grpc-default-executor-5] INFO  impl.RaftServerProxy (RaftServerProxy.java:addNew(89)) - d31a379a-b462-4e23-84c2-f59667e5dc0b: addNew group-383BF36219EF:[d31a379a-b462-4e23-84c2-f59667e5dc0b:192.168.164.250:33498, 8b099941-e94c-4d44-b111-fee9636cc34f:192.168.164.250:43588, a7e49ec6-0391-473f-af1f-b7ebe60d9c8d:192.168.164.250:41993] returns group-383BF36219EF:java.util.concurrent.CompletableFuture@5f2f148[Not completed]
2019-10-02 05:52:13,384 [pool-67-thread-1] INFO  impl.RaftServerImpl (RaftServerImpl.java:<init>(95)) - 8b099941-e94c-4d44-b111-fee9636cc34f: new RaftServerImpl for group-383BF36219EF:[d31a379a-b462-4e23-84c2-f59667e5dc0b:192.168.164.250:33498, 8b099941-e94c-4d44-b111-fee9636cc34f:192.168.164.250:43588, a7e49ec6-0391-473f-af1f-b7ebe60d9c8d:192.168.164.250:41993] with ContainerStateMachine:uninitialized
2019-10-02 05:52:13,384 [pool-67-thread-1] INFO  server.RaftServerConfigKeys (ConfUtils.java:logGet(43)) - raft.server.rpc.timeout.min = 5s (custom)
2019-10-02 05:52:13,384 [pool-67-thread-1] INFO  server.RaftServerConfigKeys (ConfUtils.java:logGet(43)) - raft.server.rpc.timeout.max = 5200ms (custom)
2019-10-02 05:52:13,384 [pool-27-thread-1] INFO  impl.RaftServerImpl (RaftServerImpl.java:<init>(95)) - a7e49ec6-0391-473f-af1f-b7ebe60d9c8d: new RaftServerImpl for group-383BF36219EF:[d31a379a-b462-4e23-84c2-f59667e5dc0b:192.168.164.250:33498, 8b099941-e94c-4d44-b111-fee9636cc34f:192.168.164.250:43588, a7e49ec6-0391-473f-af1f-b7ebe60d9c8d:192.168.164.250:41993] with ContainerStateMachine:uninitialized
2019-10-02 05:52:13,384 [pool-67-thread-1] INFO  server.RaftServerConfigKeys (ConfUtils.java:logGet(43)) - raft.server.rpcslowness.timeout = 120s (custom)
2019-10-02 05:52:13,384 [pool-27-thread-1] INFO  server.RaftServerConfigKeys (ConfUtils.java:logGet(43)) - raft.server.rpc.timeout.min = 5s (custom)
2019-10-02 05:52:13,384 [pool-67-thread-1] INFO  server.RaftServerConfigKeys (ConfUtils.java:logGet(43)) - raft.server.sleep.deviation.threshold = 300 (default)
2019-10-02 05:52:13,384 [pool-27-thread-1] INFO  server.RaftServerConfigKeys (ConfUtils.java:logGet(43)) - raft.server.rpc.timeout.max = 5200ms (custom)
2019-10-02 05:52:13,385 [pool-67-thread-1] INFO  server.RaftServerConfigKeys (ConfUtils.java:logGet(43)) - raft.server.log.appender.install.snapshot.enabled = false (custom)
2019-10-02 05:52:13,385 [pool-27-thread-1] INFO  server.RaftServerConfigKeys (ConfUtils.java:logGet(43)) - raft.server.rpcslowness.timeout = 120s (custom)
2019-10-02 05:52:13,385 [pool-37-thread-1] INFO  impl.RaftServerImpl (RaftServerImpl.java:<init>(95)) - d31a379a-b462-4e23-84c2-f59667e5dc0b: new RaftServerImpl for group-383BF36219EF:[d31a379a-b462-4e23-84c2-f59667e5dc0b:192.168.164.250:33498, 8b099941-e94c-4d44-b111-fee9636cc34f:192.168.164.250:43588, a7e49ec6-0391-473f-af1f-b7ebe60d9c8d:192.168.164.250:41993] with ContainerStateMachine:uninitialized
2019-10-02 05:52:13,385 [pool-27-thread-1] INFO  server.RaftServerConfigKeys (ConfUtils.java:logGet(43)) - raft.server.sleep.deviation.threshold = 300 (default)
2019-10-02 05:52:13,385 [pool-67-thread-1] INFO  impl.RaftServerImpl (ServerState.java:<init>(103)) - 8b099941-e94c-4d44-b111-fee9636cc34f@group-383BF36219EF: ConfigurationManager, init=-1: [d31a379a-b462-4e23-84c2-f59667e5dc0b:192.168.164.250:33498, 8b099941-e94c-4d44-b111-fee9636cc34f:192.168.164.250:43588, a7e49ec6-0391-473f-af1f-b7ebe60d9c8d:192.168.164.250:41993], old=null, confs=<EMPTY_MAP>
2019-10-02 05:52:13,385 [pool-27-thread-1] INFO  server.RaftServerConfigKeys (ConfUtils.java:logGet(43)) - raft.server.log.appender.install.snapshot.enabled = false (custom)
2019-10-02 05:52:13,385 [pool-37-thread-1] INFO  server.RaftServerConfigKeys (ConfUtils.java:logGet(43)) - raft.server.rpc.timeout.min = 5s (custom)
2019-10-02 05:52:13,385 [pool-27-thread-1] INFO  impl.RaftServerImpl (ServerState.java:<init>(103)) - a7e49ec6-0391-473f-af1f-b7ebe60d9c8d@group-383BF36219EF: ConfigurationManager, init=-1: [d31a379a-b462-4e23-84c2-f59667e5dc0b:192.168.164.250:33498, 8b099941-e94c-4d44-b111-fee9636cc34f:192.168.164.250:43588, a7e49ec6-0391-473f-af1f-b7ebe60d9c8d:192.168.164.250:41993], old=null, confs=<EMPTY_MAP>
2019-10-02 05:52:13,385 [pool-67-thread-1] INFO  server.RaftServerConfigKeys (ConfUtils.java:logGet(43)) - raft.server.storage.dir = [/workdir/hadoop-ozone/integration-test/target/test-dir/MiniOzoneClusterImpl-96702981-7b9c-49f5-b2c8-8280b9e400ec/datanode-4/data/ratis] (custom)
2019-10-02 05:52:13,385 [pool-27-thread-1] INFO  server.RaftServerConfigKeys (ConfUtils.java:logGet(43)) - raft.server.storage.dir = [/workdir/hadoop-ozone/integration-test/target/test-dir/MiniOzoneClusterImpl-96702981-7b9c-49f5-b2c8-8280b9e400ec/datanode-0/data/ratis] (custom)
2019-10-02 05:52:13,385 [pool-37-thread-1] INFO  server.RaftServerConfigKeys (ConfUtils.java:logGet(43)) - raft.server.rpc.timeout.max = 5200ms (custom)
2019-10-02 05:52:13,386 [pool-67-thread-1] INFO  server.RaftServerConfigKeys (ConfUtils.java:logGet(43)) - raft.server.log.corruption.policy = EXCEPTION (default)
2019-10-02 05:52:13,386 [pool-37-thread-1] INFO  server.RaftServerConfigKeys (ConfUtils.java:logGet(43)) - raft.server.rpcslowness.timeout = 120s (custom)
2019-10-02 05:52:13,386 [pool-37-thread-1] INFO  server.RaftServerConfigKeys (ConfUtils.java:logGet(43)) - raft.server.sleep.deviation.threshold = 300 (default)
2019-10-02 05:52:13,386 [pool-27-thread-1] INFO  server.RaftServerConfigKeys (ConfUtils.java:logGet(43)) - raft.server.log.corruption.policy = EXCEPTION (default)
2019-10-02 05:52:13,386 [pool-37-thread-1] INFO  server.RaftServerConfigKeys (ConfUtils.java:logGet(43)) - raft.server.log.appender.install.snapshot.enabled = false (custom)
2019-10-02 05:52:13,386 [pool-67-thread-1] INFO  storage.RaftStorageDirectory (RaftStorageDirectory.java:analyzeStorage(246)) - The storage directory /workdir/hadoop-ozone/integration-test/target/test-dir/MiniOzoneClusterImpl-96702981-7b9c-49f5-b2c8-8280b9e400ec/datanode-4/data/ratis/b0c4b3ea-54d9-4858-866f-383bf36219ef does not exist. Creating ...
2019-10-02 05:52:13,386 [pool-37-thread-1] INFO  impl.RaftServerImpl (ServerState.java:<init>(103)) - d31a379a-b462-4e23-84c2-f59667e5dc0b@group-383BF36219EF: ConfigurationManager, init=-1: [d31a379a-b462-4e23-84c2-f59667e5dc0b:192.168.164.250:33498, 8b099941-e94c-4d44-b111-fee9636cc34f:192.168.164.250:43588, a7e49ec6-0391-473f-af1f-b7ebe60d9c8d:192.168.164.250:41993], old=null, confs=<EMPTY_MAP>
2019-10-02 05:52:13,386 [pool-27-thread-1] INFO  storage.RaftStorageDirectory (RaftStorageDirectory.java:analyzeStorage(246)) - The storage directory /workdir/hadoop-ozone/integration-test/target/test-dir/MiniOzoneClusterImpl-96702981-7b9c-49f5-b2c8-8280b9e400ec/datanode-0/data/ratis/b0c4b3ea-54d9-4858-866f-383bf36219ef does not exist. Creating ...
2019-10-02 05:52:13,387 [pool-37-thread-1] INFO  server.RaftServerConfigKeys (ConfUtils.java:logGet(43)) - raft.server.storage.dir = [/workdir/hadoop-ozone/integration-test/target/test-dir/MiniOzoneClusterImpl-96702981-7b9c-49f5-b2c8-8280b9e400ec/datanode-1/data/ratis] (custom)
2019-10-02 05:52:13,387 [pool-37-thread-1] INFO  server.RaftServerConfigKeys (ConfUtils.java:logGet(43)) - raft.server.log.corruption.policy = EXCEPTION (default)
2019-10-02 05:52:13,387 [pool-37-thread-1] INFO  storage.RaftStorageDirectory (RaftStorageDirectory.java:analyzeStorage(246)) - The storage directory /workdir/hadoop-ozone/integration-test/target/test-dir/MiniOzoneClusterImpl-96702981-7b9c-49f5-b2c8-8280b9e400ec/datanode-1/data/ratis/b0c4b3ea-54d9-4858-866f-383bf36219ef does not exist. Creating ...
2019-10-02 05:52:13,419 [pool-27-thread-1] INFO  storage.RaftStorageDirectory (RaftStorageDirectory.java:tryLock(328)) - Lock on /workdir/hadoop-ozone/integration-test/target/test-dir/MiniOzoneClusterImpl-96702981-7b9c-49f5-b2c8-8280b9e400ec/datanode-0/data/ratis/b0c4b3ea-54d9-4858-866f-383bf36219ef/in_use.lock acquired by nodename 32484@pr-trunk-p5fv4-2201032288
2019-10-02 05:52:13,419 [pool-67-thread-1] INFO  storage.RaftStorageDirectory (RaftStorageDirectory.java:tryLock(328)) - Lock on /workdir/hadoop-ozone/integration-test/target/test-dir/MiniOzoneClusterImpl-96702981-7b9c-49f5-b2c8-8280b9e400ec/datanode-4/data/ratis/b0c4b3ea-54d9-4858-866f-383bf36219ef/in_use.lock acquired by nodename 32484@pr-trunk-p5fv4-2201032288
2019-10-02 05:52:13,419 [pool-37-thread-1] INFO  storage.RaftStorageDirectory (RaftStorageDirectory.java:tryLock(328)) - Lock on /workdir/hadoop-ozone/integration-test/target/test-dir/MiniOzoneClusterImpl-96702981-7b9c-49f5-b2c8-8280b9e400ec/datanode-1/data/ratis/b0c4b3ea-54d9-4858-866f-383bf36219ef/in_use.lock acquired by nodename 32484@pr-trunk-p5fv4-2201032288
2019-10-02 05:52:13,433 [pool-67-thread-1] INFO  storage.RaftStorage (RaftStorage.java:format(84)) - Storage directory /workdir/hadoop-ozone/integration-test/target/test-dir/MiniOzoneClusterImpl-96702981-7b9c-49f5-b2c8-8280b9e400ec/datanode-4/data/ratis/b0c4b3ea-54d9-4858-866f-383bf36219ef has been successfully formatted.
2019-10-02 05:52:13,433 [pool-37-thread-1] INFO  storage.RaftStorage (RaftStorage.java:format(84)) - Storage directory /workdir/hadoop-ozone/integration-test/target/test-dir/MiniOzoneClusterImpl-96702981-7b9c-49f5-b2c8-8280b9e400ec/datanode-1/data/ratis/b0c4b3ea-54d9-4858-866f-383bf36219ef has been successfully formatted.
2019-10-02 05:52:13,433 [pool-27-thread-1] INFO  storage.RaftStorage (RaftStorage.java:format(84)) - Storage directory /workdir/hadoop-ozone/integration-test/target/test-dir/MiniOzoneClusterImpl-96702981-7b9c-49f5-b2c8-8280b9e400ec/datanode-0/data/ratis/b0c4b3ea-54d9-4858-866f-383bf36219ef has been successfully formatted.
2019-10-02 05:52:13,434 [pool-67-thread-1] INFO  ratis.ContainerStateMachine (ContainerStateMachine.java:loadSnapshot(231)) - group-383BF36219EF: The snapshot info is null. Setting the last applied indexto:(t:0, i:~)
2019-10-02 05:52:13,434 [pool-37-thread-1] INFO  ratis.ContainerStateMachine (ContainerStateMachine.java:loadSnapshot(231)) - group-383BF36219EF: The snapshot info is null. Setting the last applied indexto:(t:0, i:~)
2019-10-02 05:52:13,434 [pool-27-thread-1] INFO  ratis.ContainerStateMachine (ContainerStateMachine.java:loadSnapshot(231)) - group-383BF36219EF: The snapshot info is null. Setting the last applied indexto:(t:0, i:~)
2019-10-02 05:52:13,434 [pool-37-thread-1] INFO  server.RaftServerConfigKeys (ConfUtils.java:logGet(43)) - raft.server.notification.no-leader.timeout = 120s (custom)
2019-10-02 05:52:13,434 [pool-67-thread-1] INFO  server.RaftServerConfigKeys (ConfUtils.java:logGet(43)) - raft.server.notification.no-leader.timeout = 120s (custom)
2019-10-02 05:52:13,434 [pool-37-thread-1] INFO  server.RaftServerConfigKeys (ConfUtils.java:logGet(43)) - raft.server.log.use.memory = false (default)
2019-10-02 05:52:13,434 [pool-27-thread-1] INFO  server.RaftServerConfigKeys (ConfUtils.java:logGet(43)) - raft.server.notification.no-leader.timeout = 120s (custom)
2019-10-02 05:52:13,435 [pool-37-thread-1] INFO  server.RaftServerConfigKeys (ConfUtils.java:logGet(43)) - raft.server.log.purge.gap = 1000000 (custom)
2019-10-02 05:52:13,434 [pool-67-thread-1] INFO  server.RaftServerConfigKeys (ConfUtils.java:logGet(43)) - raft.server.log.use.memory = false (default)
2019-10-02 05:52:13,435 [pool-37-thread-1] INFO  server.RaftServerConfigKeys (ConfUtils.java:logGet(43)) - raft.server.log.appender.buffer.byte-limit = 33554432 (custom)
2019-10-02 05:52:13,435 [pool-27-thread-1] INFO  server.RaftServerConfigKeys (ConfUtils.java:logGet(43)) - raft.server.log.use.memory = false (default)
2019-10-02 05:52:13,435 [pool-37-thread-1] INFO  server.RaftServerConfigKeys (ConfUtils.java:logGet(43)) - raft.server.log.segment.size.max = 1048576 (custom)
2019-10-02 05:52:13,435 [pool-67-thread-1] INFO  server.RaftServerConfigKeys (ConfUtils.java:logGet(43)) - raft.server.log.purge.gap = 1000000 (custom)
2019-10-02 05:52:13,435 [pool-27-thread-1] INFO  server.RaftServerConfigKeys (ConfUtils.java:logGet(43)) - raft.server.log.purge.gap = 1000000 (custom)
2019-10-02 05:52:13,435 [pool-37-thread-1] INFO  server.RaftServerConfigKeys (ConfUtils.java:logGet(43)) - raft.server.log.segment.cache.num.max = 2 (custom)
2019-10-02 05:52:13,435 [pool-67-thread-1] INFO  server.RaftServerConfigKeys (ConfUtils.java:logGet(43)) - raft.server.log.appender.buffer.byte-limit = 33554432 (custom)
2019-10-02 05:52:13,436 [pool-37-thread-1] INFO  segmented.SegmentedRaftLogWorker (SegmentedRaftLogWorker.java:<init>(173)) - new d31a379a-b462-4e23-84c2-f59667e5dc0b@group-383BF36219EF-SegmentedRaftLogWorker for RaftStorage:Storage Directory /workdir/hadoop-ozone/integration-test/target/test-dir/MiniOzoneClusterImpl-96702981-7b9c-49f5-b2c8-8280b9e400ec/datanode-1/data/ratis/b0c4b3ea-54d9-4858-866f-383bf36219ef
2019-10-02 05:52:13,435 [pool-27-thread-1] INFO  server.RaftServerConfigKeys (ConfUtils.java:logGet(43)) - raft.server.log.appender.buffer.byte-limit = 33554432 (custom)
2019-10-02 05:52:13,436 [pool-37-thread-1] INFO  server.RaftServerConfigKeys (ConfUtils.java:logGet(43)) - raft.server.log.queue.byte-limit = 2147483647 (custom)
2019-10-02 05:52:13,436 [pool-67-thread-1] INFO  server.RaftServerConfigKeys (ConfUtils.java:logGet(43)) - raft.server.log.segment.size.max = 1048576 (custom)
2019-10-02 05:52:13,436 [pool-37-thread-1] INFO  server.RaftServerConfigKeys (ConfUtils.java:logGet(43)) - raft.server.log.queue.element-limit = 1024 (custom)
2019-10-02 05:52:13,436 [pool-27-thread-1] INFO  server.RaftServerConfigKeys (ConfUtils.java:logGet(43)) - raft.server.log.segment.size.max = 1048576 (custom)
2019-10-02 05:52:13,436 [pool-37-thread-1] INFO  server.RaftServerConfigKeys (ConfUtils.java:logGet(43)) - raft.server.log.segment.size.max = 1048576 (custom)
2019-10-02 05:52:13,436 [pool-67-thread-1] INFO  server.RaftServerConfigKeys (ConfUtils.java:logGet(43)) - raft.server.log.segment.cache.num.max = 2 (custom)
2019-10-02 05:52:13,437 [pool-37-thread-1] INFO  server.RaftServerConfigKeys (ConfUtils.java:logGet(43)) - raft.server.log.preallocated.size = 16384 (custom)
2019-10-02 05:52:13,436 [pool-27-thread-1] INFO  server.RaftServerConfigKeys (ConfUtils.java:logGet(43)) - raft.server.log.segment.cache.num.max = 2 (custom)
2019-10-02 05:52:13,437 [pool-37-thread-1] INFO  server.RaftServerConfigKeys (ConfUtils.java:logGet(43)) - raft.server.log.write.buffer.size = 33554432 (custom)
2019-10-02 05:52:13,437 [pool-67-thread-1] INFO  segmented.SegmentedRaftLogWorker (SegmentedRaftLogWorker.java:<init>(173)) - new 8b099941-e94c-4d44-b111-fee9636cc34f@group-383BF36219EF-SegmentedRaftLogWorker for RaftStorage:Storage Directory /workdir/hadoop-ozone/integration-test/target/test-dir/MiniOzoneClusterImpl-96702981-7b9c-49f5-b2c8-8280b9e400ec/datanode-4/data/ratis/b0c4b3ea-54d9-4858-866f-383bf36219ef
2019-10-02 05:52:13,437 [pool-37-thread-1] INFO  server.RaftServerConfigKeys (ConfUtils.java:logGet(43)) - raft.server.log.force.sync.num = 128 (default)
2019-10-02 05:52:13,437 [pool-27-thread-1] INFO  segmented.SegmentedRaftLogWorker (SegmentedRaftLogWorker.java:<init>(173)) - new a7e49ec6-0391-473f-af1f-b7ebe60d9c8d@group-383BF36219EF-SegmentedRaftLogWorker for RaftStorage:Storage Directory /workdir/hadoop-ozone/integration-test/target/test-dir/MiniOzoneClusterImpl-96702981-7b9c-49f5-b2c8-8280b9e400ec/datanode-0/data/ratis/b0c4b3ea-54d9-4858-866f-383bf36219ef
2019-10-02 05:52:13,437 [pool-37-thread-1] INFO  server.RaftServerConfigKeys (ConfUtils.java:logGet(43)) - raft.server.log.statemachine.data.sync = true (default)
2019-10-02 05:52:13,437 [pool-67-thread-1] INFO  server.RaftServerConfigKeys (ConfUtils.java:logGet(43)) - raft.server.log.queue.byte-limit = 2147483647 (custom)
2019-10-02 05:52:13,438 [pool-37-thread-1] INFO  server.RaftServerConfigKeys (ConfUtils.java:logGet(43)) - raft.server.log.statemachine.data.sync.timeout = 10s (default)
2019-10-02 05:52:13,438 [pool-27-thread-1] INFO  server.RaftServerConfigKeys (ConfUtils.java:logGet(43)) - raft.server.log.queue.byte-limit = 2147483647 (custom)
2019-10-02 05:52:13,438 [pool-37-thread-1] INFO  server.RaftServerConfigKeys (ConfUtils.java:logGet(43)) - raft.server.log.statemachine.data.sync.timeout.retry = -1 (default)
2019-10-02 05:52:13,438 [pool-67-thread-1] INFO  server.RaftServerConfigKeys (ConfUtils.java:logGet(43)) - raft.server.log.queue.element-limit = 1024 (custom)
2019-10-02 05:52:13,438 [pool-27-thread-1] INFO  server.RaftServerConfigKeys (ConfUtils.java:logGet(43)) - raft.server.log.queue.element-limit = 1024 (custom)
2019-10-02 05:52:13,439 [pool-37-thread-1] INFO  server.RaftServerConfigKeys (ConfUtils.java:logGet(43)) - raft.server.log.statemachine.data.caching.enabled = true (custom)
2019-10-02 05:52:13,438 [pool-67-thread-1] INFO  server.RaftServerConfigKeys (ConfUtils.java:logGet(43)) - raft.server.log.segment.size.max = 1048576 (custom)
2019-10-02 05:52:13,439 [pool-27-thread-1] INFO  server.RaftServerConfigKeys (ConfUtils.java:logGet(43)) - raft.server.log.segment.size.max = 1048576 (custom)
2019-10-02 05:52:13,439 [pool-67-thread-1] INFO  server.RaftServerConfigKeys (ConfUtils.java:logGet(43)) - raft.server.log.preallocated.size = 16384 (custom)
2019-10-02 05:52:13,439 [pool-37-thread-1] INFO  segmented.SegmentedRaftLogWorker (SegmentedRaftLogWorker.java:lambda$new$0(128)) - d31a379a-b462-4e23-84c2-f59667e5dc0b@group-383BF36219EF-SegmentedRaftLogWorker: flushIndex: setUnconditionally 0 -> -1
2019-10-02 05:52:13,439 [pool-27-thread-1] INFO  server.RaftServerConfigKeys (ConfUtils.java:logGet(43)) - raft.server.log.preallocated.size = 16384 (custom)
2019-10-02 05:52:13,439 [pool-67-thread-1] INFO  server.RaftServerConfigKeys (ConfUtils.java:logGet(43)) - raft.server.log.write.buffer.size = 33554432 (custom)
2019-10-02 05:52:13,439 [pool-27-thread-1] INFO  server.RaftServerConfigKeys (ConfUtils.java:logGet(43)) - raft.server.log.write.buffer.size = 33554432 (custom)
2019-10-02 05:52:13,440 [pool-37-thread-1] INFO  server.RaftServerConfigKeys (ConfUtils.java:logGet(43)) - raft.server.snapshot.auto.trigger.enabled = true (custom)
2019-10-02 05:52:13,439 [pool-67-thread-1] INFO  server.RaftServerConfigKeys (ConfUtils.java:logGet(43)) - raft.server.log.force.sync.num = 128 (default)
2019-10-02 05:52:13,440 [pool-37-thread-1] INFO  server.RaftServerConfigKeys (ConfUtils.java:logGet(43)) - raft.server.snapshot.auto.trigger.threshold = 10000 (custom)
2019-10-02 05:52:13,440 [pool-27-thread-1] INFO  server.RaftServerConfigKeys (ConfUtils.java:logGet(43)) - raft.server.log.force.sync.num = 128 (default)
2019-10-02 05:52:13,440 [pool-37-thread-1] INFO  server.RaftServerConfigKeys (ConfUtils.java:logGet(43)) - raft.server.snapshot.retention.file.num = 5 (custom)
2019-10-02 05:52:13,440 [pool-67-thread-1] INFO  server.RaftServerConfigKeys (ConfUtils.java:logGet(43)) - raft.server.log.statemachine.data.sync = true (default)
2019-10-02 05:52:13,440 [pool-37-thread-1] INFO  server.RaftServerConfigKeys (ConfUtils.java:logGet(43)) - raft.server.retrycache.expirytime = 600000ms (custom)
2019-10-02 05:52:13,440 [pool-27-thread-1] INFO  server.RaftServerConfigKeys (ConfUtils.java:logGet(43)) - raft.server.log.statemachine.data.sync = true (default)
2019-10-02 05:52:13,441 [pool-67-thread-1] INFO  server.RaftServerConfigKeys (ConfUtils.java:logGet(43)) - raft.server.log.statemachine.data.sync.timeout = 10s (default)
2019-10-02 05:52:13,441 [pool-27-thread-1] INFO  server.RaftServerConfigKeys (ConfUtils.java:logGet(43)) - raft.server.log.statemachine.data.sync.timeout = 10s (default)
2019-10-02 05:52:13,441 [pool-67-thread-1] INFO  server.RaftServerConfigKeys (ConfUtils.java:logGet(43)) - raft.server.log.statemachine.data.sync.timeout.retry = -1 (default)
2019-10-02 05:52:13,441 [pool-27-thread-1] INFO  server.RaftServerConfigKeys (ConfUtils.java:logGet(43)) - raft.server.log.statemachine.data.sync.timeout.retry = -1 (default)
2019-10-02 05:52:13,441 [pool-67-thread-1] INFO  server.RaftServerConfigKeys (ConfUtils.java:logGet(43)) - raft.server.log.statemachine.data.caching.enabled = true (custom)
2019-10-02 05:52:13,442 [pool-27-thread-1] INFO  server.RaftServerConfigKeys (ConfUtils.java:logGet(43)) - raft.server.log.statemachine.data.caching.enabled = true (custom)
2019-10-02 05:52:13,442 [pool-67-thread-1] INFO  segmented.SegmentedRaftLogWorker (SegmentedRaftLogWorker.java:lambda$new$0(128)) - 8b099941-e94c-4d44-b111-fee9636cc34f@group-383BF36219EF-SegmentedRaftLogWorker: flushIndex: setUnconditionally 0 -> -1
2019-10-02 05:52:13,442 [pool-27-thread-1] INFO  segmented.SegmentedRaftLogWorker (SegmentedRaftLogWorker.java:lambda$new$0(128)) - a7e49ec6-0391-473f-af1f-b7ebe60d9c8d@group-383BF36219EF-SegmentedRaftLogWorker: flushIndex: setUnconditionally 0 -> -1
2019-10-02 05:52:13,442 [pool-67-thread-1] INFO  server.RaftServerConfigKeys (ConfUtils.java:logGet(43)) - raft.server.snapshot.auto.trigger.enabled = true (custom)
2019-10-02 05:52:13,442 [pool-27-thread-1] INFO  server.RaftServerConfigKeys (ConfUtils.java:logGet(43)) - raft.server.snapshot.auto.trigger.enabled = true (custom)
2019-10-02 05:52:13,442 [pool-67-thread-1] INFO  server.RaftServerConfigKeys (ConfUtils.java:logGet(43)) - raft.server.snapshot.auto.trigger.threshold = 10000 (custom)
2019-10-02 05:52:13,442 [pool-27-thread-1] INFO  server.RaftServerConfigKeys (ConfUtils.java:logGet(43)) - raft.server.snapshot.auto.trigger.threshold = 10000 (custom)
2019-10-02 05:52:13,442 [pool-67-thread-1] INFO  server.RaftServerConfigKeys (ConfUtils.java:logGet(43)) - raft.server.snapshot.retention.file.num = 5 (custom)
2019-10-02 05:52:13,443 [pool-27-thread-1] INFO  server.RaftServerConfigKeys (ConfUtils.java:logGet(43)) - raft.server.snapshot.retention.file.num = 5 (custom)
2019-10-02 05:52:13,443 [pool-67-thread-1] INFO  server.RaftServerConfigKeys (ConfUtils.java:logGet(43)) - raft.server.retrycache.expirytime = 600000ms (custom)
2019-10-02 05:52:13,443 [pool-27-thread-1] INFO  server.RaftServerConfigKeys (ConfUtils.java:logGet(43)) - raft.server.retrycache.expirytime = 600000ms (custom)
2019-10-02 05:52:13,444 [pool-37-thread-1] INFO  impl.RaftServerImpl (RaftServerImpl.java:start(181)) - d31a379a-b462-4e23-84c2-f59667e5dc0b@group-383BF36219EF: start as a follower, conf=-1: [d31a379a-b462-4e23-84c2-f59667e5dc0b:192.168.164.250:33498, 8b099941-e94c-4d44-b111-fee9636cc34f:192.168.164.250:43588, a7e49ec6-0391-473f-af1f-b7ebe60d9c8d:192.168.164.250:41993], old=null
2019-10-02 05:52:13,444 [pool-37-thread-1] INFO  impl.RaftServerImpl (RaftServerImpl.java:setRole(170)) - d31a379a-b462-4e23-84c2-f59667e5dc0b@group-383BF36219EF: changes role from      null to FOLLOWER at term 0 for startAsFollower
2019-10-02 05:52:13,444 [pool-37-thread-1] INFO  impl.RoleInfo (RoleInfo.java:updateAndGet(143)) - d31a379a-b462-4e23-84c2-f59667e5dc0b: start FollowerState
2019-10-02 05:52:13,445 [pool-37-thread-1] INFO  util.JmxRegister (JmxRegister.java:tryRegister(44)) - Successfully registered JMX Bean with object name Ratis:service=RaftServer,group=group-383BF36219EF,id=d31a379a-b462-4e23-84c2-f59667e5dc0b
2019-10-02 05:52:13,446 [pool-27-thread-1] INFO  impl.RaftServerImpl (RaftServerImpl.java:start(181)) - a7e49ec6-0391-473f-af1f-b7ebe60d9c8d@group-383BF36219EF: start as a follower, conf=-1: [d31a379a-b462-4e23-84c2-f59667e5dc0b:192.168.164.250:33498, 8b099941-e94c-4d44-b111-fee9636cc34f:192.168.164.250:43588, a7e49ec6-0391-473f-af1f-b7ebe60d9c8d:192.168.164.250:41993], old=null
2019-10-02 05:52:13,446 [pool-67-thread-1] INFO  impl.RaftServerImpl (RaftServerImpl.java:start(181)) - 8b099941-e94c-4d44-b111-fee9636cc34f@group-383BF36219EF: start as a follower, conf=-1: [d31a379a-b462-4e23-84c2-f59667e5dc0b:192.168.164.250:33498, 8b099941-e94c-4d44-b111-fee9636cc34f:192.168.164.250:43588, a7e49ec6-0391-473f-af1f-b7ebe60d9c8d:192.168.164.250:41993], old=null
2019-10-02 05:52:13,446 [pool-27-thread-1] INFO  impl.RaftServerImpl (RaftServerImpl.java:setRole(170)) - a7e49ec6-0391-473f-af1f-b7ebe60d9c8d@group-383BF36219EF: changes role from      null to FOLLOWER at term 0 for startAsFollower
2019-10-02 05:52:13,446 [pool-67-thread-1] INFO  impl.RaftServerImpl (RaftServerImpl.java:setRole(170)) - 8b099941-e94c-4d44-b111-fee9636cc34f@group-383BF36219EF: changes role from      null to FOLLOWER at term 0 for startAsFollower
2019-10-02 05:52:13,446 [pool-27-thread-1] INFO  impl.RoleInfo (RoleInfo.java:updateAndGet(143)) - a7e49ec6-0391-473f-af1f-b7ebe60d9c8d: start FollowerState
2019-10-02 05:52:13,446 [pool-67-thread-1] INFO  impl.RoleInfo (RoleInfo.java:updateAndGet(143)) - 8b099941-e94c-4d44-b111-fee9636cc34f: start FollowerState
2019-10-02 05:52:13,447 [pool-27-thread-1] INFO  util.JmxRegister (JmxRegister.java:tryRegister(44)) - Successfully registered JMX Bean with object name Ratis:service=RaftServer,group=group-383BF36219EF,id=a7e49ec6-0391-473f-af1f-b7ebe60d9c8d
2019-10-02 05:52:13,447 [pool-67-thread-1] INFO  util.JmxRegister (JmxRegister.java:tryRegister(44)) - Successfully registered JMX Bean with object name Ratis:service=RaftServer,group=group-383BF36219EF,id=8b099941-e94c-4d44-b111-fee9636cc34f
2019-10-02 05:52:13,458 [RatisPipelineUtilsThread] INFO  pipeline.PipelineStateManager (PipelineStateManager.java:addPipeline(56)) - Created pipeline Pipeline[ Id: b0c4b3ea-54d9-4858-866f-383bf36219ef, Nodes: a7e49ec6-0391-473f-af1f-b7ebe60d9c8d{ip: 192.168.164.250, host: pr-trunk-p5fv4-2201032288, networkLocation: /default-rack, certSerialId: null}d31a379a-b462-4e23-84c2-f59667e5dc0b{ip: 192.168.164.250, host: pr-trunk-p5fv4-2201032288, networkLocation: /default-rack, certSerialId: null}8b099941-e94c-4d44-b111-fee9636cc34f{ip: 192.168.164.250, host: pr-trunk-p5fv4-2201032288, networkLocation: /default-rack, certSerialId: null}, Type:RATIS, Factor:THREE, State:OPEN]
2019-10-02 05:52:14,559 [java.util.concurrent.ThreadPoolExecutor$Worker@3e21b1bf[State = -1, empty queue]] ERROR client.GrpcClientProtocolClient (GrpcClientProtocolClient.java:close(148)) - Unexpected exception while waiting for channel termination
java.lang.InterruptedException
	at java.util.concurrent.locks.AbstractQueuedSynchronizer.tryAcquireSharedNanos(AbstractQueuedSynchronizer.java:1326)
	at java.util.concurrent.CountDownLatch.await(CountDownLatch.java:277)
	at org.apache.ratis.thirdparty.io.grpc.internal.ManagedChannelImpl.awaitTermination(ManagedChannelImpl.java:763)
	at org.apache.ratis.thirdparty.io.grpc.internal.ForwardingManagedChannel.awaitTermination(ForwardingManagedChannel.java:57)
	at org.apache.ratis.thirdparty.io.grpc.internal.ManagedChannelOrphanWrapper.awaitTermination(ManagedChannelOrphanWrapper.java:70)
	at org.apache.ratis.grpc.client.GrpcClientProtocolClient.close(GrpcClientProtocolClient.java:146)
	at org.apache.ratis.util.PeerProxyMap$PeerAndProxy.lambda$close$1(PeerProxyMap.java:74)
	at org.apache.ratis.util.LifeCycle.lambda$checkStateAndClose$2(LifeCycle.java:231)
	at org.apache.ratis.util.LifeCycle.checkStateAndClose(LifeCycle.java:251)
	at org.apache.ratis.util.LifeCycle.checkStateAndClose(LifeCycle.java:229)
	at org.apache.ratis.util.PeerProxyMap$PeerAndProxy.close(PeerProxyMap.java:70)
	at org.apache.ratis.util.PeerProxyMap.resetProxy(PeerProxyMap.java:127)
	at org.apache.ratis.util.PeerProxyMap.handleException(PeerProxyMap.java:136)
	at org.apache.ratis.client.impl.RaftClientRpcWithProxy.handleException(RaftClientRpcWithProxy.java:47)
	at org.apache.ratis.client.impl.RaftClientImpl.handleIOException(RaftClientImpl.java:372)
	at org.apache.ratis.client.impl.OrderedAsync.lambda$sendRequest$10(OrderedAsync.java:236)
	at java.util.concurrent.CompletableFuture.uniExceptionally(CompletableFuture.java:870)
	at java.util.concurrent.CompletableFuture$UniExceptionally.tryFire(CompletableFuture.java:852)
	at java.util.concurrent.CompletableFuture.postComplete(CompletableFuture.java:474)
	at java.util.concurrent.CompletableFuture.completeExceptionally(CompletableFuture.java:1977)
	at org.apache.ratis.grpc.client.GrpcClientProtocolClient$AsyncStreamObservers.lambda$timeoutCheck$3(GrpcClientProtocolClient.java:324)
	at java.util.Optional.ifPresent(Optional.java:159)
	at org.apache.ratis.grpc.client.GrpcClientProtocolClient$AsyncStreamObservers.handleReplyFuture(GrpcClientProtocolClient.java:329)
	at org.apache.ratis.grpc.client.GrpcClientProtocolClient$AsyncStreamObservers.timeoutCheck(GrpcClientProtocolClient.java:324)
	at org.apache.ratis.grpc.client.GrpcClientProtocolClient$AsyncStreamObservers.lambda$onNext$1(GrpcClientProtocolClient.java:318)
	at org.apache.ratis.util.TimeoutScheduler.lambda$onTimeout$0(TimeoutScheduler.java:113)
	at org.apache.ratis.util.TimeoutScheduler.lambda$onTimeout$1(TimeoutScheduler.java:133)
	at org.apache.ratis.util.LogUtils.runAndLog(LogUtils.java:50)
	at org.apache.ratis.util.LogUtils$1.run(LogUtils.java:91)
	at java.util.concurrent.Executors$RunnableAdapter.call(Executors.java:511)
	at java.util.concurrent.FutureTask.run(FutureTask.java:266)
	at java.util.concurrent.ScheduledThreadPoolExecutor$ScheduledFutureTask.access$201(ScheduledThreadPoolExecutor.java:180)
	at java.util.concurrent.ScheduledThreadPoolExecutor$ScheduledFutureTask.run(ScheduledThreadPoolExecutor.java:293)
	at java.util.concurrent.ThreadPoolExecutor.runWorker(ThreadPoolExecutor.java:1149)
	at java.util.concurrent.ThreadPoolExecutor$Worker.run(ThreadPoolExecutor.java:624)
	at java.lang.Thread.run(Thread.java:748)
2019-10-02 05:52:14,561 [java.util.concurrent.ThreadPoolExecutor$Worker@3e21b1bf[State = -1, empty queue]] WARN  util.TimeoutScheduler (LogUtils.java:runAndLog(55)) - Failed to task #0: java.lang.NullPointerException
2019-10-02 05:52:18,591 [java.util.concurrent.ThreadPoolExecutor$Worker@7e4c0ff8[State = -1, empty queue]] ERROR client.GrpcClientProtocolClient (GrpcClientProtocolClient.java:close(148)) - Unexpected exception while waiting for channel termination
java.lang.InterruptedException
	at java.util.concurrent.locks.AbstractQueuedSynchronizer.tryAcquireSharedNanos(AbstractQueuedSynchronizer.java:1326)
	at java.util.concurrent.CountDownLatch.await(CountDownLatch.java:277)
	at org.apache.ratis.thirdparty.io.grpc.internal.ManagedChannelImpl.awaitTermination(ManagedChannelImpl.java:763)
	at org.apache.ratis.thirdparty.io.grpc.internal.ForwardingManagedChannel.awaitTermination(ForwardingManagedChannel.java:57)
	at org.apache.ratis.thirdparty.io.grpc.internal.ManagedChannelOrphanWrapper.awaitTermination(ManagedChannelOrphanWrapper.java:70)
	at org.apache.ratis.grpc.client.GrpcClientProtocolClient.close(GrpcClientProtocolClient.java:146)
	at org.apache.ratis.util.PeerProxyMap$PeerAndProxy.lambda$close$1(PeerProxyMap.java:74)
	at org.apache.ratis.util.LifeCycle.lambda$checkStateAndClose$2(LifeCycle.java:231)
	at org.apache.ratis.util.LifeCycle.checkStateAndClose(LifeCycle.java:251)
	at org.apache.ratis.util.LifeCycle.checkStateAndClose(LifeCycle.java:229)
	at org.apache.ratis.util.PeerProxyMap$PeerAndProxy.close(PeerProxyMap.java:70)
	at org.apache.ratis.util.PeerProxyMap.resetProxy(PeerProxyMap.java:127)
	at org.apache.ratis.util.PeerProxyMap.handleException(PeerProxyMap.java:136)
	at org.apache.ratis.client.impl.RaftClientRpcWithProxy.handleException(RaftClientRpcWithProxy.java:47)
	at org.apache.ratis.client.impl.RaftClientImpl.handleIOException(RaftClientImpl.java:372)
	at org.apache.ratis.client.impl.OrderedAsync.lambda$sendRequest$10(OrderedAsync.java:236)
	at java.util.concurrent.CompletableFuture.uniExceptionally(CompletableFuture.java:870)
	at java.util.concurrent.CompletableFuture$UniExceptionally.tryFire(CompletableFuture.java:852)
	at java.util.concurrent.CompletableFuture.postComplete(CompletableFuture.java:474)
	at java.util.concurrent.CompletableFuture.completeExceptionally(CompletableFuture.java:1977)
	at org.apache.ratis.grpc.client.GrpcClientProtocolClient$AsyncStreamObservers.lambda$timeoutCheck$3(GrpcClientProtocolClient.java:324)
	at java.util.Optional.ifPresent(Optional.java:159)
	at org.apache.ratis.grpc.client.GrpcClientProtocolClient$AsyncStreamObservers.handleReplyFuture(GrpcClientProtocolClient.java:329)
	at org.apache.ratis.grpc.client.GrpcClientProtocolClient$AsyncStreamObservers.timeoutCheck(GrpcClientProtocolClient.java:324)
	at org.apache.ratis.grpc.client.GrpcClientProtocolClient$AsyncStreamObservers.lambda$onNext$1(GrpcClientProtocolClient.java:318)
	at org.apache.ratis.util.TimeoutScheduler.lambda$onTimeout$0(TimeoutScheduler.java:113)
	at org.apache.ratis.util.TimeoutScheduler.lambda$onTimeout$1(TimeoutScheduler.java:133)
	at org.apache.ratis.util.LogUtils.runAndLog(LogUtils.java:50)
	at org.apache.ratis.util.LogUtils$1.run(LogUtils.java:91)
	at java.util.concurrent.Executors$RunnableAdapter.call(Executors.java:511)
	at java.util.concurrent.FutureTask.run(FutureTask.java:266)
	at java.util.concurrent.ScheduledThreadPoolExecutor$ScheduledFutureTask.access$201(ScheduledThreadPoolExecutor.java:180)
	at java.util.concurrent.ScheduledThreadPoolExecutor$ScheduledFutureTask.run(ScheduledThreadPoolExecutor.java:293)
	at java.util.concurrent.ThreadPoolExecutor.runWorker(ThreadPoolExecutor.java:1149)
	at java.util.concurrent.ThreadPoolExecutor$Worker.run(ThreadPoolExecutor.java:624)
	at java.lang.Thread.run(Thread.java:748)
2019-10-02 05:52:18,593 [java.util.concurrent.ThreadPoolExecutor$Worker@7e4c0ff8[State = -1, empty queue]] WARN  util.TimeoutScheduler (LogUtils.java:runAndLog(55)) - Failed to task #0: java.lang.NullPointerException
2019-10-02 05:52:18,610 [Thread-1061] INFO  impl.FollowerState (FollowerState.java:run(108)) - d31a379a-b462-4e23-84c2-f59667e5dc0b@group-383BF36219EF-FollowerState: change to CANDIDATE, lastRpcTime:5165ms, electionTimeout:5165ms
2019-10-02 05:52:18,612 [Thread-1061] INFO  impl.RoleInfo (RoleInfo.java:shutdownFollowerState(121)) - d31a379a-b462-4e23-84c2-f59667e5dc0b: shutdown FollowerState
2019-10-02 05:52:18,612 [Thread-1061] INFO  impl.RaftServerImpl (RaftServerImpl.java:setRole(170)) - d31a379a-b462-4e23-84c2-f59667e5dc0b@group-383BF36219EF: changes role from  FOLLOWER to CANDIDATE at term 0 for changeToCandidate
2019-10-02 05:52:18,613 [Thread-1061] INFO  impl.RoleInfo (RoleInfo.java:updateAndGet(143)) - d31a379a-b462-4e23-84c2-f59667e5dc0b: start LeaderElection
2019-10-02 05:52:18,629 [Thread-1062] INFO  impl.FollowerState (FollowerState.java:run(108)) - a7e49ec6-0391-473f-af1f-b7ebe60d9c8d@group-383BF36219EF-FollowerState: change to CANDIDATE, lastRpcTime:5182ms, electionTimeout:5182ms
2019-10-02 05:52:18,629 [Thread-1062] INFO  impl.RoleInfo (RoleInfo.java:shutdownFollowerState(121)) - a7e49ec6-0391-473f-af1f-b7ebe60d9c8d: shutdown FollowerState
2019-10-02 05:52:18,629 [Thread-1062] INFO  impl.RaftServerImpl (RaftServerImpl.java:setRole(170)) - a7e49ec6-0391-473f-af1f-b7ebe60d9c8d@group-383BF36219EF: changes role from  FOLLOWER to CANDIDATE at term 0 for changeToCandidate
2019-10-02 05:52:18,630 [Thread-1062] INFO  impl.RoleInfo (RoleInfo.java:updateAndGet(143)) - a7e49ec6-0391-473f-af1f-b7ebe60d9c8d: start LeaderElection
2019-10-02 05:52:18,634 [d31a379a-b462-4e23-84c2-f59667e5dc0b@group-383BF36219EF-LeaderElection16] INFO  impl.LeaderElection (LeaderElection.java:askForVotes(178)) - d31a379a-b462-4e23-84c2-f59667e5dc0b@group-383BF36219EF-LeaderElection16: begin an election at term 1 for -1: [d31a379a-b462-4e23-84c2-f59667e5dc0b:192.168.164.250:33498, 8b099941-e94c-4d44-b111-fee9636cc34f:192.168.164.250:43588, a7e49ec6-0391-473f-af1f-b7ebe60d9c8d:192.168.164.250:41993], old=null
2019-10-02 05:52:18,640 [grpc-default-executor-15] INFO  impl.RaftServerImpl (RaftServerImpl.java:setRole(170)) - 8b099941-e94c-4d44-b111-fee9636cc34f@group-383BF36219EF: changes role from  FOLLOWER to FOLLOWER at term 1 for recognizeCandidate:d31a379a-b462-4e23-84c2-f59667e5dc0b
2019-10-02 05:52:18,640 [grpc-default-executor-15] INFO  impl.RoleInfo (RoleInfo.java:shutdownFollowerState(121)) - 8b099941-e94c-4d44-b111-fee9636cc34f: shutdown FollowerState
2019-10-02 05:52:18,640 [grpc-default-executor-15] INFO  impl.RoleInfo (RoleInfo.java:updateAndGet(143)) - 8b099941-e94c-4d44-b111-fee9636cc34f: start FollowerState
2019-10-02 05:52:18,640 [Thread-1063] INFO  impl.FollowerState (FollowerState.java:run(117)) - 8b099941-e94c-4d44-b111-fee9636cc34f@group-383BF36219EF-FollowerState was interrupted: java.lang.InterruptedException: sleep interrupted
2019-10-02 05:52:18,651 [a7e49ec6-0391-473f-af1f-b7ebe60d9c8d@group-383BF36219EF-LeaderElection17] INFO  impl.LeaderElection (LeaderElection.java:askForVotes(178)) - a7e49ec6-0391-473f-af1f-b7ebe60d9c8d@group-383BF36219EF-LeaderElection17: begin an election at term 1 for -1: [d31a379a-b462-4e23-84c2-f59667e5dc0b:192.168.164.250:33498, 8b099941-e94c-4d44-b111-fee9636cc34f:192.168.164.250:43588, a7e49ec6-0391-473f-af1f-b7ebe60d9c8d:192.168.164.250:41993], old=null
2019-10-02 05:52:18,670 [d31a379a-b462-4e23-84c2-f59667e5dc0b@group-383BF36219EF-LeaderElection16] INFO  impl.LeaderElection (LeaderElection.java:logAndReturn(56)) - d31a379a-b462-4e23-84c2-f59667e5dc0b@group-383BF36219EF-LeaderElection16: Election PASSED; received 2 response(s) [d31a379a-b462-4e23-84c2-f59667e5dc0b<-8b099941-e94c-4d44-b111-fee9636cc34f#0:OK-t1, d31a379a-b462-4e23-84c2-f59667e5dc0b<-a7e49ec6-0391-473f-af1f-b7ebe60d9c8d#0:FAIL-t1] and 0 exception(s); d31a379a-b462-4e23-84c2-f59667e5dc0b@group-383BF36219EF:t1, leader=null, voted=d31a379a-b462-4e23-84c2-f59667e5dc0b, raftlog=d31a379a-b462-4e23-84c2-f59667e5dc0b@group-383BF36219EF-SegmentedRaftLog:OPENED:c-1,f-1,i0, conf=-1: [d31a379a-b462-4e23-84c2-f59667e5dc0b:192.168.164.250:33498, 8b099941-e94c-4d44-b111-fee9636cc34f:192.168.164.250:43588, a7e49ec6-0391-473f-af1f-b7ebe60d9c8d:192.168.164.250:41993], old=null
2019-10-02 05:52:18,671 [a7e49ec6-0391-473f-af1f-b7ebe60d9c8d@group-383BF36219EF-LeaderElection17] INFO  impl.LeaderElection (LeaderElection.java:logAndReturn(56)) - a7e49ec6-0391-473f-af1f-b7ebe60d9c8d@group-383BF36219EF-LeaderElection17: Election REJECTED; received 2 response(s) [a7e49ec6-0391-473f-af1f-b7ebe60d9c8d<-d31a379a-b462-4e23-84c2-f59667e5dc0b#0:FAIL-t1, a7e49ec6-0391-473f-af1f-b7ebe60d9c8d<-8b099941-e94c-4d44-b111-fee9636cc34f#0:FAIL-t1] and 0 exception(s); a7e49ec6-0391-473f-af1f-b7ebe60d9c8d@group-383BF36219EF:t1, leader=null, voted=a7e49ec6-0391-473f-af1f-b7ebe60d9c8d, raftlog=a7e49ec6-0391-473f-af1f-b7ebe60d9c8d@group-383BF36219EF-SegmentedRaftLog:OPENED:c-1,f-1,i0, conf=-1: [d31a379a-b462-4e23-84c2-f59667e5dc0b:192.168.164.250:33498, 8b099941-e94c-4d44-b111-fee9636cc34f:192.168.164.250:43588, a7e49ec6-0391-473f-af1f-b7ebe60d9c8d:192.168.164.250:41993], old=null
2019-10-02 05:52:18,671 [d31a379a-b462-4e23-84c2-f59667e5dc0b@group-383BF36219EF-LeaderElection16] INFO  impl.RoleInfo (RoleInfo.java:shutdownLeaderElection(134)) - d31a379a-b462-4e23-84c2-f59667e5dc0b: shutdown LeaderElection
2019-10-02 05:52:18,671 [a7e49ec6-0391-473f-af1f-b7ebe60d9c8d@group-383BF36219EF-LeaderElection17] INFO  impl.RaftServerImpl (RaftServerImpl.java:setRole(170)) - a7e49ec6-0391-473f-af1f-b7ebe60d9c8d@group-383BF36219EF: changes role from CANDIDATE to FOLLOWER at term 1 for DISCOVERED_A_NEW_TERM
2019-10-02 05:52:18,674 [d31a379a-b462-4e23-84c2-f59667e5dc0b@group-383BF36219EF-LeaderElection16] INFO  impl.RaftServerImpl (RaftServerImpl.java:setRole(170)) - d31a379a-b462-4e23-84c2-f59667e5dc0b@group-383BF36219EF: changes role from CANDIDATE to LEADER at term 1 for changeToLeader
2019-10-02 05:52:18,674 [a7e49ec6-0391-473f-af1f-b7ebe60d9c8d@group-383BF36219EF-LeaderElection17] INFO  impl.RoleInfo (RoleInfo.java:shutdownLeaderElection(134)) - a7e49ec6-0391-473f-af1f-b7ebe60d9c8d: shutdown LeaderElection
2019-10-02 05:52:18,674 [d31a379a-b462-4e23-84c2-f59667e5dc0b@group-383BF36219EF-LeaderElection16] INFO  impl.RaftServerImpl (ServerState.java:setLeader(255)) - d31a379a-b462-4e23-84c2-f59667e5dc0b@group-383BF36219EF: change Leader from null to d31a379a-b462-4e23-84c2-f59667e5dc0b at term 1 for becomeLeader, leader elected after 5240ms
2019-10-02 05:52:18,674 [a7e49ec6-0391-473f-af1f-b7ebe60d9c8d@group-383BF36219EF-LeaderElection17] INFO  impl.RoleInfo (RoleInfo.java:updateAndGet(143)) - a7e49ec6-0391-473f-af1f-b7ebe60d9c8d: start FollowerState
2019-10-02 05:52:18,674 [d31a379a-b462-4e23-84c2-f59667e5dc0b@group-383BF36219EF-LeaderElection16] INFO  server.RaftServerConfigKeys (ConfUtils.java:logGet(43)) - raft.server.staging.catchup.gap = 1000 (default)
2019-10-02 05:52:18,675 [d31a379a-b462-4e23-84c2-f59667e5dc0b@group-383BF36219EF-LeaderElection16] INFO  server.RaftServerConfigKeys (ConfUtils.java:logGet(43)) - raft.server.rpc.sleep.time = 25ms (default)
2019-10-02 05:52:18,675 [d31a379a-b462-4e23-84c2-f59667e5dc0b@group-383BF36219EF-LeaderElection16] INFO  server.RaftServerConfigKeys (ConfUtils.java:logGet(43)) - raft.server.write.element-limit = 4096 (default)
2019-10-02 05:52:18,675 [d31a379a-b462-4e23-84c2-f59667e5dc0b@group-383BF36219EF-LeaderElection16] INFO  server.RaftServerConfigKeys (ConfUtils.java:logGet(43)) - raft.server.watch.timeout = 10s (default)
2019-10-02 05:52:18,675 [d31a379a-b462-4e23-84c2-f59667e5dc0b@group-383BF36219EF-LeaderElection16] INFO  server.RaftServerConfigKeys (ConfUtils.java:logGet(43)) - raft.server.watch.timeout.denomination = 1s (default)
2019-10-02 05:52:18,675 [d31a379a-b462-4e23-84c2-f59667e5dc0b@group-383BF36219EF-LeaderElection16] INFO  server.RaftServerConfigKeys (ConfUtils.java:logGet(43)) - raft.server.watch.element-limit = 65536 (default)
2019-10-02 05:52:18,677 [d31a379a-b462-4e23-84c2-f59667e5dc0b@group-383BF36219EF-LeaderElection16] INFO  server.RaftServerConfigKeys (ConfUtils.java:logGet(43)) - raft.server.log.appender.snapshot.chunk.size.max = 16MB (=16777216) (default)
2019-10-02 05:52:18,678 [d31a379a-b462-4e23-84c2-f59667e5dc0b@group-383BF36219EF-LeaderElection16] INFO  server.RaftServerConfigKeys (ConfUtils.java:logGet(43)) - raft.server.log.appender.buffer.byte-limit = 33554432 (custom)
2019-10-02 05:52:18,678 [d31a379a-b462-4e23-84c2-f59667e5dc0b@group-383BF36219EF-LeaderElection16] INFO  server.RaftServerConfigKeys (ConfUtils.java:logGet(43)) - raft.server.log.appender.buffer.element-limit = 1 (custom)
2019-10-02 05:52:18,678 [d31a379a-b462-4e23-84c2-f59667e5dc0b@group-383BF36219EF-LeaderElection16] INFO  grpc.GrpcConfigKeys$Server (ConfUtils.java:logGet(43)) - raft.grpc.server.leader.outstanding.appends.max = 128 (default)
2019-10-02 05:52:18,678 [d31a379a-b462-4e23-84c2-f59667e5dc0b@group-383BF36219EF-LeaderElection16] INFO  server.RaftServerConfigKeys (ConfUtils.java:logGet(43)) - raft.server.rpc.request.timeout = 3000ms (default)
2019-10-02 05:52:18,678 [d31a379a-b462-4e23-84c2-f59667e5dc0b@group-383BF36219EF-LeaderElection16] INFO  server.RaftServerConfigKeys (ConfUtils.java:logGet(43)) - raft.server.log.appender.install.snapshot.enabled = false (custom)
2019-10-02 05:52:18,679 [d31a379a-b462-4e23-84c2-f59667e5dc0b@group-383BF36219EF-LeaderElection16] INFO  server.RaftServerConfigKeys (ConfUtils.java:logGet(43)) - raft.server.log.appender.snapshot.chunk.size.max = 16MB (=16777216) (default)
2019-10-02 05:52:18,679 [d31a379a-b462-4e23-84c2-f59667e5dc0b@group-383BF36219EF-LeaderElection16] INFO  server.RaftServerConfigKeys (ConfUtils.java:logGet(43)) - raft.server.log.appender.buffer.byte-limit = 33554432 (custom)
2019-10-02 05:52:18,679 [d31a379a-b462-4e23-84c2-f59667e5dc0b@group-383BF36219EF-LeaderElection16] INFO  server.RaftServerConfigKeys (ConfUtils.java:logGet(43)) - raft.server.log.appender.buffer.element-limit = 1 (custom)
2019-10-02 05:52:18,679 [d31a379a-b462-4e23-84c2-f59667e5dc0b@group-383BF36219EF-LeaderElection16] INFO  grpc.GrpcConfigKeys$Server (ConfUtils.java:logGet(43)) - raft.grpc.server.leader.outstanding.appends.max = 128 (default)
2019-10-02 05:52:18,679 [d31a379a-b462-4e23-84c2-f59667e5dc0b@group-383BF36219EF-LeaderElection16] INFO  server.RaftServerConfigKeys (ConfUtils.java:logGet(43)) - raft.server.rpc.request.timeout = 3000ms (default)
2019-10-02 05:52:18,679 [d31a379a-b462-4e23-84c2-f59667e5dc0b@group-383BF36219EF-LeaderElection16] INFO  server.RaftServerConfigKeys (ConfUtils.java:logGet(43)) - raft.server.log.appender.install.snapshot.enabled = false (custom)
2019-10-02 05:52:18,679 [d31a379a-b462-4e23-84c2-f59667e5dc0b@group-383BF36219EF-LeaderElection16] INFO  impl.RoleInfo (RoleInfo.java:updateAndGet(143)) - d31a379a-b462-4e23-84c2-f59667e5dc0b: start LeaderState
2019-10-02 05:52:18,680 [d31a379a-b462-4e23-84c2-f59667e5dc0b@group-383BF36219EF-LeaderElection16] INFO  segmented.SegmentedRaftLogWorker (SegmentedRaftLogWorker.java:startLogSegment(385)) - d31a379a-b462-4e23-84c2-f59667e5dc0b@group-383BF36219EF-SegmentedRaftLogWorker: Starting segment from index:0
2019-10-02 05:52:18,681 [d31a379a-b462-4e23-84c2-f59667e5dc0b@group-383BF36219EF-LeaderElection16] INFO  impl.RaftServerImpl (ServerState.java:setRaftConf(356)) - d31a379a-b462-4e23-84c2-f59667e5dc0b@group-383BF36219EF: set configuration 0: [d31a379a-b462-4e23-84c2-f59667e5dc0b:192.168.164.250:33498, 8b099941-e94c-4d44-b111-fee9636cc34f:192.168.164.250:43588, a7e49ec6-0391-473f-af1f-b7ebe60d9c8d:192.168.164.250:41993], old=null at 0
2019-10-02 05:52:18,682 [grpc-default-executor-14] INFO  impl.RaftServerImpl (ServerState.java:setLeader(255)) - a7e49ec6-0391-473f-af1f-b7ebe60d9c8d@group-383BF36219EF: change Leader from null to d31a379a-b462-4e23-84c2-f59667e5dc0b at term 1 for appendEntries, leader elected after 5247ms
2019-10-02 05:52:18,682 [grpc-default-executor-15] INFO  impl.RaftServerImpl (ServerState.java:setLeader(255)) - 8b099941-e94c-4d44-b111-fee9636cc34f@group-383BF36219EF: change Leader from null to d31a379a-b462-4e23-84c2-f59667e5dc0b at term 1 for appendEntries, leader elected after 5247ms
2019-10-02 05:52:18,683 [grpc-default-executor-14] INFO  impl.RaftServerImpl (ServerState.java:setRaftConf(356)) - 8b099941-e94c-4d44-b111-fee9636cc34f@group-383BF36219EF: set configuration 0: [d31a379a-b462-4e23-84c2-f59667e5dc0b:192.168.164.250:33498, 8b099941-e94c-4d44-b111-fee9636cc34f:192.168.164.250:43588, a7e49ec6-0391-473f-af1f-b7ebe60d9c8d:192.168.164.250:41993], old=null at 0
2019-10-02 05:52:18,683 [grpc-default-executor-15] INFO  impl.RaftServerImpl (ServerState.java:setRaftConf(356)) - a7e49ec6-0391-473f-af1f-b7ebe60d9c8d@group-383BF36219EF: set configuration 0: [d31a379a-b462-4e23-84c2-f59667e5dc0b:192.168.164.250:33498, 8b099941-e94c-4d44-b111-fee9636cc34f:192.168.164.250:43588, a7e49ec6-0391-473f-af1f-b7ebe60d9c8d:192.168.164.250:41993], old=null at 0
2019-10-02 05:52:18,684 [grpc-default-executor-14] INFO  segmented.SegmentedRaftLogWorker (SegmentedRaftLogWorker.java:startLogSegment(385)) - 8b099941-e94c-4d44-b111-fee9636cc34f@group-383BF36219EF-SegmentedRaftLogWorker: Starting segment from index:0
2019-10-02 05:52:18,684 [grpc-default-executor-15] INFO  segmented.SegmentedRaftLogWorker (SegmentedRaftLogWorker.java:startLogSegment(385)) - a7e49ec6-0391-473f-af1f-b7ebe60d9c8d@group-383BF36219EF-SegmentedRaftLogWorker: Starting segment from index:0
2019-10-02 05:52:18,726 [d31a379a-b462-4e23-84c2-f59667e5dc0b@group-383BF36219EF-SegmentedRaftLogWorker] INFO  segmented.SegmentedRaftLogWorker (SegmentedRaftLogWorker.java:execute(574)) - d31a379a-b462-4e23-84c2-f59667e5dc0b@group-383BF36219EF-SegmentedRaftLogWorker: created new log segment /workdir/hadoop-ozone/integration-test/target/test-dir/MiniOzoneClusterImpl-96702981-7b9c-49f5-b2c8-8280b9e400ec/datanode-1/data/ratis/b0c4b3ea-54d9-4858-866f-383bf36219ef/current/log_inprogress_0
2019-10-02 05:52:18,726 [a7e49ec6-0391-473f-af1f-b7ebe60d9c8d@group-383BF36219EF-SegmentedRaftLogWorker] INFO  segmented.SegmentedRaftLogWorker (SegmentedRaftLogWorker.java:execute(574)) - a7e49ec6-0391-473f-af1f-b7ebe60d9c8d@group-383BF36219EF-SegmentedRaftLogWorker: created new log segment /workdir/hadoop-ozone/integration-test/target/test-dir/MiniOzoneClusterImpl-96702981-7b9c-49f5-b2c8-8280b9e400ec/datanode-0/data/ratis/b0c4b3ea-54d9-4858-866f-383bf36219ef/current/log_inprogress_0
2019-10-02 05:52:18,726 [8b099941-e94c-4d44-b111-fee9636cc34f@group-383BF36219EF-SegmentedRaftLogWorker] INFO  segmented.SegmentedRaftLogWorker (SegmentedRaftLogWorker.java:execute(574)) - 8b099941-e94c-4d44-b111-fee9636cc34f@group-383BF36219EF-SegmentedRaftLogWorker: created new log segment /workdir/hadoop-ozone/integration-test/target/test-dir/MiniOzoneClusterImpl-96702981-7b9c-49f5-b2c8-8280b9e400ec/datanode-4/data/ratis/b0c4b3ea-54d9-4858-866f-383bf36219ef/current/log_inprogress_0
2019-10-02 05:52:22,626 [java.util.concurrent.ThreadPoolExecutor$Worker@4a1f59cd[State = -1, empty queue]] ERROR client.GrpcClientProtocolClient (GrpcClientProtocolClient.java:close(148)) - Unexpected exception while waiting for channel termination
java.lang.InterruptedException
	at java.util.concurrent.locks.AbstractQueuedSynchronizer.tryAcquireSharedNanos(AbstractQueuedSynchronizer.java:1326)
	at java.util.concurrent.CountDownLatch.await(CountDownLatch.java:277)
	at org.apache.ratis.thirdparty.io.grpc.internal.ManagedChannelImpl.awaitTermination(ManagedChannelImpl.java:763)
	at org.apache.ratis.thirdparty.io.grpc.internal.ForwardingManagedChannel.awaitTermination(ForwardingManagedChannel.java:57)
	at org.apache.ratis.thirdparty.io.grpc.internal.ManagedChannelOrphanWrapper.awaitTermination(ManagedChannelOrphanWrapper.java:70)
	at org.apache.ratis.grpc.client.GrpcClientProtocolClient.close(GrpcClientProtocolClient.java:146)
	at org.apache.ratis.util.PeerProxyMap$PeerAndProxy.lambda$close$1(PeerProxyMap.java:74)
	at org.apache.ratis.util.LifeCycle.lambda$checkStateAndClose$2(LifeCycle.java:231)
	at org.apache.ratis.util.LifeCycle.checkStateAndClose(LifeCycle.java:251)
	at org.apache.ratis.util.LifeCycle.checkStateAndClose(LifeCycle.java:229)
	at org.apache.ratis.util.PeerProxyMap$PeerAndProxy.close(PeerProxyMap.java:70)
	at org.apache.ratis.util.PeerProxyMap.resetProxy(PeerProxyMap.java:127)
	at org.apache.ratis.util.PeerProxyMap.handleException(PeerProxyMap.java:136)
	at org.apache.ratis.client.impl.RaftClientRpcWithProxy.handleException(RaftClientRpcWithProxy.java:47)
	at org.apache.ratis.client.impl.RaftClientImpl.handleIOException(RaftClientImpl.java:372)
	at org.apache.ratis.client.impl.OrderedAsync.lambda$sendRequest$10(OrderedAsync.java:236)
	at java.util.concurrent.CompletableFuture.uniExceptionally(CompletableFuture.java:870)
	at java.util.concurrent.CompletableFuture$UniExceptionally.tryFire(CompletableFuture.java:852)
	at java.util.concurrent.CompletableFuture.postComplete(CompletableFuture.java:474)
	at java.util.concurrent.CompletableFuture.completeExceptionally(CompletableFuture.java:1977)
	at org.apache.ratis.grpc.client.GrpcClientProtocolClient$AsyncStreamObservers.lambda$timeoutCheck$3(GrpcClientProtocolClient.java:324)
	at java.util.Optional.ifPresent(Optional.java:159)
	at org.apache.ratis.grpc.client.GrpcClientProtocolClient$AsyncStreamObservers.handleReplyFuture(GrpcClientProtocolClient.java:329)
	at org.apache.ratis.grpc.client.GrpcClientProtocolClient$AsyncStreamObservers.timeoutCheck(GrpcClientProtocolClient.java:324)
	at org.apache.ratis.grpc.client.GrpcClientProtocolClient$AsyncStreamObservers.lambda$onNext$1(GrpcClientProtocolClient.java:318)
	at org.apache.ratis.util.TimeoutScheduler.lambda$onTimeout$0(TimeoutScheduler.java:113)
	at org.apache.ratis.util.TimeoutScheduler.lambda$onTimeout$1(TimeoutScheduler.java:133)
	at org.apache.ratis.util.LogUtils.runAndLog(LogUtils.java:50)
	at org.apache.ratis.util.LogUtils$1.run(LogUtils.java:91)
	at java.util.concurrent.Executors$RunnableAdapter.call(Executors.java:511)
	at java.util.concurrent.FutureTask.run(FutureTask.java:266)
	at java.util.concurrent.ScheduledThreadPoolExecutor$ScheduledFutureTask.access$201(ScheduledThreadPoolExecutor.java:180)
	at java.util.concurrent.ScheduledThreadPoolExecutor$ScheduledFutureTask.run(ScheduledThreadPoolExecutor.java:293)
	at java.util.concurrent.ThreadPoolExecutor.runWorker(ThreadPoolExecutor.java:1149)
	at java.util.concurrent.ThreadPoolExecutor$Worker.run(ThreadPoolExecutor.java:624)
	at java.lang.Thread.run(Thread.java:748)
2019-10-02 05:52:22,628 [java.util.concurrent.ThreadPoolExecutor$Worker@4a1f59cd[State = -1, empty queue]] WARN  util.TimeoutScheduler (LogUtils.java:runAndLog(55)) - Failed to task #0: java.lang.NullPointerException
2019-10-02 05:52:26,656 [java.util.concurrent.ThreadPoolExecutor$Worker@27fdb0e8[State = -1, empty queue]] ERROR client.GrpcClientProtocolClient (GrpcClientProtocolClient.java:close(148)) - Unexpected exception while waiting for channel termination
java.lang.InterruptedException
	at java.util.concurrent.locks.AbstractQueuedSynchronizer.tryAcquireSharedNanos(AbstractQueuedSynchronizer.java:1326)
	at java.util.concurrent.CountDownLatch.await(CountDownLatch.java:277)
	at org.apache.ratis.thirdparty.io.grpc.internal.ManagedChannelImpl.awaitTermination(ManagedChannelImpl.java:763)
	at org.apache.ratis.thirdparty.io.grpc.internal.ForwardingManagedChannel.awaitTermination(ForwardingManagedChannel.java:57)
	at org.apache.ratis.thirdparty.io.grpc.internal.ManagedChannelOrphanWrapper.awaitTermination(ManagedChannelOrphanWrapper.java:70)
	at org.apache.ratis.grpc.client.GrpcClientProtocolClient.close(GrpcClientProtocolClient.java:146)
	at org.apache.ratis.util.PeerProxyMap$PeerAndProxy.lambda$close$1(PeerProxyMap.java:74)
	at org.apache.ratis.util.LifeCycle.lambda$checkStateAndClose$2(LifeCycle.java:231)
	at org.apache.ratis.util.LifeCycle.checkStateAndClose(LifeCycle.java:251)
	at org.apache.ratis.util.LifeCycle.checkStateAndClose(LifeCycle.java:229)
	at org.apache.ratis.util.PeerProxyMap$PeerAndProxy.close(PeerProxyMap.java:70)
	at org.apache.ratis.util.PeerProxyMap.resetProxy(PeerProxyMap.java:127)
	at org.apache.ratis.util.PeerProxyMap.handleException(PeerProxyMap.java:136)
	at org.apache.ratis.client.impl.RaftClientRpcWithProxy.handleException(RaftClientRpcWithProxy.java:47)
	at org.apache.ratis.client.impl.RaftClientImpl.handleIOException(RaftClientImpl.java:372)
	at org.apache.ratis.client.impl.OrderedAsync.lambda$sendRequest$10(OrderedAsync.java:236)
	at java.util.concurrent.CompletableFuture.uniExceptionally(CompletableFuture.java:870)
	at java.util.concurrent.CompletableFuture$UniExceptionally.tryFire(CompletableFuture.java:852)
	at java.util.concurrent.CompletableFuture.postComplete(CompletableFuture.java:474)
	at java.util.concurrent.CompletableFuture.completeExceptionally(CompletableFuture.java:1977)
	at org.apache.ratis.grpc.client.GrpcClientProtocolClient$AsyncStreamObservers.lambda$timeoutCheck$3(GrpcClientProtocolClient.java:324)
	at java.util.Optional.ifPresent(Optional.java:159)
	at org.apache.ratis.grpc.client.GrpcClientProtocolClient$AsyncStreamObservers.handleReplyFuture(GrpcClientProtocolClient.java:329)
	at org.apache.ratis.grpc.client.GrpcClientProtocolClient$AsyncStreamObservers.timeoutCheck(GrpcClientProtocolClient.java:324)
	at org.apache.ratis.grpc.client.GrpcClientProtocolClient$AsyncStreamObservers.lambda$onNext$1(GrpcClientProtocolClient.java:318)
	at org.apache.ratis.util.TimeoutScheduler.lambda$onTimeout$0(TimeoutScheduler.java:113)
	at org.apache.ratis.util.TimeoutScheduler.lambda$onTimeout$1(TimeoutScheduler.java:133)
	at org.apache.ratis.util.LogUtils.runAndLog(LogUtils.java:50)
	at org.apache.ratis.util.LogUtils$1.run(LogUtils.java:91)
	at java.util.concurrent.Executors$RunnableAdapter.call(Executors.java:511)
	at java.util.concurrent.FutureTask.run(FutureTask.java:266)
	at java.util.concurrent.ScheduledThreadPoolExecutor$ScheduledFutureTask.access$201(ScheduledThreadPoolExecutor.java:180)
	at java.util.concurrent.ScheduledThreadPoolExecutor$ScheduledFutureTask.run(ScheduledThreadPoolExecutor.java:293)
	at java.util.concurrent.ThreadPoolExecutor.runWorker(ThreadPoolExecutor.java:1149)
	at java.util.concurrent.ThreadPoolExecutor$Worker.run(ThreadPoolExecutor.java:624)
	at java.lang.Thread.run(Thread.java:748)
2019-10-02 05:52:26,659 [java.util.concurrent.ThreadPoolExecutor$Worker@27fdb0e8[State = -1, empty queue]] WARN  util.TimeoutScheduler (LogUtils.java:runAndLog(55)) - Failed to task #0: java.lang.NullPointerException
2019-10-02 05:52:30,698 [java.util.concurrent.ThreadPoolExecutor$Worker@54ceca11[State = -1, empty queue]] ERROR client.GrpcClientProtocolClient (GrpcClientProtocolClient.java:close(148)) - Unexpected exception while waiting for channel termination
java.lang.InterruptedException
	at java.util.concurrent.locks.AbstractQueuedSynchronizer.tryAcquireSharedNanos(AbstractQueuedSynchronizer.java:1326)
	at java.util.concurrent.CountDownLatch.await(CountDownLatch.java:277)
	at org.apache.ratis.thirdparty.io.grpc.internal.ManagedChannelImpl.awaitTermination(ManagedChannelImpl.java:763)
	at org.apache.ratis.thirdparty.io.grpc.internal.ForwardingManagedChannel.awaitTermination(ForwardingManagedChannel.java:57)
	at org.apache.ratis.thirdparty.io.grpc.internal.ManagedChannelOrphanWrapper.awaitTermination(ManagedChannelOrphanWrapper.java:70)
	at org.apache.ratis.grpc.client.GrpcClientProtocolClient.close(GrpcClientProtocolClient.java:146)
	at org.apache.ratis.util.PeerProxyMap$PeerAndProxy.lambda$close$1(PeerProxyMap.java:74)
	at org.apache.ratis.util.LifeCycle.lambda$checkStateAndClose$2(LifeCycle.java:231)
	at org.apache.ratis.util.LifeCycle.checkStateAndClose(LifeCycle.java:251)
	at org.apache.ratis.util.LifeCycle.checkStateAndClose(LifeCycle.java:229)
	at org.apache.ratis.util.PeerProxyMap$PeerAndProxy.close(PeerProxyMap.java:70)
	at org.apache.ratis.util.PeerProxyMap.resetProxy(PeerProxyMap.java:127)
	at org.apache.ratis.util.PeerProxyMap.handleException(PeerProxyMap.java:136)
	at org.apache.ratis.client.impl.RaftClientRpcWithProxy.handleException(RaftClientRpcWithProxy.java:47)
	at org.apache.ratis.client.impl.RaftClientImpl.handleIOException(RaftClientImpl.java:372)
	at org.apache.ratis.client.impl.OrderedAsync.lambda$sendRequest$10(OrderedAsync.java:236)
	at java.util.concurrent.CompletableFuture.uniExceptionally(CompletableFuture.java:870)
	at java.util.concurrent.CompletableFuture$UniExceptionally.tryFire(CompletableFuture.java:852)
	at java.util.concurrent.CompletableFuture.postComplete(CompletableFuture.java:474)
	at java.util.concurrent.CompletableFuture.completeExceptionally(CompletableFuture.java:1977)
	at org.apache.ratis.grpc.client.GrpcClientProtocolClient$AsyncStreamObservers.lambda$timeoutCheck$3(GrpcClientProtocolClient.java:324)
	at java.util.Optional.ifPresent(Optional.java:159)
	at org.apache.ratis.grpc.client.GrpcClientProtocolClient$AsyncStreamObservers.handleReplyFuture(GrpcClientProtocolClient.java:329)
	at org.apache.ratis.grpc.client.GrpcClientProtocolClient$AsyncStreamObservers.timeoutCheck(GrpcClientProtocolClient.java:324)
	at org.apache.ratis.grpc.client.GrpcClientProtocolClient$AsyncStreamObservers.lambda$onNext$1(GrpcClientProtocolClient.java:318)
	at org.apache.ratis.util.TimeoutScheduler.lambda$onTimeout$0(TimeoutScheduler.java:113)
	at org.apache.ratis.util.TimeoutScheduler.lambda$onTimeout$1(TimeoutScheduler.java:133)
	at org.apache.ratis.util.LogUtils.runAndLog(LogUtils.java:50)
	at org.apache.ratis.util.LogUtils$1.run(LogUtils.java:91)
	at java.util.concurrent.Executors$RunnableAdapter.call(Executors.java:511)
	at java.util.concurrent.FutureTask.run(FutureTask.java:266)
	at java.util.concurrent.ScheduledThreadPoolExecutor$ScheduledFutureTask.access$201(ScheduledThreadPoolExecutor.java:180)
	at java.util.concurrent.ScheduledThreadPoolExecutor$ScheduledFutureTask.run(ScheduledThreadPoolExecutor.java:293)
	at java.util.concurrent.ThreadPoolExecutor.runWorker(ThreadPoolExecutor.java:1149)
	at java.util.concurrent.ThreadPoolExecutor$Worker.run(ThreadPoolExecutor.java:624)
	at java.lang.Thread.run(Thread.java:748)
2019-10-02 05:52:30,700 [java.util.concurrent.ThreadPoolExecutor$Worker@54ceca11[State = -1, empty queue]] WARN  util.TimeoutScheduler (LogUtils.java:runAndLog(55)) - Failed to task #0: java.lang.NullPointerException
2019-10-02 05:52:34,739 [java.util.concurrent.ThreadPoolExecutor$Worker@65f86693[State = -1, empty queue]] ERROR client.GrpcClientProtocolClient (GrpcClientProtocolClient.java:close(148)) - Unexpected exception while waiting for channel termination
java.lang.InterruptedException
	at java.util.concurrent.locks.AbstractQueuedSynchronizer.tryAcquireSharedNanos(AbstractQueuedSynchronizer.java:1326)
	at java.util.concurrent.CountDownLatch.await(CountDownLatch.java:277)
	at org.apache.ratis.thirdparty.io.grpc.internal.ManagedChannelImpl.awaitTermination(ManagedChannelImpl.java:763)
	at org.apache.ratis.thirdparty.io.grpc.internal.ForwardingManagedChannel.awaitTermination(ForwardingManagedChannel.java:57)
	at org.apache.ratis.thirdparty.io.grpc.internal.ManagedChannelOrphanWrapper.awaitTermination(ManagedChannelOrphanWrapper.java:70)
	at org.apache.ratis.grpc.client.GrpcClientProtocolClient.close(GrpcClientProtocolClient.java:146)
	at org.apache.ratis.util.PeerProxyMap$PeerAndProxy.lambda$close$1(PeerProxyMap.java:74)
	at org.apache.ratis.util.LifeCycle.lambda$checkStateAndClose$2(LifeCycle.java:231)
	at org.apache.ratis.util.LifeCycle.checkStateAndClose(LifeCycle.java:251)
	at org.apache.ratis.util.LifeCycle.checkStateAndClose(LifeCycle.java:229)
	at org.apache.ratis.util.PeerProxyMap$PeerAndProxy.close(PeerProxyMap.java:70)
	at org.apache.ratis.util.PeerProxyMap.resetProxy(PeerProxyMap.java:127)
	at org.apache.ratis.util.PeerProxyMap.handleException(PeerProxyMap.java:136)
	at org.apache.ratis.client.impl.RaftClientRpcWithProxy.handleException(RaftClientRpcWithProxy.java:47)
	at org.apache.ratis.client.impl.RaftClientImpl.handleIOException(RaftClientImpl.java:372)
	at org.apache.ratis.client.impl.OrderedAsync.lambda$sendRequest$10(OrderedAsync.java:236)
	at java.util.concurrent.CompletableFuture.uniExceptionally(CompletableFuture.java:870)
	at java.util.concurrent.CompletableFuture$UniExceptionally.tryFire(CompletableFuture.java:852)
	at java.util.concurrent.CompletableFuture.postComplete(CompletableFuture.java:474)
	at java.util.concurrent.CompletableFuture.completeExceptionally(CompletableFuture.java:1977)
	at org.apache.ratis.grpc.client.GrpcClientProtocolClient$AsyncStreamObservers.lambda$timeoutCheck$3(GrpcClientProtocolClient.java:324)
	at java.util.Optional.ifPresent(Optional.java:159)
	at org.apache.ratis.grpc.client.GrpcClientProtocolClient$AsyncStreamObservers.handleReplyFuture(GrpcClientProtocolClient.java:329)
	at org.apache.ratis.grpc.client.GrpcClientProtocolClient$AsyncStreamObservers.timeoutCheck(GrpcClientProtocolClient.java:324)
	at org.apache.ratis.grpc.client.GrpcClientProtocolClient$AsyncStreamObservers.lambda$onNext$1(GrpcClientProtocolClient.java:318)
	at org.apache.ratis.util.TimeoutScheduler.lambda$onTimeout$0(TimeoutScheduler.java:113)
	at org.apache.ratis.util.TimeoutScheduler.lambda$onTimeout$1(TimeoutScheduler.java:133)
	at org.apache.ratis.util.LogUtils.runAndLog(LogUtils.java:50)
	at org.apache.ratis.util.LogUtils$1.run(LogUtils.java:91)
	at java.util.concurrent.Executors$RunnableAdapter.call(Executors.java:511)
	at java.util.concurrent.FutureTask.run(FutureTask.java:266)
	at java.util.concurrent.ScheduledThreadPoolExecutor$ScheduledFutureTask.access$201(ScheduledThreadPoolExecutor.java:180)
	at java.util.concurrent.ScheduledThreadPoolExecutor$ScheduledFutureTask.run(ScheduledThreadPoolExecutor.java:293)
	at java.util.concurrent.ThreadPoolExecutor.runWorker(ThreadPoolExecutor.java:1149)
	at java.util.concurrent.ThreadPoolExecutor$Worker.run(ThreadPoolExecutor.java:624)
	at java.lang.Thread.run(Thread.java:748)
2019-10-02 05:52:34,740 [java.util.concurrent.ThreadPoolExecutor$Worker@65f86693[State = -1, empty queue]] WARN  util.TimeoutScheduler (LogUtils.java:runAndLog(55)) - Failed to task #0: java.lang.NullPointerException
2019-10-02 05:52:38,785 [java.util.concurrent.ThreadPoolExecutor$Worker@6eae38f7[State = -1, empty queue]] ERROR client.GrpcClientProtocolClient (GrpcClientProtocolClient.java:close(148)) - Unexpected exception while waiting for channel termination
java.lang.InterruptedException
	at java.util.concurrent.locks.AbstractQueuedSynchronizer.tryAcquireSharedNanos(AbstractQueuedSynchronizer.java:1326)
	at java.util.concurrent.CountDownLatch.await(CountDownLatch.java:277)
	at org.apache.ratis.thirdparty.io.grpc.internal.ManagedChannelImpl.awaitTermination(ManagedChannelImpl.java:763)
	at org.apache.ratis.thirdparty.io.grpc.internal.ForwardingManagedChannel.awaitTermination(ForwardingManagedChannel.java:57)
	at org.apache.ratis.thirdparty.io.grpc.internal.ManagedChannelOrphanWrapper.awaitTermination(ManagedChannelOrphanWrapper.java:70)
	at org.apache.ratis.grpc.client.GrpcClientProtocolClient.close(GrpcClientProtocolClient.java:146)
	at org.apache.ratis.util.PeerProxyMap$PeerAndProxy.lambda$close$1(PeerProxyMap.java:74)
	at org.apache.ratis.util.LifeCycle.lambda$checkStateAndClose$2(LifeCycle.java:231)
	at org.apache.ratis.util.LifeCycle.checkStateAndClose(LifeCycle.java:251)
	at org.apache.ratis.util.LifeCycle.checkStateAndClose(LifeCycle.java:229)
	at org.apache.ratis.util.PeerProxyMap$PeerAndProxy.close(PeerProxyMap.java:70)
	at org.apache.ratis.util.PeerProxyMap.resetProxy(PeerProxyMap.java:127)
	at org.apache.ratis.util.PeerProxyMap.handleException(PeerProxyMap.java:136)
	at org.apache.ratis.client.impl.RaftClientRpcWithProxy.handleException(RaftClientRpcWithProxy.java:47)
	at org.apache.ratis.client.impl.RaftClientImpl.handleIOException(RaftClientImpl.java:372)
	at org.apache.ratis.client.impl.OrderedAsync.lambda$sendRequest$10(OrderedAsync.java:236)
	at java.util.concurrent.CompletableFuture.uniExceptionally(CompletableFuture.java:870)
	at java.util.concurrent.CompletableFuture$UniExceptionally.tryFire(CompletableFuture.java:852)
	at java.util.concurrent.CompletableFuture.postComplete(CompletableFuture.java:474)
	at java.util.concurrent.CompletableFuture.completeExceptionally(CompletableFuture.java:1977)
	at org.apache.ratis.grpc.client.GrpcClientProtocolClient$AsyncStreamObservers.lambda$timeoutCheck$3(GrpcClientProtocolClient.java:324)
	at java.util.Optional.ifPresent(Optional.java:159)
	at org.apache.ratis.grpc.client.GrpcClientProtocolClient$AsyncStreamObservers.handleReplyFuture(GrpcClientProtocolClient.java:329)
	at org.apache.ratis.grpc.client.GrpcClientProtocolClient$AsyncStreamObservers.timeoutCheck(GrpcClientProtocolClient.java:324)
	at org.apache.ratis.grpc.client.GrpcClientProtocolClient$AsyncStreamObservers.lambda$onNext$1(GrpcClientProtocolClient.java:318)
	at org.apache.ratis.util.TimeoutScheduler.lambda$onTimeout$0(TimeoutScheduler.java:113)
	at org.apache.ratis.util.TimeoutScheduler.lambda$onTimeout$1(TimeoutScheduler.java:133)
	at org.apache.ratis.util.LogUtils.runAndLog(LogUtils.java:50)
	at org.apache.ratis.util.LogUtils$1.run(LogUtils.java:91)
	at java.util.concurrent.Executors$RunnableAdapter.call(Executors.java:511)
	at java.util.concurrent.FutureTask.run(FutureTask.java:266)
	at java.util.concurrent.ScheduledThreadPoolExecutor$ScheduledFutureTask.access$201(ScheduledThreadPoolExecutor.java:180)
	at java.util.concurrent.ScheduledThreadPoolExecutor$ScheduledFutureTask.run(ScheduledThreadPoolExecutor.java:293)
	at java.util.concurrent.ThreadPoolExecutor.runWorker(ThreadPoolExecutor.java:1149)
	at java.util.concurrent.ThreadPoolExecutor$Worker.run(ThreadPoolExecutor.java:624)
	at java.lang.Thread.run(Thread.java:748)
2019-10-02 05:52:38,787 [java.util.concurrent.ThreadPoolExecutor$Worker@6eae38f7[State = -1, empty queue]] WARN  util.TimeoutScheduler (LogUtils.java:runAndLog(55)) - Failed to task #0: java.lang.NullPointerException
2019-10-02 05:52:42,825 [java.util.concurrent.ThreadPoolExecutor$Worker@485c7120[State = -1, empty queue]] ERROR client.GrpcClientProtocolClient (GrpcClientProtocolClient.java:close(148)) - Unexpected exception while waiting for channel termination
java.lang.InterruptedException
	at java.util.concurrent.locks.AbstractQueuedSynchronizer.tryAcquireSharedNanos(AbstractQueuedSynchronizer.java:1326)
	at java.util.concurrent.CountDownLatch.await(CountDownLatch.java:277)
	at org.apache.ratis.thirdparty.io.grpc.internal.ManagedChannelImpl.awaitTermination(ManagedChannelImpl.java:763)
	at org.apache.ratis.thirdparty.io.grpc.internal.ForwardingManagedChannel.awaitTermination(ForwardingManagedChannel.java:57)
	at org.apache.ratis.thirdparty.io.grpc.internal.ManagedChannelOrphanWrapper.awaitTermination(ManagedChannelOrphanWrapper.java:70)
	at org.apache.ratis.grpc.client.GrpcClientProtocolClient.close(GrpcClientProtocolClient.java:146)
	at org.apache.ratis.util.PeerProxyMap$PeerAndProxy.lambda$close$1(PeerProxyMap.java:74)
	at org.apache.ratis.util.LifeCycle.lambda$checkStateAndClose$2(LifeCycle.java:231)
	at org.apache.ratis.util.LifeCycle.checkStateAndClose(LifeCycle.java:251)
	at org.apache.ratis.util.LifeCycle.checkStateAndClose(LifeCycle.java:229)
	at org.apache.ratis.util.PeerProxyMap$PeerAndProxy.close(PeerProxyMap.java:70)
	at org.apache.ratis.util.PeerProxyMap.resetProxy(PeerProxyMap.java:127)
	at org.apache.ratis.util.PeerProxyMap.handleException(PeerProxyMap.java:136)
	at org.apache.ratis.client.impl.RaftClientRpcWithProxy.handleException(RaftClientRpcWithProxy.java:47)
	at org.apache.ratis.client.impl.RaftClientImpl.handleIOException(RaftClientImpl.java:372)
	at org.apache.ratis.client.impl.OrderedAsync.lambda$sendRequest$10(OrderedAsync.java:236)
	at java.util.concurrent.CompletableFuture.uniExceptionally(CompletableFuture.java:870)
	at java.util.concurrent.CompletableFuture$UniExceptionally.tryFire(CompletableFuture.java:852)
	at java.util.concurrent.CompletableFuture.postComplete(CompletableFuture.java:474)
	at java.util.concurrent.CompletableFuture.completeExceptionally(CompletableFuture.java:1977)
	at org.apache.ratis.grpc.client.GrpcClientProtocolClient$AsyncStreamObservers.lambda$timeoutCheck$3(GrpcClientProtocolClient.java:324)
	at java.util.Optional.ifPresent(Optional.java:159)
	at org.apache.ratis.grpc.client.GrpcClientProtocolClient$AsyncStreamObservers.handleReplyFuture(GrpcClientProtocolClient.java:329)
	at org.apache.ratis.grpc.client.GrpcClientProtocolClient$AsyncStreamObservers.timeoutCheck(GrpcClientProtocolClient.java:324)
	at org.apache.ratis.grpc.client.GrpcClientProtocolClient$AsyncStreamObservers.lambda$onNext$1(GrpcClientProtocolClient.java:318)
	at org.apache.ratis.util.TimeoutScheduler.lambda$onTimeout$0(TimeoutScheduler.java:113)
	at org.apache.ratis.util.TimeoutScheduler.lambda$onTimeout$1(TimeoutScheduler.java:133)
	at org.apache.ratis.util.LogUtils.runAndLog(LogUtils.java:50)
	at org.apache.ratis.util.LogUtils$1.run(LogUtils.java:91)
	at java.util.concurrent.Executors$RunnableAdapter.call(Executors.java:511)
	at java.util.concurrent.FutureTask.run(FutureTask.java:266)
	at java.util.concurrent.ScheduledThreadPoolExecutor$ScheduledFutureTask.access$201(ScheduledThreadPoolExecutor.java:180)
	at java.util.concurrent.ScheduledThreadPoolExecutor$ScheduledFutureTask.run(ScheduledThreadPoolExecutor.java:293)
	at java.util.concurrent.ThreadPoolExecutor.runWorker(ThreadPoolExecutor.java:1149)
	at java.util.concurrent.ThreadPoolExecutor$Worker.run(ThreadPoolExecutor.java:624)
	at java.lang.Thread.run(Thread.java:748)
2019-10-02 05:52:42,826 [java.util.concurrent.ThreadPoolExecutor$Worker@485c7120[State = -1, empty queue]] WARN  util.TimeoutScheduler (LogUtils.java:runAndLog(55)) - Failed to task #0: java.lang.NullPointerException
2019-10-02 05:52:46,856 [java.util.concurrent.ThreadPoolExecutor$Worker@56a82b7d[State = -1, empty queue]] ERROR client.GrpcClientProtocolClient (GrpcClientProtocolClient.java:close(148)) - Unexpected exception while waiting for channel termination
java.lang.InterruptedException
	at java.util.concurrent.locks.AbstractQueuedSynchronizer.tryAcquireSharedNanos(AbstractQueuedSynchronizer.java:1326)
	at java.util.concurrent.CountDownLatch.await(CountDownLatch.java:277)
	at org.apache.ratis.thirdparty.io.grpc.internal.ManagedChannelImpl.awaitTermination(ManagedChannelImpl.java:763)
	at org.apache.ratis.thirdparty.io.grpc.internal.ForwardingManagedChannel.awaitTermination(ForwardingManagedChannel.java:57)
	at org.apache.ratis.thirdparty.io.grpc.internal.ManagedChannelOrphanWrapper.awaitTermination(ManagedChannelOrphanWrapper.java:70)
	at org.apache.ratis.grpc.client.GrpcClientProtocolClient.close(GrpcClientProtocolClient.java:146)
	at org.apache.ratis.util.PeerProxyMap$PeerAndProxy.lambda$close$1(PeerProxyMap.java:74)
	at org.apache.ratis.util.LifeCycle.lambda$checkStateAndClose$2(LifeCycle.java:231)
	at org.apache.ratis.util.LifeCycle.checkStateAndClose(LifeCycle.java:251)
	at org.apache.ratis.util.LifeCycle.checkStateAndClose(LifeCycle.java:229)
	at org.apache.ratis.util.PeerProxyMap$PeerAndProxy.close(PeerProxyMap.java:70)
	at org.apache.ratis.util.PeerProxyMap.resetProxy(PeerProxyMap.java:127)
	at org.apache.ratis.util.PeerProxyMap.handleException(PeerProxyMap.java:136)
	at org.apache.ratis.client.impl.RaftClientRpcWithProxy.handleException(RaftClientRpcWithProxy.java:47)
	at org.apache.ratis.client.impl.RaftClientImpl.handleIOException(RaftClientImpl.java:372)
	at org.apache.ratis.client.impl.OrderedAsync.lambda$sendRequest$10(OrderedAsync.java:236)
	at java.util.concurrent.CompletableFuture.uniExceptionally(CompletableFuture.java:870)
	at java.util.concurrent.CompletableFuture$UniExceptionally.tryFire(CompletableFuture.java:852)
	at java.util.concurrent.CompletableFuture.postComplete(CompletableFuture.java:474)
	at java.util.concurrent.CompletableFuture.completeExceptionally(CompletableFuture.java:1977)
	at org.apache.ratis.grpc.client.GrpcClientProtocolClient$AsyncStreamObservers.lambda$timeoutCheck$3(GrpcClientProtocolClient.java:324)
	at java.util.Optional.ifPresent(Optional.java:159)
	at org.apache.ratis.grpc.client.GrpcClientProtocolClient$AsyncStreamObservers.handleReplyFuture(GrpcClientProtocolClient.java:329)
	at org.apache.ratis.grpc.client.GrpcClientProtocolClient$AsyncStreamObservers.timeoutCheck(GrpcClientProtocolClient.java:324)
	at org.apache.ratis.grpc.client.GrpcClientProtocolClient$AsyncStreamObservers.lambda$onNext$1(GrpcClientProtocolClient.java:318)
	at org.apache.ratis.util.TimeoutScheduler.lambda$onTimeout$0(TimeoutScheduler.java:113)
	at org.apache.ratis.util.TimeoutScheduler.lambda$onTimeout$1(TimeoutScheduler.java:133)
	at org.apache.ratis.util.LogUtils.runAndLog(LogUtils.java:50)
	at org.apache.ratis.util.LogUtils$1.run(LogUtils.java:91)
	at java.util.concurrent.Executors$RunnableAdapter.call(Executors.java:511)
	at java.util.concurrent.FutureTask.run(FutureTask.java:266)
	at java.util.concurrent.ScheduledThreadPoolExecutor$ScheduledFutureTask.access$201(ScheduledThreadPoolExecutor.java:180)
	at java.util.concurrent.ScheduledThreadPoolExecutor$ScheduledFutureTask.run(ScheduledThreadPoolExecutor.java:293)
	at java.util.concurrent.ThreadPoolExecutor.runWorker(ThreadPoolExecutor.java:1149)
	at java.util.concurrent.ThreadPoolExecutor$Worker.run(ThreadPoolExecutor.java:624)
	at java.lang.Thread.run(Thread.java:748)
2019-10-02 05:52:46,857 [java.util.concurrent.ThreadPoolExecutor$Worker@56a82b7d[State = -1, empty queue]] WARN  util.TimeoutScheduler (LogUtils.java:runAndLog(55)) - Failed to task #0: java.lang.NullPointerException
2019-10-02 05:52:50,896 [java.util.concurrent.ThreadPoolExecutor$Worker@f3996b8[State = -1, empty queue]] ERROR client.GrpcClientProtocolClient (GrpcClientProtocolClient.java:close(148)) - Unexpected exception while waiting for channel termination
java.lang.InterruptedException
	at java.util.concurrent.locks.AbstractQueuedSynchronizer.tryAcquireSharedNanos(AbstractQueuedSynchronizer.java:1326)
	at java.util.concurrent.CountDownLatch.await(CountDownLatch.java:277)
	at org.apache.ratis.thirdparty.io.grpc.internal.ManagedChannelImpl.awaitTermination(ManagedChannelImpl.java:763)
	at org.apache.ratis.thirdparty.io.grpc.internal.ForwardingManagedChannel.awaitTermination(ForwardingManagedChannel.java:57)
	at org.apache.ratis.thirdparty.io.grpc.internal.ManagedChannelOrphanWrapper.awaitTermination(ManagedChannelOrphanWrapper.java:70)
	at org.apache.ratis.grpc.client.GrpcClientProtocolClient.close(GrpcClientProtocolClient.java:146)
	at org.apache.ratis.util.PeerProxyMap$PeerAndProxy.lambda$close$1(PeerProxyMap.java:74)
	at org.apache.ratis.util.LifeCycle.lambda$checkStateAndClose$2(LifeCycle.java:231)
	at org.apache.ratis.util.LifeCycle.checkStateAndClose(LifeCycle.java:251)
	at org.apache.ratis.util.LifeCycle.checkStateAndClose(LifeCycle.java:229)
	at org.apache.ratis.util.PeerProxyMap$PeerAndProxy.close(PeerProxyMap.java:70)
	at org.apache.ratis.util.PeerProxyMap.resetProxy(PeerProxyMap.java:127)
	at org.apache.ratis.util.PeerProxyMap.handleException(PeerProxyMap.java:136)
	at org.apache.ratis.client.impl.RaftClientRpcWithProxy.handleException(RaftClientRpcWithProxy.java:47)
	at org.apache.ratis.client.impl.RaftClientImpl.handleIOException(RaftClientImpl.java:372)
	at org.apache.ratis.client.impl.OrderedAsync.lambda$sendRequest$10(OrderedAsync.java:236)
	at java.util.concurrent.CompletableFuture.uniExceptionally(CompletableFuture.java:870)
	at java.util.concurrent.CompletableFuture$UniExceptionally.tryFire(CompletableFuture.java:852)
	at java.util.concurrent.CompletableFuture.postComplete(CompletableFuture.java:474)
	at java.util.concurrent.CompletableFuture.completeExceptionally(CompletableFuture.java:1977)
	at org.apache.ratis.grpc.client.GrpcClientProtocolClient$AsyncStreamObservers.lambda$timeoutCheck$3(GrpcClientProtocolClient.java:324)
	at java.util.Optional.ifPresent(Optional.java:159)
	at org.apache.ratis.grpc.client.GrpcClientProtocolClient$AsyncStreamObservers.handleReplyFuture(GrpcClientProtocolClient.java:329)
	at org.apache.ratis.grpc.client.GrpcClientProtocolClient$AsyncStreamObservers.timeoutCheck(GrpcClientProtocolClient.java:324)
	at org.apache.ratis.grpc.client.GrpcClientProtocolClient$AsyncStreamObservers.lambda$onNext$1(GrpcClientProtocolClient.java:318)
	at org.apache.ratis.util.TimeoutScheduler.lambda$onTimeout$0(TimeoutScheduler.java:113)
	at org.apache.ratis.util.TimeoutScheduler.lambda$onTimeout$1(TimeoutScheduler.java:133)
	at org.apache.ratis.util.LogUtils.runAndLog(LogUtils.java:50)
	at org.apache.ratis.util.LogUtils$1.run(LogUtils.java:91)
	at java.util.concurrent.Executors$RunnableAdapter.call(Executors.java:511)
	at java.util.concurrent.FutureTask.run(FutureTask.java:266)
	at java.util.concurrent.ScheduledThreadPoolExecutor$ScheduledFutureTask.access$201(ScheduledThreadPoolExecutor.java:180)
	at java.util.concurrent.ScheduledThreadPoolExecutor$ScheduledFutureTask.run(ScheduledThreadPoolExecutor.java:293)
	at java.util.concurrent.ThreadPoolExecutor.runWorker(ThreadPoolExecutor.java:1149)
	at java.util.concurrent.ThreadPoolExecutor$Worker.run(ThreadPoolExecutor.java:624)
	at java.lang.Thread.run(Thread.java:748)
2019-10-02 05:52:50,897 [java.util.concurrent.ThreadPoolExecutor$Worker@f3996b8[State = -1, empty queue]] WARN  util.TimeoutScheduler (LogUtils.java:runAndLog(55)) - Failed to task #0: java.lang.NullPointerException
2019-10-02 05:52:54,932 [java.util.concurrent.ThreadPoolExecutor$Worker@18c8cd14[State = -1, empty queue]] ERROR client.GrpcClientProtocolClient (GrpcClientProtocolClient.java:close(148)) - Unexpected exception while waiting for channel termination
java.lang.InterruptedException
	at java.util.concurrent.locks.AbstractQueuedSynchronizer.tryAcquireSharedNanos(AbstractQueuedSynchronizer.java:1326)
	at java.util.concurrent.CountDownLatch.await(CountDownLatch.java:277)
	at org.apache.ratis.thirdparty.io.grpc.internal.ManagedChannelImpl.awaitTermination(ManagedChannelImpl.java:763)
	at org.apache.ratis.thirdparty.io.grpc.internal.ForwardingManagedChannel.awaitTermination(ForwardingManagedChannel.java:57)
	at org.apache.ratis.thirdparty.io.grpc.internal.ManagedChannelOrphanWrapper.awaitTermination(ManagedChannelOrphanWrapper.java:70)
	at org.apache.ratis.grpc.client.GrpcClientProtocolClient.close(GrpcClientProtocolClient.java:146)
	at org.apache.ratis.util.PeerProxyMap$PeerAndProxy.lambda$close$1(PeerProxyMap.java:74)
	at org.apache.ratis.util.LifeCycle.lambda$checkStateAndClose$2(LifeCycle.java:231)
	at org.apache.ratis.util.LifeCycle.checkStateAndClose(LifeCycle.java:251)
	at org.apache.ratis.util.LifeCycle.checkStateAndClose(LifeCycle.java:229)
	at org.apache.ratis.util.PeerProxyMap$PeerAndProxy.close(PeerProxyMap.java:70)
	at org.apache.ratis.util.PeerProxyMap.resetProxy(PeerProxyMap.java:127)
	at org.apache.ratis.util.PeerProxyMap.handleException(PeerProxyMap.java:136)
	at org.apache.ratis.client.impl.RaftClientRpcWithProxy.handleException(RaftClientRpcWithProxy.java:47)
	at org.apache.ratis.client.impl.RaftClientImpl.handleIOException(RaftClientImpl.java:372)
	at org.apache.ratis.client.impl.OrderedAsync.lambda$sendRequest$10(OrderedAsync.java:236)
	at java.util.concurrent.CompletableFuture.uniExceptionally(CompletableFuture.java:870)
	at java.util.concurrent.CompletableFuture$UniExceptionally.tryFire(CompletableFuture.java:852)
	at java.util.concurrent.CompletableFuture.postComplete(CompletableFuture.java:474)
	at java.util.concurrent.CompletableFuture.completeExceptionally(CompletableFuture.java:1977)
	at org.apache.ratis.grpc.client.GrpcClientProtocolClient$AsyncStreamObservers.lambda$timeoutCheck$3(GrpcClientProtocolClient.java:324)
	at java.util.Optional.ifPresent(Optional.java:159)
	at org.apache.ratis.grpc.client.GrpcClientProtocolClient$AsyncStreamObservers.handleReplyFuture(GrpcClientProtocolClient.java:329)
	at org.apache.ratis.grpc.client.GrpcClientProtocolClient$AsyncStreamObservers.timeoutCheck(GrpcClientProtocolClient.java:324)
	at org.apache.ratis.grpc.client.GrpcClientProtocolClient$AsyncStreamObservers.lambda$onNext$1(GrpcClientProtocolClient.java:318)
	at org.apache.ratis.util.TimeoutScheduler.lambda$onTimeout$0(TimeoutScheduler.java:113)
	at org.apache.ratis.util.TimeoutScheduler.lambda$onTimeout$1(TimeoutScheduler.java:133)
	at org.apache.ratis.util.LogUtils.runAndLog(LogUtils.java:50)
	at org.apache.ratis.util.LogUtils$1.run(LogUtils.java:91)
	at java.util.concurrent.Executors$RunnableAdapter.call(Executors.java:511)
	at java.util.concurrent.FutureTask.run(FutureTask.java:266)
	at java.util.concurrent.ScheduledThreadPoolExecutor$ScheduledFutureTask.access$201(ScheduledThreadPoolExecutor.java:180)
	at java.util.concurrent.ScheduledThreadPoolExecutor$ScheduledFutureTask.run(ScheduledThreadPoolExecutor.java:293)
	at java.util.concurrent.ThreadPoolExecutor.runWorker(ThreadPoolExecutor.java:1149)
	at java.util.concurrent.ThreadPoolExecutor$Worker.run(ThreadPoolExecutor.java:624)
	at java.lang.Thread.run(Thread.java:748)
2019-10-02 05:52:54,933 [java.util.concurrent.ThreadPoolExecutor$Worker@18c8cd14[State = -1, empty queue]] WARN  util.TimeoutScheduler (LogUtils.java:runAndLog(55)) - Failed to task #0: java.lang.NullPointerException
2019-10-02 05:52:57,488 [grpc-default-executor-14] INFO  impl.RaftServerProxy (RaftServerProxy.java:remove(95)) - a7e49ec6-0391-473f-af1f-b7ebe60d9c8d: remove    LEADER a7e49ec6-0391-473f-af1f-b7ebe60d9c8d@group-162651713817:t1, leader=a7e49ec6-0391-473f-af1f-b7ebe60d9c8d, voted=a7e49ec6-0391-473f-af1f-b7ebe60d9c8d, raftlog=a7e49ec6-0391-473f-af1f-b7ebe60d9c8d@group-162651713817-SegmentedRaftLog:OPENED:c0,f0,i2, conf=0: [d31a379a-b462-4e23-84c2-f59667e5dc0b:192.168.164.250:33498, 8b099941-e94c-4d44-b111-fee9636cc34f:192.168.164.250:43588, a7e49ec6-0391-473f-af1f-b7ebe60d9c8d:192.168.164.250:41993], old=null RUNNING
2019-10-02 05:52:57,488 [grpc-default-executor-14] INFO  impl.RaftServerImpl (RaftServerImpl.java:lambda$shutdown$3(247)) - a7e49ec6-0391-473f-af1f-b7ebe60d9c8d@group-162651713817: shutdown
2019-10-02 05:52:57,488 [grpc-default-executor-14] INFO  util.JmxRegister (JmxRegister.java:unregister(73)) - Successfully un-registered JMX Bean with object name Ratis:service=RaftServer,group=group-162651713817,id=a7e49ec6-0391-473f-af1f-b7ebe60d9c8d
2019-10-02 05:52:57,488 [grpc-default-executor-14] INFO  impl.RoleInfo (RoleInfo.java:shutdownLeaderState(104)) - a7e49ec6-0391-473f-af1f-b7ebe60d9c8d: shutdown LeaderState
2019-10-02 05:52:57,492 [grpc-default-executor-14] INFO  impl.PendingRequests (PendingRequests.java:sendNotLeaderResponses(202)) - a7e49ec6-0391-473f-af1f-b7ebe60d9c8d@group-162651713817-PendingRequests: sendNotLeaderResponses
2019-10-02 05:52:57,492 [org.apache.ratis.server.impl.LogAppender$AppenderDaemon$$Lambda$514/351410477@4253693e] WARN  server.GrpcLogAppender (GrpcLogAppender.java:mayWait(143)) - a7e49ec6-0391-473f-af1f-b7ebe60d9c8d@group-162651713817->d31a379a-b462-4e23-84c2-f59667e5dc0b-GrpcLogAppender: Wait interrupted by java.lang.InterruptedException
2019-10-02 05:52:57,492 [org.apache.ratis.server.impl.LogAppender$AppenderDaemon$$Lambda$514/351410477@35d2238] WARN  server.GrpcLogAppender (GrpcLogAppender.java:mayWait(143)) - a7e49ec6-0391-473f-af1f-b7ebe60d9c8d@group-162651713817->8b099941-e94c-4d44-b111-fee9636cc34f-GrpcLogAppender: Wait interrupted by java.lang.InterruptedException
2019-10-02 05:52:57,494 [grpc-default-executor-15] INFO  server.GrpcServerProtocolService (GrpcServerProtocolService.java:onCompleted(113)) - d31a379a-b462-4e23-84c2-f59667e5dc0b: Completed APPEND_ENTRIES, lastRequest: a7e49ec6-0391-473f-af1f-b7ebe60d9c8d->d31a379a-b462-4e23-84c2-f59667e5dc0b#66-t1, previous=(t:1, i:2), leaderCommit=0, initializing? false, entries: <empty>
2019-10-02 05:52:57,494 [grpc-default-executor-5] INFO  server.GrpcServerProtocolService (GrpcServerProtocolService.java:onCompleted(113)) - 8b099941-e94c-4d44-b111-fee9636cc34f: Completed APPEND_ENTRIES, lastRequest: a7e49ec6-0391-473f-af1f-b7ebe60d9c8d->8b099941-e94c-4d44-b111-fee9636cc34f#66-t1, previous=(t:1, i:2), leaderCommit=0, initializing? false, entries: <empty>
2019-10-02 05:52:57,496 [grpc-default-executor-15] INFO  server.GrpcLogAppender (GrpcLogAppender.java:onCompleted(293)) - a7e49ec6-0391-473f-af1f-b7ebe60d9c8d@group-162651713817->d31a379a-b462-4e23-84c2-f59667e5dc0b-AppendLogResponseHandler: follower responses appendEntries COMPLETED
2019-10-02 05:52:57,496 [grpc-default-executor-5] INFO  server.GrpcLogAppender (GrpcLogAppender.java:onCompleted(293)) - a7e49ec6-0391-473f-af1f-b7ebe60d9c8d@group-162651713817->8b099941-e94c-4d44-b111-fee9636cc34f-AppendLogResponseHandler: follower responses appendEntries COMPLETED
2019-10-02 05:52:57,498 [grpc-default-executor-14] INFO  impl.StateMachineUpdater (StateMachineUpdater.java:stopAndJoin(136)) - a7e49ec6-0391-473f-af1f-b7ebe60d9c8d@group-162651713817-StateMachineUpdater: set stopIndex = 0
2019-10-02 05:52:57,501 [grpc-default-executor-14] INFO  impl.RaftServerImpl (ServerState.java:close(387)) - a7e49ec6-0391-473f-af1f-b7ebe60d9c8d@group-162651713817: closes. applyIndex: 0
2019-10-02 05:52:57,512 [a7e49ec6-0391-473f-af1f-b7ebe60d9c8d@group-162651713817-SegmentedRaftLogWorker] INFO  segmented.SegmentedRaftLogWorker (SegmentedRaftLogWorker.java:run(316)) - a7e49ec6-0391-473f-af1f-b7ebe60d9c8d@group-162651713817-SegmentedRaftLogWorker was interrupted, exiting. There are 0 tasks remaining in the queue.
2019-10-02 05:52:57,515 [grpc-default-executor-14] INFO  segmented.SegmentedRaftLogWorker (SegmentedRaftLogWorker.java:close(224)) - a7e49ec6-0391-473f-af1f-b7ebe60d9c8d@group-162651713817-SegmentedRaftLogWorker close()
2019-10-02 05:52:57,516 [grpc-default-executor-15] INFO  impl.FollowerInfo (FollowerInfo.java:lambda$new$0(51)) - a7e49ec6-0391-473f-af1f-b7ebe60d9c8d@group-162651713817->d31a379a-b462-4e23-84c2-f59667e5dc0b: nextIndex: updateUnconditionally 3 -> 2
2019-10-02 05:52:57,527 [grpc-default-executor-5] INFO  impl.FollowerInfo (FollowerInfo.java:lambda$new$0(51)) - a7e49ec6-0391-473f-af1f-b7ebe60d9c8d@group-162651713817->8b099941-e94c-4d44-b111-fee9636cc34f: nextIndex: updateUnconditionally 3 -> 2
2019-10-02 05:52:57,544 [grpc-default-executor-14] INFO  impl.RaftServerProxy (RaftServerProxy.java:remove(95)) - d31a379a-b462-4e23-84c2-f59667e5dc0b: remove  FOLLOWER d31a379a-b462-4e23-84c2-f59667e5dc0b@group-162651713817:t1, leader=a7e49ec6-0391-473f-af1f-b7ebe60d9c8d, voted=a7e49ec6-0391-473f-af1f-b7ebe60d9c8d, raftlog=d31a379a-b462-4e23-84c2-f59667e5dc0b@group-162651713817-SegmentedRaftLog:OPENED:c0,f2,i2, conf=0: [d31a379a-b462-4e23-84c2-f59667e5dc0b:192.168.164.250:33498, 8b099941-e94c-4d44-b111-fee9636cc34f:192.168.164.250:43588, a7e49ec6-0391-473f-af1f-b7ebe60d9c8d:192.168.164.250:41993], old=null RUNNING
2019-10-02 05:52:57,544 [grpc-default-executor-14] INFO  impl.RaftServerImpl (RaftServerImpl.java:lambda$shutdown$3(247)) - d31a379a-b462-4e23-84c2-f59667e5dc0b@group-162651713817: shutdown
2019-10-02 05:52:57,545 [grpc-default-executor-14] INFO  util.JmxRegister (JmxRegister.java:unregister(73)) - Successfully un-registered JMX Bean with object name Ratis:service=RaftServer,group=group-162651713817,id=d31a379a-b462-4e23-84c2-f59667e5dc0b
2019-10-02 05:52:57,545 [grpc-default-executor-14] INFO  impl.RoleInfo (RoleInfo.java:shutdownFollowerState(121)) - d31a379a-b462-4e23-84c2-f59667e5dc0b: shutdown FollowerState
2019-10-02 05:52:57,545 [grpc-default-executor-14] INFO  impl.StateMachineUpdater (StateMachineUpdater.java:stopAndJoin(136)) - d31a379a-b462-4e23-84c2-f59667e5dc0b@group-162651713817-StateMachineUpdater: set stopIndex = 0
2019-10-02 05:52:57,545 [Thread-702] INFO  impl.FollowerState (FollowerState.java:run(117)) - d31a379a-b462-4e23-84c2-f59667e5dc0b@group-162651713817-FollowerState was interrupted: java.lang.InterruptedException: sleep interrupted
2019-10-02 05:52:57,549 [grpc-default-executor-14] INFO  impl.RaftServerImpl (ServerState.java:close(387)) - d31a379a-b462-4e23-84c2-f59667e5dc0b@group-162651713817: closes. applyIndex: 0
2019-10-02 05:52:57,550 [d31a379a-b462-4e23-84c2-f59667e5dc0b@group-162651713817-SegmentedRaftLogWorker] INFO  segmented.SegmentedRaftLogWorker (SegmentedRaftLogWorker.java:run(316)) - d31a379a-b462-4e23-84c2-f59667e5dc0b@group-162651713817-SegmentedRaftLogWorker was interrupted, exiting. There are 0 tasks remaining in the queue.
2019-10-02 05:52:57,550 [grpc-default-executor-14] INFO  segmented.SegmentedRaftLogWorker (SegmentedRaftLogWorker.java:close(224)) - d31a379a-b462-4e23-84c2-f59667e5dc0b@group-162651713817-SegmentedRaftLogWorker close()
2019-10-02 05:52:57,630 [grpc-default-executor-14] INFO  interfaces.Container (KeyValueContainer.java:flushAndSyncDB(386)) - Container 4 is synced with bcsId 0.
2019-10-02 05:52:57,630 [grpc-default-executor-14] INFO  interfaces.Container (KeyValueContainer.java:flushAndSyncDB(386)) - Container 4 is synced with bcsId 0.
2019-10-02 05:52:57,646 [EventQueue-IncrementalContainerReportForIncrementalContainerReportHandler] INFO  container.IncrementalContainerReportHandler (AbstractContainerReportHandler.java:updateContainerState(169)) - Moving container #4 to QUASI_CLOSED state, datanode d31a379a-b462-4e23-84c2-f59667e5dc0b{ip: 192.168.164.250, host: pr-trunk-p5fv4-2201032288, networkLocation: /default-rack, certSerialId: null} reported QUASI_CLOSED replica.
2019-10-02 05:52:57,652 [grpc-default-executor-14] INFO  impl.RaftServerProxy (RaftServerProxy.java:remove(95)) - 8b099941-e94c-4d44-b111-fee9636cc34f: remove  FOLLOWER 8b099941-e94c-4d44-b111-fee9636cc34f@group-162651713817:t1, leader=a7e49ec6-0391-473f-af1f-b7ebe60d9c8d, voted=a7e49ec6-0391-473f-af1f-b7ebe60d9c8d, raftlog=8b099941-e94c-4d44-b111-fee9636cc34f@group-162651713817-SegmentedRaftLog:OPENED:c0,f2,i2, conf=0: [d31a379a-b462-4e23-84c2-f59667e5dc0b:192.168.164.250:33498, 8b099941-e94c-4d44-b111-fee9636cc34f:192.168.164.250:43588, a7e49ec6-0391-473f-af1f-b7ebe60d9c8d:192.168.164.250:41993], old=null RUNNING
2019-10-02 05:52:57,652 [grpc-default-executor-14] INFO  impl.RaftServerImpl (RaftServerImpl.java:lambda$shutdown$3(247)) - 8b099941-e94c-4d44-b111-fee9636cc34f@group-162651713817: shutdown
2019-10-02 05:52:57,652 [grpc-default-executor-14] INFO  util.JmxRegister (JmxRegister.java:unregister(73)) - Successfully un-registered JMX Bean with object name Ratis:service=RaftServer,group=group-162651713817,id=8b099941-e94c-4d44-b111-fee9636cc34f
2019-10-02 05:52:57,653 [grpc-default-executor-14] INFO  impl.RoleInfo (RoleInfo.java:shutdownFollowerState(121)) - 8b099941-e94c-4d44-b111-fee9636cc34f: shutdown FollowerState
2019-10-02 05:52:57,653 [grpc-default-executor-14] INFO  impl.StateMachineUpdater (StateMachineUpdater.java:stopAndJoin(136)) - 8b099941-e94c-4d44-b111-fee9636cc34f@group-162651713817-StateMachineUpdater: set stopIndex = 0
2019-10-02 05:52:57,653 [Thread-703] INFO  impl.FollowerState (FollowerState.java:run(117)) - 8b099941-e94c-4d44-b111-fee9636cc34f@group-162651713817-FollowerState was interrupted: java.lang.InterruptedException: sleep interrupted
2019-10-02 05:52:57,662 [grpc-default-executor-14] INFO  impl.RaftServerImpl (ServerState.java:close(387)) - 8b099941-e94c-4d44-b111-fee9636cc34f@group-162651713817: closes. applyIndex: 0
2019-10-02 05:52:57,664 [8b099941-e94c-4d44-b111-fee9636cc34f@group-162651713817-SegmentedRaftLogWorker] INFO  segmented.SegmentedRaftLogWorker (SegmentedRaftLogWorker.java:run(316)) - 8b099941-e94c-4d44-b111-fee9636cc34f@group-162651713817-SegmentedRaftLogWorker was interrupted, exiting. There are 0 tasks remaining in the queue.
2019-10-02 05:52:57,664 [grpc-default-executor-14] INFO  segmented.SegmentedRaftLogWorker (SegmentedRaftLogWorker.java:close(224)) - 8b099941-e94c-4d44-b111-fee9636cc34f@group-162651713817-SegmentedRaftLogWorker close()
2019-10-02 05:52:57,723 [grpc-default-executor-14] INFO  interfaces.Container (KeyValueContainer.java:flushAndSyncDB(386)) - Container 4 is synced with bcsId 0.
2019-10-02 05:52:57,724 [grpc-default-executor-14] INFO  interfaces.Container (KeyValueContainer.java:flushAndSyncDB(386)) - Container 4 is synced with bcsId 0.
2019-10-02 05:52:57,732 [RatisPipelineUtilsThread] INFO  pipeline.PipelineStateManager (PipelineStateManager.java:removePipeline(108)) - Pipeline Pipeline[ Id: 38027c29-ad20-4e29-8b05-162651713817, Nodes: a7e49ec6-0391-473f-af1f-b7ebe60d9c8d{ip: 192.168.164.250, host: pr-trunk-p5fv4-2201032288, networkLocation: /default-rack, certSerialId: null}d31a379a-b462-4e23-84c2-f59667e5dc0b{ip: 192.168.164.250, host: pr-trunk-p5fv4-2201032288, networkLocation: /default-rack, certSerialId: null}8b099941-e94c-4d44-b111-fee9636cc34f{ip: 192.168.164.250, host: pr-trunk-p5fv4-2201032288, networkLocation: /default-rack, certSerialId: null}, Type:RATIS, Factor:THREE, State:CLOSED] removed from db
2019-10-02 05:52:57,738 [grpc-default-executor-14] INFO  impl.RaftServerProxy (RaftServerProxy.java:remove(95)) - a7e49ec6-0391-473f-af1f-b7ebe60d9c8d: remove group-162651713817:null
2019-10-02 05:52:57,744 [RatisPipelineUtilsThread] WARN  pipeline.RatisPipelineUtils (RatisPipelineUtils.java:destroyPipeline(67)) - Pipeline destroy failed for pipeline=PipelineID=38027c29-ad20-4e29-8b05-162651713817 dn=a7e49ec6-0391-473f-af1f-b7ebe60d9c8d{ip: 192.168.164.250, host: pr-trunk-p5fv4-2201032288, networkLocation: /default-rack, certSerialId: null}
2019-10-02 05:52:57,749 [grpc-default-executor-14] INFO  impl.RaftServerProxy (RaftServerProxy.java:remove(95)) - d31a379a-b462-4e23-84c2-f59667e5dc0b: remove group-162651713817:null
2019-10-02 05:52:57,756 [RatisPipelineUtilsThread] WARN  pipeline.RatisPipelineUtils (RatisPipelineUtils.java:destroyPipeline(67)) - Pipeline destroy failed for pipeline=PipelineID=38027c29-ad20-4e29-8b05-162651713817 dn=d31a379a-b462-4e23-84c2-f59667e5dc0b{ip: 192.168.164.250, host: pr-trunk-p5fv4-2201032288, networkLocation: /default-rack, certSerialId: null}
2019-10-02 05:52:57,768 [grpc-default-executor-14] INFO  impl.RaftServerProxy (RaftServerProxy.java:remove(95)) - 8b099941-e94c-4d44-b111-fee9636cc34f: remove group-162651713817:null
2019-10-02 05:52:57,775 [RatisPipelineUtilsThread] WARN  pipeline.RatisPipelineUtils (RatisPipelineUtils.java:destroyPipeline(67)) - Pipeline destroy failed for pipeline=PipelineID=38027c29-ad20-4e29-8b05-162651713817 dn=8b099941-e94c-4d44-b111-fee9636cc34f{ip: 192.168.164.250, host: pr-trunk-p5fv4-2201032288, networkLocation: /default-rack, certSerialId: null}
2019-10-02 05:52:57,776 [RatisPipelineUtilsThread] ERROR pipeline.SCMPipelineManager (Scheduler.java:lambda$schedule$1(70)) - Destroy pipeline failed for pipeline:Pipeline[ Id: 38027c29-ad20-4e29-8b05-162651713817, Nodes: a7e49ec6-0391-473f-af1f-b7ebe60d9c8d{ip: 192.168.164.250, host: pr-trunk-p5fv4-2201032288, networkLocation: /default-rack, certSerialId: null}d31a379a-b462-4e23-84c2-f59667e5dc0b{ip: 192.168.164.250, host: pr-trunk-p5fv4-2201032288, networkLocation: /default-rack, certSerialId: null}8b099941-e94c-4d44-b111-fee9636cc34f{ip: 192.168.164.250, host: pr-trunk-p5fv4-2201032288, networkLocation: /default-rack, certSerialId: null}, Type:RATIS, Factor:THREE, State:CLOSED]
org.apache.hadoop.hdds.scm.pipeline.PipelineNotFoundException: PipelineID=38027c29-ad20-4e29-8b05-162651713817 not found
	at org.apache.hadoop.hdds.scm.pipeline.PipelineStateMap.getPipeline(PipelineStateMap.java:132)
	at org.apache.hadoop.hdds.scm.pipeline.PipelineStateMap.removePipeline(PipelineStateMap.java:322)
	at org.apache.hadoop.hdds.scm.pipeline.PipelineStateManager.removePipeline(PipelineStateManager.java:107)
	at org.apache.hadoop.hdds.scm.pipeline.SCMPipelineManager.removePipeline(SCMPipelineManager.java:427)
	at org.apache.hadoop.hdds.scm.pipeline.SCMPipelineManager.destroyPipeline(SCMPipelineManager.java:413)
	at org.apache.hadoop.hdds.scm.pipeline.SCMPipelineManager.lambda$finalizeAndDestroyPipeline$0(SCMPipelineManager.java:322)
	at org.apache.hadoop.hdds.utils.Scheduler.lambda$schedule$1(Scheduler.java:68)
	at java.util.concurrent.Executors$RunnableAdapter.call(Executors.java:511)
	at java.util.concurrent.FutureTask.run(FutureTask.java:266)
	at java.util.concurrent.ScheduledThreadPoolExecutor$ScheduledFutureTask.access$201(ScheduledThreadPoolExecutor.java:180)
	at java.util.concurrent.ScheduledThreadPoolExecutor$ScheduledFutureTask.run(ScheduledThreadPoolExecutor.java:293)
	at java.util.concurrent.ThreadPoolExecutor.runWorker(ThreadPoolExecutor.java:1149)
	at java.util.concurrent.ThreadPoolExecutor$Worker.run(ThreadPoolExecutor.java:624)
	at java.lang.Thread.run(Thread.java:748)
2019-10-02 05:52:58,559 [main] WARN  io.KeyOutputStream (KeyOutputStream.java:handleException(274)) - Encountered exception java.io.IOException: Unexpected Storage Container Exception: java.util.concurrent.CompletionException: java.util.concurrent.CompletionException: org.apache.ratis.protocol.GroupMismatchException: 8b099941-e94c-4d44-b111-fee9636cc34f: group-162651713817 not found. on the pipeline Pipeline[ Id: 38027c29-ad20-4e29-8b05-162651713817, Nodes: a7e49ec6-0391-473f-af1f-b7ebe60d9c8d{ip: 192.168.164.250, host: pr-trunk-p5fv4-2201032288, networkLocation: /default-rack, certSerialId: null}d31a379a-b462-4e23-84c2-f59667e5dc0b{ip: 192.168.164.250, host: pr-trunk-p5fv4-2201032288, networkLocation: /default-rack, certSerialId: null}8b099941-e94c-4d44-b111-fee9636cc34f{ip: 192.168.164.250, host: pr-trunk-p5fv4-2201032288, networkLocation: /default-rack, certSerialId: null}, Type:RATIS, Factor:THREE, State:OPEN]. The last committed block length is 0, uncommitted data length is 400 retry count 3
2019-10-02 05:52:58,560 [main] ERROR io.KeyOutputStream (KeyOutputStream.java:handleRetry(351)) - Retry request failed. retries get failed due to exceeded maximum allowed retries number: 3
java.io.IOException: Unexpected Storage Container Exception: java.util.concurrent.CompletionException: java.util.concurrent.CompletionException: org.apache.ratis.protocol.GroupMismatchException: 8b099941-e94c-4d44-b111-fee9636cc34f: group-162651713817 not found.
	at org.apache.hadoop.hdds.scm.storage.BlockOutputStream.setIoException(BlockOutputStream.java:541)
	at org.apache.hadoop.hdds.scm.storage.BlockOutputStream.lambda$writeChunkToContainer$3(BlockOutputStream.java:616)
	at java.util.concurrent.CompletableFuture.uniExceptionally(CompletableFuture.java:870)
	at java.util.concurrent.CompletableFuture$UniExceptionally.tryFire(CompletableFuture.java:852)
	at java.util.concurrent.CompletableFuture.postComplete(CompletableFuture.java:474)
	at java.util.concurrent.CompletableFuture.completeExceptionally(CompletableFuture.java:1977)
	at org.apache.ratis.client.impl.OrderedAsync$PendingOrderedRequest.fail(OrderedAsync.java:100)
	at org.apache.ratis.util.SlidingWindow$Client.fail(SlidingWindow.java:362)
	at org.apache.ratis.client.impl.OrderedAsync.failAllAsyncRequests(OrderedAsync.java:134)
	at org.apache.ratis.client.impl.OrderedAsync.lambda$sendRequest$10(OrderedAsync.java:244)
	at java.util.concurrent.CompletableFuture.uniExceptionally(CompletableFuture.java:870)
	at java.util.concurrent.CompletableFuture$UniExceptionally.tryFire(CompletableFuture.java:852)
	at java.util.concurrent.CompletableFuture.postComplete(CompletableFuture.java:474)
	at java.util.concurrent.CompletableFuture.completeExceptionally(CompletableFuture.java:1977)
	at org.apache.ratis.grpc.client.GrpcClientProtocolClient$AsyncStreamObservers.completeReplyExceptionally(GrpcClientProtocolClient.java:345)
	at org.apache.ratis.grpc.client.GrpcClientProtocolClient$AsyncStreamObservers.access$000(GrpcClientProtocolClient.java:261)
	at org.apache.ratis.grpc.client.GrpcClientProtocolClient$AsyncStreamObservers$1.onError(GrpcClientProtocolClient.java:290)
	at org.apache.ratis.thirdparty.io.grpc.stub.ClientCalls$StreamObserverToCallListenerAdapter.onClose(ClientCalls.java:434)
	at org.apache.ratis.thirdparty.io.grpc.PartialForwardingClientCallListener.onClose(PartialForwardingClientCallListener.java:39)
	at org.apache.ratis.thirdparty.io.grpc.ForwardingClientCallListener.onClose(ForwardingClientCallListener.java:23)
	at org.apache.ratis.thirdparty.io.grpc.ForwardingClientCallListener$SimpleForwardingClientCallListener.onClose(ForwardingClientCallListener.java:40)
	at org.apache.ratis.thirdparty.io.grpc.internal.CensusStatsModule$StatsClientInterceptor$1$1.onClose(CensusStatsModule.java:678)
	at org.apache.ratis.thirdparty.io.grpc.PartialForwardingClientCallListener.onClose(PartialForwardingClientCallListener.java:39)
	at org.apache.ratis.thirdparty.io.grpc.ForwardingClientCallListener.onClose(ForwardingClientCallListener.java:23)
	at org.apache.ratis.thirdparty.io.grpc.ForwardingClientCallListener$SimpleForwardingClientCallListener.onClose(ForwardingClientCallListener.java:40)
	at org.apache.ratis.thirdparty.io.grpc.internal.CensusTracingModule$TracingClientInterceptor$1$1.onClose(CensusTracingModule.java:397)
	at org.apache.ratis.thirdparty.io.grpc.internal.ClientCallImpl.closeObserver(ClientCallImpl.java:459)
	at org.apache.ratis.thirdparty.io.grpc.internal.ClientCallImpl.access$300(ClientCallImpl.java:63)
	at org.apache.ratis.thirdparty.io.grpc.internal.ClientCallImpl$ClientStreamListenerImpl.close(ClientCallImpl.java:546)
	at org.apache.ratis.thirdparty.io.grpc.internal.ClientCallImpl$ClientStreamListenerImpl.access$600(ClientCallImpl.java:467)
	at org.apache.ratis.thirdparty.io.grpc.internal.ClientCallImpl$ClientStreamListenerImpl$1StreamClosed.runInContext(ClientCallImpl.java:584)
	at org.apache.ratis.thirdparty.io.grpc.internal.ContextRunnable.run(ContextRunnable.java:37)
	at org.apache.ratis.thirdparty.io.grpc.internal.SerializingExecutor.run(SerializingExecutor.java:123)
	at java.util.concurrent.ThreadPoolExecutor.runWorker(ThreadPoolExecutor.java:1149)
	at java.util.concurrent.ThreadPoolExecutor$Worker.run(ThreadPoolExecutor.java:624)
	at java.lang.Thread.run(Thread.java:748)
Caused by: java.util.concurrent.CompletionException: java.util.concurrent.CompletionException: org.apache.ratis.protocol.GroupMismatchException: 8b099941-e94c-4d44-b111-fee9636cc34f: group-162651713817 not found.
	at org.apache.hadoop.hdds.scm.storage.BlockOutputStream.lambda$writeChunkToContainer$3(BlockOutputStream.java:615)
	... 34 more
Caused by: java.util.concurrent.CompletionException: org.apache.ratis.protocol.GroupMismatchException: 8b099941-e94c-4d44-b111-fee9636cc34f: group-162651713817 not found.
	at java.util.concurrent.CompletableFuture.encodeThrowable(CompletableFuture.java:292)
	at java.util.concurrent.CompletableFuture.completeThrowable(CompletableFuture.java:308)
	at java.util.concurrent.CompletableFuture.uniApply(CompletableFuture.java:593)
	at java.util.concurrent.CompletableFuture$UniApply.tryFire(CompletableFuture.java:577)
	... 32 more
Caused by: org.apache.ratis.protocol.GroupMismatchException: 8b099941-e94c-4d44-b111-fee9636cc34f: group-162651713817 not found.
	at org.apache.ratis.server.impl.RaftServerProxy$ImplMap.get(RaftServerProxy.java:122)
	at org.apache.ratis.server.impl.RaftServerProxy.getImplFuture(RaftServerProxy.java:269)
	at org.apache.ratis.server.impl.RaftServerProxy.submitRequest(RaftServerProxy.java:327)
	at org.apache.ratis.server.impl.RaftServerProxy.submitClientRequestAsync(RaftServerProxy.java:333)
	at org.apache.ratis.grpc.client.GrpcClientProtocolService$RequestStreamObserver.processClientRequest(GrpcClientProtocolService.java:220)
	at org.apache.ratis.grpc.client.GrpcClientProtocolService$OrderedRequestStreamObserver.processClientRequest(GrpcClientProtocolService.java:326)
	at org.apache.ratis.util.SlidingWindow$Server.processRequestsFromHead(SlidingWindow.java:429)
	at org.apache.ratis.util.SlidingWindow$Server.receivedRequest(SlidingWindow.java:421)
	at org.apache.ratis.grpc.client.GrpcClientProtocolService$OrderedRequestStreamObserver.processClientRequest(GrpcClientProtocolService.java:345)
	at org.apache.ratis.grpc.client.GrpcClientProtocolService$RequestStreamObserver.onNext(GrpcClientProtocolService.java:240)
	at org.apache.ratis.grpc.client.GrpcClientProtocolService$RequestStreamObserver.onNext(GrpcClientProtocolService.java:168)
	at org.apache.ratis.thirdparty.io.grpc.stub.ServerCalls$StreamingServerCallHandler$StreamingServerCallListener.onMessage(ServerCalls.java:248)
	at org.apache.ratis.thirdparty.io.grpc.internal.ServerCallImpl$ServerStreamListenerImpl.messagesAvailable(ServerCallImpl.java:263)
	at org.apache.ratis.thirdparty.io.grpc.internal.ServerImpl$JumpToApplicationThreadServerStreamListener$1MessagesAvailable.runInContext(ServerImpl.java:686)
	... 5 more
2019-10-02 05:52:58,562 [main] INFO  ozone.MiniOzoneClusterImpl (MiniOzoneClusterImpl.java:shutdown(314)) - Shutting down the Mini Ozone Cluster
2019-10-02 05:52:58,563 [main] INFO  ozone.MiniOzoneClusterImpl (MiniOzoneClusterImpl.java:stop(330)) - Stopping the Mini Ozone Cluster
2019-10-02 05:52:58,563 [main] INFO  ozone.MiniOzoneClusterImpl (MiniOzoneClusterImpl.java:stopOM(400)) - Stopping the OzoneManager
2019-10-02 05:52:58,563 [main] INFO  ipc.Server (Server.java:stop(3082)) - Stopping server on 40939
2019-10-02 05:52:58,580 [IPC Server listener on 40939] INFO  ipc.Server (Server.java:run(1185)) - Stopping IPC Server listener on 40939
2019-10-02 05:52:58,581 [main] INFO  ratis.OzoneManagerDoubleBuffer (OzoneManagerDoubleBuffer.java:stop(248)) - Stopping OMDoubleBuffer flush thread
2019-10-02 05:52:58,581 [IPC Server Responder] INFO  ipc.Server (Server.java:run(1319)) - Stopping IPC Server Responder
2019-10-02 05:52:58,588 [OMDoubleBufferFlushThread] INFO  ratis.OzoneManagerDoubleBuffer (OzoneManagerDoubleBuffer.java:flushTransactions(191)) - OMDoubleBuffer flush thread OMDoubleBufferFlushThread is interrupted and will exit. OMDoubleBufferFlushThread
2019-10-02 05:52:58,600 [main] INFO  utils.BackgroundService (BackgroundService.java:shutdown(148)) - Shutting down service KeyDeletingService
2019-10-02 05:52:58,614 [main] INFO  handler.ContextHandler (ContextHandler.java:doStop(910)) - Stopped o.e.j.w.WebAppContext@55cff952{/,null,UNAVAILABLE}{/ozoneManager}
2019-10-02 05:52:58,619 [main] INFO  server.AbstractConnector (AbstractConnector.java:doStop(318)) - Stopped ServerConnector@660591fb{HTTP/1.1,[http/1.1]}{0.0.0.0:0}
2019-10-02 05:52:58,619 [main] INFO  handler.ContextHandler (ContextHandler.java:doStop(910)) - Stopped o.e.j.s.ServletContextHandler@64030b91{/static,file:///workdir/hadoop-ozone/integration-test/target/test-classes/webapps/static,UNAVAILABLE}
2019-10-02 05:52:58,620 [main] INFO  handler.ContextHandler (ContextHandler.java:doStop(910)) - Stopped o.e.j.s.ServletContextHandler@31cb96e1{/logs,file:///workdir/hadoop-ozone/integration-test/target/log,UNAVAILABLE}
2019-10-02 05:52:58,624 [main] INFO  ozone.MiniOzoneClusterImpl (MiniOzoneClusterImpl.java:stopDatanodes(377)) - Stopping the HddsDatanodes
2019-10-02 05:52:58,643 [Datanode State Machine Thread - 0] INFO  statemachine.DatanodeStateMachine (DatanodeStateMachine.java:lambda$startDaemon$0(350)) - Ozone container server started.
2019-10-02 05:52:58,729 [Datanode State Machine Thread - 0] INFO  statemachine.DatanodeStateMachine (DatanodeStateMachine.java:lambda$startDaemon$0(350)) - Ozone container server started.
2019-10-02 05:53:03,627 [ForkJoinPool.commonPool-worker-1] INFO  ozoneimpl.OzoneContainer (OzoneContainer.java:stop(231)) - Attempting to stop container services.
2019-10-02 05:53:03,627 [main] INFO  ozoneimpl.OzoneContainer (OzoneContainer.java:stop(231)) - Attempting to stop container services.
2019-10-02 05:53:03,629 [ForkJoinPool.commonPool-worker-1] INFO  impl.RaftServerProxy (RaftServerProxy.java:lambda$close$4(314)) - d31a379a-b462-4e23-84c2-f59667e5dc0b: close
2019-10-02 05:53:03,629 [main] INFO  impl.RaftServerProxy (RaftServerProxy.java:lambda$close$4(314)) - 8b099941-e94c-4d44-b111-fee9636cc34f: close
2019-10-02 05:53:03,630 [ForkJoinPool.commonPool-worker-1] INFO  impl.RaftServerImpl (RaftServerImpl.java:lambda$shutdown$3(247)) - d31a379a-b462-4e23-84c2-f59667e5dc0b@group-383BF36219EF: shutdown
2019-10-02 05:53:03,630 [main] INFO  impl.RaftServerImpl (RaftServerImpl.java:lambda$shutdown$3(247)) - 8b099941-e94c-4d44-b111-fee9636cc34f@group-60DC5D89978A: shutdown
2019-10-02 05:53:03,630 [ForkJoinPool.commonPool-worker-1] INFO  util.JmxRegister (JmxRegister.java:unregister(73)) - Successfully un-registered JMX Bean with object name Ratis:service=RaftServer,group=group-383BF36219EF,id=d31a379a-b462-4e23-84c2-f59667e5dc0b
2019-10-02 05:53:03,631 [main] INFO  util.JmxRegister (JmxRegister.java:unregister(73)) - Successfully un-registered JMX Bean with object name Ratis:service=RaftServer,group=group-60DC5D89978A,id=8b099941-e94c-4d44-b111-fee9636cc34f
2019-10-02 05:53:03,631 [ForkJoinPool.commonPool-worker-1] INFO  impl.RoleInfo (RoleInfo.java:shutdownLeaderState(104)) - d31a379a-b462-4e23-84c2-f59667e5dc0b: shutdown LeaderState
2019-10-02 05:53:03,631 [main] INFO  impl.RoleInfo (RoleInfo.java:shutdownLeaderState(104)) - 8b099941-e94c-4d44-b111-fee9636cc34f: shutdown LeaderState
2019-10-02 05:53:03,639 [org.apache.ratis.server.impl.LogAppender$AppenderDaemon$$Lambda$514/351410477@9fde96e] WARN  server.GrpcLogAppender (GrpcLogAppender.java:mayWait(143)) - d31a379a-b462-4e23-84c2-f59667e5dc0b@group-383BF36219EF->8b099941-e94c-4d44-b111-fee9636cc34f-GrpcLogAppender: Wait interrupted by java.lang.InterruptedException
2019-10-02 05:53:03,639 [ForkJoinPool.commonPool-worker-1] INFO  impl.PendingRequests (PendingRequests.java:sendNotLeaderResponses(202)) - d31a379a-b462-4e23-84c2-f59667e5dc0b@group-383BF36219EF-PendingRequests: sendNotLeaderResponses
2019-10-02 05:53:03,639 [main] INFO  impl.PendingRequests (PendingRequests.java:sendNotLeaderResponses(202)) - 8b099941-e94c-4d44-b111-fee9636cc34f@group-60DC5D89978A-PendingRequests: sendNotLeaderResponses
2019-10-02 05:53:03,639 [org.apache.ratis.server.impl.LogAppender$AppenderDaemon$$Lambda$514/351410477@772bed99] WARN  server.GrpcLogAppender (GrpcLogAppender.java:mayWait(143)) - d31a379a-b462-4e23-84c2-f59667e5dc0b@group-383BF36219EF->a7e49ec6-0391-473f-af1f-b7ebe60d9c8d-GrpcLogAppender: Wait interrupted by java.lang.InterruptedException
2019-10-02 05:53:03,639 [ForkJoinPool.commonPool-worker-1] INFO  impl.StateMachineUpdater (StateMachineUpdater.java:stopAndJoin(136)) - d31a379a-b462-4e23-84c2-f59667e5dc0b@group-383BF36219EF-StateMachineUpdater: set stopIndex = 0
2019-10-02 05:53:03,640 [main] INFO  impl.StateMachineUpdater (StateMachineUpdater.java:stopAndJoin(136)) - 8b099941-e94c-4d44-b111-fee9636cc34f@group-60DC5D89978A-StateMachineUpdater: set stopIndex = 0
2019-10-02 05:53:03,640 [grpc-default-executor-14] INFO  server.GrpcServerProtocolService (GrpcServerProtocolService.java:onCompleted(113)) - a7e49ec6-0391-473f-af1f-b7ebe60d9c8d: Completed APPEND_ENTRIES, lastRequest: d31a379a-b462-4e23-84c2-f59667e5dc0b->a7e49ec6-0391-473f-af1f-b7ebe60d9c8d#18-t1, previous=(t:1, i:0), leaderCommit=0, initializing? false, entries: <empty>
2019-10-02 05:53:03,640 [grpc-default-executor-15] INFO  server.GrpcServerProtocolService (GrpcServerProtocolService.java:onCompleted(113)) - 8b099941-e94c-4d44-b111-fee9636cc34f: Completed APPEND_ENTRIES, lastRequest: d31a379a-b462-4e23-84c2-f59667e5dc0b->8b099941-e94c-4d44-b111-fee9636cc34f#18-t1, previous=(t:1, i:0), leaderCommit=0, initializing? false, entries: <empty>
2019-10-02 05:53:03,640 [ForkJoinPool.commonPool-worker-1] INFO  impl.RaftServerImpl (ServerState.java:close(387)) - d31a379a-b462-4e23-84c2-f59667e5dc0b@group-383BF36219EF: closes. applyIndex: 0
2019-10-02 05:53:03,640 [main] INFO  impl.RaftServerImpl (ServerState.java:close(387)) - 8b099941-e94c-4d44-b111-fee9636cc34f@group-60DC5D89978A: closes. applyIndex: 0
2019-10-02 05:53:03,641 [d31a379a-b462-4e23-84c2-f59667e5dc0b@group-383BF36219EF-SegmentedRaftLogWorker] INFO  segmented.SegmentedRaftLogWorker (SegmentedRaftLogWorker.java:run(316)) - d31a379a-b462-4e23-84c2-f59667e5dc0b@group-383BF36219EF-SegmentedRaftLogWorker was interrupted, exiting. There are 0 tasks remaining in the queue.
2019-10-02 05:53:03,642 [8b099941-e94c-4d44-b111-fee9636cc34f@group-60DC5D89978A-SegmentedRaftLogWorker] INFO  segmented.SegmentedRaftLogWorker (SegmentedRaftLogWorker.java:run(316)) - 8b099941-e94c-4d44-b111-fee9636cc34f@group-60DC5D89978A-SegmentedRaftLogWorker was interrupted, exiting. There are 0 tasks remaining in the queue.
2019-10-02 05:53:03,642 [grpc-default-executor-14] INFO  server.GrpcLogAppender (GrpcLogAppender.java:onCompleted(293)) - d31a379a-b462-4e23-84c2-f59667e5dc0b@group-383BF36219EF->8b099941-e94c-4d44-b111-fee9636cc34f-AppendLogResponseHandler: follower responses appendEntries COMPLETED
2019-10-02 05:53:03,642 [main] INFO  segmented.SegmentedRaftLogWorker (SegmentedRaftLogWorker.java:close(224)) - 8b099941-e94c-4d44-b111-fee9636cc34f@group-60DC5D89978A-SegmentedRaftLogWorker close()
2019-10-02 05:53:03,642 [ForkJoinPool.commonPool-worker-1] INFO  segmented.SegmentedRaftLogWorker (SegmentedRaftLogWorker.java:close(224)) - d31a379a-b462-4e23-84c2-f59667e5dc0b@group-383BF36219EF-SegmentedRaftLogWorker close()
2019-10-02 05:53:03,642 [grpc-default-executor-15] INFO  server.GrpcLogAppender (GrpcLogAppender.java:onCompleted(293)) - d31a379a-b462-4e23-84c2-f59667e5dc0b@group-383BF36219EF->a7e49ec6-0391-473f-af1f-b7ebe60d9c8d-AppendLogResponseHandler: follower responses appendEntries COMPLETED
2019-10-02 05:53:03,646 [ForkJoinPool.commonPool-worker-1] INFO  impl.RaftServerImpl (RaftServerImpl.java:lambda$shutdown$3(247)) - d31a379a-b462-4e23-84c2-f59667e5dc0b@group-70A84107C048: shutdown
2019-10-02 05:53:03,644 [main] INFO  impl.RaftServerImpl (RaftServerImpl.java:lambda$shutdown$3(247)) - 8b099941-e94c-4d44-b111-fee9636cc34f@group-383BF36219EF: shutdown
2019-10-02 05:53:03,646 [grpc-default-executor-15] INFO  impl.FollowerInfo (FollowerInfo.java:lambda$new$0(51)) - d31a379a-b462-4e23-84c2-f59667e5dc0b@group-383BF36219EF->a7e49ec6-0391-473f-af1f-b7ebe60d9c8d: nextIndex: updateUnconditionally 1 -> 0
2019-10-02 05:53:03,646 [ForkJoinPool.commonPool-worker-1] INFO  util.JmxRegister (JmxRegister.java:unregister(73)) - Successfully un-registered JMX Bean with object name Ratis:service=RaftServer,group=group-70A84107C048,id=d31a379a-b462-4e23-84c2-f59667e5dc0b
2019-10-02 05:53:03,646 [grpc-default-executor-14] INFO  impl.FollowerInfo (FollowerInfo.java:lambda$new$0(51)) - d31a379a-b462-4e23-84c2-f59667e5dc0b@group-383BF36219EF->8b099941-e94c-4d44-b111-fee9636cc34f: nextIndex: updateUnconditionally 1 -> 0
2019-10-02 05:53:03,647 [ForkJoinPool.commonPool-worker-1] INFO  impl.RoleInfo (RoleInfo.java:shutdownLeaderState(104)) - d31a379a-b462-4e23-84c2-f59667e5dc0b: shutdown LeaderState
2019-10-02 05:53:03,647 [main] INFO  util.JmxRegister (JmxRegister.java:unregister(73)) - Successfully un-registered JMX Bean with object name Ratis:service=RaftServer,group=group-383BF36219EF,id=8b099941-e94c-4d44-b111-fee9636cc34f
2019-10-02 05:53:03,647 [ForkJoinPool.commonPool-worker-1] INFO  impl.PendingRequests (PendingRequests.java:sendNotLeaderResponses(202)) - d31a379a-b462-4e23-84c2-f59667e5dc0b@group-70A84107C048-PendingRequests: sendNotLeaderResponses
2019-10-02 05:53:03,648 [main] INFO  impl.RoleInfo (RoleInfo.java:shutdownFollowerState(121)) - 8b099941-e94c-4d44-b111-fee9636cc34f: shutdown FollowerState
2019-10-02 05:53:03,648 [ForkJoinPool.commonPool-worker-1] INFO  impl.StateMachineUpdater (StateMachineUpdater.java:stopAndJoin(136)) - d31a379a-b462-4e23-84c2-f59667e5dc0b@group-70A84107C048-StateMachineUpdater: set stopIndex = 0
2019-10-02 05:53:03,648 [Thread-1082] INFO  impl.FollowerState (FollowerState.java:run(117)) - 8b099941-e94c-4d44-b111-fee9636cc34f@group-383BF36219EF-FollowerState was interrupted: java.lang.InterruptedException: sleep interrupted
2019-10-02 05:53:03,648 [main] INFO  impl.StateMachineUpdater (StateMachineUpdater.java:stopAndJoin(136)) - 8b099941-e94c-4d44-b111-fee9636cc34f@group-383BF36219EF-StateMachineUpdater: set stopIndex = 0
2019-10-02 05:53:03,648 [ForkJoinPool.commonPool-worker-1] INFO  impl.RaftServerImpl (ServerState.java:close(387)) - d31a379a-b462-4e23-84c2-f59667e5dc0b@group-70A84107C048: closes. applyIndex: 0
2019-10-02 05:53:03,650 [main] INFO  impl.RaftServerImpl (ServerState.java:close(387)) - 8b099941-e94c-4d44-b111-fee9636cc34f@group-383BF36219EF: closes. applyIndex: 0
2019-10-02 05:53:03,651 [d31a379a-b462-4e23-84c2-f59667e5dc0b@group-70A84107C048-SegmentedRaftLogWorker] INFO  segmented.SegmentedRaftLogWorker (SegmentedRaftLogWorker.java:run(316)) - d31a379a-b462-4e23-84c2-f59667e5dc0b@group-70A84107C048-SegmentedRaftLogWorker was interrupted, exiting. There are 0 tasks remaining in the queue.
2019-10-02 05:53:03,651 [ForkJoinPool.commonPool-worker-1] INFO  segmented.SegmentedRaftLogWorker (SegmentedRaftLogWorker.java:close(224)) - d31a379a-b462-4e23-84c2-f59667e5dc0b@group-70A84107C048-SegmentedRaftLogWorker close()
2019-10-02 05:53:03,651 [8b099941-e94c-4d44-b111-fee9636cc34f@group-383BF36219EF-SegmentedRaftLogWorker] INFO  segmented.SegmentedRaftLogWorker (SegmentedRaftLogWorker.java:run(316)) - 8b099941-e94c-4d44-b111-fee9636cc34f@group-383BF36219EF-SegmentedRaftLogWorker was interrupted, exiting. There are 0 tasks remaining in the queue.
2019-10-02 05:53:03,653 [main] INFO  segmented.SegmentedRaftLogWorker (SegmentedRaftLogWorker.java:close(224)) - 8b099941-e94c-4d44-b111-fee9636cc34f@group-383BF36219EF-SegmentedRaftLogWorker close()
2019-10-02 05:53:03,653 [ForkJoinPool.commonPool-worker-1] INFO  server.GrpcService (GrpcService.java:closeImpl(164)) - d31a379a-b462-4e23-84c2-f59667e5dc0b: shutdown server with port 33498 now
2019-10-02 05:53:03,654 [main] INFO  server.GrpcService (GrpcService.java:closeImpl(164)) - 8b099941-e94c-4d44-b111-fee9636cc34f: shutdown server with port 43588 now
2019-10-02 05:53:03,657 [ForkJoinPool.commonPool-worker-1] INFO  server.GrpcService (GrpcService.java:closeImpl(172)) - d31a379a-b462-4e23-84c2-f59667e5dc0b: shutdown server with port 33498 successfully
2019-10-02 05:53:03,657 [main] INFO  server.GrpcService (GrpcService.java:closeImpl(172)) - 8b099941-e94c-4d44-b111-fee9636cc34f: shutdown server with port 43588 successfully
2019-10-02 05:53:03,660 [refreshUsed-/workdir/hadoop-ozone/integration-test/target/test-dir/MiniOzoneClusterImpl-96702981-7b9c-49f5-b2c8-8280b9e400ec/datanode-4/data/containers] WARN  fs.CachingGetSpaceUsed (CachingGetSpaceUsed.java:run(183)) - Thread Interrupted waiting to refresh disk information: sleep interrupted
2019-10-02 05:53:03,660 [refreshUsed-/workdir/hadoop-ozone/integration-test/target/test-dir/MiniOzoneClusterImpl-96702981-7b9c-49f5-b2c8-8280b9e400ec/datanode-1/data/containers] WARN  fs.CachingGetSpaceUsed (CachingGetSpaceUsed.java:run(183)) - Thread Interrupted waiting to refresh disk information: sleep interrupted
2019-10-02 05:53:03,681 [ForkJoinPool.commonPool-worker-1] INFO  utils.BackgroundService (BackgroundService.java:shutdown(148)) - Shutting down service BlockDeletingService
2019-10-02 05:53:03,686 [ForkJoinPool.commonPool-worker-1] INFO  statemachine.DatanodeStateMachine (DatanodeStateMachine.java:stopDaemon(395)) - Ozone container server stopped.
2019-10-02 05:53:03,692 [ForkJoinPool.commonPool-worker-1] INFO  handler.ContextHandler (ContextHandler.java:doStop(910)) - Stopped o.e.j.w.WebAppContext@65e21ce3{/,null,UNAVAILABLE}{/hddsDatanode}
2019-10-02 05:53:03,692 [ForkJoinPool.commonPool-worker-1] INFO  server.AbstractConnector (AbstractConnector.java:doStop(318)) - Stopped ServerConnector@6c3659be{HTTP/1.1,[http/1.1]}{0.0.0.0:0}
2019-10-02 05:53:03,692 [main] INFO  utils.BackgroundService (BackgroundService.java:shutdown(148)) - Shutting down service BlockDeletingService
2019-10-02 05:53:03,694 [ForkJoinPool.commonPool-worker-1] INFO  handler.ContextHandler (ContextHandler.java:doStop(910)) - Stopped o.e.j.s.ServletContextHandler@25ad4f71{/static,jar:file:/home/user/.m2/repository/org/apache/hadoop/hadoop-hdds-container-service/0.5.0-SNAPSHOT/hadoop-hdds-container-service-0.5.0-SNAPSHOT.jar!/webapps/static,UNAVAILABLE}
2019-10-02 05:53:03,696 [ForkJoinPool.commonPool-worker-1] INFO  handler.ContextHandler (ContextHandler.java:doStop(910)) - Stopped o.e.j.s.ServletContextHandler@7ceb4478{/logs,file:///workdir/hadoop-ozone/integration-test/target/log,UNAVAILABLE}
2019-10-02 05:53:03,700 [main] INFO  statemachine.DatanodeStateMachine (DatanodeStateMachine.java:stopDaemon(395)) - Ozone container server stopped.
2019-10-02 05:53:03,701 [main] INFO  handler.ContextHandler (ContextHandler.java:doStop(910)) - Stopped o.e.j.w.WebAppContext@2f5b8250{/,null,UNAVAILABLE}{/hddsDatanode}
2019-10-02 05:53:03,702 [main] INFO  server.AbstractConnector (AbstractConnector.java:doStop(318)) - Stopped ServerConnector@4821aa9f{HTTP/1.1,[http/1.1]}{0.0.0.0:0}
2019-10-02 05:53:03,703 [main] INFO  handler.ContextHandler (ContextHandler.java:doStop(910)) - Stopped o.e.j.s.ServletContextHandler@291373d3{/static,jar:file:/home/user/.m2/repository/org/apache/hadoop/hadoop-hdds-container-service/0.5.0-SNAPSHOT/hadoop-hdds-container-service-0.5.0-SNAPSHOT.jar!/webapps/static,UNAVAILABLE}
2019-10-02 05:53:03,703 [main] INFO  handler.ContextHandler (ContextHandler.java:doStop(910)) - Stopped o.e.j.s.ServletContextHandler@16727bf0{/logs,file:///workdir/hadoop-ozone/integration-test/target/log,UNAVAILABLE}
2019-10-02 05:53:04,029 [Datanode State Machine Thread - 0] INFO  statemachine.DatanodeStateMachine (DatanodeStateMachine.java:lambda$startDaemon$0(350)) - Ozone container server started.
2019-10-02 05:53:04,123 [Datanode State Machine Thread - 0] INFO  statemachine.DatanodeStateMachine (DatanodeStateMachine.java:lambda$startDaemon$0(350)) - Ozone container server started.
2019-10-02 05:53:08,701 [ForkJoinPool.commonPool-worker-1] INFO  ozoneimpl.OzoneContainer (OzoneContainer.java:stop(231)) - Attempting to stop container services.
2019-10-02 05:53:08,703 [ForkJoinPool.commonPool-worker-1] INFO  impl.RaftServerProxy (RaftServerProxy.java:lambda$close$4(314)) - abe57f94-e75c-4edc-b3a9-58e47daaf051: close
2019-10-02 05:53:08,703 [ForkJoinPool.commonPool-worker-1] INFO  impl.RaftServerImpl (RaftServerImpl.java:lambda$shutdown$3(247)) - abe57f94-e75c-4edc-b3a9-58e47daaf051@group-E9DEEF3CDB82: shutdown
2019-10-02 05:53:08,704 [ForkJoinPool.commonPool-worker-1] INFO  util.JmxRegister (JmxRegister.java:unregister(73)) - Successfully un-registered JMX Bean with object name Ratis:service=RaftServer,group=group-E9DEEF3CDB82,id=abe57f94-e75c-4edc-b3a9-58e47daaf051
2019-10-02 05:53:08,704 [ForkJoinPool.commonPool-worker-1] INFO  impl.RoleInfo (RoleInfo.java:shutdownLeaderState(104)) - abe57f94-e75c-4edc-b3a9-58e47daaf051: shutdown LeaderState
2019-10-02 05:53:08,704 [ForkJoinPool.commonPool-worker-1] INFO  impl.PendingRequests (PendingRequests.java:sendNotLeaderResponses(202)) - abe57f94-e75c-4edc-b3a9-58e47daaf051@group-E9DEEF3CDB82-PendingRequests: sendNotLeaderResponses
2019-10-02 05:53:08,705 [ForkJoinPool.commonPool-worker-1] INFO  impl.StateMachineUpdater (StateMachineUpdater.java:stopAndJoin(136)) - abe57f94-e75c-4edc-b3a9-58e47daaf051@group-E9DEEF3CDB82-StateMachineUpdater: set stopIndex = 0
2019-10-02 05:53:08,705 [main] INFO  ozoneimpl.OzoneContainer (OzoneContainer.java:stop(231)) - Attempting to stop container services.
2019-10-02 05:53:08,706 [main] INFO  impl.RaftServerProxy (RaftServerProxy.java:lambda$close$4(314)) - 13d2ee1c-0738-43ab-a5ad-515c50b1fbae: close
2019-10-02 05:53:08,707 [ForkJoinPool.commonPool-worker-1] INFO  impl.RaftServerImpl (ServerState.java:close(387)) - abe57f94-e75c-4edc-b3a9-58e47daaf051@group-E9DEEF3CDB82: closes. applyIndex: 0
2019-10-02 05:53:08,707 [main] INFO  impl.RaftServerImpl (RaftServerImpl.java:lambda$shutdown$3(247)) - 13d2ee1c-0738-43ab-a5ad-515c50b1fbae@group-E8C0ACEEC78C: shutdown
2019-10-02 05:53:08,707 [abe57f94-e75c-4edc-b3a9-58e47daaf051@group-E9DEEF3CDB82-SegmentedRaftLogWorker] INFO  segmented.SegmentedRaftLogWorker (SegmentedRaftLogWorker.java:run(316)) - abe57f94-e75c-4edc-b3a9-58e47daaf051@group-E9DEEF3CDB82-SegmentedRaftLogWorker was interrupted, exiting. There are 0 tasks remaining in the queue.
2019-10-02 05:53:08,707 [main] INFO  util.JmxRegister (JmxRegister.java:unregister(73)) - Successfully un-registered JMX Bean with object name Ratis:service=RaftServer,group=group-E8C0ACEEC78C,id=13d2ee1c-0738-43ab-a5ad-515c50b1fbae
2019-10-02 05:53:08,708 [main] INFO  impl.RoleInfo (RoleInfo.java:shutdownLeaderState(104)) - 13d2ee1c-0738-43ab-a5ad-515c50b1fbae: shutdown LeaderState
2019-10-02 05:53:08,711 [org.apache.ratis.server.impl.LogAppender$AppenderDaemon$$Lambda$514/351410477@286f875e] WARN  server.GrpcLogAppender (GrpcLogAppender.java:mayWait(143)) - 13d2ee1c-0738-43ab-a5ad-515c50b1fbae@group-E8C0ACEEC78C->440b2d92-0317-41e4-b6a8-f5ef9f70ba68-GrpcLogAppender: Wait interrupted by java.lang.InterruptedException
2019-10-02 05:53:08,711 [main] INFO  impl.PendingRequests (PendingRequests.java:sendNotLeaderResponses(202)) - 13d2ee1c-0738-43ab-a5ad-515c50b1fbae@group-E8C0ACEEC78C-PendingRequests: sendNotLeaderResponses
2019-10-02 05:53:08,711 [org.apache.ratis.server.impl.LogAppender$AppenderDaemon$$Lambda$514/351410477@64c9bff3] WARN  server.GrpcLogAppender (GrpcLogAppender.java:mayWait(143)) - 13d2ee1c-0738-43ab-a5ad-515c50b1fbae@group-E8C0ACEEC78C->abe57f94-e75c-4edc-b3a9-58e47daaf051-GrpcLogAppender: Wait interrupted by java.lang.InterruptedException
2019-10-02 05:53:08,712 [main] INFO  impl.StateMachineUpdater (StateMachineUpdater.java:stopAndJoin(136)) - 13d2ee1c-0738-43ab-a5ad-515c50b1fbae@group-E8C0ACEEC78C-StateMachineUpdater: set stopIndex = 0
2019-10-02 05:53:08,712 [grpc-default-executor-14] INFO  server.GrpcServerProtocolService (GrpcServerProtocolService.java:onCompleted(113)) - 440b2d92-0317-41e4-b6a8-f5ef9f70ba68: Completed APPEND_ENTRIES, lastRequest: 13d2ee1c-0738-43ab-a5ad-515c50b1fbae->440b2d92-0317-41e4-b6a8-f5ef9f70ba68#30-t1, previous=(t:1, i:0), leaderCommit=0, initializing? false, entries: <empty>
2019-10-02 05:53:08,713 [main] INFO  impl.RaftServerImpl (ServerState.java:close(387)) - 13d2ee1c-0738-43ab-a5ad-515c50b1fbae@group-E8C0ACEEC78C: closes. applyIndex: 0
2019-10-02 05:53:08,713 [grpc-default-executor-15] INFO  server.GrpcServerProtocolService (GrpcServerProtocolService.java:onCompleted(113)) - abe57f94-e75c-4edc-b3a9-58e47daaf051: Completed APPEND_ENTRIES, lastRequest: 13d2ee1c-0738-43ab-a5ad-515c50b1fbae->abe57f94-e75c-4edc-b3a9-58e47daaf051#30-t1, previous=(t:1, i:0), leaderCommit=0, initializing? false, entries: <empty>
2019-10-02 05:53:08,713 [13d2ee1c-0738-43ab-a5ad-515c50b1fbae@group-E8C0ACEEC78C-SegmentedRaftLogWorker] INFO  segmented.SegmentedRaftLogWorker (SegmentedRaftLogWorker.java:run(316)) - 13d2ee1c-0738-43ab-a5ad-515c50b1fbae@group-E8C0ACEEC78C-SegmentedRaftLogWorker was interrupted, exiting. There are 0 tasks remaining in the queue.
2019-10-02 05:53:08,714 [grpc-default-executor-15] INFO  server.GrpcLogAppender (GrpcLogAppender.java:onCompleted(293)) - 13d2ee1c-0738-43ab-a5ad-515c50b1fbae@group-E8C0ACEEC78C->abe57f94-e75c-4edc-b3a9-58e47daaf051-AppendLogResponseHandler: follower responses appendEntries COMPLETED
2019-10-02 05:53:08,714 [grpc-default-executor-14] INFO  server.GrpcLogAppender (GrpcLogAppender.java:onCompleted(293)) - 13d2ee1c-0738-43ab-a5ad-515c50b1fbae@group-E8C0ACEEC78C->440b2d92-0317-41e4-b6a8-f5ef9f70ba68-AppendLogResponseHandler: follower responses appendEntries COMPLETED
2019-10-02 05:53:08,715 [grpc-default-executor-15] INFO  impl.FollowerInfo (FollowerInfo.java:lambda$new$0(51)) - 13d2ee1c-0738-43ab-a5ad-515c50b1fbae@group-E8C0ACEEC78C->abe57f94-e75c-4edc-b3a9-58e47daaf051: nextIndex: updateUnconditionally 1 -> 0
2019-10-02 05:53:08,716 [main] INFO  segmented.SegmentedRaftLogWorker (SegmentedRaftLogWorker.java:close(224)) - 13d2ee1c-0738-43ab-a5ad-515c50b1fbae@group-E8C0ACEEC78C-SegmentedRaftLogWorker close()
2019-10-02 05:53:08,716 [ForkJoinPool.commonPool-worker-1] INFO  segmented.SegmentedRaftLogWorker (SegmentedRaftLogWorker.java:close(224)) - abe57f94-e75c-4edc-b3a9-58e47daaf051@group-E9DEEF3CDB82-SegmentedRaftLogWorker close()
2019-10-02 05:53:08,718 [main] INFO  impl.RaftServerImpl (RaftServerImpl.java:lambda$shutdown$3(247)) - 13d2ee1c-0738-43ab-a5ad-515c50b1fbae@group-A5566A47559B: shutdown
2019-10-02 05:53:08,716 [grpc-default-executor-14] INFO  impl.FollowerInfo (FollowerInfo.java:lambda$new$0(51)) - 13d2ee1c-0738-43ab-a5ad-515c50b1fbae@group-E8C0ACEEC78C->440b2d92-0317-41e4-b6a8-f5ef9f70ba68: nextIndex: updateUnconditionally 1 -> 0
2019-10-02 05:53:08,720 [main] INFO  util.JmxRegister (JmxRegister.java:unregister(73)) - Successfully un-registered JMX Bean with object name Ratis:service=RaftServer,group=group-A5566A47559B,id=13d2ee1c-0738-43ab-a5ad-515c50b1fbae
2019-10-02 05:53:08,721 [main] INFO  impl.RoleInfo (RoleInfo.java:shutdownLeaderState(104)) - 13d2ee1c-0738-43ab-a5ad-515c50b1fbae: shutdown LeaderState
2019-10-02 05:53:08,720 [ForkJoinPool.commonPool-worker-1] INFO  impl.RaftServerImpl (RaftServerImpl.java:lambda$shutdown$3(247)) - abe57f94-e75c-4edc-b3a9-58e47daaf051@group-E8C0ACEEC78C: shutdown
2019-10-02 05:53:08,721 [main] INFO  impl.PendingRequests (PendingRequests.java:sendNotLeaderResponses(202)) - 13d2ee1c-0738-43ab-a5ad-515c50b1fbae@group-A5566A47559B-PendingRequests: sendNotLeaderResponses
2019-10-02 05:53:08,722 [ForkJoinPool.commonPool-worker-1] INFO  util.JmxRegister (JmxRegister.java:unregister(73)) - Successfully un-registered JMX Bean with object name Ratis:service=RaftServer,group=group-E8C0ACEEC78C,id=abe57f94-e75c-4edc-b3a9-58e47daaf051
2019-10-02 05:53:08,722 [main] INFO  impl.StateMachineUpdater (StateMachineUpdater.java:stopAndJoin(136)) - 13d2ee1c-0738-43ab-a5ad-515c50b1fbae@group-A5566A47559B-StateMachineUpdater: set stopIndex = 0
2019-10-02 05:53:08,722 [ForkJoinPool.commonPool-worker-1] INFO  impl.RoleInfo (RoleInfo.java:shutdownFollowerState(121)) - abe57f94-e75c-4edc-b3a9-58e47daaf051: shutdown FollowerState
2019-10-02 05:53:08,723 [main] INFO  impl.RaftServerImpl (ServerState.java:close(387)) - 13d2ee1c-0738-43ab-a5ad-515c50b1fbae@group-A5566A47559B: closes. applyIndex: 0
2019-10-02 05:53:08,723 [Thread-1000] INFO  impl.FollowerState (FollowerState.java:run(117)) - abe57f94-e75c-4edc-b3a9-58e47daaf051@group-E8C0ACEEC78C-FollowerState was interrupted: java.lang.InterruptedException: sleep interrupted
2019-10-02 05:53:08,724 [13d2ee1c-0738-43ab-a5ad-515c50b1fbae@group-A5566A47559B-SegmentedRaftLogWorker] INFO  segmented.SegmentedRaftLogWorker (SegmentedRaftLogWorker.java:run(316)) - 13d2ee1c-0738-43ab-a5ad-515c50b1fbae@group-A5566A47559B-SegmentedRaftLogWorker was interrupted, exiting. There are 0 tasks remaining in the queue.
2019-10-02 05:53:08,723 [ForkJoinPool.commonPool-worker-1] INFO  impl.StateMachineUpdater (StateMachineUpdater.java:stopAndJoin(136)) - abe57f94-e75c-4edc-b3a9-58e47daaf051@group-E8C0ACEEC78C-StateMachineUpdater: set stopIndex = 0
2019-10-02 05:53:08,725 [main] INFO  segmented.SegmentedRaftLogWorker (SegmentedRaftLogWorker.java:close(224)) - 13d2ee1c-0738-43ab-a5ad-515c50b1fbae@group-A5566A47559B-SegmentedRaftLogWorker close()
2019-10-02 05:53:08,726 [ForkJoinPool.commonPool-worker-1] INFO  impl.RaftServerImpl (ServerState.java:close(387)) - abe57f94-e75c-4edc-b3a9-58e47daaf051@group-E8C0ACEEC78C: closes. applyIndex: 0
2019-10-02 05:53:08,728 [main] INFO  server.GrpcService (GrpcService.java:closeImpl(164)) - 13d2ee1c-0738-43ab-a5ad-515c50b1fbae: shutdown server with port 33826 now
2019-10-02 05:53:08,728 [abe57f94-e75c-4edc-b3a9-58e47daaf051@group-E8C0ACEEC78C-SegmentedRaftLogWorker] INFO  segmented.SegmentedRaftLogWorker (SegmentedRaftLogWorker.java:run(316)) - abe57f94-e75c-4edc-b3a9-58e47daaf051@group-E8C0ACEEC78C-SegmentedRaftLogWorker was interrupted, exiting. There are 0 tasks remaining in the queue.
2019-10-02 05:53:08,728 [ForkJoinPool.commonPool-worker-1] INFO  segmented.SegmentedRaftLogWorker (SegmentedRaftLogWorker.java:close(224)) - abe57f94-e75c-4edc-b3a9-58e47daaf051@group-E8C0ACEEC78C-SegmentedRaftLogWorker close()
2019-10-02 05:53:08,736 [main] INFO  server.GrpcService (GrpcService.java:closeImpl(172)) - 13d2ee1c-0738-43ab-a5ad-515c50b1fbae: shutdown server with port 33826 successfully
2019-10-02 05:53:08,736 [ForkJoinPool.commonPool-worker-1] INFO  server.GrpcService (GrpcService.java:closeImpl(164)) - abe57f94-e75c-4edc-b3a9-58e47daaf051: shutdown server with port 36875 now
2019-10-02 05:53:08,739 [ForkJoinPool.commonPool-worker-1] INFO  server.GrpcService (GrpcService.java:closeImpl(172)) - abe57f94-e75c-4edc-b3a9-58e47daaf051: shutdown server with port 36875 successfully
2019-10-02 05:53:08,752 [refreshUsed-/workdir/hadoop-ozone/integration-test/target/test-dir/MiniOzoneClusterImpl-96702981-7b9c-49f5-b2c8-8280b9e400ec/datanode-3/data/containers] WARN  fs.CachingGetSpaceUsed (CachingGetSpaceUsed.java:run(183)) - Thread Interrupted waiting to refresh disk information: sleep interrupted
2019-10-02 05:53:08,752 [refreshUsed-/workdir/hadoop-ozone/integration-test/target/test-dir/MiniOzoneClusterImpl-96702981-7b9c-49f5-b2c8-8280b9e400ec/datanode-2/data/containers] WARN  fs.CachingGetSpaceUsed (CachingGetSpaceUsed.java:run(183)) - Thread Interrupted waiting to refresh disk information: sleep interrupted
2019-10-02 05:53:08,769 [main] INFO  utils.BackgroundService (BackgroundService.java:shutdown(148)) - Shutting down service BlockDeletingService
2019-10-02 05:53:08,769 [ForkJoinPool.commonPool-worker-1] INFO  utils.BackgroundService (BackgroundService.java:shutdown(148)) - Shutting down service BlockDeletingService
2019-10-02 05:53:08,774 [ForkJoinPool.commonPool-worker-1] INFO  statemachine.DatanodeStateMachine (DatanodeStateMachine.java:stopDaemon(395)) - Ozone container server stopped.
2019-10-02 05:53:08,775 [main] INFO  statemachine.DatanodeStateMachine (DatanodeStateMachine.java:stopDaemon(395)) - Ozone container server stopped.
2019-10-02 05:53:08,780 [ForkJoinPool.commonPool-worker-1] INFO  handler.ContextHandler (ContextHandler.java:doStop(910)) - Stopped o.e.j.w.WebAppContext@37df14d1{/,null,UNAVAILABLE}{/hddsDatanode}
2019-10-02 05:53:08,780 [main] INFO  handler.ContextHandler (ContextHandler.java:doStop(910)) - Stopped o.e.j.w.WebAppContext@39a87e72{/,null,UNAVAILABLE}{/hddsDatanode}
2019-10-02 05:53:08,780 [ForkJoinPool.commonPool-worker-1] INFO  server.AbstractConnector (AbstractConnector.java:doStop(318)) - Stopped ServerConnector@7efb53af{HTTP/1.1,[http/1.1]}{0.0.0.0:0}
2019-10-02 05:53:08,780 [main] INFO  server.AbstractConnector (AbstractConnector.java:doStop(318)) - Stopped ServerConnector@5d2828c9{HTTP/1.1,[http/1.1]}{0.0.0.0:0}
2019-10-02 05:53:08,782 [ForkJoinPool.commonPool-worker-1] INFO  handler.ContextHandler (ContextHandler.java:doStop(910)) - Stopped o.e.j.s.ServletContextHandler@10f7c76{/static,jar:file:/home/user/.m2/repository/org/apache/hadoop/hadoop-hdds-container-service/0.5.0-SNAPSHOT/hadoop-hdds-container-service-0.5.0-SNAPSHOT.jar!/webapps/static,UNAVAILABLE}
2019-10-02 05:53:08,782 [main] INFO  handler.ContextHandler (ContextHandler.java:doStop(910)) - Stopped o.e.j.s.ServletContextHandler@698fee9a{/static,jar:file:/home/user/.m2/repository/org/apache/hadoop/hadoop-hdds-container-service/0.5.0-SNAPSHOT/hadoop-hdds-container-service-0.5.0-SNAPSHOT.jar!/webapps/static,UNAVAILABLE}
2019-10-02 05:53:08,783 [ForkJoinPool.commonPool-worker-1] INFO  handler.ContextHandler (ContextHandler.java:doStop(910)) - Stopped o.e.j.s.ServletContextHandler@599e4d41{/logs,file:///workdir/hadoop-ozone/integration-test/target/log,UNAVAILABLE}
2019-10-02 05:53:08,784 [main] INFO  handler.ContextHandler (ContextHandler.java:doStop(910)) - Stopped o.e.j.s.ServletContextHandler@6caf7803{/logs,file:///workdir/hadoop-ozone/integration-test/target/log,UNAVAILABLE}
2019-10-02 05:53:09,536 [Datanode State Machine Thread - 0] INFO  statemachine.DatanodeStateMachine (DatanodeStateMachine.java:lambda$startDaemon$0(350)) - Ozone container server started.
2019-10-02 05:53:09,637 [Datanode State Machine Thread - 0] INFO  statemachine.DatanodeStateMachine (DatanodeStateMachine.java:lambda$startDaemon$0(350)) - Ozone container server started.
2019-10-02 05:53:09,801 [Thread-1085] INFO  impl.FollowerState (FollowerState.java:run(108)) - a7e49ec6-0391-473f-af1f-b7ebe60d9c8d@group-383BF36219EF-FollowerState: change to CANDIDATE, lastRpcTime:8496ms, electionTimeout:5058ms
2019-10-02 05:53:09,802 [Thread-1085] INFO  impl.RoleInfo (RoleInfo.java:shutdownFollowerState(121)) - a7e49ec6-0391-473f-af1f-b7ebe60d9c8d: shutdown FollowerState
2019-10-02 05:53:09,802 [Thread-1085] INFO  impl.RaftServerImpl (RaftServerImpl.java:setRole(170)) - a7e49ec6-0391-473f-af1f-b7ebe60d9c8d@group-383BF36219EF: changes role from  FOLLOWER to CANDIDATE at term 1 for changeToCandidate
2019-10-02 05:53:09,802 [Thread-1085] INFO  impl.RoleInfo (RoleInfo.java:updateAndGet(143)) - a7e49ec6-0391-473f-af1f-b7ebe60d9c8d: start LeaderElection
2019-10-02 05:53:09,804 [a7e49ec6-0391-473f-af1f-b7ebe60d9c8d@group-383BF36219EF-LeaderElection18] INFO  impl.RaftServerImpl (ServerState.java:setLeader(255)) - a7e49ec6-0391-473f-af1f-b7ebe60d9c8d@group-383BF36219EF: change Leader from d31a379a-b462-4e23-84c2-f59667e5dc0b to null at term 1 for initElection
2019-10-02 05:53:09,819 [a7e49ec6-0391-473f-af1f-b7ebe60d9c8d@group-383BF36219EF-LeaderElection18] INFO  impl.LeaderElection (LeaderElection.java:askForVotes(178)) - a7e49ec6-0391-473f-af1f-b7ebe60d9c8d@group-383BF36219EF-LeaderElection18: begin an election at term 2 for 0: [d31a379a-b462-4e23-84c2-f59667e5dc0b:192.168.164.250:33498, 8b099941-e94c-4d44-b111-fee9636cc34f:192.168.164.250:43588, a7e49ec6-0391-473f-af1f-b7ebe60d9c8d:192.168.164.250:41993], old=null
2019-10-02 05:53:09,834 [a7e49ec6-0391-473f-af1f-b7ebe60d9c8d@group-383BF36219EF-LeaderElection18] INFO  impl.LeaderElection (LogUtils.java:infoOrTrace(149)) - a7e49ec6-0391-473f-af1f-b7ebe60d9c8d@group-383BF36219EF-LeaderElection18 got exception when requesting votes: {}
java.util.concurrent.ExecutionException: org.apache.ratis.thirdparty.io.grpc.StatusRuntimeException: UNAVAILABLE: io exception
	at java.util.concurrent.FutureTask.report(FutureTask.java:122)
	at java.util.concurrent.FutureTask.get(FutureTask.java:192)
	at org.apache.ratis.server.impl.LeaderElection.waitForResults(LeaderElection.java:259)
	at org.apache.ratis.server.impl.LeaderElection.askForVotes(LeaderElection.java:197)
	at org.apache.ratis.server.impl.LeaderElection.run(LeaderElection.java:133)
	at java.lang.Thread.run(Thread.java:748)
Caused by: org.apache.ratis.thirdparty.io.grpc.StatusRuntimeException: UNAVAILABLE: io exception
	at org.apache.ratis.thirdparty.io.grpc.stub.ClientCalls.toStatusRuntimeException(ClientCalls.java:233)
	at org.apache.ratis.thirdparty.io.grpc.stub.ClientCalls.getUnchecked(ClientCalls.java:214)
	at org.apache.ratis.thirdparty.io.grpc.stub.ClientCalls.blockingUnaryCall(ClientCalls.java:139)
	at org.apache.ratis.proto.grpc.RaftServerProtocolServiceGrpc$RaftServerProtocolServiceBlockingStub.requestVote(RaftServerProtocolServiceGrpc.java:265)
	at org.apache.ratis.grpc.server.GrpcServerProtocolClient.requestVote(GrpcServerProtocolClient.java:99)
	at org.apache.ratis.grpc.server.GrpcService.requestVote(GrpcService.java:204)
	at org.apache.ratis.server.impl.LeaderElection.lambda$submitRequests$1(LeaderElection.java:234)
	at java.util.concurrent.FutureTask.run(FutureTask.java:266)
	at java.util.concurrent.Executors$RunnableAdapter.call(Executors.java:511)
	at java.util.concurrent.FutureTask.run(FutureTask.java:266)
	at java.util.concurrent.ThreadPoolExecutor.runWorker(ThreadPoolExecutor.java:1149)
	at java.util.concurrent.ThreadPoolExecutor$Worker.run(ThreadPoolExecutor.java:624)
	... 1 more
Caused by: org.apache.ratis.thirdparty.io.netty.channel.AbstractChannel$AnnotatedConnectException: Connection refused: /192.168.164.250:33498
	at sun.nio.ch.SocketChannelImpl.checkConnect(Native Method)
	at sun.nio.ch.SocketChannelImpl.finishConnect(SocketChannelImpl.java:717)
	at org.apache.ratis.thirdparty.io.netty.channel.socket.nio.NioSocketChannel.doFinishConnect(NioSocketChannel.java:327)
	at org.apache.ratis.thirdparty.io.netty.channel.nio.AbstractNioChannel$AbstractNioUnsafe.finishConnect(AbstractNioChannel.java:340)
	at org.apache.ratis.thirdparty.io.netty.channel.nio.NioEventLoop.processSelectedKey(NioEventLoop.java:632)
	at org.apache.ratis.thirdparty.io.netty.channel.nio.NioEventLoop.processSelectedKeysOptimized(NioEventLoop.java:579)
	at org.apache.ratis.thirdparty.io.netty.channel.nio.NioEventLoop.processSelectedKeys(NioEventLoop.java:496)
	at org.apache.ratis.thirdparty.io.netty.channel.nio.NioEventLoop.run(NioEventLoop.java:458)
	at org.apache.ratis.thirdparty.io.netty.util.concurrent.SingleThreadEventExecutor$5.run(SingleThreadEventExecutor.java:897)
	at org.apache.ratis.thirdparty.io.netty.util.concurrent.FastThreadLocalRunnable.run(FastThreadLocalRunnable.java:30)
	... 1 more
Caused by: java.net.ConnectException: Connection refused
	... 11 more
2019-10-02 05:53:09,836 [a7e49ec6-0391-473f-af1f-b7ebe60d9c8d@group-383BF36219EF-LeaderElection18] INFO  impl.LeaderElection (LogUtils.java:infoOrTrace(149)) - a7e49ec6-0391-473f-af1f-b7ebe60d9c8d@group-383BF36219EF-LeaderElection18 got exception when requesting votes: {}
java.util.concurrent.ExecutionException: org.apache.ratis.thirdparty.io.grpc.StatusRuntimeException: UNAVAILABLE: io exception
	at java.util.concurrent.FutureTask.report(FutureTask.java:122)
	at java.util.concurrent.FutureTask.get(FutureTask.java:192)
	at org.apache.ratis.server.impl.LeaderElection.waitForResults(LeaderElection.java:259)
	at org.apache.ratis.server.impl.LeaderElection.askForVotes(LeaderElection.java:197)
	at org.apache.ratis.server.impl.LeaderElection.run(LeaderElection.java:133)
	at java.lang.Thread.run(Thread.java:748)
Caused by: org.apache.ratis.thirdparty.io.grpc.StatusRuntimeException: UNAVAILABLE: io exception
	at org.apache.ratis.thirdparty.io.grpc.stub.ClientCalls.toStatusRuntimeException(ClientCalls.java:233)
	at org.apache.ratis.thirdparty.io.grpc.stub.ClientCalls.getUnchecked(ClientCalls.java:214)
	at org.apache.ratis.thirdparty.io.grpc.stub.ClientCalls.blockingUnaryCall(ClientCalls.java:139)
	at org.apache.ratis.proto.grpc.RaftServerProtocolServiceGrpc$RaftServerProtocolServiceBlockingStub.requestVote(RaftServerProtocolServiceGrpc.java:265)
	at org.apache.ratis.grpc.server.GrpcServerProtocolClient.requestVote(GrpcServerProtocolClient.java:99)
	at org.apache.ratis.grpc.server.GrpcService.requestVote(GrpcService.java:204)
	at org.apache.ratis.server.impl.LeaderElection.lambda$submitRequests$1(LeaderElection.java:234)
	at java.util.concurrent.FutureTask.run(FutureTask.java:266)
	at java.util.concurrent.Executors$RunnableAdapter.call(Executors.java:511)
	at java.util.concurrent.FutureTask.run(FutureTask.java:266)
	at java.util.concurrent.ThreadPoolExecutor.runWorker(ThreadPoolExecutor.java:1149)
	at java.util.concurrent.ThreadPoolExecutor$Worker.run(ThreadPoolExecutor.java:624)
	... 1 more
Caused by: org.apache.ratis.thirdparty.io.netty.channel.AbstractChannel$AnnotatedConnectException: Connection refused: /192.168.164.250:43588
	at sun.nio.ch.SocketChannelImpl.checkConnect(Native Method)
	at sun.nio.ch.SocketChannelImpl.finishConnect(SocketChannelImpl.java:717)
	at org.apache.ratis.thirdparty.io.netty.channel.socket.nio.NioSocketChannel.doFinishConnect(NioSocketChannel.java:327)
	at org.apache.ratis.thirdparty.io.netty.channel.nio.AbstractNioChannel$AbstractNioUnsafe.finishConnect(AbstractNioChannel.java:340)
	at org.apache.ratis.thirdparty.io.netty.channel.nio.NioEventLoop.processSelectedKey(NioEventLoop.java:632)
	at org.apache.ratis.thirdparty.io.netty.channel.nio.NioEventLoop.processSelectedKeysOptimized(NioEventLoop.java:579)
	at org.apache.ratis.thirdparty.io.netty.channel.nio.NioEventLoop.processSelectedKeys(NioEventLoop.java:496)
	at org.apache.ratis.thirdparty.io.netty.channel.nio.NioEventLoop.run(NioEventLoop.java:458)
	at org.apache.ratis.thirdparty.io.netty.util.concurrent.SingleThreadEventExecutor$5.run(SingleThreadEventExecutor.java:897)
	at org.apache.ratis.thirdparty.io.netty.util.concurrent.FastThreadLocalRunnable.run(FastThreadLocalRunnable.java:30)
	... 1 more
Caused by: java.net.ConnectException: Connection refused
	... 11 more
2019-10-02 05:53:09,838 [a7e49ec6-0391-473f-af1f-b7ebe60d9c8d@group-383BF36219EF-LeaderElection18] INFO  impl.LeaderElection (LeaderElection.java:logAndReturn(56)) - a7e49ec6-0391-473f-af1f-b7ebe60d9c8d@group-383BF36219EF-LeaderElection18: Election REJECTED; received 0 response(s) [] and 2 exception(s); a7e49ec6-0391-473f-af1f-b7ebe60d9c8d@group-383BF36219EF:t2, leader=null, voted=a7e49ec6-0391-473f-af1f-b7ebe60d9c8d, raftlog=a7e49ec6-0391-473f-af1f-b7ebe60d9c8d@group-383BF36219EF-SegmentedRaftLog:OPENED:c0,f0,i0, conf=0: [d31a379a-b462-4e23-84c2-f59667e5dc0b:192.168.164.250:33498, 8b099941-e94c-4d44-b111-fee9636cc34f:192.168.164.250:43588, a7e49ec6-0391-473f-af1f-b7ebe60d9c8d:192.168.164.250:41993], old=null
2019-10-02 05:53:09,839 [a7e49ec6-0391-473f-af1f-b7ebe60d9c8d@group-383BF36219EF-LeaderElection18] INFO  impl.LeaderElection (LogUtils.java:infoOrTrace(149)) -   Exception 0: {}
java.util.concurrent.ExecutionException: org.apache.ratis.thirdparty.io.grpc.StatusRuntimeException: UNAVAILABLE: io exception
	at java.util.concurrent.FutureTask.report(FutureTask.java:122)
	at java.util.concurrent.FutureTask.get(FutureTask.java:192)
	at org.apache.ratis.server.impl.LeaderElection.waitForResults(LeaderElection.java:259)
	at org.apache.ratis.server.impl.LeaderElection.askForVotes(LeaderElection.java:197)
	at org.apache.ratis.server.impl.LeaderElection.run(LeaderElection.java:133)
	at java.lang.Thread.run(Thread.java:748)
Caused by: org.apache.ratis.thirdparty.io.grpc.StatusRuntimeException: UNAVAILABLE: io exception
	at org.apache.ratis.thirdparty.io.grpc.stub.ClientCalls.toStatusRuntimeException(ClientCalls.java:233)
	at org.apache.ratis.thirdparty.io.grpc.stub.ClientCalls.getUnchecked(ClientCalls.java:214)
	at org.apache.ratis.thirdparty.io.grpc.stub.ClientCalls.blockingUnaryCall(ClientCalls.java:139)
	at org.apache.ratis.proto.grpc.RaftServerProtocolServiceGrpc$RaftServerProtocolServiceBlockingStub.requestVote(RaftServerProtocolServiceGrpc.java:265)
	at org.apache.ratis.grpc.server.GrpcServerProtocolClient.requestVote(GrpcServerProtocolClient.java:99)
	at org.apache.ratis.grpc.server.GrpcService.requestVote(GrpcService.java:204)
	at org.apache.ratis.server.impl.LeaderElection.lambda$submitRequests$1(LeaderElection.java:234)
	at java.util.concurrent.FutureTask.run(FutureTask.java:266)
	at java.util.concurrent.Executors$RunnableAdapter.call(Executors.java:511)
	at java.util.concurrent.FutureTask.run(FutureTask.java:266)
	at java.util.concurrent.ThreadPoolExecutor.runWorker(ThreadPoolExecutor.java:1149)
	at java.util.concurrent.ThreadPoolExecutor$Worker.run(ThreadPoolExecutor.java:624)
	... 1 more
Caused by: org.apache.ratis.thirdparty.io.netty.channel.AbstractChannel$AnnotatedConnectException: Connection refused: /192.168.164.250:33498
	at sun.nio.ch.SocketChannelImpl.checkConnect(Native Method)
	at sun.nio.ch.SocketChannelImpl.finishConnect(SocketChannelImpl.java:717)
	at org.apache.ratis.thirdparty.io.netty.channel.socket.nio.NioSocketChannel.doFinishConnect(NioSocketChannel.java:327)
	at org.apache.ratis.thirdparty.io.netty.channel.nio.AbstractNioChannel$AbstractNioUnsafe.finishConnect(AbstractNioChannel.java:340)
	at org.apache.ratis.thirdparty.io.netty.channel.nio.NioEventLoop.processSelectedKey(NioEventLoop.java:632)
	at org.apache.ratis.thirdparty.io.netty.channel.nio.NioEventLoop.processSelectedKeysOptimized(NioEventLoop.java:579)
	at org.apache.ratis.thirdparty.io.netty.channel.nio.NioEventLoop.processSelectedKeys(NioEventLoop.java:496)
	at org.apache.ratis.thirdparty.io.netty.channel.nio.NioEventLoop.run(NioEventLoop.java:458)
	at org.apache.ratis.thirdparty.io.netty.util.concurrent.SingleThreadEventExecutor$5.run(SingleThreadEventExecutor.java:897)
	at org.apache.ratis.thirdparty.io.netty.util.concurrent.FastThreadLocalRunnable.run(FastThreadLocalRunnable.java:30)
	... 1 more
Caused by: java.net.ConnectException: Connection refused
	... 11 more
2019-10-02 05:53:09,839 [a7e49ec6-0391-473f-af1f-b7ebe60d9c8d@group-383BF36219EF-LeaderElection18] INFO  impl.LeaderElection (LogUtils.java:infoOrTrace(149)) -   Exception 1: {}
java.util.concurrent.ExecutionException: org.apache.ratis.thirdparty.io.grpc.StatusRuntimeException: UNAVAILABLE: io exception
	at java.util.concurrent.FutureTask.report(FutureTask.java:122)
	at java.util.concurrent.FutureTask.get(FutureTask.java:192)
	at org.apache.ratis.server.impl.LeaderElection.waitForResults(LeaderElection.java:259)
	at org.apache.ratis.server.impl.LeaderElection.askForVotes(LeaderElection.java:197)
	at org.apache.ratis.server.impl.LeaderElection.run(LeaderElection.java:133)
	at java.lang.Thread.run(Thread.java:748)
Caused by: org.apache.ratis.thirdparty.io.grpc.StatusRuntimeException: UNAVAILABLE: io exception
	at org.apache.ratis.thirdparty.io.grpc.stub.ClientCalls.toStatusRuntimeException(ClientCalls.java:233)
	at org.apache.ratis.thirdparty.io.grpc.stub.ClientCalls.getUnchecked(ClientCalls.java:214)
	at org.apache.ratis.thirdparty.io.grpc.stub.ClientCalls.blockingUnaryCall(ClientCalls.java:139)
	at org.apache.ratis.proto.grpc.RaftServerProtocolServiceGrpc$RaftServerProtocolServiceBlockingStub.requestVote(RaftServerProtocolServiceGrpc.java:265)
	at org.apache.ratis.grpc.server.GrpcServerProtocolClient.requestVote(GrpcServerProtocolClient.java:99)
	at org.apache.ratis.grpc.server.GrpcService.requestVote(GrpcService.java:204)
	at org.apache.ratis.server.impl.LeaderElection.lambda$submitRequests$1(LeaderElection.java:234)
	at java.util.concurrent.FutureTask.run(FutureTask.java:266)
	at java.util.concurrent.Executors$RunnableAdapter.call(Executors.java:511)
	at java.util.concurrent.FutureTask.run(FutureTask.java:266)
	at java.util.concurrent.ThreadPoolExecutor.runWorker(ThreadPoolExecutor.java:1149)
	at java.util.concurrent.ThreadPoolExecutor$Worker.run(ThreadPoolExecutor.java:624)
	... 1 more
Caused by: org.apache.ratis.thirdparty.io.netty.channel.AbstractChannel$AnnotatedConnectException: Connection refused: /192.168.164.250:43588
	at sun.nio.ch.SocketChannelImpl.checkConnect(Native Method)
	at sun.nio.ch.SocketChannelImpl.finishConnect(SocketChannelImpl.java:717)
	at org.apache.ratis.thirdparty.io.netty.channel.socket.nio.NioSocketChannel.doFinishConnect(NioSocketChannel.java:327)
	at org.apache.ratis.thirdparty.io.netty.channel.nio.AbstractNioChannel$AbstractNioUnsafe.finishConnect(AbstractNioChannel.java:340)
	at org.apache.ratis.thirdparty.io.netty.channel.nio.NioEventLoop.processSelectedKey(NioEventLoop.java:632)
	at org.apache.ratis.thirdparty.io.netty.channel.nio.NioEventLoop.processSelectedKeysOptimized(NioEventLoop.java:579)
	at org.apache.ratis.thirdparty.io.netty.channel.nio.NioEventLoop.processSelectedKeys(NioEventLoop.java:496)
	at org.apache.ratis.thirdparty.io.netty.channel.nio.NioEventLoop.run(NioEventLoop.java:458)
	at org.apache.ratis.thirdparty.io.netty.util.concurrent.SingleThreadEventExecutor$5.run(SingleThreadEventExecutor.java:897)
	at org.apache.ratis.thirdparty.io.netty.util.concurrent.FastThreadLocalRunnable.run(FastThreadLocalRunnable.java:30)
	... 1 more
Caused by: java.net.ConnectException: Connection refused
	... 11 more
2019-10-02 05:53:09,839 [a7e49ec6-0391-473f-af1f-b7ebe60d9c8d@group-383BF36219EF-LeaderElection18] INFO  impl.RaftServerImpl (RaftServerImpl.java:setRole(170)) - a7e49ec6-0391-473f-af1f-b7ebe60d9c8d@group-383BF36219EF: changes role from CANDIDATE to FOLLOWER at term 2 for DISCOVERED_A_NEW_TERM
2019-10-02 05:53:09,840 [a7e49ec6-0391-473f-af1f-b7ebe60d9c8d@group-383BF36219EF-LeaderElection18] INFO  impl.RoleInfo (RoleInfo.java:shutdownLeaderElection(134)) - a7e49ec6-0391-473f-af1f-b7ebe60d9c8d: shutdown LeaderElection
2019-10-02 05:53:09,840 [a7e49ec6-0391-473f-af1f-b7ebe60d9c8d@group-383BF36219EF-LeaderElection18] INFO  impl.RoleInfo (RoleInfo.java:updateAndGet(143)) - a7e49ec6-0391-473f-af1f-b7ebe60d9c8d: start FollowerState
2019-10-02 05:53:13,785 [main] INFO  ozoneimpl.OzoneContainer (OzoneContainer.java:stop(231)) - Attempting to stop container services.
2019-10-02 05:53:13,786 [ForkJoinPool.commonPool-worker-1] INFO  ozoneimpl.OzoneContainer (OzoneContainer.java:stop(231)) - Attempting to stop container services.
2019-10-02 05:53:13,788 [main] INFO  impl.RaftServerProxy (RaftServerProxy.java:lambda$close$4(314)) - 29c666d7-68ed-416e-882d-1b8a6d4bc125: close
2019-10-02 05:53:13,789 [ForkJoinPool.commonPool-worker-1] INFO  impl.RaftServerProxy (RaftServerProxy.java:lambda$close$4(314)) - a7e49ec6-0391-473f-af1f-b7ebe60d9c8d: close
2019-10-02 05:53:13,789 [main] INFO  impl.RaftServerImpl (RaftServerImpl.java:lambda$shutdown$3(247)) - 29c666d7-68ed-416e-882d-1b8a6d4bc125@group-2C0CA5B4B70F: shutdown
2019-10-02 05:53:13,789 [ForkJoinPool.commonPool-worker-1] INFO  impl.RaftServerImpl (RaftServerImpl.java:lambda$shutdown$3(247)) - a7e49ec6-0391-473f-af1f-b7ebe60d9c8d@group-383BF36219EF: shutdown
2019-10-02 05:53:13,789 [main] INFO  util.JmxRegister (JmxRegister.java:unregister(73)) - Successfully un-registered JMX Bean with object name Ratis:service=RaftServer,group=group-2C0CA5B4B70F,id=29c666d7-68ed-416e-882d-1b8a6d4bc125
2019-10-02 05:53:13,790 [ForkJoinPool.commonPool-worker-1] INFO  util.JmxRegister (JmxRegister.java:unregister(73)) - Successfully un-registered JMX Bean with object name Ratis:service=RaftServer,group=group-383BF36219EF,id=a7e49ec6-0391-473f-af1f-b7ebe60d9c8d
2019-10-02 05:53:13,790 [main] INFO  impl.RoleInfo (RoleInfo.java:shutdownLeaderState(104)) - 29c666d7-68ed-416e-882d-1b8a6d4bc125: shutdown LeaderState
2019-10-02 05:53:13,790 [ForkJoinPool.commonPool-worker-1] INFO  impl.RoleInfo (RoleInfo.java:shutdownFollowerState(121)) - a7e49ec6-0391-473f-af1f-b7ebe60d9c8d: shutdown FollowerState
2019-10-02 05:53:13,791 [main] INFO  impl.PendingRequests (PendingRequests.java:sendNotLeaderResponses(202)) - 29c666d7-68ed-416e-882d-1b8a6d4bc125@group-2C0CA5B4B70F-PendingRequests: sendNotLeaderResponses
2019-10-02 05:53:13,791 [Thread-1245] INFO  impl.FollowerState (FollowerState.java:run(117)) - a7e49ec6-0391-473f-af1f-b7ebe60d9c8d@group-383BF36219EF-FollowerState was interrupted: java.lang.InterruptedException: sleep interrupted
2019-10-02 05:53:13,791 [ForkJoinPool.commonPool-worker-1] INFO  impl.StateMachineUpdater (StateMachineUpdater.java:stopAndJoin(136)) - a7e49ec6-0391-473f-af1f-b7ebe60d9c8d@group-383BF36219EF-StateMachineUpdater: set stopIndex = 0
2019-10-02 05:53:13,793 [main] INFO  impl.StateMachineUpdater (StateMachineUpdater.java:stopAndJoin(136)) - 29c666d7-68ed-416e-882d-1b8a6d4bc125@group-2C0CA5B4B70F-StateMachineUpdater: set stopIndex = 0
2019-10-02 05:53:13,794 [main] INFO  impl.RaftServerImpl (ServerState.java:close(387)) - 29c666d7-68ed-416e-882d-1b8a6d4bc125@group-2C0CA5B4B70F: closes. applyIndex: 0
2019-10-02 05:53:13,794 [ForkJoinPool.commonPool-worker-1] INFO  impl.RaftServerImpl (ServerState.java:close(387)) - a7e49ec6-0391-473f-af1f-b7ebe60d9c8d@group-383BF36219EF: closes. applyIndex: 0
2019-10-02 05:53:13,794 [29c666d7-68ed-416e-882d-1b8a6d4bc125@group-2C0CA5B4B70F-SegmentedRaftLogWorker] INFO  segmented.SegmentedRaftLogWorker (SegmentedRaftLogWorker.java:run(316)) - 29c666d7-68ed-416e-882d-1b8a6d4bc125@group-2C0CA5B4B70F-SegmentedRaftLogWorker was interrupted, exiting. There are 0 tasks remaining in the queue.
2019-10-02 05:53:13,795 [a7e49ec6-0391-473f-af1f-b7ebe60d9c8d@group-383BF36219EF-SegmentedRaftLogWorker] INFO  segmented.SegmentedRaftLogWorker (SegmentedRaftLogWorker.java:run(316)) - a7e49ec6-0391-473f-af1f-b7ebe60d9c8d@group-383BF36219EF-SegmentedRaftLogWorker was interrupted, exiting. There are 0 tasks remaining in the queue.
2019-10-02 05:53:13,795 [main] INFO  segmented.SegmentedRaftLogWorker (SegmentedRaftLogWorker.java:close(224)) - 29c666d7-68ed-416e-882d-1b8a6d4bc125@group-2C0CA5B4B70F-SegmentedRaftLogWorker close()
2019-10-02 05:53:13,795 [ForkJoinPool.commonPool-worker-1] INFO  segmented.SegmentedRaftLogWorker (SegmentedRaftLogWorker.java:close(224)) - a7e49ec6-0391-473f-af1f-b7ebe60d9c8d@group-383BF36219EF-SegmentedRaftLogWorker close()
2019-10-02 05:53:13,795 [main] INFO  server.GrpcService (GrpcService.java:closeImpl(164)) - 29c666d7-68ed-416e-882d-1b8a6d4bc125: shutdown server with port 35739 now
2019-10-02 05:53:13,795 [ForkJoinPool.commonPool-worker-1] INFO  impl.RaftServerImpl (RaftServerImpl.java:lambda$shutdown$3(247)) - a7e49ec6-0391-473f-af1f-b7ebe60d9c8d@group-2B9C2FA25DC7: shutdown
2019-10-02 05:53:13,796 [ForkJoinPool.commonPool-worker-1] INFO  util.JmxRegister (JmxRegister.java:unregister(73)) - Successfully un-registered JMX Bean with object name Ratis:service=RaftServer,group=group-2B9C2FA25DC7,id=a7e49ec6-0391-473f-af1f-b7ebe60d9c8d
2019-10-02 05:53:13,797 [main] INFO  server.GrpcService (GrpcService.java:closeImpl(172)) - 29c666d7-68ed-416e-882d-1b8a6d4bc125: shutdown server with port 35739 successfully
2019-10-02 05:53:13,798 [ForkJoinPool.commonPool-worker-1] INFO  impl.RoleInfo (RoleInfo.java:shutdownLeaderState(104)) - a7e49ec6-0391-473f-af1f-b7ebe60d9c8d: shutdown LeaderState
2019-10-02 05:53:13,798 [ForkJoinPool.commonPool-worker-1] INFO  impl.PendingRequests (PendingRequests.java:sendNotLeaderResponses(202)) - a7e49ec6-0391-473f-af1f-b7ebe60d9c8d@group-2B9C2FA25DC7-PendingRequests: sendNotLeaderResponses
2019-10-02 05:53:13,798 [ForkJoinPool.commonPool-worker-1] INFO  impl.StateMachineUpdater (StateMachineUpdater.java:stopAndJoin(136)) - a7e49ec6-0391-473f-af1f-b7ebe60d9c8d@group-2B9C2FA25DC7-StateMachineUpdater: set stopIndex = 0
2019-10-02 05:53:13,799 [ForkJoinPool.commonPool-worker-1] INFO  impl.RaftServerImpl (ServerState.java:close(387)) - a7e49ec6-0391-473f-af1f-b7ebe60d9c8d@group-2B9C2FA25DC7: closes. applyIndex: 0
2019-10-02 05:53:13,799 [refreshUsed-/workdir/hadoop-ozone/integration-test/target/test-dir/MiniOzoneClusterImpl-96702981-7b9c-49f5-b2c8-8280b9e400ec/datanode-6/data/containers] WARN  fs.CachingGetSpaceUsed (CachingGetSpaceUsed.java:run(183)) - Thread Interrupted waiting to refresh disk information: sleep interrupted
2019-10-02 05:53:13,800 [a7e49ec6-0391-473f-af1f-b7ebe60d9c8d@group-2B9C2FA25DC7-SegmentedRaftLogWorker] INFO  segmented.SegmentedRaftLogWorker (SegmentedRaftLogWorker.java:run(316)) - a7e49ec6-0391-473f-af1f-b7ebe60d9c8d@group-2B9C2FA25DC7-SegmentedRaftLogWorker was interrupted, exiting. There are 0 tasks remaining in the queue.
2019-10-02 05:53:13,800 [ForkJoinPool.commonPool-worker-1] INFO  segmented.SegmentedRaftLogWorker (SegmentedRaftLogWorker.java:close(224)) - a7e49ec6-0391-473f-af1f-b7ebe60d9c8d@group-2B9C2FA25DC7-SegmentedRaftLogWorker close()
2019-10-02 05:53:13,800 [ForkJoinPool.commonPool-worker-1] INFO  server.GrpcService (GrpcService.java:closeImpl(164)) - a7e49ec6-0391-473f-af1f-b7ebe60d9c8d: shutdown server with port 41993 now
2019-10-02 05:53:13,804 [ForkJoinPool.commonPool-worker-1] INFO  server.GrpcService (GrpcService.java:closeImpl(172)) - a7e49ec6-0391-473f-af1f-b7ebe60d9c8d: shutdown server with port 41993 successfully
2019-10-02 05:53:13,807 [refreshUsed-/workdir/hadoop-ozone/integration-test/target/test-dir/MiniOzoneClusterImpl-96702981-7b9c-49f5-b2c8-8280b9e400ec/datanode-0/data/containers] WARN  fs.CachingGetSpaceUsed (CachingGetSpaceUsed.java:run(183)) - Thread Interrupted waiting to refresh disk information: sleep interrupted
2019-10-02 05:53:13,820 [main] INFO  utils.BackgroundService (BackgroundService.java:shutdown(148)) - Shutting down service BlockDeletingService
2019-10-02 05:53:13,824 [main] INFO  statemachine.DatanodeStateMachine (DatanodeStateMachine.java:stopDaemon(395)) - Ozone container server stopped.
2019-10-02 05:53:13,825 [main] INFO  handler.ContextHandler (ContextHandler.java:doStop(910)) - Stopped o.e.j.w.WebAppContext@512d6e60{/,null,UNAVAILABLE}{/hddsDatanode}
2019-10-02 05:53:13,826 [main] INFO  server.AbstractConnector (AbstractConnector.java:doStop(318)) - Stopped ServerConnector@1de9b505{HTTP/1.1,[http/1.1]}{0.0.0.0:0}
2019-10-02 05:53:13,826 [main] INFO  handler.ContextHandler (ContextHandler.java:doStop(910)) - Stopped o.e.j.s.ServletContextHandler@4fa9ab6{/static,jar:file:/home/user/.m2/repository/org/apache/hadoop/hadoop-hdds-container-service/0.5.0-SNAPSHOT/hadoop-hdds-container-service-0.5.0-SNAPSHOT.jar!/webapps/static,UNAVAILABLE}
2019-10-02 05:53:13,827 [main] INFO  handler.ContextHandler (ContextHandler.java:doStop(910)) - Stopped o.e.j.s.ServletContextHandler@885e7ff{/logs,file:///workdir/hadoop-ozone/integration-test/target/log,UNAVAILABLE}
2019-10-02 05:53:13,829 [ForkJoinPool.commonPool-worker-1] INFO  utils.BackgroundService (BackgroundService.java:shutdown(148)) - Shutting down service BlockDeletingService
2019-10-02 05:53:13,838 [ForkJoinPool.commonPool-worker-1] INFO  statemachine.DatanodeStateMachine (DatanodeStateMachine.java:stopDaemon(395)) - Ozone container server stopped.
2019-10-02 05:53:13,845 [ForkJoinPool.commonPool-worker-1] INFO  handler.ContextHandler (ContextHandler.java:doStop(910)) - Stopped o.e.j.w.WebAppContext@46963479{/,null,UNAVAILABLE}{/hddsDatanode}
2019-10-02 05:53:13,845 [ForkJoinPool.commonPool-worker-1] INFO  server.AbstractConnector (AbstractConnector.java:doStop(318)) - Stopped ServerConnector@7e74a380{HTTP/1.1,[http/1.1]}{0.0.0.0:0}
2019-10-02 05:53:13,846 [ForkJoinPool.commonPool-worker-1] INFO  handler.ContextHandler (ContextHandler.java:doStop(910)) - Stopped o.e.j.s.ServletContextHandler@65b97f47{/static,jar:file:/home/user/.m2/repository/org/apache/hadoop/hadoop-hdds-container-service/0.5.0-SNAPSHOT/hadoop-hdds-container-service-0.5.0-SNAPSHOT.jar!/webapps/static,UNAVAILABLE}
2019-10-02 05:53:13,847 [ForkJoinPool.commonPool-worker-1] INFO  handler.ContextHandler (ContextHandler.java:doStop(910)) - Stopped o.e.j.s.ServletContextHandler@2849434b{/logs,file:///workdir/hadoop-ozone/integration-test/target/log,UNAVAILABLE}
2019-10-02 05:53:14,082 [ReplicationMonitor] INFO  container.ReplicationManager (ReplicationManager.java:forceCloseContainer(464)) - Force closing container #1 with BCSID 0, which is in QUASI_CLOSED state.
2019-10-02 05:53:14,084 [ReplicationMonitor] INFO  container.ReplicationManager (ReplicationManager.java:sendCloseCommand(659)) - Sending close container command for container #1 to datanode a7e49ec6-0391-473f-af1f-b7ebe60d9c8d{ip: 192.168.164.250, host: pr-trunk-p5fv4-2201032288, networkLocation: /default-rack, certSerialId: null}.
2019-10-02 05:53:14,084 [ReplicationMonitor] INFO  container.ReplicationManager (ReplicationManager.java:sendCloseCommand(659)) - Sending close container command for container #1 to datanode 8b099941-e94c-4d44-b111-fee9636cc34f{ip: 192.168.164.250, host: pr-trunk-p5fv4-2201032288, networkLocation: /default-rack, certSerialId: null}.
2019-10-02 05:53:14,085 [ReplicationMonitor] INFO  container.ReplicationManager (ReplicationManager.java:forceCloseContainer(464)) - Force closing container #2 with BCSID 0, which is in QUASI_CLOSED state.
2019-10-02 05:53:14,085 [ReplicationMonitor] INFO  container.ReplicationManager (ReplicationManager.java:sendCloseCommand(659)) - Sending close container command for container #2 to datanode d31a379a-b462-4e23-84c2-f59667e5dc0b{ip: 192.168.164.250, host: pr-trunk-p5fv4-2201032288, networkLocation: /default-rack, certSerialId: null}.
2019-10-02 05:53:14,085 [ReplicationMonitor] INFO  container.ReplicationManager (ReplicationManager.java:sendCloseCommand(659)) - Sending close container command for container #2 to datanode 8b099941-e94c-4d44-b111-fee9636cc34f{ip: 192.168.164.250, host: pr-trunk-p5fv4-2201032288, networkLocation: /default-rack, certSerialId: null}.
2019-10-02 05:53:14,085 [ReplicationMonitor] INFO  container.ReplicationManager (ReplicationManager.java:forceCloseContainer(464)) - Force closing container #3 with BCSID 0, which is in QUASI_CLOSED state.
2019-10-02 05:53:14,086 [ReplicationMonitor] INFO  container.ReplicationManager (ReplicationManager.java:sendCloseCommand(659)) - Sending close container command for container #3 to datanode 13d2ee1c-0738-43ab-a5ad-515c50b1fbae{ip: 192.168.164.250, host: pr-trunk-p5fv4-2201032288, networkLocation: /default-rack, certSerialId: null}.
2019-10-02 05:53:14,086 [ReplicationMonitor] INFO  container.ReplicationManager (ReplicationManager.java:sendCloseCommand(659)) - Sending close container command for container #3 to datanode 440b2d92-0317-41e4-b6a8-f5ef9f70ba68{ip: 192.168.164.250, host: pr-trunk-p5fv4-2201032288, networkLocation: /default-rack, certSerialId: null}.
2019-10-02 05:53:14,086 [ReplicationMonitor] INFO  container.ReplicationManager (ReplicationManager.java:forceCloseContainer(464)) - Force closing container #4 with BCSID 0, which is in QUASI_CLOSED state.
2019-10-02 05:53:14,086 [ReplicationMonitor] INFO  container.ReplicationManager (ReplicationManager.java:sendCloseCommand(659)) - Sending close container command for container #4 to datanode d31a379a-b462-4e23-84c2-f59667e5dc0b{ip: 192.168.164.250, host: pr-trunk-p5fv4-2201032288, networkLocation: /default-rack, certSerialId: null}.
2019-10-02 05:53:14,086 [ReplicationMonitor] INFO  container.ReplicationManager (ReplicationManager.java:sendCloseCommand(659)) - Sending close container command for container #4 to datanode 8b099941-e94c-4d44-b111-fee9636cc34f{ip: 192.168.164.250, host: pr-trunk-p5fv4-2201032288, networkLocation: /default-rack, certSerialId: null}.
2019-10-02 05:53:14,087 [ReplicationMonitor] INFO  container.ReplicationManager (ReplicationManager.java:run(225)) - Replication Monitor Thread took 11 milliseconds for processing 4 containers.
2019-10-02 05:53:14,238 [Datanode State Machine Thread - 0] INFO  statemachine.DatanodeStateMachine (DatanodeStateMachine.java:lambda$startDaemon$0(350)) - Ozone container server started.
2019-10-02 05:53:17,221 [Thread-1001] INFO  impl.FollowerState (FollowerState.java:run(108)) - 440b2d92-0317-41e4-b6a8-f5ef9f70ba68@group-E8C0ACEEC78C-FollowerState: change to CANDIDATE, lastRpcTime:9059ms, electionTimeout:5163ms
2019-10-02 05:53:17,222 [Thread-1001] INFO  impl.RoleInfo (RoleInfo.java:shutdownFollowerState(121)) - 440b2d92-0317-41e4-b6a8-f5ef9f70ba68: shutdown FollowerState
2019-10-02 05:53:17,223 [Thread-1001] INFO  impl.RaftServerImpl (RaftServerImpl.java:setRole(170)) - 440b2d92-0317-41e4-b6a8-f5ef9f70ba68@group-E8C0ACEEC78C: changes role from  FOLLOWER to CANDIDATE at term 1 for changeToCandidate
2019-10-02 05:53:17,223 [Thread-1001] INFO  impl.RoleInfo (RoleInfo.java:updateAndGet(143)) - 440b2d92-0317-41e4-b6a8-f5ef9f70ba68: start LeaderElection
2019-10-02 05:53:17,225 [440b2d92-0317-41e4-b6a8-f5ef9f70ba68@group-E8C0ACEEC78C-LeaderElection19] INFO  impl.RaftServerImpl (ServerState.java:setLeader(255)) - 440b2d92-0317-41e4-b6a8-f5ef9f70ba68@group-E8C0ACEEC78C: change Leader from 13d2ee1c-0738-43ab-a5ad-515c50b1fbae to null at term 1 for initElection
2019-10-02 05:53:17,242 [440b2d92-0317-41e4-b6a8-f5ef9f70ba68@group-E8C0ACEEC78C-LeaderElection19] INFO  impl.LeaderElection (LeaderElection.java:askForVotes(178)) - 440b2d92-0317-41e4-b6a8-f5ef9f70ba68@group-E8C0ACEEC78C-LeaderElection19: begin an election at term 2 for 0: [13d2ee1c-0738-43ab-a5ad-515c50b1fbae:192.168.164.250:33826, 440b2d92-0317-41e4-b6a8-f5ef9f70ba68:192.168.164.250:38969, abe57f94-e75c-4edc-b3a9-58e47daaf051:192.168.164.250:36875], old=null
2019-10-02 05:53:17,247 [440b2d92-0317-41e4-b6a8-f5ef9f70ba68@group-E8C0ACEEC78C-LeaderElection19] INFO  impl.LeaderElection (LogUtils.java:infoOrTrace(149)) - 440b2d92-0317-41e4-b6a8-f5ef9f70ba68@group-E8C0ACEEC78C-LeaderElection19 got exception when requesting votes: {}
java.util.concurrent.ExecutionException: org.apache.ratis.thirdparty.io.grpc.StatusRuntimeException: UNAVAILABLE: io exception
	at java.util.concurrent.FutureTask.report(FutureTask.java:122)
	at java.util.concurrent.FutureTask.get(FutureTask.java:192)
	at org.apache.ratis.server.impl.LeaderElection.waitForResults(LeaderElection.java:259)
	at org.apache.ratis.server.impl.LeaderElection.askForVotes(LeaderElection.java:197)
	at org.apache.ratis.server.impl.LeaderElection.run(LeaderElection.java:133)
	at java.lang.Thread.run(Thread.java:748)
Caused by: org.apache.ratis.thirdparty.io.grpc.StatusRuntimeException: UNAVAILABLE: io exception
	at org.apache.ratis.thirdparty.io.grpc.stub.ClientCalls.toStatusRuntimeException(ClientCalls.java:233)
	at org.apache.ratis.thirdparty.io.grpc.stub.ClientCalls.getUnchecked(ClientCalls.java:214)
	at org.apache.ratis.thirdparty.io.grpc.stub.ClientCalls.blockingUnaryCall(ClientCalls.java:139)
	at org.apache.ratis.proto.grpc.RaftServerProtocolServiceGrpc$RaftServerProtocolServiceBlockingStub.requestVote(RaftServerProtocolServiceGrpc.java:265)
	at org.apache.ratis.grpc.server.GrpcServerProtocolClient.requestVote(GrpcServerProtocolClient.java:99)
	at org.apache.ratis.grpc.server.GrpcService.requestVote(GrpcService.java:204)
	at org.apache.ratis.server.impl.LeaderElection.lambda$submitRequests$1(LeaderElection.java:234)
	at java.util.concurrent.FutureTask.run(FutureTask.java:266)
	at java.util.concurrent.Executors$RunnableAdapter.call(Executors.java:511)
	at java.util.concurrent.FutureTask.run(FutureTask.java:266)
	at java.util.concurrent.ThreadPoolExecutor.runWorker(ThreadPoolExecutor.java:1149)
	at java.util.concurrent.ThreadPoolExecutor$Worker.run(ThreadPoolExecutor.java:624)
	... 1 more
Caused by: org.apache.ratis.thirdparty.io.netty.channel.AbstractChannel$AnnotatedConnectException: Connection refused: /192.168.164.250:33826
	at sun.nio.ch.SocketChannelImpl.checkConnect(Native Method)
	at sun.nio.ch.SocketChannelImpl.finishConnect(SocketChannelImpl.java:717)
	at org.apache.ratis.thirdparty.io.netty.channel.socket.nio.NioSocketChannel.doFinishConnect(NioSocketChannel.java:327)
	at org.apache.ratis.thirdparty.io.netty.channel.nio.AbstractNioChannel$AbstractNioUnsafe.finishConnect(AbstractNioChannel.java:340)
	at org.apache.ratis.thirdparty.io.netty.channel.nio.NioEventLoop.processSelectedKey(NioEventLoop.java:632)
	at org.apache.ratis.thirdparty.io.netty.channel.nio.NioEventLoop.processSelectedKeysOptimized(NioEventLoop.java:579)
	at org.apache.ratis.thirdparty.io.netty.channel.nio.NioEventLoop.processSelectedKeys(NioEventLoop.java:496)
	at org.apache.ratis.thirdparty.io.netty.channel.nio.NioEventLoop.run(NioEventLoop.java:458)
	at org.apache.ratis.thirdparty.io.netty.util.concurrent.SingleThreadEventExecutor$5.run(SingleThreadEventExecutor.java:897)
	at org.apache.ratis.thirdparty.io.netty.util.concurrent.FastThreadLocalRunnable.run(FastThreadLocalRunnable.java:30)
	... 1 more
Caused by: java.net.ConnectException: Connection refused
	... 11 more
2019-10-02 05:53:17,249 [440b2d92-0317-41e4-b6a8-f5ef9f70ba68@group-E8C0ACEEC78C-LeaderElection19] INFO  impl.LeaderElection (LogUtils.java:infoOrTrace(149)) - 440b2d92-0317-41e4-b6a8-f5ef9f70ba68@group-E8C0ACEEC78C-LeaderElection19 got exception when requesting votes: {}
java.util.concurrent.ExecutionException: org.apache.ratis.thirdparty.io.grpc.StatusRuntimeException: UNAVAILABLE: io exception
	at java.util.concurrent.FutureTask.report(FutureTask.java:122)
	at java.util.concurrent.FutureTask.get(FutureTask.java:192)
	at org.apache.ratis.server.impl.LeaderElection.waitForResults(LeaderElection.java:259)
	at org.apache.ratis.server.impl.LeaderElection.askForVotes(LeaderElection.java:197)
	at org.apache.ratis.server.impl.LeaderElection.run(LeaderElection.java:133)
	at java.lang.Thread.run(Thread.java:748)
Caused by: org.apache.ratis.thirdparty.io.grpc.StatusRuntimeException: UNAVAILABLE: io exception
	at org.apache.ratis.thirdparty.io.grpc.stub.ClientCalls.toStatusRuntimeException(ClientCalls.java:233)
	at org.apache.ratis.thirdparty.io.grpc.stub.ClientCalls.getUnchecked(ClientCalls.java:214)
	at org.apache.ratis.thirdparty.io.grpc.stub.ClientCalls.blockingUnaryCall(ClientCalls.java:139)
	at org.apache.ratis.proto.grpc.RaftServerProtocolServiceGrpc$RaftServerProtocolServiceBlockingStub.requestVote(RaftServerProtocolServiceGrpc.java:265)
	at org.apache.ratis.grpc.server.GrpcServerProtocolClient.requestVote(GrpcServerProtocolClient.java:99)
	at org.apache.ratis.grpc.server.GrpcService.requestVote(GrpcService.java:204)
	at org.apache.ratis.server.impl.LeaderElection.lambda$submitRequests$1(LeaderElection.java:234)
	at java.util.concurrent.FutureTask.run(FutureTask.java:266)
	at java.util.concurrent.Executors$RunnableAdapter.call(Executors.java:511)
	at java.util.concurrent.FutureTask.run(FutureTask.java:266)
	at java.util.concurrent.ThreadPoolExecutor.runWorker(ThreadPoolExecutor.java:1149)
	at java.util.concurrent.ThreadPoolExecutor$Worker.run(ThreadPoolExecutor.java:624)
	... 1 more
Caused by: org.apache.ratis.thirdparty.io.netty.channel.AbstractChannel$AnnotatedConnectException: Connection refused: /192.168.164.250:36875
	at sun.nio.ch.SocketChannelImpl.checkConnect(Native Method)
	at sun.nio.ch.SocketChannelImpl.finishConnect(SocketChannelImpl.java:717)
	at org.apache.ratis.thirdparty.io.netty.channel.socket.nio.NioSocketChannel.doFinishConnect(NioSocketChannel.java:327)
	at org.apache.ratis.thirdparty.io.netty.channel.nio.AbstractNioChannel$AbstractNioUnsafe.finishConnect(AbstractNioChannel.java:340)
	at org.apache.ratis.thirdparty.io.netty.channel.nio.NioEventLoop.processSelectedKey(NioEventLoop.java:632)
	at org.apache.ratis.thirdparty.io.netty.channel.nio.NioEventLoop.processSelectedKeysOptimized(NioEventLoop.java:579)
	at org.apache.ratis.thirdparty.io.netty.channel.nio.NioEventLoop.processSelectedKeys(NioEventLoop.java:496)
	at org.apache.ratis.thirdparty.io.netty.channel.nio.NioEventLoop.run(NioEventLoop.java:458)
	at org.apache.ratis.thirdparty.io.netty.util.concurrent.SingleThreadEventExecutor$5.run(SingleThreadEventExecutor.java:897)
	at org.apache.ratis.thirdparty.io.netty.util.concurrent.FastThreadLocalRunnable.run(FastThreadLocalRunnable.java:30)
	... 1 more
Caused by: java.net.ConnectException: Connection refused
	... 11 more
2019-10-02 05:53:17,250 [440b2d92-0317-41e4-b6a8-f5ef9f70ba68@group-E8C0ACEEC78C-LeaderElection19] INFO  impl.LeaderElection (LeaderElection.java:logAndReturn(56)) - 440b2d92-0317-41e4-b6a8-f5ef9f70ba68@group-E8C0ACEEC78C-LeaderElection19: Election REJECTED; received 0 response(s) [] and 2 exception(s); 440b2d92-0317-41e4-b6a8-f5ef9f70ba68@group-E8C0ACEEC78C:t2, leader=null, voted=440b2d92-0317-41e4-b6a8-f5ef9f70ba68, raftlog=440b2d92-0317-41e4-b6a8-f5ef9f70ba68@group-E8C0ACEEC78C-SegmentedRaftLog:OPENED:c0,f0,i0, conf=0: [13d2ee1c-0738-43ab-a5ad-515c50b1fbae:192.168.164.250:33826, 440b2d92-0317-41e4-b6a8-f5ef9f70ba68:192.168.164.250:38969, abe57f94-e75c-4edc-b3a9-58e47daaf051:192.168.164.250:36875], old=null
2019-10-02 05:53:17,250 [440b2d92-0317-41e4-b6a8-f5ef9f70ba68@group-E8C0ACEEC78C-LeaderElection19] INFO  impl.LeaderElection (LogUtils.java:infoOrTrace(149)) -   Exception 0: {}
java.util.concurrent.ExecutionException: org.apache.ratis.thirdparty.io.grpc.StatusRuntimeException: UNAVAILABLE: io exception
	at java.util.concurrent.FutureTask.report(FutureTask.java:122)
	at java.util.concurrent.FutureTask.get(FutureTask.java:192)
	at org.apache.ratis.server.impl.LeaderElection.waitForResults(LeaderElection.java:259)
	at org.apache.ratis.server.impl.LeaderElection.askForVotes(LeaderElection.java:197)
	at org.apache.ratis.server.impl.LeaderElection.run(LeaderElection.java:133)
	at java.lang.Thread.run(Thread.java:748)
Caused by: org.apache.ratis.thirdparty.io.grpc.StatusRuntimeException: UNAVAILABLE: io exception
	at org.apache.ratis.thirdparty.io.grpc.stub.ClientCalls.toStatusRuntimeException(ClientCalls.java:233)
	at org.apache.ratis.thirdparty.io.grpc.stub.ClientCalls.getUnchecked(ClientCalls.java:214)
	at org.apache.ratis.thirdparty.io.grpc.stub.ClientCalls.blockingUnaryCall(ClientCalls.java:139)
	at org.apache.ratis.proto.grpc.RaftServerProtocolServiceGrpc$RaftServerProtocolServiceBlockingStub.requestVote(RaftServerProtocolServiceGrpc.java:265)
	at org.apache.ratis.grpc.server.GrpcServerProtocolClient.requestVote(GrpcServerProtocolClient.java:99)
	at org.apache.ratis.grpc.server.GrpcService.requestVote(GrpcService.java:204)
	at org.apache.ratis.server.impl.LeaderElection.lambda$submitRequests$1(LeaderElection.java:234)
	at java.util.concurrent.FutureTask.run(FutureTask.java:266)
	at java.util.concurrent.Executors$RunnableAdapter.call(Executors.java:511)
	at java.util.concurrent.FutureTask.run(FutureTask.java:266)
	at java.util.concurrent.ThreadPoolExecutor.runWorker(ThreadPoolExecutor.java:1149)
	at java.util.concurrent.ThreadPoolExecutor$Worker.run(ThreadPoolExecutor.java:624)
	... 1 more
Caused by: org.apache.ratis.thirdparty.io.netty.channel.AbstractChannel$AnnotatedConnectException: Connection refused: /192.168.164.250:33826
	at sun.nio.ch.SocketChannelImpl.checkConnect(Native Method)
	at sun.nio.ch.SocketChannelImpl.finishConnect(SocketChannelImpl.java:717)
	at org.apache.ratis.thirdparty.io.netty.channel.socket.nio.NioSocketChannel.doFinishConnect(NioSocketChannel.java:327)
	at org.apache.ratis.thirdparty.io.netty.channel.nio.AbstractNioChannel$AbstractNioUnsafe.finishConnect(AbstractNioChannel.java:340)
	at org.apache.ratis.thirdparty.io.netty.channel.nio.NioEventLoop.processSelectedKey(NioEventLoop.java:632)
	at org.apache.ratis.thirdparty.io.netty.channel.nio.NioEventLoop.processSelectedKeysOptimized(NioEventLoop.java:579)
	at org.apache.ratis.thirdparty.io.netty.channel.nio.NioEventLoop.processSelectedKeys(NioEventLoop.java:496)
	at org.apache.ratis.thirdparty.io.netty.channel.nio.NioEventLoop.run(NioEventLoop.java:458)
	at org.apache.ratis.thirdparty.io.netty.util.concurrent.SingleThreadEventExecutor$5.run(SingleThreadEventExecutor.java:897)
	at org.apache.ratis.thirdparty.io.netty.util.concurrent.FastThreadLocalRunnable.run(FastThreadLocalRunnable.java:30)
	... 1 more
Caused by: java.net.ConnectException: Connection refused
	... 11 more
2019-10-02 05:53:17,251 [440b2d92-0317-41e4-b6a8-f5ef9f70ba68@group-E8C0ACEEC78C-LeaderElection19] INFO  impl.LeaderElection (LogUtils.java:infoOrTrace(149)) -   Exception 1: {}
java.util.concurrent.ExecutionException: org.apache.ratis.thirdparty.io.grpc.StatusRuntimeException: UNAVAILABLE: io exception
	at java.util.concurrent.FutureTask.report(FutureTask.java:122)
	at java.util.concurrent.FutureTask.get(FutureTask.java:192)
	at org.apache.ratis.server.impl.LeaderElection.waitForResults(LeaderElection.java:259)
	at org.apache.ratis.server.impl.LeaderElection.askForVotes(LeaderElection.java:197)
	at org.apache.ratis.server.impl.LeaderElection.run(LeaderElection.java:133)
	at java.lang.Thread.run(Thread.java:748)
Caused by: org.apache.ratis.thirdparty.io.grpc.StatusRuntimeException: UNAVAILABLE: io exception
	at org.apache.ratis.thirdparty.io.grpc.stub.ClientCalls.toStatusRuntimeException(ClientCalls.java:233)
	at org.apache.ratis.thirdparty.io.grpc.stub.ClientCalls.getUnchecked(ClientCalls.java:214)
	at org.apache.ratis.thirdparty.io.grpc.stub.ClientCalls.blockingUnaryCall(ClientCalls.java:139)
	at org.apache.ratis.proto.grpc.RaftServerProtocolServiceGrpc$RaftServerProtocolServiceBlockingStub.requestVote(RaftServerProtocolServiceGrpc.java:265)
	at org.apache.ratis.grpc.server.GrpcServerProtocolClient.requestVote(GrpcServerProtocolClient.java:99)
	at org.apache.ratis.grpc.server.GrpcService.requestVote(GrpcService.java:204)
	at org.apache.ratis.server.impl.LeaderElection.lambda$submitRequests$1(LeaderElection.java:234)
	at java.util.concurrent.FutureTask.run(FutureTask.java:266)
	at java.util.concurrent.Executors$RunnableAdapter.call(Executors.java:511)
	at java.util.concurrent.FutureTask.run(FutureTask.java:266)
	at java.util.concurrent.ThreadPoolExecutor.runWorker(ThreadPoolExecutor.java:1149)
	at java.util.concurrent.ThreadPoolExecutor$Worker.run(ThreadPoolExecutor.java:624)
	... 1 more
Caused by: org.apache.ratis.thirdparty.io.netty.channel.AbstractChannel$AnnotatedConnectException: Connection refused: /192.168.164.250:36875
	at sun.nio.ch.SocketChannelImpl.checkConnect(Native Method)
	at sun.nio.ch.SocketChannelImpl.finishConnect(SocketChannelImpl.java:717)
	at org.apache.ratis.thirdparty.io.netty.channel.socket.nio.NioSocketChannel.doFinishConnect(NioSocketChannel.java:327)
	at org.apache.ratis.thirdparty.io.netty.channel.nio.AbstractNioChannel$AbstractNioUnsafe.finishConnect(AbstractNioChannel.java:340)
	at org.apache.ratis.thirdparty.io.netty.channel.nio.NioEventLoop.processSelectedKey(NioEventLoop.java:632)
	at org.apache.ratis.thirdparty.io.netty.channel.nio.NioEventLoop.processSelectedKeysOptimized(NioEventLoop.java:579)
	at org.apache.ratis.thirdparty.io.netty.channel.nio.NioEventLoop.processSelectedKeys(NioEventLoop.java:496)
	at org.apache.ratis.thirdparty.io.netty.channel.nio.NioEventLoop.run(NioEventLoop.java:458)
	at org.apache.ratis.thirdparty.io.netty.util.concurrent.SingleThreadEventExecutor$5.run(SingleThreadEventExecutor.java:897)
	at org.apache.ratis.thirdparty.io.netty.util.concurrent.FastThreadLocalRunnable.run(FastThreadLocalRunnable.java:30)
	... 1 more
Caused by: java.net.ConnectException: Connection refused
	... 11 more
2019-10-02 05:53:17,251 [440b2d92-0317-41e4-b6a8-f5ef9f70ba68@group-E8C0ACEEC78C-LeaderElection19] INFO  impl.RaftServerImpl (RaftServerImpl.java:setRole(170)) - 440b2d92-0317-41e4-b6a8-f5ef9f70ba68@group-E8C0ACEEC78C: changes role from CANDIDATE to FOLLOWER at term 2 for DISCOVERED_A_NEW_TERM
2019-10-02 05:53:17,251 [440b2d92-0317-41e4-b6a8-f5ef9f70ba68@group-E8C0ACEEC78C-LeaderElection19] INFO  impl.RoleInfo (RoleInfo.java:shutdownLeaderElection(134)) - 440b2d92-0317-41e4-b6a8-f5ef9f70ba68: shutdown LeaderElection
2019-10-02 05:53:17,251 [440b2d92-0317-41e4-b6a8-f5ef9f70ba68@group-E8C0ACEEC78C-LeaderElection19] INFO  impl.RoleInfo (RoleInfo.java:updateAndGet(143)) - 440b2d92-0317-41e4-b6a8-f5ef9f70ba68: start FollowerState
2019-10-02 05:53:18,828 [main] INFO  ozoneimpl.OzoneContainer (OzoneContainer.java:stop(231)) - Attempting to stop container services.
2019-10-02 05:53:18,831 [main] INFO  impl.RaftServerProxy (RaftServerProxy.java:lambda$close$4(314)) - 440b2d92-0317-41e4-b6a8-f5ef9f70ba68: close
2019-10-02 05:53:18,832 [main] INFO  impl.RaftServerImpl (RaftServerImpl.java:lambda$shutdown$3(247)) - 440b2d92-0317-41e4-b6a8-f5ef9f70ba68@group-B8882E465965: shutdown
2019-10-02 05:53:18,832 [main] INFO  util.JmxRegister (JmxRegister.java:unregister(73)) - Successfully un-registered JMX Bean with object name Ratis:service=RaftServer,group=group-B8882E465965,id=440b2d92-0317-41e4-b6a8-f5ef9f70ba68
2019-10-02 05:53:18,833 [main] INFO  impl.RoleInfo (RoleInfo.java:shutdownLeaderState(104)) - 440b2d92-0317-41e4-b6a8-f5ef9f70ba68: shutdown LeaderState
2019-10-02 05:53:18,833 [main] INFO  impl.PendingRequests (PendingRequests.java:sendNotLeaderResponses(202)) - 440b2d92-0317-41e4-b6a8-f5ef9f70ba68@group-B8882E465965-PendingRequests: sendNotLeaderResponses
2019-10-02 05:53:18,834 [main] INFO  impl.StateMachineUpdater (StateMachineUpdater.java:stopAndJoin(136)) - 440b2d92-0317-41e4-b6a8-f5ef9f70ba68@group-B8882E465965-StateMachineUpdater: set stopIndex = 0
2019-10-02 05:53:18,834 [main] INFO  impl.RaftServerImpl (ServerState.java:close(387)) - 440b2d92-0317-41e4-b6a8-f5ef9f70ba68@group-B8882E465965: closes. applyIndex: 0
2019-10-02 05:53:18,835 [440b2d92-0317-41e4-b6a8-f5ef9f70ba68@group-B8882E465965-SegmentedRaftLogWorker] INFO  segmented.SegmentedRaftLogWorker (SegmentedRaftLogWorker.java:run(316)) - 440b2d92-0317-41e4-b6a8-f5ef9f70ba68@group-B8882E465965-SegmentedRaftLogWorker was interrupted, exiting. There are 0 tasks remaining in the queue.
2019-10-02 05:53:18,835 [main] INFO  segmented.SegmentedRaftLogWorker (SegmentedRaftLogWorker.java:close(224)) - 440b2d92-0317-41e4-b6a8-f5ef9f70ba68@group-B8882E465965-SegmentedRaftLogWorker close()
2019-10-02 05:53:18,835 [main] INFO  impl.RaftServerImpl (RaftServerImpl.java:lambda$shutdown$3(247)) - 440b2d92-0317-41e4-b6a8-f5ef9f70ba68@group-E8C0ACEEC78C: shutdown
2019-10-02 05:53:18,836 [main] INFO  util.JmxRegister (JmxRegister.java:unregister(73)) - Successfully un-registered JMX Bean with object name Ratis:service=RaftServer,group=group-E8C0ACEEC78C,id=440b2d92-0317-41e4-b6a8-f5ef9f70ba68
2019-10-02 05:53:18,836 [main] INFO  impl.RoleInfo (RoleInfo.java:shutdownFollowerState(121)) - 440b2d92-0317-41e4-b6a8-f5ef9f70ba68: shutdown FollowerState
2019-10-02 05:53:18,837 [main] INFO  impl.StateMachineUpdater (StateMachineUpdater.java:stopAndJoin(136)) - 440b2d92-0317-41e4-b6a8-f5ef9f70ba68@group-E8C0ACEEC78C-StateMachineUpdater: set stopIndex = 0
2019-10-02 05:53:18,837 [Thread-1249] INFO  impl.FollowerState (FollowerState.java:run(117)) - 440b2d92-0317-41e4-b6a8-f5ef9f70ba68@group-E8C0ACEEC78C-FollowerState was interrupted: java.lang.InterruptedException: sleep interrupted
2019-10-02 05:53:18,837 [main] INFO  impl.RaftServerImpl (ServerState.java:close(387)) - 440b2d92-0317-41e4-b6a8-f5ef9f70ba68@group-E8C0ACEEC78C: closes. applyIndex: 0
2019-10-02 05:53:18,839 [440b2d92-0317-41e4-b6a8-f5ef9f70ba68@group-E8C0ACEEC78C-SegmentedRaftLogWorker] INFO  segmented.SegmentedRaftLogWorker (SegmentedRaftLogWorker.java:run(316)) - 440b2d92-0317-41e4-b6a8-f5ef9f70ba68@group-E8C0ACEEC78C-SegmentedRaftLogWorker was interrupted, exiting. There are 0 tasks remaining in the queue.
2019-10-02 05:53:18,839 [main] INFO  segmented.SegmentedRaftLogWorker (SegmentedRaftLogWorker.java:close(224)) - 440b2d92-0317-41e4-b6a8-f5ef9f70ba68@group-E8C0ACEEC78C-SegmentedRaftLogWorker close()
2019-10-02 05:53:18,840 [main] INFO  server.GrpcService (GrpcService.java:closeImpl(164)) - 440b2d92-0317-41e4-b6a8-f5ef9f70ba68: shutdown server with port 38969 now
2019-10-02 05:53:18,842 [main] INFO  server.GrpcService (GrpcService.java:closeImpl(172)) - 440b2d92-0317-41e4-b6a8-f5ef9f70ba68: shutdown server with port 38969 successfully
2019-10-02 05:53:18,844 [refreshUsed-/workdir/hadoop-ozone/integration-test/target/test-dir/MiniOzoneClusterImpl-96702981-7b9c-49f5-b2c8-8280b9e400ec/datanode-5/data/containers] WARN  fs.CachingGetSpaceUsed (CachingGetSpaceUsed.java:run(183)) - Thread Interrupted waiting to refresh disk information: sleep interrupted
2019-10-02 05:53:18,865 [main] INFO  utils.BackgroundService (BackgroundService.java:shutdown(148)) - Shutting down service BlockDeletingService
2019-10-02 05:53:18,868 [main] INFO  statemachine.DatanodeStateMachine (DatanodeStateMachine.java:stopDaemon(395)) - Ozone container server stopped.
2019-10-02 05:53:18,869 [main] INFO  handler.ContextHandler (ContextHandler.java:doStop(910)) - Stopped o.e.j.w.WebAppContext@63884e4{/,null,UNAVAILABLE}{/hddsDatanode}
2019-10-02 05:53:18,870 [main] INFO  server.AbstractConnector (AbstractConnector.java:doStop(318)) - Stopped ServerConnector@524270b8{HTTP/1.1,[http/1.1]}{0.0.0.0:0}
2019-10-02 05:53:18,870 [main] INFO  handler.ContextHandler (ContextHandler.java:doStop(910)) - Stopped o.e.j.s.ServletContextHandler@439b15f2{/static,jar:file:/home/user/.m2/repository/org/apache/hadoop/hadoop-hdds-container-service/0.5.0-SNAPSHOT/hadoop-hdds-container-service-0.5.0-SNAPSHOT.jar!/webapps/static,UNAVAILABLE}
2019-10-02 05:53:18,871 [main] INFO  handler.ContextHandler (ContextHandler.java:doStop(910)) - Stopped o.e.j.s.ServletContextHandler@6e041285{/logs,file:///workdir/hadoop-ozone/integration-test/target/log,UNAVAILABLE}
2019-10-02 05:53:18,872 [main] INFO  ozone.MiniOzoneClusterImpl (MiniOzoneClusterImpl.java:stopSCM(392)) - Stopping the StorageContainerManager
2019-10-02 05:53:18,872 [main] INFO  server.StorageContainerManager (StorageContainerManager.java:stop(808)) - Stopping Replication Manager Service.
2019-10-02 05:53:18,872 [main] INFO  container.ReplicationManager (ReplicationManager.java:stop(203)) - Stopping Replication Monitor Thread.
2019-10-02 05:53:18,873 [main] INFO  server.StorageContainerManager (StorageContainerManager.java:stop(815)) - Stopping Lease Manager of the command watchers
2019-10-02 05:53:18,873 [main] INFO  server.StorageContainerManager (StorageContainerManager.java:stop(822)) - Stopping datanode service RPC server
2019-10-02 05:53:18,873 [main] INFO  server.SCMDatanodeProtocolServer (SCMDatanodeProtocolServer.java:stop(367)) - Stopping the RPC server for DataNodes
2019-10-02 05:53:18,873 [main] INFO  ipc.Server (Server.java:stop(3082)) - Stopping server on 44991
2019-10-02 05:53:18,875 [IPC Server listener on 44991] INFO  ipc.Server (Server.java:run(1185)) - Stopping IPC Server listener on 44991
2019-10-02 05:53:18,875 [IPC Server Responder] INFO  ipc.Server (Server.java:run(1319)) - Stopping IPC Server Responder
2019-10-02 05:53:18,893 [SCM Heartbeat Processing Thread - 0] WARN  node.NodeStateManager (NodeStateManager.java:scheduleNextHealthCheck(646)) - Current Thread is interrupted, shutting down HB processing thread for Node Manager.
2019-10-02 05:53:18,893 [main] INFO  server.StorageContainerManager (StorageContainerManager.java:stop(830)) - Stopping block service RPC server
2019-10-02 05:53:18,893 [main] INFO  server.SCMBlockProtocolServer (SCMBlockProtocolServer.java:stop(155)) - Stopping the RPC server for Block Protocol
2019-10-02 05:53:18,894 [main] INFO  ipc.Server (Server.java:stop(3082)) - Stopping server on 40835
2019-10-02 05:53:18,895 [IPC Server listener on 40835] INFO  ipc.Server (Server.java:run(1185)) - Stopping IPC Server listener on 40835
2019-10-02 05:53:18,895 [main] INFO  server.StorageContainerManager (StorageContainerManager.java:stop(837)) - Stopping the StorageContainerLocationProtocol RPC server
2019-10-02 05:53:18,895 [IPC Server Responder] INFO  ipc.Server (Server.java:run(1319)) - Stopping IPC Server Responder
2019-10-02 05:53:18,895 [main] INFO  server.SCMClientProtocolServer (SCMClientProtocolServer.java:stop(158)) - Stopping the RPC server for Client Protocol
2019-10-02 05:53:18,896 [main] INFO  ipc.Server (Server.java:stop(3082)) - Stopping server on 40655
2019-10-02 05:53:18,896 [IPC Server listener on 40655] INFO  ipc.Server (Server.java:run(1185)) - Stopping IPC Server listener on 40655
2019-10-02 05:53:18,897 [main] INFO  server.StorageContainerManager (StorageContainerManager.java:stop(844)) - Stopping Storage Container Manager HTTP server.
2019-10-02 05:53:18,897 [IPC Server Responder] INFO  ipc.Server (Server.java:run(1319)) - Stopping IPC Server Responder
2019-10-02 05:53:18,898 [main] INFO  handler.ContextHandler (ContextHandler.java:doStop(910)) - Stopped o.e.j.w.WebAppContext@780ec4a5{/,null,UNAVAILABLE}{/scm}
2019-10-02 05:53:18,898 [main] INFO  server.AbstractConnector (AbstractConnector.java:doStop(318)) - Stopped ServerConnector@23a9ba52{HTTP/1.1,[http/1.1]}{0.0.0.0:0}
2019-10-02 05:53:18,899 [main] INFO  handler.ContextHandler (ContextHandler.java:doStop(910)) - Stopped o.e.j.s.ServletContextHandler@ebb6851{/static,file:///workdir/hadoop-ozone/integration-test/target/test-classes/webapps/static,UNAVAILABLE}
2019-10-02 05:53:18,899 [main] INFO  handler.ContextHandler (ContextHandler.java:doStop(910)) - Stopped o.e.j.s.ServletContextHandler@61e94def{/logs,file:///workdir/hadoop-ozone/integration-test/target/log,UNAVAILABLE}
2019-10-02 05:53:18,900 [main] INFO  server.StorageContainerManager (StorageContainerManager.java:stop(855)) - Stopping Block Manager Service.
2019-10-02 05:53:18,900 [main] INFO  utils.BackgroundService (BackgroundService.java:shutdown(148)) - Shutting down service SCMBlockDeletingService
2019-10-02 05:53:18,901 [main] INFO  utils.BackgroundService (BackgroundService.java:shutdown(148)) - Shutting down service SCMBlockDeletingService
2019-10-02 05:53:18,901 [main] INFO  server.StorageContainerManager (StorageContainerManager.java:stop(877)) - Stopping SCM Event Queue.
2019-10-02 05:53:18,908 [main] INFO  impl.MetricsSystemImpl (MetricsSystemImpl.java:stop(210)) - Stopping XceiverClientMetrics metrics system...
2019-10-02 05:53:18,920 [prometheus] INFO  impl.MetricsSinkAdapter (MetricsSinkAdapter.java:publishMetricsFromQueue(141)) - prometheus thread interrupted.
2019-10-02 05:53:18,920 [main] INFO  impl.MetricsSystemImpl (MetricsSystemImpl.java:stop(216)) - XceiverClientMetrics metrics system stopped.
]]></system-out>
    <system-err><![CDATA[ERROR StatusLogger No Log4j 2 configuration file found. Using default configuration (logging only errors to the console), or user programmatically provided configurations. Set system property 'log4j2.debug' to show Log4j 2 internal initialization logging. See https://logging.apache.org/log4j/2.x/manual/configuration.html for instructions on how to configure Log4j 2
Oct 02, 2019 5:49:30 AM org.apache.ratis.thirdparty.io.grpc.netty.NettyServerHandler onStreamError
WARNING: Stream Error
org.apache.ratis.thirdparty.io.netty.handler.codec.http2.Http2Exception$StreamException: Received DATA frame for an unknown stream 3
	at org.apache.ratis.thirdparty.io.netty.handler.codec.http2.Http2Exception.streamError(Http2Exception.java:129)
	at org.apache.ratis.thirdparty.io.netty.handler.codec.http2.DefaultHttp2ConnectionDecoder$FrameReadListener.shouldIgnoreHeadersOrDataFrame(DefaultHttp2ConnectionDecoder.java:531)
	at org.apache.ratis.thirdparty.io.netty.handler.codec.http2.DefaultHttp2ConnectionDecoder$FrameReadListener.onDataRead(DefaultHttp2ConnectionDecoder.java:183)
	at org.apache.ratis.thirdparty.io.netty.handler.codec.http2.Http2InboundFrameLogger$1.onDataRead(Http2InboundFrameLogger.java:48)
	at org.apache.ratis.thirdparty.io.netty.handler.codec.http2.DefaultHttp2FrameReader.readDataFrame(DefaultHttp2FrameReader.java:421)
	at org.apache.ratis.thirdparty.io.netty.handler.codec.http2.DefaultHttp2FrameReader.processPayloadState(DefaultHttp2FrameReader.java:251)
	at org.apache.ratis.thirdparty.io.netty.handler.codec.http2.DefaultHttp2FrameReader.readFrame(DefaultHttp2FrameReader.java:160)
	at org.apache.ratis.thirdparty.io.netty.handler.codec.http2.Http2InboundFrameLogger.readFrame(Http2InboundFrameLogger.java:41)
	at org.apache.ratis.thirdparty.io.netty.handler.codec.http2.DefaultHttp2ConnectionDecoder.decodeFrame(DefaultHttp2ConnectionDecoder.java:118)
	at org.apache.ratis.thirdparty.io.netty.handler.codec.http2.Http2ConnectionHandler$FrameDecoder.decode(Http2ConnectionHandler.java:390)
	at org.apache.ratis.thirdparty.io.netty.handler.codec.http2.Http2ConnectionHandler.decode(Http2ConnectionHandler.java:450)
	at org.apache.ratis.thirdparty.io.netty.handler.codec.ByteToMessageDecoder.decodeRemovalReentryProtection(ByteToMessageDecoder.java:502)
	at org.apache.ratis.thirdparty.io.netty.handler.codec.ByteToMessageDecoder.callDecode(ByteToMessageDecoder.java:441)
	at org.apache.ratis.thirdparty.io.netty.handler.codec.ByteToMessageDecoder.channelRead(ByteToMessageDecoder.java:278)
	at org.apache.ratis.thirdparty.io.netty.channel.AbstractChannelHandlerContext.invokeChannelRead(AbstractChannelHandlerContext.java:362)
	at org.apache.ratis.thirdparty.io.netty.channel.AbstractChannelHandlerContext.invokeChannelRead(AbstractChannelHandlerContext.java:348)
	at org.apache.ratis.thirdparty.io.netty.channel.AbstractChannelHandlerContext.fireChannelRead(AbstractChannelHandlerContext.java:340)
	at org.apache.ratis.thirdparty.io.netty.channel.DefaultChannelPipeline$HeadContext.channelRead(DefaultChannelPipeline.java:1434)
	at org.apache.ratis.thirdparty.io.netty.channel.AbstractChannelHandlerContext.invokeChannelRead(AbstractChannelHandlerContext.java:362)
	at org.apache.ratis.thirdparty.io.netty.channel.AbstractChannelHandlerContext.invokeChannelRead(AbstractChannelHandlerContext.java:348)
	at org.apache.ratis.thirdparty.io.netty.channel.DefaultChannelPipeline.fireChannelRead(DefaultChannelPipeline.java:965)
	at org.apache.ratis.thirdparty.io.netty.channel.nio.AbstractNioByteChannel$NioByteUnsafe.read(AbstractNioByteChannel.java:163)
	at org.apache.ratis.thirdparty.io.netty.channel.nio.NioEventLoop.processSelectedKey(NioEventLoop.java:644)
	at org.apache.ratis.thirdparty.io.netty.channel.nio.NioEventLoop.processSelectedKeysOptimized(NioEventLoop.java:579)
	at org.apache.ratis.thirdparty.io.netty.channel.nio.NioEventLoop.processSelectedKeys(NioEventLoop.java:496)
	at org.apache.ratis.thirdparty.io.netty.channel.nio.NioEventLoop.run(NioEventLoop.java:458)
	at org.apache.ratis.thirdparty.io.netty.util.concurrent.SingleThreadEventExecutor$5.run(SingleThreadEventExecutor.java:897)
	at org.apache.ratis.thirdparty.io.netty.util.concurrent.FastThreadLocalRunnable.run(FastThreadLocalRunnable.java:30)
	at java.lang.Thread.run(Thread.java:748)

Oct 02, 2019 5:50:42 AM org.apache.ratis.thirdparty.io.grpc.netty.NettyServerHandler onStreamError
WARNING: Stream Error
org.apache.ratis.thirdparty.io.netty.handler.codec.http2.Http2Exception$StreamException: Received DATA frame for an unknown stream 3
	at org.apache.ratis.thirdparty.io.netty.handler.codec.http2.Http2Exception.streamError(Http2Exception.java:129)
	at org.apache.ratis.thirdparty.io.netty.handler.codec.http2.DefaultHttp2ConnectionDecoder$FrameReadListener.shouldIgnoreHeadersOrDataFrame(DefaultHttp2ConnectionDecoder.java:531)
	at org.apache.ratis.thirdparty.io.netty.handler.codec.http2.DefaultHttp2ConnectionDecoder$FrameReadListener.onDataRead(DefaultHttp2ConnectionDecoder.java:183)
	at org.apache.ratis.thirdparty.io.netty.handler.codec.http2.Http2InboundFrameLogger$1.onDataRead(Http2InboundFrameLogger.java:48)
	at org.apache.ratis.thirdparty.io.netty.handler.codec.http2.DefaultHttp2FrameReader.readDataFrame(DefaultHttp2FrameReader.java:421)
	at org.apache.ratis.thirdparty.io.netty.handler.codec.http2.DefaultHttp2FrameReader.processPayloadState(DefaultHttp2FrameReader.java:251)
	at org.apache.ratis.thirdparty.io.netty.handler.codec.http2.DefaultHttp2FrameReader.readFrame(DefaultHttp2FrameReader.java:160)
	at org.apache.ratis.thirdparty.io.netty.handler.codec.http2.Http2InboundFrameLogger.readFrame(Http2InboundFrameLogger.java:41)
	at org.apache.ratis.thirdparty.io.netty.handler.codec.http2.DefaultHttp2ConnectionDecoder.decodeFrame(DefaultHttp2ConnectionDecoder.java:118)
	at org.apache.ratis.thirdparty.io.netty.handler.codec.http2.Http2ConnectionHandler$FrameDecoder.decode(Http2ConnectionHandler.java:390)
	at org.apache.ratis.thirdparty.io.netty.handler.codec.http2.Http2ConnectionHandler.decode(Http2ConnectionHandler.java:450)
	at org.apache.ratis.thirdparty.io.netty.handler.codec.ByteToMessageDecoder.decodeRemovalReentryProtection(ByteToMessageDecoder.java:502)
	at org.apache.ratis.thirdparty.io.netty.handler.codec.ByteToMessageDecoder.callDecode(ByteToMessageDecoder.java:441)
	at org.apache.ratis.thirdparty.io.netty.handler.codec.ByteToMessageDecoder.channelRead(ByteToMessageDecoder.java:278)
	at org.apache.ratis.thirdparty.io.netty.channel.AbstractChannelHandlerContext.invokeChannelRead(AbstractChannelHandlerContext.java:362)
	at org.apache.ratis.thirdparty.io.netty.channel.AbstractChannelHandlerContext.invokeChannelRead(AbstractChannelHandlerContext.java:348)
	at org.apache.ratis.thirdparty.io.netty.channel.AbstractChannelHandlerContext.fireChannelRead(AbstractChannelHandlerContext.java:340)
	at org.apache.ratis.thirdparty.io.netty.channel.DefaultChannelPipeline$HeadContext.channelRead(DefaultChannelPipeline.java:1434)
	at org.apache.ratis.thirdparty.io.netty.channel.AbstractChannelHandlerContext.invokeChannelRead(AbstractChannelHandlerContext.java:362)
	at org.apache.ratis.thirdparty.io.netty.channel.AbstractChannelHandlerContext.invokeChannelRead(AbstractChannelHandlerContext.java:348)
	at org.apache.ratis.thirdparty.io.netty.channel.DefaultChannelPipeline.fireChannelRead(DefaultChannelPipeline.java:965)
	at org.apache.ratis.thirdparty.io.netty.channel.nio.AbstractNioByteChannel$NioByteUnsafe.read(AbstractNioByteChannel.java:163)
	at org.apache.ratis.thirdparty.io.netty.channel.nio.NioEventLoop.processSelectedKey(NioEventLoop.java:644)
	at org.apache.ratis.thirdparty.io.netty.channel.nio.NioEventLoop.processSelectedKeysOptimized(NioEventLoop.java:579)
	at org.apache.ratis.thirdparty.io.netty.channel.nio.NioEventLoop.processSelectedKeys(NioEventLoop.java:496)
	at org.apache.ratis.thirdparty.io.netty.channel.nio.NioEventLoop.run(NioEventLoop.java:458)
	at org.apache.ratis.thirdparty.io.netty.util.concurrent.SingleThreadEventExecutor$5.run(SingleThreadEventExecutor.java:897)
	at org.apache.ratis.thirdparty.io.netty.util.concurrent.FastThreadLocalRunnable.run(FastThreadLocalRunnable.java:30)
	at java.lang.Thread.run(Thread.java:748)

Oct 02, 2019 5:51:48 AM org.apache.ratis.thirdparty.io.grpc.internal.ManagedChannelOrphanWrapper$ManagedChannelReference cleanQueue
SEVERE: *~*~*~ Channel ManagedChannelImpl{logId=155, target=192.168.164.250:33498} was not terminated properly!!! ~*~*~*
    Make sure to call shutdown()/shutdownNow() and wait until awaitTermination() returns true.
java.lang.RuntimeException: ManagedChannel allocation site
	at org.apache.ratis.thirdparty.io.grpc.internal.ManagedChannelOrphanWrapper$ManagedChannelReference.<init>(ManagedChannelOrphanWrapper.java:103)
	at org.apache.ratis.thirdparty.io.grpc.internal.ManagedChannelOrphanWrapper.<init>(ManagedChannelOrphanWrapper.java:53)
	at org.apache.ratis.thirdparty.io.grpc.internal.ManagedChannelOrphanWrapper.<init>(ManagedChannelOrphanWrapper.java:44)
	at org.apache.ratis.thirdparty.io.grpc.internal.AbstractManagedChannelImplBuilder.build(AbstractManagedChannelImplBuilder.java:411)
	at org.apache.ratis.grpc.server.GrpcServerProtocolClient.<init>(GrpcServerProtocolClient.java:79)
	at org.apache.ratis.grpc.server.GrpcService.lambda$null$0(GrpcService.java:102)
	at org.apache.ratis.util.PeerProxyMap$PeerAndProxy.lambda$getProxy$0(PeerProxyMap.java:61)
	at org.apache.ratis.util.LifeCycle.startAndTransition(LifeCycle.java:202)
	at org.apache.ratis.util.PeerProxyMap$PeerAndProxy.getProxy(PeerProxyMap.java:60)
	at org.apache.ratis.util.PeerProxyMap.getProxy(PeerProxyMap.java:108)
	at org.apache.ratis.grpc.server.GrpcService.requestVote(GrpcService.java:204)
	at org.apache.ratis.server.impl.LeaderElection.lambda$submitRequests$1(LeaderElection.java:234)
	at java.util.concurrent.FutureTask.run(FutureTask.java:266)
	at java.util.concurrent.Executors$RunnableAdapter.call(Executors.java:511)
	at java.util.concurrent.FutureTask.run(FutureTask.java:266)
	at java.util.concurrent.ThreadPoolExecutor.runWorker(ThreadPoolExecutor.java:1149)
	at java.util.concurrent.ThreadPoolExecutor$Worker.run(ThreadPoolExecutor.java:624)
	at java.lang.Thread.run(Thread.java:748)

Oct 02, 2019 5:51:48 AM org.apache.ratis.thirdparty.io.grpc.internal.ManagedChannelOrphanWrapper$ManagedChannelReference cleanQueue
SEVERE: *~*~*~ Channel ManagedChannelImpl{logId=159, target=192.168.164.250:43588} was not terminated properly!!! ~*~*~*
    Make sure to call shutdown()/shutdownNow() and wait until awaitTermination() returns true.
java.lang.RuntimeException: ManagedChannel allocation site
	at org.apache.ratis.thirdparty.io.grpc.internal.ManagedChannelOrphanWrapper$ManagedChannelReference.<init>(ManagedChannelOrphanWrapper.java:103)
	at org.apache.ratis.thirdparty.io.grpc.internal.ManagedChannelOrphanWrapper.<init>(ManagedChannelOrphanWrapper.java:53)
	at org.apache.ratis.thirdparty.io.grpc.internal.ManagedChannelOrphanWrapper.<init>(ManagedChannelOrphanWrapper.java:44)
	at org.apache.ratis.thirdparty.io.grpc.internal.AbstractManagedChannelImplBuilder.build(AbstractManagedChannelImplBuilder.java:411)
	at org.apache.ratis.grpc.server.GrpcServerProtocolClient.<init>(GrpcServerProtocolClient.java:79)
	at org.apache.ratis.grpc.server.GrpcService.lambda$null$0(GrpcService.java:102)
	at org.apache.ratis.util.PeerProxyMap$PeerAndProxy.lambda$getProxy$0(PeerProxyMap.java:61)
	at org.apache.ratis.util.LifeCycle.startAndTransition(LifeCycle.java:202)
	at org.apache.ratis.util.PeerProxyMap$PeerAndProxy.getProxy(PeerProxyMap.java:60)
	at org.apache.ratis.util.PeerProxyMap.getProxy(PeerProxyMap.java:108)
	at org.apache.ratis.grpc.server.GrpcService.requestVote(GrpcService.java:204)
	at org.apache.ratis.server.impl.LeaderElection.lambda$submitRequests$1(LeaderElection.java:234)
	at java.util.concurrent.FutureTask.run(FutureTask.java:266)
	at java.util.concurrent.Executors$RunnableAdapter.call(Executors.java:511)
	at java.util.concurrent.FutureTask.run(FutureTask.java:266)
	at java.util.concurrent.ThreadPoolExecutor.runWorker(ThreadPoolExecutor.java:1149)
	at java.util.concurrent.ThreadPoolExecutor$Worker.run(ThreadPoolExecutor.java:624)
	at java.lang.Thread.run(Thread.java:748)

]]></system-err>
  </testcase>
  <testcase name="testMaxRetriesByOzoneClient" classname="org.apache.hadoop.ozone.client.rpc.TestOzoneClientRetriesOnException" time="33.596">
    <error message="Failed to command cmdType: CreateContainer&#10;containerID: 1&#10;datanodeUuid: &quot;70ac7ae1-c153-4f9a-984d-28504dfc99f5&quot;&#10;createContainer {&#10;}&#10;" type="java.io.IOException"><![CDATA[java.io.IOException: 
Failed to command cmdType: CreateContainer
containerID: 1
datanodeUuid: "70ac7ae1-c153-4f9a-984d-28504dfc99f5"
createContainer {
}

	at org.apache.hadoop.hdds.scm.XceiverClientSpi.sendCommand(XceiverClientSpi.java:113)
	at org.apache.hadoop.ozone.client.rpc.TestOzoneClientRetriesOnException.testMaxRetriesByOzoneClient(TestOzoneClientRetriesOnException.java:190)
	at sun.reflect.NativeMethodAccessorImpl.invoke0(Native Method)
	at sun.reflect.NativeMethodAccessorImpl.invoke(NativeMethodAccessorImpl.java:62)
	at sun.reflect.DelegatingMethodAccessorImpl.invoke(DelegatingMethodAccessorImpl.java:43)
	at java.lang.reflect.Method.invoke(Method.java:498)
	at org.junit.runners.model.FrameworkMethod$1.runReflectiveCall(FrameworkMethod.java:47)
	at org.junit.internal.runners.model.ReflectiveCallable.run(ReflectiveCallable.java:12)
	at org.junit.runners.model.FrameworkMethod.invokeExplosively(FrameworkMethod.java:44)
	at org.junit.internal.runners.statements.InvokeMethod.evaluate(InvokeMethod.java:17)
	at org.junit.internal.runners.statements.RunBefores.evaluate(RunBefores.java:26)
	at org.junit.internal.runners.statements.RunAfters.evaluate(RunAfters.java:27)
	at org.junit.runners.ParentRunner.runLeaf(ParentRunner.java:271)
	at org.junit.runners.BlockJUnit4ClassRunner.runChild(BlockJUnit4ClassRunner.java:70)
	at org.junit.runners.BlockJUnit4ClassRunner.runChild(BlockJUnit4ClassRunner.java:50)
	at org.junit.runners.ParentRunner$3.run(ParentRunner.java:238)
	at org.junit.runners.ParentRunner$1.schedule(ParentRunner.java:63)
	at org.junit.runners.ParentRunner.runChildren(ParentRunner.java:236)
	at org.junit.runners.ParentRunner.access$000(ParentRunner.java:53)
	at org.junit.runners.ParentRunner$2.evaluate(ParentRunner.java:229)
	at org.junit.runners.ParentRunner.run(ParentRunner.java:309)
	at org.apache.maven.surefire.junit4.JUnit4Provider.execute(JUnit4Provider.java:365)
	at org.apache.maven.surefire.junit4.JUnit4Provider.executeWithRerun(JUnit4Provider.java:273)
	at org.apache.maven.surefire.junit4.JUnit4Provider.executeTestSet(JUnit4Provider.java:238)
	at org.apache.maven.surefire.junit4.JUnit4Provider.invoke(JUnit4Provider.java:159)
	at org.apache.maven.surefire.booter.ForkedBooter.invokeProviderInSameClassLoader(ForkedBooter.java:384)
	at org.apache.maven.surefire.booter.ForkedBooter.runSuitesInProcess(ForkedBooter.java:345)
	at org.apache.maven.surefire.booter.ForkedBooter.execute(ForkedBooter.java:126)
	at org.apache.maven.surefire.booter.ForkedBooter.main(ForkedBooter.java:418)
Caused by: java.util.concurrent.ExecutionException: org.apache.ratis.protocol.StateMachineException: org.apache.ratis.thirdparty.com.google.protobuf.InvalidProtocolBufferException from Server 70ac7ae1-c153-4f9a-984d-28504dfc99f5@group-C2095988D771: Protocol message contained an invalid tag (zero).
	at java.util.concurrent.CompletableFuture.reportGet(CompletableFuture.java:357)
	at java.util.concurrent.CompletableFuture.get(CompletableFuture.java:1895)
	at org.apache.hadoop.hdds.scm.XceiverClientSpi.sendCommand(XceiverClientSpi.java:110)
	... 28 more
Caused by: org.apache.ratis.protocol.StateMachineException: org.apache.ratis.thirdparty.com.google.protobuf.InvalidProtocolBufferException from Server 70ac7ae1-c153-4f9a-984d-28504dfc99f5@group-C2095988D771: Protocol message contained an invalid tag (zero).
	at org.apache.ratis.thirdparty.com.google.protobuf.InvalidProtocolBufferException.invalidTag(InvalidProtocolBufferException.java:105)
	at org.apache.ratis.thirdparty.com.google.protobuf.CodedInputStream$ArrayDecoder.readTag(CodedInputStream.java:646)
	at org.apache.hadoop.hdds.protocol.datanode.proto.ContainerProtos$ContainerCommandRequestProto.<init>(ContainerProtos.java:2692)
	at org.apache.hadoop.hdds.protocol.datanode.proto.ContainerProtos$ContainerCommandRequestProto.<init>(ContainerProtos.java:2655)
	at org.apache.hadoop.hdds.protocol.datanode.proto.ContainerProtos$ContainerCommandRequestProto$1.parsePartialFrom(ContainerProtos.java:7272)
	at org.apache.hadoop.hdds.protocol.datanode.proto.ContainerProtos$ContainerCommandRequestProto$1.parsePartialFrom(ContainerProtos.java:7267)
	at org.apache.ratis.thirdparty.com.google.protobuf.AbstractParser.parsePartialFrom(AbstractParser.java:105)
	at org.apache.ratis.thirdparty.com.google.protobuf.AbstractParser.parseFrom(AbstractParser.java:125)
	at org.apache.ratis.thirdparty.com.google.protobuf.AbstractParser.parseFrom(AbstractParser.java:130)
	at org.apache.ratis.thirdparty.com.google.protobuf.AbstractParser.parseFrom(AbstractParser.java:49)
	at org.apache.hadoop.hdds.protocol.datanode.proto.ContainerProtos$ContainerCommandRequestProto.parseFrom(ContainerProtos.java:4110)
	at org.apache.hadoop.ozone.container.common.transport.server.ratis.ContainerStateMachine.getContainerCommandRequestProto(ContainerStateMachine.java:379)
	at org.apache.hadoop.ozone.container.common.transport.server.ratis.ContainerStateMachine.applyTransaction(ContainerStateMachine.java:704)
	at org.apache.ratis.server.impl.RaftServerImpl.applyLogToStateMachine(RaftServerImpl.java:1274)
	at org.apache.ratis.server.impl.StateMachineUpdater.applyLog(StateMachineUpdater.java:224)
	at org.apache.ratis.server.impl.StateMachineUpdater.run(StateMachineUpdater.java:165)
	at java.lang.Thread.run(Thread.java:748)
Caused by: org.apache.ratis.thirdparty.com.google.protobuf.InvalidProtocolBufferException: Protocol message contained an invalid tag (zero).
	at sun.reflect.NativeConstructorAccessorImpl.newInstance0(Native Method)
	at sun.reflect.NativeConstructorAccessorImpl.newInstance(NativeConstructorAccessorImpl.java:62)
	at sun.reflect.DelegatingConstructorAccessorImpl.newInstance(DelegatingConstructorAccessorImpl.java:45)
	at java.lang.reflect.Constructor.newInstance(Constructor.java:423)
	at org.apache.ratis.util.ReflectionUtils.instantiateException(ReflectionUtils.java:222)
	at org.apache.ratis.client.impl.ClientProtoUtils.wrapStateMachineException(ClientProtoUtils.java:296)
	at org.apache.ratis.client.impl.ClientProtoUtils.toRaftClientReply(ClientProtoUtils.java:249)
	at org.apache.ratis.grpc.client.GrpcClientProtocolClient$AsyncStreamObservers$1.onNext(GrpcClientProtocolClient.java:269)
	at org.apache.ratis.grpc.client.GrpcClientProtocolClient$AsyncStreamObservers$1.onNext(GrpcClientProtocolClient.java:264)
	at org.apache.ratis.thirdparty.io.grpc.stub.ClientCalls$StreamObserverToCallListenerAdapter.onMessage(ClientCalls.java:421)
	at org.apache.ratis.thirdparty.io.grpc.ForwardingClientCallListener.onMessage(ForwardingClientCallListener.java:33)
	at org.apache.ratis.thirdparty.io.grpc.ForwardingClientCallListener.onMessage(ForwardingClientCallListener.java:33)
	at org.apache.ratis.thirdparty.io.grpc.internal.ClientCallImpl$ClientStreamListenerImpl$1MessagesAvailable.runInContext(ClientCallImpl.java:519)
	at org.apache.ratis.thirdparty.io.grpc.internal.ContextRunnable.run(ContextRunnable.java:37)
	at org.apache.ratis.thirdparty.io.grpc.internal.SerializingExecutor.run(SerializingExecutor.java:123)
	at java.util.concurrent.ThreadPoolExecutor.runWorker(ThreadPoolExecutor.java:1149)
	at java.util.concurrent.ThreadPoolExecutor$Worker.run(ThreadPoolExecutor.java:624)
	... 1 more
]]></error>
    <system-out><![CDATA[2019-10-02 05:53:18,992 [main] WARN  server.ServerUtils (ServerUtils.java:getScmDbDir(145)) - ozone.scm.db.dirs is not configured. We recommend adding this setting. Falling back to ozone.metadata.dirs instead.
2019-10-02 05:53:19,027 [main] WARN  server.ServerUtils (ServerUtils.java:getScmDbDir(145)) - ozone.scm.db.dirs is not configured. We recommend adding this setting. Falling back to ozone.metadata.dirs instead.
2019-10-02 05:53:19,028 [main] WARN  server.ServerUtils (ServerUtils.java:getScmDbDir(145)) - ozone.scm.db.dirs is not configured. We recommend adding this setting. Falling back to ozone.metadata.dirs instead.
2019-10-02 05:53:19,028 [main] INFO  db.DBStoreBuilder (DBStoreBuilder.java:addTable(110)) - using custom profile for table: deletedBlocks
2019-10-02 05:53:19,028 [main] INFO  db.DBStoreBuilder (DBStoreBuilder.java:processTables(161)) - Using default column profile:DBProfile.DISK for Table:deletedBlocks
2019-10-02 05:53:19,029 [main] INFO  db.DBStoreBuilder (DBStoreBuilder.java:addTable(110)) - using custom profile for table: validCerts
2019-10-02 05:53:19,029 [main] INFO  db.DBStoreBuilder (DBStoreBuilder.java:processTables(161)) - Using default column profile:DBProfile.DISK for Table:validCerts
2019-10-02 05:53:19,029 [main] INFO  db.DBStoreBuilder (DBStoreBuilder.java:addTable(110)) - using custom profile for table: revokedCerts
2019-10-02 05:53:19,029 [main] INFO  db.DBStoreBuilder (DBStoreBuilder.java:processTables(161)) - Using default column profile:DBProfile.DISK for Table:revokedCerts
2019-10-02 05:53:19,030 [main] INFO  db.DBStoreBuilder (DBStoreBuilder.java:addTable(110)) - using custom profile for table: default
2019-10-02 05:53:19,030 [main] INFO  db.DBStoreBuilder (DBStoreBuilder.java:processTables(167)) - Using default column profile:DBProfile.DISK for Table:default
2019-10-02 05:53:19,030 [main] INFO  db.DBStoreBuilder (DBStoreBuilder.java:getDbProfile(198)) - Using default options. DBProfile.DISK
2019-10-02 05:53:19,186 [main] INFO  net.NodeSchemaLoader (NodeSchemaLoader.java:loadSchemaFromFile(125)) - Loading file from sun.misc.CompoundEnumeration@6cd98a05
2019-10-02 05:53:19,187 [main] INFO  net.NodeSchemaLoader (NodeSchemaLoader.java:loadSchema(171)) - Loading network topology layer schema file
2019-10-02 05:53:19,191 [main] WARN  server.ServerUtils (ServerUtils.java:sanitizeUserArgs(70)) - ozone.scm.stale.node.interval value = 300000 is larger than max = 100000 based on the key value of ozone.scm.heartbeat.thread.interval, reset to the max value 100000.
2019-10-02 05:53:19,191 [main] WARN  server.ServerUtils (ServerUtils.java:sanitizeUserArgs(70)) - ozone.scm.stale.node.interval value = 300000 is larger than max = 100000 based on the key value of ozone.scm.heartbeat.thread.interval, reset to the max value 100000.
2019-10-02 05:53:19,192 [main] INFO  node.SCMNodeManager (SCMNodeManager.java:<init>(114)) - Entering startup safe mode.
2019-10-02 05:53:19,192 [main] INFO  algorithms.ContainerPlacementPolicyFactory (ContainerPlacementPolicyFactory.java:getPolicy(57)) - Create container placement policy of type org.apache.hadoop.hdds.scm.container.placement.algorithms.SCMContainerPlacementRandom
2019-10-02 05:53:19,193 [main] WARN  server.ServerUtils (ServerUtils.java:getScmDbDir(145)) - ozone.scm.db.dirs is not configured. We recommend adding this setting. Falling back to ozone.metadata.dirs instead.
2019-10-02 05:53:19,240 [main] INFO  pipeline.SCMPipelineManager (SCMPipelineManager.java:initializePipelineState(132)) - No pipeline exists in current db
2019-10-02 05:53:19,241 [main] WARN  server.ServerUtils (ServerUtils.java:getScmDbDir(145)) - ozone.scm.db.dirs is not configured. We recommend adding this setting. Falling back to ozone.metadata.dirs instead.
2019-10-02 05:53:19,293 [main] WARN  events.EventQueue (EventQueue.java:fireEvent(183)) - No event handler registered for event TypedEvent{payloadType=SafeModeStatus, name='SafeModeStatus'}
2019-10-02 05:53:19,294 [main] INFO  ipc.CallQueueManager (CallQueueManager.java:<init>(84)) - Using callQueue: class java.util.concurrent.LinkedBlockingQueue, queueCapacity: 2000, scheduler: class org.apache.hadoop.ipc.DefaultRpcScheduler, ipcBackoff: false.
2019-10-02 05:53:19,295 [Socket Reader #1 for port 45705] INFO  ipc.Server (Server.java:run(1074)) - Starting Socket Reader #1 for port 45705
2019-10-02 05:53:19,297 [main] INFO  ipc.CallQueueManager (CallQueueManager.java:<init>(84)) - Using callQueue: class java.util.concurrent.LinkedBlockingQueue, queueCapacity: 2000, scheduler: class org.apache.hadoop.ipc.DefaultRpcScheduler, ipcBackoff: false.
2019-10-02 05:53:19,298 [Socket Reader #1 for port 38458] INFO  ipc.Server (Server.java:run(1074)) - Starting Socket Reader #1 for port 38458
2019-10-02 05:53:19,299 [main] INFO  ipc.CallQueueManager (CallQueueManager.java:<init>(84)) - Using callQueue: class java.util.concurrent.LinkedBlockingQueue, queueCapacity: 2000, scheduler: class org.apache.hadoop.ipc.DefaultRpcScheduler, ipcBackoff: false.
2019-10-02 05:53:19,300 [Socket Reader #1 for port 42627] INFO  ipc.Server (Server.java:run(1074)) - Starting Socket Reader #1 for port 42627
2019-10-02 05:53:19,302 [main] INFO  hdfs.DFSUtil (DFSUtil.java:httpServerTemplateForNNAndJN(1641)) - Starting Web-server for scm at: http://0.0.0.0:0
2019-10-02 05:53:19,304 [main] INFO  server.AuthenticationFilter (AuthenticationFilter.java:constructSecretProvider(240)) - Unable to initialize FileSignerSecretProvider, falling back to use random secrets.
2019-10-02 05:53:19,304 [main] WARN  http.HttpRequestLog (HttpRequestLog.java:getRequestLog(97)) - Jetty request log can only be enabled using Log4j
2019-10-02 05:53:19,306 [main] INFO  http.HttpServer2 (HttpServer2.java:addGlobalFilter(975)) - Added global filter 'safety' (class=org.apache.hadoop.http.HttpServer2$QuotingInputFilter)
2019-10-02 05:53:19,307 [main] INFO  http.HttpServer2 (HttpServer2.java:addFilter(948)) - Added filter static_user_filter (class=org.apache.hadoop.http.lib.StaticUserWebFilter$StaticUserFilter) to context scm
2019-10-02 05:53:19,307 [main] INFO  http.HttpServer2 (HttpServer2.java:addFilter(958)) - Added filter static_user_filter (class=org.apache.hadoop.http.lib.StaticUserWebFilter$StaticUserFilter) to context logs
2019-10-02 05:53:19,307 [main] INFO  http.HttpServer2 (HttpServer2.java:addFilter(958)) - Added filter static_user_filter (class=org.apache.hadoop.http.lib.StaticUserWebFilter$StaticUserFilter) to context static
2019-10-02 05:53:19,309 [main] INFO  server.StorageContainerManager (StorageContainerManager.java:start(770)) - StorageContainerLocationProtocol RPC server is listening at /0.0.0.0:42627
2019-10-02 05:53:19,311 [main] WARN  impl.MetricsConfig (MetricsConfig.java:loadFirst(134)) - Cannot locate configuration: tried hadoop-metrics2-storagecontainermanager.properties,hadoop-metrics2.properties
2019-10-02 05:53:19,312 [main] INFO  impl.MetricsSystemImpl (MetricsSystemImpl.java:startTimer(374)) - Scheduled Metric snapshot period at 10 second(s).
2019-10-02 05:53:19,312 [main] INFO  impl.MetricsSystemImpl (MetricsSystemImpl.java:start(191)) - StorageContainerManager metrics system started
2019-10-02 05:53:19,588 [main] WARN  impl.MetricsSystemImpl (MetricsSystemImpl.java:register(276)) - Sink prometheus already exists!
2019-10-02 05:53:19,593 [main] INFO  server.SCMClientProtocolServer (SCMClientProtocolServer.java:start(150)) - RPC server for Client  is listening at /0.0.0.0:42627
2019-10-02 05:53:19,593 [IPC Server Responder] INFO  ipc.Server (Server.java:run(1314)) - IPC Server Responder: starting
2019-10-02 05:53:19,593 [IPC Server listener on 42627] INFO  ipc.Server (Server.java:run(1153)) - IPC Server listener on 42627: starting
2019-10-02 05:53:19,598 [main] INFO  server.StorageContainerManager (StorageContainerManager.java:start(780)) - ScmBlockLocationProtocol RPC server is listening at /0.0.0.0:38458
2019-10-02 05:53:19,599 [main] INFO  server.SCMBlockProtocolServer (SCMBlockProtocolServer.java:start(146)) - RPC server for Block Protocol is listening at /0.0.0.0:38458
2019-10-02 05:53:19,599 [IPC Server Responder] INFO  ipc.Server (Server.java:run(1314)) - IPC Server Responder: starting
2019-10-02 05:53:19,599 [IPC Server listener on 38458] INFO  ipc.Server (Server.java:run(1153)) - IPC Server listener on 38458: starting
2019-10-02 05:53:19,603 [main] INFO  server.StorageContainerManager (StorageContainerManager.java:start(784)) - ScmDatanodeProtocl RPC server is listening at /0.0.0.0:45705
2019-10-02 05:53:19,603 [main] INFO  server.SCMDatanodeProtocolServer (SCMDatanodeProtocolServer.java:start(191)) - RPC server for DataNodes is listening at /0.0.0.0:45705
2019-10-02 05:53:19,603 [IPC Server Responder] INFO  ipc.Server (Server.java:run(1314)) - IPC Server Responder: starting
2019-10-02 05:53:19,604 [IPC Server listener on 45705] INFO  ipc.Server (Server.java:run(1153)) - IPC Server listener on 45705: starting
2019-10-02 05:53:19,607 [main] INFO  http.HttpServer2 (HttpServer2.java:bindListener(1191)) - Jetty bound to port 34265
2019-10-02 05:53:19,608 [main] INFO  server.Server (Server.java:doStart(351)) - jetty-9.3.25.v20180904, build timestamp: 2018-09-04T21:11:46Z, git hash: 3ce520221d0240229c862b122d2b06c12a625732
2019-10-02 05:53:19,610 [main] INFO  handler.ContextHandler (ContextHandler.java:doStart(781)) - Started o.e.j.s.ServletContextHandler@34a2d6e0{/logs,file:///workdir/hadoop-ozone/integration-test/target/log,AVAILABLE}
2019-10-02 05:53:19,610 [main] INFO  handler.ContextHandler (ContextHandler.java:doStart(781)) - Started o.e.j.s.ServletContextHandler@3458eca5{/static,file:///workdir/hadoop-ozone/integration-test/target/test-classes/webapps/static,AVAILABLE}
2019-10-02 05:53:19,616 [main] INFO  handler.ContextHandler (ContextHandler.java:doStart(781)) - Started o.e.j.w.WebAppContext@43d3aba5{/,file:///workdir/hadoop-ozone/integration-test/target/test-classes/webapps/scm/,AVAILABLE}{/scm}
2019-10-02 05:53:19,616 [main] INFO  server.AbstractConnector (AbstractConnector.java:doStart(278)) - Started ServerConnector@6bfaa0a6{HTTP/1.1,[http/1.1]}{0.0.0.0:34265}
2019-10-02 05:53:19,617 [main] INFO  server.Server (Server.java:doStart(419)) - Started @317695ms
2019-10-02 05:53:19,618 [main] WARN  impl.MetricsSystemImpl (MetricsSystemImpl.java:register(276)) - Sink prometheus already exists!
2019-10-02 05:53:19,618 [main] INFO  server.BaseHttpServer (BaseHttpServer.java:updateConnectorAddress(215)) - HTTP server of SCM is listening at http://0.0.0.0:34265
2019-10-02 05:53:19,620 [main] WARN  server.ServerUtils (ServerUtils.java:getDBPath(222)) - ozone.om.db.dirs is not configured. We recommend adding this setting. Falling back to ozone.metadata.dirs instead.
2019-10-02 05:53:19,620 [org.apache.hadoop.util.JvmPauseMonitor$Monitor@314b9e4b] INFO  util.JvmPauseMonitor (JvmPauseMonitor.java:run(188)) - Starting JVM pause monitor
2019-10-02 05:53:19,634 [main] WARN  server.ServerUtils (ServerUtils.java:getDBPath(222)) - ozone.om.db.dirs is not configured. We recommend adding this setting. Falling back to ozone.metadata.dirs instead.
2019-10-02 05:53:19,635 [main] WARN  server.ServerUtils (ServerUtils.java:getDBPath(222)) - ozone.om.db.dirs is not configured. We recommend adding this setting. Falling back to ozone.metadata.dirs instead.
2019-10-02 05:53:19,635 [main] INFO  om.OzoneManager (OzoneManager.java:setOMNodeDetails(652)) - OM Service ID is not set. Setting it to the default ID: omServiceIdDefault
2019-10-02 05:53:19,635 [main] INFO  om.OzoneManager (OzoneManager.java:setOMNodeDetails(658)) - OM Node ID is not set. Setting it to the OmStorage's OmID: 71e8dc29-337e-4531-8889-219eca1e02fd
2019-10-02 05:53:19,636 [main] INFO  om.OzoneManager (OzoneManager.java:loadOMHAConfigs(609)) - Found matching OM address with OMServiceId: null, OMNodeId: null, RPC Address: localhost:0 and Ratis port: 9872
2019-10-02 05:53:19,643 [main] WARN  server.ServerUtils (ServerUtils.java:getDBPath(222)) - ozone.om.db.dirs is not configured. We recommend adding this setting. Falling back to ozone.metadata.dirs instead.
2019-10-02 05:53:19,644 [main] INFO  db.DBStoreBuilder (DBStoreBuilder.java:addTable(110)) - using custom profile for table: userTable
2019-10-02 05:53:19,644 [main] INFO  db.DBStoreBuilder (DBStoreBuilder.java:processTables(161)) - Using default column profile:DBProfile.DISK for Table:userTable
2019-10-02 05:53:19,644 [main] INFO  db.DBStoreBuilder (DBStoreBuilder.java:addTable(110)) - using custom profile for table: volumeTable
2019-10-02 05:53:19,644 [main] INFO  db.DBStoreBuilder (DBStoreBuilder.java:processTables(161)) - Using default column profile:DBProfile.DISK for Table:volumeTable
2019-10-02 05:53:19,645 [main] INFO  db.DBStoreBuilder (DBStoreBuilder.java:addTable(110)) - using custom profile for table: bucketTable
2019-10-02 05:53:19,645 [main] INFO  db.DBStoreBuilder (DBStoreBuilder.java:processTables(161)) - Using default column profile:DBProfile.DISK for Table:bucketTable
2019-10-02 05:53:19,645 [main] INFO  db.DBStoreBuilder (DBStoreBuilder.java:addTable(110)) - using custom profile for table: keyTable
2019-10-02 05:53:19,645 [main] INFO  db.DBStoreBuilder (DBStoreBuilder.java:processTables(161)) - Using default column profile:DBProfile.DISK for Table:keyTable
2019-10-02 05:53:19,646 [main] INFO  db.DBStoreBuilder (DBStoreBuilder.java:addTable(110)) - using custom profile for table: deletedTable
2019-10-02 05:53:19,646 [main] INFO  db.DBStoreBuilder (DBStoreBuilder.java:processTables(161)) - Using default column profile:DBProfile.DISK for Table:deletedTable
2019-10-02 05:53:19,646 [main] INFO  db.DBStoreBuilder (DBStoreBuilder.java:addTable(110)) - using custom profile for table: openKeyTable
2019-10-02 05:53:19,646 [main] INFO  db.DBStoreBuilder (DBStoreBuilder.java:processTables(161)) - Using default column profile:DBProfile.DISK for Table:openKeyTable
2019-10-02 05:53:19,647 [main] INFO  db.DBStoreBuilder (DBStoreBuilder.java:addTable(110)) - using custom profile for table: s3Table
2019-10-02 05:53:19,647 [main] INFO  db.DBStoreBuilder (DBStoreBuilder.java:processTables(161)) - Using default column profile:DBProfile.DISK for Table:s3Table
2019-10-02 05:53:19,647 [main] INFO  db.DBStoreBuilder (DBStoreBuilder.java:addTable(110)) - using custom profile for table: multipartInfoTable
2019-10-02 05:53:19,647 [main] INFO  db.DBStoreBuilder (DBStoreBuilder.java:processTables(161)) - Using default column profile:DBProfile.DISK for Table:multipartInfoTable
2019-10-02 05:53:19,648 [main] INFO  db.DBStoreBuilder (DBStoreBuilder.java:addTable(110)) - using custom profile for table: dTokenTable
2019-10-02 05:53:19,648 [main] INFO  db.DBStoreBuilder (DBStoreBuilder.java:processTables(161)) - Using default column profile:DBProfile.DISK for Table:dTokenTable
2019-10-02 05:53:19,648 [main] INFO  db.DBStoreBuilder (DBStoreBuilder.java:addTable(110)) - using custom profile for table: s3SecretTable
2019-10-02 05:53:19,648 [main] INFO  db.DBStoreBuilder (DBStoreBuilder.java:processTables(161)) - Using default column profile:DBProfile.DISK for Table:s3SecretTable
2019-10-02 05:53:19,649 [main] INFO  db.DBStoreBuilder (DBStoreBuilder.java:addTable(110)) - using custom profile for table: prefixTable
2019-10-02 05:53:19,649 [main] INFO  db.DBStoreBuilder (DBStoreBuilder.java:processTables(161)) - Using default column profile:DBProfile.DISK for Table:prefixTable
2019-10-02 05:53:19,649 [main] INFO  db.DBStoreBuilder (DBStoreBuilder.java:addTable(110)) - using custom profile for table: default
2019-10-02 05:53:19,649 [main] INFO  db.DBStoreBuilder (DBStoreBuilder.java:processTables(167)) - Using default column profile:DBProfile.DISK for Table:default
2019-10-02 05:53:19,650 [main] INFO  db.DBStoreBuilder (DBStoreBuilder.java:getDbProfile(198)) - Using default options. DBProfile.DISK
2019-10-02 05:53:20,179 [main] INFO  ipc.CallQueueManager (CallQueueManager.java:<init>(84)) - Using callQueue: class java.util.concurrent.LinkedBlockingQueue, queueCapacity: 2000, scheduler: class org.apache.hadoop.ipc.DefaultRpcScheduler, ipcBackoff: false.
2019-10-02 05:53:20,180 [Socket Reader #1 for port 34018] INFO  ipc.Server (Server.java:run(1074)) - Starting Socket Reader #1 for port 34018
2019-10-02 05:53:20,191 [main] INFO  om.OzoneManager (OzoneManager.java:start(1243)) - OzoneManager RPC server is listening at localhost/127.0.0.1:34018
2019-10-02 05:53:20,191 [main] INFO  impl.MetricsSystemImpl (MetricsSystemImpl.java:init(158)) - OzoneManager metrics system started (again)
2019-10-02 05:53:20,191 [IPC Server Responder] INFO  ipc.Server (Server.java:run(1314)) - IPC Server Responder: starting
2019-10-02 05:53:20,192 [IPC Server listener on 34018] INFO  ipc.Server (Server.java:run(1153)) - IPC Server listener on 34018: starting
2019-10-02 05:53:20,196 [main] INFO  hdfs.DFSUtil (DFSUtil.java:httpServerTemplateForNNAndJN(1641)) - Starting Web-server for ozoneManager at: http://0.0.0.0:0
2019-10-02 05:53:20,198 [main] INFO  server.AuthenticationFilter (AuthenticationFilter.java:constructSecretProvider(240)) - Unable to initialize FileSignerSecretProvider, falling back to use random secrets.
2019-10-02 05:53:20,198 [main] WARN  http.HttpRequestLog (HttpRequestLog.java:getRequestLog(97)) - Jetty request log can only be enabled using Log4j
2019-10-02 05:53:20,200 [main] INFO  http.HttpServer2 (HttpServer2.java:addGlobalFilter(975)) - Added global filter 'safety' (class=org.apache.hadoop.http.HttpServer2$QuotingInputFilter)
2019-10-02 05:53:20,200 [main] INFO  http.HttpServer2 (HttpServer2.java:addFilter(948)) - Added filter static_user_filter (class=org.apache.hadoop.http.lib.StaticUserWebFilter$StaticUserFilter) to context ozoneManager
2019-10-02 05:53:20,201 [main] INFO  http.HttpServer2 (HttpServer2.java:addFilter(958)) - Added filter static_user_filter (class=org.apache.hadoop.http.lib.StaticUserWebFilter$StaticUserFilter) to context logs
2019-10-02 05:53:20,201 [main] INFO  http.HttpServer2 (HttpServer2.java:addFilter(958)) - Added filter static_user_filter (class=org.apache.hadoop.http.lib.StaticUserWebFilter$StaticUserFilter) to context static
2019-10-02 05:53:20,202 [main] INFO  http.HttpServer2 (HttpServer2.java:bindListener(1191)) - Jetty bound to port 42871
2019-10-02 05:53:20,202 [main] INFO  server.Server (Server.java:doStart(351)) - jetty-9.3.25.v20180904, build timestamp: 2018-09-04T21:11:46Z, git hash: 3ce520221d0240229c862b122d2b06c12a625732
2019-10-02 05:53:20,204 [main] INFO  handler.ContextHandler (ContextHandler.java:doStart(781)) - Started o.e.j.s.ServletContextHandler@24a2e565{/logs,file:///workdir/hadoop-ozone/integration-test/target/log,AVAILABLE}
2019-10-02 05:53:20,204 [main] INFO  handler.ContextHandler (ContextHandler.java:doStart(781)) - Started o.e.j.s.ServletContextHandler@60c1663c{/static,file:///workdir/hadoop-ozone/integration-test/target/test-classes/webapps/static,AVAILABLE}
2019-10-02 05:53:20,208 [main] INFO  handler.ContextHandler (ContextHandler.java:doStart(781)) - Started o.e.j.w.WebAppContext@7ed3df3b{/,file:///workdir/hadoop-ozone/integration-test/target/test-classes/webapps/ozoneManager/,AVAILABLE}{/ozoneManager}
2019-10-02 05:53:20,210 [main] INFO  server.AbstractConnector (AbstractConnector.java:doStart(278)) - Started ServerConnector@465b38e6{HTTP/1.1,[http/1.1]}{0.0.0.0:42871}
2019-10-02 05:53:20,210 [main] INFO  server.Server (Server.java:doStart(419)) - Started @318288ms
2019-10-02 05:53:20,210 [main] WARN  impl.MetricsSystemImpl (MetricsSystemImpl.java:register(276)) - Sink prometheus already exists!
2019-10-02 05:53:20,211 [main] INFO  server.BaseHttpServer (BaseHttpServer.java:updateConnectorAddress(215)) - HTTP server of OZONEMANAGER is listening at http://0.0.0.0:42871
2019-10-02 05:53:20,228 [main] INFO  impl.MetricsSystemImpl (MetricsSystemImpl.java:init(158)) - HddsDatanode metrics system started (again)
2019-10-02 05:53:20,230 [main] INFO  ozone.HddsDatanodeService (HddsDatanodeService.java:start(184)) - HddsDatanodeService host:pr-trunk-p5fv4-2201032288 ip:192.168.164.250
2019-10-02 05:53:20,236 [main] INFO  volume.HddsVolume (HddsVolume.java:<init>(176)) - Creating Volume: /workdir/hadoop-ozone/integration-test/target/test-dir/MiniOzoneClusterImpl-215539d9-6da0-41b8-98ae-029774e0e657/datanode-0/data/containers/hdds of  storage type : DISK and capacity : 1482555576320
2019-10-02 05:53:20,236 [main] INFO  volume.VolumeSet (VolumeSet.java:initializeVolumeSet(170)) - Added Volume : /workdir/hadoop-ozone/integration-test/target/test-dir/MiniOzoneClusterImpl-215539d9-6da0-41b8-98ae-029774e0e657/datanode-0/data/containers/hdds to VolumeSet
2019-10-02 05:53:20,237 [main] INFO  volume.ThrottledAsyncChecker (ThrottledAsyncChecker.java:schedule(139)) - Scheduling a check for org.apache.hadoop.ozone.container.common.volume.HddsVolume@56dd6efa
2019-10-02 05:53:20,237 [main] INFO  volume.HddsVolumeChecker (HddsVolumeChecker.java:checkAllVolumes(202)) - Scheduled health check for volume org.apache.hadoop.ozone.container.common.volume.HddsVolume@56dd6efa
2019-10-02 05:53:20,252 [main] INFO  impl.RaftServerProxy (ConfUtils.java:logGet(43)) - raft.rpc.type = GRPC (default)
2019-10-02 05:53:20,252 [main] INFO  grpc.GrpcFactory (GrpcFactory.java:checkPooledByteBufAllocatorUseCacheForAllThreads(45)) - PERFORMANCE WARNING: useCacheForAllThreads is true that may cause Netty to create a lot garbage objects and, as a result, trigger GC.
	It is recommended to disable useCacheForAllThreads by setting -Dorg.apache.ratis.thirdparty.io.netty.allocator.useCacheForAllThreads=false in command line.
2019-10-02 05:53:20,252 [main] INFO  grpc.GrpcConfigKeys$Server (ConfUtils.java:logGet(43)) - raft.grpc.server.port = 0 (default)
2019-10-02 05:53:20,253 [main] INFO  server.GrpcService (ConfUtils.java:logGet(43)) - raft.grpc.message.size.max = 33570816 (custom)
2019-10-02 05:53:20,253 [main] INFO  server.RaftServerConfigKeys (ConfUtils.java:logGet(43)) - raft.server.log.appender.buffer.byte-limit = 33554432 (custom)
2019-10-02 05:53:20,253 [main] INFO  server.GrpcService (ConfUtils.java:logGet(43)) - raft.grpc.flow.control.window = 1MB (=1048576) (default)
2019-10-02 05:53:20,253 [main] INFO  server.RaftServerConfigKeys (ConfUtils.java:logGet(43)) - raft.server.rpc.request.timeout = 3000ms (default)
2019-10-02 05:53:20,254 [main] INFO  server.RaftServerConfigKeys (ConfUtils.java:logGet(43)) - raft.server.storage.dir = [/workdir/hadoop-ozone/integration-test/target/test-dir/MiniOzoneClusterImpl-215539d9-6da0-41b8-98ae-029774e0e657/datanode-0/data/ratis] (custom)
2019-10-02 05:53:20,255 [main] INFO  hdfs.DFSUtil (DFSUtil.java:httpServerTemplateForNNAndJN(1641)) - Starting Web-server for hddsDatanode at: http://0.0.0.0:0
2019-10-02 05:53:20,257 [main] INFO  server.AuthenticationFilter (AuthenticationFilter.java:constructSecretProvider(240)) - Unable to initialize FileSignerSecretProvider, falling back to use random secrets.
2019-10-02 05:53:20,257 [main] WARN  http.HttpRequestLog (HttpRequestLog.java:getRequestLog(97)) - Jetty request log can only be enabled using Log4j
2019-10-02 05:53:20,259 [main] INFO  http.HttpServer2 (HttpServer2.java:addGlobalFilter(975)) - Added global filter 'safety' (class=org.apache.hadoop.http.HttpServer2$QuotingInputFilter)
2019-10-02 05:53:20,259 [main] INFO  http.HttpServer2 (HttpServer2.java:addFilter(948)) - Added filter static_user_filter (class=org.apache.hadoop.http.lib.StaticUserWebFilter$StaticUserFilter) to context hddsDatanode
2019-10-02 05:53:20,259 [main] INFO  http.HttpServer2 (HttpServer2.java:addFilter(958)) - Added filter static_user_filter (class=org.apache.hadoop.http.lib.StaticUserWebFilter$StaticUserFilter) to context static
2019-10-02 05:53:20,259 [main] INFO  http.HttpServer2 (HttpServer2.java:addFilter(958)) - Added filter static_user_filter (class=org.apache.hadoop.http.lib.StaticUserWebFilter$StaticUserFilter) to context logs
2019-10-02 05:53:20,260 [main] INFO  http.HttpServer2 (HttpServer2.java:bindListener(1191)) - Jetty bound to port 42583
2019-10-02 05:53:20,260 [main] INFO  server.Server (Server.java:doStart(351)) - jetty-9.3.25.v20180904, build timestamp: 2018-09-04T21:11:46Z, git hash: 3ce520221d0240229c862b122d2b06c12a625732
2019-10-02 05:53:20,262 [main] INFO  handler.ContextHandler (ContextHandler.java:doStart(781)) - Started o.e.j.s.ServletContextHandler@4eb9f2af{/logs,file:///workdir/hadoop-ozone/integration-test/target/log,AVAILABLE}
2019-10-02 05:53:20,262 [main] INFO  handler.ContextHandler (ContextHandler.java:doStart(781)) - Started o.e.j.s.ServletContextHandler@4ace284d{/static,jar:file:/home/user/.m2/repository/org/apache/hadoop/hadoop-hdds-container-service/0.5.0-SNAPSHOT/hadoop-hdds-container-service-0.5.0-SNAPSHOT.jar!/webapps/static,AVAILABLE}
2019-10-02 05:53:20,291 [main] INFO  handler.ContextHandler (ContextHandler.java:doStart(781)) - Started o.e.j.w.WebAppContext@630390b9{/,file:///tmp/jetty-0.0.0.0-42583-hddsDatanode-_-any-2481642531264603014.dir/webapp/,AVAILABLE}{/hddsDatanode}
2019-10-02 05:53:20,292 [main] INFO  server.AbstractConnector (AbstractConnector.java:doStart(278)) - Started ServerConnector@6690b9fa{HTTP/1.1,[http/1.1]}{0.0.0.0:42583}
2019-10-02 05:53:20,293 [main] INFO  server.Server (Server.java:doStart(419)) - Started @318371ms
2019-10-02 05:53:20,293 [main] WARN  impl.MetricsSystemImpl (MetricsSystemImpl.java:register(276)) - Sink prometheus already exists!
2019-10-02 05:53:20,294 [main] INFO  server.BaseHttpServer (BaseHttpServer.java:updateConnectorAddress(215)) - HTTP server of HDDSDATANODE is listening at http://0.0.0.0:42583
2019-10-02 05:53:20,294 [main] INFO  impl.MetricsSystemImpl (MetricsSystemImpl.java:init(158)) - HddsDatanode metrics system started (again)
2019-10-02 05:53:20,298 [org.apache.hadoop.util.JvmPauseMonitor$Monitor@4e7b8586] INFO  util.JvmPauseMonitor (JvmPauseMonitor.java:run(188)) - Starting JVM pause monitor
2019-10-02 05:53:20,298 [main] INFO  ozone.HddsDatanodeService (HddsDatanodeService.java:start(184)) - HddsDatanodeService host:pr-trunk-p5fv4-2201032288 ip:192.168.164.250
2019-10-02 05:53:20,300 [Datanode State Machine Thread - 0] INFO  datanode.InitDatanodeState (InitDatanodeState.java:persistContainerDatanodeDetails(140)) - DatanodeDetails is persisted to /workdir/hadoop-ozone/integration-test/target/test-dir/MiniOzoneClusterImpl-215539d9-6da0-41b8-98ae-029774e0e657/datanode-0/meta/datanode.id
2019-10-02 05:53:20,303 [main] INFO  volume.HddsVolume (HddsVolume.java:<init>(176)) - Creating Volume: /workdir/hadoop-ozone/integration-test/target/test-dir/MiniOzoneClusterImpl-215539d9-6da0-41b8-98ae-029774e0e657/datanode-1/data/containers/hdds of  storage type : DISK and capacity : 1482555576320
2019-10-02 05:53:20,303 [main] INFO  volume.VolumeSet (VolumeSet.java:initializeVolumeSet(170)) - Added Volume : /workdir/hadoop-ozone/integration-test/target/test-dir/MiniOzoneClusterImpl-215539d9-6da0-41b8-98ae-029774e0e657/datanode-1/data/containers/hdds to VolumeSet
2019-10-02 05:53:20,304 [main] INFO  volume.ThrottledAsyncChecker (ThrottledAsyncChecker.java:schedule(139)) - Scheduling a check for org.apache.hadoop.ozone.container.common.volume.HddsVolume@7f4701b1
2019-10-02 05:53:20,304 [main] INFO  volume.HddsVolumeChecker (HddsVolumeChecker.java:checkAllVolumes(202)) - Scheduled health check for volume org.apache.hadoop.ozone.container.common.volume.HddsVolume@7f4701b1
2019-10-02 05:53:20,318 [main] INFO  impl.RaftServerProxy (ConfUtils.java:logGet(43)) - raft.rpc.type = GRPC (default)
2019-10-02 05:53:20,319 [main] INFO  grpc.GrpcFactory (GrpcFactory.java:checkPooledByteBufAllocatorUseCacheForAllThreads(45)) - PERFORMANCE WARNING: useCacheForAllThreads is true that may cause Netty to create a lot garbage objects and, as a result, trigger GC.
	It is recommended to disable useCacheForAllThreads by setting -Dorg.apache.ratis.thirdparty.io.netty.allocator.useCacheForAllThreads=false in command line.
2019-10-02 05:53:20,319 [main] INFO  grpc.GrpcConfigKeys$Server (ConfUtils.java:logGet(43)) - raft.grpc.server.port = 0 (default)
2019-10-02 05:53:20,319 [main] INFO  server.GrpcService (ConfUtils.java:logGet(43)) - raft.grpc.message.size.max = 33570816 (custom)
2019-10-02 05:53:20,320 [main] INFO  server.RaftServerConfigKeys (ConfUtils.java:logGet(43)) - raft.server.log.appender.buffer.byte-limit = 33554432 (custom)
2019-10-02 05:53:20,320 [main] INFO  server.GrpcService (ConfUtils.java:logGet(43)) - raft.grpc.flow.control.window = 1MB (=1048576) (default)
2019-10-02 05:53:20,320 [main] INFO  server.RaftServerConfigKeys (ConfUtils.java:logGet(43)) - raft.server.rpc.request.timeout = 3000ms (default)
2019-10-02 05:53:20,321 [main] INFO  server.RaftServerConfigKeys (ConfUtils.java:logGet(43)) - raft.server.storage.dir = [/workdir/hadoop-ozone/integration-test/target/test-dir/MiniOzoneClusterImpl-215539d9-6da0-41b8-98ae-029774e0e657/datanode-1/data/ratis] (custom)
2019-10-02 05:53:20,322 [main] INFO  hdfs.DFSUtil (DFSUtil.java:httpServerTemplateForNNAndJN(1641)) - Starting Web-server for hddsDatanode at: http://0.0.0.0:0
2019-10-02 05:53:20,324 [main] INFO  server.AuthenticationFilter (AuthenticationFilter.java:constructSecretProvider(240)) - Unable to initialize FileSignerSecretProvider, falling back to use random secrets.
2019-10-02 05:53:20,324 [main] WARN  http.HttpRequestLog (HttpRequestLog.java:getRequestLog(97)) - Jetty request log can only be enabled using Log4j
2019-10-02 05:53:20,326 [main] INFO  http.HttpServer2 (HttpServer2.java:addGlobalFilter(975)) - Added global filter 'safety' (class=org.apache.hadoop.http.HttpServer2$QuotingInputFilter)
2019-10-02 05:53:20,326 [main] INFO  http.HttpServer2 (HttpServer2.java:addFilter(948)) - Added filter static_user_filter (class=org.apache.hadoop.http.lib.StaticUserWebFilter$StaticUserFilter) to context hddsDatanode
2019-10-02 05:53:20,327 [main] INFO  http.HttpServer2 (HttpServer2.java:addFilter(958)) - Added filter static_user_filter (class=org.apache.hadoop.http.lib.StaticUserWebFilter$StaticUserFilter) to context logs
2019-10-02 05:53:20,327 [main] INFO  http.HttpServer2 (HttpServer2.java:addFilter(958)) - Added filter static_user_filter (class=org.apache.hadoop.http.lib.StaticUserWebFilter$StaticUserFilter) to context static
2019-10-02 05:53:20,327 [main] INFO  http.HttpServer2 (HttpServer2.java:bindListener(1191)) - Jetty bound to port 37990
2019-10-02 05:53:20,328 [main] INFO  server.Server (Server.java:doStart(351)) - jetty-9.3.25.v20180904, build timestamp: 2018-09-04T21:11:46Z, git hash: 3ce520221d0240229c862b122d2b06c12a625732
2019-10-02 05:53:20,329 [main] INFO  handler.ContextHandler (ContextHandler.java:doStart(781)) - Started o.e.j.s.ServletContextHandler@76fe6cdc{/logs,file:///workdir/hadoop-ozone/integration-test/target/log,AVAILABLE}
2019-10-02 05:53:20,330 [main] INFO  handler.ContextHandler (ContextHandler.java:doStart(781)) - Started o.e.j.s.ServletContextHandler@786ff1cb{/static,jar:file:/home/user/.m2/repository/org/apache/hadoop/hadoop-hdds-container-service/0.5.0-SNAPSHOT/hadoop-hdds-container-service-0.5.0-SNAPSHOT.jar!/webapps/static,AVAILABLE}
2019-10-02 05:53:20,358 [main] INFO  handler.ContextHandler (ContextHandler.java:doStart(781)) - Started o.e.j.w.WebAppContext@2577a95d{/,file:///tmp/jetty-0.0.0.0-37990-hddsDatanode-_-any-4343347070671802539.dir/webapp/,AVAILABLE}{/hddsDatanode}
2019-10-02 05:53:20,358 [main] INFO  server.AbstractConnector (AbstractConnector.java:doStart(278)) - Started ServerConnector@1668919e{HTTP/1.1,[http/1.1]}{0.0.0.0:37990}
2019-10-02 05:53:20,359 [main] INFO  server.Server (Server.java:doStart(419)) - Started @318438ms
2019-10-02 05:53:20,360 [main] WARN  impl.MetricsSystemImpl (MetricsSystemImpl.java:register(276)) - Sink prometheus already exists!
2019-10-02 05:53:20,360 [main] INFO  server.BaseHttpServer (BaseHttpServer.java:updateConnectorAddress(215)) - HTTP server of HDDSDATANODE is listening at http://0.0.0.0:37990
2019-10-02 05:53:20,361 [main] INFO  impl.MetricsSystemImpl (MetricsSystemImpl.java:init(158)) - HddsDatanode metrics system started (again)
2019-10-02 05:53:20,364 [org.apache.hadoop.util.JvmPauseMonitor$Monitor@2e766da3] INFO  util.JvmPauseMonitor (JvmPauseMonitor.java:run(188)) - Starting JVM pause monitor
2019-10-02 05:53:20,365 [main] INFO  ozone.HddsDatanodeService (HddsDatanodeService.java:start(184)) - HddsDatanodeService host:pr-trunk-p5fv4-2201032288 ip:192.168.164.250
2019-10-02 05:53:20,367 [Datanode State Machine Thread - 0] INFO  datanode.InitDatanodeState (InitDatanodeState.java:persistContainerDatanodeDetails(140)) - DatanodeDetails is persisted to /workdir/hadoop-ozone/integration-test/target/test-dir/MiniOzoneClusterImpl-215539d9-6da0-41b8-98ae-029774e0e657/datanode-1/meta/datanode.id
2019-10-02 05:53:20,370 [main] INFO  volume.HddsVolume (HddsVolume.java:<init>(176)) - Creating Volume: /workdir/hadoop-ozone/integration-test/target/test-dir/MiniOzoneClusterImpl-215539d9-6da0-41b8-98ae-029774e0e657/datanode-2/data/containers/hdds of  storage type : DISK and capacity : 1482555576320
2019-10-02 05:53:20,370 [main] INFO  volume.VolumeSet (VolumeSet.java:initializeVolumeSet(170)) - Added Volume : /workdir/hadoop-ozone/integration-test/target/test-dir/MiniOzoneClusterImpl-215539d9-6da0-41b8-98ae-029774e0e657/datanode-2/data/containers/hdds to VolumeSet
2019-10-02 05:53:20,371 [main] INFO  volume.ThrottledAsyncChecker (ThrottledAsyncChecker.java:schedule(139)) - Scheduling a check for org.apache.hadoop.ozone.container.common.volume.HddsVolume@d3f4505
2019-10-02 05:53:20,371 [main] INFO  volume.HddsVolumeChecker (HddsVolumeChecker.java:checkAllVolumes(202)) - Scheduled health check for volume org.apache.hadoop.ozone.container.common.volume.HddsVolume@d3f4505
2019-10-02 05:53:20,385 [main] INFO  impl.RaftServerProxy (ConfUtils.java:logGet(43)) - raft.rpc.type = GRPC (default)
2019-10-02 05:53:20,385 [main] INFO  grpc.GrpcFactory (GrpcFactory.java:checkPooledByteBufAllocatorUseCacheForAllThreads(45)) - PERFORMANCE WARNING: useCacheForAllThreads is true that may cause Netty to create a lot garbage objects and, as a result, trigger GC.
	It is recommended to disable useCacheForAllThreads by setting -Dorg.apache.ratis.thirdparty.io.netty.allocator.useCacheForAllThreads=false in command line.
2019-10-02 05:53:20,386 [main] INFO  grpc.GrpcConfigKeys$Server (ConfUtils.java:logGet(43)) - raft.grpc.server.port = 0 (default)
2019-10-02 05:53:20,386 [main] INFO  server.GrpcService (ConfUtils.java:logGet(43)) - raft.grpc.message.size.max = 33570816 (custom)
2019-10-02 05:53:20,386 [main] INFO  server.RaftServerConfigKeys (ConfUtils.java:logGet(43)) - raft.server.log.appender.buffer.byte-limit = 33554432 (custom)
2019-10-02 05:53:20,386 [main] INFO  server.GrpcService (ConfUtils.java:logGet(43)) - raft.grpc.flow.control.window = 1MB (=1048576) (default)
2019-10-02 05:53:20,386 [main] INFO  server.RaftServerConfigKeys (ConfUtils.java:logGet(43)) - raft.server.rpc.request.timeout = 3000ms (default)
2019-10-02 05:53:20,387 [main] INFO  server.RaftServerConfigKeys (ConfUtils.java:logGet(43)) - raft.server.storage.dir = [/workdir/hadoop-ozone/integration-test/target/test-dir/MiniOzoneClusterImpl-215539d9-6da0-41b8-98ae-029774e0e657/datanode-2/data/ratis] (custom)
2019-10-02 05:53:20,388 [main] INFO  hdfs.DFSUtil (DFSUtil.java:httpServerTemplateForNNAndJN(1641)) - Starting Web-server for hddsDatanode at: http://0.0.0.0:0
2019-10-02 05:53:20,389 [main] INFO  server.AuthenticationFilter (AuthenticationFilter.java:constructSecretProvider(240)) - Unable to initialize FileSignerSecretProvider, falling back to use random secrets.
2019-10-02 05:53:20,390 [main] WARN  http.HttpRequestLog (HttpRequestLog.java:getRequestLog(97)) - Jetty request log can only be enabled using Log4j
2019-10-02 05:53:20,391 [main] INFO  http.HttpServer2 (HttpServer2.java:addGlobalFilter(975)) - Added global filter 'safety' (class=org.apache.hadoop.http.HttpServer2$QuotingInputFilter)
2019-10-02 05:53:20,392 [main] INFO  http.HttpServer2 (HttpServer2.java:addFilter(948)) - Added filter static_user_filter (class=org.apache.hadoop.http.lib.StaticUserWebFilter$StaticUserFilter) to context hddsDatanode
2019-10-02 05:53:20,392 [main] INFO  http.HttpServer2 (HttpServer2.java:addFilter(958)) - Added filter static_user_filter (class=org.apache.hadoop.http.lib.StaticUserWebFilter$StaticUserFilter) to context static
2019-10-02 05:53:20,392 [main] INFO  http.HttpServer2 (HttpServer2.java:addFilter(958)) - Added filter static_user_filter (class=org.apache.hadoop.http.lib.StaticUserWebFilter$StaticUserFilter) to context logs
2019-10-02 05:53:20,393 [main] INFO  http.HttpServer2 (HttpServer2.java:bindListener(1191)) - Jetty bound to port 35467
2019-10-02 05:53:20,393 [main] INFO  server.Server (Server.java:doStart(351)) - jetty-9.3.25.v20180904, build timestamp: 2018-09-04T21:11:46Z, git hash: 3ce520221d0240229c862b122d2b06c12a625732
2019-10-02 05:53:20,395 [main] INFO  handler.ContextHandler (ContextHandler.java:doStart(781)) - Started o.e.j.s.ServletContextHandler@67022ea{/logs,file:///workdir/hadoop-ozone/integration-test/target/log,AVAILABLE}
2019-10-02 05:53:20,396 [main] INFO  handler.ContextHandler (ContextHandler.java:doStart(781)) - Started o.e.j.s.ServletContextHandler@58fbd02e{/static,jar:file:/home/user/.m2/repository/org/apache/hadoop/hadoop-hdds-container-service/0.5.0-SNAPSHOT/hadoop-hdds-container-service-0.5.0-SNAPSHOT.jar!/webapps/static,AVAILABLE}
2019-10-02 05:53:20,424 [main] INFO  handler.ContextHandler (ContextHandler.java:doStart(781)) - Started o.e.j.w.WebAppContext@54e12f4c{/,file:///tmp/jetty-0.0.0.0-35467-hddsDatanode-_-any-3777123912036025725.dir/webapp/,AVAILABLE}{/hddsDatanode}
2019-10-02 05:53:20,424 [main] INFO  server.AbstractConnector (AbstractConnector.java:doStart(278)) - Started ServerConnector@60990e5c{HTTP/1.1,[http/1.1]}{0.0.0.0:35467}
2019-10-02 05:53:20,425 [main] INFO  server.Server (Server.java:doStart(419)) - Started @318504ms
2019-10-02 05:53:20,426 [main] WARN  impl.MetricsSystemImpl (MetricsSystemImpl.java:register(276)) - Sink prometheus already exists!
2019-10-02 05:53:20,426 [main] INFO  server.BaseHttpServer (BaseHttpServer.java:updateConnectorAddress(215)) - HTTP server of HDDSDATANODE is listening at http://0.0.0.0:35467
2019-10-02 05:53:20,427 [main] INFO  impl.MetricsSystemImpl (MetricsSystemImpl.java:init(158)) - HddsDatanode metrics system started (again)
2019-10-02 05:53:20,428 [org.apache.hadoop.util.JvmPauseMonitor$Monitor@56a12a7e] INFO  util.JvmPauseMonitor (JvmPauseMonitor.java:run(188)) - Starting JVM pause monitor
2019-10-02 05:53:20,431 [main] INFO  ozone.HddsDatanodeService (HddsDatanodeService.java:start(184)) - HddsDatanodeService host:pr-trunk-p5fv4-2201032288 ip:192.168.164.250
2019-10-02 05:53:20,431 [Datanode State Machine Thread - 0] INFO  datanode.InitDatanodeState (InitDatanodeState.java:persistContainerDatanodeDetails(140)) - DatanodeDetails is persisted to /workdir/hadoop-ozone/integration-test/target/test-dir/MiniOzoneClusterImpl-215539d9-6da0-41b8-98ae-029774e0e657/datanode-2/meta/datanode.id
2019-10-02 05:53:20,436 [main] INFO  volume.HddsVolume (HddsVolume.java:<init>(176)) - Creating Volume: /workdir/hadoop-ozone/integration-test/target/test-dir/MiniOzoneClusterImpl-215539d9-6da0-41b8-98ae-029774e0e657/datanode-3/data/containers/hdds of  storage type : DISK and capacity : 1482555576320
2019-10-02 05:53:20,437 [main] INFO  volume.VolumeSet (VolumeSet.java:initializeVolumeSet(170)) - Added Volume : /workdir/hadoop-ozone/integration-test/target/test-dir/MiniOzoneClusterImpl-215539d9-6da0-41b8-98ae-029774e0e657/datanode-3/data/containers/hdds to VolumeSet
2019-10-02 05:53:20,437 [main] INFO  volume.ThrottledAsyncChecker (ThrottledAsyncChecker.java:schedule(139)) - Scheduling a check for org.apache.hadoop.ozone.container.common.volume.HddsVolume@1bf14704
2019-10-02 05:53:20,438 [main] INFO  volume.HddsVolumeChecker (HddsVolumeChecker.java:checkAllVolumes(202)) - Scheduled health check for volume org.apache.hadoop.ozone.container.common.volume.HddsVolume@1bf14704
2019-10-02 05:53:20,453 [main] INFO  impl.RaftServerProxy (ConfUtils.java:logGet(43)) - raft.rpc.type = GRPC (default)
2019-10-02 05:53:20,453 [main] INFO  grpc.GrpcFactory (GrpcFactory.java:checkPooledByteBufAllocatorUseCacheForAllThreads(45)) - PERFORMANCE WARNING: useCacheForAllThreads is true that may cause Netty to create a lot garbage objects and, as a result, trigger GC.
	It is recommended to disable useCacheForAllThreads by setting -Dorg.apache.ratis.thirdparty.io.netty.allocator.useCacheForAllThreads=false in command line.
2019-10-02 05:53:20,453 [main] INFO  grpc.GrpcConfigKeys$Server (ConfUtils.java:logGet(43)) - raft.grpc.server.port = 0 (default)
2019-10-02 05:53:20,454 [main] INFO  server.GrpcService (ConfUtils.java:logGet(43)) - raft.grpc.message.size.max = 33570816 (custom)
2019-10-02 05:53:20,454 [main] INFO  server.RaftServerConfigKeys (ConfUtils.java:logGet(43)) - raft.server.log.appender.buffer.byte-limit = 33554432 (custom)
2019-10-02 05:53:20,454 [main] INFO  server.GrpcService (ConfUtils.java:logGet(43)) - raft.grpc.flow.control.window = 1MB (=1048576) (default)
2019-10-02 05:53:20,454 [main] INFO  server.RaftServerConfigKeys (ConfUtils.java:logGet(43)) - raft.server.rpc.request.timeout = 3000ms (default)
2019-10-02 05:53:20,455 [main] INFO  server.RaftServerConfigKeys (ConfUtils.java:logGet(43)) - raft.server.storage.dir = [/workdir/hadoop-ozone/integration-test/target/test-dir/MiniOzoneClusterImpl-215539d9-6da0-41b8-98ae-029774e0e657/datanode-3/data/ratis] (custom)
2019-10-02 05:53:20,456 [main] INFO  hdfs.DFSUtil (DFSUtil.java:httpServerTemplateForNNAndJN(1641)) - Starting Web-server for hddsDatanode at: http://0.0.0.0:0
2019-10-02 05:53:20,458 [main] INFO  server.AuthenticationFilter (AuthenticationFilter.java:constructSecretProvider(240)) - Unable to initialize FileSignerSecretProvider, falling back to use random secrets.
2019-10-02 05:53:20,459 [main] WARN  http.HttpRequestLog (HttpRequestLog.java:getRequestLog(97)) - Jetty request log can only be enabled using Log4j
2019-10-02 05:53:20,461 [main] INFO  http.HttpServer2 (HttpServer2.java:addGlobalFilter(975)) - Added global filter 'safety' (class=org.apache.hadoop.http.HttpServer2$QuotingInputFilter)
2019-10-02 05:53:20,462 [main] INFO  http.HttpServer2 (HttpServer2.java:addFilter(948)) - Added filter static_user_filter (class=org.apache.hadoop.http.lib.StaticUserWebFilter$StaticUserFilter) to context hddsDatanode
2019-10-02 05:53:20,462 [main] INFO  http.HttpServer2 (HttpServer2.java:addFilter(958)) - Added filter static_user_filter (class=org.apache.hadoop.http.lib.StaticUserWebFilter$StaticUserFilter) to context static
2019-10-02 05:53:20,462 [main] INFO  http.HttpServer2 (HttpServer2.java:addFilter(958)) - Added filter static_user_filter (class=org.apache.hadoop.http.lib.StaticUserWebFilter$StaticUserFilter) to context logs
2019-10-02 05:53:20,463 [main] INFO  http.HttpServer2 (HttpServer2.java:bindListener(1191)) - Jetty bound to port 42077
2019-10-02 05:53:20,463 [main] INFO  server.Server (Server.java:doStart(351)) - jetty-9.3.25.v20180904, build timestamp: 2018-09-04T21:11:46Z, git hash: 3ce520221d0240229c862b122d2b06c12a625732
2019-10-02 05:53:20,464 [main] INFO  handler.ContextHandler (ContextHandler.java:doStart(781)) - Started o.e.j.s.ServletContextHandler@6bcb12e6{/logs,file:///workdir/hadoop-ozone/integration-test/target/log,AVAILABLE}
2019-10-02 05:53:20,465 [main] INFO  handler.ContextHandler (ContextHandler.java:doStart(781)) - Started o.e.j.s.ServletContextHandler@29c17c3d{/static,jar:file:/home/user/.m2/repository/org/apache/hadoop/hadoop-hdds-container-service/0.5.0-SNAPSHOT/hadoop-hdds-container-service-0.5.0-SNAPSHOT.jar!/webapps/static,AVAILABLE}
2019-10-02 05:53:20,496 [main] INFO  handler.ContextHandler (ContextHandler.java:doStart(781)) - Started o.e.j.w.WebAppContext@5416f8db{/,file:///tmp/jetty-0.0.0.0-42077-hddsDatanode-_-any-2731928475017093075.dir/webapp/,AVAILABLE}{/hddsDatanode}
2019-10-02 05:53:20,497 [main] INFO  server.AbstractConnector (AbstractConnector.java:doStart(278)) - Started ServerConnector@64e1377c{HTTP/1.1,[http/1.1]}{0.0.0.0:42077}
2019-10-02 05:53:20,499 [main] INFO  server.Server (Server.java:doStart(419)) - Started @318577ms
2019-10-02 05:53:20,499 [main] WARN  impl.MetricsSystemImpl (MetricsSystemImpl.java:register(276)) - Sink prometheus already exists!
2019-10-02 05:53:20,500 [main] INFO  server.BaseHttpServer (BaseHttpServer.java:updateConnectorAddress(215)) - HTTP server of HDDSDATANODE is listening at http://0.0.0.0:42077
2019-10-02 05:53:20,500 [main] INFO  impl.MetricsSystemImpl (MetricsSystemImpl.java:init(158)) - HddsDatanode metrics system started (again)
2019-10-02 05:53:20,505 [org.apache.hadoop.util.JvmPauseMonitor$Monitor@50cd22ce] INFO  util.JvmPauseMonitor (JvmPauseMonitor.java:run(188)) - Starting JVM pause monitor
2019-10-02 05:53:20,506 [main] INFO  ozone.HddsDatanodeService (HddsDatanodeService.java:start(184)) - HddsDatanodeService host:pr-trunk-p5fv4-2201032288 ip:192.168.164.250
2019-10-02 05:53:20,507 [Datanode State Machine Thread - 0] INFO  datanode.InitDatanodeState (InitDatanodeState.java:persistContainerDatanodeDetails(140)) - DatanodeDetails is persisted to /workdir/hadoop-ozone/integration-test/target/test-dir/MiniOzoneClusterImpl-215539d9-6da0-41b8-98ae-029774e0e657/datanode-3/meta/datanode.id
2019-10-02 05:53:20,511 [main] INFO  volume.HddsVolume (HddsVolume.java:<init>(176)) - Creating Volume: /workdir/hadoop-ozone/integration-test/target/test-dir/MiniOzoneClusterImpl-215539d9-6da0-41b8-98ae-029774e0e657/datanode-4/data/containers/hdds of  storage type : DISK and capacity : 1482555576320
2019-10-02 05:53:20,512 [main] INFO  volume.VolumeSet (VolumeSet.java:initializeVolumeSet(170)) - Added Volume : /workdir/hadoop-ozone/integration-test/target/test-dir/MiniOzoneClusterImpl-215539d9-6da0-41b8-98ae-029774e0e657/datanode-4/data/containers/hdds to VolumeSet
2019-10-02 05:53:20,512 [main] INFO  volume.ThrottledAsyncChecker (ThrottledAsyncChecker.java:schedule(139)) - Scheduling a check for org.apache.hadoop.ozone.container.common.volume.HddsVolume@12a470dd
2019-10-02 05:53:20,512 [main] INFO  volume.HddsVolumeChecker (HddsVolumeChecker.java:checkAllVolumes(202)) - Scheduled health check for volume org.apache.hadoop.ozone.container.common.volume.HddsVolume@12a470dd
2019-10-02 05:53:20,524 [main] INFO  impl.RaftServerProxy (ConfUtils.java:logGet(43)) - raft.rpc.type = GRPC (default)
2019-10-02 05:53:20,525 [main] INFO  grpc.GrpcFactory (GrpcFactory.java:checkPooledByteBufAllocatorUseCacheForAllThreads(45)) - PERFORMANCE WARNING: useCacheForAllThreads is true that may cause Netty to create a lot garbage objects and, as a result, trigger GC.
	It is recommended to disable useCacheForAllThreads by setting -Dorg.apache.ratis.thirdparty.io.netty.allocator.useCacheForAllThreads=false in command line.
2019-10-02 05:53:20,525 [main] INFO  grpc.GrpcConfigKeys$Server (ConfUtils.java:logGet(43)) - raft.grpc.server.port = 0 (default)
2019-10-02 05:53:20,525 [main] INFO  server.GrpcService (ConfUtils.java:logGet(43)) - raft.grpc.message.size.max = 33570816 (custom)
2019-10-02 05:53:20,525 [main] INFO  server.RaftServerConfigKeys (ConfUtils.java:logGet(43)) - raft.server.log.appender.buffer.byte-limit = 33554432 (custom)
2019-10-02 05:53:20,525 [main] INFO  server.GrpcService (ConfUtils.java:logGet(43)) - raft.grpc.flow.control.window = 1MB (=1048576) (default)
2019-10-02 05:53:20,525 [main] INFO  server.RaftServerConfigKeys (ConfUtils.java:logGet(43)) - raft.server.rpc.request.timeout = 3000ms (default)
2019-10-02 05:53:20,526 [main] INFO  server.RaftServerConfigKeys (ConfUtils.java:logGet(43)) - raft.server.storage.dir = [/workdir/hadoop-ozone/integration-test/target/test-dir/MiniOzoneClusterImpl-215539d9-6da0-41b8-98ae-029774e0e657/datanode-4/data/ratis] (custom)
2019-10-02 05:53:20,527 [main] INFO  hdfs.DFSUtil (DFSUtil.java:httpServerTemplateForNNAndJN(1641)) - Starting Web-server for hddsDatanode at: http://0.0.0.0:0
2019-10-02 05:53:20,528 [main] INFO  server.AuthenticationFilter (AuthenticationFilter.java:constructSecretProvider(240)) - Unable to initialize FileSignerSecretProvider, falling back to use random secrets.
2019-10-02 05:53:20,529 [main] WARN  http.HttpRequestLog (HttpRequestLog.java:getRequestLog(97)) - Jetty request log can only be enabled using Log4j
2019-10-02 05:53:20,530 [main] INFO  http.HttpServer2 (HttpServer2.java:addGlobalFilter(975)) - Added global filter 'safety' (class=org.apache.hadoop.http.HttpServer2$QuotingInputFilter)
2019-10-02 05:53:20,531 [main] INFO  http.HttpServer2 (HttpServer2.java:addFilter(948)) - Added filter static_user_filter (class=org.apache.hadoop.http.lib.StaticUserWebFilter$StaticUserFilter) to context hddsDatanode
2019-10-02 05:53:20,531 [main] INFO  http.HttpServer2 (HttpServer2.java:addFilter(958)) - Added filter static_user_filter (class=org.apache.hadoop.http.lib.StaticUserWebFilter$StaticUserFilter) to context static
2019-10-02 05:53:20,531 [main] INFO  http.HttpServer2 (HttpServer2.java:addFilter(958)) - Added filter static_user_filter (class=org.apache.hadoop.http.lib.StaticUserWebFilter$StaticUserFilter) to context logs
2019-10-02 05:53:20,532 [main] INFO  http.HttpServer2 (HttpServer2.java:bindListener(1191)) - Jetty bound to port 43906
2019-10-02 05:53:20,532 [main] INFO  server.Server (Server.java:doStart(351)) - jetty-9.3.25.v20180904, build timestamp: 2018-09-04T21:11:46Z, git hash: 3ce520221d0240229c862b122d2b06c12a625732
2019-10-02 05:53:20,534 [main] INFO  handler.ContextHandler (ContextHandler.java:doStart(781)) - Started o.e.j.s.ServletContextHandler@7885776b{/logs,file:///workdir/hadoop-ozone/integration-test/target/log,AVAILABLE}
2019-10-02 05:53:20,534 [main] INFO  handler.ContextHandler (ContextHandler.java:doStart(781)) - Started o.e.j.s.ServletContextHandler@3472947a{/static,jar:file:/home/user/.m2/repository/org/apache/hadoop/hadoop-hdds-container-service/0.5.0-SNAPSHOT/hadoop-hdds-container-service-0.5.0-SNAPSHOT.jar!/webapps/static,AVAILABLE}
2019-10-02 05:53:20,562 [main] INFO  handler.ContextHandler (ContextHandler.java:doStart(781)) - Started o.e.j.w.WebAppContext@73a0f2b{/,file:///tmp/jetty-0.0.0.0-43906-hddsDatanode-_-any-7506139690531055045.dir/webapp/,AVAILABLE}{/hddsDatanode}
2019-10-02 05:53:20,563 [main] INFO  server.AbstractConnector (AbstractConnector.java:doStart(278)) - Started ServerConnector@fa5f81c{HTTP/1.1,[http/1.1]}{0.0.0.0:43906}
2019-10-02 05:53:20,564 [main] INFO  server.Server (Server.java:doStart(419)) - Started @318642ms
2019-10-02 05:53:20,564 [main] WARN  impl.MetricsSystemImpl (MetricsSystemImpl.java:register(276)) - Sink prometheus already exists!
2019-10-02 05:53:20,565 [main] INFO  server.BaseHttpServer (BaseHttpServer.java:updateConnectorAddress(215)) - HTTP server of HDDSDATANODE is listening at http://0.0.0.0:43906
2019-10-02 05:53:20,565 [main] INFO  impl.MetricsSystemImpl (MetricsSystemImpl.java:init(158)) - HddsDatanode metrics system started (again)
2019-10-02 05:53:20,570 [org.apache.hadoop.util.JvmPauseMonitor$Monitor@71143737] INFO  util.JvmPauseMonitor (JvmPauseMonitor.java:run(188)) - Starting JVM pause monitor
2019-10-02 05:53:20,570 [main] INFO  ozone.HddsDatanodeService (HddsDatanodeService.java:start(184)) - HddsDatanodeService host:pr-trunk-p5fv4-2201032288 ip:192.168.164.250
2019-10-02 05:53:20,572 [Datanode State Machine Thread - 0] INFO  datanode.InitDatanodeState (InitDatanodeState.java:persistContainerDatanodeDetails(140)) - DatanodeDetails is persisted to /workdir/hadoop-ozone/integration-test/target/test-dir/MiniOzoneClusterImpl-215539d9-6da0-41b8-98ae-029774e0e657/datanode-4/meta/datanode.id
2019-10-02 05:53:20,576 [main] INFO  volume.HddsVolume (HddsVolume.java:<init>(176)) - Creating Volume: /workdir/hadoop-ozone/integration-test/target/test-dir/MiniOzoneClusterImpl-215539d9-6da0-41b8-98ae-029774e0e657/datanode-5/data/containers/hdds of  storage type : DISK and capacity : 1482555576320
2019-10-02 05:53:20,576 [main] INFO  volume.VolumeSet (VolumeSet.java:initializeVolumeSet(170)) - Added Volume : /workdir/hadoop-ozone/integration-test/target/test-dir/MiniOzoneClusterImpl-215539d9-6da0-41b8-98ae-029774e0e657/datanode-5/data/containers/hdds to VolumeSet
2019-10-02 05:53:20,576 [main] INFO  volume.ThrottledAsyncChecker (ThrottledAsyncChecker.java:schedule(139)) - Scheduling a check for org.apache.hadoop.ozone.container.common.volume.HddsVolume@7e4579c7
2019-10-02 05:53:20,577 [main] INFO  volume.HddsVolumeChecker (HddsVolumeChecker.java:checkAllVolumes(202)) - Scheduled health check for volume org.apache.hadoop.ozone.container.common.volume.HddsVolume@7e4579c7
2019-10-02 05:53:20,588 [main] INFO  impl.RaftServerProxy (ConfUtils.java:logGet(43)) - raft.rpc.type = GRPC (default)
2019-10-02 05:53:20,588 [main] INFO  grpc.GrpcFactory (GrpcFactory.java:checkPooledByteBufAllocatorUseCacheForAllThreads(45)) - PERFORMANCE WARNING: useCacheForAllThreads is true that may cause Netty to create a lot garbage objects and, as a result, trigger GC.
	It is recommended to disable useCacheForAllThreads by setting -Dorg.apache.ratis.thirdparty.io.netty.allocator.useCacheForAllThreads=false in command line.
2019-10-02 05:53:20,588 [main] INFO  grpc.GrpcConfigKeys$Server (ConfUtils.java:logGet(43)) - raft.grpc.server.port = 0 (default)
2019-10-02 05:53:20,589 [main] INFO  server.GrpcService (ConfUtils.java:logGet(43)) - raft.grpc.message.size.max = 33570816 (custom)
2019-10-02 05:53:20,589 [main] INFO  server.RaftServerConfigKeys (ConfUtils.java:logGet(43)) - raft.server.log.appender.buffer.byte-limit = 33554432 (custom)
2019-10-02 05:53:20,589 [main] INFO  server.GrpcService (ConfUtils.java:logGet(43)) - raft.grpc.flow.control.window = 1MB (=1048576) (default)
2019-10-02 05:53:20,589 [main] INFO  server.RaftServerConfigKeys (ConfUtils.java:logGet(43)) - raft.server.rpc.request.timeout = 3000ms (default)
2019-10-02 05:53:20,589 [main] INFO  server.RaftServerConfigKeys (ConfUtils.java:logGet(43)) - raft.server.storage.dir = [/workdir/hadoop-ozone/integration-test/target/test-dir/MiniOzoneClusterImpl-215539d9-6da0-41b8-98ae-029774e0e657/datanode-5/data/ratis] (custom)
2019-10-02 05:53:20,590 [main] INFO  hdfs.DFSUtil (DFSUtil.java:httpServerTemplateForNNAndJN(1641)) - Starting Web-server for hddsDatanode at: http://0.0.0.0:0
2019-10-02 05:53:20,591 [main] INFO  server.AuthenticationFilter (AuthenticationFilter.java:constructSecretProvider(240)) - Unable to initialize FileSignerSecretProvider, falling back to use random secrets.
2019-10-02 05:53:20,592 [main] WARN  http.HttpRequestLog (HttpRequestLog.java:getRequestLog(97)) - Jetty request log can only be enabled using Log4j
2019-10-02 05:53:20,593 [main] INFO  http.HttpServer2 (HttpServer2.java:addGlobalFilter(975)) - Added global filter 'safety' (class=org.apache.hadoop.http.HttpServer2$QuotingInputFilter)
2019-10-02 05:53:20,593 [main] INFO  http.HttpServer2 (HttpServer2.java:addFilter(948)) - Added filter static_user_filter (class=org.apache.hadoop.http.lib.StaticUserWebFilter$StaticUserFilter) to context hddsDatanode
2019-10-02 05:53:20,594 [main] INFO  http.HttpServer2 (HttpServer2.java:addFilter(958)) - Added filter static_user_filter (class=org.apache.hadoop.http.lib.StaticUserWebFilter$StaticUserFilter) to context logs
2019-10-02 05:53:20,594 [main] INFO  http.HttpServer2 (HttpServer2.java:addFilter(958)) - Added filter static_user_filter (class=org.apache.hadoop.http.lib.StaticUserWebFilter$StaticUserFilter) to context static
2019-10-02 05:53:20,594 [main] INFO  http.HttpServer2 (HttpServer2.java:bindListener(1191)) - Jetty bound to port 39832
2019-10-02 05:53:20,594 [main] INFO  server.Server (Server.java:doStart(351)) - jetty-9.3.25.v20180904, build timestamp: 2018-09-04T21:11:46Z, git hash: 3ce520221d0240229c862b122d2b06c12a625732
2019-10-02 05:53:20,596 [main] INFO  handler.ContextHandler (ContextHandler.java:doStart(781)) - Started o.e.j.s.ServletContextHandler@3965bdf9{/logs,file:///workdir/hadoop-ozone/integration-test/target/log,AVAILABLE}
2019-10-02 05:53:20,596 [main] INFO  handler.ContextHandler (ContextHandler.java:doStart(781)) - Started o.e.j.s.ServletContextHandler@1860f3be{/static,jar:file:/home/user/.m2/repository/org/apache/hadoop/hadoop-hdds-container-service/0.5.0-SNAPSHOT/hadoop-hdds-container-service-0.5.0-SNAPSHOT.jar!/webapps/static,AVAILABLE}
2019-10-02 05:53:20,623 [main] INFO  handler.ContextHandler (ContextHandler.java:doStart(781)) - Started o.e.j.w.WebAppContext@7c20cdd0{/,file:///tmp/jetty-0.0.0.0-39832-hddsDatanode-_-any-9140184509212601504.dir/webapp/,AVAILABLE}{/hddsDatanode}
2019-10-02 05:53:20,624 [main] INFO  server.AbstractConnector (AbstractConnector.java:doStart(278)) - Started ServerConnector@74606204{HTTP/1.1,[http/1.1]}{0.0.0.0:39832}
2019-10-02 05:53:20,625 [main] INFO  server.Server (Server.java:doStart(419)) - Started @318703ms
2019-10-02 05:53:20,626 [main] WARN  impl.MetricsSystemImpl (MetricsSystemImpl.java:register(276)) - Sink prometheus already exists!
2019-10-02 05:53:20,627 [main] INFO  server.BaseHttpServer (BaseHttpServer.java:updateConnectorAddress(215)) - HTTP server of HDDSDATANODE is listening at http://0.0.0.0:39832
2019-10-02 05:53:20,627 [main] INFO  impl.MetricsSystemImpl (MetricsSystemImpl.java:init(158)) - HddsDatanode metrics system started (again)
2019-10-02 05:53:20,632 [org.apache.hadoop.util.JvmPauseMonitor$Monitor@27b0c1e2] INFO  util.JvmPauseMonitor (JvmPauseMonitor.java:run(188)) - Starting JVM pause monitor
2019-10-02 05:53:20,633 [main] INFO  ozone.HddsDatanodeService (HddsDatanodeService.java:start(184)) - HddsDatanodeService host:pr-trunk-p5fv4-2201032288 ip:192.168.164.250
2019-10-02 05:53:20,634 [Datanode State Machine Thread - 0] INFO  datanode.InitDatanodeState (InitDatanodeState.java:persistContainerDatanodeDetails(140)) - DatanodeDetails is persisted to /workdir/hadoop-ozone/integration-test/target/test-dir/MiniOzoneClusterImpl-215539d9-6da0-41b8-98ae-029774e0e657/datanode-5/meta/datanode.id
2019-10-02 05:53:20,639 [main] INFO  volume.HddsVolume (HddsVolume.java:<init>(176)) - Creating Volume: /workdir/hadoop-ozone/integration-test/target/test-dir/MiniOzoneClusterImpl-215539d9-6da0-41b8-98ae-029774e0e657/datanode-6/data/containers/hdds of  storage type : DISK and capacity : 1482555576320
2019-10-02 05:53:20,639 [main] INFO  volume.VolumeSet (VolumeSet.java:initializeVolumeSet(170)) - Added Volume : /workdir/hadoop-ozone/integration-test/target/test-dir/MiniOzoneClusterImpl-215539d9-6da0-41b8-98ae-029774e0e657/datanode-6/data/containers/hdds to VolumeSet
2019-10-02 05:53:20,639 [main] INFO  volume.ThrottledAsyncChecker (ThrottledAsyncChecker.java:schedule(139)) - Scheduling a check for org.apache.hadoop.ozone.container.common.volume.HddsVolume@71cea1b8
2019-10-02 05:53:20,640 [main] INFO  volume.HddsVolumeChecker (HddsVolumeChecker.java:checkAllVolumes(202)) - Scheduled health check for volume org.apache.hadoop.ozone.container.common.volume.HddsVolume@71cea1b8
2019-10-02 05:53:20,652 [main] INFO  impl.RaftServerProxy (ConfUtils.java:logGet(43)) - raft.rpc.type = GRPC (default)
2019-10-02 05:53:20,652 [main] INFO  grpc.GrpcFactory (GrpcFactory.java:checkPooledByteBufAllocatorUseCacheForAllThreads(45)) - PERFORMANCE WARNING: useCacheForAllThreads is true that may cause Netty to create a lot garbage objects and, as a result, trigger GC.
	It is recommended to disable useCacheForAllThreads by setting -Dorg.apache.ratis.thirdparty.io.netty.allocator.useCacheForAllThreads=false in command line.
2019-10-02 05:53:20,652 [main] INFO  grpc.GrpcConfigKeys$Server (ConfUtils.java:logGet(43)) - raft.grpc.server.port = 0 (default)
2019-10-02 05:53:20,653 [main] INFO  server.GrpcService (ConfUtils.java:logGet(43)) - raft.grpc.message.size.max = 33570816 (custom)
2019-10-02 05:53:20,653 [main] INFO  server.RaftServerConfigKeys (ConfUtils.java:logGet(43)) - raft.server.log.appender.buffer.byte-limit = 33554432 (custom)
2019-10-02 05:53:20,653 [main] INFO  server.GrpcService (ConfUtils.java:logGet(43)) - raft.grpc.flow.control.window = 1MB (=1048576) (default)
2019-10-02 05:53:20,653 [main] INFO  server.RaftServerConfigKeys (ConfUtils.java:logGet(43)) - raft.server.rpc.request.timeout = 3000ms (default)
2019-10-02 05:53:20,654 [main] INFO  server.RaftServerConfigKeys (ConfUtils.java:logGet(43)) - raft.server.storage.dir = [/workdir/hadoop-ozone/integration-test/target/test-dir/MiniOzoneClusterImpl-215539d9-6da0-41b8-98ae-029774e0e657/datanode-6/data/ratis] (custom)
2019-10-02 05:53:20,655 [main] INFO  hdfs.DFSUtil (DFSUtil.java:httpServerTemplateForNNAndJN(1641)) - Starting Web-server for hddsDatanode at: http://0.0.0.0:0
2019-10-02 05:53:20,656 [main] INFO  server.AuthenticationFilter (AuthenticationFilter.java:constructSecretProvider(240)) - Unable to initialize FileSignerSecretProvider, falling back to use random secrets.
2019-10-02 05:53:20,656 [main] WARN  http.HttpRequestLog (HttpRequestLog.java:getRequestLog(97)) - Jetty request log can only be enabled using Log4j
2019-10-02 05:53:20,658 [main] INFO  http.HttpServer2 (HttpServer2.java:addGlobalFilter(975)) - Added global filter 'safety' (class=org.apache.hadoop.http.HttpServer2$QuotingInputFilter)
2019-10-02 05:53:20,658 [main] INFO  http.HttpServer2 (HttpServer2.java:addFilter(948)) - Added filter static_user_filter (class=org.apache.hadoop.http.lib.StaticUserWebFilter$StaticUserFilter) to context hddsDatanode
2019-10-02 05:53:20,658 [main] INFO  http.HttpServer2 (HttpServer2.java:addFilter(958)) - Added filter static_user_filter (class=org.apache.hadoop.http.lib.StaticUserWebFilter$StaticUserFilter) to context static
2019-10-02 05:53:20,658 [main] INFO  http.HttpServer2 (HttpServer2.java:addFilter(958)) - Added filter static_user_filter (class=org.apache.hadoop.http.lib.StaticUserWebFilter$StaticUserFilter) to context logs
2019-10-02 05:53:20,659 [main] INFO  http.HttpServer2 (HttpServer2.java:bindListener(1191)) - Jetty bound to port 43191
2019-10-02 05:53:20,659 [main] INFO  server.Server (Server.java:doStart(351)) - jetty-9.3.25.v20180904, build timestamp: 2018-09-04T21:11:46Z, git hash: 3ce520221d0240229c862b122d2b06c12a625732
2019-10-02 05:53:20,661 [main] INFO  handler.ContextHandler (ContextHandler.java:doStart(781)) - Started o.e.j.s.ServletContextHandler@34d713a2{/logs,file:///workdir/hadoop-ozone/integration-test/target/log,AVAILABLE}
2019-10-02 05:53:20,661 [main] INFO  handler.ContextHandler (ContextHandler.java:doStart(781)) - Started o.e.j.s.ServletContextHandler@889a8a8{/static,jar:file:/home/user/.m2/repository/org/apache/hadoop/hadoop-hdds-container-service/0.5.0-SNAPSHOT/hadoop-hdds-container-service-0.5.0-SNAPSHOT.jar!/webapps/static,AVAILABLE}
2019-10-02 05:53:20,695 [main] INFO  handler.ContextHandler (ContextHandler.java:doStart(781)) - Started o.e.j.w.WebAppContext@7e62cfa3{/,file:///tmp/jetty-0.0.0.0-43191-hddsDatanode-_-any-3649248799280068868.dir/webapp/,AVAILABLE}{/hddsDatanode}
2019-10-02 05:53:20,696 [main] INFO  server.AbstractConnector (AbstractConnector.java:doStart(278)) - Started ServerConnector@46e190ed{HTTP/1.1,[http/1.1]}{0.0.0.0:43191}
2019-10-02 05:53:20,697 [main] INFO  server.Server (Server.java:doStart(419)) - Started @318775ms
2019-10-02 05:53:20,697 [main] WARN  impl.MetricsSystemImpl (MetricsSystemImpl.java:register(276)) - Sink prometheus already exists!
2019-10-02 05:53:20,698 [main] INFO  server.BaseHttpServer (BaseHttpServer.java:updateConnectorAddress(215)) - HTTP server of HDDSDATANODE is listening at http://0.0.0.0:43191
2019-10-02 05:53:20,699 [main] INFO  ozone.MiniOzoneClusterImpl (MiniOzoneClusterImpl.java:lambda$waitForClusterToBeReady$0(147)) - Waiting for cluster to be ready. Got 0 of 7 DN Heartbeats.
2019-10-02 05:53:20,701 [org.apache.hadoop.util.JvmPauseMonitor$Monitor@28e23fd6] INFO  util.JvmPauseMonitor (JvmPauseMonitor.java:run(188)) - Starting JVM pause monitor
2019-10-02 05:53:20,702 [Datanode State Machine Thread - 0] INFO  datanode.InitDatanodeState (InitDatanodeState.java:persistContainerDatanodeDetails(140)) - DatanodeDetails is persisted to /workdir/hadoop-ozone/integration-test/target/test-dir/MiniOzoneClusterImpl-215539d9-6da0-41b8-98ae-029774e0e657/datanode-6/meta/datanode.id
2019-10-02 05:53:21,700 [main] INFO  ozone.MiniOzoneClusterImpl (MiniOzoneClusterImpl.java:lambda$waitForClusterToBeReady$0(147)) - Waiting for cluster to be ready. Got 0 of 7 DN Heartbeats.
2019-10-02 05:53:22,348 [Datanode State Machine Thread - 0] INFO  ozoneimpl.OzoneContainer (OzoneContainer.java:start(217)) - Attempting to start container services.
2019-10-02 05:53:22,360 [Datanode State Machine Thread - 0] INFO  ozoneimpl.OzoneContainer (OzoneContainer.java:startContainerScrub(179)) - Background container scanner has been disabled.
2019-10-02 05:53:22,360 [Datanode State Machine Thread - 0] INFO  ratis.XceiverServerRatis (XceiverServerRatis.java:start(417)) - Starting XceiverServerRatis 9b4f6868-9b7e-43dc-b890-c7b182608c59 at port 0
2019-10-02 05:53:22,368 [Datanode State Machine Thread - 0] INFO  impl.RaftServerProxy (RaftServerProxy.java:lambda$start$3(299)) - 9b4f6868-9b7e-43dc-b890-c7b182608c59: start RPC server
2019-10-02 05:53:22,371 [Datanode State Machine Thread - 0] INFO  server.GrpcService (GrpcService.java:startImpl(158)) - 9b4f6868-9b7e-43dc-b890-c7b182608c59: GrpcService started, listening on 0.0.0.0/0.0.0.0:42152
2019-10-02 05:53:22,371 [Datanode State Machine Thread - 0] INFO  ratis.XceiverServerRatis (XceiverServerRatis.java:start(427)) - XceiverServerRatis 9b4f6868-9b7e-43dc-b890-c7b182608c59 is started using port 42152
2019-10-02 05:53:22,371 [Datanode State Machine Thread - 0] INFO  server.XceiverServerGrpc (XceiverServerGrpc.java:start(149)) - XceiverServerGrpc 9b4f6868-9b7e-43dc-b890-c7b182608c59 is started using port 46063
2019-10-02 05:53:22,382 [Datanode State Machine Thread - 0] INFO  ozoneimpl.OzoneContainer (OzoneContainer.java:start(217)) - Attempting to start container services.
2019-10-02 05:53:22,382 [Datanode State Machine Thread - 0] INFO  ozoneimpl.OzoneContainer (OzoneContainer.java:startContainerScrub(179)) - Background container scanner has been disabled.
2019-10-02 05:53:22,382 [Datanode State Machine Thread - 0] INFO  ratis.XceiverServerRatis (XceiverServerRatis.java:start(417)) - Starting XceiverServerRatis a029b640-5e64-4bed-9f71-7887e3adccfd at port 0
2019-10-02 05:53:22,389 [Datanode State Machine Thread - 0] INFO  impl.RaftServerProxy (RaftServerProxy.java:lambda$start$3(299)) - a029b640-5e64-4bed-9f71-7887e3adccfd: start RPC server
2019-10-02 05:53:22,391 [Datanode State Machine Thread - 0] INFO  server.GrpcService (GrpcService.java:startImpl(158)) - a029b640-5e64-4bed-9f71-7887e3adccfd: GrpcService started, listening on 0.0.0.0/0.0.0.0:44295
2019-10-02 05:53:22,391 [Datanode State Machine Thread - 0] INFO  ratis.XceiverServerRatis (XceiverServerRatis.java:start(427)) - XceiverServerRatis a029b640-5e64-4bed-9f71-7887e3adccfd is started using port 44295
2019-10-02 05:53:22,392 [Datanode State Machine Thread - 0] INFO  server.XceiverServerGrpc (XceiverServerGrpc.java:start(149)) - XceiverServerGrpc a029b640-5e64-4bed-9f71-7887e3adccfd is started using port 36829
2019-10-02 05:53:22,441 [Datanode State Machine Thread - 0] INFO  ozoneimpl.OzoneContainer (OzoneContainer.java:start(217)) - Attempting to start container services.
2019-10-02 05:53:22,442 [Datanode State Machine Thread - 0] INFO  ozoneimpl.OzoneContainer (OzoneContainer.java:startContainerScrub(179)) - Background container scanner has been disabled.
2019-10-02 05:53:22,442 [Datanode State Machine Thread - 0] INFO  ratis.XceiverServerRatis (XceiverServerRatis.java:start(417)) - Starting XceiverServerRatis 304102a3-92b0-47f9-a2f5-4776f32ebf56 at port 0
2019-10-02 05:53:22,448 [Datanode State Machine Thread - 0] INFO  impl.RaftServerProxy (RaftServerProxy.java:lambda$start$3(299)) - 304102a3-92b0-47f9-a2f5-4776f32ebf56: start RPC server
2019-10-02 05:53:22,453 [Datanode State Machine Thread - 0] INFO  server.GrpcService (GrpcService.java:startImpl(158)) - 304102a3-92b0-47f9-a2f5-4776f32ebf56: GrpcService started, listening on 0.0.0.0/0.0.0.0:44854
2019-10-02 05:53:22,454 [Datanode State Machine Thread - 0] INFO  ratis.XceiverServerRatis (XceiverServerRatis.java:start(427)) - XceiverServerRatis 304102a3-92b0-47f9-a2f5-4776f32ebf56 is started using port 44854
2019-10-02 05:53:22,458 [Datanode State Machine Thread - 0] INFO  server.XceiverServerGrpc (XceiverServerGrpc.java:start(149)) - XceiverServerGrpc 304102a3-92b0-47f9-a2f5-4776f32ebf56 is started using port 34808
2019-10-02 05:53:22,519 [Datanode State Machine Thread - 0] INFO  ozoneimpl.OzoneContainer (OzoneContainer.java:start(217)) - Attempting to start container services.
2019-10-02 05:53:22,520 [Datanode State Machine Thread - 0] INFO  ozoneimpl.OzoneContainer (OzoneContainer.java:startContainerScrub(179)) - Background container scanner has been disabled.
2019-10-02 05:53:22,520 [Datanode State Machine Thread - 0] INFO  ratis.XceiverServerRatis (XceiverServerRatis.java:start(417)) - Starting XceiverServerRatis cebbc9e0-0ece-4d53-bcf3-1dae732d45f1 at port 0
2019-10-02 05:53:22,526 [Datanode State Machine Thread - 0] INFO  impl.RaftServerProxy (RaftServerProxy.java:lambda$start$3(299)) - cebbc9e0-0ece-4d53-bcf3-1dae732d45f1: start RPC server
2019-10-02 05:53:22,527 [Datanode State Machine Thread - 0] INFO  server.GrpcService (GrpcService.java:startImpl(158)) - cebbc9e0-0ece-4d53-bcf3-1dae732d45f1: GrpcService started, listening on 0.0.0.0/0.0.0.0:45252
2019-10-02 05:53:22,528 [Datanode State Machine Thread - 0] INFO  ratis.XceiverServerRatis (XceiverServerRatis.java:start(427)) - XceiverServerRatis cebbc9e0-0ece-4d53-bcf3-1dae732d45f1 is started using port 45252
2019-10-02 05:53:22,531 [Datanode State Machine Thread - 0] INFO  server.XceiverServerGrpc (XceiverServerGrpc.java:start(149)) - XceiverServerGrpc cebbc9e0-0ece-4d53-bcf3-1dae732d45f1 is started using port 43292
2019-10-02 05:53:22,584 [Datanode State Machine Thread - 0] INFO  ozoneimpl.OzoneContainer (OzoneContainer.java:start(217)) - Attempting to start container services.
2019-10-02 05:53:22,585 [Datanode State Machine Thread - 0] INFO  ozoneimpl.OzoneContainer (OzoneContainer.java:startContainerScrub(179)) - Background container scanner has been disabled.
2019-10-02 05:53:22,585 [Datanode State Machine Thread - 0] INFO  ratis.XceiverServerRatis (XceiverServerRatis.java:start(417)) - Starting XceiverServerRatis 70ac7ae1-c153-4f9a-984d-28504dfc99f5 at port 0
2019-10-02 05:53:22,590 [Datanode State Machine Thread - 0] INFO  impl.RaftServerProxy (RaftServerProxy.java:lambda$start$3(299)) - 70ac7ae1-c153-4f9a-984d-28504dfc99f5: start RPC server
2019-10-02 05:53:22,591 [Datanode State Machine Thread - 0] INFO  server.GrpcService (GrpcService.java:startImpl(158)) - 70ac7ae1-c153-4f9a-984d-28504dfc99f5: GrpcService started, listening on 0.0.0.0/0.0.0.0:40662
2019-10-02 05:53:22,591 [Datanode State Machine Thread - 0] INFO  ratis.XceiverServerRatis (XceiverServerRatis.java:start(427)) - XceiverServerRatis 70ac7ae1-c153-4f9a-984d-28504dfc99f5 is started using port 40662
2019-10-02 05:53:22,594 [Datanode State Machine Thread - 0] INFO  server.XceiverServerGrpc (XceiverServerGrpc.java:start(149)) - XceiverServerGrpc 70ac7ae1-c153-4f9a-984d-28504dfc99f5 is started using port 34194
2019-10-02 05:53:22,656 [Datanode State Machine Thread - 0] INFO  ozoneimpl.OzoneContainer (OzoneContainer.java:start(217)) - Attempting to start container services.
2019-10-02 05:53:22,656 [Datanode State Machine Thread - 0] INFO  ozoneimpl.OzoneContainer (OzoneContainer.java:startContainerScrub(179)) - Background container scanner has been disabled.
2019-10-02 05:53:22,656 [Datanode State Machine Thread - 0] INFO  ratis.XceiverServerRatis (XceiverServerRatis.java:start(417)) - Starting XceiverServerRatis 9cfd416b-6ceb-4706-a96c-8f6d75541741 at port 0
2019-10-02 05:53:22,661 [Datanode State Machine Thread - 0] INFO  impl.RaftServerProxy (RaftServerProxy.java:lambda$start$3(299)) - 9cfd416b-6ceb-4706-a96c-8f6d75541741: start RPC server
2019-10-02 05:53:22,661 [Datanode State Machine Thread - 0] INFO  server.GrpcService (GrpcService.java:startImpl(158)) - 9cfd416b-6ceb-4706-a96c-8f6d75541741: GrpcService started, listening on 0.0.0.0/0.0.0.0:46826
2019-10-02 05:53:22,662 [Datanode State Machine Thread - 0] INFO  ratis.XceiverServerRatis (XceiverServerRatis.java:start(427)) - XceiverServerRatis 9cfd416b-6ceb-4706-a96c-8f6d75541741 is started using port 46826
2019-10-02 05:53:22,662 [Datanode State Machine Thread - 0] INFO  server.XceiverServerGrpc (XceiverServerGrpc.java:start(149)) - XceiverServerGrpc 9cfd416b-6ceb-4706-a96c-8f6d75541741 is started using port 34257
2019-10-02 05:53:22,701 [main] INFO  ozone.MiniOzoneClusterImpl (MiniOzoneClusterImpl.java:lambda$waitForClusterToBeReady$0(147)) - Waiting for cluster to be ready. Got 0 of 7 DN Heartbeats.
2019-10-02 05:53:22,715 [Datanode State Machine Thread - 0] INFO  ozoneimpl.OzoneContainer (OzoneContainer.java:start(217)) - Attempting to start container services.
2019-10-02 05:53:22,715 [Datanode State Machine Thread - 0] INFO  ozoneimpl.OzoneContainer (OzoneContainer.java:startContainerScrub(179)) - Background container scanner has been disabled.
2019-10-02 05:53:22,715 [Datanode State Machine Thread - 0] INFO  ratis.XceiverServerRatis (XceiverServerRatis.java:start(417)) - Starting XceiverServerRatis f21b9375-dc47-4395-bc11-b05a52490165 at port 0
2019-10-02 05:53:22,721 [Datanode State Machine Thread - 0] INFO  impl.RaftServerProxy (RaftServerProxy.java:lambda$start$3(299)) - f21b9375-dc47-4395-bc11-b05a52490165: start RPC server
2019-10-02 05:53:22,724 [Datanode State Machine Thread - 0] INFO  server.GrpcService (GrpcService.java:startImpl(158)) - f21b9375-dc47-4395-bc11-b05a52490165: GrpcService started, listening on 0.0.0.0/0.0.0.0:38981
2019-10-02 05:53:22,724 [Datanode State Machine Thread - 0] INFO  ratis.XceiverServerRatis (XceiverServerRatis.java:start(427)) - XceiverServerRatis f21b9375-dc47-4395-bc11-b05a52490165 is started using port 38981
2019-10-02 05:53:22,726 [Datanode State Machine Thread - 0] INFO  server.XceiverServerGrpc (XceiverServerGrpc.java:start(149)) - XceiverServerGrpc f21b9375-dc47-4395-bc11-b05a52490165 is started using port 43841
2019-10-02 05:53:23,702 [main] INFO  ozone.MiniOzoneClusterImpl (MiniOzoneClusterImpl.java:lambda$waitForClusterToBeReady$0(147)) - Waiting for cluster to be ready. Got 0 of 7 DN Heartbeats.
2019-10-02 05:53:24,306 [IPC Server handler 2 on 45705] INFO  net.NetworkTopology (NetworkTopologyImpl.java:add(111)) - Added a new node: /default-rack/9b4f6868-9b7e-43dc-b890-c7b182608c59
2019-10-02 05:53:24,308 [IPC Server handler 2 on 45705] INFO  node.SCMNodeManager (SCMNodeManager.java:register(266)) - Registered Data node : 9b4f6868-9b7e-43dc-b890-c7b182608c59{ip: 192.168.164.250, host: pr-trunk-p5fv4-2201032288, networkLocation: /default-rack, certSerialId: null}
2019-10-02 05:53:24,309 [EventQueue-NodeRegistrationContainerReportForDataNodeSafeModeRule] INFO  safemode.SCMSafeModeManager (DataNodeSafeModeRule.java:process(71)) - SCM in safe mode. 1 DataNodes registered, 1 required.
2019-10-02 05:53:24,310 [EventQueue-NodeRegistrationContainerReportForDataNodeSafeModeRule] INFO  safemode.SCMSafeModeManager (SCMSafeModeManager.java:validateSafeModeExitRules(177)) - ScmSafeModeManager, all rules are successfully validated
2019-10-02 05:53:24,310 [EventQueue-NodeRegistrationContainerReportForDataNodeSafeModeRule] INFO  safemode.SCMSafeModeManager (SCMSafeModeManager.java:exitSafeMode(193)) - SCM exiting safe mode.
2019-10-02 05:53:24,326 [grpc-default-executor-15] INFO  impl.RaftServerProxy (RaftServerProxy.java:addNew(89)) - 9b4f6868-9b7e-43dc-b890-c7b182608c59: addNew group-06F6DC8221B1:[9b4f6868-9b7e-43dc-b890-c7b182608c59:192.168.164.250:42152] returns group-06F6DC8221B1:java.util.concurrent.CompletableFuture@477fb6ce[Not completed]
2019-10-02 05:53:24,329 [pool-121-thread-1] INFO  impl.RaftServerImpl (RaftServerImpl.java:<init>(95)) - 9b4f6868-9b7e-43dc-b890-c7b182608c59: new RaftServerImpl for group-06F6DC8221B1:[9b4f6868-9b7e-43dc-b890-c7b182608c59:192.168.164.250:42152] with ContainerStateMachine:uninitialized
2019-10-02 05:53:24,329 [pool-121-thread-1] INFO  server.RaftServerConfigKeys (ConfUtils.java:logGet(43)) - raft.server.rpc.timeout.min = 5s (custom)
2019-10-02 05:53:24,329 [pool-121-thread-1] INFO  server.RaftServerConfigKeys (ConfUtils.java:logGet(43)) - raft.server.rpc.timeout.max = 5200ms (custom)
2019-10-02 05:53:24,329 [pool-121-thread-1] INFO  server.RaftServerConfigKeys (ConfUtils.java:logGet(43)) - raft.server.rpcslowness.timeout = 120s (custom)
2019-10-02 05:53:24,330 [pool-121-thread-1] INFO  server.RaftServerConfigKeys (ConfUtils.java:logGet(43)) - raft.server.sleep.deviation.threshold = 300 (default)
2019-10-02 05:53:24,330 [pool-121-thread-1] INFO  server.RaftServerConfigKeys (ConfUtils.java:logGet(43)) - raft.server.log.appender.install.snapshot.enabled = false (custom)
2019-10-02 05:53:24,330 [pool-121-thread-1] INFO  impl.RaftServerImpl (ServerState.java:<init>(103)) - 9b4f6868-9b7e-43dc-b890-c7b182608c59@group-06F6DC8221B1: ConfigurationManager, init=-1: [9b4f6868-9b7e-43dc-b890-c7b182608c59:192.168.164.250:42152], old=null, confs=<EMPTY_MAP>
2019-10-02 05:53:24,330 [pool-121-thread-1] INFO  server.RaftServerConfigKeys (ConfUtils.java:logGet(43)) - raft.server.storage.dir = [/workdir/hadoop-ozone/integration-test/target/test-dir/MiniOzoneClusterImpl-215539d9-6da0-41b8-98ae-029774e0e657/datanode-0/data/ratis] (custom)
2019-10-02 05:53:24,330 [pool-121-thread-1] INFO  server.RaftServerConfigKeys (ConfUtils.java:logGet(43)) - raft.server.log.corruption.policy = EXCEPTION (default)
2019-10-02 05:53:24,331 [pool-121-thread-1] INFO  storage.RaftStorageDirectory (RaftStorageDirectory.java:analyzeStorage(246)) - The storage directory /workdir/hadoop-ozone/integration-test/target/test-dir/MiniOzoneClusterImpl-215539d9-6da0-41b8-98ae-029774e0e657/datanode-0/data/ratis/9aca2756-a92f-4018-9914-06f6dc8221b1 does not exist. Creating ...
2019-10-02 05:53:24,344 [pool-121-thread-1] INFO  storage.RaftStorageDirectory (RaftStorageDirectory.java:tryLock(328)) - Lock on /workdir/hadoop-ozone/integration-test/target/test-dir/MiniOzoneClusterImpl-215539d9-6da0-41b8-98ae-029774e0e657/datanode-0/data/ratis/9aca2756-a92f-4018-9914-06f6dc8221b1/in_use.lock acquired by nodename 32484@pr-trunk-p5fv4-2201032288
2019-10-02 05:53:24,357 [pool-121-thread-1] INFO  storage.RaftStorage (RaftStorage.java:format(84)) - Storage directory /workdir/hadoop-ozone/integration-test/target/test-dir/MiniOzoneClusterImpl-215539d9-6da0-41b8-98ae-029774e0e657/datanode-0/data/ratis/9aca2756-a92f-4018-9914-06f6dc8221b1 has been successfully formatted.
2019-10-02 05:53:24,357 [pool-121-thread-1] INFO  ratis.ContainerStateMachine (ContainerStateMachine.java:loadSnapshot(231)) - group-06F6DC8221B1: The snapshot info is null. Setting the last applied indexto:(t:0, i:~)
2019-10-02 05:53:24,357 [pool-121-thread-1] INFO  server.RaftServerConfigKeys (ConfUtils.java:logGet(43)) - raft.server.notification.no-leader.timeout = 120s (custom)
2019-10-02 05:53:24,357 [pool-121-thread-1] INFO  server.RaftServerConfigKeys (ConfUtils.java:logGet(43)) - raft.server.log.use.memory = false (default)
2019-10-02 05:53:24,357 [pool-121-thread-1] INFO  server.RaftServerConfigKeys (ConfUtils.java:logGet(43)) - raft.server.log.purge.gap = 1000000 (custom)
2019-10-02 05:53:24,357 [pool-121-thread-1] INFO  server.RaftServerConfigKeys (ConfUtils.java:logGet(43)) - raft.server.log.appender.buffer.byte-limit = 33554432 (custom)
2019-10-02 05:53:24,357 [pool-121-thread-1] INFO  server.RaftServerConfigKeys (ConfUtils.java:logGet(43)) - raft.server.log.segment.size.max = 1048576 (custom)
2019-10-02 05:53:24,359 [pool-121-thread-1] INFO  server.RaftServerConfigKeys (ConfUtils.java:logGet(43)) - raft.server.log.segment.cache.num.max = 2 (custom)
2019-10-02 05:53:24,359 [pool-121-thread-1] INFO  segmented.SegmentedRaftLogWorker (SegmentedRaftLogWorker.java:<init>(173)) - new 9b4f6868-9b7e-43dc-b890-c7b182608c59@group-06F6DC8221B1-SegmentedRaftLogWorker for RaftStorage:Storage Directory /workdir/hadoop-ozone/integration-test/target/test-dir/MiniOzoneClusterImpl-215539d9-6da0-41b8-98ae-029774e0e657/datanode-0/data/ratis/9aca2756-a92f-4018-9914-06f6dc8221b1
2019-10-02 05:53:24,359 [pool-121-thread-1] INFO  server.RaftServerConfigKeys (ConfUtils.java:logGet(43)) - raft.server.log.queue.byte-limit = 2147483647 (custom)
2019-10-02 05:53:24,359 [pool-121-thread-1] INFO  server.RaftServerConfigKeys (ConfUtils.java:logGet(43)) - raft.server.log.queue.element-limit = 1024 (custom)
2019-10-02 05:53:24,360 [pool-121-thread-1] INFO  server.RaftServerConfigKeys (ConfUtils.java:logGet(43)) - raft.server.log.segment.size.max = 1048576 (custom)
2019-10-02 05:53:24,360 [pool-121-thread-1] INFO  server.RaftServerConfigKeys (ConfUtils.java:logGet(43)) - raft.server.log.preallocated.size = 16384 (custom)
2019-10-02 05:53:24,360 [pool-121-thread-1] INFO  server.RaftServerConfigKeys (ConfUtils.java:logGet(43)) - raft.server.log.write.buffer.size = 33554432 (custom)
2019-10-02 05:53:24,360 [pool-121-thread-1] INFO  server.RaftServerConfigKeys (ConfUtils.java:logGet(43)) - raft.server.log.force.sync.num = 128 (default)
2019-10-02 05:53:24,360 [pool-121-thread-1] INFO  server.RaftServerConfigKeys (ConfUtils.java:logGet(43)) - raft.server.log.statemachine.data.sync = true (default)
2019-10-02 05:53:24,360 [pool-121-thread-1] INFO  server.RaftServerConfigKeys (ConfUtils.java:logGet(43)) - raft.server.log.statemachine.data.sync.timeout = 10s (default)
2019-10-02 05:53:24,360 [pool-121-thread-1] INFO  server.RaftServerConfigKeys (ConfUtils.java:logGet(43)) - raft.server.log.statemachine.data.sync.timeout.retry = -1 (default)
2019-10-02 05:53:24,361 [pool-121-thread-1] INFO  server.RaftServerConfigKeys (ConfUtils.java:logGet(43)) - raft.server.log.statemachine.data.caching.enabled = true (custom)
2019-10-02 05:53:24,361 [pool-121-thread-1] INFO  segmented.SegmentedRaftLogWorker (SegmentedRaftLogWorker.java:lambda$new$0(128)) - 9b4f6868-9b7e-43dc-b890-c7b182608c59@group-06F6DC8221B1-SegmentedRaftLogWorker: flushIndex: setUnconditionally 0 -> -1
2019-10-02 05:53:24,361 [pool-121-thread-1] INFO  server.RaftServerConfigKeys (ConfUtils.java:logGet(43)) - raft.server.snapshot.auto.trigger.enabled = true (custom)
2019-10-02 05:53:24,361 [pool-121-thread-1] INFO  server.RaftServerConfigKeys (ConfUtils.java:logGet(43)) - raft.server.snapshot.auto.trigger.threshold = 10000 (custom)
2019-10-02 05:53:24,361 [pool-121-thread-1] INFO  server.RaftServerConfigKeys (ConfUtils.java:logGet(43)) - raft.server.snapshot.retention.file.num = 5 (custom)
2019-10-02 05:53:24,361 [pool-121-thread-1] INFO  server.RaftServerConfigKeys (ConfUtils.java:logGet(43)) - raft.server.retrycache.expirytime = 600000ms (custom)
2019-10-02 05:53:24,363 [pool-121-thread-1] INFO  impl.RaftServerImpl (RaftServerImpl.java:start(181)) - 9b4f6868-9b7e-43dc-b890-c7b182608c59@group-06F6DC8221B1: start as a follower, conf=-1: [9b4f6868-9b7e-43dc-b890-c7b182608c59:192.168.164.250:42152], old=null
2019-10-02 05:53:24,363 [pool-121-thread-1] INFO  impl.RaftServerImpl (RaftServerImpl.java:setRole(170)) - 9b4f6868-9b7e-43dc-b890-c7b182608c59@group-06F6DC8221B1: changes role from      null to FOLLOWER at term 0 for startAsFollower
2019-10-02 05:53:24,363 [pool-121-thread-1] INFO  impl.RoleInfo (RoleInfo.java:updateAndGet(143)) - 9b4f6868-9b7e-43dc-b890-c7b182608c59: start FollowerState
2019-10-02 05:53:24,364 [pool-121-thread-1] INFO  util.JmxRegister (JmxRegister.java:tryRegister(44)) - Successfully registered JMX Bean with object name Ratis:service=RaftServer,group=group-06F6DC8221B1,id=9b4f6868-9b7e-43dc-b890-c7b182608c59
2019-10-02 05:53:24,370 [IPC Server handler 3 on 45705] INFO  net.NetworkTopology (NetworkTopologyImpl.java:add(111)) - Added a new node: /default-rack/a029b640-5e64-4bed-9f71-7887e3adccfd
2019-10-02 05:53:24,370 [IPC Server handler 3 on 45705] INFO  node.SCMNodeManager (SCMNodeManager.java:register(266)) - Registered Data node : a029b640-5e64-4bed-9f71-7887e3adccfd{ip: 192.168.164.250, host: pr-trunk-p5fv4-2201032288, networkLocation: /default-rack, certSerialId: null}
2019-10-02 05:53:24,371 [RatisPipelineUtilsThread] INFO  pipeline.PipelineStateManager (PipelineStateManager.java:addPipeline(56)) - Created pipeline Pipeline[ Id: 9aca2756-a92f-4018-9914-06f6dc8221b1, Nodes: 9b4f6868-9b7e-43dc-b890-c7b182608c59{ip: 192.168.164.250, host: pr-trunk-p5fv4-2201032288, networkLocation: /default-rack, certSerialId: null}, Type:RATIS, Factor:ONE, State:OPEN]
2019-10-02 05:53:24,379 [grpc-default-executor-15] INFO  impl.RaftServerProxy (RaftServerProxy.java:addNew(89)) - a029b640-5e64-4bed-9f71-7887e3adccfd: addNew group-41751972C26D:[a029b640-5e64-4bed-9f71-7887e3adccfd:192.168.164.250:44295] returns group-41751972C26D:java.util.concurrent.CompletableFuture@53a0d653[Not completed]
2019-10-02 05:53:24,384 [pool-131-thread-1] INFO  impl.RaftServerImpl (RaftServerImpl.java:<init>(95)) - a029b640-5e64-4bed-9f71-7887e3adccfd: new RaftServerImpl for group-41751972C26D:[a029b640-5e64-4bed-9f71-7887e3adccfd:192.168.164.250:44295] with ContainerStateMachine:uninitialized
2019-10-02 05:53:24,384 [pool-131-thread-1] INFO  server.RaftServerConfigKeys (ConfUtils.java:logGet(43)) - raft.server.rpc.timeout.min = 5s (custom)
2019-10-02 05:53:24,384 [pool-131-thread-1] INFO  server.RaftServerConfigKeys (ConfUtils.java:logGet(43)) - raft.server.rpc.timeout.max = 5200ms (custom)
2019-10-02 05:53:24,385 [pool-131-thread-1] INFO  server.RaftServerConfigKeys (ConfUtils.java:logGet(43)) - raft.server.rpcslowness.timeout = 120s (custom)
2019-10-02 05:53:24,385 [pool-131-thread-1] INFO  server.RaftServerConfigKeys (ConfUtils.java:logGet(43)) - raft.server.sleep.deviation.threshold = 300 (default)
2019-10-02 05:53:24,385 [pool-131-thread-1] INFO  server.RaftServerConfigKeys (ConfUtils.java:logGet(43)) - raft.server.log.appender.install.snapshot.enabled = false (custom)
2019-10-02 05:53:24,385 [pool-131-thread-1] INFO  impl.RaftServerImpl (ServerState.java:<init>(103)) - a029b640-5e64-4bed-9f71-7887e3adccfd@group-41751972C26D: ConfigurationManager, init=-1: [a029b640-5e64-4bed-9f71-7887e3adccfd:192.168.164.250:44295], old=null, confs=<EMPTY_MAP>
2019-10-02 05:53:24,385 [pool-131-thread-1] INFO  server.RaftServerConfigKeys (ConfUtils.java:logGet(43)) - raft.server.storage.dir = [/workdir/hadoop-ozone/integration-test/target/test-dir/MiniOzoneClusterImpl-215539d9-6da0-41b8-98ae-029774e0e657/datanode-1/data/ratis] (custom)
2019-10-02 05:53:24,385 [pool-131-thread-1] INFO  server.RaftServerConfigKeys (ConfUtils.java:logGet(43)) - raft.server.log.corruption.policy = EXCEPTION (default)
2019-10-02 05:53:24,386 [pool-131-thread-1] INFO  storage.RaftStorageDirectory (RaftStorageDirectory.java:analyzeStorage(246)) - The storage directory /workdir/hadoop-ozone/integration-test/target/test-dir/MiniOzoneClusterImpl-215539d9-6da0-41b8-98ae-029774e0e657/datanode-1/data/ratis/0409f458-822e-4110-b7d4-41751972c26d does not exist. Creating ...
2019-10-02 05:53:24,398 [pool-131-thread-1] INFO  storage.RaftStorageDirectory (RaftStorageDirectory.java:tryLock(328)) - Lock on /workdir/hadoop-ozone/integration-test/target/test-dir/MiniOzoneClusterImpl-215539d9-6da0-41b8-98ae-029774e0e657/datanode-1/data/ratis/0409f458-822e-4110-b7d4-41751972c26d/in_use.lock acquired by nodename 32484@pr-trunk-p5fv4-2201032288
2019-10-02 05:53:24,401 [pool-131-thread-1] INFO  storage.RaftStorage (RaftStorage.java:format(84)) - Storage directory /workdir/hadoop-ozone/integration-test/target/test-dir/MiniOzoneClusterImpl-215539d9-6da0-41b8-98ae-029774e0e657/datanode-1/data/ratis/0409f458-822e-4110-b7d4-41751972c26d has been successfully formatted.
2019-10-02 05:53:24,402 [pool-131-thread-1] INFO  ratis.ContainerStateMachine (ContainerStateMachine.java:loadSnapshot(231)) - group-41751972C26D: The snapshot info is null. Setting the last applied indexto:(t:0, i:~)
2019-10-02 05:53:24,402 [pool-131-thread-1] INFO  server.RaftServerConfigKeys (ConfUtils.java:logGet(43)) - raft.server.notification.no-leader.timeout = 120s (custom)
2019-10-02 05:53:24,402 [pool-131-thread-1] INFO  server.RaftServerConfigKeys (ConfUtils.java:logGet(43)) - raft.server.log.use.memory = false (default)
2019-10-02 05:53:24,402 [pool-131-thread-1] INFO  server.RaftServerConfigKeys (ConfUtils.java:logGet(43)) - raft.server.log.purge.gap = 1000000 (custom)
2019-10-02 05:53:24,402 [pool-131-thread-1] INFO  server.RaftServerConfigKeys (ConfUtils.java:logGet(43)) - raft.server.log.appender.buffer.byte-limit = 33554432 (custom)
2019-10-02 05:53:24,402 [pool-131-thread-1] INFO  server.RaftServerConfigKeys (ConfUtils.java:logGet(43)) - raft.server.log.segment.size.max = 1048576 (custom)
2019-10-02 05:53:24,404 [pool-131-thread-1] INFO  server.RaftServerConfigKeys (ConfUtils.java:logGet(43)) - raft.server.log.segment.cache.num.max = 2 (custom)
2019-10-02 05:53:24,405 [pool-131-thread-1] INFO  segmented.SegmentedRaftLogWorker (SegmentedRaftLogWorker.java:<init>(173)) - new a029b640-5e64-4bed-9f71-7887e3adccfd@group-41751972C26D-SegmentedRaftLogWorker for RaftStorage:Storage Directory /workdir/hadoop-ozone/integration-test/target/test-dir/MiniOzoneClusterImpl-215539d9-6da0-41b8-98ae-029774e0e657/datanode-1/data/ratis/0409f458-822e-4110-b7d4-41751972c26d
2019-10-02 05:53:24,405 [pool-131-thread-1] INFO  server.RaftServerConfigKeys (ConfUtils.java:logGet(43)) - raft.server.log.queue.byte-limit = 2147483647 (custom)
2019-10-02 05:53:24,405 [pool-131-thread-1] INFO  server.RaftServerConfigKeys (ConfUtils.java:logGet(43)) - raft.server.log.queue.element-limit = 1024 (custom)
2019-10-02 05:53:24,405 [pool-131-thread-1] INFO  server.RaftServerConfigKeys (ConfUtils.java:logGet(43)) - raft.server.log.segment.size.max = 1048576 (custom)
2019-10-02 05:53:24,405 [pool-131-thread-1] INFO  server.RaftServerConfigKeys (ConfUtils.java:logGet(43)) - raft.server.log.preallocated.size = 16384 (custom)
2019-10-02 05:53:24,405 [pool-131-thread-1] INFO  server.RaftServerConfigKeys (ConfUtils.java:logGet(43)) - raft.server.log.write.buffer.size = 33554432 (custom)
2019-10-02 05:53:24,405 [pool-131-thread-1] INFO  server.RaftServerConfigKeys (ConfUtils.java:logGet(43)) - raft.server.log.force.sync.num = 128 (default)
2019-10-02 05:53:24,405 [pool-131-thread-1] INFO  server.RaftServerConfigKeys (ConfUtils.java:logGet(43)) - raft.server.log.statemachine.data.sync = true (default)
2019-10-02 05:53:24,405 [pool-131-thread-1] INFO  server.RaftServerConfigKeys (ConfUtils.java:logGet(43)) - raft.server.log.statemachine.data.sync.timeout = 10s (default)
2019-10-02 05:53:24,405 [pool-131-thread-1] INFO  server.RaftServerConfigKeys (ConfUtils.java:logGet(43)) - raft.server.log.statemachine.data.sync.timeout.retry = -1 (default)
2019-10-02 05:53:24,406 [pool-131-thread-1] INFO  server.RaftServerConfigKeys (ConfUtils.java:logGet(43)) - raft.server.log.statemachine.data.caching.enabled = true (custom)
2019-10-02 05:53:24,406 [pool-131-thread-1] INFO  segmented.SegmentedRaftLogWorker (SegmentedRaftLogWorker.java:lambda$new$0(128)) - a029b640-5e64-4bed-9f71-7887e3adccfd@group-41751972C26D-SegmentedRaftLogWorker: flushIndex: setUnconditionally 0 -> -1
2019-10-02 05:53:24,406 [pool-131-thread-1] INFO  server.RaftServerConfigKeys (ConfUtils.java:logGet(43)) - raft.server.snapshot.auto.trigger.enabled = true (custom)
2019-10-02 05:53:24,407 [pool-131-thread-1] INFO  server.RaftServerConfigKeys (ConfUtils.java:logGet(43)) - raft.server.snapshot.auto.trigger.threshold = 10000 (custom)
2019-10-02 05:53:24,407 [pool-131-thread-1] INFO  server.RaftServerConfigKeys (ConfUtils.java:logGet(43)) - raft.server.snapshot.retention.file.num = 5 (custom)
2019-10-02 05:53:24,407 [pool-131-thread-1] INFO  server.RaftServerConfigKeys (ConfUtils.java:logGet(43)) - raft.server.retrycache.expirytime = 600000ms (custom)
2019-10-02 05:53:24,408 [pool-131-thread-1] INFO  impl.RaftServerImpl (RaftServerImpl.java:start(181)) - a029b640-5e64-4bed-9f71-7887e3adccfd@group-41751972C26D: start as a follower, conf=-1: [a029b640-5e64-4bed-9f71-7887e3adccfd:192.168.164.250:44295], old=null
2019-10-02 05:53:24,409 [pool-131-thread-1] INFO  impl.RaftServerImpl (RaftServerImpl.java:setRole(170)) - a029b640-5e64-4bed-9f71-7887e3adccfd@group-41751972C26D: changes role from      null to FOLLOWER at term 0 for startAsFollower
2019-10-02 05:53:24,409 [pool-131-thread-1] INFO  impl.RoleInfo (RoleInfo.java:updateAndGet(143)) - a029b640-5e64-4bed-9f71-7887e3adccfd: start FollowerState
2019-10-02 05:53:24,409 [pool-131-thread-1] INFO  util.JmxRegister (JmxRegister.java:tryRegister(44)) - Successfully registered JMX Bean with object name Ratis:service=RaftServer,group=group-41751972C26D,id=a029b640-5e64-4bed-9f71-7887e3adccfd
2019-10-02 05:53:24,415 [RatisPipelineUtilsThread] INFO  pipeline.PipelineStateManager (PipelineStateManager.java:addPipeline(56)) - Created pipeline Pipeline[ Id: 0409f458-822e-4110-b7d4-41751972c26d, Nodes: a029b640-5e64-4bed-9f71-7887e3adccfd{ip: 192.168.164.250, host: pr-trunk-p5fv4-2201032288, networkLocation: /default-rack, certSerialId: null}, Type:RATIS, Factor:ONE, State:OPEN]
2019-10-02 05:53:24,429 [IPC Server handler 4 on 45705] INFO  net.NetworkTopology (NetworkTopologyImpl.java:add(111)) - Added a new node: /default-rack/304102a3-92b0-47f9-a2f5-4776f32ebf56
2019-10-02 05:53:24,429 [IPC Server handler 4 on 45705] INFO  node.SCMNodeManager (SCMNodeManager.java:register(266)) - Registered Data node : 304102a3-92b0-47f9-a2f5-4776f32ebf56{ip: 192.168.164.250, host: pr-trunk-p5fv4-2201032288, networkLocation: /default-rack, certSerialId: null}
2019-10-02 05:53:24,437 [grpc-default-executor-15] INFO  impl.RaftServerProxy (RaftServerProxy.java:addNew(89)) - 304102a3-92b0-47f9-a2f5-4776f32ebf56: addNew group-81E8D53B02AA:[304102a3-92b0-47f9-a2f5-4776f32ebf56:192.168.164.250:44854] returns group-81E8D53B02AA:java.util.concurrent.CompletableFuture@2f59c29[Not completed]
2019-10-02 05:53:24,441 [pool-141-thread-1] INFO  impl.RaftServerImpl (RaftServerImpl.java:<init>(95)) - 304102a3-92b0-47f9-a2f5-4776f32ebf56: new RaftServerImpl for group-81E8D53B02AA:[304102a3-92b0-47f9-a2f5-4776f32ebf56:192.168.164.250:44854] with ContainerStateMachine:uninitialized
2019-10-02 05:53:24,442 [pool-141-thread-1] INFO  server.RaftServerConfigKeys (ConfUtils.java:logGet(43)) - raft.server.rpc.timeout.min = 5s (custom)
2019-10-02 05:53:24,442 [pool-141-thread-1] INFO  server.RaftServerConfigKeys (ConfUtils.java:logGet(43)) - raft.server.rpc.timeout.max = 5200ms (custom)
2019-10-02 05:53:24,442 [pool-141-thread-1] INFO  server.RaftServerConfigKeys (ConfUtils.java:logGet(43)) - raft.server.rpcslowness.timeout = 120s (custom)
2019-10-02 05:53:24,442 [pool-141-thread-1] INFO  server.RaftServerConfigKeys (ConfUtils.java:logGet(43)) - raft.server.sleep.deviation.threshold = 300 (default)
2019-10-02 05:53:24,442 [pool-141-thread-1] INFO  server.RaftServerConfigKeys (ConfUtils.java:logGet(43)) - raft.server.log.appender.install.snapshot.enabled = false (custom)
2019-10-02 05:53:24,442 [pool-141-thread-1] INFO  impl.RaftServerImpl (ServerState.java:<init>(103)) - 304102a3-92b0-47f9-a2f5-4776f32ebf56@group-81E8D53B02AA: ConfigurationManager, init=-1: [304102a3-92b0-47f9-a2f5-4776f32ebf56:192.168.164.250:44854], old=null, confs=<EMPTY_MAP>
2019-10-02 05:53:24,442 [pool-141-thread-1] INFO  server.RaftServerConfigKeys (ConfUtils.java:logGet(43)) - raft.server.storage.dir = [/workdir/hadoop-ozone/integration-test/target/test-dir/MiniOzoneClusterImpl-215539d9-6da0-41b8-98ae-029774e0e657/datanode-2/data/ratis] (custom)
2019-10-02 05:53:24,442 [pool-141-thread-1] INFO  server.RaftServerConfigKeys (ConfUtils.java:logGet(43)) - raft.server.log.corruption.policy = EXCEPTION (default)
2019-10-02 05:53:24,443 [pool-141-thread-1] INFO  storage.RaftStorageDirectory (RaftStorageDirectory.java:analyzeStorage(246)) - The storage directory /workdir/hadoop-ozone/integration-test/target/test-dir/MiniOzoneClusterImpl-215539d9-6da0-41b8-98ae-029774e0e657/datanode-2/data/ratis/41ce0115-9df3-444c-871c-81e8d53b02aa does not exist. Creating ...
2019-10-02 05:53:24,454 [pool-141-thread-1] INFO  storage.RaftStorageDirectory (RaftStorageDirectory.java:tryLock(328)) - Lock on /workdir/hadoop-ozone/integration-test/target/test-dir/MiniOzoneClusterImpl-215539d9-6da0-41b8-98ae-029774e0e657/datanode-2/data/ratis/41ce0115-9df3-444c-871c-81e8d53b02aa/in_use.lock acquired by nodename 32484@pr-trunk-p5fv4-2201032288
2019-10-02 05:53:24,466 [pool-141-thread-1] INFO  storage.RaftStorage (RaftStorage.java:format(84)) - Storage directory /workdir/hadoop-ozone/integration-test/target/test-dir/MiniOzoneClusterImpl-215539d9-6da0-41b8-98ae-029774e0e657/datanode-2/data/ratis/41ce0115-9df3-444c-871c-81e8d53b02aa has been successfully formatted.
2019-10-02 05:53:24,467 [pool-141-thread-1] INFO  ratis.ContainerStateMachine (ContainerStateMachine.java:loadSnapshot(231)) - group-81E8D53B02AA: The snapshot info is null. Setting the last applied indexto:(t:0, i:~)
2019-10-02 05:53:24,467 [pool-141-thread-1] INFO  server.RaftServerConfigKeys (ConfUtils.java:logGet(43)) - raft.server.notification.no-leader.timeout = 120s (custom)
2019-10-02 05:53:24,467 [pool-141-thread-1] INFO  server.RaftServerConfigKeys (ConfUtils.java:logGet(43)) - raft.server.log.use.memory = false (default)
2019-10-02 05:53:24,467 [pool-141-thread-1] INFO  server.RaftServerConfigKeys (ConfUtils.java:logGet(43)) - raft.server.log.purge.gap = 1000000 (custom)
2019-10-02 05:53:24,467 [pool-141-thread-1] INFO  server.RaftServerConfigKeys (ConfUtils.java:logGet(43)) - raft.server.log.appender.buffer.byte-limit = 33554432 (custom)
2019-10-02 05:53:24,467 [pool-141-thread-1] INFO  server.RaftServerConfigKeys (ConfUtils.java:logGet(43)) - raft.server.log.segment.size.max = 1048576 (custom)
2019-10-02 05:53:24,469 [pool-141-thread-1] INFO  server.RaftServerConfigKeys (ConfUtils.java:logGet(43)) - raft.server.log.segment.cache.num.max = 2 (custom)
2019-10-02 05:53:24,469 [pool-141-thread-1] INFO  segmented.SegmentedRaftLogWorker (SegmentedRaftLogWorker.java:<init>(173)) - new 304102a3-92b0-47f9-a2f5-4776f32ebf56@group-81E8D53B02AA-SegmentedRaftLogWorker for RaftStorage:Storage Directory /workdir/hadoop-ozone/integration-test/target/test-dir/MiniOzoneClusterImpl-215539d9-6da0-41b8-98ae-029774e0e657/datanode-2/data/ratis/41ce0115-9df3-444c-871c-81e8d53b02aa
2019-10-02 05:53:24,469 [pool-141-thread-1] INFO  server.RaftServerConfigKeys (ConfUtils.java:logGet(43)) - raft.server.log.queue.byte-limit = 2147483647 (custom)
2019-10-02 05:53:24,469 [pool-141-thread-1] INFO  server.RaftServerConfigKeys (ConfUtils.java:logGet(43)) - raft.server.log.queue.element-limit = 1024 (custom)
2019-10-02 05:53:24,469 [pool-141-thread-1] INFO  server.RaftServerConfigKeys (ConfUtils.java:logGet(43)) - raft.server.log.segment.size.max = 1048576 (custom)
2019-10-02 05:53:24,469 [pool-141-thread-1] INFO  server.RaftServerConfigKeys (ConfUtils.java:logGet(43)) - raft.server.log.preallocated.size = 16384 (custom)
2019-10-02 05:53:24,469 [pool-141-thread-1] INFO  server.RaftServerConfigKeys (ConfUtils.java:logGet(43)) - raft.server.log.write.buffer.size = 33554432 (custom)
2019-10-02 05:53:24,469 [pool-141-thread-1] INFO  server.RaftServerConfigKeys (ConfUtils.java:logGet(43)) - raft.server.log.force.sync.num = 128 (default)
2019-10-02 05:53:24,469 [pool-141-thread-1] INFO  server.RaftServerConfigKeys (ConfUtils.java:logGet(43)) - raft.server.log.statemachine.data.sync = true (default)
2019-10-02 05:53:24,469 [pool-141-thread-1] INFO  server.RaftServerConfigKeys (ConfUtils.java:logGet(43)) - raft.server.log.statemachine.data.sync.timeout = 10s (default)
2019-10-02 05:53:24,469 [pool-141-thread-1] INFO  server.RaftServerConfigKeys (ConfUtils.java:logGet(43)) - raft.server.log.statemachine.data.sync.timeout.retry = -1 (default)
2019-10-02 05:53:24,470 [pool-141-thread-1] INFO  server.RaftServerConfigKeys (ConfUtils.java:logGet(43)) - raft.server.log.statemachine.data.caching.enabled = true (custom)
2019-10-02 05:53:24,470 [pool-141-thread-1] INFO  segmented.SegmentedRaftLogWorker (SegmentedRaftLogWorker.java:lambda$new$0(128)) - 304102a3-92b0-47f9-a2f5-4776f32ebf56@group-81E8D53B02AA-SegmentedRaftLogWorker: flushIndex: setUnconditionally 0 -> -1
2019-10-02 05:53:24,470 [pool-141-thread-1] INFO  server.RaftServerConfigKeys (ConfUtils.java:logGet(43)) - raft.server.snapshot.auto.trigger.enabled = true (custom)
2019-10-02 05:53:24,470 [pool-141-thread-1] INFO  server.RaftServerConfigKeys (ConfUtils.java:logGet(43)) - raft.server.snapshot.auto.trigger.threshold = 10000 (custom)
2019-10-02 05:53:24,470 [pool-141-thread-1] INFO  server.RaftServerConfigKeys (ConfUtils.java:logGet(43)) - raft.server.snapshot.retention.file.num = 5 (custom)
2019-10-02 05:53:24,471 [pool-141-thread-1] INFO  server.RaftServerConfigKeys (ConfUtils.java:logGet(43)) - raft.server.retrycache.expirytime = 600000ms (custom)
2019-10-02 05:53:24,472 [pool-141-thread-1] INFO  impl.RaftServerImpl (RaftServerImpl.java:start(181)) - 304102a3-92b0-47f9-a2f5-4776f32ebf56@group-81E8D53B02AA: start as a follower, conf=-1: [304102a3-92b0-47f9-a2f5-4776f32ebf56:192.168.164.250:44854], old=null
2019-10-02 05:53:24,472 [pool-141-thread-1] INFO  impl.RaftServerImpl (RaftServerImpl.java:setRole(170)) - 304102a3-92b0-47f9-a2f5-4776f32ebf56@group-81E8D53B02AA: changes role from      null to FOLLOWER at term 0 for startAsFollower
2019-10-02 05:53:24,472 [pool-141-thread-1] INFO  impl.RoleInfo (RoleInfo.java:updateAndGet(143)) - 304102a3-92b0-47f9-a2f5-4776f32ebf56: start FollowerState
2019-10-02 05:53:24,473 [pool-141-thread-1] INFO  util.JmxRegister (JmxRegister.java:tryRegister(44)) - Successfully registered JMX Bean with object name Ratis:service=RaftServer,group=group-81E8D53B02AA,id=304102a3-92b0-47f9-a2f5-4776f32ebf56
2019-10-02 05:53:24,479 [RatisPipelineUtilsThread] INFO  pipeline.PipelineStateManager (PipelineStateManager.java:addPipeline(56)) - Created pipeline Pipeline[ Id: 41ce0115-9df3-444c-871c-81e8d53b02aa, Nodes: 304102a3-92b0-47f9-a2f5-4776f32ebf56{ip: 192.168.164.250, host: pr-trunk-p5fv4-2201032288, networkLocation: /default-rack, certSerialId: null}, Type:RATIS, Factor:ONE, State:OPEN]
2019-10-02 05:53:24,491 [grpc-default-executor-14] INFO  impl.RaftServerProxy (RaftServerProxy.java:addNew(89)) - a029b640-5e64-4bed-9f71-7887e3adccfd: addNew group-BDB97411EE94:[9b4f6868-9b7e-43dc-b890-c7b182608c59:192.168.164.250:42152, 304102a3-92b0-47f9-a2f5-4776f32ebf56:192.168.164.250:44854, a029b640-5e64-4bed-9f71-7887e3adccfd:192.168.164.250:44295] returns group-BDB97411EE94:java.util.concurrent.CompletableFuture@8170699[Not completed]
2019-10-02 05:53:24,493 [grpc-default-executor-16] INFO  impl.RaftServerProxy (RaftServerProxy.java:addNew(89)) - 304102a3-92b0-47f9-a2f5-4776f32ebf56: addNew group-BDB97411EE94:[9b4f6868-9b7e-43dc-b890-c7b182608c59:192.168.164.250:42152, 304102a3-92b0-47f9-a2f5-4776f32ebf56:192.168.164.250:44854, a029b640-5e64-4bed-9f71-7887e3adccfd:192.168.164.250:44295] returns group-BDB97411EE94:java.util.concurrent.CompletableFuture@710811cb[Not completed]
2019-10-02 05:53:24,496 [grpc-default-executor-16] INFO  impl.RaftServerProxy (RaftServerProxy.java:addNew(89)) - 9b4f6868-9b7e-43dc-b890-c7b182608c59: addNew group-BDB97411EE94:[9b4f6868-9b7e-43dc-b890-c7b182608c59:192.168.164.250:42152, 304102a3-92b0-47f9-a2f5-4776f32ebf56:192.168.164.250:44854, a029b640-5e64-4bed-9f71-7887e3adccfd:192.168.164.250:44295] returns group-BDB97411EE94:java.util.concurrent.CompletableFuture@75378b32[Not completed]
2019-10-02 05:53:24,496 [pool-131-thread-1] INFO  impl.RaftServerImpl (RaftServerImpl.java:<init>(95)) - a029b640-5e64-4bed-9f71-7887e3adccfd: new RaftServerImpl for group-BDB97411EE94:[9b4f6868-9b7e-43dc-b890-c7b182608c59:192.168.164.250:42152, 304102a3-92b0-47f9-a2f5-4776f32ebf56:192.168.164.250:44854, a029b640-5e64-4bed-9f71-7887e3adccfd:192.168.164.250:44295] with ContainerStateMachine:uninitialized
2019-10-02 05:53:24,496 [pool-131-thread-1] INFO  server.RaftServerConfigKeys (ConfUtils.java:logGet(43)) - raft.server.rpc.timeout.min = 5s (custom)
2019-10-02 05:53:24,497 [pool-131-thread-1] INFO  server.RaftServerConfigKeys (ConfUtils.java:logGet(43)) - raft.server.rpc.timeout.max = 5200ms (custom)
2019-10-02 05:53:24,497 [pool-131-thread-1] INFO  server.RaftServerConfigKeys (ConfUtils.java:logGet(43)) - raft.server.rpcslowness.timeout = 120s (custom)
2019-10-02 05:53:24,497 [pool-131-thread-1] INFO  server.RaftServerConfigKeys (ConfUtils.java:logGet(43)) - raft.server.sleep.deviation.threshold = 300 (default)
2019-10-02 05:53:24,497 [pool-131-thread-1] INFO  server.RaftServerConfigKeys (ConfUtils.java:logGet(43)) - raft.server.log.appender.install.snapshot.enabled = false (custom)
2019-10-02 05:53:24,497 [pool-121-thread-1] INFO  impl.RaftServerImpl (RaftServerImpl.java:<init>(95)) - 9b4f6868-9b7e-43dc-b890-c7b182608c59: new RaftServerImpl for group-BDB97411EE94:[9b4f6868-9b7e-43dc-b890-c7b182608c59:192.168.164.250:42152, 304102a3-92b0-47f9-a2f5-4776f32ebf56:192.168.164.250:44854, a029b640-5e64-4bed-9f71-7887e3adccfd:192.168.164.250:44295] with ContainerStateMachine:uninitialized
2019-10-02 05:53:24,497 [pool-131-thread-1] INFO  impl.RaftServerImpl (ServerState.java:<init>(103)) - a029b640-5e64-4bed-9f71-7887e3adccfd@group-BDB97411EE94: ConfigurationManager, init=-1: [9b4f6868-9b7e-43dc-b890-c7b182608c59:192.168.164.250:42152, 304102a3-92b0-47f9-a2f5-4776f32ebf56:192.168.164.250:44854, a029b640-5e64-4bed-9f71-7887e3adccfd:192.168.164.250:44295], old=null, confs=<EMPTY_MAP>
2019-10-02 05:53:24,497 [pool-121-thread-1] INFO  server.RaftServerConfigKeys (ConfUtils.java:logGet(43)) - raft.server.rpc.timeout.min = 5s (custom)
2019-10-02 05:53:24,497 [pool-131-thread-1] INFO  server.RaftServerConfigKeys (ConfUtils.java:logGet(43)) - raft.server.storage.dir = [/workdir/hadoop-ozone/integration-test/target/test-dir/MiniOzoneClusterImpl-215539d9-6da0-41b8-98ae-029774e0e657/datanode-1/data/ratis] (custom)
2019-10-02 05:53:24,497 [pool-121-thread-1] INFO  server.RaftServerConfigKeys (ConfUtils.java:logGet(43)) - raft.server.rpc.timeout.max = 5200ms (custom)
2019-10-02 05:53:24,497 [pool-141-thread-1] INFO  impl.RaftServerImpl (RaftServerImpl.java:<init>(95)) - 304102a3-92b0-47f9-a2f5-4776f32ebf56: new RaftServerImpl for group-BDB97411EE94:[9b4f6868-9b7e-43dc-b890-c7b182608c59:192.168.164.250:42152, 304102a3-92b0-47f9-a2f5-4776f32ebf56:192.168.164.250:44854, a029b640-5e64-4bed-9f71-7887e3adccfd:192.168.164.250:44295] with ContainerStateMachine:uninitialized
2019-10-02 05:53:24,497 [pool-131-thread-1] INFO  server.RaftServerConfigKeys (ConfUtils.java:logGet(43)) - raft.server.log.corruption.policy = EXCEPTION (default)
2019-10-02 05:53:24,497 [pool-121-thread-1] INFO  server.RaftServerConfigKeys (ConfUtils.java:logGet(43)) - raft.server.rpcslowness.timeout = 120s (custom)
2019-10-02 05:53:24,498 [pool-131-thread-1] INFO  storage.RaftStorageDirectory (RaftStorageDirectory.java:analyzeStorage(246)) - The storage directory /workdir/hadoop-ozone/integration-test/target/test-dir/MiniOzoneClusterImpl-215539d9-6da0-41b8-98ae-029774e0e657/datanode-1/data/ratis/0c574908-f289-441f-babc-bdb97411ee94 does not exist. Creating ...
2019-10-02 05:53:24,498 [pool-121-thread-1] INFO  server.RaftServerConfigKeys (ConfUtils.java:logGet(43)) - raft.server.sleep.deviation.threshold = 300 (default)
2019-10-02 05:53:24,497 [pool-141-thread-1] INFO  server.RaftServerConfigKeys (ConfUtils.java:logGet(43)) - raft.server.rpc.timeout.min = 5s (custom)
2019-10-02 05:53:24,498 [pool-121-thread-1] INFO  server.RaftServerConfigKeys (ConfUtils.java:logGet(43)) - raft.server.log.appender.install.snapshot.enabled = false (custom)
2019-10-02 05:53:24,498 [pool-141-thread-1] INFO  server.RaftServerConfigKeys (ConfUtils.java:logGet(43)) - raft.server.rpc.timeout.max = 5200ms (custom)
2019-10-02 05:53:24,498 [pool-121-thread-1] INFO  impl.RaftServerImpl (ServerState.java:<init>(103)) - 9b4f6868-9b7e-43dc-b890-c7b182608c59@group-BDB97411EE94: ConfigurationManager, init=-1: [9b4f6868-9b7e-43dc-b890-c7b182608c59:192.168.164.250:42152, 304102a3-92b0-47f9-a2f5-4776f32ebf56:192.168.164.250:44854, a029b640-5e64-4bed-9f71-7887e3adccfd:192.168.164.250:44295], old=null, confs=<EMPTY_MAP>
2019-10-02 05:53:24,498 [pool-141-thread-1] INFO  server.RaftServerConfigKeys (ConfUtils.java:logGet(43)) - raft.server.rpcslowness.timeout = 120s (custom)
2019-10-02 05:53:24,498 [pool-121-thread-1] INFO  server.RaftServerConfigKeys (ConfUtils.java:logGet(43)) - raft.server.storage.dir = [/workdir/hadoop-ozone/integration-test/target/test-dir/MiniOzoneClusterImpl-215539d9-6da0-41b8-98ae-029774e0e657/datanode-0/data/ratis] (custom)
2019-10-02 05:53:24,498 [pool-141-thread-1] INFO  server.RaftServerConfigKeys (ConfUtils.java:logGet(43)) - raft.server.sleep.deviation.threshold = 300 (default)
2019-10-02 05:53:24,498 [pool-141-thread-1] INFO  server.RaftServerConfigKeys (ConfUtils.java:logGet(43)) - raft.server.log.appender.install.snapshot.enabled = false (custom)
2019-10-02 05:53:24,498 [pool-121-thread-1] INFO  server.RaftServerConfigKeys (ConfUtils.java:logGet(43)) - raft.server.log.corruption.policy = EXCEPTION (default)
2019-10-02 05:53:24,498 [pool-141-thread-1] INFO  impl.RaftServerImpl (ServerState.java:<init>(103)) - 304102a3-92b0-47f9-a2f5-4776f32ebf56@group-BDB97411EE94: ConfigurationManager, init=-1: [9b4f6868-9b7e-43dc-b890-c7b182608c59:192.168.164.250:42152, 304102a3-92b0-47f9-a2f5-4776f32ebf56:192.168.164.250:44854, a029b640-5e64-4bed-9f71-7887e3adccfd:192.168.164.250:44295], old=null, confs=<EMPTY_MAP>
2019-10-02 05:53:24,498 [pool-121-thread-1] INFO  storage.RaftStorageDirectory (RaftStorageDirectory.java:analyzeStorage(246)) - The storage directory /workdir/hadoop-ozone/integration-test/target/test-dir/MiniOzoneClusterImpl-215539d9-6da0-41b8-98ae-029774e0e657/datanode-0/data/ratis/0c574908-f289-441f-babc-bdb97411ee94 does not exist. Creating ...
2019-10-02 05:53:24,499 [pool-141-thread-1] INFO  server.RaftServerConfigKeys (ConfUtils.java:logGet(43)) - raft.server.storage.dir = [/workdir/hadoop-ozone/integration-test/target/test-dir/MiniOzoneClusterImpl-215539d9-6da0-41b8-98ae-029774e0e657/datanode-2/data/ratis] (custom)
2019-10-02 05:53:24,499 [pool-141-thread-1] INFO  server.RaftServerConfigKeys (ConfUtils.java:logGet(43)) - raft.server.log.corruption.policy = EXCEPTION (default)
2019-10-02 05:53:24,499 [pool-141-thread-1] INFO  storage.RaftStorageDirectory (RaftStorageDirectory.java:analyzeStorage(246)) - The storage directory /workdir/hadoop-ozone/integration-test/target/test-dir/MiniOzoneClusterImpl-215539d9-6da0-41b8-98ae-029774e0e657/datanode-2/data/ratis/0c574908-f289-441f-babc-bdb97411ee94 does not exist. Creating ...
2019-10-02 05:53:24,506 [IPC Server handler 5 on 45705] INFO  net.NetworkTopology (NetworkTopologyImpl.java:add(111)) - Added a new node: /default-rack/cebbc9e0-0ece-4d53-bcf3-1dae732d45f1
2019-10-02 05:53:24,506 [IPC Server handler 5 on 45705] INFO  node.SCMNodeManager (SCMNodeManager.java:register(266)) - Registered Data node : cebbc9e0-0ece-4d53-bcf3-1dae732d45f1{ip: 192.168.164.250, host: pr-trunk-p5fv4-2201032288, networkLocation: /default-rack, certSerialId: null}
2019-10-02 05:53:24,512 [pool-121-thread-1] INFO  storage.RaftStorageDirectory (RaftStorageDirectory.java:tryLock(328)) - Lock on /workdir/hadoop-ozone/integration-test/target/test-dir/MiniOzoneClusterImpl-215539d9-6da0-41b8-98ae-029774e0e657/datanode-0/data/ratis/0c574908-f289-441f-babc-bdb97411ee94/in_use.lock acquired by nodename 32484@pr-trunk-p5fv4-2201032288
2019-10-02 05:53:24,512 [pool-131-thread-1] INFO  storage.RaftStorageDirectory (RaftStorageDirectory.java:tryLock(328)) - Lock on /workdir/hadoop-ozone/integration-test/target/test-dir/MiniOzoneClusterImpl-215539d9-6da0-41b8-98ae-029774e0e657/datanode-1/data/ratis/0c574908-f289-441f-babc-bdb97411ee94/in_use.lock acquired by nodename 32484@pr-trunk-p5fv4-2201032288
2019-10-02 05:53:24,512 [pool-141-thread-1] INFO  storage.RaftStorageDirectory (RaftStorageDirectory.java:tryLock(328)) - Lock on /workdir/hadoop-ozone/integration-test/target/test-dir/MiniOzoneClusterImpl-215539d9-6da0-41b8-98ae-029774e0e657/datanode-2/data/ratis/0c574908-f289-441f-babc-bdb97411ee94/in_use.lock acquired by nodename 32484@pr-trunk-p5fv4-2201032288
2019-10-02 05:53:24,515 [pool-121-thread-1] INFO  storage.RaftStorage (RaftStorage.java:format(84)) - Storage directory /workdir/hadoop-ozone/integration-test/target/test-dir/MiniOzoneClusterImpl-215539d9-6da0-41b8-98ae-029774e0e657/datanode-0/data/ratis/0c574908-f289-441f-babc-bdb97411ee94 has been successfully formatted.
2019-10-02 05:53:24,515 [pool-131-thread-1] INFO  storage.RaftStorage (RaftStorage.java:format(84)) - Storage directory /workdir/hadoop-ozone/integration-test/target/test-dir/MiniOzoneClusterImpl-215539d9-6da0-41b8-98ae-029774e0e657/datanode-1/data/ratis/0c574908-f289-441f-babc-bdb97411ee94 has been successfully formatted.
2019-10-02 05:53:24,515 [pool-141-thread-1] INFO  storage.RaftStorage (RaftStorage.java:format(84)) - Storage directory /workdir/hadoop-ozone/integration-test/target/test-dir/MiniOzoneClusterImpl-215539d9-6da0-41b8-98ae-029774e0e657/datanode-2/data/ratis/0c574908-f289-441f-babc-bdb97411ee94 has been successfully formatted.
2019-10-02 05:53:24,516 [pool-121-thread-1] INFO  ratis.ContainerStateMachine (ContainerStateMachine.java:loadSnapshot(231)) - group-BDB97411EE94: The snapshot info is null. Setting the last applied indexto:(t:0, i:~)
2019-10-02 05:53:24,516 [pool-141-thread-1] INFO  ratis.ContainerStateMachine (ContainerStateMachine.java:loadSnapshot(231)) - group-BDB97411EE94: The snapshot info is null. Setting the last applied indexto:(t:0, i:~)
2019-10-02 05:53:24,516 [pool-131-thread-1] INFO  ratis.ContainerStateMachine (ContainerStateMachine.java:loadSnapshot(231)) - group-BDB97411EE94: The snapshot info is null. Setting the last applied indexto:(t:0, i:~)
2019-10-02 05:53:24,516 [pool-141-thread-1] INFO  server.RaftServerConfigKeys (ConfUtils.java:logGet(43)) - raft.server.notification.no-leader.timeout = 120s (custom)
2019-10-02 05:53:24,516 [pool-121-thread-1] INFO  server.RaftServerConfigKeys (ConfUtils.java:logGet(43)) - raft.server.notification.no-leader.timeout = 120s (custom)
2019-10-02 05:53:24,516 [pool-141-thread-1] INFO  server.RaftServerConfigKeys (ConfUtils.java:logGet(43)) - raft.server.log.use.memory = false (default)
2019-10-02 05:53:24,516 [pool-131-thread-1] INFO  server.RaftServerConfigKeys (ConfUtils.java:logGet(43)) - raft.server.notification.no-leader.timeout = 120s (custom)
2019-10-02 05:53:24,516 [pool-141-thread-1] INFO  server.RaftServerConfigKeys (ConfUtils.java:logGet(43)) - raft.server.log.purge.gap = 1000000 (custom)
2019-10-02 05:53:24,516 [pool-121-thread-1] INFO  server.RaftServerConfigKeys (ConfUtils.java:logGet(43)) - raft.server.log.use.memory = false (default)
2019-10-02 05:53:24,517 [pool-141-thread-1] INFO  server.RaftServerConfigKeys (ConfUtils.java:logGet(43)) - raft.server.log.appender.buffer.byte-limit = 33554432 (custom)
2019-10-02 05:53:24,516 [pool-131-thread-1] INFO  server.RaftServerConfigKeys (ConfUtils.java:logGet(43)) - raft.server.log.use.memory = false (default)
2019-10-02 05:53:24,517 [pool-141-thread-1] INFO  server.RaftServerConfigKeys (ConfUtils.java:logGet(43)) - raft.server.log.segment.size.max = 1048576 (custom)
2019-10-02 05:53:24,517 [pool-121-thread-1] INFO  server.RaftServerConfigKeys (ConfUtils.java:logGet(43)) - raft.server.log.purge.gap = 1000000 (custom)
2019-10-02 05:53:24,517 [pool-141-thread-1] INFO  server.RaftServerConfigKeys (ConfUtils.java:logGet(43)) - raft.server.log.segment.cache.num.max = 2 (custom)
2019-10-02 05:53:24,517 [pool-131-thread-1] INFO  server.RaftServerConfigKeys (ConfUtils.java:logGet(43)) - raft.server.log.purge.gap = 1000000 (custom)
2019-10-02 05:53:24,517 [pool-141-thread-1] INFO  segmented.SegmentedRaftLogWorker (SegmentedRaftLogWorker.java:<init>(173)) - new 304102a3-92b0-47f9-a2f5-4776f32ebf56@group-BDB97411EE94-SegmentedRaftLogWorker for RaftStorage:Storage Directory /workdir/hadoop-ozone/integration-test/target/test-dir/MiniOzoneClusterImpl-215539d9-6da0-41b8-98ae-029774e0e657/datanode-2/data/ratis/0c574908-f289-441f-babc-bdb97411ee94
2019-10-02 05:53:24,517 [pool-121-thread-1] INFO  server.RaftServerConfigKeys (ConfUtils.java:logGet(43)) - raft.server.log.appender.buffer.byte-limit = 33554432 (custom)
2019-10-02 05:53:24,517 [pool-141-thread-1] INFO  server.RaftServerConfigKeys (ConfUtils.java:logGet(43)) - raft.server.log.queue.byte-limit = 2147483647 (custom)
2019-10-02 05:53:24,517 [pool-131-thread-1] INFO  server.RaftServerConfigKeys (ConfUtils.java:logGet(43)) - raft.server.log.appender.buffer.byte-limit = 33554432 (custom)
2019-10-02 05:53:24,517 [pool-141-thread-1] INFO  server.RaftServerConfigKeys (ConfUtils.java:logGet(43)) - raft.server.log.queue.element-limit = 1024 (custom)
2019-10-02 05:53:24,517 [pool-121-thread-1] INFO  server.RaftServerConfigKeys (ConfUtils.java:logGet(43)) - raft.server.log.segment.size.max = 1048576 (custom)
2019-10-02 05:53:24,518 [pool-141-thread-1] INFO  server.RaftServerConfigKeys (ConfUtils.java:logGet(43)) - raft.server.log.segment.size.max = 1048576 (custom)
2019-10-02 05:53:24,517 [pool-131-thread-1] INFO  server.RaftServerConfigKeys (ConfUtils.java:logGet(43)) - raft.server.log.segment.size.max = 1048576 (custom)
2019-10-02 05:53:24,518 [pool-141-thread-1] INFO  server.RaftServerConfigKeys (ConfUtils.java:logGet(43)) - raft.server.log.preallocated.size = 16384 (custom)
2019-10-02 05:53:24,518 [pool-121-thread-1] INFO  server.RaftServerConfigKeys (ConfUtils.java:logGet(43)) - raft.server.log.segment.cache.num.max = 2 (custom)
2019-10-02 05:53:24,518 [pool-141-thread-1] INFO  server.RaftServerConfigKeys (ConfUtils.java:logGet(43)) - raft.server.log.write.buffer.size = 33554432 (custom)
2019-10-02 05:53:24,518 [pool-131-thread-1] INFO  server.RaftServerConfigKeys (ConfUtils.java:logGet(43)) - raft.server.log.segment.cache.num.max = 2 (custom)
2019-10-02 05:53:24,518 [pool-141-thread-1] INFO  server.RaftServerConfigKeys (ConfUtils.java:logGet(43)) - raft.server.log.force.sync.num = 128 (default)
2019-10-02 05:53:24,518 [pool-121-thread-1] INFO  segmented.SegmentedRaftLogWorker (SegmentedRaftLogWorker.java:<init>(173)) - new 9b4f6868-9b7e-43dc-b890-c7b182608c59@group-BDB97411EE94-SegmentedRaftLogWorker for RaftStorage:Storage Directory /workdir/hadoop-ozone/integration-test/target/test-dir/MiniOzoneClusterImpl-215539d9-6da0-41b8-98ae-029774e0e657/datanode-0/data/ratis/0c574908-f289-441f-babc-bdb97411ee94
2019-10-02 05:53:24,518 [pool-141-thread-1] INFO  server.RaftServerConfigKeys (ConfUtils.java:logGet(43)) - raft.server.log.statemachine.data.sync = true (default)
2019-10-02 05:53:24,518 [pool-131-thread-1] INFO  segmented.SegmentedRaftLogWorker (SegmentedRaftLogWorker.java:<init>(173)) - new a029b640-5e64-4bed-9f71-7887e3adccfd@group-BDB97411EE94-SegmentedRaftLogWorker for RaftStorage:Storage Directory /workdir/hadoop-ozone/integration-test/target/test-dir/MiniOzoneClusterImpl-215539d9-6da0-41b8-98ae-029774e0e657/datanode-1/data/ratis/0c574908-f289-441f-babc-bdb97411ee94
2019-10-02 05:53:24,518 [pool-141-thread-1] INFO  server.RaftServerConfigKeys (ConfUtils.java:logGet(43)) - raft.server.log.statemachine.data.sync.timeout = 10s (default)
2019-10-02 05:53:24,518 [pool-121-thread-1] INFO  server.RaftServerConfigKeys (ConfUtils.java:logGet(43)) - raft.server.log.queue.byte-limit = 2147483647 (custom)
2019-10-02 05:53:24,519 [pool-141-thread-1] INFO  server.RaftServerConfigKeys (ConfUtils.java:logGet(43)) - raft.server.log.statemachine.data.sync.timeout.retry = -1 (default)
2019-10-02 05:53:24,519 [pool-131-thread-1] INFO  server.RaftServerConfigKeys (ConfUtils.java:logGet(43)) - raft.server.log.queue.byte-limit = 2147483647 (custom)
2019-10-02 05:53:24,519 [pool-141-thread-1] INFO  server.RaftServerConfigKeys (ConfUtils.java:logGet(43)) - raft.server.log.statemachine.data.caching.enabled = true (custom)
2019-10-02 05:53:24,519 [pool-121-thread-1] INFO  server.RaftServerConfigKeys (ConfUtils.java:logGet(43)) - raft.server.log.queue.element-limit = 1024 (custom)
2019-10-02 05:53:24,519 [pool-131-thread-1] INFO  server.RaftServerConfigKeys (ConfUtils.java:logGet(43)) - raft.server.log.queue.element-limit = 1024 (custom)
2019-10-02 05:53:24,519 [pool-141-thread-1] INFO  segmented.SegmentedRaftLogWorker (SegmentedRaftLogWorker.java:lambda$new$0(128)) - 304102a3-92b0-47f9-a2f5-4776f32ebf56@group-BDB97411EE94-SegmentedRaftLogWorker: flushIndex: setUnconditionally 0 -> -1
2019-10-02 05:53:24,519 [pool-121-thread-1] INFO  server.RaftServerConfigKeys (ConfUtils.java:logGet(43)) - raft.server.log.segment.size.max = 1048576 (custom)
2019-10-02 05:53:24,519 [pool-131-thread-1] INFO  server.RaftServerConfigKeys (ConfUtils.java:logGet(43)) - raft.server.log.segment.size.max = 1048576 (custom)
2019-10-02 05:53:24,519 [pool-141-thread-1] INFO  server.RaftServerConfigKeys (ConfUtils.java:logGet(43)) - raft.server.snapshot.auto.trigger.enabled = true (custom)
2019-10-02 05:53:24,519 [pool-121-thread-1] INFO  server.RaftServerConfigKeys (ConfUtils.java:logGet(43)) - raft.server.log.preallocated.size = 16384 (custom)
2019-10-02 05:53:24,520 [pool-141-thread-1] INFO  server.RaftServerConfigKeys (ConfUtils.java:logGet(43)) - raft.server.snapshot.auto.trigger.threshold = 10000 (custom)
2019-10-02 05:53:24,519 [pool-131-thread-1] INFO  server.RaftServerConfigKeys (ConfUtils.java:logGet(43)) - raft.server.log.preallocated.size = 16384 (custom)
2019-10-02 05:53:24,520 [pool-141-thread-1] INFO  server.RaftServerConfigKeys (ConfUtils.java:logGet(43)) - raft.server.snapshot.retention.file.num = 5 (custom)
2019-10-02 05:53:24,520 [pool-121-thread-1] INFO  server.RaftServerConfigKeys (ConfUtils.java:logGet(43)) - raft.server.log.write.buffer.size = 33554432 (custom)
2019-10-02 05:53:24,520 [pool-141-thread-1] INFO  server.RaftServerConfigKeys (ConfUtils.java:logGet(43)) - raft.server.retrycache.expirytime = 600000ms (custom)
2019-10-02 05:53:24,520 [pool-131-thread-1] INFO  server.RaftServerConfigKeys (ConfUtils.java:logGet(43)) - raft.server.log.write.buffer.size = 33554432 (custom)
2019-10-02 05:53:24,520 [pool-121-thread-1] INFO  server.RaftServerConfigKeys (ConfUtils.java:logGet(43)) - raft.server.log.force.sync.num = 128 (default)
2019-10-02 05:53:24,520 [pool-131-thread-1] INFO  server.RaftServerConfigKeys (ConfUtils.java:logGet(43)) - raft.server.log.force.sync.num = 128 (default)
2019-10-02 05:53:24,520 [pool-121-thread-1] INFO  server.RaftServerConfigKeys (ConfUtils.java:logGet(43)) - raft.server.log.statemachine.data.sync = true (default)
2019-10-02 05:53:24,520 [pool-131-thread-1] INFO  server.RaftServerConfigKeys (ConfUtils.java:logGet(43)) - raft.server.log.statemachine.data.sync = true (default)
2019-10-02 05:53:24,520 [pool-121-thread-1] INFO  server.RaftServerConfigKeys (ConfUtils.java:logGet(43)) - raft.server.log.statemachine.data.sync.timeout = 10s (default)
2019-10-02 05:53:24,520 [pool-131-thread-1] INFO  server.RaftServerConfigKeys (ConfUtils.java:logGet(43)) - raft.server.log.statemachine.data.sync.timeout = 10s (default)
2019-10-02 05:53:24,521 [pool-121-thread-1] INFO  server.RaftServerConfigKeys (ConfUtils.java:logGet(43)) - raft.server.log.statemachine.data.sync.timeout.retry = -1 (default)
2019-10-02 05:53:24,521 [pool-131-thread-1] INFO  server.RaftServerConfigKeys (ConfUtils.java:logGet(43)) - raft.server.log.statemachine.data.sync.timeout.retry = -1 (default)
2019-10-02 05:53:24,521 [pool-121-thread-1] INFO  server.RaftServerConfigKeys (ConfUtils.java:logGet(43)) - raft.server.log.statemachine.data.caching.enabled = true (custom)
2019-10-02 05:53:24,521 [pool-131-thread-1] INFO  server.RaftServerConfigKeys (ConfUtils.java:logGet(43)) - raft.server.log.statemachine.data.caching.enabled = true (custom)
2019-10-02 05:53:24,521 [pool-121-thread-1] INFO  segmented.SegmentedRaftLogWorker (SegmentedRaftLogWorker.java:lambda$new$0(128)) - 9b4f6868-9b7e-43dc-b890-c7b182608c59@group-BDB97411EE94-SegmentedRaftLogWorker: flushIndex: setUnconditionally 0 -> -1
2019-10-02 05:53:24,521 [pool-131-thread-1] INFO  segmented.SegmentedRaftLogWorker (SegmentedRaftLogWorker.java:lambda$new$0(128)) - a029b640-5e64-4bed-9f71-7887e3adccfd@group-BDB97411EE94-SegmentedRaftLogWorker: flushIndex: setUnconditionally 0 -> -1
2019-10-02 05:53:24,521 [pool-121-thread-1] INFO  server.RaftServerConfigKeys (ConfUtils.java:logGet(43)) - raft.server.snapshot.auto.trigger.enabled = true (custom)
2019-10-02 05:53:24,521 [pool-121-thread-1] INFO  server.RaftServerConfigKeys (ConfUtils.java:logGet(43)) - raft.server.snapshot.auto.trigger.threshold = 10000 (custom)
2019-10-02 05:53:24,521 [pool-131-thread-1] INFO  server.RaftServerConfigKeys (ConfUtils.java:logGet(43)) - raft.server.snapshot.auto.trigger.enabled = true (custom)
2019-10-02 05:53:24,521 [pool-121-thread-1] INFO  server.RaftServerConfigKeys (ConfUtils.java:logGet(43)) - raft.server.snapshot.retention.file.num = 5 (custom)
2019-10-02 05:53:24,522 [pool-131-thread-1] INFO  server.RaftServerConfigKeys (ConfUtils.java:logGet(43)) - raft.server.snapshot.auto.trigger.threshold = 10000 (custom)
2019-10-02 05:53:24,522 [pool-121-thread-1] INFO  server.RaftServerConfigKeys (ConfUtils.java:logGet(43)) - raft.server.retrycache.expirytime = 600000ms (custom)
2019-10-02 05:53:24,522 [pool-141-thread-1] INFO  impl.RaftServerImpl (RaftServerImpl.java:start(181)) - 304102a3-92b0-47f9-a2f5-4776f32ebf56@group-BDB97411EE94: start as a follower, conf=-1: [9b4f6868-9b7e-43dc-b890-c7b182608c59:192.168.164.250:42152, 304102a3-92b0-47f9-a2f5-4776f32ebf56:192.168.164.250:44854, a029b640-5e64-4bed-9f71-7887e3adccfd:192.168.164.250:44295], old=null
2019-10-02 05:53:24,522 [pool-131-thread-1] INFO  server.RaftServerConfigKeys (ConfUtils.java:logGet(43)) - raft.server.snapshot.retention.file.num = 5 (custom)
2019-10-02 05:53:24,522 [pool-141-thread-1] INFO  impl.RaftServerImpl (RaftServerImpl.java:setRole(170)) - 304102a3-92b0-47f9-a2f5-4776f32ebf56@group-BDB97411EE94: changes role from      null to FOLLOWER at term 0 for startAsFollower
2019-10-02 05:53:24,522 [pool-131-thread-1] INFO  server.RaftServerConfigKeys (ConfUtils.java:logGet(43)) - raft.server.retrycache.expirytime = 600000ms (custom)
2019-10-02 05:53:24,522 [pool-141-thread-1] INFO  impl.RoleInfo (RoleInfo.java:updateAndGet(143)) - 304102a3-92b0-47f9-a2f5-4776f32ebf56: start FollowerState
2019-10-02 05:53:24,522 [pool-141-thread-1] INFO  util.JmxRegister (JmxRegister.java:tryRegister(44)) - Successfully registered JMX Bean with object name Ratis:service=RaftServer,group=group-BDB97411EE94,id=304102a3-92b0-47f9-a2f5-4776f32ebf56
2019-10-02 05:53:24,525 [pool-121-thread-1] INFO  impl.RaftServerImpl (RaftServerImpl.java:start(181)) - 9b4f6868-9b7e-43dc-b890-c7b182608c59@group-BDB97411EE94: start as a follower, conf=-1: [9b4f6868-9b7e-43dc-b890-c7b182608c59:192.168.164.250:42152, 304102a3-92b0-47f9-a2f5-4776f32ebf56:192.168.164.250:44854, a029b640-5e64-4bed-9f71-7887e3adccfd:192.168.164.250:44295], old=null
2019-10-02 05:53:24,525 [pool-121-thread-1] INFO  impl.RaftServerImpl (RaftServerImpl.java:setRole(170)) - 9b4f6868-9b7e-43dc-b890-c7b182608c59@group-BDB97411EE94: changes role from      null to FOLLOWER at term 0 for startAsFollower
2019-10-02 05:53:24,525 [pool-121-thread-1] INFO  impl.RoleInfo (RoleInfo.java:updateAndGet(143)) - 9b4f6868-9b7e-43dc-b890-c7b182608c59: start FollowerState
2019-10-02 05:53:24,525 [pool-121-thread-1] INFO  util.JmxRegister (JmxRegister.java:tryRegister(44)) - Successfully registered JMX Bean with object name Ratis:service=RaftServer,group=group-BDB97411EE94,id=9b4f6868-9b7e-43dc-b890-c7b182608c59
2019-10-02 05:53:24,525 [pool-131-thread-1] INFO  impl.RaftServerImpl (RaftServerImpl.java:start(181)) - a029b640-5e64-4bed-9f71-7887e3adccfd@group-BDB97411EE94: start as a follower, conf=-1: [9b4f6868-9b7e-43dc-b890-c7b182608c59:192.168.164.250:42152, 304102a3-92b0-47f9-a2f5-4776f32ebf56:192.168.164.250:44854, a029b640-5e64-4bed-9f71-7887e3adccfd:192.168.164.250:44295], old=null
2019-10-02 05:53:24,525 [pool-131-thread-1] INFO  impl.RaftServerImpl (RaftServerImpl.java:setRole(170)) - a029b640-5e64-4bed-9f71-7887e3adccfd@group-BDB97411EE94: changes role from      null to FOLLOWER at term 0 for startAsFollower
2019-10-02 05:53:24,525 [pool-131-thread-1] INFO  impl.RoleInfo (RoleInfo.java:updateAndGet(143)) - a029b640-5e64-4bed-9f71-7887e3adccfd: start FollowerState
2019-10-02 05:53:24,526 [pool-131-thread-1] INFO  util.JmxRegister (JmxRegister.java:tryRegister(44)) - Successfully registered JMX Bean with object name Ratis:service=RaftServer,group=group-BDB97411EE94,id=a029b640-5e64-4bed-9f71-7887e3adccfd
2019-10-02 05:53:24,535 [RatisPipelineUtilsThread] INFO  pipeline.PipelineStateManager (PipelineStateManager.java:addPipeline(56)) - Created pipeline Pipeline[ Id: 0c574908-f289-441f-babc-bdb97411ee94, Nodes: 304102a3-92b0-47f9-a2f5-4776f32ebf56{ip: 192.168.164.250, host: pr-trunk-p5fv4-2201032288, networkLocation: /default-rack, certSerialId: null}a029b640-5e64-4bed-9f71-7887e3adccfd{ip: 192.168.164.250, host: pr-trunk-p5fv4-2201032288, networkLocation: /default-rack, certSerialId: null}9b4f6868-9b7e-43dc-b890-c7b182608c59{ip: 192.168.164.250, host: pr-trunk-p5fv4-2201032288, networkLocation: /default-rack, certSerialId: null}, Type:RATIS, Factor:THREE, State:OPEN]
2019-10-02 05:53:24,571 [IPC Server handler 6 on 45705] INFO  net.NetworkTopology (NetworkTopologyImpl.java:add(111)) - Added a new node: /default-rack/70ac7ae1-c153-4f9a-984d-28504dfc99f5
2019-10-02 05:53:24,571 [IPC Server handler 6 on 45705] INFO  node.SCMNodeManager (SCMNodeManager.java:register(266)) - Registered Data node : 70ac7ae1-c153-4f9a-984d-28504dfc99f5{ip: 192.168.164.250, host: pr-trunk-p5fv4-2201032288, networkLocation: /default-rack, certSerialId: null}
2019-10-02 05:53:24,581 [grpc-default-executor-16] INFO  impl.RaftServerProxy (RaftServerProxy.java:addNew(89)) - 70ac7ae1-c153-4f9a-984d-28504dfc99f5: addNew group-D45BA31E51D4:[70ac7ae1-c153-4f9a-984d-28504dfc99f5:192.168.164.250:40662] returns group-D45BA31E51D4:java.util.concurrent.CompletableFuture@1cfe9d9[Not completed]
2019-10-02 05:53:24,589 [pool-161-thread-1] INFO  impl.RaftServerImpl (RaftServerImpl.java:<init>(95)) - 70ac7ae1-c153-4f9a-984d-28504dfc99f5: new RaftServerImpl for group-D45BA31E51D4:[70ac7ae1-c153-4f9a-984d-28504dfc99f5:192.168.164.250:40662] with ContainerStateMachine:uninitialized
2019-10-02 05:53:24,589 [pool-161-thread-1] INFO  server.RaftServerConfigKeys (ConfUtils.java:logGet(43)) - raft.server.rpc.timeout.min = 5s (custom)
2019-10-02 05:53:24,589 [pool-161-thread-1] INFO  server.RaftServerConfigKeys (ConfUtils.java:logGet(43)) - raft.server.rpc.timeout.max = 5200ms (custom)
2019-10-02 05:53:24,589 [pool-161-thread-1] INFO  server.RaftServerConfigKeys (ConfUtils.java:logGet(43)) - raft.server.rpcslowness.timeout = 120s (custom)
2019-10-02 05:53:24,589 [pool-161-thread-1] INFO  server.RaftServerConfigKeys (ConfUtils.java:logGet(43)) - raft.server.sleep.deviation.threshold = 300 (default)
2019-10-02 05:53:24,589 [pool-161-thread-1] INFO  server.RaftServerConfigKeys (ConfUtils.java:logGet(43)) - raft.server.log.appender.install.snapshot.enabled = false (custom)
2019-10-02 05:53:24,589 [pool-161-thread-1] INFO  impl.RaftServerImpl (ServerState.java:<init>(103)) - 70ac7ae1-c153-4f9a-984d-28504dfc99f5@group-D45BA31E51D4: ConfigurationManager, init=-1: [70ac7ae1-c153-4f9a-984d-28504dfc99f5:192.168.164.250:40662], old=null, confs=<EMPTY_MAP>
2019-10-02 05:53:24,589 [pool-161-thread-1] INFO  server.RaftServerConfigKeys (ConfUtils.java:logGet(43)) - raft.server.storage.dir = [/workdir/hadoop-ozone/integration-test/target/test-dir/MiniOzoneClusterImpl-215539d9-6da0-41b8-98ae-029774e0e657/datanode-4/data/ratis] (custom)
2019-10-02 05:53:24,590 [pool-161-thread-1] INFO  server.RaftServerConfigKeys (ConfUtils.java:logGet(43)) - raft.server.log.corruption.policy = EXCEPTION (default)
2019-10-02 05:53:24,590 [pool-161-thread-1] INFO  storage.RaftStorageDirectory (RaftStorageDirectory.java:analyzeStorage(246)) - The storage directory /workdir/hadoop-ozone/integration-test/target/test-dir/MiniOzoneClusterImpl-215539d9-6da0-41b8-98ae-029774e0e657/datanode-4/data/ratis/27870f71-24b7-428c-a7b4-d45ba31e51d4 does not exist. Creating ...
2019-10-02 05:53:24,603 [pool-161-thread-1] INFO  storage.RaftStorageDirectory (RaftStorageDirectory.java:tryLock(328)) - Lock on /workdir/hadoop-ozone/integration-test/target/test-dir/MiniOzoneClusterImpl-215539d9-6da0-41b8-98ae-029774e0e657/datanode-4/data/ratis/27870f71-24b7-428c-a7b4-d45ba31e51d4/in_use.lock acquired by nodename 32484@pr-trunk-p5fv4-2201032288
2019-10-02 05:53:24,630 [pool-161-thread-1] INFO  storage.RaftStorage (RaftStorage.java:format(84)) - Storage directory /workdir/hadoop-ozone/integration-test/target/test-dir/MiniOzoneClusterImpl-215539d9-6da0-41b8-98ae-029774e0e657/datanode-4/data/ratis/27870f71-24b7-428c-a7b4-d45ba31e51d4 has been successfully formatted.
2019-10-02 05:53:24,631 [pool-161-thread-1] INFO  ratis.ContainerStateMachine (ContainerStateMachine.java:loadSnapshot(231)) - group-D45BA31E51D4: The snapshot info is null. Setting the last applied indexto:(t:0, i:~)
2019-10-02 05:53:24,631 [pool-161-thread-1] INFO  server.RaftServerConfigKeys (ConfUtils.java:logGet(43)) - raft.server.notification.no-leader.timeout = 120s (custom)
2019-10-02 05:53:24,631 [pool-161-thread-1] INFO  server.RaftServerConfigKeys (ConfUtils.java:logGet(43)) - raft.server.log.use.memory = false (default)
2019-10-02 05:53:24,631 [pool-161-thread-1] INFO  server.RaftServerConfigKeys (ConfUtils.java:logGet(43)) - raft.server.log.purge.gap = 1000000 (custom)
2019-10-02 05:53:24,631 [pool-161-thread-1] INFO  server.RaftServerConfigKeys (ConfUtils.java:logGet(43)) - raft.server.log.appender.buffer.byte-limit = 33554432 (custom)
2019-10-02 05:53:24,632 [pool-161-thread-1] INFO  server.RaftServerConfigKeys (ConfUtils.java:logGet(43)) - raft.server.log.segment.size.max = 1048576 (custom)
2019-10-02 05:53:24,633 [IPC Server handler 0 on 45705] INFO  net.NetworkTopology (NetworkTopologyImpl.java:add(111)) - Added a new node: /default-rack/9cfd416b-6ceb-4706-a96c-8f6d75541741
2019-10-02 05:53:24,634 [pool-161-thread-1] INFO  server.RaftServerConfigKeys (ConfUtils.java:logGet(43)) - raft.server.log.segment.cache.num.max = 2 (custom)
2019-10-02 05:53:24,634 [IPC Server handler 0 on 45705] INFO  node.SCMNodeManager (SCMNodeManager.java:register(266)) - Registered Data node : 9cfd416b-6ceb-4706-a96c-8f6d75541741{ip: 192.168.164.250, host: pr-trunk-p5fv4-2201032288, networkLocation: /default-rack, certSerialId: null}
2019-10-02 05:53:24,634 [pool-161-thread-1] INFO  segmented.SegmentedRaftLogWorker (SegmentedRaftLogWorker.java:<init>(173)) - new 70ac7ae1-c153-4f9a-984d-28504dfc99f5@group-D45BA31E51D4-SegmentedRaftLogWorker for RaftStorage:Storage Directory /workdir/hadoop-ozone/integration-test/target/test-dir/MiniOzoneClusterImpl-215539d9-6da0-41b8-98ae-029774e0e657/datanode-4/data/ratis/27870f71-24b7-428c-a7b4-d45ba31e51d4
2019-10-02 05:53:24,634 [pool-161-thread-1] INFO  server.RaftServerConfigKeys (ConfUtils.java:logGet(43)) - raft.server.log.queue.byte-limit = 2147483647 (custom)
2019-10-02 05:53:24,634 [pool-161-thread-1] INFO  server.RaftServerConfigKeys (ConfUtils.java:logGet(43)) - raft.server.log.queue.element-limit = 1024 (custom)
2019-10-02 05:53:24,634 [pool-161-thread-1] INFO  server.RaftServerConfigKeys (ConfUtils.java:logGet(43)) - raft.server.log.segment.size.max = 1048576 (custom)
2019-10-02 05:53:24,634 [pool-161-thread-1] INFO  server.RaftServerConfigKeys (ConfUtils.java:logGet(43)) - raft.server.log.preallocated.size = 16384 (custom)
2019-10-02 05:53:24,634 [pool-161-thread-1] INFO  server.RaftServerConfigKeys (ConfUtils.java:logGet(43)) - raft.server.log.write.buffer.size = 33554432 (custom)
2019-10-02 05:53:24,635 [pool-161-thread-1] INFO  server.RaftServerConfigKeys (ConfUtils.java:logGet(43)) - raft.server.log.force.sync.num = 128 (default)
2019-10-02 05:53:24,635 [pool-161-thread-1] INFO  server.RaftServerConfigKeys (ConfUtils.java:logGet(43)) - raft.server.log.statemachine.data.sync = true (default)
2019-10-02 05:53:24,635 [pool-161-thread-1] INFO  server.RaftServerConfigKeys (ConfUtils.java:logGet(43)) - raft.server.log.statemachine.data.sync.timeout = 10s (default)
2019-10-02 05:53:24,635 [pool-161-thread-1] INFO  server.RaftServerConfigKeys (ConfUtils.java:logGet(43)) - raft.server.log.statemachine.data.sync.timeout.retry = -1 (default)
2019-10-02 05:53:24,635 [pool-161-thread-1] INFO  server.RaftServerConfigKeys (ConfUtils.java:logGet(43)) - raft.server.log.statemachine.data.caching.enabled = true (custom)
2019-10-02 05:53:24,635 [pool-161-thread-1] INFO  segmented.SegmentedRaftLogWorker (SegmentedRaftLogWorker.java:lambda$new$0(128)) - 70ac7ae1-c153-4f9a-984d-28504dfc99f5@group-D45BA31E51D4-SegmentedRaftLogWorker: flushIndex: setUnconditionally 0 -> -1
2019-10-02 05:53:24,636 [pool-161-thread-1] INFO  server.RaftServerConfigKeys (ConfUtils.java:logGet(43)) - raft.server.snapshot.auto.trigger.enabled = true (custom)
2019-10-02 05:53:24,636 [pool-161-thread-1] INFO  server.RaftServerConfigKeys (ConfUtils.java:logGet(43)) - raft.server.snapshot.auto.trigger.threshold = 10000 (custom)
2019-10-02 05:53:24,636 [pool-161-thread-1] INFO  server.RaftServerConfigKeys (ConfUtils.java:logGet(43)) - raft.server.snapshot.retention.file.num = 5 (custom)
2019-10-02 05:53:24,636 [pool-161-thread-1] INFO  server.RaftServerConfigKeys (ConfUtils.java:logGet(43)) - raft.server.retrycache.expirytime = 600000ms (custom)
2019-10-02 05:53:24,638 [pool-161-thread-1] INFO  impl.RaftServerImpl (RaftServerImpl.java:start(181)) - 70ac7ae1-c153-4f9a-984d-28504dfc99f5@group-D45BA31E51D4: start as a follower, conf=-1: [70ac7ae1-c153-4f9a-984d-28504dfc99f5:192.168.164.250:40662], old=null
2019-10-02 05:53:24,639 [pool-161-thread-1] INFO  impl.RaftServerImpl (RaftServerImpl.java:setRole(170)) - 70ac7ae1-c153-4f9a-984d-28504dfc99f5@group-D45BA31E51D4: changes role from      null to FOLLOWER at term 0 for startAsFollower
2019-10-02 05:53:24,639 [pool-161-thread-1] INFO  impl.RoleInfo (RoleInfo.java:updateAndGet(143)) - 70ac7ae1-c153-4f9a-984d-28504dfc99f5: start FollowerState
2019-10-02 05:53:24,641 [pool-161-thread-1] INFO  util.JmxRegister (JmxRegister.java:tryRegister(44)) - Successfully registered JMX Bean with object name Ratis:service=RaftServer,group=group-D45BA31E51D4,id=70ac7ae1-c153-4f9a-984d-28504dfc99f5
2019-10-02 05:53:24,649 [RatisPipelineUtilsThread] INFO  pipeline.PipelineStateManager (PipelineStateManager.java:addPipeline(56)) - Created pipeline Pipeline[ Id: 27870f71-24b7-428c-a7b4-d45ba31e51d4, Nodes: 70ac7ae1-c153-4f9a-984d-28504dfc99f5{ip: 192.168.164.250, host: pr-trunk-p5fv4-2201032288, networkLocation: /default-rack, certSerialId: null}, Type:RATIS, Factor:ONE, State:OPEN]
2019-10-02 05:53:24,659 [grpc-default-executor-16] INFO  impl.RaftServerProxy (RaftServerProxy.java:addNew(89)) - cebbc9e0-0ece-4d53-bcf3-1dae732d45f1: addNew group-A04D2296BD24:[cebbc9e0-0ece-4d53-bcf3-1dae732d45f1:192.168.164.250:45252] returns group-A04D2296BD24:java.util.concurrent.CompletableFuture@211184e8[Not completed]
2019-10-02 05:53:24,665 [pool-151-thread-1] INFO  impl.RaftServerImpl (RaftServerImpl.java:<init>(95)) - cebbc9e0-0ece-4d53-bcf3-1dae732d45f1: new RaftServerImpl for group-A04D2296BD24:[cebbc9e0-0ece-4d53-bcf3-1dae732d45f1:192.168.164.250:45252] with ContainerStateMachine:uninitialized
2019-10-02 05:53:24,666 [pool-151-thread-1] INFO  server.RaftServerConfigKeys (ConfUtils.java:logGet(43)) - raft.server.rpc.timeout.min = 5s (custom)
2019-10-02 05:53:24,666 [pool-151-thread-1] INFO  server.RaftServerConfigKeys (ConfUtils.java:logGet(43)) - raft.server.rpc.timeout.max = 5200ms (custom)
2019-10-02 05:53:24,666 [pool-151-thread-1] INFO  server.RaftServerConfigKeys (ConfUtils.java:logGet(43)) - raft.server.rpcslowness.timeout = 120s (custom)
2019-10-02 05:53:24,666 [pool-151-thread-1] INFO  server.RaftServerConfigKeys (ConfUtils.java:logGet(43)) - raft.server.sleep.deviation.threshold = 300 (default)
2019-10-02 05:53:24,666 [pool-151-thread-1] INFO  server.RaftServerConfigKeys (ConfUtils.java:logGet(43)) - raft.server.log.appender.install.snapshot.enabled = false (custom)
2019-10-02 05:53:24,666 [pool-151-thread-1] INFO  impl.RaftServerImpl (ServerState.java:<init>(103)) - cebbc9e0-0ece-4d53-bcf3-1dae732d45f1@group-A04D2296BD24: ConfigurationManager, init=-1: [cebbc9e0-0ece-4d53-bcf3-1dae732d45f1:192.168.164.250:45252], old=null, confs=<EMPTY_MAP>
2019-10-02 05:53:24,666 [pool-151-thread-1] INFO  server.RaftServerConfigKeys (ConfUtils.java:logGet(43)) - raft.server.storage.dir = [/workdir/hadoop-ozone/integration-test/target/test-dir/MiniOzoneClusterImpl-215539d9-6da0-41b8-98ae-029774e0e657/datanode-3/data/ratis] (custom)
2019-10-02 05:53:24,667 [pool-151-thread-1] INFO  server.RaftServerConfigKeys (ConfUtils.java:logGet(43)) - raft.server.log.corruption.policy = EXCEPTION (default)
2019-10-02 05:53:24,667 [pool-151-thread-1] INFO  storage.RaftStorageDirectory (RaftStorageDirectory.java:analyzeStorage(246)) - The storage directory /workdir/hadoop-ozone/integration-test/target/test-dir/MiniOzoneClusterImpl-215539d9-6da0-41b8-98ae-029774e0e657/datanode-3/data/ratis/4784878d-85f7-4fb2-a4b1-a04d2296bd24 does not exist. Creating ...
2019-10-02 05:53:24,681 [pool-151-thread-1] INFO  storage.RaftStorageDirectory (RaftStorageDirectory.java:tryLock(328)) - Lock on /workdir/hadoop-ozone/integration-test/target/test-dir/MiniOzoneClusterImpl-215539d9-6da0-41b8-98ae-029774e0e657/datanode-3/data/ratis/4784878d-85f7-4fb2-a4b1-a04d2296bd24/in_use.lock acquired by nodename 32484@pr-trunk-p5fv4-2201032288
2019-10-02 05:53:24,695 [pool-151-thread-1] INFO  storage.RaftStorage (RaftStorage.java:format(84)) - Storage directory /workdir/hadoop-ozone/integration-test/target/test-dir/MiniOzoneClusterImpl-215539d9-6da0-41b8-98ae-029774e0e657/datanode-3/data/ratis/4784878d-85f7-4fb2-a4b1-a04d2296bd24 has been successfully formatted.
2019-10-02 05:53:24,695 [pool-151-thread-1] INFO  ratis.ContainerStateMachine (ContainerStateMachine.java:loadSnapshot(231)) - group-A04D2296BD24: The snapshot info is null. Setting the last applied indexto:(t:0, i:~)
2019-10-02 05:53:24,695 [pool-151-thread-1] INFO  server.RaftServerConfigKeys (ConfUtils.java:logGet(43)) - raft.server.notification.no-leader.timeout = 120s (custom)
2019-10-02 05:53:24,695 [pool-151-thread-1] INFO  server.RaftServerConfigKeys (ConfUtils.java:logGet(43)) - raft.server.log.use.memory = false (default)
2019-10-02 05:53:24,695 [pool-151-thread-1] INFO  server.RaftServerConfigKeys (ConfUtils.java:logGet(43)) - raft.server.log.purge.gap = 1000000 (custom)
2019-10-02 05:53:24,696 [pool-151-thread-1] INFO  server.RaftServerConfigKeys (ConfUtils.java:logGet(43)) - raft.server.log.appender.buffer.byte-limit = 33554432 (custom)
2019-10-02 05:53:24,696 [pool-151-thread-1] INFO  server.RaftServerConfigKeys (ConfUtils.java:logGet(43)) - raft.server.log.segment.size.max = 1048576 (custom)
2019-10-02 05:53:24,698 [pool-151-thread-1] INFO  server.RaftServerConfigKeys (ConfUtils.java:logGet(43)) - raft.server.log.segment.cache.num.max = 2 (custom)
2019-10-02 05:53:24,698 [pool-151-thread-1] INFO  segmented.SegmentedRaftLogWorker (SegmentedRaftLogWorker.java:<init>(173)) - new cebbc9e0-0ece-4d53-bcf3-1dae732d45f1@group-A04D2296BD24-SegmentedRaftLogWorker for RaftStorage:Storage Directory /workdir/hadoop-ozone/integration-test/target/test-dir/MiniOzoneClusterImpl-215539d9-6da0-41b8-98ae-029774e0e657/datanode-3/data/ratis/4784878d-85f7-4fb2-a4b1-a04d2296bd24
2019-10-02 05:53:24,698 [pool-151-thread-1] INFO  server.RaftServerConfigKeys (ConfUtils.java:logGet(43)) - raft.server.log.queue.byte-limit = 2147483647 (custom)
2019-10-02 05:53:24,699 [pool-151-thread-1] INFO  server.RaftServerConfigKeys (ConfUtils.java:logGet(43)) - raft.server.log.queue.element-limit = 1024 (custom)
2019-10-02 05:53:24,699 [pool-151-thread-1] INFO  server.RaftServerConfigKeys (ConfUtils.java:logGet(43)) - raft.server.log.segment.size.max = 1048576 (custom)
2019-10-02 05:53:24,699 [pool-151-thread-1] INFO  server.RaftServerConfigKeys (ConfUtils.java:logGet(43)) - raft.server.log.preallocated.size = 16384 (custom)
2019-10-02 05:53:24,699 [pool-151-thread-1] INFO  server.RaftServerConfigKeys (ConfUtils.java:logGet(43)) - raft.server.log.write.buffer.size = 33554432 (custom)
2019-10-02 05:53:24,699 [pool-151-thread-1] INFO  server.RaftServerConfigKeys (ConfUtils.java:logGet(43)) - raft.server.log.force.sync.num = 128 (default)
2019-10-02 05:53:24,699 [pool-151-thread-1] INFO  server.RaftServerConfigKeys (ConfUtils.java:logGet(43)) - raft.server.log.statemachine.data.sync = true (default)
2019-10-02 05:53:24,699 [pool-151-thread-1] INFO  server.RaftServerConfigKeys (ConfUtils.java:logGet(43)) - raft.server.log.statemachine.data.sync.timeout = 10s (default)
2019-10-02 05:53:24,699 [pool-151-thread-1] INFO  server.RaftServerConfigKeys (ConfUtils.java:logGet(43)) - raft.server.log.statemachine.data.sync.timeout.retry = -1 (default)
2019-10-02 05:53:24,700 [pool-151-thread-1] INFO  server.RaftServerConfigKeys (ConfUtils.java:logGet(43)) - raft.server.log.statemachine.data.caching.enabled = true (custom)
2019-10-02 05:53:24,700 [pool-151-thread-1] INFO  segmented.SegmentedRaftLogWorker (SegmentedRaftLogWorker.java:lambda$new$0(128)) - cebbc9e0-0ece-4d53-bcf3-1dae732d45f1@group-A04D2296BD24-SegmentedRaftLogWorker: flushIndex: setUnconditionally 0 -> -1
2019-10-02 05:53:24,700 [pool-151-thread-1] INFO  server.RaftServerConfigKeys (ConfUtils.java:logGet(43)) - raft.server.snapshot.auto.trigger.enabled = true (custom)
2019-10-02 05:53:24,701 [pool-151-thread-1] INFO  server.RaftServerConfigKeys (ConfUtils.java:logGet(43)) - raft.server.snapshot.auto.trigger.threshold = 10000 (custom)
2019-10-02 05:53:24,701 [pool-151-thread-1] INFO  server.RaftServerConfigKeys (ConfUtils.java:logGet(43)) - raft.server.snapshot.retention.file.num = 5 (custom)
2019-10-02 05:53:24,701 [pool-151-thread-1] INFO  server.RaftServerConfigKeys (ConfUtils.java:logGet(43)) - raft.server.retrycache.expirytime = 600000ms (custom)
2019-10-02 05:53:24,702 [IPC Server handler 1 on 45705] INFO  net.NetworkTopology (NetworkTopologyImpl.java:add(111)) - Added a new node: /default-rack/f21b9375-dc47-4395-bc11-b05a52490165
2019-10-02 05:53:24,702 [IPC Server handler 1 on 45705] INFO  node.SCMNodeManager (SCMNodeManager.java:register(266)) - Registered Data node : f21b9375-dc47-4395-bc11-b05a52490165{ip: 192.168.164.250, host: pr-trunk-p5fv4-2201032288, networkLocation: /default-rack, certSerialId: null}
2019-10-02 05:53:24,703 [pool-151-thread-1] INFO  impl.RaftServerImpl (RaftServerImpl.java:start(181)) - cebbc9e0-0ece-4d53-bcf3-1dae732d45f1@group-A04D2296BD24: start as a follower, conf=-1: [cebbc9e0-0ece-4d53-bcf3-1dae732d45f1:192.168.164.250:45252], old=null
2019-10-02 05:53:24,703 [pool-151-thread-1] INFO  impl.RaftServerImpl (RaftServerImpl.java:setRole(170)) - cebbc9e0-0ece-4d53-bcf3-1dae732d45f1@group-A04D2296BD24: changes role from      null to FOLLOWER at term 0 for startAsFollower
2019-10-02 05:53:24,703 [pool-151-thread-1] INFO  impl.RoleInfo (RoleInfo.java:updateAndGet(143)) - cebbc9e0-0ece-4d53-bcf3-1dae732d45f1: start FollowerState
2019-10-02 05:53:24,703 [main] INFO  ozone.MiniOzoneClusterImpl (MiniOzoneClusterImpl.java:lambda$waitForClusterToBeReady$0(147)) - Cluster is ready. Got 7 of 7 DN Heartbeats.
2019-10-02 05:53:24,703 [pool-151-thread-1] INFO  util.JmxRegister (JmxRegister.java:tryRegister(44)) - Successfully registered JMX Bean with object name Ratis:service=RaftServer,group=group-A04D2296BD24,id=cebbc9e0-0ece-4d53-bcf3-1dae732d45f1
2019-10-02 05:53:24,712 [RatisPipelineUtilsThread] INFO  pipeline.PipelineStateManager (PipelineStateManager.java:addPipeline(56)) - Created pipeline Pipeline[ Id: 4784878d-85f7-4fb2-a4b1-a04d2296bd24, Nodes: cebbc9e0-0ece-4d53-bcf3-1dae732d45f1{ip: 192.168.164.250, host: pr-trunk-p5fv4-2201032288, networkLocation: /default-rack, certSerialId: null}, Type:RATIS, Factor:ONE, State:OPEN]
2019-10-02 05:53:24,742 [grpc-default-executor-16] INFO  impl.RaftServerProxy (RaftServerProxy.java:addNew(89)) - f21b9375-dc47-4395-bc11-b05a52490165: addNew group-096C40DA0023:[f21b9375-dc47-4395-bc11-b05a52490165:192.168.164.250:38981] returns group-096C40DA0023:java.util.concurrent.CompletableFuture@5454d80c[Not completed]
2019-10-02 05:53:24,747 [pool-181-thread-1] INFO  impl.RaftServerImpl (RaftServerImpl.java:<init>(95)) - f21b9375-dc47-4395-bc11-b05a52490165: new RaftServerImpl for group-096C40DA0023:[f21b9375-dc47-4395-bc11-b05a52490165:192.168.164.250:38981] with ContainerStateMachine:uninitialized
2019-10-02 05:53:24,747 [pool-181-thread-1] INFO  server.RaftServerConfigKeys (ConfUtils.java:logGet(43)) - raft.server.rpc.timeout.min = 5s (custom)
2019-10-02 05:53:24,747 [pool-181-thread-1] INFO  server.RaftServerConfigKeys (ConfUtils.java:logGet(43)) - raft.server.rpc.timeout.max = 5200ms (custom)
2019-10-02 05:53:24,747 [pool-181-thread-1] INFO  server.RaftServerConfigKeys (ConfUtils.java:logGet(43)) - raft.server.rpcslowness.timeout = 120s (custom)
2019-10-02 05:53:24,747 [pool-181-thread-1] INFO  server.RaftServerConfigKeys (ConfUtils.java:logGet(43)) - raft.server.sleep.deviation.threshold = 300 (default)
2019-10-02 05:53:24,747 [pool-181-thread-1] INFO  server.RaftServerConfigKeys (ConfUtils.java:logGet(43)) - raft.server.log.appender.install.snapshot.enabled = false (custom)
2019-10-02 05:53:24,747 [pool-181-thread-1] INFO  impl.RaftServerImpl (ServerState.java:<init>(103)) - f21b9375-dc47-4395-bc11-b05a52490165@group-096C40DA0023: ConfigurationManager, init=-1: [f21b9375-dc47-4395-bc11-b05a52490165:192.168.164.250:38981], old=null, confs=<EMPTY_MAP>
2019-10-02 05:53:24,748 [pool-181-thread-1] INFO  server.RaftServerConfigKeys (ConfUtils.java:logGet(43)) - raft.server.storage.dir = [/workdir/hadoop-ozone/integration-test/target/test-dir/MiniOzoneClusterImpl-215539d9-6da0-41b8-98ae-029774e0e657/datanode-6/data/ratis] (custom)
2019-10-02 05:53:24,748 [pool-181-thread-1] INFO  server.RaftServerConfigKeys (ConfUtils.java:logGet(43)) - raft.server.log.corruption.policy = EXCEPTION (default)
2019-10-02 05:53:24,748 [pool-181-thread-1] INFO  storage.RaftStorageDirectory (RaftStorageDirectory.java:analyzeStorage(246)) - The storage directory /workdir/hadoop-ozone/integration-test/target/test-dir/MiniOzoneClusterImpl-215539d9-6da0-41b8-98ae-029774e0e657/datanode-6/data/ratis/a682f206-6400-48cf-a49f-096c40da0023 does not exist. Creating ...
2019-10-02 05:53:24,761 [pool-181-thread-1] INFO  storage.RaftStorageDirectory (RaftStorageDirectory.java:tryLock(328)) - Lock on /workdir/hadoop-ozone/integration-test/target/test-dir/MiniOzoneClusterImpl-215539d9-6da0-41b8-98ae-029774e0e657/datanode-6/data/ratis/a682f206-6400-48cf-a49f-096c40da0023/in_use.lock acquired by nodename 32484@pr-trunk-p5fv4-2201032288
2019-10-02 05:53:24,761 [main] INFO  rpc.RpcClient (RpcClient.java:createVolume(276)) - Creating Volume: testblockoutputstreamwithretries, with jenkins1000 as owner.
2019-10-02 05:53:24,764 [IPC Server handler 0 on 34018] INFO  volume.OMVolumeCreateRequest (OMVolumeCreateRequest.java:validateAndUpdateCache(194)) - created volume:testblockoutputstreamwithretries for user:jenkins1000
2019-10-02 05:53:24,774 [pool-181-thread-1] INFO  storage.RaftStorage (RaftStorage.java:format(84)) - Storage directory /workdir/hadoop-ozone/integration-test/target/test-dir/MiniOzoneClusterImpl-215539d9-6da0-41b8-98ae-029774e0e657/datanode-6/data/ratis/a682f206-6400-48cf-a49f-096c40da0023 has been successfully formatted.
2019-10-02 05:53:24,775 [main] INFO  rpc.RpcClient (RpcClient.java:createBucket(415)) - Creating Bucket: testblockoutputstreamwithretries/testblockoutputstreamwithretries, with Versioning false and Storage Type set to DISK and Encryption set to false 
2019-10-02 05:53:24,775 [pool-181-thread-1] INFO  ratis.ContainerStateMachine (ContainerStateMachine.java:loadSnapshot(231)) - group-096C40DA0023: The snapshot info is null. Setting the last applied indexto:(t:0, i:~)
2019-10-02 05:53:24,775 [pool-181-thread-1] INFO  server.RaftServerConfigKeys (ConfUtils.java:logGet(43)) - raft.server.notification.no-leader.timeout = 120s (custom)
2019-10-02 05:53:24,775 [pool-181-thread-1] INFO  server.RaftServerConfigKeys (ConfUtils.java:logGet(43)) - raft.server.log.use.memory = false (default)
2019-10-02 05:53:24,775 [pool-181-thread-1] INFO  server.RaftServerConfigKeys (ConfUtils.java:logGet(43)) - raft.server.log.purge.gap = 1000000 (custom)
2019-10-02 05:53:24,775 [pool-181-thread-1] INFO  server.RaftServerConfigKeys (ConfUtils.java:logGet(43)) - raft.server.log.appender.buffer.byte-limit = 33554432 (custom)
2019-10-02 05:53:24,775 [pool-181-thread-1] INFO  server.RaftServerConfigKeys (ConfUtils.java:logGet(43)) - raft.server.log.segment.size.max = 1048576 (custom)
2019-10-02 05:53:24,779 [pool-181-thread-1] INFO  server.RaftServerConfigKeys (ConfUtils.java:logGet(43)) - raft.server.log.segment.cache.num.max = 2 (custom)
2019-10-02 05:53:24,779 [pool-181-thread-1] INFO  segmented.SegmentedRaftLogWorker (SegmentedRaftLogWorker.java:<init>(173)) - new f21b9375-dc47-4395-bc11-b05a52490165@group-096C40DA0023-SegmentedRaftLogWorker for RaftStorage:Storage Directory /workdir/hadoop-ozone/integration-test/target/test-dir/MiniOzoneClusterImpl-215539d9-6da0-41b8-98ae-029774e0e657/datanode-6/data/ratis/a682f206-6400-48cf-a49f-096c40da0023
2019-10-02 05:53:24,779 [pool-181-thread-1] INFO  server.RaftServerConfigKeys (ConfUtils.java:logGet(43)) - raft.server.log.queue.byte-limit = 2147483647 (custom)
2019-10-02 05:53:24,779 [pool-181-thread-1] INFO  server.RaftServerConfigKeys (ConfUtils.java:logGet(43)) - raft.server.log.queue.element-limit = 1024 (custom)
2019-10-02 05:53:24,779 [pool-181-thread-1] INFO  server.RaftServerConfigKeys (ConfUtils.java:logGet(43)) - raft.server.log.segment.size.max = 1048576 (custom)
2019-10-02 05:53:24,779 [pool-181-thread-1] INFO  server.RaftServerConfigKeys (ConfUtils.java:logGet(43)) - raft.server.log.preallocated.size = 16384 (custom)
2019-10-02 05:53:24,779 [pool-181-thread-1] INFO  server.RaftServerConfigKeys (ConfUtils.java:logGet(43)) - raft.server.log.write.buffer.size = 33554432 (custom)
2019-10-02 05:53:24,780 [pool-181-thread-1] INFO  server.RaftServerConfigKeys (ConfUtils.java:logGet(43)) - raft.server.log.force.sync.num = 128 (default)
2019-10-02 05:53:24,780 [pool-181-thread-1] INFO  server.RaftServerConfigKeys (ConfUtils.java:logGet(43)) - raft.server.log.statemachine.data.sync = true (default)
2019-10-02 05:53:24,780 [pool-181-thread-1] INFO  server.RaftServerConfigKeys (ConfUtils.java:logGet(43)) - raft.server.log.statemachine.data.sync.timeout = 10s (default)
2019-10-02 05:53:24,780 [pool-181-thread-1] INFO  server.RaftServerConfigKeys (ConfUtils.java:logGet(43)) - raft.server.log.statemachine.data.sync.timeout.retry = -1 (default)
2019-10-02 05:53:24,780 [pool-181-thread-1] INFO  server.RaftServerConfigKeys (ConfUtils.java:logGet(43)) - raft.server.log.statemachine.data.caching.enabled = true (custom)
2019-10-02 05:53:24,780 [pool-181-thread-1] INFO  segmented.SegmentedRaftLogWorker (SegmentedRaftLogWorker.java:lambda$new$0(128)) - f21b9375-dc47-4395-bc11-b05a52490165@group-096C40DA0023-SegmentedRaftLogWorker: flushIndex: setUnconditionally 0 -> -1
2019-10-02 05:53:24,781 [pool-181-thread-1] INFO  server.RaftServerConfigKeys (ConfUtils.java:logGet(43)) - raft.server.snapshot.auto.trigger.enabled = true (custom)
2019-10-02 05:53:24,781 [pool-181-thread-1] INFO  server.RaftServerConfigKeys (ConfUtils.java:logGet(43)) - raft.server.snapshot.auto.trigger.threshold = 10000 (custom)
2019-10-02 05:53:24,781 [pool-181-thread-1] INFO  server.RaftServerConfigKeys (ConfUtils.java:logGet(43)) - raft.server.snapshot.retention.file.num = 5 (custom)
2019-10-02 05:53:24,781 [pool-181-thread-1] INFO  server.RaftServerConfigKeys (ConfUtils.java:logGet(43)) - raft.server.retrycache.expirytime = 600000ms (custom)
2019-10-02 05:53:24,782 [pool-181-thread-1] INFO  impl.RaftServerImpl (RaftServerImpl.java:start(181)) - f21b9375-dc47-4395-bc11-b05a52490165@group-096C40DA0023: start as a follower, conf=-1: [f21b9375-dc47-4395-bc11-b05a52490165:192.168.164.250:38981], old=null
2019-10-02 05:53:24,782 [pool-181-thread-1] INFO  impl.RaftServerImpl (RaftServerImpl.java:setRole(170)) - f21b9375-dc47-4395-bc11-b05a52490165@group-096C40DA0023: changes role from      null to FOLLOWER at term 0 for startAsFollower
2019-10-02 05:53:24,782 [pool-181-thread-1] INFO  impl.RoleInfo (RoleInfo.java:updateAndGet(143)) - f21b9375-dc47-4395-bc11-b05a52490165: start FollowerState
2019-10-02 05:53:24,783 [pool-181-thread-1] INFO  util.JmxRegister (JmxRegister.java:tryRegister(44)) - Successfully registered JMX Bean with object name Ratis:service=RaftServer,group=group-096C40DA0023,id=f21b9375-dc47-4395-bc11-b05a52490165
2019-10-02 05:53:24,788 [RatisPipelineUtilsThread] INFO  pipeline.PipelineStateManager (PipelineStateManager.java:addPipeline(56)) - Created pipeline Pipeline[ Id: a682f206-6400-48cf-a49f-096c40da0023, Nodes: f21b9375-dc47-4395-bc11-b05a52490165{ip: 192.168.164.250, host: pr-trunk-p5fv4-2201032288, networkLocation: /default-rack, certSerialId: null}, Type:RATIS, Factor:ONE, State:OPEN]
2019-10-02 05:53:24,794 [grpc-default-executor-16] INFO  impl.RaftServerProxy (RaftServerProxy.java:addNew(89)) - 9cfd416b-6ceb-4706-a96c-8f6d75541741: addNew group-9270A33858EB:[9cfd416b-6ceb-4706-a96c-8f6d75541741:192.168.164.250:46826] returns group-9270A33858EB:java.util.concurrent.CompletableFuture@63586943[Not completed]
2019-10-02 05:53:24,798 [pool-171-thread-1] INFO  impl.RaftServerImpl (RaftServerImpl.java:<init>(95)) - 9cfd416b-6ceb-4706-a96c-8f6d75541741: new RaftServerImpl for group-9270A33858EB:[9cfd416b-6ceb-4706-a96c-8f6d75541741:192.168.164.250:46826] with ContainerStateMachine:uninitialized
2019-10-02 05:53:24,798 [pool-171-thread-1] INFO  server.RaftServerConfigKeys (ConfUtils.java:logGet(43)) - raft.server.rpc.timeout.min = 5s (custom)
2019-10-02 05:53:24,798 [pool-171-thread-1] INFO  server.RaftServerConfigKeys (ConfUtils.java:logGet(43)) - raft.server.rpc.timeout.max = 5200ms (custom)
2019-10-02 05:53:24,798 [pool-171-thread-1] INFO  server.RaftServerConfigKeys (ConfUtils.java:logGet(43)) - raft.server.rpcslowness.timeout = 120s (custom)
2019-10-02 05:53:24,798 [pool-171-thread-1] INFO  server.RaftServerConfigKeys (ConfUtils.java:logGet(43)) - raft.server.sleep.deviation.threshold = 300 (default)
2019-10-02 05:53:24,798 [pool-171-thread-1] INFO  server.RaftServerConfigKeys (ConfUtils.java:logGet(43)) - raft.server.log.appender.install.snapshot.enabled = false (custom)
2019-10-02 05:53:24,798 [pool-171-thread-1] INFO  impl.RaftServerImpl (ServerState.java:<init>(103)) - 9cfd416b-6ceb-4706-a96c-8f6d75541741@group-9270A33858EB: ConfigurationManager, init=-1: [9cfd416b-6ceb-4706-a96c-8f6d75541741:192.168.164.250:46826], old=null, confs=<EMPTY_MAP>
2019-10-02 05:53:24,798 [pool-171-thread-1] INFO  server.RaftServerConfigKeys (ConfUtils.java:logGet(43)) - raft.server.storage.dir = [/workdir/hadoop-ozone/integration-test/target/test-dir/MiniOzoneClusterImpl-215539d9-6da0-41b8-98ae-029774e0e657/datanode-5/data/ratis] (custom)
2019-10-02 05:53:24,799 [pool-171-thread-1] INFO  server.RaftServerConfigKeys (ConfUtils.java:logGet(43)) - raft.server.log.corruption.policy = EXCEPTION (default)
2019-10-02 05:53:24,799 [pool-171-thread-1] INFO  storage.RaftStorageDirectory (RaftStorageDirectory.java:analyzeStorage(246)) - The storage directory /workdir/hadoop-ozone/integration-test/target/test-dir/MiniOzoneClusterImpl-215539d9-6da0-41b8-98ae-029774e0e657/datanode-5/data/ratis/05463e8d-43fb-49ee-9507-9270a33858eb does not exist. Creating ...
2019-10-02 05:53:24,812 [pool-171-thread-1] INFO  storage.RaftStorageDirectory (RaftStorageDirectory.java:tryLock(328)) - Lock on /workdir/hadoop-ozone/integration-test/target/test-dir/MiniOzoneClusterImpl-215539d9-6da0-41b8-98ae-029774e0e657/datanode-5/data/ratis/05463e8d-43fb-49ee-9507-9270a33858eb/in_use.lock acquired by nodename 32484@pr-trunk-p5fv4-2201032288
2019-10-02 05:53:24,825 [pool-171-thread-1] INFO  storage.RaftStorage (RaftStorage.java:format(84)) - Storage directory /workdir/hadoop-ozone/integration-test/target/test-dir/MiniOzoneClusterImpl-215539d9-6da0-41b8-98ae-029774e0e657/datanode-5/data/ratis/05463e8d-43fb-49ee-9507-9270a33858eb has been successfully formatted.
2019-10-02 05:53:24,825 [pool-171-thread-1] INFO  ratis.ContainerStateMachine (ContainerStateMachine.java:loadSnapshot(231)) - group-9270A33858EB: The snapshot info is null. Setting the last applied indexto:(t:0, i:~)
2019-10-02 05:53:24,825 [pool-171-thread-1] INFO  server.RaftServerConfigKeys (ConfUtils.java:logGet(43)) - raft.server.notification.no-leader.timeout = 120s (custom)
2019-10-02 05:53:24,825 [pool-171-thread-1] INFO  server.RaftServerConfigKeys (ConfUtils.java:logGet(43)) - raft.server.log.use.memory = false (default)
2019-10-02 05:53:24,825 [pool-171-thread-1] INFO  server.RaftServerConfigKeys (ConfUtils.java:logGet(43)) - raft.server.log.purge.gap = 1000000 (custom)
2019-10-02 05:53:24,825 [pool-171-thread-1] INFO  server.RaftServerConfigKeys (ConfUtils.java:logGet(43)) - raft.server.log.appender.buffer.byte-limit = 33554432 (custom)
2019-10-02 05:53:24,825 [pool-171-thread-1] INFO  server.RaftServerConfigKeys (ConfUtils.java:logGet(43)) - raft.server.log.segment.size.max = 1048576 (custom)
2019-10-02 05:53:24,827 [pool-171-thread-1] INFO  server.RaftServerConfigKeys (ConfUtils.java:logGet(43)) - raft.server.log.segment.cache.num.max = 2 (custom)
2019-10-02 05:53:24,827 [pool-171-thread-1] INFO  segmented.SegmentedRaftLogWorker (SegmentedRaftLogWorker.java:<init>(173)) - new 9cfd416b-6ceb-4706-a96c-8f6d75541741@group-9270A33858EB-SegmentedRaftLogWorker for RaftStorage:Storage Directory /workdir/hadoop-ozone/integration-test/target/test-dir/MiniOzoneClusterImpl-215539d9-6da0-41b8-98ae-029774e0e657/datanode-5/data/ratis/05463e8d-43fb-49ee-9507-9270a33858eb
2019-10-02 05:53:24,827 [pool-171-thread-1] INFO  server.RaftServerConfigKeys (ConfUtils.java:logGet(43)) - raft.server.log.queue.byte-limit = 2147483647 (custom)
2019-10-02 05:53:24,827 [pool-171-thread-1] INFO  server.RaftServerConfigKeys (ConfUtils.java:logGet(43)) - raft.server.log.queue.element-limit = 1024 (custom)
2019-10-02 05:53:24,827 [pool-171-thread-1] INFO  server.RaftServerConfigKeys (ConfUtils.java:logGet(43)) - raft.server.log.segment.size.max = 1048576 (custom)
2019-10-02 05:53:24,827 [pool-171-thread-1] INFO  server.RaftServerConfigKeys (ConfUtils.java:logGet(43)) - raft.server.log.preallocated.size = 16384 (custom)
2019-10-02 05:53:24,827 [pool-171-thread-1] INFO  server.RaftServerConfigKeys (ConfUtils.java:logGet(43)) - raft.server.log.write.buffer.size = 33554432 (custom)
2019-10-02 05:53:24,827 [pool-171-thread-1] INFO  server.RaftServerConfigKeys (ConfUtils.java:logGet(43)) - raft.server.log.force.sync.num = 128 (default)
2019-10-02 05:53:24,827 [pool-171-thread-1] INFO  server.RaftServerConfigKeys (ConfUtils.java:logGet(43)) - raft.server.log.statemachine.data.sync = true (default)
2019-10-02 05:53:24,827 [pool-171-thread-1] INFO  server.RaftServerConfigKeys (ConfUtils.java:logGet(43)) - raft.server.log.statemachine.data.sync.timeout = 10s (default)
2019-10-02 05:53:24,827 [pool-171-thread-1] INFO  server.RaftServerConfigKeys (ConfUtils.java:logGet(43)) - raft.server.log.statemachine.data.sync.timeout.retry = -1 (default)
2019-10-02 05:53:24,828 [pool-171-thread-1] INFO  server.RaftServerConfigKeys (ConfUtils.java:logGet(43)) - raft.server.log.statemachine.data.caching.enabled = true (custom)
2019-10-02 05:53:24,828 [pool-171-thread-1] INFO  segmented.SegmentedRaftLogWorker (SegmentedRaftLogWorker.java:lambda$new$0(128)) - 9cfd416b-6ceb-4706-a96c-8f6d75541741@group-9270A33858EB-SegmentedRaftLogWorker: flushIndex: setUnconditionally 0 -> -1
2019-10-02 05:53:24,828 [pool-171-thread-1] INFO  server.RaftServerConfigKeys (ConfUtils.java:logGet(43)) - raft.server.snapshot.auto.trigger.enabled = true (custom)
2019-10-02 05:53:24,828 [pool-171-thread-1] INFO  server.RaftServerConfigKeys (ConfUtils.java:logGet(43)) - raft.server.snapshot.auto.trigger.threshold = 10000 (custom)
2019-10-02 05:53:24,828 [pool-171-thread-1] INFO  server.RaftServerConfigKeys (ConfUtils.java:logGet(43)) - raft.server.snapshot.retention.file.num = 5 (custom)
2019-10-02 05:53:24,829 [pool-171-thread-1] INFO  server.RaftServerConfigKeys (ConfUtils.java:logGet(43)) - raft.server.retrycache.expirytime = 600000ms (custom)
2019-10-02 05:53:24,830 [pool-171-thread-1] INFO  impl.RaftServerImpl (RaftServerImpl.java:start(181)) - 9cfd416b-6ceb-4706-a96c-8f6d75541741@group-9270A33858EB: start as a follower, conf=-1: [9cfd416b-6ceb-4706-a96c-8f6d75541741:192.168.164.250:46826], old=null
2019-10-02 05:53:24,830 [pool-171-thread-1] INFO  impl.RaftServerImpl (RaftServerImpl.java:setRole(170)) - 9cfd416b-6ceb-4706-a96c-8f6d75541741@group-9270A33858EB: changes role from      null to FOLLOWER at term 0 for startAsFollower
2019-10-02 05:53:24,830 [pool-171-thread-1] INFO  impl.RoleInfo (RoleInfo.java:updateAndGet(143)) - 9cfd416b-6ceb-4706-a96c-8f6d75541741: start FollowerState
2019-10-02 05:53:24,830 [pool-171-thread-1] INFO  util.JmxRegister (JmxRegister.java:tryRegister(44)) - Successfully registered JMX Bean with object name Ratis:service=RaftServer,group=group-9270A33858EB,id=9cfd416b-6ceb-4706-a96c-8f6d75541741
2019-10-02 05:53:24,835 [RatisPipelineUtilsThread] INFO  pipeline.PipelineStateManager (PipelineStateManager.java:addPipeline(56)) - Created pipeline Pipeline[ Id: 05463e8d-43fb-49ee-9507-9270a33858eb, Nodes: 9cfd416b-6ceb-4706-a96c-8f6d75541741{ip: 192.168.164.250, host: pr-trunk-p5fv4-2201032288, networkLocation: /default-rack, certSerialId: null}, Type:RATIS, Factor:ONE, State:OPEN]
2019-10-02 05:53:24,847 [grpc-default-executor-15] INFO  impl.RaftServerProxy (RaftServerProxy.java:addNew(89)) - 70ac7ae1-c153-4f9a-984d-28504dfc99f5: addNew group-C2095988D771:[70ac7ae1-c153-4f9a-984d-28504dfc99f5:192.168.164.250:40662, cebbc9e0-0ece-4d53-bcf3-1dae732d45f1:192.168.164.250:45252, f21b9375-dc47-4395-bc11-b05a52490165:192.168.164.250:38981] returns group-C2095988D771:java.util.concurrent.CompletableFuture@64dc7566[Not completed]
2019-10-02 05:53:24,847 [grpc-default-executor-14] INFO  impl.RaftServerProxy (RaftServerProxy.java:addNew(89)) - cebbc9e0-0ece-4d53-bcf3-1dae732d45f1: addNew group-C2095988D771:[70ac7ae1-c153-4f9a-984d-28504dfc99f5:192.168.164.250:40662, cebbc9e0-0ece-4d53-bcf3-1dae732d45f1:192.168.164.250:45252, f21b9375-dc47-4395-bc11-b05a52490165:192.168.164.250:38981] returns group-C2095988D771:java.util.concurrent.CompletableFuture@72a845bf[Not completed]
2019-10-02 05:53:24,850 [grpc-default-executor-15] INFO  impl.RaftServerProxy (RaftServerProxy.java:addNew(89)) - f21b9375-dc47-4395-bc11-b05a52490165: addNew group-C2095988D771:[70ac7ae1-c153-4f9a-984d-28504dfc99f5:192.168.164.250:40662, cebbc9e0-0ece-4d53-bcf3-1dae732d45f1:192.168.164.250:45252, f21b9375-dc47-4395-bc11-b05a52490165:192.168.164.250:38981] returns group-C2095988D771:java.util.concurrent.CompletableFuture@4ae6a900[Not completed]
2019-10-02 05:53:24,851 [pool-161-thread-1] INFO  impl.RaftServerImpl (RaftServerImpl.java:<init>(95)) - 70ac7ae1-c153-4f9a-984d-28504dfc99f5: new RaftServerImpl for group-C2095988D771:[70ac7ae1-c153-4f9a-984d-28504dfc99f5:192.168.164.250:40662, cebbc9e0-0ece-4d53-bcf3-1dae732d45f1:192.168.164.250:45252, f21b9375-dc47-4395-bc11-b05a52490165:192.168.164.250:38981] with ContainerStateMachine:uninitialized
2019-10-02 05:53:24,851 [pool-161-thread-1] INFO  server.RaftServerConfigKeys (ConfUtils.java:logGet(43)) - raft.server.rpc.timeout.min = 5s (custom)
2019-10-02 05:53:24,851 [pool-161-thread-1] INFO  server.RaftServerConfigKeys (ConfUtils.java:logGet(43)) - raft.server.rpc.timeout.max = 5200ms (custom)
2019-10-02 05:53:24,851 [pool-161-thread-1] INFO  server.RaftServerConfigKeys (ConfUtils.java:logGet(43)) - raft.server.rpcslowness.timeout = 120s (custom)
2019-10-02 05:53:24,851 [pool-161-thread-1] INFO  server.RaftServerConfigKeys (ConfUtils.java:logGet(43)) - raft.server.sleep.deviation.threshold = 300 (default)
2019-10-02 05:53:24,851 [pool-161-thread-1] INFO  server.RaftServerConfigKeys (ConfUtils.java:logGet(43)) - raft.server.log.appender.install.snapshot.enabled = false (custom)
2019-10-02 05:53:24,851 [pool-151-thread-1] INFO  impl.RaftServerImpl (RaftServerImpl.java:<init>(95)) - cebbc9e0-0ece-4d53-bcf3-1dae732d45f1: new RaftServerImpl for group-C2095988D771:[70ac7ae1-c153-4f9a-984d-28504dfc99f5:192.168.164.250:40662, cebbc9e0-0ece-4d53-bcf3-1dae732d45f1:192.168.164.250:45252, f21b9375-dc47-4395-bc11-b05a52490165:192.168.164.250:38981] with ContainerStateMachine:uninitialized
2019-10-02 05:53:24,851 [pool-161-thread-1] INFO  impl.RaftServerImpl (ServerState.java:<init>(103)) - 70ac7ae1-c153-4f9a-984d-28504dfc99f5@group-C2095988D771: ConfigurationManager, init=-1: [70ac7ae1-c153-4f9a-984d-28504dfc99f5:192.168.164.250:40662, cebbc9e0-0ece-4d53-bcf3-1dae732d45f1:192.168.164.250:45252, f21b9375-dc47-4395-bc11-b05a52490165:192.168.164.250:38981], old=null, confs=<EMPTY_MAP>
2019-10-02 05:53:24,851 [pool-151-thread-1] INFO  server.RaftServerConfigKeys (ConfUtils.java:logGet(43)) - raft.server.rpc.timeout.min = 5s (custom)
2019-10-02 05:53:24,851 [pool-161-thread-1] INFO  server.RaftServerConfigKeys (ConfUtils.java:logGet(43)) - raft.server.storage.dir = [/workdir/hadoop-ozone/integration-test/target/test-dir/MiniOzoneClusterImpl-215539d9-6da0-41b8-98ae-029774e0e657/datanode-4/data/ratis] (custom)
2019-10-02 05:53:24,851 [pool-151-thread-1] INFO  server.RaftServerConfigKeys (ConfUtils.java:logGet(43)) - raft.server.rpc.timeout.max = 5200ms (custom)
2019-10-02 05:53:24,852 [pool-151-thread-1] INFO  server.RaftServerConfigKeys (ConfUtils.java:logGet(43)) - raft.server.rpcslowness.timeout = 120s (custom)
2019-10-02 05:53:24,852 [pool-161-thread-1] INFO  server.RaftServerConfigKeys (ConfUtils.java:logGet(43)) - raft.server.log.corruption.policy = EXCEPTION (default)
2019-10-02 05:53:24,852 [pool-151-thread-1] INFO  server.RaftServerConfigKeys (ConfUtils.java:logGet(43)) - raft.server.sleep.deviation.threshold = 300 (default)
2019-10-02 05:53:24,852 [pool-161-thread-1] INFO  storage.RaftStorageDirectory (RaftStorageDirectory.java:analyzeStorage(246)) - The storage directory /workdir/hadoop-ozone/integration-test/target/test-dir/MiniOzoneClusterImpl-215539d9-6da0-41b8-98ae-029774e0e657/datanode-4/data/ratis/475c4f84-7757-49cf-b349-c2095988d771 does not exist. Creating ...
2019-10-02 05:53:24,852 [pool-181-thread-1] INFO  impl.RaftServerImpl (RaftServerImpl.java:<init>(95)) - f21b9375-dc47-4395-bc11-b05a52490165: new RaftServerImpl for group-C2095988D771:[70ac7ae1-c153-4f9a-984d-28504dfc99f5:192.168.164.250:40662, cebbc9e0-0ece-4d53-bcf3-1dae732d45f1:192.168.164.250:45252, f21b9375-dc47-4395-bc11-b05a52490165:192.168.164.250:38981] with ContainerStateMachine:uninitialized
2019-10-02 05:53:24,852 [pool-151-thread-1] INFO  server.RaftServerConfigKeys (ConfUtils.java:logGet(43)) - raft.server.log.appender.install.snapshot.enabled = false (custom)
2019-10-02 05:53:24,852 [pool-181-thread-1] INFO  server.RaftServerConfigKeys (ConfUtils.java:logGet(43)) - raft.server.rpc.timeout.min = 5s (custom)
2019-10-02 05:53:24,852 [pool-151-thread-1] INFO  impl.RaftServerImpl (ServerState.java:<init>(103)) - cebbc9e0-0ece-4d53-bcf3-1dae732d45f1@group-C2095988D771: ConfigurationManager, init=-1: [70ac7ae1-c153-4f9a-984d-28504dfc99f5:192.168.164.250:40662, cebbc9e0-0ece-4d53-bcf3-1dae732d45f1:192.168.164.250:45252, f21b9375-dc47-4395-bc11-b05a52490165:192.168.164.250:38981], old=null, confs=<EMPTY_MAP>
2019-10-02 05:53:24,852 [pool-181-thread-1] INFO  server.RaftServerConfigKeys (ConfUtils.java:logGet(43)) - raft.server.rpc.timeout.max = 5200ms (custom)
2019-10-02 05:53:24,852 [pool-151-thread-1] INFO  server.RaftServerConfigKeys (ConfUtils.java:logGet(43)) - raft.server.storage.dir = [/workdir/hadoop-ozone/integration-test/target/test-dir/MiniOzoneClusterImpl-215539d9-6da0-41b8-98ae-029774e0e657/datanode-3/data/ratis] (custom)
2019-10-02 05:53:24,852 [pool-181-thread-1] INFO  server.RaftServerConfigKeys (ConfUtils.java:logGet(43)) - raft.server.rpcslowness.timeout = 120s (custom)
2019-10-02 05:53:24,853 [pool-151-thread-1] INFO  server.RaftServerConfigKeys (ConfUtils.java:logGet(43)) - raft.server.log.corruption.policy = EXCEPTION (default)
2019-10-02 05:53:24,853 [pool-181-thread-1] INFO  server.RaftServerConfigKeys (ConfUtils.java:logGet(43)) - raft.server.sleep.deviation.threshold = 300 (default)
2019-10-02 05:53:24,853 [pool-151-thread-1] INFO  storage.RaftStorageDirectory (RaftStorageDirectory.java:analyzeStorage(246)) - The storage directory /workdir/hadoop-ozone/integration-test/target/test-dir/MiniOzoneClusterImpl-215539d9-6da0-41b8-98ae-029774e0e657/datanode-3/data/ratis/475c4f84-7757-49cf-b349-c2095988d771 does not exist. Creating ...
2019-10-02 05:53:24,853 [pool-181-thread-1] INFO  server.RaftServerConfigKeys (ConfUtils.java:logGet(43)) - raft.server.log.appender.install.snapshot.enabled = false (custom)
2019-10-02 05:53:24,853 [pool-181-thread-1] INFO  impl.RaftServerImpl (ServerState.java:<init>(103)) - f21b9375-dc47-4395-bc11-b05a52490165@group-C2095988D771: ConfigurationManager, init=-1: [70ac7ae1-c153-4f9a-984d-28504dfc99f5:192.168.164.250:40662, cebbc9e0-0ece-4d53-bcf3-1dae732d45f1:192.168.164.250:45252, f21b9375-dc47-4395-bc11-b05a52490165:192.168.164.250:38981], old=null, confs=<EMPTY_MAP>
2019-10-02 05:53:24,853 [pool-181-thread-1] INFO  server.RaftServerConfigKeys (ConfUtils.java:logGet(43)) - raft.server.storage.dir = [/workdir/hadoop-ozone/integration-test/target/test-dir/MiniOzoneClusterImpl-215539d9-6da0-41b8-98ae-029774e0e657/datanode-6/data/ratis] (custom)
2019-10-02 05:53:24,854 [pool-181-thread-1] INFO  server.RaftServerConfigKeys (ConfUtils.java:logGet(43)) - raft.server.log.corruption.policy = EXCEPTION (default)
2019-10-02 05:53:24,854 [pool-181-thread-1] INFO  storage.RaftStorageDirectory (RaftStorageDirectory.java:analyzeStorage(246)) - The storage directory /workdir/hadoop-ozone/integration-test/target/test-dir/MiniOzoneClusterImpl-215539d9-6da0-41b8-98ae-029774e0e657/datanode-6/data/ratis/475c4f84-7757-49cf-b349-c2095988d771 does not exist. Creating ...
2019-10-02 05:53:24,855 [pool-161-thread-1] INFO  storage.RaftStorageDirectory (RaftStorageDirectory.java:tryLock(328)) - Lock on /workdir/hadoop-ozone/integration-test/target/test-dir/MiniOzoneClusterImpl-215539d9-6da0-41b8-98ae-029774e0e657/datanode-4/data/ratis/475c4f84-7757-49cf-b349-c2095988d771/in_use.lock acquired by nodename 32484@pr-trunk-p5fv4-2201032288
2019-10-02 05:53:24,855 [pool-151-thread-1] INFO  storage.RaftStorageDirectory (RaftStorageDirectory.java:tryLock(328)) - Lock on /workdir/hadoop-ozone/integration-test/target/test-dir/MiniOzoneClusterImpl-215539d9-6da0-41b8-98ae-029774e0e657/datanode-3/data/ratis/475c4f84-7757-49cf-b349-c2095988d771/in_use.lock acquired by nodename 32484@pr-trunk-p5fv4-2201032288
2019-10-02 05:53:24,858 [pool-181-thread-1] INFO  storage.RaftStorageDirectory (RaftStorageDirectory.java:tryLock(328)) - Lock on /workdir/hadoop-ozone/integration-test/target/test-dir/MiniOzoneClusterImpl-215539d9-6da0-41b8-98ae-029774e0e657/datanode-6/data/ratis/475c4f84-7757-49cf-b349-c2095988d771/in_use.lock acquired by nodename 32484@pr-trunk-p5fv4-2201032288
2019-10-02 05:53:24,858 [pool-161-thread-1] INFO  storage.RaftStorage (RaftStorage.java:format(84)) - Storage directory /workdir/hadoop-ozone/integration-test/target/test-dir/MiniOzoneClusterImpl-215539d9-6da0-41b8-98ae-029774e0e657/datanode-4/data/ratis/475c4f84-7757-49cf-b349-c2095988d771 has been successfully formatted.
2019-10-02 05:53:24,859 [pool-161-thread-1] INFO  ratis.ContainerStateMachine (ContainerStateMachine.java:loadSnapshot(231)) - group-C2095988D771: The snapshot info is null. Setting the last applied indexto:(t:0, i:~)
2019-10-02 05:53:24,859 [pool-161-thread-1] INFO  server.RaftServerConfigKeys (ConfUtils.java:logGet(43)) - raft.server.notification.no-leader.timeout = 120s (custom)
2019-10-02 05:53:24,859 [pool-161-thread-1] INFO  server.RaftServerConfigKeys (ConfUtils.java:logGet(43)) - raft.server.log.use.memory = false (default)
2019-10-02 05:53:24,859 [pool-161-thread-1] INFO  server.RaftServerConfigKeys (ConfUtils.java:logGet(43)) - raft.server.log.purge.gap = 1000000 (custom)
2019-10-02 05:53:24,859 [pool-161-thread-1] INFO  server.RaftServerConfigKeys (ConfUtils.java:logGet(43)) - raft.server.log.appender.buffer.byte-limit = 33554432 (custom)
2019-10-02 05:53:24,859 [pool-161-thread-1] INFO  server.RaftServerConfigKeys (ConfUtils.java:logGet(43)) - raft.server.log.segment.size.max = 1048576 (custom)
2019-10-02 05:53:24,859 [pool-151-thread-1] INFO  storage.RaftStorage (RaftStorage.java:format(84)) - Storage directory /workdir/hadoop-ozone/integration-test/target/test-dir/MiniOzoneClusterImpl-215539d9-6da0-41b8-98ae-029774e0e657/datanode-3/data/ratis/475c4f84-7757-49cf-b349-c2095988d771 has been successfully formatted.
2019-10-02 05:53:24,859 [pool-161-thread-1] INFO  server.RaftServerConfigKeys (ConfUtils.java:logGet(43)) - raft.server.log.segment.cache.num.max = 2 (custom)
2019-10-02 05:53:24,859 [pool-151-thread-1] INFO  ratis.ContainerStateMachine (ContainerStateMachine.java:loadSnapshot(231)) - group-C2095988D771: The snapshot info is null. Setting the last applied indexto:(t:0, i:~)
2019-10-02 05:53:24,859 [pool-161-thread-1] INFO  segmented.SegmentedRaftLogWorker (SegmentedRaftLogWorker.java:<init>(173)) - new 70ac7ae1-c153-4f9a-984d-28504dfc99f5@group-C2095988D771-SegmentedRaftLogWorker for RaftStorage:Storage Directory /workdir/hadoop-ozone/integration-test/target/test-dir/MiniOzoneClusterImpl-215539d9-6da0-41b8-98ae-029774e0e657/datanode-4/data/ratis/475c4f84-7757-49cf-b349-c2095988d771
2019-10-02 05:53:24,859 [pool-151-thread-1] INFO  server.RaftServerConfigKeys (ConfUtils.java:logGet(43)) - raft.server.notification.no-leader.timeout = 120s (custom)
2019-10-02 05:53:24,859 [pool-161-thread-1] INFO  server.RaftServerConfigKeys (ConfUtils.java:logGet(43)) - raft.server.log.queue.byte-limit = 2147483647 (custom)
2019-10-02 05:53:24,860 [pool-151-thread-1] INFO  server.RaftServerConfigKeys (ConfUtils.java:logGet(43)) - raft.server.log.use.memory = false (default)
2019-10-02 05:53:24,860 [pool-161-thread-1] INFO  server.RaftServerConfigKeys (ConfUtils.java:logGet(43)) - raft.server.log.queue.element-limit = 1024 (custom)
2019-10-02 05:53:24,860 [pool-151-thread-1] INFO  server.RaftServerConfigKeys (ConfUtils.java:logGet(43)) - raft.server.log.purge.gap = 1000000 (custom)
2019-10-02 05:53:24,860 [pool-161-thread-1] INFO  server.RaftServerConfigKeys (ConfUtils.java:logGet(43)) - raft.server.log.segment.size.max = 1048576 (custom)
2019-10-02 05:53:24,860 [pool-151-thread-1] INFO  server.RaftServerConfigKeys (ConfUtils.java:logGet(43)) - raft.server.log.appender.buffer.byte-limit = 33554432 (custom)
2019-10-02 05:53:24,860 [pool-161-thread-1] INFO  server.RaftServerConfigKeys (ConfUtils.java:logGet(43)) - raft.server.log.preallocated.size = 16384 (custom)
2019-10-02 05:53:24,860 [pool-151-thread-1] INFO  server.RaftServerConfigKeys (ConfUtils.java:logGet(43)) - raft.server.log.segment.size.max = 1048576 (custom)
2019-10-02 05:53:24,860 [pool-161-thread-1] INFO  server.RaftServerConfigKeys (ConfUtils.java:logGet(43)) - raft.server.log.write.buffer.size = 33554432 (custom)
2019-10-02 05:53:24,860 [pool-151-thread-1] INFO  server.RaftServerConfigKeys (ConfUtils.java:logGet(43)) - raft.server.log.segment.cache.num.max = 2 (custom)
2019-10-02 05:53:24,860 [pool-161-thread-1] INFO  server.RaftServerConfigKeys (ConfUtils.java:logGet(43)) - raft.server.log.force.sync.num = 128 (default)
2019-10-02 05:53:24,860 [pool-151-thread-1] INFO  segmented.SegmentedRaftLogWorker (SegmentedRaftLogWorker.java:<init>(173)) - new cebbc9e0-0ece-4d53-bcf3-1dae732d45f1@group-C2095988D771-SegmentedRaftLogWorker for RaftStorage:Storage Directory /workdir/hadoop-ozone/integration-test/target/test-dir/MiniOzoneClusterImpl-215539d9-6da0-41b8-98ae-029774e0e657/datanode-3/data/ratis/475c4f84-7757-49cf-b349-c2095988d771
2019-10-02 05:53:24,861 [pool-161-thread-1] INFO  server.RaftServerConfigKeys (ConfUtils.java:logGet(43)) - raft.server.log.statemachine.data.sync = true (default)
2019-10-02 05:53:24,861 [pool-151-thread-1] INFO  server.RaftServerConfigKeys (ConfUtils.java:logGet(43)) - raft.server.log.queue.byte-limit = 2147483647 (custom)
2019-10-02 05:53:24,861 [pool-161-thread-1] INFO  server.RaftServerConfigKeys (ConfUtils.java:logGet(43)) - raft.server.log.statemachine.data.sync.timeout = 10s (default)
2019-10-02 05:53:24,861 [pool-151-thread-1] INFO  server.RaftServerConfigKeys (ConfUtils.java:logGet(43)) - raft.server.log.queue.element-limit = 1024 (custom)
2019-10-02 05:53:24,861 [pool-161-thread-1] INFO  server.RaftServerConfigKeys (ConfUtils.java:logGet(43)) - raft.server.log.statemachine.data.sync.timeout.retry = -1 (default)
2019-10-02 05:53:24,861 [pool-151-thread-1] INFO  server.RaftServerConfigKeys (ConfUtils.java:logGet(43)) - raft.server.log.segment.size.max = 1048576 (custom)
2019-10-02 05:53:24,861 [pool-161-thread-1] INFO  server.RaftServerConfigKeys (ConfUtils.java:logGet(43)) - raft.server.log.statemachine.data.caching.enabled = true (custom)
2019-10-02 05:53:24,861 [pool-151-thread-1] INFO  server.RaftServerConfigKeys (ConfUtils.java:logGet(43)) - raft.server.log.preallocated.size = 16384 (custom)
2019-10-02 05:53:24,861 [pool-151-thread-1] INFO  server.RaftServerConfigKeys (ConfUtils.java:logGet(43)) - raft.server.log.write.buffer.size = 33554432 (custom)
2019-10-02 05:53:24,861 [pool-161-thread-1] INFO  segmented.SegmentedRaftLogWorker (SegmentedRaftLogWorker.java:lambda$new$0(128)) - 70ac7ae1-c153-4f9a-984d-28504dfc99f5@group-C2095988D771-SegmentedRaftLogWorker: flushIndex: setUnconditionally 0 -> -1
2019-10-02 05:53:24,861 [pool-151-thread-1] INFO  server.RaftServerConfigKeys (ConfUtils.java:logGet(43)) - raft.server.log.force.sync.num = 128 (default)
2019-10-02 05:53:24,862 [pool-151-thread-1] INFO  server.RaftServerConfigKeys (ConfUtils.java:logGet(43)) - raft.server.log.statemachine.data.sync = true (default)
2019-10-02 05:53:24,862 [pool-161-thread-1] INFO  server.RaftServerConfigKeys (ConfUtils.java:logGet(43)) - raft.server.snapshot.auto.trigger.enabled = true (custom)
2019-10-02 05:53:24,862 [pool-151-thread-1] INFO  server.RaftServerConfigKeys (ConfUtils.java:logGet(43)) - raft.server.log.statemachine.data.sync.timeout = 10s (default)
2019-10-02 05:53:24,862 [pool-161-thread-1] INFO  server.RaftServerConfigKeys (ConfUtils.java:logGet(43)) - raft.server.snapshot.auto.trigger.threshold = 10000 (custom)
2019-10-02 05:53:24,862 [pool-151-thread-1] INFO  server.RaftServerConfigKeys (ConfUtils.java:logGet(43)) - raft.server.log.statemachine.data.sync.timeout.retry = -1 (default)
2019-10-02 05:53:24,862 [pool-161-thread-1] INFO  server.RaftServerConfigKeys (ConfUtils.java:logGet(43)) - raft.server.snapshot.retention.file.num = 5 (custom)
2019-10-02 05:53:24,862 [pool-151-thread-1] INFO  server.RaftServerConfigKeys (ConfUtils.java:logGet(43)) - raft.server.log.statemachine.data.caching.enabled = true (custom)
2019-10-02 05:53:24,862 [pool-161-thread-1] INFO  server.RaftServerConfigKeys (ConfUtils.java:logGet(43)) - raft.server.retrycache.expirytime = 600000ms (custom)
2019-10-02 05:53:24,862 [pool-181-thread-1] INFO  storage.RaftStorage (RaftStorage.java:format(84)) - Storage directory /workdir/hadoop-ozone/integration-test/target/test-dir/MiniOzoneClusterImpl-215539d9-6da0-41b8-98ae-029774e0e657/datanode-6/data/ratis/475c4f84-7757-49cf-b349-c2095988d771 has been successfully formatted.
2019-10-02 05:53:24,862 [pool-151-thread-1] INFO  segmented.SegmentedRaftLogWorker (SegmentedRaftLogWorker.java:lambda$new$0(128)) - cebbc9e0-0ece-4d53-bcf3-1dae732d45f1@group-C2095988D771-SegmentedRaftLogWorker: flushIndex: setUnconditionally 0 -> -1
2019-10-02 05:53:24,863 [pool-181-thread-1] INFO  ratis.ContainerStateMachine (ContainerStateMachine.java:loadSnapshot(231)) - group-C2095988D771: The snapshot info is null. Setting the last applied indexto:(t:0, i:~)
2019-10-02 05:53:24,863 [pool-151-thread-1] INFO  server.RaftServerConfigKeys (ConfUtils.java:logGet(43)) - raft.server.snapshot.auto.trigger.enabled = true (custom)
2019-10-02 05:53:24,863 [pool-181-thread-1] INFO  server.RaftServerConfigKeys (ConfUtils.java:logGet(43)) - raft.server.notification.no-leader.timeout = 120s (custom)
2019-10-02 05:53:24,863 [pool-151-thread-1] INFO  server.RaftServerConfigKeys (ConfUtils.java:logGet(43)) - raft.server.snapshot.auto.trigger.threshold = 10000 (custom)
2019-10-02 05:53:24,863 [pool-181-thread-1] INFO  server.RaftServerConfigKeys (ConfUtils.java:logGet(43)) - raft.server.log.use.memory = false (default)
2019-10-02 05:53:24,863 [pool-151-thread-1] INFO  server.RaftServerConfigKeys (ConfUtils.java:logGet(43)) - raft.server.snapshot.retention.file.num = 5 (custom)
2019-10-02 05:53:24,863 [pool-181-thread-1] INFO  server.RaftServerConfigKeys (ConfUtils.java:logGet(43)) - raft.server.log.purge.gap = 1000000 (custom)
2019-10-02 05:53:24,863 [pool-151-thread-1] INFO  server.RaftServerConfigKeys (ConfUtils.java:logGet(43)) - raft.server.retrycache.expirytime = 600000ms (custom)
2019-10-02 05:53:24,863 [pool-181-thread-1] INFO  server.RaftServerConfigKeys (ConfUtils.java:logGet(43)) - raft.server.log.appender.buffer.byte-limit = 33554432 (custom)
2019-10-02 05:53:24,864 [pool-181-thread-1] INFO  server.RaftServerConfigKeys (ConfUtils.java:logGet(43)) - raft.server.log.segment.size.max = 1048576 (custom)
2019-10-02 05:53:24,864 [pool-161-thread-1] INFO  impl.RaftServerImpl (RaftServerImpl.java:start(181)) - 70ac7ae1-c153-4f9a-984d-28504dfc99f5@group-C2095988D771: start as a follower, conf=-1: [70ac7ae1-c153-4f9a-984d-28504dfc99f5:192.168.164.250:40662, cebbc9e0-0ece-4d53-bcf3-1dae732d45f1:192.168.164.250:45252, f21b9375-dc47-4395-bc11-b05a52490165:192.168.164.250:38981], old=null
2019-10-02 05:53:24,864 [pool-181-thread-1] INFO  server.RaftServerConfigKeys (ConfUtils.java:logGet(43)) - raft.server.log.segment.cache.num.max = 2 (custom)
2019-10-02 05:53:24,864 [pool-161-thread-1] INFO  impl.RaftServerImpl (RaftServerImpl.java:setRole(170)) - 70ac7ae1-c153-4f9a-984d-28504dfc99f5@group-C2095988D771: changes role from      null to FOLLOWER at term 0 for startAsFollower
2019-10-02 05:53:24,864 [pool-181-thread-1] INFO  segmented.SegmentedRaftLogWorker (SegmentedRaftLogWorker.java:<init>(173)) - new f21b9375-dc47-4395-bc11-b05a52490165@group-C2095988D771-SegmentedRaftLogWorker for RaftStorage:Storage Directory /workdir/hadoop-ozone/integration-test/target/test-dir/MiniOzoneClusterImpl-215539d9-6da0-41b8-98ae-029774e0e657/datanode-6/data/ratis/475c4f84-7757-49cf-b349-c2095988d771
2019-10-02 05:53:24,864 [pool-161-thread-1] INFO  impl.RoleInfo (RoleInfo.java:updateAndGet(143)) - 70ac7ae1-c153-4f9a-984d-28504dfc99f5: start FollowerState
2019-10-02 05:53:24,864 [pool-181-thread-1] INFO  server.RaftServerConfigKeys (ConfUtils.java:logGet(43)) - raft.server.log.queue.byte-limit = 2147483647 (custom)
2019-10-02 05:53:24,865 [pool-181-thread-1] INFO  server.RaftServerConfigKeys (ConfUtils.java:logGet(43)) - raft.server.log.queue.element-limit = 1024 (custom)
2019-10-02 05:53:24,865 [pool-161-thread-1] INFO  util.JmxRegister (JmxRegister.java:tryRegister(44)) - Successfully registered JMX Bean with object name Ratis:service=RaftServer,group=group-C2095988D771,id=70ac7ae1-c153-4f9a-984d-28504dfc99f5
2019-10-02 05:53:24,865 [pool-181-thread-1] INFO  server.RaftServerConfigKeys (ConfUtils.java:logGet(43)) - raft.server.log.segment.size.max = 1048576 (custom)
2019-10-02 05:53:24,865 [pool-151-thread-1] INFO  impl.RaftServerImpl (RaftServerImpl.java:start(181)) - cebbc9e0-0ece-4d53-bcf3-1dae732d45f1@group-C2095988D771: start as a follower, conf=-1: [70ac7ae1-c153-4f9a-984d-28504dfc99f5:192.168.164.250:40662, cebbc9e0-0ece-4d53-bcf3-1dae732d45f1:192.168.164.250:45252, f21b9375-dc47-4395-bc11-b05a52490165:192.168.164.250:38981], old=null
2019-10-02 05:53:24,865 [pool-181-thread-1] INFO  server.RaftServerConfigKeys (ConfUtils.java:logGet(43)) - raft.server.log.preallocated.size = 16384 (custom)
2019-10-02 05:53:24,865 [pool-151-thread-1] INFO  impl.RaftServerImpl (RaftServerImpl.java:setRole(170)) - cebbc9e0-0ece-4d53-bcf3-1dae732d45f1@group-C2095988D771: changes role from      null to FOLLOWER at term 0 for startAsFollower
2019-10-02 05:53:24,865 [pool-181-thread-1] INFO  server.RaftServerConfigKeys (ConfUtils.java:logGet(43)) - raft.server.log.write.buffer.size = 33554432 (custom)
2019-10-02 05:53:24,865 [pool-151-thread-1] INFO  impl.RoleInfo (RoleInfo.java:updateAndGet(143)) - cebbc9e0-0ece-4d53-bcf3-1dae732d45f1: start FollowerState
2019-10-02 05:53:24,866 [pool-181-thread-1] INFO  server.RaftServerConfigKeys (ConfUtils.java:logGet(43)) - raft.server.log.force.sync.num = 128 (default)
2019-10-02 05:53:24,866 [pool-181-thread-1] INFO  server.RaftServerConfigKeys (ConfUtils.java:logGet(43)) - raft.server.log.statemachine.data.sync = true (default)
2019-10-02 05:53:24,866 [pool-151-thread-1] INFO  util.JmxRegister (JmxRegister.java:tryRegister(44)) - Successfully registered JMX Bean with object name Ratis:service=RaftServer,group=group-C2095988D771,id=cebbc9e0-0ece-4d53-bcf3-1dae732d45f1
2019-10-02 05:53:24,866 [pool-181-thread-1] INFO  server.RaftServerConfigKeys (ConfUtils.java:logGet(43)) - raft.server.log.statemachine.data.sync.timeout = 10s (default)
2019-10-02 05:53:24,866 [pool-181-thread-1] INFO  server.RaftServerConfigKeys (ConfUtils.java:logGet(43)) - raft.server.log.statemachine.data.sync.timeout.retry = -1 (default)
2019-10-02 05:53:24,867 [pool-181-thread-1] INFO  server.RaftServerConfigKeys (ConfUtils.java:logGet(43)) - raft.server.log.statemachine.data.caching.enabled = true (custom)
2019-10-02 05:53:24,870 [pool-181-thread-1] INFO  segmented.SegmentedRaftLogWorker (SegmentedRaftLogWorker.java:lambda$new$0(128)) - f21b9375-dc47-4395-bc11-b05a52490165@group-C2095988D771-SegmentedRaftLogWorker: flushIndex: setUnconditionally 0 -> -1
2019-10-02 05:53:24,870 [pool-181-thread-1] INFO  server.RaftServerConfigKeys (ConfUtils.java:logGet(43)) - raft.server.snapshot.auto.trigger.enabled = true (custom)
2019-10-02 05:53:24,870 [pool-181-thread-1] INFO  server.RaftServerConfigKeys (ConfUtils.java:logGet(43)) - raft.server.snapshot.auto.trigger.threshold = 10000 (custom)
2019-10-02 05:53:24,870 [pool-181-thread-1] INFO  server.RaftServerConfigKeys (ConfUtils.java:logGet(43)) - raft.server.snapshot.retention.file.num = 5 (custom)
2019-10-02 05:53:24,870 [pool-181-thread-1] INFO  server.RaftServerConfigKeys (ConfUtils.java:logGet(43)) - raft.server.retrycache.expirytime = 600000ms (custom)
2019-10-02 05:53:24,874 [pool-181-thread-1] INFO  impl.RaftServerImpl (RaftServerImpl.java:start(181)) - f21b9375-dc47-4395-bc11-b05a52490165@group-C2095988D771: start as a follower, conf=-1: [70ac7ae1-c153-4f9a-984d-28504dfc99f5:192.168.164.250:40662, cebbc9e0-0ece-4d53-bcf3-1dae732d45f1:192.168.164.250:45252, f21b9375-dc47-4395-bc11-b05a52490165:192.168.164.250:38981], old=null
2019-10-02 05:53:24,874 [pool-181-thread-1] INFO  impl.RaftServerImpl (RaftServerImpl.java:setRole(170)) - f21b9375-dc47-4395-bc11-b05a52490165@group-C2095988D771: changes role from      null to FOLLOWER at term 0 for startAsFollower
2019-10-02 05:53:24,875 [pool-181-thread-1] INFO  impl.RoleInfo (RoleInfo.java:updateAndGet(143)) - f21b9375-dc47-4395-bc11-b05a52490165: start FollowerState
2019-10-02 05:53:24,875 [pool-181-thread-1] INFO  util.JmxRegister (JmxRegister.java:tryRegister(44)) - Successfully registered JMX Bean with object name Ratis:service=RaftServer,group=group-C2095988D771,id=f21b9375-dc47-4395-bc11-b05a52490165
2019-10-02 05:53:24,881 [RatisPipelineUtilsThread] INFO  pipeline.PipelineStateManager (PipelineStateManager.java:addPipeline(56)) - Created pipeline Pipeline[ Id: 475c4f84-7757-49cf-b349-c2095988d771, Nodes: 70ac7ae1-c153-4f9a-984d-28504dfc99f5{ip: 192.168.164.250, host: pr-trunk-p5fv4-2201032288, networkLocation: /default-rack, certSerialId: null}cebbc9e0-0ece-4d53-bcf3-1dae732d45f1{ip: 192.168.164.250, host: pr-trunk-p5fv4-2201032288, networkLocation: /default-rack, certSerialId: null}f21b9375-dc47-4395-bc11-b05a52490165{ip: 192.168.164.250, host: pr-trunk-p5fv4-2201032288, networkLocation: /default-rack, certSerialId: null}, Type:RATIS, Factor:THREE, State:OPEN]
2019-10-02 05:53:27,315 [Thread-1481] INFO  container.ReplicationManager (ReplicationManager.java:start(162)) - Starting Replication Monitor Thread.
2019-10-02 05:53:27,319 [ReplicationMonitor] INFO  container.ReplicationManager (ReplicationManager.java:run(225)) - Replication Monitor Thread took 0 milliseconds for processing 4 containers.
2019-10-02 05:53:29,392 [Thread-1483] INFO  impl.FollowerState (FollowerState.java:run(108)) - 9b4f6868-9b7e-43dc-b890-c7b182608c59@group-06F6DC8221B1-FollowerState: change to CANDIDATE, lastRpcTime:5028ms, electionTimeout:5028ms
2019-10-02 05:53:29,393 [Thread-1483] INFO  impl.RoleInfo (RoleInfo.java:shutdownFollowerState(121)) - 9b4f6868-9b7e-43dc-b890-c7b182608c59: shutdown FollowerState
2019-10-02 05:53:29,393 [Thread-1483] INFO  impl.RaftServerImpl (RaftServerImpl.java:setRole(170)) - 9b4f6868-9b7e-43dc-b890-c7b182608c59@group-06F6DC8221B1: changes role from  FOLLOWER to CANDIDATE at term 0 for changeToCandidate
2019-10-02 05:53:29,394 [Thread-1483] INFO  impl.RoleInfo (RoleInfo.java:updateAndGet(143)) - 9b4f6868-9b7e-43dc-b890-c7b182608c59: start LeaderElection
2019-10-02 05:53:29,424 [9b4f6868-9b7e-43dc-b890-c7b182608c59@group-06F6DC8221B1-LeaderElection20] INFO  impl.LeaderElection (LeaderElection.java:askForVotes(178)) - 9b4f6868-9b7e-43dc-b890-c7b182608c59@group-06F6DC8221B1-LeaderElection20: begin an election at term 1 for -1: [9b4f6868-9b7e-43dc-b890-c7b182608c59:192.168.164.250:42152], old=null
2019-10-02 05:53:29,424 [9b4f6868-9b7e-43dc-b890-c7b182608c59@group-06F6DC8221B1-LeaderElection20] INFO  impl.RoleInfo (RoleInfo.java:shutdownLeaderElection(134)) - 9b4f6868-9b7e-43dc-b890-c7b182608c59: shutdown LeaderElection
2019-10-02 05:53:29,425 [9b4f6868-9b7e-43dc-b890-c7b182608c59@group-06F6DC8221B1-LeaderElection20] INFO  impl.RaftServerImpl (RaftServerImpl.java:setRole(170)) - 9b4f6868-9b7e-43dc-b890-c7b182608c59@group-06F6DC8221B1: changes role from CANDIDATE to LEADER at term 1 for changeToLeader
2019-10-02 05:53:29,425 [9b4f6868-9b7e-43dc-b890-c7b182608c59@group-06F6DC8221B1-LeaderElection20] INFO  impl.RaftServerImpl (ServerState.java:setLeader(255)) - 9b4f6868-9b7e-43dc-b890-c7b182608c59@group-06F6DC8221B1: change Leader from null to 9b4f6868-9b7e-43dc-b890-c7b182608c59 at term 1 for becomeLeader, leader elected after 5067ms
2019-10-02 05:53:29,428 [9b4f6868-9b7e-43dc-b890-c7b182608c59@group-06F6DC8221B1-LeaderElection20] INFO  server.RaftServerConfigKeys (ConfUtils.java:logGet(43)) - raft.server.staging.catchup.gap = 1000 (default)
2019-10-02 05:53:29,428 [9b4f6868-9b7e-43dc-b890-c7b182608c59@group-06F6DC8221B1-LeaderElection20] INFO  server.RaftServerConfigKeys (ConfUtils.java:logGet(43)) - raft.server.rpc.sleep.time = 25ms (default)
2019-10-02 05:53:29,428 [9b4f6868-9b7e-43dc-b890-c7b182608c59@group-06F6DC8221B1-LeaderElection20] INFO  server.RaftServerConfigKeys (ConfUtils.java:logGet(43)) - raft.server.write.element-limit = 4096 (default)
2019-10-02 05:53:29,429 [9b4f6868-9b7e-43dc-b890-c7b182608c59@group-06F6DC8221B1-LeaderElection20] INFO  server.RaftServerConfigKeys (ConfUtils.java:logGet(43)) - raft.server.watch.timeout = 10s (default)
2019-10-02 05:53:29,429 [9b4f6868-9b7e-43dc-b890-c7b182608c59@group-06F6DC8221B1-LeaderElection20] INFO  server.RaftServerConfigKeys (ConfUtils.java:logGet(43)) - raft.server.watch.timeout.denomination = 1s (default)
2019-10-02 05:53:29,429 [9b4f6868-9b7e-43dc-b890-c7b182608c59@group-06F6DC8221B1-LeaderElection20] INFO  server.RaftServerConfigKeys (ConfUtils.java:logGet(43)) - raft.server.watch.element-limit = 65536 (default)
2019-10-02 05:53:29,432 [9b4f6868-9b7e-43dc-b890-c7b182608c59@group-06F6DC8221B1-LeaderElection20] INFO  impl.RoleInfo (RoleInfo.java:updateAndGet(143)) - 9b4f6868-9b7e-43dc-b890-c7b182608c59: start LeaderState
2019-10-02 05:53:29,432 [9b4f6868-9b7e-43dc-b890-c7b182608c59@group-06F6DC8221B1-LeaderElection20] INFO  segmented.SegmentedRaftLogWorker (SegmentedRaftLogWorker.java:startLogSegment(385)) - 9b4f6868-9b7e-43dc-b890-c7b182608c59@group-06F6DC8221B1-SegmentedRaftLogWorker: Starting segment from index:0
2019-10-02 05:53:29,433 [9b4f6868-9b7e-43dc-b890-c7b182608c59@group-06F6DC8221B1-LeaderElection20] INFO  impl.RaftServerImpl (ServerState.java:setRaftConf(356)) - 9b4f6868-9b7e-43dc-b890-c7b182608c59@group-06F6DC8221B1: set configuration 0: [9b4f6868-9b7e-43dc-b890-c7b182608c59:192.168.164.250:42152], old=null at 0
2019-10-02 05:53:29,467 [9b4f6868-9b7e-43dc-b890-c7b182608c59@group-06F6DC8221B1-SegmentedRaftLogWorker] INFO  segmented.SegmentedRaftLogWorker (SegmentedRaftLogWorker.java:execute(574)) - 9b4f6868-9b7e-43dc-b890-c7b182608c59@group-06F6DC8221B1-SegmentedRaftLogWorker: created new log segment /workdir/hadoop-ozone/integration-test/target/test-dir/MiniOzoneClusterImpl-215539d9-6da0-41b8-98ae-029774e0e657/datanode-0/data/ratis/9aca2756-a92f-4018-9914-06f6dc8221b1/current/log_inprogress_0
2019-10-02 05:53:29,521 [Thread-1486] INFO  impl.FollowerState (FollowerState.java:run(108)) - a029b640-5e64-4bed-9f71-7887e3adccfd@group-41751972C26D-FollowerState: change to CANDIDATE, lastRpcTime:5112ms, electionTimeout:5112ms
2019-10-02 05:53:29,522 [Thread-1486] INFO  impl.RoleInfo (RoleInfo.java:shutdownFollowerState(121)) - a029b640-5e64-4bed-9f71-7887e3adccfd: shutdown FollowerState
2019-10-02 05:53:29,522 [Thread-1486] INFO  impl.RaftServerImpl (RaftServerImpl.java:setRole(170)) - a029b640-5e64-4bed-9f71-7887e3adccfd@group-41751972C26D: changes role from  FOLLOWER to CANDIDATE at term 0 for changeToCandidate
2019-10-02 05:53:29,522 [Thread-1486] INFO  impl.RoleInfo (RoleInfo.java:updateAndGet(143)) - a029b640-5e64-4bed-9f71-7887e3adccfd: start LeaderElection
2019-10-02 05:53:29,540 [a029b640-5e64-4bed-9f71-7887e3adccfd@group-41751972C26D-LeaderElection21] INFO  impl.LeaderElection (LeaderElection.java:askForVotes(178)) - a029b640-5e64-4bed-9f71-7887e3adccfd@group-41751972C26D-LeaderElection21: begin an election at term 1 for -1: [a029b640-5e64-4bed-9f71-7887e3adccfd:192.168.164.250:44295], old=null
2019-10-02 05:53:29,540 [a029b640-5e64-4bed-9f71-7887e3adccfd@group-41751972C26D-LeaderElection21] INFO  impl.RoleInfo (RoleInfo.java:shutdownLeaderElection(134)) - a029b640-5e64-4bed-9f71-7887e3adccfd: shutdown LeaderElection
2019-10-02 05:53:29,540 [a029b640-5e64-4bed-9f71-7887e3adccfd@group-41751972C26D-LeaderElection21] INFO  impl.RaftServerImpl (RaftServerImpl.java:setRole(170)) - a029b640-5e64-4bed-9f71-7887e3adccfd@group-41751972C26D: changes role from CANDIDATE to LEADER at term 1 for changeToLeader
2019-10-02 05:53:29,540 [a029b640-5e64-4bed-9f71-7887e3adccfd@group-41751972C26D-LeaderElection21] INFO  impl.RaftServerImpl (ServerState.java:setLeader(255)) - a029b640-5e64-4bed-9f71-7887e3adccfd@group-41751972C26D: change Leader from null to a029b640-5e64-4bed-9f71-7887e3adccfd at term 1 for becomeLeader, leader elected after 5138ms
2019-10-02 05:53:29,542 [a029b640-5e64-4bed-9f71-7887e3adccfd@group-41751972C26D-LeaderElection21] INFO  server.RaftServerConfigKeys (ConfUtils.java:logGet(43)) - raft.server.staging.catchup.gap = 1000 (default)
2019-10-02 05:53:29,543 [a029b640-5e64-4bed-9f71-7887e3adccfd@group-41751972C26D-LeaderElection21] INFO  server.RaftServerConfigKeys (ConfUtils.java:logGet(43)) - raft.server.rpc.sleep.time = 25ms (default)
2019-10-02 05:53:29,543 [a029b640-5e64-4bed-9f71-7887e3adccfd@group-41751972C26D-LeaderElection21] INFO  server.RaftServerConfigKeys (ConfUtils.java:logGet(43)) - raft.server.write.element-limit = 4096 (default)
2019-10-02 05:53:29,543 [a029b640-5e64-4bed-9f71-7887e3adccfd@group-41751972C26D-LeaderElection21] INFO  server.RaftServerConfigKeys (ConfUtils.java:logGet(43)) - raft.server.watch.timeout = 10s (default)
2019-10-02 05:53:29,543 [a029b640-5e64-4bed-9f71-7887e3adccfd@group-41751972C26D-LeaderElection21] INFO  server.RaftServerConfigKeys (ConfUtils.java:logGet(43)) - raft.server.watch.timeout.denomination = 1s (default)
2019-10-02 05:53:29,543 [a029b640-5e64-4bed-9f71-7887e3adccfd@group-41751972C26D-LeaderElection21] INFO  server.RaftServerConfigKeys (ConfUtils.java:logGet(43)) - raft.server.watch.element-limit = 65536 (default)
2019-10-02 05:53:29,545 [a029b640-5e64-4bed-9f71-7887e3adccfd@group-41751972C26D-LeaderElection21] INFO  impl.RoleInfo (RoleInfo.java:updateAndGet(143)) - a029b640-5e64-4bed-9f71-7887e3adccfd: start LeaderState
2019-10-02 05:53:29,545 [a029b640-5e64-4bed-9f71-7887e3adccfd@group-41751972C26D-LeaderElection21] INFO  segmented.SegmentedRaftLogWorker (SegmentedRaftLogWorker.java:startLogSegment(385)) - a029b640-5e64-4bed-9f71-7887e3adccfd@group-41751972C26D-SegmentedRaftLogWorker: Starting segment from index:0
2019-10-02 05:53:29,545 [a029b640-5e64-4bed-9f71-7887e3adccfd@group-41751972C26D-LeaderElection21] INFO  impl.RaftServerImpl (ServerState.java:setRaftConf(356)) - a029b640-5e64-4bed-9f71-7887e3adccfd@group-41751972C26D: set configuration 0: [a029b640-5e64-4bed-9f71-7887e3adccfd:192.168.164.250:44295], old=null at 0
2019-10-02 05:53:29,560 [Thread-1494] INFO  impl.FollowerState (FollowerState.java:run(108)) - 304102a3-92b0-47f9-a2f5-4776f32ebf56@group-BDB97411EE94-FollowerState: change to CANDIDATE, lastRpcTime:5037ms, electionTimeout:5037ms
2019-10-02 05:53:29,560 [Thread-1494] INFO  impl.RoleInfo (RoleInfo.java:shutdownFollowerState(121)) - 304102a3-92b0-47f9-a2f5-4776f32ebf56: shutdown FollowerState
2019-10-02 05:53:29,560 [Thread-1494] INFO  impl.RaftServerImpl (RaftServerImpl.java:setRole(170)) - 304102a3-92b0-47f9-a2f5-4776f32ebf56@group-BDB97411EE94: changes role from  FOLLOWER to CANDIDATE at term 0 for changeToCandidate
2019-10-02 05:53:29,560 [Thread-1494] INFO  impl.RoleInfo (RoleInfo.java:updateAndGet(143)) - 304102a3-92b0-47f9-a2f5-4776f32ebf56: start LeaderElection
2019-10-02 05:53:29,575 [Thread-1489] INFO  impl.FollowerState (FollowerState.java:run(108)) - 304102a3-92b0-47f9-a2f5-4776f32ebf56@group-81E8D53B02AA-FollowerState: change to CANDIDATE, lastRpcTime:5102ms, electionTimeout:5097ms
2019-10-02 05:53:29,575 [Thread-1495] INFO  impl.FollowerState (FollowerState.java:run(108)) - 9b4f6868-9b7e-43dc-b890-c7b182608c59@group-BDB97411EE94-FollowerState: change to CANDIDATE, lastRpcTime:5050ms, electionTimeout:5039ms
2019-10-02 05:53:29,575 [Thread-1489] INFO  impl.RoleInfo (RoleInfo.java:shutdownFollowerState(121)) - 304102a3-92b0-47f9-a2f5-4776f32ebf56: shutdown FollowerState
2019-10-02 05:53:29,575 [Thread-1495] INFO  impl.RoleInfo (RoleInfo.java:shutdownFollowerState(121)) - 9b4f6868-9b7e-43dc-b890-c7b182608c59: shutdown FollowerState
2019-10-02 05:53:29,575 [Thread-1489] INFO  impl.RaftServerImpl (RaftServerImpl.java:setRole(170)) - 304102a3-92b0-47f9-a2f5-4776f32ebf56@group-81E8D53B02AA: changes role from  FOLLOWER to CANDIDATE at term 0 for changeToCandidate
2019-10-02 05:53:29,575 [Thread-1495] INFO  impl.RaftServerImpl (RaftServerImpl.java:setRole(170)) - 9b4f6868-9b7e-43dc-b890-c7b182608c59@group-BDB97411EE94: changes role from  FOLLOWER to CANDIDATE at term 0 for changeToCandidate
2019-10-02 05:53:29,575 [Thread-1489] INFO  impl.RoleInfo (RoleInfo.java:updateAndGet(143)) - 304102a3-92b0-47f9-a2f5-4776f32ebf56: start LeaderElection
2019-10-02 05:53:29,575 [Thread-1495] INFO  impl.RoleInfo (RoleInfo.java:updateAndGet(143)) - 9b4f6868-9b7e-43dc-b890-c7b182608c59: start LeaderElection
2019-10-02 05:53:29,601 [a029b640-5e64-4bed-9f71-7887e3adccfd@group-41751972C26D-SegmentedRaftLogWorker] INFO  segmented.SegmentedRaftLogWorker (SegmentedRaftLogWorker.java:execute(574)) - a029b640-5e64-4bed-9f71-7887e3adccfd@group-41751972C26D-SegmentedRaftLogWorker: created new log segment /workdir/hadoop-ozone/integration-test/target/test-dir/MiniOzoneClusterImpl-215539d9-6da0-41b8-98ae-029774e0e657/datanode-1/data/ratis/0409f458-822e-4110-b7d4-41751972c26d/current/log_inprogress_0
2019-10-02 05:53:29,601 [9b4f6868-9b7e-43dc-b890-c7b182608c59@group-BDB97411EE94-LeaderElection24] INFO  impl.LeaderElection (LeaderElection.java:askForVotes(178)) - 9b4f6868-9b7e-43dc-b890-c7b182608c59@group-BDB97411EE94-LeaderElection24: begin an election at term 1 for -1: [9b4f6868-9b7e-43dc-b890-c7b182608c59:192.168.164.250:42152, 304102a3-92b0-47f9-a2f5-4776f32ebf56:192.168.164.250:44854, a029b640-5e64-4bed-9f71-7887e3adccfd:192.168.164.250:44295], old=null
2019-10-02 05:53:29,601 [304102a3-92b0-47f9-a2f5-4776f32ebf56@group-81E8D53B02AA-LeaderElection23] INFO  impl.LeaderElection (LeaderElection.java:askForVotes(178)) - 304102a3-92b0-47f9-a2f5-4776f32ebf56@group-81E8D53B02AA-LeaderElection23: begin an election at term 1 for -1: [304102a3-92b0-47f9-a2f5-4776f32ebf56:192.168.164.250:44854], old=null
2019-10-02 05:53:29,601 [304102a3-92b0-47f9-a2f5-4776f32ebf56@group-BDB97411EE94-LeaderElection22] INFO  impl.LeaderElection (LeaderElection.java:askForVotes(178)) - 304102a3-92b0-47f9-a2f5-4776f32ebf56@group-BDB97411EE94-LeaderElection22: begin an election at term 1 for -1: [9b4f6868-9b7e-43dc-b890-c7b182608c59:192.168.164.250:42152, 304102a3-92b0-47f9-a2f5-4776f32ebf56:192.168.164.250:44854, a029b640-5e64-4bed-9f71-7887e3adccfd:192.168.164.250:44295], old=null
2019-10-02 05:53:29,602 [304102a3-92b0-47f9-a2f5-4776f32ebf56@group-81E8D53B02AA-LeaderElection23] INFO  impl.RoleInfo (RoleInfo.java:shutdownLeaderElection(134)) - 304102a3-92b0-47f9-a2f5-4776f32ebf56: shutdown LeaderElection
2019-10-02 05:53:29,602 [304102a3-92b0-47f9-a2f5-4776f32ebf56@group-81E8D53B02AA-LeaderElection23] INFO  impl.RaftServerImpl (RaftServerImpl.java:setRole(170)) - 304102a3-92b0-47f9-a2f5-4776f32ebf56@group-81E8D53B02AA: changes role from CANDIDATE to LEADER at term 1 for changeToLeader
2019-10-02 05:53:29,602 [304102a3-92b0-47f9-a2f5-4776f32ebf56@group-81E8D53B02AA-LeaderElection23] INFO  impl.RaftServerImpl (ServerState.java:setLeader(255)) - 304102a3-92b0-47f9-a2f5-4776f32ebf56@group-81E8D53B02AA: change Leader from null to 304102a3-92b0-47f9-a2f5-4776f32ebf56 at term 1 for becomeLeader, leader elected after 5135ms
2019-10-02 05:53:29,605 [304102a3-92b0-47f9-a2f5-4776f32ebf56@group-81E8D53B02AA-LeaderElection23] INFO  server.RaftServerConfigKeys (ConfUtils.java:logGet(43)) - raft.server.staging.catchup.gap = 1000 (default)
2019-10-02 05:53:29,605 [304102a3-92b0-47f9-a2f5-4776f32ebf56@group-81E8D53B02AA-LeaderElection23] INFO  server.RaftServerConfigKeys (ConfUtils.java:logGet(43)) - raft.server.rpc.sleep.time = 25ms (default)
2019-10-02 05:53:29,605 [304102a3-92b0-47f9-a2f5-4776f32ebf56@group-81E8D53B02AA-LeaderElection23] INFO  server.RaftServerConfigKeys (ConfUtils.java:logGet(43)) - raft.server.write.element-limit = 4096 (default)
2019-10-02 05:53:29,606 [304102a3-92b0-47f9-a2f5-4776f32ebf56@group-81E8D53B02AA-LeaderElection23] INFO  server.RaftServerConfigKeys (ConfUtils.java:logGet(43)) - raft.server.watch.timeout = 10s (default)
2019-10-02 05:53:29,606 [304102a3-92b0-47f9-a2f5-4776f32ebf56@group-81E8D53B02AA-LeaderElection23] INFO  server.RaftServerConfigKeys (ConfUtils.java:logGet(43)) - raft.server.watch.timeout.denomination = 1s (default)
2019-10-02 05:53:29,606 [304102a3-92b0-47f9-a2f5-4776f32ebf56@group-81E8D53B02AA-LeaderElection23] INFO  server.RaftServerConfigKeys (ConfUtils.java:logGet(43)) - raft.server.watch.element-limit = 65536 (default)
2019-10-02 05:53:29,611 [304102a3-92b0-47f9-a2f5-4776f32ebf56@group-81E8D53B02AA-LeaderElection23] INFO  impl.RoleInfo (RoleInfo.java:updateAndGet(143)) - 304102a3-92b0-47f9-a2f5-4776f32ebf56: start LeaderState
2019-10-02 05:53:29,611 [304102a3-92b0-47f9-a2f5-4776f32ebf56@group-81E8D53B02AA-LeaderElection23] INFO  segmented.SegmentedRaftLogWorker (SegmentedRaftLogWorker.java:startLogSegment(385)) - 304102a3-92b0-47f9-a2f5-4776f32ebf56@group-81E8D53B02AA-SegmentedRaftLogWorker: Starting segment from index:0
2019-10-02 05:53:29,623 [304102a3-92b0-47f9-a2f5-4776f32ebf56@group-81E8D53B02AA-LeaderElection23] INFO  impl.RaftServerImpl (ServerState.java:setRaftConf(356)) - 304102a3-92b0-47f9-a2f5-4776f32ebf56@group-81E8D53B02AA: set configuration 0: [304102a3-92b0-47f9-a2f5-4776f32ebf56:192.168.164.250:44854], old=null at 0
2019-10-02 05:53:29,631 [grpc-default-executor-5] INFO  impl.RaftServerImpl (RaftServerImpl.java:setRole(170)) - a029b640-5e64-4bed-9f71-7887e3adccfd@group-BDB97411EE94: changes role from  FOLLOWER to FOLLOWER at term 1 for recognizeCandidate:9b4f6868-9b7e-43dc-b890-c7b182608c59
2019-10-02 05:53:29,631 [grpc-default-executor-5] INFO  impl.RoleInfo (RoleInfo.java:shutdownFollowerState(121)) - a029b640-5e64-4bed-9f71-7887e3adccfd: shutdown FollowerState
2019-10-02 05:53:29,631 [grpc-default-executor-5] INFO  impl.RoleInfo (RoleInfo.java:updateAndGet(143)) - a029b640-5e64-4bed-9f71-7887e3adccfd: start FollowerState
2019-10-02 05:53:29,686 [304102a3-92b0-47f9-a2f5-4776f32ebf56@group-81E8D53B02AA-SegmentedRaftLogWorker] INFO  segmented.SegmentedRaftLogWorker (SegmentedRaftLogWorker.java:execute(574)) - 304102a3-92b0-47f9-a2f5-4776f32ebf56@group-81E8D53B02AA-SegmentedRaftLogWorker: created new log segment /workdir/hadoop-ozone/integration-test/target/test-dir/MiniOzoneClusterImpl-215539d9-6da0-41b8-98ae-029774e0e657/datanode-2/data/ratis/41ce0115-9df3-444c-871c-81e8d53b02aa/current/log_inprogress_0
2019-10-02 05:53:29,687 [9b4f6868-9b7e-43dc-b890-c7b182608c59@group-BDB97411EE94-LeaderElection24] INFO  impl.LeaderElection (LeaderElection.java:logAndReturn(56)) - 9b4f6868-9b7e-43dc-b890-c7b182608c59@group-BDB97411EE94-LeaderElection24: Election PASSED; received 2 response(s) [9b4f6868-9b7e-43dc-b890-c7b182608c59<-304102a3-92b0-47f9-a2f5-4776f32ebf56#0:FAIL-t1, 9b4f6868-9b7e-43dc-b890-c7b182608c59<-a029b640-5e64-4bed-9f71-7887e3adccfd#0:OK-t1] and 0 exception(s); 9b4f6868-9b7e-43dc-b890-c7b182608c59@group-BDB97411EE94:t1, leader=null, voted=9b4f6868-9b7e-43dc-b890-c7b182608c59, raftlog=9b4f6868-9b7e-43dc-b890-c7b182608c59@group-BDB97411EE94-SegmentedRaftLog:OPENED:c-1,f-1,i0, conf=-1: [9b4f6868-9b7e-43dc-b890-c7b182608c59:192.168.164.250:42152, 304102a3-92b0-47f9-a2f5-4776f32ebf56:192.168.164.250:44854, a029b640-5e64-4bed-9f71-7887e3adccfd:192.168.164.250:44295], old=null
2019-10-02 05:53:29,687 [304102a3-92b0-47f9-a2f5-4776f32ebf56@group-BDB97411EE94-LeaderElection22] INFO  impl.LeaderElection (LeaderElection.java:logAndReturn(56)) - 304102a3-92b0-47f9-a2f5-4776f32ebf56@group-BDB97411EE94-LeaderElection22: Election REJECTED; received 2 response(s) [304102a3-92b0-47f9-a2f5-4776f32ebf56<-9b4f6868-9b7e-43dc-b890-c7b182608c59#0:FAIL-t1, 304102a3-92b0-47f9-a2f5-4776f32ebf56<-a029b640-5e64-4bed-9f71-7887e3adccfd#0:FAIL-t1] and 0 exception(s); 304102a3-92b0-47f9-a2f5-4776f32ebf56@group-BDB97411EE94:t1, leader=null, voted=304102a3-92b0-47f9-a2f5-4776f32ebf56, raftlog=304102a3-92b0-47f9-a2f5-4776f32ebf56@group-BDB97411EE94-SegmentedRaftLog:OPENED:c-1,f-1,i0, conf=-1: [9b4f6868-9b7e-43dc-b890-c7b182608c59:192.168.164.250:42152, 304102a3-92b0-47f9-a2f5-4776f32ebf56:192.168.164.250:44854, a029b640-5e64-4bed-9f71-7887e3adccfd:192.168.164.250:44295], old=null
2019-10-02 05:53:29,687 [9b4f6868-9b7e-43dc-b890-c7b182608c59@group-BDB97411EE94-LeaderElection24] INFO  impl.RoleInfo (RoleInfo.java:shutdownLeaderElection(134)) - 9b4f6868-9b7e-43dc-b890-c7b182608c59: shutdown LeaderElection
2019-10-02 05:53:29,690 [9b4f6868-9b7e-43dc-b890-c7b182608c59@group-BDB97411EE94-LeaderElection24] INFO  impl.RaftServerImpl (RaftServerImpl.java:setRole(170)) - 9b4f6868-9b7e-43dc-b890-c7b182608c59@group-BDB97411EE94: changes role from CANDIDATE to LEADER at term 1 for changeToLeader
2019-10-02 05:53:29,690 [9b4f6868-9b7e-43dc-b890-c7b182608c59@group-BDB97411EE94-LeaderElection24] INFO  impl.RaftServerImpl (ServerState.java:setLeader(255)) - 9b4f6868-9b7e-43dc-b890-c7b182608c59@group-BDB97411EE94: change Leader from null to 9b4f6868-9b7e-43dc-b890-c7b182608c59 at term 1 for becomeLeader, leader elected after 5173ms
2019-10-02 05:53:29,690 [304102a3-92b0-47f9-a2f5-4776f32ebf56@group-BDB97411EE94-LeaderElection22] INFO  impl.RaftServerImpl (RaftServerImpl.java:setRole(170)) - 304102a3-92b0-47f9-a2f5-4776f32ebf56@group-BDB97411EE94: changes role from CANDIDATE to FOLLOWER at term 1 for DISCOVERED_A_NEW_TERM
2019-10-02 05:53:29,690 [9b4f6868-9b7e-43dc-b890-c7b182608c59@group-BDB97411EE94-LeaderElection24] INFO  server.RaftServerConfigKeys (ConfUtils.java:logGet(43)) - raft.server.staging.catchup.gap = 1000 (default)
2019-10-02 05:53:29,691 [304102a3-92b0-47f9-a2f5-4776f32ebf56@group-BDB97411EE94-LeaderElection22] INFO  impl.RoleInfo (RoleInfo.java:shutdownLeaderElection(134)) - 304102a3-92b0-47f9-a2f5-4776f32ebf56: shutdown LeaderElection
2019-10-02 05:53:29,692 [9b4f6868-9b7e-43dc-b890-c7b182608c59@group-BDB97411EE94-LeaderElection24] INFO  server.RaftServerConfigKeys (ConfUtils.java:logGet(43)) - raft.server.rpc.sleep.time = 25ms (default)
2019-10-02 05:53:29,692 [304102a3-92b0-47f9-a2f5-4776f32ebf56@group-BDB97411EE94-LeaderElection22] INFO  impl.RoleInfo (RoleInfo.java:updateAndGet(143)) - 304102a3-92b0-47f9-a2f5-4776f32ebf56: start FollowerState
2019-10-02 05:53:29,692 [9b4f6868-9b7e-43dc-b890-c7b182608c59@group-BDB97411EE94-LeaderElection24] INFO  server.RaftServerConfigKeys (ConfUtils.java:logGet(43)) - raft.server.write.element-limit = 4096 (default)
2019-10-02 05:53:29,692 [9b4f6868-9b7e-43dc-b890-c7b182608c59@group-BDB97411EE94-LeaderElection24] INFO  server.RaftServerConfigKeys (ConfUtils.java:logGet(43)) - raft.server.watch.timeout = 10s (default)
2019-10-02 05:53:29,692 [9b4f6868-9b7e-43dc-b890-c7b182608c59@group-BDB97411EE94-LeaderElection24] INFO  server.RaftServerConfigKeys (ConfUtils.java:logGet(43)) - raft.server.watch.timeout.denomination = 1s (default)
2019-10-02 05:53:29,692 [9b4f6868-9b7e-43dc-b890-c7b182608c59@group-BDB97411EE94-LeaderElection24] INFO  server.RaftServerConfigKeys (ConfUtils.java:logGet(43)) - raft.server.watch.element-limit = 65536 (default)
2019-10-02 05:53:29,694 [9b4f6868-9b7e-43dc-b890-c7b182608c59@group-BDB97411EE94-LeaderElection24] INFO  server.RaftServerConfigKeys (ConfUtils.java:logGet(43)) - raft.server.log.appender.snapshot.chunk.size.max = 16MB (=16777216) (default)
2019-10-02 05:53:29,694 [9b4f6868-9b7e-43dc-b890-c7b182608c59@group-BDB97411EE94-LeaderElection24] INFO  server.RaftServerConfigKeys (ConfUtils.java:logGet(43)) - raft.server.log.appender.buffer.byte-limit = 33554432 (custom)
2019-10-02 05:53:29,694 [9b4f6868-9b7e-43dc-b890-c7b182608c59@group-BDB97411EE94-LeaderElection24] INFO  server.RaftServerConfigKeys (ConfUtils.java:logGet(43)) - raft.server.log.appender.buffer.element-limit = 1 (custom)
2019-10-02 05:53:29,695 [9b4f6868-9b7e-43dc-b890-c7b182608c59@group-BDB97411EE94-LeaderElection24] INFO  grpc.GrpcConfigKeys$Server (ConfUtils.java:logGet(43)) - raft.grpc.server.leader.outstanding.appends.max = 128 (default)
2019-10-02 05:53:29,695 [9b4f6868-9b7e-43dc-b890-c7b182608c59@group-BDB97411EE94-LeaderElection24] INFO  server.RaftServerConfigKeys (ConfUtils.java:logGet(43)) - raft.server.rpc.request.timeout = 3000ms (default)
2019-10-02 05:53:29,695 [9b4f6868-9b7e-43dc-b890-c7b182608c59@group-BDB97411EE94-LeaderElection24] INFO  server.RaftServerConfigKeys (ConfUtils.java:logGet(43)) - raft.server.log.appender.install.snapshot.enabled = false (custom)
2019-10-02 05:53:29,695 [9b4f6868-9b7e-43dc-b890-c7b182608c59@group-BDB97411EE94-LeaderElection24] INFO  server.RaftServerConfigKeys (ConfUtils.java:logGet(43)) - raft.server.log.appender.snapshot.chunk.size.max = 16MB (=16777216) (default)
2019-10-02 05:53:29,695 [9b4f6868-9b7e-43dc-b890-c7b182608c59@group-BDB97411EE94-LeaderElection24] INFO  server.RaftServerConfigKeys (ConfUtils.java:logGet(43)) - raft.server.log.appender.buffer.byte-limit = 33554432 (custom)
2019-10-02 05:53:29,695 [9b4f6868-9b7e-43dc-b890-c7b182608c59@group-BDB97411EE94-LeaderElection24] INFO  server.RaftServerConfigKeys (ConfUtils.java:logGet(43)) - raft.server.log.appender.buffer.element-limit = 1 (custom)
2019-10-02 05:53:29,695 [9b4f6868-9b7e-43dc-b890-c7b182608c59@group-BDB97411EE94-LeaderElection24] INFO  grpc.GrpcConfigKeys$Server (ConfUtils.java:logGet(43)) - raft.grpc.server.leader.outstanding.appends.max = 128 (default)
2019-10-02 05:53:29,695 [9b4f6868-9b7e-43dc-b890-c7b182608c59@group-BDB97411EE94-LeaderElection24] INFO  server.RaftServerConfigKeys (ConfUtils.java:logGet(43)) - raft.server.rpc.request.timeout = 3000ms (default)
2019-10-02 05:53:29,696 [9b4f6868-9b7e-43dc-b890-c7b182608c59@group-BDB97411EE94-LeaderElection24] INFO  server.RaftServerConfigKeys (ConfUtils.java:logGet(43)) - raft.server.log.appender.install.snapshot.enabled = false (custom)
2019-10-02 05:53:29,696 [9b4f6868-9b7e-43dc-b890-c7b182608c59@group-BDB97411EE94-LeaderElection24] INFO  impl.RoleInfo (RoleInfo.java:updateAndGet(143)) - 9b4f6868-9b7e-43dc-b890-c7b182608c59: start LeaderState
2019-10-02 05:53:29,696 [9b4f6868-9b7e-43dc-b890-c7b182608c59@group-BDB97411EE94-LeaderElection24] INFO  segmented.SegmentedRaftLogWorker (SegmentedRaftLogWorker.java:startLogSegment(385)) - 9b4f6868-9b7e-43dc-b890-c7b182608c59@group-BDB97411EE94-SegmentedRaftLogWorker: Starting segment from index:0
2019-10-02 05:53:29,697 [9b4f6868-9b7e-43dc-b890-c7b182608c59@group-BDB97411EE94-LeaderElection24] INFO  impl.RaftServerImpl (ServerState.java:setRaftConf(356)) - 9b4f6868-9b7e-43dc-b890-c7b182608c59@group-BDB97411EE94: set configuration 0: [9b4f6868-9b7e-43dc-b890-c7b182608c59:192.168.164.250:42152, 304102a3-92b0-47f9-a2f5-4776f32ebf56:192.168.164.250:44854, a029b640-5e64-4bed-9f71-7887e3adccfd:192.168.164.250:44295], old=null at 0
2019-10-02 05:53:29,699 [grpc-default-executor-5] INFO  impl.RaftServerImpl (ServerState.java:setLeader(255)) - 304102a3-92b0-47f9-a2f5-4776f32ebf56@group-BDB97411EE94: change Leader from null to 9b4f6868-9b7e-43dc-b890-c7b182608c59 at term 1 for appendEntries, leader elected after 5182ms
2019-10-02 05:53:29,699 [grpc-default-executor-16] INFO  impl.RaftServerImpl (ServerState.java:setLeader(255)) - a029b640-5e64-4bed-9f71-7887e3adccfd@group-BDB97411EE94: change Leader from null to 9b4f6868-9b7e-43dc-b890-c7b182608c59 at term 1 for appendEntries, leader elected after 5182ms
2019-10-02 05:53:29,701 [grpc-default-executor-5] INFO  impl.RaftServerImpl (ServerState.java:setRaftConf(356)) - 304102a3-92b0-47f9-a2f5-4776f32ebf56@group-BDB97411EE94: set configuration 0: [9b4f6868-9b7e-43dc-b890-c7b182608c59:192.168.164.250:42152, 304102a3-92b0-47f9-a2f5-4776f32ebf56:192.168.164.250:44854, a029b640-5e64-4bed-9f71-7887e3adccfd:192.168.164.250:44295], old=null at 0
2019-10-02 05:53:29,702 [grpc-default-executor-16] INFO  impl.RaftServerImpl (ServerState.java:setRaftConf(356)) - a029b640-5e64-4bed-9f71-7887e3adccfd@group-BDB97411EE94: set configuration 0: [9b4f6868-9b7e-43dc-b890-c7b182608c59:192.168.164.250:42152, 304102a3-92b0-47f9-a2f5-4776f32ebf56:192.168.164.250:44854, a029b640-5e64-4bed-9f71-7887e3adccfd:192.168.164.250:44295], old=null at 0
2019-10-02 05:53:29,702 [grpc-default-executor-5] INFO  segmented.SegmentedRaftLogWorker (SegmentedRaftLogWorker.java:startLogSegment(385)) - 304102a3-92b0-47f9-a2f5-4776f32ebf56@group-BDB97411EE94-SegmentedRaftLogWorker: Starting segment from index:0
2019-10-02 05:53:29,702 [grpc-default-executor-16] INFO  segmented.SegmentedRaftLogWorker (SegmentedRaftLogWorker.java:startLogSegment(385)) - a029b640-5e64-4bed-9f71-7887e3adccfd@group-BDB97411EE94-SegmentedRaftLogWorker: Starting segment from index:0
2019-10-02 05:53:29,739 [9b4f6868-9b7e-43dc-b890-c7b182608c59@group-BDB97411EE94-SegmentedRaftLogWorker] INFO  segmented.SegmentedRaftLogWorker (SegmentedRaftLogWorker.java:execute(574)) - 9b4f6868-9b7e-43dc-b890-c7b182608c59@group-BDB97411EE94-SegmentedRaftLogWorker: created new log segment /workdir/hadoop-ozone/integration-test/target/test-dir/MiniOzoneClusterImpl-215539d9-6da0-41b8-98ae-029774e0e657/datanode-0/data/ratis/0c574908-f289-441f-babc-bdb97411ee94/current/log_inprogress_0
2019-10-02 05:53:29,739 [a029b640-5e64-4bed-9f71-7887e3adccfd@group-BDB97411EE94-SegmentedRaftLogWorker] INFO  segmented.SegmentedRaftLogWorker (SegmentedRaftLogWorker.java:execute(574)) - a029b640-5e64-4bed-9f71-7887e3adccfd@group-BDB97411EE94-SegmentedRaftLogWorker: created new log segment /workdir/hadoop-ozone/integration-test/target/test-dir/MiniOzoneClusterImpl-215539d9-6da0-41b8-98ae-029774e0e657/datanode-1/data/ratis/0c574908-f289-441f-babc-bdb97411ee94/current/log_inprogress_0
2019-10-02 05:53:29,742 [304102a3-92b0-47f9-a2f5-4776f32ebf56@group-BDB97411EE94-SegmentedRaftLogWorker] INFO  segmented.SegmentedRaftLogWorker (SegmentedRaftLogWorker.java:execute(574)) - 304102a3-92b0-47f9-a2f5-4776f32ebf56@group-BDB97411EE94-SegmentedRaftLogWorker: created new log segment /workdir/hadoop-ozone/integration-test/target/test-dir/MiniOzoneClusterImpl-215539d9-6da0-41b8-98ae-029774e0e657/datanode-2/data/ratis/0c574908-f289-441f-babc-bdb97411ee94/current/log_inprogress_0
2019-10-02 05:53:29,816 [Thread-1501] INFO  impl.FollowerState (FollowerState.java:run(108)) - 70ac7ae1-c153-4f9a-984d-28504dfc99f5@group-D45BA31E51D4-FollowerState: change to CANDIDATE, lastRpcTime:5176ms, electionTimeout:5175ms
2019-10-02 05:53:29,816 [Thread-1501] INFO  impl.RoleInfo (RoleInfo.java:shutdownFollowerState(121)) - 70ac7ae1-c153-4f9a-984d-28504dfc99f5: shutdown FollowerState
2019-10-02 05:53:29,816 [Thread-1501] INFO  impl.RaftServerImpl (RaftServerImpl.java:setRole(170)) - 70ac7ae1-c153-4f9a-984d-28504dfc99f5@group-D45BA31E51D4: changes role from  FOLLOWER to CANDIDATE at term 0 for changeToCandidate
2019-10-02 05:53:29,816 [Thread-1501] INFO  impl.RoleInfo (RoleInfo.java:updateAndGet(143)) - 70ac7ae1-c153-4f9a-984d-28504dfc99f5: start LeaderElection
2019-10-02 05:53:29,828 [70ac7ae1-c153-4f9a-984d-28504dfc99f5@group-D45BA31E51D4-LeaderElection25] INFO  impl.LeaderElection (LeaderElection.java:askForVotes(178)) - 70ac7ae1-c153-4f9a-984d-28504dfc99f5@group-D45BA31E51D4-LeaderElection25: begin an election at term 1 for -1: [70ac7ae1-c153-4f9a-984d-28504dfc99f5:192.168.164.250:40662], old=null
2019-10-02 05:53:29,828 [70ac7ae1-c153-4f9a-984d-28504dfc99f5@group-D45BA31E51D4-LeaderElection25] INFO  impl.RoleInfo (RoleInfo.java:shutdownLeaderElection(134)) - 70ac7ae1-c153-4f9a-984d-28504dfc99f5: shutdown LeaderElection
2019-10-02 05:53:29,828 [70ac7ae1-c153-4f9a-984d-28504dfc99f5@group-D45BA31E51D4-LeaderElection25] INFO  impl.RaftServerImpl (RaftServerImpl.java:setRole(170)) - 70ac7ae1-c153-4f9a-984d-28504dfc99f5@group-D45BA31E51D4: changes role from CANDIDATE to LEADER at term 1 for changeToLeader
2019-10-02 05:53:29,828 [70ac7ae1-c153-4f9a-984d-28504dfc99f5@group-D45BA31E51D4-LeaderElection25] INFO  impl.RaftServerImpl (ServerState.java:setLeader(255)) - 70ac7ae1-c153-4f9a-984d-28504dfc99f5@group-D45BA31E51D4: change Leader from null to 70ac7ae1-c153-4f9a-984d-28504dfc99f5 at term 1 for becomeLeader, leader elected after 5197ms
2019-10-02 05:53:29,838 [70ac7ae1-c153-4f9a-984d-28504dfc99f5@group-D45BA31E51D4-LeaderElection25] INFO  server.RaftServerConfigKeys (ConfUtils.java:logGet(43)) - raft.server.staging.catchup.gap = 1000 (default)
2019-10-02 05:53:29,838 [70ac7ae1-c153-4f9a-984d-28504dfc99f5@group-D45BA31E51D4-LeaderElection25] INFO  server.RaftServerConfigKeys (ConfUtils.java:logGet(43)) - raft.server.rpc.sleep.time = 25ms (default)
2019-10-02 05:53:29,838 [70ac7ae1-c153-4f9a-984d-28504dfc99f5@group-D45BA31E51D4-LeaderElection25] INFO  server.RaftServerConfigKeys (ConfUtils.java:logGet(43)) - raft.server.write.element-limit = 4096 (default)
2019-10-02 05:53:29,839 [70ac7ae1-c153-4f9a-984d-28504dfc99f5@group-D45BA31E51D4-LeaderElection25] INFO  server.RaftServerConfigKeys (ConfUtils.java:logGet(43)) - raft.server.watch.timeout = 10s (default)
2019-10-02 05:53:29,839 [70ac7ae1-c153-4f9a-984d-28504dfc99f5@group-D45BA31E51D4-LeaderElection25] INFO  server.RaftServerConfigKeys (ConfUtils.java:logGet(43)) - raft.server.watch.timeout.denomination = 1s (default)
2019-10-02 05:53:29,839 [70ac7ae1-c153-4f9a-984d-28504dfc99f5@group-D45BA31E51D4-LeaderElection25] INFO  server.RaftServerConfigKeys (ConfUtils.java:logGet(43)) - raft.server.watch.element-limit = 65536 (default)
2019-10-02 05:53:29,840 [70ac7ae1-c153-4f9a-984d-28504dfc99f5@group-D45BA31E51D4-LeaderElection25] INFO  impl.RoleInfo (RoleInfo.java:updateAndGet(143)) - 70ac7ae1-c153-4f9a-984d-28504dfc99f5: start LeaderState
2019-10-02 05:53:29,841 [70ac7ae1-c153-4f9a-984d-28504dfc99f5@group-D45BA31E51D4-LeaderElection25] INFO  segmented.SegmentedRaftLogWorker (SegmentedRaftLogWorker.java:startLogSegment(385)) - 70ac7ae1-c153-4f9a-984d-28504dfc99f5@group-D45BA31E51D4-SegmentedRaftLogWorker: Starting segment from index:0
2019-10-02 05:53:29,841 [70ac7ae1-c153-4f9a-984d-28504dfc99f5@group-D45BA31E51D4-LeaderElection25] INFO  impl.RaftServerImpl (ServerState.java:setRaftConf(356)) - 70ac7ae1-c153-4f9a-984d-28504dfc99f5@group-D45BA31E51D4: set configuration 0: [70ac7ae1-c153-4f9a-984d-28504dfc99f5:192.168.164.250:40662], old=null at 0
2019-10-02 05:53:29,850 [Thread-1504] INFO  impl.FollowerState (FollowerState.java:run(108)) - cebbc9e0-0ece-4d53-bcf3-1dae732d45f1@group-A04D2296BD24-FollowerState: change to CANDIDATE, lastRpcTime:5147ms, electionTimeout:5147ms
2019-10-02 05:53:29,851 [Thread-1504] INFO  impl.RoleInfo (RoleInfo.java:shutdownFollowerState(121)) - cebbc9e0-0ece-4d53-bcf3-1dae732d45f1: shutdown FollowerState
2019-10-02 05:53:29,851 [Thread-1504] INFO  impl.RaftServerImpl (RaftServerImpl.java:setRole(170)) - cebbc9e0-0ece-4d53-bcf3-1dae732d45f1@group-A04D2296BD24: changes role from  FOLLOWER to CANDIDATE at term 0 for changeToCandidate
2019-10-02 05:53:29,851 [Thread-1504] INFO  impl.RoleInfo (RoleInfo.java:updateAndGet(143)) - cebbc9e0-0ece-4d53-bcf3-1dae732d45f1: start LeaderElection
2019-10-02 05:53:29,893 [70ac7ae1-c153-4f9a-984d-28504dfc99f5@group-D45BA31E51D4-SegmentedRaftLogWorker] INFO  segmented.SegmentedRaftLogWorker (SegmentedRaftLogWorker.java:execute(574)) - 70ac7ae1-c153-4f9a-984d-28504dfc99f5@group-D45BA31E51D4-SegmentedRaftLogWorker: created new log segment /workdir/hadoop-ozone/integration-test/target/test-dir/MiniOzoneClusterImpl-215539d9-6da0-41b8-98ae-029774e0e657/datanode-4/data/ratis/27870f71-24b7-428c-a7b4-d45ba31e51d4/current/log_inprogress_0
2019-10-02 05:53:29,893 [cebbc9e0-0ece-4d53-bcf3-1dae732d45f1@group-A04D2296BD24-LeaderElection26] INFO  impl.LeaderElection (LeaderElection.java:askForVotes(178)) - cebbc9e0-0ece-4d53-bcf3-1dae732d45f1@group-A04D2296BD24-LeaderElection26: begin an election at term 1 for -1: [cebbc9e0-0ece-4d53-bcf3-1dae732d45f1:192.168.164.250:45252], old=null
2019-10-02 05:53:29,893 [cebbc9e0-0ece-4d53-bcf3-1dae732d45f1@group-A04D2296BD24-LeaderElection26] INFO  impl.RoleInfo (RoleInfo.java:shutdownLeaderElection(134)) - cebbc9e0-0ece-4d53-bcf3-1dae732d45f1: shutdown LeaderElection
2019-10-02 05:53:29,894 [cebbc9e0-0ece-4d53-bcf3-1dae732d45f1@group-A04D2296BD24-LeaderElection26] INFO  impl.RaftServerImpl (RaftServerImpl.java:setRole(170)) - cebbc9e0-0ece-4d53-bcf3-1dae732d45f1@group-A04D2296BD24: changes role from CANDIDATE to LEADER at term 1 for changeToLeader
2019-10-02 05:53:29,894 [cebbc9e0-0ece-4d53-bcf3-1dae732d45f1@group-A04D2296BD24-LeaderElection26] INFO  impl.RaftServerImpl (ServerState.java:setLeader(255)) - cebbc9e0-0ece-4d53-bcf3-1dae732d45f1@group-A04D2296BD24: change Leader from null to cebbc9e0-0ece-4d53-bcf3-1dae732d45f1 at term 1 for becomeLeader, leader elected after 5198ms
2019-10-02 05:53:29,894 [cebbc9e0-0ece-4d53-bcf3-1dae732d45f1@group-A04D2296BD24-LeaderElection26] INFO  server.RaftServerConfigKeys (ConfUtils.java:logGet(43)) - raft.server.staging.catchup.gap = 1000 (default)
2019-10-02 05:53:29,894 [cebbc9e0-0ece-4d53-bcf3-1dae732d45f1@group-A04D2296BD24-LeaderElection26] INFO  server.RaftServerConfigKeys (ConfUtils.java:logGet(43)) - raft.server.rpc.sleep.time = 25ms (default)
2019-10-02 05:53:29,894 [cebbc9e0-0ece-4d53-bcf3-1dae732d45f1@group-A04D2296BD24-LeaderElection26] INFO  server.RaftServerConfigKeys (ConfUtils.java:logGet(43)) - raft.server.write.element-limit = 4096 (default)
2019-10-02 05:53:29,894 [cebbc9e0-0ece-4d53-bcf3-1dae732d45f1@group-A04D2296BD24-LeaderElection26] INFO  server.RaftServerConfigKeys (ConfUtils.java:logGet(43)) - raft.server.watch.timeout = 10s (default)
2019-10-02 05:53:29,895 [cebbc9e0-0ece-4d53-bcf3-1dae732d45f1@group-A04D2296BD24-LeaderElection26] INFO  server.RaftServerConfigKeys (ConfUtils.java:logGet(43)) - raft.server.watch.timeout.denomination = 1s (default)
2019-10-02 05:53:29,895 [cebbc9e0-0ece-4d53-bcf3-1dae732d45f1@group-A04D2296BD24-LeaderElection26] INFO  server.RaftServerConfigKeys (ConfUtils.java:logGet(43)) - raft.server.watch.element-limit = 65536 (default)
2019-10-02 05:53:29,897 [cebbc9e0-0ece-4d53-bcf3-1dae732d45f1@group-A04D2296BD24-LeaderElection26] INFO  impl.RoleInfo (RoleInfo.java:updateAndGet(143)) - cebbc9e0-0ece-4d53-bcf3-1dae732d45f1: start LeaderState
2019-10-02 05:53:29,898 [cebbc9e0-0ece-4d53-bcf3-1dae732d45f1@group-A04D2296BD24-LeaderElection26] INFO  segmented.SegmentedRaftLogWorker (SegmentedRaftLogWorker.java:startLogSegment(385)) - cebbc9e0-0ece-4d53-bcf3-1dae732d45f1@group-A04D2296BD24-SegmentedRaftLogWorker: Starting segment from index:0
2019-10-02 05:53:29,899 [cebbc9e0-0ece-4d53-bcf3-1dae732d45f1@group-A04D2296BD24-LeaderElection26] INFO  impl.RaftServerImpl (ServerState.java:setRaftConf(356)) - cebbc9e0-0ece-4d53-bcf3-1dae732d45f1@group-A04D2296BD24: set configuration 0: [cebbc9e0-0ece-4d53-bcf3-1dae732d45f1:192.168.164.250:45252], old=null at 0
2019-10-02 05:53:29,937 [Thread-1517] INFO  impl.FollowerState (FollowerState.java:run(108)) - 70ac7ae1-c153-4f9a-984d-28504dfc99f5@group-C2095988D771-FollowerState: change to CANDIDATE, lastRpcTime:5072ms, electionTimeout:5072ms
2019-10-02 05:53:29,937 [Thread-1517] INFO  impl.RoleInfo (RoleInfo.java:shutdownFollowerState(121)) - 70ac7ae1-c153-4f9a-984d-28504dfc99f5: shutdown FollowerState
2019-10-02 05:53:29,937 [Thread-1517] INFO  impl.RaftServerImpl (RaftServerImpl.java:setRole(170)) - 70ac7ae1-c153-4f9a-984d-28504dfc99f5@group-C2095988D771: changes role from  FOLLOWER to CANDIDATE at term 0 for changeToCandidate
2019-10-02 05:53:29,937 [Thread-1517] INFO  impl.RoleInfo (RoleInfo.java:updateAndGet(143)) - 70ac7ae1-c153-4f9a-984d-28504dfc99f5: start LeaderElection
2019-10-02 05:53:29,953 [Thread-1510] INFO  impl.FollowerState (FollowerState.java:run(108)) - f21b9375-dc47-4395-bc11-b05a52490165@group-096C40DA0023-FollowerState: change to CANDIDATE, lastRpcTime:5170ms, electionTimeout:5170ms
2019-10-02 05:53:29,953 [Thread-1510] INFO  impl.RoleInfo (RoleInfo.java:shutdownFollowerState(121)) - f21b9375-dc47-4395-bc11-b05a52490165: shutdown FollowerState
2019-10-02 05:53:29,953 [Thread-1510] INFO  impl.RaftServerImpl (RaftServerImpl.java:setRole(170)) - f21b9375-dc47-4395-bc11-b05a52490165@group-096C40DA0023: changes role from  FOLLOWER to CANDIDATE at term 0 for changeToCandidate
2019-10-02 05:53:29,953 [Thread-1510] INFO  impl.RoleInfo (RoleInfo.java:updateAndGet(143)) - f21b9375-dc47-4395-bc11-b05a52490165: start LeaderElection
2019-10-02 05:53:29,961 [cebbc9e0-0ece-4d53-bcf3-1dae732d45f1@group-A04D2296BD24-SegmentedRaftLogWorker] INFO  segmented.SegmentedRaftLogWorker (SegmentedRaftLogWorker.java:execute(574)) - cebbc9e0-0ece-4d53-bcf3-1dae732d45f1@group-A04D2296BD24-SegmentedRaftLogWorker: created new log segment /workdir/hadoop-ozone/integration-test/target/test-dir/MiniOzoneClusterImpl-215539d9-6da0-41b8-98ae-029774e0e657/datanode-3/data/ratis/4784878d-85f7-4fb2-a4b1-a04d2296bd24/current/log_inprogress_0
2019-10-02 05:53:29,962 [70ac7ae1-c153-4f9a-984d-28504dfc99f5@group-C2095988D771-LeaderElection27] INFO  impl.LeaderElection (LeaderElection.java:askForVotes(178)) - 70ac7ae1-c153-4f9a-984d-28504dfc99f5@group-C2095988D771-LeaderElection27: begin an election at term 1 for -1: [70ac7ae1-c153-4f9a-984d-28504dfc99f5:192.168.164.250:40662, cebbc9e0-0ece-4d53-bcf3-1dae732d45f1:192.168.164.250:45252, f21b9375-dc47-4395-bc11-b05a52490165:192.168.164.250:38981], old=null
2019-10-02 05:53:29,964 [f21b9375-dc47-4395-bc11-b05a52490165@group-096C40DA0023-LeaderElection28] INFO  impl.LeaderElection (LeaderElection.java:askForVotes(178)) - f21b9375-dc47-4395-bc11-b05a52490165@group-096C40DA0023-LeaderElection28: begin an election at term 1 for -1: [f21b9375-dc47-4395-bc11-b05a52490165:192.168.164.250:38981], old=null
2019-10-02 05:53:29,965 [f21b9375-dc47-4395-bc11-b05a52490165@group-096C40DA0023-LeaderElection28] INFO  impl.RoleInfo (RoleInfo.java:shutdownLeaderElection(134)) - f21b9375-dc47-4395-bc11-b05a52490165: shutdown LeaderElection
2019-10-02 05:53:29,965 [f21b9375-dc47-4395-bc11-b05a52490165@group-096C40DA0023-LeaderElection28] INFO  impl.RaftServerImpl (RaftServerImpl.java:setRole(170)) - f21b9375-dc47-4395-bc11-b05a52490165@group-096C40DA0023: changes role from CANDIDATE to LEADER at term 1 for changeToLeader
2019-10-02 05:53:29,965 [f21b9375-dc47-4395-bc11-b05a52490165@group-096C40DA0023-LeaderElection28] INFO  impl.RaftServerImpl (ServerState.java:setLeader(255)) - f21b9375-dc47-4395-bc11-b05a52490165@group-096C40DA0023: change Leader from null to f21b9375-dc47-4395-bc11-b05a52490165 at term 1 for becomeLeader, leader elected after 5190ms
2019-10-02 05:53:29,965 [f21b9375-dc47-4395-bc11-b05a52490165@group-096C40DA0023-LeaderElection28] INFO  server.RaftServerConfigKeys (ConfUtils.java:logGet(43)) - raft.server.staging.catchup.gap = 1000 (default)
2019-10-02 05:53:29,965 [f21b9375-dc47-4395-bc11-b05a52490165@group-096C40DA0023-LeaderElection28] INFO  server.RaftServerConfigKeys (ConfUtils.java:logGet(43)) - raft.server.rpc.sleep.time = 25ms (default)
2019-10-02 05:53:29,965 [Thread-1513] INFO  impl.FollowerState (FollowerState.java:run(108)) - 9cfd416b-6ceb-4706-a96c-8f6d75541741@group-9270A33858EB-FollowerState: change to CANDIDATE, lastRpcTime:5135ms, electionTimeout:5135ms
2019-10-02 05:53:29,965 [f21b9375-dc47-4395-bc11-b05a52490165@group-096C40DA0023-LeaderElection28] INFO  server.RaftServerConfigKeys (ConfUtils.java:logGet(43)) - raft.server.write.element-limit = 4096 (default)
2019-10-02 05:53:29,965 [Thread-1513] INFO  impl.RoleInfo (RoleInfo.java:shutdownFollowerState(121)) - 9cfd416b-6ceb-4706-a96c-8f6d75541741: shutdown FollowerState
2019-10-02 05:53:29,966 [f21b9375-dc47-4395-bc11-b05a52490165@group-096C40DA0023-LeaderElection28] INFO  server.RaftServerConfigKeys (ConfUtils.java:logGet(43)) - raft.server.watch.timeout = 10s (default)
2019-10-02 05:53:29,966 [Thread-1513] INFO  impl.RaftServerImpl (RaftServerImpl.java:setRole(170)) - 9cfd416b-6ceb-4706-a96c-8f6d75541741@group-9270A33858EB: changes role from  FOLLOWER to CANDIDATE at term 0 for changeToCandidate
2019-10-02 05:53:29,966 [f21b9375-dc47-4395-bc11-b05a52490165@group-096C40DA0023-LeaderElection28] INFO  server.RaftServerConfigKeys (ConfUtils.java:logGet(43)) - raft.server.watch.timeout.denomination = 1s (default)
2019-10-02 05:53:29,966 [Thread-1513] INFO  impl.RoleInfo (RoleInfo.java:updateAndGet(143)) - 9cfd416b-6ceb-4706-a96c-8f6d75541741: start LeaderElection
2019-10-02 05:53:29,966 [f21b9375-dc47-4395-bc11-b05a52490165@group-096C40DA0023-LeaderElection28] INFO  server.RaftServerConfigKeys (ConfUtils.java:logGet(43)) - raft.server.watch.element-limit = 65536 (default)
2019-10-02 05:53:29,974 [grpc-default-executor-5] INFO  impl.RaftServerImpl (RaftServerImpl.java:setRole(170)) - cebbc9e0-0ece-4d53-bcf3-1dae732d45f1@group-C2095988D771: changes role from  FOLLOWER to FOLLOWER at term 1 for recognizeCandidate:70ac7ae1-c153-4f9a-984d-28504dfc99f5
2019-10-02 05:53:29,976 [grpc-default-executor-16] INFO  impl.RaftServerImpl (RaftServerImpl.java:setRole(170)) - f21b9375-dc47-4395-bc11-b05a52490165@group-C2095988D771: changes role from  FOLLOWER to FOLLOWER at term 1 for recognizeCandidate:70ac7ae1-c153-4f9a-984d-28504dfc99f5
2019-10-02 05:53:29,976 [grpc-default-executor-5] INFO  impl.RoleInfo (RoleInfo.java:shutdownFollowerState(121)) - cebbc9e0-0ece-4d53-bcf3-1dae732d45f1: shutdown FollowerState
2019-10-02 05:53:29,977 [grpc-default-executor-16] INFO  impl.RoleInfo (RoleInfo.java:shutdownFollowerState(121)) - f21b9375-dc47-4395-bc11-b05a52490165: shutdown FollowerState
2019-10-02 05:53:29,977 [grpc-default-executor-5] INFO  impl.RoleInfo (RoleInfo.java:updateAndGet(143)) - cebbc9e0-0ece-4d53-bcf3-1dae732d45f1: start FollowerState
2019-10-02 05:53:29,977 [Thread-1522] INFO  impl.FollowerState (FollowerState.java:run(117)) - f21b9375-dc47-4395-bc11-b05a52490165@group-C2095988D771-FollowerState was interrupted: java.lang.InterruptedException: sleep interrupted
2019-10-02 05:53:29,977 [Thread-1518] INFO  impl.FollowerState (FollowerState.java:run(117)) - cebbc9e0-0ece-4d53-bcf3-1dae732d45f1@group-C2095988D771-FollowerState was interrupted: java.lang.InterruptedException: sleep interrupted
2019-10-02 05:53:29,977 [grpc-default-executor-16] INFO  impl.RoleInfo (RoleInfo.java:updateAndGet(143)) - f21b9375-dc47-4395-bc11-b05a52490165: start FollowerState
2019-10-02 05:53:29,978 [f21b9375-dc47-4395-bc11-b05a52490165@group-096C40DA0023-LeaderElection28] INFO  impl.RoleInfo (RoleInfo.java:updateAndGet(143)) - f21b9375-dc47-4395-bc11-b05a52490165: start LeaderState
2019-10-02 05:53:29,978 [f21b9375-dc47-4395-bc11-b05a52490165@group-096C40DA0023-LeaderElection28] INFO  segmented.SegmentedRaftLogWorker (SegmentedRaftLogWorker.java:startLogSegment(385)) - f21b9375-dc47-4395-bc11-b05a52490165@group-096C40DA0023-SegmentedRaftLogWorker: Starting segment from index:0
2019-10-02 05:53:29,979 [f21b9375-dc47-4395-bc11-b05a52490165@group-096C40DA0023-LeaderElection28] INFO  impl.RaftServerImpl (ServerState.java:setRaftConf(356)) - f21b9375-dc47-4395-bc11-b05a52490165@group-096C40DA0023: set configuration 0: [f21b9375-dc47-4395-bc11-b05a52490165:192.168.164.250:38981], old=null at 0
2019-10-02 05:53:29,992 [9cfd416b-6ceb-4706-a96c-8f6d75541741@group-9270A33858EB-LeaderElection29] INFO  impl.LeaderElection (LeaderElection.java:askForVotes(178)) - 9cfd416b-6ceb-4706-a96c-8f6d75541741@group-9270A33858EB-LeaderElection29: begin an election at term 1 for -1: [9cfd416b-6ceb-4706-a96c-8f6d75541741:192.168.164.250:46826], old=null
2019-10-02 05:53:29,992 [9cfd416b-6ceb-4706-a96c-8f6d75541741@group-9270A33858EB-LeaderElection29] INFO  impl.RoleInfo (RoleInfo.java:shutdownLeaderElection(134)) - 9cfd416b-6ceb-4706-a96c-8f6d75541741: shutdown LeaderElection
2019-10-02 05:53:29,992 [9cfd416b-6ceb-4706-a96c-8f6d75541741@group-9270A33858EB-LeaderElection29] INFO  impl.RaftServerImpl (RaftServerImpl.java:setRole(170)) - 9cfd416b-6ceb-4706-a96c-8f6d75541741@group-9270A33858EB: changes role from CANDIDATE to LEADER at term 1 for changeToLeader
2019-10-02 05:53:29,992 [9cfd416b-6ceb-4706-a96c-8f6d75541741@group-9270A33858EB-LeaderElection29] INFO  impl.RaftServerImpl (ServerState.java:setLeader(255)) - 9cfd416b-6ceb-4706-a96c-8f6d75541741@group-9270A33858EB: change Leader from null to 9cfd416b-6ceb-4706-a96c-8f6d75541741 at term 1 for becomeLeader, leader elected after 5167ms
2019-10-02 05:53:30,014 [9cfd416b-6ceb-4706-a96c-8f6d75541741@group-9270A33858EB-LeaderElection29] INFO  server.RaftServerConfigKeys (ConfUtils.java:logGet(43)) - raft.server.staging.catchup.gap = 1000 (default)
2019-10-02 05:53:30,014 [9cfd416b-6ceb-4706-a96c-8f6d75541741@group-9270A33858EB-LeaderElection29] INFO  server.RaftServerConfigKeys (ConfUtils.java:logGet(43)) - raft.server.rpc.sleep.time = 25ms (default)
2019-10-02 05:53:30,015 [9cfd416b-6ceb-4706-a96c-8f6d75541741@group-9270A33858EB-LeaderElection29] INFO  server.RaftServerConfigKeys (ConfUtils.java:logGet(43)) - raft.server.write.element-limit = 4096 (default)
2019-10-02 05:53:30,015 [70ac7ae1-c153-4f9a-984d-28504dfc99f5@group-C2095988D771-LeaderElection27] INFO  impl.LeaderElection (LeaderElection.java:logAndReturn(56)) - 70ac7ae1-c153-4f9a-984d-28504dfc99f5@group-C2095988D771-LeaderElection27: Election PASSED; received 1 response(s) [70ac7ae1-c153-4f9a-984d-28504dfc99f5<-cebbc9e0-0ece-4d53-bcf3-1dae732d45f1#0:OK-t1] and 0 exception(s); 70ac7ae1-c153-4f9a-984d-28504dfc99f5@group-C2095988D771:t1, leader=null, voted=70ac7ae1-c153-4f9a-984d-28504dfc99f5, raftlog=70ac7ae1-c153-4f9a-984d-28504dfc99f5@group-C2095988D771-SegmentedRaftLog:OPENED:c-1,f-1,i0, conf=-1: [70ac7ae1-c153-4f9a-984d-28504dfc99f5:192.168.164.250:40662, cebbc9e0-0ece-4d53-bcf3-1dae732d45f1:192.168.164.250:45252, f21b9375-dc47-4395-bc11-b05a52490165:192.168.164.250:38981], old=null
2019-10-02 05:53:30,015 [9cfd416b-6ceb-4706-a96c-8f6d75541741@group-9270A33858EB-LeaderElection29] INFO  server.RaftServerConfigKeys (ConfUtils.java:logGet(43)) - raft.server.watch.timeout = 10s (default)
2019-10-02 05:53:30,015 [70ac7ae1-c153-4f9a-984d-28504dfc99f5@group-C2095988D771-LeaderElection27] INFO  impl.RoleInfo (RoleInfo.java:shutdownLeaderElection(134)) - 70ac7ae1-c153-4f9a-984d-28504dfc99f5: shutdown LeaderElection
2019-10-02 05:53:30,015 [9cfd416b-6ceb-4706-a96c-8f6d75541741@group-9270A33858EB-LeaderElection29] INFO  server.RaftServerConfigKeys (ConfUtils.java:logGet(43)) - raft.server.watch.timeout.denomination = 1s (default)
2019-10-02 05:53:30,018 [70ac7ae1-c153-4f9a-984d-28504dfc99f5@group-C2095988D771-LeaderElection27] INFO  impl.RaftServerImpl (RaftServerImpl.java:setRole(170)) - 70ac7ae1-c153-4f9a-984d-28504dfc99f5@group-C2095988D771: changes role from CANDIDATE to LEADER at term 1 for changeToLeader
2019-10-02 05:53:30,018 [9cfd416b-6ceb-4706-a96c-8f6d75541741@group-9270A33858EB-LeaderElection29] INFO  server.RaftServerConfigKeys (ConfUtils.java:logGet(43)) - raft.server.watch.element-limit = 65536 (default)
2019-10-02 05:53:30,018 [70ac7ae1-c153-4f9a-984d-28504dfc99f5@group-C2095988D771-LeaderElection27] INFO  impl.RaftServerImpl (ServerState.java:setLeader(255)) - 70ac7ae1-c153-4f9a-984d-28504dfc99f5@group-C2095988D771: change Leader from null to 70ac7ae1-c153-4f9a-984d-28504dfc99f5 at term 1 for becomeLeader, leader elected after 5159ms
2019-10-02 05:53:30,018 [70ac7ae1-c153-4f9a-984d-28504dfc99f5@group-C2095988D771-LeaderElection27] INFO  server.RaftServerConfigKeys (ConfUtils.java:logGet(43)) - raft.server.staging.catchup.gap = 1000 (default)
2019-10-02 05:53:30,018 [70ac7ae1-c153-4f9a-984d-28504dfc99f5@group-C2095988D771-LeaderElection27] INFO  server.RaftServerConfigKeys (ConfUtils.java:logGet(43)) - raft.server.rpc.sleep.time = 25ms (default)
2019-10-02 05:53:30,018 [70ac7ae1-c153-4f9a-984d-28504dfc99f5@group-C2095988D771-LeaderElection27] INFO  server.RaftServerConfigKeys (ConfUtils.java:logGet(43)) - raft.server.write.element-limit = 4096 (default)
2019-10-02 05:53:30,019 [70ac7ae1-c153-4f9a-984d-28504dfc99f5@group-C2095988D771-LeaderElection27] INFO  server.RaftServerConfigKeys (ConfUtils.java:logGet(43)) - raft.server.watch.timeout = 10s (default)
2019-10-02 05:53:30,019 [70ac7ae1-c153-4f9a-984d-28504dfc99f5@group-C2095988D771-LeaderElection27] INFO  server.RaftServerConfigKeys (ConfUtils.java:logGet(43)) - raft.server.watch.timeout.denomination = 1s (default)
2019-10-02 05:53:30,019 [70ac7ae1-c153-4f9a-984d-28504dfc99f5@group-C2095988D771-LeaderElection27] INFO  server.RaftServerConfigKeys (ConfUtils.java:logGet(43)) - raft.server.watch.element-limit = 65536 (default)
2019-10-02 05:53:30,020 [9cfd416b-6ceb-4706-a96c-8f6d75541741@group-9270A33858EB-LeaderElection29] INFO  impl.RoleInfo (RoleInfo.java:updateAndGet(143)) - 9cfd416b-6ceb-4706-a96c-8f6d75541741: start LeaderState
2019-10-02 05:53:30,021 [9cfd416b-6ceb-4706-a96c-8f6d75541741@group-9270A33858EB-LeaderElection29] INFO  segmented.SegmentedRaftLogWorker (SegmentedRaftLogWorker.java:startLogSegment(385)) - 9cfd416b-6ceb-4706-a96c-8f6d75541741@group-9270A33858EB-SegmentedRaftLogWorker: Starting segment from index:0
2019-10-02 05:53:30,021 [9cfd416b-6ceb-4706-a96c-8f6d75541741@group-9270A33858EB-LeaderElection29] INFO  impl.RaftServerImpl (ServerState.java:setRaftConf(356)) - 9cfd416b-6ceb-4706-a96c-8f6d75541741@group-9270A33858EB: set configuration 0: [9cfd416b-6ceb-4706-a96c-8f6d75541741:192.168.164.250:46826], old=null at 0
2019-10-02 05:53:30,021 [70ac7ae1-c153-4f9a-984d-28504dfc99f5@group-C2095988D771-LeaderElection27] INFO  server.RaftServerConfigKeys (ConfUtils.java:logGet(43)) - raft.server.log.appender.snapshot.chunk.size.max = 16MB (=16777216) (default)
2019-10-02 05:53:30,022 [70ac7ae1-c153-4f9a-984d-28504dfc99f5@group-C2095988D771-LeaderElection27] INFO  server.RaftServerConfigKeys (ConfUtils.java:logGet(43)) - raft.server.log.appender.buffer.byte-limit = 33554432 (custom)
2019-10-02 05:53:30,022 [70ac7ae1-c153-4f9a-984d-28504dfc99f5@group-C2095988D771-LeaderElection27] INFO  server.RaftServerConfigKeys (ConfUtils.java:logGet(43)) - raft.server.log.appender.buffer.element-limit = 1 (custom)
2019-10-02 05:53:30,022 [70ac7ae1-c153-4f9a-984d-28504dfc99f5@group-C2095988D771-LeaderElection27] INFO  grpc.GrpcConfigKeys$Server (ConfUtils.java:logGet(43)) - raft.grpc.server.leader.outstanding.appends.max = 128 (default)
2019-10-02 05:53:30,022 [70ac7ae1-c153-4f9a-984d-28504dfc99f5@group-C2095988D771-LeaderElection27] INFO  server.RaftServerConfigKeys (ConfUtils.java:logGet(43)) - raft.server.rpc.request.timeout = 3000ms (default)
2019-10-02 05:53:30,023 [70ac7ae1-c153-4f9a-984d-28504dfc99f5@group-C2095988D771-LeaderElection27] INFO  server.RaftServerConfigKeys (ConfUtils.java:logGet(43)) - raft.server.log.appender.install.snapshot.enabled = false (custom)
2019-10-02 05:53:30,023 [70ac7ae1-c153-4f9a-984d-28504dfc99f5@group-C2095988D771-LeaderElection27] INFO  server.RaftServerConfigKeys (ConfUtils.java:logGet(43)) - raft.server.log.appender.snapshot.chunk.size.max = 16MB (=16777216) (default)
2019-10-02 05:53:30,023 [70ac7ae1-c153-4f9a-984d-28504dfc99f5@group-C2095988D771-LeaderElection27] INFO  server.RaftServerConfigKeys (ConfUtils.java:logGet(43)) - raft.server.log.appender.buffer.byte-limit = 33554432 (custom)
2019-10-02 05:53:30,023 [70ac7ae1-c153-4f9a-984d-28504dfc99f5@group-C2095988D771-LeaderElection27] INFO  server.RaftServerConfigKeys (ConfUtils.java:logGet(43)) - raft.server.log.appender.buffer.element-limit = 1 (custom)
2019-10-02 05:53:30,023 [70ac7ae1-c153-4f9a-984d-28504dfc99f5@group-C2095988D771-LeaderElection27] INFO  grpc.GrpcConfigKeys$Server (ConfUtils.java:logGet(43)) - raft.grpc.server.leader.outstanding.appends.max = 128 (default)
2019-10-02 05:53:30,024 [70ac7ae1-c153-4f9a-984d-28504dfc99f5@group-C2095988D771-LeaderElection27] INFO  server.RaftServerConfigKeys (ConfUtils.java:logGet(43)) - raft.server.rpc.request.timeout = 3000ms (default)
2019-10-02 05:53:30,024 [70ac7ae1-c153-4f9a-984d-28504dfc99f5@group-C2095988D771-LeaderElection27] INFO  server.RaftServerConfigKeys (ConfUtils.java:logGet(43)) - raft.server.log.appender.install.snapshot.enabled = false (custom)
2019-10-02 05:53:30,024 [f21b9375-dc47-4395-bc11-b05a52490165@group-096C40DA0023-SegmentedRaftLogWorker] INFO  segmented.SegmentedRaftLogWorker (SegmentedRaftLogWorker.java:execute(574)) - f21b9375-dc47-4395-bc11-b05a52490165@group-096C40DA0023-SegmentedRaftLogWorker: created new log segment /workdir/hadoop-ozone/integration-test/target/test-dir/MiniOzoneClusterImpl-215539d9-6da0-41b8-98ae-029774e0e657/datanode-6/data/ratis/a682f206-6400-48cf-a49f-096c40da0023/current/log_inprogress_0
2019-10-02 05:53:30,024 [70ac7ae1-c153-4f9a-984d-28504dfc99f5@group-C2095988D771-LeaderElection27] INFO  impl.RoleInfo (RoleInfo.java:updateAndGet(143)) - 70ac7ae1-c153-4f9a-984d-28504dfc99f5: start LeaderState
2019-10-02 05:53:30,024 [70ac7ae1-c153-4f9a-984d-28504dfc99f5@group-C2095988D771-LeaderElection27] INFO  segmented.SegmentedRaftLogWorker (SegmentedRaftLogWorker.java:startLogSegment(385)) - 70ac7ae1-c153-4f9a-984d-28504dfc99f5@group-C2095988D771-SegmentedRaftLogWorker: Starting segment from index:0
2019-10-02 05:53:30,025 [70ac7ae1-c153-4f9a-984d-28504dfc99f5@group-C2095988D771-LeaderElection27] INFO  impl.RaftServerImpl (ServerState.java:setRaftConf(356)) - 70ac7ae1-c153-4f9a-984d-28504dfc99f5@group-C2095988D771: set configuration 0: [70ac7ae1-c153-4f9a-984d-28504dfc99f5:192.168.164.250:40662, cebbc9e0-0ece-4d53-bcf3-1dae732d45f1:192.168.164.250:45252, f21b9375-dc47-4395-bc11-b05a52490165:192.168.164.250:38981], old=null at 0
2019-10-02 05:53:30,059 [grpc-default-executor-5] INFO  impl.RaftServerImpl (ServerState.java:setLeader(255)) - cebbc9e0-0ece-4d53-bcf3-1dae732d45f1@group-C2095988D771: change Leader from null to 70ac7ae1-c153-4f9a-984d-28504dfc99f5 at term 1 for appendEntries, leader elected after 5199ms
2019-10-02 05:53:30,059 [grpc-default-executor-16] INFO  impl.RaftServerImpl (ServerState.java:setLeader(255)) - f21b9375-dc47-4395-bc11-b05a52490165@group-C2095988D771: change Leader from null to 70ac7ae1-c153-4f9a-984d-28504dfc99f5 at term 1 for appendEntries, leader elected after 5195ms
2019-10-02 05:53:30,064 [grpc-default-executor-16] INFO  impl.RaftServerImpl (ServerState.java:setRaftConf(356)) - cebbc9e0-0ece-4d53-bcf3-1dae732d45f1@group-C2095988D771: set configuration 0: [70ac7ae1-c153-4f9a-984d-28504dfc99f5:192.168.164.250:40662, cebbc9e0-0ece-4d53-bcf3-1dae732d45f1:192.168.164.250:45252, f21b9375-dc47-4395-bc11-b05a52490165:192.168.164.250:38981], old=null at 0
2019-10-02 05:53:30,066 [grpc-default-executor-16] INFO  segmented.SegmentedRaftLogWorker (SegmentedRaftLogWorker.java:startLogSegment(385)) - cebbc9e0-0ece-4d53-bcf3-1dae732d45f1@group-C2095988D771-SegmentedRaftLogWorker: Starting segment from index:0
2019-10-02 05:53:30,067 [grpc-default-executor-15] INFO  impl.RaftServerImpl (ServerState.java:setRaftConf(356)) - f21b9375-dc47-4395-bc11-b05a52490165@group-C2095988D771: set configuration 0: [70ac7ae1-c153-4f9a-984d-28504dfc99f5:192.168.164.250:40662, cebbc9e0-0ece-4d53-bcf3-1dae732d45f1:192.168.164.250:45252, f21b9375-dc47-4395-bc11-b05a52490165:192.168.164.250:38981], old=null at 0
2019-10-02 05:53:30,067 [grpc-default-executor-15] INFO  segmented.SegmentedRaftLogWorker (SegmentedRaftLogWorker.java:startLogSegment(385)) - f21b9375-dc47-4395-bc11-b05a52490165@group-C2095988D771-SegmentedRaftLogWorker: Starting segment from index:0
2019-10-02 05:53:30,069 [70ac7ae1-c153-4f9a-984d-28504dfc99f5@group-C2095988D771-SegmentedRaftLogWorker] INFO  segmented.SegmentedRaftLogWorker (SegmentedRaftLogWorker.java:execute(574)) - 70ac7ae1-c153-4f9a-984d-28504dfc99f5@group-C2095988D771-SegmentedRaftLogWorker: created new log segment /workdir/hadoop-ozone/integration-test/target/test-dir/MiniOzoneClusterImpl-215539d9-6da0-41b8-98ae-029774e0e657/datanode-4/data/ratis/475c4f84-7757-49cf-b349-c2095988d771/current/log_inprogress_0
2019-10-02 05:53:30,069 [9cfd416b-6ceb-4706-a96c-8f6d75541741@group-9270A33858EB-SegmentedRaftLogWorker] INFO  segmented.SegmentedRaftLogWorker (SegmentedRaftLogWorker.java:execute(574)) - 9cfd416b-6ceb-4706-a96c-8f6d75541741@group-9270A33858EB-SegmentedRaftLogWorker: created new log segment /workdir/hadoop-ozone/integration-test/target/test-dir/MiniOzoneClusterImpl-215539d9-6da0-41b8-98ae-029774e0e657/datanode-5/data/ratis/05463e8d-43fb-49ee-9507-9270a33858eb/current/log_inprogress_0
2019-10-02 05:53:30,117 [cebbc9e0-0ece-4d53-bcf3-1dae732d45f1@group-C2095988D771-SegmentedRaftLogWorker] INFO  segmented.SegmentedRaftLogWorker (SegmentedRaftLogWorker.java:execute(574)) - cebbc9e0-0ece-4d53-bcf3-1dae732d45f1@group-C2095988D771-SegmentedRaftLogWorker: created new log segment /workdir/hadoop-ozone/integration-test/target/test-dir/MiniOzoneClusterImpl-215539d9-6da0-41b8-98ae-029774e0e657/datanode-3/data/ratis/475c4f84-7757-49cf-b349-c2095988d771/current/log_inprogress_0
2019-10-02 05:53:30,117 [f21b9375-dc47-4395-bc11-b05a52490165@group-C2095988D771-SegmentedRaftLogWorker] INFO  segmented.SegmentedRaftLogWorker (SegmentedRaftLogWorker.java:execute(574)) - f21b9375-dc47-4395-bc11-b05a52490165@group-C2095988D771-SegmentedRaftLogWorker: created new log segment /workdir/hadoop-ozone/integration-test/target/test-dir/MiniOzoneClusterImpl-215539d9-6da0-41b8-98ae-029774e0e657/datanode-6/data/ratis/475c4f84-7757-49cf-b349-c2095988d771/current/log_inprogress_0
2019-10-02 05:53:32,177 [main] INFO  ozone.MiniOzoneClusterImpl (MiniOzoneClusterImpl.java:shutdown(314)) - Shutting down the Mini Ozone Cluster
2019-10-02 05:53:32,177 [main] INFO  ozone.MiniOzoneClusterImpl (MiniOzoneClusterImpl.java:stop(330)) - Stopping the Mini Ozone Cluster
2019-10-02 05:53:32,178 [main] INFO  ozone.MiniOzoneClusterImpl (MiniOzoneClusterImpl.java:stopOM(400)) - Stopping the OzoneManager
2019-10-02 05:53:32,178 [main] INFO  ipc.Server (Server.java:stop(3082)) - Stopping server on 34018
2019-10-02 05:53:32,185 [IPC Server listener on 34018] INFO  ipc.Server (Server.java:run(1185)) - Stopping IPC Server listener on 34018
2019-10-02 05:53:32,187 [IPC Server Responder] INFO  ipc.Server (Server.java:run(1319)) - Stopping IPC Server Responder
2019-10-02 05:53:32,187 [main] INFO  ratis.OzoneManagerDoubleBuffer (OzoneManagerDoubleBuffer.java:stop(248)) - Stopping OMDoubleBuffer flush thread
2019-10-02 05:53:32,196 [OMDoubleBufferFlushThread] INFO  ratis.OzoneManagerDoubleBuffer (OzoneManagerDoubleBuffer.java:flushTransactions(191)) - OMDoubleBuffer flush thread OMDoubleBufferFlushThread is interrupted and will exit. OMDoubleBufferFlushThread
2019-10-02 05:53:32,196 [main] INFO  utils.BackgroundService (BackgroundService.java:shutdown(148)) - Shutting down service KeyDeletingService
2019-10-02 05:53:32,197 [main] INFO  handler.ContextHandler (ContextHandler.java:doStop(910)) - Stopped o.e.j.w.WebAppContext@7ed3df3b{/,null,UNAVAILABLE}{/ozoneManager}
2019-10-02 05:53:32,198 [main] INFO  server.AbstractConnector (AbstractConnector.java:doStop(318)) - Stopped ServerConnector@465b38e6{HTTP/1.1,[http/1.1]}{0.0.0.0:0}
2019-10-02 05:53:32,198 [main] INFO  handler.ContextHandler (ContextHandler.java:doStop(910)) - Stopped o.e.j.s.ServletContextHandler@60c1663c{/static,file:///workdir/hadoop-ozone/integration-test/target/test-classes/webapps/static,UNAVAILABLE}
2019-10-02 05:53:32,199 [main] INFO  handler.ContextHandler (ContextHandler.java:doStop(910)) - Stopped o.e.j.s.ServletContextHandler@24a2e565{/logs,file:///workdir/hadoop-ozone/integration-test/target/log,UNAVAILABLE}
2019-10-02 05:53:32,201 [main] INFO  ozone.MiniOzoneClusterImpl (MiniOzoneClusterImpl.java:stopDatanodes(377)) - Stopping the HddsDatanodes
2019-10-02 05:53:32,366 [Datanode State Machine Thread - 0] INFO  statemachine.DatanodeStateMachine (DatanodeStateMachine.java:lambda$startDaemon$0(350)) - Ozone container server started.
2019-10-02 05:53:32,574 [Datanode State Machine Thread - 0] INFO  statemachine.DatanodeStateMachine (DatanodeStateMachine.java:lambda$startDaemon$0(350)) - Ozone container server started.
2019-10-02 05:53:37,203 [ForkJoinPool.commonPool-worker-0] INFO  ozoneimpl.OzoneContainer (OzoneContainer.java:stop(231)) - Attempting to stop container services.
2019-10-02 05:53:37,203 [main] INFO  ozoneimpl.OzoneContainer (OzoneContainer.java:stop(231)) - Attempting to stop container services.
2019-10-02 05:53:37,204 [ForkJoinPool.commonPool-worker-0] INFO  impl.RaftServerProxy (RaftServerProxy.java:lambda$close$4(314)) - a029b640-5e64-4bed-9f71-7887e3adccfd: close
2019-10-02 05:53:37,204 [main] INFO  impl.RaftServerProxy (RaftServerProxy.java:lambda$close$4(314)) - 70ac7ae1-c153-4f9a-984d-28504dfc99f5: close
2019-10-02 05:53:37,204 [ForkJoinPool.commonPool-worker-0] INFO  impl.RaftServerImpl (RaftServerImpl.java:lambda$shutdown$3(247)) - a029b640-5e64-4bed-9f71-7887e3adccfd@group-41751972C26D: shutdown
2019-10-02 05:53:37,205 [main] INFO  impl.RaftServerImpl (RaftServerImpl.java:lambda$shutdown$3(247)) - 70ac7ae1-c153-4f9a-984d-28504dfc99f5@group-D45BA31E51D4: shutdown
2019-10-02 05:53:37,205 [ForkJoinPool.commonPool-worker-0] INFO  util.JmxRegister (JmxRegister.java:unregister(73)) - Successfully un-registered JMX Bean with object name Ratis:service=RaftServer,group=group-41751972C26D,id=a029b640-5e64-4bed-9f71-7887e3adccfd
2019-10-02 05:53:37,205 [main] INFO  util.JmxRegister (JmxRegister.java:unregister(73)) - Successfully un-registered JMX Bean with object name Ratis:service=RaftServer,group=group-D45BA31E51D4,id=70ac7ae1-c153-4f9a-984d-28504dfc99f5
2019-10-02 05:53:37,205 [ForkJoinPool.commonPool-worker-0] INFO  impl.RoleInfo (RoleInfo.java:shutdownLeaderState(104)) - a029b640-5e64-4bed-9f71-7887e3adccfd: shutdown LeaderState
2019-10-02 05:53:37,205 [main] INFO  impl.RoleInfo (RoleInfo.java:shutdownLeaderState(104)) - 70ac7ae1-c153-4f9a-984d-28504dfc99f5: shutdown LeaderState
2019-10-02 05:53:37,206 [ForkJoinPool.commonPool-worker-0] INFO  impl.PendingRequests (PendingRequests.java:sendNotLeaderResponses(202)) - a029b640-5e64-4bed-9f71-7887e3adccfd@group-41751972C26D-PendingRequests: sendNotLeaderResponses
2019-10-02 05:53:37,206 [main] INFO  impl.PendingRequests (PendingRequests.java:sendNotLeaderResponses(202)) - 70ac7ae1-c153-4f9a-984d-28504dfc99f5@group-D45BA31E51D4-PendingRequests: sendNotLeaderResponses
2019-10-02 05:53:37,206 [main] INFO  impl.StateMachineUpdater (StateMachineUpdater.java:stopAndJoin(136)) - 70ac7ae1-c153-4f9a-984d-28504dfc99f5@group-D45BA31E51D4-StateMachineUpdater: set stopIndex = 0
2019-10-02 05:53:37,206 [ForkJoinPool.commonPool-worker-0] INFO  impl.StateMachineUpdater (StateMachineUpdater.java:stopAndJoin(136)) - a029b640-5e64-4bed-9f71-7887e3adccfd@group-41751972C26D-StateMachineUpdater: set stopIndex = 0
2019-10-02 05:53:37,207 [ForkJoinPool.commonPool-worker-0] INFO  impl.RaftServerImpl (ServerState.java:close(387)) - a029b640-5e64-4bed-9f71-7887e3adccfd@group-41751972C26D: closes. applyIndex: 0
2019-10-02 05:53:37,207 [main] INFO  impl.RaftServerImpl (ServerState.java:close(387)) - 70ac7ae1-c153-4f9a-984d-28504dfc99f5@group-D45BA31E51D4: closes. applyIndex: 0
2019-10-02 05:53:37,208 [a029b640-5e64-4bed-9f71-7887e3adccfd@group-41751972C26D-SegmentedRaftLogWorker] INFO  segmented.SegmentedRaftLogWorker (SegmentedRaftLogWorker.java:run(316)) - a029b640-5e64-4bed-9f71-7887e3adccfd@group-41751972C26D-SegmentedRaftLogWorker was interrupted, exiting. There are 0 tasks remaining in the queue.
2019-10-02 05:53:37,208 [70ac7ae1-c153-4f9a-984d-28504dfc99f5@group-D45BA31E51D4-SegmentedRaftLogWorker] INFO  segmented.SegmentedRaftLogWorker (SegmentedRaftLogWorker.java:run(316)) - 70ac7ae1-c153-4f9a-984d-28504dfc99f5@group-D45BA31E51D4-SegmentedRaftLogWorker was interrupted, exiting. There are 0 tasks remaining in the queue.
2019-10-02 05:53:37,212 [ForkJoinPool.commonPool-worker-0] INFO  segmented.SegmentedRaftLogWorker (SegmentedRaftLogWorker.java:close(224)) - a029b640-5e64-4bed-9f71-7887e3adccfd@group-41751972C26D-SegmentedRaftLogWorker close()
2019-10-02 05:53:37,212 [main] INFO  segmented.SegmentedRaftLogWorker (SegmentedRaftLogWorker.java:close(224)) - 70ac7ae1-c153-4f9a-984d-28504dfc99f5@group-D45BA31E51D4-SegmentedRaftLogWorker close()
2019-10-02 05:53:37,216 [ForkJoinPool.commonPool-worker-0] INFO  impl.RaftServerImpl (RaftServerImpl.java:lambda$shutdown$3(247)) - a029b640-5e64-4bed-9f71-7887e3adccfd@group-BDB97411EE94: shutdown
2019-10-02 05:53:37,219 [main] INFO  impl.RaftServerImpl (RaftServerImpl.java:lambda$shutdown$3(247)) - 70ac7ae1-c153-4f9a-984d-28504dfc99f5@group-C2095988D771: shutdown
2019-10-02 05:53:37,220 [ForkJoinPool.commonPool-worker-0] INFO  util.JmxRegister (JmxRegister.java:unregister(73)) - Successfully un-registered JMX Bean with object name Ratis:service=RaftServer,group=group-BDB97411EE94,id=a029b640-5e64-4bed-9f71-7887e3adccfd
2019-10-02 05:53:37,220 [main] INFO  util.JmxRegister (JmxRegister.java:unregister(73)) - Successfully un-registered JMX Bean with object name Ratis:service=RaftServer,group=group-C2095988D771,id=70ac7ae1-c153-4f9a-984d-28504dfc99f5
2019-10-02 05:53:37,220 [ForkJoinPool.commonPool-worker-0] INFO  impl.RoleInfo (RoleInfo.java:shutdownFollowerState(121)) - a029b640-5e64-4bed-9f71-7887e3adccfd: shutdown FollowerState
2019-10-02 05:53:37,220 [main] INFO  impl.RoleInfo (RoleInfo.java:shutdownLeaderState(104)) - 70ac7ae1-c153-4f9a-984d-28504dfc99f5: shutdown LeaderState
2019-10-02 05:53:37,221 [ForkJoinPool.commonPool-worker-0] INFO  impl.StateMachineUpdater (StateMachineUpdater.java:stopAndJoin(136)) - a029b640-5e64-4bed-9f71-7887e3adccfd@group-BDB97411EE94-StateMachineUpdater: set stopIndex = 0
2019-10-02 05:53:37,224 [org.apache.ratis.server.impl.LogAppender$AppenderDaemon$$Lambda$514/351410477@661b9d1a] WARN  server.GrpcLogAppender (GrpcLogAppender.java:mayWait(143)) - 70ac7ae1-c153-4f9a-984d-28504dfc99f5@group-C2095988D771->cebbc9e0-0ece-4d53-bcf3-1dae732d45f1-GrpcLogAppender: Wait interrupted by java.lang.InterruptedException
2019-10-02 05:53:37,224 [org.apache.ratis.server.impl.LogAppender$AppenderDaemon$$Lambda$514/351410477@44bb87a0] WARN  server.GrpcLogAppender (GrpcLogAppender.java:mayWait(143)) - 70ac7ae1-c153-4f9a-984d-28504dfc99f5@group-C2095988D771->f21b9375-dc47-4395-bc11-b05a52490165-GrpcLogAppender: Wait interrupted by java.lang.InterruptedException
2019-10-02 05:53:37,224 [main] INFO  impl.PendingRequests (PendingRequests.java:sendNotLeaderResponses(202)) - 70ac7ae1-c153-4f9a-984d-28504dfc99f5@group-C2095988D771-PendingRequests: sendNotLeaderResponses
2019-10-02 05:53:37,221 [Thread-1548] INFO  impl.FollowerState (FollowerState.java:run(117)) - a029b640-5e64-4bed-9f71-7887e3adccfd@group-BDB97411EE94-FollowerState was interrupted: java.lang.InterruptedException: sleep interrupted
2019-10-02 05:53:37,224 [ForkJoinPool.commonPool-worker-0] INFO  impl.RaftServerImpl (ServerState.java:close(387)) - a029b640-5e64-4bed-9f71-7887e3adccfd@group-BDB97411EE94: closes. applyIndex: 0
2019-10-02 05:53:37,235 [grpc-default-executor-15] INFO  server.GrpcServerProtocolService (GrpcServerProtocolService.java:onCompleted(113)) - f21b9375-dc47-4395-bc11-b05a52490165: Completed APPEND_ENTRIES, lastRequest: 70ac7ae1-c153-4f9a-984d-28504dfc99f5->f21b9375-dc47-4395-bc11-b05a52490165#5-t1, previous=(t:1, i:2), leaderCommit=2, initializing? false, entries: <empty>
2019-10-02 05:53:37,235 [a029b640-5e64-4bed-9f71-7887e3adccfd@group-BDB97411EE94-SegmentedRaftLogWorker] INFO  segmented.SegmentedRaftLogWorker (SegmentedRaftLogWorker.java:run(316)) - a029b640-5e64-4bed-9f71-7887e3adccfd@group-BDB97411EE94-SegmentedRaftLogWorker was interrupted, exiting. There are 0 tasks remaining in the queue.
2019-10-02 05:53:37,235 [grpc-default-executor-16] INFO  server.GrpcServerProtocolService (GrpcServerProtocolService.java:onCompleted(113)) - cebbc9e0-0ece-4d53-bcf3-1dae732d45f1: Completed APPEND_ENTRIES, lastRequest: 70ac7ae1-c153-4f9a-984d-28504dfc99f5->cebbc9e0-0ece-4d53-bcf3-1dae732d45f1#5-t1, previous=(t:1, i:2), leaderCommit=2, initializing? false, entries: <empty>
2019-10-02 05:53:37,235 [main] INFO  impl.StateMachineUpdater (StateMachineUpdater.java:stopAndJoin(136)) - 70ac7ae1-c153-4f9a-984d-28504dfc99f5@group-C2095988D771-StateMachineUpdater: set stopIndex = 2
2019-10-02 05:53:37,237 [ForkJoinPool.commonPool-worker-0] INFO  segmented.SegmentedRaftLogWorker (SegmentedRaftLogWorker.java:close(224)) - a029b640-5e64-4bed-9f71-7887e3adccfd@group-BDB97411EE94-SegmentedRaftLogWorker close()
2019-10-02 05:53:37,238 [grpc-default-executor-14] INFO  server.GrpcLogAppender (GrpcLogAppender.java:onCompleted(293)) - 70ac7ae1-c153-4f9a-984d-28504dfc99f5@group-C2095988D771->f21b9375-dc47-4395-bc11-b05a52490165-AppendLogResponseHandler: follower responses appendEntries COMPLETED
2019-10-02 05:53:37,238 [main] INFO  impl.RaftServerImpl (ServerState.java:close(387)) - 70ac7ae1-c153-4f9a-984d-28504dfc99f5@group-C2095988D771: closes. applyIndex: 2
2019-10-02 05:53:37,238 [grpc-default-executor-18] INFO  server.GrpcLogAppender (GrpcLogAppender.java:onCompleted(293)) - 70ac7ae1-c153-4f9a-984d-28504dfc99f5@group-C2095988D771->cebbc9e0-0ece-4d53-bcf3-1dae732d45f1-AppendLogResponseHandler: follower responses appendEntries COMPLETED
2019-10-02 05:53:37,241 [70ac7ae1-c153-4f9a-984d-28504dfc99f5@group-C2095988D771-SegmentedRaftLogWorker] INFO  segmented.SegmentedRaftLogWorker (SegmentedRaftLogWorker.java:run(316)) - 70ac7ae1-c153-4f9a-984d-28504dfc99f5@group-C2095988D771-SegmentedRaftLogWorker was interrupted, exiting. There are 0 tasks remaining in the queue.
2019-10-02 05:53:37,241 [ForkJoinPool.commonPool-worker-0] INFO  server.GrpcService (GrpcService.java:closeImpl(164)) - a029b640-5e64-4bed-9f71-7887e3adccfd: shutdown server with port 44295 now
2019-10-02 05:53:37,243 [main] INFO  segmented.SegmentedRaftLogWorker (SegmentedRaftLogWorker.java:close(224)) - 70ac7ae1-c153-4f9a-984d-28504dfc99f5@group-C2095988D771-SegmentedRaftLogWorker close()
2019-10-02 05:53:37,246 [main] INFO  server.GrpcService (GrpcService.java:closeImpl(164)) - 70ac7ae1-c153-4f9a-984d-28504dfc99f5: shutdown server with port 40662 now
2019-10-02 05:53:37,247 [grpc-default-executor-14] INFO  impl.FollowerInfo (FollowerInfo.java:lambda$new$0(51)) - 70ac7ae1-c153-4f9a-984d-28504dfc99f5@group-C2095988D771->f21b9375-dc47-4395-bc11-b05a52490165: nextIndex: updateUnconditionally 3 -> 2
2019-10-02 05:53:37,248 [grpc-default-executor-18] INFO  impl.FollowerInfo (FollowerInfo.java:lambda$new$0(51)) - 70ac7ae1-c153-4f9a-984d-28504dfc99f5@group-C2095988D771->cebbc9e0-0ece-4d53-bcf3-1dae732d45f1: nextIndex: updateUnconditionally 3 -> 2
2019-10-02 05:53:37,251 [ForkJoinPool.commonPool-worker-0] INFO  server.GrpcService (GrpcService.java:closeImpl(172)) - a029b640-5e64-4bed-9f71-7887e3adccfd: shutdown server with port 44295 successfully
2019-10-02 05:53:37,252 [grpc-default-executor-14] WARN  server.GrpcServerProtocolService (LogUtils.java:warn(134)) - a029b640-5e64-4bed-9f71-7887e3adccfd: installSnapshot onError, lastRequest: 9b4f6868-9b7e-43dc-b890-c7b182608c59->a029b640-5e64-4bed-9f71-7887e3adccfd#3-t1, previous=(t:1, i:0), leaderCommit=0, initializing? false, entries: <empty>: org.apache.ratis.thirdparty.io.grpc.StatusRuntimeException: CANCELLED: cancelled before receiving half close
2019-10-02 05:53:37,254 [grpc-default-executor-18] WARN  server.GrpcLogAppender (LogUtils.java:warn(134)) - 9b4f6868-9b7e-43dc-b890-c7b182608c59@group-BDB97411EE94->a029b640-5e64-4bed-9f71-7887e3adccfd-AppendLogResponseHandler: Failed appendEntries: org.apache.ratis.thirdparty.io.grpc.StatusRuntimeException: CANCELLED: HTTP/2 error code: CANCEL
Received Rst Stream
2019-10-02 05:53:37,254 [main] INFO  server.GrpcService (GrpcService.java:closeImpl(172)) - 70ac7ae1-c153-4f9a-984d-28504dfc99f5: shutdown server with port 40662 successfully
2019-10-02 05:53:37,257 [refreshUsed-/workdir/hadoop-ozone/integration-test/target/test-dir/MiniOzoneClusterImpl-215539d9-6da0-41b8-98ae-029774e0e657/datanode-1/data/containers] WARN  fs.CachingGetSpaceUsed (CachingGetSpaceUsed.java:run(183)) - Thread Interrupted waiting to refresh disk information: sleep interrupted
2019-10-02 05:53:37,257 [grpc-default-executor-18] INFO  impl.FollowerInfo (FollowerInfo.java:lambda$new$0(51)) - 9b4f6868-9b7e-43dc-b890-c7b182608c59@group-BDB97411EE94->a029b640-5e64-4bed-9f71-7887e3adccfd: nextIndex: updateUnconditionally 1 -> 0
2019-10-02 05:53:37,259 [refreshUsed-/workdir/hadoop-ozone/integration-test/target/test-dir/MiniOzoneClusterImpl-215539d9-6da0-41b8-98ae-029774e0e657/datanode-4/data/containers] WARN  fs.CachingGetSpaceUsed (CachingGetSpaceUsed.java:run(183)) - Thread Interrupted waiting to refresh disk information: sleep interrupted
2019-10-02 05:53:37,274 [ForkJoinPool.commonPool-worker-0] INFO  utils.BackgroundService (BackgroundService.java:shutdown(148)) - Shutting down service BlockDeletingService
2019-10-02 05:53:37,280 [ForkJoinPool.commonPool-worker-0] INFO  statemachine.DatanodeStateMachine (DatanodeStateMachine.java:stopDaemon(395)) - Ozone container server stopped.
2019-10-02 05:53:37,285 [ForkJoinPool.commonPool-worker-0] INFO  handler.ContextHandler (ContextHandler.java:doStop(910)) - Stopped o.e.j.w.WebAppContext@2577a95d{/,null,UNAVAILABLE}{/hddsDatanode}
2019-10-02 05:53:37,285 [ForkJoinPool.commonPool-worker-0] INFO  server.AbstractConnector (AbstractConnector.java:doStop(318)) - Stopped ServerConnector@1668919e{HTTP/1.1,[http/1.1]}{0.0.0.0:0}
2019-10-02 05:53:37,287 [ForkJoinPool.commonPool-worker-0] INFO  handler.ContextHandler (ContextHandler.java:doStop(910)) - Stopped o.e.j.s.ServletContextHandler@786ff1cb{/static,jar:file:/home/user/.m2/repository/org/apache/hadoop/hadoop-hdds-container-service/0.5.0-SNAPSHOT/hadoop-hdds-container-service-0.5.0-SNAPSHOT.jar!/webapps/static,UNAVAILABLE}
2019-10-02 05:53:37,288 [ForkJoinPool.commonPool-worker-0] INFO  handler.ContextHandler (ContextHandler.java:doStop(910)) - Stopped o.e.j.s.ServletContextHandler@76fe6cdc{/logs,file:///workdir/hadoop-ozone/integration-test/target/log,UNAVAILABLE}
2019-10-02 05:53:37,290 [main] INFO  utils.BackgroundService (BackgroundService.java:shutdown(148)) - Shutting down service BlockDeletingService
2019-10-02 05:53:37,294 [main] INFO  statemachine.DatanodeStateMachine (DatanodeStateMachine.java:stopDaemon(395)) - Ozone container server stopped.
2019-10-02 05:53:37,295 [main] INFO  handler.ContextHandler (ContextHandler.java:doStop(910)) - Stopped o.e.j.w.WebAppContext@73a0f2b{/,null,UNAVAILABLE}{/hddsDatanode}
2019-10-02 05:53:37,296 [main] INFO  server.AbstractConnector (AbstractConnector.java:doStop(318)) - Stopped ServerConnector@fa5f81c{HTTP/1.1,[http/1.1]}{0.0.0.0:0}
2019-10-02 05:53:37,296 [main] INFO  handler.ContextHandler (ContextHandler.java:doStop(910)) - Stopped o.e.j.s.ServletContextHandler@3472947a{/static,jar:file:/home/user/.m2/repository/org/apache/hadoop/hadoop-hdds-container-service/0.5.0-SNAPSHOT/hadoop-hdds-container-service-0.5.0-SNAPSHOT.jar!/webapps/static,UNAVAILABLE}
2019-10-02 05:53:37,297 [main] INFO  handler.ContextHandler (ContextHandler.java:doStop(910)) - Stopped o.e.j.s.ServletContextHandler@7885776b{/logs,file:///workdir/hadoop-ozone/integration-test/target/log,UNAVAILABLE}
2019-10-02 05:53:37,428 [Datanode State Machine Thread - 0] INFO  statemachine.DatanodeStateMachine (DatanodeStateMachine.java:lambda$startDaemon$0(350)) - Ozone container server started.
2019-10-02 05:53:37,505 [Datanode State Machine Thread - 0] INFO  statemachine.DatanodeStateMachine (DatanodeStateMachine.java:lambda$startDaemon$0(350)) - Ozone container server started.
2019-10-02 05:53:39,751 [grpc-default-executor-14] WARN  server.GrpcLogAppender (LogUtils.java:warn(134)) - 9b4f6868-9b7e-43dc-b890-c7b182608c59@group-BDB97411EE94->a029b640-5e64-4bed-9f71-7887e3adccfd-AppendLogResponseHandler: Failed appendEntries: org.apache.ratis.thirdparty.io.grpc.StatusRuntimeException: UNAVAILABLE: io exception
2019-10-02 05:53:39,754 [grpc-default-executor-14] INFO  impl.FollowerInfo (FollowerInfo.java:lambda$new$0(51)) - 9b4f6868-9b7e-43dc-b890-c7b182608c59@group-BDB97411EE94->a029b640-5e64-4bed-9f71-7887e3adccfd: nextIndex: updateUnconditionally 0 -> 0
2019-10-02 05:53:42,256 [grpc-default-executor-19] WARN  server.GrpcLogAppender (LogUtils.java:warn(134)) - 9b4f6868-9b7e-43dc-b890-c7b182608c59@group-BDB97411EE94->a029b640-5e64-4bed-9f71-7887e3adccfd-AppendLogResponseHandler: Failed appendEntries: org.apache.ratis.thirdparty.io.grpc.StatusRuntimeException: UNAVAILABLE: io exception
2019-10-02 05:53:42,262 [grpc-default-executor-19] INFO  impl.FollowerInfo (FollowerInfo.java:lambda$new$0(51)) - 9b4f6868-9b7e-43dc-b890-c7b182608c59@group-BDB97411EE94->a029b640-5e64-4bed-9f71-7887e3adccfd: nextIndex: updateUnconditionally 0 -> 0
2019-10-02 05:53:42,290 [ForkJoinPool.commonPool-worker-0] INFO  ozoneimpl.OzoneContainer (OzoneContainer.java:stop(231)) - Attempting to stop container services.
2019-10-02 05:53:42,291 [ForkJoinPool.commonPool-worker-0] INFO  impl.RaftServerProxy (RaftServerProxy.java:lambda$close$4(314)) - 304102a3-92b0-47f9-a2f5-4776f32ebf56: close
2019-10-02 05:53:42,291 [ForkJoinPool.commonPool-worker-0] INFO  impl.RaftServerImpl (RaftServerImpl.java:lambda$shutdown$3(247)) - 304102a3-92b0-47f9-a2f5-4776f32ebf56@group-81E8D53B02AA: shutdown
2019-10-02 05:53:42,292 [ForkJoinPool.commonPool-worker-0] INFO  util.JmxRegister (JmxRegister.java:unregister(73)) - Successfully un-registered JMX Bean with object name Ratis:service=RaftServer,group=group-81E8D53B02AA,id=304102a3-92b0-47f9-a2f5-4776f32ebf56
2019-10-02 05:53:42,292 [ForkJoinPool.commonPool-worker-0] INFO  impl.RoleInfo (RoleInfo.java:shutdownLeaderState(104)) - 304102a3-92b0-47f9-a2f5-4776f32ebf56: shutdown LeaderState
2019-10-02 05:53:42,292 [ForkJoinPool.commonPool-worker-0] INFO  impl.PendingRequests (PendingRequests.java:sendNotLeaderResponses(202)) - 304102a3-92b0-47f9-a2f5-4776f32ebf56@group-81E8D53B02AA-PendingRequests: sendNotLeaderResponses
2019-10-02 05:53:42,293 [ForkJoinPool.commonPool-worker-0] INFO  impl.StateMachineUpdater (StateMachineUpdater.java:stopAndJoin(136)) - 304102a3-92b0-47f9-a2f5-4776f32ebf56@group-81E8D53B02AA-StateMachineUpdater: set stopIndex = 0
2019-10-02 05:53:42,293 [ForkJoinPool.commonPool-worker-0] INFO  impl.RaftServerImpl (ServerState.java:close(387)) - 304102a3-92b0-47f9-a2f5-4776f32ebf56@group-81E8D53B02AA: closes. applyIndex: 0
2019-10-02 05:53:42,294 [304102a3-92b0-47f9-a2f5-4776f32ebf56@group-81E8D53B02AA-SegmentedRaftLogWorker] INFO  segmented.SegmentedRaftLogWorker (SegmentedRaftLogWorker.java:run(316)) - 304102a3-92b0-47f9-a2f5-4776f32ebf56@group-81E8D53B02AA-SegmentedRaftLogWorker was interrupted, exiting. There are 0 tasks remaining in the queue.
2019-10-02 05:53:42,296 [ForkJoinPool.commonPool-worker-0] INFO  segmented.SegmentedRaftLogWorker (SegmentedRaftLogWorker.java:close(224)) - 304102a3-92b0-47f9-a2f5-4776f32ebf56@group-81E8D53B02AA-SegmentedRaftLogWorker close()
2019-10-02 05:53:42,299 [ForkJoinPool.commonPool-worker-0] INFO  impl.RaftServerImpl (RaftServerImpl.java:lambda$shutdown$3(247)) - 304102a3-92b0-47f9-a2f5-4776f32ebf56@group-BDB97411EE94: shutdown
2019-10-02 05:53:42,300 [ForkJoinPool.commonPool-worker-0] INFO  util.JmxRegister (JmxRegister.java:unregister(73)) - Successfully un-registered JMX Bean with object name Ratis:service=RaftServer,group=group-BDB97411EE94,id=304102a3-92b0-47f9-a2f5-4776f32ebf56
2019-10-02 05:53:42,300 [main] INFO  ozoneimpl.OzoneContainer (OzoneContainer.java:stop(231)) - Attempting to stop container services.
2019-10-02 05:53:42,300 [ForkJoinPool.commonPool-worker-0] INFO  impl.RoleInfo (RoleInfo.java:shutdownFollowerState(121)) - 304102a3-92b0-47f9-a2f5-4776f32ebf56: shutdown FollowerState
2019-10-02 05:53:42,301 [ForkJoinPool.commonPool-worker-0] INFO  impl.StateMachineUpdater (StateMachineUpdater.java:stopAndJoin(136)) - 304102a3-92b0-47f9-a2f5-4776f32ebf56@group-BDB97411EE94-StateMachineUpdater: set stopIndex = 0
2019-10-02 05:53:42,301 [Thread-1549] INFO  impl.FollowerState (FollowerState.java:run(117)) - 304102a3-92b0-47f9-a2f5-4776f32ebf56@group-BDB97411EE94-FollowerState was interrupted: java.lang.InterruptedException: sleep interrupted
2019-10-02 05:53:42,301 [main] INFO  impl.RaftServerProxy (RaftServerProxy.java:lambda$close$4(314)) - cebbc9e0-0ece-4d53-bcf3-1dae732d45f1: close
2019-10-02 05:53:42,302 [ForkJoinPool.commonPool-worker-0] INFO  impl.RaftServerImpl (ServerState.java:close(387)) - 304102a3-92b0-47f9-a2f5-4776f32ebf56@group-BDB97411EE94: closes. applyIndex: 0
2019-10-02 05:53:42,303 [main] INFO  impl.RaftServerImpl (RaftServerImpl.java:lambda$shutdown$3(247)) - cebbc9e0-0ece-4d53-bcf3-1dae732d45f1@group-A04D2296BD24: shutdown
2019-10-02 05:53:42,303 [main] INFO  util.JmxRegister (JmxRegister.java:unregister(73)) - Successfully un-registered JMX Bean with object name Ratis:service=RaftServer,group=group-A04D2296BD24,id=cebbc9e0-0ece-4d53-bcf3-1dae732d45f1
2019-10-02 05:53:42,303 [304102a3-92b0-47f9-a2f5-4776f32ebf56@group-BDB97411EE94-SegmentedRaftLogWorker] INFO  segmented.SegmentedRaftLogWorker (SegmentedRaftLogWorker.java:run(316)) - 304102a3-92b0-47f9-a2f5-4776f32ebf56@group-BDB97411EE94-SegmentedRaftLogWorker was interrupted, exiting. There are 0 tasks remaining in the queue.
2019-10-02 05:53:42,303 [main] INFO  impl.RoleInfo (RoleInfo.java:shutdownLeaderState(104)) - cebbc9e0-0ece-4d53-bcf3-1dae732d45f1: shutdown LeaderState
2019-10-02 05:53:42,305 [ForkJoinPool.commonPool-worker-0] INFO  segmented.SegmentedRaftLogWorker (SegmentedRaftLogWorker.java:close(224)) - 304102a3-92b0-47f9-a2f5-4776f32ebf56@group-BDB97411EE94-SegmentedRaftLogWorker close()
2019-10-02 05:53:42,306 [main] INFO  impl.PendingRequests (PendingRequests.java:sendNotLeaderResponses(202)) - cebbc9e0-0ece-4d53-bcf3-1dae732d45f1@group-A04D2296BD24-PendingRequests: sendNotLeaderResponses
2019-10-02 05:53:42,308 [ForkJoinPool.commonPool-worker-0] INFO  server.GrpcService (GrpcService.java:closeImpl(164)) - 304102a3-92b0-47f9-a2f5-4776f32ebf56: shutdown server with port 44854 now
2019-10-02 05:53:42,308 [main] INFO  impl.StateMachineUpdater (StateMachineUpdater.java:stopAndJoin(136)) - cebbc9e0-0ece-4d53-bcf3-1dae732d45f1@group-A04D2296BD24-StateMachineUpdater: set stopIndex = 0
2019-10-02 05:53:42,310 [main] INFO  impl.RaftServerImpl (ServerState.java:close(387)) - cebbc9e0-0ece-4d53-bcf3-1dae732d45f1@group-A04D2296BD24: closes. applyIndex: 0
2019-10-02 05:53:42,312 [cebbc9e0-0ece-4d53-bcf3-1dae732d45f1@group-A04D2296BD24-SegmentedRaftLogWorker] INFO  segmented.SegmentedRaftLogWorker (SegmentedRaftLogWorker.java:run(316)) - cebbc9e0-0ece-4d53-bcf3-1dae732d45f1@group-A04D2296BD24-SegmentedRaftLogWorker was interrupted, exiting. There are 0 tasks remaining in the queue.
2019-10-02 05:53:42,314 [main] INFO  segmented.SegmentedRaftLogWorker (SegmentedRaftLogWorker.java:close(224)) - cebbc9e0-0ece-4d53-bcf3-1dae732d45f1@group-A04D2296BD24-SegmentedRaftLogWorker close()
2019-10-02 05:53:42,314 [ForkJoinPool.commonPool-worker-0] INFO  server.GrpcService (GrpcService.java:closeImpl(172)) - 304102a3-92b0-47f9-a2f5-4776f32ebf56: shutdown server with port 44854 successfully
2019-10-02 05:53:42,316 [main] INFO  impl.RaftServerImpl (RaftServerImpl.java:lambda$shutdown$3(247)) - cebbc9e0-0ece-4d53-bcf3-1dae732d45f1@group-C2095988D771: shutdown
2019-10-02 05:53:42,314 [grpc-default-executor-18] WARN  server.GrpcLogAppender (LogUtils.java:warn(134)) - 9b4f6868-9b7e-43dc-b890-c7b182608c59@group-BDB97411EE94->304102a3-92b0-47f9-a2f5-4776f32ebf56-AppendLogResponseHandler: Failed appendEntries: org.apache.ratis.thirdparty.io.grpc.StatusRuntimeException: CANCELLED: HTTP/2 error code: CANCEL
Received Rst Stream
2019-10-02 05:53:42,314 [grpc-default-executor-14] WARN  server.GrpcServerProtocolService (LogUtils.java:warn(134)) - 304102a3-92b0-47f9-a2f5-4776f32ebf56: installSnapshot onError, lastRequest: 9b4f6868-9b7e-43dc-b890-c7b182608c59->304102a3-92b0-47f9-a2f5-4776f32ebf56#6-t1, previous=(t:1, i:0), leaderCommit=0, initializing? false, entries: <empty>: org.apache.ratis.thirdparty.io.grpc.StatusRuntimeException: CANCELLED: cancelled before receiving half close
2019-10-02 05:53:42,317 [main] INFO  util.JmxRegister (JmxRegister.java:unregister(73)) - Successfully un-registered JMX Bean with object name Ratis:service=RaftServer,group=group-C2095988D771,id=cebbc9e0-0ece-4d53-bcf3-1dae732d45f1
2019-10-02 05:53:42,318 [main] INFO  impl.RoleInfo (RoleInfo.java:shutdownFollowerState(121)) - cebbc9e0-0ece-4d53-bcf3-1dae732d45f1: shutdown FollowerState
2019-10-02 05:53:42,318 [grpc-default-executor-18] INFO  impl.FollowerInfo (FollowerInfo.java:lambda$new$0(51)) - 9b4f6868-9b7e-43dc-b890-c7b182608c59@group-BDB97411EE94->304102a3-92b0-47f9-a2f5-4776f32ebf56: nextIndex: updateUnconditionally 1 -> 0
2019-10-02 05:53:42,319 [main] INFO  impl.StateMachineUpdater (StateMachineUpdater.java:stopAndJoin(136)) - cebbc9e0-0ece-4d53-bcf3-1dae732d45f1@group-C2095988D771-StateMachineUpdater: set stopIndex = 2
2019-10-02 05:53:42,319 [refreshUsed-/workdir/hadoop-ozone/integration-test/target/test-dir/MiniOzoneClusterImpl-215539d9-6da0-41b8-98ae-029774e0e657/datanode-2/data/containers] WARN  fs.CachingGetSpaceUsed (CachingGetSpaceUsed.java:run(183)) - Thread Interrupted waiting to refresh disk information: sleep interrupted
2019-10-02 05:53:42,320 [main] INFO  impl.RaftServerImpl (ServerState.java:close(387)) - cebbc9e0-0ece-4d53-bcf3-1dae732d45f1@group-C2095988D771: closes. applyIndex: 2
2019-10-02 05:53:42,319 [Thread-1569] INFO  impl.FollowerState (FollowerState.java:run(117)) - cebbc9e0-0ece-4d53-bcf3-1dae732d45f1@group-C2095988D771-FollowerState was interrupted: java.lang.InterruptedException: sleep interrupted
2019-10-02 05:53:42,321 [cebbc9e0-0ece-4d53-bcf3-1dae732d45f1@group-C2095988D771-SegmentedRaftLogWorker] INFO  segmented.SegmentedRaftLogWorker (SegmentedRaftLogWorker.java:run(316)) - cebbc9e0-0ece-4d53-bcf3-1dae732d45f1@group-C2095988D771-SegmentedRaftLogWorker was interrupted, exiting. There are 0 tasks remaining in the queue.
2019-10-02 05:53:42,324 [main] INFO  segmented.SegmentedRaftLogWorker (SegmentedRaftLogWorker.java:close(224)) - cebbc9e0-0ece-4d53-bcf3-1dae732d45f1@group-C2095988D771-SegmentedRaftLogWorker close()
2019-10-02 05:53:42,326 [main] INFO  server.GrpcService (GrpcService.java:closeImpl(164)) - cebbc9e0-0ece-4d53-bcf3-1dae732d45f1: shutdown server with port 45252 now
2019-10-02 05:53:42,327 [main] INFO  server.GrpcService (GrpcService.java:closeImpl(172)) - cebbc9e0-0ece-4d53-bcf3-1dae732d45f1: shutdown server with port 45252 successfully
2019-10-02 05:53:42,330 [refreshUsed-/workdir/hadoop-ozone/integration-test/target/test-dir/MiniOzoneClusterImpl-215539d9-6da0-41b8-98ae-029774e0e657/datanode-3/data/containers] WARN  fs.CachingGetSpaceUsed (CachingGetSpaceUsed.java:run(183)) - Thread Interrupted waiting to refresh disk information: sleep interrupted
2019-10-02 05:53:42,342 [main] INFO  utils.BackgroundService (BackgroundService.java:shutdown(148)) - Shutting down service BlockDeletingService
2019-10-02 05:53:42,346 [main] INFO  statemachine.DatanodeStateMachine (DatanodeStateMachine.java:stopDaemon(395)) - Ozone container server stopped.
2019-10-02 05:53:42,347 [main] INFO  handler.ContextHandler (ContextHandler.java:doStop(910)) - Stopped o.e.j.w.WebAppContext@5416f8db{/,null,UNAVAILABLE}{/hddsDatanode}
2019-10-02 05:53:42,347 [main] INFO  server.AbstractConnector (AbstractConnector.java:doStop(318)) - Stopped ServerConnector@64e1377c{HTTP/1.1,[http/1.1]}{0.0.0.0:0}
2019-10-02 05:53:42,348 [main] INFO  handler.ContextHandler (ContextHandler.java:doStop(910)) - Stopped o.e.j.s.ServletContextHandler@29c17c3d{/static,jar:file:/home/user/.m2/repository/org/apache/hadoop/hadoop-hdds-container-service/0.5.0-SNAPSHOT/hadoop-hdds-container-service-0.5.0-SNAPSHOT.jar!/webapps/static,UNAVAILABLE}
2019-10-02 05:53:42,348 [main] INFO  handler.ContextHandler (ContextHandler.java:doStop(910)) - Stopped o.e.j.s.ServletContextHandler@6bcb12e6{/logs,file:///workdir/hadoop-ozone/integration-test/target/log,UNAVAILABLE}
2019-10-02 05:53:42,354 [ForkJoinPool.commonPool-worker-0] INFO  utils.BackgroundService (BackgroundService.java:shutdown(148)) - Shutting down service BlockDeletingService
2019-10-02 05:53:42,357 [ForkJoinPool.commonPool-worker-0] INFO  statemachine.DatanodeStateMachine (DatanodeStateMachine.java:stopDaemon(395)) - Ozone container server stopped.
2019-10-02 05:53:42,361 [ForkJoinPool.commonPool-worker-0] INFO  handler.ContextHandler (ContextHandler.java:doStop(910)) - Stopped o.e.j.w.WebAppContext@54e12f4c{/,null,UNAVAILABLE}{/hddsDatanode}
2019-10-02 05:53:42,361 [ForkJoinPool.commonPool-worker-0] INFO  server.AbstractConnector (AbstractConnector.java:doStop(318)) - Stopped ServerConnector@60990e5c{HTTP/1.1,[http/1.1]}{0.0.0.0:0}
2019-10-02 05:53:42,363 [ForkJoinPool.commonPool-worker-0] INFO  handler.ContextHandler (ContextHandler.java:doStop(910)) - Stopped o.e.j.s.ServletContextHandler@58fbd02e{/static,jar:file:/home/user/.m2/repository/org/apache/hadoop/hadoop-hdds-container-service/0.5.0-SNAPSHOT/hadoop-hdds-container-service-0.5.0-SNAPSHOT.jar!/webapps/static,UNAVAILABLE}
2019-10-02 05:53:42,364 [ForkJoinPool.commonPool-worker-0] INFO  handler.ContextHandler (ContextHandler.java:doStop(910)) - Stopped o.e.j.s.ServletContextHandler@67022ea{/logs,file:///workdir/hadoop-ozone/integration-test/target/log,UNAVAILABLE}
2019-10-02 05:53:42,705 [Datanode State Machine Thread - 0] INFO  statemachine.DatanodeStateMachine (DatanodeStateMachine.java:lambda$startDaemon$0(350)) - Ozone container server started.
2019-10-02 05:53:43,301 [Datanode State Machine Thread - 0] INFO  statemachine.DatanodeStateMachine (DatanodeStateMachine.java:lambda$startDaemon$0(350)) - Ozone container server started.
2019-10-02 05:53:44,755 [grpc-default-executor-19] WARN  server.GrpcLogAppender (LogUtils.java:warn(134)) - 9b4f6868-9b7e-43dc-b890-c7b182608c59@group-BDB97411EE94->a029b640-5e64-4bed-9f71-7887e3adccfd-AppendLogResponseHandler: Failed appendEntries: org.apache.ratis.thirdparty.io.grpc.StatusRuntimeException: UNAVAILABLE: io exception
2019-10-02 05:53:44,758 [grpc-default-executor-19] INFO  impl.FollowerInfo (FollowerInfo.java:lambda$new$0(51)) - 9b4f6868-9b7e-43dc-b890-c7b182608c59@group-BDB97411EE94->a029b640-5e64-4bed-9f71-7887e3adccfd: nextIndex: updateUnconditionally 0 -> 0
2019-10-02 05:53:44,760 [grpc-default-executor-18] WARN  server.GrpcLogAppender (LogUtils.java:warn(134)) - 9b4f6868-9b7e-43dc-b890-c7b182608c59@group-BDB97411EE94->304102a3-92b0-47f9-a2f5-4776f32ebf56-AppendLogResponseHandler: Failed appendEntries: org.apache.ratis.thirdparty.io.grpc.StatusRuntimeException: UNAVAILABLE: io exception
2019-10-02 05:53:44,762 [grpc-default-executor-18] INFO  impl.FollowerInfo (FollowerInfo.java:lambda$new$0(51)) - 9b4f6868-9b7e-43dc-b890-c7b182608c59@group-BDB97411EE94->304102a3-92b0-47f9-a2f5-4776f32ebf56: nextIndex: updateUnconditionally 0 -> 0
2019-10-02 05:53:45,218 [Thread-1570] INFO  impl.FollowerState (FollowerState.java:run(108)) - f21b9375-dc47-4395-bc11-b05a52490165@group-C2095988D771-FollowerState: change to CANDIDATE, lastRpcTime:8046ms, electionTimeout:5036ms
2019-10-02 05:53:45,219 [Thread-1570] INFO  impl.RoleInfo (RoleInfo.java:shutdownFollowerState(121)) - f21b9375-dc47-4395-bc11-b05a52490165: shutdown FollowerState
2019-10-02 05:53:45,219 [Thread-1570] INFO  impl.RaftServerImpl (RaftServerImpl.java:setRole(170)) - f21b9375-dc47-4395-bc11-b05a52490165@group-C2095988D771: changes role from  FOLLOWER to CANDIDATE at term 1 for changeToCandidate
2019-10-02 05:53:45,219 [Thread-1570] INFO  impl.RoleInfo (RoleInfo.java:updateAndGet(143)) - f21b9375-dc47-4395-bc11-b05a52490165: start LeaderElection
2019-10-02 05:53:45,221 [f21b9375-dc47-4395-bc11-b05a52490165@group-C2095988D771-LeaderElection30] INFO  impl.RaftServerImpl (ServerState.java:setLeader(255)) - f21b9375-dc47-4395-bc11-b05a52490165@group-C2095988D771: change Leader from 70ac7ae1-c153-4f9a-984d-28504dfc99f5 to null at term 1 for initElection
2019-10-02 05:53:45,235 [f21b9375-dc47-4395-bc11-b05a52490165@group-C2095988D771-LeaderElection30] INFO  impl.LeaderElection (LeaderElection.java:askForVotes(178)) - f21b9375-dc47-4395-bc11-b05a52490165@group-C2095988D771-LeaderElection30: begin an election at term 2 for 0: [70ac7ae1-c153-4f9a-984d-28504dfc99f5:192.168.164.250:40662, cebbc9e0-0ece-4d53-bcf3-1dae732d45f1:192.168.164.250:45252, f21b9375-dc47-4395-bc11-b05a52490165:192.168.164.250:38981], old=null
2019-10-02 05:53:45,238 [f21b9375-dc47-4395-bc11-b05a52490165@group-C2095988D771-LeaderElection30] INFO  impl.LeaderElection (LogUtils.java:infoOrTrace(149)) - f21b9375-dc47-4395-bc11-b05a52490165@group-C2095988D771-LeaderElection30 got exception when requesting votes: {}
java.util.concurrent.ExecutionException: org.apache.ratis.thirdparty.io.grpc.StatusRuntimeException: UNAVAILABLE: io exception
	at java.util.concurrent.FutureTask.report(FutureTask.java:122)
	at java.util.concurrent.FutureTask.get(FutureTask.java:192)
	at org.apache.ratis.server.impl.LeaderElection.waitForResults(LeaderElection.java:259)
	at org.apache.ratis.server.impl.LeaderElection.askForVotes(LeaderElection.java:197)
	at org.apache.ratis.server.impl.LeaderElection.run(LeaderElection.java:133)
	at java.lang.Thread.run(Thread.java:748)
Caused by: org.apache.ratis.thirdparty.io.grpc.StatusRuntimeException: UNAVAILABLE: io exception
	at org.apache.ratis.thirdparty.io.grpc.stub.ClientCalls.toStatusRuntimeException(ClientCalls.java:233)
	at org.apache.ratis.thirdparty.io.grpc.stub.ClientCalls.getUnchecked(ClientCalls.java:214)
	at org.apache.ratis.thirdparty.io.grpc.stub.ClientCalls.blockingUnaryCall(ClientCalls.java:139)
	at org.apache.ratis.proto.grpc.RaftServerProtocolServiceGrpc$RaftServerProtocolServiceBlockingStub.requestVote(RaftServerProtocolServiceGrpc.java:265)
	at org.apache.ratis.grpc.server.GrpcServerProtocolClient.requestVote(GrpcServerProtocolClient.java:99)
	at org.apache.ratis.grpc.server.GrpcService.requestVote(GrpcService.java:204)
	at org.apache.ratis.server.impl.LeaderElection.lambda$submitRequests$1(LeaderElection.java:234)
	at java.util.concurrent.FutureTask.run(FutureTask.java:266)
	at java.util.concurrent.Executors$RunnableAdapter.call(Executors.java:511)
	at java.util.concurrent.FutureTask.run(FutureTask.java:266)
	at java.util.concurrent.ThreadPoolExecutor.runWorker(ThreadPoolExecutor.java:1149)
	at java.util.concurrent.ThreadPoolExecutor$Worker.run(ThreadPoolExecutor.java:624)
	... 1 more
Caused by: org.apache.ratis.thirdparty.io.netty.channel.AbstractChannel$AnnotatedConnectException: Connection refused: /192.168.164.250:40662
	at sun.nio.ch.SocketChannelImpl.checkConnect(Native Method)
	at sun.nio.ch.SocketChannelImpl.finishConnect(SocketChannelImpl.java:717)
	at org.apache.ratis.thirdparty.io.netty.channel.socket.nio.NioSocketChannel.doFinishConnect(NioSocketChannel.java:327)
	at org.apache.ratis.thirdparty.io.netty.channel.nio.AbstractNioChannel$AbstractNioUnsafe.finishConnect(AbstractNioChannel.java:340)
	at org.apache.ratis.thirdparty.io.netty.channel.nio.NioEventLoop.processSelectedKey(NioEventLoop.java:632)
	at org.apache.ratis.thirdparty.io.netty.channel.nio.NioEventLoop.processSelectedKeysOptimized(NioEventLoop.java:579)
	at org.apache.ratis.thirdparty.io.netty.channel.nio.NioEventLoop.processSelectedKeys(NioEventLoop.java:496)
	at org.apache.ratis.thirdparty.io.netty.channel.nio.NioEventLoop.run(NioEventLoop.java:458)
	at org.apache.ratis.thirdparty.io.netty.util.concurrent.SingleThreadEventExecutor$5.run(SingleThreadEventExecutor.java:897)
	at org.apache.ratis.thirdparty.io.netty.util.concurrent.FastThreadLocalRunnable.run(FastThreadLocalRunnable.java:30)
	... 1 more
Caused by: java.net.ConnectException: Connection refused
	... 11 more
2019-10-02 05:53:45,241 [f21b9375-dc47-4395-bc11-b05a52490165@group-C2095988D771-LeaderElection30] INFO  impl.LeaderElection (LogUtils.java:infoOrTrace(149)) - f21b9375-dc47-4395-bc11-b05a52490165@group-C2095988D771-LeaderElection30 got exception when requesting votes: {}
java.util.concurrent.ExecutionException: org.apache.ratis.thirdparty.io.grpc.StatusRuntimeException: UNAVAILABLE: io exception
	at java.util.concurrent.FutureTask.report(FutureTask.java:122)
	at java.util.concurrent.FutureTask.get(FutureTask.java:192)
	at org.apache.ratis.server.impl.LeaderElection.waitForResults(LeaderElection.java:259)
	at org.apache.ratis.server.impl.LeaderElection.askForVotes(LeaderElection.java:197)
	at org.apache.ratis.server.impl.LeaderElection.run(LeaderElection.java:133)
	at java.lang.Thread.run(Thread.java:748)
Caused by: org.apache.ratis.thirdparty.io.grpc.StatusRuntimeException: UNAVAILABLE: io exception
	at org.apache.ratis.thirdparty.io.grpc.stub.ClientCalls.toStatusRuntimeException(ClientCalls.java:233)
	at org.apache.ratis.thirdparty.io.grpc.stub.ClientCalls.getUnchecked(ClientCalls.java:214)
	at org.apache.ratis.thirdparty.io.grpc.stub.ClientCalls.blockingUnaryCall(ClientCalls.java:139)
	at org.apache.ratis.proto.grpc.RaftServerProtocolServiceGrpc$RaftServerProtocolServiceBlockingStub.requestVote(RaftServerProtocolServiceGrpc.java:265)
	at org.apache.ratis.grpc.server.GrpcServerProtocolClient.requestVote(GrpcServerProtocolClient.java:99)
	at org.apache.ratis.grpc.server.GrpcService.requestVote(GrpcService.java:204)
	at org.apache.ratis.server.impl.LeaderElection.lambda$submitRequests$1(LeaderElection.java:234)
	at java.util.concurrent.FutureTask.run(FutureTask.java:266)
	at java.util.concurrent.Executors$RunnableAdapter.call(Executors.java:511)
	at java.util.concurrent.FutureTask.run(FutureTask.java:266)
	at java.util.concurrent.ThreadPoolExecutor.runWorker(ThreadPoolExecutor.java:1149)
	at java.util.concurrent.ThreadPoolExecutor$Worker.run(ThreadPoolExecutor.java:624)
	... 1 more
Caused by: org.apache.ratis.thirdparty.io.netty.channel.AbstractChannel$AnnotatedConnectException: Connection refused: /192.168.164.250:45252
	at sun.nio.ch.SocketChannelImpl.checkConnect(Native Method)
	at sun.nio.ch.SocketChannelImpl.finishConnect(SocketChannelImpl.java:717)
	at org.apache.ratis.thirdparty.io.netty.channel.socket.nio.NioSocketChannel.doFinishConnect(NioSocketChannel.java:327)
	at org.apache.ratis.thirdparty.io.netty.channel.nio.AbstractNioChannel$AbstractNioUnsafe.finishConnect(AbstractNioChannel.java:340)
	at org.apache.ratis.thirdparty.io.netty.channel.nio.NioEventLoop.processSelectedKey(NioEventLoop.java:632)
	at org.apache.ratis.thirdparty.io.netty.channel.nio.NioEventLoop.processSelectedKeysOptimized(NioEventLoop.java:579)
	at org.apache.ratis.thirdparty.io.netty.channel.nio.NioEventLoop.processSelectedKeys(NioEventLoop.java:496)
	at org.apache.ratis.thirdparty.io.netty.channel.nio.NioEventLoop.run(NioEventLoop.java:458)
	at org.apache.ratis.thirdparty.io.netty.util.concurrent.SingleThreadEventExecutor$5.run(SingleThreadEventExecutor.java:897)
	at org.apache.ratis.thirdparty.io.netty.util.concurrent.FastThreadLocalRunnable.run(FastThreadLocalRunnable.java:30)
	... 1 more
Caused by: java.net.ConnectException: Connection refused
	... 11 more
2019-10-02 05:53:45,242 [f21b9375-dc47-4395-bc11-b05a52490165@group-C2095988D771-LeaderElection30] INFO  impl.LeaderElection (LeaderElection.java:logAndReturn(56)) - f21b9375-dc47-4395-bc11-b05a52490165@group-C2095988D771-LeaderElection30: Election REJECTED; received 0 response(s) [] and 2 exception(s); f21b9375-dc47-4395-bc11-b05a52490165@group-C2095988D771:t2, leader=null, voted=f21b9375-dc47-4395-bc11-b05a52490165, raftlog=f21b9375-dc47-4395-bc11-b05a52490165@group-C2095988D771-SegmentedRaftLog:OPENED:c2,f2,i2, conf=0: [70ac7ae1-c153-4f9a-984d-28504dfc99f5:192.168.164.250:40662, cebbc9e0-0ece-4d53-bcf3-1dae732d45f1:192.168.164.250:45252, f21b9375-dc47-4395-bc11-b05a52490165:192.168.164.250:38981], old=null
2019-10-02 05:53:45,243 [f21b9375-dc47-4395-bc11-b05a52490165@group-C2095988D771-LeaderElection30] INFO  impl.LeaderElection (LogUtils.java:infoOrTrace(149)) -   Exception 0: {}
java.util.concurrent.ExecutionException: org.apache.ratis.thirdparty.io.grpc.StatusRuntimeException: UNAVAILABLE: io exception
	at java.util.concurrent.FutureTask.report(FutureTask.java:122)
	at java.util.concurrent.FutureTask.get(FutureTask.java:192)
	at org.apache.ratis.server.impl.LeaderElection.waitForResults(LeaderElection.java:259)
	at org.apache.ratis.server.impl.LeaderElection.askForVotes(LeaderElection.java:197)
	at org.apache.ratis.server.impl.LeaderElection.run(LeaderElection.java:133)
	at java.lang.Thread.run(Thread.java:748)
Caused by: org.apache.ratis.thirdparty.io.grpc.StatusRuntimeException: UNAVAILABLE: io exception
	at org.apache.ratis.thirdparty.io.grpc.stub.ClientCalls.toStatusRuntimeException(ClientCalls.java:233)
	at org.apache.ratis.thirdparty.io.grpc.stub.ClientCalls.getUnchecked(ClientCalls.java:214)
	at org.apache.ratis.thirdparty.io.grpc.stub.ClientCalls.blockingUnaryCall(ClientCalls.java:139)
	at org.apache.ratis.proto.grpc.RaftServerProtocolServiceGrpc$RaftServerProtocolServiceBlockingStub.requestVote(RaftServerProtocolServiceGrpc.java:265)
	at org.apache.ratis.grpc.server.GrpcServerProtocolClient.requestVote(GrpcServerProtocolClient.java:99)
	at org.apache.ratis.grpc.server.GrpcService.requestVote(GrpcService.java:204)
	at org.apache.ratis.server.impl.LeaderElection.lambda$submitRequests$1(LeaderElection.java:234)
	at java.util.concurrent.FutureTask.run(FutureTask.java:266)
	at java.util.concurrent.Executors$RunnableAdapter.call(Executors.java:511)
	at java.util.concurrent.FutureTask.run(FutureTask.java:266)
	at java.util.concurrent.ThreadPoolExecutor.runWorker(ThreadPoolExecutor.java:1149)
	at java.util.concurrent.ThreadPoolExecutor$Worker.run(ThreadPoolExecutor.java:624)
	... 1 more
Caused by: org.apache.ratis.thirdparty.io.netty.channel.AbstractChannel$AnnotatedConnectException: Connection refused: /192.168.164.250:40662
	at sun.nio.ch.SocketChannelImpl.checkConnect(Native Method)
	at sun.nio.ch.SocketChannelImpl.finishConnect(SocketChannelImpl.java:717)
	at org.apache.ratis.thirdparty.io.netty.channel.socket.nio.NioSocketChannel.doFinishConnect(NioSocketChannel.java:327)
	at org.apache.ratis.thirdparty.io.netty.channel.nio.AbstractNioChannel$AbstractNioUnsafe.finishConnect(AbstractNioChannel.java:340)
	at org.apache.ratis.thirdparty.io.netty.channel.nio.NioEventLoop.processSelectedKey(NioEventLoop.java:632)
	at org.apache.ratis.thirdparty.io.netty.channel.nio.NioEventLoop.processSelectedKeysOptimized(NioEventLoop.java:579)
	at org.apache.ratis.thirdparty.io.netty.channel.nio.NioEventLoop.processSelectedKeys(NioEventLoop.java:496)
	at org.apache.ratis.thirdparty.io.netty.channel.nio.NioEventLoop.run(NioEventLoop.java:458)
	at org.apache.ratis.thirdparty.io.netty.util.concurrent.SingleThreadEventExecutor$5.run(SingleThreadEventExecutor.java:897)
	at org.apache.ratis.thirdparty.io.netty.util.concurrent.FastThreadLocalRunnable.run(FastThreadLocalRunnable.java:30)
	... 1 more
Caused by: java.net.ConnectException: Connection refused
	... 11 more
2019-10-02 05:53:45,243 [f21b9375-dc47-4395-bc11-b05a52490165@group-C2095988D771-LeaderElection30] INFO  impl.LeaderElection (LogUtils.java:infoOrTrace(149)) -   Exception 1: {}
java.util.concurrent.ExecutionException: org.apache.ratis.thirdparty.io.grpc.StatusRuntimeException: UNAVAILABLE: io exception
	at java.util.concurrent.FutureTask.report(FutureTask.java:122)
	at java.util.concurrent.FutureTask.get(FutureTask.java:192)
	at org.apache.ratis.server.impl.LeaderElection.waitForResults(LeaderElection.java:259)
	at org.apache.ratis.server.impl.LeaderElection.askForVotes(LeaderElection.java:197)
	at org.apache.ratis.server.impl.LeaderElection.run(LeaderElection.java:133)
	at java.lang.Thread.run(Thread.java:748)
Caused by: org.apache.ratis.thirdparty.io.grpc.StatusRuntimeException: UNAVAILABLE: io exception
	at org.apache.ratis.thirdparty.io.grpc.stub.ClientCalls.toStatusRuntimeException(ClientCalls.java:233)
	at org.apache.ratis.thirdparty.io.grpc.stub.ClientCalls.getUnchecked(ClientCalls.java:214)
	at org.apache.ratis.thirdparty.io.grpc.stub.ClientCalls.blockingUnaryCall(ClientCalls.java:139)
	at org.apache.ratis.proto.grpc.RaftServerProtocolServiceGrpc$RaftServerProtocolServiceBlockingStub.requestVote(RaftServerProtocolServiceGrpc.java:265)
	at org.apache.ratis.grpc.server.GrpcServerProtocolClient.requestVote(GrpcServerProtocolClient.java:99)
	at org.apache.ratis.grpc.server.GrpcService.requestVote(GrpcService.java:204)
	at org.apache.ratis.server.impl.LeaderElection.lambda$submitRequests$1(LeaderElection.java:234)
	at java.util.concurrent.FutureTask.run(FutureTask.java:266)
	at java.util.concurrent.Executors$RunnableAdapter.call(Executors.java:511)
	at java.util.concurrent.FutureTask.run(FutureTask.java:266)
	at java.util.concurrent.ThreadPoolExecutor.runWorker(ThreadPoolExecutor.java:1149)
	at java.util.concurrent.ThreadPoolExecutor$Worker.run(ThreadPoolExecutor.java:624)
	... 1 more
Caused by: org.apache.ratis.thirdparty.io.netty.channel.AbstractChannel$AnnotatedConnectException: Connection refused: /192.168.164.250:45252
	at sun.nio.ch.SocketChannelImpl.checkConnect(Native Method)
	at sun.nio.ch.SocketChannelImpl.finishConnect(SocketChannelImpl.java:717)
	at org.apache.ratis.thirdparty.io.netty.channel.socket.nio.NioSocketChannel.doFinishConnect(NioSocketChannel.java:327)
	at org.apache.ratis.thirdparty.io.netty.channel.nio.AbstractNioChannel$AbstractNioUnsafe.finishConnect(AbstractNioChannel.java:340)
	at org.apache.ratis.thirdparty.io.netty.channel.nio.NioEventLoop.processSelectedKey(NioEventLoop.java:632)
	at org.apache.ratis.thirdparty.io.netty.channel.nio.NioEventLoop.processSelectedKeysOptimized(NioEventLoop.java:579)
	at org.apache.ratis.thirdparty.io.netty.channel.nio.NioEventLoop.processSelectedKeys(NioEventLoop.java:496)
	at org.apache.ratis.thirdparty.io.netty.channel.nio.NioEventLoop.run(NioEventLoop.java:458)
	at org.apache.ratis.thirdparty.io.netty.util.concurrent.SingleThreadEventExecutor$5.run(SingleThreadEventExecutor.java:897)
	at org.apache.ratis.thirdparty.io.netty.util.concurrent.FastThreadLocalRunnable.run(FastThreadLocalRunnable.java:30)
	... 1 more
Caused by: java.net.ConnectException: Connection refused
	... 11 more
2019-10-02 05:53:45,244 [f21b9375-dc47-4395-bc11-b05a52490165@group-C2095988D771-LeaderElection30] INFO  impl.RaftServerImpl (RaftServerImpl.java:setRole(170)) - f21b9375-dc47-4395-bc11-b05a52490165@group-C2095988D771: changes role from CANDIDATE to FOLLOWER at term 2 for DISCOVERED_A_NEW_TERM
2019-10-02 05:53:45,244 [f21b9375-dc47-4395-bc11-b05a52490165@group-C2095988D771-LeaderElection30] INFO  impl.RoleInfo (RoleInfo.java:shutdownLeaderElection(134)) - f21b9375-dc47-4395-bc11-b05a52490165: shutdown LeaderElection
2019-10-02 05:53:45,244 [f21b9375-dc47-4395-bc11-b05a52490165@group-C2095988D771-LeaderElection30] INFO  impl.RoleInfo (RoleInfo.java:updateAndGet(143)) - f21b9375-dc47-4395-bc11-b05a52490165: start FollowerState
2019-10-02 05:53:47,256 [grpc-default-executor-18] WARN  server.GrpcLogAppender (LogUtils.java:warn(134)) - 9b4f6868-9b7e-43dc-b890-c7b182608c59@group-BDB97411EE94->a029b640-5e64-4bed-9f71-7887e3adccfd-AppendLogResponseHandler: Failed appendEntries: org.apache.ratis.thirdparty.io.grpc.StatusRuntimeException: UNAVAILABLE: io exception
2019-10-02 05:53:47,259 [grpc-default-executor-18] INFO  impl.FollowerInfo (FollowerInfo.java:lambda$new$0(51)) - 9b4f6868-9b7e-43dc-b890-c7b182608c59@group-BDB97411EE94->a029b640-5e64-4bed-9f71-7887e3adccfd: nextIndex: updateUnconditionally 0 -> 0
2019-10-02 05:53:47,269 [grpc-default-executor-18] WARN  server.GrpcLogAppender (LogUtils.java:warn(134)) - 9b4f6868-9b7e-43dc-b890-c7b182608c59@group-BDB97411EE94->304102a3-92b0-47f9-a2f5-4776f32ebf56-AppendLogResponseHandler: Failed appendEntries: org.apache.ratis.thirdparty.io.grpc.StatusRuntimeException: UNAVAILABLE: io exception
2019-10-02 05:53:47,273 [grpc-default-executor-18] INFO  impl.FollowerInfo (FollowerInfo.java:lambda$new$0(51)) - 9b4f6868-9b7e-43dc-b890-c7b182608c59@group-BDB97411EE94->304102a3-92b0-47f9-a2f5-4776f32ebf56: nextIndex: updateUnconditionally 0 -> 0
2019-10-02 05:53:47,350 [main] INFO  ozoneimpl.OzoneContainer (OzoneContainer.java:stop(231)) - Attempting to stop container services.
2019-10-02 05:53:47,351 [main] INFO  impl.RaftServerProxy (RaftServerProxy.java:lambda$close$4(314)) - f21b9375-dc47-4395-bc11-b05a52490165: close
2019-10-02 05:53:47,351 [main] INFO  impl.RaftServerImpl (RaftServerImpl.java:lambda$shutdown$3(247)) - f21b9375-dc47-4395-bc11-b05a52490165@group-096C40DA0023: shutdown
2019-10-02 05:53:47,352 [main] INFO  util.JmxRegister (JmxRegister.java:unregister(73)) - Successfully un-registered JMX Bean with object name Ratis:service=RaftServer,group=group-096C40DA0023,id=f21b9375-dc47-4395-bc11-b05a52490165
2019-10-02 05:53:47,352 [main] INFO  impl.RoleInfo (RoleInfo.java:shutdownLeaderState(104)) - f21b9375-dc47-4395-bc11-b05a52490165: shutdown LeaderState
2019-10-02 05:53:47,353 [main] INFO  impl.PendingRequests (PendingRequests.java:sendNotLeaderResponses(202)) - f21b9375-dc47-4395-bc11-b05a52490165@group-096C40DA0023-PendingRequests: sendNotLeaderResponses
2019-10-02 05:53:47,353 [main] INFO  impl.StateMachineUpdater (StateMachineUpdater.java:stopAndJoin(136)) - f21b9375-dc47-4395-bc11-b05a52490165@group-096C40DA0023-StateMachineUpdater: set stopIndex = 0
2019-10-02 05:53:47,353 [main] INFO  impl.RaftServerImpl (ServerState.java:close(387)) - f21b9375-dc47-4395-bc11-b05a52490165@group-096C40DA0023: closes. applyIndex: 0
2019-10-02 05:53:47,354 [f21b9375-dc47-4395-bc11-b05a52490165@group-096C40DA0023-SegmentedRaftLogWorker] INFO  segmented.SegmentedRaftLogWorker (SegmentedRaftLogWorker.java:run(316)) - f21b9375-dc47-4395-bc11-b05a52490165@group-096C40DA0023-SegmentedRaftLogWorker was interrupted, exiting. There are 0 tasks remaining in the queue.
2019-10-02 05:53:47,358 [main] INFO  segmented.SegmentedRaftLogWorker (SegmentedRaftLogWorker.java:close(224)) - f21b9375-dc47-4395-bc11-b05a52490165@group-096C40DA0023-SegmentedRaftLogWorker close()
2019-10-02 05:53:47,361 [main] INFO  impl.RaftServerImpl (RaftServerImpl.java:lambda$shutdown$3(247)) - f21b9375-dc47-4395-bc11-b05a52490165@group-C2095988D771: shutdown
2019-10-02 05:53:47,361 [main] INFO  util.JmxRegister (JmxRegister.java:unregister(73)) - Successfully un-registered JMX Bean with object name Ratis:service=RaftServer,group=group-C2095988D771,id=f21b9375-dc47-4395-bc11-b05a52490165
2019-10-02 05:53:47,362 [main] INFO  impl.RoleInfo (RoleInfo.java:shutdownFollowerState(121)) - f21b9375-dc47-4395-bc11-b05a52490165: shutdown FollowerState
2019-10-02 05:53:47,362 [main] INFO  impl.StateMachineUpdater (StateMachineUpdater.java:stopAndJoin(136)) - f21b9375-dc47-4395-bc11-b05a52490165@group-C2095988D771-StateMachineUpdater: set stopIndex = 2
2019-10-02 05:53:47,362 [Thread-1605] INFO  impl.FollowerState (FollowerState.java:run(117)) - f21b9375-dc47-4395-bc11-b05a52490165@group-C2095988D771-FollowerState was interrupted: java.lang.InterruptedException: sleep interrupted
2019-10-02 05:53:47,362 [main] INFO  impl.RaftServerImpl (ServerState.java:close(387)) - f21b9375-dc47-4395-bc11-b05a52490165@group-C2095988D771: closes. applyIndex: 2
2019-10-02 05:53:47,364 [f21b9375-dc47-4395-bc11-b05a52490165@group-C2095988D771-SegmentedRaftLogWorker] INFO  segmented.SegmentedRaftLogWorker (SegmentedRaftLogWorker.java:run(316)) - f21b9375-dc47-4395-bc11-b05a52490165@group-C2095988D771-SegmentedRaftLogWorker was interrupted, exiting. There are 0 tasks remaining in the queue.
2019-10-02 05:53:47,365 [main] INFO  segmented.SegmentedRaftLogWorker (SegmentedRaftLogWorker.java:close(224)) - f21b9375-dc47-4395-bc11-b05a52490165@group-C2095988D771-SegmentedRaftLogWorker close()
2019-10-02 05:53:47,373 [main] INFO  server.GrpcService (GrpcService.java:closeImpl(164)) - f21b9375-dc47-4395-bc11-b05a52490165: shutdown server with port 38981 now
2019-10-02 05:53:47,373 [ForkJoinPool.commonPool-worker-0] INFO  ozoneimpl.OzoneContainer (OzoneContainer.java:stop(231)) - Attempting to stop container services.
2019-10-02 05:53:47,374 [ForkJoinPool.commonPool-worker-0] INFO  impl.RaftServerProxy (RaftServerProxy.java:lambda$close$4(314)) - 9b4f6868-9b7e-43dc-b890-c7b182608c59: close
2019-10-02 05:53:47,374 [main] INFO  server.GrpcService (GrpcService.java:closeImpl(172)) - f21b9375-dc47-4395-bc11-b05a52490165: shutdown server with port 38981 successfully
2019-10-02 05:53:47,374 [ForkJoinPool.commonPool-worker-0] INFO  impl.RaftServerImpl (RaftServerImpl.java:lambda$shutdown$3(247)) - 9b4f6868-9b7e-43dc-b890-c7b182608c59@group-BDB97411EE94: shutdown
2019-10-02 05:53:47,374 [ForkJoinPool.commonPool-worker-0] INFO  util.JmxRegister (JmxRegister.java:unregister(73)) - Successfully un-registered JMX Bean with object name Ratis:service=RaftServer,group=group-BDB97411EE94,id=9b4f6868-9b7e-43dc-b890-c7b182608c59
2019-10-02 05:53:47,374 [ForkJoinPool.commonPool-worker-0] INFO  impl.RoleInfo (RoleInfo.java:shutdownLeaderState(104)) - 9b4f6868-9b7e-43dc-b890-c7b182608c59: shutdown LeaderState
2019-10-02 05:53:47,377 [ForkJoinPool.commonPool-worker-0] INFO  impl.PendingRequests (PendingRequests.java:sendNotLeaderResponses(202)) - 9b4f6868-9b7e-43dc-b890-c7b182608c59@group-BDB97411EE94-PendingRequests: sendNotLeaderResponses
2019-10-02 05:53:47,377 [org.apache.ratis.server.impl.LogAppender$AppenderDaemon$$Lambda$514/351410477@2c394553] WARN  server.GrpcLogAppender (GrpcLogAppender.java:mayWait(143)) - 9b4f6868-9b7e-43dc-b890-c7b182608c59@group-BDB97411EE94->a029b640-5e64-4bed-9f71-7887e3adccfd-GrpcLogAppender: Wait interrupted by java.lang.InterruptedException
2019-10-02 05:53:47,377 [org.apache.ratis.server.impl.LogAppender$AppenderDaemon$$Lambda$514/351410477@13a69051] WARN  server.GrpcLogAppender (GrpcLogAppender.java:mayWait(143)) - 9b4f6868-9b7e-43dc-b890-c7b182608c59@group-BDB97411EE94->304102a3-92b0-47f9-a2f5-4776f32ebf56-GrpcLogAppender: Wait interrupted by java.lang.InterruptedException
2019-10-02 05:53:47,377 [ForkJoinPool.commonPool-worker-0] INFO  impl.StateMachineUpdater (StateMachineUpdater.java:stopAndJoin(136)) - 9b4f6868-9b7e-43dc-b890-c7b182608c59@group-BDB97411EE94-StateMachineUpdater: set stopIndex = 0
2019-10-02 05:53:47,378 [ForkJoinPool.commonPool-worker-0] INFO  impl.RaftServerImpl (ServerState.java:close(387)) - 9b4f6868-9b7e-43dc-b890-c7b182608c59@group-BDB97411EE94: closes. applyIndex: 0
2019-10-02 05:53:47,378 [refreshUsed-/workdir/hadoop-ozone/integration-test/target/test-dir/MiniOzoneClusterImpl-215539d9-6da0-41b8-98ae-029774e0e657/datanode-6/data/containers] WARN  fs.CachingGetSpaceUsed (CachingGetSpaceUsed.java:run(183)) - Thread Interrupted waiting to refresh disk information: sleep interrupted
2019-10-02 05:53:47,380 [9b4f6868-9b7e-43dc-b890-c7b182608c59@group-BDB97411EE94-SegmentedRaftLogWorker] INFO  segmented.SegmentedRaftLogWorker (SegmentedRaftLogWorker.java:run(316)) - 9b4f6868-9b7e-43dc-b890-c7b182608c59@group-BDB97411EE94-SegmentedRaftLogWorker was interrupted, exiting. There are 0 tasks remaining in the queue.
2019-10-02 05:53:47,380 [ForkJoinPool.commonPool-worker-0] INFO  segmented.SegmentedRaftLogWorker (SegmentedRaftLogWorker.java:close(224)) - 9b4f6868-9b7e-43dc-b890-c7b182608c59@group-BDB97411EE94-SegmentedRaftLogWorker close()
2019-10-02 05:53:47,382 [ForkJoinPool.commonPool-worker-0] INFO  impl.RaftServerImpl (RaftServerImpl.java:lambda$shutdown$3(247)) - 9b4f6868-9b7e-43dc-b890-c7b182608c59@group-06F6DC8221B1: shutdown
2019-10-02 05:53:47,382 [ForkJoinPool.commonPool-worker-0] INFO  util.JmxRegister (JmxRegister.java:unregister(73)) - Successfully un-registered JMX Bean with object name Ratis:service=RaftServer,group=group-06F6DC8221B1,id=9b4f6868-9b7e-43dc-b890-c7b182608c59
2019-10-02 05:53:47,382 [ForkJoinPool.commonPool-worker-0] INFO  impl.RoleInfo (RoleInfo.java:shutdownLeaderState(104)) - 9b4f6868-9b7e-43dc-b890-c7b182608c59: shutdown LeaderState
2019-10-02 05:53:47,383 [ForkJoinPool.commonPool-worker-0] INFO  impl.PendingRequests (PendingRequests.java:sendNotLeaderResponses(202)) - 9b4f6868-9b7e-43dc-b890-c7b182608c59@group-06F6DC8221B1-PendingRequests: sendNotLeaderResponses
2019-10-02 05:53:47,383 [ForkJoinPool.commonPool-worker-0] INFO  impl.StateMachineUpdater (StateMachineUpdater.java:stopAndJoin(136)) - 9b4f6868-9b7e-43dc-b890-c7b182608c59@group-06F6DC8221B1-StateMachineUpdater: set stopIndex = 0
2019-10-02 05:53:47,384 [ForkJoinPool.commonPool-worker-0] INFO  impl.RaftServerImpl (ServerState.java:close(387)) - 9b4f6868-9b7e-43dc-b890-c7b182608c59@group-06F6DC8221B1: closes. applyIndex: 0
2019-10-02 05:53:47,384 [9b4f6868-9b7e-43dc-b890-c7b182608c59@group-06F6DC8221B1-SegmentedRaftLogWorker] INFO  segmented.SegmentedRaftLogWorker (SegmentedRaftLogWorker.java:run(316)) - 9b4f6868-9b7e-43dc-b890-c7b182608c59@group-06F6DC8221B1-SegmentedRaftLogWorker was interrupted, exiting. There are 0 tasks remaining in the queue.
2019-10-02 05:53:47,384 [ForkJoinPool.commonPool-worker-0] INFO  segmented.SegmentedRaftLogWorker (SegmentedRaftLogWorker.java:close(224)) - 9b4f6868-9b7e-43dc-b890-c7b182608c59@group-06F6DC8221B1-SegmentedRaftLogWorker close()
2019-10-02 05:53:47,385 [ForkJoinPool.commonPool-worker-0] INFO  server.GrpcService (GrpcService.java:closeImpl(164)) - 9b4f6868-9b7e-43dc-b890-c7b182608c59: shutdown server with port 42152 now
2019-10-02 05:53:47,386 [ForkJoinPool.commonPool-worker-0] INFO  server.GrpcService (GrpcService.java:closeImpl(172)) - 9b4f6868-9b7e-43dc-b890-c7b182608c59: shutdown server with port 42152 successfully
2019-10-02 05:53:47,388 [refreshUsed-/workdir/hadoop-ozone/integration-test/target/test-dir/MiniOzoneClusterImpl-215539d9-6da0-41b8-98ae-029774e0e657/datanode-0/data/containers] WARN  fs.CachingGetSpaceUsed (CachingGetSpaceUsed.java:run(183)) - Thread Interrupted waiting to refresh disk information: sleep interrupted
2019-10-02 05:53:47,399 [main] INFO  utils.BackgroundService (BackgroundService.java:shutdown(148)) - Shutting down service BlockDeletingService
2019-10-02 05:53:47,402 [main] INFO  statemachine.DatanodeStateMachine (DatanodeStateMachine.java:stopDaemon(395)) - Ozone container server stopped.
2019-10-02 05:53:47,403 [main] INFO  handler.ContextHandler (ContextHandler.java:doStop(910)) - Stopped o.e.j.w.WebAppContext@7e62cfa3{/,null,UNAVAILABLE}{/hddsDatanode}
2019-10-02 05:53:47,403 [ForkJoinPool.commonPool-worker-0] INFO  utils.BackgroundService (BackgroundService.java:shutdown(148)) - Shutting down service BlockDeletingService
2019-10-02 05:53:47,405 [main] INFO  server.AbstractConnector (AbstractConnector.java:doStop(318)) - Stopped ServerConnector@46e190ed{HTTP/1.1,[http/1.1]}{0.0.0.0:0}
2019-10-02 05:53:47,406 [ForkJoinPool.commonPool-worker-0] INFO  statemachine.DatanodeStateMachine (DatanodeStateMachine.java:stopDaemon(395)) - Ozone container server stopped.
2019-10-02 05:53:47,406 [main] INFO  handler.ContextHandler (ContextHandler.java:doStop(910)) - Stopped o.e.j.s.ServletContextHandler@889a8a8{/static,jar:file:/home/user/.m2/repository/org/apache/hadoop/hadoop-hdds-container-service/0.5.0-SNAPSHOT/hadoop-hdds-container-service-0.5.0-SNAPSHOT.jar!/webapps/static,UNAVAILABLE}
2019-10-02 05:53:47,408 [main] INFO  handler.ContextHandler (ContextHandler.java:doStop(910)) - Stopped o.e.j.s.ServletContextHandler@34d713a2{/logs,file:///workdir/hadoop-ozone/integration-test/target/log,UNAVAILABLE}
2019-10-02 05:53:47,409 [ForkJoinPool.commonPool-worker-0] INFO  handler.ContextHandler (ContextHandler.java:doStop(910)) - Stopped o.e.j.w.WebAppContext@630390b9{/,null,UNAVAILABLE}{/hddsDatanode}
2019-10-02 05:53:47,410 [ForkJoinPool.commonPool-worker-0] INFO  server.AbstractConnector (AbstractConnector.java:doStop(318)) - Stopped ServerConnector@6690b9fa{HTTP/1.1,[http/1.1]}{0.0.0.0:0}
2019-10-02 05:53:47,411 [ForkJoinPool.commonPool-worker-0] INFO  handler.ContextHandler (ContextHandler.java:doStop(910)) - Stopped o.e.j.s.ServletContextHandler@4ace284d{/static,jar:file:/home/user/.m2/repository/org/apache/hadoop/hadoop-hdds-container-service/0.5.0-SNAPSHOT/hadoop-hdds-container-service-0.5.0-SNAPSHOT.jar!/webapps/static,UNAVAILABLE}
2019-10-02 05:53:47,412 [ForkJoinPool.commonPool-worker-0] INFO  handler.ContextHandler (ContextHandler.java:doStop(910)) - Stopped o.e.j.s.ServletContextHandler@4eb9f2af{/logs,file:///workdir/hadoop-ozone/integration-test/target/log,UNAVAILABLE}
2019-10-02 05:53:47,660 [Datanode State Machine Thread - 0] INFO  statemachine.DatanodeStateMachine (DatanodeStateMachine.java:lambda$startDaemon$0(350)) - Ozone container server started.
2019-10-02 05:53:52,412 [main] INFO  ozoneimpl.OzoneContainer (OzoneContainer.java:stop(231)) - Attempting to stop container services.
2019-10-02 05:53:52,412 [main] INFO  impl.RaftServerProxy (RaftServerProxy.java:lambda$close$4(314)) - 9cfd416b-6ceb-4706-a96c-8f6d75541741: close
2019-10-02 05:53:52,413 [main] INFO  impl.RaftServerImpl (RaftServerImpl.java:lambda$shutdown$3(247)) - 9cfd416b-6ceb-4706-a96c-8f6d75541741@group-9270A33858EB: shutdown
2019-10-02 05:53:52,413 [main] INFO  util.JmxRegister (JmxRegister.java:unregister(73)) - Successfully un-registered JMX Bean with object name Ratis:service=RaftServer,group=group-9270A33858EB,id=9cfd416b-6ceb-4706-a96c-8f6d75541741
2019-10-02 05:53:52,413 [main] INFO  impl.RoleInfo (RoleInfo.java:shutdownLeaderState(104)) - 9cfd416b-6ceb-4706-a96c-8f6d75541741: shutdown LeaderState
2019-10-02 05:53:52,414 [main] INFO  impl.PendingRequests (PendingRequests.java:sendNotLeaderResponses(202)) - 9cfd416b-6ceb-4706-a96c-8f6d75541741@group-9270A33858EB-PendingRequests: sendNotLeaderResponses
2019-10-02 05:53:52,414 [main] INFO  impl.StateMachineUpdater (StateMachineUpdater.java:stopAndJoin(136)) - 9cfd416b-6ceb-4706-a96c-8f6d75541741@group-9270A33858EB-StateMachineUpdater: set stopIndex = 0
2019-10-02 05:53:52,414 [main] INFO  impl.RaftServerImpl (ServerState.java:close(387)) - 9cfd416b-6ceb-4706-a96c-8f6d75541741@group-9270A33858EB: closes. applyIndex: 0
2019-10-02 05:53:52,415 [9cfd416b-6ceb-4706-a96c-8f6d75541741@group-9270A33858EB-SegmentedRaftLogWorker] INFO  segmented.SegmentedRaftLogWorker (SegmentedRaftLogWorker.java:run(316)) - 9cfd416b-6ceb-4706-a96c-8f6d75541741@group-9270A33858EB-SegmentedRaftLogWorker was interrupted, exiting. There are 0 tasks remaining in the queue.
2019-10-02 05:53:52,415 [main] INFO  segmented.SegmentedRaftLogWorker (SegmentedRaftLogWorker.java:close(224)) - 9cfd416b-6ceb-4706-a96c-8f6d75541741@group-9270A33858EB-SegmentedRaftLogWorker close()
2019-10-02 05:53:52,417 [main] INFO  server.GrpcService (GrpcService.java:closeImpl(164)) - 9cfd416b-6ceb-4706-a96c-8f6d75541741: shutdown server with port 46826 now
2019-10-02 05:53:52,419 [main] INFO  server.GrpcService (GrpcService.java:closeImpl(172)) - 9cfd416b-6ceb-4706-a96c-8f6d75541741: shutdown server with port 46826 successfully
2019-10-02 05:53:52,425 [refreshUsed-/workdir/hadoop-ozone/integration-test/target/test-dir/MiniOzoneClusterImpl-215539d9-6da0-41b8-98ae-029774e0e657/datanode-5/data/containers] WARN  fs.CachingGetSpaceUsed (CachingGetSpaceUsed.java:run(183)) - Thread Interrupted waiting to refresh disk information: sleep interrupted
2019-10-02 05:53:52,438 [main] INFO  utils.BackgroundService (BackgroundService.java:shutdown(148)) - Shutting down service BlockDeletingService
2019-10-02 05:53:52,441 [main] INFO  statemachine.DatanodeStateMachine (DatanodeStateMachine.java:stopDaemon(395)) - Ozone container server stopped.
2019-10-02 05:53:52,441 [main] INFO  handler.ContextHandler (ContextHandler.java:doStop(910)) - Stopped o.e.j.w.WebAppContext@7c20cdd0{/,null,UNAVAILABLE}{/hddsDatanode}
2019-10-02 05:53:52,442 [main] INFO  server.AbstractConnector (AbstractConnector.java:doStop(318)) - Stopped ServerConnector@74606204{HTTP/1.1,[http/1.1]}{0.0.0.0:0}
2019-10-02 05:53:52,442 [main] INFO  handler.ContextHandler (ContextHandler.java:doStop(910)) - Stopped o.e.j.s.ServletContextHandler@1860f3be{/static,jar:file:/home/user/.m2/repository/org/apache/hadoop/hadoop-hdds-container-service/0.5.0-SNAPSHOT/hadoop-hdds-container-service-0.5.0-SNAPSHOT.jar!/webapps/static,UNAVAILABLE}
2019-10-02 05:53:52,443 [main] INFO  handler.ContextHandler (ContextHandler.java:doStop(910)) - Stopped o.e.j.s.ServletContextHandler@3965bdf9{/logs,file:///workdir/hadoop-ozone/integration-test/target/log,UNAVAILABLE}
2019-10-02 05:53:52,447 [main] INFO  ozone.MiniOzoneClusterImpl (MiniOzoneClusterImpl.java:stopSCM(392)) - Stopping the StorageContainerManager
2019-10-02 05:53:52,447 [main] INFO  server.StorageContainerManager (StorageContainerManager.java:stop(808)) - Stopping Replication Manager Service.
2019-10-02 05:53:52,448 [main] INFO  container.ReplicationManager (ReplicationManager.java:stop(203)) - Stopping Replication Monitor Thread.
2019-10-02 05:53:52,448 [main] INFO  server.StorageContainerManager (StorageContainerManager.java:stop(815)) - Stopping Lease Manager of the command watchers
2019-10-02 05:53:52,448 [main] INFO  server.StorageContainerManager (StorageContainerManager.java:stop(822)) - Stopping datanode service RPC server
2019-10-02 05:53:52,448 [main] INFO  server.SCMDatanodeProtocolServer (SCMDatanodeProtocolServer.java:stop(367)) - Stopping the RPC server for DataNodes
2019-10-02 05:53:52,449 [main] INFO  ipc.Server (Server.java:stop(3082)) - Stopping server on 45705
2019-10-02 05:53:52,451 [IPC Server listener on 45705] INFO  ipc.Server (Server.java:run(1185)) - Stopping IPC Server listener on 45705
2019-10-02 05:53:52,451 [IPC Server Responder] INFO  ipc.Server (Server.java:run(1319)) - Stopping IPC Server Responder
2019-10-02 05:53:52,529 [SCM Heartbeat Processing Thread - 0] WARN  node.NodeStateManager (NodeStateManager.java:scheduleNextHealthCheck(646)) - Current Thread is interrupted, shutting down HB processing thread for Node Manager.
2019-10-02 05:53:52,530 [main] INFO  server.StorageContainerManager (StorageContainerManager.java:stop(830)) - Stopping block service RPC server
2019-10-02 05:53:52,530 [main] INFO  server.SCMBlockProtocolServer (SCMBlockProtocolServer.java:stop(155)) - Stopping the RPC server for Block Protocol
2019-10-02 05:53:52,530 [main] INFO  ipc.Server (Server.java:stop(3082)) - Stopping server on 38458
2019-10-02 05:53:52,532 [IPC Server listener on 38458] INFO  ipc.Server (Server.java:run(1185)) - Stopping IPC Server listener on 38458
2019-10-02 05:53:52,532 [main] INFO  server.StorageContainerManager (StorageContainerManager.java:stop(837)) - Stopping the StorageContainerLocationProtocol RPC server
2019-10-02 05:53:52,533 [IPC Server Responder] INFO  ipc.Server (Server.java:run(1319)) - Stopping IPC Server Responder
2019-10-02 05:53:52,533 [main] INFO  server.SCMClientProtocolServer (SCMClientProtocolServer.java:stop(158)) - Stopping the RPC server for Client Protocol
2019-10-02 05:53:52,533 [main] INFO  ipc.Server (Server.java:stop(3082)) - Stopping server on 42627
2019-10-02 05:53:52,535 [main] INFO  server.StorageContainerManager (StorageContainerManager.java:stop(844)) - Stopping Storage Container Manager HTTP server.
2019-10-02 05:53:52,536 [IPC Server listener on 42627] INFO  ipc.Server (Server.java:run(1185)) - Stopping IPC Server listener on 42627
2019-10-02 05:53:52,536 [IPC Server Responder] INFO  ipc.Server (Server.java:run(1319)) - Stopping IPC Server Responder
2019-10-02 05:53:52,537 [main] INFO  handler.ContextHandler (ContextHandler.java:doStop(910)) - Stopped o.e.j.w.WebAppContext@43d3aba5{/,null,UNAVAILABLE}{/scm}
2019-10-02 05:53:52,537 [main] INFO  server.AbstractConnector (AbstractConnector.java:doStop(318)) - Stopped ServerConnector@6bfaa0a6{HTTP/1.1,[http/1.1]}{0.0.0.0:0}
2019-10-02 05:53:52,538 [main] INFO  handler.ContextHandler (ContextHandler.java:doStop(910)) - Stopped o.e.j.s.ServletContextHandler@3458eca5{/static,file:///workdir/hadoop-ozone/integration-test/target/test-classes/webapps/static,UNAVAILABLE}
2019-10-02 05:53:52,538 [main] INFO  handler.ContextHandler (ContextHandler.java:doStop(910)) - Stopped o.e.j.s.ServletContextHandler@34a2d6e0{/logs,file:///workdir/hadoop-ozone/integration-test/target/log,UNAVAILABLE}
2019-10-02 05:53:52,539 [main] INFO  server.StorageContainerManager (StorageContainerManager.java:stop(855)) - Stopping Block Manager Service.
2019-10-02 05:53:52,539 [main] INFO  utils.BackgroundService (BackgroundService.java:shutdown(148)) - Shutting down service SCMBlockDeletingService
2019-10-02 05:53:52,539 [main] INFO  utils.BackgroundService (BackgroundService.java:shutdown(148)) - Shutting down service SCMBlockDeletingService
2019-10-02 05:53:52,540 [main] INFO  server.StorageContainerManager (StorageContainerManager.java:stop(877)) - Stopping SCM Event Queue.
2019-10-02 05:53:52,542 [main] INFO  impl.MetricsSystemImpl (MetricsSystemImpl.java:stop(210)) - Stopping HddsDatanode metrics system...
2019-10-02 05:53:52,556 [main] INFO  impl.MetricsSystemImpl (MetricsSystemImpl.java:stop(216)) - HddsDatanode metrics system stopped.
]]></system-out>
    <system-err><![CDATA[Oct 02, 2019 5:53:37 AM org.apache.ratis.thirdparty.io.grpc.internal.SerializingExecutor run
SEVERE: Exception while executing runnable org.apache.ratis.thirdparty.io.grpc.internal.ServerImpl$JumpToApplicationThreadServerStreamListener$1Closed@572d7981
org.apache.ratis.thirdparty.io.grpc.StatusRuntimeException: CANCELLED: call already cancelled
	at org.apache.ratis.thirdparty.io.grpc.Status.asRuntimeException(Status.java:517)
	at org.apache.ratis.thirdparty.io.grpc.stub.ServerCalls$ServerCallStreamObserverImpl.onCompleted(ServerCalls.java:356)
	at org.apache.ratis.grpc.server.GrpcServerProtocolService$ServerRequestStreamObserver.onError(GrpcServerProtocolService.java:121)
	at org.apache.ratis.thirdparty.io.grpc.stub.ServerCalls$StreamingServerCallHandler$StreamingServerCallListener.onCancel(ServerCalls.java:269)
	at org.apache.ratis.thirdparty.io.grpc.internal.ServerCallImpl$ServerStreamListenerImpl.closed(ServerCallImpl.java:293)
	at org.apache.ratis.thirdparty.io.grpc.internal.ServerImpl$JumpToApplicationThreadServerStreamListener$1Closed.runInContext(ServerImpl.java:741)
	at org.apache.ratis.thirdparty.io.grpc.internal.ContextRunnable.run(ContextRunnable.java:37)
	at org.apache.ratis.thirdparty.io.grpc.internal.SerializingExecutor.run(SerializingExecutor.java:123)
	at java.util.concurrent.ThreadPoolExecutor.runWorker(ThreadPoolExecutor.java:1149)
	at java.util.concurrent.ThreadPoolExecutor$Worker.run(ThreadPoolExecutor.java:624)
	at java.lang.Thread.run(Thread.java:748)

Oct 02, 2019 5:53:42 AM org.apache.ratis.thirdparty.io.grpc.internal.SerializingExecutor run
SEVERE: Exception while executing runnable org.apache.ratis.thirdparty.io.grpc.internal.ServerImpl$JumpToApplicationThreadServerStreamListener$1Closed@4869236a
org.apache.ratis.thirdparty.io.grpc.StatusRuntimeException: CANCELLED: call already cancelled
	at org.apache.ratis.thirdparty.io.grpc.Status.asRuntimeException(Status.java:517)
	at org.apache.ratis.thirdparty.io.grpc.stub.ServerCalls$ServerCallStreamObserverImpl.onCompleted(ServerCalls.java:356)
	at org.apache.ratis.grpc.server.GrpcServerProtocolService$ServerRequestStreamObserver.onError(GrpcServerProtocolService.java:121)
	at org.apache.ratis.thirdparty.io.grpc.stub.ServerCalls$StreamingServerCallHandler$StreamingServerCallListener.onCancel(ServerCalls.java:269)
	at org.apache.ratis.thirdparty.io.grpc.internal.ServerCallImpl$ServerStreamListenerImpl.closed(ServerCallImpl.java:293)
	at org.apache.ratis.thirdparty.io.grpc.internal.ServerImpl$JumpToApplicationThreadServerStreamListener$1Closed.runInContext(ServerImpl.java:741)
	at org.apache.ratis.thirdparty.io.grpc.internal.ContextRunnable.run(ContextRunnable.java:37)
	at org.apache.ratis.thirdparty.io.grpc.internal.SerializingExecutor.run(SerializingExecutor.java:123)
	at java.util.concurrent.ThreadPoolExecutor.runWorker(ThreadPoolExecutor.java:1149)
	at java.util.concurrent.ThreadPoolExecutor$Worker.run(ThreadPoolExecutor.java:624)
	at java.lang.Thread.run(Thread.java:748)

]]></system-err>
  </testcase>
</testsuite>