<?xml version="1.0" encoding="UTF-8"?>
<testsuite xmlns:xsi="http://www.w3.org/2001/XMLSchema-instance" xsi:noNamespaceSchemaLocation="https://maven.apache.org/surefire/maven-surefire-plugin/xsd/surefire-test-report.xsd" name="org.apache.hadoop.ozone.client.rpc.Test2WayCommitInRatis" time="121.309" tests="1" errors="1" skipped="0" failures="0">
  <properties>
    <property name="awt.toolkit" value="sun.awt.X11.XToolkit"/>
    <property name="file.encoding.pkg" value="sun.io"/>
    <property name="java.specification.version" value="1.8"/>
    <property name="sun.cpu.isalist" value=""/>
    <property name="sun.jnu.encoding" value="UTF-8"/>
    <property name="java.class.path" value="/workdir/hadoop-ozone/integration-test/target/test-classes:/workdir/hadoop-ozone/integration-test/target/classes:/home/user/.m2/repository/org/apache/hadoop/hadoop-ozone-common/0.5.0-SNAPSHOT/hadoop-ozone-common-0.5.0-SNAPSHOT.jar:/home/user/.m2/repository/org/apache/commons/commons-compress/1.4.1/commons-compress-1.4.1.jar:/home/user/.m2/repository/org/tukaani/xz/1.0/xz-1.0.jar:/home/user/.m2/repository/org/apache/hadoop/hadoop-common/3.2.0/hadoop-common-3.2.0.jar:/home/user/.m2/repository/org/apache/hadoop/hadoop-hdfs/3.2.0/hadoop-hdfs-3.2.0.jar:/home/user/.m2/repository/org/apache/hadoop/hadoop-hdfs-client/3.2.0/hadoop-hdfs-client-3.2.0.jar:/home/user/.m2/repository/com/fasterxml/jackson/core/jackson-annotations/2.9.9/jackson-annotations-2.9.9.jar:/home/user/.m2/repository/org/apache/hadoop/hadoop-hdds-common/0.5.0-SNAPSHOT/hadoop-hdds-common-0.5.0-SNAPSHOT.jar:/home/user/.m2/repository/javax/annotation/javax.annotation-api/1.2/javax.annotation-api-1.2.jar:/home/user/.m2/repository/org/apache/ratis/ratis-server/0.4.0/ratis-server-0.4.0.jar:/home/user/.m2/repository/org/apache/ratis/ratis-thirdparty-misc/0.2.0/ratis-thirdparty-misc-0.2.0.jar:/home/user/.m2/repository/org/apache/ratis/ratis-proto/0.4.0/ratis-proto-0.4.0.jar:/home/user/.m2/repository/org/apache/ratis/ratis-common/0.4.0/ratis-common-0.4.0.jar:/home/user/.m2/repository/org/apache/ratis/ratis-client/0.4.0/ratis-client-0.4.0.jar:/home/user/.m2/repository/org/apache/ratis/ratis-metrics/0.4.0/ratis-metrics-0.4.0.jar:/home/user/.m2/repository/com/github/joshelser/dropwizard-metrics-hadoop-metrics2-reporter/0.1.2/dropwizard-metrics-hadoop-metrics2-reporter-0.1.2.jar:/home/user/.m2/repository/io/dropwizard/metrics/metrics-jvm/3.2.5/metrics-jvm-3.2.5.jar:/home/user/.m2/repository/io/dropwizard/metrics/metrics-ganglia/3.2.5/metrics-ganglia-3.2.5.jar:/home/user/.m2/repository/info/ganglia/gmetric4j/gmetric4j/1.0.7/gmetric4j-1.0.7.jar:/home/user/.m2/repository/org/apache/ratis/ratis-netty/0.4.0/ratis-netty-0.4.0.jar:/home/user/.m2/repository/org/apache/ratis/ratis-grpc/0.4.0/ratis-grpc-0.4.0.jar:/home/user/.m2/repository/org/rocksdb/rocksdbjni/6.0.1/rocksdbjni-6.0.1.jar:/home/user/.m2/repository/org/apache/logging/log4j/log4j-api/2.11.0/log4j-api-2.11.0.jar:/home/user/.m2/repository/org/apache/logging/log4j/log4j-core/2.11.0/log4j-core-2.11.0.jar:/home/user/.m2/repository/com/lmax/disruptor/3.4.2/disruptor-3.4.2.jar:/home/user/.m2/repository/org/apache/commons/commons-pool2/2.6.0/commons-pool2-2.6.0.jar:/home/user/.m2/repository/org/bouncycastle/bcpkix-jdk15on/1.60/bcpkix-jdk15on-1.60.jar:/home/user/.m2/repository/commons-validator/commons-validator/1.6/commons-validator-1.6.jar:/home/user/.m2/repository/commons-digester/commons-digester/1.8.1/commons-digester-1.8.1.jar:/home/user/.m2/repository/io/jaegertracing/jaeger-client/0.34.0/jaeger-client-0.34.0.jar:/home/user/.m2/repository/io/jaegertracing/jaeger-thrift/0.34.0/jaeger-thrift-0.34.0.jar:/home/user/.m2/repository/org/apache/thrift/libthrift/0.12.0/libthrift-0.12.0.jar:/home/user/.m2/repository/com/squareup/okhttp3/okhttp/3.9.0/okhttp-3.9.0.jar:/home/user/.m2/repository/com/squareup/okio/okio/1.13.0/okio-1.13.0.jar:/home/user/.m2/repository/io/jaegertracing/jaeger-core/0.34.0/jaeger-core-0.34.0.jar:/home/user/.m2/repository/io/jaegertracing/jaeger-tracerresolver/0.34.0/jaeger-tracerresolver-0.34.0.jar:/home/user/.m2/repository/io/opentracing/contrib/opentracing-tracerresolver/0.1.5/opentracing-tracerresolver-0.1.5.jar:/home/user/.m2/repository/io/opentracing/opentracing-util/0.31.0/opentracing-util-0.31.0.jar:/home/user/.m2/repository/io/opentracing/opentracing-api/0.31.0/opentracing-api-0.31.0.jar:/home/user/.m2/repository/io/opentracing/opentracing-noop/0.31.0/opentracing-noop-0.31.0.jar:/home/user/.m2/repository/org/apache/hadoop/hadoop-hdds-server-framework/0.5.0-SNAPSHOT/hadoop-hdds-server-framework-0.5.0-SNAPSHOT.jar:/home/user/.m2/repository/org/apache/hadoop/hadoop-hdds-container-service/0.5.0-SNAPSHOT/hadoop-hdds-container-service-0.5.0-SNAPSHOT.jar:/home/user/.m2/repository/org/apache/hadoop/hadoop-hdds-client/0.5.0-SNAPSHOT/hadoop-hdds-client-0.5.0-SNAPSHOT.jar:/home/user/.m2/repository/org/apache/hadoop/hadoop-hdds-tools/0.5.0-SNAPSHOT/hadoop-hdds-tools-0.5.0-SNAPSHOT.jar:/home/user/.m2/repository/org/apache/hadoop/hadoop-hdds-server-scm/0.5.0-SNAPSHOT/hadoop-hdds-server-scm-0.5.0-SNAPSHOT.jar:/home/user/.m2/repository/org/apache/hadoop/hadoop-hdds-docs/0.5.0-SNAPSHOT/hadoop-hdds-docs-0.5.0-SNAPSHOT.jar:/home/user/.m2/repository/io/dropwizard/metrics/metrics-core/3.2.4/metrics-core-3.2.4.jar:/home/user/.m2/repository/org/hamcrest/hamcrest-all/1.3/hamcrest-all-1.3.jar:/home/user/.m2/repository/org/bouncycastle/bcprov-jdk15on/1.60/bcprov-jdk15on-1.60.jar:/home/user/.m2/repository/info/picocli/picocli/3.9.6/picocli-3.9.6.jar:/home/user/.m2/repository/com/google/protobuf/protobuf-java/2.5.0/protobuf-java-2.5.0.jar:/home/user/.m2/repository/com/google/guava/guava/11.0.2/guava-11.0.2.jar:/home/user/.m2/repository/org/apache/hadoop/hadoop-ozone-ozone-manager/0.5.0-SNAPSHOT/hadoop-ozone-ozone-manager-0.5.0-SNAPSHOT.jar:/home/user/.m2/repository/org/apache/hadoop/hadoop-minikdc/3.2.0/hadoop-minikdc-3.2.0.jar:/home/user/.m2/repository/commons-io/commons-io/2.5/commons-io-2.5.jar:/home/user/.m2/repository/org/apache/kerby/kerb-simplekdc/1.0.1/kerb-simplekdc-1.0.1.jar:/home/user/.m2/repository/org/apache/kerby/kerb-client/1.0.1/kerb-client-1.0.1.jar:/home/user/.m2/repository/org/apache/kerby/kerby-config/1.0.1/kerby-config-1.0.1.jar:/home/user/.m2/repository/org/apache/kerby/kerb-core/1.0.1/kerb-core-1.0.1.jar:/home/user/.m2/repository/org/apache/kerby/kerby-pkix/1.0.1/kerby-pkix-1.0.1.jar:/home/user/.m2/repository/org/apache/kerby/kerby-asn1/1.0.1/kerby-asn1-1.0.1.jar:/home/user/.m2/repository/org/apache/kerby/kerby-util/1.0.1/kerby-util-1.0.1.jar:/home/user/.m2/repository/org/apache/kerby/kerb-common/1.0.1/kerb-common-1.0.1.jar:/home/user/.m2/repository/org/apache/kerby/kerb-crypto/1.0.1/kerb-crypto-1.0.1.jar:/home/user/.m2/repository/org/apache/kerby/kerb-util/1.0.1/kerb-util-1.0.1.jar:/home/user/.m2/repository/org/apache/kerby/token-provider/1.0.1/token-provider-1.0.1.jar:/home/user/.m2/repository/org/apache/kerby/kerb-admin/1.0.1/kerb-admin-1.0.1.jar:/home/user/.m2/repository/org/apache/kerby/kerb-server/1.0.1/kerb-server-1.0.1.jar:/home/user/.m2/repository/org/apache/kerby/kerb-identity/1.0.1/kerb-identity-1.0.1.jar:/home/user/.m2/repository/org/apache/kerby/kerby-xdr/1.0.1/kerby-xdr-1.0.1.jar:/home/user/.m2/repository/org/slf4j/slf4j-log4j12/1.7.25/slf4j-log4j12-1.7.25.jar:/home/user/.m2/repository/org/apache/hadoop/hadoop-ozone-s3gateway/0.5.0-SNAPSHOT/hadoop-ozone-s3gateway-0.5.0-SNAPSHOT.jar:/home/user/.m2/repository/org/jboss/weld/servlet/weld-servlet/2.4.7.Final/weld-servlet-2.4.7.Final.jar:/home/user/.m2/repository/org/glassfish/jersey/containers/jersey-container-servlet-core/2.27/jersey-container-servlet-core-2.27.jar:/home/user/.m2/repository/org/glassfish/hk2/external/javax.inject/2.5.0-b42/javax.inject-2.5.0-b42.jar:/home/user/.m2/repository/org/glassfish/jersey/core/jersey-common/2.27/jersey-common-2.27.jar:/home/user/.m2/repository/org/glassfish/hk2/osgi-resource-locator/1.0.1/osgi-resource-locator-1.0.1.jar:/home/user/.m2/repository/javax/ws/rs/javax.ws.rs-api/2.1/javax.ws.rs-api-2.1.jar:/home/user/.m2/repository/org/glassfish/jersey/ext/cdi/jersey-cdi1x/2.27/jersey-cdi1x-2.27.jar:/home/user/.m2/repository/org/glassfish/jersey/inject/jersey-hk2/2.27/jersey-hk2-2.27.jar:/home/user/.m2/repository/org/glassfish/hk2/hk2-locator/2.5.0-b42/hk2-locator-2.5.0-b42.jar:/home/user/.m2/repository/org/javassist/javassist/3.22.0-CR2/javassist-3.22.0-CR2.jar:/home/user/.m2/repository/org/glassfish/hk2/hk2-api/2.5.0/hk2-api-2.5.0.jar:/home/user/.m2/repository/org/glassfish/hk2/external/jakarta.inject/2.5.0/jakarta.inject-2.5.0.jar:/home/user/.m2/repository/org/glassfish/hk2/hk2-utils/2.5.0/hk2-utils-2.5.0.jar:/home/user/.m2/repository/jakarta/annotation/jakarta.annotation-api/1.3.4/jakarta.annotation-api-1.3.4.jar:/home/user/.m2/repository/org/glassfish/hk2/external/aopalliance-repackaged/2.5.0/aopalliance-repackaged-2.5.0.jar:/home/user/.m2/repository/com/fasterxml/jackson/dataformat/jackson-dataformat-xml/2.9.0/jackson-dataformat-xml-2.9.0.jar:/home/user/.m2/repository/com/fasterxml/jackson/core/jackson-core/2.9.9/jackson-core-2.9.9.jar:/home/user/.m2/repository/com/fasterxml/jackson/module/jackson-module-jaxb-annotations/2.9.9/jackson-module-jaxb-annotations-2.9.9.jar:/home/user/.m2/repository/javax/enterprise/cdi-api/1.2/cdi-api-1.2.jar:/home/user/.m2/repository/javax/el/javax.el-api/3.0.0/javax.el-api-3.0.0.jar:/home/user/.m2/repository/javax/interceptor/javax.interceptor-api/1.2/javax.interceptor-api-1.2.jar:/home/user/.m2/repository/javax/inject/javax.inject/1/javax.inject-1.jar:/home/user/.m2/repository/com/sun/xml/bind/jaxb-impl/2.3.0.1/jaxb-impl-2.3.0.1.jar:/home/user/.m2/repository/com/sun/xml/bind/jaxb-core/2.3.0.1/jaxb-core-2.3.0.1.jar:/home/user/.m2/repository/javax/xml/bind/jaxb-api/2.3.0/jaxb-api-2.3.0.jar:/home/user/.m2/repository/javax/activation/activation/1.1.1/activation-1.1.1.jar:/home/user/.m2/repository/org/apache/hadoop/hadoop-ozone-csi/0.5.0-SNAPSHOT/hadoop-ozone-csi-0.5.0-SNAPSHOT.jar:/home/user/.m2/repository/com/google/protobuf/protobuf-java-util/3.5.1/protobuf-java-util-3.5.1.jar:/home/user/.m2/repository/org/apache/hadoop/hadoop-hdds-config/0.5.0-SNAPSHOT/hadoop-hdds-config-0.5.0-SNAPSHOT.jar:/home/user/.m2/repository/io/grpc/grpc-netty/1.17.1/grpc-netty-1.17.1.jar:/home/user/.m2/repository/io/grpc/grpc-core/1.17.1/grpc-core-1.17.1.jar:/home/user/.m2/repository/io/grpc/grpc-context/1.17.1/grpc-context-1.17.1.jar:/home/user/.m2/repository/com/google/errorprone/error_prone_annotations/2.2.0/error_prone_annotations-2.2.0.jar:/home/user/.m2/repository/org/codehaus/mojo/animal-sniffer-annotations/1.17/animal-sniffer-annotations-1.17.jar:/home/user/.m2/repository/io/opencensus/opencensus-api/0.17.0/opencensus-api-0.17.0.jar:/home/user/.m2/repository/io/opencensus/opencensus-contrib-grpc-metrics/0.17.0/opencensus-contrib-grpc-metrics-0.17.0.jar:/home/user/.m2/repository/io/netty/netty-codec-http2/4.1.30.Final/netty-codec-http2-4.1.30.Final.jar:/home/user/.m2/repository/io/netty/netty-codec-http/4.1.30.Final/netty-codec-http-4.1.30.Final.jar:/home/user/.m2/repository/io/netty/netty-codec/4.1.30.Final/netty-codec-4.1.30.Final.jar:/home/user/.m2/repository/io/netty/netty-handler/4.1.30.Final/netty-handler-4.1.30.Final.jar:/home/user/.m2/repository/io/netty/netty-handler-proxy/4.1.30.Final/netty-handler-proxy-4.1.30.Final.jar:/home/user/.m2/repository/io/netty/netty-codec-socks/4.1.30.Final/netty-codec-socks-4.1.30.Final.jar:/home/user/.m2/repository/io/netty/netty-transport-native-epoll/4.1.30.Final/netty-transport-native-epoll-4.1.30.Final.jar:/home/user/.m2/repository/io/netty/netty-common/4.1.30.Final/netty-common-4.1.30.Final.jar:/home/user/.m2/repository/io/netty/netty-buffer/4.1.30.Final/netty-buffer-4.1.30.Final.jar:/home/user/.m2/repository/io/netty/netty-transport/4.1.30.Final/netty-transport-4.1.30.Final.jar:/home/user/.m2/repository/io/netty/netty-resolver/4.1.30.Final/netty-resolver-4.1.30.Final.jar:/home/user/.m2/repository/io/netty/netty-transport-native-unix-common/4.1.30.Final/netty-transport-native-unix-common-4.1.30.Final.jar:/home/user/.m2/repository/io/grpc/grpc-protobuf/1.17.1/grpc-protobuf-1.17.1.jar:/home/user/.m2/repository/com/google/api/grpc/proto-google-common-protos/1.0.0/proto-google-common-protos-1.0.0.jar:/home/user/.m2/repository/io/grpc/grpc-protobuf-lite/1.17.1/grpc-protobuf-lite-1.17.1.jar:/home/user/.m2/repository/io/grpc/grpc-stub/1.17.1/grpc-stub-1.17.1.jar:/home/user/.m2/repository/org/apache/hadoop/hadoop-ozone-recon/0.5.0-SNAPSHOT/hadoop-ozone-recon-0.5.0-SNAPSHOT.jar:/home/user/.m2/repository/org/apache/hadoop/hadoop-ozone-reconcodegen/0.5.0-SNAPSHOT/hadoop-ozone-reconcodegen-0.5.0-SNAPSHOT.jar:/home/user/.m2/repository/com/google/inject/extensions/guice-multibindings/4.0/guice-multibindings-4.0.jar:/home/user/.m2/repository/com/google/inject/guice/4.0/guice-4.0.jar:/home/user/.m2/repository/aopalliance/aopalliance/1.0/aopalliance-1.0.jar:/home/user/.m2/repository/com/google/inject/extensions/guice-servlet/4.0/guice-servlet-4.0.jar:/home/user/.m2/repository/org/glassfish/jersey/containers/jersey-container-servlet/2.27/jersey-container-servlet-2.27.jar:/home/user/.m2/repository/org/glassfish/hk2/guice-bridge/2.5.0/guice-bridge-2.5.0.jar:/home/user/.m2/repository/org/glassfish/jersey/core/jersey-server/2.27/jersey-server-2.27.jar:/home/user/.m2/repository/org/glassfish/jersey/core/jersey-client/2.27/jersey-client-2.27.jar:/home/user/.m2/repository/org/glassfish/jersey/media/jersey-media-jaxb/2.27/jersey-media-jaxb-2.27.jar:/home/user/.m2/repository/javax/validation/validation-api/1.1.0.Final/validation-api-1.1.0.Final.jar:/home/user/.m2/repository/org/glassfish/jersey/media/jersey-media-json-jackson/2.27/jersey-media-json-jackson-2.27.jar:/home/user/.m2/repository/org/glassfish/jersey/ext/jersey-entity-filtering/2.27/jersey-entity-filtering-2.27.jar:/home/user/.m2/repository/com/google/inject/extensions/guice-assistedinject/4.0/guice-assistedinject-4.0.jar:/home/user/.m2/repository/org/jooq/jooq/3.11.10/jooq-3.11.10.jar:/home/user/.m2/repository/org/jooq/jooq-meta/3.11.10/jooq-meta-3.11.10.jar:/home/user/.m2/repository/org/jooq/jooq-codegen/3.11.10/jooq-codegen-3.11.10.jar:/home/user/.m2/repository/com/jolbox/bonecp/0.8.0.RELEASE/bonecp-0.8.0.RELEASE.jar:/home/user/.m2/repository/org/xerial/sqlite-jdbc/3.25.2/sqlite-jdbc-3.25.2.jar:/home/user/.m2/repository/org/springframework/spring-jdbc/5.1.3.RELEASE/spring-jdbc-5.1.3.RELEASE.jar:/home/user/.m2/repository/org/springframework/spring-beans/5.1.3.RELEASE/spring-beans-5.1.3.RELEASE.jar:/home/user/.m2/repository/org/springframework/spring-core/5.1.3.RELEASE/spring-core-5.1.3.RELEASE.jar:/home/user/.m2/repository/org/springframework/spring-jcl/5.1.3.RELEASE/spring-jcl-5.1.3.RELEASE.jar:/home/user/.m2/repository/org/springframework/spring-tx/5.1.3.RELEASE/spring-tx-5.1.3.RELEASE.jar:/home/user/.m2/repository/org/apache/hadoop/hadoop-ozone-client/0.5.0-SNAPSHOT/hadoop-ozone-client-0.5.0-SNAPSHOT.jar:/home/user/.m2/repository/commons-lang/commons-lang/2.6/commons-lang-2.6.jar:/home/user/.m2/repository/org/apache/hadoop/hadoop-ozone-ozone-manager/0.5.0-SNAPSHOT/hadoop-ozone-ozone-manager-0.5.0-SNAPSHOT-tests.jar:/home/user/.m2/repository/junit/junit/4.11/junit-4.11.jar:/home/user/.m2/repository/org/hamcrest/hamcrest-core/1.3/hamcrest-core-1.3.jar:/home/user/.m2/repository/org/openjdk/jmh/jmh-core/1.19/jmh-core-1.19.jar:/home/user/.m2/repository/net/sf/jopt-simple/jopt-simple/4.6/jopt-simple-4.6.jar:/home/user/.m2/repository/org/apache/commons/commons-math3/3.1.1/commons-math3-3.1.1.jar:/home/user/.m2/repository/org/openjdk/jmh/jmh-generator-annprocess/1.19/jmh-generator-annprocess-1.19.jar:/home/user/.m2/repository/org/mockito/mockito-all/1.8.5/mockito-all-1.8.5.jar:/home/user/.m2/repository/org/apache/hadoop/hadoop-kms/3.2.0/hadoop-kms-3.2.0.jar:/home/user/.m2/repository/org/apache/hadoop/hadoop-auth/3.2.0/hadoop-auth-3.2.0.jar:/home/user/.m2/repository/com/nimbusds/nimbus-jose-jwt/4.41.1/nimbus-jose-jwt-4.41.1.jar:/home/user/.m2/repository/com/github/stephenc/jcip/jcip-annotations/1.0-1/jcip-annotations-1.0-1.jar:/home/user/.m2/repository/net/minidev/json-smart/2.3/json-smart-2.3.jar:/home/user/.m2/repository/net/minidev/accessors-smart/1.2/accessors-smart-1.2.jar:/home/user/.m2/repository/org/ow2/asm/asm/5.0.4/asm-5.0.4.jar:/home/user/.m2/repository/org/apache/curator/curator-framework/2.12.0/curator-framework-2.12.0.jar:/home/user/.m2/repository/com/sun/jersey/jersey-core/1.19/jersey-core-1.19.jar:/home/user/.m2/repository/javax/ws/rs/jsr311-api/1.1.1/jsr311-api-1.1.1.jar:/home/user/.m2/repository/com/sun/jersey/jersey-server/1.19/jersey-server-1.19.jar:/home/user/.m2/repository/javax/servlet/javax.servlet-api/3.1.0/javax.servlet-api-3.1.0.jar:/home/user/.m2/repository/org/eclipse/jetty/jetty-server/9.3.25.v20180904/jetty-server-9.3.25.v20180904.jar:/home/user/.m2/repository/org/eclipse/jetty/jetty-http/9.3.25.v20180904/jetty-http-9.3.25.v20180904.jar:/home/user/.m2/repository/org/eclipse/jetty/jetty-io/9.3.25.v20180904/jetty-io-9.3.25.v20180904.jar:/home/user/.m2/repository/org/eclipse/jetty/jetty-webapp/9.3.25.v20180904/jetty-webapp-9.3.25.v20180904.jar:/home/user/.m2/repository/org/eclipse/jetty/jetty-xml/9.3.25.v20180904/jetty-xml-9.3.25.v20180904.jar:/home/user/.m2/repository/log4j/log4j/1.2.17/log4j-1.2.17.jar:/home/user/.m2/repository/org/slf4j/slf4j-api/1.7.25/slf4j-api-1.7.25.jar:/home/user/.m2/repository/org/slf4j/jul-to-slf4j/1.7.25/jul-to-slf4j-1.7.25.jar:/home/user/.m2/repository/org/eclipse/jetty/jetty-util/9.3.25.v20180904/jetty-util-9.3.25.v20180904.jar:/home/user/.m2/repository/com/fasterxml/jackson/core/jackson-databind/2.9.9/jackson-databind-2.9.9.jar:/home/user/.m2/repository/org/apache/hadoop/hadoop-kms/3.2.0/hadoop-kms-3.2.0-tests.jar:/home/user/.m2/repository/org/apache/hadoop/hadoop-hdds-server-scm/0.5.0-SNAPSHOT/hadoop-hdds-server-scm-0.5.0-SNAPSHOT-tests.jar:/home/user/.m2/repository/org/apache/hadoop/hadoop-hdds-container-service/0.5.0-SNAPSHOT/hadoop-hdds-container-service-0.5.0-SNAPSHOT-tests.jar:/home/user/.m2/repository/org/yaml/snakeyaml/1.16/snakeyaml-1.16.jar:/home/user/.m2/repository/org/apache/hadoop/hadoop-common/3.2.0/hadoop-common-3.2.0-tests.jar:/home/user/.m2/repository/org/apache/hadoop/hadoop-annotations/3.2.0/hadoop-annotations-3.2.0.jar:/usr/lib/jvm/java-1.8-openjdk/jre/../lib/tools.jar:/home/user/.m2/repository/commons-cli/commons-cli/1.2/commons-cli-1.2.jar:/home/user/.m2/repository/org/apache/httpcomponents/httpclient/4.5.2/httpclient-4.5.2.jar:/home/user/.m2/repository/org/apache/httpcomponents/httpcore/4.4.4/httpcore-4.4.4.jar:/home/user/.m2/repository/commons-codec/commons-codec/1.11/commons-codec-1.11.jar:/home/user/.m2/repository/commons-net/commons-net/3.6/commons-net-3.6.jar:/home/user/.m2/repository/commons-collections/commons-collections/3.2.2/commons-collections-3.2.2.jar:/home/user/.m2/repository/org/eclipse/jetty/jetty-servlet/9.3.25.v20180904/jetty-servlet-9.3.25.v20180904.jar:/home/user/.m2/repository/org/eclipse/jetty/jetty-security/9.3.25.v20180904/jetty-security-9.3.25.v20180904.jar:/home/user/.m2/repository/javax/servlet/jsp/jsp-api/2.1/jsp-api-2.1.jar:/home/user/.m2/repository/com/sun/jersey/jersey-servlet/1.19/jersey-servlet-1.19.jar:/home/user/.m2/repository/com/sun/jersey/jersey-json/1.19/jersey-json-1.19.jar:/home/user/.m2/repository/org/codehaus/jettison/jettison/1.1/jettison-1.1.jar:/home/user/.m2/repository/org/codehaus/jackson/jackson-core-asl/1.9.13/jackson-core-asl-1.9.13.jar:/home/user/.m2/repository/org/codehaus/jackson/jackson-mapper-asl/1.9.13/jackson-mapper-asl-1.9.13.jar:/home/user/.m2/repository/org/codehaus/jackson/jackson-jaxrs/1.9.13/jackson-jaxrs-1.9.13.jar:/home/user/.m2/repository/org/codehaus/jackson/jackson-xc/1.9.13/jackson-xc-1.9.13.jar:/home/user/.m2/repository/commons-logging/commons-logging/1.1.3/commons-logging-1.1.3.jar:/home/user/.m2/repository/commons-beanutils/commons-beanutils/1.9.4/commons-beanutils-1.9.4.jar:/home/user/.m2/repository/org/apache/commons/commons-configuration2/2.1.1/commons-configuration2-2.1.1.jar:/home/user/.m2/repository/org/apache/commons/commons-lang3/3.7/commons-lang3-3.7.jar:/home/user/.m2/repository/org/apache/commons/commons-text/1.4/commons-text-1.4.jar:/home/user/.m2/repository/org/apache/avro/avro/1.7.7/avro-1.7.7.jar:/home/user/.m2/repository/com/thoughtworks/paranamer/paranamer/2.3/paranamer-2.3.jar:/home/user/.m2/repository/org/xerial/snappy/snappy-java/1.0.5/snappy-java-1.0.5.jar:/home/user/.m2/repository/com/google/re2j/re2j/1.1/re2j-1.1.jar:/home/user/.m2/repository/com/google/code/gson/gson/2.2.4/gson-2.2.4.jar:/home/user/.m2/repository/com/jcraft/jsch/0.1.54/jsch-0.1.54.jar:/home/user/.m2/repository/org/apache/curator/curator-client/2.12.0/curator-client-2.12.0.jar:/home/user/.m2/repository/org/apache/curator/curator-recipes/2.12.0/curator-recipes-2.12.0.jar:/home/user/.m2/repository/com/google/code/findbugs/jsr305/3.0.0/jsr305-3.0.0.jar:/home/user/.m2/repository/org/apache/htrace/htrace-core4/4.1.0-incubating/htrace-core4-4.1.0-incubating.jar:/home/user/.m2/repository/org/apache/zookeeper/zookeeper/3.4.13/zookeeper-3.4.13.jar:/home/user/.m2/repository/jline/jline/0.9.94/jline-0.9.94.jar:/home/user/.m2/repository/org/apache/yetus/audience-annotations/0.5.0/audience-annotations-0.5.0.jar:/home/user/.m2/repository/org/codehaus/woodstox/stax2-api/3.1.4/stax2-api-3.1.4.jar:/home/user/.m2/repository/com/fasterxml/woodstox/woodstox-core/5.0.3/woodstox-core-5.0.3.jar:/home/user/.m2/repository/dnsjava/dnsjava/2.1.7/dnsjava-2.1.7.jar:/home/user/.m2/repository/org/apache/hadoop/hadoop-hdfs/3.2.0/hadoop-hdfs-3.2.0-tests.jar:/home/user/.m2/repository/org/eclipse/jetty/jetty-util-ajax/9.3.25.v20180904/jetty-util-ajax-9.3.25.v20180904.jar:/home/user/.m2/repository/commons-daemon/commons-daemon/1.0.13/commons-daemon-1.0.13.jar:/home/user/.m2/repository/io/netty/netty/3.10.5.Final/netty-3.10.5.Final.jar:/home/user/.m2/repository/io/netty/netty-all/4.0.52.Final/netty-all-4.0.52.Final.jar:/home/user/.m2/repository/org/fusesource/leveldbjni/leveldbjni-all/1.8/leveldbjni-all-1.8.jar:"/>
    <property name="java.vm.vendor" value="IcedTea"/>
    <property name="sun.arch.data.model" value="64"/>
    <property name="test.build.dir" value="/workdir/hadoop-ozone/integration-test/target/test-dir"/>
    <property name="test.cache.data" value=""/>
    <property name="java.vendor.url" value="https://icedtea.classpath.org"/>
    <property name="user.timezone" value=""/>
    <property name="java.vm.specification.version" value="1.8"/>
    <property name="os.name" value="Linux"/>
    <property name="test.build.data" value="/workdir/hadoop-ozone/integration-test/target/test-dir"/>
    <property name="user.country" value="US"/>
    <property name="sun.java.launcher" value="SUN_STANDARD"/>
    <property name="sun.boot.library.path" value="/usr/lib/jvm/java-1.8-openjdk/jre/lib/amd64"/>
    <property name="sun.java.command" value="/workdir/hadoop-ozone/integration-test/target/surefire/surefirebooter2885603902184293417.jar /workdir/hadoop-ozone/integration-test/target/surefire 2019-09-28T00-05-52_052-jvmRun1 surefire9122761212307329743tmp surefire_628579833382943701621tmp"/>
    <property name="test" value="!TestMiniChaosOzoneCluster"/>
    <property name="surefire.test.class.path" value="/workdir/hadoop-ozone/integration-test/target/test-classes:/workdir/hadoop-ozone/integration-test/target/classes:/home/user/.m2/repository/org/apache/hadoop/hadoop-ozone-common/0.5.0-SNAPSHOT/hadoop-ozone-common-0.5.0-SNAPSHOT.jar:/home/user/.m2/repository/org/apache/commons/commons-compress/1.4.1/commons-compress-1.4.1.jar:/home/user/.m2/repository/org/tukaani/xz/1.0/xz-1.0.jar:/home/user/.m2/repository/org/apache/hadoop/hadoop-common/3.2.0/hadoop-common-3.2.0.jar:/home/user/.m2/repository/org/apache/hadoop/hadoop-hdfs/3.2.0/hadoop-hdfs-3.2.0.jar:/home/user/.m2/repository/org/apache/hadoop/hadoop-hdfs-client/3.2.0/hadoop-hdfs-client-3.2.0.jar:/home/user/.m2/repository/com/fasterxml/jackson/core/jackson-annotations/2.9.9/jackson-annotations-2.9.9.jar:/home/user/.m2/repository/org/apache/hadoop/hadoop-hdds-common/0.5.0-SNAPSHOT/hadoop-hdds-common-0.5.0-SNAPSHOT.jar:/home/user/.m2/repository/javax/annotation/javax.annotation-api/1.2/javax.annotation-api-1.2.jar:/home/user/.m2/repository/org/apache/ratis/ratis-server/0.4.0/ratis-server-0.4.0.jar:/home/user/.m2/repository/org/apache/ratis/ratis-thirdparty-misc/0.2.0/ratis-thirdparty-misc-0.2.0.jar:/home/user/.m2/repository/org/apache/ratis/ratis-proto/0.4.0/ratis-proto-0.4.0.jar:/home/user/.m2/repository/org/apache/ratis/ratis-common/0.4.0/ratis-common-0.4.0.jar:/home/user/.m2/repository/org/apache/ratis/ratis-client/0.4.0/ratis-client-0.4.0.jar:/home/user/.m2/repository/org/apache/ratis/ratis-metrics/0.4.0/ratis-metrics-0.4.0.jar:/home/user/.m2/repository/com/github/joshelser/dropwizard-metrics-hadoop-metrics2-reporter/0.1.2/dropwizard-metrics-hadoop-metrics2-reporter-0.1.2.jar:/home/user/.m2/repository/io/dropwizard/metrics/metrics-jvm/3.2.5/metrics-jvm-3.2.5.jar:/home/user/.m2/repository/io/dropwizard/metrics/metrics-ganglia/3.2.5/metrics-ganglia-3.2.5.jar:/home/user/.m2/repository/info/ganglia/gmetric4j/gmetric4j/1.0.7/gmetric4j-1.0.7.jar:/home/user/.m2/repository/org/apache/ratis/ratis-netty/0.4.0/ratis-netty-0.4.0.jar:/home/user/.m2/repository/org/apache/ratis/ratis-grpc/0.4.0/ratis-grpc-0.4.0.jar:/home/user/.m2/repository/org/rocksdb/rocksdbjni/6.0.1/rocksdbjni-6.0.1.jar:/home/user/.m2/repository/org/apache/logging/log4j/log4j-api/2.11.0/log4j-api-2.11.0.jar:/home/user/.m2/repository/org/apache/logging/log4j/log4j-core/2.11.0/log4j-core-2.11.0.jar:/home/user/.m2/repository/com/lmax/disruptor/3.4.2/disruptor-3.4.2.jar:/home/user/.m2/repository/org/apache/commons/commons-pool2/2.6.0/commons-pool2-2.6.0.jar:/home/user/.m2/repository/org/bouncycastle/bcpkix-jdk15on/1.60/bcpkix-jdk15on-1.60.jar:/home/user/.m2/repository/commons-validator/commons-validator/1.6/commons-validator-1.6.jar:/home/user/.m2/repository/commons-digester/commons-digester/1.8.1/commons-digester-1.8.1.jar:/home/user/.m2/repository/io/jaegertracing/jaeger-client/0.34.0/jaeger-client-0.34.0.jar:/home/user/.m2/repository/io/jaegertracing/jaeger-thrift/0.34.0/jaeger-thrift-0.34.0.jar:/home/user/.m2/repository/org/apache/thrift/libthrift/0.12.0/libthrift-0.12.0.jar:/home/user/.m2/repository/com/squareup/okhttp3/okhttp/3.9.0/okhttp-3.9.0.jar:/home/user/.m2/repository/com/squareup/okio/okio/1.13.0/okio-1.13.0.jar:/home/user/.m2/repository/io/jaegertracing/jaeger-core/0.34.0/jaeger-core-0.34.0.jar:/home/user/.m2/repository/io/jaegertracing/jaeger-tracerresolver/0.34.0/jaeger-tracerresolver-0.34.0.jar:/home/user/.m2/repository/io/opentracing/contrib/opentracing-tracerresolver/0.1.5/opentracing-tracerresolver-0.1.5.jar:/home/user/.m2/repository/io/opentracing/opentracing-util/0.31.0/opentracing-util-0.31.0.jar:/home/user/.m2/repository/io/opentracing/opentracing-api/0.31.0/opentracing-api-0.31.0.jar:/home/user/.m2/repository/io/opentracing/opentracing-noop/0.31.0/opentracing-noop-0.31.0.jar:/home/user/.m2/repository/org/apache/hadoop/hadoop-hdds-server-framework/0.5.0-SNAPSHOT/hadoop-hdds-server-framework-0.5.0-SNAPSHOT.jar:/home/user/.m2/repository/org/apache/hadoop/hadoop-hdds-container-service/0.5.0-SNAPSHOT/hadoop-hdds-container-service-0.5.0-SNAPSHOT.jar:/home/user/.m2/repository/org/apache/hadoop/hadoop-hdds-client/0.5.0-SNAPSHOT/hadoop-hdds-client-0.5.0-SNAPSHOT.jar:/home/user/.m2/repository/org/apache/hadoop/hadoop-hdds-tools/0.5.0-SNAPSHOT/hadoop-hdds-tools-0.5.0-SNAPSHOT.jar:/home/user/.m2/repository/org/apache/hadoop/hadoop-hdds-server-scm/0.5.0-SNAPSHOT/hadoop-hdds-server-scm-0.5.0-SNAPSHOT.jar:/home/user/.m2/repository/org/apache/hadoop/hadoop-hdds-docs/0.5.0-SNAPSHOT/hadoop-hdds-docs-0.5.0-SNAPSHOT.jar:/home/user/.m2/repository/io/dropwizard/metrics/metrics-core/3.2.4/metrics-core-3.2.4.jar:/home/user/.m2/repository/org/hamcrest/hamcrest-all/1.3/hamcrest-all-1.3.jar:/home/user/.m2/repository/org/bouncycastle/bcprov-jdk15on/1.60/bcprov-jdk15on-1.60.jar:/home/user/.m2/repository/info/picocli/picocli/3.9.6/picocli-3.9.6.jar:/home/user/.m2/repository/com/google/protobuf/protobuf-java/2.5.0/protobuf-java-2.5.0.jar:/home/user/.m2/repository/com/google/guava/guava/11.0.2/guava-11.0.2.jar:/home/user/.m2/repository/org/apache/hadoop/hadoop-ozone-ozone-manager/0.5.0-SNAPSHOT/hadoop-ozone-ozone-manager-0.5.0-SNAPSHOT.jar:/home/user/.m2/repository/org/apache/hadoop/hadoop-minikdc/3.2.0/hadoop-minikdc-3.2.0.jar:/home/user/.m2/repository/commons-io/commons-io/2.5/commons-io-2.5.jar:/home/user/.m2/repository/org/apache/kerby/kerb-simplekdc/1.0.1/kerb-simplekdc-1.0.1.jar:/home/user/.m2/repository/org/apache/kerby/kerb-client/1.0.1/kerb-client-1.0.1.jar:/home/user/.m2/repository/org/apache/kerby/kerby-config/1.0.1/kerby-config-1.0.1.jar:/home/user/.m2/repository/org/apache/kerby/kerb-core/1.0.1/kerb-core-1.0.1.jar:/home/user/.m2/repository/org/apache/kerby/kerby-pkix/1.0.1/kerby-pkix-1.0.1.jar:/home/user/.m2/repository/org/apache/kerby/kerby-asn1/1.0.1/kerby-asn1-1.0.1.jar:/home/user/.m2/repository/org/apache/kerby/kerby-util/1.0.1/kerby-util-1.0.1.jar:/home/user/.m2/repository/org/apache/kerby/kerb-common/1.0.1/kerb-common-1.0.1.jar:/home/user/.m2/repository/org/apache/kerby/kerb-crypto/1.0.1/kerb-crypto-1.0.1.jar:/home/user/.m2/repository/org/apache/kerby/kerb-util/1.0.1/kerb-util-1.0.1.jar:/home/user/.m2/repository/org/apache/kerby/token-provider/1.0.1/token-provider-1.0.1.jar:/home/user/.m2/repository/org/apache/kerby/kerb-admin/1.0.1/kerb-admin-1.0.1.jar:/home/user/.m2/repository/org/apache/kerby/kerb-server/1.0.1/kerb-server-1.0.1.jar:/home/user/.m2/repository/org/apache/kerby/kerb-identity/1.0.1/kerb-identity-1.0.1.jar:/home/user/.m2/repository/org/apache/kerby/kerby-xdr/1.0.1/kerby-xdr-1.0.1.jar:/home/user/.m2/repository/org/slf4j/slf4j-log4j12/1.7.25/slf4j-log4j12-1.7.25.jar:/home/user/.m2/repository/org/apache/hadoop/hadoop-ozone-s3gateway/0.5.0-SNAPSHOT/hadoop-ozone-s3gateway-0.5.0-SNAPSHOT.jar:/home/user/.m2/repository/org/jboss/weld/servlet/weld-servlet/2.4.7.Final/weld-servlet-2.4.7.Final.jar:/home/user/.m2/repository/org/glassfish/jersey/containers/jersey-container-servlet-core/2.27/jersey-container-servlet-core-2.27.jar:/home/user/.m2/repository/org/glassfish/hk2/external/javax.inject/2.5.0-b42/javax.inject-2.5.0-b42.jar:/home/user/.m2/repository/org/glassfish/jersey/core/jersey-common/2.27/jersey-common-2.27.jar:/home/user/.m2/repository/org/glassfish/hk2/osgi-resource-locator/1.0.1/osgi-resource-locator-1.0.1.jar:/home/user/.m2/repository/javax/ws/rs/javax.ws.rs-api/2.1/javax.ws.rs-api-2.1.jar:/home/user/.m2/repository/org/glassfish/jersey/ext/cdi/jersey-cdi1x/2.27/jersey-cdi1x-2.27.jar:/home/user/.m2/repository/org/glassfish/jersey/inject/jersey-hk2/2.27/jersey-hk2-2.27.jar:/home/user/.m2/repository/org/glassfish/hk2/hk2-locator/2.5.0-b42/hk2-locator-2.5.0-b42.jar:/home/user/.m2/repository/org/javassist/javassist/3.22.0-CR2/javassist-3.22.0-CR2.jar:/home/user/.m2/repository/org/glassfish/hk2/hk2-api/2.5.0/hk2-api-2.5.0.jar:/home/user/.m2/repository/org/glassfish/hk2/external/jakarta.inject/2.5.0/jakarta.inject-2.5.0.jar:/home/user/.m2/repository/org/glassfish/hk2/hk2-utils/2.5.0/hk2-utils-2.5.0.jar:/home/user/.m2/repository/jakarta/annotation/jakarta.annotation-api/1.3.4/jakarta.annotation-api-1.3.4.jar:/home/user/.m2/repository/org/glassfish/hk2/external/aopalliance-repackaged/2.5.0/aopalliance-repackaged-2.5.0.jar:/home/user/.m2/repository/com/fasterxml/jackson/dataformat/jackson-dataformat-xml/2.9.0/jackson-dataformat-xml-2.9.0.jar:/home/user/.m2/repository/com/fasterxml/jackson/core/jackson-core/2.9.9/jackson-core-2.9.9.jar:/home/user/.m2/repository/com/fasterxml/jackson/module/jackson-module-jaxb-annotations/2.9.9/jackson-module-jaxb-annotations-2.9.9.jar:/home/user/.m2/repository/javax/enterprise/cdi-api/1.2/cdi-api-1.2.jar:/home/user/.m2/repository/javax/el/javax.el-api/3.0.0/javax.el-api-3.0.0.jar:/home/user/.m2/repository/javax/interceptor/javax.interceptor-api/1.2/javax.interceptor-api-1.2.jar:/home/user/.m2/repository/javax/inject/javax.inject/1/javax.inject-1.jar:/home/user/.m2/repository/com/sun/xml/bind/jaxb-impl/2.3.0.1/jaxb-impl-2.3.0.1.jar:/home/user/.m2/repository/com/sun/xml/bind/jaxb-core/2.3.0.1/jaxb-core-2.3.0.1.jar:/home/user/.m2/repository/javax/xml/bind/jaxb-api/2.3.0/jaxb-api-2.3.0.jar:/home/user/.m2/repository/javax/activation/activation/1.1.1/activation-1.1.1.jar:/home/user/.m2/repository/org/apache/hadoop/hadoop-ozone-csi/0.5.0-SNAPSHOT/hadoop-ozone-csi-0.5.0-SNAPSHOT.jar:/home/user/.m2/repository/com/google/protobuf/protobuf-java-util/3.5.1/protobuf-java-util-3.5.1.jar:/home/user/.m2/repository/org/apache/hadoop/hadoop-hdds-config/0.5.0-SNAPSHOT/hadoop-hdds-config-0.5.0-SNAPSHOT.jar:/home/user/.m2/repository/io/grpc/grpc-netty/1.17.1/grpc-netty-1.17.1.jar:/home/user/.m2/repository/io/grpc/grpc-core/1.17.1/grpc-core-1.17.1.jar:/home/user/.m2/repository/io/grpc/grpc-context/1.17.1/grpc-context-1.17.1.jar:/home/user/.m2/repository/com/google/errorprone/error_prone_annotations/2.2.0/error_prone_annotations-2.2.0.jar:/home/user/.m2/repository/org/codehaus/mojo/animal-sniffer-annotations/1.17/animal-sniffer-annotations-1.17.jar:/home/user/.m2/repository/io/opencensus/opencensus-api/0.17.0/opencensus-api-0.17.0.jar:/home/user/.m2/repository/io/opencensus/opencensus-contrib-grpc-metrics/0.17.0/opencensus-contrib-grpc-metrics-0.17.0.jar:/home/user/.m2/repository/io/netty/netty-codec-http2/4.1.30.Final/netty-codec-http2-4.1.30.Final.jar:/home/user/.m2/repository/io/netty/netty-codec-http/4.1.30.Final/netty-codec-http-4.1.30.Final.jar:/home/user/.m2/repository/io/netty/netty-codec/4.1.30.Final/netty-codec-4.1.30.Final.jar:/home/user/.m2/repository/io/netty/netty-handler/4.1.30.Final/netty-handler-4.1.30.Final.jar:/home/user/.m2/repository/io/netty/netty-handler-proxy/4.1.30.Final/netty-handler-proxy-4.1.30.Final.jar:/home/user/.m2/repository/io/netty/netty-codec-socks/4.1.30.Final/netty-codec-socks-4.1.30.Final.jar:/home/user/.m2/repository/io/netty/netty-transport-native-epoll/4.1.30.Final/netty-transport-native-epoll-4.1.30.Final.jar:/home/user/.m2/repository/io/netty/netty-common/4.1.30.Final/netty-common-4.1.30.Final.jar:/home/user/.m2/repository/io/netty/netty-buffer/4.1.30.Final/netty-buffer-4.1.30.Final.jar:/home/user/.m2/repository/io/netty/netty-transport/4.1.30.Final/netty-transport-4.1.30.Final.jar:/home/user/.m2/repository/io/netty/netty-resolver/4.1.30.Final/netty-resolver-4.1.30.Final.jar:/home/user/.m2/repository/io/netty/netty-transport-native-unix-common/4.1.30.Final/netty-transport-native-unix-common-4.1.30.Final.jar:/home/user/.m2/repository/io/grpc/grpc-protobuf/1.17.1/grpc-protobuf-1.17.1.jar:/home/user/.m2/repository/com/google/api/grpc/proto-google-common-protos/1.0.0/proto-google-common-protos-1.0.0.jar:/home/user/.m2/repository/io/grpc/grpc-protobuf-lite/1.17.1/grpc-protobuf-lite-1.17.1.jar:/home/user/.m2/repository/io/grpc/grpc-stub/1.17.1/grpc-stub-1.17.1.jar:/home/user/.m2/repository/org/apache/hadoop/hadoop-ozone-recon/0.5.0-SNAPSHOT/hadoop-ozone-recon-0.5.0-SNAPSHOT.jar:/home/user/.m2/repository/org/apache/hadoop/hadoop-ozone-reconcodegen/0.5.0-SNAPSHOT/hadoop-ozone-reconcodegen-0.5.0-SNAPSHOT.jar:/home/user/.m2/repository/com/google/inject/extensions/guice-multibindings/4.0/guice-multibindings-4.0.jar:/home/user/.m2/repository/com/google/inject/guice/4.0/guice-4.0.jar:/home/user/.m2/repository/aopalliance/aopalliance/1.0/aopalliance-1.0.jar:/home/user/.m2/repository/com/google/inject/extensions/guice-servlet/4.0/guice-servlet-4.0.jar:/home/user/.m2/repository/org/glassfish/jersey/containers/jersey-container-servlet/2.27/jersey-container-servlet-2.27.jar:/home/user/.m2/repository/org/glassfish/hk2/guice-bridge/2.5.0/guice-bridge-2.5.0.jar:/home/user/.m2/repository/org/glassfish/jersey/core/jersey-server/2.27/jersey-server-2.27.jar:/home/user/.m2/repository/org/glassfish/jersey/core/jersey-client/2.27/jersey-client-2.27.jar:/home/user/.m2/repository/org/glassfish/jersey/media/jersey-media-jaxb/2.27/jersey-media-jaxb-2.27.jar:/home/user/.m2/repository/javax/validation/validation-api/1.1.0.Final/validation-api-1.1.0.Final.jar:/home/user/.m2/repository/org/glassfish/jersey/media/jersey-media-json-jackson/2.27/jersey-media-json-jackson-2.27.jar:/home/user/.m2/repository/org/glassfish/jersey/ext/jersey-entity-filtering/2.27/jersey-entity-filtering-2.27.jar:/home/user/.m2/repository/com/google/inject/extensions/guice-assistedinject/4.0/guice-assistedinject-4.0.jar:/home/user/.m2/repository/org/jooq/jooq/3.11.10/jooq-3.11.10.jar:/home/user/.m2/repository/org/jooq/jooq-meta/3.11.10/jooq-meta-3.11.10.jar:/home/user/.m2/repository/org/jooq/jooq-codegen/3.11.10/jooq-codegen-3.11.10.jar:/home/user/.m2/repository/com/jolbox/bonecp/0.8.0.RELEASE/bonecp-0.8.0.RELEASE.jar:/home/user/.m2/repository/org/xerial/sqlite-jdbc/3.25.2/sqlite-jdbc-3.25.2.jar:/home/user/.m2/repository/org/springframework/spring-jdbc/5.1.3.RELEASE/spring-jdbc-5.1.3.RELEASE.jar:/home/user/.m2/repository/org/springframework/spring-beans/5.1.3.RELEASE/spring-beans-5.1.3.RELEASE.jar:/home/user/.m2/repository/org/springframework/spring-core/5.1.3.RELEASE/spring-core-5.1.3.RELEASE.jar:/home/user/.m2/repository/org/springframework/spring-jcl/5.1.3.RELEASE/spring-jcl-5.1.3.RELEASE.jar:/home/user/.m2/repository/org/springframework/spring-tx/5.1.3.RELEASE/spring-tx-5.1.3.RELEASE.jar:/home/user/.m2/repository/org/apache/hadoop/hadoop-ozone-client/0.5.0-SNAPSHOT/hadoop-ozone-client-0.5.0-SNAPSHOT.jar:/home/user/.m2/repository/commons-lang/commons-lang/2.6/commons-lang-2.6.jar:/home/user/.m2/repository/org/apache/hadoop/hadoop-ozone-ozone-manager/0.5.0-SNAPSHOT/hadoop-ozone-ozone-manager-0.5.0-SNAPSHOT-tests.jar:/home/user/.m2/repository/junit/junit/4.11/junit-4.11.jar:/home/user/.m2/repository/org/hamcrest/hamcrest-core/1.3/hamcrest-core-1.3.jar:/home/user/.m2/repository/org/openjdk/jmh/jmh-core/1.19/jmh-core-1.19.jar:/home/user/.m2/repository/net/sf/jopt-simple/jopt-simple/4.6/jopt-simple-4.6.jar:/home/user/.m2/repository/org/apache/commons/commons-math3/3.1.1/commons-math3-3.1.1.jar:/home/user/.m2/repository/org/openjdk/jmh/jmh-generator-annprocess/1.19/jmh-generator-annprocess-1.19.jar:/home/user/.m2/repository/org/mockito/mockito-all/1.8.5/mockito-all-1.8.5.jar:/home/user/.m2/repository/org/apache/hadoop/hadoop-kms/3.2.0/hadoop-kms-3.2.0.jar:/home/user/.m2/repository/org/apache/hadoop/hadoop-auth/3.2.0/hadoop-auth-3.2.0.jar:/home/user/.m2/repository/com/nimbusds/nimbus-jose-jwt/4.41.1/nimbus-jose-jwt-4.41.1.jar:/home/user/.m2/repository/com/github/stephenc/jcip/jcip-annotations/1.0-1/jcip-annotations-1.0-1.jar:/home/user/.m2/repository/net/minidev/json-smart/2.3/json-smart-2.3.jar:/home/user/.m2/repository/net/minidev/accessors-smart/1.2/accessors-smart-1.2.jar:/home/user/.m2/repository/org/ow2/asm/asm/5.0.4/asm-5.0.4.jar:/home/user/.m2/repository/org/apache/curator/curator-framework/2.12.0/curator-framework-2.12.0.jar:/home/user/.m2/repository/com/sun/jersey/jersey-core/1.19/jersey-core-1.19.jar:/home/user/.m2/repository/javax/ws/rs/jsr311-api/1.1.1/jsr311-api-1.1.1.jar:/home/user/.m2/repository/com/sun/jersey/jersey-server/1.19/jersey-server-1.19.jar:/home/user/.m2/repository/javax/servlet/javax.servlet-api/3.1.0/javax.servlet-api-3.1.0.jar:/home/user/.m2/repository/org/eclipse/jetty/jetty-server/9.3.25.v20180904/jetty-server-9.3.25.v20180904.jar:/home/user/.m2/repository/org/eclipse/jetty/jetty-http/9.3.25.v20180904/jetty-http-9.3.25.v20180904.jar:/home/user/.m2/repository/org/eclipse/jetty/jetty-io/9.3.25.v20180904/jetty-io-9.3.25.v20180904.jar:/home/user/.m2/repository/org/eclipse/jetty/jetty-webapp/9.3.25.v20180904/jetty-webapp-9.3.25.v20180904.jar:/home/user/.m2/repository/org/eclipse/jetty/jetty-xml/9.3.25.v20180904/jetty-xml-9.3.25.v20180904.jar:/home/user/.m2/repository/log4j/log4j/1.2.17/log4j-1.2.17.jar:/home/user/.m2/repository/org/slf4j/slf4j-api/1.7.25/slf4j-api-1.7.25.jar:/home/user/.m2/repository/org/slf4j/jul-to-slf4j/1.7.25/jul-to-slf4j-1.7.25.jar:/home/user/.m2/repository/org/eclipse/jetty/jetty-util/9.3.25.v20180904/jetty-util-9.3.25.v20180904.jar:/home/user/.m2/repository/com/fasterxml/jackson/core/jackson-databind/2.9.9/jackson-databind-2.9.9.jar:/home/user/.m2/repository/org/apache/hadoop/hadoop-kms/3.2.0/hadoop-kms-3.2.0-tests.jar:/home/user/.m2/repository/org/apache/hadoop/hadoop-hdds-server-scm/0.5.0-SNAPSHOT/hadoop-hdds-server-scm-0.5.0-SNAPSHOT-tests.jar:/home/user/.m2/repository/org/apache/hadoop/hadoop-hdds-container-service/0.5.0-SNAPSHOT/hadoop-hdds-container-service-0.5.0-SNAPSHOT-tests.jar:/home/user/.m2/repository/org/yaml/snakeyaml/1.16/snakeyaml-1.16.jar:/home/user/.m2/repository/org/apache/hadoop/hadoop-common/3.2.0/hadoop-common-3.2.0-tests.jar:/home/user/.m2/repository/org/apache/hadoop/hadoop-annotations/3.2.0/hadoop-annotations-3.2.0.jar:/usr/lib/jvm/java-1.8-openjdk/jre/../lib/tools.jar:/home/user/.m2/repository/commons-cli/commons-cli/1.2/commons-cli-1.2.jar:/home/user/.m2/repository/org/apache/httpcomponents/httpclient/4.5.2/httpclient-4.5.2.jar:/home/user/.m2/repository/org/apache/httpcomponents/httpcore/4.4.4/httpcore-4.4.4.jar:/home/user/.m2/repository/commons-codec/commons-codec/1.11/commons-codec-1.11.jar:/home/user/.m2/repository/commons-net/commons-net/3.6/commons-net-3.6.jar:/home/user/.m2/repository/commons-collections/commons-collections/3.2.2/commons-collections-3.2.2.jar:/home/user/.m2/repository/org/eclipse/jetty/jetty-servlet/9.3.25.v20180904/jetty-servlet-9.3.25.v20180904.jar:/home/user/.m2/repository/org/eclipse/jetty/jetty-security/9.3.25.v20180904/jetty-security-9.3.25.v20180904.jar:/home/user/.m2/repository/javax/servlet/jsp/jsp-api/2.1/jsp-api-2.1.jar:/home/user/.m2/repository/com/sun/jersey/jersey-servlet/1.19/jersey-servlet-1.19.jar:/home/user/.m2/repository/com/sun/jersey/jersey-json/1.19/jersey-json-1.19.jar:/home/user/.m2/repository/org/codehaus/jettison/jettison/1.1/jettison-1.1.jar:/home/user/.m2/repository/org/codehaus/jackson/jackson-core-asl/1.9.13/jackson-core-asl-1.9.13.jar:/home/user/.m2/repository/org/codehaus/jackson/jackson-mapper-asl/1.9.13/jackson-mapper-asl-1.9.13.jar:/home/user/.m2/repository/org/codehaus/jackson/jackson-jaxrs/1.9.13/jackson-jaxrs-1.9.13.jar:/home/user/.m2/repository/org/codehaus/jackson/jackson-xc/1.9.13/jackson-xc-1.9.13.jar:/home/user/.m2/repository/commons-logging/commons-logging/1.1.3/commons-logging-1.1.3.jar:/home/user/.m2/repository/commons-beanutils/commons-beanutils/1.9.4/commons-beanutils-1.9.4.jar:/home/user/.m2/repository/org/apache/commons/commons-configuration2/2.1.1/commons-configuration2-2.1.1.jar:/home/user/.m2/repository/org/apache/commons/commons-lang3/3.7/commons-lang3-3.7.jar:/home/user/.m2/repository/org/apache/commons/commons-text/1.4/commons-text-1.4.jar:/home/user/.m2/repository/org/apache/avro/avro/1.7.7/avro-1.7.7.jar:/home/user/.m2/repository/com/thoughtworks/paranamer/paranamer/2.3/paranamer-2.3.jar:/home/user/.m2/repository/org/xerial/snappy/snappy-java/1.0.5/snappy-java-1.0.5.jar:/home/user/.m2/repository/com/google/re2j/re2j/1.1/re2j-1.1.jar:/home/user/.m2/repository/com/google/code/gson/gson/2.2.4/gson-2.2.4.jar:/home/user/.m2/repository/com/jcraft/jsch/0.1.54/jsch-0.1.54.jar:/home/user/.m2/repository/org/apache/curator/curator-client/2.12.0/curator-client-2.12.0.jar:/home/user/.m2/repository/org/apache/curator/curator-recipes/2.12.0/curator-recipes-2.12.0.jar:/home/user/.m2/repository/com/google/code/findbugs/jsr305/3.0.0/jsr305-3.0.0.jar:/home/user/.m2/repository/org/apache/htrace/htrace-core4/4.1.0-incubating/htrace-core4-4.1.0-incubating.jar:/home/user/.m2/repository/org/apache/zookeeper/zookeeper/3.4.13/zookeeper-3.4.13.jar:/home/user/.m2/repository/jline/jline/0.9.94/jline-0.9.94.jar:/home/user/.m2/repository/org/apache/yetus/audience-annotations/0.5.0/audience-annotations-0.5.0.jar:/home/user/.m2/repository/org/codehaus/woodstox/stax2-api/3.1.4/stax2-api-3.1.4.jar:/home/user/.m2/repository/com/fasterxml/woodstox/woodstox-core/5.0.3/woodstox-core-5.0.3.jar:/home/user/.m2/repository/dnsjava/dnsjava/2.1.7/dnsjava-2.1.7.jar:/home/user/.m2/repository/org/apache/hadoop/hadoop-hdfs/3.2.0/hadoop-hdfs-3.2.0-tests.jar:/home/user/.m2/repository/org/eclipse/jetty/jetty-util-ajax/9.3.25.v20180904/jetty-util-ajax-9.3.25.v20180904.jar:/home/user/.m2/repository/commons-daemon/commons-daemon/1.0.13/commons-daemon-1.0.13.jar:/home/user/.m2/repository/io/netty/netty/3.10.5.Final/netty-3.10.5.Final.jar:/home/user/.m2/repository/io/netty/netty-all/4.0.52.Final/netty-all-4.0.52.Final.jar:/home/user/.m2/repository/org/fusesource/leveldbjni/leveldbjni-all/1.8/leveldbjni-all-1.8.jar:"/>
    <property name="sun.cpu.endian" value="little"/>
    <property name="user.home" value="/home/user"/>
    <property name="user.language" value="en"/>
    <property name="java.specification.vendor" value="Oracle Corporation"/>
    <property name="java.home" value="/usr/lib/jvm/java-1.8-openjdk/jre"/>
    <property name="java.security.krb5.conf" value="/workdir/hadoop-ozone/integration-test/target/test-classes/krb5.conf"/>
    <property name="basedir" value="/workdir/hadoop-ozone/integration-test"/>
    <property name="file.separator" value="/"/>
    <property name="line.separator" value="&#10;"/>
    <property name="java.vm.specification.vendor" value="Oracle Corporation"/>
    <property name="java.specification.name" value="Java Platform API Specification"/>
    <property name="java.awt.graphicsenv" value="sun.awt.X11GraphicsEnvironment"/>
    <property name="surefire.real.class.path" value="/workdir/hadoop-ozone/integration-test/target/surefire/surefirebooter2885603902184293417.jar"/>
    <property name="hadoop.log.dir" value="/workdir/hadoop-ozone/integration-test/target/log"/>
    <property name="sun.boot.class.path" value="/usr/lib/jvm/java-1.8-openjdk/jre/lib/resources.jar:/usr/lib/jvm/java-1.8-openjdk/jre/lib/rt.jar:/usr/lib/jvm/java-1.8-openjdk/jre/lib/sunrsasign.jar:/usr/lib/jvm/java-1.8-openjdk/jre/lib/jsse.jar:/usr/lib/jvm/java-1.8-openjdk/jre/lib/jce.jar:/usr/lib/jvm/java-1.8-openjdk/jre/lib/charsets.jar:/usr/lib/jvm/java-1.8-openjdk/jre/lib/jfr.jar:/usr/lib/jvm/java-1.8-openjdk/jre/classes"/>
    <property name="sun.management.compiler" value="HotSpot 64-Bit Tiered Compilers"/>
    <property name="java.runtime.version" value="1.8.0_212-b04"/>
    <property name="java.net.preferIPv4Stack" value="true"/>
    <property name="user.name" value="jenkins1000"/>
    <property name="path.separator" value=":"/>
    <property name="java.security.egd" value="file:///dev/urandom"/>
    <property name="os.version" value="3.10.0-957.12.2.el7.x86_64"/>
    <property name="java.endorsed.dirs" value="/usr/lib/jvm/java-1.8-openjdk/jre/lib/endorsed"/>
    <property name="java.runtime.name" value="OpenJDK Runtime Environment"/>
    <property name="file.encoding" value="UTF-8"/>
    <property name="java.vm.name" value="OpenJDK 64-Bit Server VM"/>
    <property name="test.build.webapps" value=""/>
    <property name="localRepository" value="/home/user/.m2/repository"/>
    <property name="java.vendor.url.bug" value="https://icedtea.classpath.org/bugzilla"/>
    <property name="java.io.tmpdir" value="/tmp"/>
    <property name="require.test.libhadoop" value=""/>
    <property name="java.version" value="1.8.0_212"/>
    <property name="user.dir" value="/workdir/hadoop-ozone/integration-test"/>
    <property name="os.arch" value="amd64"/>
    <property name="java.vm.specification.name" value="Java Virtual Machine Specification"/>
    <property name="test.build.classes" value="/workdir/hadoop-ozone/integration-test/target/test-classes"/>
    <property name="java.awt.printerjob" value="sun.print.PSPrinterJob"/>
    <property name="sun.os.patch.level" value="unknown"/>
    <property name="hadoop.tmp.dir" value="/workdir/hadoop-ozone/integration-test/target/tmp"/>
    <property name="java.library.path" value="/usr/lib/jvm/java-1.8-openjdk/jre/lib/amd64/server:/usr/lib/jvm/java-1.8-openjdk/jre/lib/amd64:/usr/lib/jvm/java-1.8-openjdk/jre/../lib/amd64:/workdir/hadoop-ozone/integration-test/target/native/target/usr/local/lib:/workdir/hadoop-ozone/integration-test/../../hadoop-common-project/hadoop-common/target/native/target/usr/local/lib:/usr/java/packages/lib/amd64:/usr/lib64:/lib64:/lib:/usr/lib"/>
    <property name="java.vm.info" value="mixed mode"/>
    <property name="java.vendor" value="IcedTea"/>
    <property name="java.vm.version" value="25.212-b04"/>
    <property name="java.ext.dirs" value="/usr/lib/jvm/java-1.8-openjdk/jre/lib/ext:/usr/java/packages/lib/ext"/>
    <property name="sun.io.unicode.encoding" value="UnicodeLittle"/>
    <property name="java.class.version" value="52.0"/>
  </properties>
  <testcase name="test2WayCommitForRetryfailure" classname="org.apache.hadoop.ozone.client.rpc.Test2WayCommitInRatis" time="121.24">
    <error message="Connection refused" type="java.net.ConnectException"><![CDATA[java.net.ConnectException: Connection refused
	at sun.nio.ch.SocketChannelImpl.checkConnect(Native Method)
	at sun.nio.ch.SocketChannelImpl.finishConnect(SocketChannelImpl.java:717)
	at org.apache.hadoop.net.SocketIOWithTimeout.connect(SocketIOWithTimeout.java:206)
	at org.apache.hadoop.net.NetUtils.connect(NetUtils.java:531)
	at org.apache.hadoop.ipc.Client$Connection.setupConnection(Client.java:690)
	at org.apache.hadoop.ipc.Client$Connection.setupIOstreams(Client.java:794)
	at org.apache.hadoop.ipc.Client$Connection.access$3700(Client.java:411)
	at org.apache.hadoop.ipc.Client.getConnection(Client.java:1572)
	at org.apache.hadoop.ipc.Client.call(Client.java:1403)
	at org.apache.hadoop.ipc.Client.call(Client.java:1367)
	at org.apache.hadoop.ipc.ProtobufRpcEngine$Invoker.invoke(ProtobufRpcEngine.java:228)
	at org.apache.hadoop.ipc.ProtobufRpcEngine$Invoker.invoke(ProtobufRpcEngine.java:116)
	at com.sun.proxy.$Proxy34.submitRequest(Unknown Source)
	at sun.reflect.NativeMethodAccessorImpl.invoke0(Native Method)
	at sun.reflect.NativeMethodAccessorImpl.invoke(NativeMethodAccessorImpl.java:62)
	at sun.reflect.DelegatingMethodAccessorImpl.invoke(DelegatingMethodAccessorImpl.java:43)
	at java.lang.reflect.Method.invoke(Method.java:498)
	at org.apache.hadoop.io.retry.RetryInvocationHandler.invokeMethod(RetryInvocationHandler.java:422)
	at org.apache.hadoop.io.retry.RetryInvocationHandler$Call.invokeMethod(RetryInvocationHandler.java:165)
	at org.apache.hadoop.io.retry.RetryInvocationHandler$Call.invoke(RetryInvocationHandler.java:157)
	at org.apache.hadoop.io.retry.RetryInvocationHandler$Call.invokeOnce(RetryInvocationHandler.java:95)
	at org.apache.hadoop.io.retry.RetryInvocationHandler.invoke(RetryInvocationHandler.java:359)
	at com.sun.proxy.$Proxy34.submitRequest(Unknown Source)
	at org.apache.hadoop.ozone.om.protocolPB.OzoneManagerProtocolClientSideTranslatorPB.submitRequest(OzoneManagerProtocolClientSideTranslatorPB.java:338)
	at org.apache.hadoop.ozone.om.protocolPB.OzoneManagerProtocolClientSideTranslatorPB.getServiceInfo(OzoneManagerProtocolClientSideTranslatorPB.java:1223)
	at sun.reflect.NativeMethodAccessorImpl.invoke0(Native Method)
	at sun.reflect.NativeMethodAccessorImpl.invoke(NativeMethodAccessorImpl.java:62)
	at sun.reflect.DelegatingMethodAccessorImpl.invoke(DelegatingMethodAccessorImpl.java:43)
	at java.lang.reflect.Method.invoke(Method.java:498)
	at org.apache.hadoop.hdds.tracing.TraceAllMethod.invoke(TraceAllMethod.java:66)
	at com.sun.proxy.$Proxy35.getServiceInfo(Unknown Source)
	at org.apache.hadoop.ozone.client.rpc.RpcClient.<init>(RpcClient.java:154)
	at org.apache.hadoop.ozone.client.OzoneClientFactory.getClientProtocol(OzoneClientFactory.java:256)
	at org.apache.hadoop.ozone.client.OzoneClientFactory.getClientProtocol(OzoneClientFactory.java:239)
	at org.apache.hadoop.ozone.client.OzoneClientFactory.getClient(OzoneClientFactory.java:75)
	at org.apache.hadoop.ozone.client.rpc.Test2WayCommitInRatis.startCluster(Test2WayCommitInRatis.java:92)
	at org.apache.hadoop.ozone.client.rpc.Test2WayCommitInRatis.test2WayCommitForRetryfailure(Test2WayCommitInRatis.java:119)
	at sun.reflect.NativeMethodAccessorImpl.invoke0(Native Method)
	at sun.reflect.NativeMethodAccessorImpl.invoke(NativeMethodAccessorImpl.java:62)
	at sun.reflect.DelegatingMethodAccessorImpl.invoke(DelegatingMethodAccessorImpl.java:43)
	at java.lang.reflect.Method.invoke(Method.java:498)
	at org.junit.runners.model.FrameworkMethod$1.runReflectiveCall(FrameworkMethod.java:47)
	at org.junit.internal.runners.model.ReflectiveCallable.run(ReflectiveCallable.java:12)
	at org.junit.runners.model.FrameworkMethod.invokeExplosively(FrameworkMethod.java:44)
	at org.junit.internal.runners.statements.InvokeMethod.evaluate(InvokeMethod.java:17)
	at org.junit.runners.ParentRunner.runLeaf(ParentRunner.java:271)
	at org.junit.runners.BlockJUnit4ClassRunner.runChild(BlockJUnit4ClassRunner.java:70)
	at org.junit.runners.BlockJUnit4ClassRunner.runChild(BlockJUnit4ClassRunner.java:50)
	at org.junit.runners.ParentRunner$3.run(ParentRunner.java:238)
	at org.junit.runners.ParentRunner$1.schedule(ParentRunner.java:63)
	at org.junit.runners.ParentRunner.runChildren(ParentRunner.java:236)
	at org.junit.runners.ParentRunner.access$000(ParentRunner.java:53)
	at org.junit.runners.ParentRunner$2.evaluate(ParentRunner.java:229)
	at org.junit.runners.ParentRunner.run(ParentRunner.java:309)
	at org.apache.maven.surefire.junit4.JUnit4Provider.execute(JUnit4Provider.java:365)
	at org.apache.maven.surefire.junit4.JUnit4Provider.executeWithRerun(JUnit4Provider.java:273)
	at org.apache.maven.surefire.junit4.JUnit4Provider.executeTestSet(JUnit4Provider.java:238)
	at org.apache.maven.surefire.junit4.JUnit4Provider.invoke(JUnit4Provider.java:159)
	at org.apache.maven.surefire.booter.ForkedBooter.invokeProviderInSameClassLoader(ForkedBooter.java:384)
	at org.apache.maven.surefire.booter.ForkedBooter.runSuitesInProcess(ForkedBooter.java:345)
	at org.apache.maven.surefire.booter.ForkedBooter.execute(ForkedBooter.java:126)
	at org.apache.maven.surefire.booter.ForkedBooter.main(ForkedBooter.java:418)
]]></error>
    <system-out><![CDATA[2019-09-28 01:31:35,030 [main] WARN  server.ServerUtils (ServerUtils.java:getScmDbDir(145)) - ozone.scm.db.dirs is not configured. We recommend adding this setting. Falling back to ozone.metadata.dirs instead.
2019-09-28 01:31:35,132 [main] WARN  server.ServerUtils (ServerUtils.java:getScmDbDir(145)) - ozone.scm.db.dirs is not configured. We recommend adding this setting. Falling back to ozone.metadata.dirs instead.
2019-09-28 01:31:35,135 [main] WARN  server.ServerUtils (ServerUtils.java:getScmDbDir(145)) - ozone.scm.db.dirs is not configured. We recommend adding this setting. Falling back to ozone.metadata.dirs instead.
2019-09-28 01:31:35,154 [main] INFO  util.log (Log.java:initialized(192)) - Logging initialized @894ms
2019-09-28 01:31:35,256 [main] INFO  db.DBStoreBuilder (DBStoreBuilder.java:addTable(110)) - using custom profile for table: deletedBlocks
2019-09-28 01:31:35,256 [main] INFO  db.DBStoreBuilder (DBStoreBuilder.java:processTables(161)) - Using default column profile:DBProfile.DISK for Table:deletedBlocks
2019-09-28 01:31:35,257 [main] INFO  db.DBStoreBuilder (DBStoreBuilder.java:addTable(110)) - using custom profile for table: validCerts
2019-09-28 01:31:35,257 [main] INFO  db.DBStoreBuilder (DBStoreBuilder.java:processTables(161)) - Using default column profile:DBProfile.DISK for Table:validCerts
2019-09-28 01:31:35,257 [main] INFO  db.DBStoreBuilder (DBStoreBuilder.java:addTable(110)) - using custom profile for table: revokedCerts
2019-09-28 01:31:35,257 [main] INFO  db.DBStoreBuilder (DBStoreBuilder.java:processTables(161)) - Using default column profile:DBProfile.DISK for Table:revokedCerts
2019-09-28 01:31:35,269 [main] INFO  db.DBStoreBuilder (DBStoreBuilder.java:addTable(110)) - using custom profile for table: default
2019-09-28 01:31:35,270 [main] INFO  db.DBStoreBuilder (DBStoreBuilder.java:processTables(167)) - Using default column profile:DBProfile.DISK for Table:default
2019-09-28 01:31:35,271 [main] INFO  db.DBStoreBuilder (DBStoreBuilder.java:getDbProfile(198)) - Using default options. DBProfile.DISK
2019-09-28 01:31:35,638 [main] INFO  net.NodeSchemaLoader (NodeSchemaLoader.java:loadSchemaFromFile(125)) - Loading file from sun.misc.CompoundEnumeration@77888435
2019-09-28 01:31:35,640 [main] INFO  net.NodeSchemaLoader (NodeSchemaLoader.java:loadSchema(171)) - Loading network topology layer schema file
2019-09-28 01:31:35,741 [main] WARN  server.ServerUtils (ServerUtils.java:sanitizeUserArgs(70)) - ozone.scm.stale.node.interval value = 300000 is larger than max = 100000 based on the key value of ozone.scm.heartbeat.thread.interval, reset to the max value 100000.
2019-09-28 01:31:35,744 [main] WARN  server.ServerUtils (ServerUtils.java:sanitizeUserArgs(70)) - ozone.scm.stale.node.interval value = 300000 is larger than max = 100000 based on the key value of ozone.scm.heartbeat.thread.interval, reset to the max value 100000.
2019-09-28 01:31:35,746 [main] INFO  node.SCMNodeManager (SCMNodeManager.java:<init>(114)) - Entering startup safe mode.
2019-09-28 01:31:35,822 [main] INFO  algorithms.ContainerPlacementPolicyFactory (ContainerPlacementPolicyFactory.java:getPolicy(57)) - Create container placement policy of type org.apache.hadoop.hdds.scm.container.placement.algorithms.SCMContainerPlacementRandom
2019-09-28 01:31:35,840 [main] WARN  server.ServerUtils (ServerUtils.java:getScmDbDir(145)) - ozone.scm.db.dirs is not configured. We recommend adding this setting. Falling back to ozone.metadata.dirs instead.
2019-09-28 01:31:35,953 [main] INFO  pipeline.SCMPipelineManager (SCMPipelineManager.java:initializePipelineState(132)) - No pipeline exists in current db
2019-09-28 01:31:35,957 [main] WARN  server.ServerUtils (ServerUtils.java:getScmDbDir(145)) - ozone.scm.db.dirs is not configured. We recommend adding this setting. Falling back to ozone.metadata.dirs instead.
2019-09-28 01:31:36,114 [main] WARN  events.EventQueue (EventQueue.java:fireEvent(183)) - No event handler registered for event TypedEvent{payloadType=SafeModeStatus, name='SafeModeStatus'}
2019-09-28 01:31:36,589 [main] INFO  ipc.CallQueueManager (CallQueueManager.java:<init>(84)) - Using callQueue: class java.util.concurrent.LinkedBlockingQueue, queueCapacity: 2000, scheduler: class org.apache.hadoop.ipc.DefaultRpcScheduler, ipcBackoff: false.
2019-09-28 01:31:36,621 [Socket Reader #1 for port 33321] INFO  ipc.Server (Server.java:run(1074)) - Starting Socket Reader #1 for port 33321
2019-09-28 01:31:36,825 [main] INFO  ipc.CallQueueManager (CallQueueManager.java:<init>(84)) - Using callQueue: class java.util.concurrent.LinkedBlockingQueue, queueCapacity: 2000, scheduler: class org.apache.hadoop.ipc.DefaultRpcScheduler, ipcBackoff: false.
2019-09-28 01:31:36,827 [Socket Reader #1 for port 42239] INFO  ipc.Server (Server.java:run(1074)) - Starting Socket Reader #1 for port 42239
2019-09-28 01:31:36,839 [main] INFO  ipc.CallQueueManager (CallQueueManager.java:<init>(84)) - Using callQueue: class java.util.concurrent.LinkedBlockingQueue, queueCapacity: 2000, scheduler: class org.apache.hadoop.ipc.DefaultRpcScheduler, ipcBackoff: false.
2019-09-28 01:31:36,841 [Socket Reader #1 for port 42703] INFO  ipc.Server (Server.java:run(1074)) - Starting Socket Reader #1 for port 42703
2019-09-28 01:31:36,870 [main] INFO  hdfs.DFSUtil (DFSUtil.java:httpServerTemplateForNNAndJN(1641)) - Starting Web-server for scm at: http://0.0.0.0:0
2019-09-28 01:31:37,039 [main] INFO  server.AuthenticationFilter (AuthenticationFilter.java:constructSecretProvider(240)) - Unable to initialize FileSignerSecretProvider, falling back to use random secrets.
2019-09-28 01:31:37,048 [main] WARN  http.HttpRequestLog (HttpRequestLog.java:getRequestLog(97)) - Jetty request log can only be enabled using Log4j
2019-09-28 01:31:37,056 [main] INFO  http.HttpServer2 (HttpServer2.java:addGlobalFilter(975)) - Added global filter 'safety' (class=org.apache.hadoop.http.HttpServer2$QuotingInputFilter)
2019-09-28 01:31:37,059 [main] INFO  http.HttpServer2 (HttpServer2.java:addFilter(948)) - Added filter static_user_filter (class=org.apache.hadoop.http.lib.StaticUserWebFilter$StaticUserFilter) to context scm
2019-09-28 01:31:37,059 [main] INFO  http.HttpServer2 (HttpServer2.java:addFilter(958)) - Added filter static_user_filter (class=org.apache.hadoop.http.lib.StaticUserWebFilter$StaticUserFilter) to context static
2019-09-28 01:31:37,060 [main] INFO  http.HttpServer2 (HttpServer2.java:addFilter(958)) - Added filter static_user_filter (class=org.apache.hadoop.http.lib.StaticUserWebFilter$StaticUserFilter) to context logs
2019-09-28 01:31:37,094 [main] INFO  server.StorageContainerManager (StorageContainerManager.java:start(770)) - StorageContainerLocationProtocol RPC server is listening at /0.0.0.0:42703
2019-09-28 01:31:37,174 [main] WARN  impl.MetricsConfig (MetricsConfig.java:loadFirst(134)) - Cannot locate configuration: tried hadoop-metrics2-storagecontainermanager.properties,hadoop-metrics2.properties
2019-09-28 01:31:37,189 [main] INFO  impl.MetricsSystemImpl (MetricsSystemImpl.java:startTimer(374)) - Scheduled Metric snapshot period at 10 second(s).
2019-09-28 01:31:37,189 [main] INFO  impl.MetricsSystemImpl (MetricsSystemImpl.java:start(191)) - StorageContainerManager metrics system started
2019-09-28 01:31:37,441 [main] INFO  server.SCMClientProtocolServer (SCMClientProtocolServer.java:start(150)) - RPC server for Client  is listening at /0.0.0.0:42703
2019-09-28 01:31:37,442 [IPC Server Responder] INFO  ipc.Server (Server.java:run(1314)) - IPC Server Responder: starting
2019-09-28 01:31:37,442 [IPC Server listener on 42703] INFO  ipc.Server (Server.java:run(1153)) - IPC Server listener on 42703: starting
2019-09-28 01:31:37,445 [main] INFO  server.StorageContainerManager (StorageContainerManager.java:start(780)) - ScmBlockLocationProtocol RPC server is listening at /0.0.0.0:42239
2019-09-28 01:31:37,447 [main] INFO  server.SCMBlockProtocolServer (SCMBlockProtocolServer.java:start(146)) - RPC server for Block Protocol is listening at /0.0.0.0:42239
2019-09-28 01:31:37,447 [IPC Server Responder] INFO  ipc.Server (Server.java:run(1314)) - IPC Server Responder: starting
2019-09-28 01:31:37,447 [IPC Server listener on 42239] INFO  ipc.Server (Server.java:run(1153)) - IPC Server listener on 42239: starting
2019-09-28 01:31:37,450 [main] INFO  server.StorageContainerManager (StorageContainerManager.java:start(784)) - ScmDatanodeProtocl RPC server is listening at /0.0.0.0:33321
2019-09-28 01:31:37,450 [main] INFO  server.SCMDatanodeProtocolServer (SCMDatanodeProtocolServer.java:start(191)) - RPC server for DataNodes is listening at /0.0.0.0:33321
2019-09-28 01:31:37,451 [IPC Server Responder] INFO  ipc.Server (Server.java:run(1314)) - IPC Server Responder: starting
2019-09-28 01:31:37,451 [IPC Server listener on 33321] INFO  ipc.Server (Server.java:run(1153)) - IPC Server listener on 33321: starting
2019-09-28 01:31:37,466 [main] INFO  http.HttpServer2 (HttpServer2.java:bindListener(1191)) - Jetty bound to port 41237
2019-09-28 01:31:37,469 [main] INFO  server.Server (Server.java:doStart(351)) - jetty-9.3.25.v20180904, build timestamp: 2018-09-04T21:11:46Z, git hash: 3ce520221d0240229c862b122d2b06c12a625732
2019-09-28 01:31:37,507 [main] INFO  handler.ContextHandler (ContextHandler.java:doStart(781)) - Started o.e.j.s.ServletContextHandler@615091b8{/logs,file:///workdir/hadoop-ozone/integration-test/target/log,AVAILABLE}
2019-09-28 01:31:37,508 [main] INFO  handler.ContextHandler (ContextHandler.java:doStart(781)) - Started o.e.j.s.ServletContextHandler@4aa83f4f{/static,file:///workdir/hadoop-ozone/integration-test/target/test-classes/webapps/static,AVAILABLE}
2019-09-28 01:31:37,539 [main] INFO  handler.ContextHandler (ContextHandler.java:doStart(781)) - Started o.e.j.w.WebAppContext@3574e198{/,file:///workdir/hadoop-ozone/integration-test/target/test-classes/webapps/scm/,AVAILABLE}{/scm}
2019-09-28 01:31:37,545 [main] INFO  server.AbstractConnector (AbstractConnector.java:doStart(278)) - Started ServerConnector@3aa3193a{HTTP/1.1,[http/1.1]}{0.0.0.0:41237}
2019-09-28 01:31:37,545 [main] INFO  server.Server (Server.java:doStart(419)) - Started @3286ms
2019-09-28 01:31:37,547 [main] INFO  impl.MetricsSinkAdapter (MetricsSinkAdapter.java:start(204)) - Sink prometheus started
2019-09-28 01:31:37,547 [main] INFO  impl.MetricsSystemImpl (MetricsSystemImpl.java:registerSink(301)) - Registered sink prometheus
2019-09-28 01:31:37,549 [main] INFO  server.BaseHttpServer (BaseHttpServer.java:updateConnectorAddress(215)) - HTTP server of SCM is listening at http://0.0.0.0:41237
2019-09-28 01:31:37,554 [org.apache.hadoop.util.JvmPauseMonitor$Monitor@3b366632] INFO  util.JvmPauseMonitor (JvmPauseMonitor.java:run(188)) - Starting JVM pause monitor
2019-09-28 01:31:37,557 [main] WARN  server.ServerUtils (ServerUtils.java:getDBPath(222)) - ozone.om.db.dirs is not configured. We recommend adding this setting. Falling back to ozone.metadata.dirs instead.
2019-09-28 01:31:37,648 [main] INFO  ha.OMHANodeDetails (OMHANodeDetails.java:loadOMHAConfig(190)) - Configuration either no ozone.om.address set. Falling back to the default OM address /127.0.0.1:0
2019-09-28 01:31:37,649 [main] INFO  ha.OMHANodeDetails (OMHANodeDetails.java:getOMNodeDetails(220)) - OM Service ID is not set. Setting it to the default ID: omServiceIdDefault
2019-09-28 01:31:37,650 [main] WARN  server.ServerUtils (ServerUtils.java:getDBPath(222)) - ozone.om.db.dirs is not configured. We recommend adding this setting. Falling back to ozone.metadata.dirs instead.
2019-09-28 01:31:37,651 [main] WARN  server.ServerUtils (ServerUtils.java:getDBPath(222)) - ozone.om.db.dirs is not configured. We recommend adding this setting. Falling back to ozone.metadata.dirs instead.
2019-09-28 01:31:38,417 [main] WARN  server.ServerUtils (ServerUtils.java:getDBPath(222)) - ozone.om.db.dirs is not configured. We recommend adding this setting. Falling back to ozone.metadata.dirs instead.
2019-09-28 01:31:38,426 [main] INFO  db.DBStoreBuilder (DBStoreBuilder.java:addTable(110)) - using custom profile for table: userTable
2019-09-28 01:31:38,426 [main] INFO  db.DBStoreBuilder (DBStoreBuilder.java:processTables(161)) - Using default column profile:DBProfile.DISK for Table:userTable
2019-09-28 01:31:38,426 [main] INFO  db.DBStoreBuilder (DBStoreBuilder.java:addTable(110)) - using custom profile for table: volumeTable
2019-09-28 01:31:38,427 [main] INFO  db.DBStoreBuilder (DBStoreBuilder.java:processTables(161)) - Using default column profile:DBProfile.DISK for Table:volumeTable
2019-09-28 01:31:38,427 [main] INFO  db.DBStoreBuilder (DBStoreBuilder.java:addTable(110)) - using custom profile for table: bucketTable
2019-09-28 01:31:38,427 [main] INFO  db.DBStoreBuilder (DBStoreBuilder.java:processTables(161)) - Using default column profile:DBProfile.DISK for Table:bucketTable
2019-09-28 01:31:38,427 [main] INFO  db.DBStoreBuilder (DBStoreBuilder.java:addTable(110)) - using custom profile for table: keyTable
2019-09-28 01:31:38,428 [main] INFO  db.DBStoreBuilder (DBStoreBuilder.java:processTables(161)) - Using default column profile:DBProfile.DISK for Table:keyTable
2019-09-28 01:31:38,428 [main] INFO  db.DBStoreBuilder (DBStoreBuilder.java:addTable(110)) - using custom profile for table: deletedTable
2019-09-28 01:31:38,428 [main] INFO  db.DBStoreBuilder (DBStoreBuilder.java:processTables(161)) - Using default column profile:DBProfile.DISK for Table:deletedTable
2019-09-28 01:31:38,428 [main] INFO  db.DBStoreBuilder (DBStoreBuilder.java:addTable(110)) - using custom profile for table: openKeyTable
2019-09-28 01:31:38,429 [main] INFO  db.DBStoreBuilder (DBStoreBuilder.java:processTables(161)) - Using default column profile:DBProfile.DISK for Table:openKeyTable
2019-09-28 01:31:38,429 [main] INFO  db.DBStoreBuilder (DBStoreBuilder.java:addTable(110)) - using custom profile for table: s3Table
2019-09-28 01:31:38,429 [main] INFO  db.DBStoreBuilder (DBStoreBuilder.java:processTables(161)) - Using default column profile:DBProfile.DISK for Table:s3Table
2019-09-28 01:31:38,430 [main] INFO  db.DBStoreBuilder (DBStoreBuilder.java:addTable(110)) - using custom profile for table: multipartInfoTable
2019-09-28 01:31:38,430 [main] INFO  db.DBStoreBuilder (DBStoreBuilder.java:processTables(161)) - Using default column profile:DBProfile.DISK for Table:multipartInfoTable
2019-09-28 01:31:38,430 [main] INFO  db.DBStoreBuilder (DBStoreBuilder.java:addTable(110)) - using custom profile for table: dTokenTable
2019-09-28 01:31:38,430 [main] INFO  db.DBStoreBuilder (DBStoreBuilder.java:processTables(161)) - Using default column profile:DBProfile.DISK for Table:dTokenTable
2019-09-28 01:31:38,431 [main] INFO  db.DBStoreBuilder (DBStoreBuilder.java:addTable(110)) - using custom profile for table: s3SecretTable
2019-09-28 01:31:38,431 [main] INFO  db.DBStoreBuilder (DBStoreBuilder.java:processTables(161)) - Using default column profile:DBProfile.DISK for Table:s3SecretTable
2019-09-28 01:31:38,431 [main] INFO  db.DBStoreBuilder (DBStoreBuilder.java:addTable(110)) - using custom profile for table: prefixTable
2019-09-28 01:31:38,431 [main] INFO  db.DBStoreBuilder (DBStoreBuilder.java:processTables(161)) - Using default column profile:DBProfile.DISK for Table:prefixTable
2019-09-28 01:31:38,432 [main] INFO  db.DBStoreBuilder (DBStoreBuilder.java:addTable(110)) - using custom profile for table: default
2019-09-28 01:31:38,432 [main] INFO  db.DBStoreBuilder (DBStoreBuilder.java:processTables(167)) - Using default column profile:DBProfile.DISK for Table:default
2019-09-28 01:31:38,432 [main] INFO  db.DBStoreBuilder (DBStoreBuilder.java:getDbProfile(198)) - Using default options. DBProfile.DISK
2019-09-28 01:31:38,966 [main] INFO  ipc.CallQueueManager (CallQueueManager.java:<init>(84)) - Using callQueue: class java.util.concurrent.LinkedBlockingQueue, queueCapacity: 2000, scheduler: class org.apache.hadoop.ipc.DefaultRpcScheduler, ipcBackoff: false.
2019-09-28 01:31:38,967 [Socket Reader #1 for port 46659] INFO  ipc.Server (Server.java:run(1074)) - Starting Socket Reader #1 for port 46659
2019-09-28 01:31:38,992 [main] INFO  om.OzoneManager (OzoneManager.java:start(1069)) - OzoneManager RPC server is listening at localhost/127.0.0.1:46659
2019-09-28 01:31:38,992 [main] INFO  impl.MetricsSystemImpl (MetricsSystemImpl.java:init(158)) - OzoneManager metrics system started (again)
2019-09-28 01:31:38,994 [IPC Server listener on 46659] INFO  ipc.Server (Server.java:run(1153)) - IPC Server listener on 46659: starting
2019-09-28 01:31:38,994 [IPC Server Responder] INFO  ipc.Server (Server.java:run(1314)) - IPC Server Responder: starting
2019-09-28 01:31:39,000 [main] INFO  hdfs.DFSUtil (DFSUtil.java:httpServerTemplateForNNAndJN(1641)) - Starting Web-server for ozoneManager at: http://0.0.0.0:0
2019-09-28 01:31:39,002 [main] INFO  server.AuthenticationFilter (AuthenticationFilter.java:constructSecretProvider(240)) - Unable to initialize FileSignerSecretProvider, falling back to use random secrets.
2019-09-28 01:31:39,003 [main] WARN  http.HttpRequestLog (HttpRequestLog.java:getRequestLog(97)) - Jetty request log can only be enabled using Log4j
2019-09-28 01:31:39,006 [main] INFO  http.HttpServer2 (HttpServer2.java:addGlobalFilter(975)) - Added global filter 'safety' (class=org.apache.hadoop.http.HttpServer2$QuotingInputFilter)
2019-09-28 01:31:39,007 [main] INFO  http.HttpServer2 (HttpServer2.java:addFilter(948)) - Added filter static_user_filter (class=org.apache.hadoop.http.lib.StaticUserWebFilter$StaticUserFilter) to context ozoneManager
2019-09-28 01:31:39,007 [main] INFO  http.HttpServer2 (HttpServer2.java:addFilter(958)) - Added filter static_user_filter (class=org.apache.hadoop.http.lib.StaticUserWebFilter$StaticUserFilter) to context static
2019-09-28 01:31:39,008 [main] INFO  http.HttpServer2 (HttpServer2.java:addFilter(958)) - Added filter static_user_filter (class=org.apache.hadoop.http.lib.StaticUserWebFilter$StaticUserFilter) to context logs
2019-09-28 01:31:39,010 [main] INFO  http.HttpServer2 (HttpServer2.java:bindListener(1191)) - Jetty bound to port 37651
2019-09-28 01:31:39,011 [main] INFO  server.Server (Server.java:doStart(351)) - jetty-9.3.25.v20180904, build timestamp: 2018-09-04T21:11:46Z, git hash: 3ce520221d0240229c862b122d2b06c12a625732
2019-09-28 01:31:39,014 [main] INFO  handler.ContextHandler (ContextHandler.java:doStart(781)) - Started o.e.j.s.ServletContextHandler@3a627c80{/logs,file:///workdir/hadoop-ozone/integration-test/target/log,AVAILABLE}
2019-09-28 01:31:39,014 [main] INFO  handler.ContextHandler (ContextHandler.java:doStart(781)) - Started o.e.j.s.ServletContextHandler@963176{/static,file:///workdir/hadoop-ozone/integration-test/target/test-classes/webapps/static,AVAILABLE}
2019-09-28 01:31:39,021 [main] INFO  handler.ContextHandler (ContextHandler.java:doStart(781)) - Started o.e.j.w.WebAppContext@4af46df3{/,file:///workdir/hadoop-ozone/integration-test/target/test-classes/webapps/ozoneManager/,AVAILABLE}{/ozoneManager}
2019-09-28 01:31:39,022 [main] INFO  server.AbstractConnector (AbstractConnector.java:doStart(278)) - Started ServerConnector@4158debd{HTTP/1.1,[http/1.1]}{0.0.0.0:37651}
2019-09-28 01:31:39,023 [main] INFO  server.Server (Server.java:doStart(419)) - Started @4763ms
2019-09-28 01:31:39,024 [main] WARN  impl.MetricsSystemImpl (MetricsSystemImpl.java:register(276)) - Sink prometheus already exists!
2019-09-28 01:31:39,025 [main] INFO  server.BaseHttpServer (BaseHttpServer.java:updateConnectorAddress(215)) - HTTP server of OZONEMANAGER is listening at http://0.0.0.0:37651
2019-09-28 01:31:39,388 [main] INFO  impl.MetricsSystemImpl (MetricsSystemImpl.java:init(158)) - HddsDatanode metrics system started (again)
2019-09-28 01:31:39,439 [main] INFO  ozone.HddsDatanodeService (HddsDatanodeService.java:start(184)) - HddsDatanodeService host:pr-hdds-2162-8g7kw-3348123894 ip:192.168.151.82
2019-09-28 01:31:39,472 [main] INFO  volume.HddsVolume (HddsVolume.java:<init>(176)) - Creating Volume: /workdir/hadoop-ozone/integration-test/target/test-dir/MiniOzoneClusterImpl-020b4dfa-e8b5-437d-83dd-89670c7d8075/datanode-0/data/containers/hdds of  storage type : DISK and capacity : 1482555576320
2019-09-28 01:31:39,474 [main] INFO  volume.VolumeSet (VolumeSet.java:initializeVolumeSet(170)) - Added Volume : /workdir/hadoop-ozone/integration-test/target/test-dir/MiniOzoneClusterImpl-020b4dfa-e8b5-437d-83dd-89670c7d8075/datanode-0/data/containers/hdds to VolumeSet
2019-09-28 01:31:39,477 [main] INFO  volume.ThrottledAsyncChecker (ThrottledAsyncChecker.java:schedule(139)) - Scheduling a check for org.apache.hadoop.ozone.container.common.volume.HddsVolume@79b08632
2019-09-28 01:31:39,493 [main] INFO  volume.HddsVolumeChecker (HddsVolumeChecker.java:checkAllVolumes(202)) - Scheduled health check for volume org.apache.hadoop.ozone.container.common.volume.HddsVolume@79b08632
2019-09-28 01:31:39,604 [main] INFO  impl.RaftServerProxy (ConfUtils.java:logGet(43)) - raft.rpc.type = GRPC (default)
2019-09-28 01:31:39,677 [main] INFO  grpc.GrpcFactory (GrpcFactory.java:checkPooledByteBufAllocatorUseCacheForAllThreads(45)) - PERFORMANCE WARNING: useCacheForAllThreads is true that may cause Netty to create a lot garbage objects and, as a result, trigger GC.
	It is recommended to disable useCacheForAllThreads by setting -Dorg.apache.ratis.thirdparty.io.netty.allocator.useCacheForAllThreads=false in command line.
2019-09-28 01:31:39,682 [main] INFO  grpc.GrpcConfigKeys$Server (ConfUtils.java:logGet(43)) - raft.grpc.server.port = 0 (default)
2019-09-28 01:31:39,683 [main] INFO  server.GrpcService (ConfUtils.java:logGet(43)) - raft.grpc.message.size.max = 33570816 (custom)
2019-09-28 01:31:39,685 [main] INFO  server.RaftServerConfigKeys (ConfUtils.java:logGet(43)) - raft.server.log.appender.buffer.byte-limit = 33554432 (custom)
2019-09-28 01:31:39,686 [main] INFO  server.GrpcService (ConfUtils.java:logGet(43)) - raft.grpc.flow.control.window = 1MB (=1048576) (default)
2019-09-28 01:31:39,686 [main] INFO  server.RaftServerConfigKeys (ConfUtils.java:logGet(43)) - raft.server.rpc.request.timeout = 3000ms (default)
2019-09-28 01:31:39,850 [main] INFO  server.RaftServerConfigKeys (ConfUtils.java:logGet(43)) - raft.server.storage.dir = [/workdir/hadoop-ozone/integration-test/target/test-dir/MiniOzoneClusterImpl-020b4dfa-e8b5-437d-83dd-89670c7d8075/datanode-0/data/ratis] (custom)
2019-09-28 01:31:39,902 [main] INFO  hdfs.DFSUtil (DFSUtil.java:httpServerTemplateForNNAndJN(1641)) - Starting Web-server for hddsDatanode at: http://0.0.0.0:0
2019-09-28 01:31:39,904 [main] INFO  server.AuthenticationFilter (AuthenticationFilter.java:constructSecretProvider(240)) - Unable to initialize FileSignerSecretProvider, falling back to use random secrets.
2019-09-28 01:31:39,904 [main] WARN  http.HttpRequestLog (HttpRequestLog.java:getRequestLog(97)) - Jetty request log can only be enabled using Log4j
2019-09-28 01:31:39,906 [main] INFO  http.HttpServer2 (HttpServer2.java:addGlobalFilter(975)) - Added global filter 'safety' (class=org.apache.hadoop.http.HttpServer2$QuotingInputFilter)
2019-09-28 01:31:39,907 [main] INFO  http.HttpServer2 (HttpServer2.java:addFilter(948)) - Added filter static_user_filter (class=org.apache.hadoop.http.lib.StaticUserWebFilter$StaticUserFilter) to context hddsDatanode
2019-09-28 01:31:39,907 [main] INFO  http.HttpServer2 (HttpServer2.java:addFilter(958)) - Added filter static_user_filter (class=org.apache.hadoop.http.lib.StaticUserWebFilter$StaticUserFilter) to context static
2019-09-28 01:31:39,907 [main] INFO  http.HttpServer2 (HttpServer2.java:addFilter(958)) - Added filter static_user_filter (class=org.apache.hadoop.http.lib.StaticUserWebFilter$StaticUserFilter) to context logs
2019-09-28 01:31:39,908 [main] INFO  http.HttpServer2 (HttpServer2.java:bindListener(1191)) - Jetty bound to port 41738
2019-09-28 01:31:39,908 [main] INFO  server.Server (Server.java:doStart(351)) - jetty-9.3.25.v20180904, build timestamp: 2018-09-04T21:11:46Z, git hash: 3ce520221d0240229c862b122d2b06c12a625732
2019-09-28 01:31:39,911 [main] INFO  handler.ContextHandler (ContextHandler.java:doStart(781)) - Started o.e.j.s.ServletContextHandler@d109c4f{/logs,file:///workdir/hadoop-ozone/integration-test/target/log,AVAILABLE}
2019-09-28 01:31:39,911 [main] INFO  handler.ContextHandler (ContextHandler.java:doStart(781)) - Started o.e.j.s.ServletContextHandler@26f46fa6{/static,jar:file:/home/user/.m2/repository/org/apache/hadoop/hadoop-hdds-container-service/0.5.0-SNAPSHOT/hadoop-hdds-container-service-0.5.0-SNAPSHOT.jar!/webapps/static,AVAILABLE}
2019-09-28 01:31:39,943 [main] INFO  handler.ContextHandler (ContextHandler.java:doStart(781)) - Started o.e.j.w.WebAppContext@3e33d73e{/,file:///tmp/jetty-0.0.0.0-41738-hddsDatanode-_-any-66831753278656811.dir/webapp/,AVAILABLE}{/hddsDatanode}
2019-09-28 01:31:39,943 [main] INFO  server.AbstractConnector (AbstractConnector.java:doStart(278)) - Started ServerConnector@6981f8f3{HTTP/1.1,[http/1.1]}{0.0.0.0:41738}
2019-09-28 01:31:39,944 [main] INFO  server.Server (Server.java:doStart(419)) - Started @5685ms
2019-09-28 01:31:39,944 [main] WARN  impl.MetricsSystemImpl (MetricsSystemImpl.java:register(276)) - Sink prometheus already exists!
2019-09-28 01:31:39,946 [main] INFO  server.BaseHttpServer (BaseHttpServer.java:updateConnectorAddress(215)) - HTTP server of HDDSDATANODE is listening at http://0.0.0.0:41738
2019-09-28 01:31:39,947 [main] INFO  impl.MetricsSystemImpl (MetricsSystemImpl.java:init(158)) - HddsDatanode metrics system started (again)
2019-09-28 01:31:39,949 [main] INFO  ozone.HddsDatanodeService (HddsDatanodeService.java:start(184)) - HddsDatanodeService host:pr-hdds-2162-8g7kw-3348123894 ip:192.168.151.82
2019-09-28 01:31:39,954 [org.apache.hadoop.util.JvmPauseMonitor$Monitor@7a95fd7e] INFO  util.JvmPauseMonitor (JvmPauseMonitor.java:run(188)) - Starting JVM pause monitor
2019-09-28 01:31:39,958 [main] INFO  volume.HddsVolume (HddsVolume.java:<init>(176)) - Creating Volume: /workdir/hadoop-ozone/integration-test/target/test-dir/MiniOzoneClusterImpl-020b4dfa-e8b5-437d-83dd-89670c7d8075/datanode-1/data/containers/hdds of  storage type : DISK and capacity : 1482555576320
2019-09-28 01:31:39,959 [main] INFO  volume.VolumeSet (VolumeSet.java:initializeVolumeSet(170)) - Added Volume : /workdir/hadoop-ozone/integration-test/target/test-dir/MiniOzoneClusterImpl-020b4dfa-e8b5-437d-83dd-89670c7d8075/datanode-1/data/containers/hdds to VolumeSet
2019-09-28 01:31:39,960 [main] INFO  volume.ThrottledAsyncChecker (ThrottledAsyncChecker.java:schedule(139)) - Scheduling a check for org.apache.hadoop.ozone.container.common.volume.HddsVolume@3dffc764
2019-09-28 01:31:39,961 [main] INFO  volume.HddsVolumeChecker (HddsVolumeChecker.java:checkAllVolumes(202)) - Scheduled health check for volume org.apache.hadoop.ozone.container.common.volume.HddsVolume@3dffc764
2019-09-28 01:31:39,975 [main] INFO  impl.RaftServerProxy (ConfUtils.java:logGet(43)) - raft.rpc.type = GRPC (default)
2019-09-28 01:31:39,975 [main] INFO  grpc.GrpcFactory (GrpcFactory.java:checkPooledByteBufAllocatorUseCacheForAllThreads(45)) - PERFORMANCE WARNING: useCacheForAllThreads is true that may cause Netty to create a lot garbage objects and, as a result, trigger GC.
	It is recommended to disable useCacheForAllThreads by setting -Dorg.apache.ratis.thirdparty.io.netty.allocator.useCacheForAllThreads=false in command line.
2019-09-28 01:31:39,975 [main] INFO  grpc.GrpcConfigKeys$Server (ConfUtils.java:logGet(43)) - raft.grpc.server.port = 0 (default)
2019-09-28 01:31:39,975 [main] INFO  server.GrpcService (ConfUtils.java:logGet(43)) - raft.grpc.message.size.max = 33570816 (custom)
2019-09-28 01:31:39,976 [main] INFO  server.RaftServerConfigKeys (ConfUtils.java:logGet(43)) - raft.server.log.appender.buffer.byte-limit = 33554432 (custom)
2019-09-28 01:31:39,976 [main] INFO  server.GrpcService (ConfUtils.java:logGet(43)) - raft.grpc.flow.control.window = 1MB (=1048576) (default)
2019-09-28 01:31:39,976 [main] INFO  server.RaftServerConfigKeys (ConfUtils.java:logGet(43)) - raft.server.rpc.request.timeout = 3000ms (default)
2019-09-28 01:31:39,977 [main] INFO  server.RaftServerConfigKeys (ConfUtils.java:logGet(43)) - raft.server.storage.dir = [/workdir/hadoop-ozone/integration-test/target/test-dir/MiniOzoneClusterImpl-020b4dfa-e8b5-437d-83dd-89670c7d8075/datanode-1/data/ratis] (custom)
2019-09-28 01:31:39,978 [main] INFO  hdfs.DFSUtil (DFSUtil.java:httpServerTemplateForNNAndJN(1641)) - Starting Web-server for hddsDatanode at: http://0.0.0.0:0
2019-09-28 01:31:39,979 [main] INFO  server.AuthenticationFilter (AuthenticationFilter.java:constructSecretProvider(240)) - Unable to initialize FileSignerSecretProvider, falling back to use random secrets.
2019-09-28 01:31:39,980 [main] WARN  http.HttpRequestLog (HttpRequestLog.java:getRequestLog(97)) - Jetty request log can only be enabled using Log4j
2019-09-28 01:31:39,981 [main] INFO  http.HttpServer2 (HttpServer2.java:addGlobalFilter(975)) - Added global filter 'safety' (class=org.apache.hadoop.http.HttpServer2$QuotingInputFilter)
2019-09-28 01:31:39,982 [main] INFO  http.HttpServer2 (HttpServer2.java:addFilter(948)) - Added filter static_user_filter (class=org.apache.hadoop.http.lib.StaticUserWebFilter$StaticUserFilter) to context hddsDatanode
2019-09-28 01:31:39,982 [main] INFO  http.HttpServer2 (HttpServer2.java:addFilter(958)) - Added filter static_user_filter (class=org.apache.hadoop.http.lib.StaticUserWebFilter$StaticUserFilter) to context logs
2019-09-28 01:31:39,982 [main] INFO  http.HttpServer2 (HttpServer2.java:addFilter(958)) - Added filter static_user_filter (class=org.apache.hadoop.http.lib.StaticUserWebFilter$StaticUserFilter) to context static
2019-09-28 01:31:39,983 [main] INFO  http.HttpServer2 (HttpServer2.java:bindListener(1191)) - Jetty bound to port 37681
2019-09-28 01:31:39,983 [main] INFO  server.Server (Server.java:doStart(351)) - jetty-9.3.25.v20180904, build timestamp: 2018-09-04T21:11:46Z, git hash: 3ce520221d0240229c862b122d2b06c12a625732
2019-09-28 01:31:39,987 [main] INFO  handler.ContextHandler (ContextHandler.java:doStart(781)) - Started o.e.j.s.ServletContextHandler@12fcc71f{/logs,file:///workdir/hadoop-ozone/integration-test/target/log,AVAILABLE}
2019-09-28 01:31:39,987 [main] INFO  handler.ContextHandler (ContextHandler.java:doStart(781)) - Started o.e.j.s.ServletContextHandler@3ed7821{/static,jar:file:/home/user/.m2/repository/org/apache/hadoop/hadoop-hdds-container-service/0.5.0-SNAPSHOT/hadoop-hdds-container-service-0.5.0-SNAPSHOT.jar!/webapps/static,AVAILABLE}
2019-09-28 01:31:40,016 [main] INFO  handler.ContextHandler (ContextHandler.java:doStart(781)) - Started o.e.j.w.WebAppContext@524a076e{/,file:///tmp/jetty-0.0.0.0-37681-hddsDatanode-_-any-5846203236212755403.dir/webapp/,AVAILABLE}{/hddsDatanode}
2019-09-28 01:31:40,017 [main] INFO  server.AbstractConnector (AbstractConnector.java:doStart(278)) - Started ServerConnector@5b5e7036{HTTP/1.1,[http/1.1]}{0.0.0.0:37681}
2019-09-28 01:31:40,017 [main] INFO  server.Server (Server.java:doStart(419)) - Started @5758ms
2019-09-28 01:31:40,018 [main] WARN  impl.MetricsSystemImpl (MetricsSystemImpl.java:register(276)) - Sink prometheus already exists!
2019-09-28 01:31:40,019 [main] INFO  server.BaseHttpServer (BaseHttpServer.java:updateConnectorAddress(215)) - HTTP server of HDDSDATANODE is listening at http://0.0.0.0:37681
2019-09-28 01:31:40,019 [main] INFO  impl.MetricsSystemImpl (MetricsSystemImpl.java:init(158)) - HddsDatanode metrics system started (again)
2019-09-28 01:31:40,022 [main] INFO  ozone.HddsDatanodeService (HddsDatanodeService.java:start(184)) - HddsDatanodeService host:pr-hdds-2162-8g7kw-3348123894 ip:192.168.151.82
2019-09-28 01:31:40,023 [org.apache.hadoop.util.JvmPauseMonitor$Monitor@5e549765] INFO  util.JvmPauseMonitor (JvmPauseMonitor.java:run(188)) - Starting JVM pause monitor
2019-09-28 01:31:40,030 [main] INFO  volume.HddsVolume (HddsVolume.java:<init>(176)) - Creating Volume: /workdir/hadoop-ozone/integration-test/target/test-dir/MiniOzoneClusterImpl-020b4dfa-e8b5-437d-83dd-89670c7d8075/datanode-2/data/containers/hdds of  storage type : DISK and capacity : 1482555576320
2019-09-28 01:31:40,031 [main] INFO  volume.VolumeSet (VolumeSet.java:initializeVolumeSet(170)) - Added Volume : /workdir/hadoop-ozone/integration-test/target/test-dir/MiniOzoneClusterImpl-020b4dfa-e8b5-437d-83dd-89670c7d8075/datanode-2/data/containers/hdds to VolumeSet
2019-09-28 01:31:40,031 [main] INFO  volume.ThrottledAsyncChecker (ThrottledAsyncChecker.java:schedule(139)) - Scheduling a check for org.apache.hadoop.ozone.container.common.volume.HddsVolume@1aad0b1
2019-09-28 01:31:40,032 [main] INFO  volume.HddsVolumeChecker (HddsVolumeChecker.java:checkAllVolumes(202)) - Scheduled health check for volume org.apache.hadoop.ozone.container.common.volume.HddsVolume@1aad0b1
2019-09-28 01:31:40,044 [main] INFO  impl.RaftServerProxy (ConfUtils.java:logGet(43)) - raft.rpc.type = GRPC (default)
2019-09-28 01:31:40,044 [main] INFO  grpc.GrpcFactory (GrpcFactory.java:checkPooledByteBufAllocatorUseCacheForAllThreads(45)) - PERFORMANCE WARNING: useCacheForAllThreads is true that may cause Netty to create a lot garbage objects and, as a result, trigger GC.
	It is recommended to disable useCacheForAllThreads by setting -Dorg.apache.ratis.thirdparty.io.netty.allocator.useCacheForAllThreads=false in command line.
2019-09-28 01:31:40,045 [main] INFO  grpc.GrpcConfigKeys$Server (ConfUtils.java:logGet(43)) - raft.grpc.server.port = 0 (default)
2019-09-28 01:31:40,045 [main] INFO  server.GrpcService (ConfUtils.java:logGet(43)) - raft.grpc.message.size.max = 33570816 (custom)
2019-09-28 01:31:40,045 [main] INFO  server.RaftServerConfigKeys (ConfUtils.java:logGet(43)) - raft.server.log.appender.buffer.byte-limit = 33554432 (custom)
2019-09-28 01:31:40,045 [main] INFO  server.GrpcService (ConfUtils.java:logGet(43)) - raft.grpc.flow.control.window = 1MB (=1048576) (default)
2019-09-28 01:31:40,046 [main] INFO  server.RaftServerConfigKeys (ConfUtils.java:logGet(43)) - raft.server.rpc.request.timeout = 3000ms (default)
2019-09-28 01:31:40,046 [main] INFO  server.RaftServerConfigKeys (ConfUtils.java:logGet(43)) - raft.server.storage.dir = [/workdir/hadoop-ozone/integration-test/target/test-dir/MiniOzoneClusterImpl-020b4dfa-e8b5-437d-83dd-89670c7d8075/datanode-2/data/ratis] (custom)
2019-09-28 01:31:40,048 [main] INFO  hdfs.DFSUtil (DFSUtil.java:httpServerTemplateForNNAndJN(1641)) - Starting Web-server for hddsDatanode at: http://0.0.0.0:0
2019-09-28 01:31:40,049 [main] INFO  server.AuthenticationFilter (AuthenticationFilter.java:constructSecretProvider(240)) - Unable to initialize FileSignerSecretProvider, falling back to use random secrets.
2019-09-28 01:31:40,050 [main] WARN  http.HttpRequestLog (HttpRequestLog.java:getRequestLog(97)) - Jetty request log can only be enabled using Log4j
2019-09-28 01:31:40,051 [main] INFO  http.HttpServer2 (HttpServer2.java:addGlobalFilter(975)) - Added global filter 'safety' (class=org.apache.hadoop.http.HttpServer2$QuotingInputFilter)
2019-09-28 01:31:40,052 [main] INFO  http.HttpServer2 (HttpServer2.java:addFilter(948)) - Added filter static_user_filter (class=org.apache.hadoop.http.lib.StaticUserWebFilter$StaticUserFilter) to context hddsDatanode
2019-09-28 01:31:40,052 [main] INFO  http.HttpServer2 (HttpServer2.java:addFilter(958)) - Added filter static_user_filter (class=org.apache.hadoop.http.lib.StaticUserWebFilter$StaticUserFilter) to context logs
2019-09-28 01:31:40,052 [main] INFO  http.HttpServer2 (HttpServer2.java:addFilter(958)) - Added filter static_user_filter (class=org.apache.hadoop.http.lib.StaticUserWebFilter$StaticUserFilter) to context static
2019-09-28 01:31:40,053 [main] INFO  http.HttpServer2 (HttpServer2.java:bindListener(1191)) - Jetty bound to port 38037
2019-09-28 01:31:40,053 [main] INFO  server.Server (Server.java:doStart(351)) - jetty-9.3.25.v20180904, build timestamp: 2018-09-04T21:11:46Z, git hash: 3ce520221d0240229c862b122d2b06c12a625732
2019-09-28 01:31:40,055 [main] INFO  handler.ContextHandler (ContextHandler.java:doStart(781)) - Started o.e.j.s.ServletContextHandler@4faa298{/logs,file:///workdir/hadoop-ozone/integration-test/target/log,AVAILABLE}
2019-09-28 01:31:40,056 [main] INFO  handler.ContextHandler (ContextHandler.java:doStart(781)) - Started o.e.j.s.ServletContextHandler@151bf776{/static,jar:file:/home/user/.m2/repository/org/apache/hadoop/hadoop-hdds-container-service/0.5.0-SNAPSHOT/hadoop-hdds-container-service-0.5.0-SNAPSHOT.jar!/webapps/static,AVAILABLE}
2019-09-28 01:31:40,085 [main] INFO  handler.ContextHandler (ContextHandler.java:doStart(781)) - Started o.e.j.w.WebAppContext@74174a23{/,file:///tmp/jetty-0.0.0.0-38037-hddsDatanode-_-any-1023215522904244424.dir/webapp/,AVAILABLE}{/hddsDatanode}
2019-09-28 01:31:40,086 [main] INFO  server.AbstractConnector (AbstractConnector.java:doStart(278)) - Started ServerConnector@6342d610{HTTP/1.1,[http/1.1]}{0.0.0.0:38037}
2019-09-28 01:31:40,087 [main] INFO  server.Server (Server.java:doStart(419)) - Started @5828ms
2019-09-28 01:31:40,088 [main] WARN  impl.MetricsSystemImpl (MetricsSystemImpl.java:register(276)) - Sink prometheus already exists!
2019-09-28 01:31:40,089 [main] INFO  server.BaseHttpServer (BaseHttpServer.java:updateConnectorAddress(215)) - HTTP server of HDDSDATANODE is listening at http://0.0.0.0:38037
2019-09-28 01:31:40,089 [main] INFO  impl.MetricsSystemImpl (MetricsSystemImpl.java:init(158)) - HddsDatanode metrics system started (again)
2019-09-28 01:31:40,092 [org.apache.hadoop.util.JvmPauseMonitor$Monitor@5c7ddf44] INFO  util.JvmPauseMonitor (JvmPauseMonitor.java:run(188)) - Starting JVM pause monitor
2019-09-28 01:31:40,092 [main] INFO  ozone.HddsDatanodeService (HddsDatanodeService.java:start(184)) - HddsDatanodeService host:pr-hdds-2162-8g7kw-3348123894 ip:192.168.151.82
2019-09-28 01:31:40,100 [main] INFO  volume.HddsVolume (HddsVolume.java:<init>(176)) - Creating Volume: /workdir/hadoop-ozone/integration-test/target/test-dir/MiniOzoneClusterImpl-020b4dfa-e8b5-437d-83dd-89670c7d8075/datanode-3/data/containers/hdds of  storage type : DISK and capacity : 1482555576320
2019-09-28 01:31:40,100 [main] INFO  volume.VolumeSet (VolumeSet.java:initializeVolumeSet(170)) - Added Volume : /workdir/hadoop-ozone/integration-test/target/test-dir/MiniOzoneClusterImpl-020b4dfa-e8b5-437d-83dd-89670c7d8075/datanode-3/data/containers/hdds to VolumeSet
2019-09-28 01:31:40,101 [main] INFO  volume.ThrottledAsyncChecker (ThrottledAsyncChecker.java:schedule(139)) - Scheduling a check for org.apache.hadoop.ozone.container.common.volume.HddsVolume@42b84286
2019-09-28 01:31:40,101 [main] INFO  volume.HddsVolumeChecker (HddsVolumeChecker.java:checkAllVolumes(202)) - Scheduled health check for volume org.apache.hadoop.ozone.container.common.volume.HddsVolume@42b84286
2019-09-28 01:31:40,111 [Datanode State Machine Thread - 0] INFO  datanode.InitDatanodeState (InitDatanodeState.java:persistContainerDatanodeDetails(140)) - DatanodeDetails is persisted to /workdir/hadoop-ozone/integration-test/target/test-dir/MiniOzoneClusterImpl-020b4dfa-e8b5-437d-83dd-89670c7d8075/datanode-0/meta/datanode.id
2019-09-28 01:31:40,115 [Datanode State Machine Thread - 0] INFO  datanode.InitDatanodeState (InitDatanodeState.java:persistContainerDatanodeDetails(140)) - DatanodeDetails is persisted to /workdir/hadoop-ozone/integration-test/target/test-dir/MiniOzoneClusterImpl-020b4dfa-e8b5-437d-83dd-89670c7d8075/datanode-2/meta/datanode.id
2019-09-28 01:31:40,117 [main] INFO  impl.RaftServerProxy (ConfUtils.java:logGet(43)) - raft.rpc.type = GRPC (default)
2019-09-28 01:31:40,118 [Datanode State Machine Thread - 0] INFO  datanode.InitDatanodeState (InitDatanodeState.java:persistContainerDatanodeDetails(140)) - DatanodeDetails is persisted to /workdir/hadoop-ozone/integration-test/target/test-dir/MiniOzoneClusterImpl-020b4dfa-e8b5-437d-83dd-89670c7d8075/datanode-1/meta/datanode.id
2019-09-28 01:31:40,118 [main] INFO  grpc.GrpcFactory (GrpcFactory.java:checkPooledByteBufAllocatorUseCacheForAllThreads(45)) - PERFORMANCE WARNING: useCacheForAllThreads is true that may cause Netty to create a lot garbage objects and, as a result, trigger GC.
	It is recommended to disable useCacheForAllThreads by setting -Dorg.apache.ratis.thirdparty.io.netty.allocator.useCacheForAllThreads=false in command line.
2019-09-28 01:31:40,118 [main] INFO  grpc.GrpcConfigKeys$Server (ConfUtils.java:logGet(43)) - raft.grpc.server.port = 0 (default)
2019-09-28 01:31:40,118 [main] INFO  server.GrpcService (ConfUtils.java:logGet(43)) - raft.grpc.message.size.max = 33570816 (custom)
2019-09-28 01:31:40,118 [main] INFO  server.RaftServerConfigKeys (ConfUtils.java:logGet(43)) - raft.server.log.appender.buffer.byte-limit = 33554432 (custom)
2019-09-28 01:31:40,119 [main] INFO  server.GrpcService (ConfUtils.java:logGet(43)) - raft.grpc.flow.control.window = 1MB (=1048576) (default)
2019-09-28 01:31:40,119 [main] INFO  server.RaftServerConfigKeys (ConfUtils.java:logGet(43)) - raft.server.rpc.request.timeout = 3000ms (default)
2019-09-28 01:31:40,119 [main] INFO  server.RaftServerConfigKeys (ConfUtils.java:logGet(43)) - raft.server.storage.dir = [/workdir/hadoop-ozone/integration-test/target/test-dir/MiniOzoneClusterImpl-020b4dfa-e8b5-437d-83dd-89670c7d8075/datanode-3/data/ratis] (custom)
2019-09-28 01:31:40,121 [main] INFO  hdfs.DFSUtil (DFSUtil.java:httpServerTemplateForNNAndJN(1641)) - Starting Web-server for hddsDatanode at: http://0.0.0.0:0
2019-09-28 01:31:40,122 [main] INFO  server.AuthenticationFilter (AuthenticationFilter.java:constructSecretProvider(240)) - Unable to initialize FileSignerSecretProvider, falling back to use random secrets.
2019-09-28 01:31:40,122 [main] WARN  http.HttpRequestLog (HttpRequestLog.java:getRequestLog(97)) - Jetty request log can only be enabled using Log4j
2019-09-28 01:31:40,124 [main] INFO  http.HttpServer2 (HttpServer2.java:addGlobalFilter(975)) - Added global filter 'safety' (class=org.apache.hadoop.http.HttpServer2$QuotingInputFilter)
2019-09-28 01:31:40,124 [main] INFO  http.HttpServer2 (HttpServer2.java:addFilter(948)) - Added filter static_user_filter (class=org.apache.hadoop.http.lib.StaticUserWebFilter$StaticUserFilter) to context hddsDatanode
2019-09-28 01:31:40,125 [main] INFO  http.HttpServer2 (HttpServer2.java:addFilter(958)) - Added filter static_user_filter (class=org.apache.hadoop.http.lib.StaticUserWebFilter$StaticUserFilter) to context static
2019-09-28 01:31:40,125 [main] INFO  http.HttpServer2 (HttpServer2.java:addFilter(958)) - Added filter static_user_filter (class=org.apache.hadoop.http.lib.StaticUserWebFilter$StaticUserFilter) to context logs
2019-09-28 01:31:40,125 [main] INFO  http.HttpServer2 (HttpServer2.java:bindListener(1191)) - Jetty bound to port 34083
2019-09-28 01:31:40,126 [main] INFO  server.Server (Server.java:doStart(351)) - jetty-9.3.25.v20180904, build timestamp: 2018-09-04T21:11:46Z, git hash: 3ce520221d0240229c862b122d2b06c12a625732
2019-09-28 01:31:40,130 [main] INFO  handler.ContextHandler (ContextHandler.java:doStart(781)) - Started o.e.j.s.ServletContextHandler@23f3da8b{/logs,file:///workdir/hadoop-ozone/integration-test/target/log,AVAILABLE}
2019-09-28 01:31:40,131 [main] INFO  handler.ContextHandler (ContextHandler.java:doStart(781)) - Started o.e.j.s.ServletContextHandler@252a8aae{/static,jar:file:/home/user/.m2/repository/org/apache/hadoop/hadoop-hdds-container-service/0.5.0-SNAPSHOT/hadoop-hdds-container-service-0.5.0-SNAPSHOT.jar!/webapps/static,AVAILABLE}
2019-09-28 01:31:40,159 [main] INFO  handler.ContextHandler (ContextHandler.java:doStart(781)) - Started o.e.j.w.WebAppContext@44f24a20{/,file:///tmp/jetty-0.0.0.0-34083-hddsDatanode-_-any-3559720301188070417.dir/webapp/,AVAILABLE}{/hddsDatanode}
2019-09-28 01:31:40,160 [main] INFO  server.AbstractConnector (AbstractConnector.java:doStart(278)) - Started ServerConnector@1859e2a4{HTTP/1.1,[http/1.1]}{0.0.0.0:34083}
2019-09-28 01:31:40,160 [main] INFO  server.Server (Server.java:doStart(419)) - Started @5901ms
2019-09-28 01:31:40,162 [main] WARN  impl.MetricsSystemImpl (MetricsSystemImpl.java:register(276)) - Sink prometheus already exists!
2019-09-28 01:31:40,162 [main] INFO  server.BaseHttpServer (BaseHttpServer.java:updateConnectorAddress(215)) - HTTP server of HDDSDATANODE is listening at http://0.0.0.0:34083
2019-09-28 01:31:40,163 [main] INFO  impl.MetricsSystemImpl (MetricsSystemImpl.java:init(158)) - HddsDatanode metrics system started (again)
2019-09-28 01:31:40,166 [main] INFO  ozone.HddsDatanodeService (HddsDatanodeService.java:start(184)) - HddsDatanodeService host:pr-hdds-2162-8g7kw-3348123894 ip:192.168.151.82
2019-09-28 01:31:40,166 [org.apache.hadoop.util.JvmPauseMonitor$Monitor@48acf707] INFO  util.JvmPauseMonitor (JvmPauseMonitor.java:run(188)) - Starting JVM pause monitor
2019-09-28 01:31:40,170 [Datanode State Machine Thread - 0] INFO  datanode.InitDatanodeState (InitDatanodeState.java:persistContainerDatanodeDetails(140)) - DatanodeDetails is persisted to /workdir/hadoop-ozone/integration-test/target/test-dir/MiniOzoneClusterImpl-020b4dfa-e8b5-437d-83dd-89670c7d8075/datanode-3/meta/datanode.id
2019-09-28 01:31:40,176 [main] INFO  volume.HddsVolume (HddsVolume.java:<init>(176)) - Creating Volume: /workdir/hadoop-ozone/integration-test/target/test-dir/MiniOzoneClusterImpl-020b4dfa-e8b5-437d-83dd-89670c7d8075/datanode-4/data/containers/hdds of  storage type : DISK and capacity : 1482555576320
2019-09-28 01:31:40,176 [main] INFO  volume.VolumeSet (VolumeSet.java:initializeVolumeSet(170)) - Added Volume : /workdir/hadoop-ozone/integration-test/target/test-dir/MiniOzoneClusterImpl-020b4dfa-e8b5-437d-83dd-89670c7d8075/datanode-4/data/containers/hdds to VolumeSet
2019-09-28 01:31:40,177 [main] INFO  volume.ThrottledAsyncChecker (ThrottledAsyncChecker.java:schedule(139)) - Scheduling a check for org.apache.hadoop.ozone.container.common.volume.HddsVolume@77a074b4
2019-09-28 01:31:40,177 [main] INFO  volume.HddsVolumeChecker (HddsVolumeChecker.java:checkAllVolumes(202)) - Scheduled health check for volume org.apache.hadoop.ozone.container.common.volume.HddsVolume@77a074b4
2019-09-28 01:31:40,190 [main] INFO  impl.RaftServerProxy (ConfUtils.java:logGet(43)) - raft.rpc.type = GRPC (default)
2019-09-28 01:31:40,190 [main] INFO  grpc.GrpcFactory (GrpcFactory.java:checkPooledByteBufAllocatorUseCacheForAllThreads(45)) - PERFORMANCE WARNING: useCacheForAllThreads is true that may cause Netty to create a lot garbage objects and, as a result, trigger GC.
	It is recommended to disable useCacheForAllThreads by setting -Dorg.apache.ratis.thirdparty.io.netty.allocator.useCacheForAllThreads=false in command line.
2019-09-28 01:31:40,190 [main] INFO  grpc.GrpcConfigKeys$Server (ConfUtils.java:logGet(43)) - raft.grpc.server.port = 0 (default)
2019-09-28 01:31:40,191 [main] INFO  server.GrpcService (ConfUtils.java:logGet(43)) - raft.grpc.message.size.max = 33570816 (custom)
2019-09-28 01:31:40,191 [main] INFO  server.RaftServerConfigKeys (ConfUtils.java:logGet(43)) - raft.server.log.appender.buffer.byte-limit = 33554432 (custom)
2019-09-28 01:31:40,191 [main] INFO  server.GrpcService (ConfUtils.java:logGet(43)) - raft.grpc.flow.control.window = 1MB (=1048576) (default)
2019-09-28 01:31:40,191 [main] INFO  server.RaftServerConfigKeys (ConfUtils.java:logGet(43)) - raft.server.rpc.request.timeout = 3000ms (default)
2019-09-28 01:31:40,192 [main] INFO  server.RaftServerConfigKeys (ConfUtils.java:logGet(43)) - raft.server.storage.dir = [/workdir/hadoop-ozone/integration-test/target/test-dir/MiniOzoneClusterImpl-020b4dfa-e8b5-437d-83dd-89670c7d8075/datanode-4/data/ratis] (custom)
2019-09-28 01:31:40,193 [main] INFO  hdfs.DFSUtil (DFSUtil.java:httpServerTemplateForNNAndJN(1641)) - Starting Web-server for hddsDatanode at: http://0.0.0.0:0
2019-09-28 01:31:40,194 [main] INFO  server.AuthenticationFilter (AuthenticationFilter.java:constructSecretProvider(240)) - Unable to initialize FileSignerSecretProvider, falling back to use random secrets.
2019-09-28 01:31:40,195 [main] WARN  http.HttpRequestLog (HttpRequestLog.java:getRequestLog(97)) - Jetty request log can only be enabled using Log4j
2019-09-28 01:31:40,196 [main] INFO  http.HttpServer2 (HttpServer2.java:addGlobalFilter(975)) - Added global filter 'safety' (class=org.apache.hadoop.http.HttpServer2$QuotingInputFilter)
2019-09-28 01:31:40,197 [main] INFO  http.HttpServer2 (HttpServer2.java:addFilter(948)) - Added filter static_user_filter (class=org.apache.hadoop.http.lib.StaticUserWebFilter$StaticUserFilter) to context hddsDatanode
2019-09-28 01:31:40,197 [main] INFO  http.HttpServer2 (HttpServer2.java:addFilter(958)) - Added filter static_user_filter (class=org.apache.hadoop.http.lib.StaticUserWebFilter$StaticUserFilter) to context logs
2019-09-28 01:31:40,197 [main] INFO  http.HttpServer2 (HttpServer2.java:addFilter(958)) - Added filter static_user_filter (class=org.apache.hadoop.http.lib.StaticUserWebFilter$StaticUserFilter) to context static
2019-09-28 01:31:40,198 [main] INFO  http.HttpServer2 (HttpServer2.java:bindListener(1191)) - Jetty bound to port 38984
2019-09-28 01:31:40,198 [main] INFO  server.Server (Server.java:doStart(351)) - jetty-9.3.25.v20180904, build timestamp: 2018-09-04T21:11:46Z, git hash: 3ce520221d0240229c862b122d2b06c12a625732
2019-09-28 01:31:40,200 [main] INFO  handler.ContextHandler (ContextHandler.java:doStart(781)) - Started o.e.j.s.ServletContextHandler@2a369e14{/logs,file:///workdir/hadoop-ozone/integration-test/target/log,AVAILABLE}
2019-09-28 01:31:40,200 [main] INFO  handler.ContextHandler (ContextHandler.java:doStart(781)) - Started o.e.j.s.ServletContextHandler@c755b2{/static,jar:file:/home/user/.m2/repository/org/apache/hadoop/hadoop-hdds-container-service/0.5.0-SNAPSHOT/hadoop-hdds-container-service-0.5.0-SNAPSHOT.jar!/webapps/static,AVAILABLE}
2019-09-28 01:31:40,228 [main] INFO  handler.ContextHandler (ContextHandler.java:doStart(781)) - Started o.e.j.w.WebAppContext@423b2b62{/,file:///tmp/jetty-0.0.0.0-38984-hddsDatanode-_-any-1503750003850039855.dir/webapp/,AVAILABLE}{/hddsDatanode}
2019-09-28 01:31:40,229 [main] INFO  server.AbstractConnector (AbstractConnector.java:doStart(278)) - Started ServerConnector@2b7962a2{HTTP/1.1,[http/1.1]}{0.0.0.0:38984}
2019-09-28 01:31:40,230 [main] INFO  server.Server (Server.java:doStart(419)) - Started @5971ms
2019-09-28 01:31:40,230 [main] WARN  impl.MetricsSystemImpl (MetricsSystemImpl.java:register(276)) - Sink prometheus already exists!
2019-09-28 01:31:40,231 [main] INFO  server.BaseHttpServer (BaseHttpServer.java:updateConnectorAddress(215)) - HTTP server of HDDSDATANODE is listening at http://0.0.0.0:38984
2019-09-28 01:31:40,231 [main] INFO  impl.MetricsSystemImpl (MetricsSystemImpl.java:init(158)) - HddsDatanode metrics system started (again)
2019-09-28 01:31:40,234 [main] INFO  ozone.HddsDatanodeService (HddsDatanodeService.java:start(184)) - HddsDatanodeService host:pr-hdds-2162-8g7kw-3348123894 ip:192.168.151.82
2019-09-28 01:31:40,235 [org.apache.hadoop.util.JvmPauseMonitor$Monitor@5e146f60] INFO  util.JvmPauseMonitor (JvmPauseMonitor.java:run(188)) - Starting JVM pause monitor
2019-09-28 01:31:40,238 [Datanode State Machine Thread - 0] INFO  datanode.InitDatanodeState (InitDatanodeState.java:persistContainerDatanodeDetails(140)) - DatanodeDetails is persisted to /workdir/hadoop-ozone/integration-test/target/test-dir/MiniOzoneClusterImpl-020b4dfa-e8b5-437d-83dd-89670c7d8075/datanode-4/meta/datanode.id
2019-09-28 01:31:40,243 [main] INFO  volume.HddsVolume (HddsVolume.java:<init>(176)) - Creating Volume: /workdir/hadoop-ozone/integration-test/target/test-dir/MiniOzoneClusterImpl-020b4dfa-e8b5-437d-83dd-89670c7d8075/datanode-5/data/containers/hdds of  storage type : DISK and capacity : 1482555576320
2019-09-28 01:31:40,243 [main] INFO  volume.VolumeSet (VolumeSet.java:initializeVolumeSet(170)) - Added Volume : /workdir/hadoop-ozone/integration-test/target/test-dir/MiniOzoneClusterImpl-020b4dfa-e8b5-437d-83dd-89670c7d8075/datanode-5/data/containers/hdds to VolumeSet
2019-09-28 01:31:40,243 [main] INFO  volume.ThrottledAsyncChecker (ThrottledAsyncChecker.java:schedule(139)) - Scheduling a check for org.apache.hadoop.ozone.container.common.volume.HddsVolume@3a66e67e
2019-09-28 01:31:40,244 [main] INFO  volume.HddsVolumeChecker (HddsVolumeChecker.java:checkAllVolumes(202)) - Scheduled health check for volume org.apache.hadoop.ozone.container.common.volume.HddsVolume@3a66e67e
2019-09-28 01:31:40,258 [main] INFO  impl.RaftServerProxy (ConfUtils.java:logGet(43)) - raft.rpc.type = GRPC (default)
2019-09-28 01:31:40,258 [main] INFO  grpc.GrpcFactory (GrpcFactory.java:checkPooledByteBufAllocatorUseCacheForAllThreads(45)) - PERFORMANCE WARNING: useCacheForAllThreads is true that may cause Netty to create a lot garbage objects and, as a result, trigger GC.
	It is recommended to disable useCacheForAllThreads by setting -Dorg.apache.ratis.thirdparty.io.netty.allocator.useCacheForAllThreads=false in command line.
2019-09-28 01:31:40,259 [main] INFO  grpc.GrpcConfigKeys$Server (ConfUtils.java:logGet(43)) - raft.grpc.server.port = 0 (default)
2019-09-28 01:31:40,259 [main] INFO  server.GrpcService (ConfUtils.java:logGet(43)) - raft.grpc.message.size.max = 33570816 (custom)
2019-09-28 01:31:40,259 [main] INFO  server.RaftServerConfigKeys (ConfUtils.java:logGet(43)) - raft.server.log.appender.buffer.byte-limit = 33554432 (custom)
2019-09-28 01:31:40,259 [main] INFO  server.GrpcService (ConfUtils.java:logGet(43)) - raft.grpc.flow.control.window = 1MB (=1048576) (default)
2019-09-28 01:31:40,259 [main] INFO  server.RaftServerConfigKeys (ConfUtils.java:logGet(43)) - raft.server.rpc.request.timeout = 3000ms (default)
2019-09-28 01:31:40,260 [main] INFO  server.RaftServerConfigKeys (ConfUtils.java:logGet(43)) - raft.server.storage.dir = [/workdir/hadoop-ozone/integration-test/target/test-dir/MiniOzoneClusterImpl-020b4dfa-e8b5-437d-83dd-89670c7d8075/datanode-5/data/ratis] (custom)
2019-09-28 01:31:40,261 [main] INFO  hdfs.DFSUtil (DFSUtil.java:httpServerTemplateForNNAndJN(1641)) - Starting Web-server for hddsDatanode at: http://0.0.0.0:0
2019-09-28 01:31:40,262 [main] INFO  server.AuthenticationFilter (AuthenticationFilter.java:constructSecretProvider(240)) - Unable to initialize FileSignerSecretProvider, falling back to use random secrets.
2019-09-28 01:31:40,263 [main] WARN  http.HttpRequestLog (HttpRequestLog.java:getRequestLog(97)) - Jetty request log can only be enabled using Log4j
2019-09-28 01:31:40,264 [main] INFO  http.HttpServer2 (HttpServer2.java:addGlobalFilter(975)) - Added global filter 'safety' (class=org.apache.hadoop.http.HttpServer2$QuotingInputFilter)
2019-09-28 01:31:40,265 [main] INFO  http.HttpServer2 (HttpServer2.java:addFilter(948)) - Added filter static_user_filter (class=org.apache.hadoop.http.lib.StaticUserWebFilter$StaticUserFilter) to context hddsDatanode
2019-09-28 01:31:40,265 [main] INFO  http.HttpServer2 (HttpServer2.java:addFilter(958)) - Added filter static_user_filter (class=org.apache.hadoop.http.lib.StaticUserWebFilter$StaticUserFilter) to context static
2019-09-28 01:31:40,265 [main] INFO  http.HttpServer2 (HttpServer2.java:addFilter(958)) - Added filter static_user_filter (class=org.apache.hadoop.http.lib.StaticUserWebFilter$StaticUserFilter) to context logs
2019-09-28 01:31:40,266 [main] INFO  http.HttpServer2 (HttpServer2.java:bindListener(1191)) - Jetty bound to port 46581
2019-09-28 01:31:40,266 [main] INFO  server.Server (Server.java:doStart(351)) - jetty-9.3.25.v20180904, build timestamp: 2018-09-04T21:11:46Z, git hash: 3ce520221d0240229c862b122d2b06c12a625732
2019-09-28 01:31:40,268 [main] INFO  handler.ContextHandler (ContextHandler.java:doStart(781)) - Started o.e.j.s.ServletContextHandler@68f0f72c{/logs,file:///workdir/hadoop-ozone/integration-test/target/log,AVAILABLE}
2019-09-28 01:31:40,268 [main] INFO  handler.ContextHandler (ContextHandler.java:doStart(781)) - Started o.e.j.s.ServletContextHandler@3b545206{/static,jar:file:/home/user/.m2/repository/org/apache/hadoop/hadoop-hdds-container-service/0.5.0-SNAPSHOT/hadoop-hdds-container-service-0.5.0-SNAPSHOT.jar!/webapps/static,AVAILABLE}
2019-09-28 01:31:40,296 [main] INFO  handler.ContextHandler (ContextHandler.java:doStart(781)) - Started o.e.j.w.WebAppContext@3d0035d2{/,file:///tmp/jetty-0.0.0.0-46581-hddsDatanode-_-any-5119733231089954570.dir/webapp/,AVAILABLE}{/hddsDatanode}
2019-09-28 01:31:40,297 [main] INFO  server.AbstractConnector (AbstractConnector.java:doStart(278)) - Started ServerConnector@2bfb6b49{HTTP/1.1,[http/1.1]}{0.0.0.0:46581}
2019-09-28 01:31:40,298 [main] INFO  server.Server (Server.java:doStart(419)) - Started @6039ms
2019-09-28 01:31:40,298 [main] WARN  impl.MetricsSystemImpl (MetricsSystemImpl.java:register(276)) - Sink prometheus already exists!
2019-09-28 01:31:40,299 [main] INFO  server.BaseHttpServer (BaseHttpServer.java:updateConnectorAddress(215)) - HTTP server of HDDSDATANODE is listening at http://0.0.0.0:46581
2019-09-28 01:31:40,299 [main] INFO  impl.MetricsSystemImpl (MetricsSystemImpl.java:init(158)) - HddsDatanode metrics system started (again)
2019-09-28 01:31:40,303 [main] INFO  ozone.HddsDatanodeService (HddsDatanodeService.java:start(184)) - HddsDatanodeService host:pr-hdds-2162-8g7kw-3348123894 ip:192.168.151.82
2019-09-28 01:31:40,303 [org.apache.hadoop.util.JvmPauseMonitor$Monitor@26c3dec9] INFO  util.JvmPauseMonitor (JvmPauseMonitor.java:run(188)) - Starting JVM pause monitor
2019-09-28 01:31:40,307 [Datanode State Machine Thread - 0] INFO  datanode.InitDatanodeState (InitDatanodeState.java:persistContainerDatanodeDetails(140)) - DatanodeDetails is persisted to /workdir/hadoop-ozone/integration-test/target/test-dir/MiniOzoneClusterImpl-020b4dfa-e8b5-437d-83dd-89670c7d8075/datanode-5/meta/datanode.id
2019-09-28 01:31:40,311 [main] INFO  volume.HddsVolume (HddsVolume.java:<init>(176)) - Creating Volume: /workdir/hadoop-ozone/integration-test/target/test-dir/MiniOzoneClusterImpl-020b4dfa-e8b5-437d-83dd-89670c7d8075/datanode-6/data/containers/hdds of  storage type : DISK and capacity : 1482555576320
2019-09-28 01:31:40,311 [main] INFO  volume.VolumeSet (VolumeSet.java:initializeVolumeSet(170)) - Added Volume : /workdir/hadoop-ozone/integration-test/target/test-dir/MiniOzoneClusterImpl-020b4dfa-e8b5-437d-83dd-89670c7d8075/datanode-6/data/containers/hdds to VolumeSet
2019-09-28 01:31:40,311 [main] INFO  volume.ThrottledAsyncChecker (ThrottledAsyncChecker.java:schedule(139)) - Scheduling a check for org.apache.hadoop.ozone.container.common.volume.HddsVolume@173a6728
2019-09-28 01:31:40,312 [main] INFO  volume.HddsVolumeChecker (HddsVolumeChecker.java:checkAllVolumes(202)) - Scheduled health check for volume org.apache.hadoop.ozone.container.common.volume.HddsVolume@173a6728
2019-09-28 01:31:40,324 [main] INFO  impl.RaftServerProxy (ConfUtils.java:logGet(43)) - raft.rpc.type = GRPC (default)
2019-09-28 01:31:40,324 [main] INFO  grpc.GrpcFactory (GrpcFactory.java:checkPooledByteBufAllocatorUseCacheForAllThreads(45)) - PERFORMANCE WARNING: useCacheForAllThreads is true that may cause Netty to create a lot garbage objects and, as a result, trigger GC.
	It is recommended to disable useCacheForAllThreads by setting -Dorg.apache.ratis.thirdparty.io.netty.allocator.useCacheForAllThreads=false in command line.
2019-09-28 01:31:40,324 [main] INFO  grpc.GrpcConfigKeys$Server (ConfUtils.java:logGet(43)) - raft.grpc.server.port = 0 (default)
2019-09-28 01:31:40,325 [main] INFO  server.GrpcService (ConfUtils.java:logGet(43)) - raft.grpc.message.size.max = 33570816 (custom)
2019-09-28 01:31:40,325 [main] INFO  server.RaftServerConfigKeys (ConfUtils.java:logGet(43)) - raft.server.log.appender.buffer.byte-limit = 33554432 (custom)
2019-09-28 01:31:40,325 [main] INFO  server.GrpcService (ConfUtils.java:logGet(43)) - raft.grpc.flow.control.window = 1MB (=1048576) (default)
2019-09-28 01:31:40,325 [main] INFO  server.RaftServerConfigKeys (ConfUtils.java:logGet(43)) - raft.server.rpc.request.timeout = 3000ms (default)
2019-09-28 01:31:40,326 [main] INFO  server.RaftServerConfigKeys (ConfUtils.java:logGet(43)) - raft.server.storage.dir = [/workdir/hadoop-ozone/integration-test/target/test-dir/MiniOzoneClusterImpl-020b4dfa-e8b5-437d-83dd-89670c7d8075/datanode-6/data/ratis] (custom)
2019-09-28 01:31:40,327 [main] INFO  hdfs.DFSUtil (DFSUtil.java:httpServerTemplateForNNAndJN(1641)) - Starting Web-server for hddsDatanode at: http://0.0.0.0:0
2019-09-28 01:31:40,328 [main] INFO  server.AuthenticationFilter (AuthenticationFilter.java:constructSecretProvider(240)) - Unable to initialize FileSignerSecretProvider, falling back to use random secrets.
2019-09-28 01:31:40,329 [main] WARN  http.HttpRequestLog (HttpRequestLog.java:getRequestLog(97)) - Jetty request log can only be enabled using Log4j
2019-09-28 01:31:40,330 [main] INFO  http.HttpServer2 (HttpServer2.java:addGlobalFilter(975)) - Added global filter 'safety' (class=org.apache.hadoop.http.HttpServer2$QuotingInputFilter)
2019-09-28 01:31:40,331 [main] INFO  http.HttpServer2 (HttpServer2.java:addFilter(948)) - Added filter static_user_filter (class=org.apache.hadoop.http.lib.StaticUserWebFilter$StaticUserFilter) to context hddsDatanode
2019-09-28 01:31:40,331 [main] INFO  http.HttpServer2 (HttpServer2.java:addFilter(958)) - Added filter static_user_filter (class=org.apache.hadoop.http.lib.StaticUserWebFilter$StaticUserFilter) to context static
2019-09-28 01:31:40,331 [main] INFO  http.HttpServer2 (HttpServer2.java:addFilter(958)) - Added filter static_user_filter (class=org.apache.hadoop.http.lib.StaticUserWebFilter$StaticUserFilter) to context logs
2019-09-28 01:31:40,332 [main] INFO  http.HttpServer2 (HttpServer2.java:bindListener(1191)) - Jetty bound to port 38619
2019-09-28 01:31:40,332 [main] INFO  server.Server (Server.java:doStart(351)) - jetty-9.3.25.v20180904, build timestamp: 2018-09-04T21:11:46Z, git hash: 3ce520221d0240229c862b122d2b06c12a625732
2019-09-28 01:31:40,333 [main] INFO  handler.ContextHandler (ContextHandler.java:doStart(781)) - Started o.e.j.s.ServletContextHandler@1e1e9ef3{/logs,file:///workdir/hadoop-ozone/integration-test/target/log,AVAILABLE}
2019-09-28 01:31:40,334 [main] INFO  handler.ContextHandler (ContextHandler.java:doStart(781)) - Started o.e.j.s.ServletContextHandler@31c628e7{/static,jar:file:/home/user/.m2/repository/org/apache/hadoop/hadoop-hdds-container-service/0.5.0-SNAPSHOT/hadoop-hdds-container-service-0.5.0-SNAPSHOT.jar!/webapps/static,AVAILABLE}
2019-09-28 01:31:40,363 [main] INFO  handler.ContextHandler (ContextHandler.java:doStart(781)) - Started o.e.j.w.WebAppContext@5c5d6175{/,file:///tmp/jetty-0.0.0.0-38619-hddsDatanode-_-any-400792668444802873.dir/webapp/,AVAILABLE}{/hddsDatanode}
2019-09-28 01:31:40,363 [main] INFO  server.AbstractConnector (AbstractConnector.java:doStart(278)) - Started ServerConnector@7544ac86{HTTP/1.1,[http/1.1]}{0.0.0.0:38619}
2019-09-28 01:31:40,364 [main] INFO  server.Server (Server.java:doStart(419)) - Started @6105ms
2019-09-28 01:31:40,365 [main] WARN  impl.MetricsSystemImpl (MetricsSystemImpl.java:register(276)) - Sink prometheus already exists!
2019-09-28 01:31:40,365 [main] INFO  server.BaseHttpServer (BaseHttpServer.java:updateConnectorAddress(215)) - HTTP server of HDDSDATANODE is listening at http://0.0.0.0:38619
2019-09-28 01:31:40,367 [main] INFO  ozone.MiniOzoneClusterImpl (MiniOzoneClusterImpl.java:lambda$waitForClusterToBeReady$0(147)) - Waiting for cluster to be ready. Got 0 of 7 DN Heartbeats.
2019-09-28 01:31:40,369 [org.apache.hadoop.util.JvmPauseMonitor$Monitor@ef0689c] INFO  util.JvmPauseMonitor (JvmPauseMonitor.java:run(188)) - Starting JVM pause monitor
2019-09-28 01:31:40,373 [Datanode State Machine Thread - 0] INFO  datanode.InitDatanodeState (InitDatanodeState.java:persistContainerDatanodeDetails(140)) - DatanodeDetails is persisted to /workdir/hadoop-ozone/integration-test/target/test-dir/MiniOzoneClusterImpl-020b4dfa-e8b5-437d-83dd-89670c7d8075/datanode-6/meta/datanode.id
2019-09-28 01:31:41,368 [main] INFO  ozone.MiniOzoneClusterImpl (MiniOzoneClusterImpl.java:lambda$waitForClusterToBeReady$0(147)) - Waiting for cluster to be ready. Got 0 of 7 DN Heartbeats.
2019-09-28 01:31:42,014 [Datanode State Machine Thread - 0] INFO  ozoneimpl.OzoneContainer (OzoneContainer.java:start(217)) - Attempting to start container services.
2019-09-28 01:31:42,018 [Datanode State Machine Thread - 0] INFO  ozoneimpl.OzoneContainer (OzoneContainer.java:startContainerScrub(179)) - Background container scanner has been disabled.
2019-09-28 01:31:42,018 [Datanode State Machine Thread - 0] INFO  ratis.XceiverServerRatis (XceiverServerRatis.java:start(411)) - Starting XceiverServerRatis 28d4d4d3-7677-4732-a671-8df8988bf2f7 at port 0
2019-09-28 01:31:42,039 [Datanode State Machine Thread - 0] INFO  ozoneimpl.OzoneContainer (OzoneContainer.java:start(217)) - Attempting to start container services.
2019-09-28 01:31:42,046 [Datanode State Machine Thread - 0] INFO  ozoneimpl.OzoneContainer (OzoneContainer.java:startContainerScrub(179)) - Background container scanner has been disabled.
2019-09-28 01:31:42,046 [Datanode State Machine Thread - 0] INFO  ratis.XceiverServerRatis (XceiverServerRatis.java:start(411)) - Starting XceiverServerRatis 0d70ad3c-800c-48db-bdd0-be4353c958fd at port 0
2019-09-28 01:31:42,060 [Datanode State Machine Thread - 0] INFO  impl.RaftServerProxy (RaftServerProxy.java:lambda$start$3(299)) - 28d4d4d3-7677-4732-a671-8df8988bf2f7: start RPC server
2019-09-28 01:31:42,065 [Datanode State Machine Thread - 0] INFO  impl.RaftServerProxy (RaftServerProxy.java:lambda$start$3(299)) - 0d70ad3c-800c-48db-bdd0-be4353c958fd: start RPC server
2019-09-28 01:31:42,110 [Datanode State Machine Thread - 0] INFO  ozoneimpl.OzoneContainer (OzoneContainer.java:start(217)) - Attempting to start container services.
2019-09-28 01:31:42,114 [Datanode State Machine Thread - 0] INFO  ozoneimpl.OzoneContainer (OzoneContainer.java:startContainerScrub(179)) - Background container scanner has been disabled.
2019-09-28 01:31:42,114 [Datanode State Machine Thread - 0] INFO  ratis.XceiverServerRatis (XceiverServerRatis.java:start(411)) - Starting XceiverServerRatis 92b20fe8-050f-41a4-8782-fc291bf59358 at port 0
2019-09-28 01:31:42,123 [Datanode State Machine Thread - 0] INFO  impl.RaftServerProxy (RaftServerProxy.java:lambda$start$3(299)) - 92b20fe8-050f-41a4-8782-fc291bf59358: start RPC server
2019-09-28 01:31:42,182 [Datanode State Machine Thread - 0] INFO  ozoneimpl.OzoneContainer (OzoneContainer.java:start(217)) - Attempting to start container services.
2019-09-28 01:31:42,182 [Datanode State Machine Thread - 0] INFO  ozoneimpl.OzoneContainer (OzoneContainer.java:startContainerScrub(179)) - Background container scanner has been disabled.
2019-09-28 01:31:42,183 [Datanode State Machine Thread - 0] INFO  ratis.XceiverServerRatis (XceiverServerRatis.java:start(411)) - Starting XceiverServerRatis 11611bd1-c795-477d-9d02-ae33d9af50bf at port 0
2019-09-28 01:31:42,191 [Datanode State Machine Thread - 0] INFO  impl.RaftServerProxy (RaftServerProxy.java:lambda$start$3(299)) - 11611bd1-c795-477d-9d02-ae33d9af50bf: start RPC server
2019-09-28 01:31:42,230 [Datanode State Machine Thread - 0] INFO  server.GrpcService (GrpcService.java:startImpl(158)) - 0d70ad3c-800c-48db-bdd0-be4353c958fd: GrpcService started, listening on 0.0.0.0/0.0.0.0:46429
2019-09-28 01:31:42,229 [Datanode State Machine Thread - 0] INFO  server.GrpcService (GrpcService.java:startImpl(158)) - 11611bd1-c795-477d-9d02-ae33d9af50bf: GrpcService started, listening on 0.0.0.0/0.0.0.0:44375
2019-09-28 01:31:42,229 [Datanode State Machine Thread - 0] INFO  server.GrpcService (GrpcService.java:startImpl(158)) - 92b20fe8-050f-41a4-8782-fc291bf59358: GrpcService started, listening on 0.0.0.0/0.0.0.0:36626
2019-09-28 01:31:42,229 [Datanode State Machine Thread - 0] INFO  server.GrpcService (GrpcService.java:startImpl(158)) - 28d4d4d3-7677-4732-a671-8df8988bf2f7: GrpcService started, listening on 0.0.0.0/0.0.0.0:34131
2019-09-28 01:31:42,230 [Datanode State Machine Thread - 0] INFO  ratis.XceiverServerRatis (XceiverServerRatis.java:start(421)) - XceiverServerRatis 92b20fe8-050f-41a4-8782-fc291bf59358 is started using port 36626
2019-09-28 01:31:42,230 [Datanode State Machine Thread - 0] INFO  ratis.XceiverServerRatis (XceiverServerRatis.java:start(421)) - XceiverServerRatis 11611bd1-c795-477d-9d02-ae33d9af50bf is started using port 44375
2019-09-28 01:31:42,230 [Datanode State Machine Thread - 0] INFO  ratis.XceiverServerRatis (XceiverServerRatis.java:start(421)) - XceiverServerRatis 0d70ad3c-800c-48db-bdd0-be4353c958fd is started using port 46429
2019-09-28 01:31:42,231 [Datanode State Machine Thread - 0] INFO  ratis.XceiverServerRatis (XceiverServerRatis.java:start(421)) - XceiverServerRatis 28d4d4d3-7677-4732-a671-8df8988bf2f7 is started using port 34131
2019-09-28 01:31:42,239 [Datanode State Machine Thread - 0] INFO  server.XceiverServerGrpc (XceiverServerGrpc.java:start(149)) - XceiverServerGrpc 11611bd1-c795-477d-9d02-ae33d9af50bf is started using port 38263
2019-09-28 01:31:42,239 [Datanode State Machine Thread - 0] INFO  server.XceiverServerGrpc (XceiverServerGrpc.java:start(149)) - XceiverServerGrpc 28d4d4d3-7677-4732-a671-8df8988bf2f7 is started using port 35855
2019-09-28 01:31:42,240 [Datanode State Machine Thread - 0] INFO  server.XceiverServerGrpc (XceiverServerGrpc.java:start(149)) - XceiverServerGrpc 92b20fe8-050f-41a4-8782-fc291bf59358 is started using port 40583
2019-09-28 01:31:42,240 [Datanode State Machine Thread - 0] INFO  server.XceiverServerGrpc (XceiverServerGrpc.java:start(149)) - XceiverServerGrpc 0d70ad3c-800c-48db-bdd0-be4353c958fd is started using port 43138
2019-09-28 01:31:42,253 [Datanode State Machine Thread - 0] INFO  ozoneimpl.OzoneContainer (OzoneContainer.java:start(217)) - Attempting to start container services.
2019-09-28 01:31:42,254 [Datanode State Machine Thread - 0] INFO  ozoneimpl.OzoneContainer (OzoneContainer.java:startContainerScrub(179)) - Background container scanner has been disabled.
2019-09-28 01:31:42,254 [Datanode State Machine Thread - 0] INFO  ratis.XceiverServerRatis (XceiverServerRatis.java:start(411)) - Starting XceiverServerRatis c3b44230-8055-4b96-b4ab-49ab84a19ebc at port 0
2019-09-28 01:31:42,261 [Datanode State Machine Thread - 0] INFO  impl.RaftServerProxy (RaftServerProxy.java:lambda$start$3(299)) - c3b44230-8055-4b96-b4ab-49ab84a19ebc: start RPC server
2019-09-28 01:31:42,263 [Datanode State Machine Thread - 0] INFO  server.GrpcService (GrpcService.java:startImpl(158)) - c3b44230-8055-4b96-b4ab-49ab84a19ebc: GrpcService started, listening on 0.0.0.0/0.0.0.0:36365
2019-09-28 01:31:42,263 [Datanode State Machine Thread - 0] INFO  ratis.XceiverServerRatis (XceiverServerRatis.java:start(421)) - XceiverServerRatis c3b44230-8055-4b96-b4ab-49ab84a19ebc is started using port 36365
2019-09-28 01:31:42,266 [Datanode State Machine Thread - 0] INFO  server.XceiverServerGrpc (XceiverServerGrpc.java:start(149)) - XceiverServerGrpc c3b44230-8055-4b96-b4ab-49ab84a19ebc is started using port 37700
2019-09-28 01:31:42,320 [Datanode State Machine Thread - 0] INFO  ozoneimpl.OzoneContainer (OzoneContainer.java:start(217)) - Attempting to start container services.
2019-09-28 01:31:42,320 [Datanode State Machine Thread - 0] INFO  ozoneimpl.OzoneContainer (OzoneContainer.java:startContainerScrub(179)) - Background container scanner has been disabled.
2019-09-28 01:31:42,320 [Datanode State Machine Thread - 0] INFO  ratis.XceiverServerRatis (XceiverServerRatis.java:start(411)) - Starting XceiverServerRatis d1a01b5b-d60a-49c4-97e7-79bbe5f8e904 at port 0
2019-09-28 01:31:42,327 [Datanode State Machine Thread - 0] INFO  impl.RaftServerProxy (RaftServerProxy.java:lambda$start$3(299)) - d1a01b5b-d60a-49c4-97e7-79bbe5f8e904: start RPC server
2019-09-28 01:31:42,330 [Datanode State Machine Thread - 0] INFO  server.GrpcService (GrpcService.java:startImpl(158)) - d1a01b5b-d60a-49c4-97e7-79bbe5f8e904: GrpcService started, listening on 0.0.0.0/0.0.0.0:44492
2019-09-28 01:31:42,331 [Datanode State Machine Thread - 0] INFO  ratis.XceiverServerRatis (XceiverServerRatis.java:start(421)) - XceiverServerRatis d1a01b5b-d60a-49c4-97e7-79bbe5f8e904 is started using port 44492
2019-09-28 01:31:42,334 [Datanode State Machine Thread - 0] INFO  server.XceiverServerGrpc (XceiverServerGrpc.java:start(149)) - XceiverServerGrpc d1a01b5b-d60a-49c4-97e7-79bbe5f8e904 is started using port 40615
2019-09-28 01:31:42,368 [main] INFO  ozone.MiniOzoneClusterImpl (MiniOzoneClusterImpl.java:lambda$waitForClusterToBeReady$0(147)) - Waiting for cluster to be ready. Got 0 of 7 DN Heartbeats.
2019-09-28 01:31:42,385 [Datanode State Machine Thread - 0] INFO  ozoneimpl.OzoneContainer (OzoneContainer.java:start(217)) - Attempting to start container services.
2019-09-28 01:31:42,385 [Datanode State Machine Thread - 0] INFO  ozoneimpl.OzoneContainer (OzoneContainer.java:startContainerScrub(179)) - Background container scanner has been disabled.
2019-09-28 01:31:42,385 [Datanode State Machine Thread - 0] INFO  ratis.XceiverServerRatis (XceiverServerRatis.java:start(411)) - Starting XceiverServerRatis ccbab465-acd2-4d0b-812c-0f594a54c5b2 at port 0
2019-09-28 01:31:42,394 [Datanode State Machine Thread - 0] INFO  impl.RaftServerProxy (RaftServerProxy.java:lambda$start$3(299)) - ccbab465-acd2-4d0b-812c-0f594a54c5b2: start RPC server
2019-09-28 01:31:42,397 [Datanode State Machine Thread - 0] INFO  server.GrpcService (GrpcService.java:startImpl(158)) - ccbab465-acd2-4d0b-812c-0f594a54c5b2: GrpcService started, listening on 0.0.0.0/0.0.0.0:38951
2019-09-28 01:31:42,397 [Datanode State Machine Thread - 0] INFO  ratis.XceiverServerRatis (XceiverServerRatis.java:start(421)) - XceiverServerRatis ccbab465-acd2-4d0b-812c-0f594a54c5b2 is started using port 38951
2019-09-28 01:31:42,401 [Datanode State Machine Thread - 0] INFO  server.XceiverServerGrpc (XceiverServerGrpc.java:start(149)) - XceiverServerGrpc ccbab465-acd2-4d0b-812c-0f594a54c5b2 is started using port 46592
2019-09-28 01:31:43,369 [main] INFO  ozone.MiniOzoneClusterImpl (MiniOzoneClusterImpl.java:lambda$waitForClusterToBeReady$0(147)) - Waiting for cluster to be ready. Got 0 of 7 DN Heartbeats.
2019-09-28 01:31:44,003 [IPC Server handler 1 on 33321] INFO  net.NetworkTopology (NetworkTopologyImpl.java:add(111)) - Added a new node: /default-rack/28d4d4d3-7677-4732-a671-8df8988bf2f7
2019-09-28 01:31:44,004 [IPC Server handler 1 on 33321] INFO  node.SCMNodeManager (SCMNodeManager.java:register(266)) - Registered Data node : 28d4d4d3-7677-4732-a671-8df8988bf2f7{ip: 192.168.151.82, host: pr-hdds-2162-8g7kw-3348123894, networkLocation: /default-rack, certSerialId: null}
2019-09-28 01:31:44,010 [EventQueue-NodeRegistrationContainerReportForDataNodeSafeModeRule] INFO  safemode.SCMSafeModeManager (DataNodeSafeModeRule.java:process(71)) - SCM in safe mode. 1 DataNodes registered, 1 required.
2019-09-28 01:31:44,010 [EventQueue-NodeRegistrationContainerReportForDataNodeSafeModeRule] INFO  safemode.SCMSafeModeManager (SCMSafeModeManager.java:validateSafeModeExitRules(177)) - ScmSafeModeManager, all rules are successfully validated
2019-09-28 01:31:44,010 [EventQueue-NodeRegistrationContainerReportForDataNodeSafeModeRule] INFO  safemode.SCMSafeModeManager (SCMSafeModeManager.java:exitSafeMode(193)) - SCM exiting safe mode.
2019-09-28 01:31:44,026 [IPC Server handler 2 on 33321] INFO  net.NetworkTopology (NetworkTopologyImpl.java:add(111)) - Added a new node: /default-rack/0d70ad3c-800c-48db-bdd0-be4353c958fd
2019-09-28 01:31:44,026 [IPC Server handler 2 on 33321] INFO  node.SCMNodeManager (SCMNodeManager.java:register(266)) - Registered Data node : 0d70ad3c-800c-48db-bdd0-be4353c958fd{ip: 192.168.151.82, host: pr-hdds-2162-8g7kw-3348123894, networkLocation: /default-rack, certSerialId: null}
2019-09-28 01:31:44,096 [IPC Server handler 3 on 33321] INFO  net.NetworkTopology (NetworkTopologyImpl.java:add(111)) - Added a new node: /default-rack/92b20fe8-050f-41a4-8782-fc291bf59358
2019-09-28 01:31:44,096 [IPC Server handler 3 on 33321] INFO  node.SCMNodeManager (SCMNodeManager.java:register(266)) - Registered Data node : 92b20fe8-050f-41a4-8782-fc291bf59358{ip: 192.168.151.82, host: pr-hdds-2162-8g7kw-3348123894, networkLocation: /default-rack, certSerialId: null}
2019-09-28 01:31:44,171 [IPC Server handler 4 on 33321] INFO  net.NetworkTopology (NetworkTopologyImpl.java:add(111)) - Added a new node: /default-rack/11611bd1-c795-477d-9d02-ae33d9af50bf
2019-09-28 01:31:44,172 [IPC Server handler 4 on 33321] INFO  node.SCMNodeManager (SCMNodeManager.java:register(266)) - Registered Data node : 11611bd1-c795-477d-9d02-ae33d9af50bf{ip: 192.168.151.82, host: pr-hdds-2162-8g7kw-3348123894, networkLocation: /default-rack, certSerialId: null}
2019-09-28 01:31:44,240 [IPC Server handler 5 on 33321] INFO  net.NetworkTopology (NetworkTopologyImpl.java:add(111)) - Added a new node: /default-rack/c3b44230-8055-4b96-b4ab-49ab84a19ebc
2019-09-28 01:31:44,240 [IPC Server handler 5 on 33321] INFO  node.SCMNodeManager (SCMNodeManager.java:register(266)) - Registered Data node : c3b44230-8055-4b96-b4ab-49ab84a19ebc{ip: 192.168.151.82, host: pr-hdds-2162-8g7kw-3348123894, networkLocation: /default-rack, certSerialId: null}
2019-09-28 01:31:44,308 [IPC Server handler 6 on 33321] INFO  net.NetworkTopology (NetworkTopologyImpl.java:add(111)) - Added a new node: /default-rack/d1a01b5b-d60a-49c4-97e7-79bbe5f8e904
2019-09-28 01:31:44,308 [IPC Server handler 6 on 33321] INFO  node.SCMNodeManager (SCMNodeManager.java:register(266)) - Registered Data node : d1a01b5b-d60a-49c4-97e7-79bbe5f8e904{ip: 192.168.151.82, host: pr-hdds-2162-8g7kw-3348123894, networkLocation: /default-rack, certSerialId: null}
2019-09-28 01:31:44,370 [main] INFO  ozone.MiniOzoneClusterImpl (MiniOzoneClusterImpl.java:lambda$waitForClusterToBeReady$0(147)) - Waiting for cluster to be ready. Got 6 of 7 DN Heartbeats.
2019-09-28 01:31:44,374 [IPC Server handler 7 on 33321] INFO  net.NetworkTopology (NetworkTopologyImpl.java:add(111)) - Added a new node: /default-rack/ccbab465-acd2-4d0b-812c-0f594a54c5b2
2019-09-28 01:31:44,374 [IPC Server handler 7 on 33321] INFO  node.SCMNodeManager (SCMNodeManager.java:register(266)) - Registered Data node : ccbab465-acd2-4d0b-812c-0f594a54c5b2{ip: 192.168.151.82, host: pr-hdds-2162-8g7kw-3348123894, networkLocation: /default-rack, certSerialId: null}
2019-09-28 01:31:44,592 [grpc-default-executor-0] INFO  impl.RaftServerProxy (RaftServerProxy.java:addNew(89)) - 28d4d4d3-7677-4732-a671-8df8988bf2f7: addNew group-92D3A945E019:[28d4d4d3-7677-4732-a671-8df8988bf2f7:192.168.151.82:34131] returns group-92D3A945E019:java.util.concurrent.CompletableFuture@280b90b2[Not completed]
2019-09-28 01:31:44,612 [pool-27-thread-1] INFO  impl.RaftServerImpl (RaftServerImpl.java:<init>(95)) - 28d4d4d3-7677-4732-a671-8df8988bf2f7: new RaftServerImpl for group-92D3A945E019:[28d4d4d3-7677-4732-a671-8df8988bf2f7:192.168.151.82:34131] with ContainerStateMachine:uninitialized
2019-09-28 01:31:44,614 [pool-27-thread-1] INFO  server.RaftServerConfigKeys (ConfUtils.java:logGet(43)) - raft.server.rpc.timeout.min = 5s (custom)
2019-09-28 01:31:44,615 [pool-27-thread-1] INFO  server.RaftServerConfigKeys (ConfUtils.java:logGet(43)) - raft.server.rpc.timeout.max = 5200ms (custom)
2019-09-28 01:31:44,616 [pool-27-thread-1] INFO  server.RaftServerConfigKeys (ConfUtils.java:logGet(43)) - raft.server.rpcslowness.timeout = 120s (custom)
2019-09-28 01:31:44,616 [pool-27-thread-1] INFO  server.RaftServerConfigKeys (ConfUtils.java:logGet(43)) - raft.server.sleep.deviation.threshold = 300 (default)
2019-09-28 01:31:44,617 [pool-27-thread-1] INFO  server.RaftServerConfigKeys (ConfUtils.java:logGet(43)) - raft.server.log.appender.install.snapshot.enabled = false (custom)
2019-09-28 01:31:44,623 [pool-27-thread-1] INFO  impl.RaftServerImpl (ServerState.java:<init>(103)) - 28d4d4d3-7677-4732-a671-8df8988bf2f7@group-92D3A945E019: ConfigurationManager, init=-1: [28d4d4d3-7677-4732-a671-8df8988bf2f7:192.168.151.82:34131], old=null, confs=<EMPTY_MAP>
2019-09-28 01:31:44,624 [pool-27-thread-1] INFO  server.RaftServerConfigKeys (ConfUtils.java:logGet(43)) - raft.server.storage.dir = [/workdir/hadoop-ozone/integration-test/target/test-dir/MiniOzoneClusterImpl-020b4dfa-e8b5-437d-83dd-89670c7d8075/datanode-0/data/ratis] (custom)
2019-09-28 01:31:44,630 [pool-27-thread-1] INFO  storage.RaftStorageDirectory (RaftStorageDirectory.java:analyzeStorage(246)) - The storage directory /workdir/hadoop-ozone/integration-test/target/test-dir/MiniOzoneClusterImpl-020b4dfa-e8b5-437d-83dd-89670c7d8075/datanode-0/data/ratis/116eaf9f-bbec-4f01-a1f6-92d3a945e019 does not exist. Creating ...
2019-09-28 01:31:44,646 [pool-27-thread-1] INFO  storage.RaftStorageDirectory (RaftStorageDirectory.java:tryLock(328)) - Lock on /workdir/hadoop-ozone/integration-test/target/test-dir/MiniOzoneClusterImpl-020b4dfa-e8b5-437d-83dd-89670c7d8075/datanode-0/data/ratis/116eaf9f-bbec-4f01-a1f6-92d3a945e019/in_use.lock acquired by nodename 16201@pr-hdds-2162-8g7kw-3348123894
2019-09-28 01:31:44,661 [pool-27-thread-1] INFO  storage.RaftStorage (RaftStorage.java:format(72)) - Storage directory /workdir/hadoop-ozone/integration-test/target/test-dir/MiniOzoneClusterImpl-020b4dfa-e8b5-437d-83dd-89670c7d8075/datanode-0/data/ratis/116eaf9f-bbec-4f01-a1f6-92d3a945e019 has been successfully formatted.
2019-09-28 01:31:44,662 [pool-27-thread-1] INFO  ratis.ContainerStateMachine (ContainerStateMachine.java:loadSnapshot(230)) - group-92D3A945E019: The snapshot info is null. Setting the last applied indexto:(t:0, i:~)
2019-09-28 01:31:44,663 [pool-27-thread-1] INFO  server.RaftServerConfigKeys (ConfUtils.java:logGet(43)) - raft.server.notification.no-leader.timeout = 120s (custom)
2019-09-28 01:31:44,665 [pool-27-thread-1] INFO  server.RaftServerConfigKeys (ConfUtils.java:logGet(43)) - raft.server.log.use.memory = false (default)
2019-09-28 01:31:44,670 [pool-27-thread-1] INFO  server.RaftServerConfigKeys (ConfUtils.java:logGet(43)) - raft.server.log.purge.gap = 1000000 (custom)
2019-09-28 01:31:44,670 [pool-27-thread-1] INFO  server.RaftServerConfigKeys (ConfUtils.java:logGet(43)) - raft.server.log.appender.buffer.byte-limit = 33554432 (custom)
2019-09-28 01:31:44,673 [pool-27-thread-1] INFO  server.RaftServerConfigKeys (ConfUtils.java:logGet(43)) - raft.server.log.segment.size.max = 1048576 (custom)
2019-09-28 01:31:44,681 [pool-27-thread-1] INFO  server.RaftServerConfigKeys (ConfUtils.java:logGet(43)) - raft.server.log.segment.cache.num.max = 2 (custom)
2019-09-28 01:31:44,690 [pool-27-thread-1] INFO  segmented.SegmentedRaftLogWorker (SegmentedRaftLogWorker.java:<init>(172)) - new 28d4d4d3-7677-4732-a671-8df8988bf2f7@group-92D3A945E019-SegmentedRaftLogWorker for RaftStorage:Storage Directory /workdir/hadoop-ozone/integration-test/target/test-dir/MiniOzoneClusterImpl-020b4dfa-e8b5-437d-83dd-89670c7d8075/datanode-0/data/ratis/116eaf9f-bbec-4f01-a1f6-92d3a945e019
2019-09-28 01:31:44,692 [pool-27-thread-1] INFO  impl.MetricsSystemImpl (MetricsSystemImpl.java:init(158)) - ratis metrics system started (again)
2019-09-28 01:31:44,701 [pool-27-thread-1] INFO  metrics.MetricRegistries (MetricRegistriesLoader.java:load(64)) - Loaded MetricRegistries class org.apache.ratis.metrics.impl.MetricRegistriesImpl
2019-09-28 01:31:44,739 [pool-27-thread-1] INFO  server.RaftServerConfigKeys (ConfUtils.java:logGet(43)) - raft.server.log.queue.byte-limit = 2147483647 (custom)
2019-09-28 01:31:44,740 [pool-27-thread-1] INFO  server.RaftServerConfigKeys (ConfUtils.java:logGet(43)) - raft.server.log.queue.element-limit = 1024 (custom)
2019-09-28 01:31:44,744 [pool-27-thread-1] INFO  server.RaftServerConfigKeys (ConfUtils.java:logGet(43)) - raft.server.log.segment.size.max = 1048576 (custom)
2019-09-28 01:31:44,744 [pool-27-thread-1] INFO  server.RaftServerConfigKeys (ConfUtils.java:logGet(43)) - raft.server.log.preallocated.size = 16384 (custom)
2019-09-28 01:31:44,745 [pool-27-thread-1] INFO  server.RaftServerConfigKeys (ConfUtils.java:logGet(43)) - raft.server.log.write.buffer.size = 33554432 (custom)
2019-09-28 01:31:44,746 [pool-27-thread-1] INFO  server.RaftServerConfigKeys (ConfUtils.java:logGet(43)) - raft.server.log.force.sync.num = 128 (default)
2019-09-28 01:31:44,747 [pool-27-thread-1] INFO  server.RaftServerConfigKeys (ConfUtils.java:logGet(43)) - raft.server.log.statemachine.data.sync = true (default)
2019-09-28 01:31:44,747 [pool-27-thread-1] INFO  server.RaftServerConfigKeys (ConfUtils.java:logGet(43)) - raft.server.log.statemachine.data.sync.timeout = 10s (default)
2019-09-28 01:31:44,748 [pool-27-thread-1] INFO  server.RaftServerConfigKeys (ConfUtils.java:logGet(43)) - raft.server.log.statemachine.data.sync.timeout.retry = -1 (default)
2019-09-28 01:31:44,758 [pool-27-thread-1] INFO  server.RaftServerConfigKeys (ConfUtils.java:logGet(43)) - raft.server.log.statemachine.data.caching.enabled = true (custom)
2019-09-28 01:31:44,763 [pool-27-thread-1] INFO  segmented.SegmentedRaftLogWorker (SegmentedRaftLogWorker.java:lambda$new$0(132)) - 28d4d4d3-7677-4732-a671-8df8988bf2f7@group-92D3A945E019-SegmentedRaftLogWorker: flushIndex: setUnconditionally 0 -> -1
2019-09-28 01:31:44,768 [pool-27-thread-1] INFO  server.RaftServerConfigKeys (ConfUtils.java:logGet(43)) - raft.server.snapshot.auto.trigger.enabled = true (custom)
2019-09-28 01:31:44,769 [pool-27-thread-1] INFO  server.RaftServerConfigKeys (ConfUtils.java:logGet(43)) - raft.server.snapshot.auto.trigger.threshold = 10000 (custom)
2019-09-28 01:31:44,770 [pool-27-thread-1] INFO  server.RaftServerConfigKeys (ConfUtils.java:logGet(43)) - raft.server.snapshot.retention.num.files = 5 (custom)
2019-09-28 01:31:44,770 [pool-27-thread-1] INFO  server.RaftServerConfigKeys (ConfUtils.java:logGet(43)) - raft.server.retrycache.expirytime = 600000ms (custom)
2019-09-28 01:31:44,798 [pool-27-thread-1] INFO  impl.RaftServerImpl (RaftServerImpl.java:start(185)) - 28d4d4d3-7677-4732-a671-8df8988bf2f7@group-92D3A945E019: start as a follower, conf=-1: [28d4d4d3-7677-4732-a671-8df8988bf2f7:192.168.151.82:34131], old=null
2019-09-28 01:31:44,800 [pool-27-thread-1] INFO  impl.RaftServerImpl (RaftServerImpl.java:setRole(174)) - 28d4d4d3-7677-4732-a671-8df8988bf2f7@group-92D3A945E019: changes role from      null to FOLLOWER at term 0 for startAsFollower
2019-09-28 01:31:44,801 [pool-27-thread-1] INFO  impl.RoleInfo (RoleInfo.java:updateAndGet(143)) - 28d4d4d3-7677-4732-a671-8df8988bf2f7: start FollowerState
2019-09-28 01:31:44,802 [pool-27-thread-1] INFO  util.JmxRegister (JmxRegister.java:tryRegister(44)) - Successfully registered JMX Bean with object name Ratis:service=RaftServer,group=group-92D3A945E019,id=28d4d4d3-7677-4732-a671-8df8988bf2f7
2019-09-28 01:31:44,874 [RatisPipelineUtilsThread] INFO  pipeline.PipelineStateManager (PipelineStateManager.java:addPipeline(56)) - Created pipeline Pipeline[ Id: 116eaf9f-bbec-4f01-a1f6-92d3a945e019, Nodes: 28d4d4d3-7677-4732-a671-8df8988bf2f7{ip: 192.168.151.82, host: pr-hdds-2162-8g7kw-3348123894, networkLocation: /default-rack, certSerialId: null}, Type:RATIS, Factor:ONE, State:OPEN]
2019-09-28 01:31:44,912 [grpc-default-executor-0] INFO  impl.RaftServerProxy (RaftServerProxy.java:addNew(89)) - d1a01b5b-d60a-49c4-97e7-79bbe5f8e904: addNew group-E41F6ABADD9E:[d1a01b5b-d60a-49c4-97e7-79bbe5f8e904:192.168.151.82:44492] returns group-E41F6ABADD9E:java.util.concurrent.CompletableFuture@6bc98d8c[Not completed]
2019-09-28 01:31:44,974 [pool-77-thread-1] INFO  impl.RaftServerImpl (RaftServerImpl.java:<init>(95)) - d1a01b5b-d60a-49c4-97e7-79bbe5f8e904: new RaftServerImpl for group-E41F6ABADD9E:[d1a01b5b-d60a-49c4-97e7-79bbe5f8e904:192.168.151.82:44492] with ContainerStateMachine:uninitialized
2019-09-28 01:31:44,975 [pool-77-thread-1] INFO  server.RaftServerConfigKeys (ConfUtils.java:logGet(43)) - raft.server.rpc.timeout.min = 5s (custom)
2019-09-28 01:31:44,976 [pool-77-thread-1] INFO  server.RaftServerConfigKeys (ConfUtils.java:logGet(43)) - raft.server.rpc.timeout.max = 5200ms (custom)
2019-09-28 01:31:44,976 [pool-77-thread-1] INFO  server.RaftServerConfigKeys (ConfUtils.java:logGet(43)) - raft.server.rpcslowness.timeout = 120s (custom)
2019-09-28 01:31:44,976 [pool-77-thread-1] INFO  server.RaftServerConfigKeys (ConfUtils.java:logGet(43)) - raft.server.sleep.deviation.threshold = 300 (default)
2019-09-28 01:31:44,976 [pool-77-thread-1] INFO  server.RaftServerConfigKeys (ConfUtils.java:logGet(43)) - raft.server.log.appender.install.snapshot.enabled = false (custom)
2019-09-28 01:31:44,977 [pool-77-thread-1] INFO  impl.RaftServerImpl (ServerState.java:<init>(103)) - d1a01b5b-d60a-49c4-97e7-79bbe5f8e904@group-E41F6ABADD9E: ConfigurationManager, init=-1: [d1a01b5b-d60a-49c4-97e7-79bbe5f8e904:192.168.151.82:44492], old=null, confs=<EMPTY_MAP>
2019-09-28 01:31:44,977 [pool-77-thread-1] INFO  server.RaftServerConfigKeys (ConfUtils.java:logGet(43)) - raft.server.storage.dir = [/workdir/hadoop-ozone/integration-test/target/test-dir/MiniOzoneClusterImpl-020b4dfa-e8b5-437d-83dd-89670c7d8075/datanode-5/data/ratis] (custom)
2019-09-28 01:31:44,977 [pool-77-thread-1] INFO  storage.RaftStorageDirectory (RaftStorageDirectory.java:analyzeStorage(246)) - The storage directory /workdir/hadoop-ozone/integration-test/target/test-dir/MiniOzoneClusterImpl-020b4dfa-e8b5-437d-83dd-89670c7d8075/datanode-5/data/ratis/bc46a294-c724-4840-9a20-e41f6abadd9e does not exist. Creating ...
2019-09-28 01:31:45,005 [pool-77-thread-1] INFO  storage.RaftStorageDirectory (RaftStorageDirectory.java:tryLock(328)) - Lock on /workdir/hadoop-ozone/integration-test/target/test-dir/MiniOzoneClusterImpl-020b4dfa-e8b5-437d-83dd-89670c7d8075/datanode-5/data/ratis/bc46a294-c724-4840-9a20-e41f6abadd9e/in_use.lock acquired by nodename 16201@pr-hdds-2162-8g7kw-3348123894
2019-09-28 01:31:45,018 [pool-77-thread-1] INFO  storage.RaftStorage (RaftStorage.java:format(72)) - Storage directory /workdir/hadoop-ozone/integration-test/target/test-dir/MiniOzoneClusterImpl-020b4dfa-e8b5-437d-83dd-89670c7d8075/datanode-5/data/ratis/bc46a294-c724-4840-9a20-e41f6abadd9e has been successfully formatted.
2019-09-28 01:31:45,021 [pool-77-thread-1] INFO  ratis.ContainerStateMachine (ContainerStateMachine.java:loadSnapshot(230)) - group-E41F6ABADD9E: The snapshot info is null. Setting the last applied indexto:(t:0, i:~)
2019-09-28 01:31:45,023 [pool-77-thread-1] INFO  server.RaftServerConfigKeys (ConfUtils.java:logGet(43)) - raft.server.notification.no-leader.timeout = 120s (custom)
2019-09-28 01:31:45,023 [pool-77-thread-1] INFO  server.RaftServerConfigKeys (ConfUtils.java:logGet(43)) - raft.server.log.use.memory = false (default)
2019-09-28 01:31:45,023 [pool-77-thread-1] INFO  server.RaftServerConfigKeys (ConfUtils.java:logGet(43)) - raft.server.log.purge.gap = 1000000 (custom)
2019-09-28 01:31:45,023 [pool-77-thread-1] INFO  server.RaftServerConfigKeys (ConfUtils.java:logGet(43)) - raft.server.log.appender.buffer.byte-limit = 33554432 (custom)
2019-09-28 01:31:45,024 [pool-77-thread-1] INFO  server.RaftServerConfigKeys (ConfUtils.java:logGet(43)) - raft.server.log.segment.size.max = 1048576 (custom)
2019-09-28 01:31:45,024 [pool-77-thread-1] INFO  server.RaftServerConfigKeys (ConfUtils.java:logGet(43)) - raft.server.log.segment.cache.num.max = 2 (custom)
2019-09-28 01:31:45,024 [pool-77-thread-1] INFO  segmented.SegmentedRaftLogWorker (SegmentedRaftLogWorker.java:<init>(172)) - new d1a01b5b-d60a-49c4-97e7-79bbe5f8e904@group-E41F6ABADD9E-SegmentedRaftLogWorker for RaftStorage:Storage Directory /workdir/hadoop-ozone/integration-test/target/test-dir/MiniOzoneClusterImpl-020b4dfa-e8b5-437d-83dd-89670c7d8075/datanode-5/data/ratis/bc46a294-c724-4840-9a20-e41f6abadd9e
2019-09-28 01:31:45,032 [pool-77-thread-1] INFO  server.RaftServerConfigKeys (ConfUtils.java:logGet(43)) - raft.server.log.queue.byte-limit = 2147483647 (custom)
2019-09-28 01:31:45,033 [pool-77-thread-1] INFO  server.RaftServerConfigKeys (ConfUtils.java:logGet(43)) - raft.server.log.queue.element-limit = 1024 (custom)
2019-09-28 01:31:45,033 [pool-77-thread-1] INFO  server.RaftServerConfigKeys (ConfUtils.java:logGet(43)) - raft.server.log.segment.size.max = 1048576 (custom)
2019-09-28 01:31:45,033 [pool-77-thread-1] INFO  server.RaftServerConfigKeys (ConfUtils.java:logGet(43)) - raft.server.log.preallocated.size = 16384 (custom)
2019-09-28 01:31:45,034 [pool-77-thread-1] INFO  server.RaftServerConfigKeys (ConfUtils.java:logGet(43)) - raft.server.log.write.buffer.size = 33554432 (custom)
2019-09-28 01:31:45,034 [pool-77-thread-1] INFO  server.RaftServerConfigKeys (ConfUtils.java:logGet(43)) - raft.server.log.force.sync.num = 128 (default)
2019-09-28 01:31:45,034 [pool-77-thread-1] INFO  server.RaftServerConfigKeys (ConfUtils.java:logGet(43)) - raft.server.log.statemachine.data.sync = true (default)
2019-09-28 01:31:45,034 [pool-77-thread-1] INFO  server.RaftServerConfigKeys (ConfUtils.java:logGet(43)) - raft.server.log.statemachine.data.sync.timeout = 10s (default)
2019-09-28 01:31:45,034 [pool-77-thread-1] INFO  server.RaftServerConfigKeys (ConfUtils.java:logGet(43)) - raft.server.log.statemachine.data.sync.timeout.retry = -1 (default)
2019-09-28 01:31:45,035 [pool-77-thread-1] INFO  server.RaftServerConfigKeys (ConfUtils.java:logGet(43)) - raft.server.log.statemachine.data.caching.enabled = true (custom)
2019-09-28 01:31:45,035 [pool-77-thread-1] INFO  segmented.SegmentedRaftLogWorker (SegmentedRaftLogWorker.java:lambda$new$0(132)) - d1a01b5b-d60a-49c4-97e7-79bbe5f8e904@group-E41F6ABADD9E-SegmentedRaftLogWorker: flushIndex: setUnconditionally 0 -> -1
2019-09-28 01:31:45,036 [pool-77-thread-1] INFO  server.RaftServerConfigKeys (ConfUtils.java:logGet(43)) - raft.server.snapshot.auto.trigger.enabled = true (custom)
2019-09-28 01:31:45,036 [pool-77-thread-1] INFO  server.RaftServerConfigKeys (ConfUtils.java:logGet(43)) - raft.server.snapshot.auto.trigger.threshold = 10000 (custom)
2019-09-28 01:31:45,036 [pool-77-thread-1] INFO  server.RaftServerConfigKeys (ConfUtils.java:logGet(43)) - raft.server.snapshot.retention.num.files = 5 (custom)
2019-09-28 01:31:45,036 [pool-77-thread-1] INFO  server.RaftServerConfigKeys (ConfUtils.java:logGet(43)) - raft.server.retrycache.expirytime = 600000ms (custom)
2019-09-28 01:31:45,042 [pool-77-thread-1] INFO  impl.RaftServerImpl (RaftServerImpl.java:start(185)) - d1a01b5b-d60a-49c4-97e7-79bbe5f8e904@group-E41F6ABADD9E: start as a follower, conf=-1: [d1a01b5b-d60a-49c4-97e7-79bbe5f8e904:192.168.151.82:44492], old=null
2019-09-28 01:31:45,042 [pool-77-thread-1] INFO  impl.RaftServerImpl (RaftServerImpl.java:setRole(174)) - d1a01b5b-d60a-49c4-97e7-79bbe5f8e904@group-E41F6ABADD9E: changes role from      null to FOLLOWER at term 0 for startAsFollower
2019-09-28 01:31:45,042 [pool-77-thread-1] INFO  impl.RoleInfo (RoleInfo.java:updateAndGet(143)) - d1a01b5b-d60a-49c4-97e7-79bbe5f8e904: start FollowerState
2019-09-28 01:31:45,045 [pool-77-thread-1] INFO  util.JmxRegister (JmxRegister.java:tryRegister(44)) - Successfully registered JMX Bean with object name Ratis:service=RaftServer,group=group-E41F6ABADD9E,id=d1a01b5b-d60a-49c4-97e7-79bbe5f8e904
2019-09-28 01:31:45,065 [RatisPipelineUtilsThread] INFO  pipeline.PipelineStateManager (PipelineStateManager.java:addPipeline(56)) - Created pipeline Pipeline[ Id: bc46a294-c724-4840-9a20-e41f6abadd9e, Nodes: d1a01b5b-d60a-49c4-97e7-79bbe5f8e904{ip: 192.168.151.82, host: pr-hdds-2162-8g7kw-3348123894, networkLocation: /default-rack, certSerialId: null}, Type:RATIS, Factor:ONE, State:OPEN]
2019-09-28 01:31:45,097 [grpc-default-executor-0] INFO  impl.RaftServerProxy (RaftServerProxy.java:addNew(89)) - ccbab465-acd2-4d0b-812c-0f594a54c5b2: addNew group-A7FF38ED7422:[ccbab465-acd2-4d0b-812c-0f594a54c5b2:192.168.151.82:38951] returns group-A7FF38ED7422:java.util.concurrent.CompletableFuture@6581c76[Not completed]
2019-09-28 01:31:45,134 [pool-87-thread-1] INFO  impl.RaftServerImpl (RaftServerImpl.java:<init>(95)) - ccbab465-acd2-4d0b-812c-0f594a54c5b2: new RaftServerImpl for group-A7FF38ED7422:[ccbab465-acd2-4d0b-812c-0f594a54c5b2:192.168.151.82:38951] with ContainerStateMachine:uninitialized
2019-09-28 01:31:45,135 [pool-87-thread-1] INFO  server.RaftServerConfigKeys (ConfUtils.java:logGet(43)) - raft.server.rpc.timeout.min = 5s (custom)
2019-09-28 01:31:45,135 [pool-87-thread-1] INFO  server.RaftServerConfigKeys (ConfUtils.java:logGet(43)) - raft.server.rpc.timeout.max = 5200ms (custom)
2019-09-28 01:31:45,135 [pool-87-thread-1] INFO  server.RaftServerConfigKeys (ConfUtils.java:logGet(43)) - raft.server.rpcslowness.timeout = 120s (custom)
2019-09-28 01:31:45,135 [pool-87-thread-1] INFO  server.RaftServerConfigKeys (ConfUtils.java:logGet(43)) - raft.server.sleep.deviation.threshold = 300 (default)
2019-09-28 01:31:45,135 [pool-87-thread-1] INFO  server.RaftServerConfigKeys (ConfUtils.java:logGet(43)) - raft.server.log.appender.install.snapshot.enabled = false (custom)
2019-09-28 01:31:45,136 [pool-87-thread-1] INFO  impl.RaftServerImpl (ServerState.java:<init>(103)) - ccbab465-acd2-4d0b-812c-0f594a54c5b2@group-A7FF38ED7422: ConfigurationManager, init=-1: [ccbab465-acd2-4d0b-812c-0f594a54c5b2:192.168.151.82:38951], old=null, confs=<EMPTY_MAP>
2019-09-28 01:31:45,136 [pool-87-thread-1] INFO  server.RaftServerConfigKeys (ConfUtils.java:logGet(43)) - raft.server.storage.dir = [/workdir/hadoop-ozone/integration-test/target/test-dir/MiniOzoneClusterImpl-020b4dfa-e8b5-437d-83dd-89670c7d8075/datanode-6/data/ratis] (custom)
2019-09-28 01:31:45,136 [pool-87-thread-1] INFO  storage.RaftStorageDirectory (RaftStorageDirectory.java:analyzeStorage(246)) - The storage directory /workdir/hadoop-ozone/integration-test/target/test-dir/MiniOzoneClusterImpl-020b4dfa-e8b5-437d-83dd-89670c7d8075/datanode-6/data/ratis/210c1a76-79cc-4bf8-84ee-a7ff38ed7422 does not exist. Creating ...
2019-09-28 01:31:45,149 [pool-87-thread-1] INFO  storage.RaftStorageDirectory (RaftStorageDirectory.java:tryLock(328)) - Lock on /workdir/hadoop-ozone/integration-test/target/test-dir/MiniOzoneClusterImpl-020b4dfa-e8b5-437d-83dd-89670c7d8075/datanode-6/data/ratis/210c1a76-79cc-4bf8-84ee-a7ff38ed7422/in_use.lock acquired by nodename 16201@pr-hdds-2162-8g7kw-3348123894
2019-09-28 01:31:45,163 [pool-87-thread-1] INFO  storage.RaftStorage (RaftStorage.java:format(72)) - Storage directory /workdir/hadoop-ozone/integration-test/target/test-dir/MiniOzoneClusterImpl-020b4dfa-e8b5-437d-83dd-89670c7d8075/datanode-6/data/ratis/210c1a76-79cc-4bf8-84ee-a7ff38ed7422 has been successfully formatted.
2019-09-28 01:31:45,163 [pool-87-thread-1] INFO  ratis.ContainerStateMachine (ContainerStateMachine.java:loadSnapshot(230)) - group-A7FF38ED7422: The snapshot info is null. Setting the last applied indexto:(t:0, i:~)
2019-09-28 01:31:45,163 [pool-87-thread-1] INFO  server.RaftServerConfigKeys (ConfUtils.java:logGet(43)) - raft.server.notification.no-leader.timeout = 120s (custom)
2019-09-28 01:31:45,164 [pool-87-thread-1] INFO  server.RaftServerConfigKeys (ConfUtils.java:logGet(43)) - raft.server.log.use.memory = false (default)
2019-09-28 01:31:45,164 [pool-87-thread-1] INFO  server.RaftServerConfigKeys (ConfUtils.java:logGet(43)) - raft.server.log.purge.gap = 1000000 (custom)
2019-09-28 01:31:45,164 [pool-87-thread-1] INFO  server.RaftServerConfigKeys (ConfUtils.java:logGet(43)) - raft.server.log.appender.buffer.byte-limit = 33554432 (custom)
2019-09-28 01:31:45,164 [pool-87-thread-1] INFO  server.RaftServerConfigKeys (ConfUtils.java:logGet(43)) - raft.server.log.segment.size.max = 1048576 (custom)
2019-09-28 01:31:45,164 [pool-87-thread-1] INFO  server.RaftServerConfigKeys (ConfUtils.java:logGet(43)) - raft.server.log.segment.cache.num.max = 2 (custom)
2019-09-28 01:31:45,165 [pool-87-thread-1] INFO  segmented.SegmentedRaftLogWorker (SegmentedRaftLogWorker.java:<init>(172)) - new ccbab465-acd2-4d0b-812c-0f594a54c5b2@group-A7FF38ED7422-SegmentedRaftLogWorker for RaftStorage:Storage Directory /workdir/hadoop-ozone/integration-test/target/test-dir/MiniOzoneClusterImpl-020b4dfa-e8b5-437d-83dd-89670c7d8075/datanode-6/data/ratis/210c1a76-79cc-4bf8-84ee-a7ff38ed7422
2019-09-28 01:31:45,214 [pool-87-thread-1] INFO  server.RaftServerConfigKeys (ConfUtils.java:logGet(43)) - raft.server.log.queue.byte-limit = 2147483647 (custom)
2019-09-28 01:31:45,215 [pool-87-thread-1] INFO  server.RaftServerConfigKeys (ConfUtils.java:logGet(43)) - raft.server.log.queue.element-limit = 1024 (custom)
2019-09-28 01:31:45,215 [pool-87-thread-1] INFO  server.RaftServerConfigKeys (ConfUtils.java:logGet(43)) - raft.server.log.segment.size.max = 1048576 (custom)
2019-09-28 01:31:45,215 [pool-87-thread-1] INFO  server.RaftServerConfigKeys (ConfUtils.java:logGet(43)) - raft.server.log.preallocated.size = 16384 (custom)
2019-09-28 01:31:45,215 [pool-87-thread-1] INFO  server.RaftServerConfigKeys (ConfUtils.java:logGet(43)) - raft.server.log.write.buffer.size = 33554432 (custom)
2019-09-28 01:31:45,216 [pool-87-thread-1] INFO  server.RaftServerConfigKeys (ConfUtils.java:logGet(43)) - raft.server.log.force.sync.num = 128 (default)
2019-09-28 01:31:45,216 [pool-87-thread-1] INFO  server.RaftServerConfigKeys (ConfUtils.java:logGet(43)) - raft.server.log.statemachine.data.sync = true (default)
2019-09-28 01:31:45,216 [pool-87-thread-1] INFO  server.RaftServerConfigKeys (ConfUtils.java:logGet(43)) - raft.server.log.statemachine.data.sync.timeout = 10s (default)
2019-09-28 01:31:45,216 [pool-87-thread-1] INFO  server.RaftServerConfigKeys (ConfUtils.java:logGet(43)) - raft.server.log.statemachine.data.sync.timeout.retry = -1 (default)
2019-09-28 01:31:45,217 [pool-87-thread-1] INFO  server.RaftServerConfigKeys (ConfUtils.java:logGet(43)) - raft.server.log.statemachine.data.caching.enabled = true (custom)
2019-09-28 01:31:45,217 [pool-87-thread-1] INFO  segmented.SegmentedRaftLogWorker (SegmentedRaftLogWorker.java:lambda$new$0(132)) - ccbab465-acd2-4d0b-812c-0f594a54c5b2@group-A7FF38ED7422-SegmentedRaftLogWorker: flushIndex: setUnconditionally 0 -> -1
2019-09-28 01:31:45,218 [pool-87-thread-1] INFO  server.RaftServerConfigKeys (ConfUtils.java:logGet(43)) - raft.server.snapshot.auto.trigger.enabled = true (custom)
2019-09-28 01:31:45,218 [pool-87-thread-1] INFO  server.RaftServerConfigKeys (ConfUtils.java:logGet(43)) - raft.server.snapshot.auto.trigger.threshold = 10000 (custom)
2019-09-28 01:31:45,218 [pool-87-thread-1] INFO  server.RaftServerConfigKeys (ConfUtils.java:logGet(43)) - raft.server.snapshot.retention.num.files = 5 (custom)
2019-09-28 01:31:45,220 [pool-87-thread-1] INFO  server.RaftServerConfigKeys (ConfUtils.java:logGet(43)) - raft.server.retrycache.expirytime = 600000ms (custom)
2019-09-28 01:31:45,226 [pool-87-thread-1] INFO  impl.RaftServerImpl (RaftServerImpl.java:start(185)) - ccbab465-acd2-4d0b-812c-0f594a54c5b2@group-A7FF38ED7422: start as a follower, conf=-1: [ccbab465-acd2-4d0b-812c-0f594a54c5b2:192.168.151.82:38951], old=null
2019-09-28 01:31:45,227 [pool-87-thread-1] INFO  impl.RaftServerImpl (RaftServerImpl.java:setRole(174)) - ccbab465-acd2-4d0b-812c-0f594a54c5b2@group-A7FF38ED7422: changes role from      null to FOLLOWER at term 0 for startAsFollower
2019-09-28 01:31:45,227 [pool-87-thread-1] INFO  impl.RoleInfo (RoleInfo.java:updateAndGet(143)) - ccbab465-acd2-4d0b-812c-0f594a54c5b2: start FollowerState
2019-09-28 01:31:45,227 [pool-87-thread-1] INFO  util.JmxRegister (JmxRegister.java:tryRegister(44)) - Successfully registered JMX Bean with object name Ratis:service=RaftServer,group=group-A7FF38ED7422,id=ccbab465-acd2-4d0b-812c-0f594a54c5b2
2019-09-28 01:31:45,242 [RatisPipelineUtilsThread] INFO  pipeline.PipelineStateManager (PipelineStateManager.java:addPipeline(56)) - Created pipeline Pipeline[ Id: 210c1a76-79cc-4bf8-84ee-a7ff38ed7422, Nodes: ccbab465-acd2-4d0b-812c-0f594a54c5b2{ip: 192.168.151.82, host: pr-hdds-2162-8g7kw-3348123894, networkLocation: /default-rack, certSerialId: null}, Type:RATIS, Factor:ONE, State:OPEN]
2019-09-28 01:31:45,265 [grpc-default-executor-0] INFO  impl.RaftServerProxy (RaftServerProxy.java:addNew(89)) - 92b20fe8-050f-41a4-8782-fc291bf59358: addNew group-A3F8DED67600:[92b20fe8-050f-41a4-8782-fc291bf59358:192.168.151.82:36626] returns group-A3F8DED67600:java.util.concurrent.CompletableFuture@b5e8b38[Not completed]
2019-09-28 01:31:45,270 [pool-47-thread-1] INFO  impl.RaftServerImpl (RaftServerImpl.java:<init>(95)) - 92b20fe8-050f-41a4-8782-fc291bf59358: new RaftServerImpl for group-A3F8DED67600:[92b20fe8-050f-41a4-8782-fc291bf59358:192.168.151.82:36626] with ContainerStateMachine:uninitialized
2019-09-28 01:31:45,270 [pool-47-thread-1] INFO  server.RaftServerConfigKeys (ConfUtils.java:logGet(43)) - raft.server.rpc.timeout.min = 5s (custom)
2019-09-28 01:31:45,271 [pool-47-thread-1] INFO  server.RaftServerConfigKeys (ConfUtils.java:logGet(43)) - raft.server.rpc.timeout.max = 5200ms (custom)
2019-09-28 01:31:45,271 [pool-47-thread-1] INFO  server.RaftServerConfigKeys (ConfUtils.java:logGet(43)) - raft.server.rpcslowness.timeout = 120s (custom)
2019-09-28 01:31:45,271 [pool-47-thread-1] INFO  server.RaftServerConfigKeys (ConfUtils.java:logGet(43)) - raft.server.sleep.deviation.threshold = 300 (default)
2019-09-28 01:31:45,271 [pool-47-thread-1] INFO  server.RaftServerConfigKeys (ConfUtils.java:logGet(43)) - raft.server.log.appender.install.snapshot.enabled = false (custom)
2019-09-28 01:31:45,271 [pool-47-thread-1] INFO  impl.RaftServerImpl (ServerState.java:<init>(103)) - 92b20fe8-050f-41a4-8782-fc291bf59358@group-A3F8DED67600: ConfigurationManager, init=-1: [92b20fe8-050f-41a4-8782-fc291bf59358:192.168.151.82:36626], old=null, confs=<EMPTY_MAP>
2019-09-28 01:31:45,272 [pool-47-thread-1] INFO  server.RaftServerConfigKeys (ConfUtils.java:logGet(43)) - raft.server.storage.dir = [/workdir/hadoop-ozone/integration-test/target/test-dir/MiniOzoneClusterImpl-020b4dfa-e8b5-437d-83dd-89670c7d8075/datanode-2/data/ratis] (custom)
2019-09-28 01:31:45,272 [pool-47-thread-1] INFO  storage.RaftStorageDirectory (RaftStorageDirectory.java:analyzeStorage(246)) - The storage directory /workdir/hadoop-ozone/integration-test/target/test-dir/MiniOzoneClusterImpl-020b4dfa-e8b5-437d-83dd-89670c7d8075/datanode-2/data/ratis/8420cace-aaa4-41cb-88ab-a3f8ded67600 does not exist. Creating ...
2019-09-28 01:31:45,285 [pool-47-thread-1] INFO  storage.RaftStorageDirectory (RaftStorageDirectory.java:tryLock(328)) - Lock on /workdir/hadoop-ozone/integration-test/target/test-dir/MiniOzoneClusterImpl-020b4dfa-e8b5-437d-83dd-89670c7d8075/datanode-2/data/ratis/8420cace-aaa4-41cb-88ab-a3f8ded67600/in_use.lock acquired by nodename 16201@pr-hdds-2162-8g7kw-3348123894
2019-09-28 01:31:45,310 [pool-47-thread-1] INFO  storage.RaftStorage (RaftStorage.java:format(72)) - Storage directory /workdir/hadoop-ozone/integration-test/target/test-dir/MiniOzoneClusterImpl-020b4dfa-e8b5-437d-83dd-89670c7d8075/datanode-2/data/ratis/8420cace-aaa4-41cb-88ab-a3f8ded67600 has been successfully formatted.
2019-09-28 01:31:45,311 [pool-47-thread-1] INFO  ratis.ContainerStateMachine (ContainerStateMachine.java:loadSnapshot(230)) - group-A3F8DED67600: The snapshot info is null. Setting the last applied indexto:(t:0, i:~)
2019-09-28 01:31:45,311 [pool-47-thread-1] INFO  server.RaftServerConfigKeys (ConfUtils.java:logGet(43)) - raft.server.notification.no-leader.timeout = 120s (custom)
2019-09-28 01:31:45,311 [pool-47-thread-1] INFO  server.RaftServerConfigKeys (ConfUtils.java:logGet(43)) - raft.server.log.use.memory = false (default)
2019-09-28 01:31:45,311 [pool-47-thread-1] INFO  server.RaftServerConfigKeys (ConfUtils.java:logGet(43)) - raft.server.log.purge.gap = 1000000 (custom)
2019-09-28 01:31:45,312 [pool-47-thread-1] INFO  server.RaftServerConfigKeys (ConfUtils.java:logGet(43)) - raft.server.log.appender.buffer.byte-limit = 33554432 (custom)
2019-09-28 01:31:45,312 [pool-47-thread-1] INFO  server.RaftServerConfigKeys (ConfUtils.java:logGet(43)) - raft.server.log.segment.size.max = 1048576 (custom)
2019-09-28 01:31:45,312 [pool-47-thread-1] INFO  server.RaftServerConfigKeys (ConfUtils.java:logGet(43)) - raft.server.log.segment.cache.num.max = 2 (custom)
2019-09-28 01:31:45,312 [pool-47-thread-1] INFO  segmented.SegmentedRaftLogWorker (SegmentedRaftLogWorker.java:<init>(172)) - new 92b20fe8-050f-41a4-8782-fc291bf59358@group-A3F8DED67600-SegmentedRaftLogWorker for RaftStorage:Storage Directory /workdir/hadoop-ozone/integration-test/target/test-dir/MiniOzoneClusterImpl-020b4dfa-e8b5-437d-83dd-89670c7d8075/datanode-2/data/ratis/8420cace-aaa4-41cb-88ab-a3f8ded67600
2019-09-28 01:31:45,319 [pool-47-thread-1] INFO  server.RaftServerConfigKeys (ConfUtils.java:logGet(43)) - raft.server.log.queue.byte-limit = 2147483647 (custom)
2019-09-28 01:31:45,319 [pool-47-thread-1] INFO  server.RaftServerConfigKeys (ConfUtils.java:logGet(43)) - raft.server.log.queue.element-limit = 1024 (custom)
2019-09-28 01:31:45,320 [pool-47-thread-1] INFO  server.RaftServerConfigKeys (ConfUtils.java:logGet(43)) - raft.server.log.segment.size.max = 1048576 (custom)
2019-09-28 01:31:45,320 [pool-47-thread-1] INFO  server.RaftServerConfigKeys (ConfUtils.java:logGet(43)) - raft.server.log.preallocated.size = 16384 (custom)
2019-09-28 01:31:45,320 [pool-47-thread-1] INFO  server.RaftServerConfigKeys (ConfUtils.java:logGet(43)) - raft.server.log.write.buffer.size = 33554432 (custom)
2019-09-28 01:31:45,320 [pool-47-thread-1] INFO  server.RaftServerConfigKeys (ConfUtils.java:logGet(43)) - raft.server.log.force.sync.num = 128 (default)
2019-09-28 01:31:45,320 [pool-47-thread-1] INFO  server.RaftServerConfigKeys (ConfUtils.java:logGet(43)) - raft.server.log.statemachine.data.sync = true (default)
2019-09-28 01:31:45,321 [pool-47-thread-1] INFO  server.RaftServerConfigKeys (ConfUtils.java:logGet(43)) - raft.server.log.statemachine.data.sync.timeout = 10s (default)
2019-09-28 01:31:45,321 [pool-47-thread-1] INFO  server.RaftServerConfigKeys (ConfUtils.java:logGet(43)) - raft.server.log.statemachine.data.sync.timeout.retry = -1 (default)
2019-09-28 01:31:45,321 [pool-47-thread-1] INFO  server.RaftServerConfigKeys (ConfUtils.java:logGet(43)) - raft.server.log.statemachine.data.caching.enabled = true (custom)
2019-09-28 01:31:45,322 [pool-47-thread-1] INFO  segmented.SegmentedRaftLogWorker (SegmentedRaftLogWorker.java:lambda$new$0(132)) - 92b20fe8-050f-41a4-8782-fc291bf59358@group-A3F8DED67600-SegmentedRaftLogWorker: flushIndex: setUnconditionally 0 -> -1
2019-09-28 01:31:45,322 [pool-47-thread-1] INFO  server.RaftServerConfigKeys (ConfUtils.java:logGet(43)) - raft.server.snapshot.auto.trigger.enabled = true (custom)
2019-09-28 01:31:45,322 [pool-47-thread-1] INFO  server.RaftServerConfigKeys (ConfUtils.java:logGet(43)) - raft.server.snapshot.auto.trigger.threshold = 10000 (custom)
2019-09-28 01:31:45,322 [pool-47-thread-1] INFO  server.RaftServerConfigKeys (ConfUtils.java:logGet(43)) - raft.server.snapshot.retention.num.files = 5 (custom)
2019-09-28 01:31:45,322 [pool-47-thread-1] INFO  server.RaftServerConfigKeys (ConfUtils.java:logGet(43)) - raft.server.retrycache.expirytime = 600000ms (custom)
2019-09-28 01:31:45,329 [pool-47-thread-1] INFO  impl.RaftServerImpl (RaftServerImpl.java:start(185)) - 92b20fe8-050f-41a4-8782-fc291bf59358@group-A3F8DED67600: start as a follower, conf=-1: [92b20fe8-050f-41a4-8782-fc291bf59358:192.168.151.82:36626], old=null
2019-09-28 01:31:45,329 [pool-47-thread-1] INFO  impl.RaftServerImpl (RaftServerImpl.java:setRole(174)) - 92b20fe8-050f-41a4-8782-fc291bf59358@group-A3F8DED67600: changes role from      null to FOLLOWER at term 0 for startAsFollower
2019-09-28 01:31:45,329 [pool-47-thread-1] INFO  impl.RoleInfo (RoleInfo.java:updateAndGet(143)) - 92b20fe8-050f-41a4-8782-fc291bf59358: start FollowerState
2019-09-28 01:31:45,330 [pool-47-thread-1] INFO  util.JmxRegister (JmxRegister.java:tryRegister(44)) - Successfully registered JMX Bean with object name Ratis:service=RaftServer,group=group-A3F8DED67600,id=92b20fe8-050f-41a4-8782-fc291bf59358
2019-09-28 01:31:45,345 [RatisPipelineUtilsThread] INFO  pipeline.PipelineStateManager (PipelineStateManager.java:addPipeline(56)) - Created pipeline Pipeline[ Id: 8420cace-aaa4-41cb-88ab-a3f8ded67600, Nodes: 92b20fe8-050f-41a4-8782-fc291bf59358{ip: 192.168.151.82, host: pr-hdds-2162-8g7kw-3348123894, networkLocation: /default-rack, certSerialId: null}, Type:RATIS, Factor:ONE, State:OPEN]
2019-09-28 01:31:45,371 [main] INFO  ozone.MiniOzoneClusterImpl (MiniOzoneClusterImpl.java:lambda$waitForClusterToBeReady$0(147)) - Cluster is ready. Got 7 of 7 DN Heartbeats.
2019-09-28 01:31:45,371 [grpc-default-executor-0] INFO  impl.RaftServerProxy (RaftServerProxy.java:addNew(89)) - 11611bd1-c795-477d-9d02-ae33d9af50bf: addNew group-94255FBB1D57:[11611bd1-c795-477d-9d02-ae33d9af50bf:192.168.151.82:44375] returns group-94255FBB1D57:java.util.concurrent.CompletableFuture@b55a305[Not completed]
2019-09-28 01:31:45,377 [pool-57-thread-1] INFO  impl.RaftServerImpl (RaftServerImpl.java:<init>(95)) - 11611bd1-c795-477d-9d02-ae33d9af50bf: new RaftServerImpl for group-94255FBB1D57:[11611bd1-c795-477d-9d02-ae33d9af50bf:192.168.151.82:44375] with ContainerStateMachine:uninitialized
2019-09-28 01:31:45,377 [pool-57-thread-1] INFO  server.RaftServerConfigKeys (ConfUtils.java:logGet(43)) - raft.server.rpc.timeout.min = 5s (custom)
2019-09-28 01:31:45,377 [pool-57-thread-1] INFO  server.RaftServerConfigKeys (ConfUtils.java:logGet(43)) - raft.server.rpc.timeout.max = 5200ms (custom)
2019-09-28 01:31:45,377 [pool-57-thread-1] INFO  server.RaftServerConfigKeys (ConfUtils.java:logGet(43)) - raft.server.rpcslowness.timeout = 120s (custom)
2019-09-28 01:31:45,377 [pool-57-thread-1] INFO  server.RaftServerConfigKeys (ConfUtils.java:logGet(43)) - raft.server.sleep.deviation.threshold = 300 (default)
2019-09-28 01:31:45,378 [pool-57-thread-1] INFO  server.RaftServerConfigKeys (ConfUtils.java:logGet(43)) - raft.server.log.appender.install.snapshot.enabled = false (custom)
2019-09-28 01:31:45,378 [pool-57-thread-1] INFO  impl.RaftServerImpl (ServerState.java:<init>(103)) - 11611bd1-c795-477d-9d02-ae33d9af50bf@group-94255FBB1D57: ConfigurationManager, init=-1: [11611bd1-c795-477d-9d02-ae33d9af50bf:192.168.151.82:44375], old=null, confs=<EMPTY_MAP>
2019-09-28 01:31:45,378 [pool-57-thread-1] INFO  server.RaftServerConfigKeys (ConfUtils.java:logGet(43)) - raft.server.storage.dir = [/workdir/hadoop-ozone/integration-test/target/test-dir/MiniOzoneClusterImpl-020b4dfa-e8b5-437d-83dd-89670c7d8075/datanode-3/data/ratis] (custom)
2019-09-28 01:31:45,378 [pool-57-thread-1] INFO  storage.RaftStorageDirectory (RaftStorageDirectory.java:analyzeStorage(246)) - The storage directory /workdir/hadoop-ozone/integration-test/target/test-dir/MiniOzoneClusterImpl-020b4dfa-e8b5-437d-83dd-89670c7d8075/datanode-3/data/ratis/90bbf876-5369-4455-a9bb-94255fbb1d57 does not exist. Creating ...
2019-09-28 01:31:45,392 [pool-57-thread-1] INFO  storage.RaftStorageDirectory (RaftStorageDirectory.java:tryLock(328)) - Lock on /workdir/hadoop-ozone/integration-test/target/test-dir/MiniOzoneClusterImpl-020b4dfa-e8b5-437d-83dd-89670c7d8075/datanode-3/data/ratis/90bbf876-5369-4455-a9bb-94255fbb1d57/in_use.lock acquired by nodename 16201@pr-hdds-2162-8g7kw-3348123894
2019-09-28 01:31:45,406 [pool-57-thread-1] INFO  storage.RaftStorage (RaftStorage.java:format(72)) - Storage directory /workdir/hadoop-ozone/integration-test/target/test-dir/MiniOzoneClusterImpl-020b4dfa-e8b5-437d-83dd-89670c7d8075/datanode-3/data/ratis/90bbf876-5369-4455-a9bb-94255fbb1d57 has been successfully formatted.
2019-09-28 01:31:45,406 [pool-57-thread-1] INFO  ratis.ContainerStateMachine (ContainerStateMachine.java:loadSnapshot(230)) - group-94255FBB1D57: The snapshot info is null. Setting the last applied indexto:(t:0, i:~)
2019-09-28 01:31:45,406 [pool-57-thread-1] INFO  server.RaftServerConfigKeys (ConfUtils.java:logGet(43)) - raft.server.notification.no-leader.timeout = 120s (custom)
2019-09-28 01:31:45,406 [pool-57-thread-1] INFO  server.RaftServerConfigKeys (ConfUtils.java:logGet(43)) - raft.server.log.use.memory = false (default)
2019-09-28 01:31:45,406 [pool-57-thread-1] INFO  server.RaftServerConfigKeys (ConfUtils.java:logGet(43)) - raft.server.log.purge.gap = 1000000 (custom)
2019-09-28 01:31:45,407 [pool-57-thread-1] INFO  server.RaftServerConfigKeys (ConfUtils.java:logGet(43)) - raft.server.log.appender.buffer.byte-limit = 33554432 (custom)
2019-09-28 01:31:45,407 [pool-57-thread-1] INFO  server.RaftServerConfigKeys (ConfUtils.java:logGet(43)) - raft.server.log.segment.size.max = 1048576 (custom)
2019-09-28 01:31:45,407 [pool-57-thread-1] INFO  server.RaftServerConfigKeys (ConfUtils.java:logGet(43)) - raft.server.log.segment.cache.num.max = 2 (custom)
2019-09-28 01:31:45,407 [pool-57-thread-1] INFO  segmented.SegmentedRaftLogWorker (SegmentedRaftLogWorker.java:<init>(172)) - new 11611bd1-c795-477d-9d02-ae33d9af50bf@group-94255FBB1D57-SegmentedRaftLogWorker for RaftStorage:Storage Directory /workdir/hadoop-ozone/integration-test/target/test-dir/MiniOzoneClusterImpl-020b4dfa-e8b5-437d-83dd-89670c7d8075/datanode-3/data/ratis/90bbf876-5369-4455-a9bb-94255fbb1d57
2019-09-28 01:31:45,412 [pool-57-thread-1] INFO  server.RaftServerConfigKeys (ConfUtils.java:logGet(43)) - raft.server.log.queue.byte-limit = 2147483647 (custom)
2019-09-28 01:31:45,412 [pool-57-thread-1] INFO  server.RaftServerConfigKeys (ConfUtils.java:logGet(43)) - raft.server.log.queue.element-limit = 1024 (custom)
2019-09-28 01:31:45,412 [pool-57-thread-1] INFO  server.RaftServerConfigKeys (ConfUtils.java:logGet(43)) - raft.server.log.segment.size.max = 1048576 (custom)
2019-09-28 01:31:45,412 [pool-57-thread-1] INFO  server.RaftServerConfigKeys (ConfUtils.java:logGet(43)) - raft.server.log.preallocated.size = 16384 (custom)
2019-09-28 01:31:45,412 [pool-57-thread-1] INFO  server.RaftServerConfigKeys (ConfUtils.java:logGet(43)) - raft.server.log.write.buffer.size = 33554432 (custom)
2019-09-28 01:31:45,412 [pool-57-thread-1] INFO  server.RaftServerConfigKeys (ConfUtils.java:logGet(43)) - raft.server.log.force.sync.num = 128 (default)
2019-09-28 01:31:45,413 [pool-57-thread-1] INFO  server.RaftServerConfigKeys (ConfUtils.java:logGet(43)) - raft.server.log.statemachine.data.sync = true (default)
2019-09-28 01:31:45,413 [pool-57-thread-1] INFO  server.RaftServerConfigKeys (ConfUtils.java:logGet(43)) - raft.server.log.statemachine.data.sync.timeout = 10s (default)
2019-09-28 01:31:45,413 [pool-57-thread-1] INFO  server.RaftServerConfigKeys (ConfUtils.java:logGet(43)) - raft.server.log.statemachine.data.sync.timeout.retry = -1 (default)
2019-09-28 01:31:45,413 [pool-57-thread-1] INFO  server.RaftServerConfigKeys (ConfUtils.java:logGet(43)) - raft.server.log.statemachine.data.caching.enabled = true (custom)
2019-09-28 01:31:45,414 [pool-57-thread-1] INFO  segmented.SegmentedRaftLogWorker (SegmentedRaftLogWorker.java:lambda$new$0(132)) - 11611bd1-c795-477d-9d02-ae33d9af50bf@group-94255FBB1D57-SegmentedRaftLogWorker: flushIndex: setUnconditionally 0 -> -1
2019-09-28 01:31:45,414 [pool-57-thread-1] INFO  server.RaftServerConfigKeys (ConfUtils.java:logGet(43)) - raft.server.snapshot.auto.trigger.enabled = true (custom)
2019-09-28 01:31:45,414 [pool-57-thread-1] INFO  server.RaftServerConfigKeys (ConfUtils.java:logGet(43)) - raft.server.snapshot.auto.trigger.threshold = 10000 (custom)
2019-09-28 01:31:45,414 [pool-57-thread-1] INFO  server.RaftServerConfigKeys (ConfUtils.java:logGet(43)) - raft.server.snapshot.retention.num.files = 5 (custom)
2019-09-28 01:31:45,414 [pool-57-thread-1] INFO  server.RaftServerConfigKeys (ConfUtils.java:logGet(43)) - raft.server.retrycache.expirytime = 600000ms (custom)
2019-09-28 01:31:45,418 [pool-57-thread-1] INFO  impl.RaftServerImpl (RaftServerImpl.java:start(185)) - 11611bd1-c795-477d-9d02-ae33d9af50bf@group-94255FBB1D57: start as a follower, conf=-1: [11611bd1-c795-477d-9d02-ae33d9af50bf:192.168.151.82:44375], old=null
2019-09-28 01:31:45,419 [pool-57-thread-1] INFO  impl.RaftServerImpl (RaftServerImpl.java:setRole(174)) - 11611bd1-c795-477d-9d02-ae33d9af50bf@group-94255FBB1D57: changes role from      null to FOLLOWER at term 0 for startAsFollower
2019-09-28 01:31:45,419 [pool-57-thread-1] INFO  impl.RoleInfo (RoleInfo.java:updateAndGet(143)) - 11611bd1-c795-477d-9d02-ae33d9af50bf: start FollowerState
2019-09-28 01:31:45,419 [pool-57-thread-1] INFO  util.JmxRegister (JmxRegister.java:tryRegister(44)) - Successfully registered JMX Bean with object name Ratis:service=RaftServer,group=group-94255FBB1D57,id=11611bd1-c795-477d-9d02-ae33d9af50bf
2019-09-28 01:31:45,435 [RatisPipelineUtilsThread] INFO  pipeline.PipelineStateManager (PipelineStateManager.java:addPipeline(56)) - Created pipeline Pipeline[ Id: 90bbf876-5369-4455-a9bb-94255fbb1d57, Nodes: 11611bd1-c795-477d-9d02-ae33d9af50bf{ip: 192.168.151.82, host: pr-hdds-2162-8g7kw-3348123894, networkLocation: /default-rack, certSerialId: null}, Type:RATIS, Factor:ONE, State:OPEN]
2019-09-28 01:31:45,464 [grpc-default-executor-0] INFO  impl.RaftServerProxy (RaftServerProxy.java:addNew(89)) - c3b44230-8055-4b96-b4ab-49ab84a19ebc: addNew group-537AE5503E1D:[c3b44230-8055-4b96-b4ab-49ab84a19ebc:192.168.151.82:36365] returns group-537AE5503E1D:java.util.concurrent.CompletableFuture@79215442[Not completed]
2019-09-28 01:31:45,477 [pool-67-thread-1] INFO  impl.RaftServerImpl (RaftServerImpl.java:<init>(95)) - c3b44230-8055-4b96-b4ab-49ab84a19ebc: new RaftServerImpl for group-537AE5503E1D:[c3b44230-8055-4b96-b4ab-49ab84a19ebc:192.168.151.82:36365] with ContainerStateMachine:uninitialized
2019-09-28 01:31:45,477 [pool-67-thread-1] INFO  server.RaftServerConfigKeys (ConfUtils.java:logGet(43)) - raft.server.rpc.timeout.min = 5s (custom)
2019-09-28 01:31:45,478 [pool-67-thread-1] INFO  server.RaftServerConfigKeys (ConfUtils.java:logGet(43)) - raft.server.rpc.timeout.max = 5200ms (custom)
2019-09-28 01:31:45,478 [pool-67-thread-1] INFO  server.RaftServerConfigKeys (ConfUtils.java:logGet(43)) - raft.server.rpcslowness.timeout = 120s (custom)
2019-09-28 01:31:45,478 [pool-67-thread-1] INFO  server.RaftServerConfigKeys (ConfUtils.java:logGet(43)) - raft.server.sleep.deviation.threshold = 300 (default)
2019-09-28 01:31:45,478 [pool-67-thread-1] INFO  server.RaftServerConfigKeys (ConfUtils.java:logGet(43)) - raft.server.log.appender.install.snapshot.enabled = false (custom)
2019-09-28 01:31:45,478 [pool-67-thread-1] INFO  impl.RaftServerImpl (ServerState.java:<init>(103)) - c3b44230-8055-4b96-b4ab-49ab84a19ebc@group-537AE5503E1D: ConfigurationManager, init=-1: [c3b44230-8055-4b96-b4ab-49ab84a19ebc:192.168.151.82:36365], old=null, confs=<EMPTY_MAP>
2019-09-28 01:31:45,479 [pool-67-thread-1] INFO  server.RaftServerConfigKeys (ConfUtils.java:logGet(43)) - raft.server.storage.dir = [/workdir/hadoop-ozone/integration-test/target/test-dir/MiniOzoneClusterImpl-020b4dfa-e8b5-437d-83dd-89670c7d8075/datanode-4/data/ratis] (custom)
2019-09-28 01:31:45,479 [pool-67-thread-1] INFO  storage.RaftStorageDirectory (RaftStorageDirectory.java:analyzeStorage(246)) - The storage directory /workdir/hadoop-ozone/integration-test/target/test-dir/MiniOzoneClusterImpl-020b4dfa-e8b5-437d-83dd-89670c7d8075/datanode-4/data/ratis/717401e5-f7b1-436f-842e-537ae5503e1d does not exist. Creating ...
2019-09-28 01:31:45,492 [pool-67-thread-1] INFO  storage.RaftStorageDirectory (RaftStorageDirectory.java:tryLock(328)) - Lock on /workdir/hadoop-ozone/integration-test/target/test-dir/MiniOzoneClusterImpl-020b4dfa-e8b5-437d-83dd-89670c7d8075/datanode-4/data/ratis/717401e5-f7b1-436f-842e-537ae5503e1d/in_use.lock acquired by nodename 16201@pr-hdds-2162-8g7kw-3348123894
2019-09-28 01:31:45,505 [pool-67-thread-1] INFO  storage.RaftStorage (RaftStorage.java:format(72)) - Storage directory /workdir/hadoop-ozone/integration-test/target/test-dir/MiniOzoneClusterImpl-020b4dfa-e8b5-437d-83dd-89670c7d8075/datanode-4/data/ratis/717401e5-f7b1-436f-842e-537ae5503e1d has been successfully formatted.
2019-09-28 01:31:45,505 [pool-67-thread-1] INFO  ratis.ContainerStateMachine (ContainerStateMachine.java:loadSnapshot(230)) - group-537AE5503E1D: The snapshot info is null. Setting the last applied indexto:(t:0, i:~)
2019-09-28 01:31:45,506 [pool-67-thread-1] INFO  server.RaftServerConfigKeys (ConfUtils.java:logGet(43)) - raft.server.notification.no-leader.timeout = 120s (custom)
2019-09-28 01:31:45,506 [pool-67-thread-1] INFO  server.RaftServerConfigKeys (ConfUtils.java:logGet(43)) - raft.server.log.use.memory = false (default)
2019-09-28 01:31:45,506 [pool-67-thread-1] INFO  server.RaftServerConfigKeys (ConfUtils.java:logGet(43)) - raft.server.log.purge.gap = 1000000 (custom)
2019-09-28 01:31:45,506 [pool-67-thread-1] INFO  server.RaftServerConfigKeys (ConfUtils.java:logGet(43)) - raft.server.log.appender.buffer.byte-limit = 33554432 (custom)
2019-09-28 01:31:45,506 [pool-67-thread-1] INFO  server.RaftServerConfigKeys (ConfUtils.java:logGet(43)) - raft.server.log.segment.size.max = 1048576 (custom)
2019-09-28 01:31:45,507 [pool-67-thread-1] INFO  server.RaftServerConfigKeys (ConfUtils.java:logGet(43)) - raft.server.log.segment.cache.num.max = 2 (custom)
2019-09-28 01:31:45,507 [pool-67-thread-1] INFO  segmented.SegmentedRaftLogWorker (SegmentedRaftLogWorker.java:<init>(172)) - new c3b44230-8055-4b96-b4ab-49ab84a19ebc@group-537AE5503E1D-SegmentedRaftLogWorker for RaftStorage:Storage Directory /workdir/hadoop-ozone/integration-test/target/test-dir/MiniOzoneClusterImpl-020b4dfa-e8b5-437d-83dd-89670c7d8075/datanode-4/data/ratis/717401e5-f7b1-436f-842e-537ae5503e1d
2019-09-28 01:31:45,511 [pool-67-thread-1] INFO  server.RaftServerConfigKeys (ConfUtils.java:logGet(43)) - raft.server.log.queue.byte-limit = 2147483647 (custom)
2019-09-28 01:31:45,512 [pool-67-thread-1] INFO  server.RaftServerConfigKeys (ConfUtils.java:logGet(43)) - raft.server.log.queue.element-limit = 1024 (custom)
2019-09-28 01:31:45,512 [pool-67-thread-1] INFO  server.RaftServerConfigKeys (ConfUtils.java:logGet(43)) - raft.server.log.segment.size.max = 1048576 (custom)
2019-09-28 01:31:45,512 [pool-67-thread-1] INFO  server.RaftServerConfigKeys (ConfUtils.java:logGet(43)) - raft.server.log.preallocated.size = 16384 (custom)
2019-09-28 01:31:45,512 [pool-67-thread-1] INFO  server.RaftServerConfigKeys (ConfUtils.java:logGet(43)) - raft.server.log.write.buffer.size = 33554432 (custom)
2019-09-28 01:31:45,512 [pool-67-thread-1] INFO  server.RaftServerConfigKeys (ConfUtils.java:logGet(43)) - raft.server.log.force.sync.num = 128 (default)
2019-09-28 01:31:45,513 [pool-67-thread-1] INFO  server.RaftServerConfigKeys (ConfUtils.java:logGet(43)) - raft.server.log.statemachine.data.sync = true (default)
2019-09-28 01:31:45,513 [pool-67-thread-1] INFO  server.RaftServerConfigKeys (ConfUtils.java:logGet(43)) - raft.server.log.statemachine.data.sync.timeout = 10s (default)
2019-09-28 01:31:45,513 [pool-67-thread-1] INFO  server.RaftServerConfigKeys (ConfUtils.java:logGet(43)) - raft.server.log.statemachine.data.sync.timeout.retry = -1 (default)
2019-09-28 01:31:45,513 [pool-67-thread-1] INFO  server.RaftServerConfigKeys (ConfUtils.java:logGet(43)) - raft.server.log.statemachine.data.caching.enabled = true (custom)
2019-09-28 01:31:45,514 [pool-67-thread-1] INFO  segmented.SegmentedRaftLogWorker (SegmentedRaftLogWorker.java:lambda$new$0(132)) - c3b44230-8055-4b96-b4ab-49ab84a19ebc@group-537AE5503E1D-SegmentedRaftLogWorker: flushIndex: setUnconditionally 0 -> -1
2019-09-28 01:31:45,514 [pool-67-thread-1] INFO  server.RaftServerConfigKeys (ConfUtils.java:logGet(43)) - raft.server.snapshot.auto.trigger.enabled = true (custom)
2019-09-28 01:31:45,515 [pool-67-thread-1] INFO  server.RaftServerConfigKeys (ConfUtils.java:logGet(43)) - raft.server.snapshot.auto.trigger.threshold = 10000 (custom)
2019-09-28 01:31:45,515 [pool-67-thread-1] INFO  server.RaftServerConfigKeys (ConfUtils.java:logGet(43)) - raft.server.snapshot.retention.num.files = 5 (custom)
2019-09-28 01:31:45,515 [pool-67-thread-1] INFO  server.RaftServerConfigKeys (ConfUtils.java:logGet(43)) - raft.server.retrycache.expirytime = 600000ms (custom)
2019-09-28 01:31:45,520 [pool-67-thread-1] INFO  impl.RaftServerImpl (RaftServerImpl.java:start(185)) - c3b44230-8055-4b96-b4ab-49ab84a19ebc@group-537AE5503E1D: start as a follower, conf=-1: [c3b44230-8055-4b96-b4ab-49ab84a19ebc:192.168.151.82:36365], old=null
2019-09-28 01:31:45,520 [pool-67-thread-1] INFO  impl.RaftServerImpl (RaftServerImpl.java:setRole(174)) - c3b44230-8055-4b96-b4ab-49ab84a19ebc@group-537AE5503E1D: changes role from      null to FOLLOWER at term 0 for startAsFollower
2019-09-28 01:31:45,520 [pool-67-thread-1] INFO  impl.RoleInfo (RoleInfo.java:updateAndGet(143)) - c3b44230-8055-4b96-b4ab-49ab84a19ebc: start FollowerState
2019-09-28 01:31:45,521 [pool-67-thread-1] INFO  util.JmxRegister (JmxRegister.java:tryRegister(44)) - Successfully registered JMX Bean with object name Ratis:service=RaftServer,group=group-537AE5503E1D,id=c3b44230-8055-4b96-b4ab-49ab84a19ebc
2019-09-28 01:31:45,536 [RatisPipelineUtilsThread] INFO  pipeline.PipelineStateManager (PipelineStateManager.java:addPipeline(56)) - Created pipeline Pipeline[ Id: 717401e5-f7b1-436f-842e-537ae5503e1d, Nodes: c3b44230-8055-4b96-b4ab-49ab84a19ebc{ip: 192.168.151.82, host: pr-hdds-2162-8g7kw-3348123894, networkLocation: /default-rack, certSerialId: null}, Type:RATIS, Factor:ONE, State:OPEN]
2019-09-28 01:31:45,560 [grpc-default-executor-0] INFO  impl.RaftServerProxy (RaftServerProxy.java:addNew(89)) - 0d70ad3c-800c-48db-bdd0-be4353c958fd: addNew group-793ED5C77D6A:[0d70ad3c-800c-48db-bdd0-be4353c958fd:192.168.151.82:46429] returns group-793ED5C77D6A:java.util.concurrent.CompletableFuture@7a577a85[Not completed]
2019-09-28 01:31:45,563 [pool-37-thread-1] INFO  impl.RaftServerImpl (RaftServerImpl.java:<init>(95)) - 0d70ad3c-800c-48db-bdd0-be4353c958fd: new RaftServerImpl for group-793ED5C77D6A:[0d70ad3c-800c-48db-bdd0-be4353c958fd:192.168.151.82:46429] with ContainerStateMachine:uninitialized
2019-09-28 01:31:45,563 [pool-37-thread-1] INFO  server.RaftServerConfigKeys (ConfUtils.java:logGet(43)) - raft.server.rpc.timeout.min = 5s (custom)
2019-09-28 01:31:45,563 [pool-37-thread-1] INFO  server.RaftServerConfigKeys (ConfUtils.java:logGet(43)) - raft.server.rpc.timeout.max = 5200ms (custom)
2019-09-28 01:31:45,563 [pool-37-thread-1] INFO  server.RaftServerConfigKeys (ConfUtils.java:logGet(43)) - raft.server.rpcslowness.timeout = 120s (custom)
2019-09-28 01:31:45,563 [pool-37-thread-1] INFO  server.RaftServerConfigKeys (ConfUtils.java:logGet(43)) - raft.server.sleep.deviation.threshold = 300 (default)
2019-09-28 01:31:45,564 [pool-37-thread-1] INFO  server.RaftServerConfigKeys (ConfUtils.java:logGet(43)) - raft.server.log.appender.install.snapshot.enabled = false (custom)
2019-09-28 01:31:45,564 [pool-37-thread-1] INFO  impl.RaftServerImpl (ServerState.java:<init>(103)) - 0d70ad3c-800c-48db-bdd0-be4353c958fd@group-793ED5C77D6A: ConfigurationManager, init=-1: [0d70ad3c-800c-48db-bdd0-be4353c958fd:192.168.151.82:46429], old=null, confs=<EMPTY_MAP>
2019-09-28 01:31:45,564 [pool-37-thread-1] INFO  server.RaftServerConfigKeys (ConfUtils.java:logGet(43)) - raft.server.storage.dir = [/workdir/hadoop-ozone/integration-test/target/test-dir/MiniOzoneClusterImpl-020b4dfa-e8b5-437d-83dd-89670c7d8075/datanode-1/data/ratis] (custom)
2019-09-28 01:31:45,564 [pool-37-thread-1] INFO  storage.RaftStorageDirectory (RaftStorageDirectory.java:analyzeStorage(246)) - The storage directory /workdir/hadoop-ozone/integration-test/target/test-dir/MiniOzoneClusterImpl-020b4dfa-e8b5-437d-83dd-89670c7d8075/datanode-1/data/ratis/728c475e-e3c7-4652-a029-793ed5c77d6a does not exist. Creating ...
2019-09-28 01:31:45,577 [pool-37-thread-1] INFO  storage.RaftStorageDirectory (RaftStorageDirectory.java:tryLock(328)) - Lock on /workdir/hadoop-ozone/integration-test/target/test-dir/MiniOzoneClusterImpl-020b4dfa-e8b5-437d-83dd-89670c7d8075/datanode-1/data/ratis/728c475e-e3c7-4652-a029-793ed5c77d6a/in_use.lock acquired by nodename 16201@pr-hdds-2162-8g7kw-3348123894
2019-09-28 01:31:45,590 [pool-37-thread-1] INFO  storage.RaftStorage (RaftStorage.java:format(72)) - Storage directory /workdir/hadoop-ozone/integration-test/target/test-dir/MiniOzoneClusterImpl-020b4dfa-e8b5-437d-83dd-89670c7d8075/datanode-1/data/ratis/728c475e-e3c7-4652-a029-793ed5c77d6a has been successfully formatted.
2019-09-28 01:31:45,591 [pool-37-thread-1] INFO  ratis.ContainerStateMachine (ContainerStateMachine.java:loadSnapshot(230)) - group-793ED5C77D6A: The snapshot info is null. Setting the last applied indexto:(t:0, i:~)
2019-09-28 01:31:45,591 [pool-37-thread-1] INFO  server.RaftServerConfigKeys (ConfUtils.java:logGet(43)) - raft.server.notification.no-leader.timeout = 120s (custom)
2019-09-28 01:31:45,591 [pool-37-thread-1] INFO  server.RaftServerConfigKeys (ConfUtils.java:logGet(43)) - raft.server.log.use.memory = false (default)
2019-09-28 01:31:45,591 [pool-37-thread-1] INFO  server.RaftServerConfigKeys (ConfUtils.java:logGet(43)) - raft.server.log.purge.gap = 1000000 (custom)
2019-09-28 01:31:45,591 [pool-37-thread-1] INFO  server.RaftServerConfigKeys (ConfUtils.java:logGet(43)) - raft.server.log.appender.buffer.byte-limit = 33554432 (custom)
2019-09-28 01:31:45,591 [pool-37-thread-1] INFO  server.RaftServerConfigKeys (ConfUtils.java:logGet(43)) - raft.server.log.segment.size.max = 1048576 (custom)
2019-09-28 01:31:45,592 [pool-37-thread-1] INFO  server.RaftServerConfigKeys (ConfUtils.java:logGet(43)) - raft.server.log.segment.cache.num.max = 2 (custom)
2019-09-28 01:31:45,592 [pool-37-thread-1] INFO  segmented.SegmentedRaftLogWorker (SegmentedRaftLogWorker.java:<init>(172)) - new 0d70ad3c-800c-48db-bdd0-be4353c958fd@group-793ED5C77D6A-SegmentedRaftLogWorker for RaftStorage:Storage Directory /workdir/hadoop-ozone/integration-test/target/test-dir/MiniOzoneClusterImpl-020b4dfa-e8b5-437d-83dd-89670c7d8075/datanode-1/data/ratis/728c475e-e3c7-4652-a029-793ed5c77d6a
2019-09-28 01:31:45,595 [pool-37-thread-1] INFO  server.RaftServerConfigKeys (ConfUtils.java:logGet(43)) - raft.server.log.queue.byte-limit = 2147483647 (custom)
2019-09-28 01:31:45,595 [pool-37-thread-1] INFO  server.RaftServerConfigKeys (ConfUtils.java:logGet(43)) - raft.server.log.queue.element-limit = 1024 (custom)
2019-09-28 01:31:45,596 [pool-37-thread-1] INFO  server.RaftServerConfigKeys (ConfUtils.java:logGet(43)) - raft.server.log.segment.size.max = 1048576 (custom)
2019-09-28 01:31:45,596 [pool-37-thread-1] INFO  server.RaftServerConfigKeys (ConfUtils.java:logGet(43)) - raft.server.log.preallocated.size = 16384 (custom)
2019-09-28 01:31:45,596 [pool-37-thread-1] INFO  server.RaftServerConfigKeys (ConfUtils.java:logGet(43)) - raft.server.log.write.buffer.size = 33554432 (custom)
2019-09-28 01:31:45,596 [pool-37-thread-1] INFO  server.RaftServerConfigKeys (ConfUtils.java:logGet(43)) - raft.server.log.force.sync.num = 128 (default)
2019-09-28 01:31:45,596 [pool-37-thread-1] INFO  server.RaftServerConfigKeys (ConfUtils.java:logGet(43)) - raft.server.log.statemachine.data.sync = true (default)
2019-09-28 01:31:45,597 [pool-37-thread-1] INFO  server.RaftServerConfigKeys (ConfUtils.java:logGet(43)) - raft.server.log.statemachine.data.sync.timeout = 10s (default)
2019-09-28 01:31:45,597 [pool-37-thread-1] INFO  server.RaftServerConfigKeys (ConfUtils.java:logGet(43)) - raft.server.log.statemachine.data.sync.timeout.retry = -1 (default)
2019-09-28 01:31:45,597 [pool-37-thread-1] INFO  server.RaftServerConfigKeys (ConfUtils.java:logGet(43)) - raft.server.log.statemachine.data.caching.enabled = true (custom)
2019-09-28 01:31:45,597 [pool-37-thread-1] INFO  segmented.SegmentedRaftLogWorker (SegmentedRaftLogWorker.java:lambda$new$0(132)) - 0d70ad3c-800c-48db-bdd0-be4353c958fd@group-793ED5C77D6A-SegmentedRaftLogWorker: flushIndex: setUnconditionally 0 -> -1
2019-09-28 01:31:45,598 [pool-37-thread-1] INFO  server.RaftServerConfigKeys (ConfUtils.java:logGet(43)) - raft.server.snapshot.auto.trigger.enabled = true (custom)
2019-09-28 01:31:45,598 [pool-37-thread-1] INFO  server.RaftServerConfigKeys (ConfUtils.java:logGet(43)) - raft.server.snapshot.auto.trigger.threshold = 10000 (custom)
2019-09-28 01:31:45,598 [pool-37-thread-1] INFO  server.RaftServerConfigKeys (ConfUtils.java:logGet(43)) - raft.server.snapshot.retention.num.files = 5 (custom)
2019-09-28 01:31:45,598 [pool-37-thread-1] INFO  server.RaftServerConfigKeys (ConfUtils.java:logGet(43)) - raft.server.retrycache.expirytime = 600000ms (custom)
2019-09-28 01:31:45,602 [pool-37-thread-1] INFO  impl.RaftServerImpl (RaftServerImpl.java:start(185)) - 0d70ad3c-800c-48db-bdd0-be4353c958fd@group-793ED5C77D6A: start as a follower, conf=-1: [0d70ad3c-800c-48db-bdd0-be4353c958fd:192.168.151.82:46429], old=null
2019-09-28 01:31:45,602 [pool-37-thread-1] INFO  impl.RaftServerImpl (RaftServerImpl.java:setRole(174)) - 0d70ad3c-800c-48db-bdd0-be4353c958fd@group-793ED5C77D6A: changes role from      null to FOLLOWER at term 0 for startAsFollower
2019-09-28 01:31:45,602 [pool-37-thread-1] INFO  impl.RoleInfo (RoleInfo.java:updateAndGet(143)) - 0d70ad3c-800c-48db-bdd0-be4353c958fd: start FollowerState
2019-09-28 01:31:45,602 [pool-37-thread-1] INFO  util.JmxRegister (JmxRegister.java:tryRegister(44)) - Successfully registered JMX Bean with object name Ratis:service=RaftServer,group=group-793ED5C77D6A,id=0d70ad3c-800c-48db-bdd0-be4353c958fd
2019-09-28 01:31:45,622 [RatisPipelineUtilsThread] INFO  pipeline.PipelineStateManager (PipelineStateManager.java:addPipeline(56)) - Created pipeline Pipeline[ Id: 728c475e-e3c7-4652-a029-793ed5c77d6a, Nodes: 0d70ad3c-800c-48db-bdd0-be4353c958fd{ip: 192.168.151.82, host: pr-hdds-2162-8g7kw-3348123894, networkLocation: /default-rack, certSerialId: null}, Type:RATIS, Factor:ONE, State:OPEN]
2019-09-28 01:31:45,662 [grpc-default-executor-2] INFO  impl.RaftServerProxy (RaftServerProxy.java:addNew(89)) - ccbab465-acd2-4d0b-812c-0f594a54c5b2: addNew group-CF7DB4980690:[28d4d4d3-7677-4732-a671-8df8988bf2f7:192.168.151.82:34131, ccbab465-acd2-4d0b-812c-0f594a54c5b2:192.168.151.82:38951, d1a01b5b-d60a-49c4-97e7-79bbe5f8e904:192.168.151.82:44492] returns group-CF7DB4980690:java.util.concurrent.CompletableFuture@10ae53ab[Not completed]
2019-09-28 01:31:45,667 [grpc-default-executor-2] INFO  impl.RaftServerProxy (RaftServerProxy.java:addNew(89)) - d1a01b5b-d60a-49c4-97e7-79bbe5f8e904: addNew group-CF7DB4980690:[28d4d4d3-7677-4732-a671-8df8988bf2f7:192.168.151.82:34131, ccbab465-acd2-4d0b-812c-0f594a54c5b2:192.168.151.82:38951, d1a01b5b-d60a-49c4-97e7-79bbe5f8e904:192.168.151.82:44492] returns group-CF7DB4980690:java.util.concurrent.CompletableFuture@51935990[Not completed]
2019-09-28 01:31:45,667 [pool-87-thread-1] INFO  impl.RaftServerImpl (RaftServerImpl.java:<init>(95)) - ccbab465-acd2-4d0b-812c-0f594a54c5b2: new RaftServerImpl for group-CF7DB4980690:[28d4d4d3-7677-4732-a671-8df8988bf2f7:192.168.151.82:34131, ccbab465-acd2-4d0b-812c-0f594a54c5b2:192.168.151.82:38951, d1a01b5b-d60a-49c4-97e7-79bbe5f8e904:192.168.151.82:44492] with ContainerStateMachine:uninitialized
2019-09-28 01:31:45,667 [pool-87-thread-1] INFO  server.RaftServerConfigKeys (ConfUtils.java:logGet(43)) - raft.server.rpc.timeout.min = 5s (custom)
2019-09-28 01:31:45,667 [pool-87-thread-1] INFO  server.RaftServerConfigKeys (ConfUtils.java:logGet(43)) - raft.server.rpc.timeout.max = 5200ms (custom)
2019-09-28 01:31:45,667 [grpc-default-executor-1] INFO  impl.RaftServerProxy (RaftServerProxy.java:addNew(89)) - 28d4d4d3-7677-4732-a671-8df8988bf2f7: addNew group-CF7DB4980690:[28d4d4d3-7677-4732-a671-8df8988bf2f7:192.168.151.82:34131, ccbab465-acd2-4d0b-812c-0f594a54c5b2:192.168.151.82:38951, d1a01b5b-d60a-49c4-97e7-79bbe5f8e904:192.168.151.82:44492] returns group-CF7DB4980690:java.util.concurrent.CompletableFuture@7986b7a2[Not completed]
2019-09-28 01:31:45,668 [pool-87-thread-1] INFO  server.RaftServerConfigKeys (ConfUtils.java:logGet(43)) - raft.server.rpcslowness.timeout = 120s (custom)
2019-09-28 01:31:45,668 [pool-87-thread-1] INFO  server.RaftServerConfigKeys (ConfUtils.java:logGet(43)) - raft.server.sleep.deviation.threshold = 300 (default)
2019-09-28 01:31:45,668 [pool-87-thread-1] INFO  server.RaftServerConfigKeys (ConfUtils.java:logGet(43)) - raft.server.log.appender.install.snapshot.enabled = false (custom)
2019-09-28 01:31:45,668 [pool-87-thread-1] INFO  impl.RaftServerImpl (ServerState.java:<init>(103)) - ccbab465-acd2-4d0b-812c-0f594a54c5b2@group-CF7DB4980690: ConfigurationManager, init=-1: [28d4d4d3-7677-4732-a671-8df8988bf2f7:192.168.151.82:34131, ccbab465-acd2-4d0b-812c-0f594a54c5b2:192.168.151.82:38951, d1a01b5b-d60a-49c4-97e7-79bbe5f8e904:192.168.151.82:44492], old=null, confs=<EMPTY_MAP>
2019-09-28 01:31:45,668 [pool-87-thread-1] INFO  server.RaftServerConfigKeys (ConfUtils.java:logGet(43)) - raft.server.storage.dir = [/workdir/hadoop-ozone/integration-test/target/test-dir/MiniOzoneClusterImpl-020b4dfa-e8b5-437d-83dd-89670c7d8075/datanode-6/data/ratis] (custom)
2019-09-28 01:31:45,669 [pool-77-thread-1] INFO  impl.RaftServerImpl (RaftServerImpl.java:<init>(95)) - d1a01b5b-d60a-49c4-97e7-79bbe5f8e904: new RaftServerImpl for group-CF7DB4980690:[28d4d4d3-7677-4732-a671-8df8988bf2f7:192.168.151.82:34131, ccbab465-acd2-4d0b-812c-0f594a54c5b2:192.168.151.82:38951, d1a01b5b-d60a-49c4-97e7-79bbe5f8e904:192.168.151.82:44492] with ContainerStateMachine:uninitialized
2019-09-28 01:31:45,669 [pool-87-thread-1] INFO  storage.RaftStorageDirectory (RaftStorageDirectory.java:analyzeStorage(246)) - The storage directory /workdir/hadoop-ozone/integration-test/target/test-dir/MiniOzoneClusterImpl-020b4dfa-e8b5-437d-83dd-89670c7d8075/datanode-6/data/ratis/f861f3ba-1e0e-4639-a1e3-cf7db4980690 does not exist. Creating ...
2019-09-28 01:31:45,669 [pool-77-thread-1] INFO  server.RaftServerConfigKeys (ConfUtils.java:logGet(43)) - raft.server.rpc.timeout.min = 5s (custom)
2019-09-28 01:31:45,669 [pool-77-thread-1] INFO  server.RaftServerConfigKeys (ConfUtils.java:logGet(43)) - raft.server.rpc.timeout.max = 5200ms (custom)
2019-09-28 01:31:45,670 [pool-77-thread-1] INFO  server.RaftServerConfigKeys (ConfUtils.java:logGet(43)) - raft.server.rpcslowness.timeout = 120s (custom)
2019-09-28 01:31:45,670 [pool-77-thread-1] INFO  server.RaftServerConfigKeys (ConfUtils.java:logGet(43)) - raft.server.sleep.deviation.threshold = 300 (default)
2019-09-28 01:31:45,670 [pool-77-thread-1] INFO  server.RaftServerConfigKeys (ConfUtils.java:logGet(43)) - raft.server.log.appender.install.snapshot.enabled = false (custom)
2019-09-28 01:31:45,670 [pool-77-thread-1] INFO  impl.RaftServerImpl (ServerState.java:<init>(103)) - d1a01b5b-d60a-49c4-97e7-79bbe5f8e904@group-CF7DB4980690: ConfigurationManager, init=-1: [28d4d4d3-7677-4732-a671-8df8988bf2f7:192.168.151.82:34131, ccbab465-acd2-4d0b-812c-0f594a54c5b2:192.168.151.82:38951, d1a01b5b-d60a-49c4-97e7-79bbe5f8e904:192.168.151.82:44492], old=null, confs=<EMPTY_MAP>
2019-09-28 01:31:45,670 [pool-27-thread-1] INFO  impl.RaftServerImpl (RaftServerImpl.java:<init>(95)) - 28d4d4d3-7677-4732-a671-8df8988bf2f7: new RaftServerImpl for group-CF7DB4980690:[28d4d4d3-7677-4732-a671-8df8988bf2f7:192.168.151.82:34131, ccbab465-acd2-4d0b-812c-0f594a54c5b2:192.168.151.82:38951, d1a01b5b-d60a-49c4-97e7-79bbe5f8e904:192.168.151.82:44492] with ContainerStateMachine:uninitialized
2019-09-28 01:31:45,670 [pool-77-thread-1] INFO  server.RaftServerConfigKeys (ConfUtils.java:logGet(43)) - raft.server.storage.dir = [/workdir/hadoop-ozone/integration-test/target/test-dir/MiniOzoneClusterImpl-020b4dfa-e8b5-437d-83dd-89670c7d8075/datanode-5/data/ratis] (custom)
2019-09-28 01:31:45,671 [pool-27-thread-1] INFO  server.RaftServerConfigKeys (ConfUtils.java:logGet(43)) - raft.server.rpc.timeout.min = 5s (custom)
2019-09-28 01:31:45,671 [pool-27-thread-1] INFO  server.RaftServerConfigKeys (ConfUtils.java:logGet(43)) - raft.server.rpc.timeout.max = 5200ms (custom)
2019-09-28 01:31:45,671 [pool-77-thread-1] INFO  storage.RaftStorageDirectory (RaftStorageDirectory.java:analyzeStorage(246)) - The storage directory /workdir/hadoop-ozone/integration-test/target/test-dir/MiniOzoneClusterImpl-020b4dfa-e8b5-437d-83dd-89670c7d8075/datanode-5/data/ratis/f861f3ba-1e0e-4639-a1e3-cf7db4980690 does not exist. Creating ...
2019-09-28 01:31:45,671 [pool-27-thread-1] INFO  server.RaftServerConfigKeys (ConfUtils.java:logGet(43)) - raft.server.rpcslowness.timeout = 120s (custom)
2019-09-28 01:31:45,671 [pool-27-thread-1] INFO  server.RaftServerConfigKeys (ConfUtils.java:logGet(43)) - raft.server.sleep.deviation.threshold = 300 (default)
2019-09-28 01:31:45,672 [pool-27-thread-1] INFO  server.RaftServerConfigKeys (ConfUtils.java:logGet(43)) - raft.server.log.appender.install.snapshot.enabled = false (custom)
2019-09-28 01:31:45,672 [pool-27-thread-1] INFO  impl.RaftServerImpl (ServerState.java:<init>(103)) - 28d4d4d3-7677-4732-a671-8df8988bf2f7@group-CF7DB4980690: ConfigurationManager, init=-1: [28d4d4d3-7677-4732-a671-8df8988bf2f7:192.168.151.82:34131, ccbab465-acd2-4d0b-812c-0f594a54c5b2:192.168.151.82:38951, d1a01b5b-d60a-49c4-97e7-79bbe5f8e904:192.168.151.82:44492], old=null, confs=<EMPTY_MAP>
2019-09-28 01:31:45,672 [pool-27-thread-1] INFO  server.RaftServerConfigKeys (ConfUtils.java:logGet(43)) - raft.server.storage.dir = [/workdir/hadoop-ozone/integration-test/target/test-dir/MiniOzoneClusterImpl-020b4dfa-e8b5-437d-83dd-89670c7d8075/datanode-0/data/ratis] (custom)
2019-09-28 01:31:45,672 [pool-27-thread-1] INFO  storage.RaftStorageDirectory (RaftStorageDirectory.java:analyzeStorage(246)) - The storage directory /workdir/hadoop-ozone/integration-test/target/test-dir/MiniOzoneClusterImpl-020b4dfa-e8b5-437d-83dd-89670c7d8075/datanode-0/data/ratis/f861f3ba-1e0e-4639-a1e3-cf7db4980690 does not exist. Creating ...
2019-09-28 01:31:45,695 [pool-87-thread-1] INFO  storage.RaftStorageDirectory (RaftStorageDirectory.java:tryLock(328)) - Lock on /workdir/hadoop-ozone/integration-test/target/test-dir/MiniOzoneClusterImpl-020b4dfa-e8b5-437d-83dd-89670c7d8075/datanode-6/data/ratis/f861f3ba-1e0e-4639-a1e3-cf7db4980690/in_use.lock acquired by nodename 16201@pr-hdds-2162-8g7kw-3348123894
2019-09-28 01:31:45,695 [pool-27-thread-1] INFO  storage.RaftStorageDirectory (RaftStorageDirectory.java:tryLock(328)) - Lock on /workdir/hadoop-ozone/integration-test/target/test-dir/MiniOzoneClusterImpl-020b4dfa-e8b5-437d-83dd-89670c7d8075/datanode-0/data/ratis/f861f3ba-1e0e-4639-a1e3-cf7db4980690/in_use.lock acquired by nodename 16201@pr-hdds-2162-8g7kw-3348123894
2019-09-28 01:31:45,695 [pool-77-thread-1] INFO  storage.RaftStorageDirectory (RaftStorageDirectory.java:tryLock(328)) - Lock on /workdir/hadoop-ozone/integration-test/target/test-dir/MiniOzoneClusterImpl-020b4dfa-e8b5-437d-83dd-89670c7d8075/datanode-5/data/ratis/f861f3ba-1e0e-4639-a1e3-cf7db4980690/in_use.lock acquired by nodename 16201@pr-hdds-2162-8g7kw-3348123894
2019-09-28 01:31:45,709 [pool-87-thread-1] INFO  storage.RaftStorage (RaftStorage.java:format(72)) - Storage directory /workdir/hadoop-ozone/integration-test/target/test-dir/MiniOzoneClusterImpl-020b4dfa-e8b5-437d-83dd-89670c7d8075/datanode-6/data/ratis/f861f3ba-1e0e-4639-a1e3-cf7db4980690 has been successfully formatted.
2019-09-28 01:31:45,709 [pool-27-thread-1] INFO  storage.RaftStorage (RaftStorage.java:format(72)) - Storage directory /workdir/hadoop-ozone/integration-test/target/test-dir/MiniOzoneClusterImpl-020b4dfa-e8b5-437d-83dd-89670c7d8075/datanode-0/data/ratis/f861f3ba-1e0e-4639-a1e3-cf7db4980690 has been successfully formatted.
2019-09-28 01:31:45,709 [pool-87-thread-1] INFO  ratis.ContainerStateMachine (ContainerStateMachine.java:loadSnapshot(230)) - group-CF7DB4980690: The snapshot info is null. Setting the last applied indexto:(t:0, i:~)
2019-09-28 01:31:45,709 [pool-77-thread-1] INFO  storage.RaftStorage (RaftStorage.java:format(72)) - Storage directory /workdir/hadoop-ozone/integration-test/target/test-dir/MiniOzoneClusterImpl-020b4dfa-e8b5-437d-83dd-89670c7d8075/datanode-5/data/ratis/f861f3ba-1e0e-4639-a1e3-cf7db4980690 has been successfully formatted.
2019-09-28 01:31:45,711 [pool-87-thread-1] INFO  server.RaftServerConfigKeys (ConfUtils.java:logGet(43)) - raft.server.notification.no-leader.timeout = 120s (custom)
2019-09-28 01:31:45,711 [pool-27-thread-1] INFO  ratis.ContainerStateMachine (ContainerStateMachine.java:loadSnapshot(230)) - group-CF7DB4980690: The snapshot info is null. Setting the last applied indexto:(t:0, i:~)
2019-09-28 01:31:45,711 [pool-77-thread-1] INFO  ratis.ContainerStateMachine (ContainerStateMachine.java:loadSnapshot(230)) - group-CF7DB4980690: The snapshot info is null. Setting the last applied indexto:(t:0, i:~)
2019-09-28 01:31:45,711 [pool-87-thread-1] INFO  server.RaftServerConfigKeys (ConfUtils.java:logGet(43)) - raft.server.log.use.memory = false (default)
2019-09-28 01:31:45,711 [pool-77-thread-1] INFO  server.RaftServerConfigKeys (ConfUtils.java:logGet(43)) - raft.server.notification.no-leader.timeout = 120s (custom)
2019-09-28 01:31:45,711 [pool-27-thread-1] INFO  server.RaftServerConfigKeys (ConfUtils.java:logGet(43)) - raft.server.notification.no-leader.timeout = 120s (custom)
2019-09-28 01:31:45,712 [pool-77-thread-1] INFO  server.RaftServerConfigKeys (ConfUtils.java:logGet(43)) - raft.server.log.use.memory = false (default)
2019-09-28 01:31:45,712 [pool-87-thread-1] INFO  server.RaftServerConfigKeys (ConfUtils.java:logGet(43)) - raft.server.log.purge.gap = 1000000 (custom)
2019-09-28 01:31:45,712 [pool-77-thread-1] INFO  server.RaftServerConfigKeys (ConfUtils.java:logGet(43)) - raft.server.log.purge.gap = 1000000 (custom)
2019-09-28 01:31:45,712 [pool-27-thread-1] INFO  server.RaftServerConfigKeys (ConfUtils.java:logGet(43)) - raft.server.log.use.memory = false (default)
2019-09-28 01:31:45,712 [pool-77-thread-1] INFO  server.RaftServerConfigKeys (ConfUtils.java:logGet(43)) - raft.server.log.appender.buffer.byte-limit = 33554432 (custom)
2019-09-28 01:31:45,712 [pool-87-thread-1] INFO  server.RaftServerConfigKeys (ConfUtils.java:logGet(43)) - raft.server.log.appender.buffer.byte-limit = 33554432 (custom)
2019-09-28 01:31:45,713 [pool-77-thread-1] INFO  server.RaftServerConfigKeys (ConfUtils.java:logGet(43)) - raft.server.log.segment.size.max = 1048576 (custom)
2019-09-28 01:31:45,713 [pool-27-thread-1] INFO  server.RaftServerConfigKeys (ConfUtils.java:logGet(43)) - raft.server.log.purge.gap = 1000000 (custom)
2019-09-28 01:31:45,713 [pool-77-thread-1] INFO  server.RaftServerConfigKeys (ConfUtils.java:logGet(43)) - raft.server.log.segment.cache.num.max = 2 (custom)
2019-09-28 01:31:45,713 [pool-87-thread-1] INFO  server.RaftServerConfigKeys (ConfUtils.java:logGet(43)) - raft.server.log.segment.size.max = 1048576 (custom)
2019-09-28 01:31:45,713 [pool-27-thread-1] INFO  server.RaftServerConfigKeys (ConfUtils.java:logGet(43)) - raft.server.log.appender.buffer.byte-limit = 33554432 (custom)
2019-09-28 01:31:45,714 [pool-87-thread-1] INFO  server.RaftServerConfigKeys (ConfUtils.java:logGet(43)) - raft.server.log.segment.cache.num.max = 2 (custom)
2019-09-28 01:31:45,714 [pool-77-thread-1] INFO  segmented.SegmentedRaftLogWorker (SegmentedRaftLogWorker.java:<init>(172)) - new d1a01b5b-d60a-49c4-97e7-79bbe5f8e904@group-CF7DB4980690-SegmentedRaftLogWorker for RaftStorage:Storage Directory /workdir/hadoop-ozone/integration-test/target/test-dir/MiniOzoneClusterImpl-020b4dfa-e8b5-437d-83dd-89670c7d8075/datanode-5/data/ratis/f861f3ba-1e0e-4639-a1e3-cf7db4980690
2019-09-28 01:31:45,714 [pool-87-thread-1] INFO  segmented.SegmentedRaftLogWorker (SegmentedRaftLogWorker.java:<init>(172)) - new ccbab465-acd2-4d0b-812c-0f594a54c5b2@group-CF7DB4980690-SegmentedRaftLogWorker for RaftStorage:Storage Directory /workdir/hadoop-ozone/integration-test/target/test-dir/MiniOzoneClusterImpl-020b4dfa-e8b5-437d-83dd-89670c7d8075/datanode-6/data/ratis/f861f3ba-1e0e-4639-a1e3-cf7db4980690
2019-09-28 01:31:45,714 [pool-77-thread-1] INFO  server.RaftServerConfigKeys (ConfUtils.java:logGet(43)) - raft.server.log.queue.byte-limit = 2147483647 (custom)
2019-09-28 01:31:45,714 [pool-27-thread-1] INFO  server.RaftServerConfigKeys (ConfUtils.java:logGet(43)) - raft.server.log.segment.size.max = 1048576 (custom)
2019-09-28 01:31:45,714 [pool-77-thread-1] INFO  server.RaftServerConfigKeys (ConfUtils.java:logGet(43)) - raft.server.log.queue.element-limit = 1024 (custom)
2019-09-28 01:31:45,714 [pool-87-thread-1] INFO  server.RaftServerConfigKeys (ConfUtils.java:logGet(43)) - raft.server.log.queue.byte-limit = 2147483647 (custom)
2019-09-28 01:31:45,715 [pool-77-thread-1] INFO  server.RaftServerConfigKeys (ConfUtils.java:logGet(43)) - raft.server.log.segment.size.max = 1048576 (custom)
2019-09-28 01:31:45,714 [pool-27-thread-1] INFO  server.RaftServerConfigKeys (ConfUtils.java:logGet(43)) - raft.server.log.segment.cache.num.max = 2 (custom)
2019-09-28 01:31:45,715 [pool-77-thread-1] INFO  server.RaftServerConfigKeys (ConfUtils.java:logGet(43)) - raft.server.log.preallocated.size = 16384 (custom)
2019-09-28 01:31:45,715 [pool-87-thread-1] INFO  server.RaftServerConfigKeys (ConfUtils.java:logGet(43)) - raft.server.log.queue.element-limit = 1024 (custom)
2019-09-28 01:31:45,715 [pool-77-thread-1] INFO  server.RaftServerConfigKeys (ConfUtils.java:logGet(43)) - raft.server.log.write.buffer.size = 33554432 (custom)
2019-09-28 01:31:45,715 [pool-27-thread-1] INFO  segmented.SegmentedRaftLogWorker (SegmentedRaftLogWorker.java:<init>(172)) - new 28d4d4d3-7677-4732-a671-8df8988bf2f7@group-CF7DB4980690-SegmentedRaftLogWorker for RaftStorage:Storage Directory /workdir/hadoop-ozone/integration-test/target/test-dir/MiniOzoneClusterImpl-020b4dfa-e8b5-437d-83dd-89670c7d8075/datanode-0/data/ratis/f861f3ba-1e0e-4639-a1e3-cf7db4980690
2019-09-28 01:31:45,716 [pool-77-thread-1] INFO  server.RaftServerConfigKeys (ConfUtils.java:logGet(43)) - raft.server.log.force.sync.num = 128 (default)
2019-09-28 01:31:45,715 [pool-87-thread-1] INFO  server.RaftServerConfigKeys (ConfUtils.java:logGet(43)) - raft.server.log.segment.size.max = 1048576 (custom)
2019-09-28 01:31:45,716 [pool-77-thread-1] INFO  server.RaftServerConfigKeys (ConfUtils.java:logGet(43)) - raft.server.log.statemachine.data.sync = true (default)
2019-09-28 01:31:45,716 [pool-27-thread-1] INFO  server.RaftServerConfigKeys (ConfUtils.java:logGet(43)) - raft.server.log.queue.byte-limit = 2147483647 (custom)
2019-09-28 01:31:45,716 [pool-77-thread-1] INFO  server.RaftServerConfigKeys (ConfUtils.java:logGet(43)) - raft.server.log.statemachine.data.sync.timeout = 10s (default)
2019-09-28 01:31:45,716 [pool-87-thread-1] INFO  server.RaftServerConfigKeys (ConfUtils.java:logGet(43)) - raft.server.log.preallocated.size = 16384 (custom)
2019-09-28 01:31:45,717 [pool-77-thread-1] INFO  server.RaftServerConfigKeys (ConfUtils.java:logGet(43)) - raft.server.log.statemachine.data.sync.timeout.retry = -1 (default)
2019-09-28 01:31:45,716 [pool-27-thread-1] INFO  server.RaftServerConfigKeys (ConfUtils.java:logGet(43)) - raft.server.log.queue.element-limit = 1024 (custom)
2019-09-28 01:31:45,717 [pool-77-thread-1] INFO  server.RaftServerConfigKeys (ConfUtils.java:logGet(43)) - raft.server.log.statemachine.data.caching.enabled = true (custom)
2019-09-28 01:31:45,717 [pool-87-thread-1] INFO  server.RaftServerConfigKeys (ConfUtils.java:logGet(43)) - raft.server.log.write.buffer.size = 33554432 (custom)
2019-09-28 01:31:45,717 [pool-27-thread-1] INFO  server.RaftServerConfigKeys (ConfUtils.java:logGet(43)) - raft.server.log.segment.size.max = 1048576 (custom)
2019-09-28 01:31:45,717 [pool-87-thread-1] INFO  server.RaftServerConfigKeys (ConfUtils.java:logGet(43)) - raft.server.log.force.sync.num = 128 (default)
2019-09-28 01:31:45,718 [pool-77-thread-1] INFO  segmented.SegmentedRaftLogWorker (SegmentedRaftLogWorker.java:lambda$new$0(132)) - d1a01b5b-d60a-49c4-97e7-79bbe5f8e904@group-CF7DB4980690-SegmentedRaftLogWorker: flushIndex: setUnconditionally 0 -> -1
2019-09-28 01:31:45,718 [pool-27-thread-1] INFO  server.RaftServerConfigKeys (ConfUtils.java:logGet(43)) - raft.server.log.preallocated.size = 16384 (custom)
2019-09-28 01:31:45,718 [pool-87-thread-1] INFO  server.RaftServerConfigKeys (ConfUtils.java:logGet(43)) - raft.server.log.statemachine.data.sync = true (default)
2019-09-28 01:31:45,718 [pool-77-thread-1] INFO  server.RaftServerConfigKeys (ConfUtils.java:logGet(43)) - raft.server.snapshot.auto.trigger.enabled = true (custom)
2019-09-28 01:31:45,718 [pool-27-thread-1] INFO  server.RaftServerConfigKeys (ConfUtils.java:logGet(43)) - raft.server.log.write.buffer.size = 33554432 (custom)
2019-09-28 01:31:45,718 [pool-77-thread-1] INFO  server.RaftServerConfigKeys (ConfUtils.java:logGet(43)) - raft.server.snapshot.auto.trigger.threshold = 10000 (custom)
2019-09-28 01:31:45,718 [pool-87-thread-1] INFO  server.RaftServerConfigKeys (ConfUtils.java:logGet(43)) - raft.server.log.statemachine.data.sync.timeout = 10s (default)
2019-09-28 01:31:45,719 [pool-77-thread-1] INFO  server.RaftServerConfigKeys (ConfUtils.java:logGet(43)) - raft.server.snapshot.retention.num.files = 5 (custom)
2019-09-28 01:31:45,719 [pool-27-thread-1] INFO  server.RaftServerConfigKeys (ConfUtils.java:logGet(43)) - raft.server.log.force.sync.num = 128 (default)
2019-09-28 01:31:45,719 [pool-77-thread-1] INFO  server.RaftServerConfigKeys (ConfUtils.java:logGet(43)) - raft.server.retrycache.expirytime = 600000ms (custom)
2019-09-28 01:31:45,719 [pool-87-thread-1] INFO  server.RaftServerConfigKeys (ConfUtils.java:logGet(43)) - raft.server.log.statemachine.data.sync.timeout.retry = -1 (default)
2019-09-28 01:31:45,719 [pool-27-thread-1] INFO  server.RaftServerConfigKeys (ConfUtils.java:logGet(43)) - raft.server.log.statemachine.data.sync = true (default)
2019-09-28 01:31:45,720 [pool-87-thread-1] INFO  server.RaftServerConfigKeys (ConfUtils.java:logGet(43)) - raft.server.log.statemachine.data.caching.enabled = true (custom)
2019-09-28 01:31:45,720 [pool-27-thread-1] INFO  server.RaftServerConfigKeys (ConfUtils.java:logGet(43)) - raft.server.log.statemachine.data.sync.timeout = 10s (default)
2019-09-28 01:31:45,720 [pool-27-thread-1] INFO  server.RaftServerConfigKeys (ConfUtils.java:logGet(43)) - raft.server.log.statemachine.data.sync.timeout.retry = -1 (default)
2019-09-28 01:31:45,720 [pool-87-thread-1] INFO  segmented.SegmentedRaftLogWorker (SegmentedRaftLogWorker.java:lambda$new$0(132)) - ccbab465-acd2-4d0b-812c-0f594a54c5b2@group-CF7DB4980690-SegmentedRaftLogWorker: flushIndex: setUnconditionally 0 -> -1
2019-09-28 01:31:45,720 [pool-27-thread-1] INFO  server.RaftServerConfigKeys (ConfUtils.java:logGet(43)) - raft.server.log.statemachine.data.caching.enabled = true (custom)
2019-09-28 01:31:45,720 [pool-87-thread-1] INFO  server.RaftServerConfigKeys (ConfUtils.java:logGet(43)) - raft.server.snapshot.auto.trigger.enabled = true (custom)
2019-09-28 01:31:45,721 [pool-87-thread-1] INFO  server.RaftServerConfigKeys (ConfUtils.java:logGet(43)) - raft.server.snapshot.auto.trigger.threshold = 10000 (custom)
2019-09-28 01:31:45,721 [pool-27-thread-1] INFO  segmented.SegmentedRaftLogWorker (SegmentedRaftLogWorker.java:lambda$new$0(132)) - 28d4d4d3-7677-4732-a671-8df8988bf2f7@group-CF7DB4980690-SegmentedRaftLogWorker: flushIndex: setUnconditionally 0 -> -1
2019-09-28 01:31:45,721 [pool-87-thread-1] INFO  server.RaftServerConfigKeys (ConfUtils.java:logGet(43)) - raft.server.snapshot.retention.num.files = 5 (custom)
2019-09-28 01:31:45,723 [pool-87-thread-1] INFO  server.RaftServerConfigKeys (ConfUtils.java:logGet(43)) - raft.server.retrycache.expirytime = 600000ms (custom)
2019-09-28 01:31:45,723 [pool-27-thread-1] INFO  server.RaftServerConfigKeys (ConfUtils.java:logGet(43)) - raft.server.snapshot.auto.trigger.enabled = true (custom)
2019-09-28 01:31:45,723 [pool-27-thread-1] INFO  server.RaftServerConfigKeys (ConfUtils.java:logGet(43)) - raft.server.snapshot.auto.trigger.threshold = 10000 (custom)
2019-09-28 01:31:45,723 [pool-27-thread-1] INFO  server.RaftServerConfigKeys (ConfUtils.java:logGet(43)) - raft.server.snapshot.retention.num.files = 5 (custom)
2019-09-28 01:31:45,724 [pool-27-thread-1] INFO  server.RaftServerConfigKeys (ConfUtils.java:logGet(43)) - raft.server.retrycache.expirytime = 600000ms (custom)
2019-09-28 01:31:45,726 [pool-77-thread-1] INFO  impl.RaftServerImpl (RaftServerImpl.java:start(185)) - d1a01b5b-d60a-49c4-97e7-79bbe5f8e904@group-CF7DB4980690: start as a follower, conf=-1: [28d4d4d3-7677-4732-a671-8df8988bf2f7:192.168.151.82:34131, ccbab465-acd2-4d0b-812c-0f594a54c5b2:192.168.151.82:38951, d1a01b5b-d60a-49c4-97e7-79bbe5f8e904:192.168.151.82:44492], old=null
2019-09-28 01:31:45,726 [pool-77-thread-1] INFO  impl.RaftServerImpl (RaftServerImpl.java:setRole(174)) - d1a01b5b-d60a-49c4-97e7-79bbe5f8e904@group-CF7DB4980690: changes role from      null to FOLLOWER at term 0 for startAsFollower
2019-09-28 01:31:45,726 [pool-77-thread-1] INFO  impl.RoleInfo (RoleInfo.java:updateAndGet(143)) - d1a01b5b-d60a-49c4-97e7-79bbe5f8e904: start FollowerState
2019-09-28 01:31:45,727 [pool-77-thread-1] INFO  util.JmxRegister (JmxRegister.java:tryRegister(44)) - Successfully registered JMX Bean with object name Ratis:service=RaftServer,group=group-CF7DB4980690,id=d1a01b5b-d60a-49c4-97e7-79bbe5f8e904
2019-09-28 01:31:45,727 [pool-87-thread-1] INFO  impl.RaftServerImpl (RaftServerImpl.java:start(185)) - ccbab465-acd2-4d0b-812c-0f594a54c5b2@group-CF7DB4980690: start as a follower, conf=-1: [28d4d4d3-7677-4732-a671-8df8988bf2f7:192.168.151.82:34131, ccbab465-acd2-4d0b-812c-0f594a54c5b2:192.168.151.82:38951, d1a01b5b-d60a-49c4-97e7-79bbe5f8e904:192.168.151.82:44492], old=null
2019-09-28 01:31:45,727 [pool-87-thread-1] INFO  impl.RaftServerImpl (RaftServerImpl.java:setRole(174)) - ccbab465-acd2-4d0b-812c-0f594a54c5b2@group-CF7DB4980690: changes role from      null to FOLLOWER at term 0 for startAsFollower
2019-09-28 01:31:45,728 [pool-87-thread-1] INFO  impl.RoleInfo (RoleInfo.java:updateAndGet(143)) - ccbab465-acd2-4d0b-812c-0f594a54c5b2: start FollowerState
2019-09-28 01:31:45,728 [pool-87-thread-1] INFO  util.JmxRegister (JmxRegister.java:tryRegister(44)) - Successfully registered JMX Bean with object name Ratis:service=RaftServer,group=group-CF7DB4980690,id=ccbab465-acd2-4d0b-812c-0f594a54c5b2
2019-09-28 01:31:45,728 [pool-27-thread-1] INFO  impl.RaftServerImpl (RaftServerImpl.java:start(185)) - 28d4d4d3-7677-4732-a671-8df8988bf2f7@group-CF7DB4980690: start as a follower, conf=-1: [28d4d4d3-7677-4732-a671-8df8988bf2f7:192.168.151.82:34131, ccbab465-acd2-4d0b-812c-0f594a54c5b2:192.168.151.82:38951, d1a01b5b-d60a-49c4-97e7-79bbe5f8e904:192.168.151.82:44492], old=null
2019-09-28 01:31:45,728 [pool-27-thread-1] INFO  impl.RaftServerImpl (RaftServerImpl.java:setRole(174)) - 28d4d4d3-7677-4732-a671-8df8988bf2f7@group-CF7DB4980690: changes role from      null to FOLLOWER at term 0 for startAsFollower
2019-09-28 01:31:45,729 [pool-27-thread-1] INFO  impl.RoleInfo (RoleInfo.java:updateAndGet(143)) - 28d4d4d3-7677-4732-a671-8df8988bf2f7: start FollowerState
2019-09-28 01:31:45,729 [pool-27-thread-1] INFO  util.JmxRegister (JmxRegister.java:tryRegister(44)) - Successfully registered JMX Bean with object name Ratis:service=RaftServer,group=group-CF7DB4980690,id=28d4d4d3-7677-4732-a671-8df8988bf2f7
2019-09-28 01:31:45,755 [RatisPipelineUtilsThread] INFO  pipeline.PipelineStateManager (PipelineStateManager.java:addPipeline(56)) - Created pipeline Pipeline[ Id: f861f3ba-1e0e-4639-a1e3-cf7db4980690, Nodes: d1a01b5b-d60a-49c4-97e7-79bbe5f8e904{ip: 192.168.151.82, host: pr-hdds-2162-8g7kw-3348123894, networkLocation: /default-rack, certSerialId: null}ccbab465-acd2-4d0b-812c-0f594a54c5b2{ip: 192.168.151.82, host: pr-hdds-2162-8g7kw-3348123894, networkLocation: /default-rack, certSerialId: null}28d4d4d3-7677-4732-a671-8df8988bf2f7{ip: 192.168.151.82, host: pr-hdds-2162-8g7kw-3348123894, networkLocation: /default-rack, certSerialId: null}, Type:RATIS, Factor:THREE, State:OPEN]
2019-09-28 01:31:45,797 [grpc-default-executor-1] INFO  impl.RaftServerProxy (RaftServerProxy.java:addNew(89)) - c3b44230-8055-4b96-b4ab-49ab84a19ebc: addNew group-43D849141780:[11611bd1-c795-477d-9d02-ae33d9af50bf:192.168.151.82:44375, 92b20fe8-050f-41a4-8782-fc291bf59358:192.168.151.82:36626, c3b44230-8055-4b96-b4ab-49ab84a19ebc:192.168.151.82:36365] returns group-43D849141780:java.util.concurrent.CompletableFuture@38bbbd99[Not completed]
2019-09-28 01:31:45,797 [grpc-default-executor-2] INFO  impl.RaftServerProxy (RaftServerProxy.java:addNew(89)) - 11611bd1-c795-477d-9d02-ae33d9af50bf: addNew group-43D849141780:[11611bd1-c795-477d-9d02-ae33d9af50bf:192.168.151.82:44375, 92b20fe8-050f-41a4-8782-fc291bf59358:192.168.151.82:36626, c3b44230-8055-4b96-b4ab-49ab84a19ebc:192.168.151.82:36365] returns group-43D849141780:java.util.concurrent.CompletableFuture@60086c51[Not completed]
2019-09-28 01:31:45,799 [grpc-default-executor-0] INFO  impl.RaftServerProxy (RaftServerProxy.java:addNew(89)) - 92b20fe8-050f-41a4-8782-fc291bf59358: addNew group-43D849141780:[11611bd1-c795-477d-9d02-ae33d9af50bf:192.168.151.82:44375, 92b20fe8-050f-41a4-8782-fc291bf59358:192.168.151.82:36626, c3b44230-8055-4b96-b4ab-49ab84a19ebc:192.168.151.82:36365] returns group-43D849141780:java.util.concurrent.CompletableFuture@240b32c7[Not completed]
2019-09-28 01:31:45,802 [pool-67-thread-1] INFO  impl.RaftServerImpl (RaftServerImpl.java:<init>(95)) - c3b44230-8055-4b96-b4ab-49ab84a19ebc: new RaftServerImpl for group-43D849141780:[11611bd1-c795-477d-9d02-ae33d9af50bf:192.168.151.82:44375, 92b20fe8-050f-41a4-8782-fc291bf59358:192.168.151.82:36626, c3b44230-8055-4b96-b4ab-49ab84a19ebc:192.168.151.82:36365] with ContainerStateMachine:uninitialized
2019-09-28 01:31:45,802 [pool-67-thread-1] INFO  server.RaftServerConfigKeys (ConfUtils.java:logGet(43)) - raft.server.rpc.timeout.min = 5s (custom)
2019-09-28 01:31:45,802 [pool-67-thread-1] INFO  server.RaftServerConfigKeys (ConfUtils.java:logGet(43)) - raft.server.rpc.timeout.max = 5200ms (custom)
2019-09-28 01:31:45,802 [pool-67-thread-1] INFO  server.RaftServerConfigKeys (ConfUtils.java:logGet(43)) - raft.server.rpcslowness.timeout = 120s (custom)
2019-09-28 01:31:45,802 [pool-67-thread-1] INFO  server.RaftServerConfigKeys (ConfUtils.java:logGet(43)) - raft.server.sleep.deviation.threshold = 300 (default)
2019-09-28 01:31:45,802 [pool-67-thread-1] INFO  server.RaftServerConfigKeys (ConfUtils.java:logGet(43)) - raft.server.log.appender.install.snapshot.enabled = false (custom)
2019-09-28 01:31:45,803 [pool-67-thread-1] INFO  impl.RaftServerImpl (ServerState.java:<init>(103)) - c3b44230-8055-4b96-b4ab-49ab84a19ebc@group-43D849141780: ConfigurationManager, init=-1: [11611bd1-c795-477d-9d02-ae33d9af50bf:192.168.151.82:44375, 92b20fe8-050f-41a4-8782-fc291bf59358:192.168.151.82:36626, c3b44230-8055-4b96-b4ab-49ab84a19ebc:192.168.151.82:36365], old=null, confs=<EMPTY_MAP>
2019-09-28 01:31:45,803 [pool-67-thread-1] INFO  server.RaftServerConfigKeys (ConfUtils.java:logGet(43)) - raft.server.storage.dir = [/workdir/hadoop-ozone/integration-test/target/test-dir/MiniOzoneClusterImpl-020b4dfa-e8b5-437d-83dd-89670c7d8075/datanode-4/data/ratis] (custom)
2019-09-28 01:31:45,803 [pool-47-thread-1] INFO  impl.RaftServerImpl (RaftServerImpl.java:<init>(95)) - 92b20fe8-050f-41a4-8782-fc291bf59358: new RaftServerImpl for group-43D849141780:[11611bd1-c795-477d-9d02-ae33d9af50bf:192.168.151.82:44375, 92b20fe8-050f-41a4-8782-fc291bf59358:192.168.151.82:36626, c3b44230-8055-4b96-b4ab-49ab84a19ebc:192.168.151.82:36365] with ContainerStateMachine:uninitialized
2019-09-28 01:31:45,803 [pool-67-thread-1] INFO  storage.RaftStorageDirectory (RaftStorageDirectory.java:analyzeStorage(246)) - The storage directory /workdir/hadoop-ozone/integration-test/target/test-dir/MiniOzoneClusterImpl-020b4dfa-e8b5-437d-83dd-89670c7d8075/datanode-4/data/ratis/1ad4ae31-6127-4c16-8722-43d849141780 does not exist. Creating ...
2019-09-28 01:31:45,803 [pool-47-thread-1] INFO  server.RaftServerConfigKeys (ConfUtils.java:logGet(43)) - raft.server.rpc.timeout.min = 5s (custom)
2019-09-28 01:31:45,804 [pool-47-thread-1] INFO  server.RaftServerConfigKeys (ConfUtils.java:logGet(43)) - raft.server.rpc.timeout.max = 5200ms (custom)
2019-09-28 01:31:45,804 [pool-47-thread-1] INFO  server.RaftServerConfigKeys (ConfUtils.java:logGet(43)) - raft.server.rpcslowness.timeout = 120s (custom)
2019-09-28 01:31:45,804 [pool-47-thread-1] INFO  server.RaftServerConfigKeys (ConfUtils.java:logGet(43)) - raft.server.sleep.deviation.threshold = 300 (default)
2019-09-28 01:31:45,804 [pool-47-thread-1] INFO  server.RaftServerConfigKeys (ConfUtils.java:logGet(43)) - raft.server.log.appender.install.snapshot.enabled = false (custom)
2019-09-28 01:31:45,804 [pool-57-thread-1] INFO  impl.RaftServerImpl (RaftServerImpl.java:<init>(95)) - 11611bd1-c795-477d-9d02-ae33d9af50bf: new RaftServerImpl for group-43D849141780:[11611bd1-c795-477d-9d02-ae33d9af50bf:192.168.151.82:44375, 92b20fe8-050f-41a4-8782-fc291bf59358:192.168.151.82:36626, c3b44230-8055-4b96-b4ab-49ab84a19ebc:192.168.151.82:36365] with ContainerStateMachine:uninitialized
2019-09-28 01:31:45,804 [pool-47-thread-1] INFO  impl.RaftServerImpl (ServerState.java:<init>(103)) - 92b20fe8-050f-41a4-8782-fc291bf59358@group-43D849141780: ConfigurationManager, init=-1: [11611bd1-c795-477d-9d02-ae33d9af50bf:192.168.151.82:44375, 92b20fe8-050f-41a4-8782-fc291bf59358:192.168.151.82:36626, c3b44230-8055-4b96-b4ab-49ab84a19ebc:192.168.151.82:36365], old=null, confs=<EMPTY_MAP>
2019-09-28 01:31:45,805 [pool-57-thread-1] INFO  server.RaftServerConfigKeys (ConfUtils.java:logGet(43)) - raft.server.rpc.timeout.min = 5s (custom)
2019-09-28 01:31:45,805 [pool-47-thread-1] INFO  server.RaftServerConfigKeys (ConfUtils.java:logGet(43)) - raft.server.storage.dir = [/workdir/hadoop-ozone/integration-test/target/test-dir/MiniOzoneClusterImpl-020b4dfa-e8b5-437d-83dd-89670c7d8075/datanode-2/data/ratis] (custom)
2019-09-28 01:31:45,805 [pool-57-thread-1] INFO  server.RaftServerConfigKeys (ConfUtils.java:logGet(43)) - raft.server.rpc.timeout.max = 5200ms (custom)
2019-09-28 01:31:45,805 [pool-57-thread-1] INFO  server.RaftServerConfigKeys (ConfUtils.java:logGet(43)) - raft.server.rpcslowness.timeout = 120s (custom)
2019-09-28 01:31:45,805 [pool-57-thread-1] INFO  server.RaftServerConfigKeys (ConfUtils.java:logGet(43)) - raft.server.sleep.deviation.threshold = 300 (default)
2019-09-28 01:31:45,805 [pool-47-thread-1] INFO  storage.RaftStorageDirectory (RaftStorageDirectory.java:analyzeStorage(246)) - The storage directory /workdir/hadoop-ozone/integration-test/target/test-dir/MiniOzoneClusterImpl-020b4dfa-e8b5-437d-83dd-89670c7d8075/datanode-2/data/ratis/1ad4ae31-6127-4c16-8722-43d849141780 does not exist. Creating ...
2019-09-28 01:31:45,805 [pool-57-thread-1] INFO  server.RaftServerConfigKeys (ConfUtils.java:logGet(43)) - raft.server.log.appender.install.snapshot.enabled = false (custom)
2019-09-28 01:31:45,806 [pool-57-thread-1] INFO  impl.RaftServerImpl (ServerState.java:<init>(103)) - 11611bd1-c795-477d-9d02-ae33d9af50bf@group-43D849141780: ConfigurationManager, init=-1: [11611bd1-c795-477d-9d02-ae33d9af50bf:192.168.151.82:44375, 92b20fe8-050f-41a4-8782-fc291bf59358:192.168.151.82:36626, c3b44230-8055-4b96-b4ab-49ab84a19ebc:192.168.151.82:36365], old=null, confs=<EMPTY_MAP>
2019-09-28 01:31:45,806 [pool-57-thread-1] INFO  server.RaftServerConfigKeys (ConfUtils.java:logGet(43)) - raft.server.storage.dir = [/workdir/hadoop-ozone/integration-test/target/test-dir/MiniOzoneClusterImpl-020b4dfa-e8b5-437d-83dd-89670c7d8075/datanode-3/data/ratis] (custom)
2019-09-28 01:31:45,806 [pool-57-thread-1] INFO  storage.RaftStorageDirectory (RaftStorageDirectory.java:analyzeStorage(246)) - The storage directory /workdir/hadoop-ozone/integration-test/target/test-dir/MiniOzoneClusterImpl-020b4dfa-e8b5-437d-83dd-89670c7d8075/datanode-3/data/ratis/1ad4ae31-6127-4c16-8722-43d849141780 does not exist. Creating ...
2019-09-28 01:31:45,829 [pool-57-thread-1] INFO  storage.RaftStorageDirectory (RaftStorageDirectory.java:tryLock(328)) - Lock on /workdir/hadoop-ozone/integration-test/target/test-dir/MiniOzoneClusterImpl-020b4dfa-e8b5-437d-83dd-89670c7d8075/datanode-3/data/ratis/1ad4ae31-6127-4c16-8722-43d849141780/in_use.lock acquired by nodename 16201@pr-hdds-2162-8g7kw-3348123894
2019-09-28 01:31:45,829 [pool-67-thread-1] INFO  storage.RaftStorageDirectory (RaftStorageDirectory.java:tryLock(328)) - Lock on /workdir/hadoop-ozone/integration-test/target/test-dir/MiniOzoneClusterImpl-020b4dfa-e8b5-437d-83dd-89670c7d8075/datanode-4/data/ratis/1ad4ae31-6127-4c16-8722-43d849141780/in_use.lock acquired by nodename 16201@pr-hdds-2162-8g7kw-3348123894
2019-09-28 01:31:45,829 [pool-47-thread-1] INFO  storage.RaftStorageDirectory (RaftStorageDirectory.java:tryLock(328)) - Lock on /workdir/hadoop-ozone/integration-test/target/test-dir/MiniOzoneClusterImpl-020b4dfa-e8b5-437d-83dd-89670c7d8075/datanode-2/data/ratis/1ad4ae31-6127-4c16-8722-43d849141780/in_use.lock acquired by nodename 16201@pr-hdds-2162-8g7kw-3348123894
2019-09-28 01:31:45,853 [pool-67-thread-1] INFO  storage.RaftStorage (RaftStorage.java:format(72)) - Storage directory /workdir/hadoop-ozone/integration-test/target/test-dir/MiniOzoneClusterImpl-020b4dfa-e8b5-437d-83dd-89670c7d8075/datanode-4/data/ratis/1ad4ae31-6127-4c16-8722-43d849141780 has been successfully formatted.
2019-09-28 01:31:45,853 [pool-47-thread-1] INFO  storage.RaftStorage (RaftStorage.java:format(72)) - Storage directory /workdir/hadoop-ozone/integration-test/target/test-dir/MiniOzoneClusterImpl-020b4dfa-e8b5-437d-83dd-89670c7d8075/datanode-2/data/ratis/1ad4ae31-6127-4c16-8722-43d849141780 has been successfully formatted.
2019-09-28 01:31:45,853 [pool-57-thread-1] INFO  storage.RaftStorage (RaftStorage.java:format(72)) - Storage directory /workdir/hadoop-ozone/integration-test/target/test-dir/MiniOzoneClusterImpl-020b4dfa-e8b5-437d-83dd-89670c7d8075/datanode-3/data/ratis/1ad4ae31-6127-4c16-8722-43d849141780 has been successfully formatted.
2019-09-28 01:31:45,853 [pool-67-thread-1] INFO  ratis.ContainerStateMachine (ContainerStateMachine.java:loadSnapshot(230)) - group-43D849141780: The snapshot info is null. Setting the last applied indexto:(t:0, i:~)
2019-09-28 01:31:45,854 [pool-57-thread-1] INFO  ratis.ContainerStateMachine (ContainerStateMachine.java:loadSnapshot(230)) - group-43D849141780: The snapshot info is null. Setting the last applied indexto:(t:0, i:~)
2019-09-28 01:31:45,854 [pool-47-thread-1] INFO  ratis.ContainerStateMachine (ContainerStateMachine.java:loadSnapshot(230)) - group-43D849141780: The snapshot info is null. Setting the last applied indexto:(t:0, i:~)
2019-09-28 01:31:45,854 [pool-57-thread-1] INFO  server.RaftServerConfigKeys (ConfUtils.java:logGet(43)) - raft.server.notification.no-leader.timeout = 120s (custom)
2019-09-28 01:31:45,854 [pool-67-thread-1] INFO  server.RaftServerConfigKeys (ConfUtils.java:logGet(43)) - raft.server.notification.no-leader.timeout = 120s (custom)
2019-09-28 01:31:45,854 [pool-57-thread-1] INFO  server.RaftServerConfigKeys (ConfUtils.java:logGet(43)) - raft.server.log.use.memory = false (default)
2019-09-28 01:31:45,854 [pool-47-thread-1] INFO  server.RaftServerConfigKeys (ConfUtils.java:logGet(43)) - raft.server.notification.no-leader.timeout = 120s (custom)
2019-09-28 01:31:45,855 [pool-57-thread-1] INFO  server.RaftServerConfigKeys (ConfUtils.java:logGet(43)) - raft.server.log.purge.gap = 1000000 (custom)
2019-09-28 01:31:45,854 [pool-67-thread-1] INFO  server.RaftServerConfigKeys (ConfUtils.java:logGet(43)) - raft.server.log.use.memory = false (default)
2019-09-28 01:31:45,855 [pool-57-thread-1] INFO  server.RaftServerConfigKeys (ConfUtils.java:logGet(43)) - raft.server.log.appender.buffer.byte-limit = 33554432 (custom)
2019-09-28 01:31:45,855 [pool-47-thread-1] INFO  server.RaftServerConfigKeys (ConfUtils.java:logGet(43)) - raft.server.log.use.memory = false (default)
2019-09-28 01:31:45,855 [pool-57-thread-1] INFO  server.RaftServerConfigKeys (ConfUtils.java:logGet(43)) - raft.server.log.segment.size.max = 1048576 (custom)
2019-09-28 01:31:45,855 [pool-67-thread-1] INFO  server.RaftServerConfigKeys (ConfUtils.java:logGet(43)) - raft.server.log.purge.gap = 1000000 (custom)
2019-09-28 01:31:45,856 [pool-57-thread-1] INFO  server.RaftServerConfigKeys (ConfUtils.java:logGet(43)) - raft.server.log.segment.cache.num.max = 2 (custom)
2019-09-28 01:31:45,856 [pool-47-thread-1] INFO  server.RaftServerConfigKeys (ConfUtils.java:logGet(43)) - raft.server.log.purge.gap = 1000000 (custom)
2019-09-28 01:31:45,856 [pool-57-thread-1] INFO  segmented.SegmentedRaftLogWorker (SegmentedRaftLogWorker.java:<init>(172)) - new 11611bd1-c795-477d-9d02-ae33d9af50bf@group-43D849141780-SegmentedRaftLogWorker for RaftStorage:Storage Directory /workdir/hadoop-ozone/integration-test/target/test-dir/MiniOzoneClusterImpl-020b4dfa-e8b5-437d-83dd-89670c7d8075/datanode-3/data/ratis/1ad4ae31-6127-4c16-8722-43d849141780
2019-09-28 01:31:45,856 [pool-67-thread-1] INFO  server.RaftServerConfigKeys (ConfUtils.java:logGet(43)) - raft.server.log.appender.buffer.byte-limit = 33554432 (custom)
2019-09-28 01:31:45,856 [pool-57-thread-1] INFO  server.RaftServerConfigKeys (ConfUtils.java:logGet(43)) - raft.server.log.queue.byte-limit = 2147483647 (custom)
2019-09-28 01:31:45,856 [pool-47-thread-1] INFO  server.RaftServerConfigKeys (ConfUtils.java:logGet(43)) - raft.server.log.appender.buffer.byte-limit = 33554432 (custom)
2019-09-28 01:31:45,857 [pool-57-thread-1] INFO  server.RaftServerConfigKeys (ConfUtils.java:logGet(43)) - raft.server.log.queue.element-limit = 1024 (custom)
2019-09-28 01:31:45,856 [pool-67-thread-1] INFO  server.RaftServerConfigKeys (ConfUtils.java:logGet(43)) - raft.server.log.segment.size.max = 1048576 (custom)
2019-09-28 01:31:45,857 [pool-57-thread-1] INFO  server.RaftServerConfigKeys (ConfUtils.java:logGet(43)) - raft.server.log.segment.size.max = 1048576 (custom)
2019-09-28 01:31:45,857 [pool-47-thread-1] INFO  server.RaftServerConfigKeys (ConfUtils.java:logGet(43)) - raft.server.log.segment.size.max = 1048576 (custom)
2019-09-28 01:31:45,857 [pool-57-thread-1] INFO  server.RaftServerConfigKeys (ConfUtils.java:logGet(43)) - raft.server.log.preallocated.size = 16384 (custom)
2019-09-28 01:31:45,857 [pool-67-thread-1] INFO  server.RaftServerConfigKeys (ConfUtils.java:logGet(43)) - raft.server.log.segment.cache.num.max = 2 (custom)
2019-09-28 01:31:45,858 [pool-57-thread-1] INFO  server.RaftServerConfigKeys (ConfUtils.java:logGet(43)) - raft.server.log.write.buffer.size = 33554432 (custom)
2019-09-28 01:31:45,858 [pool-57-thread-1] INFO  server.RaftServerConfigKeys (ConfUtils.java:logGet(43)) - raft.server.log.force.sync.num = 128 (default)
2019-09-28 01:31:45,858 [pool-47-thread-1] INFO  server.RaftServerConfigKeys (ConfUtils.java:logGet(43)) - raft.server.log.segment.cache.num.max = 2 (custom)
2019-09-28 01:31:45,858 [pool-57-thread-1] INFO  server.RaftServerConfigKeys (ConfUtils.java:logGet(43)) - raft.server.log.statemachine.data.sync = true (default)
2019-09-28 01:31:45,858 [pool-67-thread-1] INFO  segmented.SegmentedRaftLogWorker (SegmentedRaftLogWorker.java:<init>(172)) - new c3b44230-8055-4b96-b4ab-49ab84a19ebc@group-43D849141780-SegmentedRaftLogWorker for RaftStorage:Storage Directory /workdir/hadoop-ozone/integration-test/target/test-dir/MiniOzoneClusterImpl-020b4dfa-e8b5-437d-83dd-89670c7d8075/datanode-4/data/ratis/1ad4ae31-6127-4c16-8722-43d849141780
2019-09-28 01:31:45,859 [pool-57-thread-1] INFO  server.RaftServerConfigKeys (ConfUtils.java:logGet(43)) - raft.server.log.statemachine.data.sync.timeout = 10s (default)
2019-09-28 01:31:45,859 [pool-47-thread-1] INFO  segmented.SegmentedRaftLogWorker (SegmentedRaftLogWorker.java:<init>(172)) - new 92b20fe8-050f-41a4-8782-fc291bf59358@group-43D849141780-SegmentedRaftLogWorker for RaftStorage:Storage Directory /workdir/hadoop-ozone/integration-test/target/test-dir/MiniOzoneClusterImpl-020b4dfa-e8b5-437d-83dd-89670c7d8075/datanode-2/data/ratis/1ad4ae31-6127-4c16-8722-43d849141780
2019-09-28 01:31:45,859 [pool-57-thread-1] INFO  server.RaftServerConfigKeys (ConfUtils.java:logGet(43)) - raft.server.log.statemachine.data.sync.timeout.retry = -1 (default)
2019-09-28 01:31:45,859 [pool-67-thread-1] INFO  server.RaftServerConfigKeys (ConfUtils.java:logGet(43)) - raft.server.log.queue.byte-limit = 2147483647 (custom)
2019-09-28 01:31:45,859 [pool-57-thread-1] INFO  server.RaftServerConfigKeys (ConfUtils.java:logGet(43)) - raft.server.log.statemachine.data.caching.enabled = true (custom)
2019-09-28 01:31:45,859 [pool-47-thread-1] INFO  server.RaftServerConfigKeys (ConfUtils.java:logGet(43)) - raft.server.log.queue.byte-limit = 2147483647 (custom)
2019-09-28 01:31:45,859 [pool-67-thread-1] INFO  server.RaftServerConfigKeys (ConfUtils.java:logGet(43)) - raft.server.log.queue.element-limit = 1024 (custom)
2019-09-28 01:31:45,860 [pool-57-thread-1] INFO  segmented.SegmentedRaftLogWorker (SegmentedRaftLogWorker.java:lambda$new$0(132)) - 11611bd1-c795-477d-9d02-ae33d9af50bf@group-43D849141780-SegmentedRaftLogWorker: flushIndex: setUnconditionally 0 -> -1
2019-09-28 01:31:45,860 [pool-47-thread-1] INFO  server.RaftServerConfigKeys (ConfUtils.java:logGet(43)) - raft.server.log.queue.element-limit = 1024 (custom)
2019-09-28 01:31:45,860 [pool-67-thread-1] INFO  server.RaftServerConfigKeys (ConfUtils.java:logGet(43)) - raft.server.log.segment.size.max = 1048576 (custom)
2019-09-28 01:31:45,860 [pool-47-thread-1] INFO  server.RaftServerConfigKeys (ConfUtils.java:logGet(43)) - raft.server.log.segment.size.max = 1048576 (custom)
2019-09-28 01:31:45,860 [pool-57-thread-1] INFO  server.RaftServerConfigKeys (ConfUtils.java:logGet(43)) - raft.server.snapshot.auto.trigger.enabled = true (custom)
2019-09-28 01:31:45,861 [pool-47-thread-1] INFO  server.RaftServerConfigKeys (ConfUtils.java:logGet(43)) - raft.server.log.preallocated.size = 16384 (custom)
2019-09-28 01:31:45,860 [pool-67-thread-1] INFO  server.RaftServerConfigKeys (ConfUtils.java:logGet(43)) - raft.server.log.preallocated.size = 16384 (custom)
2019-09-28 01:31:45,861 [pool-47-thread-1] INFO  server.RaftServerConfigKeys (ConfUtils.java:logGet(43)) - raft.server.log.write.buffer.size = 33554432 (custom)
2019-09-28 01:31:45,861 [pool-57-thread-1] INFO  server.RaftServerConfigKeys (ConfUtils.java:logGet(43)) - raft.server.snapshot.auto.trigger.threshold = 10000 (custom)
2019-09-28 01:31:45,861 [pool-47-thread-1] INFO  server.RaftServerConfigKeys (ConfUtils.java:logGet(43)) - raft.server.log.force.sync.num = 128 (default)
2019-09-28 01:31:45,861 [pool-67-thread-1] INFO  server.RaftServerConfigKeys (ConfUtils.java:logGet(43)) - raft.server.log.write.buffer.size = 33554432 (custom)
2019-09-28 01:31:45,862 [pool-47-thread-1] INFO  server.RaftServerConfigKeys (ConfUtils.java:logGet(43)) - raft.server.log.statemachine.data.sync = true (default)
2019-09-28 01:31:45,862 [pool-57-thread-1] INFO  server.RaftServerConfigKeys (ConfUtils.java:logGet(43)) - raft.server.snapshot.retention.num.files = 5 (custom)
2019-09-28 01:31:45,862 [pool-47-thread-1] INFO  server.RaftServerConfigKeys (ConfUtils.java:logGet(43)) - raft.server.log.statemachine.data.sync.timeout = 10s (default)
2019-09-28 01:31:45,862 [pool-67-thread-1] INFO  server.RaftServerConfigKeys (ConfUtils.java:logGet(43)) - raft.server.log.force.sync.num = 128 (default)
2019-09-28 01:31:45,863 [pool-47-thread-1] INFO  server.RaftServerConfigKeys (ConfUtils.java:logGet(43)) - raft.server.log.statemachine.data.sync.timeout.retry = -1 (default)
2019-09-28 01:31:45,862 [pool-57-thread-1] INFO  server.RaftServerConfigKeys (ConfUtils.java:logGet(43)) - raft.server.retrycache.expirytime = 600000ms (custom)
2019-09-28 01:31:45,863 [pool-67-thread-1] INFO  server.RaftServerConfigKeys (ConfUtils.java:logGet(43)) - raft.server.log.statemachine.data.sync = true (default)
2019-09-28 01:31:45,863 [pool-47-thread-1] INFO  server.RaftServerConfigKeys (ConfUtils.java:logGet(43)) - raft.server.log.statemachine.data.caching.enabled = true (custom)
2019-09-28 01:31:45,863 [pool-67-thread-1] INFO  server.RaftServerConfigKeys (ConfUtils.java:logGet(43)) - raft.server.log.statemachine.data.sync.timeout = 10s (default)
2019-09-28 01:31:45,863 [pool-67-thread-1] INFO  server.RaftServerConfigKeys (ConfUtils.java:logGet(43)) - raft.server.log.statemachine.data.sync.timeout.retry = -1 (default)
2019-09-28 01:31:45,864 [pool-47-thread-1] INFO  segmented.SegmentedRaftLogWorker (SegmentedRaftLogWorker.java:lambda$new$0(132)) - 92b20fe8-050f-41a4-8782-fc291bf59358@group-43D849141780-SegmentedRaftLogWorker: flushIndex: setUnconditionally 0 -> -1
2019-09-28 01:31:45,864 [pool-67-thread-1] INFO  server.RaftServerConfigKeys (ConfUtils.java:logGet(43)) - raft.server.log.statemachine.data.caching.enabled = true (custom)
2019-09-28 01:31:45,864 [pool-47-thread-1] INFO  server.RaftServerConfigKeys (ConfUtils.java:logGet(43)) - raft.server.snapshot.auto.trigger.enabled = true (custom)
2019-09-28 01:31:45,864 [pool-67-thread-1] INFO  segmented.SegmentedRaftLogWorker (SegmentedRaftLogWorker.java:lambda$new$0(132)) - c3b44230-8055-4b96-b4ab-49ab84a19ebc@group-43D849141780-SegmentedRaftLogWorker: flushIndex: setUnconditionally 0 -> -1
2019-09-28 01:31:45,864 [pool-47-thread-1] INFO  server.RaftServerConfigKeys (ConfUtils.java:logGet(43)) - raft.server.snapshot.auto.trigger.threshold = 10000 (custom)
2019-09-28 01:31:45,865 [pool-47-thread-1] INFO  server.RaftServerConfigKeys (ConfUtils.java:logGet(43)) - raft.server.snapshot.retention.num.files = 5 (custom)
2019-09-28 01:31:45,865 [pool-67-thread-1] INFO  server.RaftServerConfigKeys (ConfUtils.java:logGet(43)) - raft.server.snapshot.auto.trigger.enabled = true (custom)
2019-09-28 01:31:45,865 [pool-47-thread-1] INFO  server.RaftServerConfigKeys (ConfUtils.java:logGet(43)) - raft.server.retrycache.expirytime = 600000ms (custom)
2019-09-28 01:31:45,865 [pool-67-thread-1] INFO  server.RaftServerConfigKeys (ConfUtils.java:logGet(43)) - raft.server.snapshot.auto.trigger.threshold = 10000 (custom)
2019-09-28 01:31:45,865 [pool-67-thread-1] INFO  server.RaftServerConfigKeys (ConfUtils.java:logGet(43)) - raft.server.snapshot.retention.num.files = 5 (custom)
2019-09-28 01:31:45,865 [pool-67-thread-1] INFO  server.RaftServerConfigKeys (ConfUtils.java:logGet(43)) - raft.server.retrycache.expirytime = 600000ms (custom)
2019-09-28 01:31:45,867 [pool-57-thread-1] INFO  impl.RaftServerImpl (RaftServerImpl.java:start(185)) - 11611bd1-c795-477d-9d02-ae33d9af50bf@group-43D849141780: start as a follower, conf=-1: [11611bd1-c795-477d-9d02-ae33d9af50bf:192.168.151.82:44375, 92b20fe8-050f-41a4-8782-fc291bf59358:192.168.151.82:36626, c3b44230-8055-4b96-b4ab-49ab84a19ebc:192.168.151.82:36365], old=null
2019-09-28 01:31:45,867 [pool-57-thread-1] INFO  impl.RaftServerImpl (RaftServerImpl.java:setRole(174)) - 11611bd1-c795-477d-9d02-ae33d9af50bf@group-43D849141780: changes role from      null to FOLLOWER at term 0 for startAsFollower
2019-09-28 01:31:45,867 [pool-57-thread-1] INFO  impl.RoleInfo (RoleInfo.java:updateAndGet(143)) - 11611bd1-c795-477d-9d02-ae33d9af50bf: start FollowerState
2019-09-28 01:31:45,868 [pool-57-thread-1] INFO  util.JmxRegister (JmxRegister.java:tryRegister(44)) - Successfully registered JMX Bean with object name Ratis:service=RaftServer,group=group-43D849141780,id=11611bd1-c795-477d-9d02-ae33d9af50bf
2019-09-28 01:31:45,870 [pool-67-thread-1] INFO  impl.RaftServerImpl (RaftServerImpl.java:start(185)) - c3b44230-8055-4b96-b4ab-49ab84a19ebc@group-43D849141780: start as a follower, conf=-1: [11611bd1-c795-477d-9d02-ae33d9af50bf:192.168.151.82:44375, 92b20fe8-050f-41a4-8782-fc291bf59358:192.168.151.82:36626, c3b44230-8055-4b96-b4ab-49ab84a19ebc:192.168.151.82:36365], old=null
2019-09-28 01:31:45,870 [pool-47-thread-1] INFO  impl.RaftServerImpl (RaftServerImpl.java:start(185)) - 92b20fe8-050f-41a4-8782-fc291bf59358@group-43D849141780: start as a follower, conf=-1: [11611bd1-c795-477d-9d02-ae33d9af50bf:192.168.151.82:44375, 92b20fe8-050f-41a4-8782-fc291bf59358:192.168.151.82:36626, c3b44230-8055-4b96-b4ab-49ab84a19ebc:192.168.151.82:36365], old=null
2019-09-28 01:31:45,870 [pool-67-thread-1] INFO  impl.RaftServerImpl (RaftServerImpl.java:setRole(174)) - c3b44230-8055-4b96-b4ab-49ab84a19ebc@group-43D849141780: changes role from      null to FOLLOWER at term 0 for startAsFollower
2019-09-28 01:31:45,870 [pool-47-thread-1] INFO  impl.RaftServerImpl (RaftServerImpl.java:setRole(174)) - 92b20fe8-050f-41a4-8782-fc291bf59358@group-43D849141780: changes role from      null to FOLLOWER at term 0 for startAsFollower
2019-09-28 01:31:45,870 [pool-67-thread-1] INFO  impl.RoleInfo (RoleInfo.java:updateAndGet(143)) - c3b44230-8055-4b96-b4ab-49ab84a19ebc: start FollowerState
2019-09-28 01:31:45,870 [pool-47-thread-1] INFO  impl.RoleInfo (RoleInfo.java:updateAndGet(143)) - 92b20fe8-050f-41a4-8782-fc291bf59358: start FollowerState
2019-09-28 01:31:45,874 [pool-67-thread-1] INFO  util.JmxRegister (JmxRegister.java:tryRegister(44)) - Successfully registered JMX Bean with object name Ratis:service=RaftServer,group=group-43D849141780,id=c3b44230-8055-4b96-b4ab-49ab84a19ebc
2019-09-28 01:31:45,874 [pool-47-thread-1] INFO  util.JmxRegister (JmxRegister.java:tryRegister(44)) - Successfully registered JMX Bean with object name Ratis:service=RaftServer,group=group-43D849141780,id=92b20fe8-050f-41a4-8782-fc291bf59358
2019-09-28 01:31:45,898 [RatisPipelineUtilsThread] INFO  pipeline.PipelineStateManager (PipelineStateManager.java:addPipeline(56)) - Created pipeline Pipeline[ Id: 1ad4ae31-6127-4c16-8722-43d849141780, Nodes: 92b20fe8-050f-41a4-8782-fc291bf59358{ip: 192.168.151.82, host: pr-hdds-2162-8g7kw-3348123894, networkLocation: /default-rack, certSerialId: null}11611bd1-c795-477d-9d02-ae33d9af50bf{ip: 192.168.151.82, host: pr-hdds-2162-8g7kw-3348123894, networkLocation: /default-rack, certSerialId: null}c3b44230-8055-4b96-b4ab-49ab84a19ebc{ip: 192.168.151.82, host: pr-hdds-2162-8g7kw-3348123894, networkLocation: /default-rack, certSerialId: null}, Type:RATIS, Factor:THREE, State:OPEN]
2019-09-28 01:31:46,703 [main] INFO  ipc.Client (Client.java:handleConnectionFailure(948)) - Retrying connect to server: localhost/127.0.0.1:0. Already tried 0 time(s); retry policy is RetryUpToMaximumCountWithFixedSleep(maxRetries=10, sleepTime=1000 MILLISECONDS)
2019-09-28 01:31:47,018 [Thread-238] INFO  container.ReplicationManager (ReplicationManager.java:start(162)) - Starting Replication Monitor Thread.
2019-09-28 01:31:47,022 [ReplicationMonitor] INFO  container.ReplicationManager (ReplicationManager.java:run(225)) - Replication Monitor Thread took 1 milliseconds for processing 0 containers.
2019-09-28 01:31:47,705 [main] INFO  ipc.Client (Client.java:handleConnectionFailure(948)) - Retrying connect to server: localhost/127.0.0.1:0. Already tried 1 time(s); retry policy is RetryUpToMaximumCountWithFixedSleep(maxRetries=10, sleepTime=1000 MILLISECONDS)
2019-09-28 01:31:48,706 [main] INFO  ipc.Client (Client.java:handleConnectionFailure(948)) - Retrying connect to server: localhost/127.0.0.1:0. Already tried 2 time(s); retry policy is RetryUpToMaximumCountWithFixedSleep(maxRetries=10, sleepTime=1000 MILLISECONDS)
2019-09-28 01:31:49,708 [main] INFO  ipc.Client (Client.java:handleConnectionFailure(948)) - Retrying connect to server: localhost/127.0.0.1:0. Already tried 3 time(s); retry policy is RetryUpToMaximumCountWithFixedSleep(maxRetries=10, sleepTime=1000 MILLISECONDS)
2019-09-28 01:31:49,900 [Thread-240] INFO  impl.FollowerState (FollowerState.java:run(106)) - 28d4d4d3-7677-4732-a671-8df8988bf2f7:group-92D3A945E019 changes to CANDIDATE, lastRpcTime:5099, electionTimeout:5098ms
2019-09-28 01:31:49,902 [Thread-240] INFO  impl.RoleInfo (RoleInfo.java:shutdownFollowerState(121)) - 28d4d4d3-7677-4732-a671-8df8988bf2f7: shutdown FollowerState
2019-09-28 01:31:49,902 [Thread-240] INFO  impl.RaftServerImpl (RaftServerImpl.java:setRole(174)) - 28d4d4d3-7677-4732-a671-8df8988bf2f7@group-92D3A945E019: changes role from  FOLLOWER to CANDIDATE at term 0 for changeToCandidate
2019-09-28 01:31:49,912 [Thread-240] INFO  impl.RoleInfo (RoleInfo.java:updateAndGet(143)) - 28d4d4d3-7677-4732-a671-8df8988bf2f7: start LeaderElection
2019-09-28 01:31:49,933 [28d4d4d3-7677-4732-a671-8df8988bf2f7@group-92D3A945E019:LeaderElection1] INFO  impl.LeaderElection (LeaderElection.java:askForVotes(182)) - 28d4d4d3-7677-4732-a671-8df8988bf2f7@group-92D3A945E019:LeaderElection1: begin an election at term 1 for -1: [28d4d4d3-7677-4732-a671-8df8988bf2f7:192.168.151.82:34131], old=null
2019-09-28 01:31:49,935 [28d4d4d3-7677-4732-a671-8df8988bf2f7@group-92D3A945E019:LeaderElection1] INFO  impl.RoleInfo (RoleInfo.java:shutdownLeaderElection(134)) - 28d4d4d3-7677-4732-a671-8df8988bf2f7: shutdown LeaderElection
2019-09-28 01:31:49,936 [28d4d4d3-7677-4732-a671-8df8988bf2f7@group-92D3A945E019:LeaderElection1] INFO  impl.RaftServerImpl (RaftServerImpl.java:setRole(174)) - 28d4d4d3-7677-4732-a671-8df8988bf2f7@group-92D3A945E019: changes role from CANDIDATE to LEADER at term 1 for changeToLeader
2019-09-28 01:31:49,936 [28d4d4d3-7677-4732-a671-8df8988bf2f7@group-92D3A945E019:LeaderElection1] INFO  impl.RaftServerImpl (ServerState.java:setLeader(253)) - 28d4d4d3-7677-4732-a671-8df8988bf2f7@group-92D3A945E019: change Leader from null to 28d4d4d3-7677-4732-a671-8df8988bf2f7 at term 1 for becomeLeader, leader elected after 5273ms
2019-09-28 01:31:49,945 [28d4d4d3-7677-4732-a671-8df8988bf2f7@group-92D3A945E019:LeaderElection1] INFO  server.RaftServerConfigKeys (ConfUtils.java:logGet(43)) - raft.server.staging.catchup.gap = 1000 (default)
2019-09-28 01:31:49,946 [28d4d4d3-7677-4732-a671-8df8988bf2f7@group-92D3A945E019:LeaderElection1] INFO  server.RaftServerConfigKeys (ConfUtils.java:logGet(43)) - raft.server.rpc.sleep.time = 25ms (default)
2019-09-28 01:31:49,949 [28d4d4d3-7677-4732-a671-8df8988bf2f7@group-92D3A945E019:LeaderElection1] INFO  server.RaftServerConfigKeys (ConfUtils.java:logGet(43)) - raft.server.write.element-limit = 4096 (default)
2019-09-28 01:31:49,953 [28d4d4d3-7677-4732-a671-8df8988bf2f7@group-92D3A945E019:LeaderElection1] INFO  server.RaftServerConfigKeys (ConfUtils.java:logGet(43)) - raft.server.watch.timeout = 10s (default)
2019-09-28 01:31:49,953 [28d4d4d3-7677-4732-a671-8df8988bf2f7@group-92D3A945E019:LeaderElection1] INFO  server.RaftServerConfigKeys (ConfUtils.java:logGet(43)) - raft.server.watch.timeout.denomination = 1s (default)
2019-09-28 01:31:49,954 [28d4d4d3-7677-4732-a671-8df8988bf2f7@group-92D3A945E019:LeaderElection1] INFO  server.RaftServerConfigKeys (ConfUtils.java:logGet(43)) - raft.server.watch.element-limit = 65536 (default)
2019-09-28 01:31:49,976 [28d4d4d3-7677-4732-a671-8df8988bf2f7@group-92D3A945E019:LeaderElection1] INFO  impl.RoleInfo (RoleInfo.java:updateAndGet(143)) - 28d4d4d3-7677-4732-a671-8df8988bf2f7: start LeaderState
2019-09-28 01:31:50,000 [28d4d4d3-7677-4732-a671-8df8988bf2f7@group-92D3A945E019:LeaderElection1] INFO  segmented.SegmentedRaftLogWorker (SegmentedRaftLogWorker.java:startLogSegment(380)) - 28d4d4d3-7677-4732-a671-8df8988bf2f7@group-92D3A945E019-SegmentedRaftLogWorker: Starting segment from index:0
2019-09-28 01:31:50,009 [28d4d4d3-7677-4732-a671-8df8988bf2f7@group-92D3A945E019:LeaderElection1] INFO  impl.RaftServerImpl (ServerState.java:setRaftConf(354)) - 28d4d4d3-7677-4732-a671-8df8988bf2f7@group-92D3A945E019: set configuration 0: [28d4d4d3-7677-4732-a671-8df8988bf2f7:192.168.151.82:34131], old=null at 0
2019-09-28 01:31:50,183 [Thread-243] INFO  impl.FollowerState (FollowerState.java:run(106)) - d1a01b5b-d60a-49c4-97e7-79bbe5f8e904:group-E41F6ABADD9E changes to CANDIDATE, lastRpcTime:5140, electionTimeout:5138ms
2019-09-28 01:31:50,190 [Thread-243] INFO  impl.RoleInfo (RoleInfo.java:shutdownFollowerState(121)) - d1a01b5b-d60a-49c4-97e7-79bbe5f8e904: shutdown FollowerState
2019-09-28 01:31:50,190 [Thread-243] INFO  impl.RaftServerImpl (RaftServerImpl.java:setRole(174)) - d1a01b5b-d60a-49c4-97e7-79bbe5f8e904@group-E41F6ABADD9E: changes role from  FOLLOWER to CANDIDATE at term 0 for changeToCandidate
2019-09-28 01:31:50,191 [Thread-243] INFO  impl.RoleInfo (RoleInfo.java:updateAndGet(143)) - d1a01b5b-d60a-49c4-97e7-79bbe5f8e904: start LeaderElection
2019-09-28 01:31:50,208 [28d4d4d3-7677-4732-a671-8df8988bf2f7@group-92D3A945E019-SegmentedRaftLogWorker] INFO  segmented.SegmentedRaftLogWorker (SegmentedRaftLogWorker.java:execute(569)) - 28d4d4d3-7677-4732-a671-8df8988bf2f7@group-92D3A945E019-SegmentedRaftLogWorker: created new log segment /workdir/hadoop-ozone/integration-test/target/test-dir/MiniOzoneClusterImpl-020b4dfa-e8b5-437d-83dd-89670c7d8075/datanode-0/data/ratis/116eaf9f-bbec-4f01-a1f6-92d3a945e019/current/log_inprogress_0
2019-09-28 01:31:50,208 [d1a01b5b-d60a-49c4-97e7-79bbe5f8e904@group-E41F6ABADD9E:LeaderElection2] INFO  impl.LeaderElection (LeaderElection.java:askForVotes(182)) - d1a01b5b-d60a-49c4-97e7-79bbe5f8e904@group-E41F6ABADD9E:LeaderElection2: begin an election at term 1 for -1: [d1a01b5b-d60a-49c4-97e7-79bbe5f8e904:192.168.151.82:44492], old=null
2019-09-28 01:31:50,210 [d1a01b5b-d60a-49c4-97e7-79bbe5f8e904@group-E41F6ABADD9E:LeaderElection2] INFO  impl.RoleInfo (RoleInfo.java:shutdownLeaderElection(134)) - d1a01b5b-d60a-49c4-97e7-79bbe5f8e904: shutdown LeaderElection
2019-09-28 01:31:50,210 [d1a01b5b-d60a-49c4-97e7-79bbe5f8e904@group-E41F6ABADD9E:LeaderElection2] INFO  impl.RaftServerImpl (RaftServerImpl.java:setRole(174)) - d1a01b5b-d60a-49c4-97e7-79bbe5f8e904@group-E41F6ABADD9E: changes role from CANDIDATE to LEADER at term 1 for changeToLeader
2019-09-28 01:31:50,211 [d1a01b5b-d60a-49c4-97e7-79bbe5f8e904@group-E41F6ABADD9E:LeaderElection2] INFO  impl.RaftServerImpl (ServerState.java:setLeader(253)) - d1a01b5b-d60a-49c4-97e7-79bbe5f8e904@group-E41F6ABADD9E: change Leader from null to d1a01b5b-d60a-49c4-97e7-79bbe5f8e904 at term 1 for becomeLeader, leader elected after 5188ms
2019-09-28 01:31:50,213 [d1a01b5b-d60a-49c4-97e7-79bbe5f8e904@group-E41F6ABADD9E:LeaderElection2] INFO  server.RaftServerConfigKeys (ConfUtils.java:logGet(43)) - raft.server.staging.catchup.gap = 1000 (default)
2019-09-28 01:31:50,213 [d1a01b5b-d60a-49c4-97e7-79bbe5f8e904@group-E41F6ABADD9E:LeaderElection2] INFO  server.RaftServerConfigKeys (ConfUtils.java:logGet(43)) - raft.server.rpc.sleep.time = 25ms (default)
2019-09-28 01:31:50,214 [d1a01b5b-d60a-49c4-97e7-79bbe5f8e904@group-E41F6ABADD9E:LeaderElection2] INFO  server.RaftServerConfigKeys (ConfUtils.java:logGet(43)) - raft.server.write.element-limit = 4096 (default)
2019-09-28 01:31:50,214 [d1a01b5b-d60a-49c4-97e7-79bbe5f8e904@group-E41F6ABADD9E:LeaderElection2] INFO  server.RaftServerConfigKeys (ConfUtils.java:logGet(43)) - raft.server.watch.timeout = 10s (default)
2019-09-28 01:31:50,214 [d1a01b5b-d60a-49c4-97e7-79bbe5f8e904@group-E41F6ABADD9E:LeaderElection2] INFO  server.RaftServerConfigKeys (ConfUtils.java:logGet(43)) - raft.server.watch.timeout.denomination = 1s (default)
2019-09-28 01:31:50,215 [d1a01b5b-d60a-49c4-97e7-79bbe5f8e904@group-E41F6ABADD9E:LeaderElection2] INFO  server.RaftServerConfigKeys (ConfUtils.java:logGet(43)) - raft.server.watch.element-limit = 65536 (default)
2019-09-28 01:31:50,219 [d1a01b5b-d60a-49c4-97e7-79bbe5f8e904@group-E41F6ABADD9E:LeaderElection2] INFO  impl.RoleInfo (RoleInfo.java:updateAndGet(143)) - d1a01b5b-d60a-49c4-97e7-79bbe5f8e904: start LeaderState
2019-09-28 01:31:50,220 [d1a01b5b-d60a-49c4-97e7-79bbe5f8e904@group-E41F6ABADD9E:LeaderElection2] INFO  segmented.SegmentedRaftLogWorker (SegmentedRaftLogWorker.java:startLogSegment(380)) - d1a01b5b-d60a-49c4-97e7-79bbe5f8e904@group-E41F6ABADD9E-SegmentedRaftLogWorker: Starting segment from index:0
2019-09-28 01:31:50,220 [d1a01b5b-d60a-49c4-97e7-79bbe5f8e904@group-E41F6ABADD9E:LeaderElection2] INFO  impl.RaftServerImpl (ServerState.java:setRaftConf(354)) - d1a01b5b-d60a-49c4-97e7-79bbe5f8e904@group-E41F6ABADD9E: set configuration 0: [d1a01b5b-d60a-49c4-97e7-79bbe5f8e904:192.168.151.82:44492], old=null at 0
2019-09-28 01:31:50,264 [d1a01b5b-d60a-49c4-97e7-79bbe5f8e904@group-E41F6ABADD9E-SegmentedRaftLogWorker] INFO  segmented.SegmentedRaftLogWorker (SegmentedRaftLogWorker.java:execute(569)) - d1a01b5b-d60a-49c4-97e7-79bbe5f8e904@group-E41F6ABADD9E-SegmentedRaftLogWorker: created new log segment /workdir/hadoop-ozone/integration-test/target/test-dir/MiniOzoneClusterImpl-020b4dfa-e8b5-437d-83dd-89670c7d8075/datanode-5/data/ratis/bc46a294-c724-4840-9a20-e41f6abadd9e/current/log_inprogress_0
2019-09-28 01:31:50,369 [Thread-246] INFO  impl.FollowerState (FollowerState.java:run(106)) - ccbab465-acd2-4d0b-812c-0f594a54c5b2:group-A7FF38ED7422 changes to CANDIDATE, lastRpcTime:5142, electionTimeout:5142ms
2019-09-28 01:31:50,370 [Thread-246] INFO  impl.RoleInfo (RoleInfo.java:shutdownFollowerState(121)) - ccbab465-acd2-4d0b-812c-0f594a54c5b2: shutdown FollowerState
2019-09-28 01:31:50,370 [Thread-246] INFO  impl.RaftServerImpl (RaftServerImpl.java:setRole(174)) - ccbab465-acd2-4d0b-812c-0f594a54c5b2@group-A7FF38ED7422: changes role from  FOLLOWER to CANDIDATE at term 0 for changeToCandidate
2019-09-28 01:31:50,370 [Thread-246] INFO  impl.RoleInfo (RoleInfo.java:updateAndGet(143)) - ccbab465-acd2-4d0b-812c-0f594a54c5b2: start LeaderElection
2019-09-28 01:31:50,389 [ccbab465-acd2-4d0b-812c-0f594a54c5b2@group-A7FF38ED7422:LeaderElection3] INFO  impl.LeaderElection (LeaderElection.java:askForVotes(182)) - ccbab465-acd2-4d0b-812c-0f594a54c5b2@group-A7FF38ED7422:LeaderElection3: begin an election at term 1 for -1: [ccbab465-acd2-4d0b-812c-0f594a54c5b2:192.168.151.82:38951], old=null
2019-09-28 01:31:50,389 [ccbab465-acd2-4d0b-812c-0f594a54c5b2@group-A7FF38ED7422:LeaderElection3] INFO  impl.RoleInfo (RoleInfo.java:shutdownLeaderElection(134)) - ccbab465-acd2-4d0b-812c-0f594a54c5b2: shutdown LeaderElection
2019-09-28 01:31:50,389 [ccbab465-acd2-4d0b-812c-0f594a54c5b2@group-A7FF38ED7422:LeaderElection3] INFO  impl.RaftServerImpl (RaftServerImpl.java:setRole(174)) - ccbab465-acd2-4d0b-812c-0f594a54c5b2@group-A7FF38ED7422: changes role from CANDIDATE to LEADER at term 1 for changeToLeader
2019-09-28 01:31:50,389 [ccbab465-acd2-4d0b-812c-0f594a54c5b2@group-A7FF38ED7422:LeaderElection3] INFO  impl.RaftServerImpl (ServerState.java:setLeader(253)) - ccbab465-acd2-4d0b-812c-0f594a54c5b2@group-A7FF38ED7422: change Leader from null to ccbab465-acd2-4d0b-812c-0f594a54c5b2 at term 1 for becomeLeader, leader elected after 5226ms
2019-09-28 01:31:50,391 [ccbab465-acd2-4d0b-812c-0f594a54c5b2@group-A7FF38ED7422:LeaderElection3] INFO  server.RaftServerConfigKeys (ConfUtils.java:logGet(43)) - raft.server.staging.catchup.gap = 1000 (default)
2019-09-28 01:31:50,392 [ccbab465-acd2-4d0b-812c-0f594a54c5b2@group-A7FF38ED7422:LeaderElection3] INFO  server.RaftServerConfigKeys (ConfUtils.java:logGet(43)) - raft.server.rpc.sleep.time = 25ms (default)
2019-09-28 01:31:50,392 [ccbab465-acd2-4d0b-812c-0f594a54c5b2@group-A7FF38ED7422:LeaderElection3] INFO  server.RaftServerConfigKeys (ConfUtils.java:logGet(43)) - raft.server.write.element-limit = 4096 (default)
2019-09-28 01:31:50,392 [ccbab465-acd2-4d0b-812c-0f594a54c5b2@group-A7FF38ED7422:LeaderElection3] INFO  server.RaftServerConfigKeys (ConfUtils.java:logGet(43)) - raft.server.watch.timeout = 10s (default)
2019-09-28 01:31:50,392 [ccbab465-acd2-4d0b-812c-0f594a54c5b2@group-A7FF38ED7422:LeaderElection3] INFO  server.RaftServerConfigKeys (ConfUtils.java:logGet(43)) - raft.server.watch.timeout.denomination = 1s (default)
2019-09-28 01:31:50,392 [ccbab465-acd2-4d0b-812c-0f594a54c5b2@group-A7FF38ED7422:LeaderElection3] INFO  server.RaftServerConfigKeys (ConfUtils.java:logGet(43)) - raft.server.watch.element-limit = 65536 (default)
2019-09-28 01:31:50,396 [ccbab465-acd2-4d0b-812c-0f594a54c5b2@group-A7FF38ED7422:LeaderElection3] INFO  impl.RoleInfo (RoleInfo.java:updateAndGet(143)) - ccbab465-acd2-4d0b-812c-0f594a54c5b2: start LeaderState
2019-09-28 01:31:50,396 [ccbab465-acd2-4d0b-812c-0f594a54c5b2@group-A7FF38ED7422:LeaderElection3] INFO  segmented.SegmentedRaftLogWorker (SegmentedRaftLogWorker.java:startLogSegment(380)) - ccbab465-acd2-4d0b-812c-0f594a54c5b2@group-A7FF38ED7422-SegmentedRaftLogWorker: Starting segment from index:0
2019-09-28 01:31:50,397 [ccbab465-acd2-4d0b-812c-0f594a54c5b2@group-A7FF38ED7422:LeaderElection3] INFO  impl.RaftServerImpl (ServerState.java:setRaftConf(354)) - ccbab465-acd2-4d0b-812c-0f594a54c5b2@group-A7FF38ED7422: set configuration 0: [ccbab465-acd2-4d0b-812c-0f594a54c5b2:192.168.151.82:38951], old=null at 0
2019-09-28 01:31:50,435 [Thread-249] INFO  impl.FollowerState (FollowerState.java:run(106)) - 92b20fe8-050f-41a4-8782-fc291bf59358:group-A3F8DED67600 changes to CANDIDATE, lastRpcTime:5105, electionTimeout:5105ms
2019-09-28 01:31:50,435 [Thread-249] INFO  impl.RoleInfo (RoleInfo.java:shutdownFollowerState(121)) - 92b20fe8-050f-41a4-8782-fc291bf59358: shutdown FollowerState
2019-09-28 01:31:50,435 [Thread-249] INFO  impl.RaftServerImpl (RaftServerImpl.java:setRole(174)) - 92b20fe8-050f-41a4-8782-fc291bf59358@group-A3F8DED67600: changes role from  FOLLOWER to CANDIDATE at term 0 for changeToCandidate
2019-09-28 01:31:50,435 [Thread-249] INFO  impl.RoleInfo (RoleInfo.java:updateAndGet(143)) - 92b20fe8-050f-41a4-8782-fc291bf59358: start LeaderElection
2019-09-28 01:31:50,446 [Thread-252] INFO  impl.FollowerState (FollowerState.java:run(106)) - 11611bd1-c795-477d-9d02-ae33d9af50bf:group-94255FBB1D57 changes to CANDIDATE, lastRpcTime:5027, electionTimeout:5027ms
2019-09-28 01:31:50,447 [Thread-252] INFO  impl.RoleInfo (RoleInfo.java:shutdownFollowerState(121)) - 11611bd1-c795-477d-9d02-ae33d9af50bf: shutdown FollowerState
2019-09-28 01:31:50,447 [Thread-252] INFO  impl.RaftServerImpl (RaftServerImpl.java:setRole(174)) - 11611bd1-c795-477d-9d02-ae33d9af50bf@group-94255FBB1D57: changes role from  FOLLOWER to CANDIDATE at term 0 for changeToCandidate
2019-09-28 01:31:50,447 [Thread-252] INFO  impl.RoleInfo (RoleInfo.java:updateAndGet(143)) - 11611bd1-c795-477d-9d02-ae33d9af50bf: start LeaderElection
2019-09-28 01:31:50,458 [ccbab465-acd2-4d0b-812c-0f594a54c5b2@group-A7FF38ED7422-SegmentedRaftLogWorker] INFO  segmented.SegmentedRaftLogWorker (SegmentedRaftLogWorker.java:execute(569)) - ccbab465-acd2-4d0b-812c-0f594a54c5b2@group-A7FF38ED7422-SegmentedRaftLogWorker: created new log segment /workdir/hadoop-ozone/integration-test/target/test-dir/MiniOzoneClusterImpl-020b4dfa-e8b5-437d-83dd-89670c7d8075/datanode-6/data/ratis/210c1a76-79cc-4bf8-84ee-a7ff38ed7422/current/log_inprogress_0
2019-09-28 01:31:50,458 [92b20fe8-050f-41a4-8782-fc291bf59358@group-A3F8DED67600:LeaderElection4] INFO  impl.LeaderElection (LeaderElection.java:askForVotes(182)) - 92b20fe8-050f-41a4-8782-fc291bf59358@group-A3F8DED67600:LeaderElection4: begin an election at term 1 for -1: [92b20fe8-050f-41a4-8782-fc291bf59358:192.168.151.82:36626], old=null
2019-09-28 01:31:50,458 [92b20fe8-050f-41a4-8782-fc291bf59358@group-A3F8DED67600:LeaderElection4] INFO  impl.RoleInfo (RoleInfo.java:shutdownLeaderElection(134)) - 92b20fe8-050f-41a4-8782-fc291bf59358: shutdown LeaderElection
2019-09-28 01:31:50,458 [92b20fe8-050f-41a4-8782-fc291bf59358@group-A3F8DED67600:LeaderElection4] INFO  impl.RaftServerImpl (RaftServerImpl.java:setRole(174)) - 92b20fe8-050f-41a4-8782-fc291bf59358@group-A3F8DED67600: changes role from CANDIDATE to LEADER at term 1 for changeToLeader
2019-09-28 01:31:50,458 [92b20fe8-050f-41a4-8782-fc291bf59358@group-A3F8DED67600:LeaderElection4] INFO  impl.RaftServerImpl (ServerState.java:setLeader(253)) - 92b20fe8-050f-41a4-8782-fc291bf59358@group-A3F8DED67600: change Leader from null to 92b20fe8-050f-41a4-8782-fc291bf59358 at term 1 for becomeLeader, leader elected after 5147ms
2019-09-28 01:31:50,460 [92b20fe8-050f-41a4-8782-fc291bf59358@group-A3F8DED67600:LeaderElection4] INFO  server.RaftServerConfigKeys (ConfUtils.java:logGet(43)) - raft.server.staging.catchup.gap = 1000 (default)
2019-09-28 01:31:50,460 [11611bd1-c795-477d-9d02-ae33d9af50bf@group-94255FBB1D57:LeaderElection5] INFO  impl.LeaderElection (LeaderElection.java:askForVotes(182)) - 11611bd1-c795-477d-9d02-ae33d9af50bf@group-94255FBB1D57:LeaderElection5: begin an election at term 1 for -1: [11611bd1-c795-477d-9d02-ae33d9af50bf:192.168.151.82:44375], old=null
2019-09-28 01:31:50,461 [92b20fe8-050f-41a4-8782-fc291bf59358@group-A3F8DED67600:LeaderElection4] INFO  server.RaftServerConfigKeys (ConfUtils.java:logGet(43)) - raft.server.rpc.sleep.time = 25ms (default)
2019-09-28 01:31:50,461 [11611bd1-c795-477d-9d02-ae33d9af50bf@group-94255FBB1D57:LeaderElection5] INFO  impl.RoleInfo (RoleInfo.java:shutdownLeaderElection(134)) - 11611bd1-c795-477d-9d02-ae33d9af50bf: shutdown LeaderElection
2019-09-28 01:31:50,461 [92b20fe8-050f-41a4-8782-fc291bf59358@group-A3F8DED67600:LeaderElection4] INFO  server.RaftServerConfigKeys (ConfUtils.java:logGet(43)) - raft.server.write.element-limit = 4096 (default)
2019-09-28 01:31:50,461 [11611bd1-c795-477d-9d02-ae33d9af50bf@group-94255FBB1D57:LeaderElection5] INFO  impl.RaftServerImpl (RaftServerImpl.java:setRole(174)) - 11611bd1-c795-477d-9d02-ae33d9af50bf@group-94255FBB1D57: changes role from CANDIDATE to LEADER at term 1 for changeToLeader
2019-09-28 01:31:50,461 [92b20fe8-050f-41a4-8782-fc291bf59358@group-A3F8DED67600:LeaderElection4] INFO  server.RaftServerConfigKeys (ConfUtils.java:logGet(43)) - raft.server.watch.timeout = 10s (default)
2019-09-28 01:31:50,461 [11611bd1-c795-477d-9d02-ae33d9af50bf@group-94255FBB1D57:LeaderElection5] INFO  impl.RaftServerImpl (ServerState.java:setLeader(253)) - 11611bd1-c795-477d-9d02-ae33d9af50bf@group-94255FBB1D57: change Leader from null to 11611bd1-c795-477d-9d02-ae33d9af50bf at term 1 for becomeLeader, leader elected after 5055ms
2019-09-28 01:31:50,461 [92b20fe8-050f-41a4-8782-fc291bf59358@group-A3F8DED67600:LeaderElection4] INFO  server.RaftServerConfigKeys (ConfUtils.java:logGet(43)) - raft.server.watch.timeout.denomination = 1s (default)
2019-09-28 01:31:50,463 [11611bd1-c795-477d-9d02-ae33d9af50bf@group-94255FBB1D57:LeaderElection5] INFO  server.RaftServerConfigKeys (ConfUtils.java:logGet(43)) - raft.server.staging.catchup.gap = 1000 (default)
2019-09-28 01:31:50,463 [92b20fe8-050f-41a4-8782-fc291bf59358@group-A3F8DED67600:LeaderElection4] INFO  server.RaftServerConfigKeys (ConfUtils.java:logGet(43)) - raft.server.watch.element-limit = 65536 (default)
2019-09-28 01:31:50,464 [11611bd1-c795-477d-9d02-ae33d9af50bf@group-94255FBB1D57:LeaderElection5] INFO  server.RaftServerConfigKeys (ConfUtils.java:logGet(43)) - raft.server.rpc.sleep.time = 25ms (default)
2019-09-28 01:31:50,464 [11611bd1-c795-477d-9d02-ae33d9af50bf@group-94255FBB1D57:LeaderElection5] INFO  server.RaftServerConfigKeys (ConfUtils.java:logGet(43)) - raft.server.write.element-limit = 4096 (default)
2019-09-28 01:31:50,464 [11611bd1-c795-477d-9d02-ae33d9af50bf@group-94255FBB1D57:LeaderElection5] INFO  server.RaftServerConfigKeys (ConfUtils.java:logGet(43)) - raft.server.watch.timeout = 10s (default)
2019-09-28 01:31:50,464 [11611bd1-c795-477d-9d02-ae33d9af50bf@group-94255FBB1D57:LeaderElection5] INFO  server.RaftServerConfigKeys (ConfUtils.java:logGet(43)) - raft.server.watch.timeout.denomination = 1s (default)
2019-09-28 01:31:50,465 [11611bd1-c795-477d-9d02-ae33d9af50bf@group-94255FBB1D57:LeaderElection5] INFO  server.RaftServerConfigKeys (ConfUtils.java:logGet(43)) - raft.server.watch.element-limit = 65536 (default)
2019-09-28 01:31:50,467 [92b20fe8-050f-41a4-8782-fc291bf59358@group-A3F8DED67600:LeaderElection4] INFO  impl.RoleInfo (RoleInfo.java:updateAndGet(143)) - 92b20fe8-050f-41a4-8782-fc291bf59358: start LeaderState
2019-09-28 01:31:50,468 [92b20fe8-050f-41a4-8782-fc291bf59358@group-A3F8DED67600:LeaderElection4] INFO  segmented.SegmentedRaftLogWorker (SegmentedRaftLogWorker.java:startLogSegment(380)) - 92b20fe8-050f-41a4-8782-fc291bf59358@group-A3F8DED67600-SegmentedRaftLogWorker: Starting segment from index:0
2019-09-28 01:31:50,468 [92b20fe8-050f-41a4-8782-fc291bf59358@group-A3F8DED67600:LeaderElection4] INFO  impl.RaftServerImpl (ServerState.java:setRaftConf(354)) - 92b20fe8-050f-41a4-8782-fc291bf59358@group-A3F8DED67600: set configuration 0: [92b20fe8-050f-41a4-8782-fc291bf59358:192.168.151.82:36626], old=null at 0
2019-09-28 01:31:50,468 [11611bd1-c795-477d-9d02-ae33d9af50bf@group-94255FBB1D57:LeaderElection5] INFO  impl.RoleInfo (RoleInfo.java:updateAndGet(143)) - 11611bd1-c795-477d-9d02-ae33d9af50bf: start LeaderState
2019-09-28 01:31:50,652 [11611bd1-c795-477d-9d02-ae33d9af50bf@group-94255FBB1D57:LeaderElection5] INFO  segmented.SegmentedRaftLogWorker (SegmentedRaftLogWorker.java:startLogSegment(380)) - 11611bd1-c795-477d-9d02-ae33d9af50bf@group-94255FBB1D57-SegmentedRaftLogWorker: Starting segment from index:0
2019-09-28 01:31:50,656 [11611bd1-c795-477d-9d02-ae33d9af50bf@group-94255FBB1D57:LeaderElection5] INFO  impl.RaftServerImpl (ServerState.java:setRaftConf(354)) - 11611bd1-c795-477d-9d02-ae33d9af50bf@group-94255FBB1D57: set configuration 0: [11611bd1-c795-477d-9d02-ae33d9af50bf:192.168.151.82:44375], old=null at 0
2019-09-28 01:31:50,690 [92b20fe8-050f-41a4-8782-fc291bf59358@group-A3F8DED67600-SegmentedRaftLogWorker] INFO  segmented.SegmentedRaftLogWorker (SegmentedRaftLogWorker.java:execute(569)) - 92b20fe8-050f-41a4-8782-fc291bf59358@group-A3F8DED67600-SegmentedRaftLogWorker: created new log segment /workdir/hadoop-ozone/integration-test/target/test-dir/MiniOzoneClusterImpl-020b4dfa-e8b5-437d-83dd-89670c7d8075/datanode-2/data/ratis/8420cace-aaa4-41cb-88ab-a3f8ded67600/current/log_inprogress_0
2019-09-28 01:31:50,691 [Thread-255] INFO  impl.FollowerState (FollowerState.java:run(106)) - c3b44230-8055-4b96-b4ab-49ab84a19ebc:group-537AE5503E1D changes to CANDIDATE, lastRpcTime:5170, electionTimeout:5170ms
2019-09-28 01:31:50,691 [Thread-255] INFO  impl.RoleInfo (RoleInfo.java:shutdownFollowerState(121)) - c3b44230-8055-4b96-b4ab-49ab84a19ebc: shutdown FollowerState
2019-09-28 01:31:50,691 [Thread-255] INFO  impl.RaftServerImpl (RaftServerImpl.java:setRole(174)) - c3b44230-8055-4b96-b4ab-49ab84a19ebc@group-537AE5503E1D: changes role from  FOLLOWER to CANDIDATE at term 0 for changeToCandidate
2019-09-28 01:31:50,692 [Thread-255] INFO  impl.RoleInfo (RoleInfo.java:updateAndGet(143)) - c3b44230-8055-4b96-b4ab-49ab84a19ebc: start LeaderElection
2019-09-28 01:31:50,710 [main] INFO  ipc.Client (Client.java:handleConnectionFailure(948)) - Retrying connect to server: localhost/127.0.0.1:0. Already tried 4 time(s); retry policy is RetryUpToMaximumCountWithFixedSleep(maxRetries=10, sleepTime=1000 MILLISECONDS)
2019-09-28 01:31:50,714 [11611bd1-c795-477d-9d02-ae33d9af50bf@group-94255FBB1D57-SegmentedRaftLogWorker] INFO  segmented.SegmentedRaftLogWorker (SegmentedRaftLogWorker.java:execute(569)) - 11611bd1-c795-477d-9d02-ae33d9af50bf@group-94255FBB1D57-SegmentedRaftLogWorker: created new log segment /workdir/hadoop-ozone/integration-test/target/test-dir/MiniOzoneClusterImpl-020b4dfa-e8b5-437d-83dd-89670c7d8075/datanode-3/data/ratis/90bbf876-5369-4455-a9bb-94255fbb1d57/current/log_inprogress_0
2019-09-28 01:31:50,716 [c3b44230-8055-4b96-b4ab-49ab84a19ebc@group-537AE5503E1D:LeaderElection6] INFO  impl.LeaderElection (LeaderElection.java:askForVotes(182)) - c3b44230-8055-4b96-b4ab-49ab84a19ebc@group-537AE5503E1D:LeaderElection6: begin an election at term 1 for -1: [c3b44230-8055-4b96-b4ab-49ab84a19ebc:192.168.151.82:36365], old=null
2019-09-28 01:31:50,752 [Thread-268] INFO  impl.FollowerState (FollowerState.java:run(106)) - 28d4d4d3-7677-4732-a671-8df8988bf2f7:group-CF7DB4980690 changes to CANDIDATE, lastRpcTime:5022, electionTimeout:5019ms
2019-09-28 01:31:50,752 [c3b44230-8055-4b96-b4ab-49ab84a19ebc@group-537AE5503E1D:LeaderElection6] INFO  impl.RoleInfo (RoleInfo.java:shutdownLeaderElection(134)) - c3b44230-8055-4b96-b4ab-49ab84a19ebc: shutdown LeaderElection
2019-09-28 01:31:50,752 [Thread-268] INFO  impl.RoleInfo (RoleInfo.java:shutdownFollowerState(121)) - 28d4d4d3-7677-4732-a671-8df8988bf2f7: shutdown FollowerState
2019-09-28 01:31:50,752 [c3b44230-8055-4b96-b4ab-49ab84a19ebc@group-537AE5503E1D:LeaderElection6] INFO  impl.RaftServerImpl (RaftServerImpl.java:setRole(174)) - c3b44230-8055-4b96-b4ab-49ab84a19ebc@group-537AE5503E1D: changes role from CANDIDATE to LEADER at term 1 for changeToLeader
2019-09-28 01:31:50,752 [Thread-268] INFO  impl.RaftServerImpl (RaftServerImpl.java:setRole(174)) - 28d4d4d3-7677-4732-a671-8df8988bf2f7@group-CF7DB4980690: changes role from  FOLLOWER to CANDIDATE at term 0 for changeToCandidate
2019-09-28 01:31:50,752 [c3b44230-8055-4b96-b4ab-49ab84a19ebc@group-537AE5503E1D:LeaderElection6] INFO  impl.RaftServerImpl (ServerState.java:setLeader(253)) - c3b44230-8055-4b96-b4ab-49ab84a19ebc@group-537AE5503E1D: change Leader from null to c3b44230-8055-4b96-b4ab-49ab84a19ebc at term 1 for becomeLeader, leader elected after 5246ms
2019-09-28 01:31:50,753 [Thread-268] INFO  impl.RoleInfo (RoleInfo.java:updateAndGet(143)) - 28d4d4d3-7677-4732-a671-8df8988bf2f7: start LeaderElection
2019-09-28 01:31:50,754 [c3b44230-8055-4b96-b4ab-49ab84a19ebc@group-537AE5503E1D:LeaderElection6] INFO  server.RaftServerConfigKeys (ConfUtils.java:logGet(43)) - raft.server.staging.catchup.gap = 1000 (default)
2019-09-28 01:31:50,755 [c3b44230-8055-4b96-b4ab-49ab84a19ebc@group-537AE5503E1D:LeaderElection6] INFO  server.RaftServerConfigKeys (ConfUtils.java:logGet(43)) - raft.server.rpc.sleep.time = 25ms (default)
2019-09-28 01:31:50,758 [c3b44230-8055-4b96-b4ab-49ab84a19ebc@group-537AE5503E1D:LeaderElection6] INFO  server.RaftServerConfigKeys (ConfUtils.java:logGet(43)) - raft.server.write.element-limit = 4096 (default)
2019-09-28 01:31:50,759 [c3b44230-8055-4b96-b4ab-49ab84a19ebc@group-537AE5503E1D:LeaderElection6] INFO  server.RaftServerConfigKeys (ConfUtils.java:logGet(43)) - raft.server.watch.timeout = 10s (default)
2019-09-28 01:31:50,759 [c3b44230-8055-4b96-b4ab-49ab84a19ebc@group-537AE5503E1D:LeaderElection6] INFO  server.RaftServerConfigKeys (ConfUtils.java:logGet(43)) - raft.server.watch.timeout.denomination = 1s (default)
2019-09-28 01:31:50,759 [c3b44230-8055-4b96-b4ab-49ab84a19ebc@group-537AE5503E1D:LeaderElection6] INFO  server.RaftServerConfigKeys (ConfUtils.java:logGet(43)) - raft.server.watch.element-limit = 65536 (default)
2019-09-28 01:31:50,762 [Thread-264] INFO  impl.FollowerState (FollowerState.java:run(106)) - d1a01b5b-d60a-49c4-97e7-79bbe5f8e904:group-CF7DB4980690 changes to CANDIDATE, lastRpcTime:5035, electionTimeout:5035ms
2019-09-28 01:31:50,762 [Thread-264] INFO  impl.RoleInfo (RoleInfo.java:shutdownFollowerState(121)) - d1a01b5b-d60a-49c4-97e7-79bbe5f8e904: shutdown FollowerState
2019-09-28 01:31:50,762 [Thread-264] INFO  impl.RaftServerImpl (RaftServerImpl.java:setRole(174)) - d1a01b5b-d60a-49c4-97e7-79bbe5f8e904@group-CF7DB4980690: changes role from  FOLLOWER to CANDIDATE at term 0 for changeToCandidate
2019-09-28 01:31:50,762 [Thread-264] INFO  impl.RoleInfo (RoleInfo.java:updateAndGet(143)) - d1a01b5b-d60a-49c4-97e7-79bbe5f8e904: start LeaderElection
2019-09-28 01:31:50,763 [c3b44230-8055-4b96-b4ab-49ab84a19ebc@group-537AE5503E1D:LeaderElection6] INFO  impl.RoleInfo (RoleInfo.java:updateAndGet(143)) - c3b44230-8055-4b96-b4ab-49ab84a19ebc: start LeaderState
2019-09-28 01:31:50,766 [c3b44230-8055-4b96-b4ab-49ab84a19ebc@group-537AE5503E1D:LeaderElection6] INFO  segmented.SegmentedRaftLogWorker (SegmentedRaftLogWorker.java:startLogSegment(380)) - c3b44230-8055-4b96-b4ab-49ab84a19ebc@group-537AE5503E1D-SegmentedRaftLogWorker: Starting segment from index:0
2019-09-28 01:31:50,767 [c3b44230-8055-4b96-b4ab-49ab84a19ebc@group-537AE5503E1D:LeaderElection6] INFO  impl.RaftServerImpl (ServerState.java:setRaftConf(354)) - c3b44230-8055-4b96-b4ab-49ab84a19ebc@group-537AE5503E1D: set configuration 0: [c3b44230-8055-4b96-b4ab-49ab84a19ebc:192.168.151.82:36365], old=null at 0
2019-09-28 01:31:50,767 [Thread-266] INFO  impl.FollowerState (FollowerState.java:run(106)) - ccbab465-acd2-4d0b-812c-0f594a54c5b2:group-CF7DB4980690 changes to CANDIDATE, lastRpcTime:5039, electionTimeout:5039ms
2019-09-28 01:31:50,809 [Thread-258] INFO  impl.FollowerState (FollowerState.java:run(106)) - 0d70ad3c-800c-48db-bdd0-be4353c958fd:group-793ED5C77D6A changes to CANDIDATE, lastRpcTime:5207, electionTimeout:5183ms
2019-09-28 01:31:50,809 [d1a01b5b-d60a-49c4-97e7-79bbe5f8e904@group-CF7DB4980690:LeaderElection8] INFO  impl.LeaderElection (LeaderElection.java:askForVotes(182)) - d1a01b5b-d60a-49c4-97e7-79bbe5f8e904@group-CF7DB4980690:LeaderElection8: begin an election at term 1 for -1: [28d4d4d3-7677-4732-a671-8df8988bf2f7:192.168.151.82:34131, ccbab465-acd2-4d0b-812c-0f594a54c5b2:192.168.151.82:38951, d1a01b5b-d60a-49c4-97e7-79bbe5f8e904:192.168.151.82:44492], old=null
2019-09-28 01:31:50,810 [Thread-258] INFO  impl.RoleInfo (RoleInfo.java:shutdownFollowerState(121)) - 0d70ad3c-800c-48db-bdd0-be4353c958fd: shutdown FollowerState
2019-09-28 01:31:50,809 [28d4d4d3-7677-4732-a671-8df8988bf2f7@group-CF7DB4980690:LeaderElection7] INFO  impl.LeaderElection (LeaderElection.java:askForVotes(182)) - 28d4d4d3-7677-4732-a671-8df8988bf2f7@group-CF7DB4980690:LeaderElection7: begin an election at term 1 for -1: [28d4d4d3-7677-4732-a671-8df8988bf2f7:192.168.151.82:34131, ccbab465-acd2-4d0b-812c-0f594a54c5b2:192.168.151.82:38951, d1a01b5b-d60a-49c4-97e7-79bbe5f8e904:192.168.151.82:44492], old=null
2019-09-28 01:31:50,810 [Thread-258] INFO  impl.RaftServerImpl (RaftServerImpl.java:setRole(174)) - 0d70ad3c-800c-48db-bdd0-be4353c958fd@group-793ED5C77D6A: changes role from  FOLLOWER to CANDIDATE at term 0 for changeToCandidate
2019-09-28 01:31:50,810 [Thread-266] INFO  impl.RoleInfo (RoleInfo.java:shutdownFollowerState(121)) - ccbab465-acd2-4d0b-812c-0f594a54c5b2: shutdown FollowerState
2019-09-28 01:31:50,810 [Thread-258] INFO  impl.RoleInfo (RoleInfo.java:updateAndGet(143)) - 0d70ad3c-800c-48db-bdd0-be4353c958fd: start LeaderElection
2019-09-28 01:31:50,810 [Thread-266] INFO  impl.RaftServerImpl (RaftServerImpl.java:setRole(174)) - ccbab465-acd2-4d0b-812c-0f594a54c5b2@group-CF7DB4980690: changes role from  FOLLOWER to CANDIDATE at term 0 for changeToCandidate
2019-09-28 01:31:50,811 [Thread-266] INFO  impl.RoleInfo (RoleInfo.java:updateAndGet(143)) - ccbab465-acd2-4d0b-812c-0f594a54c5b2: start LeaderElection
2019-09-28 01:31:50,836 [c3b44230-8055-4b96-b4ab-49ab84a19ebc@group-537AE5503E1D-SegmentedRaftLogWorker] INFO  segmented.SegmentedRaftLogWorker (SegmentedRaftLogWorker.java:execute(569)) - c3b44230-8055-4b96-b4ab-49ab84a19ebc@group-537AE5503E1D-SegmentedRaftLogWorker: created new log segment /workdir/hadoop-ozone/integration-test/target/test-dir/MiniOzoneClusterImpl-020b4dfa-e8b5-437d-83dd-89670c7d8075/datanode-4/data/ratis/717401e5-f7b1-436f-842e-537ae5503e1d/current/log_inprogress_0
2019-09-28 01:31:50,850 [0d70ad3c-800c-48db-bdd0-be4353c958fd@group-793ED5C77D6A:LeaderElection9] INFO  impl.LeaderElection (LeaderElection.java:askForVotes(182)) - 0d70ad3c-800c-48db-bdd0-be4353c958fd@group-793ED5C77D6A:LeaderElection9: begin an election at term 1 for -1: [0d70ad3c-800c-48db-bdd0-be4353c958fd:192.168.151.82:46429], old=null
2019-09-28 01:31:50,850 [ccbab465-acd2-4d0b-812c-0f594a54c5b2@group-CF7DB4980690:LeaderElection10] INFO  impl.LeaderElection (LeaderElection.java:askForVotes(182)) - ccbab465-acd2-4d0b-812c-0f594a54c5b2@group-CF7DB4980690:LeaderElection10: begin an election at term 1 for -1: [28d4d4d3-7677-4732-a671-8df8988bf2f7:192.168.151.82:34131, ccbab465-acd2-4d0b-812c-0f594a54c5b2:192.168.151.82:38951, d1a01b5b-d60a-49c4-97e7-79bbe5f8e904:192.168.151.82:44492], old=null
2019-09-28 01:31:50,850 [0d70ad3c-800c-48db-bdd0-be4353c958fd@group-793ED5C77D6A:LeaderElection9] INFO  impl.RoleInfo (RoleInfo.java:shutdownLeaderElection(134)) - 0d70ad3c-800c-48db-bdd0-be4353c958fd: shutdown LeaderElection
2019-09-28 01:31:50,851 [0d70ad3c-800c-48db-bdd0-be4353c958fd@group-793ED5C77D6A:LeaderElection9] INFO  impl.RaftServerImpl (RaftServerImpl.java:setRole(174)) - 0d70ad3c-800c-48db-bdd0-be4353c958fd@group-793ED5C77D6A: changes role from CANDIDATE to LEADER at term 1 for changeToLeader
2019-09-28 01:31:50,851 [0d70ad3c-800c-48db-bdd0-be4353c958fd@group-793ED5C77D6A:LeaderElection9] INFO  impl.RaftServerImpl (ServerState.java:setLeader(253)) - 0d70ad3c-800c-48db-bdd0-be4353c958fd@group-793ED5C77D6A: change Leader from null to 0d70ad3c-800c-48db-bdd0-be4353c958fd at term 1 for becomeLeader, leader elected after 5259ms
2019-09-28 01:31:50,853 [0d70ad3c-800c-48db-bdd0-be4353c958fd@group-793ED5C77D6A:LeaderElection9] INFO  server.RaftServerConfigKeys (ConfUtils.java:logGet(43)) - raft.server.staging.catchup.gap = 1000 (default)
2019-09-28 01:31:50,853 [0d70ad3c-800c-48db-bdd0-be4353c958fd@group-793ED5C77D6A:LeaderElection9] INFO  server.RaftServerConfigKeys (ConfUtils.java:logGet(43)) - raft.server.rpc.sleep.time = 25ms (default)
2019-09-28 01:31:50,854 [0d70ad3c-800c-48db-bdd0-be4353c958fd@group-793ED5C77D6A:LeaderElection9] INFO  server.RaftServerConfigKeys (ConfUtils.java:logGet(43)) - raft.server.write.element-limit = 4096 (default)
2019-09-28 01:31:50,857 [0d70ad3c-800c-48db-bdd0-be4353c958fd@group-793ED5C77D6A:LeaderElection9] INFO  server.RaftServerConfigKeys (ConfUtils.java:logGet(43)) - raft.server.watch.timeout = 10s (default)
2019-09-28 01:31:50,857 [0d70ad3c-800c-48db-bdd0-be4353c958fd@group-793ED5C77D6A:LeaderElection9] INFO  server.RaftServerConfigKeys (ConfUtils.java:logGet(43)) - raft.server.watch.timeout.denomination = 1s (default)
2019-09-28 01:31:50,857 [0d70ad3c-800c-48db-bdd0-be4353c958fd@group-793ED5C77D6A:LeaderElection9] INFO  server.RaftServerConfigKeys (ConfUtils.java:logGet(43)) - raft.server.watch.element-limit = 65536 (default)
2019-09-28 01:31:50,868 [0d70ad3c-800c-48db-bdd0-be4353c958fd@group-793ED5C77D6A:LeaderElection9] INFO  impl.RoleInfo (RoleInfo.java:updateAndGet(143)) - 0d70ad3c-800c-48db-bdd0-be4353c958fd: start LeaderState
2019-09-28 01:31:50,868 [0d70ad3c-800c-48db-bdd0-be4353c958fd@group-793ED5C77D6A:LeaderElection9] INFO  segmented.SegmentedRaftLogWorker (SegmentedRaftLogWorker.java:startLogSegment(380)) - 0d70ad3c-800c-48db-bdd0-be4353c958fd@group-793ED5C77D6A-SegmentedRaftLogWorker: Starting segment from index:0
2019-09-28 01:31:50,869 [0d70ad3c-800c-48db-bdd0-be4353c958fd@group-793ED5C77D6A:LeaderElection9] INFO  impl.RaftServerImpl (ServerState.java:setRaftConf(354)) - 0d70ad3c-800c-48db-bdd0-be4353c958fd@group-793ED5C77D6A: set configuration 0: [0d70ad3c-800c-48db-bdd0-be4353c958fd:192.168.151.82:46429], old=null at 0
2019-09-28 01:31:50,906 [Thread-276] INFO  impl.FollowerState (FollowerState.java:run(106)) - 92b20fe8-050f-41a4-8782-fc291bf59358:group-43D849141780 changes to CANDIDATE, lastRpcTime:5035, electionTimeout:5031ms
2019-09-28 01:31:50,909 [Thread-276] INFO  impl.RoleInfo (RoleInfo.java:shutdownFollowerState(121)) - 92b20fe8-050f-41a4-8782-fc291bf59358: shutdown FollowerState
2019-09-28 01:31:50,911 [Thread-276] INFO  impl.RaftServerImpl (RaftServerImpl.java:setRole(174)) - 92b20fe8-050f-41a4-8782-fc291bf59358@group-43D849141780: changes role from  FOLLOWER to CANDIDATE at term 0 for changeToCandidate
2019-09-28 01:31:50,912 [Thread-276] INFO  impl.RoleInfo (RoleInfo.java:updateAndGet(143)) - 92b20fe8-050f-41a4-8782-fc291bf59358: start LeaderElection
2019-09-28 01:31:50,921 [0d70ad3c-800c-48db-bdd0-be4353c958fd@group-793ED5C77D6A-SegmentedRaftLogWorker] INFO  segmented.SegmentedRaftLogWorker (SegmentedRaftLogWorker.java:execute(569)) - 0d70ad3c-800c-48db-bdd0-be4353c958fd@group-793ED5C77D6A-SegmentedRaftLogWorker: created new log segment /workdir/hadoop-ozone/integration-test/target/test-dir/MiniOzoneClusterImpl-020b4dfa-e8b5-437d-83dd-89670c7d8075/datanode-1/data/ratis/728c475e-e3c7-4652-a029-793ed5c77d6a/current/log_inprogress_0
2019-09-28 01:31:50,921 [Thread-273] INFO  impl.FollowerState (FollowerState.java:run(106)) - 11611bd1-c795-477d-9d02-ae33d9af50bf:group-43D849141780 changes to CANDIDATE, lastRpcTime:5053, electionTimeout:5049ms
2019-09-28 01:31:50,929 [Thread-273] INFO  impl.RoleInfo (RoleInfo.java:shutdownFollowerState(121)) - 11611bd1-c795-477d-9d02-ae33d9af50bf: shutdown FollowerState
2019-09-28 01:31:50,929 [Thread-273] INFO  impl.RaftServerImpl (RaftServerImpl.java:setRole(174)) - 11611bd1-c795-477d-9d02-ae33d9af50bf@group-43D849141780: changes role from  FOLLOWER to CANDIDATE at term 0 for changeToCandidate
2019-09-28 01:31:50,932 [Thread-273] INFO  impl.RoleInfo (RoleInfo.java:updateAndGet(143)) - 11611bd1-c795-477d-9d02-ae33d9af50bf: start LeaderElection
2019-09-28 01:31:50,944 [92b20fe8-050f-41a4-8782-fc291bf59358@group-43D849141780:LeaderElection11] INFO  impl.LeaderElection (LeaderElection.java:askForVotes(182)) - 92b20fe8-050f-41a4-8782-fc291bf59358@group-43D849141780:LeaderElection11: begin an election at term 1 for -1: [11611bd1-c795-477d-9d02-ae33d9af50bf:192.168.151.82:44375, 92b20fe8-050f-41a4-8782-fc291bf59358:192.168.151.82:36626, c3b44230-8055-4b96-b4ab-49ab84a19ebc:192.168.151.82:36365], old=null
2019-09-28 01:31:50,956 [Thread-275] INFO  impl.FollowerState (FollowerState.java:run(106)) - c3b44230-8055-4b96-b4ab-49ab84a19ebc:group-43D849141780 changes to CANDIDATE, lastRpcTime:5085, electionTimeout:5082ms
2019-09-28 01:31:50,959 [11611bd1-c795-477d-9d02-ae33d9af50bf@group-43D849141780:LeaderElection12] INFO  impl.LeaderElection (LeaderElection.java:askForVotes(182)) - 11611bd1-c795-477d-9d02-ae33d9af50bf@group-43D849141780:LeaderElection12: begin an election at term 1 for -1: [11611bd1-c795-477d-9d02-ae33d9af50bf:192.168.151.82:44375, 92b20fe8-050f-41a4-8782-fc291bf59358:192.168.151.82:36626, c3b44230-8055-4b96-b4ab-49ab84a19ebc:192.168.151.82:36365], old=null
2019-09-28 01:31:50,959 [28d4d4d3-7677-4732-a671-8df8988bf2f7@group-CF7DB4980690:LeaderElection7] INFO  impl.LeaderElection (LeaderElection.java:logAndReturn(56)) - 28d4d4d3-7677-4732-a671-8df8988bf2f7@group-CF7DB4980690:LeaderElection7: Election REJECTED; received 2 response(s) [28d4d4d3-7677-4732-a671-8df8988bf2f7<-ccbab465-acd2-4d0b-812c-0f594a54c5b2#0:FAIL-t1, 28d4d4d3-7677-4732-a671-8df8988bf2f7<-d1a01b5b-d60a-49c4-97e7-79bbe5f8e904#0:FAIL-t1] and 0 exception(s); 28d4d4d3-7677-4732-a671-8df8988bf2f7@group-CF7DB4980690:t1, leader=null, voted=28d4d4d3-7677-4732-a671-8df8988bf2f7, raftlog=28d4d4d3-7677-4732-a671-8df8988bf2f7@group-CF7DB4980690-SegmentedRaftLog:OPENED:c-1,f-1,i0, conf=-1: [28d4d4d3-7677-4732-a671-8df8988bf2f7:192.168.151.82:34131, ccbab465-acd2-4d0b-812c-0f594a54c5b2:192.168.151.82:38951, d1a01b5b-d60a-49c4-97e7-79bbe5f8e904:192.168.151.82:44492], old=null
2019-09-28 01:31:50,959 [d1a01b5b-d60a-49c4-97e7-79bbe5f8e904@group-CF7DB4980690:LeaderElection8] INFO  impl.LeaderElection (LeaderElection.java:logAndReturn(56)) - d1a01b5b-d60a-49c4-97e7-79bbe5f8e904@group-CF7DB4980690:LeaderElection8: Election REJECTED; received 2 response(s) [d1a01b5b-d60a-49c4-97e7-79bbe5f8e904<-28d4d4d3-7677-4732-a671-8df8988bf2f7#0:FAIL-t1, d1a01b5b-d60a-49c4-97e7-79bbe5f8e904<-ccbab465-acd2-4d0b-812c-0f594a54c5b2#0:FAIL-t1] and 0 exception(s); d1a01b5b-d60a-49c4-97e7-79bbe5f8e904@group-CF7DB4980690:t1, leader=null, voted=d1a01b5b-d60a-49c4-97e7-79bbe5f8e904, raftlog=d1a01b5b-d60a-49c4-97e7-79bbe5f8e904@group-CF7DB4980690-SegmentedRaftLog:OPENED:c-1,f-1,i0, conf=-1: [28d4d4d3-7677-4732-a671-8df8988bf2f7:192.168.151.82:34131, ccbab465-acd2-4d0b-812c-0f594a54c5b2:192.168.151.82:38951, d1a01b5b-d60a-49c4-97e7-79bbe5f8e904:192.168.151.82:44492], old=null
2019-09-28 01:31:50,959 [Thread-275] INFO  impl.RoleInfo (RoleInfo.java:shutdownFollowerState(121)) - c3b44230-8055-4b96-b4ab-49ab84a19ebc: shutdown FollowerState
2019-09-28 01:31:50,961 [Thread-275] INFO  impl.RaftServerImpl (RaftServerImpl.java:setRole(174)) - c3b44230-8055-4b96-b4ab-49ab84a19ebc@group-43D849141780: changes role from  FOLLOWER to CANDIDATE at term 0 for changeToCandidate
2019-09-28 01:31:50,964 [28d4d4d3-7677-4732-a671-8df8988bf2f7@group-CF7DB4980690:LeaderElection7] INFO  impl.RaftServerImpl (RaftServerImpl.java:setRole(174)) - 28d4d4d3-7677-4732-a671-8df8988bf2f7@group-CF7DB4980690: changes role from CANDIDATE to FOLLOWER at term 1 for DISCOVERED_A_NEW_TERM
2019-09-28 01:31:50,976 [Thread-275] INFO  impl.RoleInfo (RoleInfo.java:updateAndGet(143)) - c3b44230-8055-4b96-b4ab-49ab84a19ebc: start LeaderElection
2019-09-28 01:31:50,964 [d1a01b5b-d60a-49c4-97e7-79bbe5f8e904@group-CF7DB4980690:LeaderElection8] INFO  impl.RaftServerImpl (RaftServerImpl.java:setRole(174)) - d1a01b5b-d60a-49c4-97e7-79bbe5f8e904@group-CF7DB4980690: changes role from CANDIDATE to FOLLOWER at term 1 for DISCOVERED_A_NEW_TERM
2019-09-28 01:31:50,982 [ccbab465-acd2-4d0b-812c-0f594a54c5b2@group-CF7DB4980690:LeaderElection10] INFO  impl.LeaderElection (LeaderElection.java:logAndReturn(56)) - ccbab465-acd2-4d0b-812c-0f594a54c5b2@group-CF7DB4980690:LeaderElection10: Election REJECTED; received 2 response(s) [ccbab465-acd2-4d0b-812c-0f594a54c5b2<-28d4d4d3-7677-4732-a671-8df8988bf2f7#0:FAIL-t1, ccbab465-acd2-4d0b-812c-0f594a54c5b2<-d1a01b5b-d60a-49c4-97e7-79bbe5f8e904#0:FAIL-t1] and 0 exception(s); ccbab465-acd2-4d0b-812c-0f594a54c5b2@group-CF7DB4980690:t1, leader=null, voted=ccbab465-acd2-4d0b-812c-0f594a54c5b2, raftlog=ccbab465-acd2-4d0b-812c-0f594a54c5b2@group-CF7DB4980690-SegmentedRaftLog:OPENED:c-1,f-1,i0, conf=-1: [28d4d4d3-7677-4732-a671-8df8988bf2f7:192.168.151.82:34131, ccbab465-acd2-4d0b-812c-0f594a54c5b2:192.168.151.82:38951, d1a01b5b-d60a-49c4-97e7-79bbe5f8e904:192.168.151.82:44492], old=null
2019-09-28 01:31:50,982 [28d4d4d3-7677-4732-a671-8df8988bf2f7@group-CF7DB4980690:LeaderElection7] INFO  impl.RoleInfo (RoleInfo.java:shutdownLeaderElection(134)) - 28d4d4d3-7677-4732-a671-8df8988bf2f7: shutdown LeaderElection
2019-09-28 01:31:50,999 [ccbab465-acd2-4d0b-812c-0f594a54c5b2@group-CF7DB4980690:LeaderElection10] INFO  impl.RaftServerImpl (RaftServerImpl.java:setRole(174)) - ccbab465-acd2-4d0b-812c-0f594a54c5b2@group-CF7DB4980690: changes role from CANDIDATE to FOLLOWER at term 1 for DISCOVERED_A_NEW_TERM
2019-09-28 01:31:51,011 [ccbab465-acd2-4d0b-812c-0f594a54c5b2@group-CF7DB4980690:LeaderElection10] INFO  impl.RoleInfo (RoleInfo.java:shutdownLeaderElection(134)) - ccbab465-acd2-4d0b-812c-0f594a54c5b2: shutdown LeaderElection
2019-09-28 01:31:50,986 [d1a01b5b-d60a-49c4-97e7-79bbe5f8e904@group-CF7DB4980690:LeaderElection8] INFO  impl.RoleInfo (RoleInfo.java:shutdownLeaderElection(134)) - d1a01b5b-d60a-49c4-97e7-79bbe5f8e904: shutdown LeaderElection
2019-09-28 01:31:51,011 [ccbab465-acd2-4d0b-812c-0f594a54c5b2@group-CF7DB4980690:LeaderElection10] INFO  impl.RoleInfo (RoleInfo.java:updateAndGet(143)) - ccbab465-acd2-4d0b-812c-0f594a54c5b2: start FollowerState
2019-09-28 01:31:51,002 [28d4d4d3-7677-4732-a671-8df8988bf2f7@group-CF7DB4980690:LeaderElection7] INFO  impl.RoleInfo (RoleInfo.java:updateAndGet(143)) - 28d4d4d3-7677-4732-a671-8df8988bf2f7: start FollowerState
2019-09-28 01:31:51,012 [d1a01b5b-d60a-49c4-97e7-79bbe5f8e904@group-CF7DB4980690:LeaderElection8] INFO  impl.RoleInfo (RoleInfo.java:updateAndGet(143)) - d1a01b5b-d60a-49c4-97e7-79bbe5f8e904: start FollowerState
2019-09-28 01:31:51,025 [c3b44230-8055-4b96-b4ab-49ab84a19ebc@group-43D849141780:LeaderElection13] INFO  impl.LeaderElection (LeaderElection.java:askForVotes(182)) - c3b44230-8055-4b96-b4ab-49ab84a19ebc@group-43D849141780:LeaderElection13: begin an election at term 1 for -1: [11611bd1-c795-477d-9d02-ae33d9af50bf:192.168.151.82:44375, 92b20fe8-050f-41a4-8782-fc291bf59358:192.168.151.82:36626, c3b44230-8055-4b96-b4ab-49ab84a19ebc:192.168.151.82:36365], old=null
2019-09-28 01:31:51,043 [92b20fe8-050f-41a4-8782-fc291bf59358@group-43D849141780:LeaderElection11] INFO  impl.LeaderElection (LeaderElection.java:logAndReturn(56)) - 92b20fe8-050f-41a4-8782-fc291bf59358@group-43D849141780:LeaderElection11: Election REJECTED; received 2 response(s) [92b20fe8-050f-41a4-8782-fc291bf59358<-11611bd1-c795-477d-9d02-ae33d9af50bf#0:FAIL-t1, 92b20fe8-050f-41a4-8782-fc291bf59358<-c3b44230-8055-4b96-b4ab-49ab84a19ebc#0:FAIL-t1] and 0 exception(s); 92b20fe8-050f-41a4-8782-fc291bf59358@group-43D849141780:t1, leader=null, voted=92b20fe8-050f-41a4-8782-fc291bf59358, raftlog=92b20fe8-050f-41a4-8782-fc291bf59358@group-43D849141780-SegmentedRaftLog:OPENED:c-1,f-1,i0, conf=-1: [11611bd1-c795-477d-9d02-ae33d9af50bf:192.168.151.82:44375, 92b20fe8-050f-41a4-8782-fc291bf59358:192.168.151.82:36626, c3b44230-8055-4b96-b4ab-49ab84a19ebc:192.168.151.82:36365], old=null
2019-09-28 01:31:51,044 [92b20fe8-050f-41a4-8782-fc291bf59358@group-43D849141780:LeaderElection11] INFO  impl.RaftServerImpl (RaftServerImpl.java:setRole(174)) - 92b20fe8-050f-41a4-8782-fc291bf59358@group-43D849141780: changes role from CANDIDATE to FOLLOWER at term 1 for DISCOVERED_A_NEW_TERM
2019-09-28 01:31:51,046 [92b20fe8-050f-41a4-8782-fc291bf59358@group-43D849141780:LeaderElection11] INFO  impl.RoleInfo (RoleInfo.java:shutdownLeaderElection(134)) - 92b20fe8-050f-41a4-8782-fc291bf59358: shutdown LeaderElection
2019-09-28 01:31:51,047 [92b20fe8-050f-41a4-8782-fc291bf59358@group-43D849141780:LeaderElection11] INFO  impl.RoleInfo (RoleInfo.java:updateAndGet(143)) - 92b20fe8-050f-41a4-8782-fc291bf59358: start FollowerState
2019-09-28 01:31:51,057 [11611bd1-c795-477d-9d02-ae33d9af50bf@group-43D849141780:LeaderElection12] INFO  impl.LeaderElection (LeaderElection.java:logAndReturn(56)) - 11611bd1-c795-477d-9d02-ae33d9af50bf@group-43D849141780:LeaderElection12: Election REJECTED; received 2 response(s) [11611bd1-c795-477d-9d02-ae33d9af50bf<-92b20fe8-050f-41a4-8782-fc291bf59358#0:FAIL-t1, 11611bd1-c795-477d-9d02-ae33d9af50bf<-c3b44230-8055-4b96-b4ab-49ab84a19ebc#0:FAIL-t1] and 0 exception(s); 11611bd1-c795-477d-9d02-ae33d9af50bf@group-43D849141780:t1, leader=null, voted=11611bd1-c795-477d-9d02-ae33d9af50bf, raftlog=11611bd1-c795-477d-9d02-ae33d9af50bf@group-43D849141780-SegmentedRaftLog:OPENED:c-1,f-1,i0, conf=-1: [11611bd1-c795-477d-9d02-ae33d9af50bf:192.168.151.82:44375, 92b20fe8-050f-41a4-8782-fc291bf59358:192.168.151.82:36626, c3b44230-8055-4b96-b4ab-49ab84a19ebc:192.168.151.82:36365], old=null
2019-09-28 01:31:51,058 [11611bd1-c795-477d-9d02-ae33d9af50bf@group-43D849141780:LeaderElection12] INFO  impl.RaftServerImpl (RaftServerImpl.java:setRole(174)) - 11611bd1-c795-477d-9d02-ae33d9af50bf@group-43D849141780: changes role from CANDIDATE to FOLLOWER at term 1 for DISCOVERED_A_NEW_TERM
2019-09-28 01:31:51,064 [11611bd1-c795-477d-9d02-ae33d9af50bf@group-43D849141780:LeaderElection12] INFO  impl.RoleInfo (RoleInfo.java:shutdownLeaderElection(134)) - 11611bd1-c795-477d-9d02-ae33d9af50bf: shutdown LeaderElection
2019-09-28 01:31:51,065 [11611bd1-c795-477d-9d02-ae33d9af50bf@group-43D849141780:LeaderElection12] INFO  impl.RoleInfo (RoleInfo.java:updateAndGet(143)) - 11611bd1-c795-477d-9d02-ae33d9af50bf: start FollowerState
2019-09-28 01:31:51,068 [c3b44230-8055-4b96-b4ab-49ab84a19ebc@group-43D849141780:LeaderElection13] INFO  impl.LeaderElection (LeaderElection.java:logAndReturn(56)) - c3b44230-8055-4b96-b4ab-49ab84a19ebc@group-43D849141780:LeaderElection13: Election REJECTED; received 2 response(s) [c3b44230-8055-4b96-b4ab-49ab84a19ebc<-11611bd1-c795-477d-9d02-ae33d9af50bf#0:FAIL-t1, c3b44230-8055-4b96-b4ab-49ab84a19ebc<-92b20fe8-050f-41a4-8782-fc291bf59358#0:FAIL-t1] and 0 exception(s); c3b44230-8055-4b96-b4ab-49ab84a19ebc@group-43D849141780:t1, leader=null, voted=c3b44230-8055-4b96-b4ab-49ab84a19ebc, raftlog=c3b44230-8055-4b96-b4ab-49ab84a19ebc@group-43D849141780-SegmentedRaftLog:OPENED:c-1,f-1,i0, conf=-1: [11611bd1-c795-477d-9d02-ae33d9af50bf:192.168.151.82:44375, 92b20fe8-050f-41a4-8782-fc291bf59358:192.168.151.82:36626, c3b44230-8055-4b96-b4ab-49ab84a19ebc:192.168.151.82:36365], old=null
2019-09-28 01:31:51,070 [c3b44230-8055-4b96-b4ab-49ab84a19ebc@group-43D849141780:LeaderElection13] INFO  impl.RaftServerImpl (RaftServerImpl.java:setRole(174)) - c3b44230-8055-4b96-b4ab-49ab84a19ebc@group-43D849141780: changes role from CANDIDATE to FOLLOWER at term 1 for DISCOVERED_A_NEW_TERM
2019-09-28 01:31:51,070 [c3b44230-8055-4b96-b4ab-49ab84a19ebc@group-43D849141780:LeaderElection13] INFO  impl.RoleInfo (RoleInfo.java:shutdownLeaderElection(134)) - c3b44230-8055-4b96-b4ab-49ab84a19ebc: shutdown LeaderElection
2019-09-28 01:31:51,070 [c3b44230-8055-4b96-b4ab-49ab84a19ebc@group-43D849141780:LeaderElection13] INFO  impl.RoleInfo (RoleInfo.java:updateAndGet(143)) - c3b44230-8055-4b96-b4ab-49ab84a19ebc: start FollowerState
2019-09-28 01:31:51,711 [main] INFO  ipc.Client (Client.java:handleConnectionFailure(948)) - Retrying connect to server: localhost/127.0.0.1:0. Already tried 5 time(s); retry policy is RetryUpToMaximumCountWithFixedSleep(maxRetries=10, sleepTime=1000 MILLISECONDS)
2019-09-28 01:31:52,716 [main] INFO  ipc.Client (Client.java:handleConnectionFailure(948)) - Retrying connect to server: localhost/127.0.0.1:0. Already tried 6 time(s); retry policy is RetryUpToMaximumCountWithFixedSleep(maxRetries=10, sleepTime=1000 MILLISECONDS)
2019-09-28 01:31:53,718 [main] INFO  ipc.Client (Client.java:handleConnectionFailure(948)) - Retrying connect to server: localhost/127.0.0.1:0. Already tried 7 time(s); retry policy is RetryUpToMaximumCountWithFixedSleep(maxRetries=10, sleepTime=1000 MILLISECONDS)
2019-09-28 01:31:54,719 [main] INFO  ipc.Client (Client.java:handleConnectionFailure(948)) - Retrying connect to server: localhost/127.0.0.1:0. Already tried 8 time(s); retry policy is RetryUpToMaximumCountWithFixedSleep(maxRetries=10, sleepTime=1000 MILLISECONDS)
2019-09-28 01:31:55,721 [main] INFO  ipc.Client (Client.java:handleConnectionFailure(948)) - Retrying connect to server: localhost/127.0.0.1:0. Already tried 9 time(s); retry policy is RetryUpToMaximumCountWithFixedSleep(maxRetries=10, sleepTime=1000 MILLISECONDS)
2019-09-28 01:31:56,041 [Thread-311] INFO  impl.FollowerState (FollowerState.java:run(106)) - ccbab465-acd2-4d0b-812c-0f594a54c5b2:group-CF7DB4980690 changes to CANDIDATE, lastRpcTime:5029, electionTimeout:5029ms
2019-09-28 01:31:56,042 [Thread-311] INFO  impl.RoleInfo (RoleInfo.java:shutdownFollowerState(121)) - ccbab465-acd2-4d0b-812c-0f594a54c5b2: shutdown FollowerState
2019-09-28 01:31:56,042 [Thread-311] INFO  impl.RaftServerImpl (RaftServerImpl.java:setRole(174)) - ccbab465-acd2-4d0b-812c-0f594a54c5b2@group-CF7DB4980690: changes role from  FOLLOWER to CANDIDATE at term 1 for changeToCandidate
2019-09-28 01:31:56,042 [Thread-311] INFO  impl.RoleInfo (RoleInfo.java:updateAndGet(143)) - ccbab465-acd2-4d0b-812c-0f594a54c5b2: start LeaderElection
2019-09-28 01:31:56,069 [Thread-310] INFO  impl.FollowerState (FollowerState.java:run(106)) - 28d4d4d3-7677-4732-a671-8df8988bf2f7:group-CF7DB4980690 changes to CANDIDATE, lastRpcTime:5067, electionTimeout:5054ms
2019-09-28 01:31:56,069 [Thread-310] INFO  impl.RoleInfo (RoleInfo.java:shutdownFollowerState(121)) - 28d4d4d3-7677-4732-a671-8df8988bf2f7: shutdown FollowerState
2019-09-28 01:31:56,070 [Thread-310] INFO  impl.RaftServerImpl (RaftServerImpl.java:setRole(174)) - 28d4d4d3-7677-4732-a671-8df8988bf2f7@group-CF7DB4980690: changes role from  FOLLOWER to CANDIDATE at term 1 for changeToCandidate
2019-09-28 01:31:56,070 [Thread-310] INFO  impl.RoleInfo (RoleInfo.java:updateAndGet(143)) - 28d4d4d3-7677-4732-a671-8df8988bf2f7: start LeaderElection
2019-09-28 01:31:56,085 [ccbab465-acd2-4d0b-812c-0f594a54c5b2@group-CF7DB4980690:LeaderElection14] INFO  impl.LeaderElection (LeaderElection.java:askForVotes(182)) - ccbab465-acd2-4d0b-812c-0f594a54c5b2@group-CF7DB4980690:LeaderElection14: begin an election at term 2 for -1: [28d4d4d3-7677-4732-a671-8df8988bf2f7:192.168.151.82:34131, ccbab465-acd2-4d0b-812c-0f594a54c5b2:192.168.151.82:38951, d1a01b5b-d60a-49c4-97e7-79bbe5f8e904:192.168.151.82:44492], old=null
2019-09-28 01:31:56,096 [grpc-default-executor-0] INFO  impl.RaftServerImpl (RaftServerImpl.java:setRole(174)) - d1a01b5b-d60a-49c4-97e7-79bbe5f8e904@group-CF7DB4980690: changes role from  FOLLOWER to FOLLOWER at term 2 for recognizeCandidate:ccbab465-acd2-4d0b-812c-0f594a54c5b2
2019-09-28 01:31:56,096 [grpc-default-executor-0] INFO  impl.RoleInfo (RoleInfo.java:shutdownFollowerState(121)) - d1a01b5b-d60a-49c4-97e7-79bbe5f8e904: shutdown FollowerState
2019-09-28 01:31:56,096 [grpc-default-executor-0] INFO  impl.RoleInfo (RoleInfo.java:updateAndGet(143)) - d1a01b5b-d60a-49c4-97e7-79bbe5f8e904: start FollowerState
2019-09-28 01:31:56,097 [Thread-312] INFO  impl.FollowerState (FollowerState.java:run(115)) - d1a01b5b-d60a-49c4-97e7-79bbe5f8e904: FollowerState was interrupted: java.lang.InterruptedException: sleep interrupted
2019-09-28 01:31:56,099 [28d4d4d3-7677-4732-a671-8df8988bf2f7@group-CF7DB4980690:LeaderElection15] INFO  impl.LeaderElection (LeaderElection.java:askForVotes(182)) - 28d4d4d3-7677-4732-a671-8df8988bf2f7@group-CF7DB4980690:LeaderElection15: begin an election at term 2 for -1: [28d4d4d3-7677-4732-a671-8df8988bf2f7:192.168.151.82:34131, ccbab465-acd2-4d0b-812c-0f594a54c5b2:192.168.151.82:38951, d1a01b5b-d60a-49c4-97e7-79bbe5f8e904:192.168.151.82:44492], old=null
2019-09-28 01:31:56,129 [ccbab465-acd2-4d0b-812c-0f594a54c5b2@group-CF7DB4980690:LeaderElection14] INFO  impl.LeaderElection (LeaderElection.java:logAndReturn(56)) - ccbab465-acd2-4d0b-812c-0f594a54c5b2@group-CF7DB4980690:LeaderElection14: Election PASSED; received 2 response(s) [ccbab465-acd2-4d0b-812c-0f594a54c5b2<-28d4d4d3-7677-4732-a671-8df8988bf2f7#0:FAIL-t2, ccbab465-acd2-4d0b-812c-0f594a54c5b2<-d1a01b5b-d60a-49c4-97e7-79bbe5f8e904#0:OK-t2] and 0 exception(s); ccbab465-acd2-4d0b-812c-0f594a54c5b2@group-CF7DB4980690:t2, leader=null, voted=ccbab465-acd2-4d0b-812c-0f594a54c5b2, raftlog=ccbab465-acd2-4d0b-812c-0f594a54c5b2@group-CF7DB4980690-SegmentedRaftLog:OPENED:c-1,f-1,i0, conf=-1: [28d4d4d3-7677-4732-a671-8df8988bf2f7:192.168.151.82:34131, ccbab465-acd2-4d0b-812c-0f594a54c5b2:192.168.151.82:38951, d1a01b5b-d60a-49c4-97e7-79bbe5f8e904:192.168.151.82:44492], old=null
2019-09-28 01:31:56,129 [ccbab465-acd2-4d0b-812c-0f594a54c5b2@group-CF7DB4980690:LeaderElection14] INFO  impl.RoleInfo (RoleInfo.java:shutdownLeaderElection(134)) - ccbab465-acd2-4d0b-812c-0f594a54c5b2: shutdown LeaderElection
2019-09-28 01:31:56,131 [ccbab465-acd2-4d0b-812c-0f594a54c5b2@group-CF7DB4980690:LeaderElection14] INFO  impl.RaftServerImpl (RaftServerImpl.java:setRole(174)) - ccbab465-acd2-4d0b-812c-0f594a54c5b2@group-CF7DB4980690: changes role from CANDIDATE to LEADER at term 2 for changeToLeader
2019-09-28 01:31:56,132 [ccbab465-acd2-4d0b-812c-0f594a54c5b2@group-CF7DB4980690:LeaderElection14] INFO  impl.RaftServerImpl (ServerState.java:setLeader(253)) - ccbab465-acd2-4d0b-812c-0f594a54c5b2@group-CF7DB4980690: change Leader from null to ccbab465-acd2-4d0b-812c-0f594a54c5b2 at term 2 for becomeLeader, leader elected after 10422ms
2019-09-28 01:31:56,132 [28d4d4d3-7677-4732-a671-8df8988bf2f7@group-CF7DB4980690:LeaderElection15] INFO  impl.LeaderElection (LeaderElection.java:logAndReturn(56)) - 28d4d4d3-7677-4732-a671-8df8988bf2f7@group-CF7DB4980690:LeaderElection15: Election REJECTED; received 2 response(s) [28d4d4d3-7677-4732-a671-8df8988bf2f7<-ccbab465-acd2-4d0b-812c-0f594a54c5b2#0:FAIL-t2, 28d4d4d3-7677-4732-a671-8df8988bf2f7<-d1a01b5b-d60a-49c4-97e7-79bbe5f8e904#0:FAIL-t2] and 0 exception(s); 28d4d4d3-7677-4732-a671-8df8988bf2f7@group-CF7DB4980690:t2, leader=null, voted=28d4d4d3-7677-4732-a671-8df8988bf2f7, raftlog=28d4d4d3-7677-4732-a671-8df8988bf2f7@group-CF7DB4980690-SegmentedRaftLog:OPENED:c-1,f-1,i0, conf=-1: [28d4d4d3-7677-4732-a671-8df8988bf2f7:192.168.151.82:34131, ccbab465-acd2-4d0b-812c-0f594a54c5b2:192.168.151.82:38951, d1a01b5b-d60a-49c4-97e7-79bbe5f8e904:192.168.151.82:44492], old=null
2019-09-28 01:31:56,134 [ccbab465-acd2-4d0b-812c-0f594a54c5b2@group-CF7DB4980690:LeaderElection14] INFO  server.RaftServerConfigKeys (ConfUtils.java:logGet(43)) - raft.server.staging.catchup.gap = 1000 (default)
2019-09-28 01:31:56,136 [28d4d4d3-7677-4732-a671-8df8988bf2f7@group-CF7DB4980690:LeaderElection15] INFO  impl.RaftServerImpl (RaftServerImpl.java:setRole(174)) - 28d4d4d3-7677-4732-a671-8df8988bf2f7@group-CF7DB4980690: changes role from CANDIDATE to FOLLOWER at term 2 for DISCOVERED_A_NEW_TERM
2019-09-28 01:31:56,138 [ccbab465-acd2-4d0b-812c-0f594a54c5b2@group-CF7DB4980690:LeaderElection14] INFO  server.RaftServerConfigKeys (ConfUtils.java:logGet(43)) - raft.server.rpc.sleep.time = 25ms (default)
2019-09-28 01:31:56,138 [28d4d4d3-7677-4732-a671-8df8988bf2f7@group-CF7DB4980690:LeaderElection15] INFO  impl.RoleInfo (RoleInfo.java:shutdownLeaderElection(134)) - 28d4d4d3-7677-4732-a671-8df8988bf2f7: shutdown LeaderElection
2019-09-28 01:31:56,138 [Thread-316] INFO  impl.FollowerState (FollowerState.java:run(106)) - 11611bd1-c795-477d-9d02-ae33d9af50bf:group-43D849141780 changes to CANDIDATE, lastRpcTime:5072, electionTimeout:5072ms
2019-09-28 01:31:56,138 [28d4d4d3-7677-4732-a671-8df8988bf2f7@group-CF7DB4980690:LeaderElection15] INFO  impl.RoleInfo (RoleInfo.java:updateAndGet(143)) - 28d4d4d3-7677-4732-a671-8df8988bf2f7: start FollowerState
2019-09-28 01:31:56,138 [ccbab465-acd2-4d0b-812c-0f594a54c5b2@group-CF7DB4980690:LeaderElection14] INFO  server.RaftServerConfigKeys (ConfUtils.java:logGet(43)) - raft.server.write.element-limit = 4096 (default)
2019-09-28 01:31:56,138 [Thread-316] INFO  impl.RoleInfo (RoleInfo.java:shutdownFollowerState(121)) - 11611bd1-c795-477d-9d02-ae33d9af50bf: shutdown FollowerState
2019-09-28 01:31:56,141 [ccbab465-acd2-4d0b-812c-0f594a54c5b2@group-CF7DB4980690:LeaderElection14] INFO  server.RaftServerConfigKeys (ConfUtils.java:logGet(43)) - raft.server.watch.timeout = 10s (default)
2019-09-28 01:31:56,141 [Thread-316] INFO  impl.RaftServerImpl (RaftServerImpl.java:setRole(174)) - 11611bd1-c795-477d-9d02-ae33d9af50bf@group-43D849141780: changes role from  FOLLOWER to CANDIDATE at term 1 for changeToCandidate
2019-09-28 01:31:56,141 [ccbab465-acd2-4d0b-812c-0f594a54c5b2@group-CF7DB4980690:LeaderElection14] INFO  server.RaftServerConfigKeys (ConfUtils.java:logGet(43)) - raft.server.watch.timeout.denomination = 1s (default)
2019-09-28 01:31:56,141 [Thread-316] INFO  impl.RoleInfo (RoleInfo.java:updateAndGet(143)) - 11611bd1-c795-477d-9d02-ae33d9af50bf: start LeaderElection
2019-09-28 01:31:56,141 [ccbab465-acd2-4d0b-812c-0f594a54c5b2@group-CF7DB4980690:LeaderElection14] INFO  server.RaftServerConfigKeys (ConfUtils.java:logGet(43)) - raft.server.watch.element-limit = 65536 (default)
2019-09-28 01:31:56,151 [ccbab465-acd2-4d0b-812c-0f594a54c5b2@group-CF7DB4980690:LeaderElection14] INFO  server.RaftServerConfigKeys (ConfUtils.java:logGet(43)) - raft.server.log.appender.snapshot.chunk.size.max = 16MB (=16777216) (default)
2019-09-28 01:31:56,151 [ccbab465-acd2-4d0b-812c-0f594a54c5b2@group-CF7DB4980690:LeaderElection14] INFO  server.RaftServerConfigKeys (ConfUtils.java:logGet(43)) - raft.server.log.appender.buffer.byte-limit = 33554432 (custom)
2019-09-28 01:31:56,152 [ccbab465-acd2-4d0b-812c-0f594a54c5b2@group-CF7DB4980690:LeaderElection14] INFO  server.RaftServerConfigKeys (ConfUtils.java:logGet(43)) - raft.server.log.appender.buffer.element-limit = 1 (custom)
2019-09-28 01:31:56,157 [11611bd1-c795-477d-9d02-ae33d9af50bf@group-43D849141780:LeaderElection16] INFO  impl.LeaderElection (LeaderElection.java:askForVotes(182)) - 11611bd1-c795-477d-9d02-ae33d9af50bf@group-43D849141780:LeaderElection16: begin an election at term 2 for -1: [11611bd1-c795-477d-9d02-ae33d9af50bf:192.168.151.82:44375, 92b20fe8-050f-41a4-8782-fc291bf59358:192.168.151.82:36626, c3b44230-8055-4b96-b4ab-49ab84a19ebc:192.168.151.82:36365], old=null
2019-09-28 01:31:56,158 [ccbab465-acd2-4d0b-812c-0f594a54c5b2@group-CF7DB4980690:LeaderElection14] INFO  grpc.GrpcConfigKeys$Server (ConfUtils.java:logGet(43)) - raft.grpc.server.leader.outstanding.appends.max = 128 (default)
2019-09-28 01:31:56,161 [ccbab465-acd2-4d0b-812c-0f594a54c5b2@group-CF7DB4980690:LeaderElection14] INFO  server.RaftServerConfigKeys (ConfUtils.java:logGet(43)) - raft.server.rpc.request.timeout = 3000ms (default)
2019-09-28 01:31:56,161 [ccbab465-acd2-4d0b-812c-0f594a54c5b2@group-CF7DB4980690:LeaderElection14] INFO  server.RaftServerConfigKeys (ConfUtils.java:logGet(43)) - raft.server.log.appender.install.snapshot.enabled = false (custom)
2019-09-28 01:31:56,164 [ccbab465-acd2-4d0b-812c-0f594a54c5b2@group-CF7DB4980690:LeaderElection14] INFO  server.RaftServerConfigKeys (ConfUtils.java:logGet(43)) - raft.server.log.appender.snapshot.chunk.size.max = 16MB (=16777216) (default)
2019-09-28 01:31:56,164 [grpc-default-executor-3] INFO  impl.RaftServerImpl (RaftServerImpl.java:setRole(174)) - 92b20fe8-050f-41a4-8782-fc291bf59358@group-43D849141780: changes role from  FOLLOWER to FOLLOWER at term 2 for recognizeCandidate:11611bd1-c795-477d-9d02-ae33d9af50bf
2019-09-28 01:31:56,164 [ccbab465-acd2-4d0b-812c-0f594a54c5b2@group-CF7DB4980690:LeaderElection14] INFO  server.RaftServerConfigKeys (ConfUtils.java:logGet(43)) - raft.server.log.appender.buffer.byte-limit = 33554432 (custom)
2019-09-28 01:31:56,165 [grpc-default-executor-3] INFO  impl.RoleInfo (RoleInfo.java:shutdownFollowerState(121)) - 92b20fe8-050f-41a4-8782-fc291bf59358: shutdown FollowerState
2019-09-28 01:31:56,165 [ccbab465-acd2-4d0b-812c-0f594a54c5b2@group-CF7DB4980690:LeaderElection14] INFO  server.RaftServerConfigKeys (ConfUtils.java:logGet(43)) - raft.server.log.appender.buffer.element-limit = 1 (custom)
2019-09-28 01:31:56,167 [grpc-default-executor-3] INFO  impl.RoleInfo (RoleInfo.java:updateAndGet(143)) - 92b20fe8-050f-41a4-8782-fc291bf59358: start FollowerState
2019-09-28 01:31:56,167 [ccbab465-acd2-4d0b-812c-0f594a54c5b2@group-CF7DB4980690:LeaderElection14] INFO  grpc.GrpcConfigKeys$Server (ConfUtils.java:logGet(43)) - raft.grpc.server.leader.outstanding.appends.max = 128 (default)
2019-09-28 01:31:56,167 [Thread-315] INFO  impl.FollowerState (FollowerState.java:run(115)) - 92b20fe8-050f-41a4-8782-fc291bf59358: FollowerState was interrupted: java.lang.InterruptedException: sleep interrupted
2019-09-28 01:31:56,167 [Thread-317] INFO  impl.FollowerState (FollowerState.java:run(106)) - c3b44230-8055-4b96-b4ab-49ab84a19ebc:group-43D849141780 changes to CANDIDATE, lastRpcTime:5096, electionTimeout:5096ms
2019-09-28 01:31:56,170 [Thread-317] INFO  impl.RoleInfo (RoleInfo.java:shutdownFollowerState(121)) - c3b44230-8055-4b96-b4ab-49ab84a19ebc: shutdown FollowerState
2019-09-28 01:31:56,168 [ccbab465-acd2-4d0b-812c-0f594a54c5b2@group-CF7DB4980690:LeaderElection14] INFO  server.RaftServerConfigKeys (ConfUtils.java:logGet(43)) - raft.server.rpc.request.timeout = 3000ms (default)
2019-09-28 01:31:56,170 [Thread-317] INFO  impl.RaftServerImpl (RaftServerImpl.java:setRole(174)) - c3b44230-8055-4b96-b4ab-49ab84a19ebc@group-43D849141780: changes role from  FOLLOWER to CANDIDATE at term 1 for changeToCandidate
2019-09-28 01:31:56,170 [ccbab465-acd2-4d0b-812c-0f594a54c5b2@group-CF7DB4980690:LeaderElection14] INFO  server.RaftServerConfigKeys (ConfUtils.java:logGet(43)) - raft.server.log.appender.install.snapshot.enabled = false (custom)
2019-09-28 01:31:56,170 [Thread-317] INFO  impl.RoleInfo (RoleInfo.java:updateAndGet(143)) - c3b44230-8055-4b96-b4ab-49ab84a19ebc: start LeaderElection
2019-09-28 01:31:56,172 [grpc-default-executor-0] INFO  impl.RaftServerImpl (RaftServerImpl.java:setRole(174)) - c3b44230-8055-4b96-b4ab-49ab84a19ebc@group-43D849141780: changes role from CANDIDATE to FOLLOWER at term 2 for recognizeCandidate:11611bd1-c795-477d-9d02-ae33d9af50bf
2019-09-28 01:31:56,173 [grpc-default-executor-0] INFO  impl.RoleInfo (RoleInfo.java:shutdownLeaderElection(134)) - c3b44230-8055-4b96-b4ab-49ab84a19ebc: shutdown LeaderElection
2019-09-28 01:31:56,173 [grpc-default-executor-0] INFO  impl.RoleInfo (RoleInfo.java:updateAndGet(143)) - c3b44230-8055-4b96-b4ab-49ab84a19ebc: start FollowerState
2019-09-28 01:31:56,176 [ccbab465-acd2-4d0b-812c-0f594a54c5b2@group-CF7DB4980690:LeaderElection14] INFO  impl.RoleInfo (RoleInfo.java:updateAndGet(143)) - ccbab465-acd2-4d0b-812c-0f594a54c5b2: start LeaderState
2019-09-28 01:31:56,177 [ccbab465-acd2-4d0b-812c-0f594a54c5b2@group-CF7DB4980690:LeaderElection14] INFO  segmented.SegmentedRaftLogWorker (SegmentedRaftLogWorker.java:startLogSegment(380)) - ccbab465-acd2-4d0b-812c-0f594a54c5b2@group-CF7DB4980690-SegmentedRaftLogWorker: Starting segment from index:0
2019-09-28 01:31:56,178 [ccbab465-acd2-4d0b-812c-0f594a54c5b2@group-CF7DB4980690:LeaderElection14] INFO  impl.RaftServerImpl (ServerState.java:setRaftConf(354)) - ccbab465-acd2-4d0b-812c-0f594a54c5b2@group-CF7DB4980690: set configuration 0: [28d4d4d3-7677-4732-a671-8df8988bf2f7:192.168.151.82:34131, ccbab465-acd2-4d0b-812c-0f594a54c5b2:192.168.151.82:38951, d1a01b5b-d60a-49c4-97e7-79bbe5f8e904:192.168.151.82:44492], old=null at 0
2019-09-28 01:31:56,223 [ccbab465-acd2-4d0b-812c-0f594a54c5b2@group-CF7DB4980690-SegmentedRaftLogWorker] INFO  segmented.SegmentedRaftLogWorker (SegmentedRaftLogWorker.java:execute(569)) - ccbab465-acd2-4d0b-812c-0f594a54c5b2@group-CF7DB4980690-SegmentedRaftLogWorker: created new log segment /workdir/hadoop-ozone/integration-test/target/test-dir/MiniOzoneClusterImpl-020b4dfa-e8b5-437d-83dd-89670c7d8075/datanode-6/data/ratis/f861f3ba-1e0e-4639-a1e3-cf7db4980690/current/log_inprogress_0
2019-09-28 01:31:56,225 [11611bd1-c795-477d-9d02-ae33d9af50bf@group-43D849141780:LeaderElection16] INFO  impl.LeaderElection (LeaderElection.java:logAndReturn(56)) - 11611bd1-c795-477d-9d02-ae33d9af50bf@group-43D849141780:LeaderElection16: Election PASSED; received 1 response(s) [11611bd1-c795-477d-9d02-ae33d9af50bf<-92b20fe8-050f-41a4-8782-fc291bf59358#0:OK-t2] and 0 exception(s); 11611bd1-c795-477d-9d02-ae33d9af50bf@group-43D849141780:t2, leader=null, voted=11611bd1-c795-477d-9d02-ae33d9af50bf, raftlog=11611bd1-c795-477d-9d02-ae33d9af50bf@group-43D849141780-SegmentedRaftLog:OPENED:c-1,f-1,i0, conf=-1: [11611bd1-c795-477d-9d02-ae33d9af50bf:192.168.151.82:44375, 92b20fe8-050f-41a4-8782-fc291bf59358:192.168.151.82:36626, c3b44230-8055-4b96-b4ab-49ab84a19ebc:192.168.151.82:36365], old=null
2019-09-28 01:31:56,225 [11611bd1-c795-477d-9d02-ae33d9af50bf@group-43D849141780:LeaderElection16] INFO  impl.RoleInfo (RoleInfo.java:shutdownLeaderElection(134)) - 11611bd1-c795-477d-9d02-ae33d9af50bf: shutdown LeaderElection
2019-09-28 01:31:56,229 [11611bd1-c795-477d-9d02-ae33d9af50bf@group-43D849141780:LeaderElection16] INFO  impl.RaftServerImpl (RaftServerImpl.java:setRole(174)) - 11611bd1-c795-477d-9d02-ae33d9af50bf@group-43D849141780: changes role from CANDIDATE to LEADER at term 2 for changeToLeader
2019-09-28 01:31:56,229 [11611bd1-c795-477d-9d02-ae33d9af50bf@group-43D849141780:LeaderElection16] INFO  impl.RaftServerImpl (ServerState.java:setLeader(253)) - 11611bd1-c795-477d-9d02-ae33d9af50bf@group-43D849141780: change Leader from null to 11611bd1-c795-477d-9d02-ae33d9af50bf at term 2 for becomeLeader, leader elected after 10375ms
2019-09-28 01:31:56,234 [11611bd1-c795-477d-9d02-ae33d9af50bf@group-43D849141780:LeaderElection16] INFO  server.RaftServerConfigKeys (ConfUtils.java:logGet(43)) - raft.server.staging.catchup.gap = 1000 (default)
2019-09-28 01:31:56,234 [11611bd1-c795-477d-9d02-ae33d9af50bf@group-43D849141780:LeaderElection16] INFO  server.RaftServerConfigKeys (ConfUtils.java:logGet(43)) - raft.server.rpc.sleep.time = 25ms (default)
2019-09-28 01:31:56,234 [11611bd1-c795-477d-9d02-ae33d9af50bf@group-43D849141780:LeaderElection16] INFO  server.RaftServerConfigKeys (ConfUtils.java:logGet(43)) - raft.server.write.element-limit = 4096 (default)
2019-09-28 01:31:56,235 [11611bd1-c795-477d-9d02-ae33d9af50bf@group-43D849141780:LeaderElection16] INFO  server.RaftServerConfigKeys (ConfUtils.java:logGet(43)) - raft.server.watch.timeout = 10s (default)
2019-09-28 01:31:56,237 [c3b44230-8055-4b96-b4ab-49ab84a19ebc@group-43D849141780:LeaderElection17] INFO  impl.LeaderElection (LeaderElection.java:askForVotes(182)) - c3b44230-8055-4b96-b4ab-49ab84a19ebc@group-43D849141780:LeaderElection17: begin an election at term 3 for -1: [11611bd1-c795-477d-9d02-ae33d9af50bf:192.168.151.82:44375, 92b20fe8-050f-41a4-8782-fc291bf59358:192.168.151.82:36626, c3b44230-8055-4b96-b4ab-49ab84a19ebc:192.168.151.82:36365], old=null
2019-09-28 01:31:56,239 [11611bd1-c795-477d-9d02-ae33d9af50bf@group-43D849141780:LeaderElection16] INFO  server.RaftServerConfigKeys (ConfUtils.java:logGet(43)) - raft.server.watch.timeout.denomination = 1s (default)
2019-09-28 01:31:56,239 [11611bd1-c795-477d-9d02-ae33d9af50bf@group-43D849141780:LeaderElection16] INFO  server.RaftServerConfigKeys (ConfUtils.java:logGet(43)) - raft.server.watch.element-limit = 65536 (default)
2019-09-28 01:31:56,240 [c3b44230-8055-4b96-b4ab-49ab84a19ebc@group-43D849141780:LeaderElection17] INFO  impl.LeaderElection (LeaderElection.java:logAndReturn(56)) - c3b44230-8055-4b96-b4ab-49ab84a19ebc@group-43D849141780:LeaderElection17: Election REJECTED; received 0 response(s) [] and 0 exception(s); c3b44230-8055-4b96-b4ab-49ab84a19ebc@group-43D849141780:t3, leader=null, voted=c3b44230-8055-4b96-b4ab-49ab84a19ebc, raftlog=c3b44230-8055-4b96-b4ab-49ab84a19ebc@group-43D849141780-SegmentedRaftLog:OPENED:c-1,f-1,i0, conf=-1: [11611bd1-c795-477d-9d02-ae33d9af50bf:192.168.151.82:44375, 92b20fe8-050f-41a4-8782-fc291bf59358:192.168.151.82:36626, c3b44230-8055-4b96-b4ab-49ab84a19ebc:192.168.151.82:36365], old=null
2019-09-28 01:31:56,245 [11611bd1-c795-477d-9d02-ae33d9af50bf@group-43D849141780:LeaderElection16] INFO  server.RaftServerConfigKeys (ConfUtils.java:logGet(43)) - raft.server.log.appender.snapshot.chunk.size.max = 16MB (=16777216) (default)
2019-09-28 01:31:56,249 [11611bd1-c795-477d-9d02-ae33d9af50bf@group-43D849141780:LeaderElection16] INFO  server.RaftServerConfigKeys (ConfUtils.java:logGet(43)) - raft.server.log.appender.buffer.byte-limit = 33554432 (custom)
2019-09-28 01:31:56,249 [11611bd1-c795-477d-9d02-ae33d9af50bf@group-43D849141780:LeaderElection16] INFO  server.RaftServerConfigKeys (ConfUtils.java:logGet(43)) - raft.server.log.appender.buffer.element-limit = 1 (custom)
2019-09-28 01:31:56,249 [grpc-default-executor-0] INFO  impl.RaftServerImpl (RaftServerImpl.java:setRole(174)) - 92b20fe8-050f-41a4-8782-fc291bf59358@group-43D849141780: changes role from  FOLLOWER to FOLLOWER at term 3 for recognizeCandidate:c3b44230-8055-4b96-b4ab-49ab84a19ebc
2019-09-28 01:31:56,252 [grpc-default-executor-0] INFO  impl.RoleInfo (RoleInfo.java:shutdownFollowerState(121)) - 92b20fe8-050f-41a4-8782-fc291bf59358: shutdown FollowerState
2019-09-28 01:31:56,252 [11611bd1-c795-477d-9d02-ae33d9af50bf@group-43D849141780:LeaderElection16] INFO  grpc.GrpcConfigKeys$Server (ConfUtils.java:logGet(43)) - raft.grpc.server.leader.outstanding.appends.max = 128 (default)
2019-09-28 01:31:56,254 [grpc-default-executor-0] INFO  impl.RoleInfo (RoleInfo.java:updateAndGet(143)) - 92b20fe8-050f-41a4-8782-fc291bf59358: start FollowerState
2019-09-28 01:31:56,254 [Thread-332] INFO  impl.FollowerState (FollowerState.java:run(115)) - 92b20fe8-050f-41a4-8782-fc291bf59358: FollowerState was interrupted: java.lang.InterruptedException: sleep interrupted
2019-09-28 01:31:56,255 [11611bd1-c795-477d-9d02-ae33d9af50bf@group-43D849141780:LeaderElection16] INFO  server.RaftServerConfigKeys (ConfUtils.java:logGet(43)) - raft.server.rpc.request.timeout = 3000ms (default)
2019-09-28 01:31:56,274 [11611bd1-c795-477d-9d02-ae33d9af50bf@group-43D849141780:LeaderElection16] INFO  server.RaftServerConfigKeys (ConfUtils.java:logGet(43)) - raft.server.log.appender.install.snapshot.enabled = false (custom)
2019-09-28 01:31:56,275 [11611bd1-c795-477d-9d02-ae33d9af50bf@group-43D849141780:LeaderElection16] INFO  server.RaftServerConfigKeys (ConfUtils.java:logGet(43)) - raft.server.log.appender.snapshot.chunk.size.max = 16MB (=16777216) (default)
2019-09-28 01:31:56,275 [11611bd1-c795-477d-9d02-ae33d9af50bf@group-43D849141780:LeaderElection16] INFO  server.RaftServerConfigKeys (ConfUtils.java:logGet(43)) - raft.server.log.appender.buffer.byte-limit = 33554432 (custom)
2019-09-28 01:31:56,275 [11611bd1-c795-477d-9d02-ae33d9af50bf@group-43D849141780:LeaderElection16] INFO  server.RaftServerConfigKeys (ConfUtils.java:logGet(43)) - raft.server.log.appender.buffer.element-limit = 1 (custom)
2019-09-28 01:31:56,276 [11611bd1-c795-477d-9d02-ae33d9af50bf@group-43D849141780:LeaderElection16] INFO  grpc.GrpcConfigKeys$Server (ConfUtils.java:logGet(43)) - raft.grpc.server.leader.outstanding.appends.max = 128 (default)
2019-09-28 01:31:56,276 [11611bd1-c795-477d-9d02-ae33d9af50bf@group-43D849141780:LeaderElection16] INFO  server.RaftServerConfigKeys (ConfUtils.java:logGet(43)) - raft.server.rpc.request.timeout = 3000ms (default)
2019-09-28 01:31:56,276 [11611bd1-c795-477d-9d02-ae33d9af50bf@group-43D849141780:LeaderElection16] INFO  server.RaftServerConfigKeys (ConfUtils.java:logGet(43)) - raft.server.log.appender.install.snapshot.enabled = false (custom)
2019-09-28 01:31:56,277 [11611bd1-c795-477d-9d02-ae33d9af50bf@group-43D849141780:LeaderElection16] INFO  impl.RoleInfo (RoleInfo.java:updateAndGet(143)) - 11611bd1-c795-477d-9d02-ae33d9af50bf: start LeaderState
2019-09-28 01:31:56,277 [11611bd1-c795-477d-9d02-ae33d9af50bf@group-43D849141780:LeaderElection16] INFO  segmented.SegmentedRaftLogWorker (SegmentedRaftLogWorker.java:startLogSegment(380)) - 11611bd1-c795-477d-9d02-ae33d9af50bf@group-43D849141780-SegmentedRaftLogWorker: Starting segment from index:0
2019-09-28 01:31:56,278 [11611bd1-c795-477d-9d02-ae33d9af50bf@group-43D849141780:LeaderElection16] INFO  impl.RaftServerImpl (ServerState.java:setRaftConf(354)) - 11611bd1-c795-477d-9d02-ae33d9af50bf@group-43D849141780: set configuration 0: [11611bd1-c795-477d-9d02-ae33d9af50bf:192.168.151.82:44375, 92b20fe8-050f-41a4-8782-fc291bf59358:192.168.151.82:36626, c3b44230-8055-4b96-b4ab-49ab84a19ebc:192.168.151.82:36365], old=null at 0
2019-09-28 01:31:56,315 [grpc-default-executor-3] INFO  impl.RaftServerImpl (ServerState.java:setLeader(253)) - 11611bd1-c795-477d-9d02-ae33d9af50bf@group-43D849141780: change Leader from 11611bd1-c795-477d-9d02-ae33d9af50bf to null at term 3 for updateCurrentTerm
2019-09-28 01:31:56,315 [grpc-default-executor-3] INFO  impl.RaftServerImpl (RaftServerImpl.java:setRole(174)) - 11611bd1-c795-477d-9d02-ae33d9af50bf@group-43D849141780: changes role from    LEADER to FOLLOWER at term 3 for recognizeCandidate:c3b44230-8055-4b96-b4ab-49ab84a19ebc
2019-09-28 01:31:56,315 [grpc-default-executor-3] INFO  impl.RoleInfo (RoleInfo.java:shutdownLeaderState(104)) - 11611bd1-c795-477d-9d02-ae33d9af50bf: shutdown LeaderState
2019-09-28 01:31:56,319 [11611bd1-c795-477d-9d02-ae33d9af50bf@group-43D849141780-SegmentedRaftLogWorker] INFO  segmented.SegmentedRaftLogWorker (SegmentedRaftLogWorker.java:execute(569)) - 11611bd1-c795-477d-9d02-ae33d9af50bf@group-43D849141780-SegmentedRaftLogWorker: created new log segment /workdir/hadoop-ozone/integration-test/target/test-dir/MiniOzoneClusterImpl-020b4dfa-e8b5-437d-83dd-89670c7d8075/datanode-3/data/ratis/1ad4ae31-6127-4c16-8722-43d849141780/current/log_inprogress_0
2019-09-28 01:31:56,328 [org.apache.ratis.server.impl.LogAppender$AppenderDaemon$$Lambda$383/417510425@2870f911] WARN  server.GrpcLogAppender (GrpcLogAppender.java:mayWait(143)) - 11611bd1-c795-477d-9d02-ae33d9af50bf@group-43D849141780->92b20fe8-050f-41a4-8782-fc291bf59358-GrpcLogAppender: Wait interrupted by java.lang.InterruptedException
2019-09-28 01:31:56,328 [org.apache.ratis.server.impl.LogAppender$AppenderDaemon$$Lambda$383/417510425@1fc0b2fd] WARN  server.GrpcLogAppender (GrpcLogAppender.java:mayWait(143)) - 11611bd1-c795-477d-9d02-ae33d9af50bf@group-43D849141780->c3b44230-8055-4b96-b4ab-49ab84a19ebc-GrpcLogAppender: Wait interrupted by java.lang.InterruptedException
2019-09-28 01:31:56,338 [grpc-default-executor-3] INFO  impl.PendingRequests (PendingRequests.java:sendNotLeaderResponses(202)) - 11611bd1-c795-477d-9d02-ae33d9af50bf-PendingRequests: sendNotLeaderResponses
2019-09-28 01:31:56,346 [grpc-default-executor-3] INFO  impl.RoleInfo (RoleInfo.java:updateAndGet(143)) - 11611bd1-c795-477d-9d02-ae33d9af50bf: start FollowerState
2019-09-28 01:31:56,351 [grpc-default-executor-1] INFO  impl.RaftServerImpl (ServerState.java:setLeader(253)) - 28d4d4d3-7677-4732-a671-8df8988bf2f7@group-CF7DB4980690: change Leader from null to ccbab465-acd2-4d0b-812c-0f594a54c5b2 at term 2 for appendEntries, leader elected after 10640ms
2019-09-28 01:31:56,351 [grpc-default-executor-2] INFO  impl.RaftServerImpl (ServerState.java:setLeader(253)) - d1a01b5b-d60a-49c4-97e7-79bbe5f8e904@group-CF7DB4980690: change Leader from null to ccbab465-acd2-4d0b-812c-0f594a54c5b2 at term 2 for appendEntries, leader elected after 10640ms
2019-09-28 01:31:56,368 [grpc-default-executor-4] INFO  server.GrpcServerProtocolService (GrpcServerProtocolService.java:onCompleted(113)) - 92b20fe8-050f-41a4-8782-fc291bf59358: Completed APPEND_ENTRIES, lastRequest: 11611bd1-c795-477d-9d02-ae33d9af50bf->92b20fe8-050f-41a4-8782-fc291bf59358#0-t2, previous=(t:0, i:0), leaderCommit=-1, initializing? false, entries: <empty>
2019-09-28 01:31:56,368 [grpc-default-executor-0] INFO  server.GrpcServerProtocolService (GrpcServerProtocolService.java:onCompleted(113)) - c3b44230-8055-4b96-b4ab-49ab84a19ebc: Completed APPEND_ENTRIES, lastRequest: 11611bd1-c795-477d-9d02-ae33d9af50bf->c3b44230-8055-4b96-b4ab-49ab84a19ebc#0-t2, previous=(t:0, i:0), leaderCommit=-1, initializing? false, entries: <empty>
2019-09-28 01:31:56,375 [grpc-default-executor-2] INFO  server.GrpcLogAppender (GrpcLogAppender.java:onCompleted(293)) - 11611bd1-c795-477d-9d02-ae33d9af50bf@group-43D849141780->92b20fe8-050f-41a4-8782-fc291bf59358-AppendLogResponseHandler: follower responses appendEntries COMPLETED
2019-09-28 01:31:56,375 [grpc-default-executor-3] INFO  server.GrpcLogAppender (GrpcLogAppender.java:onCompleted(293)) - 11611bd1-c795-477d-9d02-ae33d9af50bf@group-43D849141780->c3b44230-8055-4b96-b4ab-49ab84a19ebc-AppendLogResponseHandler: follower responses appendEntries COMPLETED
2019-09-28 01:31:56,390 [grpc-default-executor-2] INFO  impl.FollowerInfo (FollowerInfo.java:lambda$new$0(51)) - 11611bd1-c795-477d-9d02-ae33d9af50bf@group-43D849141780->92b20fe8-050f-41a4-8782-fc291bf59358: nextIndex: updateUnconditionally 0 -> 0
2019-09-28 01:31:56,390 [grpc-default-executor-3] INFO  impl.FollowerInfo (FollowerInfo.java:lambda$new$0(51)) - 11611bd1-c795-477d-9d02-ae33d9af50bf@group-43D849141780->c3b44230-8055-4b96-b4ab-49ab84a19ebc: nextIndex: updateUnconditionally 0 -> 0
2019-09-28 01:31:56,404 [grpc-default-executor-3] INFO  impl.RaftServerImpl (ServerState.java:setRaftConf(354)) - 28d4d4d3-7677-4732-a671-8df8988bf2f7@group-CF7DB4980690: set configuration 0: [28d4d4d3-7677-4732-a671-8df8988bf2f7:192.168.151.82:34131, ccbab465-acd2-4d0b-812c-0f594a54c5b2:192.168.151.82:38951, d1a01b5b-d60a-49c4-97e7-79bbe5f8e904:192.168.151.82:44492], old=null at 0
2019-09-28 01:31:56,404 [grpc-default-executor-2] INFO  impl.RaftServerImpl (ServerState.java:setRaftConf(354)) - d1a01b5b-d60a-49c4-97e7-79bbe5f8e904@group-CF7DB4980690: set configuration 0: [28d4d4d3-7677-4732-a671-8df8988bf2f7:192.168.151.82:34131, ccbab465-acd2-4d0b-812c-0f594a54c5b2:192.168.151.82:38951, d1a01b5b-d60a-49c4-97e7-79bbe5f8e904:192.168.151.82:44492], old=null at 0
2019-09-28 01:31:56,405 [grpc-default-executor-3] INFO  segmented.SegmentedRaftLogWorker (SegmentedRaftLogWorker.java:startLogSegment(380)) - 28d4d4d3-7677-4732-a671-8df8988bf2f7@group-CF7DB4980690-SegmentedRaftLogWorker: Starting segment from index:0
2019-09-28 01:31:56,405 [grpc-default-executor-2] INFO  segmented.SegmentedRaftLogWorker (SegmentedRaftLogWorker.java:startLogSegment(380)) - d1a01b5b-d60a-49c4-97e7-79bbe5f8e904@group-CF7DB4980690-SegmentedRaftLogWorker: Starting segment from index:0
2019-09-28 01:31:56,458 [d1a01b5b-d60a-49c4-97e7-79bbe5f8e904@group-CF7DB4980690-SegmentedRaftLogWorker] INFO  segmented.SegmentedRaftLogWorker (SegmentedRaftLogWorker.java:execute(569)) - d1a01b5b-d60a-49c4-97e7-79bbe5f8e904@group-CF7DB4980690-SegmentedRaftLogWorker: created new log segment /workdir/hadoop-ozone/integration-test/target/test-dir/MiniOzoneClusterImpl-020b4dfa-e8b5-437d-83dd-89670c7d8075/datanode-5/data/ratis/f861f3ba-1e0e-4639-a1e3-cf7db4980690/current/log_inprogress_0
2019-09-28 01:31:56,458 [28d4d4d3-7677-4732-a671-8df8988bf2f7@group-CF7DB4980690-SegmentedRaftLogWorker] INFO  segmented.SegmentedRaftLogWorker (SegmentedRaftLogWorker.java:execute(569)) - 28d4d4d3-7677-4732-a671-8df8988bf2f7@group-CF7DB4980690-SegmentedRaftLogWorker: created new log segment /workdir/hadoop-ozone/integration-test/target/test-dir/MiniOzoneClusterImpl-020b4dfa-e8b5-437d-83dd-89670c7d8075/datanode-0/data/ratis/f861f3ba-1e0e-4639-a1e3-cf7db4980690/current/log_inprogress_0
2019-09-28 01:31:56,727 [main] INFO  ipc.Client (Client.java:handleConnectionFailure(948)) - Retrying connect to server: localhost/127.0.0.1:0. Already tried 0 time(s); retry policy is RetryUpToMaximumCountWithFixedSleep(maxRetries=10, sleepTime=1000 MILLISECONDS)
2019-09-28 01:31:57,729 [main] INFO  ipc.Client (Client.java:handleConnectionFailure(948)) - Retrying connect to server: localhost/127.0.0.1:0. Already tried 1 time(s); retry policy is RetryUpToMaximumCountWithFixedSleep(maxRetries=10, sleepTime=1000 MILLISECONDS)
2019-09-28 01:31:58,730 [main] INFO  ipc.Client (Client.java:handleConnectionFailure(948)) - Retrying connect to server: localhost/127.0.0.1:0. Already tried 2 time(s); retry policy is RetryUpToMaximumCountWithFixedSleep(maxRetries=10, sleepTime=1000 MILLISECONDS)
2019-09-28 01:31:59,732 [main] INFO  ipc.Client (Client.java:handleConnectionFailure(948)) - Retrying connect to server: localhost/127.0.0.1:0. Already tried 3 time(s); retry policy is RetryUpToMaximumCountWithFixedSleep(maxRetries=10, sleepTime=1000 MILLISECONDS)
2019-09-28 01:32:00,733 [main] INFO  ipc.Client (Client.java:handleConnectionFailure(948)) - Retrying connect to server: localhost/127.0.0.1:0. Already tried 4 time(s); retry policy is RetryUpToMaximumCountWithFixedSleep(maxRetries=10, sleepTime=1000 MILLISECONDS)
2019-09-28 01:32:01,248 [Thread-335] INFO  impl.FollowerState (FollowerState.java:run(106)) - c3b44230-8055-4b96-b4ab-49ab84a19ebc:group-43D849141780 changes to CANDIDATE, lastRpcTime:5074, electionTimeout:5074ms
2019-09-28 01:32:01,248 [Thread-335] INFO  impl.RoleInfo (RoleInfo.java:shutdownFollowerState(121)) - c3b44230-8055-4b96-b4ab-49ab84a19ebc: shutdown FollowerState
2019-09-28 01:32:01,248 [Thread-335] INFO  impl.RaftServerImpl (RaftServerImpl.java:setRole(174)) - c3b44230-8055-4b96-b4ab-49ab84a19ebc@group-43D849141780: changes role from  FOLLOWER to CANDIDATE at term 3 for changeToCandidate
2019-09-28 01:32:01,249 [Thread-335] INFO  impl.RoleInfo (RoleInfo.java:updateAndGet(143)) - c3b44230-8055-4b96-b4ab-49ab84a19ebc: start LeaderElection
2019-09-28 01:32:01,263 [c3b44230-8055-4b96-b4ab-49ab84a19ebc@group-43D849141780:LeaderElection18] INFO  impl.LeaderElection (LeaderElection.java:askForVotes(182)) - c3b44230-8055-4b96-b4ab-49ab84a19ebc@group-43D849141780:LeaderElection18: begin an election at term 4 for -1: [11611bd1-c795-477d-9d02-ae33d9af50bf:192.168.151.82:44375, 92b20fe8-050f-41a4-8782-fc291bf59358:192.168.151.82:36626, c3b44230-8055-4b96-b4ab-49ab84a19ebc:192.168.151.82:36365], old=null
2019-09-28 01:32:01,273 [grpc-default-executor-3] INFO  impl.RaftServerImpl (RaftServerImpl.java:setRole(174)) - 11611bd1-c795-477d-9d02-ae33d9af50bf@group-43D849141780: changes role from  FOLLOWER to FOLLOWER at term 4 for recognizeCandidate:c3b44230-8055-4b96-b4ab-49ab84a19ebc
2019-09-28 01:32:01,273 [grpc-default-executor-2] INFO  impl.RaftServerImpl (RaftServerImpl.java:setRole(174)) - 92b20fe8-050f-41a4-8782-fc291bf59358@group-43D849141780: changes role from  FOLLOWER to FOLLOWER at term 4 for recognizeCandidate:c3b44230-8055-4b96-b4ab-49ab84a19ebc
2019-09-28 01:32:01,273 [grpc-default-executor-3] INFO  impl.RoleInfo (RoleInfo.java:shutdownFollowerState(121)) - 11611bd1-c795-477d-9d02-ae33d9af50bf: shutdown FollowerState
2019-09-28 01:32:01,273 [grpc-default-executor-2] INFO  impl.RoleInfo (RoleInfo.java:shutdownFollowerState(121)) - 92b20fe8-050f-41a4-8782-fc291bf59358: shutdown FollowerState
2019-09-28 01:32:01,274 [Thread-346] INFO  impl.FollowerState (FollowerState.java:run(115)) - 11611bd1-c795-477d-9d02-ae33d9af50bf: FollowerState was interrupted: java.lang.InterruptedException: sleep interrupted
2019-09-28 01:32:01,274 [grpc-default-executor-2] INFO  impl.RoleInfo (RoleInfo.java:updateAndGet(143)) - 92b20fe8-050f-41a4-8782-fc291bf59358: start FollowerState
2019-09-28 01:32:01,274 [grpc-default-executor-3] INFO  impl.RoleInfo (RoleInfo.java:updateAndGet(143)) - 11611bd1-c795-477d-9d02-ae33d9af50bf: start FollowerState
2019-09-28 01:32:01,274 [Thread-340] INFO  impl.FollowerState (FollowerState.java:run(115)) - 92b20fe8-050f-41a4-8782-fc291bf59358: FollowerState was interrupted: java.lang.InterruptedException: sleep interrupted
2019-09-28 01:32:01,304 [c3b44230-8055-4b96-b4ab-49ab84a19ebc@group-43D849141780:LeaderElection18] INFO  impl.LeaderElection (LeaderElection.java:logAndReturn(56)) - c3b44230-8055-4b96-b4ab-49ab84a19ebc@group-43D849141780:LeaderElection18: Election PASSED; received 1 response(s) [c3b44230-8055-4b96-b4ab-49ab84a19ebc<-92b20fe8-050f-41a4-8782-fc291bf59358#0:OK-t4] and 0 exception(s); c3b44230-8055-4b96-b4ab-49ab84a19ebc@group-43D849141780:t4, leader=null, voted=c3b44230-8055-4b96-b4ab-49ab84a19ebc, raftlog=c3b44230-8055-4b96-b4ab-49ab84a19ebc@group-43D849141780-SegmentedRaftLog:OPENED:c-1,f-1,i0, conf=-1: [11611bd1-c795-477d-9d02-ae33d9af50bf:192.168.151.82:44375, 92b20fe8-050f-41a4-8782-fc291bf59358:192.168.151.82:36626, c3b44230-8055-4b96-b4ab-49ab84a19ebc:192.168.151.82:36365], old=null
2019-09-28 01:32:01,304 [c3b44230-8055-4b96-b4ab-49ab84a19ebc@group-43D849141780:LeaderElection18] INFO  impl.RoleInfo (RoleInfo.java:shutdownLeaderElection(134)) - c3b44230-8055-4b96-b4ab-49ab84a19ebc: shutdown LeaderElection
2019-09-28 01:32:01,306 [c3b44230-8055-4b96-b4ab-49ab84a19ebc@group-43D849141780:LeaderElection18] INFO  impl.RaftServerImpl (RaftServerImpl.java:setRole(174)) - c3b44230-8055-4b96-b4ab-49ab84a19ebc@group-43D849141780: changes role from CANDIDATE to LEADER at term 4 for changeToLeader
2019-09-28 01:32:01,306 [c3b44230-8055-4b96-b4ab-49ab84a19ebc@group-43D849141780:LeaderElection18] INFO  impl.RaftServerImpl (ServerState.java:setLeader(253)) - c3b44230-8055-4b96-b4ab-49ab84a19ebc@group-43D849141780: change Leader from null to c3b44230-8055-4b96-b4ab-49ab84a19ebc at term 4 for becomeLeader, leader elected after 15452ms
2019-09-28 01:32:01,306 [c3b44230-8055-4b96-b4ab-49ab84a19ebc@group-43D849141780:LeaderElection18] INFO  server.RaftServerConfigKeys (ConfUtils.java:logGet(43)) - raft.server.staging.catchup.gap = 1000 (default)
2019-09-28 01:32:01,307 [c3b44230-8055-4b96-b4ab-49ab84a19ebc@group-43D849141780:LeaderElection18] INFO  server.RaftServerConfigKeys (ConfUtils.java:logGet(43)) - raft.server.rpc.sleep.time = 25ms (default)
2019-09-28 01:32:01,307 [c3b44230-8055-4b96-b4ab-49ab84a19ebc@group-43D849141780:LeaderElection18] INFO  server.RaftServerConfigKeys (ConfUtils.java:logGet(43)) - raft.server.write.element-limit = 4096 (default)
2019-09-28 01:32:01,307 [c3b44230-8055-4b96-b4ab-49ab84a19ebc@group-43D849141780:LeaderElection18] INFO  server.RaftServerConfigKeys (ConfUtils.java:logGet(43)) - raft.server.watch.timeout = 10s (default)
2019-09-28 01:32:01,307 [c3b44230-8055-4b96-b4ab-49ab84a19ebc@group-43D849141780:LeaderElection18] INFO  server.RaftServerConfigKeys (ConfUtils.java:logGet(43)) - raft.server.watch.timeout.denomination = 1s (default)
2019-09-28 01:32:01,307 [c3b44230-8055-4b96-b4ab-49ab84a19ebc@group-43D849141780:LeaderElection18] INFO  server.RaftServerConfigKeys (ConfUtils.java:logGet(43)) - raft.server.watch.element-limit = 65536 (default)
2019-09-28 01:32:01,311 [c3b44230-8055-4b96-b4ab-49ab84a19ebc@group-43D849141780:LeaderElection18] INFO  server.RaftServerConfigKeys (ConfUtils.java:logGet(43)) - raft.server.log.appender.snapshot.chunk.size.max = 16MB (=16777216) (default)
2019-09-28 01:32:01,312 [c3b44230-8055-4b96-b4ab-49ab84a19ebc@group-43D849141780:LeaderElection18] INFO  server.RaftServerConfigKeys (ConfUtils.java:logGet(43)) - raft.server.log.appender.buffer.byte-limit = 33554432 (custom)
2019-09-28 01:32:01,312 [c3b44230-8055-4b96-b4ab-49ab84a19ebc@group-43D849141780:LeaderElection18] INFO  server.RaftServerConfigKeys (ConfUtils.java:logGet(43)) - raft.server.log.appender.buffer.element-limit = 1 (custom)
2019-09-28 01:32:01,312 [c3b44230-8055-4b96-b4ab-49ab84a19ebc@group-43D849141780:LeaderElection18] INFO  grpc.GrpcConfigKeys$Server (ConfUtils.java:logGet(43)) - raft.grpc.server.leader.outstanding.appends.max = 128 (default)
2019-09-28 01:32:01,312 [c3b44230-8055-4b96-b4ab-49ab84a19ebc@group-43D849141780:LeaderElection18] INFO  server.RaftServerConfigKeys (ConfUtils.java:logGet(43)) - raft.server.rpc.request.timeout = 3000ms (default)
2019-09-28 01:32:01,313 [c3b44230-8055-4b96-b4ab-49ab84a19ebc@group-43D849141780:LeaderElection18] INFO  server.RaftServerConfigKeys (ConfUtils.java:logGet(43)) - raft.server.log.appender.install.snapshot.enabled = false (custom)
2019-09-28 01:32:01,313 [c3b44230-8055-4b96-b4ab-49ab84a19ebc@group-43D849141780:LeaderElection18] INFO  server.RaftServerConfigKeys (ConfUtils.java:logGet(43)) - raft.server.log.appender.snapshot.chunk.size.max = 16MB (=16777216) (default)
2019-09-28 01:32:01,313 [c3b44230-8055-4b96-b4ab-49ab84a19ebc@group-43D849141780:LeaderElection18] INFO  server.RaftServerConfigKeys (ConfUtils.java:logGet(43)) - raft.server.log.appender.buffer.byte-limit = 33554432 (custom)
2019-09-28 01:32:01,313 [c3b44230-8055-4b96-b4ab-49ab84a19ebc@group-43D849141780:LeaderElection18] INFO  server.RaftServerConfigKeys (ConfUtils.java:logGet(43)) - raft.server.log.appender.buffer.element-limit = 1 (custom)
2019-09-28 01:32:01,314 [c3b44230-8055-4b96-b4ab-49ab84a19ebc@group-43D849141780:LeaderElection18] INFO  grpc.GrpcConfigKeys$Server (ConfUtils.java:logGet(43)) - raft.grpc.server.leader.outstanding.appends.max = 128 (default)
2019-09-28 01:32:01,314 [c3b44230-8055-4b96-b4ab-49ab84a19ebc@group-43D849141780:LeaderElection18] INFO  server.RaftServerConfigKeys (ConfUtils.java:logGet(43)) - raft.server.rpc.request.timeout = 3000ms (default)
2019-09-28 01:32:01,314 [c3b44230-8055-4b96-b4ab-49ab84a19ebc@group-43D849141780:LeaderElection18] INFO  server.RaftServerConfigKeys (ConfUtils.java:logGet(43)) - raft.server.log.appender.install.snapshot.enabled = false (custom)
2019-09-28 01:32:01,314 [c3b44230-8055-4b96-b4ab-49ab84a19ebc@group-43D849141780:LeaderElection18] INFO  impl.RoleInfo (RoleInfo.java:updateAndGet(143)) - c3b44230-8055-4b96-b4ab-49ab84a19ebc: start LeaderState
2019-09-28 01:32:01,315 [c3b44230-8055-4b96-b4ab-49ab84a19ebc@group-43D849141780:LeaderElection18] INFO  segmented.SegmentedRaftLogWorker (SegmentedRaftLogWorker.java:startLogSegment(380)) - c3b44230-8055-4b96-b4ab-49ab84a19ebc@group-43D849141780-SegmentedRaftLogWorker: Starting segment from index:0
2019-09-28 01:32:01,316 [c3b44230-8055-4b96-b4ab-49ab84a19ebc@group-43D849141780:LeaderElection18] INFO  impl.RaftServerImpl (ServerState.java:setRaftConf(354)) - c3b44230-8055-4b96-b4ab-49ab84a19ebc@group-43D849141780: set configuration 0: [11611bd1-c795-477d-9d02-ae33d9af50bf:192.168.151.82:44375, 92b20fe8-050f-41a4-8782-fc291bf59358:192.168.151.82:36626, c3b44230-8055-4b96-b4ab-49ab84a19ebc:192.168.151.82:36365], old=null at 0
2019-09-28 01:32:01,360 [grpc-default-executor-3] INFO  impl.RaftServerImpl (ServerState.java:setLeader(253)) - 11611bd1-c795-477d-9d02-ae33d9af50bf@group-43D849141780: change Leader from null to c3b44230-8055-4b96-b4ab-49ab84a19ebc at term 4 for appendEntries, leader elected after 5081ms
2019-09-28 01:32:01,360 [grpc-default-executor-2] INFO  impl.RaftServerImpl (ServerState.java:setLeader(253)) - 92b20fe8-050f-41a4-8782-fc291bf59358@group-43D849141780: change Leader from null to c3b44230-8055-4b96-b4ab-49ab84a19ebc at term 4 for appendEntries, leader elected after 15506ms
2019-09-28 01:32:01,368 [grpc-default-executor-2] INFO  impl.RaftServerImpl (ServerState.java:setRaftConf(354)) - 11611bd1-c795-477d-9d02-ae33d9af50bf@group-43D849141780: set configuration 0: [11611bd1-c795-477d-9d02-ae33d9af50bf:192.168.151.82:44375, 92b20fe8-050f-41a4-8782-fc291bf59358:192.168.151.82:36626, c3b44230-8055-4b96-b4ab-49ab84a19ebc:192.168.151.82:36365], old=null at 0
2019-09-28 01:32:01,369 [grpc-default-executor-3] INFO  impl.RaftServerImpl (ServerState.java:setRaftConf(354)) - 92b20fe8-050f-41a4-8782-fc291bf59358@group-43D849141780: set configuration 0: [11611bd1-c795-477d-9d02-ae33d9af50bf:192.168.151.82:44375, 92b20fe8-050f-41a4-8782-fc291bf59358:192.168.151.82:36626, c3b44230-8055-4b96-b4ab-49ab84a19ebc:192.168.151.82:36365], old=null at 0
2019-09-28 01:32:01,369 [grpc-default-executor-3] INFO  segmented.SegmentedRaftLogWorker (SegmentedRaftLogWorker.java:startLogSegment(380)) - 92b20fe8-050f-41a4-8782-fc291bf59358@group-43D849141780-SegmentedRaftLogWorker: Starting segment from index:0
2019-09-28 01:32:01,372 [grpc-default-executor-2] INFO  segmented.SegmentedRaftLogWorker (SegmentedRaftLogWorker.java:truncate(396)) - 11611bd1-c795-477d-9d02-ae33d9af50bf@group-43D849141780-SegmentedRaftLogWorker: Truncating segments toTruncate: null
  toDelete: [(0, 0) isOpen? true, length=0, newEndIndex=-1], start index 0
2019-09-28 01:32:01,373 [grpc-default-executor-2] INFO  segmented.SegmentedRaftLogWorker (SegmentedRaftLogWorker.java:startLogSegment(380)) - 11611bd1-c795-477d-9d02-ae33d9af50bf@group-43D849141780-SegmentedRaftLogWorker: Starting segment from index:0
2019-09-28 01:32:01,375 [11611bd1-c795-477d-9d02-ae33d9af50bf@group-43D849141780-SegmentedRaftLogWorker] INFO  segmented.SegmentedRaftLogWorker (SegmentedRaftLogWorker.java:execute(633)) - 11611bd1-c795-477d-9d02-ae33d9af50bf@group-43D849141780-SegmentedRaftLogWorker: Deleted log file /workdir/hadoop-ozone/integration-test/target/test-dir/MiniOzoneClusterImpl-020b4dfa-e8b5-437d-83dd-89670c7d8075/datanode-3/data/ratis/1ad4ae31-6127-4c16-8722-43d849141780/current/log_inprogress_0
2019-09-28 01:32:01,376 [11611bd1-c795-477d-9d02-ae33d9af50bf@group-43D849141780-SegmentedRaftLogWorker] INFO  segmented.SegmentedRaftLogWorker (SegmentedRaftLogWorker.java:lambda$new$0(132)) - 11611bd1-c795-477d-9d02-ae33d9af50bf@group-43D849141780-SegmentedRaftLogWorker: flushIndex: setUnconditionally 0 -> -1
2019-09-28 01:32:01,380 [c3b44230-8055-4b96-b4ab-49ab84a19ebc@group-43D849141780-SegmentedRaftLogWorker] INFO  segmented.SegmentedRaftLogWorker (SegmentedRaftLogWorker.java:execute(569)) - c3b44230-8055-4b96-b4ab-49ab84a19ebc@group-43D849141780-SegmentedRaftLogWorker: created new log segment /workdir/hadoop-ozone/integration-test/target/test-dir/MiniOzoneClusterImpl-020b4dfa-e8b5-437d-83dd-89670c7d8075/datanode-4/data/ratis/1ad4ae31-6127-4c16-8722-43d849141780/current/log_inprogress_0
2019-09-28 01:32:01,428 [11611bd1-c795-477d-9d02-ae33d9af50bf@group-43D849141780-SegmentedRaftLogWorker] INFO  segmented.SegmentedRaftLogWorker (SegmentedRaftLogWorker.java:execute(569)) - 11611bd1-c795-477d-9d02-ae33d9af50bf@group-43D849141780-SegmentedRaftLogWorker: created new log segment /workdir/hadoop-ozone/integration-test/target/test-dir/MiniOzoneClusterImpl-020b4dfa-e8b5-437d-83dd-89670c7d8075/datanode-3/data/ratis/1ad4ae31-6127-4c16-8722-43d849141780/current/log_inprogress_0
2019-09-28 01:32:01,428 [92b20fe8-050f-41a4-8782-fc291bf59358@group-43D849141780-SegmentedRaftLogWorker] INFO  segmented.SegmentedRaftLogWorker (SegmentedRaftLogWorker.java:execute(569)) - 92b20fe8-050f-41a4-8782-fc291bf59358@group-43D849141780-SegmentedRaftLogWorker: created new log segment /workdir/hadoop-ozone/integration-test/target/test-dir/MiniOzoneClusterImpl-020b4dfa-e8b5-437d-83dd-89670c7d8075/datanode-2/data/ratis/1ad4ae31-6127-4c16-8722-43d849141780/current/log_inprogress_0
2019-09-28 01:32:01,735 [main] INFO  ipc.Client (Client.java:handleConnectionFailure(948)) - Retrying connect to server: localhost/127.0.0.1:0. Already tried 5 time(s); retry policy is RetryUpToMaximumCountWithFixedSleep(maxRetries=10, sleepTime=1000 MILLISECONDS)
2019-09-28 01:32:02,736 [main] INFO  ipc.Client (Client.java:handleConnectionFailure(948)) - Retrying connect to server: localhost/127.0.0.1:0. Already tried 6 time(s); retry policy is RetryUpToMaximumCountWithFixedSleep(maxRetries=10, sleepTime=1000 MILLISECONDS)
2019-09-28 01:32:03,738 [main] INFO  ipc.Client (Client.java:handleConnectionFailure(948)) - Retrying connect to server: localhost/127.0.0.1:0. Already tried 7 time(s); retry policy is RetryUpToMaximumCountWithFixedSleep(maxRetries=10, sleepTime=1000 MILLISECONDS)
2019-09-28 01:32:04,739 [main] INFO  ipc.Client (Client.java:handleConnectionFailure(948)) - Retrying connect to server: localhost/127.0.0.1:0. Already tried 8 time(s); retry policy is RetryUpToMaximumCountWithFixedSleep(maxRetries=10, sleepTime=1000 MILLISECONDS)
2019-09-28 01:32:05,741 [main] INFO  ipc.Client (Client.java:handleConnectionFailure(948)) - Retrying connect to server: localhost/127.0.0.1:0. Already tried 9 time(s); retry policy is RetryUpToMaximumCountWithFixedSleep(maxRetries=10, sleepTime=1000 MILLISECONDS)
2019-09-28 01:32:05,743 [main] INFO  retry.RetryInvocationHandler (RetryInvocationHandler.java:log(411)) - com.google.protobuf.ServiceException: java.net.ConnectException: Your endpoint configuration is wrong; For more details see:  http://wiki.apache.org/hadoop/UnsetHostnameOrPort, while invoking $Proxy34.submitRequest over nodeId=null,nodeAddress=127.0.0.1:0 after 1 failover attempts. Trying to failover immediately.
2019-09-28 01:32:06,744 [main] INFO  ipc.Client (Client.java:handleConnectionFailure(948)) - Retrying connect to server: localhost/127.0.0.1:0. Already tried 0 time(s); retry policy is RetryUpToMaximumCountWithFixedSleep(maxRetries=10, sleepTime=1000 MILLISECONDS)
2019-09-28 01:32:07,746 [main] INFO  ipc.Client (Client.java:handleConnectionFailure(948)) - Retrying connect to server: localhost/127.0.0.1:0. Already tried 1 time(s); retry policy is RetryUpToMaximumCountWithFixedSleep(maxRetries=10, sleepTime=1000 MILLISECONDS)
2019-09-28 01:32:08,748 [main] INFO  ipc.Client (Client.java:handleConnectionFailure(948)) - Retrying connect to server: localhost/127.0.0.1:0. Already tried 2 time(s); retry policy is RetryUpToMaximumCountWithFixedSleep(maxRetries=10, sleepTime=1000 MILLISECONDS)
2019-09-28 01:32:09,750 [main] INFO  ipc.Client (Client.java:handleConnectionFailure(948)) - Retrying connect to server: localhost/127.0.0.1:0. Already tried 3 time(s); retry policy is RetryUpToMaximumCountWithFixedSleep(maxRetries=10, sleepTime=1000 MILLISECONDS)
2019-09-28 01:32:10,752 [main] INFO  ipc.Client (Client.java:handleConnectionFailure(948)) - Retrying connect to server: localhost/127.0.0.1:0. Already tried 4 time(s); retry policy is RetryUpToMaximumCountWithFixedSleep(maxRetries=10, sleepTime=1000 MILLISECONDS)
2019-09-28 01:32:11,753 [main] INFO  ipc.Client (Client.java:handleConnectionFailure(948)) - Retrying connect to server: localhost/127.0.0.1:0. Already tried 5 time(s); retry policy is RetryUpToMaximumCountWithFixedSleep(maxRetries=10, sleepTime=1000 MILLISECONDS)
2019-09-28 01:32:12,755 [main] INFO  ipc.Client (Client.java:handleConnectionFailure(948)) - Retrying connect to server: localhost/127.0.0.1:0. Already tried 6 time(s); retry policy is RetryUpToMaximumCountWithFixedSleep(maxRetries=10, sleepTime=1000 MILLISECONDS)
2019-09-28 01:32:13,756 [main] INFO  ipc.Client (Client.java:handleConnectionFailure(948)) - Retrying connect to server: localhost/127.0.0.1:0. Already tried 7 time(s); retry policy is RetryUpToMaximumCountWithFixedSleep(maxRetries=10, sleepTime=1000 MILLISECONDS)
2019-09-28 01:32:14,757 [main] INFO  ipc.Client (Client.java:handleConnectionFailure(948)) - Retrying connect to server: localhost/127.0.0.1:0. Already tried 8 time(s); retry policy is RetryUpToMaximumCountWithFixedSleep(maxRetries=10, sleepTime=1000 MILLISECONDS)
2019-09-28 01:32:15,759 [main] INFO  ipc.Client (Client.java:handleConnectionFailure(948)) - Retrying connect to server: localhost/127.0.0.1:0. Already tried 9 time(s); retry policy is RetryUpToMaximumCountWithFixedSleep(maxRetries=10, sleepTime=1000 MILLISECONDS)
2019-09-28 01:32:15,761 [main] INFO  retry.RetryInvocationHandler (RetryInvocationHandler.java:log(411)) - com.google.protobuf.ServiceException: java.net.ConnectException: Your endpoint configuration is wrong; For more details see:  http://wiki.apache.org/hadoop/UnsetHostnameOrPort, while invoking $Proxy34.submitRequest over nodeId=null,nodeAddress=127.0.0.1:0 after 2 failover attempts. Trying to failover immediately.
2019-09-28 01:32:16,762 [main] INFO  ipc.Client (Client.java:handleConnectionFailure(948)) - Retrying connect to server: localhost/127.0.0.1:0. Already tried 0 time(s); retry policy is RetryUpToMaximumCountWithFixedSleep(maxRetries=10, sleepTime=1000 MILLISECONDS)
2019-09-28 01:32:17,763 [main] INFO  ipc.Client (Client.java:handleConnectionFailure(948)) - Retrying connect to server: localhost/127.0.0.1:0. Already tried 1 time(s); retry policy is RetryUpToMaximumCountWithFixedSleep(maxRetries=10, sleepTime=1000 MILLISECONDS)
2019-09-28 01:32:18,764 [main] INFO  ipc.Client (Client.java:handleConnectionFailure(948)) - Retrying connect to server: localhost/127.0.0.1:0. Already tried 2 time(s); retry policy is RetryUpToMaximumCountWithFixedSleep(maxRetries=10, sleepTime=1000 MILLISECONDS)
2019-09-28 01:32:19,766 [main] INFO  ipc.Client (Client.java:handleConnectionFailure(948)) - Retrying connect to server: localhost/127.0.0.1:0. Already tried 3 time(s); retry policy is RetryUpToMaximumCountWithFixedSleep(maxRetries=10, sleepTime=1000 MILLISECONDS)
2019-09-28 01:32:20,767 [main] INFO  ipc.Client (Client.java:handleConnectionFailure(948)) - Retrying connect to server: localhost/127.0.0.1:0. Already tried 4 time(s); retry policy is RetryUpToMaximumCountWithFixedSleep(maxRetries=10, sleepTime=1000 MILLISECONDS)
2019-09-28 01:32:21,769 [main] INFO  ipc.Client (Client.java:handleConnectionFailure(948)) - Retrying connect to server: localhost/127.0.0.1:0. Already tried 5 time(s); retry policy is RetryUpToMaximumCountWithFixedSleep(maxRetries=10, sleepTime=1000 MILLISECONDS)
2019-09-28 01:32:22,770 [main] INFO  ipc.Client (Client.java:handleConnectionFailure(948)) - Retrying connect to server: localhost/127.0.0.1:0. Already tried 6 time(s); retry policy is RetryUpToMaximumCountWithFixedSleep(maxRetries=10, sleepTime=1000 MILLISECONDS)
2019-09-28 01:32:23,772 [main] INFO  ipc.Client (Client.java:handleConnectionFailure(948)) - Retrying connect to server: localhost/127.0.0.1:0. Already tried 7 time(s); retry policy is RetryUpToMaximumCountWithFixedSleep(maxRetries=10, sleepTime=1000 MILLISECONDS)
2019-09-28 01:32:24,773 [main] INFO  ipc.Client (Client.java:handleConnectionFailure(948)) - Retrying connect to server: localhost/127.0.0.1:0. Already tried 8 time(s); retry policy is RetryUpToMaximumCountWithFixedSleep(maxRetries=10, sleepTime=1000 MILLISECONDS)
2019-09-28 01:32:25,774 [main] INFO  ipc.Client (Client.java:handleConnectionFailure(948)) - Retrying connect to server: localhost/127.0.0.1:0. Already tried 9 time(s); retry policy is RetryUpToMaximumCountWithFixedSleep(maxRetries=10, sleepTime=1000 MILLISECONDS)
2019-09-28 01:32:25,776 [main] INFO  retry.RetryInvocationHandler (RetryInvocationHandler.java:log(411)) - com.google.protobuf.ServiceException: java.net.ConnectException: Your endpoint configuration is wrong; For more details see:  http://wiki.apache.org/hadoop/UnsetHostnameOrPort, while invoking $Proxy34.submitRequest over nodeId=null,nodeAddress=127.0.0.1:0 after 3 failover attempts. Trying to failover immediately.
2019-09-28 01:32:26,777 [main] INFO  ipc.Client (Client.java:handleConnectionFailure(948)) - Retrying connect to server: localhost/127.0.0.1:0. Already tried 0 time(s); retry policy is RetryUpToMaximumCountWithFixedSleep(maxRetries=10, sleepTime=1000 MILLISECONDS)
2019-09-28 01:32:27,779 [main] INFO  ipc.Client (Client.java:handleConnectionFailure(948)) - Retrying connect to server: localhost/127.0.0.1:0. Already tried 1 time(s); retry policy is RetryUpToMaximumCountWithFixedSleep(maxRetries=10, sleepTime=1000 MILLISECONDS)
2019-09-28 01:32:28,782 [main] INFO  ipc.Client (Client.java:handleConnectionFailure(948)) - Retrying connect to server: localhost/127.0.0.1:0. Already tried 2 time(s); retry policy is RetryUpToMaximumCountWithFixedSleep(maxRetries=10, sleepTime=1000 MILLISECONDS)
2019-09-28 01:32:29,784 [main] INFO  ipc.Client (Client.java:handleConnectionFailure(948)) - Retrying connect to server: localhost/127.0.0.1:0. Already tried 3 time(s); retry policy is RetryUpToMaximumCountWithFixedSleep(maxRetries=10, sleepTime=1000 MILLISECONDS)
2019-09-28 01:32:30,786 [main] INFO  ipc.Client (Client.java:handleConnectionFailure(948)) - Retrying connect to server: localhost/127.0.0.1:0. Already tried 4 time(s); retry policy is RetryUpToMaximumCountWithFixedSleep(maxRetries=10, sleepTime=1000 MILLISECONDS)
2019-09-28 01:32:31,787 [main] INFO  ipc.Client (Client.java:handleConnectionFailure(948)) - Retrying connect to server: localhost/127.0.0.1:0. Already tried 5 time(s); retry policy is RetryUpToMaximumCountWithFixedSleep(maxRetries=10, sleepTime=1000 MILLISECONDS)
2019-09-28 01:32:32,789 [main] INFO  ipc.Client (Client.java:handleConnectionFailure(948)) - Retrying connect to server: localhost/127.0.0.1:0. Already tried 6 time(s); retry policy is RetryUpToMaximumCountWithFixedSleep(maxRetries=10, sleepTime=1000 MILLISECONDS)
2019-09-28 01:32:33,790 [main] INFO  ipc.Client (Client.java:handleConnectionFailure(948)) - Retrying connect to server: localhost/127.0.0.1:0. Already tried 7 time(s); retry policy is RetryUpToMaximumCountWithFixedSleep(maxRetries=10, sleepTime=1000 MILLISECONDS)
2019-09-28 01:32:34,791 [main] INFO  ipc.Client (Client.java:handleConnectionFailure(948)) - Retrying connect to server: localhost/127.0.0.1:0. Already tried 8 time(s); retry policy is RetryUpToMaximumCountWithFixedSleep(maxRetries=10, sleepTime=1000 MILLISECONDS)
2019-09-28 01:32:35,793 [main] INFO  ipc.Client (Client.java:handleConnectionFailure(948)) - Retrying connect to server: localhost/127.0.0.1:0. Already tried 9 time(s); retry policy is RetryUpToMaximumCountWithFixedSleep(maxRetries=10, sleepTime=1000 MILLISECONDS)
2019-09-28 01:32:35,795 [main] INFO  retry.RetryInvocationHandler (RetryInvocationHandler.java:log(411)) - com.google.protobuf.ServiceException: java.net.ConnectException: Your endpoint configuration is wrong; For more details see:  http://wiki.apache.org/hadoop/UnsetHostnameOrPort, while invoking $Proxy34.submitRequest over nodeId=null,nodeAddress=127.0.0.1:0 after 4 failover attempts. Trying to failover immediately.
2019-09-28 01:32:36,796 [main] INFO  ipc.Client (Client.java:handleConnectionFailure(948)) - Retrying connect to server: localhost/127.0.0.1:0. Already tried 0 time(s); retry policy is RetryUpToMaximumCountWithFixedSleep(maxRetries=10, sleepTime=1000 MILLISECONDS)
2019-09-28 01:32:37,798 [main] INFO  ipc.Client (Client.java:handleConnectionFailure(948)) - Retrying connect to server: localhost/127.0.0.1:0. Already tried 1 time(s); retry policy is RetryUpToMaximumCountWithFixedSleep(maxRetries=10, sleepTime=1000 MILLISECONDS)
2019-09-28 01:32:38,799 [main] INFO  ipc.Client (Client.java:handleConnectionFailure(948)) - Retrying connect to server: localhost/127.0.0.1:0. Already tried 2 time(s); retry policy is RetryUpToMaximumCountWithFixedSleep(maxRetries=10, sleepTime=1000 MILLISECONDS)
2019-09-28 01:32:39,801 [main] INFO  ipc.Client (Client.java:handleConnectionFailure(948)) - Retrying connect to server: localhost/127.0.0.1:0. Already tried 3 time(s); retry policy is RetryUpToMaximumCountWithFixedSleep(maxRetries=10, sleepTime=1000 MILLISECONDS)
2019-09-28 01:32:40,802 [main] INFO  ipc.Client (Client.java:handleConnectionFailure(948)) - Retrying connect to server: localhost/127.0.0.1:0. Already tried 4 time(s); retry policy is RetryUpToMaximumCountWithFixedSleep(maxRetries=10, sleepTime=1000 MILLISECONDS)
2019-09-28 01:32:41,804 [main] INFO  ipc.Client (Client.java:handleConnectionFailure(948)) - Retrying connect to server: localhost/127.0.0.1:0. Already tried 5 time(s); retry policy is RetryUpToMaximumCountWithFixedSleep(maxRetries=10, sleepTime=1000 MILLISECONDS)
2019-09-28 01:32:42,805 [main] INFO  ipc.Client (Client.java:handleConnectionFailure(948)) - Retrying connect to server: localhost/127.0.0.1:0. Already tried 6 time(s); retry policy is RetryUpToMaximumCountWithFixedSleep(maxRetries=10, sleepTime=1000 MILLISECONDS)
2019-09-28 01:32:43,806 [main] INFO  ipc.Client (Client.java:handleConnectionFailure(948)) - Retrying connect to server: localhost/127.0.0.1:0. Already tried 7 time(s); retry policy is RetryUpToMaximumCountWithFixedSleep(maxRetries=10, sleepTime=1000 MILLISECONDS)
2019-09-28 01:32:44,808 [main] INFO  ipc.Client (Client.java:handleConnectionFailure(948)) - Retrying connect to server: localhost/127.0.0.1:0. Already tried 8 time(s); retry policy is RetryUpToMaximumCountWithFixedSleep(maxRetries=10, sleepTime=1000 MILLISECONDS)
2019-09-28 01:32:45,809 [main] INFO  ipc.Client (Client.java:handleConnectionFailure(948)) - Retrying connect to server: localhost/127.0.0.1:0. Already tried 9 time(s); retry policy is RetryUpToMaximumCountWithFixedSleep(maxRetries=10, sleepTime=1000 MILLISECONDS)
2019-09-28 01:32:45,812 [main] INFO  retry.RetryInvocationHandler (RetryInvocationHandler.java:log(411)) - com.google.protobuf.ServiceException: java.net.ConnectException: Your endpoint configuration is wrong; For more details see:  http://wiki.apache.org/hadoop/UnsetHostnameOrPort, while invoking $Proxy34.submitRequest over nodeId=null,nodeAddress=127.0.0.1:0 after 5 failover attempts. Trying to failover immediately.
2019-09-28 01:32:46,813 [main] INFO  ipc.Client (Client.java:handleConnectionFailure(948)) - Retrying connect to server: localhost/127.0.0.1:0. Already tried 0 time(s); retry policy is RetryUpToMaximumCountWithFixedSleep(maxRetries=10, sleepTime=1000 MILLISECONDS)
2019-09-28 01:32:47,814 [main] INFO  ipc.Client (Client.java:handleConnectionFailure(948)) - Retrying connect to server: localhost/127.0.0.1:0. Already tried 1 time(s); retry policy is RetryUpToMaximumCountWithFixedSleep(maxRetries=10, sleepTime=1000 MILLISECONDS)
2019-09-28 01:32:48,815 [main] INFO  ipc.Client (Client.java:handleConnectionFailure(948)) - Retrying connect to server: localhost/127.0.0.1:0. Already tried 2 time(s); retry policy is RetryUpToMaximumCountWithFixedSleep(maxRetries=10, sleepTime=1000 MILLISECONDS)
2019-09-28 01:32:49,817 [main] INFO  ipc.Client (Client.java:handleConnectionFailure(948)) - Retrying connect to server: localhost/127.0.0.1:0. Already tried 3 time(s); retry policy is RetryUpToMaximumCountWithFixedSleep(maxRetries=10, sleepTime=1000 MILLISECONDS)
2019-09-28 01:32:50,818 [main] INFO  ipc.Client (Client.java:handleConnectionFailure(948)) - Retrying connect to server: localhost/127.0.0.1:0. Already tried 4 time(s); retry policy is RetryUpToMaximumCountWithFixedSleep(maxRetries=10, sleepTime=1000 MILLISECONDS)
2019-09-28 01:32:51,820 [main] INFO  ipc.Client (Client.java:handleConnectionFailure(948)) - Retrying connect to server: localhost/127.0.0.1:0. Already tried 5 time(s); retry policy is RetryUpToMaximumCountWithFixedSleep(maxRetries=10, sleepTime=1000 MILLISECONDS)
2019-09-28 01:32:52,821 [main] INFO  ipc.Client (Client.java:handleConnectionFailure(948)) - Retrying connect to server: localhost/127.0.0.1:0. Already tried 6 time(s); retry policy is RetryUpToMaximumCountWithFixedSleep(maxRetries=10, sleepTime=1000 MILLISECONDS)
2019-09-28 01:32:53,822 [main] INFO  ipc.Client (Client.java:handleConnectionFailure(948)) - Retrying connect to server: localhost/127.0.0.1:0. Already tried 7 time(s); retry policy is RetryUpToMaximumCountWithFixedSleep(maxRetries=10, sleepTime=1000 MILLISECONDS)
2019-09-28 01:32:54,824 [main] INFO  ipc.Client (Client.java:handleConnectionFailure(948)) - Retrying connect to server: localhost/127.0.0.1:0. Already tried 8 time(s); retry policy is RetryUpToMaximumCountWithFixedSleep(maxRetries=10, sleepTime=1000 MILLISECONDS)
2019-09-28 01:32:55,825 [main] INFO  ipc.Client (Client.java:handleConnectionFailure(948)) - Retrying connect to server: localhost/127.0.0.1:0. Already tried 9 time(s); retry policy is RetryUpToMaximumCountWithFixedSleep(maxRetries=10, sleepTime=1000 MILLISECONDS)
2019-09-28 01:32:55,827 [main] INFO  retry.RetryInvocationHandler (RetryInvocationHandler.java:log(411)) - com.google.protobuf.ServiceException: java.net.ConnectException: Your endpoint configuration is wrong; For more details see:  http://wiki.apache.org/hadoop/UnsetHostnameOrPort, while invoking $Proxy34.submitRequest over nodeId=null,nodeAddress=127.0.0.1:0 after 6 failover attempts. Trying to failover immediately.
2019-09-28 01:32:56,828 [main] INFO  ipc.Client (Client.java:handleConnectionFailure(948)) - Retrying connect to server: localhost/127.0.0.1:0. Already tried 0 time(s); retry policy is RetryUpToMaximumCountWithFixedSleep(maxRetries=10, sleepTime=1000 MILLISECONDS)
2019-09-28 01:32:57,829 [main] INFO  ipc.Client (Client.java:handleConnectionFailure(948)) - Retrying connect to server: localhost/127.0.0.1:0. Already tried 1 time(s); retry policy is RetryUpToMaximumCountWithFixedSleep(maxRetries=10, sleepTime=1000 MILLISECONDS)
2019-09-28 01:32:58,831 [main] INFO  ipc.Client (Client.java:handleConnectionFailure(948)) - Retrying connect to server: localhost/127.0.0.1:0. Already tried 2 time(s); retry policy is RetryUpToMaximumCountWithFixedSleep(maxRetries=10, sleepTime=1000 MILLISECONDS)
2019-09-28 01:32:59,832 [main] INFO  ipc.Client (Client.java:handleConnectionFailure(948)) - Retrying connect to server: localhost/127.0.0.1:0. Already tried 3 time(s); retry policy is RetryUpToMaximumCountWithFixedSleep(maxRetries=10, sleepTime=1000 MILLISECONDS)
2019-09-28 01:33:00,833 [main] INFO  ipc.Client (Client.java:handleConnectionFailure(948)) - Retrying connect to server: localhost/127.0.0.1:0. Already tried 4 time(s); retry policy is RetryUpToMaximumCountWithFixedSleep(maxRetries=10, sleepTime=1000 MILLISECONDS)
2019-09-28 01:33:01,835 [main] INFO  ipc.Client (Client.java:handleConnectionFailure(948)) - Retrying connect to server: localhost/127.0.0.1:0. Already tried 5 time(s); retry policy is RetryUpToMaximumCountWithFixedSleep(maxRetries=10, sleepTime=1000 MILLISECONDS)
2019-09-28 01:33:02,836 [main] INFO  ipc.Client (Client.java:handleConnectionFailure(948)) - Retrying connect to server: localhost/127.0.0.1:0. Already tried 6 time(s); retry policy is RetryUpToMaximumCountWithFixedSleep(maxRetries=10, sleepTime=1000 MILLISECONDS)
2019-09-28 01:33:03,838 [main] INFO  ipc.Client (Client.java:handleConnectionFailure(948)) - Retrying connect to server: localhost/127.0.0.1:0. Already tried 7 time(s); retry policy is RetryUpToMaximumCountWithFixedSleep(maxRetries=10, sleepTime=1000 MILLISECONDS)
2019-09-28 01:33:04,839 [main] INFO  ipc.Client (Client.java:handleConnectionFailure(948)) - Retrying connect to server: localhost/127.0.0.1:0. Already tried 8 time(s); retry policy is RetryUpToMaximumCountWithFixedSleep(maxRetries=10, sleepTime=1000 MILLISECONDS)
2019-09-28 01:33:05,840 [main] INFO  ipc.Client (Client.java:handleConnectionFailure(948)) - Retrying connect to server: localhost/127.0.0.1:0. Already tried 9 time(s); retry policy is RetryUpToMaximumCountWithFixedSleep(maxRetries=10, sleepTime=1000 MILLISECONDS)
2019-09-28 01:33:05,842 [main] INFO  retry.RetryInvocationHandler (RetryInvocationHandler.java:log(411)) - com.google.protobuf.ServiceException: java.net.ConnectException: Your endpoint configuration is wrong; For more details see:  http://wiki.apache.org/hadoop/UnsetHostnameOrPort, while invoking $Proxy34.submitRequest over nodeId=null,nodeAddress=127.0.0.1:0 after 7 failover attempts. Trying to failover immediately.
2019-09-28 01:33:06,844 [main] INFO  ipc.Client (Client.java:handleConnectionFailure(948)) - Retrying connect to server: localhost/127.0.0.1:0. Already tried 0 time(s); retry policy is RetryUpToMaximumCountWithFixedSleep(maxRetries=10, sleepTime=1000 MILLISECONDS)
2019-09-28 01:33:07,848 [main] INFO  ipc.Client (Client.java:handleConnectionFailure(948)) - Retrying connect to server: localhost/127.0.0.1:0. Already tried 1 time(s); retry policy is RetryUpToMaximumCountWithFixedSleep(maxRetries=10, sleepTime=1000 MILLISECONDS)
2019-09-28 01:33:08,853 [main] INFO  ipc.Client (Client.java:handleConnectionFailure(948)) - Retrying connect to server: localhost/127.0.0.1:0. Already tried 2 time(s); retry policy is RetryUpToMaximumCountWithFixedSleep(maxRetries=10, sleepTime=1000 MILLISECONDS)
2019-09-28 01:33:09,854 [main] INFO  ipc.Client (Client.java:handleConnectionFailure(948)) - Retrying connect to server: localhost/127.0.0.1:0. Already tried 3 time(s); retry policy is RetryUpToMaximumCountWithFixedSleep(maxRetries=10, sleepTime=1000 MILLISECONDS)
2019-09-28 01:33:10,856 [main] INFO  ipc.Client (Client.java:handleConnectionFailure(948)) - Retrying connect to server: localhost/127.0.0.1:0. Already tried 4 time(s); retry policy is RetryUpToMaximumCountWithFixedSleep(maxRetries=10, sleepTime=1000 MILLISECONDS)
2019-09-28 01:33:11,857 [main] INFO  ipc.Client (Client.java:handleConnectionFailure(948)) - Retrying connect to server: localhost/127.0.0.1:0. Already tried 5 time(s); retry policy is RetryUpToMaximumCountWithFixedSleep(maxRetries=10, sleepTime=1000 MILLISECONDS)
2019-09-28 01:33:12,858 [main] INFO  ipc.Client (Client.java:handleConnectionFailure(948)) - Retrying connect to server: localhost/127.0.0.1:0. Already tried 6 time(s); retry policy is RetryUpToMaximumCountWithFixedSleep(maxRetries=10, sleepTime=1000 MILLISECONDS)
2019-09-28 01:33:13,860 [main] INFO  ipc.Client (Client.java:handleConnectionFailure(948)) - Retrying connect to server: localhost/127.0.0.1:0. Already tried 7 time(s); retry policy is RetryUpToMaximumCountWithFixedSleep(maxRetries=10, sleepTime=1000 MILLISECONDS)
2019-09-28 01:33:14,862 [main] INFO  ipc.Client (Client.java:handleConnectionFailure(948)) - Retrying connect to server: localhost/127.0.0.1:0. Already tried 8 time(s); retry policy is RetryUpToMaximumCountWithFixedSleep(maxRetries=10, sleepTime=1000 MILLISECONDS)
2019-09-28 01:33:15,863 [main] INFO  ipc.Client (Client.java:handleConnectionFailure(948)) - Retrying connect to server: localhost/127.0.0.1:0. Already tried 9 time(s); retry policy is RetryUpToMaximumCountWithFixedSleep(maxRetries=10, sleepTime=1000 MILLISECONDS)
2019-09-28 01:33:15,865 [main] INFO  retry.RetryInvocationHandler (RetryInvocationHandler.java:log(411)) - com.google.protobuf.ServiceException: java.net.ConnectException: Your endpoint configuration is wrong; For more details see:  http://wiki.apache.org/hadoop/UnsetHostnameOrPort, while invoking $Proxy34.submitRequest over nodeId=null,nodeAddress=127.0.0.1:0 after 8 failover attempts. Trying to failover immediately.
2019-09-28 01:33:16,867 [main] INFO  ipc.Client (Client.java:handleConnectionFailure(948)) - Retrying connect to server: localhost/127.0.0.1:0. Already tried 0 time(s); retry policy is RetryUpToMaximumCountWithFixedSleep(maxRetries=10, sleepTime=1000 MILLISECONDS)
2019-09-28 01:33:17,869 [main] INFO  ipc.Client (Client.java:handleConnectionFailure(948)) - Retrying connect to server: localhost/127.0.0.1:0. Already tried 1 time(s); retry policy is RetryUpToMaximumCountWithFixedSleep(maxRetries=10, sleepTime=1000 MILLISECONDS)
2019-09-28 01:33:18,870 [main] INFO  ipc.Client (Client.java:handleConnectionFailure(948)) - Retrying connect to server: localhost/127.0.0.1:0. Already tried 2 time(s); retry policy is RetryUpToMaximumCountWithFixedSleep(maxRetries=10, sleepTime=1000 MILLISECONDS)
2019-09-28 01:33:19,872 [main] INFO  ipc.Client (Client.java:handleConnectionFailure(948)) - Retrying connect to server: localhost/127.0.0.1:0. Already tried 3 time(s); retry policy is RetryUpToMaximumCountWithFixedSleep(maxRetries=10, sleepTime=1000 MILLISECONDS)
2019-09-28 01:33:20,873 [main] INFO  ipc.Client (Client.java:handleConnectionFailure(948)) - Retrying connect to server: localhost/127.0.0.1:0. Already tried 4 time(s); retry policy is RetryUpToMaximumCountWithFixedSleep(maxRetries=10, sleepTime=1000 MILLISECONDS)
2019-09-28 01:33:21,875 [main] INFO  ipc.Client (Client.java:handleConnectionFailure(948)) - Retrying connect to server: localhost/127.0.0.1:0. Already tried 5 time(s); retry policy is RetryUpToMaximumCountWithFixedSleep(maxRetries=10, sleepTime=1000 MILLISECONDS)
2019-09-28 01:33:22,877 [main] INFO  ipc.Client (Client.java:handleConnectionFailure(948)) - Retrying connect to server: localhost/127.0.0.1:0. Already tried 6 time(s); retry policy is RetryUpToMaximumCountWithFixedSleep(maxRetries=10, sleepTime=1000 MILLISECONDS)
2019-09-28 01:33:23,878 [main] INFO  ipc.Client (Client.java:handleConnectionFailure(948)) - Retrying connect to server: localhost/127.0.0.1:0. Already tried 7 time(s); retry policy is RetryUpToMaximumCountWithFixedSleep(maxRetries=10, sleepTime=1000 MILLISECONDS)
2019-09-28 01:33:24,879 [main] INFO  ipc.Client (Client.java:handleConnectionFailure(948)) - Retrying connect to server: localhost/127.0.0.1:0. Already tried 8 time(s); retry policy is RetryUpToMaximumCountWithFixedSleep(maxRetries=10, sleepTime=1000 MILLISECONDS)
2019-09-28 01:33:25,881 [main] INFO  ipc.Client (Client.java:handleConnectionFailure(948)) - Retrying connect to server: localhost/127.0.0.1:0. Already tried 9 time(s); retry policy is RetryUpToMaximumCountWithFixedSleep(maxRetries=10, sleepTime=1000 MILLISECONDS)
2019-09-28 01:33:25,883 [main] INFO  retry.RetryInvocationHandler (RetryInvocationHandler.java:log(411)) - com.google.protobuf.ServiceException: java.net.ConnectException: Your endpoint configuration is wrong; For more details see:  http://wiki.apache.org/hadoop/UnsetHostnameOrPort, while invoking $Proxy34.submitRequest over nodeId=null,nodeAddress=127.0.0.1:0 after 9 failover attempts. Trying to failover immediately.
2019-09-28 01:33:26,884 [main] INFO  ipc.Client (Client.java:handleConnectionFailure(948)) - Retrying connect to server: localhost/127.0.0.1:0. Already tried 0 time(s); retry policy is RetryUpToMaximumCountWithFixedSleep(maxRetries=10, sleepTime=1000 MILLISECONDS)
2019-09-28 01:33:27,886 [main] INFO  ipc.Client (Client.java:handleConnectionFailure(948)) - Retrying connect to server: localhost/127.0.0.1:0. Already tried 1 time(s); retry policy is RetryUpToMaximumCountWithFixedSleep(maxRetries=10, sleepTime=1000 MILLISECONDS)
2019-09-28 01:33:28,887 [main] INFO  ipc.Client (Client.java:handleConnectionFailure(948)) - Retrying connect to server: localhost/127.0.0.1:0. Already tried 2 time(s); retry policy is RetryUpToMaximumCountWithFixedSleep(maxRetries=10, sleepTime=1000 MILLISECONDS)
2019-09-28 01:33:29,889 [main] INFO  ipc.Client (Client.java:handleConnectionFailure(948)) - Retrying connect to server: localhost/127.0.0.1:0. Already tried 3 time(s); retry policy is RetryUpToMaximumCountWithFixedSleep(maxRetries=10, sleepTime=1000 MILLISECONDS)
2019-09-28 01:33:30,890 [main] INFO  ipc.Client (Client.java:handleConnectionFailure(948)) - Retrying connect to server: localhost/127.0.0.1:0. Already tried 4 time(s); retry policy is RetryUpToMaximumCountWithFixedSleep(maxRetries=10, sleepTime=1000 MILLISECONDS)
2019-09-28 01:33:31,891 [main] INFO  ipc.Client (Client.java:handleConnectionFailure(948)) - Retrying connect to server: localhost/127.0.0.1:0. Already tried 5 time(s); retry policy is RetryUpToMaximumCountWithFixedSleep(maxRetries=10, sleepTime=1000 MILLISECONDS)
2019-09-28 01:33:32,893 [main] INFO  ipc.Client (Client.java:handleConnectionFailure(948)) - Retrying connect to server: localhost/127.0.0.1:0. Already tried 6 time(s); retry policy is RetryUpToMaximumCountWithFixedSleep(maxRetries=10, sleepTime=1000 MILLISECONDS)
2019-09-28 01:33:33,894 [main] INFO  ipc.Client (Client.java:handleConnectionFailure(948)) - Retrying connect to server: localhost/127.0.0.1:0. Already tried 7 time(s); retry policy is RetryUpToMaximumCountWithFixedSleep(maxRetries=10, sleepTime=1000 MILLISECONDS)
2019-09-28 01:33:34,897 [main] INFO  ipc.Client (Client.java:handleConnectionFailure(948)) - Retrying connect to server: localhost/127.0.0.1:0. Already tried 8 time(s); retry policy is RetryUpToMaximumCountWithFixedSleep(maxRetries=10, sleepTime=1000 MILLISECONDS)
2019-09-28 01:33:35,898 [main] INFO  ipc.Client (Client.java:handleConnectionFailure(948)) - Retrying connect to server: localhost/127.0.0.1:0. Already tried 9 time(s); retry policy is RetryUpToMaximumCountWithFixedSleep(maxRetries=10, sleepTime=1000 MILLISECONDS)
2019-09-28 01:33:35,900 [main] ERROR ha.OMFailoverProxyProvider (OzoneManagerProtocolClientSideTranslatorPB.java:getRetryAction(268)) - Failed to connect to OM. Attempted 10 retries and 10 failovers
2019-09-28 01:33:35,904 [main] ERROR client.OzoneClientFactory (OzoneClientFactory.java:getClientProtocol(259)) - Couldn't create RpcClient protocol exception: 
java.net.ConnectException: Your endpoint configuration is wrong; For more details see:  http://wiki.apache.org/hadoop/UnsetHostnameOrPort
	at sun.reflect.NativeConstructorAccessorImpl.newInstance0(Native Method)
	at sun.reflect.NativeConstructorAccessorImpl.newInstance(NativeConstructorAccessorImpl.java:62)
	at sun.reflect.DelegatingConstructorAccessorImpl.newInstance(DelegatingConstructorAccessorImpl.java:45)
	at java.lang.reflect.Constructor.newInstance(Constructor.java:423)
	at org.apache.hadoop.net.NetUtils.wrapWithMessage(NetUtils.java:831)
	at org.apache.hadoop.net.NetUtils.wrapException(NetUtils.java:751)
	at org.apache.hadoop.ipc.Client.getRpcResponse(Client.java:1515)
	at org.apache.hadoop.ipc.Client.call(Client.java:1457)
	at org.apache.hadoop.ipc.Client.call(Client.java:1367)
	at org.apache.hadoop.ipc.ProtobufRpcEngine$Invoker.invoke(ProtobufRpcEngine.java:228)
	at org.apache.hadoop.ipc.ProtobufRpcEngine$Invoker.invoke(ProtobufRpcEngine.java:116)
	at com.sun.proxy.$Proxy34.submitRequest(Unknown Source)
	at sun.reflect.NativeMethodAccessorImpl.invoke0(Native Method)
	at sun.reflect.NativeMethodAccessorImpl.invoke(NativeMethodAccessorImpl.java:62)
	at sun.reflect.DelegatingMethodAccessorImpl.invoke(DelegatingMethodAccessorImpl.java:43)
	at java.lang.reflect.Method.invoke(Method.java:498)
	at org.apache.hadoop.io.retry.RetryInvocationHandler.invokeMethod(RetryInvocationHandler.java:422)
	at org.apache.hadoop.io.retry.RetryInvocationHandler$Call.invokeMethod(RetryInvocationHandler.java:165)
	at org.apache.hadoop.io.retry.RetryInvocationHandler$Call.invoke(RetryInvocationHandler.java:157)
	at org.apache.hadoop.io.retry.RetryInvocationHandler$Call.invokeOnce(RetryInvocationHandler.java:95)
	at org.apache.hadoop.io.retry.RetryInvocationHandler.invoke(RetryInvocationHandler.java:359)
	at com.sun.proxy.$Proxy34.submitRequest(Unknown Source)
	at org.apache.hadoop.ozone.om.protocolPB.OzoneManagerProtocolClientSideTranslatorPB.submitRequest(OzoneManagerProtocolClientSideTranslatorPB.java:338)
	at org.apache.hadoop.ozone.om.protocolPB.OzoneManagerProtocolClientSideTranslatorPB.getServiceInfo(OzoneManagerProtocolClientSideTranslatorPB.java:1223)
	at sun.reflect.NativeMethodAccessorImpl.invoke0(Native Method)
	at sun.reflect.NativeMethodAccessorImpl.invoke(NativeMethodAccessorImpl.java:62)
	at sun.reflect.DelegatingMethodAccessorImpl.invoke(DelegatingMethodAccessorImpl.java:43)
	at java.lang.reflect.Method.invoke(Method.java:498)
	at org.apache.hadoop.hdds.tracing.TraceAllMethod.invoke(TraceAllMethod.java:66)
	at com.sun.proxy.$Proxy35.getServiceInfo(Unknown Source)
	at org.apache.hadoop.ozone.client.rpc.RpcClient.<init>(RpcClient.java:154)
	at org.apache.hadoop.ozone.client.OzoneClientFactory.getClientProtocol(OzoneClientFactory.java:256)
	at org.apache.hadoop.ozone.client.OzoneClientFactory.getClientProtocol(OzoneClientFactory.java:239)
	at org.apache.hadoop.ozone.client.OzoneClientFactory.getClient(OzoneClientFactory.java:75)
	at org.apache.hadoop.ozone.client.rpc.Test2WayCommitInRatis.startCluster(Test2WayCommitInRatis.java:92)
	at org.apache.hadoop.ozone.client.rpc.Test2WayCommitInRatis.test2WayCommitForRetryfailure(Test2WayCommitInRatis.java:119)
	at sun.reflect.NativeMethodAccessorImpl.invoke0(Native Method)
	at sun.reflect.NativeMethodAccessorImpl.invoke(NativeMethodAccessorImpl.java:62)
	at sun.reflect.DelegatingMethodAccessorImpl.invoke(DelegatingMethodAccessorImpl.java:43)
	at java.lang.reflect.Method.invoke(Method.java:498)
	at org.junit.runners.model.FrameworkMethod$1.runReflectiveCall(FrameworkMethod.java:47)
	at org.junit.internal.runners.model.ReflectiveCallable.run(ReflectiveCallable.java:12)
	at org.junit.runners.model.FrameworkMethod.invokeExplosively(FrameworkMethod.java:44)
	at org.junit.internal.runners.statements.InvokeMethod.evaluate(InvokeMethod.java:17)
	at org.junit.runners.ParentRunner.runLeaf(ParentRunner.java:271)
	at org.junit.runners.BlockJUnit4ClassRunner.runChild(BlockJUnit4ClassRunner.java:70)
	at org.junit.runners.BlockJUnit4ClassRunner.runChild(BlockJUnit4ClassRunner.java:50)
	at org.junit.runners.ParentRunner$3.run(ParentRunner.java:238)
	at org.junit.runners.ParentRunner$1.schedule(ParentRunner.java:63)
	at org.junit.runners.ParentRunner.runChildren(ParentRunner.java:236)
	at org.junit.runners.ParentRunner.access$000(ParentRunner.java:53)
	at org.junit.runners.ParentRunner$2.evaluate(ParentRunner.java:229)
	at org.junit.runners.ParentRunner.run(ParentRunner.java:309)
	at org.apache.maven.surefire.junit4.JUnit4Provider.execute(JUnit4Provider.java:365)
	at org.apache.maven.surefire.junit4.JUnit4Provider.executeWithRerun(JUnit4Provider.java:273)
	at org.apache.maven.surefire.junit4.JUnit4Provider.executeTestSet(JUnit4Provider.java:238)
	at org.apache.maven.surefire.junit4.JUnit4Provider.invoke(JUnit4Provider.java:159)
	at org.apache.maven.surefire.booter.ForkedBooter.invokeProviderInSameClassLoader(ForkedBooter.java:384)
	at org.apache.maven.surefire.booter.ForkedBooter.runSuitesInProcess(ForkedBooter.java:345)
	at org.apache.maven.surefire.booter.ForkedBooter.execute(ForkedBooter.java:126)
	at org.apache.maven.surefire.booter.ForkedBooter.main(ForkedBooter.java:418)
Caused by: java.net.ConnectException: Connection refused
	at sun.nio.ch.SocketChannelImpl.checkConnect(Native Method)
	at sun.nio.ch.SocketChannelImpl.finishConnect(SocketChannelImpl.java:717)
	at org.apache.hadoop.net.SocketIOWithTimeout.connect(SocketIOWithTimeout.java:206)
	at org.apache.hadoop.net.NetUtils.connect(NetUtils.java:531)
	at org.apache.hadoop.ipc.Client$Connection.setupConnection(Client.java:690)
	at org.apache.hadoop.ipc.Client$Connection.setupIOstreams(Client.java:794)
	at org.apache.hadoop.ipc.Client$Connection.access$3700(Client.java:411)
	at org.apache.hadoop.ipc.Client.getConnection(Client.java:1572)
	at org.apache.hadoop.ipc.Client.call(Client.java:1403)
	... 53 more
]]></system-out>
    <system-err><![CDATA[ERROR StatusLogger No Log4j 2 configuration file found. Using default configuration (logging only errors to the console), or user programmatically provided configurations. Set system property 'log4j2.debug' to show Log4j 2 internal initialization logging. See https://logging.apache.org/log4j/2.x/manual/configuration.html for instructions on how to configure Log4j 2
]]></system-err>
  </testcase>
</testsuite>