<?xml version="1.0" encoding="UTF-8"?>
<testsuite xmlns:xsi="http://www.w3.org/2001/XMLSchema-instance" xsi:noNamespaceSchemaLocation="https://maven.apache.org/surefire/maven-surefire-plugin/xsd/surefire-test-report.xsd" name="org.apache.hadoop.ozone.client.rpc.TestFailureHandlingByClient" time="719.238" tests="5" errors="5" skipped="0" failures="0">
  <properties>
    <property name="awt.toolkit" value="sun.awt.X11.XToolkit"/>
    <property name="file.encoding.pkg" value="sun.io"/>
    <property name="java.specification.version" value="1.8"/>
    <property name="sun.cpu.isalist" value=""/>
    <property name="sun.jnu.encoding" value="UTF-8"/>
    <property name="java.class.path" value="/workdir/hadoop-ozone/integration-test/target/test-classes:/workdir/hadoop-ozone/integration-test/target/classes:/home/user/.m2/repository/org/apache/hadoop/hadoop-ozone-common/0.5.0-SNAPSHOT/hadoop-ozone-common-0.5.0-SNAPSHOT.jar:/home/user/.m2/repository/org/apache/commons/commons-compress/1.4.1/commons-compress-1.4.1.jar:/home/user/.m2/repository/org/tukaani/xz/1.0/xz-1.0.jar:/home/user/.m2/repository/org/apache/hadoop/hadoop-common/3.2.0/hadoop-common-3.2.0.jar:/home/user/.m2/repository/org/apache/hadoop/hadoop-hdfs/3.2.0/hadoop-hdfs-3.2.0.jar:/home/user/.m2/repository/org/apache/hadoop/hadoop-hdfs-client/3.2.0/hadoop-hdfs-client-3.2.0.jar:/home/user/.m2/repository/com/fasterxml/jackson/core/jackson-annotations/2.9.9/jackson-annotations-2.9.9.jar:/home/user/.m2/repository/org/apache/hadoop/hadoop-hdds-common/0.5.0-SNAPSHOT/hadoop-hdds-common-0.5.0-SNAPSHOT.jar:/home/user/.m2/repository/javax/annotation/javax.annotation-api/1.2/javax.annotation-api-1.2.jar:/home/user/.m2/repository/org/apache/ratis/ratis-server/0.4.0/ratis-server-0.4.0.jar:/home/user/.m2/repository/org/apache/ratis/ratis-thirdparty-misc/0.2.0/ratis-thirdparty-misc-0.2.0.jar:/home/user/.m2/repository/org/apache/ratis/ratis-proto/0.4.0/ratis-proto-0.4.0.jar:/home/user/.m2/repository/org/apache/ratis/ratis-common/0.4.0/ratis-common-0.4.0.jar:/home/user/.m2/repository/org/apache/ratis/ratis-client/0.4.0/ratis-client-0.4.0.jar:/home/user/.m2/repository/org/apache/ratis/ratis-metrics/0.4.0/ratis-metrics-0.4.0.jar:/home/user/.m2/repository/com/github/joshelser/dropwizard-metrics-hadoop-metrics2-reporter/0.1.2/dropwizard-metrics-hadoop-metrics2-reporter-0.1.2.jar:/home/user/.m2/repository/io/dropwizard/metrics/metrics-jvm/3.2.5/metrics-jvm-3.2.5.jar:/home/user/.m2/repository/io/dropwizard/metrics/metrics-ganglia/3.2.5/metrics-ganglia-3.2.5.jar:/home/user/.m2/repository/info/ganglia/gmetric4j/gmetric4j/1.0.7/gmetric4j-1.0.7.jar:/home/user/.m2/repository/org/apache/ratis/ratis-netty/0.4.0/ratis-netty-0.4.0.jar:/home/user/.m2/repository/org/apache/ratis/ratis-grpc/0.4.0/ratis-grpc-0.4.0.jar:/home/user/.m2/repository/org/rocksdb/rocksdbjni/6.0.1/rocksdbjni-6.0.1.jar:/home/user/.m2/repository/org/apache/logging/log4j/log4j-api/2.11.0/log4j-api-2.11.0.jar:/home/user/.m2/repository/org/apache/logging/log4j/log4j-core/2.11.0/log4j-core-2.11.0.jar:/home/user/.m2/repository/com/lmax/disruptor/3.4.2/disruptor-3.4.2.jar:/home/user/.m2/repository/org/apache/commons/commons-pool2/2.6.0/commons-pool2-2.6.0.jar:/home/user/.m2/repository/org/bouncycastle/bcpkix-jdk15on/1.60/bcpkix-jdk15on-1.60.jar:/home/user/.m2/repository/commons-validator/commons-validator/1.6/commons-validator-1.6.jar:/home/user/.m2/repository/commons-digester/commons-digester/1.8.1/commons-digester-1.8.1.jar:/home/user/.m2/repository/io/jaegertracing/jaeger-client/0.34.0/jaeger-client-0.34.0.jar:/home/user/.m2/repository/io/jaegertracing/jaeger-thrift/0.34.0/jaeger-thrift-0.34.0.jar:/home/user/.m2/repository/org/apache/thrift/libthrift/0.12.0/libthrift-0.12.0.jar:/home/user/.m2/repository/com/squareup/okhttp3/okhttp/3.9.0/okhttp-3.9.0.jar:/home/user/.m2/repository/com/squareup/okio/okio/1.13.0/okio-1.13.0.jar:/home/user/.m2/repository/io/jaegertracing/jaeger-core/0.34.0/jaeger-core-0.34.0.jar:/home/user/.m2/repository/io/jaegertracing/jaeger-tracerresolver/0.34.0/jaeger-tracerresolver-0.34.0.jar:/home/user/.m2/repository/io/opentracing/contrib/opentracing-tracerresolver/0.1.5/opentracing-tracerresolver-0.1.5.jar:/home/user/.m2/repository/io/opentracing/opentracing-util/0.31.0/opentracing-util-0.31.0.jar:/home/user/.m2/repository/io/opentracing/opentracing-api/0.31.0/opentracing-api-0.31.0.jar:/home/user/.m2/repository/io/opentracing/opentracing-noop/0.31.0/opentracing-noop-0.31.0.jar:/home/user/.m2/repository/org/apache/hadoop/hadoop-hdds-server-framework/0.5.0-SNAPSHOT/hadoop-hdds-server-framework-0.5.0-SNAPSHOT.jar:/home/user/.m2/repository/org/apache/hadoop/hadoop-hdds-container-service/0.5.0-SNAPSHOT/hadoop-hdds-container-service-0.5.0-SNAPSHOT.jar:/home/user/.m2/repository/org/apache/hadoop/hadoop-hdds-client/0.5.0-SNAPSHOT/hadoop-hdds-client-0.5.0-SNAPSHOT.jar:/home/user/.m2/repository/org/apache/hadoop/hadoop-hdds-tools/0.5.0-SNAPSHOT/hadoop-hdds-tools-0.5.0-SNAPSHOT.jar:/home/user/.m2/repository/org/apache/hadoop/hadoop-hdds-server-scm/0.5.0-SNAPSHOT/hadoop-hdds-server-scm-0.5.0-SNAPSHOT.jar:/home/user/.m2/repository/org/apache/hadoop/hadoop-hdds-docs/0.5.0-SNAPSHOT/hadoop-hdds-docs-0.5.0-SNAPSHOT.jar:/home/user/.m2/repository/io/dropwizard/metrics/metrics-core/3.2.4/metrics-core-3.2.4.jar:/home/user/.m2/repository/org/hamcrest/hamcrest-all/1.3/hamcrest-all-1.3.jar:/home/user/.m2/repository/org/bouncycastle/bcprov-jdk15on/1.60/bcprov-jdk15on-1.60.jar:/home/user/.m2/repository/info/picocli/picocli/3.9.6/picocli-3.9.6.jar:/home/user/.m2/repository/com/google/protobuf/protobuf-java/2.5.0/protobuf-java-2.5.0.jar:/home/user/.m2/repository/com/google/guava/guava/11.0.2/guava-11.0.2.jar:/home/user/.m2/repository/org/apache/hadoop/hadoop-ozone-ozone-manager/0.5.0-SNAPSHOT/hadoop-ozone-ozone-manager-0.5.0-SNAPSHOT.jar:/home/user/.m2/repository/org/apache/hadoop/hadoop-minikdc/3.2.0/hadoop-minikdc-3.2.0.jar:/home/user/.m2/repository/commons-io/commons-io/2.5/commons-io-2.5.jar:/home/user/.m2/repository/org/apache/kerby/kerb-simplekdc/1.0.1/kerb-simplekdc-1.0.1.jar:/home/user/.m2/repository/org/apache/kerby/kerb-client/1.0.1/kerb-client-1.0.1.jar:/home/user/.m2/repository/org/apache/kerby/kerby-config/1.0.1/kerby-config-1.0.1.jar:/home/user/.m2/repository/org/apache/kerby/kerb-core/1.0.1/kerb-core-1.0.1.jar:/home/user/.m2/repository/org/apache/kerby/kerby-pkix/1.0.1/kerby-pkix-1.0.1.jar:/home/user/.m2/repository/org/apache/kerby/kerby-asn1/1.0.1/kerby-asn1-1.0.1.jar:/home/user/.m2/repository/org/apache/kerby/kerby-util/1.0.1/kerby-util-1.0.1.jar:/home/user/.m2/repository/org/apache/kerby/kerb-common/1.0.1/kerb-common-1.0.1.jar:/home/user/.m2/repository/org/apache/kerby/kerb-crypto/1.0.1/kerb-crypto-1.0.1.jar:/home/user/.m2/repository/org/apache/kerby/kerb-util/1.0.1/kerb-util-1.0.1.jar:/home/user/.m2/repository/org/apache/kerby/token-provider/1.0.1/token-provider-1.0.1.jar:/home/user/.m2/repository/org/apache/kerby/kerb-admin/1.0.1/kerb-admin-1.0.1.jar:/home/user/.m2/repository/org/apache/kerby/kerb-server/1.0.1/kerb-server-1.0.1.jar:/home/user/.m2/repository/org/apache/kerby/kerb-identity/1.0.1/kerb-identity-1.0.1.jar:/home/user/.m2/repository/org/apache/kerby/kerby-xdr/1.0.1/kerby-xdr-1.0.1.jar:/home/user/.m2/repository/org/slf4j/slf4j-log4j12/1.7.25/slf4j-log4j12-1.7.25.jar:/home/user/.m2/repository/org/apache/hadoop/hadoop-ozone-s3gateway/0.5.0-SNAPSHOT/hadoop-ozone-s3gateway-0.5.0-SNAPSHOT.jar:/home/user/.m2/repository/org/jboss/weld/servlet/weld-servlet/2.4.7.Final/weld-servlet-2.4.7.Final.jar:/home/user/.m2/repository/org/glassfish/jersey/containers/jersey-container-servlet-core/2.27/jersey-container-servlet-core-2.27.jar:/home/user/.m2/repository/org/glassfish/hk2/external/javax.inject/2.5.0-b42/javax.inject-2.5.0-b42.jar:/home/user/.m2/repository/org/glassfish/jersey/core/jersey-common/2.27/jersey-common-2.27.jar:/home/user/.m2/repository/org/glassfish/hk2/osgi-resource-locator/1.0.1/osgi-resource-locator-1.0.1.jar:/home/user/.m2/repository/javax/ws/rs/javax.ws.rs-api/2.1/javax.ws.rs-api-2.1.jar:/home/user/.m2/repository/org/glassfish/jersey/ext/cdi/jersey-cdi1x/2.27/jersey-cdi1x-2.27.jar:/home/user/.m2/repository/org/glassfish/jersey/inject/jersey-hk2/2.27/jersey-hk2-2.27.jar:/home/user/.m2/repository/org/glassfish/hk2/hk2-locator/2.5.0-b42/hk2-locator-2.5.0-b42.jar:/home/user/.m2/repository/org/javassist/javassist/3.22.0-CR2/javassist-3.22.0-CR2.jar:/home/user/.m2/repository/org/glassfish/hk2/hk2-api/2.5.0/hk2-api-2.5.0.jar:/home/user/.m2/repository/org/glassfish/hk2/external/jakarta.inject/2.5.0/jakarta.inject-2.5.0.jar:/home/user/.m2/repository/org/glassfish/hk2/hk2-utils/2.5.0/hk2-utils-2.5.0.jar:/home/user/.m2/repository/jakarta/annotation/jakarta.annotation-api/1.3.4/jakarta.annotation-api-1.3.4.jar:/home/user/.m2/repository/org/glassfish/hk2/external/aopalliance-repackaged/2.5.0/aopalliance-repackaged-2.5.0.jar:/home/user/.m2/repository/com/fasterxml/jackson/dataformat/jackson-dataformat-xml/2.9.0/jackson-dataformat-xml-2.9.0.jar:/home/user/.m2/repository/com/fasterxml/jackson/core/jackson-core/2.9.9/jackson-core-2.9.9.jar:/home/user/.m2/repository/com/fasterxml/jackson/module/jackson-module-jaxb-annotations/2.9.9/jackson-module-jaxb-annotations-2.9.9.jar:/home/user/.m2/repository/javax/enterprise/cdi-api/1.2/cdi-api-1.2.jar:/home/user/.m2/repository/javax/el/javax.el-api/3.0.0/javax.el-api-3.0.0.jar:/home/user/.m2/repository/javax/interceptor/javax.interceptor-api/1.2/javax.interceptor-api-1.2.jar:/home/user/.m2/repository/javax/inject/javax.inject/1/javax.inject-1.jar:/home/user/.m2/repository/com/sun/xml/bind/jaxb-impl/2.3.0.1/jaxb-impl-2.3.0.1.jar:/home/user/.m2/repository/com/sun/xml/bind/jaxb-core/2.3.0.1/jaxb-core-2.3.0.1.jar:/home/user/.m2/repository/javax/xml/bind/jaxb-api/2.3.0/jaxb-api-2.3.0.jar:/home/user/.m2/repository/javax/activation/activation/1.1.1/activation-1.1.1.jar:/home/user/.m2/repository/org/apache/hadoop/hadoop-ozone-csi/0.5.0-SNAPSHOT/hadoop-ozone-csi-0.5.0-SNAPSHOT.jar:/home/user/.m2/repository/com/google/protobuf/protobuf-java-util/3.5.1/protobuf-java-util-3.5.1.jar:/home/user/.m2/repository/org/apache/hadoop/hadoop-hdds-config/0.5.0-SNAPSHOT/hadoop-hdds-config-0.5.0-SNAPSHOT.jar:/home/user/.m2/repository/io/grpc/grpc-netty/1.17.1/grpc-netty-1.17.1.jar:/home/user/.m2/repository/io/grpc/grpc-core/1.17.1/grpc-core-1.17.1.jar:/home/user/.m2/repository/io/grpc/grpc-context/1.17.1/grpc-context-1.17.1.jar:/home/user/.m2/repository/com/google/errorprone/error_prone_annotations/2.2.0/error_prone_annotations-2.2.0.jar:/home/user/.m2/repository/org/codehaus/mojo/animal-sniffer-annotations/1.17/animal-sniffer-annotations-1.17.jar:/home/user/.m2/repository/io/opencensus/opencensus-api/0.17.0/opencensus-api-0.17.0.jar:/home/user/.m2/repository/io/opencensus/opencensus-contrib-grpc-metrics/0.17.0/opencensus-contrib-grpc-metrics-0.17.0.jar:/home/user/.m2/repository/io/netty/netty-codec-http2/4.1.30.Final/netty-codec-http2-4.1.30.Final.jar:/home/user/.m2/repository/io/netty/netty-codec-http/4.1.30.Final/netty-codec-http-4.1.30.Final.jar:/home/user/.m2/repository/io/netty/netty-codec/4.1.30.Final/netty-codec-4.1.30.Final.jar:/home/user/.m2/repository/io/netty/netty-handler/4.1.30.Final/netty-handler-4.1.30.Final.jar:/home/user/.m2/repository/io/netty/netty-handler-proxy/4.1.30.Final/netty-handler-proxy-4.1.30.Final.jar:/home/user/.m2/repository/io/netty/netty-codec-socks/4.1.30.Final/netty-codec-socks-4.1.30.Final.jar:/home/user/.m2/repository/io/netty/netty-transport-native-epoll/4.1.30.Final/netty-transport-native-epoll-4.1.30.Final.jar:/home/user/.m2/repository/io/netty/netty-common/4.1.30.Final/netty-common-4.1.30.Final.jar:/home/user/.m2/repository/io/netty/netty-buffer/4.1.30.Final/netty-buffer-4.1.30.Final.jar:/home/user/.m2/repository/io/netty/netty-transport/4.1.30.Final/netty-transport-4.1.30.Final.jar:/home/user/.m2/repository/io/netty/netty-resolver/4.1.30.Final/netty-resolver-4.1.30.Final.jar:/home/user/.m2/repository/io/netty/netty-transport-native-unix-common/4.1.30.Final/netty-transport-native-unix-common-4.1.30.Final.jar:/home/user/.m2/repository/io/grpc/grpc-protobuf/1.17.1/grpc-protobuf-1.17.1.jar:/home/user/.m2/repository/com/google/api/grpc/proto-google-common-protos/1.0.0/proto-google-common-protos-1.0.0.jar:/home/user/.m2/repository/io/grpc/grpc-protobuf-lite/1.17.1/grpc-protobuf-lite-1.17.1.jar:/home/user/.m2/repository/io/grpc/grpc-stub/1.17.1/grpc-stub-1.17.1.jar:/home/user/.m2/repository/org/apache/hadoop/hadoop-ozone-recon/0.5.0-SNAPSHOT/hadoop-ozone-recon-0.5.0-SNAPSHOT.jar:/home/user/.m2/repository/org/apache/hadoop/hadoop-ozone-reconcodegen/0.5.0-SNAPSHOT/hadoop-ozone-reconcodegen-0.5.0-SNAPSHOT.jar:/home/user/.m2/repository/com/google/inject/extensions/guice-multibindings/4.0/guice-multibindings-4.0.jar:/home/user/.m2/repository/com/google/inject/guice/4.0/guice-4.0.jar:/home/user/.m2/repository/aopalliance/aopalliance/1.0/aopalliance-1.0.jar:/home/user/.m2/repository/com/google/inject/extensions/guice-servlet/4.0/guice-servlet-4.0.jar:/home/user/.m2/repository/org/glassfish/jersey/containers/jersey-container-servlet/2.27/jersey-container-servlet-2.27.jar:/home/user/.m2/repository/org/glassfish/hk2/guice-bridge/2.5.0/guice-bridge-2.5.0.jar:/home/user/.m2/repository/org/glassfish/jersey/core/jersey-server/2.27/jersey-server-2.27.jar:/home/user/.m2/repository/org/glassfish/jersey/core/jersey-client/2.27/jersey-client-2.27.jar:/home/user/.m2/repository/org/glassfish/jersey/media/jersey-media-jaxb/2.27/jersey-media-jaxb-2.27.jar:/home/user/.m2/repository/javax/validation/validation-api/1.1.0.Final/validation-api-1.1.0.Final.jar:/home/user/.m2/repository/org/glassfish/jersey/media/jersey-media-json-jackson/2.27/jersey-media-json-jackson-2.27.jar:/home/user/.m2/repository/org/glassfish/jersey/ext/jersey-entity-filtering/2.27/jersey-entity-filtering-2.27.jar:/home/user/.m2/repository/com/google/inject/extensions/guice-assistedinject/4.0/guice-assistedinject-4.0.jar:/home/user/.m2/repository/org/jooq/jooq/3.11.10/jooq-3.11.10.jar:/home/user/.m2/repository/org/jooq/jooq-meta/3.11.10/jooq-meta-3.11.10.jar:/home/user/.m2/repository/org/jooq/jooq-codegen/3.11.10/jooq-codegen-3.11.10.jar:/home/user/.m2/repository/com/jolbox/bonecp/0.8.0.RELEASE/bonecp-0.8.0.RELEASE.jar:/home/user/.m2/repository/org/xerial/sqlite-jdbc/3.25.2/sqlite-jdbc-3.25.2.jar:/home/user/.m2/repository/org/springframework/spring-jdbc/5.1.3.RELEASE/spring-jdbc-5.1.3.RELEASE.jar:/home/user/.m2/repository/org/springframework/spring-beans/5.1.3.RELEASE/spring-beans-5.1.3.RELEASE.jar:/home/user/.m2/repository/org/springframework/spring-core/5.1.3.RELEASE/spring-core-5.1.3.RELEASE.jar:/home/user/.m2/repository/org/springframework/spring-jcl/5.1.3.RELEASE/spring-jcl-5.1.3.RELEASE.jar:/home/user/.m2/repository/org/springframework/spring-tx/5.1.3.RELEASE/spring-tx-5.1.3.RELEASE.jar:/home/user/.m2/repository/org/apache/hadoop/hadoop-ozone-client/0.5.0-SNAPSHOT/hadoop-ozone-client-0.5.0-SNAPSHOT.jar:/home/user/.m2/repository/commons-lang/commons-lang/2.6/commons-lang-2.6.jar:/home/user/.m2/repository/org/apache/hadoop/hadoop-ozone-ozone-manager/0.5.0-SNAPSHOT/hadoop-ozone-ozone-manager-0.5.0-SNAPSHOT-tests.jar:/home/user/.m2/repository/junit/junit/4.11/junit-4.11.jar:/home/user/.m2/repository/org/hamcrest/hamcrest-core/1.3/hamcrest-core-1.3.jar:/home/user/.m2/repository/org/openjdk/jmh/jmh-core/1.19/jmh-core-1.19.jar:/home/user/.m2/repository/net/sf/jopt-simple/jopt-simple/4.6/jopt-simple-4.6.jar:/home/user/.m2/repository/org/apache/commons/commons-math3/3.1.1/commons-math3-3.1.1.jar:/home/user/.m2/repository/org/openjdk/jmh/jmh-generator-annprocess/1.19/jmh-generator-annprocess-1.19.jar:/home/user/.m2/repository/org/mockito/mockito-all/1.8.5/mockito-all-1.8.5.jar:/home/user/.m2/repository/org/apache/hadoop/hadoop-kms/3.2.0/hadoop-kms-3.2.0.jar:/home/user/.m2/repository/org/apache/hadoop/hadoop-auth/3.2.0/hadoop-auth-3.2.0.jar:/home/user/.m2/repository/com/nimbusds/nimbus-jose-jwt/4.41.1/nimbus-jose-jwt-4.41.1.jar:/home/user/.m2/repository/com/github/stephenc/jcip/jcip-annotations/1.0-1/jcip-annotations-1.0-1.jar:/home/user/.m2/repository/net/minidev/json-smart/2.3/json-smart-2.3.jar:/home/user/.m2/repository/net/minidev/accessors-smart/1.2/accessors-smart-1.2.jar:/home/user/.m2/repository/org/ow2/asm/asm/5.0.4/asm-5.0.4.jar:/home/user/.m2/repository/org/apache/curator/curator-framework/2.12.0/curator-framework-2.12.0.jar:/home/user/.m2/repository/com/sun/jersey/jersey-core/1.19/jersey-core-1.19.jar:/home/user/.m2/repository/javax/ws/rs/jsr311-api/1.1.1/jsr311-api-1.1.1.jar:/home/user/.m2/repository/com/sun/jersey/jersey-server/1.19/jersey-server-1.19.jar:/home/user/.m2/repository/javax/servlet/javax.servlet-api/3.1.0/javax.servlet-api-3.1.0.jar:/home/user/.m2/repository/org/eclipse/jetty/jetty-server/9.3.25.v20180904/jetty-server-9.3.25.v20180904.jar:/home/user/.m2/repository/org/eclipse/jetty/jetty-http/9.3.25.v20180904/jetty-http-9.3.25.v20180904.jar:/home/user/.m2/repository/org/eclipse/jetty/jetty-io/9.3.25.v20180904/jetty-io-9.3.25.v20180904.jar:/home/user/.m2/repository/org/eclipse/jetty/jetty-webapp/9.3.25.v20180904/jetty-webapp-9.3.25.v20180904.jar:/home/user/.m2/repository/org/eclipse/jetty/jetty-xml/9.3.25.v20180904/jetty-xml-9.3.25.v20180904.jar:/home/user/.m2/repository/log4j/log4j/1.2.17/log4j-1.2.17.jar:/home/user/.m2/repository/org/slf4j/slf4j-api/1.7.25/slf4j-api-1.7.25.jar:/home/user/.m2/repository/org/slf4j/jul-to-slf4j/1.7.25/jul-to-slf4j-1.7.25.jar:/home/user/.m2/repository/org/eclipse/jetty/jetty-util/9.3.25.v20180904/jetty-util-9.3.25.v20180904.jar:/home/user/.m2/repository/com/fasterxml/jackson/core/jackson-databind/2.9.9/jackson-databind-2.9.9.jar:/home/user/.m2/repository/org/apache/hadoop/hadoop-kms/3.2.0/hadoop-kms-3.2.0-tests.jar:/home/user/.m2/repository/org/apache/hadoop/hadoop-hdds-server-scm/0.5.0-SNAPSHOT/hadoop-hdds-server-scm-0.5.0-SNAPSHOT-tests.jar:/home/user/.m2/repository/org/apache/hadoop/hadoop-hdds-container-service/0.5.0-SNAPSHOT/hadoop-hdds-container-service-0.5.0-SNAPSHOT-tests.jar:/home/user/.m2/repository/org/yaml/snakeyaml/1.16/snakeyaml-1.16.jar:/home/user/.m2/repository/org/apache/hadoop/hadoop-common/3.2.0/hadoop-common-3.2.0-tests.jar:/home/user/.m2/repository/org/apache/hadoop/hadoop-annotations/3.2.0/hadoop-annotations-3.2.0.jar:/usr/lib/jvm/java-1.8-openjdk/jre/../lib/tools.jar:/home/user/.m2/repository/commons-cli/commons-cli/1.2/commons-cli-1.2.jar:/home/user/.m2/repository/org/apache/httpcomponents/httpclient/4.5.2/httpclient-4.5.2.jar:/home/user/.m2/repository/org/apache/httpcomponents/httpcore/4.4.4/httpcore-4.4.4.jar:/home/user/.m2/repository/commons-codec/commons-codec/1.11/commons-codec-1.11.jar:/home/user/.m2/repository/commons-net/commons-net/3.6/commons-net-3.6.jar:/home/user/.m2/repository/commons-collections/commons-collections/3.2.2/commons-collections-3.2.2.jar:/home/user/.m2/repository/org/eclipse/jetty/jetty-servlet/9.3.25.v20180904/jetty-servlet-9.3.25.v20180904.jar:/home/user/.m2/repository/org/eclipse/jetty/jetty-security/9.3.25.v20180904/jetty-security-9.3.25.v20180904.jar:/home/user/.m2/repository/javax/servlet/jsp/jsp-api/2.1/jsp-api-2.1.jar:/home/user/.m2/repository/com/sun/jersey/jersey-servlet/1.19/jersey-servlet-1.19.jar:/home/user/.m2/repository/com/sun/jersey/jersey-json/1.19/jersey-json-1.19.jar:/home/user/.m2/repository/org/codehaus/jettison/jettison/1.1/jettison-1.1.jar:/home/user/.m2/repository/org/codehaus/jackson/jackson-core-asl/1.9.13/jackson-core-asl-1.9.13.jar:/home/user/.m2/repository/org/codehaus/jackson/jackson-mapper-asl/1.9.13/jackson-mapper-asl-1.9.13.jar:/home/user/.m2/repository/org/codehaus/jackson/jackson-jaxrs/1.9.13/jackson-jaxrs-1.9.13.jar:/home/user/.m2/repository/org/codehaus/jackson/jackson-xc/1.9.13/jackson-xc-1.9.13.jar:/home/user/.m2/repository/commons-logging/commons-logging/1.1.3/commons-logging-1.1.3.jar:/home/user/.m2/repository/commons-beanutils/commons-beanutils/1.9.4/commons-beanutils-1.9.4.jar:/home/user/.m2/repository/org/apache/commons/commons-configuration2/2.1.1/commons-configuration2-2.1.1.jar:/home/user/.m2/repository/org/apache/commons/commons-lang3/3.7/commons-lang3-3.7.jar:/home/user/.m2/repository/org/apache/commons/commons-text/1.4/commons-text-1.4.jar:/home/user/.m2/repository/org/apache/avro/avro/1.7.7/avro-1.7.7.jar:/home/user/.m2/repository/com/thoughtworks/paranamer/paranamer/2.3/paranamer-2.3.jar:/home/user/.m2/repository/org/xerial/snappy/snappy-java/1.0.5/snappy-java-1.0.5.jar:/home/user/.m2/repository/com/google/re2j/re2j/1.1/re2j-1.1.jar:/home/user/.m2/repository/com/google/code/gson/gson/2.2.4/gson-2.2.4.jar:/home/user/.m2/repository/com/jcraft/jsch/0.1.54/jsch-0.1.54.jar:/home/user/.m2/repository/org/apache/curator/curator-client/2.12.0/curator-client-2.12.0.jar:/home/user/.m2/repository/org/apache/curator/curator-recipes/2.12.0/curator-recipes-2.12.0.jar:/home/user/.m2/repository/com/google/code/findbugs/jsr305/3.0.0/jsr305-3.0.0.jar:/home/user/.m2/repository/org/apache/htrace/htrace-core4/4.1.0-incubating/htrace-core4-4.1.0-incubating.jar:/home/user/.m2/repository/org/apache/zookeeper/zookeeper/3.4.13/zookeeper-3.4.13.jar:/home/user/.m2/repository/jline/jline/0.9.94/jline-0.9.94.jar:/home/user/.m2/repository/org/apache/yetus/audience-annotations/0.5.0/audience-annotations-0.5.0.jar:/home/user/.m2/repository/org/codehaus/woodstox/stax2-api/3.1.4/stax2-api-3.1.4.jar:/home/user/.m2/repository/com/fasterxml/woodstox/woodstox-core/5.0.3/woodstox-core-5.0.3.jar:/home/user/.m2/repository/dnsjava/dnsjava/2.1.7/dnsjava-2.1.7.jar:/home/user/.m2/repository/org/apache/hadoop/hadoop-hdfs/3.2.0/hadoop-hdfs-3.2.0-tests.jar:/home/user/.m2/repository/org/eclipse/jetty/jetty-util-ajax/9.3.25.v20180904/jetty-util-ajax-9.3.25.v20180904.jar:/home/user/.m2/repository/commons-daemon/commons-daemon/1.0.13/commons-daemon-1.0.13.jar:/home/user/.m2/repository/io/netty/netty/3.10.5.Final/netty-3.10.5.Final.jar:/home/user/.m2/repository/io/netty/netty-all/4.0.52.Final/netty-all-4.0.52.Final.jar:/home/user/.m2/repository/org/fusesource/leveldbjni/leveldbjni-all/1.8/leveldbjni-all-1.8.jar:"/>
    <property name="java.vm.vendor" value="IcedTea"/>
    <property name="sun.arch.data.model" value="64"/>
    <property name="test.build.dir" value="/workdir/hadoop-ozone/integration-test/target/test-dir"/>
    <property name="test.cache.data" value=""/>
    <property name="java.vendor.url" value="https://icedtea.classpath.org"/>
    <property name="user.timezone" value=""/>
    <property name="java.vm.specification.version" value="1.8"/>
    <property name="os.name" value="Linux"/>
    <property name="test.build.data" value="/workdir/hadoop-ozone/integration-test/target/test-dir"/>
    <property name="user.country" value="US"/>
    <property name="sun.java.launcher" value="SUN_STANDARD"/>
    <property name="sun.boot.library.path" value="/usr/lib/jvm/java-1.8-openjdk/jre/lib/amd64"/>
    <property name="sun.java.command" value="/workdir/hadoop-ozone/integration-test/target/surefire/surefirebooter5983054636181508647.jar /workdir/hadoop-ozone/integration-test/target/surefire 2019-09-28T00-05-52_052-jvmRun1 surefire421043217683407823tmp surefire_586470260041668497660tmp"/>
    <property name="test" value="!TestMiniChaosOzoneCluster"/>
    <property name="surefire.test.class.path" value="/workdir/hadoop-ozone/integration-test/target/test-classes:/workdir/hadoop-ozone/integration-test/target/classes:/home/user/.m2/repository/org/apache/hadoop/hadoop-ozone-common/0.5.0-SNAPSHOT/hadoop-ozone-common-0.5.0-SNAPSHOT.jar:/home/user/.m2/repository/org/apache/commons/commons-compress/1.4.1/commons-compress-1.4.1.jar:/home/user/.m2/repository/org/tukaani/xz/1.0/xz-1.0.jar:/home/user/.m2/repository/org/apache/hadoop/hadoop-common/3.2.0/hadoop-common-3.2.0.jar:/home/user/.m2/repository/org/apache/hadoop/hadoop-hdfs/3.2.0/hadoop-hdfs-3.2.0.jar:/home/user/.m2/repository/org/apache/hadoop/hadoop-hdfs-client/3.2.0/hadoop-hdfs-client-3.2.0.jar:/home/user/.m2/repository/com/fasterxml/jackson/core/jackson-annotations/2.9.9/jackson-annotations-2.9.9.jar:/home/user/.m2/repository/org/apache/hadoop/hadoop-hdds-common/0.5.0-SNAPSHOT/hadoop-hdds-common-0.5.0-SNAPSHOT.jar:/home/user/.m2/repository/javax/annotation/javax.annotation-api/1.2/javax.annotation-api-1.2.jar:/home/user/.m2/repository/org/apache/ratis/ratis-server/0.4.0/ratis-server-0.4.0.jar:/home/user/.m2/repository/org/apache/ratis/ratis-thirdparty-misc/0.2.0/ratis-thirdparty-misc-0.2.0.jar:/home/user/.m2/repository/org/apache/ratis/ratis-proto/0.4.0/ratis-proto-0.4.0.jar:/home/user/.m2/repository/org/apache/ratis/ratis-common/0.4.0/ratis-common-0.4.0.jar:/home/user/.m2/repository/org/apache/ratis/ratis-client/0.4.0/ratis-client-0.4.0.jar:/home/user/.m2/repository/org/apache/ratis/ratis-metrics/0.4.0/ratis-metrics-0.4.0.jar:/home/user/.m2/repository/com/github/joshelser/dropwizard-metrics-hadoop-metrics2-reporter/0.1.2/dropwizard-metrics-hadoop-metrics2-reporter-0.1.2.jar:/home/user/.m2/repository/io/dropwizard/metrics/metrics-jvm/3.2.5/metrics-jvm-3.2.5.jar:/home/user/.m2/repository/io/dropwizard/metrics/metrics-ganglia/3.2.5/metrics-ganglia-3.2.5.jar:/home/user/.m2/repository/info/ganglia/gmetric4j/gmetric4j/1.0.7/gmetric4j-1.0.7.jar:/home/user/.m2/repository/org/apache/ratis/ratis-netty/0.4.0/ratis-netty-0.4.0.jar:/home/user/.m2/repository/org/apache/ratis/ratis-grpc/0.4.0/ratis-grpc-0.4.0.jar:/home/user/.m2/repository/org/rocksdb/rocksdbjni/6.0.1/rocksdbjni-6.0.1.jar:/home/user/.m2/repository/org/apache/logging/log4j/log4j-api/2.11.0/log4j-api-2.11.0.jar:/home/user/.m2/repository/org/apache/logging/log4j/log4j-core/2.11.0/log4j-core-2.11.0.jar:/home/user/.m2/repository/com/lmax/disruptor/3.4.2/disruptor-3.4.2.jar:/home/user/.m2/repository/org/apache/commons/commons-pool2/2.6.0/commons-pool2-2.6.0.jar:/home/user/.m2/repository/org/bouncycastle/bcpkix-jdk15on/1.60/bcpkix-jdk15on-1.60.jar:/home/user/.m2/repository/commons-validator/commons-validator/1.6/commons-validator-1.6.jar:/home/user/.m2/repository/commons-digester/commons-digester/1.8.1/commons-digester-1.8.1.jar:/home/user/.m2/repository/io/jaegertracing/jaeger-client/0.34.0/jaeger-client-0.34.0.jar:/home/user/.m2/repository/io/jaegertracing/jaeger-thrift/0.34.0/jaeger-thrift-0.34.0.jar:/home/user/.m2/repository/org/apache/thrift/libthrift/0.12.0/libthrift-0.12.0.jar:/home/user/.m2/repository/com/squareup/okhttp3/okhttp/3.9.0/okhttp-3.9.0.jar:/home/user/.m2/repository/com/squareup/okio/okio/1.13.0/okio-1.13.0.jar:/home/user/.m2/repository/io/jaegertracing/jaeger-core/0.34.0/jaeger-core-0.34.0.jar:/home/user/.m2/repository/io/jaegertracing/jaeger-tracerresolver/0.34.0/jaeger-tracerresolver-0.34.0.jar:/home/user/.m2/repository/io/opentracing/contrib/opentracing-tracerresolver/0.1.5/opentracing-tracerresolver-0.1.5.jar:/home/user/.m2/repository/io/opentracing/opentracing-util/0.31.0/opentracing-util-0.31.0.jar:/home/user/.m2/repository/io/opentracing/opentracing-api/0.31.0/opentracing-api-0.31.0.jar:/home/user/.m2/repository/io/opentracing/opentracing-noop/0.31.0/opentracing-noop-0.31.0.jar:/home/user/.m2/repository/org/apache/hadoop/hadoop-hdds-server-framework/0.5.0-SNAPSHOT/hadoop-hdds-server-framework-0.5.0-SNAPSHOT.jar:/home/user/.m2/repository/org/apache/hadoop/hadoop-hdds-container-service/0.5.0-SNAPSHOT/hadoop-hdds-container-service-0.5.0-SNAPSHOT.jar:/home/user/.m2/repository/org/apache/hadoop/hadoop-hdds-client/0.5.0-SNAPSHOT/hadoop-hdds-client-0.5.0-SNAPSHOT.jar:/home/user/.m2/repository/org/apache/hadoop/hadoop-hdds-tools/0.5.0-SNAPSHOT/hadoop-hdds-tools-0.5.0-SNAPSHOT.jar:/home/user/.m2/repository/org/apache/hadoop/hadoop-hdds-server-scm/0.5.0-SNAPSHOT/hadoop-hdds-server-scm-0.5.0-SNAPSHOT.jar:/home/user/.m2/repository/org/apache/hadoop/hadoop-hdds-docs/0.5.0-SNAPSHOT/hadoop-hdds-docs-0.5.0-SNAPSHOT.jar:/home/user/.m2/repository/io/dropwizard/metrics/metrics-core/3.2.4/metrics-core-3.2.4.jar:/home/user/.m2/repository/org/hamcrest/hamcrest-all/1.3/hamcrest-all-1.3.jar:/home/user/.m2/repository/org/bouncycastle/bcprov-jdk15on/1.60/bcprov-jdk15on-1.60.jar:/home/user/.m2/repository/info/picocli/picocli/3.9.6/picocli-3.9.6.jar:/home/user/.m2/repository/com/google/protobuf/protobuf-java/2.5.0/protobuf-java-2.5.0.jar:/home/user/.m2/repository/com/google/guava/guava/11.0.2/guava-11.0.2.jar:/home/user/.m2/repository/org/apache/hadoop/hadoop-ozone-ozone-manager/0.5.0-SNAPSHOT/hadoop-ozone-ozone-manager-0.5.0-SNAPSHOT.jar:/home/user/.m2/repository/org/apache/hadoop/hadoop-minikdc/3.2.0/hadoop-minikdc-3.2.0.jar:/home/user/.m2/repository/commons-io/commons-io/2.5/commons-io-2.5.jar:/home/user/.m2/repository/org/apache/kerby/kerb-simplekdc/1.0.1/kerb-simplekdc-1.0.1.jar:/home/user/.m2/repository/org/apache/kerby/kerb-client/1.0.1/kerb-client-1.0.1.jar:/home/user/.m2/repository/org/apache/kerby/kerby-config/1.0.1/kerby-config-1.0.1.jar:/home/user/.m2/repository/org/apache/kerby/kerb-core/1.0.1/kerb-core-1.0.1.jar:/home/user/.m2/repository/org/apache/kerby/kerby-pkix/1.0.1/kerby-pkix-1.0.1.jar:/home/user/.m2/repository/org/apache/kerby/kerby-asn1/1.0.1/kerby-asn1-1.0.1.jar:/home/user/.m2/repository/org/apache/kerby/kerby-util/1.0.1/kerby-util-1.0.1.jar:/home/user/.m2/repository/org/apache/kerby/kerb-common/1.0.1/kerb-common-1.0.1.jar:/home/user/.m2/repository/org/apache/kerby/kerb-crypto/1.0.1/kerb-crypto-1.0.1.jar:/home/user/.m2/repository/org/apache/kerby/kerb-util/1.0.1/kerb-util-1.0.1.jar:/home/user/.m2/repository/org/apache/kerby/token-provider/1.0.1/token-provider-1.0.1.jar:/home/user/.m2/repository/org/apache/kerby/kerb-admin/1.0.1/kerb-admin-1.0.1.jar:/home/user/.m2/repository/org/apache/kerby/kerb-server/1.0.1/kerb-server-1.0.1.jar:/home/user/.m2/repository/org/apache/kerby/kerb-identity/1.0.1/kerb-identity-1.0.1.jar:/home/user/.m2/repository/org/apache/kerby/kerby-xdr/1.0.1/kerby-xdr-1.0.1.jar:/home/user/.m2/repository/org/slf4j/slf4j-log4j12/1.7.25/slf4j-log4j12-1.7.25.jar:/home/user/.m2/repository/org/apache/hadoop/hadoop-ozone-s3gateway/0.5.0-SNAPSHOT/hadoop-ozone-s3gateway-0.5.0-SNAPSHOT.jar:/home/user/.m2/repository/org/jboss/weld/servlet/weld-servlet/2.4.7.Final/weld-servlet-2.4.7.Final.jar:/home/user/.m2/repository/org/glassfish/jersey/containers/jersey-container-servlet-core/2.27/jersey-container-servlet-core-2.27.jar:/home/user/.m2/repository/org/glassfish/hk2/external/javax.inject/2.5.0-b42/javax.inject-2.5.0-b42.jar:/home/user/.m2/repository/org/glassfish/jersey/core/jersey-common/2.27/jersey-common-2.27.jar:/home/user/.m2/repository/org/glassfish/hk2/osgi-resource-locator/1.0.1/osgi-resource-locator-1.0.1.jar:/home/user/.m2/repository/javax/ws/rs/javax.ws.rs-api/2.1/javax.ws.rs-api-2.1.jar:/home/user/.m2/repository/org/glassfish/jersey/ext/cdi/jersey-cdi1x/2.27/jersey-cdi1x-2.27.jar:/home/user/.m2/repository/org/glassfish/jersey/inject/jersey-hk2/2.27/jersey-hk2-2.27.jar:/home/user/.m2/repository/org/glassfish/hk2/hk2-locator/2.5.0-b42/hk2-locator-2.5.0-b42.jar:/home/user/.m2/repository/org/javassist/javassist/3.22.0-CR2/javassist-3.22.0-CR2.jar:/home/user/.m2/repository/org/glassfish/hk2/hk2-api/2.5.0/hk2-api-2.5.0.jar:/home/user/.m2/repository/org/glassfish/hk2/external/jakarta.inject/2.5.0/jakarta.inject-2.5.0.jar:/home/user/.m2/repository/org/glassfish/hk2/hk2-utils/2.5.0/hk2-utils-2.5.0.jar:/home/user/.m2/repository/jakarta/annotation/jakarta.annotation-api/1.3.4/jakarta.annotation-api-1.3.4.jar:/home/user/.m2/repository/org/glassfish/hk2/external/aopalliance-repackaged/2.5.0/aopalliance-repackaged-2.5.0.jar:/home/user/.m2/repository/com/fasterxml/jackson/dataformat/jackson-dataformat-xml/2.9.0/jackson-dataformat-xml-2.9.0.jar:/home/user/.m2/repository/com/fasterxml/jackson/core/jackson-core/2.9.9/jackson-core-2.9.9.jar:/home/user/.m2/repository/com/fasterxml/jackson/module/jackson-module-jaxb-annotations/2.9.9/jackson-module-jaxb-annotations-2.9.9.jar:/home/user/.m2/repository/javax/enterprise/cdi-api/1.2/cdi-api-1.2.jar:/home/user/.m2/repository/javax/el/javax.el-api/3.0.0/javax.el-api-3.0.0.jar:/home/user/.m2/repository/javax/interceptor/javax.interceptor-api/1.2/javax.interceptor-api-1.2.jar:/home/user/.m2/repository/javax/inject/javax.inject/1/javax.inject-1.jar:/home/user/.m2/repository/com/sun/xml/bind/jaxb-impl/2.3.0.1/jaxb-impl-2.3.0.1.jar:/home/user/.m2/repository/com/sun/xml/bind/jaxb-core/2.3.0.1/jaxb-core-2.3.0.1.jar:/home/user/.m2/repository/javax/xml/bind/jaxb-api/2.3.0/jaxb-api-2.3.0.jar:/home/user/.m2/repository/javax/activation/activation/1.1.1/activation-1.1.1.jar:/home/user/.m2/repository/org/apache/hadoop/hadoop-ozone-csi/0.5.0-SNAPSHOT/hadoop-ozone-csi-0.5.0-SNAPSHOT.jar:/home/user/.m2/repository/com/google/protobuf/protobuf-java-util/3.5.1/protobuf-java-util-3.5.1.jar:/home/user/.m2/repository/org/apache/hadoop/hadoop-hdds-config/0.5.0-SNAPSHOT/hadoop-hdds-config-0.5.0-SNAPSHOT.jar:/home/user/.m2/repository/io/grpc/grpc-netty/1.17.1/grpc-netty-1.17.1.jar:/home/user/.m2/repository/io/grpc/grpc-core/1.17.1/grpc-core-1.17.1.jar:/home/user/.m2/repository/io/grpc/grpc-context/1.17.1/grpc-context-1.17.1.jar:/home/user/.m2/repository/com/google/errorprone/error_prone_annotations/2.2.0/error_prone_annotations-2.2.0.jar:/home/user/.m2/repository/org/codehaus/mojo/animal-sniffer-annotations/1.17/animal-sniffer-annotations-1.17.jar:/home/user/.m2/repository/io/opencensus/opencensus-api/0.17.0/opencensus-api-0.17.0.jar:/home/user/.m2/repository/io/opencensus/opencensus-contrib-grpc-metrics/0.17.0/opencensus-contrib-grpc-metrics-0.17.0.jar:/home/user/.m2/repository/io/netty/netty-codec-http2/4.1.30.Final/netty-codec-http2-4.1.30.Final.jar:/home/user/.m2/repository/io/netty/netty-codec-http/4.1.30.Final/netty-codec-http-4.1.30.Final.jar:/home/user/.m2/repository/io/netty/netty-codec/4.1.30.Final/netty-codec-4.1.30.Final.jar:/home/user/.m2/repository/io/netty/netty-handler/4.1.30.Final/netty-handler-4.1.30.Final.jar:/home/user/.m2/repository/io/netty/netty-handler-proxy/4.1.30.Final/netty-handler-proxy-4.1.30.Final.jar:/home/user/.m2/repository/io/netty/netty-codec-socks/4.1.30.Final/netty-codec-socks-4.1.30.Final.jar:/home/user/.m2/repository/io/netty/netty-transport-native-epoll/4.1.30.Final/netty-transport-native-epoll-4.1.30.Final.jar:/home/user/.m2/repository/io/netty/netty-common/4.1.30.Final/netty-common-4.1.30.Final.jar:/home/user/.m2/repository/io/netty/netty-buffer/4.1.30.Final/netty-buffer-4.1.30.Final.jar:/home/user/.m2/repository/io/netty/netty-transport/4.1.30.Final/netty-transport-4.1.30.Final.jar:/home/user/.m2/repository/io/netty/netty-resolver/4.1.30.Final/netty-resolver-4.1.30.Final.jar:/home/user/.m2/repository/io/netty/netty-transport-native-unix-common/4.1.30.Final/netty-transport-native-unix-common-4.1.30.Final.jar:/home/user/.m2/repository/io/grpc/grpc-protobuf/1.17.1/grpc-protobuf-1.17.1.jar:/home/user/.m2/repository/com/google/api/grpc/proto-google-common-protos/1.0.0/proto-google-common-protos-1.0.0.jar:/home/user/.m2/repository/io/grpc/grpc-protobuf-lite/1.17.1/grpc-protobuf-lite-1.17.1.jar:/home/user/.m2/repository/io/grpc/grpc-stub/1.17.1/grpc-stub-1.17.1.jar:/home/user/.m2/repository/org/apache/hadoop/hadoop-ozone-recon/0.5.0-SNAPSHOT/hadoop-ozone-recon-0.5.0-SNAPSHOT.jar:/home/user/.m2/repository/org/apache/hadoop/hadoop-ozone-reconcodegen/0.5.0-SNAPSHOT/hadoop-ozone-reconcodegen-0.5.0-SNAPSHOT.jar:/home/user/.m2/repository/com/google/inject/extensions/guice-multibindings/4.0/guice-multibindings-4.0.jar:/home/user/.m2/repository/com/google/inject/guice/4.0/guice-4.0.jar:/home/user/.m2/repository/aopalliance/aopalliance/1.0/aopalliance-1.0.jar:/home/user/.m2/repository/com/google/inject/extensions/guice-servlet/4.0/guice-servlet-4.0.jar:/home/user/.m2/repository/org/glassfish/jersey/containers/jersey-container-servlet/2.27/jersey-container-servlet-2.27.jar:/home/user/.m2/repository/org/glassfish/hk2/guice-bridge/2.5.0/guice-bridge-2.5.0.jar:/home/user/.m2/repository/org/glassfish/jersey/core/jersey-server/2.27/jersey-server-2.27.jar:/home/user/.m2/repository/org/glassfish/jersey/core/jersey-client/2.27/jersey-client-2.27.jar:/home/user/.m2/repository/org/glassfish/jersey/media/jersey-media-jaxb/2.27/jersey-media-jaxb-2.27.jar:/home/user/.m2/repository/javax/validation/validation-api/1.1.0.Final/validation-api-1.1.0.Final.jar:/home/user/.m2/repository/org/glassfish/jersey/media/jersey-media-json-jackson/2.27/jersey-media-json-jackson-2.27.jar:/home/user/.m2/repository/org/glassfish/jersey/ext/jersey-entity-filtering/2.27/jersey-entity-filtering-2.27.jar:/home/user/.m2/repository/com/google/inject/extensions/guice-assistedinject/4.0/guice-assistedinject-4.0.jar:/home/user/.m2/repository/org/jooq/jooq/3.11.10/jooq-3.11.10.jar:/home/user/.m2/repository/org/jooq/jooq-meta/3.11.10/jooq-meta-3.11.10.jar:/home/user/.m2/repository/org/jooq/jooq-codegen/3.11.10/jooq-codegen-3.11.10.jar:/home/user/.m2/repository/com/jolbox/bonecp/0.8.0.RELEASE/bonecp-0.8.0.RELEASE.jar:/home/user/.m2/repository/org/xerial/sqlite-jdbc/3.25.2/sqlite-jdbc-3.25.2.jar:/home/user/.m2/repository/org/springframework/spring-jdbc/5.1.3.RELEASE/spring-jdbc-5.1.3.RELEASE.jar:/home/user/.m2/repository/org/springframework/spring-beans/5.1.3.RELEASE/spring-beans-5.1.3.RELEASE.jar:/home/user/.m2/repository/org/springframework/spring-core/5.1.3.RELEASE/spring-core-5.1.3.RELEASE.jar:/home/user/.m2/repository/org/springframework/spring-jcl/5.1.3.RELEASE/spring-jcl-5.1.3.RELEASE.jar:/home/user/.m2/repository/org/springframework/spring-tx/5.1.3.RELEASE/spring-tx-5.1.3.RELEASE.jar:/home/user/.m2/repository/org/apache/hadoop/hadoop-ozone-client/0.5.0-SNAPSHOT/hadoop-ozone-client-0.5.0-SNAPSHOT.jar:/home/user/.m2/repository/commons-lang/commons-lang/2.6/commons-lang-2.6.jar:/home/user/.m2/repository/org/apache/hadoop/hadoop-ozone-ozone-manager/0.5.0-SNAPSHOT/hadoop-ozone-ozone-manager-0.5.0-SNAPSHOT-tests.jar:/home/user/.m2/repository/junit/junit/4.11/junit-4.11.jar:/home/user/.m2/repository/org/hamcrest/hamcrest-core/1.3/hamcrest-core-1.3.jar:/home/user/.m2/repository/org/openjdk/jmh/jmh-core/1.19/jmh-core-1.19.jar:/home/user/.m2/repository/net/sf/jopt-simple/jopt-simple/4.6/jopt-simple-4.6.jar:/home/user/.m2/repository/org/apache/commons/commons-math3/3.1.1/commons-math3-3.1.1.jar:/home/user/.m2/repository/org/openjdk/jmh/jmh-generator-annprocess/1.19/jmh-generator-annprocess-1.19.jar:/home/user/.m2/repository/org/mockito/mockito-all/1.8.5/mockito-all-1.8.5.jar:/home/user/.m2/repository/org/apache/hadoop/hadoop-kms/3.2.0/hadoop-kms-3.2.0.jar:/home/user/.m2/repository/org/apache/hadoop/hadoop-auth/3.2.0/hadoop-auth-3.2.0.jar:/home/user/.m2/repository/com/nimbusds/nimbus-jose-jwt/4.41.1/nimbus-jose-jwt-4.41.1.jar:/home/user/.m2/repository/com/github/stephenc/jcip/jcip-annotations/1.0-1/jcip-annotations-1.0-1.jar:/home/user/.m2/repository/net/minidev/json-smart/2.3/json-smart-2.3.jar:/home/user/.m2/repository/net/minidev/accessors-smart/1.2/accessors-smart-1.2.jar:/home/user/.m2/repository/org/ow2/asm/asm/5.0.4/asm-5.0.4.jar:/home/user/.m2/repository/org/apache/curator/curator-framework/2.12.0/curator-framework-2.12.0.jar:/home/user/.m2/repository/com/sun/jersey/jersey-core/1.19/jersey-core-1.19.jar:/home/user/.m2/repository/javax/ws/rs/jsr311-api/1.1.1/jsr311-api-1.1.1.jar:/home/user/.m2/repository/com/sun/jersey/jersey-server/1.19/jersey-server-1.19.jar:/home/user/.m2/repository/javax/servlet/javax.servlet-api/3.1.0/javax.servlet-api-3.1.0.jar:/home/user/.m2/repository/org/eclipse/jetty/jetty-server/9.3.25.v20180904/jetty-server-9.3.25.v20180904.jar:/home/user/.m2/repository/org/eclipse/jetty/jetty-http/9.3.25.v20180904/jetty-http-9.3.25.v20180904.jar:/home/user/.m2/repository/org/eclipse/jetty/jetty-io/9.3.25.v20180904/jetty-io-9.3.25.v20180904.jar:/home/user/.m2/repository/org/eclipse/jetty/jetty-webapp/9.3.25.v20180904/jetty-webapp-9.3.25.v20180904.jar:/home/user/.m2/repository/org/eclipse/jetty/jetty-xml/9.3.25.v20180904/jetty-xml-9.3.25.v20180904.jar:/home/user/.m2/repository/log4j/log4j/1.2.17/log4j-1.2.17.jar:/home/user/.m2/repository/org/slf4j/slf4j-api/1.7.25/slf4j-api-1.7.25.jar:/home/user/.m2/repository/org/slf4j/jul-to-slf4j/1.7.25/jul-to-slf4j-1.7.25.jar:/home/user/.m2/repository/org/eclipse/jetty/jetty-util/9.3.25.v20180904/jetty-util-9.3.25.v20180904.jar:/home/user/.m2/repository/com/fasterxml/jackson/core/jackson-databind/2.9.9/jackson-databind-2.9.9.jar:/home/user/.m2/repository/org/apache/hadoop/hadoop-kms/3.2.0/hadoop-kms-3.2.0-tests.jar:/home/user/.m2/repository/org/apache/hadoop/hadoop-hdds-server-scm/0.5.0-SNAPSHOT/hadoop-hdds-server-scm-0.5.0-SNAPSHOT-tests.jar:/home/user/.m2/repository/org/apache/hadoop/hadoop-hdds-container-service/0.5.0-SNAPSHOT/hadoop-hdds-container-service-0.5.0-SNAPSHOT-tests.jar:/home/user/.m2/repository/org/yaml/snakeyaml/1.16/snakeyaml-1.16.jar:/home/user/.m2/repository/org/apache/hadoop/hadoop-common/3.2.0/hadoop-common-3.2.0-tests.jar:/home/user/.m2/repository/org/apache/hadoop/hadoop-annotations/3.2.0/hadoop-annotations-3.2.0.jar:/usr/lib/jvm/java-1.8-openjdk/jre/../lib/tools.jar:/home/user/.m2/repository/commons-cli/commons-cli/1.2/commons-cli-1.2.jar:/home/user/.m2/repository/org/apache/httpcomponents/httpclient/4.5.2/httpclient-4.5.2.jar:/home/user/.m2/repository/org/apache/httpcomponents/httpcore/4.4.4/httpcore-4.4.4.jar:/home/user/.m2/repository/commons-codec/commons-codec/1.11/commons-codec-1.11.jar:/home/user/.m2/repository/commons-net/commons-net/3.6/commons-net-3.6.jar:/home/user/.m2/repository/commons-collections/commons-collections/3.2.2/commons-collections-3.2.2.jar:/home/user/.m2/repository/org/eclipse/jetty/jetty-servlet/9.3.25.v20180904/jetty-servlet-9.3.25.v20180904.jar:/home/user/.m2/repository/org/eclipse/jetty/jetty-security/9.3.25.v20180904/jetty-security-9.3.25.v20180904.jar:/home/user/.m2/repository/javax/servlet/jsp/jsp-api/2.1/jsp-api-2.1.jar:/home/user/.m2/repository/com/sun/jersey/jersey-servlet/1.19/jersey-servlet-1.19.jar:/home/user/.m2/repository/com/sun/jersey/jersey-json/1.19/jersey-json-1.19.jar:/home/user/.m2/repository/org/codehaus/jettison/jettison/1.1/jettison-1.1.jar:/home/user/.m2/repository/org/codehaus/jackson/jackson-core-asl/1.9.13/jackson-core-asl-1.9.13.jar:/home/user/.m2/repository/org/codehaus/jackson/jackson-mapper-asl/1.9.13/jackson-mapper-asl-1.9.13.jar:/home/user/.m2/repository/org/codehaus/jackson/jackson-jaxrs/1.9.13/jackson-jaxrs-1.9.13.jar:/home/user/.m2/repository/org/codehaus/jackson/jackson-xc/1.9.13/jackson-xc-1.9.13.jar:/home/user/.m2/repository/commons-logging/commons-logging/1.1.3/commons-logging-1.1.3.jar:/home/user/.m2/repository/commons-beanutils/commons-beanutils/1.9.4/commons-beanutils-1.9.4.jar:/home/user/.m2/repository/org/apache/commons/commons-configuration2/2.1.1/commons-configuration2-2.1.1.jar:/home/user/.m2/repository/org/apache/commons/commons-lang3/3.7/commons-lang3-3.7.jar:/home/user/.m2/repository/org/apache/commons/commons-text/1.4/commons-text-1.4.jar:/home/user/.m2/repository/org/apache/avro/avro/1.7.7/avro-1.7.7.jar:/home/user/.m2/repository/com/thoughtworks/paranamer/paranamer/2.3/paranamer-2.3.jar:/home/user/.m2/repository/org/xerial/snappy/snappy-java/1.0.5/snappy-java-1.0.5.jar:/home/user/.m2/repository/com/google/re2j/re2j/1.1/re2j-1.1.jar:/home/user/.m2/repository/com/google/code/gson/gson/2.2.4/gson-2.2.4.jar:/home/user/.m2/repository/com/jcraft/jsch/0.1.54/jsch-0.1.54.jar:/home/user/.m2/repository/org/apache/curator/curator-client/2.12.0/curator-client-2.12.0.jar:/home/user/.m2/repository/org/apache/curator/curator-recipes/2.12.0/curator-recipes-2.12.0.jar:/home/user/.m2/repository/com/google/code/findbugs/jsr305/3.0.0/jsr305-3.0.0.jar:/home/user/.m2/repository/org/apache/htrace/htrace-core4/4.1.0-incubating/htrace-core4-4.1.0-incubating.jar:/home/user/.m2/repository/org/apache/zookeeper/zookeeper/3.4.13/zookeeper-3.4.13.jar:/home/user/.m2/repository/jline/jline/0.9.94/jline-0.9.94.jar:/home/user/.m2/repository/org/apache/yetus/audience-annotations/0.5.0/audience-annotations-0.5.0.jar:/home/user/.m2/repository/org/codehaus/woodstox/stax2-api/3.1.4/stax2-api-3.1.4.jar:/home/user/.m2/repository/com/fasterxml/woodstox/woodstox-core/5.0.3/woodstox-core-5.0.3.jar:/home/user/.m2/repository/dnsjava/dnsjava/2.1.7/dnsjava-2.1.7.jar:/home/user/.m2/repository/org/apache/hadoop/hadoop-hdfs/3.2.0/hadoop-hdfs-3.2.0-tests.jar:/home/user/.m2/repository/org/eclipse/jetty/jetty-util-ajax/9.3.25.v20180904/jetty-util-ajax-9.3.25.v20180904.jar:/home/user/.m2/repository/commons-daemon/commons-daemon/1.0.13/commons-daemon-1.0.13.jar:/home/user/.m2/repository/io/netty/netty/3.10.5.Final/netty-3.10.5.Final.jar:/home/user/.m2/repository/io/netty/netty-all/4.0.52.Final/netty-all-4.0.52.Final.jar:/home/user/.m2/repository/org/fusesource/leveldbjni/leveldbjni-all/1.8/leveldbjni-all-1.8.jar:"/>
    <property name="sun.cpu.endian" value="little"/>
    <property name="user.home" value="/home/user"/>
    <property name="user.language" value="en"/>
    <property name="java.specification.vendor" value="Oracle Corporation"/>
    <property name="java.home" value="/usr/lib/jvm/java-1.8-openjdk/jre"/>
    <property name="java.security.krb5.conf" value="/workdir/hadoop-ozone/integration-test/target/test-classes/krb5.conf"/>
    <property name="basedir" value="/workdir/hadoop-ozone/integration-test"/>
    <property name="file.separator" value="/"/>
    <property name="line.separator" value="&#10;"/>
    <property name="java.vm.specification.vendor" value="Oracle Corporation"/>
    <property name="java.specification.name" value="Java Platform API Specification"/>
    <property name="java.awt.graphicsenv" value="sun.awt.X11GraphicsEnvironment"/>
    <property name="surefire.real.class.path" value="/workdir/hadoop-ozone/integration-test/target/surefire/surefirebooter5983054636181508647.jar"/>
    <property name="hadoop.log.dir" value="/workdir/hadoop-ozone/integration-test/target/log"/>
    <property name="sun.boot.class.path" value="/usr/lib/jvm/java-1.8-openjdk/jre/lib/resources.jar:/usr/lib/jvm/java-1.8-openjdk/jre/lib/rt.jar:/usr/lib/jvm/java-1.8-openjdk/jre/lib/sunrsasign.jar:/usr/lib/jvm/java-1.8-openjdk/jre/lib/jsse.jar:/usr/lib/jvm/java-1.8-openjdk/jre/lib/jce.jar:/usr/lib/jvm/java-1.8-openjdk/jre/lib/charsets.jar:/usr/lib/jvm/java-1.8-openjdk/jre/lib/jfr.jar:/usr/lib/jvm/java-1.8-openjdk/jre/classes"/>
    <property name="sun.management.compiler" value="HotSpot 64-Bit Tiered Compilers"/>
    <property name="java.runtime.version" value="1.8.0_212-b04"/>
    <property name="java.net.preferIPv4Stack" value="true"/>
    <property name="user.name" value="jenkins1000"/>
    <property name="path.separator" value=":"/>
    <property name="java.security.egd" value="file:///dev/urandom"/>
    <property name="os.version" value="3.10.0-957.12.2.el7.x86_64"/>
    <property name="java.endorsed.dirs" value="/usr/lib/jvm/java-1.8-openjdk/jre/lib/endorsed"/>
    <property name="java.runtime.name" value="OpenJDK Runtime Environment"/>
    <property name="file.encoding" value="UTF-8"/>
    <property name="java.vm.name" value="OpenJDK 64-Bit Server VM"/>
    <property name="test.build.webapps" value=""/>
    <property name="localRepository" value="/home/user/.m2/repository"/>
    <property name="java.vendor.url.bug" value="https://icedtea.classpath.org/bugzilla"/>
    <property name="java.io.tmpdir" value="/tmp"/>
    <property name="require.test.libhadoop" value=""/>
    <property name="java.version" value="1.8.0_212"/>
    <property name="user.dir" value="/workdir/hadoop-ozone/integration-test"/>
    <property name="os.arch" value="amd64"/>
    <property name="java.vm.specification.name" value="Java Virtual Machine Specification"/>
    <property name="test.build.classes" value="/workdir/hadoop-ozone/integration-test/target/test-classes"/>
    <property name="java.awt.printerjob" value="sun.print.PSPrinterJob"/>
    <property name="sun.os.patch.level" value="unknown"/>
    <property name="hadoop.tmp.dir" value="/workdir/hadoop-ozone/integration-test/target/tmp"/>
    <property name="java.library.path" value="/usr/lib/jvm/java-1.8-openjdk/jre/lib/amd64/server:/usr/lib/jvm/java-1.8-openjdk/jre/lib/amd64:/usr/lib/jvm/java-1.8-openjdk/jre/../lib/amd64:/workdir/hadoop-ozone/integration-test/target/native/target/usr/local/lib:/workdir/hadoop-ozone/integration-test/../../hadoop-common-project/hadoop-common/target/native/target/usr/local/lib:/usr/java/packages/lib/amd64:/usr/lib64:/lib64:/lib:/usr/lib"/>
    <property name="java.vm.info" value="mixed mode"/>
    <property name="java.vendor" value="IcedTea"/>
    <property name="java.vm.version" value="25.212-b04"/>
    <property name="java.ext.dirs" value="/usr/lib/jvm/java-1.8-openjdk/jre/lib/ext:/usr/java/packages/lib/ext"/>
    <property name="sun.io.unicode.encoding" value="UnicodeLittle"/>
    <property name="java.class.version" value="52.0"/>
  </properties>
  <testcase name="testPipelineExclusionWithPipelineFailure" classname="org.apache.hadoop.ozone.client.rpc.TestFailureHandlingByClient" time="148.148">
    <error message="Connection refused" type="java.net.ConnectException"><![CDATA[java.net.ConnectException: Connection refused
	at sun.nio.ch.SocketChannelImpl.checkConnect(Native Method)
	at sun.nio.ch.SocketChannelImpl.finishConnect(SocketChannelImpl.java:717)
	at org.apache.hadoop.net.SocketIOWithTimeout.connect(SocketIOWithTimeout.java:206)
	at org.apache.hadoop.net.NetUtils.connect(NetUtils.java:531)
	at org.apache.hadoop.ipc.Client$Connection.setupConnection(Client.java:690)
	at org.apache.hadoop.ipc.Client$Connection.setupIOstreams(Client.java:794)
	at org.apache.hadoop.ipc.Client$Connection.access$3700(Client.java:411)
	at org.apache.hadoop.ipc.Client.getConnection(Client.java:1572)
	at org.apache.hadoop.ipc.Client.call(Client.java:1403)
	at org.apache.hadoop.ipc.Client.call(Client.java:1367)
	at org.apache.hadoop.ipc.ProtobufRpcEngine$Invoker.invoke(ProtobufRpcEngine.java:228)
	at org.apache.hadoop.ipc.ProtobufRpcEngine$Invoker.invoke(ProtobufRpcEngine.java:116)
	at com.sun.proxy.$Proxy35.submitRequest(Unknown Source)
	at sun.reflect.NativeMethodAccessorImpl.invoke0(Native Method)
	at sun.reflect.NativeMethodAccessorImpl.invoke(NativeMethodAccessorImpl.java:62)
	at sun.reflect.DelegatingMethodAccessorImpl.invoke(DelegatingMethodAccessorImpl.java:43)
	at java.lang.reflect.Method.invoke(Method.java:498)
	at org.apache.hadoop.io.retry.RetryInvocationHandler.invokeMethod(RetryInvocationHandler.java:422)
	at org.apache.hadoop.io.retry.RetryInvocationHandler$Call.invokeMethod(RetryInvocationHandler.java:165)
	at org.apache.hadoop.io.retry.RetryInvocationHandler$Call.invoke(RetryInvocationHandler.java:157)
	at org.apache.hadoop.io.retry.RetryInvocationHandler$Call.invokeOnce(RetryInvocationHandler.java:95)
	at org.apache.hadoop.io.retry.RetryInvocationHandler.invoke(RetryInvocationHandler.java:359)
	at com.sun.proxy.$Proxy35.submitRequest(Unknown Source)
	at org.apache.hadoop.ozone.om.protocolPB.OzoneManagerProtocolClientSideTranslatorPB.submitRequest(OzoneManagerProtocolClientSideTranslatorPB.java:338)
	at org.apache.hadoop.ozone.om.protocolPB.OzoneManagerProtocolClientSideTranslatorPB.getServiceInfo(OzoneManagerProtocolClientSideTranslatorPB.java:1223)
	at sun.reflect.NativeMethodAccessorImpl.invoke0(Native Method)
	at sun.reflect.NativeMethodAccessorImpl.invoke(NativeMethodAccessorImpl.java:62)
	at sun.reflect.DelegatingMethodAccessorImpl.invoke(DelegatingMethodAccessorImpl.java:43)
	at java.lang.reflect.Method.invoke(Method.java:498)
	at org.apache.hadoop.hdds.tracing.TraceAllMethod.invoke(TraceAllMethod.java:66)
	at com.sun.proxy.$Proxy36.getServiceInfo(Unknown Source)
	at org.apache.hadoop.ozone.client.rpc.RpcClient.<init>(RpcClient.java:154)
	at org.apache.hadoop.ozone.client.OzoneClientFactory.getClientProtocol(OzoneClientFactory.java:256)
	at org.apache.hadoop.ozone.client.OzoneClientFactory.getClientProtocol(OzoneClientFactory.java:239)
	at org.apache.hadoop.ozone.client.OzoneClientFactory.getClient(OzoneClientFactory.java:75)
	at org.apache.hadoop.ozone.client.rpc.TestFailureHandlingByClient.init(TestFailureHandlingByClient.java:111)
	at org.apache.hadoop.ozone.client.rpc.TestFailureHandlingByClient.startCluster(TestFailureHandlingByClient.java:121)
	at org.apache.hadoop.ozone.client.rpc.TestFailureHandlingByClient.testPipelineExclusionWithPipelineFailure(TestFailureHandlingByClient.java:345)
	at sun.reflect.NativeMethodAccessorImpl.invoke0(Native Method)
	at sun.reflect.NativeMethodAccessorImpl.invoke(NativeMethodAccessorImpl.java:62)
	at sun.reflect.DelegatingMethodAccessorImpl.invoke(DelegatingMethodAccessorImpl.java:43)
	at java.lang.reflect.Method.invoke(Method.java:498)
	at org.junit.runners.model.FrameworkMethod$1.runReflectiveCall(FrameworkMethod.java:47)
	at org.junit.internal.runners.model.ReflectiveCallable.run(ReflectiveCallable.java:12)
	at org.junit.runners.model.FrameworkMethod.invokeExplosively(FrameworkMethod.java:44)
	at org.junit.internal.runners.statements.InvokeMethod.evaluate(InvokeMethod.java:17)
	at org.junit.internal.runners.statements.RunAfters.evaluate(RunAfters.java:27)
	at org.junit.runners.ParentRunner.runLeaf(ParentRunner.java:271)
	at org.junit.runners.BlockJUnit4ClassRunner.runChild(BlockJUnit4ClassRunner.java:70)
	at org.junit.runners.BlockJUnit4ClassRunner.runChild(BlockJUnit4ClassRunner.java:50)
	at org.junit.runners.ParentRunner$3.run(ParentRunner.java:238)
	at org.junit.runners.ParentRunner$1.schedule(ParentRunner.java:63)
	at org.junit.runners.ParentRunner.runChildren(ParentRunner.java:236)
	at org.junit.runners.ParentRunner.access$000(ParentRunner.java:53)
	at org.junit.runners.ParentRunner$2.evaluate(ParentRunner.java:229)
	at org.junit.runners.ParentRunner.run(ParentRunner.java:309)
	at org.apache.maven.surefire.junit4.JUnit4Provider.execute(JUnit4Provider.java:365)
	at org.apache.maven.surefire.junit4.JUnit4Provider.executeWithRerun(JUnit4Provider.java:273)
	at org.apache.maven.surefire.junit4.JUnit4Provider.executeTestSet(JUnit4Provider.java:238)
	at org.apache.maven.surefire.junit4.JUnit4Provider.invoke(JUnit4Provider.java:159)
	at org.apache.maven.surefire.booter.ForkedBooter.invokeProviderInSameClassLoader(ForkedBooter.java:384)
	at org.apache.maven.surefire.booter.ForkedBooter.runSuitesInProcess(ForkedBooter.java:345)
	at org.apache.maven.surefire.booter.ForkedBooter.execute(ForkedBooter.java:126)
	at org.apache.maven.surefire.booter.ForkedBooter.main(ForkedBooter.java:418)
]]></error>
    <system-out><![CDATA[2019-09-28 01:12:52,671 [main] WARN  server.ServerUtils (ServerUtils.java:getScmDbDir(145)) - ozone.scm.db.dirs is not configured. We recommend adding this setting. Falling back to ozone.metadata.dirs instead.
2019-09-28 01:12:52,774 [main] WARN  server.ServerUtils (ServerUtils.java:getScmDbDir(145)) - ozone.scm.db.dirs is not configured. We recommend adding this setting. Falling back to ozone.metadata.dirs instead.
2019-09-28 01:12:52,777 [main] WARN  server.ServerUtils (ServerUtils.java:getScmDbDir(145)) - ozone.scm.db.dirs is not configured. We recommend adding this setting. Falling back to ozone.metadata.dirs instead.
2019-09-28 01:12:52,796 [main] INFO  util.log (Log.java:initialized(192)) - Logging initialized @979ms
2019-09-28 01:12:52,930 [main] INFO  db.DBStoreBuilder (DBStoreBuilder.java:addTable(110)) - using custom profile for table: deletedBlocks
2019-09-28 01:12:52,931 [main] INFO  db.DBStoreBuilder (DBStoreBuilder.java:processTables(161)) - Using default column profile:DBProfile.DISK for Table:deletedBlocks
2019-09-28 01:12:52,932 [main] INFO  db.DBStoreBuilder (DBStoreBuilder.java:addTable(110)) - using custom profile for table: validCerts
2019-09-28 01:12:52,932 [main] INFO  db.DBStoreBuilder (DBStoreBuilder.java:processTables(161)) - Using default column profile:DBProfile.DISK for Table:validCerts
2019-09-28 01:12:52,933 [main] INFO  db.DBStoreBuilder (DBStoreBuilder.java:addTable(110)) - using custom profile for table: revokedCerts
2019-09-28 01:12:52,933 [main] INFO  db.DBStoreBuilder (DBStoreBuilder.java:processTables(161)) - Using default column profile:DBProfile.DISK for Table:revokedCerts
2019-09-28 01:12:52,948 [main] INFO  db.DBStoreBuilder (DBStoreBuilder.java:addTable(110)) - using custom profile for table: default
2019-09-28 01:12:52,948 [main] INFO  db.DBStoreBuilder (DBStoreBuilder.java:processTables(167)) - Using default column profile:DBProfile.DISK for Table:default
2019-09-28 01:12:52,949 [main] INFO  db.DBStoreBuilder (DBStoreBuilder.java:getDbProfile(198)) - Using default options. DBProfile.DISK
2019-09-28 01:12:53,248 [main] INFO  net.NodeSchemaLoader (NodeSchemaLoader.java:loadSchemaFromFile(125)) - Loading file from sun.misc.CompoundEnumeration@515c6049
2019-09-28 01:12:53,250 [main] INFO  net.NodeSchemaLoader (NodeSchemaLoader.java:loadSchema(171)) - Loading network topology layer schema file
2019-09-28 01:12:53,324 [main] INFO  node.SCMNodeManager (SCMNodeManager.java:<init>(114)) - Entering startup safe mode.
2019-09-28 01:12:53,403 [main] INFO  Configuration.deprecation (Configuration.java:logDeprecation(1394)) - hadoop.configured.node.mapping is deprecated. Instead, use net.topology.configured.node.mapping
2019-09-28 01:12:53,408 [main] INFO  algorithms.ContainerPlacementPolicyFactory (ContainerPlacementPolicyFactory.java:getPolicy(57)) - Create container placement policy of type org.apache.hadoop.hdds.scm.container.placement.algorithms.SCMContainerPlacementRandom
2019-09-28 01:12:53,429 [main] WARN  server.ServerUtils (ServerUtils.java:getScmDbDir(145)) - ozone.scm.db.dirs is not configured. We recommend adding this setting. Falling back to ozone.metadata.dirs instead.
2019-09-28 01:12:53,540 [main] INFO  pipeline.SCMPipelineManager (SCMPipelineManager.java:initializePipelineState(132)) - No pipeline exists in current db
2019-09-28 01:12:53,544 [main] WARN  server.ServerUtils (ServerUtils.java:getScmDbDir(145)) - ozone.scm.db.dirs is not configured. We recommend adding this setting. Falling back to ozone.metadata.dirs instead.
2019-09-28 01:12:53,712 [main] WARN  events.EventQueue (EventQueue.java:fireEvent(183)) - No event handler registered for event TypedEvent{payloadType=SafeModeStatus, name='SafeModeStatus'}
2019-09-28 01:12:54,120 [main] INFO  ipc.CallQueueManager (CallQueueManager.java:<init>(84)) - Using callQueue: class java.util.concurrent.LinkedBlockingQueue, queueCapacity: 2000, scheduler: class org.apache.hadoop.ipc.DefaultRpcScheduler, ipcBackoff: false.
2019-09-28 01:12:54,148 [Socket Reader #1 for port 33418] INFO  ipc.Server (Server.java:run(1074)) - Starting Socket Reader #1 for port 33418
2019-09-28 01:12:54,320 [main] INFO  ipc.CallQueueManager (CallQueueManager.java:<init>(84)) - Using callQueue: class java.util.concurrent.LinkedBlockingQueue, queueCapacity: 2000, scheduler: class org.apache.hadoop.ipc.DefaultRpcScheduler, ipcBackoff: false.
2019-09-28 01:12:54,321 [Socket Reader #1 for port 41416] INFO  ipc.Server (Server.java:run(1074)) - Starting Socket Reader #1 for port 41416
2019-09-28 01:12:54,334 [main] INFO  ipc.CallQueueManager (CallQueueManager.java:<init>(84)) - Using callQueue: class java.util.concurrent.LinkedBlockingQueue, queueCapacity: 2000, scheduler: class org.apache.hadoop.ipc.DefaultRpcScheduler, ipcBackoff: false.
2019-09-28 01:12:54,335 [Socket Reader #1 for port 45846] INFO  ipc.Server (Server.java:run(1074)) - Starting Socket Reader #1 for port 45846
2019-09-28 01:12:54,363 [main] INFO  hdfs.DFSUtil (DFSUtil.java:httpServerTemplateForNNAndJN(1641)) - Starting Web-server for scm at: http://0.0.0.0:0
2019-09-28 01:12:54,555 [main] INFO  server.AuthenticationFilter (AuthenticationFilter.java:constructSecretProvider(240)) - Unable to initialize FileSignerSecretProvider, falling back to use random secrets.
2019-09-28 01:12:54,563 [main] WARN  http.HttpRequestLog (HttpRequestLog.java:getRequestLog(97)) - Jetty request log can only be enabled using Log4j
2019-09-28 01:12:54,571 [main] INFO  http.HttpServer2 (HttpServer2.java:addGlobalFilter(975)) - Added global filter 'safety' (class=org.apache.hadoop.http.HttpServer2$QuotingInputFilter)
2019-09-28 01:12:54,574 [main] INFO  http.HttpServer2 (HttpServer2.java:addFilter(948)) - Added filter static_user_filter (class=org.apache.hadoop.http.lib.StaticUserWebFilter$StaticUserFilter) to context scm
2019-09-28 01:12:54,574 [main] INFO  http.HttpServer2 (HttpServer2.java:addFilter(958)) - Added filter static_user_filter (class=org.apache.hadoop.http.lib.StaticUserWebFilter$StaticUserFilter) to context logs
2019-09-28 01:12:54,575 [main] INFO  http.HttpServer2 (HttpServer2.java:addFilter(958)) - Added filter static_user_filter (class=org.apache.hadoop.http.lib.StaticUserWebFilter$StaticUserFilter) to context static
2019-09-28 01:12:54,609 [main] INFO  server.StorageContainerManager (StorageContainerManager.java:start(770)) - StorageContainerLocationProtocol RPC server is listening at /0.0.0.0:45846
2019-09-28 01:12:54,687 [main] WARN  impl.MetricsConfig (MetricsConfig.java:loadFirst(134)) - Cannot locate configuration: tried hadoop-metrics2-storagecontainermanager.properties,hadoop-metrics2.properties
2019-09-28 01:12:54,708 [main] INFO  impl.MetricsSystemImpl (MetricsSystemImpl.java:startTimer(374)) - Scheduled Metric snapshot period at 10 second(s).
2019-09-28 01:12:54,708 [main] INFO  impl.MetricsSystemImpl (MetricsSystemImpl.java:start(191)) - StorageContainerManager metrics system started
2019-09-28 01:12:54,957 [main] INFO  server.SCMClientProtocolServer (SCMClientProtocolServer.java:start(150)) - RPC server for Client  is listening at /0.0.0.0:45846
2019-09-28 01:12:54,958 [IPC Server Responder] INFO  ipc.Server (Server.java:run(1314)) - IPC Server Responder: starting
2019-09-28 01:12:54,958 [IPC Server listener on 45846] INFO  ipc.Server (Server.java:run(1153)) - IPC Server listener on 45846: starting
2019-09-28 01:12:54,961 [main] INFO  server.StorageContainerManager (StorageContainerManager.java:start(780)) - ScmBlockLocationProtocol RPC server is listening at /0.0.0.0:41416
2019-09-28 01:12:54,963 [main] INFO  server.SCMBlockProtocolServer (SCMBlockProtocolServer.java:start(146)) - RPC server for Block Protocol is listening at /0.0.0.0:41416
2019-09-28 01:12:54,963 [IPC Server Responder] INFO  ipc.Server (Server.java:run(1314)) - IPC Server Responder: starting
2019-09-28 01:12:54,963 [IPC Server listener on 41416] INFO  ipc.Server (Server.java:run(1153)) - IPC Server listener on 41416: starting
2019-09-28 01:12:54,966 [main] INFO  server.StorageContainerManager (StorageContainerManager.java:start(784)) - ScmDatanodeProtocl RPC server is listening at /0.0.0.0:33418
2019-09-28 01:12:54,966 [main] INFO  server.SCMDatanodeProtocolServer (SCMDatanodeProtocolServer.java:start(191)) - RPC server for DataNodes is listening at /0.0.0.0:33418
2019-09-28 01:12:54,967 [IPC Server Responder] INFO  ipc.Server (Server.java:run(1314)) - IPC Server Responder: starting
2019-09-28 01:12:54,967 [IPC Server listener on 33418] INFO  ipc.Server (Server.java:run(1153)) - IPC Server listener on 33418: starting
2019-09-28 01:12:54,971 [main] INFO  http.HttpServer2 (HttpServer2.java:bindListener(1191)) - Jetty bound to port 37349
2019-09-28 01:12:54,973 [main] INFO  server.Server (Server.java:doStart(351)) - jetty-9.3.25.v20180904, build timestamp: 2018-09-04T21:11:46Z, git hash: 3ce520221d0240229c862b122d2b06c12a625732
2019-09-28 01:12:55,012 [main] INFO  handler.ContextHandler (ContextHandler.java:doStart(781)) - Started o.e.j.s.ServletContextHandler@4fce136b{/logs,file:///workdir/hadoop-ozone/integration-test/target/log,AVAILABLE}
2019-09-28 01:12:55,013 [main] INFO  handler.ContextHandler (ContextHandler.java:doStart(781)) - Started o.e.j.s.ServletContextHandler@43b6123e{/static,file:///workdir/hadoop-ozone/integration-test/target/test-classes/webapps/static,AVAILABLE}
2019-09-28 01:12:55,047 [main] INFO  handler.ContextHandler (ContextHandler.java:doStart(781)) - Started o.e.j.w.WebAppContext@6db66836{/,file:///workdir/hadoop-ozone/integration-test/target/test-classes/webapps/scm/,AVAILABLE}{/scm}
2019-09-28 01:12:55,053 [main] INFO  server.AbstractConnector (AbstractConnector.java:doStart(278)) - Started ServerConnector@1ee4730{HTTP/1.1,[http/1.1]}{0.0.0.0:37349}
2019-09-28 01:12:55,054 [main] INFO  server.Server (Server.java:doStart(419)) - Started @3237ms
2019-09-28 01:12:55,056 [main] INFO  impl.MetricsSinkAdapter (MetricsSinkAdapter.java:start(204)) - Sink prometheus started
2019-09-28 01:12:55,056 [main] INFO  impl.MetricsSystemImpl (MetricsSystemImpl.java:registerSink(301)) - Registered sink prometheus
2019-09-28 01:12:55,058 [main] INFO  server.BaseHttpServer (BaseHttpServer.java:updateConnectorAddress(215)) - HTTP server of SCM is listening at http://0.0.0.0:37349
2019-09-28 01:12:55,067 [org.apache.hadoop.util.JvmPauseMonitor$Monitor@51f49060] INFO  util.JvmPauseMonitor (JvmPauseMonitor.java:run(188)) - Starting JVM pause monitor
2019-09-28 01:12:55,072 [main] WARN  server.ServerUtils (ServerUtils.java:getDBPath(222)) - ozone.om.db.dirs is not configured. We recommend adding this setting. Falling back to ozone.metadata.dirs instead.
2019-09-28 01:12:55,207 [main] INFO  ha.OMHANodeDetails (OMHANodeDetails.java:loadOMHAConfig(190)) - Configuration either no ozone.om.address set. Falling back to the default OM address /127.0.0.1:0
2019-09-28 01:12:55,208 [main] INFO  ha.OMHANodeDetails (OMHANodeDetails.java:getOMNodeDetails(220)) - OM Service ID is not set. Setting it to the default ID: omServiceIdDefault
2019-09-28 01:12:55,210 [main] WARN  server.ServerUtils (ServerUtils.java:getDBPath(222)) - ozone.om.db.dirs is not configured. We recommend adding this setting. Falling back to ozone.metadata.dirs instead.
2019-09-28 01:12:55,211 [main] WARN  server.ServerUtils (ServerUtils.java:getDBPath(222)) - ozone.om.db.dirs is not configured. We recommend adding this setting. Falling back to ozone.metadata.dirs instead.
2019-09-28 01:12:55,928 [main] WARN  server.ServerUtils (ServerUtils.java:getDBPath(222)) - ozone.om.db.dirs is not configured. We recommend adding this setting. Falling back to ozone.metadata.dirs instead.
2019-09-28 01:12:55,936 [main] INFO  db.DBStoreBuilder (DBStoreBuilder.java:addTable(110)) - using custom profile for table: userTable
2019-09-28 01:12:55,937 [main] INFO  db.DBStoreBuilder (DBStoreBuilder.java:processTables(161)) - Using default column profile:DBProfile.DISK for Table:userTable
2019-09-28 01:12:55,937 [main] INFO  db.DBStoreBuilder (DBStoreBuilder.java:addTable(110)) - using custom profile for table: volumeTable
2019-09-28 01:12:55,937 [main] INFO  db.DBStoreBuilder (DBStoreBuilder.java:processTables(161)) - Using default column profile:DBProfile.DISK for Table:volumeTable
2019-09-28 01:12:55,937 [main] INFO  db.DBStoreBuilder (DBStoreBuilder.java:addTable(110)) - using custom profile for table: bucketTable
2019-09-28 01:12:55,938 [main] INFO  db.DBStoreBuilder (DBStoreBuilder.java:processTables(161)) - Using default column profile:DBProfile.DISK for Table:bucketTable
2019-09-28 01:12:55,938 [main] INFO  db.DBStoreBuilder (DBStoreBuilder.java:addTable(110)) - using custom profile for table: keyTable
2019-09-28 01:12:55,938 [main] INFO  db.DBStoreBuilder (DBStoreBuilder.java:processTables(161)) - Using default column profile:DBProfile.DISK for Table:keyTable
2019-09-28 01:12:55,938 [main] INFO  db.DBStoreBuilder (DBStoreBuilder.java:addTable(110)) - using custom profile for table: deletedTable
2019-09-28 01:12:55,939 [main] INFO  db.DBStoreBuilder (DBStoreBuilder.java:processTables(161)) - Using default column profile:DBProfile.DISK for Table:deletedTable
2019-09-28 01:12:55,939 [main] INFO  db.DBStoreBuilder (DBStoreBuilder.java:addTable(110)) - using custom profile for table: openKeyTable
2019-09-28 01:12:55,939 [main] INFO  db.DBStoreBuilder (DBStoreBuilder.java:processTables(161)) - Using default column profile:DBProfile.DISK for Table:openKeyTable
2019-09-28 01:12:55,940 [main] INFO  db.DBStoreBuilder (DBStoreBuilder.java:addTable(110)) - using custom profile for table: s3Table
2019-09-28 01:12:55,940 [main] INFO  db.DBStoreBuilder (DBStoreBuilder.java:processTables(161)) - Using default column profile:DBProfile.DISK for Table:s3Table
2019-09-28 01:12:55,940 [main] INFO  db.DBStoreBuilder (DBStoreBuilder.java:addTable(110)) - using custom profile for table: multipartInfoTable
2019-09-28 01:12:55,940 [main] INFO  db.DBStoreBuilder (DBStoreBuilder.java:processTables(161)) - Using default column profile:DBProfile.DISK for Table:multipartInfoTable
2019-09-28 01:12:55,941 [main] INFO  db.DBStoreBuilder (DBStoreBuilder.java:addTable(110)) - using custom profile for table: dTokenTable
2019-09-28 01:12:55,941 [main] INFO  db.DBStoreBuilder (DBStoreBuilder.java:processTables(161)) - Using default column profile:DBProfile.DISK for Table:dTokenTable
2019-09-28 01:12:55,941 [main] INFO  db.DBStoreBuilder (DBStoreBuilder.java:addTable(110)) - using custom profile for table: s3SecretTable
2019-09-28 01:12:55,941 [main] INFO  db.DBStoreBuilder (DBStoreBuilder.java:processTables(161)) - Using default column profile:DBProfile.DISK for Table:s3SecretTable
2019-09-28 01:12:55,943 [main] INFO  db.DBStoreBuilder (DBStoreBuilder.java:addTable(110)) - using custom profile for table: prefixTable
2019-09-28 01:12:55,943 [main] INFO  db.DBStoreBuilder (DBStoreBuilder.java:processTables(161)) - Using default column profile:DBProfile.DISK for Table:prefixTable
2019-09-28 01:12:55,943 [main] INFO  db.DBStoreBuilder (DBStoreBuilder.java:addTable(110)) - using custom profile for table: default
2019-09-28 01:12:55,944 [main] INFO  db.DBStoreBuilder (DBStoreBuilder.java:processTables(167)) - Using default column profile:DBProfile.DISK for Table:default
2019-09-28 01:12:55,944 [main] INFO  db.DBStoreBuilder (DBStoreBuilder.java:getDbProfile(198)) - Using default options. DBProfile.DISK
2019-09-28 01:12:56,655 [main] INFO  ipc.CallQueueManager (CallQueueManager.java:<init>(84)) - Using callQueue: class java.util.concurrent.LinkedBlockingQueue, queueCapacity: 2000, scheduler: class org.apache.hadoop.ipc.DefaultRpcScheduler, ipcBackoff: false.
2019-09-28 01:12:56,657 [Socket Reader #1 for port 37962] INFO  ipc.Server (Server.java:run(1074)) - Starting Socket Reader #1 for port 37962
2019-09-28 01:12:56,682 [main] INFO  om.OzoneManager (OzoneManager.java:start(1069)) - OzoneManager RPC server is listening at localhost/127.0.0.1:37962
2019-09-28 01:12:56,682 [main] INFO  impl.MetricsSystemImpl (MetricsSystemImpl.java:init(158)) - OzoneManager metrics system started (again)
2019-09-28 01:12:56,683 [IPC Server Responder] INFO  ipc.Server (Server.java:run(1314)) - IPC Server Responder: starting
2019-09-28 01:12:56,684 [IPC Server listener on 37962] INFO  ipc.Server (Server.java:run(1153)) - IPC Server listener on 37962: starting
2019-09-28 01:12:56,690 [main] INFO  hdfs.DFSUtil (DFSUtil.java:httpServerTemplateForNNAndJN(1641)) - Starting Web-server for ozoneManager at: http://0.0.0.0:0
2019-09-28 01:12:56,694 [main] INFO  server.AuthenticationFilter (AuthenticationFilter.java:constructSecretProvider(240)) - Unable to initialize FileSignerSecretProvider, falling back to use random secrets.
2019-09-28 01:12:56,695 [main] WARN  http.HttpRequestLog (HttpRequestLog.java:getRequestLog(97)) - Jetty request log can only be enabled using Log4j
2019-09-28 01:12:56,698 [main] INFO  http.HttpServer2 (HttpServer2.java:addGlobalFilter(975)) - Added global filter 'safety' (class=org.apache.hadoop.http.HttpServer2$QuotingInputFilter)
2019-09-28 01:12:56,699 [main] INFO  http.HttpServer2 (HttpServer2.java:addFilter(948)) - Added filter static_user_filter (class=org.apache.hadoop.http.lib.StaticUserWebFilter$StaticUserFilter) to context ozoneManager
2019-09-28 01:12:56,700 [main] INFO  http.HttpServer2 (HttpServer2.java:addFilter(958)) - Added filter static_user_filter (class=org.apache.hadoop.http.lib.StaticUserWebFilter$StaticUserFilter) to context logs
2019-09-28 01:12:56,700 [main] INFO  http.HttpServer2 (HttpServer2.java:addFilter(958)) - Added filter static_user_filter (class=org.apache.hadoop.http.lib.StaticUserWebFilter$StaticUserFilter) to context static
2019-09-28 01:12:56,703 [main] INFO  http.HttpServer2 (HttpServer2.java:bindListener(1191)) - Jetty bound to port 45593
2019-09-28 01:12:56,703 [main] INFO  server.Server (Server.java:doStart(351)) - jetty-9.3.25.v20180904, build timestamp: 2018-09-04T21:11:46Z, git hash: 3ce520221d0240229c862b122d2b06c12a625732
2019-09-28 01:12:56,706 [main] INFO  handler.ContextHandler (ContextHandler.java:doStart(781)) - Started o.e.j.s.ServletContextHandler@562c877a{/logs,file:///workdir/hadoop-ozone/integration-test/target/log,AVAILABLE}
2019-09-28 01:12:56,707 [main] INFO  handler.ContextHandler (ContextHandler.java:doStart(781)) - Started o.e.j.s.ServletContextHandler@989da1{/static,file:///workdir/hadoop-ozone/integration-test/target/test-classes/webapps/static,AVAILABLE}
2019-09-28 01:12:56,714 [main] INFO  handler.ContextHandler (ContextHandler.java:doStart(781)) - Started o.e.j.w.WebAppContext@1965539b{/,file:///workdir/hadoop-ozone/integration-test/target/test-classes/webapps/ozoneManager/,AVAILABLE}{/ozoneManager}
2019-09-28 01:12:56,716 [main] INFO  server.AbstractConnector (AbstractConnector.java:doStart(278)) - Started ServerConnector@2fc07784{HTTP/1.1,[http/1.1]}{0.0.0.0:45593}
2019-09-28 01:12:56,717 [main] INFO  server.Server (Server.java:doStart(419)) - Started @4901ms
2019-09-28 01:12:56,718 [main] WARN  impl.MetricsSystemImpl (MetricsSystemImpl.java:register(276)) - Sink prometheus already exists!
2019-09-28 01:12:56,718 [main] INFO  server.BaseHttpServer (BaseHttpServer.java:updateConnectorAddress(215)) - HTTP server of OZONEMANAGER is listening at http://0.0.0.0:45593
2019-09-28 01:12:57,085 [main] INFO  impl.MetricsSystemImpl (MetricsSystemImpl.java:init(158)) - HddsDatanode metrics system started (again)
2019-09-28 01:12:57,145 [main] INFO  ozone.HddsDatanodeService (HddsDatanodeService.java:start(184)) - HddsDatanodeService host:pr-hdds-2162-8g7kw-3348123894 ip:192.168.151.82
2019-09-28 01:12:57,181 [main] INFO  volume.HddsVolume (HddsVolume.java:<init>(176)) - Creating Volume: /workdir/hadoop-ozone/integration-test/target/test-dir/MiniOzoneClusterImpl-fa4977c4-dda7-4050-b4ba-2f9fed17fcef/datanode-0/data/containers/hdds of  storage type : DISK and capacity : 1482555576320
2019-09-28 01:12:57,184 [main] INFO  volume.VolumeSet (VolumeSet.java:initializeVolumeSet(170)) - Added Volume : /workdir/hadoop-ozone/integration-test/target/test-dir/MiniOzoneClusterImpl-fa4977c4-dda7-4050-b4ba-2f9fed17fcef/datanode-0/data/containers/hdds to VolumeSet
2019-09-28 01:12:57,189 [main] INFO  volume.ThrottledAsyncChecker (ThrottledAsyncChecker.java:schedule(139)) - Scheduling a check for org.apache.hadoop.ozone.container.common.volume.HddsVolume@1ad8df52
2019-09-28 01:12:57,213 [main] INFO  volume.HddsVolumeChecker (HddsVolumeChecker.java:checkAllVolumes(202)) - Scheduled health check for volume org.apache.hadoop.ozone.container.common.volume.HddsVolume@1ad8df52
2019-09-28 01:12:57,334 [main] INFO  impl.RaftServerProxy (ConfUtils.java:logGet(43)) - raft.rpc.type = GRPC (default)
2019-09-28 01:12:57,406 [main] INFO  grpc.GrpcFactory (GrpcFactory.java:checkPooledByteBufAllocatorUseCacheForAllThreads(45)) - PERFORMANCE WARNING: useCacheForAllThreads is true that may cause Netty to create a lot garbage objects and, as a result, trigger GC.
	It is recommended to disable useCacheForAllThreads by setting -Dorg.apache.ratis.thirdparty.io.netty.allocator.useCacheForAllThreads=false in command line.
2019-09-28 01:12:57,411 [main] INFO  grpc.GrpcConfigKeys$Server (ConfUtils.java:logGet(43)) - raft.grpc.server.port = 0 (default)
2019-09-28 01:12:57,412 [main] INFO  server.GrpcService (ConfUtils.java:logGet(43)) - raft.grpc.message.size.max = 33570816 (custom)
2019-09-28 01:12:57,413 [main] INFO  server.RaftServerConfigKeys (ConfUtils.java:logGet(43)) - raft.server.log.appender.buffer.byte-limit = 33554432 (custom)
2019-09-28 01:12:57,414 [main] INFO  server.GrpcService (ConfUtils.java:logGet(43)) - raft.grpc.flow.control.window = 1MB (=1048576) (default)
2019-09-28 01:12:57,415 [main] INFO  server.RaftServerConfigKeys (ConfUtils.java:logGet(43)) - raft.server.rpc.request.timeout = 3000ms (default)
2019-09-28 01:12:57,588 [main] INFO  server.RaftServerConfigKeys (ConfUtils.java:logGet(43)) - raft.server.storage.dir = [/workdir/hadoop-ozone/integration-test/target/test-dir/MiniOzoneClusterImpl-fa4977c4-dda7-4050-b4ba-2f9fed17fcef/datanode-0/data/ratis] (custom)
2019-09-28 01:12:57,641 [main] INFO  hdfs.DFSUtil (DFSUtil.java:httpServerTemplateForNNAndJN(1641)) - Starting Web-server for hddsDatanode at: http://0.0.0.0:0
2019-09-28 01:12:57,644 [main] INFO  server.AuthenticationFilter (AuthenticationFilter.java:constructSecretProvider(240)) - Unable to initialize FileSignerSecretProvider, falling back to use random secrets.
2019-09-28 01:12:57,645 [main] WARN  http.HttpRequestLog (HttpRequestLog.java:getRequestLog(97)) - Jetty request log can only be enabled using Log4j
2019-09-28 01:12:57,648 [main] INFO  http.HttpServer2 (HttpServer2.java:addGlobalFilter(975)) - Added global filter 'safety' (class=org.apache.hadoop.http.HttpServer2$QuotingInputFilter)
2019-09-28 01:12:57,649 [main] INFO  http.HttpServer2 (HttpServer2.java:addFilter(948)) - Added filter static_user_filter (class=org.apache.hadoop.http.lib.StaticUserWebFilter$StaticUserFilter) to context hddsDatanode
2019-09-28 01:12:57,649 [main] INFO  http.HttpServer2 (HttpServer2.java:addFilter(958)) - Added filter static_user_filter (class=org.apache.hadoop.http.lib.StaticUserWebFilter$StaticUserFilter) to context logs
2019-09-28 01:12:57,650 [main] INFO  http.HttpServer2 (HttpServer2.java:addFilter(958)) - Added filter static_user_filter (class=org.apache.hadoop.http.lib.StaticUserWebFilter$StaticUserFilter) to context static
2019-09-28 01:12:57,651 [main] INFO  http.HttpServer2 (HttpServer2.java:bindListener(1191)) - Jetty bound to port 44064
2019-09-28 01:12:57,652 [main] INFO  server.Server (Server.java:doStart(351)) - jetty-9.3.25.v20180904, build timestamp: 2018-09-04T21:11:46Z, git hash: 3ce520221d0240229c862b122d2b06c12a625732
2019-09-28 01:12:57,655 [main] INFO  handler.ContextHandler (ContextHandler.java:doStart(781)) - Started o.e.j.s.ServletContextHandler@9596ce8{/logs,file:///workdir/hadoop-ozone/integration-test/target/log,AVAILABLE}
2019-09-28 01:12:57,656 [main] INFO  handler.ContextHandler (ContextHandler.java:doStart(781)) - Started o.e.j.s.ServletContextHandler@70228253{/static,jar:file:/home/user/.m2/repository/org/apache/hadoop/hadoop-hdds-container-service/0.5.0-SNAPSHOT/hadoop-hdds-container-service-0.5.0-SNAPSHOT.jar!/webapps/static,AVAILABLE}
2019-09-28 01:12:57,708 [main] INFO  handler.ContextHandler (ContextHandler.java:doStart(781)) - Started o.e.j.w.WebAppContext@e84fb85{/,file:///tmp/jetty-0.0.0.0-44064-hddsDatanode-_-any-912183262892399637.dir/webapp/,AVAILABLE}{/hddsDatanode}
2019-09-28 01:12:57,709 [main] INFO  server.AbstractConnector (AbstractConnector.java:doStart(278)) - Started ServerConnector@68a4dcc6{HTTP/1.1,[http/1.1]}{0.0.0.0:44064}
2019-09-28 01:12:57,711 [main] INFO  server.Server (Server.java:doStart(419)) - Started @5894ms
2019-09-28 01:12:57,711 [main] WARN  impl.MetricsSystemImpl (MetricsSystemImpl.java:register(276)) - Sink prometheus already exists!
2019-09-28 01:12:57,712 [main] INFO  server.BaseHttpServer (BaseHttpServer.java:updateConnectorAddress(215)) - HTTP server of HDDSDATANODE is listening at http://0.0.0.0:44064
2019-09-28 01:12:57,713 [main] INFO  impl.MetricsSystemImpl (MetricsSystemImpl.java:init(158)) - HddsDatanode metrics system started (again)
2019-09-28 01:12:57,717 [main] INFO  ozone.HddsDatanodeService (HddsDatanodeService.java:start(184)) - HddsDatanodeService host:pr-hdds-2162-8g7kw-3348123894 ip:192.168.151.82
2019-09-28 01:12:57,720 [org.apache.hadoop.util.JvmPauseMonitor$Monitor@7afdfd86] INFO  util.JvmPauseMonitor (JvmPauseMonitor.java:run(188)) - Starting JVM pause monitor
2019-09-28 01:12:57,728 [main] INFO  volume.HddsVolume (HddsVolume.java:<init>(176)) - Creating Volume: /workdir/hadoop-ozone/integration-test/target/test-dir/MiniOzoneClusterImpl-fa4977c4-dda7-4050-b4ba-2f9fed17fcef/datanode-1/data/containers/hdds of  storage type : DISK and capacity : 1482555576320
2019-09-28 01:12:57,729 [main] INFO  volume.VolumeSet (VolumeSet.java:initializeVolumeSet(170)) - Added Volume : /workdir/hadoop-ozone/integration-test/target/test-dir/MiniOzoneClusterImpl-fa4977c4-dda7-4050-b4ba-2f9fed17fcef/datanode-1/data/containers/hdds to VolumeSet
2019-09-28 01:12:57,730 [main] INFO  volume.ThrottledAsyncChecker (ThrottledAsyncChecker.java:schedule(139)) - Scheduling a check for org.apache.hadoop.ozone.container.common.volume.HddsVolume@15400fff
2019-09-28 01:12:57,731 [main] INFO  volume.HddsVolumeChecker (HddsVolumeChecker.java:checkAllVolumes(202)) - Scheduled health check for volume org.apache.hadoop.ozone.container.common.volume.HddsVolume@15400fff
2019-09-28 01:12:57,749 [main] INFO  impl.RaftServerProxy (ConfUtils.java:logGet(43)) - raft.rpc.type = GRPC (default)
2019-09-28 01:12:57,749 [main] INFO  grpc.GrpcFactory (GrpcFactory.java:checkPooledByteBufAllocatorUseCacheForAllThreads(45)) - PERFORMANCE WARNING: useCacheForAllThreads is true that may cause Netty to create a lot garbage objects and, as a result, trigger GC.
	It is recommended to disable useCacheForAllThreads by setting -Dorg.apache.ratis.thirdparty.io.netty.allocator.useCacheForAllThreads=false in command line.
2019-09-28 01:12:57,749 [main] INFO  grpc.GrpcConfigKeys$Server (ConfUtils.java:logGet(43)) - raft.grpc.server.port = 0 (default)
2019-09-28 01:12:57,750 [main] INFO  server.GrpcService (ConfUtils.java:logGet(43)) - raft.grpc.message.size.max = 33570816 (custom)
2019-09-28 01:12:57,750 [main] INFO  server.RaftServerConfigKeys (ConfUtils.java:logGet(43)) - raft.server.log.appender.buffer.byte-limit = 33554432 (custom)
2019-09-28 01:12:57,750 [main] INFO  server.GrpcService (ConfUtils.java:logGet(43)) - raft.grpc.flow.control.window = 1MB (=1048576) (default)
2019-09-28 01:12:57,751 [main] INFO  server.RaftServerConfigKeys (ConfUtils.java:logGet(43)) - raft.server.rpc.request.timeout = 3000ms (default)
2019-09-28 01:12:57,752 [main] INFO  server.RaftServerConfigKeys (ConfUtils.java:logGet(43)) - raft.server.storage.dir = [/workdir/hadoop-ozone/integration-test/target/test-dir/MiniOzoneClusterImpl-fa4977c4-dda7-4050-b4ba-2f9fed17fcef/datanode-1/data/ratis] (custom)
2019-09-28 01:12:57,754 [main] INFO  hdfs.DFSUtil (DFSUtil.java:httpServerTemplateForNNAndJN(1641)) - Starting Web-server for hddsDatanode at: http://0.0.0.0:0
2019-09-28 01:12:57,755 [main] INFO  server.AuthenticationFilter (AuthenticationFilter.java:constructSecretProvider(240)) - Unable to initialize FileSignerSecretProvider, falling back to use random secrets.
2019-09-28 01:12:57,756 [main] WARN  http.HttpRequestLog (HttpRequestLog.java:getRequestLog(97)) - Jetty request log can only be enabled using Log4j
2019-09-28 01:12:57,758 [main] INFO  http.HttpServer2 (HttpServer2.java:addGlobalFilter(975)) - Added global filter 'safety' (class=org.apache.hadoop.http.HttpServer2$QuotingInputFilter)
2019-09-28 01:12:57,759 [main] INFO  http.HttpServer2 (HttpServer2.java:addFilter(948)) - Added filter static_user_filter (class=org.apache.hadoop.http.lib.StaticUserWebFilter$StaticUserFilter) to context hddsDatanode
2019-09-28 01:12:57,759 [main] INFO  http.HttpServer2 (HttpServer2.java:addFilter(958)) - Added filter static_user_filter (class=org.apache.hadoop.http.lib.StaticUserWebFilter$StaticUserFilter) to context logs
2019-09-28 01:12:57,759 [main] INFO  http.HttpServer2 (HttpServer2.java:addFilter(958)) - Added filter static_user_filter (class=org.apache.hadoop.http.lib.StaticUserWebFilter$StaticUserFilter) to context static
2019-09-28 01:12:57,760 [main] INFO  http.HttpServer2 (HttpServer2.java:bindListener(1191)) - Jetty bound to port 37364
2019-09-28 01:12:57,761 [main] INFO  server.Server (Server.java:doStart(351)) - jetty-9.3.25.v20180904, build timestamp: 2018-09-04T21:11:46Z, git hash: 3ce520221d0240229c862b122d2b06c12a625732
2019-09-28 01:12:57,766 [main] INFO  handler.ContextHandler (ContextHandler.java:doStart(781)) - Started o.e.j.s.ServletContextHandler@56a4f272{/logs,file:///workdir/hadoop-ozone/integration-test/target/log,AVAILABLE}
2019-09-28 01:12:57,767 [main] INFO  handler.ContextHandler (ContextHandler.java:doStart(781)) - Started o.e.j.s.ServletContextHandler@79b84841{/static,jar:file:/home/user/.m2/repository/org/apache/hadoop/hadoop-hdds-container-service/0.5.0-SNAPSHOT/hadoop-hdds-container-service-0.5.0-SNAPSHOT.jar!/webapps/static,AVAILABLE}
2019-09-28 01:12:57,801 [main] INFO  handler.ContextHandler (ContextHandler.java:doStart(781)) - Started o.e.j.w.WebAppContext@467b684d{/,file:///tmp/jetty-0.0.0.0-37364-hddsDatanode-_-any-7390046762027744369.dir/webapp/,AVAILABLE}{/hddsDatanode}
2019-09-28 01:12:57,801 [main] INFO  server.AbstractConnector (AbstractConnector.java:doStart(278)) - Started ServerConnector@7baf1f5a{HTTP/1.1,[http/1.1]}{0.0.0.0:37364}
2019-09-28 01:12:57,802 [main] INFO  server.Server (Server.java:doStart(419)) - Started @5986ms
2019-09-28 01:12:57,803 [main] WARN  impl.MetricsSystemImpl (MetricsSystemImpl.java:register(276)) - Sink prometheus already exists!
2019-09-28 01:12:57,804 [main] INFO  server.BaseHttpServer (BaseHttpServer.java:updateConnectorAddress(215)) - HTTP server of HDDSDATANODE is listening at http://0.0.0.0:37364
2019-09-28 01:12:57,805 [main] INFO  impl.MetricsSystemImpl (MetricsSystemImpl.java:init(158)) - HddsDatanode metrics system started (again)
2019-09-28 01:12:57,808 [main] INFO  ozone.HddsDatanodeService (HddsDatanodeService.java:start(184)) - HddsDatanodeService host:pr-hdds-2162-8g7kw-3348123894 ip:192.168.151.82
2019-09-28 01:12:57,808 [org.apache.hadoop.util.JvmPauseMonitor$Monitor@63f4242] INFO  util.JvmPauseMonitor (JvmPauseMonitor.java:run(188)) - Starting JVM pause monitor
2019-09-28 01:12:57,818 [main] INFO  volume.HddsVolume (HddsVolume.java:<init>(176)) - Creating Volume: /workdir/hadoop-ozone/integration-test/target/test-dir/MiniOzoneClusterImpl-fa4977c4-dda7-4050-b4ba-2f9fed17fcef/datanode-2/data/containers/hdds of  storage type : DISK and capacity : 1482555576320
2019-09-28 01:12:57,819 [main] INFO  volume.VolumeSet (VolumeSet.java:initializeVolumeSet(170)) - Added Volume : /workdir/hadoop-ozone/integration-test/target/test-dir/MiniOzoneClusterImpl-fa4977c4-dda7-4050-b4ba-2f9fed17fcef/datanode-2/data/containers/hdds to VolumeSet
2019-09-28 01:12:57,819 [main] INFO  volume.ThrottledAsyncChecker (ThrottledAsyncChecker.java:schedule(139)) - Scheduling a check for org.apache.hadoop.ozone.container.common.volume.HddsVolume@54d8c20d
2019-09-28 01:12:57,820 [main] INFO  volume.HddsVolumeChecker (HddsVolumeChecker.java:checkAllVolumes(202)) - Scheduled health check for volume org.apache.hadoop.ozone.container.common.volume.HddsVolume@54d8c20d
2019-09-28 01:12:57,834 [main] INFO  impl.RaftServerProxy (ConfUtils.java:logGet(43)) - raft.rpc.type = GRPC (default)
2019-09-28 01:12:57,834 [main] INFO  grpc.GrpcFactory (GrpcFactory.java:checkPooledByteBufAllocatorUseCacheForAllThreads(45)) - PERFORMANCE WARNING: useCacheForAllThreads is true that may cause Netty to create a lot garbage objects and, as a result, trigger GC.
	It is recommended to disable useCacheForAllThreads by setting -Dorg.apache.ratis.thirdparty.io.netty.allocator.useCacheForAllThreads=false in command line.
2019-09-28 01:12:57,834 [main] INFO  grpc.GrpcConfigKeys$Server (ConfUtils.java:logGet(43)) - raft.grpc.server.port = 0 (default)
2019-09-28 01:12:57,835 [main] INFO  server.GrpcService (ConfUtils.java:logGet(43)) - raft.grpc.message.size.max = 33570816 (custom)
2019-09-28 01:12:57,835 [main] INFO  server.RaftServerConfigKeys (ConfUtils.java:logGet(43)) - raft.server.log.appender.buffer.byte-limit = 33554432 (custom)
2019-09-28 01:12:57,835 [main] INFO  server.GrpcService (ConfUtils.java:logGet(43)) - raft.grpc.flow.control.window = 1MB (=1048576) (default)
2019-09-28 01:12:57,836 [main] INFO  server.RaftServerConfigKeys (ConfUtils.java:logGet(43)) - raft.server.rpc.request.timeout = 3000ms (default)
2019-09-28 01:12:57,836 [main] INFO  server.RaftServerConfigKeys (ConfUtils.java:logGet(43)) - raft.server.storage.dir = [/workdir/hadoop-ozone/integration-test/target/test-dir/MiniOzoneClusterImpl-fa4977c4-dda7-4050-b4ba-2f9fed17fcef/datanode-2/data/ratis] (custom)
2019-09-28 01:12:57,838 [main] INFO  hdfs.DFSUtil (DFSUtil.java:httpServerTemplateForNNAndJN(1641)) - Starting Web-server for hddsDatanode at: http://0.0.0.0:0
2019-09-28 01:12:57,840 [main] INFO  server.AuthenticationFilter (AuthenticationFilter.java:constructSecretProvider(240)) - Unable to initialize FileSignerSecretProvider, falling back to use random secrets.
2019-09-28 01:12:57,840 [main] WARN  http.HttpRequestLog (HttpRequestLog.java:getRequestLog(97)) - Jetty request log can only be enabled using Log4j
2019-09-28 01:12:57,842 [main] INFO  http.HttpServer2 (HttpServer2.java:addGlobalFilter(975)) - Added global filter 'safety' (class=org.apache.hadoop.http.HttpServer2$QuotingInputFilter)
2019-09-28 01:12:57,843 [main] INFO  http.HttpServer2 (HttpServer2.java:addFilter(948)) - Added filter static_user_filter (class=org.apache.hadoop.http.lib.StaticUserWebFilter$StaticUserFilter) to context hddsDatanode
2019-09-28 01:12:57,843 [main] INFO  http.HttpServer2 (HttpServer2.java:addFilter(958)) - Added filter static_user_filter (class=org.apache.hadoop.http.lib.StaticUserWebFilter$StaticUserFilter) to context static
2019-09-28 01:12:57,843 [main] INFO  http.HttpServer2 (HttpServer2.java:addFilter(958)) - Added filter static_user_filter (class=org.apache.hadoop.http.lib.StaticUserWebFilter$StaticUserFilter) to context logs
2019-09-28 01:12:57,844 [main] INFO  http.HttpServer2 (HttpServer2.java:bindListener(1191)) - Jetty bound to port 40384
2019-09-28 01:12:57,844 [main] INFO  server.Server (Server.java:doStart(351)) - jetty-9.3.25.v20180904, build timestamp: 2018-09-04T21:11:46Z, git hash: 3ce520221d0240229c862b122d2b06c12a625732
2019-09-28 01:12:57,847 [main] INFO  handler.ContextHandler (ContextHandler.java:doStart(781)) - Started o.e.j.s.ServletContextHandler@a098d76{/logs,file:///workdir/hadoop-ozone/integration-test/target/log,AVAILABLE}
2019-09-28 01:12:57,848 [main] INFO  handler.ContextHandler (ContextHandler.java:doStart(781)) - Started o.e.j.s.ServletContextHandler@733aa9d8{/static,jar:file:/home/user/.m2/repository/org/apache/hadoop/hadoop-hdds-container-service/0.5.0-SNAPSHOT/hadoop-hdds-container-service-0.5.0-SNAPSHOT.jar!/webapps/static,AVAILABLE}
2019-09-28 01:12:57,875 [Datanode State Machine Thread - 0] INFO  datanode.InitDatanodeState (InitDatanodeState.java:persistContainerDatanodeDetails(140)) - DatanodeDetails is persisted to /workdir/hadoop-ozone/integration-test/target/test-dir/MiniOzoneClusterImpl-fa4977c4-dda7-4050-b4ba-2f9fed17fcef/datanode-0/meta/datanode.id
2019-09-28 01:12:57,880 [Datanode State Machine Thread - 0] INFO  datanode.InitDatanodeState (InitDatanodeState.java:persistContainerDatanodeDetails(140)) - DatanodeDetails is persisted to /workdir/hadoop-ozone/integration-test/target/test-dir/MiniOzoneClusterImpl-fa4977c4-dda7-4050-b4ba-2f9fed17fcef/datanode-1/meta/datanode.id
2019-09-28 01:12:57,895 [main] INFO  handler.ContextHandler (ContextHandler.java:doStart(781)) - Started o.e.j.w.WebAppContext@434514d8{/,file:///tmp/jetty-0.0.0.0-40384-hddsDatanode-_-any-4606788434594980603.dir/webapp/,AVAILABLE}{/hddsDatanode}
2019-09-28 01:12:57,896 [main] INFO  server.AbstractConnector (AbstractConnector.java:doStart(278)) - Started ServerConnector@6b1dc20f{HTTP/1.1,[http/1.1]}{0.0.0.0:40384}
2019-09-28 01:12:57,897 [main] INFO  server.Server (Server.java:doStart(419)) - Started @6080ms
2019-09-28 01:12:57,898 [main] WARN  impl.MetricsSystemImpl (MetricsSystemImpl.java:register(276)) - Sink prometheus already exists!
2019-09-28 01:12:57,899 [main] INFO  server.BaseHttpServer (BaseHttpServer.java:updateConnectorAddress(215)) - HTTP server of HDDSDATANODE is listening at http://0.0.0.0:40384
2019-09-28 01:12:57,900 [main] INFO  impl.MetricsSystemImpl (MetricsSystemImpl.java:init(158)) - HddsDatanode metrics system started (again)
2019-09-28 01:12:57,903 [org.apache.hadoop.util.JvmPauseMonitor$Monitor@30b365d6] INFO  util.JvmPauseMonitor (JvmPauseMonitor.java:run(188)) - Starting JVM pause monitor
2019-09-28 01:12:57,904 [main] INFO  ozone.HddsDatanodeService (HddsDatanodeService.java:start(184)) - HddsDatanodeService host:pr-hdds-2162-8g7kw-3348123894 ip:192.168.151.82
2019-09-28 01:12:57,906 [Datanode State Machine Thread - 0] INFO  datanode.InitDatanodeState (InitDatanodeState.java:persistContainerDatanodeDetails(140)) - DatanodeDetails is persisted to /workdir/hadoop-ozone/integration-test/target/test-dir/MiniOzoneClusterImpl-fa4977c4-dda7-4050-b4ba-2f9fed17fcef/datanode-2/meta/datanode.id
2019-09-28 01:12:57,914 [main] INFO  volume.HddsVolume (HddsVolume.java:<init>(176)) - Creating Volume: /workdir/hadoop-ozone/integration-test/target/test-dir/MiniOzoneClusterImpl-fa4977c4-dda7-4050-b4ba-2f9fed17fcef/datanode-3/data/containers/hdds of  storage type : DISK and capacity : 1482555576320
2019-09-28 01:12:57,914 [main] INFO  volume.VolumeSet (VolumeSet.java:initializeVolumeSet(170)) - Added Volume : /workdir/hadoop-ozone/integration-test/target/test-dir/MiniOzoneClusterImpl-fa4977c4-dda7-4050-b4ba-2f9fed17fcef/datanode-3/data/containers/hdds to VolumeSet
2019-09-28 01:12:57,915 [main] INFO  volume.ThrottledAsyncChecker (ThrottledAsyncChecker.java:schedule(139)) - Scheduling a check for org.apache.hadoop.ozone.container.common.volume.HddsVolume@53b7ce6
2019-09-28 01:12:57,915 [main] INFO  volume.HddsVolumeChecker (HddsVolumeChecker.java:checkAllVolumes(202)) - Scheduled health check for volume org.apache.hadoop.ozone.container.common.volume.HddsVolume@53b7ce6
2019-09-28 01:12:57,932 [main] INFO  impl.RaftServerProxy (ConfUtils.java:logGet(43)) - raft.rpc.type = GRPC (default)
2019-09-28 01:12:57,932 [main] INFO  grpc.GrpcFactory (GrpcFactory.java:checkPooledByteBufAllocatorUseCacheForAllThreads(45)) - PERFORMANCE WARNING: useCacheForAllThreads is true that may cause Netty to create a lot garbage objects and, as a result, trigger GC.
	It is recommended to disable useCacheForAllThreads by setting -Dorg.apache.ratis.thirdparty.io.netty.allocator.useCacheForAllThreads=false in command line.
2019-09-28 01:12:57,932 [main] INFO  grpc.GrpcConfigKeys$Server (ConfUtils.java:logGet(43)) - raft.grpc.server.port = 0 (default)
2019-09-28 01:12:57,933 [main] INFO  server.GrpcService (ConfUtils.java:logGet(43)) - raft.grpc.message.size.max = 33570816 (custom)
2019-09-28 01:12:57,933 [main] INFO  server.RaftServerConfigKeys (ConfUtils.java:logGet(43)) - raft.server.log.appender.buffer.byte-limit = 33554432 (custom)
2019-09-28 01:12:57,933 [main] INFO  server.GrpcService (ConfUtils.java:logGet(43)) - raft.grpc.flow.control.window = 1MB (=1048576) (default)
2019-09-28 01:12:57,934 [main] INFO  server.RaftServerConfigKeys (ConfUtils.java:logGet(43)) - raft.server.rpc.request.timeout = 3000ms (default)
2019-09-28 01:12:57,934 [main] INFO  server.RaftServerConfigKeys (ConfUtils.java:logGet(43)) - raft.server.storage.dir = [/workdir/hadoop-ozone/integration-test/target/test-dir/MiniOzoneClusterImpl-fa4977c4-dda7-4050-b4ba-2f9fed17fcef/datanode-3/data/ratis] (custom)
2019-09-28 01:12:57,936 [main] INFO  hdfs.DFSUtil (DFSUtil.java:httpServerTemplateForNNAndJN(1641)) - Starting Web-server for hddsDatanode at: http://0.0.0.0:0
2019-09-28 01:12:57,938 [main] INFO  server.AuthenticationFilter (AuthenticationFilter.java:constructSecretProvider(240)) - Unable to initialize FileSignerSecretProvider, falling back to use random secrets.
2019-09-28 01:12:57,938 [main] WARN  http.HttpRequestLog (HttpRequestLog.java:getRequestLog(97)) - Jetty request log can only be enabled using Log4j
2019-09-28 01:12:57,940 [main] INFO  http.HttpServer2 (HttpServer2.java:addGlobalFilter(975)) - Added global filter 'safety' (class=org.apache.hadoop.http.HttpServer2$QuotingInputFilter)
2019-09-28 01:12:57,941 [main] INFO  http.HttpServer2 (HttpServer2.java:addFilter(948)) - Added filter static_user_filter (class=org.apache.hadoop.http.lib.StaticUserWebFilter$StaticUserFilter) to context hddsDatanode
2019-09-28 01:12:57,941 [main] INFO  http.HttpServer2 (HttpServer2.java:addFilter(958)) - Added filter static_user_filter (class=org.apache.hadoop.http.lib.StaticUserWebFilter$StaticUserFilter) to context logs
2019-09-28 01:12:57,941 [main] INFO  http.HttpServer2 (HttpServer2.java:addFilter(958)) - Added filter static_user_filter (class=org.apache.hadoop.http.lib.StaticUserWebFilter$StaticUserFilter) to context static
2019-09-28 01:12:57,942 [main] INFO  http.HttpServer2 (HttpServer2.java:bindListener(1191)) - Jetty bound to port 44166
2019-09-28 01:12:57,942 [main] INFO  server.Server (Server.java:doStart(351)) - jetty-9.3.25.v20180904, build timestamp: 2018-09-04T21:11:46Z, git hash: 3ce520221d0240229c862b122d2b06c12a625732
2019-09-28 01:12:57,948 [main] INFO  handler.ContextHandler (ContextHandler.java:doStart(781)) - Started o.e.j.s.ServletContextHandler@54e2fe{/logs,file:///workdir/hadoop-ozone/integration-test/target/log,AVAILABLE}
2019-09-28 01:12:57,949 [main] INFO  handler.ContextHandler (ContextHandler.java:doStart(781)) - Started o.e.j.s.ServletContextHandler@119aa36{/static,jar:file:/home/user/.m2/repository/org/apache/hadoop/hadoop-hdds-container-service/0.5.0-SNAPSHOT/hadoop-hdds-container-service-0.5.0-SNAPSHOT.jar!/webapps/static,AVAILABLE}
2019-09-28 01:12:57,989 [main] INFO  handler.ContextHandler (ContextHandler.java:doStart(781)) - Started o.e.j.w.WebAppContext@411c6d44{/,file:///tmp/jetty-0.0.0.0-44166-hddsDatanode-_-any-6292063185719786118.dir/webapp/,AVAILABLE}{/hddsDatanode}
2019-09-28 01:12:57,990 [main] INFO  server.AbstractConnector (AbstractConnector.java:doStart(278)) - Started ServerConnector@1687eb01{HTTP/1.1,[http/1.1]}{0.0.0.0:44166}
2019-09-28 01:12:57,991 [main] INFO  server.Server (Server.java:doStart(419)) - Started @6175ms
2019-09-28 01:12:57,992 [main] WARN  impl.MetricsSystemImpl (MetricsSystemImpl.java:register(276)) - Sink prometheus already exists!
2019-09-28 01:12:57,993 [main] INFO  server.BaseHttpServer (BaseHttpServer.java:updateConnectorAddress(215)) - HTTP server of HDDSDATANODE is listening at http://0.0.0.0:44166
2019-09-28 01:12:57,993 [main] INFO  impl.MetricsSystemImpl (MetricsSystemImpl.java:init(158)) - HddsDatanode metrics system started (again)
2019-09-28 01:12:57,997 [org.apache.hadoop.util.JvmPauseMonitor$Monitor@54ed0b1e] INFO  util.JvmPauseMonitor (JvmPauseMonitor.java:run(188)) - Starting JVM pause monitor
2019-09-28 01:12:57,997 [main] INFO  ozone.HddsDatanodeService (HddsDatanodeService.java:start(184)) - HddsDatanodeService host:pr-hdds-2162-8g7kw-3348123894 ip:192.168.151.82
2019-09-28 01:12:58,000 [Datanode State Machine Thread - 0] INFO  datanode.InitDatanodeState (InitDatanodeState.java:persistContainerDatanodeDetails(140)) - DatanodeDetails is persisted to /workdir/hadoop-ozone/integration-test/target/test-dir/MiniOzoneClusterImpl-fa4977c4-dda7-4050-b4ba-2f9fed17fcef/datanode-3/meta/datanode.id
2019-09-28 01:12:58,008 [main] INFO  volume.HddsVolume (HddsVolume.java:<init>(176)) - Creating Volume: /workdir/hadoop-ozone/integration-test/target/test-dir/MiniOzoneClusterImpl-fa4977c4-dda7-4050-b4ba-2f9fed17fcef/datanode-4/data/containers/hdds of  storage type : DISK and capacity : 1482555576320
2019-09-28 01:12:58,009 [main] INFO  volume.VolumeSet (VolumeSet.java:initializeVolumeSet(170)) - Added Volume : /workdir/hadoop-ozone/integration-test/target/test-dir/MiniOzoneClusterImpl-fa4977c4-dda7-4050-b4ba-2f9fed17fcef/datanode-4/data/containers/hdds to VolumeSet
2019-09-28 01:12:58,009 [main] INFO  volume.ThrottledAsyncChecker (ThrottledAsyncChecker.java:schedule(139)) - Scheduling a check for org.apache.hadoop.ozone.container.common.volume.HddsVolume@6c0e13b7
2019-09-28 01:12:58,010 [main] INFO  volume.HddsVolumeChecker (HddsVolumeChecker.java:checkAllVolumes(202)) - Scheduled health check for volume org.apache.hadoop.ozone.container.common.volume.HddsVolume@6c0e13b7
2019-09-28 01:12:58,023 [main] INFO  impl.RaftServerProxy (ConfUtils.java:logGet(43)) - raft.rpc.type = GRPC (default)
2019-09-28 01:12:58,023 [main] INFO  grpc.GrpcFactory (GrpcFactory.java:checkPooledByteBufAllocatorUseCacheForAllThreads(45)) - PERFORMANCE WARNING: useCacheForAllThreads is true that may cause Netty to create a lot garbage objects and, as a result, trigger GC.
	It is recommended to disable useCacheForAllThreads by setting -Dorg.apache.ratis.thirdparty.io.netty.allocator.useCacheForAllThreads=false in command line.
2019-09-28 01:12:58,023 [main] INFO  grpc.GrpcConfigKeys$Server (ConfUtils.java:logGet(43)) - raft.grpc.server.port = 0 (default)
2019-09-28 01:12:58,024 [main] INFO  server.GrpcService (ConfUtils.java:logGet(43)) - raft.grpc.message.size.max = 33570816 (custom)
2019-09-28 01:12:58,024 [main] INFO  server.RaftServerConfigKeys (ConfUtils.java:logGet(43)) - raft.server.log.appender.buffer.byte-limit = 33554432 (custom)
2019-09-28 01:12:58,024 [main] INFO  server.GrpcService (ConfUtils.java:logGet(43)) - raft.grpc.flow.control.window = 1MB (=1048576) (default)
2019-09-28 01:12:58,024 [main] INFO  server.RaftServerConfigKeys (ConfUtils.java:logGet(43)) - raft.server.rpc.request.timeout = 3000ms (default)
2019-09-28 01:12:58,025 [main] INFO  server.RaftServerConfigKeys (ConfUtils.java:logGet(43)) - raft.server.storage.dir = [/workdir/hadoop-ozone/integration-test/target/test-dir/MiniOzoneClusterImpl-fa4977c4-dda7-4050-b4ba-2f9fed17fcef/datanode-4/data/ratis] (custom)
2019-09-28 01:12:58,027 [main] INFO  hdfs.DFSUtil (DFSUtil.java:httpServerTemplateForNNAndJN(1641)) - Starting Web-server for hddsDatanode at: http://0.0.0.0:0
2019-09-28 01:12:58,028 [main] INFO  server.AuthenticationFilter (AuthenticationFilter.java:constructSecretProvider(240)) - Unable to initialize FileSignerSecretProvider, falling back to use random secrets.
2019-09-28 01:12:58,028 [main] WARN  http.HttpRequestLog (HttpRequestLog.java:getRequestLog(97)) - Jetty request log can only be enabled using Log4j
2019-09-28 01:12:58,030 [main] INFO  http.HttpServer2 (HttpServer2.java:addGlobalFilter(975)) - Added global filter 'safety' (class=org.apache.hadoop.http.HttpServer2$QuotingInputFilter)
2019-09-28 01:12:58,030 [main] INFO  http.HttpServer2 (HttpServer2.java:addFilter(948)) - Added filter static_user_filter (class=org.apache.hadoop.http.lib.StaticUserWebFilter$StaticUserFilter) to context hddsDatanode
2019-09-28 01:12:58,030 [main] INFO  http.HttpServer2 (HttpServer2.java:addFilter(958)) - Added filter static_user_filter (class=org.apache.hadoop.http.lib.StaticUserWebFilter$StaticUserFilter) to context static
2019-09-28 01:12:58,031 [main] INFO  http.HttpServer2 (HttpServer2.java:addFilter(958)) - Added filter static_user_filter (class=org.apache.hadoop.http.lib.StaticUserWebFilter$StaticUserFilter) to context logs
2019-09-28 01:12:58,031 [main] INFO  http.HttpServer2 (HttpServer2.java:bindListener(1191)) - Jetty bound to port 42433
2019-09-28 01:12:58,032 [main] INFO  server.Server (Server.java:doStart(351)) - jetty-9.3.25.v20180904, build timestamp: 2018-09-04T21:11:46Z, git hash: 3ce520221d0240229c862b122d2b06c12a625732
2019-09-28 01:12:58,034 [main] INFO  handler.ContextHandler (ContextHandler.java:doStart(781)) - Started o.e.j.s.ServletContextHandler@c755b2{/logs,file:///workdir/hadoop-ozone/integration-test/target/log,AVAILABLE}
2019-09-28 01:12:58,035 [main] INFO  handler.ContextHandler (ContextHandler.java:doStart(781)) - Started o.e.j.s.ServletContextHandler@250a500b{/static,jar:file:/home/user/.m2/repository/org/apache/hadoop/hadoop-hdds-container-service/0.5.0-SNAPSHOT/hadoop-hdds-container-service-0.5.0-SNAPSHOT.jar!/webapps/static,AVAILABLE}
2019-09-28 01:12:58,063 [main] INFO  handler.ContextHandler (ContextHandler.java:doStart(781)) - Started o.e.j.w.WebAppContext@6ad16c5d{/,file:///tmp/jetty-0.0.0.0-42433-hddsDatanode-_-any-595781524483893942.dir/webapp/,AVAILABLE}{/hddsDatanode}
2019-09-28 01:12:58,064 [main] INFO  server.AbstractConnector (AbstractConnector.java:doStart(278)) - Started ServerConnector@74ea46e2{HTTP/1.1,[http/1.1]}{0.0.0.0:42433}
2019-09-28 01:12:58,065 [main] INFO  server.Server (Server.java:doStart(419)) - Started @6249ms
2019-09-28 01:12:58,066 [main] WARN  impl.MetricsSystemImpl (MetricsSystemImpl.java:register(276)) - Sink prometheus already exists!
2019-09-28 01:12:58,066 [main] INFO  server.BaseHttpServer (BaseHttpServer.java:updateConnectorAddress(215)) - HTTP server of HDDSDATANODE is listening at http://0.0.0.0:42433
2019-09-28 01:12:58,067 [main] INFO  impl.MetricsSystemImpl (MetricsSystemImpl.java:init(158)) - HddsDatanode metrics system started (again)
2019-09-28 01:12:58,070 [main] INFO  ozone.HddsDatanodeService (HddsDatanodeService.java:start(184)) - HddsDatanodeService host:pr-hdds-2162-8g7kw-3348123894 ip:192.168.151.82
2019-09-28 01:12:58,070 [org.apache.hadoop.util.JvmPauseMonitor$Monitor@44f83528] INFO  util.JvmPauseMonitor (JvmPauseMonitor.java:run(188)) - Starting JVM pause monitor
2019-09-28 01:12:58,073 [Datanode State Machine Thread - 0] INFO  datanode.InitDatanodeState (InitDatanodeState.java:persistContainerDatanodeDetails(140)) - DatanodeDetails is persisted to /workdir/hadoop-ozone/integration-test/target/test-dir/MiniOzoneClusterImpl-fa4977c4-dda7-4050-b4ba-2f9fed17fcef/datanode-4/meta/datanode.id
2019-09-28 01:12:58,078 [main] INFO  volume.HddsVolume (HddsVolume.java:<init>(176)) - Creating Volume: /workdir/hadoop-ozone/integration-test/target/test-dir/MiniOzoneClusterImpl-fa4977c4-dda7-4050-b4ba-2f9fed17fcef/datanode-5/data/containers/hdds of  storage type : DISK and capacity : 1482555576320
2019-09-28 01:12:58,079 [main] INFO  volume.VolumeSet (VolumeSet.java:initializeVolumeSet(170)) - Added Volume : /workdir/hadoop-ozone/integration-test/target/test-dir/MiniOzoneClusterImpl-fa4977c4-dda7-4050-b4ba-2f9fed17fcef/datanode-5/data/containers/hdds to VolumeSet
2019-09-28 01:12:58,079 [main] INFO  volume.ThrottledAsyncChecker (ThrottledAsyncChecker.java:schedule(139)) - Scheduling a check for org.apache.hadoop.ozone.container.common.volume.HddsVolume@ccf91df
2019-09-28 01:12:58,079 [main] INFO  volume.HddsVolumeChecker (HddsVolumeChecker.java:checkAllVolumes(202)) - Scheduled health check for volume org.apache.hadoop.ozone.container.common.volume.HddsVolume@ccf91df
2019-09-28 01:12:58,096 [main] INFO  impl.RaftServerProxy (ConfUtils.java:logGet(43)) - raft.rpc.type = GRPC (default)
2019-09-28 01:12:58,096 [main] INFO  grpc.GrpcFactory (GrpcFactory.java:checkPooledByteBufAllocatorUseCacheForAllThreads(45)) - PERFORMANCE WARNING: useCacheForAllThreads is true that may cause Netty to create a lot garbage objects and, as a result, trigger GC.
	It is recommended to disable useCacheForAllThreads by setting -Dorg.apache.ratis.thirdparty.io.netty.allocator.useCacheForAllThreads=false in command line.
2019-09-28 01:12:58,096 [main] INFO  grpc.GrpcConfigKeys$Server (ConfUtils.java:logGet(43)) - raft.grpc.server.port = 0 (default)
2019-09-28 01:12:58,096 [main] INFO  server.GrpcService (ConfUtils.java:logGet(43)) - raft.grpc.message.size.max = 33570816 (custom)
2019-09-28 01:12:58,097 [main] INFO  server.RaftServerConfigKeys (ConfUtils.java:logGet(43)) - raft.server.log.appender.buffer.byte-limit = 33554432 (custom)
2019-09-28 01:12:58,097 [main] INFO  server.GrpcService (ConfUtils.java:logGet(43)) - raft.grpc.flow.control.window = 1MB (=1048576) (default)
2019-09-28 01:12:58,097 [main] INFO  server.RaftServerConfigKeys (ConfUtils.java:logGet(43)) - raft.server.rpc.request.timeout = 3000ms (default)
2019-09-28 01:12:58,098 [main] INFO  server.RaftServerConfigKeys (ConfUtils.java:logGet(43)) - raft.server.storage.dir = [/workdir/hadoop-ozone/integration-test/target/test-dir/MiniOzoneClusterImpl-fa4977c4-dda7-4050-b4ba-2f9fed17fcef/datanode-5/data/ratis] (custom)
2019-09-28 01:12:58,099 [main] INFO  hdfs.DFSUtil (DFSUtil.java:httpServerTemplateForNNAndJN(1641)) - Starting Web-server for hddsDatanode at: http://0.0.0.0:0
2019-09-28 01:12:58,101 [main] INFO  server.AuthenticationFilter (AuthenticationFilter.java:constructSecretProvider(240)) - Unable to initialize FileSignerSecretProvider, falling back to use random secrets.
2019-09-28 01:12:58,101 [main] WARN  http.HttpRequestLog (HttpRequestLog.java:getRequestLog(97)) - Jetty request log can only be enabled using Log4j
2019-09-28 01:12:58,103 [main] INFO  http.HttpServer2 (HttpServer2.java:addGlobalFilter(975)) - Added global filter 'safety' (class=org.apache.hadoop.http.HttpServer2$QuotingInputFilter)
2019-09-28 01:12:58,103 [main] INFO  http.HttpServer2 (HttpServer2.java:addFilter(948)) - Added filter static_user_filter (class=org.apache.hadoop.http.lib.StaticUserWebFilter$StaticUserFilter) to context hddsDatanode
2019-09-28 01:12:58,103 [main] INFO  http.HttpServer2 (HttpServer2.java:addFilter(958)) - Added filter static_user_filter (class=org.apache.hadoop.http.lib.StaticUserWebFilter$StaticUserFilter) to context static
2019-09-28 01:12:58,104 [main] INFO  http.HttpServer2 (HttpServer2.java:addFilter(958)) - Added filter static_user_filter (class=org.apache.hadoop.http.lib.StaticUserWebFilter$StaticUserFilter) to context logs
2019-09-28 01:12:58,104 [main] INFO  http.HttpServer2 (HttpServer2.java:bindListener(1191)) - Jetty bound to port 35461
2019-09-28 01:12:58,105 [main] INFO  server.Server (Server.java:doStart(351)) - jetty-9.3.25.v20180904, build timestamp: 2018-09-04T21:11:46Z, git hash: 3ce520221d0240229c862b122d2b06c12a625732
2019-09-28 01:12:58,107 [main] INFO  handler.ContextHandler (ContextHandler.java:doStart(781)) - Started o.e.j.s.ServletContextHandler@77bb48d5{/logs,file:///workdir/hadoop-ozone/integration-test/target/log,AVAILABLE}
2019-09-28 01:12:58,107 [main] INFO  handler.ContextHandler (ContextHandler.java:doStart(781)) - Started o.e.j.s.ServletContextHandler@12d5c30e{/static,jar:file:/home/user/.m2/repository/org/apache/hadoop/hadoop-hdds-container-service/0.5.0-SNAPSHOT/hadoop-hdds-container-service-0.5.0-SNAPSHOT.jar!/webapps/static,AVAILABLE}
2019-09-28 01:12:58,137 [main] INFO  handler.ContextHandler (ContextHandler.java:doStart(781)) - Started o.e.j.w.WebAppContext@46a145ba{/,file:///tmp/jetty-0.0.0.0-35461-hddsDatanode-_-any-3739756306795816644.dir/webapp/,AVAILABLE}{/hddsDatanode}
2019-09-28 01:12:58,138 [main] INFO  server.AbstractConnector (AbstractConnector.java:doStart(278)) - Started ServerConnector@7ab34619{HTTP/1.1,[http/1.1]}{0.0.0.0:35461}
2019-09-28 01:12:58,139 [main] INFO  server.Server (Server.java:doStart(419)) - Started @6322ms
2019-09-28 01:12:58,139 [main] WARN  impl.MetricsSystemImpl (MetricsSystemImpl.java:register(276)) - Sink prometheus already exists!
2019-09-28 01:12:58,140 [main] INFO  server.BaseHttpServer (BaseHttpServer.java:updateConnectorAddress(215)) - HTTP server of HDDSDATANODE is listening at http://0.0.0.0:35461
2019-09-28 01:12:58,140 [main] INFO  impl.MetricsSystemImpl (MetricsSystemImpl.java:init(158)) - HddsDatanode metrics system started (again)
2019-09-28 01:12:58,144 [main] INFO  ozone.HddsDatanodeService (HddsDatanodeService.java:start(184)) - HddsDatanodeService host:pr-hdds-2162-8g7kw-3348123894 ip:192.168.151.82
2019-09-28 01:12:58,145 [org.apache.hadoop.util.JvmPauseMonitor$Monitor@34af56] INFO  util.JvmPauseMonitor (JvmPauseMonitor.java:run(188)) - Starting JVM pause monitor
2019-09-28 01:12:58,148 [Datanode State Machine Thread - 0] INFO  datanode.InitDatanodeState (InitDatanodeState.java:persistContainerDatanodeDetails(140)) - DatanodeDetails is persisted to /workdir/hadoop-ozone/integration-test/target/test-dir/MiniOzoneClusterImpl-fa4977c4-dda7-4050-b4ba-2f9fed17fcef/datanode-5/meta/datanode.id
2019-09-28 01:12:58,153 [main] INFO  volume.HddsVolume (HddsVolume.java:<init>(176)) - Creating Volume: /workdir/hadoop-ozone/integration-test/target/test-dir/MiniOzoneClusterImpl-fa4977c4-dda7-4050-b4ba-2f9fed17fcef/datanode-6/data/containers/hdds of  storage type : DISK and capacity : 1482555576320
2019-09-28 01:12:58,153 [main] INFO  volume.VolumeSet (VolumeSet.java:initializeVolumeSet(170)) - Added Volume : /workdir/hadoop-ozone/integration-test/target/test-dir/MiniOzoneClusterImpl-fa4977c4-dda7-4050-b4ba-2f9fed17fcef/datanode-6/data/containers/hdds to VolumeSet
2019-09-28 01:12:58,153 [main] INFO  volume.ThrottledAsyncChecker (ThrottledAsyncChecker.java:schedule(139)) - Scheduling a check for org.apache.hadoop.ozone.container.common.volume.HddsVolume@67514bdd
2019-09-28 01:12:58,154 [main] INFO  volume.HddsVolumeChecker (HddsVolumeChecker.java:checkAllVolumes(202)) - Scheduled health check for volume org.apache.hadoop.ozone.container.common.volume.HddsVolume@67514bdd
2019-09-28 01:12:58,170 [main] INFO  impl.RaftServerProxy (ConfUtils.java:logGet(43)) - raft.rpc.type = GRPC (default)
2019-09-28 01:12:58,170 [main] INFO  grpc.GrpcFactory (GrpcFactory.java:checkPooledByteBufAllocatorUseCacheForAllThreads(45)) - PERFORMANCE WARNING: useCacheForAllThreads is true that may cause Netty to create a lot garbage objects and, as a result, trigger GC.
	It is recommended to disable useCacheForAllThreads by setting -Dorg.apache.ratis.thirdparty.io.netty.allocator.useCacheForAllThreads=false in command line.
2019-09-28 01:12:58,171 [main] INFO  grpc.GrpcConfigKeys$Server (ConfUtils.java:logGet(43)) - raft.grpc.server.port = 0 (default)
2019-09-28 01:12:58,171 [main] INFO  server.GrpcService (ConfUtils.java:logGet(43)) - raft.grpc.message.size.max = 33570816 (custom)
2019-09-28 01:12:58,171 [main] INFO  server.RaftServerConfigKeys (ConfUtils.java:logGet(43)) - raft.server.log.appender.buffer.byte-limit = 33554432 (custom)
2019-09-28 01:12:58,171 [main] INFO  server.GrpcService (ConfUtils.java:logGet(43)) - raft.grpc.flow.control.window = 1MB (=1048576) (default)
2019-09-28 01:12:58,172 [main] INFO  server.RaftServerConfigKeys (ConfUtils.java:logGet(43)) - raft.server.rpc.request.timeout = 3000ms (default)
2019-09-28 01:12:58,172 [main] INFO  server.RaftServerConfigKeys (ConfUtils.java:logGet(43)) - raft.server.storage.dir = [/workdir/hadoop-ozone/integration-test/target/test-dir/MiniOzoneClusterImpl-fa4977c4-dda7-4050-b4ba-2f9fed17fcef/datanode-6/data/ratis] (custom)
2019-09-28 01:12:58,174 [main] INFO  hdfs.DFSUtil (DFSUtil.java:httpServerTemplateForNNAndJN(1641)) - Starting Web-server for hddsDatanode at: http://0.0.0.0:0
2019-09-28 01:12:58,175 [main] INFO  server.AuthenticationFilter (AuthenticationFilter.java:constructSecretProvider(240)) - Unable to initialize FileSignerSecretProvider, falling back to use random secrets.
2019-09-28 01:12:58,176 [main] WARN  http.HttpRequestLog (HttpRequestLog.java:getRequestLog(97)) - Jetty request log can only be enabled using Log4j
2019-09-28 01:12:58,177 [main] INFO  http.HttpServer2 (HttpServer2.java:addGlobalFilter(975)) - Added global filter 'safety' (class=org.apache.hadoop.http.HttpServer2$QuotingInputFilter)
2019-09-28 01:12:58,178 [main] INFO  http.HttpServer2 (HttpServer2.java:addFilter(948)) - Added filter static_user_filter (class=org.apache.hadoop.http.lib.StaticUserWebFilter$StaticUserFilter) to context hddsDatanode
2019-09-28 01:12:58,178 [main] INFO  http.HttpServer2 (HttpServer2.java:addFilter(958)) - Added filter static_user_filter (class=org.apache.hadoop.http.lib.StaticUserWebFilter$StaticUserFilter) to context logs
2019-09-28 01:12:58,178 [main] INFO  http.HttpServer2 (HttpServer2.java:addFilter(958)) - Added filter static_user_filter (class=org.apache.hadoop.http.lib.StaticUserWebFilter$StaticUserFilter) to context static
2019-09-28 01:12:58,179 [main] INFO  http.HttpServer2 (HttpServer2.java:bindListener(1191)) - Jetty bound to port 36760
2019-09-28 01:12:58,179 [main] INFO  server.Server (Server.java:doStart(351)) - jetty-9.3.25.v20180904, build timestamp: 2018-09-04T21:11:46Z, git hash: 3ce520221d0240229c862b122d2b06c12a625732
2019-09-28 01:12:58,181 [main] INFO  handler.ContextHandler (ContextHandler.java:doStart(781)) - Started o.e.j.s.ServletContextHandler@31c628e7{/logs,file:///workdir/hadoop-ozone/integration-test/target/log,AVAILABLE}
2019-09-28 01:12:58,182 [main] INFO  handler.ContextHandler (ContextHandler.java:doStart(781)) - Started o.e.j.s.ServletContextHandler@58434b19{/static,jar:file:/home/user/.m2/repository/org/apache/hadoop/hadoop-hdds-container-service/0.5.0-SNAPSHOT/hadoop-hdds-container-service-0.5.0-SNAPSHOT.jar!/webapps/static,AVAILABLE}
2019-09-28 01:12:58,215 [main] INFO  handler.ContextHandler (ContextHandler.java:doStart(781)) - Started o.e.j.w.WebAppContext@3b27b497{/,file:///tmp/jetty-0.0.0.0-36760-hddsDatanode-_-any-148153741789314872.dir/webapp/,AVAILABLE}{/hddsDatanode}
2019-09-28 01:12:58,216 [main] INFO  server.AbstractConnector (AbstractConnector.java:doStart(278)) - Started ServerConnector@b1534d3{HTTP/1.1,[http/1.1]}{0.0.0.0:36760}
2019-09-28 01:12:58,217 [main] INFO  server.Server (Server.java:doStart(419)) - Started @6401ms
2019-09-28 01:12:58,217 [main] WARN  impl.MetricsSystemImpl (MetricsSystemImpl.java:register(276)) - Sink prometheus already exists!
2019-09-28 01:12:58,218 [main] INFO  server.BaseHttpServer (BaseHttpServer.java:updateConnectorAddress(215)) - HTTP server of HDDSDATANODE is listening at http://0.0.0.0:36760
2019-09-28 01:12:58,219 [main] INFO  impl.MetricsSystemImpl (MetricsSystemImpl.java:init(158)) - HddsDatanode metrics system started (again)
2019-09-28 01:12:58,223 [main] INFO  ozone.HddsDatanodeService (HddsDatanodeService.java:start(184)) - HddsDatanodeService host:pr-hdds-2162-8g7kw-3348123894 ip:192.168.151.82
2019-09-28 01:12:58,223 [org.apache.hadoop.util.JvmPauseMonitor$Monitor@4c96a5d9] INFO  util.JvmPauseMonitor (JvmPauseMonitor.java:run(188)) - Starting JVM pause monitor
2019-09-28 01:12:58,226 [Datanode State Machine Thread - 0] INFO  datanode.InitDatanodeState (InitDatanodeState.java:persistContainerDatanodeDetails(140)) - DatanodeDetails is persisted to /workdir/hadoop-ozone/integration-test/target/test-dir/MiniOzoneClusterImpl-fa4977c4-dda7-4050-b4ba-2f9fed17fcef/datanode-6/meta/datanode.id
2019-09-28 01:12:58,232 [main] INFO  volume.HddsVolume (HddsVolume.java:<init>(176)) - Creating Volume: /workdir/hadoop-ozone/integration-test/target/test-dir/MiniOzoneClusterImpl-fa4977c4-dda7-4050-b4ba-2f9fed17fcef/datanode-7/data/containers/hdds of  storage type : DISK and capacity : 1482555576320
2019-09-28 01:12:58,233 [main] INFO  volume.VolumeSet (VolumeSet.java:initializeVolumeSet(170)) - Added Volume : /workdir/hadoop-ozone/integration-test/target/test-dir/MiniOzoneClusterImpl-fa4977c4-dda7-4050-b4ba-2f9fed17fcef/datanode-7/data/containers/hdds to VolumeSet
2019-09-28 01:12:58,233 [main] INFO  volume.ThrottledAsyncChecker (ThrottledAsyncChecker.java:schedule(139)) - Scheduling a check for org.apache.hadoop.ozone.container.common.volume.HddsVolume@7a81065e
2019-09-28 01:12:58,234 [main] INFO  volume.HddsVolumeChecker (HddsVolumeChecker.java:checkAllVolumes(202)) - Scheduled health check for volume org.apache.hadoop.ozone.container.common.volume.HddsVolume@7a81065e
2019-09-28 01:12:58,250 [main] INFO  impl.RaftServerProxy (ConfUtils.java:logGet(43)) - raft.rpc.type = GRPC (default)
2019-09-28 01:12:58,250 [main] INFO  grpc.GrpcFactory (GrpcFactory.java:checkPooledByteBufAllocatorUseCacheForAllThreads(45)) - PERFORMANCE WARNING: useCacheForAllThreads is true that may cause Netty to create a lot garbage objects and, as a result, trigger GC.
	It is recommended to disable useCacheForAllThreads by setting -Dorg.apache.ratis.thirdparty.io.netty.allocator.useCacheForAllThreads=false in command line.
2019-09-28 01:12:58,250 [main] INFO  grpc.GrpcConfigKeys$Server (ConfUtils.java:logGet(43)) - raft.grpc.server.port = 0 (default)
2019-09-28 01:12:58,251 [main] INFO  server.GrpcService (ConfUtils.java:logGet(43)) - raft.grpc.message.size.max = 33570816 (custom)
2019-09-28 01:12:58,251 [main] INFO  server.RaftServerConfigKeys (ConfUtils.java:logGet(43)) - raft.server.log.appender.buffer.byte-limit = 33554432 (custom)
2019-09-28 01:12:58,251 [main] INFO  server.GrpcService (ConfUtils.java:logGet(43)) - raft.grpc.flow.control.window = 1MB (=1048576) (default)
2019-09-28 01:12:58,251 [main] INFO  server.RaftServerConfigKeys (ConfUtils.java:logGet(43)) - raft.server.rpc.request.timeout = 3000ms (default)
2019-09-28 01:12:58,252 [main] INFO  server.RaftServerConfigKeys (ConfUtils.java:logGet(43)) - raft.server.storage.dir = [/workdir/hadoop-ozone/integration-test/target/test-dir/MiniOzoneClusterImpl-fa4977c4-dda7-4050-b4ba-2f9fed17fcef/datanode-7/data/ratis] (custom)
2019-09-28 01:12:58,254 [main] INFO  hdfs.DFSUtil (DFSUtil.java:httpServerTemplateForNNAndJN(1641)) - Starting Web-server for hddsDatanode at: http://0.0.0.0:0
2019-09-28 01:12:58,255 [main] INFO  server.AuthenticationFilter (AuthenticationFilter.java:constructSecretProvider(240)) - Unable to initialize FileSignerSecretProvider, falling back to use random secrets.
2019-09-28 01:12:58,255 [main] WARN  http.HttpRequestLog (HttpRequestLog.java:getRequestLog(97)) - Jetty request log can only be enabled using Log4j
2019-09-28 01:12:58,257 [main] INFO  http.HttpServer2 (HttpServer2.java:addGlobalFilter(975)) - Added global filter 'safety' (class=org.apache.hadoop.http.HttpServer2$QuotingInputFilter)
2019-09-28 01:12:58,258 [main] INFO  http.HttpServer2 (HttpServer2.java:addFilter(948)) - Added filter static_user_filter (class=org.apache.hadoop.http.lib.StaticUserWebFilter$StaticUserFilter) to context hddsDatanode
2019-09-28 01:12:58,258 [main] INFO  http.HttpServer2 (HttpServer2.java:addFilter(958)) - Added filter static_user_filter (class=org.apache.hadoop.http.lib.StaticUserWebFilter$StaticUserFilter) to context logs
2019-09-28 01:12:58,258 [main] INFO  http.HttpServer2 (HttpServer2.java:addFilter(958)) - Added filter static_user_filter (class=org.apache.hadoop.http.lib.StaticUserWebFilter$StaticUserFilter) to context static
2019-09-28 01:12:58,259 [main] INFO  http.HttpServer2 (HttpServer2.java:bindListener(1191)) - Jetty bound to port 37857
2019-09-28 01:12:58,259 [main] INFO  server.Server (Server.java:doStart(351)) - jetty-9.3.25.v20180904, build timestamp: 2018-09-04T21:11:46Z, git hash: 3ce520221d0240229c862b122d2b06c12a625732
2019-09-28 01:12:58,261 [main] INFO  handler.ContextHandler (ContextHandler.java:doStart(781)) - Started o.e.j.s.ServletContextHandler@46aa712c{/logs,file:///workdir/hadoop-ozone/integration-test/target/log,AVAILABLE}
2019-09-28 01:12:58,262 [main] INFO  handler.ContextHandler (ContextHandler.java:doStart(781)) - Started o.e.j.s.ServletContextHandler@7412ed6b{/static,jar:file:/home/user/.m2/repository/org/apache/hadoop/hadoop-hdds-container-service/0.5.0-SNAPSHOT/hadoop-hdds-container-service-0.5.0-SNAPSHOT.jar!/webapps/static,AVAILABLE}
2019-09-28 01:12:58,293 [main] INFO  handler.ContextHandler (ContextHandler.java:doStart(781)) - Started o.e.j.w.WebAppContext@5f2bd6d9{/,file:///tmp/jetty-0.0.0.0-37857-hddsDatanode-_-any-3544631444066489961.dir/webapp/,AVAILABLE}{/hddsDatanode}
2019-09-28 01:12:58,294 [main] INFO  server.AbstractConnector (AbstractConnector.java:doStart(278)) - Started ServerConnector@7c847072{HTTP/1.1,[http/1.1]}{0.0.0.0:37857}
2019-09-28 01:12:58,296 [main] INFO  server.Server (Server.java:doStart(419)) - Started @6479ms
2019-09-28 01:12:58,296 [main] WARN  impl.MetricsSystemImpl (MetricsSystemImpl.java:register(276)) - Sink prometheus already exists!
2019-09-28 01:12:58,297 [main] INFO  server.BaseHttpServer (BaseHttpServer.java:updateConnectorAddress(215)) - HTTP server of HDDSDATANODE is listening at http://0.0.0.0:37857
2019-09-28 01:12:58,298 [main] INFO  impl.MetricsSystemImpl (MetricsSystemImpl.java:init(158)) - HddsDatanode metrics system started (again)
2019-09-28 01:12:58,303 [org.apache.hadoop.util.JvmPauseMonitor$Monitor@189f21d7] INFO  util.JvmPauseMonitor (JvmPauseMonitor.java:run(188)) - Starting JVM pause monitor
2019-09-28 01:12:58,303 [main] INFO  ozone.HddsDatanodeService (HddsDatanodeService.java:start(184)) - HddsDatanodeService host:pr-hdds-2162-8g7kw-3348123894 ip:192.168.151.82
2019-09-28 01:12:58,307 [Datanode State Machine Thread - 0] INFO  datanode.InitDatanodeState (InitDatanodeState.java:persistContainerDatanodeDetails(140)) - DatanodeDetails is persisted to /workdir/hadoop-ozone/integration-test/target/test-dir/MiniOzoneClusterImpl-fa4977c4-dda7-4050-b4ba-2f9fed17fcef/datanode-7/meta/datanode.id
2019-09-28 01:12:58,316 [main] INFO  volume.HddsVolume (HddsVolume.java:<init>(176)) - Creating Volume: /workdir/hadoop-ozone/integration-test/target/test-dir/MiniOzoneClusterImpl-fa4977c4-dda7-4050-b4ba-2f9fed17fcef/datanode-8/data/containers/hdds of  storage type : DISK and capacity : 1482555576320
2019-09-28 01:12:58,316 [main] INFO  volume.VolumeSet (VolumeSet.java:initializeVolumeSet(170)) - Added Volume : /workdir/hadoop-ozone/integration-test/target/test-dir/MiniOzoneClusterImpl-fa4977c4-dda7-4050-b4ba-2f9fed17fcef/datanode-8/data/containers/hdds to VolumeSet
2019-09-28 01:12:58,316 [main] INFO  volume.ThrottledAsyncChecker (ThrottledAsyncChecker.java:schedule(139)) - Scheduling a check for org.apache.hadoop.ozone.container.common.volume.HddsVolume@58740366
2019-09-28 01:12:58,317 [main] INFO  volume.HddsVolumeChecker (HddsVolumeChecker.java:checkAllVolumes(202)) - Scheduled health check for volume org.apache.hadoop.ozone.container.common.volume.HddsVolume@58740366
2019-09-28 01:12:58,334 [main] INFO  impl.RaftServerProxy (ConfUtils.java:logGet(43)) - raft.rpc.type = GRPC (default)
2019-09-28 01:12:58,334 [main] INFO  grpc.GrpcFactory (GrpcFactory.java:checkPooledByteBufAllocatorUseCacheForAllThreads(45)) - PERFORMANCE WARNING: useCacheForAllThreads is true that may cause Netty to create a lot garbage objects and, as a result, trigger GC.
	It is recommended to disable useCacheForAllThreads by setting -Dorg.apache.ratis.thirdparty.io.netty.allocator.useCacheForAllThreads=false in command line.
2019-09-28 01:12:58,334 [main] INFO  grpc.GrpcConfigKeys$Server (ConfUtils.java:logGet(43)) - raft.grpc.server.port = 0 (default)
2019-09-28 01:12:58,335 [main] INFO  server.GrpcService (ConfUtils.java:logGet(43)) - raft.grpc.message.size.max = 33570816 (custom)
2019-09-28 01:12:58,335 [main] INFO  server.RaftServerConfigKeys (ConfUtils.java:logGet(43)) - raft.server.log.appender.buffer.byte-limit = 33554432 (custom)
2019-09-28 01:12:58,335 [main] INFO  server.GrpcService (ConfUtils.java:logGet(43)) - raft.grpc.flow.control.window = 1MB (=1048576) (default)
2019-09-28 01:12:58,335 [main] INFO  server.RaftServerConfigKeys (ConfUtils.java:logGet(43)) - raft.server.rpc.request.timeout = 3000ms (default)
2019-09-28 01:12:58,336 [main] INFO  server.RaftServerConfigKeys (ConfUtils.java:logGet(43)) - raft.server.storage.dir = [/workdir/hadoop-ozone/integration-test/target/test-dir/MiniOzoneClusterImpl-fa4977c4-dda7-4050-b4ba-2f9fed17fcef/datanode-8/data/ratis] (custom)
2019-09-28 01:12:58,338 [main] INFO  hdfs.DFSUtil (DFSUtil.java:httpServerTemplateForNNAndJN(1641)) - Starting Web-server for hddsDatanode at: http://0.0.0.0:0
2019-09-28 01:12:58,339 [main] INFO  server.AuthenticationFilter (AuthenticationFilter.java:constructSecretProvider(240)) - Unable to initialize FileSignerSecretProvider, falling back to use random secrets.
2019-09-28 01:12:58,339 [main] WARN  http.HttpRequestLog (HttpRequestLog.java:getRequestLog(97)) - Jetty request log can only be enabled using Log4j
2019-09-28 01:12:58,341 [main] INFO  http.HttpServer2 (HttpServer2.java:addGlobalFilter(975)) - Added global filter 'safety' (class=org.apache.hadoop.http.HttpServer2$QuotingInputFilter)
2019-09-28 01:12:58,342 [main] INFO  http.HttpServer2 (HttpServer2.java:addFilter(948)) - Added filter static_user_filter (class=org.apache.hadoop.http.lib.StaticUserWebFilter$StaticUserFilter) to context hddsDatanode
2019-09-28 01:12:58,342 [main] INFO  http.HttpServer2 (HttpServer2.java:addFilter(958)) - Added filter static_user_filter (class=org.apache.hadoop.http.lib.StaticUserWebFilter$StaticUserFilter) to context logs
2019-09-28 01:12:58,342 [main] INFO  http.HttpServer2 (HttpServer2.java:addFilter(958)) - Added filter static_user_filter (class=org.apache.hadoop.http.lib.StaticUserWebFilter$StaticUserFilter) to context static
2019-09-28 01:12:58,343 [main] INFO  http.HttpServer2 (HttpServer2.java:bindListener(1191)) - Jetty bound to port 41831
2019-09-28 01:12:58,343 [main] INFO  server.Server (Server.java:doStart(351)) - jetty-9.3.25.v20180904, build timestamp: 2018-09-04T21:11:46Z, git hash: 3ce520221d0240229c862b122d2b06c12a625732
2019-09-28 01:12:58,345 [main] INFO  handler.ContextHandler (ContextHandler.java:doStart(781)) - Started o.e.j.s.ServletContextHandler@6ae62c7e{/logs,file:///workdir/hadoop-ozone/integration-test/target/log,AVAILABLE}
2019-09-28 01:12:58,345 [main] INFO  handler.ContextHandler (ContextHandler.java:doStart(781)) - Started o.e.j.s.ServletContextHandler@37c36608{/static,jar:file:/home/user/.m2/repository/org/apache/hadoop/hadoop-hdds-container-service/0.5.0-SNAPSHOT/hadoop-hdds-container-service-0.5.0-SNAPSHOT.jar!/webapps/static,AVAILABLE}
2019-09-28 01:12:58,374 [main] INFO  handler.ContextHandler (ContextHandler.java:doStart(781)) - Started o.e.j.w.WebAppContext@4bc33720{/,file:///tmp/jetty-0.0.0.0-41831-hddsDatanode-_-any-2671251999349760013.dir/webapp/,AVAILABLE}{/hddsDatanode}
2019-09-28 01:12:58,375 [main] INFO  server.AbstractConnector (AbstractConnector.java:doStart(278)) - Started ServerConnector@2dd0f797{HTTP/1.1,[http/1.1]}{0.0.0.0:41831}
2019-09-28 01:12:58,375 [main] INFO  server.Server (Server.java:doStart(419)) - Started @6559ms
2019-09-28 01:12:58,376 [main] WARN  impl.MetricsSystemImpl (MetricsSystemImpl.java:register(276)) - Sink prometheus already exists!
2019-09-28 01:12:58,376 [main] INFO  server.BaseHttpServer (BaseHttpServer.java:updateConnectorAddress(215)) - HTTP server of HDDSDATANODE is listening at http://0.0.0.0:41831
2019-09-28 01:12:58,377 [main] INFO  impl.MetricsSystemImpl (MetricsSystemImpl.java:init(158)) - HddsDatanode metrics system started (again)
2019-09-28 01:12:58,381 [org.apache.hadoop.util.JvmPauseMonitor$Monitor@641c97f9] INFO  util.JvmPauseMonitor (JvmPauseMonitor.java:run(188)) - Starting JVM pause monitor
2019-09-28 01:12:58,383 [main] INFO  ozone.HddsDatanodeService (HddsDatanodeService.java:start(184)) - HddsDatanodeService host:pr-hdds-2162-8g7kw-3348123894 ip:192.168.151.82
2019-09-28 01:12:58,385 [Datanode State Machine Thread - 0] INFO  datanode.InitDatanodeState (InitDatanodeState.java:persistContainerDatanodeDetails(140)) - DatanodeDetails is persisted to /workdir/hadoop-ozone/integration-test/target/test-dir/MiniOzoneClusterImpl-fa4977c4-dda7-4050-b4ba-2f9fed17fcef/datanode-8/meta/datanode.id
2019-09-28 01:12:58,390 [main] INFO  volume.HddsVolume (HddsVolume.java:<init>(176)) - Creating Volume: /workdir/hadoop-ozone/integration-test/target/test-dir/MiniOzoneClusterImpl-fa4977c4-dda7-4050-b4ba-2f9fed17fcef/datanode-9/data/containers/hdds of  storage type : DISK and capacity : 1482555576320
2019-09-28 01:12:58,390 [main] INFO  volume.VolumeSet (VolumeSet.java:initializeVolumeSet(170)) - Added Volume : /workdir/hadoop-ozone/integration-test/target/test-dir/MiniOzoneClusterImpl-fa4977c4-dda7-4050-b4ba-2f9fed17fcef/datanode-9/data/containers/hdds to VolumeSet
2019-09-28 01:12:58,390 [main] INFO  volume.ThrottledAsyncChecker (ThrottledAsyncChecker.java:schedule(139)) - Scheduling a check for org.apache.hadoop.ozone.container.common.volume.HddsVolume@4e49ce2b
2019-09-28 01:12:58,391 [main] INFO  volume.HddsVolumeChecker (HddsVolumeChecker.java:checkAllVolumes(202)) - Scheduled health check for volume org.apache.hadoop.ozone.container.common.volume.HddsVolume@4e49ce2b
2019-09-28 01:12:58,405 [main] INFO  impl.RaftServerProxy (ConfUtils.java:logGet(43)) - raft.rpc.type = GRPC (default)
2019-09-28 01:12:58,405 [main] INFO  grpc.GrpcFactory (GrpcFactory.java:checkPooledByteBufAllocatorUseCacheForAllThreads(45)) - PERFORMANCE WARNING: useCacheForAllThreads is true that may cause Netty to create a lot garbage objects and, as a result, trigger GC.
	It is recommended to disable useCacheForAllThreads by setting -Dorg.apache.ratis.thirdparty.io.netty.allocator.useCacheForAllThreads=false in command line.
2019-09-28 01:12:58,406 [main] INFO  grpc.GrpcConfigKeys$Server (ConfUtils.java:logGet(43)) - raft.grpc.server.port = 0 (default)
2019-09-28 01:12:58,406 [main] INFO  server.GrpcService (ConfUtils.java:logGet(43)) - raft.grpc.message.size.max = 33570816 (custom)
2019-09-28 01:12:58,406 [main] INFO  server.RaftServerConfigKeys (ConfUtils.java:logGet(43)) - raft.server.log.appender.buffer.byte-limit = 33554432 (custom)
2019-09-28 01:12:58,406 [main] INFO  server.GrpcService (ConfUtils.java:logGet(43)) - raft.grpc.flow.control.window = 1MB (=1048576) (default)
2019-09-28 01:12:58,406 [main] INFO  server.RaftServerConfigKeys (ConfUtils.java:logGet(43)) - raft.server.rpc.request.timeout = 3000ms (default)
2019-09-28 01:12:58,407 [main] INFO  server.RaftServerConfigKeys (ConfUtils.java:logGet(43)) - raft.server.storage.dir = [/workdir/hadoop-ozone/integration-test/target/test-dir/MiniOzoneClusterImpl-fa4977c4-dda7-4050-b4ba-2f9fed17fcef/datanode-9/data/ratis] (custom)
2019-09-28 01:12:58,408 [main] INFO  hdfs.DFSUtil (DFSUtil.java:httpServerTemplateForNNAndJN(1641)) - Starting Web-server for hddsDatanode at: http://0.0.0.0:0
2019-09-28 01:12:58,410 [main] INFO  server.AuthenticationFilter (AuthenticationFilter.java:constructSecretProvider(240)) - Unable to initialize FileSignerSecretProvider, falling back to use random secrets.
2019-09-28 01:12:58,410 [main] WARN  http.HttpRequestLog (HttpRequestLog.java:getRequestLog(97)) - Jetty request log can only be enabled using Log4j
2019-09-28 01:12:58,411 [main] INFO  http.HttpServer2 (HttpServer2.java:addGlobalFilter(975)) - Added global filter 'safety' (class=org.apache.hadoop.http.HttpServer2$QuotingInputFilter)
2019-09-28 01:12:58,412 [main] INFO  http.HttpServer2 (HttpServer2.java:addFilter(948)) - Added filter static_user_filter (class=org.apache.hadoop.http.lib.StaticUserWebFilter$StaticUserFilter) to context hddsDatanode
2019-09-28 01:12:58,412 [main] INFO  http.HttpServer2 (HttpServer2.java:addFilter(958)) - Added filter static_user_filter (class=org.apache.hadoop.http.lib.StaticUserWebFilter$StaticUserFilter) to context logs
2019-09-28 01:12:58,412 [main] INFO  http.HttpServer2 (HttpServer2.java:addFilter(958)) - Added filter static_user_filter (class=org.apache.hadoop.http.lib.StaticUserWebFilter$StaticUserFilter) to context static
2019-09-28 01:12:58,413 [main] INFO  http.HttpServer2 (HttpServer2.java:bindListener(1191)) - Jetty bound to port 38963
2019-09-28 01:12:58,413 [main] INFO  server.Server (Server.java:doStart(351)) - jetty-9.3.25.v20180904, build timestamp: 2018-09-04T21:11:46Z, git hash: 3ce520221d0240229c862b122d2b06c12a625732
2019-09-28 01:12:58,415 [main] INFO  handler.ContextHandler (ContextHandler.java:doStart(781)) - Started o.e.j.s.ServletContextHandler@446626a7{/logs,file:///workdir/hadoop-ozone/integration-test/target/log,AVAILABLE}
2019-09-28 01:12:58,416 [main] INFO  handler.ContextHandler (ContextHandler.java:doStart(781)) - Started o.e.j.s.ServletContextHandler@4a2929a4{/static,jar:file:/home/user/.m2/repository/org/apache/hadoop/hadoop-hdds-container-service/0.5.0-SNAPSHOT/hadoop-hdds-container-service-0.5.0-SNAPSHOT.jar!/webapps/static,AVAILABLE}
2019-09-28 01:12:58,444 [main] INFO  handler.ContextHandler (ContextHandler.java:doStart(781)) - Started o.e.j.w.WebAppContext@4527f70a{/,file:///tmp/jetty-0.0.0.0-38963-hddsDatanode-_-any-2205584255887165980.dir/webapp/,AVAILABLE}{/hddsDatanode}
2019-09-28 01:12:58,444 [main] INFO  server.AbstractConnector (AbstractConnector.java:doStart(278)) - Started ServerConnector@707b1a44{HTTP/1.1,[http/1.1]}{0.0.0.0:38963}
2019-09-28 01:12:58,446 [main] INFO  server.Server (Server.java:doStart(419)) - Started @6629ms
2019-09-28 01:12:58,446 [main] WARN  impl.MetricsSystemImpl (MetricsSystemImpl.java:register(276)) - Sink prometheus already exists!
2019-09-28 01:12:58,446 [main] INFO  server.BaseHttpServer (BaseHttpServer.java:updateConnectorAddress(215)) - HTTP server of HDDSDATANODE is listening at http://0.0.0.0:38963
2019-09-28 01:12:58,452 [main] INFO  ozone.MiniOzoneClusterImpl (MiniOzoneClusterImpl.java:lambda$waitForClusterToBeReady$0(147)) - Waiting for cluster to be ready. Got 0 of 10 DN Heartbeats.
2019-09-28 01:12:58,452 [org.apache.hadoop.util.JvmPauseMonitor$Monitor@5b3fb0d] INFO  util.JvmPauseMonitor (JvmPauseMonitor.java:run(188)) - Starting JVM pause monitor
2019-09-28 01:12:58,456 [Datanode State Machine Thread - 0] INFO  datanode.InitDatanodeState (InitDatanodeState.java:persistContainerDatanodeDetails(140)) - DatanodeDetails is persisted to /workdir/hadoop-ozone/integration-test/target/test-dir/MiniOzoneClusterImpl-fa4977c4-dda7-4050-b4ba-2f9fed17fcef/datanode-9/meta/datanode.id
2019-09-28 01:12:59,452 [main] INFO  ozone.MiniOzoneClusterImpl (MiniOzoneClusterImpl.java:lambda$waitForClusterToBeReady$0(147)) - Waiting for cluster to be ready. Got 0 of 10 DN Heartbeats.
2019-09-28 01:12:59,784 [Datanode State Machine Thread - 0] INFO  ozoneimpl.OzoneContainer (OzoneContainer.java:start(217)) - Attempting to start container services.
2019-09-28 01:12:59,786 [Datanode State Machine Thread - 0] INFO  ozoneimpl.OzoneContainer (OzoneContainer.java:startContainerScrub(179)) - Background container scanner has been disabled.
2019-09-28 01:12:59,787 [Datanode State Machine Thread - 0] INFO  ratis.XceiverServerRatis (XceiverServerRatis.java:start(411)) - Starting XceiverServerRatis 7ca580e1-9483-43e9-999f-08065f5f46f8 at port 0
2019-09-28 01:12:59,818 [Datanode State Machine Thread - 0] INFO  impl.RaftServerProxy (RaftServerProxy.java:lambda$start$3(299)) - 7ca580e1-9483-43e9-999f-08065f5f46f8: start RPC server
2019-09-28 01:12:59,831 [Datanode State Machine Thread - 0] INFO  ozoneimpl.OzoneContainer (OzoneContainer.java:start(217)) - Attempting to start container services.
2019-09-28 01:12:59,837 [Datanode State Machine Thread - 0] INFO  ozoneimpl.OzoneContainer (OzoneContainer.java:startContainerScrub(179)) - Background container scanner has been disabled.
2019-09-28 01:12:59,837 [Datanode State Machine Thread - 0] INFO  ratis.XceiverServerRatis (XceiverServerRatis.java:start(411)) - Starting XceiverServerRatis e82472fe-71fb-4472-b416-5021845f2f54 at port 0
2019-09-28 01:12:59,853 [Datanode State Machine Thread - 0] INFO  impl.RaftServerProxy (RaftServerProxy.java:lambda$start$3(299)) - e82472fe-71fb-4472-b416-5021845f2f54: start RPC server
2019-09-28 01:12:59,922 [Datanode State Machine Thread - 0] INFO  ozoneimpl.OzoneContainer (OzoneContainer.java:start(217)) - Attempting to start container services.
2019-09-28 01:12:59,922 [Datanode State Machine Thread - 0] INFO  ozoneimpl.OzoneContainer (OzoneContainer.java:startContainerScrub(179)) - Background container scanner has been disabled.
2019-09-28 01:12:59,922 [Datanode State Machine Thread - 0] INFO  ratis.XceiverServerRatis (XceiverServerRatis.java:start(411)) - Starting XceiverServerRatis d2027d58-a939-4807-998f-7c487ceff365 at port 0
2019-09-28 01:12:59,931 [Datanode State Machine Thread - 0] INFO  impl.RaftServerProxy (RaftServerProxy.java:lambda$start$3(299)) - d2027d58-a939-4807-998f-7c487ceff365: start RPC server
2019-09-28 01:12:59,995 [Datanode State Machine Thread - 0] INFO  server.GrpcService (GrpcService.java:startImpl(158)) - e82472fe-71fb-4472-b416-5021845f2f54: GrpcService started, listening on 0.0.0.0/0.0.0.0:44038
2019-09-28 01:12:59,994 [Datanode State Machine Thread - 0] INFO  server.GrpcService (GrpcService.java:startImpl(158)) - d2027d58-a939-4807-998f-7c487ceff365: GrpcService started, listening on 0.0.0.0/0.0.0.0:43961
2019-09-28 01:12:59,994 [Datanode State Machine Thread - 0] INFO  server.GrpcService (GrpcService.java:startImpl(158)) - 7ca580e1-9483-43e9-999f-08065f5f46f8: GrpcService started, listening on 0.0.0.0/0.0.0.0:39513
2019-09-28 01:12:59,995 [Datanode State Machine Thread - 0] INFO  ratis.XceiverServerRatis (XceiverServerRatis.java:start(421)) - XceiverServerRatis d2027d58-a939-4807-998f-7c487ceff365 is started using port 43961
2019-09-28 01:12:59,995 [Datanode State Machine Thread - 0] INFO  ratis.XceiverServerRatis (XceiverServerRatis.java:start(421)) - XceiverServerRatis e82472fe-71fb-4472-b416-5021845f2f54 is started using port 44038
2019-09-28 01:12:59,995 [Datanode State Machine Thread - 0] INFO  ratis.XceiverServerRatis (XceiverServerRatis.java:start(421)) - XceiverServerRatis 7ca580e1-9483-43e9-999f-08065f5f46f8 is started using port 39513
2019-09-28 01:13:00,006 [Datanode State Machine Thread - 0] INFO  server.XceiverServerGrpc (XceiverServerGrpc.java:start(149)) - XceiverServerGrpc e82472fe-71fb-4472-b416-5021845f2f54 is started using port 36544
2019-09-28 01:13:00,006 [Datanode State Machine Thread - 0] INFO  server.XceiverServerGrpc (XceiverServerGrpc.java:start(149)) - XceiverServerGrpc d2027d58-a939-4807-998f-7c487ceff365 is started using port 35858
2019-09-28 01:13:00,006 [Datanode State Machine Thread - 0] INFO  server.XceiverServerGrpc (XceiverServerGrpc.java:start(149)) - XceiverServerGrpc 7ca580e1-9483-43e9-999f-08065f5f46f8 is started using port 35307
2019-09-28 01:13:00,019 [Datanode State Machine Thread - 0] INFO  ozoneimpl.OzoneContainer (OzoneContainer.java:start(217)) - Attempting to start container services.
2019-09-28 01:13:00,020 [Datanode State Machine Thread - 0] INFO  ozoneimpl.OzoneContainer (OzoneContainer.java:startContainerScrub(179)) - Background container scanner has been disabled.
2019-09-28 01:13:00,020 [Datanode State Machine Thread - 0] INFO  ratis.XceiverServerRatis (XceiverServerRatis.java:start(411)) - Starting XceiverServerRatis 8a2f89dc-5374-4145-86d1-b1660ecca13e at port 0
2019-09-28 01:13:00,029 [Datanode State Machine Thread - 0] INFO  impl.RaftServerProxy (RaftServerProxy.java:lambda$start$3(299)) - 8a2f89dc-5374-4145-86d1-b1660ecca13e: start RPC server
2019-09-28 01:13:00,032 [Datanode State Machine Thread - 0] INFO  server.GrpcService (GrpcService.java:startImpl(158)) - 8a2f89dc-5374-4145-86d1-b1660ecca13e: GrpcService started, listening on 0.0.0.0/0.0.0.0:46179
2019-09-28 01:13:00,032 [Datanode State Machine Thread - 0] INFO  ratis.XceiverServerRatis (XceiverServerRatis.java:start(421)) - XceiverServerRatis 8a2f89dc-5374-4145-86d1-b1660ecca13e is started using port 46179
2019-09-28 01:13:00,035 [Datanode State Machine Thread - 0] INFO  server.XceiverServerGrpc (XceiverServerGrpc.java:start(149)) - XceiverServerGrpc 8a2f89dc-5374-4145-86d1-b1660ecca13e is started using port 46675
2019-09-28 01:13:00,095 [Datanode State Machine Thread - 0] INFO  ozoneimpl.OzoneContainer (OzoneContainer.java:start(217)) - Attempting to start container services.
2019-09-28 01:13:00,096 [Datanode State Machine Thread - 0] INFO  ozoneimpl.OzoneContainer (OzoneContainer.java:startContainerScrub(179)) - Background container scanner has been disabled.
2019-09-28 01:13:00,096 [Datanode State Machine Thread - 0] INFO  ratis.XceiverServerRatis (XceiverServerRatis.java:start(411)) - Starting XceiverServerRatis 726dacf1-2c06-45a9-9365-4f0196171786 at port 0
2019-09-28 01:13:00,104 [Datanode State Machine Thread - 0] INFO  impl.RaftServerProxy (RaftServerProxy.java:lambda$start$3(299)) - 726dacf1-2c06-45a9-9365-4f0196171786: start RPC server
2019-09-28 01:13:00,108 [Datanode State Machine Thread - 0] INFO  server.GrpcService (GrpcService.java:startImpl(158)) - 726dacf1-2c06-45a9-9365-4f0196171786: GrpcService started, listening on 0.0.0.0/0.0.0.0:39922
2019-09-28 01:13:00,109 [Datanode State Machine Thread - 0] INFO  ratis.XceiverServerRatis (XceiverServerRatis.java:start(421)) - XceiverServerRatis 726dacf1-2c06-45a9-9365-4f0196171786 is started using port 39922
2019-09-28 01:13:00,113 [Datanode State Machine Thread - 0] INFO  server.XceiverServerGrpc (XceiverServerGrpc.java:start(149)) - XceiverServerGrpc 726dacf1-2c06-45a9-9365-4f0196171786 is started using port 34334
2019-09-28 01:13:00,162 [Datanode State Machine Thread - 0] INFO  ozoneimpl.OzoneContainer (OzoneContainer.java:start(217)) - Attempting to start container services.
2019-09-28 01:13:00,162 [Datanode State Machine Thread - 0] INFO  ozoneimpl.OzoneContainer (OzoneContainer.java:startContainerScrub(179)) - Background container scanner has been disabled.
2019-09-28 01:13:00,162 [Datanode State Machine Thread - 0] INFO  ratis.XceiverServerRatis (XceiverServerRatis.java:start(411)) - Starting XceiverServerRatis 8bf5c620-efb5-49b6-a768-f4179fc43006 at port 0
2019-09-28 01:13:00,168 [Datanode State Machine Thread - 0] INFO  impl.RaftServerProxy (RaftServerProxy.java:lambda$start$3(299)) - 8bf5c620-efb5-49b6-a768-f4179fc43006: start RPC server
2019-09-28 01:13:00,173 [Datanode State Machine Thread - 0] INFO  server.GrpcService (GrpcService.java:startImpl(158)) - 8bf5c620-efb5-49b6-a768-f4179fc43006: GrpcService started, listening on 0.0.0.0/0.0.0.0:41397
2019-09-28 01:13:00,173 [Datanode State Machine Thread - 0] INFO  ratis.XceiverServerRatis (XceiverServerRatis.java:start(421)) - XceiverServerRatis 8bf5c620-efb5-49b6-a768-f4179fc43006 is started using port 41397
2019-09-28 01:13:00,177 [Datanode State Machine Thread - 0] INFO  server.XceiverServerGrpc (XceiverServerGrpc.java:start(149)) - XceiverServerGrpc 8bf5c620-efb5-49b6-a768-f4179fc43006 is started using port 34928
2019-09-28 01:13:00,240 [Datanode State Machine Thread - 0] INFO  ozoneimpl.OzoneContainer (OzoneContainer.java:start(217)) - Attempting to start container services.
2019-09-28 01:13:00,241 [Datanode State Machine Thread - 0] INFO  ozoneimpl.OzoneContainer (OzoneContainer.java:startContainerScrub(179)) - Background container scanner has been disabled.
2019-09-28 01:13:00,241 [Datanode State Machine Thread - 0] INFO  ratis.XceiverServerRatis (XceiverServerRatis.java:start(411)) - Starting XceiverServerRatis d8ea7beb-83bc-4703-8607-f43fb93ff04f at port 0
2019-09-28 01:13:00,249 [Datanode State Machine Thread - 0] INFO  impl.RaftServerProxy (RaftServerProxy.java:lambda$start$3(299)) - d8ea7beb-83bc-4703-8607-f43fb93ff04f: start RPC server
2019-09-28 01:13:00,254 [Datanode State Machine Thread - 0] INFO  server.GrpcService (GrpcService.java:startImpl(158)) - d8ea7beb-83bc-4703-8607-f43fb93ff04f: GrpcService started, listening on 0.0.0.0/0.0.0.0:34522
2019-09-28 01:13:00,254 [Datanode State Machine Thread - 0] INFO  ratis.XceiverServerRatis (XceiverServerRatis.java:start(421)) - XceiverServerRatis d8ea7beb-83bc-4703-8607-f43fb93ff04f is started using port 34522
2019-09-28 01:13:00,259 [Datanode State Machine Thread - 0] INFO  server.XceiverServerGrpc (XceiverServerGrpc.java:start(149)) - XceiverServerGrpc d8ea7beb-83bc-4703-8607-f43fb93ff04f is started using port 42188
2019-09-28 01:13:00,319 [Datanode State Machine Thread - 0] INFO  ozoneimpl.OzoneContainer (OzoneContainer.java:start(217)) - Attempting to start container services.
2019-09-28 01:13:00,319 [Datanode State Machine Thread - 0] INFO  ozoneimpl.OzoneContainer (OzoneContainer.java:startContainerScrub(179)) - Background container scanner has been disabled.
2019-09-28 01:13:00,319 [Datanode State Machine Thread - 0] INFO  ratis.XceiverServerRatis (XceiverServerRatis.java:start(411)) - Starting XceiverServerRatis 302d3587-349c-4e62-abb8-2673f37c3eec at port 0
2019-09-28 01:13:00,329 [Datanode State Machine Thread - 0] INFO  impl.RaftServerProxy (RaftServerProxy.java:lambda$start$3(299)) - 302d3587-349c-4e62-abb8-2673f37c3eec: start RPC server
2019-09-28 01:13:00,337 [Datanode State Machine Thread - 0] INFO  server.GrpcService (GrpcService.java:startImpl(158)) - 302d3587-349c-4e62-abb8-2673f37c3eec: GrpcService started, listening on 0.0.0.0/0.0.0.0:36453
2019-09-28 01:13:00,337 [Datanode State Machine Thread - 0] INFO  ratis.XceiverServerRatis (XceiverServerRatis.java:start(421)) - XceiverServerRatis 302d3587-349c-4e62-abb8-2673f37c3eec is started using port 36453
2019-09-28 01:13:00,347 [Datanode State Machine Thread - 0] INFO  server.XceiverServerGrpc (XceiverServerGrpc.java:start(149)) - XceiverServerGrpc 302d3587-349c-4e62-abb8-2673f37c3eec is started using port 42304
2019-09-28 01:13:00,400 [Datanode State Machine Thread - 0] INFO  ozoneimpl.OzoneContainer (OzoneContainer.java:start(217)) - Attempting to start container services.
2019-09-28 01:13:00,400 [Datanode State Machine Thread - 0] INFO  ozoneimpl.OzoneContainer (OzoneContainer.java:startContainerScrub(179)) - Background container scanner has been disabled.
2019-09-28 01:13:00,400 [Datanode State Machine Thread - 0] INFO  ratis.XceiverServerRatis (XceiverServerRatis.java:start(411)) - Starting XceiverServerRatis cab9505b-c3df-4889-be4c-e0933a387faa at port 0
2019-09-28 01:13:00,409 [Datanode State Machine Thread - 0] INFO  impl.RaftServerProxy (RaftServerProxy.java:lambda$start$3(299)) - cab9505b-c3df-4889-be4c-e0933a387faa: start RPC server
2019-09-28 01:13:00,416 [Datanode State Machine Thread - 0] INFO  server.GrpcService (GrpcService.java:startImpl(158)) - cab9505b-c3df-4889-be4c-e0933a387faa: GrpcService started, listening on 0.0.0.0/0.0.0.0:36450
2019-09-28 01:13:00,416 [Datanode State Machine Thread - 0] INFO  ratis.XceiverServerRatis (XceiverServerRatis.java:start(421)) - XceiverServerRatis cab9505b-c3df-4889-be4c-e0933a387faa is started using port 36450
2019-09-28 01:13:00,422 [Datanode State Machine Thread - 0] INFO  server.XceiverServerGrpc (XceiverServerGrpc.java:start(149)) - XceiverServerGrpc cab9505b-c3df-4889-be4c-e0933a387faa is started using port 46512
2019-09-28 01:13:00,453 [main] INFO  ozone.MiniOzoneClusterImpl (MiniOzoneClusterImpl.java:lambda$waitForClusterToBeReady$0(147)) - Waiting for cluster to be ready. Got 0 of 10 DN Heartbeats.
2019-09-28 01:13:00,478 [Datanode State Machine Thread - 0] INFO  ozoneimpl.OzoneContainer (OzoneContainer.java:start(217)) - Attempting to start container services.
2019-09-28 01:13:00,478 [Datanode State Machine Thread - 0] INFO  ozoneimpl.OzoneContainer (OzoneContainer.java:startContainerScrub(179)) - Background container scanner has been disabled.
2019-09-28 01:13:00,479 [Datanode State Machine Thread - 0] INFO  ratis.XceiverServerRatis (XceiverServerRatis.java:start(411)) - Starting XceiverServerRatis c5982eae-d64d-4d85-bf8e-680be3da7c97 at port 0
2019-09-28 01:13:00,488 [Datanode State Machine Thread - 0] INFO  impl.RaftServerProxy (RaftServerProxy.java:lambda$start$3(299)) - c5982eae-d64d-4d85-bf8e-680be3da7c97: start RPC server
2019-09-28 01:13:00,505 [Datanode State Machine Thread - 0] INFO  server.GrpcService (GrpcService.java:startImpl(158)) - c5982eae-d64d-4d85-bf8e-680be3da7c97: GrpcService started, listening on 0.0.0.0/0.0.0.0:39895
2019-09-28 01:13:00,506 [Datanode State Machine Thread - 0] INFO  ratis.XceiverServerRatis (XceiverServerRatis.java:start(421)) - XceiverServerRatis c5982eae-d64d-4d85-bf8e-680be3da7c97 is started using port 39895
2019-09-28 01:13:00,529 [Datanode State Machine Thread - 0] INFO  server.XceiverServerGrpc (XceiverServerGrpc.java:start(149)) - XceiverServerGrpc c5982eae-d64d-4d85-bf8e-680be3da7c97 is started using port 39857
2019-09-28 01:13:01,456 [main] INFO  ozone.MiniOzoneClusterImpl (MiniOzoneClusterImpl.java:lambda$waitForClusterToBeReady$0(147)) - Waiting for cluster to be ready. Got 0 of 10 DN Heartbeats.
2019-09-28 01:13:01,768 [IPC Server handler 7 on 33418] INFO  net.NetworkTopology (NetworkTopologyImpl.java:add(111)) - Added a new node: /rack1/7ca580e1-9483-43e9-999f-08065f5f46f8
2019-09-28 01:13:01,769 [IPC Server handler 7 on 33418] INFO  node.SCMNodeManager (SCMNodeManager.java:register(266)) - Registered Data node : 7ca580e1-9483-43e9-999f-08065f5f46f8{ip: 192.168.151.82, host: pr-hdds-2162-8g7kw-3348123894, networkLocation: /rack1, certSerialId: null}
2019-09-28 01:13:01,775 [EventQueue-NodeRegistrationContainerReportForDataNodeSafeModeRule] INFO  safemode.SCMSafeModeManager (DataNodeSafeModeRule.java:process(71)) - SCM in safe mode. 1 DataNodes registered, 1 required.
2019-09-28 01:13:01,775 [EventQueue-NodeRegistrationContainerReportForDataNodeSafeModeRule] INFO  safemode.SCMSafeModeManager (SCMSafeModeManager.java:validateSafeModeExitRules(177)) - ScmSafeModeManager, all rules are successfully validated
2019-09-28 01:13:01,776 [EventQueue-NodeRegistrationContainerReportForDataNodeSafeModeRule] INFO  safemode.SCMSafeModeManager (SCMSafeModeManager.java:exitSafeMode(193)) - SCM exiting safe mode.
2019-09-28 01:13:01,816 [IPC Server handler 4 on 33418] INFO  net.NetworkTopology (NetworkTopologyImpl.java:add(111)) - Added a new node: /rack1/e82472fe-71fb-4472-b416-5021845f2f54
2019-09-28 01:13:01,816 [IPC Server handler 4 on 33418] INFO  node.SCMNodeManager (SCMNodeManager.java:register(266)) - Registered Data node : e82472fe-71fb-4472-b416-5021845f2f54{ip: 192.168.151.82, host: pr-hdds-2162-8g7kw-3348123894, networkLocation: /rack1, certSerialId: null}
2019-09-28 01:13:01,909 [IPC Server handler 5 on 33418] INFO  net.NetworkTopology (NetworkTopologyImpl.java:add(111)) - Added a new node: /rack1/d2027d58-a939-4807-998f-7c487ceff365
2019-09-28 01:13:01,909 [IPC Server handler 5 on 33418] INFO  node.SCMNodeManager (SCMNodeManager.java:register(266)) - Registered Data node : d2027d58-a939-4807-998f-7c487ceff365{ip: 192.168.151.82, host: pr-hdds-2162-8g7kw-3348123894, networkLocation: /rack1, certSerialId: null}
2019-09-28 01:13:02,002 [IPC Server handler 0 on 33418] INFO  net.NetworkTopology (NetworkTopologyImpl.java:add(111)) - Added a new node: /rack1/8a2f89dc-5374-4145-86d1-b1660ecca13e
2019-09-28 01:13:02,003 [IPC Server handler 0 on 33418] INFO  node.SCMNodeManager (SCMNodeManager.java:register(266)) - Registered Data node : 8a2f89dc-5374-4145-86d1-b1660ecca13e{ip: 192.168.151.82, host: pr-hdds-2162-8g7kw-3348123894, networkLocation: /rack1, certSerialId: null}
2019-09-28 01:13:02,075 [IPC Server handler 2 on 33418] INFO  net.NetworkTopology (NetworkTopologyImpl.java:add(111)) - Added a new node: /rack1/726dacf1-2c06-45a9-9365-4f0196171786
2019-09-28 01:13:02,076 [IPC Server handler 2 on 33418] INFO  node.SCMNodeManager (SCMNodeManager.java:register(266)) - Registered Data node : 726dacf1-2c06-45a9-9365-4f0196171786{ip: 192.168.151.82, host: pr-hdds-2162-8g7kw-3348123894, networkLocation: /rack1, certSerialId: null}
2019-09-28 01:13:02,149 [IPC Server handler 11 on 33418] INFO  net.NetworkTopology (NetworkTopologyImpl.java:add(111)) - Added a new node: /rack1/8bf5c620-efb5-49b6-a768-f4179fc43006
2019-09-28 01:13:02,149 [IPC Server handler 11 on 33418] INFO  node.SCMNodeManager (SCMNodeManager.java:register(266)) - Registered Data node : 8bf5c620-efb5-49b6-a768-f4179fc43006{ip: 192.168.151.82, host: pr-hdds-2162-8g7kw-3348123894, networkLocation: /rack1, certSerialId: null}
2019-09-28 01:13:02,230 [IPC Server handler 10 on 33418] INFO  net.NetworkTopology (NetworkTopologyImpl.java:add(111)) - Added a new node: /rack1/d8ea7beb-83bc-4703-8607-f43fb93ff04f
2019-09-28 01:13:02,230 [IPC Server handler 10 on 33418] INFO  node.SCMNodeManager (SCMNodeManager.java:register(266)) - Registered Data node : d8ea7beb-83bc-4703-8607-f43fb93ff04f{ip: 192.168.151.82, host: pr-hdds-2162-8g7kw-3348123894, networkLocation: /rack1, certSerialId: null}
2019-09-28 01:13:02,307 [IPC Server handler 9 on 33418] INFO  net.NetworkTopology (NetworkTopologyImpl.java:add(111)) - Added a new node: /rack1/302d3587-349c-4e62-abb8-2673f37c3eec
2019-09-28 01:13:02,308 [IPC Server handler 9 on 33418] INFO  node.SCMNodeManager (SCMNodeManager.java:register(266)) - Registered Data node : 302d3587-349c-4e62-abb8-2673f37c3eec{ip: 192.168.151.82, host: pr-hdds-2162-8g7kw-3348123894, networkLocation: /rack1, certSerialId: null}
2019-09-28 01:13:02,386 [IPC Server handler 8 on 33418] INFO  net.NetworkTopology (NetworkTopologyImpl.java:add(111)) - Added a new node: /rack1/cab9505b-c3df-4889-be4c-e0933a387faa
2019-09-28 01:13:02,387 [IPC Server handler 8 on 33418] INFO  node.SCMNodeManager (SCMNodeManager.java:register(266)) - Registered Data node : cab9505b-c3df-4889-be4c-e0933a387faa{ip: 192.168.151.82, host: pr-hdds-2162-8g7kw-3348123894, networkLocation: /rack1, certSerialId: null}
2019-09-28 01:13:02,429 [grpc-default-executor-0] INFO  impl.RaftServerProxy (RaftServerProxy.java:addNew(89)) - 7ca580e1-9483-43e9-999f-08065f5f46f8: addNew group-D0E4ABE7B523:[7ca580e1-9483-43e9-999f-08065f5f46f8:192.168.151.82:39513] returns group-D0E4ABE7B523:java.util.concurrent.CompletableFuture@2f626924[Not completed]
2019-09-28 01:13:02,460 [main] INFO  ozone.MiniOzoneClusterImpl (MiniOzoneClusterImpl.java:lambda$waitForClusterToBeReady$0(147)) - Waiting for cluster to be ready. Got 9 of 10 DN Heartbeats.
2019-09-28 01:13:02,469 [IPC Server handler 7 on 33418] INFO  net.NetworkTopology (NetworkTopologyImpl.java:add(111)) - Added a new node: /rack1/c5982eae-d64d-4d85-bf8e-680be3da7c97
2019-09-28 01:13:02,469 [IPC Server handler 7 on 33418] INFO  node.SCMNodeManager (SCMNodeManager.java:register(266)) - Registered Data node : c5982eae-d64d-4d85-bf8e-680be3da7c97{ip: 192.168.151.82, host: pr-hdds-2162-8g7kw-3348123894, networkLocation: /rack1, certSerialId: null}
2019-09-28 01:13:02,471 [pool-27-thread-1] INFO  impl.RaftServerImpl (RaftServerImpl.java:<init>(95)) - 7ca580e1-9483-43e9-999f-08065f5f46f8: new RaftServerImpl for group-D0E4ABE7B523:[7ca580e1-9483-43e9-999f-08065f5f46f8:192.168.151.82:39513] with ContainerStateMachine:uninitialized
2019-09-28 01:13:02,474 [pool-27-thread-1] INFO  server.RaftServerConfigKeys (ConfUtils.java:logGet(43)) - raft.server.rpc.timeout.min = 1s (custom)
2019-09-28 01:13:02,475 [pool-27-thread-1] INFO  server.RaftServerConfigKeys (ConfUtils.java:logGet(43)) - raft.server.rpc.timeout.max = 1200ms (custom)
2019-09-28 01:13:02,475 [pool-27-thread-1] INFO  server.RaftServerConfigKeys (ConfUtils.java:logGet(43)) - raft.server.rpcslowness.timeout = 120s (custom)
2019-09-28 01:13:02,476 [pool-27-thread-1] INFO  server.RaftServerConfigKeys (ConfUtils.java:logGet(43)) - raft.server.sleep.deviation.threshold = 300 (default)
2019-09-28 01:13:02,477 [pool-27-thread-1] INFO  server.RaftServerConfigKeys (ConfUtils.java:logGet(43)) - raft.server.log.appender.install.snapshot.enabled = false (custom)
2019-09-28 01:13:02,488 [pool-27-thread-1] INFO  impl.RaftServerImpl (ServerState.java:<init>(103)) - 7ca580e1-9483-43e9-999f-08065f5f46f8@group-D0E4ABE7B523: ConfigurationManager, init=-1: [7ca580e1-9483-43e9-999f-08065f5f46f8:192.168.151.82:39513], old=null, confs=<EMPTY_MAP>
2019-09-28 01:13:02,489 [pool-27-thread-1] INFO  server.RaftServerConfigKeys (ConfUtils.java:logGet(43)) - raft.server.storage.dir = [/workdir/hadoop-ozone/integration-test/target/test-dir/MiniOzoneClusterImpl-fa4977c4-dda7-4050-b4ba-2f9fed17fcef/datanode-0/data/ratis] (custom)
2019-09-28 01:13:02,499 [pool-27-thread-1] INFO  storage.RaftStorageDirectory (RaftStorageDirectory.java:analyzeStorage(246)) - The storage directory /workdir/hadoop-ozone/integration-test/target/test-dir/MiniOzoneClusterImpl-fa4977c4-dda7-4050-b4ba-2f9fed17fcef/datanode-0/data/ratis/03836a8e-a8d3-4767-8f56-d0e4abe7b523 does not exist. Creating ...
2019-09-28 01:13:02,533 [pool-27-thread-1] INFO  storage.RaftStorageDirectory (RaftStorageDirectory.java:tryLock(328)) - Lock on /workdir/hadoop-ozone/integration-test/target/test-dir/MiniOzoneClusterImpl-fa4977c4-dda7-4050-b4ba-2f9fed17fcef/datanode-0/data/ratis/03836a8e-a8d3-4767-8f56-d0e4abe7b523/in_use.lock acquired by nodename 30873@pr-hdds-2162-8g7kw-3348123894
2019-09-28 01:13:02,549 [pool-27-thread-1] INFO  storage.RaftStorage (RaftStorage.java:format(72)) - Storage directory /workdir/hadoop-ozone/integration-test/target/test-dir/MiniOzoneClusterImpl-fa4977c4-dda7-4050-b4ba-2f9fed17fcef/datanode-0/data/ratis/03836a8e-a8d3-4767-8f56-d0e4abe7b523 has been successfully formatted.
2019-09-28 01:13:02,552 [pool-27-thread-1] INFO  ratis.ContainerStateMachine (ContainerStateMachine.java:loadSnapshot(230)) - group-D0E4ABE7B523: The snapshot info is null. Setting the last applied indexto:(t:0, i:~)
2019-09-28 01:13:02,552 [pool-27-thread-1] INFO  server.RaftServerConfigKeys (ConfUtils.java:logGet(43)) - raft.server.notification.no-leader.timeout = 120s (custom)
2019-09-28 01:13:02,555 [pool-27-thread-1] INFO  server.RaftServerConfigKeys (ConfUtils.java:logGet(43)) - raft.server.log.use.memory = false (default)
2019-09-28 01:13:02,562 [pool-27-thread-1] INFO  server.RaftServerConfigKeys (ConfUtils.java:logGet(43)) - raft.server.log.purge.gap = 1000000 (custom)
2019-09-28 01:13:02,562 [pool-27-thread-1] INFO  server.RaftServerConfigKeys (ConfUtils.java:logGet(43)) - raft.server.log.appender.buffer.byte-limit = 33554432 (custom)
2019-09-28 01:13:02,565 [pool-27-thread-1] INFO  server.RaftServerConfigKeys (ConfUtils.java:logGet(43)) - raft.server.log.segment.size.max = 1048576 (custom)
2019-09-28 01:13:02,571 [pool-27-thread-1] INFO  server.RaftServerConfigKeys (ConfUtils.java:logGet(43)) - raft.server.log.segment.cache.num.max = 2 (custom)
2019-09-28 01:13:02,577 [pool-27-thread-1] INFO  segmented.SegmentedRaftLogWorker (SegmentedRaftLogWorker.java:<init>(172)) - new 7ca580e1-9483-43e9-999f-08065f5f46f8@group-D0E4ABE7B523-SegmentedRaftLogWorker for RaftStorage:Storage Directory /workdir/hadoop-ozone/integration-test/target/test-dir/MiniOzoneClusterImpl-fa4977c4-dda7-4050-b4ba-2f9fed17fcef/datanode-0/data/ratis/03836a8e-a8d3-4767-8f56-d0e4abe7b523
2019-09-28 01:13:02,579 [pool-27-thread-1] INFO  impl.MetricsSystemImpl (MetricsSystemImpl.java:init(158)) - ratis metrics system started (again)
2019-09-28 01:13:02,587 [pool-27-thread-1] INFO  metrics.MetricRegistries (MetricRegistriesLoader.java:load(64)) - Loaded MetricRegistries class org.apache.ratis.metrics.impl.MetricRegistriesImpl
2019-09-28 01:13:02,620 [pool-27-thread-1] INFO  server.RaftServerConfigKeys (ConfUtils.java:logGet(43)) - raft.server.log.queue.byte-limit = 2147483647 (custom)
2019-09-28 01:13:02,620 [pool-27-thread-1] INFO  server.RaftServerConfigKeys (ConfUtils.java:logGet(43)) - raft.server.log.queue.element-limit = 1024 (custom)
2019-09-28 01:13:02,624 [pool-27-thread-1] INFO  server.RaftServerConfigKeys (ConfUtils.java:logGet(43)) - raft.server.log.segment.size.max = 1048576 (custom)
2019-09-28 01:13:02,624 [pool-27-thread-1] INFO  server.RaftServerConfigKeys (ConfUtils.java:logGet(43)) - raft.server.log.preallocated.size = 16384 (custom)
2019-09-28 01:13:02,625 [pool-27-thread-1] INFO  server.RaftServerConfigKeys (ConfUtils.java:logGet(43)) - raft.server.log.write.buffer.size = 33554432 (custom)
2019-09-28 01:13:02,625 [pool-27-thread-1] INFO  server.RaftServerConfigKeys (ConfUtils.java:logGet(43)) - raft.server.log.force.sync.num = 128 (default)
2019-09-28 01:13:02,626 [pool-27-thread-1] INFO  server.RaftServerConfigKeys (ConfUtils.java:logGet(43)) - raft.server.log.statemachine.data.sync = true (default)
2019-09-28 01:13:02,626 [pool-27-thread-1] INFO  server.RaftServerConfigKeys (ConfUtils.java:logGet(43)) - raft.server.log.statemachine.data.sync.timeout = 10s (default)
2019-09-28 01:13:02,627 [pool-27-thread-1] INFO  server.RaftServerConfigKeys (ConfUtils.java:logGet(43)) - raft.server.log.statemachine.data.sync.timeout.retry = -1 (default)
2019-09-28 01:13:02,636 [pool-27-thread-1] INFO  server.RaftServerConfigKeys (ConfUtils.java:logGet(43)) - raft.server.log.statemachine.data.caching.enabled = true (custom)
2019-09-28 01:13:02,640 [pool-27-thread-1] INFO  segmented.SegmentedRaftLogWorker (SegmentedRaftLogWorker.java:lambda$new$0(132)) - 7ca580e1-9483-43e9-999f-08065f5f46f8@group-D0E4ABE7B523-SegmentedRaftLogWorker: flushIndex: setUnconditionally 0 -> -1
2019-09-28 01:13:02,645 [pool-27-thread-1] INFO  server.RaftServerConfigKeys (ConfUtils.java:logGet(43)) - raft.server.snapshot.auto.trigger.enabled = true (custom)
2019-09-28 01:13:02,645 [pool-27-thread-1] INFO  server.RaftServerConfigKeys (ConfUtils.java:logGet(43)) - raft.server.snapshot.auto.trigger.threshold = 10000 (custom)
2019-09-28 01:13:02,646 [pool-27-thread-1] INFO  server.RaftServerConfigKeys (ConfUtils.java:logGet(43)) - raft.server.snapshot.retention.num.files = 5 (custom)
2019-09-28 01:13:02,646 [pool-27-thread-1] INFO  server.RaftServerConfigKeys (ConfUtils.java:logGet(43)) - raft.server.retrycache.expirytime = 600000ms (custom)
2019-09-28 01:13:02,673 [pool-27-thread-1] INFO  impl.RaftServerImpl (RaftServerImpl.java:start(185)) - 7ca580e1-9483-43e9-999f-08065f5f46f8@group-D0E4ABE7B523: start as a follower, conf=-1: [7ca580e1-9483-43e9-999f-08065f5f46f8:192.168.151.82:39513], old=null
2019-09-28 01:13:02,674 [pool-27-thread-1] INFO  impl.RaftServerImpl (RaftServerImpl.java:setRole(174)) - 7ca580e1-9483-43e9-999f-08065f5f46f8@group-D0E4ABE7B523: changes role from      null to FOLLOWER at term 0 for startAsFollower
2019-09-28 01:13:02,675 [pool-27-thread-1] INFO  impl.RoleInfo (RoleInfo.java:updateAndGet(143)) - 7ca580e1-9483-43e9-999f-08065f5f46f8: start FollowerState
2019-09-28 01:13:02,677 [pool-27-thread-1] INFO  util.JmxRegister (JmxRegister.java:tryRegister(44)) - Successfully registered JMX Bean with object name Ratis:service=RaftServer,group=group-D0E4ABE7B523,id=7ca580e1-9483-43e9-999f-08065f5f46f8
2019-09-28 01:13:02,749 [RatisPipelineUtilsThread] INFO  pipeline.PipelineStateManager (PipelineStateManager.java:addPipeline(56)) - Created pipeline Pipeline[ Id: 03836a8e-a8d3-4767-8f56-d0e4abe7b523, Nodes: 7ca580e1-9483-43e9-999f-08065f5f46f8{ip: 192.168.151.82, host: pr-hdds-2162-8g7kw-3348123894, networkLocation: /rack1, certSerialId: null}, Type:RATIS, Factor:ONE, State:OPEN]
2019-09-28 01:13:02,778 [grpc-default-executor-0] INFO  impl.RaftServerProxy (RaftServerProxy.java:addNew(89)) - 726dacf1-2c06-45a9-9365-4f0196171786: addNew group-D9E302FCED46:[726dacf1-2c06-45a9-9365-4f0196171786:192.168.151.82:39922] returns group-D9E302FCED46:java.util.concurrent.CompletableFuture@4109154e[Not completed]
2019-09-28 01:13:02,844 [pool-67-thread-1] INFO  impl.RaftServerImpl (RaftServerImpl.java:<init>(95)) - 726dacf1-2c06-45a9-9365-4f0196171786: new RaftServerImpl for group-D9E302FCED46:[726dacf1-2c06-45a9-9365-4f0196171786:192.168.151.82:39922] with ContainerStateMachine:uninitialized
2019-09-28 01:13:02,845 [pool-67-thread-1] INFO  server.RaftServerConfigKeys (ConfUtils.java:logGet(43)) - raft.server.rpc.timeout.min = 1s (custom)
2019-09-28 01:13:02,846 [pool-67-thread-1] INFO  server.RaftServerConfigKeys (ConfUtils.java:logGet(43)) - raft.server.rpc.timeout.max = 1200ms (custom)
2019-09-28 01:13:02,846 [pool-67-thread-1] INFO  server.RaftServerConfigKeys (ConfUtils.java:logGet(43)) - raft.server.rpcslowness.timeout = 120s (custom)
2019-09-28 01:13:02,846 [pool-67-thread-1] INFO  server.RaftServerConfigKeys (ConfUtils.java:logGet(43)) - raft.server.sleep.deviation.threshold = 300 (default)
2019-09-28 01:13:02,846 [pool-67-thread-1] INFO  server.RaftServerConfigKeys (ConfUtils.java:logGet(43)) - raft.server.log.appender.install.snapshot.enabled = false (custom)
2019-09-28 01:13:02,846 [pool-67-thread-1] INFO  impl.RaftServerImpl (ServerState.java:<init>(103)) - 726dacf1-2c06-45a9-9365-4f0196171786@group-D9E302FCED46: ConfigurationManager, init=-1: [726dacf1-2c06-45a9-9365-4f0196171786:192.168.151.82:39922], old=null, confs=<EMPTY_MAP>
2019-09-28 01:13:02,847 [pool-67-thread-1] INFO  server.RaftServerConfigKeys (ConfUtils.java:logGet(43)) - raft.server.storage.dir = [/workdir/hadoop-ozone/integration-test/target/test-dir/MiniOzoneClusterImpl-fa4977c4-dda7-4050-b4ba-2f9fed17fcef/datanode-4/data/ratis] (custom)
2019-09-28 01:13:02,847 [pool-67-thread-1] INFO  storage.RaftStorageDirectory (RaftStorageDirectory.java:analyzeStorage(246)) - The storage directory /workdir/hadoop-ozone/integration-test/target/test-dir/MiniOzoneClusterImpl-fa4977c4-dda7-4050-b4ba-2f9fed17fcef/datanode-4/data/ratis/fe053c1b-2b52-4699-994b-d9e302fced46 does not exist. Creating ...
2019-09-28 01:13:02,873 [pool-67-thread-1] INFO  storage.RaftStorageDirectory (RaftStorageDirectory.java:tryLock(328)) - Lock on /workdir/hadoop-ozone/integration-test/target/test-dir/MiniOzoneClusterImpl-fa4977c4-dda7-4050-b4ba-2f9fed17fcef/datanode-4/data/ratis/fe053c1b-2b52-4699-994b-d9e302fced46/in_use.lock acquired by nodename 30873@pr-hdds-2162-8g7kw-3348123894
2019-09-28 01:13:02,894 [pool-67-thread-1] INFO  storage.RaftStorage (RaftStorage.java:format(72)) - Storage directory /workdir/hadoop-ozone/integration-test/target/test-dir/MiniOzoneClusterImpl-fa4977c4-dda7-4050-b4ba-2f9fed17fcef/datanode-4/data/ratis/fe053c1b-2b52-4699-994b-d9e302fced46 has been successfully formatted.
2019-09-28 01:13:02,897 [pool-67-thread-1] INFO  ratis.ContainerStateMachine (ContainerStateMachine.java:loadSnapshot(230)) - group-D9E302FCED46: The snapshot info is null. Setting the last applied indexto:(t:0, i:~)
2019-09-28 01:13:02,899 [pool-67-thread-1] INFO  server.RaftServerConfigKeys (ConfUtils.java:logGet(43)) - raft.server.notification.no-leader.timeout = 120s (custom)
2019-09-28 01:13:02,899 [pool-67-thread-1] INFO  server.RaftServerConfigKeys (ConfUtils.java:logGet(43)) - raft.server.log.use.memory = false (default)
2019-09-28 01:13:02,900 [pool-67-thread-1] INFO  server.RaftServerConfigKeys (ConfUtils.java:logGet(43)) - raft.server.log.purge.gap = 1000000 (custom)
2019-09-28 01:13:02,900 [pool-67-thread-1] INFO  server.RaftServerConfigKeys (ConfUtils.java:logGet(43)) - raft.server.log.appender.buffer.byte-limit = 33554432 (custom)
2019-09-28 01:13:02,900 [pool-67-thread-1] INFO  server.RaftServerConfigKeys (ConfUtils.java:logGet(43)) - raft.server.log.segment.size.max = 1048576 (custom)
2019-09-28 01:13:02,900 [pool-67-thread-1] INFO  server.RaftServerConfigKeys (ConfUtils.java:logGet(43)) - raft.server.log.segment.cache.num.max = 2 (custom)
2019-09-28 01:13:02,900 [pool-67-thread-1] INFO  segmented.SegmentedRaftLogWorker (SegmentedRaftLogWorker.java:<init>(172)) - new 726dacf1-2c06-45a9-9365-4f0196171786@group-D9E302FCED46-SegmentedRaftLogWorker for RaftStorage:Storage Directory /workdir/hadoop-ozone/integration-test/target/test-dir/MiniOzoneClusterImpl-fa4977c4-dda7-4050-b4ba-2f9fed17fcef/datanode-4/data/ratis/fe053c1b-2b52-4699-994b-d9e302fced46
2019-09-28 01:13:02,909 [pool-67-thread-1] INFO  server.RaftServerConfigKeys (ConfUtils.java:logGet(43)) - raft.server.log.queue.byte-limit = 2147483647 (custom)
2019-09-28 01:13:02,910 [pool-67-thread-1] INFO  server.RaftServerConfigKeys (ConfUtils.java:logGet(43)) - raft.server.log.queue.element-limit = 1024 (custom)
2019-09-28 01:13:02,910 [pool-67-thread-1] INFO  server.RaftServerConfigKeys (ConfUtils.java:logGet(43)) - raft.server.log.segment.size.max = 1048576 (custom)
2019-09-28 01:13:02,910 [pool-67-thread-1] INFO  server.RaftServerConfigKeys (ConfUtils.java:logGet(43)) - raft.server.log.preallocated.size = 16384 (custom)
2019-09-28 01:13:02,910 [pool-67-thread-1] INFO  server.RaftServerConfigKeys (ConfUtils.java:logGet(43)) - raft.server.log.write.buffer.size = 33554432 (custom)
2019-09-28 01:13:02,911 [pool-67-thread-1] INFO  server.RaftServerConfigKeys (ConfUtils.java:logGet(43)) - raft.server.log.force.sync.num = 128 (default)
2019-09-28 01:13:02,911 [pool-67-thread-1] INFO  server.RaftServerConfigKeys (ConfUtils.java:logGet(43)) - raft.server.log.statemachine.data.sync = true (default)
2019-09-28 01:13:02,911 [pool-67-thread-1] INFO  server.RaftServerConfigKeys (ConfUtils.java:logGet(43)) - raft.server.log.statemachine.data.sync.timeout = 10s (default)
2019-09-28 01:13:02,911 [pool-67-thread-1] INFO  server.RaftServerConfigKeys (ConfUtils.java:logGet(43)) - raft.server.log.statemachine.data.sync.timeout.retry = -1 (default)
2019-09-28 01:13:02,912 [pool-67-thread-1] INFO  server.RaftServerConfigKeys (ConfUtils.java:logGet(43)) - raft.server.log.statemachine.data.caching.enabled = true (custom)
2019-09-28 01:13:02,912 [pool-67-thread-1] INFO  segmented.SegmentedRaftLogWorker (SegmentedRaftLogWorker.java:lambda$new$0(132)) - 726dacf1-2c06-45a9-9365-4f0196171786@group-D9E302FCED46-SegmentedRaftLogWorker: flushIndex: setUnconditionally 0 -> -1
2019-09-28 01:13:02,912 [pool-67-thread-1] INFO  server.RaftServerConfigKeys (ConfUtils.java:logGet(43)) - raft.server.snapshot.auto.trigger.enabled = true (custom)
2019-09-28 01:13:02,913 [pool-67-thread-1] INFO  server.RaftServerConfigKeys (ConfUtils.java:logGet(43)) - raft.server.snapshot.auto.trigger.threshold = 10000 (custom)
2019-09-28 01:13:02,913 [pool-67-thread-1] INFO  server.RaftServerConfigKeys (ConfUtils.java:logGet(43)) - raft.server.snapshot.retention.num.files = 5 (custom)
2019-09-28 01:13:02,913 [pool-67-thread-1] INFO  server.RaftServerConfigKeys (ConfUtils.java:logGet(43)) - raft.server.retrycache.expirytime = 600000ms (custom)
2019-09-28 01:13:02,919 [pool-67-thread-1] INFO  impl.RaftServerImpl (RaftServerImpl.java:start(185)) - 726dacf1-2c06-45a9-9365-4f0196171786@group-D9E302FCED46: start as a follower, conf=-1: [726dacf1-2c06-45a9-9365-4f0196171786:192.168.151.82:39922], old=null
2019-09-28 01:13:02,919 [pool-67-thread-1] INFO  impl.RaftServerImpl (RaftServerImpl.java:setRole(174)) - 726dacf1-2c06-45a9-9365-4f0196171786@group-D9E302FCED46: changes role from      null to FOLLOWER at term 0 for startAsFollower
2019-09-28 01:13:02,919 [pool-67-thread-1] INFO  impl.RoleInfo (RoleInfo.java:updateAndGet(143)) - 726dacf1-2c06-45a9-9365-4f0196171786: start FollowerState
2019-09-28 01:13:02,922 [pool-67-thread-1] INFO  util.JmxRegister (JmxRegister.java:tryRegister(44)) - Successfully registered JMX Bean with object name Ratis:service=RaftServer,group=group-D9E302FCED46,id=726dacf1-2c06-45a9-9365-4f0196171786
2019-09-28 01:13:02,946 [RatisPipelineUtilsThread] INFO  pipeline.PipelineStateManager (PipelineStateManager.java:addPipeline(56)) - Created pipeline Pipeline[ Id: fe053c1b-2b52-4699-994b-d9e302fced46, Nodes: 726dacf1-2c06-45a9-9365-4f0196171786{ip: 192.168.151.82, host: pr-hdds-2162-8g7kw-3348123894, networkLocation: /rack1, certSerialId: null}, Type:RATIS, Factor:ONE, State:OPEN]
2019-09-28 01:13:02,978 [grpc-default-executor-0] INFO  impl.RaftServerProxy (RaftServerProxy.java:addNew(89)) - d8ea7beb-83bc-4703-8607-f43fb93ff04f: addNew group-00D97FAD5E01:[d8ea7beb-83bc-4703-8607-f43fb93ff04f:192.168.151.82:34522] returns group-00D97FAD5E01:java.util.concurrent.CompletableFuture@da6d956[Not completed]
2019-09-28 01:13:03,028 [pool-87-thread-1] INFO  impl.RaftServerImpl (RaftServerImpl.java:<init>(95)) - d8ea7beb-83bc-4703-8607-f43fb93ff04f: new RaftServerImpl for group-00D97FAD5E01:[d8ea7beb-83bc-4703-8607-f43fb93ff04f:192.168.151.82:34522] with ContainerStateMachine:uninitialized
2019-09-28 01:13:03,028 [pool-87-thread-1] INFO  server.RaftServerConfigKeys (ConfUtils.java:logGet(43)) - raft.server.rpc.timeout.min = 1s (custom)
2019-09-28 01:13:03,028 [pool-87-thread-1] INFO  server.RaftServerConfigKeys (ConfUtils.java:logGet(43)) - raft.server.rpc.timeout.max = 1200ms (custom)
2019-09-28 01:13:03,028 [pool-87-thread-1] INFO  server.RaftServerConfigKeys (ConfUtils.java:logGet(43)) - raft.server.rpcslowness.timeout = 120s (custom)
2019-09-28 01:13:03,028 [pool-87-thread-1] INFO  server.RaftServerConfigKeys (ConfUtils.java:logGet(43)) - raft.server.sleep.deviation.threshold = 300 (default)
2019-09-28 01:13:03,029 [pool-87-thread-1] INFO  server.RaftServerConfigKeys (ConfUtils.java:logGet(43)) - raft.server.log.appender.install.snapshot.enabled = false (custom)
2019-09-28 01:13:03,029 [pool-87-thread-1] INFO  impl.RaftServerImpl (ServerState.java:<init>(103)) - d8ea7beb-83bc-4703-8607-f43fb93ff04f@group-00D97FAD5E01: ConfigurationManager, init=-1: [d8ea7beb-83bc-4703-8607-f43fb93ff04f:192.168.151.82:34522], old=null, confs=<EMPTY_MAP>
2019-09-28 01:13:03,029 [pool-87-thread-1] INFO  server.RaftServerConfigKeys (ConfUtils.java:logGet(43)) - raft.server.storage.dir = [/workdir/hadoop-ozone/integration-test/target/test-dir/MiniOzoneClusterImpl-fa4977c4-dda7-4050-b4ba-2f9fed17fcef/datanode-6/data/ratis] (custom)
2019-09-28 01:13:03,029 [pool-87-thread-1] INFO  storage.RaftStorageDirectory (RaftStorageDirectory.java:analyzeStorage(246)) - The storage directory /workdir/hadoop-ozone/integration-test/target/test-dir/MiniOzoneClusterImpl-fa4977c4-dda7-4050-b4ba-2f9fed17fcef/datanode-6/data/ratis/7ab161a9-4811-4513-9b2e-00d97fad5e01 does not exist. Creating ...
2019-09-28 01:13:03,050 [pool-87-thread-1] INFO  storage.RaftStorageDirectory (RaftStorageDirectory.java:tryLock(328)) - Lock on /workdir/hadoop-ozone/integration-test/target/test-dir/MiniOzoneClusterImpl-fa4977c4-dda7-4050-b4ba-2f9fed17fcef/datanode-6/data/ratis/7ab161a9-4811-4513-9b2e-00d97fad5e01/in_use.lock acquired by nodename 30873@pr-hdds-2162-8g7kw-3348123894
2019-09-28 01:13:03,063 [pool-87-thread-1] INFO  storage.RaftStorage (RaftStorage.java:format(72)) - Storage directory /workdir/hadoop-ozone/integration-test/target/test-dir/MiniOzoneClusterImpl-fa4977c4-dda7-4050-b4ba-2f9fed17fcef/datanode-6/data/ratis/7ab161a9-4811-4513-9b2e-00d97fad5e01 has been successfully formatted.
2019-09-28 01:13:03,064 [pool-87-thread-1] INFO  ratis.ContainerStateMachine (ContainerStateMachine.java:loadSnapshot(230)) - group-00D97FAD5E01: The snapshot info is null. Setting the last applied indexto:(t:0, i:~)
2019-09-28 01:13:03,064 [pool-87-thread-1] INFO  server.RaftServerConfigKeys (ConfUtils.java:logGet(43)) - raft.server.notification.no-leader.timeout = 120s (custom)
2019-09-28 01:13:03,064 [pool-87-thread-1] INFO  server.RaftServerConfigKeys (ConfUtils.java:logGet(43)) - raft.server.log.use.memory = false (default)
2019-09-28 01:13:03,064 [pool-87-thread-1] INFO  server.RaftServerConfigKeys (ConfUtils.java:logGet(43)) - raft.server.log.purge.gap = 1000000 (custom)
2019-09-28 01:13:03,065 [pool-87-thread-1] INFO  server.RaftServerConfigKeys (ConfUtils.java:logGet(43)) - raft.server.log.appender.buffer.byte-limit = 33554432 (custom)
2019-09-28 01:13:03,065 [pool-87-thread-1] INFO  server.RaftServerConfigKeys (ConfUtils.java:logGet(43)) - raft.server.log.segment.size.max = 1048576 (custom)
2019-09-28 01:13:03,065 [pool-87-thread-1] INFO  server.RaftServerConfigKeys (ConfUtils.java:logGet(43)) - raft.server.log.segment.cache.num.max = 2 (custom)
2019-09-28 01:13:03,065 [pool-87-thread-1] INFO  segmented.SegmentedRaftLogWorker (SegmentedRaftLogWorker.java:<init>(172)) - new d8ea7beb-83bc-4703-8607-f43fb93ff04f@group-00D97FAD5E01-SegmentedRaftLogWorker for RaftStorage:Storage Directory /workdir/hadoop-ozone/integration-test/target/test-dir/MiniOzoneClusterImpl-fa4977c4-dda7-4050-b4ba-2f9fed17fcef/datanode-6/data/ratis/7ab161a9-4811-4513-9b2e-00d97fad5e01
2019-09-28 01:13:03,130 [pool-87-thread-1] INFO  server.RaftServerConfigKeys (ConfUtils.java:logGet(43)) - raft.server.log.queue.byte-limit = 2147483647 (custom)
2019-09-28 01:13:03,131 [pool-87-thread-1] INFO  server.RaftServerConfigKeys (ConfUtils.java:logGet(43)) - raft.server.log.queue.element-limit = 1024 (custom)
2019-09-28 01:13:03,131 [pool-87-thread-1] INFO  server.RaftServerConfigKeys (ConfUtils.java:logGet(43)) - raft.server.log.segment.size.max = 1048576 (custom)
2019-09-28 01:13:03,131 [pool-87-thread-1] INFO  server.RaftServerConfigKeys (ConfUtils.java:logGet(43)) - raft.server.log.preallocated.size = 16384 (custom)
2019-09-28 01:13:03,131 [pool-87-thread-1] INFO  server.RaftServerConfigKeys (ConfUtils.java:logGet(43)) - raft.server.log.write.buffer.size = 33554432 (custom)
2019-09-28 01:13:03,132 [pool-87-thread-1] INFO  server.RaftServerConfigKeys (ConfUtils.java:logGet(43)) - raft.server.log.force.sync.num = 128 (default)
2019-09-28 01:13:03,132 [pool-87-thread-1] INFO  server.RaftServerConfigKeys (ConfUtils.java:logGet(43)) - raft.server.log.statemachine.data.sync = true (default)
2019-09-28 01:13:03,132 [pool-87-thread-1] INFO  server.RaftServerConfigKeys (ConfUtils.java:logGet(43)) - raft.server.log.statemachine.data.sync.timeout = 10s (default)
2019-09-28 01:13:03,132 [pool-87-thread-1] INFO  server.RaftServerConfigKeys (ConfUtils.java:logGet(43)) - raft.server.log.statemachine.data.sync.timeout.retry = -1 (default)
2019-09-28 01:13:03,133 [pool-87-thread-1] INFO  server.RaftServerConfigKeys (ConfUtils.java:logGet(43)) - raft.server.log.statemachine.data.caching.enabled = true (custom)
2019-09-28 01:13:03,133 [pool-87-thread-1] INFO  segmented.SegmentedRaftLogWorker (SegmentedRaftLogWorker.java:lambda$new$0(132)) - d8ea7beb-83bc-4703-8607-f43fb93ff04f@group-00D97FAD5E01-SegmentedRaftLogWorker: flushIndex: setUnconditionally 0 -> -1
2019-09-28 01:13:03,134 [pool-87-thread-1] INFO  server.RaftServerConfigKeys (ConfUtils.java:logGet(43)) - raft.server.snapshot.auto.trigger.enabled = true (custom)
2019-09-28 01:13:03,134 [pool-87-thread-1] INFO  server.RaftServerConfigKeys (ConfUtils.java:logGet(43)) - raft.server.snapshot.auto.trigger.threshold = 10000 (custom)
2019-09-28 01:13:03,134 [pool-87-thread-1] INFO  server.RaftServerConfigKeys (ConfUtils.java:logGet(43)) - raft.server.snapshot.retention.num.files = 5 (custom)
2019-09-28 01:13:03,134 [pool-87-thread-1] INFO  server.RaftServerConfigKeys (ConfUtils.java:logGet(43)) - raft.server.retrycache.expirytime = 600000ms (custom)
2019-09-28 01:13:03,140 [pool-87-thread-1] INFO  impl.RaftServerImpl (RaftServerImpl.java:start(185)) - d8ea7beb-83bc-4703-8607-f43fb93ff04f@group-00D97FAD5E01: start as a follower, conf=-1: [d8ea7beb-83bc-4703-8607-f43fb93ff04f:192.168.151.82:34522], old=null
2019-09-28 01:13:03,140 [pool-87-thread-1] INFO  impl.RaftServerImpl (RaftServerImpl.java:setRole(174)) - d8ea7beb-83bc-4703-8607-f43fb93ff04f@group-00D97FAD5E01: changes role from      null to FOLLOWER at term 0 for startAsFollower
2019-09-28 01:13:03,140 [pool-87-thread-1] INFO  impl.RoleInfo (RoleInfo.java:updateAndGet(143)) - d8ea7beb-83bc-4703-8607-f43fb93ff04f: start FollowerState
2019-09-28 01:13:03,141 [pool-87-thread-1] INFO  util.JmxRegister (JmxRegister.java:tryRegister(44)) - Successfully registered JMX Bean with object name Ratis:service=RaftServer,group=group-00D97FAD5E01,id=d8ea7beb-83bc-4703-8607-f43fb93ff04f
2019-09-28 01:13:03,157 [RatisPipelineUtilsThread] INFO  pipeline.PipelineStateManager (PipelineStateManager.java:addPipeline(56)) - Created pipeline Pipeline[ Id: 7ab161a9-4811-4513-9b2e-00d97fad5e01, Nodes: d8ea7beb-83bc-4703-8607-f43fb93ff04f{ip: 192.168.151.82, host: pr-hdds-2162-8g7kw-3348123894, networkLocation: /rack1, certSerialId: null}, Type:RATIS, Factor:ONE, State:OPEN]
2019-09-28 01:13:03,184 [grpc-default-executor-0] INFO  impl.RaftServerProxy (RaftServerProxy.java:addNew(89)) - c5982eae-d64d-4d85-bf8e-680be3da7c97: addNew group-451F9A59DB8D:[c5982eae-d64d-4d85-bf8e-680be3da7c97:192.168.151.82:39895] returns group-451F9A59DB8D:java.util.concurrent.CompletableFuture@c4a67ed[Not completed]
2019-09-28 01:13:03,190 [pool-117-thread-1] INFO  impl.RaftServerImpl (RaftServerImpl.java:<init>(95)) - c5982eae-d64d-4d85-bf8e-680be3da7c97: new RaftServerImpl for group-451F9A59DB8D:[c5982eae-d64d-4d85-bf8e-680be3da7c97:192.168.151.82:39895] with ContainerStateMachine:uninitialized
2019-09-28 01:13:03,190 [pool-117-thread-1] INFO  server.RaftServerConfigKeys (ConfUtils.java:logGet(43)) - raft.server.rpc.timeout.min = 1s (custom)
2019-09-28 01:13:03,190 [pool-117-thread-1] INFO  server.RaftServerConfigKeys (ConfUtils.java:logGet(43)) - raft.server.rpc.timeout.max = 1200ms (custom)
2019-09-28 01:13:03,190 [pool-117-thread-1] INFO  server.RaftServerConfigKeys (ConfUtils.java:logGet(43)) - raft.server.rpcslowness.timeout = 120s (custom)
2019-09-28 01:13:03,191 [pool-117-thread-1] INFO  server.RaftServerConfigKeys (ConfUtils.java:logGet(43)) - raft.server.sleep.deviation.threshold = 300 (default)
2019-09-28 01:13:03,191 [pool-117-thread-1] INFO  server.RaftServerConfigKeys (ConfUtils.java:logGet(43)) - raft.server.log.appender.install.snapshot.enabled = false (custom)
2019-09-28 01:13:03,191 [pool-117-thread-1] INFO  impl.RaftServerImpl (ServerState.java:<init>(103)) - c5982eae-d64d-4d85-bf8e-680be3da7c97@group-451F9A59DB8D: ConfigurationManager, init=-1: [c5982eae-d64d-4d85-bf8e-680be3da7c97:192.168.151.82:39895], old=null, confs=<EMPTY_MAP>
2019-09-28 01:13:03,191 [pool-117-thread-1] INFO  server.RaftServerConfigKeys (ConfUtils.java:logGet(43)) - raft.server.storage.dir = [/workdir/hadoop-ozone/integration-test/target/test-dir/MiniOzoneClusterImpl-fa4977c4-dda7-4050-b4ba-2f9fed17fcef/datanode-9/data/ratis] (custom)
2019-09-28 01:13:03,191 [pool-117-thread-1] INFO  storage.RaftStorageDirectory (RaftStorageDirectory.java:analyzeStorage(246)) - The storage directory /workdir/hadoop-ozone/integration-test/target/test-dir/MiniOzoneClusterImpl-fa4977c4-dda7-4050-b4ba-2f9fed17fcef/datanode-9/data/ratis/d402774d-5b11-4b0b-8250-451f9a59db8d does not exist. Creating ...
2019-09-28 01:13:03,216 [pool-117-thread-1] INFO  storage.RaftStorageDirectory (RaftStorageDirectory.java:tryLock(328)) - Lock on /workdir/hadoop-ozone/integration-test/target/test-dir/MiniOzoneClusterImpl-fa4977c4-dda7-4050-b4ba-2f9fed17fcef/datanode-9/data/ratis/d402774d-5b11-4b0b-8250-451f9a59db8d/in_use.lock acquired by nodename 30873@pr-hdds-2162-8g7kw-3348123894
2019-09-28 01:13:03,229 [pool-117-thread-1] INFO  storage.RaftStorage (RaftStorage.java:format(72)) - Storage directory /workdir/hadoop-ozone/integration-test/target/test-dir/MiniOzoneClusterImpl-fa4977c4-dda7-4050-b4ba-2f9fed17fcef/datanode-9/data/ratis/d402774d-5b11-4b0b-8250-451f9a59db8d has been successfully formatted.
2019-09-28 01:13:03,230 [pool-117-thread-1] INFO  ratis.ContainerStateMachine (ContainerStateMachine.java:loadSnapshot(230)) - group-451F9A59DB8D: The snapshot info is null. Setting the last applied indexto:(t:0, i:~)
2019-09-28 01:13:03,230 [pool-117-thread-1] INFO  server.RaftServerConfigKeys (ConfUtils.java:logGet(43)) - raft.server.notification.no-leader.timeout = 120s (custom)
2019-09-28 01:13:03,230 [pool-117-thread-1] INFO  server.RaftServerConfigKeys (ConfUtils.java:logGet(43)) - raft.server.log.use.memory = false (default)
2019-09-28 01:13:03,230 [pool-117-thread-1] INFO  server.RaftServerConfigKeys (ConfUtils.java:logGet(43)) - raft.server.log.purge.gap = 1000000 (custom)
2019-09-28 01:13:03,230 [pool-117-thread-1] INFO  server.RaftServerConfigKeys (ConfUtils.java:logGet(43)) - raft.server.log.appender.buffer.byte-limit = 33554432 (custom)
2019-09-28 01:13:03,231 [pool-117-thread-1] INFO  server.RaftServerConfigKeys (ConfUtils.java:logGet(43)) - raft.server.log.segment.size.max = 1048576 (custom)
2019-09-28 01:13:03,231 [pool-117-thread-1] INFO  server.RaftServerConfigKeys (ConfUtils.java:logGet(43)) - raft.server.log.segment.cache.num.max = 2 (custom)
2019-09-28 01:13:03,231 [pool-117-thread-1] INFO  segmented.SegmentedRaftLogWorker (SegmentedRaftLogWorker.java:<init>(172)) - new c5982eae-d64d-4d85-bf8e-680be3da7c97@group-451F9A59DB8D-SegmentedRaftLogWorker for RaftStorage:Storage Directory /workdir/hadoop-ozone/integration-test/target/test-dir/MiniOzoneClusterImpl-fa4977c4-dda7-4050-b4ba-2f9fed17fcef/datanode-9/data/ratis/d402774d-5b11-4b0b-8250-451f9a59db8d
2019-09-28 01:13:03,236 [pool-117-thread-1] INFO  server.RaftServerConfigKeys (ConfUtils.java:logGet(43)) - raft.server.log.queue.byte-limit = 2147483647 (custom)
2019-09-28 01:13:03,236 [pool-117-thread-1] INFO  server.RaftServerConfigKeys (ConfUtils.java:logGet(43)) - raft.server.log.queue.element-limit = 1024 (custom)
2019-09-28 01:13:03,236 [pool-117-thread-1] INFO  server.RaftServerConfigKeys (ConfUtils.java:logGet(43)) - raft.server.log.segment.size.max = 1048576 (custom)
2019-09-28 01:13:03,236 [pool-117-thread-1] INFO  server.RaftServerConfigKeys (ConfUtils.java:logGet(43)) - raft.server.log.preallocated.size = 16384 (custom)
2019-09-28 01:13:03,236 [pool-117-thread-1] INFO  server.RaftServerConfigKeys (ConfUtils.java:logGet(43)) - raft.server.log.write.buffer.size = 33554432 (custom)
2019-09-28 01:13:03,237 [pool-117-thread-1] INFO  server.RaftServerConfigKeys (ConfUtils.java:logGet(43)) - raft.server.log.force.sync.num = 128 (default)
2019-09-28 01:13:03,237 [pool-117-thread-1] INFO  server.RaftServerConfigKeys (ConfUtils.java:logGet(43)) - raft.server.log.statemachine.data.sync = true (default)
2019-09-28 01:13:03,237 [pool-117-thread-1] INFO  server.RaftServerConfigKeys (ConfUtils.java:logGet(43)) - raft.server.log.statemachine.data.sync.timeout = 10s (default)
2019-09-28 01:13:03,237 [pool-117-thread-1] INFO  server.RaftServerConfigKeys (ConfUtils.java:logGet(43)) - raft.server.log.statemachine.data.sync.timeout.retry = -1 (default)
2019-09-28 01:13:03,237 [pool-117-thread-1] INFO  server.RaftServerConfigKeys (ConfUtils.java:logGet(43)) - raft.server.log.statemachine.data.caching.enabled = true (custom)
2019-09-28 01:13:03,238 [pool-117-thread-1] INFO  segmented.SegmentedRaftLogWorker (SegmentedRaftLogWorker.java:lambda$new$0(132)) - c5982eae-d64d-4d85-bf8e-680be3da7c97@group-451F9A59DB8D-SegmentedRaftLogWorker: flushIndex: setUnconditionally 0 -> -1
2019-09-28 01:13:03,238 [pool-117-thread-1] INFO  server.RaftServerConfigKeys (ConfUtils.java:logGet(43)) - raft.server.snapshot.auto.trigger.enabled = true (custom)
2019-09-28 01:13:03,238 [pool-117-thread-1] INFO  server.RaftServerConfigKeys (ConfUtils.java:logGet(43)) - raft.server.snapshot.auto.trigger.threshold = 10000 (custom)
2019-09-28 01:13:03,238 [pool-117-thread-1] INFO  server.RaftServerConfigKeys (ConfUtils.java:logGet(43)) - raft.server.snapshot.retention.num.files = 5 (custom)
2019-09-28 01:13:03,239 [pool-117-thread-1] INFO  server.RaftServerConfigKeys (ConfUtils.java:logGet(43)) - raft.server.retrycache.expirytime = 600000ms (custom)
2019-09-28 01:13:03,243 [pool-117-thread-1] INFO  impl.RaftServerImpl (RaftServerImpl.java:start(185)) - c5982eae-d64d-4d85-bf8e-680be3da7c97@group-451F9A59DB8D: start as a follower, conf=-1: [c5982eae-d64d-4d85-bf8e-680be3da7c97:192.168.151.82:39895], old=null
2019-09-28 01:13:03,243 [pool-117-thread-1] INFO  impl.RaftServerImpl (RaftServerImpl.java:setRole(174)) - c5982eae-d64d-4d85-bf8e-680be3da7c97@group-451F9A59DB8D: changes role from      null to FOLLOWER at term 0 for startAsFollower
2019-09-28 01:13:03,244 [pool-117-thread-1] INFO  impl.RoleInfo (RoleInfo.java:updateAndGet(143)) - c5982eae-d64d-4d85-bf8e-680be3da7c97: start FollowerState
2019-09-28 01:13:03,244 [pool-117-thread-1] INFO  util.JmxRegister (JmxRegister.java:tryRegister(44)) - Successfully registered JMX Bean with object name Ratis:service=RaftServer,group=group-451F9A59DB8D,id=c5982eae-d64d-4d85-bf8e-680be3da7c97
2019-09-28 01:13:03,271 [RatisPipelineUtilsThread] INFO  pipeline.PipelineStateManager (PipelineStateManager.java:addPipeline(56)) - Created pipeline Pipeline[ Id: d402774d-5b11-4b0b-8250-451f9a59db8d, Nodes: c5982eae-d64d-4d85-bf8e-680be3da7c97{ip: 192.168.151.82, host: pr-hdds-2162-8g7kw-3348123894, networkLocation: /rack1, certSerialId: null}, Type:RATIS, Factor:ONE, State:OPEN]
2019-09-28 01:13:03,294 [grpc-default-executor-0] INFO  impl.RaftServerProxy (RaftServerProxy.java:addNew(89)) - 8a2f89dc-5374-4145-86d1-b1660ecca13e: addNew group-12ECA8CC5672:[8a2f89dc-5374-4145-86d1-b1660ecca13e:192.168.151.82:46179] returns group-12ECA8CC5672:java.util.concurrent.CompletableFuture@40e4b01e[Not completed]
2019-09-28 01:13:03,301 [pool-57-thread-1] INFO  impl.RaftServerImpl (RaftServerImpl.java:<init>(95)) - 8a2f89dc-5374-4145-86d1-b1660ecca13e: new RaftServerImpl for group-12ECA8CC5672:[8a2f89dc-5374-4145-86d1-b1660ecca13e:192.168.151.82:46179] with ContainerStateMachine:uninitialized
2019-09-28 01:13:03,301 [pool-57-thread-1] INFO  server.RaftServerConfigKeys (ConfUtils.java:logGet(43)) - raft.server.rpc.timeout.min = 1s (custom)
2019-09-28 01:13:03,301 [pool-57-thread-1] INFO  server.RaftServerConfigKeys (ConfUtils.java:logGet(43)) - raft.server.rpc.timeout.max = 1200ms (custom)
2019-09-28 01:13:03,302 [pool-57-thread-1] INFO  server.RaftServerConfigKeys (ConfUtils.java:logGet(43)) - raft.server.rpcslowness.timeout = 120s (custom)
2019-09-28 01:13:03,302 [pool-57-thread-1] INFO  server.RaftServerConfigKeys (ConfUtils.java:logGet(43)) - raft.server.sleep.deviation.threshold = 300 (default)
2019-09-28 01:13:03,302 [pool-57-thread-1] INFO  server.RaftServerConfigKeys (ConfUtils.java:logGet(43)) - raft.server.log.appender.install.snapshot.enabled = false (custom)
2019-09-28 01:13:03,302 [pool-57-thread-1] INFO  impl.RaftServerImpl (ServerState.java:<init>(103)) - 8a2f89dc-5374-4145-86d1-b1660ecca13e@group-12ECA8CC5672: ConfigurationManager, init=-1: [8a2f89dc-5374-4145-86d1-b1660ecca13e:192.168.151.82:46179], old=null, confs=<EMPTY_MAP>
2019-09-28 01:13:03,302 [pool-57-thread-1] INFO  server.RaftServerConfigKeys (ConfUtils.java:logGet(43)) - raft.server.storage.dir = [/workdir/hadoop-ozone/integration-test/target/test-dir/MiniOzoneClusterImpl-fa4977c4-dda7-4050-b4ba-2f9fed17fcef/datanode-3/data/ratis] (custom)
2019-09-28 01:13:03,303 [pool-57-thread-1] INFO  storage.RaftStorageDirectory (RaftStorageDirectory.java:analyzeStorage(246)) - The storage directory /workdir/hadoop-ozone/integration-test/target/test-dir/MiniOzoneClusterImpl-fa4977c4-dda7-4050-b4ba-2f9fed17fcef/datanode-3/data/ratis/54f8bcca-8165-49b1-afe8-12eca8cc5672 does not exist. Creating ...
2019-09-28 01:13:03,316 [pool-57-thread-1] INFO  storage.RaftStorageDirectory (RaftStorageDirectory.java:tryLock(328)) - Lock on /workdir/hadoop-ozone/integration-test/target/test-dir/MiniOzoneClusterImpl-fa4977c4-dda7-4050-b4ba-2f9fed17fcef/datanode-3/data/ratis/54f8bcca-8165-49b1-afe8-12eca8cc5672/in_use.lock acquired by nodename 30873@pr-hdds-2162-8g7kw-3348123894
2019-09-28 01:13:03,329 [pool-57-thread-1] INFO  storage.RaftStorage (RaftStorage.java:format(72)) - Storage directory /workdir/hadoop-ozone/integration-test/target/test-dir/MiniOzoneClusterImpl-fa4977c4-dda7-4050-b4ba-2f9fed17fcef/datanode-3/data/ratis/54f8bcca-8165-49b1-afe8-12eca8cc5672 has been successfully formatted.
2019-09-28 01:13:03,329 [pool-57-thread-1] INFO  ratis.ContainerStateMachine (ContainerStateMachine.java:loadSnapshot(230)) - group-12ECA8CC5672: The snapshot info is null. Setting the last applied indexto:(t:0, i:~)
2019-09-28 01:13:03,329 [pool-57-thread-1] INFO  server.RaftServerConfigKeys (ConfUtils.java:logGet(43)) - raft.server.notification.no-leader.timeout = 120s (custom)
2019-09-28 01:13:03,330 [pool-57-thread-1] INFO  server.RaftServerConfigKeys (ConfUtils.java:logGet(43)) - raft.server.log.use.memory = false (default)
2019-09-28 01:13:03,330 [pool-57-thread-1] INFO  server.RaftServerConfigKeys (ConfUtils.java:logGet(43)) - raft.server.log.purge.gap = 1000000 (custom)
2019-09-28 01:13:03,330 [pool-57-thread-1] INFO  server.RaftServerConfigKeys (ConfUtils.java:logGet(43)) - raft.server.log.appender.buffer.byte-limit = 33554432 (custom)
2019-09-28 01:13:03,330 [pool-57-thread-1] INFO  server.RaftServerConfigKeys (ConfUtils.java:logGet(43)) - raft.server.log.segment.size.max = 1048576 (custom)
2019-09-28 01:13:03,330 [pool-57-thread-1] INFO  server.RaftServerConfigKeys (ConfUtils.java:logGet(43)) - raft.server.log.segment.cache.num.max = 2 (custom)
2019-09-28 01:13:03,330 [pool-57-thread-1] INFO  segmented.SegmentedRaftLogWorker (SegmentedRaftLogWorker.java:<init>(172)) - new 8a2f89dc-5374-4145-86d1-b1660ecca13e@group-12ECA8CC5672-SegmentedRaftLogWorker for RaftStorage:Storage Directory /workdir/hadoop-ozone/integration-test/target/test-dir/MiniOzoneClusterImpl-fa4977c4-dda7-4050-b4ba-2f9fed17fcef/datanode-3/data/ratis/54f8bcca-8165-49b1-afe8-12eca8cc5672
2019-09-28 01:13:03,424 [pool-57-thread-1] INFO  server.RaftServerConfigKeys (ConfUtils.java:logGet(43)) - raft.server.log.queue.byte-limit = 2147483647 (custom)
2019-09-28 01:13:03,444 [pool-57-thread-1] INFO  server.RaftServerConfigKeys (ConfUtils.java:logGet(43)) - raft.server.log.queue.element-limit = 1024 (custom)
2019-09-28 01:13:03,444 [pool-57-thread-1] INFO  server.RaftServerConfigKeys (ConfUtils.java:logGet(43)) - raft.server.log.segment.size.max = 1048576 (custom)
2019-09-28 01:13:03,445 [pool-57-thread-1] INFO  server.RaftServerConfigKeys (ConfUtils.java:logGet(43)) - raft.server.log.preallocated.size = 16384 (custom)
2019-09-28 01:13:03,445 [pool-57-thread-1] INFO  server.RaftServerConfigKeys (ConfUtils.java:logGet(43)) - raft.server.log.write.buffer.size = 33554432 (custom)
2019-09-28 01:13:03,445 [pool-57-thread-1] INFO  server.RaftServerConfigKeys (ConfUtils.java:logGet(43)) - raft.server.log.force.sync.num = 128 (default)
2019-09-28 01:13:03,445 [pool-57-thread-1] INFO  server.RaftServerConfigKeys (ConfUtils.java:logGet(43)) - raft.server.log.statemachine.data.sync = true (default)
2019-09-28 01:13:03,445 [pool-57-thread-1] INFO  server.RaftServerConfigKeys (ConfUtils.java:logGet(43)) - raft.server.log.statemachine.data.sync.timeout = 10s (default)
2019-09-28 01:13:03,446 [pool-57-thread-1] INFO  server.RaftServerConfigKeys (ConfUtils.java:logGet(43)) - raft.server.log.statemachine.data.sync.timeout.retry = -1 (default)
2019-09-28 01:13:03,446 [pool-57-thread-1] INFO  server.RaftServerConfigKeys (ConfUtils.java:logGet(43)) - raft.server.log.statemachine.data.caching.enabled = true (custom)
2019-09-28 01:13:03,459 [pool-57-thread-1] INFO  segmented.SegmentedRaftLogWorker (SegmentedRaftLogWorker.java:lambda$new$0(132)) - 8a2f89dc-5374-4145-86d1-b1660ecca13e@group-12ECA8CC5672-SegmentedRaftLogWorker: flushIndex: setUnconditionally 0 -> -1
2019-09-28 01:13:03,462 [pool-57-thread-1] INFO  server.RaftServerConfigKeys (ConfUtils.java:logGet(43)) - raft.server.snapshot.auto.trigger.enabled = true (custom)
2019-09-28 01:13:03,462 [pool-57-thread-1] INFO  server.RaftServerConfigKeys (ConfUtils.java:logGet(43)) - raft.server.snapshot.auto.trigger.threshold = 10000 (custom)
2019-09-28 01:13:03,462 [pool-57-thread-1] INFO  server.RaftServerConfigKeys (ConfUtils.java:logGet(43)) - raft.server.snapshot.retention.num.files = 5 (custom)
2019-09-28 01:13:03,462 [pool-57-thread-1] INFO  server.RaftServerConfigKeys (ConfUtils.java:logGet(43)) - raft.server.retrycache.expirytime = 600000ms (custom)
2019-09-28 01:13:03,470 [pool-57-thread-1] INFO  impl.RaftServerImpl (RaftServerImpl.java:start(185)) - 8a2f89dc-5374-4145-86d1-b1660ecca13e@group-12ECA8CC5672: start as a follower, conf=-1: [8a2f89dc-5374-4145-86d1-b1660ecca13e:192.168.151.82:46179], old=null
2019-09-28 01:13:03,472 [main] INFO  ozone.MiniOzoneClusterImpl (MiniOzoneClusterImpl.java:lambda$waitForClusterToBeReady$0(147)) - Cluster is ready. Got 10 of 10 DN Heartbeats.
2019-09-28 01:13:03,493 [pool-57-thread-1] INFO  impl.RaftServerImpl (RaftServerImpl.java:setRole(174)) - 8a2f89dc-5374-4145-86d1-b1660ecca13e@group-12ECA8CC5672: changes role from      null to FOLLOWER at term 0 for startAsFollower
2019-09-28 01:13:03,503 [pool-57-thread-1] INFO  impl.RoleInfo (RoleInfo.java:updateAndGet(143)) - 8a2f89dc-5374-4145-86d1-b1660ecca13e: start FollowerState
2019-09-28 01:13:03,504 [pool-57-thread-1] INFO  util.JmxRegister (JmxRegister.java:tryRegister(44)) - Successfully registered JMX Bean with object name Ratis:service=RaftServer,group=group-12ECA8CC5672,id=8a2f89dc-5374-4145-86d1-b1660ecca13e
2019-09-28 01:13:03,517 [RatisPipelineUtilsThread] INFO  pipeline.PipelineStateManager (PipelineStateManager.java:addPipeline(56)) - Created pipeline Pipeline[ Id: 54f8bcca-8165-49b1-afe8-12eca8cc5672, Nodes: 8a2f89dc-5374-4145-86d1-b1660ecca13e{ip: 192.168.151.82, host: pr-hdds-2162-8g7kw-3348123894, networkLocation: /rack1, certSerialId: null}, Type:RATIS, Factor:ONE, State:OPEN]
2019-09-28 01:13:03,536 [grpc-default-executor-0] INFO  impl.RaftServerProxy (RaftServerProxy.java:addNew(89)) - d2027d58-a939-4807-998f-7c487ceff365: addNew group-10710D6A9C3C:[d2027d58-a939-4807-998f-7c487ceff365:192.168.151.82:43961] returns group-10710D6A9C3C:java.util.concurrent.CompletableFuture@a165edd[Not completed]
2019-09-28 01:13:03,541 [pool-47-thread-1] INFO  impl.RaftServerImpl (RaftServerImpl.java:<init>(95)) - d2027d58-a939-4807-998f-7c487ceff365: new RaftServerImpl for group-10710D6A9C3C:[d2027d58-a939-4807-998f-7c487ceff365:192.168.151.82:43961] with ContainerStateMachine:uninitialized
2019-09-28 01:13:03,541 [pool-47-thread-1] INFO  server.RaftServerConfigKeys (ConfUtils.java:logGet(43)) - raft.server.rpc.timeout.min = 1s (custom)
2019-09-28 01:13:03,541 [pool-47-thread-1] INFO  server.RaftServerConfigKeys (ConfUtils.java:logGet(43)) - raft.server.rpc.timeout.max = 1200ms (custom)
2019-09-28 01:13:03,541 [pool-47-thread-1] INFO  server.RaftServerConfigKeys (ConfUtils.java:logGet(43)) - raft.server.rpcslowness.timeout = 120s (custom)
2019-09-28 01:13:03,541 [pool-47-thread-1] INFO  server.RaftServerConfigKeys (ConfUtils.java:logGet(43)) - raft.server.sleep.deviation.threshold = 300 (default)
2019-09-28 01:13:03,542 [pool-47-thread-1] INFO  server.RaftServerConfigKeys (ConfUtils.java:logGet(43)) - raft.server.log.appender.install.snapshot.enabled = false (custom)
2019-09-28 01:13:03,542 [pool-47-thread-1] INFO  impl.RaftServerImpl (ServerState.java:<init>(103)) - d2027d58-a939-4807-998f-7c487ceff365@group-10710D6A9C3C: ConfigurationManager, init=-1: [d2027d58-a939-4807-998f-7c487ceff365:192.168.151.82:43961], old=null, confs=<EMPTY_MAP>
2019-09-28 01:13:03,542 [pool-47-thread-1] INFO  server.RaftServerConfigKeys (ConfUtils.java:logGet(43)) - raft.server.storage.dir = [/workdir/hadoop-ozone/integration-test/target/test-dir/MiniOzoneClusterImpl-fa4977c4-dda7-4050-b4ba-2f9fed17fcef/datanode-2/data/ratis] (custom)
2019-09-28 01:13:03,542 [pool-47-thread-1] INFO  storage.RaftStorageDirectory (RaftStorageDirectory.java:analyzeStorage(246)) - The storage directory /workdir/hadoop-ozone/integration-test/target/test-dir/MiniOzoneClusterImpl-fa4977c4-dda7-4050-b4ba-2f9fed17fcef/datanode-2/data/ratis/21ac08db-71f4-4399-96c4-10710d6a9c3c does not exist. Creating ...
2019-09-28 01:13:03,567 [pool-47-thread-1] INFO  storage.RaftStorageDirectory (RaftStorageDirectory.java:tryLock(328)) - Lock on /workdir/hadoop-ozone/integration-test/target/test-dir/MiniOzoneClusterImpl-fa4977c4-dda7-4050-b4ba-2f9fed17fcef/datanode-2/data/ratis/21ac08db-71f4-4399-96c4-10710d6a9c3c/in_use.lock acquired by nodename 30873@pr-hdds-2162-8g7kw-3348123894
2019-09-28 01:13:03,579 [pool-47-thread-1] INFO  storage.RaftStorage (RaftStorage.java:format(72)) - Storage directory /workdir/hadoop-ozone/integration-test/target/test-dir/MiniOzoneClusterImpl-fa4977c4-dda7-4050-b4ba-2f9fed17fcef/datanode-2/data/ratis/21ac08db-71f4-4399-96c4-10710d6a9c3c has been successfully formatted.
2019-09-28 01:13:03,579 [pool-47-thread-1] INFO  ratis.ContainerStateMachine (ContainerStateMachine.java:loadSnapshot(230)) - group-10710D6A9C3C: The snapshot info is null. Setting the last applied indexto:(t:0, i:~)
2019-09-28 01:13:03,579 [pool-47-thread-1] INFO  server.RaftServerConfigKeys (ConfUtils.java:logGet(43)) - raft.server.notification.no-leader.timeout = 120s (custom)
2019-09-28 01:13:03,579 [pool-47-thread-1] INFO  server.RaftServerConfigKeys (ConfUtils.java:logGet(43)) - raft.server.log.use.memory = false (default)
2019-09-28 01:13:03,580 [pool-47-thread-1] INFO  server.RaftServerConfigKeys (ConfUtils.java:logGet(43)) - raft.server.log.purge.gap = 1000000 (custom)
2019-09-28 01:13:03,580 [pool-47-thread-1] INFO  server.RaftServerConfigKeys (ConfUtils.java:logGet(43)) - raft.server.log.appender.buffer.byte-limit = 33554432 (custom)
2019-09-28 01:13:03,580 [pool-47-thread-1] INFO  server.RaftServerConfigKeys (ConfUtils.java:logGet(43)) - raft.server.log.segment.size.max = 1048576 (custom)
2019-09-28 01:13:03,580 [pool-47-thread-1] INFO  server.RaftServerConfigKeys (ConfUtils.java:logGet(43)) - raft.server.log.segment.cache.num.max = 2 (custom)
2019-09-28 01:13:03,580 [pool-47-thread-1] INFO  segmented.SegmentedRaftLogWorker (SegmentedRaftLogWorker.java:<init>(172)) - new d2027d58-a939-4807-998f-7c487ceff365@group-10710D6A9C3C-SegmentedRaftLogWorker for RaftStorage:Storage Directory /workdir/hadoop-ozone/integration-test/target/test-dir/MiniOzoneClusterImpl-fa4977c4-dda7-4050-b4ba-2f9fed17fcef/datanode-2/data/ratis/21ac08db-71f4-4399-96c4-10710d6a9c3c
2019-09-28 01:13:03,583 [pool-47-thread-1] INFO  server.RaftServerConfigKeys (ConfUtils.java:logGet(43)) - raft.server.log.queue.byte-limit = 2147483647 (custom)
2019-09-28 01:13:03,583 [pool-47-thread-1] INFO  server.RaftServerConfigKeys (ConfUtils.java:logGet(43)) - raft.server.log.queue.element-limit = 1024 (custom)
2019-09-28 01:13:03,583 [pool-47-thread-1] INFO  server.RaftServerConfigKeys (ConfUtils.java:logGet(43)) - raft.server.log.segment.size.max = 1048576 (custom)
2019-09-28 01:13:03,583 [pool-47-thread-1] INFO  server.RaftServerConfigKeys (ConfUtils.java:logGet(43)) - raft.server.log.preallocated.size = 16384 (custom)
2019-09-28 01:13:03,583 [pool-47-thread-1] INFO  server.RaftServerConfigKeys (ConfUtils.java:logGet(43)) - raft.server.log.write.buffer.size = 33554432 (custom)
2019-09-28 01:13:03,583 [pool-47-thread-1] INFO  server.RaftServerConfigKeys (ConfUtils.java:logGet(43)) - raft.server.log.force.sync.num = 128 (default)
2019-09-28 01:13:03,583 [pool-47-thread-1] INFO  server.RaftServerConfigKeys (ConfUtils.java:logGet(43)) - raft.server.log.statemachine.data.sync = true (default)
2019-09-28 01:13:03,583 [pool-47-thread-1] INFO  server.RaftServerConfigKeys (ConfUtils.java:logGet(43)) - raft.server.log.statemachine.data.sync.timeout = 10s (default)
2019-09-28 01:13:03,584 [pool-47-thread-1] INFO  server.RaftServerConfigKeys (ConfUtils.java:logGet(43)) - raft.server.log.statemachine.data.sync.timeout.retry = -1 (default)
2019-09-28 01:13:03,584 [pool-47-thread-1] INFO  server.RaftServerConfigKeys (ConfUtils.java:logGet(43)) - raft.server.log.statemachine.data.caching.enabled = true (custom)
2019-09-28 01:13:03,584 [pool-47-thread-1] INFO  segmented.SegmentedRaftLogWorker (SegmentedRaftLogWorker.java:lambda$new$0(132)) - d2027d58-a939-4807-998f-7c487ceff365@group-10710D6A9C3C-SegmentedRaftLogWorker: flushIndex: setUnconditionally 0 -> -1
2019-09-28 01:13:03,584 [pool-47-thread-1] INFO  server.RaftServerConfigKeys (ConfUtils.java:logGet(43)) - raft.server.snapshot.auto.trigger.enabled = true (custom)
2019-09-28 01:13:03,585 [pool-47-thread-1] INFO  server.RaftServerConfigKeys (ConfUtils.java:logGet(43)) - raft.server.snapshot.auto.trigger.threshold = 10000 (custom)
2019-09-28 01:13:03,585 [pool-47-thread-1] INFO  server.RaftServerConfigKeys (ConfUtils.java:logGet(43)) - raft.server.snapshot.retention.num.files = 5 (custom)
2019-09-28 01:13:03,585 [pool-47-thread-1] INFO  server.RaftServerConfigKeys (ConfUtils.java:logGet(43)) - raft.server.retrycache.expirytime = 600000ms (custom)
2019-09-28 01:13:03,587 [pool-47-thread-1] INFO  impl.RaftServerImpl (RaftServerImpl.java:start(185)) - d2027d58-a939-4807-998f-7c487ceff365@group-10710D6A9C3C: start as a follower, conf=-1: [d2027d58-a939-4807-998f-7c487ceff365:192.168.151.82:43961], old=null
2019-09-28 01:13:03,587 [pool-47-thread-1] INFO  impl.RaftServerImpl (RaftServerImpl.java:setRole(174)) - d2027d58-a939-4807-998f-7c487ceff365@group-10710D6A9C3C: changes role from      null to FOLLOWER at term 0 for startAsFollower
2019-09-28 01:13:03,587 [pool-47-thread-1] INFO  impl.RoleInfo (RoleInfo.java:updateAndGet(143)) - d2027d58-a939-4807-998f-7c487ceff365: start FollowerState
2019-09-28 01:13:03,588 [pool-47-thread-1] INFO  util.JmxRegister (JmxRegister.java:tryRegister(44)) - Successfully registered JMX Bean with object name Ratis:service=RaftServer,group=group-10710D6A9C3C,id=d2027d58-a939-4807-998f-7c487ceff365
2019-09-28 01:13:03,600 [RatisPipelineUtilsThread] INFO  pipeline.PipelineStateManager (PipelineStateManager.java:addPipeline(56)) - Created pipeline Pipeline[ Id: 21ac08db-71f4-4399-96c4-10710d6a9c3c, Nodes: d2027d58-a939-4807-998f-7c487ceff365{ip: 192.168.151.82, host: pr-hdds-2162-8g7kw-3348123894, networkLocation: /rack1, certSerialId: null}, Type:RATIS, Factor:ONE, State:OPEN]
2019-09-28 01:13:03,617 [grpc-default-executor-0] INFO  impl.RaftServerProxy (RaftServerProxy.java:addNew(89)) - cab9505b-c3df-4889-be4c-e0933a387faa: addNew group-C9F0DCFCE7A9:[cab9505b-c3df-4889-be4c-e0933a387faa:192.168.151.82:36450] returns group-C9F0DCFCE7A9:java.util.concurrent.CompletableFuture@6e35b289[Not completed]
2019-09-28 01:13:03,621 [pool-107-thread-1] INFO  impl.RaftServerImpl (RaftServerImpl.java:<init>(95)) - cab9505b-c3df-4889-be4c-e0933a387faa: new RaftServerImpl for group-C9F0DCFCE7A9:[cab9505b-c3df-4889-be4c-e0933a387faa:192.168.151.82:36450] with ContainerStateMachine:uninitialized
2019-09-28 01:13:03,622 [pool-107-thread-1] INFO  server.RaftServerConfigKeys (ConfUtils.java:logGet(43)) - raft.server.rpc.timeout.min = 1s (custom)
2019-09-28 01:13:03,622 [pool-107-thread-1] INFO  server.RaftServerConfigKeys (ConfUtils.java:logGet(43)) - raft.server.rpc.timeout.max = 1200ms (custom)
2019-09-28 01:13:03,622 [pool-107-thread-1] INFO  server.RaftServerConfigKeys (ConfUtils.java:logGet(43)) - raft.server.rpcslowness.timeout = 120s (custom)
2019-09-28 01:13:03,622 [pool-107-thread-1] INFO  server.RaftServerConfigKeys (ConfUtils.java:logGet(43)) - raft.server.sleep.deviation.threshold = 300 (default)
2019-09-28 01:13:03,622 [pool-107-thread-1] INFO  server.RaftServerConfigKeys (ConfUtils.java:logGet(43)) - raft.server.log.appender.install.snapshot.enabled = false (custom)
2019-09-28 01:13:03,622 [pool-107-thread-1] INFO  impl.RaftServerImpl (ServerState.java:<init>(103)) - cab9505b-c3df-4889-be4c-e0933a387faa@group-C9F0DCFCE7A9: ConfigurationManager, init=-1: [cab9505b-c3df-4889-be4c-e0933a387faa:192.168.151.82:36450], old=null, confs=<EMPTY_MAP>
2019-09-28 01:13:03,622 [pool-107-thread-1] INFO  server.RaftServerConfigKeys (ConfUtils.java:logGet(43)) - raft.server.storage.dir = [/workdir/hadoop-ozone/integration-test/target/test-dir/MiniOzoneClusterImpl-fa4977c4-dda7-4050-b4ba-2f9fed17fcef/datanode-8/data/ratis] (custom)
2019-09-28 01:13:03,623 [pool-107-thread-1] INFO  storage.RaftStorageDirectory (RaftStorageDirectory.java:analyzeStorage(246)) - The storage directory /workdir/hadoop-ozone/integration-test/target/test-dir/MiniOzoneClusterImpl-fa4977c4-dda7-4050-b4ba-2f9fed17fcef/datanode-8/data/ratis/0f9a242e-1329-42fb-8d60-c9f0dcfce7a9 does not exist. Creating ...
2019-09-28 01:13:03,635 [pool-107-thread-1] INFO  storage.RaftStorageDirectory (RaftStorageDirectory.java:tryLock(328)) - Lock on /workdir/hadoop-ozone/integration-test/target/test-dir/MiniOzoneClusterImpl-fa4977c4-dda7-4050-b4ba-2f9fed17fcef/datanode-8/data/ratis/0f9a242e-1329-42fb-8d60-c9f0dcfce7a9/in_use.lock acquired by nodename 30873@pr-hdds-2162-8g7kw-3348123894
2019-09-28 01:13:03,649 [pool-107-thread-1] INFO  storage.RaftStorage (RaftStorage.java:format(72)) - Storage directory /workdir/hadoop-ozone/integration-test/target/test-dir/MiniOzoneClusterImpl-fa4977c4-dda7-4050-b4ba-2f9fed17fcef/datanode-8/data/ratis/0f9a242e-1329-42fb-8d60-c9f0dcfce7a9 has been successfully formatted.
2019-09-28 01:13:03,649 [pool-107-thread-1] INFO  ratis.ContainerStateMachine (ContainerStateMachine.java:loadSnapshot(230)) - group-C9F0DCFCE7A9: The snapshot info is null. Setting the last applied indexto:(t:0, i:~)
2019-09-28 01:13:03,649 [pool-107-thread-1] INFO  server.RaftServerConfigKeys (ConfUtils.java:logGet(43)) - raft.server.notification.no-leader.timeout = 120s (custom)
2019-09-28 01:13:03,649 [pool-107-thread-1] INFO  server.RaftServerConfigKeys (ConfUtils.java:logGet(43)) - raft.server.log.use.memory = false (default)
2019-09-28 01:13:03,650 [pool-107-thread-1] INFO  server.RaftServerConfigKeys (ConfUtils.java:logGet(43)) - raft.server.log.purge.gap = 1000000 (custom)
2019-09-28 01:13:03,650 [pool-107-thread-1] INFO  server.RaftServerConfigKeys (ConfUtils.java:logGet(43)) - raft.server.log.appender.buffer.byte-limit = 33554432 (custom)
2019-09-28 01:13:03,650 [pool-107-thread-1] INFO  server.RaftServerConfigKeys (ConfUtils.java:logGet(43)) - raft.server.log.segment.size.max = 1048576 (custom)
2019-09-28 01:13:03,650 [pool-107-thread-1] INFO  server.RaftServerConfigKeys (ConfUtils.java:logGet(43)) - raft.server.log.segment.cache.num.max = 2 (custom)
2019-09-28 01:13:03,650 [pool-107-thread-1] INFO  segmented.SegmentedRaftLogWorker (SegmentedRaftLogWorker.java:<init>(172)) - new cab9505b-c3df-4889-be4c-e0933a387faa@group-C9F0DCFCE7A9-SegmentedRaftLogWorker for RaftStorage:Storage Directory /workdir/hadoop-ozone/integration-test/target/test-dir/MiniOzoneClusterImpl-fa4977c4-dda7-4050-b4ba-2f9fed17fcef/datanode-8/data/ratis/0f9a242e-1329-42fb-8d60-c9f0dcfce7a9
2019-09-28 01:13:03,652 [pool-107-thread-1] INFO  server.RaftServerConfigKeys (ConfUtils.java:logGet(43)) - raft.server.log.queue.byte-limit = 2147483647 (custom)
2019-09-28 01:13:03,652 [pool-107-thread-1] INFO  server.RaftServerConfigKeys (ConfUtils.java:logGet(43)) - raft.server.log.queue.element-limit = 1024 (custom)
2019-09-28 01:13:03,652 [pool-107-thread-1] INFO  server.RaftServerConfigKeys (ConfUtils.java:logGet(43)) - raft.server.log.segment.size.max = 1048576 (custom)
2019-09-28 01:13:03,652 [pool-107-thread-1] INFO  server.RaftServerConfigKeys (ConfUtils.java:logGet(43)) - raft.server.log.preallocated.size = 16384 (custom)
2019-09-28 01:13:03,653 [pool-107-thread-1] INFO  server.RaftServerConfigKeys (ConfUtils.java:logGet(43)) - raft.server.log.write.buffer.size = 33554432 (custom)
2019-09-28 01:13:03,653 [pool-107-thread-1] INFO  server.RaftServerConfigKeys (ConfUtils.java:logGet(43)) - raft.server.log.force.sync.num = 128 (default)
2019-09-28 01:13:03,653 [pool-107-thread-1] INFO  server.RaftServerConfigKeys (ConfUtils.java:logGet(43)) - raft.server.log.statemachine.data.sync = true (default)
2019-09-28 01:13:03,653 [pool-107-thread-1] INFO  server.RaftServerConfigKeys (ConfUtils.java:logGet(43)) - raft.server.log.statemachine.data.sync.timeout = 10s (default)
2019-09-28 01:13:03,653 [pool-107-thread-1] INFO  server.RaftServerConfigKeys (ConfUtils.java:logGet(43)) - raft.server.log.statemachine.data.sync.timeout.retry = -1 (default)
2019-09-28 01:13:03,653 [pool-107-thread-1] INFO  server.RaftServerConfigKeys (ConfUtils.java:logGet(43)) - raft.server.log.statemachine.data.caching.enabled = true (custom)
2019-09-28 01:13:03,653 [pool-107-thread-1] INFO  segmented.SegmentedRaftLogWorker (SegmentedRaftLogWorker.java:lambda$new$0(132)) - cab9505b-c3df-4889-be4c-e0933a387faa@group-C9F0DCFCE7A9-SegmentedRaftLogWorker: flushIndex: setUnconditionally 0 -> -1
2019-09-28 01:13:03,654 [pool-107-thread-1] INFO  server.RaftServerConfigKeys (ConfUtils.java:logGet(43)) - raft.server.snapshot.auto.trigger.enabled = true (custom)
2019-09-28 01:13:03,654 [pool-107-thread-1] INFO  server.RaftServerConfigKeys (ConfUtils.java:logGet(43)) - raft.server.snapshot.auto.trigger.threshold = 10000 (custom)
2019-09-28 01:13:03,654 [pool-107-thread-1] INFO  server.RaftServerConfigKeys (ConfUtils.java:logGet(43)) - raft.server.snapshot.retention.num.files = 5 (custom)
2019-09-28 01:13:03,654 [pool-107-thread-1] INFO  server.RaftServerConfigKeys (ConfUtils.java:logGet(43)) - raft.server.retrycache.expirytime = 600000ms (custom)
2019-09-28 01:13:03,656 [pool-107-thread-1] INFO  impl.RaftServerImpl (RaftServerImpl.java:start(185)) - cab9505b-c3df-4889-be4c-e0933a387faa@group-C9F0DCFCE7A9: start as a follower, conf=-1: [cab9505b-c3df-4889-be4c-e0933a387faa:192.168.151.82:36450], old=null
2019-09-28 01:13:03,656 [pool-107-thread-1] INFO  impl.RaftServerImpl (RaftServerImpl.java:setRole(174)) - cab9505b-c3df-4889-be4c-e0933a387faa@group-C9F0DCFCE7A9: changes role from      null to FOLLOWER at term 0 for startAsFollower
2019-09-28 01:13:03,656 [pool-107-thread-1] INFO  impl.RoleInfo (RoleInfo.java:updateAndGet(143)) - cab9505b-c3df-4889-be4c-e0933a387faa: start FollowerState
2019-09-28 01:13:03,657 [pool-107-thread-1] INFO  util.JmxRegister (JmxRegister.java:tryRegister(44)) - Successfully registered JMX Bean with object name Ratis:service=RaftServer,group=group-C9F0DCFCE7A9,id=cab9505b-c3df-4889-be4c-e0933a387faa
2019-09-28 01:13:03,674 [RatisPipelineUtilsThread] INFO  pipeline.PipelineStateManager (PipelineStateManager.java:addPipeline(56)) - Created pipeline Pipeline[ Id: 0f9a242e-1329-42fb-8d60-c9f0dcfce7a9, Nodes: cab9505b-c3df-4889-be4c-e0933a387faa{ip: 192.168.151.82, host: pr-hdds-2162-8g7kw-3348123894, networkLocation: /rack1, certSerialId: null}, Type:RATIS, Factor:ONE, State:OPEN]
2019-09-28 01:13:03,692 [grpc-default-executor-0] INFO  impl.RaftServerProxy (RaftServerProxy.java:addNew(89)) - 8bf5c620-efb5-49b6-a768-f4179fc43006: addNew group-ED113BF3DDD9:[8bf5c620-efb5-49b6-a768-f4179fc43006:192.168.151.82:41397] returns group-ED113BF3DDD9:java.util.concurrent.CompletableFuture@3f82e371[Not completed]
2019-09-28 01:13:03,696 [pool-77-thread-1] INFO  impl.RaftServerImpl (RaftServerImpl.java:<init>(95)) - 8bf5c620-efb5-49b6-a768-f4179fc43006: new RaftServerImpl for group-ED113BF3DDD9:[8bf5c620-efb5-49b6-a768-f4179fc43006:192.168.151.82:41397] with ContainerStateMachine:uninitialized
2019-09-28 01:13:03,697 [pool-77-thread-1] INFO  server.RaftServerConfigKeys (ConfUtils.java:logGet(43)) - raft.server.rpc.timeout.min = 1s (custom)
2019-09-28 01:13:03,697 [pool-77-thread-1] INFO  server.RaftServerConfigKeys (ConfUtils.java:logGet(43)) - raft.server.rpc.timeout.max = 1200ms (custom)
2019-09-28 01:13:03,697 [pool-77-thread-1] INFO  server.RaftServerConfigKeys (ConfUtils.java:logGet(43)) - raft.server.rpcslowness.timeout = 120s (custom)
2019-09-28 01:13:03,697 [pool-77-thread-1] INFO  server.RaftServerConfigKeys (ConfUtils.java:logGet(43)) - raft.server.sleep.deviation.threshold = 300 (default)
2019-09-28 01:13:03,697 [pool-77-thread-1] INFO  server.RaftServerConfigKeys (ConfUtils.java:logGet(43)) - raft.server.log.appender.install.snapshot.enabled = false (custom)
2019-09-28 01:13:03,697 [pool-77-thread-1] INFO  impl.RaftServerImpl (ServerState.java:<init>(103)) - 8bf5c620-efb5-49b6-a768-f4179fc43006@group-ED113BF3DDD9: ConfigurationManager, init=-1: [8bf5c620-efb5-49b6-a768-f4179fc43006:192.168.151.82:41397], old=null, confs=<EMPTY_MAP>
2019-09-28 01:13:03,697 [pool-77-thread-1] INFO  server.RaftServerConfigKeys (ConfUtils.java:logGet(43)) - raft.server.storage.dir = [/workdir/hadoop-ozone/integration-test/target/test-dir/MiniOzoneClusterImpl-fa4977c4-dda7-4050-b4ba-2f9fed17fcef/datanode-5/data/ratis] (custom)
2019-09-28 01:13:03,698 [pool-77-thread-1] INFO  storage.RaftStorageDirectory (RaftStorageDirectory.java:analyzeStorage(246)) - The storage directory /workdir/hadoop-ozone/integration-test/target/test-dir/MiniOzoneClusterImpl-fa4977c4-dda7-4050-b4ba-2f9fed17fcef/datanode-5/data/ratis/54259147-03f8-4483-b02b-ed113bf3ddd9 does not exist. Creating ...
2019-09-28 01:13:03,710 [pool-77-thread-1] INFO  storage.RaftStorageDirectory (RaftStorageDirectory.java:tryLock(328)) - Lock on /workdir/hadoop-ozone/integration-test/target/test-dir/MiniOzoneClusterImpl-fa4977c4-dda7-4050-b4ba-2f9fed17fcef/datanode-5/data/ratis/54259147-03f8-4483-b02b-ed113bf3ddd9/in_use.lock acquired by nodename 30873@pr-hdds-2162-8g7kw-3348123894
2019-09-28 01:13:03,723 [pool-77-thread-1] INFO  storage.RaftStorage (RaftStorage.java:format(72)) - Storage directory /workdir/hadoop-ozone/integration-test/target/test-dir/MiniOzoneClusterImpl-fa4977c4-dda7-4050-b4ba-2f9fed17fcef/datanode-5/data/ratis/54259147-03f8-4483-b02b-ed113bf3ddd9 has been successfully formatted.
2019-09-28 01:13:03,723 [pool-77-thread-1] INFO  ratis.ContainerStateMachine (ContainerStateMachine.java:loadSnapshot(230)) - group-ED113BF3DDD9: The snapshot info is null. Setting the last applied indexto:(t:0, i:~)
2019-09-28 01:13:03,724 [pool-77-thread-1] INFO  server.RaftServerConfigKeys (ConfUtils.java:logGet(43)) - raft.server.notification.no-leader.timeout = 120s (custom)
2019-09-28 01:13:03,724 [pool-77-thread-1] INFO  server.RaftServerConfigKeys (ConfUtils.java:logGet(43)) - raft.server.log.use.memory = false (default)
2019-09-28 01:13:03,724 [pool-77-thread-1] INFO  server.RaftServerConfigKeys (ConfUtils.java:logGet(43)) - raft.server.log.purge.gap = 1000000 (custom)
2019-09-28 01:13:03,724 [pool-77-thread-1] INFO  server.RaftServerConfigKeys (ConfUtils.java:logGet(43)) - raft.server.log.appender.buffer.byte-limit = 33554432 (custom)
2019-09-28 01:13:03,724 [pool-77-thread-1] INFO  server.RaftServerConfigKeys (ConfUtils.java:logGet(43)) - raft.server.log.segment.size.max = 1048576 (custom)
2019-09-28 01:13:03,724 [pool-77-thread-1] INFO  server.RaftServerConfigKeys (ConfUtils.java:logGet(43)) - raft.server.log.segment.cache.num.max = 2 (custom)
2019-09-28 01:13:03,724 [pool-77-thread-1] INFO  segmented.SegmentedRaftLogWorker (SegmentedRaftLogWorker.java:<init>(172)) - new 8bf5c620-efb5-49b6-a768-f4179fc43006@group-ED113BF3DDD9-SegmentedRaftLogWorker for RaftStorage:Storage Directory /workdir/hadoop-ozone/integration-test/target/test-dir/MiniOzoneClusterImpl-fa4977c4-dda7-4050-b4ba-2f9fed17fcef/datanode-5/data/ratis/54259147-03f8-4483-b02b-ed113bf3ddd9
2019-09-28 01:13:03,726 [pool-77-thread-1] INFO  server.RaftServerConfigKeys (ConfUtils.java:logGet(43)) - raft.server.log.queue.byte-limit = 2147483647 (custom)
2019-09-28 01:13:03,726 [pool-77-thread-1] INFO  server.RaftServerConfigKeys (ConfUtils.java:logGet(43)) - raft.server.log.queue.element-limit = 1024 (custom)
2019-09-28 01:13:03,727 [pool-77-thread-1] INFO  server.RaftServerConfigKeys (ConfUtils.java:logGet(43)) - raft.server.log.segment.size.max = 1048576 (custom)
2019-09-28 01:13:03,727 [pool-77-thread-1] INFO  server.RaftServerConfigKeys (ConfUtils.java:logGet(43)) - raft.server.log.preallocated.size = 16384 (custom)
2019-09-28 01:13:03,727 [pool-77-thread-1] INFO  server.RaftServerConfigKeys (ConfUtils.java:logGet(43)) - raft.server.log.write.buffer.size = 33554432 (custom)
2019-09-28 01:13:03,727 [pool-77-thread-1] INFO  server.RaftServerConfigKeys (ConfUtils.java:logGet(43)) - raft.server.log.force.sync.num = 128 (default)
2019-09-28 01:13:03,727 [pool-77-thread-1] INFO  server.RaftServerConfigKeys (ConfUtils.java:logGet(43)) - raft.server.log.statemachine.data.sync = true (default)
2019-09-28 01:13:03,727 [pool-77-thread-1] INFO  server.RaftServerConfigKeys (ConfUtils.java:logGet(43)) - raft.server.log.statemachine.data.sync.timeout = 10s (default)
2019-09-28 01:13:03,727 [pool-77-thread-1] INFO  server.RaftServerConfigKeys (ConfUtils.java:logGet(43)) - raft.server.log.statemachine.data.sync.timeout.retry = -1 (default)
2019-09-28 01:13:03,727 [pool-77-thread-1] INFO  server.RaftServerConfigKeys (ConfUtils.java:logGet(43)) - raft.server.log.statemachine.data.caching.enabled = true (custom)
2019-09-28 01:13:03,728 [pool-77-thread-1] INFO  segmented.SegmentedRaftLogWorker (SegmentedRaftLogWorker.java:lambda$new$0(132)) - 8bf5c620-efb5-49b6-a768-f4179fc43006@group-ED113BF3DDD9-SegmentedRaftLogWorker: flushIndex: setUnconditionally 0 -> -1
2019-09-28 01:13:03,728 [pool-77-thread-1] INFO  server.RaftServerConfigKeys (ConfUtils.java:logGet(43)) - raft.server.snapshot.auto.trigger.enabled = true (custom)
2019-09-28 01:13:03,728 [pool-77-thread-1] INFO  server.RaftServerConfigKeys (ConfUtils.java:logGet(43)) - raft.server.snapshot.auto.trigger.threshold = 10000 (custom)
2019-09-28 01:13:03,728 [pool-77-thread-1] INFO  server.RaftServerConfigKeys (ConfUtils.java:logGet(43)) - raft.server.snapshot.retention.num.files = 5 (custom)
2019-09-28 01:13:03,728 [pool-77-thread-1] INFO  server.RaftServerConfigKeys (ConfUtils.java:logGet(43)) - raft.server.retrycache.expirytime = 600000ms (custom)
2019-09-28 01:13:03,730 [pool-77-thread-1] INFO  impl.RaftServerImpl (RaftServerImpl.java:start(185)) - 8bf5c620-efb5-49b6-a768-f4179fc43006@group-ED113BF3DDD9: start as a follower, conf=-1: [8bf5c620-efb5-49b6-a768-f4179fc43006:192.168.151.82:41397], old=null
2019-09-28 01:13:03,730 [pool-77-thread-1] INFO  impl.RaftServerImpl (RaftServerImpl.java:setRole(174)) - 8bf5c620-efb5-49b6-a768-f4179fc43006@group-ED113BF3DDD9: changes role from      null to FOLLOWER at term 0 for startAsFollower
2019-09-28 01:13:03,730 [pool-77-thread-1] INFO  impl.RoleInfo (RoleInfo.java:updateAndGet(143)) - 8bf5c620-efb5-49b6-a768-f4179fc43006: start FollowerState
2019-09-28 01:13:03,730 [pool-77-thread-1] INFO  util.JmxRegister (JmxRegister.java:tryRegister(44)) - Successfully registered JMX Bean with object name Ratis:service=RaftServer,group=group-ED113BF3DDD9,id=8bf5c620-efb5-49b6-a768-f4179fc43006
2019-09-28 01:13:03,747 [RatisPipelineUtilsThread] INFO  pipeline.PipelineStateManager (PipelineStateManager.java:addPipeline(56)) - Created pipeline Pipeline[ Id: 54259147-03f8-4483-b02b-ed113bf3ddd9, Nodes: 8bf5c620-efb5-49b6-a768-f4179fc43006{ip: 192.168.151.82, host: pr-hdds-2162-8g7kw-3348123894, networkLocation: /rack1, certSerialId: null}, Type:RATIS, Factor:ONE, State:OPEN]
2019-09-28 01:13:03,765 [grpc-default-executor-0] INFO  impl.RaftServerProxy (RaftServerProxy.java:addNew(89)) - e82472fe-71fb-4472-b416-5021845f2f54: addNew group-D17466559F7D:[e82472fe-71fb-4472-b416-5021845f2f54:192.168.151.82:44038] returns group-D17466559F7D:java.util.concurrent.CompletableFuture@4143fe76[Not completed]
2019-09-28 01:13:03,770 [pool-37-thread-1] INFO  impl.RaftServerImpl (RaftServerImpl.java:<init>(95)) - e82472fe-71fb-4472-b416-5021845f2f54: new RaftServerImpl for group-D17466559F7D:[e82472fe-71fb-4472-b416-5021845f2f54:192.168.151.82:44038] with ContainerStateMachine:uninitialized
2019-09-28 01:13:03,771 [pool-37-thread-1] INFO  server.RaftServerConfigKeys (ConfUtils.java:logGet(43)) - raft.server.rpc.timeout.min = 1s (custom)
2019-09-28 01:13:03,771 [pool-37-thread-1] INFO  server.RaftServerConfigKeys (ConfUtils.java:logGet(43)) - raft.server.rpc.timeout.max = 1200ms (custom)
2019-09-28 01:13:03,771 [pool-37-thread-1] INFO  server.RaftServerConfigKeys (ConfUtils.java:logGet(43)) - raft.server.rpcslowness.timeout = 120s (custom)
2019-09-28 01:13:03,771 [pool-37-thread-1] INFO  server.RaftServerConfigKeys (ConfUtils.java:logGet(43)) - raft.server.sleep.deviation.threshold = 300 (default)
2019-09-28 01:13:03,771 [pool-37-thread-1] INFO  server.RaftServerConfigKeys (ConfUtils.java:logGet(43)) - raft.server.log.appender.install.snapshot.enabled = false (custom)
2019-09-28 01:13:03,771 [pool-37-thread-1] INFO  impl.RaftServerImpl (ServerState.java:<init>(103)) - e82472fe-71fb-4472-b416-5021845f2f54@group-D17466559F7D: ConfigurationManager, init=-1: [e82472fe-71fb-4472-b416-5021845f2f54:192.168.151.82:44038], old=null, confs=<EMPTY_MAP>
2019-09-28 01:13:03,771 [pool-37-thread-1] INFO  server.RaftServerConfigKeys (ConfUtils.java:logGet(43)) - raft.server.storage.dir = [/workdir/hadoop-ozone/integration-test/target/test-dir/MiniOzoneClusterImpl-fa4977c4-dda7-4050-b4ba-2f9fed17fcef/datanode-1/data/ratis] (custom)
2019-09-28 01:13:03,772 [pool-37-thread-1] INFO  storage.RaftStorageDirectory (RaftStorageDirectory.java:analyzeStorage(246)) - The storage directory /workdir/hadoop-ozone/integration-test/target/test-dir/MiniOzoneClusterImpl-fa4977c4-dda7-4050-b4ba-2f9fed17fcef/datanode-1/data/ratis/29eb276d-b883-49e0-b10e-d17466559f7d does not exist. Creating ...
2019-09-28 01:13:03,777 [Thread-285] INFO  impl.FollowerState (FollowerState.java:run(106)) - 7ca580e1-9483-43e9-999f-08065f5f46f8:group-D0E4ABE7B523 changes to CANDIDATE, lastRpcTime:1101, electionTimeout:1101ms
2019-09-28 01:13:03,779 [Thread-285] INFO  impl.RoleInfo (RoleInfo.java:shutdownFollowerState(121)) - 7ca580e1-9483-43e9-999f-08065f5f46f8: shutdown FollowerState
2019-09-28 01:13:03,779 [Thread-285] INFO  impl.RaftServerImpl (RaftServerImpl.java:setRole(174)) - 7ca580e1-9483-43e9-999f-08065f5f46f8@group-D0E4ABE7B523: changes role from  FOLLOWER to CANDIDATE at term 0 for changeToCandidate
2019-09-28 01:13:03,785 [pool-37-thread-1] INFO  storage.RaftStorageDirectory (RaftStorageDirectory.java:tryLock(328)) - Lock on /workdir/hadoop-ozone/integration-test/target/test-dir/MiniOzoneClusterImpl-fa4977c4-dda7-4050-b4ba-2f9fed17fcef/datanode-1/data/ratis/29eb276d-b883-49e0-b10e-d17466559f7d/in_use.lock acquired by nodename 30873@pr-hdds-2162-8g7kw-3348123894
2019-09-28 01:13:03,788 [Thread-285] INFO  impl.RoleInfo (RoleInfo.java:updateAndGet(143)) - 7ca580e1-9483-43e9-999f-08065f5f46f8: start LeaderElection
2019-09-28 01:13:03,812 [pool-37-thread-1] INFO  storage.RaftStorage (RaftStorage.java:format(72)) - Storage directory /workdir/hadoop-ozone/integration-test/target/test-dir/MiniOzoneClusterImpl-fa4977c4-dda7-4050-b4ba-2f9fed17fcef/datanode-1/data/ratis/29eb276d-b883-49e0-b10e-d17466559f7d has been successfully formatted.
2019-09-28 01:13:03,815 [7ca580e1-9483-43e9-999f-08065f5f46f8@group-D0E4ABE7B523:LeaderElection1] INFO  impl.LeaderElection (LeaderElection.java:askForVotes(182)) - 7ca580e1-9483-43e9-999f-08065f5f46f8@group-D0E4ABE7B523:LeaderElection1: begin an election at term 1 for -1: [7ca580e1-9483-43e9-999f-08065f5f46f8:192.168.151.82:39513], old=null
2019-09-28 01:13:03,815 [pool-37-thread-1] INFO  ratis.ContainerStateMachine (ContainerStateMachine.java:loadSnapshot(230)) - group-D17466559F7D: The snapshot info is null. Setting the last applied indexto:(t:0, i:~)
2019-09-28 01:13:03,815 [pool-37-thread-1] INFO  server.RaftServerConfigKeys (ConfUtils.java:logGet(43)) - raft.server.notification.no-leader.timeout = 120s (custom)
2019-09-28 01:13:03,815 [pool-37-thread-1] INFO  server.RaftServerConfigKeys (ConfUtils.java:logGet(43)) - raft.server.log.use.memory = false (default)
2019-09-28 01:13:03,815 [pool-37-thread-1] INFO  server.RaftServerConfigKeys (ConfUtils.java:logGet(43)) - raft.server.log.purge.gap = 1000000 (custom)
2019-09-28 01:13:03,815 [pool-37-thread-1] INFO  server.RaftServerConfigKeys (ConfUtils.java:logGet(43)) - raft.server.log.appender.buffer.byte-limit = 33554432 (custom)
2019-09-28 01:13:03,816 [pool-37-thread-1] INFO  server.RaftServerConfigKeys (ConfUtils.java:logGet(43)) - raft.server.log.segment.size.max = 1048576 (custom)
2019-09-28 01:13:03,816 [pool-37-thread-1] INFO  server.RaftServerConfigKeys (ConfUtils.java:logGet(43)) - raft.server.log.segment.cache.num.max = 2 (custom)
2019-09-28 01:13:03,816 [pool-37-thread-1] INFO  segmented.SegmentedRaftLogWorker (SegmentedRaftLogWorker.java:<init>(172)) - new e82472fe-71fb-4472-b416-5021845f2f54@group-D17466559F7D-SegmentedRaftLogWorker for RaftStorage:Storage Directory /workdir/hadoop-ozone/integration-test/target/test-dir/MiniOzoneClusterImpl-fa4977c4-dda7-4050-b4ba-2f9fed17fcef/datanode-1/data/ratis/29eb276d-b883-49e0-b10e-d17466559f7d
2019-09-28 01:13:03,817 [7ca580e1-9483-43e9-999f-08065f5f46f8@group-D0E4ABE7B523:LeaderElection1] INFO  impl.RoleInfo (RoleInfo.java:shutdownLeaderElection(134)) - 7ca580e1-9483-43e9-999f-08065f5f46f8: shutdown LeaderElection
2019-09-28 01:13:03,817 [7ca580e1-9483-43e9-999f-08065f5f46f8@group-D0E4ABE7B523:LeaderElection1] INFO  impl.RaftServerImpl (RaftServerImpl.java:setRole(174)) - 7ca580e1-9483-43e9-999f-08065f5f46f8@group-D0E4ABE7B523: changes role from CANDIDATE to LEADER at term 1 for changeToLeader
2019-09-28 01:13:03,818 [7ca580e1-9483-43e9-999f-08065f5f46f8@group-D0E4ABE7B523:LeaderElection1] INFO  impl.RaftServerImpl (ServerState.java:setLeader(253)) - 7ca580e1-9483-43e9-999f-08065f5f46f8@group-D0E4ABE7B523: change Leader from null to 7ca580e1-9483-43e9-999f-08065f5f46f8 at term 1 for becomeLeader, leader elected after 1265ms
2019-09-28 01:13:03,818 [pool-37-thread-1] INFO  server.RaftServerConfigKeys (ConfUtils.java:logGet(43)) - raft.server.log.queue.byte-limit = 2147483647 (custom)
2019-09-28 01:13:03,818 [pool-37-thread-1] INFO  server.RaftServerConfigKeys (ConfUtils.java:logGet(43)) - raft.server.log.queue.element-limit = 1024 (custom)
2019-09-28 01:13:03,818 [pool-37-thread-1] INFO  server.RaftServerConfigKeys (ConfUtils.java:logGet(43)) - raft.server.log.segment.size.max = 1048576 (custom)
2019-09-28 01:13:03,818 [pool-37-thread-1] INFO  server.RaftServerConfigKeys (ConfUtils.java:logGet(43)) - raft.server.log.preallocated.size = 16384 (custom)
2019-09-28 01:13:03,818 [pool-37-thread-1] INFO  server.RaftServerConfigKeys (ConfUtils.java:logGet(43)) - raft.server.log.write.buffer.size = 33554432 (custom)
2019-09-28 01:13:03,818 [pool-37-thread-1] INFO  server.RaftServerConfigKeys (ConfUtils.java:logGet(43)) - raft.server.log.force.sync.num = 128 (default)
2019-09-28 01:13:03,819 [pool-37-thread-1] INFO  server.RaftServerConfigKeys (ConfUtils.java:logGet(43)) - raft.server.log.statemachine.data.sync = true (default)
2019-09-28 01:13:03,819 [pool-37-thread-1] INFO  server.RaftServerConfigKeys (ConfUtils.java:logGet(43)) - raft.server.log.statemachine.data.sync.timeout = 10s (default)
2019-09-28 01:13:03,819 [pool-37-thread-1] INFO  server.RaftServerConfigKeys (ConfUtils.java:logGet(43)) - raft.server.log.statemachine.data.sync.timeout.retry = -1 (default)
2019-09-28 01:13:03,819 [pool-37-thread-1] INFO  server.RaftServerConfigKeys (ConfUtils.java:logGet(43)) - raft.server.log.statemachine.data.caching.enabled = true (custom)
2019-09-28 01:13:03,819 [pool-37-thread-1] INFO  segmented.SegmentedRaftLogWorker (SegmentedRaftLogWorker.java:lambda$new$0(132)) - e82472fe-71fb-4472-b416-5021845f2f54@group-D17466559F7D-SegmentedRaftLogWorker: flushIndex: setUnconditionally 0 -> -1
2019-09-28 01:13:03,820 [pool-37-thread-1] INFO  server.RaftServerConfigKeys (ConfUtils.java:logGet(43)) - raft.server.snapshot.auto.trigger.enabled = true (custom)
2019-09-28 01:13:03,820 [pool-37-thread-1] INFO  server.RaftServerConfigKeys (ConfUtils.java:logGet(43)) - raft.server.snapshot.auto.trigger.threshold = 10000 (custom)
2019-09-28 01:13:03,820 [pool-37-thread-1] INFO  server.RaftServerConfigKeys (ConfUtils.java:logGet(43)) - raft.server.snapshot.retention.num.files = 5 (custom)
2019-09-28 01:13:03,820 [pool-37-thread-1] INFO  server.RaftServerConfigKeys (ConfUtils.java:logGet(43)) - raft.server.retrycache.expirytime = 600000ms (custom)
2019-09-28 01:13:03,822 [pool-37-thread-1] INFO  impl.RaftServerImpl (RaftServerImpl.java:start(185)) - e82472fe-71fb-4472-b416-5021845f2f54@group-D17466559F7D: start as a follower, conf=-1: [e82472fe-71fb-4472-b416-5021845f2f54:192.168.151.82:44038], old=null
2019-09-28 01:13:03,822 [pool-37-thread-1] INFO  impl.RaftServerImpl (RaftServerImpl.java:setRole(174)) - e82472fe-71fb-4472-b416-5021845f2f54@group-D17466559F7D: changes role from      null to FOLLOWER at term 0 for startAsFollower
2019-09-28 01:13:03,822 [pool-37-thread-1] INFO  impl.RoleInfo (RoleInfo.java:updateAndGet(143)) - e82472fe-71fb-4472-b416-5021845f2f54: start FollowerState
2019-09-28 01:13:03,822 [pool-37-thread-1] INFO  util.JmxRegister (JmxRegister.java:tryRegister(44)) - Successfully registered JMX Bean with object name Ratis:service=RaftServer,group=group-D17466559F7D,id=e82472fe-71fb-4472-b416-5021845f2f54
2019-09-28 01:13:03,841 [7ca580e1-9483-43e9-999f-08065f5f46f8@group-D0E4ABE7B523:LeaderElection1] INFO  server.RaftServerConfigKeys (ConfUtils.java:logGet(43)) - raft.server.staging.catchup.gap = 1000 (default)
2019-09-28 01:13:03,845 [7ca580e1-9483-43e9-999f-08065f5f46f8@group-D0E4ABE7B523:LeaderElection1] INFO  server.RaftServerConfigKeys (ConfUtils.java:logGet(43)) - raft.server.rpc.sleep.time = 25ms (default)
2019-09-28 01:13:03,851 [RatisPipelineUtilsThread] INFO  pipeline.PipelineStateManager (PipelineStateManager.java:addPipeline(56)) - Created pipeline Pipeline[ Id: 29eb276d-b883-49e0-b10e-d17466559f7d, Nodes: e82472fe-71fb-4472-b416-5021845f2f54{ip: 192.168.151.82, host: pr-hdds-2162-8g7kw-3348123894, networkLocation: /rack1, certSerialId: null}, Type:RATIS, Factor:ONE, State:OPEN]
2019-09-28 01:13:03,855 [7ca580e1-9483-43e9-999f-08065f5f46f8@group-D0E4ABE7B523:LeaderElection1] INFO  server.RaftServerConfigKeys (ConfUtils.java:logGet(43)) - raft.server.write.element-limit = 4096 (default)
2019-09-28 01:13:03,861 [7ca580e1-9483-43e9-999f-08065f5f46f8@group-D0E4ABE7B523:LeaderElection1] INFO  server.RaftServerConfigKeys (ConfUtils.java:logGet(43)) - raft.server.watch.timeout = 10s (default)
2019-09-28 01:13:03,861 [7ca580e1-9483-43e9-999f-08065f5f46f8@group-D0E4ABE7B523:LeaderElection1] INFO  server.RaftServerConfigKeys (ConfUtils.java:logGet(43)) - raft.server.watch.timeout.denomination = 1s (default)
2019-09-28 01:13:03,870 [7ca580e1-9483-43e9-999f-08065f5f46f8@group-D0E4ABE7B523:LeaderElection1] INFO  server.RaftServerConfigKeys (ConfUtils.java:logGet(43)) - raft.server.watch.element-limit = 65536 (default)
2019-09-28 01:13:03,878 [grpc-default-executor-0] INFO  impl.RaftServerProxy (RaftServerProxy.java:addNew(89)) - 302d3587-349c-4e62-abb8-2673f37c3eec: addNew group-A0C798E7F315:[302d3587-349c-4e62-abb8-2673f37c3eec:192.168.151.82:36453] returns group-A0C798E7F315:java.util.concurrent.CompletableFuture@3b2e7fe3[Not completed]
2019-09-28 01:13:03,880 [pool-97-thread-1] INFO  impl.RaftServerImpl (RaftServerImpl.java:<init>(95)) - 302d3587-349c-4e62-abb8-2673f37c3eec: new RaftServerImpl for group-A0C798E7F315:[302d3587-349c-4e62-abb8-2673f37c3eec:192.168.151.82:36453] with ContainerStateMachine:uninitialized
2019-09-28 01:13:03,881 [pool-97-thread-1] INFO  server.RaftServerConfigKeys (ConfUtils.java:logGet(43)) - raft.server.rpc.timeout.min = 1s (custom)
2019-09-28 01:13:03,881 [pool-97-thread-1] INFO  server.RaftServerConfigKeys (ConfUtils.java:logGet(43)) - raft.server.rpc.timeout.max = 1200ms (custom)
2019-09-28 01:13:03,881 [pool-97-thread-1] INFO  server.RaftServerConfigKeys (ConfUtils.java:logGet(43)) - raft.server.rpcslowness.timeout = 120s (custom)
2019-09-28 01:13:03,881 [pool-97-thread-1] INFO  server.RaftServerConfigKeys (ConfUtils.java:logGet(43)) - raft.server.sleep.deviation.threshold = 300 (default)
2019-09-28 01:13:03,881 [pool-97-thread-1] INFO  server.RaftServerConfigKeys (ConfUtils.java:logGet(43)) - raft.server.log.appender.install.snapshot.enabled = false (custom)
2019-09-28 01:13:03,882 [pool-97-thread-1] INFO  impl.RaftServerImpl (ServerState.java:<init>(103)) - 302d3587-349c-4e62-abb8-2673f37c3eec@group-A0C798E7F315: ConfigurationManager, init=-1: [302d3587-349c-4e62-abb8-2673f37c3eec:192.168.151.82:36453], old=null, confs=<EMPTY_MAP>
2019-09-28 01:13:03,882 [pool-97-thread-1] INFO  server.RaftServerConfigKeys (ConfUtils.java:logGet(43)) - raft.server.storage.dir = [/workdir/hadoop-ozone/integration-test/target/test-dir/MiniOzoneClusterImpl-fa4977c4-dda7-4050-b4ba-2f9fed17fcef/datanode-7/data/ratis] (custom)
2019-09-28 01:13:03,882 [pool-97-thread-1] INFO  storage.RaftStorageDirectory (RaftStorageDirectory.java:analyzeStorage(246)) - The storage directory /workdir/hadoop-ozone/integration-test/target/test-dir/MiniOzoneClusterImpl-fa4977c4-dda7-4050-b4ba-2f9fed17fcef/datanode-7/data/ratis/f1a4dcd5-e4bf-4914-b4bf-a0c798e7f315 does not exist. Creating ...
2019-09-28 01:13:03,886 [7ca580e1-9483-43e9-999f-08065f5f46f8@group-D0E4ABE7B523:LeaderElection1] INFO  impl.RoleInfo (RoleInfo.java:updateAndGet(143)) - 7ca580e1-9483-43e9-999f-08065f5f46f8: start LeaderState
2019-09-28 01:13:03,896 [pool-97-thread-1] INFO  storage.RaftStorageDirectory (RaftStorageDirectory.java:tryLock(328)) - Lock on /workdir/hadoop-ozone/integration-test/target/test-dir/MiniOzoneClusterImpl-fa4977c4-dda7-4050-b4ba-2f9fed17fcef/datanode-7/data/ratis/f1a4dcd5-e4bf-4914-b4bf-a0c798e7f315/in_use.lock acquired by nodename 30873@pr-hdds-2162-8g7kw-3348123894
2019-09-28 01:13:03,909 [pool-97-thread-1] INFO  storage.RaftStorage (RaftStorage.java:format(72)) - Storage directory /workdir/hadoop-ozone/integration-test/target/test-dir/MiniOzoneClusterImpl-fa4977c4-dda7-4050-b4ba-2f9fed17fcef/datanode-7/data/ratis/f1a4dcd5-e4bf-4914-b4bf-a0c798e7f315 has been successfully formatted.
2019-09-28 01:13:03,910 [pool-97-thread-1] INFO  ratis.ContainerStateMachine (ContainerStateMachine.java:loadSnapshot(230)) - group-A0C798E7F315: The snapshot info is null. Setting the last applied indexto:(t:0, i:~)
2019-09-28 01:13:03,910 [pool-97-thread-1] INFO  server.RaftServerConfigKeys (ConfUtils.java:logGet(43)) - raft.server.notification.no-leader.timeout = 120s (custom)
2019-09-28 01:13:03,910 [pool-97-thread-1] INFO  server.RaftServerConfigKeys (ConfUtils.java:logGet(43)) - raft.server.log.use.memory = false (default)
2019-09-28 01:13:03,910 [pool-97-thread-1] INFO  server.RaftServerConfigKeys (ConfUtils.java:logGet(43)) - raft.server.log.purge.gap = 1000000 (custom)
2019-09-28 01:13:03,911 [pool-97-thread-1] INFO  server.RaftServerConfigKeys (ConfUtils.java:logGet(43)) - raft.server.log.appender.buffer.byte-limit = 33554432 (custom)
2019-09-28 01:13:03,911 [7ca580e1-9483-43e9-999f-08065f5f46f8@group-D0E4ABE7B523:LeaderElection1] INFO  segmented.SegmentedRaftLogWorker (SegmentedRaftLogWorker.java:startLogSegment(380)) - 7ca580e1-9483-43e9-999f-08065f5f46f8@group-D0E4ABE7B523-SegmentedRaftLogWorker: Starting segment from index:0
2019-09-28 01:13:03,911 [pool-97-thread-1] INFO  server.RaftServerConfigKeys (ConfUtils.java:logGet(43)) - raft.server.log.segment.size.max = 1048576 (custom)
2019-09-28 01:13:03,911 [pool-97-thread-1] INFO  server.RaftServerConfigKeys (ConfUtils.java:logGet(43)) - raft.server.log.segment.cache.num.max = 2 (custom)
2019-09-28 01:13:03,911 [pool-97-thread-1] INFO  segmented.SegmentedRaftLogWorker (SegmentedRaftLogWorker.java:<init>(172)) - new 302d3587-349c-4e62-abb8-2673f37c3eec@group-A0C798E7F315-SegmentedRaftLogWorker for RaftStorage:Storage Directory /workdir/hadoop-ozone/integration-test/target/test-dir/MiniOzoneClusterImpl-fa4977c4-dda7-4050-b4ba-2f9fed17fcef/datanode-7/data/ratis/f1a4dcd5-e4bf-4914-b4bf-a0c798e7f315
2019-09-28 01:13:03,914 [pool-97-thread-1] INFO  server.RaftServerConfigKeys (ConfUtils.java:logGet(43)) - raft.server.log.queue.byte-limit = 2147483647 (custom)
2019-09-28 01:13:03,914 [pool-97-thread-1] INFO  server.RaftServerConfigKeys (ConfUtils.java:logGet(43)) - raft.server.log.queue.element-limit = 1024 (custom)
2019-09-28 01:13:03,915 [pool-97-thread-1] INFO  server.RaftServerConfigKeys (ConfUtils.java:logGet(43)) - raft.server.log.segment.size.max = 1048576 (custom)
2019-09-28 01:13:03,915 [pool-97-thread-1] INFO  server.RaftServerConfigKeys (ConfUtils.java:logGet(43)) - raft.server.log.preallocated.size = 16384 (custom)
2019-09-28 01:13:03,915 [pool-97-thread-1] INFO  server.RaftServerConfigKeys (ConfUtils.java:logGet(43)) - raft.server.log.write.buffer.size = 33554432 (custom)
2019-09-28 01:13:03,915 [pool-97-thread-1] INFO  server.RaftServerConfigKeys (ConfUtils.java:logGet(43)) - raft.server.log.force.sync.num = 128 (default)
2019-09-28 01:13:03,915 [pool-97-thread-1] INFO  server.RaftServerConfigKeys (ConfUtils.java:logGet(43)) - raft.server.log.statemachine.data.sync = true (default)
2019-09-28 01:13:03,915 [pool-97-thread-1] INFO  server.RaftServerConfigKeys (ConfUtils.java:logGet(43)) - raft.server.log.statemachine.data.sync.timeout = 10s (default)
2019-09-28 01:13:03,916 [pool-97-thread-1] INFO  server.RaftServerConfigKeys (ConfUtils.java:logGet(43)) - raft.server.log.statemachine.data.sync.timeout.retry = -1 (default)
2019-09-28 01:13:03,916 [pool-97-thread-1] INFO  server.RaftServerConfigKeys (ConfUtils.java:logGet(43)) - raft.server.log.statemachine.data.caching.enabled = true (custom)
2019-09-28 01:13:03,916 [pool-97-thread-1] INFO  segmented.SegmentedRaftLogWorker (SegmentedRaftLogWorker.java:lambda$new$0(132)) - 302d3587-349c-4e62-abb8-2673f37c3eec@group-A0C798E7F315-SegmentedRaftLogWorker: flushIndex: setUnconditionally 0 -> -1
2019-09-28 01:13:03,917 [pool-97-thread-1] INFO  server.RaftServerConfigKeys (ConfUtils.java:logGet(43)) - raft.server.snapshot.auto.trigger.enabled = true (custom)
2019-09-28 01:13:03,917 [pool-97-thread-1] INFO  server.RaftServerConfigKeys (ConfUtils.java:logGet(43)) - raft.server.snapshot.auto.trigger.threshold = 10000 (custom)
2019-09-28 01:13:03,917 [pool-97-thread-1] INFO  server.RaftServerConfigKeys (ConfUtils.java:logGet(43)) - raft.server.snapshot.retention.num.files = 5 (custom)
2019-09-28 01:13:03,917 [pool-97-thread-1] INFO  server.RaftServerConfigKeys (ConfUtils.java:logGet(43)) - raft.server.retrycache.expirytime = 600000ms (custom)
2019-09-28 01:13:03,919 [7ca580e1-9483-43e9-999f-08065f5f46f8@group-D0E4ABE7B523:LeaderElection1] INFO  impl.RaftServerImpl (ServerState.java:setRaftConf(354)) - 7ca580e1-9483-43e9-999f-08065f5f46f8@group-D0E4ABE7B523: set configuration 0: [7ca580e1-9483-43e9-999f-08065f5f46f8:192.168.151.82:39513], old=null at 0
2019-09-28 01:13:03,922 [pool-97-thread-1] INFO  impl.RaftServerImpl (RaftServerImpl.java:start(185)) - 302d3587-349c-4e62-abb8-2673f37c3eec@group-A0C798E7F315: start as a follower, conf=-1: [302d3587-349c-4e62-abb8-2673f37c3eec:192.168.151.82:36453], old=null
2019-09-28 01:13:03,922 [pool-97-thread-1] INFO  impl.RaftServerImpl (RaftServerImpl.java:setRole(174)) - 302d3587-349c-4e62-abb8-2673f37c3eec@group-A0C798E7F315: changes role from      null to FOLLOWER at term 0 for startAsFollower
2019-09-28 01:13:03,922 [pool-97-thread-1] INFO  impl.RoleInfo (RoleInfo.java:updateAndGet(143)) - 302d3587-349c-4e62-abb8-2673f37c3eec: start FollowerState
2019-09-28 01:13:03,923 [pool-97-thread-1] INFO  util.JmxRegister (JmxRegister.java:tryRegister(44)) - Successfully registered JMX Bean with object name Ratis:service=RaftServer,group=group-A0C798E7F315,id=302d3587-349c-4e62-abb8-2673f37c3eec
2019-09-28 01:13:03,936 [RatisPipelineUtilsThread] INFO  pipeline.PipelineStateManager (PipelineStateManager.java:addPipeline(56)) - Created pipeline Pipeline[ Id: f1a4dcd5-e4bf-4914-b4bf-a0c798e7f315, Nodes: 302d3587-349c-4e62-abb8-2673f37c3eec{ip: 192.168.151.82, host: pr-hdds-2162-8g7kw-3348123894, networkLocation: /rack1, certSerialId: null}, Type:RATIS, Factor:ONE, State:OPEN]
2019-09-28 01:13:03,982 [grpc-default-executor-2] INFO  impl.RaftServerProxy (RaftServerProxy.java:addNew(89)) - 726dacf1-2c06-45a9-9365-4f0196171786: addNew group-3679665D126C:[7ca580e1-9483-43e9-999f-08065f5f46f8:192.168.151.82:39513, 726dacf1-2c06-45a9-9365-4f0196171786:192.168.151.82:39922, d8ea7beb-83bc-4703-8607-f43fb93ff04f:192.168.151.82:34522] returns group-3679665D126C:java.util.concurrent.CompletableFuture@473a5d22[Not completed]
2019-09-28 01:13:03,983 [grpc-default-executor-1] INFO  impl.RaftServerProxy (RaftServerProxy.java:addNew(89)) - 7ca580e1-9483-43e9-999f-08065f5f46f8: addNew group-3679665D126C:[7ca580e1-9483-43e9-999f-08065f5f46f8:192.168.151.82:39513, 726dacf1-2c06-45a9-9365-4f0196171786:192.168.151.82:39922, d8ea7beb-83bc-4703-8607-f43fb93ff04f:192.168.151.82:34522] returns group-3679665D126C:java.util.concurrent.CompletableFuture@4dc1ea4b[Not completed]
2019-09-28 01:13:03,986 [Thread-288] INFO  impl.FollowerState (FollowerState.java:run(106)) - 726dacf1-2c06-45a9-9365-4f0196171786:group-D9E302FCED46 changes to CANDIDATE, lastRpcTime:1066, electionTimeout:1064ms
2019-09-28 01:13:03,989 [grpc-default-executor-2] INFO  impl.RaftServerProxy (RaftServerProxy.java:addNew(89)) - d8ea7beb-83bc-4703-8607-f43fb93ff04f: addNew group-3679665D126C:[7ca580e1-9483-43e9-999f-08065f5f46f8:192.168.151.82:39513, 726dacf1-2c06-45a9-9365-4f0196171786:192.168.151.82:39922, d8ea7beb-83bc-4703-8607-f43fb93ff04f:192.168.151.82:34522] returns group-3679665D126C:java.util.concurrent.CompletableFuture@4305d11d[Not completed]
2019-09-28 01:13:03,989 [Thread-288] INFO  impl.RoleInfo (RoleInfo.java:shutdownFollowerState(121)) - 726dacf1-2c06-45a9-9365-4f0196171786: shutdown FollowerState
2019-09-28 01:13:03,989 [Thread-288] INFO  impl.RaftServerImpl (RaftServerImpl.java:setRole(174)) - 726dacf1-2c06-45a9-9365-4f0196171786@group-D9E302FCED46: changes role from  FOLLOWER to CANDIDATE at term 0 for changeToCandidate
2019-09-28 01:13:03,989 [Thread-288] INFO  impl.RoleInfo (RoleInfo.java:updateAndGet(143)) - 726dacf1-2c06-45a9-9365-4f0196171786: start LeaderElection
2019-09-28 01:13:03,990 [pool-67-thread-1] INFO  impl.RaftServerImpl (RaftServerImpl.java:<init>(95)) - 726dacf1-2c06-45a9-9365-4f0196171786: new RaftServerImpl for group-3679665D126C:[7ca580e1-9483-43e9-999f-08065f5f46f8:192.168.151.82:39513, 726dacf1-2c06-45a9-9365-4f0196171786:192.168.151.82:39922, d8ea7beb-83bc-4703-8607-f43fb93ff04f:192.168.151.82:34522] with ContainerStateMachine:uninitialized
2019-09-28 01:13:03,990 [pool-67-thread-1] INFO  server.RaftServerConfigKeys (ConfUtils.java:logGet(43)) - raft.server.rpc.timeout.min = 1s (custom)
2019-09-28 01:13:03,995 [pool-67-thread-1] INFO  server.RaftServerConfigKeys (ConfUtils.java:logGet(43)) - raft.server.rpc.timeout.max = 1200ms (custom)
2019-09-28 01:13:03,996 [pool-67-thread-1] INFO  server.RaftServerConfigKeys (ConfUtils.java:logGet(43)) - raft.server.rpcslowness.timeout = 120s (custom)
2019-09-28 01:13:03,996 [pool-67-thread-1] INFO  server.RaftServerConfigKeys (ConfUtils.java:logGet(43)) - raft.server.sleep.deviation.threshold = 300 (default)
2019-09-28 01:13:03,996 [pool-67-thread-1] INFO  server.RaftServerConfigKeys (ConfUtils.java:logGet(43)) - raft.server.log.appender.install.snapshot.enabled = false (custom)
2019-09-28 01:13:03,996 [pool-67-thread-1] INFO  impl.RaftServerImpl (ServerState.java:<init>(103)) - 726dacf1-2c06-45a9-9365-4f0196171786@group-3679665D126C: ConfigurationManager, init=-1: [7ca580e1-9483-43e9-999f-08065f5f46f8:192.168.151.82:39513, 726dacf1-2c06-45a9-9365-4f0196171786:192.168.151.82:39922, d8ea7beb-83bc-4703-8607-f43fb93ff04f:192.168.151.82:34522], old=null, confs=<EMPTY_MAP>
2019-09-28 01:13:03,996 [pool-87-thread-1] INFO  impl.RaftServerImpl (RaftServerImpl.java:<init>(95)) - d8ea7beb-83bc-4703-8607-f43fb93ff04f: new RaftServerImpl for group-3679665D126C:[7ca580e1-9483-43e9-999f-08065f5f46f8:192.168.151.82:39513, 726dacf1-2c06-45a9-9365-4f0196171786:192.168.151.82:39922, d8ea7beb-83bc-4703-8607-f43fb93ff04f:192.168.151.82:34522] with ContainerStateMachine:uninitialized
2019-09-28 01:13:03,996 [pool-67-thread-1] INFO  server.RaftServerConfigKeys (ConfUtils.java:logGet(43)) - raft.server.storage.dir = [/workdir/hadoop-ozone/integration-test/target/test-dir/MiniOzoneClusterImpl-fa4977c4-dda7-4050-b4ba-2f9fed17fcef/datanode-4/data/ratis] (custom)
2019-09-28 01:13:03,996 [pool-87-thread-1] INFO  server.RaftServerConfigKeys (ConfUtils.java:logGet(43)) - raft.server.rpc.timeout.min = 1s (custom)
2019-09-28 01:13:03,997 [pool-87-thread-1] INFO  server.RaftServerConfigKeys (ConfUtils.java:logGet(43)) - raft.server.rpc.timeout.max = 1200ms (custom)
2019-09-28 01:13:03,997 [pool-87-thread-1] INFO  server.RaftServerConfigKeys (ConfUtils.java:logGet(43)) - raft.server.rpcslowness.timeout = 120s (custom)
2019-09-28 01:13:03,997 [pool-87-thread-1] INFO  server.RaftServerConfigKeys (ConfUtils.java:logGet(43)) - raft.server.sleep.deviation.threshold = 300 (default)
2019-09-28 01:13:03,997 [pool-27-thread-1] INFO  impl.RaftServerImpl (RaftServerImpl.java:<init>(95)) - 7ca580e1-9483-43e9-999f-08065f5f46f8: new RaftServerImpl for group-3679665D126C:[7ca580e1-9483-43e9-999f-08065f5f46f8:192.168.151.82:39513, 726dacf1-2c06-45a9-9365-4f0196171786:192.168.151.82:39922, d8ea7beb-83bc-4703-8607-f43fb93ff04f:192.168.151.82:34522] with ContainerStateMachine:uninitialized
2019-09-28 01:13:03,997 [pool-87-thread-1] INFO  server.RaftServerConfigKeys (ConfUtils.java:logGet(43)) - raft.server.log.appender.install.snapshot.enabled = false (custom)
2019-09-28 01:13:03,998 [pool-27-thread-1] INFO  server.RaftServerConfigKeys (ConfUtils.java:logGet(43)) - raft.server.rpc.timeout.min = 1s (custom)
2019-09-28 01:13:03,998 [pool-87-thread-1] INFO  impl.RaftServerImpl (ServerState.java:<init>(103)) - d8ea7beb-83bc-4703-8607-f43fb93ff04f@group-3679665D126C: ConfigurationManager, init=-1: [7ca580e1-9483-43e9-999f-08065f5f46f8:192.168.151.82:39513, 726dacf1-2c06-45a9-9365-4f0196171786:192.168.151.82:39922, d8ea7beb-83bc-4703-8607-f43fb93ff04f:192.168.151.82:34522], old=null, confs=<EMPTY_MAP>
2019-09-28 01:13:04,000 [pool-27-thread-1] INFO  server.RaftServerConfigKeys (ConfUtils.java:logGet(43)) - raft.server.rpc.timeout.max = 1200ms (custom)
2019-09-28 01:13:04,001 [pool-87-thread-1] INFO  server.RaftServerConfigKeys (ConfUtils.java:logGet(43)) - raft.server.storage.dir = [/workdir/hadoop-ozone/integration-test/target/test-dir/MiniOzoneClusterImpl-fa4977c4-dda7-4050-b4ba-2f9fed17fcef/datanode-6/data/ratis] (custom)
2019-09-28 01:13:04,001 [pool-27-thread-1] INFO  server.RaftServerConfigKeys (ConfUtils.java:logGet(43)) - raft.server.rpcslowness.timeout = 120s (custom)
2019-09-28 01:13:04,001 [pool-27-thread-1] INFO  server.RaftServerConfigKeys (ConfUtils.java:logGet(43)) - raft.server.sleep.deviation.threshold = 300 (default)
2019-09-28 01:13:04,001 [pool-27-thread-1] INFO  server.RaftServerConfigKeys (ConfUtils.java:logGet(43)) - raft.server.log.appender.install.snapshot.enabled = false (custom)
2019-09-28 01:13:04,001 [pool-27-thread-1] INFO  impl.RaftServerImpl (ServerState.java:<init>(103)) - 7ca580e1-9483-43e9-999f-08065f5f46f8@group-3679665D126C: ConfigurationManager, init=-1: [7ca580e1-9483-43e9-999f-08065f5f46f8:192.168.151.82:39513, 726dacf1-2c06-45a9-9365-4f0196171786:192.168.151.82:39922, d8ea7beb-83bc-4703-8607-f43fb93ff04f:192.168.151.82:34522], old=null, confs=<EMPTY_MAP>
2019-09-28 01:13:04,002 [pool-27-thread-1] INFO  server.RaftServerConfigKeys (ConfUtils.java:logGet(43)) - raft.server.storage.dir = [/workdir/hadoop-ozone/integration-test/target/test-dir/MiniOzoneClusterImpl-fa4977c4-dda7-4050-b4ba-2f9fed17fcef/datanode-0/data/ratis] (custom)
2019-09-28 01:13:04,005 [pool-27-thread-1] INFO  storage.RaftStorageDirectory (RaftStorageDirectory.java:analyzeStorage(246)) - The storage directory /workdir/hadoop-ozone/integration-test/target/test-dir/MiniOzoneClusterImpl-fa4977c4-dda7-4050-b4ba-2f9fed17fcef/datanode-0/data/ratis/b1655f58-e2be-445f-b531-3679665d126c does not exist. Creating ...
2019-09-28 01:13:04,007 [pool-87-thread-1] INFO  storage.RaftStorageDirectory (RaftStorageDirectory.java:analyzeStorage(246)) - The storage directory /workdir/hadoop-ozone/integration-test/target/test-dir/MiniOzoneClusterImpl-fa4977c4-dda7-4050-b4ba-2f9fed17fcef/datanode-6/data/ratis/b1655f58-e2be-445f-b531-3679665d126c does not exist. Creating ...
2019-09-28 01:13:04,007 [pool-67-thread-1] INFO  storage.RaftStorageDirectory (RaftStorageDirectory.java:analyzeStorage(246)) - The storage directory /workdir/hadoop-ozone/integration-test/target/test-dir/MiniOzoneClusterImpl-fa4977c4-dda7-4050-b4ba-2f9fed17fcef/datanode-4/data/ratis/b1655f58-e2be-445f-b531-3679665d126c does not exist. Creating ...
2019-09-28 01:13:04,024 [pool-87-thread-1] INFO  storage.RaftStorageDirectory (RaftStorageDirectory.java:tryLock(328)) - Lock on /workdir/hadoop-ozone/integration-test/target/test-dir/MiniOzoneClusterImpl-fa4977c4-dda7-4050-b4ba-2f9fed17fcef/datanode-6/data/ratis/b1655f58-e2be-445f-b531-3679665d126c/in_use.lock acquired by nodename 30873@pr-hdds-2162-8g7kw-3348123894
2019-09-28 01:13:04,024 [pool-27-thread-1] INFO  storage.RaftStorageDirectory (RaftStorageDirectory.java:tryLock(328)) - Lock on /workdir/hadoop-ozone/integration-test/target/test-dir/MiniOzoneClusterImpl-fa4977c4-dda7-4050-b4ba-2f9fed17fcef/datanode-0/data/ratis/b1655f58-e2be-445f-b531-3679665d126c/in_use.lock acquired by nodename 30873@pr-hdds-2162-8g7kw-3348123894
2019-09-28 01:13:04,024 [pool-67-thread-1] INFO  storage.RaftStorageDirectory (RaftStorageDirectory.java:tryLock(328)) - Lock on /workdir/hadoop-ozone/integration-test/target/test-dir/MiniOzoneClusterImpl-fa4977c4-dda7-4050-b4ba-2f9fed17fcef/datanode-4/data/ratis/b1655f58-e2be-445f-b531-3679665d126c/in_use.lock acquired by nodename 30873@pr-hdds-2162-8g7kw-3348123894
2019-09-28 01:13:04,025 [726dacf1-2c06-45a9-9365-4f0196171786@group-D9E302FCED46:LeaderElection2] INFO  impl.LeaderElection (LeaderElection.java:askForVotes(182)) - 726dacf1-2c06-45a9-9365-4f0196171786@group-D9E302FCED46:LeaderElection2: begin an election at term 1 for -1: [726dacf1-2c06-45a9-9365-4f0196171786:192.168.151.82:39922], old=null
2019-09-28 01:13:04,028 [726dacf1-2c06-45a9-9365-4f0196171786@group-D9E302FCED46:LeaderElection2] INFO  impl.RoleInfo (RoleInfo.java:shutdownLeaderElection(134)) - 726dacf1-2c06-45a9-9365-4f0196171786: shutdown LeaderElection
2019-09-28 01:13:04,028 [726dacf1-2c06-45a9-9365-4f0196171786@group-D9E302FCED46:LeaderElection2] INFO  impl.RaftServerImpl (RaftServerImpl.java:setRole(174)) - 726dacf1-2c06-45a9-9365-4f0196171786@group-D9E302FCED46: changes role from CANDIDATE to LEADER at term 1 for changeToLeader
2019-09-28 01:13:04,028 [726dacf1-2c06-45a9-9365-4f0196171786@group-D9E302FCED46:LeaderElection2] INFO  impl.RaftServerImpl (ServerState.java:setLeader(253)) - 726dacf1-2c06-45a9-9365-4f0196171786@group-D9E302FCED46: change Leader from null to 726dacf1-2c06-45a9-9365-4f0196171786 at term 1 for becomeLeader, leader elected after 1129ms
2019-09-28 01:13:04,028 [726dacf1-2c06-45a9-9365-4f0196171786@group-D9E302FCED46:LeaderElection2] INFO  server.RaftServerConfigKeys (ConfUtils.java:logGet(43)) - raft.server.staging.catchup.gap = 1000 (default)
2019-09-28 01:13:04,028 [726dacf1-2c06-45a9-9365-4f0196171786@group-D9E302FCED46:LeaderElection2] INFO  server.RaftServerConfigKeys (ConfUtils.java:logGet(43)) - raft.server.rpc.sleep.time = 25ms (default)
2019-09-28 01:13:04,029 [726dacf1-2c06-45a9-9365-4f0196171786@group-D9E302FCED46:LeaderElection2] INFO  server.RaftServerConfigKeys (ConfUtils.java:logGet(43)) - raft.server.write.element-limit = 4096 (default)
2019-09-28 01:13:04,029 [726dacf1-2c06-45a9-9365-4f0196171786@group-D9E302FCED46:LeaderElection2] INFO  server.RaftServerConfigKeys (ConfUtils.java:logGet(43)) - raft.server.watch.timeout = 10s (default)
2019-09-28 01:13:04,029 [726dacf1-2c06-45a9-9365-4f0196171786@group-D9E302FCED46:LeaderElection2] INFO  server.RaftServerConfigKeys (ConfUtils.java:logGet(43)) - raft.server.watch.timeout.denomination = 1s (default)
2019-09-28 01:13:04,029 [726dacf1-2c06-45a9-9365-4f0196171786@group-D9E302FCED46:LeaderElection2] INFO  server.RaftServerConfigKeys (ConfUtils.java:logGet(43)) - raft.server.watch.element-limit = 65536 (default)
2019-09-28 01:13:04,032 [726dacf1-2c06-45a9-9365-4f0196171786@group-D9E302FCED46:LeaderElection2] INFO  impl.RoleInfo (RoleInfo.java:updateAndGet(143)) - 726dacf1-2c06-45a9-9365-4f0196171786: start LeaderState
2019-09-28 01:13:04,032 [726dacf1-2c06-45a9-9365-4f0196171786@group-D9E302FCED46:LeaderElection2] INFO  segmented.SegmentedRaftLogWorker (SegmentedRaftLogWorker.java:startLogSegment(380)) - 726dacf1-2c06-45a9-9365-4f0196171786@group-D9E302FCED46-SegmentedRaftLogWorker: Starting segment from index:0
2019-09-28 01:13:04,033 [726dacf1-2c06-45a9-9365-4f0196171786@group-D9E302FCED46:LeaderElection2] INFO  impl.RaftServerImpl (ServerState.java:setRaftConf(354)) - 726dacf1-2c06-45a9-9365-4f0196171786@group-D9E302FCED46: set configuration 0: [726dacf1-2c06-45a9-9365-4f0196171786:192.168.151.82:39922], old=null at 0
2019-09-28 01:13:04,041 [pool-27-thread-1] INFO  storage.RaftStorage (RaftStorage.java:format(72)) - Storage directory /workdir/hadoop-ozone/integration-test/target/test-dir/MiniOzoneClusterImpl-fa4977c4-dda7-4050-b4ba-2f9fed17fcef/datanode-0/data/ratis/b1655f58-e2be-445f-b531-3679665d126c has been successfully formatted.
2019-09-28 01:13:04,041 [pool-67-thread-1] INFO  storage.RaftStorage (RaftStorage.java:format(72)) - Storage directory /workdir/hadoop-ozone/integration-test/target/test-dir/MiniOzoneClusterImpl-fa4977c4-dda7-4050-b4ba-2f9fed17fcef/datanode-4/data/ratis/b1655f58-e2be-445f-b531-3679665d126c has been successfully formatted.
2019-09-28 01:13:04,041 [pool-87-thread-1] INFO  storage.RaftStorage (RaftStorage.java:format(72)) - Storage directory /workdir/hadoop-ozone/integration-test/target/test-dir/MiniOzoneClusterImpl-fa4977c4-dda7-4050-b4ba-2f9fed17fcef/datanode-6/data/ratis/b1655f58-e2be-445f-b531-3679665d126c has been successfully formatted.
2019-09-28 01:13:04,041 [pool-27-thread-1] INFO  ratis.ContainerStateMachine (ContainerStateMachine.java:loadSnapshot(230)) - group-3679665D126C: The snapshot info is null. Setting the last applied indexto:(t:0, i:~)
2019-09-28 01:13:04,042 [pool-87-thread-1] INFO  ratis.ContainerStateMachine (ContainerStateMachine.java:loadSnapshot(230)) - group-3679665D126C: The snapshot info is null. Setting the last applied indexto:(t:0, i:~)
2019-09-28 01:13:04,042 [pool-27-thread-1] INFO  server.RaftServerConfigKeys (ConfUtils.java:logGet(43)) - raft.server.notification.no-leader.timeout = 120s (custom)
2019-09-28 01:13:04,042 [pool-67-thread-1] INFO  ratis.ContainerStateMachine (ContainerStateMachine.java:loadSnapshot(230)) - group-3679665D126C: The snapshot info is null. Setting the last applied indexto:(t:0, i:~)
2019-09-28 01:13:04,042 [pool-27-thread-1] INFO  server.RaftServerConfigKeys (ConfUtils.java:logGet(43)) - raft.server.log.use.memory = false (default)
2019-09-28 01:13:04,042 [pool-87-thread-1] INFO  server.RaftServerConfigKeys (ConfUtils.java:logGet(43)) - raft.server.notification.no-leader.timeout = 120s (custom)
2019-09-28 01:13:04,043 [pool-27-thread-1] INFO  server.RaftServerConfigKeys (ConfUtils.java:logGet(43)) - raft.server.log.purge.gap = 1000000 (custom)
2019-09-28 01:13:04,042 [pool-67-thread-1] INFO  server.RaftServerConfigKeys (ConfUtils.java:logGet(43)) - raft.server.notification.no-leader.timeout = 120s (custom)
2019-09-28 01:13:04,043 [pool-27-thread-1] INFO  server.RaftServerConfigKeys (ConfUtils.java:logGet(43)) - raft.server.log.appender.buffer.byte-limit = 33554432 (custom)
2019-09-28 01:13:04,043 [pool-87-thread-1] INFO  server.RaftServerConfigKeys (ConfUtils.java:logGet(43)) - raft.server.log.use.memory = false (default)
2019-09-28 01:13:04,043 [pool-27-thread-1] INFO  server.RaftServerConfigKeys (ConfUtils.java:logGet(43)) - raft.server.log.segment.size.max = 1048576 (custom)
2019-09-28 01:13:04,043 [pool-67-thread-1] INFO  server.RaftServerConfigKeys (ConfUtils.java:logGet(43)) - raft.server.log.use.memory = false (default)
2019-09-28 01:13:04,044 [pool-27-thread-1] INFO  server.RaftServerConfigKeys (ConfUtils.java:logGet(43)) - raft.server.log.segment.cache.num.max = 2 (custom)
2019-09-28 01:13:04,044 [pool-67-thread-1] INFO  server.RaftServerConfigKeys (ConfUtils.java:logGet(43)) - raft.server.log.purge.gap = 1000000 (custom)
2019-09-28 01:13:04,044 [pool-87-thread-1] INFO  server.RaftServerConfigKeys (ConfUtils.java:logGet(43)) - raft.server.log.purge.gap = 1000000 (custom)
2019-09-28 01:13:04,044 [pool-67-thread-1] INFO  server.RaftServerConfigKeys (ConfUtils.java:logGet(43)) - raft.server.log.appender.buffer.byte-limit = 33554432 (custom)
2019-09-28 01:13:04,044 [pool-27-thread-1] INFO  segmented.SegmentedRaftLogWorker (SegmentedRaftLogWorker.java:<init>(172)) - new 7ca580e1-9483-43e9-999f-08065f5f46f8@group-3679665D126C-SegmentedRaftLogWorker for RaftStorage:Storage Directory /workdir/hadoop-ozone/integration-test/target/test-dir/MiniOzoneClusterImpl-fa4977c4-dda7-4050-b4ba-2f9fed17fcef/datanode-0/data/ratis/b1655f58-e2be-445f-b531-3679665d126c
2019-09-28 01:13:04,044 [pool-67-thread-1] INFO  server.RaftServerConfigKeys (ConfUtils.java:logGet(43)) - raft.server.log.segment.size.max = 1048576 (custom)
2019-09-28 01:13:04,044 [pool-87-thread-1] INFO  server.RaftServerConfigKeys (ConfUtils.java:logGet(43)) - raft.server.log.appender.buffer.byte-limit = 33554432 (custom)
2019-09-28 01:13:04,045 [pool-67-thread-1] INFO  server.RaftServerConfigKeys (ConfUtils.java:logGet(43)) - raft.server.log.segment.cache.num.max = 2 (custom)
2019-09-28 01:13:04,045 [pool-27-thread-1] INFO  server.RaftServerConfigKeys (ConfUtils.java:logGet(43)) - raft.server.log.queue.byte-limit = 2147483647 (custom)
2019-09-28 01:13:04,045 [pool-67-thread-1] INFO  segmented.SegmentedRaftLogWorker (SegmentedRaftLogWorker.java:<init>(172)) - new 726dacf1-2c06-45a9-9365-4f0196171786@group-3679665D126C-SegmentedRaftLogWorker for RaftStorage:Storage Directory /workdir/hadoop-ozone/integration-test/target/test-dir/MiniOzoneClusterImpl-fa4977c4-dda7-4050-b4ba-2f9fed17fcef/datanode-4/data/ratis/b1655f58-e2be-445f-b531-3679665d126c
2019-09-28 01:13:04,045 [pool-87-thread-1] INFO  server.RaftServerConfigKeys (ConfUtils.java:logGet(43)) - raft.server.log.segment.size.max = 1048576 (custom)
2019-09-28 01:13:04,045 [pool-67-thread-1] INFO  server.RaftServerConfigKeys (ConfUtils.java:logGet(43)) - raft.server.log.queue.byte-limit = 2147483647 (custom)
2019-09-28 01:13:04,045 [pool-27-thread-1] INFO  server.RaftServerConfigKeys (ConfUtils.java:logGet(43)) - raft.server.log.queue.element-limit = 1024 (custom)
2019-09-28 01:13:04,046 [pool-67-thread-1] INFO  server.RaftServerConfigKeys (ConfUtils.java:logGet(43)) - raft.server.log.queue.element-limit = 1024 (custom)
2019-09-28 01:13:04,046 [pool-87-thread-1] INFO  server.RaftServerConfigKeys (ConfUtils.java:logGet(43)) - raft.server.log.segment.cache.num.max = 2 (custom)
2019-09-28 01:13:04,046 [pool-67-thread-1] INFO  server.RaftServerConfigKeys (ConfUtils.java:logGet(43)) - raft.server.log.segment.size.max = 1048576 (custom)
2019-09-28 01:13:04,046 [pool-27-thread-1] INFO  server.RaftServerConfigKeys (ConfUtils.java:logGet(43)) - raft.server.log.segment.size.max = 1048576 (custom)
2019-09-28 01:13:04,047 [pool-67-thread-1] INFO  server.RaftServerConfigKeys (ConfUtils.java:logGet(43)) - raft.server.log.preallocated.size = 16384 (custom)
2019-09-28 01:13:04,046 [pool-87-thread-1] INFO  segmented.SegmentedRaftLogWorker (SegmentedRaftLogWorker.java:<init>(172)) - new d8ea7beb-83bc-4703-8607-f43fb93ff04f@group-3679665D126C-SegmentedRaftLogWorker for RaftStorage:Storage Directory /workdir/hadoop-ozone/integration-test/target/test-dir/MiniOzoneClusterImpl-fa4977c4-dda7-4050-b4ba-2f9fed17fcef/datanode-6/data/ratis/b1655f58-e2be-445f-b531-3679665d126c
2019-09-28 01:13:04,047 [pool-67-thread-1] INFO  server.RaftServerConfigKeys (ConfUtils.java:logGet(43)) - raft.server.log.write.buffer.size = 33554432 (custom)
2019-09-28 01:13:04,047 [pool-27-thread-1] INFO  server.RaftServerConfigKeys (ConfUtils.java:logGet(43)) - raft.server.log.preallocated.size = 16384 (custom)
2019-09-28 01:13:04,047 [pool-67-thread-1] INFO  server.RaftServerConfigKeys (ConfUtils.java:logGet(43)) - raft.server.log.force.sync.num = 128 (default)
2019-09-28 01:13:04,047 [pool-87-thread-1] INFO  server.RaftServerConfigKeys (ConfUtils.java:logGet(43)) - raft.server.log.queue.byte-limit = 2147483647 (custom)
2019-09-28 01:13:04,048 [pool-67-thread-1] INFO  server.RaftServerConfigKeys (ConfUtils.java:logGet(43)) - raft.server.log.statemachine.data.sync = true (default)
2019-09-28 01:13:04,047 [pool-27-thread-1] INFO  server.RaftServerConfigKeys (ConfUtils.java:logGet(43)) - raft.server.log.write.buffer.size = 33554432 (custom)
2019-09-28 01:13:04,048 [pool-67-thread-1] INFO  server.RaftServerConfigKeys (ConfUtils.java:logGet(43)) - raft.server.log.statemachine.data.sync.timeout = 10s (default)
2019-09-28 01:13:04,048 [pool-87-thread-1] INFO  server.RaftServerConfigKeys (ConfUtils.java:logGet(43)) - raft.server.log.queue.element-limit = 1024 (custom)
2019-09-28 01:13:04,048 [pool-67-thread-1] INFO  server.RaftServerConfigKeys (ConfUtils.java:logGet(43)) - raft.server.log.statemachine.data.sync.timeout.retry = -1 (default)
2019-09-28 01:13:04,048 [pool-27-thread-1] INFO  server.RaftServerConfigKeys (ConfUtils.java:logGet(43)) - raft.server.log.force.sync.num = 128 (default)
2019-09-28 01:13:04,049 [pool-67-thread-1] INFO  server.RaftServerConfigKeys (ConfUtils.java:logGet(43)) - raft.server.log.statemachine.data.caching.enabled = true (custom)
2019-09-28 01:13:04,048 [pool-87-thread-1] INFO  server.RaftServerConfigKeys (ConfUtils.java:logGet(43)) - raft.server.log.segment.size.max = 1048576 (custom)
2019-09-28 01:13:04,049 [pool-27-thread-1] INFO  server.RaftServerConfigKeys (ConfUtils.java:logGet(43)) - raft.server.log.statemachine.data.sync = true (default)
2019-09-28 01:13:04,049 [pool-67-thread-1] INFO  segmented.SegmentedRaftLogWorker (SegmentedRaftLogWorker.java:lambda$new$0(132)) - 726dacf1-2c06-45a9-9365-4f0196171786@group-3679665D126C-SegmentedRaftLogWorker: flushIndex: setUnconditionally 0 -> -1
2019-09-28 01:13:04,049 [pool-87-thread-1] INFO  server.RaftServerConfigKeys (ConfUtils.java:logGet(43)) - raft.server.log.preallocated.size = 16384 (custom)
2019-09-28 01:13:04,049 [pool-27-thread-1] INFO  server.RaftServerConfigKeys (ConfUtils.java:logGet(43)) - raft.server.log.statemachine.data.sync.timeout = 10s (default)
2019-09-28 01:13:04,050 [pool-67-thread-1] INFO  server.RaftServerConfigKeys (ConfUtils.java:logGet(43)) - raft.server.snapshot.auto.trigger.enabled = true (custom)
2019-09-28 01:13:04,050 [pool-87-thread-1] INFO  server.RaftServerConfigKeys (ConfUtils.java:logGet(43)) - raft.server.log.write.buffer.size = 33554432 (custom)
2019-09-28 01:13:04,050 [pool-67-thread-1] INFO  server.RaftServerConfigKeys (ConfUtils.java:logGet(43)) - raft.server.snapshot.auto.trigger.threshold = 10000 (custom)
2019-09-28 01:13:04,050 [pool-27-thread-1] INFO  server.RaftServerConfigKeys (ConfUtils.java:logGet(43)) - raft.server.log.statemachine.data.sync.timeout.retry = -1 (default)
2019-09-28 01:13:04,050 [pool-67-thread-1] INFO  server.RaftServerConfigKeys (ConfUtils.java:logGet(43)) - raft.server.snapshot.retention.num.files = 5 (custom)
2019-09-28 01:13:04,050 [pool-87-thread-1] INFO  server.RaftServerConfigKeys (ConfUtils.java:logGet(43)) - raft.server.log.force.sync.num = 128 (default)
2019-09-28 01:13:04,051 [pool-67-thread-1] INFO  server.RaftServerConfigKeys (ConfUtils.java:logGet(43)) - raft.server.retrycache.expirytime = 600000ms (custom)
2019-09-28 01:13:04,051 [pool-27-thread-1] INFO  server.RaftServerConfigKeys (ConfUtils.java:logGet(43)) - raft.server.log.statemachine.data.caching.enabled = true (custom)
2019-09-28 01:13:04,051 [pool-87-thread-1] INFO  server.RaftServerConfigKeys (ConfUtils.java:logGet(43)) - raft.server.log.statemachine.data.sync = true (default)
2019-09-28 01:13:04,051 [pool-87-thread-1] INFO  server.RaftServerConfigKeys (ConfUtils.java:logGet(43)) - raft.server.log.statemachine.data.sync.timeout = 10s (default)
2019-09-28 01:13:04,051 [pool-27-thread-1] INFO  segmented.SegmentedRaftLogWorker (SegmentedRaftLogWorker.java:lambda$new$0(132)) - 7ca580e1-9483-43e9-999f-08065f5f46f8@group-3679665D126C-SegmentedRaftLogWorker: flushIndex: setUnconditionally 0 -> -1
2019-09-28 01:13:04,051 [pool-87-thread-1] INFO  server.RaftServerConfigKeys (ConfUtils.java:logGet(43)) - raft.server.log.statemachine.data.sync.timeout.retry = -1 (default)
2019-09-28 01:13:04,052 [pool-27-thread-1] INFO  server.RaftServerConfigKeys (ConfUtils.java:logGet(43)) - raft.server.snapshot.auto.trigger.enabled = true (custom)
2019-09-28 01:13:04,052 [pool-87-thread-1] INFO  server.RaftServerConfigKeys (ConfUtils.java:logGet(43)) - raft.server.log.statemachine.data.caching.enabled = true (custom)
2019-09-28 01:13:04,052 [pool-27-thread-1] INFO  server.RaftServerConfigKeys (ConfUtils.java:logGet(43)) - raft.server.snapshot.auto.trigger.threshold = 10000 (custom)
2019-09-28 01:13:04,052 [pool-27-thread-1] INFO  server.RaftServerConfigKeys (ConfUtils.java:logGet(43)) - raft.server.snapshot.retention.num.files = 5 (custom)
2019-09-28 01:13:04,052 [pool-87-thread-1] INFO  segmented.SegmentedRaftLogWorker (SegmentedRaftLogWorker.java:lambda$new$0(132)) - d8ea7beb-83bc-4703-8607-f43fb93ff04f@group-3679665D126C-SegmentedRaftLogWorker: flushIndex: setUnconditionally 0 -> -1
2019-09-28 01:13:04,052 [pool-27-thread-1] INFO  server.RaftServerConfigKeys (ConfUtils.java:logGet(43)) - raft.server.retrycache.expirytime = 600000ms (custom)
2019-09-28 01:13:04,053 [pool-87-thread-1] INFO  server.RaftServerConfigKeys (ConfUtils.java:logGet(43)) - raft.server.snapshot.auto.trigger.enabled = true (custom)
2019-09-28 01:13:04,053 [pool-87-thread-1] INFO  server.RaftServerConfigKeys (ConfUtils.java:logGet(43)) - raft.server.snapshot.auto.trigger.threshold = 10000 (custom)
2019-09-28 01:13:04,053 [pool-87-thread-1] INFO  server.RaftServerConfigKeys (ConfUtils.java:logGet(43)) - raft.server.snapshot.retention.num.files = 5 (custom)
2019-09-28 01:13:04,053 [pool-87-thread-1] INFO  server.RaftServerConfigKeys (ConfUtils.java:logGet(43)) - raft.server.retrycache.expirytime = 600000ms (custom)
2019-09-28 01:13:04,054 [pool-67-thread-1] INFO  impl.RaftServerImpl (RaftServerImpl.java:start(185)) - 726dacf1-2c06-45a9-9365-4f0196171786@group-3679665D126C: start as a follower, conf=-1: [7ca580e1-9483-43e9-999f-08065f5f46f8:192.168.151.82:39513, 726dacf1-2c06-45a9-9365-4f0196171786:192.168.151.82:39922, d8ea7beb-83bc-4703-8607-f43fb93ff04f:192.168.151.82:34522], old=null
2019-09-28 01:13:04,054 [pool-67-thread-1] INFO  impl.RaftServerImpl (RaftServerImpl.java:setRole(174)) - 726dacf1-2c06-45a9-9365-4f0196171786@group-3679665D126C: changes role from      null to FOLLOWER at term 0 for startAsFollower
2019-09-28 01:13:04,054 [pool-67-thread-1] INFO  impl.RoleInfo (RoleInfo.java:updateAndGet(143)) - 726dacf1-2c06-45a9-9365-4f0196171786: start FollowerState
2019-09-28 01:13:04,055 [pool-67-thread-1] INFO  util.JmxRegister (JmxRegister.java:tryRegister(44)) - Successfully registered JMX Bean with object name Ratis:service=RaftServer,group=group-3679665D126C,id=726dacf1-2c06-45a9-9365-4f0196171786
2019-09-28 01:13:04,056 [pool-27-thread-1] INFO  impl.RaftServerImpl (RaftServerImpl.java:start(185)) - 7ca580e1-9483-43e9-999f-08065f5f46f8@group-3679665D126C: start as a follower, conf=-1: [7ca580e1-9483-43e9-999f-08065f5f46f8:192.168.151.82:39513, 726dacf1-2c06-45a9-9365-4f0196171786:192.168.151.82:39922, d8ea7beb-83bc-4703-8607-f43fb93ff04f:192.168.151.82:34522], old=null
2019-09-28 01:13:04,056 [pool-27-thread-1] INFO  impl.RaftServerImpl (RaftServerImpl.java:setRole(174)) - 7ca580e1-9483-43e9-999f-08065f5f46f8@group-3679665D126C: changes role from      null to FOLLOWER at term 0 for startAsFollower
2019-09-28 01:13:04,056 [pool-27-thread-1] INFO  impl.RoleInfo (RoleInfo.java:updateAndGet(143)) - 7ca580e1-9483-43e9-999f-08065f5f46f8: start FollowerState
2019-09-28 01:13:04,056 [pool-27-thread-1] INFO  util.JmxRegister (JmxRegister.java:tryRegister(44)) - Successfully registered JMX Bean with object name Ratis:service=RaftServer,group=group-3679665D126C,id=7ca580e1-9483-43e9-999f-08065f5f46f8
2019-09-28 01:13:04,057 [pool-87-thread-1] INFO  impl.RaftServerImpl (RaftServerImpl.java:start(185)) - d8ea7beb-83bc-4703-8607-f43fb93ff04f@group-3679665D126C: start as a follower, conf=-1: [7ca580e1-9483-43e9-999f-08065f5f46f8:192.168.151.82:39513, 726dacf1-2c06-45a9-9365-4f0196171786:192.168.151.82:39922, d8ea7beb-83bc-4703-8607-f43fb93ff04f:192.168.151.82:34522], old=null
2019-09-28 01:13:04,059 [pool-87-thread-1] INFO  impl.RaftServerImpl (RaftServerImpl.java:setRole(174)) - d8ea7beb-83bc-4703-8607-f43fb93ff04f@group-3679665D126C: changes role from      null to FOLLOWER at term 0 for startAsFollower
2019-09-28 01:13:04,059 [pool-87-thread-1] INFO  impl.RoleInfo (RoleInfo.java:updateAndGet(143)) - d8ea7beb-83bc-4703-8607-f43fb93ff04f: start FollowerState
2019-09-28 01:13:04,062 [pool-87-thread-1] INFO  util.JmxRegister (JmxRegister.java:tryRegister(44)) - Successfully registered JMX Bean with object name Ratis:service=RaftServer,group=group-3679665D126C,id=d8ea7beb-83bc-4703-8607-f43fb93ff04f
2019-09-28 01:13:04,100 [RatisPipelineUtilsThread] INFO  pipeline.PipelineStateManager (PipelineStateManager.java:addPipeline(56)) - Created pipeline Pipeline[ Id: b1655f58-e2be-445f-b531-3679665d126c, Nodes: 7ca580e1-9483-43e9-999f-08065f5f46f8{ip: 192.168.151.82, host: pr-hdds-2162-8g7kw-3348123894, networkLocation: /rack1, certSerialId: null}726dacf1-2c06-45a9-9365-4f0196171786{ip: 192.168.151.82, host: pr-hdds-2162-8g7kw-3348123894, networkLocation: /rack1, certSerialId: null}d8ea7beb-83bc-4703-8607-f43fb93ff04f{ip: 192.168.151.82, host: pr-hdds-2162-8g7kw-3348123894, networkLocation: /rack1, certSerialId: null}, Type:RATIS, Factor:THREE, State:OPEN]
2019-09-28 01:13:04,124 [grpc-default-executor-0] INFO  impl.RaftServerProxy (RaftServerProxy.java:addNew(89)) - c5982eae-d64d-4d85-bf8e-680be3da7c97: addNew group-F5D139EFAB30:[c5982eae-d64d-4d85-bf8e-680be3da7c97:192.168.151.82:39895, 8a2f89dc-5374-4145-86d1-b1660ecca13e:192.168.151.82:46179, d2027d58-a939-4807-998f-7c487ceff365:192.168.151.82:43961] returns group-F5D139EFAB30:java.util.concurrent.CompletableFuture@40c9902[Not completed]
2019-09-28 01:13:04,126 [grpc-default-executor-1] INFO  impl.RaftServerProxy (RaftServerProxy.java:addNew(89)) - d2027d58-a939-4807-998f-7c487ceff365: addNew group-F5D139EFAB30:[c5982eae-d64d-4d85-bf8e-680be3da7c97:192.168.151.82:39895, 8a2f89dc-5374-4145-86d1-b1660ecca13e:192.168.151.82:46179, d2027d58-a939-4807-998f-7c487ceff365:192.168.151.82:43961] returns group-F5D139EFAB30:java.util.concurrent.CompletableFuture@3f805ed[Not completed]
2019-09-28 01:13:04,132 [grpc-default-executor-1] INFO  impl.RaftServerProxy (RaftServerProxy.java:addNew(89)) - 8a2f89dc-5374-4145-86d1-b1660ecca13e: addNew group-F5D139EFAB30:[c5982eae-d64d-4d85-bf8e-680be3da7c97:192.168.151.82:39895, 8a2f89dc-5374-4145-86d1-b1660ecca13e:192.168.151.82:46179, d2027d58-a939-4807-998f-7c487ceff365:192.168.151.82:43961] returns group-F5D139EFAB30:java.util.concurrent.CompletableFuture@3981c139[Not completed]
2019-09-28 01:13:04,132 [pool-117-thread-1] INFO  impl.RaftServerImpl (RaftServerImpl.java:<init>(95)) - c5982eae-d64d-4d85-bf8e-680be3da7c97: new RaftServerImpl for group-F5D139EFAB30:[c5982eae-d64d-4d85-bf8e-680be3da7c97:192.168.151.82:39895, 8a2f89dc-5374-4145-86d1-b1660ecca13e:192.168.151.82:46179, d2027d58-a939-4807-998f-7c487ceff365:192.168.151.82:43961] with ContainerStateMachine:uninitialized
2019-09-28 01:13:04,132 [pool-117-thread-1] INFO  server.RaftServerConfigKeys (ConfUtils.java:logGet(43)) - raft.server.rpc.timeout.min = 1s (custom)
2019-09-28 01:13:04,133 [pool-117-thread-1] INFO  server.RaftServerConfigKeys (ConfUtils.java:logGet(43)) - raft.server.rpc.timeout.max = 1200ms (custom)
2019-09-28 01:13:04,133 [pool-117-thread-1] INFO  server.RaftServerConfigKeys (ConfUtils.java:logGet(43)) - raft.server.rpcslowness.timeout = 120s (custom)
2019-09-28 01:13:04,133 [pool-117-thread-1] INFO  server.RaftServerConfigKeys (ConfUtils.java:logGet(43)) - raft.server.sleep.deviation.threshold = 300 (default)
2019-09-28 01:13:04,133 [pool-117-thread-1] INFO  server.RaftServerConfigKeys (ConfUtils.java:logGet(43)) - raft.server.log.appender.install.snapshot.enabled = false (custom)
2019-09-28 01:13:04,133 [pool-117-thread-1] INFO  impl.RaftServerImpl (ServerState.java:<init>(103)) - c5982eae-d64d-4d85-bf8e-680be3da7c97@group-F5D139EFAB30: ConfigurationManager, init=-1: [c5982eae-d64d-4d85-bf8e-680be3da7c97:192.168.151.82:39895, 8a2f89dc-5374-4145-86d1-b1660ecca13e:192.168.151.82:46179, d2027d58-a939-4807-998f-7c487ceff365:192.168.151.82:43961], old=null, confs=<EMPTY_MAP>
2019-09-28 01:13:04,133 [pool-47-thread-1] INFO  impl.RaftServerImpl (RaftServerImpl.java:<init>(95)) - d2027d58-a939-4807-998f-7c487ceff365: new RaftServerImpl for group-F5D139EFAB30:[c5982eae-d64d-4d85-bf8e-680be3da7c97:192.168.151.82:39895, 8a2f89dc-5374-4145-86d1-b1660ecca13e:192.168.151.82:46179, d2027d58-a939-4807-998f-7c487ceff365:192.168.151.82:43961] with ContainerStateMachine:uninitialized
2019-09-28 01:13:04,133 [pool-117-thread-1] INFO  server.RaftServerConfigKeys (ConfUtils.java:logGet(43)) - raft.server.storage.dir = [/workdir/hadoop-ozone/integration-test/target/test-dir/MiniOzoneClusterImpl-fa4977c4-dda7-4050-b4ba-2f9fed17fcef/datanode-9/data/ratis] (custom)
2019-09-28 01:13:04,134 [pool-47-thread-1] INFO  server.RaftServerConfigKeys (ConfUtils.java:logGet(43)) - raft.server.rpc.timeout.min = 1s (custom)
2019-09-28 01:13:04,134 [pool-47-thread-1] INFO  server.RaftServerConfigKeys (ConfUtils.java:logGet(43)) - raft.server.rpc.timeout.max = 1200ms (custom)
2019-09-28 01:13:04,134 [pool-117-thread-1] INFO  storage.RaftStorageDirectory (RaftStorageDirectory.java:analyzeStorage(246)) - The storage directory /workdir/hadoop-ozone/integration-test/target/test-dir/MiniOzoneClusterImpl-fa4977c4-dda7-4050-b4ba-2f9fed17fcef/datanode-9/data/ratis/21aa8e36-d520-40a4-81fe-f5d139efab30 does not exist. Creating ...
2019-09-28 01:13:04,134 [pool-47-thread-1] INFO  server.RaftServerConfigKeys (ConfUtils.java:logGet(43)) - raft.server.rpcslowness.timeout = 120s (custom)
2019-09-28 01:13:04,134 [pool-57-thread-1] INFO  impl.RaftServerImpl (RaftServerImpl.java:<init>(95)) - 8a2f89dc-5374-4145-86d1-b1660ecca13e: new RaftServerImpl for group-F5D139EFAB30:[c5982eae-d64d-4d85-bf8e-680be3da7c97:192.168.151.82:39895, 8a2f89dc-5374-4145-86d1-b1660ecca13e:192.168.151.82:46179, d2027d58-a939-4807-998f-7c487ceff365:192.168.151.82:43961] with ContainerStateMachine:uninitialized
2019-09-28 01:13:04,134 [pool-47-thread-1] INFO  server.RaftServerConfigKeys (ConfUtils.java:logGet(43)) - raft.server.sleep.deviation.threshold = 300 (default)
2019-09-28 01:13:04,135 [pool-57-thread-1] INFO  server.RaftServerConfigKeys (ConfUtils.java:logGet(43)) - raft.server.rpc.timeout.min = 1s (custom)
2019-09-28 01:13:04,135 [pool-47-thread-1] INFO  server.RaftServerConfigKeys (ConfUtils.java:logGet(43)) - raft.server.log.appender.install.snapshot.enabled = false (custom)
2019-09-28 01:13:04,135 [pool-57-thread-1] INFO  server.RaftServerConfigKeys (ConfUtils.java:logGet(43)) - raft.server.rpc.timeout.max = 1200ms (custom)
2019-09-28 01:13:04,135 [pool-47-thread-1] INFO  impl.RaftServerImpl (ServerState.java:<init>(103)) - d2027d58-a939-4807-998f-7c487ceff365@group-F5D139EFAB30: ConfigurationManager, init=-1: [c5982eae-d64d-4d85-bf8e-680be3da7c97:192.168.151.82:39895, 8a2f89dc-5374-4145-86d1-b1660ecca13e:192.168.151.82:46179, d2027d58-a939-4807-998f-7c487ceff365:192.168.151.82:43961], old=null, confs=<EMPTY_MAP>
2019-09-28 01:13:04,135 [pool-57-thread-1] INFO  server.RaftServerConfigKeys (ConfUtils.java:logGet(43)) - raft.server.rpcslowness.timeout = 120s (custom)
2019-09-28 01:13:04,135 [pool-47-thread-1] INFO  server.RaftServerConfigKeys (ConfUtils.java:logGet(43)) - raft.server.storage.dir = [/workdir/hadoop-ozone/integration-test/target/test-dir/MiniOzoneClusterImpl-fa4977c4-dda7-4050-b4ba-2f9fed17fcef/datanode-2/data/ratis] (custom)
2019-09-28 01:13:04,135 [pool-57-thread-1] INFO  server.RaftServerConfigKeys (ConfUtils.java:logGet(43)) - raft.server.sleep.deviation.threshold = 300 (default)
2019-09-28 01:13:04,136 [pool-57-thread-1] INFO  server.RaftServerConfigKeys (ConfUtils.java:logGet(43)) - raft.server.log.appender.install.snapshot.enabled = false (custom)
2019-09-28 01:13:04,136 [pool-47-thread-1] INFO  storage.RaftStorageDirectory (RaftStorageDirectory.java:analyzeStorage(246)) - The storage directory /workdir/hadoop-ozone/integration-test/target/test-dir/MiniOzoneClusterImpl-fa4977c4-dda7-4050-b4ba-2f9fed17fcef/datanode-2/data/ratis/21aa8e36-d520-40a4-81fe-f5d139efab30 does not exist. Creating ...
2019-09-28 01:13:04,136 [pool-57-thread-1] INFO  impl.RaftServerImpl (ServerState.java:<init>(103)) - 8a2f89dc-5374-4145-86d1-b1660ecca13e@group-F5D139EFAB30: ConfigurationManager, init=-1: [c5982eae-d64d-4d85-bf8e-680be3da7c97:192.168.151.82:39895, 8a2f89dc-5374-4145-86d1-b1660ecca13e:192.168.151.82:46179, d2027d58-a939-4807-998f-7c487ceff365:192.168.151.82:43961], old=null, confs=<EMPTY_MAP>
2019-09-28 01:13:04,136 [pool-57-thread-1] INFO  server.RaftServerConfigKeys (ConfUtils.java:logGet(43)) - raft.server.storage.dir = [/workdir/hadoop-ozone/integration-test/target/test-dir/MiniOzoneClusterImpl-fa4977c4-dda7-4050-b4ba-2f9fed17fcef/datanode-3/data/ratis] (custom)
2019-09-28 01:13:04,136 [pool-57-thread-1] INFO  storage.RaftStorageDirectory (RaftStorageDirectory.java:analyzeStorage(246)) - The storage directory /workdir/hadoop-ozone/integration-test/target/test-dir/MiniOzoneClusterImpl-fa4977c4-dda7-4050-b4ba-2f9fed17fcef/datanode-3/data/ratis/21aa8e36-d520-40a4-81fe-f5d139efab30 does not exist. Creating ...
2019-09-28 01:13:04,148 [pool-117-thread-1] INFO  storage.RaftStorageDirectory (RaftStorageDirectory.java:tryLock(328)) - Lock on /workdir/hadoop-ozone/integration-test/target/test-dir/MiniOzoneClusterImpl-fa4977c4-dda7-4050-b4ba-2f9fed17fcef/datanode-9/data/ratis/21aa8e36-d520-40a4-81fe-f5d139efab30/in_use.lock acquired by nodename 30873@pr-hdds-2162-8g7kw-3348123894
2019-09-28 01:13:04,148 [pool-47-thread-1] INFO  storage.RaftStorageDirectory (RaftStorageDirectory.java:tryLock(328)) - Lock on /workdir/hadoop-ozone/integration-test/target/test-dir/MiniOzoneClusterImpl-fa4977c4-dda7-4050-b4ba-2f9fed17fcef/datanode-2/data/ratis/21aa8e36-d520-40a4-81fe-f5d139efab30/in_use.lock acquired by nodename 30873@pr-hdds-2162-8g7kw-3348123894
2019-09-28 01:13:04,148 [pool-57-thread-1] INFO  storage.RaftStorageDirectory (RaftStorageDirectory.java:tryLock(328)) - Lock on /workdir/hadoop-ozone/integration-test/target/test-dir/MiniOzoneClusterImpl-fa4977c4-dda7-4050-b4ba-2f9fed17fcef/datanode-3/data/ratis/21aa8e36-d520-40a4-81fe-f5d139efab30/in_use.lock acquired by nodename 30873@pr-hdds-2162-8g7kw-3348123894
2019-09-28 01:13:04,162 [pool-47-thread-1] INFO  storage.RaftStorage (RaftStorage.java:format(72)) - Storage directory /workdir/hadoop-ozone/integration-test/target/test-dir/MiniOzoneClusterImpl-fa4977c4-dda7-4050-b4ba-2f9fed17fcef/datanode-2/data/ratis/21aa8e36-d520-40a4-81fe-f5d139efab30 has been successfully formatted.
2019-09-28 01:13:04,162 [pool-57-thread-1] INFO  storage.RaftStorage (RaftStorage.java:format(72)) - Storage directory /workdir/hadoop-ozone/integration-test/target/test-dir/MiniOzoneClusterImpl-fa4977c4-dda7-4050-b4ba-2f9fed17fcef/datanode-3/data/ratis/21aa8e36-d520-40a4-81fe-f5d139efab30 has been successfully formatted.
2019-09-28 01:13:04,163 [pool-47-thread-1] INFO  ratis.ContainerStateMachine (ContainerStateMachine.java:loadSnapshot(230)) - group-F5D139EFAB30: The snapshot info is null. Setting the last applied indexto:(t:0, i:~)
2019-09-28 01:13:04,162 [pool-117-thread-1] INFO  storage.RaftStorage (RaftStorage.java:format(72)) - Storage directory /workdir/hadoop-ozone/integration-test/target/test-dir/MiniOzoneClusterImpl-fa4977c4-dda7-4050-b4ba-2f9fed17fcef/datanode-9/data/ratis/21aa8e36-d520-40a4-81fe-f5d139efab30 has been successfully formatted.
2019-09-28 01:13:04,163 [pool-47-thread-1] INFO  server.RaftServerConfigKeys (ConfUtils.java:logGet(43)) - raft.server.notification.no-leader.timeout = 120s (custom)
2019-09-28 01:13:04,163 [pool-57-thread-1] INFO  ratis.ContainerStateMachine (ContainerStateMachine.java:loadSnapshot(230)) - group-F5D139EFAB30: The snapshot info is null. Setting the last applied indexto:(t:0, i:~)
2019-09-28 01:13:04,163 [pool-47-thread-1] INFO  server.RaftServerConfigKeys (ConfUtils.java:logGet(43)) - raft.server.log.use.memory = false (default)
2019-09-28 01:13:04,163 [pool-117-thread-1] INFO  ratis.ContainerStateMachine (ContainerStateMachine.java:loadSnapshot(230)) - group-F5D139EFAB30: The snapshot info is null. Setting the last applied indexto:(t:0, i:~)
2019-09-28 01:13:04,163 [pool-47-thread-1] INFO  server.RaftServerConfigKeys (ConfUtils.java:logGet(43)) - raft.server.log.purge.gap = 1000000 (custom)
2019-09-28 01:13:04,163 [pool-57-thread-1] INFO  server.RaftServerConfigKeys (ConfUtils.java:logGet(43)) - raft.server.notification.no-leader.timeout = 120s (custom)
2019-09-28 01:13:04,164 [pool-47-thread-1] INFO  server.RaftServerConfigKeys (ConfUtils.java:logGet(43)) - raft.server.log.appender.buffer.byte-limit = 33554432 (custom)
2019-09-28 01:13:04,164 [pool-117-thread-1] INFO  server.RaftServerConfigKeys (ConfUtils.java:logGet(43)) - raft.server.notification.no-leader.timeout = 120s (custom)
2019-09-28 01:13:04,164 [pool-47-thread-1] INFO  server.RaftServerConfigKeys (ConfUtils.java:logGet(43)) - raft.server.log.segment.size.max = 1048576 (custom)
2019-09-28 01:13:04,164 [pool-57-thread-1] INFO  server.RaftServerConfigKeys (ConfUtils.java:logGet(43)) - raft.server.log.use.memory = false (default)
2019-09-28 01:13:04,164 [pool-47-thread-1] INFO  server.RaftServerConfigKeys (ConfUtils.java:logGet(43)) - raft.server.log.segment.cache.num.max = 2 (custom)
2019-09-28 01:13:04,164 [pool-117-thread-1] INFO  server.RaftServerConfigKeys (ConfUtils.java:logGet(43)) - raft.server.log.use.memory = false (default)
2019-09-28 01:13:04,165 [pool-47-thread-1] INFO  segmented.SegmentedRaftLogWorker (SegmentedRaftLogWorker.java:<init>(172)) - new d2027d58-a939-4807-998f-7c487ceff365@group-F5D139EFAB30-SegmentedRaftLogWorker for RaftStorage:Storage Directory /workdir/hadoop-ozone/integration-test/target/test-dir/MiniOzoneClusterImpl-fa4977c4-dda7-4050-b4ba-2f9fed17fcef/datanode-2/data/ratis/21aa8e36-d520-40a4-81fe-f5d139efab30
2019-09-28 01:13:04,165 [pool-57-thread-1] INFO  server.RaftServerConfigKeys (ConfUtils.java:logGet(43)) - raft.server.log.purge.gap = 1000000 (custom)
2019-09-28 01:13:04,165 [pool-47-thread-1] INFO  server.RaftServerConfigKeys (ConfUtils.java:logGet(43)) - raft.server.log.queue.byte-limit = 2147483647 (custom)
2019-09-28 01:13:04,165 [pool-117-thread-1] INFO  server.RaftServerConfigKeys (ConfUtils.java:logGet(43)) - raft.server.log.purge.gap = 1000000 (custom)
2019-09-28 01:13:04,165 [pool-47-thread-1] INFO  server.RaftServerConfigKeys (ConfUtils.java:logGet(43)) - raft.server.log.queue.element-limit = 1024 (custom)
2019-09-28 01:13:04,165 [pool-57-thread-1] INFO  server.RaftServerConfigKeys (ConfUtils.java:logGet(43)) - raft.server.log.appender.buffer.byte-limit = 33554432 (custom)
2019-09-28 01:13:04,166 [pool-47-thread-1] INFO  server.RaftServerConfigKeys (ConfUtils.java:logGet(43)) - raft.server.log.segment.size.max = 1048576 (custom)
2019-09-28 01:13:04,166 [pool-47-thread-1] INFO  server.RaftServerConfigKeys (ConfUtils.java:logGet(43)) - raft.server.log.preallocated.size = 16384 (custom)
2019-09-28 01:13:04,166 [pool-117-thread-1] INFO  server.RaftServerConfigKeys (ConfUtils.java:logGet(43)) - raft.server.log.appender.buffer.byte-limit = 33554432 (custom)
2019-09-28 01:13:04,166 [pool-47-thread-1] INFO  server.RaftServerConfigKeys (ConfUtils.java:logGet(43)) - raft.server.log.write.buffer.size = 33554432 (custom)
2019-09-28 01:13:04,166 [pool-57-thread-1] INFO  server.RaftServerConfigKeys (ConfUtils.java:logGet(43)) - raft.server.log.segment.size.max = 1048576 (custom)
2019-09-28 01:13:04,167 [pool-47-thread-1] INFO  server.RaftServerConfigKeys (ConfUtils.java:logGet(43)) - raft.server.log.force.sync.num = 128 (default)
2019-09-28 01:13:04,167 [pool-117-thread-1] INFO  server.RaftServerConfigKeys (ConfUtils.java:logGet(43)) - raft.server.log.segment.size.max = 1048576 (custom)
2019-09-28 01:13:04,167 [pool-47-thread-1] INFO  server.RaftServerConfigKeys (ConfUtils.java:logGet(43)) - raft.server.log.statemachine.data.sync = true (default)
2019-09-28 01:13:04,167 [pool-57-thread-1] INFO  server.RaftServerConfigKeys (ConfUtils.java:logGet(43)) - raft.server.log.segment.cache.num.max = 2 (custom)
2019-09-28 01:13:04,167 [pool-47-thread-1] INFO  server.RaftServerConfigKeys (ConfUtils.java:logGet(43)) - raft.server.log.statemachine.data.sync.timeout = 10s (default)
2019-09-28 01:13:04,167 [pool-117-thread-1] INFO  server.RaftServerConfigKeys (ConfUtils.java:logGet(43)) - raft.server.log.segment.cache.num.max = 2 (custom)
2019-09-28 01:13:04,168 [pool-47-thread-1] INFO  server.RaftServerConfigKeys (ConfUtils.java:logGet(43)) - raft.server.log.statemachine.data.sync.timeout.retry = -1 (default)
2019-09-28 01:13:04,167 [pool-57-thread-1] INFO  segmented.SegmentedRaftLogWorker (SegmentedRaftLogWorker.java:<init>(172)) - new 8a2f89dc-5374-4145-86d1-b1660ecca13e@group-F5D139EFAB30-SegmentedRaftLogWorker for RaftStorage:Storage Directory /workdir/hadoop-ozone/integration-test/target/test-dir/MiniOzoneClusterImpl-fa4977c4-dda7-4050-b4ba-2f9fed17fcef/datanode-3/data/ratis/21aa8e36-d520-40a4-81fe-f5d139efab30
2019-09-28 01:13:04,168 [pool-47-thread-1] INFO  server.RaftServerConfigKeys (ConfUtils.java:logGet(43)) - raft.server.log.statemachine.data.caching.enabled = true (custom)
2019-09-28 01:13:04,168 [pool-117-thread-1] INFO  segmented.SegmentedRaftLogWorker (SegmentedRaftLogWorker.java:<init>(172)) - new c5982eae-d64d-4d85-bf8e-680be3da7c97@group-F5D139EFAB30-SegmentedRaftLogWorker for RaftStorage:Storage Directory /workdir/hadoop-ozone/integration-test/target/test-dir/MiniOzoneClusterImpl-fa4977c4-dda7-4050-b4ba-2f9fed17fcef/datanode-9/data/ratis/21aa8e36-d520-40a4-81fe-f5d139efab30
2019-09-28 01:13:04,168 [pool-57-thread-1] INFO  server.RaftServerConfigKeys (ConfUtils.java:logGet(43)) - raft.server.log.queue.byte-limit = 2147483647 (custom)
2019-09-28 01:13:04,169 [pool-47-thread-1] INFO  segmented.SegmentedRaftLogWorker (SegmentedRaftLogWorker.java:lambda$new$0(132)) - d2027d58-a939-4807-998f-7c487ceff365@group-F5D139EFAB30-SegmentedRaftLogWorker: flushIndex: setUnconditionally 0 -> -1
2019-09-28 01:13:04,168 [pool-117-thread-1] INFO  server.RaftServerConfigKeys (ConfUtils.java:logGet(43)) - raft.server.log.queue.byte-limit = 2147483647 (custom)
2019-09-28 01:13:04,169 [pool-57-thread-1] INFO  server.RaftServerConfigKeys (ConfUtils.java:logGet(43)) - raft.server.log.queue.element-limit = 1024 (custom)
2019-09-28 01:13:04,169 [pool-47-thread-1] INFO  server.RaftServerConfigKeys (ConfUtils.java:logGet(43)) - raft.server.snapshot.auto.trigger.enabled = true (custom)
2019-09-28 01:13:04,169 [pool-117-thread-1] INFO  server.RaftServerConfigKeys (ConfUtils.java:logGet(43)) - raft.server.log.queue.element-limit = 1024 (custom)
2019-09-28 01:13:04,169 [pool-47-thread-1] INFO  server.RaftServerConfigKeys (ConfUtils.java:logGet(43)) - raft.server.snapshot.auto.trigger.threshold = 10000 (custom)
2019-09-28 01:13:04,170 [pool-47-thread-1] INFO  server.RaftServerConfigKeys (ConfUtils.java:logGet(43)) - raft.server.snapshot.retention.num.files = 5 (custom)
2019-09-28 01:13:04,169 [pool-57-thread-1] INFO  server.RaftServerConfigKeys (ConfUtils.java:logGet(43)) - raft.server.log.segment.size.max = 1048576 (custom)
2019-09-28 01:13:04,170 [pool-47-thread-1] INFO  server.RaftServerConfigKeys (ConfUtils.java:logGet(43)) - raft.server.retrycache.expirytime = 600000ms (custom)
2019-09-28 01:13:04,170 [pool-117-thread-1] INFO  server.RaftServerConfigKeys (ConfUtils.java:logGet(43)) - raft.server.log.segment.size.max = 1048576 (custom)
2019-09-28 01:13:04,170 [pool-57-thread-1] INFO  server.RaftServerConfigKeys (ConfUtils.java:logGet(43)) - raft.server.log.preallocated.size = 16384 (custom)
2019-09-28 01:13:04,170 [pool-117-thread-1] INFO  server.RaftServerConfigKeys (ConfUtils.java:logGet(43)) - raft.server.log.preallocated.size = 16384 (custom)
2019-09-28 01:13:04,171 [pool-57-thread-1] INFO  server.RaftServerConfigKeys (ConfUtils.java:logGet(43)) - raft.server.log.write.buffer.size = 33554432 (custom)
2019-09-28 01:13:04,171 [pool-117-thread-1] INFO  server.RaftServerConfigKeys (ConfUtils.java:logGet(43)) - raft.server.log.write.buffer.size = 33554432 (custom)
2019-09-28 01:13:04,171 [pool-57-thread-1] INFO  server.RaftServerConfigKeys (ConfUtils.java:logGet(43)) - raft.server.log.force.sync.num = 128 (default)
2019-09-28 01:13:04,171 [pool-117-thread-1] INFO  server.RaftServerConfigKeys (ConfUtils.java:logGet(43)) - raft.server.log.force.sync.num = 128 (default)
2019-09-28 01:13:04,171 [pool-57-thread-1] INFO  server.RaftServerConfigKeys (ConfUtils.java:logGet(43)) - raft.server.log.statemachine.data.sync = true (default)
2019-09-28 01:13:04,171 [pool-117-thread-1] INFO  server.RaftServerConfigKeys (ConfUtils.java:logGet(43)) - raft.server.log.statemachine.data.sync = true (default)
2019-09-28 01:13:04,172 [pool-57-thread-1] INFO  server.RaftServerConfigKeys (ConfUtils.java:logGet(43)) - raft.server.log.statemachine.data.sync.timeout = 10s (default)
2019-09-28 01:13:04,172 [pool-117-thread-1] INFO  server.RaftServerConfigKeys (ConfUtils.java:logGet(43)) - raft.server.log.statemachine.data.sync.timeout = 10s (default)
2019-09-28 01:13:04,172 [pool-57-thread-1] INFO  server.RaftServerConfigKeys (ConfUtils.java:logGet(43)) - raft.server.log.statemachine.data.sync.timeout.retry = -1 (default)
2019-09-28 01:13:04,172 [pool-117-thread-1] INFO  server.RaftServerConfigKeys (ConfUtils.java:logGet(43)) - raft.server.log.statemachine.data.sync.timeout.retry = -1 (default)
2019-09-28 01:13:04,172 [pool-57-thread-1] INFO  server.RaftServerConfigKeys (ConfUtils.java:logGet(43)) - raft.server.log.statemachine.data.caching.enabled = true (custom)
2019-09-28 01:13:04,173 [pool-117-thread-1] INFO  server.RaftServerConfigKeys (ConfUtils.java:logGet(43)) - raft.server.log.statemachine.data.caching.enabled = true (custom)
2019-09-28 01:13:04,173 [pool-57-thread-1] INFO  segmented.SegmentedRaftLogWorker (SegmentedRaftLogWorker.java:lambda$new$0(132)) - 8a2f89dc-5374-4145-86d1-b1660ecca13e@group-F5D139EFAB30-SegmentedRaftLogWorker: flushIndex: setUnconditionally 0 -> -1
2019-09-28 01:13:04,173 [pool-117-thread-1] INFO  segmented.SegmentedRaftLogWorker (SegmentedRaftLogWorker.java:lambda$new$0(132)) - c5982eae-d64d-4d85-bf8e-680be3da7c97@group-F5D139EFAB30-SegmentedRaftLogWorker: flushIndex: setUnconditionally 0 -> -1
2019-09-28 01:13:04,173 [pool-57-thread-1] INFO  server.RaftServerConfigKeys (ConfUtils.java:logGet(43)) - raft.server.snapshot.auto.trigger.enabled = true (custom)
2019-09-28 01:13:04,173 [pool-47-thread-1] INFO  impl.RaftServerImpl (RaftServerImpl.java:start(185)) - d2027d58-a939-4807-998f-7c487ceff365@group-F5D139EFAB30: start as a follower, conf=-1: [c5982eae-d64d-4d85-bf8e-680be3da7c97:192.168.151.82:39895, 8a2f89dc-5374-4145-86d1-b1660ecca13e:192.168.151.82:46179, d2027d58-a939-4807-998f-7c487ceff365:192.168.151.82:43961], old=null
2019-09-28 01:13:04,173 [pool-117-thread-1] INFO  server.RaftServerConfigKeys (ConfUtils.java:logGet(43)) - raft.server.snapshot.auto.trigger.enabled = true (custom)
2019-09-28 01:13:04,173 [pool-57-thread-1] INFO  server.RaftServerConfigKeys (ConfUtils.java:logGet(43)) - raft.server.snapshot.auto.trigger.threshold = 10000 (custom)
2019-09-28 01:13:04,174 [pool-117-thread-1] INFO  server.RaftServerConfigKeys (ConfUtils.java:logGet(43)) - raft.server.snapshot.auto.trigger.threshold = 10000 (custom)
2019-09-28 01:13:04,174 [pool-47-thread-1] INFO  impl.RaftServerImpl (RaftServerImpl.java:setRole(174)) - d2027d58-a939-4807-998f-7c487ceff365@group-F5D139EFAB30: changes role from      null to FOLLOWER at term 0 for startAsFollower
2019-09-28 01:13:04,174 [pool-117-thread-1] INFO  server.RaftServerConfigKeys (ConfUtils.java:logGet(43)) - raft.server.snapshot.retention.num.files = 5 (custom)
2019-09-28 01:13:04,174 [pool-57-thread-1] INFO  server.RaftServerConfigKeys (ConfUtils.java:logGet(43)) - raft.server.snapshot.retention.num.files = 5 (custom)
2019-09-28 01:13:04,174 [pool-47-thread-1] INFO  impl.RoleInfo (RoleInfo.java:updateAndGet(143)) - d2027d58-a939-4807-998f-7c487ceff365: start FollowerState
2019-09-28 01:13:04,174 [pool-57-thread-1] INFO  server.RaftServerConfigKeys (ConfUtils.java:logGet(43)) - raft.server.retrycache.expirytime = 600000ms (custom)
2019-09-28 01:13:04,174 [pool-117-thread-1] INFO  server.RaftServerConfigKeys (ConfUtils.java:logGet(43)) - raft.server.retrycache.expirytime = 600000ms (custom)
2019-09-28 01:13:04,175 [pool-47-thread-1] INFO  util.JmxRegister (JmxRegister.java:tryRegister(44)) - Successfully registered JMX Bean with object name Ratis:service=RaftServer,group=group-F5D139EFAB30,id=d2027d58-a939-4807-998f-7c487ceff365
2019-09-28 01:13:04,187 [Thread-291] INFO  impl.FollowerState (FollowerState.java:run(106)) - d8ea7beb-83bc-4703-8607-f43fb93ff04f:group-00D97FAD5E01 changes to CANDIDATE, lastRpcTime:1046, electionTimeout:1045ms
2019-09-28 01:13:04,188 [Thread-291] INFO  impl.RoleInfo (RoleInfo.java:shutdownFollowerState(121)) - d8ea7beb-83bc-4703-8607-f43fb93ff04f: shutdown FollowerState
2019-09-28 01:13:04,188 [Thread-291] INFO  impl.RaftServerImpl (RaftServerImpl.java:setRole(174)) - d8ea7beb-83bc-4703-8607-f43fb93ff04f@group-00D97FAD5E01: changes role from  FOLLOWER to CANDIDATE at term 0 for changeToCandidate
2019-09-28 01:13:04,188 [pool-57-thread-1] INFO  impl.RaftServerImpl (RaftServerImpl.java:start(185)) - 8a2f89dc-5374-4145-86d1-b1660ecca13e@group-F5D139EFAB30: start as a follower, conf=-1: [c5982eae-d64d-4d85-bf8e-680be3da7c97:192.168.151.82:39895, 8a2f89dc-5374-4145-86d1-b1660ecca13e:192.168.151.82:46179, d2027d58-a939-4807-998f-7c487ceff365:192.168.151.82:43961], old=null
2019-09-28 01:13:04,188 [Thread-291] INFO  impl.RoleInfo (RoleInfo.java:updateAndGet(143)) - d8ea7beb-83bc-4703-8607-f43fb93ff04f: start LeaderElection
2019-09-28 01:13:04,188 [pool-57-thread-1] INFO  impl.RaftServerImpl (RaftServerImpl.java:setRole(174)) - 8a2f89dc-5374-4145-86d1-b1660ecca13e@group-F5D139EFAB30: changes role from      null to FOLLOWER at term 0 for startAsFollower
2019-09-28 01:13:04,189 [pool-117-thread-1] INFO  impl.RaftServerImpl (RaftServerImpl.java:start(185)) - c5982eae-d64d-4d85-bf8e-680be3da7c97@group-F5D139EFAB30: start as a follower, conf=-1: [c5982eae-d64d-4d85-bf8e-680be3da7c97:192.168.151.82:39895, 8a2f89dc-5374-4145-86d1-b1660ecca13e:192.168.151.82:46179, d2027d58-a939-4807-998f-7c487ceff365:192.168.151.82:43961], old=null
2019-09-28 01:13:04,189 [pool-57-thread-1] INFO  impl.RoleInfo (RoleInfo.java:updateAndGet(143)) - 8a2f89dc-5374-4145-86d1-b1660ecca13e: start FollowerState
2019-09-28 01:13:04,189 [pool-117-thread-1] INFO  impl.RaftServerImpl (RaftServerImpl.java:setRole(174)) - c5982eae-d64d-4d85-bf8e-680be3da7c97@group-F5D139EFAB30: changes role from      null to FOLLOWER at term 0 for startAsFollower
2019-09-28 01:13:04,193 [pool-57-thread-1] INFO  util.JmxRegister (JmxRegister.java:tryRegister(44)) - Successfully registered JMX Bean with object name Ratis:service=RaftServer,group=group-F5D139EFAB30,id=8a2f89dc-5374-4145-86d1-b1660ecca13e
2019-09-28 01:13:04,193 [pool-117-thread-1] INFO  impl.RoleInfo (RoleInfo.java:updateAndGet(143)) - c5982eae-d64d-4d85-bf8e-680be3da7c97: start FollowerState
2019-09-28 01:13:04,193 [pool-117-thread-1] INFO  util.JmxRegister (JmxRegister.java:tryRegister(44)) - Successfully registered JMX Bean with object name Ratis:service=RaftServer,group=group-F5D139EFAB30,id=c5982eae-d64d-4d85-bf8e-680be3da7c97
2019-09-28 01:13:04,200 [RatisPipelineUtilsThread] INFO  pipeline.PipelineStateManager (PipelineStateManager.java:addPipeline(56)) - Created pipeline Pipeline[ Id: 21aa8e36-d520-40a4-81fe-f5d139efab30, Nodes: c5982eae-d64d-4d85-bf8e-680be3da7c97{ip: 192.168.151.82, host: pr-hdds-2162-8g7kw-3348123894, networkLocation: /rack1, certSerialId: null}8a2f89dc-5374-4145-86d1-b1660ecca13e{ip: 192.168.151.82, host: pr-hdds-2162-8g7kw-3348123894, networkLocation: /rack1, certSerialId: null}d2027d58-a939-4807-998f-7c487ceff365{ip: 192.168.151.82, host: pr-hdds-2162-8g7kw-3348123894, networkLocation: /rack1, certSerialId: null}, Type:RATIS, Factor:THREE, State:OPEN]
2019-09-28 01:13:04,209 [d8ea7beb-83bc-4703-8607-f43fb93ff04f@group-00D97FAD5E01:LeaderElection3] INFO  impl.LeaderElection (LeaderElection.java:askForVotes(182)) - d8ea7beb-83bc-4703-8607-f43fb93ff04f@group-00D97FAD5E01:LeaderElection3: begin an election at term 1 for -1: [d8ea7beb-83bc-4703-8607-f43fb93ff04f:192.168.151.82:34522], old=null
2019-09-28 01:13:04,209 [d8ea7beb-83bc-4703-8607-f43fb93ff04f@group-00D97FAD5E01:LeaderElection3] INFO  impl.RoleInfo (RoleInfo.java:shutdownLeaderElection(134)) - d8ea7beb-83bc-4703-8607-f43fb93ff04f: shutdown LeaderElection
2019-09-28 01:13:04,209 [d8ea7beb-83bc-4703-8607-f43fb93ff04f@group-00D97FAD5E01:LeaderElection3] INFO  impl.RaftServerImpl (RaftServerImpl.java:setRole(174)) - d8ea7beb-83bc-4703-8607-f43fb93ff04f@group-00D97FAD5E01: changes role from CANDIDATE to LEADER at term 1 for changeToLeader
2019-09-28 01:13:04,209 [d8ea7beb-83bc-4703-8607-f43fb93ff04f@group-00D97FAD5E01:LeaderElection3] INFO  impl.RaftServerImpl (ServerState.java:setLeader(253)) - d8ea7beb-83bc-4703-8607-f43fb93ff04f@group-00D97FAD5E01: change Leader from null to d8ea7beb-83bc-4703-8607-f43fb93ff04f at term 1 for becomeLeader, leader elected after 1145ms
2019-09-28 01:13:04,211 [d8ea7beb-83bc-4703-8607-f43fb93ff04f@group-00D97FAD5E01:LeaderElection3] INFO  server.RaftServerConfigKeys (ConfUtils.java:logGet(43)) - raft.server.staging.catchup.gap = 1000 (default)
2019-09-28 01:13:04,211 [d8ea7beb-83bc-4703-8607-f43fb93ff04f@group-00D97FAD5E01:LeaderElection3] INFO  server.RaftServerConfigKeys (ConfUtils.java:logGet(43)) - raft.server.rpc.sleep.time = 25ms (default)
2019-09-28 01:13:04,213 [d8ea7beb-83bc-4703-8607-f43fb93ff04f@group-00D97FAD5E01:LeaderElection3] INFO  server.RaftServerConfigKeys (ConfUtils.java:logGet(43)) - raft.server.write.element-limit = 4096 (default)
2019-09-28 01:13:04,213 [d8ea7beb-83bc-4703-8607-f43fb93ff04f@group-00D97FAD5E01:LeaderElection3] INFO  server.RaftServerConfigKeys (ConfUtils.java:logGet(43)) - raft.server.watch.timeout = 10s (default)
2019-09-28 01:13:04,213 [d8ea7beb-83bc-4703-8607-f43fb93ff04f@group-00D97FAD5E01:LeaderElection3] INFO  server.RaftServerConfigKeys (ConfUtils.java:logGet(43)) - raft.server.watch.timeout.denomination = 1s (default)
2019-09-28 01:13:04,216 [d8ea7beb-83bc-4703-8607-f43fb93ff04f@group-00D97FAD5E01:LeaderElection3] INFO  server.RaftServerConfigKeys (ConfUtils.java:logGet(43)) - raft.server.watch.element-limit = 65536 (default)
2019-09-28 01:13:04,219 [d8ea7beb-83bc-4703-8607-f43fb93ff04f@group-00D97FAD5E01:LeaderElection3] INFO  impl.RoleInfo (RoleInfo.java:updateAndGet(143)) - d8ea7beb-83bc-4703-8607-f43fb93ff04f: start LeaderState
2019-09-28 01:13:04,219 [d8ea7beb-83bc-4703-8607-f43fb93ff04f@group-00D97FAD5E01:LeaderElection3] INFO  segmented.SegmentedRaftLogWorker (SegmentedRaftLogWorker.java:startLogSegment(380)) - d8ea7beb-83bc-4703-8607-f43fb93ff04f@group-00D97FAD5E01-SegmentedRaftLogWorker: Starting segment from index:0
2019-09-28 01:13:04,223 [d8ea7beb-83bc-4703-8607-f43fb93ff04f@group-00D97FAD5E01:LeaderElection3] INFO  impl.RaftServerImpl (ServerState.java:setRaftConf(354)) - d8ea7beb-83bc-4703-8607-f43fb93ff04f@group-00D97FAD5E01: set configuration 0: [d8ea7beb-83bc-4703-8607-f43fb93ff04f:192.168.151.82:34522], old=null at 0
2019-09-28 01:13:04,227 [grpc-default-executor-2] INFO  impl.RaftServerProxy (RaftServerProxy.java:addNew(89)) - 8bf5c620-efb5-49b6-a768-f4179fc43006: addNew group-6BFCA60A2FDA:[cab9505b-c3df-4889-be4c-e0933a387faa:192.168.151.82:36450, 8bf5c620-efb5-49b6-a768-f4179fc43006:192.168.151.82:41397, e82472fe-71fb-4472-b416-5021845f2f54:192.168.151.82:44038] returns group-6BFCA60A2FDA:java.util.concurrent.CompletableFuture@374b3148[Not completed]
2019-09-28 01:13:04,229 [grpc-default-executor-1] INFO  impl.RaftServerProxy (RaftServerProxy.java:addNew(89)) - cab9505b-c3df-4889-be4c-e0933a387faa: addNew group-6BFCA60A2FDA:[cab9505b-c3df-4889-be4c-e0933a387faa:192.168.151.82:36450, 8bf5c620-efb5-49b6-a768-f4179fc43006:192.168.151.82:41397, e82472fe-71fb-4472-b416-5021845f2f54:192.168.151.82:44038] returns group-6BFCA60A2FDA:java.util.concurrent.CompletableFuture@68ec92d8[Not completed]
2019-09-28 01:13:04,235 [grpc-default-executor-1] INFO  impl.RaftServerProxy (RaftServerProxy.java:addNew(89)) - e82472fe-71fb-4472-b416-5021845f2f54: addNew group-6BFCA60A2FDA:[cab9505b-c3df-4889-be4c-e0933a387faa:192.168.151.82:36450, 8bf5c620-efb5-49b6-a768-f4179fc43006:192.168.151.82:41397, e82472fe-71fb-4472-b416-5021845f2f54:192.168.151.82:44038] returns group-6BFCA60A2FDA:java.util.concurrent.CompletableFuture@2bf83545[Not completed]
2019-09-28 01:13:04,237 [pool-37-thread-1] INFO  impl.RaftServerImpl (RaftServerImpl.java:<init>(95)) - e82472fe-71fb-4472-b416-5021845f2f54: new RaftServerImpl for group-6BFCA60A2FDA:[cab9505b-c3df-4889-be4c-e0933a387faa:192.168.151.82:36450, 8bf5c620-efb5-49b6-a768-f4179fc43006:192.168.151.82:41397, e82472fe-71fb-4472-b416-5021845f2f54:192.168.151.82:44038] with ContainerStateMachine:uninitialized
2019-09-28 01:13:04,237 [pool-37-thread-1] INFO  server.RaftServerConfigKeys (ConfUtils.java:logGet(43)) - raft.server.rpc.timeout.min = 1s (custom)
2019-09-28 01:13:04,237 [pool-37-thread-1] INFO  server.RaftServerConfigKeys (ConfUtils.java:logGet(43)) - raft.server.rpc.timeout.max = 1200ms (custom)
2019-09-28 01:13:04,238 [pool-37-thread-1] INFO  server.RaftServerConfigKeys (ConfUtils.java:logGet(43)) - raft.server.rpcslowness.timeout = 120s (custom)
2019-09-28 01:13:04,238 [pool-37-thread-1] INFO  server.RaftServerConfigKeys (ConfUtils.java:logGet(43)) - raft.server.sleep.deviation.threshold = 300 (default)
2019-09-28 01:13:04,238 [pool-37-thread-1] INFO  server.RaftServerConfigKeys (ConfUtils.java:logGet(43)) - raft.server.log.appender.install.snapshot.enabled = false (custom)
2019-09-28 01:13:04,238 [pool-37-thread-1] INFO  impl.RaftServerImpl (ServerState.java:<init>(103)) - e82472fe-71fb-4472-b416-5021845f2f54@group-6BFCA60A2FDA: ConfigurationManager, init=-1: [cab9505b-c3df-4889-be4c-e0933a387faa:192.168.151.82:36450, 8bf5c620-efb5-49b6-a768-f4179fc43006:192.168.151.82:41397, e82472fe-71fb-4472-b416-5021845f2f54:192.168.151.82:44038], old=null, confs=<EMPTY_MAP>
2019-09-28 01:13:04,238 [pool-107-thread-1] INFO  impl.RaftServerImpl (RaftServerImpl.java:<init>(95)) - cab9505b-c3df-4889-be4c-e0933a387faa: new RaftServerImpl for group-6BFCA60A2FDA:[cab9505b-c3df-4889-be4c-e0933a387faa:192.168.151.82:36450, 8bf5c620-efb5-49b6-a768-f4179fc43006:192.168.151.82:41397, e82472fe-71fb-4472-b416-5021845f2f54:192.168.151.82:44038] with ContainerStateMachine:uninitialized
2019-09-28 01:13:04,238 [pool-37-thread-1] INFO  server.RaftServerConfigKeys (ConfUtils.java:logGet(43)) - raft.server.storage.dir = [/workdir/hadoop-ozone/integration-test/target/test-dir/MiniOzoneClusterImpl-fa4977c4-dda7-4050-b4ba-2f9fed17fcef/datanode-1/data/ratis] (custom)
2019-09-28 01:13:04,238 [pool-107-thread-1] INFO  server.RaftServerConfigKeys (ConfUtils.java:logGet(43)) - raft.server.rpc.timeout.min = 1s (custom)
2019-09-28 01:13:04,239 [pool-107-thread-1] INFO  server.RaftServerConfigKeys (ConfUtils.java:logGet(43)) - raft.server.rpc.timeout.max = 1200ms (custom)
2019-09-28 01:13:04,239 [pool-37-thread-1] INFO  storage.RaftStorageDirectory (RaftStorageDirectory.java:analyzeStorage(246)) - The storage directory /workdir/hadoop-ozone/integration-test/target/test-dir/MiniOzoneClusterImpl-fa4977c4-dda7-4050-b4ba-2f9fed17fcef/datanode-1/data/ratis/3ff1798e-bf26-46a5-8571-6bfca60a2fda does not exist. Creating ...
2019-09-28 01:13:04,239 [pool-107-thread-1] INFO  server.RaftServerConfigKeys (ConfUtils.java:logGet(43)) - raft.server.rpcslowness.timeout = 120s (custom)
2019-09-28 01:13:04,239 [pool-77-thread-1] INFO  impl.RaftServerImpl (RaftServerImpl.java:<init>(95)) - 8bf5c620-efb5-49b6-a768-f4179fc43006: new RaftServerImpl for group-6BFCA60A2FDA:[cab9505b-c3df-4889-be4c-e0933a387faa:192.168.151.82:36450, 8bf5c620-efb5-49b6-a768-f4179fc43006:192.168.151.82:41397, e82472fe-71fb-4472-b416-5021845f2f54:192.168.151.82:44038] with ContainerStateMachine:uninitialized
2019-09-28 01:13:04,239 [pool-107-thread-1] INFO  server.RaftServerConfigKeys (ConfUtils.java:logGet(43)) - raft.server.sleep.deviation.threshold = 300 (default)
2019-09-28 01:13:04,239 [pool-77-thread-1] INFO  server.RaftServerConfigKeys (ConfUtils.java:logGet(43)) - raft.server.rpc.timeout.min = 1s (custom)
2019-09-28 01:13:04,239 [pool-107-thread-1] INFO  server.RaftServerConfigKeys (ConfUtils.java:logGet(43)) - raft.server.log.appender.install.snapshot.enabled = false (custom)
2019-09-28 01:13:04,239 [pool-77-thread-1] INFO  server.RaftServerConfigKeys (ConfUtils.java:logGet(43)) - raft.server.rpc.timeout.max = 1200ms (custom)
2019-09-28 01:13:04,240 [pool-107-thread-1] INFO  impl.RaftServerImpl (ServerState.java:<init>(103)) - cab9505b-c3df-4889-be4c-e0933a387faa@group-6BFCA60A2FDA: ConfigurationManager, init=-1: [cab9505b-c3df-4889-be4c-e0933a387faa:192.168.151.82:36450, 8bf5c620-efb5-49b6-a768-f4179fc43006:192.168.151.82:41397, e82472fe-71fb-4472-b416-5021845f2f54:192.168.151.82:44038], old=null, confs=<EMPTY_MAP>
2019-09-28 01:13:04,240 [pool-77-thread-1] INFO  server.RaftServerConfigKeys (ConfUtils.java:logGet(43)) - raft.server.rpcslowness.timeout = 120s (custom)
2019-09-28 01:13:04,240 [pool-107-thread-1] INFO  server.RaftServerConfigKeys (ConfUtils.java:logGet(43)) - raft.server.storage.dir = [/workdir/hadoop-ozone/integration-test/target/test-dir/MiniOzoneClusterImpl-fa4977c4-dda7-4050-b4ba-2f9fed17fcef/datanode-8/data/ratis] (custom)
2019-09-28 01:13:04,240 [pool-77-thread-1] INFO  server.RaftServerConfigKeys (ConfUtils.java:logGet(43)) - raft.server.sleep.deviation.threshold = 300 (default)
2019-09-28 01:13:04,240 [pool-77-thread-1] INFO  server.RaftServerConfigKeys (ConfUtils.java:logGet(43)) - raft.server.log.appender.install.snapshot.enabled = false (custom)
2019-09-28 01:13:04,240 [pool-107-thread-1] INFO  storage.RaftStorageDirectory (RaftStorageDirectory.java:analyzeStorage(246)) - The storage directory /workdir/hadoop-ozone/integration-test/target/test-dir/MiniOzoneClusterImpl-fa4977c4-dda7-4050-b4ba-2f9fed17fcef/datanode-8/data/ratis/3ff1798e-bf26-46a5-8571-6bfca60a2fda does not exist. Creating ...
2019-09-28 01:13:04,240 [pool-77-thread-1] INFO  impl.RaftServerImpl (ServerState.java:<init>(103)) - 8bf5c620-efb5-49b6-a768-f4179fc43006@group-6BFCA60A2FDA: ConfigurationManager, init=-1: [cab9505b-c3df-4889-be4c-e0933a387faa:192.168.151.82:36450, 8bf5c620-efb5-49b6-a768-f4179fc43006:192.168.151.82:41397, e82472fe-71fb-4472-b416-5021845f2f54:192.168.151.82:44038], old=null, confs=<EMPTY_MAP>
2019-09-28 01:13:04,241 [pool-77-thread-1] INFO  server.RaftServerConfigKeys (ConfUtils.java:logGet(43)) - raft.server.storage.dir = [/workdir/hadoop-ozone/integration-test/target/test-dir/MiniOzoneClusterImpl-fa4977c4-dda7-4050-b4ba-2f9fed17fcef/datanode-5/data/ratis] (custom)
2019-09-28 01:13:04,241 [pool-77-thread-1] INFO  storage.RaftStorageDirectory (RaftStorageDirectory.java:analyzeStorage(246)) - The storage directory /workdir/hadoop-ozone/integration-test/target/test-dir/MiniOzoneClusterImpl-fa4977c4-dda7-4050-b4ba-2f9fed17fcef/datanode-5/data/ratis/3ff1798e-bf26-46a5-8571-6bfca60a2fda does not exist. Creating ...
2019-09-28 01:13:04,252 [pool-77-thread-1] INFO  storage.RaftStorageDirectory (RaftStorageDirectory.java:tryLock(328)) - Lock on /workdir/hadoop-ozone/integration-test/target/test-dir/MiniOzoneClusterImpl-fa4977c4-dda7-4050-b4ba-2f9fed17fcef/datanode-5/data/ratis/3ff1798e-bf26-46a5-8571-6bfca60a2fda/in_use.lock acquired by nodename 30873@pr-hdds-2162-8g7kw-3348123894
2019-09-28 01:13:04,252 [pool-37-thread-1] INFO  storage.RaftStorageDirectory (RaftStorageDirectory.java:tryLock(328)) - Lock on /workdir/hadoop-ozone/integration-test/target/test-dir/MiniOzoneClusterImpl-fa4977c4-dda7-4050-b4ba-2f9fed17fcef/datanode-1/data/ratis/3ff1798e-bf26-46a5-8571-6bfca60a2fda/in_use.lock acquired by nodename 30873@pr-hdds-2162-8g7kw-3348123894
2019-09-28 01:13:04,252 [pool-107-thread-1] INFO  storage.RaftStorageDirectory (RaftStorageDirectory.java:tryLock(328)) - Lock on /workdir/hadoop-ozone/integration-test/target/test-dir/MiniOzoneClusterImpl-fa4977c4-dda7-4050-b4ba-2f9fed17fcef/datanode-8/data/ratis/3ff1798e-bf26-46a5-8571-6bfca60a2fda/in_use.lock acquired by nodename 30873@pr-hdds-2162-8g7kw-3348123894
2019-09-28 01:13:04,278 [pool-37-thread-1] INFO  storage.RaftStorage (RaftStorage.java:format(72)) - Storage directory /workdir/hadoop-ozone/integration-test/target/test-dir/MiniOzoneClusterImpl-fa4977c4-dda7-4050-b4ba-2f9fed17fcef/datanode-1/data/ratis/3ff1798e-bf26-46a5-8571-6bfca60a2fda has been successfully formatted.
2019-09-28 01:13:04,278 [pool-107-thread-1] INFO  storage.RaftStorage (RaftStorage.java:format(72)) - Storage directory /workdir/hadoop-ozone/integration-test/target/test-dir/MiniOzoneClusterImpl-fa4977c4-dda7-4050-b4ba-2f9fed17fcef/datanode-8/data/ratis/3ff1798e-bf26-46a5-8571-6bfca60a2fda has been successfully formatted.
2019-09-28 01:13:04,278 [pool-77-thread-1] INFO  storage.RaftStorage (RaftStorage.java:format(72)) - Storage directory /workdir/hadoop-ozone/integration-test/target/test-dir/MiniOzoneClusterImpl-fa4977c4-dda7-4050-b4ba-2f9fed17fcef/datanode-5/data/ratis/3ff1798e-bf26-46a5-8571-6bfca60a2fda has been successfully formatted.
2019-09-28 01:13:04,278 [pool-107-thread-1] INFO  ratis.ContainerStateMachine (ContainerStateMachine.java:loadSnapshot(230)) - group-6BFCA60A2FDA: The snapshot info is null. Setting the last applied indexto:(t:0, i:~)
2019-09-28 01:13:04,278 [pool-37-thread-1] INFO  ratis.ContainerStateMachine (ContainerStateMachine.java:loadSnapshot(230)) - group-6BFCA60A2FDA: The snapshot info is null. Setting the last applied indexto:(t:0, i:~)
2019-09-28 01:13:04,278 [pool-107-thread-1] INFO  server.RaftServerConfigKeys (ConfUtils.java:logGet(43)) - raft.server.notification.no-leader.timeout = 120s (custom)
2019-09-28 01:13:04,278 [pool-77-thread-1] INFO  ratis.ContainerStateMachine (ContainerStateMachine.java:loadSnapshot(230)) - group-6BFCA60A2FDA: The snapshot info is null. Setting the last applied indexto:(t:0, i:~)
2019-09-28 01:13:04,279 [pool-107-thread-1] INFO  server.RaftServerConfigKeys (ConfUtils.java:logGet(43)) - raft.server.log.use.memory = false (default)
2019-09-28 01:13:04,278 [pool-37-thread-1] INFO  server.RaftServerConfigKeys (ConfUtils.java:logGet(43)) - raft.server.notification.no-leader.timeout = 120s (custom)
2019-09-28 01:13:04,279 [pool-107-thread-1] INFO  server.RaftServerConfigKeys (ConfUtils.java:logGet(43)) - raft.server.log.purge.gap = 1000000 (custom)
2019-09-28 01:13:04,279 [pool-77-thread-1] INFO  server.RaftServerConfigKeys (ConfUtils.java:logGet(43)) - raft.server.notification.no-leader.timeout = 120s (custom)
2019-09-28 01:13:04,279 [pool-107-thread-1] INFO  server.RaftServerConfigKeys (ConfUtils.java:logGet(43)) - raft.server.log.appender.buffer.byte-limit = 33554432 (custom)
2019-09-28 01:13:04,279 [pool-37-thread-1] INFO  server.RaftServerConfigKeys (ConfUtils.java:logGet(43)) - raft.server.log.use.memory = false (default)
2019-09-28 01:13:04,279 [pool-107-thread-1] INFO  server.RaftServerConfigKeys (ConfUtils.java:logGet(43)) - raft.server.log.segment.size.max = 1048576 (custom)
2019-09-28 01:13:04,279 [pool-77-thread-1] INFO  server.RaftServerConfigKeys (ConfUtils.java:logGet(43)) - raft.server.log.use.memory = false (default)
2019-09-28 01:13:04,280 [pool-107-thread-1] INFO  server.RaftServerConfigKeys (ConfUtils.java:logGet(43)) - raft.server.log.segment.cache.num.max = 2 (custom)
2019-09-28 01:13:04,280 [pool-37-thread-1] INFO  server.RaftServerConfigKeys (ConfUtils.java:logGet(43)) - raft.server.log.purge.gap = 1000000 (custom)
2019-09-28 01:13:04,280 [pool-107-thread-1] INFO  segmented.SegmentedRaftLogWorker (SegmentedRaftLogWorker.java:<init>(172)) - new cab9505b-c3df-4889-be4c-e0933a387faa@group-6BFCA60A2FDA-SegmentedRaftLogWorker for RaftStorage:Storage Directory /workdir/hadoop-ozone/integration-test/target/test-dir/MiniOzoneClusterImpl-fa4977c4-dda7-4050-b4ba-2f9fed17fcef/datanode-8/data/ratis/3ff1798e-bf26-46a5-8571-6bfca60a2fda
2019-09-28 01:13:04,280 [pool-77-thread-1] INFO  server.RaftServerConfigKeys (ConfUtils.java:logGet(43)) - raft.server.log.purge.gap = 1000000 (custom)
2019-09-28 01:13:04,280 [pool-107-thread-1] INFO  server.RaftServerConfigKeys (ConfUtils.java:logGet(43)) - raft.server.log.queue.byte-limit = 2147483647 (custom)
2019-09-28 01:13:04,280 [pool-37-thread-1] INFO  server.RaftServerConfigKeys (ConfUtils.java:logGet(43)) - raft.server.log.appender.buffer.byte-limit = 33554432 (custom)
2019-09-28 01:13:04,281 [pool-107-thread-1] INFO  server.RaftServerConfigKeys (ConfUtils.java:logGet(43)) - raft.server.log.queue.element-limit = 1024 (custom)
2019-09-28 01:13:04,281 [pool-77-thread-1] INFO  server.RaftServerConfigKeys (ConfUtils.java:logGet(43)) - raft.server.log.appender.buffer.byte-limit = 33554432 (custom)
2019-09-28 01:13:04,281 [pool-107-thread-1] INFO  server.RaftServerConfigKeys (ConfUtils.java:logGet(43)) - raft.server.log.segment.size.max = 1048576 (custom)
2019-09-28 01:13:04,281 [pool-37-thread-1] INFO  server.RaftServerConfigKeys (ConfUtils.java:logGet(43)) - raft.server.log.segment.size.max = 1048576 (custom)
2019-09-28 01:13:04,281 [pool-107-thread-1] INFO  server.RaftServerConfigKeys (ConfUtils.java:logGet(43)) - raft.server.log.preallocated.size = 16384 (custom)
2019-09-28 01:13:04,281 [pool-77-thread-1] INFO  server.RaftServerConfigKeys (ConfUtils.java:logGet(43)) - raft.server.log.segment.size.max = 1048576 (custom)
2019-09-28 01:13:04,282 [pool-107-thread-1] INFO  server.RaftServerConfigKeys (ConfUtils.java:logGet(43)) - raft.server.log.write.buffer.size = 33554432 (custom)
2019-09-28 01:13:04,282 [pool-37-thread-1] INFO  server.RaftServerConfigKeys (ConfUtils.java:logGet(43)) - raft.server.log.segment.cache.num.max = 2 (custom)
2019-09-28 01:13:04,282 [pool-107-thread-1] INFO  server.RaftServerConfigKeys (ConfUtils.java:logGet(43)) - raft.server.log.force.sync.num = 128 (default)
2019-09-28 01:13:04,282 [pool-77-thread-1] INFO  server.RaftServerConfigKeys (ConfUtils.java:logGet(43)) - raft.server.log.segment.cache.num.max = 2 (custom)
2019-09-28 01:13:04,282 [pool-107-thread-1] INFO  server.RaftServerConfigKeys (ConfUtils.java:logGet(43)) - raft.server.log.statemachine.data.sync = true (default)
2019-09-28 01:13:04,282 [pool-37-thread-1] INFO  segmented.SegmentedRaftLogWorker (SegmentedRaftLogWorker.java:<init>(172)) - new e82472fe-71fb-4472-b416-5021845f2f54@group-6BFCA60A2FDA-SegmentedRaftLogWorker for RaftStorage:Storage Directory /workdir/hadoop-ozone/integration-test/target/test-dir/MiniOzoneClusterImpl-fa4977c4-dda7-4050-b4ba-2f9fed17fcef/datanode-1/data/ratis/3ff1798e-bf26-46a5-8571-6bfca60a2fda
2019-09-28 01:13:04,283 [pool-107-thread-1] INFO  server.RaftServerConfigKeys (ConfUtils.java:logGet(43)) - raft.server.log.statemachine.data.sync.timeout = 10s (default)
2019-09-28 01:13:04,283 [pool-77-thread-1] INFO  segmented.SegmentedRaftLogWorker (SegmentedRaftLogWorker.java:<init>(172)) - new 8bf5c620-efb5-49b6-a768-f4179fc43006@group-6BFCA60A2FDA-SegmentedRaftLogWorker for RaftStorage:Storage Directory /workdir/hadoop-ozone/integration-test/target/test-dir/MiniOzoneClusterImpl-fa4977c4-dda7-4050-b4ba-2f9fed17fcef/datanode-5/data/ratis/3ff1798e-bf26-46a5-8571-6bfca60a2fda
2019-09-28 01:13:04,283 [pool-107-thread-1] INFO  server.RaftServerConfigKeys (ConfUtils.java:logGet(43)) - raft.server.log.statemachine.data.sync.timeout.retry = -1 (default)
2019-09-28 01:13:04,283 [pool-37-thread-1] INFO  server.RaftServerConfigKeys (ConfUtils.java:logGet(43)) - raft.server.log.queue.byte-limit = 2147483647 (custom)
2019-09-28 01:13:04,284 [pool-107-thread-1] INFO  server.RaftServerConfigKeys (ConfUtils.java:logGet(43)) - raft.server.log.statemachine.data.caching.enabled = true (custom)
2019-09-28 01:13:04,283 [pool-77-thread-1] INFO  server.RaftServerConfigKeys (ConfUtils.java:logGet(43)) - raft.server.log.queue.byte-limit = 2147483647 (custom)
2019-09-28 01:13:04,284 [pool-107-thread-1] INFO  segmented.SegmentedRaftLogWorker (SegmentedRaftLogWorker.java:lambda$new$0(132)) - cab9505b-c3df-4889-be4c-e0933a387faa@group-6BFCA60A2FDA-SegmentedRaftLogWorker: flushIndex: setUnconditionally 0 -> -1
2019-09-28 01:13:04,284 [pool-37-thread-1] INFO  server.RaftServerConfigKeys (ConfUtils.java:logGet(43)) - raft.server.log.queue.element-limit = 1024 (custom)
2019-09-28 01:13:04,284 [pool-77-thread-1] INFO  server.RaftServerConfigKeys (ConfUtils.java:logGet(43)) - raft.server.log.queue.element-limit = 1024 (custom)
2019-09-28 01:13:04,284 [pool-37-thread-1] INFO  server.RaftServerConfigKeys (ConfUtils.java:logGet(43)) - raft.server.log.segment.size.max = 1048576 (custom)
2019-09-28 01:13:04,284 [pool-107-thread-1] INFO  server.RaftServerConfigKeys (ConfUtils.java:logGet(43)) - raft.server.snapshot.auto.trigger.enabled = true (custom)
2019-09-28 01:13:04,285 [pool-37-thread-1] INFO  server.RaftServerConfigKeys (ConfUtils.java:logGet(43)) - raft.server.log.preallocated.size = 16384 (custom)
2019-09-28 01:13:04,285 [pool-77-thread-1] INFO  server.RaftServerConfigKeys (ConfUtils.java:logGet(43)) - raft.server.log.segment.size.max = 1048576 (custom)
2019-09-28 01:13:04,285 [pool-37-thread-1] INFO  server.RaftServerConfigKeys (ConfUtils.java:logGet(43)) - raft.server.log.write.buffer.size = 33554432 (custom)
2019-09-28 01:13:04,285 [pool-107-thread-1] INFO  server.RaftServerConfigKeys (ConfUtils.java:logGet(43)) - raft.server.snapshot.auto.trigger.threshold = 10000 (custom)
2019-09-28 01:13:04,285 [pool-37-thread-1] INFO  server.RaftServerConfigKeys (ConfUtils.java:logGet(43)) - raft.server.log.force.sync.num = 128 (default)
2019-09-28 01:13:04,286 [pool-37-thread-1] INFO  server.RaftServerConfigKeys (ConfUtils.java:logGet(43)) - raft.server.log.statemachine.data.sync = true (default)
2019-09-28 01:13:04,285 [pool-77-thread-1] INFO  server.RaftServerConfigKeys (ConfUtils.java:logGet(43)) - raft.server.log.preallocated.size = 16384 (custom)
2019-09-28 01:13:04,286 [pool-37-thread-1] INFO  server.RaftServerConfigKeys (ConfUtils.java:logGet(43)) - raft.server.log.statemachine.data.sync.timeout = 10s (default)
2019-09-28 01:13:04,286 [pool-107-thread-1] INFO  server.RaftServerConfigKeys (ConfUtils.java:logGet(43)) - raft.server.snapshot.retention.num.files = 5 (custom)
2019-09-28 01:13:04,286 [pool-37-thread-1] INFO  server.RaftServerConfigKeys (ConfUtils.java:logGet(43)) - raft.server.log.statemachine.data.sync.timeout.retry = -1 (default)
2019-09-28 01:13:04,286 [pool-77-thread-1] INFO  server.RaftServerConfigKeys (ConfUtils.java:logGet(43)) - raft.server.log.write.buffer.size = 33554432 (custom)
2019-09-28 01:13:04,287 [pool-37-thread-1] INFO  server.RaftServerConfigKeys (ConfUtils.java:logGet(43)) - raft.server.log.statemachine.data.caching.enabled = true (custom)
2019-09-28 01:13:04,287 [pool-107-thread-1] INFO  server.RaftServerConfigKeys (ConfUtils.java:logGet(43)) - raft.server.retrycache.expirytime = 600000ms (custom)
2019-09-28 01:13:04,287 [pool-77-thread-1] INFO  server.RaftServerConfigKeys (ConfUtils.java:logGet(43)) - raft.server.log.force.sync.num = 128 (default)
2019-09-28 01:13:04,287 [pool-37-thread-1] INFO  segmented.SegmentedRaftLogWorker (SegmentedRaftLogWorker.java:lambda$new$0(132)) - e82472fe-71fb-4472-b416-5021845f2f54@group-6BFCA60A2FDA-SegmentedRaftLogWorker: flushIndex: setUnconditionally 0 -> -1
2019-09-28 01:13:04,287 [pool-77-thread-1] INFO  server.RaftServerConfigKeys (ConfUtils.java:logGet(43)) - raft.server.log.statemachine.data.sync = true (default)
2019-09-28 01:13:04,288 [pool-77-thread-1] INFO  server.RaftServerConfigKeys (ConfUtils.java:logGet(43)) - raft.server.log.statemachine.data.sync.timeout = 10s (default)
2019-09-28 01:13:04,288 [pool-37-thread-1] INFO  server.RaftServerConfigKeys (ConfUtils.java:logGet(43)) - raft.server.snapshot.auto.trigger.enabled = true (custom)
2019-09-28 01:13:04,288 [pool-77-thread-1] INFO  server.RaftServerConfigKeys (ConfUtils.java:logGet(43)) - raft.server.log.statemachine.data.sync.timeout.retry = -1 (default)
2019-09-28 01:13:04,288 [pool-37-thread-1] INFO  server.RaftServerConfigKeys (ConfUtils.java:logGet(43)) - raft.server.snapshot.auto.trigger.threshold = 10000 (custom)
2019-09-28 01:13:04,288 [pool-77-thread-1] INFO  server.RaftServerConfigKeys (ConfUtils.java:logGet(43)) - raft.server.log.statemachine.data.caching.enabled = true (custom)
2019-09-28 01:13:04,288 [pool-37-thread-1] INFO  server.RaftServerConfigKeys (ConfUtils.java:logGet(43)) - raft.server.snapshot.retention.num.files = 5 (custom)
2019-09-28 01:13:04,289 [pool-77-thread-1] INFO  segmented.SegmentedRaftLogWorker (SegmentedRaftLogWorker.java:lambda$new$0(132)) - 8bf5c620-efb5-49b6-a768-f4179fc43006@group-6BFCA60A2FDA-SegmentedRaftLogWorker: flushIndex: setUnconditionally 0 -> -1
2019-09-28 01:13:04,289 [pool-37-thread-1] INFO  server.RaftServerConfigKeys (ConfUtils.java:logGet(43)) - raft.server.retrycache.expirytime = 600000ms (custom)
2019-09-28 01:13:04,289 [pool-77-thread-1] INFO  server.RaftServerConfigKeys (ConfUtils.java:logGet(43)) - raft.server.snapshot.auto.trigger.enabled = true (custom)
2019-09-28 01:13:04,289 [pool-77-thread-1] INFO  server.RaftServerConfigKeys (ConfUtils.java:logGet(43)) - raft.server.snapshot.auto.trigger.threshold = 10000 (custom)
2019-09-28 01:13:04,289 [pool-77-thread-1] INFO  server.RaftServerConfigKeys (ConfUtils.java:logGet(43)) - raft.server.snapshot.retention.num.files = 5 (custom)
2019-09-28 01:13:04,290 [pool-77-thread-1] INFO  server.RaftServerConfigKeys (ConfUtils.java:logGet(43)) - raft.server.retrycache.expirytime = 600000ms (custom)
2019-09-28 01:13:04,290 [pool-107-thread-1] INFO  impl.RaftServerImpl (RaftServerImpl.java:start(185)) - cab9505b-c3df-4889-be4c-e0933a387faa@group-6BFCA60A2FDA: start as a follower, conf=-1: [cab9505b-c3df-4889-be4c-e0933a387faa:192.168.151.82:36450, 8bf5c620-efb5-49b6-a768-f4179fc43006:192.168.151.82:41397, e82472fe-71fb-4472-b416-5021845f2f54:192.168.151.82:44038], old=null
2019-09-28 01:13:04,290 [pool-107-thread-1] INFO  impl.RaftServerImpl (RaftServerImpl.java:setRole(174)) - cab9505b-c3df-4889-be4c-e0933a387faa@group-6BFCA60A2FDA: changes role from      null to FOLLOWER at term 0 for startAsFollower
2019-09-28 01:13:04,290 [pool-107-thread-1] INFO  impl.RoleInfo (RoleInfo.java:updateAndGet(143)) - cab9505b-c3df-4889-be4c-e0933a387faa: start FollowerState
2019-09-28 01:13:04,291 [pool-107-thread-1] INFO  util.JmxRegister (JmxRegister.java:tryRegister(44)) - Successfully registered JMX Bean with object name Ratis:service=RaftServer,group=group-6BFCA60A2FDA,id=cab9505b-c3df-4889-be4c-e0933a387faa
2019-09-28 01:13:04,293 [pool-37-thread-1] INFO  impl.RaftServerImpl (RaftServerImpl.java:start(185)) - e82472fe-71fb-4472-b416-5021845f2f54@group-6BFCA60A2FDA: start as a follower, conf=-1: [cab9505b-c3df-4889-be4c-e0933a387faa:192.168.151.82:36450, 8bf5c620-efb5-49b6-a768-f4179fc43006:192.168.151.82:41397, e82472fe-71fb-4472-b416-5021845f2f54:192.168.151.82:44038], old=null
2019-09-28 01:13:04,293 [pool-37-thread-1] INFO  impl.RaftServerImpl (RaftServerImpl.java:setRole(174)) - e82472fe-71fb-4472-b416-5021845f2f54@group-6BFCA60A2FDA: changes role from      null to FOLLOWER at term 0 for startAsFollower
2019-09-28 01:13:04,338 [pool-37-thread-1] INFO  impl.RoleInfo (RoleInfo.java:updateAndGet(143)) - e82472fe-71fb-4472-b416-5021845f2f54: start FollowerState
2019-09-28 01:13:04,338 [pool-77-thread-1] INFO  impl.RaftServerImpl (RaftServerImpl.java:start(185)) - 8bf5c620-efb5-49b6-a768-f4179fc43006@group-6BFCA60A2FDA: start as a follower, conf=-1: [cab9505b-c3df-4889-be4c-e0933a387faa:192.168.151.82:36450, 8bf5c620-efb5-49b6-a768-f4179fc43006:192.168.151.82:41397, e82472fe-71fb-4472-b416-5021845f2f54:192.168.151.82:44038], old=null
2019-09-28 01:13:04,341 [pool-77-thread-1] INFO  impl.RaftServerImpl (RaftServerImpl.java:setRole(174)) - 8bf5c620-efb5-49b6-a768-f4179fc43006@group-6BFCA60A2FDA: changes role from      null to FOLLOWER at term 0 for startAsFollower
2019-09-28 01:13:04,341 [pool-37-thread-1] INFO  util.JmxRegister (JmxRegister.java:tryRegister(44)) - Successfully registered JMX Bean with object name Ratis:service=RaftServer,group=group-6BFCA60A2FDA,id=e82472fe-71fb-4472-b416-5021845f2f54
2019-09-28 01:13:04,341 [pool-77-thread-1] INFO  impl.RoleInfo (RoleInfo.java:updateAndGet(143)) - 8bf5c620-efb5-49b6-a768-f4179fc43006: start FollowerState
2019-09-28 01:13:04,342 [pool-77-thread-1] INFO  util.JmxRegister (JmxRegister.java:tryRegister(44)) - Successfully registered JMX Bean with object name Ratis:service=RaftServer,group=group-6BFCA60A2FDA,id=8bf5c620-efb5-49b6-a768-f4179fc43006
2019-09-28 01:13:04,351 [RatisPipelineUtilsThread] INFO  pipeline.PipelineStateManager (PipelineStateManager.java:addPipeline(56)) - Created pipeline Pipeline[ Id: 3ff1798e-bf26-46a5-8571-6bfca60a2fda, Nodes: cab9505b-c3df-4889-be4c-e0933a387faa{ip: 192.168.151.82, host: pr-hdds-2162-8g7kw-3348123894, networkLocation: /rack1, certSerialId: null}8bf5c620-efb5-49b6-a768-f4179fc43006{ip: 192.168.151.82, host: pr-hdds-2162-8g7kw-3348123894, networkLocation: /rack1, certSerialId: null}e82472fe-71fb-4472-b416-5021845f2f54{ip: 192.168.151.82, host: pr-hdds-2162-8g7kw-3348123894, networkLocation: /rack1, certSerialId: null}, Type:RATIS, Factor:THREE, State:OPEN]
2019-09-28 01:13:04,356 [7ca580e1-9483-43e9-999f-08065f5f46f8@group-D0E4ABE7B523-SegmentedRaftLogWorker] INFO  segmented.SegmentedRaftLogWorker (SegmentedRaftLogWorker.java:execute(569)) - 7ca580e1-9483-43e9-999f-08065f5f46f8@group-D0E4ABE7B523-SegmentedRaftLogWorker: created new log segment /workdir/hadoop-ozone/integration-test/target/test-dir/MiniOzoneClusterImpl-fa4977c4-dda7-4050-b4ba-2f9fed17fcef/datanode-0/data/ratis/03836a8e-a8d3-4767-8f56-d0e4abe7b523/current/log_inprogress_0
2019-09-28 01:13:04,356 [d8ea7beb-83bc-4703-8607-f43fb93ff04f@group-00D97FAD5E01-SegmentedRaftLogWorker] INFO  segmented.SegmentedRaftLogWorker (SegmentedRaftLogWorker.java:execute(569)) - d8ea7beb-83bc-4703-8607-f43fb93ff04f@group-00D97FAD5E01-SegmentedRaftLogWorker: created new log segment /workdir/hadoop-ozone/integration-test/target/test-dir/MiniOzoneClusterImpl-fa4977c4-dda7-4050-b4ba-2f9fed17fcef/datanode-6/data/ratis/7ab161a9-4811-4513-9b2e-00d97fad5e01/current/log_inprogress_0
2019-09-28 01:13:04,356 [726dacf1-2c06-45a9-9365-4f0196171786@group-D9E302FCED46-SegmentedRaftLogWorker] INFO  segmented.SegmentedRaftLogWorker (SegmentedRaftLogWorker.java:execute(569)) - 726dacf1-2c06-45a9-9365-4f0196171786@group-D9E302FCED46-SegmentedRaftLogWorker: created new log segment /workdir/hadoop-ozone/integration-test/target/test-dir/MiniOzoneClusterImpl-fa4977c4-dda7-4050-b4ba-2f9fed17fcef/datanode-4/data/ratis/fe053c1b-2b52-4699-994b-d9e302fced46/current/log_inprogress_0
2019-09-28 01:13:04,408 [Thread-294] INFO  impl.FollowerState (FollowerState.java:run(106)) - c5982eae-d64d-4d85-bf8e-680be3da7c97:group-451F9A59DB8D changes to CANDIDATE, lastRpcTime:1164, electionTimeout:1164ms
2019-09-28 01:13:04,409 [Thread-294] INFO  impl.RoleInfo (RoleInfo.java:shutdownFollowerState(121)) - c5982eae-d64d-4d85-bf8e-680be3da7c97: shutdown FollowerState
2019-09-28 01:13:04,409 [Thread-294] INFO  impl.RaftServerImpl (RaftServerImpl.java:setRole(174)) - c5982eae-d64d-4d85-bf8e-680be3da7c97@group-451F9A59DB8D: changes role from  FOLLOWER to CANDIDATE at term 0 for changeToCandidate
2019-09-28 01:13:04,409 [Thread-294] INFO  impl.RoleInfo (RoleInfo.java:updateAndGet(143)) - c5982eae-d64d-4d85-bf8e-680be3da7c97: start LeaderElection
2019-09-28 01:13:04,436 [c5982eae-d64d-4d85-bf8e-680be3da7c97@group-451F9A59DB8D:LeaderElection4] INFO  impl.LeaderElection (LeaderElection.java:askForVotes(182)) - c5982eae-d64d-4d85-bf8e-680be3da7c97@group-451F9A59DB8D:LeaderElection4: begin an election at term 1 for -1: [c5982eae-d64d-4d85-bf8e-680be3da7c97:192.168.151.82:39895], old=null
2019-09-28 01:13:04,436 [c5982eae-d64d-4d85-bf8e-680be3da7c97@group-451F9A59DB8D:LeaderElection4] INFO  impl.RoleInfo (RoleInfo.java:shutdownLeaderElection(134)) - c5982eae-d64d-4d85-bf8e-680be3da7c97: shutdown LeaderElection
2019-09-28 01:13:04,436 [c5982eae-d64d-4d85-bf8e-680be3da7c97@group-451F9A59DB8D:LeaderElection4] INFO  impl.RaftServerImpl (RaftServerImpl.java:setRole(174)) - c5982eae-d64d-4d85-bf8e-680be3da7c97@group-451F9A59DB8D: changes role from CANDIDATE to LEADER at term 1 for changeToLeader
2019-09-28 01:13:04,436 [c5982eae-d64d-4d85-bf8e-680be3da7c97@group-451F9A59DB8D:LeaderElection4] INFO  impl.RaftServerImpl (ServerState.java:setLeader(253)) - c5982eae-d64d-4d85-bf8e-680be3da7c97@group-451F9A59DB8D: change Leader from null to c5982eae-d64d-4d85-bf8e-680be3da7c97 at term 1 for becomeLeader, leader elected after 1206ms
2019-09-28 01:13:04,437 [c5982eae-d64d-4d85-bf8e-680be3da7c97@group-451F9A59DB8D:LeaderElection4] INFO  server.RaftServerConfigKeys (ConfUtils.java:logGet(43)) - raft.server.staging.catchup.gap = 1000 (default)
2019-09-28 01:13:04,437 [c5982eae-d64d-4d85-bf8e-680be3da7c97@group-451F9A59DB8D:LeaderElection4] INFO  server.RaftServerConfigKeys (ConfUtils.java:logGet(43)) - raft.server.rpc.sleep.time = 25ms (default)
2019-09-28 01:13:04,437 [c5982eae-d64d-4d85-bf8e-680be3da7c97@group-451F9A59DB8D:LeaderElection4] INFO  server.RaftServerConfigKeys (ConfUtils.java:logGet(43)) - raft.server.write.element-limit = 4096 (default)
2019-09-28 01:13:04,437 [c5982eae-d64d-4d85-bf8e-680be3da7c97@group-451F9A59DB8D:LeaderElection4] INFO  server.RaftServerConfigKeys (ConfUtils.java:logGet(43)) - raft.server.watch.timeout = 10s (default)
2019-09-28 01:13:04,437 [c5982eae-d64d-4d85-bf8e-680be3da7c97@group-451F9A59DB8D:LeaderElection4] INFO  server.RaftServerConfigKeys (ConfUtils.java:logGet(43)) - raft.server.watch.timeout.denomination = 1s (default)
2019-09-28 01:13:04,438 [c5982eae-d64d-4d85-bf8e-680be3da7c97@group-451F9A59DB8D:LeaderElection4] INFO  server.RaftServerConfigKeys (ConfUtils.java:logGet(43)) - raft.server.watch.element-limit = 65536 (default)
2019-09-28 01:13:04,440 [c5982eae-d64d-4d85-bf8e-680be3da7c97@group-451F9A59DB8D:LeaderElection4] INFO  impl.RoleInfo (RoleInfo.java:updateAndGet(143)) - c5982eae-d64d-4d85-bf8e-680be3da7c97: start LeaderState
2019-09-28 01:13:04,441 [c5982eae-d64d-4d85-bf8e-680be3da7c97@group-451F9A59DB8D:LeaderElection4] INFO  segmented.SegmentedRaftLogWorker (SegmentedRaftLogWorker.java:startLogSegment(380)) - c5982eae-d64d-4d85-bf8e-680be3da7c97@group-451F9A59DB8D-SegmentedRaftLogWorker: Starting segment from index:0
2019-09-28 01:13:04,441 [c5982eae-d64d-4d85-bf8e-680be3da7c97@group-451F9A59DB8D:LeaderElection4] INFO  impl.RaftServerImpl (ServerState.java:setRaftConf(354)) - c5982eae-d64d-4d85-bf8e-680be3da7c97@group-451F9A59DB8D: set configuration 0: [c5982eae-d64d-4d85-bf8e-680be3da7c97:192.168.151.82:39895], old=null at 0
2019-09-28 01:13:04,502 [c5982eae-d64d-4d85-bf8e-680be3da7c97@group-451F9A59DB8D-SegmentedRaftLogWorker] INFO  segmented.SegmentedRaftLogWorker (SegmentedRaftLogWorker.java:execute(569)) - c5982eae-d64d-4d85-bf8e-680be3da7c97@group-451F9A59DB8D-SegmentedRaftLogWorker: created new log segment /workdir/hadoop-ozone/integration-test/target/test-dir/MiniOzoneClusterImpl-fa4977c4-dda7-4050-b4ba-2f9fed17fcef/datanode-9/data/ratis/d402774d-5b11-4b0b-8250-451f9a59db8d/current/log_inprogress_0
2019-09-28 01:13:04,623 [Thread-297] INFO  impl.FollowerState (FollowerState.java:run(106)) - 8a2f89dc-5374-4145-86d1-b1660ecca13e:group-12ECA8CC5672 changes to CANDIDATE, lastRpcTime:1119, electionTimeout:1119ms
2019-09-28 01:13:04,623 [Thread-297] INFO  impl.RoleInfo (RoleInfo.java:shutdownFollowerState(121)) - 8a2f89dc-5374-4145-86d1-b1660ecca13e: shutdown FollowerState
2019-09-28 01:13:04,623 [Thread-297] INFO  impl.RaftServerImpl (RaftServerImpl.java:setRole(174)) - 8a2f89dc-5374-4145-86d1-b1660ecca13e@group-12ECA8CC5672: changes role from  FOLLOWER to CANDIDATE at term 0 for changeToCandidate
2019-09-28 01:13:04,624 [Thread-297] INFO  impl.RoleInfo (RoleInfo.java:updateAndGet(143)) - 8a2f89dc-5374-4145-86d1-b1660ecca13e: start LeaderElection
2019-09-28 01:13:04,643 [8a2f89dc-5374-4145-86d1-b1660ecca13e@group-12ECA8CC5672:LeaderElection5] INFO  impl.LeaderElection (LeaderElection.java:askForVotes(182)) - 8a2f89dc-5374-4145-86d1-b1660ecca13e@group-12ECA8CC5672:LeaderElection5: begin an election at term 1 for -1: [8a2f89dc-5374-4145-86d1-b1660ecca13e:192.168.151.82:46179], old=null
2019-09-28 01:13:04,643 [8a2f89dc-5374-4145-86d1-b1660ecca13e@group-12ECA8CC5672:LeaderElection5] INFO  impl.RoleInfo (RoleInfo.java:shutdownLeaderElection(134)) - 8a2f89dc-5374-4145-86d1-b1660ecca13e: shutdown LeaderElection
2019-09-28 01:13:04,643 [8a2f89dc-5374-4145-86d1-b1660ecca13e@group-12ECA8CC5672:LeaderElection5] INFO  impl.RaftServerImpl (RaftServerImpl.java:setRole(174)) - 8a2f89dc-5374-4145-86d1-b1660ecca13e@group-12ECA8CC5672: changes role from CANDIDATE to LEADER at term 1 for changeToLeader
2019-09-28 01:13:04,643 [8a2f89dc-5374-4145-86d1-b1660ecca13e@group-12ECA8CC5672:LeaderElection5] INFO  impl.RaftServerImpl (ServerState.java:setLeader(253)) - 8a2f89dc-5374-4145-86d1-b1660ecca13e@group-12ECA8CC5672: change Leader from null to 8a2f89dc-5374-4145-86d1-b1660ecca13e at term 1 for becomeLeader, leader elected after 1314ms
2019-09-28 01:13:04,644 [8a2f89dc-5374-4145-86d1-b1660ecca13e@group-12ECA8CC5672:LeaderElection5] INFO  server.RaftServerConfigKeys (ConfUtils.java:logGet(43)) - raft.server.staging.catchup.gap = 1000 (default)
2019-09-28 01:13:04,644 [8a2f89dc-5374-4145-86d1-b1660ecca13e@group-12ECA8CC5672:LeaderElection5] INFO  server.RaftServerConfigKeys (ConfUtils.java:logGet(43)) - raft.server.rpc.sleep.time = 25ms (default)
2019-09-28 01:13:04,644 [8a2f89dc-5374-4145-86d1-b1660ecca13e@group-12ECA8CC5672:LeaderElection5] INFO  server.RaftServerConfigKeys (ConfUtils.java:logGet(43)) - raft.server.write.element-limit = 4096 (default)
2019-09-28 01:13:04,644 [8a2f89dc-5374-4145-86d1-b1660ecca13e@group-12ECA8CC5672:LeaderElection5] INFO  server.RaftServerConfigKeys (ConfUtils.java:logGet(43)) - raft.server.watch.timeout = 10s (default)
2019-09-28 01:13:04,644 [8a2f89dc-5374-4145-86d1-b1660ecca13e@group-12ECA8CC5672:LeaderElection5] INFO  server.RaftServerConfigKeys (ConfUtils.java:logGet(43)) - raft.server.watch.timeout.denomination = 1s (default)
2019-09-28 01:13:04,645 [8a2f89dc-5374-4145-86d1-b1660ecca13e@group-12ECA8CC5672:LeaderElection5] INFO  server.RaftServerConfigKeys (ConfUtils.java:logGet(43)) - raft.server.watch.element-limit = 65536 (default)
2019-09-28 01:13:04,648 [8a2f89dc-5374-4145-86d1-b1660ecca13e@group-12ECA8CC5672:LeaderElection5] INFO  impl.RoleInfo (RoleInfo.java:updateAndGet(143)) - 8a2f89dc-5374-4145-86d1-b1660ecca13e: start LeaderState
2019-09-28 01:13:04,649 [8a2f89dc-5374-4145-86d1-b1660ecca13e@group-12ECA8CC5672:LeaderElection5] INFO  segmented.SegmentedRaftLogWorker (SegmentedRaftLogWorker.java:startLogSegment(380)) - 8a2f89dc-5374-4145-86d1-b1660ecca13e@group-12ECA8CC5672-SegmentedRaftLogWorker: Starting segment from index:0
2019-09-28 01:13:04,649 [8a2f89dc-5374-4145-86d1-b1660ecca13e@group-12ECA8CC5672:LeaderElection5] INFO  impl.RaftServerImpl (ServerState.java:setRaftConf(354)) - 8a2f89dc-5374-4145-86d1-b1660ecca13e@group-12ECA8CC5672: set configuration 0: [8a2f89dc-5374-4145-86d1-b1660ecca13e:192.168.151.82:46179], old=null at 0
2019-09-28 01:13:04,698 [8a2f89dc-5374-4145-86d1-b1660ecca13e@group-12ECA8CC5672-SegmentedRaftLogWorker] INFO  segmented.SegmentedRaftLogWorker (SegmentedRaftLogWorker.java:execute(569)) - 8a2f89dc-5374-4145-86d1-b1660ecca13e@group-12ECA8CC5672-SegmentedRaftLogWorker: created new log segment /workdir/hadoop-ozone/integration-test/target/test-dir/MiniOzoneClusterImpl-fa4977c4-dda7-4050-b4ba-2f9fed17fcef/datanode-3/data/ratis/54f8bcca-8165-49b1-afe8-12eca8cc5672/current/log_inprogress_0
2019-09-28 01:13:04,749 [Thread-303] INFO  impl.FollowerState (FollowerState.java:run(106)) - cab9505b-c3df-4889-be4c-e0933a387faa:group-C9F0DCFCE7A9 changes to CANDIDATE, lastRpcTime:1072, electionTimeout:1064ms
2019-09-28 01:13:04,775 [Thread-300] INFO  impl.FollowerState (FollowerState.java:run(106)) - d2027d58-a939-4807-998f-7c487ceff365:group-10710D6A9C3C changes to CANDIDATE, lastRpcTime:1187, electionTimeout:1164ms
2019-09-28 01:13:04,776 [Thread-303] INFO  impl.RoleInfo (RoleInfo.java:shutdownFollowerState(121)) - cab9505b-c3df-4889-be4c-e0933a387faa: shutdown FollowerState
2019-09-28 01:13:04,776 [Thread-300] INFO  impl.RoleInfo (RoleInfo.java:shutdownFollowerState(121)) - d2027d58-a939-4807-998f-7c487ceff365: shutdown FollowerState
2019-09-28 01:13:04,776 [Thread-303] INFO  impl.RaftServerImpl (RaftServerImpl.java:setRole(174)) - cab9505b-c3df-4889-be4c-e0933a387faa@group-C9F0DCFCE7A9: changes role from  FOLLOWER to CANDIDATE at term 0 for changeToCandidate
2019-09-28 01:13:04,778 [Thread-300] INFO  impl.RaftServerImpl (RaftServerImpl.java:setRole(174)) - d2027d58-a939-4807-998f-7c487ceff365@group-10710D6A9C3C: changes role from  FOLLOWER to CANDIDATE at term 0 for changeToCandidate
2019-09-28 01:13:04,779 [Thread-303] INFO  impl.RoleInfo (RoleInfo.java:updateAndGet(143)) - cab9505b-c3df-4889-be4c-e0933a387faa: start LeaderElection
2019-09-28 01:13:04,779 [Thread-300] INFO  impl.RoleInfo (RoleInfo.java:updateAndGet(143)) - d2027d58-a939-4807-998f-7c487ceff365: start LeaderElection
2019-09-28 01:13:04,797 [Thread-306] INFO  impl.FollowerState (FollowerState.java:run(106)) - 8bf5c620-efb5-49b6-a768-f4179fc43006:group-ED113BF3DDD9 changes to CANDIDATE, lastRpcTime:1066, electionTimeout:1066ms
2019-09-28 01:13:04,797 [Thread-306] INFO  impl.RoleInfo (RoleInfo.java:shutdownFollowerState(121)) - 8bf5c620-efb5-49b6-a768-f4179fc43006: shutdown FollowerState
2019-09-28 01:13:04,797 [Thread-306] INFO  impl.RaftServerImpl (RaftServerImpl.java:setRole(174)) - 8bf5c620-efb5-49b6-a768-f4179fc43006@group-ED113BF3DDD9: changes role from  FOLLOWER to CANDIDATE at term 0 for changeToCandidate
2019-09-28 01:13:04,798 [main] INFO  ipc.Client (Client.java:handleConnectionFailure(948)) - Retrying connect to server: localhost/127.0.0.1:0. Already tried 0 time(s); retry policy is RetryUpToMaximumCountWithFixedSleep(maxRetries=10, sleepTime=1000 MILLISECONDS)
2019-09-28 01:13:04,802 [d2027d58-a939-4807-998f-7c487ceff365@group-10710D6A9C3C:LeaderElection7] INFO  impl.LeaderElection (LeaderElection.java:askForVotes(182)) - d2027d58-a939-4807-998f-7c487ceff365@group-10710D6A9C3C:LeaderElection7: begin an election at term 1 for -1: [d2027d58-a939-4807-998f-7c487ceff365:192.168.151.82:43961], old=null
2019-09-28 01:13:04,802 [cab9505b-c3df-4889-be4c-e0933a387faa@group-C9F0DCFCE7A9:LeaderElection6] INFO  impl.LeaderElection (LeaderElection.java:askForVotes(182)) - cab9505b-c3df-4889-be4c-e0933a387faa@group-C9F0DCFCE7A9:LeaderElection6: begin an election at term 1 for -1: [cab9505b-c3df-4889-be4c-e0933a387faa:192.168.151.82:36450], old=null
2019-09-28 01:13:04,802 [d2027d58-a939-4807-998f-7c487ceff365@group-10710D6A9C3C:LeaderElection7] INFO  impl.RoleInfo (RoleInfo.java:shutdownLeaderElection(134)) - d2027d58-a939-4807-998f-7c487ceff365: shutdown LeaderElection
2019-09-28 01:13:04,803 [cab9505b-c3df-4889-be4c-e0933a387faa@group-C9F0DCFCE7A9:LeaderElection6] INFO  impl.RoleInfo (RoleInfo.java:shutdownLeaderElection(134)) - cab9505b-c3df-4889-be4c-e0933a387faa: shutdown LeaderElection
2019-09-28 01:13:04,803 [d2027d58-a939-4807-998f-7c487ceff365@group-10710D6A9C3C:LeaderElection7] INFO  impl.RaftServerImpl (RaftServerImpl.java:setRole(174)) - d2027d58-a939-4807-998f-7c487ceff365@group-10710D6A9C3C: changes role from CANDIDATE to LEADER at term 1 for changeToLeader
2019-09-28 01:13:04,803 [cab9505b-c3df-4889-be4c-e0933a387faa@group-C9F0DCFCE7A9:LeaderElection6] INFO  impl.RaftServerImpl (RaftServerImpl.java:setRole(174)) - cab9505b-c3df-4889-be4c-e0933a387faa@group-C9F0DCFCE7A9: changes role from CANDIDATE to LEADER at term 1 for changeToLeader
2019-09-28 01:13:04,803 [d2027d58-a939-4807-998f-7c487ceff365@group-10710D6A9C3C:LeaderElection7] INFO  impl.RaftServerImpl (ServerState.java:setLeader(253)) - d2027d58-a939-4807-998f-7c487ceff365@group-10710D6A9C3C: change Leader from null to d2027d58-a939-4807-998f-7c487ceff365 at term 1 for becomeLeader, leader elected after 1223ms
2019-09-28 01:13:04,803 [cab9505b-c3df-4889-be4c-e0933a387faa@group-C9F0DCFCE7A9:LeaderElection6] INFO  impl.RaftServerImpl (ServerState.java:setLeader(253)) - cab9505b-c3df-4889-be4c-e0933a387faa@group-C9F0DCFCE7A9: change Leader from null to cab9505b-c3df-4889-be4c-e0933a387faa at term 1 for becomeLeader, leader elected after 1153ms
2019-09-28 01:13:04,803 [d2027d58-a939-4807-998f-7c487ceff365@group-10710D6A9C3C:LeaderElection7] INFO  server.RaftServerConfigKeys (ConfUtils.java:logGet(43)) - raft.server.staging.catchup.gap = 1000 (default)
2019-09-28 01:13:04,803 [cab9505b-c3df-4889-be4c-e0933a387faa@group-C9F0DCFCE7A9:LeaderElection6] INFO  server.RaftServerConfigKeys (ConfUtils.java:logGet(43)) - raft.server.staging.catchup.gap = 1000 (default)
2019-09-28 01:13:04,804 [d2027d58-a939-4807-998f-7c487ceff365@group-10710D6A9C3C:LeaderElection7] INFO  server.RaftServerConfigKeys (ConfUtils.java:logGet(43)) - raft.server.rpc.sleep.time = 25ms (default)
2019-09-28 01:13:04,804 [cab9505b-c3df-4889-be4c-e0933a387faa@group-C9F0DCFCE7A9:LeaderElection6] INFO  server.RaftServerConfigKeys (ConfUtils.java:logGet(43)) - raft.server.rpc.sleep.time = 25ms (default)
2019-09-28 01:13:04,827 [cab9505b-c3df-4889-be4c-e0933a387faa@group-C9F0DCFCE7A9:LeaderElection6] INFO  server.RaftServerConfigKeys (ConfUtils.java:logGet(43)) - raft.server.write.element-limit = 4096 (default)
2019-09-28 01:13:04,827 [Thread-306] INFO  impl.RoleInfo (RoleInfo.java:updateAndGet(143)) - 8bf5c620-efb5-49b6-a768-f4179fc43006: start LeaderElection
2019-09-28 01:13:04,827 [d2027d58-a939-4807-998f-7c487ceff365@group-10710D6A9C3C:LeaderElection7] INFO  server.RaftServerConfigKeys (ConfUtils.java:logGet(43)) - raft.server.write.element-limit = 4096 (default)
2019-09-28 01:13:04,827 [cab9505b-c3df-4889-be4c-e0933a387faa@group-C9F0DCFCE7A9:LeaderElection6] INFO  server.RaftServerConfigKeys (ConfUtils.java:logGet(43)) - raft.server.watch.timeout = 10s (default)
2019-09-28 01:13:04,828 [d2027d58-a939-4807-998f-7c487ceff365@group-10710D6A9C3C:LeaderElection7] INFO  server.RaftServerConfigKeys (ConfUtils.java:logGet(43)) - raft.server.watch.timeout = 10s (default)
2019-09-28 01:13:04,830 [cab9505b-c3df-4889-be4c-e0933a387faa@group-C9F0DCFCE7A9:LeaderElection6] INFO  server.RaftServerConfigKeys (ConfUtils.java:logGet(43)) - raft.server.watch.timeout.denomination = 1s (default)
2019-09-28 01:13:04,839 [d2027d58-a939-4807-998f-7c487ceff365@group-10710D6A9C3C:LeaderElection7] INFO  server.RaftServerConfigKeys (ConfUtils.java:logGet(43)) - raft.server.watch.timeout.denomination = 1s (default)
2019-09-28 01:13:04,840 [cab9505b-c3df-4889-be4c-e0933a387faa@group-C9F0DCFCE7A9:LeaderElection6] INFO  server.RaftServerConfigKeys (ConfUtils.java:logGet(43)) - raft.server.watch.element-limit = 65536 (default)
2019-09-28 01:13:04,840 [d2027d58-a939-4807-998f-7c487ceff365@group-10710D6A9C3C:LeaderElection7] INFO  server.RaftServerConfigKeys (ConfUtils.java:logGet(43)) - raft.server.watch.element-limit = 65536 (default)
2019-09-28 01:13:04,856 [8bf5c620-efb5-49b6-a768-f4179fc43006@group-ED113BF3DDD9:LeaderElection8] INFO  impl.LeaderElection (LeaderElection.java:askForVotes(182)) - 8bf5c620-efb5-49b6-a768-f4179fc43006@group-ED113BF3DDD9:LeaderElection8: begin an election at term 1 for -1: [8bf5c620-efb5-49b6-a768-f4179fc43006:192.168.151.82:41397], old=null
2019-09-28 01:13:04,856 [8bf5c620-efb5-49b6-a768-f4179fc43006@group-ED113BF3DDD9:LeaderElection8] INFO  impl.RoleInfo (RoleInfo.java:shutdownLeaderElection(134)) - 8bf5c620-efb5-49b6-a768-f4179fc43006: shutdown LeaderElection
2019-09-28 01:13:04,856 [8bf5c620-efb5-49b6-a768-f4179fc43006@group-ED113BF3DDD9:LeaderElection8] INFO  impl.RaftServerImpl (RaftServerImpl.java:setRole(174)) - 8bf5c620-efb5-49b6-a768-f4179fc43006@group-ED113BF3DDD9: changes role from CANDIDATE to LEADER at term 1 for changeToLeader
2019-09-28 01:13:04,856 [8bf5c620-efb5-49b6-a768-f4179fc43006@group-ED113BF3DDD9:LeaderElection8] INFO  impl.RaftServerImpl (ServerState.java:setLeader(253)) - 8bf5c620-efb5-49b6-a768-f4179fc43006@group-ED113BF3DDD9: change Leader from null to 8bf5c620-efb5-49b6-a768-f4179fc43006 at term 1 for becomeLeader, leader elected after 1132ms
2019-09-28 01:13:04,861 [8bf5c620-efb5-49b6-a768-f4179fc43006@group-ED113BF3DDD9:LeaderElection8] INFO  server.RaftServerConfigKeys (ConfUtils.java:logGet(43)) - raft.server.staging.catchup.gap = 1000 (default)
2019-09-28 01:13:04,863 [8bf5c620-efb5-49b6-a768-f4179fc43006@group-ED113BF3DDD9:LeaderElection8] INFO  server.RaftServerConfigKeys (ConfUtils.java:logGet(43)) - raft.server.rpc.sleep.time = 25ms (default)
2019-09-28 01:13:04,863 [8bf5c620-efb5-49b6-a768-f4179fc43006@group-ED113BF3DDD9:LeaderElection8] INFO  server.RaftServerConfigKeys (ConfUtils.java:logGet(43)) - raft.server.write.element-limit = 4096 (default)
2019-09-28 01:13:04,863 [8bf5c620-efb5-49b6-a768-f4179fc43006@group-ED113BF3DDD9:LeaderElection8] INFO  server.RaftServerConfigKeys (ConfUtils.java:logGet(43)) - raft.server.watch.timeout = 10s (default)
2019-09-28 01:13:04,863 [8bf5c620-efb5-49b6-a768-f4179fc43006@group-ED113BF3DDD9:LeaderElection8] INFO  server.RaftServerConfigKeys (ConfUtils.java:logGet(43)) - raft.server.watch.timeout.denomination = 1s (default)
2019-09-28 01:13:04,864 [8bf5c620-efb5-49b6-a768-f4179fc43006@group-ED113BF3DDD9:LeaderElection8] INFO  server.RaftServerConfigKeys (ConfUtils.java:logGet(43)) - raft.server.watch.element-limit = 65536 (default)
2019-09-28 01:13:04,872 [Thread-311] INFO  impl.FollowerState (FollowerState.java:run(106)) - e82472fe-71fb-4472-b416-5021845f2f54:group-D17466559F7D changes to CANDIDATE, lastRpcTime:1050, electionTimeout:1050ms
2019-09-28 01:13:04,873 [Thread-311] INFO  impl.RoleInfo (RoleInfo.java:shutdownFollowerState(121)) - e82472fe-71fb-4472-b416-5021845f2f54: shutdown FollowerState
2019-09-28 01:13:04,873 [Thread-311] INFO  impl.RaftServerImpl (RaftServerImpl.java:setRole(174)) - e82472fe-71fb-4472-b416-5021845f2f54@group-D17466559F7D: changes role from  FOLLOWER to CANDIDATE at term 0 for changeToCandidate
2019-09-28 01:13:04,894 [Thread-311] INFO  impl.RoleInfo (RoleInfo.java:updateAndGet(143)) - e82472fe-71fb-4472-b416-5021845f2f54: start LeaderElection
2019-09-28 01:13:04,956 [e82472fe-71fb-4472-b416-5021845f2f54@group-D17466559F7D:LeaderElection9] INFO  impl.LeaderElection (LeaderElection.java:askForVotes(182)) - e82472fe-71fb-4472-b416-5021845f2f54@group-D17466559F7D:LeaderElection9: begin an election at term 1 for -1: [e82472fe-71fb-4472-b416-5021845f2f54:192.168.151.82:44038], old=null
2019-09-28 01:13:04,958 [e82472fe-71fb-4472-b416-5021845f2f54@group-D17466559F7D:LeaderElection9] INFO  impl.RoleInfo (RoleInfo.java:shutdownLeaderElection(134)) - e82472fe-71fb-4472-b416-5021845f2f54: shutdown LeaderElection
2019-09-28 01:13:04,958 [e82472fe-71fb-4472-b416-5021845f2f54@group-D17466559F7D:LeaderElection9] INFO  impl.RaftServerImpl (RaftServerImpl.java:setRole(174)) - e82472fe-71fb-4472-b416-5021845f2f54@group-D17466559F7D: changes role from CANDIDATE to LEADER at term 1 for changeToLeader
2019-09-28 01:13:04,959 [e82472fe-71fb-4472-b416-5021845f2f54@group-D17466559F7D:LeaderElection9] INFO  impl.RaftServerImpl (ServerState.java:setLeader(253)) - e82472fe-71fb-4472-b416-5021845f2f54@group-D17466559F7D: change Leader from null to e82472fe-71fb-4472-b416-5021845f2f54 at term 1 for becomeLeader, leader elected after 1143ms
2019-09-28 01:13:04,959 [e82472fe-71fb-4472-b416-5021845f2f54@group-D17466559F7D:LeaderElection9] INFO  server.RaftServerConfigKeys (ConfUtils.java:logGet(43)) - raft.server.staging.catchup.gap = 1000 (default)
2019-09-28 01:13:04,959 [e82472fe-71fb-4472-b416-5021845f2f54@group-D17466559F7D:LeaderElection9] INFO  server.RaftServerConfigKeys (ConfUtils.java:logGet(43)) - raft.server.rpc.sleep.time = 25ms (default)
2019-09-28 01:13:04,988 [e82472fe-71fb-4472-b416-5021845f2f54@group-D17466559F7D:LeaderElection9] INFO  server.RaftServerConfigKeys (ConfUtils.java:logGet(43)) - raft.server.write.element-limit = 4096 (default)
2019-09-28 01:13:04,988 [e82472fe-71fb-4472-b416-5021845f2f54@group-D17466559F7D:LeaderElection9] INFO  server.RaftServerConfigKeys (ConfUtils.java:logGet(43)) - raft.server.watch.timeout = 10s (default)
2019-09-28 01:13:04,989 [e82472fe-71fb-4472-b416-5021845f2f54@group-D17466559F7D:LeaderElection9] INFO  server.RaftServerConfigKeys (ConfUtils.java:logGet(43)) - raft.server.watch.timeout.denomination = 1s (default)
2019-09-28 01:13:04,989 [e82472fe-71fb-4472-b416-5021845f2f54@group-D17466559F7D:LeaderElection9] INFO  server.RaftServerConfigKeys (ConfUtils.java:logGet(43)) - raft.server.watch.element-limit = 65536 (default)
2019-09-28 01:13:05,098 [Thread-326] INFO  impl.FollowerState (FollowerState.java:run(106)) - d8ea7beb-83bc-4703-8607-f43fb93ff04f:group-3679665D126C changes to CANDIDATE, lastRpcTime:1038, electionTimeout:1034ms
2019-09-28 01:13:05,099 [Thread-326] INFO  impl.RoleInfo (RoleInfo.java:shutdownFollowerState(121)) - d8ea7beb-83bc-4703-8607-f43fb93ff04f: shutdown FollowerState
2019-09-28 01:13:05,099 [Thread-326] INFO  impl.RaftServerImpl (RaftServerImpl.java:setRole(174)) - d8ea7beb-83bc-4703-8607-f43fb93ff04f@group-3679665D126C: changes role from  FOLLOWER to CANDIDATE at term 0 for changeToCandidate
2019-09-28 01:13:05,119 [Thread-315] INFO  impl.FollowerState (FollowerState.java:run(106)) - 302d3587-349c-4e62-abb8-2673f37c3eec:group-A0C798E7F315 changes to CANDIDATE, lastRpcTime:1196, electionTimeout:1196ms
2019-09-28 01:13:05,119 [Thread-315] INFO  impl.RoleInfo (RoleInfo.java:shutdownFollowerState(121)) - 302d3587-349c-4e62-abb8-2673f37c3eec: shutdown FollowerState
2019-09-28 01:13:05,119 [Thread-315] INFO  impl.RaftServerImpl (RaftServerImpl.java:setRole(174)) - 302d3587-349c-4e62-abb8-2673f37c3eec@group-A0C798E7F315: changes role from  FOLLOWER to CANDIDATE at term 0 for changeToCandidate
2019-09-28 01:13:05,125 [Thread-315] INFO  impl.RoleInfo (RoleInfo.java:updateAndGet(143)) - 302d3587-349c-4e62-abb8-2673f37c3eec: start LeaderElection
2019-09-28 01:13:05,125 [Thread-326] INFO  impl.RoleInfo (RoleInfo.java:updateAndGet(143)) - d8ea7beb-83bc-4703-8607-f43fb93ff04f: start LeaderElection
2019-09-28 01:13:05,131 [Thread-322] INFO  impl.FollowerState (FollowerState.java:run(106)) - 726dacf1-2c06-45a9-9365-4f0196171786:group-3679665D126C changes to CANDIDATE, lastRpcTime:1076, electionTimeout:1071ms
2019-09-28 01:13:05,131 [Thread-324] INFO  impl.FollowerState (FollowerState.java:run(106)) - 7ca580e1-9483-43e9-999f-08065f5f46f8:group-3679665D126C changes to CANDIDATE, lastRpcTime:1075, electionTimeout:1074ms
2019-09-28 01:13:05,134 [Thread-324] INFO  impl.RoleInfo (RoleInfo.java:shutdownFollowerState(121)) - 7ca580e1-9483-43e9-999f-08065f5f46f8: shutdown FollowerState
2019-09-28 01:13:05,134 [Thread-322] INFO  impl.RoleInfo (RoleInfo.java:shutdownFollowerState(121)) - 726dacf1-2c06-45a9-9365-4f0196171786: shutdown FollowerState
2019-09-28 01:13:05,134 [Thread-324] INFO  impl.RaftServerImpl (RaftServerImpl.java:setRole(174)) - 7ca580e1-9483-43e9-999f-08065f5f46f8@group-3679665D126C: changes role from  FOLLOWER to CANDIDATE at term 0 for changeToCandidate
2019-09-28 01:13:05,134 [Thread-322] INFO  impl.RaftServerImpl (RaftServerImpl.java:setRole(174)) - 726dacf1-2c06-45a9-9365-4f0196171786@group-3679665D126C: changes role from  FOLLOWER to CANDIDATE at term 0 for changeToCandidate
2019-09-28 01:13:05,135 [Thread-324] INFO  impl.RoleInfo (RoleInfo.java:updateAndGet(143)) - 7ca580e1-9483-43e9-999f-08065f5f46f8: start LeaderElection
2019-09-28 01:13:05,135 [Thread-322] INFO  impl.RoleInfo (RoleInfo.java:updateAndGet(143)) - 726dacf1-2c06-45a9-9365-4f0196171786: start LeaderElection
2019-09-28 01:13:05,159 [302d3587-349c-4e62-abb8-2673f37c3eec@group-A0C798E7F315:LeaderElection11] INFO  impl.LeaderElection (LeaderElection.java:askForVotes(182)) - 302d3587-349c-4e62-abb8-2673f37c3eec@group-A0C798E7F315:LeaderElection11: begin an election at term 1 for -1: [302d3587-349c-4e62-abb8-2673f37c3eec:192.168.151.82:36453], old=null
2019-09-28 01:13:05,159 [d8ea7beb-83bc-4703-8607-f43fb93ff04f@group-3679665D126C:LeaderElection10] INFO  impl.LeaderElection (LeaderElection.java:askForVotes(182)) - d8ea7beb-83bc-4703-8607-f43fb93ff04f@group-3679665D126C:LeaderElection10: begin an election at term 1 for -1: [7ca580e1-9483-43e9-999f-08065f5f46f8:192.168.151.82:39513, 726dacf1-2c06-45a9-9365-4f0196171786:192.168.151.82:39922, d8ea7beb-83bc-4703-8607-f43fb93ff04f:192.168.151.82:34522], old=null
2019-09-28 01:13:05,159 [726dacf1-2c06-45a9-9365-4f0196171786@group-3679665D126C:LeaderElection13] INFO  impl.LeaderElection (LeaderElection.java:askForVotes(182)) - 726dacf1-2c06-45a9-9365-4f0196171786@group-3679665D126C:LeaderElection13: begin an election at term 1 for -1: [7ca580e1-9483-43e9-999f-08065f5f46f8:192.168.151.82:39513, 726dacf1-2c06-45a9-9365-4f0196171786:192.168.151.82:39922, d8ea7beb-83bc-4703-8607-f43fb93ff04f:192.168.151.82:34522], old=null
2019-09-28 01:13:05,159 [302d3587-349c-4e62-abb8-2673f37c3eec@group-A0C798E7F315:LeaderElection11] INFO  impl.RoleInfo (RoleInfo.java:shutdownLeaderElection(134)) - 302d3587-349c-4e62-abb8-2673f37c3eec: shutdown LeaderElection
2019-09-28 01:13:05,160 [302d3587-349c-4e62-abb8-2673f37c3eec@group-A0C798E7F315:LeaderElection11] INFO  impl.RaftServerImpl (RaftServerImpl.java:setRole(174)) - 302d3587-349c-4e62-abb8-2673f37c3eec@group-A0C798E7F315: changes role from CANDIDATE to LEADER at term 1 for changeToLeader
2019-09-28 01:13:05,160 [302d3587-349c-4e62-abb8-2673f37c3eec@group-A0C798E7F315:LeaderElection11] INFO  impl.RaftServerImpl (ServerState.java:setLeader(253)) - 302d3587-349c-4e62-abb8-2673f37c3eec@group-A0C798E7F315: change Leader from null to 302d3587-349c-4e62-abb8-2673f37c3eec at term 1 for becomeLeader, leader elected after 1249ms
2019-09-28 01:13:05,160 [302d3587-349c-4e62-abb8-2673f37c3eec@group-A0C798E7F315:LeaderElection11] INFO  server.RaftServerConfigKeys (ConfUtils.java:logGet(43)) - raft.server.staging.catchup.gap = 1000 (default)
2019-09-28 01:13:05,160 [302d3587-349c-4e62-abb8-2673f37c3eec@group-A0C798E7F315:LeaderElection11] INFO  server.RaftServerConfigKeys (ConfUtils.java:logGet(43)) - raft.server.rpc.sleep.time = 25ms (default)
2019-09-28 01:13:05,172 [302d3587-349c-4e62-abb8-2673f37c3eec@group-A0C798E7F315:LeaderElection11] INFO  server.RaftServerConfigKeys (ConfUtils.java:logGet(43)) - raft.server.write.element-limit = 4096 (default)
2019-09-28 01:13:05,173 [302d3587-349c-4e62-abb8-2673f37c3eec@group-A0C798E7F315:LeaderElection11] INFO  server.RaftServerConfigKeys (ConfUtils.java:logGet(43)) - raft.server.watch.timeout = 10s (default)
2019-09-28 01:13:05,173 [302d3587-349c-4e62-abb8-2673f37c3eec@group-A0C798E7F315:LeaderElection11] INFO  server.RaftServerConfigKeys (ConfUtils.java:logGet(43)) - raft.server.watch.timeout.denomination = 1s (default)
2019-09-28 01:13:05,176 [302d3587-349c-4e62-abb8-2673f37c3eec@group-A0C798E7F315:LeaderElection11] INFO  server.RaftServerConfigKeys (ConfUtils.java:logGet(43)) - raft.server.watch.element-limit = 65536 (default)
2019-09-28 01:13:05,186 [7ca580e1-9483-43e9-999f-08065f5f46f8@group-3679665D126C:LeaderElection12] INFO  impl.LeaderElection (LeaderElection.java:askForVotes(182)) - 7ca580e1-9483-43e9-999f-08065f5f46f8@group-3679665D126C:LeaderElection12: begin an election at term 1 for -1: [7ca580e1-9483-43e9-999f-08065f5f46f8:192.168.151.82:39513, 726dacf1-2c06-45a9-9365-4f0196171786:192.168.151.82:39922, d8ea7beb-83bc-4703-8607-f43fb93ff04f:192.168.151.82:34522], old=null
2019-09-28 01:13:05,193 [Thread-334] INFO  impl.FollowerState (FollowerState.java:run(106)) - 8a2f89dc-5374-4145-86d1-b1660ecca13e:group-F5D139EFAB30 changes to CANDIDATE, lastRpcTime:1004, electionTimeout:1000ms
2019-09-28 01:13:05,193 [Thread-334] INFO  impl.RoleInfo (RoleInfo.java:shutdownFollowerState(121)) - 8a2f89dc-5374-4145-86d1-b1660ecca13e: shutdown FollowerState
2019-09-28 01:13:05,193 [Thread-334] INFO  impl.RaftServerImpl (RaftServerImpl.java:setRole(174)) - 8a2f89dc-5374-4145-86d1-b1660ecca13e@group-F5D139EFAB30: changes role from  FOLLOWER to CANDIDATE at term 0 for changeToCandidate
2019-09-28 01:13:05,203 [Thread-334] INFO  impl.RoleInfo (RoleInfo.java:updateAndGet(143)) - 8a2f89dc-5374-4145-86d1-b1660ecca13e: start LeaderElection
2019-09-28 01:13:05,214 [Thread-335] INFO  impl.FollowerState (FollowerState.java:run(106)) - c5982eae-d64d-4d85-bf8e-680be3da7c97:group-F5D139EFAB30 changes to CANDIDATE, lastRpcTime:1021, electionTimeout:1019ms
2019-09-28 01:13:05,215 [Thread-335] INFO  impl.RoleInfo (RoleInfo.java:shutdownFollowerState(121)) - c5982eae-d64d-4d85-bf8e-680be3da7c97: shutdown FollowerState
2019-09-28 01:13:05,223 [Thread-335] INFO  impl.RaftServerImpl (RaftServerImpl.java:setRole(174)) - c5982eae-d64d-4d85-bf8e-680be3da7c97@group-F5D139EFAB30: changes role from  FOLLOWER to CANDIDATE at term 0 for changeToCandidate
2019-09-28 01:13:05,223 [Thread-335] INFO  impl.RoleInfo (RoleInfo.java:updateAndGet(143)) - c5982eae-d64d-4d85-bf8e-680be3da7c97: start LeaderElection
2019-09-28 01:13:05,254 [8a2f89dc-5374-4145-86d1-b1660ecca13e@group-F5D139EFAB30:LeaderElection14] INFO  impl.LeaderElection (LeaderElection.java:askForVotes(182)) - 8a2f89dc-5374-4145-86d1-b1660ecca13e@group-F5D139EFAB30:LeaderElection14: begin an election at term 1 for -1: [c5982eae-d64d-4d85-bf8e-680be3da7c97:192.168.151.82:39895, 8a2f89dc-5374-4145-86d1-b1660ecca13e:192.168.151.82:46179, d2027d58-a939-4807-998f-7c487ceff365:192.168.151.82:43961], old=null
2019-09-28 01:13:05,254 [c5982eae-d64d-4d85-bf8e-680be3da7c97@group-F5D139EFAB30:LeaderElection15] INFO  impl.LeaderElection (LeaderElection.java:askForVotes(182)) - c5982eae-d64d-4d85-bf8e-680be3da7c97@group-F5D139EFAB30:LeaderElection15: begin an election at term 1 for -1: [c5982eae-d64d-4d85-bf8e-680be3da7c97:192.168.151.82:39895, 8a2f89dc-5374-4145-86d1-b1660ecca13e:192.168.151.82:46179, d2027d58-a939-4807-998f-7c487ceff365:192.168.151.82:43961], old=null
2019-09-28 01:13:05,349 [Thread-344] INFO  impl.FollowerState (FollowerState.java:run(106)) - e82472fe-71fb-4472-b416-5021845f2f54:group-6BFCA60A2FDA changes to CANDIDATE, lastRpcTime:1011, electionTimeout:1003ms
2019-09-28 01:13:05,351 [Thread-329] INFO  impl.FollowerState (FollowerState.java:run(106)) - d2027d58-a939-4807-998f-7c487ceff365:group-F5D139EFAB30 changes to CANDIDATE, lastRpcTime:1176, electionTimeout:1165ms
2019-09-28 01:13:05,352 [Thread-344] INFO  impl.RoleInfo (RoleInfo.java:shutdownFollowerState(121)) - e82472fe-71fb-4472-b416-5021845f2f54: shutdown FollowerState
2019-09-28 01:13:05,354 [Thread-344] INFO  impl.RaftServerImpl (RaftServerImpl.java:setRole(174)) - e82472fe-71fb-4472-b416-5021845f2f54@group-6BFCA60A2FDA: changes role from  FOLLOWER to CANDIDATE at term 0 for changeToCandidate
2019-09-28 01:13:05,354 [Thread-329] INFO  impl.RoleInfo (RoleInfo.java:shutdownFollowerState(121)) - d2027d58-a939-4807-998f-7c487ceff365: shutdown FollowerState
2019-09-28 01:13:05,354 [Thread-344] INFO  impl.RoleInfo (RoleInfo.java:updateAndGet(143)) - e82472fe-71fb-4472-b416-5021845f2f54: start LeaderElection
2019-09-28 01:13:05,357 [Thread-329] INFO  impl.RaftServerImpl (RaftServerImpl.java:setRole(174)) - d2027d58-a939-4807-998f-7c487ceff365@group-F5D139EFAB30: changes role from  FOLLOWER to CANDIDATE at term 0 for changeToCandidate
2019-09-28 01:13:05,365 [Thread-329] INFO  impl.RoleInfo (RoleInfo.java:updateAndGet(143)) - d2027d58-a939-4807-998f-7c487ceff365: start LeaderElection
2019-09-28 01:13:05,383 [Thread-342] INFO  impl.FollowerState (FollowerState.java:run(106)) - cab9505b-c3df-4889-be4c-e0933a387faa:group-6BFCA60A2FDA changes to CANDIDATE, lastRpcTime:1092, electionTimeout:1092ms
2019-09-28 01:13:05,394 [Thread-342] INFO  impl.RoleInfo (RoleInfo.java:shutdownFollowerState(121)) - cab9505b-c3df-4889-be4c-e0933a387faa: shutdown FollowerState
2019-09-28 01:13:05,398 [Thread-342] INFO  impl.RaftServerImpl (RaftServerImpl.java:setRole(174)) - cab9505b-c3df-4889-be4c-e0933a387faa@group-6BFCA60A2FDA: changes role from  FOLLOWER to CANDIDATE at term 0 for changeToCandidate
2019-09-28 01:13:05,398 [Thread-342] INFO  impl.RoleInfo (RoleInfo.java:updateAndGet(143)) - cab9505b-c3df-4889-be4c-e0933a387faa: start LeaderElection
2019-09-28 01:13:05,398 [e82472fe-71fb-4472-b416-5021845f2f54@group-6BFCA60A2FDA:LeaderElection16] INFO  impl.LeaderElection (LeaderElection.java:askForVotes(182)) - e82472fe-71fb-4472-b416-5021845f2f54@group-6BFCA60A2FDA:LeaderElection16: begin an election at term 1 for -1: [cab9505b-c3df-4889-be4c-e0933a387faa:192.168.151.82:36450, 8bf5c620-efb5-49b6-a768-f4179fc43006:192.168.151.82:41397, e82472fe-71fb-4472-b416-5021845f2f54:192.168.151.82:44038], old=null
2019-09-28 01:13:05,422 [d2027d58-a939-4807-998f-7c487ceff365@group-F5D139EFAB30:LeaderElection17] INFO  impl.LeaderElection (LeaderElection.java:askForVotes(182)) - d2027d58-a939-4807-998f-7c487ceff365@group-F5D139EFAB30:LeaderElection17: begin an election at term 1 for -1: [c5982eae-d64d-4d85-bf8e-680be3da7c97:192.168.151.82:39895, 8a2f89dc-5374-4145-86d1-b1660ecca13e:192.168.151.82:46179, d2027d58-a939-4807-998f-7c487ceff365:192.168.151.82:43961], old=null
2019-09-28 01:13:05,444 [cab9505b-c3df-4889-be4c-e0933a387faa@group-6BFCA60A2FDA:LeaderElection18] INFO  impl.LeaderElection (LeaderElection.java:askForVotes(182)) - cab9505b-c3df-4889-be4c-e0933a387faa@group-6BFCA60A2FDA:LeaderElection18: begin an election at term 1 for -1: [cab9505b-c3df-4889-be4c-e0933a387faa:192.168.151.82:36450, 8bf5c620-efb5-49b6-a768-f4179fc43006:192.168.151.82:41397, e82472fe-71fb-4472-b416-5021845f2f54:192.168.151.82:44038], old=null
2019-09-28 01:13:05,457 [d8ea7beb-83bc-4703-8607-f43fb93ff04f@group-3679665D126C:LeaderElection10] INFO  impl.LeaderElection (LeaderElection.java:logAndReturn(56)) - d8ea7beb-83bc-4703-8607-f43fb93ff04f@group-3679665D126C:LeaderElection10: Election REJECTED; received 2 response(s) [d8ea7beb-83bc-4703-8607-f43fb93ff04f<-7ca580e1-9483-43e9-999f-08065f5f46f8#0:FAIL-t1, d8ea7beb-83bc-4703-8607-f43fb93ff04f<-726dacf1-2c06-45a9-9365-4f0196171786#0:FAIL-t1] and 0 exception(s); d8ea7beb-83bc-4703-8607-f43fb93ff04f@group-3679665D126C:t1, leader=null, voted=d8ea7beb-83bc-4703-8607-f43fb93ff04f, raftlog=d8ea7beb-83bc-4703-8607-f43fb93ff04f@group-3679665D126C-SegmentedRaftLog:OPENED:c-1,f-1,i0, conf=-1: [7ca580e1-9483-43e9-999f-08065f5f46f8:192.168.151.82:39513, 726dacf1-2c06-45a9-9365-4f0196171786:192.168.151.82:39922, d8ea7beb-83bc-4703-8607-f43fb93ff04f:192.168.151.82:34522], old=null
2019-09-28 01:13:05,457 [726dacf1-2c06-45a9-9365-4f0196171786@group-3679665D126C:LeaderElection13] INFO  impl.LeaderElection (LeaderElection.java:logAndReturn(56)) - 726dacf1-2c06-45a9-9365-4f0196171786@group-3679665D126C:LeaderElection13: Election REJECTED; received 2 response(s) [726dacf1-2c06-45a9-9365-4f0196171786<-7ca580e1-9483-43e9-999f-08065f5f46f8#0:FAIL-t1, 726dacf1-2c06-45a9-9365-4f0196171786<-d8ea7beb-83bc-4703-8607-f43fb93ff04f#0:FAIL-t1] and 0 exception(s); 726dacf1-2c06-45a9-9365-4f0196171786@group-3679665D126C:t1, leader=null, voted=726dacf1-2c06-45a9-9365-4f0196171786, raftlog=726dacf1-2c06-45a9-9365-4f0196171786@group-3679665D126C-SegmentedRaftLog:OPENED:c-1,f-1,i0, conf=-1: [7ca580e1-9483-43e9-999f-08065f5f46f8:192.168.151.82:39513, 726dacf1-2c06-45a9-9365-4f0196171786:192.168.151.82:39922, d8ea7beb-83bc-4703-8607-f43fb93ff04f:192.168.151.82:34522], old=null
2019-09-28 01:13:05,463 [726dacf1-2c06-45a9-9365-4f0196171786@group-3679665D126C:LeaderElection13] INFO  impl.RaftServerImpl (RaftServerImpl.java:setRole(174)) - 726dacf1-2c06-45a9-9365-4f0196171786@group-3679665D126C: changes role from CANDIDATE to FOLLOWER at term 1 for DISCOVERED_A_NEW_TERM
2019-09-28 01:13:05,465 [d8ea7beb-83bc-4703-8607-f43fb93ff04f@group-3679665D126C:LeaderElection10] INFO  impl.RaftServerImpl (RaftServerImpl.java:setRole(174)) - d8ea7beb-83bc-4703-8607-f43fb93ff04f@group-3679665D126C: changes role from CANDIDATE to FOLLOWER at term 1 for DISCOVERED_A_NEW_TERM
2019-09-28 01:13:05,470 [d8ea7beb-83bc-4703-8607-f43fb93ff04f@group-3679665D126C:LeaderElection10] INFO  impl.RoleInfo (RoleInfo.java:shutdownLeaderElection(134)) - d8ea7beb-83bc-4703-8607-f43fb93ff04f: shutdown LeaderElection
2019-09-28 01:13:05,472 [Thread-345] INFO  impl.FollowerState (FollowerState.java:run(106)) - 8bf5c620-efb5-49b6-a768-f4179fc43006:group-6BFCA60A2FDA changes to CANDIDATE, lastRpcTime:1130, electionTimeout:1130ms
2019-09-28 01:13:05,465 [726dacf1-2c06-45a9-9365-4f0196171786@group-3679665D126C:LeaderElection13] INFO  impl.RoleInfo (RoleInfo.java:shutdownLeaderElection(134)) - 726dacf1-2c06-45a9-9365-4f0196171786: shutdown LeaderElection
2019-09-28 01:13:05,472 [8a2f89dc-5374-4145-86d1-b1660ecca13e@group-F5D139EFAB30:LeaderElection14] INFO  impl.LeaderElection (LeaderElection.java:logAndReturn(56)) - 8a2f89dc-5374-4145-86d1-b1660ecca13e@group-F5D139EFAB30:LeaderElection14: Election REJECTED; received 2 response(s) [8a2f89dc-5374-4145-86d1-b1660ecca13e<-c5982eae-d64d-4d85-bf8e-680be3da7c97#0:FAIL-t1, 8a2f89dc-5374-4145-86d1-b1660ecca13e<-d2027d58-a939-4807-998f-7c487ceff365#0:FAIL-t1] and 0 exception(s); 8a2f89dc-5374-4145-86d1-b1660ecca13e@group-F5D139EFAB30:t1, leader=null, voted=8a2f89dc-5374-4145-86d1-b1660ecca13e, raftlog=8a2f89dc-5374-4145-86d1-b1660ecca13e@group-F5D139EFAB30-SegmentedRaftLog:OPENED:c-1,f-1,i0, conf=-1: [c5982eae-d64d-4d85-bf8e-680be3da7c97:192.168.151.82:39895, 8a2f89dc-5374-4145-86d1-b1660ecca13e:192.168.151.82:46179, d2027d58-a939-4807-998f-7c487ceff365:192.168.151.82:43961], old=null
2019-09-28 01:13:05,473 [Thread-345] INFO  impl.RoleInfo (RoleInfo.java:shutdownFollowerState(121)) - 8bf5c620-efb5-49b6-a768-f4179fc43006: shutdown FollowerState
2019-09-28 01:13:05,473 [8a2f89dc-5374-4145-86d1-b1660ecca13e@group-F5D139EFAB30:LeaderElection14] INFO  impl.RaftServerImpl (RaftServerImpl.java:setRole(174)) - 8a2f89dc-5374-4145-86d1-b1660ecca13e@group-F5D139EFAB30: changes role from CANDIDATE to FOLLOWER at term 1 for DISCOVERED_A_NEW_TERM
2019-09-28 01:13:05,472 [d8ea7beb-83bc-4703-8607-f43fb93ff04f@group-3679665D126C:LeaderElection10] INFO  impl.RoleInfo (RoleInfo.java:updateAndGet(143)) - d8ea7beb-83bc-4703-8607-f43fb93ff04f: start FollowerState
2019-09-28 01:13:05,479 [8a2f89dc-5374-4145-86d1-b1660ecca13e@group-F5D139EFAB30:LeaderElection14] INFO  impl.RoleInfo (RoleInfo.java:shutdownLeaderElection(134)) - 8a2f89dc-5374-4145-86d1-b1660ecca13e: shutdown LeaderElection
2019-09-28 01:13:05,473 [726dacf1-2c06-45a9-9365-4f0196171786@group-3679665D126C:LeaderElection13] INFO  impl.RoleInfo (RoleInfo.java:updateAndGet(143)) - 726dacf1-2c06-45a9-9365-4f0196171786: start FollowerState
2019-09-28 01:13:05,477 [Thread-345] INFO  impl.RaftServerImpl (RaftServerImpl.java:setRole(174)) - 8bf5c620-efb5-49b6-a768-f4179fc43006@group-6BFCA60A2FDA: changes role from  FOLLOWER to CANDIDATE at term 0 for changeToCandidate
2019-09-28 01:13:05,482 [Thread-283] INFO  container.ReplicationManager (ReplicationManager.java:start(162)) - Starting Replication Monitor Thread.
2019-09-28 01:13:05,482 [Thread-345] INFO  impl.RoleInfo (RoleInfo.java:updateAndGet(143)) - 8bf5c620-efb5-49b6-a768-f4179fc43006: start LeaderElection
2019-09-28 01:13:05,485 [8a2f89dc-5374-4145-86d1-b1660ecca13e@group-F5D139EFAB30:LeaderElection14] INFO  impl.RoleInfo (RoleInfo.java:updateAndGet(143)) - 8a2f89dc-5374-4145-86d1-b1660ecca13e: start FollowerState
2019-09-28 01:13:05,495 [c5982eae-d64d-4d85-bf8e-680be3da7c97@group-F5D139EFAB30:LeaderElection15] INFO  impl.LeaderElection (LeaderElection.java:logAndReturn(56)) - c5982eae-d64d-4d85-bf8e-680be3da7c97@group-F5D139EFAB30:LeaderElection15: Election REJECTED; received 2 response(s) [c5982eae-d64d-4d85-bf8e-680be3da7c97<-8a2f89dc-5374-4145-86d1-b1660ecca13e#0:FAIL-t1, c5982eae-d64d-4d85-bf8e-680be3da7c97<-d2027d58-a939-4807-998f-7c487ceff365#0:FAIL-t1] and 0 exception(s); c5982eae-d64d-4d85-bf8e-680be3da7c97@group-F5D139EFAB30:t1, leader=null, voted=c5982eae-d64d-4d85-bf8e-680be3da7c97, raftlog=c5982eae-d64d-4d85-bf8e-680be3da7c97@group-F5D139EFAB30-SegmentedRaftLog:OPENED:c-1,f-1,i0, conf=-1: [c5982eae-d64d-4d85-bf8e-680be3da7c97:192.168.151.82:39895, 8a2f89dc-5374-4145-86d1-b1660ecca13e:192.168.151.82:46179, d2027d58-a939-4807-998f-7c487ceff365:192.168.151.82:43961], old=null
2019-09-28 01:13:05,495 [c5982eae-d64d-4d85-bf8e-680be3da7c97@group-F5D139EFAB30:LeaderElection15] INFO  impl.RaftServerImpl (RaftServerImpl.java:setRole(174)) - c5982eae-d64d-4d85-bf8e-680be3da7c97@group-F5D139EFAB30: changes role from CANDIDATE to FOLLOWER at term 1 for DISCOVERED_A_NEW_TERM
2019-09-28 01:13:05,510 [c5982eae-d64d-4d85-bf8e-680be3da7c97@group-F5D139EFAB30:LeaderElection15] INFO  impl.RoleInfo (RoleInfo.java:shutdownLeaderElection(134)) - c5982eae-d64d-4d85-bf8e-680be3da7c97: shutdown LeaderElection
2019-09-28 01:13:05,510 [c5982eae-d64d-4d85-bf8e-680be3da7c97@group-F5D139EFAB30:LeaderElection15] INFO  impl.RoleInfo (RoleInfo.java:updateAndGet(143)) - c5982eae-d64d-4d85-bf8e-680be3da7c97: start FollowerState
2019-09-28 01:13:05,520 [7ca580e1-9483-43e9-999f-08065f5f46f8@group-3679665D126C:LeaderElection12] INFO  impl.LeaderElection (LeaderElection.java:logAndReturn(56)) - 7ca580e1-9483-43e9-999f-08065f5f46f8@group-3679665D126C:LeaderElection12: Election REJECTED; received 2 response(s) [7ca580e1-9483-43e9-999f-08065f5f46f8<-726dacf1-2c06-45a9-9365-4f0196171786#0:FAIL-t1, 7ca580e1-9483-43e9-999f-08065f5f46f8<-d8ea7beb-83bc-4703-8607-f43fb93ff04f#0:FAIL-t1] and 0 exception(s); 7ca580e1-9483-43e9-999f-08065f5f46f8@group-3679665D126C:t1, leader=null, voted=7ca580e1-9483-43e9-999f-08065f5f46f8, raftlog=7ca580e1-9483-43e9-999f-08065f5f46f8@group-3679665D126C-SegmentedRaftLog:OPENED:c-1,f-1,i0, conf=-1: [7ca580e1-9483-43e9-999f-08065f5f46f8:192.168.151.82:39513, 726dacf1-2c06-45a9-9365-4f0196171786:192.168.151.82:39922, d8ea7beb-83bc-4703-8607-f43fb93ff04f:192.168.151.82:34522], old=null
2019-09-28 01:13:05,530 [8bf5c620-efb5-49b6-a768-f4179fc43006@group-6BFCA60A2FDA:LeaderElection19] INFO  impl.LeaderElection (LeaderElection.java:askForVotes(182)) - 8bf5c620-efb5-49b6-a768-f4179fc43006@group-6BFCA60A2FDA:LeaderElection19: begin an election at term 1 for -1: [cab9505b-c3df-4889-be4c-e0933a387faa:192.168.151.82:36450, 8bf5c620-efb5-49b6-a768-f4179fc43006:192.168.151.82:41397, e82472fe-71fb-4472-b416-5021845f2f54:192.168.151.82:44038], old=null
2019-09-28 01:13:05,531 [7ca580e1-9483-43e9-999f-08065f5f46f8@group-3679665D126C:LeaderElection12] INFO  impl.RaftServerImpl (RaftServerImpl.java:setRole(174)) - 7ca580e1-9483-43e9-999f-08065f5f46f8@group-3679665D126C: changes role from CANDIDATE to FOLLOWER at term 1 for DISCOVERED_A_NEW_TERM
2019-09-28 01:13:05,535 [ReplicationMonitor] INFO  container.ReplicationManager (ReplicationManager.java:run(225)) - Replication Monitor Thread took 16 milliseconds for processing 0 containers.
2019-09-28 01:13:05,536 [7ca580e1-9483-43e9-999f-08065f5f46f8@group-3679665D126C:LeaderElection12] INFO  impl.RoleInfo (RoleInfo.java:shutdownLeaderElection(134)) - 7ca580e1-9483-43e9-999f-08065f5f46f8: shutdown LeaderElection
2019-09-28 01:13:05,536 [7ca580e1-9483-43e9-999f-08065f5f46f8@group-3679665D126C:LeaderElection12] INFO  impl.RoleInfo (RoleInfo.java:updateAndGet(143)) - 7ca580e1-9483-43e9-999f-08065f5f46f8: start FollowerState
2019-09-28 01:13:05,552 [302d3587-349c-4e62-abb8-2673f37c3eec@group-A0C798E7F315:LeaderElection11] INFO  impl.RoleInfo (RoleInfo.java:updateAndGet(143)) - 302d3587-349c-4e62-abb8-2673f37c3eec: start LeaderState
2019-09-28 01:13:05,554 [302d3587-349c-4e62-abb8-2673f37c3eec@group-A0C798E7F315:LeaderElection11] INFO  segmented.SegmentedRaftLogWorker (SegmentedRaftLogWorker.java:startLogSegment(380)) - 302d3587-349c-4e62-abb8-2673f37c3eec@group-A0C798E7F315-SegmentedRaftLogWorker: Starting segment from index:0
2019-09-28 01:13:05,557 [302d3587-349c-4e62-abb8-2673f37c3eec@group-A0C798E7F315:LeaderElection11] INFO  impl.RaftServerImpl (ServerState.java:setRaftConf(354)) - 302d3587-349c-4e62-abb8-2673f37c3eec@group-A0C798E7F315: set configuration 0: [302d3587-349c-4e62-abb8-2673f37c3eec:192.168.151.82:36453], old=null at 0
2019-09-28 01:13:05,558 [e82472fe-71fb-4472-b416-5021845f2f54@group-D17466559F7D:LeaderElection9] INFO  impl.RoleInfo (RoleInfo.java:updateAndGet(143)) - e82472fe-71fb-4472-b416-5021845f2f54: start LeaderState
2019-09-28 01:13:05,559 [e82472fe-71fb-4472-b416-5021845f2f54@group-D17466559F7D:LeaderElection9] INFO  segmented.SegmentedRaftLogWorker (SegmentedRaftLogWorker.java:startLogSegment(380)) - e82472fe-71fb-4472-b416-5021845f2f54@group-D17466559F7D-SegmentedRaftLogWorker: Starting segment from index:0
2019-09-28 01:13:05,559 [8bf5c620-efb5-49b6-a768-f4179fc43006@group-ED113BF3DDD9:LeaderElection8] INFO  impl.RoleInfo (RoleInfo.java:updateAndGet(143)) - 8bf5c620-efb5-49b6-a768-f4179fc43006: start LeaderState
2019-09-28 01:13:05,588 [e82472fe-71fb-4472-b416-5021845f2f54@group-D17466559F7D:LeaderElection9] INFO  impl.RaftServerImpl (ServerState.java:setRaftConf(354)) - e82472fe-71fb-4472-b416-5021845f2f54@group-D17466559F7D: set configuration 0: [e82472fe-71fb-4472-b416-5021845f2f54:192.168.151.82:44038], old=null at 0
2019-09-28 01:13:05,588 [8bf5c620-efb5-49b6-a768-f4179fc43006@group-ED113BF3DDD9:LeaderElection8] INFO  segmented.SegmentedRaftLogWorker (SegmentedRaftLogWorker.java:startLogSegment(380)) - 8bf5c620-efb5-49b6-a768-f4179fc43006@group-ED113BF3DDD9-SegmentedRaftLogWorker: Starting segment from index:0
2019-09-28 01:13:05,588 [d2027d58-a939-4807-998f-7c487ceff365@group-10710D6A9C3C:LeaderElection7] INFO  impl.RoleInfo (RoleInfo.java:updateAndGet(143)) - d2027d58-a939-4807-998f-7c487ceff365: start LeaderState
2019-09-28 01:13:05,588 [cab9505b-c3df-4889-be4c-e0933a387faa@group-C9F0DCFCE7A9:LeaderElection6] INFO  impl.RoleInfo (RoleInfo.java:updateAndGet(143)) - cab9505b-c3df-4889-be4c-e0933a387faa: start LeaderState
2019-09-28 01:13:05,588 [d2027d58-a939-4807-998f-7c487ceff365@group-10710D6A9C3C:LeaderElection7] INFO  segmented.SegmentedRaftLogWorker (SegmentedRaftLogWorker.java:startLogSegment(380)) - d2027d58-a939-4807-998f-7c487ceff365@group-10710D6A9C3C-SegmentedRaftLogWorker: Starting segment from index:0
2019-09-28 01:13:05,625 [302d3587-349c-4e62-abb8-2673f37c3eec@group-A0C798E7F315-SegmentedRaftLogWorker] INFO  segmented.SegmentedRaftLogWorker (SegmentedRaftLogWorker.java:execute(569)) - 302d3587-349c-4e62-abb8-2673f37c3eec@group-A0C798E7F315-SegmentedRaftLogWorker: created new log segment /workdir/hadoop-ozone/integration-test/target/test-dir/MiniOzoneClusterImpl-fa4977c4-dda7-4050-b4ba-2f9fed17fcef/datanode-7/data/ratis/f1a4dcd5-e4bf-4914-b4bf-a0c798e7f315/current/log_inprogress_0
2019-09-28 01:13:05,625 [cab9505b-c3df-4889-be4c-e0933a387faa@group-C9F0DCFCE7A9:LeaderElection6] INFO  segmented.SegmentedRaftLogWorker (SegmentedRaftLogWorker.java:startLogSegment(380)) - cab9505b-c3df-4889-be4c-e0933a387faa@group-C9F0DCFCE7A9-SegmentedRaftLogWorker: Starting segment from index:0
2019-09-28 01:13:05,625 [8bf5c620-efb5-49b6-a768-f4179fc43006@group-ED113BF3DDD9:LeaderElection8] INFO  impl.RaftServerImpl (ServerState.java:setRaftConf(354)) - 8bf5c620-efb5-49b6-a768-f4179fc43006@group-ED113BF3DDD9: set configuration 0: [8bf5c620-efb5-49b6-a768-f4179fc43006:192.168.151.82:41397], old=null at 0
2019-09-28 01:13:05,626 [cab9505b-c3df-4889-be4c-e0933a387faa@group-6BFCA60A2FDA:LeaderElection18] INFO  impl.LeaderElection (LeaderElection.java:logAndReturn(56)) - cab9505b-c3df-4889-be4c-e0933a387faa@group-6BFCA60A2FDA:LeaderElection18: Election REJECTED; received 2 response(s) [cab9505b-c3df-4889-be4c-e0933a387faa<-8bf5c620-efb5-49b6-a768-f4179fc43006#0:FAIL-t1, cab9505b-c3df-4889-be4c-e0933a387faa<-e82472fe-71fb-4472-b416-5021845f2f54#0:FAIL-t1] and 0 exception(s); cab9505b-c3df-4889-be4c-e0933a387faa@group-6BFCA60A2FDA:t1, leader=null, voted=cab9505b-c3df-4889-be4c-e0933a387faa, raftlog=cab9505b-c3df-4889-be4c-e0933a387faa@group-6BFCA60A2FDA-SegmentedRaftLog:OPENED:c-1,f-1,i0, conf=-1: [cab9505b-c3df-4889-be4c-e0933a387faa:192.168.151.82:36450, 8bf5c620-efb5-49b6-a768-f4179fc43006:192.168.151.82:41397, e82472fe-71fb-4472-b416-5021845f2f54:192.168.151.82:44038], old=null
2019-09-28 01:13:05,626 [d2027d58-a939-4807-998f-7c487ceff365@group-10710D6A9C3C:LeaderElection7] INFO  impl.RaftServerImpl (ServerState.java:setRaftConf(354)) - d2027d58-a939-4807-998f-7c487ceff365@group-10710D6A9C3C: set configuration 0: [d2027d58-a939-4807-998f-7c487ceff365:192.168.151.82:43961], old=null at 0
2019-09-28 01:13:05,627 [cab9505b-c3df-4889-be4c-e0933a387faa@group-6BFCA60A2FDA:LeaderElection18] INFO  impl.RaftServerImpl (RaftServerImpl.java:setRole(174)) - cab9505b-c3df-4889-be4c-e0933a387faa@group-6BFCA60A2FDA: changes role from CANDIDATE to FOLLOWER at term 1 for DISCOVERED_A_NEW_TERM
2019-09-28 01:13:05,673 [cab9505b-c3df-4889-be4c-e0933a387faa@group-6BFCA60A2FDA:LeaderElection18] INFO  impl.RoleInfo (RoleInfo.java:shutdownLeaderElection(134)) - cab9505b-c3df-4889-be4c-e0933a387faa: shutdown LeaderElection
2019-09-28 01:13:05,673 [e82472fe-71fb-4472-b416-5021845f2f54@group-D17466559F7D-SegmentedRaftLogWorker] INFO  segmented.SegmentedRaftLogWorker (SegmentedRaftLogWorker.java:execute(569)) - e82472fe-71fb-4472-b416-5021845f2f54@group-D17466559F7D-SegmentedRaftLogWorker: created new log segment /workdir/hadoop-ozone/integration-test/target/test-dir/MiniOzoneClusterImpl-fa4977c4-dda7-4050-b4ba-2f9fed17fcef/datanode-1/data/ratis/29eb276d-b883-49e0-b10e-d17466559f7d/current/log_inprogress_0
2019-09-28 01:13:05,626 [cab9505b-c3df-4889-be4c-e0933a387faa@group-C9F0DCFCE7A9:LeaderElection6] INFO  impl.RaftServerImpl (ServerState.java:setRaftConf(354)) - cab9505b-c3df-4889-be4c-e0933a387faa@group-C9F0DCFCE7A9: set configuration 0: [cab9505b-c3df-4889-be4c-e0933a387faa:192.168.151.82:36450], old=null at 0
2019-09-28 01:13:05,679 [cab9505b-c3df-4889-be4c-e0933a387faa@group-6BFCA60A2FDA:LeaderElection18] INFO  impl.RoleInfo (RoleInfo.java:updateAndGet(143)) - cab9505b-c3df-4889-be4c-e0933a387faa: start FollowerState
2019-09-28 01:13:05,688 [d2027d58-a939-4807-998f-7c487ceff365@group-10710D6A9C3C-SegmentedRaftLogWorker] INFO  segmented.SegmentedRaftLogWorker (SegmentedRaftLogWorker.java:execute(569)) - d2027d58-a939-4807-998f-7c487ceff365@group-10710D6A9C3C-SegmentedRaftLogWorker: created new log segment /workdir/hadoop-ozone/integration-test/target/test-dir/MiniOzoneClusterImpl-fa4977c4-dda7-4050-b4ba-2f9fed17fcef/datanode-2/data/ratis/21ac08db-71f4-4399-96c4-10710d6a9c3c/current/log_inprogress_0
2019-09-28 01:13:05,688 [8bf5c620-efb5-49b6-a768-f4179fc43006@group-ED113BF3DDD9-SegmentedRaftLogWorker] INFO  segmented.SegmentedRaftLogWorker (SegmentedRaftLogWorker.java:execute(569)) - 8bf5c620-efb5-49b6-a768-f4179fc43006@group-ED113BF3DDD9-SegmentedRaftLogWorker: created new log segment /workdir/hadoop-ozone/integration-test/target/test-dir/MiniOzoneClusterImpl-fa4977c4-dda7-4050-b4ba-2f9fed17fcef/datanode-5/data/ratis/54259147-03f8-4483-b02b-ed113bf3ddd9/current/log_inprogress_0
2019-09-28 01:13:05,688 [cab9505b-c3df-4889-be4c-e0933a387faa@group-C9F0DCFCE7A9-SegmentedRaftLogWorker] INFO  segmented.SegmentedRaftLogWorker (SegmentedRaftLogWorker.java:execute(569)) - cab9505b-c3df-4889-be4c-e0933a387faa@group-C9F0DCFCE7A9-SegmentedRaftLogWorker: created new log segment /workdir/hadoop-ozone/integration-test/target/test-dir/MiniOzoneClusterImpl-fa4977c4-dda7-4050-b4ba-2f9fed17fcef/datanode-8/data/ratis/0f9a242e-1329-42fb-8d60-c9f0dcfce7a9/current/log_inprogress_0
2019-09-28 01:13:05,701 [e82472fe-71fb-4472-b416-5021845f2f54@group-6BFCA60A2FDA:LeaderElection16] INFO  impl.LeaderElection (LeaderElection.java:logAndReturn(56)) - e82472fe-71fb-4472-b416-5021845f2f54@group-6BFCA60A2FDA:LeaderElection16: Election REJECTED; received 2 response(s) [e82472fe-71fb-4472-b416-5021845f2f54<-cab9505b-c3df-4889-be4c-e0933a387faa#0:FAIL-t1, e82472fe-71fb-4472-b416-5021845f2f54<-8bf5c620-efb5-49b6-a768-f4179fc43006#0:FAIL-t1] and 0 exception(s); e82472fe-71fb-4472-b416-5021845f2f54@group-6BFCA60A2FDA:t1, leader=null, voted=e82472fe-71fb-4472-b416-5021845f2f54, raftlog=e82472fe-71fb-4472-b416-5021845f2f54@group-6BFCA60A2FDA-SegmentedRaftLog:OPENED:c-1,f-1,i0, conf=-1: [cab9505b-c3df-4889-be4c-e0933a387faa:192.168.151.82:36450, 8bf5c620-efb5-49b6-a768-f4179fc43006:192.168.151.82:41397, e82472fe-71fb-4472-b416-5021845f2f54:192.168.151.82:44038], old=null
2019-09-28 01:13:05,703 [e82472fe-71fb-4472-b416-5021845f2f54@group-6BFCA60A2FDA:LeaderElection16] INFO  impl.RaftServerImpl (RaftServerImpl.java:setRole(174)) - e82472fe-71fb-4472-b416-5021845f2f54@group-6BFCA60A2FDA: changes role from CANDIDATE to FOLLOWER at term 1 for DISCOVERED_A_NEW_TERM
2019-09-28 01:13:05,704 [e82472fe-71fb-4472-b416-5021845f2f54@group-6BFCA60A2FDA:LeaderElection16] INFO  impl.RoleInfo (RoleInfo.java:shutdownLeaderElection(134)) - e82472fe-71fb-4472-b416-5021845f2f54: shutdown LeaderElection
2019-09-28 01:13:05,704 [e82472fe-71fb-4472-b416-5021845f2f54@group-6BFCA60A2FDA:LeaderElection16] INFO  impl.RoleInfo (RoleInfo.java:updateAndGet(143)) - e82472fe-71fb-4472-b416-5021845f2f54: start FollowerState
2019-09-28 01:13:05,704 [d2027d58-a939-4807-998f-7c487ceff365@group-F5D139EFAB30:LeaderElection17] INFO  impl.LeaderElection (LeaderElection.java:logAndReturn(56)) - d2027d58-a939-4807-998f-7c487ceff365@group-F5D139EFAB30:LeaderElection17: Election REJECTED; received 2 response(s) [d2027d58-a939-4807-998f-7c487ceff365<-c5982eae-d64d-4d85-bf8e-680be3da7c97#0:FAIL-t1, d2027d58-a939-4807-998f-7c487ceff365<-8a2f89dc-5374-4145-86d1-b1660ecca13e#0:FAIL-t1] and 0 exception(s); d2027d58-a939-4807-998f-7c487ceff365@group-F5D139EFAB30:t1, leader=null, voted=d2027d58-a939-4807-998f-7c487ceff365, raftlog=d2027d58-a939-4807-998f-7c487ceff365@group-F5D139EFAB30-SegmentedRaftLog:OPENED:c-1,f-1,i0, conf=-1: [c5982eae-d64d-4d85-bf8e-680be3da7c97:192.168.151.82:39895, 8a2f89dc-5374-4145-86d1-b1660ecca13e:192.168.151.82:46179, d2027d58-a939-4807-998f-7c487ceff365:192.168.151.82:43961], old=null
2019-09-28 01:13:05,709 [d2027d58-a939-4807-998f-7c487ceff365@group-F5D139EFAB30:LeaderElection17] INFO  impl.RaftServerImpl (RaftServerImpl.java:setRole(174)) - d2027d58-a939-4807-998f-7c487ceff365@group-F5D139EFAB30: changes role from CANDIDATE to FOLLOWER at term 1 for DISCOVERED_A_NEW_TERM
2019-09-28 01:13:05,709 [d2027d58-a939-4807-998f-7c487ceff365@group-F5D139EFAB30:LeaderElection17] INFO  impl.RoleInfo (RoleInfo.java:shutdownLeaderElection(134)) - d2027d58-a939-4807-998f-7c487ceff365: shutdown LeaderElection
2019-09-28 01:13:05,709 [d2027d58-a939-4807-998f-7c487ceff365@group-F5D139EFAB30:LeaderElection17] INFO  impl.RoleInfo (RoleInfo.java:updateAndGet(143)) - d2027d58-a939-4807-998f-7c487ceff365: start FollowerState
2019-09-28 01:13:05,710 [8bf5c620-efb5-49b6-a768-f4179fc43006@group-6BFCA60A2FDA:LeaderElection19] INFO  impl.LeaderElection (LeaderElection.java:logAndReturn(56)) - 8bf5c620-efb5-49b6-a768-f4179fc43006@group-6BFCA60A2FDA:LeaderElection19: Election REJECTED; received 2 response(s) [8bf5c620-efb5-49b6-a768-f4179fc43006<-cab9505b-c3df-4889-be4c-e0933a387faa#0:FAIL-t1, 8bf5c620-efb5-49b6-a768-f4179fc43006<-e82472fe-71fb-4472-b416-5021845f2f54#0:FAIL-t1] and 0 exception(s); 8bf5c620-efb5-49b6-a768-f4179fc43006@group-6BFCA60A2FDA:t1, leader=null, voted=8bf5c620-efb5-49b6-a768-f4179fc43006, raftlog=8bf5c620-efb5-49b6-a768-f4179fc43006@group-6BFCA60A2FDA-SegmentedRaftLog:OPENED:c-1,f-1,i0, conf=-1: [cab9505b-c3df-4889-be4c-e0933a387faa:192.168.151.82:36450, 8bf5c620-efb5-49b6-a768-f4179fc43006:192.168.151.82:41397, e82472fe-71fb-4472-b416-5021845f2f54:192.168.151.82:44038], old=null
2019-09-28 01:13:05,712 [8bf5c620-efb5-49b6-a768-f4179fc43006@group-6BFCA60A2FDA:LeaderElection19] INFO  impl.RaftServerImpl (RaftServerImpl.java:setRole(174)) - 8bf5c620-efb5-49b6-a768-f4179fc43006@group-6BFCA60A2FDA: changes role from CANDIDATE to FOLLOWER at term 1 for DISCOVERED_A_NEW_TERM
2019-09-28 01:13:05,712 [8bf5c620-efb5-49b6-a768-f4179fc43006@group-6BFCA60A2FDA:LeaderElection19] INFO  impl.RoleInfo (RoleInfo.java:shutdownLeaderElection(134)) - 8bf5c620-efb5-49b6-a768-f4179fc43006: shutdown LeaderElection
2019-09-28 01:13:05,713 [8bf5c620-efb5-49b6-a768-f4179fc43006@group-6BFCA60A2FDA:LeaderElection19] INFO  impl.RoleInfo (RoleInfo.java:updateAndGet(143)) - 8bf5c620-efb5-49b6-a768-f4179fc43006: start FollowerState
2019-09-28 01:13:05,800 [main] INFO  ipc.Client (Client.java:handleConnectionFailure(948)) - Retrying connect to server: localhost/127.0.0.1:0. Already tried 1 time(s); retry policy is RetryUpToMaximumCountWithFixedSleep(maxRetries=10, sleepTime=1000 MILLISECONDS)
2019-09-28 01:13:06,503 [Thread-386] INFO  impl.FollowerState (FollowerState.java:run(106)) - d8ea7beb-83bc-4703-8607-f43fb93ff04f:group-3679665D126C changes to CANDIDATE, lastRpcTime:1030, electionTimeout:1018ms
2019-09-28 01:13:06,503 [Thread-386] INFO  impl.RoleInfo (RoleInfo.java:shutdownFollowerState(121)) - d8ea7beb-83bc-4703-8607-f43fb93ff04f: shutdown FollowerState
2019-09-28 01:13:06,503 [Thread-386] INFO  impl.RaftServerImpl (RaftServerImpl.java:setRole(174)) - d8ea7beb-83bc-4703-8607-f43fb93ff04f@group-3679665D126C: changes role from  FOLLOWER to CANDIDATE at term 1 for changeToCandidate
2019-09-28 01:13:06,504 [Thread-386] INFO  impl.RoleInfo (RoleInfo.java:updateAndGet(143)) - d8ea7beb-83bc-4703-8607-f43fb93ff04f: start LeaderElection
2019-09-28 01:13:06,518 [Thread-388] INFO  impl.FollowerState (FollowerState.java:run(106)) - 8a2f89dc-5374-4145-86d1-b1660ecca13e:group-F5D139EFAB30 changes to CANDIDATE, lastRpcTime:1033, electionTimeout:1023ms
2019-09-28 01:13:06,518 [Thread-388] INFO  impl.RoleInfo (RoleInfo.java:shutdownFollowerState(121)) - 8a2f89dc-5374-4145-86d1-b1660ecca13e: shutdown FollowerState
2019-09-28 01:13:06,518 [Thread-388] INFO  impl.RaftServerImpl (RaftServerImpl.java:setRole(174)) - 8a2f89dc-5374-4145-86d1-b1660ecca13e@group-F5D139EFAB30: changes role from  FOLLOWER to CANDIDATE at term 1 for changeToCandidate
2019-09-28 01:13:06,519 [Thread-388] INFO  impl.RoleInfo (RoleInfo.java:updateAndGet(143)) - 8a2f89dc-5374-4145-86d1-b1660ecca13e: start LeaderElection
2019-09-28 01:13:06,528 [d8ea7beb-83bc-4703-8607-f43fb93ff04f@group-3679665D126C:LeaderElection20] INFO  impl.LeaderElection (LeaderElection.java:askForVotes(182)) - d8ea7beb-83bc-4703-8607-f43fb93ff04f@group-3679665D126C:LeaderElection20: begin an election at term 2 for -1: [7ca580e1-9483-43e9-999f-08065f5f46f8:192.168.151.82:39513, 726dacf1-2c06-45a9-9365-4f0196171786:192.168.151.82:39922, d8ea7beb-83bc-4703-8607-f43fb93ff04f:192.168.151.82:34522], old=null
2019-09-28 01:13:06,528 [8a2f89dc-5374-4145-86d1-b1660ecca13e@group-F5D139EFAB30:LeaderElection21] INFO  impl.LeaderElection (LeaderElection.java:askForVotes(182)) - 8a2f89dc-5374-4145-86d1-b1660ecca13e@group-F5D139EFAB30:LeaderElection21: begin an election at term 2 for -1: [c5982eae-d64d-4d85-bf8e-680be3da7c97:192.168.151.82:39895, 8a2f89dc-5374-4145-86d1-b1660ecca13e:192.168.151.82:46179, d2027d58-a939-4807-998f-7c487ceff365:192.168.151.82:43961], old=null
2019-09-28 01:13:06,548 [grpc-default-executor-3] INFO  impl.RaftServerImpl (RaftServerImpl.java:setRole(174)) - c5982eae-d64d-4d85-bf8e-680be3da7c97@group-F5D139EFAB30: changes role from  FOLLOWER to FOLLOWER at term 2 for recognizeCandidate:8a2f89dc-5374-4145-86d1-b1660ecca13e
2019-09-28 01:13:06,558 [grpc-default-executor-3] INFO  impl.RoleInfo (RoleInfo.java:shutdownFollowerState(121)) - c5982eae-d64d-4d85-bf8e-680be3da7c97: shutdown FollowerState
2019-09-28 01:13:06,559 [grpc-default-executor-3] INFO  impl.RoleInfo (RoleInfo.java:updateAndGet(143)) - c5982eae-d64d-4d85-bf8e-680be3da7c97: start FollowerState
2019-09-28 01:13:06,559 [grpc-default-executor-0] INFO  impl.RaftServerImpl (RaftServerImpl.java:setRole(174)) - 7ca580e1-9483-43e9-999f-08065f5f46f8@group-3679665D126C: changes role from  FOLLOWER to FOLLOWER at term 2 for recognizeCandidate:d8ea7beb-83bc-4703-8607-f43fb93ff04f
2019-09-28 01:13:06,559 [Thread-390] INFO  impl.FollowerState (FollowerState.java:run(115)) - c5982eae-d64d-4d85-bf8e-680be3da7c97: FollowerState was interrupted: java.lang.InterruptedException: sleep interrupted
2019-09-28 01:13:06,559 [grpc-default-executor-0] INFO  impl.RoleInfo (RoleInfo.java:shutdownFollowerState(121)) - 7ca580e1-9483-43e9-999f-08065f5f46f8: shutdown FollowerState
2019-09-28 01:13:06,559 [grpc-default-executor-2] INFO  impl.RaftServerImpl (RaftServerImpl.java:setRole(174)) - d2027d58-a939-4807-998f-7c487ceff365@group-F5D139EFAB30: changes role from  FOLLOWER to FOLLOWER at term 2 for recognizeCandidate:8a2f89dc-5374-4145-86d1-b1660ecca13e
2019-09-28 01:13:06,559 [Thread-394] INFO  impl.FollowerState (FollowerState.java:run(115)) - 7ca580e1-9483-43e9-999f-08065f5f46f8: FollowerState was interrupted: java.lang.InterruptedException: sleep interrupted
2019-09-28 01:13:06,559 [grpc-default-executor-0] INFO  impl.RoleInfo (RoleInfo.java:updateAndGet(143)) - 7ca580e1-9483-43e9-999f-08065f5f46f8: start FollowerState
2019-09-28 01:13:06,559 [grpc-default-executor-1] INFO  impl.RaftServerImpl (RaftServerImpl.java:setRole(174)) - 726dacf1-2c06-45a9-9365-4f0196171786@group-3679665D126C: changes role from  FOLLOWER to FOLLOWER at term 2 for recognizeCandidate:d8ea7beb-83bc-4703-8607-f43fb93ff04f
2019-09-28 01:13:06,560 [grpc-default-executor-1] INFO  impl.RoleInfo (RoleInfo.java:shutdownFollowerState(121)) - 726dacf1-2c06-45a9-9365-4f0196171786: shutdown FollowerState
2019-09-28 01:13:06,560 [grpc-default-executor-2] INFO  impl.RoleInfo (RoleInfo.java:shutdownFollowerState(121)) - d2027d58-a939-4807-998f-7c487ceff365: shutdown FollowerState
2019-09-28 01:13:06,560 [Thread-387] INFO  impl.FollowerState (FollowerState.java:run(115)) - 726dacf1-2c06-45a9-9365-4f0196171786: FollowerState was interrupted: java.lang.InterruptedException: sleep interrupted
2019-09-28 01:13:06,560 [grpc-default-executor-1] INFO  impl.RoleInfo (RoleInfo.java:updateAndGet(143)) - 726dacf1-2c06-45a9-9365-4f0196171786: start FollowerState
2019-09-28 01:13:06,561 [Thread-397] INFO  impl.FollowerState (FollowerState.java:run(115)) - d2027d58-a939-4807-998f-7c487ceff365: FollowerState was interrupted: java.lang.InterruptedException: sleep interrupted
2019-09-28 01:13:06,561 [grpc-default-executor-2] INFO  impl.RoleInfo (RoleInfo.java:updateAndGet(143)) - d2027d58-a939-4807-998f-7c487ceff365: start FollowerState
2019-09-28 01:13:06,579 [d8ea7beb-83bc-4703-8607-f43fb93ff04f@group-3679665D126C:LeaderElection20] INFO  impl.LeaderElection (LeaderElection.java:logAndReturn(56)) - d8ea7beb-83bc-4703-8607-f43fb93ff04f@group-3679665D126C:LeaderElection20: Election PASSED; received 1 response(s) [d8ea7beb-83bc-4703-8607-f43fb93ff04f<-726dacf1-2c06-45a9-9365-4f0196171786#0:OK-t2] and 0 exception(s); d8ea7beb-83bc-4703-8607-f43fb93ff04f@group-3679665D126C:t2, leader=null, voted=d8ea7beb-83bc-4703-8607-f43fb93ff04f, raftlog=d8ea7beb-83bc-4703-8607-f43fb93ff04f@group-3679665D126C-SegmentedRaftLog:OPENED:c-1,f-1,i0, conf=-1: [7ca580e1-9483-43e9-999f-08065f5f46f8:192.168.151.82:39513, 726dacf1-2c06-45a9-9365-4f0196171786:192.168.151.82:39922, d8ea7beb-83bc-4703-8607-f43fb93ff04f:192.168.151.82:34522], old=null
2019-09-28 01:13:06,580 [8a2f89dc-5374-4145-86d1-b1660ecca13e@group-F5D139EFAB30:LeaderElection21] INFO  impl.LeaderElection (LeaderElection.java:logAndReturn(56)) - 8a2f89dc-5374-4145-86d1-b1660ecca13e@group-F5D139EFAB30:LeaderElection21: Election PASSED; received 1 response(s) [8a2f89dc-5374-4145-86d1-b1660ecca13e<-c5982eae-d64d-4d85-bf8e-680be3da7c97#0:OK-t2] and 0 exception(s); 8a2f89dc-5374-4145-86d1-b1660ecca13e@group-F5D139EFAB30:t2, leader=null, voted=8a2f89dc-5374-4145-86d1-b1660ecca13e, raftlog=8a2f89dc-5374-4145-86d1-b1660ecca13e@group-F5D139EFAB30-SegmentedRaftLog:OPENED:c-1,f-1,i0, conf=-1: [c5982eae-d64d-4d85-bf8e-680be3da7c97:192.168.151.82:39895, 8a2f89dc-5374-4145-86d1-b1660ecca13e:192.168.151.82:46179, d2027d58-a939-4807-998f-7c487ceff365:192.168.151.82:43961], old=null
2019-09-28 01:13:06,580 [d8ea7beb-83bc-4703-8607-f43fb93ff04f@group-3679665D126C:LeaderElection20] INFO  impl.RoleInfo (RoleInfo.java:shutdownLeaderElection(134)) - d8ea7beb-83bc-4703-8607-f43fb93ff04f: shutdown LeaderElection
2019-09-28 01:13:06,582 [8a2f89dc-5374-4145-86d1-b1660ecca13e@group-F5D139EFAB30:LeaderElection21] INFO  impl.RoleInfo (RoleInfo.java:shutdownLeaderElection(134)) - 8a2f89dc-5374-4145-86d1-b1660ecca13e: shutdown LeaderElection
2019-09-28 01:13:06,585 [d8ea7beb-83bc-4703-8607-f43fb93ff04f@group-3679665D126C:LeaderElection20] INFO  impl.RaftServerImpl (RaftServerImpl.java:setRole(174)) - d8ea7beb-83bc-4703-8607-f43fb93ff04f@group-3679665D126C: changes role from CANDIDATE to LEADER at term 2 for changeToLeader
2019-09-28 01:13:06,588 [8a2f89dc-5374-4145-86d1-b1660ecca13e@group-F5D139EFAB30:LeaderElection21] INFO  impl.RaftServerImpl (RaftServerImpl.java:setRole(174)) - 8a2f89dc-5374-4145-86d1-b1660ecca13e@group-F5D139EFAB30: changes role from CANDIDATE to LEADER at term 2 for changeToLeader
2019-09-28 01:13:06,590 [d8ea7beb-83bc-4703-8607-f43fb93ff04f@group-3679665D126C:LeaderElection20] INFO  impl.RaftServerImpl (ServerState.java:setLeader(253)) - d8ea7beb-83bc-4703-8607-f43fb93ff04f@group-3679665D126C: change Leader from null to d8ea7beb-83bc-4703-8607-f43fb93ff04f at term 2 for becomeLeader, leader elected after 2545ms
2019-09-28 01:13:06,590 [8a2f89dc-5374-4145-86d1-b1660ecca13e@group-F5D139EFAB30:LeaderElection21] INFO  impl.RaftServerImpl (ServerState.java:setLeader(253)) - 8a2f89dc-5374-4145-86d1-b1660ecca13e@group-F5D139EFAB30: change Leader from null to 8a2f89dc-5374-4145-86d1-b1660ecca13e at term 2 for becomeLeader, leader elected after 2427ms
2019-09-28 01:13:06,593 [d8ea7beb-83bc-4703-8607-f43fb93ff04f@group-3679665D126C:LeaderElection20] INFO  server.RaftServerConfigKeys (ConfUtils.java:logGet(43)) - raft.server.staging.catchup.gap = 1000 (default)
2019-09-28 01:13:06,593 [8a2f89dc-5374-4145-86d1-b1660ecca13e@group-F5D139EFAB30:LeaderElection21] INFO  server.RaftServerConfigKeys (ConfUtils.java:logGet(43)) - raft.server.staging.catchup.gap = 1000 (default)
2019-09-28 01:13:06,593 [d8ea7beb-83bc-4703-8607-f43fb93ff04f@group-3679665D126C:LeaderElection20] INFO  server.RaftServerConfigKeys (ConfUtils.java:logGet(43)) - raft.server.rpc.sleep.time = 25ms (default)
2019-09-28 01:13:06,594 [8a2f89dc-5374-4145-86d1-b1660ecca13e@group-F5D139EFAB30:LeaderElection21] INFO  server.RaftServerConfigKeys (ConfUtils.java:logGet(43)) - raft.server.rpc.sleep.time = 25ms (default)
2019-09-28 01:13:06,594 [d8ea7beb-83bc-4703-8607-f43fb93ff04f@group-3679665D126C:LeaderElection20] INFO  server.RaftServerConfigKeys (ConfUtils.java:logGet(43)) - raft.server.write.element-limit = 4096 (default)
2019-09-28 01:13:06,594 [8a2f89dc-5374-4145-86d1-b1660ecca13e@group-F5D139EFAB30:LeaderElection21] INFO  server.RaftServerConfigKeys (ConfUtils.java:logGet(43)) - raft.server.write.element-limit = 4096 (default)
2019-09-28 01:13:06,594 [d8ea7beb-83bc-4703-8607-f43fb93ff04f@group-3679665D126C:LeaderElection20] INFO  server.RaftServerConfigKeys (ConfUtils.java:logGet(43)) - raft.server.watch.timeout = 10s (default)
2019-09-28 01:13:06,594 [8a2f89dc-5374-4145-86d1-b1660ecca13e@group-F5D139EFAB30:LeaderElection21] INFO  server.RaftServerConfigKeys (ConfUtils.java:logGet(43)) - raft.server.watch.timeout = 10s (default)
2019-09-28 01:13:06,594 [d8ea7beb-83bc-4703-8607-f43fb93ff04f@group-3679665D126C:LeaderElection20] INFO  server.RaftServerConfigKeys (ConfUtils.java:logGet(43)) - raft.server.watch.timeout.denomination = 1s (default)
2019-09-28 01:13:06,595 [8a2f89dc-5374-4145-86d1-b1660ecca13e@group-F5D139EFAB30:LeaderElection21] INFO  server.RaftServerConfigKeys (ConfUtils.java:logGet(43)) - raft.server.watch.timeout.denomination = 1s (default)
2019-09-28 01:13:06,595 [d8ea7beb-83bc-4703-8607-f43fb93ff04f@group-3679665D126C:LeaderElection20] INFO  server.RaftServerConfigKeys (ConfUtils.java:logGet(43)) - raft.server.watch.element-limit = 65536 (default)
2019-09-28 01:13:06,595 [8a2f89dc-5374-4145-86d1-b1660ecca13e@group-F5D139EFAB30:LeaderElection21] INFO  server.RaftServerConfigKeys (ConfUtils.java:logGet(43)) - raft.server.watch.element-limit = 65536 (default)
2019-09-28 01:13:06,601 [8a2f89dc-5374-4145-86d1-b1660ecca13e@group-F5D139EFAB30:LeaderElection21] INFO  server.RaftServerConfigKeys (ConfUtils.java:logGet(43)) - raft.server.log.appender.snapshot.chunk.size.max = 16MB (=16777216) (default)
2019-09-28 01:13:06,602 [d8ea7beb-83bc-4703-8607-f43fb93ff04f@group-3679665D126C:LeaderElection20] INFO  server.RaftServerConfigKeys (ConfUtils.java:logGet(43)) - raft.server.log.appender.snapshot.chunk.size.max = 16MB (=16777216) (default)
2019-09-28 01:13:06,602 [8a2f89dc-5374-4145-86d1-b1660ecca13e@group-F5D139EFAB30:LeaderElection21] INFO  server.RaftServerConfigKeys (ConfUtils.java:logGet(43)) - raft.server.log.appender.buffer.byte-limit = 33554432 (custom)
2019-09-28 01:13:06,602 [d8ea7beb-83bc-4703-8607-f43fb93ff04f@group-3679665D126C:LeaderElection20] INFO  server.RaftServerConfigKeys (ConfUtils.java:logGet(43)) - raft.server.log.appender.buffer.byte-limit = 33554432 (custom)
2019-09-28 01:13:06,603 [8a2f89dc-5374-4145-86d1-b1660ecca13e@group-F5D139EFAB30:LeaderElection21] INFO  server.RaftServerConfigKeys (ConfUtils.java:logGet(43)) - raft.server.log.appender.buffer.element-limit = 1 (custom)
2019-09-28 01:13:06,603 [d8ea7beb-83bc-4703-8607-f43fb93ff04f@group-3679665D126C:LeaderElection20] INFO  server.RaftServerConfigKeys (ConfUtils.java:logGet(43)) - raft.server.log.appender.buffer.element-limit = 1 (custom)
2019-09-28 01:13:06,607 [8a2f89dc-5374-4145-86d1-b1660ecca13e@group-F5D139EFAB30:LeaderElection21] INFO  grpc.GrpcConfigKeys$Server (ConfUtils.java:logGet(43)) - raft.grpc.server.leader.outstanding.appends.max = 128 (default)
2019-09-28 01:13:06,609 [d8ea7beb-83bc-4703-8607-f43fb93ff04f@group-3679665D126C:LeaderElection20] INFO  grpc.GrpcConfigKeys$Server (ConfUtils.java:logGet(43)) - raft.grpc.server.leader.outstanding.appends.max = 128 (default)
2019-09-28 01:13:06,610 [8a2f89dc-5374-4145-86d1-b1660ecca13e@group-F5D139EFAB30:LeaderElection21] INFO  server.RaftServerConfigKeys (ConfUtils.java:logGet(43)) - raft.server.rpc.request.timeout = 3000ms (default)
2019-09-28 01:13:06,610 [d8ea7beb-83bc-4703-8607-f43fb93ff04f@group-3679665D126C:LeaderElection20] INFO  server.RaftServerConfigKeys (ConfUtils.java:logGet(43)) - raft.server.rpc.request.timeout = 3000ms (default)
2019-09-28 01:13:06,610 [8a2f89dc-5374-4145-86d1-b1660ecca13e@group-F5D139EFAB30:LeaderElection21] INFO  server.RaftServerConfigKeys (ConfUtils.java:logGet(43)) - raft.server.log.appender.install.snapshot.enabled = false (custom)
2019-09-28 01:13:06,610 [d8ea7beb-83bc-4703-8607-f43fb93ff04f@group-3679665D126C:LeaderElection20] INFO  server.RaftServerConfigKeys (ConfUtils.java:logGet(43)) - raft.server.log.appender.install.snapshot.enabled = false (custom)
2019-09-28 01:13:06,611 [8a2f89dc-5374-4145-86d1-b1660ecca13e@group-F5D139EFAB30:LeaderElection21] INFO  server.RaftServerConfigKeys (ConfUtils.java:logGet(43)) - raft.server.log.appender.snapshot.chunk.size.max = 16MB (=16777216) (default)
2019-09-28 01:13:06,611 [d8ea7beb-83bc-4703-8607-f43fb93ff04f@group-3679665D126C:LeaderElection20] INFO  server.RaftServerConfigKeys (ConfUtils.java:logGet(43)) - raft.server.log.appender.snapshot.chunk.size.max = 16MB (=16777216) (default)
2019-09-28 01:13:06,612 [8a2f89dc-5374-4145-86d1-b1660ecca13e@group-F5D139EFAB30:LeaderElection21] INFO  server.RaftServerConfigKeys (ConfUtils.java:logGet(43)) - raft.server.log.appender.buffer.byte-limit = 33554432 (custom)
2019-09-28 01:13:06,612 [d8ea7beb-83bc-4703-8607-f43fb93ff04f@group-3679665D126C:LeaderElection20] INFO  server.RaftServerConfigKeys (ConfUtils.java:logGet(43)) - raft.server.log.appender.buffer.byte-limit = 33554432 (custom)
2019-09-28 01:13:06,612 [8a2f89dc-5374-4145-86d1-b1660ecca13e@group-F5D139EFAB30:LeaderElection21] INFO  server.RaftServerConfigKeys (ConfUtils.java:logGet(43)) - raft.server.log.appender.buffer.element-limit = 1 (custom)
2019-09-28 01:13:06,612 [d8ea7beb-83bc-4703-8607-f43fb93ff04f@group-3679665D126C:LeaderElection20] INFO  server.RaftServerConfigKeys (ConfUtils.java:logGet(43)) - raft.server.log.appender.buffer.element-limit = 1 (custom)
2019-09-28 01:13:06,612 [8a2f89dc-5374-4145-86d1-b1660ecca13e@group-F5D139EFAB30:LeaderElection21] INFO  grpc.GrpcConfigKeys$Server (ConfUtils.java:logGet(43)) - raft.grpc.server.leader.outstanding.appends.max = 128 (default)
2019-09-28 01:13:06,613 [d8ea7beb-83bc-4703-8607-f43fb93ff04f@group-3679665D126C:LeaderElection20] INFO  grpc.GrpcConfigKeys$Server (ConfUtils.java:logGet(43)) - raft.grpc.server.leader.outstanding.appends.max = 128 (default)
2019-09-28 01:13:06,613 [8a2f89dc-5374-4145-86d1-b1660ecca13e@group-F5D139EFAB30:LeaderElection21] INFO  server.RaftServerConfigKeys (ConfUtils.java:logGet(43)) - raft.server.rpc.request.timeout = 3000ms (default)
2019-09-28 01:13:06,613 [d8ea7beb-83bc-4703-8607-f43fb93ff04f@group-3679665D126C:LeaderElection20] INFO  server.RaftServerConfigKeys (ConfUtils.java:logGet(43)) - raft.server.rpc.request.timeout = 3000ms (default)
2019-09-28 01:13:06,613 [8a2f89dc-5374-4145-86d1-b1660ecca13e@group-F5D139EFAB30:LeaderElection21] INFO  server.RaftServerConfigKeys (ConfUtils.java:logGet(43)) - raft.server.log.appender.install.snapshot.enabled = false (custom)
2019-09-28 01:13:06,613 [d8ea7beb-83bc-4703-8607-f43fb93ff04f@group-3679665D126C:LeaderElection20] INFO  server.RaftServerConfigKeys (ConfUtils.java:logGet(43)) - raft.server.log.appender.install.snapshot.enabled = false (custom)
2019-09-28 01:13:06,617 [8a2f89dc-5374-4145-86d1-b1660ecca13e@group-F5D139EFAB30:LeaderElection21] INFO  impl.RoleInfo (RoleInfo.java:updateAndGet(143)) - 8a2f89dc-5374-4145-86d1-b1660ecca13e: start LeaderState
2019-09-28 01:13:06,617 [d8ea7beb-83bc-4703-8607-f43fb93ff04f@group-3679665D126C:LeaderElection20] INFO  impl.RoleInfo (RoleInfo.java:updateAndGet(143)) - d8ea7beb-83bc-4703-8607-f43fb93ff04f: start LeaderState
2019-09-28 01:13:06,617 [8a2f89dc-5374-4145-86d1-b1660ecca13e@group-F5D139EFAB30:LeaderElection21] INFO  segmented.SegmentedRaftLogWorker (SegmentedRaftLogWorker.java:startLogSegment(380)) - 8a2f89dc-5374-4145-86d1-b1660ecca13e@group-F5D139EFAB30-SegmentedRaftLogWorker: Starting segment from index:0
2019-09-28 01:13:06,617 [d8ea7beb-83bc-4703-8607-f43fb93ff04f@group-3679665D126C:LeaderElection20] INFO  segmented.SegmentedRaftLogWorker (SegmentedRaftLogWorker.java:startLogSegment(380)) - d8ea7beb-83bc-4703-8607-f43fb93ff04f@group-3679665D126C-SegmentedRaftLogWorker: Starting segment from index:0
2019-09-28 01:13:06,619 [8a2f89dc-5374-4145-86d1-b1660ecca13e@group-F5D139EFAB30:LeaderElection21] INFO  impl.RaftServerImpl (ServerState.java:setRaftConf(354)) - 8a2f89dc-5374-4145-86d1-b1660ecca13e@group-F5D139EFAB30: set configuration 0: [c5982eae-d64d-4d85-bf8e-680be3da7c97:192.168.151.82:39895, 8a2f89dc-5374-4145-86d1-b1660ecca13e:192.168.151.82:46179, d2027d58-a939-4807-998f-7c487ceff365:192.168.151.82:43961], old=null at 0
2019-09-28 01:13:06,663 [d8ea7beb-83bc-4703-8607-f43fb93ff04f@group-3679665D126C:LeaderElection20] INFO  impl.RaftServerImpl (ServerState.java:setRaftConf(354)) - d8ea7beb-83bc-4703-8607-f43fb93ff04f@group-3679665D126C: set configuration 0: [7ca580e1-9483-43e9-999f-08065f5f46f8:192.168.151.82:39513, 726dacf1-2c06-45a9-9365-4f0196171786:192.168.151.82:39922, d8ea7beb-83bc-4703-8607-f43fb93ff04f:192.168.151.82:34522], old=null at 0
2019-09-28 01:13:06,675 [d8ea7beb-83bc-4703-8607-f43fb93ff04f@group-3679665D126C-SegmentedRaftLogWorker] INFO  segmented.SegmentedRaftLogWorker (SegmentedRaftLogWorker.java:execute(569)) - d8ea7beb-83bc-4703-8607-f43fb93ff04f@group-3679665D126C-SegmentedRaftLogWorker: created new log segment /workdir/hadoop-ozone/integration-test/target/test-dir/MiniOzoneClusterImpl-fa4977c4-dda7-4050-b4ba-2f9fed17fcef/datanode-6/data/ratis/b1655f58-e2be-445f-b531-3679665d126c/current/log_inprogress_0
2019-09-28 01:13:06,675 [8a2f89dc-5374-4145-86d1-b1660ecca13e@group-F5D139EFAB30-SegmentedRaftLogWorker] INFO  segmented.SegmentedRaftLogWorker (SegmentedRaftLogWorker.java:execute(569)) - 8a2f89dc-5374-4145-86d1-b1660ecca13e@group-F5D139EFAB30-SegmentedRaftLogWorker: created new log segment /workdir/hadoop-ozone/integration-test/target/test-dir/MiniOzoneClusterImpl-fa4977c4-dda7-4050-b4ba-2f9fed17fcef/datanode-3/data/ratis/21aa8e36-d520-40a4-81fe-f5d139efab30/current/log_inprogress_0
2019-09-28 01:13:06,698 [grpc-default-executor-3] INFO  impl.RaftServerImpl (ServerState.java:setLeader(253)) - c5982eae-d64d-4d85-bf8e-680be3da7c97@group-F5D139EFAB30: change Leader from null to 8a2f89dc-5374-4145-86d1-b1660ecca13e at term 2 for appendEntries, leader elected after 2534ms
2019-09-28 01:13:06,698 [grpc-default-executor-2] INFO  impl.RaftServerImpl (ServerState.java:setLeader(253)) - d2027d58-a939-4807-998f-7c487ceff365@group-F5D139EFAB30: change Leader from null to 8a2f89dc-5374-4145-86d1-b1660ecca13e at term 2 for appendEntries, leader elected after 2535ms
2019-09-28 01:13:06,699 [grpc-default-executor-1] INFO  impl.RaftServerImpl (ServerState.java:setLeader(253)) - 726dacf1-2c06-45a9-9365-4f0196171786@group-3679665D126C: change Leader from null to d8ea7beb-83bc-4703-8607-f43fb93ff04f at term 2 for appendEntries, leader elected after 2656ms
2019-09-28 01:13:06,699 [grpc-default-executor-0] INFO  impl.RaftServerImpl (ServerState.java:setLeader(253)) - 7ca580e1-9483-43e9-999f-08065f5f46f8@group-3679665D126C: change Leader from null to d8ea7beb-83bc-4703-8607-f43fb93ff04f at term 2 for appendEntries, leader elected after 2657ms
2019-09-28 01:13:06,732 [Thread-395] INFO  impl.FollowerState (FollowerState.java:run(106)) - cab9505b-c3df-4889-be4c-e0933a387faa:group-6BFCA60A2FDA changes to CANDIDATE, lastRpcTime:1053, electionTimeout:1053ms
2019-09-28 01:13:06,733 [Thread-395] INFO  impl.RoleInfo (RoleInfo.java:shutdownFollowerState(121)) - cab9505b-c3df-4889-be4c-e0933a387faa: shutdown FollowerState
2019-09-28 01:13:06,733 [Thread-395] INFO  impl.RaftServerImpl (RaftServerImpl.java:setRole(174)) - cab9505b-c3df-4889-be4c-e0933a387faa@group-6BFCA60A2FDA: changes role from  FOLLOWER to CANDIDATE at term 1 for changeToCandidate
2019-09-28 01:13:06,733 [Thread-395] INFO  impl.RoleInfo (RoleInfo.java:updateAndGet(143)) - cab9505b-c3df-4889-be4c-e0933a387faa: start LeaderElection
2019-09-28 01:13:06,738 [Thread-398] INFO  impl.FollowerState (FollowerState.java:run(106)) - 8bf5c620-efb5-49b6-a768-f4179fc43006:group-6BFCA60A2FDA changes to CANDIDATE, lastRpcTime:1025, electionTimeout:1025ms
2019-09-28 01:13:06,738 [Thread-398] INFO  impl.RoleInfo (RoleInfo.java:shutdownFollowerState(121)) - 8bf5c620-efb5-49b6-a768-f4179fc43006: shutdown FollowerState
2019-09-28 01:13:06,739 [Thread-398] INFO  impl.RaftServerImpl (RaftServerImpl.java:setRole(174)) - 8bf5c620-efb5-49b6-a768-f4179fc43006@group-6BFCA60A2FDA: changes role from  FOLLOWER to CANDIDATE at term 1 for changeToCandidate
2019-09-28 01:13:06,739 [Thread-398] INFO  impl.RoleInfo (RoleInfo.java:updateAndGet(143)) - 8bf5c620-efb5-49b6-a768-f4179fc43006: start LeaderElection
2019-09-28 01:13:06,740 [grpc-default-executor-1] INFO  impl.RaftServerImpl (ServerState.java:setRaftConf(354)) - c5982eae-d64d-4d85-bf8e-680be3da7c97@group-F5D139EFAB30: set configuration 0: [c5982eae-d64d-4d85-bf8e-680be3da7c97:192.168.151.82:39895, 8a2f89dc-5374-4145-86d1-b1660ecca13e:192.168.151.82:46179, d2027d58-a939-4807-998f-7c487ceff365:192.168.151.82:43961], old=null at 0
2019-09-28 01:13:06,740 [grpc-default-executor-0] INFO  impl.RaftServerImpl (ServerState.java:setRaftConf(354)) - d2027d58-a939-4807-998f-7c487ceff365@group-F5D139EFAB30: set configuration 0: [c5982eae-d64d-4d85-bf8e-680be3da7c97:192.168.151.82:39895, 8a2f89dc-5374-4145-86d1-b1660ecca13e:192.168.151.82:46179, d2027d58-a939-4807-998f-7c487ceff365:192.168.151.82:43961], old=null at 0
2019-09-28 01:13:06,740 [grpc-default-executor-2] INFO  impl.RaftServerImpl (ServerState.java:setRaftConf(354)) - 726dacf1-2c06-45a9-9365-4f0196171786@group-3679665D126C: set configuration 0: [7ca580e1-9483-43e9-999f-08065f5f46f8:192.168.151.82:39513, 726dacf1-2c06-45a9-9365-4f0196171786:192.168.151.82:39922, d8ea7beb-83bc-4703-8607-f43fb93ff04f:192.168.151.82:34522], old=null at 0
2019-09-28 01:13:06,740 [grpc-default-executor-0] INFO  segmented.SegmentedRaftLogWorker (SegmentedRaftLogWorker.java:startLogSegment(380)) - d2027d58-a939-4807-998f-7c487ceff365@group-F5D139EFAB30-SegmentedRaftLogWorker: Starting segment from index:0
2019-09-28 01:13:06,740 [grpc-default-executor-1] INFO  segmented.SegmentedRaftLogWorker (SegmentedRaftLogWorker.java:startLogSegment(380)) - c5982eae-d64d-4d85-bf8e-680be3da7c97@group-F5D139EFAB30-SegmentedRaftLogWorker: Starting segment from index:0
2019-09-28 01:13:06,740 [grpc-default-executor-3] INFO  impl.RaftServerImpl (ServerState.java:setRaftConf(354)) - 7ca580e1-9483-43e9-999f-08065f5f46f8@group-3679665D126C: set configuration 0: [7ca580e1-9483-43e9-999f-08065f5f46f8:192.168.151.82:39513, 726dacf1-2c06-45a9-9365-4f0196171786:192.168.151.82:39922, d8ea7beb-83bc-4703-8607-f43fb93ff04f:192.168.151.82:34522], old=null at 0
2019-09-28 01:13:06,740 [grpc-default-executor-2] INFO  segmented.SegmentedRaftLogWorker (SegmentedRaftLogWorker.java:startLogSegment(380)) - 726dacf1-2c06-45a9-9365-4f0196171786@group-3679665D126C-SegmentedRaftLogWorker: Starting segment from index:0
2019-09-28 01:13:06,741 [grpc-default-executor-3] INFO  segmented.SegmentedRaftLogWorker (SegmentedRaftLogWorker.java:startLogSegment(380)) - 7ca580e1-9483-43e9-999f-08065f5f46f8@group-3679665D126C-SegmentedRaftLogWorker: Starting segment from index:0
2019-09-28 01:13:06,760 [8bf5c620-efb5-49b6-a768-f4179fc43006@group-6BFCA60A2FDA:LeaderElection23] INFO  impl.LeaderElection (LeaderElection.java:askForVotes(182)) - 8bf5c620-efb5-49b6-a768-f4179fc43006@group-6BFCA60A2FDA:LeaderElection23: begin an election at term 2 for -1: [cab9505b-c3df-4889-be4c-e0933a387faa:192.168.151.82:36450, 8bf5c620-efb5-49b6-a768-f4179fc43006:192.168.151.82:41397, e82472fe-71fb-4472-b416-5021845f2f54:192.168.151.82:44038], old=null
2019-09-28 01:13:06,760 [cab9505b-c3df-4889-be4c-e0933a387faa@group-6BFCA60A2FDA:LeaderElection22] INFO  impl.LeaderElection (LeaderElection.java:askForVotes(182)) - cab9505b-c3df-4889-be4c-e0933a387faa@group-6BFCA60A2FDA:LeaderElection22: begin an election at term 2 for -1: [cab9505b-c3df-4889-be4c-e0933a387faa:192.168.151.82:36450, 8bf5c620-efb5-49b6-a768-f4179fc43006:192.168.151.82:41397, e82472fe-71fb-4472-b416-5021845f2f54:192.168.151.82:44038], old=null
2019-09-28 01:13:06,765 [grpc-default-executor-2] INFO  impl.RaftServerImpl (RaftServerImpl.java:setRole(174)) - e82472fe-71fb-4472-b416-5021845f2f54@group-6BFCA60A2FDA: changes role from  FOLLOWER to FOLLOWER at term 2 for recognizeCandidate:cab9505b-c3df-4889-be4c-e0933a387faa
2019-09-28 01:13:06,765 [grpc-default-executor-2] INFO  impl.RoleInfo (RoleInfo.java:shutdownFollowerState(121)) - e82472fe-71fb-4472-b416-5021845f2f54: shutdown FollowerState
2019-09-28 01:13:06,765 [grpc-default-executor-2] INFO  impl.RoleInfo (RoleInfo.java:updateAndGet(143)) - e82472fe-71fb-4472-b416-5021845f2f54: start FollowerState
2019-09-28 01:13:06,765 [Thread-396] INFO  impl.FollowerState (FollowerState.java:run(115)) - e82472fe-71fb-4472-b416-5021845f2f54: FollowerState was interrupted: java.lang.InterruptedException: sleep interrupted
2019-09-28 01:13:06,779 [d2027d58-a939-4807-998f-7c487ceff365@group-F5D139EFAB30-SegmentedRaftLogWorker] INFO  segmented.SegmentedRaftLogWorker (SegmentedRaftLogWorker.java:execute(569)) - d2027d58-a939-4807-998f-7c487ceff365@group-F5D139EFAB30-SegmentedRaftLogWorker: created new log segment /workdir/hadoop-ozone/integration-test/target/test-dir/MiniOzoneClusterImpl-fa4977c4-dda7-4050-b4ba-2f9fed17fcef/datanode-2/data/ratis/21aa8e36-d520-40a4-81fe-f5d139efab30/current/log_inprogress_0
2019-09-28 01:13:06,779 [726dacf1-2c06-45a9-9365-4f0196171786@group-3679665D126C-SegmentedRaftLogWorker] INFO  segmented.SegmentedRaftLogWorker (SegmentedRaftLogWorker.java:execute(569)) - 726dacf1-2c06-45a9-9365-4f0196171786@group-3679665D126C-SegmentedRaftLogWorker: created new log segment /workdir/hadoop-ozone/integration-test/target/test-dir/MiniOzoneClusterImpl-fa4977c4-dda7-4050-b4ba-2f9fed17fcef/datanode-4/data/ratis/b1655f58-e2be-445f-b531-3679665d126c/current/log_inprogress_0
2019-09-28 01:13:06,779 [c5982eae-d64d-4d85-bf8e-680be3da7c97@group-F5D139EFAB30-SegmentedRaftLogWorker] INFO  segmented.SegmentedRaftLogWorker (SegmentedRaftLogWorker.java:execute(569)) - c5982eae-d64d-4d85-bf8e-680be3da7c97@group-F5D139EFAB30-SegmentedRaftLogWorker: created new log segment /workdir/hadoop-ozone/integration-test/target/test-dir/MiniOzoneClusterImpl-fa4977c4-dda7-4050-b4ba-2f9fed17fcef/datanode-9/data/ratis/21aa8e36-d520-40a4-81fe-f5d139efab30/current/log_inprogress_0
2019-09-28 01:13:06,779 [7ca580e1-9483-43e9-999f-08065f5f46f8@group-3679665D126C-SegmentedRaftLogWorker] INFO  segmented.SegmentedRaftLogWorker (SegmentedRaftLogWorker.java:execute(569)) - 7ca580e1-9483-43e9-999f-08065f5f46f8@group-3679665D126C-SegmentedRaftLogWorker: created new log segment /workdir/hadoop-ozone/integration-test/target/test-dir/MiniOzoneClusterImpl-fa4977c4-dda7-4050-b4ba-2f9fed17fcef/datanode-0/data/ratis/b1655f58-e2be-445f-b531-3679665d126c/current/log_inprogress_0
2019-09-28 01:13:06,782 [8bf5c620-efb5-49b6-a768-f4179fc43006@group-6BFCA60A2FDA:LeaderElection23] INFO  impl.LeaderElection (LeaderElection.java:logAndReturn(56)) - 8bf5c620-efb5-49b6-a768-f4179fc43006@group-6BFCA60A2FDA:LeaderElection23: Election REJECTED; received 2 response(s) [8bf5c620-efb5-49b6-a768-f4179fc43006<-cab9505b-c3df-4889-be4c-e0933a387faa#0:FAIL-t2, 8bf5c620-efb5-49b6-a768-f4179fc43006<-e82472fe-71fb-4472-b416-5021845f2f54#0:FAIL-t2] and 0 exception(s); 8bf5c620-efb5-49b6-a768-f4179fc43006@group-6BFCA60A2FDA:t2, leader=null, voted=8bf5c620-efb5-49b6-a768-f4179fc43006, raftlog=8bf5c620-efb5-49b6-a768-f4179fc43006@group-6BFCA60A2FDA-SegmentedRaftLog:OPENED:c-1,f-1,i0, conf=-1: [cab9505b-c3df-4889-be4c-e0933a387faa:192.168.151.82:36450, 8bf5c620-efb5-49b6-a768-f4179fc43006:192.168.151.82:41397, e82472fe-71fb-4472-b416-5021845f2f54:192.168.151.82:44038], old=null
2019-09-28 01:13:06,782 [cab9505b-c3df-4889-be4c-e0933a387faa@group-6BFCA60A2FDA:LeaderElection22] INFO  impl.LeaderElection (LeaderElection.java:logAndReturn(56)) - cab9505b-c3df-4889-be4c-e0933a387faa@group-6BFCA60A2FDA:LeaderElection22: Election PASSED; received 2 response(s) [cab9505b-c3df-4889-be4c-e0933a387faa<-8bf5c620-efb5-49b6-a768-f4179fc43006#0:FAIL-t2, cab9505b-c3df-4889-be4c-e0933a387faa<-e82472fe-71fb-4472-b416-5021845f2f54#0:OK-t2] and 0 exception(s); cab9505b-c3df-4889-be4c-e0933a387faa@group-6BFCA60A2FDA:t2, leader=null, voted=cab9505b-c3df-4889-be4c-e0933a387faa, raftlog=cab9505b-c3df-4889-be4c-e0933a387faa@group-6BFCA60A2FDA-SegmentedRaftLog:OPENED:c-1,f-1,i0, conf=-1: [cab9505b-c3df-4889-be4c-e0933a387faa:192.168.151.82:36450, 8bf5c620-efb5-49b6-a768-f4179fc43006:192.168.151.82:41397, e82472fe-71fb-4472-b416-5021845f2f54:192.168.151.82:44038], old=null
2019-09-28 01:13:06,782 [8bf5c620-efb5-49b6-a768-f4179fc43006@group-6BFCA60A2FDA:LeaderElection23] INFO  impl.RaftServerImpl (RaftServerImpl.java:setRole(174)) - 8bf5c620-efb5-49b6-a768-f4179fc43006@group-6BFCA60A2FDA: changes role from CANDIDATE to FOLLOWER at term 2 for DISCOVERED_A_NEW_TERM
2019-09-28 01:13:06,789 [cab9505b-c3df-4889-be4c-e0933a387faa@group-6BFCA60A2FDA:LeaderElection22] INFO  impl.RoleInfo (RoleInfo.java:shutdownLeaderElection(134)) - cab9505b-c3df-4889-be4c-e0933a387faa: shutdown LeaderElection
2019-09-28 01:13:06,793 [8bf5c620-efb5-49b6-a768-f4179fc43006@group-6BFCA60A2FDA:LeaderElection23] INFO  impl.RoleInfo (RoleInfo.java:shutdownLeaderElection(134)) - 8bf5c620-efb5-49b6-a768-f4179fc43006: shutdown LeaderElection
2019-09-28 01:13:06,795 [cab9505b-c3df-4889-be4c-e0933a387faa@group-6BFCA60A2FDA:LeaderElection22] INFO  impl.RaftServerImpl (RaftServerImpl.java:setRole(174)) - cab9505b-c3df-4889-be4c-e0933a387faa@group-6BFCA60A2FDA: changes role from CANDIDATE to LEADER at term 2 for changeToLeader
2019-09-28 01:13:06,795 [8bf5c620-efb5-49b6-a768-f4179fc43006@group-6BFCA60A2FDA:LeaderElection23] INFO  impl.RoleInfo (RoleInfo.java:updateAndGet(143)) - 8bf5c620-efb5-49b6-a768-f4179fc43006: start FollowerState
2019-09-28 01:13:06,795 [cab9505b-c3df-4889-be4c-e0933a387faa@group-6BFCA60A2FDA:LeaderElection22] INFO  impl.RaftServerImpl (ServerState.java:setLeader(253)) - cab9505b-c3df-4889-be4c-e0933a387faa@group-6BFCA60A2FDA: change Leader from null to cab9505b-c3df-4889-be4c-e0933a387faa at term 2 for becomeLeader, leader elected after 2517ms
2019-09-28 01:13:06,798 [cab9505b-c3df-4889-be4c-e0933a387faa@group-6BFCA60A2FDA:LeaderElection22] INFO  server.RaftServerConfigKeys (ConfUtils.java:logGet(43)) - raft.server.staging.catchup.gap = 1000 (default)
2019-09-28 01:13:06,798 [cab9505b-c3df-4889-be4c-e0933a387faa@group-6BFCA60A2FDA:LeaderElection22] INFO  server.RaftServerConfigKeys (ConfUtils.java:logGet(43)) - raft.server.rpc.sleep.time = 25ms (default)
2019-09-28 01:13:06,798 [cab9505b-c3df-4889-be4c-e0933a387faa@group-6BFCA60A2FDA:LeaderElection22] INFO  server.RaftServerConfigKeys (ConfUtils.java:logGet(43)) - raft.server.write.element-limit = 4096 (default)
2019-09-28 01:13:06,798 [cab9505b-c3df-4889-be4c-e0933a387faa@group-6BFCA60A2FDA:LeaderElection22] INFO  server.RaftServerConfigKeys (ConfUtils.java:logGet(43)) - raft.server.watch.timeout = 10s (default)
2019-09-28 01:13:06,799 [cab9505b-c3df-4889-be4c-e0933a387faa@group-6BFCA60A2FDA:LeaderElection22] INFO  server.RaftServerConfigKeys (ConfUtils.java:logGet(43)) - raft.server.watch.timeout.denomination = 1s (default)
2019-09-28 01:13:06,799 [cab9505b-c3df-4889-be4c-e0933a387faa@group-6BFCA60A2FDA:LeaderElection22] INFO  server.RaftServerConfigKeys (ConfUtils.java:logGet(43)) - raft.server.watch.element-limit = 65536 (default)
2019-09-28 01:13:06,801 [cab9505b-c3df-4889-be4c-e0933a387faa@group-6BFCA60A2FDA:LeaderElection22] INFO  server.RaftServerConfigKeys (ConfUtils.java:logGet(43)) - raft.server.log.appender.snapshot.chunk.size.max = 16MB (=16777216) (default)
2019-09-28 01:13:06,801 [cab9505b-c3df-4889-be4c-e0933a387faa@group-6BFCA60A2FDA:LeaderElection22] INFO  server.RaftServerConfigKeys (ConfUtils.java:logGet(43)) - raft.server.log.appender.buffer.byte-limit = 33554432 (custom)
2019-09-28 01:13:06,802 [cab9505b-c3df-4889-be4c-e0933a387faa@group-6BFCA60A2FDA:LeaderElection22] INFO  server.RaftServerConfigKeys (ConfUtils.java:logGet(43)) - raft.server.log.appender.buffer.element-limit = 1 (custom)
2019-09-28 01:13:06,802 [cab9505b-c3df-4889-be4c-e0933a387faa@group-6BFCA60A2FDA:LeaderElection22] INFO  grpc.GrpcConfigKeys$Server (ConfUtils.java:logGet(43)) - raft.grpc.server.leader.outstanding.appends.max = 128 (default)
2019-09-28 01:13:06,802 [cab9505b-c3df-4889-be4c-e0933a387faa@group-6BFCA60A2FDA:LeaderElection22] INFO  server.RaftServerConfigKeys (ConfUtils.java:logGet(43)) - raft.server.rpc.request.timeout = 3000ms (default)
2019-09-28 01:13:06,802 [cab9505b-c3df-4889-be4c-e0933a387faa@group-6BFCA60A2FDA:LeaderElection22] INFO  server.RaftServerConfigKeys (ConfUtils.java:logGet(43)) - raft.server.log.appender.install.snapshot.enabled = false (custom)
2019-09-28 01:13:06,802 [cab9505b-c3df-4889-be4c-e0933a387faa@group-6BFCA60A2FDA:LeaderElection22] INFO  server.RaftServerConfigKeys (ConfUtils.java:logGet(43)) - raft.server.log.appender.snapshot.chunk.size.max = 16MB (=16777216) (default)
2019-09-28 01:13:06,803 [cab9505b-c3df-4889-be4c-e0933a387faa@group-6BFCA60A2FDA:LeaderElection22] INFO  server.RaftServerConfigKeys (ConfUtils.java:logGet(43)) - raft.server.log.appender.buffer.byte-limit = 33554432 (custom)
2019-09-28 01:13:06,803 [cab9505b-c3df-4889-be4c-e0933a387faa@group-6BFCA60A2FDA:LeaderElection22] INFO  server.RaftServerConfigKeys (ConfUtils.java:logGet(43)) - raft.server.log.appender.buffer.element-limit = 1 (custom)
2019-09-28 01:13:06,803 [cab9505b-c3df-4889-be4c-e0933a387faa@group-6BFCA60A2FDA:LeaderElection22] INFO  grpc.GrpcConfigKeys$Server (ConfUtils.java:logGet(43)) - raft.grpc.server.leader.outstanding.appends.max = 128 (default)
2019-09-28 01:13:06,803 [cab9505b-c3df-4889-be4c-e0933a387faa@group-6BFCA60A2FDA:LeaderElection22] INFO  server.RaftServerConfigKeys (ConfUtils.java:logGet(43)) - raft.server.rpc.request.timeout = 3000ms (default)
2019-09-28 01:13:06,803 [cab9505b-c3df-4889-be4c-e0933a387faa@group-6BFCA60A2FDA:LeaderElection22] INFO  server.RaftServerConfigKeys (ConfUtils.java:logGet(43)) - raft.server.log.appender.install.snapshot.enabled = false (custom)
2019-09-28 01:13:06,803 [cab9505b-c3df-4889-be4c-e0933a387faa@group-6BFCA60A2FDA:LeaderElection22] INFO  impl.RoleInfo (RoleInfo.java:updateAndGet(143)) - cab9505b-c3df-4889-be4c-e0933a387faa: start LeaderState
2019-09-28 01:13:06,804 [cab9505b-c3df-4889-be4c-e0933a387faa@group-6BFCA60A2FDA:LeaderElection22] INFO  segmented.SegmentedRaftLogWorker (SegmentedRaftLogWorker.java:startLogSegment(380)) - cab9505b-c3df-4889-be4c-e0933a387faa@group-6BFCA60A2FDA-SegmentedRaftLogWorker: Starting segment from index:0
2019-09-28 01:13:06,804 [cab9505b-c3df-4889-be4c-e0933a387faa@group-6BFCA60A2FDA:LeaderElection22] INFO  impl.RaftServerImpl (ServerState.java:setRaftConf(354)) - cab9505b-c3df-4889-be4c-e0933a387faa@group-6BFCA60A2FDA: set configuration 0: [cab9505b-c3df-4889-be4c-e0933a387faa:192.168.151.82:36450, 8bf5c620-efb5-49b6-a768-f4179fc43006:192.168.151.82:41397, e82472fe-71fb-4472-b416-5021845f2f54:192.168.151.82:44038], old=null at 0
2019-09-28 01:13:06,835 [main] INFO  ipc.Client (Client.java:handleConnectionFailure(948)) - Retrying connect to server: localhost/127.0.0.1:0. Already tried 2 time(s); retry policy is RetryUpToMaximumCountWithFixedSleep(maxRetries=10, sleepTime=1000 MILLISECONDS)
2019-09-28 01:13:06,838 [grpc-default-executor-0] INFO  impl.RaftServerImpl (ServerState.java:setLeader(253)) - e82472fe-71fb-4472-b416-5021845f2f54@group-6BFCA60A2FDA: change Leader from null to cab9505b-c3df-4889-be4c-e0933a387faa at term 2 for appendEntries, leader elected after 2559ms
2019-09-28 01:13:06,839 [grpc-default-executor-2] INFO  impl.RaftServerImpl (ServerState.java:setLeader(253)) - 8bf5c620-efb5-49b6-a768-f4179fc43006@group-6BFCA60A2FDA: change Leader from null to cab9505b-c3df-4889-be4c-e0933a387faa at term 2 for appendEntries, leader elected after 2559ms
2019-09-28 01:13:06,842 [grpc-default-executor-2] INFO  impl.RaftServerImpl (ServerState.java:setRaftConf(354)) - e82472fe-71fb-4472-b416-5021845f2f54@group-6BFCA60A2FDA: set configuration 0: [cab9505b-c3df-4889-be4c-e0933a387faa:192.168.151.82:36450, 8bf5c620-efb5-49b6-a768-f4179fc43006:192.168.151.82:41397, e82472fe-71fb-4472-b416-5021845f2f54:192.168.151.82:44038], old=null at 0
2019-09-28 01:13:06,842 [grpc-default-executor-2] INFO  segmented.SegmentedRaftLogWorker (SegmentedRaftLogWorker.java:startLogSegment(380)) - e82472fe-71fb-4472-b416-5021845f2f54@group-6BFCA60A2FDA-SegmentedRaftLogWorker: Starting segment from index:0
2019-09-28 01:13:06,843 [grpc-default-executor-0] INFO  impl.RaftServerImpl (ServerState.java:setRaftConf(354)) - 8bf5c620-efb5-49b6-a768-f4179fc43006@group-6BFCA60A2FDA: set configuration 0: [cab9505b-c3df-4889-be4c-e0933a387faa:192.168.151.82:36450, 8bf5c620-efb5-49b6-a768-f4179fc43006:192.168.151.82:41397, e82472fe-71fb-4472-b416-5021845f2f54:192.168.151.82:44038], old=null at 0
2019-09-28 01:13:06,843 [grpc-default-executor-0] INFO  segmented.SegmentedRaftLogWorker (SegmentedRaftLogWorker.java:startLogSegment(380)) - 8bf5c620-efb5-49b6-a768-f4179fc43006@group-6BFCA60A2FDA-SegmentedRaftLogWorker: Starting segment from index:0
2019-09-28 01:13:06,860 [cab9505b-c3df-4889-be4c-e0933a387faa@group-6BFCA60A2FDA-SegmentedRaftLogWorker] INFO  segmented.SegmentedRaftLogWorker (SegmentedRaftLogWorker.java:execute(569)) - cab9505b-c3df-4889-be4c-e0933a387faa@group-6BFCA60A2FDA-SegmentedRaftLogWorker: created new log segment /workdir/hadoop-ozone/integration-test/target/test-dir/MiniOzoneClusterImpl-fa4977c4-dda7-4050-b4ba-2f9fed17fcef/datanode-8/data/ratis/3ff1798e-bf26-46a5-8571-6bfca60a2fda/current/log_inprogress_0
2019-09-28 01:13:06,889 [8bf5c620-efb5-49b6-a768-f4179fc43006@group-6BFCA60A2FDA-SegmentedRaftLogWorker] INFO  segmented.SegmentedRaftLogWorker (SegmentedRaftLogWorker.java:execute(569)) - 8bf5c620-efb5-49b6-a768-f4179fc43006@group-6BFCA60A2FDA-SegmentedRaftLogWorker: created new log segment /workdir/hadoop-ozone/integration-test/target/test-dir/MiniOzoneClusterImpl-fa4977c4-dda7-4050-b4ba-2f9fed17fcef/datanode-5/data/ratis/3ff1798e-bf26-46a5-8571-6bfca60a2fda/current/log_inprogress_0
2019-09-28 01:13:06,902 [e82472fe-71fb-4472-b416-5021845f2f54@group-6BFCA60A2FDA-SegmentedRaftLogWorker] INFO  segmented.SegmentedRaftLogWorker (SegmentedRaftLogWorker.java:execute(569)) - e82472fe-71fb-4472-b416-5021845f2f54@group-6BFCA60A2FDA-SegmentedRaftLogWorker: created new log segment /workdir/hadoop-ozone/integration-test/target/test-dir/MiniOzoneClusterImpl-fa4977c4-dda7-4050-b4ba-2f9fed17fcef/datanode-1/data/ratis/3ff1798e-bf26-46a5-8571-6bfca60a2fda/current/log_inprogress_0
2019-09-28 01:13:07,837 [main] INFO  ipc.Client (Client.java:handleConnectionFailure(948)) - Retrying connect to server: localhost/127.0.0.1:0. Already tried 3 time(s); retry policy is RetryUpToMaximumCountWithFixedSleep(maxRetries=10, sleepTime=1000 MILLISECONDS)
2019-09-28 01:13:08,838 [main] INFO  ipc.Client (Client.java:handleConnectionFailure(948)) - Retrying connect to server: localhost/127.0.0.1:0. Already tried 4 time(s); retry policy is RetryUpToMaximumCountWithFixedSleep(maxRetries=10, sleepTime=1000 MILLISECONDS)
2019-09-28 01:13:09,841 [main] INFO  ipc.Client (Client.java:handleConnectionFailure(948)) - Retrying connect to server: localhost/127.0.0.1:0. Already tried 5 time(s); retry policy is RetryUpToMaximumCountWithFixedSleep(maxRetries=10, sleepTime=1000 MILLISECONDS)
2019-09-28 01:13:10,846 [main] INFO  ipc.Client (Client.java:handleConnectionFailure(948)) - Retrying connect to server: localhost/127.0.0.1:0. Already tried 6 time(s); retry policy is RetryUpToMaximumCountWithFixedSleep(maxRetries=10, sleepTime=1000 MILLISECONDS)
2019-09-28 01:13:11,848 [main] INFO  ipc.Client (Client.java:handleConnectionFailure(948)) - Retrying connect to server: localhost/127.0.0.1:0. Already tried 7 time(s); retry policy is RetryUpToMaximumCountWithFixedSleep(maxRetries=10, sleepTime=1000 MILLISECONDS)
2019-09-28 01:13:12,849 [main] INFO  ipc.Client (Client.java:handleConnectionFailure(948)) - Retrying connect to server: localhost/127.0.0.1:0. Already tried 8 time(s); retry policy is RetryUpToMaximumCountWithFixedSleep(maxRetries=10, sleepTime=1000 MILLISECONDS)
2019-09-28 01:13:13,851 [main] INFO  ipc.Client (Client.java:handleConnectionFailure(948)) - Retrying connect to server: localhost/127.0.0.1:0. Already tried 9 time(s); retry policy is RetryUpToMaximumCountWithFixedSleep(maxRetries=10, sleepTime=1000 MILLISECONDS)
2019-09-28 01:13:14,857 [main] INFO  ipc.Client (Client.java:handleConnectionFailure(948)) - Retrying connect to server: localhost/127.0.0.1:0. Already tried 0 time(s); retry policy is RetryUpToMaximumCountWithFixedSleep(maxRetries=10, sleepTime=1000 MILLISECONDS)
2019-09-28 01:13:15,858 [main] INFO  ipc.Client (Client.java:handleConnectionFailure(948)) - Retrying connect to server: localhost/127.0.0.1:0. Already tried 1 time(s); retry policy is RetryUpToMaximumCountWithFixedSleep(maxRetries=10, sleepTime=1000 MILLISECONDS)
2019-09-28 01:13:16,860 [main] INFO  ipc.Client (Client.java:handleConnectionFailure(948)) - Retrying connect to server: localhost/127.0.0.1:0. Already tried 2 time(s); retry policy is RetryUpToMaximumCountWithFixedSleep(maxRetries=10, sleepTime=1000 MILLISECONDS)
2019-09-28 01:13:17,862 [main] INFO  ipc.Client (Client.java:handleConnectionFailure(948)) - Retrying connect to server: localhost/127.0.0.1:0. Already tried 3 time(s); retry policy is RetryUpToMaximumCountWithFixedSleep(maxRetries=10, sleepTime=1000 MILLISECONDS)
2019-09-28 01:13:18,863 [main] INFO  ipc.Client (Client.java:handleConnectionFailure(948)) - Retrying connect to server: localhost/127.0.0.1:0. Already tried 4 time(s); retry policy is RetryUpToMaximumCountWithFixedSleep(maxRetries=10, sleepTime=1000 MILLISECONDS)
2019-09-28 01:13:19,865 [main] INFO  ipc.Client (Client.java:handleConnectionFailure(948)) - Retrying connect to server: localhost/127.0.0.1:0. Already tried 5 time(s); retry policy is RetryUpToMaximumCountWithFixedSleep(maxRetries=10, sleepTime=1000 MILLISECONDS)
2019-09-28 01:13:20,867 [main] INFO  ipc.Client (Client.java:handleConnectionFailure(948)) - Retrying connect to server: localhost/127.0.0.1:0. Already tried 6 time(s); retry policy is RetryUpToMaximumCountWithFixedSleep(maxRetries=10, sleepTime=1000 MILLISECONDS)
2019-09-28 01:13:21,868 [main] INFO  ipc.Client (Client.java:handleConnectionFailure(948)) - Retrying connect to server: localhost/127.0.0.1:0. Already tried 7 time(s); retry policy is RetryUpToMaximumCountWithFixedSleep(maxRetries=10, sleepTime=1000 MILLISECONDS)
2019-09-28 01:13:22,869 [main] INFO  ipc.Client (Client.java:handleConnectionFailure(948)) - Retrying connect to server: localhost/127.0.0.1:0. Already tried 8 time(s); retry policy is RetryUpToMaximumCountWithFixedSleep(maxRetries=10, sleepTime=1000 MILLISECONDS)
2019-09-28 01:13:23,882 [main] INFO  ipc.Client (Client.java:handleConnectionFailure(948)) - Retrying connect to server: localhost/127.0.0.1:0. Already tried 9 time(s); retry policy is RetryUpToMaximumCountWithFixedSleep(maxRetries=10, sleepTime=1000 MILLISECONDS)
2019-09-28 01:13:23,887 [main] INFO  retry.RetryInvocationHandler (RetryInvocationHandler.java:log(411)) - com.google.protobuf.ServiceException: java.net.ConnectException: Your endpoint configuration is wrong; For more details see:  http://wiki.apache.org/hadoop/UnsetHostnameOrPort, while invoking $Proxy35.submitRequest over nodeId=null,nodeAddress=127.0.0.1:0 after 1 failover attempts. Trying to failover immediately.
2019-09-28 01:13:24,888 [main] INFO  ipc.Client (Client.java:handleConnectionFailure(948)) - Retrying connect to server: localhost/127.0.0.1:0. Already tried 0 time(s); retry policy is RetryUpToMaximumCountWithFixedSleep(maxRetries=10, sleepTime=1000 MILLISECONDS)
2019-09-28 01:13:25,889 [main] INFO  ipc.Client (Client.java:handleConnectionFailure(948)) - Retrying connect to server: localhost/127.0.0.1:0. Already tried 1 time(s); retry policy is RetryUpToMaximumCountWithFixedSleep(maxRetries=10, sleepTime=1000 MILLISECONDS)
2019-09-28 01:13:26,891 [main] INFO  ipc.Client (Client.java:handleConnectionFailure(948)) - Retrying connect to server: localhost/127.0.0.1:0. Already tried 2 time(s); retry policy is RetryUpToMaximumCountWithFixedSleep(maxRetries=10, sleepTime=1000 MILLISECONDS)
2019-09-28 01:13:28,323 [main] INFO  ipc.Client (Client.java:handleConnectionFailure(948)) - Retrying connect to server: localhost/127.0.0.1:0. Already tried 3 time(s); retry policy is RetryUpToMaximumCountWithFixedSleep(maxRetries=10, sleepTime=1000 MILLISECONDS)
2019-09-28 01:13:29,325 [main] INFO  ipc.Client (Client.java:handleConnectionFailure(948)) - Retrying connect to server: localhost/127.0.0.1:0. Already tried 4 time(s); retry policy is RetryUpToMaximumCountWithFixedSleep(maxRetries=10, sleepTime=1000 MILLISECONDS)
2019-09-28 01:13:30,327 [main] INFO  ipc.Client (Client.java:handleConnectionFailure(948)) - Retrying connect to server: localhost/127.0.0.1:0. Already tried 5 time(s); retry policy is RetryUpToMaximumCountWithFixedSleep(maxRetries=10, sleepTime=1000 MILLISECONDS)
2019-09-28 01:13:31,328 [main] INFO  ipc.Client (Client.java:handleConnectionFailure(948)) - Retrying connect to server: localhost/127.0.0.1:0. Already tried 6 time(s); retry policy is RetryUpToMaximumCountWithFixedSleep(maxRetries=10, sleepTime=1000 MILLISECONDS)
2019-09-28 01:13:32,329 [main] INFO  ipc.Client (Client.java:handleConnectionFailure(948)) - Retrying connect to server: localhost/127.0.0.1:0. Already tried 7 time(s); retry policy is RetryUpToMaximumCountWithFixedSleep(maxRetries=10, sleepTime=1000 MILLISECONDS)
2019-09-28 01:13:33,331 [main] INFO  ipc.Client (Client.java:handleConnectionFailure(948)) - Retrying connect to server: localhost/127.0.0.1:0. Already tried 8 time(s); retry policy is RetryUpToMaximumCountWithFixedSleep(maxRetries=10, sleepTime=1000 MILLISECONDS)
2019-09-28 01:13:34,332 [main] INFO  ipc.Client (Client.java:handleConnectionFailure(948)) - Retrying connect to server: localhost/127.0.0.1:0. Already tried 9 time(s); retry policy is RetryUpToMaximumCountWithFixedSleep(maxRetries=10, sleepTime=1000 MILLISECONDS)
2019-09-28 01:13:34,334 [main] INFO  retry.RetryInvocationHandler (RetryInvocationHandler.java:log(411)) - com.google.protobuf.ServiceException: java.net.ConnectException: Your endpoint configuration is wrong; For more details see:  http://wiki.apache.org/hadoop/UnsetHostnameOrPort, while invoking $Proxy35.submitRequest over nodeId=null,nodeAddress=127.0.0.1:0 after 2 failover attempts. Trying to failover immediately.
2019-09-28 01:13:35,335 [main] INFO  ipc.Client (Client.java:handleConnectionFailure(948)) - Retrying connect to server: localhost/127.0.0.1:0. Already tried 0 time(s); retry policy is RetryUpToMaximumCountWithFixedSleep(maxRetries=10, sleepTime=1000 MILLISECONDS)
2019-09-28 01:13:36,336 [main] INFO  ipc.Client (Client.java:handleConnectionFailure(948)) - Retrying connect to server: localhost/127.0.0.1:0. Already tried 1 time(s); retry policy is RetryUpToMaximumCountWithFixedSleep(maxRetries=10, sleepTime=1000 MILLISECONDS)
2019-09-28 01:13:37,338 [main] INFO  ipc.Client (Client.java:handleConnectionFailure(948)) - Retrying connect to server: localhost/127.0.0.1:0. Already tried 2 time(s); retry policy is RetryUpToMaximumCountWithFixedSleep(maxRetries=10, sleepTime=1000 MILLISECONDS)
2019-09-28 01:13:38,340 [main] INFO  ipc.Client (Client.java:handleConnectionFailure(948)) - Retrying connect to server: localhost/127.0.0.1:0. Already tried 3 time(s); retry policy is RetryUpToMaximumCountWithFixedSleep(maxRetries=10, sleepTime=1000 MILLISECONDS)
2019-09-28 01:13:39,341 [main] INFO  ipc.Client (Client.java:handleConnectionFailure(948)) - Retrying connect to server: localhost/127.0.0.1:0. Already tried 4 time(s); retry policy is RetryUpToMaximumCountWithFixedSleep(maxRetries=10, sleepTime=1000 MILLISECONDS)
2019-09-28 01:13:40,342 [main] INFO  ipc.Client (Client.java:handleConnectionFailure(948)) - Retrying connect to server: localhost/127.0.0.1:0. Already tried 5 time(s); retry policy is RetryUpToMaximumCountWithFixedSleep(maxRetries=10, sleepTime=1000 MILLISECONDS)
2019-09-28 01:13:41,344 [main] INFO  ipc.Client (Client.java:handleConnectionFailure(948)) - Retrying connect to server: localhost/127.0.0.1:0. Already tried 6 time(s); retry policy is RetryUpToMaximumCountWithFixedSleep(maxRetries=10, sleepTime=1000 MILLISECONDS)
2019-09-28 01:13:42,345 [main] INFO  ipc.Client (Client.java:handleConnectionFailure(948)) - Retrying connect to server: localhost/127.0.0.1:0. Already tried 7 time(s); retry policy is RetryUpToMaximumCountWithFixedSleep(maxRetries=10, sleepTime=1000 MILLISECONDS)
2019-09-28 01:13:43,346 [main] INFO  ipc.Client (Client.java:handleConnectionFailure(948)) - Retrying connect to server: localhost/127.0.0.1:0. Already tried 8 time(s); retry policy is RetryUpToMaximumCountWithFixedSleep(maxRetries=10, sleepTime=1000 MILLISECONDS)
2019-09-28 01:13:44,348 [main] INFO  ipc.Client (Client.java:handleConnectionFailure(948)) - Retrying connect to server: localhost/127.0.0.1:0. Already tried 9 time(s); retry policy is RetryUpToMaximumCountWithFixedSleep(maxRetries=10, sleepTime=1000 MILLISECONDS)
2019-09-28 01:13:44,350 [main] INFO  retry.RetryInvocationHandler (RetryInvocationHandler.java:log(411)) - com.google.protobuf.ServiceException: java.net.ConnectException: Your endpoint configuration is wrong; For more details see:  http://wiki.apache.org/hadoop/UnsetHostnameOrPort, while invoking $Proxy35.submitRequest over nodeId=null,nodeAddress=127.0.0.1:0 after 3 failover attempts. Trying to failover immediately.
2019-09-28 01:13:45,351 [main] INFO  ipc.Client (Client.java:handleConnectionFailure(948)) - Retrying connect to server: localhost/127.0.0.1:0. Already tried 0 time(s); retry policy is RetryUpToMaximumCountWithFixedSleep(maxRetries=10, sleepTime=1000 MILLISECONDS)
2019-09-28 01:13:46,352 [main] INFO  ipc.Client (Client.java:handleConnectionFailure(948)) - Retrying connect to server: localhost/127.0.0.1:0. Already tried 1 time(s); retry policy is RetryUpToMaximumCountWithFixedSleep(maxRetries=10, sleepTime=1000 MILLISECONDS)
2019-09-28 01:13:47,354 [main] INFO  ipc.Client (Client.java:handleConnectionFailure(948)) - Retrying connect to server: localhost/127.0.0.1:0. Already tried 2 time(s); retry policy is RetryUpToMaximumCountWithFixedSleep(maxRetries=10, sleepTime=1000 MILLISECONDS)
2019-09-28 01:13:48,362 [main] INFO  ipc.Client (Client.java:handleConnectionFailure(948)) - Retrying connect to server: localhost/127.0.0.1:0. Already tried 3 time(s); retry policy is RetryUpToMaximumCountWithFixedSleep(maxRetries=10, sleepTime=1000 MILLISECONDS)
2019-09-28 01:13:49,366 [main] INFO  ipc.Client (Client.java:handleConnectionFailure(948)) - Retrying connect to server: localhost/127.0.0.1:0. Already tried 4 time(s); retry policy is RetryUpToMaximumCountWithFixedSleep(maxRetries=10, sleepTime=1000 MILLISECONDS)
2019-09-28 01:13:50,371 [main] INFO  ipc.Client (Client.java:handleConnectionFailure(948)) - Retrying connect to server: localhost/127.0.0.1:0. Already tried 5 time(s); retry policy is RetryUpToMaximumCountWithFixedSleep(maxRetries=10, sleepTime=1000 MILLISECONDS)
2019-09-28 01:13:51,375 [main] INFO  ipc.Client (Client.java:handleConnectionFailure(948)) - Retrying connect to server: localhost/127.0.0.1:0. Already tried 6 time(s); retry policy is RetryUpToMaximumCountWithFixedSleep(maxRetries=10, sleepTime=1000 MILLISECONDS)
2019-09-28 01:13:52,381 [main] INFO  ipc.Client (Client.java:handleConnectionFailure(948)) - Retrying connect to server: localhost/127.0.0.1:0. Already tried 7 time(s); retry policy is RetryUpToMaximumCountWithFixedSleep(maxRetries=10, sleepTime=1000 MILLISECONDS)
2019-09-28 01:13:53,387 [main] INFO  ipc.Client (Client.java:handleConnectionFailure(948)) - Retrying connect to server: localhost/127.0.0.1:0. Already tried 8 time(s); retry policy is RetryUpToMaximumCountWithFixedSleep(maxRetries=10, sleepTime=1000 MILLISECONDS)
2019-09-28 01:13:54,391 [main] INFO  ipc.Client (Client.java:handleConnectionFailure(948)) - Retrying connect to server: localhost/127.0.0.1:0. Already tried 9 time(s); retry policy is RetryUpToMaximumCountWithFixedSleep(maxRetries=10, sleepTime=1000 MILLISECONDS)
2019-09-28 01:13:54,393 [main] INFO  retry.RetryInvocationHandler (RetryInvocationHandler.java:log(411)) - com.google.protobuf.ServiceException: java.net.ConnectException: Your endpoint configuration is wrong; For more details see:  http://wiki.apache.org/hadoop/UnsetHostnameOrPort, while invoking $Proxy35.submitRequest over nodeId=null,nodeAddress=127.0.0.1:0 after 4 failover attempts. Trying to failover immediately.
2019-09-28 01:13:55,397 [main] INFO  ipc.Client (Client.java:handleConnectionFailure(948)) - Retrying connect to server: localhost/127.0.0.1:0. Already tried 0 time(s); retry policy is RetryUpToMaximumCountWithFixedSleep(maxRetries=10, sleepTime=1000 MILLISECONDS)
2019-09-28 01:13:56,401 [main] INFO  ipc.Client (Client.java:handleConnectionFailure(948)) - Retrying connect to server: localhost/127.0.0.1:0. Already tried 1 time(s); retry policy is RetryUpToMaximumCountWithFixedSleep(maxRetries=10, sleepTime=1000 MILLISECONDS)
2019-09-28 01:13:57,403 [main] INFO  ipc.Client (Client.java:handleConnectionFailure(948)) - Retrying connect to server: localhost/127.0.0.1:0. Already tried 2 time(s); retry policy is RetryUpToMaximumCountWithFixedSleep(maxRetries=10, sleepTime=1000 MILLISECONDS)
2019-09-28 01:13:58,404 [main] INFO  ipc.Client (Client.java:handleConnectionFailure(948)) - Retrying connect to server: localhost/127.0.0.1:0. Already tried 3 time(s); retry policy is RetryUpToMaximumCountWithFixedSleep(maxRetries=10, sleepTime=1000 MILLISECONDS)
2019-09-28 01:13:59,405 [main] INFO  ipc.Client (Client.java:handleConnectionFailure(948)) - Retrying connect to server: localhost/127.0.0.1:0. Already tried 4 time(s); retry policy is RetryUpToMaximumCountWithFixedSleep(maxRetries=10, sleepTime=1000 MILLISECONDS)
2019-09-28 01:14:00,406 [main] INFO  ipc.Client (Client.java:handleConnectionFailure(948)) - Retrying connect to server: localhost/127.0.0.1:0. Already tried 5 time(s); retry policy is RetryUpToMaximumCountWithFixedSleep(maxRetries=10, sleepTime=1000 MILLISECONDS)
2019-09-28 01:14:01,408 [main] INFO  ipc.Client (Client.java:handleConnectionFailure(948)) - Retrying connect to server: localhost/127.0.0.1:0. Already tried 6 time(s); retry policy is RetryUpToMaximumCountWithFixedSleep(maxRetries=10, sleepTime=1000 MILLISECONDS)
2019-09-28 01:14:02,409 [main] INFO  ipc.Client (Client.java:handleConnectionFailure(948)) - Retrying connect to server: localhost/127.0.0.1:0. Already tried 7 time(s); retry policy is RetryUpToMaximumCountWithFixedSleep(maxRetries=10, sleepTime=1000 MILLISECONDS)
2019-09-28 01:14:03,410 [main] INFO  ipc.Client (Client.java:handleConnectionFailure(948)) - Retrying connect to server: localhost/127.0.0.1:0. Already tried 8 time(s); retry policy is RetryUpToMaximumCountWithFixedSleep(maxRetries=10, sleepTime=1000 MILLISECONDS)
2019-09-28 01:14:04,412 [main] INFO  ipc.Client (Client.java:handleConnectionFailure(948)) - Retrying connect to server: localhost/127.0.0.1:0. Already tried 9 time(s); retry policy is RetryUpToMaximumCountWithFixedSleep(maxRetries=10, sleepTime=1000 MILLISECONDS)
2019-09-28 01:14:04,413 [main] INFO  retry.RetryInvocationHandler (RetryInvocationHandler.java:log(411)) - com.google.protobuf.ServiceException: java.net.ConnectException: Your endpoint configuration is wrong; For more details see:  http://wiki.apache.org/hadoop/UnsetHostnameOrPort, while invoking $Proxy35.submitRequest over nodeId=null,nodeAddress=127.0.0.1:0 after 5 failover attempts. Trying to failover immediately.
2019-09-28 01:14:05,415 [main] INFO  ipc.Client (Client.java:handleConnectionFailure(948)) - Retrying connect to server: localhost/127.0.0.1:0. Already tried 0 time(s); retry policy is RetryUpToMaximumCountWithFixedSleep(maxRetries=10, sleepTime=1000 MILLISECONDS)
2019-09-28 01:14:06,416 [main] INFO  ipc.Client (Client.java:handleConnectionFailure(948)) - Retrying connect to server: localhost/127.0.0.1:0. Already tried 1 time(s); retry policy is RetryUpToMaximumCountWithFixedSleep(maxRetries=10, sleepTime=1000 MILLISECONDS)
2019-09-28 01:14:07,417 [main] INFO  ipc.Client (Client.java:handleConnectionFailure(948)) - Retrying connect to server: localhost/127.0.0.1:0. Already tried 2 time(s); retry policy is RetryUpToMaximumCountWithFixedSleep(maxRetries=10, sleepTime=1000 MILLISECONDS)
2019-09-28 01:14:08,419 [main] INFO  ipc.Client (Client.java:handleConnectionFailure(948)) - Retrying connect to server: localhost/127.0.0.1:0. Already tried 3 time(s); retry policy is RetryUpToMaximumCountWithFixedSleep(maxRetries=10, sleepTime=1000 MILLISECONDS)
2019-09-28 01:14:09,420 [main] INFO  ipc.Client (Client.java:handleConnectionFailure(948)) - Retrying connect to server: localhost/127.0.0.1:0. Already tried 4 time(s); retry policy is RetryUpToMaximumCountWithFixedSleep(maxRetries=10, sleepTime=1000 MILLISECONDS)
2019-09-28 01:14:10,422 [main] INFO  ipc.Client (Client.java:handleConnectionFailure(948)) - Retrying connect to server: localhost/127.0.0.1:0. Already tried 5 time(s); retry policy is RetryUpToMaximumCountWithFixedSleep(maxRetries=10, sleepTime=1000 MILLISECONDS)
2019-09-28 01:14:11,423 [main] INFO  ipc.Client (Client.java:handleConnectionFailure(948)) - Retrying connect to server: localhost/127.0.0.1:0. Already tried 6 time(s); retry policy is RetryUpToMaximumCountWithFixedSleep(maxRetries=10, sleepTime=1000 MILLISECONDS)
2019-09-28 01:14:12,424 [main] INFO  ipc.Client (Client.java:handleConnectionFailure(948)) - Retrying connect to server: localhost/127.0.0.1:0. Already tried 7 time(s); retry policy is RetryUpToMaximumCountWithFixedSleep(maxRetries=10, sleepTime=1000 MILLISECONDS)
2019-09-28 01:14:13,426 [main] INFO  ipc.Client (Client.java:handleConnectionFailure(948)) - Retrying connect to server: localhost/127.0.0.1:0. Already tried 8 time(s); retry policy is RetryUpToMaximumCountWithFixedSleep(maxRetries=10, sleepTime=1000 MILLISECONDS)
2019-09-28 01:14:14,428 [main] INFO  ipc.Client (Client.java:handleConnectionFailure(948)) - Retrying connect to server: localhost/127.0.0.1:0. Already tried 9 time(s); retry policy is RetryUpToMaximumCountWithFixedSleep(maxRetries=10, sleepTime=1000 MILLISECONDS)
2019-09-28 01:14:14,430 [main] INFO  retry.RetryInvocationHandler (RetryInvocationHandler.java:log(411)) - com.google.protobuf.ServiceException: java.net.ConnectException: Your endpoint configuration is wrong; For more details see:  http://wiki.apache.org/hadoop/UnsetHostnameOrPort, while invoking $Proxy35.submitRequest over nodeId=null,nodeAddress=127.0.0.1:0 after 6 failover attempts. Trying to failover immediately.
2019-09-28 01:14:15,431 [main] INFO  ipc.Client (Client.java:handleConnectionFailure(948)) - Retrying connect to server: localhost/127.0.0.1:0. Already tried 0 time(s); retry policy is RetryUpToMaximumCountWithFixedSleep(maxRetries=10, sleepTime=1000 MILLISECONDS)
2019-09-28 01:14:16,434 [main] INFO  ipc.Client (Client.java:handleConnectionFailure(948)) - Retrying connect to server: localhost/127.0.0.1:0. Already tried 1 time(s); retry policy is RetryUpToMaximumCountWithFixedSleep(maxRetries=10, sleepTime=1000 MILLISECONDS)
2019-09-28 01:14:17,435 [main] INFO  ipc.Client (Client.java:handleConnectionFailure(948)) - Retrying connect to server: localhost/127.0.0.1:0. Already tried 2 time(s); retry policy is RetryUpToMaximumCountWithFixedSleep(maxRetries=10, sleepTime=1000 MILLISECONDS)
2019-09-28 01:14:18,436 [main] INFO  ipc.Client (Client.java:handleConnectionFailure(948)) - Retrying connect to server: localhost/127.0.0.1:0. Already tried 3 time(s); retry policy is RetryUpToMaximumCountWithFixedSleep(maxRetries=10, sleepTime=1000 MILLISECONDS)
2019-09-28 01:14:19,437 [main] INFO  ipc.Client (Client.java:handleConnectionFailure(948)) - Retrying connect to server: localhost/127.0.0.1:0. Already tried 4 time(s); retry policy is RetryUpToMaximumCountWithFixedSleep(maxRetries=10, sleepTime=1000 MILLISECONDS)
2019-09-28 01:14:20,439 [main] INFO  ipc.Client (Client.java:handleConnectionFailure(948)) - Retrying connect to server: localhost/127.0.0.1:0. Already tried 5 time(s); retry policy is RetryUpToMaximumCountWithFixedSleep(maxRetries=10, sleepTime=1000 MILLISECONDS)
2019-09-28 01:14:21,440 [main] INFO  ipc.Client (Client.java:handleConnectionFailure(948)) - Retrying connect to server: localhost/127.0.0.1:0. Already tried 6 time(s); retry policy is RetryUpToMaximumCountWithFixedSleep(maxRetries=10, sleepTime=1000 MILLISECONDS)
2019-09-28 01:14:22,442 [main] INFO  ipc.Client (Client.java:handleConnectionFailure(948)) - Retrying connect to server: localhost/127.0.0.1:0. Already tried 7 time(s); retry policy is RetryUpToMaximumCountWithFixedSleep(maxRetries=10, sleepTime=1000 MILLISECONDS)
2019-09-28 01:14:23,443 [main] INFO  ipc.Client (Client.java:handleConnectionFailure(948)) - Retrying connect to server: localhost/127.0.0.1:0. Already tried 8 time(s); retry policy is RetryUpToMaximumCountWithFixedSleep(maxRetries=10, sleepTime=1000 MILLISECONDS)
2019-09-28 01:14:24,444 [main] INFO  ipc.Client (Client.java:handleConnectionFailure(948)) - Retrying connect to server: localhost/127.0.0.1:0. Already tried 9 time(s); retry policy is RetryUpToMaximumCountWithFixedSleep(maxRetries=10, sleepTime=1000 MILLISECONDS)
2019-09-28 01:14:24,447 [main] INFO  retry.RetryInvocationHandler (RetryInvocationHandler.java:log(411)) - com.google.protobuf.ServiceException: java.net.ConnectException: Your endpoint configuration is wrong; For more details see:  http://wiki.apache.org/hadoop/UnsetHostnameOrPort, while invoking $Proxy35.submitRequest over nodeId=null,nodeAddress=127.0.0.1:0 after 7 failover attempts. Trying to failover immediately.
2019-09-28 01:14:25,448 [main] INFO  ipc.Client (Client.java:handleConnectionFailure(948)) - Retrying connect to server: localhost/127.0.0.1:0. Already tried 0 time(s); retry policy is RetryUpToMaximumCountWithFixedSleep(maxRetries=10, sleepTime=1000 MILLISECONDS)
2019-09-28 01:14:26,449 [main] INFO  ipc.Client (Client.java:handleConnectionFailure(948)) - Retrying connect to server: localhost/127.0.0.1:0. Already tried 1 time(s); retry policy is RetryUpToMaximumCountWithFixedSleep(maxRetries=10, sleepTime=1000 MILLISECONDS)
2019-09-28 01:14:27,451 [main] INFO  ipc.Client (Client.java:handleConnectionFailure(948)) - Retrying connect to server: localhost/127.0.0.1:0. Already tried 2 time(s); retry policy is RetryUpToMaximumCountWithFixedSleep(maxRetries=10, sleepTime=1000 MILLISECONDS)
2019-09-28 01:14:28,452 [main] INFO  ipc.Client (Client.java:handleConnectionFailure(948)) - Retrying connect to server: localhost/127.0.0.1:0. Already tried 3 time(s); retry policy is RetryUpToMaximumCountWithFixedSleep(maxRetries=10, sleepTime=1000 MILLISECONDS)
2019-09-28 01:14:29,454 [main] INFO  ipc.Client (Client.java:handleConnectionFailure(948)) - Retrying connect to server: localhost/127.0.0.1:0. Already tried 4 time(s); retry policy is RetryUpToMaximumCountWithFixedSleep(maxRetries=10, sleepTime=1000 MILLISECONDS)
2019-09-28 01:14:30,455 [main] INFO  ipc.Client (Client.java:handleConnectionFailure(948)) - Retrying connect to server: localhost/127.0.0.1:0. Already tried 5 time(s); retry policy is RetryUpToMaximumCountWithFixedSleep(maxRetries=10, sleepTime=1000 MILLISECONDS)
2019-09-28 01:14:31,459 [main] INFO  ipc.Client (Client.java:handleConnectionFailure(948)) - Retrying connect to server: localhost/127.0.0.1:0. Already tried 6 time(s); retry policy is RetryUpToMaximumCountWithFixedSleep(maxRetries=10, sleepTime=1000 MILLISECONDS)
2019-09-28 01:14:32,462 [main] INFO  ipc.Client (Client.java:handleConnectionFailure(948)) - Retrying connect to server: localhost/127.0.0.1:0. Already tried 7 time(s); retry policy is RetryUpToMaximumCountWithFixedSleep(maxRetries=10, sleepTime=1000 MILLISECONDS)
2019-09-28 01:14:33,463 [main] INFO  ipc.Client (Client.java:handleConnectionFailure(948)) - Retrying connect to server: localhost/127.0.0.1:0. Already tried 8 time(s); retry policy is RetryUpToMaximumCountWithFixedSleep(maxRetries=10, sleepTime=1000 MILLISECONDS)
2019-09-28 01:14:34,465 [main] INFO  ipc.Client (Client.java:handleConnectionFailure(948)) - Retrying connect to server: localhost/127.0.0.1:0. Already tried 9 time(s); retry policy is RetryUpToMaximumCountWithFixedSleep(maxRetries=10, sleepTime=1000 MILLISECONDS)
2019-09-28 01:14:34,467 [main] INFO  retry.RetryInvocationHandler (RetryInvocationHandler.java:log(411)) - com.google.protobuf.ServiceException: java.net.ConnectException: Your endpoint configuration is wrong; For more details see:  http://wiki.apache.org/hadoop/UnsetHostnameOrPort, while invoking $Proxy35.submitRequest over nodeId=null,nodeAddress=127.0.0.1:0 after 8 failover attempts. Trying to failover immediately.
2019-09-28 01:14:35,468 [main] INFO  ipc.Client (Client.java:handleConnectionFailure(948)) - Retrying connect to server: localhost/127.0.0.1:0. Already tried 0 time(s); retry policy is RetryUpToMaximumCountWithFixedSleep(maxRetries=10, sleepTime=1000 MILLISECONDS)
2019-09-28 01:14:36,470 [main] INFO  ipc.Client (Client.java:handleConnectionFailure(948)) - Retrying connect to server: localhost/127.0.0.1:0. Already tried 1 time(s); retry policy is RetryUpToMaximumCountWithFixedSleep(maxRetries=10, sleepTime=1000 MILLISECONDS)
2019-09-28 01:14:37,471 [main] INFO  ipc.Client (Client.java:handleConnectionFailure(948)) - Retrying connect to server: localhost/127.0.0.1:0. Already tried 2 time(s); retry policy is RetryUpToMaximumCountWithFixedSleep(maxRetries=10, sleepTime=1000 MILLISECONDS)
2019-09-28 01:14:38,472 [main] INFO  ipc.Client (Client.java:handleConnectionFailure(948)) - Retrying connect to server: localhost/127.0.0.1:0. Already tried 3 time(s); retry policy is RetryUpToMaximumCountWithFixedSleep(maxRetries=10, sleepTime=1000 MILLISECONDS)
2019-09-28 01:14:39,474 [main] INFO  ipc.Client (Client.java:handleConnectionFailure(948)) - Retrying connect to server: localhost/127.0.0.1:0. Already tried 4 time(s); retry policy is RetryUpToMaximumCountWithFixedSleep(maxRetries=10, sleepTime=1000 MILLISECONDS)
2019-09-28 01:14:40,475 [main] INFO  ipc.Client (Client.java:handleConnectionFailure(948)) - Retrying connect to server: localhost/127.0.0.1:0. Already tried 5 time(s); retry policy is RetryUpToMaximumCountWithFixedSleep(maxRetries=10, sleepTime=1000 MILLISECONDS)
2019-09-28 01:14:41,476 [main] INFO  ipc.Client (Client.java:handleConnectionFailure(948)) - Retrying connect to server: localhost/127.0.0.1:0. Already tried 6 time(s); retry policy is RetryUpToMaximumCountWithFixedSleep(maxRetries=10, sleepTime=1000 MILLISECONDS)
2019-09-28 01:14:42,478 [main] INFO  ipc.Client (Client.java:handleConnectionFailure(948)) - Retrying connect to server: localhost/127.0.0.1:0. Already tried 7 time(s); retry policy is RetryUpToMaximumCountWithFixedSleep(maxRetries=10, sleepTime=1000 MILLISECONDS)
2019-09-28 01:14:43,479 [main] INFO  ipc.Client (Client.java:handleConnectionFailure(948)) - Retrying connect to server: localhost/127.0.0.1:0. Already tried 8 time(s); retry policy is RetryUpToMaximumCountWithFixedSleep(maxRetries=10, sleepTime=1000 MILLISECONDS)
2019-09-28 01:14:44,481 [main] INFO  ipc.Client (Client.java:handleConnectionFailure(948)) - Retrying connect to server: localhost/127.0.0.1:0. Already tried 9 time(s); retry policy is RetryUpToMaximumCountWithFixedSleep(maxRetries=10, sleepTime=1000 MILLISECONDS)
2019-09-28 01:14:44,482 [main] INFO  retry.RetryInvocationHandler (RetryInvocationHandler.java:log(411)) - com.google.protobuf.ServiceException: java.net.ConnectException: Your endpoint configuration is wrong; For more details see:  http://wiki.apache.org/hadoop/UnsetHostnameOrPort, while invoking $Proxy35.submitRequest over nodeId=null,nodeAddress=127.0.0.1:0 after 9 failover attempts. Trying to failover immediately.
2019-09-28 01:14:45,484 [main] INFO  ipc.Client (Client.java:handleConnectionFailure(948)) - Retrying connect to server: localhost/127.0.0.1:0. Already tried 0 time(s); retry policy is RetryUpToMaximumCountWithFixedSleep(maxRetries=10, sleepTime=1000 MILLISECONDS)
2019-09-28 01:14:46,485 [main] INFO  ipc.Client (Client.java:handleConnectionFailure(948)) - Retrying connect to server: localhost/127.0.0.1:0. Already tried 1 time(s); retry policy is RetryUpToMaximumCountWithFixedSleep(maxRetries=10, sleepTime=1000 MILLISECONDS)
2019-09-28 01:14:47,487 [main] INFO  ipc.Client (Client.java:handleConnectionFailure(948)) - Retrying connect to server: localhost/127.0.0.1:0. Already tried 2 time(s); retry policy is RetryUpToMaximumCountWithFixedSleep(maxRetries=10, sleepTime=1000 MILLISECONDS)
2019-09-28 01:14:48,488 [main] INFO  ipc.Client (Client.java:handleConnectionFailure(948)) - Retrying connect to server: localhost/127.0.0.1:0. Already tried 3 time(s); retry policy is RetryUpToMaximumCountWithFixedSleep(maxRetries=10, sleepTime=1000 MILLISECONDS)
2019-09-28 01:14:49,489 [main] INFO  ipc.Client (Client.java:handleConnectionFailure(948)) - Retrying connect to server: localhost/127.0.0.1:0. Already tried 4 time(s); retry policy is RetryUpToMaximumCountWithFixedSleep(maxRetries=10, sleepTime=1000 MILLISECONDS)
2019-09-28 01:14:50,491 [main] INFO  ipc.Client (Client.java:handleConnectionFailure(948)) - Retrying connect to server: localhost/127.0.0.1:0. Already tried 5 time(s); retry policy is RetryUpToMaximumCountWithFixedSleep(maxRetries=10, sleepTime=1000 MILLISECONDS)
2019-09-28 01:14:51,492 [main] INFO  ipc.Client (Client.java:handleConnectionFailure(948)) - Retrying connect to server: localhost/127.0.0.1:0. Already tried 6 time(s); retry policy is RetryUpToMaximumCountWithFixedSleep(maxRetries=10, sleepTime=1000 MILLISECONDS)
2019-09-28 01:14:52,493 [main] INFO  ipc.Client (Client.java:handleConnectionFailure(948)) - Retrying connect to server: localhost/127.0.0.1:0. Already tried 7 time(s); retry policy is RetryUpToMaximumCountWithFixedSleep(maxRetries=10, sleepTime=1000 MILLISECONDS)
2019-09-28 01:14:53,495 [main] INFO  ipc.Client (Client.java:handleConnectionFailure(948)) - Retrying connect to server: localhost/127.0.0.1:0. Already tried 8 time(s); retry policy is RetryUpToMaximumCountWithFixedSleep(maxRetries=10, sleepTime=1000 MILLISECONDS)
2019-09-28 01:14:54,497 [main] INFO  ipc.Client (Client.java:handleConnectionFailure(948)) - Retrying connect to server: localhost/127.0.0.1:0. Already tried 9 time(s); retry policy is RetryUpToMaximumCountWithFixedSleep(maxRetries=10, sleepTime=1000 MILLISECONDS)
2019-09-28 01:14:54,499 [main] ERROR ha.OMFailoverProxyProvider (OzoneManagerProtocolClientSideTranslatorPB.java:getRetryAction(268)) - Failed to connect to OM. Attempted 10 retries and 10 failovers
2019-09-28 01:14:54,504 [main] ERROR client.OzoneClientFactory (OzoneClientFactory.java:getClientProtocol(259)) - Couldn't create RpcClient protocol exception: 
java.net.ConnectException: Your endpoint configuration is wrong; For more details see:  http://wiki.apache.org/hadoop/UnsetHostnameOrPort
	at sun.reflect.NativeConstructorAccessorImpl.newInstance0(Native Method)
	at sun.reflect.NativeConstructorAccessorImpl.newInstance(NativeConstructorAccessorImpl.java:62)
	at sun.reflect.DelegatingConstructorAccessorImpl.newInstance(DelegatingConstructorAccessorImpl.java:45)
	at java.lang.reflect.Constructor.newInstance(Constructor.java:423)
	at org.apache.hadoop.net.NetUtils.wrapWithMessage(NetUtils.java:831)
	at org.apache.hadoop.net.NetUtils.wrapException(NetUtils.java:751)
	at org.apache.hadoop.ipc.Client.getRpcResponse(Client.java:1515)
	at org.apache.hadoop.ipc.Client.call(Client.java:1457)
	at org.apache.hadoop.ipc.Client.call(Client.java:1367)
	at org.apache.hadoop.ipc.ProtobufRpcEngine$Invoker.invoke(ProtobufRpcEngine.java:228)
	at org.apache.hadoop.ipc.ProtobufRpcEngine$Invoker.invoke(ProtobufRpcEngine.java:116)
	at com.sun.proxy.$Proxy35.submitRequest(Unknown Source)
	at sun.reflect.NativeMethodAccessorImpl.invoke0(Native Method)
	at sun.reflect.NativeMethodAccessorImpl.invoke(NativeMethodAccessorImpl.java:62)
	at sun.reflect.DelegatingMethodAccessorImpl.invoke(DelegatingMethodAccessorImpl.java:43)
	at java.lang.reflect.Method.invoke(Method.java:498)
	at org.apache.hadoop.io.retry.RetryInvocationHandler.invokeMethod(RetryInvocationHandler.java:422)
	at org.apache.hadoop.io.retry.RetryInvocationHandler$Call.invokeMethod(RetryInvocationHandler.java:165)
	at org.apache.hadoop.io.retry.RetryInvocationHandler$Call.invoke(RetryInvocationHandler.java:157)
	at org.apache.hadoop.io.retry.RetryInvocationHandler$Call.invokeOnce(RetryInvocationHandler.java:95)
	at org.apache.hadoop.io.retry.RetryInvocationHandler.invoke(RetryInvocationHandler.java:359)
	at com.sun.proxy.$Proxy35.submitRequest(Unknown Source)
	at org.apache.hadoop.ozone.om.protocolPB.OzoneManagerProtocolClientSideTranslatorPB.submitRequest(OzoneManagerProtocolClientSideTranslatorPB.java:338)
	at org.apache.hadoop.ozone.om.protocolPB.OzoneManagerProtocolClientSideTranslatorPB.getServiceInfo(OzoneManagerProtocolClientSideTranslatorPB.java:1223)
	at sun.reflect.NativeMethodAccessorImpl.invoke0(Native Method)
	at sun.reflect.NativeMethodAccessorImpl.invoke(NativeMethodAccessorImpl.java:62)
	at sun.reflect.DelegatingMethodAccessorImpl.invoke(DelegatingMethodAccessorImpl.java:43)
	at java.lang.reflect.Method.invoke(Method.java:498)
	at org.apache.hadoop.hdds.tracing.TraceAllMethod.invoke(TraceAllMethod.java:66)
	at com.sun.proxy.$Proxy36.getServiceInfo(Unknown Source)
	at org.apache.hadoop.ozone.client.rpc.RpcClient.<init>(RpcClient.java:154)
	at org.apache.hadoop.ozone.client.OzoneClientFactory.getClientProtocol(OzoneClientFactory.java:256)
	at org.apache.hadoop.ozone.client.OzoneClientFactory.getClientProtocol(OzoneClientFactory.java:239)
	at org.apache.hadoop.ozone.client.OzoneClientFactory.getClient(OzoneClientFactory.java:75)
	at org.apache.hadoop.ozone.client.rpc.TestFailureHandlingByClient.init(TestFailureHandlingByClient.java:111)
	at org.apache.hadoop.ozone.client.rpc.TestFailureHandlingByClient.startCluster(TestFailureHandlingByClient.java:121)
	at org.apache.hadoop.ozone.client.rpc.TestFailureHandlingByClient.testPipelineExclusionWithPipelineFailure(TestFailureHandlingByClient.java:345)
	at sun.reflect.NativeMethodAccessorImpl.invoke0(Native Method)
	at sun.reflect.NativeMethodAccessorImpl.invoke(NativeMethodAccessorImpl.java:62)
	at sun.reflect.DelegatingMethodAccessorImpl.invoke(DelegatingMethodAccessorImpl.java:43)
	at java.lang.reflect.Method.invoke(Method.java:498)
	at org.junit.runners.model.FrameworkMethod$1.runReflectiveCall(FrameworkMethod.java:47)
	at org.junit.internal.runners.model.ReflectiveCallable.run(ReflectiveCallable.java:12)
	at org.junit.runners.model.FrameworkMethod.invokeExplosively(FrameworkMethod.java:44)
	at org.junit.internal.runners.statements.InvokeMethod.evaluate(InvokeMethod.java:17)
	at org.junit.internal.runners.statements.RunAfters.evaluate(RunAfters.java:27)
	at org.junit.runners.ParentRunner.runLeaf(ParentRunner.java:271)
	at org.junit.runners.BlockJUnit4ClassRunner.runChild(BlockJUnit4ClassRunner.java:70)
	at org.junit.runners.BlockJUnit4ClassRunner.runChild(BlockJUnit4ClassRunner.java:50)
	at org.junit.runners.ParentRunner$3.run(ParentRunner.java:238)
	at org.junit.runners.ParentRunner$1.schedule(ParentRunner.java:63)
	at org.junit.runners.ParentRunner.runChildren(ParentRunner.java:236)
	at org.junit.runners.ParentRunner.access$000(ParentRunner.java:53)
	at org.junit.runners.ParentRunner$2.evaluate(ParentRunner.java:229)
	at org.junit.runners.ParentRunner.run(ParentRunner.java:309)
	at org.apache.maven.surefire.junit4.JUnit4Provider.execute(JUnit4Provider.java:365)
	at org.apache.maven.surefire.junit4.JUnit4Provider.executeWithRerun(JUnit4Provider.java:273)
	at org.apache.maven.surefire.junit4.JUnit4Provider.executeTestSet(JUnit4Provider.java:238)
	at org.apache.maven.surefire.junit4.JUnit4Provider.invoke(JUnit4Provider.java:159)
	at org.apache.maven.surefire.booter.ForkedBooter.invokeProviderInSameClassLoader(ForkedBooter.java:384)
	at org.apache.maven.surefire.booter.ForkedBooter.runSuitesInProcess(ForkedBooter.java:345)
	at org.apache.maven.surefire.booter.ForkedBooter.execute(ForkedBooter.java:126)
	at org.apache.maven.surefire.booter.ForkedBooter.main(ForkedBooter.java:418)
Caused by: java.net.ConnectException: Connection refused
	at sun.nio.ch.SocketChannelImpl.checkConnect(Native Method)
	at sun.nio.ch.SocketChannelImpl.finishConnect(SocketChannelImpl.java:717)
	at org.apache.hadoop.net.SocketIOWithTimeout.connect(SocketIOWithTimeout.java:206)
	at org.apache.hadoop.net.NetUtils.connect(NetUtils.java:531)
	at org.apache.hadoop.ipc.Client$Connection.setupConnection(Client.java:690)
	at org.apache.hadoop.ipc.Client$Connection.setupIOstreams(Client.java:794)
	at org.apache.hadoop.ipc.Client$Connection.access$3700(Client.java:411)
	at org.apache.hadoop.ipc.Client.getConnection(Client.java:1572)
	at org.apache.hadoop.ipc.Client.call(Client.java:1403)
	... 55 more
2019-09-28 01:14:54,511 [main] INFO  ozone.MiniOzoneClusterImpl (MiniOzoneClusterImpl.java:shutdown(314)) - Shutting down the Mini Ozone Cluster
2019-09-28 01:14:54,512 [main] INFO  ozone.MiniOzoneClusterImpl (MiniOzoneClusterImpl.java:stop(330)) - Stopping the Mini Ozone Cluster
2019-09-28 01:14:54,512 [main] INFO  ozone.MiniOzoneClusterImpl (MiniOzoneClusterImpl.java:stopOM(400)) - Stopping the OzoneManager
2019-09-28 01:14:54,513 [main] INFO  ipc.Server (Server.java:stop(3082)) - Stopping server on 37962
2019-09-28 01:14:54,537 [IPC Server listener on 37962] INFO  ipc.Server (Server.java:run(1185)) - Stopping IPC Server listener on 37962
2019-09-28 01:14:54,540 [main] INFO  ratis.OzoneManagerDoubleBuffer (OzoneManagerDoubleBuffer.java:stop(248)) - Stopping OMDoubleBuffer flush thread
2019-09-28 01:14:54,550 [IPC Server Responder] INFO  ipc.Server (Server.java:run(1319)) - Stopping IPC Server Responder
2019-09-28 01:14:54,562 [OMDoubleBufferFlushThread] INFO  ratis.OzoneManagerDoubleBuffer (OzoneManagerDoubleBuffer.java:flushTransactions(191)) - OMDoubleBuffer flush thread OMDoubleBufferFlushThread is interrupted and will exit. OMDoubleBufferFlushThread
2019-09-28 01:14:54,616 [main] INFO  utils.BackgroundService (BackgroundService.java:shutdown(148)) - Shutting down service KeyDeletingService
2019-09-28 01:14:54,623 [main] INFO  handler.ContextHandler (ContextHandler.java:doStop(910)) - Stopped o.e.j.w.WebAppContext@1965539b{/,null,UNAVAILABLE}{/ozoneManager}
2019-09-28 01:14:54,632 [main] INFO  server.AbstractConnector (AbstractConnector.java:doStop(318)) - Stopped ServerConnector@2fc07784{HTTP/1.1,[http/1.1]}{0.0.0.0:0}
2019-09-28 01:14:54,633 [main] INFO  handler.ContextHandler (ContextHandler.java:doStop(910)) - Stopped o.e.j.s.ServletContextHandler@989da1{/static,file:///workdir/hadoop-ozone/integration-test/target/test-classes/webapps/static,UNAVAILABLE}
2019-09-28 01:14:54,634 [main] INFO  handler.ContextHandler (ContextHandler.java:doStop(910)) - Stopped o.e.j.s.ServletContextHandler@562c877a{/logs,file:///workdir/hadoop-ozone/integration-test/target/log,UNAVAILABLE}
2019-09-28 01:14:54,641 [main] INFO  ozone.MiniOzoneClusterImpl (MiniOzoneClusterImpl.java:stopDatanodes(377)) - Stopping the HddsDatanodes
2019-09-28 01:14:55,365 [Datanode State Machine Thread - 0] INFO  statemachine.DatanodeStateMachine (DatanodeStateMachine.java:lambda$startDaemon$0(350)) - Ozone container server started.
2019-09-28 01:14:55,365 [Datanode State Machine Thread - 0] INFO  statemachine.DatanodeStateMachine (DatanodeStateMachine.java:lambda$startDaemon$0(350)) - Ozone container server started.
2019-09-28 01:14:59,647 [main] INFO  ozoneimpl.OzoneContainer (OzoneContainer.java:stop(231)) - Attempting to stop container services.
2019-09-28 01:14:59,647 [ForkJoinPool.commonPool-worker-0] INFO  ozoneimpl.OzoneContainer (OzoneContainer.java:stop(231)) - Attempting to stop container services.
2019-09-28 01:14:59,649 [ForkJoinPool.commonPool-worker-0] INFO  impl.RaftServerProxy (RaftServerProxy.java:lambda$close$4(314)) - d2027d58-a939-4807-998f-7c487ceff365: close
2019-09-28 01:14:59,649 [main] INFO  impl.RaftServerProxy (RaftServerProxy.java:lambda$close$4(314)) - 8bf5c620-efb5-49b6-a768-f4179fc43006: close
2019-09-28 01:14:59,653 [ForkJoinPool.commonPool-worker-0] INFO  impl.RaftServerImpl (RaftServerImpl.java:lambda$shutdown$3(251)) - d2027d58-a939-4807-998f-7c487ceff365@group-F5D139EFAB30: shutdown
2019-09-28 01:14:59,653 [main] INFO  impl.RaftServerImpl (RaftServerImpl.java:lambda$shutdown$3(251)) - 8bf5c620-efb5-49b6-a768-f4179fc43006@group-6BFCA60A2FDA: shutdown
2019-09-28 01:14:59,653 [ForkJoinPool.commonPool-worker-0] INFO  util.JmxRegister (JmxRegister.java:unregister(73)) - Successfully un-registered JMX Bean with object name Ratis:service=RaftServer,group=group-F5D139EFAB30,id=d2027d58-a939-4807-998f-7c487ceff365
2019-09-28 01:14:59,654 [main] INFO  util.JmxRegister (JmxRegister.java:unregister(73)) - Successfully un-registered JMX Bean with object name Ratis:service=RaftServer,group=group-6BFCA60A2FDA,id=8bf5c620-efb5-49b6-a768-f4179fc43006
2019-09-28 01:14:59,654 [ForkJoinPool.commonPool-worker-0] INFO  impl.RoleInfo (RoleInfo.java:shutdownFollowerState(121)) - d2027d58-a939-4807-998f-7c487ceff365: shutdown FollowerState
2019-09-28 01:14:59,654 [main] INFO  impl.RoleInfo (RoleInfo.java:shutdownFollowerState(121)) - 8bf5c620-efb5-49b6-a768-f4179fc43006: shutdown FollowerState
2019-09-28 01:14:59,655 [Thread-408] INFO  impl.FollowerState (FollowerState.java:run(115)) - d2027d58-a939-4807-998f-7c487ceff365: FollowerState was interrupted: java.lang.InterruptedException: sleep interrupted
2019-09-28 01:14:59,655 [ForkJoinPool.commonPool-worker-0] INFO  impl.StateMachineUpdater (StateMachineUpdater.java:stopAndJoin(125)) - d2027d58-a939-4807-998f-7c487ceff365@group-F5D139EFAB30-StateMachineUpdater: set stopIndex = 0
2019-09-28 01:14:59,663 [Thread-434] INFO  impl.FollowerState (FollowerState.java:run(115)) - 8bf5c620-efb5-49b6-a768-f4179fc43006: FollowerState was interrupted: java.lang.InterruptedException: sleep interrupted
2019-09-28 01:14:59,655 [main] INFO  impl.StateMachineUpdater (StateMachineUpdater.java:stopAndJoin(125)) - 8bf5c620-efb5-49b6-a768-f4179fc43006@group-6BFCA60A2FDA-StateMachineUpdater: set stopIndex = 0
2019-09-28 01:14:59,666 [main] INFO  impl.RaftServerImpl (ServerState.java:close(385)) - 8bf5c620-efb5-49b6-a768-f4179fc43006@group-6BFCA60A2FDA: closes. applyIndex: 0
2019-09-28 01:14:59,663 [ForkJoinPool.commonPool-worker-0] INFO  impl.RaftServerImpl (ServerState.java:close(385)) - d2027d58-a939-4807-998f-7c487ceff365@group-F5D139EFAB30: closes. applyIndex: 0
2019-09-28 01:14:59,669 [8bf5c620-efb5-49b6-a768-f4179fc43006@group-6BFCA60A2FDA-SegmentedRaftLogWorker] INFO  segmented.SegmentedRaftLogWorker (SegmentedRaftLogWorker.java:run(313)) - 8bf5c620-efb5-49b6-a768-f4179fc43006@group-6BFCA60A2FDA-SegmentedRaftLogWorker was interrupted, exiting. There are 0 tasks remaining in the queue.
2019-09-28 01:14:59,669 [d2027d58-a939-4807-998f-7c487ceff365@group-F5D139EFAB30-SegmentedRaftLogWorker] INFO  segmented.SegmentedRaftLogWorker (SegmentedRaftLogWorker.java:run(313)) - d2027d58-a939-4807-998f-7c487ceff365@group-F5D139EFAB30-SegmentedRaftLogWorker was interrupted, exiting. There are 0 tasks remaining in the queue.
2019-09-28 01:14:59,675 [main] INFO  segmented.SegmentedRaftLogWorker (SegmentedRaftLogWorker.java:close(228)) - 8bf5c620-efb5-49b6-a768-f4179fc43006@group-6BFCA60A2FDA-SegmentedRaftLogWorker close()
2019-09-28 01:14:59,675 [ForkJoinPool.commonPool-worker-0] INFO  segmented.SegmentedRaftLogWorker (SegmentedRaftLogWorker.java:close(228)) - d2027d58-a939-4807-998f-7c487ceff365@group-F5D139EFAB30-SegmentedRaftLogWorker close()
2019-09-28 01:14:59,680 [main] INFO  impl.RaftServerImpl (RaftServerImpl.java:lambda$shutdown$3(251)) - 8bf5c620-efb5-49b6-a768-f4179fc43006@group-ED113BF3DDD9: shutdown
2019-09-28 01:14:59,685 [ForkJoinPool.commonPool-worker-0] INFO  impl.RaftServerImpl (RaftServerImpl.java:lambda$shutdown$3(251)) - d2027d58-a939-4807-998f-7c487ceff365@group-10710D6A9C3C: shutdown
2019-09-28 01:14:59,685 [main] INFO  util.JmxRegister (JmxRegister.java:unregister(73)) - Successfully un-registered JMX Bean with object name Ratis:service=RaftServer,group=group-ED113BF3DDD9,id=8bf5c620-efb5-49b6-a768-f4179fc43006
2019-09-28 01:14:59,686 [ForkJoinPool.commonPool-worker-0] INFO  util.JmxRegister (JmxRegister.java:unregister(73)) - Successfully un-registered JMX Bean with object name Ratis:service=RaftServer,group=group-10710D6A9C3C,id=d2027d58-a939-4807-998f-7c487ceff365
2019-09-28 01:14:59,686 [main] INFO  impl.RoleInfo (RoleInfo.java:shutdownLeaderState(104)) - 8bf5c620-efb5-49b6-a768-f4179fc43006: shutdown LeaderState
2019-09-28 01:14:59,686 [ForkJoinPool.commonPool-worker-0] INFO  impl.RoleInfo (RoleInfo.java:shutdownLeaderState(104)) - d2027d58-a939-4807-998f-7c487ceff365: shutdown LeaderState
2019-09-28 01:14:59,687 [main] INFO  impl.PendingRequests (PendingRequests.java:sendNotLeaderResponses(202)) - 8bf5c620-efb5-49b6-a768-f4179fc43006-PendingRequests: sendNotLeaderResponses
2019-09-28 01:14:59,687 [ForkJoinPool.commonPool-worker-0] INFO  impl.PendingRequests (PendingRequests.java:sendNotLeaderResponses(202)) - d2027d58-a939-4807-998f-7c487ceff365-PendingRequests: sendNotLeaderResponses
2019-09-28 01:14:59,691 [main] INFO  impl.StateMachineUpdater (StateMachineUpdater.java:stopAndJoin(125)) - 8bf5c620-efb5-49b6-a768-f4179fc43006@group-ED113BF3DDD9-StateMachineUpdater: set stopIndex = 0
2019-09-28 01:14:59,691 [ForkJoinPool.commonPool-worker-0] INFO  impl.StateMachineUpdater (StateMachineUpdater.java:stopAndJoin(125)) - d2027d58-a939-4807-998f-7c487ceff365@group-10710D6A9C3C-StateMachineUpdater: set stopIndex = 0
2019-09-28 01:14:59,694 [main] INFO  impl.RaftServerImpl (ServerState.java:close(385)) - 8bf5c620-efb5-49b6-a768-f4179fc43006@group-ED113BF3DDD9: closes. applyIndex: 0
2019-09-28 01:14:59,694 [ForkJoinPool.commonPool-worker-0] INFO  impl.RaftServerImpl (ServerState.java:close(385)) - d2027d58-a939-4807-998f-7c487ceff365@group-10710D6A9C3C: closes. applyIndex: 0
2019-09-28 01:14:59,695 [8bf5c620-efb5-49b6-a768-f4179fc43006@group-ED113BF3DDD9-SegmentedRaftLogWorker] INFO  segmented.SegmentedRaftLogWorker (SegmentedRaftLogWorker.java:run(313)) - 8bf5c620-efb5-49b6-a768-f4179fc43006@group-ED113BF3DDD9-SegmentedRaftLogWorker was interrupted, exiting. There are 0 tasks remaining in the queue.
2019-09-28 01:14:59,698 [d2027d58-a939-4807-998f-7c487ceff365@group-10710D6A9C3C-SegmentedRaftLogWorker] INFO  segmented.SegmentedRaftLogWorker (SegmentedRaftLogWorker.java:run(313)) - d2027d58-a939-4807-998f-7c487ceff365@group-10710D6A9C3C-SegmentedRaftLogWorker was interrupted, exiting. There are 0 tasks remaining in the queue.
2019-09-28 01:14:59,699 [main] INFO  segmented.SegmentedRaftLogWorker (SegmentedRaftLogWorker.java:close(228)) - 8bf5c620-efb5-49b6-a768-f4179fc43006@group-ED113BF3DDD9-SegmentedRaftLogWorker close()
2019-09-28 01:14:59,702 [ForkJoinPool.commonPool-worker-0] INFO  segmented.SegmentedRaftLogWorker (SegmentedRaftLogWorker.java:close(228)) - d2027d58-a939-4807-998f-7c487ceff365@group-10710D6A9C3C-SegmentedRaftLogWorker close()
2019-09-28 01:14:59,711 [main] INFO  server.GrpcService (GrpcService.java:closeImpl(164)) - 8bf5c620-efb5-49b6-a768-f4179fc43006: shutdown server with port 41397 now
2019-09-28 01:14:59,711 [ForkJoinPool.commonPool-worker-0] INFO  server.GrpcService (GrpcService.java:closeImpl(164)) - d2027d58-a939-4807-998f-7c487ceff365: shutdown server with port 43961 now
2019-09-28 01:14:59,728 [grpc-default-executor-1] WARN  server.GrpcServerProtocolService (LogUtils.java:warn(134)) - d2027d58-a939-4807-998f-7c487ceff365: installSnapshot onError, lastRequest: 8a2f89dc-5374-4145-86d1-b1660ecca13e->d2027d58-a939-4807-998f-7c487ceff365#224-t2, previous=(t:2, i:0), leaderCommit=0, initializing? false, entries: <empty>: org.apache.ratis.thirdparty.io.grpc.StatusRuntimeException: CANCELLED: cancelled before receiving half close
2019-09-28 01:14:59,728 [main] INFO  server.GrpcService (GrpcService.java:closeImpl(172)) - 8bf5c620-efb5-49b6-a768-f4179fc43006: shutdown server with port 41397 successfully
2019-09-28 01:14:59,728 [ForkJoinPool.commonPool-worker-0] INFO  server.GrpcService (GrpcService.java:closeImpl(172)) - d2027d58-a939-4807-998f-7c487ceff365: shutdown server with port 43961 successfully
2019-09-28 01:14:59,728 [grpc-default-executor-0] WARN  server.GrpcServerProtocolService (LogUtils.java:warn(134)) - 8bf5c620-efb5-49b6-a768-f4179fc43006: installSnapshot onError, lastRequest: cab9505b-c3df-4889-be4c-e0933a387faa->8bf5c620-efb5-49b6-a768-f4179fc43006#223-t2, previous=(t:2, i:0), leaderCommit=0, initializing? false, entries: <empty>: org.apache.ratis.thirdparty.io.grpc.StatusRuntimeException: CANCELLED: cancelled before receiving half close
2019-09-28 01:14:59,737 [grpc-default-executor-2] WARN  server.GrpcLogAppender (LogUtils.java:warn(134)) - cab9505b-c3df-4889-be4c-e0933a387faa@group-6BFCA60A2FDA->8bf5c620-efb5-49b6-a768-f4179fc43006-AppendLogResponseHandler: Failed appendEntries: org.apache.ratis.thirdparty.io.grpc.StatusRuntimeException: CANCELLED: HTTP/2 error code: CANCEL
Received Rst Stream
2019-09-28 01:14:59,738 [grpc-default-executor-5] WARN  server.GrpcLogAppender (LogUtils.java:warn(134)) - 8a2f89dc-5374-4145-86d1-b1660ecca13e@group-F5D139EFAB30->d2027d58-a939-4807-998f-7c487ceff365-AppendLogResponseHandler: Failed appendEntries: org.apache.ratis.thirdparty.io.grpc.StatusRuntimeException: CANCELLED: HTTP/2 error code: CANCEL
Received Rst Stream
2019-09-28 01:14:59,747 [refreshUsed-/workdir/hadoop-ozone/integration-test/target/test-dir/MiniOzoneClusterImpl-fa4977c4-dda7-4050-b4ba-2f9fed17fcef/datanode-5/data/containers] WARN  fs.CachingGetSpaceUsed (CachingGetSpaceUsed.java:run(183)) - Thread Interrupted waiting to refresh disk information: sleep interrupted
2019-09-28 01:14:59,747 [grpc-default-executor-5] INFO  impl.FollowerInfo (FollowerInfo.java:lambda$new$0(51)) - 8a2f89dc-5374-4145-86d1-b1660ecca13e@group-F5D139EFAB30->d2027d58-a939-4807-998f-7c487ceff365: nextIndex: updateUnconditionally 1 -> 0
2019-09-28 01:14:59,747 [refreshUsed-/workdir/hadoop-ozone/integration-test/target/test-dir/MiniOzoneClusterImpl-fa4977c4-dda7-4050-b4ba-2f9fed17fcef/datanode-2/data/containers] WARN  fs.CachingGetSpaceUsed (CachingGetSpaceUsed.java:run(183)) - Thread Interrupted waiting to refresh disk information: sleep interrupted
2019-09-28 01:14:59,751 [grpc-default-executor-2] INFO  impl.FollowerInfo (FollowerInfo.java:lambda$new$0(51)) - cab9505b-c3df-4889-be4c-e0933a387faa@group-6BFCA60A2FDA->8bf5c620-efb5-49b6-a768-f4179fc43006: nextIndex: updateUnconditionally 1 -> 0
2019-09-28 01:14:59,778 [ForkJoinPool.commonPool-worker-0] INFO  utils.BackgroundService (BackgroundService.java:shutdown(148)) - Shutting down service BlockDeletingService
2019-09-28 01:14:59,785 [ForkJoinPool.commonPool-worker-0] INFO  statemachine.DatanodeStateMachine (DatanodeStateMachine.java:stopDaemon(395)) - Ozone container server stopped.
2019-09-28 01:14:59,795 [ForkJoinPool.commonPool-worker-0] INFO  handler.ContextHandler (ContextHandler.java:doStop(910)) - Stopped o.e.j.w.WebAppContext@434514d8{/,null,UNAVAILABLE}{/hddsDatanode}
2019-09-28 01:14:59,796 [ForkJoinPool.commonPool-worker-0] INFO  server.AbstractConnector (AbstractConnector.java:doStop(318)) - Stopped ServerConnector@6b1dc20f{HTTP/1.1,[http/1.1]}{0.0.0.0:0}
2019-09-28 01:14:59,798 [ForkJoinPool.commonPool-worker-0] INFO  handler.ContextHandler (ContextHandler.java:doStop(910)) - Stopped o.e.j.s.ServletContextHandler@733aa9d8{/static,jar:file:/home/user/.m2/repository/org/apache/hadoop/hadoop-hdds-container-service/0.5.0-SNAPSHOT/hadoop-hdds-container-service-0.5.0-SNAPSHOT.jar!/webapps/static,UNAVAILABLE}
2019-09-28 01:14:59,799 [ForkJoinPool.commonPool-worker-0] INFO  handler.ContextHandler (ContextHandler.java:doStop(910)) - Stopped o.e.j.s.ServletContextHandler@a098d76{/logs,file:///workdir/hadoop-ozone/integration-test/target/log,UNAVAILABLE}
2019-09-28 01:14:59,801 [main] INFO  utils.BackgroundService (BackgroundService.java:shutdown(148)) - Shutting down service BlockDeletingService
2019-09-28 01:14:59,806 [main] INFO  statemachine.DatanodeStateMachine (DatanodeStateMachine.java:stopDaemon(395)) - Ozone container server stopped.
2019-09-28 01:14:59,807 [main] INFO  handler.ContextHandler (ContextHandler.java:doStop(910)) - Stopped o.e.j.w.WebAppContext@46a145ba{/,null,UNAVAILABLE}{/hddsDatanode}
2019-09-28 01:14:59,808 [main] INFO  server.AbstractConnector (AbstractConnector.java:doStop(318)) - Stopped ServerConnector@7ab34619{HTTP/1.1,[http/1.1]}{0.0.0.0:0}
2019-09-28 01:14:59,808 [main] INFO  handler.ContextHandler (ContextHandler.java:doStop(910)) - Stopped o.e.j.s.ServletContextHandler@12d5c30e{/static,jar:file:/home/user/.m2/repository/org/apache/hadoop/hadoop-hdds-container-service/0.5.0-SNAPSHOT/hadoop-hdds-container-service-0.5.0-SNAPSHOT.jar!/webapps/static,UNAVAILABLE}
2019-09-28 01:14:59,808 [main] INFO  handler.ContextHandler (ContextHandler.java:doStop(910)) - Stopped o.e.j.s.ServletContextHandler@77bb48d5{/logs,file:///workdir/hadoop-ozone/integration-test/target/log,UNAVAILABLE}
2019-09-28 01:14:59,912 [grpc-default-executor-1] WARN  server.GrpcLogAppender (LogUtils.java:warn(134)) - cab9505b-c3df-4889-be4c-e0933a387faa@group-6BFCA60A2FDA->8bf5c620-efb5-49b6-a768-f4179fc43006-AppendLogResponseHandler: Failed appendEntries: org.apache.ratis.thirdparty.io.grpc.StatusRuntimeException: UNAVAILABLE: io exception
2019-09-28 01:14:59,915 [grpc-default-executor-1] INFO  impl.FollowerInfo (FollowerInfo.java:lambda$new$0(51)) - cab9505b-c3df-4889-be4c-e0933a387faa@group-6BFCA60A2FDA->8bf5c620-efb5-49b6-a768-f4179fc43006: nextIndex: updateUnconditionally 0 -> 0
2019-09-28 01:14:59,978 [grpc-default-executor-2] WARN  server.GrpcLogAppender (LogUtils.java:warn(134)) - 8a2f89dc-5374-4145-86d1-b1660ecca13e@group-F5D139EFAB30->d2027d58-a939-4807-998f-7c487ceff365-AppendLogResponseHandler: Failed appendEntries: org.apache.ratis.thirdparty.io.grpc.StatusRuntimeException: UNAVAILABLE: io exception
2019-09-28 01:14:59,980 [grpc-default-executor-2] INFO  impl.FollowerInfo (FollowerInfo.java:lambda$new$0(51)) - 8a2f89dc-5374-4145-86d1-b1660ecca13e@group-F5D139EFAB30->d2027d58-a939-4807-998f-7c487ceff365: nextIndex: updateUnconditionally 0 -> 0
2019-09-28 01:15:00,365 [Datanode State Machine Thread - 0] INFO  statemachine.DatanodeStateMachine (DatanodeStateMachine.java:lambda$startDaemon$0(350)) - Ozone container server started.
2019-09-28 01:15:00,390 [Datanode State Machine Thread - 0] INFO  statemachine.DatanodeStateMachine (DatanodeStateMachine.java:lambda$startDaemon$0(350)) - Ozone container server started.
2019-09-28 01:15:00,406 [grpc-default-executor-5] WARN  server.GrpcLogAppender (LogUtils.java:warn(134)) - cab9505b-c3df-4889-be4c-e0933a387faa@group-6BFCA60A2FDA->8bf5c620-efb5-49b6-a768-f4179fc43006-AppendLogResponseHandler: Failed appendEntries: org.apache.ratis.thirdparty.io.grpc.StatusRuntimeException: UNAVAILABLE: io exception
2019-09-28 01:15:00,409 [grpc-default-executor-5] INFO  impl.FollowerInfo (FollowerInfo.java:lambda$new$0(51)) - cab9505b-c3df-4889-be4c-e0933a387faa@group-6BFCA60A2FDA->8bf5c620-efb5-49b6-a768-f4179fc43006: nextIndex: updateUnconditionally 0 -> 0
2019-09-28 01:15:00,481 [grpc-default-executor-0] WARN  server.GrpcLogAppender (LogUtils.java:warn(134)) - 8a2f89dc-5374-4145-86d1-b1660ecca13e@group-F5D139EFAB30->d2027d58-a939-4807-998f-7c487ceff365-AppendLogResponseHandler: Failed appendEntries: org.apache.ratis.thirdparty.io.grpc.StatusRuntimeException: UNAVAILABLE: io exception
2019-09-28 01:15:00,484 [grpc-default-executor-0] INFO  impl.FollowerInfo (FollowerInfo.java:lambda$new$0(51)) - 8a2f89dc-5374-4145-86d1-b1660ecca13e@group-F5D139EFAB30->d2027d58-a939-4807-998f-7c487ceff365: nextIndex: updateUnconditionally 0 -> 0
2019-09-28 01:15:00,909 [grpc-default-executor-3] WARN  server.GrpcLogAppender (LogUtils.java:warn(134)) - cab9505b-c3df-4889-be4c-e0933a387faa@group-6BFCA60A2FDA->8bf5c620-efb5-49b6-a768-f4179fc43006-AppendLogResponseHandler: Failed appendEntries: org.apache.ratis.thirdparty.io.grpc.StatusRuntimeException: UNAVAILABLE: io exception
2019-09-28 01:15:00,912 [grpc-default-executor-3] INFO  impl.FollowerInfo (FollowerInfo.java:lambda$new$0(51)) - cab9505b-c3df-4889-be4c-e0933a387faa@group-6BFCA60A2FDA->8bf5c620-efb5-49b6-a768-f4179fc43006: nextIndex: updateUnconditionally 0 -> 0
2019-09-28 01:15:00,985 [grpc-default-executor-0] WARN  server.GrpcLogAppender (LogUtils.java:warn(134)) - 8a2f89dc-5374-4145-86d1-b1660ecca13e@group-F5D139EFAB30->d2027d58-a939-4807-998f-7c487ceff365-AppendLogResponseHandler: Failed appendEntries: org.apache.ratis.thirdparty.io.grpc.StatusRuntimeException: UNAVAILABLE: io exception
2019-09-28 01:15:00,987 [grpc-default-executor-0] INFO  impl.FollowerInfo (FollowerInfo.java:lambda$new$0(51)) - 8a2f89dc-5374-4145-86d1-b1660ecca13e@group-F5D139EFAB30->d2027d58-a939-4807-998f-7c487ceff365: nextIndex: updateUnconditionally 0 -> 0
2019-09-28 01:15:01,409 [grpc-default-executor-2] WARN  server.GrpcLogAppender (LogUtils.java:warn(134)) - cab9505b-c3df-4889-be4c-e0933a387faa@group-6BFCA60A2FDA->8bf5c620-efb5-49b6-a768-f4179fc43006-AppendLogResponseHandler: Failed appendEntries: org.apache.ratis.thirdparty.io.grpc.StatusRuntimeException: UNAVAILABLE: io exception
2019-09-28 01:15:01,413 [grpc-default-executor-2] INFO  impl.FollowerInfo (FollowerInfo.java:lambda$new$0(51)) - cab9505b-c3df-4889-be4c-e0933a387faa@group-6BFCA60A2FDA->8bf5c620-efb5-49b6-a768-f4179fc43006: nextIndex: updateUnconditionally 0 -> 0
2019-09-28 01:15:01,485 [grpc-default-executor-1] WARN  server.GrpcLogAppender (LogUtils.java:warn(134)) - 8a2f89dc-5374-4145-86d1-b1660ecca13e@group-F5D139EFAB30->d2027d58-a939-4807-998f-7c487ceff365-AppendLogResponseHandler: Failed appendEntries: org.apache.ratis.thirdparty.io.grpc.StatusRuntimeException: UNAVAILABLE: io exception
2019-09-28 01:15:01,488 [grpc-default-executor-1] INFO  impl.FollowerInfo (FollowerInfo.java:lambda$new$0(51)) - 8a2f89dc-5374-4145-86d1-b1660ecca13e@group-F5D139EFAB30->d2027d58-a939-4807-998f-7c487ceff365: nextIndex: updateUnconditionally 0 -> 0
2019-09-28 01:15:01,912 [grpc-default-executor-3] WARN  server.GrpcLogAppender (LogUtils.java:warn(134)) - cab9505b-c3df-4889-be4c-e0933a387faa@group-6BFCA60A2FDA->8bf5c620-efb5-49b6-a768-f4179fc43006-AppendLogResponseHandler: Failed appendEntries: org.apache.ratis.thirdparty.io.grpc.StatusRuntimeException: UNAVAILABLE: io exception
2019-09-28 01:15:01,915 [grpc-default-executor-3] INFO  impl.FollowerInfo (FollowerInfo.java:lambda$new$0(51)) - cab9505b-c3df-4889-be4c-e0933a387faa@group-6BFCA60A2FDA->8bf5c620-efb5-49b6-a768-f4179fc43006: nextIndex: updateUnconditionally 0 -> 0
2019-09-28 01:15:01,986 [grpc-default-executor-5] WARN  server.GrpcLogAppender (LogUtils.java:warn(134)) - 8a2f89dc-5374-4145-86d1-b1660ecca13e@group-F5D139EFAB30->d2027d58-a939-4807-998f-7c487ceff365-AppendLogResponseHandler: Failed appendEntries: org.apache.ratis.thirdparty.io.grpc.StatusRuntimeException: UNAVAILABLE: io exception
2019-09-28 01:15:01,989 [grpc-default-executor-5] INFO  impl.FollowerInfo (FollowerInfo.java:lambda$new$0(51)) - 8a2f89dc-5374-4145-86d1-b1660ecca13e@group-F5D139EFAB30->d2027d58-a939-4807-998f-7c487ceff365: nextIndex: updateUnconditionally 0 -> 0
2019-09-28 01:15:02,412 [grpc-default-executor-0] WARN  server.GrpcLogAppender (LogUtils.java:warn(134)) - cab9505b-c3df-4889-be4c-e0933a387faa@group-6BFCA60A2FDA->8bf5c620-efb5-49b6-a768-f4179fc43006-AppendLogResponseHandler: Failed appendEntries: org.apache.ratis.thirdparty.io.grpc.StatusRuntimeException: UNAVAILABLE: io exception
2019-09-28 01:15:02,415 [grpc-default-executor-0] INFO  impl.FollowerInfo (FollowerInfo.java:lambda$new$0(51)) - cab9505b-c3df-4889-be4c-e0933a387faa@group-6BFCA60A2FDA->8bf5c620-efb5-49b6-a768-f4179fc43006: nextIndex: updateUnconditionally 0 -> 0
2019-09-28 01:15:02,490 [grpc-default-executor-1] WARN  server.GrpcLogAppender (LogUtils.java:warn(134)) - 8a2f89dc-5374-4145-86d1-b1660ecca13e@group-F5D139EFAB30->d2027d58-a939-4807-998f-7c487ceff365-AppendLogResponseHandler: Failed appendEntries: org.apache.ratis.thirdparty.io.grpc.StatusRuntimeException: UNAVAILABLE: io exception
2019-09-28 01:15:02,493 [grpc-default-executor-1] INFO  impl.FollowerInfo (FollowerInfo.java:lambda$new$0(51)) - 8a2f89dc-5374-4145-86d1-b1660ecca13e@group-F5D139EFAB30->d2027d58-a939-4807-998f-7c487ceff365: nextIndex: updateUnconditionally 0 -> 0
2019-09-28 01:15:02,912 [grpc-default-executor-2] WARN  server.GrpcLogAppender (LogUtils.java:warn(134)) - cab9505b-c3df-4889-be4c-e0933a387faa@group-6BFCA60A2FDA->8bf5c620-efb5-49b6-a768-f4179fc43006-AppendLogResponseHandler: Failed appendEntries: org.apache.ratis.thirdparty.io.grpc.StatusRuntimeException: UNAVAILABLE: io exception
2019-09-28 01:15:02,919 [grpc-default-executor-2] INFO  impl.FollowerInfo (FollowerInfo.java:lambda$new$0(51)) - cab9505b-c3df-4889-be4c-e0933a387faa@group-6BFCA60A2FDA->8bf5c620-efb5-49b6-a768-f4179fc43006: nextIndex: updateUnconditionally 0 -> 0
2019-09-28 01:15:02,991 [grpc-default-executor-5] WARN  server.GrpcLogAppender (LogUtils.java:warn(134)) - 8a2f89dc-5374-4145-86d1-b1660ecca13e@group-F5D139EFAB30->d2027d58-a939-4807-998f-7c487ceff365-AppendLogResponseHandler: Failed appendEntries: org.apache.ratis.thirdparty.io.grpc.StatusRuntimeException: UNAVAILABLE: io exception
2019-09-28 01:15:03,008 [grpc-default-executor-5] INFO  impl.FollowerInfo (FollowerInfo.java:lambda$new$0(51)) - 8a2f89dc-5374-4145-86d1-b1660ecca13e@group-F5D139EFAB30->d2027d58-a939-4807-998f-7c487ceff365: nextIndex: updateUnconditionally 0 -> 0
2019-09-28 01:15:03,414 [grpc-default-executor-0] WARN  server.GrpcLogAppender (LogUtils.java:warn(134)) - cab9505b-c3df-4889-be4c-e0933a387faa@group-6BFCA60A2FDA->8bf5c620-efb5-49b6-a768-f4179fc43006-AppendLogResponseHandler: Failed appendEntries: org.apache.ratis.thirdparty.io.grpc.StatusRuntimeException: UNAVAILABLE: io exception
2019-09-28 01:15:03,417 [grpc-default-executor-0] INFO  impl.FollowerInfo (FollowerInfo.java:lambda$new$0(51)) - cab9505b-c3df-4889-be4c-e0933a387faa@group-6BFCA60A2FDA->8bf5c620-efb5-49b6-a768-f4179fc43006: nextIndex: updateUnconditionally 0 -> 0
2019-09-28 01:15:03,492 [grpc-default-executor-5] WARN  server.GrpcLogAppender (LogUtils.java:warn(134)) - 8a2f89dc-5374-4145-86d1-b1660ecca13e@group-F5D139EFAB30->d2027d58-a939-4807-998f-7c487ceff365-AppendLogResponseHandler: Failed appendEntries: org.apache.ratis.thirdparty.io.grpc.StatusRuntimeException: UNAVAILABLE: io exception
2019-09-28 01:15:03,495 [grpc-default-executor-5] INFO  impl.FollowerInfo (FollowerInfo.java:lambda$new$0(51)) - 8a2f89dc-5374-4145-86d1-b1660ecca13e@group-F5D139EFAB30->d2027d58-a939-4807-998f-7c487ceff365: nextIndex: updateUnconditionally 0 -> 0
2019-09-28 01:15:03,919 [grpc-default-executor-2] WARN  server.GrpcLogAppender (LogUtils.java:warn(134)) - cab9505b-c3df-4889-be4c-e0933a387faa@group-6BFCA60A2FDA->8bf5c620-efb5-49b6-a768-f4179fc43006-AppendLogResponseHandler: Failed appendEntries: org.apache.ratis.thirdparty.io.grpc.StatusRuntimeException: UNAVAILABLE: io exception
2019-09-28 01:15:03,922 [grpc-default-executor-2] INFO  impl.FollowerInfo (FollowerInfo.java:lambda$new$0(51)) - cab9505b-c3df-4889-be4c-e0933a387faa@group-6BFCA60A2FDA->8bf5c620-efb5-49b6-a768-f4179fc43006: nextIndex: updateUnconditionally 0 -> 0
2019-09-28 01:15:04,004 [grpc-default-executor-5] WARN  server.GrpcLogAppender (LogUtils.java:warn(134)) - 8a2f89dc-5374-4145-86d1-b1660ecca13e@group-F5D139EFAB30->d2027d58-a939-4807-998f-7c487ceff365-AppendLogResponseHandler: Failed appendEntries: org.apache.ratis.thirdparty.io.grpc.StatusRuntimeException: UNAVAILABLE: io exception
2019-09-28 01:15:04,006 [grpc-default-executor-5] INFO  impl.FollowerInfo (FollowerInfo.java:lambda$new$0(51)) - 8a2f89dc-5374-4145-86d1-b1660ecca13e@group-F5D139EFAB30->d2027d58-a939-4807-998f-7c487ceff365: nextIndex: updateUnconditionally 0 -> 0
2019-09-28 01:15:04,418 [grpc-default-executor-1] WARN  server.GrpcLogAppender (LogUtils.java:warn(134)) - cab9505b-c3df-4889-be4c-e0933a387faa@group-6BFCA60A2FDA->8bf5c620-efb5-49b6-a768-f4179fc43006-AppendLogResponseHandler: Failed appendEntries: org.apache.ratis.thirdparty.io.grpc.StatusRuntimeException: UNAVAILABLE: io exception
2019-09-28 01:15:04,421 [grpc-default-executor-1] INFO  impl.FollowerInfo (FollowerInfo.java:lambda$new$0(51)) - cab9505b-c3df-4889-be4c-e0933a387faa@group-6BFCA60A2FDA->8bf5c620-efb5-49b6-a768-f4179fc43006: nextIndex: updateUnconditionally 0 -> 0
2019-09-28 01:15:04,515 [grpc-default-executor-5] WARN  server.GrpcLogAppender (LogUtils.java:warn(134)) - 8a2f89dc-5374-4145-86d1-b1660ecca13e@group-F5D139EFAB30->d2027d58-a939-4807-998f-7c487ceff365-AppendLogResponseHandler: Failed appendEntries: org.apache.ratis.thirdparty.io.grpc.StatusRuntimeException: UNAVAILABLE: io exception
2019-09-28 01:15:04,518 [grpc-default-executor-5] INFO  impl.FollowerInfo (FollowerInfo.java:lambda$new$0(51)) - 8a2f89dc-5374-4145-86d1-b1660ecca13e@group-F5D139EFAB30->d2027d58-a939-4807-998f-7c487ceff365: nextIndex: updateUnconditionally 0 -> 0
2019-09-28 01:15:04,816 [main] INFO  ozoneimpl.OzoneContainer (OzoneContainer.java:stop(231)) - Attempting to stop container services.
2019-09-28 01:15:04,816 [ForkJoinPool.commonPool-worker-0] INFO  ozoneimpl.OzoneContainer (OzoneContainer.java:stop(231)) - Attempting to stop container services.
2019-09-28 01:15:04,817 [main] INFO  impl.RaftServerProxy (RaftServerProxy.java:lambda$close$4(314)) - d8ea7beb-83bc-4703-8607-f43fb93ff04f: close
2019-09-28 01:15:04,817 [ForkJoinPool.commonPool-worker-0] INFO  impl.RaftServerProxy (RaftServerProxy.java:lambda$close$4(314)) - 8a2f89dc-5374-4145-86d1-b1660ecca13e: close
2019-09-28 01:15:04,817 [main] INFO  impl.RaftServerImpl (RaftServerImpl.java:lambda$shutdown$3(251)) - d8ea7beb-83bc-4703-8607-f43fb93ff04f@group-00D97FAD5E01: shutdown
2019-09-28 01:15:04,818 [ForkJoinPool.commonPool-worker-0] INFO  impl.RaftServerImpl (RaftServerImpl.java:lambda$shutdown$3(251)) - 8a2f89dc-5374-4145-86d1-b1660ecca13e@group-F5D139EFAB30: shutdown
2019-09-28 01:15:04,818 [main] INFO  util.JmxRegister (JmxRegister.java:unregister(73)) - Successfully un-registered JMX Bean with object name Ratis:service=RaftServer,group=group-00D97FAD5E01,id=d8ea7beb-83bc-4703-8607-f43fb93ff04f
2019-09-28 01:15:04,818 [ForkJoinPool.commonPool-worker-0] INFO  util.JmxRegister (JmxRegister.java:unregister(73)) - Successfully un-registered JMX Bean with object name Ratis:service=RaftServer,group=group-F5D139EFAB30,id=8a2f89dc-5374-4145-86d1-b1660ecca13e
2019-09-28 01:15:04,818 [main] INFO  impl.RoleInfo (RoleInfo.java:shutdownLeaderState(104)) - d8ea7beb-83bc-4703-8607-f43fb93ff04f: shutdown LeaderState
2019-09-28 01:15:04,819 [ForkJoinPool.commonPool-worker-0] INFO  impl.RoleInfo (RoleInfo.java:shutdownLeaderState(104)) - 8a2f89dc-5374-4145-86d1-b1660ecca13e: shutdown LeaderState
2019-09-28 01:15:04,819 [main] INFO  impl.PendingRequests (PendingRequests.java:sendNotLeaderResponses(202)) - d8ea7beb-83bc-4703-8607-f43fb93ff04f-PendingRequests: sendNotLeaderResponses
2019-09-28 01:15:04,820 [main] INFO  impl.StateMachineUpdater (StateMachineUpdater.java:stopAndJoin(125)) - d8ea7beb-83bc-4703-8607-f43fb93ff04f@group-00D97FAD5E01-StateMachineUpdater: set stopIndex = 0
2019-09-28 01:15:04,820 [main] INFO  impl.RaftServerImpl (ServerState.java:close(385)) - d8ea7beb-83bc-4703-8607-f43fb93ff04f@group-00D97FAD5E01: closes. applyIndex: 0
2019-09-28 01:15:04,841 [d8ea7beb-83bc-4703-8607-f43fb93ff04f@group-00D97FAD5E01-SegmentedRaftLogWorker] INFO  segmented.SegmentedRaftLogWorker (SegmentedRaftLogWorker.java:run(313)) - d8ea7beb-83bc-4703-8607-f43fb93ff04f@group-00D97FAD5E01-SegmentedRaftLogWorker was interrupted, exiting. There are 0 tasks remaining in the queue.
2019-09-28 01:15:04,844 [org.apache.ratis.server.impl.LogAppender$AppenderDaemon$$Lambda$428/1278375776@67eb9799] WARN  server.GrpcLogAppender (GrpcLogAppender.java:mayWait(143)) - 8a2f89dc-5374-4145-86d1-b1660ecca13e@group-F5D139EFAB30->c5982eae-d64d-4d85-bf8e-680be3da7c97-GrpcLogAppender: Wait interrupted by java.lang.InterruptedException
2019-09-28 01:15:04,844 [org.apache.ratis.server.impl.LogAppender$AppenderDaemon$$Lambda$428/1278375776@2fb98e83] WARN  server.GrpcLogAppender (GrpcLogAppender.java:mayWait(143)) - 8a2f89dc-5374-4145-86d1-b1660ecca13e@group-F5D139EFAB30->d2027d58-a939-4807-998f-7c487ceff365-GrpcLogAppender: Wait interrupted by java.lang.InterruptedException
2019-09-28 01:15:04,843 [ForkJoinPool.commonPool-worker-0] INFO  impl.PendingRequests (PendingRequests.java:sendNotLeaderResponses(202)) - 8a2f89dc-5374-4145-86d1-b1660ecca13e-PendingRequests: sendNotLeaderResponses
2019-09-28 01:15:04,846 [main] INFO  segmented.SegmentedRaftLogWorker (SegmentedRaftLogWorker.java:close(228)) - d8ea7beb-83bc-4703-8607-f43fb93ff04f@group-00D97FAD5E01-SegmentedRaftLogWorker close()
2019-09-28 01:15:04,847 [ForkJoinPool.commonPool-worker-0] INFO  impl.StateMachineUpdater (StateMachineUpdater.java:stopAndJoin(125)) - 8a2f89dc-5374-4145-86d1-b1660ecca13e@group-F5D139EFAB30-StateMachineUpdater: set stopIndex = 0
2019-09-28 01:15:04,857 [ForkJoinPool.commonPool-worker-0] INFO  impl.RaftServerImpl (ServerState.java:close(385)) - 8a2f89dc-5374-4145-86d1-b1660ecca13e@group-F5D139EFAB30: closes. applyIndex: 0
2019-09-28 01:15:04,857 [main] INFO  impl.RaftServerImpl (RaftServerImpl.java:lambda$shutdown$3(251)) - d8ea7beb-83bc-4703-8607-f43fb93ff04f@group-3679665D126C: shutdown
2019-09-28 01:15:04,858 [8a2f89dc-5374-4145-86d1-b1660ecca13e@group-F5D139EFAB30-SegmentedRaftLogWorker] INFO  segmented.SegmentedRaftLogWorker (SegmentedRaftLogWorker.java:run(313)) - 8a2f89dc-5374-4145-86d1-b1660ecca13e@group-F5D139EFAB30-SegmentedRaftLogWorker was interrupted, exiting. There are 0 tasks remaining in the queue.
2019-09-28 01:15:04,858 [grpc-default-executor-5] INFO  server.GrpcServerProtocolService (GrpcServerProtocolService.java:onCompleted(113)) - c5982eae-d64d-4d85-bf8e-680be3da7c97: Completed APPEND_ENTRIES, lastRequest: 8a2f89dc-5374-4145-86d1-b1660ecca13e->c5982eae-d64d-4d85-bf8e-680be3da7c97#233-t2, previous=(t:2, i:0), leaderCommit=0, initializing? false, entries: <empty>
2019-09-28 01:15:04,858 [main] INFO  util.JmxRegister (JmxRegister.java:unregister(73)) - Successfully un-registered JMX Bean with object name Ratis:service=RaftServer,group=group-3679665D126C,id=d8ea7beb-83bc-4703-8607-f43fb93ff04f
2019-09-28 01:15:04,859 [main] INFO  impl.RoleInfo (RoleInfo.java:shutdownLeaderState(104)) - d8ea7beb-83bc-4703-8607-f43fb93ff04f: shutdown LeaderState
2019-09-28 01:15:04,860 [grpc-default-executor-5] INFO  server.GrpcLogAppender (GrpcLogAppender.java:onCompleted(293)) - 8a2f89dc-5374-4145-86d1-b1660ecca13e@group-F5D139EFAB30->c5982eae-d64d-4d85-bf8e-680be3da7c97-AppendLogResponseHandler: follower responses appendEntries COMPLETED
2019-09-28 01:15:04,860 [grpc-default-executor-5] INFO  impl.FollowerInfo (FollowerInfo.java:lambda$new$0(51)) - 8a2f89dc-5374-4145-86d1-b1660ecca13e@group-F5D139EFAB30->c5982eae-d64d-4d85-bf8e-680be3da7c97: nextIndex: updateUnconditionally 1 -> 0
2019-09-28 01:15:04,884 [main] INFO  impl.PendingRequests (PendingRequests.java:sendNotLeaderResponses(202)) - d8ea7beb-83bc-4703-8607-f43fb93ff04f-PendingRequests: sendNotLeaderResponses
2019-09-28 01:15:04,884 [org.apache.ratis.server.impl.LogAppender$AppenderDaemon$$Lambda$428/1278375776@786c4d62] WARN  server.GrpcLogAppender (GrpcLogAppender.java:mayWait(143)) - d8ea7beb-83bc-4703-8607-f43fb93ff04f@group-3679665D126C->726dacf1-2c06-45a9-9365-4f0196171786-GrpcLogAppender: Wait interrupted by java.lang.InterruptedException
2019-09-28 01:15:04,884 [ForkJoinPool.commonPool-worker-0] INFO  segmented.SegmentedRaftLogWorker (SegmentedRaftLogWorker.java:close(228)) - 8a2f89dc-5374-4145-86d1-b1660ecca13e@group-F5D139EFAB30-SegmentedRaftLogWorker close()
2019-09-28 01:15:04,884 [org.apache.ratis.server.impl.LogAppender$AppenderDaemon$$Lambda$428/1278375776@38436d1] WARN  server.GrpcLogAppender (GrpcLogAppender.java:mayWait(143)) - d8ea7beb-83bc-4703-8607-f43fb93ff04f@group-3679665D126C->7ca580e1-9483-43e9-999f-08065f5f46f8-GrpcLogAppender: Wait interrupted by java.lang.InterruptedException
2019-09-28 01:15:04,892 [grpc-default-executor-5] INFO  server.GrpcServerProtocolService (GrpcServerProtocolService.java:onCompleted(113)) - 726dacf1-2c06-45a9-9365-4f0196171786: Completed APPEND_ENTRIES, lastRequest: d8ea7beb-83bc-4703-8607-f43fb93ff04f->726dacf1-2c06-45a9-9365-4f0196171786#233-t2, previous=(t:2, i:0), leaderCommit=0, initializing? false, entries: <empty>
2019-09-28 01:15:04,892 [ForkJoinPool.commonPool-worker-0] INFO  impl.RaftServerImpl (RaftServerImpl.java:lambda$shutdown$3(251)) - 8a2f89dc-5374-4145-86d1-b1660ecca13e@group-12ECA8CC5672: shutdown
2019-09-28 01:15:04,884 [main] INFO  impl.StateMachineUpdater (StateMachineUpdater.java:stopAndJoin(125)) - d8ea7beb-83bc-4703-8607-f43fb93ff04f@group-3679665D126C-StateMachineUpdater: set stopIndex = 0
2019-09-28 01:15:04,895 [grpc-default-executor-5] INFO  server.GrpcLogAppender (GrpcLogAppender.java:onCompleted(293)) - d8ea7beb-83bc-4703-8607-f43fb93ff04f@group-3679665D126C->726dacf1-2c06-45a9-9365-4f0196171786-AppendLogResponseHandler: follower responses appendEntries COMPLETED
2019-09-28 01:15:04,895 [ForkJoinPool.commonPool-worker-0] INFO  util.JmxRegister (JmxRegister.java:unregister(73)) - Successfully un-registered JMX Bean with object name Ratis:service=RaftServer,group=group-12ECA8CC5672,id=8a2f89dc-5374-4145-86d1-b1660ecca13e
2019-09-28 01:15:04,895 [grpc-default-executor-0] INFO  server.GrpcServerProtocolService (GrpcServerProtocolService.java:onCompleted(113)) - 7ca580e1-9483-43e9-999f-08065f5f46f8: Completed APPEND_ENTRIES, lastRequest: d8ea7beb-83bc-4703-8607-f43fb93ff04f->7ca580e1-9483-43e9-999f-08065f5f46f8#233-t2, previous=(t:2, i:0), leaderCommit=0, initializing? false, entries: <empty>
2019-09-28 01:15:04,896 [ForkJoinPool.commonPool-worker-0] INFO  impl.RoleInfo (RoleInfo.java:shutdownLeaderState(104)) - 8a2f89dc-5374-4145-86d1-b1660ecca13e: shutdown LeaderState
2019-09-28 01:15:04,896 [grpc-default-executor-5] INFO  impl.FollowerInfo (FollowerInfo.java:lambda$new$0(51)) - d8ea7beb-83bc-4703-8607-f43fb93ff04f@group-3679665D126C->726dacf1-2c06-45a9-9365-4f0196171786: nextIndex: updateUnconditionally 1 -> 0
2019-09-28 01:15:04,895 [main] INFO  impl.RaftServerImpl (ServerState.java:close(385)) - d8ea7beb-83bc-4703-8607-f43fb93ff04f@group-3679665D126C: closes. applyIndex: 0
2019-09-28 01:15:04,897 [grpc-default-executor-0] INFO  server.GrpcLogAppender (GrpcLogAppender.java:onCompleted(293)) - d8ea7beb-83bc-4703-8607-f43fb93ff04f@group-3679665D126C->7ca580e1-9483-43e9-999f-08065f5f46f8-AppendLogResponseHandler: follower responses appendEntries COMPLETED
2019-09-28 01:15:04,896 [ForkJoinPool.commonPool-worker-0] INFO  impl.PendingRequests (PendingRequests.java:sendNotLeaderResponses(202)) - 8a2f89dc-5374-4145-86d1-b1660ecca13e-PendingRequests: sendNotLeaderResponses
2019-09-28 01:15:04,898 [grpc-default-executor-0] INFO  impl.FollowerInfo (FollowerInfo.java:lambda$new$0(51)) - d8ea7beb-83bc-4703-8607-f43fb93ff04f@group-3679665D126C->7ca580e1-9483-43e9-999f-08065f5f46f8: nextIndex: updateUnconditionally 1 -> 0
2019-09-28 01:15:04,898 [ForkJoinPool.commonPool-worker-0] INFO  impl.StateMachineUpdater (StateMachineUpdater.java:stopAndJoin(125)) - 8a2f89dc-5374-4145-86d1-b1660ecca13e@group-12ECA8CC5672-StateMachineUpdater: set stopIndex = 0
2019-09-28 01:15:04,916 [ForkJoinPool.commonPool-worker-0] INFO  impl.RaftServerImpl (ServerState.java:close(385)) - 8a2f89dc-5374-4145-86d1-b1660ecca13e@group-12ECA8CC5672: closes. applyIndex: 0
2019-09-28 01:15:04,916 [d8ea7beb-83bc-4703-8607-f43fb93ff04f@group-3679665D126C-SegmentedRaftLogWorker] INFO  segmented.SegmentedRaftLogWorker (SegmentedRaftLogWorker.java:run(313)) - d8ea7beb-83bc-4703-8607-f43fb93ff04f@group-3679665D126C-SegmentedRaftLogWorker was interrupted, exiting. There are 0 tasks remaining in the queue.
2019-09-28 01:15:04,917 [8a2f89dc-5374-4145-86d1-b1660ecca13e@group-12ECA8CC5672-SegmentedRaftLogWorker] INFO  segmented.SegmentedRaftLogWorker (SegmentedRaftLogWorker.java:run(313)) - 8a2f89dc-5374-4145-86d1-b1660ecca13e@group-12ECA8CC5672-SegmentedRaftLogWorker was interrupted, exiting. There are 0 tasks remaining in the queue.
2019-09-28 01:15:04,919 [main] INFO  segmented.SegmentedRaftLogWorker (SegmentedRaftLogWorker.java:close(228)) - d8ea7beb-83bc-4703-8607-f43fb93ff04f@group-3679665D126C-SegmentedRaftLogWorker close()
2019-09-28 01:15:04,923 [ForkJoinPool.commonPool-worker-0] INFO  segmented.SegmentedRaftLogWorker (SegmentedRaftLogWorker.java:close(228)) - 8a2f89dc-5374-4145-86d1-b1660ecca13e@group-12ECA8CC5672-SegmentedRaftLogWorker close()
2019-09-28 01:15:04,928 [main] INFO  server.GrpcService (GrpcService.java:closeImpl(164)) - d8ea7beb-83bc-4703-8607-f43fb93ff04f: shutdown server with port 34522 now
2019-09-28 01:15:04,933 [ForkJoinPool.commonPool-worker-0] INFO  server.GrpcService (GrpcService.java:closeImpl(164)) - 8a2f89dc-5374-4145-86d1-b1660ecca13e: shutdown server with port 46179 now
2019-09-28 01:15:04,934 [ForkJoinPool.commonPool-worker-0] INFO  server.GrpcService (GrpcService.java:closeImpl(172)) - 8a2f89dc-5374-4145-86d1-b1660ecca13e: shutdown server with port 46179 successfully
2019-09-28 01:15:04,934 [main] INFO  server.GrpcService (GrpcService.java:closeImpl(172)) - d8ea7beb-83bc-4703-8607-f43fb93ff04f: shutdown server with port 34522 successfully
2019-09-28 01:15:04,936 [grpc-default-executor-5] WARN  server.GrpcLogAppender (LogUtils.java:warn(134)) - cab9505b-c3df-4889-be4c-e0933a387faa@group-6BFCA60A2FDA->8bf5c620-efb5-49b6-a768-f4179fc43006-AppendLogResponseHandler: Failed appendEntries: org.apache.ratis.thirdparty.io.grpc.StatusRuntimeException: UNAVAILABLE: io exception
2019-09-28 01:15:04,955 [grpc-default-executor-5] INFO  impl.FollowerInfo (FollowerInfo.java:lambda$new$0(51)) - cab9505b-c3df-4889-be4c-e0933a387faa@group-6BFCA60A2FDA->8bf5c620-efb5-49b6-a768-f4179fc43006: nextIndex: updateUnconditionally 0 -> 0
2019-09-28 01:15:04,974 [refreshUsed-/workdir/hadoop-ozone/integration-test/target/test-dir/MiniOzoneClusterImpl-fa4977c4-dda7-4050-b4ba-2f9fed17fcef/datanode-3/data/containers] WARN  fs.CachingGetSpaceUsed (CachingGetSpaceUsed.java:run(183)) - Thread Interrupted waiting to refresh disk information: sleep interrupted
2019-09-28 01:15:04,974 [refreshUsed-/workdir/hadoop-ozone/integration-test/target/test-dir/MiniOzoneClusterImpl-fa4977c4-dda7-4050-b4ba-2f9fed17fcef/datanode-6/data/containers] WARN  fs.CachingGetSpaceUsed (CachingGetSpaceUsed.java:run(183)) - Thread Interrupted waiting to refresh disk information: sleep interrupted
2019-09-28 01:15:04,995 [main] INFO  utils.BackgroundService (BackgroundService.java:shutdown(148)) - Shutting down service BlockDeletingService
2019-09-28 01:15:04,999 [ForkJoinPool.commonPool-worker-0] INFO  utils.BackgroundService (BackgroundService.java:shutdown(148)) - Shutting down service BlockDeletingService
2019-09-28 01:15:05,010 [ForkJoinPool.commonPool-worker-0] INFO  statemachine.DatanodeStateMachine (DatanodeStateMachine.java:stopDaemon(395)) - Ozone container server stopped.
2019-09-28 01:15:05,012 [main] INFO  statemachine.DatanodeStateMachine (DatanodeStateMachine.java:stopDaemon(395)) - Ozone container server stopped.
2019-09-28 01:15:05,017 [main] INFO  handler.ContextHandler (ContextHandler.java:doStop(910)) - Stopped o.e.j.w.WebAppContext@3b27b497{/,null,UNAVAILABLE}{/hddsDatanode}
2019-09-28 01:15:05,019 [ForkJoinPool.commonPool-worker-0] INFO  handler.ContextHandler (ContextHandler.java:doStop(910)) - Stopped o.e.j.w.WebAppContext@411c6d44{/,null,UNAVAILABLE}{/hddsDatanode}
2019-09-28 01:15:05,020 [main] INFO  server.AbstractConnector (AbstractConnector.java:doStop(318)) - Stopped ServerConnector@b1534d3{HTTP/1.1,[http/1.1]}{0.0.0.0:0}
2019-09-28 01:15:05,020 [ForkJoinPool.commonPool-worker-0] INFO  server.AbstractConnector (AbstractConnector.java:doStop(318)) - Stopped ServerConnector@1687eb01{HTTP/1.1,[http/1.1]}{0.0.0.0:0}
2019-09-28 01:15:05,020 [main] INFO  handler.ContextHandler (ContextHandler.java:doStop(910)) - Stopped o.e.j.s.ServletContextHandler@58434b19{/static,jar:file:/home/user/.m2/repository/org/apache/hadoop/hadoop-hdds-container-service/0.5.0-SNAPSHOT/hadoop-hdds-container-service-0.5.0-SNAPSHOT.jar!/webapps/static,UNAVAILABLE}
2019-09-28 01:15:05,022 [ForkJoinPool.commonPool-worker-0] INFO  handler.ContextHandler (ContextHandler.java:doStop(910)) - Stopped o.e.j.s.ServletContextHandler@119aa36{/static,jar:file:/home/user/.m2/repository/org/apache/hadoop/hadoop-hdds-container-service/0.5.0-SNAPSHOT/hadoop-hdds-container-service-0.5.0-SNAPSHOT.jar!/webapps/static,UNAVAILABLE}
2019-09-28 01:15:05,022 [main] INFO  handler.ContextHandler (ContextHandler.java:doStop(910)) - Stopped o.e.j.s.ServletContextHandler@31c628e7{/logs,file:///workdir/hadoop-ozone/integration-test/target/log,UNAVAILABLE}
2019-09-28 01:15:05,024 [ForkJoinPool.commonPool-worker-0] INFO  handler.ContextHandler (ContextHandler.java:doStop(910)) - Stopped o.e.j.s.ServletContextHandler@54e2fe{/logs,file:///workdir/hadoop-ozone/integration-test/target/log,UNAVAILABLE}
2019-09-28 01:15:05,365 [Datanode State Machine Thread - 0] INFO  statemachine.DatanodeStateMachine (DatanodeStateMachine.java:lambda$startDaemon$0(350)) - Ozone container server started.
2019-09-28 01:15:05,421 [Datanode State Machine Thread - 0] INFO  statemachine.DatanodeStateMachine (DatanodeStateMachine.java:lambda$startDaemon$0(350)) - Ozone container server started.
2019-09-28 01:15:05,430 [grpc-default-executor-0] WARN  server.GrpcLogAppender (LogUtils.java:warn(134)) - cab9505b-c3df-4889-be4c-e0933a387faa@group-6BFCA60A2FDA->8bf5c620-efb5-49b6-a768-f4179fc43006-AppendLogResponseHandler: Failed appendEntries: org.apache.ratis.thirdparty.io.grpc.StatusRuntimeException: UNAVAILABLE: io exception
2019-09-28 01:15:05,433 [grpc-default-executor-0] INFO  impl.FollowerInfo (FollowerInfo.java:lambda$new$0(51)) - cab9505b-c3df-4889-be4c-e0933a387faa@group-6BFCA60A2FDA->8bf5c620-efb5-49b6-a768-f4179fc43006: nextIndex: updateUnconditionally 0 -> 0
2019-09-28 01:15:05,687 [Thread-407] INFO  impl.FollowerState (FollowerState.java:run(106)) - 726dacf1-2c06-45a9-9365-4f0196171786:group-3679665D126C changes to CANDIDATE, lastRpcTime:1260, electionTimeout:1039ms
2019-09-28 01:15:05,687 [Thread-407] INFO  impl.RoleInfo (RoleInfo.java:shutdownFollowerState(121)) - 726dacf1-2c06-45a9-9365-4f0196171786: shutdown FollowerState
2019-09-28 01:15:05,688 [Thread-407] INFO  impl.RaftServerImpl (RaftServerImpl.java:setRole(174)) - 726dacf1-2c06-45a9-9365-4f0196171786@group-3679665D126C: changes role from  FOLLOWER to CANDIDATE at term 2 for changeToCandidate
2019-09-28 01:15:05,688 [Thread-407] INFO  impl.RoleInfo (RoleInfo.java:updateAndGet(143)) - 726dacf1-2c06-45a9-9365-4f0196171786: start LeaderElection
2019-09-28 01:15:05,691 [726dacf1-2c06-45a9-9365-4f0196171786@group-3679665D126C:LeaderElection24] INFO  impl.RaftServerImpl (ServerState.java:setLeader(253)) - 726dacf1-2c06-45a9-9365-4f0196171786@group-3679665D126C: change Leader from d8ea7beb-83bc-4703-8607-f43fb93ff04f to null at term 2 for initElection
2019-09-28 01:15:05,717 [726dacf1-2c06-45a9-9365-4f0196171786@group-3679665D126C:LeaderElection24] INFO  impl.LeaderElection (LeaderElection.java:askForVotes(182)) - 726dacf1-2c06-45a9-9365-4f0196171786@group-3679665D126C:LeaderElection24: begin an election at term 3 for 0: [7ca580e1-9483-43e9-999f-08065f5f46f8:192.168.151.82:39513, 726dacf1-2c06-45a9-9365-4f0196171786:192.168.151.82:39922, d8ea7beb-83bc-4703-8607-f43fb93ff04f:192.168.151.82:34522], old=null
2019-09-28 01:15:05,722 [grpc-default-executor-0] INFO  impl.RaftServerImpl (ServerState.java:setLeader(253)) - 7ca580e1-9483-43e9-999f-08065f5f46f8@group-3679665D126C: change Leader from d8ea7beb-83bc-4703-8607-f43fb93ff04f to null at term 3 for updateCurrentTerm
2019-09-28 01:15:05,723 [grpc-default-executor-0] INFO  impl.RaftServerImpl (RaftServerImpl.java:setRole(174)) - 7ca580e1-9483-43e9-999f-08065f5f46f8@group-3679665D126C: changes role from  FOLLOWER to FOLLOWER at term 3 for recognizeCandidate:726dacf1-2c06-45a9-9365-4f0196171786
2019-09-28 01:15:05,723 [grpc-default-executor-0] INFO  impl.RoleInfo (RoleInfo.java:shutdownFollowerState(121)) - 7ca580e1-9483-43e9-999f-08065f5f46f8: shutdown FollowerState
2019-09-28 01:15:05,723 [grpc-default-executor-0] INFO  impl.RoleInfo (RoleInfo.java:updateAndGet(143)) - 7ca580e1-9483-43e9-999f-08065f5f46f8: start FollowerState
2019-09-28 01:15:05,723 [Thread-406] INFO  impl.FollowerState (FollowerState.java:run(115)) - 7ca580e1-9483-43e9-999f-08065f5f46f8: FollowerState was interrupted: java.lang.InterruptedException: sleep interrupted
2019-09-28 01:15:05,726 [726dacf1-2c06-45a9-9365-4f0196171786@group-3679665D126C:LeaderElection24] INFO  impl.LeaderElection (LogUtils.java:infoOrTrace(149)) - 726dacf1-2c06-45a9-9365-4f0196171786@group-3679665D126C:LeaderElection24 got exception when requesting votes: {}
java.util.concurrent.ExecutionException: org.apache.ratis.thirdparty.io.grpc.StatusRuntimeException: UNAVAILABLE: io exception
	at java.util.concurrent.FutureTask.report(FutureTask.java:122)
	at java.util.concurrent.FutureTask.get(FutureTask.java:192)
	at org.apache.ratis.server.impl.LeaderElection.waitForResults(LeaderElection.java:263)
	at org.apache.ratis.server.impl.LeaderElection.askForVotes(LeaderElection.java:201)
	at org.apache.ratis.server.impl.LeaderElection.run(LeaderElection.java:133)
	at java.lang.Thread.run(Thread.java:748)
Caused by: org.apache.ratis.thirdparty.io.grpc.StatusRuntimeException: UNAVAILABLE: io exception
	at org.apache.ratis.thirdparty.io.grpc.stub.ClientCalls.toStatusRuntimeException(ClientCalls.java:233)
	at org.apache.ratis.thirdparty.io.grpc.stub.ClientCalls.getUnchecked(ClientCalls.java:214)
	at org.apache.ratis.thirdparty.io.grpc.stub.ClientCalls.blockingUnaryCall(ClientCalls.java:139)
	at org.apache.ratis.proto.grpc.RaftServerProtocolServiceGrpc$RaftServerProtocolServiceBlockingStub.requestVote(RaftServerProtocolServiceGrpc.java:265)
	at org.apache.ratis.grpc.server.GrpcServerProtocolClient.requestVote(GrpcServerProtocolClient.java:90)
	at org.apache.ratis.grpc.server.GrpcService.requestVote(GrpcService.java:204)
	at org.apache.ratis.server.impl.LeaderElection.lambda$submitRequests$1(LeaderElection.java:238)
	at java.util.concurrent.FutureTask.run(FutureTask.java:266)
	at java.util.concurrent.Executors$RunnableAdapter.call(Executors.java:511)
	at java.util.concurrent.FutureTask.run(FutureTask.java:266)
	at java.util.concurrent.ThreadPoolExecutor.runWorker(ThreadPoolExecutor.java:1149)
	at java.util.concurrent.ThreadPoolExecutor$Worker.run(ThreadPoolExecutor.java:624)
	... 1 more
Caused by: org.apache.ratis.thirdparty.io.netty.channel.AbstractChannel$AnnotatedConnectException: Connection refused: /192.168.151.82:34522
	at sun.nio.ch.SocketChannelImpl.checkConnect(Native Method)
	at sun.nio.ch.SocketChannelImpl.finishConnect(SocketChannelImpl.java:717)
	at org.apache.ratis.thirdparty.io.netty.channel.socket.nio.NioSocketChannel.doFinishConnect(NioSocketChannel.java:327)
	at org.apache.ratis.thirdparty.io.netty.channel.nio.AbstractNioChannel$AbstractNioUnsafe.finishConnect(AbstractNioChannel.java:340)
	at org.apache.ratis.thirdparty.io.netty.channel.nio.NioEventLoop.processSelectedKey(NioEventLoop.java:632)
	at org.apache.ratis.thirdparty.io.netty.channel.nio.NioEventLoop.processSelectedKeysOptimized(NioEventLoop.java:579)
	at org.apache.ratis.thirdparty.io.netty.channel.nio.NioEventLoop.processSelectedKeys(NioEventLoop.java:496)
	at org.apache.ratis.thirdparty.io.netty.channel.nio.NioEventLoop.run(NioEventLoop.java:458)
	at org.apache.ratis.thirdparty.io.netty.util.concurrent.SingleThreadEventExecutor$5.run(SingleThreadEventExecutor.java:897)
	at org.apache.ratis.thirdparty.io.netty.util.concurrent.FastThreadLocalRunnable.run(FastThreadLocalRunnable.java:30)
	... 1 more
Caused by: java.net.ConnectException: Connection refused
	... 11 more
2019-09-28 01:15:05,743 [726dacf1-2c06-45a9-9365-4f0196171786@group-3679665D126C:LeaderElection24] INFO  impl.LeaderElection (LeaderElection.java:logAndReturn(56)) - 726dacf1-2c06-45a9-9365-4f0196171786@group-3679665D126C:LeaderElection24: Election PASSED; received 1 response(s) [726dacf1-2c06-45a9-9365-4f0196171786<-7ca580e1-9483-43e9-999f-08065f5f46f8#0:OK-t3] and 1 exception(s); 726dacf1-2c06-45a9-9365-4f0196171786@group-3679665D126C:t3, leader=null, voted=726dacf1-2c06-45a9-9365-4f0196171786, raftlog=726dacf1-2c06-45a9-9365-4f0196171786@group-3679665D126C-SegmentedRaftLog:OPENED:c0,f0,i0, conf=0: [7ca580e1-9483-43e9-999f-08065f5f46f8:192.168.151.82:39513, 726dacf1-2c06-45a9-9365-4f0196171786:192.168.151.82:39922, d8ea7beb-83bc-4703-8607-f43fb93ff04f:192.168.151.82:34522], old=null
2019-09-28 01:15:05,743 [726dacf1-2c06-45a9-9365-4f0196171786@group-3679665D126C:LeaderElection24] INFO  impl.LeaderElection (LogUtils.java:infoOrTrace(149)) -   Exception 0: {}
java.util.concurrent.ExecutionException: org.apache.ratis.thirdparty.io.grpc.StatusRuntimeException: UNAVAILABLE: io exception
	at java.util.concurrent.FutureTask.report(FutureTask.java:122)
	at java.util.concurrent.FutureTask.get(FutureTask.java:192)
	at org.apache.ratis.server.impl.LeaderElection.waitForResults(LeaderElection.java:263)
	at org.apache.ratis.server.impl.LeaderElection.askForVotes(LeaderElection.java:201)
	at org.apache.ratis.server.impl.LeaderElection.run(LeaderElection.java:133)
	at java.lang.Thread.run(Thread.java:748)
Caused by: org.apache.ratis.thirdparty.io.grpc.StatusRuntimeException: UNAVAILABLE: io exception
	at org.apache.ratis.thirdparty.io.grpc.stub.ClientCalls.toStatusRuntimeException(ClientCalls.java:233)
	at org.apache.ratis.thirdparty.io.grpc.stub.ClientCalls.getUnchecked(ClientCalls.java:214)
	at org.apache.ratis.thirdparty.io.grpc.stub.ClientCalls.blockingUnaryCall(ClientCalls.java:139)
	at org.apache.ratis.proto.grpc.RaftServerProtocolServiceGrpc$RaftServerProtocolServiceBlockingStub.requestVote(RaftServerProtocolServiceGrpc.java:265)
	at org.apache.ratis.grpc.server.GrpcServerProtocolClient.requestVote(GrpcServerProtocolClient.java:90)
	at org.apache.ratis.grpc.server.GrpcService.requestVote(GrpcService.java:204)
	at org.apache.ratis.server.impl.LeaderElection.lambda$submitRequests$1(LeaderElection.java:238)
	at java.util.concurrent.FutureTask.run(FutureTask.java:266)
	at java.util.concurrent.Executors$RunnableAdapter.call(Executors.java:511)
	at java.util.concurrent.FutureTask.run(FutureTask.java:266)
	at java.util.concurrent.ThreadPoolExecutor.runWorker(ThreadPoolExecutor.java:1149)
	at java.util.concurrent.ThreadPoolExecutor$Worker.run(ThreadPoolExecutor.java:624)
	... 1 more
Caused by: org.apache.ratis.thirdparty.io.netty.channel.AbstractChannel$AnnotatedConnectException: Connection refused: /192.168.151.82:34522
	at sun.nio.ch.SocketChannelImpl.checkConnect(Native Method)
	at sun.nio.ch.SocketChannelImpl.finishConnect(SocketChannelImpl.java:717)
	at org.apache.ratis.thirdparty.io.netty.channel.socket.nio.NioSocketChannel.doFinishConnect(NioSocketChannel.java:327)
	at org.apache.ratis.thirdparty.io.netty.channel.nio.AbstractNioChannel$AbstractNioUnsafe.finishConnect(AbstractNioChannel.java:340)
	at org.apache.ratis.thirdparty.io.netty.channel.nio.NioEventLoop.processSelectedKey(NioEventLoop.java:632)
	at org.apache.ratis.thirdparty.io.netty.channel.nio.NioEventLoop.processSelectedKeysOptimized(NioEventLoop.java:579)
	at org.apache.ratis.thirdparty.io.netty.channel.nio.NioEventLoop.processSelectedKeys(NioEventLoop.java:496)
	at org.apache.ratis.thirdparty.io.netty.channel.nio.NioEventLoop.run(NioEventLoop.java:458)
	at org.apache.ratis.thirdparty.io.netty.util.concurrent.SingleThreadEventExecutor$5.run(SingleThreadEventExecutor.java:897)
	at org.apache.ratis.thirdparty.io.netty.util.concurrent.FastThreadLocalRunnable.run(FastThreadLocalRunnable.java:30)
	... 1 more
Caused by: java.net.ConnectException: Connection refused
	... 11 more
2019-09-28 01:15:05,744 [726dacf1-2c06-45a9-9365-4f0196171786@group-3679665D126C:LeaderElection24] INFO  impl.RoleInfo (RoleInfo.java:shutdownLeaderElection(134)) - 726dacf1-2c06-45a9-9365-4f0196171786: shutdown LeaderElection
2019-09-28 01:15:05,746 [726dacf1-2c06-45a9-9365-4f0196171786@group-3679665D126C:LeaderElection24] INFO  impl.RaftServerImpl (RaftServerImpl.java:setRole(174)) - 726dacf1-2c06-45a9-9365-4f0196171786@group-3679665D126C: changes role from CANDIDATE to LEADER at term 3 for changeToLeader
2019-09-28 01:15:05,746 [726dacf1-2c06-45a9-9365-4f0196171786@group-3679665D126C:LeaderElection24] INFO  impl.RaftServerImpl (ServerState.java:setLeader(253)) - 726dacf1-2c06-45a9-9365-4f0196171786@group-3679665D126C: change Leader from null to 726dacf1-2c06-45a9-9365-4f0196171786 at term 3 for becomeLeader, leader elected after 55ms
2019-09-28 01:15:05,747 [726dacf1-2c06-45a9-9365-4f0196171786@group-3679665D126C:LeaderElection24] INFO  server.RaftServerConfigKeys (ConfUtils.java:logGet(43)) - raft.server.staging.catchup.gap = 1000 (default)
2019-09-28 01:15:05,747 [726dacf1-2c06-45a9-9365-4f0196171786@group-3679665D126C:LeaderElection24] INFO  server.RaftServerConfigKeys (ConfUtils.java:logGet(43)) - raft.server.rpc.sleep.time = 25ms (default)
2019-09-28 01:15:05,747 [726dacf1-2c06-45a9-9365-4f0196171786@group-3679665D126C:LeaderElection24] INFO  server.RaftServerConfigKeys (ConfUtils.java:logGet(43)) - raft.server.write.element-limit = 4096 (default)
2019-09-28 01:15:05,748 [726dacf1-2c06-45a9-9365-4f0196171786@group-3679665D126C:LeaderElection24] INFO  server.RaftServerConfigKeys (ConfUtils.java:logGet(43)) - raft.server.watch.timeout = 10s (default)
2019-09-28 01:15:05,748 [726dacf1-2c06-45a9-9365-4f0196171786@group-3679665D126C:LeaderElection24] INFO  server.RaftServerConfigKeys (ConfUtils.java:logGet(43)) - raft.server.watch.timeout.denomination = 1s (default)
2019-09-28 01:15:05,748 [726dacf1-2c06-45a9-9365-4f0196171786@group-3679665D126C:LeaderElection24] INFO  server.RaftServerConfigKeys (ConfUtils.java:logGet(43)) - raft.server.watch.element-limit = 65536 (default)
2019-09-28 01:15:05,752 [726dacf1-2c06-45a9-9365-4f0196171786@group-3679665D126C:LeaderElection24] INFO  server.RaftServerConfigKeys (ConfUtils.java:logGet(43)) - raft.server.log.appender.snapshot.chunk.size.max = 16MB (=16777216) (default)
2019-09-28 01:15:05,752 [726dacf1-2c06-45a9-9365-4f0196171786@group-3679665D126C:LeaderElection24] INFO  server.RaftServerConfigKeys (ConfUtils.java:logGet(43)) - raft.server.log.appender.buffer.byte-limit = 33554432 (custom)
2019-09-28 01:15:05,753 [726dacf1-2c06-45a9-9365-4f0196171786@group-3679665D126C:LeaderElection24] INFO  server.RaftServerConfigKeys (ConfUtils.java:logGet(43)) - raft.server.log.appender.buffer.element-limit = 1 (custom)
2019-09-28 01:15:05,753 [726dacf1-2c06-45a9-9365-4f0196171786@group-3679665D126C:LeaderElection24] INFO  grpc.GrpcConfigKeys$Server (ConfUtils.java:logGet(43)) - raft.grpc.server.leader.outstanding.appends.max = 128 (default)
2019-09-28 01:15:05,753 [726dacf1-2c06-45a9-9365-4f0196171786@group-3679665D126C:LeaderElection24] INFO  server.RaftServerConfigKeys (ConfUtils.java:logGet(43)) - raft.server.rpc.request.timeout = 3000ms (default)
2019-09-28 01:15:05,753 [726dacf1-2c06-45a9-9365-4f0196171786@group-3679665D126C:LeaderElection24] INFO  server.RaftServerConfigKeys (ConfUtils.java:logGet(43)) - raft.server.log.appender.install.snapshot.enabled = false (custom)
2019-09-28 01:15:05,754 [726dacf1-2c06-45a9-9365-4f0196171786@group-3679665D126C:LeaderElection24] INFO  server.RaftServerConfigKeys (ConfUtils.java:logGet(43)) - raft.server.log.appender.snapshot.chunk.size.max = 16MB (=16777216) (default)
2019-09-28 01:15:05,754 [726dacf1-2c06-45a9-9365-4f0196171786@group-3679665D126C:LeaderElection24] INFO  server.RaftServerConfigKeys (ConfUtils.java:logGet(43)) - raft.server.log.appender.buffer.byte-limit = 33554432 (custom)
2019-09-28 01:15:05,754 [726dacf1-2c06-45a9-9365-4f0196171786@group-3679665D126C:LeaderElection24] INFO  server.RaftServerConfigKeys (ConfUtils.java:logGet(43)) - raft.server.log.appender.buffer.element-limit = 1 (custom)
2019-09-28 01:15:05,754 [726dacf1-2c06-45a9-9365-4f0196171786@group-3679665D126C:LeaderElection24] INFO  grpc.GrpcConfigKeys$Server (ConfUtils.java:logGet(43)) - raft.grpc.server.leader.outstanding.appends.max = 128 (default)
2019-09-28 01:15:05,755 [726dacf1-2c06-45a9-9365-4f0196171786@group-3679665D126C:LeaderElection24] INFO  server.RaftServerConfigKeys (ConfUtils.java:logGet(43)) - raft.server.rpc.request.timeout = 3000ms (default)
2019-09-28 01:15:05,755 [726dacf1-2c06-45a9-9365-4f0196171786@group-3679665D126C:LeaderElection24] INFO  server.RaftServerConfigKeys (ConfUtils.java:logGet(43)) - raft.server.log.appender.install.snapshot.enabled = false (custom)
2019-09-28 01:15:05,755 [726dacf1-2c06-45a9-9365-4f0196171786@group-3679665D126C:LeaderElection24] INFO  impl.RoleInfo (RoleInfo.java:updateAndGet(143)) - 726dacf1-2c06-45a9-9365-4f0196171786: start LeaderState
2019-09-28 01:15:05,756 [726dacf1-2c06-45a9-9365-4f0196171786@group-3679665D126C:LeaderElection24] INFO  segmented.SegmentedRaftLogWorker (SegmentedRaftLogWorker.java:rollLogSegment(385)) - 726dacf1-2c06-45a9-9365-4f0196171786@group-3679665D126C-SegmentedRaftLogWorker: Rolling segment log-0_0 to index:0
2019-09-28 01:15:05,759 [726dacf1-2c06-45a9-9365-4f0196171786@group-3679665D126C-SegmentedRaftLogWorker] INFO  segmented.SegmentedRaftLogWorker (SegmentedRaftLogWorker.java:execute(526)) - 726dacf1-2c06-45a9-9365-4f0196171786@group-3679665D126C-SegmentedRaftLogWorker: Rolled log segment from /workdir/hadoop-ozone/integration-test/target/test-dir/MiniOzoneClusterImpl-fa4977c4-dda7-4050-b4ba-2f9fed17fcef/datanode-4/data/ratis/b1655f58-e2be-445f-b531-3679665d126c/current/log_inprogress_0 to /workdir/hadoop-ozone/integration-test/target/test-dir/MiniOzoneClusterImpl-fa4977c4-dda7-4050-b4ba-2f9fed17fcef/datanode-4/data/ratis/b1655f58-e2be-445f-b531-3679665d126c/current/log_0-0
2019-09-28 01:15:05,765 [726dacf1-2c06-45a9-9365-4f0196171786@group-3679665D126C:LeaderElection24] INFO  impl.RaftServerImpl (ServerState.java:setRaftConf(354)) - 726dacf1-2c06-45a9-9365-4f0196171786@group-3679665D126C: set configuration 1: [7ca580e1-9483-43e9-999f-08065f5f46f8:192.168.151.82:39513, 726dacf1-2c06-45a9-9365-4f0196171786:192.168.151.82:39922, d8ea7beb-83bc-4703-8607-f43fb93ff04f:192.168.151.82:34522], old=null at 1
2019-09-28 01:15:05,805 [grpc-default-executor-0] WARN  server.GrpcLogAppender (LogUtils.java:warn(134)) - 726dacf1-2c06-45a9-9365-4f0196171786@group-3679665D126C->d8ea7beb-83bc-4703-8607-f43fb93ff04f-AppendLogResponseHandler: Failed appendEntries: org.apache.ratis.thirdparty.io.grpc.StatusRuntimeException: UNAVAILABLE: io exception
2019-09-28 01:15:05,808 [grpc-default-executor-0] INFO  impl.FollowerInfo (FollowerInfo.java:lambda$new$0(51)) - 726dacf1-2c06-45a9-9365-4f0196171786@group-3679665D126C->d8ea7beb-83bc-4703-8607-f43fb93ff04f: nextIndex: updateUnconditionally 1 -> 0
2019-09-28 01:15:05,809 [grpc-default-executor-5] INFO  impl.RaftServerImpl (ServerState.java:setLeader(253)) - 7ca580e1-9483-43e9-999f-08065f5f46f8@group-3679665D126C: change Leader from null to 726dacf1-2c06-45a9-9365-4f0196171786 at term 3 for appendEntries, leader elected after 86ms
2019-09-28 01:15:05,817 [grpc-default-executor-5] INFO  impl.RaftServerImpl (ServerState.java:setRaftConf(354)) - 7ca580e1-9483-43e9-999f-08065f5f46f8@group-3679665D126C: set configuration 1: [7ca580e1-9483-43e9-999f-08065f5f46f8:192.168.151.82:39513, 726dacf1-2c06-45a9-9365-4f0196171786:192.168.151.82:39922, d8ea7beb-83bc-4703-8607-f43fb93ff04f:192.168.151.82:34522], old=null at 1
2019-09-28 01:15:05,817 [grpc-default-executor-5] INFO  segmented.SegmentedRaftLogWorker (SegmentedRaftLogWorker.java:rollLogSegment(385)) - 7ca580e1-9483-43e9-999f-08065f5f46f8@group-3679665D126C-SegmentedRaftLogWorker: Rolling segment log-0_0 to index:0
2019-09-28 01:15:05,830 [7ca580e1-9483-43e9-999f-08065f5f46f8@group-3679665D126C-SegmentedRaftLogWorker] INFO  segmented.SegmentedRaftLogWorker (SegmentedRaftLogWorker.java:execute(526)) - 7ca580e1-9483-43e9-999f-08065f5f46f8@group-3679665D126C-SegmentedRaftLogWorker: Rolled log segment from /workdir/hadoop-ozone/integration-test/target/test-dir/MiniOzoneClusterImpl-fa4977c4-dda7-4050-b4ba-2f9fed17fcef/datanode-0/data/ratis/b1655f58-e2be-445f-b531-3679665d126c/current/log_inprogress_0 to /workdir/hadoop-ozone/integration-test/target/test-dir/MiniOzoneClusterImpl-fa4977c4-dda7-4050-b4ba-2f9fed17fcef/datanode-0/data/ratis/b1655f58-e2be-445f-b531-3679665d126c/current/log_0-0
2019-09-28 01:15:05,830 [726dacf1-2c06-45a9-9365-4f0196171786@group-3679665D126C-SegmentedRaftLogWorker] INFO  segmented.SegmentedRaftLogWorker (SegmentedRaftLogWorker.java:execute(569)) - 726dacf1-2c06-45a9-9365-4f0196171786@group-3679665D126C-SegmentedRaftLogWorker: created new log segment /workdir/hadoop-ozone/integration-test/target/test-dir/MiniOzoneClusterImpl-fa4977c4-dda7-4050-b4ba-2f9fed17fcef/datanode-4/data/ratis/b1655f58-e2be-445f-b531-3679665d126c/current/log_inprogress_1
2019-09-28 01:15:05,851 [Thread-405] INFO  impl.FollowerState (FollowerState.java:run(106)) - c5982eae-d64d-4d85-bf8e-680be3da7c97:group-F5D139EFAB30 changes to CANDIDATE, lastRpcTime:1423, electionTimeout:1130ms
2019-09-28 01:15:05,868 [Thread-405] INFO  impl.RoleInfo (RoleInfo.java:shutdownFollowerState(121)) - c5982eae-d64d-4d85-bf8e-680be3da7c97: shutdown FollowerState
2019-09-28 01:15:05,869 [Thread-405] INFO  impl.RaftServerImpl (RaftServerImpl.java:setRole(174)) - c5982eae-d64d-4d85-bf8e-680be3da7c97@group-F5D139EFAB30: changes role from  FOLLOWER to CANDIDATE at term 2 for changeToCandidate
2019-09-28 01:15:05,869 [Thread-405] INFO  impl.RoleInfo (RoleInfo.java:updateAndGet(143)) - c5982eae-d64d-4d85-bf8e-680be3da7c97: start LeaderElection
2019-09-28 01:15:05,871 [c5982eae-d64d-4d85-bf8e-680be3da7c97@group-F5D139EFAB30:LeaderElection25] INFO  impl.RaftServerImpl (ServerState.java:setLeader(253)) - c5982eae-d64d-4d85-bf8e-680be3da7c97@group-F5D139EFAB30: change Leader from 8a2f89dc-5374-4145-86d1-b1660ecca13e to null at term 2 for initElection
2019-09-28 01:15:05,893 [7ca580e1-9483-43e9-999f-08065f5f46f8@group-3679665D126C-SegmentedRaftLogWorker] INFO  segmented.SegmentedRaftLogWorker (SegmentedRaftLogWorker.java:execute(569)) - 7ca580e1-9483-43e9-999f-08065f5f46f8@group-3679665D126C-SegmentedRaftLogWorker: created new log segment /workdir/hadoop-ozone/integration-test/target/test-dir/MiniOzoneClusterImpl-fa4977c4-dda7-4050-b4ba-2f9fed17fcef/datanode-0/data/ratis/b1655f58-e2be-445f-b531-3679665d126c/current/log_inprogress_1
2019-09-28 01:15:05,893 [c5982eae-d64d-4d85-bf8e-680be3da7c97@group-F5D139EFAB30:LeaderElection25] INFO  impl.LeaderElection (LeaderElection.java:askForVotes(182)) - c5982eae-d64d-4d85-bf8e-680be3da7c97@group-F5D139EFAB30:LeaderElection25: begin an election at term 3 for 0: [c5982eae-d64d-4d85-bf8e-680be3da7c97:192.168.151.82:39895, 8a2f89dc-5374-4145-86d1-b1660ecca13e:192.168.151.82:46179, d2027d58-a939-4807-998f-7c487ceff365:192.168.151.82:43961], old=null
2019-09-28 01:15:05,897 [c5982eae-d64d-4d85-bf8e-680be3da7c97@group-F5D139EFAB30:LeaderElection25] INFO  impl.LeaderElection (LogUtils.java:infoOrTrace(149)) - c5982eae-d64d-4d85-bf8e-680be3da7c97@group-F5D139EFAB30:LeaderElection25 got exception when requesting votes: {}
java.util.concurrent.ExecutionException: org.apache.ratis.thirdparty.io.grpc.StatusRuntimeException: UNAVAILABLE: io exception
	at java.util.concurrent.FutureTask.report(FutureTask.java:122)
	at java.util.concurrent.FutureTask.get(FutureTask.java:192)
	at org.apache.ratis.server.impl.LeaderElection.waitForResults(LeaderElection.java:263)
	at org.apache.ratis.server.impl.LeaderElection.askForVotes(LeaderElection.java:201)
	at org.apache.ratis.server.impl.LeaderElection.run(LeaderElection.java:133)
	at java.lang.Thread.run(Thread.java:748)
Caused by: org.apache.ratis.thirdparty.io.grpc.StatusRuntimeException: UNAVAILABLE: io exception
	at org.apache.ratis.thirdparty.io.grpc.stub.ClientCalls.toStatusRuntimeException(ClientCalls.java:233)
	at org.apache.ratis.thirdparty.io.grpc.stub.ClientCalls.getUnchecked(ClientCalls.java:214)
	at org.apache.ratis.thirdparty.io.grpc.stub.ClientCalls.blockingUnaryCall(ClientCalls.java:139)
	at org.apache.ratis.proto.grpc.RaftServerProtocolServiceGrpc$RaftServerProtocolServiceBlockingStub.requestVote(RaftServerProtocolServiceGrpc.java:265)
	at org.apache.ratis.grpc.server.GrpcServerProtocolClient.requestVote(GrpcServerProtocolClient.java:90)
	at org.apache.ratis.grpc.server.GrpcService.requestVote(GrpcService.java:204)
	at org.apache.ratis.server.impl.LeaderElection.lambda$submitRequests$1(LeaderElection.java:238)
	at java.util.concurrent.FutureTask.run(FutureTask.java:266)
	at java.util.concurrent.Executors$RunnableAdapter.call(Executors.java:511)
	at java.util.concurrent.FutureTask.run(FutureTask.java:266)
	at java.util.concurrent.ThreadPoolExecutor.runWorker(ThreadPoolExecutor.java:1149)
	at java.util.concurrent.ThreadPoolExecutor$Worker.run(ThreadPoolExecutor.java:624)
	... 1 more
Caused by: org.apache.ratis.thirdparty.io.netty.channel.AbstractChannel$AnnotatedConnectException: Connection refused: /192.168.151.82:46179
	at sun.nio.ch.SocketChannelImpl.checkConnect(Native Method)
	at sun.nio.ch.SocketChannelImpl.finishConnect(SocketChannelImpl.java:717)
	at org.apache.ratis.thirdparty.io.netty.channel.socket.nio.NioSocketChannel.doFinishConnect(NioSocketChannel.java:327)
	at org.apache.ratis.thirdparty.io.netty.channel.nio.AbstractNioChannel$AbstractNioUnsafe.finishConnect(AbstractNioChannel.java:340)
	at org.apache.ratis.thirdparty.io.netty.channel.nio.NioEventLoop.processSelectedKey(NioEventLoop.java:632)
	at org.apache.ratis.thirdparty.io.netty.channel.nio.NioEventLoop.processSelectedKeysOptimized(NioEventLoop.java:579)
	at org.apache.ratis.thirdparty.io.netty.channel.nio.NioEventLoop.processSelectedKeys(NioEventLoop.java:496)
	at org.apache.ratis.thirdparty.io.netty.channel.nio.NioEventLoop.run(NioEventLoop.java:458)
	at org.apache.ratis.thirdparty.io.netty.util.concurrent.SingleThreadEventExecutor$5.run(SingleThreadEventExecutor.java:897)
	at org.apache.ratis.thirdparty.io.netty.util.concurrent.FastThreadLocalRunnable.run(FastThreadLocalRunnable.java:30)
	... 1 more
Caused by: java.net.ConnectException: Connection refused
	... 11 more
2019-09-28 01:15:05,899 [c5982eae-d64d-4d85-bf8e-680be3da7c97@group-F5D139EFAB30:LeaderElection25] INFO  impl.LeaderElection (LogUtils.java:infoOrTrace(149)) - c5982eae-d64d-4d85-bf8e-680be3da7c97@group-F5D139EFAB30:LeaderElection25 got exception when requesting votes: {}
java.util.concurrent.ExecutionException: org.apache.ratis.thirdparty.io.grpc.StatusRuntimeException: UNAVAILABLE: io exception
	at java.util.concurrent.FutureTask.report(FutureTask.java:122)
	at java.util.concurrent.FutureTask.get(FutureTask.java:192)
	at org.apache.ratis.server.impl.LeaderElection.waitForResults(LeaderElection.java:263)
	at org.apache.ratis.server.impl.LeaderElection.askForVotes(LeaderElection.java:201)
	at org.apache.ratis.server.impl.LeaderElection.run(LeaderElection.java:133)
	at java.lang.Thread.run(Thread.java:748)
Caused by: org.apache.ratis.thirdparty.io.grpc.StatusRuntimeException: UNAVAILABLE: io exception
	at org.apache.ratis.thirdparty.io.grpc.stub.ClientCalls.toStatusRuntimeException(ClientCalls.java:233)
	at org.apache.ratis.thirdparty.io.grpc.stub.ClientCalls.getUnchecked(ClientCalls.java:214)
	at org.apache.ratis.thirdparty.io.grpc.stub.ClientCalls.blockingUnaryCall(ClientCalls.java:139)
	at org.apache.ratis.proto.grpc.RaftServerProtocolServiceGrpc$RaftServerProtocolServiceBlockingStub.requestVote(RaftServerProtocolServiceGrpc.java:265)
	at org.apache.ratis.grpc.server.GrpcServerProtocolClient.requestVote(GrpcServerProtocolClient.java:90)
	at org.apache.ratis.grpc.server.GrpcService.requestVote(GrpcService.java:204)
	at org.apache.ratis.server.impl.LeaderElection.lambda$submitRequests$1(LeaderElection.java:238)
	at java.util.concurrent.FutureTask.run(FutureTask.java:266)
	at java.util.concurrent.Executors$RunnableAdapter.call(Executors.java:511)
	at java.util.concurrent.FutureTask.run(FutureTask.java:266)
	at java.util.concurrent.ThreadPoolExecutor.runWorker(ThreadPoolExecutor.java:1149)
	at java.util.concurrent.ThreadPoolExecutor$Worker.run(ThreadPoolExecutor.java:624)
	... 1 more
Caused by: org.apache.ratis.thirdparty.io.netty.channel.AbstractChannel$AnnotatedConnectException: Connection refused: /192.168.151.82:43961
	at sun.nio.ch.SocketChannelImpl.checkConnect(Native Method)
	at sun.nio.ch.SocketChannelImpl.finishConnect(SocketChannelImpl.java:717)
	at org.apache.ratis.thirdparty.io.netty.channel.socket.nio.NioSocketChannel.doFinishConnect(NioSocketChannel.java:327)
	at org.apache.ratis.thirdparty.io.netty.channel.nio.AbstractNioChannel$AbstractNioUnsafe.finishConnect(AbstractNioChannel.java:340)
	at org.apache.ratis.thirdparty.io.netty.channel.nio.NioEventLoop.processSelectedKey(NioEventLoop.java:632)
	at org.apache.ratis.thirdparty.io.netty.channel.nio.NioEventLoop.processSelectedKeysOptimized(NioEventLoop.java:579)
	at org.apache.ratis.thirdparty.io.netty.channel.nio.NioEventLoop.processSelectedKeys(NioEventLoop.java:496)
	at org.apache.ratis.thirdparty.io.netty.channel.nio.NioEventLoop.run(NioEventLoop.java:458)
	at org.apache.ratis.thirdparty.io.netty.util.concurrent.SingleThreadEventExecutor$5.run(SingleThreadEventExecutor.java:897)
	at org.apache.ratis.thirdparty.io.netty.util.concurrent.FastThreadLocalRunnable.run(FastThreadLocalRunnable.java:30)
	... 1 more
Caused by: java.net.ConnectException: Connection refused
	... 11 more
2019-09-28 01:15:05,902 [c5982eae-d64d-4d85-bf8e-680be3da7c97@group-F5D139EFAB30:LeaderElection25] INFO  impl.LeaderElection (LeaderElection.java:logAndReturn(56)) - c5982eae-d64d-4d85-bf8e-680be3da7c97@group-F5D139EFAB30:LeaderElection25: Election REJECTED; received 0 response(s) [] and 2 exception(s); c5982eae-d64d-4d85-bf8e-680be3da7c97@group-F5D139EFAB30:t3, leader=null, voted=c5982eae-d64d-4d85-bf8e-680be3da7c97, raftlog=c5982eae-d64d-4d85-bf8e-680be3da7c97@group-F5D139EFAB30-SegmentedRaftLog:OPENED:c0,f0,i0, conf=0: [c5982eae-d64d-4d85-bf8e-680be3da7c97:192.168.151.82:39895, 8a2f89dc-5374-4145-86d1-b1660ecca13e:192.168.151.82:46179, d2027d58-a939-4807-998f-7c487ceff365:192.168.151.82:43961], old=null
2019-09-28 01:15:05,902 [c5982eae-d64d-4d85-bf8e-680be3da7c97@group-F5D139EFAB30:LeaderElection25] INFO  impl.LeaderElection (LogUtils.java:infoOrTrace(149)) -   Exception 0: {}
java.util.concurrent.ExecutionException: org.apache.ratis.thirdparty.io.grpc.StatusRuntimeException: UNAVAILABLE: io exception
	at java.util.concurrent.FutureTask.report(FutureTask.java:122)
	at java.util.concurrent.FutureTask.get(FutureTask.java:192)
	at org.apache.ratis.server.impl.LeaderElection.waitForResults(LeaderElection.java:263)
	at org.apache.ratis.server.impl.LeaderElection.askForVotes(LeaderElection.java:201)
	at org.apache.ratis.server.impl.LeaderElection.run(LeaderElection.java:133)
	at java.lang.Thread.run(Thread.java:748)
Caused by: org.apache.ratis.thirdparty.io.grpc.StatusRuntimeException: UNAVAILABLE: io exception
	at org.apache.ratis.thirdparty.io.grpc.stub.ClientCalls.toStatusRuntimeException(ClientCalls.java:233)
	at org.apache.ratis.thirdparty.io.grpc.stub.ClientCalls.getUnchecked(ClientCalls.java:214)
	at org.apache.ratis.thirdparty.io.grpc.stub.ClientCalls.blockingUnaryCall(ClientCalls.java:139)
	at org.apache.ratis.proto.grpc.RaftServerProtocolServiceGrpc$RaftServerProtocolServiceBlockingStub.requestVote(RaftServerProtocolServiceGrpc.java:265)
	at org.apache.ratis.grpc.server.GrpcServerProtocolClient.requestVote(GrpcServerProtocolClient.java:90)
	at org.apache.ratis.grpc.server.GrpcService.requestVote(GrpcService.java:204)
	at org.apache.ratis.server.impl.LeaderElection.lambda$submitRequests$1(LeaderElection.java:238)
	at java.util.concurrent.FutureTask.run(FutureTask.java:266)
	at java.util.concurrent.Executors$RunnableAdapter.call(Executors.java:511)
	at java.util.concurrent.FutureTask.run(FutureTask.java:266)
	at java.util.concurrent.ThreadPoolExecutor.runWorker(ThreadPoolExecutor.java:1149)
	at java.util.concurrent.ThreadPoolExecutor$Worker.run(ThreadPoolExecutor.java:624)
	... 1 more
Caused by: org.apache.ratis.thirdparty.io.netty.channel.AbstractChannel$AnnotatedConnectException: Connection refused: /192.168.151.82:46179
	at sun.nio.ch.SocketChannelImpl.checkConnect(Native Method)
	at sun.nio.ch.SocketChannelImpl.finishConnect(SocketChannelImpl.java:717)
	at org.apache.ratis.thirdparty.io.netty.channel.socket.nio.NioSocketChannel.doFinishConnect(NioSocketChannel.java:327)
	at org.apache.ratis.thirdparty.io.netty.channel.nio.AbstractNioChannel$AbstractNioUnsafe.finishConnect(AbstractNioChannel.java:340)
	at org.apache.ratis.thirdparty.io.netty.channel.nio.NioEventLoop.processSelectedKey(NioEventLoop.java:632)
	at org.apache.ratis.thirdparty.io.netty.channel.nio.NioEventLoop.processSelectedKeysOptimized(NioEventLoop.java:579)
	at org.apache.ratis.thirdparty.io.netty.channel.nio.NioEventLoop.processSelectedKeys(NioEventLoop.java:496)
	at org.apache.ratis.thirdparty.io.netty.channel.nio.NioEventLoop.run(NioEventLoop.java:458)
	at org.apache.ratis.thirdparty.io.netty.util.concurrent.SingleThreadEventExecutor$5.run(SingleThreadEventExecutor.java:897)
	at org.apache.ratis.thirdparty.io.netty.util.concurrent.FastThreadLocalRunnable.run(FastThreadLocalRunnable.java:30)
	... 1 more
Caused by: java.net.ConnectException: Connection refused
	... 11 more
2019-09-28 01:15:05,902 [c5982eae-d64d-4d85-bf8e-680be3da7c97@group-F5D139EFAB30:LeaderElection25] INFO  impl.LeaderElection (LogUtils.java:infoOrTrace(149)) -   Exception 1: {}
java.util.concurrent.ExecutionException: org.apache.ratis.thirdparty.io.grpc.StatusRuntimeException: UNAVAILABLE: io exception
	at java.util.concurrent.FutureTask.report(FutureTask.java:122)
	at java.util.concurrent.FutureTask.get(FutureTask.java:192)
	at org.apache.ratis.server.impl.LeaderElection.waitForResults(LeaderElection.java:263)
	at org.apache.ratis.server.impl.LeaderElection.askForVotes(LeaderElection.java:201)
	at org.apache.ratis.server.impl.LeaderElection.run(LeaderElection.java:133)
	at java.lang.Thread.run(Thread.java:748)
Caused by: org.apache.ratis.thirdparty.io.grpc.StatusRuntimeException: UNAVAILABLE: io exception
	at org.apache.ratis.thirdparty.io.grpc.stub.ClientCalls.toStatusRuntimeException(ClientCalls.java:233)
	at org.apache.ratis.thirdparty.io.grpc.stub.ClientCalls.getUnchecked(ClientCalls.java:214)
	at org.apache.ratis.thirdparty.io.grpc.stub.ClientCalls.blockingUnaryCall(ClientCalls.java:139)
	at org.apache.ratis.proto.grpc.RaftServerProtocolServiceGrpc$RaftServerProtocolServiceBlockingStub.requestVote(RaftServerProtocolServiceGrpc.java:265)
	at org.apache.ratis.grpc.server.GrpcServerProtocolClient.requestVote(GrpcServerProtocolClient.java:90)
	at org.apache.ratis.grpc.server.GrpcService.requestVote(GrpcService.java:204)
	at org.apache.ratis.server.impl.LeaderElection.lambda$submitRequests$1(LeaderElection.java:238)
	at java.util.concurrent.FutureTask.run(FutureTask.java:266)
	at java.util.concurrent.Executors$RunnableAdapter.call(Executors.java:511)
	at java.util.concurrent.FutureTask.run(FutureTask.java:266)
	at java.util.concurrent.ThreadPoolExecutor.runWorker(ThreadPoolExecutor.java:1149)
	at java.util.concurrent.ThreadPoolExecutor$Worker.run(ThreadPoolExecutor.java:624)
	... 1 more
Caused by: org.apache.ratis.thirdparty.io.netty.channel.AbstractChannel$AnnotatedConnectException: Connection refused: /192.168.151.82:43961
	at sun.nio.ch.SocketChannelImpl.checkConnect(Native Method)
	at sun.nio.ch.SocketChannelImpl.finishConnect(SocketChannelImpl.java:717)
	at org.apache.ratis.thirdparty.io.netty.channel.socket.nio.NioSocketChannel.doFinishConnect(NioSocketChannel.java:327)
	at org.apache.ratis.thirdparty.io.netty.channel.nio.AbstractNioChannel$AbstractNioUnsafe.finishConnect(AbstractNioChannel.java:340)
	at org.apache.ratis.thirdparty.io.netty.channel.nio.NioEventLoop.processSelectedKey(NioEventLoop.java:632)
	at org.apache.ratis.thirdparty.io.netty.channel.nio.NioEventLoop.processSelectedKeysOptimized(NioEventLoop.java:579)
	at org.apache.ratis.thirdparty.io.netty.channel.nio.NioEventLoop.processSelectedKeys(NioEventLoop.java:496)
	at org.apache.ratis.thirdparty.io.netty.channel.nio.NioEventLoop.run(NioEventLoop.java:458)
	at org.apache.ratis.thirdparty.io.netty.util.concurrent.SingleThreadEventExecutor$5.run(SingleThreadEventExecutor.java:897)
	at org.apache.ratis.thirdparty.io.netty.util.concurrent.FastThreadLocalRunnable.run(FastThreadLocalRunnable.java:30)
	... 1 more
Caused by: java.net.ConnectException: Connection refused
	... 11 more
2019-09-28 01:15:05,903 [c5982eae-d64d-4d85-bf8e-680be3da7c97@group-F5D139EFAB30:LeaderElection25] INFO  impl.RaftServerImpl (RaftServerImpl.java:setRole(174)) - c5982eae-d64d-4d85-bf8e-680be3da7c97@group-F5D139EFAB30: changes role from CANDIDATE to FOLLOWER at term 3 for DISCOVERED_A_NEW_TERM
2019-09-28 01:15:05,905 [c5982eae-d64d-4d85-bf8e-680be3da7c97@group-F5D139EFAB30:LeaderElection25] INFO  impl.RoleInfo (RoleInfo.java:shutdownLeaderElection(134)) - c5982eae-d64d-4d85-bf8e-680be3da7c97: shutdown LeaderElection
2019-09-28 01:15:05,905 [c5982eae-d64d-4d85-bf8e-680be3da7c97@group-F5D139EFAB30:LeaderElection25] INFO  impl.RoleInfo (RoleInfo.java:updateAndGet(143)) - c5982eae-d64d-4d85-bf8e-680be3da7c97: start FollowerState
2019-09-28 01:15:05,919 [grpc-default-executor-2] WARN  server.GrpcLogAppender (LogUtils.java:warn(134)) - 726dacf1-2c06-45a9-9365-4f0196171786@group-3679665D126C->d8ea7beb-83bc-4703-8607-f43fb93ff04f-AppendLogResponseHandler: Failed appendEntries: org.apache.ratis.thirdparty.io.grpc.StatusRuntimeException: UNAVAILABLE: io exception
2019-09-28 01:15:05,923 [grpc-default-executor-2] INFO  impl.FollowerInfo (FollowerInfo.java:lambda$new$0(51)) - 726dacf1-2c06-45a9-9365-4f0196171786@group-3679665D126C->d8ea7beb-83bc-4703-8607-f43fb93ff04f: nextIndex: updateUnconditionally 1 -> 0
2019-09-28 01:15:05,931 [grpc-default-executor-5] WARN  server.GrpcLogAppender (LogUtils.java:warn(134)) - 726dacf1-2c06-45a9-9365-4f0196171786@group-3679665D126C->d8ea7beb-83bc-4703-8607-f43fb93ff04f-AppendLogResponseHandler: Failed appendEntries: org.apache.ratis.thirdparty.io.grpc.StatusRuntimeException: UNAVAILABLE: io exception
2019-09-28 01:15:05,933 [grpc-default-executor-5] INFO  impl.FollowerInfo (FollowerInfo.java:lambda$new$0(51)) - 726dacf1-2c06-45a9-9365-4f0196171786@group-3679665D126C->d8ea7beb-83bc-4703-8607-f43fb93ff04f: nextIndex: updateUnconditionally 1 -> 0
2019-09-28 01:15:05,933 [grpc-default-executor-1] WARN  server.GrpcLogAppender (LogUtils.java:warn(134)) - cab9505b-c3df-4889-be4c-e0933a387faa@group-6BFCA60A2FDA->8bf5c620-efb5-49b6-a768-f4179fc43006-AppendLogResponseHandler: Failed appendEntries: org.apache.ratis.thirdparty.io.grpc.StatusRuntimeException: UNAVAILABLE: io exception
2019-09-28 01:15:05,936 [grpc-default-executor-1] INFO  impl.FollowerInfo (FollowerInfo.java:lambda$new$0(51)) - cab9505b-c3df-4889-be4c-e0933a387faa@group-6BFCA60A2FDA->8bf5c620-efb5-49b6-a768-f4179fc43006: nextIndex: updateUnconditionally 0 -> 0
2019-09-28 01:15:06,435 [grpc-default-executor-3] WARN  server.GrpcLogAppender (LogUtils.java:warn(134)) - cab9505b-c3df-4889-be4c-e0933a387faa@group-6BFCA60A2FDA->8bf5c620-efb5-49b6-a768-f4179fc43006-AppendLogResponseHandler: Failed appendEntries: org.apache.ratis.thirdparty.io.grpc.StatusRuntimeException: UNAVAILABLE: io exception
2019-09-28 01:15:06,436 [grpc-default-executor-4] WARN  server.GrpcLogAppender (LogUtils.java:warn(134)) - 726dacf1-2c06-45a9-9365-4f0196171786@group-3679665D126C->d8ea7beb-83bc-4703-8607-f43fb93ff04f-AppendLogResponseHandler: Failed appendEntries: org.apache.ratis.thirdparty.io.grpc.StatusRuntimeException: UNAVAILABLE: io exception
2019-09-28 01:15:06,438 [grpc-default-executor-3] INFO  impl.FollowerInfo (FollowerInfo.java:lambda$new$0(51)) - cab9505b-c3df-4889-be4c-e0933a387faa@group-6BFCA60A2FDA->8bf5c620-efb5-49b6-a768-f4179fc43006: nextIndex: updateUnconditionally 0 -> 0
2019-09-28 01:15:06,440 [grpc-default-executor-4] INFO  impl.FollowerInfo (FollowerInfo.java:lambda$new$0(51)) - 726dacf1-2c06-45a9-9365-4f0196171786@group-3679665D126C->d8ea7beb-83bc-4703-8607-f43fb93ff04f: nextIndex: updateUnconditionally 0 -> 0
2019-09-28 01:15:06,934 [grpc-default-executor-2] WARN  server.GrpcLogAppender (LogUtils.java:warn(134)) - 726dacf1-2c06-45a9-9365-4f0196171786@group-3679665D126C->d8ea7beb-83bc-4703-8607-f43fb93ff04f-AppendLogResponseHandler: Failed appendEntries: org.apache.ratis.thirdparty.io.grpc.StatusRuntimeException: UNAVAILABLE: io exception
2019-09-28 01:15:06,937 [grpc-default-executor-2] INFO  impl.FollowerInfo (FollowerInfo.java:lambda$new$0(51)) - 726dacf1-2c06-45a9-9365-4f0196171786@group-3679665D126C->d8ea7beb-83bc-4703-8607-f43fb93ff04f: nextIndex: updateUnconditionally 0 -> 0
2019-09-28 01:15:06,937 [grpc-default-executor-0] WARN  server.GrpcLogAppender (LogUtils.java:warn(134)) - cab9505b-c3df-4889-be4c-e0933a387faa@group-6BFCA60A2FDA->8bf5c620-efb5-49b6-a768-f4179fc43006-AppendLogResponseHandler: Failed appendEntries: org.apache.ratis.thirdparty.io.grpc.StatusRuntimeException: UNAVAILABLE: io exception
2019-09-28 01:15:06,940 [grpc-default-executor-0] INFO  impl.FollowerInfo (FollowerInfo.java:lambda$new$0(51)) - cab9505b-c3df-4889-be4c-e0933a387faa@group-6BFCA60A2FDA->8bf5c620-efb5-49b6-a768-f4179fc43006: nextIndex: updateUnconditionally 0 -> 0
2019-09-28 01:15:07,092 [Thread-1862] INFO  impl.FollowerState (FollowerState.java:run(106)) - c5982eae-d64d-4d85-bf8e-680be3da7c97:group-F5D139EFAB30 changes to CANDIDATE, lastRpcTime:1186, electionTimeout:1184ms
2019-09-28 01:15:07,092 [Thread-1862] INFO  impl.RoleInfo (RoleInfo.java:shutdownFollowerState(121)) - c5982eae-d64d-4d85-bf8e-680be3da7c97: shutdown FollowerState
2019-09-28 01:15:07,092 [Thread-1862] INFO  impl.RaftServerImpl (RaftServerImpl.java:setRole(174)) - c5982eae-d64d-4d85-bf8e-680be3da7c97@group-F5D139EFAB30: changes role from  FOLLOWER to CANDIDATE at term 3 for changeToCandidate
2019-09-28 01:15:07,093 [Thread-1862] INFO  impl.RoleInfo (RoleInfo.java:updateAndGet(143)) - c5982eae-d64d-4d85-bf8e-680be3da7c97: start LeaderElection
2019-09-28 01:15:07,126 [c5982eae-d64d-4d85-bf8e-680be3da7c97@group-F5D139EFAB30:LeaderElection26] INFO  impl.LeaderElection (LeaderElection.java:askForVotes(182)) - c5982eae-d64d-4d85-bf8e-680be3da7c97@group-F5D139EFAB30:LeaderElection26: begin an election at term 4 for 0: [c5982eae-d64d-4d85-bf8e-680be3da7c97:192.168.151.82:39895, 8a2f89dc-5374-4145-86d1-b1660ecca13e:192.168.151.82:46179, d2027d58-a939-4807-998f-7c487ceff365:192.168.151.82:43961], old=null
2019-09-28 01:15:07,127 [c5982eae-d64d-4d85-bf8e-680be3da7c97@group-F5D139EFAB30:LeaderElection26] INFO  impl.LeaderElection (LogUtils.java:infoOrTrace(149)) - c5982eae-d64d-4d85-bf8e-680be3da7c97@group-F5D139EFAB30:LeaderElection26 got exception when requesting votes: {}
java.util.concurrent.ExecutionException: org.apache.ratis.thirdparty.io.grpc.StatusRuntimeException: UNAVAILABLE: io exception
	at java.util.concurrent.FutureTask.report(FutureTask.java:122)
	at java.util.concurrent.FutureTask.get(FutureTask.java:192)
	at org.apache.ratis.server.impl.LeaderElection.waitForResults(LeaderElection.java:263)
	at org.apache.ratis.server.impl.LeaderElection.askForVotes(LeaderElection.java:201)
	at org.apache.ratis.server.impl.LeaderElection.run(LeaderElection.java:133)
	at java.lang.Thread.run(Thread.java:748)
Caused by: org.apache.ratis.thirdparty.io.grpc.StatusRuntimeException: UNAVAILABLE: io exception
	at org.apache.ratis.thirdparty.io.grpc.stub.ClientCalls.toStatusRuntimeException(ClientCalls.java:233)
	at org.apache.ratis.thirdparty.io.grpc.stub.ClientCalls.getUnchecked(ClientCalls.java:214)
	at org.apache.ratis.thirdparty.io.grpc.stub.ClientCalls.blockingUnaryCall(ClientCalls.java:139)
	at org.apache.ratis.proto.grpc.RaftServerProtocolServiceGrpc$RaftServerProtocolServiceBlockingStub.requestVote(RaftServerProtocolServiceGrpc.java:265)
	at org.apache.ratis.grpc.server.GrpcServerProtocolClient.requestVote(GrpcServerProtocolClient.java:90)
	at org.apache.ratis.grpc.server.GrpcService.requestVote(GrpcService.java:204)
	at org.apache.ratis.server.impl.LeaderElection.lambda$submitRequests$1(LeaderElection.java:238)
	at java.util.concurrent.FutureTask.run(FutureTask.java:266)
	at java.util.concurrent.Executors$RunnableAdapter.call(Executors.java:511)
	at java.util.concurrent.FutureTask.run(FutureTask.java:266)
	at java.util.concurrent.ThreadPoolExecutor.runWorker(ThreadPoolExecutor.java:1149)
	at java.util.concurrent.ThreadPoolExecutor$Worker.run(ThreadPoolExecutor.java:624)
	... 1 more
Caused by: org.apache.ratis.thirdparty.io.netty.channel.AbstractChannel$AnnotatedConnectException: Connection refused: /192.168.151.82:46179
	at sun.nio.ch.SocketChannelImpl.checkConnect(Native Method)
	at sun.nio.ch.SocketChannelImpl.finishConnect(SocketChannelImpl.java:717)
	at org.apache.ratis.thirdparty.io.netty.channel.socket.nio.NioSocketChannel.doFinishConnect(NioSocketChannel.java:327)
	at org.apache.ratis.thirdparty.io.netty.channel.nio.AbstractNioChannel$AbstractNioUnsafe.finishConnect(AbstractNioChannel.java:340)
	at org.apache.ratis.thirdparty.io.netty.channel.nio.NioEventLoop.processSelectedKey(NioEventLoop.java:632)
	at org.apache.ratis.thirdparty.io.netty.channel.nio.NioEventLoop.processSelectedKeysOptimized(NioEventLoop.java:579)
	at org.apache.ratis.thirdparty.io.netty.channel.nio.NioEventLoop.processSelectedKeys(NioEventLoop.java:496)
	at org.apache.ratis.thirdparty.io.netty.channel.nio.NioEventLoop.run(NioEventLoop.java:458)
	at org.apache.ratis.thirdparty.io.netty.util.concurrent.SingleThreadEventExecutor$5.run(SingleThreadEventExecutor.java:897)
	at org.apache.ratis.thirdparty.io.netty.util.concurrent.FastThreadLocalRunnable.run(FastThreadLocalRunnable.java:30)
	... 1 more
Caused by: java.net.ConnectException: Connection refused
	... 11 more
2019-09-28 01:15:07,130 [c5982eae-d64d-4d85-bf8e-680be3da7c97@group-F5D139EFAB30:LeaderElection26] INFO  impl.LeaderElection (LogUtils.java:infoOrTrace(149)) - c5982eae-d64d-4d85-bf8e-680be3da7c97@group-F5D139EFAB30:LeaderElection26 got exception when requesting votes: {}
java.util.concurrent.ExecutionException: org.apache.ratis.thirdparty.io.grpc.StatusRuntimeException: UNAVAILABLE: io exception
	at java.util.concurrent.FutureTask.report(FutureTask.java:122)
	at java.util.concurrent.FutureTask.get(FutureTask.java:192)
	at org.apache.ratis.server.impl.LeaderElection.waitForResults(LeaderElection.java:263)
	at org.apache.ratis.server.impl.LeaderElection.askForVotes(LeaderElection.java:201)
	at org.apache.ratis.server.impl.LeaderElection.run(LeaderElection.java:133)
	at java.lang.Thread.run(Thread.java:748)
Caused by: org.apache.ratis.thirdparty.io.grpc.StatusRuntimeException: UNAVAILABLE: io exception
	at org.apache.ratis.thirdparty.io.grpc.stub.ClientCalls.toStatusRuntimeException(ClientCalls.java:233)
	at org.apache.ratis.thirdparty.io.grpc.stub.ClientCalls.getUnchecked(ClientCalls.java:214)
	at org.apache.ratis.thirdparty.io.grpc.stub.ClientCalls.blockingUnaryCall(ClientCalls.java:139)
	at org.apache.ratis.proto.grpc.RaftServerProtocolServiceGrpc$RaftServerProtocolServiceBlockingStub.requestVote(RaftServerProtocolServiceGrpc.java:265)
	at org.apache.ratis.grpc.server.GrpcServerProtocolClient.requestVote(GrpcServerProtocolClient.java:90)
	at org.apache.ratis.grpc.server.GrpcService.requestVote(GrpcService.java:204)
	at org.apache.ratis.server.impl.LeaderElection.lambda$submitRequests$1(LeaderElection.java:238)
	at java.util.concurrent.FutureTask.run(FutureTask.java:266)
	at java.util.concurrent.Executors$RunnableAdapter.call(Executors.java:511)
	at java.util.concurrent.FutureTask.run(FutureTask.java:266)
	at java.util.concurrent.ThreadPoolExecutor.runWorker(ThreadPoolExecutor.java:1149)
	at java.util.concurrent.ThreadPoolExecutor$Worker.run(ThreadPoolExecutor.java:624)
	... 1 more
Caused by: org.apache.ratis.thirdparty.io.netty.channel.AbstractChannel$AnnotatedConnectException: Connection refused: /192.168.151.82:43961
	at sun.nio.ch.SocketChannelImpl.checkConnect(Native Method)
	at sun.nio.ch.SocketChannelImpl.finishConnect(SocketChannelImpl.java:717)
	at org.apache.ratis.thirdparty.io.netty.channel.socket.nio.NioSocketChannel.doFinishConnect(NioSocketChannel.java:327)
	at org.apache.ratis.thirdparty.io.netty.channel.nio.AbstractNioChannel$AbstractNioUnsafe.finishConnect(AbstractNioChannel.java:340)
	at org.apache.ratis.thirdparty.io.netty.channel.nio.NioEventLoop.processSelectedKey(NioEventLoop.java:632)
	at org.apache.ratis.thirdparty.io.netty.channel.nio.NioEventLoop.processSelectedKeysOptimized(NioEventLoop.java:579)
	at org.apache.ratis.thirdparty.io.netty.channel.nio.NioEventLoop.processSelectedKeys(NioEventLoop.java:496)
	at org.apache.ratis.thirdparty.io.netty.channel.nio.NioEventLoop.run(NioEventLoop.java:458)
	at org.apache.ratis.thirdparty.io.netty.util.concurrent.SingleThreadEventExecutor$5.run(SingleThreadEventExecutor.java:897)
	at org.apache.ratis.thirdparty.io.netty.util.concurrent.FastThreadLocalRunnable.run(FastThreadLocalRunnable.java:30)
	... 1 more
Caused by: java.net.ConnectException: Connection refused
	... 11 more
2019-09-28 01:15:07,135 [c5982eae-d64d-4d85-bf8e-680be3da7c97@group-F5D139EFAB30:LeaderElection26] INFO  impl.LeaderElection (LeaderElection.java:logAndReturn(56)) - c5982eae-d64d-4d85-bf8e-680be3da7c97@group-F5D139EFAB30:LeaderElection26: Election REJECTED; received 0 response(s) [] and 2 exception(s); c5982eae-d64d-4d85-bf8e-680be3da7c97@group-F5D139EFAB30:t4, leader=null, voted=c5982eae-d64d-4d85-bf8e-680be3da7c97, raftlog=c5982eae-d64d-4d85-bf8e-680be3da7c97@group-F5D139EFAB30-SegmentedRaftLog:OPENED:c0,f0,i0, conf=0: [c5982eae-d64d-4d85-bf8e-680be3da7c97:192.168.151.82:39895, 8a2f89dc-5374-4145-86d1-b1660ecca13e:192.168.151.82:46179, d2027d58-a939-4807-998f-7c487ceff365:192.168.151.82:43961], old=null
2019-09-28 01:15:07,135 [c5982eae-d64d-4d85-bf8e-680be3da7c97@group-F5D139EFAB30:LeaderElection26] INFO  impl.LeaderElection (LogUtils.java:infoOrTrace(149)) -   Exception 0: {}
java.util.concurrent.ExecutionException: org.apache.ratis.thirdparty.io.grpc.StatusRuntimeException: UNAVAILABLE: io exception
	at java.util.concurrent.FutureTask.report(FutureTask.java:122)
	at java.util.concurrent.FutureTask.get(FutureTask.java:192)
	at org.apache.ratis.server.impl.LeaderElection.waitForResults(LeaderElection.java:263)
	at org.apache.ratis.server.impl.LeaderElection.askForVotes(LeaderElection.java:201)
	at org.apache.ratis.server.impl.LeaderElection.run(LeaderElection.java:133)
	at java.lang.Thread.run(Thread.java:748)
Caused by: org.apache.ratis.thirdparty.io.grpc.StatusRuntimeException: UNAVAILABLE: io exception
	at org.apache.ratis.thirdparty.io.grpc.stub.ClientCalls.toStatusRuntimeException(ClientCalls.java:233)
	at org.apache.ratis.thirdparty.io.grpc.stub.ClientCalls.getUnchecked(ClientCalls.java:214)
	at org.apache.ratis.thirdparty.io.grpc.stub.ClientCalls.blockingUnaryCall(ClientCalls.java:139)
	at org.apache.ratis.proto.grpc.RaftServerProtocolServiceGrpc$RaftServerProtocolServiceBlockingStub.requestVote(RaftServerProtocolServiceGrpc.java:265)
	at org.apache.ratis.grpc.server.GrpcServerProtocolClient.requestVote(GrpcServerProtocolClient.java:90)
	at org.apache.ratis.grpc.server.GrpcService.requestVote(GrpcService.java:204)
	at org.apache.ratis.server.impl.LeaderElection.lambda$submitRequests$1(LeaderElection.java:238)
	at java.util.concurrent.FutureTask.run(FutureTask.java:266)
	at java.util.concurrent.Executors$RunnableAdapter.call(Executors.java:511)
	at java.util.concurrent.FutureTask.run(FutureTask.java:266)
	at java.util.concurrent.ThreadPoolExecutor.runWorker(ThreadPoolExecutor.java:1149)
	at java.util.concurrent.ThreadPoolExecutor$Worker.run(ThreadPoolExecutor.java:624)
	... 1 more
Caused by: org.apache.ratis.thirdparty.io.netty.channel.AbstractChannel$AnnotatedConnectException: Connection refused: /192.168.151.82:46179
	at sun.nio.ch.SocketChannelImpl.checkConnect(Native Method)
	at sun.nio.ch.SocketChannelImpl.finishConnect(SocketChannelImpl.java:717)
	at org.apache.ratis.thirdparty.io.netty.channel.socket.nio.NioSocketChannel.doFinishConnect(NioSocketChannel.java:327)
	at org.apache.ratis.thirdparty.io.netty.channel.nio.AbstractNioChannel$AbstractNioUnsafe.finishConnect(AbstractNioChannel.java:340)
	at org.apache.ratis.thirdparty.io.netty.channel.nio.NioEventLoop.processSelectedKey(NioEventLoop.java:632)
	at org.apache.ratis.thirdparty.io.netty.channel.nio.NioEventLoop.processSelectedKeysOptimized(NioEventLoop.java:579)
	at org.apache.ratis.thirdparty.io.netty.channel.nio.NioEventLoop.processSelectedKeys(NioEventLoop.java:496)
	at org.apache.ratis.thirdparty.io.netty.channel.nio.NioEventLoop.run(NioEventLoop.java:458)
	at org.apache.ratis.thirdparty.io.netty.util.concurrent.SingleThreadEventExecutor$5.run(SingleThreadEventExecutor.java:897)
	at org.apache.ratis.thirdparty.io.netty.util.concurrent.FastThreadLocalRunnable.run(FastThreadLocalRunnable.java:30)
	... 1 more
Caused by: java.net.ConnectException: Connection refused
	... 11 more
2019-09-28 01:15:07,135 [c5982eae-d64d-4d85-bf8e-680be3da7c97@group-F5D139EFAB30:LeaderElection26] INFO  impl.LeaderElection (LogUtils.java:infoOrTrace(149)) -   Exception 1: {}
java.util.concurrent.ExecutionException: org.apache.ratis.thirdparty.io.grpc.StatusRuntimeException: UNAVAILABLE: io exception
	at java.util.concurrent.FutureTask.report(FutureTask.java:122)
	at java.util.concurrent.FutureTask.get(FutureTask.java:192)
	at org.apache.ratis.server.impl.LeaderElection.waitForResults(LeaderElection.java:263)
	at org.apache.ratis.server.impl.LeaderElection.askForVotes(LeaderElection.java:201)
	at org.apache.ratis.server.impl.LeaderElection.run(LeaderElection.java:133)
	at java.lang.Thread.run(Thread.java:748)
Caused by: org.apache.ratis.thirdparty.io.grpc.StatusRuntimeException: UNAVAILABLE: io exception
	at org.apache.ratis.thirdparty.io.grpc.stub.ClientCalls.toStatusRuntimeException(ClientCalls.java:233)
	at org.apache.ratis.thirdparty.io.grpc.stub.ClientCalls.getUnchecked(ClientCalls.java:214)
	at org.apache.ratis.thirdparty.io.grpc.stub.ClientCalls.blockingUnaryCall(ClientCalls.java:139)
	at org.apache.ratis.proto.grpc.RaftServerProtocolServiceGrpc$RaftServerProtocolServiceBlockingStub.requestVote(RaftServerProtocolServiceGrpc.java:265)
	at org.apache.ratis.grpc.server.GrpcServerProtocolClient.requestVote(GrpcServerProtocolClient.java:90)
	at org.apache.ratis.grpc.server.GrpcService.requestVote(GrpcService.java:204)
	at org.apache.ratis.server.impl.LeaderElection.lambda$submitRequests$1(LeaderElection.java:238)
	at java.util.concurrent.FutureTask.run(FutureTask.java:266)
	at java.util.concurrent.Executors$RunnableAdapter.call(Executors.java:511)
	at java.util.concurrent.FutureTask.run(FutureTask.java:266)
	at java.util.concurrent.ThreadPoolExecutor.runWorker(ThreadPoolExecutor.java:1149)
	at java.util.concurrent.ThreadPoolExecutor$Worker.run(ThreadPoolExecutor.java:624)
	... 1 more
Caused by: org.apache.ratis.thirdparty.io.netty.channel.AbstractChannel$AnnotatedConnectException: Connection refused: /192.168.151.82:43961
	at sun.nio.ch.SocketChannelImpl.checkConnect(Native Method)
	at sun.nio.ch.SocketChannelImpl.finishConnect(SocketChannelImpl.java:717)
	at org.apache.ratis.thirdparty.io.netty.channel.socket.nio.NioSocketChannel.doFinishConnect(NioSocketChannel.java:327)
	at org.apache.ratis.thirdparty.io.netty.channel.nio.AbstractNioChannel$AbstractNioUnsafe.finishConnect(AbstractNioChannel.java:340)
	at org.apache.ratis.thirdparty.io.netty.channel.nio.NioEventLoop.processSelectedKey(NioEventLoop.java:632)
	at org.apache.ratis.thirdparty.io.netty.channel.nio.NioEventLoop.processSelectedKeysOptimized(NioEventLoop.java:579)
	at org.apache.ratis.thirdparty.io.netty.channel.nio.NioEventLoop.processSelectedKeys(NioEventLoop.java:496)
	at org.apache.ratis.thirdparty.io.netty.channel.nio.NioEventLoop.run(NioEventLoop.java:458)
	at org.apache.ratis.thirdparty.io.netty.util.concurrent.SingleThreadEventExecutor$5.run(SingleThreadEventExecutor.java:897)
	at org.apache.ratis.thirdparty.io.netty.util.concurrent.FastThreadLocalRunnable.run(FastThreadLocalRunnable.java:30)
	... 1 more
Caused by: java.net.ConnectException: Connection refused
	... 11 more
2019-09-28 01:15:07,136 [c5982eae-d64d-4d85-bf8e-680be3da7c97@group-F5D139EFAB30:LeaderElection26] INFO  impl.RaftServerImpl (RaftServerImpl.java:setRole(174)) - c5982eae-d64d-4d85-bf8e-680be3da7c97@group-F5D139EFAB30: changes role from CANDIDATE to FOLLOWER at term 4 for DISCOVERED_A_NEW_TERM
2019-09-28 01:15:07,138 [c5982eae-d64d-4d85-bf8e-680be3da7c97@group-F5D139EFAB30:LeaderElection26] INFO  impl.RoleInfo (RoleInfo.java:shutdownLeaderElection(134)) - c5982eae-d64d-4d85-bf8e-680be3da7c97: shutdown LeaderElection
2019-09-28 01:15:07,138 [c5982eae-d64d-4d85-bf8e-680be3da7c97@group-F5D139EFAB30:LeaderElection26] INFO  impl.RoleInfo (RoleInfo.java:updateAndGet(143)) - c5982eae-d64d-4d85-bf8e-680be3da7c97: start FollowerState
2019-09-28 01:15:07,435 [grpc-default-executor-5] WARN  server.GrpcLogAppender (LogUtils.java:warn(134)) - cab9505b-c3df-4889-be4c-e0933a387faa@group-6BFCA60A2FDA->8bf5c620-efb5-49b6-a768-f4179fc43006-AppendLogResponseHandler: Failed appendEntries: org.apache.ratis.thirdparty.io.grpc.StatusRuntimeException: UNAVAILABLE: io exception
2019-09-28 01:15:07,446 [grpc-default-executor-1] WARN  server.GrpcLogAppender (LogUtils.java:warn(134)) - 726dacf1-2c06-45a9-9365-4f0196171786@group-3679665D126C->d8ea7beb-83bc-4703-8607-f43fb93ff04f-AppendLogResponseHandler: Failed appendEntries: org.apache.ratis.thirdparty.io.grpc.StatusRuntimeException: UNAVAILABLE: io exception
2019-09-28 01:15:07,450 [grpc-default-executor-5] INFO  impl.FollowerInfo (FollowerInfo.java:lambda$new$0(51)) - cab9505b-c3df-4889-be4c-e0933a387faa@group-6BFCA60A2FDA->8bf5c620-efb5-49b6-a768-f4179fc43006: nextIndex: updateUnconditionally 0 -> 0
2019-09-28 01:15:07,450 [grpc-default-executor-1] INFO  impl.FollowerInfo (FollowerInfo.java:lambda$new$0(51)) - 726dacf1-2c06-45a9-9365-4f0196171786@group-3679665D126C->d8ea7beb-83bc-4703-8607-f43fb93ff04f: nextIndex: updateUnconditionally 0 -> 0
2019-09-28 01:15:07,936 [grpc-default-executor-5] WARN  server.GrpcLogAppender (LogUtils.java:warn(134)) - 726dacf1-2c06-45a9-9365-4f0196171786@group-3679665D126C->d8ea7beb-83bc-4703-8607-f43fb93ff04f-AppendLogResponseHandler: Failed appendEntries: org.apache.ratis.thirdparty.io.grpc.StatusRuntimeException: UNAVAILABLE: io exception
2019-09-28 01:15:07,938 [grpc-default-executor-5] INFO  impl.FollowerInfo (FollowerInfo.java:lambda$new$0(51)) - 726dacf1-2c06-45a9-9365-4f0196171786@group-3679665D126C->d8ea7beb-83bc-4703-8607-f43fb93ff04f: nextIndex: updateUnconditionally 0 -> 0
2019-09-28 01:15:07,946 [grpc-default-executor-1] WARN  server.GrpcLogAppender (LogUtils.java:warn(134)) - cab9505b-c3df-4889-be4c-e0933a387faa@group-6BFCA60A2FDA->8bf5c620-efb5-49b6-a768-f4179fc43006-AppendLogResponseHandler: Failed appendEntries: org.apache.ratis.thirdparty.io.grpc.StatusRuntimeException: UNAVAILABLE: io exception
2019-09-28 01:15:07,947 [grpc-default-executor-1] INFO  impl.FollowerInfo (FollowerInfo.java:lambda$new$0(51)) - cab9505b-c3df-4889-be4c-e0933a387faa@group-6BFCA60A2FDA->8bf5c620-efb5-49b6-a768-f4179fc43006: nextIndex: updateUnconditionally 0 -> 0
2019-09-28 01:15:08,287 [Thread-1872] INFO  impl.FollowerState (FollowerState.java:run(106)) - c5982eae-d64d-4d85-bf8e-680be3da7c97:group-F5D139EFAB30 changes to CANDIDATE, lastRpcTime:1148, electionTimeout:1146ms
2019-09-28 01:15:08,287 [Thread-1872] INFO  impl.RoleInfo (RoleInfo.java:shutdownFollowerState(121)) - c5982eae-d64d-4d85-bf8e-680be3da7c97: shutdown FollowerState
2019-09-28 01:15:08,287 [Thread-1872] INFO  impl.RaftServerImpl (RaftServerImpl.java:setRole(174)) - c5982eae-d64d-4d85-bf8e-680be3da7c97@group-F5D139EFAB30: changes role from  FOLLOWER to CANDIDATE at term 4 for changeToCandidate
2019-09-28 01:15:08,288 [Thread-1872] INFO  impl.RoleInfo (RoleInfo.java:updateAndGet(143)) - c5982eae-d64d-4d85-bf8e-680be3da7c97: start LeaderElection
2019-09-28 01:15:08,305 [c5982eae-d64d-4d85-bf8e-680be3da7c97@group-F5D139EFAB30:LeaderElection27] INFO  impl.LeaderElection (LeaderElection.java:askForVotes(182)) - c5982eae-d64d-4d85-bf8e-680be3da7c97@group-F5D139EFAB30:LeaderElection27: begin an election at term 5 for 0: [c5982eae-d64d-4d85-bf8e-680be3da7c97:192.168.151.82:39895, 8a2f89dc-5374-4145-86d1-b1660ecca13e:192.168.151.82:46179, d2027d58-a939-4807-998f-7c487ceff365:192.168.151.82:43961], old=null
2019-09-28 01:15:08,307 [c5982eae-d64d-4d85-bf8e-680be3da7c97@group-F5D139EFAB30:LeaderElection27] INFO  impl.LeaderElection (LogUtils.java:infoOrTrace(149)) - c5982eae-d64d-4d85-bf8e-680be3da7c97@group-F5D139EFAB30:LeaderElection27 got exception when requesting votes: {}
java.util.concurrent.ExecutionException: org.apache.ratis.thirdparty.io.grpc.StatusRuntimeException: UNAVAILABLE: io exception
	at java.util.concurrent.FutureTask.report(FutureTask.java:122)
	at java.util.concurrent.FutureTask.get(FutureTask.java:192)
	at org.apache.ratis.server.impl.LeaderElection.waitForResults(LeaderElection.java:263)
	at org.apache.ratis.server.impl.LeaderElection.askForVotes(LeaderElection.java:201)
	at org.apache.ratis.server.impl.LeaderElection.run(LeaderElection.java:133)
	at java.lang.Thread.run(Thread.java:748)
Caused by: org.apache.ratis.thirdparty.io.grpc.StatusRuntimeException: UNAVAILABLE: io exception
	at org.apache.ratis.thirdparty.io.grpc.stub.ClientCalls.toStatusRuntimeException(ClientCalls.java:233)
	at org.apache.ratis.thirdparty.io.grpc.stub.ClientCalls.getUnchecked(ClientCalls.java:214)
	at org.apache.ratis.thirdparty.io.grpc.stub.ClientCalls.blockingUnaryCall(ClientCalls.java:139)
	at org.apache.ratis.proto.grpc.RaftServerProtocolServiceGrpc$RaftServerProtocolServiceBlockingStub.requestVote(RaftServerProtocolServiceGrpc.java:265)
	at org.apache.ratis.grpc.server.GrpcServerProtocolClient.requestVote(GrpcServerProtocolClient.java:90)
	at org.apache.ratis.grpc.server.GrpcService.requestVote(GrpcService.java:204)
	at org.apache.ratis.server.impl.LeaderElection.lambda$submitRequests$1(LeaderElection.java:238)
	at java.util.concurrent.FutureTask.run(FutureTask.java:266)
	at java.util.concurrent.Executors$RunnableAdapter.call(Executors.java:511)
	at java.util.concurrent.FutureTask.run(FutureTask.java:266)
	at java.util.concurrent.ThreadPoolExecutor.runWorker(ThreadPoolExecutor.java:1149)
	at java.util.concurrent.ThreadPoolExecutor$Worker.run(ThreadPoolExecutor.java:624)
	... 1 more
Caused by: org.apache.ratis.thirdparty.io.netty.channel.AbstractChannel$AnnotatedConnectException: Connection refused: /192.168.151.82:43961
	at sun.nio.ch.SocketChannelImpl.checkConnect(Native Method)
	at sun.nio.ch.SocketChannelImpl.finishConnect(SocketChannelImpl.java:717)
	at org.apache.ratis.thirdparty.io.netty.channel.socket.nio.NioSocketChannel.doFinishConnect(NioSocketChannel.java:327)
	at org.apache.ratis.thirdparty.io.netty.channel.nio.AbstractNioChannel$AbstractNioUnsafe.finishConnect(AbstractNioChannel.java:340)
	at org.apache.ratis.thirdparty.io.netty.channel.nio.NioEventLoop.processSelectedKey(NioEventLoop.java:632)
	at org.apache.ratis.thirdparty.io.netty.channel.nio.NioEventLoop.processSelectedKeysOptimized(NioEventLoop.java:579)
	at org.apache.ratis.thirdparty.io.netty.channel.nio.NioEventLoop.processSelectedKeys(NioEventLoop.java:496)
	at org.apache.ratis.thirdparty.io.netty.channel.nio.NioEventLoop.run(NioEventLoop.java:458)
	at org.apache.ratis.thirdparty.io.netty.util.concurrent.SingleThreadEventExecutor$5.run(SingleThreadEventExecutor.java:897)
	at org.apache.ratis.thirdparty.io.netty.util.concurrent.FastThreadLocalRunnable.run(FastThreadLocalRunnable.java:30)
	... 1 more
Caused by: java.net.ConnectException: Connection refused
	... 11 more
2019-09-28 01:15:08,310 [c5982eae-d64d-4d85-bf8e-680be3da7c97@group-F5D139EFAB30:LeaderElection27] INFO  impl.LeaderElection (LogUtils.java:infoOrTrace(149)) - c5982eae-d64d-4d85-bf8e-680be3da7c97@group-F5D139EFAB30:LeaderElection27 got exception when requesting votes: {}
java.util.concurrent.ExecutionException: org.apache.ratis.thirdparty.io.grpc.StatusRuntimeException: UNAVAILABLE: io exception
	at java.util.concurrent.FutureTask.report(FutureTask.java:122)
	at java.util.concurrent.FutureTask.get(FutureTask.java:192)
	at org.apache.ratis.server.impl.LeaderElection.waitForResults(LeaderElection.java:263)
	at org.apache.ratis.server.impl.LeaderElection.askForVotes(LeaderElection.java:201)
	at org.apache.ratis.server.impl.LeaderElection.run(LeaderElection.java:133)
	at java.lang.Thread.run(Thread.java:748)
Caused by: org.apache.ratis.thirdparty.io.grpc.StatusRuntimeException: UNAVAILABLE: io exception
	at org.apache.ratis.thirdparty.io.grpc.stub.ClientCalls.toStatusRuntimeException(ClientCalls.java:233)
	at org.apache.ratis.thirdparty.io.grpc.stub.ClientCalls.getUnchecked(ClientCalls.java:214)
	at org.apache.ratis.thirdparty.io.grpc.stub.ClientCalls.blockingUnaryCall(ClientCalls.java:139)
	at org.apache.ratis.proto.grpc.RaftServerProtocolServiceGrpc$RaftServerProtocolServiceBlockingStub.requestVote(RaftServerProtocolServiceGrpc.java:265)
	at org.apache.ratis.grpc.server.GrpcServerProtocolClient.requestVote(GrpcServerProtocolClient.java:90)
	at org.apache.ratis.grpc.server.GrpcService.requestVote(GrpcService.java:204)
	at org.apache.ratis.server.impl.LeaderElection.lambda$submitRequests$1(LeaderElection.java:238)
	at java.util.concurrent.FutureTask.run(FutureTask.java:266)
	at java.util.concurrent.Executors$RunnableAdapter.call(Executors.java:511)
	at java.util.concurrent.FutureTask.run(FutureTask.java:266)
	at java.util.concurrent.ThreadPoolExecutor.runWorker(ThreadPoolExecutor.java:1149)
	at java.util.concurrent.ThreadPoolExecutor$Worker.run(ThreadPoolExecutor.java:624)
	... 1 more
Caused by: org.apache.ratis.thirdparty.io.netty.channel.AbstractChannel$AnnotatedConnectException: Connection refused: /192.168.151.82:46179
	at sun.nio.ch.SocketChannelImpl.checkConnect(Native Method)
	at sun.nio.ch.SocketChannelImpl.finishConnect(SocketChannelImpl.java:717)
	at org.apache.ratis.thirdparty.io.netty.channel.socket.nio.NioSocketChannel.doFinishConnect(NioSocketChannel.java:327)
	at org.apache.ratis.thirdparty.io.netty.channel.nio.AbstractNioChannel$AbstractNioUnsafe.finishConnect(AbstractNioChannel.java:340)
	at org.apache.ratis.thirdparty.io.netty.channel.nio.NioEventLoop.processSelectedKey(NioEventLoop.java:632)
	at org.apache.ratis.thirdparty.io.netty.channel.nio.NioEventLoop.processSelectedKeysOptimized(NioEventLoop.java:579)
	at org.apache.ratis.thirdparty.io.netty.channel.nio.NioEventLoop.processSelectedKeys(NioEventLoop.java:496)
	at org.apache.ratis.thirdparty.io.netty.channel.nio.NioEventLoop.run(NioEventLoop.java:458)
	at org.apache.ratis.thirdparty.io.netty.util.concurrent.SingleThreadEventExecutor$5.run(SingleThreadEventExecutor.java:897)
	at org.apache.ratis.thirdparty.io.netty.util.concurrent.FastThreadLocalRunnable.run(FastThreadLocalRunnable.java:30)
	... 1 more
Caused by: java.net.ConnectException: Connection refused
	... 11 more
2019-09-28 01:15:08,312 [c5982eae-d64d-4d85-bf8e-680be3da7c97@group-F5D139EFAB30:LeaderElection27] INFO  impl.LeaderElection (LeaderElection.java:logAndReturn(56)) - c5982eae-d64d-4d85-bf8e-680be3da7c97@group-F5D139EFAB30:LeaderElection27: Election REJECTED; received 0 response(s) [] and 2 exception(s); c5982eae-d64d-4d85-bf8e-680be3da7c97@group-F5D139EFAB30:t5, leader=null, voted=c5982eae-d64d-4d85-bf8e-680be3da7c97, raftlog=c5982eae-d64d-4d85-bf8e-680be3da7c97@group-F5D139EFAB30-SegmentedRaftLog:OPENED:c0,f0,i0, conf=0: [c5982eae-d64d-4d85-bf8e-680be3da7c97:192.168.151.82:39895, 8a2f89dc-5374-4145-86d1-b1660ecca13e:192.168.151.82:46179, d2027d58-a939-4807-998f-7c487ceff365:192.168.151.82:43961], old=null
2019-09-28 01:15:08,313 [c5982eae-d64d-4d85-bf8e-680be3da7c97@group-F5D139EFAB30:LeaderElection27] INFO  impl.LeaderElection (LogUtils.java:infoOrTrace(149)) -   Exception 0: {}
java.util.concurrent.ExecutionException: org.apache.ratis.thirdparty.io.grpc.StatusRuntimeException: UNAVAILABLE: io exception
	at java.util.concurrent.FutureTask.report(FutureTask.java:122)
	at java.util.concurrent.FutureTask.get(FutureTask.java:192)
	at org.apache.ratis.server.impl.LeaderElection.waitForResults(LeaderElection.java:263)
	at org.apache.ratis.server.impl.LeaderElection.askForVotes(LeaderElection.java:201)
	at org.apache.ratis.server.impl.LeaderElection.run(LeaderElection.java:133)
	at java.lang.Thread.run(Thread.java:748)
Caused by: org.apache.ratis.thirdparty.io.grpc.StatusRuntimeException: UNAVAILABLE: io exception
	at org.apache.ratis.thirdparty.io.grpc.stub.ClientCalls.toStatusRuntimeException(ClientCalls.java:233)
	at org.apache.ratis.thirdparty.io.grpc.stub.ClientCalls.getUnchecked(ClientCalls.java:214)
	at org.apache.ratis.thirdparty.io.grpc.stub.ClientCalls.blockingUnaryCall(ClientCalls.java:139)
	at org.apache.ratis.proto.grpc.RaftServerProtocolServiceGrpc$RaftServerProtocolServiceBlockingStub.requestVote(RaftServerProtocolServiceGrpc.java:265)
	at org.apache.ratis.grpc.server.GrpcServerProtocolClient.requestVote(GrpcServerProtocolClient.java:90)
	at org.apache.ratis.grpc.server.GrpcService.requestVote(GrpcService.java:204)
	at org.apache.ratis.server.impl.LeaderElection.lambda$submitRequests$1(LeaderElection.java:238)
	at java.util.concurrent.FutureTask.run(FutureTask.java:266)
	at java.util.concurrent.Executors$RunnableAdapter.call(Executors.java:511)
	at java.util.concurrent.FutureTask.run(FutureTask.java:266)
	at java.util.concurrent.ThreadPoolExecutor.runWorker(ThreadPoolExecutor.java:1149)
	at java.util.concurrent.ThreadPoolExecutor$Worker.run(ThreadPoolExecutor.java:624)
	... 1 more
Caused by: org.apache.ratis.thirdparty.io.netty.channel.AbstractChannel$AnnotatedConnectException: Connection refused: /192.168.151.82:43961
	at sun.nio.ch.SocketChannelImpl.checkConnect(Native Method)
	at sun.nio.ch.SocketChannelImpl.finishConnect(SocketChannelImpl.java:717)
	at org.apache.ratis.thirdparty.io.netty.channel.socket.nio.NioSocketChannel.doFinishConnect(NioSocketChannel.java:327)
	at org.apache.ratis.thirdparty.io.netty.channel.nio.AbstractNioChannel$AbstractNioUnsafe.finishConnect(AbstractNioChannel.java:340)
	at org.apache.ratis.thirdparty.io.netty.channel.nio.NioEventLoop.processSelectedKey(NioEventLoop.java:632)
	at org.apache.ratis.thirdparty.io.netty.channel.nio.NioEventLoop.processSelectedKeysOptimized(NioEventLoop.java:579)
	at org.apache.ratis.thirdparty.io.netty.channel.nio.NioEventLoop.processSelectedKeys(NioEventLoop.java:496)
	at org.apache.ratis.thirdparty.io.netty.channel.nio.NioEventLoop.run(NioEventLoop.java:458)
	at org.apache.ratis.thirdparty.io.netty.util.concurrent.SingleThreadEventExecutor$5.run(SingleThreadEventExecutor.java:897)
	at org.apache.ratis.thirdparty.io.netty.util.concurrent.FastThreadLocalRunnable.run(FastThreadLocalRunnable.java:30)
	... 1 more
Caused by: java.net.ConnectException: Connection refused
	... 11 more
2019-09-28 01:15:08,313 [c5982eae-d64d-4d85-bf8e-680be3da7c97@group-F5D139EFAB30:LeaderElection27] INFO  impl.LeaderElection (LogUtils.java:infoOrTrace(149)) -   Exception 1: {}
java.util.concurrent.ExecutionException: org.apache.ratis.thirdparty.io.grpc.StatusRuntimeException: UNAVAILABLE: io exception
	at java.util.concurrent.FutureTask.report(FutureTask.java:122)
	at java.util.concurrent.FutureTask.get(FutureTask.java:192)
	at org.apache.ratis.server.impl.LeaderElection.waitForResults(LeaderElection.java:263)
	at org.apache.ratis.server.impl.LeaderElection.askForVotes(LeaderElection.java:201)
	at org.apache.ratis.server.impl.LeaderElection.run(LeaderElection.java:133)
	at java.lang.Thread.run(Thread.java:748)
Caused by: org.apache.ratis.thirdparty.io.grpc.StatusRuntimeException: UNAVAILABLE: io exception
	at org.apache.ratis.thirdparty.io.grpc.stub.ClientCalls.toStatusRuntimeException(ClientCalls.java:233)
	at org.apache.ratis.thirdparty.io.grpc.stub.ClientCalls.getUnchecked(ClientCalls.java:214)
	at org.apache.ratis.thirdparty.io.grpc.stub.ClientCalls.blockingUnaryCall(ClientCalls.java:139)
	at org.apache.ratis.proto.grpc.RaftServerProtocolServiceGrpc$RaftServerProtocolServiceBlockingStub.requestVote(RaftServerProtocolServiceGrpc.java:265)
	at org.apache.ratis.grpc.server.GrpcServerProtocolClient.requestVote(GrpcServerProtocolClient.java:90)
	at org.apache.ratis.grpc.server.GrpcService.requestVote(GrpcService.java:204)
	at org.apache.ratis.server.impl.LeaderElection.lambda$submitRequests$1(LeaderElection.java:238)
	at java.util.concurrent.FutureTask.run(FutureTask.java:266)
	at java.util.concurrent.Executors$RunnableAdapter.call(Executors.java:511)
	at java.util.concurrent.FutureTask.run(FutureTask.java:266)
	at java.util.concurrent.ThreadPoolExecutor.runWorker(ThreadPoolExecutor.java:1149)
	at java.util.concurrent.ThreadPoolExecutor$Worker.run(ThreadPoolExecutor.java:624)
	... 1 more
Caused by: org.apache.ratis.thirdparty.io.netty.channel.AbstractChannel$AnnotatedConnectException: Connection refused: /192.168.151.82:46179
	at sun.nio.ch.SocketChannelImpl.checkConnect(Native Method)
	at sun.nio.ch.SocketChannelImpl.finishConnect(SocketChannelImpl.java:717)
	at org.apache.ratis.thirdparty.io.netty.channel.socket.nio.NioSocketChannel.doFinishConnect(NioSocketChannel.java:327)
	at org.apache.ratis.thirdparty.io.netty.channel.nio.AbstractNioChannel$AbstractNioUnsafe.finishConnect(AbstractNioChannel.java:340)
	at org.apache.ratis.thirdparty.io.netty.channel.nio.NioEventLoop.processSelectedKey(NioEventLoop.java:632)
	at org.apache.ratis.thirdparty.io.netty.channel.nio.NioEventLoop.processSelectedKeysOptimized(NioEventLoop.java:579)
	at org.apache.ratis.thirdparty.io.netty.channel.nio.NioEventLoop.processSelectedKeys(NioEventLoop.java:496)
	at org.apache.ratis.thirdparty.io.netty.channel.nio.NioEventLoop.run(NioEventLoop.java:458)
	at org.apache.ratis.thirdparty.io.netty.util.concurrent.SingleThreadEventExecutor$5.run(SingleThreadEventExecutor.java:897)
	at org.apache.ratis.thirdparty.io.netty.util.concurrent.FastThreadLocalRunnable.run(FastThreadLocalRunnable.java:30)
	... 1 more
Caused by: java.net.ConnectException: Connection refused
	... 11 more
2019-09-28 01:15:08,314 [c5982eae-d64d-4d85-bf8e-680be3da7c97@group-F5D139EFAB30:LeaderElection27] INFO  impl.RaftServerImpl (RaftServerImpl.java:setRole(174)) - c5982eae-d64d-4d85-bf8e-680be3da7c97@group-F5D139EFAB30: changes role from CANDIDATE to FOLLOWER at term 5 for DISCOVERED_A_NEW_TERM
2019-09-28 01:15:08,322 [c5982eae-d64d-4d85-bf8e-680be3da7c97@group-F5D139EFAB30:LeaderElection27] INFO  impl.RoleInfo (RoleInfo.java:shutdownLeaderElection(134)) - c5982eae-d64d-4d85-bf8e-680be3da7c97: shutdown LeaderElection
2019-09-28 01:15:08,322 [c5982eae-d64d-4d85-bf8e-680be3da7c97@group-F5D139EFAB30:LeaderElection27] INFO  impl.RoleInfo (RoleInfo.java:updateAndGet(143)) - c5982eae-d64d-4d85-bf8e-680be3da7c97: start FollowerState
2019-09-28 01:15:08,442 [grpc-default-executor-4] WARN  server.GrpcLogAppender (LogUtils.java:warn(134)) - 726dacf1-2c06-45a9-9365-4f0196171786@group-3679665D126C->d8ea7beb-83bc-4703-8607-f43fb93ff04f-AppendLogResponseHandler: Failed appendEntries: org.apache.ratis.thirdparty.io.grpc.StatusRuntimeException: UNAVAILABLE: io exception
2019-09-28 01:15:08,457 [grpc-default-executor-4] INFO  impl.FollowerInfo (FollowerInfo.java:lambda$new$0(51)) - 726dacf1-2c06-45a9-9365-4f0196171786@group-3679665D126C->d8ea7beb-83bc-4703-8607-f43fb93ff04f: nextIndex: updateUnconditionally 0 -> 0
2019-09-28 01:15:08,459 [grpc-default-executor-0] WARN  server.GrpcLogAppender (LogUtils.java:warn(134)) - cab9505b-c3df-4889-be4c-e0933a387faa@group-6BFCA60A2FDA->8bf5c620-efb5-49b6-a768-f4179fc43006-AppendLogResponseHandler: Failed appendEntries: org.apache.ratis.thirdparty.io.grpc.StatusRuntimeException: UNAVAILABLE: io exception
2019-09-28 01:15:08,459 [grpc-default-executor-0] INFO  impl.FollowerInfo (FollowerInfo.java:lambda$new$0(51)) - cab9505b-c3df-4889-be4c-e0933a387faa@group-6BFCA60A2FDA->8bf5c620-efb5-49b6-a768-f4179fc43006: nextIndex: updateUnconditionally 0 -> 0
2019-09-28 01:15:08,937 [grpc-default-executor-1] WARN  server.GrpcLogAppender (LogUtils.java:warn(134)) - 726dacf1-2c06-45a9-9365-4f0196171786@group-3679665D126C->d8ea7beb-83bc-4703-8607-f43fb93ff04f-AppendLogResponseHandler: Failed appendEntries: org.apache.ratis.thirdparty.io.grpc.StatusRuntimeException: UNAVAILABLE: io exception
2019-09-28 01:15:08,938 [grpc-default-executor-1] INFO  impl.FollowerInfo (FollowerInfo.java:lambda$new$0(51)) - 726dacf1-2c06-45a9-9365-4f0196171786@group-3679665D126C->d8ea7beb-83bc-4703-8607-f43fb93ff04f: nextIndex: updateUnconditionally 0 -> 0
2019-09-28 01:15:08,961 [grpc-default-executor-1] WARN  server.GrpcLogAppender (LogUtils.java:warn(134)) - cab9505b-c3df-4889-be4c-e0933a387faa@group-6BFCA60A2FDA->8bf5c620-efb5-49b6-a768-f4179fc43006-AppendLogResponseHandler: Failed appendEntries: org.apache.ratis.thirdparty.io.grpc.StatusRuntimeException: UNAVAILABLE: io exception
2019-09-28 01:15:08,962 [grpc-default-executor-1] INFO  impl.FollowerInfo (FollowerInfo.java:lambda$new$0(51)) - cab9505b-c3df-4889-be4c-e0933a387faa@group-6BFCA60A2FDA->8bf5c620-efb5-49b6-a768-f4179fc43006: nextIndex: updateUnconditionally 0 -> 0
2019-09-28 01:15:09,440 [grpc-default-executor-0] WARN  server.GrpcLogAppender (LogUtils.java:warn(134)) - 726dacf1-2c06-45a9-9365-4f0196171786@group-3679665D126C->d8ea7beb-83bc-4703-8607-f43fb93ff04f-AppendLogResponseHandler: Failed appendEntries: org.apache.ratis.thirdparty.io.grpc.StatusRuntimeException: UNAVAILABLE: io exception
2019-09-28 01:15:09,440 [grpc-default-executor-0] INFO  impl.FollowerInfo (FollowerInfo.java:lambda$new$0(51)) - 726dacf1-2c06-45a9-9365-4f0196171786@group-3679665D126C->d8ea7beb-83bc-4703-8607-f43fb93ff04f: nextIndex: updateUnconditionally 0 -> 0
2019-09-28 01:15:09,468 [grpc-default-executor-0] WARN  server.GrpcLogAppender (LogUtils.java:warn(134)) - cab9505b-c3df-4889-be4c-e0933a387faa@group-6BFCA60A2FDA->8bf5c620-efb5-49b6-a768-f4179fc43006-AppendLogResponseHandler: Failed appendEntries: org.apache.ratis.thirdparty.io.grpc.StatusRuntimeException: UNAVAILABLE: io exception
2019-09-28 01:15:09,468 [grpc-default-executor-0] INFO  impl.FollowerInfo (FollowerInfo.java:lambda$new$0(51)) - cab9505b-c3df-4889-be4c-e0933a387faa@group-6BFCA60A2FDA->8bf5c620-efb5-49b6-a768-f4179fc43006: nextIndex: updateUnconditionally 0 -> 0
2019-09-28 01:15:09,471 [Thread-1880] INFO  impl.FollowerState (FollowerState.java:run(106)) - c5982eae-d64d-4d85-bf8e-680be3da7c97:group-F5D139EFAB30 changes to CANDIDATE, lastRpcTime:1148, electionTimeout:1148ms
2019-09-28 01:15:09,471 [Thread-1880] INFO  impl.RoleInfo (RoleInfo.java:shutdownFollowerState(121)) - c5982eae-d64d-4d85-bf8e-680be3da7c97: shutdown FollowerState
2019-09-28 01:15:09,472 [Thread-1880] INFO  impl.RaftServerImpl (RaftServerImpl.java:setRole(174)) - c5982eae-d64d-4d85-bf8e-680be3da7c97@group-F5D139EFAB30: changes role from  FOLLOWER to CANDIDATE at term 5 for changeToCandidate
2019-09-28 01:15:09,472 [Thread-1880] INFO  impl.RoleInfo (RoleInfo.java:updateAndGet(143)) - c5982eae-d64d-4d85-bf8e-680be3da7c97: start LeaderElection
2019-09-28 01:15:09,488 [c5982eae-d64d-4d85-bf8e-680be3da7c97@group-F5D139EFAB30:LeaderElection28] INFO  impl.LeaderElection (LeaderElection.java:askForVotes(182)) - c5982eae-d64d-4d85-bf8e-680be3da7c97@group-F5D139EFAB30:LeaderElection28: begin an election at term 6 for 0: [c5982eae-d64d-4d85-bf8e-680be3da7c97:192.168.151.82:39895, 8a2f89dc-5374-4145-86d1-b1660ecca13e:192.168.151.82:46179, d2027d58-a939-4807-998f-7c487ceff365:192.168.151.82:43961], old=null
2019-09-28 01:15:09,489 [c5982eae-d64d-4d85-bf8e-680be3da7c97@group-F5D139EFAB30:LeaderElection28] INFO  impl.LeaderElection (LogUtils.java:infoOrTrace(149)) - c5982eae-d64d-4d85-bf8e-680be3da7c97@group-F5D139EFAB30:LeaderElection28 got exception when requesting votes: {}
java.util.concurrent.ExecutionException: org.apache.ratis.thirdparty.io.grpc.StatusRuntimeException: UNAVAILABLE: io exception
	at java.util.concurrent.FutureTask.report(FutureTask.java:122)
	at java.util.concurrent.FutureTask.get(FutureTask.java:192)
	at org.apache.ratis.server.impl.LeaderElection.waitForResults(LeaderElection.java:263)
	at org.apache.ratis.server.impl.LeaderElection.askForVotes(LeaderElection.java:201)
	at org.apache.ratis.server.impl.LeaderElection.run(LeaderElection.java:133)
	at java.lang.Thread.run(Thread.java:748)
Caused by: org.apache.ratis.thirdparty.io.grpc.StatusRuntimeException: UNAVAILABLE: io exception
	at org.apache.ratis.thirdparty.io.grpc.stub.ClientCalls.toStatusRuntimeException(ClientCalls.java:233)
	at org.apache.ratis.thirdparty.io.grpc.stub.ClientCalls.getUnchecked(ClientCalls.java:214)
	at org.apache.ratis.thirdparty.io.grpc.stub.ClientCalls.blockingUnaryCall(ClientCalls.java:139)
	at org.apache.ratis.proto.grpc.RaftServerProtocolServiceGrpc$RaftServerProtocolServiceBlockingStub.requestVote(RaftServerProtocolServiceGrpc.java:265)
	at org.apache.ratis.grpc.server.GrpcServerProtocolClient.requestVote(GrpcServerProtocolClient.java:90)
	at org.apache.ratis.grpc.server.GrpcService.requestVote(GrpcService.java:204)
	at org.apache.ratis.server.impl.LeaderElection.lambda$submitRequests$1(LeaderElection.java:238)
	at java.util.concurrent.FutureTask.run(FutureTask.java:266)
	at java.util.concurrent.Executors$RunnableAdapter.call(Executors.java:511)
	at java.util.concurrent.FutureTask.run(FutureTask.java:266)
	at java.util.concurrent.ThreadPoolExecutor.runWorker(ThreadPoolExecutor.java:1149)
	at java.util.concurrent.ThreadPoolExecutor$Worker.run(ThreadPoolExecutor.java:624)
	... 1 more
Caused by: org.apache.ratis.thirdparty.io.netty.channel.AbstractChannel$AnnotatedConnectException: Connection refused: /192.168.151.82:43961
	at sun.nio.ch.SocketChannelImpl.checkConnect(Native Method)
	at sun.nio.ch.SocketChannelImpl.finishConnect(SocketChannelImpl.java:717)
	at org.apache.ratis.thirdparty.io.netty.channel.socket.nio.NioSocketChannel.doFinishConnect(NioSocketChannel.java:327)
	at org.apache.ratis.thirdparty.io.netty.channel.nio.AbstractNioChannel$AbstractNioUnsafe.finishConnect(AbstractNioChannel.java:340)
	at org.apache.ratis.thirdparty.io.netty.channel.nio.NioEventLoop.processSelectedKey(NioEventLoop.java:632)
	at org.apache.ratis.thirdparty.io.netty.channel.nio.NioEventLoop.processSelectedKeysOptimized(NioEventLoop.java:579)
	at org.apache.ratis.thirdparty.io.netty.channel.nio.NioEventLoop.processSelectedKeys(NioEventLoop.java:496)
	at org.apache.ratis.thirdparty.io.netty.channel.nio.NioEventLoop.run(NioEventLoop.java:458)
	at org.apache.ratis.thirdparty.io.netty.util.concurrent.SingleThreadEventExecutor$5.run(SingleThreadEventExecutor.java:897)
	at org.apache.ratis.thirdparty.io.netty.util.concurrent.FastThreadLocalRunnable.run(FastThreadLocalRunnable.java:30)
	... 1 more
Caused by: java.net.ConnectException: Connection refused
	... 11 more
2019-09-28 01:15:09,492 [c5982eae-d64d-4d85-bf8e-680be3da7c97@group-F5D139EFAB30:LeaderElection28] INFO  impl.LeaderElection (LogUtils.java:infoOrTrace(149)) - c5982eae-d64d-4d85-bf8e-680be3da7c97@group-F5D139EFAB30:LeaderElection28 got exception when requesting votes: {}
java.util.concurrent.ExecutionException: org.apache.ratis.thirdparty.io.grpc.StatusRuntimeException: UNAVAILABLE: io exception
	at java.util.concurrent.FutureTask.report(FutureTask.java:122)
	at java.util.concurrent.FutureTask.get(FutureTask.java:192)
	at org.apache.ratis.server.impl.LeaderElection.waitForResults(LeaderElection.java:263)
	at org.apache.ratis.server.impl.LeaderElection.askForVotes(LeaderElection.java:201)
	at org.apache.ratis.server.impl.LeaderElection.run(LeaderElection.java:133)
	at java.lang.Thread.run(Thread.java:748)
Caused by: org.apache.ratis.thirdparty.io.grpc.StatusRuntimeException: UNAVAILABLE: io exception
	at org.apache.ratis.thirdparty.io.grpc.stub.ClientCalls.toStatusRuntimeException(ClientCalls.java:233)
	at org.apache.ratis.thirdparty.io.grpc.stub.ClientCalls.getUnchecked(ClientCalls.java:214)
	at org.apache.ratis.thirdparty.io.grpc.stub.ClientCalls.blockingUnaryCall(ClientCalls.java:139)
	at org.apache.ratis.proto.grpc.RaftServerProtocolServiceGrpc$RaftServerProtocolServiceBlockingStub.requestVote(RaftServerProtocolServiceGrpc.java:265)
	at org.apache.ratis.grpc.server.GrpcServerProtocolClient.requestVote(GrpcServerProtocolClient.java:90)
	at org.apache.ratis.grpc.server.GrpcService.requestVote(GrpcService.java:204)
	at org.apache.ratis.server.impl.LeaderElection.lambda$submitRequests$1(LeaderElection.java:238)
	at java.util.concurrent.FutureTask.run(FutureTask.java:266)
	at java.util.concurrent.Executors$RunnableAdapter.call(Executors.java:511)
	at java.util.concurrent.FutureTask.run(FutureTask.java:266)
	at java.util.concurrent.ThreadPoolExecutor.runWorker(ThreadPoolExecutor.java:1149)
	at java.util.concurrent.ThreadPoolExecutor$Worker.run(ThreadPoolExecutor.java:624)
	... 1 more
Caused by: org.apache.ratis.thirdparty.io.netty.channel.AbstractChannel$AnnotatedConnectException: Connection refused: /192.168.151.82:46179
	at sun.nio.ch.SocketChannelImpl.checkConnect(Native Method)
	at sun.nio.ch.SocketChannelImpl.finishConnect(SocketChannelImpl.java:717)
	at org.apache.ratis.thirdparty.io.netty.channel.socket.nio.NioSocketChannel.doFinishConnect(NioSocketChannel.java:327)
	at org.apache.ratis.thirdparty.io.netty.channel.nio.AbstractNioChannel$AbstractNioUnsafe.finishConnect(AbstractNioChannel.java:340)
	at org.apache.ratis.thirdparty.io.netty.channel.nio.NioEventLoop.processSelectedKey(NioEventLoop.java:632)
	at org.apache.ratis.thirdparty.io.netty.channel.nio.NioEventLoop.processSelectedKeysOptimized(NioEventLoop.java:579)
	at org.apache.ratis.thirdparty.io.netty.channel.nio.NioEventLoop.processSelectedKeys(NioEventLoop.java:496)
	at org.apache.ratis.thirdparty.io.netty.channel.nio.NioEventLoop.run(NioEventLoop.java:458)
	at org.apache.ratis.thirdparty.io.netty.util.concurrent.SingleThreadEventExecutor$5.run(SingleThreadEventExecutor.java:897)
	at org.apache.ratis.thirdparty.io.netty.util.concurrent.FastThreadLocalRunnable.run(FastThreadLocalRunnable.java:30)
	... 1 more
Caused by: java.net.ConnectException: Connection refused
	... 11 more
2019-09-28 01:15:09,494 [c5982eae-d64d-4d85-bf8e-680be3da7c97@group-F5D139EFAB30:LeaderElection28] INFO  impl.LeaderElection (LeaderElection.java:logAndReturn(56)) - c5982eae-d64d-4d85-bf8e-680be3da7c97@group-F5D139EFAB30:LeaderElection28: Election REJECTED; received 0 response(s) [] and 2 exception(s); c5982eae-d64d-4d85-bf8e-680be3da7c97@group-F5D139EFAB30:t6, leader=null, voted=c5982eae-d64d-4d85-bf8e-680be3da7c97, raftlog=c5982eae-d64d-4d85-bf8e-680be3da7c97@group-F5D139EFAB30-SegmentedRaftLog:OPENED:c0,f0,i0, conf=0: [c5982eae-d64d-4d85-bf8e-680be3da7c97:192.168.151.82:39895, 8a2f89dc-5374-4145-86d1-b1660ecca13e:192.168.151.82:46179, d2027d58-a939-4807-998f-7c487ceff365:192.168.151.82:43961], old=null
2019-09-28 01:15:09,494 [c5982eae-d64d-4d85-bf8e-680be3da7c97@group-F5D139EFAB30:LeaderElection28] INFO  impl.LeaderElection (LogUtils.java:infoOrTrace(149)) -   Exception 0: {}
java.util.concurrent.ExecutionException: org.apache.ratis.thirdparty.io.grpc.StatusRuntimeException: UNAVAILABLE: io exception
	at java.util.concurrent.FutureTask.report(FutureTask.java:122)
	at java.util.concurrent.FutureTask.get(FutureTask.java:192)
	at org.apache.ratis.server.impl.LeaderElection.waitForResults(LeaderElection.java:263)
	at org.apache.ratis.server.impl.LeaderElection.askForVotes(LeaderElection.java:201)
	at org.apache.ratis.server.impl.LeaderElection.run(LeaderElection.java:133)
	at java.lang.Thread.run(Thread.java:748)
Caused by: org.apache.ratis.thirdparty.io.grpc.StatusRuntimeException: UNAVAILABLE: io exception
	at org.apache.ratis.thirdparty.io.grpc.stub.ClientCalls.toStatusRuntimeException(ClientCalls.java:233)
	at org.apache.ratis.thirdparty.io.grpc.stub.ClientCalls.getUnchecked(ClientCalls.java:214)
	at org.apache.ratis.thirdparty.io.grpc.stub.ClientCalls.blockingUnaryCall(ClientCalls.java:139)
	at org.apache.ratis.proto.grpc.RaftServerProtocolServiceGrpc$RaftServerProtocolServiceBlockingStub.requestVote(RaftServerProtocolServiceGrpc.java:265)
	at org.apache.ratis.grpc.server.GrpcServerProtocolClient.requestVote(GrpcServerProtocolClient.java:90)
	at org.apache.ratis.grpc.server.GrpcService.requestVote(GrpcService.java:204)
	at org.apache.ratis.server.impl.LeaderElection.lambda$submitRequests$1(LeaderElection.java:238)
	at java.util.concurrent.FutureTask.run(FutureTask.java:266)
	at java.util.concurrent.Executors$RunnableAdapter.call(Executors.java:511)
	at java.util.concurrent.FutureTask.run(FutureTask.java:266)
	at java.util.concurrent.ThreadPoolExecutor.runWorker(ThreadPoolExecutor.java:1149)
	at java.util.concurrent.ThreadPoolExecutor$Worker.run(ThreadPoolExecutor.java:624)
	... 1 more
Caused by: org.apache.ratis.thirdparty.io.netty.channel.AbstractChannel$AnnotatedConnectException: Connection refused: /192.168.151.82:43961
	at sun.nio.ch.SocketChannelImpl.checkConnect(Native Method)
	at sun.nio.ch.SocketChannelImpl.finishConnect(SocketChannelImpl.java:717)
	at org.apache.ratis.thirdparty.io.netty.channel.socket.nio.NioSocketChannel.doFinishConnect(NioSocketChannel.java:327)
	at org.apache.ratis.thirdparty.io.netty.channel.nio.AbstractNioChannel$AbstractNioUnsafe.finishConnect(AbstractNioChannel.java:340)
	at org.apache.ratis.thirdparty.io.netty.channel.nio.NioEventLoop.processSelectedKey(NioEventLoop.java:632)
	at org.apache.ratis.thirdparty.io.netty.channel.nio.NioEventLoop.processSelectedKeysOptimized(NioEventLoop.java:579)
	at org.apache.ratis.thirdparty.io.netty.channel.nio.NioEventLoop.processSelectedKeys(NioEventLoop.java:496)
	at org.apache.ratis.thirdparty.io.netty.channel.nio.NioEventLoop.run(NioEventLoop.java:458)
	at org.apache.ratis.thirdparty.io.netty.util.concurrent.SingleThreadEventExecutor$5.run(SingleThreadEventExecutor.java:897)
	at org.apache.ratis.thirdparty.io.netty.util.concurrent.FastThreadLocalRunnable.run(FastThreadLocalRunnable.java:30)
	... 1 more
Caused by: java.net.ConnectException: Connection refused
	... 11 more
2019-09-28 01:15:09,495 [c5982eae-d64d-4d85-bf8e-680be3da7c97@group-F5D139EFAB30:LeaderElection28] INFO  impl.LeaderElection (LogUtils.java:infoOrTrace(149)) -   Exception 1: {}
java.util.concurrent.ExecutionException: org.apache.ratis.thirdparty.io.grpc.StatusRuntimeException: UNAVAILABLE: io exception
	at java.util.concurrent.FutureTask.report(FutureTask.java:122)
	at java.util.concurrent.FutureTask.get(FutureTask.java:192)
	at org.apache.ratis.server.impl.LeaderElection.waitForResults(LeaderElection.java:263)
	at org.apache.ratis.server.impl.LeaderElection.askForVotes(LeaderElection.java:201)
	at org.apache.ratis.server.impl.LeaderElection.run(LeaderElection.java:133)
	at java.lang.Thread.run(Thread.java:748)
Caused by: org.apache.ratis.thirdparty.io.grpc.StatusRuntimeException: UNAVAILABLE: io exception
	at org.apache.ratis.thirdparty.io.grpc.stub.ClientCalls.toStatusRuntimeException(ClientCalls.java:233)
	at org.apache.ratis.thirdparty.io.grpc.stub.ClientCalls.getUnchecked(ClientCalls.java:214)
	at org.apache.ratis.thirdparty.io.grpc.stub.ClientCalls.blockingUnaryCall(ClientCalls.java:139)
	at org.apache.ratis.proto.grpc.RaftServerProtocolServiceGrpc$RaftServerProtocolServiceBlockingStub.requestVote(RaftServerProtocolServiceGrpc.java:265)
	at org.apache.ratis.grpc.server.GrpcServerProtocolClient.requestVote(GrpcServerProtocolClient.java:90)
	at org.apache.ratis.grpc.server.GrpcService.requestVote(GrpcService.java:204)
	at org.apache.ratis.server.impl.LeaderElection.lambda$submitRequests$1(LeaderElection.java:238)
	at java.util.concurrent.FutureTask.run(FutureTask.java:266)
	at java.util.concurrent.Executors$RunnableAdapter.call(Executors.java:511)
	at java.util.concurrent.FutureTask.run(FutureTask.java:266)
	at java.util.concurrent.ThreadPoolExecutor.runWorker(ThreadPoolExecutor.java:1149)
	at java.util.concurrent.ThreadPoolExecutor$Worker.run(ThreadPoolExecutor.java:624)
	... 1 more
Caused by: org.apache.ratis.thirdparty.io.netty.channel.AbstractChannel$AnnotatedConnectException: Connection refused: /192.168.151.82:46179
	at sun.nio.ch.SocketChannelImpl.checkConnect(Native Method)
	at sun.nio.ch.SocketChannelImpl.finishConnect(SocketChannelImpl.java:717)
	at org.apache.ratis.thirdparty.io.netty.channel.socket.nio.NioSocketChannel.doFinishConnect(NioSocketChannel.java:327)
	at org.apache.ratis.thirdparty.io.netty.channel.nio.AbstractNioChannel$AbstractNioUnsafe.finishConnect(AbstractNioChannel.java:340)
	at org.apache.ratis.thirdparty.io.netty.channel.nio.NioEventLoop.processSelectedKey(NioEventLoop.java:632)
	at org.apache.ratis.thirdparty.io.netty.channel.nio.NioEventLoop.processSelectedKeysOptimized(NioEventLoop.java:579)
	at org.apache.ratis.thirdparty.io.netty.channel.nio.NioEventLoop.processSelectedKeys(NioEventLoop.java:496)
	at org.apache.ratis.thirdparty.io.netty.channel.nio.NioEventLoop.run(NioEventLoop.java:458)
	at org.apache.ratis.thirdparty.io.netty.util.concurrent.SingleThreadEventExecutor$5.run(SingleThreadEventExecutor.java:897)
	at org.apache.ratis.thirdparty.io.netty.util.concurrent.FastThreadLocalRunnable.run(FastThreadLocalRunnable.java:30)
	... 1 more
Caused by: java.net.ConnectException: Connection refused
	... 11 more
2019-09-28 01:15:09,495 [c5982eae-d64d-4d85-bf8e-680be3da7c97@group-F5D139EFAB30:LeaderElection28] INFO  impl.RaftServerImpl (RaftServerImpl.java:setRole(174)) - c5982eae-d64d-4d85-bf8e-680be3da7c97@group-F5D139EFAB30: changes role from CANDIDATE to FOLLOWER at term 6 for DISCOVERED_A_NEW_TERM
2019-09-28 01:15:09,497 [c5982eae-d64d-4d85-bf8e-680be3da7c97@group-F5D139EFAB30:LeaderElection28] INFO  impl.RoleInfo (RoleInfo.java:shutdownLeaderElection(134)) - c5982eae-d64d-4d85-bf8e-680be3da7c97: shutdown LeaderElection
2019-09-28 01:15:09,497 [c5982eae-d64d-4d85-bf8e-680be3da7c97@group-F5D139EFAB30:LeaderElection28] INFO  impl.RoleInfo (RoleInfo.java:updateAndGet(143)) - c5982eae-d64d-4d85-bf8e-680be3da7c97: start FollowerState
2019-09-28 01:15:09,939 [grpc-default-executor-0] WARN  server.GrpcLogAppender (LogUtils.java:warn(134)) - 726dacf1-2c06-45a9-9365-4f0196171786@group-3679665D126C->d8ea7beb-83bc-4703-8607-f43fb93ff04f-AppendLogResponseHandler: Failed appendEntries: org.apache.ratis.thirdparty.io.grpc.StatusRuntimeException: UNAVAILABLE: io exception
2019-09-28 01:15:09,942 [grpc-default-executor-0] INFO  impl.FollowerInfo (FollowerInfo.java:lambda$new$0(51)) - 726dacf1-2c06-45a9-9365-4f0196171786@group-3679665D126C->d8ea7beb-83bc-4703-8607-f43fb93ff04f: nextIndex: updateUnconditionally 0 -> 0
2019-09-28 01:15:09,961 [grpc-default-executor-5] WARN  server.GrpcLogAppender (LogUtils.java:warn(134)) - cab9505b-c3df-4889-be4c-e0933a387faa@group-6BFCA60A2FDA->8bf5c620-efb5-49b6-a768-f4179fc43006-AppendLogResponseHandler: Failed appendEntries: org.apache.ratis.thirdparty.io.grpc.StatusRuntimeException: UNAVAILABLE: io exception
2019-09-28 01:15:09,961 [grpc-default-executor-5] INFO  impl.FollowerInfo (FollowerInfo.java:lambda$new$0(51)) - cab9505b-c3df-4889-be4c-e0933a387faa@group-6BFCA60A2FDA->8bf5c620-efb5-49b6-a768-f4179fc43006: nextIndex: updateUnconditionally 0 -> 0
2019-09-28 01:15:10,027 [ForkJoinPool.commonPool-worker-0] INFO  ozoneimpl.OzoneContainer (OzoneContainer.java:stop(231)) - Attempting to stop container services.
2019-09-28 01:15:10,027 [main] INFO  ozoneimpl.OzoneContainer (OzoneContainer.java:stop(231)) - Attempting to stop container services.
2019-09-28 01:15:10,027 [ForkJoinPool.commonPool-worker-0] INFO  impl.RaftServerProxy (RaftServerProxy.java:lambda$close$4(314)) - 726dacf1-2c06-45a9-9365-4f0196171786: close
2019-09-28 01:15:10,028 [main] INFO  impl.RaftServerProxy (RaftServerProxy.java:lambda$close$4(314)) - cab9505b-c3df-4889-be4c-e0933a387faa: close
2019-09-28 01:15:10,028 [ForkJoinPool.commonPool-worker-0] INFO  impl.RaftServerImpl (RaftServerImpl.java:lambda$shutdown$3(251)) - 726dacf1-2c06-45a9-9365-4f0196171786@group-3679665D126C: shutdown
2019-09-28 01:15:10,028 [main] INFO  impl.RaftServerImpl (RaftServerImpl.java:lambda$shutdown$3(251)) - cab9505b-c3df-4889-be4c-e0933a387faa@group-6BFCA60A2FDA: shutdown
2019-09-28 01:15:10,029 [ForkJoinPool.commonPool-worker-0] INFO  util.JmxRegister (JmxRegister.java:unregister(73)) - Successfully un-registered JMX Bean with object name Ratis:service=RaftServer,group=group-3679665D126C,id=726dacf1-2c06-45a9-9365-4f0196171786
2019-09-28 01:15:10,029 [main] INFO  util.JmxRegister (JmxRegister.java:unregister(73)) - Successfully un-registered JMX Bean with object name Ratis:service=RaftServer,group=group-6BFCA60A2FDA,id=cab9505b-c3df-4889-be4c-e0933a387faa
2019-09-28 01:15:10,030 [main] INFO  impl.RoleInfo (RoleInfo.java:shutdownLeaderState(104)) - cab9505b-c3df-4889-be4c-e0933a387faa: shutdown LeaderState
2019-09-28 01:15:10,029 [ForkJoinPool.commonPool-worker-0] INFO  impl.RoleInfo (RoleInfo.java:shutdownLeaderState(104)) - 726dacf1-2c06-45a9-9365-4f0196171786: shutdown LeaderState
2019-09-28 01:15:10,035 [org.apache.ratis.server.impl.LogAppender$AppenderDaemon$$Lambda$428/1278375776@1f36690a] WARN  server.GrpcLogAppender (GrpcLogAppender.java:mayWait(143)) - cab9505b-c3df-4889-be4c-e0933a387faa@group-6BFCA60A2FDA->8bf5c620-efb5-49b6-a768-f4179fc43006-GrpcLogAppender: Wait interrupted by java.lang.InterruptedException
2019-09-28 01:15:10,039 [ForkJoinPool.commonPool-worker-0] INFO  impl.PendingRequests (PendingRequests.java:sendNotLeaderResponses(202)) - 726dacf1-2c06-45a9-9365-4f0196171786-PendingRequests: sendNotLeaderResponses
2019-09-28 01:15:10,035 [main] INFO  impl.PendingRequests (PendingRequests.java:sendNotLeaderResponses(202)) - cab9505b-c3df-4889-be4c-e0933a387faa-PendingRequests: sendNotLeaderResponses
2019-09-28 01:15:10,035 [org.apache.ratis.server.impl.LogAppender$AppenderDaemon$$Lambda$428/1278375776@2b74dbf3] WARN  server.GrpcLogAppender (GrpcLogAppender.java:mayWait(143)) - cab9505b-c3df-4889-be4c-e0933a387faa@group-6BFCA60A2FDA->e82472fe-71fb-4472-b416-5021845f2f54-GrpcLogAppender: Wait interrupted by java.lang.InterruptedException
2019-09-28 01:15:10,042 [main] INFO  impl.StateMachineUpdater (StateMachineUpdater.java:stopAndJoin(125)) - cab9505b-c3df-4889-be4c-e0933a387faa@group-6BFCA60A2FDA-StateMachineUpdater: set stopIndex = 0
2019-09-28 01:15:10,043 [main] INFO  impl.RaftServerImpl (ServerState.java:close(385)) - cab9505b-c3df-4889-be4c-e0933a387faa@group-6BFCA60A2FDA: closes. applyIndex: 0
2019-09-28 01:15:10,042 [ForkJoinPool.commonPool-worker-0] INFO  impl.StateMachineUpdater (StateMachineUpdater.java:stopAndJoin(125)) - 726dacf1-2c06-45a9-9365-4f0196171786@group-3679665D126C-StateMachineUpdater: set stopIndex = 2
2019-09-28 01:15:10,039 [org.apache.ratis.server.impl.LogAppender$AppenderDaemon$$Lambda$428/1278375776@702d9067] WARN  server.GrpcLogAppender (GrpcLogAppender.java:mayWait(143)) - 726dacf1-2c06-45a9-9365-4f0196171786@group-3679665D126C->d8ea7beb-83bc-4703-8607-f43fb93ff04f-GrpcLogAppender: Wait interrupted by java.lang.InterruptedException
2019-09-28 01:15:10,039 [org.apache.ratis.server.impl.LogAppender$AppenderDaemon$$Lambda$428/1278375776@787ef3d9] WARN  server.GrpcLogAppender (GrpcLogAppender.java:mayWait(143)) - 726dacf1-2c06-45a9-9365-4f0196171786@group-3679665D126C->7ca580e1-9483-43e9-999f-08065f5f46f8-GrpcLogAppender: Wait interrupted by java.lang.InterruptedException
2019-09-28 01:15:10,044 [ForkJoinPool.commonPool-worker-0] INFO  impl.RaftServerImpl (ServerState.java:close(385)) - 726dacf1-2c06-45a9-9365-4f0196171786@group-3679665D126C: closes. applyIndex: 2
2019-09-28 01:15:10,043 [cab9505b-c3df-4889-be4c-e0933a387faa@group-6BFCA60A2FDA-SegmentedRaftLogWorker] INFO  segmented.SegmentedRaftLogWorker (SegmentedRaftLogWorker.java:run(313)) - cab9505b-c3df-4889-be4c-e0933a387faa@group-6BFCA60A2FDA-SegmentedRaftLogWorker was interrupted, exiting. There are 0 tasks remaining in the queue.
2019-09-28 01:15:10,043 [grpc-default-executor-0] INFO  server.GrpcServerProtocolService (GrpcServerProtocolService.java:onCompleted(113)) - e82472fe-71fb-4472-b416-5021845f2f54: Completed APPEND_ENTRIES, lastRequest: cab9505b-c3df-4889-be4c-e0933a387faa->e82472fe-71fb-4472-b416-5021845f2f54#244-t2, previous=(t:2, i:0), leaderCommit=0, initializing? false, entries: <empty>
2019-09-28 01:15:10,045 [726dacf1-2c06-45a9-9365-4f0196171786@group-3679665D126C-SegmentedRaftLogWorker] INFO  segmented.SegmentedRaftLogWorker (SegmentedRaftLogWorker.java:run(313)) - 726dacf1-2c06-45a9-9365-4f0196171786@group-3679665D126C-SegmentedRaftLogWorker was interrupted, exiting. There are 0 tasks remaining in the queue.
2019-09-28 01:15:10,045 [grpc-default-executor-5] INFO  server.GrpcServerProtocolService (GrpcServerProtocolService.java:onCompleted(113)) - 7ca580e1-9483-43e9-999f-08065f5f46f8: Completed APPEND_ENTRIES, lastRequest: 726dacf1-2c06-45a9-9365-4f0196171786->7ca580e1-9483-43e9-999f-08065f5f46f8#10-t3, previous=(t:3, i:2), leaderCommit=2, initializing? false, entries: <empty>
2019-09-28 01:15:10,047 [main] INFO  segmented.SegmentedRaftLogWorker (SegmentedRaftLogWorker.java:close(228)) - cab9505b-c3df-4889-be4c-e0933a387faa@group-6BFCA60A2FDA-SegmentedRaftLogWorker close()
2019-09-28 01:15:10,049 [grpc-default-executor-5] INFO  server.GrpcLogAppender (GrpcLogAppender.java:onCompleted(293)) - cab9505b-c3df-4889-be4c-e0933a387faa@group-6BFCA60A2FDA->e82472fe-71fb-4472-b416-5021845f2f54-AppendLogResponseHandler: follower responses appendEntries COMPLETED
2019-09-28 01:15:10,054 [grpc-default-executor-0] INFO  server.GrpcLogAppender (GrpcLogAppender.java:onCompleted(293)) - 726dacf1-2c06-45a9-9365-4f0196171786@group-3679665D126C->7ca580e1-9483-43e9-999f-08065f5f46f8-AppendLogResponseHandler: follower responses appendEntries COMPLETED
2019-09-28 01:15:10,049 [ForkJoinPool.commonPool-worker-0] INFO  segmented.SegmentedRaftLogWorker (SegmentedRaftLogWorker.java:close(228)) - 726dacf1-2c06-45a9-9365-4f0196171786@group-3679665D126C-SegmentedRaftLogWorker close()
2019-09-28 01:15:10,054 [grpc-default-executor-0] INFO  impl.FollowerInfo (FollowerInfo.java:lambda$new$0(51)) - 726dacf1-2c06-45a9-9365-4f0196171786@group-3679665D126C->7ca580e1-9483-43e9-999f-08065f5f46f8: nextIndex: updateUnconditionally 3 -> 2
2019-09-28 01:15:10,054 [grpc-default-executor-5] INFO  impl.FollowerInfo (FollowerInfo.java:lambda$new$0(51)) - cab9505b-c3df-4889-be4c-e0933a387faa@group-6BFCA60A2FDA->e82472fe-71fb-4472-b416-5021845f2f54: nextIndex: updateUnconditionally 1 -> 0
2019-09-28 01:15:10,054 [main] INFO  impl.RaftServerImpl (RaftServerImpl.java:lambda$shutdown$3(251)) - cab9505b-c3df-4889-be4c-e0933a387faa@group-C9F0DCFCE7A9: shutdown
2019-09-28 01:15:10,064 [ForkJoinPool.commonPool-worker-0] INFO  impl.RaftServerImpl (RaftServerImpl.java:lambda$shutdown$3(251)) - 726dacf1-2c06-45a9-9365-4f0196171786@group-D9E302FCED46: shutdown
2019-09-28 01:15:10,066 [main] INFO  util.JmxRegister (JmxRegister.java:unregister(73)) - Successfully un-registered JMX Bean with object name Ratis:service=RaftServer,group=group-C9F0DCFCE7A9,id=cab9505b-c3df-4889-be4c-e0933a387faa
2019-09-28 01:15:10,066 [ForkJoinPool.commonPool-worker-0] INFO  util.JmxRegister (JmxRegister.java:unregister(73)) - Successfully un-registered JMX Bean with object name Ratis:service=RaftServer,group=group-D9E302FCED46,id=726dacf1-2c06-45a9-9365-4f0196171786
2019-09-28 01:15:10,066 [main] INFO  impl.RoleInfo (RoleInfo.java:shutdownLeaderState(104)) - cab9505b-c3df-4889-be4c-e0933a387faa: shutdown LeaderState
2019-09-28 01:15:10,067 [ForkJoinPool.commonPool-worker-0] INFO  impl.RoleInfo (RoleInfo.java:shutdownLeaderState(104)) - 726dacf1-2c06-45a9-9365-4f0196171786: shutdown LeaderState
2019-09-28 01:15:10,067 [main] INFO  impl.PendingRequests (PendingRequests.java:sendNotLeaderResponses(202)) - cab9505b-c3df-4889-be4c-e0933a387faa-PendingRequests: sendNotLeaderResponses
2019-09-28 01:15:10,068 [ForkJoinPool.commonPool-worker-0] INFO  impl.PendingRequests (PendingRequests.java:sendNotLeaderResponses(202)) - 726dacf1-2c06-45a9-9365-4f0196171786-PendingRequests: sendNotLeaderResponses
2019-09-28 01:15:10,068 [main] INFO  impl.StateMachineUpdater (StateMachineUpdater.java:stopAndJoin(125)) - cab9505b-c3df-4889-be4c-e0933a387faa@group-C9F0DCFCE7A9-StateMachineUpdater: set stopIndex = 0
2019-09-28 01:15:10,069 [ForkJoinPool.commonPool-worker-0] INFO  impl.StateMachineUpdater (StateMachineUpdater.java:stopAndJoin(125)) - 726dacf1-2c06-45a9-9365-4f0196171786@group-D9E302FCED46-StateMachineUpdater: set stopIndex = 0
2019-09-28 01:15:10,069 [main] INFO  impl.RaftServerImpl (ServerState.java:close(385)) - cab9505b-c3df-4889-be4c-e0933a387faa@group-C9F0DCFCE7A9: closes. applyIndex: 0
2019-09-28 01:15:10,069 [ForkJoinPool.commonPool-worker-0] INFO  impl.RaftServerImpl (ServerState.java:close(385)) - 726dacf1-2c06-45a9-9365-4f0196171786@group-D9E302FCED46: closes. applyIndex: 0
2019-09-28 01:15:10,070 [cab9505b-c3df-4889-be4c-e0933a387faa@group-C9F0DCFCE7A9-SegmentedRaftLogWorker] INFO  segmented.SegmentedRaftLogWorker (SegmentedRaftLogWorker.java:run(313)) - cab9505b-c3df-4889-be4c-e0933a387faa@group-C9F0DCFCE7A9-SegmentedRaftLogWorker was interrupted, exiting. There are 0 tasks remaining in the queue.
2019-09-28 01:15:10,070 [726dacf1-2c06-45a9-9365-4f0196171786@group-D9E302FCED46-SegmentedRaftLogWorker] INFO  segmented.SegmentedRaftLogWorker (SegmentedRaftLogWorker.java:run(313)) - 726dacf1-2c06-45a9-9365-4f0196171786@group-D9E302FCED46-SegmentedRaftLogWorker was interrupted, exiting. There are 0 tasks remaining in the queue.
2019-09-28 01:15:10,070 [main] INFO  segmented.SegmentedRaftLogWorker (SegmentedRaftLogWorker.java:close(228)) - cab9505b-c3df-4889-be4c-e0933a387faa@group-C9F0DCFCE7A9-SegmentedRaftLogWorker close()
2019-09-28 01:15:10,071 [ForkJoinPool.commonPool-worker-0] INFO  segmented.SegmentedRaftLogWorker (SegmentedRaftLogWorker.java:close(228)) - 726dacf1-2c06-45a9-9365-4f0196171786@group-D9E302FCED46-SegmentedRaftLogWorker close()
2019-09-28 01:15:10,073 [main] INFO  server.GrpcService (GrpcService.java:closeImpl(164)) - cab9505b-c3df-4889-be4c-e0933a387faa: shutdown server with port 36450 now
2019-09-28 01:15:10,075 [ForkJoinPool.commonPool-worker-0] INFO  server.GrpcService (GrpcService.java:closeImpl(164)) - 726dacf1-2c06-45a9-9365-4f0196171786: shutdown server with port 39922 now
2019-09-28 01:15:10,076 [main] INFO  server.GrpcService (GrpcService.java:closeImpl(172)) - cab9505b-c3df-4889-be4c-e0933a387faa: shutdown server with port 36450 successfully
2019-09-28 01:15:10,076 [ForkJoinPool.commonPool-worker-0] INFO  server.GrpcService (GrpcService.java:closeImpl(172)) - 726dacf1-2c06-45a9-9365-4f0196171786: shutdown server with port 39922 successfully
2019-09-28 01:15:10,078 [refreshUsed-/workdir/hadoop-ozone/integration-test/target/test-dir/MiniOzoneClusterImpl-fa4977c4-dda7-4050-b4ba-2f9fed17fcef/datanode-8/data/containers] WARN  fs.CachingGetSpaceUsed (CachingGetSpaceUsed.java:run(183)) - Thread Interrupted waiting to refresh disk information: sleep interrupted
2019-09-28 01:15:10,079 [refreshUsed-/workdir/hadoop-ozone/integration-test/target/test-dir/MiniOzoneClusterImpl-fa4977c4-dda7-4050-b4ba-2f9fed17fcef/datanode-4/data/containers] WARN  fs.CachingGetSpaceUsed (CachingGetSpaceUsed.java:run(183)) - Thread Interrupted waiting to refresh disk information: sleep interrupted
2019-09-28 01:15:10,108 [ForkJoinPool.commonPool-worker-0] INFO  utils.BackgroundService (BackgroundService.java:shutdown(148)) - Shutting down service BlockDeletingService
2019-09-28 01:15:10,109 [main] INFO  utils.BackgroundService (BackgroundService.java:shutdown(148)) - Shutting down service BlockDeletingService
2019-09-28 01:15:10,114 [ForkJoinPool.commonPool-worker-0] INFO  statemachine.DatanodeStateMachine (DatanodeStateMachine.java:stopDaemon(395)) - Ozone container server stopped.
2019-09-28 01:15:10,119 [main] INFO  statemachine.DatanodeStateMachine (DatanodeStateMachine.java:stopDaemon(395)) - Ozone container server stopped.
2019-09-28 01:15:10,121 [ForkJoinPool.commonPool-worker-0] INFO  handler.ContextHandler (ContextHandler.java:doStop(910)) - Stopped o.e.j.w.WebAppContext@6ad16c5d{/,null,UNAVAILABLE}{/hddsDatanode}
2019-09-28 01:15:10,122 [main] INFO  handler.ContextHandler (ContextHandler.java:doStop(910)) - Stopped o.e.j.w.WebAppContext@4bc33720{/,null,UNAVAILABLE}{/hddsDatanode}
2019-09-28 01:15:10,122 [ForkJoinPool.commonPool-worker-0] INFO  server.AbstractConnector (AbstractConnector.java:doStop(318)) - Stopped ServerConnector@74ea46e2{HTTP/1.1,[http/1.1]}{0.0.0.0:0}
2019-09-28 01:15:10,124 [main] INFO  server.AbstractConnector (AbstractConnector.java:doStop(318)) - Stopped ServerConnector@2dd0f797{HTTP/1.1,[http/1.1]}{0.0.0.0:0}
2019-09-28 01:15:10,124 [ForkJoinPool.commonPool-worker-0] INFO  handler.ContextHandler (ContextHandler.java:doStop(910)) - Stopped o.e.j.s.ServletContextHandler@250a500b{/static,jar:file:/home/user/.m2/repository/org/apache/hadoop/hadoop-hdds-container-service/0.5.0-SNAPSHOT/hadoop-hdds-container-service-0.5.0-SNAPSHOT.jar!/webapps/static,UNAVAILABLE}
2019-09-28 01:15:10,124 [main] INFO  handler.ContextHandler (ContextHandler.java:doStop(910)) - Stopped o.e.j.s.ServletContextHandler@37c36608{/static,jar:file:/home/user/.m2/repository/org/apache/hadoop/hadoop-hdds-container-service/0.5.0-SNAPSHOT/hadoop-hdds-container-service-0.5.0-SNAPSHOT.jar!/webapps/static,UNAVAILABLE}
2019-09-28 01:15:10,126 [ForkJoinPool.commonPool-worker-0] INFO  handler.ContextHandler (ContextHandler.java:doStop(910)) - Stopped o.e.j.s.ServletContextHandler@c755b2{/logs,file:///workdir/hadoop-ozone/integration-test/target/log,UNAVAILABLE}
2019-09-28 01:15:10,126 [main] INFO  handler.ContextHandler (ContextHandler.java:doStop(910)) - Stopped o.e.j.s.ServletContextHandler@6ae62c7e{/logs,file:///workdir/hadoop-ozone/integration-test/target/log,UNAVAILABLE}
2019-09-28 01:15:10,368 [Datanode State Machine Thread - 0] INFO  statemachine.DatanodeStateMachine (DatanodeStateMachine.java:lambda$startDaemon$0(350)) - Ozone container server started.
2019-09-28 01:15:10,501 [Datanode State Machine Thread - 0] INFO  statemachine.DatanodeStateMachine (DatanodeStateMachine.java:lambda$startDaemon$0(350)) - Ozone container server started.
2019-09-28 01:15:10,529 [Thread-1890] INFO  impl.FollowerState (FollowerState.java:run(106)) - c5982eae-d64d-4d85-bf8e-680be3da7c97:group-F5D139EFAB30 changes to CANDIDATE, lastRpcTime:1031, electionTimeout:1030ms
2019-09-28 01:15:10,529 [Thread-1890] INFO  impl.RoleInfo (RoleInfo.java:shutdownFollowerState(121)) - c5982eae-d64d-4d85-bf8e-680be3da7c97: shutdown FollowerState
2019-09-28 01:15:10,529 [Thread-1890] INFO  impl.RaftServerImpl (RaftServerImpl.java:setRole(174)) - c5982eae-d64d-4d85-bf8e-680be3da7c97@group-F5D139EFAB30: changes role from  FOLLOWER to CANDIDATE at term 6 for changeToCandidate
2019-09-28 01:15:10,529 [Thread-1890] INFO  impl.RoleInfo (RoleInfo.java:updateAndGet(143)) - c5982eae-d64d-4d85-bf8e-680be3da7c97: start LeaderElection
2019-09-28 01:15:10,558 [c5982eae-d64d-4d85-bf8e-680be3da7c97@group-F5D139EFAB30:LeaderElection29] INFO  impl.LeaderElection (LeaderElection.java:askForVotes(182)) - c5982eae-d64d-4d85-bf8e-680be3da7c97@group-F5D139EFAB30:LeaderElection29: begin an election at term 7 for 0: [c5982eae-d64d-4d85-bf8e-680be3da7c97:192.168.151.82:39895, 8a2f89dc-5374-4145-86d1-b1660ecca13e:192.168.151.82:46179, d2027d58-a939-4807-998f-7c487ceff365:192.168.151.82:43961], old=null
2019-09-28 01:15:10,559 [c5982eae-d64d-4d85-bf8e-680be3da7c97@group-F5D139EFAB30:LeaderElection29] INFO  impl.LeaderElection (LogUtils.java:infoOrTrace(149)) - c5982eae-d64d-4d85-bf8e-680be3da7c97@group-F5D139EFAB30:LeaderElection29 got exception when requesting votes: {}
java.util.concurrent.ExecutionException: org.apache.ratis.thirdparty.io.grpc.StatusRuntimeException: UNAVAILABLE: io exception
	at java.util.concurrent.FutureTask.report(FutureTask.java:122)
	at java.util.concurrent.FutureTask.get(FutureTask.java:192)
	at org.apache.ratis.server.impl.LeaderElection.waitForResults(LeaderElection.java:263)
	at org.apache.ratis.server.impl.LeaderElection.askForVotes(LeaderElection.java:201)
	at org.apache.ratis.server.impl.LeaderElection.run(LeaderElection.java:133)
	at java.lang.Thread.run(Thread.java:748)
Caused by: org.apache.ratis.thirdparty.io.grpc.StatusRuntimeException: UNAVAILABLE: io exception
	at org.apache.ratis.thirdparty.io.grpc.stub.ClientCalls.toStatusRuntimeException(ClientCalls.java:233)
	at org.apache.ratis.thirdparty.io.grpc.stub.ClientCalls.getUnchecked(ClientCalls.java:214)
	at org.apache.ratis.thirdparty.io.grpc.stub.ClientCalls.blockingUnaryCall(ClientCalls.java:139)
	at org.apache.ratis.proto.grpc.RaftServerProtocolServiceGrpc$RaftServerProtocolServiceBlockingStub.requestVote(RaftServerProtocolServiceGrpc.java:265)
	at org.apache.ratis.grpc.server.GrpcServerProtocolClient.requestVote(GrpcServerProtocolClient.java:90)
	at org.apache.ratis.grpc.server.GrpcService.requestVote(GrpcService.java:204)
	at org.apache.ratis.server.impl.LeaderElection.lambda$submitRequests$1(LeaderElection.java:238)
	at java.util.concurrent.FutureTask.run(FutureTask.java:266)
	at java.util.concurrent.Executors$RunnableAdapter.call(Executors.java:511)
	at java.util.concurrent.FutureTask.run(FutureTask.java:266)
	at java.util.concurrent.ThreadPoolExecutor.runWorker(ThreadPoolExecutor.java:1149)
	at java.util.concurrent.ThreadPoolExecutor$Worker.run(ThreadPoolExecutor.java:624)
	... 1 more
Caused by: org.apache.ratis.thirdparty.io.netty.channel.AbstractChannel$AnnotatedConnectException: Connection refused: /192.168.151.82:46179
	at sun.nio.ch.SocketChannelImpl.checkConnect(Native Method)
	at sun.nio.ch.SocketChannelImpl.finishConnect(SocketChannelImpl.java:717)
	at org.apache.ratis.thirdparty.io.netty.channel.socket.nio.NioSocketChannel.doFinishConnect(NioSocketChannel.java:327)
	at org.apache.ratis.thirdparty.io.netty.channel.nio.AbstractNioChannel$AbstractNioUnsafe.finishConnect(AbstractNioChannel.java:340)
	at org.apache.ratis.thirdparty.io.netty.channel.nio.NioEventLoop.processSelectedKey(NioEventLoop.java:632)
	at org.apache.ratis.thirdparty.io.netty.channel.nio.NioEventLoop.processSelectedKeysOptimized(NioEventLoop.java:579)
	at org.apache.ratis.thirdparty.io.netty.channel.nio.NioEventLoop.processSelectedKeys(NioEventLoop.java:496)
	at org.apache.ratis.thirdparty.io.netty.channel.nio.NioEventLoop.run(NioEventLoop.java:458)
	at org.apache.ratis.thirdparty.io.netty.util.concurrent.SingleThreadEventExecutor$5.run(SingleThreadEventExecutor.java:897)
	at org.apache.ratis.thirdparty.io.netty.util.concurrent.FastThreadLocalRunnable.run(FastThreadLocalRunnable.java:30)
	... 1 more
Caused by: java.net.ConnectException: Connection refused
	... 11 more
2019-09-28 01:15:10,562 [c5982eae-d64d-4d85-bf8e-680be3da7c97@group-F5D139EFAB30:LeaderElection29] INFO  impl.LeaderElection (LogUtils.java:infoOrTrace(149)) - c5982eae-d64d-4d85-bf8e-680be3da7c97@group-F5D139EFAB30:LeaderElection29 got exception when requesting votes: {}
java.util.concurrent.ExecutionException: org.apache.ratis.thirdparty.io.grpc.StatusRuntimeException: UNAVAILABLE: io exception
	at java.util.concurrent.FutureTask.report(FutureTask.java:122)
	at java.util.concurrent.FutureTask.get(FutureTask.java:192)
	at org.apache.ratis.server.impl.LeaderElection.waitForResults(LeaderElection.java:263)
	at org.apache.ratis.server.impl.LeaderElection.askForVotes(LeaderElection.java:201)
	at org.apache.ratis.server.impl.LeaderElection.run(LeaderElection.java:133)
	at java.lang.Thread.run(Thread.java:748)
Caused by: org.apache.ratis.thirdparty.io.grpc.StatusRuntimeException: UNAVAILABLE: io exception
	at org.apache.ratis.thirdparty.io.grpc.stub.ClientCalls.toStatusRuntimeException(ClientCalls.java:233)
	at org.apache.ratis.thirdparty.io.grpc.stub.ClientCalls.getUnchecked(ClientCalls.java:214)
	at org.apache.ratis.thirdparty.io.grpc.stub.ClientCalls.blockingUnaryCall(ClientCalls.java:139)
	at org.apache.ratis.proto.grpc.RaftServerProtocolServiceGrpc$RaftServerProtocolServiceBlockingStub.requestVote(RaftServerProtocolServiceGrpc.java:265)
	at org.apache.ratis.grpc.server.GrpcServerProtocolClient.requestVote(GrpcServerProtocolClient.java:90)
	at org.apache.ratis.grpc.server.GrpcService.requestVote(GrpcService.java:204)
	at org.apache.ratis.server.impl.LeaderElection.lambda$submitRequests$1(LeaderElection.java:238)
	at java.util.concurrent.FutureTask.run(FutureTask.java:266)
	at java.util.concurrent.Executors$RunnableAdapter.call(Executors.java:511)
	at java.util.concurrent.FutureTask.run(FutureTask.java:266)
	at java.util.concurrent.ThreadPoolExecutor.runWorker(ThreadPoolExecutor.java:1149)
	at java.util.concurrent.ThreadPoolExecutor$Worker.run(ThreadPoolExecutor.java:624)
	... 1 more
Caused by: org.apache.ratis.thirdparty.io.netty.channel.AbstractChannel$AnnotatedConnectException: Connection refused: /192.168.151.82:43961
	at sun.nio.ch.SocketChannelImpl.checkConnect(Native Method)
	at sun.nio.ch.SocketChannelImpl.finishConnect(SocketChannelImpl.java:717)
	at org.apache.ratis.thirdparty.io.netty.channel.socket.nio.NioSocketChannel.doFinishConnect(NioSocketChannel.java:327)
	at org.apache.ratis.thirdparty.io.netty.channel.nio.AbstractNioChannel$AbstractNioUnsafe.finishConnect(AbstractNioChannel.java:340)
	at org.apache.ratis.thirdparty.io.netty.channel.nio.NioEventLoop.processSelectedKey(NioEventLoop.java:632)
	at org.apache.ratis.thirdparty.io.netty.channel.nio.NioEventLoop.processSelectedKeysOptimized(NioEventLoop.java:579)
	at org.apache.ratis.thirdparty.io.netty.channel.nio.NioEventLoop.processSelectedKeys(NioEventLoop.java:496)
	at org.apache.ratis.thirdparty.io.netty.channel.nio.NioEventLoop.run(NioEventLoop.java:458)
	at org.apache.ratis.thirdparty.io.netty.util.concurrent.SingleThreadEventExecutor$5.run(SingleThreadEventExecutor.java:897)
	at org.apache.ratis.thirdparty.io.netty.util.concurrent.FastThreadLocalRunnable.run(FastThreadLocalRunnable.java:30)
	... 1 more
Caused by: java.net.ConnectException: Connection refused
	... 11 more
2019-09-28 01:15:10,565 [c5982eae-d64d-4d85-bf8e-680be3da7c97@group-F5D139EFAB30:LeaderElection29] INFO  impl.LeaderElection (LeaderElection.java:logAndReturn(56)) - c5982eae-d64d-4d85-bf8e-680be3da7c97@group-F5D139EFAB30:LeaderElection29: Election REJECTED; received 0 response(s) [] and 2 exception(s); c5982eae-d64d-4d85-bf8e-680be3da7c97@group-F5D139EFAB30:t7, leader=null, voted=c5982eae-d64d-4d85-bf8e-680be3da7c97, raftlog=c5982eae-d64d-4d85-bf8e-680be3da7c97@group-F5D139EFAB30-SegmentedRaftLog:OPENED:c0,f0,i0, conf=0: [c5982eae-d64d-4d85-bf8e-680be3da7c97:192.168.151.82:39895, 8a2f89dc-5374-4145-86d1-b1660ecca13e:192.168.151.82:46179, d2027d58-a939-4807-998f-7c487ceff365:192.168.151.82:43961], old=null
2019-09-28 01:15:10,565 [c5982eae-d64d-4d85-bf8e-680be3da7c97@group-F5D139EFAB30:LeaderElection29] INFO  impl.LeaderElection (LogUtils.java:infoOrTrace(149)) -   Exception 0: {}
java.util.concurrent.ExecutionException: org.apache.ratis.thirdparty.io.grpc.StatusRuntimeException: UNAVAILABLE: io exception
	at java.util.concurrent.FutureTask.report(FutureTask.java:122)
	at java.util.concurrent.FutureTask.get(FutureTask.java:192)
	at org.apache.ratis.server.impl.LeaderElection.waitForResults(LeaderElection.java:263)
	at org.apache.ratis.server.impl.LeaderElection.askForVotes(LeaderElection.java:201)
	at org.apache.ratis.server.impl.LeaderElection.run(LeaderElection.java:133)
	at java.lang.Thread.run(Thread.java:748)
Caused by: org.apache.ratis.thirdparty.io.grpc.StatusRuntimeException: UNAVAILABLE: io exception
	at org.apache.ratis.thirdparty.io.grpc.stub.ClientCalls.toStatusRuntimeException(ClientCalls.java:233)
	at org.apache.ratis.thirdparty.io.grpc.stub.ClientCalls.getUnchecked(ClientCalls.java:214)
	at org.apache.ratis.thirdparty.io.grpc.stub.ClientCalls.blockingUnaryCall(ClientCalls.java:139)
	at org.apache.ratis.proto.grpc.RaftServerProtocolServiceGrpc$RaftServerProtocolServiceBlockingStub.requestVote(RaftServerProtocolServiceGrpc.java:265)
	at org.apache.ratis.grpc.server.GrpcServerProtocolClient.requestVote(GrpcServerProtocolClient.java:90)
	at org.apache.ratis.grpc.server.GrpcService.requestVote(GrpcService.java:204)
	at org.apache.ratis.server.impl.LeaderElection.lambda$submitRequests$1(LeaderElection.java:238)
	at java.util.concurrent.FutureTask.run(FutureTask.java:266)
	at java.util.concurrent.Executors$RunnableAdapter.call(Executors.java:511)
	at java.util.concurrent.FutureTask.run(FutureTask.java:266)
	at java.util.concurrent.ThreadPoolExecutor.runWorker(ThreadPoolExecutor.java:1149)
	at java.util.concurrent.ThreadPoolExecutor$Worker.run(ThreadPoolExecutor.java:624)
	... 1 more
Caused by: org.apache.ratis.thirdparty.io.netty.channel.AbstractChannel$AnnotatedConnectException: Connection refused: /192.168.151.82:46179
	at sun.nio.ch.SocketChannelImpl.checkConnect(Native Method)
	at sun.nio.ch.SocketChannelImpl.finishConnect(SocketChannelImpl.java:717)
	at org.apache.ratis.thirdparty.io.netty.channel.socket.nio.NioSocketChannel.doFinishConnect(NioSocketChannel.java:327)
	at org.apache.ratis.thirdparty.io.netty.channel.nio.AbstractNioChannel$AbstractNioUnsafe.finishConnect(AbstractNioChannel.java:340)
	at org.apache.ratis.thirdparty.io.netty.channel.nio.NioEventLoop.processSelectedKey(NioEventLoop.java:632)
	at org.apache.ratis.thirdparty.io.netty.channel.nio.NioEventLoop.processSelectedKeysOptimized(NioEventLoop.java:579)
	at org.apache.ratis.thirdparty.io.netty.channel.nio.NioEventLoop.processSelectedKeys(NioEventLoop.java:496)
	at org.apache.ratis.thirdparty.io.netty.channel.nio.NioEventLoop.run(NioEventLoop.java:458)
	at org.apache.ratis.thirdparty.io.netty.util.concurrent.SingleThreadEventExecutor$5.run(SingleThreadEventExecutor.java:897)
	at org.apache.ratis.thirdparty.io.netty.util.concurrent.FastThreadLocalRunnable.run(FastThreadLocalRunnable.java:30)
	... 1 more
Caused by: java.net.ConnectException: Connection refused
	... 11 more
2019-09-28 01:15:10,566 [c5982eae-d64d-4d85-bf8e-680be3da7c97@group-F5D139EFAB30:LeaderElection29] INFO  impl.LeaderElection (LogUtils.java:infoOrTrace(149)) -   Exception 1: {}
java.util.concurrent.ExecutionException: org.apache.ratis.thirdparty.io.grpc.StatusRuntimeException: UNAVAILABLE: io exception
	at java.util.concurrent.FutureTask.report(FutureTask.java:122)
	at java.util.concurrent.FutureTask.get(FutureTask.java:192)
	at org.apache.ratis.server.impl.LeaderElection.waitForResults(LeaderElection.java:263)
	at org.apache.ratis.server.impl.LeaderElection.askForVotes(LeaderElection.java:201)
	at org.apache.ratis.server.impl.LeaderElection.run(LeaderElection.java:133)
	at java.lang.Thread.run(Thread.java:748)
Caused by: org.apache.ratis.thirdparty.io.grpc.StatusRuntimeException: UNAVAILABLE: io exception
	at org.apache.ratis.thirdparty.io.grpc.stub.ClientCalls.toStatusRuntimeException(ClientCalls.java:233)
	at org.apache.ratis.thirdparty.io.grpc.stub.ClientCalls.getUnchecked(ClientCalls.java:214)
	at org.apache.ratis.thirdparty.io.grpc.stub.ClientCalls.blockingUnaryCall(ClientCalls.java:139)
	at org.apache.ratis.proto.grpc.RaftServerProtocolServiceGrpc$RaftServerProtocolServiceBlockingStub.requestVote(RaftServerProtocolServiceGrpc.java:265)
	at org.apache.ratis.grpc.server.GrpcServerProtocolClient.requestVote(GrpcServerProtocolClient.java:90)
	at org.apache.ratis.grpc.server.GrpcService.requestVote(GrpcService.java:204)
	at org.apache.ratis.server.impl.LeaderElection.lambda$submitRequests$1(LeaderElection.java:238)
	at java.util.concurrent.FutureTask.run(FutureTask.java:266)
	at java.util.concurrent.Executors$RunnableAdapter.call(Executors.java:511)
	at java.util.concurrent.FutureTask.run(FutureTask.java:266)
	at java.util.concurrent.ThreadPoolExecutor.runWorker(ThreadPoolExecutor.java:1149)
	at java.util.concurrent.ThreadPoolExecutor$Worker.run(ThreadPoolExecutor.java:624)
	... 1 more
Caused by: org.apache.ratis.thirdparty.io.netty.channel.AbstractChannel$AnnotatedConnectException: Connection refused: /192.168.151.82:43961
	at sun.nio.ch.SocketChannelImpl.checkConnect(Native Method)
	at sun.nio.ch.SocketChannelImpl.finishConnect(SocketChannelImpl.java:717)
	at org.apache.ratis.thirdparty.io.netty.channel.socket.nio.NioSocketChannel.doFinishConnect(NioSocketChannel.java:327)
	at org.apache.ratis.thirdparty.io.netty.channel.nio.AbstractNioChannel$AbstractNioUnsafe.finishConnect(AbstractNioChannel.java:340)
	at org.apache.ratis.thirdparty.io.netty.channel.nio.NioEventLoop.processSelectedKey(NioEventLoop.java:632)
	at org.apache.ratis.thirdparty.io.netty.channel.nio.NioEventLoop.processSelectedKeysOptimized(NioEventLoop.java:579)
	at org.apache.ratis.thirdparty.io.netty.channel.nio.NioEventLoop.processSelectedKeys(NioEventLoop.java:496)
	at org.apache.ratis.thirdparty.io.netty.channel.nio.NioEventLoop.run(NioEventLoop.java:458)
	at org.apache.ratis.thirdparty.io.netty.util.concurrent.SingleThreadEventExecutor$5.run(SingleThreadEventExecutor.java:897)
	at org.apache.ratis.thirdparty.io.netty.util.concurrent.FastThreadLocalRunnable.run(FastThreadLocalRunnable.java:30)
	... 1 more
Caused by: java.net.ConnectException: Connection refused
	... 11 more
2019-09-28 01:15:10,567 [c5982eae-d64d-4d85-bf8e-680be3da7c97@group-F5D139EFAB30:LeaderElection29] INFO  impl.RaftServerImpl (RaftServerImpl.java:setRole(174)) - c5982eae-d64d-4d85-bf8e-680be3da7c97@group-F5D139EFAB30: changes role from CANDIDATE to FOLLOWER at term 7 for DISCOVERED_A_NEW_TERM
2019-09-28 01:15:10,569 [c5982eae-d64d-4d85-bf8e-680be3da7c97@group-F5D139EFAB30:LeaderElection29] INFO  impl.RoleInfo (RoleInfo.java:shutdownLeaderElection(134)) - c5982eae-d64d-4d85-bf8e-680be3da7c97: shutdown LeaderElection
2019-09-28 01:15:10,569 [c5982eae-d64d-4d85-bf8e-680be3da7c97@group-F5D139EFAB30:LeaderElection29] INFO  impl.RoleInfo (RoleInfo.java:updateAndGet(143)) - c5982eae-d64d-4d85-bf8e-680be3da7c97: start FollowerState
2019-09-28 01:15:11,232 [Thread-429] INFO  impl.FollowerState (FollowerState.java:run(106)) - e82472fe-71fb-4472-b416-5021845f2f54:group-6BFCA60A2FDA changes to CANDIDATE, lastRpcTime:1262, electionTimeout:1034ms
2019-09-28 01:15:11,235 [Thread-429] INFO  impl.RoleInfo (RoleInfo.java:shutdownFollowerState(121)) - e82472fe-71fb-4472-b416-5021845f2f54: shutdown FollowerState
2019-09-28 01:15:11,235 [Thread-429] INFO  impl.RaftServerImpl (RaftServerImpl.java:setRole(174)) - e82472fe-71fb-4472-b416-5021845f2f54@group-6BFCA60A2FDA: changes role from  FOLLOWER to CANDIDATE at term 2 for changeToCandidate
2019-09-28 01:15:11,235 [Thread-429] INFO  impl.RoleInfo (RoleInfo.java:updateAndGet(143)) - e82472fe-71fb-4472-b416-5021845f2f54: start LeaderElection
2019-09-28 01:15:11,237 [e82472fe-71fb-4472-b416-5021845f2f54@group-6BFCA60A2FDA:LeaderElection30] INFO  impl.RaftServerImpl (ServerState.java:setLeader(253)) - e82472fe-71fb-4472-b416-5021845f2f54@group-6BFCA60A2FDA: change Leader from cab9505b-c3df-4889-be4c-e0933a387faa to null at term 2 for initElection
2019-09-28 01:15:11,263 [e82472fe-71fb-4472-b416-5021845f2f54@group-6BFCA60A2FDA:LeaderElection30] INFO  impl.LeaderElection (LeaderElection.java:askForVotes(182)) - e82472fe-71fb-4472-b416-5021845f2f54@group-6BFCA60A2FDA:LeaderElection30: begin an election at term 3 for 0: [cab9505b-c3df-4889-be4c-e0933a387faa:192.168.151.82:36450, 8bf5c620-efb5-49b6-a768-f4179fc43006:192.168.151.82:41397, e82472fe-71fb-4472-b416-5021845f2f54:192.168.151.82:44038], old=null
2019-09-28 01:15:11,267 [e82472fe-71fb-4472-b416-5021845f2f54@group-6BFCA60A2FDA:LeaderElection30] INFO  impl.LeaderElection (LogUtils.java:infoOrTrace(149)) - e82472fe-71fb-4472-b416-5021845f2f54@group-6BFCA60A2FDA:LeaderElection30 got exception when requesting votes: {}
java.util.concurrent.ExecutionException: org.apache.ratis.thirdparty.io.grpc.StatusRuntimeException: UNAVAILABLE: io exception
	at java.util.concurrent.FutureTask.report(FutureTask.java:122)
	at java.util.concurrent.FutureTask.get(FutureTask.java:192)
	at org.apache.ratis.server.impl.LeaderElection.waitForResults(LeaderElection.java:263)
	at org.apache.ratis.server.impl.LeaderElection.askForVotes(LeaderElection.java:201)
	at org.apache.ratis.server.impl.LeaderElection.run(LeaderElection.java:133)
	at java.lang.Thread.run(Thread.java:748)
Caused by: org.apache.ratis.thirdparty.io.grpc.StatusRuntimeException: UNAVAILABLE: io exception
	at org.apache.ratis.thirdparty.io.grpc.stub.ClientCalls.toStatusRuntimeException(ClientCalls.java:233)
	at org.apache.ratis.thirdparty.io.grpc.stub.ClientCalls.getUnchecked(ClientCalls.java:214)
	at org.apache.ratis.thirdparty.io.grpc.stub.ClientCalls.blockingUnaryCall(ClientCalls.java:139)
	at org.apache.ratis.proto.grpc.RaftServerProtocolServiceGrpc$RaftServerProtocolServiceBlockingStub.requestVote(RaftServerProtocolServiceGrpc.java:265)
	at org.apache.ratis.grpc.server.GrpcServerProtocolClient.requestVote(GrpcServerProtocolClient.java:90)
	at org.apache.ratis.grpc.server.GrpcService.requestVote(GrpcService.java:204)
	at org.apache.ratis.server.impl.LeaderElection.lambda$submitRequests$1(LeaderElection.java:238)
	at java.util.concurrent.FutureTask.run(FutureTask.java:266)
	at java.util.concurrent.Executors$RunnableAdapter.call(Executors.java:511)
	at java.util.concurrent.FutureTask.run(FutureTask.java:266)
	at java.util.concurrent.ThreadPoolExecutor.runWorker(ThreadPoolExecutor.java:1149)
	at java.util.concurrent.ThreadPoolExecutor$Worker.run(ThreadPoolExecutor.java:624)
	... 1 more
Caused by: org.apache.ratis.thirdparty.io.netty.channel.AbstractChannel$AnnotatedConnectException: Connection refused: /192.168.151.82:41397
	at sun.nio.ch.SocketChannelImpl.checkConnect(Native Method)
	at sun.nio.ch.SocketChannelImpl.finishConnect(SocketChannelImpl.java:717)
	at org.apache.ratis.thirdparty.io.netty.channel.socket.nio.NioSocketChannel.doFinishConnect(NioSocketChannel.java:327)
	at org.apache.ratis.thirdparty.io.netty.channel.nio.AbstractNioChannel$AbstractNioUnsafe.finishConnect(AbstractNioChannel.java:340)
	at org.apache.ratis.thirdparty.io.netty.channel.nio.NioEventLoop.processSelectedKey(NioEventLoop.java:632)
	at org.apache.ratis.thirdparty.io.netty.channel.nio.NioEventLoop.processSelectedKeysOptimized(NioEventLoop.java:579)
	at org.apache.ratis.thirdparty.io.netty.channel.nio.NioEventLoop.processSelectedKeys(NioEventLoop.java:496)
	at org.apache.ratis.thirdparty.io.netty.channel.nio.NioEventLoop.run(NioEventLoop.java:458)
	at org.apache.ratis.thirdparty.io.netty.util.concurrent.SingleThreadEventExecutor$5.run(SingleThreadEventExecutor.java:897)
	at org.apache.ratis.thirdparty.io.netty.util.concurrent.FastThreadLocalRunnable.run(FastThreadLocalRunnable.java:30)
	... 1 more
Caused by: java.net.ConnectException: Connection refused
	... 11 more
2019-09-28 01:15:11,269 [e82472fe-71fb-4472-b416-5021845f2f54@group-6BFCA60A2FDA:LeaderElection30] INFO  impl.LeaderElection (LogUtils.java:infoOrTrace(149)) - e82472fe-71fb-4472-b416-5021845f2f54@group-6BFCA60A2FDA:LeaderElection30 got exception when requesting votes: {}
java.util.concurrent.ExecutionException: org.apache.ratis.thirdparty.io.grpc.StatusRuntimeException: UNAVAILABLE: io exception
	at java.util.concurrent.FutureTask.report(FutureTask.java:122)
	at java.util.concurrent.FutureTask.get(FutureTask.java:192)
	at org.apache.ratis.server.impl.LeaderElection.waitForResults(LeaderElection.java:263)
	at org.apache.ratis.server.impl.LeaderElection.askForVotes(LeaderElection.java:201)
	at org.apache.ratis.server.impl.LeaderElection.run(LeaderElection.java:133)
	at java.lang.Thread.run(Thread.java:748)
Caused by: org.apache.ratis.thirdparty.io.grpc.StatusRuntimeException: UNAVAILABLE: io exception
	at org.apache.ratis.thirdparty.io.grpc.stub.ClientCalls.toStatusRuntimeException(ClientCalls.java:233)
	at org.apache.ratis.thirdparty.io.grpc.stub.ClientCalls.getUnchecked(ClientCalls.java:214)
	at org.apache.ratis.thirdparty.io.grpc.stub.ClientCalls.blockingUnaryCall(ClientCalls.java:139)
	at org.apache.ratis.proto.grpc.RaftServerProtocolServiceGrpc$RaftServerProtocolServiceBlockingStub.requestVote(RaftServerProtocolServiceGrpc.java:265)
	at org.apache.ratis.grpc.server.GrpcServerProtocolClient.requestVote(GrpcServerProtocolClient.java:90)
	at org.apache.ratis.grpc.server.GrpcService.requestVote(GrpcService.java:204)
	at org.apache.ratis.server.impl.LeaderElection.lambda$submitRequests$1(LeaderElection.java:238)
	at java.util.concurrent.FutureTask.run(FutureTask.java:266)
	at java.util.concurrent.Executors$RunnableAdapter.call(Executors.java:511)
	at java.util.concurrent.FutureTask.run(FutureTask.java:266)
	at java.util.concurrent.ThreadPoolExecutor.runWorker(ThreadPoolExecutor.java:1149)
	at java.util.concurrent.ThreadPoolExecutor$Worker.run(ThreadPoolExecutor.java:624)
	... 1 more
Caused by: org.apache.ratis.thirdparty.io.netty.channel.AbstractChannel$AnnotatedConnectException: Connection refused: /192.168.151.82:36450
	at sun.nio.ch.SocketChannelImpl.checkConnect(Native Method)
	at sun.nio.ch.SocketChannelImpl.finishConnect(SocketChannelImpl.java:717)
	at org.apache.ratis.thirdparty.io.netty.channel.socket.nio.NioSocketChannel.doFinishConnect(NioSocketChannel.java:327)
	at org.apache.ratis.thirdparty.io.netty.channel.nio.AbstractNioChannel$AbstractNioUnsafe.finishConnect(AbstractNioChannel.java:340)
	at org.apache.ratis.thirdparty.io.netty.channel.nio.NioEventLoop.processSelectedKey(NioEventLoop.java:632)
	at org.apache.ratis.thirdparty.io.netty.channel.nio.NioEventLoop.processSelectedKeysOptimized(NioEventLoop.java:579)
	at org.apache.ratis.thirdparty.io.netty.channel.nio.NioEventLoop.processSelectedKeys(NioEventLoop.java:496)
	at org.apache.ratis.thirdparty.io.netty.channel.nio.NioEventLoop.run(NioEventLoop.java:458)
	at org.apache.ratis.thirdparty.io.netty.util.concurrent.SingleThreadEventExecutor$5.run(SingleThreadEventExecutor.java:897)
	at org.apache.ratis.thirdparty.io.netty.util.concurrent.FastThreadLocalRunnable.run(FastThreadLocalRunnable.java:30)
	... 1 more
Caused by: java.net.ConnectException: Connection refused
	... 11 more
2019-09-28 01:15:11,271 [e82472fe-71fb-4472-b416-5021845f2f54@group-6BFCA60A2FDA:LeaderElection30] INFO  impl.LeaderElection (LeaderElection.java:logAndReturn(56)) - e82472fe-71fb-4472-b416-5021845f2f54@group-6BFCA60A2FDA:LeaderElection30: Election REJECTED; received 0 response(s) [] and 2 exception(s); e82472fe-71fb-4472-b416-5021845f2f54@group-6BFCA60A2FDA:t3, leader=null, voted=e82472fe-71fb-4472-b416-5021845f2f54, raftlog=e82472fe-71fb-4472-b416-5021845f2f54@group-6BFCA60A2FDA-SegmentedRaftLog:OPENED:c0,f0,i0, conf=0: [cab9505b-c3df-4889-be4c-e0933a387faa:192.168.151.82:36450, 8bf5c620-efb5-49b6-a768-f4179fc43006:192.168.151.82:41397, e82472fe-71fb-4472-b416-5021845f2f54:192.168.151.82:44038], old=null
2019-09-28 01:15:11,272 [e82472fe-71fb-4472-b416-5021845f2f54@group-6BFCA60A2FDA:LeaderElection30] INFO  impl.LeaderElection (LogUtils.java:infoOrTrace(149)) -   Exception 0: {}
java.util.concurrent.ExecutionException: org.apache.ratis.thirdparty.io.grpc.StatusRuntimeException: UNAVAILABLE: io exception
	at java.util.concurrent.FutureTask.report(FutureTask.java:122)
	at java.util.concurrent.FutureTask.get(FutureTask.java:192)
	at org.apache.ratis.server.impl.LeaderElection.waitForResults(LeaderElection.java:263)
	at org.apache.ratis.server.impl.LeaderElection.askForVotes(LeaderElection.java:201)
	at org.apache.ratis.server.impl.LeaderElection.run(LeaderElection.java:133)
	at java.lang.Thread.run(Thread.java:748)
Caused by: org.apache.ratis.thirdparty.io.grpc.StatusRuntimeException: UNAVAILABLE: io exception
	at org.apache.ratis.thirdparty.io.grpc.stub.ClientCalls.toStatusRuntimeException(ClientCalls.java:233)
	at org.apache.ratis.thirdparty.io.grpc.stub.ClientCalls.getUnchecked(ClientCalls.java:214)
	at org.apache.ratis.thirdparty.io.grpc.stub.ClientCalls.blockingUnaryCall(ClientCalls.java:139)
	at org.apache.ratis.proto.grpc.RaftServerProtocolServiceGrpc$RaftServerProtocolServiceBlockingStub.requestVote(RaftServerProtocolServiceGrpc.java:265)
	at org.apache.ratis.grpc.server.GrpcServerProtocolClient.requestVote(GrpcServerProtocolClient.java:90)
	at org.apache.ratis.grpc.server.GrpcService.requestVote(GrpcService.java:204)
	at org.apache.ratis.server.impl.LeaderElection.lambda$submitRequests$1(LeaderElection.java:238)
	at java.util.concurrent.FutureTask.run(FutureTask.java:266)
	at java.util.concurrent.Executors$RunnableAdapter.call(Executors.java:511)
	at java.util.concurrent.FutureTask.run(FutureTask.java:266)
	at java.util.concurrent.ThreadPoolExecutor.runWorker(ThreadPoolExecutor.java:1149)
	at java.util.concurrent.ThreadPoolExecutor$Worker.run(ThreadPoolExecutor.java:624)
	... 1 more
Caused by: org.apache.ratis.thirdparty.io.netty.channel.AbstractChannel$AnnotatedConnectException: Connection refused: /192.168.151.82:41397
	at sun.nio.ch.SocketChannelImpl.checkConnect(Native Method)
	at sun.nio.ch.SocketChannelImpl.finishConnect(SocketChannelImpl.java:717)
	at org.apache.ratis.thirdparty.io.netty.channel.socket.nio.NioSocketChannel.doFinishConnect(NioSocketChannel.java:327)
	at org.apache.ratis.thirdparty.io.netty.channel.nio.AbstractNioChannel$AbstractNioUnsafe.finishConnect(AbstractNioChannel.java:340)
	at org.apache.ratis.thirdparty.io.netty.channel.nio.NioEventLoop.processSelectedKey(NioEventLoop.java:632)
	at org.apache.ratis.thirdparty.io.netty.channel.nio.NioEventLoop.processSelectedKeysOptimized(NioEventLoop.java:579)
	at org.apache.ratis.thirdparty.io.netty.channel.nio.NioEventLoop.processSelectedKeys(NioEventLoop.java:496)
	at org.apache.ratis.thirdparty.io.netty.channel.nio.NioEventLoop.run(NioEventLoop.java:458)
	at org.apache.ratis.thirdparty.io.netty.util.concurrent.SingleThreadEventExecutor$5.run(SingleThreadEventExecutor.java:897)
	at org.apache.ratis.thirdparty.io.netty.util.concurrent.FastThreadLocalRunnable.run(FastThreadLocalRunnable.java:30)
	... 1 more
Caused by: java.net.ConnectException: Connection refused
	... 11 more
2019-09-28 01:15:11,272 [e82472fe-71fb-4472-b416-5021845f2f54@group-6BFCA60A2FDA:LeaderElection30] INFO  impl.LeaderElection (LogUtils.java:infoOrTrace(149)) -   Exception 1: {}
java.util.concurrent.ExecutionException: org.apache.ratis.thirdparty.io.grpc.StatusRuntimeException: UNAVAILABLE: io exception
	at java.util.concurrent.FutureTask.report(FutureTask.java:122)
	at java.util.concurrent.FutureTask.get(FutureTask.java:192)
	at org.apache.ratis.server.impl.LeaderElection.waitForResults(LeaderElection.java:263)
	at org.apache.ratis.server.impl.LeaderElection.askForVotes(LeaderElection.java:201)
	at org.apache.ratis.server.impl.LeaderElection.run(LeaderElection.java:133)
	at java.lang.Thread.run(Thread.java:748)
Caused by: org.apache.ratis.thirdparty.io.grpc.StatusRuntimeException: UNAVAILABLE: io exception
	at org.apache.ratis.thirdparty.io.grpc.stub.ClientCalls.toStatusRuntimeException(ClientCalls.java:233)
	at org.apache.ratis.thirdparty.io.grpc.stub.ClientCalls.getUnchecked(ClientCalls.java:214)
	at org.apache.ratis.thirdparty.io.grpc.stub.ClientCalls.blockingUnaryCall(ClientCalls.java:139)
	at org.apache.ratis.proto.grpc.RaftServerProtocolServiceGrpc$RaftServerProtocolServiceBlockingStub.requestVote(RaftServerProtocolServiceGrpc.java:265)
	at org.apache.ratis.grpc.server.GrpcServerProtocolClient.requestVote(GrpcServerProtocolClient.java:90)
	at org.apache.ratis.grpc.server.GrpcService.requestVote(GrpcService.java:204)
	at org.apache.ratis.server.impl.LeaderElection.lambda$submitRequests$1(LeaderElection.java:238)
	at java.util.concurrent.FutureTask.run(FutureTask.java:266)
	at java.util.concurrent.Executors$RunnableAdapter.call(Executors.java:511)
	at java.util.concurrent.FutureTask.run(FutureTask.java:266)
	at java.util.concurrent.ThreadPoolExecutor.runWorker(ThreadPoolExecutor.java:1149)
	at java.util.concurrent.ThreadPoolExecutor$Worker.run(ThreadPoolExecutor.java:624)
	... 1 more
Caused by: org.apache.ratis.thirdparty.io.netty.channel.AbstractChannel$AnnotatedConnectException: Connection refused: /192.168.151.82:36450
	at sun.nio.ch.SocketChannelImpl.checkConnect(Native Method)
	at sun.nio.ch.SocketChannelImpl.finishConnect(SocketChannelImpl.java:717)
	at org.apache.ratis.thirdparty.io.netty.channel.socket.nio.NioSocketChannel.doFinishConnect(NioSocketChannel.java:327)
	at org.apache.ratis.thirdparty.io.netty.channel.nio.AbstractNioChannel$AbstractNioUnsafe.finishConnect(AbstractNioChannel.java:340)
	at org.apache.ratis.thirdparty.io.netty.channel.nio.NioEventLoop.processSelectedKey(NioEventLoop.java:632)
	at org.apache.ratis.thirdparty.io.netty.channel.nio.NioEventLoop.processSelectedKeysOptimized(NioEventLoop.java:579)
	at org.apache.ratis.thirdparty.io.netty.channel.nio.NioEventLoop.processSelectedKeys(NioEventLoop.java:496)
	at org.apache.ratis.thirdparty.io.netty.channel.nio.NioEventLoop.run(NioEventLoop.java:458)
	at org.apache.ratis.thirdparty.io.netty.util.concurrent.SingleThreadEventExecutor$5.run(SingleThreadEventExecutor.java:897)
	at org.apache.ratis.thirdparty.io.netty.util.concurrent.FastThreadLocalRunnable.run(FastThreadLocalRunnable.java:30)
	... 1 more
Caused by: java.net.ConnectException: Connection refused
	... 11 more
2019-09-28 01:15:11,273 [e82472fe-71fb-4472-b416-5021845f2f54@group-6BFCA60A2FDA:LeaderElection30] INFO  impl.RaftServerImpl (RaftServerImpl.java:setRole(174)) - e82472fe-71fb-4472-b416-5021845f2f54@group-6BFCA60A2FDA: changes role from CANDIDATE to FOLLOWER at term 3 for DISCOVERED_A_NEW_TERM
2019-09-28 01:15:11,274 [e82472fe-71fb-4472-b416-5021845f2f54@group-6BFCA60A2FDA:LeaderElection30] INFO  impl.RoleInfo (RoleInfo.java:shutdownLeaderElection(134)) - e82472fe-71fb-4472-b416-5021845f2f54: shutdown LeaderElection
2019-09-28 01:15:11,275 [e82472fe-71fb-4472-b416-5021845f2f54@group-6BFCA60A2FDA:LeaderElection30] INFO  impl.RoleInfo (RoleInfo.java:updateAndGet(143)) - e82472fe-71fb-4472-b416-5021845f2f54: start FollowerState
2019-09-28 01:15:11,336 [Thread-1851] INFO  impl.FollowerState (FollowerState.java:run(106)) - 7ca580e1-9483-43e9-999f-08065f5f46f8:group-3679665D126C changes to CANDIDATE, lastRpcTime:1367, electionTimeout:1072ms
2019-09-28 01:15:11,338 [Thread-1851] INFO  impl.RoleInfo (RoleInfo.java:shutdownFollowerState(121)) - 7ca580e1-9483-43e9-999f-08065f5f46f8: shutdown FollowerState
2019-09-28 01:15:11,338 [Thread-1851] INFO  impl.RaftServerImpl (RaftServerImpl.java:setRole(174)) - 7ca580e1-9483-43e9-999f-08065f5f46f8@group-3679665D126C: changes role from  FOLLOWER to CANDIDATE at term 3 for changeToCandidate
2019-09-28 01:15:11,339 [Thread-1851] INFO  impl.RoleInfo (RoleInfo.java:updateAndGet(143)) - 7ca580e1-9483-43e9-999f-08065f5f46f8: start LeaderElection
2019-09-28 01:15:11,341 [7ca580e1-9483-43e9-999f-08065f5f46f8@group-3679665D126C:LeaderElection31] INFO  impl.RaftServerImpl (ServerState.java:setLeader(253)) - 7ca580e1-9483-43e9-999f-08065f5f46f8@group-3679665D126C: change Leader from 726dacf1-2c06-45a9-9365-4f0196171786 to null at term 3 for initElection
2019-09-28 01:15:11,354 [7ca580e1-9483-43e9-999f-08065f5f46f8@group-3679665D126C:LeaderElection31] INFO  impl.LeaderElection (LeaderElection.java:askForVotes(182)) - 7ca580e1-9483-43e9-999f-08065f5f46f8@group-3679665D126C:LeaderElection31: begin an election at term 4 for 1: [7ca580e1-9483-43e9-999f-08065f5f46f8:192.168.151.82:39513, 726dacf1-2c06-45a9-9365-4f0196171786:192.168.151.82:39922, d8ea7beb-83bc-4703-8607-f43fb93ff04f:192.168.151.82:34522], old=null
2019-09-28 01:15:11,357 [7ca580e1-9483-43e9-999f-08065f5f46f8@group-3679665D126C:LeaderElection31] INFO  impl.LeaderElection (LogUtils.java:infoOrTrace(149)) - 7ca580e1-9483-43e9-999f-08065f5f46f8@group-3679665D126C:LeaderElection31 got exception when requesting votes: {}
java.util.concurrent.ExecutionException: org.apache.ratis.thirdparty.io.grpc.StatusRuntimeException: UNAVAILABLE: io exception
	at java.util.concurrent.FutureTask.report(FutureTask.java:122)
	at java.util.concurrent.FutureTask.get(FutureTask.java:192)
	at org.apache.ratis.server.impl.LeaderElection.waitForResults(LeaderElection.java:263)
	at org.apache.ratis.server.impl.LeaderElection.askForVotes(LeaderElection.java:201)
	at org.apache.ratis.server.impl.LeaderElection.run(LeaderElection.java:133)
	at java.lang.Thread.run(Thread.java:748)
Caused by: org.apache.ratis.thirdparty.io.grpc.StatusRuntimeException: UNAVAILABLE: io exception
	at org.apache.ratis.thirdparty.io.grpc.stub.ClientCalls.toStatusRuntimeException(ClientCalls.java:233)
	at org.apache.ratis.thirdparty.io.grpc.stub.ClientCalls.getUnchecked(ClientCalls.java:214)
	at org.apache.ratis.thirdparty.io.grpc.stub.ClientCalls.blockingUnaryCall(ClientCalls.java:139)
	at org.apache.ratis.proto.grpc.RaftServerProtocolServiceGrpc$RaftServerProtocolServiceBlockingStub.requestVote(RaftServerProtocolServiceGrpc.java:265)
	at org.apache.ratis.grpc.server.GrpcServerProtocolClient.requestVote(GrpcServerProtocolClient.java:90)
	at org.apache.ratis.grpc.server.GrpcService.requestVote(GrpcService.java:204)
	at org.apache.ratis.server.impl.LeaderElection.lambda$submitRequests$1(LeaderElection.java:238)
	at java.util.concurrent.FutureTask.run(FutureTask.java:266)
	at java.util.concurrent.Executors$RunnableAdapter.call(Executors.java:511)
	at java.util.concurrent.FutureTask.run(FutureTask.java:266)
	at java.util.concurrent.ThreadPoolExecutor.runWorker(ThreadPoolExecutor.java:1149)
	at java.util.concurrent.ThreadPoolExecutor$Worker.run(ThreadPoolExecutor.java:624)
	... 1 more
Caused by: org.apache.ratis.thirdparty.io.netty.channel.AbstractChannel$AnnotatedConnectException: Connection refused: /192.168.151.82:34522
	at sun.nio.ch.SocketChannelImpl.checkConnect(Native Method)
	at sun.nio.ch.SocketChannelImpl.finishConnect(SocketChannelImpl.java:717)
	at org.apache.ratis.thirdparty.io.netty.channel.socket.nio.NioSocketChannel.doFinishConnect(NioSocketChannel.java:327)
	at org.apache.ratis.thirdparty.io.netty.channel.nio.AbstractNioChannel$AbstractNioUnsafe.finishConnect(AbstractNioChannel.java:340)
	at org.apache.ratis.thirdparty.io.netty.channel.nio.NioEventLoop.processSelectedKey(NioEventLoop.java:632)
	at org.apache.ratis.thirdparty.io.netty.channel.nio.NioEventLoop.processSelectedKeysOptimized(NioEventLoop.java:579)
	at org.apache.ratis.thirdparty.io.netty.channel.nio.NioEventLoop.processSelectedKeys(NioEventLoop.java:496)
	at org.apache.ratis.thirdparty.io.netty.channel.nio.NioEventLoop.run(NioEventLoop.java:458)
	at org.apache.ratis.thirdparty.io.netty.util.concurrent.SingleThreadEventExecutor$5.run(SingleThreadEventExecutor.java:897)
	at org.apache.ratis.thirdparty.io.netty.util.concurrent.FastThreadLocalRunnable.run(FastThreadLocalRunnable.java:30)
	... 1 more
Caused by: java.net.ConnectException: Connection refused
	... 11 more
2019-09-28 01:15:11,359 [7ca580e1-9483-43e9-999f-08065f5f46f8@group-3679665D126C:LeaderElection31] INFO  impl.LeaderElection (LogUtils.java:infoOrTrace(149)) - 7ca580e1-9483-43e9-999f-08065f5f46f8@group-3679665D126C:LeaderElection31 got exception when requesting votes: {}
java.util.concurrent.ExecutionException: org.apache.ratis.thirdparty.io.grpc.StatusRuntimeException: UNAVAILABLE: io exception
	at java.util.concurrent.FutureTask.report(FutureTask.java:122)
	at java.util.concurrent.FutureTask.get(FutureTask.java:192)
	at org.apache.ratis.server.impl.LeaderElection.waitForResults(LeaderElection.java:263)
	at org.apache.ratis.server.impl.LeaderElection.askForVotes(LeaderElection.java:201)
	at org.apache.ratis.server.impl.LeaderElection.run(LeaderElection.java:133)
	at java.lang.Thread.run(Thread.java:748)
Caused by: org.apache.ratis.thirdparty.io.grpc.StatusRuntimeException: UNAVAILABLE: io exception
	at org.apache.ratis.thirdparty.io.grpc.stub.ClientCalls.toStatusRuntimeException(ClientCalls.java:233)
	at org.apache.ratis.thirdparty.io.grpc.stub.ClientCalls.getUnchecked(ClientCalls.java:214)
	at org.apache.ratis.thirdparty.io.grpc.stub.ClientCalls.blockingUnaryCall(ClientCalls.java:139)
	at org.apache.ratis.proto.grpc.RaftServerProtocolServiceGrpc$RaftServerProtocolServiceBlockingStub.requestVote(RaftServerProtocolServiceGrpc.java:265)
	at org.apache.ratis.grpc.server.GrpcServerProtocolClient.requestVote(GrpcServerProtocolClient.java:90)
	at org.apache.ratis.grpc.server.GrpcService.requestVote(GrpcService.java:204)
	at org.apache.ratis.server.impl.LeaderElection.lambda$submitRequests$1(LeaderElection.java:238)
	at java.util.concurrent.FutureTask.run(FutureTask.java:266)
	at java.util.concurrent.Executors$RunnableAdapter.call(Executors.java:511)
	at java.util.concurrent.FutureTask.run(FutureTask.java:266)
	at java.util.concurrent.ThreadPoolExecutor.runWorker(ThreadPoolExecutor.java:1149)
	at java.util.concurrent.ThreadPoolExecutor$Worker.run(ThreadPoolExecutor.java:624)
	... 1 more
Caused by: org.apache.ratis.thirdparty.io.netty.channel.AbstractChannel$AnnotatedConnectException: Connection refused: /192.168.151.82:39922
	at sun.nio.ch.SocketChannelImpl.checkConnect(Native Method)
	at sun.nio.ch.SocketChannelImpl.finishConnect(SocketChannelImpl.java:717)
	at org.apache.ratis.thirdparty.io.netty.channel.socket.nio.NioSocketChannel.doFinishConnect(NioSocketChannel.java:327)
	at org.apache.ratis.thirdparty.io.netty.channel.nio.AbstractNioChannel$AbstractNioUnsafe.finishConnect(AbstractNioChannel.java:340)
	at org.apache.ratis.thirdparty.io.netty.channel.nio.NioEventLoop.processSelectedKey(NioEventLoop.java:632)
	at org.apache.ratis.thirdparty.io.netty.channel.nio.NioEventLoop.processSelectedKeysOptimized(NioEventLoop.java:579)
	at org.apache.ratis.thirdparty.io.netty.channel.nio.NioEventLoop.processSelectedKeys(NioEventLoop.java:496)
	at org.apache.ratis.thirdparty.io.netty.channel.nio.NioEventLoop.run(NioEventLoop.java:458)
	at org.apache.ratis.thirdparty.io.netty.util.concurrent.SingleThreadEventExecutor$5.run(SingleThreadEventExecutor.java:897)
	at org.apache.ratis.thirdparty.io.netty.util.concurrent.FastThreadLocalRunnable.run(FastThreadLocalRunnable.java:30)
	... 1 more
Caused by: java.net.ConnectException: Connection refused
	... 11 more
2019-09-28 01:15:11,361 [7ca580e1-9483-43e9-999f-08065f5f46f8@group-3679665D126C:LeaderElection31] INFO  impl.LeaderElection (LeaderElection.java:logAndReturn(56)) - 7ca580e1-9483-43e9-999f-08065f5f46f8@group-3679665D126C:LeaderElection31: Election REJECTED; received 0 response(s) [] and 2 exception(s); 7ca580e1-9483-43e9-999f-08065f5f46f8@group-3679665D126C:t4, leader=null, voted=7ca580e1-9483-43e9-999f-08065f5f46f8, raftlog=7ca580e1-9483-43e9-999f-08065f5f46f8@group-3679665D126C-SegmentedRaftLog:OPENED:c2,f2,i2, conf=1: [7ca580e1-9483-43e9-999f-08065f5f46f8:192.168.151.82:39513, 726dacf1-2c06-45a9-9365-4f0196171786:192.168.151.82:39922, d8ea7beb-83bc-4703-8607-f43fb93ff04f:192.168.151.82:34522], old=null
2019-09-28 01:15:11,361 [7ca580e1-9483-43e9-999f-08065f5f46f8@group-3679665D126C:LeaderElection31] INFO  impl.LeaderElection (LogUtils.java:infoOrTrace(149)) -   Exception 0: {}
java.util.concurrent.ExecutionException: org.apache.ratis.thirdparty.io.grpc.StatusRuntimeException: UNAVAILABLE: io exception
	at java.util.concurrent.FutureTask.report(FutureTask.java:122)
	at java.util.concurrent.FutureTask.get(FutureTask.java:192)
	at org.apache.ratis.server.impl.LeaderElection.waitForResults(LeaderElection.java:263)
	at org.apache.ratis.server.impl.LeaderElection.askForVotes(LeaderElection.java:201)
	at org.apache.ratis.server.impl.LeaderElection.run(LeaderElection.java:133)
	at java.lang.Thread.run(Thread.java:748)
Caused by: org.apache.ratis.thirdparty.io.grpc.StatusRuntimeException: UNAVAILABLE: io exception
	at org.apache.ratis.thirdparty.io.grpc.stub.ClientCalls.toStatusRuntimeException(ClientCalls.java:233)
	at org.apache.ratis.thirdparty.io.grpc.stub.ClientCalls.getUnchecked(ClientCalls.java:214)
	at org.apache.ratis.thirdparty.io.grpc.stub.ClientCalls.blockingUnaryCall(ClientCalls.java:139)
	at org.apache.ratis.proto.grpc.RaftServerProtocolServiceGrpc$RaftServerProtocolServiceBlockingStub.requestVote(RaftServerProtocolServiceGrpc.java:265)
	at org.apache.ratis.grpc.server.GrpcServerProtocolClient.requestVote(GrpcServerProtocolClient.java:90)
	at org.apache.ratis.grpc.server.GrpcService.requestVote(GrpcService.java:204)
	at org.apache.ratis.server.impl.LeaderElection.lambda$submitRequests$1(LeaderElection.java:238)
	at java.util.concurrent.FutureTask.run(FutureTask.java:266)
	at java.util.concurrent.Executors$RunnableAdapter.call(Executors.java:511)
	at java.util.concurrent.FutureTask.run(FutureTask.java:266)
	at java.util.concurrent.ThreadPoolExecutor.runWorker(ThreadPoolExecutor.java:1149)
	at java.util.concurrent.ThreadPoolExecutor$Worker.run(ThreadPoolExecutor.java:624)
	... 1 more
Caused by: org.apache.ratis.thirdparty.io.netty.channel.AbstractChannel$AnnotatedConnectException: Connection refused: /192.168.151.82:34522
	at sun.nio.ch.SocketChannelImpl.checkConnect(Native Method)
	at sun.nio.ch.SocketChannelImpl.finishConnect(SocketChannelImpl.java:717)
	at org.apache.ratis.thirdparty.io.netty.channel.socket.nio.NioSocketChannel.doFinishConnect(NioSocketChannel.java:327)
	at org.apache.ratis.thirdparty.io.netty.channel.nio.AbstractNioChannel$AbstractNioUnsafe.finishConnect(AbstractNioChannel.java:340)
	at org.apache.ratis.thirdparty.io.netty.channel.nio.NioEventLoop.processSelectedKey(NioEventLoop.java:632)
	at org.apache.ratis.thirdparty.io.netty.channel.nio.NioEventLoop.processSelectedKeysOptimized(NioEventLoop.java:579)
	at org.apache.ratis.thirdparty.io.netty.channel.nio.NioEventLoop.processSelectedKeys(NioEventLoop.java:496)
	at org.apache.ratis.thirdparty.io.netty.channel.nio.NioEventLoop.run(NioEventLoop.java:458)
	at org.apache.ratis.thirdparty.io.netty.util.concurrent.SingleThreadEventExecutor$5.run(SingleThreadEventExecutor.java:897)
	at org.apache.ratis.thirdparty.io.netty.util.concurrent.FastThreadLocalRunnable.run(FastThreadLocalRunnable.java:30)
	... 1 more
Caused by: java.net.ConnectException: Connection refused
	... 11 more
2019-09-28 01:15:11,362 [7ca580e1-9483-43e9-999f-08065f5f46f8@group-3679665D126C:LeaderElection31] INFO  impl.LeaderElection (LogUtils.java:infoOrTrace(149)) -   Exception 1: {}
java.util.concurrent.ExecutionException: org.apache.ratis.thirdparty.io.grpc.StatusRuntimeException: UNAVAILABLE: io exception
	at java.util.concurrent.FutureTask.report(FutureTask.java:122)
	at java.util.concurrent.FutureTask.get(FutureTask.java:192)
	at org.apache.ratis.server.impl.LeaderElection.waitForResults(LeaderElection.java:263)
	at org.apache.ratis.server.impl.LeaderElection.askForVotes(LeaderElection.java:201)
	at org.apache.ratis.server.impl.LeaderElection.run(LeaderElection.java:133)
	at java.lang.Thread.run(Thread.java:748)
Caused by: org.apache.ratis.thirdparty.io.grpc.StatusRuntimeException: UNAVAILABLE: io exception
	at org.apache.ratis.thirdparty.io.grpc.stub.ClientCalls.toStatusRuntimeException(ClientCalls.java:233)
	at org.apache.ratis.thirdparty.io.grpc.stub.ClientCalls.getUnchecked(ClientCalls.java:214)
	at org.apache.ratis.thirdparty.io.grpc.stub.ClientCalls.blockingUnaryCall(ClientCalls.java:139)
	at org.apache.ratis.proto.grpc.RaftServerProtocolServiceGrpc$RaftServerProtocolServiceBlockingStub.requestVote(RaftServerProtocolServiceGrpc.java:265)
	at org.apache.ratis.grpc.server.GrpcServerProtocolClient.requestVote(GrpcServerProtocolClient.java:90)
	at org.apache.ratis.grpc.server.GrpcService.requestVote(GrpcService.java:204)
	at org.apache.ratis.server.impl.LeaderElection.lambda$submitRequests$1(LeaderElection.java:238)
	at java.util.concurrent.FutureTask.run(FutureTask.java:266)
	at java.util.concurrent.Executors$RunnableAdapter.call(Executors.java:511)
	at java.util.concurrent.FutureTask.run(FutureTask.java:266)
	at java.util.concurrent.ThreadPoolExecutor.runWorker(ThreadPoolExecutor.java:1149)
	at java.util.concurrent.ThreadPoolExecutor$Worker.run(ThreadPoolExecutor.java:624)
	... 1 more
Caused by: org.apache.ratis.thirdparty.io.netty.channel.AbstractChannel$AnnotatedConnectException: Connection refused: /192.168.151.82:39922
	at sun.nio.ch.SocketChannelImpl.checkConnect(Native Method)
	at sun.nio.ch.SocketChannelImpl.finishConnect(SocketChannelImpl.java:717)
	at org.apache.ratis.thirdparty.io.netty.channel.socket.nio.NioSocketChannel.doFinishConnect(NioSocketChannel.java:327)
	at org.apache.ratis.thirdparty.io.netty.channel.nio.AbstractNioChannel$AbstractNioUnsafe.finishConnect(AbstractNioChannel.java:340)
	at org.apache.ratis.thirdparty.io.netty.channel.nio.NioEventLoop.processSelectedKey(NioEventLoop.java:632)
	at org.apache.ratis.thirdparty.io.netty.channel.nio.NioEventLoop.processSelectedKeysOptimized(NioEventLoop.java:579)
	at org.apache.ratis.thirdparty.io.netty.channel.nio.NioEventLoop.processSelectedKeys(NioEventLoop.java:496)
	at org.apache.ratis.thirdparty.io.netty.channel.nio.NioEventLoop.run(NioEventLoop.java:458)
	at org.apache.ratis.thirdparty.io.netty.util.concurrent.SingleThreadEventExecutor$5.run(SingleThreadEventExecutor.java:897)
	at org.apache.ratis.thirdparty.io.netty.util.concurrent.FastThreadLocalRunnable.run(FastThreadLocalRunnable.java:30)
	... 1 more
Caused by: java.net.ConnectException: Connection refused
	... 11 more
2019-09-28 01:15:11,362 [7ca580e1-9483-43e9-999f-08065f5f46f8@group-3679665D126C:LeaderElection31] INFO  impl.RaftServerImpl (RaftServerImpl.java:setRole(174)) - 7ca580e1-9483-43e9-999f-08065f5f46f8@group-3679665D126C: changes role from CANDIDATE to FOLLOWER at term 4 for DISCOVERED_A_NEW_TERM
2019-09-28 01:15:11,364 [7ca580e1-9483-43e9-999f-08065f5f46f8@group-3679665D126C:LeaderElection31] INFO  impl.RoleInfo (RoleInfo.java:shutdownLeaderElection(134)) - 7ca580e1-9483-43e9-999f-08065f5f46f8: shutdown LeaderElection
2019-09-28 01:15:11,364 [7ca580e1-9483-43e9-999f-08065f5f46f8@group-3679665D126C:LeaderElection31] INFO  impl.RoleInfo (RoleInfo.java:updateAndGet(143)) - 7ca580e1-9483-43e9-999f-08065f5f46f8: start FollowerState
2019-09-28 01:15:11,744 [Thread-1896] INFO  impl.FollowerState (FollowerState.java:run(106)) - c5982eae-d64d-4d85-bf8e-680be3da7c97:group-F5D139EFAB30 changes to CANDIDATE, lastRpcTime:1175, electionTimeout:1173ms
2019-09-28 01:15:11,746 [Thread-1896] INFO  impl.RoleInfo (RoleInfo.java:shutdownFollowerState(121)) - c5982eae-d64d-4d85-bf8e-680be3da7c97: shutdown FollowerState
2019-09-28 01:15:11,746 [Thread-1896] INFO  impl.RaftServerImpl (RaftServerImpl.java:setRole(174)) - c5982eae-d64d-4d85-bf8e-680be3da7c97@group-F5D139EFAB30: changes role from  FOLLOWER to CANDIDATE at term 7 for changeToCandidate
2019-09-28 01:15:11,746 [Thread-1896] INFO  impl.RoleInfo (RoleInfo.java:updateAndGet(143)) - c5982eae-d64d-4d85-bf8e-680be3da7c97: start LeaderElection
2019-09-28 01:15:11,763 [c5982eae-d64d-4d85-bf8e-680be3da7c97@group-F5D139EFAB30:LeaderElection32] INFO  impl.LeaderElection (LeaderElection.java:askForVotes(182)) - c5982eae-d64d-4d85-bf8e-680be3da7c97@group-F5D139EFAB30:LeaderElection32: begin an election at term 8 for 0: [c5982eae-d64d-4d85-bf8e-680be3da7c97:192.168.151.82:39895, 8a2f89dc-5374-4145-86d1-b1660ecca13e:192.168.151.82:46179, d2027d58-a939-4807-998f-7c487ceff365:192.168.151.82:43961], old=null
2019-09-28 01:15:11,765 [c5982eae-d64d-4d85-bf8e-680be3da7c97@group-F5D139EFAB30:LeaderElection32] INFO  impl.LeaderElection (LogUtils.java:infoOrTrace(149)) - c5982eae-d64d-4d85-bf8e-680be3da7c97@group-F5D139EFAB30:LeaderElection32 got exception when requesting votes: {}
java.util.concurrent.ExecutionException: org.apache.ratis.thirdparty.io.grpc.StatusRuntimeException: UNAVAILABLE: io exception
	at java.util.concurrent.FutureTask.report(FutureTask.java:122)
	at java.util.concurrent.FutureTask.get(FutureTask.java:192)
	at org.apache.ratis.server.impl.LeaderElection.waitForResults(LeaderElection.java:263)
	at org.apache.ratis.server.impl.LeaderElection.askForVotes(LeaderElection.java:201)
	at org.apache.ratis.server.impl.LeaderElection.run(LeaderElection.java:133)
	at java.lang.Thread.run(Thread.java:748)
Caused by: org.apache.ratis.thirdparty.io.grpc.StatusRuntimeException: UNAVAILABLE: io exception
	at org.apache.ratis.thirdparty.io.grpc.stub.ClientCalls.toStatusRuntimeException(ClientCalls.java:233)
	at org.apache.ratis.thirdparty.io.grpc.stub.ClientCalls.getUnchecked(ClientCalls.java:214)
	at org.apache.ratis.thirdparty.io.grpc.stub.ClientCalls.blockingUnaryCall(ClientCalls.java:139)
	at org.apache.ratis.proto.grpc.RaftServerProtocolServiceGrpc$RaftServerProtocolServiceBlockingStub.requestVote(RaftServerProtocolServiceGrpc.java:265)
	at org.apache.ratis.grpc.server.GrpcServerProtocolClient.requestVote(GrpcServerProtocolClient.java:90)
	at org.apache.ratis.grpc.server.GrpcService.requestVote(GrpcService.java:204)
	at org.apache.ratis.server.impl.LeaderElection.lambda$submitRequests$1(LeaderElection.java:238)
	at java.util.concurrent.FutureTask.run(FutureTask.java:266)
	at java.util.concurrent.Executors$RunnableAdapter.call(Executors.java:511)
	at java.util.concurrent.FutureTask.run(FutureTask.java:266)
	at java.util.concurrent.ThreadPoolExecutor.runWorker(ThreadPoolExecutor.java:1149)
	at java.util.concurrent.ThreadPoolExecutor$Worker.run(ThreadPoolExecutor.java:624)
	... 1 more
Caused by: org.apache.ratis.thirdparty.io.netty.channel.AbstractChannel$AnnotatedConnectException: Connection refused: /192.168.151.82:46179
	at sun.nio.ch.SocketChannelImpl.checkConnect(Native Method)
	at sun.nio.ch.SocketChannelImpl.finishConnect(SocketChannelImpl.java:717)
	at org.apache.ratis.thirdparty.io.netty.channel.socket.nio.NioSocketChannel.doFinishConnect(NioSocketChannel.java:327)
	at org.apache.ratis.thirdparty.io.netty.channel.nio.AbstractNioChannel$AbstractNioUnsafe.finishConnect(AbstractNioChannel.java:340)
	at org.apache.ratis.thirdparty.io.netty.channel.nio.NioEventLoop.processSelectedKey(NioEventLoop.java:632)
	at org.apache.ratis.thirdparty.io.netty.channel.nio.NioEventLoop.processSelectedKeysOptimized(NioEventLoop.java:579)
	at org.apache.ratis.thirdparty.io.netty.channel.nio.NioEventLoop.processSelectedKeys(NioEventLoop.java:496)
	at org.apache.ratis.thirdparty.io.netty.channel.nio.NioEventLoop.run(NioEventLoop.java:458)
	at org.apache.ratis.thirdparty.io.netty.util.concurrent.SingleThreadEventExecutor$5.run(SingleThreadEventExecutor.java:897)
	at org.apache.ratis.thirdparty.io.netty.util.concurrent.FastThreadLocalRunnable.run(FastThreadLocalRunnable.java:30)
	... 1 more
Caused by: java.net.ConnectException: Connection refused
	... 11 more
2019-09-28 01:15:11,767 [c5982eae-d64d-4d85-bf8e-680be3da7c97@group-F5D139EFAB30:LeaderElection32] INFO  impl.LeaderElection (LogUtils.java:infoOrTrace(149)) - c5982eae-d64d-4d85-bf8e-680be3da7c97@group-F5D139EFAB30:LeaderElection32 got exception when requesting votes: {}
java.util.concurrent.ExecutionException: org.apache.ratis.thirdparty.io.grpc.StatusRuntimeException: UNAVAILABLE: io exception
	at java.util.concurrent.FutureTask.report(FutureTask.java:122)
	at java.util.concurrent.FutureTask.get(FutureTask.java:192)
	at org.apache.ratis.server.impl.LeaderElection.waitForResults(LeaderElection.java:263)
	at org.apache.ratis.server.impl.LeaderElection.askForVotes(LeaderElection.java:201)
	at org.apache.ratis.server.impl.LeaderElection.run(LeaderElection.java:133)
	at java.lang.Thread.run(Thread.java:748)
Caused by: org.apache.ratis.thirdparty.io.grpc.StatusRuntimeException: UNAVAILABLE: io exception
	at org.apache.ratis.thirdparty.io.grpc.stub.ClientCalls.toStatusRuntimeException(ClientCalls.java:233)
	at org.apache.ratis.thirdparty.io.grpc.stub.ClientCalls.getUnchecked(ClientCalls.java:214)
	at org.apache.ratis.thirdparty.io.grpc.stub.ClientCalls.blockingUnaryCall(ClientCalls.java:139)
	at org.apache.ratis.proto.grpc.RaftServerProtocolServiceGrpc$RaftServerProtocolServiceBlockingStub.requestVote(RaftServerProtocolServiceGrpc.java:265)
	at org.apache.ratis.grpc.server.GrpcServerProtocolClient.requestVote(GrpcServerProtocolClient.java:90)
	at org.apache.ratis.grpc.server.GrpcService.requestVote(GrpcService.java:204)
	at org.apache.ratis.server.impl.LeaderElection.lambda$submitRequests$1(LeaderElection.java:238)
	at java.util.concurrent.FutureTask.run(FutureTask.java:266)
	at java.util.concurrent.Executors$RunnableAdapter.call(Executors.java:511)
	at java.util.concurrent.FutureTask.run(FutureTask.java:266)
	at java.util.concurrent.ThreadPoolExecutor.runWorker(ThreadPoolExecutor.java:1149)
	at java.util.concurrent.ThreadPoolExecutor$Worker.run(ThreadPoolExecutor.java:624)
	... 1 more
Caused by: org.apache.ratis.thirdparty.io.netty.channel.AbstractChannel$AnnotatedConnectException: Connection refused: /192.168.151.82:43961
	at sun.nio.ch.SocketChannelImpl.checkConnect(Native Method)
	at sun.nio.ch.SocketChannelImpl.finishConnect(SocketChannelImpl.java:717)
	at org.apache.ratis.thirdparty.io.netty.channel.socket.nio.NioSocketChannel.doFinishConnect(NioSocketChannel.java:327)
	at org.apache.ratis.thirdparty.io.netty.channel.nio.AbstractNioChannel$AbstractNioUnsafe.finishConnect(AbstractNioChannel.java:340)
	at org.apache.ratis.thirdparty.io.netty.channel.nio.NioEventLoop.processSelectedKey(NioEventLoop.java:632)
	at org.apache.ratis.thirdparty.io.netty.channel.nio.NioEventLoop.processSelectedKeysOptimized(NioEventLoop.java:579)
	at org.apache.ratis.thirdparty.io.netty.channel.nio.NioEventLoop.processSelectedKeys(NioEventLoop.java:496)
	at org.apache.ratis.thirdparty.io.netty.channel.nio.NioEventLoop.run(NioEventLoop.java:458)
	at org.apache.ratis.thirdparty.io.netty.util.concurrent.SingleThreadEventExecutor$5.run(SingleThreadEventExecutor.java:897)
	at org.apache.ratis.thirdparty.io.netty.util.concurrent.FastThreadLocalRunnable.run(FastThreadLocalRunnable.java:30)
	... 1 more
Caused by: java.net.ConnectException: Connection refused
	... 11 more
2019-09-28 01:15:11,769 [c5982eae-d64d-4d85-bf8e-680be3da7c97@group-F5D139EFAB30:LeaderElection32] INFO  impl.LeaderElection (LeaderElection.java:logAndReturn(56)) - c5982eae-d64d-4d85-bf8e-680be3da7c97@group-F5D139EFAB30:LeaderElection32: Election REJECTED; received 0 response(s) [] and 2 exception(s); c5982eae-d64d-4d85-bf8e-680be3da7c97@group-F5D139EFAB30:t8, leader=null, voted=c5982eae-d64d-4d85-bf8e-680be3da7c97, raftlog=c5982eae-d64d-4d85-bf8e-680be3da7c97@group-F5D139EFAB30-SegmentedRaftLog:OPENED:c0,f0,i0, conf=0: [c5982eae-d64d-4d85-bf8e-680be3da7c97:192.168.151.82:39895, 8a2f89dc-5374-4145-86d1-b1660ecca13e:192.168.151.82:46179, d2027d58-a939-4807-998f-7c487ceff365:192.168.151.82:43961], old=null
2019-09-28 01:15:11,769 [c5982eae-d64d-4d85-bf8e-680be3da7c97@group-F5D139EFAB30:LeaderElection32] INFO  impl.LeaderElection (LogUtils.java:infoOrTrace(149)) -   Exception 0: {}
java.util.concurrent.ExecutionException: org.apache.ratis.thirdparty.io.grpc.StatusRuntimeException: UNAVAILABLE: io exception
	at java.util.concurrent.FutureTask.report(FutureTask.java:122)
	at java.util.concurrent.FutureTask.get(FutureTask.java:192)
	at org.apache.ratis.server.impl.LeaderElection.waitForResults(LeaderElection.java:263)
	at org.apache.ratis.server.impl.LeaderElection.askForVotes(LeaderElection.java:201)
	at org.apache.ratis.server.impl.LeaderElection.run(LeaderElection.java:133)
	at java.lang.Thread.run(Thread.java:748)
Caused by: org.apache.ratis.thirdparty.io.grpc.StatusRuntimeException: UNAVAILABLE: io exception
	at org.apache.ratis.thirdparty.io.grpc.stub.ClientCalls.toStatusRuntimeException(ClientCalls.java:233)
	at org.apache.ratis.thirdparty.io.grpc.stub.ClientCalls.getUnchecked(ClientCalls.java:214)
	at org.apache.ratis.thirdparty.io.grpc.stub.ClientCalls.blockingUnaryCall(ClientCalls.java:139)
	at org.apache.ratis.proto.grpc.RaftServerProtocolServiceGrpc$RaftServerProtocolServiceBlockingStub.requestVote(RaftServerProtocolServiceGrpc.java:265)
	at org.apache.ratis.grpc.server.GrpcServerProtocolClient.requestVote(GrpcServerProtocolClient.java:90)
	at org.apache.ratis.grpc.server.GrpcService.requestVote(GrpcService.java:204)
	at org.apache.ratis.server.impl.LeaderElection.lambda$submitRequests$1(LeaderElection.java:238)
	at java.util.concurrent.FutureTask.run(FutureTask.java:266)
	at java.util.concurrent.Executors$RunnableAdapter.call(Executors.java:511)
	at java.util.concurrent.FutureTask.run(FutureTask.java:266)
	at java.util.concurrent.ThreadPoolExecutor.runWorker(ThreadPoolExecutor.java:1149)
	at java.util.concurrent.ThreadPoolExecutor$Worker.run(ThreadPoolExecutor.java:624)
	... 1 more
Caused by: org.apache.ratis.thirdparty.io.netty.channel.AbstractChannel$AnnotatedConnectException: Connection refused: /192.168.151.82:46179
	at sun.nio.ch.SocketChannelImpl.checkConnect(Native Method)
	at sun.nio.ch.SocketChannelImpl.finishConnect(SocketChannelImpl.java:717)
	at org.apache.ratis.thirdparty.io.netty.channel.socket.nio.NioSocketChannel.doFinishConnect(NioSocketChannel.java:327)
	at org.apache.ratis.thirdparty.io.netty.channel.nio.AbstractNioChannel$AbstractNioUnsafe.finishConnect(AbstractNioChannel.java:340)
	at org.apache.ratis.thirdparty.io.netty.channel.nio.NioEventLoop.processSelectedKey(NioEventLoop.java:632)
	at org.apache.ratis.thirdparty.io.netty.channel.nio.NioEventLoop.processSelectedKeysOptimized(NioEventLoop.java:579)
	at org.apache.ratis.thirdparty.io.netty.channel.nio.NioEventLoop.processSelectedKeys(NioEventLoop.java:496)
	at org.apache.ratis.thirdparty.io.netty.channel.nio.NioEventLoop.run(NioEventLoop.java:458)
	at org.apache.ratis.thirdparty.io.netty.util.concurrent.SingleThreadEventExecutor$5.run(SingleThreadEventExecutor.java:897)
	at org.apache.ratis.thirdparty.io.netty.util.concurrent.FastThreadLocalRunnable.run(FastThreadLocalRunnable.java:30)
	... 1 more
Caused by: java.net.ConnectException: Connection refused
	... 11 more
2019-09-28 01:15:11,770 [c5982eae-d64d-4d85-bf8e-680be3da7c97@group-F5D139EFAB30:LeaderElection32] INFO  impl.LeaderElection (LogUtils.java:infoOrTrace(149)) -   Exception 1: {}
java.util.concurrent.ExecutionException: org.apache.ratis.thirdparty.io.grpc.StatusRuntimeException: UNAVAILABLE: io exception
	at java.util.concurrent.FutureTask.report(FutureTask.java:122)
	at java.util.concurrent.FutureTask.get(FutureTask.java:192)
	at org.apache.ratis.server.impl.LeaderElection.waitForResults(LeaderElection.java:263)
	at org.apache.ratis.server.impl.LeaderElection.askForVotes(LeaderElection.java:201)
	at org.apache.ratis.server.impl.LeaderElection.run(LeaderElection.java:133)
	at java.lang.Thread.run(Thread.java:748)
Caused by: org.apache.ratis.thirdparty.io.grpc.StatusRuntimeException: UNAVAILABLE: io exception
	at org.apache.ratis.thirdparty.io.grpc.stub.ClientCalls.toStatusRuntimeException(ClientCalls.java:233)
	at org.apache.ratis.thirdparty.io.grpc.stub.ClientCalls.getUnchecked(ClientCalls.java:214)
	at org.apache.ratis.thirdparty.io.grpc.stub.ClientCalls.blockingUnaryCall(ClientCalls.java:139)
	at org.apache.ratis.proto.grpc.RaftServerProtocolServiceGrpc$RaftServerProtocolServiceBlockingStub.requestVote(RaftServerProtocolServiceGrpc.java:265)
	at org.apache.ratis.grpc.server.GrpcServerProtocolClient.requestVote(GrpcServerProtocolClient.java:90)
	at org.apache.ratis.grpc.server.GrpcService.requestVote(GrpcService.java:204)
	at org.apache.ratis.server.impl.LeaderElection.lambda$submitRequests$1(LeaderElection.java:238)
	at java.util.concurrent.FutureTask.run(FutureTask.java:266)
	at java.util.concurrent.Executors$RunnableAdapter.call(Executors.java:511)
	at java.util.concurrent.FutureTask.run(FutureTask.java:266)
	at java.util.concurrent.ThreadPoolExecutor.runWorker(ThreadPoolExecutor.java:1149)
	at java.util.concurrent.ThreadPoolExecutor$Worker.run(ThreadPoolExecutor.java:624)
	... 1 more
Caused by: org.apache.ratis.thirdparty.io.netty.channel.AbstractChannel$AnnotatedConnectException: Connection refused: /192.168.151.82:43961
	at sun.nio.ch.SocketChannelImpl.checkConnect(Native Method)
	at sun.nio.ch.SocketChannelImpl.finishConnect(SocketChannelImpl.java:717)
	at org.apache.ratis.thirdparty.io.netty.channel.socket.nio.NioSocketChannel.doFinishConnect(NioSocketChannel.java:327)
	at org.apache.ratis.thirdparty.io.netty.channel.nio.AbstractNioChannel$AbstractNioUnsafe.finishConnect(AbstractNioChannel.java:340)
	at org.apache.ratis.thirdparty.io.netty.channel.nio.NioEventLoop.processSelectedKey(NioEventLoop.java:632)
	at org.apache.ratis.thirdparty.io.netty.channel.nio.NioEventLoop.processSelectedKeysOptimized(NioEventLoop.java:579)
	at org.apache.ratis.thirdparty.io.netty.channel.nio.NioEventLoop.processSelectedKeys(NioEventLoop.java:496)
	at org.apache.ratis.thirdparty.io.netty.channel.nio.NioEventLoop.run(NioEventLoop.java:458)
	at org.apache.ratis.thirdparty.io.netty.util.concurrent.SingleThreadEventExecutor$5.run(SingleThreadEventExecutor.java:897)
	at org.apache.ratis.thirdparty.io.netty.util.concurrent.FastThreadLocalRunnable.run(FastThreadLocalRunnable.java:30)
	... 1 more
Caused by: java.net.ConnectException: Connection refused
	... 11 more
2019-09-28 01:15:11,770 [c5982eae-d64d-4d85-bf8e-680be3da7c97@group-F5D139EFAB30:LeaderElection32] INFO  impl.RaftServerImpl (RaftServerImpl.java:setRole(174)) - c5982eae-d64d-4d85-bf8e-680be3da7c97@group-F5D139EFAB30: changes role from CANDIDATE to FOLLOWER at term 8 for DISCOVERED_A_NEW_TERM
2019-09-28 01:15:11,772 [c5982eae-d64d-4d85-bf8e-680be3da7c97@group-F5D139EFAB30:LeaderElection32] INFO  impl.RoleInfo (RoleInfo.java:shutdownLeaderElection(134)) - c5982eae-d64d-4d85-bf8e-680be3da7c97: shutdown LeaderElection
2019-09-28 01:15:11,772 [c5982eae-d64d-4d85-bf8e-680be3da7c97@group-F5D139EFAB30:LeaderElection32] INFO  impl.RoleInfo (RoleInfo.java:updateAndGet(143)) - c5982eae-d64d-4d85-bf8e-680be3da7c97: start FollowerState
2019-09-28 01:15:12,374 [Thread-1900] INFO  impl.FollowerState (FollowerState.java:run(106)) - e82472fe-71fb-4472-b416-5021845f2f54:group-6BFCA60A2FDA changes to CANDIDATE, lastRpcTime:1099, electionTimeout:1097ms
2019-09-28 01:15:12,377 [Thread-1900] INFO  impl.RoleInfo (RoleInfo.java:shutdownFollowerState(121)) - e82472fe-71fb-4472-b416-5021845f2f54: shutdown FollowerState
2019-09-28 01:15:12,377 [Thread-1900] INFO  impl.RaftServerImpl (RaftServerImpl.java:setRole(174)) - e82472fe-71fb-4472-b416-5021845f2f54@group-6BFCA60A2FDA: changes role from  FOLLOWER to CANDIDATE at term 3 for changeToCandidate
2019-09-28 01:15:12,377 [Thread-1900] INFO  impl.RoleInfo (RoleInfo.java:updateAndGet(143)) - e82472fe-71fb-4472-b416-5021845f2f54: start LeaderElection
2019-09-28 01:15:12,393 [e82472fe-71fb-4472-b416-5021845f2f54@group-6BFCA60A2FDA:LeaderElection33] INFO  impl.LeaderElection (LeaderElection.java:askForVotes(182)) - e82472fe-71fb-4472-b416-5021845f2f54@group-6BFCA60A2FDA:LeaderElection33: begin an election at term 4 for 0: [cab9505b-c3df-4889-be4c-e0933a387faa:192.168.151.82:36450, 8bf5c620-efb5-49b6-a768-f4179fc43006:192.168.151.82:41397, e82472fe-71fb-4472-b416-5021845f2f54:192.168.151.82:44038], old=null
2019-09-28 01:15:12,394 [e82472fe-71fb-4472-b416-5021845f2f54@group-6BFCA60A2FDA:LeaderElection33] INFO  impl.LeaderElection (LogUtils.java:infoOrTrace(149)) - e82472fe-71fb-4472-b416-5021845f2f54@group-6BFCA60A2FDA:LeaderElection33 got exception when requesting votes: {}
java.util.concurrent.ExecutionException: org.apache.ratis.thirdparty.io.grpc.StatusRuntimeException: UNAVAILABLE: io exception
	at java.util.concurrent.FutureTask.report(FutureTask.java:122)
	at java.util.concurrent.FutureTask.get(FutureTask.java:192)
	at org.apache.ratis.server.impl.LeaderElection.waitForResults(LeaderElection.java:263)
	at org.apache.ratis.server.impl.LeaderElection.askForVotes(LeaderElection.java:201)
	at org.apache.ratis.server.impl.LeaderElection.run(LeaderElection.java:133)
	at java.lang.Thread.run(Thread.java:748)
Caused by: org.apache.ratis.thirdparty.io.grpc.StatusRuntimeException: UNAVAILABLE: io exception
	at org.apache.ratis.thirdparty.io.grpc.stub.ClientCalls.toStatusRuntimeException(ClientCalls.java:233)
	at org.apache.ratis.thirdparty.io.grpc.stub.ClientCalls.getUnchecked(ClientCalls.java:214)
	at org.apache.ratis.thirdparty.io.grpc.stub.ClientCalls.blockingUnaryCall(ClientCalls.java:139)
	at org.apache.ratis.proto.grpc.RaftServerProtocolServiceGrpc$RaftServerProtocolServiceBlockingStub.requestVote(RaftServerProtocolServiceGrpc.java:265)
	at org.apache.ratis.grpc.server.GrpcServerProtocolClient.requestVote(GrpcServerProtocolClient.java:90)
	at org.apache.ratis.grpc.server.GrpcService.requestVote(GrpcService.java:204)
	at org.apache.ratis.server.impl.LeaderElection.lambda$submitRequests$1(LeaderElection.java:238)
	at java.util.concurrent.FutureTask.run(FutureTask.java:266)
	at java.util.concurrent.Executors$RunnableAdapter.call(Executors.java:511)
	at java.util.concurrent.FutureTask.run(FutureTask.java:266)
	at java.util.concurrent.ThreadPoolExecutor.runWorker(ThreadPoolExecutor.java:1149)
	at java.util.concurrent.ThreadPoolExecutor$Worker.run(ThreadPoolExecutor.java:624)
	... 1 more
Caused by: org.apache.ratis.thirdparty.io.netty.channel.AbstractChannel$AnnotatedConnectException: Connection refused: /192.168.151.82:36450
	at sun.nio.ch.SocketChannelImpl.checkConnect(Native Method)
	at sun.nio.ch.SocketChannelImpl.finishConnect(SocketChannelImpl.java:717)
	at org.apache.ratis.thirdparty.io.netty.channel.socket.nio.NioSocketChannel.doFinishConnect(NioSocketChannel.java:327)
	at org.apache.ratis.thirdparty.io.netty.channel.nio.AbstractNioChannel$AbstractNioUnsafe.finishConnect(AbstractNioChannel.java:340)
	at org.apache.ratis.thirdparty.io.netty.channel.nio.NioEventLoop.processSelectedKey(NioEventLoop.java:632)
	at org.apache.ratis.thirdparty.io.netty.channel.nio.NioEventLoop.processSelectedKeysOptimized(NioEventLoop.java:579)
	at org.apache.ratis.thirdparty.io.netty.channel.nio.NioEventLoop.processSelectedKeys(NioEventLoop.java:496)
	at org.apache.ratis.thirdparty.io.netty.channel.nio.NioEventLoop.run(NioEventLoop.java:458)
	at org.apache.ratis.thirdparty.io.netty.util.concurrent.SingleThreadEventExecutor$5.run(SingleThreadEventExecutor.java:897)
	at org.apache.ratis.thirdparty.io.netty.util.concurrent.FastThreadLocalRunnable.run(FastThreadLocalRunnable.java:30)
	... 1 more
Caused by: java.net.ConnectException: Connection refused
	... 11 more
2019-09-28 01:15:12,402 [e82472fe-71fb-4472-b416-5021845f2f54@group-6BFCA60A2FDA:LeaderElection33] INFO  impl.LeaderElection (LogUtils.java:infoOrTrace(149)) - e82472fe-71fb-4472-b416-5021845f2f54@group-6BFCA60A2FDA:LeaderElection33 got exception when requesting votes: {}
java.util.concurrent.ExecutionException: org.apache.ratis.thirdparty.io.grpc.StatusRuntimeException: UNAVAILABLE: io exception
	at java.util.concurrent.FutureTask.report(FutureTask.java:122)
	at java.util.concurrent.FutureTask.get(FutureTask.java:192)
	at org.apache.ratis.server.impl.LeaderElection.waitForResults(LeaderElection.java:263)
	at org.apache.ratis.server.impl.LeaderElection.askForVotes(LeaderElection.java:201)
	at org.apache.ratis.server.impl.LeaderElection.run(LeaderElection.java:133)
	at java.lang.Thread.run(Thread.java:748)
Caused by: org.apache.ratis.thirdparty.io.grpc.StatusRuntimeException: UNAVAILABLE: io exception
	at org.apache.ratis.thirdparty.io.grpc.stub.ClientCalls.toStatusRuntimeException(ClientCalls.java:233)
	at org.apache.ratis.thirdparty.io.grpc.stub.ClientCalls.getUnchecked(ClientCalls.java:214)
	at org.apache.ratis.thirdparty.io.grpc.stub.ClientCalls.blockingUnaryCall(ClientCalls.java:139)
	at org.apache.ratis.proto.grpc.RaftServerProtocolServiceGrpc$RaftServerProtocolServiceBlockingStub.requestVote(RaftServerProtocolServiceGrpc.java:265)
	at org.apache.ratis.grpc.server.GrpcServerProtocolClient.requestVote(GrpcServerProtocolClient.java:90)
	at org.apache.ratis.grpc.server.GrpcService.requestVote(GrpcService.java:204)
	at org.apache.ratis.server.impl.LeaderElection.lambda$submitRequests$1(LeaderElection.java:238)
	at java.util.concurrent.FutureTask.run(FutureTask.java:266)
	at java.util.concurrent.Executors$RunnableAdapter.call(Executors.java:511)
	at java.util.concurrent.FutureTask.run(FutureTask.java:266)
	at java.util.concurrent.ThreadPoolExecutor.runWorker(ThreadPoolExecutor.java:1149)
	at java.util.concurrent.ThreadPoolExecutor$Worker.run(ThreadPoolExecutor.java:624)
	... 1 more
Caused by: org.apache.ratis.thirdparty.io.netty.channel.AbstractChannel$AnnotatedConnectException: Connection refused: /192.168.151.82:41397
	at sun.nio.ch.SocketChannelImpl.checkConnect(Native Method)
	at sun.nio.ch.SocketChannelImpl.finishConnect(SocketChannelImpl.java:717)
	at org.apache.ratis.thirdparty.io.netty.channel.socket.nio.NioSocketChannel.doFinishConnect(NioSocketChannel.java:327)
	at org.apache.ratis.thirdparty.io.netty.channel.nio.AbstractNioChannel$AbstractNioUnsafe.finishConnect(AbstractNioChannel.java:340)
	at org.apache.ratis.thirdparty.io.netty.channel.nio.NioEventLoop.processSelectedKey(NioEventLoop.java:632)
	at org.apache.ratis.thirdparty.io.netty.channel.nio.NioEventLoop.processSelectedKeysOptimized(NioEventLoop.java:579)
	at org.apache.ratis.thirdparty.io.netty.channel.nio.NioEventLoop.processSelectedKeys(NioEventLoop.java:496)
	at org.apache.ratis.thirdparty.io.netty.channel.nio.NioEventLoop.run(NioEventLoop.java:458)
	at org.apache.ratis.thirdparty.io.netty.util.concurrent.SingleThreadEventExecutor$5.run(SingleThreadEventExecutor.java:897)
	at org.apache.ratis.thirdparty.io.netty.util.concurrent.FastThreadLocalRunnable.run(FastThreadLocalRunnable.java:30)
	... 1 more
Caused by: java.net.ConnectException: Connection refused
	... 11 more
2019-09-28 01:15:12,403 [e82472fe-71fb-4472-b416-5021845f2f54@group-6BFCA60A2FDA:LeaderElection33] INFO  impl.LeaderElection (LeaderElection.java:logAndReturn(56)) - e82472fe-71fb-4472-b416-5021845f2f54@group-6BFCA60A2FDA:LeaderElection33: Election REJECTED; received 0 response(s) [] and 2 exception(s); e82472fe-71fb-4472-b416-5021845f2f54@group-6BFCA60A2FDA:t4, leader=null, voted=e82472fe-71fb-4472-b416-5021845f2f54, raftlog=e82472fe-71fb-4472-b416-5021845f2f54@group-6BFCA60A2FDA-SegmentedRaftLog:OPENED:c0,f0,i0, conf=0: [cab9505b-c3df-4889-be4c-e0933a387faa:192.168.151.82:36450, 8bf5c620-efb5-49b6-a768-f4179fc43006:192.168.151.82:41397, e82472fe-71fb-4472-b416-5021845f2f54:192.168.151.82:44038], old=null
2019-09-28 01:15:12,403 [e82472fe-71fb-4472-b416-5021845f2f54@group-6BFCA60A2FDA:LeaderElection33] INFO  impl.LeaderElection (LogUtils.java:infoOrTrace(149)) -   Exception 0: {}
java.util.concurrent.ExecutionException: org.apache.ratis.thirdparty.io.grpc.StatusRuntimeException: UNAVAILABLE: io exception
	at java.util.concurrent.FutureTask.report(FutureTask.java:122)
	at java.util.concurrent.FutureTask.get(FutureTask.java:192)
	at org.apache.ratis.server.impl.LeaderElection.waitForResults(LeaderElection.java:263)
	at org.apache.ratis.server.impl.LeaderElection.askForVotes(LeaderElection.java:201)
	at org.apache.ratis.server.impl.LeaderElection.run(LeaderElection.java:133)
	at java.lang.Thread.run(Thread.java:748)
Caused by: org.apache.ratis.thirdparty.io.grpc.StatusRuntimeException: UNAVAILABLE: io exception
	at org.apache.ratis.thirdparty.io.grpc.stub.ClientCalls.toStatusRuntimeException(ClientCalls.java:233)
	at org.apache.ratis.thirdparty.io.grpc.stub.ClientCalls.getUnchecked(ClientCalls.java:214)
	at org.apache.ratis.thirdparty.io.grpc.stub.ClientCalls.blockingUnaryCall(ClientCalls.java:139)
	at org.apache.ratis.proto.grpc.RaftServerProtocolServiceGrpc$RaftServerProtocolServiceBlockingStub.requestVote(RaftServerProtocolServiceGrpc.java:265)
	at org.apache.ratis.grpc.server.GrpcServerProtocolClient.requestVote(GrpcServerProtocolClient.java:90)
	at org.apache.ratis.grpc.server.GrpcService.requestVote(GrpcService.java:204)
	at org.apache.ratis.server.impl.LeaderElection.lambda$submitRequests$1(LeaderElection.java:238)
	at java.util.concurrent.FutureTask.run(FutureTask.java:266)
	at java.util.concurrent.Executors$RunnableAdapter.call(Executors.java:511)
	at java.util.concurrent.FutureTask.run(FutureTask.java:266)
	at java.util.concurrent.ThreadPoolExecutor.runWorker(ThreadPoolExecutor.java:1149)
	at java.util.concurrent.ThreadPoolExecutor$Worker.run(ThreadPoolExecutor.java:624)
	... 1 more
Caused by: org.apache.ratis.thirdparty.io.netty.channel.AbstractChannel$AnnotatedConnectException: Connection refused: /192.168.151.82:36450
	at sun.nio.ch.SocketChannelImpl.checkConnect(Native Method)
	at sun.nio.ch.SocketChannelImpl.finishConnect(SocketChannelImpl.java:717)
	at org.apache.ratis.thirdparty.io.netty.channel.socket.nio.NioSocketChannel.doFinishConnect(NioSocketChannel.java:327)
	at org.apache.ratis.thirdparty.io.netty.channel.nio.AbstractNioChannel$AbstractNioUnsafe.finishConnect(AbstractNioChannel.java:340)
	at org.apache.ratis.thirdparty.io.netty.channel.nio.NioEventLoop.processSelectedKey(NioEventLoop.java:632)
	at org.apache.ratis.thirdparty.io.netty.channel.nio.NioEventLoop.processSelectedKeysOptimized(NioEventLoop.java:579)
	at org.apache.ratis.thirdparty.io.netty.channel.nio.NioEventLoop.processSelectedKeys(NioEventLoop.java:496)
	at org.apache.ratis.thirdparty.io.netty.channel.nio.NioEventLoop.run(NioEventLoop.java:458)
	at org.apache.ratis.thirdparty.io.netty.util.concurrent.SingleThreadEventExecutor$5.run(SingleThreadEventExecutor.java:897)
	at org.apache.ratis.thirdparty.io.netty.util.concurrent.FastThreadLocalRunnable.run(FastThreadLocalRunnable.java:30)
	... 1 more
Caused by: java.net.ConnectException: Connection refused
	... 11 more
2019-09-28 01:15:12,403 [e82472fe-71fb-4472-b416-5021845f2f54@group-6BFCA60A2FDA:LeaderElection33] INFO  impl.LeaderElection (LogUtils.java:infoOrTrace(149)) -   Exception 1: {}
java.util.concurrent.ExecutionException: org.apache.ratis.thirdparty.io.grpc.StatusRuntimeException: UNAVAILABLE: io exception
	at java.util.concurrent.FutureTask.report(FutureTask.java:122)
	at java.util.concurrent.FutureTask.get(FutureTask.java:192)
	at org.apache.ratis.server.impl.LeaderElection.waitForResults(LeaderElection.java:263)
	at org.apache.ratis.server.impl.LeaderElection.askForVotes(LeaderElection.java:201)
	at org.apache.ratis.server.impl.LeaderElection.run(LeaderElection.java:133)
	at java.lang.Thread.run(Thread.java:748)
Caused by: org.apache.ratis.thirdparty.io.grpc.StatusRuntimeException: UNAVAILABLE: io exception
	at org.apache.ratis.thirdparty.io.grpc.stub.ClientCalls.toStatusRuntimeException(ClientCalls.java:233)
	at org.apache.ratis.thirdparty.io.grpc.stub.ClientCalls.getUnchecked(ClientCalls.java:214)
	at org.apache.ratis.thirdparty.io.grpc.stub.ClientCalls.blockingUnaryCall(ClientCalls.java:139)
	at org.apache.ratis.proto.grpc.RaftServerProtocolServiceGrpc$RaftServerProtocolServiceBlockingStub.requestVote(RaftServerProtocolServiceGrpc.java:265)
	at org.apache.ratis.grpc.server.GrpcServerProtocolClient.requestVote(GrpcServerProtocolClient.java:90)
	at org.apache.ratis.grpc.server.GrpcService.requestVote(GrpcService.java:204)
	at org.apache.ratis.server.impl.LeaderElection.lambda$submitRequests$1(LeaderElection.java:238)
	at java.util.concurrent.FutureTask.run(FutureTask.java:266)
	at java.util.concurrent.Executors$RunnableAdapter.call(Executors.java:511)
	at java.util.concurrent.FutureTask.run(FutureTask.java:266)
	at java.util.concurrent.ThreadPoolExecutor.runWorker(ThreadPoolExecutor.java:1149)
	at java.util.concurrent.ThreadPoolExecutor$Worker.run(ThreadPoolExecutor.java:624)
	... 1 more
Caused by: org.apache.ratis.thirdparty.io.netty.channel.AbstractChannel$AnnotatedConnectException: Connection refused: /192.168.151.82:41397
	at sun.nio.ch.SocketChannelImpl.checkConnect(Native Method)
	at sun.nio.ch.SocketChannelImpl.finishConnect(SocketChannelImpl.java:717)
	at org.apache.ratis.thirdparty.io.netty.channel.socket.nio.NioSocketChannel.doFinishConnect(NioSocketChannel.java:327)
	at org.apache.ratis.thirdparty.io.netty.channel.nio.AbstractNioChannel$AbstractNioUnsafe.finishConnect(AbstractNioChannel.java:340)
	at org.apache.ratis.thirdparty.io.netty.channel.nio.NioEventLoop.processSelectedKey(NioEventLoop.java:632)
	at org.apache.ratis.thirdparty.io.netty.channel.nio.NioEventLoop.processSelectedKeysOptimized(NioEventLoop.java:579)
	at org.apache.ratis.thirdparty.io.netty.channel.nio.NioEventLoop.processSelectedKeys(NioEventLoop.java:496)
	at org.apache.ratis.thirdparty.io.netty.channel.nio.NioEventLoop.run(NioEventLoop.java:458)
	at org.apache.ratis.thirdparty.io.netty.util.concurrent.SingleThreadEventExecutor$5.run(SingleThreadEventExecutor.java:897)
	at org.apache.ratis.thirdparty.io.netty.util.concurrent.FastThreadLocalRunnable.run(FastThreadLocalRunnable.java:30)
	... 1 more
Caused by: java.net.ConnectException: Connection refused
	... 11 more
2019-09-28 01:15:12,404 [e82472fe-71fb-4472-b416-5021845f2f54@group-6BFCA60A2FDA:LeaderElection33] INFO  impl.RaftServerImpl (RaftServerImpl.java:setRole(174)) - e82472fe-71fb-4472-b416-5021845f2f54@group-6BFCA60A2FDA: changes role from CANDIDATE to FOLLOWER at term 4 for DISCOVERED_A_NEW_TERM
2019-09-28 01:15:12,406 [e82472fe-71fb-4472-b416-5021845f2f54@group-6BFCA60A2FDA:LeaderElection33] INFO  impl.RoleInfo (RoleInfo.java:shutdownLeaderElection(134)) - e82472fe-71fb-4472-b416-5021845f2f54: shutdown LeaderElection
2019-09-28 01:15:12,406 [e82472fe-71fb-4472-b416-5021845f2f54@group-6BFCA60A2FDA:LeaderElection33] INFO  impl.RoleInfo (RoleInfo.java:updateAndGet(143)) - e82472fe-71fb-4472-b416-5021845f2f54: start FollowerState
2019-09-28 01:15:12,435 [Thread-1904] INFO  impl.FollowerState (FollowerState.java:run(106)) - 7ca580e1-9483-43e9-999f-08065f5f46f8:group-3679665D126C changes to CANDIDATE, lastRpcTime:1070, electionTimeout:1068ms
2019-09-28 01:15:12,436 [Thread-1904] INFO  impl.RoleInfo (RoleInfo.java:shutdownFollowerState(121)) - 7ca580e1-9483-43e9-999f-08065f5f46f8: shutdown FollowerState
2019-09-28 01:15:12,437 [Thread-1904] INFO  impl.RaftServerImpl (RaftServerImpl.java:setRole(174)) - 7ca580e1-9483-43e9-999f-08065f5f46f8@group-3679665D126C: changes role from  FOLLOWER to CANDIDATE at term 4 for changeToCandidate
2019-09-28 01:15:12,437 [Thread-1904] INFO  impl.RoleInfo (RoleInfo.java:updateAndGet(143)) - 7ca580e1-9483-43e9-999f-08065f5f46f8: start LeaderElection
2019-09-28 01:15:12,454 [7ca580e1-9483-43e9-999f-08065f5f46f8@group-3679665D126C:LeaderElection34] INFO  impl.LeaderElection (LeaderElection.java:askForVotes(182)) - 7ca580e1-9483-43e9-999f-08065f5f46f8@group-3679665D126C:LeaderElection34: begin an election at term 5 for 1: [7ca580e1-9483-43e9-999f-08065f5f46f8:192.168.151.82:39513, 726dacf1-2c06-45a9-9365-4f0196171786:192.168.151.82:39922, d8ea7beb-83bc-4703-8607-f43fb93ff04f:192.168.151.82:34522], old=null
2019-09-28 01:15:12,455 [7ca580e1-9483-43e9-999f-08065f5f46f8@group-3679665D126C:LeaderElection34] INFO  impl.LeaderElection (LogUtils.java:infoOrTrace(149)) - 7ca580e1-9483-43e9-999f-08065f5f46f8@group-3679665D126C:LeaderElection34 got exception when requesting votes: {}
java.util.concurrent.ExecutionException: org.apache.ratis.thirdparty.io.grpc.StatusRuntimeException: UNAVAILABLE: io exception
	at java.util.concurrent.FutureTask.report(FutureTask.java:122)
	at java.util.concurrent.FutureTask.get(FutureTask.java:192)
	at org.apache.ratis.server.impl.LeaderElection.waitForResults(LeaderElection.java:263)
	at org.apache.ratis.server.impl.LeaderElection.askForVotes(LeaderElection.java:201)
	at org.apache.ratis.server.impl.LeaderElection.run(LeaderElection.java:133)
	at java.lang.Thread.run(Thread.java:748)
Caused by: org.apache.ratis.thirdparty.io.grpc.StatusRuntimeException: UNAVAILABLE: io exception
	at org.apache.ratis.thirdparty.io.grpc.stub.ClientCalls.toStatusRuntimeException(ClientCalls.java:233)
	at org.apache.ratis.thirdparty.io.grpc.stub.ClientCalls.getUnchecked(ClientCalls.java:214)
	at org.apache.ratis.thirdparty.io.grpc.stub.ClientCalls.blockingUnaryCall(ClientCalls.java:139)
	at org.apache.ratis.proto.grpc.RaftServerProtocolServiceGrpc$RaftServerProtocolServiceBlockingStub.requestVote(RaftServerProtocolServiceGrpc.java:265)
	at org.apache.ratis.grpc.server.GrpcServerProtocolClient.requestVote(GrpcServerProtocolClient.java:90)
	at org.apache.ratis.grpc.server.GrpcService.requestVote(GrpcService.java:204)
	at org.apache.ratis.server.impl.LeaderElection.lambda$submitRequests$1(LeaderElection.java:238)
	at java.util.concurrent.FutureTask.run(FutureTask.java:266)
	at java.util.concurrent.Executors$RunnableAdapter.call(Executors.java:511)
	at java.util.concurrent.FutureTask.run(FutureTask.java:266)
	at java.util.concurrent.ThreadPoolExecutor.runWorker(ThreadPoolExecutor.java:1149)
	at java.util.concurrent.ThreadPoolExecutor$Worker.run(ThreadPoolExecutor.java:624)
	... 1 more
Caused by: org.apache.ratis.thirdparty.io.netty.channel.AbstractChannel$AnnotatedConnectException: Connection refused: /192.168.151.82:39922
	at sun.nio.ch.SocketChannelImpl.checkConnect(Native Method)
	at sun.nio.ch.SocketChannelImpl.finishConnect(SocketChannelImpl.java:717)
	at org.apache.ratis.thirdparty.io.netty.channel.socket.nio.NioSocketChannel.doFinishConnect(NioSocketChannel.java:327)
	at org.apache.ratis.thirdparty.io.netty.channel.nio.AbstractNioChannel$AbstractNioUnsafe.finishConnect(AbstractNioChannel.java:340)
	at org.apache.ratis.thirdparty.io.netty.channel.nio.NioEventLoop.processSelectedKey(NioEventLoop.java:632)
	at org.apache.ratis.thirdparty.io.netty.channel.nio.NioEventLoop.processSelectedKeysOptimized(NioEventLoop.java:579)
	at org.apache.ratis.thirdparty.io.netty.channel.nio.NioEventLoop.processSelectedKeys(NioEventLoop.java:496)
	at org.apache.ratis.thirdparty.io.netty.channel.nio.NioEventLoop.run(NioEventLoop.java:458)
	at org.apache.ratis.thirdparty.io.netty.util.concurrent.SingleThreadEventExecutor$5.run(SingleThreadEventExecutor.java:897)
	at org.apache.ratis.thirdparty.io.netty.util.concurrent.FastThreadLocalRunnable.run(FastThreadLocalRunnable.java:30)
	... 1 more
Caused by: java.net.ConnectException: Connection refused
	... 11 more
2019-09-28 01:15:12,462 [7ca580e1-9483-43e9-999f-08065f5f46f8@group-3679665D126C:LeaderElection34] INFO  impl.LeaderElection (LogUtils.java:infoOrTrace(149)) - 7ca580e1-9483-43e9-999f-08065f5f46f8@group-3679665D126C:LeaderElection34 got exception when requesting votes: {}
java.util.concurrent.ExecutionException: org.apache.ratis.thirdparty.io.grpc.StatusRuntimeException: UNAVAILABLE: io exception
	at java.util.concurrent.FutureTask.report(FutureTask.java:122)
	at java.util.concurrent.FutureTask.get(FutureTask.java:192)
	at org.apache.ratis.server.impl.LeaderElection.waitForResults(LeaderElection.java:263)
	at org.apache.ratis.server.impl.LeaderElection.askForVotes(LeaderElection.java:201)
	at org.apache.ratis.server.impl.LeaderElection.run(LeaderElection.java:133)
	at java.lang.Thread.run(Thread.java:748)
Caused by: org.apache.ratis.thirdparty.io.grpc.StatusRuntimeException: UNAVAILABLE: io exception
	at org.apache.ratis.thirdparty.io.grpc.stub.ClientCalls.toStatusRuntimeException(ClientCalls.java:233)
	at org.apache.ratis.thirdparty.io.grpc.stub.ClientCalls.getUnchecked(ClientCalls.java:214)
	at org.apache.ratis.thirdparty.io.grpc.stub.ClientCalls.blockingUnaryCall(ClientCalls.java:139)
	at org.apache.ratis.proto.grpc.RaftServerProtocolServiceGrpc$RaftServerProtocolServiceBlockingStub.requestVote(RaftServerProtocolServiceGrpc.java:265)
	at org.apache.ratis.grpc.server.GrpcServerProtocolClient.requestVote(GrpcServerProtocolClient.java:90)
	at org.apache.ratis.grpc.server.GrpcService.requestVote(GrpcService.java:204)
	at org.apache.ratis.server.impl.LeaderElection.lambda$submitRequests$1(LeaderElection.java:238)
	at java.util.concurrent.FutureTask.run(FutureTask.java:266)
	at java.util.concurrent.Executors$RunnableAdapter.call(Executors.java:511)
	at java.util.concurrent.FutureTask.run(FutureTask.java:266)
	at java.util.concurrent.ThreadPoolExecutor.runWorker(ThreadPoolExecutor.java:1149)
	at java.util.concurrent.ThreadPoolExecutor$Worker.run(ThreadPoolExecutor.java:624)
	... 1 more
Caused by: org.apache.ratis.thirdparty.io.netty.channel.AbstractChannel$AnnotatedConnectException: Connection refused: /192.168.151.82:34522
	at sun.nio.ch.SocketChannelImpl.checkConnect(Native Method)
	at sun.nio.ch.SocketChannelImpl.finishConnect(SocketChannelImpl.java:717)
	at org.apache.ratis.thirdparty.io.netty.channel.socket.nio.NioSocketChannel.doFinishConnect(NioSocketChannel.java:327)
	at org.apache.ratis.thirdparty.io.netty.channel.nio.AbstractNioChannel$AbstractNioUnsafe.finishConnect(AbstractNioChannel.java:340)
	at org.apache.ratis.thirdparty.io.netty.channel.nio.NioEventLoop.processSelectedKey(NioEventLoop.java:632)
	at org.apache.ratis.thirdparty.io.netty.channel.nio.NioEventLoop.processSelectedKeysOptimized(NioEventLoop.java:579)
	at org.apache.ratis.thirdparty.io.netty.channel.nio.NioEventLoop.processSelectedKeys(NioEventLoop.java:496)
	at org.apache.ratis.thirdparty.io.netty.channel.nio.NioEventLoop.run(NioEventLoop.java:458)
	at org.apache.ratis.thirdparty.io.netty.util.concurrent.SingleThreadEventExecutor$5.run(SingleThreadEventExecutor.java:897)
	at org.apache.ratis.thirdparty.io.netty.util.concurrent.FastThreadLocalRunnable.run(FastThreadLocalRunnable.java:30)
	... 1 more
Caused by: java.net.ConnectException: Connection refused
	... 11 more
2019-09-28 01:15:12,465 [7ca580e1-9483-43e9-999f-08065f5f46f8@group-3679665D126C:LeaderElection34] INFO  impl.LeaderElection (LeaderElection.java:logAndReturn(56)) - 7ca580e1-9483-43e9-999f-08065f5f46f8@group-3679665D126C:LeaderElection34: Election REJECTED; received 0 response(s) [] and 2 exception(s); 7ca580e1-9483-43e9-999f-08065f5f46f8@group-3679665D126C:t5, leader=null, voted=7ca580e1-9483-43e9-999f-08065f5f46f8, raftlog=7ca580e1-9483-43e9-999f-08065f5f46f8@group-3679665D126C-SegmentedRaftLog:OPENED:c2,f2,i2, conf=1: [7ca580e1-9483-43e9-999f-08065f5f46f8:192.168.151.82:39513, 726dacf1-2c06-45a9-9365-4f0196171786:192.168.151.82:39922, d8ea7beb-83bc-4703-8607-f43fb93ff04f:192.168.151.82:34522], old=null
2019-09-28 01:15:12,465 [7ca580e1-9483-43e9-999f-08065f5f46f8@group-3679665D126C:LeaderElection34] INFO  impl.LeaderElection (LogUtils.java:infoOrTrace(149)) -   Exception 0: {}
java.util.concurrent.ExecutionException: org.apache.ratis.thirdparty.io.grpc.StatusRuntimeException: UNAVAILABLE: io exception
	at java.util.concurrent.FutureTask.report(FutureTask.java:122)
	at java.util.concurrent.FutureTask.get(FutureTask.java:192)
	at org.apache.ratis.server.impl.LeaderElection.waitForResults(LeaderElection.java:263)
	at org.apache.ratis.server.impl.LeaderElection.askForVotes(LeaderElection.java:201)
	at org.apache.ratis.server.impl.LeaderElection.run(LeaderElection.java:133)
	at java.lang.Thread.run(Thread.java:748)
Caused by: org.apache.ratis.thirdparty.io.grpc.StatusRuntimeException: UNAVAILABLE: io exception
	at org.apache.ratis.thirdparty.io.grpc.stub.ClientCalls.toStatusRuntimeException(ClientCalls.java:233)
	at org.apache.ratis.thirdparty.io.grpc.stub.ClientCalls.getUnchecked(ClientCalls.java:214)
	at org.apache.ratis.thirdparty.io.grpc.stub.ClientCalls.blockingUnaryCall(ClientCalls.java:139)
	at org.apache.ratis.proto.grpc.RaftServerProtocolServiceGrpc$RaftServerProtocolServiceBlockingStub.requestVote(RaftServerProtocolServiceGrpc.java:265)
	at org.apache.ratis.grpc.server.GrpcServerProtocolClient.requestVote(GrpcServerProtocolClient.java:90)
	at org.apache.ratis.grpc.server.GrpcService.requestVote(GrpcService.java:204)
	at org.apache.ratis.server.impl.LeaderElection.lambda$submitRequests$1(LeaderElection.java:238)
	at java.util.concurrent.FutureTask.run(FutureTask.java:266)
	at java.util.concurrent.Executors$RunnableAdapter.call(Executors.java:511)
	at java.util.concurrent.FutureTask.run(FutureTask.java:266)
	at java.util.concurrent.ThreadPoolExecutor.runWorker(ThreadPoolExecutor.java:1149)
	at java.util.concurrent.ThreadPoolExecutor$Worker.run(ThreadPoolExecutor.java:624)
	... 1 more
Caused by: org.apache.ratis.thirdparty.io.netty.channel.AbstractChannel$AnnotatedConnectException: Connection refused: /192.168.151.82:39922
	at sun.nio.ch.SocketChannelImpl.checkConnect(Native Method)
	at sun.nio.ch.SocketChannelImpl.finishConnect(SocketChannelImpl.java:717)
	at org.apache.ratis.thirdparty.io.netty.channel.socket.nio.NioSocketChannel.doFinishConnect(NioSocketChannel.java:327)
	at org.apache.ratis.thirdparty.io.netty.channel.nio.AbstractNioChannel$AbstractNioUnsafe.finishConnect(AbstractNioChannel.java:340)
	at org.apache.ratis.thirdparty.io.netty.channel.nio.NioEventLoop.processSelectedKey(NioEventLoop.java:632)
	at org.apache.ratis.thirdparty.io.netty.channel.nio.NioEventLoop.processSelectedKeysOptimized(NioEventLoop.java:579)
	at org.apache.ratis.thirdparty.io.netty.channel.nio.NioEventLoop.processSelectedKeys(NioEventLoop.java:496)
	at org.apache.ratis.thirdparty.io.netty.channel.nio.NioEventLoop.run(NioEventLoop.java:458)
	at org.apache.ratis.thirdparty.io.netty.util.concurrent.SingleThreadEventExecutor$5.run(SingleThreadEventExecutor.java:897)
	at org.apache.ratis.thirdparty.io.netty.util.concurrent.FastThreadLocalRunnable.run(FastThreadLocalRunnable.java:30)
	... 1 more
Caused by: java.net.ConnectException: Connection refused
	... 11 more
2019-09-28 01:15:12,465 [7ca580e1-9483-43e9-999f-08065f5f46f8@group-3679665D126C:LeaderElection34] INFO  impl.LeaderElection (LogUtils.java:infoOrTrace(149)) -   Exception 1: {}
java.util.concurrent.ExecutionException: org.apache.ratis.thirdparty.io.grpc.StatusRuntimeException: UNAVAILABLE: io exception
	at java.util.concurrent.FutureTask.report(FutureTask.java:122)
	at java.util.concurrent.FutureTask.get(FutureTask.java:192)
	at org.apache.ratis.server.impl.LeaderElection.waitForResults(LeaderElection.java:263)
	at org.apache.ratis.server.impl.LeaderElection.askForVotes(LeaderElection.java:201)
	at org.apache.ratis.server.impl.LeaderElection.run(LeaderElection.java:133)
	at java.lang.Thread.run(Thread.java:748)
Caused by: org.apache.ratis.thirdparty.io.grpc.StatusRuntimeException: UNAVAILABLE: io exception
	at org.apache.ratis.thirdparty.io.grpc.stub.ClientCalls.toStatusRuntimeException(ClientCalls.java:233)
	at org.apache.ratis.thirdparty.io.grpc.stub.ClientCalls.getUnchecked(ClientCalls.java:214)
	at org.apache.ratis.thirdparty.io.grpc.stub.ClientCalls.blockingUnaryCall(ClientCalls.java:139)
	at org.apache.ratis.proto.grpc.RaftServerProtocolServiceGrpc$RaftServerProtocolServiceBlockingStub.requestVote(RaftServerProtocolServiceGrpc.java:265)
	at org.apache.ratis.grpc.server.GrpcServerProtocolClient.requestVote(GrpcServerProtocolClient.java:90)
	at org.apache.ratis.grpc.server.GrpcService.requestVote(GrpcService.java:204)
	at org.apache.ratis.server.impl.LeaderElection.lambda$submitRequests$1(LeaderElection.java:238)
	at java.util.concurrent.FutureTask.run(FutureTask.java:266)
	at java.util.concurrent.Executors$RunnableAdapter.call(Executors.java:511)
	at java.util.concurrent.FutureTask.run(FutureTask.java:266)
	at java.util.concurrent.ThreadPoolExecutor.runWorker(ThreadPoolExecutor.java:1149)
	at java.util.concurrent.ThreadPoolExecutor$Worker.run(ThreadPoolExecutor.java:624)
	... 1 more
Caused by: org.apache.ratis.thirdparty.io.netty.channel.AbstractChannel$AnnotatedConnectException: Connection refused: /192.168.151.82:34522
	at sun.nio.ch.SocketChannelImpl.checkConnect(Native Method)
	at sun.nio.ch.SocketChannelImpl.finishConnect(SocketChannelImpl.java:717)
	at org.apache.ratis.thirdparty.io.netty.channel.socket.nio.NioSocketChannel.doFinishConnect(NioSocketChannel.java:327)
	at org.apache.ratis.thirdparty.io.netty.channel.nio.AbstractNioChannel$AbstractNioUnsafe.finishConnect(AbstractNioChannel.java:340)
	at org.apache.ratis.thirdparty.io.netty.channel.nio.NioEventLoop.processSelectedKey(NioEventLoop.java:632)
	at org.apache.ratis.thirdparty.io.netty.channel.nio.NioEventLoop.processSelectedKeysOptimized(NioEventLoop.java:579)
	at org.apache.ratis.thirdparty.io.netty.channel.nio.NioEventLoop.processSelectedKeys(NioEventLoop.java:496)
	at org.apache.ratis.thirdparty.io.netty.channel.nio.NioEventLoop.run(NioEventLoop.java:458)
	at org.apache.ratis.thirdparty.io.netty.util.concurrent.SingleThreadEventExecutor$5.run(SingleThreadEventExecutor.java:897)
	at org.apache.ratis.thirdparty.io.netty.util.concurrent.FastThreadLocalRunnable.run(FastThreadLocalRunnable.java:30)
	... 1 more
Caused by: java.net.ConnectException: Connection refused
	... 11 more
2019-09-28 01:15:12,466 [7ca580e1-9483-43e9-999f-08065f5f46f8@group-3679665D126C:LeaderElection34] INFO  impl.RaftServerImpl (RaftServerImpl.java:setRole(174)) - 7ca580e1-9483-43e9-999f-08065f5f46f8@group-3679665D126C: changes role from CANDIDATE to FOLLOWER at term 5 for DISCOVERED_A_NEW_TERM
2019-09-28 01:15:12,471 [7ca580e1-9483-43e9-999f-08065f5f46f8@group-3679665D126C:LeaderElection34] INFO  impl.RoleInfo (RoleInfo.java:shutdownLeaderElection(134)) - 7ca580e1-9483-43e9-999f-08065f5f46f8: shutdown LeaderElection
2019-09-28 01:15:12,471 [7ca580e1-9483-43e9-999f-08065f5f46f8@group-3679665D126C:LeaderElection34] INFO  impl.RoleInfo (RoleInfo.java:updateAndGet(143)) - 7ca580e1-9483-43e9-999f-08065f5f46f8: start FollowerState
2019-09-28 01:15:12,897 [Thread-1908] INFO  impl.FollowerState (FollowerState.java:run(106)) - c5982eae-d64d-4d85-bf8e-680be3da7c97:group-F5D139EFAB30 changes to CANDIDATE, lastRpcTime:1124, electionTimeout:1122ms
2019-09-28 01:15:12,899 [Thread-1908] INFO  impl.RoleInfo (RoleInfo.java:shutdownFollowerState(121)) - c5982eae-d64d-4d85-bf8e-680be3da7c97: shutdown FollowerState
2019-09-28 01:15:12,899 [Thread-1908] INFO  impl.RaftServerImpl (RaftServerImpl.java:setRole(174)) - c5982eae-d64d-4d85-bf8e-680be3da7c97@group-F5D139EFAB30: changes role from  FOLLOWER to CANDIDATE at term 8 for changeToCandidate
2019-09-28 01:15:12,900 [Thread-1908] INFO  impl.RoleInfo (RoleInfo.java:updateAndGet(143)) - c5982eae-d64d-4d85-bf8e-680be3da7c97: start LeaderElection
2019-09-28 01:15:12,926 [c5982eae-d64d-4d85-bf8e-680be3da7c97@group-F5D139EFAB30:LeaderElection35] INFO  impl.LeaderElection (LeaderElection.java:askForVotes(182)) - c5982eae-d64d-4d85-bf8e-680be3da7c97@group-F5D139EFAB30:LeaderElection35: begin an election at term 9 for 0: [c5982eae-d64d-4d85-bf8e-680be3da7c97:192.168.151.82:39895, 8a2f89dc-5374-4145-86d1-b1660ecca13e:192.168.151.82:46179, d2027d58-a939-4807-998f-7c487ceff365:192.168.151.82:43961], old=null
2019-09-28 01:15:12,928 [c5982eae-d64d-4d85-bf8e-680be3da7c97@group-F5D139EFAB30:LeaderElection35] INFO  impl.LeaderElection (LogUtils.java:infoOrTrace(149)) - c5982eae-d64d-4d85-bf8e-680be3da7c97@group-F5D139EFAB30:LeaderElection35 got exception when requesting votes: {}
java.util.concurrent.ExecutionException: org.apache.ratis.thirdparty.io.grpc.StatusRuntimeException: UNAVAILABLE: io exception
	at java.util.concurrent.FutureTask.report(FutureTask.java:122)
	at java.util.concurrent.FutureTask.get(FutureTask.java:192)
	at org.apache.ratis.server.impl.LeaderElection.waitForResults(LeaderElection.java:263)
	at org.apache.ratis.server.impl.LeaderElection.askForVotes(LeaderElection.java:201)
	at org.apache.ratis.server.impl.LeaderElection.run(LeaderElection.java:133)
	at java.lang.Thread.run(Thread.java:748)
Caused by: org.apache.ratis.thirdparty.io.grpc.StatusRuntimeException: UNAVAILABLE: io exception
	at org.apache.ratis.thirdparty.io.grpc.stub.ClientCalls.toStatusRuntimeException(ClientCalls.java:233)
	at org.apache.ratis.thirdparty.io.grpc.stub.ClientCalls.getUnchecked(ClientCalls.java:214)
	at org.apache.ratis.thirdparty.io.grpc.stub.ClientCalls.blockingUnaryCall(ClientCalls.java:139)
	at org.apache.ratis.proto.grpc.RaftServerProtocolServiceGrpc$RaftServerProtocolServiceBlockingStub.requestVote(RaftServerProtocolServiceGrpc.java:265)
	at org.apache.ratis.grpc.server.GrpcServerProtocolClient.requestVote(GrpcServerProtocolClient.java:90)
	at org.apache.ratis.grpc.server.GrpcService.requestVote(GrpcService.java:204)
	at org.apache.ratis.server.impl.LeaderElection.lambda$submitRequests$1(LeaderElection.java:238)
	at java.util.concurrent.FutureTask.run(FutureTask.java:266)
	at java.util.concurrent.Executors$RunnableAdapter.call(Executors.java:511)
	at java.util.concurrent.FutureTask.run(FutureTask.java:266)
	at java.util.concurrent.ThreadPoolExecutor.runWorker(ThreadPoolExecutor.java:1149)
	at java.util.concurrent.ThreadPoolExecutor$Worker.run(ThreadPoolExecutor.java:624)
	... 1 more
Caused by: org.apache.ratis.thirdparty.io.netty.channel.AbstractChannel$AnnotatedConnectException: Connection refused: /192.168.151.82:46179
	at sun.nio.ch.SocketChannelImpl.checkConnect(Native Method)
	at sun.nio.ch.SocketChannelImpl.finishConnect(SocketChannelImpl.java:717)
	at org.apache.ratis.thirdparty.io.netty.channel.socket.nio.NioSocketChannel.doFinishConnect(NioSocketChannel.java:327)
	at org.apache.ratis.thirdparty.io.netty.channel.nio.AbstractNioChannel$AbstractNioUnsafe.finishConnect(AbstractNioChannel.java:340)
	at org.apache.ratis.thirdparty.io.netty.channel.nio.NioEventLoop.processSelectedKey(NioEventLoop.java:632)
	at org.apache.ratis.thirdparty.io.netty.channel.nio.NioEventLoop.processSelectedKeysOptimized(NioEventLoop.java:579)
	at org.apache.ratis.thirdparty.io.netty.channel.nio.NioEventLoop.processSelectedKeys(NioEventLoop.java:496)
	at org.apache.ratis.thirdparty.io.netty.channel.nio.NioEventLoop.run(NioEventLoop.java:458)
	at org.apache.ratis.thirdparty.io.netty.util.concurrent.SingleThreadEventExecutor$5.run(SingleThreadEventExecutor.java:897)
	at org.apache.ratis.thirdparty.io.netty.util.concurrent.FastThreadLocalRunnable.run(FastThreadLocalRunnable.java:30)
	... 1 more
Caused by: java.net.ConnectException: Connection refused
	... 11 more
2019-09-28 01:15:12,931 [c5982eae-d64d-4d85-bf8e-680be3da7c97@group-F5D139EFAB30:LeaderElection35] INFO  impl.LeaderElection (LogUtils.java:infoOrTrace(149)) - c5982eae-d64d-4d85-bf8e-680be3da7c97@group-F5D139EFAB30:LeaderElection35 got exception when requesting votes: {}
java.util.concurrent.ExecutionException: org.apache.ratis.thirdparty.io.grpc.StatusRuntimeException: UNAVAILABLE: io exception
	at java.util.concurrent.FutureTask.report(FutureTask.java:122)
	at java.util.concurrent.FutureTask.get(FutureTask.java:192)
	at org.apache.ratis.server.impl.LeaderElection.waitForResults(LeaderElection.java:263)
	at org.apache.ratis.server.impl.LeaderElection.askForVotes(LeaderElection.java:201)
	at org.apache.ratis.server.impl.LeaderElection.run(LeaderElection.java:133)
	at java.lang.Thread.run(Thread.java:748)
Caused by: org.apache.ratis.thirdparty.io.grpc.StatusRuntimeException: UNAVAILABLE: io exception
	at org.apache.ratis.thirdparty.io.grpc.stub.ClientCalls.toStatusRuntimeException(ClientCalls.java:233)
	at org.apache.ratis.thirdparty.io.grpc.stub.ClientCalls.getUnchecked(ClientCalls.java:214)
	at org.apache.ratis.thirdparty.io.grpc.stub.ClientCalls.blockingUnaryCall(ClientCalls.java:139)
	at org.apache.ratis.proto.grpc.RaftServerProtocolServiceGrpc$RaftServerProtocolServiceBlockingStub.requestVote(RaftServerProtocolServiceGrpc.java:265)
	at org.apache.ratis.grpc.server.GrpcServerProtocolClient.requestVote(GrpcServerProtocolClient.java:90)
	at org.apache.ratis.grpc.server.GrpcService.requestVote(GrpcService.java:204)
	at org.apache.ratis.server.impl.LeaderElection.lambda$submitRequests$1(LeaderElection.java:238)
	at java.util.concurrent.FutureTask.run(FutureTask.java:266)
	at java.util.concurrent.Executors$RunnableAdapter.call(Executors.java:511)
	at java.util.concurrent.FutureTask.run(FutureTask.java:266)
	at java.util.concurrent.ThreadPoolExecutor.runWorker(ThreadPoolExecutor.java:1149)
	at java.util.concurrent.ThreadPoolExecutor$Worker.run(ThreadPoolExecutor.java:624)
	... 1 more
Caused by: org.apache.ratis.thirdparty.io.netty.channel.AbstractChannel$AnnotatedConnectException: Connection refused: /192.168.151.82:43961
	at sun.nio.ch.SocketChannelImpl.checkConnect(Native Method)
	at sun.nio.ch.SocketChannelImpl.finishConnect(SocketChannelImpl.java:717)
	at org.apache.ratis.thirdparty.io.netty.channel.socket.nio.NioSocketChannel.doFinishConnect(NioSocketChannel.java:327)
	at org.apache.ratis.thirdparty.io.netty.channel.nio.AbstractNioChannel$AbstractNioUnsafe.finishConnect(AbstractNioChannel.java:340)
	at org.apache.ratis.thirdparty.io.netty.channel.nio.NioEventLoop.processSelectedKey(NioEventLoop.java:632)
	at org.apache.ratis.thirdparty.io.netty.channel.nio.NioEventLoop.processSelectedKeysOptimized(NioEventLoop.java:579)
	at org.apache.ratis.thirdparty.io.netty.channel.nio.NioEventLoop.processSelectedKeys(NioEventLoop.java:496)
	at org.apache.ratis.thirdparty.io.netty.channel.nio.NioEventLoop.run(NioEventLoop.java:458)
	at org.apache.ratis.thirdparty.io.netty.util.concurrent.SingleThreadEventExecutor$5.run(SingleThreadEventExecutor.java:897)
	at org.apache.ratis.thirdparty.io.netty.util.concurrent.FastThreadLocalRunnable.run(FastThreadLocalRunnable.java:30)
	... 1 more
Caused by: java.net.ConnectException: Connection refused
	... 11 more
2019-09-28 01:15:12,933 [c5982eae-d64d-4d85-bf8e-680be3da7c97@group-F5D139EFAB30:LeaderElection35] INFO  impl.LeaderElection (LeaderElection.java:logAndReturn(56)) - c5982eae-d64d-4d85-bf8e-680be3da7c97@group-F5D139EFAB30:LeaderElection35: Election REJECTED; received 0 response(s) [] and 2 exception(s); c5982eae-d64d-4d85-bf8e-680be3da7c97@group-F5D139EFAB30:t9, leader=null, voted=c5982eae-d64d-4d85-bf8e-680be3da7c97, raftlog=c5982eae-d64d-4d85-bf8e-680be3da7c97@group-F5D139EFAB30-SegmentedRaftLog:OPENED:c0,f0,i0, conf=0: [c5982eae-d64d-4d85-bf8e-680be3da7c97:192.168.151.82:39895, 8a2f89dc-5374-4145-86d1-b1660ecca13e:192.168.151.82:46179, d2027d58-a939-4807-998f-7c487ceff365:192.168.151.82:43961], old=null
2019-09-28 01:15:12,933 [c5982eae-d64d-4d85-bf8e-680be3da7c97@group-F5D139EFAB30:LeaderElection35] INFO  impl.LeaderElection (LogUtils.java:infoOrTrace(149)) -   Exception 0: {}
java.util.concurrent.ExecutionException: org.apache.ratis.thirdparty.io.grpc.StatusRuntimeException: UNAVAILABLE: io exception
	at java.util.concurrent.FutureTask.report(FutureTask.java:122)
	at java.util.concurrent.FutureTask.get(FutureTask.java:192)
	at org.apache.ratis.server.impl.LeaderElection.waitForResults(LeaderElection.java:263)
	at org.apache.ratis.server.impl.LeaderElection.askForVotes(LeaderElection.java:201)
	at org.apache.ratis.server.impl.LeaderElection.run(LeaderElection.java:133)
	at java.lang.Thread.run(Thread.java:748)
Caused by: org.apache.ratis.thirdparty.io.grpc.StatusRuntimeException: UNAVAILABLE: io exception
	at org.apache.ratis.thirdparty.io.grpc.stub.ClientCalls.toStatusRuntimeException(ClientCalls.java:233)
	at org.apache.ratis.thirdparty.io.grpc.stub.ClientCalls.getUnchecked(ClientCalls.java:214)
	at org.apache.ratis.thirdparty.io.grpc.stub.ClientCalls.blockingUnaryCall(ClientCalls.java:139)
	at org.apache.ratis.proto.grpc.RaftServerProtocolServiceGrpc$RaftServerProtocolServiceBlockingStub.requestVote(RaftServerProtocolServiceGrpc.java:265)
	at org.apache.ratis.grpc.server.GrpcServerProtocolClient.requestVote(GrpcServerProtocolClient.java:90)
	at org.apache.ratis.grpc.server.GrpcService.requestVote(GrpcService.java:204)
	at org.apache.ratis.server.impl.LeaderElection.lambda$submitRequests$1(LeaderElection.java:238)
	at java.util.concurrent.FutureTask.run(FutureTask.java:266)
	at java.util.concurrent.Executors$RunnableAdapter.call(Executors.java:511)
	at java.util.concurrent.FutureTask.run(FutureTask.java:266)
	at java.util.concurrent.ThreadPoolExecutor.runWorker(ThreadPoolExecutor.java:1149)
	at java.util.concurrent.ThreadPoolExecutor$Worker.run(ThreadPoolExecutor.java:624)
	... 1 more
Caused by: org.apache.ratis.thirdparty.io.netty.channel.AbstractChannel$AnnotatedConnectException: Connection refused: /192.168.151.82:46179
	at sun.nio.ch.SocketChannelImpl.checkConnect(Native Method)
	at sun.nio.ch.SocketChannelImpl.finishConnect(SocketChannelImpl.java:717)
	at org.apache.ratis.thirdparty.io.netty.channel.socket.nio.NioSocketChannel.doFinishConnect(NioSocketChannel.java:327)
	at org.apache.ratis.thirdparty.io.netty.channel.nio.AbstractNioChannel$AbstractNioUnsafe.finishConnect(AbstractNioChannel.java:340)
	at org.apache.ratis.thirdparty.io.netty.channel.nio.NioEventLoop.processSelectedKey(NioEventLoop.java:632)
	at org.apache.ratis.thirdparty.io.netty.channel.nio.NioEventLoop.processSelectedKeysOptimized(NioEventLoop.java:579)
	at org.apache.ratis.thirdparty.io.netty.channel.nio.NioEventLoop.processSelectedKeys(NioEventLoop.java:496)
	at org.apache.ratis.thirdparty.io.netty.channel.nio.NioEventLoop.run(NioEventLoop.java:458)
	at org.apache.ratis.thirdparty.io.netty.util.concurrent.SingleThreadEventExecutor$5.run(SingleThreadEventExecutor.java:897)
	at org.apache.ratis.thirdparty.io.netty.util.concurrent.FastThreadLocalRunnable.run(FastThreadLocalRunnable.java:30)
	... 1 more
Caused by: java.net.ConnectException: Connection refused
	... 11 more
2019-09-28 01:15:12,934 [c5982eae-d64d-4d85-bf8e-680be3da7c97@group-F5D139EFAB30:LeaderElection35] INFO  impl.LeaderElection (LogUtils.java:infoOrTrace(149)) -   Exception 1: {}
java.util.concurrent.ExecutionException: org.apache.ratis.thirdparty.io.grpc.StatusRuntimeException: UNAVAILABLE: io exception
	at java.util.concurrent.FutureTask.report(FutureTask.java:122)
	at java.util.concurrent.FutureTask.get(FutureTask.java:192)
	at org.apache.ratis.server.impl.LeaderElection.waitForResults(LeaderElection.java:263)
	at org.apache.ratis.server.impl.LeaderElection.askForVotes(LeaderElection.java:201)
	at org.apache.ratis.server.impl.LeaderElection.run(LeaderElection.java:133)
	at java.lang.Thread.run(Thread.java:748)
Caused by: org.apache.ratis.thirdparty.io.grpc.StatusRuntimeException: UNAVAILABLE: io exception
	at org.apache.ratis.thirdparty.io.grpc.stub.ClientCalls.toStatusRuntimeException(ClientCalls.java:233)
	at org.apache.ratis.thirdparty.io.grpc.stub.ClientCalls.getUnchecked(ClientCalls.java:214)
	at org.apache.ratis.thirdparty.io.grpc.stub.ClientCalls.blockingUnaryCall(ClientCalls.java:139)
	at org.apache.ratis.proto.grpc.RaftServerProtocolServiceGrpc$RaftServerProtocolServiceBlockingStub.requestVote(RaftServerProtocolServiceGrpc.java:265)
	at org.apache.ratis.grpc.server.GrpcServerProtocolClient.requestVote(GrpcServerProtocolClient.java:90)
	at org.apache.ratis.grpc.server.GrpcService.requestVote(GrpcService.java:204)
	at org.apache.ratis.server.impl.LeaderElection.lambda$submitRequests$1(LeaderElection.java:238)
	at java.util.concurrent.FutureTask.run(FutureTask.java:266)
	at java.util.concurrent.Executors$RunnableAdapter.call(Executors.java:511)
	at java.util.concurrent.FutureTask.run(FutureTask.java:266)
	at java.util.concurrent.ThreadPoolExecutor.runWorker(ThreadPoolExecutor.java:1149)
	at java.util.concurrent.ThreadPoolExecutor$Worker.run(ThreadPoolExecutor.java:624)
	... 1 more
Caused by: org.apache.ratis.thirdparty.io.netty.channel.AbstractChannel$AnnotatedConnectException: Connection refused: /192.168.151.82:43961
	at sun.nio.ch.SocketChannelImpl.checkConnect(Native Method)
	at sun.nio.ch.SocketChannelImpl.finishConnect(SocketChannelImpl.java:717)
	at org.apache.ratis.thirdparty.io.netty.channel.socket.nio.NioSocketChannel.doFinishConnect(NioSocketChannel.java:327)
	at org.apache.ratis.thirdparty.io.netty.channel.nio.AbstractNioChannel$AbstractNioUnsafe.finishConnect(AbstractNioChannel.java:340)
	at org.apache.ratis.thirdparty.io.netty.channel.nio.NioEventLoop.processSelectedKey(NioEventLoop.java:632)
	at org.apache.ratis.thirdparty.io.netty.channel.nio.NioEventLoop.processSelectedKeysOptimized(NioEventLoop.java:579)
	at org.apache.ratis.thirdparty.io.netty.channel.nio.NioEventLoop.processSelectedKeys(NioEventLoop.java:496)
	at org.apache.ratis.thirdparty.io.netty.channel.nio.NioEventLoop.run(NioEventLoop.java:458)
	at org.apache.ratis.thirdparty.io.netty.util.concurrent.SingleThreadEventExecutor$5.run(SingleThreadEventExecutor.java:897)
	at org.apache.ratis.thirdparty.io.netty.util.concurrent.FastThreadLocalRunnable.run(FastThreadLocalRunnable.java:30)
	... 1 more
Caused by: java.net.ConnectException: Connection refused
	... 11 more
2019-09-28 01:15:12,935 [c5982eae-d64d-4d85-bf8e-680be3da7c97@group-F5D139EFAB30:LeaderElection35] INFO  impl.RaftServerImpl (RaftServerImpl.java:setRole(174)) - c5982eae-d64d-4d85-bf8e-680be3da7c97@group-F5D139EFAB30: changes role from CANDIDATE to FOLLOWER at term 9 for DISCOVERED_A_NEW_TERM
2019-09-28 01:15:12,937 [c5982eae-d64d-4d85-bf8e-680be3da7c97@group-F5D139EFAB30:LeaderElection35] INFO  impl.RoleInfo (RoleInfo.java:shutdownLeaderElection(134)) - c5982eae-d64d-4d85-bf8e-680be3da7c97: shutdown LeaderElection
2019-09-28 01:15:12,937 [c5982eae-d64d-4d85-bf8e-680be3da7c97@group-F5D139EFAB30:LeaderElection35] INFO  impl.RoleInfo (RoleInfo.java:updateAndGet(143)) - c5982eae-d64d-4d85-bf8e-680be3da7c97: start FollowerState
2019-09-28 01:15:13,502 [Thread-1912] INFO  impl.FollowerState (FollowerState.java:run(106)) - e82472fe-71fb-4472-b416-5021845f2f54:group-6BFCA60A2FDA changes to CANDIDATE, lastRpcTime:1096, electionTimeout:1094ms
2019-09-28 01:15:13,505 [Thread-1912] INFO  impl.RoleInfo (RoleInfo.java:shutdownFollowerState(121)) - e82472fe-71fb-4472-b416-5021845f2f54: shutdown FollowerState
2019-09-28 01:15:13,505 [Thread-1912] INFO  impl.RaftServerImpl (RaftServerImpl.java:setRole(174)) - e82472fe-71fb-4472-b416-5021845f2f54@group-6BFCA60A2FDA: changes role from  FOLLOWER to CANDIDATE at term 4 for changeToCandidate
2019-09-28 01:15:13,505 [Thread-1912] INFO  impl.RoleInfo (RoleInfo.java:updateAndGet(143)) - e82472fe-71fb-4472-b416-5021845f2f54: start LeaderElection
2019-09-28 01:15:13,521 [e82472fe-71fb-4472-b416-5021845f2f54@group-6BFCA60A2FDA:LeaderElection36] INFO  impl.LeaderElection (LeaderElection.java:askForVotes(182)) - e82472fe-71fb-4472-b416-5021845f2f54@group-6BFCA60A2FDA:LeaderElection36: begin an election at term 5 for 0: [cab9505b-c3df-4889-be4c-e0933a387faa:192.168.151.82:36450, 8bf5c620-efb5-49b6-a768-f4179fc43006:192.168.151.82:41397, e82472fe-71fb-4472-b416-5021845f2f54:192.168.151.82:44038], old=null
2019-09-28 01:15:13,522 [e82472fe-71fb-4472-b416-5021845f2f54@group-6BFCA60A2FDA:LeaderElection36] INFO  impl.LeaderElection (LogUtils.java:infoOrTrace(149)) - e82472fe-71fb-4472-b416-5021845f2f54@group-6BFCA60A2FDA:LeaderElection36 got exception when requesting votes: {}
java.util.concurrent.ExecutionException: org.apache.ratis.thirdparty.io.grpc.StatusRuntimeException: UNAVAILABLE: io exception
	at java.util.concurrent.FutureTask.report(FutureTask.java:122)
	at java.util.concurrent.FutureTask.get(FutureTask.java:192)
	at org.apache.ratis.server.impl.LeaderElection.waitForResults(LeaderElection.java:263)
	at org.apache.ratis.server.impl.LeaderElection.askForVotes(LeaderElection.java:201)
	at org.apache.ratis.server.impl.LeaderElection.run(LeaderElection.java:133)
	at java.lang.Thread.run(Thread.java:748)
Caused by: org.apache.ratis.thirdparty.io.grpc.StatusRuntimeException: UNAVAILABLE: io exception
	at org.apache.ratis.thirdparty.io.grpc.stub.ClientCalls.toStatusRuntimeException(ClientCalls.java:233)
	at org.apache.ratis.thirdparty.io.grpc.stub.ClientCalls.getUnchecked(ClientCalls.java:214)
	at org.apache.ratis.thirdparty.io.grpc.stub.ClientCalls.blockingUnaryCall(ClientCalls.java:139)
	at org.apache.ratis.proto.grpc.RaftServerProtocolServiceGrpc$RaftServerProtocolServiceBlockingStub.requestVote(RaftServerProtocolServiceGrpc.java:265)
	at org.apache.ratis.grpc.server.GrpcServerProtocolClient.requestVote(GrpcServerProtocolClient.java:90)
	at org.apache.ratis.grpc.server.GrpcService.requestVote(GrpcService.java:204)
	at org.apache.ratis.server.impl.LeaderElection.lambda$submitRequests$1(LeaderElection.java:238)
	at java.util.concurrent.FutureTask.run(FutureTask.java:266)
	at java.util.concurrent.Executors$RunnableAdapter.call(Executors.java:511)
	at java.util.concurrent.FutureTask.run(FutureTask.java:266)
	at java.util.concurrent.ThreadPoolExecutor.runWorker(ThreadPoolExecutor.java:1149)
	at java.util.concurrent.ThreadPoolExecutor$Worker.run(ThreadPoolExecutor.java:624)
	... 1 more
Caused by: org.apache.ratis.thirdparty.io.netty.channel.AbstractChannel$AnnotatedConnectException: Connection refused: /192.168.151.82:36450
	at sun.nio.ch.SocketChannelImpl.checkConnect(Native Method)
	at sun.nio.ch.SocketChannelImpl.finishConnect(SocketChannelImpl.java:717)
	at org.apache.ratis.thirdparty.io.netty.channel.socket.nio.NioSocketChannel.doFinishConnect(NioSocketChannel.java:327)
	at org.apache.ratis.thirdparty.io.netty.channel.nio.AbstractNioChannel$AbstractNioUnsafe.finishConnect(AbstractNioChannel.java:340)
	at org.apache.ratis.thirdparty.io.netty.channel.nio.NioEventLoop.processSelectedKey(NioEventLoop.java:632)
	at org.apache.ratis.thirdparty.io.netty.channel.nio.NioEventLoop.processSelectedKeysOptimized(NioEventLoop.java:579)
	at org.apache.ratis.thirdparty.io.netty.channel.nio.NioEventLoop.processSelectedKeys(NioEventLoop.java:496)
	at org.apache.ratis.thirdparty.io.netty.channel.nio.NioEventLoop.run(NioEventLoop.java:458)
	at org.apache.ratis.thirdparty.io.netty.util.concurrent.SingleThreadEventExecutor$5.run(SingleThreadEventExecutor.java:897)
	at org.apache.ratis.thirdparty.io.netty.util.concurrent.FastThreadLocalRunnable.run(FastThreadLocalRunnable.java:30)
	... 1 more
Caused by: java.net.ConnectException: Connection refused
	... 11 more
2019-09-28 01:15:13,524 [e82472fe-71fb-4472-b416-5021845f2f54@group-6BFCA60A2FDA:LeaderElection36] INFO  impl.LeaderElection (LogUtils.java:infoOrTrace(149)) - e82472fe-71fb-4472-b416-5021845f2f54@group-6BFCA60A2FDA:LeaderElection36 got exception when requesting votes: {}
java.util.concurrent.ExecutionException: org.apache.ratis.thirdparty.io.grpc.StatusRuntimeException: UNAVAILABLE: io exception
	at java.util.concurrent.FutureTask.report(FutureTask.java:122)
	at java.util.concurrent.FutureTask.get(FutureTask.java:192)
	at org.apache.ratis.server.impl.LeaderElection.waitForResults(LeaderElection.java:263)
	at org.apache.ratis.server.impl.LeaderElection.askForVotes(LeaderElection.java:201)
	at org.apache.ratis.server.impl.LeaderElection.run(LeaderElection.java:133)
	at java.lang.Thread.run(Thread.java:748)
Caused by: org.apache.ratis.thirdparty.io.grpc.StatusRuntimeException: UNAVAILABLE: io exception
	at org.apache.ratis.thirdparty.io.grpc.stub.ClientCalls.toStatusRuntimeException(ClientCalls.java:233)
	at org.apache.ratis.thirdparty.io.grpc.stub.ClientCalls.getUnchecked(ClientCalls.java:214)
	at org.apache.ratis.thirdparty.io.grpc.stub.ClientCalls.blockingUnaryCall(ClientCalls.java:139)
	at org.apache.ratis.proto.grpc.RaftServerProtocolServiceGrpc$RaftServerProtocolServiceBlockingStub.requestVote(RaftServerProtocolServiceGrpc.java:265)
	at org.apache.ratis.grpc.server.GrpcServerProtocolClient.requestVote(GrpcServerProtocolClient.java:90)
	at org.apache.ratis.grpc.server.GrpcService.requestVote(GrpcService.java:204)
	at org.apache.ratis.server.impl.LeaderElection.lambda$submitRequests$1(LeaderElection.java:238)
	at java.util.concurrent.FutureTask.run(FutureTask.java:266)
	at java.util.concurrent.Executors$RunnableAdapter.call(Executors.java:511)
	at java.util.concurrent.FutureTask.run(FutureTask.java:266)
	at java.util.concurrent.ThreadPoolExecutor.runWorker(ThreadPoolExecutor.java:1149)
	at java.util.concurrent.ThreadPoolExecutor$Worker.run(ThreadPoolExecutor.java:624)
	... 1 more
Caused by: org.apache.ratis.thirdparty.io.netty.channel.AbstractChannel$AnnotatedConnectException: Connection refused: /192.168.151.82:41397
	at sun.nio.ch.SocketChannelImpl.checkConnect(Native Method)
	at sun.nio.ch.SocketChannelImpl.finishConnect(SocketChannelImpl.java:717)
	at org.apache.ratis.thirdparty.io.netty.channel.socket.nio.NioSocketChannel.doFinishConnect(NioSocketChannel.java:327)
	at org.apache.ratis.thirdparty.io.netty.channel.nio.AbstractNioChannel$AbstractNioUnsafe.finishConnect(AbstractNioChannel.java:340)
	at org.apache.ratis.thirdparty.io.netty.channel.nio.NioEventLoop.processSelectedKey(NioEventLoop.java:632)
	at org.apache.ratis.thirdparty.io.netty.channel.nio.NioEventLoop.processSelectedKeysOptimized(NioEventLoop.java:579)
	at org.apache.ratis.thirdparty.io.netty.channel.nio.NioEventLoop.processSelectedKeys(NioEventLoop.java:496)
	at org.apache.ratis.thirdparty.io.netty.channel.nio.NioEventLoop.run(NioEventLoop.java:458)
	at org.apache.ratis.thirdparty.io.netty.util.concurrent.SingleThreadEventExecutor$5.run(SingleThreadEventExecutor.java:897)
	at org.apache.ratis.thirdparty.io.netty.util.concurrent.FastThreadLocalRunnable.run(FastThreadLocalRunnable.java:30)
	... 1 more
Caused by: java.net.ConnectException: Connection refused
	... 11 more
2019-09-28 01:15:13,526 [e82472fe-71fb-4472-b416-5021845f2f54@group-6BFCA60A2FDA:LeaderElection36] INFO  impl.LeaderElection (LeaderElection.java:logAndReturn(56)) - e82472fe-71fb-4472-b416-5021845f2f54@group-6BFCA60A2FDA:LeaderElection36: Election REJECTED; received 0 response(s) [] and 2 exception(s); e82472fe-71fb-4472-b416-5021845f2f54@group-6BFCA60A2FDA:t5, leader=null, voted=e82472fe-71fb-4472-b416-5021845f2f54, raftlog=e82472fe-71fb-4472-b416-5021845f2f54@group-6BFCA60A2FDA-SegmentedRaftLog:OPENED:c0,f0,i0, conf=0: [cab9505b-c3df-4889-be4c-e0933a387faa:192.168.151.82:36450, 8bf5c620-efb5-49b6-a768-f4179fc43006:192.168.151.82:41397, e82472fe-71fb-4472-b416-5021845f2f54:192.168.151.82:44038], old=null
2019-09-28 01:15:13,526 [e82472fe-71fb-4472-b416-5021845f2f54@group-6BFCA60A2FDA:LeaderElection36] INFO  impl.LeaderElection (LogUtils.java:infoOrTrace(149)) -   Exception 0: {}
java.util.concurrent.ExecutionException: org.apache.ratis.thirdparty.io.grpc.StatusRuntimeException: UNAVAILABLE: io exception
	at java.util.concurrent.FutureTask.report(FutureTask.java:122)
	at java.util.concurrent.FutureTask.get(FutureTask.java:192)
	at org.apache.ratis.server.impl.LeaderElection.waitForResults(LeaderElection.java:263)
	at org.apache.ratis.server.impl.LeaderElection.askForVotes(LeaderElection.java:201)
	at org.apache.ratis.server.impl.LeaderElection.run(LeaderElection.java:133)
	at java.lang.Thread.run(Thread.java:748)
Caused by: org.apache.ratis.thirdparty.io.grpc.StatusRuntimeException: UNAVAILABLE: io exception
	at org.apache.ratis.thirdparty.io.grpc.stub.ClientCalls.toStatusRuntimeException(ClientCalls.java:233)
	at org.apache.ratis.thirdparty.io.grpc.stub.ClientCalls.getUnchecked(ClientCalls.java:214)
	at org.apache.ratis.thirdparty.io.grpc.stub.ClientCalls.blockingUnaryCall(ClientCalls.java:139)
	at org.apache.ratis.proto.grpc.RaftServerProtocolServiceGrpc$RaftServerProtocolServiceBlockingStub.requestVote(RaftServerProtocolServiceGrpc.java:265)
	at org.apache.ratis.grpc.server.GrpcServerProtocolClient.requestVote(GrpcServerProtocolClient.java:90)
	at org.apache.ratis.grpc.server.GrpcService.requestVote(GrpcService.java:204)
	at org.apache.ratis.server.impl.LeaderElection.lambda$submitRequests$1(LeaderElection.java:238)
	at java.util.concurrent.FutureTask.run(FutureTask.java:266)
	at java.util.concurrent.Executors$RunnableAdapter.call(Executors.java:511)
	at java.util.concurrent.FutureTask.run(FutureTask.java:266)
	at java.util.concurrent.ThreadPoolExecutor.runWorker(ThreadPoolExecutor.java:1149)
	at java.util.concurrent.ThreadPoolExecutor$Worker.run(ThreadPoolExecutor.java:624)
	... 1 more
Caused by: org.apache.ratis.thirdparty.io.netty.channel.AbstractChannel$AnnotatedConnectException: Connection refused: /192.168.151.82:36450
	at sun.nio.ch.SocketChannelImpl.checkConnect(Native Method)
	at sun.nio.ch.SocketChannelImpl.finishConnect(SocketChannelImpl.java:717)
	at org.apache.ratis.thirdparty.io.netty.channel.socket.nio.NioSocketChannel.doFinishConnect(NioSocketChannel.java:327)
	at org.apache.ratis.thirdparty.io.netty.channel.nio.AbstractNioChannel$AbstractNioUnsafe.finishConnect(AbstractNioChannel.java:340)
	at org.apache.ratis.thirdparty.io.netty.channel.nio.NioEventLoop.processSelectedKey(NioEventLoop.java:632)
	at org.apache.ratis.thirdparty.io.netty.channel.nio.NioEventLoop.processSelectedKeysOptimized(NioEventLoop.java:579)
	at org.apache.ratis.thirdparty.io.netty.channel.nio.NioEventLoop.processSelectedKeys(NioEventLoop.java:496)
	at org.apache.ratis.thirdparty.io.netty.channel.nio.NioEventLoop.run(NioEventLoop.java:458)
	at org.apache.ratis.thirdparty.io.netty.util.concurrent.SingleThreadEventExecutor$5.run(SingleThreadEventExecutor.java:897)
	at org.apache.ratis.thirdparty.io.netty.util.concurrent.FastThreadLocalRunnable.run(FastThreadLocalRunnable.java:30)
	... 1 more
Caused by: java.net.ConnectException: Connection refused
	... 11 more
2019-09-28 01:15:13,527 [e82472fe-71fb-4472-b416-5021845f2f54@group-6BFCA60A2FDA:LeaderElection36] INFO  impl.LeaderElection (LogUtils.java:infoOrTrace(149)) -   Exception 1: {}
java.util.concurrent.ExecutionException: org.apache.ratis.thirdparty.io.grpc.StatusRuntimeException: UNAVAILABLE: io exception
	at java.util.concurrent.FutureTask.report(FutureTask.java:122)
	at java.util.concurrent.FutureTask.get(FutureTask.java:192)
	at org.apache.ratis.server.impl.LeaderElection.waitForResults(LeaderElection.java:263)
	at org.apache.ratis.server.impl.LeaderElection.askForVotes(LeaderElection.java:201)
	at org.apache.ratis.server.impl.LeaderElection.run(LeaderElection.java:133)
	at java.lang.Thread.run(Thread.java:748)
Caused by: org.apache.ratis.thirdparty.io.grpc.StatusRuntimeException: UNAVAILABLE: io exception
	at org.apache.ratis.thirdparty.io.grpc.stub.ClientCalls.toStatusRuntimeException(ClientCalls.java:233)
	at org.apache.ratis.thirdparty.io.grpc.stub.ClientCalls.getUnchecked(ClientCalls.java:214)
	at org.apache.ratis.thirdparty.io.grpc.stub.ClientCalls.blockingUnaryCall(ClientCalls.java:139)
	at org.apache.ratis.proto.grpc.RaftServerProtocolServiceGrpc$RaftServerProtocolServiceBlockingStub.requestVote(RaftServerProtocolServiceGrpc.java:265)
	at org.apache.ratis.grpc.server.GrpcServerProtocolClient.requestVote(GrpcServerProtocolClient.java:90)
	at org.apache.ratis.grpc.server.GrpcService.requestVote(GrpcService.java:204)
	at org.apache.ratis.server.impl.LeaderElection.lambda$submitRequests$1(LeaderElection.java:238)
	at java.util.concurrent.FutureTask.run(FutureTask.java:266)
	at java.util.concurrent.Executors$RunnableAdapter.call(Executors.java:511)
	at java.util.concurrent.FutureTask.run(FutureTask.java:266)
	at java.util.concurrent.ThreadPoolExecutor.runWorker(ThreadPoolExecutor.java:1149)
	at java.util.concurrent.ThreadPoolExecutor$Worker.run(ThreadPoolExecutor.java:624)
	... 1 more
Caused by: org.apache.ratis.thirdparty.io.netty.channel.AbstractChannel$AnnotatedConnectException: Connection refused: /192.168.151.82:41397
	at sun.nio.ch.SocketChannelImpl.checkConnect(Native Method)
	at sun.nio.ch.SocketChannelImpl.finishConnect(SocketChannelImpl.java:717)
	at org.apache.ratis.thirdparty.io.netty.channel.socket.nio.NioSocketChannel.doFinishConnect(NioSocketChannel.java:327)
	at org.apache.ratis.thirdparty.io.netty.channel.nio.AbstractNioChannel$AbstractNioUnsafe.finishConnect(AbstractNioChannel.java:340)
	at org.apache.ratis.thirdparty.io.netty.channel.nio.NioEventLoop.processSelectedKey(NioEventLoop.java:632)
	at org.apache.ratis.thirdparty.io.netty.channel.nio.NioEventLoop.processSelectedKeysOptimized(NioEventLoop.java:579)
	at org.apache.ratis.thirdparty.io.netty.channel.nio.NioEventLoop.processSelectedKeys(NioEventLoop.java:496)
	at org.apache.ratis.thirdparty.io.netty.channel.nio.NioEventLoop.run(NioEventLoop.java:458)
	at org.apache.ratis.thirdparty.io.netty.util.concurrent.SingleThreadEventExecutor$5.run(SingleThreadEventExecutor.java:897)
	at org.apache.ratis.thirdparty.io.netty.util.concurrent.FastThreadLocalRunnable.run(FastThreadLocalRunnable.java:30)
	... 1 more
Caused by: java.net.ConnectException: Connection refused
	... 11 more
2019-09-28 01:15:13,527 [e82472fe-71fb-4472-b416-5021845f2f54@group-6BFCA60A2FDA:LeaderElection36] INFO  impl.RaftServerImpl (RaftServerImpl.java:setRole(174)) - e82472fe-71fb-4472-b416-5021845f2f54@group-6BFCA60A2FDA: changes role from CANDIDATE to FOLLOWER at term 5 for DISCOVERED_A_NEW_TERM
2019-09-28 01:15:13,529 [e82472fe-71fb-4472-b416-5021845f2f54@group-6BFCA60A2FDA:LeaderElection36] INFO  impl.RoleInfo (RoleInfo.java:shutdownLeaderElection(134)) - e82472fe-71fb-4472-b416-5021845f2f54: shutdown LeaderElection
2019-09-28 01:15:13,529 [e82472fe-71fb-4472-b416-5021845f2f54@group-6BFCA60A2FDA:LeaderElection36] INFO  impl.RoleInfo (RoleInfo.java:updateAndGet(143)) - e82472fe-71fb-4472-b416-5021845f2f54: start FollowerState
2019-09-28 01:15:13,669 [Thread-1916] INFO  impl.FollowerState (FollowerState.java:run(106)) - 7ca580e1-9483-43e9-999f-08065f5f46f8:group-3679665D126C changes to CANDIDATE, lastRpcTime:1197, electionTimeout:1197ms
2019-09-28 01:15:13,672 [Thread-1916] INFO  impl.RoleInfo (RoleInfo.java:shutdownFollowerState(121)) - 7ca580e1-9483-43e9-999f-08065f5f46f8: shutdown FollowerState
2019-09-28 01:15:13,672 [Thread-1916] INFO  impl.RaftServerImpl (RaftServerImpl.java:setRole(174)) - 7ca580e1-9483-43e9-999f-08065f5f46f8@group-3679665D126C: changes role from  FOLLOWER to CANDIDATE at term 5 for changeToCandidate
2019-09-28 01:15:13,672 [Thread-1916] INFO  impl.RoleInfo (RoleInfo.java:updateAndGet(143)) - 7ca580e1-9483-43e9-999f-08065f5f46f8: start LeaderElection
2019-09-28 01:15:13,689 [7ca580e1-9483-43e9-999f-08065f5f46f8@group-3679665D126C:LeaderElection37] INFO  impl.LeaderElection (LeaderElection.java:askForVotes(182)) - 7ca580e1-9483-43e9-999f-08065f5f46f8@group-3679665D126C:LeaderElection37: begin an election at term 6 for 1: [7ca580e1-9483-43e9-999f-08065f5f46f8:192.168.151.82:39513, 726dacf1-2c06-45a9-9365-4f0196171786:192.168.151.82:39922, d8ea7beb-83bc-4703-8607-f43fb93ff04f:192.168.151.82:34522], old=null
2019-09-28 01:15:13,690 [7ca580e1-9483-43e9-999f-08065f5f46f8@group-3679665D126C:LeaderElection37] INFO  impl.LeaderElection (LogUtils.java:infoOrTrace(149)) - 7ca580e1-9483-43e9-999f-08065f5f46f8@group-3679665D126C:LeaderElection37 got exception when requesting votes: {}
java.util.concurrent.ExecutionException: org.apache.ratis.thirdparty.io.grpc.StatusRuntimeException: UNAVAILABLE: io exception
	at java.util.concurrent.FutureTask.report(FutureTask.java:122)
	at java.util.concurrent.FutureTask.get(FutureTask.java:192)
	at org.apache.ratis.server.impl.LeaderElection.waitForResults(LeaderElection.java:263)
	at org.apache.ratis.server.impl.LeaderElection.askForVotes(LeaderElection.java:201)
	at org.apache.ratis.server.impl.LeaderElection.run(LeaderElection.java:133)
	at java.lang.Thread.run(Thread.java:748)
Caused by: org.apache.ratis.thirdparty.io.grpc.StatusRuntimeException: UNAVAILABLE: io exception
	at org.apache.ratis.thirdparty.io.grpc.stub.ClientCalls.toStatusRuntimeException(ClientCalls.java:233)
	at org.apache.ratis.thirdparty.io.grpc.stub.ClientCalls.getUnchecked(ClientCalls.java:214)
	at org.apache.ratis.thirdparty.io.grpc.stub.ClientCalls.blockingUnaryCall(ClientCalls.java:139)
	at org.apache.ratis.proto.grpc.RaftServerProtocolServiceGrpc$RaftServerProtocolServiceBlockingStub.requestVote(RaftServerProtocolServiceGrpc.java:265)
	at org.apache.ratis.grpc.server.GrpcServerProtocolClient.requestVote(GrpcServerProtocolClient.java:90)
	at org.apache.ratis.grpc.server.GrpcService.requestVote(GrpcService.java:204)
	at org.apache.ratis.server.impl.LeaderElection.lambda$submitRequests$1(LeaderElection.java:238)
	at java.util.concurrent.FutureTask.run(FutureTask.java:266)
	at java.util.concurrent.Executors$RunnableAdapter.call(Executors.java:511)
	at java.util.concurrent.FutureTask.run(FutureTask.java:266)
	at java.util.concurrent.ThreadPoolExecutor.runWorker(ThreadPoolExecutor.java:1149)
	at java.util.concurrent.ThreadPoolExecutor$Worker.run(ThreadPoolExecutor.java:624)
	... 1 more
Caused by: org.apache.ratis.thirdparty.io.netty.channel.AbstractChannel$AnnotatedConnectException: Connection refused: /192.168.151.82:39922
	at sun.nio.ch.SocketChannelImpl.checkConnect(Native Method)
	at sun.nio.ch.SocketChannelImpl.finishConnect(SocketChannelImpl.java:717)
	at org.apache.ratis.thirdparty.io.netty.channel.socket.nio.NioSocketChannel.doFinishConnect(NioSocketChannel.java:327)
	at org.apache.ratis.thirdparty.io.netty.channel.nio.AbstractNioChannel$AbstractNioUnsafe.finishConnect(AbstractNioChannel.java:340)
	at org.apache.ratis.thirdparty.io.netty.channel.nio.NioEventLoop.processSelectedKey(NioEventLoop.java:632)
	at org.apache.ratis.thirdparty.io.netty.channel.nio.NioEventLoop.processSelectedKeysOptimized(NioEventLoop.java:579)
	at org.apache.ratis.thirdparty.io.netty.channel.nio.NioEventLoop.processSelectedKeys(NioEventLoop.java:496)
	at org.apache.ratis.thirdparty.io.netty.channel.nio.NioEventLoop.run(NioEventLoop.java:458)
	at org.apache.ratis.thirdparty.io.netty.util.concurrent.SingleThreadEventExecutor$5.run(SingleThreadEventExecutor.java:897)
	at org.apache.ratis.thirdparty.io.netty.util.concurrent.FastThreadLocalRunnable.run(FastThreadLocalRunnable.java:30)
	... 1 more
Caused by: java.net.ConnectException: Connection refused
	... 11 more
2019-09-28 01:15:13,692 [7ca580e1-9483-43e9-999f-08065f5f46f8@group-3679665D126C:LeaderElection37] INFO  impl.LeaderElection (LogUtils.java:infoOrTrace(149)) - 7ca580e1-9483-43e9-999f-08065f5f46f8@group-3679665D126C:LeaderElection37 got exception when requesting votes: {}
java.util.concurrent.ExecutionException: org.apache.ratis.thirdparty.io.grpc.StatusRuntimeException: UNAVAILABLE: io exception
	at java.util.concurrent.FutureTask.report(FutureTask.java:122)
	at java.util.concurrent.FutureTask.get(FutureTask.java:192)
	at org.apache.ratis.server.impl.LeaderElection.waitForResults(LeaderElection.java:263)
	at org.apache.ratis.server.impl.LeaderElection.askForVotes(LeaderElection.java:201)
	at org.apache.ratis.server.impl.LeaderElection.run(LeaderElection.java:133)
	at java.lang.Thread.run(Thread.java:748)
Caused by: org.apache.ratis.thirdparty.io.grpc.StatusRuntimeException: UNAVAILABLE: io exception
	at org.apache.ratis.thirdparty.io.grpc.stub.ClientCalls.toStatusRuntimeException(ClientCalls.java:233)
	at org.apache.ratis.thirdparty.io.grpc.stub.ClientCalls.getUnchecked(ClientCalls.java:214)
	at org.apache.ratis.thirdparty.io.grpc.stub.ClientCalls.blockingUnaryCall(ClientCalls.java:139)
	at org.apache.ratis.proto.grpc.RaftServerProtocolServiceGrpc$RaftServerProtocolServiceBlockingStub.requestVote(RaftServerProtocolServiceGrpc.java:265)
	at org.apache.ratis.grpc.server.GrpcServerProtocolClient.requestVote(GrpcServerProtocolClient.java:90)
	at org.apache.ratis.grpc.server.GrpcService.requestVote(GrpcService.java:204)
	at org.apache.ratis.server.impl.LeaderElection.lambda$submitRequests$1(LeaderElection.java:238)
	at java.util.concurrent.FutureTask.run(FutureTask.java:266)
	at java.util.concurrent.Executors$RunnableAdapter.call(Executors.java:511)
	at java.util.concurrent.FutureTask.run(FutureTask.java:266)
	at java.util.concurrent.ThreadPoolExecutor.runWorker(ThreadPoolExecutor.java:1149)
	at java.util.concurrent.ThreadPoolExecutor$Worker.run(ThreadPoolExecutor.java:624)
	... 1 more
Caused by: org.apache.ratis.thirdparty.io.netty.channel.AbstractChannel$AnnotatedConnectException: Connection refused: /192.168.151.82:34522
	at sun.nio.ch.SocketChannelImpl.checkConnect(Native Method)
	at sun.nio.ch.SocketChannelImpl.finishConnect(SocketChannelImpl.java:717)
	at org.apache.ratis.thirdparty.io.netty.channel.socket.nio.NioSocketChannel.doFinishConnect(NioSocketChannel.java:327)
	at org.apache.ratis.thirdparty.io.netty.channel.nio.AbstractNioChannel$AbstractNioUnsafe.finishConnect(AbstractNioChannel.java:340)
	at org.apache.ratis.thirdparty.io.netty.channel.nio.NioEventLoop.processSelectedKey(NioEventLoop.java:632)
	at org.apache.ratis.thirdparty.io.netty.channel.nio.NioEventLoop.processSelectedKeysOptimized(NioEventLoop.java:579)
	at org.apache.ratis.thirdparty.io.netty.channel.nio.NioEventLoop.processSelectedKeys(NioEventLoop.java:496)
	at org.apache.ratis.thirdparty.io.netty.channel.nio.NioEventLoop.run(NioEventLoop.java:458)
	at org.apache.ratis.thirdparty.io.netty.util.concurrent.SingleThreadEventExecutor$5.run(SingleThreadEventExecutor.java:897)
	at org.apache.ratis.thirdparty.io.netty.util.concurrent.FastThreadLocalRunnable.run(FastThreadLocalRunnable.java:30)
	... 1 more
Caused by: java.net.ConnectException: Connection refused
	... 11 more
2019-09-28 01:15:13,695 [7ca580e1-9483-43e9-999f-08065f5f46f8@group-3679665D126C:LeaderElection37] INFO  impl.LeaderElection (LeaderElection.java:logAndReturn(56)) - 7ca580e1-9483-43e9-999f-08065f5f46f8@group-3679665D126C:LeaderElection37: Election REJECTED; received 0 response(s) [] and 2 exception(s); 7ca580e1-9483-43e9-999f-08065f5f46f8@group-3679665D126C:t6, leader=null, voted=7ca580e1-9483-43e9-999f-08065f5f46f8, raftlog=7ca580e1-9483-43e9-999f-08065f5f46f8@group-3679665D126C-SegmentedRaftLog:OPENED:c2,f2,i2, conf=1: [7ca580e1-9483-43e9-999f-08065f5f46f8:192.168.151.82:39513, 726dacf1-2c06-45a9-9365-4f0196171786:192.168.151.82:39922, d8ea7beb-83bc-4703-8607-f43fb93ff04f:192.168.151.82:34522], old=null
2019-09-28 01:15:13,695 [7ca580e1-9483-43e9-999f-08065f5f46f8@group-3679665D126C:LeaderElection37] INFO  impl.LeaderElection (LogUtils.java:infoOrTrace(149)) -   Exception 0: {}
java.util.concurrent.ExecutionException: org.apache.ratis.thirdparty.io.grpc.StatusRuntimeException: UNAVAILABLE: io exception
	at java.util.concurrent.FutureTask.report(FutureTask.java:122)
	at java.util.concurrent.FutureTask.get(FutureTask.java:192)
	at org.apache.ratis.server.impl.LeaderElection.waitForResults(LeaderElection.java:263)
	at org.apache.ratis.server.impl.LeaderElection.askForVotes(LeaderElection.java:201)
	at org.apache.ratis.server.impl.LeaderElection.run(LeaderElection.java:133)
	at java.lang.Thread.run(Thread.java:748)
Caused by: org.apache.ratis.thirdparty.io.grpc.StatusRuntimeException: UNAVAILABLE: io exception
	at org.apache.ratis.thirdparty.io.grpc.stub.ClientCalls.toStatusRuntimeException(ClientCalls.java:233)
	at org.apache.ratis.thirdparty.io.grpc.stub.ClientCalls.getUnchecked(ClientCalls.java:214)
	at org.apache.ratis.thirdparty.io.grpc.stub.ClientCalls.blockingUnaryCall(ClientCalls.java:139)
	at org.apache.ratis.proto.grpc.RaftServerProtocolServiceGrpc$RaftServerProtocolServiceBlockingStub.requestVote(RaftServerProtocolServiceGrpc.java:265)
	at org.apache.ratis.grpc.server.GrpcServerProtocolClient.requestVote(GrpcServerProtocolClient.java:90)
	at org.apache.ratis.grpc.server.GrpcService.requestVote(GrpcService.java:204)
	at org.apache.ratis.server.impl.LeaderElection.lambda$submitRequests$1(LeaderElection.java:238)
	at java.util.concurrent.FutureTask.run(FutureTask.java:266)
	at java.util.concurrent.Executors$RunnableAdapter.call(Executors.java:511)
	at java.util.concurrent.FutureTask.run(FutureTask.java:266)
	at java.util.concurrent.ThreadPoolExecutor.runWorker(ThreadPoolExecutor.java:1149)
	at java.util.concurrent.ThreadPoolExecutor$Worker.run(ThreadPoolExecutor.java:624)
	... 1 more
Caused by: org.apache.ratis.thirdparty.io.netty.channel.AbstractChannel$AnnotatedConnectException: Connection refused: /192.168.151.82:39922
	at sun.nio.ch.SocketChannelImpl.checkConnect(Native Method)
	at sun.nio.ch.SocketChannelImpl.finishConnect(SocketChannelImpl.java:717)
	at org.apache.ratis.thirdparty.io.netty.channel.socket.nio.NioSocketChannel.doFinishConnect(NioSocketChannel.java:327)
	at org.apache.ratis.thirdparty.io.netty.channel.nio.AbstractNioChannel$AbstractNioUnsafe.finishConnect(AbstractNioChannel.java:340)
	at org.apache.ratis.thirdparty.io.netty.channel.nio.NioEventLoop.processSelectedKey(NioEventLoop.java:632)
	at org.apache.ratis.thirdparty.io.netty.channel.nio.NioEventLoop.processSelectedKeysOptimized(NioEventLoop.java:579)
	at org.apache.ratis.thirdparty.io.netty.channel.nio.NioEventLoop.processSelectedKeys(NioEventLoop.java:496)
	at org.apache.ratis.thirdparty.io.netty.channel.nio.NioEventLoop.run(NioEventLoop.java:458)
	at org.apache.ratis.thirdparty.io.netty.util.concurrent.SingleThreadEventExecutor$5.run(SingleThreadEventExecutor.java:897)
	at org.apache.ratis.thirdparty.io.netty.util.concurrent.FastThreadLocalRunnable.run(FastThreadLocalRunnable.java:30)
	... 1 more
Caused by: java.net.ConnectException: Connection refused
	... 11 more
2019-09-28 01:15:13,696 [7ca580e1-9483-43e9-999f-08065f5f46f8@group-3679665D126C:LeaderElection37] INFO  impl.LeaderElection (LogUtils.java:infoOrTrace(149)) -   Exception 1: {}
java.util.concurrent.ExecutionException: org.apache.ratis.thirdparty.io.grpc.StatusRuntimeException: UNAVAILABLE: io exception
	at java.util.concurrent.FutureTask.report(FutureTask.java:122)
	at java.util.concurrent.FutureTask.get(FutureTask.java:192)
	at org.apache.ratis.server.impl.LeaderElection.waitForResults(LeaderElection.java:263)
	at org.apache.ratis.server.impl.LeaderElection.askForVotes(LeaderElection.java:201)
	at org.apache.ratis.server.impl.LeaderElection.run(LeaderElection.java:133)
	at java.lang.Thread.run(Thread.java:748)
Caused by: org.apache.ratis.thirdparty.io.grpc.StatusRuntimeException: UNAVAILABLE: io exception
	at org.apache.ratis.thirdparty.io.grpc.stub.ClientCalls.toStatusRuntimeException(ClientCalls.java:233)
	at org.apache.ratis.thirdparty.io.grpc.stub.ClientCalls.getUnchecked(ClientCalls.java:214)
	at org.apache.ratis.thirdparty.io.grpc.stub.ClientCalls.blockingUnaryCall(ClientCalls.java:139)
	at org.apache.ratis.proto.grpc.RaftServerProtocolServiceGrpc$RaftServerProtocolServiceBlockingStub.requestVote(RaftServerProtocolServiceGrpc.java:265)
	at org.apache.ratis.grpc.server.GrpcServerProtocolClient.requestVote(GrpcServerProtocolClient.java:90)
	at org.apache.ratis.grpc.server.GrpcService.requestVote(GrpcService.java:204)
	at org.apache.ratis.server.impl.LeaderElection.lambda$submitRequests$1(LeaderElection.java:238)
	at java.util.concurrent.FutureTask.run(FutureTask.java:266)
	at java.util.concurrent.Executors$RunnableAdapter.call(Executors.java:511)
	at java.util.concurrent.FutureTask.run(FutureTask.java:266)
	at java.util.concurrent.ThreadPoolExecutor.runWorker(ThreadPoolExecutor.java:1149)
	at java.util.concurrent.ThreadPoolExecutor$Worker.run(ThreadPoolExecutor.java:624)
	... 1 more
Caused by: org.apache.ratis.thirdparty.io.netty.channel.AbstractChannel$AnnotatedConnectException: Connection refused: /192.168.151.82:34522
	at sun.nio.ch.SocketChannelImpl.checkConnect(Native Method)
	at sun.nio.ch.SocketChannelImpl.finishConnect(SocketChannelImpl.java:717)
	at org.apache.ratis.thirdparty.io.netty.channel.socket.nio.NioSocketChannel.doFinishConnect(NioSocketChannel.java:327)
	at org.apache.ratis.thirdparty.io.netty.channel.nio.AbstractNioChannel$AbstractNioUnsafe.finishConnect(AbstractNioChannel.java:340)
	at org.apache.ratis.thirdparty.io.netty.channel.nio.NioEventLoop.processSelectedKey(NioEventLoop.java:632)
	at org.apache.ratis.thirdparty.io.netty.channel.nio.NioEventLoop.processSelectedKeysOptimized(NioEventLoop.java:579)
	at org.apache.ratis.thirdparty.io.netty.channel.nio.NioEventLoop.processSelectedKeys(NioEventLoop.java:496)
	at org.apache.ratis.thirdparty.io.netty.channel.nio.NioEventLoop.run(NioEventLoop.java:458)
	at org.apache.ratis.thirdparty.io.netty.util.concurrent.SingleThreadEventExecutor$5.run(SingleThreadEventExecutor.java:897)
	at org.apache.ratis.thirdparty.io.netty.util.concurrent.FastThreadLocalRunnable.run(FastThreadLocalRunnable.java:30)
	... 1 more
Caused by: java.net.ConnectException: Connection refused
	... 11 more
2019-09-28 01:15:13,696 [7ca580e1-9483-43e9-999f-08065f5f46f8@group-3679665D126C:LeaderElection37] INFO  impl.RaftServerImpl (RaftServerImpl.java:setRole(174)) - 7ca580e1-9483-43e9-999f-08065f5f46f8@group-3679665D126C: changes role from CANDIDATE to FOLLOWER at term 6 for DISCOVERED_A_NEW_TERM
2019-09-28 01:15:13,698 [7ca580e1-9483-43e9-999f-08065f5f46f8@group-3679665D126C:LeaderElection37] INFO  impl.RoleInfo (RoleInfo.java:shutdownLeaderElection(134)) - 7ca580e1-9483-43e9-999f-08065f5f46f8: shutdown LeaderElection
2019-09-28 01:15:13,698 [7ca580e1-9483-43e9-999f-08065f5f46f8@group-3679665D126C:LeaderElection37] INFO  impl.RoleInfo (RoleInfo.java:updateAndGet(143)) - 7ca580e1-9483-43e9-999f-08065f5f46f8: start FollowerState
2019-09-28 01:15:14,043 [Thread-1920] INFO  impl.FollowerState (FollowerState.java:run(106)) - c5982eae-d64d-4d85-bf8e-680be3da7c97:group-F5D139EFAB30 changes to CANDIDATE, lastRpcTime:1106, electionTimeout:1104ms
2019-09-28 01:15:14,046 [Thread-1920] INFO  impl.RoleInfo (RoleInfo.java:shutdownFollowerState(121)) - c5982eae-d64d-4d85-bf8e-680be3da7c97: shutdown FollowerState
2019-09-28 01:15:14,046 [Thread-1920] INFO  impl.RaftServerImpl (RaftServerImpl.java:setRole(174)) - c5982eae-d64d-4d85-bf8e-680be3da7c97@group-F5D139EFAB30: changes role from  FOLLOWER to CANDIDATE at term 9 for changeToCandidate
2019-09-28 01:15:14,047 [Thread-1920] INFO  impl.RoleInfo (RoleInfo.java:updateAndGet(143)) - c5982eae-d64d-4d85-bf8e-680be3da7c97: start LeaderElection
2019-09-28 01:15:14,065 [c5982eae-d64d-4d85-bf8e-680be3da7c97@group-F5D139EFAB30:LeaderElection38] INFO  impl.LeaderElection (LeaderElection.java:askForVotes(182)) - c5982eae-d64d-4d85-bf8e-680be3da7c97@group-F5D139EFAB30:LeaderElection38: begin an election at term 10 for 0: [c5982eae-d64d-4d85-bf8e-680be3da7c97:192.168.151.82:39895, 8a2f89dc-5374-4145-86d1-b1660ecca13e:192.168.151.82:46179, d2027d58-a939-4807-998f-7c487ceff365:192.168.151.82:43961], old=null
2019-09-28 01:15:14,067 [c5982eae-d64d-4d85-bf8e-680be3da7c97@group-F5D139EFAB30:LeaderElection38] INFO  impl.LeaderElection (LogUtils.java:infoOrTrace(149)) - c5982eae-d64d-4d85-bf8e-680be3da7c97@group-F5D139EFAB30:LeaderElection38 got exception when requesting votes: {}
java.util.concurrent.ExecutionException: org.apache.ratis.thirdparty.io.grpc.StatusRuntimeException: UNAVAILABLE: io exception
	at java.util.concurrent.FutureTask.report(FutureTask.java:122)
	at java.util.concurrent.FutureTask.get(FutureTask.java:192)
	at org.apache.ratis.server.impl.LeaderElection.waitForResults(LeaderElection.java:263)
	at org.apache.ratis.server.impl.LeaderElection.askForVotes(LeaderElection.java:201)
	at org.apache.ratis.server.impl.LeaderElection.run(LeaderElection.java:133)
	at java.lang.Thread.run(Thread.java:748)
Caused by: org.apache.ratis.thirdparty.io.grpc.StatusRuntimeException: UNAVAILABLE: io exception
	at org.apache.ratis.thirdparty.io.grpc.stub.ClientCalls.toStatusRuntimeException(ClientCalls.java:233)
	at org.apache.ratis.thirdparty.io.grpc.stub.ClientCalls.getUnchecked(ClientCalls.java:214)
	at org.apache.ratis.thirdparty.io.grpc.stub.ClientCalls.blockingUnaryCall(ClientCalls.java:139)
	at org.apache.ratis.proto.grpc.RaftServerProtocolServiceGrpc$RaftServerProtocolServiceBlockingStub.requestVote(RaftServerProtocolServiceGrpc.java:265)
	at org.apache.ratis.grpc.server.GrpcServerProtocolClient.requestVote(GrpcServerProtocolClient.java:90)
	at org.apache.ratis.grpc.server.GrpcService.requestVote(GrpcService.java:204)
	at org.apache.ratis.server.impl.LeaderElection.lambda$submitRequests$1(LeaderElection.java:238)
	at java.util.concurrent.FutureTask.run(FutureTask.java:266)
	at java.util.concurrent.Executors$RunnableAdapter.call(Executors.java:511)
	at java.util.concurrent.FutureTask.run(FutureTask.java:266)
	at java.util.concurrent.ThreadPoolExecutor.runWorker(ThreadPoolExecutor.java:1149)
	at java.util.concurrent.ThreadPoolExecutor$Worker.run(ThreadPoolExecutor.java:624)
	... 1 more
Caused by: org.apache.ratis.thirdparty.io.netty.channel.AbstractChannel$AnnotatedConnectException: Connection refused: /192.168.151.82:43961
	at sun.nio.ch.SocketChannelImpl.checkConnect(Native Method)
	at sun.nio.ch.SocketChannelImpl.finishConnect(SocketChannelImpl.java:717)
	at org.apache.ratis.thirdparty.io.netty.channel.socket.nio.NioSocketChannel.doFinishConnect(NioSocketChannel.java:327)
	at org.apache.ratis.thirdparty.io.netty.channel.nio.AbstractNioChannel$AbstractNioUnsafe.finishConnect(AbstractNioChannel.java:340)
	at org.apache.ratis.thirdparty.io.netty.channel.nio.NioEventLoop.processSelectedKey(NioEventLoop.java:632)
	at org.apache.ratis.thirdparty.io.netty.channel.nio.NioEventLoop.processSelectedKeysOptimized(NioEventLoop.java:579)
	at org.apache.ratis.thirdparty.io.netty.channel.nio.NioEventLoop.processSelectedKeys(NioEventLoop.java:496)
	at org.apache.ratis.thirdparty.io.netty.channel.nio.NioEventLoop.run(NioEventLoop.java:458)
	at org.apache.ratis.thirdparty.io.netty.util.concurrent.SingleThreadEventExecutor$5.run(SingleThreadEventExecutor.java:897)
	at org.apache.ratis.thirdparty.io.netty.util.concurrent.FastThreadLocalRunnable.run(FastThreadLocalRunnable.java:30)
	... 1 more
Caused by: java.net.ConnectException: Connection refused
	... 11 more
2019-09-28 01:15:14,069 [c5982eae-d64d-4d85-bf8e-680be3da7c97@group-F5D139EFAB30:LeaderElection38] INFO  impl.LeaderElection (LogUtils.java:infoOrTrace(149)) - c5982eae-d64d-4d85-bf8e-680be3da7c97@group-F5D139EFAB30:LeaderElection38 got exception when requesting votes: {}
java.util.concurrent.ExecutionException: org.apache.ratis.thirdparty.io.grpc.StatusRuntimeException: UNAVAILABLE: io exception
	at java.util.concurrent.FutureTask.report(FutureTask.java:122)
	at java.util.concurrent.FutureTask.get(FutureTask.java:192)
	at org.apache.ratis.server.impl.LeaderElection.waitForResults(LeaderElection.java:263)
	at org.apache.ratis.server.impl.LeaderElection.askForVotes(LeaderElection.java:201)
	at org.apache.ratis.server.impl.LeaderElection.run(LeaderElection.java:133)
	at java.lang.Thread.run(Thread.java:748)
Caused by: org.apache.ratis.thirdparty.io.grpc.StatusRuntimeException: UNAVAILABLE: io exception
	at org.apache.ratis.thirdparty.io.grpc.stub.ClientCalls.toStatusRuntimeException(ClientCalls.java:233)
	at org.apache.ratis.thirdparty.io.grpc.stub.ClientCalls.getUnchecked(ClientCalls.java:214)
	at org.apache.ratis.thirdparty.io.grpc.stub.ClientCalls.blockingUnaryCall(ClientCalls.java:139)
	at org.apache.ratis.proto.grpc.RaftServerProtocolServiceGrpc$RaftServerProtocolServiceBlockingStub.requestVote(RaftServerProtocolServiceGrpc.java:265)
	at org.apache.ratis.grpc.server.GrpcServerProtocolClient.requestVote(GrpcServerProtocolClient.java:90)
	at org.apache.ratis.grpc.server.GrpcService.requestVote(GrpcService.java:204)
	at org.apache.ratis.server.impl.LeaderElection.lambda$submitRequests$1(LeaderElection.java:238)
	at java.util.concurrent.FutureTask.run(FutureTask.java:266)
	at java.util.concurrent.Executors$RunnableAdapter.call(Executors.java:511)
	at java.util.concurrent.FutureTask.run(FutureTask.java:266)
	at java.util.concurrent.ThreadPoolExecutor.runWorker(ThreadPoolExecutor.java:1149)
	at java.util.concurrent.ThreadPoolExecutor$Worker.run(ThreadPoolExecutor.java:624)
	... 1 more
Caused by: org.apache.ratis.thirdparty.io.netty.channel.AbstractChannel$AnnotatedConnectException: Connection refused: /192.168.151.82:46179
	at sun.nio.ch.SocketChannelImpl.checkConnect(Native Method)
	at sun.nio.ch.SocketChannelImpl.finishConnect(SocketChannelImpl.java:717)
	at org.apache.ratis.thirdparty.io.netty.channel.socket.nio.NioSocketChannel.doFinishConnect(NioSocketChannel.java:327)
	at org.apache.ratis.thirdparty.io.netty.channel.nio.AbstractNioChannel$AbstractNioUnsafe.finishConnect(AbstractNioChannel.java:340)
	at org.apache.ratis.thirdparty.io.netty.channel.nio.NioEventLoop.processSelectedKey(NioEventLoop.java:632)
	at org.apache.ratis.thirdparty.io.netty.channel.nio.NioEventLoop.processSelectedKeysOptimized(NioEventLoop.java:579)
	at org.apache.ratis.thirdparty.io.netty.channel.nio.NioEventLoop.processSelectedKeys(NioEventLoop.java:496)
	at org.apache.ratis.thirdparty.io.netty.channel.nio.NioEventLoop.run(NioEventLoop.java:458)
	at org.apache.ratis.thirdparty.io.netty.util.concurrent.SingleThreadEventExecutor$5.run(SingleThreadEventExecutor.java:897)
	at org.apache.ratis.thirdparty.io.netty.util.concurrent.FastThreadLocalRunnable.run(FastThreadLocalRunnable.java:30)
	... 1 more
Caused by: java.net.ConnectException: Connection refused
	... 11 more
2019-09-28 01:15:14,072 [c5982eae-d64d-4d85-bf8e-680be3da7c97@group-F5D139EFAB30:LeaderElection38] INFO  impl.LeaderElection (LeaderElection.java:logAndReturn(56)) - c5982eae-d64d-4d85-bf8e-680be3da7c97@group-F5D139EFAB30:LeaderElection38: Election REJECTED; received 0 response(s) [] and 2 exception(s); c5982eae-d64d-4d85-bf8e-680be3da7c97@group-F5D139EFAB30:t10, leader=null, voted=c5982eae-d64d-4d85-bf8e-680be3da7c97, raftlog=c5982eae-d64d-4d85-bf8e-680be3da7c97@group-F5D139EFAB30-SegmentedRaftLog:OPENED:c0,f0,i0, conf=0: [c5982eae-d64d-4d85-bf8e-680be3da7c97:192.168.151.82:39895, 8a2f89dc-5374-4145-86d1-b1660ecca13e:192.168.151.82:46179, d2027d58-a939-4807-998f-7c487ceff365:192.168.151.82:43961], old=null
2019-09-28 01:15:14,072 [c5982eae-d64d-4d85-bf8e-680be3da7c97@group-F5D139EFAB30:LeaderElection38] INFO  impl.LeaderElection (LogUtils.java:infoOrTrace(149)) -   Exception 0: {}
java.util.concurrent.ExecutionException: org.apache.ratis.thirdparty.io.grpc.StatusRuntimeException: UNAVAILABLE: io exception
	at java.util.concurrent.FutureTask.report(FutureTask.java:122)
	at java.util.concurrent.FutureTask.get(FutureTask.java:192)
	at org.apache.ratis.server.impl.LeaderElection.waitForResults(LeaderElection.java:263)
	at org.apache.ratis.server.impl.LeaderElection.askForVotes(LeaderElection.java:201)
	at org.apache.ratis.server.impl.LeaderElection.run(LeaderElection.java:133)
	at java.lang.Thread.run(Thread.java:748)
Caused by: org.apache.ratis.thirdparty.io.grpc.StatusRuntimeException: UNAVAILABLE: io exception
	at org.apache.ratis.thirdparty.io.grpc.stub.ClientCalls.toStatusRuntimeException(ClientCalls.java:233)
	at org.apache.ratis.thirdparty.io.grpc.stub.ClientCalls.getUnchecked(ClientCalls.java:214)
	at org.apache.ratis.thirdparty.io.grpc.stub.ClientCalls.blockingUnaryCall(ClientCalls.java:139)
	at org.apache.ratis.proto.grpc.RaftServerProtocolServiceGrpc$RaftServerProtocolServiceBlockingStub.requestVote(RaftServerProtocolServiceGrpc.java:265)
	at org.apache.ratis.grpc.server.GrpcServerProtocolClient.requestVote(GrpcServerProtocolClient.java:90)
	at org.apache.ratis.grpc.server.GrpcService.requestVote(GrpcService.java:204)
	at org.apache.ratis.server.impl.LeaderElection.lambda$submitRequests$1(LeaderElection.java:238)
	at java.util.concurrent.FutureTask.run(FutureTask.java:266)
	at java.util.concurrent.Executors$RunnableAdapter.call(Executors.java:511)
	at java.util.concurrent.FutureTask.run(FutureTask.java:266)
	at java.util.concurrent.ThreadPoolExecutor.runWorker(ThreadPoolExecutor.java:1149)
	at java.util.concurrent.ThreadPoolExecutor$Worker.run(ThreadPoolExecutor.java:624)
	... 1 more
Caused by: org.apache.ratis.thirdparty.io.netty.channel.AbstractChannel$AnnotatedConnectException: Connection refused: /192.168.151.82:43961
	at sun.nio.ch.SocketChannelImpl.checkConnect(Native Method)
	at sun.nio.ch.SocketChannelImpl.finishConnect(SocketChannelImpl.java:717)
	at org.apache.ratis.thirdparty.io.netty.channel.socket.nio.NioSocketChannel.doFinishConnect(NioSocketChannel.java:327)
	at org.apache.ratis.thirdparty.io.netty.channel.nio.AbstractNioChannel$AbstractNioUnsafe.finishConnect(AbstractNioChannel.java:340)
	at org.apache.ratis.thirdparty.io.netty.channel.nio.NioEventLoop.processSelectedKey(NioEventLoop.java:632)
	at org.apache.ratis.thirdparty.io.netty.channel.nio.NioEventLoop.processSelectedKeysOptimized(NioEventLoop.java:579)
	at org.apache.ratis.thirdparty.io.netty.channel.nio.NioEventLoop.processSelectedKeys(NioEventLoop.java:496)
	at org.apache.ratis.thirdparty.io.netty.channel.nio.NioEventLoop.run(NioEventLoop.java:458)
	at org.apache.ratis.thirdparty.io.netty.util.concurrent.SingleThreadEventExecutor$5.run(SingleThreadEventExecutor.java:897)
	at org.apache.ratis.thirdparty.io.netty.util.concurrent.FastThreadLocalRunnable.run(FastThreadLocalRunnable.java:30)
	... 1 more
Caused by: java.net.ConnectException: Connection refused
	... 11 more
2019-09-28 01:15:14,072 [c5982eae-d64d-4d85-bf8e-680be3da7c97@group-F5D139EFAB30:LeaderElection38] INFO  impl.LeaderElection (LogUtils.java:infoOrTrace(149)) -   Exception 1: {}
java.util.concurrent.ExecutionException: org.apache.ratis.thirdparty.io.grpc.StatusRuntimeException: UNAVAILABLE: io exception
	at java.util.concurrent.FutureTask.report(FutureTask.java:122)
	at java.util.concurrent.FutureTask.get(FutureTask.java:192)
	at org.apache.ratis.server.impl.LeaderElection.waitForResults(LeaderElection.java:263)
	at org.apache.ratis.server.impl.LeaderElection.askForVotes(LeaderElection.java:201)
	at org.apache.ratis.server.impl.LeaderElection.run(LeaderElection.java:133)
	at java.lang.Thread.run(Thread.java:748)
Caused by: org.apache.ratis.thirdparty.io.grpc.StatusRuntimeException: UNAVAILABLE: io exception
	at org.apache.ratis.thirdparty.io.grpc.stub.ClientCalls.toStatusRuntimeException(ClientCalls.java:233)
	at org.apache.ratis.thirdparty.io.grpc.stub.ClientCalls.getUnchecked(ClientCalls.java:214)
	at org.apache.ratis.thirdparty.io.grpc.stub.ClientCalls.blockingUnaryCall(ClientCalls.java:139)
	at org.apache.ratis.proto.grpc.RaftServerProtocolServiceGrpc$RaftServerProtocolServiceBlockingStub.requestVote(RaftServerProtocolServiceGrpc.java:265)
	at org.apache.ratis.grpc.server.GrpcServerProtocolClient.requestVote(GrpcServerProtocolClient.java:90)
	at org.apache.ratis.grpc.server.GrpcService.requestVote(GrpcService.java:204)
	at org.apache.ratis.server.impl.LeaderElection.lambda$submitRequests$1(LeaderElection.java:238)
	at java.util.concurrent.FutureTask.run(FutureTask.java:266)
	at java.util.concurrent.Executors$RunnableAdapter.call(Executors.java:511)
	at java.util.concurrent.FutureTask.run(FutureTask.java:266)
	at java.util.concurrent.ThreadPoolExecutor.runWorker(ThreadPoolExecutor.java:1149)
	at java.util.concurrent.ThreadPoolExecutor$Worker.run(ThreadPoolExecutor.java:624)
	... 1 more
Caused by: org.apache.ratis.thirdparty.io.netty.channel.AbstractChannel$AnnotatedConnectException: Connection refused: /192.168.151.82:46179
	at sun.nio.ch.SocketChannelImpl.checkConnect(Native Method)
	at sun.nio.ch.SocketChannelImpl.finishConnect(SocketChannelImpl.java:717)
	at org.apache.ratis.thirdparty.io.netty.channel.socket.nio.NioSocketChannel.doFinishConnect(NioSocketChannel.java:327)
	at org.apache.ratis.thirdparty.io.netty.channel.nio.AbstractNioChannel$AbstractNioUnsafe.finishConnect(AbstractNioChannel.java:340)
	at org.apache.ratis.thirdparty.io.netty.channel.nio.NioEventLoop.processSelectedKey(NioEventLoop.java:632)
	at org.apache.ratis.thirdparty.io.netty.channel.nio.NioEventLoop.processSelectedKeysOptimized(NioEventLoop.java:579)
	at org.apache.ratis.thirdparty.io.netty.channel.nio.NioEventLoop.processSelectedKeys(NioEventLoop.java:496)
	at org.apache.ratis.thirdparty.io.netty.channel.nio.NioEventLoop.run(NioEventLoop.java:458)
	at org.apache.ratis.thirdparty.io.netty.util.concurrent.SingleThreadEventExecutor$5.run(SingleThreadEventExecutor.java:897)
	at org.apache.ratis.thirdparty.io.netty.util.concurrent.FastThreadLocalRunnable.run(FastThreadLocalRunnable.java:30)
	... 1 more
Caused by: java.net.ConnectException: Connection refused
	... 11 more
2019-09-28 01:15:14,073 [c5982eae-d64d-4d85-bf8e-680be3da7c97@group-F5D139EFAB30:LeaderElection38] INFO  impl.RaftServerImpl (RaftServerImpl.java:setRole(174)) - c5982eae-d64d-4d85-bf8e-680be3da7c97@group-F5D139EFAB30: changes role from CANDIDATE to FOLLOWER at term 10 for DISCOVERED_A_NEW_TERM
2019-09-28 01:15:14,075 [c5982eae-d64d-4d85-bf8e-680be3da7c97@group-F5D139EFAB30:LeaderElection38] INFO  impl.RoleInfo (RoleInfo.java:shutdownLeaderElection(134)) - c5982eae-d64d-4d85-bf8e-680be3da7c97: shutdown LeaderElection
2019-09-28 01:15:14,075 [c5982eae-d64d-4d85-bf8e-680be3da7c97@group-F5D139EFAB30:LeaderElection38] INFO  impl.RoleInfo (RoleInfo.java:updateAndGet(143)) - c5982eae-d64d-4d85-bf8e-680be3da7c97: start FollowerState
2019-09-28 01:15:14,630 [Thread-1924] INFO  impl.FollowerState (FollowerState.java:run(106)) - e82472fe-71fb-4472-b416-5021845f2f54:group-6BFCA60A2FDA changes to CANDIDATE, lastRpcTime:1100, electionTimeout:1099ms
2019-09-28 01:15:14,631 [Thread-1924] INFO  impl.RoleInfo (RoleInfo.java:shutdownFollowerState(121)) - e82472fe-71fb-4472-b416-5021845f2f54: shutdown FollowerState
2019-09-28 01:15:14,632 [Thread-1924] INFO  impl.RaftServerImpl (RaftServerImpl.java:setRole(174)) - e82472fe-71fb-4472-b416-5021845f2f54@group-6BFCA60A2FDA: changes role from  FOLLOWER to CANDIDATE at term 5 for changeToCandidate
2019-09-28 01:15:14,632 [Thread-1924] INFO  impl.RoleInfo (RoleInfo.java:updateAndGet(143)) - e82472fe-71fb-4472-b416-5021845f2f54: start LeaderElection
2019-09-28 01:15:14,656 [e82472fe-71fb-4472-b416-5021845f2f54@group-6BFCA60A2FDA:LeaderElection39] INFO  impl.LeaderElection (LeaderElection.java:askForVotes(182)) - e82472fe-71fb-4472-b416-5021845f2f54@group-6BFCA60A2FDA:LeaderElection39: begin an election at term 6 for 0: [cab9505b-c3df-4889-be4c-e0933a387faa:192.168.151.82:36450, 8bf5c620-efb5-49b6-a768-f4179fc43006:192.168.151.82:41397, e82472fe-71fb-4472-b416-5021845f2f54:192.168.151.82:44038], old=null
2019-09-28 01:15:14,657 [e82472fe-71fb-4472-b416-5021845f2f54@group-6BFCA60A2FDA:LeaderElection39] INFO  impl.LeaderElection (LogUtils.java:infoOrTrace(149)) - e82472fe-71fb-4472-b416-5021845f2f54@group-6BFCA60A2FDA:LeaderElection39 got exception when requesting votes: {}
java.util.concurrent.ExecutionException: org.apache.ratis.thirdparty.io.grpc.StatusRuntimeException: UNAVAILABLE: io exception
	at java.util.concurrent.FutureTask.report(FutureTask.java:122)
	at java.util.concurrent.FutureTask.get(FutureTask.java:192)
	at org.apache.ratis.server.impl.LeaderElection.waitForResults(LeaderElection.java:263)
	at org.apache.ratis.server.impl.LeaderElection.askForVotes(LeaderElection.java:201)
	at org.apache.ratis.server.impl.LeaderElection.run(LeaderElection.java:133)
	at java.lang.Thread.run(Thread.java:748)
Caused by: org.apache.ratis.thirdparty.io.grpc.StatusRuntimeException: UNAVAILABLE: io exception
	at org.apache.ratis.thirdparty.io.grpc.stub.ClientCalls.toStatusRuntimeException(ClientCalls.java:233)
	at org.apache.ratis.thirdparty.io.grpc.stub.ClientCalls.getUnchecked(ClientCalls.java:214)
	at org.apache.ratis.thirdparty.io.grpc.stub.ClientCalls.blockingUnaryCall(ClientCalls.java:139)
	at org.apache.ratis.proto.grpc.RaftServerProtocolServiceGrpc$RaftServerProtocolServiceBlockingStub.requestVote(RaftServerProtocolServiceGrpc.java:265)
	at org.apache.ratis.grpc.server.GrpcServerProtocolClient.requestVote(GrpcServerProtocolClient.java:90)
	at org.apache.ratis.grpc.server.GrpcService.requestVote(GrpcService.java:204)
	at org.apache.ratis.server.impl.LeaderElection.lambda$submitRequests$1(LeaderElection.java:238)
	at java.util.concurrent.FutureTask.run(FutureTask.java:266)
	at java.util.concurrent.Executors$RunnableAdapter.call(Executors.java:511)
	at java.util.concurrent.FutureTask.run(FutureTask.java:266)
	at java.util.concurrent.ThreadPoolExecutor.runWorker(ThreadPoolExecutor.java:1149)
	at java.util.concurrent.ThreadPoolExecutor$Worker.run(ThreadPoolExecutor.java:624)
	... 1 more
Caused by: org.apache.ratis.thirdparty.io.netty.channel.AbstractChannel$AnnotatedConnectException: Connection refused: /192.168.151.82:41397
	at sun.nio.ch.SocketChannelImpl.checkConnect(Native Method)
	at sun.nio.ch.SocketChannelImpl.finishConnect(SocketChannelImpl.java:717)
	at org.apache.ratis.thirdparty.io.netty.channel.socket.nio.NioSocketChannel.doFinishConnect(NioSocketChannel.java:327)
	at org.apache.ratis.thirdparty.io.netty.channel.nio.AbstractNioChannel$AbstractNioUnsafe.finishConnect(AbstractNioChannel.java:340)
	at org.apache.ratis.thirdparty.io.netty.channel.nio.NioEventLoop.processSelectedKey(NioEventLoop.java:632)
	at org.apache.ratis.thirdparty.io.netty.channel.nio.NioEventLoop.processSelectedKeysOptimized(NioEventLoop.java:579)
	at org.apache.ratis.thirdparty.io.netty.channel.nio.NioEventLoop.processSelectedKeys(NioEventLoop.java:496)
	at org.apache.ratis.thirdparty.io.netty.channel.nio.NioEventLoop.run(NioEventLoop.java:458)
	at org.apache.ratis.thirdparty.io.netty.util.concurrent.SingleThreadEventExecutor$5.run(SingleThreadEventExecutor.java:897)
	at org.apache.ratis.thirdparty.io.netty.util.concurrent.FastThreadLocalRunnable.run(FastThreadLocalRunnable.java:30)
	... 1 more
Caused by: java.net.ConnectException: Connection refused
	... 11 more
2019-09-28 01:15:14,659 [e82472fe-71fb-4472-b416-5021845f2f54@group-6BFCA60A2FDA:LeaderElection39] INFO  impl.LeaderElection (LogUtils.java:infoOrTrace(149)) - e82472fe-71fb-4472-b416-5021845f2f54@group-6BFCA60A2FDA:LeaderElection39 got exception when requesting votes: {}
java.util.concurrent.ExecutionException: org.apache.ratis.thirdparty.io.grpc.StatusRuntimeException: UNAVAILABLE: io exception
	at java.util.concurrent.FutureTask.report(FutureTask.java:122)
	at java.util.concurrent.FutureTask.get(FutureTask.java:192)
	at org.apache.ratis.server.impl.LeaderElection.waitForResults(LeaderElection.java:263)
	at org.apache.ratis.server.impl.LeaderElection.askForVotes(LeaderElection.java:201)
	at org.apache.ratis.server.impl.LeaderElection.run(LeaderElection.java:133)
	at java.lang.Thread.run(Thread.java:748)
Caused by: org.apache.ratis.thirdparty.io.grpc.StatusRuntimeException: UNAVAILABLE: io exception
	at org.apache.ratis.thirdparty.io.grpc.stub.ClientCalls.toStatusRuntimeException(ClientCalls.java:233)
	at org.apache.ratis.thirdparty.io.grpc.stub.ClientCalls.getUnchecked(ClientCalls.java:214)
	at org.apache.ratis.thirdparty.io.grpc.stub.ClientCalls.blockingUnaryCall(ClientCalls.java:139)
	at org.apache.ratis.proto.grpc.RaftServerProtocolServiceGrpc$RaftServerProtocolServiceBlockingStub.requestVote(RaftServerProtocolServiceGrpc.java:265)
	at org.apache.ratis.grpc.server.GrpcServerProtocolClient.requestVote(GrpcServerProtocolClient.java:90)
	at org.apache.ratis.grpc.server.GrpcService.requestVote(GrpcService.java:204)
	at org.apache.ratis.server.impl.LeaderElection.lambda$submitRequests$1(LeaderElection.java:238)
	at java.util.concurrent.FutureTask.run(FutureTask.java:266)
	at java.util.concurrent.Executors$RunnableAdapter.call(Executors.java:511)
	at java.util.concurrent.FutureTask.run(FutureTask.java:266)
	at java.util.concurrent.ThreadPoolExecutor.runWorker(ThreadPoolExecutor.java:1149)
	at java.util.concurrent.ThreadPoolExecutor$Worker.run(ThreadPoolExecutor.java:624)
	... 1 more
Caused by: org.apache.ratis.thirdparty.io.netty.channel.AbstractChannel$AnnotatedConnectException: Connection refused: /192.168.151.82:36450
	at sun.nio.ch.SocketChannelImpl.checkConnect(Native Method)
	at sun.nio.ch.SocketChannelImpl.finishConnect(SocketChannelImpl.java:717)
	at org.apache.ratis.thirdparty.io.netty.channel.socket.nio.NioSocketChannel.doFinishConnect(NioSocketChannel.java:327)
	at org.apache.ratis.thirdparty.io.netty.channel.nio.AbstractNioChannel$AbstractNioUnsafe.finishConnect(AbstractNioChannel.java:340)
	at org.apache.ratis.thirdparty.io.netty.channel.nio.NioEventLoop.processSelectedKey(NioEventLoop.java:632)
	at org.apache.ratis.thirdparty.io.netty.channel.nio.NioEventLoop.processSelectedKeysOptimized(NioEventLoop.java:579)
	at org.apache.ratis.thirdparty.io.netty.channel.nio.NioEventLoop.processSelectedKeys(NioEventLoop.java:496)
	at org.apache.ratis.thirdparty.io.netty.channel.nio.NioEventLoop.run(NioEventLoop.java:458)
	at org.apache.ratis.thirdparty.io.netty.util.concurrent.SingleThreadEventExecutor$5.run(SingleThreadEventExecutor.java:897)
	at org.apache.ratis.thirdparty.io.netty.util.concurrent.FastThreadLocalRunnable.run(FastThreadLocalRunnable.java:30)
	... 1 more
Caused by: java.net.ConnectException: Connection refused
	... 11 more
2019-09-28 01:15:14,662 [e82472fe-71fb-4472-b416-5021845f2f54@group-6BFCA60A2FDA:LeaderElection39] INFO  impl.LeaderElection (LeaderElection.java:logAndReturn(56)) - e82472fe-71fb-4472-b416-5021845f2f54@group-6BFCA60A2FDA:LeaderElection39: Election REJECTED; received 0 response(s) [] and 2 exception(s); e82472fe-71fb-4472-b416-5021845f2f54@group-6BFCA60A2FDA:t6, leader=null, voted=e82472fe-71fb-4472-b416-5021845f2f54, raftlog=e82472fe-71fb-4472-b416-5021845f2f54@group-6BFCA60A2FDA-SegmentedRaftLog:OPENED:c0,f0,i0, conf=0: [cab9505b-c3df-4889-be4c-e0933a387faa:192.168.151.82:36450, 8bf5c620-efb5-49b6-a768-f4179fc43006:192.168.151.82:41397, e82472fe-71fb-4472-b416-5021845f2f54:192.168.151.82:44038], old=null
2019-09-28 01:15:14,662 [e82472fe-71fb-4472-b416-5021845f2f54@group-6BFCA60A2FDA:LeaderElection39] INFO  impl.LeaderElection (LogUtils.java:infoOrTrace(149)) -   Exception 0: {}
java.util.concurrent.ExecutionException: org.apache.ratis.thirdparty.io.grpc.StatusRuntimeException: UNAVAILABLE: io exception
	at java.util.concurrent.FutureTask.report(FutureTask.java:122)
	at java.util.concurrent.FutureTask.get(FutureTask.java:192)
	at org.apache.ratis.server.impl.LeaderElection.waitForResults(LeaderElection.java:263)
	at org.apache.ratis.server.impl.LeaderElection.askForVotes(LeaderElection.java:201)
	at org.apache.ratis.server.impl.LeaderElection.run(LeaderElection.java:133)
	at java.lang.Thread.run(Thread.java:748)
Caused by: org.apache.ratis.thirdparty.io.grpc.StatusRuntimeException: UNAVAILABLE: io exception
	at org.apache.ratis.thirdparty.io.grpc.stub.ClientCalls.toStatusRuntimeException(ClientCalls.java:233)
	at org.apache.ratis.thirdparty.io.grpc.stub.ClientCalls.getUnchecked(ClientCalls.java:214)
	at org.apache.ratis.thirdparty.io.grpc.stub.ClientCalls.blockingUnaryCall(ClientCalls.java:139)
	at org.apache.ratis.proto.grpc.RaftServerProtocolServiceGrpc$RaftServerProtocolServiceBlockingStub.requestVote(RaftServerProtocolServiceGrpc.java:265)
	at org.apache.ratis.grpc.server.GrpcServerProtocolClient.requestVote(GrpcServerProtocolClient.java:90)
	at org.apache.ratis.grpc.server.GrpcService.requestVote(GrpcService.java:204)
	at org.apache.ratis.server.impl.LeaderElection.lambda$submitRequests$1(LeaderElection.java:238)
	at java.util.concurrent.FutureTask.run(FutureTask.java:266)
	at java.util.concurrent.Executors$RunnableAdapter.call(Executors.java:511)
	at java.util.concurrent.FutureTask.run(FutureTask.java:266)
	at java.util.concurrent.ThreadPoolExecutor.runWorker(ThreadPoolExecutor.java:1149)
	at java.util.concurrent.ThreadPoolExecutor$Worker.run(ThreadPoolExecutor.java:624)
	... 1 more
Caused by: org.apache.ratis.thirdparty.io.netty.channel.AbstractChannel$AnnotatedConnectException: Connection refused: /192.168.151.82:41397
	at sun.nio.ch.SocketChannelImpl.checkConnect(Native Method)
	at sun.nio.ch.SocketChannelImpl.finishConnect(SocketChannelImpl.java:717)
	at org.apache.ratis.thirdparty.io.netty.channel.socket.nio.NioSocketChannel.doFinishConnect(NioSocketChannel.java:327)
	at org.apache.ratis.thirdparty.io.netty.channel.nio.AbstractNioChannel$AbstractNioUnsafe.finishConnect(AbstractNioChannel.java:340)
	at org.apache.ratis.thirdparty.io.netty.channel.nio.NioEventLoop.processSelectedKey(NioEventLoop.java:632)
	at org.apache.ratis.thirdparty.io.netty.channel.nio.NioEventLoop.processSelectedKeysOptimized(NioEventLoop.java:579)
	at org.apache.ratis.thirdparty.io.netty.channel.nio.NioEventLoop.processSelectedKeys(NioEventLoop.java:496)
	at org.apache.ratis.thirdparty.io.netty.channel.nio.NioEventLoop.run(NioEventLoop.java:458)
	at org.apache.ratis.thirdparty.io.netty.util.concurrent.SingleThreadEventExecutor$5.run(SingleThreadEventExecutor.java:897)
	at org.apache.ratis.thirdparty.io.netty.util.concurrent.FastThreadLocalRunnable.run(FastThreadLocalRunnable.java:30)
	... 1 more
Caused by: java.net.ConnectException: Connection refused
	... 11 more
2019-09-28 01:15:14,662 [e82472fe-71fb-4472-b416-5021845f2f54@group-6BFCA60A2FDA:LeaderElection39] INFO  impl.LeaderElection (LogUtils.java:infoOrTrace(149)) -   Exception 1: {}
java.util.concurrent.ExecutionException: org.apache.ratis.thirdparty.io.grpc.StatusRuntimeException: UNAVAILABLE: io exception
	at java.util.concurrent.FutureTask.report(FutureTask.java:122)
	at java.util.concurrent.FutureTask.get(FutureTask.java:192)
	at org.apache.ratis.server.impl.LeaderElection.waitForResults(LeaderElection.java:263)
	at org.apache.ratis.server.impl.LeaderElection.askForVotes(LeaderElection.java:201)
	at org.apache.ratis.server.impl.LeaderElection.run(LeaderElection.java:133)
	at java.lang.Thread.run(Thread.java:748)
Caused by: org.apache.ratis.thirdparty.io.grpc.StatusRuntimeException: UNAVAILABLE: io exception
	at org.apache.ratis.thirdparty.io.grpc.stub.ClientCalls.toStatusRuntimeException(ClientCalls.java:233)
	at org.apache.ratis.thirdparty.io.grpc.stub.ClientCalls.getUnchecked(ClientCalls.java:214)
	at org.apache.ratis.thirdparty.io.grpc.stub.ClientCalls.blockingUnaryCall(ClientCalls.java:139)
	at org.apache.ratis.proto.grpc.RaftServerProtocolServiceGrpc$RaftServerProtocolServiceBlockingStub.requestVote(RaftServerProtocolServiceGrpc.java:265)
	at org.apache.ratis.grpc.server.GrpcServerProtocolClient.requestVote(GrpcServerProtocolClient.java:90)
	at org.apache.ratis.grpc.server.GrpcService.requestVote(GrpcService.java:204)
	at org.apache.ratis.server.impl.LeaderElection.lambda$submitRequests$1(LeaderElection.java:238)
	at java.util.concurrent.FutureTask.run(FutureTask.java:266)
	at java.util.concurrent.Executors$RunnableAdapter.call(Executors.java:511)
	at java.util.concurrent.FutureTask.run(FutureTask.java:266)
	at java.util.concurrent.ThreadPoolExecutor.runWorker(ThreadPoolExecutor.java:1149)
	at java.util.concurrent.ThreadPoolExecutor$Worker.run(ThreadPoolExecutor.java:624)
	... 1 more
Caused by: org.apache.ratis.thirdparty.io.netty.channel.AbstractChannel$AnnotatedConnectException: Connection refused: /192.168.151.82:36450
	at sun.nio.ch.SocketChannelImpl.checkConnect(Native Method)
	at sun.nio.ch.SocketChannelImpl.finishConnect(SocketChannelImpl.java:717)
	at org.apache.ratis.thirdparty.io.netty.channel.socket.nio.NioSocketChannel.doFinishConnect(NioSocketChannel.java:327)
	at org.apache.ratis.thirdparty.io.netty.channel.nio.AbstractNioChannel$AbstractNioUnsafe.finishConnect(AbstractNioChannel.java:340)
	at org.apache.ratis.thirdparty.io.netty.channel.nio.NioEventLoop.processSelectedKey(NioEventLoop.java:632)
	at org.apache.ratis.thirdparty.io.netty.channel.nio.NioEventLoop.processSelectedKeysOptimized(NioEventLoop.java:579)
	at org.apache.ratis.thirdparty.io.netty.channel.nio.NioEventLoop.processSelectedKeys(NioEventLoop.java:496)
	at org.apache.ratis.thirdparty.io.netty.channel.nio.NioEventLoop.run(NioEventLoop.java:458)
	at org.apache.ratis.thirdparty.io.netty.util.concurrent.SingleThreadEventExecutor$5.run(SingleThreadEventExecutor.java:897)
	at org.apache.ratis.thirdparty.io.netty.util.concurrent.FastThreadLocalRunnable.run(FastThreadLocalRunnable.java:30)
	... 1 more
Caused by: java.net.ConnectException: Connection refused
	... 11 more
2019-09-28 01:15:14,663 [e82472fe-71fb-4472-b416-5021845f2f54@group-6BFCA60A2FDA:LeaderElection39] INFO  impl.RaftServerImpl (RaftServerImpl.java:setRole(174)) - e82472fe-71fb-4472-b416-5021845f2f54@group-6BFCA60A2FDA: changes role from CANDIDATE to FOLLOWER at term 6 for DISCOVERED_A_NEW_TERM
2019-09-28 01:15:14,665 [e82472fe-71fb-4472-b416-5021845f2f54@group-6BFCA60A2FDA:LeaderElection39] INFO  impl.RoleInfo (RoleInfo.java:shutdownLeaderElection(134)) - e82472fe-71fb-4472-b416-5021845f2f54: shutdown LeaderElection
2019-09-28 01:15:14,666 [e82472fe-71fb-4472-b416-5021845f2f54@group-6BFCA60A2FDA:LeaderElection39] INFO  impl.RoleInfo (RoleInfo.java:updateAndGet(143)) - e82472fe-71fb-4472-b416-5021845f2f54: start FollowerState
2019-09-28 01:15:14,710 [Thread-1928] INFO  impl.FollowerState (FollowerState.java:run(106)) - 7ca580e1-9483-43e9-999f-08065f5f46f8:group-3679665D126C changes to CANDIDATE, lastRpcTime:1011, electionTimeout:1010ms
2019-09-28 01:15:14,713 [Thread-1928] INFO  impl.RoleInfo (RoleInfo.java:shutdownFollowerState(121)) - 7ca580e1-9483-43e9-999f-08065f5f46f8: shutdown FollowerState
2019-09-28 01:15:14,713 [Thread-1928] INFO  impl.RaftServerImpl (RaftServerImpl.java:setRole(174)) - 7ca580e1-9483-43e9-999f-08065f5f46f8@group-3679665D126C: changes role from  FOLLOWER to CANDIDATE at term 6 for changeToCandidate
2019-09-28 01:15:14,713 [Thread-1928] INFO  impl.RoleInfo (RoleInfo.java:updateAndGet(143)) - 7ca580e1-9483-43e9-999f-08065f5f46f8: start LeaderElection
2019-09-28 01:15:14,745 [7ca580e1-9483-43e9-999f-08065f5f46f8@group-3679665D126C:LeaderElection40] INFO  impl.LeaderElection (LeaderElection.java:askForVotes(182)) - 7ca580e1-9483-43e9-999f-08065f5f46f8@group-3679665D126C:LeaderElection40: begin an election at term 7 for 1: [7ca580e1-9483-43e9-999f-08065f5f46f8:192.168.151.82:39513, 726dacf1-2c06-45a9-9365-4f0196171786:192.168.151.82:39922, d8ea7beb-83bc-4703-8607-f43fb93ff04f:192.168.151.82:34522], old=null
2019-09-28 01:15:14,747 [7ca580e1-9483-43e9-999f-08065f5f46f8@group-3679665D126C:LeaderElection40] INFO  impl.LeaderElection (LogUtils.java:infoOrTrace(149)) - 7ca580e1-9483-43e9-999f-08065f5f46f8@group-3679665D126C:LeaderElection40 got exception when requesting votes: {}
java.util.concurrent.ExecutionException: org.apache.ratis.thirdparty.io.grpc.StatusRuntimeException: UNAVAILABLE: io exception
	at java.util.concurrent.FutureTask.report(FutureTask.java:122)
	at java.util.concurrent.FutureTask.get(FutureTask.java:192)
	at org.apache.ratis.server.impl.LeaderElection.waitForResults(LeaderElection.java:263)
	at org.apache.ratis.server.impl.LeaderElection.askForVotes(LeaderElection.java:201)
	at org.apache.ratis.server.impl.LeaderElection.run(LeaderElection.java:133)
	at java.lang.Thread.run(Thread.java:748)
Caused by: org.apache.ratis.thirdparty.io.grpc.StatusRuntimeException: UNAVAILABLE: io exception
	at org.apache.ratis.thirdparty.io.grpc.stub.ClientCalls.toStatusRuntimeException(ClientCalls.java:233)
	at org.apache.ratis.thirdparty.io.grpc.stub.ClientCalls.getUnchecked(ClientCalls.java:214)
	at org.apache.ratis.thirdparty.io.grpc.stub.ClientCalls.blockingUnaryCall(ClientCalls.java:139)
	at org.apache.ratis.proto.grpc.RaftServerProtocolServiceGrpc$RaftServerProtocolServiceBlockingStub.requestVote(RaftServerProtocolServiceGrpc.java:265)
	at org.apache.ratis.grpc.server.GrpcServerProtocolClient.requestVote(GrpcServerProtocolClient.java:90)
	at org.apache.ratis.grpc.server.GrpcService.requestVote(GrpcService.java:204)
	at org.apache.ratis.server.impl.LeaderElection.lambda$submitRequests$1(LeaderElection.java:238)
	at java.util.concurrent.FutureTask.run(FutureTask.java:266)
	at java.util.concurrent.Executors$RunnableAdapter.call(Executors.java:511)
	at java.util.concurrent.FutureTask.run(FutureTask.java:266)
	at java.util.concurrent.ThreadPoolExecutor.runWorker(ThreadPoolExecutor.java:1149)
	at java.util.concurrent.ThreadPoolExecutor$Worker.run(ThreadPoolExecutor.java:624)
	... 1 more
Caused by: org.apache.ratis.thirdparty.io.netty.channel.AbstractChannel$AnnotatedConnectException: Connection refused: /192.168.151.82:39922
	at sun.nio.ch.SocketChannelImpl.checkConnect(Native Method)
	at sun.nio.ch.SocketChannelImpl.finishConnect(SocketChannelImpl.java:717)
	at org.apache.ratis.thirdparty.io.netty.channel.socket.nio.NioSocketChannel.doFinishConnect(NioSocketChannel.java:327)
	at org.apache.ratis.thirdparty.io.netty.channel.nio.AbstractNioChannel$AbstractNioUnsafe.finishConnect(AbstractNioChannel.java:340)
	at org.apache.ratis.thirdparty.io.netty.channel.nio.NioEventLoop.processSelectedKey(NioEventLoop.java:632)
	at org.apache.ratis.thirdparty.io.netty.channel.nio.NioEventLoop.processSelectedKeysOptimized(NioEventLoop.java:579)
	at org.apache.ratis.thirdparty.io.netty.channel.nio.NioEventLoop.processSelectedKeys(NioEventLoop.java:496)
	at org.apache.ratis.thirdparty.io.netty.channel.nio.NioEventLoop.run(NioEventLoop.java:458)
	at org.apache.ratis.thirdparty.io.netty.util.concurrent.SingleThreadEventExecutor$5.run(SingleThreadEventExecutor.java:897)
	at org.apache.ratis.thirdparty.io.netty.util.concurrent.FastThreadLocalRunnable.run(FastThreadLocalRunnable.java:30)
	... 1 more
Caused by: java.net.ConnectException: Connection refused
	... 11 more
2019-09-28 01:15:14,750 [7ca580e1-9483-43e9-999f-08065f5f46f8@group-3679665D126C:LeaderElection40] INFO  impl.LeaderElection (LogUtils.java:infoOrTrace(149)) - 7ca580e1-9483-43e9-999f-08065f5f46f8@group-3679665D126C:LeaderElection40 got exception when requesting votes: {}
java.util.concurrent.ExecutionException: org.apache.ratis.thirdparty.io.grpc.StatusRuntimeException: UNAVAILABLE: io exception
	at java.util.concurrent.FutureTask.report(FutureTask.java:122)
	at java.util.concurrent.FutureTask.get(FutureTask.java:192)
	at org.apache.ratis.server.impl.LeaderElection.waitForResults(LeaderElection.java:263)
	at org.apache.ratis.server.impl.LeaderElection.askForVotes(LeaderElection.java:201)
	at org.apache.ratis.server.impl.LeaderElection.run(LeaderElection.java:133)
	at java.lang.Thread.run(Thread.java:748)
Caused by: org.apache.ratis.thirdparty.io.grpc.StatusRuntimeException: UNAVAILABLE: io exception
	at org.apache.ratis.thirdparty.io.grpc.stub.ClientCalls.toStatusRuntimeException(ClientCalls.java:233)
	at org.apache.ratis.thirdparty.io.grpc.stub.ClientCalls.getUnchecked(ClientCalls.java:214)
	at org.apache.ratis.thirdparty.io.grpc.stub.ClientCalls.blockingUnaryCall(ClientCalls.java:139)
	at org.apache.ratis.proto.grpc.RaftServerProtocolServiceGrpc$RaftServerProtocolServiceBlockingStub.requestVote(RaftServerProtocolServiceGrpc.java:265)
	at org.apache.ratis.grpc.server.GrpcServerProtocolClient.requestVote(GrpcServerProtocolClient.java:90)
	at org.apache.ratis.grpc.server.GrpcService.requestVote(GrpcService.java:204)
	at org.apache.ratis.server.impl.LeaderElection.lambda$submitRequests$1(LeaderElection.java:238)
	at java.util.concurrent.FutureTask.run(FutureTask.java:266)
	at java.util.concurrent.Executors$RunnableAdapter.call(Executors.java:511)
	at java.util.concurrent.FutureTask.run(FutureTask.java:266)
	at java.util.concurrent.ThreadPoolExecutor.runWorker(ThreadPoolExecutor.java:1149)
	at java.util.concurrent.ThreadPoolExecutor$Worker.run(ThreadPoolExecutor.java:624)
	... 1 more
Caused by: org.apache.ratis.thirdparty.io.netty.channel.AbstractChannel$AnnotatedConnectException: Connection refused: /192.168.151.82:34522
	at sun.nio.ch.SocketChannelImpl.checkConnect(Native Method)
	at sun.nio.ch.SocketChannelImpl.finishConnect(SocketChannelImpl.java:717)
	at org.apache.ratis.thirdparty.io.netty.channel.socket.nio.NioSocketChannel.doFinishConnect(NioSocketChannel.java:327)
	at org.apache.ratis.thirdparty.io.netty.channel.nio.AbstractNioChannel$AbstractNioUnsafe.finishConnect(AbstractNioChannel.java:340)
	at org.apache.ratis.thirdparty.io.netty.channel.nio.NioEventLoop.processSelectedKey(NioEventLoop.java:632)
	at org.apache.ratis.thirdparty.io.netty.channel.nio.NioEventLoop.processSelectedKeysOptimized(NioEventLoop.java:579)
	at org.apache.ratis.thirdparty.io.netty.channel.nio.NioEventLoop.processSelectedKeys(NioEventLoop.java:496)
	at org.apache.ratis.thirdparty.io.netty.channel.nio.NioEventLoop.run(NioEventLoop.java:458)
	at org.apache.ratis.thirdparty.io.netty.util.concurrent.SingleThreadEventExecutor$5.run(SingleThreadEventExecutor.java:897)
	at org.apache.ratis.thirdparty.io.netty.util.concurrent.FastThreadLocalRunnable.run(FastThreadLocalRunnable.java:30)
	... 1 more
Caused by: java.net.ConnectException: Connection refused
	... 11 more
2019-09-28 01:15:14,757 [7ca580e1-9483-43e9-999f-08065f5f46f8@group-3679665D126C:LeaderElection40] INFO  impl.LeaderElection (LeaderElection.java:logAndReturn(56)) - 7ca580e1-9483-43e9-999f-08065f5f46f8@group-3679665D126C:LeaderElection40: Election REJECTED; received 0 response(s) [] and 2 exception(s); 7ca580e1-9483-43e9-999f-08065f5f46f8@group-3679665D126C:t7, leader=null, voted=7ca580e1-9483-43e9-999f-08065f5f46f8, raftlog=7ca580e1-9483-43e9-999f-08065f5f46f8@group-3679665D126C-SegmentedRaftLog:OPENED:c2,f2,i2, conf=1: [7ca580e1-9483-43e9-999f-08065f5f46f8:192.168.151.82:39513, 726dacf1-2c06-45a9-9365-4f0196171786:192.168.151.82:39922, d8ea7beb-83bc-4703-8607-f43fb93ff04f:192.168.151.82:34522], old=null
2019-09-28 01:15:14,757 [7ca580e1-9483-43e9-999f-08065f5f46f8@group-3679665D126C:LeaderElection40] INFO  impl.LeaderElection (LogUtils.java:infoOrTrace(149)) -   Exception 0: {}
java.util.concurrent.ExecutionException: org.apache.ratis.thirdparty.io.grpc.StatusRuntimeException: UNAVAILABLE: io exception
	at java.util.concurrent.FutureTask.report(FutureTask.java:122)
	at java.util.concurrent.FutureTask.get(FutureTask.java:192)
	at org.apache.ratis.server.impl.LeaderElection.waitForResults(LeaderElection.java:263)
	at org.apache.ratis.server.impl.LeaderElection.askForVotes(LeaderElection.java:201)
	at org.apache.ratis.server.impl.LeaderElection.run(LeaderElection.java:133)
	at java.lang.Thread.run(Thread.java:748)
Caused by: org.apache.ratis.thirdparty.io.grpc.StatusRuntimeException: UNAVAILABLE: io exception
	at org.apache.ratis.thirdparty.io.grpc.stub.ClientCalls.toStatusRuntimeException(ClientCalls.java:233)
	at org.apache.ratis.thirdparty.io.grpc.stub.ClientCalls.getUnchecked(ClientCalls.java:214)
	at org.apache.ratis.thirdparty.io.grpc.stub.ClientCalls.blockingUnaryCall(ClientCalls.java:139)
	at org.apache.ratis.proto.grpc.RaftServerProtocolServiceGrpc$RaftServerProtocolServiceBlockingStub.requestVote(RaftServerProtocolServiceGrpc.java:265)
	at org.apache.ratis.grpc.server.GrpcServerProtocolClient.requestVote(GrpcServerProtocolClient.java:90)
	at org.apache.ratis.grpc.server.GrpcService.requestVote(GrpcService.java:204)
	at org.apache.ratis.server.impl.LeaderElection.lambda$submitRequests$1(LeaderElection.java:238)
	at java.util.concurrent.FutureTask.run(FutureTask.java:266)
	at java.util.concurrent.Executors$RunnableAdapter.call(Executors.java:511)
	at java.util.concurrent.FutureTask.run(FutureTask.java:266)
	at java.util.concurrent.ThreadPoolExecutor.runWorker(ThreadPoolExecutor.java:1149)
	at java.util.concurrent.ThreadPoolExecutor$Worker.run(ThreadPoolExecutor.java:624)
	... 1 more
Caused by: org.apache.ratis.thirdparty.io.netty.channel.AbstractChannel$AnnotatedConnectException: Connection refused: /192.168.151.82:39922
	at sun.nio.ch.SocketChannelImpl.checkConnect(Native Method)
	at sun.nio.ch.SocketChannelImpl.finishConnect(SocketChannelImpl.java:717)
	at org.apache.ratis.thirdparty.io.netty.channel.socket.nio.NioSocketChannel.doFinishConnect(NioSocketChannel.java:327)
	at org.apache.ratis.thirdparty.io.netty.channel.nio.AbstractNioChannel$AbstractNioUnsafe.finishConnect(AbstractNioChannel.java:340)
	at org.apache.ratis.thirdparty.io.netty.channel.nio.NioEventLoop.processSelectedKey(NioEventLoop.java:632)
	at org.apache.ratis.thirdparty.io.netty.channel.nio.NioEventLoop.processSelectedKeysOptimized(NioEventLoop.java:579)
	at org.apache.ratis.thirdparty.io.netty.channel.nio.NioEventLoop.processSelectedKeys(NioEventLoop.java:496)
	at org.apache.ratis.thirdparty.io.netty.channel.nio.NioEventLoop.run(NioEventLoop.java:458)
	at org.apache.ratis.thirdparty.io.netty.util.concurrent.SingleThreadEventExecutor$5.run(SingleThreadEventExecutor.java:897)
	at org.apache.ratis.thirdparty.io.netty.util.concurrent.FastThreadLocalRunnable.run(FastThreadLocalRunnable.java:30)
	... 1 more
Caused by: java.net.ConnectException: Connection refused
	... 11 more
2019-09-28 01:15:14,757 [7ca580e1-9483-43e9-999f-08065f5f46f8@group-3679665D126C:LeaderElection40] INFO  impl.LeaderElection (LogUtils.java:infoOrTrace(149)) -   Exception 1: {}
java.util.concurrent.ExecutionException: org.apache.ratis.thirdparty.io.grpc.StatusRuntimeException: UNAVAILABLE: io exception
	at java.util.concurrent.FutureTask.report(FutureTask.java:122)
	at java.util.concurrent.FutureTask.get(FutureTask.java:192)
	at org.apache.ratis.server.impl.LeaderElection.waitForResults(LeaderElection.java:263)
	at org.apache.ratis.server.impl.LeaderElection.askForVotes(LeaderElection.java:201)
	at org.apache.ratis.server.impl.LeaderElection.run(LeaderElection.java:133)
	at java.lang.Thread.run(Thread.java:748)
Caused by: org.apache.ratis.thirdparty.io.grpc.StatusRuntimeException: UNAVAILABLE: io exception
	at org.apache.ratis.thirdparty.io.grpc.stub.ClientCalls.toStatusRuntimeException(ClientCalls.java:233)
	at org.apache.ratis.thirdparty.io.grpc.stub.ClientCalls.getUnchecked(ClientCalls.java:214)
	at org.apache.ratis.thirdparty.io.grpc.stub.ClientCalls.blockingUnaryCall(ClientCalls.java:139)
	at org.apache.ratis.proto.grpc.RaftServerProtocolServiceGrpc$RaftServerProtocolServiceBlockingStub.requestVote(RaftServerProtocolServiceGrpc.java:265)
	at org.apache.ratis.grpc.server.GrpcServerProtocolClient.requestVote(GrpcServerProtocolClient.java:90)
	at org.apache.ratis.grpc.server.GrpcService.requestVote(GrpcService.java:204)
	at org.apache.ratis.server.impl.LeaderElection.lambda$submitRequests$1(LeaderElection.java:238)
	at java.util.concurrent.FutureTask.run(FutureTask.java:266)
	at java.util.concurrent.Executors$RunnableAdapter.call(Executors.java:511)
	at java.util.concurrent.FutureTask.run(FutureTask.java:266)
	at java.util.concurrent.ThreadPoolExecutor.runWorker(ThreadPoolExecutor.java:1149)
	at java.util.concurrent.ThreadPoolExecutor$Worker.run(ThreadPoolExecutor.java:624)
	... 1 more
Caused by: org.apache.ratis.thirdparty.io.netty.channel.AbstractChannel$AnnotatedConnectException: Connection refused: /192.168.151.82:34522
	at sun.nio.ch.SocketChannelImpl.checkConnect(Native Method)
	at sun.nio.ch.SocketChannelImpl.finishConnect(SocketChannelImpl.java:717)
	at org.apache.ratis.thirdparty.io.netty.channel.socket.nio.NioSocketChannel.doFinishConnect(NioSocketChannel.java:327)
	at org.apache.ratis.thirdparty.io.netty.channel.nio.AbstractNioChannel$AbstractNioUnsafe.finishConnect(AbstractNioChannel.java:340)
	at org.apache.ratis.thirdparty.io.netty.channel.nio.NioEventLoop.processSelectedKey(NioEventLoop.java:632)
	at org.apache.ratis.thirdparty.io.netty.channel.nio.NioEventLoop.processSelectedKeysOptimized(NioEventLoop.java:579)
	at org.apache.ratis.thirdparty.io.netty.channel.nio.NioEventLoop.processSelectedKeys(NioEventLoop.java:496)
	at org.apache.ratis.thirdparty.io.netty.channel.nio.NioEventLoop.run(NioEventLoop.java:458)
	at org.apache.ratis.thirdparty.io.netty.util.concurrent.SingleThreadEventExecutor$5.run(SingleThreadEventExecutor.java:897)
	at org.apache.ratis.thirdparty.io.netty.util.concurrent.FastThreadLocalRunnable.run(FastThreadLocalRunnable.java:30)
	... 1 more
Caused by: java.net.ConnectException: Connection refused
	... 11 more
2019-09-28 01:15:14,762 [7ca580e1-9483-43e9-999f-08065f5f46f8@group-3679665D126C:LeaderElection40] INFO  impl.RaftServerImpl (RaftServerImpl.java:setRole(174)) - 7ca580e1-9483-43e9-999f-08065f5f46f8@group-3679665D126C: changes role from CANDIDATE to FOLLOWER at term 7 for DISCOVERED_A_NEW_TERM
2019-09-28 01:15:14,764 [7ca580e1-9483-43e9-999f-08065f5f46f8@group-3679665D126C:LeaderElection40] INFO  impl.RoleInfo (RoleInfo.java:shutdownLeaderElection(134)) - 7ca580e1-9483-43e9-999f-08065f5f46f8: shutdown LeaderElection
2019-09-28 01:15:14,764 [7ca580e1-9483-43e9-999f-08065f5f46f8@group-3679665D126C:LeaderElection40] INFO  impl.RoleInfo (RoleInfo.java:updateAndGet(143)) - 7ca580e1-9483-43e9-999f-08065f5f46f8: start FollowerState
2019-09-28 01:15:15,128 [ForkJoinPool.commonPool-worker-0] INFO  ozoneimpl.OzoneContainer (OzoneContainer.java:stop(231)) - Attempting to stop container services.
2019-09-28 01:15:15,131 [main] INFO  ozoneimpl.OzoneContainer (OzoneContainer.java:stop(231)) - Attempting to stop container services.
2019-09-28 01:15:15,131 [ForkJoinPool.commonPool-worker-0] INFO  impl.RaftServerProxy (RaftServerProxy.java:lambda$close$4(314)) - 7ca580e1-9483-43e9-999f-08065f5f46f8: close
2019-09-28 01:15:15,132 [main] INFO  impl.RaftServerProxy (RaftServerProxy.java:lambda$close$4(314)) - c5982eae-d64d-4d85-bf8e-680be3da7c97: close
2019-09-28 01:15:15,132 [ForkJoinPool.commonPool-worker-0] INFO  impl.RaftServerImpl (RaftServerImpl.java:lambda$shutdown$3(251)) - 7ca580e1-9483-43e9-999f-08065f5f46f8@group-3679665D126C: shutdown
2019-09-28 01:15:15,132 [main] INFO  impl.RaftServerImpl (RaftServerImpl.java:lambda$shutdown$3(251)) - c5982eae-d64d-4d85-bf8e-680be3da7c97@group-F5D139EFAB30: shutdown
2019-09-28 01:15:15,133 [ForkJoinPool.commonPool-worker-0] INFO  util.JmxRegister (JmxRegister.java:unregister(73)) - Successfully un-registered JMX Bean with object name Ratis:service=RaftServer,group=group-3679665D126C,id=7ca580e1-9483-43e9-999f-08065f5f46f8
2019-09-28 01:15:15,133 [main] INFO  util.JmxRegister (JmxRegister.java:unregister(73)) - Successfully un-registered JMX Bean with object name Ratis:service=RaftServer,group=group-F5D139EFAB30,id=c5982eae-d64d-4d85-bf8e-680be3da7c97
2019-09-28 01:15:15,134 [ForkJoinPool.commonPool-worker-0] INFO  impl.RoleInfo (RoleInfo.java:shutdownFollowerState(121)) - 7ca580e1-9483-43e9-999f-08065f5f46f8: shutdown FollowerState
2019-09-28 01:15:15,134 [main] INFO  impl.RoleInfo (RoleInfo.java:shutdownFollowerState(121)) - c5982eae-d64d-4d85-bf8e-680be3da7c97: shutdown FollowerState
2019-09-28 01:15:15,135 [Thread-1940] INFO  impl.FollowerState (FollowerState.java:run(115)) - 7ca580e1-9483-43e9-999f-08065f5f46f8: FollowerState was interrupted: java.lang.InterruptedException: sleep interrupted
2019-09-28 01:15:15,134 [ForkJoinPool.commonPool-worker-0] INFO  impl.StateMachineUpdater (StateMachineUpdater.java:stopAndJoin(125)) - 7ca580e1-9483-43e9-999f-08065f5f46f8@group-3679665D126C-StateMachineUpdater: set stopIndex = 2
2019-09-28 01:15:15,135 [Thread-1932] INFO  impl.FollowerState (FollowerState.java:run(115)) - c5982eae-d64d-4d85-bf8e-680be3da7c97: FollowerState was interrupted: java.lang.InterruptedException: sleep interrupted
2019-09-28 01:15:15,135 [main] INFO  impl.StateMachineUpdater (StateMachineUpdater.java:stopAndJoin(125)) - c5982eae-d64d-4d85-bf8e-680be3da7c97@group-F5D139EFAB30-StateMachineUpdater: set stopIndex = 0
2019-09-28 01:15:15,138 [main] INFO  impl.RaftServerImpl (ServerState.java:close(385)) - c5982eae-d64d-4d85-bf8e-680be3da7c97@group-F5D139EFAB30: closes. applyIndex: 0
2019-09-28 01:15:15,138 [ForkJoinPool.commonPool-worker-0] INFO  impl.RaftServerImpl (ServerState.java:close(385)) - 7ca580e1-9483-43e9-999f-08065f5f46f8@group-3679665D126C: closes. applyIndex: 2
2019-09-28 01:15:15,139 [c5982eae-d64d-4d85-bf8e-680be3da7c97@group-F5D139EFAB30-SegmentedRaftLogWorker] INFO  segmented.SegmentedRaftLogWorker (SegmentedRaftLogWorker.java:run(313)) - c5982eae-d64d-4d85-bf8e-680be3da7c97@group-F5D139EFAB30-SegmentedRaftLogWorker was interrupted, exiting. There are 0 tasks remaining in the queue.
2019-09-28 01:15:15,139 [7ca580e1-9483-43e9-999f-08065f5f46f8@group-3679665D126C-SegmentedRaftLogWorker] INFO  segmented.SegmentedRaftLogWorker (SegmentedRaftLogWorker.java:run(313)) - 7ca580e1-9483-43e9-999f-08065f5f46f8@group-3679665D126C-SegmentedRaftLogWorker was interrupted, exiting. There are 0 tasks remaining in the queue.
2019-09-28 01:15:15,140 [main] INFO  segmented.SegmentedRaftLogWorker (SegmentedRaftLogWorker.java:close(228)) - c5982eae-d64d-4d85-bf8e-680be3da7c97@group-F5D139EFAB30-SegmentedRaftLogWorker close()
2019-09-28 01:15:15,140 [ForkJoinPool.commonPool-worker-0] INFO  segmented.SegmentedRaftLogWorker (SegmentedRaftLogWorker.java:close(228)) - 7ca580e1-9483-43e9-999f-08065f5f46f8@group-3679665D126C-SegmentedRaftLogWorker close()
2019-09-28 01:15:15,142 [main] INFO  impl.RaftServerImpl (RaftServerImpl.java:lambda$shutdown$3(251)) - c5982eae-d64d-4d85-bf8e-680be3da7c97@group-451F9A59DB8D: shutdown
2019-09-28 01:15:15,144 [ForkJoinPool.commonPool-worker-0] INFO  impl.RaftServerImpl (RaftServerImpl.java:lambda$shutdown$3(251)) - 7ca580e1-9483-43e9-999f-08065f5f46f8@group-D0E4ABE7B523: shutdown
2019-09-28 01:15:15,144 [main] INFO  util.JmxRegister (JmxRegister.java:unregister(73)) - Successfully un-registered JMX Bean with object name Ratis:service=RaftServer,group=group-451F9A59DB8D,id=c5982eae-d64d-4d85-bf8e-680be3da7c97
2019-09-28 01:15:15,144 [ForkJoinPool.commonPool-worker-0] INFO  util.JmxRegister (JmxRegister.java:unregister(73)) - Successfully un-registered JMX Bean with object name Ratis:service=RaftServer,group=group-D0E4ABE7B523,id=7ca580e1-9483-43e9-999f-08065f5f46f8
2019-09-28 01:15:15,145 [main] INFO  impl.RoleInfo (RoleInfo.java:shutdownLeaderState(104)) - c5982eae-d64d-4d85-bf8e-680be3da7c97: shutdown LeaderState
2019-09-28 01:15:15,145 [ForkJoinPool.commonPool-worker-0] INFO  impl.RoleInfo (RoleInfo.java:shutdownLeaderState(104)) - 7ca580e1-9483-43e9-999f-08065f5f46f8: shutdown LeaderState
2019-09-28 01:15:15,146 [main] INFO  impl.PendingRequests (PendingRequests.java:sendNotLeaderResponses(202)) - c5982eae-d64d-4d85-bf8e-680be3da7c97-PendingRequests: sendNotLeaderResponses
2019-09-28 01:15:15,146 [ForkJoinPool.commonPool-worker-0] INFO  impl.PendingRequests (PendingRequests.java:sendNotLeaderResponses(202)) - 7ca580e1-9483-43e9-999f-08065f5f46f8-PendingRequests: sendNotLeaderResponses
2019-09-28 01:15:15,147 [main] INFO  impl.StateMachineUpdater (StateMachineUpdater.java:stopAndJoin(125)) - c5982eae-d64d-4d85-bf8e-680be3da7c97@group-451F9A59DB8D-StateMachineUpdater: set stopIndex = 0
2019-09-28 01:15:15,147 [ForkJoinPool.commonPool-worker-0] INFO  impl.StateMachineUpdater (StateMachineUpdater.java:stopAndJoin(125)) - 7ca580e1-9483-43e9-999f-08065f5f46f8@group-D0E4ABE7B523-StateMachineUpdater: set stopIndex = 0
2019-09-28 01:15:15,148 [main] INFO  impl.RaftServerImpl (ServerState.java:close(385)) - c5982eae-d64d-4d85-bf8e-680be3da7c97@group-451F9A59DB8D: closes. applyIndex: 0
2019-09-28 01:15:15,148 [ForkJoinPool.commonPool-worker-0] INFO  impl.RaftServerImpl (ServerState.java:close(385)) - 7ca580e1-9483-43e9-999f-08065f5f46f8@group-D0E4ABE7B523: closes. applyIndex: 0
2019-09-28 01:15:15,148 [c5982eae-d64d-4d85-bf8e-680be3da7c97@group-451F9A59DB8D-SegmentedRaftLogWorker] INFO  segmented.SegmentedRaftLogWorker (SegmentedRaftLogWorker.java:run(313)) - c5982eae-d64d-4d85-bf8e-680be3da7c97@group-451F9A59DB8D-SegmentedRaftLogWorker was interrupted, exiting. There are 0 tasks remaining in the queue.
2019-09-28 01:15:15,149 [7ca580e1-9483-43e9-999f-08065f5f46f8@group-D0E4ABE7B523-SegmentedRaftLogWorker] INFO  segmented.SegmentedRaftLogWorker (SegmentedRaftLogWorker.java:run(313)) - 7ca580e1-9483-43e9-999f-08065f5f46f8@group-D0E4ABE7B523-SegmentedRaftLogWorker was interrupted, exiting. There are 0 tasks remaining in the queue.
2019-09-28 01:15:15,149 [main] INFO  segmented.SegmentedRaftLogWorker (SegmentedRaftLogWorker.java:close(228)) - c5982eae-d64d-4d85-bf8e-680be3da7c97@group-451F9A59DB8D-SegmentedRaftLogWorker close()
2019-09-28 01:15:15,149 [ForkJoinPool.commonPool-worker-0] INFO  segmented.SegmentedRaftLogWorker (SegmentedRaftLogWorker.java:close(228)) - 7ca580e1-9483-43e9-999f-08065f5f46f8@group-D0E4ABE7B523-SegmentedRaftLogWorker close()
2019-09-28 01:15:15,151 [main] INFO  server.GrpcService (GrpcService.java:closeImpl(164)) - c5982eae-d64d-4d85-bf8e-680be3da7c97: shutdown server with port 39895 now
2019-09-28 01:15:15,153 [ForkJoinPool.commonPool-worker-0] INFO  server.GrpcService (GrpcService.java:closeImpl(164)) - 7ca580e1-9483-43e9-999f-08065f5f46f8: shutdown server with port 39513 now
2019-09-28 01:15:15,154 [main] INFO  server.GrpcService (GrpcService.java:closeImpl(172)) - c5982eae-d64d-4d85-bf8e-680be3da7c97: shutdown server with port 39895 successfully
2019-09-28 01:15:15,154 [ForkJoinPool.commonPool-worker-0] INFO  server.GrpcService (GrpcService.java:closeImpl(172)) - 7ca580e1-9483-43e9-999f-08065f5f46f8: shutdown server with port 39513 successfully
2019-09-28 01:15:15,162 [refreshUsed-/workdir/hadoop-ozone/integration-test/target/test-dir/MiniOzoneClusterImpl-fa4977c4-dda7-4050-b4ba-2f9fed17fcef/datanode-9/data/containers] WARN  fs.CachingGetSpaceUsed (CachingGetSpaceUsed.java:run(183)) - Thread Interrupted waiting to refresh disk information: sleep interrupted
2019-09-28 01:15:15,169 [refreshUsed-/workdir/hadoop-ozone/integration-test/target/test-dir/MiniOzoneClusterImpl-fa4977c4-dda7-4050-b4ba-2f9fed17fcef/datanode-0/data/containers] WARN  fs.CachingGetSpaceUsed (CachingGetSpaceUsed.java:run(183)) - Thread Interrupted waiting to refresh disk information: sleep interrupted
2019-09-28 01:15:15,186 [main] INFO  utils.BackgroundService (BackgroundService.java:shutdown(148)) - Shutting down service BlockDeletingService
2019-09-28 01:15:15,191 [main] INFO  statemachine.DatanodeStateMachine (DatanodeStateMachine.java:stopDaemon(395)) - Ozone container server stopped.
2019-09-28 01:15:15,192 [main] INFO  handler.ContextHandler (ContextHandler.java:doStop(910)) - Stopped o.e.j.w.WebAppContext@4527f70a{/,null,UNAVAILABLE}{/hddsDatanode}
2019-09-28 01:15:15,193 [main] INFO  server.AbstractConnector (AbstractConnector.java:doStop(318)) - Stopped ServerConnector@707b1a44{HTTP/1.1,[http/1.1]}{0.0.0.0:0}
2019-09-28 01:15:15,193 [main] INFO  handler.ContextHandler (ContextHandler.java:doStop(910)) - Stopped o.e.j.s.ServletContextHandler@4a2929a4{/static,jar:file:/home/user/.m2/repository/org/apache/hadoop/hadoop-hdds-container-service/0.5.0-SNAPSHOT/hadoop-hdds-container-service-0.5.0-SNAPSHOT.jar!/webapps/static,UNAVAILABLE}
2019-09-28 01:15:15,193 [main] INFO  handler.ContextHandler (ContextHandler.java:doStop(910)) - Stopped o.e.j.s.ServletContextHandler@446626a7{/logs,file:///workdir/hadoop-ozone/integration-test/target/log,UNAVAILABLE}
2019-09-28 01:15:15,196 [ForkJoinPool.commonPool-worker-0] INFO  utils.BackgroundService (BackgroundService.java:shutdown(148)) - Shutting down service BlockDeletingService
2019-09-28 01:15:15,200 [ForkJoinPool.commonPool-worker-0] INFO  statemachine.DatanodeStateMachine (DatanodeStateMachine.java:stopDaemon(395)) - Ozone container server stopped.
2019-09-28 01:15:15,204 [ForkJoinPool.commonPool-worker-0] INFO  handler.ContextHandler (ContextHandler.java:doStop(910)) - Stopped o.e.j.w.WebAppContext@e84fb85{/,null,UNAVAILABLE}{/hddsDatanode}
2019-09-28 01:15:15,204 [ForkJoinPool.commonPool-worker-0] INFO  server.AbstractConnector (AbstractConnector.java:doStop(318)) - Stopped ServerConnector@68a4dcc6{HTTP/1.1,[http/1.1]}{0.0.0.0:0}
2019-09-28 01:15:15,206 [ForkJoinPool.commonPool-worker-0] INFO  handler.ContextHandler (ContextHandler.java:doStop(910)) - Stopped o.e.j.s.ServletContextHandler@70228253{/static,jar:file:/home/user/.m2/repository/org/apache/hadoop/hadoop-hdds-container-service/0.5.0-SNAPSHOT/hadoop-hdds-container-service-0.5.0-SNAPSHOT.jar!/webapps/static,UNAVAILABLE}
2019-09-28 01:15:15,207 [ForkJoinPool.commonPool-worker-0] INFO  handler.ContextHandler (ContextHandler.java:doStop(910)) - Stopped o.e.j.s.ServletContextHandler@9596ce8{/logs,file:///workdir/hadoop-ozone/integration-test/target/log,UNAVAILABLE}
2019-09-28 01:15:15,369 [Datanode State Machine Thread - 0] INFO  statemachine.DatanodeStateMachine (DatanodeStateMachine.java:lambda$startDaemon$0(350)) - Ozone container server started.
2019-09-28 01:15:15,393 [Datanode State Machine Thread - 0] INFO  statemachine.DatanodeStateMachine (DatanodeStateMachine.java:lambda$startDaemon$0(350)) - Ozone container server started.
2019-09-28 01:15:15,836 [Thread-1936] INFO  impl.FollowerState (FollowerState.java:run(106)) - e82472fe-71fb-4472-b416-5021845f2f54:group-6BFCA60A2FDA changes to CANDIDATE, lastRpcTime:1170, electionTimeout:1168ms
2019-09-28 01:15:15,837 [Thread-1936] INFO  impl.RoleInfo (RoleInfo.java:shutdownFollowerState(121)) - e82472fe-71fb-4472-b416-5021845f2f54: shutdown FollowerState
2019-09-28 01:15:15,837 [Thread-1936] INFO  impl.RaftServerImpl (RaftServerImpl.java:setRole(174)) - e82472fe-71fb-4472-b416-5021845f2f54@group-6BFCA60A2FDA: changes role from  FOLLOWER to CANDIDATE at term 6 for changeToCandidate
2019-09-28 01:15:15,837 [Thread-1936] INFO  impl.RoleInfo (RoleInfo.java:updateAndGet(143)) - e82472fe-71fb-4472-b416-5021845f2f54: start LeaderElection
2019-09-28 01:15:15,864 [e82472fe-71fb-4472-b416-5021845f2f54@group-6BFCA60A2FDA:LeaderElection41] INFO  impl.LeaderElection (LeaderElection.java:askForVotes(182)) - e82472fe-71fb-4472-b416-5021845f2f54@group-6BFCA60A2FDA:LeaderElection41: begin an election at term 7 for 0: [cab9505b-c3df-4889-be4c-e0933a387faa:192.168.151.82:36450, 8bf5c620-efb5-49b6-a768-f4179fc43006:192.168.151.82:41397, e82472fe-71fb-4472-b416-5021845f2f54:192.168.151.82:44038], old=null
2019-09-28 01:15:15,866 [e82472fe-71fb-4472-b416-5021845f2f54@group-6BFCA60A2FDA:LeaderElection41] INFO  impl.LeaderElection (LogUtils.java:infoOrTrace(149)) - e82472fe-71fb-4472-b416-5021845f2f54@group-6BFCA60A2FDA:LeaderElection41 got exception when requesting votes: {}
java.util.concurrent.ExecutionException: org.apache.ratis.thirdparty.io.grpc.StatusRuntimeException: UNAVAILABLE: io exception
	at java.util.concurrent.FutureTask.report(FutureTask.java:122)
	at java.util.concurrent.FutureTask.get(FutureTask.java:192)
	at org.apache.ratis.server.impl.LeaderElection.waitForResults(LeaderElection.java:263)
	at org.apache.ratis.server.impl.LeaderElection.askForVotes(LeaderElection.java:201)
	at org.apache.ratis.server.impl.LeaderElection.run(LeaderElection.java:133)
	at java.lang.Thread.run(Thread.java:748)
Caused by: org.apache.ratis.thirdparty.io.grpc.StatusRuntimeException: UNAVAILABLE: io exception
	at org.apache.ratis.thirdparty.io.grpc.stub.ClientCalls.toStatusRuntimeException(ClientCalls.java:233)
	at org.apache.ratis.thirdparty.io.grpc.stub.ClientCalls.getUnchecked(ClientCalls.java:214)
	at org.apache.ratis.thirdparty.io.grpc.stub.ClientCalls.blockingUnaryCall(ClientCalls.java:139)
	at org.apache.ratis.proto.grpc.RaftServerProtocolServiceGrpc$RaftServerProtocolServiceBlockingStub.requestVote(RaftServerProtocolServiceGrpc.java:265)
	at org.apache.ratis.grpc.server.GrpcServerProtocolClient.requestVote(GrpcServerProtocolClient.java:90)
	at org.apache.ratis.grpc.server.GrpcService.requestVote(GrpcService.java:204)
	at org.apache.ratis.server.impl.LeaderElection.lambda$submitRequests$1(LeaderElection.java:238)
	at java.util.concurrent.FutureTask.run(FutureTask.java:266)
	at java.util.concurrent.Executors$RunnableAdapter.call(Executors.java:511)
	at java.util.concurrent.FutureTask.run(FutureTask.java:266)
	at java.util.concurrent.ThreadPoolExecutor.runWorker(ThreadPoolExecutor.java:1149)
	at java.util.concurrent.ThreadPoolExecutor$Worker.run(ThreadPoolExecutor.java:624)
	... 1 more
Caused by: org.apache.ratis.thirdparty.io.netty.channel.AbstractChannel$AnnotatedConnectException: Connection refused: /192.168.151.82:36450
	at sun.nio.ch.SocketChannelImpl.checkConnect(Native Method)
	at sun.nio.ch.SocketChannelImpl.finishConnect(SocketChannelImpl.java:717)
	at org.apache.ratis.thirdparty.io.netty.channel.socket.nio.NioSocketChannel.doFinishConnect(NioSocketChannel.java:327)
	at org.apache.ratis.thirdparty.io.netty.channel.nio.AbstractNioChannel$AbstractNioUnsafe.finishConnect(AbstractNioChannel.java:340)
	at org.apache.ratis.thirdparty.io.netty.channel.nio.NioEventLoop.processSelectedKey(NioEventLoop.java:632)
	at org.apache.ratis.thirdparty.io.netty.channel.nio.NioEventLoop.processSelectedKeysOptimized(NioEventLoop.java:579)
	at org.apache.ratis.thirdparty.io.netty.channel.nio.NioEventLoop.processSelectedKeys(NioEventLoop.java:496)
	at org.apache.ratis.thirdparty.io.netty.channel.nio.NioEventLoop.run(NioEventLoop.java:458)
	at org.apache.ratis.thirdparty.io.netty.util.concurrent.SingleThreadEventExecutor$5.run(SingleThreadEventExecutor.java:897)
	at org.apache.ratis.thirdparty.io.netty.util.concurrent.FastThreadLocalRunnable.run(FastThreadLocalRunnable.java:30)
	... 1 more
Caused by: java.net.ConnectException: Connection refused
	... 11 more
2019-09-28 01:15:15,869 [e82472fe-71fb-4472-b416-5021845f2f54@group-6BFCA60A2FDA:LeaderElection41] INFO  impl.LeaderElection (LogUtils.java:infoOrTrace(149)) - e82472fe-71fb-4472-b416-5021845f2f54@group-6BFCA60A2FDA:LeaderElection41 got exception when requesting votes: {}
java.util.concurrent.ExecutionException: org.apache.ratis.thirdparty.io.grpc.StatusRuntimeException: UNAVAILABLE: io exception
	at java.util.concurrent.FutureTask.report(FutureTask.java:122)
	at java.util.concurrent.FutureTask.get(FutureTask.java:192)
	at org.apache.ratis.server.impl.LeaderElection.waitForResults(LeaderElection.java:263)
	at org.apache.ratis.server.impl.LeaderElection.askForVotes(LeaderElection.java:201)
	at org.apache.ratis.server.impl.LeaderElection.run(LeaderElection.java:133)
	at java.lang.Thread.run(Thread.java:748)
Caused by: org.apache.ratis.thirdparty.io.grpc.StatusRuntimeException: UNAVAILABLE: io exception
	at org.apache.ratis.thirdparty.io.grpc.stub.ClientCalls.toStatusRuntimeException(ClientCalls.java:233)
	at org.apache.ratis.thirdparty.io.grpc.stub.ClientCalls.getUnchecked(ClientCalls.java:214)
	at org.apache.ratis.thirdparty.io.grpc.stub.ClientCalls.blockingUnaryCall(ClientCalls.java:139)
	at org.apache.ratis.proto.grpc.RaftServerProtocolServiceGrpc$RaftServerProtocolServiceBlockingStub.requestVote(RaftServerProtocolServiceGrpc.java:265)
	at org.apache.ratis.grpc.server.GrpcServerProtocolClient.requestVote(GrpcServerProtocolClient.java:90)
	at org.apache.ratis.grpc.server.GrpcService.requestVote(GrpcService.java:204)
	at org.apache.ratis.server.impl.LeaderElection.lambda$submitRequests$1(LeaderElection.java:238)
	at java.util.concurrent.FutureTask.run(FutureTask.java:266)
	at java.util.concurrent.Executors$RunnableAdapter.call(Executors.java:511)
	at java.util.concurrent.FutureTask.run(FutureTask.java:266)
	at java.util.concurrent.ThreadPoolExecutor.runWorker(ThreadPoolExecutor.java:1149)
	at java.util.concurrent.ThreadPoolExecutor$Worker.run(ThreadPoolExecutor.java:624)
	... 1 more
Caused by: org.apache.ratis.thirdparty.io.netty.channel.AbstractChannel$AnnotatedConnectException: Connection refused: /192.168.151.82:41397
	at sun.nio.ch.SocketChannelImpl.checkConnect(Native Method)
	at sun.nio.ch.SocketChannelImpl.finishConnect(SocketChannelImpl.java:717)
	at org.apache.ratis.thirdparty.io.netty.channel.socket.nio.NioSocketChannel.doFinishConnect(NioSocketChannel.java:327)
	at org.apache.ratis.thirdparty.io.netty.channel.nio.AbstractNioChannel$AbstractNioUnsafe.finishConnect(AbstractNioChannel.java:340)
	at org.apache.ratis.thirdparty.io.netty.channel.nio.NioEventLoop.processSelectedKey(NioEventLoop.java:632)
	at org.apache.ratis.thirdparty.io.netty.channel.nio.NioEventLoop.processSelectedKeysOptimized(NioEventLoop.java:579)
	at org.apache.ratis.thirdparty.io.netty.channel.nio.NioEventLoop.processSelectedKeys(NioEventLoop.java:496)
	at org.apache.ratis.thirdparty.io.netty.channel.nio.NioEventLoop.run(NioEventLoop.java:458)
	at org.apache.ratis.thirdparty.io.netty.util.concurrent.SingleThreadEventExecutor$5.run(SingleThreadEventExecutor.java:897)
	at org.apache.ratis.thirdparty.io.netty.util.concurrent.FastThreadLocalRunnable.run(FastThreadLocalRunnable.java:30)
	... 1 more
Caused by: java.net.ConnectException: Connection refused
	... 11 more
2019-09-28 01:15:15,871 [e82472fe-71fb-4472-b416-5021845f2f54@group-6BFCA60A2FDA:LeaderElection41] INFO  impl.LeaderElection (LeaderElection.java:logAndReturn(56)) - e82472fe-71fb-4472-b416-5021845f2f54@group-6BFCA60A2FDA:LeaderElection41: Election REJECTED; received 0 response(s) [] and 2 exception(s); e82472fe-71fb-4472-b416-5021845f2f54@group-6BFCA60A2FDA:t7, leader=null, voted=e82472fe-71fb-4472-b416-5021845f2f54, raftlog=e82472fe-71fb-4472-b416-5021845f2f54@group-6BFCA60A2FDA-SegmentedRaftLog:OPENED:c0,f0,i0, conf=0: [cab9505b-c3df-4889-be4c-e0933a387faa:192.168.151.82:36450, 8bf5c620-efb5-49b6-a768-f4179fc43006:192.168.151.82:41397, e82472fe-71fb-4472-b416-5021845f2f54:192.168.151.82:44038], old=null
2019-09-28 01:15:15,872 [e82472fe-71fb-4472-b416-5021845f2f54@group-6BFCA60A2FDA:LeaderElection41] INFO  impl.LeaderElection (LogUtils.java:infoOrTrace(149)) -   Exception 0: {}
java.util.concurrent.ExecutionException: org.apache.ratis.thirdparty.io.grpc.StatusRuntimeException: UNAVAILABLE: io exception
	at java.util.concurrent.FutureTask.report(FutureTask.java:122)
	at java.util.concurrent.FutureTask.get(FutureTask.java:192)
	at org.apache.ratis.server.impl.LeaderElection.waitForResults(LeaderElection.java:263)
	at org.apache.ratis.server.impl.LeaderElection.askForVotes(LeaderElection.java:201)
	at org.apache.ratis.server.impl.LeaderElection.run(LeaderElection.java:133)
	at java.lang.Thread.run(Thread.java:748)
Caused by: org.apache.ratis.thirdparty.io.grpc.StatusRuntimeException: UNAVAILABLE: io exception
	at org.apache.ratis.thirdparty.io.grpc.stub.ClientCalls.toStatusRuntimeException(ClientCalls.java:233)
	at org.apache.ratis.thirdparty.io.grpc.stub.ClientCalls.getUnchecked(ClientCalls.java:214)
	at org.apache.ratis.thirdparty.io.grpc.stub.ClientCalls.blockingUnaryCall(ClientCalls.java:139)
	at org.apache.ratis.proto.grpc.RaftServerProtocolServiceGrpc$RaftServerProtocolServiceBlockingStub.requestVote(RaftServerProtocolServiceGrpc.java:265)
	at org.apache.ratis.grpc.server.GrpcServerProtocolClient.requestVote(GrpcServerProtocolClient.java:90)
	at org.apache.ratis.grpc.server.GrpcService.requestVote(GrpcService.java:204)
	at org.apache.ratis.server.impl.LeaderElection.lambda$submitRequests$1(LeaderElection.java:238)
	at java.util.concurrent.FutureTask.run(FutureTask.java:266)
	at java.util.concurrent.Executors$RunnableAdapter.call(Executors.java:511)
	at java.util.concurrent.FutureTask.run(FutureTask.java:266)
	at java.util.concurrent.ThreadPoolExecutor.runWorker(ThreadPoolExecutor.java:1149)
	at java.util.concurrent.ThreadPoolExecutor$Worker.run(ThreadPoolExecutor.java:624)
	... 1 more
Caused by: org.apache.ratis.thirdparty.io.netty.channel.AbstractChannel$AnnotatedConnectException: Connection refused: /192.168.151.82:36450
	at sun.nio.ch.SocketChannelImpl.checkConnect(Native Method)
	at sun.nio.ch.SocketChannelImpl.finishConnect(SocketChannelImpl.java:717)
	at org.apache.ratis.thirdparty.io.netty.channel.socket.nio.NioSocketChannel.doFinishConnect(NioSocketChannel.java:327)
	at org.apache.ratis.thirdparty.io.netty.channel.nio.AbstractNioChannel$AbstractNioUnsafe.finishConnect(AbstractNioChannel.java:340)
	at org.apache.ratis.thirdparty.io.netty.channel.nio.NioEventLoop.processSelectedKey(NioEventLoop.java:632)
	at org.apache.ratis.thirdparty.io.netty.channel.nio.NioEventLoop.processSelectedKeysOptimized(NioEventLoop.java:579)
	at org.apache.ratis.thirdparty.io.netty.channel.nio.NioEventLoop.processSelectedKeys(NioEventLoop.java:496)
	at org.apache.ratis.thirdparty.io.netty.channel.nio.NioEventLoop.run(NioEventLoop.java:458)
	at org.apache.ratis.thirdparty.io.netty.util.concurrent.SingleThreadEventExecutor$5.run(SingleThreadEventExecutor.java:897)
	at org.apache.ratis.thirdparty.io.netty.util.concurrent.FastThreadLocalRunnable.run(FastThreadLocalRunnable.java:30)
	... 1 more
Caused by: java.net.ConnectException: Connection refused
	... 11 more
2019-09-28 01:15:15,872 [e82472fe-71fb-4472-b416-5021845f2f54@group-6BFCA60A2FDA:LeaderElection41] INFO  impl.LeaderElection (LogUtils.java:infoOrTrace(149)) -   Exception 1: {}
java.util.concurrent.ExecutionException: org.apache.ratis.thirdparty.io.grpc.StatusRuntimeException: UNAVAILABLE: io exception
	at java.util.concurrent.FutureTask.report(FutureTask.java:122)
	at java.util.concurrent.FutureTask.get(FutureTask.java:192)
	at org.apache.ratis.server.impl.LeaderElection.waitForResults(LeaderElection.java:263)
	at org.apache.ratis.server.impl.LeaderElection.askForVotes(LeaderElection.java:201)
	at org.apache.ratis.server.impl.LeaderElection.run(LeaderElection.java:133)
	at java.lang.Thread.run(Thread.java:748)
Caused by: org.apache.ratis.thirdparty.io.grpc.StatusRuntimeException: UNAVAILABLE: io exception
	at org.apache.ratis.thirdparty.io.grpc.stub.ClientCalls.toStatusRuntimeException(ClientCalls.java:233)
	at org.apache.ratis.thirdparty.io.grpc.stub.ClientCalls.getUnchecked(ClientCalls.java:214)
	at org.apache.ratis.thirdparty.io.grpc.stub.ClientCalls.blockingUnaryCall(ClientCalls.java:139)
	at org.apache.ratis.proto.grpc.RaftServerProtocolServiceGrpc$RaftServerProtocolServiceBlockingStub.requestVote(RaftServerProtocolServiceGrpc.java:265)
	at org.apache.ratis.grpc.server.GrpcServerProtocolClient.requestVote(GrpcServerProtocolClient.java:90)
	at org.apache.ratis.grpc.server.GrpcService.requestVote(GrpcService.java:204)
	at org.apache.ratis.server.impl.LeaderElection.lambda$submitRequests$1(LeaderElection.java:238)
	at java.util.concurrent.FutureTask.run(FutureTask.java:266)
	at java.util.concurrent.Executors$RunnableAdapter.call(Executors.java:511)
	at java.util.concurrent.FutureTask.run(FutureTask.java:266)
	at java.util.concurrent.ThreadPoolExecutor.runWorker(ThreadPoolExecutor.java:1149)
	at java.util.concurrent.ThreadPoolExecutor$Worker.run(ThreadPoolExecutor.java:624)
	... 1 more
Caused by: org.apache.ratis.thirdparty.io.netty.channel.AbstractChannel$AnnotatedConnectException: Connection refused: /192.168.151.82:41397
	at sun.nio.ch.SocketChannelImpl.checkConnect(Native Method)
	at sun.nio.ch.SocketChannelImpl.finishConnect(SocketChannelImpl.java:717)
	at org.apache.ratis.thirdparty.io.netty.channel.socket.nio.NioSocketChannel.doFinishConnect(NioSocketChannel.java:327)
	at org.apache.ratis.thirdparty.io.netty.channel.nio.AbstractNioChannel$AbstractNioUnsafe.finishConnect(AbstractNioChannel.java:340)
	at org.apache.ratis.thirdparty.io.netty.channel.nio.NioEventLoop.processSelectedKey(NioEventLoop.java:632)
	at org.apache.ratis.thirdparty.io.netty.channel.nio.NioEventLoop.processSelectedKeysOptimized(NioEventLoop.java:579)
	at org.apache.ratis.thirdparty.io.netty.channel.nio.NioEventLoop.processSelectedKeys(NioEventLoop.java:496)
	at org.apache.ratis.thirdparty.io.netty.channel.nio.NioEventLoop.run(NioEventLoop.java:458)
	at org.apache.ratis.thirdparty.io.netty.util.concurrent.SingleThreadEventExecutor$5.run(SingleThreadEventExecutor.java:897)
	at org.apache.ratis.thirdparty.io.netty.util.concurrent.FastThreadLocalRunnable.run(FastThreadLocalRunnable.java:30)
	... 1 more
Caused by: java.net.ConnectException: Connection refused
	... 11 more
2019-09-28 01:15:15,873 [e82472fe-71fb-4472-b416-5021845f2f54@group-6BFCA60A2FDA:LeaderElection41] INFO  impl.RaftServerImpl (RaftServerImpl.java:setRole(174)) - e82472fe-71fb-4472-b416-5021845f2f54@group-6BFCA60A2FDA: changes role from CANDIDATE to FOLLOWER at term 7 for DISCOVERED_A_NEW_TERM
2019-09-28 01:15:15,877 [e82472fe-71fb-4472-b416-5021845f2f54@group-6BFCA60A2FDA:LeaderElection41] INFO  impl.RoleInfo (RoleInfo.java:shutdownLeaderElection(134)) - e82472fe-71fb-4472-b416-5021845f2f54: shutdown LeaderElection
2019-09-28 01:15:15,878 [e82472fe-71fb-4472-b416-5021845f2f54@group-6BFCA60A2FDA:LeaderElection41] INFO  impl.RoleInfo (RoleInfo.java:updateAndGet(143)) - e82472fe-71fb-4472-b416-5021845f2f54: start FollowerState
2019-09-28 01:15:16,992 [Thread-1944] INFO  impl.FollowerState (FollowerState.java:run(106)) - e82472fe-71fb-4472-b416-5021845f2f54:group-6BFCA60A2FDA changes to CANDIDATE, lastRpcTime:1114, electionTimeout:1114ms
2019-09-28 01:15:16,995 [Thread-1944] INFO  impl.RoleInfo (RoleInfo.java:shutdownFollowerState(121)) - e82472fe-71fb-4472-b416-5021845f2f54: shutdown FollowerState
2019-09-28 01:15:16,995 [Thread-1944] INFO  impl.RaftServerImpl (RaftServerImpl.java:setRole(174)) - e82472fe-71fb-4472-b416-5021845f2f54@group-6BFCA60A2FDA: changes role from  FOLLOWER to CANDIDATE at term 7 for changeToCandidate
2019-09-28 01:15:16,995 [Thread-1944] INFO  impl.RoleInfo (RoleInfo.java:updateAndGet(143)) - e82472fe-71fb-4472-b416-5021845f2f54: start LeaderElection
2019-09-28 01:15:17,011 [e82472fe-71fb-4472-b416-5021845f2f54@group-6BFCA60A2FDA:LeaderElection42] INFO  impl.LeaderElection (LeaderElection.java:askForVotes(182)) - e82472fe-71fb-4472-b416-5021845f2f54@group-6BFCA60A2FDA:LeaderElection42: begin an election at term 8 for 0: [cab9505b-c3df-4889-be4c-e0933a387faa:192.168.151.82:36450, 8bf5c620-efb5-49b6-a768-f4179fc43006:192.168.151.82:41397, e82472fe-71fb-4472-b416-5021845f2f54:192.168.151.82:44038], old=null
2019-09-28 01:15:17,012 [e82472fe-71fb-4472-b416-5021845f2f54@group-6BFCA60A2FDA:LeaderElection42] INFO  impl.LeaderElection (LogUtils.java:infoOrTrace(149)) - e82472fe-71fb-4472-b416-5021845f2f54@group-6BFCA60A2FDA:LeaderElection42 got exception when requesting votes: {}
java.util.concurrent.ExecutionException: org.apache.ratis.thirdparty.io.grpc.StatusRuntimeException: UNAVAILABLE: io exception
	at java.util.concurrent.FutureTask.report(FutureTask.java:122)
	at java.util.concurrent.FutureTask.get(FutureTask.java:192)
	at org.apache.ratis.server.impl.LeaderElection.waitForResults(LeaderElection.java:263)
	at org.apache.ratis.server.impl.LeaderElection.askForVotes(LeaderElection.java:201)
	at org.apache.ratis.server.impl.LeaderElection.run(LeaderElection.java:133)
	at java.lang.Thread.run(Thread.java:748)
Caused by: org.apache.ratis.thirdparty.io.grpc.StatusRuntimeException: UNAVAILABLE: io exception
	at org.apache.ratis.thirdparty.io.grpc.stub.ClientCalls.toStatusRuntimeException(ClientCalls.java:233)
	at org.apache.ratis.thirdparty.io.grpc.stub.ClientCalls.getUnchecked(ClientCalls.java:214)
	at org.apache.ratis.thirdparty.io.grpc.stub.ClientCalls.blockingUnaryCall(ClientCalls.java:139)
	at org.apache.ratis.proto.grpc.RaftServerProtocolServiceGrpc$RaftServerProtocolServiceBlockingStub.requestVote(RaftServerProtocolServiceGrpc.java:265)
	at org.apache.ratis.grpc.server.GrpcServerProtocolClient.requestVote(GrpcServerProtocolClient.java:90)
	at org.apache.ratis.grpc.server.GrpcService.requestVote(GrpcService.java:204)
	at org.apache.ratis.server.impl.LeaderElection.lambda$submitRequests$1(LeaderElection.java:238)
	at java.util.concurrent.FutureTask.run(FutureTask.java:266)
	at java.util.concurrent.Executors$RunnableAdapter.call(Executors.java:511)
	at java.util.concurrent.FutureTask.run(FutureTask.java:266)
	at java.util.concurrent.ThreadPoolExecutor.runWorker(ThreadPoolExecutor.java:1149)
	at java.util.concurrent.ThreadPoolExecutor$Worker.run(ThreadPoolExecutor.java:624)
	... 1 more
Caused by: org.apache.ratis.thirdparty.io.netty.channel.AbstractChannel$AnnotatedConnectException: Connection refused: /192.168.151.82:41397
	at sun.nio.ch.SocketChannelImpl.checkConnect(Native Method)
	at sun.nio.ch.SocketChannelImpl.finishConnect(SocketChannelImpl.java:717)
	at org.apache.ratis.thirdparty.io.netty.channel.socket.nio.NioSocketChannel.doFinishConnect(NioSocketChannel.java:327)
	at org.apache.ratis.thirdparty.io.netty.channel.nio.AbstractNioChannel$AbstractNioUnsafe.finishConnect(AbstractNioChannel.java:340)
	at org.apache.ratis.thirdparty.io.netty.channel.nio.NioEventLoop.processSelectedKey(NioEventLoop.java:632)
	at org.apache.ratis.thirdparty.io.netty.channel.nio.NioEventLoop.processSelectedKeysOptimized(NioEventLoop.java:579)
	at org.apache.ratis.thirdparty.io.netty.channel.nio.NioEventLoop.processSelectedKeys(NioEventLoop.java:496)
	at org.apache.ratis.thirdparty.io.netty.channel.nio.NioEventLoop.run(NioEventLoop.java:458)
	at org.apache.ratis.thirdparty.io.netty.util.concurrent.SingleThreadEventExecutor$5.run(SingleThreadEventExecutor.java:897)
	at org.apache.ratis.thirdparty.io.netty.util.concurrent.FastThreadLocalRunnable.run(FastThreadLocalRunnable.java:30)
	... 1 more
Caused by: java.net.ConnectException: Connection refused
	... 11 more
2019-09-28 01:15:17,014 [e82472fe-71fb-4472-b416-5021845f2f54@group-6BFCA60A2FDA:LeaderElection42] INFO  impl.LeaderElection (LogUtils.java:infoOrTrace(149)) - e82472fe-71fb-4472-b416-5021845f2f54@group-6BFCA60A2FDA:LeaderElection42 got exception when requesting votes: {}
java.util.concurrent.ExecutionException: org.apache.ratis.thirdparty.io.grpc.StatusRuntimeException: UNAVAILABLE: io exception
	at java.util.concurrent.FutureTask.report(FutureTask.java:122)
	at java.util.concurrent.FutureTask.get(FutureTask.java:192)
	at org.apache.ratis.server.impl.LeaderElection.waitForResults(LeaderElection.java:263)
	at org.apache.ratis.server.impl.LeaderElection.askForVotes(LeaderElection.java:201)
	at org.apache.ratis.server.impl.LeaderElection.run(LeaderElection.java:133)
	at java.lang.Thread.run(Thread.java:748)
Caused by: org.apache.ratis.thirdparty.io.grpc.StatusRuntimeException: UNAVAILABLE: io exception
	at org.apache.ratis.thirdparty.io.grpc.stub.ClientCalls.toStatusRuntimeException(ClientCalls.java:233)
	at org.apache.ratis.thirdparty.io.grpc.stub.ClientCalls.getUnchecked(ClientCalls.java:214)
	at org.apache.ratis.thirdparty.io.grpc.stub.ClientCalls.blockingUnaryCall(ClientCalls.java:139)
	at org.apache.ratis.proto.grpc.RaftServerProtocolServiceGrpc$RaftServerProtocolServiceBlockingStub.requestVote(RaftServerProtocolServiceGrpc.java:265)
	at org.apache.ratis.grpc.server.GrpcServerProtocolClient.requestVote(GrpcServerProtocolClient.java:90)
	at org.apache.ratis.grpc.server.GrpcService.requestVote(GrpcService.java:204)
	at org.apache.ratis.server.impl.LeaderElection.lambda$submitRequests$1(LeaderElection.java:238)
	at java.util.concurrent.FutureTask.run(FutureTask.java:266)
	at java.util.concurrent.Executors$RunnableAdapter.call(Executors.java:511)
	at java.util.concurrent.FutureTask.run(FutureTask.java:266)
	at java.util.concurrent.ThreadPoolExecutor.runWorker(ThreadPoolExecutor.java:1149)
	at java.util.concurrent.ThreadPoolExecutor$Worker.run(ThreadPoolExecutor.java:624)
	... 1 more
Caused by: org.apache.ratis.thirdparty.io.netty.channel.AbstractChannel$AnnotatedConnectException: Connection refused: /192.168.151.82:36450
	at sun.nio.ch.SocketChannelImpl.checkConnect(Native Method)
	at sun.nio.ch.SocketChannelImpl.finishConnect(SocketChannelImpl.java:717)
	at org.apache.ratis.thirdparty.io.netty.channel.socket.nio.NioSocketChannel.doFinishConnect(NioSocketChannel.java:327)
	at org.apache.ratis.thirdparty.io.netty.channel.nio.AbstractNioChannel$AbstractNioUnsafe.finishConnect(AbstractNioChannel.java:340)
	at org.apache.ratis.thirdparty.io.netty.channel.nio.NioEventLoop.processSelectedKey(NioEventLoop.java:632)
	at org.apache.ratis.thirdparty.io.netty.channel.nio.NioEventLoop.processSelectedKeysOptimized(NioEventLoop.java:579)
	at org.apache.ratis.thirdparty.io.netty.channel.nio.NioEventLoop.processSelectedKeys(NioEventLoop.java:496)
	at org.apache.ratis.thirdparty.io.netty.channel.nio.NioEventLoop.run(NioEventLoop.java:458)
	at org.apache.ratis.thirdparty.io.netty.util.concurrent.SingleThreadEventExecutor$5.run(SingleThreadEventExecutor.java:897)
	at org.apache.ratis.thirdparty.io.netty.util.concurrent.FastThreadLocalRunnable.run(FastThreadLocalRunnable.java:30)
	... 1 more
Caused by: java.net.ConnectException: Connection refused
	... 11 more
2019-09-28 01:15:17,016 [e82472fe-71fb-4472-b416-5021845f2f54@group-6BFCA60A2FDA:LeaderElection42] INFO  impl.LeaderElection (LeaderElection.java:logAndReturn(56)) - e82472fe-71fb-4472-b416-5021845f2f54@group-6BFCA60A2FDA:LeaderElection42: Election REJECTED; received 0 response(s) [] and 2 exception(s); e82472fe-71fb-4472-b416-5021845f2f54@group-6BFCA60A2FDA:t8, leader=null, voted=e82472fe-71fb-4472-b416-5021845f2f54, raftlog=e82472fe-71fb-4472-b416-5021845f2f54@group-6BFCA60A2FDA-SegmentedRaftLog:OPENED:c0,f0,i0, conf=0: [cab9505b-c3df-4889-be4c-e0933a387faa:192.168.151.82:36450, 8bf5c620-efb5-49b6-a768-f4179fc43006:192.168.151.82:41397, e82472fe-71fb-4472-b416-5021845f2f54:192.168.151.82:44038], old=null
2019-09-28 01:15:17,016 [e82472fe-71fb-4472-b416-5021845f2f54@group-6BFCA60A2FDA:LeaderElection42] INFO  impl.LeaderElection (LogUtils.java:infoOrTrace(149)) -   Exception 0: {}
java.util.concurrent.ExecutionException: org.apache.ratis.thirdparty.io.grpc.StatusRuntimeException: UNAVAILABLE: io exception
	at java.util.concurrent.FutureTask.report(FutureTask.java:122)
	at java.util.concurrent.FutureTask.get(FutureTask.java:192)
	at org.apache.ratis.server.impl.LeaderElection.waitForResults(LeaderElection.java:263)
	at org.apache.ratis.server.impl.LeaderElection.askForVotes(LeaderElection.java:201)
	at org.apache.ratis.server.impl.LeaderElection.run(LeaderElection.java:133)
	at java.lang.Thread.run(Thread.java:748)
Caused by: org.apache.ratis.thirdparty.io.grpc.StatusRuntimeException: UNAVAILABLE: io exception
	at org.apache.ratis.thirdparty.io.grpc.stub.ClientCalls.toStatusRuntimeException(ClientCalls.java:233)
	at org.apache.ratis.thirdparty.io.grpc.stub.ClientCalls.getUnchecked(ClientCalls.java:214)
	at org.apache.ratis.thirdparty.io.grpc.stub.ClientCalls.blockingUnaryCall(ClientCalls.java:139)
	at org.apache.ratis.proto.grpc.RaftServerProtocolServiceGrpc$RaftServerProtocolServiceBlockingStub.requestVote(RaftServerProtocolServiceGrpc.java:265)
	at org.apache.ratis.grpc.server.GrpcServerProtocolClient.requestVote(GrpcServerProtocolClient.java:90)
	at org.apache.ratis.grpc.server.GrpcService.requestVote(GrpcService.java:204)
	at org.apache.ratis.server.impl.LeaderElection.lambda$submitRequests$1(LeaderElection.java:238)
	at java.util.concurrent.FutureTask.run(FutureTask.java:266)
	at java.util.concurrent.Executors$RunnableAdapter.call(Executors.java:511)
	at java.util.concurrent.FutureTask.run(FutureTask.java:266)
	at java.util.concurrent.ThreadPoolExecutor.runWorker(ThreadPoolExecutor.java:1149)
	at java.util.concurrent.ThreadPoolExecutor$Worker.run(ThreadPoolExecutor.java:624)
	... 1 more
Caused by: org.apache.ratis.thirdparty.io.netty.channel.AbstractChannel$AnnotatedConnectException: Connection refused: /192.168.151.82:41397
	at sun.nio.ch.SocketChannelImpl.checkConnect(Native Method)
	at sun.nio.ch.SocketChannelImpl.finishConnect(SocketChannelImpl.java:717)
	at org.apache.ratis.thirdparty.io.netty.channel.socket.nio.NioSocketChannel.doFinishConnect(NioSocketChannel.java:327)
	at org.apache.ratis.thirdparty.io.netty.channel.nio.AbstractNioChannel$AbstractNioUnsafe.finishConnect(AbstractNioChannel.java:340)
	at org.apache.ratis.thirdparty.io.netty.channel.nio.NioEventLoop.processSelectedKey(NioEventLoop.java:632)
	at org.apache.ratis.thirdparty.io.netty.channel.nio.NioEventLoop.processSelectedKeysOptimized(NioEventLoop.java:579)
	at org.apache.ratis.thirdparty.io.netty.channel.nio.NioEventLoop.processSelectedKeys(NioEventLoop.java:496)
	at org.apache.ratis.thirdparty.io.netty.channel.nio.NioEventLoop.run(NioEventLoop.java:458)
	at org.apache.ratis.thirdparty.io.netty.util.concurrent.SingleThreadEventExecutor$5.run(SingleThreadEventExecutor.java:897)
	at org.apache.ratis.thirdparty.io.netty.util.concurrent.FastThreadLocalRunnable.run(FastThreadLocalRunnable.java:30)
	... 1 more
Caused by: java.net.ConnectException: Connection refused
	... 11 more
2019-09-28 01:15:17,017 [e82472fe-71fb-4472-b416-5021845f2f54@group-6BFCA60A2FDA:LeaderElection42] INFO  impl.LeaderElection (LogUtils.java:infoOrTrace(149)) -   Exception 1: {}
java.util.concurrent.ExecutionException: org.apache.ratis.thirdparty.io.grpc.StatusRuntimeException: UNAVAILABLE: io exception
	at java.util.concurrent.FutureTask.report(FutureTask.java:122)
	at java.util.concurrent.FutureTask.get(FutureTask.java:192)
	at org.apache.ratis.server.impl.LeaderElection.waitForResults(LeaderElection.java:263)
	at org.apache.ratis.server.impl.LeaderElection.askForVotes(LeaderElection.java:201)
	at org.apache.ratis.server.impl.LeaderElection.run(LeaderElection.java:133)
	at java.lang.Thread.run(Thread.java:748)
Caused by: org.apache.ratis.thirdparty.io.grpc.StatusRuntimeException: UNAVAILABLE: io exception
	at org.apache.ratis.thirdparty.io.grpc.stub.ClientCalls.toStatusRuntimeException(ClientCalls.java:233)
	at org.apache.ratis.thirdparty.io.grpc.stub.ClientCalls.getUnchecked(ClientCalls.java:214)
	at org.apache.ratis.thirdparty.io.grpc.stub.ClientCalls.blockingUnaryCall(ClientCalls.java:139)
	at org.apache.ratis.proto.grpc.RaftServerProtocolServiceGrpc$RaftServerProtocolServiceBlockingStub.requestVote(RaftServerProtocolServiceGrpc.java:265)
	at org.apache.ratis.grpc.server.GrpcServerProtocolClient.requestVote(GrpcServerProtocolClient.java:90)
	at org.apache.ratis.grpc.server.GrpcService.requestVote(GrpcService.java:204)
	at org.apache.ratis.server.impl.LeaderElection.lambda$submitRequests$1(LeaderElection.java:238)
	at java.util.concurrent.FutureTask.run(FutureTask.java:266)
	at java.util.concurrent.Executors$RunnableAdapter.call(Executors.java:511)
	at java.util.concurrent.FutureTask.run(FutureTask.java:266)
	at java.util.concurrent.ThreadPoolExecutor.runWorker(ThreadPoolExecutor.java:1149)
	at java.util.concurrent.ThreadPoolExecutor$Worker.run(ThreadPoolExecutor.java:624)
	... 1 more
Caused by: org.apache.ratis.thirdparty.io.netty.channel.AbstractChannel$AnnotatedConnectException: Connection refused: /192.168.151.82:36450
	at sun.nio.ch.SocketChannelImpl.checkConnect(Native Method)
	at sun.nio.ch.SocketChannelImpl.finishConnect(SocketChannelImpl.java:717)
	at org.apache.ratis.thirdparty.io.netty.channel.socket.nio.NioSocketChannel.doFinishConnect(NioSocketChannel.java:327)
	at org.apache.ratis.thirdparty.io.netty.channel.nio.AbstractNioChannel$AbstractNioUnsafe.finishConnect(AbstractNioChannel.java:340)
	at org.apache.ratis.thirdparty.io.netty.channel.nio.NioEventLoop.processSelectedKey(NioEventLoop.java:632)
	at org.apache.ratis.thirdparty.io.netty.channel.nio.NioEventLoop.processSelectedKeysOptimized(NioEventLoop.java:579)
	at org.apache.ratis.thirdparty.io.netty.channel.nio.NioEventLoop.processSelectedKeys(NioEventLoop.java:496)
	at org.apache.ratis.thirdparty.io.netty.channel.nio.NioEventLoop.run(NioEventLoop.java:458)
	at org.apache.ratis.thirdparty.io.netty.util.concurrent.SingleThreadEventExecutor$5.run(SingleThreadEventExecutor.java:897)
	at org.apache.ratis.thirdparty.io.netty.util.concurrent.FastThreadLocalRunnable.run(FastThreadLocalRunnable.java:30)
	... 1 more
Caused by: java.net.ConnectException: Connection refused
	... 11 more
2019-09-28 01:15:17,017 [e82472fe-71fb-4472-b416-5021845f2f54@group-6BFCA60A2FDA:LeaderElection42] INFO  impl.RaftServerImpl (RaftServerImpl.java:setRole(174)) - e82472fe-71fb-4472-b416-5021845f2f54@group-6BFCA60A2FDA: changes role from CANDIDATE to FOLLOWER at term 8 for DISCOVERED_A_NEW_TERM
2019-09-28 01:15:17,017 [e82472fe-71fb-4472-b416-5021845f2f54@group-6BFCA60A2FDA:LeaderElection42] INFO  impl.RoleInfo (RoleInfo.java:shutdownLeaderElection(134)) - e82472fe-71fb-4472-b416-5021845f2f54: shutdown LeaderElection
2019-09-28 01:15:17,017 [e82472fe-71fb-4472-b416-5021845f2f54@group-6BFCA60A2FDA:LeaderElection42] INFO  impl.RoleInfo (RoleInfo.java:updateAndGet(143)) - e82472fe-71fb-4472-b416-5021845f2f54: start FollowerState
2019-09-28 01:15:18,180 [Thread-1948] INFO  impl.FollowerState (FollowerState.java:run(106)) - e82472fe-71fb-4472-b416-5021845f2f54:group-6BFCA60A2FDA changes to CANDIDATE, lastRpcTime:1162, electionTimeout:1162ms
2019-09-28 01:15:18,183 [Thread-1948] INFO  impl.RoleInfo (RoleInfo.java:shutdownFollowerState(121)) - e82472fe-71fb-4472-b416-5021845f2f54: shutdown FollowerState
2019-09-28 01:15:18,183 [Thread-1948] INFO  impl.RaftServerImpl (RaftServerImpl.java:setRole(174)) - e82472fe-71fb-4472-b416-5021845f2f54@group-6BFCA60A2FDA: changes role from  FOLLOWER to CANDIDATE at term 8 for changeToCandidate
2019-09-28 01:15:18,183 [Thread-1948] INFO  impl.RoleInfo (RoleInfo.java:updateAndGet(143)) - e82472fe-71fb-4472-b416-5021845f2f54: start LeaderElection
2019-09-28 01:15:18,198 [e82472fe-71fb-4472-b416-5021845f2f54@group-6BFCA60A2FDA:LeaderElection43] INFO  impl.LeaderElection (LeaderElection.java:askForVotes(182)) - e82472fe-71fb-4472-b416-5021845f2f54@group-6BFCA60A2FDA:LeaderElection43: begin an election at term 9 for 0: [cab9505b-c3df-4889-be4c-e0933a387faa:192.168.151.82:36450, 8bf5c620-efb5-49b6-a768-f4179fc43006:192.168.151.82:41397, e82472fe-71fb-4472-b416-5021845f2f54:192.168.151.82:44038], old=null
2019-09-28 01:15:18,200 [e82472fe-71fb-4472-b416-5021845f2f54@group-6BFCA60A2FDA:LeaderElection43] INFO  impl.LeaderElection (LogUtils.java:infoOrTrace(149)) - e82472fe-71fb-4472-b416-5021845f2f54@group-6BFCA60A2FDA:LeaderElection43 got exception when requesting votes: {}
java.util.concurrent.ExecutionException: org.apache.ratis.thirdparty.io.grpc.StatusRuntimeException: UNAVAILABLE: io exception
	at java.util.concurrent.FutureTask.report(FutureTask.java:122)
	at java.util.concurrent.FutureTask.get(FutureTask.java:192)
	at org.apache.ratis.server.impl.LeaderElection.waitForResults(LeaderElection.java:263)
	at org.apache.ratis.server.impl.LeaderElection.askForVotes(LeaderElection.java:201)
	at org.apache.ratis.server.impl.LeaderElection.run(LeaderElection.java:133)
	at java.lang.Thread.run(Thread.java:748)
Caused by: org.apache.ratis.thirdparty.io.grpc.StatusRuntimeException: UNAVAILABLE: io exception
	at org.apache.ratis.thirdparty.io.grpc.stub.ClientCalls.toStatusRuntimeException(ClientCalls.java:233)
	at org.apache.ratis.thirdparty.io.grpc.stub.ClientCalls.getUnchecked(ClientCalls.java:214)
	at org.apache.ratis.thirdparty.io.grpc.stub.ClientCalls.blockingUnaryCall(ClientCalls.java:139)
	at org.apache.ratis.proto.grpc.RaftServerProtocolServiceGrpc$RaftServerProtocolServiceBlockingStub.requestVote(RaftServerProtocolServiceGrpc.java:265)
	at org.apache.ratis.grpc.server.GrpcServerProtocolClient.requestVote(GrpcServerProtocolClient.java:90)
	at org.apache.ratis.grpc.server.GrpcService.requestVote(GrpcService.java:204)
	at org.apache.ratis.server.impl.LeaderElection.lambda$submitRequests$1(LeaderElection.java:238)
	at java.util.concurrent.FutureTask.run(FutureTask.java:266)
	at java.util.concurrent.Executors$RunnableAdapter.call(Executors.java:511)
	at java.util.concurrent.FutureTask.run(FutureTask.java:266)
	at java.util.concurrent.ThreadPoolExecutor.runWorker(ThreadPoolExecutor.java:1149)
	at java.util.concurrent.ThreadPoolExecutor$Worker.run(ThreadPoolExecutor.java:624)
	... 1 more
Caused by: org.apache.ratis.thirdparty.io.netty.channel.AbstractChannel$AnnotatedConnectException: Connection refused: /192.168.151.82:36450
	at sun.nio.ch.SocketChannelImpl.checkConnect(Native Method)
	at sun.nio.ch.SocketChannelImpl.finishConnect(SocketChannelImpl.java:717)
	at org.apache.ratis.thirdparty.io.netty.channel.socket.nio.NioSocketChannel.doFinishConnect(NioSocketChannel.java:327)
	at org.apache.ratis.thirdparty.io.netty.channel.nio.AbstractNioChannel$AbstractNioUnsafe.finishConnect(AbstractNioChannel.java:340)
	at org.apache.ratis.thirdparty.io.netty.channel.nio.NioEventLoop.processSelectedKey(NioEventLoop.java:632)
	at org.apache.ratis.thirdparty.io.netty.channel.nio.NioEventLoop.processSelectedKeysOptimized(NioEventLoop.java:579)
	at org.apache.ratis.thirdparty.io.netty.channel.nio.NioEventLoop.processSelectedKeys(NioEventLoop.java:496)
	at org.apache.ratis.thirdparty.io.netty.channel.nio.NioEventLoop.run(NioEventLoop.java:458)
	at org.apache.ratis.thirdparty.io.netty.util.concurrent.SingleThreadEventExecutor$5.run(SingleThreadEventExecutor.java:897)
	at org.apache.ratis.thirdparty.io.netty.util.concurrent.FastThreadLocalRunnable.run(FastThreadLocalRunnable.java:30)
	... 1 more
Caused by: java.net.ConnectException: Connection refused
	... 11 more
2019-09-28 01:15:18,202 [e82472fe-71fb-4472-b416-5021845f2f54@group-6BFCA60A2FDA:LeaderElection43] INFO  impl.LeaderElection (LogUtils.java:infoOrTrace(149)) - e82472fe-71fb-4472-b416-5021845f2f54@group-6BFCA60A2FDA:LeaderElection43 got exception when requesting votes: {}
java.util.concurrent.ExecutionException: org.apache.ratis.thirdparty.io.grpc.StatusRuntimeException: UNAVAILABLE: io exception
	at java.util.concurrent.FutureTask.report(FutureTask.java:122)
	at java.util.concurrent.FutureTask.get(FutureTask.java:192)
	at org.apache.ratis.server.impl.LeaderElection.waitForResults(LeaderElection.java:263)
	at org.apache.ratis.server.impl.LeaderElection.askForVotes(LeaderElection.java:201)
	at org.apache.ratis.server.impl.LeaderElection.run(LeaderElection.java:133)
	at java.lang.Thread.run(Thread.java:748)
Caused by: org.apache.ratis.thirdparty.io.grpc.StatusRuntimeException: UNAVAILABLE: io exception
	at org.apache.ratis.thirdparty.io.grpc.stub.ClientCalls.toStatusRuntimeException(ClientCalls.java:233)
	at org.apache.ratis.thirdparty.io.grpc.stub.ClientCalls.getUnchecked(ClientCalls.java:214)
	at org.apache.ratis.thirdparty.io.grpc.stub.ClientCalls.blockingUnaryCall(ClientCalls.java:139)
	at org.apache.ratis.proto.grpc.RaftServerProtocolServiceGrpc$RaftServerProtocolServiceBlockingStub.requestVote(RaftServerProtocolServiceGrpc.java:265)
	at org.apache.ratis.grpc.server.GrpcServerProtocolClient.requestVote(GrpcServerProtocolClient.java:90)
	at org.apache.ratis.grpc.server.GrpcService.requestVote(GrpcService.java:204)
	at org.apache.ratis.server.impl.LeaderElection.lambda$submitRequests$1(LeaderElection.java:238)
	at java.util.concurrent.FutureTask.run(FutureTask.java:266)
	at java.util.concurrent.Executors$RunnableAdapter.call(Executors.java:511)
	at java.util.concurrent.FutureTask.run(FutureTask.java:266)
	at java.util.concurrent.ThreadPoolExecutor.runWorker(ThreadPoolExecutor.java:1149)
	at java.util.concurrent.ThreadPoolExecutor$Worker.run(ThreadPoolExecutor.java:624)
	... 1 more
Caused by: org.apache.ratis.thirdparty.io.netty.channel.AbstractChannel$AnnotatedConnectException: Connection refused: /192.168.151.82:41397
	at sun.nio.ch.SocketChannelImpl.checkConnect(Native Method)
	at sun.nio.ch.SocketChannelImpl.finishConnect(SocketChannelImpl.java:717)
	at org.apache.ratis.thirdparty.io.netty.channel.socket.nio.NioSocketChannel.doFinishConnect(NioSocketChannel.java:327)
	at org.apache.ratis.thirdparty.io.netty.channel.nio.AbstractNioChannel$AbstractNioUnsafe.finishConnect(AbstractNioChannel.java:340)
	at org.apache.ratis.thirdparty.io.netty.channel.nio.NioEventLoop.processSelectedKey(NioEventLoop.java:632)
	at org.apache.ratis.thirdparty.io.netty.channel.nio.NioEventLoop.processSelectedKeysOptimized(NioEventLoop.java:579)
	at org.apache.ratis.thirdparty.io.netty.channel.nio.NioEventLoop.processSelectedKeys(NioEventLoop.java:496)
	at org.apache.ratis.thirdparty.io.netty.channel.nio.NioEventLoop.run(NioEventLoop.java:458)
	at org.apache.ratis.thirdparty.io.netty.util.concurrent.SingleThreadEventExecutor$5.run(SingleThreadEventExecutor.java:897)
	at org.apache.ratis.thirdparty.io.netty.util.concurrent.FastThreadLocalRunnable.run(FastThreadLocalRunnable.java:30)
	... 1 more
Caused by: java.net.ConnectException: Connection refused
	... 11 more
2019-09-28 01:15:18,208 [e82472fe-71fb-4472-b416-5021845f2f54@group-6BFCA60A2FDA:LeaderElection43] INFO  impl.LeaderElection (LeaderElection.java:logAndReturn(56)) - e82472fe-71fb-4472-b416-5021845f2f54@group-6BFCA60A2FDA:LeaderElection43: Election REJECTED; received 0 response(s) [] and 2 exception(s); e82472fe-71fb-4472-b416-5021845f2f54@group-6BFCA60A2FDA:t9, leader=null, voted=e82472fe-71fb-4472-b416-5021845f2f54, raftlog=e82472fe-71fb-4472-b416-5021845f2f54@group-6BFCA60A2FDA-SegmentedRaftLog:OPENED:c0,f0,i0, conf=0: [cab9505b-c3df-4889-be4c-e0933a387faa:192.168.151.82:36450, 8bf5c620-efb5-49b6-a768-f4179fc43006:192.168.151.82:41397, e82472fe-71fb-4472-b416-5021845f2f54:192.168.151.82:44038], old=null
2019-09-28 01:15:18,208 [e82472fe-71fb-4472-b416-5021845f2f54@group-6BFCA60A2FDA:LeaderElection43] INFO  impl.LeaderElection (LogUtils.java:infoOrTrace(149)) -   Exception 0: {}
java.util.concurrent.ExecutionException: org.apache.ratis.thirdparty.io.grpc.StatusRuntimeException: UNAVAILABLE: io exception
	at java.util.concurrent.FutureTask.report(FutureTask.java:122)
	at java.util.concurrent.FutureTask.get(FutureTask.java:192)
	at org.apache.ratis.server.impl.LeaderElection.waitForResults(LeaderElection.java:263)
	at org.apache.ratis.server.impl.LeaderElection.askForVotes(LeaderElection.java:201)
	at org.apache.ratis.server.impl.LeaderElection.run(LeaderElection.java:133)
	at java.lang.Thread.run(Thread.java:748)
Caused by: org.apache.ratis.thirdparty.io.grpc.StatusRuntimeException: UNAVAILABLE: io exception
	at org.apache.ratis.thirdparty.io.grpc.stub.ClientCalls.toStatusRuntimeException(ClientCalls.java:233)
	at org.apache.ratis.thirdparty.io.grpc.stub.ClientCalls.getUnchecked(ClientCalls.java:214)
	at org.apache.ratis.thirdparty.io.grpc.stub.ClientCalls.blockingUnaryCall(ClientCalls.java:139)
	at org.apache.ratis.proto.grpc.RaftServerProtocolServiceGrpc$RaftServerProtocolServiceBlockingStub.requestVote(RaftServerProtocolServiceGrpc.java:265)
	at org.apache.ratis.grpc.server.GrpcServerProtocolClient.requestVote(GrpcServerProtocolClient.java:90)
	at org.apache.ratis.grpc.server.GrpcService.requestVote(GrpcService.java:204)
	at org.apache.ratis.server.impl.LeaderElection.lambda$submitRequests$1(LeaderElection.java:238)
	at java.util.concurrent.FutureTask.run(FutureTask.java:266)
	at java.util.concurrent.Executors$RunnableAdapter.call(Executors.java:511)
	at java.util.concurrent.FutureTask.run(FutureTask.java:266)
	at java.util.concurrent.ThreadPoolExecutor.runWorker(ThreadPoolExecutor.java:1149)
	at java.util.concurrent.ThreadPoolExecutor$Worker.run(ThreadPoolExecutor.java:624)
	... 1 more
Caused by: org.apache.ratis.thirdparty.io.netty.channel.AbstractChannel$AnnotatedConnectException: Connection refused: /192.168.151.82:36450
	at sun.nio.ch.SocketChannelImpl.checkConnect(Native Method)
	at sun.nio.ch.SocketChannelImpl.finishConnect(SocketChannelImpl.java:717)
	at org.apache.ratis.thirdparty.io.netty.channel.socket.nio.NioSocketChannel.doFinishConnect(NioSocketChannel.java:327)
	at org.apache.ratis.thirdparty.io.netty.channel.nio.AbstractNioChannel$AbstractNioUnsafe.finishConnect(AbstractNioChannel.java:340)
	at org.apache.ratis.thirdparty.io.netty.channel.nio.NioEventLoop.processSelectedKey(NioEventLoop.java:632)
	at org.apache.ratis.thirdparty.io.netty.channel.nio.NioEventLoop.processSelectedKeysOptimized(NioEventLoop.java:579)
	at org.apache.ratis.thirdparty.io.netty.channel.nio.NioEventLoop.processSelectedKeys(NioEventLoop.java:496)
	at org.apache.ratis.thirdparty.io.netty.channel.nio.NioEventLoop.run(NioEventLoop.java:458)
	at org.apache.ratis.thirdparty.io.netty.util.concurrent.SingleThreadEventExecutor$5.run(SingleThreadEventExecutor.java:897)
	at org.apache.ratis.thirdparty.io.netty.util.concurrent.FastThreadLocalRunnable.run(FastThreadLocalRunnable.java:30)
	... 1 more
Caused by: java.net.ConnectException: Connection refused
	... 11 more
2019-09-28 01:15:18,208 [e82472fe-71fb-4472-b416-5021845f2f54@group-6BFCA60A2FDA:LeaderElection43] INFO  impl.LeaderElection (LogUtils.java:infoOrTrace(149)) -   Exception 1: {}
java.util.concurrent.ExecutionException: org.apache.ratis.thirdparty.io.grpc.StatusRuntimeException: UNAVAILABLE: io exception
	at java.util.concurrent.FutureTask.report(FutureTask.java:122)
	at java.util.concurrent.FutureTask.get(FutureTask.java:192)
	at org.apache.ratis.server.impl.LeaderElection.waitForResults(LeaderElection.java:263)
	at org.apache.ratis.server.impl.LeaderElection.askForVotes(LeaderElection.java:201)
	at org.apache.ratis.server.impl.LeaderElection.run(LeaderElection.java:133)
	at java.lang.Thread.run(Thread.java:748)
Caused by: org.apache.ratis.thirdparty.io.grpc.StatusRuntimeException: UNAVAILABLE: io exception
	at org.apache.ratis.thirdparty.io.grpc.stub.ClientCalls.toStatusRuntimeException(ClientCalls.java:233)
	at org.apache.ratis.thirdparty.io.grpc.stub.ClientCalls.getUnchecked(ClientCalls.java:214)
	at org.apache.ratis.thirdparty.io.grpc.stub.ClientCalls.blockingUnaryCall(ClientCalls.java:139)
	at org.apache.ratis.proto.grpc.RaftServerProtocolServiceGrpc$RaftServerProtocolServiceBlockingStub.requestVote(RaftServerProtocolServiceGrpc.java:265)
	at org.apache.ratis.grpc.server.GrpcServerProtocolClient.requestVote(GrpcServerProtocolClient.java:90)
	at org.apache.ratis.grpc.server.GrpcService.requestVote(GrpcService.java:204)
	at org.apache.ratis.server.impl.LeaderElection.lambda$submitRequests$1(LeaderElection.java:238)
	at java.util.concurrent.FutureTask.run(FutureTask.java:266)
	at java.util.concurrent.Executors$RunnableAdapter.call(Executors.java:511)
	at java.util.concurrent.FutureTask.run(FutureTask.java:266)
	at java.util.concurrent.ThreadPoolExecutor.runWorker(ThreadPoolExecutor.java:1149)
	at java.util.concurrent.ThreadPoolExecutor$Worker.run(ThreadPoolExecutor.java:624)
	... 1 more
Caused by: org.apache.ratis.thirdparty.io.netty.channel.AbstractChannel$AnnotatedConnectException: Connection refused: /192.168.151.82:41397
	at sun.nio.ch.SocketChannelImpl.checkConnect(Native Method)
	at sun.nio.ch.SocketChannelImpl.finishConnect(SocketChannelImpl.java:717)
	at org.apache.ratis.thirdparty.io.netty.channel.socket.nio.NioSocketChannel.doFinishConnect(NioSocketChannel.java:327)
	at org.apache.ratis.thirdparty.io.netty.channel.nio.AbstractNioChannel$AbstractNioUnsafe.finishConnect(AbstractNioChannel.java:340)
	at org.apache.ratis.thirdparty.io.netty.channel.nio.NioEventLoop.processSelectedKey(NioEventLoop.java:632)
	at org.apache.ratis.thirdparty.io.netty.channel.nio.NioEventLoop.processSelectedKeysOptimized(NioEventLoop.java:579)
	at org.apache.ratis.thirdparty.io.netty.channel.nio.NioEventLoop.processSelectedKeys(NioEventLoop.java:496)
	at org.apache.ratis.thirdparty.io.netty.channel.nio.NioEventLoop.run(NioEventLoop.java:458)
	at org.apache.ratis.thirdparty.io.netty.util.concurrent.SingleThreadEventExecutor$5.run(SingleThreadEventExecutor.java:897)
	at org.apache.ratis.thirdparty.io.netty.util.concurrent.FastThreadLocalRunnable.run(FastThreadLocalRunnable.java:30)
	... 1 more
Caused by: java.net.ConnectException: Connection refused
	... 11 more
2019-09-28 01:15:18,209 [e82472fe-71fb-4472-b416-5021845f2f54@group-6BFCA60A2FDA:LeaderElection43] INFO  impl.RaftServerImpl (RaftServerImpl.java:setRole(174)) - e82472fe-71fb-4472-b416-5021845f2f54@group-6BFCA60A2FDA: changes role from CANDIDATE to FOLLOWER at term 9 for DISCOVERED_A_NEW_TERM
2019-09-28 01:15:18,209 [e82472fe-71fb-4472-b416-5021845f2f54@group-6BFCA60A2FDA:LeaderElection43] INFO  impl.RoleInfo (RoleInfo.java:shutdownLeaderElection(134)) - e82472fe-71fb-4472-b416-5021845f2f54: shutdown LeaderElection
2019-09-28 01:15:18,209 [e82472fe-71fb-4472-b416-5021845f2f54@group-6BFCA60A2FDA:LeaderElection43] INFO  impl.RoleInfo (RoleInfo.java:updateAndGet(143)) - e82472fe-71fb-4472-b416-5021845f2f54: start FollowerState
2019-09-28 01:15:19,375 [Thread-1952] INFO  impl.FollowerState (FollowerState.java:run(106)) - e82472fe-71fb-4472-b416-5021845f2f54:group-6BFCA60A2FDA changes to CANDIDATE, lastRpcTime:1165, electionTimeout:1165ms
2019-09-28 01:15:19,376 [Thread-1952] INFO  impl.RoleInfo (RoleInfo.java:shutdownFollowerState(121)) - e82472fe-71fb-4472-b416-5021845f2f54: shutdown FollowerState
2019-09-28 01:15:19,377 [Thread-1952] INFO  impl.RaftServerImpl (RaftServerImpl.java:setRole(174)) - e82472fe-71fb-4472-b416-5021845f2f54@group-6BFCA60A2FDA: changes role from  FOLLOWER to CANDIDATE at term 9 for changeToCandidate
2019-09-28 01:15:19,377 [Thread-1952] INFO  impl.RoleInfo (RoleInfo.java:updateAndGet(143)) - e82472fe-71fb-4472-b416-5021845f2f54: start LeaderElection
2019-09-28 01:15:19,392 [e82472fe-71fb-4472-b416-5021845f2f54@group-6BFCA60A2FDA:LeaderElection44] INFO  impl.LeaderElection (LeaderElection.java:askForVotes(182)) - e82472fe-71fb-4472-b416-5021845f2f54@group-6BFCA60A2FDA:LeaderElection44: begin an election at term 10 for 0: [cab9505b-c3df-4889-be4c-e0933a387faa:192.168.151.82:36450, 8bf5c620-efb5-49b6-a768-f4179fc43006:192.168.151.82:41397, e82472fe-71fb-4472-b416-5021845f2f54:192.168.151.82:44038], old=null
2019-09-28 01:15:19,393 [e82472fe-71fb-4472-b416-5021845f2f54@group-6BFCA60A2FDA:LeaderElection44] INFO  impl.LeaderElection (LogUtils.java:infoOrTrace(149)) - e82472fe-71fb-4472-b416-5021845f2f54@group-6BFCA60A2FDA:LeaderElection44 got exception when requesting votes: {}
java.util.concurrent.ExecutionException: org.apache.ratis.thirdparty.io.grpc.StatusRuntimeException: UNAVAILABLE: io exception
	at java.util.concurrent.FutureTask.report(FutureTask.java:122)
	at java.util.concurrent.FutureTask.get(FutureTask.java:192)
	at org.apache.ratis.server.impl.LeaderElection.waitForResults(LeaderElection.java:263)
	at org.apache.ratis.server.impl.LeaderElection.askForVotes(LeaderElection.java:201)
	at org.apache.ratis.server.impl.LeaderElection.run(LeaderElection.java:133)
	at java.lang.Thread.run(Thread.java:748)
Caused by: org.apache.ratis.thirdparty.io.grpc.StatusRuntimeException: UNAVAILABLE: io exception
	at org.apache.ratis.thirdparty.io.grpc.stub.ClientCalls.toStatusRuntimeException(ClientCalls.java:233)
	at org.apache.ratis.thirdparty.io.grpc.stub.ClientCalls.getUnchecked(ClientCalls.java:214)
	at org.apache.ratis.thirdparty.io.grpc.stub.ClientCalls.blockingUnaryCall(ClientCalls.java:139)
	at org.apache.ratis.proto.grpc.RaftServerProtocolServiceGrpc$RaftServerProtocolServiceBlockingStub.requestVote(RaftServerProtocolServiceGrpc.java:265)
	at org.apache.ratis.grpc.server.GrpcServerProtocolClient.requestVote(GrpcServerProtocolClient.java:90)
	at org.apache.ratis.grpc.server.GrpcService.requestVote(GrpcService.java:204)
	at org.apache.ratis.server.impl.LeaderElection.lambda$submitRequests$1(LeaderElection.java:238)
	at java.util.concurrent.FutureTask.run(FutureTask.java:266)
	at java.util.concurrent.Executors$RunnableAdapter.call(Executors.java:511)
	at java.util.concurrent.FutureTask.run(FutureTask.java:266)
	at java.util.concurrent.ThreadPoolExecutor.runWorker(ThreadPoolExecutor.java:1149)
	at java.util.concurrent.ThreadPoolExecutor$Worker.run(ThreadPoolExecutor.java:624)
	... 1 more
Caused by: org.apache.ratis.thirdparty.io.netty.channel.AbstractChannel$AnnotatedConnectException: Connection refused: /192.168.151.82:36450
	at sun.nio.ch.SocketChannelImpl.checkConnect(Native Method)
	at sun.nio.ch.SocketChannelImpl.finishConnect(SocketChannelImpl.java:717)
	at org.apache.ratis.thirdparty.io.netty.channel.socket.nio.NioSocketChannel.doFinishConnect(NioSocketChannel.java:327)
	at org.apache.ratis.thirdparty.io.netty.channel.nio.AbstractNioChannel$AbstractNioUnsafe.finishConnect(AbstractNioChannel.java:340)
	at org.apache.ratis.thirdparty.io.netty.channel.nio.NioEventLoop.processSelectedKey(NioEventLoop.java:632)
	at org.apache.ratis.thirdparty.io.netty.channel.nio.NioEventLoop.processSelectedKeysOptimized(NioEventLoop.java:579)
	at org.apache.ratis.thirdparty.io.netty.channel.nio.NioEventLoop.processSelectedKeys(NioEventLoop.java:496)
	at org.apache.ratis.thirdparty.io.netty.channel.nio.NioEventLoop.run(NioEventLoop.java:458)
	at org.apache.ratis.thirdparty.io.netty.util.concurrent.SingleThreadEventExecutor$5.run(SingleThreadEventExecutor.java:897)
	at org.apache.ratis.thirdparty.io.netty.util.concurrent.FastThreadLocalRunnable.run(FastThreadLocalRunnable.java:30)
	... 1 more
Caused by: java.net.ConnectException: Connection refused
	... 11 more
2019-09-28 01:15:19,399 [e82472fe-71fb-4472-b416-5021845f2f54@group-6BFCA60A2FDA:LeaderElection44] INFO  impl.LeaderElection (LogUtils.java:infoOrTrace(149)) - e82472fe-71fb-4472-b416-5021845f2f54@group-6BFCA60A2FDA:LeaderElection44 got exception when requesting votes: {}
java.util.concurrent.ExecutionException: org.apache.ratis.thirdparty.io.grpc.StatusRuntimeException: UNAVAILABLE: io exception
	at java.util.concurrent.FutureTask.report(FutureTask.java:122)
	at java.util.concurrent.FutureTask.get(FutureTask.java:192)
	at org.apache.ratis.server.impl.LeaderElection.waitForResults(LeaderElection.java:263)
	at org.apache.ratis.server.impl.LeaderElection.askForVotes(LeaderElection.java:201)
	at org.apache.ratis.server.impl.LeaderElection.run(LeaderElection.java:133)
	at java.lang.Thread.run(Thread.java:748)
Caused by: org.apache.ratis.thirdparty.io.grpc.StatusRuntimeException: UNAVAILABLE: io exception
	at org.apache.ratis.thirdparty.io.grpc.stub.ClientCalls.toStatusRuntimeException(ClientCalls.java:233)
	at org.apache.ratis.thirdparty.io.grpc.stub.ClientCalls.getUnchecked(ClientCalls.java:214)
	at org.apache.ratis.thirdparty.io.grpc.stub.ClientCalls.blockingUnaryCall(ClientCalls.java:139)
	at org.apache.ratis.proto.grpc.RaftServerProtocolServiceGrpc$RaftServerProtocolServiceBlockingStub.requestVote(RaftServerProtocolServiceGrpc.java:265)
	at org.apache.ratis.grpc.server.GrpcServerProtocolClient.requestVote(GrpcServerProtocolClient.java:90)
	at org.apache.ratis.grpc.server.GrpcService.requestVote(GrpcService.java:204)
	at org.apache.ratis.server.impl.LeaderElection.lambda$submitRequests$1(LeaderElection.java:238)
	at java.util.concurrent.FutureTask.run(FutureTask.java:266)
	at java.util.concurrent.Executors$RunnableAdapter.call(Executors.java:511)
	at java.util.concurrent.FutureTask.run(FutureTask.java:266)
	at java.util.concurrent.ThreadPoolExecutor.runWorker(ThreadPoolExecutor.java:1149)
	at java.util.concurrent.ThreadPoolExecutor$Worker.run(ThreadPoolExecutor.java:624)
	... 1 more
Caused by: org.apache.ratis.thirdparty.io.netty.channel.AbstractChannel$AnnotatedConnectException: Connection refused: /192.168.151.82:41397
	at sun.nio.ch.SocketChannelImpl.checkConnect(Native Method)
	at sun.nio.ch.SocketChannelImpl.finishConnect(SocketChannelImpl.java:717)
	at org.apache.ratis.thirdparty.io.netty.channel.socket.nio.NioSocketChannel.doFinishConnect(NioSocketChannel.java:327)
	at org.apache.ratis.thirdparty.io.netty.channel.nio.AbstractNioChannel$AbstractNioUnsafe.finishConnect(AbstractNioChannel.java:340)
	at org.apache.ratis.thirdparty.io.netty.channel.nio.NioEventLoop.processSelectedKey(NioEventLoop.java:632)
	at org.apache.ratis.thirdparty.io.netty.channel.nio.NioEventLoop.processSelectedKeysOptimized(NioEventLoop.java:579)
	at org.apache.ratis.thirdparty.io.netty.channel.nio.NioEventLoop.processSelectedKeys(NioEventLoop.java:496)
	at org.apache.ratis.thirdparty.io.netty.channel.nio.NioEventLoop.run(NioEventLoop.java:458)
	at org.apache.ratis.thirdparty.io.netty.util.concurrent.SingleThreadEventExecutor$5.run(SingleThreadEventExecutor.java:897)
	at org.apache.ratis.thirdparty.io.netty.util.concurrent.FastThreadLocalRunnable.run(FastThreadLocalRunnable.java:30)
	... 1 more
Caused by: java.net.ConnectException: Connection refused
	... 11 more
2019-09-28 01:15:19,399 [e82472fe-71fb-4472-b416-5021845f2f54@group-6BFCA60A2FDA:LeaderElection44] INFO  impl.LeaderElection (LeaderElection.java:logAndReturn(56)) - e82472fe-71fb-4472-b416-5021845f2f54@group-6BFCA60A2FDA:LeaderElection44: Election REJECTED; received 0 response(s) [] and 2 exception(s); e82472fe-71fb-4472-b416-5021845f2f54@group-6BFCA60A2FDA:t10, leader=null, voted=e82472fe-71fb-4472-b416-5021845f2f54, raftlog=e82472fe-71fb-4472-b416-5021845f2f54@group-6BFCA60A2FDA-SegmentedRaftLog:OPENED:c0,f0,i0, conf=0: [cab9505b-c3df-4889-be4c-e0933a387faa:192.168.151.82:36450, 8bf5c620-efb5-49b6-a768-f4179fc43006:192.168.151.82:41397, e82472fe-71fb-4472-b416-5021845f2f54:192.168.151.82:44038], old=null
2019-09-28 01:15:19,400 [e82472fe-71fb-4472-b416-5021845f2f54@group-6BFCA60A2FDA:LeaderElection44] INFO  impl.LeaderElection (LogUtils.java:infoOrTrace(149)) -   Exception 0: {}
java.util.concurrent.ExecutionException: org.apache.ratis.thirdparty.io.grpc.StatusRuntimeException: UNAVAILABLE: io exception
	at java.util.concurrent.FutureTask.report(FutureTask.java:122)
	at java.util.concurrent.FutureTask.get(FutureTask.java:192)
	at org.apache.ratis.server.impl.LeaderElection.waitForResults(LeaderElection.java:263)
	at org.apache.ratis.server.impl.LeaderElection.askForVotes(LeaderElection.java:201)
	at org.apache.ratis.server.impl.LeaderElection.run(LeaderElection.java:133)
	at java.lang.Thread.run(Thread.java:748)
Caused by: org.apache.ratis.thirdparty.io.grpc.StatusRuntimeException: UNAVAILABLE: io exception
	at org.apache.ratis.thirdparty.io.grpc.stub.ClientCalls.toStatusRuntimeException(ClientCalls.java:233)
	at org.apache.ratis.thirdparty.io.grpc.stub.ClientCalls.getUnchecked(ClientCalls.java:214)
	at org.apache.ratis.thirdparty.io.grpc.stub.ClientCalls.blockingUnaryCall(ClientCalls.java:139)
	at org.apache.ratis.proto.grpc.RaftServerProtocolServiceGrpc$RaftServerProtocolServiceBlockingStub.requestVote(RaftServerProtocolServiceGrpc.java:265)
	at org.apache.ratis.grpc.server.GrpcServerProtocolClient.requestVote(GrpcServerProtocolClient.java:90)
	at org.apache.ratis.grpc.server.GrpcService.requestVote(GrpcService.java:204)
	at org.apache.ratis.server.impl.LeaderElection.lambda$submitRequests$1(LeaderElection.java:238)
	at java.util.concurrent.FutureTask.run(FutureTask.java:266)
	at java.util.concurrent.Executors$RunnableAdapter.call(Executors.java:511)
	at java.util.concurrent.FutureTask.run(FutureTask.java:266)
	at java.util.concurrent.ThreadPoolExecutor.runWorker(ThreadPoolExecutor.java:1149)
	at java.util.concurrent.ThreadPoolExecutor$Worker.run(ThreadPoolExecutor.java:624)
	... 1 more
Caused by: org.apache.ratis.thirdparty.io.netty.channel.AbstractChannel$AnnotatedConnectException: Connection refused: /192.168.151.82:36450
	at sun.nio.ch.SocketChannelImpl.checkConnect(Native Method)
	at sun.nio.ch.SocketChannelImpl.finishConnect(SocketChannelImpl.java:717)
	at org.apache.ratis.thirdparty.io.netty.channel.socket.nio.NioSocketChannel.doFinishConnect(NioSocketChannel.java:327)
	at org.apache.ratis.thirdparty.io.netty.channel.nio.AbstractNioChannel$AbstractNioUnsafe.finishConnect(AbstractNioChannel.java:340)
	at org.apache.ratis.thirdparty.io.netty.channel.nio.NioEventLoop.processSelectedKey(NioEventLoop.java:632)
	at org.apache.ratis.thirdparty.io.netty.channel.nio.NioEventLoop.processSelectedKeysOptimized(NioEventLoop.java:579)
	at org.apache.ratis.thirdparty.io.netty.channel.nio.NioEventLoop.processSelectedKeys(NioEventLoop.java:496)
	at org.apache.ratis.thirdparty.io.netty.channel.nio.NioEventLoop.run(NioEventLoop.java:458)
	at org.apache.ratis.thirdparty.io.netty.util.concurrent.SingleThreadEventExecutor$5.run(SingleThreadEventExecutor.java:897)
	at org.apache.ratis.thirdparty.io.netty.util.concurrent.FastThreadLocalRunnable.run(FastThreadLocalRunnable.java:30)
	... 1 more
Caused by: java.net.ConnectException: Connection refused
	... 11 more
2019-09-28 01:15:19,400 [e82472fe-71fb-4472-b416-5021845f2f54@group-6BFCA60A2FDA:LeaderElection44] INFO  impl.LeaderElection (LogUtils.java:infoOrTrace(149)) -   Exception 1: {}
java.util.concurrent.ExecutionException: org.apache.ratis.thirdparty.io.grpc.StatusRuntimeException: UNAVAILABLE: io exception
	at java.util.concurrent.FutureTask.report(FutureTask.java:122)
	at java.util.concurrent.FutureTask.get(FutureTask.java:192)
	at org.apache.ratis.server.impl.LeaderElection.waitForResults(LeaderElection.java:263)
	at org.apache.ratis.server.impl.LeaderElection.askForVotes(LeaderElection.java:201)
	at org.apache.ratis.server.impl.LeaderElection.run(LeaderElection.java:133)
	at java.lang.Thread.run(Thread.java:748)
Caused by: org.apache.ratis.thirdparty.io.grpc.StatusRuntimeException: UNAVAILABLE: io exception
	at org.apache.ratis.thirdparty.io.grpc.stub.ClientCalls.toStatusRuntimeException(ClientCalls.java:233)
	at org.apache.ratis.thirdparty.io.grpc.stub.ClientCalls.getUnchecked(ClientCalls.java:214)
	at org.apache.ratis.thirdparty.io.grpc.stub.ClientCalls.blockingUnaryCall(ClientCalls.java:139)
	at org.apache.ratis.proto.grpc.RaftServerProtocolServiceGrpc$RaftServerProtocolServiceBlockingStub.requestVote(RaftServerProtocolServiceGrpc.java:265)
	at org.apache.ratis.grpc.server.GrpcServerProtocolClient.requestVote(GrpcServerProtocolClient.java:90)
	at org.apache.ratis.grpc.server.GrpcService.requestVote(GrpcService.java:204)
	at org.apache.ratis.server.impl.LeaderElection.lambda$submitRequests$1(LeaderElection.java:238)
	at java.util.concurrent.FutureTask.run(FutureTask.java:266)
	at java.util.concurrent.Executors$RunnableAdapter.call(Executors.java:511)
	at java.util.concurrent.FutureTask.run(FutureTask.java:266)
	at java.util.concurrent.ThreadPoolExecutor.runWorker(ThreadPoolExecutor.java:1149)
	at java.util.concurrent.ThreadPoolExecutor$Worker.run(ThreadPoolExecutor.java:624)
	... 1 more
Caused by: org.apache.ratis.thirdparty.io.netty.channel.AbstractChannel$AnnotatedConnectException: Connection refused: /192.168.151.82:41397
	at sun.nio.ch.SocketChannelImpl.checkConnect(Native Method)
	at sun.nio.ch.SocketChannelImpl.finishConnect(SocketChannelImpl.java:717)
	at org.apache.ratis.thirdparty.io.netty.channel.socket.nio.NioSocketChannel.doFinishConnect(NioSocketChannel.java:327)
	at org.apache.ratis.thirdparty.io.netty.channel.nio.AbstractNioChannel$AbstractNioUnsafe.finishConnect(AbstractNioChannel.java:340)
	at org.apache.ratis.thirdparty.io.netty.channel.nio.NioEventLoop.processSelectedKey(NioEventLoop.java:632)
	at org.apache.ratis.thirdparty.io.netty.channel.nio.NioEventLoop.processSelectedKeysOptimized(NioEventLoop.java:579)
	at org.apache.ratis.thirdparty.io.netty.channel.nio.NioEventLoop.processSelectedKeys(NioEventLoop.java:496)
	at org.apache.ratis.thirdparty.io.netty.channel.nio.NioEventLoop.run(NioEventLoop.java:458)
	at org.apache.ratis.thirdparty.io.netty.util.concurrent.SingleThreadEventExecutor$5.run(SingleThreadEventExecutor.java:897)
	at org.apache.ratis.thirdparty.io.netty.util.concurrent.FastThreadLocalRunnable.run(FastThreadLocalRunnable.java:30)
	... 1 more
Caused by: java.net.ConnectException: Connection refused
	... 11 more
2019-09-28 01:15:19,401 [e82472fe-71fb-4472-b416-5021845f2f54@group-6BFCA60A2FDA:LeaderElection44] INFO  impl.RaftServerImpl (RaftServerImpl.java:setRole(174)) - e82472fe-71fb-4472-b416-5021845f2f54@group-6BFCA60A2FDA: changes role from CANDIDATE to FOLLOWER at term 10 for DISCOVERED_A_NEW_TERM
2019-09-28 01:15:19,401 [e82472fe-71fb-4472-b416-5021845f2f54@group-6BFCA60A2FDA:LeaderElection44] INFO  impl.RoleInfo (RoleInfo.java:shutdownLeaderElection(134)) - e82472fe-71fb-4472-b416-5021845f2f54: shutdown LeaderElection
2019-09-28 01:15:19,401 [e82472fe-71fb-4472-b416-5021845f2f54@group-6BFCA60A2FDA:LeaderElection44] INFO  impl.RoleInfo (RoleInfo.java:updateAndGet(143)) - e82472fe-71fb-4472-b416-5021845f2f54: start FollowerState
2019-09-28 01:15:20,196 [main] INFO  ozoneimpl.OzoneContainer (OzoneContainer.java:stop(231)) - Attempting to stop container services.
2019-09-28 01:15:20,202 [main] INFO  impl.RaftServerProxy (RaftServerProxy.java:lambda$close$4(314)) - 302d3587-349c-4e62-abb8-2673f37c3eec: close
2019-09-28 01:15:20,203 [main] INFO  impl.RaftServerImpl (RaftServerImpl.java:lambda$shutdown$3(251)) - 302d3587-349c-4e62-abb8-2673f37c3eec@group-A0C798E7F315: shutdown
2019-09-28 01:15:20,203 [main] INFO  util.JmxRegister (JmxRegister.java:unregister(73)) - Successfully un-registered JMX Bean with object name Ratis:service=RaftServer,group=group-A0C798E7F315,id=302d3587-349c-4e62-abb8-2673f37c3eec
2019-09-28 01:15:20,204 [main] INFO  impl.RoleInfo (RoleInfo.java:shutdownLeaderState(104)) - 302d3587-349c-4e62-abb8-2673f37c3eec: shutdown LeaderState
2019-09-28 01:15:20,204 [main] INFO  impl.PendingRequests (PendingRequests.java:sendNotLeaderResponses(202)) - 302d3587-349c-4e62-abb8-2673f37c3eec-PendingRequests: sendNotLeaderResponses
2019-09-28 01:15:20,205 [main] INFO  impl.StateMachineUpdater (StateMachineUpdater.java:stopAndJoin(125)) - 302d3587-349c-4e62-abb8-2673f37c3eec@group-A0C798E7F315-StateMachineUpdater: set stopIndex = 0
2019-09-28 01:15:20,206 [main] INFO  impl.RaftServerImpl (ServerState.java:close(385)) - 302d3587-349c-4e62-abb8-2673f37c3eec@group-A0C798E7F315: closes. applyIndex: 0
2019-09-28 01:15:20,207 [302d3587-349c-4e62-abb8-2673f37c3eec@group-A0C798E7F315-SegmentedRaftLogWorker] INFO  segmented.SegmentedRaftLogWorker (SegmentedRaftLogWorker.java:run(313)) - 302d3587-349c-4e62-abb8-2673f37c3eec@group-A0C798E7F315-SegmentedRaftLogWorker was interrupted, exiting. There are 0 tasks remaining in the queue.
2019-09-28 01:15:20,207 [main] INFO  segmented.SegmentedRaftLogWorker (SegmentedRaftLogWorker.java:close(228)) - 302d3587-349c-4e62-abb8-2673f37c3eec@group-A0C798E7F315-SegmentedRaftLogWorker close()
2019-09-28 01:15:20,209 [main] INFO  server.GrpcService (GrpcService.java:closeImpl(164)) - 302d3587-349c-4e62-abb8-2673f37c3eec: shutdown server with port 36453 now
2019-09-28 01:15:20,209 [ForkJoinPool.commonPool-worker-0] INFO  ozoneimpl.OzoneContainer (OzoneContainer.java:stop(231)) - Attempting to stop container services.
2019-09-28 01:15:20,210 [ForkJoinPool.commonPool-worker-0] INFO  impl.RaftServerProxy (RaftServerProxy.java:lambda$close$4(314)) - e82472fe-71fb-4472-b416-5021845f2f54: close
2019-09-28 01:15:20,211 [main] INFO  server.GrpcService (GrpcService.java:closeImpl(172)) - 302d3587-349c-4e62-abb8-2673f37c3eec: shutdown server with port 36453 successfully
2019-09-28 01:15:20,212 [ForkJoinPool.commonPool-worker-0] INFO  impl.RaftServerImpl (RaftServerImpl.java:lambda$shutdown$3(251)) - e82472fe-71fb-4472-b416-5021845f2f54@group-6BFCA60A2FDA: shutdown
2019-09-28 01:15:20,212 [ForkJoinPool.commonPool-worker-0] INFO  util.JmxRegister (JmxRegister.java:unregister(73)) - Successfully un-registered JMX Bean with object name Ratis:service=RaftServer,group=group-6BFCA60A2FDA,id=e82472fe-71fb-4472-b416-5021845f2f54
2019-09-28 01:15:20,213 [ForkJoinPool.commonPool-worker-0] INFO  impl.RoleInfo (RoleInfo.java:shutdownFollowerState(121)) - e82472fe-71fb-4472-b416-5021845f2f54: shutdown FollowerState
2019-09-28 01:15:20,213 [ForkJoinPool.commonPool-worker-0] INFO  impl.StateMachineUpdater (StateMachineUpdater.java:stopAndJoin(125)) - e82472fe-71fb-4472-b416-5021845f2f54@group-6BFCA60A2FDA-StateMachineUpdater: set stopIndex = 0
2019-09-28 01:15:20,213 [Thread-1956] INFO  impl.FollowerState (FollowerState.java:run(115)) - e82472fe-71fb-4472-b416-5021845f2f54: FollowerState was interrupted: java.lang.InterruptedException: sleep interrupted
2019-09-28 01:15:20,216 [ForkJoinPool.commonPool-worker-0] INFO  impl.RaftServerImpl (ServerState.java:close(385)) - e82472fe-71fb-4472-b416-5021845f2f54@group-6BFCA60A2FDA: closes. applyIndex: 0
2019-09-28 01:15:20,216 [e82472fe-71fb-4472-b416-5021845f2f54@group-6BFCA60A2FDA-SegmentedRaftLogWorker] INFO  segmented.SegmentedRaftLogWorker (SegmentedRaftLogWorker.java:run(313)) - e82472fe-71fb-4472-b416-5021845f2f54@group-6BFCA60A2FDA-SegmentedRaftLogWorker was interrupted, exiting. There are 0 tasks remaining in the queue.
2019-09-28 01:15:20,217 [ForkJoinPool.commonPool-worker-0] INFO  segmented.SegmentedRaftLogWorker (SegmentedRaftLogWorker.java:close(228)) - e82472fe-71fb-4472-b416-5021845f2f54@group-6BFCA60A2FDA-SegmentedRaftLogWorker close()
2019-09-28 01:15:20,218 [ForkJoinPool.commonPool-worker-0] INFO  impl.RaftServerImpl (RaftServerImpl.java:lambda$shutdown$3(251)) - e82472fe-71fb-4472-b416-5021845f2f54@group-D17466559F7D: shutdown
2019-09-28 01:15:20,219 [ForkJoinPool.commonPool-worker-0] INFO  util.JmxRegister (JmxRegister.java:unregister(73)) - Successfully un-registered JMX Bean with object name Ratis:service=RaftServer,group=group-D17466559F7D,id=e82472fe-71fb-4472-b416-5021845f2f54
2019-09-28 01:15:20,219 [ForkJoinPool.commonPool-worker-0] INFO  impl.RoleInfo (RoleInfo.java:shutdownLeaderState(104)) - e82472fe-71fb-4472-b416-5021845f2f54: shutdown LeaderState
2019-09-28 01:15:20,220 [ForkJoinPool.commonPool-worker-0] INFO  impl.PendingRequests (PendingRequests.java:sendNotLeaderResponses(202)) - e82472fe-71fb-4472-b416-5021845f2f54-PendingRequests: sendNotLeaderResponses
2019-09-28 01:15:20,221 [ForkJoinPool.commonPool-worker-0] INFO  impl.StateMachineUpdater (StateMachineUpdater.java:stopAndJoin(125)) - e82472fe-71fb-4472-b416-5021845f2f54@group-D17466559F7D-StateMachineUpdater: set stopIndex = 0
2019-09-28 01:15:20,221 [refreshUsed-/workdir/hadoop-ozone/integration-test/target/test-dir/MiniOzoneClusterImpl-fa4977c4-dda7-4050-b4ba-2f9fed17fcef/datanode-7/data/containers] WARN  fs.CachingGetSpaceUsed (CachingGetSpaceUsed.java:run(183)) - Thread Interrupted waiting to refresh disk information: sleep interrupted
2019-09-28 01:15:20,222 [ForkJoinPool.commonPool-worker-0] INFO  impl.RaftServerImpl (ServerState.java:close(385)) - e82472fe-71fb-4472-b416-5021845f2f54@group-D17466559F7D: closes. applyIndex: 0
2019-09-28 01:15:20,223 [e82472fe-71fb-4472-b416-5021845f2f54@group-D17466559F7D-SegmentedRaftLogWorker] INFO  segmented.SegmentedRaftLogWorker (SegmentedRaftLogWorker.java:run(313)) - e82472fe-71fb-4472-b416-5021845f2f54@group-D17466559F7D-SegmentedRaftLogWorker was interrupted, exiting. There are 0 tasks remaining in the queue.
2019-09-28 01:15:20,223 [ForkJoinPool.commonPool-worker-0] INFO  segmented.SegmentedRaftLogWorker (SegmentedRaftLogWorker.java:close(228)) - e82472fe-71fb-4472-b416-5021845f2f54@group-D17466559F7D-SegmentedRaftLogWorker close()
2019-09-28 01:15:20,226 [ForkJoinPool.commonPool-worker-0] INFO  server.GrpcService (GrpcService.java:closeImpl(164)) - e82472fe-71fb-4472-b416-5021845f2f54: shutdown server with port 44038 now
2019-09-28 01:15:20,227 [ForkJoinPool.commonPool-worker-0] INFO  server.GrpcService (GrpcService.java:closeImpl(172)) - e82472fe-71fb-4472-b416-5021845f2f54: shutdown server with port 44038 successfully
2019-09-28 01:15:20,232 [refreshUsed-/workdir/hadoop-ozone/integration-test/target/test-dir/MiniOzoneClusterImpl-fa4977c4-dda7-4050-b4ba-2f9fed17fcef/datanode-1/data/containers] WARN  fs.CachingGetSpaceUsed (CachingGetSpaceUsed.java:run(183)) - Thread Interrupted waiting to refresh disk information: sleep interrupted
2019-09-28 01:15:20,246 [main] INFO  utils.BackgroundService (BackgroundService.java:shutdown(148)) - Shutting down service BlockDeletingService
2019-09-28 01:15:20,250 [main] INFO  statemachine.DatanodeStateMachine (DatanodeStateMachine.java:stopDaemon(395)) - Ozone container server stopped.
2019-09-28 01:15:20,252 [main] INFO  handler.ContextHandler (ContextHandler.java:doStop(910)) - Stopped o.e.j.w.WebAppContext@5f2bd6d9{/,null,UNAVAILABLE}{/hddsDatanode}
2019-09-28 01:15:20,253 [main] INFO  server.AbstractConnector (AbstractConnector.java:doStop(318)) - Stopped ServerConnector@7c847072{HTTP/1.1,[http/1.1]}{0.0.0.0:0}
2019-09-28 01:15:20,253 [main] INFO  handler.ContextHandler (ContextHandler.java:doStop(910)) - Stopped o.e.j.s.ServletContextHandler@7412ed6b{/static,jar:file:/home/user/.m2/repository/org/apache/hadoop/hadoop-hdds-container-service/0.5.0-SNAPSHOT/hadoop-hdds-container-service-0.5.0-SNAPSHOT.jar!/webapps/static,UNAVAILABLE}
2019-09-28 01:15:20,254 [main] INFO  handler.ContextHandler (ContextHandler.java:doStop(910)) - Stopped o.e.j.s.ServletContextHandler@46aa712c{/logs,file:///workdir/hadoop-ozone/integration-test/target/log,UNAVAILABLE}
2019-09-28 01:15:20,257 [ForkJoinPool.commonPool-worker-0] INFO  utils.BackgroundService (BackgroundService.java:shutdown(148)) - Shutting down service BlockDeletingService
2019-09-28 01:15:20,260 [ForkJoinPool.commonPool-worker-0] INFO  statemachine.DatanodeStateMachine (DatanodeStateMachine.java:stopDaemon(395)) - Ozone container server stopped.
2019-09-28 01:15:20,264 [ForkJoinPool.commonPool-worker-0] INFO  handler.ContextHandler (ContextHandler.java:doStop(910)) - Stopped o.e.j.w.WebAppContext@467b684d{/,null,UNAVAILABLE}{/hddsDatanode}
2019-09-28 01:15:20,265 [ForkJoinPool.commonPool-worker-0] INFO  server.AbstractConnector (AbstractConnector.java:doStop(318)) - Stopped ServerConnector@7baf1f5a{HTTP/1.1,[http/1.1]}{0.0.0.0:0}
2019-09-28 01:15:20,266 [ForkJoinPool.commonPool-worker-0] INFO  handler.ContextHandler (ContextHandler.java:doStop(910)) - Stopped o.e.j.s.ServletContextHandler@79b84841{/static,jar:file:/home/user/.m2/repository/org/apache/hadoop/hadoop-hdds-container-service/0.5.0-SNAPSHOT/hadoop-hdds-container-service-0.5.0-SNAPSHOT.jar!/webapps/static,UNAVAILABLE}
2019-09-28 01:15:20,267 [ForkJoinPool.commonPool-worker-0] INFO  handler.ContextHandler (ContextHandler.java:doStop(910)) - Stopped o.e.j.s.ServletContextHandler@56a4f272{/logs,file:///workdir/hadoop-ozone/integration-test/target/log,UNAVAILABLE}
2019-09-28 01:15:20,268 [main] INFO  ozone.MiniOzoneClusterImpl (MiniOzoneClusterImpl.java:stopSCM(392)) - Stopping the StorageContainerManager
2019-09-28 01:15:20,269 [main] INFO  server.StorageContainerManager (StorageContainerManager.java:stop(808)) - Stopping Replication Manager Service.
2019-09-28 01:15:20,269 [main] INFO  container.ReplicationManager (ReplicationManager.java:stop(203)) - Stopping Replication Monitor Thread.
2019-09-28 01:15:20,269 [main] INFO  server.StorageContainerManager (StorageContainerManager.java:stop(815)) - Stopping Lease Manager of the command watchers
2019-09-28 01:15:20,270 [main] INFO  server.StorageContainerManager (StorageContainerManager.java:stop(822)) - Stopping datanode service RPC server
2019-09-28 01:15:20,270 [main] INFO  server.SCMDatanodeProtocolServer (SCMDatanodeProtocolServer.java:stop(367)) - Stopping the RPC server for DataNodes
2019-09-28 01:15:20,270 [main] INFO  ipc.Server (Server.java:stop(3082)) - Stopping server on 33418
2019-09-28 01:15:20,271 [IPC Server listener on 33418] INFO  ipc.Server (Server.java:run(1185)) - Stopping IPC Server listener on 33418
2019-09-28 01:15:20,273 [IPC Server Responder] INFO  ipc.Server (Server.java:run(1319)) - Stopping IPC Server Responder
2019-09-28 01:15:20,342 [SCM Heartbeat Processing Thread - 0] WARN  node.NodeStateManager (NodeStateManager.java:scheduleNextHealthCheck(646)) - Current Thread is interrupted, shutting down HB processing thread for Node Manager.
2019-09-28 01:15:20,343 [main] INFO  server.StorageContainerManager (StorageContainerManager.java:stop(830)) - Stopping block service RPC server
2019-09-28 01:15:20,343 [main] INFO  server.SCMBlockProtocolServer (SCMBlockProtocolServer.java:stop(155)) - Stopping the RPC server for Block Protocol
2019-09-28 01:15:20,343 [main] INFO  ipc.Server (Server.java:stop(3082)) - Stopping server on 41416
2019-09-28 01:15:20,346 [IPC Server listener on 41416] INFO  ipc.Server (Server.java:run(1185)) - Stopping IPC Server listener on 41416
2019-09-28 01:15:20,346 [main] INFO  server.StorageContainerManager (StorageContainerManager.java:stop(837)) - Stopping the StorageContainerLocationProtocol RPC server
2019-09-28 01:15:20,346 [IPC Server Responder] INFO  ipc.Server (Server.java:run(1319)) - Stopping IPC Server Responder
2019-09-28 01:15:20,346 [main] INFO  server.SCMClientProtocolServer (SCMClientProtocolServer.java:stop(158)) - Stopping the RPC server for Client Protocol
2019-09-28 01:15:20,347 [main] INFO  ipc.Server (Server.java:stop(3082)) - Stopping server on 45846
2019-09-28 01:15:20,348 [main] INFO  server.StorageContainerManager (StorageContainerManager.java:stop(844)) - Stopping Storage Container Manager HTTP server.
2019-09-28 01:15:20,348 [IPC Server listener on 45846] INFO  ipc.Server (Server.java:run(1185)) - Stopping IPC Server listener on 45846
2019-09-28 01:15:20,350 [IPC Server Responder] INFO  ipc.Server (Server.java:run(1319)) - Stopping IPC Server Responder
2019-09-28 01:15:20,351 [main] INFO  handler.ContextHandler (ContextHandler.java:doStop(910)) - Stopped o.e.j.w.WebAppContext@6db66836{/,null,UNAVAILABLE}{/scm}
2019-09-28 01:15:20,352 [main] INFO  server.AbstractConnector (AbstractConnector.java:doStop(318)) - Stopped ServerConnector@1ee4730{HTTP/1.1,[http/1.1]}{0.0.0.0:0}
2019-09-28 01:15:20,352 [main] INFO  handler.ContextHandler (ContextHandler.java:doStop(910)) - Stopped o.e.j.s.ServletContextHandler@43b6123e{/static,file:///workdir/hadoop-ozone/integration-test/target/test-classes/webapps/static,UNAVAILABLE}
2019-09-28 01:15:20,353 [main] INFO  handler.ContextHandler (ContextHandler.java:doStop(910)) - Stopped o.e.j.s.ServletContextHandler@4fce136b{/logs,file:///workdir/hadoop-ozone/integration-test/target/log,UNAVAILABLE}
2019-09-28 01:15:20,354 [main] INFO  server.StorageContainerManager (StorageContainerManager.java:stop(855)) - Stopping Block Manager Service.
2019-09-28 01:15:20,354 [main] INFO  utils.BackgroundService (BackgroundService.java:shutdown(148)) - Shutting down service SCMBlockDeletingService
2019-09-28 01:15:20,355 [main] INFO  utils.BackgroundService (BackgroundService.java:shutdown(148)) - Shutting down service SCMBlockDeletingService
2019-09-28 01:15:20,355 [main] INFO  server.StorageContainerManager (StorageContainerManager.java:stop(877)) - Stopping SCM Event Queue.
2019-09-28 01:15:20,366 [main] INFO  impl.MetricsSystemImpl (MetricsSystemImpl.java:stop(210)) - Stopping ratis metrics system...
2019-09-28 01:15:20,380 [prometheus] INFO  impl.MetricsSinkAdapter (MetricsSinkAdapter.java:publishMetricsFromQueue(141)) - prometheus thread interrupted.
2019-09-28 01:15:20,380 [main] INFO  impl.MetricsSystemImpl (MetricsSystemImpl.java:stop(216)) - ratis metrics system stopped.
]]></system-out>
    <system-err><![CDATA[ERROR StatusLogger No Log4j 2 configuration file found. Using default configuration (logging only errors to the console), or user programmatically provided configurations. Set system property 'log4j2.debug' to show Log4j 2 internal initialization logging. See https://logging.apache.org/log4j/2.x/manual/configuration.html for instructions on how to configure Log4j 2
Sep 28, 2019 1:14:59 AM org.apache.ratis.thirdparty.io.grpc.internal.SerializingExecutor run
SEVERE: Exception while executing runnable org.apache.ratis.thirdparty.io.grpc.internal.ServerImpl$JumpToApplicationThreadServerStreamListener$1Closed@c74a8a
org.apache.ratis.thirdparty.io.grpc.StatusRuntimeException: CANCELLED: call already cancelled
	at org.apache.ratis.thirdparty.io.grpc.Status.asRuntimeException(Status.java:517)
	at org.apache.ratis.thirdparty.io.grpc.stub.ServerCalls$ServerCallStreamObserverImpl.onCompleted(ServerCalls.java:356)
	at org.apache.ratis.grpc.server.GrpcServerProtocolService$ServerRequestStreamObserver.onError(GrpcServerProtocolService.java:121)
	at org.apache.ratis.thirdparty.io.grpc.stub.ServerCalls$StreamingServerCallHandler$StreamingServerCallListener.onCancel(ServerCalls.java:269)
	at org.apache.ratis.thirdparty.io.grpc.internal.ServerCallImpl$ServerStreamListenerImpl.closed(ServerCallImpl.java:293)
	at org.apache.ratis.thirdparty.io.grpc.internal.ServerImpl$JumpToApplicationThreadServerStreamListener$1Closed.runInContext(ServerImpl.java:741)
	at org.apache.ratis.thirdparty.io.grpc.internal.ContextRunnable.run(ContextRunnable.java:37)
	at org.apache.ratis.thirdparty.io.grpc.internal.SerializingExecutor.run(SerializingExecutor.java:123)
	at java.util.concurrent.ThreadPoolExecutor.runWorker(ThreadPoolExecutor.java:1149)
	at java.util.concurrent.ThreadPoolExecutor$Worker.run(ThreadPoolExecutor.java:624)
	at java.lang.Thread.run(Thread.java:748)

Sep 28, 2019 1:14:59 AM org.apache.ratis.thirdparty.io.grpc.internal.SerializingExecutor run
SEVERE: Exception while executing runnable org.apache.ratis.thirdparty.io.grpc.internal.ServerImpl$JumpToApplicationThreadServerStreamListener$1Closed@572f4fcf
org.apache.ratis.thirdparty.io.grpc.StatusRuntimeException: CANCELLED: call already cancelled
	at org.apache.ratis.thirdparty.io.grpc.Status.asRuntimeException(Status.java:517)
	at org.apache.ratis.thirdparty.io.grpc.stub.ServerCalls$ServerCallStreamObserverImpl.onCompleted(ServerCalls.java:356)
	at org.apache.ratis.grpc.server.GrpcServerProtocolService$ServerRequestStreamObserver.onError(GrpcServerProtocolService.java:121)
	at org.apache.ratis.thirdparty.io.grpc.stub.ServerCalls$StreamingServerCallHandler$StreamingServerCallListener.onCancel(ServerCalls.java:269)
	at org.apache.ratis.thirdparty.io.grpc.internal.ServerCallImpl$ServerStreamListenerImpl.closed(ServerCallImpl.java:293)
	at org.apache.ratis.thirdparty.io.grpc.internal.ServerImpl$JumpToApplicationThreadServerStreamListener$1Closed.runInContext(ServerImpl.java:741)
	at org.apache.ratis.thirdparty.io.grpc.internal.ContextRunnable.run(ContextRunnable.java:37)
	at org.apache.ratis.thirdparty.io.grpc.internal.SerializingExecutor.run(SerializingExecutor.java:123)
	at java.util.concurrent.ThreadPoolExecutor.runWorker(ThreadPoolExecutor.java:1149)
	at java.util.concurrent.ThreadPoolExecutor$Worker.run(ThreadPoolExecutor.java:624)
	at java.lang.Thread.run(Thread.java:748)

]]></system-err>
  </testcase>
  <testcase name="testContainerExclusionWithClosedContainerException" classname="org.apache.hadoop.ozone.client.rpc.TestFailureHandlingByClient" time="142.42">
    <error message="Connection refused" type="java.net.ConnectException"><![CDATA[java.net.ConnectException: Connection refused
	at sun.nio.ch.SocketChannelImpl.checkConnect(Native Method)
	at sun.nio.ch.SocketChannelImpl.finishConnect(SocketChannelImpl.java:717)
	at org.apache.hadoop.net.SocketIOWithTimeout.connect(SocketIOWithTimeout.java:206)
	at org.apache.hadoop.net.NetUtils.connect(NetUtils.java:531)
	at org.apache.hadoop.ipc.Client$Connection.setupConnection(Client.java:690)
	at org.apache.hadoop.ipc.Client$Connection.setupIOstreams(Client.java:794)
	at org.apache.hadoop.ipc.Client$Connection.access$3700(Client.java:411)
	at org.apache.hadoop.ipc.Client.getConnection(Client.java:1572)
	at org.apache.hadoop.ipc.Client.call(Client.java:1403)
	at org.apache.hadoop.ipc.Client.call(Client.java:1367)
	at org.apache.hadoop.ipc.ProtobufRpcEngine$Invoker.invoke(ProtobufRpcEngine.java:228)
	at org.apache.hadoop.ipc.ProtobufRpcEngine$Invoker.invoke(ProtobufRpcEngine.java:116)
	at com.sun.proxy.$Proxy35.submitRequest(Unknown Source)
	at sun.reflect.GeneratedMethodAccessor36.invoke(Unknown Source)
	at sun.reflect.DelegatingMethodAccessorImpl.invoke(DelegatingMethodAccessorImpl.java:43)
	at java.lang.reflect.Method.invoke(Method.java:498)
	at org.apache.hadoop.io.retry.RetryInvocationHandler.invokeMethod(RetryInvocationHandler.java:422)
	at org.apache.hadoop.io.retry.RetryInvocationHandler$Call.invokeMethod(RetryInvocationHandler.java:165)
	at org.apache.hadoop.io.retry.RetryInvocationHandler$Call.invoke(RetryInvocationHandler.java:157)
	at org.apache.hadoop.io.retry.RetryInvocationHandler$Call.invokeOnce(RetryInvocationHandler.java:95)
	at org.apache.hadoop.io.retry.RetryInvocationHandler.invoke(RetryInvocationHandler.java:359)
	at com.sun.proxy.$Proxy35.submitRequest(Unknown Source)
	at org.apache.hadoop.ozone.om.protocolPB.OzoneManagerProtocolClientSideTranslatorPB.submitRequest(OzoneManagerProtocolClientSideTranslatorPB.java:338)
	at org.apache.hadoop.ozone.om.protocolPB.OzoneManagerProtocolClientSideTranslatorPB.getServiceInfo(OzoneManagerProtocolClientSideTranslatorPB.java:1223)
	at sun.reflect.NativeMethodAccessorImpl.invoke0(Native Method)
	at sun.reflect.NativeMethodAccessorImpl.invoke(NativeMethodAccessorImpl.java:62)
	at sun.reflect.DelegatingMethodAccessorImpl.invoke(DelegatingMethodAccessorImpl.java:43)
	at java.lang.reflect.Method.invoke(Method.java:498)
	at org.apache.hadoop.hdds.tracing.TraceAllMethod.invoke(TraceAllMethod.java:66)
	at com.sun.proxy.$Proxy36.getServiceInfo(Unknown Source)
	at org.apache.hadoop.ozone.client.rpc.RpcClient.<init>(RpcClient.java:154)
	at org.apache.hadoop.ozone.client.OzoneClientFactory.getClientProtocol(OzoneClientFactory.java:256)
	at org.apache.hadoop.ozone.client.OzoneClientFactory.getClientProtocol(OzoneClientFactory.java:239)
	at org.apache.hadoop.ozone.client.OzoneClientFactory.getClient(OzoneClientFactory.java:75)
	at org.apache.hadoop.ozone.client.rpc.TestFailureHandlingByClient.init(TestFailureHandlingByClient.java:111)
	at org.apache.hadoop.ozone.client.rpc.TestFailureHandlingByClient.startCluster(TestFailureHandlingByClient.java:121)
	at org.apache.hadoop.ozone.client.rpc.TestFailureHandlingByClient.testContainerExclusionWithClosedContainerException(TestFailureHandlingByClient.java:224)
	at sun.reflect.NativeMethodAccessorImpl.invoke0(Native Method)
	at sun.reflect.NativeMethodAccessorImpl.invoke(NativeMethodAccessorImpl.java:62)
	at sun.reflect.DelegatingMethodAccessorImpl.invoke(DelegatingMethodAccessorImpl.java:43)
	at java.lang.reflect.Method.invoke(Method.java:498)
	at org.junit.runners.model.FrameworkMethod$1.runReflectiveCall(FrameworkMethod.java:47)
	at org.junit.internal.runners.model.ReflectiveCallable.run(ReflectiveCallable.java:12)
	at org.junit.runners.model.FrameworkMethod.invokeExplosively(FrameworkMethod.java:44)
	at org.junit.internal.runners.statements.InvokeMethod.evaluate(InvokeMethod.java:17)
	at org.junit.internal.runners.statements.RunAfters.evaluate(RunAfters.java:27)
	at org.junit.runners.ParentRunner.runLeaf(ParentRunner.java:271)
	at org.junit.runners.BlockJUnit4ClassRunner.runChild(BlockJUnit4ClassRunner.java:70)
	at org.junit.runners.BlockJUnit4ClassRunner.runChild(BlockJUnit4ClassRunner.java:50)
	at org.junit.runners.ParentRunner$3.run(ParentRunner.java:238)
	at org.junit.runners.ParentRunner$1.schedule(ParentRunner.java:63)
	at org.junit.runners.ParentRunner.runChildren(ParentRunner.java:236)
	at org.junit.runners.ParentRunner.access$000(ParentRunner.java:53)
	at org.junit.runners.ParentRunner$2.evaluate(ParentRunner.java:229)
	at org.junit.runners.ParentRunner.run(ParentRunner.java:309)
	at org.apache.maven.surefire.junit4.JUnit4Provider.execute(JUnit4Provider.java:365)
	at org.apache.maven.surefire.junit4.JUnit4Provider.executeWithRerun(JUnit4Provider.java:273)
	at org.apache.maven.surefire.junit4.JUnit4Provider.executeTestSet(JUnit4Provider.java:238)
	at org.apache.maven.surefire.junit4.JUnit4Provider.invoke(JUnit4Provider.java:159)
	at org.apache.maven.surefire.booter.ForkedBooter.invokeProviderInSameClassLoader(ForkedBooter.java:384)
	at org.apache.maven.surefire.booter.ForkedBooter.runSuitesInProcess(ForkedBooter.java:345)
	at org.apache.maven.surefire.booter.ForkedBooter.execute(ForkedBooter.java:126)
	at org.apache.maven.surefire.booter.ForkedBooter.main(ForkedBooter.java:418)
]]></error>
    <system-out><![CDATA[2019-09-28 01:15:20,455 [main] WARN  server.ServerUtils (ServerUtils.java:getScmDbDir(145)) - ozone.scm.db.dirs is not configured. We recommend adding this setting. Falling back to ozone.metadata.dirs instead.
2019-09-28 01:15:20,472 [main] WARN  server.ServerUtils (ServerUtils.java:getScmDbDir(145)) - ozone.scm.db.dirs is not configured. We recommend adding this setting. Falling back to ozone.metadata.dirs instead.
2019-09-28 01:15:20,472 [main] WARN  server.ServerUtils (ServerUtils.java:getScmDbDir(145)) - ozone.scm.db.dirs is not configured. We recommend adding this setting. Falling back to ozone.metadata.dirs instead.
2019-09-28 01:15:20,473 [main] INFO  db.DBStoreBuilder (DBStoreBuilder.java:addTable(110)) - using custom profile for table: deletedBlocks
2019-09-28 01:15:20,473 [main] INFO  db.DBStoreBuilder (DBStoreBuilder.java:processTables(161)) - Using default column profile:DBProfile.DISK for Table:deletedBlocks
2019-09-28 01:15:20,474 [main] INFO  db.DBStoreBuilder (DBStoreBuilder.java:addTable(110)) - using custom profile for table: validCerts
2019-09-28 01:15:20,474 [main] INFO  db.DBStoreBuilder (DBStoreBuilder.java:processTables(161)) - Using default column profile:DBProfile.DISK for Table:validCerts
2019-09-28 01:15:20,474 [main] INFO  db.DBStoreBuilder (DBStoreBuilder.java:addTable(110)) - using custom profile for table: revokedCerts
2019-09-28 01:15:20,474 [main] INFO  db.DBStoreBuilder (DBStoreBuilder.java:processTables(161)) - Using default column profile:DBProfile.DISK for Table:revokedCerts
2019-09-28 01:15:20,475 [main] INFO  db.DBStoreBuilder (DBStoreBuilder.java:addTable(110)) - using custom profile for table: default
2019-09-28 01:15:20,475 [main] INFO  db.DBStoreBuilder (DBStoreBuilder.java:processTables(167)) - Using default column profile:DBProfile.DISK for Table:default
2019-09-28 01:15:20,475 [main] INFO  db.DBStoreBuilder (DBStoreBuilder.java:getDbProfile(198)) - Using default options. DBProfile.DISK
2019-09-28 01:15:20,646 [main] INFO  net.NodeSchemaLoader (NodeSchemaLoader.java:loadSchemaFromFile(125)) - Loading file from sun.misc.CompoundEnumeration@793d163b
2019-09-28 01:15:20,647 [main] INFO  net.NodeSchemaLoader (NodeSchemaLoader.java:loadSchema(171)) - Loading network topology layer schema file
2019-09-28 01:15:20,653 [main] INFO  node.SCMNodeManager (SCMNodeManager.java:<init>(114)) - Entering startup safe mode.
2019-09-28 01:15:20,654 [main] INFO  algorithms.ContainerPlacementPolicyFactory (ContainerPlacementPolicyFactory.java:getPolicy(57)) - Create container placement policy of type org.apache.hadoop.hdds.scm.container.placement.algorithms.SCMContainerPlacementRandom
2019-09-28 01:15:20,655 [main] WARN  server.ServerUtils (ServerUtils.java:getScmDbDir(145)) - ozone.scm.db.dirs is not configured. We recommend adding this setting. Falling back to ozone.metadata.dirs instead.
2019-09-28 01:15:20,693 [main] INFO  pipeline.SCMPipelineManager (SCMPipelineManager.java:initializePipelineState(132)) - No pipeline exists in current db
2019-09-28 01:15:20,693 [main] WARN  server.ServerUtils (ServerUtils.java:getScmDbDir(145)) - ozone.scm.db.dirs is not configured. We recommend adding this setting. Falling back to ozone.metadata.dirs instead.
2019-09-28 01:15:20,721 [main] WARN  events.EventQueue (EventQueue.java:fireEvent(183)) - No event handler registered for event TypedEvent{payloadType=SafeModeStatus, name='SafeModeStatus'}
2019-09-28 01:15:20,723 [main] INFO  ipc.CallQueueManager (CallQueueManager.java:<init>(84)) - Using callQueue: class java.util.concurrent.LinkedBlockingQueue, queueCapacity: 2000, scheduler: class org.apache.hadoop.ipc.DefaultRpcScheduler, ipcBackoff: false.
2019-09-28 01:15:20,724 [Socket Reader #1 for port 35844] INFO  ipc.Server (Server.java:run(1074)) - Starting Socket Reader #1 for port 35844
2019-09-28 01:15:20,727 [main] INFO  ipc.CallQueueManager (CallQueueManager.java:<init>(84)) - Using callQueue: class java.util.concurrent.LinkedBlockingQueue, queueCapacity: 2000, scheduler: class org.apache.hadoop.ipc.DefaultRpcScheduler, ipcBackoff: false.
2019-09-28 01:15:20,728 [Socket Reader #1 for port 32961] INFO  ipc.Server (Server.java:run(1074)) - Starting Socket Reader #1 for port 32961
2019-09-28 01:15:20,730 [main] INFO  ipc.CallQueueManager (CallQueueManager.java:<init>(84)) - Using callQueue: class java.util.concurrent.LinkedBlockingQueue, queueCapacity: 2000, scheduler: class org.apache.hadoop.ipc.DefaultRpcScheduler, ipcBackoff: false.
2019-09-28 01:15:20,732 [Socket Reader #1 for port 33473] INFO  ipc.Server (Server.java:run(1074)) - Starting Socket Reader #1 for port 33473
2019-09-28 01:15:20,737 [main] INFO  hdfs.DFSUtil (DFSUtil.java:httpServerTemplateForNNAndJN(1641)) - Starting Web-server for scm at: http://0.0.0.0:0
2019-09-28 01:15:20,740 [main] INFO  server.AuthenticationFilter (AuthenticationFilter.java:constructSecretProvider(240)) - Unable to initialize FileSignerSecretProvider, falling back to use random secrets.
2019-09-28 01:15:20,741 [main] WARN  http.HttpRequestLog (HttpRequestLog.java:getRequestLog(97)) - Jetty request log can only be enabled using Log4j
2019-09-28 01:15:20,744 [main] INFO  http.HttpServer2 (HttpServer2.java:addGlobalFilter(975)) - Added global filter 'safety' (class=org.apache.hadoop.http.HttpServer2$QuotingInputFilter)
2019-09-28 01:15:20,745 [main] INFO  http.HttpServer2 (HttpServer2.java:addFilter(948)) - Added filter static_user_filter (class=org.apache.hadoop.http.lib.StaticUserWebFilter$StaticUserFilter) to context scm
2019-09-28 01:15:20,746 [main] INFO  http.HttpServer2 (HttpServer2.java:addFilter(958)) - Added filter static_user_filter (class=org.apache.hadoop.http.lib.StaticUserWebFilter$StaticUserFilter) to context static
2019-09-28 01:15:20,746 [main] INFO  http.HttpServer2 (HttpServer2.java:addFilter(958)) - Added filter static_user_filter (class=org.apache.hadoop.http.lib.StaticUserWebFilter$StaticUserFilter) to context logs
2019-09-28 01:15:20,749 [main] INFO  server.StorageContainerManager (StorageContainerManager.java:start(770)) - StorageContainerLocationProtocol RPC server is listening at /0.0.0.0:33473
2019-09-28 01:15:20,752 [main] WARN  impl.MetricsConfig (MetricsConfig.java:loadFirst(134)) - Cannot locate configuration: tried hadoop-metrics2-storagecontainermanager.properties,hadoop-metrics2.properties
2019-09-28 01:15:20,754 [main] INFO  impl.MetricsSystemImpl (MetricsSystemImpl.java:startTimer(374)) - Scheduled Metric snapshot period at 10 second(s).
2019-09-28 01:15:20,754 [main] INFO  impl.MetricsSystemImpl (MetricsSystemImpl.java:start(191)) - StorageContainerManager metrics system started
2019-09-28 01:15:20,819 [main] WARN  impl.MetricsSystemImpl (MetricsSystemImpl.java:register(276)) - Sink prometheus already exists!
2019-09-28 01:15:20,823 [main] INFO  server.SCMClientProtocolServer (SCMClientProtocolServer.java:start(150)) - RPC server for Client  is listening at /0.0.0.0:33473
2019-09-28 01:15:20,824 [IPC Server Responder] INFO  ipc.Server (Server.java:run(1314)) - IPC Server Responder: starting
2019-09-28 01:15:20,824 [IPC Server listener on 33473] INFO  ipc.Server (Server.java:run(1153)) - IPC Server listener on 33473: starting
2019-09-28 01:15:20,828 [main] INFO  server.StorageContainerManager (StorageContainerManager.java:start(780)) - ScmBlockLocationProtocol RPC server is listening at /0.0.0.0:32961
2019-09-28 01:15:20,829 [main] INFO  server.SCMBlockProtocolServer (SCMBlockProtocolServer.java:start(146)) - RPC server for Block Protocol is listening at /0.0.0.0:32961
2019-09-28 01:15:20,829 [IPC Server Responder] INFO  ipc.Server (Server.java:run(1314)) - IPC Server Responder: starting
2019-09-28 01:15:20,829 [IPC Server listener on 32961] INFO  ipc.Server (Server.java:run(1153)) - IPC Server listener on 32961: starting
2019-09-28 01:15:20,834 [main] INFO  server.StorageContainerManager (StorageContainerManager.java:start(784)) - ScmDatanodeProtocl RPC server is listening at /0.0.0.0:35844
2019-09-28 01:15:20,834 [main] INFO  server.SCMDatanodeProtocolServer (SCMDatanodeProtocolServer.java:start(191)) - RPC server for DataNodes is listening at /0.0.0.0:35844
2019-09-28 01:15:20,834 [IPC Server Responder] INFO  ipc.Server (Server.java:run(1314)) - IPC Server Responder: starting
2019-09-28 01:15:20,834 [IPC Server listener on 35844] INFO  ipc.Server (Server.java:run(1153)) - IPC Server listener on 35844: starting
2019-09-28 01:15:20,839 [main] INFO  http.HttpServer2 (HttpServer2.java:bindListener(1191)) - Jetty bound to port 42299
2019-09-28 01:15:20,839 [main] INFO  server.Server (Server.java:doStart(351)) - jetty-9.3.25.v20180904, build timestamp: 2018-09-04T21:11:46Z, git hash: 3ce520221d0240229c862b122d2b06c12a625732
2019-09-28 01:15:20,841 [main] INFO  handler.ContextHandler (ContextHandler.java:doStart(781)) - Started o.e.j.s.ServletContextHandler@345cbf40{/logs,file:///workdir/hadoop-ozone/integration-test/target/log,AVAILABLE}
2019-09-28 01:15:20,842 [main] INFO  handler.ContextHandler (ContextHandler.java:doStart(781)) - Started o.e.j.s.ServletContextHandler@463561c5{/static,file:///workdir/hadoop-ozone/integration-test/target/test-classes/webapps/static,AVAILABLE}
2019-09-28 01:15:20,847 [main] INFO  handler.ContextHandler (ContextHandler.java:doStart(781)) - Started o.e.j.w.WebAppContext@40d60f2{/,file:///workdir/hadoop-ozone/integration-test/target/test-classes/webapps/scm/,AVAILABLE}{/scm}
2019-09-28 01:15:20,848 [main] INFO  server.AbstractConnector (AbstractConnector.java:doStart(278)) - Started ServerConnector@3382cf68{HTTP/1.1,[http/1.1]}{0.0.0.0:42299}
2019-09-28 01:15:20,849 [main] INFO  server.Server (Server.java:doStart(419)) - Started @149032ms
2019-09-28 01:15:20,849 [main] WARN  impl.MetricsSystemImpl (MetricsSystemImpl.java:register(276)) - Sink prometheus already exists!
2019-09-28 01:15:20,851 [main] INFO  server.BaseHttpServer (BaseHttpServer.java:updateConnectorAddress(215)) - HTTP server of SCM is listening at http://0.0.0.0:42299
2019-09-28 01:15:20,852 [main] WARN  server.ServerUtils (ServerUtils.java:getDBPath(222)) - ozone.om.db.dirs is not configured. We recommend adding this setting. Falling back to ozone.metadata.dirs instead.
2019-09-28 01:15:20,853 [org.apache.hadoop.util.JvmPauseMonitor$Monitor@6d8796c1] INFO  util.JvmPauseMonitor (JvmPauseMonitor.java:run(188)) - Starting JVM pause monitor
2019-09-28 01:15:20,879 [main] INFO  ha.OMHANodeDetails (OMHANodeDetails.java:loadOMHAConfig(190)) - Configuration either no ozone.om.address set. Falling back to the default OM address /127.0.0.1:0
2019-09-28 01:15:20,879 [main] INFO  ha.OMHANodeDetails (OMHANodeDetails.java:getOMNodeDetails(220)) - OM Service ID is not set. Setting it to the default ID: omServiceIdDefault
2019-09-28 01:15:20,879 [main] WARN  server.ServerUtils (ServerUtils.java:getDBPath(222)) - ozone.om.db.dirs is not configured. We recommend adding this setting. Falling back to ozone.metadata.dirs instead.
2019-09-28 01:15:20,880 [main] WARN  server.ServerUtils (ServerUtils.java:getDBPath(222)) - ozone.om.db.dirs is not configured. We recommend adding this setting. Falling back to ozone.metadata.dirs instead.
2019-09-28 01:15:20,893 [main] WARN  server.ServerUtils (ServerUtils.java:getDBPath(222)) - ozone.om.db.dirs is not configured. We recommend adding this setting. Falling back to ozone.metadata.dirs instead.
2019-09-28 01:15:20,894 [main] INFO  db.DBStoreBuilder (DBStoreBuilder.java:addTable(110)) - using custom profile for table: userTable
2019-09-28 01:15:20,894 [main] INFO  db.DBStoreBuilder (DBStoreBuilder.java:processTables(161)) - Using default column profile:DBProfile.DISK for Table:userTable
2019-09-28 01:15:20,894 [main] INFO  db.DBStoreBuilder (DBStoreBuilder.java:addTable(110)) - using custom profile for table: volumeTable
2019-09-28 01:15:20,894 [main] INFO  db.DBStoreBuilder (DBStoreBuilder.java:processTables(161)) - Using default column profile:DBProfile.DISK for Table:volumeTable
2019-09-28 01:15:20,894 [main] INFO  db.DBStoreBuilder (DBStoreBuilder.java:addTable(110)) - using custom profile for table: bucketTable
2019-09-28 01:15:20,895 [main] INFO  db.DBStoreBuilder (DBStoreBuilder.java:processTables(161)) - Using default column profile:DBProfile.DISK for Table:bucketTable
2019-09-28 01:15:20,895 [main] INFO  db.DBStoreBuilder (DBStoreBuilder.java:addTable(110)) - using custom profile for table: keyTable
2019-09-28 01:15:20,895 [main] INFO  db.DBStoreBuilder (DBStoreBuilder.java:processTables(161)) - Using default column profile:DBProfile.DISK for Table:keyTable
2019-09-28 01:15:20,895 [main] INFO  db.DBStoreBuilder (DBStoreBuilder.java:addTable(110)) - using custom profile for table: deletedTable
2019-09-28 01:15:20,895 [main] INFO  db.DBStoreBuilder (DBStoreBuilder.java:processTables(161)) - Using default column profile:DBProfile.DISK for Table:deletedTable
2019-09-28 01:15:20,896 [main] INFO  db.DBStoreBuilder (DBStoreBuilder.java:addTable(110)) - using custom profile for table: openKeyTable
2019-09-28 01:15:20,896 [main] INFO  db.DBStoreBuilder (DBStoreBuilder.java:processTables(161)) - Using default column profile:DBProfile.DISK for Table:openKeyTable
2019-09-28 01:15:20,896 [main] INFO  db.DBStoreBuilder (DBStoreBuilder.java:addTable(110)) - using custom profile for table: s3Table
2019-09-28 01:15:20,896 [main] INFO  db.DBStoreBuilder (DBStoreBuilder.java:processTables(161)) - Using default column profile:DBProfile.DISK for Table:s3Table
2019-09-28 01:15:20,897 [main] INFO  db.DBStoreBuilder (DBStoreBuilder.java:addTable(110)) - using custom profile for table: multipartInfoTable
2019-09-28 01:15:20,897 [main] INFO  db.DBStoreBuilder (DBStoreBuilder.java:processTables(161)) - Using default column profile:DBProfile.DISK for Table:multipartInfoTable
2019-09-28 01:15:20,897 [main] INFO  db.DBStoreBuilder (DBStoreBuilder.java:addTable(110)) - using custom profile for table: dTokenTable
2019-09-28 01:15:20,897 [main] INFO  db.DBStoreBuilder (DBStoreBuilder.java:processTables(161)) - Using default column profile:DBProfile.DISK for Table:dTokenTable
2019-09-28 01:15:20,897 [main] INFO  db.DBStoreBuilder (DBStoreBuilder.java:addTable(110)) - using custom profile for table: s3SecretTable
2019-09-28 01:15:20,897 [main] INFO  db.DBStoreBuilder (DBStoreBuilder.java:processTables(161)) - Using default column profile:DBProfile.DISK for Table:s3SecretTable
2019-09-28 01:15:20,898 [main] INFO  db.DBStoreBuilder (DBStoreBuilder.java:addTable(110)) - using custom profile for table: prefixTable
2019-09-28 01:15:20,898 [main] INFO  db.DBStoreBuilder (DBStoreBuilder.java:processTables(161)) - Using default column profile:DBProfile.DISK for Table:prefixTable
2019-09-28 01:15:20,898 [main] INFO  db.DBStoreBuilder (DBStoreBuilder.java:addTable(110)) - using custom profile for table: default
2019-09-28 01:15:20,898 [main] INFO  db.DBStoreBuilder (DBStoreBuilder.java:processTables(167)) - Using default column profile:DBProfile.DISK for Table:default
2019-09-28 01:15:20,898 [main] INFO  db.DBStoreBuilder (DBStoreBuilder.java:getDbProfile(198)) - Using default options. DBProfile.DISK
2019-09-28 01:15:21,616 [main] INFO  ipc.CallQueueManager (CallQueueManager.java:<init>(84)) - Using callQueue: class java.util.concurrent.LinkedBlockingQueue, queueCapacity: 2000, scheduler: class org.apache.hadoop.ipc.DefaultRpcScheduler, ipcBackoff: false.
2019-09-28 01:15:21,617 [Socket Reader #1 for port 39887] INFO  ipc.Server (Server.java:run(1074)) - Starting Socket Reader #1 for port 39887
2019-09-28 01:15:21,642 [main] INFO  om.OzoneManager (OzoneManager.java:start(1069)) - OzoneManager RPC server is listening at localhost/127.0.0.1:39887
2019-09-28 01:15:21,642 [main] INFO  impl.MetricsSystemImpl (MetricsSystemImpl.java:init(158)) - OzoneManager metrics system started (again)
2019-09-28 01:15:21,643 [IPC Server Responder] INFO  ipc.Server (Server.java:run(1314)) - IPC Server Responder: starting
2019-09-28 01:15:21,643 [IPC Server listener on 39887] INFO  ipc.Server (Server.java:run(1153)) - IPC Server listener on 39887: starting
2019-09-28 01:15:21,650 [main] INFO  hdfs.DFSUtil (DFSUtil.java:httpServerTemplateForNNAndJN(1641)) - Starting Web-server for ozoneManager at: http://0.0.0.0:0
2019-09-28 01:15:21,652 [main] INFO  server.AuthenticationFilter (AuthenticationFilter.java:constructSecretProvider(240)) - Unable to initialize FileSignerSecretProvider, falling back to use random secrets.
2019-09-28 01:15:21,653 [main] WARN  http.HttpRequestLog (HttpRequestLog.java:getRequestLog(97)) - Jetty request log can only be enabled using Log4j
2019-09-28 01:15:21,656 [main] INFO  http.HttpServer2 (HttpServer2.java:addGlobalFilter(975)) - Added global filter 'safety' (class=org.apache.hadoop.http.HttpServer2$QuotingInputFilter)
2019-09-28 01:15:21,657 [main] INFO  http.HttpServer2 (HttpServer2.java:addFilter(948)) - Added filter static_user_filter (class=org.apache.hadoop.http.lib.StaticUserWebFilter$StaticUserFilter) to context ozoneManager
2019-09-28 01:15:21,658 [main] INFO  http.HttpServer2 (HttpServer2.java:addFilter(958)) - Added filter static_user_filter (class=org.apache.hadoop.http.lib.StaticUserWebFilter$StaticUserFilter) to context static
2019-09-28 01:15:21,658 [main] INFO  http.HttpServer2 (HttpServer2.java:addFilter(958)) - Added filter static_user_filter (class=org.apache.hadoop.http.lib.StaticUserWebFilter$StaticUserFilter) to context logs
2019-09-28 01:15:21,659 [main] INFO  http.HttpServer2 (HttpServer2.java:bindListener(1191)) - Jetty bound to port 36791
2019-09-28 01:15:21,659 [main] INFO  server.Server (Server.java:doStart(351)) - jetty-9.3.25.v20180904, build timestamp: 2018-09-04T21:11:46Z, git hash: 3ce520221d0240229c862b122d2b06c12a625732
2019-09-28 01:15:21,662 [main] INFO  handler.ContextHandler (ContextHandler.java:doStart(781)) - Started o.e.j.s.ServletContextHandler@188598ad{/logs,file:///workdir/hadoop-ozone/integration-test/target/log,AVAILABLE}
2019-09-28 01:15:21,663 [main] INFO  handler.ContextHandler (ContextHandler.java:doStart(781)) - Started o.e.j.s.ServletContextHandler@7cf78c85{/static,file:///workdir/hadoop-ozone/integration-test/target/test-classes/webapps/static,AVAILABLE}
2019-09-28 01:15:21,670 [main] INFO  handler.ContextHandler (ContextHandler.java:doStart(781)) - Started o.e.j.w.WebAppContext@3f81621c{/,file:///workdir/hadoop-ozone/integration-test/target/test-classes/webapps/ozoneManager/,AVAILABLE}{/ozoneManager}
2019-09-28 01:15:21,670 [main] INFO  server.AbstractConnector (AbstractConnector.java:doStart(278)) - Started ServerConnector@5b9499fe{HTTP/1.1,[http/1.1]}{0.0.0.0:36791}
2019-09-28 01:15:21,671 [main] INFO  server.Server (Server.java:doStart(419)) - Started @149855ms
2019-09-28 01:15:21,672 [main] WARN  impl.MetricsSystemImpl (MetricsSystemImpl.java:register(276)) - Sink prometheus already exists!
2019-09-28 01:15:21,672 [main] INFO  server.BaseHttpServer (BaseHttpServer.java:updateConnectorAddress(215)) - HTTP server of OZONEMANAGER is listening at http://0.0.0.0:36791
2019-09-28 01:15:21,704 [main] INFO  impl.MetricsSystemImpl (MetricsSystemImpl.java:init(158)) - HddsDatanode metrics system started (again)
2019-09-28 01:15:21,707 [main] INFO  ozone.HddsDatanodeService (HddsDatanodeService.java:start(184)) - HddsDatanodeService host:pr-hdds-2162-8g7kw-3348123894 ip:192.168.151.82
2019-09-28 01:15:21,714 [main] INFO  volume.HddsVolume (HddsVolume.java:<init>(176)) - Creating Volume: /workdir/hadoop-ozone/integration-test/target/test-dir/MiniOzoneClusterImpl-d0fea965-b787-49be-9c96-deb71f4b2c88/datanode-0/data/containers/hdds of  storage type : DISK and capacity : 1482555576320
2019-09-28 01:15:21,714 [main] INFO  volume.VolumeSet (VolumeSet.java:initializeVolumeSet(170)) - Added Volume : /workdir/hadoop-ozone/integration-test/target/test-dir/MiniOzoneClusterImpl-d0fea965-b787-49be-9c96-deb71f4b2c88/datanode-0/data/containers/hdds to VolumeSet
2019-09-28 01:15:21,714 [main] INFO  volume.ThrottledAsyncChecker (ThrottledAsyncChecker.java:schedule(139)) - Scheduling a check for org.apache.hadoop.ozone.container.common.volume.HddsVolume@705a8dbc
2019-09-28 01:15:21,715 [main] INFO  volume.HddsVolumeChecker (HddsVolumeChecker.java:checkAllVolumes(202)) - Scheduled health check for volume org.apache.hadoop.ozone.container.common.volume.HddsVolume@705a8dbc
2019-09-28 01:15:21,733 [main] INFO  impl.RaftServerProxy (ConfUtils.java:logGet(43)) - raft.rpc.type = GRPC (default)
2019-09-28 01:15:21,733 [main] INFO  grpc.GrpcFactory (GrpcFactory.java:checkPooledByteBufAllocatorUseCacheForAllThreads(45)) - PERFORMANCE WARNING: useCacheForAllThreads is true that may cause Netty to create a lot garbage objects and, as a result, trigger GC.
	It is recommended to disable useCacheForAllThreads by setting -Dorg.apache.ratis.thirdparty.io.netty.allocator.useCacheForAllThreads=false in command line.
2019-09-28 01:15:21,733 [main] INFO  grpc.GrpcConfigKeys$Server (ConfUtils.java:logGet(43)) - raft.grpc.server.port = 0 (default)
2019-09-28 01:15:21,733 [main] INFO  server.GrpcService (ConfUtils.java:logGet(43)) - raft.grpc.message.size.max = 33570816 (custom)
2019-09-28 01:15:21,734 [main] INFO  server.RaftServerConfigKeys (ConfUtils.java:logGet(43)) - raft.server.log.appender.buffer.byte-limit = 33554432 (custom)
2019-09-28 01:15:21,734 [main] INFO  server.GrpcService (ConfUtils.java:logGet(43)) - raft.grpc.flow.control.window = 1MB (=1048576) (default)
2019-09-28 01:15:21,734 [main] INFO  server.RaftServerConfigKeys (ConfUtils.java:logGet(43)) - raft.server.rpc.request.timeout = 3000ms (default)
2019-09-28 01:15:21,735 [main] INFO  server.RaftServerConfigKeys (ConfUtils.java:logGet(43)) - raft.server.storage.dir = [/workdir/hadoop-ozone/integration-test/target/test-dir/MiniOzoneClusterImpl-d0fea965-b787-49be-9c96-deb71f4b2c88/datanode-0/data/ratis] (custom)
2019-09-28 01:15:21,737 [main] INFO  hdfs.DFSUtil (DFSUtil.java:httpServerTemplateForNNAndJN(1641)) - Starting Web-server for hddsDatanode at: http://0.0.0.0:0
2019-09-28 01:15:21,739 [main] INFO  server.AuthenticationFilter (AuthenticationFilter.java:constructSecretProvider(240)) - Unable to initialize FileSignerSecretProvider, falling back to use random secrets.
2019-09-28 01:15:21,740 [main] WARN  http.HttpRequestLog (HttpRequestLog.java:getRequestLog(97)) - Jetty request log can only be enabled using Log4j
2019-09-28 01:15:21,742 [main] INFO  http.HttpServer2 (HttpServer2.java:addGlobalFilter(975)) - Added global filter 'safety' (class=org.apache.hadoop.http.HttpServer2$QuotingInputFilter)
2019-09-28 01:15:21,742 [main] INFO  http.HttpServer2 (HttpServer2.java:addFilter(948)) - Added filter static_user_filter (class=org.apache.hadoop.http.lib.StaticUserWebFilter$StaticUserFilter) to context hddsDatanode
2019-09-28 01:15:21,742 [main] INFO  http.HttpServer2 (HttpServer2.java:addFilter(958)) - Added filter static_user_filter (class=org.apache.hadoop.http.lib.StaticUserWebFilter$StaticUserFilter) to context static
2019-09-28 01:15:21,743 [main] INFO  http.HttpServer2 (HttpServer2.java:addFilter(958)) - Added filter static_user_filter (class=org.apache.hadoop.http.lib.StaticUserWebFilter$StaticUserFilter) to context logs
2019-09-28 01:15:21,743 [main] INFO  http.HttpServer2 (HttpServer2.java:bindListener(1191)) - Jetty bound to port 35360
2019-09-28 01:15:21,744 [main] INFO  server.Server (Server.java:doStart(351)) - jetty-9.3.25.v20180904, build timestamp: 2018-09-04T21:11:46Z, git hash: 3ce520221d0240229c862b122d2b06c12a625732
2019-09-28 01:15:21,746 [main] INFO  handler.ContextHandler (ContextHandler.java:doStart(781)) - Started o.e.j.s.ServletContextHandler@345d053b{/logs,file:///workdir/hadoop-ozone/integration-test/target/log,AVAILABLE}
2019-09-28 01:15:21,747 [main] INFO  handler.ContextHandler (ContextHandler.java:doStart(781)) - Started o.e.j.s.ServletContextHandler@3e8b3b79{/static,jar:file:/home/user/.m2/repository/org/apache/hadoop/hadoop-hdds-container-service/0.5.0-SNAPSHOT/hadoop-hdds-container-service-0.5.0-SNAPSHOT.jar!/webapps/static,AVAILABLE}
2019-09-28 01:15:21,779 [main] INFO  handler.ContextHandler (ContextHandler.java:doStart(781)) - Started o.e.j.w.WebAppContext@64dae3b7{/,file:///tmp/jetty-0.0.0.0-35360-hddsDatanode-_-any-795871144292831548.dir/webapp/,AVAILABLE}{/hddsDatanode}
2019-09-28 01:15:21,779 [main] INFO  server.AbstractConnector (AbstractConnector.java:doStart(278)) - Started ServerConnector@1fedf0a4{HTTP/1.1,[http/1.1]}{0.0.0.0:35360}
2019-09-28 01:15:21,781 [main] INFO  server.Server (Server.java:doStart(419)) - Started @149964ms
2019-09-28 01:15:21,781 [main] WARN  impl.MetricsSystemImpl (MetricsSystemImpl.java:register(276)) - Sink prometheus already exists!
2019-09-28 01:15:21,782 [main] INFO  server.BaseHttpServer (BaseHttpServer.java:updateConnectorAddress(215)) - HTTP server of HDDSDATANODE is listening at http://0.0.0.0:35360
2019-09-28 01:15:21,782 [main] INFO  impl.MetricsSystemImpl (MetricsSystemImpl.java:init(158)) - HddsDatanode metrics system started (again)
2019-09-28 01:15:21,785 [org.apache.hadoop.util.JvmPauseMonitor$Monitor@4a4102dd] INFO  util.JvmPauseMonitor (JvmPauseMonitor.java:run(188)) - Starting JVM pause monitor
2019-09-28 01:15:21,785 [main] INFO  ozone.HddsDatanodeService (HddsDatanodeService.java:start(184)) - HddsDatanodeService host:pr-hdds-2162-8g7kw-3348123894 ip:192.168.151.82
2019-09-28 01:15:21,788 [Datanode State Machine Thread - 0] INFO  datanode.InitDatanodeState (InitDatanodeState.java:persistContainerDatanodeDetails(140)) - DatanodeDetails is persisted to /workdir/hadoop-ozone/integration-test/target/test-dir/MiniOzoneClusterImpl-d0fea965-b787-49be-9c96-deb71f4b2c88/datanode-0/meta/datanode.id
2019-09-28 01:15:21,792 [main] INFO  volume.HddsVolume (HddsVolume.java:<init>(176)) - Creating Volume: /workdir/hadoop-ozone/integration-test/target/test-dir/MiniOzoneClusterImpl-d0fea965-b787-49be-9c96-deb71f4b2c88/datanode-1/data/containers/hdds of  storage type : DISK and capacity : 1482555576320
2019-09-28 01:15:21,792 [main] INFO  volume.VolumeSet (VolumeSet.java:initializeVolumeSet(170)) - Added Volume : /workdir/hadoop-ozone/integration-test/target/test-dir/MiniOzoneClusterImpl-d0fea965-b787-49be-9c96-deb71f4b2c88/datanode-1/data/containers/hdds to VolumeSet
2019-09-28 01:15:21,792 [main] INFO  volume.ThrottledAsyncChecker (ThrottledAsyncChecker.java:schedule(139)) - Scheduling a check for org.apache.hadoop.ozone.container.common.volume.HddsVolume@33a55bd8
2019-09-28 01:15:21,793 [main] INFO  volume.HddsVolumeChecker (HddsVolumeChecker.java:checkAllVolumes(202)) - Scheduled health check for volume org.apache.hadoop.ozone.container.common.volume.HddsVolume@33a55bd8
2019-09-28 01:15:21,807 [main] INFO  impl.RaftServerProxy (ConfUtils.java:logGet(43)) - raft.rpc.type = GRPC (default)
2019-09-28 01:15:21,807 [main] INFO  grpc.GrpcFactory (GrpcFactory.java:checkPooledByteBufAllocatorUseCacheForAllThreads(45)) - PERFORMANCE WARNING: useCacheForAllThreads is true that may cause Netty to create a lot garbage objects and, as a result, trigger GC.
	It is recommended to disable useCacheForAllThreads by setting -Dorg.apache.ratis.thirdparty.io.netty.allocator.useCacheForAllThreads=false in command line.
2019-09-28 01:15:21,807 [main] INFO  grpc.GrpcConfigKeys$Server (ConfUtils.java:logGet(43)) - raft.grpc.server.port = 0 (default)
2019-09-28 01:15:21,808 [main] INFO  server.GrpcService (ConfUtils.java:logGet(43)) - raft.grpc.message.size.max = 33570816 (custom)
2019-09-28 01:15:21,808 [main] INFO  server.RaftServerConfigKeys (ConfUtils.java:logGet(43)) - raft.server.log.appender.buffer.byte-limit = 33554432 (custom)
2019-09-28 01:15:21,808 [main] INFO  server.GrpcService (ConfUtils.java:logGet(43)) - raft.grpc.flow.control.window = 1MB (=1048576) (default)
2019-09-28 01:15:21,808 [main] INFO  server.RaftServerConfigKeys (ConfUtils.java:logGet(43)) - raft.server.rpc.request.timeout = 3000ms (default)
2019-09-28 01:15:21,809 [main] INFO  server.RaftServerConfigKeys (ConfUtils.java:logGet(43)) - raft.server.storage.dir = [/workdir/hadoop-ozone/integration-test/target/test-dir/MiniOzoneClusterImpl-d0fea965-b787-49be-9c96-deb71f4b2c88/datanode-1/data/ratis] (custom)
2019-09-28 01:15:21,810 [main] INFO  hdfs.DFSUtil (DFSUtil.java:httpServerTemplateForNNAndJN(1641)) - Starting Web-server for hddsDatanode at: http://0.0.0.0:0
2019-09-28 01:15:21,812 [main] INFO  server.AuthenticationFilter (AuthenticationFilter.java:constructSecretProvider(240)) - Unable to initialize FileSignerSecretProvider, falling back to use random secrets.
2019-09-28 01:15:21,812 [main] WARN  http.HttpRequestLog (HttpRequestLog.java:getRequestLog(97)) - Jetty request log can only be enabled using Log4j
2019-09-28 01:15:21,814 [main] INFO  http.HttpServer2 (HttpServer2.java:addGlobalFilter(975)) - Added global filter 'safety' (class=org.apache.hadoop.http.HttpServer2$QuotingInputFilter)
2019-09-28 01:15:21,814 [main] INFO  http.HttpServer2 (HttpServer2.java:addFilter(948)) - Added filter static_user_filter (class=org.apache.hadoop.http.lib.StaticUserWebFilter$StaticUserFilter) to context hddsDatanode
2019-09-28 01:15:21,815 [main] INFO  http.HttpServer2 (HttpServer2.java:addFilter(958)) - Added filter static_user_filter (class=org.apache.hadoop.http.lib.StaticUserWebFilter$StaticUserFilter) to context static
2019-09-28 01:15:21,815 [main] INFO  http.HttpServer2 (HttpServer2.java:addFilter(958)) - Added filter static_user_filter (class=org.apache.hadoop.http.lib.StaticUserWebFilter$StaticUserFilter) to context logs
2019-09-28 01:15:21,816 [main] INFO  http.HttpServer2 (HttpServer2.java:bindListener(1191)) - Jetty bound to port 38158
2019-09-28 01:15:21,816 [main] INFO  server.Server (Server.java:doStart(351)) - jetty-9.3.25.v20180904, build timestamp: 2018-09-04T21:11:46Z, git hash: 3ce520221d0240229c862b122d2b06c12a625732
2019-09-28 01:15:21,818 [main] INFO  handler.ContextHandler (ContextHandler.java:doStart(781)) - Started o.e.j.s.ServletContextHandler@4d0e54e0{/logs,file:///workdir/hadoop-ozone/integration-test/target/log,AVAILABLE}
2019-09-28 01:15:21,819 [main] INFO  handler.ContextHandler (ContextHandler.java:doStart(781)) - Started o.e.j.s.ServletContextHandler@611640f0{/static,jar:file:/home/user/.m2/repository/org/apache/hadoop/hadoop-hdds-container-service/0.5.0-SNAPSHOT/hadoop-hdds-container-service-0.5.0-SNAPSHOT.jar!/webapps/static,AVAILABLE}
2019-09-28 01:15:21,852 [main] INFO  handler.ContextHandler (ContextHandler.java:doStart(781)) - Started o.e.j.w.WebAppContext@708eb310{/,file:///tmp/jetty-0.0.0.0-38158-hddsDatanode-_-any-718392565809327921.dir/webapp/,AVAILABLE}{/hddsDatanode}
2019-09-28 01:15:21,853 [main] INFO  server.AbstractConnector (AbstractConnector.java:doStart(278)) - Started ServerConnector@6ebc9573{HTTP/1.1,[http/1.1]}{0.0.0.0:38158}
2019-09-28 01:15:21,854 [main] INFO  server.Server (Server.java:doStart(419)) - Started @150038ms
2019-09-28 01:15:21,854 [main] WARN  impl.MetricsSystemImpl (MetricsSystemImpl.java:register(276)) - Sink prometheus already exists!
2019-09-28 01:15:21,855 [main] INFO  server.BaseHttpServer (BaseHttpServer.java:updateConnectorAddress(215)) - HTTP server of HDDSDATANODE is listening at http://0.0.0.0:38158
2019-09-28 01:15:21,856 [main] INFO  impl.MetricsSystemImpl (MetricsSystemImpl.java:init(158)) - HddsDatanode metrics system started (again)
2019-09-28 01:15:21,858 [main] INFO  ozone.HddsDatanodeService (HddsDatanodeService.java:start(184)) - HddsDatanodeService host:pr-hdds-2162-8g7kw-3348123894 ip:192.168.151.82
2019-09-28 01:15:21,858 [org.apache.hadoop.util.JvmPauseMonitor$Monitor@58dbb0a8] INFO  util.JvmPauseMonitor (JvmPauseMonitor.java:run(188)) - Starting JVM pause monitor
2019-09-28 01:15:21,861 [Datanode State Machine Thread - 0] INFO  datanode.InitDatanodeState (InitDatanodeState.java:persistContainerDatanodeDetails(140)) - DatanodeDetails is persisted to /workdir/hadoop-ozone/integration-test/target/test-dir/MiniOzoneClusterImpl-d0fea965-b787-49be-9c96-deb71f4b2c88/datanode-1/meta/datanode.id
2019-09-28 01:15:21,864 [main] INFO  volume.HddsVolume (HddsVolume.java:<init>(176)) - Creating Volume: /workdir/hadoop-ozone/integration-test/target/test-dir/MiniOzoneClusterImpl-d0fea965-b787-49be-9c96-deb71f4b2c88/datanode-2/data/containers/hdds of  storage type : DISK and capacity : 1482555576320
2019-09-28 01:15:21,864 [main] INFO  volume.VolumeSet (VolumeSet.java:initializeVolumeSet(170)) - Added Volume : /workdir/hadoop-ozone/integration-test/target/test-dir/MiniOzoneClusterImpl-d0fea965-b787-49be-9c96-deb71f4b2c88/datanode-2/data/containers/hdds to VolumeSet
2019-09-28 01:15:21,865 [main] INFO  volume.ThrottledAsyncChecker (ThrottledAsyncChecker.java:schedule(139)) - Scheduling a check for org.apache.hadoop.ozone.container.common.volume.HddsVolume@1823b9c4
2019-09-28 01:15:21,865 [main] INFO  volume.HddsVolumeChecker (HddsVolumeChecker.java:checkAllVolumes(202)) - Scheduled health check for volume org.apache.hadoop.ozone.container.common.volume.HddsVolume@1823b9c4
2019-09-28 01:15:21,879 [main] INFO  impl.RaftServerProxy (ConfUtils.java:logGet(43)) - raft.rpc.type = GRPC (default)
2019-09-28 01:15:21,879 [main] INFO  grpc.GrpcFactory (GrpcFactory.java:checkPooledByteBufAllocatorUseCacheForAllThreads(45)) - PERFORMANCE WARNING: useCacheForAllThreads is true that may cause Netty to create a lot garbage objects and, as a result, trigger GC.
	It is recommended to disable useCacheForAllThreads by setting -Dorg.apache.ratis.thirdparty.io.netty.allocator.useCacheForAllThreads=false in command line.
2019-09-28 01:15:21,879 [main] INFO  grpc.GrpcConfigKeys$Server (ConfUtils.java:logGet(43)) - raft.grpc.server.port = 0 (default)
2019-09-28 01:15:21,879 [main] INFO  server.GrpcService (ConfUtils.java:logGet(43)) - raft.grpc.message.size.max = 33570816 (custom)
2019-09-28 01:15:21,880 [main] INFO  server.RaftServerConfigKeys (ConfUtils.java:logGet(43)) - raft.server.log.appender.buffer.byte-limit = 33554432 (custom)
2019-09-28 01:15:21,880 [main] INFO  server.GrpcService (ConfUtils.java:logGet(43)) - raft.grpc.flow.control.window = 1MB (=1048576) (default)
2019-09-28 01:15:21,880 [main] INFO  server.RaftServerConfigKeys (ConfUtils.java:logGet(43)) - raft.server.rpc.request.timeout = 3000ms (default)
2019-09-28 01:15:21,880 [main] INFO  server.RaftServerConfigKeys (ConfUtils.java:logGet(43)) - raft.server.storage.dir = [/workdir/hadoop-ozone/integration-test/target/test-dir/MiniOzoneClusterImpl-d0fea965-b787-49be-9c96-deb71f4b2c88/datanode-2/data/ratis] (custom)
2019-09-28 01:15:21,882 [main] INFO  hdfs.DFSUtil (DFSUtil.java:httpServerTemplateForNNAndJN(1641)) - Starting Web-server for hddsDatanode at: http://0.0.0.0:0
2019-09-28 01:15:21,883 [main] INFO  server.AuthenticationFilter (AuthenticationFilter.java:constructSecretProvider(240)) - Unable to initialize FileSignerSecretProvider, falling back to use random secrets.
2019-09-28 01:15:21,883 [main] WARN  http.HttpRequestLog (HttpRequestLog.java:getRequestLog(97)) - Jetty request log can only be enabled using Log4j
2019-09-28 01:15:21,885 [main] INFO  http.HttpServer2 (HttpServer2.java:addGlobalFilter(975)) - Added global filter 'safety' (class=org.apache.hadoop.http.HttpServer2$QuotingInputFilter)
2019-09-28 01:15:21,885 [main] INFO  http.HttpServer2 (HttpServer2.java:addFilter(948)) - Added filter static_user_filter (class=org.apache.hadoop.http.lib.StaticUserWebFilter$StaticUserFilter) to context hddsDatanode
2019-09-28 01:15:21,885 [main] INFO  http.HttpServer2 (HttpServer2.java:addFilter(958)) - Added filter static_user_filter (class=org.apache.hadoop.http.lib.StaticUserWebFilter$StaticUserFilter) to context static
2019-09-28 01:15:21,886 [main] INFO  http.HttpServer2 (HttpServer2.java:addFilter(958)) - Added filter static_user_filter (class=org.apache.hadoop.http.lib.StaticUserWebFilter$StaticUserFilter) to context logs
2019-09-28 01:15:21,886 [main] INFO  http.HttpServer2 (HttpServer2.java:bindListener(1191)) - Jetty bound to port 33968
2019-09-28 01:15:21,886 [main] INFO  server.Server (Server.java:doStart(351)) - jetty-9.3.25.v20180904, build timestamp: 2018-09-04T21:11:46Z, git hash: 3ce520221d0240229c862b122d2b06c12a625732
2019-09-28 01:15:21,888 [main] INFO  handler.ContextHandler (ContextHandler.java:doStart(781)) - Started o.e.j.s.ServletContextHandler@1e692555{/logs,file:///workdir/hadoop-ozone/integration-test/target/log,AVAILABLE}
2019-09-28 01:15:21,889 [main] INFO  handler.ContextHandler (ContextHandler.java:doStart(781)) - Started o.e.j.s.ServletContextHandler@76fe6cdc{/static,jar:file:/home/user/.m2/repository/org/apache/hadoop/hadoop-hdds-container-service/0.5.0-SNAPSHOT/hadoop-hdds-container-service-0.5.0-SNAPSHOT.jar!/webapps/static,AVAILABLE}
2019-09-28 01:15:21,917 [main] INFO  handler.ContextHandler (ContextHandler.java:doStart(781)) - Started o.e.j.w.WebAppContext@3238e2aa{/,file:///tmp/jetty-0.0.0.0-33968-hddsDatanode-_-any-2097860495887893320.dir/webapp/,AVAILABLE}{/hddsDatanode}
2019-09-28 01:15:21,918 [main] INFO  server.AbstractConnector (AbstractConnector.java:doStart(278)) - Started ServerConnector@2c7db926{HTTP/1.1,[http/1.1]}{0.0.0.0:33968}
2019-09-28 01:15:21,919 [main] INFO  server.Server (Server.java:doStart(419)) - Started @150103ms
2019-09-28 01:15:21,919 [main] WARN  impl.MetricsSystemImpl (MetricsSystemImpl.java:register(276)) - Sink prometheus already exists!
2019-09-28 01:15:21,920 [main] INFO  server.BaseHttpServer (BaseHttpServer.java:updateConnectorAddress(215)) - HTTP server of HDDSDATANODE is listening at http://0.0.0.0:33968
2019-09-28 01:15:21,920 [main] INFO  impl.MetricsSystemImpl (MetricsSystemImpl.java:init(158)) - HddsDatanode metrics system started (again)
2019-09-28 01:15:21,923 [org.apache.hadoop.util.JvmPauseMonitor$Monitor@a3b33d0] INFO  util.JvmPauseMonitor (JvmPauseMonitor.java:run(188)) - Starting JVM pause monitor
2019-09-28 01:15:21,923 [main] INFO  ozone.HddsDatanodeService (HddsDatanodeService.java:start(184)) - HddsDatanodeService host:pr-hdds-2162-8g7kw-3348123894 ip:192.168.151.82
2019-09-28 01:15:21,926 [Datanode State Machine Thread - 0] INFO  datanode.InitDatanodeState (InitDatanodeState.java:persistContainerDatanodeDetails(140)) - DatanodeDetails is persisted to /workdir/hadoop-ozone/integration-test/target/test-dir/MiniOzoneClusterImpl-d0fea965-b787-49be-9c96-deb71f4b2c88/datanode-2/meta/datanode.id
2019-09-28 01:15:21,929 [main] INFO  volume.HddsVolume (HddsVolume.java:<init>(176)) - Creating Volume: /workdir/hadoop-ozone/integration-test/target/test-dir/MiniOzoneClusterImpl-d0fea965-b787-49be-9c96-deb71f4b2c88/datanode-3/data/containers/hdds of  storage type : DISK and capacity : 1482555576320
2019-09-28 01:15:21,929 [main] INFO  volume.VolumeSet (VolumeSet.java:initializeVolumeSet(170)) - Added Volume : /workdir/hadoop-ozone/integration-test/target/test-dir/MiniOzoneClusterImpl-d0fea965-b787-49be-9c96-deb71f4b2c88/datanode-3/data/containers/hdds to VolumeSet
2019-09-28 01:15:21,930 [main] INFO  volume.ThrottledAsyncChecker (ThrottledAsyncChecker.java:schedule(139)) - Scheduling a check for org.apache.hadoop.ozone.container.common.volume.HddsVolume@276cc8dc
2019-09-28 01:15:21,931 [main] INFO  volume.HddsVolumeChecker (HddsVolumeChecker.java:checkAllVolumes(202)) - Scheduled health check for volume org.apache.hadoop.ozone.container.common.volume.HddsVolume@276cc8dc
2019-09-28 01:15:21,949 [main] INFO  impl.RaftServerProxy (ConfUtils.java:logGet(43)) - raft.rpc.type = GRPC (default)
2019-09-28 01:15:21,950 [main] INFO  grpc.GrpcFactory (GrpcFactory.java:checkPooledByteBufAllocatorUseCacheForAllThreads(45)) - PERFORMANCE WARNING: useCacheForAllThreads is true that may cause Netty to create a lot garbage objects and, as a result, trigger GC.
	It is recommended to disable useCacheForAllThreads by setting -Dorg.apache.ratis.thirdparty.io.netty.allocator.useCacheForAllThreads=false in command line.
2019-09-28 01:15:21,950 [main] INFO  grpc.GrpcConfigKeys$Server (ConfUtils.java:logGet(43)) - raft.grpc.server.port = 0 (default)
2019-09-28 01:15:21,950 [main] INFO  server.GrpcService (ConfUtils.java:logGet(43)) - raft.grpc.message.size.max = 33570816 (custom)
2019-09-28 01:15:21,951 [main] INFO  server.RaftServerConfigKeys (ConfUtils.java:logGet(43)) - raft.server.log.appender.buffer.byte-limit = 33554432 (custom)
2019-09-28 01:15:21,951 [main] INFO  server.GrpcService (ConfUtils.java:logGet(43)) - raft.grpc.flow.control.window = 1MB (=1048576) (default)
2019-09-28 01:15:21,951 [main] INFO  server.RaftServerConfigKeys (ConfUtils.java:logGet(43)) - raft.server.rpc.request.timeout = 3000ms (default)
2019-09-28 01:15:21,952 [main] INFO  server.RaftServerConfigKeys (ConfUtils.java:logGet(43)) - raft.server.storage.dir = [/workdir/hadoop-ozone/integration-test/target/test-dir/MiniOzoneClusterImpl-d0fea965-b787-49be-9c96-deb71f4b2c88/datanode-3/data/ratis] (custom)
2019-09-28 01:15:21,954 [main] INFO  hdfs.DFSUtil (DFSUtil.java:httpServerTemplateForNNAndJN(1641)) - Starting Web-server for hddsDatanode at: http://0.0.0.0:0
2019-09-28 01:15:21,957 [main] INFO  server.AuthenticationFilter (AuthenticationFilter.java:constructSecretProvider(240)) - Unable to initialize FileSignerSecretProvider, falling back to use random secrets.
2019-09-28 01:15:21,957 [main] WARN  http.HttpRequestLog (HttpRequestLog.java:getRequestLog(97)) - Jetty request log can only be enabled using Log4j
2019-09-28 01:15:21,959 [main] INFO  http.HttpServer2 (HttpServer2.java:addGlobalFilter(975)) - Added global filter 'safety' (class=org.apache.hadoop.http.HttpServer2$QuotingInputFilter)
2019-09-28 01:15:21,960 [main] INFO  http.HttpServer2 (HttpServer2.java:addFilter(948)) - Added filter static_user_filter (class=org.apache.hadoop.http.lib.StaticUserWebFilter$StaticUserFilter) to context hddsDatanode
2019-09-28 01:15:21,960 [main] INFO  http.HttpServer2 (HttpServer2.java:addFilter(958)) - Added filter static_user_filter (class=org.apache.hadoop.http.lib.StaticUserWebFilter$StaticUserFilter) to context logs
2019-09-28 01:15:21,961 [main] INFO  http.HttpServer2 (HttpServer2.java:addFilter(958)) - Added filter static_user_filter (class=org.apache.hadoop.http.lib.StaticUserWebFilter$StaticUserFilter) to context static
2019-09-28 01:15:21,962 [main] INFO  http.HttpServer2 (HttpServer2.java:bindListener(1191)) - Jetty bound to port 44872
2019-09-28 01:15:21,962 [main] INFO  server.Server (Server.java:doStart(351)) - jetty-9.3.25.v20180904, build timestamp: 2018-09-04T21:11:46Z, git hash: 3ce520221d0240229c862b122d2b06c12a625732
2019-09-28 01:15:21,964 [main] INFO  handler.ContextHandler (ContextHandler.java:doStart(781)) - Started o.e.j.s.ServletContextHandler@52b46d52{/logs,file:///workdir/hadoop-ozone/integration-test/target/log,AVAILABLE}
2019-09-28 01:15:21,965 [main] INFO  handler.ContextHandler (ContextHandler.java:doStart(781)) - Started o.e.j.s.ServletContextHandler@67022ea{/static,jar:file:/home/user/.m2/repository/org/apache/hadoop/hadoop-hdds-container-service/0.5.0-SNAPSHOT/hadoop-hdds-container-service-0.5.0-SNAPSHOT.jar!/webapps/static,AVAILABLE}
2019-09-28 01:15:21,999 [main] INFO  handler.ContextHandler (ContextHandler.java:doStart(781)) - Started o.e.j.w.WebAppContext@30c3ae63{/,file:///tmp/jetty-0.0.0.0-44872-hddsDatanode-_-any-1470821092673397558.dir/webapp/,AVAILABLE}{/hddsDatanode}
2019-09-28 01:15:22,000 [main] INFO  server.AbstractConnector (AbstractConnector.java:doStart(278)) - Started ServerConnector@58658f63{HTTP/1.1,[http/1.1]}{0.0.0.0:44872}
2019-09-28 01:15:22,001 [main] INFO  server.Server (Server.java:doStart(419)) - Started @150184ms
2019-09-28 01:15:22,001 [main] WARN  impl.MetricsSystemImpl (MetricsSystemImpl.java:register(276)) - Sink prometheus already exists!
2019-09-28 01:15:22,002 [main] INFO  server.BaseHttpServer (BaseHttpServer.java:updateConnectorAddress(215)) - HTTP server of HDDSDATANODE is listening at http://0.0.0.0:44872
2019-09-28 01:15:22,002 [main] INFO  impl.MetricsSystemImpl (MetricsSystemImpl.java:init(158)) - HddsDatanode metrics system started (again)
2019-09-28 01:15:22,005 [org.apache.hadoop.util.JvmPauseMonitor$Monitor@48628138] INFO  util.JvmPauseMonitor (JvmPauseMonitor.java:run(188)) - Starting JVM pause monitor
2019-09-28 01:15:22,005 [main] INFO  ozone.HddsDatanodeService (HddsDatanodeService.java:start(184)) - HddsDatanodeService host:pr-hdds-2162-8g7kw-3348123894 ip:192.168.151.82
2019-09-28 01:15:22,007 [Datanode State Machine Thread - 0] INFO  datanode.InitDatanodeState (InitDatanodeState.java:persistContainerDatanodeDetails(140)) - DatanodeDetails is persisted to /workdir/hadoop-ozone/integration-test/target/test-dir/MiniOzoneClusterImpl-d0fea965-b787-49be-9c96-deb71f4b2c88/datanode-3/meta/datanode.id
2019-09-28 01:15:22,011 [main] INFO  volume.HddsVolume (HddsVolume.java:<init>(176)) - Creating Volume: /workdir/hadoop-ozone/integration-test/target/test-dir/MiniOzoneClusterImpl-d0fea965-b787-49be-9c96-deb71f4b2c88/datanode-4/data/containers/hdds of  storage type : DISK and capacity : 1482555576320
2019-09-28 01:15:22,011 [main] INFO  volume.VolumeSet (VolumeSet.java:initializeVolumeSet(170)) - Added Volume : /workdir/hadoop-ozone/integration-test/target/test-dir/MiniOzoneClusterImpl-d0fea965-b787-49be-9c96-deb71f4b2c88/datanode-4/data/containers/hdds to VolumeSet
2019-09-28 01:15:22,011 [main] INFO  volume.ThrottledAsyncChecker (ThrottledAsyncChecker.java:schedule(139)) - Scheduling a check for org.apache.hadoop.ozone.container.common.volume.HddsVolume@58253c57
2019-09-28 01:15:22,012 [main] INFO  volume.HddsVolumeChecker (HddsVolumeChecker.java:checkAllVolumes(202)) - Scheduled health check for volume org.apache.hadoop.ozone.container.common.volume.HddsVolume@58253c57
2019-09-28 01:15:22,025 [main] INFO  impl.RaftServerProxy (ConfUtils.java:logGet(43)) - raft.rpc.type = GRPC (default)
2019-09-28 01:15:22,025 [main] INFO  grpc.GrpcFactory (GrpcFactory.java:checkPooledByteBufAllocatorUseCacheForAllThreads(45)) - PERFORMANCE WARNING: useCacheForAllThreads is true that may cause Netty to create a lot garbage objects and, as a result, trigger GC.
	It is recommended to disable useCacheForAllThreads by setting -Dorg.apache.ratis.thirdparty.io.netty.allocator.useCacheForAllThreads=false in command line.
2019-09-28 01:15:22,025 [main] INFO  grpc.GrpcConfigKeys$Server (ConfUtils.java:logGet(43)) - raft.grpc.server.port = 0 (default)
2019-09-28 01:15:22,025 [main] INFO  server.GrpcService (ConfUtils.java:logGet(43)) - raft.grpc.message.size.max = 33570816 (custom)
2019-09-28 01:15:22,025 [main] INFO  server.RaftServerConfigKeys (ConfUtils.java:logGet(43)) - raft.server.log.appender.buffer.byte-limit = 33554432 (custom)
2019-09-28 01:15:22,026 [main] INFO  server.GrpcService (ConfUtils.java:logGet(43)) - raft.grpc.flow.control.window = 1MB (=1048576) (default)
2019-09-28 01:15:22,026 [main] INFO  server.RaftServerConfigKeys (ConfUtils.java:logGet(43)) - raft.server.rpc.request.timeout = 3000ms (default)
2019-09-28 01:15:22,026 [main] INFO  server.RaftServerConfigKeys (ConfUtils.java:logGet(43)) - raft.server.storage.dir = [/workdir/hadoop-ozone/integration-test/target/test-dir/MiniOzoneClusterImpl-d0fea965-b787-49be-9c96-deb71f4b2c88/datanode-4/data/ratis] (custom)
2019-09-28 01:15:22,028 [main] INFO  hdfs.DFSUtil (DFSUtil.java:httpServerTemplateForNNAndJN(1641)) - Starting Web-server for hddsDatanode at: http://0.0.0.0:0
2019-09-28 01:15:22,029 [main] INFO  server.AuthenticationFilter (AuthenticationFilter.java:constructSecretProvider(240)) - Unable to initialize FileSignerSecretProvider, falling back to use random secrets.
2019-09-28 01:15:22,029 [main] WARN  http.HttpRequestLog (HttpRequestLog.java:getRequestLog(97)) - Jetty request log can only be enabled using Log4j
2019-09-28 01:15:22,030 [main] INFO  http.HttpServer2 (HttpServer2.java:addGlobalFilter(975)) - Added global filter 'safety' (class=org.apache.hadoop.http.HttpServer2$QuotingInputFilter)
2019-09-28 01:15:22,031 [main] INFO  http.HttpServer2 (HttpServer2.java:addFilter(948)) - Added filter static_user_filter (class=org.apache.hadoop.http.lib.StaticUserWebFilter$StaticUserFilter) to context hddsDatanode
2019-09-28 01:15:22,031 [main] INFO  http.HttpServer2 (HttpServer2.java:addFilter(958)) - Added filter static_user_filter (class=org.apache.hadoop.http.lib.StaticUserWebFilter$StaticUserFilter) to context logs
2019-09-28 01:15:22,031 [main] INFO  http.HttpServer2 (HttpServer2.java:addFilter(958)) - Added filter static_user_filter (class=org.apache.hadoop.http.lib.StaticUserWebFilter$StaticUserFilter) to context static
2019-09-28 01:15:22,032 [main] INFO  http.HttpServer2 (HttpServer2.java:bindListener(1191)) - Jetty bound to port 33497
2019-09-28 01:15:22,032 [main] INFO  server.Server (Server.java:doStart(351)) - jetty-9.3.25.v20180904, build timestamp: 2018-09-04T21:11:46Z, git hash: 3ce520221d0240229c862b122d2b06c12a625732
2019-09-28 01:15:22,034 [main] INFO  handler.ContextHandler (ContextHandler.java:doStart(781)) - Started o.e.j.s.ServletContextHandler@d16be4f{/logs,file:///workdir/hadoop-ozone/integration-test/target/log,AVAILABLE}
2019-09-28 01:15:22,034 [main] INFO  handler.ContextHandler (ContextHandler.java:doStart(781)) - Started o.e.j.s.ServletContextHandler@6bcb12e6{/static,jar:file:/home/user/.m2/repository/org/apache/hadoop/hadoop-hdds-container-service/0.5.0-SNAPSHOT/hadoop-hdds-container-service-0.5.0-SNAPSHOT.jar!/webapps/static,AVAILABLE}
2019-09-28 01:15:22,062 [main] INFO  handler.ContextHandler (ContextHandler.java:doStart(781)) - Started o.e.j.w.WebAppContext@322ba549{/,file:///tmp/jetty-0.0.0.0-33497-hddsDatanode-_-any-2231415687611252429.dir/webapp/,AVAILABLE}{/hddsDatanode}
2019-09-28 01:15:22,062 [main] INFO  server.AbstractConnector (AbstractConnector.java:doStart(278)) - Started ServerConnector@502a4156{HTTP/1.1,[http/1.1]}{0.0.0.0:33497}
2019-09-28 01:15:22,063 [main] INFO  server.Server (Server.java:doStart(419)) - Started @150247ms
2019-09-28 01:15:22,063 [main] WARN  impl.MetricsSystemImpl (MetricsSystemImpl.java:register(276)) - Sink prometheus already exists!
2019-09-28 01:15:22,064 [main] INFO  server.BaseHttpServer (BaseHttpServer.java:updateConnectorAddress(215)) - HTTP server of HDDSDATANODE is listening at http://0.0.0.0:33497
2019-09-28 01:15:22,064 [main] INFO  impl.MetricsSystemImpl (MetricsSystemImpl.java:init(158)) - HddsDatanode metrics system started (again)
2019-09-28 01:15:22,067 [org.apache.hadoop.util.JvmPauseMonitor$Monitor@70af3c47] INFO  util.JvmPauseMonitor (JvmPauseMonitor.java:run(188)) - Starting JVM pause monitor
2019-09-28 01:15:22,068 [main] INFO  ozone.HddsDatanodeService (HddsDatanodeService.java:start(184)) - HddsDatanodeService host:pr-hdds-2162-8g7kw-3348123894 ip:192.168.151.82
2019-09-28 01:15:22,070 [Datanode State Machine Thread - 0] INFO  datanode.InitDatanodeState (InitDatanodeState.java:persistContainerDatanodeDetails(140)) - DatanodeDetails is persisted to /workdir/hadoop-ozone/integration-test/target/test-dir/MiniOzoneClusterImpl-d0fea965-b787-49be-9c96-deb71f4b2c88/datanode-4/meta/datanode.id
2019-09-28 01:15:22,073 [main] INFO  volume.HddsVolume (HddsVolume.java:<init>(176)) - Creating Volume: /workdir/hadoop-ozone/integration-test/target/test-dir/MiniOzoneClusterImpl-d0fea965-b787-49be-9c96-deb71f4b2c88/datanode-5/data/containers/hdds of  storage type : DISK and capacity : 1482555576320
2019-09-28 01:15:22,074 [main] INFO  volume.VolumeSet (VolumeSet.java:initializeVolumeSet(170)) - Added Volume : /workdir/hadoop-ozone/integration-test/target/test-dir/MiniOzoneClusterImpl-d0fea965-b787-49be-9c96-deb71f4b2c88/datanode-5/data/containers/hdds to VolumeSet
2019-09-28 01:15:22,074 [main] INFO  volume.ThrottledAsyncChecker (ThrottledAsyncChecker.java:schedule(139)) - Scheduling a check for org.apache.hadoop.ozone.container.common.volume.HddsVolume@77f991c
2019-09-28 01:15:22,074 [main] INFO  volume.HddsVolumeChecker (HddsVolumeChecker.java:checkAllVolumes(202)) - Scheduled health check for volume org.apache.hadoop.ozone.container.common.volume.HddsVolume@77f991c
2019-09-28 01:15:22,088 [main] INFO  impl.RaftServerProxy (ConfUtils.java:logGet(43)) - raft.rpc.type = GRPC (default)
2019-09-28 01:15:22,088 [main] INFO  grpc.GrpcFactory (GrpcFactory.java:checkPooledByteBufAllocatorUseCacheForAllThreads(45)) - PERFORMANCE WARNING: useCacheForAllThreads is true that may cause Netty to create a lot garbage objects and, as a result, trigger GC.
	It is recommended to disable useCacheForAllThreads by setting -Dorg.apache.ratis.thirdparty.io.netty.allocator.useCacheForAllThreads=false in command line.
2019-09-28 01:15:22,088 [main] INFO  grpc.GrpcConfigKeys$Server (ConfUtils.java:logGet(43)) - raft.grpc.server.port = 0 (default)
2019-09-28 01:15:22,088 [main] INFO  server.GrpcService (ConfUtils.java:logGet(43)) - raft.grpc.message.size.max = 33570816 (custom)
2019-09-28 01:15:22,088 [main] INFO  server.RaftServerConfigKeys (ConfUtils.java:logGet(43)) - raft.server.log.appender.buffer.byte-limit = 33554432 (custom)
2019-09-28 01:15:22,089 [main] INFO  server.GrpcService (ConfUtils.java:logGet(43)) - raft.grpc.flow.control.window = 1MB (=1048576) (default)
2019-09-28 01:15:22,089 [main] INFO  server.RaftServerConfigKeys (ConfUtils.java:logGet(43)) - raft.server.rpc.request.timeout = 3000ms (default)
2019-09-28 01:15:22,089 [main] INFO  server.RaftServerConfigKeys (ConfUtils.java:logGet(43)) - raft.server.storage.dir = [/workdir/hadoop-ozone/integration-test/target/test-dir/MiniOzoneClusterImpl-d0fea965-b787-49be-9c96-deb71f4b2c88/datanode-5/data/ratis] (custom)
2019-09-28 01:15:22,092 [main] INFO  hdfs.DFSUtil (DFSUtil.java:httpServerTemplateForNNAndJN(1641)) - Starting Web-server for hddsDatanode at: http://0.0.0.0:0
2019-09-28 01:15:22,093 [main] INFO  server.AuthenticationFilter (AuthenticationFilter.java:constructSecretProvider(240)) - Unable to initialize FileSignerSecretProvider, falling back to use random secrets.
2019-09-28 01:15:22,093 [main] WARN  http.HttpRequestLog (HttpRequestLog.java:getRequestLog(97)) - Jetty request log can only be enabled using Log4j
2019-09-28 01:15:22,094 [main] INFO  http.HttpServer2 (HttpServer2.java:addGlobalFilter(975)) - Added global filter 'safety' (class=org.apache.hadoop.http.HttpServer2$QuotingInputFilter)
2019-09-28 01:15:22,095 [main] INFO  http.HttpServer2 (HttpServer2.java:addFilter(948)) - Added filter static_user_filter (class=org.apache.hadoop.http.lib.StaticUserWebFilter$StaticUserFilter) to context hddsDatanode
2019-09-28 01:15:22,095 [main] INFO  http.HttpServer2 (HttpServer2.java:addFilter(958)) - Added filter static_user_filter (class=org.apache.hadoop.http.lib.StaticUserWebFilter$StaticUserFilter) to context static
2019-09-28 01:15:22,095 [main] INFO  http.HttpServer2 (HttpServer2.java:addFilter(958)) - Added filter static_user_filter (class=org.apache.hadoop.http.lib.StaticUserWebFilter$StaticUserFilter) to context logs
2019-09-28 01:15:22,096 [main] INFO  http.HttpServer2 (HttpServer2.java:bindListener(1191)) - Jetty bound to port 39674
2019-09-28 01:15:22,096 [main] INFO  server.Server (Server.java:doStart(351)) - jetty-9.3.25.v20180904, build timestamp: 2018-09-04T21:11:46Z, git hash: 3ce520221d0240229c862b122d2b06c12a625732
2019-09-28 01:15:22,098 [main] INFO  handler.ContextHandler (ContextHandler.java:doStart(781)) - Started o.e.j.s.ServletContextHandler@3a3ed300{/logs,file:///workdir/hadoop-ozone/integration-test/target/log,AVAILABLE}
2019-09-28 01:15:22,098 [main] INFO  handler.ContextHandler (ContextHandler.java:doStart(781)) - Started o.e.j.s.ServletContextHandler@39f5b723{/static,jar:file:/home/user/.m2/repository/org/apache/hadoop/hadoop-hdds-container-service/0.5.0-SNAPSHOT/hadoop-hdds-container-service-0.5.0-SNAPSHOT.jar!/webapps/static,AVAILABLE}
2019-09-28 01:15:22,126 [main] INFO  handler.ContextHandler (ContextHandler.java:doStart(781)) - Started o.e.j.w.WebAppContext@550e9be6{/,file:///tmp/jetty-0.0.0.0-39674-hddsDatanode-_-any-187775582674536913.dir/webapp/,AVAILABLE}{/hddsDatanode}
2019-09-28 01:15:22,127 [main] INFO  server.AbstractConnector (AbstractConnector.java:doStart(278)) - Started ServerConnector@3f96f020{HTTP/1.1,[http/1.1]}{0.0.0.0:39674}
2019-09-28 01:15:22,127 [main] INFO  server.Server (Server.java:doStart(419)) - Started @150311ms
2019-09-28 01:15:22,128 [main] WARN  impl.MetricsSystemImpl (MetricsSystemImpl.java:register(276)) - Sink prometheus already exists!
2019-09-28 01:15:22,128 [main] INFO  server.BaseHttpServer (BaseHttpServer.java:updateConnectorAddress(215)) - HTTP server of HDDSDATANODE is listening at http://0.0.0.0:39674
2019-09-28 01:15:22,129 [main] INFO  impl.MetricsSystemImpl (MetricsSystemImpl.java:init(158)) - HddsDatanode metrics system started (again)
2019-09-28 01:15:22,132 [org.apache.hadoop.util.JvmPauseMonitor$Monitor@17094e5f] INFO  util.JvmPauseMonitor (JvmPauseMonitor.java:run(188)) - Starting JVM pause monitor
2019-09-28 01:15:22,132 [main] INFO  ozone.HddsDatanodeService (HddsDatanodeService.java:start(184)) - HddsDatanodeService host:pr-hdds-2162-8g7kw-3348123894 ip:192.168.151.82
2019-09-28 01:15:22,137 [Datanode State Machine Thread - 0] INFO  datanode.InitDatanodeState (InitDatanodeState.java:persistContainerDatanodeDetails(140)) - DatanodeDetails is persisted to /workdir/hadoop-ozone/integration-test/target/test-dir/MiniOzoneClusterImpl-d0fea965-b787-49be-9c96-deb71f4b2c88/datanode-5/meta/datanode.id
2019-09-28 01:15:22,138 [main] INFO  volume.HddsVolume (HddsVolume.java:<init>(176)) - Creating Volume: /workdir/hadoop-ozone/integration-test/target/test-dir/MiniOzoneClusterImpl-d0fea965-b787-49be-9c96-deb71f4b2c88/datanode-6/data/containers/hdds of  storage type : DISK and capacity : 1482555576320
2019-09-28 01:15:22,138 [main] INFO  volume.VolumeSet (VolumeSet.java:initializeVolumeSet(170)) - Added Volume : /workdir/hadoop-ozone/integration-test/target/test-dir/MiniOzoneClusterImpl-d0fea965-b787-49be-9c96-deb71f4b2c88/datanode-6/data/containers/hdds to VolumeSet
2019-09-28 01:15:22,138 [main] INFO  volume.ThrottledAsyncChecker (ThrottledAsyncChecker.java:schedule(139)) - Scheduling a check for org.apache.hadoop.ozone.container.common.volume.HddsVolume@771a7d53
2019-09-28 01:15:22,138 [main] INFO  volume.HddsVolumeChecker (HddsVolumeChecker.java:checkAllVolumes(202)) - Scheduled health check for volume org.apache.hadoop.ozone.container.common.volume.HddsVolume@771a7d53
2019-09-28 01:15:22,151 [main] INFO  impl.RaftServerProxy (ConfUtils.java:logGet(43)) - raft.rpc.type = GRPC (default)
2019-09-28 01:15:22,152 [main] INFO  grpc.GrpcFactory (GrpcFactory.java:checkPooledByteBufAllocatorUseCacheForAllThreads(45)) - PERFORMANCE WARNING: useCacheForAllThreads is true that may cause Netty to create a lot garbage objects and, as a result, trigger GC.
	It is recommended to disable useCacheForAllThreads by setting -Dorg.apache.ratis.thirdparty.io.netty.allocator.useCacheForAllThreads=false in command line.
2019-09-28 01:15:22,152 [main] INFO  grpc.GrpcConfigKeys$Server (ConfUtils.java:logGet(43)) - raft.grpc.server.port = 0 (default)
2019-09-28 01:15:22,152 [main] INFO  server.GrpcService (ConfUtils.java:logGet(43)) - raft.grpc.message.size.max = 33570816 (custom)
2019-09-28 01:15:22,152 [main] INFO  server.RaftServerConfigKeys (ConfUtils.java:logGet(43)) - raft.server.log.appender.buffer.byte-limit = 33554432 (custom)
2019-09-28 01:15:22,152 [main] INFO  server.GrpcService (ConfUtils.java:logGet(43)) - raft.grpc.flow.control.window = 1MB (=1048576) (default)
2019-09-28 01:15:22,153 [main] INFO  server.RaftServerConfigKeys (ConfUtils.java:logGet(43)) - raft.server.rpc.request.timeout = 3000ms (default)
2019-09-28 01:15:22,153 [main] INFO  server.RaftServerConfigKeys (ConfUtils.java:logGet(43)) - raft.server.storage.dir = [/workdir/hadoop-ozone/integration-test/target/test-dir/MiniOzoneClusterImpl-d0fea965-b787-49be-9c96-deb71f4b2c88/datanode-6/data/ratis] (custom)
2019-09-28 01:15:22,154 [main] INFO  hdfs.DFSUtil (DFSUtil.java:httpServerTemplateForNNAndJN(1641)) - Starting Web-server for hddsDatanode at: http://0.0.0.0:0
2019-09-28 01:15:22,158 [main] INFO  server.AuthenticationFilter (AuthenticationFilter.java:constructSecretProvider(240)) - Unable to initialize FileSignerSecretProvider, falling back to use random secrets.
2019-09-28 01:15:22,159 [main] WARN  http.HttpRequestLog (HttpRequestLog.java:getRequestLog(97)) - Jetty request log can only be enabled using Log4j
2019-09-28 01:15:22,160 [main] INFO  http.HttpServer2 (HttpServer2.java:addGlobalFilter(975)) - Added global filter 'safety' (class=org.apache.hadoop.http.HttpServer2$QuotingInputFilter)
2019-09-28 01:15:22,160 [main] INFO  http.HttpServer2 (HttpServer2.java:addFilter(948)) - Added filter static_user_filter (class=org.apache.hadoop.http.lib.StaticUserWebFilter$StaticUserFilter) to context hddsDatanode
2019-09-28 01:15:22,160 [main] INFO  http.HttpServer2 (HttpServer2.java:addFilter(958)) - Added filter static_user_filter (class=org.apache.hadoop.http.lib.StaticUserWebFilter$StaticUserFilter) to context static
2019-09-28 01:15:22,161 [main] INFO  http.HttpServer2 (HttpServer2.java:addFilter(958)) - Added filter static_user_filter (class=org.apache.hadoop.http.lib.StaticUserWebFilter$StaticUserFilter) to context logs
2019-09-28 01:15:22,161 [main] INFO  http.HttpServer2 (HttpServer2.java:bindListener(1191)) - Jetty bound to port 45949
2019-09-28 01:15:22,161 [main] INFO  server.Server (Server.java:doStart(351)) - jetty-9.3.25.v20180904, build timestamp: 2018-09-04T21:11:46Z, git hash: 3ce520221d0240229c862b122d2b06c12a625732
2019-09-28 01:15:22,163 [main] INFO  handler.ContextHandler (ContextHandler.java:doStart(781)) - Started o.e.j.s.ServletContextHandler@1c067c0d{/logs,file:///workdir/hadoop-ozone/integration-test/target/log,AVAILABLE}
2019-09-28 01:15:22,163 [main] INFO  handler.ContextHandler (ContextHandler.java:doStart(781)) - Started o.e.j.s.ServletContextHandler@7f7b6639{/static,jar:file:/home/user/.m2/repository/org/apache/hadoop/hadoop-hdds-container-service/0.5.0-SNAPSHOT/hadoop-hdds-container-service-0.5.0-SNAPSHOT.jar!/webapps/static,AVAILABLE}
2019-09-28 01:15:22,191 [main] INFO  handler.ContextHandler (ContextHandler.java:doStart(781)) - Started o.e.j.w.WebAppContext@50a13c2f{/,file:///tmp/jetty-0.0.0.0-45949-hddsDatanode-_-any-3252076756379649658.dir/webapp/,AVAILABLE}{/hddsDatanode}
2019-09-28 01:15:22,191 [main] INFO  server.AbstractConnector (AbstractConnector.java:doStart(278)) - Started ServerConnector@610d28b8{HTTP/1.1,[http/1.1]}{0.0.0.0:45949}
2019-09-28 01:15:22,195 [main] INFO  server.Server (Server.java:doStart(419)) - Started @150379ms
2019-09-28 01:15:22,195 [main] WARN  impl.MetricsSystemImpl (MetricsSystemImpl.java:register(276)) - Sink prometheus already exists!
2019-09-28 01:15:22,196 [main] INFO  server.BaseHttpServer (BaseHttpServer.java:updateConnectorAddress(215)) - HTTP server of HDDSDATANODE is listening at http://0.0.0.0:45949
2019-09-28 01:15:22,196 [main] INFO  impl.MetricsSystemImpl (MetricsSystemImpl.java:init(158)) - HddsDatanode metrics system started (again)
2019-09-28 01:15:22,200 [org.apache.hadoop.util.JvmPauseMonitor$Monitor@4eedb587] INFO  util.JvmPauseMonitor (JvmPauseMonitor.java:run(188)) - Starting JVM pause monitor
2019-09-28 01:15:22,200 [main] INFO  ozone.HddsDatanodeService (HddsDatanodeService.java:start(184)) - HddsDatanodeService host:pr-hdds-2162-8g7kw-3348123894 ip:192.168.151.82
2019-09-28 01:15:22,203 [Datanode State Machine Thread - 0] INFO  datanode.InitDatanodeState (InitDatanodeState.java:persistContainerDatanodeDetails(140)) - DatanodeDetails is persisted to /workdir/hadoop-ozone/integration-test/target/test-dir/MiniOzoneClusterImpl-d0fea965-b787-49be-9c96-deb71f4b2c88/datanode-6/meta/datanode.id
2019-09-28 01:15:22,206 [main] INFO  volume.HddsVolume (HddsVolume.java:<init>(176)) - Creating Volume: /workdir/hadoop-ozone/integration-test/target/test-dir/MiniOzoneClusterImpl-d0fea965-b787-49be-9c96-deb71f4b2c88/datanode-7/data/containers/hdds of  storage type : DISK and capacity : 1482555576320
2019-09-28 01:15:22,206 [main] INFO  volume.VolumeSet (VolumeSet.java:initializeVolumeSet(170)) - Added Volume : /workdir/hadoop-ozone/integration-test/target/test-dir/MiniOzoneClusterImpl-d0fea965-b787-49be-9c96-deb71f4b2c88/datanode-7/data/containers/hdds to VolumeSet
2019-09-28 01:15:22,206 [main] INFO  volume.ThrottledAsyncChecker (ThrottledAsyncChecker.java:schedule(139)) - Scheduling a check for org.apache.hadoop.ozone.container.common.volume.HddsVolume@12c0c0b3
2019-09-28 01:15:22,206 [main] INFO  volume.HddsVolumeChecker (HddsVolumeChecker.java:checkAllVolumes(202)) - Scheduled health check for volume org.apache.hadoop.ozone.container.common.volume.HddsVolume@12c0c0b3
2019-09-28 01:15:22,219 [main] INFO  impl.RaftServerProxy (ConfUtils.java:logGet(43)) - raft.rpc.type = GRPC (default)
2019-09-28 01:15:22,219 [main] INFO  grpc.GrpcFactory (GrpcFactory.java:checkPooledByteBufAllocatorUseCacheForAllThreads(45)) - PERFORMANCE WARNING: useCacheForAllThreads is true that may cause Netty to create a lot garbage objects and, as a result, trigger GC.
	It is recommended to disable useCacheForAllThreads by setting -Dorg.apache.ratis.thirdparty.io.netty.allocator.useCacheForAllThreads=false in command line.
2019-09-28 01:15:22,219 [main] INFO  grpc.GrpcConfigKeys$Server (ConfUtils.java:logGet(43)) - raft.grpc.server.port = 0 (default)
2019-09-28 01:15:22,219 [main] INFO  server.GrpcService (ConfUtils.java:logGet(43)) - raft.grpc.message.size.max = 33570816 (custom)
2019-09-28 01:15:22,219 [main] INFO  server.RaftServerConfigKeys (ConfUtils.java:logGet(43)) - raft.server.log.appender.buffer.byte-limit = 33554432 (custom)
2019-09-28 01:15:22,220 [main] INFO  server.GrpcService (ConfUtils.java:logGet(43)) - raft.grpc.flow.control.window = 1MB (=1048576) (default)
2019-09-28 01:15:22,220 [main] INFO  server.RaftServerConfigKeys (ConfUtils.java:logGet(43)) - raft.server.rpc.request.timeout = 3000ms (default)
2019-09-28 01:15:22,220 [main] INFO  server.RaftServerConfigKeys (ConfUtils.java:logGet(43)) - raft.server.storage.dir = [/workdir/hadoop-ozone/integration-test/target/test-dir/MiniOzoneClusterImpl-d0fea965-b787-49be-9c96-deb71f4b2c88/datanode-7/data/ratis] (custom)
2019-09-28 01:15:22,222 [main] INFO  hdfs.DFSUtil (DFSUtil.java:httpServerTemplateForNNAndJN(1641)) - Starting Web-server for hddsDatanode at: http://0.0.0.0:0
2019-09-28 01:15:22,223 [main] INFO  server.AuthenticationFilter (AuthenticationFilter.java:constructSecretProvider(240)) - Unable to initialize FileSignerSecretProvider, falling back to use random secrets.
2019-09-28 01:15:22,224 [main] WARN  http.HttpRequestLog (HttpRequestLog.java:getRequestLog(97)) - Jetty request log can only be enabled using Log4j
2019-09-28 01:15:22,225 [main] INFO  http.HttpServer2 (HttpServer2.java:addGlobalFilter(975)) - Added global filter 'safety' (class=org.apache.hadoop.http.HttpServer2$QuotingInputFilter)
2019-09-28 01:15:22,226 [main] INFO  http.HttpServer2 (HttpServer2.java:addFilter(948)) - Added filter static_user_filter (class=org.apache.hadoop.http.lib.StaticUserWebFilter$StaticUserFilter) to context hddsDatanode
2019-09-28 01:15:22,226 [main] INFO  http.HttpServer2 (HttpServer2.java:addFilter(958)) - Added filter static_user_filter (class=org.apache.hadoop.http.lib.StaticUserWebFilter$StaticUserFilter) to context static
2019-09-28 01:15:22,226 [main] INFO  http.HttpServer2 (HttpServer2.java:addFilter(958)) - Added filter static_user_filter (class=org.apache.hadoop.http.lib.StaticUserWebFilter$StaticUserFilter) to context logs
2019-09-28 01:15:22,227 [main] INFO  http.HttpServer2 (HttpServer2.java:bindListener(1191)) - Jetty bound to port 34905
2019-09-28 01:15:22,228 [main] INFO  server.Server (Server.java:doStart(351)) - jetty-9.3.25.v20180904, build timestamp: 2018-09-04T21:11:46Z, git hash: 3ce520221d0240229c862b122d2b06c12a625732
2019-09-28 01:15:22,230 [main] INFO  handler.ContextHandler (ContextHandler.java:doStart(781)) - Started o.e.j.s.ServletContextHandler@1a07bf6{/logs,file:///workdir/hadoop-ozone/integration-test/target/log,AVAILABLE}
2019-09-28 01:15:22,231 [main] INFO  handler.ContextHandler (ContextHandler.java:doStart(781)) - Started o.e.j.s.ServletContextHandler@713ec32d{/static,jar:file:/home/user/.m2/repository/org/apache/hadoop/hadoop-hdds-container-service/0.5.0-SNAPSHOT/hadoop-hdds-container-service-0.5.0-SNAPSHOT.jar!/webapps/static,AVAILABLE}
2019-09-28 01:15:22,276 [main] INFO  handler.ContextHandler (ContextHandler.java:doStart(781)) - Started o.e.j.w.WebAppContext@1da4b3f9{/,file:///tmp/jetty-0.0.0.0-34905-hddsDatanode-_-any-6903415940957080285.dir/webapp/,AVAILABLE}{/hddsDatanode}
2019-09-28 01:15:22,277 [main] INFO  server.AbstractConnector (AbstractConnector.java:doStart(278)) - Started ServerConnector@23cbbd07{HTTP/1.1,[http/1.1]}{0.0.0.0:34905}
2019-09-28 01:15:22,278 [main] INFO  server.Server (Server.java:doStart(419)) - Started @150462ms
2019-09-28 01:15:22,278 [main] WARN  impl.MetricsSystemImpl (MetricsSystemImpl.java:register(276)) - Sink prometheus already exists!
2019-09-28 01:15:22,279 [main] INFO  server.BaseHttpServer (BaseHttpServer.java:updateConnectorAddress(215)) - HTTP server of HDDSDATANODE is listening at http://0.0.0.0:34905
2019-09-28 01:15:22,280 [main] INFO  impl.MetricsSystemImpl (MetricsSystemImpl.java:init(158)) - HddsDatanode metrics system started (again)
2019-09-28 01:15:22,284 [org.apache.hadoop.util.JvmPauseMonitor$Monitor@6e05ad71] INFO  util.JvmPauseMonitor (JvmPauseMonitor.java:run(188)) - Starting JVM pause monitor
2019-09-28 01:15:22,285 [main] INFO  ozone.HddsDatanodeService (HddsDatanodeService.java:start(184)) - HddsDatanodeService host:pr-hdds-2162-8g7kw-3348123894 ip:192.168.151.82
2019-09-28 01:15:22,286 [Datanode State Machine Thread - 0] INFO  datanode.InitDatanodeState (InitDatanodeState.java:persistContainerDatanodeDetails(140)) - DatanodeDetails is persisted to /workdir/hadoop-ozone/integration-test/target/test-dir/MiniOzoneClusterImpl-d0fea965-b787-49be-9c96-deb71f4b2c88/datanode-7/meta/datanode.id
2019-09-28 01:15:22,292 [main] INFO  volume.HddsVolume (HddsVolume.java:<init>(176)) - Creating Volume: /workdir/hadoop-ozone/integration-test/target/test-dir/MiniOzoneClusterImpl-d0fea965-b787-49be-9c96-deb71f4b2c88/datanode-8/data/containers/hdds of  storage type : DISK and capacity : 1482555576320
2019-09-28 01:15:22,292 [main] INFO  volume.VolumeSet (VolumeSet.java:initializeVolumeSet(170)) - Added Volume : /workdir/hadoop-ozone/integration-test/target/test-dir/MiniOzoneClusterImpl-d0fea965-b787-49be-9c96-deb71f4b2c88/datanode-8/data/containers/hdds to VolumeSet
2019-09-28 01:15:22,292 [main] INFO  volume.ThrottledAsyncChecker (ThrottledAsyncChecker.java:schedule(139)) - Scheduling a check for org.apache.hadoop.ozone.container.common.volume.HddsVolume@76e3b45b
2019-09-28 01:15:22,293 [main] INFO  volume.HddsVolumeChecker (HddsVolumeChecker.java:checkAllVolumes(202)) - Scheduled health check for volume org.apache.hadoop.ozone.container.common.volume.HddsVolume@76e3b45b
2019-09-28 01:15:22,309 [main] INFO  impl.RaftServerProxy (ConfUtils.java:logGet(43)) - raft.rpc.type = GRPC (default)
2019-09-28 01:15:22,309 [main] INFO  grpc.GrpcFactory (GrpcFactory.java:checkPooledByteBufAllocatorUseCacheForAllThreads(45)) - PERFORMANCE WARNING: useCacheForAllThreads is true that may cause Netty to create a lot garbage objects and, as a result, trigger GC.
	It is recommended to disable useCacheForAllThreads by setting -Dorg.apache.ratis.thirdparty.io.netty.allocator.useCacheForAllThreads=false in command line.
2019-09-28 01:15:22,309 [main] INFO  grpc.GrpcConfigKeys$Server (ConfUtils.java:logGet(43)) - raft.grpc.server.port = 0 (default)
2019-09-28 01:15:22,309 [main] INFO  server.GrpcService (ConfUtils.java:logGet(43)) - raft.grpc.message.size.max = 33570816 (custom)
2019-09-28 01:15:22,309 [main] INFO  server.RaftServerConfigKeys (ConfUtils.java:logGet(43)) - raft.server.log.appender.buffer.byte-limit = 33554432 (custom)
2019-09-28 01:15:22,310 [main] INFO  server.GrpcService (ConfUtils.java:logGet(43)) - raft.grpc.flow.control.window = 1MB (=1048576) (default)
2019-09-28 01:15:22,310 [main] INFO  server.RaftServerConfigKeys (ConfUtils.java:logGet(43)) - raft.server.rpc.request.timeout = 3000ms (default)
2019-09-28 01:15:22,310 [main] INFO  server.RaftServerConfigKeys (ConfUtils.java:logGet(43)) - raft.server.storage.dir = [/workdir/hadoop-ozone/integration-test/target/test-dir/MiniOzoneClusterImpl-d0fea965-b787-49be-9c96-deb71f4b2c88/datanode-8/data/ratis] (custom)
2019-09-28 01:15:22,312 [main] INFO  hdfs.DFSUtil (DFSUtil.java:httpServerTemplateForNNAndJN(1641)) - Starting Web-server for hddsDatanode at: http://0.0.0.0:0
2019-09-28 01:15:22,313 [main] INFO  server.AuthenticationFilter (AuthenticationFilter.java:constructSecretProvider(240)) - Unable to initialize FileSignerSecretProvider, falling back to use random secrets.
2019-09-28 01:15:22,313 [main] WARN  http.HttpRequestLog (HttpRequestLog.java:getRequestLog(97)) - Jetty request log can only be enabled using Log4j
2019-09-28 01:15:22,315 [main] INFO  http.HttpServer2 (HttpServer2.java:addGlobalFilter(975)) - Added global filter 'safety' (class=org.apache.hadoop.http.HttpServer2$QuotingInputFilter)
2019-09-28 01:15:22,315 [main] INFO  http.HttpServer2 (HttpServer2.java:addFilter(948)) - Added filter static_user_filter (class=org.apache.hadoop.http.lib.StaticUserWebFilter$StaticUserFilter) to context hddsDatanode
2019-09-28 01:15:22,315 [main] INFO  http.HttpServer2 (HttpServer2.java:addFilter(958)) - Added filter static_user_filter (class=org.apache.hadoop.http.lib.StaticUserWebFilter$StaticUserFilter) to context static
2019-09-28 01:15:22,315 [main] INFO  http.HttpServer2 (HttpServer2.java:addFilter(958)) - Added filter static_user_filter (class=org.apache.hadoop.http.lib.StaticUserWebFilter$StaticUserFilter) to context logs
2019-09-28 01:15:22,316 [main] INFO  http.HttpServer2 (HttpServer2.java:bindListener(1191)) - Jetty bound to port 33546
2019-09-28 01:15:22,316 [main] INFO  server.Server (Server.java:doStart(351)) - jetty-9.3.25.v20180904, build timestamp: 2018-09-04T21:11:46Z, git hash: 3ce520221d0240229c862b122d2b06c12a625732
2019-09-28 01:15:22,318 [main] INFO  handler.ContextHandler (ContextHandler.java:doStart(781)) - Started o.e.j.s.ServletContextHandler@388d14e{/logs,file:///workdir/hadoop-ozone/integration-test/target/log,AVAILABLE}
2019-09-28 01:15:22,318 [main] INFO  handler.ContextHandler (ContextHandler.java:doStart(781)) - Started o.e.j.s.ServletContextHandler@59939293{/static,jar:file:/home/user/.m2/repository/org/apache/hadoop/hadoop-hdds-container-service/0.5.0-SNAPSHOT/hadoop-hdds-container-service-0.5.0-SNAPSHOT.jar!/webapps/static,AVAILABLE}
2019-09-28 01:15:22,346 [main] INFO  handler.ContextHandler (ContextHandler.java:doStart(781)) - Started o.e.j.w.WebAppContext@69909c14{/,file:///tmp/jetty-0.0.0.0-33546-hddsDatanode-_-any-2932172740671438079.dir/webapp/,AVAILABLE}{/hddsDatanode}
2019-09-28 01:15:22,347 [main] INFO  server.AbstractConnector (AbstractConnector.java:doStart(278)) - Started ServerConnector@5d3b58ca{HTTP/1.1,[http/1.1]}{0.0.0.0:33546}
2019-09-28 01:15:22,348 [main] INFO  server.Server (Server.java:doStart(419)) - Started @150532ms
2019-09-28 01:15:22,348 [main] WARN  impl.MetricsSystemImpl (MetricsSystemImpl.java:register(276)) - Sink prometheus already exists!
2019-09-28 01:15:22,349 [main] INFO  server.BaseHttpServer (BaseHttpServer.java:updateConnectorAddress(215)) - HTTP server of HDDSDATANODE is listening at http://0.0.0.0:33546
2019-09-28 01:15:22,349 [main] INFO  impl.MetricsSystemImpl (MetricsSystemImpl.java:init(158)) - HddsDatanode metrics system started (again)
2019-09-28 01:15:22,353 [org.apache.hadoop.util.JvmPauseMonitor$Monitor@6f5ef8b6] INFO  util.JvmPauseMonitor (JvmPauseMonitor.java:run(188)) - Starting JVM pause monitor
2019-09-28 01:15:22,353 [main] INFO  ozone.HddsDatanodeService (HddsDatanodeService.java:start(184)) - HddsDatanodeService host:pr-hdds-2162-8g7kw-3348123894 ip:192.168.151.82
2019-09-28 01:15:22,355 [Datanode State Machine Thread - 0] INFO  datanode.InitDatanodeState (InitDatanodeState.java:persistContainerDatanodeDetails(140)) - DatanodeDetails is persisted to /workdir/hadoop-ozone/integration-test/target/test-dir/MiniOzoneClusterImpl-d0fea965-b787-49be-9c96-deb71f4b2c88/datanode-8/meta/datanode.id
2019-09-28 01:15:22,365 [main] INFO  volume.HddsVolume (HddsVolume.java:<init>(176)) - Creating Volume: /workdir/hadoop-ozone/integration-test/target/test-dir/MiniOzoneClusterImpl-d0fea965-b787-49be-9c96-deb71f4b2c88/datanode-9/data/containers/hdds of  storage type : DISK and capacity : 1482555576320
2019-09-28 01:15:22,366 [main] INFO  volume.VolumeSet (VolumeSet.java:initializeVolumeSet(170)) - Added Volume : /workdir/hadoop-ozone/integration-test/target/test-dir/MiniOzoneClusterImpl-d0fea965-b787-49be-9c96-deb71f4b2c88/datanode-9/data/containers/hdds to VolumeSet
2019-09-28 01:15:22,366 [main] INFO  volume.ThrottledAsyncChecker (ThrottledAsyncChecker.java:schedule(139)) - Scheduling a check for org.apache.hadoop.ozone.container.common.volume.HddsVolume@22ad1bae
2019-09-28 01:15:22,366 [main] INFO  volume.HddsVolumeChecker (HddsVolumeChecker.java:checkAllVolumes(202)) - Scheduled health check for volume org.apache.hadoop.ozone.container.common.volume.HddsVolume@22ad1bae
2019-09-28 01:15:22,381 [main] INFO  impl.RaftServerProxy (ConfUtils.java:logGet(43)) - raft.rpc.type = GRPC (default)
2019-09-28 01:15:22,381 [main] INFO  grpc.GrpcFactory (GrpcFactory.java:checkPooledByteBufAllocatorUseCacheForAllThreads(45)) - PERFORMANCE WARNING: useCacheForAllThreads is true that may cause Netty to create a lot garbage objects and, as a result, trigger GC.
	It is recommended to disable useCacheForAllThreads by setting -Dorg.apache.ratis.thirdparty.io.netty.allocator.useCacheForAllThreads=false in command line.
2019-09-28 01:15:22,381 [main] INFO  grpc.GrpcConfigKeys$Server (ConfUtils.java:logGet(43)) - raft.grpc.server.port = 0 (default)
2019-09-28 01:15:22,381 [main] INFO  server.GrpcService (ConfUtils.java:logGet(43)) - raft.grpc.message.size.max = 33570816 (custom)
2019-09-28 01:15:22,382 [main] INFO  server.RaftServerConfigKeys (ConfUtils.java:logGet(43)) - raft.server.log.appender.buffer.byte-limit = 33554432 (custom)
2019-09-28 01:15:22,382 [main] INFO  server.GrpcService (ConfUtils.java:logGet(43)) - raft.grpc.flow.control.window = 1MB (=1048576) (default)
2019-09-28 01:15:22,382 [main] INFO  server.RaftServerConfigKeys (ConfUtils.java:logGet(43)) - raft.server.rpc.request.timeout = 3000ms (default)
2019-09-28 01:15:22,383 [main] INFO  server.RaftServerConfigKeys (ConfUtils.java:logGet(43)) - raft.server.storage.dir = [/workdir/hadoop-ozone/integration-test/target/test-dir/MiniOzoneClusterImpl-d0fea965-b787-49be-9c96-deb71f4b2c88/datanode-9/data/ratis] (custom)
2019-09-28 01:15:22,384 [main] INFO  hdfs.DFSUtil (DFSUtil.java:httpServerTemplateForNNAndJN(1641)) - Starting Web-server for hddsDatanode at: http://0.0.0.0:0
2019-09-28 01:15:22,385 [main] INFO  server.AuthenticationFilter (AuthenticationFilter.java:constructSecretProvider(240)) - Unable to initialize FileSignerSecretProvider, falling back to use random secrets.
2019-09-28 01:15:22,385 [main] WARN  http.HttpRequestLog (HttpRequestLog.java:getRequestLog(97)) - Jetty request log can only be enabled using Log4j
2019-09-28 01:15:22,387 [main] INFO  http.HttpServer2 (HttpServer2.java:addGlobalFilter(975)) - Added global filter 'safety' (class=org.apache.hadoop.http.HttpServer2$QuotingInputFilter)
2019-09-28 01:15:22,387 [main] INFO  http.HttpServer2 (HttpServer2.java:addFilter(948)) - Added filter static_user_filter (class=org.apache.hadoop.http.lib.StaticUserWebFilter$StaticUserFilter) to context hddsDatanode
2019-09-28 01:15:22,387 [main] INFO  http.HttpServer2 (HttpServer2.java:addFilter(958)) - Added filter static_user_filter (class=org.apache.hadoop.http.lib.StaticUserWebFilter$StaticUserFilter) to context logs
2019-09-28 01:15:22,387 [main] INFO  http.HttpServer2 (HttpServer2.java:addFilter(958)) - Added filter static_user_filter (class=org.apache.hadoop.http.lib.StaticUserWebFilter$StaticUserFilter) to context static
2019-09-28 01:15:22,388 [main] INFO  http.HttpServer2 (HttpServer2.java:bindListener(1191)) - Jetty bound to port 35483
2019-09-28 01:15:22,388 [main] INFO  server.Server (Server.java:doStart(351)) - jetty-9.3.25.v20180904, build timestamp: 2018-09-04T21:11:46Z, git hash: 3ce520221d0240229c862b122d2b06c12a625732
2019-09-28 01:15:22,390 [main] INFO  handler.ContextHandler (ContextHandler.java:doStart(781)) - Started o.e.j.s.ServletContextHandler@1b01a0d{/logs,file:///workdir/hadoop-ozone/integration-test/target/log,AVAILABLE}
2019-09-28 01:15:22,391 [main] INFO  handler.ContextHandler (ContextHandler.java:doStart(781)) - Started o.e.j.s.ServletContextHandler@5261ec9{/static,jar:file:/home/user/.m2/repository/org/apache/hadoop/hadoop-hdds-container-service/0.5.0-SNAPSHOT/hadoop-hdds-container-service-0.5.0-SNAPSHOT.jar!/webapps/static,AVAILABLE}
2019-09-28 01:15:22,417 [main] INFO  handler.ContextHandler (ContextHandler.java:doStart(781)) - Started o.e.j.w.WebAppContext@2b148329{/,file:///tmp/jetty-0.0.0.0-35483-hddsDatanode-_-any-8332735309976799294.dir/webapp/,AVAILABLE}{/hddsDatanode}
2019-09-28 01:15:22,418 [main] INFO  server.AbstractConnector (AbstractConnector.java:doStart(278)) - Started ServerConnector@62c72501{HTTP/1.1,[http/1.1]}{0.0.0.0:35483}
2019-09-28 01:15:22,420 [main] INFO  server.Server (Server.java:doStart(419)) - Started @150604ms
2019-09-28 01:15:22,421 [main] WARN  impl.MetricsSystemImpl (MetricsSystemImpl.java:register(276)) - Sink prometheus already exists!
2019-09-28 01:15:22,421 [main] INFO  server.BaseHttpServer (BaseHttpServer.java:updateConnectorAddress(215)) - HTTP server of HDDSDATANODE is listening at http://0.0.0.0:35483
2019-09-28 01:15:22,422 [main] INFO  ozone.MiniOzoneClusterImpl (MiniOzoneClusterImpl.java:lambda$waitForClusterToBeReady$0(147)) - Waiting for cluster to be ready. Got 0 of 10 DN Heartbeats.
2019-09-28 01:15:22,423 [org.apache.hadoop.util.JvmPauseMonitor$Monitor@6864e593] INFO  util.JvmPauseMonitor (JvmPauseMonitor.java:run(188)) - Starting JVM pause monitor
2019-09-28 01:15:22,424 [Datanode State Machine Thread - 0] INFO  datanode.InitDatanodeState (InitDatanodeState.java:persistContainerDatanodeDetails(140)) - DatanodeDetails is persisted to /workdir/hadoop-ozone/integration-test/target/test-dir/MiniOzoneClusterImpl-d0fea965-b787-49be-9c96-deb71f4b2c88/datanode-9/meta/datanode.id
2019-09-28 01:15:23,422 [main] INFO  ozone.MiniOzoneClusterImpl (MiniOzoneClusterImpl.java:lambda$waitForClusterToBeReady$0(147)) - Waiting for cluster to be ready. Got 0 of 10 DN Heartbeats.
2019-09-28 01:15:23,820 [Datanode State Machine Thread - 0] INFO  ozoneimpl.OzoneContainer (OzoneContainer.java:start(217)) - Attempting to start container services.
2019-09-28 01:15:23,821 [Datanode State Machine Thread - 0] INFO  ozoneimpl.OzoneContainer (OzoneContainer.java:startContainerScrub(179)) - Background container scanner has been disabled.
2019-09-28 01:15:23,821 [Datanode State Machine Thread - 0] INFO  ratis.XceiverServerRatis (XceiverServerRatis.java:start(411)) - Starting XceiverServerRatis d239b4fc-5ffb-4450-8968-7f1e37e2dc0b at port 0
2019-09-28 01:15:23,830 [Datanode State Machine Thread - 0] INFO  impl.RaftServerProxy (RaftServerProxy.java:lambda$start$3(299)) - d239b4fc-5ffb-4450-8968-7f1e37e2dc0b: start RPC server
2019-09-28 01:15:23,834 [Datanode State Machine Thread - 0] INFO  server.GrpcService (GrpcService.java:startImpl(158)) - d239b4fc-5ffb-4450-8968-7f1e37e2dc0b: GrpcService started, listening on 0.0.0.0/0.0.0.0:43077
2019-09-28 01:15:23,834 [Datanode State Machine Thread - 0] INFO  ratis.XceiverServerRatis (XceiverServerRatis.java:start(421)) - XceiverServerRatis d239b4fc-5ffb-4450-8968-7f1e37e2dc0b is started using port 43077
2019-09-28 01:15:23,835 [Datanode State Machine Thread - 0] INFO  server.XceiverServerGrpc (XceiverServerGrpc.java:start(149)) - XceiverServerGrpc d239b4fc-5ffb-4450-8968-7f1e37e2dc0b is started using port 43440
2019-09-28 01:15:23,885 [Datanode State Machine Thread - 0] INFO  ozoneimpl.OzoneContainer (OzoneContainer.java:start(217)) - Attempting to start container services.
2019-09-28 01:15:23,885 [Datanode State Machine Thread - 0] INFO  ozoneimpl.OzoneContainer (OzoneContainer.java:startContainerScrub(179)) - Background container scanner has been disabled.
2019-09-28 01:15:23,885 [Datanode State Machine Thread - 0] INFO  ratis.XceiverServerRatis (XceiverServerRatis.java:start(411)) - Starting XceiverServerRatis 88097dad-bc5b-411c-9cd7-f6ac7aee11e0 at port 0
2019-09-28 01:15:23,893 [Datanode State Machine Thread - 0] INFO  impl.RaftServerProxy (RaftServerProxy.java:lambda$start$3(299)) - 88097dad-bc5b-411c-9cd7-f6ac7aee11e0: start RPC server
2019-09-28 01:15:23,894 [Datanode State Machine Thread - 0] INFO  server.GrpcService (GrpcService.java:startImpl(158)) - 88097dad-bc5b-411c-9cd7-f6ac7aee11e0: GrpcService started, listening on 0.0.0.0/0.0.0.0:44181
2019-09-28 01:15:23,895 [Datanode State Machine Thread - 0] INFO  ratis.XceiverServerRatis (XceiverServerRatis.java:start(421)) - XceiverServerRatis 88097dad-bc5b-411c-9cd7-f6ac7aee11e0 is started using port 44181
2019-09-28 01:15:23,895 [Datanode State Machine Thread - 0] INFO  server.XceiverServerGrpc (XceiverServerGrpc.java:start(149)) - XceiverServerGrpc 88097dad-bc5b-411c-9cd7-f6ac7aee11e0 is started using port 43539
2019-09-28 01:15:23,939 [Datanode State Machine Thread - 0] INFO  ozoneimpl.OzoneContainer (OzoneContainer.java:start(217)) - Attempting to start container services.
2019-09-28 01:15:23,939 [Datanode State Machine Thread - 0] INFO  ozoneimpl.OzoneContainer (OzoneContainer.java:startContainerScrub(179)) - Background container scanner has been disabled.
2019-09-28 01:15:23,940 [Datanode State Machine Thread - 0] INFO  ratis.XceiverServerRatis (XceiverServerRatis.java:start(411)) - Starting XceiverServerRatis e1c1c139-c9d2-4524-9627-6fde74a335c6 at port 0
2019-09-28 01:15:23,947 [Datanode State Machine Thread - 0] INFO  impl.RaftServerProxy (RaftServerProxy.java:lambda$start$3(299)) - e1c1c139-c9d2-4524-9627-6fde74a335c6: start RPC server
2019-09-28 01:15:23,948 [Datanode State Machine Thread - 0] INFO  server.GrpcService (GrpcService.java:startImpl(158)) - e1c1c139-c9d2-4524-9627-6fde74a335c6: GrpcService started, listening on 0.0.0.0/0.0.0.0:43308
2019-09-28 01:15:23,948 [Datanode State Machine Thread - 0] INFO  ratis.XceiverServerRatis (XceiverServerRatis.java:start(421)) - XceiverServerRatis e1c1c139-c9d2-4524-9627-6fde74a335c6 is started using port 43308
2019-09-28 01:15:23,948 [Datanode State Machine Thread - 0] INFO  server.XceiverServerGrpc (XceiverServerGrpc.java:start(149)) - XceiverServerGrpc e1c1c139-c9d2-4524-9627-6fde74a335c6 is started using port 46426
2019-09-28 01:15:24,019 [Datanode State Machine Thread - 0] INFO  ozoneimpl.OzoneContainer (OzoneContainer.java:start(217)) - Attempting to start container services.
2019-09-28 01:15:24,019 [Datanode State Machine Thread - 0] INFO  ozoneimpl.OzoneContainer (OzoneContainer.java:startContainerScrub(179)) - Background container scanner has been disabled.
2019-09-28 01:15:24,020 [Datanode State Machine Thread - 0] INFO  ratis.XceiverServerRatis (XceiverServerRatis.java:start(411)) - Starting XceiverServerRatis 1d4e2793-91bc-4b97-9fdd-4d71f8f61250 at port 0
2019-09-28 01:15:24,027 [Datanode State Machine Thread - 0] INFO  impl.RaftServerProxy (RaftServerProxy.java:lambda$start$3(299)) - 1d4e2793-91bc-4b97-9fdd-4d71f8f61250: start RPC server
2019-09-28 01:15:24,028 [Datanode State Machine Thread - 0] INFO  server.GrpcService (GrpcService.java:startImpl(158)) - 1d4e2793-91bc-4b97-9fdd-4d71f8f61250: GrpcService started, listening on 0.0.0.0/0.0.0.0:42715
2019-09-28 01:15:24,028 [Datanode State Machine Thread - 0] INFO  ratis.XceiverServerRatis (XceiverServerRatis.java:start(421)) - XceiverServerRatis 1d4e2793-91bc-4b97-9fdd-4d71f8f61250 is started using port 42715
2019-09-28 01:15:24,031 [Datanode State Machine Thread - 0] INFO  server.XceiverServerGrpc (XceiverServerGrpc.java:start(149)) - XceiverServerGrpc 1d4e2793-91bc-4b97-9fdd-4d71f8f61250 is started using port 35727
2019-09-28 01:15:24,090 [Datanode State Machine Thread - 0] INFO  ozoneimpl.OzoneContainer (OzoneContainer.java:start(217)) - Attempting to start container services.
2019-09-28 01:15:24,090 [Datanode State Machine Thread - 0] INFO  ozoneimpl.OzoneContainer (OzoneContainer.java:startContainerScrub(179)) - Background container scanner has been disabled.
2019-09-28 01:15:24,090 [Datanode State Machine Thread - 0] INFO  ratis.XceiverServerRatis (XceiverServerRatis.java:start(411)) - Starting XceiverServerRatis 30802873-5cdc-4a1f-a873-68d0f5360ef3 at port 0
2019-09-28 01:15:24,098 [Datanode State Machine Thread - 0] INFO  impl.RaftServerProxy (RaftServerProxy.java:lambda$start$3(299)) - 30802873-5cdc-4a1f-a873-68d0f5360ef3: start RPC server
2019-09-28 01:15:24,101 [Datanode State Machine Thread - 0] INFO  server.GrpcService (GrpcService.java:startImpl(158)) - 30802873-5cdc-4a1f-a873-68d0f5360ef3: GrpcService started, listening on 0.0.0.0/0.0.0.0:38416
2019-09-28 01:15:24,102 [Datanode State Machine Thread - 0] INFO  ratis.XceiverServerRatis (XceiverServerRatis.java:start(421)) - XceiverServerRatis 30802873-5cdc-4a1f-a873-68d0f5360ef3 is started using port 38416
2019-09-28 01:15:24,102 [Datanode State Machine Thread - 0] INFO  server.XceiverServerGrpc (XceiverServerGrpc.java:start(149)) - XceiverServerGrpc 30802873-5cdc-4a1f-a873-68d0f5360ef3 is started using port 39616
2019-09-28 01:15:24,148 [Datanode State Machine Thread - 0] INFO  ozoneimpl.OzoneContainer (OzoneContainer.java:start(217)) - Attempting to start container services.
2019-09-28 01:15:24,150 [Datanode State Machine Thread - 0] INFO  ozoneimpl.OzoneContainer (OzoneContainer.java:startContainerScrub(179)) - Background container scanner has been disabled.
2019-09-28 01:15:24,150 [Datanode State Machine Thread - 0] INFO  ratis.XceiverServerRatis (XceiverServerRatis.java:start(411)) - Starting XceiverServerRatis e713f41d-3c96-4fbb-9d49-ce14b311e545 at port 0
2019-09-28 01:15:24,158 [Datanode State Machine Thread - 0] INFO  impl.RaftServerProxy (RaftServerProxy.java:lambda$start$3(299)) - e713f41d-3c96-4fbb-9d49-ce14b311e545: start RPC server
2019-09-28 01:15:24,161 [Datanode State Machine Thread - 0] INFO  server.GrpcService (GrpcService.java:startImpl(158)) - e713f41d-3c96-4fbb-9d49-ce14b311e545: GrpcService started, listening on 0.0.0.0/0.0.0.0:35990
2019-09-28 01:15:24,161 [Datanode State Machine Thread - 0] INFO  ratis.XceiverServerRatis (XceiverServerRatis.java:start(421)) - XceiverServerRatis e713f41d-3c96-4fbb-9d49-ce14b311e545 is started using port 35990
2019-09-28 01:15:24,162 [Datanode State Machine Thread - 0] INFO  server.XceiverServerGrpc (XceiverServerGrpc.java:start(149)) - XceiverServerGrpc e713f41d-3c96-4fbb-9d49-ce14b311e545 is started using port 37784
2019-09-28 01:15:24,215 [Datanode State Machine Thread - 0] INFO  ozoneimpl.OzoneContainer (OzoneContainer.java:start(217)) - Attempting to start container services.
2019-09-28 01:15:24,216 [Datanode State Machine Thread - 0] INFO  ozoneimpl.OzoneContainer (OzoneContainer.java:startContainerScrub(179)) - Background container scanner has been disabled.
2019-09-28 01:15:24,216 [Datanode State Machine Thread - 0] INFO  ratis.XceiverServerRatis (XceiverServerRatis.java:start(411)) - Starting XceiverServerRatis f755b87f-3959-4e40-9945-0ecb4afd44e3 at port 0
2019-09-28 01:15:24,224 [Datanode State Machine Thread - 0] INFO  impl.RaftServerProxy (RaftServerProxy.java:lambda$start$3(299)) - f755b87f-3959-4e40-9945-0ecb4afd44e3: start RPC server
2019-09-28 01:15:24,226 [Datanode State Machine Thread - 0] INFO  server.GrpcService (GrpcService.java:startImpl(158)) - f755b87f-3959-4e40-9945-0ecb4afd44e3: GrpcService started, listening on 0.0.0.0/0.0.0.0:46859
2019-09-28 01:15:24,226 [Datanode State Machine Thread - 0] INFO  ratis.XceiverServerRatis (XceiverServerRatis.java:start(421)) - XceiverServerRatis f755b87f-3959-4e40-9945-0ecb4afd44e3 is started using port 46859
2019-09-28 01:15:24,232 [Datanode State Machine Thread - 0] INFO  server.XceiverServerGrpc (XceiverServerGrpc.java:start(149)) - XceiverServerGrpc f755b87f-3959-4e40-9945-0ecb4afd44e3 is started using port 33011
2019-09-28 01:15:24,300 [Datanode State Machine Thread - 0] INFO  ozoneimpl.OzoneContainer (OzoneContainer.java:start(217)) - Attempting to start container services.
2019-09-28 01:15:24,300 [Datanode State Machine Thread - 0] INFO  ozoneimpl.OzoneContainer (OzoneContainer.java:startContainerScrub(179)) - Background container scanner has been disabled.
2019-09-28 01:15:24,300 [Datanode State Machine Thread - 0] INFO  ratis.XceiverServerRatis (XceiverServerRatis.java:start(411)) - Starting XceiverServerRatis bebff722-814a-4b18-9865-974a3449574f at port 0
2019-09-28 01:15:24,307 [Datanode State Machine Thread - 0] INFO  impl.RaftServerProxy (RaftServerProxy.java:lambda$start$3(299)) - bebff722-814a-4b18-9865-974a3449574f: start RPC server
2019-09-28 01:15:24,319 [Datanode State Machine Thread - 0] INFO  server.GrpcService (GrpcService.java:startImpl(158)) - bebff722-814a-4b18-9865-974a3449574f: GrpcService started, listening on 0.0.0.0/0.0.0.0:34194
2019-09-28 01:15:24,319 [Datanode State Machine Thread - 0] INFO  ratis.XceiverServerRatis (XceiverServerRatis.java:start(421)) - XceiverServerRatis bebff722-814a-4b18-9865-974a3449574f is started using port 34194
2019-09-28 01:15:24,320 [Datanode State Machine Thread - 0] INFO  server.XceiverServerGrpc (XceiverServerGrpc.java:start(149)) - XceiverServerGrpc bebff722-814a-4b18-9865-974a3449574f is started using port 34452
2019-09-28 01:15:24,367 [Datanode State Machine Thread - 0] INFO  ozoneimpl.OzoneContainer (OzoneContainer.java:start(217)) - Attempting to start container services.
2019-09-28 01:15:24,367 [Datanode State Machine Thread - 0] INFO  ozoneimpl.OzoneContainer (OzoneContainer.java:startContainerScrub(179)) - Background container scanner has been disabled.
2019-09-28 01:15:24,368 [Datanode State Machine Thread - 0] INFO  ratis.XceiverServerRatis (XceiverServerRatis.java:start(411)) - Starting XceiverServerRatis b34eea16-a41e-4e85-a98c-844cd8e9e4c1 at port 0
2019-09-28 01:15:24,375 [Datanode State Machine Thread - 0] INFO  impl.RaftServerProxy (RaftServerProxy.java:lambda$start$3(299)) - b34eea16-a41e-4e85-a98c-844cd8e9e4c1: start RPC server
2019-09-28 01:15:24,376 [Datanode State Machine Thread - 0] INFO  server.GrpcService (GrpcService.java:startImpl(158)) - b34eea16-a41e-4e85-a98c-844cd8e9e4c1: GrpcService started, listening on 0.0.0.0/0.0.0.0:34853
2019-09-28 01:15:24,377 [Datanode State Machine Thread - 0] INFO  ratis.XceiverServerRatis (XceiverServerRatis.java:start(421)) - XceiverServerRatis b34eea16-a41e-4e85-a98c-844cd8e9e4c1 is started using port 34853
2019-09-28 01:15:24,377 [Datanode State Machine Thread - 0] INFO  server.XceiverServerGrpc (XceiverServerGrpc.java:start(149)) - XceiverServerGrpc b34eea16-a41e-4e85-a98c-844cd8e9e4c1 is started using port 36045
2019-09-28 01:15:24,423 [main] INFO  ozone.MiniOzoneClusterImpl (MiniOzoneClusterImpl.java:lambda$waitForClusterToBeReady$0(147)) - Waiting for cluster to be ready. Got 0 of 10 DN Heartbeats.
2019-09-28 01:15:24,438 [Datanode State Machine Thread - 0] INFO  ozoneimpl.OzoneContainer (OzoneContainer.java:start(217)) - Attempting to start container services.
2019-09-28 01:15:24,439 [Datanode State Machine Thread - 0] INFO  ozoneimpl.OzoneContainer (OzoneContainer.java:startContainerScrub(179)) - Background container scanner has been disabled.
2019-09-28 01:15:24,439 [Datanode State Machine Thread - 0] INFO  ratis.XceiverServerRatis (XceiverServerRatis.java:start(411)) - Starting XceiverServerRatis 269561c1-184f-4010-93c7-8c28cea2e49d at port 0
2019-09-28 01:15:24,447 [Datanode State Machine Thread - 0] INFO  impl.RaftServerProxy (RaftServerProxy.java:lambda$start$3(299)) - 269561c1-184f-4010-93c7-8c28cea2e49d: start RPC server
2019-09-28 01:15:24,450 [Datanode State Machine Thread - 0] INFO  server.GrpcService (GrpcService.java:startImpl(158)) - 269561c1-184f-4010-93c7-8c28cea2e49d: GrpcService started, listening on 0.0.0.0/0.0.0.0:41010
2019-09-28 01:15:24,451 [Datanode State Machine Thread - 0] INFO  ratis.XceiverServerRatis (XceiverServerRatis.java:start(421)) - XceiverServerRatis 269561c1-184f-4010-93c7-8c28cea2e49d is started using port 41010
2019-09-28 01:15:24,465 [Datanode State Machine Thread - 0] INFO  server.XceiverServerGrpc (XceiverServerGrpc.java:start(149)) - XceiverServerGrpc 269561c1-184f-4010-93c7-8c28cea2e49d is started using port 39156
2019-09-28 01:15:25,423 [main] INFO  ozone.MiniOzoneClusterImpl (MiniOzoneClusterImpl.java:lambda$waitForClusterToBeReady$0(147)) - Waiting for cluster to be ready. Got 0 of 10 DN Heartbeats.
2019-09-28 01:15:25,792 [IPC Server handler 6 on 35844] INFO  net.NetworkTopology (NetworkTopologyImpl.java:add(111)) - Added a new node: /rack1/d239b4fc-5ffb-4450-8968-7f1e37e2dc0b
2019-09-28 01:15:25,796 [IPC Server handler 6 on 35844] INFO  node.SCMNodeManager (SCMNodeManager.java:register(266)) - Registered Data node : d239b4fc-5ffb-4450-8968-7f1e37e2dc0b{ip: 192.168.151.82, host: pr-hdds-2162-8g7kw-3348123894, networkLocation: /rack1, certSerialId: null}
2019-09-28 01:15:25,797 [EventQueue-NodeRegistrationContainerReportForDataNodeSafeModeRule] INFO  safemode.SCMSafeModeManager (DataNodeSafeModeRule.java:process(71)) - SCM in safe mode. 1 DataNodes registered, 1 required.
2019-09-28 01:15:25,800 [EventQueue-NodeRegistrationContainerReportForDataNodeSafeModeRule] INFO  safemode.SCMSafeModeManager (SCMSafeModeManager.java:validateSafeModeExitRules(177)) - ScmSafeModeManager, all rules are successfully validated
2019-09-28 01:15:25,800 [EventQueue-NodeRegistrationContainerReportForDataNodeSafeModeRule] INFO  safemode.SCMSafeModeManager (SCMSafeModeManager.java:exitSafeMode(193)) - SCM exiting safe mode.
2019-09-28 01:15:25,818 [grpc-default-executor-0] INFO  impl.RaftServerProxy (RaftServerProxy.java:addNew(89)) - d239b4fc-5ffb-4450-8968-7f1e37e2dc0b: addNew group-D82B7E8661C1:[d239b4fc-5ffb-4450-8968-7f1e37e2dc0b:192.168.151.82:43077] returns group-D82B7E8661C1:java.util.concurrent.CompletableFuture@489f29b7[Not completed]
2019-09-28 01:15:25,820 [pool-147-thread-1] INFO  impl.RaftServerImpl (RaftServerImpl.java:<init>(95)) - d239b4fc-5ffb-4450-8968-7f1e37e2dc0b: new RaftServerImpl for group-D82B7E8661C1:[d239b4fc-5ffb-4450-8968-7f1e37e2dc0b:192.168.151.82:43077] with ContainerStateMachine:uninitialized
2019-09-28 01:15:25,820 [pool-147-thread-1] INFO  server.RaftServerConfigKeys (ConfUtils.java:logGet(43)) - raft.server.rpc.timeout.min = 1s (custom)
2019-09-28 01:15:25,821 [pool-147-thread-1] INFO  server.RaftServerConfigKeys (ConfUtils.java:logGet(43)) - raft.server.rpc.timeout.max = 1200ms (custom)
2019-09-28 01:15:25,821 [pool-147-thread-1] INFO  server.RaftServerConfigKeys (ConfUtils.java:logGet(43)) - raft.server.rpcslowness.timeout = 120s (custom)
2019-09-28 01:15:25,821 [pool-147-thread-1] INFO  server.RaftServerConfigKeys (ConfUtils.java:logGet(43)) - raft.server.sleep.deviation.threshold = 300 (default)
2019-09-28 01:15:25,821 [pool-147-thread-1] INFO  server.RaftServerConfigKeys (ConfUtils.java:logGet(43)) - raft.server.log.appender.install.snapshot.enabled = false (custom)
2019-09-28 01:15:25,821 [pool-147-thread-1] INFO  impl.RaftServerImpl (ServerState.java:<init>(103)) - d239b4fc-5ffb-4450-8968-7f1e37e2dc0b@group-D82B7E8661C1: ConfigurationManager, init=-1: [d239b4fc-5ffb-4450-8968-7f1e37e2dc0b:192.168.151.82:43077], old=null, confs=<EMPTY_MAP>
2019-09-28 01:15:25,822 [pool-147-thread-1] INFO  server.RaftServerConfigKeys (ConfUtils.java:logGet(43)) - raft.server.storage.dir = [/workdir/hadoop-ozone/integration-test/target/test-dir/MiniOzoneClusterImpl-d0fea965-b787-49be-9c96-deb71f4b2c88/datanode-0/data/ratis] (custom)
2019-09-28 01:15:25,822 [pool-147-thread-1] INFO  storage.RaftStorageDirectory (RaftStorageDirectory.java:analyzeStorage(246)) - The storage directory /workdir/hadoop-ozone/integration-test/target/test-dir/MiniOzoneClusterImpl-d0fea965-b787-49be-9c96-deb71f4b2c88/datanode-0/data/ratis/2e4ebf06-6474-4df6-8c6f-d82b7e8661c1 does not exist. Creating ...
2019-09-28 01:15:25,837 [pool-147-thread-1] INFO  storage.RaftStorageDirectory (RaftStorageDirectory.java:tryLock(328)) - Lock on /workdir/hadoop-ozone/integration-test/target/test-dir/MiniOzoneClusterImpl-d0fea965-b787-49be-9c96-deb71f4b2c88/datanode-0/data/ratis/2e4ebf06-6474-4df6-8c6f-d82b7e8661c1/in_use.lock acquired by nodename 30873@pr-hdds-2162-8g7kw-3348123894
2019-09-28 01:15:25,860 [IPC Server handler 7 on 35844] INFO  net.NetworkTopology (NetworkTopologyImpl.java:add(111)) - Added a new node: /rack1/88097dad-bc5b-411c-9cd7-f6ac7aee11e0
2019-09-28 01:15:25,861 [IPC Server handler 7 on 35844] INFO  node.SCMNodeManager (SCMNodeManager.java:register(266)) - Registered Data node : 88097dad-bc5b-411c-9cd7-f6ac7aee11e0{ip: 192.168.151.82, host: pr-hdds-2162-8g7kw-3348123894, networkLocation: /rack1, certSerialId: null}
2019-09-28 01:15:25,862 [pool-147-thread-1] INFO  storage.RaftStorage (RaftStorage.java:format(72)) - Storage directory /workdir/hadoop-ozone/integration-test/target/test-dir/MiniOzoneClusterImpl-d0fea965-b787-49be-9c96-deb71f4b2c88/datanode-0/data/ratis/2e4ebf06-6474-4df6-8c6f-d82b7e8661c1 has been successfully formatted.
2019-09-28 01:15:25,863 [pool-147-thread-1] INFO  ratis.ContainerStateMachine (ContainerStateMachine.java:loadSnapshot(230)) - group-D82B7E8661C1: The snapshot info is null. Setting the last applied indexto:(t:0, i:~)
2019-09-28 01:15:25,863 [pool-147-thread-1] INFO  server.RaftServerConfigKeys (ConfUtils.java:logGet(43)) - raft.server.notification.no-leader.timeout = 120s (custom)
2019-09-28 01:15:25,863 [pool-147-thread-1] INFO  server.RaftServerConfigKeys (ConfUtils.java:logGet(43)) - raft.server.log.use.memory = false (default)
2019-09-28 01:15:25,863 [pool-147-thread-1] INFO  server.RaftServerConfigKeys (ConfUtils.java:logGet(43)) - raft.server.log.purge.gap = 1000000 (custom)
2019-09-28 01:15:25,864 [pool-147-thread-1] INFO  server.RaftServerConfigKeys (ConfUtils.java:logGet(43)) - raft.server.log.appender.buffer.byte-limit = 33554432 (custom)
2019-09-28 01:15:25,864 [pool-147-thread-1] INFO  server.RaftServerConfigKeys (ConfUtils.java:logGet(43)) - raft.server.log.segment.size.max = 1048576 (custom)
2019-09-28 01:15:25,864 [pool-147-thread-1] INFO  server.RaftServerConfigKeys (ConfUtils.java:logGet(43)) - raft.server.log.segment.cache.num.max = 2 (custom)
2019-09-28 01:15:25,864 [pool-147-thread-1] INFO  segmented.SegmentedRaftLogWorker (SegmentedRaftLogWorker.java:<init>(172)) - new d239b4fc-5ffb-4450-8968-7f1e37e2dc0b@group-D82B7E8661C1-SegmentedRaftLogWorker for RaftStorage:Storage Directory /workdir/hadoop-ozone/integration-test/target/test-dir/MiniOzoneClusterImpl-d0fea965-b787-49be-9c96-deb71f4b2c88/datanode-0/data/ratis/2e4ebf06-6474-4df6-8c6f-d82b7e8661c1
2019-09-28 01:15:25,867 [pool-147-thread-1] INFO  server.RaftServerConfigKeys (ConfUtils.java:logGet(43)) - raft.server.log.queue.byte-limit = 2147483647 (custom)
2019-09-28 01:15:25,868 [pool-147-thread-1] INFO  server.RaftServerConfigKeys (ConfUtils.java:logGet(43)) - raft.server.log.queue.element-limit = 1024 (custom)
2019-09-28 01:15:25,868 [pool-147-thread-1] INFO  server.RaftServerConfigKeys (ConfUtils.java:logGet(43)) - raft.server.log.segment.size.max = 1048576 (custom)
2019-09-28 01:15:25,868 [pool-147-thread-1] INFO  server.RaftServerConfigKeys (ConfUtils.java:logGet(43)) - raft.server.log.preallocated.size = 16384 (custom)
2019-09-28 01:15:25,868 [pool-147-thread-1] INFO  server.RaftServerConfigKeys (ConfUtils.java:logGet(43)) - raft.server.log.write.buffer.size = 33554432 (custom)
2019-09-28 01:15:25,868 [pool-147-thread-1] INFO  server.RaftServerConfigKeys (ConfUtils.java:logGet(43)) - raft.server.log.force.sync.num = 128 (default)
2019-09-28 01:15:25,869 [pool-147-thread-1] INFO  server.RaftServerConfigKeys (ConfUtils.java:logGet(43)) - raft.server.log.statemachine.data.sync = true (default)
2019-09-28 01:15:25,869 [pool-147-thread-1] INFO  server.RaftServerConfigKeys (ConfUtils.java:logGet(43)) - raft.server.log.statemachine.data.sync.timeout = 10s (default)
2019-09-28 01:15:25,869 [pool-147-thread-1] INFO  server.RaftServerConfigKeys (ConfUtils.java:logGet(43)) - raft.server.log.statemachine.data.sync.timeout.retry = -1 (default)
2019-09-28 01:15:25,869 [pool-147-thread-1] INFO  server.RaftServerConfigKeys (ConfUtils.java:logGet(43)) - raft.server.log.statemachine.data.caching.enabled = true (custom)
2019-09-28 01:15:25,870 [pool-147-thread-1] INFO  segmented.SegmentedRaftLogWorker (SegmentedRaftLogWorker.java:lambda$new$0(132)) - d239b4fc-5ffb-4450-8968-7f1e37e2dc0b@group-D82B7E8661C1-SegmentedRaftLogWorker: flushIndex: setUnconditionally 0 -> -1
2019-09-28 01:15:25,870 [pool-147-thread-1] INFO  server.RaftServerConfigKeys (ConfUtils.java:logGet(43)) - raft.server.snapshot.auto.trigger.enabled = true (custom)
2019-09-28 01:15:25,870 [pool-147-thread-1] INFO  server.RaftServerConfigKeys (ConfUtils.java:logGet(43)) - raft.server.snapshot.auto.trigger.threshold = 10000 (custom)
2019-09-28 01:15:25,870 [pool-147-thread-1] INFO  server.RaftServerConfigKeys (ConfUtils.java:logGet(43)) - raft.server.snapshot.retention.num.files = 5 (custom)
2019-09-28 01:15:25,871 [pool-147-thread-1] INFO  server.RaftServerConfigKeys (ConfUtils.java:logGet(43)) - raft.server.retrycache.expirytime = 600000ms (custom)
2019-09-28 01:15:25,874 [pool-147-thread-1] INFO  impl.RaftServerImpl (RaftServerImpl.java:start(185)) - d239b4fc-5ffb-4450-8968-7f1e37e2dc0b@group-D82B7E8661C1: start as a follower, conf=-1: [d239b4fc-5ffb-4450-8968-7f1e37e2dc0b:192.168.151.82:43077], old=null
2019-09-28 01:15:25,874 [pool-147-thread-1] INFO  impl.RaftServerImpl (RaftServerImpl.java:setRole(174)) - d239b4fc-5ffb-4450-8968-7f1e37e2dc0b@group-D82B7E8661C1: changes role from      null to FOLLOWER at term 0 for startAsFollower
2019-09-28 01:15:25,874 [pool-147-thread-1] INFO  impl.RoleInfo (RoleInfo.java:updateAndGet(143)) - d239b4fc-5ffb-4450-8968-7f1e37e2dc0b: start FollowerState
2019-09-28 01:15:25,890 [pool-147-thread-1] INFO  util.JmxRegister (JmxRegister.java:tryRegister(44)) - Successfully registered JMX Bean with object name Ratis:service=RaftServer,group=group-D82B7E8661C1,id=d239b4fc-5ffb-4450-8968-7f1e37e2dc0b
2019-09-28 01:15:25,908 [RatisPipelineUtilsThread] INFO  pipeline.PipelineStateManager (PipelineStateManager.java:addPipeline(56)) - Created pipeline Pipeline[ Id: 2e4ebf06-6474-4df6-8c6f-d82b7e8661c1, Nodes: d239b4fc-5ffb-4450-8968-7f1e37e2dc0b{ip: 192.168.151.82, host: pr-hdds-2162-8g7kw-3348123894, networkLocation: /rack1, certSerialId: null}, Type:RATIS, Factor:ONE, State:OPEN]
2019-09-28 01:15:25,919 [grpc-default-executor-0] INFO  impl.RaftServerProxy (RaftServerProxy.java:addNew(89)) - 88097dad-bc5b-411c-9cd7-f6ac7aee11e0: addNew group-F669A802ED25:[88097dad-bc5b-411c-9cd7-f6ac7aee11e0:192.168.151.82:44181] returns group-F669A802ED25:java.util.concurrent.CompletableFuture@195396f4[Not completed]
2019-09-28 01:15:25,920 [pool-157-thread-1] INFO  impl.RaftServerImpl (RaftServerImpl.java:<init>(95)) - 88097dad-bc5b-411c-9cd7-f6ac7aee11e0: new RaftServerImpl for group-F669A802ED25:[88097dad-bc5b-411c-9cd7-f6ac7aee11e0:192.168.151.82:44181] with ContainerStateMachine:uninitialized
2019-09-28 01:15:25,921 [pool-157-thread-1] INFO  server.RaftServerConfigKeys (ConfUtils.java:logGet(43)) - raft.server.rpc.timeout.min = 1s (custom)
2019-09-28 01:15:25,921 [pool-157-thread-1] INFO  server.RaftServerConfigKeys (ConfUtils.java:logGet(43)) - raft.server.rpc.timeout.max = 1200ms (custom)
2019-09-28 01:15:25,921 [pool-157-thread-1] INFO  server.RaftServerConfigKeys (ConfUtils.java:logGet(43)) - raft.server.rpcslowness.timeout = 120s (custom)
2019-09-28 01:15:25,921 [pool-157-thread-1] INFO  server.RaftServerConfigKeys (ConfUtils.java:logGet(43)) - raft.server.sleep.deviation.threshold = 300 (default)
2019-09-28 01:15:25,922 [pool-157-thread-1] INFO  server.RaftServerConfigKeys (ConfUtils.java:logGet(43)) - raft.server.log.appender.install.snapshot.enabled = false (custom)
2019-09-28 01:15:25,922 [pool-157-thread-1] INFO  impl.RaftServerImpl (ServerState.java:<init>(103)) - 88097dad-bc5b-411c-9cd7-f6ac7aee11e0@group-F669A802ED25: ConfigurationManager, init=-1: [88097dad-bc5b-411c-9cd7-f6ac7aee11e0:192.168.151.82:44181], old=null, confs=<EMPTY_MAP>
2019-09-28 01:15:25,922 [pool-157-thread-1] INFO  server.RaftServerConfigKeys (ConfUtils.java:logGet(43)) - raft.server.storage.dir = [/workdir/hadoop-ozone/integration-test/target/test-dir/MiniOzoneClusterImpl-d0fea965-b787-49be-9c96-deb71f4b2c88/datanode-1/data/ratis] (custom)
2019-09-28 01:15:25,923 [pool-157-thread-1] INFO  storage.RaftStorageDirectory (RaftStorageDirectory.java:analyzeStorage(246)) - The storage directory /workdir/hadoop-ozone/integration-test/target/test-dir/MiniOzoneClusterImpl-d0fea965-b787-49be-9c96-deb71f4b2c88/datanode-1/data/ratis/a83ff1da-fcf0-4304-a8e3-f669a802ed25 does not exist. Creating ...
2019-09-28 01:15:25,924 [IPC Server handler 5 on 35844] INFO  net.NetworkTopology (NetworkTopologyImpl.java:add(111)) - Added a new node: /rack1/e1c1c139-c9d2-4524-9627-6fde74a335c6
2019-09-28 01:15:25,924 [IPC Server handler 5 on 35844] INFO  node.SCMNodeManager (SCMNodeManager.java:register(266)) - Registered Data node : e1c1c139-c9d2-4524-9627-6fde74a335c6{ip: 192.168.151.82, host: pr-hdds-2162-8g7kw-3348123894, networkLocation: /rack1, certSerialId: null}
2019-09-28 01:15:25,937 [pool-157-thread-1] INFO  storage.RaftStorageDirectory (RaftStorageDirectory.java:tryLock(328)) - Lock on /workdir/hadoop-ozone/integration-test/target/test-dir/MiniOzoneClusterImpl-d0fea965-b787-49be-9c96-deb71f4b2c88/datanode-1/data/ratis/a83ff1da-fcf0-4304-a8e3-f669a802ed25/in_use.lock acquired by nodename 30873@pr-hdds-2162-8g7kw-3348123894
2019-09-28 01:15:25,950 [pool-157-thread-1] INFO  storage.RaftStorage (RaftStorage.java:format(72)) - Storage directory /workdir/hadoop-ozone/integration-test/target/test-dir/MiniOzoneClusterImpl-d0fea965-b787-49be-9c96-deb71f4b2c88/datanode-1/data/ratis/a83ff1da-fcf0-4304-a8e3-f669a802ed25 has been successfully formatted.
2019-09-28 01:15:25,950 [pool-157-thread-1] INFO  ratis.ContainerStateMachine (ContainerStateMachine.java:loadSnapshot(230)) - group-F669A802ED25: The snapshot info is null. Setting the last applied indexto:(t:0, i:~)
2019-09-28 01:15:25,950 [pool-157-thread-1] INFO  server.RaftServerConfigKeys (ConfUtils.java:logGet(43)) - raft.server.notification.no-leader.timeout = 120s (custom)
2019-09-28 01:15:25,950 [pool-157-thread-1] INFO  server.RaftServerConfigKeys (ConfUtils.java:logGet(43)) - raft.server.log.use.memory = false (default)
2019-09-28 01:15:25,951 [pool-157-thread-1] INFO  server.RaftServerConfigKeys (ConfUtils.java:logGet(43)) - raft.server.log.purge.gap = 1000000 (custom)
2019-09-28 01:15:25,951 [pool-157-thread-1] INFO  server.RaftServerConfigKeys (ConfUtils.java:logGet(43)) - raft.server.log.appender.buffer.byte-limit = 33554432 (custom)
2019-09-28 01:15:25,951 [pool-157-thread-1] INFO  server.RaftServerConfigKeys (ConfUtils.java:logGet(43)) - raft.server.log.segment.size.max = 1048576 (custom)
2019-09-28 01:15:25,951 [pool-157-thread-1] INFO  server.RaftServerConfigKeys (ConfUtils.java:logGet(43)) - raft.server.log.segment.cache.num.max = 2 (custom)
2019-09-28 01:15:25,951 [pool-157-thread-1] INFO  segmented.SegmentedRaftLogWorker (SegmentedRaftLogWorker.java:<init>(172)) - new 88097dad-bc5b-411c-9cd7-f6ac7aee11e0@group-F669A802ED25-SegmentedRaftLogWorker for RaftStorage:Storage Directory /workdir/hadoop-ozone/integration-test/target/test-dir/MiniOzoneClusterImpl-d0fea965-b787-49be-9c96-deb71f4b2c88/datanode-1/data/ratis/a83ff1da-fcf0-4304-a8e3-f669a802ed25
2019-09-28 01:15:25,953 [pool-157-thread-1] INFO  server.RaftServerConfigKeys (ConfUtils.java:logGet(43)) - raft.server.log.queue.byte-limit = 2147483647 (custom)
2019-09-28 01:15:25,953 [pool-157-thread-1] INFO  server.RaftServerConfigKeys (ConfUtils.java:logGet(43)) - raft.server.log.queue.element-limit = 1024 (custom)
2019-09-28 01:15:25,953 [pool-157-thread-1] INFO  server.RaftServerConfigKeys (ConfUtils.java:logGet(43)) - raft.server.log.segment.size.max = 1048576 (custom)
2019-09-28 01:15:25,954 [pool-157-thread-1] INFO  server.RaftServerConfigKeys (ConfUtils.java:logGet(43)) - raft.server.log.preallocated.size = 16384 (custom)
2019-09-28 01:15:25,954 [pool-157-thread-1] INFO  server.RaftServerConfigKeys (ConfUtils.java:logGet(43)) - raft.server.log.write.buffer.size = 33554432 (custom)
2019-09-28 01:15:25,954 [pool-157-thread-1] INFO  server.RaftServerConfigKeys (ConfUtils.java:logGet(43)) - raft.server.log.force.sync.num = 128 (default)
2019-09-28 01:15:25,954 [pool-157-thread-1] INFO  server.RaftServerConfigKeys (ConfUtils.java:logGet(43)) - raft.server.log.statemachine.data.sync = true (default)
2019-09-28 01:15:25,954 [pool-157-thread-1] INFO  server.RaftServerConfigKeys (ConfUtils.java:logGet(43)) - raft.server.log.statemachine.data.sync.timeout = 10s (default)
2019-09-28 01:15:25,954 [pool-157-thread-1] INFO  server.RaftServerConfigKeys (ConfUtils.java:logGet(43)) - raft.server.log.statemachine.data.sync.timeout.retry = -1 (default)
2019-09-28 01:15:25,954 [pool-157-thread-1] INFO  server.RaftServerConfigKeys (ConfUtils.java:logGet(43)) - raft.server.log.statemachine.data.caching.enabled = true (custom)
2019-09-28 01:15:25,955 [pool-157-thread-1] INFO  segmented.SegmentedRaftLogWorker (SegmentedRaftLogWorker.java:lambda$new$0(132)) - 88097dad-bc5b-411c-9cd7-f6ac7aee11e0@group-F669A802ED25-SegmentedRaftLogWorker: flushIndex: setUnconditionally 0 -> -1
2019-09-28 01:15:25,955 [pool-157-thread-1] INFO  server.RaftServerConfigKeys (ConfUtils.java:logGet(43)) - raft.server.snapshot.auto.trigger.enabled = true (custom)
2019-09-28 01:15:25,955 [pool-157-thread-1] INFO  server.RaftServerConfigKeys (ConfUtils.java:logGet(43)) - raft.server.snapshot.auto.trigger.threshold = 10000 (custom)
2019-09-28 01:15:25,955 [pool-157-thread-1] INFO  server.RaftServerConfigKeys (ConfUtils.java:logGet(43)) - raft.server.snapshot.retention.num.files = 5 (custom)
2019-09-28 01:15:25,955 [pool-157-thread-1] INFO  server.RaftServerConfigKeys (ConfUtils.java:logGet(43)) - raft.server.retrycache.expirytime = 600000ms (custom)
2019-09-28 01:15:25,957 [pool-157-thread-1] INFO  impl.RaftServerImpl (RaftServerImpl.java:start(185)) - 88097dad-bc5b-411c-9cd7-f6ac7aee11e0@group-F669A802ED25: start as a follower, conf=-1: [88097dad-bc5b-411c-9cd7-f6ac7aee11e0:192.168.151.82:44181], old=null
2019-09-28 01:15:25,957 [pool-157-thread-1] INFO  impl.RaftServerImpl (RaftServerImpl.java:setRole(174)) - 88097dad-bc5b-411c-9cd7-f6ac7aee11e0@group-F669A802ED25: changes role from      null to FOLLOWER at term 0 for startAsFollower
2019-09-28 01:15:25,957 [pool-157-thread-1] INFO  impl.RoleInfo (RoleInfo.java:updateAndGet(143)) - 88097dad-bc5b-411c-9cd7-f6ac7aee11e0: start FollowerState
2019-09-28 01:15:25,958 [pool-157-thread-1] INFO  util.JmxRegister (JmxRegister.java:tryRegister(44)) - Successfully registered JMX Bean with object name Ratis:service=RaftServer,group=group-F669A802ED25,id=88097dad-bc5b-411c-9cd7-f6ac7aee11e0
2019-09-28 01:15:25,965 [RatisPipelineUtilsThread] INFO  pipeline.PipelineStateManager (PipelineStateManager.java:addPipeline(56)) - Created pipeline Pipeline[ Id: a83ff1da-fcf0-4304-a8e3-f669a802ed25, Nodes: 88097dad-bc5b-411c-9cd7-f6ac7aee11e0{ip: 192.168.151.82, host: pr-hdds-2162-8g7kw-3348123894, networkLocation: /rack1, certSerialId: null}, Type:RATIS, Factor:ONE, State:OPEN]
2019-09-28 01:15:25,977 [grpc-default-executor-0] INFO  impl.RaftServerProxy (RaftServerProxy.java:addNew(89)) - e1c1c139-c9d2-4524-9627-6fde74a335c6: addNew group-ED141C3375F5:[e1c1c139-c9d2-4524-9627-6fde74a335c6:192.168.151.82:43308] returns group-ED141C3375F5:java.util.concurrent.CompletableFuture@7365971[Not completed]
2019-09-28 01:15:25,978 [pool-167-thread-1] INFO  impl.RaftServerImpl (RaftServerImpl.java:<init>(95)) - e1c1c139-c9d2-4524-9627-6fde74a335c6: new RaftServerImpl for group-ED141C3375F5:[e1c1c139-c9d2-4524-9627-6fde74a335c6:192.168.151.82:43308] with ContainerStateMachine:uninitialized
2019-09-28 01:15:25,978 [pool-167-thread-1] INFO  server.RaftServerConfigKeys (ConfUtils.java:logGet(43)) - raft.server.rpc.timeout.min = 1s (custom)
2019-09-28 01:15:25,979 [pool-167-thread-1] INFO  server.RaftServerConfigKeys (ConfUtils.java:logGet(43)) - raft.server.rpc.timeout.max = 1200ms (custom)
2019-09-28 01:15:25,979 [pool-167-thread-1] INFO  server.RaftServerConfigKeys (ConfUtils.java:logGet(43)) - raft.server.rpcslowness.timeout = 120s (custom)
2019-09-28 01:15:25,979 [pool-167-thread-1] INFO  server.RaftServerConfigKeys (ConfUtils.java:logGet(43)) - raft.server.sleep.deviation.threshold = 300 (default)
2019-09-28 01:15:25,979 [pool-167-thread-1] INFO  server.RaftServerConfigKeys (ConfUtils.java:logGet(43)) - raft.server.log.appender.install.snapshot.enabled = false (custom)
2019-09-28 01:15:25,979 [pool-167-thread-1] INFO  impl.RaftServerImpl (ServerState.java:<init>(103)) - e1c1c139-c9d2-4524-9627-6fde74a335c6@group-ED141C3375F5: ConfigurationManager, init=-1: [e1c1c139-c9d2-4524-9627-6fde74a335c6:192.168.151.82:43308], old=null, confs=<EMPTY_MAP>
2019-09-28 01:15:25,979 [pool-167-thread-1] INFO  server.RaftServerConfigKeys (ConfUtils.java:logGet(43)) - raft.server.storage.dir = [/workdir/hadoop-ozone/integration-test/target/test-dir/MiniOzoneClusterImpl-d0fea965-b787-49be-9c96-deb71f4b2c88/datanode-2/data/ratis] (custom)
2019-09-28 01:15:25,979 [pool-167-thread-1] INFO  storage.RaftStorageDirectory (RaftStorageDirectory.java:analyzeStorage(246)) - The storage directory /workdir/hadoop-ozone/integration-test/target/test-dir/MiniOzoneClusterImpl-d0fea965-b787-49be-9c96-deb71f4b2c88/datanode-2/data/ratis/0faf05b5-ce3c-4c6d-99b5-ed141c3375f5 does not exist. Creating ...
2019-09-28 01:15:25,992 [pool-167-thread-1] INFO  storage.RaftStorageDirectory (RaftStorageDirectory.java:tryLock(328)) - Lock on /workdir/hadoop-ozone/integration-test/target/test-dir/MiniOzoneClusterImpl-d0fea965-b787-49be-9c96-deb71f4b2c88/datanode-2/data/ratis/0faf05b5-ce3c-4c6d-99b5-ed141c3375f5/in_use.lock acquired by nodename 30873@pr-hdds-2162-8g7kw-3348123894
2019-09-28 01:15:26,004 [pool-167-thread-1] INFO  storage.RaftStorage (RaftStorage.java:format(72)) - Storage directory /workdir/hadoop-ozone/integration-test/target/test-dir/MiniOzoneClusterImpl-d0fea965-b787-49be-9c96-deb71f4b2c88/datanode-2/data/ratis/0faf05b5-ce3c-4c6d-99b5-ed141c3375f5 has been successfully formatted.
2019-09-28 01:15:26,005 [pool-167-thread-1] INFO  ratis.ContainerStateMachine (ContainerStateMachine.java:loadSnapshot(230)) - group-ED141C3375F5: The snapshot info is null. Setting the last applied indexto:(t:0, i:~)
2019-09-28 01:15:26,005 [pool-167-thread-1] INFO  server.RaftServerConfigKeys (ConfUtils.java:logGet(43)) - raft.server.notification.no-leader.timeout = 120s (custom)
2019-09-28 01:15:26,005 [pool-167-thread-1] INFO  server.RaftServerConfigKeys (ConfUtils.java:logGet(43)) - raft.server.log.use.memory = false (default)
2019-09-28 01:15:26,005 [pool-167-thread-1] INFO  server.RaftServerConfigKeys (ConfUtils.java:logGet(43)) - raft.server.log.purge.gap = 1000000 (custom)
2019-09-28 01:15:26,005 [pool-167-thread-1] INFO  server.RaftServerConfigKeys (ConfUtils.java:logGet(43)) - raft.server.log.appender.buffer.byte-limit = 33554432 (custom)
2019-09-28 01:15:26,005 [pool-167-thread-1] INFO  server.RaftServerConfigKeys (ConfUtils.java:logGet(43)) - raft.server.log.segment.size.max = 1048576 (custom)
2019-09-28 01:15:26,006 [IPC Server handler 2 on 35844] INFO  net.NetworkTopology (NetworkTopologyImpl.java:add(111)) - Added a new node: /rack1/1d4e2793-91bc-4b97-9fdd-4d71f8f61250
2019-09-28 01:15:26,006 [pool-167-thread-1] INFO  server.RaftServerConfigKeys (ConfUtils.java:logGet(43)) - raft.server.log.segment.cache.num.max = 2 (custom)
2019-09-28 01:15:26,006 [IPC Server handler 2 on 35844] INFO  node.SCMNodeManager (SCMNodeManager.java:register(266)) - Registered Data node : 1d4e2793-91bc-4b97-9fdd-4d71f8f61250{ip: 192.168.151.82, host: pr-hdds-2162-8g7kw-3348123894, networkLocation: /rack1, certSerialId: null}
2019-09-28 01:15:26,006 [pool-167-thread-1] INFO  segmented.SegmentedRaftLogWorker (SegmentedRaftLogWorker.java:<init>(172)) - new e1c1c139-c9d2-4524-9627-6fde74a335c6@group-ED141C3375F5-SegmentedRaftLogWorker for RaftStorage:Storage Directory /workdir/hadoop-ozone/integration-test/target/test-dir/MiniOzoneClusterImpl-d0fea965-b787-49be-9c96-deb71f4b2c88/datanode-2/data/ratis/0faf05b5-ce3c-4c6d-99b5-ed141c3375f5
2019-09-28 01:15:26,008 [pool-167-thread-1] INFO  server.RaftServerConfigKeys (ConfUtils.java:logGet(43)) - raft.server.log.queue.byte-limit = 2147483647 (custom)
2019-09-28 01:15:26,008 [pool-167-thread-1] INFO  server.RaftServerConfigKeys (ConfUtils.java:logGet(43)) - raft.server.log.queue.element-limit = 1024 (custom)
2019-09-28 01:15:26,008 [pool-167-thread-1] INFO  server.RaftServerConfigKeys (ConfUtils.java:logGet(43)) - raft.server.log.segment.size.max = 1048576 (custom)
2019-09-28 01:15:26,008 [pool-167-thread-1] INFO  server.RaftServerConfigKeys (ConfUtils.java:logGet(43)) - raft.server.log.preallocated.size = 16384 (custom)
2019-09-28 01:15:26,008 [pool-167-thread-1] INFO  server.RaftServerConfigKeys (ConfUtils.java:logGet(43)) - raft.server.log.write.buffer.size = 33554432 (custom)
2019-09-28 01:15:26,008 [pool-167-thread-1] INFO  server.RaftServerConfigKeys (ConfUtils.java:logGet(43)) - raft.server.log.force.sync.num = 128 (default)
2019-09-28 01:15:26,009 [pool-167-thread-1] INFO  server.RaftServerConfigKeys (ConfUtils.java:logGet(43)) - raft.server.log.statemachine.data.sync = true (default)
2019-09-28 01:15:26,009 [pool-167-thread-1] INFO  server.RaftServerConfigKeys (ConfUtils.java:logGet(43)) - raft.server.log.statemachine.data.sync.timeout = 10s (default)
2019-09-28 01:15:26,009 [pool-167-thread-1] INFO  server.RaftServerConfigKeys (ConfUtils.java:logGet(43)) - raft.server.log.statemachine.data.sync.timeout.retry = -1 (default)
2019-09-28 01:15:26,009 [pool-167-thread-1] INFO  server.RaftServerConfigKeys (ConfUtils.java:logGet(43)) - raft.server.log.statemachine.data.caching.enabled = true (custom)
2019-09-28 01:15:26,009 [pool-167-thread-1] INFO  segmented.SegmentedRaftLogWorker (SegmentedRaftLogWorker.java:lambda$new$0(132)) - e1c1c139-c9d2-4524-9627-6fde74a335c6@group-ED141C3375F5-SegmentedRaftLogWorker: flushIndex: setUnconditionally 0 -> -1
2019-09-28 01:15:26,009 [pool-167-thread-1] INFO  server.RaftServerConfigKeys (ConfUtils.java:logGet(43)) - raft.server.snapshot.auto.trigger.enabled = true (custom)
2019-09-28 01:15:26,010 [pool-167-thread-1] INFO  server.RaftServerConfigKeys (ConfUtils.java:logGet(43)) - raft.server.snapshot.auto.trigger.threshold = 10000 (custom)
2019-09-28 01:15:26,010 [pool-167-thread-1] INFO  server.RaftServerConfigKeys (ConfUtils.java:logGet(43)) - raft.server.snapshot.retention.num.files = 5 (custom)
2019-09-28 01:15:26,010 [pool-167-thread-1] INFO  server.RaftServerConfigKeys (ConfUtils.java:logGet(43)) - raft.server.retrycache.expirytime = 600000ms (custom)
2019-09-28 01:15:26,012 [pool-167-thread-1] INFO  impl.RaftServerImpl (RaftServerImpl.java:start(185)) - e1c1c139-c9d2-4524-9627-6fde74a335c6@group-ED141C3375F5: start as a follower, conf=-1: [e1c1c139-c9d2-4524-9627-6fde74a335c6:192.168.151.82:43308], old=null
2019-09-28 01:15:26,012 [pool-167-thread-1] INFO  impl.RaftServerImpl (RaftServerImpl.java:setRole(174)) - e1c1c139-c9d2-4524-9627-6fde74a335c6@group-ED141C3375F5: changes role from      null to FOLLOWER at term 0 for startAsFollower
2019-09-28 01:15:26,012 [pool-167-thread-1] INFO  impl.RoleInfo (RoleInfo.java:updateAndGet(143)) - e1c1c139-c9d2-4524-9627-6fde74a335c6: start FollowerState
2019-09-28 01:15:26,012 [pool-167-thread-1] INFO  util.JmxRegister (JmxRegister.java:tryRegister(44)) - Successfully registered JMX Bean with object name Ratis:service=RaftServer,group=group-ED141C3375F5,id=e1c1c139-c9d2-4524-9627-6fde74a335c6
2019-09-28 01:15:26,018 [RatisPipelineUtilsThread] INFO  pipeline.PipelineStateManager (PipelineStateManager.java:addPipeline(56)) - Created pipeline Pipeline[ Id: 0faf05b5-ce3c-4c6d-99b5-ed141c3375f5, Nodes: e1c1c139-c9d2-4524-9627-6fde74a335c6{ip: 192.168.151.82, host: pr-hdds-2162-8g7kw-3348123894, networkLocation: /rack1, certSerialId: null}, Type:RATIS, Factor:ONE, State:OPEN]
2019-09-28 01:15:26,029 [grpc-default-executor-0] INFO  impl.RaftServerProxy (RaftServerProxy.java:addNew(89)) - 1d4e2793-91bc-4b97-9fdd-4d71f8f61250: addNew group-76EBF1C9A574:[1d4e2793-91bc-4b97-9fdd-4d71f8f61250:192.168.151.82:42715] returns group-76EBF1C9A574:java.util.concurrent.CompletableFuture@28f52ffe[Not completed]
2019-09-28 01:15:26,031 [pool-177-thread-1] INFO  impl.RaftServerImpl (RaftServerImpl.java:<init>(95)) - 1d4e2793-91bc-4b97-9fdd-4d71f8f61250: new RaftServerImpl for group-76EBF1C9A574:[1d4e2793-91bc-4b97-9fdd-4d71f8f61250:192.168.151.82:42715] with ContainerStateMachine:uninitialized
2019-09-28 01:15:26,032 [pool-177-thread-1] INFO  server.RaftServerConfigKeys (ConfUtils.java:logGet(43)) - raft.server.rpc.timeout.min = 1s (custom)
2019-09-28 01:15:26,032 [pool-177-thread-1] INFO  server.RaftServerConfigKeys (ConfUtils.java:logGet(43)) - raft.server.rpc.timeout.max = 1200ms (custom)
2019-09-28 01:15:26,032 [pool-177-thread-1] INFO  server.RaftServerConfigKeys (ConfUtils.java:logGet(43)) - raft.server.rpcslowness.timeout = 120s (custom)
2019-09-28 01:15:26,032 [pool-177-thread-1] INFO  server.RaftServerConfigKeys (ConfUtils.java:logGet(43)) - raft.server.sleep.deviation.threshold = 300 (default)
2019-09-28 01:15:26,032 [pool-177-thread-1] INFO  server.RaftServerConfigKeys (ConfUtils.java:logGet(43)) - raft.server.log.appender.install.snapshot.enabled = false (custom)
2019-09-28 01:15:26,032 [pool-177-thread-1] INFO  impl.RaftServerImpl (ServerState.java:<init>(103)) - 1d4e2793-91bc-4b97-9fdd-4d71f8f61250@group-76EBF1C9A574: ConfigurationManager, init=-1: [1d4e2793-91bc-4b97-9fdd-4d71f8f61250:192.168.151.82:42715], old=null, confs=<EMPTY_MAP>
2019-09-28 01:15:26,033 [pool-177-thread-1] INFO  server.RaftServerConfigKeys (ConfUtils.java:logGet(43)) - raft.server.storage.dir = [/workdir/hadoop-ozone/integration-test/target/test-dir/MiniOzoneClusterImpl-d0fea965-b787-49be-9c96-deb71f4b2c88/datanode-3/data/ratis] (custom)
2019-09-28 01:15:26,033 [pool-177-thread-1] INFO  storage.RaftStorageDirectory (RaftStorageDirectory.java:analyzeStorage(246)) - The storage directory /workdir/hadoop-ozone/integration-test/target/test-dir/MiniOzoneClusterImpl-d0fea965-b787-49be-9c96-deb71f4b2c88/datanode-3/data/ratis/854adbf0-4c11-4f28-bc78-76ebf1c9a574 does not exist. Creating ...
2019-09-28 01:15:26,036 [pool-177-thread-1] INFO  storage.RaftStorageDirectory (RaftStorageDirectory.java:tryLock(328)) - Lock on /workdir/hadoop-ozone/integration-test/target/test-dir/MiniOzoneClusterImpl-d0fea965-b787-49be-9c96-deb71f4b2c88/datanode-3/data/ratis/854adbf0-4c11-4f28-bc78-76ebf1c9a574/in_use.lock acquired by nodename 30873@pr-hdds-2162-8g7kw-3348123894
2019-09-28 01:15:26,040 [pool-177-thread-1] INFO  storage.RaftStorage (RaftStorage.java:format(72)) - Storage directory /workdir/hadoop-ozone/integration-test/target/test-dir/MiniOzoneClusterImpl-d0fea965-b787-49be-9c96-deb71f4b2c88/datanode-3/data/ratis/854adbf0-4c11-4f28-bc78-76ebf1c9a574 has been successfully formatted.
2019-09-28 01:15:26,040 [pool-177-thread-1] INFO  ratis.ContainerStateMachine (ContainerStateMachine.java:loadSnapshot(230)) - group-76EBF1C9A574: The snapshot info is null. Setting the last applied indexto:(t:0, i:~)
2019-09-28 01:15:26,040 [pool-177-thread-1] INFO  server.RaftServerConfigKeys (ConfUtils.java:logGet(43)) - raft.server.notification.no-leader.timeout = 120s (custom)
2019-09-28 01:15:26,040 [pool-177-thread-1] INFO  server.RaftServerConfigKeys (ConfUtils.java:logGet(43)) - raft.server.log.use.memory = false (default)
2019-09-28 01:15:26,040 [pool-177-thread-1] INFO  server.RaftServerConfigKeys (ConfUtils.java:logGet(43)) - raft.server.log.purge.gap = 1000000 (custom)
2019-09-28 01:15:26,040 [pool-177-thread-1] INFO  server.RaftServerConfigKeys (ConfUtils.java:logGet(43)) - raft.server.log.appender.buffer.byte-limit = 33554432 (custom)
2019-09-28 01:15:26,040 [pool-177-thread-1] INFO  server.RaftServerConfigKeys (ConfUtils.java:logGet(43)) - raft.server.log.segment.size.max = 1048576 (custom)
2019-09-28 01:15:26,041 [pool-177-thread-1] INFO  server.RaftServerConfigKeys (ConfUtils.java:logGet(43)) - raft.server.log.segment.cache.num.max = 2 (custom)
2019-09-28 01:15:26,041 [pool-177-thread-1] INFO  segmented.SegmentedRaftLogWorker (SegmentedRaftLogWorker.java:<init>(172)) - new 1d4e2793-91bc-4b97-9fdd-4d71f8f61250@group-76EBF1C9A574-SegmentedRaftLogWorker for RaftStorage:Storage Directory /workdir/hadoop-ozone/integration-test/target/test-dir/MiniOzoneClusterImpl-d0fea965-b787-49be-9c96-deb71f4b2c88/datanode-3/data/ratis/854adbf0-4c11-4f28-bc78-76ebf1c9a574
2019-09-28 01:15:26,043 [pool-177-thread-1] INFO  server.RaftServerConfigKeys (ConfUtils.java:logGet(43)) - raft.server.log.queue.byte-limit = 2147483647 (custom)
2019-09-28 01:15:26,043 [pool-177-thread-1] INFO  server.RaftServerConfigKeys (ConfUtils.java:logGet(43)) - raft.server.log.queue.element-limit = 1024 (custom)
2019-09-28 01:15:26,043 [pool-177-thread-1] INFO  server.RaftServerConfigKeys (ConfUtils.java:logGet(43)) - raft.server.log.segment.size.max = 1048576 (custom)
2019-09-28 01:15:26,043 [pool-177-thread-1] INFO  server.RaftServerConfigKeys (ConfUtils.java:logGet(43)) - raft.server.log.preallocated.size = 16384 (custom)
2019-09-28 01:15:26,043 [pool-177-thread-1] INFO  server.RaftServerConfigKeys (ConfUtils.java:logGet(43)) - raft.server.log.write.buffer.size = 33554432 (custom)
2019-09-28 01:15:26,043 [pool-177-thread-1] INFO  server.RaftServerConfigKeys (ConfUtils.java:logGet(43)) - raft.server.log.force.sync.num = 128 (default)
2019-09-28 01:15:26,043 [pool-177-thread-1] INFO  server.RaftServerConfigKeys (ConfUtils.java:logGet(43)) - raft.server.log.statemachine.data.sync = true (default)
2019-09-28 01:15:26,043 [pool-177-thread-1] INFO  server.RaftServerConfigKeys (ConfUtils.java:logGet(43)) - raft.server.log.statemachine.data.sync.timeout = 10s (default)
2019-09-28 01:15:26,044 [pool-177-thread-1] INFO  server.RaftServerConfigKeys (ConfUtils.java:logGet(43)) - raft.server.log.statemachine.data.sync.timeout.retry = -1 (default)
2019-09-28 01:15:26,044 [pool-177-thread-1] INFO  server.RaftServerConfigKeys (ConfUtils.java:logGet(43)) - raft.server.log.statemachine.data.caching.enabled = true (custom)
2019-09-28 01:15:26,044 [pool-177-thread-1] INFO  segmented.SegmentedRaftLogWorker (SegmentedRaftLogWorker.java:lambda$new$0(132)) - 1d4e2793-91bc-4b97-9fdd-4d71f8f61250@group-76EBF1C9A574-SegmentedRaftLogWorker: flushIndex: setUnconditionally 0 -> -1
2019-09-28 01:15:26,044 [pool-177-thread-1] INFO  server.RaftServerConfigKeys (ConfUtils.java:logGet(43)) - raft.server.snapshot.auto.trigger.enabled = true (custom)
2019-09-28 01:15:26,045 [pool-177-thread-1] INFO  server.RaftServerConfigKeys (ConfUtils.java:logGet(43)) - raft.server.snapshot.auto.trigger.threshold = 10000 (custom)
2019-09-28 01:15:26,045 [pool-177-thread-1] INFO  server.RaftServerConfigKeys (ConfUtils.java:logGet(43)) - raft.server.snapshot.retention.num.files = 5 (custom)
2019-09-28 01:15:26,045 [pool-177-thread-1] INFO  server.RaftServerConfigKeys (ConfUtils.java:logGet(43)) - raft.server.retrycache.expirytime = 600000ms (custom)
2019-09-28 01:15:26,047 [pool-177-thread-1] INFO  impl.RaftServerImpl (RaftServerImpl.java:start(185)) - 1d4e2793-91bc-4b97-9fdd-4d71f8f61250@group-76EBF1C9A574: start as a follower, conf=-1: [1d4e2793-91bc-4b97-9fdd-4d71f8f61250:192.168.151.82:42715], old=null
2019-09-28 01:15:26,047 [pool-177-thread-1] INFO  impl.RaftServerImpl (RaftServerImpl.java:setRole(174)) - 1d4e2793-91bc-4b97-9fdd-4d71f8f61250@group-76EBF1C9A574: changes role from      null to FOLLOWER at term 0 for startAsFollower
2019-09-28 01:15:26,047 [pool-177-thread-1] INFO  impl.RoleInfo (RoleInfo.java:updateAndGet(143)) - 1d4e2793-91bc-4b97-9fdd-4d71f8f61250: start FollowerState
2019-09-28 01:15:26,047 [pool-177-thread-1] INFO  util.JmxRegister (JmxRegister.java:tryRegister(44)) - Successfully registered JMX Bean with object name Ratis:service=RaftServer,group=group-76EBF1C9A574,id=1d4e2793-91bc-4b97-9fdd-4d71f8f61250
2019-09-28 01:15:26,052 [RatisPipelineUtilsThread] INFO  pipeline.PipelineStateManager (PipelineStateManager.java:addPipeline(56)) - Created pipeline Pipeline[ Id: 854adbf0-4c11-4f28-bc78-76ebf1c9a574, Nodes: 1d4e2793-91bc-4b97-9fdd-4d71f8f61250{ip: 192.168.151.82, host: pr-hdds-2162-8g7kw-3348123894, networkLocation: /rack1, certSerialId: null}, Type:RATIS, Factor:ONE, State:OPEN]
2019-09-28 01:15:26,069 [grpc-default-executor-2] INFO  impl.RaftServerProxy (RaftServerProxy.java:addNew(89)) - 88097dad-bc5b-411c-9cd7-f6ac7aee11e0: addNew group-6C5385ADC24A:[e1c1c139-c9d2-4524-9627-6fde74a335c6:192.168.151.82:43308, d239b4fc-5ffb-4450-8968-7f1e37e2dc0b:192.168.151.82:43077, 88097dad-bc5b-411c-9cd7-f6ac7aee11e0:192.168.151.82:44181] returns group-6C5385ADC24A:java.util.concurrent.CompletableFuture@652f62ce[Not completed]
2019-09-28 01:15:26,070 [grpc-default-executor-1] INFO  impl.RaftServerProxy (RaftServerProxy.java:addNew(89)) - e1c1c139-c9d2-4524-9627-6fde74a335c6: addNew group-6C5385ADC24A:[e1c1c139-c9d2-4524-9627-6fde74a335c6:192.168.151.82:43308, d239b4fc-5ffb-4450-8968-7f1e37e2dc0b:192.168.151.82:43077, 88097dad-bc5b-411c-9cd7-f6ac7aee11e0:192.168.151.82:44181] returns group-6C5385ADC24A:java.util.concurrent.CompletableFuture@7fc4ffb1[Not completed]
2019-09-28 01:15:26,070 [grpc-default-executor-0] INFO  impl.RaftServerProxy (RaftServerProxy.java:addNew(89)) - d239b4fc-5ffb-4450-8968-7f1e37e2dc0b: addNew group-6C5385ADC24A:[e1c1c139-c9d2-4524-9627-6fde74a335c6:192.168.151.82:43308, d239b4fc-5ffb-4450-8968-7f1e37e2dc0b:192.168.151.82:43077, 88097dad-bc5b-411c-9cd7-f6ac7aee11e0:192.168.151.82:44181] returns group-6C5385ADC24A:java.util.concurrent.CompletableFuture@230ebb81[Not completed]
2019-09-28 01:15:26,070 [IPC Server handler 4 on 35844] INFO  net.NetworkTopology (NetworkTopologyImpl.java:add(111)) - Added a new node: /rack1/30802873-5cdc-4a1f-a873-68d0f5360ef3
2019-09-28 01:15:26,071 [IPC Server handler 4 on 35844] INFO  node.SCMNodeManager (SCMNodeManager.java:register(266)) - Registered Data node : 30802873-5cdc-4a1f-a873-68d0f5360ef3{ip: 192.168.151.82, host: pr-hdds-2162-8g7kw-3348123894, networkLocation: /rack1, certSerialId: null}
2019-09-28 01:15:26,072 [pool-157-thread-1] INFO  impl.RaftServerImpl (RaftServerImpl.java:<init>(95)) - 88097dad-bc5b-411c-9cd7-f6ac7aee11e0: new RaftServerImpl for group-6C5385ADC24A:[e1c1c139-c9d2-4524-9627-6fde74a335c6:192.168.151.82:43308, d239b4fc-5ffb-4450-8968-7f1e37e2dc0b:192.168.151.82:43077, 88097dad-bc5b-411c-9cd7-f6ac7aee11e0:192.168.151.82:44181] with ContainerStateMachine:uninitialized
2019-09-28 01:15:26,072 [pool-157-thread-1] INFO  server.RaftServerConfigKeys (ConfUtils.java:logGet(43)) - raft.server.rpc.timeout.min = 1s (custom)
2019-09-28 01:15:26,072 [pool-157-thread-1] INFO  server.RaftServerConfigKeys (ConfUtils.java:logGet(43)) - raft.server.rpc.timeout.max = 1200ms (custom)
2019-09-28 01:15:26,072 [pool-157-thread-1] INFO  server.RaftServerConfigKeys (ConfUtils.java:logGet(43)) - raft.server.rpcslowness.timeout = 120s (custom)
2019-09-28 01:15:26,073 [pool-157-thread-1] INFO  server.RaftServerConfigKeys (ConfUtils.java:logGet(43)) - raft.server.sleep.deviation.threshold = 300 (default)
2019-09-28 01:15:26,073 [pool-157-thread-1] INFO  server.RaftServerConfigKeys (ConfUtils.java:logGet(43)) - raft.server.log.appender.install.snapshot.enabled = false (custom)
2019-09-28 01:15:26,073 [pool-157-thread-1] INFO  impl.RaftServerImpl (ServerState.java:<init>(103)) - 88097dad-bc5b-411c-9cd7-f6ac7aee11e0@group-6C5385ADC24A: ConfigurationManager, init=-1: [e1c1c139-c9d2-4524-9627-6fde74a335c6:192.168.151.82:43308, d239b4fc-5ffb-4450-8968-7f1e37e2dc0b:192.168.151.82:43077, 88097dad-bc5b-411c-9cd7-f6ac7aee11e0:192.168.151.82:44181], old=null, confs=<EMPTY_MAP>
2019-09-28 01:15:26,073 [pool-157-thread-1] INFO  server.RaftServerConfigKeys (ConfUtils.java:logGet(43)) - raft.server.storage.dir = [/workdir/hadoop-ozone/integration-test/target/test-dir/MiniOzoneClusterImpl-d0fea965-b787-49be-9c96-deb71f4b2c88/datanode-1/data/ratis] (custom)
2019-09-28 01:15:26,073 [pool-147-thread-1] INFO  impl.RaftServerImpl (RaftServerImpl.java:<init>(95)) - d239b4fc-5ffb-4450-8968-7f1e37e2dc0b: new RaftServerImpl for group-6C5385ADC24A:[e1c1c139-c9d2-4524-9627-6fde74a335c6:192.168.151.82:43308, d239b4fc-5ffb-4450-8968-7f1e37e2dc0b:192.168.151.82:43077, 88097dad-bc5b-411c-9cd7-f6ac7aee11e0:192.168.151.82:44181] with ContainerStateMachine:uninitialized
2019-09-28 01:15:26,073 [pool-147-thread-1] INFO  server.RaftServerConfigKeys (ConfUtils.java:logGet(43)) - raft.server.rpc.timeout.min = 1s (custom)
2019-09-28 01:15:26,073 [pool-157-thread-1] INFO  storage.RaftStorageDirectory (RaftStorageDirectory.java:analyzeStorage(246)) - The storage directory /workdir/hadoop-ozone/integration-test/target/test-dir/MiniOzoneClusterImpl-d0fea965-b787-49be-9c96-deb71f4b2c88/datanode-1/data/ratis/df035308-aa4a-4d6a-bbd5-6c5385adc24a does not exist. Creating ...
2019-09-28 01:15:26,074 [pool-147-thread-1] INFO  server.RaftServerConfigKeys (ConfUtils.java:logGet(43)) - raft.server.rpc.timeout.max = 1200ms (custom)
2019-09-28 01:15:26,074 [pool-147-thread-1] INFO  server.RaftServerConfigKeys (ConfUtils.java:logGet(43)) - raft.server.rpcslowness.timeout = 120s (custom)
2019-09-28 01:15:26,074 [pool-167-thread-1] INFO  impl.RaftServerImpl (RaftServerImpl.java:<init>(95)) - e1c1c139-c9d2-4524-9627-6fde74a335c6: new RaftServerImpl for group-6C5385ADC24A:[e1c1c139-c9d2-4524-9627-6fde74a335c6:192.168.151.82:43308, d239b4fc-5ffb-4450-8968-7f1e37e2dc0b:192.168.151.82:43077, 88097dad-bc5b-411c-9cd7-f6ac7aee11e0:192.168.151.82:44181] with ContainerStateMachine:uninitialized
2019-09-28 01:15:26,074 [pool-147-thread-1] INFO  server.RaftServerConfigKeys (ConfUtils.java:logGet(43)) - raft.server.sleep.deviation.threshold = 300 (default)
2019-09-28 01:15:26,074 [pool-167-thread-1] INFO  server.RaftServerConfigKeys (ConfUtils.java:logGet(43)) - raft.server.rpc.timeout.min = 1s (custom)
2019-09-28 01:15:26,074 [pool-147-thread-1] INFO  server.RaftServerConfigKeys (ConfUtils.java:logGet(43)) - raft.server.log.appender.install.snapshot.enabled = false (custom)
2019-09-28 01:15:26,074 [pool-167-thread-1] INFO  server.RaftServerConfigKeys (ConfUtils.java:logGet(43)) - raft.server.rpc.timeout.max = 1200ms (custom)
2019-09-28 01:15:26,075 [pool-147-thread-1] INFO  impl.RaftServerImpl (ServerState.java:<init>(103)) - d239b4fc-5ffb-4450-8968-7f1e37e2dc0b@group-6C5385ADC24A: ConfigurationManager, init=-1: [e1c1c139-c9d2-4524-9627-6fde74a335c6:192.168.151.82:43308, d239b4fc-5ffb-4450-8968-7f1e37e2dc0b:192.168.151.82:43077, 88097dad-bc5b-411c-9cd7-f6ac7aee11e0:192.168.151.82:44181], old=null, confs=<EMPTY_MAP>
2019-09-28 01:15:26,075 [pool-167-thread-1] INFO  server.RaftServerConfigKeys (ConfUtils.java:logGet(43)) - raft.server.rpcslowness.timeout = 120s (custom)
2019-09-28 01:15:26,075 [pool-147-thread-1] INFO  server.RaftServerConfigKeys (ConfUtils.java:logGet(43)) - raft.server.storage.dir = [/workdir/hadoop-ozone/integration-test/target/test-dir/MiniOzoneClusterImpl-d0fea965-b787-49be-9c96-deb71f4b2c88/datanode-0/data/ratis] (custom)
2019-09-28 01:15:26,075 [pool-167-thread-1] INFO  server.RaftServerConfigKeys (ConfUtils.java:logGet(43)) - raft.server.sleep.deviation.threshold = 300 (default)
2019-09-28 01:15:26,075 [pool-167-thread-1] INFO  server.RaftServerConfigKeys (ConfUtils.java:logGet(43)) - raft.server.log.appender.install.snapshot.enabled = false (custom)
2019-09-28 01:15:26,076 [pool-147-thread-1] INFO  storage.RaftStorageDirectory (RaftStorageDirectory.java:analyzeStorage(246)) - The storage directory /workdir/hadoop-ozone/integration-test/target/test-dir/MiniOzoneClusterImpl-d0fea965-b787-49be-9c96-deb71f4b2c88/datanode-0/data/ratis/df035308-aa4a-4d6a-bbd5-6c5385adc24a does not exist. Creating ...
2019-09-28 01:15:26,076 [pool-167-thread-1] INFO  impl.RaftServerImpl (ServerState.java:<init>(103)) - e1c1c139-c9d2-4524-9627-6fde74a335c6@group-6C5385ADC24A: ConfigurationManager, init=-1: [e1c1c139-c9d2-4524-9627-6fde74a335c6:192.168.151.82:43308, d239b4fc-5ffb-4450-8968-7f1e37e2dc0b:192.168.151.82:43077, 88097dad-bc5b-411c-9cd7-f6ac7aee11e0:192.168.151.82:44181], old=null, confs=<EMPTY_MAP>
2019-09-28 01:15:26,076 [pool-167-thread-1] INFO  server.RaftServerConfigKeys (ConfUtils.java:logGet(43)) - raft.server.storage.dir = [/workdir/hadoop-ozone/integration-test/target/test-dir/MiniOzoneClusterImpl-d0fea965-b787-49be-9c96-deb71f4b2c88/datanode-2/data/ratis] (custom)
2019-09-28 01:15:26,076 [pool-157-thread-1] INFO  storage.RaftStorageDirectory (RaftStorageDirectory.java:tryLock(328)) - Lock on /workdir/hadoop-ozone/integration-test/target/test-dir/MiniOzoneClusterImpl-d0fea965-b787-49be-9c96-deb71f4b2c88/datanode-1/data/ratis/df035308-aa4a-4d6a-bbd5-6c5385adc24a/in_use.lock acquired by nodename 30873@pr-hdds-2162-8g7kw-3348123894
2019-09-28 01:15:26,076 [pool-167-thread-1] INFO  storage.RaftStorageDirectory (RaftStorageDirectory.java:analyzeStorage(246)) - The storage directory /workdir/hadoop-ozone/integration-test/target/test-dir/MiniOzoneClusterImpl-d0fea965-b787-49be-9c96-deb71f4b2c88/datanode-2/data/ratis/df035308-aa4a-4d6a-bbd5-6c5385adc24a does not exist. Creating ...
2019-09-28 01:15:26,078 [pool-147-thread-1] INFO  storage.RaftStorageDirectory (RaftStorageDirectory.java:tryLock(328)) - Lock on /workdir/hadoop-ozone/integration-test/target/test-dir/MiniOzoneClusterImpl-d0fea965-b787-49be-9c96-deb71f4b2c88/datanode-0/data/ratis/df035308-aa4a-4d6a-bbd5-6c5385adc24a/in_use.lock acquired by nodename 30873@pr-hdds-2162-8g7kw-3348123894
2019-09-28 01:15:26,082 [pool-167-thread-1] INFO  storage.RaftStorageDirectory (RaftStorageDirectory.java:tryLock(328)) - Lock on /workdir/hadoop-ozone/integration-test/target/test-dir/MiniOzoneClusterImpl-d0fea965-b787-49be-9c96-deb71f4b2c88/datanode-2/data/ratis/df035308-aa4a-4d6a-bbd5-6c5385adc24a/in_use.lock acquired by nodename 30873@pr-hdds-2162-8g7kw-3348123894
2019-09-28 01:15:26,082 [pool-157-thread-1] INFO  storage.RaftStorage (RaftStorage.java:format(72)) - Storage directory /workdir/hadoop-ozone/integration-test/target/test-dir/MiniOzoneClusterImpl-d0fea965-b787-49be-9c96-deb71f4b2c88/datanode-1/data/ratis/df035308-aa4a-4d6a-bbd5-6c5385adc24a has been successfully formatted.
2019-09-28 01:15:26,082 [pool-157-thread-1] INFO  ratis.ContainerStateMachine (ContainerStateMachine.java:loadSnapshot(230)) - group-6C5385ADC24A: The snapshot info is null. Setting the last applied indexto:(t:0, i:~)
2019-09-28 01:15:26,082 [pool-157-thread-1] INFO  server.RaftServerConfigKeys (ConfUtils.java:logGet(43)) - raft.server.notification.no-leader.timeout = 120s (custom)
2019-09-28 01:15:26,083 [pool-157-thread-1] INFO  server.RaftServerConfigKeys (ConfUtils.java:logGet(43)) - raft.server.log.use.memory = false (default)
2019-09-28 01:15:26,083 [pool-157-thread-1] INFO  server.RaftServerConfigKeys (ConfUtils.java:logGet(43)) - raft.server.log.purge.gap = 1000000 (custom)
2019-09-28 01:15:26,083 [pool-157-thread-1] INFO  server.RaftServerConfigKeys (ConfUtils.java:logGet(43)) - raft.server.log.appender.buffer.byte-limit = 33554432 (custom)
2019-09-28 01:15:26,083 [pool-157-thread-1] INFO  server.RaftServerConfigKeys (ConfUtils.java:logGet(43)) - raft.server.log.segment.size.max = 1048576 (custom)
2019-09-28 01:15:26,083 [pool-157-thread-1] INFO  server.RaftServerConfigKeys (ConfUtils.java:logGet(43)) - raft.server.log.segment.cache.num.max = 2 (custom)
2019-09-28 01:15:26,083 [pool-157-thread-1] INFO  segmented.SegmentedRaftLogWorker (SegmentedRaftLogWorker.java:<init>(172)) - new 88097dad-bc5b-411c-9cd7-f6ac7aee11e0@group-6C5385ADC24A-SegmentedRaftLogWorker for RaftStorage:Storage Directory /workdir/hadoop-ozone/integration-test/target/test-dir/MiniOzoneClusterImpl-d0fea965-b787-49be-9c96-deb71f4b2c88/datanode-1/data/ratis/df035308-aa4a-4d6a-bbd5-6c5385adc24a
2019-09-28 01:15:26,083 [pool-157-thread-1] INFO  server.RaftServerConfigKeys (ConfUtils.java:logGet(43)) - raft.server.log.queue.byte-limit = 2147483647 (custom)
2019-09-28 01:15:26,084 [pool-157-thread-1] INFO  server.RaftServerConfigKeys (ConfUtils.java:logGet(43)) - raft.server.log.queue.element-limit = 1024 (custom)
2019-09-28 01:15:26,084 [pool-157-thread-1] INFO  server.RaftServerConfigKeys (ConfUtils.java:logGet(43)) - raft.server.log.segment.size.max = 1048576 (custom)
2019-09-28 01:15:26,084 [pool-157-thread-1] INFO  server.RaftServerConfigKeys (ConfUtils.java:logGet(43)) - raft.server.log.preallocated.size = 16384 (custom)
2019-09-28 01:15:26,084 [pool-157-thread-1] INFO  server.RaftServerConfigKeys (ConfUtils.java:logGet(43)) - raft.server.log.write.buffer.size = 33554432 (custom)
2019-09-28 01:15:26,084 [pool-157-thread-1] INFO  server.RaftServerConfigKeys (ConfUtils.java:logGet(43)) - raft.server.log.force.sync.num = 128 (default)
2019-09-28 01:15:26,084 [pool-157-thread-1] INFO  server.RaftServerConfigKeys (ConfUtils.java:logGet(43)) - raft.server.log.statemachine.data.sync = true (default)
2019-09-28 01:15:26,084 [pool-157-thread-1] INFO  server.RaftServerConfigKeys (ConfUtils.java:logGet(43)) - raft.server.log.statemachine.data.sync.timeout = 10s (default)
2019-09-28 01:15:26,085 [pool-157-thread-1] INFO  server.RaftServerConfigKeys (ConfUtils.java:logGet(43)) - raft.server.log.statemachine.data.sync.timeout.retry = -1 (default)
2019-09-28 01:15:26,085 [pool-157-thread-1] INFO  server.RaftServerConfigKeys (ConfUtils.java:logGet(43)) - raft.server.log.statemachine.data.caching.enabled = true (custom)
2019-09-28 01:15:26,086 [pool-157-thread-1] INFO  segmented.SegmentedRaftLogWorker (SegmentedRaftLogWorker.java:lambda$new$0(132)) - 88097dad-bc5b-411c-9cd7-f6ac7aee11e0@group-6C5385ADC24A-SegmentedRaftLogWorker: flushIndex: setUnconditionally 0 -> -1
2019-09-28 01:15:26,086 [pool-157-thread-1] INFO  server.RaftServerConfigKeys (ConfUtils.java:logGet(43)) - raft.server.snapshot.auto.trigger.enabled = true (custom)
2019-09-28 01:15:26,086 [pool-157-thread-1] INFO  server.RaftServerConfigKeys (ConfUtils.java:logGet(43)) - raft.server.snapshot.auto.trigger.threshold = 10000 (custom)
2019-09-28 01:15:26,086 [pool-157-thread-1] INFO  server.RaftServerConfigKeys (ConfUtils.java:logGet(43)) - raft.server.snapshot.retention.num.files = 5 (custom)
2019-09-28 01:15:26,086 [pool-167-thread-1] INFO  storage.RaftStorage (RaftStorage.java:format(72)) - Storage directory /workdir/hadoop-ozone/integration-test/target/test-dir/MiniOzoneClusterImpl-d0fea965-b787-49be-9c96-deb71f4b2c88/datanode-2/data/ratis/df035308-aa4a-4d6a-bbd5-6c5385adc24a has been successfully formatted.
2019-09-28 01:15:26,086 [pool-147-thread-1] INFO  storage.RaftStorage (RaftStorage.java:format(72)) - Storage directory /workdir/hadoop-ozone/integration-test/target/test-dir/MiniOzoneClusterImpl-d0fea965-b787-49be-9c96-deb71f4b2c88/datanode-0/data/ratis/df035308-aa4a-4d6a-bbd5-6c5385adc24a has been successfully formatted.
2019-09-28 01:15:26,086 [pool-157-thread-1] INFO  server.RaftServerConfigKeys (ConfUtils.java:logGet(43)) - raft.server.retrycache.expirytime = 600000ms (custom)
2019-09-28 01:15:26,087 [pool-167-thread-1] INFO  ratis.ContainerStateMachine (ContainerStateMachine.java:loadSnapshot(230)) - group-6C5385ADC24A: The snapshot info is null. Setting the last applied indexto:(t:0, i:~)
2019-09-28 01:15:26,087 [pool-147-thread-1] INFO  ratis.ContainerStateMachine (ContainerStateMachine.java:loadSnapshot(230)) - group-6C5385ADC24A: The snapshot info is null. Setting the last applied indexto:(t:0, i:~)
2019-09-28 01:15:26,087 [pool-167-thread-1] INFO  server.RaftServerConfigKeys (ConfUtils.java:logGet(43)) - raft.server.notification.no-leader.timeout = 120s (custom)
2019-09-28 01:15:26,087 [pool-147-thread-1] INFO  server.RaftServerConfigKeys (ConfUtils.java:logGet(43)) - raft.server.notification.no-leader.timeout = 120s (custom)
2019-09-28 01:15:26,087 [pool-167-thread-1] INFO  server.RaftServerConfigKeys (ConfUtils.java:logGet(43)) - raft.server.log.use.memory = false (default)
2019-09-28 01:15:26,088 [pool-147-thread-1] INFO  server.RaftServerConfigKeys (ConfUtils.java:logGet(43)) - raft.server.log.use.memory = false (default)
2019-09-28 01:15:26,088 [pool-167-thread-1] INFO  server.RaftServerConfigKeys (ConfUtils.java:logGet(43)) - raft.server.log.purge.gap = 1000000 (custom)
2019-09-28 01:15:26,088 [pool-147-thread-1] INFO  server.RaftServerConfigKeys (ConfUtils.java:logGet(43)) - raft.server.log.purge.gap = 1000000 (custom)
2019-09-28 01:15:26,088 [pool-167-thread-1] INFO  server.RaftServerConfigKeys (ConfUtils.java:logGet(43)) - raft.server.log.appender.buffer.byte-limit = 33554432 (custom)
2019-09-28 01:15:26,088 [pool-147-thread-1] INFO  server.RaftServerConfigKeys (ConfUtils.java:logGet(43)) - raft.server.log.appender.buffer.byte-limit = 33554432 (custom)
2019-09-28 01:15:26,088 [pool-167-thread-1] INFO  server.RaftServerConfigKeys (ConfUtils.java:logGet(43)) - raft.server.log.segment.size.max = 1048576 (custom)
2019-09-28 01:15:26,089 [pool-147-thread-1] INFO  server.RaftServerConfigKeys (ConfUtils.java:logGet(43)) - raft.server.log.segment.size.max = 1048576 (custom)
2019-09-28 01:15:26,089 [pool-167-thread-1] INFO  server.RaftServerConfigKeys (ConfUtils.java:logGet(43)) - raft.server.log.segment.cache.num.max = 2 (custom)
2019-09-28 01:15:26,089 [pool-147-thread-1] INFO  server.RaftServerConfigKeys (ConfUtils.java:logGet(43)) - raft.server.log.segment.cache.num.max = 2 (custom)
2019-09-28 01:15:26,089 [pool-167-thread-1] INFO  segmented.SegmentedRaftLogWorker (SegmentedRaftLogWorker.java:<init>(172)) - new e1c1c139-c9d2-4524-9627-6fde74a335c6@group-6C5385ADC24A-SegmentedRaftLogWorker for RaftStorage:Storage Directory /workdir/hadoop-ozone/integration-test/target/test-dir/MiniOzoneClusterImpl-d0fea965-b787-49be-9c96-deb71f4b2c88/datanode-2/data/ratis/df035308-aa4a-4d6a-bbd5-6c5385adc24a
2019-09-28 01:15:26,089 [pool-147-thread-1] INFO  segmented.SegmentedRaftLogWorker (SegmentedRaftLogWorker.java:<init>(172)) - new d239b4fc-5ffb-4450-8968-7f1e37e2dc0b@group-6C5385ADC24A-SegmentedRaftLogWorker for RaftStorage:Storage Directory /workdir/hadoop-ozone/integration-test/target/test-dir/MiniOzoneClusterImpl-d0fea965-b787-49be-9c96-deb71f4b2c88/datanode-0/data/ratis/df035308-aa4a-4d6a-bbd5-6c5385adc24a
2019-09-28 01:15:26,090 [pool-157-thread-1] INFO  impl.RaftServerImpl (RaftServerImpl.java:start(185)) - 88097dad-bc5b-411c-9cd7-f6ac7aee11e0@group-6C5385ADC24A: start as a follower, conf=-1: [e1c1c139-c9d2-4524-9627-6fde74a335c6:192.168.151.82:43308, d239b4fc-5ffb-4450-8968-7f1e37e2dc0b:192.168.151.82:43077, 88097dad-bc5b-411c-9cd7-f6ac7aee11e0:192.168.151.82:44181], old=null
2019-09-28 01:15:26,090 [pool-167-thread-1] INFO  server.RaftServerConfigKeys (ConfUtils.java:logGet(43)) - raft.server.log.queue.byte-limit = 2147483647 (custom)
2019-09-28 01:15:26,090 [pool-157-thread-1] INFO  impl.RaftServerImpl (RaftServerImpl.java:setRole(174)) - 88097dad-bc5b-411c-9cd7-f6ac7aee11e0@group-6C5385ADC24A: changes role from      null to FOLLOWER at term 0 for startAsFollower
2019-09-28 01:15:26,090 [pool-147-thread-1] INFO  server.RaftServerConfigKeys (ConfUtils.java:logGet(43)) - raft.server.log.queue.byte-limit = 2147483647 (custom)
2019-09-28 01:15:26,090 [pool-157-thread-1] INFO  impl.RoleInfo (RoleInfo.java:updateAndGet(143)) - 88097dad-bc5b-411c-9cd7-f6ac7aee11e0: start FollowerState
2019-09-28 01:15:26,090 [pool-167-thread-1] INFO  server.RaftServerConfigKeys (ConfUtils.java:logGet(43)) - raft.server.log.queue.element-limit = 1024 (custom)
2019-09-28 01:15:26,090 [pool-147-thread-1] INFO  server.RaftServerConfigKeys (ConfUtils.java:logGet(43)) - raft.server.log.queue.element-limit = 1024 (custom)
2019-09-28 01:15:26,091 [pool-157-thread-1] INFO  util.JmxRegister (JmxRegister.java:tryRegister(44)) - Successfully registered JMX Bean with object name Ratis:service=RaftServer,group=group-6C5385ADC24A,id=88097dad-bc5b-411c-9cd7-f6ac7aee11e0
2019-09-28 01:15:26,091 [pool-167-thread-1] INFO  server.RaftServerConfigKeys (ConfUtils.java:logGet(43)) - raft.server.log.segment.size.max = 1048576 (custom)
2019-09-28 01:15:26,091 [pool-147-thread-1] INFO  server.RaftServerConfigKeys (ConfUtils.java:logGet(43)) - raft.server.log.segment.size.max = 1048576 (custom)
2019-09-28 01:15:26,091 [pool-167-thread-1] INFO  server.RaftServerConfigKeys (ConfUtils.java:logGet(43)) - raft.server.log.preallocated.size = 16384 (custom)
2019-09-28 01:15:26,091 [pool-147-thread-1] INFO  server.RaftServerConfigKeys (ConfUtils.java:logGet(43)) - raft.server.log.preallocated.size = 16384 (custom)
2019-09-28 01:15:26,091 [pool-167-thread-1] INFO  server.RaftServerConfigKeys (ConfUtils.java:logGet(43)) - raft.server.log.write.buffer.size = 33554432 (custom)
2019-09-28 01:15:26,091 [pool-147-thread-1] INFO  server.RaftServerConfigKeys (ConfUtils.java:logGet(43)) - raft.server.log.write.buffer.size = 33554432 (custom)
2019-09-28 01:15:26,092 [pool-167-thread-1] INFO  server.RaftServerConfigKeys (ConfUtils.java:logGet(43)) - raft.server.log.force.sync.num = 128 (default)
2019-09-28 01:15:26,092 [pool-147-thread-1] INFO  server.RaftServerConfigKeys (ConfUtils.java:logGet(43)) - raft.server.log.force.sync.num = 128 (default)
2019-09-28 01:15:26,092 [pool-167-thread-1] INFO  server.RaftServerConfigKeys (ConfUtils.java:logGet(43)) - raft.server.log.statemachine.data.sync = true (default)
2019-09-28 01:15:26,092 [pool-147-thread-1] INFO  server.RaftServerConfigKeys (ConfUtils.java:logGet(43)) - raft.server.log.statemachine.data.sync = true (default)
2019-09-28 01:15:26,095 [pool-167-thread-1] INFO  server.RaftServerConfigKeys (ConfUtils.java:logGet(43)) - raft.server.log.statemachine.data.sync.timeout = 10s (default)
2019-09-28 01:15:26,095 [pool-147-thread-1] INFO  server.RaftServerConfigKeys (ConfUtils.java:logGet(43)) - raft.server.log.statemachine.data.sync.timeout = 10s (default)
2019-09-28 01:15:26,095 [pool-167-thread-1] INFO  server.RaftServerConfigKeys (ConfUtils.java:logGet(43)) - raft.server.log.statemachine.data.sync.timeout.retry = -1 (default)
2019-09-28 01:15:26,095 [pool-147-thread-1] INFO  server.RaftServerConfigKeys (ConfUtils.java:logGet(43)) - raft.server.log.statemachine.data.sync.timeout.retry = -1 (default)
2019-09-28 01:15:26,096 [pool-167-thread-1] INFO  server.RaftServerConfigKeys (ConfUtils.java:logGet(43)) - raft.server.log.statemachine.data.caching.enabled = true (custom)
2019-09-28 01:15:26,096 [pool-147-thread-1] INFO  server.RaftServerConfigKeys (ConfUtils.java:logGet(43)) - raft.server.log.statemachine.data.caching.enabled = true (custom)
2019-09-28 01:15:26,096 [pool-167-thread-1] INFO  segmented.SegmentedRaftLogWorker (SegmentedRaftLogWorker.java:lambda$new$0(132)) - e1c1c139-c9d2-4524-9627-6fde74a335c6@group-6C5385ADC24A-SegmentedRaftLogWorker: flushIndex: setUnconditionally 0 -> -1
2019-09-28 01:15:26,096 [pool-147-thread-1] INFO  segmented.SegmentedRaftLogWorker (SegmentedRaftLogWorker.java:lambda$new$0(132)) - d239b4fc-5ffb-4450-8968-7f1e37e2dc0b@group-6C5385ADC24A-SegmentedRaftLogWorker: flushIndex: setUnconditionally 0 -> -1
2019-09-28 01:15:26,096 [pool-167-thread-1] INFO  server.RaftServerConfigKeys (ConfUtils.java:logGet(43)) - raft.server.snapshot.auto.trigger.enabled = true (custom)
2019-09-28 01:15:26,097 [pool-147-thread-1] INFO  server.RaftServerConfigKeys (ConfUtils.java:logGet(43)) - raft.server.snapshot.auto.trigger.enabled = true (custom)
2019-09-28 01:15:26,097 [pool-167-thread-1] INFO  server.RaftServerConfigKeys (ConfUtils.java:logGet(43)) - raft.server.snapshot.auto.trigger.threshold = 10000 (custom)
2019-09-28 01:15:26,097 [pool-147-thread-1] INFO  server.RaftServerConfigKeys (ConfUtils.java:logGet(43)) - raft.server.snapshot.auto.trigger.threshold = 10000 (custom)
2019-09-28 01:15:26,097 [pool-167-thread-1] INFO  server.RaftServerConfigKeys (ConfUtils.java:logGet(43)) - raft.server.snapshot.retention.num.files = 5 (custom)
2019-09-28 01:15:26,097 [pool-147-thread-1] INFO  server.RaftServerConfigKeys (ConfUtils.java:logGet(43)) - raft.server.snapshot.retention.num.files = 5 (custom)
2019-09-28 01:15:26,097 [pool-167-thread-1] INFO  server.RaftServerConfigKeys (ConfUtils.java:logGet(43)) - raft.server.retrycache.expirytime = 600000ms (custom)
2019-09-28 01:15:26,097 [pool-147-thread-1] INFO  server.RaftServerConfigKeys (ConfUtils.java:logGet(43)) - raft.server.retrycache.expirytime = 600000ms (custom)
2019-09-28 01:15:26,101 [pool-167-thread-1] INFO  impl.RaftServerImpl (RaftServerImpl.java:start(185)) - e1c1c139-c9d2-4524-9627-6fde74a335c6@group-6C5385ADC24A: start as a follower, conf=-1: [e1c1c139-c9d2-4524-9627-6fde74a335c6:192.168.151.82:43308, d239b4fc-5ffb-4450-8968-7f1e37e2dc0b:192.168.151.82:43077, 88097dad-bc5b-411c-9cd7-f6ac7aee11e0:192.168.151.82:44181], old=null
2019-09-28 01:15:26,101 [pool-167-thread-1] INFO  impl.RaftServerImpl (RaftServerImpl.java:setRole(174)) - e1c1c139-c9d2-4524-9627-6fde74a335c6@group-6C5385ADC24A: changes role from      null to FOLLOWER at term 0 for startAsFollower
2019-09-28 01:15:26,101 [pool-147-thread-1] INFO  impl.RaftServerImpl (RaftServerImpl.java:start(185)) - d239b4fc-5ffb-4450-8968-7f1e37e2dc0b@group-6C5385ADC24A: start as a follower, conf=-1: [e1c1c139-c9d2-4524-9627-6fde74a335c6:192.168.151.82:43308, d239b4fc-5ffb-4450-8968-7f1e37e2dc0b:192.168.151.82:43077, 88097dad-bc5b-411c-9cd7-f6ac7aee11e0:192.168.151.82:44181], old=null
2019-09-28 01:15:26,101 [pool-167-thread-1] INFO  impl.RoleInfo (RoleInfo.java:updateAndGet(143)) - e1c1c139-c9d2-4524-9627-6fde74a335c6: start FollowerState
2019-09-28 01:15:26,101 [pool-147-thread-1] INFO  impl.RaftServerImpl (RaftServerImpl.java:setRole(174)) - d239b4fc-5ffb-4450-8968-7f1e37e2dc0b@group-6C5385ADC24A: changes role from      null to FOLLOWER at term 0 for startAsFollower
2019-09-28 01:15:26,101 [pool-147-thread-1] INFO  impl.RoleInfo (RoleInfo.java:updateAndGet(143)) - d239b4fc-5ffb-4450-8968-7f1e37e2dc0b: start FollowerState
2019-09-28 01:15:26,101 [pool-167-thread-1] INFO  util.JmxRegister (JmxRegister.java:tryRegister(44)) - Successfully registered JMX Bean with object name Ratis:service=RaftServer,group=group-6C5385ADC24A,id=e1c1c139-c9d2-4524-9627-6fde74a335c6
2019-09-28 01:15:26,102 [pool-147-thread-1] INFO  util.JmxRegister (JmxRegister.java:tryRegister(44)) - Successfully registered JMX Bean with object name Ratis:service=RaftServer,group=group-6C5385ADC24A,id=d239b4fc-5ffb-4450-8968-7f1e37e2dc0b
2019-09-28 01:15:26,109 [RatisPipelineUtilsThread] INFO  pipeline.PipelineStateManager (PipelineStateManager.java:addPipeline(56)) - Created pipeline Pipeline[ Id: df035308-aa4a-4d6a-bbd5-6c5385adc24a, Nodes: d239b4fc-5ffb-4450-8968-7f1e37e2dc0b{ip: 192.168.151.82, host: pr-hdds-2162-8g7kw-3348123894, networkLocation: /rack1, certSerialId: null}e1c1c139-c9d2-4524-9627-6fde74a335c6{ip: 192.168.151.82, host: pr-hdds-2162-8g7kw-3348123894, networkLocation: /rack1, certSerialId: null}88097dad-bc5b-411c-9cd7-f6ac7aee11e0{ip: 192.168.151.82, host: pr-hdds-2162-8g7kw-3348123894, networkLocation: /rack1, certSerialId: null}, Type:RATIS, Factor:THREE, State:OPEN]
2019-09-28 01:15:26,121 [grpc-default-executor-0] INFO  impl.RaftServerProxy (RaftServerProxy.java:addNew(89)) - 30802873-5cdc-4a1f-a873-68d0f5360ef3: addNew group-98C043533B4B:[30802873-5cdc-4a1f-a873-68d0f5360ef3:192.168.151.82:38416] returns group-98C043533B4B:java.util.concurrent.CompletableFuture@f0e4855[Not completed]
2019-09-28 01:15:26,122 [pool-187-thread-1] INFO  impl.RaftServerImpl (RaftServerImpl.java:<init>(95)) - 30802873-5cdc-4a1f-a873-68d0f5360ef3: new RaftServerImpl for group-98C043533B4B:[30802873-5cdc-4a1f-a873-68d0f5360ef3:192.168.151.82:38416] with ContainerStateMachine:uninitialized
2019-09-28 01:15:26,133 [pool-187-thread-1] INFO  server.RaftServerConfigKeys (ConfUtils.java:logGet(43)) - raft.server.rpc.timeout.min = 1s (custom)
2019-09-28 01:15:26,133 [pool-187-thread-1] INFO  server.RaftServerConfigKeys (ConfUtils.java:logGet(43)) - raft.server.rpc.timeout.max = 1200ms (custom)
2019-09-28 01:15:26,133 [pool-187-thread-1] INFO  server.RaftServerConfigKeys (ConfUtils.java:logGet(43)) - raft.server.rpcslowness.timeout = 120s (custom)
2019-09-28 01:15:26,133 [pool-187-thread-1] INFO  server.RaftServerConfigKeys (ConfUtils.java:logGet(43)) - raft.server.sleep.deviation.threshold = 300 (default)
2019-09-28 01:15:26,133 [pool-187-thread-1] INFO  server.RaftServerConfigKeys (ConfUtils.java:logGet(43)) - raft.server.log.appender.install.snapshot.enabled = false (custom)
2019-09-28 01:15:26,134 [pool-187-thread-1] INFO  impl.RaftServerImpl (ServerState.java:<init>(103)) - 30802873-5cdc-4a1f-a873-68d0f5360ef3@group-98C043533B4B: ConfigurationManager, init=-1: [30802873-5cdc-4a1f-a873-68d0f5360ef3:192.168.151.82:38416], old=null, confs=<EMPTY_MAP>
2019-09-28 01:15:26,134 [pool-187-thread-1] INFO  server.RaftServerConfigKeys (ConfUtils.java:logGet(43)) - raft.server.storage.dir = [/workdir/hadoop-ozone/integration-test/target/test-dir/MiniOzoneClusterImpl-d0fea965-b787-49be-9c96-deb71f4b2c88/datanode-4/data/ratis] (custom)
2019-09-28 01:15:26,134 [pool-187-thread-1] INFO  storage.RaftStorageDirectory (RaftStorageDirectory.java:analyzeStorage(246)) - The storage directory /workdir/hadoop-ozone/integration-test/target/test-dir/MiniOzoneClusterImpl-d0fea965-b787-49be-9c96-deb71f4b2c88/datanode-4/data/ratis/8d313ee0-6085-4519-b005-98c043533b4b does not exist. Creating ...
2019-09-28 01:15:26,134 [IPC Server handler 3 on 35844] INFO  net.NetworkTopology (NetworkTopologyImpl.java:add(111)) - Added a new node: /rack1/e713f41d-3c96-4fbb-9d49-ce14b311e545
2019-09-28 01:15:26,135 [IPC Server handler 3 on 35844] INFO  node.SCMNodeManager (SCMNodeManager.java:register(266)) - Registered Data node : e713f41d-3c96-4fbb-9d49-ce14b311e545{ip: 192.168.151.82, host: pr-hdds-2162-8g7kw-3348123894, networkLocation: /rack1, certSerialId: null}
2019-09-28 01:15:26,140 [pool-187-thread-1] INFO  storage.RaftStorageDirectory (RaftStorageDirectory.java:tryLock(328)) - Lock on /workdir/hadoop-ozone/integration-test/target/test-dir/MiniOzoneClusterImpl-d0fea965-b787-49be-9c96-deb71f4b2c88/datanode-4/data/ratis/8d313ee0-6085-4519-b005-98c043533b4b/in_use.lock acquired by nodename 30873@pr-hdds-2162-8g7kw-3348123894
2019-09-28 01:15:26,154 [pool-187-thread-1] INFO  storage.RaftStorage (RaftStorage.java:format(72)) - Storage directory /workdir/hadoop-ozone/integration-test/target/test-dir/MiniOzoneClusterImpl-d0fea965-b787-49be-9c96-deb71f4b2c88/datanode-4/data/ratis/8d313ee0-6085-4519-b005-98c043533b4b has been successfully formatted.
2019-09-28 01:15:26,154 [pool-187-thread-1] INFO  ratis.ContainerStateMachine (ContainerStateMachine.java:loadSnapshot(230)) - group-98C043533B4B: The snapshot info is null. Setting the last applied indexto:(t:0, i:~)
2019-09-28 01:15:26,154 [pool-187-thread-1] INFO  server.RaftServerConfigKeys (ConfUtils.java:logGet(43)) - raft.server.notification.no-leader.timeout = 120s (custom)
2019-09-28 01:15:26,154 [pool-187-thread-1] INFO  server.RaftServerConfigKeys (ConfUtils.java:logGet(43)) - raft.server.log.use.memory = false (default)
2019-09-28 01:15:26,154 [pool-187-thread-1] INFO  server.RaftServerConfigKeys (ConfUtils.java:logGet(43)) - raft.server.log.purge.gap = 1000000 (custom)
2019-09-28 01:15:26,154 [pool-187-thread-1] INFO  server.RaftServerConfigKeys (ConfUtils.java:logGet(43)) - raft.server.log.appender.buffer.byte-limit = 33554432 (custom)
2019-09-28 01:15:26,155 [pool-187-thread-1] INFO  server.RaftServerConfigKeys (ConfUtils.java:logGet(43)) - raft.server.log.segment.size.max = 1048576 (custom)
2019-09-28 01:15:26,155 [pool-187-thread-1] INFO  server.RaftServerConfigKeys (ConfUtils.java:logGet(43)) - raft.server.log.segment.cache.num.max = 2 (custom)
2019-09-28 01:15:26,155 [pool-187-thread-1] INFO  segmented.SegmentedRaftLogWorker (SegmentedRaftLogWorker.java:<init>(172)) - new 30802873-5cdc-4a1f-a873-68d0f5360ef3@group-98C043533B4B-SegmentedRaftLogWorker for RaftStorage:Storage Directory /workdir/hadoop-ozone/integration-test/target/test-dir/MiniOzoneClusterImpl-d0fea965-b787-49be-9c96-deb71f4b2c88/datanode-4/data/ratis/8d313ee0-6085-4519-b005-98c043533b4b
2019-09-28 01:15:26,158 [pool-187-thread-1] INFO  server.RaftServerConfigKeys (ConfUtils.java:logGet(43)) - raft.server.log.queue.byte-limit = 2147483647 (custom)
2019-09-28 01:15:26,158 [pool-187-thread-1] INFO  server.RaftServerConfigKeys (ConfUtils.java:logGet(43)) - raft.server.log.queue.element-limit = 1024 (custom)
2019-09-28 01:15:26,158 [pool-187-thread-1] INFO  server.RaftServerConfigKeys (ConfUtils.java:logGet(43)) - raft.server.log.segment.size.max = 1048576 (custom)
2019-09-28 01:15:26,158 [pool-187-thread-1] INFO  server.RaftServerConfigKeys (ConfUtils.java:logGet(43)) - raft.server.log.preallocated.size = 16384 (custom)
2019-09-28 01:15:26,158 [pool-187-thread-1] INFO  server.RaftServerConfigKeys (ConfUtils.java:logGet(43)) - raft.server.log.write.buffer.size = 33554432 (custom)
2019-09-28 01:15:26,158 [pool-187-thread-1] INFO  server.RaftServerConfigKeys (ConfUtils.java:logGet(43)) - raft.server.log.force.sync.num = 128 (default)
2019-09-28 01:15:26,159 [pool-187-thread-1] INFO  server.RaftServerConfigKeys (ConfUtils.java:logGet(43)) - raft.server.log.statemachine.data.sync = true (default)
2019-09-28 01:15:26,159 [pool-187-thread-1] INFO  server.RaftServerConfigKeys (ConfUtils.java:logGet(43)) - raft.server.log.statemachine.data.sync.timeout = 10s (default)
2019-09-28 01:15:26,159 [pool-187-thread-1] INFO  server.RaftServerConfigKeys (ConfUtils.java:logGet(43)) - raft.server.log.statemachine.data.sync.timeout.retry = -1 (default)
2019-09-28 01:15:26,159 [pool-187-thread-1] INFO  server.RaftServerConfigKeys (ConfUtils.java:logGet(43)) - raft.server.log.statemachine.data.caching.enabled = true (custom)
2019-09-28 01:15:26,160 [pool-187-thread-1] INFO  segmented.SegmentedRaftLogWorker (SegmentedRaftLogWorker.java:lambda$new$0(132)) - 30802873-5cdc-4a1f-a873-68d0f5360ef3@group-98C043533B4B-SegmentedRaftLogWorker: flushIndex: setUnconditionally 0 -> -1
2019-09-28 01:15:26,160 [pool-187-thread-1] INFO  server.RaftServerConfigKeys (ConfUtils.java:logGet(43)) - raft.server.snapshot.auto.trigger.enabled = true (custom)
2019-09-28 01:15:26,160 [pool-187-thread-1] INFO  server.RaftServerConfigKeys (ConfUtils.java:logGet(43)) - raft.server.snapshot.auto.trigger.threshold = 10000 (custom)
2019-09-28 01:15:26,160 [pool-187-thread-1] INFO  server.RaftServerConfigKeys (ConfUtils.java:logGet(43)) - raft.server.snapshot.retention.num.files = 5 (custom)
2019-09-28 01:15:26,161 [pool-187-thread-1] INFO  server.RaftServerConfigKeys (ConfUtils.java:logGet(43)) - raft.server.retrycache.expirytime = 600000ms (custom)
2019-09-28 01:15:26,163 [pool-187-thread-1] INFO  impl.RaftServerImpl (RaftServerImpl.java:start(185)) - 30802873-5cdc-4a1f-a873-68d0f5360ef3@group-98C043533B4B: start as a follower, conf=-1: [30802873-5cdc-4a1f-a873-68d0f5360ef3:192.168.151.82:38416], old=null
2019-09-28 01:15:26,163 [pool-187-thread-1] INFO  impl.RaftServerImpl (RaftServerImpl.java:setRole(174)) - 30802873-5cdc-4a1f-a873-68d0f5360ef3@group-98C043533B4B: changes role from      null to FOLLOWER at term 0 for startAsFollower
2019-09-28 01:15:26,163 [pool-187-thread-1] INFO  impl.RoleInfo (RoleInfo.java:updateAndGet(143)) - 30802873-5cdc-4a1f-a873-68d0f5360ef3: start FollowerState
2019-09-28 01:15:26,164 [pool-187-thread-1] INFO  util.JmxRegister (JmxRegister.java:tryRegister(44)) - Successfully registered JMX Bean with object name Ratis:service=RaftServer,group=group-98C043533B4B,id=30802873-5cdc-4a1f-a873-68d0f5360ef3
2019-09-28 01:15:26,171 [RatisPipelineUtilsThread] INFO  pipeline.PipelineStateManager (PipelineStateManager.java:addPipeline(56)) - Created pipeline Pipeline[ Id: 8d313ee0-6085-4519-b005-98c043533b4b, Nodes: 30802873-5cdc-4a1f-a873-68d0f5360ef3{ip: 192.168.151.82, host: pr-hdds-2162-8g7kw-3348123894, networkLocation: /rack1, certSerialId: null}, Type:RATIS, Factor:ONE, State:OPEN]
2019-09-28 01:15:26,193 [grpc-default-executor-0] INFO  impl.RaftServerProxy (RaftServerProxy.java:addNew(89)) - e713f41d-3c96-4fbb-9d49-ce14b311e545: addNew group-6139FA5B632A:[e713f41d-3c96-4fbb-9d49-ce14b311e545:192.168.151.82:35990] returns group-6139FA5B632A:java.util.concurrent.CompletableFuture@288db19[Not completed]
2019-09-28 01:15:26,196 [pool-197-thread-1] INFO  impl.RaftServerImpl (RaftServerImpl.java:<init>(95)) - e713f41d-3c96-4fbb-9d49-ce14b311e545: new RaftServerImpl for group-6139FA5B632A:[e713f41d-3c96-4fbb-9d49-ce14b311e545:192.168.151.82:35990] with ContainerStateMachine:uninitialized
2019-09-28 01:15:26,196 [pool-197-thread-1] INFO  server.RaftServerConfigKeys (ConfUtils.java:logGet(43)) - raft.server.rpc.timeout.min = 1s (custom)
2019-09-28 01:15:26,196 [pool-197-thread-1] INFO  server.RaftServerConfigKeys (ConfUtils.java:logGet(43)) - raft.server.rpc.timeout.max = 1200ms (custom)
2019-09-28 01:15:26,196 [pool-197-thread-1] INFO  server.RaftServerConfigKeys (ConfUtils.java:logGet(43)) - raft.server.rpcslowness.timeout = 120s (custom)
2019-09-28 01:15:26,196 [pool-197-thread-1] INFO  server.RaftServerConfigKeys (ConfUtils.java:logGet(43)) - raft.server.sleep.deviation.threshold = 300 (default)
2019-09-28 01:15:26,196 [pool-197-thread-1] INFO  server.RaftServerConfigKeys (ConfUtils.java:logGet(43)) - raft.server.log.appender.install.snapshot.enabled = false (custom)
2019-09-28 01:15:26,197 [pool-197-thread-1] INFO  impl.RaftServerImpl (ServerState.java:<init>(103)) - e713f41d-3c96-4fbb-9d49-ce14b311e545@group-6139FA5B632A: ConfigurationManager, init=-1: [e713f41d-3c96-4fbb-9d49-ce14b311e545:192.168.151.82:35990], old=null, confs=<EMPTY_MAP>
2019-09-28 01:15:26,197 [pool-197-thread-1] INFO  server.RaftServerConfigKeys (ConfUtils.java:logGet(43)) - raft.server.storage.dir = [/workdir/hadoop-ozone/integration-test/target/test-dir/MiniOzoneClusterImpl-d0fea965-b787-49be-9c96-deb71f4b2c88/datanode-5/data/ratis] (custom)
2019-09-28 01:15:26,197 [pool-197-thread-1] INFO  storage.RaftStorageDirectory (RaftStorageDirectory.java:analyzeStorage(246)) - The storage directory /workdir/hadoop-ozone/integration-test/target/test-dir/MiniOzoneClusterImpl-d0fea965-b787-49be-9c96-deb71f4b2c88/datanode-5/data/ratis/af8da9ff-2386-4f4d-b170-6139fa5b632a does not exist. Creating ...
2019-09-28 01:15:26,201 [IPC Server handler 1 on 35844] INFO  net.NetworkTopology (NetworkTopologyImpl.java:add(111)) - Added a new node: /rack1/f755b87f-3959-4e40-9945-0ecb4afd44e3
2019-09-28 01:15:26,201 [IPC Server handler 1 on 35844] INFO  node.SCMNodeManager (SCMNodeManager.java:register(266)) - Registered Data node : f755b87f-3959-4e40-9945-0ecb4afd44e3{ip: 192.168.151.82, host: pr-hdds-2162-8g7kw-3348123894, networkLocation: /rack1, certSerialId: null}
2019-09-28 01:15:26,210 [pool-197-thread-1] INFO  storage.RaftStorageDirectory (RaftStorageDirectory.java:tryLock(328)) - Lock on /workdir/hadoop-ozone/integration-test/target/test-dir/MiniOzoneClusterImpl-d0fea965-b787-49be-9c96-deb71f4b2c88/datanode-5/data/ratis/af8da9ff-2386-4f4d-b170-6139fa5b632a/in_use.lock acquired by nodename 30873@pr-hdds-2162-8g7kw-3348123894
2019-09-28 01:15:26,222 [pool-197-thread-1] INFO  storage.RaftStorage (RaftStorage.java:format(72)) - Storage directory /workdir/hadoop-ozone/integration-test/target/test-dir/MiniOzoneClusterImpl-d0fea965-b787-49be-9c96-deb71f4b2c88/datanode-5/data/ratis/af8da9ff-2386-4f4d-b170-6139fa5b632a has been successfully formatted.
2019-09-28 01:15:26,223 [pool-197-thread-1] INFO  ratis.ContainerStateMachine (ContainerStateMachine.java:loadSnapshot(230)) - group-6139FA5B632A: The snapshot info is null. Setting the last applied indexto:(t:0, i:~)
2019-09-28 01:15:26,223 [pool-197-thread-1] INFO  server.RaftServerConfigKeys (ConfUtils.java:logGet(43)) - raft.server.notification.no-leader.timeout = 120s (custom)
2019-09-28 01:15:26,223 [pool-197-thread-1] INFO  server.RaftServerConfigKeys (ConfUtils.java:logGet(43)) - raft.server.log.use.memory = false (default)
2019-09-28 01:15:26,223 [pool-197-thread-1] INFO  server.RaftServerConfigKeys (ConfUtils.java:logGet(43)) - raft.server.log.purge.gap = 1000000 (custom)
2019-09-28 01:15:26,223 [pool-197-thread-1] INFO  server.RaftServerConfigKeys (ConfUtils.java:logGet(43)) - raft.server.log.appender.buffer.byte-limit = 33554432 (custom)
2019-09-28 01:15:26,224 [pool-197-thread-1] INFO  server.RaftServerConfigKeys (ConfUtils.java:logGet(43)) - raft.server.log.segment.size.max = 1048576 (custom)
2019-09-28 01:15:26,224 [pool-197-thread-1] INFO  server.RaftServerConfigKeys (ConfUtils.java:logGet(43)) - raft.server.log.segment.cache.num.max = 2 (custom)
2019-09-28 01:15:26,224 [pool-197-thread-1] INFO  segmented.SegmentedRaftLogWorker (SegmentedRaftLogWorker.java:<init>(172)) - new e713f41d-3c96-4fbb-9d49-ce14b311e545@group-6139FA5B632A-SegmentedRaftLogWorker for RaftStorage:Storage Directory /workdir/hadoop-ozone/integration-test/target/test-dir/MiniOzoneClusterImpl-d0fea965-b787-49be-9c96-deb71f4b2c88/datanode-5/data/ratis/af8da9ff-2386-4f4d-b170-6139fa5b632a
2019-09-28 01:15:26,226 [pool-197-thread-1] INFO  server.RaftServerConfigKeys (ConfUtils.java:logGet(43)) - raft.server.log.queue.byte-limit = 2147483647 (custom)
2019-09-28 01:15:26,226 [pool-197-thread-1] INFO  server.RaftServerConfigKeys (ConfUtils.java:logGet(43)) - raft.server.log.queue.element-limit = 1024 (custom)
2019-09-28 01:15:26,226 [pool-197-thread-1] INFO  server.RaftServerConfigKeys (ConfUtils.java:logGet(43)) - raft.server.log.segment.size.max = 1048576 (custom)
2019-09-28 01:15:26,227 [pool-197-thread-1] INFO  server.RaftServerConfigKeys (ConfUtils.java:logGet(43)) - raft.server.log.preallocated.size = 16384 (custom)
2019-09-28 01:15:26,227 [pool-197-thread-1] INFO  server.RaftServerConfigKeys (ConfUtils.java:logGet(43)) - raft.server.log.write.buffer.size = 33554432 (custom)
2019-09-28 01:15:26,227 [pool-197-thread-1] INFO  server.RaftServerConfigKeys (ConfUtils.java:logGet(43)) - raft.server.log.force.sync.num = 128 (default)
2019-09-28 01:15:26,227 [pool-197-thread-1] INFO  server.RaftServerConfigKeys (ConfUtils.java:logGet(43)) - raft.server.log.statemachine.data.sync = true (default)
2019-09-28 01:15:26,227 [pool-197-thread-1] INFO  server.RaftServerConfigKeys (ConfUtils.java:logGet(43)) - raft.server.log.statemachine.data.sync.timeout = 10s (default)
2019-09-28 01:15:26,227 [pool-197-thread-1] INFO  server.RaftServerConfigKeys (ConfUtils.java:logGet(43)) - raft.server.log.statemachine.data.sync.timeout.retry = -1 (default)
2019-09-28 01:15:26,227 [pool-197-thread-1] INFO  server.RaftServerConfigKeys (ConfUtils.java:logGet(43)) - raft.server.log.statemachine.data.caching.enabled = true (custom)
2019-09-28 01:15:26,228 [pool-197-thread-1] INFO  segmented.SegmentedRaftLogWorker (SegmentedRaftLogWorker.java:lambda$new$0(132)) - e713f41d-3c96-4fbb-9d49-ce14b311e545@group-6139FA5B632A-SegmentedRaftLogWorker: flushIndex: setUnconditionally 0 -> -1
2019-09-28 01:15:26,228 [pool-197-thread-1] INFO  server.RaftServerConfigKeys (ConfUtils.java:logGet(43)) - raft.server.snapshot.auto.trigger.enabled = true (custom)
2019-09-28 01:15:26,228 [pool-197-thread-1] INFO  server.RaftServerConfigKeys (ConfUtils.java:logGet(43)) - raft.server.snapshot.auto.trigger.threshold = 10000 (custom)
2019-09-28 01:15:26,228 [pool-197-thread-1] INFO  server.RaftServerConfigKeys (ConfUtils.java:logGet(43)) - raft.server.snapshot.retention.num.files = 5 (custom)
2019-09-28 01:15:26,229 [pool-197-thread-1] INFO  server.RaftServerConfigKeys (ConfUtils.java:logGet(43)) - raft.server.retrycache.expirytime = 600000ms (custom)
2019-09-28 01:15:26,231 [pool-197-thread-1] INFO  impl.RaftServerImpl (RaftServerImpl.java:start(185)) - e713f41d-3c96-4fbb-9d49-ce14b311e545@group-6139FA5B632A: start as a follower, conf=-1: [e713f41d-3c96-4fbb-9d49-ce14b311e545:192.168.151.82:35990], old=null
2019-09-28 01:15:26,231 [pool-197-thread-1] INFO  impl.RaftServerImpl (RaftServerImpl.java:setRole(174)) - e713f41d-3c96-4fbb-9d49-ce14b311e545@group-6139FA5B632A: changes role from      null to FOLLOWER at term 0 for startAsFollower
2019-09-28 01:15:26,231 [pool-197-thread-1] INFO  impl.RoleInfo (RoleInfo.java:updateAndGet(143)) - e713f41d-3c96-4fbb-9d49-ce14b311e545: start FollowerState
2019-09-28 01:15:26,231 [pool-197-thread-1] INFO  util.JmxRegister (JmxRegister.java:tryRegister(44)) - Successfully registered JMX Bean with object name Ratis:service=RaftServer,group=group-6139FA5B632A,id=e713f41d-3c96-4fbb-9d49-ce14b311e545
2019-09-28 01:15:26,237 [RatisPipelineUtilsThread] INFO  pipeline.PipelineStateManager (PipelineStateManager.java:addPipeline(56)) - Created pipeline Pipeline[ Id: af8da9ff-2386-4f4d-b170-6139fa5b632a, Nodes: e713f41d-3c96-4fbb-9d49-ce14b311e545{ip: 192.168.151.82, host: pr-hdds-2162-8g7kw-3348123894, networkLocation: /rack1, certSerialId: null}, Type:RATIS, Factor:ONE, State:OPEN]
2019-09-28 01:15:26,246 [grpc-default-executor-0] INFO  impl.RaftServerProxy (RaftServerProxy.java:addNew(89)) - f755b87f-3959-4e40-9945-0ecb4afd44e3: addNew group-AC77E424B83B:[f755b87f-3959-4e40-9945-0ecb4afd44e3:192.168.151.82:46859] returns group-AC77E424B83B:java.util.concurrent.CompletableFuture@1e41c773[Not completed]
2019-09-28 01:15:26,248 [pool-207-thread-1] INFO  impl.RaftServerImpl (RaftServerImpl.java:<init>(95)) - f755b87f-3959-4e40-9945-0ecb4afd44e3: new RaftServerImpl for group-AC77E424B83B:[f755b87f-3959-4e40-9945-0ecb4afd44e3:192.168.151.82:46859] with ContainerStateMachine:uninitialized
2019-09-28 01:15:26,248 [pool-207-thread-1] INFO  server.RaftServerConfigKeys (ConfUtils.java:logGet(43)) - raft.server.rpc.timeout.min = 1s (custom)
2019-09-28 01:15:26,249 [pool-207-thread-1] INFO  server.RaftServerConfigKeys (ConfUtils.java:logGet(43)) - raft.server.rpc.timeout.max = 1200ms (custom)
2019-09-28 01:15:26,249 [pool-207-thread-1] INFO  server.RaftServerConfigKeys (ConfUtils.java:logGet(43)) - raft.server.rpcslowness.timeout = 120s (custom)
2019-09-28 01:15:26,249 [pool-207-thread-1] INFO  server.RaftServerConfigKeys (ConfUtils.java:logGet(43)) - raft.server.sleep.deviation.threshold = 300 (default)
2019-09-28 01:15:26,249 [pool-207-thread-1] INFO  server.RaftServerConfigKeys (ConfUtils.java:logGet(43)) - raft.server.log.appender.install.snapshot.enabled = false (custom)
2019-09-28 01:15:26,249 [pool-207-thread-1] INFO  impl.RaftServerImpl (ServerState.java:<init>(103)) - f755b87f-3959-4e40-9945-0ecb4afd44e3@group-AC77E424B83B: ConfigurationManager, init=-1: [f755b87f-3959-4e40-9945-0ecb4afd44e3:192.168.151.82:46859], old=null, confs=<EMPTY_MAP>
2019-09-28 01:15:26,250 [pool-207-thread-1] INFO  server.RaftServerConfigKeys (ConfUtils.java:logGet(43)) - raft.server.storage.dir = [/workdir/hadoop-ozone/integration-test/target/test-dir/MiniOzoneClusterImpl-d0fea965-b787-49be-9c96-deb71f4b2c88/datanode-6/data/ratis] (custom)
2019-09-28 01:15:26,250 [pool-207-thread-1] INFO  storage.RaftStorageDirectory (RaftStorageDirectory.java:analyzeStorage(246)) - The storage directory /workdir/hadoop-ozone/integration-test/target/test-dir/MiniOzoneClusterImpl-d0fea965-b787-49be-9c96-deb71f4b2c88/datanode-6/data/ratis/93e1bc4e-757f-40df-b59c-ac77e424b83b does not exist. Creating ...
2019-09-28 01:15:26,263 [pool-207-thread-1] INFO  storage.RaftStorageDirectory (RaftStorageDirectory.java:tryLock(328)) - Lock on /workdir/hadoop-ozone/integration-test/target/test-dir/MiniOzoneClusterImpl-d0fea965-b787-49be-9c96-deb71f4b2c88/datanode-6/data/ratis/93e1bc4e-757f-40df-b59c-ac77e424b83b/in_use.lock acquired by nodename 30873@pr-hdds-2162-8g7kw-3348123894
2019-09-28 01:15:26,276 [pool-207-thread-1] INFO  storage.RaftStorage (RaftStorage.java:format(72)) - Storage directory /workdir/hadoop-ozone/integration-test/target/test-dir/MiniOzoneClusterImpl-d0fea965-b787-49be-9c96-deb71f4b2c88/datanode-6/data/ratis/93e1bc4e-757f-40df-b59c-ac77e424b83b has been successfully formatted.
2019-09-28 01:15:26,276 [pool-207-thread-1] INFO  ratis.ContainerStateMachine (ContainerStateMachine.java:loadSnapshot(230)) - group-AC77E424B83B: The snapshot info is null. Setting the last applied indexto:(t:0, i:~)
2019-09-28 01:15:26,276 [pool-207-thread-1] INFO  server.RaftServerConfigKeys (ConfUtils.java:logGet(43)) - raft.server.notification.no-leader.timeout = 120s (custom)
2019-09-28 01:15:26,276 [pool-207-thread-1] INFO  server.RaftServerConfigKeys (ConfUtils.java:logGet(43)) - raft.server.log.use.memory = false (default)
2019-09-28 01:15:26,277 [pool-207-thread-1] INFO  server.RaftServerConfigKeys (ConfUtils.java:logGet(43)) - raft.server.log.purge.gap = 1000000 (custom)
2019-09-28 01:15:26,277 [pool-207-thread-1] INFO  server.RaftServerConfigKeys (ConfUtils.java:logGet(43)) - raft.server.log.appender.buffer.byte-limit = 33554432 (custom)
2019-09-28 01:15:26,277 [pool-207-thread-1] INFO  server.RaftServerConfigKeys (ConfUtils.java:logGet(43)) - raft.server.log.segment.size.max = 1048576 (custom)
2019-09-28 01:15:26,277 [pool-207-thread-1] INFO  server.RaftServerConfigKeys (ConfUtils.java:logGet(43)) - raft.server.log.segment.cache.num.max = 2 (custom)
2019-09-28 01:15:26,278 [pool-207-thread-1] INFO  segmented.SegmentedRaftLogWorker (SegmentedRaftLogWorker.java:<init>(172)) - new f755b87f-3959-4e40-9945-0ecb4afd44e3@group-AC77E424B83B-SegmentedRaftLogWorker for RaftStorage:Storage Directory /workdir/hadoop-ozone/integration-test/target/test-dir/MiniOzoneClusterImpl-d0fea965-b787-49be-9c96-deb71f4b2c88/datanode-6/data/ratis/93e1bc4e-757f-40df-b59c-ac77e424b83b
2019-09-28 01:15:26,281 [pool-207-thread-1] INFO  server.RaftServerConfigKeys (ConfUtils.java:logGet(43)) - raft.server.log.queue.byte-limit = 2147483647 (custom)
2019-09-28 01:15:26,281 [pool-207-thread-1] INFO  server.RaftServerConfigKeys (ConfUtils.java:logGet(43)) - raft.server.log.queue.element-limit = 1024 (custom)
2019-09-28 01:15:26,282 [pool-207-thread-1] INFO  server.RaftServerConfigKeys (ConfUtils.java:logGet(43)) - raft.server.log.segment.size.max = 1048576 (custom)
2019-09-28 01:15:26,282 [pool-207-thread-1] INFO  server.RaftServerConfigKeys (ConfUtils.java:logGet(43)) - raft.server.log.preallocated.size = 16384 (custom)
2019-09-28 01:15:26,282 [pool-207-thread-1] INFO  server.RaftServerConfigKeys (ConfUtils.java:logGet(43)) - raft.server.log.write.buffer.size = 33554432 (custom)
2019-09-28 01:15:26,282 [pool-207-thread-1] INFO  server.RaftServerConfigKeys (ConfUtils.java:logGet(43)) - raft.server.log.force.sync.num = 128 (default)
2019-09-28 01:15:26,283 [pool-207-thread-1] INFO  server.RaftServerConfigKeys (ConfUtils.java:logGet(43)) - raft.server.log.statemachine.data.sync = true (default)
2019-09-28 01:15:26,283 [pool-207-thread-1] INFO  server.RaftServerConfigKeys (ConfUtils.java:logGet(43)) - raft.server.log.statemachine.data.sync.timeout = 10s (default)
2019-09-28 01:15:26,283 [pool-207-thread-1] INFO  server.RaftServerConfigKeys (ConfUtils.java:logGet(43)) - raft.server.log.statemachine.data.sync.timeout.retry = -1 (default)
2019-09-28 01:15:26,283 [pool-207-thread-1] INFO  server.RaftServerConfigKeys (ConfUtils.java:logGet(43)) - raft.server.log.statemachine.data.caching.enabled = true (custom)
2019-09-28 01:15:26,284 [pool-207-thread-1] INFO  segmented.SegmentedRaftLogWorker (SegmentedRaftLogWorker.java:lambda$new$0(132)) - f755b87f-3959-4e40-9945-0ecb4afd44e3@group-AC77E424B83B-SegmentedRaftLogWorker: flushIndex: setUnconditionally 0 -> -1
2019-09-28 01:15:26,284 [pool-207-thread-1] INFO  server.RaftServerConfigKeys (ConfUtils.java:logGet(43)) - raft.server.snapshot.auto.trigger.enabled = true (custom)
2019-09-28 01:15:26,284 [pool-207-thread-1] INFO  server.RaftServerConfigKeys (ConfUtils.java:logGet(43)) - raft.server.snapshot.auto.trigger.threshold = 10000 (custom)
2019-09-28 01:15:26,284 [pool-207-thread-1] INFO  server.RaftServerConfigKeys (ConfUtils.java:logGet(43)) - raft.server.snapshot.retention.num.files = 5 (custom)
2019-09-28 01:15:26,285 [pool-207-thread-1] INFO  server.RaftServerConfigKeys (ConfUtils.java:logGet(43)) - raft.server.retrycache.expirytime = 600000ms (custom)
2019-09-28 01:15:26,287 [IPC Server handler 9 on 35844] INFO  net.NetworkTopology (NetworkTopologyImpl.java:add(111)) - Added a new node: /rack1/bebff722-814a-4b18-9865-974a3449574f
2019-09-28 01:15:26,288 [IPC Server handler 9 on 35844] INFO  node.SCMNodeManager (SCMNodeManager.java:register(266)) - Registered Data node : bebff722-814a-4b18-9865-974a3449574f{ip: 192.168.151.82, host: pr-hdds-2162-8g7kw-3348123894, networkLocation: /rack1, certSerialId: null}
2019-09-28 01:15:26,288 [pool-207-thread-1] INFO  impl.RaftServerImpl (RaftServerImpl.java:start(185)) - f755b87f-3959-4e40-9945-0ecb4afd44e3@group-AC77E424B83B: start as a follower, conf=-1: [f755b87f-3959-4e40-9945-0ecb4afd44e3:192.168.151.82:46859], old=null
2019-09-28 01:15:26,289 [pool-207-thread-1] INFO  impl.RaftServerImpl (RaftServerImpl.java:setRole(174)) - f755b87f-3959-4e40-9945-0ecb4afd44e3@group-AC77E424B83B: changes role from      null to FOLLOWER at term 0 for startAsFollower
2019-09-28 01:15:26,289 [pool-207-thread-1] INFO  impl.RoleInfo (RoleInfo.java:updateAndGet(143)) - f755b87f-3959-4e40-9945-0ecb4afd44e3: start FollowerState
2019-09-28 01:15:26,289 [pool-207-thread-1] INFO  util.JmxRegister (JmxRegister.java:tryRegister(44)) - Successfully registered JMX Bean with object name Ratis:service=RaftServer,group=group-AC77E424B83B,id=f755b87f-3959-4e40-9945-0ecb4afd44e3
2019-09-28 01:15:26,296 [RatisPipelineUtilsThread] INFO  pipeline.PipelineStateManager (PipelineStateManager.java:addPipeline(56)) - Created pipeline Pipeline[ Id: 93e1bc4e-757f-40df-b59c-ac77e424b83b, Nodes: f755b87f-3959-4e40-9945-0ecb4afd44e3{ip: 192.168.151.82, host: pr-hdds-2162-8g7kw-3348123894, networkLocation: /rack1, certSerialId: null}, Type:RATIS, Factor:ONE, State:OPEN]
2019-09-28 01:15:26,318 [grpc-default-executor-0] INFO  impl.RaftServerProxy (RaftServerProxy.java:addNew(89)) - bebff722-814a-4b18-9865-974a3449574f: addNew group-C367D45FFECD:[bebff722-814a-4b18-9865-974a3449574f:192.168.151.82:34194] returns group-C367D45FFECD:java.util.concurrent.CompletableFuture@64668dcf[Not completed]
2019-09-28 01:15:26,320 [pool-217-thread-1] INFO  impl.RaftServerImpl (RaftServerImpl.java:<init>(95)) - bebff722-814a-4b18-9865-974a3449574f: new RaftServerImpl for group-C367D45FFECD:[bebff722-814a-4b18-9865-974a3449574f:192.168.151.82:34194] with ContainerStateMachine:uninitialized
2019-09-28 01:15:26,321 [pool-217-thread-1] INFO  server.RaftServerConfigKeys (ConfUtils.java:logGet(43)) - raft.server.rpc.timeout.min = 1s (custom)
2019-09-28 01:15:26,321 [pool-217-thread-1] INFO  server.RaftServerConfigKeys (ConfUtils.java:logGet(43)) - raft.server.rpc.timeout.max = 1200ms (custom)
2019-09-28 01:15:26,321 [pool-217-thread-1] INFO  server.RaftServerConfigKeys (ConfUtils.java:logGet(43)) - raft.server.rpcslowness.timeout = 120s (custom)
2019-09-28 01:15:26,321 [pool-217-thread-1] INFO  server.RaftServerConfigKeys (ConfUtils.java:logGet(43)) - raft.server.sleep.deviation.threshold = 300 (default)
2019-09-28 01:15:26,321 [pool-217-thread-1] INFO  server.RaftServerConfigKeys (ConfUtils.java:logGet(43)) - raft.server.log.appender.install.snapshot.enabled = false (custom)
2019-09-28 01:15:26,322 [pool-217-thread-1] INFO  impl.RaftServerImpl (ServerState.java:<init>(103)) - bebff722-814a-4b18-9865-974a3449574f@group-C367D45FFECD: ConfigurationManager, init=-1: [bebff722-814a-4b18-9865-974a3449574f:192.168.151.82:34194], old=null, confs=<EMPTY_MAP>
2019-09-28 01:15:26,322 [pool-217-thread-1] INFO  server.RaftServerConfigKeys (ConfUtils.java:logGet(43)) - raft.server.storage.dir = [/workdir/hadoop-ozone/integration-test/target/test-dir/MiniOzoneClusterImpl-d0fea965-b787-49be-9c96-deb71f4b2c88/datanode-7/data/ratis] (custom)
2019-09-28 01:15:26,322 [pool-217-thread-1] INFO  storage.RaftStorageDirectory (RaftStorageDirectory.java:analyzeStorage(246)) - The storage directory /workdir/hadoop-ozone/integration-test/target/test-dir/MiniOzoneClusterImpl-d0fea965-b787-49be-9c96-deb71f4b2c88/datanode-7/data/ratis/e5e5c375-88a6-44ef-949f-c367d45ffecd does not exist. Creating ...
2019-09-28 01:15:26,335 [pool-217-thread-1] INFO  storage.RaftStorageDirectory (RaftStorageDirectory.java:tryLock(328)) - Lock on /workdir/hadoop-ozone/integration-test/target/test-dir/MiniOzoneClusterImpl-d0fea965-b787-49be-9c96-deb71f4b2c88/datanode-7/data/ratis/e5e5c375-88a6-44ef-949f-c367d45ffecd/in_use.lock acquired by nodename 30873@pr-hdds-2162-8g7kw-3348123894
2019-09-28 01:15:26,348 [pool-217-thread-1] INFO  storage.RaftStorage (RaftStorage.java:format(72)) - Storage directory /workdir/hadoop-ozone/integration-test/target/test-dir/MiniOzoneClusterImpl-d0fea965-b787-49be-9c96-deb71f4b2c88/datanode-7/data/ratis/e5e5c375-88a6-44ef-949f-c367d45ffecd has been successfully formatted.
2019-09-28 01:15:26,348 [pool-217-thread-1] INFO  ratis.ContainerStateMachine (ContainerStateMachine.java:loadSnapshot(230)) - group-C367D45FFECD: The snapshot info is null. Setting the last applied indexto:(t:0, i:~)
2019-09-28 01:15:26,349 [pool-217-thread-1] INFO  server.RaftServerConfigKeys (ConfUtils.java:logGet(43)) - raft.server.notification.no-leader.timeout = 120s (custom)
2019-09-28 01:15:26,349 [pool-217-thread-1] INFO  server.RaftServerConfigKeys (ConfUtils.java:logGet(43)) - raft.server.log.use.memory = false (default)
2019-09-28 01:15:26,349 [pool-217-thread-1] INFO  server.RaftServerConfigKeys (ConfUtils.java:logGet(43)) - raft.server.log.purge.gap = 1000000 (custom)
2019-09-28 01:15:26,349 [pool-217-thread-1] INFO  server.RaftServerConfigKeys (ConfUtils.java:logGet(43)) - raft.server.log.appender.buffer.byte-limit = 33554432 (custom)
2019-09-28 01:15:26,349 [pool-217-thread-1] INFO  server.RaftServerConfigKeys (ConfUtils.java:logGet(43)) - raft.server.log.segment.size.max = 1048576 (custom)
2019-09-28 01:15:26,349 [pool-217-thread-1] INFO  server.RaftServerConfigKeys (ConfUtils.java:logGet(43)) - raft.server.log.segment.cache.num.max = 2 (custom)
2019-09-28 01:15:26,350 [pool-217-thread-1] INFO  segmented.SegmentedRaftLogWorker (SegmentedRaftLogWorker.java:<init>(172)) - new bebff722-814a-4b18-9865-974a3449574f@group-C367D45FFECD-SegmentedRaftLogWorker for RaftStorage:Storage Directory /workdir/hadoop-ozone/integration-test/target/test-dir/MiniOzoneClusterImpl-d0fea965-b787-49be-9c96-deb71f4b2c88/datanode-7/data/ratis/e5e5c375-88a6-44ef-949f-c367d45ffecd
2019-09-28 01:15:26,353 [pool-217-thread-1] INFO  server.RaftServerConfigKeys (ConfUtils.java:logGet(43)) - raft.server.log.queue.byte-limit = 2147483647 (custom)
2019-09-28 01:15:26,353 [pool-217-thread-1] INFO  server.RaftServerConfigKeys (ConfUtils.java:logGet(43)) - raft.server.log.queue.element-limit = 1024 (custom)
2019-09-28 01:15:26,353 [pool-217-thread-1] INFO  server.RaftServerConfigKeys (ConfUtils.java:logGet(43)) - raft.server.log.segment.size.max = 1048576 (custom)
2019-09-28 01:15:26,353 [pool-217-thread-1] INFO  server.RaftServerConfigKeys (ConfUtils.java:logGet(43)) - raft.server.log.preallocated.size = 16384 (custom)
2019-09-28 01:15:26,353 [pool-217-thread-1] INFO  server.RaftServerConfigKeys (ConfUtils.java:logGet(43)) - raft.server.log.write.buffer.size = 33554432 (custom)
2019-09-28 01:15:26,354 [pool-217-thread-1] INFO  server.RaftServerConfigKeys (ConfUtils.java:logGet(43)) - raft.server.log.force.sync.num = 128 (default)
2019-09-28 01:15:26,354 [pool-217-thread-1] INFO  server.RaftServerConfigKeys (ConfUtils.java:logGet(43)) - raft.server.log.statemachine.data.sync = true (default)
2019-09-28 01:15:26,354 [pool-217-thread-1] INFO  server.RaftServerConfigKeys (ConfUtils.java:logGet(43)) - raft.server.log.statemachine.data.sync.timeout = 10s (default)
2019-09-28 01:15:26,354 [pool-217-thread-1] INFO  server.RaftServerConfigKeys (ConfUtils.java:logGet(43)) - raft.server.log.statemachine.data.sync.timeout.retry = -1 (default)
2019-09-28 01:15:26,355 [pool-217-thread-1] INFO  server.RaftServerConfigKeys (ConfUtils.java:logGet(43)) - raft.server.log.statemachine.data.caching.enabled = true (custom)
2019-09-28 01:15:26,355 [IPC Server handler 8 on 35844] INFO  net.NetworkTopology (NetworkTopologyImpl.java:add(111)) - Added a new node: /rack1/b34eea16-a41e-4e85-a98c-844cd8e9e4c1
2019-09-28 01:15:26,355 [pool-217-thread-1] INFO  segmented.SegmentedRaftLogWorker (SegmentedRaftLogWorker.java:lambda$new$0(132)) - bebff722-814a-4b18-9865-974a3449574f@group-C367D45FFECD-SegmentedRaftLogWorker: flushIndex: setUnconditionally 0 -> -1
2019-09-28 01:15:26,355 [IPC Server handler 8 on 35844] INFO  node.SCMNodeManager (SCMNodeManager.java:register(266)) - Registered Data node : b34eea16-a41e-4e85-a98c-844cd8e9e4c1{ip: 192.168.151.82, host: pr-hdds-2162-8g7kw-3348123894, networkLocation: /rack1, certSerialId: null}
2019-09-28 01:15:26,356 [pool-217-thread-1] INFO  server.RaftServerConfigKeys (ConfUtils.java:logGet(43)) - raft.server.snapshot.auto.trigger.enabled = true (custom)
2019-09-28 01:15:26,356 [pool-217-thread-1] INFO  server.RaftServerConfigKeys (ConfUtils.java:logGet(43)) - raft.server.snapshot.auto.trigger.threshold = 10000 (custom)
2019-09-28 01:15:26,356 [pool-217-thread-1] INFO  server.RaftServerConfigKeys (ConfUtils.java:logGet(43)) - raft.server.snapshot.retention.num.files = 5 (custom)
2019-09-28 01:15:26,356 [pool-217-thread-1] INFO  server.RaftServerConfigKeys (ConfUtils.java:logGet(43)) - raft.server.retrycache.expirytime = 600000ms (custom)
2019-09-28 01:15:26,359 [pool-217-thread-1] INFO  impl.RaftServerImpl (RaftServerImpl.java:start(185)) - bebff722-814a-4b18-9865-974a3449574f@group-C367D45FFECD: start as a follower, conf=-1: [bebff722-814a-4b18-9865-974a3449574f:192.168.151.82:34194], old=null
2019-09-28 01:15:26,359 [pool-217-thread-1] INFO  impl.RaftServerImpl (RaftServerImpl.java:setRole(174)) - bebff722-814a-4b18-9865-974a3449574f@group-C367D45FFECD: changes role from      null to FOLLOWER at term 0 for startAsFollower
2019-09-28 01:15:26,359 [pool-217-thread-1] INFO  impl.RoleInfo (RoleInfo.java:updateAndGet(143)) - bebff722-814a-4b18-9865-974a3449574f: start FollowerState
2019-09-28 01:15:26,360 [pool-217-thread-1] INFO  util.JmxRegister (JmxRegister.java:tryRegister(44)) - Successfully registered JMX Bean with object name Ratis:service=RaftServer,group=group-C367D45FFECD,id=bebff722-814a-4b18-9865-974a3449574f
2019-09-28 01:15:26,368 [RatisPipelineUtilsThread] INFO  pipeline.PipelineStateManager (PipelineStateManager.java:addPipeline(56)) - Created pipeline Pipeline[ Id: e5e5c375-88a6-44ef-949f-c367d45ffecd, Nodes: bebff722-814a-4b18-9865-974a3449574f{ip: 192.168.151.82, host: pr-hdds-2162-8g7kw-3348123894, networkLocation: /rack1, certSerialId: null}, Type:RATIS, Factor:ONE, State:OPEN]
2019-09-28 01:15:26,379 [grpc-default-executor-0] INFO  impl.RaftServerProxy (RaftServerProxy.java:addNew(89)) - b34eea16-a41e-4e85-a98c-844cd8e9e4c1: addNew group-17E210206A74:[b34eea16-a41e-4e85-a98c-844cd8e9e4c1:192.168.151.82:34853] returns group-17E210206A74:java.util.concurrent.CompletableFuture@540fdb56[Not completed]
2019-09-28 01:15:26,381 [pool-227-thread-1] INFO  impl.RaftServerImpl (RaftServerImpl.java:<init>(95)) - b34eea16-a41e-4e85-a98c-844cd8e9e4c1: new RaftServerImpl for group-17E210206A74:[b34eea16-a41e-4e85-a98c-844cd8e9e4c1:192.168.151.82:34853] with ContainerStateMachine:uninitialized
2019-09-28 01:15:26,382 [pool-227-thread-1] INFO  server.RaftServerConfigKeys (ConfUtils.java:logGet(43)) - raft.server.rpc.timeout.min = 1s (custom)
2019-09-28 01:15:26,382 [pool-227-thread-1] INFO  server.RaftServerConfigKeys (ConfUtils.java:logGet(43)) - raft.server.rpc.timeout.max = 1200ms (custom)
2019-09-28 01:15:26,382 [pool-227-thread-1] INFO  server.RaftServerConfigKeys (ConfUtils.java:logGet(43)) - raft.server.rpcslowness.timeout = 120s (custom)
2019-09-28 01:15:26,382 [pool-227-thread-1] INFO  server.RaftServerConfigKeys (ConfUtils.java:logGet(43)) - raft.server.sleep.deviation.threshold = 300 (default)
2019-09-28 01:15:26,382 [pool-227-thread-1] INFO  server.RaftServerConfigKeys (ConfUtils.java:logGet(43)) - raft.server.log.appender.install.snapshot.enabled = false (custom)
2019-09-28 01:15:26,383 [pool-227-thread-1] INFO  impl.RaftServerImpl (ServerState.java:<init>(103)) - b34eea16-a41e-4e85-a98c-844cd8e9e4c1@group-17E210206A74: ConfigurationManager, init=-1: [b34eea16-a41e-4e85-a98c-844cd8e9e4c1:192.168.151.82:34853], old=null, confs=<EMPTY_MAP>
2019-09-28 01:15:26,383 [pool-227-thread-1] INFO  server.RaftServerConfigKeys (ConfUtils.java:logGet(43)) - raft.server.storage.dir = [/workdir/hadoop-ozone/integration-test/target/test-dir/MiniOzoneClusterImpl-d0fea965-b787-49be-9c96-deb71f4b2c88/datanode-8/data/ratis] (custom)
2019-09-28 01:15:26,383 [pool-227-thread-1] INFO  storage.RaftStorageDirectory (RaftStorageDirectory.java:analyzeStorage(246)) - The storage directory /workdir/hadoop-ozone/integration-test/target/test-dir/MiniOzoneClusterImpl-d0fea965-b787-49be-9c96-deb71f4b2c88/datanode-8/data/ratis/fc4df3ce-f6dd-42c0-aa24-17e210206a74 does not exist. Creating ...
2019-09-28 01:15:26,396 [pool-227-thread-1] INFO  storage.RaftStorageDirectory (RaftStorageDirectory.java:tryLock(328)) - Lock on /workdir/hadoop-ozone/integration-test/target/test-dir/MiniOzoneClusterImpl-d0fea965-b787-49be-9c96-deb71f4b2c88/datanode-8/data/ratis/fc4df3ce-f6dd-42c0-aa24-17e210206a74/in_use.lock acquired by nodename 30873@pr-hdds-2162-8g7kw-3348123894
2019-09-28 01:15:26,424 [IPC Server handler 6 on 35844] INFO  net.NetworkTopology (NetworkTopologyImpl.java:add(111)) - Added a new node: /rack1/269561c1-184f-4010-93c7-8c28cea2e49d
2019-09-28 01:15:26,424 [IPC Server handler 6 on 35844] INFO  node.SCMNodeManager (SCMNodeManager.java:register(266)) - Registered Data node : 269561c1-184f-4010-93c7-8c28cea2e49d{ip: 192.168.151.82, host: pr-hdds-2162-8g7kw-3348123894, networkLocation: /rack1, certSerialId: null}
2019-09-28 01:15:26,424 [main] INFO  ozone.MiniOzoneClusterImpl (MiniOzoneClusterImpl.java:lambda$waitForClusterToBeReady$0(147)) - Cluster is ready. Got 10 of 10 DN Heartbeats.
2019-09-28 01:15:26,432 [pool-227-thread-1] INFO  storage.RaftStorage (RaftStorage.java:format(72)) - Storage directory /workdir/hadoop-ozone/integration-test/target/test-dir/MiniOzoneClusterImpl-d0fea965-b787-49be-9c96-deb71f4b2c88/datanode-8/data/ratis/fc4df3ce-f6dd-42c0-aa24-17e210206a74 has been successfully formatted.
2019-09-28 01:15:26,432 [pool-227-thread-1] INFO  ratis.ContainerStateMachine (ContainerStateMachine.java:loadSnapshot(230)) - group-17E210206A74: The snapshot info is null. Setting the last applied indexto:(t:0, i:~)
2019-09-28 01:15:26,433 [pool-227-thread-1] INFO  server.RaftServerConfigKeys (ConfUtils.java:logGet(43)) - raft.server.notification.no-leader.timeout = 120s (custom)
2019-09-28 01:15:26,433 [pool-227-thread-1] INFO  server.RaftServerConfigKeys (ConfUtils.java:logGet(43)) - raft.server.log.use.memory = false (default)
2019-09-28 01:15:26,433 [pool-227-thread-1] INFO  server.RaftServerConfigKeys (ConfUtils.java:logGet(43)) - raft.server.log.purge.gap = 1000000 (custom)
2019-09-28 01:15:26,433 [pool-227-thread-1] INFO  server.RaftServerConfigKeys (ConfUtils.java:logGet(43)) - raft.server.log.appender.buffer.byte-limit = 33554432 (custom)
2019-09-28 01:15:26,433 [pool-227-thread-1] INFO  server.RaftServerConfigKeys (ConfUtils.java:logGet(43)) - raft.server.log.segment.size.max = 1048576 (custom)
2019-09-28 01:15:26,434 [pool-227-thread-1] INFO  server.RaftServerConfigKeys (ConfUtils.java:logGet(43)) - raft.server.log.segment.cache.num.max = 2 (custom)
2019-09-28 01:15:26,434 [pool-227-thread-1] INFO  segmented.SegmentedRaftLogWorker (SegmentedRaftLogWorker.java:<init>(172)) - new b34eea16-a41e-4e85-a98c-844cd8e9e4c1@group-17E210206A74-SegmentedRaftLogWorker for RaftStorage:Storage Directory /workdir/hadoop-ozone/integration-test/target/test-dir/MiniOzoneClusterImpl-d0fea965-b787-49be-9c96-deb71f4b2c88/datanode-8/data/ratis/fc4df3ce-f6dd-42c0-aa24-17e210206a74
2019-09-28 01:15:26,437 [pool-227-thread-1] INFO  server.RaftServerConfigKeys (ConfUtils.java:logGet(43)) - raft.server.log.queue.byte-limit = 2147483647 (custom)
2019-09-28 01:15:26,437 [pool-227-thread-1] INFO  server.RaftServerConfigKeys (ConfUtils.java:logGet(43)) - raft.server.log.queue.element-limit = 1024 (custom)
2019-09-28 01:15:26,438 [pool-227-thread-1] INFO  server.RaftServerConfigKeys (ConfUtils.java:logGet(43)) - raft.server.log.segment.size.max = 1048576 (custom)
2019-09-28 01:15:26,438 [pool-227-thread-1] INFO  server.RaftServerConfigKeys (ConfUtils.java:logGet(43)) - raft.server.log.preallocated.size = 16384 (custom)
2019-09-28 01:15:26,438 [pool-227-thread-1] INFO  server.RaftServerConfigKeys (ConfUtils.java:logGet(43)) - raft.server.log.write.buffer.size = 33554432 (custom)
2019-09-28 01:15:26,438 [pool-227-thread-1] INFO  server.RaftServerConfigKeys (ConfUtils.java:logGet(43)) - raft.server.log.force.sync.num = 128 (default)
2019-09-28 01:15:26,438 [pool-227-thread-1] INFO  server.RaftServerConfigKeys (ConfUtils.java:logGet(43)) - raft.server.log.statemachine.data.sync = true (default)
2019-09-28 01:15:26,439 [pool-227-thread-1] INFO  server.RaftServerConfigKeys (ConfUtils.java:logGet(43)) - raft.server.log.statemachine.data.sync.timeout = 10s (default)
2019-09-28 01:15:26,439 [pool-227-thread-1] INFO  server.RaftServerConfigKeys (ConfUtils.java:logGet(43)) - raft.server.log.statemachine.data.sync.timeout.retry = -1 (default)
2019-09-28 01:15:26,439 [pool-227-thread-1] INFO  server.RaftServerConfigKeys (ConfUtils.java:logGet(43)) - raft.server.log.statemachine.data.caching.enabled = true (custom)
2019-09-28 01:15:26,440 [pool-227-thread-1] INFO  segmented.SegmentedRaftLogWorker (SegmentedRaftLogWorker.java:lambda$new$0(132)) - b34eea16-a41e-4e85-a98c-844cd8e9e4c1@group-17E210206A74-SegmentedRaftLogWorker: flushIndex: setUnconditionally 0 -> -1
2019-09-28 01:15:26,440 [pool-227-thread-1] INFO  server.RaftServerConfigKeys (ConfUtils.java:logGet(43)) - raft.server.snapshot.auto.trigger.enabled = true (custom)
2019-09-28 01:15:26,440 [pool-227-thread-1] INFO  server.RaftServerConfigKeys (ConfUtils.java:logGet(43)) - raft.server.snapshot.auto.trigger.threshold = 10000 (custom)
2019-09-28 01:15:26,440 [pool-227-thread-1] INFO  server.RaftServerConfigKeys (ConfUtils.java:logGet(43)) - raft.server.snapshot.retention.num.files = 5 (custom)
2019-09-28 01:15:26,441 [pool-227-thread-1] INFO  server.RaftServerConfigKeys (ConfUtils.java:logGet(43)) - raft.server.retrycache.expirytime = 600000ms (custom)
2019-09-28 01:15:26,444 [pool-227-thread-1] INFO  impl.RaftServerImpl (RaftServerImpl.java:start(185)) - b34eea16-a41e-4e85-a98c-844cd8e9e4c1@group-17E210206A74: start as a follower, conf=-1: [b34eea16-a41e-4e85-a98c-844cd8e9e4c1:192.168.151.82:34853], old=null
2019-09-28 01:15:26,444 [pool-227-thread-1] INFO  impl.RaftServerImpl (RaftServerImpl.java:setRole(174)) - b34eea16-a41e-4e85-a98c-844cd8e9e4c1@group-17E210206A74: changes role from      null to FOLLOWER at term 0 for startAsFollower
2019-09-28 01:15:26,445 [pool-227-thread-1] INFO  impl.RoleInfo (RoleInfo.java:updateAndGet(143)) - b34eea16-a41e-4e85-a98c-844cd8e9e4c1: start FollowerState
2019-09-28 01:15:26,445 [pool-227-thread-1] INFO  util.JmxRegister (JmxRegister.java:tryRegister(44)) - Successfully registered JMX Bean with object name Ratis:service=RaftServer,group=group-17E210206A74,id=b34eea16-a41e-4e85-a98c-844cd8e9e4c1
2019-09-28 01:15:26,452 [RatisPipelineUtilsThread] INFO  pipeline.PipelineStateManager (PipelineStateManager.java:addPipeline(56)) - Created pipeline Pipeline[ Id: fc4df3ce-f6dd-42c0-aa24-17e210206a74, Nodes: b34eea16-a41e-4e85-a98c-844cd8e9e4c1{ip: 192.168.151.82, host: pr-hdds-2162-8g7kw-3348123894, networkLocation: /rack1, certSerialId: null}, Type:RATIS, Factor:ONE, State:OPEN]
2019-09-28 01:15:26,474 [grpc-default-executor-0] INFO  impl.RaftServerProxy (RaftServerProxy.java:addNew(89)) - 269561c1-184f-4010-93c7-8c28cea2e49d: addNew group-6898972FB660:[269561c1-184f-4010-93c7-8c28cea2e49d:192.168.151.82:41010] returns group-6898972FB660:java.util.concurrent.CompletableFuture@1856864[Not completed]
2019-09-28 01:15:26,477 [pool-237-thread-1] INFO  impl.RaftServerImpl (RaftServerImpl.java:<init>(95)) - 269561c1-184f-4010-93c7-8c28cea2e49d: new RaftServerImpl for group-6898972FB660:[269561c1-184f-4010-93c7-8c28cea2e49d:192.168.151.82:41010] with ContainerStateMachine:uninitialized
2019-09-28 01:15:26,477 [pool-237-thread-1] INFO  server.RaftServerConfigKeys (ConfUtils.java:logGet(43)) - raft.server.rpc.timeout.min = 1s (custom)
2019-09-28 01:15:26,477 [pool-237-thread-1] INFO  server.RaftServerConfigKeys (ConfUtils.java:logGet(43)) - raft.server.rpc.timeout.max = 1200ms (custom)
2019-09-28 01:15:26,478 [pool-237-thread-1] INFO  server.RaftServerConfigKeys (ConfUtils.java:logGet(43)) - raft.server.rpcslowness.timeout = 120s (custom)
2019-09-28 01:15:26,478 [pool-237-thread-1] INFO  server.RaftServerConfigKeys (ConfUtils.java:logGet(43)) - raft.server.sleep.deviation.threshold = 300 (default)
2019-09-28 01:15:26,478 [pool-237-thread-1] INFO  server.RaftServerConfigKeys (ConfUtils.java:logGet(43)) - raft.server.log.appender.install.snapshot.enabled = false (custom)
2019-09-28 01:15:26,479 [pool-237-thread-1] INFO  impl.RaftServerImpl (ServerState.java:<init>(103)) - 269561c1-184f-4010-93c7-8c28cea2e49d@group-6898972FB660: ConfigurationManager, init=-1: [269561c1-184f-4010-93c7-8c28cea2e49d:192.168.151.82:41010], old=null, confs=<EMPTY_MAP>
2019-09-28 01:15:26,479 [pool-237-thread-1] INFO  server.RaftServerConfigKeys (ConfUtils.java:logGet(43)) - raft.server.storage.dir = [/workdir/hadoop-ozone/integration-test/target/test-dir/MiniOzoneClusterImpl-d0fea965-b787-49be-9c96-deb71f4b2c88/datanode-9/data/ratis] (custom)
2019-09-28 01:15:26,480 [pool-237-thread-1] INFO  storage.RaftStorageDirectory (RaftStorageDirectory.java:analyzeStorage(246)) - The storage directory /workdir/hadoop-ozone/integration-test/target/test-dir/MiniOzoneClusterImpl-d0fea965-b787-49be-9c96-deb71f4b2c88/datanode-9/data/ratis/57580539-bb4b-4c15-b4ff-6898972fb660 does not exist. Creating ...
2019-09-28 01:15:26,505 [pool-237-thread-1] INFO  storage.RaftStorageDirectory (RaftStorageDirectory.java:tryLock(328)) - Lock on /workdir/hadoop-ozone/integration-test/target/test-dir/MiniOzoneClusterImpl-d0fea965-b787-49be-9c96-deb71f4b2c88/datanode-9/data/ratis/57580539-bb4b-4c15-b4ff-6898972fb660/in_use.lock acquired by nodename 30873@pr-hdds-2162-8g7kw-3348123894
2019-09-28 01:15:26,518 [pool-237-thread-1] INFO  storage.RaftStorage (RaftStorage.java:format(72)) - Storage directory /workdir/hadoop-ozone/integration-test/target/test-dir/MiniOzoneClusterImpl-d0fea965-b787-49be-9c96-deb71f4b2c88/datanode-9/data/ratis/57580539-bb4b-4c15-b4ff-6898972fb660 has been successfully formatted.
2019-09-28 01:15:26,519 [pool-237-thread-1] INFO  ratis.ContainerStateMachine (ContainerStateMachine.java:loadSnapshot(230)) - group-6898972FB660: The snapshot info is null. Setting the last applied indexto:(t:0, i:~)
2019-09-28 01:15:26,519 [pool-237-thread-1] INFO  server.RaftServerConfigKeys (ConfUtils.java:logGet(43)) - raft.server.notification.no-leader.timeout = 120s (custom)
2019-09-28 01:15:26,519 [pool-237-thread-1] INFO  server.RaftServerConfigKeys (ConfUtils.java:logGet(43)) - raft.server.log.use.memory = false (default)
2019-09-28 01:15:26,519 [pool-237-thread-1] INFO  server.RaftServerConfigKeys (ConfUtils.java:logGet(43)) - raft.server.log.purge.gap = 1000000 (custom)
2019-09-28 01:15:26,520 [pool-237-thread-1] INFO  server.RaftServerConfigKeys (ConfUtils.java:logGet(43)) - raft.server.log.appender.buffer.byte-limit = 33554432 (custom)
2019-09-28 01:15:26,520 [pool-237-thread-1] INFO  server.RaftServerConfigKeys (ConfUtils.java:logGet(43)) - raft.server.log.segment.size.max = 1048576 (custom)
2019-09-28 01:15:26,520 [pool-237-thread-1] INFO  server.RaftServerConfigKeys (ConfUtils.java:logGet(43)) - raft.server.log.segment.cache.num.max = 2 (custom)
2019-09-28 01:15:26,520 [pool-237-thread-1] INFO  segmented.SegmentedRaftLogWorker (SegmentedRaftLogWorker.java:<init>(172)) - new 269561c1-184f-4010-93c7-8c28cea2e49d@group-6898972FB660-SegmentedRaftLogWorker for RaftStorage:Storage Directory /workdir/hadoop-ozone/integration-test/target/test-dir/MiniOzoneClusterImpl-d0fea965-b787-49be-9c96-deb71f4b2c88/datanode-9/data/ratis/57580539-bb4b-4c15-b4ff-6898972fb660
2019-09-28 01:15:26,524 [pool-237-thread-1] INFO  server.RaftServerConfigKeys (ConfUtils.java:logGet(43)) - raft.server.log.queue.byte-limit = 2147483647 (custom)
2019-09-28 01:15:26,524 [pool-237-thread-1] INFO  server.RaftServerConfigKeys (ConfUtils.java:logGet(43)) - raft.server.log.queue.element-limit = 1024 (custom)
2019-09-28 01:15:26,525 [pool-237-thread-1] INFO  server.RaftServerConfigKeys (ConfUtils.java:logGet(43)) - raft.server.log.segment.size.max = 1048576 (custom)
2019-09-28 01:15:26,525 [pool-237-thread-1] INFO  server.RaftServerConfigKeys (ConfUtils.java:logGet(43)) - raft.server.log.preallocated.size = 16384 (custom)
2019-09-28 01:15:26,525 [pool-237-thread-1] INFO  server.RaftServerConfigKeys (ConfUtils.java:logGet(43)) - raft.server.log.write.buffer.size = 33554432 (custom)
2019-09-28 01:15:26,525 [pool-237-thread-1] INFO  server.RaftServerConfigKeys (ConfUtils.java:logGet(43)) - raft.server.log.force.sync.num = 128 (default)
2019-09-28 01:15:26,526 [pool-237-thread-1] INFO  server.RaftServerConfigKeys (ConfUtils.java:logGet(43)) - raft.server.log.statemachine.data.sync = true (default)
2019-09-28 01:15:26,526 [pool-237-thread-1] INFO  server.RaftServerConfigKeys (ConfUtils.java:logGet(43)) - raft.server.log.statemachine.data.sync.timeout = 10s (default)
2019-09-28 01:15:26,526 [pool-237-thread-1] INFO  server.RaftServerConfigKeys (ConfUtils.java:logGet(43)) - raft.server.log.statemachine.data.sync.timeout.retry = -1 (default)
2019-09-28 01:15:26,526 [pool-237-thread-1] INFO  server.RaftServerConfigKeys (ConfUtils.java:logGet(43)) - raft.server.log.statemachine.data.caching.enabled = true (custom)
2019-09-28 01:15:26,527 [pool-237-thread-1] INFO  segmented.SegmentedRaftLogWorker (SegmentedRaftLogWorker.java:lambda$new$0(132)) - 269561c1-184f-4010-93c7-8c28cea2e49d@group-6898972FB660-SegmentedRaftLogWorker: flushIndex: setUnconditionally 0 -> -1
2019-09-28 01:15:26,527 [pool-237-thread-1] INFO  server.RaftServerConfigKeys (ConfUtils.java:logGet(43)) - raft.server.snapshot.auto.trigger.enabled = true (custom)
2019-09-28 01:15:26,527 [pool-237-thread-1] INFO  server.RaftServerConfigKeys (ConfUtils.java:logGet(43)) - raft.server.snapshot.auto.trigger.threshold = 10000 (custom)
2019-09-28 01:15:26,528 [pool-237-thread-1] INFO  server.RaftServerConfigKeys (ConfUtils.java:logGet(43)) - raft.server.snapshot.retention.num.files = 5 (custom)
2019-09-28 01:15:26,528 [pool-237-thread-1] INFO  server.RaftServerConfigKeys (ConfUtils.java:logGet(43)) - raft.server.retrycache.expirytime = 600000ms (custom)
2019-09-28 01:15:26,532 [pool-237-thread-1] INFO  impl.RaftServerImpl (RaftServerImpl.java:start(185)) - 269561c1-184f-4010-93c7-8c28cea2e49d@group-6898972FB660: start as a follower, conf=-1: [269561c1-184f-4010-93c7-8c28cea2e49d:192.168.151.82:41010], old=null
2019-09-28 01:15:26,532 [pool-237-thread-1] INFO  impl.RaftServerImpl (RaftServerImpl.java:setRole(174)) - 269561c1-184f-4010-93c7-8c28cea2e49d@group-6898972FB660: changes role from      null to FOLLOWER at term 0 for startAsFollower
2019-09-28 01:15:26,532 [pool-237-thread-1] INFO  impl.RoleInfo (RoleInfo.java:updateAndGet(143)) - 269561c1-184f-4010-93c7-8c28cea2e49d: start FollowerState
2019-09-28 01:15:26,533 [pool-237-thread-1] INFO  util.JmxRegister (JmxRegister.java:tryRegister(44)) - Successfully registered JMX Bean with object name Ratis:service=RaftServer,group=group-6898972FB660,id=269561c1-184f-4010-93c7-8c28cea2e49d
2019-09-28 01:15:26,539 [RatisPipelineUtilsThread] INFO  pipeline.PipelineStateManager (PipelineStateManager.java:addPipeline(56)) - Created pipeline Pipeline[ Id: 57580539-bb4b-4c15-b4ff-6898972fb660, Nodes: 269561c1-184f-4010-93c7-8c28cea2e49d{ip: 192.168.151.82, host: pr-hdds-2162-8g7kw-3348123894, networkLocation: /rack1, certSerialId: null}, Type:RATIS, Factor:ONE, State:OPEN]
2019-09-28 01:15:26,561 [grpc-default-executor-0] INFO  impl.RaftServerProxy (RaftServerProxy.java:addNew(89)) - f755b87f-3959-4e40-9945-0ecb4afd44e3: addNew group-A98C51DCDA50:[bebff722-814a-4b18-9865-974a3449574f:192.168.151.82:34194, 30802873-5cdc-4a1f-a873-68d0f5360ef3:192.168.151.82:38416, f755b87f-3959-4e40-9945-0ecb4afd44e3:192.168.151.82:46859] returns group-A98C51DCDA50:java.util.concurrent.CompletableFuture@167727af[Not completed]
2019-09-28 01:15:26,562 [grpc-default-executor-2] INFO  impl.RaftServerProxy (RaftServerProxy.java:addNew(89)) - 30802873-5cdc-4a1f-a873-68d0f5360ef3: addNew group-A98C51DCDA50:[bebff722-814a-4b18-9865-974a3449574f:192.168.151.82:34194, 30802873-5cdc-4a1f-a873-68d0f5360ef3:192.168.151.82:38416, f755b87f-3959-4e40-9945-0ecb4afd44e3:192.168.151.82:46859] returns group-A98C51DCDA50:java.util.concurrent.CompletableFuture@7760874d[Not completed]
2019-09-28 01:15:26,562 [grpc-default-executor-1] INFO  impl.RaftServerProxy (RaftServerProxy.java:addNew(89)) - bebff722-814a-4b18-9865-974a3449574f: addNew group-A98C51DCDA50:[bebff722-814a-4b18-9865-974a3449574f:192.168.151.82:34194, 30802873-5cdc-4a1f-a873-68d0f5360ef3:192.168.151.82:38416, f755b87f-3959-4e40-9945-0ecb4afd44e3:192.168.151.82:46859] returns group-A98C51DCDA50:java.util.concurrent.CompletableFuture@2b4d7f28[Not completed]
2019-09-28 01:15:26,563 [pool-217-thread-1] INFO  impl.RaftServerImpl (RaftServerImpl.java:<init>(95)) - bebff722-814a-4b18-9865-974a3449574f: new RaftServerImpl for group-A98C51DCDA50:[bebff722-814a-4b18-9865-974a3449574f:192.168.151.82:34194, 30802873-5cdc-4a1f-a873-68d0f5360ef3:192.168.151.82:38416, f755b87f-3959-4e40-9945-0ecb4afd44e3:192.168.151.82:46859] with ContainerStateMachine:uninitialized
2019-09-28 01:15:26,564 [pool-217-thread-1] INFO  server.RaftServerConfigKeys (ConfUtils.java:logGet(43)) - raft.server.rpc.timeout.min = 1s (custom)
2019-09-28 01:15:26,564 [pool-217-thread-1] INFO  server.RaftServerConfigKeys (ConfUtils.java:logGet(43)) - raft.server.rpc.timeout.max = 1200ms (custom)
2019-09-28 01:15:26,564 [pool-217-thread-1] INFO  server.RaftServerConfigKeys (ConfUtils.java:logGet(43)) - raft.server.rpcslowness.timeout = 120s (custom)
2019-09-28 01:15:26,564 [pool-217-thread-1] INFO  server.RaftServerConfigKeys (ConfUtils.java:logGet(43)) - raft.server.sleep.deviation.threshold = 300 (default)
2019-09-28 01:15:26,564 [pool-217-thread-1] INFO  server.RaftServerConfigKeys (ConfUtils.java:logGet(43)) - raft.server.log.appender.install.snapshot.enabled = false (custom)
2019-09-28 01:15:26,565 [pool-217-thread-1] INFO  impl.RaftServerImpl (ServerState.java:<init>(103)) - bebff722-814a-4b18-9865-974a3449574f@group-A98C51DCDA50: ConfigurationManager, init=-1: [bebff722-814a-4b18-9865-974a3449574f:192.168.151.82:34194, 30802873-5cdc-4a1f-a873-68d0f5360ef3:192.168.151.82:38416, f755b87f-3959-4e40-9945-0ecb4afd44e3:192.168.151.82:46859], old=null, confs=<EMPTY_MAP>
2019-09-28 01:15:26,565 [pool-207-thread-1] INFO  impl.RaftServerImpl (RaftServerImpl.java:<init>(95)) - f755b87f-3959-4e40-9945-0ecb4afd44e3: new RaftServerImpl for group-A98C51DCDA50:[bebff722-814a-4b18-9865-974a3449574f:192.168.151.82:34194, 30802873-5cdc-4a1f-a873-68d0f5360ef3:192.168.151.82:38416, f755b87f-3959-4e40-9945-0ecb4afd44e3:192.168.151.82:46859] with ContainerStateMachine:uninitialized
2019-09-28 01:15:26,565 [pool-217-thread-1] INFO  server.RaftServerConfigKeys (ConfUtils.java:logGet(43)) - raft.server.storage.dir = [/workdir/hadoop-ozone/integration-test/target/test-dir/MiniOzoneClusterImpl-d0fea965-b787-49be-9c96-deb71f4b2c88/datanode-7/data/ratis] (custom)
2019-09-28 01:15:26,565 [pool-207-thread-1] INFO  server.RaftServerConfigKeys (ConfUtils.java:logGet(43)) - raft.server.rpc.timeout.min = 1s (custom)
2019-09-28 01:15:26,565 [pool-207-thread-1] INFO  server.RaftServerConfigKeys (ConfUtils.java:logGet(43)) - raft.server.rpc.timeout.max = 1200ms (custom)
2019-09-28 01:15:26,565 [pool-207-thread-1] INFO  server.RaftServerConfigKeys (ConfUtils.java:logGet(43)) - raft.server.rpcslowness.timeout = 120s (custom)
2019-09-28 01:15:26,565 [pool-217-thread-1] INFO  storage.RaftStorageDirectory (RaftStorageDirectory.java:analyzeStorage(246)) - The storage directory /workdir/hadoop-ozone/integration-test/target/test-dir/MiniOzoneClusterImpl-d0fea965-b787-49be-9c96-deb71f4b2c88/datanode-7/data/ratis/f00bc439-0426-48aa-bb7e-a98c51dcda50 does not exist. Creating ...
2019-09-28 01:15:26,565 [pool-207-thread-1] INFO  server.RaftServerConfigKeys (ConfUtils.java:logGet(43)) - raft.server.sleep.deviation.threshold = 300 (default)
2019-09-28 01:15:26,566 [pool-207-thread-1] INFO  server.RaftServerConfigKeys (ConfUtils.java:logGet(43)) - raft.server.log.appender.install.snapshot.enabled = false (custom)
2019-09-28 01:15:26,566 [pool-187-thread-1] INFO  impl.RaftServerImpl (RaftServerImpl.java:<init>(95)) - 30802873-5cdc-4a1f-a873-68d0f5360ef3: new RaftServerImpl for group-A98C51DCDA50:[bebff722-814a-4b18-9865-974a3449574f:192.168.151.82:34194, 30802873-5cdc-4a1f-a873-68d0f5360ef3:192.168.151.82:38416, f755b87f-3959-4e40-9945-0ecb4afd44e3:192.168.151.82:46859] with ContainerStateMachine:uninitialized
2019-09-28 01:15:26,566 [pool-207-thread-1] INFO  impl.RaftServerImpl (ServerState.java:<init>(103)) - f755b87f-3959-4e40-9945-0ecb4afd44e3@group-A98C51DCDA50: ConfigurationManager, init=-1: [bebff722-814a-4b18-9865-974a3449574f:192.168.151.82:34194, 30802873-5cdc-4a1f-a873-68d0f5360ef3:192.168.151.82:38416, f755b87f-3959-4e40-9945-0ecb4afd44e3:192.168.151.82:46859], old=null, confs=<EMPTY_MAP>
2019-09-28 01:15:26,566 [pool-187-thread-1] INFO  server.RaftServerConfigKeys (ConfUtils.java:logGet(43)) - raft.server.rpc.timeout.min = 1s (custom)
2019-09-28 01:15:26,566 [pool-207-thread-1] INFO  server.RaftServerConfigKeys (ConfUtils.java:logGet(43)) - raft.server.storage.dir = [/workdir/hadoop-ozone/integration-test/target/test-dir/MiniOzoneClusterImpl-d0fea965-b787-49be-9c96-deb71f4b2c88/datanode-6/data/ratis] (custom)
2019-09-28 01:15:26,566 [pool-187-thread-1] INFO  server.RaftServerConfigKeys (ConfUtils.java:logGet(43)) - raft.server.rpc.timeout.max = 1200ms (custom)
2019-09-28 01:15:26,567 [pool-187-thread-1] INFO  server.RaftServerConfigKeys (ConfUtils.java:logGet(43)) - raft.server.rpcslowness.timeout = 120s (custom)
2019-09-28 01:15:26,567 [pool-207-thread-1] INFO  storage.RaftStorageDirectory (RaftStorageDirectory.java:analyzeStorage(246)) - The storage directory /workdir/hadoop-ozone/integration-test/target/test-dir/MiniOzoneClusterImpl-d0fea965-b787-49be-9c96-deb71f4b2c88/datanode-6/data/ratis/f00bc439-0426-48aa-bb7e-a98c51dcda50 does not exist. Creating ...
2019-09-28 01:15:26,567 [pool-187-thread-1] INFO  server.RaftServerConfigKeys (ConfUtils.java:logGet(43)) - raft.server.sleep.deviation.threshold = 300 (default)
2019-09-28 01:15:26,567 [pool-187-thread-1] INFO  server.RaftServerConfigKeys (ConfUtils.java:logGet(43)) - raft.server.log.appender.install.snapshot.enabled = false (custom)
2019-09-28 01:15:26,567 [pool-187-thread-1] INFO  impl.RaftServerImpl (ServerState.java:<init>(103)) - 30802873-5cdc-4a1f-a873-68d0f5360ef3@group-A98C51DCDA50: ConfigurationManager, init=-1: [bebff722-814a-4b18-9865-974a3449574f:192.168.151.82:34194, 30802873-5cdc-4a1f-a873-68d0f5360ef3:192.168.151.82:38416, f755b87f-3959-4e40-9945-0ecb4afd44e3:192.168.151.82:46859], old=null, confs=<EMPTY_MAP>
2019-09-28 01:15:26,567 [pool-187-thread-1] INFO  server.RaftServerConfigKeys (ConfUtils.java:logGet(43)) - raft.server.storage.dir = [/workdir/hadoop-ozone/integration-test/target/test-dir/MiniOzoneClusterImpl-d0fea965-b787-49be-9c96-deb71f4b2c88/datanode-4/data/ratis] (custom)
2019-09-28 01:15:26,568 [pool-187-thread-1] INFO  storage.RaftStorageDirectory (RaftStorageDirectory.java:analyzeStorage(246)) - The storage directory /workdir/hadoop-ozone/integration-test/target/test-dir/MiniOzoneClusterImpl-d0fea965-b787-49be-9c96-deb71f4b2c88/datanode-4/data/ratis/f00bc439-0426-48aa-bb7e-a98c51dcda50 does not exist. Creating ...
2019-09-28 01:15:26,590 [pool-217-thread-1] INFO  storage.RaftStorageDirectory (RaftStorageDirectory.java:tryLock(328)) - Lock on /workdir/hadoop-ozone/integration-test/target/test-dir/MiniOzoneClusterImpl-d0fea965-b787-49be-9c96-deb71f4b2c88/datanode-7/data/ratis/f00bc439-0426-48aa-bb7e-a98c51dcda50/in_use.lock acquired by nodename 30873@pr-hdds-2162-8g7kw-3348123894
2019-09-28 01:15:26,590 [pool-187-thread-1] INFO  storage.RaftStorageDirectory (RaftStorageDirectory.java:tryLock(328)) - Lock on /workdir/hadoop-ozone/integration-test/target/test-dir/MiniOzoneClusterImpl-d0fea965-b787-49be-9c96-deb71f4b2c88/datanode-4/data/ratis/f00bc439-0426-48aa-bb7e-a98c51dcda50/in_use.lock acquired by nodename 30873@pr-hdds-2162-8g7kw-3348123894
2019-09-28 01:15:26,591 [pool-207-thread-1] INFO  storage.RaftStorageDirectory (RaftStorageDirectory.java:tryLock(328)) - Lock on /workdir/hadoop-ozone/integration-test/target/test-dir/MiniOzoneClusterImpl-d0fea965-b787-49be-9c96-deb71f4b2c88/datanode-6/data/ratis/f00bc439-0426-48aa-bb7e-a98c51dcda50/in_use.lock acquired by nodename 30873@pr-hdds-2162-8g7kw-3348123894
2019-09-28 01:15:26,616 [pool-217-thread-1] INFO  storage.RaftStorage (RaftStorage.java:format(72)) - Storage directory /workdir/hadoop-ozone/integration-test/target/test-dir/MiniOzoneClusterImpl-d0fea965-b787-49be-9c96-deb71f4b2c88/datanode-7/data/ratis/f00bc439-0426-48aa-bb7e-a98c51dcda50 has been successfully formatted.
2019-09-28 01:15:26,616 [pool-207-thread-1] INFO  storage.RaftStorage (RaftStorage.java:format(72)) - Storage directory /workdir/hadoop-ozone/integration-test/target/test-dir/MiniOzoneClusterImpl-d0fea965-b787-49be-9c96-deb71f4b2c88/datanode-6/data/ratis/f00bc439-0426-48aa-bb7e-a98c51dcda50 has been successfully formatted.
2019-09-28 01:15:26,616 [pool-187-thread-1] INFO  storage.RaftStorage (RaftStorage.java:format(72)) - Storage directory /workdir/hadoop-ozone/integration-test/target/test-dir/MiniOzoneClusterImpl-d0fea965-b787-49be-9c96-deb71f4b2c88/datanode-4/data/ratis/f00bc439-0426-48aa-bb7e-a98c51dcda50 has been successfully formatted.
2019-09-28 01:15:26,617 [pool-207-thread-1] INFO  ratis.ContainerStateMachine (ContainerStateMachine.java:loadSnapshot(230)) - group-A98C51DCDA50: The snapshot info is null. Setting the last applied indexto:(t:0, i:~)
2019-09-28 01:15:26,617 [pool-187-thread-1] INFO  ratis.ContainerStateMachine (ContainerStateMachine.java:loadSnapshot(230)) - group-A98C51DCDA50: The snapshot info is null. Setting the last applied indexto:(t:0, i:~)
2019-09-28 01:15:26,617 [pool-217-thread-1] INFO  ratis.ContainerStateMachine (ContainerStateMachine.java:loadSnapshot(230)) - group-A98C51DCDA50: The snapshot info is null. Setting the last applied indexto:(t:0, i:~)
2019-09-28 01:15:26,617 [pool-187-thread-1] INFO  server.RaftServerConfigKeys (ConfUtils.java:logGet(43)) - raft.server.notification.no-leader.timeout = 120s (custom)
2019-09-28 01:15:26,617 [pool-207-thread-1] INFO  server.RaftServerConfigKeys (ConfUtils.java:logGet(43)) - raft.server.notification.no-leader.timeout = 120s (custom)
2019-09-28 01:15:26,618 [pool-187-thread-1] INFO  server.RaftServerConfigKeys (ConfUtils.java:logGet(43)) - raft.server.log.use.memory = false (default)
2019-09-28 01:15:26,617 [pool-217-thread-1] INFO  server.RaftServerConfigKeys (ConfUtils.java:logGet(43)) - raft.server.notification.no-leader.timeout = 120s (custom)
2019-09-28 01:15:26,618 [pool-187-thread-1] INFO  server.RaftServerConfigKeys (ConfUtils.java:logGet(43)) - raft.server.log.purge.gap = 1000000 (custom)
2019-09-28 01:15:26,618 [pool-207-thread-1] INFO  server.RaftServerConfigKeys (ConfUtils.java:logGet(43)) - raft.server.log.use.memory = false (default)
2019-09-28 01:15:26,618 [pool-187-thread-1] INFO  server.RaftServerConfigKeys (ConfUtils.java:logGet(43)) - raft.server.log.appender.buffer.byte-limit = 33554432 (custom)
2019-09-28 01:15:26,618 [pool-217-thread-1] INFO  server.RaftServerConfigKeys (ConfUtils.java:logGet(43)) - raft.server.log.use.memory = false (default)
2019-09-28 01:15:26,619 [pool-187-thread-1] INFO  server.RaftServerConfigKeys (ConfUtils.java:logGet(43)) - raft.server.log.segment.size.max = 1048576 (custom)
2019-09-28 01:15:26,618 [pool-207-thread-1] INFO  server.RaftServerConfigKeys (ConfUtils.java:logGet(43)) - raft.server.log.purge.gap = 1000000 (custom)
2019-09-28 01:15:26,619 [pool-187-thread-1] INFO  server.RaftServerConfigKeys (ConfUtils.java:logGet(43)) - raft.server.log.segment.cache.num.max = 2 (custom)
2019-09-28 01:15:26,619 [pool-217-thread-1] INFO  server.RaftServerConfigKeys (ConfUtils.java:logGet(43)) - raft.server.log.purge.gap = 1000000 (custom)
2019-09-28 01:15:26,619 [pool-187-thread-1] INFO  segmented.SegmentedRaftLogWorker (SegmentedRaftLogWorker.java:<init>(172)) - new 30802873-5cdc-4a1f-a873-68d0f5360ef3@group-A98C51DCDA50-SegmentedRaftLogWorker for RaftStorage:Storage Directory /workdir/hadoop-ozone/integration-test/target/test-dir/MiniOzoneClusterImpl-d0fea965-b787-49be-9c96-deb71f4b2c88/datanode-4/data/ratis/f00bc439-0426-48aa-bb7e-a98c51dcda50
2019-09-28 01:15:26,619 [pool-207-thread-1] INFO  server.RaftServerConfigKeys (ConfUtils.java:logGet(43)) - raft.server.log.appender.buffer.byte-limit = 33554432 (custom)
2019-09-28 01:15:26,620 [pool-187-thread-1] INFO  server.RaftServerConfigKeys (ConfUtils.java:logGet(43)) - raft.server.log.queue.byte-limit = 2147483647 (custom)
2019-09-28 01:15:26,619 [pool-217-thread-1] INFO  server.RaftServerConfigKeys (ConfUtils.java:logGet(43)) - raft.server.log.appender.buffer.byte-limit = 33554432 (custom)
2019-09-28 01:15:26,620 [pool-187-thread-1] INFO  server.RaftServerConfigKeys (ConfUtils.java:logGet(43)) - raft.server.log.queue.element-limit = 1024 (custom)
2019-09-28 01:15:26,620 [pool-207-thread-1] INFO  server.RaftServerConfigKeys (ConfUtils.java:logGet(43)) - raft.server.log.segment.size.max = 1048576 (custom)
2019-09-28 01:15:26,620 [pool-187-thread-1] INFO  server.RaftServerConfigKeys (ConfUtils.java:logGet(43)) - raft.server.log.segment.size.max = 1048576 (custom)
2019-09-28 01:15:26,620 [pool-217-thread-1] INFO  server.RaftServerConfigKeys (ConfUtils.java:logGet(43)) - raft.server.log.segment.size.max = 1048576 (custom)
2019-09-28 01:15:26,621 [pool-187-thread-1] INFO  server.RaftServerConfigKeys (ConfUtils.java:logGet(43)) - raft.server.log.preallocated.size = 16384 (custom)
2019-09-28 01:15:26,620 [pool-207-thread-1] INFO  server.RaftServerConfigKeys (ConfUtils.java:logGet(43)) - raft.server.log.segment.cache.num.max = 2 (custom)
2019-09-28 01:15:26,621 [pool-187-thread-1] INFO  server.RaftServerConfigKeys (ConfUtils.java:logGet(43)) - raft.server.log.write.buffer.size = 33554432 (custom)
2019-09-28 01:15:26,621 [pool-217-thread-1] INFO  server.RaftServerConfigKeys (ConfUtils.java:logGet(43)) - raft.server.log.segment.cache.num.max = 2 (custom)
2019-09-28 01:15:26,621 [pool-187-thread-1] INFO  server.RaftServerConfigKeys (ConfUtils.java:logGet(43)) - raft.server.log.force.sync.num = 128 (default)
2019-09-28 01:15:26,621 [pool-207-thread-1] INFO  segmented.SegmentedRaftLogWorker (SegmentedRaftLogWorker.java:<init>(172)) - new f755b87f-3959-4e40-9945-0ecb4afd44e3@group-A98C51DCDA50-SegmentedRaftLogWorker for RaftStorage:Storage Directory /workdir/hadoop-ozone/integration-test/target/test-dir/MiniOzoneClusterImpl-d0fea965-b787-49be-9c96-deb71f4b2c88/datanode-6/data/ratis/f00bc439-0426-48aa-bb7e-a98c51dcda50
2019-09-28 01:15:26,622 [pool-187-thread-1] INFO  server.RaftServerConfigKeys (ConfUtils.java:logGet(43)) - raft.server.log.statemachine.data.sync = true (default)
2019-09-28 01:15:26,621 [pool-217-thread-1] INFO  segmented.SegmentedRaftLogWorker (SegmentedRaftLogWorker.java:<init>(172)) - new bebff722-814a-4b18-9865-974a3449574f@group-A98C51DCDA50-SegmentedRaftLogWorker for RaftStorage:Storage Directory /workdir/hadoop-ozone/integration-test/target/test-dir/MiniOzoneClusterImpl-d0fea965-b787-49be-9c96-deb71f4b2c88/datanode-7/data/ratis/f00bc439-0426-48aa-bb7e-a98c51dcda50
2019-09-28 01:15:26,622 [pool-187-thread-1] INFO  server.RaftServerConfigKeys (ConfUtils.java:logGet(43)) - raft.server.log.statemachine.data.sync.timeout = 10s (default)
2019-09-28 01:15:26,622 [pool-207-thread-1] INFO  server.RaftServerConfigKeys (ConfUtils.java:logGet(43)) - raft.server.log.queue.byte-limit = 2147483647 (custom)
2019-09-28 01:15:26,622 [pool-187-thread-1] INFO  server.RaftServerConfigKeys (ConfUtils.java:logGet(43)) - raft.server.log.statemachine.data.sync.timeout.retry = -1 (default)
2019-09-28 01:15:26,622 [pool-217-thread-1] INFO  server.RaftServerConfigKeys (ConfUtils.java:logGet(43)) - raft.server.log.queue.byte-limit = 2147483647 (custom)
2019-09-28 01:15:26,623 [pool-187-thread-1] INFO  server.RaftServerConfigKeys (ConfUtils.java:logGet(43)) - raft.server.log.statemachine.data.caching.enabled = true (custom)
2019-09-28 01:15:26,622 [pool-207-thread-1] INFO  server.RaftServerConfigKeys (ConfUtils.java:logGet(43)) - raft.server.log.queue.element-limit = 1024 (custom)
2019-09-28 01:15:26,623 [pool-217-thread-1] INFO  server.RaftServerConfigKeys (ConfUtils.java:logGet(43)) - raft.server.log.queue.element-limit = 1024 (custom)
2019-09-28 01:15:26,623 [pool-207-thread-1] INFO  server.RaftServerConfigKeys (ConfUtils.java:logGet(43)) - raft.server.log.segment.size.max = 1048576 (custom)
2019-09-28 01:15:26,623 [pool-187-thread-1] INFO  segmented.SegmentedRaftLogWorker (SegmentedRaftLogWorker.java:lambda$new$0(132)) - 30802873-5cdc-4a1f-a873-68d0f5360ef3@group-A98C51DCDA50-SegmentedRaftLogWorker: flushIndex: setUnconditionally 0 -> -1
2019-09-28 01:15:26,623 [pool-207-thread-1] INFO  server.RaftServerConfigKeys (ConfUtils.java:logGet(43)) - raft.server.log.preallocated.size = 16384 (custom)
2019-09-28 01:15:26,623 [pool-217-thread-1] INFO  server.RaftServerConfigKeys (ConfUtils.java:logGet(43)) - raft.server.log.segment.size.max = 1048576 (custom)
2019-09-28 01:15:26,624 [pool-187-thread-1] INFO  server.RaftServerConfigKeys (ConfUtils.java:logGet(43)) - raft.server.snapshot.auto.trigger.enabled = true (custom)
2019-09-28 01:15:26,624 [pool-207-thread-1] INFO  server.RaftServerConfigKeys (ConfUtils.java:logGet(43)) - raft.server.log.write.buffer.size = 33554432 (custom)
2019-09-28 01:15:26,624 [pool-187-thread-1] INFO  server.RaftServerConfigKeys (ConfUtils.java:logGet(43)) - raft.server.snapshot.auto.trigger.threshold = 10000 (custom)
2019-09-28 01:15:26,624 [pool-217-thread-1] INFO  server.RaftServerConfigKeys (ConfUtils.java:logGet(43)) - raft.server.log.preallocated.size = 16384 (custom)
2019-09-28 01:15:26,624 [pool-187-thread-1] INFO  server.RaftServerConfigKeys (ConfUtils.java:logGet(43)) - raft.server.snapshot.retention.num.files = 5 (custom)
2019-09-28 01:15:26,624 [pool-207-thread-1] INFO  server.RaftServerConfigKeys (ConfUtils.java:logGet(43)) - raft.server.log.force.sync.num = 128 (default)
2019-09-28 01:15:26,625 [pool-187-thread-1] INFO  server.RaftServerConfigKeys (ConfUtils.java:logGet(43)) - raft.server.retrycache.expirytime = 600000ms (custom)
2019-09-28 01:15:26,625 [pool-217-thread-1] INFO  server.RaftServerConfigKeys (ConfUtils.java:logGet(43)) - raft.server.log.write.buffer.size = 33554432 (custom)
2019-09-28 01:15:26,625 [pool-207-thread-1] INFO  server.RaftServerConfigKeys (ConfUtils.java:logGet(43)) - raft.server.log.statemachine.data.sync = true (default)
2019-09-28 01:15:26,625 [pool-217-thread-1] INFO  server.RaftServerConfigKeys (ConfUtils.java:logGet(43)) - raft.server.log.force.sync.num = 128 (default)
2019-09-28 01:15:26,625 [pool-207-thread-1] INFO  server.RaftServerConfigKeys (ConfUtils.java:logGet(43)) - raft.server.log.statemachine.data.sync.timeout = 10s (default)
2019-09-28 01:15:26,626 [pool-217-thread-1] INFO  server.RaftServerConfigKeys (ConfUtils.java:logGet(43)) - raft.server.log.statemachine.data.sync = true (default)
2019-09-28 01:15:26,626 [pool-207-thread-1] INFO  server.RaftServerConfigKeys (ConfUtils.java:logGet(43)) - raft.server.log.statemachine.data.sync.timeout.retry = -1 (default)
2019-09-28 01:15:26,626 [pool-217-thread-1] INFO  server.RaftServerConfigKeys (ConfUtils.java:logGet(43)) - raft.server.log.statemachine.data.sync.timeout = 10s (default)
2019-09-28 01:15:26,626 [pool-207-thread-1] INFO  server.RaftServerConfigKeys (ConfUtils.java:logGet(43)) - raft.server.log.statemachine.data.caching.enabled = true (custom)
2019-09-28 01:15:26,626 [pool-217-thread-1] INFO  server.RaftServerConfigKeys (ConfUtils.java:logGet(43)) - raft.server.log.statemachine.data.sync.timeout.retry = -1 (default)
2019-09-28 01:15:26,627 [pool-207-thread-1] INFO  segmented.SegmentedRaftLogWorker (SegmentedRaftLogWorker.java:lambda$new$0(132)) - f755b87f-3959-4e40-9945-0ecb4afd44e3@group-A98C51DCDA50-SegmentedRaftLogWorker: flushIndex: setUnconditionally 0 -> -1
2019-09-28 01:15:26,627 [pool-217-thread-1] INFO  server.RaftServerConfigKeys (ConfUtils.java:logGet(43)) - raft.server.log.statemachine.data.caching.enabled = true (custom)
2019-09-28 01:15:26,627 [pool-207-thread-1] INFO  server.RaftServerConfigKeys (ConfUtils.java:logGet(43)) - raft.server.snapshot.auto.trigger.enabled = true (custom)
2019-09-28 01:15:26,627 [pool-207-thread-1] INFO  server.RaftServerConfigKeys (ConfUtils.java:logGet(43)) - raft.server.snapshot.auto.trigger.threshold = 10000 (custom)
2019-09-28 01:15:26,627 [pool-217-thread-1] INFO  segmented.SegmentedRaftLogWorker (SegmentedRaftLogWorker.java:lambda$new$0(132)) - bebff722-814a-4b18-9865-974a3449574f@group-A98C51DCDA50-SegmentedRaftLogWorker: flushIndex: setUnconditionally 0 -> -1
2019-09-28 01:15:26,627 [pool-207-thread-1] INFO  server.RaftServerConfigKeys (ConfUtils.java:logGet(43)) - raft.server.snapshot.retention.num.files = 5 (custom)
2019-09-28 01:15:26,628 [pool-207-thread-1] INFO  server.RaftServerConfigKeys (ConfUtils.java:logGet(43)) - raft.server.retrycache.expirytime = 600000ms (custom)
2019-09-28 01:15:26,628 [pool-217-thread-1] INFO  server.RaftServerConfigKeys (ConfUtils.java:logGet(43)) - raft.server.snapshot.auto.trigger.enabled = true (custom)
2019-09-28 01:15:26,628 [pool-217-thread-1] INFO  server.RaftServerConfigKeys (ConfUtils.java:logGet(43)) - raft.server.snapshot.auto.trigger.threshold = 10000 (custom)
2019-09-28 01:15:26,628 [pool-187-thread-1] INFO  impl.RaftServerImpl (RaftServerImpl.java:start(185)) - 30802873-5cdc-4a1f-a873-68d0f5360ef3@group-A98C51DCDA50: start as a follower, conf=-1: [bebff722-814a-4b18-9865-974a3449574f:192.168.151.82:34194, 30802873-5cdc-4a1f-a873-68d0f5360ef3:192.168.151.82:38416, f755b87f-3959-4e40-9945-0ecb4afd44e3:192.168.151.82:46859], old=null
2019-09-28 01:15:26,628 [pool-217-thread-1] INFO  server.RaftServerConfigKeys (ConfUtils.java:logGet(43)) - raft.server.snapshot.retention.num.files = 5 (custom)
2019-09-28 01:15:26,628 [pool-187-thread-1] INFO  impl.RaftServerImpl (RaftServerImpl.java:setRole(174)) - 30802873-5cdc-4a1f-a873-68d0f5360ef3@group-A98C51DCDA50: changes role from      null to FOLLOWER at term 0 for startAsFollower
2019-09-28 01:15:26,628 [pool-217-thread-1] INFO  server.RaftServerConfigKeys (ConfUtils.java:logGet(43)) - raft.server.retrycache.expirytime = 600000ms (custom)
2019-09-28 01:15:26,628 [pool-187-thread-1] INFO  impl.RoleInfo (RoleInfo.java:updateAndGet(143)) - 30802873-5cdc-4a1f-a873-68d0f5360ef3: start FollowerState
2019-09-28 01:15:26,629 [pool-187-thread-1] INFO  util.JmxRegister (JmxRegister.java:tryRegister(44)) - Successfully registered JMX Bean with object name Ratis:service=RaftServer,group=group-A98C51DCDA50,id=30802873-5cdc-4a1f-a873-68d0f5360ef3
2019-09-28 01:15:26,631 [pool-207-thread-1] INFO  impl.RaftServerImpl (RaftServerImpl.java:start(185)) - f755b87f-3959-4e40-9945-0ecb4afd44e3@group-A98C51DCDA50: start as a follower, conf=-1: [bebff722-814a-4b18-9865-974a3449574f:192.168.151.82:34194, 30802873-5cdc-4a1f-a873-68d0f5360ef3:192.168.151.82:38416, f755b87f-3959-4e40-9945-0ecb4afd44e3:192.168.151.82:46859], old=null
2019-09-28 01:15:26,635 [pool-207-thread-1] INFO  impl.RaftServerImpl (RaftServerImpl.java:setRole(174)) - f755b87f-3959-4e40-9945-0ecb4afd44e3@group-A98C51DCDA50: changes role from      null to FOLLOWER at term 0 for startAsFollower
2019-09-28 01:15:26,635 [pool-207-thread-1] INFO  impl.RoleInfo (RoleInfo.java:updateAndGet(143)) - f755b87f-3959-4e40-9945-0ecb4afd44e3: start FollowerState
2019-09-28 01:15:26,635 [pool-207-thread-1] INFO  util.JmxRegister (JmxRegister.java:tryRegister(44)) - Successfully registered JMX Bean with object name Ratis:service=RaftServer,group=group-A98C51DCDA50,id=f755b87f-3959-4e40-9945-0ecb4afd44e3
2019-09-28 01:15:26,636 [pool-217-thread-1] INFO  impl.RaftServerImpl (RaftServerImpl.java:start(185)) - bebff722-814a-4b18-9865-974a3449574f@group-A98C51DCDA50: start as a follower, conf=-1: [bebff722-814a-4b18-9865-974a3449574f:192.168.151.82:34194, 30802873-5cdc-4a1f-a873-68d0f5360ef3:192.168.151.82:38416, f755b87f-3959-4e40-9945-0ecb4afd44e3:192.168.151.82:46859], old=null
2019-09-28 01:15:26,636 [pool-217-thread-1] INFO  impl.RaftServerImpl (RaftServerImpl.java:setRole(174)) - bebff722-814a-4b18-9865-974a3449574f@group-A98C51DCDA50: changes role from      null to FOLLOWER at term 0 for startAsFollower
2019-09-28 01:15:26,636 [pool-217-thread-1] INFO  impl.RoleInfo (RoleInfo.java:updateAndGet(143)) - bebff722-814a-4b18-9865-974a3449574f: start FollowerState
2019-09-28 01:15:26,637 [pool-217-thread-1] INFO  util.JmxRegister (JmxRegister.java:tryRegister(44)) - Successfully registered JMX Bean with object name Ratis:service=RaftServer,group=group-A98C51DCDA50,id=bebff722-814a-4b18-9865-974a3449574f
2019-09-28 01:15:26,646 [RatisPipelineUtilsThread] INFO  pipeline.PipelineStateManager (PipelineStateManager.java:addPipeline(56)) - Created pipeline Pipeline[ Id: f00bc439-0426-48aa-bb7e-a98c51dcda50, Nodes: f755b87f-3959-4e40-9945-0ecb4afd44e3{ip: 192.168.151.82, host: pr-hdds-2162-8g7kw-3348123894, networkLocation: /rack1, certSerialId: null}30802873-5cdc-4a1f-a873-68d0f5360ef3{ip: 192.168.151.82, host: pr-hdds-2162-8g7kw-3348123894, networkLocation: /rack1, certSerialId: null}bebff722-814a-4b18-9865-974a3449574f{ip: 192.168.151.82, host: pr-hdds-2162-8g7kw-3348123894, networkLocation: /rack1, certSerialId: null}, Type:RATIS, Factor:THREE, State:OPEN]
2019-09-28 01:15:26,657 [grpc-default-executor-2] INFO  impl.RaftServerProxy (RaftServerProxy.java:addNew(89)) - b34eea16-a41e-4e85-a98c-844cd8e9e4c1: addNew group-BD940380B4CC:[269561c1-184f-4010-93c7-8c28cea2e49d:192.168.151.82:41010, b34eea16-a41e-4e85-a98c-844cd8e9e4c1:192.168.151.82:34853, e713f41d-3c96-4fbb-9d49-ce14b311e545:192.168.151.82:35990] returns group-BD940380B4CC:java.util.concurrent.CompletableFuture@f603b2b[Not completed]
2019-09-28 01:15:26,658 [grpc-default-executor-0] INFO  impl.RaftServerProxy (RaftServerProxy.java:addNew(89)) - e713f41d-3c96-4fbb-9d49-ce14b311e545: addNew group-BD940380B4CC:[269561c1-184f-4010-93c7-8c28cea2e49d:192.168.151.82:41010, b34eea16-a41e-4e85-a98c-844cd8e9e4c1:192.168.151.82:34853, e713f41d-3c96-4fbb-9d49-ce14b311e545:192.168.151.82:35990] returns group-BD940380B4CC:java.util.concurrent.CompletableFuture@63d3ca51[Not completed]
2019-09-28 01:15:26,660 [grpc-default-executor-2] INFO  impl.RaftServerProxy (RaftServerProxy.java:addNew(89)) - 269561c1-184f-4010-93c7-8c28cea2e49d: addNew group-BD940380B4CC:[269561c1-184f-4010-93c7-8c28cea2e49d:192.168.151.82:41010, b34eea16-a41e-4e85-a98c-844cd8e9e4c1:192.168.151.82:34853, e713f41d-3c96-4fbb-9d49-ce14b311e545:192.168.151.82:35990] returns group-BD940380B4CC:java.util.concurrent.CompletableFuture@40020f40[Not completed]
2019-09-28 01:15:26,661 [pool-227-thread-1] INFO  impl.RaftServerImpl (RaftServerImpl.java:<init>(95)) - b34eea16-a41e-4e85-a98c-844cd8e9e4c1: new RaftServerImpl for group-BD940380B4CC:[269561c1-184f-4010-93c7-8c28cea2e49d:192.168.151.82:41010, b34eea16-a41e-4e85-a98c-844cd8e9e4c1:192.168.151.82:34853, e713f41d-3c96-4fbb-9d49-ce14b311e545:192.168.151.82:35990] with ContainerStateMachine:uninitialized
2019-09-28 01:15:26,661 [pool-227-thread-1] INFO  server.RaftServerConfigKeys (ConfUtils.java:logGet(43)) - raft.server.rpc.timeout.min = 1s (custom)
2019-09-28 01:15:26,661 [pool-227-thread-1] INFO  server.RaftServerConfigKeys (ConfUtils.java:logGet(43)) - raft.server.rpc.timeout.max = 1200ms (custom)
2019-09-28 01:15:26,662 [pool-227-thread-1] INFO  server.RaftServerConfigKeys (ConfUtils.java:logGet(43)) - raft.server.rpcslowness.timeout = 120s (custom)
2019-09-28 01:15:26,662 [pool-227-thread-1] INFO  server.RaftServerConfigKeys (ConfUtils.java:logGet(43)) - raft.server.sleep.deviation.threshold = 300 (default)
2019-09-28 01:15:26,662 [pool-237-thread-1] INFO  impl.RaftServerImpl (RaftServerImpl.java:<init>(95)) - 269561c1-184f-4010-93c7-8c28cea2e49d: new RaftServerImpl for group-BD940380B4CC:[269561c1-184f-4010-93c7-8c28cea2e49d:192.168.151.82:41010, b34eea16-a41e-4e85-a98c-844cd8e9e4c1:192.168.151.82:34853, e713f41d-3c96-4fbb-9d49-ce14b311e545:192.168.151.82:35990] with ContainerStateMachine:uninitialized
2019-09-28 01:15:26,662 [pool-227-thread-1] INFO  server.RaftServerConfigKeys (ConfUtils.java:logGet(43)) - raft.server.log.appender.install.snapshot.enabled = false (custom)
2019-09-28 01:15:26,662 [pool-237-thread-1] INFO  server.RaftServerConfigKeys (ConfUtils.java:logGet(43)) - raft.server.rpc.timeout.min = 1s (custom)
2019-09-28 01:15:26,662 [pool-227-thread-1] INFO  impl.RaftServerImpl (ServerState.java:<init>(103)) - b34eea16-a41e-4e85-a98c-844cd8e9e4c1@group-BD940380B4CC: ConfigurationManager, init=-1: [269561c1-184f-4010-93c7-8c28cea2e49d:192.168.151.82:41010, b34eea16-a41e-4e85-a98c-844cd8e9e4c1:192.168.151.82:34853, e713f41d-3c96-4fbb-9d49-ce14b311e545:192.168.151.82:35990], old=null, confs=<EMPTY_MAP>
2019-09-28 01:15:26,662 [pool-237-thread-1] INFO  server.RaftServerConfigKeys (ConfUtils.java:logGet(43)) - raft.server.rpc.timeout.max = 1200ms (custom)
2019-09-28 01:15:26,663 [pool-227-thread-1] INFO  server.RaftServerConfigKeys (ConfUtils.java:logGet(43)) - raft.server.storage.dir = [/workdir/hadoop-ozone/integration-test/target/test-dir/MiniOzoneClusterImpl-d0fea965-b787-49be-9c96-deb71f4b2c88/datanode-8/data/ratis] (custom)
2019-09-28 01:15:26,663 [pool-237-thread-1] INFO  server.RaftServerConfigKeys (ConfUtils.java:logGet(43)) - raft.server.rpcslowness.timeout = 120s (custom)
2019-09-28 01:15:26,663 [pool-197-thread-1] INFO  impl.RaftServerImpl (RaftServerImpl.java:<init>(95)) - e713f41d-3c96-4fbb-9d49-ce14b311e545: new RaftServerImpl for group-BD940380B4CC:[269561c1-184f-4010-93c7-8c28cea2e49d:192.168.151.82:41010, b34eea16-a41e-4e85-a98c-844cd8e9e4c1:192.168.151.82:34853, e713f41d-3c96-4fbb-9d49-ce14b311e545:192.168.151.82:35990] with ContainerStateMachine:uninitialized
2019-09-28 01:15:26,663 [pool-227-thread-1] INFO  storage.RaftStorageDirectory (RaftStorageDirectory.java:analyzeStorage(246)) - The storage directory /workdir/hadoop-ozone/integration-test/target/test-dir/MiniOzoneClusterImpl-d0fea965-b787-49be-9c96-deb71f4b2c88/datanode-8/data/ratis/ea1c9fd3-98c8-4486-a5d3-bd940380b4cc does not exist. Creating ...
2019-09-28 01:15:26,663 [pool-237-thread-1] INFO  server.RaftServerConfigKeys (ConfUtils.java:logGet(43)) - raft.server.sleep.deviation.threshold = 300 (default)
2019-09-28 01:15:26,663 [pool-197-thread-1] INFO  server.RaftServerConfigKeys (ConfUtils.java:logGet(43)) - raft.server.rpc.timeout.min = 1s (custom)
2019-09-28 01:15:26,663 [pool-237-thread-1] INFO  server.RaftServerConfigKeys (ConfUtils.java:logGet(43)) - raft.server.log.appender.install.snapshot.enabled = false (custom)
2019-09-28 01:15:26,664 [pool-197-thread-1] INFO  server.RaftServerConfigKeys (ConfUtils.java:logGet(43)) - raft.server.rpc.timeout.max = 1200ms (custom)
2019-09-28 01:15:26,664 [pool-237-thread-1] INFO  impl.RaftServerImpl (ServerState.java:<init>(103)) - 269561c1-184f-4010-93c7-8c28cea2e49d@group-BD940380B4CC: ConfigurationManager, init=-1: [269561c1-184f-4010-93c7-8c28cea2e49d:192.168.151.82:41010, b34eea16-a41e-4e85-a98c-844cd8e9e4c1:192.168.151.82:34853, e713f41d-3c96-4fbb-9d49-ce14b311e545:192.168.151.82:35990], old=null, confs=<EMPTY_MAP>
2019-09-28 01:15:26,664 [pool-197-thread-1] INFO  server.RaftServerConfigKeys (ConfUtils.java:logGet(43)) - raft.server.rpcslowness.timeout = 120s (custom)
2019-09-28 01:15:26,664 [pool-237-thread-1] INFO  server.RaftServerConfigKeys (ConfUtils.java:logGet(43)) - raft.server.storage.dir = [/workdir/hadoop-ozone/integration-test/target/test-dir/MiniOzoneClusterImpl-d0fea965-b787-49be-9c96-deb71f4b2c88/datanode-9/data/ratis] (custom)
2019-09-28 01:15:26,664 [pool-197-thread-1] INFO  server.RaftServerConfigKeys (ConfUtils.java:logGet(43)) - raft.server.sleep.deviation.threshold = 300 (default)
2019-09-28 01:15:26,664 [pool-197-thread-1] INFO  server.RaftServerConfigKeys (ConfUtils.java:logGet(43)) - raft.server.log.appender.install.snapshot.enabled = false (custom)
2019-09-28 01:15:26,664 [pool-237-thread-1] INFO  storage.RaftStorageDirectory (RaftStorageDirectory.java:analyzeStorage(246)) - The storage directory /workdir/hadoop-ozone/integration-test/target/test-dir/MiniOzoneClusterImpl-d0fea965-b787-49be-9c96-deb71f4b2c88/datanode-9/data/ratis/ea1c9fd3-98c8-4486-a5d3-bd940380b4cc does not exist. Creating ...
2019-09-28 01:15:26,664 [pool-197-thread-1] INFO  impl.RaftServerImpl (ServerState.java:<init>(103)) - e713f41d-3c96-4fbb-9d49-ce14b311e545@group-BD940380B4CC: ConfigurationManager, init=-1: [269561c1-184f-4010-93c7-8c28cea2e49d:192.168.151.82:41010, b34eea16-a41e-4e85-a98c-844cd8e9e4c1:192.168.151.82:34853, e713f41d-3c96-4fbb-9d49-ce14b311e545:192.168.151.82:35990], old=null, confs=<EMPTY_MAP>
2019-09-28 01:15:26,665 [pool-197-thread-1] INFO  server.RaftServerConfigKeys (ConfUtils.java:logGet(43)) - raft.server.storage.dir = [/workdir/hadoop-ozone/integration-test/target/test-dir/MiniOzoneClusterImpl-d0fea965-b787-49be-9c96-deb71f4b2c88/datanode-5/data/ratis] (custom)
2019-09-28 01:15:26,665 [pool-197-thread-1] INFO  storage.RaftStorageDirectory (RaftStorageDirectory.java:analyzeStorage(246)) - The storage directory /workdir/hadoop-ozone/integration-test/target/test-dir/MiniOzoneClusterImpl-d0fea965-b787-49be-9c96-deb71f4b2c88/datanode-5/data/ratis/ea1c9fd3-98c8-4486-a5d3-bd940380b4cc does not exist. Creating ...
2019-09-28 01:15:26,689 [pool-237-thread-1] INFO  storage.RaftStorageDirectory (RaftStorageDirectory.java:tryLock(328)) - Lock on /workdir/hadoop-ozone/integration-test/target/test-dir/MiniOzoneClusterImpl-d0fea965-b787-49be-9c96-deb71f4b2c88/datanode-9/data/ratis/ea1c9fd3-98c8-4486-a5d3-bd940380b4cc/in_use.lock acquired by nodename 30873@pr-hdds-2162-8g7kw-3348123894
2019-09-28 01:15:26,689 [pool-227-thread-1] INFO  storage.RaftStorageDirectory (RaftStorageDirectory.java:tryLock(328)) - Lock on /workdir/hadoop-ozone/integration-test/target/test-dir/MiniOzoneClusterImpl-d0fea965-b787-49be-9c96-deb71f4b2c88/datanode-8/data/ratis/ea1c9fd3-98c8-4486-a5d3-bd940380b4cc/in_use.lock acquired by nodename 30873@pr-hdds-2162-8g7kw-3348123894
2019-09-28 01:15:26,689 [pool-197-thread-1] INFO  storage.RaftStorageDirectory (RaftStorageDirectory.java:tryLock(328)) - Lock on /workdir/hadoop-ozone/integration-test/target/test-dir/MiniOzoneClusterImpl-d0fea965-b787-49be-9c96-deb71f4b2c88/datanode-5/data/ratis/ea1c9fd3-98c8-4486-a5d3-bd940380b4cc/in_use.lock acquired by nodename 30873@pr-hdds-2162-8g7kw-3348123894
2019-09-28 01:15:26,709 [pool-197-thread-1] INFO  storage.RaftStorage (RaftStorage.java:format(72)) - Storage directory /workdir/hadoop-ozone/integration-test/target/test-dir/MiniOzoneClusterImpl-d0fea965-b787-49be-9c96-deb71f4b2c88/datanode-5/data/ratis/ea1c9fd3-98c8-4486-a5d3-bd940380b4cc has been successfully formatted.
2019-09-28 01:15:26,709 [pool-237-thread-1] INFO  storage.RaftStorage (RaftStorage.java:format(72)) - Storage directory /workdir/hadoop-ozone/integration-test/target/test-dir/MiniOzoneClusterImpl-d0fea965-b787-49be-9c96-deb71f4b2c88/datanode-9/data/ratis/ea1c9fd3-98c8-4486-a5d3-bd940380b4cc has been successfully formatted.
2019-09-28 01:15:26,709 [pool-197-thread-1] INFO  ratis.ContainerStateMachine (ContainerStateMachine.java:loadSnapshot(230)) - group-BD940380B4CC: The snapshot info is null. Setting the last applied indexto:(t:0, i:~)
2019-09-28 01:15:26,709 [pool-237-thread-1] INFO  ratis.ContainerStateMachine (ContainerStateMachine.java:loadSnapshot(230)) - group-BD940380B4CC: The snapshot info is null. Setting the last applied indexto:(t:0, i:~)
2019-09-28 01:15:26,709 [pool-227-thread-1] INFO  storage.RaftStorage (RaftStorage.java:format(72)) - Storage directory /workdir/hadoop-ozone/integration-test/target/test-dir/MiniOzoneClusterImpl-d0fea965-b787-49be-9c96-deb71f4b2c88/datanode-8/data/ratis/ea1c9fd3-98c8-4486-a5d3-bd940380b4cc has been successfully formatted.
2019-09-28 01:15:26,709 [pool-237-thread-1] INFO  server.RaftServerConfigKeys (ConfUtils.java:logGet(43)) - raft.server.notification.no-leader.timeout = 120s (custom)
2019-09-28 01:15:26,709 [pool-197-thread-1] INFO  server.RaftServerConfigKeys (ConfUtils.java:logGet(43)) - raft.server.notification.no-leader.timeout = 120s (custom)
2019-09-28 01:15:26,710 [pool-237-thread-1] INFO  server.RaftServerConfigKeys (ConfUtils.java:logGet(43)) - raft.server.log.use.memory = false (default)
2019-09-28 01:15:26,710 [pool-197-thread-1] INFO  server.RaftServerConfigKeys (ConfUtils.java:logGet(43)) - raft.server.log.use.memory = false (default)
2019-09-28 01:15:26,710 [pool-237-thread-1] INFO  server.RaftServerConfigKeys (ConfUtils.java:logGet(43)) - raft.server.log.purge.gap = 1000000 (custom)
2019-09-28 01:15:26,710 [pool-227-thread-1] INFO  ratis.ContainerStateMachine (ContainerStateMachine.java:loadSnapshot(230)) - group-BD940380B4CC: The snapshot info is null. Setting the last applied indexto:(t:0, i:~)
2019-09-28 01:15:26,710 [pool-197-thread-1] INFO  server.RaftServerConfigKeys (ConfUtils.java:logGet(43)) - raft.server.log.purge.gap = 1000000 (custom)
2019-09-28 01:15:26,710 [pool-227-thread-1] INFO  server.RaftServerConfigKeys (ConfUtils.java:logGet(43)) - raft.server.notification.no-leader.timeout = 120s (custom)
2019-09-28 01:15:26,710 [pool-237-thread-1] INFO  server.RaftServerConfigKeys (ConfUtils.java:logGet(43)) - raft.server.log.appender.buffer.byte-limit = 33554432 (custom)
2019-09-28 01:15:26,711 [pool-227-thread-1] INFO  server.RaftServerConfigKeys (ConfUtils.java:logGet(43)) - raft.server.log.use.memory = false (default)
2019-09-28 01:15:26,710 [pool-197-thread-1] INFO  server.RaftServerConfigKeys (ConfUtils.java:logGet(43)) - raft.server.log.appender.buffer.byte-limit = 33554432 (custom)
2019-09-28 01:15:26,711 [pool-227-thread-1] INFO  server.RaftServerConfigKeys (ConfUtils.java:logGet(43)) - raft.server.log.purge.gap = 1000000 (custom)
2019-09-28 01:15:26,711 [pool-237-thread-1] INFO  server.RaftServerConfigKeys (ConfUtils.java:logGet(43)) - raft.server.log.segment.size.max = 1048576 (custom)
2019-09-28 01:15:26,711 [pool-227-thread-1] INFO  server.RaftServerConfigKeys (ConfUtils.java:logGet(43)) - raft.server.log.appender.buffer.byte-limit = 33554432 (custom)
2019-09-28 01:15:26,711 [pool-197-thread-1] INFO  server.RaftServerConfigKeys (ConfUtils.java:logGet(43)) - raft.server.log.segment.size.max = 1048576 (custom)
2019-09-28 01:15:26,712 [pool-227-thread-1] INFO  server.RaftServerConfigKeys (ConfUtils.java:logGet(43)) - raft.server.log.segment.size.max = 1048576 (custom)
2019-09-28 01:15:26,711 [pool-237-thread-1] INFO  server.RaftServerConfigKeys (ConfUtils.java:logGet(43)) - raft.server.log.segment.cache.num.max = 2 (custom)
2019-09-28 01:15:26,712 [pool-227-thread-1] INFO  server.RaftServerConfigKeys (ConfUtils.java:logGet(43)) - raft.server.log.segment.cache.num.max = 2 (custom)
2019-09-28 01:15:26,712 [pool-197-thread-1] INFO  server.RaftServerConfigKeys (ConfUtils.java:logGet(43)) - raft.server.log.segment.cache.num.max = 2 (custom)
2019-09-28 01:15:26,712 [pool-227-thread-1] INFO  segmented.SegmentedRaftLogWorker (SegmentedRaftLogWorker.java:<init>(172)) - new b34eea16-a41e-4e85-a98c-844cd8e9e4c1@group-BD940380B4CC-SegmentedRaftLogWorker for RaftStorage:Storage Directory /workdir/hadoop-ozone/integration-test/target/test-dir/MiniOzoneClusterImpl-d0fea965-b787-49be-9c96-deb71f4b2c88/datanode-8/data/ratis/ea1c9fd3-98c8-4486-a5d3-bd940380b4cc
2019-09-28 01:15:26,712 [pool-237-thread-1] INFO  segmented.SegmentedRaftLogWorker (SegmentedRaftLogWorker.java:<init>(172)) - new 269561c1-184f-4010-93c7-8c28cea2e49d@group-BD940380B4CC-SegmentedRaftLogWorker for RaftStorage:Storage Directory /workdir/hadoop-ozone/integration-test/target/test-dir/MiniOzoneClusterImpl-d0fea965-b787-49be-9c96-deb71f4b2c88/datanode-9/data/ratis/ea1c9fd3-98c8-4486-a5d3-bd940380b4cc
2019-09-28 01:15:26,712 [pool-227-thread-1] INFO  server.RaftServerConfigKeys (ConfUtils.java:logGet(43)) - raft.server.log.queue.byte-limit = 2147483647 (custom)
2019-09-28 01:15:26,712 [pool-197-thread-1] INFO  segmented.SegmentedRaftLogWorker (SegmentedRaftLogWorker.java:<init>(172)) - new e713f41d-3c96-4fbb-9d49-ce14b311e545@group-BD940380B4CC-SegmentedRaftLogWorker for RaftStorage:Storage Directory /workdir/hadoop-ozone/integration-test/target/test-dir/MiniOzoneClusterImpl-d0fea965-b787-49be-9c96-deb71f4b2c88/datanode-5/data/ratis/ea1c9fd3-98c8-4486-a5d3-bd940380b4cc
2019-09-28 01:15:26,713 [pool-227-thread-1] INFO  server.RaftServerConfigKeys (ConfUtils.java:logGet(43)) - raft.server.log.queue.element-limit = 1024 (custom)
2019-09-28 01:15:26,713 [pool-237-thread-1] INFO  server.RaftServerConfigKeys (ConfUtils.java:logGet(43)) - raft.server.log.queue.byte-limit = 2147483647 (custom)
2019-09-28 01:15:26,713 [pool-227-thread-1] INFO  server.RaftServerConfigKeys (ConfUtils.java:logGet(43)) - raft.server.log.segment.size.max = 1048576 (custom)
2019-09-28 01:15:26,713 [pool-197-thread-1] INFO  server.RaftServerConfigKeys (ConfUtils.java:logGet(43)) - raft.server.log.queue.byte-limit = 2147483647 (custom)
2019-09-28 01:15:26,713 [pool-227-thread-1] INFO  server.RaftServerConfigKeys (ConfUtils.java:logGet(43)) - raft.server.log.preallocated.size = 16384 (custom)
2019-09-28 01:15:26,713 [pool-237-thread-1] INFO  server.RaftServerConfigKeys (ConfUtils.java:logGet(43)) - raft.server.log.queue.element-limit = 1024 (custom)
2019-09-28 01:15:26,714 [pool-227-thread-1] INFO  server.RaftServerConfigKeys (ConfUtils.java:logGet(43)) - raft.server.log.write.buffer.size = 33554432 (custom)
2019-09-28 01:15:26,714 [pool-227-thread-1] INFO  server.RaftServerConfigKeys (ConfUtils.java:logGet(43)) - raft.server.log.force.sync.num = 128 (default)
2019-09-28 01:15:26,714 [pool-197-thread-1] INFO  server.RaftServerConfigKeys (ConfUtils.java:logGet(43)) - raft.server.log.queue.element-limit = 1024 (custom)
2019-09-28 01:15:26,714 [pool-227-thread-1] INFO  server.RaftServerConfigKeys (ConfUtils.java:logGet(43)) - raft.server.log.statemachine.data.sync = true (default)
2019-09-28 01:15:26,714 [pool-237-thread-1] INFO  server.RaftServerConfigKeys (ConfUtils.java:logGet(43)) - raft.server.log.segment.size.max = 1048576 (custom)
2019-09-28 01:15:26,715 [pool-227-thread-1] INFO  server.RaftServerConfigKeys (ConfUtils.java:logGet(43)) - raft.server.log.statemachine.data.sync.timeout = 10s (default)
2019-09-28 01:15:26,715 [pool-227-thread-1] INFO  server.RaftServerConfigKeys (ConfUtils.java:logGet(43)) - raft.server.log.statemachine.data.sync.timeout.retry = -1 (default)
2019-09-28 01:15:26,715 [pool-197-thread-1] INFO  server.RaftServerConfigKeys (ConfUtils.java:logGet(43)) - raft.server.log.segment.size.max = 1048576 (custom)
2019-09-28 01:15:26,715 [pool-227-thread-1] INFO  server.RaftServerConfigKeys (ConfUtils.java:logGet(43)) - raft.server.log.statemachine.data.caching.enabled = true (custom)
2019-09-28 01:15:26,715 [pool-237-thread-1] INFO  server.RaftServerConfigKeys (ConfUtils.java:logGet(43)) - raft.server.log.preallocated.size = 16384 (custom)
2019-09-28 01:15:26,715 [pool-197-thread-1] INFO  server.RaftServerConfigKeys (ConfUtils.java:logGet(43)) - raft.server.log.preallocated.size = 16384 (custom)
2019-09-28 01:15:26,716 [pool-227-thread-1] INFO  segmented.SegmentedRaftLogWorker (SegmentedRaftLogWorker.java:lambda$new$0(132)) - b34eea16-a41e-4e85-a98c-844cd8e9e4c1@group-BD940380B4CC-SegmentedRaftLogWorker: flushIndex: setUnconditionally 0 -> -1
2019-09-28 01:15:26,716 [pool-237-thread-1] INFO  server.RaftServerConfigKeys (ConfUtils.java:logGet(43)) - raft.server.log.write.buffer.size = 33554432 (custom)
2019-09-28 01:15:26,716 [pool-197-thread-1] INFO  server.RaftServerConfigKeys (ConfUtils.java:logGet(43)) - raft.server.log.write.buffer.size = 33554432 (custom)
2019-09-28 01:15:26,716 [pool-227-thread-1] INFO  server.RaftServerConfigKeys (ConfUtils.java:logGet(43)) - raft.server.snapshot.auto.trigger.enabled = true (custom)
2019-09-28 01:15:26,716 [pool-237-thread-1] INFO  server.RaftServerConfigKeys (ConfUtils.java:logGet(43)) - raft.server.log.force.sync.num = 128 (default)
2019-09-28 01:15:26,717 [pool-227-thread-1] INFO  server.RaftServerConfigKeys (ConfUtils.java:logGet(43)) - raft.server.snapshot.auto.trigger.threshold = 10000 (custom)
2019-09-28 01:15:26,716 [pool-197-thread-1] INFO  server.RaftServerConfigKeys (ConfUtils.java:logGet(43)) - raft.server.log.force.sync.num = 128 (default)
2019-09-28 01:15:26,717 [pool-227-thread-1] INFO  server.RaftServerConfigKeys (ConfUtils.java:logGet(43)) - raft.server.snapshot.retention.num.files = 5 (custom)
2019-09-28 01:15:26,717 [pool-237-thread-1] INFO  server.RaftServerConfigKeys (ConfUtils.java:logGet(43)) - raft.server.log.statemachine.data.sync = true (default)
2019-09-28 01:15:26,717 [pool-227-thread-1] INFO  server.RaftServerConfigKeys (ConfUtils.java:logGet(43)) - raft.server.retrycache.expirytime = 600000ms (custom)
2019-09-28 01:15:26,717 [pool-197-thread-1] INFO  server.RaftServerConfigKeys (ConfUtils.java:logGet(43)) - raft.server.log.statemachine.data.sync = true (default)
2019-09-28 01:15:26,717 [pool-237-thread-1] INFO  server.RaftServerConfigKeys (ConfUtils.java:logGet(43)) - raft.server.log.statemachine.data.sync.timeout = 10s (default)
2019-09-28 01:15:26,718 [pool-197-thread-1] INFO  server.RaftServerConfigKeys (ConfUtils.java:logGet(43)) - raft.server.log.statemachine.data.sync.timeout = 10s (default)
2019-09-28 01:15:26,718 [pool-237-thread-1] INFO  server.RaftServerConfigKeys (ConfUtils.java:logGet(43)) - raft.server.log.statemachine.data.sync.timeout.retry = -1 (default)
2019-09-28 01:15:26,718 [pool-197-thread-1] INFO  server.RaftServerConfigKeys (ConfUtils.java:logGet(43)) - raft.server.log.statemachine.data.sync.timeout.retry = -1 (default)
2019-09-28 01:15:26,718 [pool-237-thread-1] INFO  server.RaftServerConfigKeys (ConfUtils.java:logGet(43)) - raft.server.log.statemachine.data.caching.enabled = true (custom)
2019-09-28 01:15:26,719 [pool-197-thread-1] INFO  server.RaftServerConfigKeys (ConfUtils.java:logGet(43)) - raft.server.log.statemachine.data.caching.enabled = true (custom)
2019-09-28 01:15:26,719 [pool-237-thread-1] INFO  segmented.SegmentedRaftLogWorker (SegmentedRaftLogWorker.java:lambda$new$0(132)) - 269561c1-184f-4010-93c7-8c28cea2e49d@group-BD940380B4CC-SegmentedRaftLogWorker: flushIndex: setUnconditionally 0 -> -1
2019-09-28 01:15:26,719 [pool-197-thread-1] INFO  segmented.SegmentedRaftLogWorker (SegmentedRaftLogWorker.java:lambda$new$0(132)) - e713f41d-3c96-4fbb-9d49-ce14b311e545@group-BD940380B4CC-SegmentedRaftLogWorker: flushIndex: setUnconditionally 0 -> -1
2019-09-28 01:15:26,719 [pool-237-thread-1] INFO  server.RaftServerConfigKeys (ConfUtils.java:logGet(43)) - raft.server.snapshot.auto.trigger.enabled = true (custom)
2019-09-28 01:15:26,719 [pool-237-thread-1] INFO  server.RaftServerConfigKeys (ConfUtils.java:logGet(43)) - raft.server.snapshot.auto.trigger.threshold = 10000 (custom)
2019-09-28 01:15:26,719 [pool-197-thread-1] INFO  server.RaftServerConfigKeys (ConfUtils.java:logGet(43)) - raft.server.snapshot.auto.trigger.enabled = true (custom)
2019-09-28 01:15:26,719 [pool-237-thread-1] INFO  server.RaftServerConfigKeys (ConfUtils.java:logGet(43)) - raft.server.snapshot.retention.num.files = 5 (custom)
2019-09-28 01:15:26,720 [pool-197-thread-1] INFO  server.RaftServerConfigKeys (ConfUtils.java:logGet(43)) - raft.server.snapshot.auto.trigger.threshold = 10000 (custom)
2019-09-28 01:15:26,720 [pool-237-thread-1] INFO  server.RaftServerConfigKeys (ConfUtils.java:logGet(43)) - raft.server.retrycache.expirytime = 600000ms (custom)
2019-09-28 01:15:26,720 [pool-197-thread-1] INFO  server.RaftServerConfigKeys (ConfUtils.java:logGet(43)) - raft.server.snapshot.retention.num.files = 5 (custom)
2019-09-28 01:15:26,720 [pool-197-thread-1] INFO  server.RaftServerConfigKeys (ConfUtils.java:logGet(43)) - raft.server.retrycache.expirytime = 600000ms (custom)
2019-09-28 01:15:26,721 [pool-227-thread-1] INFO  impl.RaftServerImpl (RaftServerImpl.java:start(185)) - b34eea16-a41e-4e85-a98c-844cd8e9e4c1@group-BD940380B4CC: start as a follower, conf=-1: [269561c1-184f-4010-93c7-8c28cea2e49d:192.168.151.82:41010, b34eea16-a41e-4e85-a98c-844cd8e9e4c1:192.168.151.82:34853, e713f41d-3c96-4fbb-9d49-ce14b311e545:192.168.151.82:35990], old=null
2019-09-28 01:15:26,721 [pool-227-thread-1] INFO  impl.RaftServerImpl (RaftServerImpl.java:setRole(174)) - b34eea16-a41e-4e85-a98c-844cd8e9e4c1@group-BD940380B4CC: changes role from      null to FOLLOWER at term 0 for startAsFollower
2019-09-28 01:15:26,721 [pool-227-thread-1] INFO  impl.RoleInfo (RoleInfo.java:updateAndGet(143)) - b34eea16-a41e-4e85-a98c-844cd8e9e4c1: start FollowerState
2019-09-28 01:15:26,721 [pool-227-thread-1] INFO  util.JmxRegister (JmxRegister.java:tryRegister(44)) - Successfully registered JMX Bean with object name Ratis:service=RaftServer,group=group-BD940380B4CC,id=b34eea16-a41e-4e85-a98c-844cd8e9e4c1
2019-09-28 01:15:26,728 [pool-237-thread-1] INFO  impl.RaftServerImpl (RaftServerImpl.java:start(185)) - 269561c1-184f-4010-93c7-8c28cea2e49d@group-BD940380B4CC: start as a follower, conf=-1: [269561c1-184f-4010-93c7-8c28cea2e49d:192.168.151.82:41010, b34eea16-a41e-4e85-a98c-844cd8e9e4c1:192.168.151.82:34853, e713f41d-3c96-4fbb-9d49-ce14b311e545:192.168.151.82:35990], old=null
2019-09-28 01:15:26,728 [pool-237-thread-1] INFO  impl.RaftServerImpl (RaftServerImpl.java:setRole(174)) - 269561c1-184f-4010-93c7-8c28cea2e49d@group-BD940380B4CC: changes role from      null to FOLLOWER at term 0 for startAsFollower
2019-09-28 01:15:26,728 [pool-237-thread-1] INFO  impl.RoleInfo (RoleInfo.java:updateAndGet(143)) - 269561c1-184f-4010-93c7-8c28cea2e49d: start FollowerState
2019-09-28 01:15:26,729 [pool-197-thread-1] INFO  impl.RaftServerImpl (RaftServerImpl.java:start(185)) - e713f41d-3c96-4fbb-9d49-ce14b311e545@group-BD940380B4CC: start as a follower, conf=-1: [269561c1-184f-4010-93c7-8c28cea2e49d:192.168.151.82:41010, b34eea16-a41e-4e85-a98c-844cd8e9e4c1:192.168.151.82:34853, e713f41d-3c96-4fbb-9d49-ce14b311e545:192.168.151.82:35990], old=null
2019-09-28 01:15:26,729 [pool-197-thread-1] INFO  impl.RaftServerImpl (RaftServerImpl.java:setRole(174)) - e713f41d-3c96-4fbb-9d49-ce14b311e545@group-BD940380B4CC: changes role from      null to FOLLOWER at term 0 for startAsFollower
2019-09-28 01:15:26,729 [pool-237-thread-1] INFO  util.JmxRegister (JmxRegister.java:tryRegister(44)) - Successfully registered JMX Bean with object name Ratis:service=RaftServer,group=group-BD940380B4CC,id=269561c1-184f-4010-93c7-8c28cea2e49d
2019-09-28 01:15:26,729 [pool-197-thread-1] INFO  impl.RoleInfo (RoleInfo.java:updateAndGet(143)) - e713f41d-3c96-4fbb-9d49-ce14b311e545: start FollowerState
2019-09-28 01:15:26,730 [pool-197-thread-1] INFO  util.JmxRegister (JmxRegister.java:tryRegister(44)) - Successfully registered JMX Bean with object name Ratis:service=RaftServer,group=group-BD940380B4CC,id=e713f41d-3c96-4fbb-9d49-ce14b311e545
2019-09-28 01:15:26,738 [RatisPipelineUtilsThread] INFO  pipeline.PipelineStateManager (PipelineStateManager.java:addPipeline(56)) - Created pipeline Pipeline[ Id: ea1c9fd3-98c8-4486-a5d3-bd940380b4cc, Nodes: e713f41d-3c96-4fbb-9d49-ce14b311e545{ip: 192.168.151.82, host: pr-hdds-2162-8g7kw-3348123894, networkLocation: /rack1, certSerialId: null}b34eea16-a41e-4e85-a98c-844cd8e9e4c1{ip: 192.168.151.82, host: pr-hdds-2162-8g7kw-3348123894, networkLocation: /rack1, certSerialId: null}269561c1-184f-4010-93c7-8c28cea2e49d{ip: 192.168.151.82, host: pr-hdds-2162-8g7kw-3348123894, networkLocation: /rack1, certSerialId: null}, Type:RATIS, Factor:THREE, State:OPEN]
2019-09-28 01:15:27,053 [Thread-2235] INFO  impl.FollowerState (FollowerState.java:run(106)) - d239b4fc-5ffb-4450-8968-7f1e37e2dc0b:group-D82B7E8661C1 changes to CANDIDATE, lastRpcTime:1178, electionTimeout:1178ms
2019-09-28 01:15:27,053 [Thread-2235] INFO  impl.RoleInfo (RoleInfo.java:shutdownFollowerState(121)) - d239b4fc-5ffb-4450-8968-7f1e37e2dc0b: shutdown FollowerState
2019-09-28 01:15:27,053 [Thread-2235] INFO  impl.RaftServerImpl (RaftServerImpl.java:setRole(174)) - d239b4fc-5ffb-4450-8968-7f1e37e2dc0b@group-D82B7E8661C1: changes role from  FOLLOWER to CANDIDATE at term 0 for changeToCandidate
2019-09-28 01:15:27,053 [Thread-2235] INFO  impl.RoleInfo (RoleInfo.java:updateAndGet(143)) - d239b4fc-5ffb-4450-8968-7f1e37e2dc0b: start LeaderElection
2019-09-28 01:15:27,082 [Thread-2238] INFO  impl.FollowerState (FollowerState.java:run(106)) - 88097dad-bc5b-411c-9cd7-f6ac7aee11e0:group-F669A802ED25 changes to CANDIDATE, lastRpcTime:1124, electionTimeout:1112ms
2019-09-28 01:15:27,082 [Thread-2238] INFO  impl.RoleInfo (RoleInfo.java:shutdownFollowerState(121)) - 88097dad-bc5b-411c-9cd7-f6ac7aee11e0: shutdown FollowerState
2019-09-28 01:15:27,082 [Thread-2238] INFO  impl.RaftServerImpl (RaftServerImpl.java:setRole(174)) - 88097dad-bc5b-411c-9cd7-f6ac7aee11e0@group-F669A802ED25: changes role from  FOLLOWER to CANDIDATE at term 0 for changeToCandidate
2019-09-28 01:15:27,083 [Thread-2238] INFO  impl.RoleInfo (RoleInfo.java:updateAndGet(143)) - 88097dad-bc5b-411c-9cd7-f6ac7aee11e0: start LeaderElection
2019-09-28 01:15:27,106 [Thread-2252] INFO  impl.FollowerState (FollowerState.java:run(106)) - d239b4fc-5ffb-4450-8968-7f1e37e2dc0b:group-6C5385ADC24A changes to CANDIDATE, lastRpcTime:1004, electionTimeout:1004ms
2019-09-28 01:15:27,106 [Thread-2252] INFO  impl.RoleInfo (RoleInfo.java:shutdownFollowerState(121)) - d239b4fc-5ffb-4450-8968-7f1e37e2dc0b: shutdown FollowerState
2019-09-28 01:15:27,106 [Thread-2252] INFO  impl.RaftServerImpl (RaftServerImpl.java:setRole(174)) - d239b4fc-5ffb-4450-8968-7f1e37e2dc0b@group-6C5385ADC24A: changes role from  FOLLOWER to CANDIDATE at term 0 for changeToCandidate
2019-09-28 01:15:27,106 [Thread-2252] INFO  impl.RoleInfo (RoleInfo.java:updateAndGet(143)) - d239b4fc-5ffb-4450-8968-7f1e37e2dc0b: start LeaderElection
2019-09-28 01:15:27,110 [88097dad-bc5b-411c-9cd7-f6ac7aee11e0@group-F669A802ED25:LeaderElection46] INFO  impl.LeaderElection (LeaderElection.java:askForVotes(182)) - 88097dad-bc5b-411c-9cd7-f6ac7aee11e0@group-F669A802ED25:LeaderElection46: begin an election at term 1 for -1: [88097dad-bc5b-411c-9cd7-f6ac7aee11e0:192.168.151.82:44181], old=null
2019-09-28 01:15:27,110 [d239b4fc-5ffb-4450-8968-7f1e37e2dc0b@group-D82B7E8661C1:LeaderElection45] INFO  impl.LeaderElection (LeaderElection.java:askForVotes(182)) - d239b4fc-5ffb-4450-8968-7f1e37e2dc0b@group-D82B7E8661C1:LeaderElection45: begin an election at term 1 for -1: [d239b4fc-5ffb-4450-8968-7f1e37e2dc0b:192.168.151.82:43077], old=null
2019-09-28 01:15:27,110 [88097dad-bc5b-411c-9cd7-f6ac7aee11e0@group-F669A802ED25:LeaderElection46] INFO  impl.RoleInfo (RoleInfo.java:shutdownLeaderElection(134)) - 88097dad-bc5b-411c-9cd7-f6ac7aee11e0: shutdown LeaderElection
2019-09-28 01:15:27,111 [d239b4fc-5ffb-4450-8968-7f1e37e2dc0b@group-D82B7E8661C1:LeaderElection45] INFO  impl.RoleInfo (RoleInfo.java:shutdownLeaderElection(134)) - d239b4fc-5ffb-4450-8968-7f1e37e2dc0b: shutdown LeaderElection
2019-09-28 01:15:27,111 [88097dad-bc5b-411c-9cd7-f6ac7aee11e0@group-F669A802ED25:LeaderElection46] INFO  impl.RaftServerImpl (RaftServerImpl.java:setRole(174)) - 88097dad-bc5b-411c-9cd7-f6ac7aee11e0@group-F669A802ED25: changes role from CANDIDATE to LEADER at term 1 for changeToLeader
2019-09-28 01:15:27,111 [d239b4fc-5ffb-4450-8968-7f1e37e2dc0b@group-D82B7E8661C1:LeaderElection45] INFO  impl.RaftServerImpl (RaftServerImpl.java:setRole(174)) - d239b4fc-5ffb-4450-8968-7f1e37e2dc0b@group-D82B7E8661C1: changes role from CANDIDATE to LEADER at term 1 for changeToLeader
2019-09-28 01:15:27,111 [88097dad-bc5b-411c-9cd7-f6ac7aee11e0@group-F669A802ED25:LeaderElection46] INFO  impl.RaftServerImpl (ServerState.java:setLeader(253)) - 88097dad-bc5b-411c-9cd7-f6ac7aee11e0@group-F669A802ED25: change Leader from null to 88097dad-bc5b-411c-9cd7-f6ac7aee11e0 at term 1 for becomeLeader, leader elected after 1160ms
2019-09-28 01:15:27,111 [d239b4fc-5ffb-4450-8968-7f1e37e2dc0b@group-D82B7E8661C1:LeaderElection45] INFO  impl.RaftServerImpl (ServerState.java:setLeader(253)) - d239b4fc-5ffb-4450-8968-7f1e37e2dc0b@group-D82B7E8661C1: change Leader from null to d239b4fc-5ffb-4450-8968-7f1e37e2dc0b at term 1 for becomeLeader, leader elected after 1248ms
2019-09-28 01:15:27,111 [88097dad-bc5b-411c-9cd7-f6ac7aee11e0@group-F669A802ED25:LeaderElection46] INFO  server.RaftServerConfigKeys (ConfUtils.java:logGet(43)) - raft.server.staging.catchup.gap = 1000 (default)
2019-09-28 01:15:27,111 [d239b4fc-5ffb-4450-8968-7f1e37e2dc0b@group-D82B7E8661C1:LeaderElection45] INFO  server.RaftServerConfigKeys (ConfUtils.java:logGet(43)) - raft.server.staging.catchup.gap = 1000 (default)
2019-09-28 01:15:27,112 [88097dad-bc5b-411c-9cd7-f6ac7aee11e0@group-F669A802ED25:LeaderElection46] INFO  server.RaftServerConfigKeys (ConfUtils.java:logGet(43)) - raft.server.rpc.sleep.time = 25ms (default)
2019-09-28 01:15:27,112 [d239b4fc-5ffb-4450-8968-7f1e37e2dc0b@group-D82B7E8661C1:LeaderElection45] INFO  server.RaftServerConfigKeys (ConfUtils.java:logGet(43)) - raft.server.rpc.sleep.time = 25ms (default)
2019-09-28 01:15:27,112 [88097dad-bc5b-411c-9cd7-f6ac7aee11e0@group-F669A802ED25:LeaderElection46] INFO  server.RaftServerConfigKeys (ConfUtils.java:logGet(43)) - raft.server.write.element-limit = 4096 (default)
2019-09-28 01:15:27,112 [d239b4fc-5ffb-4450-8968-7f1e37e2dc0b@group-D82B7E8661C1:LeaderElection45] INFO  server.RaftServerConfigKeys (ConfUtils.java:logGet(43)) - raft.server.write.element-limit = 4096 (default)
2019-09-28 01:15:27,112 [88097dad-bc5b-411c-9cd7-f6ac7aee11e0@group-F669A802ED25:LeaderElection46] INFO  server.RaftServerConfigKeys (ConfUtils.java:logGet(43)) - raft.server.watch.timeout = 10s (default)
2019-09-28 01:15:27,112 [d239b4fc-5ffb-4450-8968-7f1e37e2dc0b@group-D82B7E8661C1:LeaderElection45] INFO  server.RaftServerConfigKeys (ConfUtils.java:logGet(43)) - raft.server.watch.timeout = 10s (default)
2019-09-28 01:15:27,113 [88097dad-bc5b-411c-9cd7-f6ac7aee11e0@group-F669A802ED25:LeaderElection46] INFO  server.RaftServerConfigKeys (ConfUtils.java:logGet(43)) - raft.server.watch.timeout.denomination = 1s (default)
2019-09-28 01:15:27,113 [d239b4fc-5ffb-4450-8968-7f1e37e2dc0b@group-D82B7E8661C1:LeaderElection45] INFO  server.RaftServerConfigKeys (ConfUtils.java:logGet(43)) - raft.server.watch.timeout.denomination = 1s (default)
2019-09-28 01:15:27,113 [88097dad-bc5b-411c-9cd7-f6ac7aee11e0@group-F669A802ED25:LeaderElection46] INFO  server.RaftServerConfigKeys (ConfUtils.java:logGet(43)) - raft.server.watch.element-limit = 65536 (default)
2019-09-28 01:15:27,113 [d239b4fc-5ffb-4450-8968-7f1e37e2dc0b@group-D82B7E8661C1:LeaderElection45] INFO  server.RaftServerConfigKeys (ConfUtils.java:logGet(43)) - raft.server.watch.element-limit = 65536 (default)
2019-09-28 01:15:27,117 [88097dad-bc5b-411c-9cd7-f6ac7aee11e0@group-F669A802ED25:LeaderElection46] INFO  impl.RoleInfo (RoleInfo.java:updateAndGet(143)) - 88097dad-bc5b-411c-9cd7-f6ac7aee11e0: start LeaderState
2019-09-28 01:15:27,118 [d239b4fc-5ffb-4450-8968-7f1e37e2dc0b@group-D82B7E8661C1:LeaderElection45] INFO  impl.RoleInfo (RoleInfo.java:updateAndGet(143)) - d239b4fc-5ffb-4450-8968-7f1e37e2dc0b: start LeaderState
2019-09-28 01:15:27,118 [88097dad-bc5b-411c-9cd7-f6ac7aee11e0@group-F669A802ED25:LeaderElection46] INFO  segmented.SegmentedRaftLogWorker (SegmentedRaftLogWorker.java:startLogSegment(380)) - 88097dad-bc5b-411c-9cd7-f6ac7aee11e0@group-F669A802ED25-SegmentedRaftLogWorker: Starting segment from index:0
2019-09-28 01:15:27,118 [d239b4fc-5ffb-4450-8968-7f1e37e2dc0b@group-D82B7E8661C1:LeaderElection45] INFO  segmented.SegmentedRaftLogWorker (SegmentedRaftLogWorker.java:startLogSegment(380)) - d239b4fc-5ffb-4450-8968-7f1e37e2dc0b@group-D82B7E8661C1-SegmentedRaftLogWorker: Starting segment from index:0
2019-09-28 01:15:27,119 [88097dad-bc5b-411c-9cd7-f6ac7aee11e0@group-F669A802ED25:LeaderElection46] INFO  impl.RaftServerImpl (ServerState.java:setRaftConf(354)) - 88097dad-bc5b-411c-9cd7-f6ac7aee11e0@group-F669A802ED25: set configuration 0: [88097dad-bc5b-411c-9cd7-f6ac7aee11e0:192.168.151.82:44181], old=null at 0
2019-09-28 01:15:27,164 [Thread-2247] INFO  impl.FollowerState (FollowerState.java:run(106)) - 88097dad-bc5b-411c-9cd7-f6ac7aee11e0:group-6C5385ADC24A changes to CANDIDATE, lastRpcTime:1074, electionTimeout:1064ms
2019-09-28 01:15:27,165 [Thread-2241] INFO  impl.FollowerState (FollowerState.java:run(106)) - e1c1c139-c9d2-4524-9627-6fde74a335c6:group-ED141C3375F5 changes to CANDIDATE, lastRpcTime:1152, electionTimeout:1132ms
2019-09-28 01:15:27,165 [Thread-2247] INFO  impl.RoleInfo (RoleInfo.java:shutdownFollowerState(121)) - 88097dad-bc5b-411c-9cd7-f6ac7aee11e0: shutdown FollowerState
2019-09-28 01:15:27,165 [d239b4fc-5ffb-4450-8968-7f1e37e2dc0b@group-D82B7E8661C1:LeaderElection45] INFO  impl.RaftServerImpl (ServerState.java:setRaftConf(354)) - d239b4fc-5ffb-4450-8968-7f1e37e2dc0b@group-D82B7E8661C1: set configuration 0: [d239b4fc-5ffb-4450-8968-7f1e37e2dc0b:192.168.151.82:43077], old=null at 0
2019-09-28 01:15:27,165 [Thread-2241] INFO  impl.RoleInfo (RoleInfo.java:shutdownFollowerState(121)) - e1c1c139-c9d2-4524-9627-6fde74a335c6: shutdown FollowerState
2019-09-28 01:15:27,165 [d239b4fc-5ffb-4450-8968-7f1e37e2dc0b@group-6C5385ADC24A:LeaderElection47] INFO  impl.LeaderElection (LeaderElection.java:askForVotes(182)) - d239b4fc-5ffb-4450-8968-7f1e37e2dc0b@group-6C5385ADC24A:LeaderElection47: begin an election at term 1 for -1: [e1c1c139-c9d2-4524-9627-6fde74a335c6:192.168.151.82:43308, d239b4fc-5ffb-4450-8968-7f1e37e2dc0b:192.168.151.82:43077, 88097dad-bc5b-411c-9cd7-f6ac7aee11e0:192.168.151.82:44181], old=null
2019-09-28 01:15:27,207 [88097dad-bc5b-411c-9cd7-f6ac7aee11e0@group-F669A802ED25-SegmentedRaftLogWorker] INFO  segmented.SegmentedRaftLogWorker (SegmentedRaftLogWorker.java:execute(569)) - 88097dad-bc5b-411c-9cd7-f6ac7aee11e0@group-F669A802ED25-SegmentedRaftLogWorker: created new log segment /workdir/hadoop-ozone/integration-test/target/test-dir/MiniOzoneClusterImpl-d0fea965-b787-49be-9c96-deb71f4b2c88/datanode-1/data/ratis/a83ff1da-fcf0-4304-a8e3-f669a802ed25/current/log_inprogress_0
2019-09-28 01:15:27,211 [Thread-2251] INFO  impl.FollowerState (FollowerState.java:run(106)) - e1c1c139-c9d2-4524-9627-6fde74a335c6:group-6C5385ADC24A changes to CANDIDATE, lastRpcTime:1109, electionTimeout:1109ms
2019-09-28 01:15:27,210 [Thread-2241] INFO  impl.RaftServerImpl (RaftServerImpl.java:setRole(174)) - e1c1c139-c9d2-4524-9627-6fde74a335c6@group-ED141C3375F5: changes role from  FOLLOWER to CANDIDATE at term 0 for changeToCandidate
2019-09-28 01:15:27,207 [Thread-2247] INFO  impl.RaftServerImpl (RaftServerImpl.java:setRole(174)) - 88097dad-bc5b-411c-9cd7-f6ac7aee11e0@group-6C5385ADC24A: changes role from  FOLLOWER to CANDIDATE at term 0 for changeToCandidate
2019-09-28 01:15:27,212 [Thread-2241] INFO  impl.RoleInfo (RoleInfo.java:updateAndGet(143)) - e1c1c139-c9d2-4524-9627-6fde74a335c6: start LeaderElection
2019-09-28 01:15:27,211 [Thread-2251] INFO  impl.RoleInfo (RoleInfo.java:shutdownFollowerState(121)) - e1c1c139-c9d2-4524-9627-6fde74a335c6: shutdown FollowerState
2019-09-28 01:15:27,212 [Thread-2247] INFO  impl.RoleInfo (RoleInfo.java:updateAndGet(143)) - 88097dad-bc5b-411c-9cd7-f6ac7aee11e0: start LeaderElection
2019-09-28 01:15:27,212 [Thread-2251] INFO  impl.RaftServerImpl (RaftServerImpl.java:setRole(174)) - e1c1c139-c9d2-4524-9627-6fde74a335c6@group-6C5385ADC24A: changes role from  FOLLOWER to CANDIDATE at term 0 for changeToCandidate
2019-09-28 01:15:27,215 [Thread-2251] INFO  impl.RoleInfo (RoleInfo.java:updateAndGet(143)) - e1c1c139-c9d2-4524-9627-6fde74a335c6: start LeaderElection
2019-09-28 01:15:27,226 [d239b4fc-5ffb-4450-8968-7f1e37e2dc0b@group-D82B7E8661C1-SegmentedRaftLogWorker] INFO  segmented.SegmentedRaftLogWorker (SegmentedRaftLogWorker.java:execute(569)) - d239b4fc-5ffb-4450-8968-7f1e37e2dc0b@group-D82B7E8661C1-SegmentedRaftLogWorker: created new log segment /workdir/hadoop-ozone/integration-test/target/test-dir/MiniOzoneClusterImpl-d0fea965-b787-49be-9c96-deb71f4b2c88/datanode-0/data/ratis/2e4ebf06-6474-4df6-8c6f-d82b7e8661c1/current/log_inprogress_0
2019-09-28 01:15:27,226 [Thread-2244] INFO  impl.FollowerState (FollowerState.java:run(106)) - 1d4e2793-91bc-4b97-9fdd-4d71f8f61250:group-76EBF1C9A574 changes to CANDIDATE, lastRpcTime:1179, electionTimeout:1179ms
2019-09-28 01:15:27,227 [Thread-2244] INFO  impl.RoleInfo (RoleInfo.java:shutdownFollowerState(121)) - 1d4e2793-91bc-4b97-9fdd-4d71f8f61250: shutdown FollowerState
2019-09-28 01:15:27,227 [Thread-2244] INFO  impl.RaftServerImpl (RaftServerImpl.java:setRole(174)) - 1d4e2793-91bc-4b97-9fdd-4d71f8f61250@group-76EBF1C9A574: changes role from  FOLLOWER to CANDIDATE at term 0 for changeToCandidate
2019-09-28 01:15:27,227 [Thread-2244] INFO  impl.RoleInfo (RoleInfo.java:updateAndGet(143)) - 1d4e2793-91bc-4b97-9fdd-4d71f8f61250: start LeaderElection
2019-09-28 01:15:27,237 [Thread-2256] INFO  impl.FollowerState (FollowerState.java:run(106)) - 30802873-5cdc-4a1f-a873-68d0f5360ef3:group-98C043533B4B changes to CANDIDATE, lastRpcTime:1073, electionTimeout:1073ms
2019-09-28 01:15:27,237 [Thread-2256] INFO  impl.RoleInfo (RoleInfo.java:shutdownFollowerState(121)) - 30802873-5cdc-4a1f-a873-68d0f5360ef3: shutdown FollowerState
2019-09-28 01:15:27,237 [Thread-2256] INFO  impl.RaftServerImpl (RaftServerImpl.java:setRole(174)) - 30802873-5cdc-4a1f-a873-68d0f5360ef3@group-98C043533B4B: changes role from  FOLLOWER to CANDIDATE at term 0 for changeToCandidate
2019-09-28 01:15:27,237 [Thread-2256] INFO  impl.RoleInfo (RoleInfo.java:updateAndGet(143)) - 30802873-5cdc-4a1f-a873-68d0f5360ef3: start LeaderElection
2019-09-28 01:15:27,244 [e1c1c139-c9d2-4524-9627-6fde74a335c6@group-ED141C3375F5:LeaderElection48] INFO  impl.LeaderElection (LeaderElection.java:askForVotes(182)) - e1c1c139-c9d2-4524-9627-6fde74a335c6@group-ED141C3375F5:LeaderElection48: begin an election at term 1 for -1: [e1c1c139-c9d2-4524-9627-6fde74a335c6:192.168.151.82:43308], old=null
2019-09-28 01:15:27,244 [e1c1c139-c9d2-4524-9627-6fde74a335c6@group-6C5385ADC24A:LeaderElection50] INFO  impl.LeaderElection (LeaderElection.java:askForVotes(182)) - e1c1c139-c9d2-4524-9627-6fde74a335c6@group-6C5385ADC24A:LeaderElection50: begin an election at term 1 for -1: [e1c1c139-c9d2-4524-9627-6fde74a335c6:192.168.151.82:43308, d239b4fc-5ffb-4450-8968-7f1e37e2dc0b:192.168.151.82:43077, 88097dad-bc5b-411c-9cd7-f6ac7aee11e0:192.168.151.82:44181], old=null
2019-09-28 01:15:27,248 [88097dad-bc5b-411c-9cd7-f6ac7aee11e0@group-6C5385ADC24A:LeaderElection49] INFO  impl.LeaderElection (LeaderElection.java:askForVotes(182)) - 88097dad-bc5b-411c-9cd7-f6ac7aee11e0@group-6C5385ADC24A:LeaderElection49: begin an election at term 1 for -1: [e1c1c139-c9d2-4524-9627-6fde74a335c6:192.168.151.82:43308, d239b4fc-5ffb-4450-8968-7f1e37e2dc0b:192.168.151.82:43077, 88097dad-bc5b-411c-9cd7-f6ac7aee11e0:192.168.151.82:44181], old=null
2019-09-28 01:15:27,248 [e1c1c139-c9d2-4524-9627-6fde74a335c6@group-ED141C3375F5:LeaderElection48] INFO  impl.RoleInfo (RoleInfo.java:shutdownLeaderElection(134)) - e1c1c139-c9d2-4524-9627-6fde74a335c6: shutdown LeaderElection
2019-09-28 01:15:27,244 [1d4e2793-91bc-4b97-9fdd-4d71f8f61250@group-76EBF1C9A574:LeaderElection51] INFO  impl.LeaderElection (LeaderElection.java:askForVotes(182)) - 1d4e2793-91bc-4b97-9fdd-4d71f8f61250@group-76EBF1C9A574:LeaderElection51: begin an election at term 1 for -1: [1d4e2793-91bc-4b97-9fdd-4d71f8f61250:192.168.151.82:42715], old=null
2019-09-28 01:15:27,263 [1d4e2793-91bc-4b97-9fdd-4d71f8f61250@group-76EBF1C9A574:LeaderElection51] INFO  impl.RoleInfo (RoleInfo.java:shutdownLeaderElection(134)) - 1d4e2793-91bc-4b97-9fdd-4d71f8f61250: shutdown LeaderElection
2019-09-28 01:15:27,248 [e1c1c139-c9d2-4524-9627-6fde74a335c6@group-ED141C3375F5:LeaderElection48] INFO  impl.RaftServerImpl (RaftServerImpl.java:setRole(174)) - e1c1c139-c9d2-4524-9627-6fde74a335c6@group-ED141C3375F5: changes role from CANDIDATE to LEADER at term 1 for changeToLeader
2019-09-28 01:15:27,263 [1d4e2793-91bc-4b97-9fdd-4d71f8f61250@group-76EBF1C9A574:LeaderElection51] INFO  impl.RaftServerImpl (RaftServerImpl.java:setRole(174)) - 1d4e2793-91bc-4b97-9fdd-4d71f8f61250@group-76EBF1C9A574: changes role from CANDIDATE to LEADER at term 1 for changeToLeader
2019-09-28 01:15:27,263 [1d4e2793-91bc-4b97-9fdd-4d71f8f61250@group-76EBF1C9A574:LeaderElection51] INFO  impl.RaftServerImpl (ServerState.java:setLeader(253)) - 1d4e2793-91bc-4b97-9fdd-4d71f8f61250@group-76EBF1C9A574: change Leader from null to 1d4e2793-91bc-4b97-9fdd-4d71f8f61250 at term 1 for becomeLeader, leader elected after 1223ms
2019-09-28 01:15:27,263 [e1c1c139-c9d2-4524-9627-6fde74a335c6@group-ED141C3375F5:LeaderElection48] INFO  impl.RaftServerImpl (ServerState.java:setLeader(253)) - e1c1c139-c9d2-4524-9627-6fde74a335c6@group-ED141C3375F5: change Leader from null to e1c1c139-c9d2-4524-9627-6fde74a335c6 at term 1 for becomeLeader, leader elected after 1258ms
2019-09-28 01:15:27,263 [1d4e2793-91bc-4b97-9fdd-4d71f8f61250@group-76EBF1C9A574:LeaderElection51] INFO  server.RaftServerConfigKeys (ConfUtils.java:logGet(43)) - raft.server.staging.catchup.gap = 1000 (default)
2019-09-28 01:15:27,264 [e1c1c139-c9d2-4524-9627-6fde74a335c6@group-ED141C3375F5:LeaderElection48] INFO  server.RaftServerConfigKeys (ConfUtils.java:logGet(43)) - raft.server.staging.catchup.gap = 1000 (default)
2019-09-28 01:15:27,264 [1d4e2793-91bc-4b97-9fdd-4d71f8f61250@group-76EBF1C9A574:LeaderElection51] INFO  server.RaftServerConfigKeys (ConfUtils.java:logGet(43)) - raft.server.rpc.sleep.time = 25ms (default)
2019-09-28 01:15:27,264 [d239b4fc-5ffb-4450-8968-7f1e37e2dc0b@group-6C5385ADC24A:LeaderElection47] INFO  impl.LeaderElection (LeaderElection.java:logAndReturn(56)) - d239b4fc-5ffb-4450-8968-7f1e37e2dc0b@group-6C5385ADC24A:LeaderElection47: Election REJECTED; received 2 response(s) [d239b4fc-5ffb-4450-8968-7f1e37e2dc0b<-e1c1c139-c9d2-4524-9627-6fde74a335c6#0:FAIL-t1, d239b4fc-5ffb-4450-8968-7f1e37e2dc0b<-88097dad-bc5b-411c-9cd7-f6ac7aee11e0#0:FAIL-t1] and 0 exception(s); d239b4fc-5ffb-4450-8968-7f1e37e2dc0b@group-6C5385ADC24A:t1, leader=null, voted=d239b4fc-5ffb-4450-8968-7f1e37e2dc0b, raftlog=d239b4fc-5ffb-4450-8968-7f1e37e2dc0b@group-6C5385ADC24A-SegmentedRaftLog:OPENED:c-1,f-1,i0, conf=-1: [e1c1c139-c9d2-4524-9627-6fde74a335c6:192.168.151.82:43308, d239b4fc-5ffb-4450-8968-7f1e37e2dc0b:192.168.151.82:43077, 88097dad-bc5b-411c-9cd7-f6ac7aee11e0:192.168.151.82:44181], old=null
2019-09-28 01:15:27,264 [e1c1c139-c9d2-4524-9627-6fde74a335c6@group-ED141C3375F5:LeaderElection48] INFO  server.RaftServerConfigKeys (ConfUtils.java:logGet(43)) - raft.server.rpc.sleep.time = 25ms (default)
2019-09-28 01:15:27,264 [d239b4fc-5ffb-4450-8968-7f1e37e2dc0b@group-6C5385ADC24A:LeaderElection47] INFO  impl.RaftServerImpl (RaftServerImpl.java:setRole(174)) - d239b4fc-5ffb-4450-8968-7f1e37e2dc0b@group-6C5385ADC24A: changes role from CANDIDATE to FOLLOWER at term 1 for DISCOVERED_A_NEW_TERM
2019-09-28 01:15:27,264 [1d4e2793-91bc-4b97-9fdd-4d71f8f61250@group-76EBF1C9A574:LeaderElection51] INFO  server.RaftServerConfigKeys (ConfUtils.java:logGet(43)) - raft.server.write.element-limit = 4096 (default)
2019-09-28 01:15:27,264 [d239b4fc-5ffb-4450-8968-7f1e37e2dc0b@group-6C5385ADC24A:LeaderElection47] INFO  impl.RoleInfo (RoleInfo.java:shutdownLeaderElection(134)) - d239b4fc-5ffb-4450-8968-7f1e37e2dc0b: shutdown LeaderElection
2019-09-28 01:15:27,264 [e1c1c139-c9d2-4524-9627-6fde74a335c6@group-ED141C3375F5:LeaderElection48] INFO  server.RaftServerConfigKeys (ConfUtils.java:logGet(43)) - raft.server.write.element-limit = 4096 (default)
2019-09-28 01:15:27,265 [d239b4fc-5ffb-4450-8968-7f1e37e2dc0b@group-6C5385ADC24A:LeaderElection47] INFO  impl.RoleInfo (RoleInfo.java:updateAndGet(143)) - d239b4fc-5ffb-4450-8968-7f1e37e2dc0b: start FollowerState
2019-09-28 01:15:27,265 [1d4e2793-91bc-4b97-9fdd-4d71f8f61250@group-76EBF1C9A574:LeaderElection51] INFO  server.RaftServerConfigKeys (ConfUtils.java:logGet(43)) - raft.server.watch.timeout = 10s (default)
2019-09-28 01:15:27,268 [e1c1c139-c9d2-4524-9627-6fde74a335c6@group-ED141C3375F5:LeaderElection48] INFO  server.RaftServerConfigKeys (ConfUtils.java:logGet(43)) - raft.server.watch.timeout = 10s (default)
2019-09-28 01:15:27,269 [1d4e2793-91bc-4b97-9fdd-4d71f8f61250@group-76EBF1C9A574:LeaderElection51] INFO  server.RaftServerConfigKeys (ConfUtils.java:logGet(43)) - raft.server.watch.timeout.denomination = 1s (default)
2019-09-28 01:15:27,269 [e1c1c139-c9d2-4524-9627-6fde74a335c6@group-ED141C3375F5:LeaderElection48] INFO  server.RaftServerConfigKeys (ConfUtils.java:logGet(43)) - raft.server.watch.timeout.denomination = 1s (default)
2019-09-28 01:15:27,269 [1d4e2793-91bc-4b97-9fdd-4d71f8f61250@group-76EBF1C9A574:LeaderElection51] INFO  server.RaftServerConfigKeys (ConfUtils.java:logGet(43)) - raft.server.watch.element-limit = 65536 (default)
2019-09-28 01:15:27,269 [e1c1c139-c9d2-4524-9627-6fde74a335c6@group-ED141C3375F5:LeaderElection48] INFO  server.RaftServerConfigKeys (ConfUtils.java:logGet(43)) - raft.server.watch.element-limit = 65536 (default)
2019-09-28 01:15:27,278 [30802873-5cdc-4a1f-a873-68d0f5360ef3@group-98C043533B4B:LeaderElection52] INFO  impl.LeaderElection (LeaderElection.java:askForVotes(182)) - 30802873-5cdc-4a1f-a873-68d0f5360ef3@group-98C043533B4B:LeaderElection52: begin an election at term 1 for -1: [30802873-5cdc-4a1f-a873-68d0f5360ef3:192.168.151.82:38416], old=null
2019-09-28 01:15:27,278 [30802873-5cdc-4a1f-a873-68d0f5360ef3@group-98C043533B4B:LeaderElection52] INFO  impl.RoleInfo (RoleInfo.java:shutdownLeaderElection(134)) - 30802873-5cdc-4a1f-a873-68d0f5360ef3: shutdown LeaderElection
2019-09-28 01:15:27,278 [30802873-5cdc-4a1f-a873-68d0f5360ef3@group-98C043533B4B:LeaderElection52] INFO  impl.RaftServerImpl (RaftServerImpl.java:setRole(174)) - 30802873-5cdc-4a1f-a873-68d0f5360ef3@group-98C043533B4B: changes role from CANDIDATE to LEADER at term 1 for changeToLeader
2019-09-28 01:15:27,278 [30802873-5cdc-4a1f-a873-68d0f5360ef3@group-98C043533B4B:LeaderElection52] INFO  impl.RaftServerImpl (ServerState.java:setLeader(253)) - 30802873-5cdc-4a1f-a873-68d0f5360ef3@group-98C043533B4B: change Leader from null to 30802873-5cdc-4a1f-a873-68d0f5360ef3 at term 1 for becomeLeader, leader elected after 1124ms
2019-09-28 01:15:27,278 [30802873-5cdc-4a1f-a873-68d0f5360ef3@group-98C043533B4B:LeaderElection52] INFO  server.RaftServerConfigKeys (ConfUtils.java:logGet(43)) - raft.server.staging.catchup.gap = 1000 (default)
2019-09-28 01:15:27,282 [30802873-5cdc-4a1f-a873-68d0f5360ef3@group-98C043533B4B:LeaderElection52] INFO  server.RaftServerConfigKeys (ConfUtils.java:logGet(43)) - raft.server.rpc.sleep.time = 25ms (default)
2019-09-28 01:15:27,285 [30802873-5cdc-4a1f-a873-68d0f5360ef3@group-98C043533B4B:LeaderElection52] INFO  server.RaftServerConfigKeys (ConfUtils.java:logGet(43)) - raft.server.write.element-limit = 4096 (default)
2019-09-28 01:15:27,285 [30802873-5cdc-4a1f-a873-68d0f5360ef3@group-98C043533B4B:LeaderElection52] INFO  server.RaftServerConfigKeys (ConfUtils.java:logGet(43)) - raft.server.watch.timeout = 10s (default)
2019-09-28 01:15:27,288 [e1c1c139-c9d2-4524-9627-6fde74a335c6@group-6C5385ADC24A:LeaderElection50] INFO  impl.LeaderElection (LeaderElection.java:logAndReturn(56)) - e1c1c139-c9d2-4524-9627-6fde74a335c6@group-6C5385ADC24A:LeaderElection50: Election REJECTED; received 2 response(s) [e1c1c139-c9d2-4524-9627-6fde74a335c6<-d239b4fc-5ffb-4450-8968-7f1e37e2dc0b#0:FAIL-t1, e1c1c139-c9d2-4524-9627-6fde74a335c6<-88097dad-bc5b-411c-9cd7-f6ac7aee11e0#0:FAIL-t1] and 0 exception(s); e1c1c139-c9d2-4524-9627-6fde74a335c6@group-6C5385ADC24A:t1, leader=null, voted=e1c1c139-c9d2-4524-9627-6fde74a335c6, raftlog=e1c1c139-c9d2-4524-9627-6fde74a335c6@group-6C5385ADC24A-SegmentedRaftLog:OPENED:c-1,f-1,i0, conf=-1: [e1c1c139-c9d2-4524-9627-6fde74a335c6:192.168.151.82:43308, d239b4fc-5ffb-4450-8968-7f1e37e2dc0b:192.168.151.82:43077, 88097dad-bc5b-411c-9cd7-f6ac7aee11e0:192.168.151.82:44181], old=null
2019-09-28 01:15:27,288 [88097dad-bc5b-411c-9cd7-f6ac7aee11e0@group-6C5385ADC24A:LeaderElection49] INFO  impl.LeaderElection (LeaderElection.java:logAndReturn(56)) - 88097dad-bc5b-411c-9cd7-f6ac7aee11e0@group-6C5385ADC24A:LeaderElection49: Election REJECTED; received 2 response(s) [88097dad-bc5b-411c-9cd7-f6ac7aee11e0<-e1c1c139-c9d2-4524-9627-6fde74a335c6#0:FAIL-t1, 88097dad-bc5b-411c-9cd7-f6ac7aee11e0<-d239b4fc-5ffb-4450-8968-7f1e37e2dc0b#0:FAIL-t1] and 0 exception(s); 88097dad-bc5b-411c-9cd7-f6ac7aee11e0@group-6C5385ADC24A:t1, leader=null, voted=88097dad-bc5b-411c-9cd7-f6ac7aee11e0, raftlog=88097dad-bc5b-411c-9cd7-f6ac7aee11e0@group-6C5385ADC24A-SegmentedRaftLog:OPENED:c-1,f-1,i0, conf=-1: [e1c1c139-c9d2-4524-9627-6fde74a335c6:192.168.151.82:43308, d239b4fc-5ffb-4450-8968-7f1e37e2dc0b:192.168.151.82:43077, 88097dad-bc5b-411c-9cd7-f6ac7aee11e0:192.168.151.82:44181], old=null
2019-09-28 01:15:27,288 [30802873-5cdc-4a1f-a873-68d0f5360ef3@group-98C043533B4B:LeaderElection52] INFO  server.RaftServerConfigKeys (ConfUtils.java:logGet(43)) - raft.server.watch.timeout.denomination = 1s (default)
2019-09-28 01:15:27,289 [88097dad-bc5b-411c-9cd7-f6ac7aee11e0@group-6C5385ADC24A:LeaderElection49] INFO  impl.RaftServerImpl (RaftServerImpl.java:setRole(174)) - 88097dad-bc5b-411c-9cd7-f6ac7aee11e0@group-6C5385ADC24A: changes role from CANDIDATE to FOLLOWER at term 1 for DISCOVERED_A_NEW_TERM
2019-09-28 01:15:27,289 [88097dad-bc5b-411c-9cd7-f6ac7aee11e0@group-6C5385ADC24A:LeaderElection49] INFO  impl.RoleInfo (RoleInfo.java:shutdownLeaderElection(134)) - 88097dad-bc5b-411c-9cd7-f6ac7aee11e0: shutdown LeaderElection
2019-09-28 01:15:27,288 [e1c1c139-c9d2-4524-9627-6fde74a335c6@group-6C5385ADC24A:LeaderElection50] INFO  impl.RaftServerImpl (RaftServerImpl.java:setRole(174)) - e1c1c139-c9d2-4524-9627-6fde74a335c6@group-6C5385ADC24A: changes role from CANDIDATE to FOLLOWER at term 1 for DISCOVERED_A_NEW_TERM
2019-09-28 01:15:27,289 [88097dad-bc5b-411c-9cd7-f6ac7aee11e0@group-6C5385ADC24A:LeaderElection49] INFO  impl.RoleInfo (RoleInfo.java:updateAndGet(143)) - 88097dad-bc5b-411c-9cd7-f6ac7aee11e0: start FollowerState
2019-09-28 01:15:27,289 [30802873-5cdc-4a1f-a873-68d0f5360ef3@group-98C043533B4B:LeaderElection52] INFO  server.RaftServerConfigKeys (ConfUtils.java:logGet(43)) - raft.server.watch.element-limit = 65536 (default)
2019-09-28 01:15:27,289 [e1c1c139-c9d2-4524-9627-6fde74a335c6@group-6C5385ADC24A:LeaderElection50] INFO  impl.RoleInfo (RoleInfo.java:shutdownLeaderElection(134)) - e1c1c139-c9d2-4524-9627-6fde74a335c6: shutdown LeaderElection
2019-09-28 01:15:27,290 [e1c1c139-c9d2-4524-9627-6fde74a335c6@group-6C5385ADC24A:LeaderElection50] INFO  impl.RoleInfo (RoleInfo.java:updateAndGet(143)) - e1c1c139-c9d2-4524-9627-6fde74a335c6: start FollowerState
2019-09-28 01:15:27,291 [1d4e2793-91bc-4b97-9fdd-4d71f8f61250@group-76EBF1C9A574:LeaderElection51] INFO  impl.RoleInfo (RoleInfo.java:updateAndGet(143)) - 1d4e2793-91bc-4b97-9fdd-4d71f8f61250: start LeaderState
2019-09-28 01:15:27,291 [1d4e2793-91bc-4b97-9fdd-4d71f8f61250@group-76EBF1C9A574:LeaderElection51] INFO  segmented.SegmentedRaftLogWorker (SegmentedRaftLogWorker.java:startLogSegment(380)) - 1d4e2793-91bc-4b97-9fdd-4d71f8f61250@group-76EBF1C9A574-SegmentedRaftLogWorker: Starting segment from index:0
2019-09-28 01:15:27,292 [e1c1c139-c9d2-4524-9627-6fde74a335c6@group-ED141C3375F5:LeaderElection48] INFO  impl.RoleInfo (RoleInfo.java:updateAndGet(143)) - e1c1c139-c9d2-4524-9627-6fde74a335c6: start LeaderState
2019-09-28 01:15:27,292 [1d4e2793-91bc-4b97-9fdd-4d71f8f61250@group-76EBF1C9A574:LeaderElection51] INFO  impl.RaftServerImpl (ServerState.java:setRaftConf(354)) - 1d4e2793-91bc-4b97-9fdd-4d71f8f61250@group-76EBF1C9A574: set configuration 0: [1d4e2793-91bc-4b97-9fdd-4d71f8f61250:192.168.151.82:42715], old=null at 0
2019-09-28 01:15:27,292 [e1c1c139-c9d2-4524-9627-6fde74a335c6@group-ED141C3375F5:LeaderElection48] INFO  segmented.SegmentedRaftLogWorker (SegmentedRaftLogWorker.java:startLogSegment(380)) - e1c1c139-c9d2-4524-9627-6fde74a335c6@group-ED141C3375F5-SegmentedRaftLogWorker: Starting segment from index:0
2019-09-28 01:15:27,331 [e1c1c139-c9d2-4524-9627-6fde74a335c6@group-ED141C3375F5:LeaderElection48] INFO  impl.RaftServerImpl (ServerState.java:setRaftConf(354)) - e1c1c139-c9d2-4524-9627-6fde74a335c6@group-ED141C3375F5: set configuration 0: [e1c1c139-c9d2-4524-9627-6fde74a335c6:192.168.151.82:43308], old=null at 0
2019-09-28 01:15:27,370 [1d4e2793-91bc-4b97-9fdd-4d71f8f61250@group-76EBF1C9A574-SegmentedRaftLogWorker] INFO  segmented.SegmentedRaftLogWorker (SegmentedRaftLogWorker.java:execute(569)) - 1d4e2793-91bc-4b97-9fdd-4d71f8f61250@group-76EBF1C9A574-SegmentedRaftLogWorker: created new log segment /workdir/hadoop-ozone/integration-test/target/test-dir/MiniOzoneClusterImpl-d0fea965-b787-49be-9c96-deb71f4b2c88/datanode-3/data/ratis/854adbf0-4c11-4f28-bc78-76ebf1c9a574/current/log_inprogress_0
2019-09-28 01:15:27,371 [30802873-5cdc-4a1f-a873-68d0f5360ef3@group-98C043533B4B:LeaderElection52] INFO  impl.RoleInfo (RoleInfo.java:updateAndGet(143)) - 30802873-5cdc-4a1f-a873-68d0f5360ef3: start LeaderState
2019-09-28 01:15:27,371 [30802873-5cdc-4a1f-a873-68d0f5360ef3@group-98C043533B4B:LeaderElection52] INFO  segmented.SegmentedRaftLogWorker (SegmentedRaftLogWorker.java:startLogSegment(380)) - 30802873-5cdc-4a1f-a873-68d0f5360ef3@group-98C043533B4B-SegmentedRaftLogWorker: Starting segment from index:0
2019-09-28 01:15:27,371 [30802873-5cdc-4a1f-a873-68d0f5360ef3@group-98C043533B4B:LeaderElection52] INFO  impl.RaftServerImpl (ServerState.java:setRaftConf(354)) - 30802873-5cdc-4a1f-a873-68d0f5360ef3@group-98C043533B4B: set configuration 0: [30802873-5cdc-4a1f-a873-68d0f5360ef3:192.168.151.82:38416], old=null at 0
2019-09-28 01:15:27,414 [e1c1c139-c9d2-4524-9627-6fde74a335c6@group-ED141C3375F5-SegmentedRaftLogWorker] INFO  segmented.SegmentedRaftLogWorker (SegmentedRaftLogWorker.java:execute(569)) - e1c1c139-c9d2-4524-9627-6fde74a335c6@group-ED141C3375F5-SegmentedRaftLogWorker: created new log segment /workdir/hadoop-ozone/integration-test/target/test-dir/MiniOzoneClusterImpl-d0fea965-b787-49be-9c96-deb71f4b2c88/datanode-2/data/ratis/0faf05b5-ce3c-4c6d-99b5-ed141c3375f5/current/log_inprogress_0
2019-09-28 01:15:27,414 [Thread-2259] INFO  impl.FollowerState (FollowerState.java:run(106)) - e713f41d-3c96-4fbb-9d49-ce14b311e545:group-6139FA5B632A changes to CANDIDATE, lastRpcTime:1182, electionTimeout:1152ms
2019-09-28 01:15:27,415 [Thread-2259] INFO  impl.RoleInfo (RoleInfo.java:shutdownFollowerState(121)) - e713f41d-3c96-4fbb-9d49-ce14b311e545: shutdown FollowerState
2019-09-28 01:15:27,415 [Thread-2259] INFO  impl.RaftServerImpl (RaftServerImpl.java:setRole(174)) - e713f41d-3c96-4fbb-9d49-ce14b311e545@group-6139FA5B632A: changes role from  FOLLOWER to CANDIDATE at term 0 for changeToCandidate
2019-09-28 01:15:27,415 [Thread-2259] INFO  impl.RoleInfo (RoleInfo.java:updateAndGet(143)) - e713f41d-3c96-4fbb-9d49-ce14b311e545: start LeaderElection
2019-09-28 01:15:27,427 [30802873-5cdc-4a1f-a873-68d0f5360ef3@group-98C043533B4B-SegmentedRaftLogWorker] INFO  segmented.SegmentedRaftLogWorker (SegmentedRaftLogWorker.java:execute(569)) - 30802873-5cdc-4a1f-a873-68d0f5360ef3@group-98C043533B4B-SegmentedRaftLogWorker: created new log segment /workdir/hadoop-ozone/integration-test/target/test-dir/MiniOzoneClusterImpl-d0fea965-b787-49be-9c96-deb71f4b2c88/datanode-4/data/ratis/8d313ee0-6085-4519-b005-98c043533b4b/current/log_inprogress_0
2019-09-28 01:15:27,427 [e713f41d-3c96-4fbb-9d49-ce14b311e545@group-6139FA5B632A:LeaderElection53] INFO  impl.LeaderElection (LeaderElection.java:askForVotes(182)) - e713f41d-3c96-4fbb-9d49-ce14b311e545@group-6139FA5B632A:LeaderElection53: begin an election at term 1 for -1: [e713f41d-3c96-4fbb-9d49-ce14b311e545:192.168.151.82:35990], old=null
2019-09-28 01:15:27,428 [e713f41d-3c96-4fbb-9d49-ce14b311e545@group-6139FA5B632A:LeaderElection53] INFO  impl.RoleInfo (RoleInfo.java:shutdownLeaderElection(134)) - e713f41d-3c96-4fbb-9d49-ce14b311e545: shutdown LeaderElection
2019-09-28 01:15:27,428 [e713f41d-3c96-4fbb-9d49-ce14b311e545@group-6139FA5B632A:LeaderElection53] INFO  impl.RaftServerImpl (RaftServerImpl.java:setRole(174)) - e713f41d-3c96-4fbb-9d49-ce14b311e545@group-6139FA5B632A: changes role from CANDIDATE to LEADER at term 1 for changeToLeader
2019-09-28 01:15:27,428 [e713f41d-3c96-4fbb-9d49-ce14b311e545@group-6139FA5B632A:LeaderElection53] INFO  impl.RaftServerImpl (ServerState.java:setLeader(253)) - e713f41d-3c96-4fbb-9d49-ce14b311e545@group-6139FA5B632A: change Leader from null to e713f41d-3c96-4fbb-9d49-ce14b311e545 at term 1 for becomeLeader, leader elected after 1205ms
2019-09-28 01:15:27,428 [e713f41d-3c96-4fbb-9d49-ce14b311e545@group-6139FA5B632A:LeaderElection53] INFO  server.RaftServerConfigKeys (ConfUtils.java:logGet(43)) - raft.server.staging.catchup.gap = 1000 (default)
2019-09-28 01:15:27,428 [e713f41d-3c96-4fbb-9d49-ce14b311e545@group-6139FA5B632A:LeaderElection53] INFO  server.RaftServerConfigKeys (ConfUtils.java:logGet(43)) - raft.server.rpc.sleep.time = 25ms (default)
2019-09-28 01:15:27,428 [e713f41d-3c96-4fbb-9d49-ce14b311e545@group-6139FA5B632A:LeaderElection53] INFO  server.RaftServerConfigKeys (ConfUtils.java:logGet(43)) - raft.server.write.element-limit = 4096 (default)
2019-09-28 01:15:27,429 [e713f41d-3c96-4fbb-9d49-ce14b311e545@group-6139FA5B632A:LeaderElection53] INFO  server.RaftServerConfigKeys (ConfUtils.java:logGet(43)) - raft.server.watch.timeout = 10s (default)
2019-09-28 01:15:27,429 [e713f41d-3c96-4fbb-9d49-ce14b311e545@group-6139FA5B632A:LeaderElection53] INFO  server.RaftServerConfigKeys (ConfUtils.java:logGet(43)) - raft.server.watch.timeout.denomination = 1s (default)
2019-09-28 01:15:27,429 [e713f41d-3c96-4fbb-9d49-ce14b311e545@group-6139FA5B632A:LeaderElection53] INFO  server.RaftServerConfigKeys (ConfUtils.java:logGet(43)) - raft.server.watch.element-limit = 65536 (default)
2019-09-28 01:15:27,429 [main] INFO  ipc.Client (Client.java:handleConnectionFailure(948)) - Retrying connect to server: localhost/127.0.0.1:0. Already tried 0 time(s); retry policy is RetryUpToMaximumCountWithFixedSleep(maxRetries=10, sleepTime=1000 MILLISECONDS)
2019-09-28 01:15:27,433 [e713f41d-3c96-4fbb-9d49-ce14b311e545@group-6139FA5B632A:LeaderElection53] INFO  impl.RoleInfo (RoleInfo.java:updateAndGet(143)) - e713f41d-3c96-4fbb-9d49-ce14b311e545: start LeaderState
2019-09-28 01:15:27,433 [e713f41d-3c96-4fbb-9d49-ce14b311e545@group-6139FA5B632A:LeaderElection53] INFO  segmented.SegmentedRaftLogWorker (SegmentedRaftLogWorker.java:startLogSegment(380)) - e713f41d-3c96-4fbb-9d49-ce14b311e545@group-6139FA5B632A-SegmentedRaftLogWorker: Starting segment from index:0
2019-09-28 01:15:27,434 [e713f41d-3c96-4fbb-9d49-ce14b311e545@group-6139FA5B632A:LeaderElection53] INFO  impl.RaftServerImpl (ServerState.java:setRaftConf(354)) - e713f41d-3c96-4fbb-9d49-ce14b311e545@group-6139FA5B632A: set configuration 0: [e713f41d-3c96-4fbb-9d49-ce14b311e545:192.168.151.82:35990], old=null at 0
2019-09-28 01:15:27,472 [Thread-2262] INFO  impl.FollowerState (FollowerState.java:run(106)) - f755b87f-3959-4e40-9945-0ecb4afd44e3:group-AC77E424B83B changes to CANDIDATE, lastRpcTime:1182, electionTimeout:1154ms
2019-09-28 01:15:27,472 [Thread-2262] INFO  impl.RoleInfo (RoleInfo.java:shutdownFollowerState(121)) - f755b87f-3959-4e40-9945-0ecb4afd44e3: shutdown FollowerState
2019-09-28 01:15:27,472 [Thread-2262] INFO  impl.RaftServerImpl (RaftServerImpl.java:setRole(174)) - f755b87f-3959-4e40-9945-0ecb4afd44e3@group-AC77E424B83B: changes role from  FOLLOWER to CANDIDATE at term 0 for changeToCandidate
2019-09-28 01:15:27,473 [Thread-2262] INFO  impl.RoleInfo (RoleInfo.java:updateAndGet(143)) - f755b87f-3959-4e40-9945-0ecb4afd44e3: start LeaderElection
2019-09-28 01:15:27,484 [Thread-2269] INFO  impl.FollowerState (FollowerState.java:run(106)) - b34eea16-a41e-4e85-a98c-844cd8e9e4c1:group-17E210206A74 changes to CANDIDATE, lastRpcTime:1039, electionTimeout:1039ms
2019-09-28 01:15:27,484 [Thread-2269] INFO  impl.RoleInfo (RoleInfo.java:shutdownFollowerState(121)) - b34eea16-a41e-4e85-a98c-844cd8e9e4c1: shutdown FollowerState
2019-09-28 01:15:27,485 [Thread-2269] INFO  impl.RaftServerImpl (RaftServerImpl.java:setRole(174)) - b34eea16-a41e-4e85-a98c-844cd8e9e4c1@group-17E210206A74: changes role from  FOLLOWER to CANDIDATE at term 0 for changeToCandidate
2019-09-28 01:15:27,485 [Thread-2269] INFO  impl.RoleInfo (RoleInfo.java:updateAndGet(143)) - b34eea16-a41e-4e85-a98c-844cd8e9e4c1: start LeaderElection
2019-09-28 01:15:27,496 [e713f41d-3c96-4fbb-9d49-ce14b311e545@group-6139FA5B632A-SegmentedRaftLogWorker] INFO  segmented.SegmentedRaftLogWorker (SegmentedRaftLogWorker.java:execute(569)) - e713f41d-3c96-4fbb-9d49-ce14b311e545@group-6139FA5B632A-SegmentedRaftLogWorker: created new log segment /workdir/hadoop-ozone/integration-test/target/test-dir/MiniOzoneClusterImpl-d0fea965-b787-49be-9c96-deb71f4b2c88/datanode-5/data/ratis/af8da9ff-2386-4f4d-b170-6139fa5b632a/current/log_inprogress_0
2019-09-28 01:15:27,496 [f755b87f-3959-4e40-9945-0ecb4afd44e3@group-AC77E424B83B:LeaderElection54] INFO  impl.LeaderElection (LeaderElection.java:askForVotes(182)) - f755b87f-3959-4e40-9945-0ecb4afd44e3@group-AC77E424B83B:LeaderElection54: begin an election at term 1 for -1: [f755b87f-3959-4e40-9945-0ecb4afd44e3:192.168.151.82:46859], old=null
2019-09-28 01:15:27,497 [f755b87f-3959-4e40-9945-0ecb4afd44e3@group-AC77E424B83B:LeaderElection54] INFO  impl.RoleInfo (RoleInfo.java:shutdownLeaderElection(134)) - f755b87f-3959-4e40-9945-0ecb4afd44e3: shutdown LeaderElection
2019-09-28 01:15:27,497 [f755b87f-3959-4e40-9945-0ecb4afd44e3@group-AC77E424B83B:LeaderElection54] INFO  impl.RaftServerImpl (RaftServerImpl.java:setRole(174)) - f755b87f-3959-4e40-9945-0ecb4afd44e3@group-AC77E424B83B: changes role from CANDIDATE to LEADER at term 1 for changeToLeader
2019-09-28 01:15:27,497 [f755b87f-3959-4e40-9945-0ecb4afd44e3@group-AC77E424B83B:LeaderElection54] INFO  impl.RaftServerImpl (ServerState.java:setLeader(253)) - f755b87f-3959-4e40-9945-0ecb4afd44e3@group-AC77E424B83B: change Leader from null to f755b87f-3959-4e40-9945-0ecb4afd44e3 at term 1 for becomeLeader, leader elected after 1220ms
2019-09-28 01:15:27,497 [f755b87f-3959-4e40-9945-0ecb4afd44e3@group-AC77E424B83B:LeaderElection54] INFO  server.RaftServerConfigKeys (ConfUtils.java:logGet(43)) - raft.server.staging.catchup.gap = 1000 (default)
2019-09-28 01:15:27,497 [f755b87f-3959-4e40-9945-0ecb4afd44e3@group-AC77E424B83B:LeaderElection54] INFO  server.RaftServerConfigKeys (ConfUtils.java:logGet(43)) - raft.server.rpc.sleep.time = 25ms (default)
2019-09-28 01:15:27,498 [f755b87f-3959-4e40-9945-0ecb4afd44e3@group-AC77E424B83B:LeaderElection54] INFO  server.RaftServerConfigKeys (ConfUtils.java:logGet(43)) - raft.server.write.element-limit = 4096 (default)
2019-09-28 01:15:27,498 [f755b87f-3959-4e40-9945-0ecb4afd44e3@group-AC77E424B83B:LeaderElection54] INFO  server.RaftServerConfigKeys (ConfUtils.java:logGet(43)) - raft.server.watch.timeout = 10s (default)
2019-09-28 01:15:27,498 [f755b87f-3959-4e40-9945-0ecb4afd44e3@group-AC77E424B83B:LeaderElection54] INFO  server.RaftServerConfigKeys (ConfUtils.java:logGet(43)) - raft.server.watch.timeout.denomination = 1s (default)
2019-09-28 01:15:27,498 [f755b87f-3959-4e40-9945-0ecb4afd44e3@group-AC77E424B83B:LeaderElection54] INFO  server.RaftServerConfigKeys (ConfUtils.java:logGet(43)) - raft.server.watch.element-limit = 65536 (default)
2019-09-28 01:15:27,499 [b34eea16-a41e-4e85-a98c-844cd8e9e4c1@group-17E210206A74:LeaderElection55] INFO  impl.LeaderElection (LeaderElection.java:askForVotes(182)) - b34eea16-a41e-4e85-a98c-844cd8e9e4c1@group-17E210206A74:LeaderElection55: begin an election at term 1 for -1: [b34eea16-a41e-4e85-a98c-844cd8e9e4c1:192.168.151.82:34853], old=null
2019-09-28 01:15:27,499 [b34eea16-a41e-4e85-a98c-844cd8e9e4c1@group-17E210206A74:LeaderElection55] INFO  impl.RoleInfo (RoleInfo.java:shutdownLeaderElection(134)) - b34eea16-a41e-4e85-a98c-844cd8e9e4c1: shutdown LeaderElection
2019-09-28 01:15:27,499 [b34eea16-a41e-4e85-a98c-844cd8e9e4c1@group-17E210206A74:LeaderElection55] INFO  impl.RaftServerImpl (RaftServerImpl.java:setRole(174)) - b34eea16-a41e-4e85-a98c-844cd8e9e4c1@group-17E210206A74: changes role from CANDIDATE to LEADER at term 1 for changeToLeader
2019-09-28 01:15:27,500 [b34eea16-a41e-4e85-a98c-844cd8e9e4c1@group-17E210206A74:LeaderElection55] INFO  impl.RaftServerImpl (ServerState.java:setLeader(253)) - b34eea16-a41e-4e85-a98c-844cd8e9e4c1@group-17E210206A74: change Leader from null to b34eea16-a41e-4e85-a98c-844cd8e9e4c1 at term 1 for becomeLeader, leader elected after 1067ms
2019-09-28 01:15:27,500 [b34eea16-a41e-4e85-a98c-844cd8e9e4c1@group-17E210206A74:LeaderElection55] INFO  server.RaftServerConfigKeys (ConfUtils.java:logGet(43)) - raft.server.staging.catchup.gap = 1000 (default)
2019-09-28 01:15:27,500 [b34eea16-a41e-4e85-a98c-844cd8e9e4c1@group-17E210206A74:LeaderElection55] INFO  server.RaftServerConfigKeys (ConfUtils.java:logGet(43)) - raft.server.rpc.sleep.time = 25ms (default)
2019-09-28 01:15:27,500 [b34eea16-a41e-4e85-a98c-844cd8e9e4c1@group-17E210206A74:LeaderElection55] INFO  server.RaftServerConfigKeys (ConfUtils.java:logGet(43)) - raft.server.write.element-limit = 4096 (default)
2019-09-28 01:15:27,501 [b34eea16-a41e-4e85-a98c-844cd8e9e4c1@group-17E210206A74:LeaderElection55] INFO  server.RaftServerConfigKeys (ConfUtils.java:logGet(43)) - raft.server.watch.timeout = 10s (default)
2019-09-28 01:15:27,501 [b34eea16-a41e-4e85-a98c-844cd8e9e4c1@group-17E210206A74:LeaderElection55] INFO  server.RaftServerConfigKeys (ConfUtils.java:logGet(43)) - raft.server.watch.timeout.denomination = 1s (default)
2019-09-28 01:15:27,501 [b34eea16-a41e-4e85-a98c-844cd8e9e4c1@group-17E210206A74:LeaderElection55] INFO  server.RaftServerConfigKeys (ConfUtils.java:logGet(43)) - raft.server.watch.element-limit = 65536 (default)
2019-09-28 01:15:27,504 [f755b87f-3959-4e40-9945-0ecb4afd44e3@group-AC77E424B83B:LeaderElection54] INFO  impl.RoleInfo (RoleInfo.java:updateAndGet(143)) - f755b87f-3959-4e40-9945-0ecb4afd44e3: start LeaderState
2019-09-28 01:15:27,504 [f755b87f-3959-4e40-9945-0ecb4afd44e3@group-AC77E424B83B:LeaderElection54] INFO  segmented.SegmentedRaftLogWorker (SegmentedRaftLogWorker.java:startLogSegment(380)) - f755b87f-3959-4e40-9945-0ecb4afd44e3@group-AC77E424B83B-SegmentedRaftLogWorker: Starting segment from index:0
2019-09-28 01:15:27,505 [f755b87f-3959-4e40-9945-0ecb4afd44e3@group-AC77E424B83B:LeaderElection54] INFO  impl.RaftServerImpl (ServerState.java:setRaftConf(354)) - f755b87f-3959-4e40-9945-0ecb4afd44e3@group-AC77E424B83B: set configuration 0: [f755b87f-3959-4e40-9945-0ecb4afd44e3:192.168.151.82:46859], old=null at 0
2019-09-28 01:15:27,545 [Thread-2265] INFO  impl.FollowerState (FollowerState.java:run(106)) - bebff722-814a-4b18-9865-974a3449574f:group-C367D45FFECD changes to CANDIDATE, lastRpcTime:1185, electionTimeout:1152ms
2019-09-28 01:15:27,545 [Thread-2265] INFO  impl.RoleInfo (RoleInfo.java:shutdownFollowerState(121)) - bebff722-814a-4b18-9865-974a3449574f: shutdown FollowerState
2019-09-28 01:15:27,545 [Thread-2265] INFO  impl.RaftServerImpl (RaftServerImpl.java:setRole(174)) - bebff722-814a-4b18-9865-974a3449574f@group-C367D45FFECD: changes role from  FOLLOWER to CANDIDATE at term 0 for changeToCandidate
2019-09-28 01:15:27,546 [Thread-2265] INFO  impl.RoleInfo (RoleInfo.java:updateAndGet(143)) - bebff722-814a-4b18-9865-974a3449574f: start LeaderElection
2019-09-28 01:15:27,550 [b34eea16-a41e-4e85-a98c-844cd8e9e4c1@group-17E210206A74:LeaderElection55] INFO  impl.RoleInfo (RoleInfo.java:updateAndGet(143)) - b34eea16-a41e-4e85-a98c-844cd8e9e4c1: start LeaderState
2019-09-28 01:15:27,550 [b34eea16-a41e-4e85-a98c-844cd8e9e4c1@group-17E210206A74:LeaderElection55] INFO  segmented.SegmentedRaftLogWorker (SegmentedRaftLogWorker.java:startLogSegment(380)) - b34eea16-a41e-4e85-a98c-844cd8e9e4c1@group-17E210206A74-SegmentedRaftLogWorker: Starting segment from index:0
2019-09-28 01:15:27,551 [b34eea16-a41e-4e85-a98c-844cd8e9e4c1@group-17E210206A74:LeaderElection55] INFO  impl.RaftServerImpl (ServerState.java:setRaftConf(354)) - b34eea16-a41e-4e85-a98c-844cd8e9e4c1@group-17E210206A74: set configuration 0: [b34eea16-a41e-4e85-a98c-844cd8e9e4c1:192.168.151.82:34853], old=null at 0
2019-09-28 01:15:27,583 [f755b87f-3959-4e40-9945-0ecb4afd44e3@group-AC77E424B83B-SegmentedRaftLogWorker] INFO  segmented.SegmentedRaftLogWorker (SegmentedRaftLogWorker.java:execute(569)) - f755b87f-3959-4e40-9945-0ecb4afd44e3@group-AC77E424B83B-SegmentedRaftLogWorker: created new log segment /workdir/hadoop-ozone/integration-test/target/test-dir/MiniOzoneClusterImpl-d0fea965-b787-49be-9c96-deb71f4b2c88/datanode-6/data/ratis/93e1bc4e-757f-40df-b59c-ac77e424b83b/current/log_inprogress_0
2019-09-28 01:15:27,583 [bebff722-814a-4b18-9865-974a3449574f@group-C367D45FFECD:LeaderElection56] INFO  impl.LeaderElection (LeaderElection.java:askForVotes(182)) - bebff722-814a-4b18-9865-974a3449574f@group-C367D45FFECD:LeaderElection56: begin an election at term 1 for -1: [bebff722-814a-4b18-9865-974a3449574f:192.168.151.82:34194], old=null
2019-09-28 01:15:27,584 [bebff722-814a-4b18-9865-974a3449574f@group-C367D45FFECD:LeaderElection56] INFO  impl.RoleInfo (RoleInfo.java:shutdownLeaderElection(134)) - bebff722-814a-4b18-9865-974a3449574f: shutdown LeaderElection
2019-09-28 01:15:27,584 [bebff722-814a-4b18-9865-974a3449574f@group-C367D45FFECD:LeaderElection56] INFO  impl.RaftServerImpl (RaftServerImpl.java:setRole(174)) - bebff722-814a-4b18-9865-974a3449574f@group-C367D45FFECD: changes role from CANDIDATE to LEADER at term 1 for changeToLeader
2019-09-28 01:15:27,584 [bebff722-814a-4b18-9865-974a3449574f@group-C367D45FFECD:LeaderElection56] INFO  impl.RaftServerImpl (ServerState.java:setLeader(253)) - bebff722-814a-4b18-9865-974a3449574f@group-C367D45FFECD: change Leader from null to bebff722-814a-4b18-9865-974a3449574f at term 1 for becomeLeader, leader elected after 1235ms
2019-09-28 01:15:27,584 [bebff722-814a-4b18-9865-974a3449574f@group-C367D45FFECD:LeaderElection56] INFO  server.RaftServerConfigKeys (ConfUtils.java:logGet(43)) - raft.server.staging.catchup.gap = 1000 (default)
2019-09-28 01:15:27,584 [bebff722-814a-4b18-9865-974a3449574f@group-C367D45FFECD:LeaderElection56] INFO  server.RaftServerConfigKeys (ConfUtils.java:logGet(43)) - raft.server.rpc.sleep.time = 25ms (default)
2019-09-28 01:15:27,585 [bebff722-814a-4b18-9865-974a3449574f@group-C367D45FFECD:LeaderElection56] INFO  server.RaftServerConfigKeys (ConfUtils.java:logGet(43)) - raft.server.write.element-limit = 4096 (default)
2019-09-28 01:15:27,585 [bebff722-814a-4b18-9865-974a3449574f@group-C367D45FFECD:LeaderElection56] INFO  server.RaftServerConfigKeys (ConfUtils.java:logGet(43)) - raft.server.watch.timeout = 10s (default)
2019-09-28 01:15:27,585 [bebff722-814a-4b18-9865-974a3449574f@group-C367D45FFECD:LeaderElection56] INFO  server.RaftServerConfigKeys (ConfUtils.java:logGet(43)) - raft.server.watch.timeout.denomination = 1s (default)
2019-09-28 01:15:27,585 [bebff722-814a-4b18-9865-974a3449574f@group-C367D45FFECD:LeaderElection56] INFO  server.RaftServerConfigKeys (ConfUtils.java:logGet(43)) - raft.server.watch.element-limit = 65536 (default)
2019-09-28 01:15:27,589 [Thread-2272] INFO  impl.FollowerState (FollowerState.java:run(106)) - 269561c1-184f-4010-93c7-8c28cea2e49d:group-6898972FB660 changes to CANDIDATE, lastRpcTime:1056, electionTimeout:1056ms
2019-09-28 01:15:27,589 [bebff722-814a-4b18-9865-974a3449574f@group-C367D45FFECD:LeaderElection56] INFO  impl.RoleInfo (RoleInfo.java:updateAndGet(143)) - bebff722-814a-4b18-9865-974a3449574f: start LeaderState
2019-09-28 01:15:27,589 [Thread-2272] INFO  impl.RoleInfo (RoleInfo.java:shutdownFollowerState(121)) - 269561c1-184f-4010-93c7-8c28cea2e49d: shutdown FollowerState
2019-09-28 01:15:27,589 [Thread-2272] INFO  impl.RaftServerImpl (RaftServerImpl.java:setRole(174)) - 269561c1-184f-4010-93c7-8c28cea2e49d@group-6898972FB660: changes role from  FOLLOWER to CANDIDATE at term 0 for changeToCandidate
2019-09-28 01:15:27,589 [bebff722-814a-4b18-9865-974a3449574f@group-C367D45FFECD:LeaderElection56] INFO  segmented.SegmentedRaftLogWorker (SegmentedRaftLogWorker.java:startLogSegment(380)) - bebff722-814a-4b18-9865-974a3449574f@group-C367D45FFECD-SegmentedRaftLogWorker: Starting segment from index:0
2019-09-28 01:15:27,590 [Thread-2272] INFO  impl.RoleInfo (RoleInfo.java:updateAndGet(143)) - 269561c1-184f-4010-93c7-8c28cea2e49d: start LeaderElection
2019-09-28 01:15:27,590 [bebff722-814a-4b18-9865-974a3449574f@group-C367D45FFECD:LeaderElection56] INFO  impl.RaftServerImpl (ServerState.java:setRaftConf(354)) - bebff722-814a-4b18-9865-974a3449574f@group-C367D45FFECD: set configuration 0: [bebff722-814a-4b18-9865-974a3449574f:192.168.151.82:34194], old=null at 0
2019-09-28 01:15:27,622 [b34eea16-a41e-4e85-a98c-844cd8e9e4c1@group-17E210206A74-SegmentedRaftLogWorker] INFO  segmented.SegmentedRaftLogWorker (SegmentedRaftLogWorker.java:execute(569)) - b34eea16-a41e-4e85-a98c-844cd8e9e4c1@group-17E210206A74-SegmentedRaftLogWorker: created new log segment /workdir/hadoop-ozone/integration-test/target/test-dir/MiniOzoneClusterImpl-d0fea965-b787-49be-9c96-deb71f4b2c88/datanode-8/data/ratis/fc4df3ce-f6dd-42c0-aa24-17e210206a74/current/log_inprogress_0
2019-09-28 01:15:27,635 [bebff722-814a-4b18-9865-974a3449574f@group-C367D45FFECD-SegmentedRaftLogWorker] INFO  segmented.SegmentedRaftLogWorker (SegmentedRaftLogWorker.java:execute(569)) - bebff722-814a-4b18-9865-974a3449574f@group-C367D45FFECD-SegmentedRaftLogWorker: created new log segment /workdir/hadoop-ozone/integration-test/target/test-dir/MiniOzoneClusterImpl-d0fea965-b787-49be-9c96-deb71f4b2c88/datanode-7/data/ratis/e5e5c375-88a6-44ef-949f-c367d45ffecd/current/log_inprogress_0
2019-09-28 01:15:27,635 [269561c1-184f-4010-93c7-8c28cea2e49d@group-6898972FB660:LeaderElection57] INFO  impl.LeaderElection (LeaderElection.java:askForVotes(182)) - 269561c1-184f-4010-93c7-8c28cea2e49d@group-6898972FB660:LeaderElection57: begin an election at term 1 for -1: [269561c1-184f-4010-93c7-8c28cea2e49d:192.168.151.82:41010], old=null
2019-09-28 01:15:27,636 [269561c1-184f-4010-93c7-8c28cea2e49d@group-6898972FB660:LeaderElection57] INFO  impl.RoleInfo (RoleInfo.java:shutdownLeaderElection(134)) - 269561c1-184f-4010-93c7-8c28cea2e49d: shutdown LeaderElection
2019-09-28 01:15:27,636 [269561c1-184f-4010-93c7-8c28cea2e49d@group-6898972FB660:LeaderElection57] INFO  impl.RaftServerImpl (RaftServerImpl.java:setRole(174)) - 269561c1-184f-4010-93c7-8c28cea2e49d@group-6898972FB660: changes role from CANDIDATE to LEADER at term 1 for changeToLeader
2019-09-28 01:15:27,636 [269561c1-184f-4010-93c7-8c28cea2e49d@group-6898972FB660:LeaderElection57] INFO  impl.RaftServerImpl (ServerState.java:setLeader(253)) - 269561c1-184f-4010-93c7-8c28cea2e49d@group-6898972FB660: change Leader from null to 269561c1-184f-4010-93c7-8c28cea2e49d at term 1 for becomeLeader, leader elected after 1116ms
2019-09-28 01:15:27,636 [269561c1-184f-4010-93c7-8c28cea2e49d@group-6898972FB660:LeaderElection57] INFO  server.RaftServerConfigKeys (ConfUtils.java:logGet(43)) - raft.server.staging.catchup.gap = 1000 (default)
2019-09-28 01:15:27,636 [269561c1-184f-4010-93c7-8c28cea2e49d@group-6898972FB660:LeaderElection57] INFO  server.RaftServerConfigKeys (ConfUtils.java:logGet(43)) - raft.server.rpc.sleep.time = 25ms (default)
2019-09-28 01:15:27,637 [269561c1-184f-4010-93c7-8c28cea2e49d@group-6898972FB660:LeaderElection57] INFO  server.RaftServerConfigKeys (ConfUtils.java:logGet(43)) - raft.server.write.element-limit = 4096 (default)
2019-09-28 01:15:27,637 [269561c1-184f-4010-93c7-8c28cea2e49d@group-6898972FB660:LeaderElection57] INFO  server.RaftServerConfigKeys (ConfUtils.java:logGet(43)) - raft.server.watch.timeout = 10s (default)
2019-09-28 01:15:27,637 [269561c1-184f-4010-93c7-8c28cea2e49d@group-6898972FB660:LeaderElection57] INFO  server.RaftServerConfigKeys (ConfUtils.java:logGet(43)) - raft.server.watch.timeout.denomination = 1s (default)
2019-09-28 01:15:27,637 [269561c1-184f-4010-93c7-8c28cea2e49d@group-6898972FB660:LeaderElection57] INFO  server.RaftServerConfigKeys (ConfUtils.java:logGet(43)) - raft.server.watch.element-limit = 65536 (default)
2019-09-28 01:15:27,640 [269561c1-184f-4010-93c7-8c28cea2e49d@group-6898972FB660:LeaderElection57] INFO  impl.RoleInfo (RoleInfo.java:updateAndGet(143)) - 269561c1-184f-4010-93c7-8c28cea2e49d: start LeaderState
2019-09-28 01:15:27,640 [269561c1-184f-4010-93c7-8c28cea2e49d@group-6898972FB660:LeaderElection57] INFO  segmented.SegmentedRaftLogWorker (SegmentedRaftLogWorker.java:startLogSegment(380)) - 269561c1-184f-4010-93c7-8c28cea2e49d@group-6898972FB660-SegmentedRaftLogWorker: Starting segment from index:0
2019-09-28 01:15:27,641 [269561c1-184f-4010-93c7-8c28cea2e49d@group-6898972FB660:LeaderElection57] INFO  impl.RaftServerImpl (ServerState.java:setRaftConf(354)) - 269561c1-184f-4010-93c7-8c28cea2e49d@group-6898972FB660: set configuration 0: [269561c1-184f-4010-93c7-8c28cea2e49d:192.168.151.82:41010], old=null at 0
2019-09-28 01:15:27,695 [Thread-2279] INFO  impl.FollowerState (FollowerState.java:run(106)) - f755b87f-3959-4e40-9945-0ecb4afd44e3:group-A98C51DCDA50 changes to CANDIDATE, lastRpcTime:1059, electionTimeout:1059ms
2019-09-28 01:15:27,695 [Thread-2279] INFO  impl.RoleInfo (RoleInfo.java:shutdownFollowerState(121)) - f755b87f-3959-4e40-9945-0ecb4afd44e3: shutdown FollowerState
2019-09-28 01:15:27,695 [Thread-2279] INFO  impl.RaftServerImpl (RaftServerImpl.java:setRole(174)) - f755b87f-3959-4e40-9945-0ecb4afd44e3@group-A98C51DCDA50: changes role from  FOLLOWER to CANDIDATE at term 0 for changeToCandidate
2019-09-28 01:15:27,695 [Thread-2279] INFO  impl.RoleInfo (RoleInfo.java:updateAndGet(143)) - f755b87f-3959-4e40-9945-0ecb4afd44e3: start LeaderElection
2019-09-28 01:15:27,708 [269561c1-184f-4010-93c7-8c28cea2e49d@group-6898972FB660-SegmentedRaftLogWorker] INFO  segmented.SegmentedRaftLogWorker (SegmentedRaftLogWorker.java:execute(569)) - 269561c1-184f-4010-93c7-8c28cea2e49d@group-6898972FB660-SegmentedRaftLogWorker: created new log segment /workdir/hadoop-ozone/integration-test/target/test-dir/MiniOzoneClusterImpl-d0fea965-b787-49be-9c96-deb71f4b2c88/datanode-9/data/ratis/57580539-bb4b-4c15-b4ff-6898972fb660/current/log_inprogress_0
2019-09-28 01:15:27,711 [f755b87f-3959-4e40-9945-0ecb4afd44e3@group-A98C51DCDA50:LeaderElection58] INFO  impl.LeaderElection (LeaderElection.java:askForVotes(182)) - f755b87f-3959-4e40-9945-0ecb4afd44e3@group-A98C51DCDA50:LeaderElection58: begin an election at term 1 for -1: [bebff722-814a-4b18-9865-974a3449574f:192.168.151.82:34194, 30802873-5cdc-4a1f-a873-68d0f5360ef3:192.168.151.82:38416, f755b87f-3959-4e40-9945-0ecb4afd44e3:192.168.151.82:46859], old=null
2019-09-28 01:15:27,717 [Thread-2277] INFO  impl.FollowerState (FollowerState.java:run(106)) - 30802873-5cdc-4a1f-a873-68d0f5360ef3:group-A98C51DCDA50 changes to CANDIDATE, lastRpcTime:1088, electionTimeout:1088ms
2019-09-28 01:15:27,717 [Thread-2277] INFO  impl.RoleInfo (RoleInfo.java:shutdownFollowerState(121)) - 30802873-5cdc-4a1f-a873-68d0f5360ef3: shutdown FollowerState
2019-09-28 01:15:27,717 [grpc-default-executor-3] INFO  impl.RaftServerImpl (RaftServerImpl.java:setRole(174)) - bebff722-814a-4b18-9865-974a3449574f@group-A98C51DCDA50: changes role from  FOLLOWER to FOLLOWER at term 1 for recognizeCandidate:f755b87f-3959-4e40-9945-0ecb4afd44e3
2019-09-28 01:15:27,720 [Thread-2277] INFO  impl.RaftServerImpl (RaftServerImpl.java:setRole(174)) - 30802873-5cdc-4a1f-a873-68d0f5360ef3@group-A98C51DCDA50: changes role from  FOLLOWER to CANDIDATE at term 0 for changeToCandidate
2019-09-28 01:15:27,721 [grpc-default-executor-3] INFO  impl.RoleInfo (RoleInfo.java:shutdownFollowerState(121)) - bebff722-814a-4b18-9865-974a3449574f: shutdown FollowerState
2019-09-28 01:15:27,721 [Thread-2277] INFO  impl.RoleInfo (RoleInfo.java:updateAndGet(143)) - 30802873-5cdc-4a1f-a873-68d0f5360ef3: start LeaderElection
2019-09-28 01:15:27,721 [grpc-default-executor-3] INFO  impl.RoleInfo (RoleInfo.java:updateAndGet(143)) - bebff722-814a-4b18-9865-974a3449574f: start FollowerState
2019-09-28 01:15:27,721 [Thread-2281] INFO  impl.FollowerState (FollowerState.java:run(115)) - bebff722-814a-4b18-9865-974a3449574f: FollowerState was interrupted: java.lang.InterruptedException: sleep interrupted
2019-09-28 01:15:27,747 [grpc-default-executor-1] INFO  impl.RaftServerImpl (RaftServerImpl.java:setRole(174)) - 30802873-5cdc-4a1f-a873-68d0f5360ef3@group-A98C51DCDA50: changes role from CANDIDATE to FOLLOWER at term 1 for recognizeCandidate:f755b87f-3959-4e40-9945-0ecb4afd44e3
2019-09-28 01:15:27,748 [grpc-default-executor-1] INFO  impl.RoleInfo (RoleInfo.java:shutdownLeaderElection(134)) - 30802873-5cdc-4a1f-a873-68d0f5360ef3: shutdown LeaderElection
2019-09-28 01:15:27,748 [grpc-default-executor-1] INFO  impl.RoleInfo (RoleInfo.java:updateAndGet(143)) - 30802873-5cdc-4a1f-a873-68d0f5360ef3: start FollowerState
2019-09-28 01:15:27,755 [Thread-2288] INFO  impl.FollowerState (FollowerState.java:run(106)) - 269561c1-184f-4010-93c7-8c28cea2e49d:group-BD940380B4CC changes to CANDIDATE, lastRpcTime:1026, electionTimeout:1026ms
2019-09-28 01:15:27,755 [Thread-2288] INFO  impl.RoleInfo (RoleInfo.java:shutdownFollowerState(121)) - 269561c1-184f-4010-93c7-8c28cea2e49d: shutdown FollowerState
2019-09-28 01:15:27,755 [Thread-2288] INFO  impl.RaftServerImpl (RaftServerImpl.java:setRole(174)) - 269561c1-184f-4010-93c7-8c28cea2e49d@group-BD940380B4CC: changes role from  FOLLOWER to CANDIDATE at term 0 for changeToCandidate
2019-09-28 01:15:27,756 [Thread-2288] INFO  impl.RoleInfo (RoleInfo.java:updateAndGet(143)) - 269561c1-184f-4010-93c7-8c28cea2e49d: start LeaderElection
2019-09-28 01:15:27,777 [269561c1-184f-4010-93c7-8c28cea2e49d@group-BD940380B4CC:LeaderElection60] INFO  impl.LeaderElection (LeaderElection.java:askForVotes(182)) - 269561c1-184f-4010-93c7-8c28cea2e49d@group-BD940380B4CC:LeaderElection60: begin an election at term 1 for -1: [269561c1-184f-4010-93c7-8c28cea2e49d:192.168.151.82:41010, b34eea16-a41e-4e85-a98c-844cd8e9e4c1:192.168.151.82:34853, e713f41d-3c96-4fbb-9d49-ce14b311e545:192.168.151.82:35990], old=null
2019-09-28 01:15:27,781 [f755b87f-3959-4e40-9945-0ecb4afd44e3@group-A98C51DCDA50:LeaderElection58] INFO  impl.LeaderElection (LeaderElection.java:logAndReturn(56)) - f755b87f-3959-4e40-9945-0ecb4afd44e3@group-A98C51DCDA50:LeaderElection58: Election PASSED; received 1 response(s) [f755b87f-3959-4e40-9945-0ecb4afd44e3<-bebff722-814a-4b18-9865-974a3449574f#0:OK-t1] and 0 exception(s); f755b87f-3959-4e40-9945-0ecb4afd44e3@group-A98C51DCDA50:t1, leader=null, voted=f755b87f-3959-4e40-9945-0ecb4afd44e3, raftlog=f755b87f-3959-4e40-9945-0ecb4afd44e3@group-A98C51DCDA50-SegmentedRaftLog:OPENED:c-1,f-1,i0, conf=-1: [bebff722-814a-4b18-9865-974a3449574f:192.168.151.82:34194, 30802873-5cdc-4a1f-a873-68d0f5360ef3:192.168.151.82:38416, f755b87f-3959-4e40-9945-0ecb4afd44e3:192.168.151.82:46859], old=null
2019-09-28 01:15:27,781 [f755b87f-3959-4e40-9945-0ecb4afd44e3@group-A98C51DCDA50:LeaderElection58] INFO  impl.RoleInfo (RoleInfo.java:shutdownLeaderElection(134)) - f755b87f-3959-4e40-9945-0ecb4afd44e3: shutdown LeaderElection
2019-09-28 01:15:27,782 [f755b87f-3959-4e40-9945-0ecb4afd44e3@group-A98C51DCDA50:LeaderElection58] INFO  impl.RaftServerImpl (RaftServerImpl.java:setRole(174)) - f755b87f-3959-4e40-9945-0ecb4afd44e3@group-A98C51DCDA50: changes role from CANDIDATE to LEADER at term 1 for changeToLeader
2019-09-28 01:15:27,782 [f755b87f-3959-4e40-9945-0ecb4afd44e3@group-A98C51DCDA50:LeaderElection58] INFO  impl.RaftServerImpl (ServerState.java:setLeader(253)) - f755b87f-3959-4e40-9945-0ecb4afd44e3@group-A98C51DCDA50: change Leader from null to f755b87f-3959-4e40-9945-0ecb4afd44e3 at term 1 for becomeLeader, leader elected after 1164ms
2019-09-28 01:15:27,782 [f755b87f-3959-4e40-9945-0ecb4afd44e3@group-A98C51DCDA50:LeaderElection58] INFO  server.RaftServerConfigKeys (ConfUtils.java:logGet(43)) - raft.server.staging.catchup.gap = 1000 (default)
2019-09-28 01:15:27,782 [f755b87f-3959-4e40-9945-0ecb4afd44e3@group-A98C51DCDA50:LeaderElection58] INFO  server.RaftServerConfigKeys (ConfUtils.java:logGet(43)) - raft.server.rpc.sleep.time = 25ms (default)
2019-09-28 01:15:27,783 [f755b87f-3959-4e40-9945-0ecb4afd44e3@group-A98C51DCDA50:LeaderElection58] INFO  server.RaftServerConfigKeys (ConfUtils.java:logGet(43)) - raft.server.write.element-limit = 4096 (default)
2019-09-28 01:15:27,783 [f755b87f-3959-4e40-9945-0ecb4afd44e3@group-A98C51DCDA50:LeaderElection58] INFO  server.RaftServerConfigKeys (ConfUtils.java:logGet(43)) - raft.server.watch.timeout = 10s (default)
2019-09-28 01:15:27,783 [f755b87f-3959-4e40-9945-0ecb4afd44e3@group-A98C51DCDA50:LeaderElection58] INFO  server.RaftServerConfigKeys (ConfUtils.java:logGet(43)) - raft.server.watch.timeout.denomination = 1s (default)
2019-09-28 01:15:27,783 [f755b87f-3959-4e40-9945-0ecb4afd44e3@group-A98C51DCDA50:LeaderElection58] INFO  server.RaftServerConfigKeys (ConfUtils.java:logGet(43)) - raft.server.watch.element-limit = 65536 (default)
2019-09-28 01:15:27,786 [grpc-default-executor-1] INFO  impl.RaftServerImpl (RaftServerImpl.java:setRole(174)) - b34eea16-a41e-4e85-a98c-844cd8e9e4c1@group-BD940380B4CC: changes role from  FOLLOWER to FOLLOWER at term 1 for recognizeCandidate:269561c1-184f-4010-93c7-8c28cea2e49d
2019-09-28 01:15:27,786 [grpc-default-executor-3] INFO  impl.RaftServerImpl (RaftServerImpl.java:setRole(174)) - e713f41d-3c96-4fbb-9d49-ce14b311e545@group-BD940380B4CC: changes role from  FOLLOWER to FOLLOWER at term 1 for recognizeCandidate:269561c1-184f-4010-93c7-8c28cea2e49d
2019-09-28 01:15:27,786 [grpc-default-executor-1] INFO  impl.RoleInfo (RoleInfo.java:shutdownFollowerState(121)) - b34eea16-a41e-4e85-a98c-844cd8e9e4c1: shutdown FollowerState
2019-09-28 01:15:27,786 [grpc-default-executor-3] INFO  impl.RoleInfo (RoleInfo.java:shutdownFollowerState(121)) - e713f41d-3c96-4fbb-9d49-ce14b311e545: shutdown FollowerState
2019-09-28 01:15:27,786 [Thread-2286] INFO  impl.FollowerState (FollowerState.java:run(115)) - b34eea16-a41e-4e85-a98c-844cd8e9e4c1: FollowerState was interrupted: java.lang.InterruptedException: sleep interrupted
2019-09-28 01:15:27,786 [grpc-default-executor-1] INFO  impl.RoleInfo (RoleInfo.java:updateAndGet(143)) - b34eea16-a41e-4e85-a98c-844cd8e9e4c1: start FollowerState
2019-09-28 01:15:27,787 [Thread-2289] INFO  impl.FollowerState (FollowerState.java:run(115)) - e713f41d-3c96-4fbb-9d49-ce14b311e545: FollowerState was interrupted: java.lang.InterruptedException: sleep interrupted
2019-09-28 01:15:27,787 [grpc-default-executor-3] INFO  impl.RoleInfo (RoleInfo.java:updateAndGet(143)) - e713f41d-3c96-4fbb-9d49-ce14b311e545: start FollowerState
2019-09-28 01:15:27,787 [f755b87f-3959-4e40-9945-0ecb4afd44e3@group-A98C51DCDA50:LeaderElection58] INFO  server.RaftServerConfigKeys (ConfUtils.java:logGet(43)) - raft.server.log.appender.snapshot.chunk.size.max = 16MB (=16777216) (default)
2019-09-28 01:15:27,788 [f755b87f-3959-4e40-9945-0ecb4afd44e3@group-A98C51DCDA50:LeaderElection58] INFO  server.RaftServerConfigKeys (ConfUtils.java:logGet(43)) - raft.server.log.appender.buffer.byte-limit = 33554432 (custom)
2019-09-28 01:15:27,788 [f755b87f-3959-4e40-9945-0ecb4afd44e3@group-A98C51DCDA50:LeaderElection58] INFO  server.RaftServerConfigKeys (ConfUtils.java:logGet(43)) - raft.server.log.appender.buffer.element-limit = 1 (custom)
2019-09-28 01:15:27,788 [f755b87f-3959-4e40-9945-0ecb4afd44e3@group-A98C51DCDA50:LeaderElection58] INFO  grpc.GrpcConfigKeys$Server (ConfUtils.java:logGet(43)) - raft.grpc.server.leader.outstanding.appends.max = 128 (default)
2019-09-28 01:15:27,788 [f755b87f-3959-4e40-9945-0ecb4afd44e3@group-A98C51DCDA50:LeaderElection58] INFO  server.RaftServerConfigKeys (ConfUtils.java:logGet(43)) - raft.server.rpc.request.timeout = 3000ms (default)
2019-09-28 01:15:27,789 [f755b87f-3959-4e40-9945-0ecb4afd44e3@group-A98C51DCDA50:LeaderElection58] INFO  server.RaftServerConfigKeys (ConfUtils.java:logGet(43)) - raft.server.log.appender.install.snapshot.enabled = false (custom)
2019-09-28 01:15:27,789 [f755b87f-3959-4e40-9945-0ecb4afd44e3@group-A98C51DCDA50:LeaderElection58] INFO  server.RaftServerConfigKeys (ConfUtils.java:logGet(43)) - raft.server.log.appender.snapshot.chunk.size.max = 16MB (=16777216) (default)
2019-09-28 01:15:27,789 [f755b87f-3959-4e40-9945-0ecb4afd44e3@group-A98C51DCDA50:LeaderElection58] INFO  server.RaftServerConfigKeys (ConfUtils.java:logGet(43)) - raft.server.log.appender.buffer.byte-limit = 33554432 (custom)
2019-09-28 01:15:27,789 [f755b87f-3959-4e40-9945-0ecb4afd44e3@group-A98C51DCDA50:LeaderElection58] INFO  server.RaftServerConfigKeys (ConfUtils.java:logGet(43)) - raft.server.log.appender.buffer.element-limit = 1 (custom)
2019-09-28 01:15:27,790 [f755b87f-3959-4e40-9945-0ecb4afd44e3@group-A98C51DCDA50:LeaderElection58] INFO  grpc.GrpcConfigKeys$Server (ConfUtils.java:logGet(43)) - raft.grpc.server.leader.outstanding.appends.max = 128 (default)
2019-09-28 01:15:27,790 [f755b87f-3959-4e40-9945-0ecb4afd44e3@group-A98C51DCDA50:LeaderElection58] INFO  server.RaftServerConfigKeys (ConfUtils.java:logGet(43)) - raft.server.rpc.request.timeout = 3000ms (default)
2019-09-28 01:15:27,790 [f755b87f-3959-4e40-9945-0ecb4afd44e3@group-A98C51DCDA50:LeaderElection58] INFO  server.RaftServerConfigKeys (ConfUtils.java:logGet(43)) - raft.server.log.appender.install.snapshot.enabled = false (custom)
2019-09-28 01:15:27,790 [f755b87f-3959-4e40-9945-0ecb4afd44e3@group-A98C51DCDA50:LeaderElection58] INFO  impl.RoleInfo (RoleInfo.java:updateAndGet(143)) - f755b87f-3959-4e40-9945-0ecb4afd44e3: start LeaderState
2019-09-28 01:15:27,791 [f755b87f-3959-4e40-9945-0ecb4afd44e3@group-A98C51DCDA50:LeaderElection58] INFO  segmented.SegmentedRaftLogWorker (SegmentedRaftLogWorker.java:startLogSegment(380)) - f755b87f-3959-4e40-9945-0ecb4afd44e3@group-A98C51DCDA50-SegmentedRaftLogWorker: Starting segment from index:0
2019-09-28 01:15:27,792 [f755b87f-3959-4e40-9945-0ecb4afd44e3@group-A98C51DCDA50:LeaderElection58] INFO  impl.RaftServerImpl (ServerState.java:setRaftConf(354)) - f755b87f-3959-4e40-9945-0ecb4afd44e3@group-A98C51DCDA50: set configuration 0: [bebff722-814a-4b18-9865-974a3449574f:192.168.151.82:34194, 30802873-5cdc-4a1f-a873-68d0f5360ef3:192.168.151.82:38416, f755b87f-3959-4e40-9945-0ecb4afd44e3:192.168.151.82:46859], old=null at 0
2019-09-28 01:15:27,832 [30802873-5cdc-4a1f-a873-68d0f5360ef3@group-A98C51DCDA50:LeaderElection59] INFO  impl.LeaderElection (LeaderElection.java:askForVotes(182)) - 30802873-5cdc-4a1f-a873-68d0f5360ef3@group-A98C51DCDA50:LeaderElection59: begin an election at term 2 for -1: [bebff722-814a-4b18-9865-974a3449574f:192.168.151.82:34194, 30802873-5cdc-4a1f-a873-68d0f5360ef3:192.168.151.82:38416, f755b87f-3959-4e40-9945-0ecb4afd44e3:192.168.151.82:46859], old=null
2019-09-28 01:15:27,833 [30802873-5cdc-4a1f-a873-68d0f5360ef3@group-A98C51DCDA50:LeaderElection59] INFO  impl.LeaderElection (LeaderElection.java:logAndReturn(56)) - 30802873-5cdc-4a1f-a873-68d0f5360ef3@group-A98C51DCDA50:LeaderElection59: Election REJECTED; received 0 response(s) [] and 0 exception(s); 30802873-5cdc-4a1f-a873-68d0f5360ef3@group-A98C51DCDA50:t2, leader=null, voted=30802873-5cdc-4a1f-a873-68d0f5360ef3, raftlog=30802873-5cdc-4a1f-a873-68d0f5360ef3@group-A98C51DCDA50-SegmentedRaftLog:OPENED:c-1,f-1,i0, conf=-1: [bebff722-814a-4b18-9865-974a3449574f:192.168.151.82:34194, 30802873-5cdc-4a1f-a873-68d0f5360ef3:192.168.151.82:38416, f755b87f-3959-4e40-9945-0ecb4afd44e3:192.168.151.82:46859], old=null
2019-09-28 01:15:27,839 [269561c1-184f-4010-93c7-8c28cea2e49d@group-BD940380B4CC:LeaderElection60] INFO  impl.LeaderElection (LeaderElection.java:logAndReturn(56)) - 269561c1-184f-4010-93c7-8c28cea2e49d@group-BD940380B4CC:LeaderElection60: Election PASSED; received 1 response(s) [269561c1-184f-4010-93c7-8c28cea2e49d<-b34eea16-a41e-4e85-a98c-844cd8e9e4c1#0:OK-t1] and 0 exception(s); 269561c1-184f-4010-93c7-8c28cea2e49d@group-BD940380B4CC:t1, leader=null, voted=269561c1-184f-4010-93c7-8c28cea2e49d, raftlog=269561c1-184f-4010-93c7-8c28cea2e49d@group-BD940380B4CC-SegmentedRaftLog:OPENED:c-1,f-1,i0, conf=-1: [269561c1-184f-4010-93c7-8c28cea2e49d:192.168.151.82:41010, b34eea16-a41e-4e85-a98c-844cd8e9e4c1:192.168.151.82:34853, e713f41d-3c96-4fbb-9d49-ce14b311e545:192.168.151.82:35990], old=null
2019-09-28 01:15:27,839 [grpc-default-executor-3] INFO  impl.RaftServerImpl (ServerState.java:setLeader(253)) - bebff722-814a-4b18-9865-974a3449574f@group-A98C51DCDA50: change Leader from null to f755b87f-3959-4e40-9945-0ecb4afd44e3 at term 1 for appendEntries, leader elected after 1221ms
2019-09-28 01:15:27,839 [269561c1-184f-4010-93c7-8c28cea2e49d@group-BD940380B4CC:LeaderElection60] INFO  impl.RoleInfo (RoleInfo.java:shutdownLeaderElection(134)) - 269561c1-184f-4010-93c7-8c28cea2e49d: shutdown LeaderElection
2019-09-28 01:15:27,840 [269561c1-184f-4010-93c7-8c28cea2e49d@group-BD940380B4CC:LeaderElection60] INFO  impl.RaftServerImpl (RaftServerImpl.java:setRole(174)) - 269561c1-184f-4010-93c7-8c28cea2e49d@group-BD940380B4CC: changes role from CANDIDATE to LEADER at term 1 for changeToLeader
2019-09-28 01:15:27,840 [269561c1-184f-4010-93c7-8c28cea2e49d@group-BD940380B4CC:LeaderElection60] INFO  impl.RaftServerImpl (ServerState.java:setLeader(253)) - 269561c1-184f-4010-93c7-8c28cea2e49d@group-BD940380B4CC: change Leader from null to 269561c1-184f-4010-93c7-8c28cea2e49d at term 1 for becomeLeader, leader elected after 1130ms
2019-09-28 01:15:27,844 [269561c1-184f-4010-93c7-8c28cea2e49d@group-BD940380B4CC:LeaderElection60] INFO  server.RaftServerConfigKeys (ConfUtils.java:logGet(43)) - raft.server.staging.catchup.gap = 1000 (default)
2019-09-28 01:15:27,845 [269561c1-184f-4010-93c7-8c28cea2e49d@group-BD940380B4CC:LeaderElection60] INFO  server.RaftServerConfigKeys (ConfUtils.java:logGet(43)) - raft.server.rpc.sleep.time = 25ms (default)
2019-09-28 01:15:27,845 [269561c1-184f-4010-93c7-8c28cea2e49d@group-BD940380B4CC:LeaderElection60] INFO  server.RaftServerConfigKeys (ConfUtils.java:logGet(43)) - raft.server.write.element-limit = 4096 (default)
2019-09-28 01:15:27,845 [269561c1-184f-4010-93c7-8c28cea2e49d@group-BD940380B4CC:LeaderElection60] INFO  server.RaftServerConfigKeys (ConfUtils.java:logGet(43)) - raft.server.watch.timeout = 10s (default)
2019-09-28 01:15:27,845 [269561c1-184f-4010-93c7-8c28cea2e49d@group-BD940380B4CC:LeaderElection60] INFO  server.RaftServerConfigKeys (ConfUtils.java:logGet(43)) - raft.server.watch.timeout.denomination = 1s (default)
2019-09-28 01:15:27,845 [269561c1-184f-4010-93c7-8c28cea2e49d@group-BD940380B4CC:LeaderElection60] INFO  server.RaftServerConfigKeys (ConfUtils.java:logGet(43)) - raft.server.watch.element-limit = 65536 (default)
2019-09-28 01:15:27,851 [grpc-default-executor-1] INFO  impl.RaftServerImpl (ServerState.java:setRaftConf(354)) - bebff722-814a-4b18-9865-974a3449574f@group-A98C51DCDA50: set configuration 0: [bebff722-814a-4b18-9865-974a3449574f:192.168.151.82:34194, 30802873-5cdc-4a1f-a873-68d0f5360ef3:192.168.151.82:38416, f755b87f-3959-4e40-9945-0ecb4afd44e3:192.168.151.82:46859], old=null at 0
2019-09-28 01:15:27,851 [grpc-default-executor-1] INFO  segmented.SegmentedRaftLogWorker (SegmentedRaftLogWorker.java:startLogSegment(380)) - bebff722-814a-4b18-9865-974a3449574f@group-A98C51DCDA50-SegmentedRaftLogWorker: Starting segment from index:0
2019-09-28 01:15:27,851 [grpc-default-executor-1] INFO  impl.RaftServerImpl (ServerState.java:setLeader(253)) - bebff722-814a-4b18-9865-974a3449574f@group-A98C51DCDA50: change Leader from f755b87f-3959-4e40-9945-0ecb4afd44e3 to null at term 2 for updateCurrentTerm
2019-09-28 01:15:27,852 [grpc-default-executor-1] INFO  impl.RaftServerImpl (RaftServerImpl.java:setRole(174)) - bebff722-814a-4b18-9865-974a3449574f@group-A98C51DCDA50: changes role from  FOLLOWER to FOLLOWER at term 2 for recognizeCandidate:30802873-5cdc-4a1f-a873-68d0f5360ef3
2019-09-28 01:15:27,852 [269561c1-184f-4010-93c7-8c28cea2e49d@group-BD940380B4CC:LeaderElection60] INFO  server.RaftServerConfigKeys (ConfUtils.java:logGet(43)) - raft.server.log.appender.snapshot.chunk.size.max = 16MB (=16777216) (default)
2019-09-28 01:15:27,852 [grpc-default-executor-1] INFO  impl.RoleInfo (RoleInfo.java:shutdownFollowerState(121)) - bebff722-814a-4b18-9865-974a3449574f: shutdown FollowerState
2019-09-28 01:15:27,852 [Thread-2333] INFO  impl.RaftServerImpl (ServerState.java:setLeader(253)) - f755b87f-3959-4e40-9945-0ecb4afd44e3@group-A98C51DCDA50: change Leader from f755b87f-3959-4e40-9945-0ecb4afd44e3 to null at term 2 for updateCurrentTerm
2019-09-28 01:15:27,852 [269561c1-184f-4010-93c7-8c28cea2e49d@group-BD940380B4CC:LeaderElection60] INFO  server.RaftServerConfigKeys (ConfUtils.java:logGet(43)) - raft.server.log.appender.buffer.byte-limit = 33554432 (custom)
2019-09-28 01:15:27,852 [Thread-2333] INFO  impl.RaftServerImpl (RaftServerImpl.java:setRole(174)) - f755b87f-3959-4e40-9945-0ecb4afd44e3@group-A98C51DCDA50: changes role from    LEADER to FOLLOWER at term 2 for stepDown
2019-09-28 01:15:27,852 [Thread-2328] INFO  impl.FollowerState (FollowerState.java:run(115)) - bebff722-814a-4b18-9865-974a3449574f: FollowerState was interrupted: java.lang.InterruptedException: sleep interrupted
2019-09-28 01:15:27,852 [grpc-default-executor-1] INFO  impl.RoleInfo (RoleInfo.java:updateAndGet(143)) - bebff722-814a-4b18-9865-974a3449574f: start FollowerState
2019-09-28 01:15:27,853 [Thread-2333] INFO  impl.RoleInfo (RoleInfo.java:shutdownLeaderState(104)) - f755b87f-3959-4e40-9945-0ecb4afd44e3: shutdown LeaderState
2019-09-28 01:15:27,853 [269561c1-184f-4010-93c7-8c28cea2e49d@group-BD940380B4CC:LeaderElection60] INFO  server.RaftServerConfigKeys (ConfUtils.java:logGet(43)) - raft.server.log.appender.buffer.element-limit = 1 (custom)
2019-09-28 01:15:27,888 [org.apache.ratis.server.impl.LogAppender$AppenderDaemon$$Lambda$428/1278375776@2dea85a4] WARN  server.GrpcLogAppender (GrpcLogAppender.java:mayWait(143)) - f755b87f-3959-4e40-9945-0ecb4afd44e3@group-A98C51DCDA50->bebff722-814a-4b18-9865-974a3449574f-GrpcLogAppender: Wait interrupted by java.lang.InterruptedException
2019-09-28 01:15:27,888 [269561c1-184f-4010-93c7-8c28cea2e49d@group-BD940380B4CC:LeaderElection60] INFO  grpc.GrpcConfigKeys$Server (ConfUtils.java:logGet(43)) - raft.grpc.server.leader.outstanding.appends.max = 128 (default)
2019-09-28 01:15:27,887 [Thread-2333] INFO  impl.PendingRequests (PendingRequests.java:sendNotLeaderResponses(202)) - f755b87f-3959-4e40-9945-0ecb4afd44e3-PendingRequests: sendNotLeaderResponses
2019-09-28 01:15:27,886 [f755b87f-3959-4e40-9945-0ecb4afd44e3@group-A98C51DCDA50-SegmentedRaftLogWorker] INFO  segmented.SegmentedRaftLogWorker (SegmentedRaftLogWorker.java:execute(569)) - f755b87f-3959-4e40-9945-0ecb4afd44e3@group-A98C51DCDA50-SegmentedRaftLogWorker: created new log segment /workdir/hadoop-ozone/integration-test/target/test-dir/MiniOzoneClusterImpl-d0fea965-b787-49be-9c96-deb71f4b2c88/datanode-6/data/ratis/f00bc439-0426-48aa-bb7e-a98c51dcda50/current/log_inprogress_0
2019-09-28 01:15:27,889 [Thread-2333] INFO  impl.RoleInfo (RoleInfo.java:updateAndGet(143)) - f755b87f-3959-4e40-9945-0ecb4afd44e3: start FollowerState
2019-09-28 01:15:27,886 [org.apache.ratis.server.impl.LogAppender$AppenderDaemon$$Lambda$428/1278375776@4cf6f8b1] WARN  server.GrpcLogAppender (GrpcLogAppender.java:mayWait(143)) - f755b87f-3959-4e40-9945-0ecb4afd44e3@group-A98C51DCDA50->30802873-5cdc-4a1f-a873-68d0f5360ef3-GrpcLogAppender: Wait interrupted by java.lang.InterruptedException
2019-09-28 01:15:27,889 [269561c1-184f-4010-93c7-8c28cea2e49d@group-BD940380B4CC:LeaderElection60] INFO  server.RaftServerConfigKeys (ConfUtils.java:logGet(43)) - raft.server.rpc.request.timeout = 3000ms (default)
2019-09-28 01:15:27,890 [269561c1-184f-4010-93c7-8c28cea2e49d@group-BD940380B4CC:LeaderElection60] INFO  server.RaftServerConfigKeys (ConfUtils.java:logGet(43)) - raft.server.log.appender.install.snapshot.enabled = false (custom)
2019-09-28 01:15:27,890 [269561c1-184f-4010-93c7-8c28cea2e49d@group-BD940380B4CC:LeaderElection60] INFO  server.RaftServerConfigKeys (ConfUtils.java:logGet(43)) - raft.server.log.appender.snapshot.chunk.size.max = 16MB (=16777216) (default)
2019-09-28 01:15:27,891 [269561c1-184f-4010-93c7-8c28cea2e49d@group-BD940380B4CC:LeaderElection60] INFO  server.RaftServerConfigKeys (ConfUtils.java:logGet(43)) - raft.server.log.appender.buffer.byte-limit = 33554432 (custom)
2019-09-28 01:15:27,891 [269561c1-184f-4010-93c7-8c28cea2e49d@group-BD940380B4CC:LeaderElection60] INFO  server.RaftServerConfigKeys (ConfUtils.java:logGet(43)) - raft.server.log.appender.buffer.element-limit = 1 (custom)
2019-09-28 01:15:27,891 [269561c1-184f-4010-93c7-8c28cea2e49d@group-BD940380B4CC:LeaderElection60] INFO  grpc.GrpcConfigKeys$Server (ConfUtils.java:logGet(43)) - raft.grpc.server.leader.outstanding.appends.max = 128 (default)
2019-09-28 01:15:27,891 [269561c1-184f-4010-93c7-8c28cea2e49d@group-BD940380B4CC:LeaderElection60] INFO  server.RaftServerConfigKeys (ConfUtils.java:logGet(43)) - raft.server.rpc.request.timeout = 3000ms (default)
2019-09-28 01:15:27,892 [269561c1-184f-4010-93c7-8c28cea2e49d@group-BD940380B4CC:LeaderElection60] INFO  server.RaftServerConfigKeys (ConfUtils.java:logGet(43)) - raft.server.log.appender.install.snapshot.enabled = false (custom)
2019-09-28 01:15:27,892 [269561c1-184f-4010-93c7-8c28cea2e49d@group-BD940380B4CC:LeaderElection60] INFO  impl.RoleInfo (RoleInfo.java:updateAndGet(143)) - 269561c1-184f-4010-93c7-8c28cea2e49d: start LeaderState
2019-09-28 01:15:27,892 [269561c1-184f-4010-93c7-8c28cea2e49d@group-BD940380B4CC:LeaderElection60] INFO  segmented.SegmentedRaftLogWorker (SegmentedRaftLogWorker.java:startLogSegment(380)) - 269561c1-184f-4010-93c7-8c28cea2e49d@group-BD940380B4CC-SegmentedRaftLogWorker: Starting segment from index:0
2019-09-28 01:15:27,892 [grpc-default-executor-3] INFO  server.GrpcServerProtocolService (GrpcServerProtocolService.java:onCompleted(113)) - bebff722-814a-4b18-9865-974a3449574f: Completed APPEND_ENTRIES, lastRequest: f755b87f-3959-4e40-9945-0ecb4afd44e3->bebff722-814a-4b18-9865-974a3449574f#1-t1, previous=(t:0, i:0), leaderCommit=-1, initializing? false, entries: size=1, first=(t:1, i:0), CONFIGURATIONENTRY
2019-09-28 01:15:27,893 [grpc-default-executor-2] INFO  server.GrpcServerProtocolService (GrpcServerProtocolService.java:onCompleted(113)) - 30802873-5cdc-4a1f-a873-68d0f5360ef3: Completed APPEND_ENTRIES, lastRequest: f755b87f-3959-4e40-9945-0ecb4afd44e3->30802873-5cdc-4a1f-a873-68d0f5360ef3#0-t1, previous=(t:0, i:0), leaderCommit=-1, initializing? false, entries: <empty>
2019-09-28 01:15:27,894 [grpc-default-executor-3] INFO  server.GrpcLogAppender (GrpcLogAppender.java:onCompleted(293)) - f755b87f-3959-4e40-9945-0ecb4afd44e3@group-A98C51DCDA50->bebff722-814a-4b18-9865-974a3449574f-AppendLogResponseHandler: follower responses appendEntries COMPLETED
2019-09-28 01:15:27,894 [269561c1-184f-4010-93c7-8c28cea2e49d@group-BD940380B4CC:LeaderElection60] INFO  impl.RaftServerImpl (ServerState.java:setRaftConf(354)) - 269561c1-184f-4010-93c7-8c28cea2e49d@group-BD940380B4CC: set configuration 0: [269561c1-184f-4010-93c7-8c28cea2e49d:192.168.151.82:41010, b34eea16-a41e-4e85-a98c-844cd8e9e4c1:192.168.151.82:34853, e713f41d-3c96-4fbb-9d49-ce14b311e545:192.168.151.82:35990], old=null at 0
2019-09-28 01:15:27,935 [bebff722-814a-4b18-9865-974a3449574f@group-A98C51DCDA50-SegmentedRaftLogWorker] INFO  segmented.SegmentedRaftLogWorker (SegmentedRaftLogWorker.java:execute(569)) - bebff722-814a-4b18-9865-974a3449574f@group-A98C51DCDA50-SegmentedRaftLogWorker: created new log segment /workdir/hadoop-ozone/integration-test/target/test-dir/MiniOzoneClusterImpl-d0fea965-b787-49be-9c96-deb71f4b2c88/datanode-7/data/ratis/f00bc439-0426-48aa-bb7e-a98c51dcda50/current/log_inprogress_0
2019-09-28 01:15:27,935 [grpc-default-executor-3] INFO  impl.FollowerInfo (FollowerInfo.java:lambda$new$0(51)) - f755b87f-3959-4e40-9945-0ecb4afd44e3@group-A98C51DCDA50->bebff722-814a-4b18-9865-974a3449574f: nextIndex: updateUnconditionally 1 -> 0
2019-09-28 01:15:27,939 [grpc-default-executor-0] INFO  impl.RaftServerImpl (RaftServerImpl.java:setRole(174)) - f755b87f-3959-4e40-9945-0ecb4afd44e3@group-A98C51DCDA50: changes role from  FOLLOWER to FOLLOWER at term 2 for recognizeCandidate:30802873-5cdc-4a1f-a873-68d0f5360ef3
2019-09-28 01:15:27,939 [grpc-default-executor-4] INFO  server.GrpcLogAppender (GrpcLogAppender.java:onCompleted(293)) - f755b87f-3959-4e40-9945-0ecb4afd44e3@group-A98C51DCDA50->30802873-5cdc-4a1f-a873-68d0f5360ef3-AppendLogResponseHandler: follower responses appendEntries COMPLETED
2019-09-28 01:15:27,940 [grpc-default-executor-0] INFO  impl.RoleInfo (RoleInfo.java:shutdownFollowerState(121)) - f755b87f-3959-4e40-9945-0ecb4afd44e3: shutdown FollowerState
2019-09-28 01:15:27,944 [grpc-default-executor-4] INFO  impl.FollowerInfo (FollowerInfo.java:lambda$new$0(51)) - f755b87f-3959-4e40-9945-0ecb4afd44e3@group-A98C51DCDA50->30802873-5cdc-4a1f-a873-68d0f5360ef3: nextIndex: updateUnconditionally 0 -> 0
2019-09-28 01:15:27,947 [Thread-2346] INFO  impl.FollowerState (FollowerState.java:run(115)) - f755b87f-3959-4e40-9945-0ecb4afd44e3: FollowerState was interrupted: java.lang.InterruptedException: sleep interrupted
2019-09-28 01:15:27,947 [grpc-default-executor-0] INFO  impl.RoleInfo (RoleInfo.java:updateAndGet(143)) - f755b87f-3959-4e40-9945-0ecb4afd44e3: start FollowerState
2019-09-28 01:15:27,947 [grpc-default-executor-3] INFO  impl.RaftServerImpl (ServerState.java:setLeader(253)) - b34eea16-a41e-4e85-a98c-844cd8e9e4c1@group-BD940380B4CC: change Leader from null to 269561c1-184f-4010-93c7-8c28cea2e49d at term 1 for appendEntries, leader elected after 1236ms
2019-09-28 01:15:27,948 [269561c1-184f-4010-93c7-8c28cea2e49d@group-BD940380B4CC-SegmentedRaftLogWorker] INFO  segmented.SegmentedRaftLogWorker (SegmentedRaftLogWorker.java:execute(569)) - 269561c1-184f-4010-93c7-8c28cea2e49d@group-BD940380B4CC-SegmentedRaftLogWorker: created new log segment /workdir/hadoop-ozone/integration-test/target/test-dir/MiniOzoneClusterImpl-d0fea965-b787-49be-9c96-deb71f4b2c88/datanode-9/data/ratis/ea1c9fd3-98c8-4486-a5d3-bd940380b4cc/current/log_inprogress_0
2019-09-28 01:15:27,951 [grpc-default-executor-4] INFO  impl.RaftServerImpl (ServerState.java:setLeader(253)) - e713f41d-3c96-4fbb-9d49-ce14b311e545@group-BD940380B4CC: change Leader from null to 269561c1-184f-4010-93c7-8c28cea2e49d at term 1 for appendEntries, leader elected after 1242ms
2019-09-28 01:15:27,960 [grpc-default-executor-3] INFO  impl.RaftServerImpl (ServerState.java:setRaftConf(354)) - b34eea16-a41e-4e85-a98c-844cd8e9e4c1@group-BD940380B4CC: set configuration 0: [269561c1-184f-4010-93c7-8c28cea2e49d:192.168.151.82:41010, b34eea16-a41e-4e85-a98c-844cd8e9e4c1:192.168.151.82:34853, e713f41d-3c96-4fbb-9d49-ce14b311e545:192.168.151.82:35990], old=null at 0
2019-09-28 01:15:27,960 [grpc-default-executor-3] INFO  segmented.SegmentedRaftLogWorker (SegmentedRaftLogWorker.java:startLogSegment(380)) - b34eea16-a41e-4e85-a98c-844cd8e9e4c1@group-BD940380B4CC-SegmentedRaftLogWorker: Starting segment from index:0
2019-09-28 01:15:27,963 [grpc-default-executor-4] INFO  impl.RaftServerImpl (ServerState.java:setRaftConf(354)) - e713f41d-3c96-4fbb-9d49-ce14b311e545@group-BD940380B4CC: set configuration 0: [269561c1-184f-4010-93c7-8c28cea2e49d:192.168.151.82:41010, b34eea16-a41e-4e85-a98c-844cd8e9e4c1:192.168.151.82:34853, e713f41d-3c96-4fbb-9d49-ce14b311e545:192.168.151.82:35990], old=null at 0
2019-09-28 01:15:27,963 [grpc-default-executor-4] INFO  segmented.SegmentedRaftLogWorker (SegmentedRaftLogWorker.java:startLogSegment(380)) - e713f41d-3c96-4fbb-9d49-ce14b311e545@group-BD940380B4CC-SegmentedRaftLogWorker: Starting segment from index:0
2019-09-28 01:15:28,019 [e713f41d-3c96-4fbb-9d49-ce14b311e545@group-BD940380B4CC-SegmentedRaftLogWorker] INFO  segmented.SegmentedRaftLogWorker (SegmentedRaftLogWorker.java:execute(569)) - e713f41d-3c96-4fbb-9d49-ce14b311e545@group-BD940380B4CC-SegmentedRaftLogWorker: created new log segment /workdir/hadoop-ozone/integration-test/target/test-dir/MiniOzoneClusterImpl-d0fea965-b787-49be-9c96-deb71f4b2c88/datanode-5/data/ratis/ea1c9fd3-98c8-4486-a5d3-bd940380b4cc/current/log_inprogress_0
2019-09-28 01:15:28,019 [b34eea16-a41e-4e85-a98c-844cd8e9e4c1@group-BD940380B4CC-SegmentedRaftLogWorker] INFO  segmented.SegmentedRaftLogWorker (SegmentedRaftLogWorker.java:execute(569)) - b34eea16-a41e-4e85-a98c-844cd8e9e4c1@group-BD940380B4CC-SegmentedRaftLogWorker: created new log segment /workdir/hadoop-ozone/integration-test/target/test-dir/MiniOzoneClusterImpl-d0fea965-b787-49be-9c96-deb71f4b2c88/datanode-8/data/ratis/ea1c9fd3-98c8-4486-a5d3-bd940380b4cc/current/log_inprogress_0
2019-09-28 01:15:28,326 [Thread-2312] INFO  impl.FollowerState (FollowerState.java:run(106)) - 88097dad-bc5b-411c-9cd7-f6ac7aee11e0:group-6C5385ADC24A changes to CANDIDATE, lastRpcTime:1036, electionTimeout:1036ms
2019-09-28 01:15:28,326 [Thread-2312] INFO  impl.RoleInfo (RoleInfo.java:shutdownFollowerState(121)) - 88097dad-bc5b-411c-9cd7-f6ac7aee11e0: shutdown FollowerState
2019-09-28 01:15:28,326 [Thread-2312] INFO  impl.RaftServerImpl (RaftServerImpl.java:setRole(174)) - 88097dad-bc5b-411c-9cd7-f6ac7aee11e0@group-6C5385ADC24A: changes role from  FOLLOWER to CANDIDATE at term 1 for changeToCandidate
2019-09-28 01:15:28,326 [Thread-2312] INFO  impl.RoleInfo (RoleInfo.java:updateAndGet(143)) - 88097dad-bc5b-411c-9cd7-f6ac7aee11e0: start LeaderElection
2019-09-28 01:15:28,330 [Thread-2310] INFO  impl.FollowerState (FollowerState.java:run(106)) - d239b4fc-5ffb-4450-8968-7f1e37e2dc0b:group-6C5385ADC24A changes to CANDIDATE, lastRpcTime:1065, electionTimeout:1061ms
2019-09-28 01:15:28,330 [Thread-2310] INFO  impl.RoleInfo (RoleInfo.java:shutdownFollowerState(121)) - d239b4fc-5ffb-4450-8968-7f1e37e2dc0b: shutdown FollowerState
2019-09-28 01:15:28,330 [Thread-2310] INFO  impl.RaftServerImpl (RaftServerImpl.java:setRole(174)) - d239b4fc-5ffb-4450-8968-7f1e37e2dc0b@group-6C5385ADC24A: changes role from  FOLLOWER to CANDIDATE at term 1 for changeToCandidate
2019-09-28 01:15:28,330 [Thread-2310] INFO  impl.RoleInfo (RoleInfo.java:updateAndGet(143)) - d239b4fc-5ffb-4450-8968-7f1e37e2dc0b: start LeaderElection
2019-09-28 01:15:28,331 [Thread-2313] INFO  impl.FollowerState (FollowerState.java:run(106)) - e1c1c139-c9d2-4524-9627-6fde74a335c6:group-6C5385ADC24A changes to CANDIDATE, lastRpcTime:1041, electionTimeout:1041ms
2019-09-28 01:15:28,332 [Thread-2313] INFO  impl.RoleInfo (RoleInfo.java:shutdownFollowerState(121)) - e1c1c139-c9d2-4524-9627-6fde74a335c6: shutdown FollowerState
2019-09-28 01:15:28,332 [Thread-2313] INFO  impl.RaftServerImpl (RaftServerImpl.java:setRole(174)) - e1c1c139-c9d2-4524-9627-6fde74a335c6@group-6C5385ADC24A: changes role from  FOLLOWER to CANDIDATE at term 1 for changeToCandidate
2019-09-28 01:15:28,332 [Thread-2313] INFO  impl.RoleInfo (RoleInfo.java:updateAndGet(143)) - e1c1c139-c9d2-4524-9627-6fde74a335c6: start LeaderElection
2019-09-28 01:15:28,341 [d239b4fc-5ffb-4450-8968-7f1e37e2dc0b@group-6C5385ADC24A:LeaderElection62] INFO  impl.LeaderElection (LeaderElection.java:askForVotes(182)) - d239b4fc-5ffb-4450-8968-7f1e37e2dc0b@group-6C5385ADC24A:LeaderElection62: begin an election at term 2 for -1: [e1c1c139-c9d2-4524-9627-6fde74a335c6:192.168.151.82:43308, d239b4fc-5ffb-4450-8968-7f1e37e2dc0b:192.168.151.82:43077, 88097dad-bc5b-411c-9cd7-f6ac7aee11e0:192.168.151.82:44181], old=null
2019-09-28 01:15:28,341 [88097dad-bc5b-411c-9cd7-f6ac7aee11e0@group-6C5385ADC24A:LeaderElection61] INFO  impl.LeaderElection (LeaderElection.java:askForVotes(182)) - 88097dad-bc5b-411c-9cd7-f6ac7aee11e0@group-6C5385ADC24A:LeaderElection61: begin an election at term 2 for -1: [e1c1c139-c9d2-4524-9627-6fde74a335c6:192.168.151.82:43308, d239b4fc-5ffb-4450-8968-7f1e37e2dc0b:192.168.151.82:43077, 88097dad-bc5b-411c-9cd7-f6ac7aee11e0:192.168.151.82:44181], old=null
2019-09-28 01:15:28,341 [e1c1c139-c9d2-4524-9627-6fde74a335c6@group-6C5385ADC24A:LeaderElection63] INFO  impl.LeaderElection (LeaderElection.java:askForVotes(182)) - e1c1c139-c9d2-4524-9627-6fde74a335c6@group-6C5385ADC24A:LeaderElection63: begin an election at term 2 for -1: [e1c1c139-c9d2-4524-9627-6fde74a335c6:192.168.151.82:43308, d239b4fc-5ffb-4450-8968-7f1e37e2dc0b:192.168.151.82:43077, 88097dad-bc5b-411c-9cd7-f6ac7aee11e0:192.168.151.82:44181], old=null
2019-09-28 01:15:28,348 [e1c1c139-c9d2-4524-9627-6fde74a335c6@group-6C5385ADC24A:LeaderElection63] INFO  impl.LeaderElection (LeaderElection.java:logAndReturn(56)) - e1c1c139-c9d2-4524-9627-6fde74a335c6@group-6C5385ADC24A:LeaderElection63: Election REJECTED; received 2 response(s) [e1c1c139-c9d2-4524-9627-6fde74a335c6<-d239b4fc-5ffb-4450-8968-7f1e37e2dc0b#0:FAIL-t2, e1c1c139-c9d2-4524-9627-6fde74a335c6<-88097dad-bc5b-411c-9cd7-f6ac7aee11e0#0:FAIL-t2] and 0 exception(s); e1c1c139-c9d2-4524-9627-6fde74a335c6@group-6C5385ADC24A:t2, leader=null, voted=e1c1c139-c9d2-4524-9627-6fde74a335c6, raftlog=e1c1c139-c9d2-4524-9627-6fde74a335c6@group-6C5385ADC24A-SegmentedRaftLog:OPENED:c-1,f-1,i0, conf=-1: [e1c1c139-c9d2-4524-9627-6fde74a335c6:192.168.151.82:43308, d239b4fc-5ffb-4450-8968-7f1e37e2dc0b:192.168.151.82:43077, 88097dad-bc5b-411c-9cd7-f6ac7aee11e0:192.168.151.82:44181], old=null
2019-09-28 01:15:28,348 [88097dad-bc5b-411c-9cd7-f6ac7aee11e0@group-6C5385ADC24A:LeaderElection61] INFO  impl.LeaderElection (LeaderElection.java:logAndReturn(56)) - 88097dad-bc5b-411c-9cd7-f6ac7aee11e0@group-6C5385ADC24A:LeaderElection61: Election REJECTED; received 2 response(s) [88097dad-bc5b-411c-9cd7-f6ac7aee11e0<-e1c1c139-c9d2-4524-9627-6fde74a335c6#0:FAIL-t2, 88097dad-bc5b-411c-9cd7-f6ac7aee11e0<-d239b4fc-5ffb-4450-8968-7f1e37e2dc0b#0:FAIL-t2] and 0 exception(s); 88097dad-bc5b-411c-9cd7-f6ac7aee11e0@group-6C5385ADC24A:t2, leader=null, voted=88097dad-bc5b-411c-9cd7-f6ac7aee11e0, raftlog=88097dad-bc5b-411c-9cd7-f6ac7aee11e0@group-6C5385ADC24A-SegmentedRaftLog:OPENED:c-1,f-1,i0, conf=-1: [e1c1c139-c9d2-4524-9627-6fde74a335c6:192.168.151.82:43308, d239b4fc-5ffb-4450-8968-7f1e37e2dc0b:192.168.151.82:43077, 88097dad-bc5b-411c-9cd7-f6ac7aee11e0:192.168.151.82:44181], old=null
2019-09-28 01:15:28,348 [e1c1c139-c9d2-4524-9627-6fde74a335c6@group-6C5385ADC24A:LeaderElection63] INFO  impl.RaftServerImpl (RaftServerImpl.java:setRole(174)) - e1c1c139-c9d2-4524-9627-6fde74a335c6@group-6C5385ADC24A: changes role from CANDIDATE to FOLLOWER at term 2 for DISCOVERED_A_NEW_TERM
2019-09-28 01:15:28,348 [88097dad-bc5b-411c-9cd7-f6ac7aee11e0@group-6C5385ADC24A:LeaderElection61] INFO  impl.RaftServerImpl (RaftServerImpl.java:setRole(174)) - 88097dad-bc5b-411c-9cd7-f6ac7aee11e0@group-6C5385ADC24A: changes role from CANDIDATE to FOLLOWER at term 2 for DISCOVERED_A_NEW_TERM
2019-09-28 01:15:28,349 [d239b4fc-5ffb-4450-8968-7f1e37e2dc0b@group-6C5385ADC24A:LeaderElection62] INFO  impl.LeaderElection (LeaderElection.java:logAndReturn(56)) - d239b4fc-5ffb-4450-8968-7f1e37e2dc0b@group-6C5385ADC24A:LeaderElection62: Election REJECTED; received 2 response(s) [d239b4fc-5ffb-4450-8968-7f1e37e2dc0b<-e1c1c139-c9d2-4524-9627-6fde74a335c6#0:FAIL-t2, d239b4fc-5ffb-4450-8968-7f1e37e2dc0b<-88097dad-bc5b-411c-9cd7-f6ac7aee11e0#0:FAIL-t2] and 0 exception(s); d239b4fc-5ffb-4450-8968-7f1e37e2dc0b@group-6C5385ADC24A:t2, leader=null, voted=d239b4fc-5ffb-4450-8968-7f1e37e2dc0b, raftlog=d239b4fc-5ffb-4450-8968-7f1e37e2dc0b@group-6C5385ADC24A-SegmentedRaftLog:OPENED:c-1,f-1,i0, conf=-1: [e1c1c139-c9d2-4524-9627-6fde74a335c6:192.168.151.82:43308, d239b4fc-5ffb-4450-8968-7f1e37e2dc0b:192.168.151.82:43077, 88097dad-bc5b-411c-9cd7-f6ac7aee11e0:192.168.151.82:44181], old=null
2019-09-28 01:15:28,348 [e1c1c139-c9d2-4524-9627-6fde74a335c6@group-6C5385ADC24A:LeaderElection63] INFO  impl.RoleInfo (RoleInfo.java:shutdownLeaderElection(134)) - e1c1c139-c9d2-4524-9627-6fde74a335c6: shutdown LeaderElection
2019-09-28 01:15:28,349 [d239b4fc-5ffb-4450-8968-7f1e37e2dc0b@group-6C5385ADC24A:LeaderElection62] INFO  impl.RaftServerImpl (RaftServerImpl.java:setRole(174)) - d239b4fc-5ffb-4450-8968-7f1e37e2dc0b@group-6C5385ADC24A: changes role from CANDIDATE to FOLLOWER at term 2 for DISCOVERED_A_NEW_TERM
2019-09-28 01:15:28,349 [88097dad-bc5b-411c-9cd7-f6ac7aee11e0@group-6C5385ADC24A:LeaderElection61] INFO  impl.RoleInfo (RoleInfo.java:shutdownLeaderElection(134)) - 88097dad-bc5b-411c-9cd7-f6ac7aee11e0: shutdown LeaderElection
2019-09-28 01:15:28,349 [d239b4fc-5ffb-4450-8968-7f1e37e2dc0b@group-6C5385ADC24A:LeaderElection62] INFO  impl.RoleInfo (RoleInfo.java:shutdownLeaderElection(134)) - d239b4fc-5ffb-4450-8968-7f1e37e2dc0b: shutdown LeaderElection
2019-09-28 01:15:28,349 [e1c1c139-c9d2-4524-9627-6fde74a335c6@group-6C5385ADC24A:LeaderElection63] INFO  impl.RoleInfo (RoleInfo.java:updateAndGet(143)) - e1c1c139-c9d2-4524-9627-6fde74a335c6: start FollowerState
2019-09-28 01:15:28,349 [d239b4fc-5ffb-4450-8968-7f1e37e2dc0b@group-6C5385ADC24A:LeaderElection62] INFO  impl.RoleInfo (RoleInfo.java:updateAndGet(143)) - d239b4fc-5ffb-4450-8968-7f1e37e2dc0b: start FollowerState
2019-09-28 01:15:28,349 [88097dad-bc5b-411c-9cd7-f6ac7aee11e0@group-6C5385ADC24A:LeaderElection61] INFO  impl.RoleInfo (RoleInfo.java:updateAndGet(143)) - 88097dad-bc5b-411c-9cd7-f6ac7aee11e0: start FollowerState
2019-09-28 01:15:28,431 [main] INFO  ipc.Client (Client.java:handleConnectionFailure(948)) - Retrying connect to server: localhost/127.0.0.1:0. Already tried 1 time(s); retry policy is RetryUpToMaximumCountWithFixedSleep(maxRetries=10, sleepTime=1000 MILLISECONDS)
2019-09-28 01:15:28,802 [Thread-2233] INFO  container.ReplicationManager (ReplicationManager.java:start(162)) - Starting Replication Monitor Thread.
2019-09-28 01:15:28,808 [ReplicationMonitor] INFO  container.ReplicationManager (ReplicationManager.java:run(225)) - Replication Monitor Thread took 0 milliseconds for processing 0 containers.
2019-09-28 01:15:28,931 [Thread-2329] INFO  impl.FollowerState (FollowerState.java:run(106)) - 30802873-5cdc-4a1f-a873-68d0f5360ef3:group-A98C51DCDA50 changes to CANDIDATE, lastRpcTime:1182, electionTimeout:1182ms
2019-09-28 01:15:28,931 [Thread-2329] INFO  impl.RoleInfo (RoleInfo.java:shutdownFollowerState(121)) - 30802873-5cdc-4a1f-a873-68d0f5360ef3: shutdown FollowerState
2019-09-28 01:15:28,931 [Thread-2329] INFO  impl.RaftServerImpl (RaftServerImpl.java:setRole(174)) - 30802873-5cdc-4a1f-a873-68d0f5360ef3@group-A98C51DCDA50: changes role from  FOLLOWER to CANDIDATE at term 2 for changeToCandidate
2019-09-28 01:15:28,931 [Thread-2329] INFO  impl.RoleInfo (RoleInfo.java:updateAndGet(143)) - 30802873-5cdc-4a1f-a873-68d0f5360ef3: start LeaderElection
2019-09-28 01:15:28,946 [30802873-5cdc-4a1f-a873-68d0f5360ef3@group-A98C51DCDA50:LeaderElection64] INFO  impl.LeaderElection (LeaderElection.java:askForVotes(182)) - 30802873-5cdc-4a1f-a873-68d0f5360ef3@group-A98C51DCDA50:LeaderElection64: begin an election at term 3 for -1: [bebff722-814a-4b18-9865-974a3449574f:192.168.151.82:34194, 30802873-5cdc-4a1f-a873-68d0f5360ef3:192.168.151.82:38416, f755b87f-3959-4e40-9945-0ecb4afd44e3:192.168.151.82:46859], old=null
2019-09-28 01:15:28,950 [grpc-default-executor-1] INFO  impl.RaftServerImpl (RaftServerImpl.java:setRole(174)) - bebff722-814a-4b18-9865-974a3449574f@group-A98C51DCDA50: changes role from  FOLLOWER to FOLLOWER at term 3 for recognizeCandidate:30802873-5cdc-4a1f-a873-68d0f5360ef3
2019-09-28 01:15:28,950 [grpc-default-executor-3] INFO  impl.RaftServerImpl (RaftServerImpl.java:setRole(174)) - f755b87f-3959-4e40-9945-0ecb4afd44e3@group-A98C51DCDA50: changes role from  FOLLOWER to FOLLOWER at term 3 for recognizeCandidate:30802873-5cdc-4a1f-a873-68d0f5360ef3
2019-09-28 01:15:28,950 [grpc-default-executor-1] INFO  impl.RoleInfo (RoleInfo.java:shutdownFollowerState(121)) - bebff722-814a-4b18-9865-974a3449574f: shutdown FollowerState
2019-09-28 01:15:28,950 [grpc-default-executor-3] INFO  impl.RoleInfo (RoleInfo.java:shutdownFollowerState(121)) - f755b87f-3959-4e40-9945-0ecb4afd44e3: shutdown FollowerState
2019-09-28 01:15:28,951 [Thread-2344] INFO  impl.FollowerState (FollowerState.java:run(115)) - bebff722-814a-4b18-9865-974a3449574f: FollowerState was interrupted: java.lang.InterruptedException: sleep interrupted
2019-09-28 01:15:28,951 [grpc-default-executor-1] INFO  impl.RoleInfo (RoleInfo.java:updateAndGet(143)) - bebff722-814a-4b18-9865-974a3449574f: start FollowerState
2019-09-28 01:15:28,951 [Thread-2350] INFO  impl.FollowerState (FollowerState.java:run(115)) - f755b87f-3959-4e40-9945-0ecb4afd44e3: FollowerState was interrupted: java.lang.InterruptedException: sleep interrupted
2019-09-28 01:15:28,951 [grpc-default-executor-3] INFO  impl.RoleInfo (RoleInfo.java:updateAndGet(143)) - f755b87f-3959-4e40-9945-0ecb4afd44e3: start FollowerState
2019-09-28 01:15:28,967 [30802873-5cdc-4a1f-a873-68d0f5360ef3@group-A98C51DCDA50:LeaderElection64] INFO  impl.LeaderElection (LeaderElection.java:logAndReturn(56)) - 30802873-5cdc-4a1f-a873-68d0f5360ef3@group-A98C51DCDA50:LeaderElection64: Election REJECTED; received 2 response(s) [30802873-5cdc-4a1f-a873-68d0f5360ef3<-bebff722-814a-4b18-9865-974a3449574f#0:FAIL-t3, 30802873-5cdc-4a1f-a873-68d0f5360ef3<-f755b87f-3959-4e40-9945-0ecb4afd44e3#0:FAIL-t3] and 0 exception(s); 30802873-5cdc-4a1f-a873-68d0f5360ef3@group-A98C51DCDA50:t3, leader=null, voted=30802873-5cdc-4a1f-a873-68d0f5360ef3, raftlog=30802873-5cdc-4a1f-a873-68d0f5360ef3@group-A98C51DCDA50-SegmentedRaftLog:OPENED:c-1,f-1,i0, conf=-1: [bebff722-814a-4b18-9865-974a3449574f:192.168.151.82:34194, 30802873-5cdc-4a1f-a873-68d0f5360ef3:192.168.151.82:38416, f755b87f-3959-4e40-9945-0ecb4afd44e3:192.168.151.82:46859], old=null
2019-09-28 01:15:28,967 [30802873-5cdc-4a1f-a873-68d0f5360ef3@group-A98C51DCDA50:LeaderElection64] INFO  impl.RaftServerImpl (RaftServerImpl.java:setRole(174)) - 30802873-5cdc-4a1f-a873-68d0f5360ef3@group-A98C51DCDA50: changes role from CANDIDATE to FOLLOWER at term 3 for DISCOVERED_A_NEW_TERM
2019-09-28 01:15:28,967 [30802873-5cdc-4a1f-a873-68d0f5360ef3@group-A98C51DCDA50:LeaderElection64] INFO  impl.RoleInfo (RoleInfo.java:shutdownLeaderElection(134)) - 30802873-5cdc-4a1f-a873-68d0f5360ef3: shutdown LeaderElection
2019-09-28 01:15:28,967 [30802873-5cdc-4a1f-a873-68d0f5360ef3@group-A98C51DCDA50:LeaderElection64] INFO  impl.RoleInfo (RoleInfo.java:updateAndGet(143)) - 30802873-5cdc-4a1f-a873-68d0f5360ef3: start FollowerState
2019-09-28 01:15:29,425 [Thread-2366] INFO  impl.FollowerState (FollowerState.java:run(106)) - 88097dad-bc5b-411c-9cd7-f6ac7aee11e0:group-6C5385ADC24A changes to CANDIDATE, lastRpcTime:1076, electionTimeout:1075ms
2019-09-28 01:15:29,426 [Thread-2366] INFO  impl.RoleInfo (RoleInfo.java:shutdownFollowerState(121)) - 88097dad-bc5b-411c-9cd7-f6ac7aee11e0: shutdown FollowerState
2019-09-28 01:15:29,426 [Thread-2366] INFO  impl.RaftServerImpl (RaftServerImpl.java:setRole(174)) - 88097dad-bc5b-411c-9cd7-f6ac7aee11e0@group-6C5385ADC24A: changes role from  FOLLOWER to CANDIDATE at term 2 for changeToCandidate
2019-09-28 01:15:29,426 [Thread-2366] INFO  impl.RoleInfo (RoleInfo.java:updateAndGet(143)) - 88097dad-bc5b-411c-9cd7-f6ac7aee11e0: start LeaderElection
2019-09-28 01:15:29,432 [main] INFO  ipc.Client (Client.java:handleConnectionFailure(948)) - Retrying connect to server: localhost/127.0.0.1:0. Already tried 2 time(s); retry policy is RetryUpToMaximumCountWithFixedSleep(maxRetries=10, sleepTime=1000 MILLISECONDS)
2019-09-28 01:15:29,441 [88097dad-bc5b-411c-9cd7-f6ac7aee11e0@group-6C5385ADC24A:LeaderElection65] INFO  impl.LeaderElection (LeaderElection.java:askForVotes(182)) - 88097dad-bc5b-411c-9cd7-f6ac7aee11e0@group-6C5385ADC24A:LeaderElection65: begin an election at term 3 for -1: [e1c1c139-c9d2-4524-9627-6fde74a335c6:192.168.151.82:43308, d239b4fc-5ffb-4450-8968-7f1e37e2dc0b:192.168.151.82:43077, 88097dad-bc5b-411c-9cd7-f6ac7aee11e0:192.168.151.82:44181], old=null
2019-09-28 01:15:29,444 [grpc-default-executor-1] INFO  impl.RaftServerImpl (RaftServerImpl.java:setRole(174)) - d239b4fc-5ffb-4450-8968-7f1e37e2dc0b@group-6C5385ADC24A: changes role from  FOLLOWER to FOLLOWER at term 3 for recognizeCandidate:88097dad-bc5b-411c-9cd7-f6ac7aee11e0
2019-09-28 01:15:29,444 [grpc-default-executor-3] INFO  impl.RaftServerImpl (RaftServerImpl.java:setRole(174)) - e1c1c139-c9d2-4524-9627-6fde74a335c6@group-6C5385ADC24A: changes role from  FOLLOWER to FOLLOWER at term 3 for recognizeCandidate:88097dad-bc5b-411c-9cd7-f6ac7aee11e0
2019-09-28 01:15:29,444 [grpc-default-executor-1] INFO  impl.RoleInfo (RoleInfo.java:shutdownFollowerState(121)) - d239b4fc-5ffb-4450-8968-7f1e37e2dc0b: shutdown FollowerState
2019-09-28 01:15:29,445 [grpc-default-executor-3] INFO  impl.RoleInfo (RoleInfo.java:shutdownFollowerState(121)) - e1c1c139-c9d2-4524-9627-6fde74a335c6: shutdown FollowerState
2019-09-28 01:15:29,445 [Thread-2367] INFO  impl.FollowerState (FollowerState.java:run(115)) - d239b4fc-5ffb-4450-8968-7f1e37e2dc0b: FollowerState was interrupted: java.lang.InterruptedException: sleep interrupted
2019-09-28 01:15:29,445 [grpc-default-executor-1] INFO  impl.RoleInfo (RoleInfo.java:updateAndGet(143)) - d239b4fc-5ffb-4450-8968-7f1e37e2dc0b: start FollowerState
2019-09-28 01:15:29,445 [Thread-2365] INFO  impl.FollowerState (FollowerState.java:run(115)) - e1c1c139-c9d2-4524-9627-6fde74a335c6: FollowerState was interrupted: java.lang.InterruptedException: sleep interrupted
2019-09-28 01:15:29,445 [grpc-default-executor-3] INFO  impl.RoleInfo (RoleInfo.java:updateAndGet(143)) - e1c1c139-c9d2-4524-9627-6fde74a335c6: start FollowerState
2019-09-28 01:15:29,454 [88097dad-bc5b-411c-9cd7-f6ac7aee11e0@group-6C5385ADC24A:LeaderElection65] INFO  impl.LeaderElection (LeaderElection.java:logAndReturn(56)) - 88097dad-bc5b-411c-9cd7-f6ac7aee11e0@group-6C5385ADC24A:LeaderElection65: Election PASSED; received 1 response(s) [88097dad-bc5b-411c-9cd7-f6ac7aee11e0<-d239b4fc-5ffb-4450-8968-7f1e37e2dc0b#0:OK-t3] and 0 exception(s); 88097dad-bc5b-411c-9cd7-f6ac7aee11e0@group-6C5385ADC24A:t3, leader=null, voted=88097dad-bc5b-411c-9cd7-f6ac7aee11e0, raftlog=88097dad-bc5b-411c-9cd7-f6ac7aee11e0@group-6C5385ADC24A-SegmentedRaftLog:OPENED:c-1,f-1,i0, conf=-1: [e1c1c139-c9d2-4524-9627-6fde74a335c6:192.168.151.82:43308, d239b4fc-5ffb-4450-8968-7f1e37e2dc0b:192.168.151.82:43077, 88097dad-bc5b-411c-9cd7-f6ac7aee11e0:192.168.151.82:44181], old=null
2019-09-28 01:15:29,455 [88097dad-bc5b-411c-9cd7-f6ac7aee11e0@group-6C5385ADC24A:LeaderElection65] INFO  impl.RoleInfo (RoleInfo.java:shutdownLeaderElection(134)) - 88097dad-bc5b-411c-9cd7-f6ac7aee11e0: shutdown LeaderElection
2019-09-28 01:15:29,455 [88097dad-bc5b-411c-9cd7-f6ac7aee11e0@group-6C5385ADC24A:LeaderElection65] INFO  impl.RaftServerImpl (RaftServerImpl.java:setRole(174)) - 88097dad-bc5b-411c-9cd7-f6ac7aee11e0@group-6C5385ADC24A: changes role from CANDIDATE to LEADER at term 3 for changeToLeader
2019-09-28 01:15:29,455 [88097dad-bc5b-411c-9cd7-f6ac7aee11e0@group-6C5385ADC24A:LeaderElection65] INFO  impl.RaftServerImpl (ServerState.java:setLeader(253)) - 88097dad-bc5b-411c-9cd7-f6ac7aee11e0@group-6C5385ADC24A: change Leader from null to 88097dad-bc5b-411c-9cd7-f6ac7aee11e0 at term 3 for becomeLeader, leader elected after 3372ms
2019-09-28 01:15:29,455 [88097dad-bc5b-411c-9cd7-f6ac7aee11e0@group-6C5385ADC24A:LeaderElection65] INFO  server.RaftServerConfigKeys (ConfUtils.java:logGet(43)) - raft.server.staging.catchup.gap = 1000 (default)
2019-09-28 01:15:29,456 [88097dad-bc5b-411c-9cd7-f6ac7aee11e0@group-6C5385ADC24A:LeaderElection65] INFO  server.RaftServerConfigKeys (ConfUtils.java:logGet(43)) - raft.server.rpc.sleep.time = 25ms (default)
2019-09-28 01:15:29,456 [88097dad-bc5b-411c-9cd7-f6ac7aee11e0@group-6C5385ADC24A:LeaderElection65] INFO  server.RaftServerConfigKeys (ConfUtils.java:logGet(43)) - raft.server.write.element-limit = 4096 (default)
2019-09-28 01:15:29,456 [88097dad-bc5b-411c-9cd7-f6ac7aee11e0@group-6C5385ADC24A:LeaderElection65] INFO  server.RaftServerConfigKeys (ConfUtils.java:logGet(43)) - raft.server.watch.timeout = 10s (default)
2019-09-28 01:15:29,456 [88097dad-bc5b-411c-9cd7-f6ac7aee11e0@group-6C5385ADC24A:LeaderElection65] INFO  server.RaftServerConfigKeys (ConfUtils.java:logGet(43)) - raft.server.watch.timeout.denomination = 1s (default)
2019-09-28 01:15:29,456 [88097dad-bc5b-411c-9cd7-f6ac7aee11e0@group-6C5385ADC24A:LeaderElection65] INFO  server.RaftServerConfigKeys (ConfUtils.java:logGet(43)) - raft.server.watch.element-limit = 65536 (default)
2019-09-28 01:15:29,459 [88097dad-bc5b-411c-9cd7-f6ac7aee11e0@group-6C5385ADC24A:LeaderElection65] INFO  server.RaftServerConfigKeys (ConfUtils.java:logGet(43)) - raft.server.log.appender.snapshot.chunk.size.max = 16MB (=16777216) (default)
2019-09-28 01:15:29,459 [88097dad-bc5b-411c-9cd7-f6ac7aee11e0@group-6C5385ADC24A:LeaderElection65] INFO  server.RaftServerConfigKeys (ConfUtils.java:logGet(43)) - raft.server.log.appender.buffer.byte-limit = 33554432 (custom)
2019-09-28 01:15:29,459 [88097dad-bc5b-411c-9cd7-f6ac7aee11e0@group-6C5385ADC24A:LeaderElection65] INFO  server.RaftServerConfigKeys (ConfUtils.java:logGet(43)) - raft.server.log.appender.buffer.element-limit = 1 (custom)
2019-09-28 01:15:29,460 [88097dad-bc5b-411c-9cd7-f6ac7aee11e0@group-6C5385ADC24A:LeaderElection65] INFO  grpc.GrpcConfigKeys$Server (ConfUtils.java:logGet(43)) - raft.grpc.server.leader.outstanding.appends.max = 128 (default)
2019-09-28 01:15:29,460 [88097dad-bc5b-411c-9cd7-f6ac7aee11e0@group-6C5385ADC24A:LeaderElection65] INFO  server.RaftServerConfigKeys (ConfUtils.java:logGet(43)) - raft.server.rpc.request.timeout = 3000ms (default)
2019-09-28 01:15:29,460 [88097dad-bc5b-411c-9cd7-f6ac7aee11e0@group-6C5385ADC24A:LeaderElection65] INFO  server.RaftServerConfigKeys (ConfUtils.java:logGet(43)) - raft.server.log.appender.install.snapshot.enabled = false (custom)
2019-09-28 01:15:29,460 [88097dad-bc5b-411c-9cd7-f6ac7aee11e0@group-6C5385ADC24A:LeaderElection65] INFO  server.RaftServerConfigKeys (ConfUtils.java:logGet(43)) - raft.server.log.appender.snapshot.chunk.size.max = 16MB (=16777216) (default)
2019-09-28 01:15:29,461 [88097dad-bc5b-411c-9cd7-f6ac7aee11e0@group-6C5385ADC24A:LeaderElection65] INFO  server.RaftServerConfigKeys (ConfUtils.java:logGet(43)) - raft.server.log.appender.buffer.byte-limit = 33554432 (custom)
2019-09-28 01:15:29,461 [88097dad-bc5b-411c-9cd7-f6ac7aee11e0@group-6C5385ADC24A:LeaderElection65] INFO  server.RaftServerConfigKeys (ConfUtils.java:logGet(43)) - raft.server.log.appender.buffer.element-limit = 1 (custom)
2019-09-28 01:15:29,461 [88097dad-bc5b-411c-9cd7-f6ac7aee11e0@group-6C5385ADC24A:LeaderElection65] INFO  grpc.GrpcConfigKeys$Server (ConfUtils.java:logGet(43)) - raft.grpc.server.leader.outstanding.appends.max = 128 (default)
2019-09-28 01:15:29,461 [88097dad-bc5b-411c-9cd7-f6ac7aee11e0@group-6C5385ADC24A:LeaderElection65] INFO  server.RaftServerConfigKeys (ConfUtils.java:logGet(43)) - raft.server.rpc.request.timeout = 3000ms (default)
2019-09-28 01:15:29,461 [88097dad-bc5b-411c-9cd7-f6ac7aee11e0@group-6C5385ADC24A:LeaderElection65] INFO  server.RaftServerConfigKeys (ConfUtils.java:logGet(43)) - raft.server.log.appender.install.snapshot.enabled = false (custom)
2019-09-28 01:15:29,462 [88097dad-bc5b-411c-9cd7-f6ac7aee11e0@group-6C5385ADC24A:LeaderElection65] INFO  impl.RoleInfo (RoleInfo.java:updateAndGet(143)) - 88097dad-bc5b-411c-9cd7-f6ac7aee11e0: start LeaderState
2019-09-28 01:15:29,462 [88097dad-bc5b-411c-9cd7-f6ac7aee11e0@group-6C5385ADC24A:LeaderElection65] INFO  segmented.SegmentedRaftLogWorker (SegmentedRaftLogWorker.java:startLogSegment(380)) - 88097dad-bc5b-411c-9cd7-f6ac7aee11e0@group-6C5385ADC24A-SegmentedRaftLogWorker: Starting segment from index:0
2019-09-28 01:15:29,463 [88097dad-bc5b-411c-9cd7-f6ac7aee11e0@group-6C5385ADC24A:LeaderElection65] INFO  impl.RaftServerImpl (ServerState.java:setRaftConf(354)) - 88097dad-bc5b-411c-9cd7-f6ac7aee11e0@group-6C5385ADC24A: set configuration 0: [e1c1c139-c9d2-4524-9627-6fde74a335c6:192.168.151.82:43308, d239b4fc-5ffb-4450-8968-7f1e37e2dc0b:192.168.151.82:43077, 88097dad-bc5b-411c-9cd7-f6ac7aee11e0:192.168.151.82:44181], old=null at 0
2019-09-28 01:15:29,464 [grpc-default-executor-1] INFO  impl.RaftServerImpl (ServerState.java:setLeader(253)) - d239b4fc-5ffb-4450-8968-7f1e37e2dc0b@group-6C5385ADC24A: change Leader from null to 88097dad-bc5b-411c-9cd7-f6ac7aee11e0 at term 3 for appendEntries, leader elected after 3377ms
2019-09-28 01:15:29,465 [grpc-default-executor-1] INFO  impl.RaftServerImpl (ServerState.java:setLeader(253)) - e1c1c139-c9d2-4524-9627-6fde74a335c6@group-6C5385ADC24A: change Leader from null to 88097dad-bc5b-411c-9cd7-f6ac7aee11e0 at term 3 for appendEntries, leader elected after 3377ms
2019-09-28 01:15:29,467 [grpc-default-executor-1] INFO  impl.RaftServerImpl (ServerState.java:setRaftConf(354)) - d239b4fc-5ffb-4450-8968-7f1e37e2dc0b@group-6C5385ADC24A: set configuration 0: [e1c1c139-c9d2-4524-9627-6fde74a335c6:192.168.151.82:43308, d239b4fc-5ffb-4450-8968-7f1e37e2dc0b:192.168.151.82:43077, 88097dad-bc5b-411c-9cd7-f6ac7aee11e0:192.168.151.82:44181], old=null at 0
2019-09-28 01:15:29,467 [grpc-default-executor-1] INFO  segmented.SegmentedRaftLogWorker (SegmentedRaftLogWorker.java:startLogSegment(380)) - d239b4fc-5ffb-4450-8968-7f1e37e2dc0b@group-6C5385ADC24A-SegmentedRaftLogWorker: Starting segment from index:0
2019-09-28 01:15:29,468 [grpc-default-executor-3] INFO  impl.RaftServerImpl (ServerState.java:setRaftConf(354)) - e1c1c139-c9d2-4524-9627-6fde74a335c6@group-6C5385ADC24A: set configuration 0: [e1c1c139-c9d2-4524-9627-6fde74a335c6:192.168.151.82:43308, d239b4fc-5ffb-4450-8968-7f1e37e2dc0b:192.168.151.82:43077, 88097dad-bc5b-411c-9cd7-f6ac7aee11e0:192.168.151.82:44181], old=null at 0
2019-09-28 01:15:29,468 [grpc-default-executor-3] INFO  segmented.SegmentedRaftLogWorker (SegmentedRaftLogWorker.java:startLogSegment(380)) - e1c1c139-c9d2-4524-9627-6fde74a335c6@group-6C5385ADC24A-SegmentedRaftLogWorker: Starting segment from index:0
2019-09-28 01:15:29,507 [88097dad-bc5b-411c-9cd7-f6ac7aee11e0@group-6C5385ADC24A-SegmentedRaftLogWorker] INFO  segmented.SegmentedRaftLogWorker (SegmentedRaftLogWorker.java:execute(569)) - 88097dad-bc5b-411c-9cd7-f6ac7aee11e0@group-6C5385ADC24A-SegmentedRaftLogWorker: created new log segment /workdir/hadoop-ozone/integration-test/target/test-dir/MiniOzoneClusterImpl-d0fea965-b787-49be-9c96-deb71f4b2c88/datanode-1/data/ratis/df035308-aa4a-4d6a-bbd5-6c5385adc24a/current/log_inprogress_0
2019-09-28 01:15:29,507 [e1c1c139-c9d2-4524-9627-6fde74a335c6@group-6C5385ADC24A-SegmentedRaftLogWorker] INFO  segmented.SegmentedRaftLogWorker (SegmentedRaftLogWorker.java:execute(569)) - e1c1c139-c9d2-4524-9627-6fde74a335c6@group-6C5385ADC24A-SegmentedRaftLogWorker: created new log segment /workdir/hadoop-ozone/integration-test/target/test-dir/MiniOzoneClusterImpl-d0fea965-b787-49be-9c96-deb71f4b2c88/datanode-2/data/ratis/df035308-aa4a-4d6a-bbd5-6c5385adc24a/current/log_inprogress_0
2019-09-28 01:15:29,507 [d239b4fc-5ffb-4450-8968-7f1e37e2dc0b@group-6C5385ADC24A-SegmentedRaftLogWorker] INFO  segmented.SegmentedRaftLogWorker (SegmentedRaftLogWorker.java:execute(569)) - d239b4fc-5ffb-4450-8968-7f1e37e2dc0b@group-6C5385ADC24A-SegmentedRaftLogWorker: created new log segment /workdir/hadoop-ozone/integration-test/target/test-dir/MiniOzoneClusterImpl-d0fea965-b787-49be-9c96-deb71f4b2c88/datanode-0/data/ratis/df035308-aa4a-4d6a-bbd5-6c5385adc24a/current/log_inprogress_0
2019-09-28 01:15:29,976 [Thread-2375] INFO  impl.FollowerState (FollowerState.java:run(106)) - f755b87f-3959-4e40-9945-0ecb4afd44e3:group-A98C51DCDA50 changes to CANDIDATE, lastRpcTime:1025, electionTimeout:1024ms
2019-09-28 01:15:29,976 [Thread-2375] INFO  impl.RoleInfo (RoleInfo.java:shutdownFollowerState(121)) - f755b87f-3959-4e40-9945-0ecb4afd44e3: shutdown FollowerState
2019-09-28 01:15:29,976 [Thread-2375] INFO  impl.RaftServerImpl (RaftServerImpl.java:setRole(174)) - f755b87f-3959-4e40-9945-0ecb4afd44e3@group-A98C51DCDA50: changes role from  FOLLOWER to CANDIDATE at term 3 for changeToCandidate
2019-09-28 01:15:29,977 [Thread-2375] INFO  impl.RoleInfo (RoleInfo.java:updateAndGet(143)) - f755b87f-3959-4e40-9945-0ecb4afd44e3: start LeaderElection
2019-09-28 01:15:29,991 [f755b87f-3959-4e40-9945-0ecb4afd44e3@group-A98C51DCDA50:LeaderElection66] INFO  impl.LeaderElection (LeaderElection.java:askForVotes(182)) - f755b87f-3959-4e40-9945-0ecb4afd44e3@group-A98C51DCDA50:LeaderElection66: begin an election at term 4 for 0: [bebff722-814a-4b18-9865-974a3449574f:192.168.151.82:34194, 30802873-5cdc-4a1f-a873-68d0f5360ef3:192.168.151.82:38416, f755b87f-3959-4e40-9945-0ecb4afd44e3:192.168.151.82:46859], old=null
2019-09-28 01:15:29,998 [grpc-default-executor-3] INFO  impl.RaftServerImpl (RaftServerImpl.java:setRole(174)) - bebff722-814a-4b18-9865-974a3449574f@group-A98C51DCDA50: changes role from  FOLLOWER to FOLLOWER at term 4 for recognizeCandidate:f755b87f-3959-4e40-9945-0ecb4afd44e3
2019-09-28 01:15:29,998 [grpc-default-executor-1] INFO  impl.RaftServerImpl (RaftServerImpl.java:setRole(174)) - 30802873-5cdc-4a1f-a873-68d0f5360ef3@group-A98C51DCDA50: changes role from  FOLLOWER to FOLLOWER at term 4 for recognizeCandidate:f755b87f-3959-4e40-9945-0ecb4afd44e3
2019-09-28 01:15:29,998 [grpc-default-executor-3] INFO  impl.RoleInfo (RoleInfo.java:shutdownFollowerState(121)) - bebff722-814a-4b18-9865-974a3449574f: shutdown FollowerState
2019-09-28 01:15:29,998 [grpc-default-executor-1] INFO  impl.RoleInfo (RoleInfo.java:shutdownFollowerState(121)) - 30802873-5cdc-4a1f-a873-68d0f5360ef3: shutdown FollowerState
2019-09-28 01:15:29,999 [Thread-2374] INFO  impl.FollowerState (FollowerState.java:run(115)) - bebff722-814a-4b18-9865-974a3449574f: FollowerState was interrupted: java.lang.InterruptedException: sleep interrupted
2019-09-28 01:15:29,999 [Thread-2376] INFO  impl.FollowerState (FollowerState.java:run(115)) - 30802873-5cdc-4a1f-a873-68d0f5360ef3: FollowerState was interrupted: java.lang.InterruptedException: sleep interrupted
2019-09-28 01:15:29,998 [grpc-default-executor-3] INFO  impl.RoleInfo (RoleInfo.java:updateAndGet(143)) - bebff722-814a-4b18-9865-974a3449574f: start FollowerState
2019-09-28 01:15:29,999 [grpc-default-executor-1] INFO  impl.RoleInfo (RoleInfo.java:updateAndGet(143)) - 30802873-5cdc-4a1f-a873-68d0f5360ef3: start FollowerState
2019-09-28 01:15:30,020 [f755b87f-3959-4e40-9945-0ecb4afd44e3@group-A98C51DCDA50:LeaderElection66] INFO  impl.LeaderElection (LeaderElection.java:logAndReturn(56)) - f755b87f-3959-4e40-9945-0ecb4afd44e3@group-A98C51DCDA50:LeaderElection66: Election PASSED; received 1 response(s) [f755b87f-3959-4e40-9945-0ecb4afd44e3<-bebff722-814a-4b18-9865-974a3449574f#0:OK-t4] and 0 exception(s); f755b87f-3959-4e40-9945-0ecb4afd44e3@group-A98C51DCDA50:t4, leader=null, voted=f755b87f-3959-4e40-9945-0ecb4afd44e3, raftlog=f755b87f-3959-4e40-9945-0ecb4afd44e3@group-A98C51DCDA50-SegmentedRaftLog:OPENED:c-1,f0,i0, conf=0: [bebff722-814a-4b18-9865-974a3449574f:192.168.151.82:34194, 30802873-5cdc-4a1f-a873-68d0f5360ef3:192.168.151.82:38416, f755b87f-3959-4e40-9945-0ecb4afd44e3:192.168.151.82:46859], old=null
2019-09-28 01:15:30,021 [f755b87f-3959-4e40-9945-0ecb4afd44e3@group-A98C51DCDA50:LeaderElection66] INFO  impl.RoleInfo (RoleInfo.java:shutdownLeaderElection(134)) - f755b87f-3959-4e40-9945-0ecb4afd44e3: shutdown LeaderElection
2019-09-28 01:15:30,021 [f755b87f-3959-4e40-9945-0ecb4afd44e3@group-A98C51DCDA50:LeaderElection66] INFO  impl.RaftServerImpl (RaftServerImpl.java:setRole(174)) - f755b87f-3959-4e40-9945-0ecb4afd44e3@group-A98C51DCDA50: changes role from CANDIDATE to LEADER at term 4 for changeToLeader
2019-09-28 01:15:30,021 [f755b87f-3959-4e40-9945-0ecb4afd44e3@group-A98C51DCDA50:LeaderElection66] INFO  impl.RaftServerImpl (ServerState.java:setLeader(253)) - f755b87f-3959-4e40-9945-0ecb4afd44e3@group-A98C51DCDA50: change Leader from null to f755b87f-3959-4e40-9945-0ecb4afd44e3 at term 4 for becomeLeader, leader elected after 2168ms
2019-09-28 01:15:30,021 [f755b87f-3959-4e40-9945-0ecb4afd44e3@group-A98C51DCDA50:LeaderElection66] INFO  server.RaftServerConfigKeys (ConfUtils.java:logGet(43)) - raft.server.staging.catchup.gap = 1000 (default)
2019-09-28 01:15:30,021 [f755b87f-3959-4e40-9945-0ecb4afd44e3@group-A98C51DCDA50:LeaderElection66] INFO  server.RaftServerConfigKeys (ConfUtils.java:logGet(43)) - raft.server.rpc.sleep.time = 25ms (default)
2019-09-28 01:15:30,022 [f755b87f-3959-4e40-9945-0ecb4afd44e3@group-A98C51DCDA50:LeaderElection66] INFO  server.RaftServerConfigKeys (ConfUtils.java:logGet(43)) - raft.server.write.element-limit = 4096 (default)
2019-09-28 01:15:30,022 [f755b87f-3959-4e40-9945-0ecb4afd44e3@group-A98C51DCDA50:LeaderElection66] INFO  server.RaftServerConfigKeys (ConfUtils.java:logGet(43)) - raft.server.watch.timeout = 10s (default)
2019-09-28 01:15:30,022 [f755b87f-3959-4e40-9945-0ecb4afd44e3@group-A98C51DCDA50:LeaderElection66] INFO  server.RaftServerConfigKeys (ConfUtils.java:logGet(43)) - raft.server.watch.timeout.denomination = 1s (default)
2019-09-28 01:15:30,022 [f755b87f-3959-4e40-9945-0ecb4afd44e3@group-A98C51DCDA50:LeaderElection66] INFO  server.RaftServerConfigKeys (ConfUtils.java:logGet(43)) - raft.server.watch.element-limit = 65536 (default)
2019-09-28 01:15:30,023 [f755b87f-3959-4e40-9945-0ecb4afd44e3@group-A98C51DCDA50:LeaderElection66] INFO  server.RaftServerConfigKeys (ConfUtils.java:logGet(43)) - raft.server.log.appender.snapshot.chunk.size.max = 16MB (=16777216) (default)
2019-09-28 01:15:30,023 [f755b87f-3959-4e40-9945-0ecb4afd44e3@group-A98C51DCDA50:LeaderElection66] INFO  server.RaftServerConfigKeys (ConfUtils.java:logGet(43)) - raft.server.log.appender.buffer.byte-limit = 33554432 (custom)
2019-09-28 01:15:30,023 [f755b87f-3959-4e40-9945-0ecb4afd44e3@group-A98C51DCDA50:LeaderElection66] INFO  server.RaftServerConfigKeys (ConfUtils.java:logGet(43)) - raft.server.log.appender.buffer.element-limit = 1 (custom)
2019-09-28 01:15:30,024 [f755b87f-3959-4e40-9945-0ecb4afd44e3@group-A98C51DCDA50:LeaderElection66] INFO  grpc.GrpcConfigKeys$Server (ConfUtils.java:logGet(43)) - raft.grpc.server.leader.outstanding.appends.max = 128 (default)
2019-09-28 01:15:30,024 [f755b87f-3959-4e40-9945-0ecb4afd44e3@group-A98C51DCDA50:LeaderElection66] INFO  server.RaftServerConfigKeys (ConfUtils.java:logGet(43)) - raft.server.rpc.request.timeout = 3000ms (default)
2019-09-28 01:15:30,024 [f755b87f-3959-4e40-9945-0ecb4afd44e3@group-A98C51DCDA50:LeaderElection66] INFO  server.RaftServerConfigKeys (ConfUtils.java:logGet(43)) - raft.server.log.appender.install.snapshot.enabled = false (custom)
2019-09-28 01:15:30,024 [f755b87f-3959-4e40-9945-0ecb4afd44e3@group-A98C51DCDA50:LeaderElection66] INFO  server.RaftServerConfigKeys (ConfUtils.java:logGet(43)) - raft.server.log.appender.snapshot.chunk.size.max = 16MB (=16777216) (default)
2019-09-28 01:15:30,025 [f755b87f-3959-4e40-9945-0ecb4afd44e3@group-A98C51DCDA50:LeaderElection66] INFO  server.RaftServerConfigKeys (ConfUtils.java:logGet(43)) - raft.server.log.appender.buffer.byte-limit = 33554432 (custom)
2019-09-28 01:15:30,025 [f755b87f-3959-4e40-9945-0ecb4afd44e3@group-A98C51DCDA50:LeaderElection66] INFO  server.RaftServerConfigKeys (ConfUtils.java:logGet(43)) - raft.server.log.appender.buffer.element-limit = 1 (custom)
2019-09-28 01:15:30,025 [f755b87f-3959-4e40-9945-0ecb4afd44e3@group-A98C51DCDA50:LeaderElection66] INFO  grpc.GrpcConfigKeys$Server (ConfUtils.java:logGet(43)) - raft.grpc.server.leader.outstanding.appends.max = 128 (default)
2019-09-28 01:15:30,025 [f755b87f-3959-4e40-9945-0ecb4afd44e3@group-A98C51DCDA50:LeaderElection66] INFO  server.RaftServerConfigKeys (ConfUtils.java:logGet(43)) - raft.server.rpc.request.timeout = 3000ms (default)
2019-09-28 01:15:30,025 [f755b87f-3959-4e40-9945-0ecb4afd44e3@group-A98C51DCDA50:LeaderElection66] INFO  server.RaftServerConfigKeys (ConfUtils.java:logGet(43)) - raft.server.log.appender.install.snapshot.enabled = false (custom)
2019-09-28 01:15:30,026 [f755b87f-3959-4e40-9945-0ecb4afd44e3@group-A98C51DCDA50:LeaderElection66] INFO  impl.RoleInfo (RoleInfo.java:updateAndGet(143)) - f755b87f-3959-4e40-9945-0ecb4afd44e3: start LeaderState
2019-09-28 01:15:30,026 [f755b87f-3959-4e40-9945-0ecb4afd44e3@group-A98C51DCDA50:LeaderElection66] INFO  segmented.SegmentedRaftLogWorker (SegmentedRaftLogWorker.java:rollLogSegment(385)) - f755b87f-3959-4e40-9945-0ecb4afd44e3@group-A98C51DCDA50-SegmentedRaftLogWorker: Rolling segment log-0_0 to index:0
2019-09-28 01:15:30,027 [f755b87f-3959-4e40-9945-0ecb4afd44e3@group-A98C51DCDA50-SegmentedRaftLogWorker] INFO  segmented.SegmentedRaftLogWorker (SegmentedRaftLogWorker.java:execute(526)) - f755b87f-3959-4e40-9945-0ecb4afd44e3@group-A98C51DCDA50-SegmentedRaftLogWorker: Rolled log segment from /workdir/hadoop-ozone/integration-test/target/test-dir/MiniOzoneClusterImpl-d0fea965-b787-49be-9c96-deb71f4b2c88/datanode-6/data/ratis/f00bc439-0426-48aa-bb7e-a98c51dcda50/current/log_inprogress_0 to /workdir/hadoop-ozone/integration-test/target/test-dir/MiniOzoneClusterImpl-d0fea965-b787-49be-9c96-deb71f4b2c88/datanode-6/data/ratis/f00bc439-0426-48aa-bb7e-a98c51dcda50/current/log_0-0
2019-09-28 01:15:30,027 [f755b87f-3959-4e40-9945-0ecb4afd44e3@group-A98C51DCDA50:LeaderElection66] INFO  impl.RaftServerImpl (ServerState.java:setRaftConf(354)) - f755b87f-3959-4e40-9945-0ecb4afd44e3@group-A98C51DCDA50: set configuration 1: [bebff722-814a-4b18-9865-974a3449574f:192.168.151.82:34194, 30802873-5cdc-4a1f-a873-68d0f5360ef3:192.168.151.82:38416, f755b87f-3959-4e40-9945-0ecb4afd44e3:192.168.151.82:46859], old=null at 1
2019-09-28 01:15:30,028 [grpc-default-executor-3] INFO  impl.RaftServerImpl (ServerState.java:setLeader(253)) - bebff722-814a-4b18-9865-974a3449574f@group-A98C51DCDA50: change Leader from null to f755b87f-3959-4e40-9945-0ecb4afd44e3 at term 4 for appendEntries, leader elected after 2176ms
2019-09-28 01:15:30,029 [grpc-default-executor-1] INFO  impl.RaftServerImpl (ServerState.java:setLeader(253)) - 30802873-5cdc-4a1f-a873-68d0f5360ef3@group-A98C51DCDA50: change Leader from null to f755b87f-3959-4e40-9945-0ecb4afd44e3 at term 4 for appendEntries, leader elected after 3411ms
2019-09-28 01:15:30,029 [grpc-default-executor-1] INFO  impl.RaftServerImpl (RaftServerImpl.java:checkInconsistentAppendEntries(1003)) - 30802873-5cdc-4a1f-a873-68d0f5360ef3@group-A98C51DCDA50: Failed appendEntries as previous log entry ((t:1, i:0)) is not found
2019-09-28 01:15:30,029 [grpc-default-executor-1] INFO  impl.RaftServerImpl (RaftServerImpl.java:checkInconsistentAppendEntries(976)) - 30802873-5cdc-4a1f-a873-68d0f5360ef3@group-A98C51DCDA50: inconsistency entries. Reply:f755b87f-3959-4e40-9945-0ecb4afd44e3<-30802873-5cdc-4a1f-a873-68d0f5360ef3#0:FAIL,INCONSISTENCY,nextIndex:0,term:4,followerCommit:-1
2019-09-28 01:15:30,031 [grpc-default-executor-1] INFO  impl.RaftServerImpl (ServerState.java:setRaftConf(354)) - bebff722-814a-4b18-9865-974a3449574f@group-A98C51DCDA50: set configuration 1: [bebff722-814a-4b18-9865-974a3449574f:192.168.151.82:34194, 30802873-5cdc-4a1f-a873-68d0f5360ef3:192.168.151.82:38416, f755b87f-3959-4e40-9945-0ecb4afd44e3:192.168.151.82:46859], old=null at 1
2019-09-28 01:15:30,031 [grpc-default-executor-1] INFO  segmented.SegmentedRaftLogWorker (SegmentedRaftLogWorker.java:rollLogSegment(385)) - bebff722-814a-4b18-9865-974a3449574f@group-A98C51DCDA50-SegmentedRaftLogWorker: Rolling segment log-0_0 to index:0
2019-09-28 01:15:30,032 [grpc-default-executor-3] INFO  impl.FollowerInfo (FollowerInfo.java:lambda$new$0(51)) - f755b87f-3959-4e40-9945-0ecb4afd44e3@group-A98C51DCDA50->30802873-5cdc-4a1f-a873-68d0f5360ef3: nextIndex: updateUnconditionally 1 -> 0
2019-09-28 01:15:30,032 [bebff722-814a-4b18-9865-974a3449574f@group-A98C51DCDA50-SegmentedRaftLogWorker] INFO  segmented.SegmentedRaftLogWorker (SegmentedRaftLogWorker.java:execute(526)) - bebff722-814a-4b18-9865-974a3449574f@group-A98C51DCDA50-SegmentedRaftLogWorker: Rolled log segment from /workdir/hadoop-ozone/integration-test/target/test-dir/MiniOzoneClusterImpl-d0fea965-b787-49be-9c96-deb71f4b2c88/datanode-7/data/ratis/f00bc439-0426-48aa-bb7e-a98c51dcda50/current/log_inprogress_0 to /workdir/hadoop-ozone/integration-test/target/test-dir/MiniOzoneClusterImpl-d0fea965-b787-49be-9c96-deb71f4b2c88/datanode-7/data/ratis/f00bc439-0426-48aa-bb7e-a98c51dcda50/current/log_0-0
2019-09-28 01:15:30,033 [grpc-default-executor-3] INFO  impl.RaftServerImpl (ServerState.java:setRaftConf(354)) - 30802873-5cdc-4a1f-a873-68d0f5360ef3@group-A98C51DCDA50: set configuration 0: [bebff722-814a-4b18-9865-974a3449574f:192.168.151.82:34194, 30802873-5cdc-4a1f-a873-68d0f5360ef3:192.168.151.82:38416, f755b87f-3959-4e40-9945-0ecb4afd44e3:192.168.151.82:46859], old=null at 0
2019-09-28 01:15:30,033 [grpc-default-executor-3] INFO  segmented.SegmentedRaftLogWorker (SegmentedRaftLogWorker.java:startLogSegment(380)) - 30802873-5cdc-4a1f-a873-68d0f5360ef3@group-A98C51DCDA50-SegmentedRaftLogWorker: Starting segment from index:0
2019-09-28 01:15:30,034 [grpc-default-executor-3] INFO  impl.RaftServerImpl (ServerState.java:setRaftConf(354)) - 30802873-5cdc-4a1f-a873-68d0f5360ef3@group-A98C51DCDA50: set configuration 1: [bebff722-814a-4b18-9865-974a3449574f:192.168.151.82:34194, 30802873-5cdc-4a1f-a873-68d0f5360ef3:192.168.151.82:38416, f755b87f-3959-4e40-9945-0ecb4afd44e3:192.168.151.82:46859], old=null at 1
2019-09-28 01:15:30,034 [grpc-default-executor-3] INFO  segmented.SegmentedRaftLogWorker (SegmentedRaftLogWorker.java:rollLogSegment(385)) - 30802873-5cdc-4a1f-a873-68d0f5360ef3@group-A98C51DCDA50-SegmentedRaftLogWorker: Rolling segment log-0_0 to index:0
2019-09-28 01:15:30,095 [bebff722-814a-4b18-9865-974a3449574f@group-A98C51DCDA50-SegmentedRaftLogWorker] INFO  segmented.SegmentedRaftLogWorker (SegmentedRaftLogWorker.java:execute(569)) - bebff722-814a-4b18-9865-974a3449574f@group-A98C51DCDA50-SegmentedRaftLogWorker: created new log segment /workdir/hadoop-ozone/integration-test/target/test-dir/MiniOzoneClusterImpl-d0fea965-b787-49be-9c96-deb71f4b2c88/datanode-7/data/ratis/f00bc439-0426-48aa-bb7e-a98c51dcda50/current/log_inprogress_1
2019-09-28 01:15:30,095 [f755b87f-3959-4e40-9945-0ecb4afd44e3@group-A98C51DCDA50-SegmentedRaftLogWorker] INFO  segmented.SegmentedRaftLogWorker (SegmentedRaftLogWorker.java:execute(569)) - f755b87f-3959-4e40-9945-0ecb4afd44e3@group-A98C51DCDA50-SegmentedRaftLogWorker: created new log segment /workdir/hadoop-ozone/integration-test/target/test-dir/MiniOzoneClusterImpl-d0fea965-b787-49be-9c96-deb71f4b2c88/datanode-6/data/ratis/f00bc439-0426-48aa-bb7e-a98c51dcda50/current/log_inprogress_1
2019-09-28 01:15:30,095 [30802873-5cdc-4a1f-a873-68d0f5360ef3@group-A98C51DCDA50-SegmentedRaftLogWorker] INFO  segmented.SegmentedRaftLogWorker (SegmentedRaftLogWorker.java:execute(569)) - 30802873-5cdc-4a1f-a873-68d0f5360ef3@group-A98C51DCDA50-SegmentedRaftLogWorker: created new log segment /workdir/hadoop-ozone/integration-test/target/test-dir/MiniOzoneClusterImpl-d0fea965-b787-49be-9c96-deb71f4b2c88/datanode-4/data/ratis/f00bc439-0426-48aa-bb7e-a98c51dcda50/current/log_inprogress_0
2019-09-28 01:15:30,107 [30802873-5cdc-4a1f-a873-68d0f5360ef3@group-A98C51DCDA50-SegmentedRaftLogWorker] INFO  segmented.SegmentedRaftLogWorker (SegmentedRaftLogWorker.java:execute(526)) - 30802873-5cdc-4a1f-a873-68d0f5360ef3@group-A98C51DCDA50-SegmentedRaftLogWorker: Rolled log segment from /workdir/hadoop-ozone/integration-test/target/test-dir/MiniOzoneClusterImpl-d0fea965-b787-49be-9c96-deb71f4b2c88/datanode-4/data/ratis/f00bc439-0426-48aa-bb7e-a98c51dcda50/current/log_inprogress_0 to /workdir/hadoop-ozone/integration-test/target/test-dir/MiniOzoneClusterImpl-d0fea965-b787-49be-9c96-deb71f4b2c88/datanode-4/data/ratis/f00bc439-0426-48aa-bb7e-a98c51dcda50/current/log_0-0
2019-09-28 01:15:30,158 [30802873-5cdc-4a1f-a873-68d0f5360ef3@group-A98C51DCDA50-SegmentedRaftLogWorker] INFO  segmented.SegmentedRaftLogWorker (SegmentedRaftLogWorker.java:execute(569)) - 30802873-5cdc-4a1f-a873-68d0f5360ef3@group-A98C51DCDA50-SegmentedRaftLogWorker: created new log segment /workdir/hadoop-ozone/integration-test/target/test-dir/MiniOzoneClusterImpl-d0fea965-b787-49be-9c96-deb71f4b2c88/datanode-4/data/ratis/f00bc439-0426-48aa-bb7e-a98c51dcda50/current/log_inprogress_1
2019-09-28 01:15:30,433 [main] INFO  ipc.Client (Client.java:handleConnectionFailure(948)) - Retrying connect to server: localhost/127.0.0.1:0. Already tried 3 time(s); retry policy is RetryUpToMaximumCountWithFixedSleep(maxRetries=10, sleepTime=1000 MILLISECONDS)
2019-09-28 01:15:31,434 [main] INFO  ipc.Client (Client.java:handleConnectionFailure(948)) - Retrying connect to server: localhost/127.0.0.1:0. Already tried 4 time(s); retry policy is RetryUpToMaximumCountWithFixedSleep(maxRetries=10, sleepTime=1000 MILLISECONDS)
2019-09-28 01:15:32,436 [main] INFO  ipc.Client (Client.java:handleConnectionFailure(948)) - Retrying connect to server: localhost/127.0.0.1:0. Already tried 5 time(s); retry policy is RetryUpToMaximumCountWithFixedSleep(maxRetries=10, sleepTime=1000 MILLISECONDS)
2019-09-28 01:15:33,437 [main] INFO  ipc.Client (Client.java:handleConnectionFailure(948)) - Retrying connect to server: localhost/127.0.0.1:0. Already tried 6 time(s); retry policy is RetryUpToMaximumCountWithFixedSleep(maxRetries=10, sleepTime=1000 MILLISECONDS)
2019-09-28 01:15:34,439 [main] INFO  ipc.Client (Client.java:handleConnectionFailure(948)) - Retrying connect to server: localhost/127.0.0.1:0. Already tried 7 time(s); retry policy is RetryUpToMaximumCountWithFixedSleep(maxRetries=10, sleepTime=1000 MILLISECONDS)
2019-09-28 01:15:35,440 [main] INFO  ipc.Client (Client.java:handleConnectionFailure(948)) - Retrying connect to server: localhost/127.0.0.1:0. Already tried 8 time(s); retry policy is RetryUpToMaximumCountWithFixedSleep(maxRetries=10, sleepTime=1000 MILLISECONDS)
2019-09-28 01:15:36,441 [main] INFO  ipc.Client (Client.java:handleConnectionFailure(948)) - Retrying connect to server: localhost/127.0.0.1:0. Already tried 9 time(s); retry policy is RetryUpToMaximumCountWithFixedSleep(maxRetries=10, sleepTime=1000 MILLISECONDS)
2019-09-28 01:15:37,444 [main] INFO  ipc.Client (Client.java:handleConnectionFailure(948)) - Retrying connect to server: localhost/127.0.0.1:0. Already tried 0 time(s); retry policy is RetryUpToMaximumCountWithFixedSleep(maxRetries=10, sleepTime=1000 MILLISECONDS)
2019-09-28 01:15:38,445 [main] INFO  ipc.Client (Client.java:handleConnectionFailure(948)) - Retrying connect to server: localhost/127.0.0.1:0. Already tried 1 time(s); retry policy is RetryUpToMaximumCountWithFixedSleep(maxRetries=10, sleepTime=1000 MILLISECONDS)
2019-09-28 01:15:39,460 [main] INFO  ipc.Client (Client.java:handleConnectionFailure(948)) - Retrying connect to server: localhost/127.0.0.1:0. Already tried 2 time(s); retry policy is RetryUpToMaximumCountWithFixedSleep(maxRetries=10, sleepTime=1000 MILLISECONDS)
2019-09-28 01:15:40,472 [main] INFO  ipc.Client (Client.java:handleConnectionFailure(948)) - Retrying connect to server: localhost/127.0.0.1:0. Already tried 3 time(s); retry policy is RetryUpToMaximumCountWithFixedSleep(maxRetries=10, sleepTime=1000 MILLISECONDS)
2019-09-28 01:15:41,477 [main] INFO  ipc.Client (Client.java:handleConnectionFailure(948)) - Retrying connect to server: localhost/127.0.0.1:0. Already tried 4 time(s); retry policy is RetryUpToMaximumCountWithFixedSleep(maxRetries=10, sleepTime=1000 MILLISECONDS)
2019-09-28 01:15:42,479 [main] INFO  ipc.Client (Client.java:handleConnectionFailure(948)) - Retrying connect to server: localhost/127.0.0.1:0. Already tried 5 time(s); retry policy is RetryUpToMaximumCountWithFixedSleep(maxRetries=10, sleepTime=1000 MILLISECONDS)
2019-09-28 01:15:43,482 [main] INFO  ipc.Client (Client.java:handleConnectionFailure(948)) - Retrying connect to server: localhost/127.0.0.1:0. Already tried 6 time(s); retry policy is RetryUpToMaximumCountWithFixedSleep(maxRetries=10, sleepTime=1000 MILLISECONDS)
2019-09-28 01:15:44,493 [main] INFO  ipc.Client (Client.java:handleConnectionFailure(948)) - Retrying connect to server: localhost/127.0.0.1:0. Already tried 7 time(s); retry policy is RetryUpToMaximumCountWithFixedSleep(maxRetries=10, sleepTime=1000 MILLISECONDS)
2019-09-28 01:15:45,498 [main] INFO  ipc.Client (Client.java:handleConnectionFailure(948)) - Retrying connect to server: localhost/127.0.0.1:0. Already tried 8 time(s); retry policy is RetryUpToMaximumCountWithFixedSleep(maxRetries=10, sleepTime=1000 MILLISECONDS)
2019-09-28 01:15:46,503 [main] INFO  ipc.Client (Client.java:handleConnectionFailure(948)) - Retrying connect to server: localhost/127.0.0.1:0. Already tried 9 time(s); retry policy is RetryUpToMaximumCountWithFixedSleep(maxRetries=10, sleepTime=1000 MILLISECONDS)
2019-09-28 01:15:46,505 [main] INFO  retry.RetryInvocationHandler (RetryInvocationHandler.java:log(411)) - com.google.protobuf.ServiceException: java.net.ConnectException: Your endpoint configuration is wrong; For more details see:  http://wiki.apache.org/hadoop/UnsetHostnameOrPort, while invoking $Proxy35.submitRequest over nodeId=null,nodeAddress=127.0.0.1:0 after 1 failover attempts. Trying to failover immediately.
2019-09-28 01:15:47,506 [main] INFO  ipc.Client (Client.java:handleConnectionFailure(948)) - Retrying connect to server: localhost/127.0.0.1:0. Already tried 0 time(s); retry policy is RetryUpToMaximumCountWithFixedSleep(maxRetries=10, sleepTime=1000 MILLISECONDS)
2019-09-28 01:15:48,508 [main] INFO  ipc.Client (Client.java:handleConnectionFailure(948)) - Retrying connect to server: localhost/127.0.0.1:0. Already tried 1 time(s); retry policy is RetryUpToMaximumCountWithFixedSleep(maxRetries=10, sleepTime=1000 MILLISECONDS)
2019-09-28 01:15:49,509 [main] INFO  ipc.Client (Client.java:handleConnectionFailure(948)) - Retrying connect to server: localhost/127.0.0.1:0. Already tried 2 time(s); retry policy is RetryUpToMaximumCountWithFixedSleep(maxRetries=10, sleepTime=1000 MILLISECONDS)
2019-09-28 01:15:50,511 [main] INFO  ipc.Client (Client.java:handleConnectionFailure(948)) - Retrying connect to server: localhost/127.0.0.1:0. Already tried 3 time(s); retry policy is RetryUpToMaximumCountWithFixedSleep(maxRetries=10, sleepTime=1000 MILLISECONDS)
2019-09-28 01:15:51,512 [main] INFO  ipc.Client (Client.java:handleConnectionFailure(948)) - Retrying connect to server: localhost/127.0.0.1:0. Already tried 4 time(s); retry policy is RetryUpToMaximumCountWithFixedSleep(maxRetries=10, sleepTime=1000 MILLISECONDS)
2019-09-28 01:15:52,513 [main] INFO  ipc.Client (Client.java:handleConnectionFailure(948)) - Retrying connect to server: localhost/127.0.0.1:0. Already tried 5 time(s); retry policy is RetryUpToMaximumCountWithFixedSleep(maxRetries=10, sleepTime=1000 MILLISECONDS)
2019-09-28 01:15:53,515 [main] INFO  ipc.Client (Client.java:handleConnectionFailure(948)) - Retrying connect to server: localhost/127.0.0.1:0. Already tried 6 time(s); retry policy is RetryUpToMaximumCountWithFixedSleep(maxRetries=10, sleepTime=1000 MILLISECONDS)
2019-09-28 01:15:54,518 [main] INFO  ipc.Client (Client.java:handleConnectionFailure(948)) - Retrying connect to server: localhost/127.0.0.1:0. Already tried 7 time(s); retry policy is RetryUpToMaximumCountWithFixedSleep(maxRetries=10, sleepTime=1000 MILLISECONDS)
2019-09-28 01:15:55,523 [main] INFO  ipc.Client (Client.java:handleConnectionFailure(948)) - Retrying connect to server: localhost/127.0.0.1:0. Already tried 8 time(s); retry policy is RetryUpToMaximumCountWithFixedSleep(maxRetries=10, sleepTime=1000 MILLISECONDS)
2019-09-28 01:15:56,528 [main] INFO  ipc.Client (Client.java:handleConnectionFailure(948)) - Retrying connect to server: localhost/127.0.0.1:0. Already tried 9 time(s); retry policy is RetryUpToMaximumCountWithFixedSleep(maxRetries=10, sleepTime=1000 MILLISECONDS)
2019-09-28 01:15:56,530 [main] INFO  retry.RetryInvocationHandler (RetryInvocationHandler.java:log(411)) - com.google.protobuf.ServiceException: java.net.ConnectException: Your endpoint configuration is wrong; For more details see:  http://wiki.apache.org/hadoop/UnsetHostnameOrPort, while invoking $Proxy35.submitRequest over nodeId=null,nodeAddress=127.0.0.1:0 after 2 failover attempts. Trying to failover immediately.
2019-09-28 01:15:57,531 [main] INFO  ipc.Client (Client.java:handleConnectionFailure(948)) - Retrying connect to server: localhost/127.0.0.1:0. Already tried 0 time(s); retry policy is RetryUpToMaximumCountWithFixedSleep(maxRetries=10, sleepTime=1000 MILLISECONDS)
2019-09-28 01:15:58,533 [main] INFO  ipc.Client (Client.java:handleConnectionFailure(948)) - Retrying connect to server: localhost/127.0.0.1:0. Already tried 1 time(s); retry policy is RetryUpToMaximumCountWithFixedSleep(maxRetries=10, sleepTime=1000 MILLISECONDS)
2019-09-28 01:15:59,534 [main] INFO  ipc.Client (Client.java:handleConnectionFailure(948)) - Retrying connect to server: localhost/127.0.0.1:0. Already tried 2 time(s); retry policy is RetryUpToMaximumCountWithFixedSleep(maxRetries=10, sleepTime=1000 MILLISECONDS)
2019-09-28 01:16:00,536 [main] INFO  ipc.Client (Client.java:handleConnectionFailure(948)) - Retrying connect to server: localhost/127.0.0.1:0. Already tried 3 time(s); retry policy is RetryUpToMaximumCountWithFixedSleep(maxRetries=10, sleepTime=1000 MILLISECONDS)
2019-09-28 01:16:01,543 [main] INFO  ipc.Client (Client.java:handleConnectionFailure(948)) - Retrying connect to server: localhost/127.0.0.1:0. Already tried 4 time(s); retry policy is RetryUpToMaximumCountWithFixedSleep(maxRetries=10, sleepTime=1000 MILLISECONDS)
2019-09-28 01:16:02,546 [main] INFO  ipc.Client (Client.java:handleConnectionFailure(948)) - Retrying connect to server: localhost/127.0.0.1:0. Already tried 5 time(s); retry policy is RetryUpToMaximumCountWithFixedSleep(maxRetries=10, sleepTime=1000 MILLISECONDS)
2019-09-28 01:16:03,548 [main] INFO  ipc.Client (Client.java:handleConnectionFailure(948)) - Retrying connect to server: localhost/127.0.0.1:0. Already tried 6 time(s); retry policy is RetryUpToMaximumCountWithFixedSleep(maxRetries=10, sleepTime=1000 MILLISECONDS)
2019-09-28 01:16:04,549 [main] INFO  ipc.Client (Client.java:handleConnectionFailure(948)) - Retrying connect to server: localhost/127.0.0.1:0. Already tried 7 time(s); retry policy is RetryUpToMaximumCountWithFixedSleep(maxRetries=10, sleepTime=1000 MILLISECONDS)
2019-09-28 01:16:05,550 [main] INFO  ipc.Client (Client.java:handleConnectionFailure(948)) - Retrying connect to server: localhost/127.0.0.1:0. Already tried 8 time(s); retry policy is RetryUpToMaximumCountWithFixedSleep(maxRetries=10, sleepTime=1000 MILLISECONDS)
2019-09-28 01:16:06,552 [main] INFO  ipc.Client (Client.java:handleConnectionFailure(948)) - Retrying connect to server: localhost/127.0.0.1:0. Already tried 9 time(s); retry policy is RetryUpToMaximumCountWithFixedSleep(maxRetries=10, sleepTime=1000 MILLISECONDS)
2019-09-28 01:16:06,554 [main] INFO  retry.RetryInvocationHandler (RetryInvocationHandler.java:log(411)) - com.google.protobuf.ServiceException: java.net.ConnectException: Your endpoint configuration is wrong; For more details see:  http://wiki.apache.org/hadoop/UnsetHostnameOrPort, while invoking $Proxy35.submitRequest over nodeId=null,nodeAddress=127.0.0.1:0 after 3 failover attempts. Trying to failover immediately.
2019-09-28 01:16:07,557 [main] INFO  ipc.Client (Client.java:handleConnectionFailure(948)) - Retrying connect to server: localhost/127.0.0.1:0. Already tried 0 time(s); retry policy is RetryUpToMaximumCountWithFixedSleep(maxRetries=10, sleepTime=1000 MILLISECONDS)
2019-09-28 01:16:08,562 [main] INFO  ipc.Client (Client.java:handleConnectionFailure(948)) - Retrying connect to server: localhost/127.0.0.1:0. Already tried 1 time(s); retry policy is RetryUpToMaximumCountWithFixedSleep(maxRetries=10, sleepTime=1000 MILLISECONDS)
2019-09-28 01:16:09,566 [main] INFO  ipc.Client (Client.java:handleConnectionFailure(948)) - Retrying connect to server: localhost/127.0.0.1:0. Already tried 2 time(s); retry policy is RetryUpToMaximumCountWithFixedSleep(maxRetries=10, sleepTime=1000 MILLISECONDS)
2019-09-28 01:16:10,571 [main] INFO  ipc.Client (Client.java:handleConnectionFailure(948)) - Retrying connect to server: localhost/127.0.0.1:0. Already tried 3 time(s); retry policy is RetryUpToMaximumCountWithFixedSleep(maxRetries=10, sleepTime=1000 MILLISECONDS)
2019-09-28 01:16:11,576 [main] INFO  ipc.Client (Client.java:handleConnectionFailure(948)) - Retrying connect to server: localhost/127.0.0.1:0. Already tried 4 time(s); retry policy is RetryUpToMaximumCountWithFixedSleep(maxRetries=10, sleepTime=1000 MILLISECONDS)
2019-09-28 01:16:12,577 [main] INFO  ipc.Client (Client.java:handleConnectionFailure(948)) - Retrying connect to server: localhost/127.0.0.1:0. Already tried 5 time(s); retry policy is RetryUpToMaximumCountWithFixedSleep(maxRetries=10, sleepTime=1000 MILLISECONDS)
2019-09-28 01:16:13,581 [main] INFO  ipc.Client (Client.java:handleConnectionFailure(948)) - Retrying connect to server: localhost/127.0.0.1:0. Already tried 6 time(s); retry policy is RetryUpToMaximumCountWithFixedSleep(maxRetries=10, sleepTime=1000 MILLISECONDS)
2019-09-28 01:16:14,582 [main] INFO  ipc.Client (Client.java:handleConnectionFailure(948)) - Retrying connect to server: localhost/127.0.0.1:0. Already tried 7 time(s); retry policy is RetryUpToMaximumCountWithFixedSleep(maxRetries=10, sleepTime=1000 MILLISECONDS)
2019-09-28 01:16:15,583 [main] INFO  ipc.Client (Client.java:handleConnectionFailure(948)) - Retrying connect to server: localhost/127.0.0.1:0. Already tried 8 time(s); retry policy is RetryUpToMaximumCountWithFixedSleep(maxRetries=10, sleepTime=1000 MILLISECONDS)
2019-09-28 01:16:16,585 [main] INFO  ipc.Client (Client.java:handleConnectionFailure(948)) - Retrying connect to server: localhost/127.0.0.1:0. Already tried 9 time(s); retry policy is RetryUpToMaximumCountWithFixedSleep(maxRetries=10, sleepTime=1000 MILLISECONDS)
2019-09-28 01:16:16,592 [main] INFO  retry.RetryInvocationHandler (RetryInvocationHandler.java:log(411)) - com.google.protobuf.ServiceException: java.net.ConnectException: Your endpoint configuration is wrong; For more details see:  http://wiki.apache.org/hadoop/UnsetHostnameOrPort, while invoking $Proxy35.submitRequest over nodeId=null,nodeAddress=127.0.0.1:0 after 4 failover attempts. Trying to failover immediately.
2019-09-28 01:16:17,623 [main] INFO  ipc.Client (Client.java:handleConnectionFailure(948)) - Retrying connect to server: localhost/127.0.0.1:0. Already tried 0 time(s); retry policy is RetryUpToMaximumCountWithFixedSleep(maxRetries=10, sleepTime=1000 MILLISECONDS)
2019-09-28 01:16:18,628 [main] INFO  ipc.Client (Client.java:handleConnectionFailure(948)) - Retrying connect to server: localhost/127.0.0.1:0. Already tried 1 time(s); retry policy is RetryUpToMaximumCountWithFixedSleep(maxRetries=10, sleepTime=1000 MILLISECONDS)
2019-09-28 01:16:19,633 [main] INFO  ipc.Client (Client.java:handleConnectionFailure(948)) - Retrying connect to server: localhost/127.0.0.1:0. Already tried 2 time(s); retry policy is RetryUpToMaximumCountWithFixedSleep(maxRetries=10, sleepTime=1000 MILLISECONDS)
2019-09-28 01:16:20,634 [main] INFO  ipc.Client (Client.java:handleConnectionFailure(948)) - Retrying connect to server: localhost/127.0.0.1:0. Already tried 3 time(s); retry policy is RetryUpToMaximumCountWithFixedSleep(maxRetries=10, sleepTime=1000 MILLISECONDS)
2019-09-28 01:16:21,639 [main] INFO  ipc.Client (Client.java:handleConnectionFailure(948)) - Retrying connect to server: localhost/127.0.0.1:0. Already tried 4 time(s); retry policy is RetryUpToMaximumCountWithFixedSleep(maxRetries=10, sleepTime=1000 MILLISECONDS)
2019-09-28 01:16:22,640 [main] INFO  ipc.Client (Client.java:handleConnectionFailure(948)) - Retrying connect to server: localhost/127.0.0.1:0. Already tried 5 time(s); retry policy is RetryUpToMaximumCountWithFixedSleep(maxRetries=10, sleepTime=1000 MILLISECONDS)
2019-09-28 01:16:23,641 [main] INFO  ipc.Client (Client.java:handleConnectionFailure(948)) - Retrying connect to server: localhost/127.0.0.1:0. Already tried 6 time(s); retry policy is RetryUpToMaximumCountWithFixedSleep(maxRetries=10, sleepTime=1000 MILLISECONDS)
2019-09-28 01:16:24,643 [main] INFO  ipc.Client (Client.java:handleConnectionFailure(948)) - Retrying connect to server: localhost/127.0.0.1:0. Already tried 7 time(s); retry policy is RetryUpToMaximumCountWithFixedSleep(maxRetries=10, sleepTime=1000 MILLISECONDS)
2019-09-28 01:16:25,644 [main] INFO  ipc.Client (Client.java:handleConnectionFailure(948)) - Retrying connect to server: localhost/127.0.0.1:0. Already tried 8 time(s); retry policy is RetryUpToMaximumCountWithFixedSleep(maxRetries=10, sleepTime=1000 MILLISECONDS)
2019-09-28 01:16:26,645 [main] INFO  ipc.Client (Client.java:handleConnectionFailure(948)) - Retrying connect to server: localhost/127.0.0.1:0. Already tried 9 time(s); retry policy is RetryUpToMaximumCountWithFixedSleep(maxRetries=10, sleepTime=1000 MILLISECONDS)
2019-09-28 01:16:26,647 [main] INFO  retry.RetryInvocationHandler (RetryInvocationHandler.java:log(411)) - com.google.protobuf.ServiceException: java.net.ConnectException: Your endpoint configuration is wrong; For more details see:  http://wiki.apache.org/hadoop/UnsetHostnameOrPort, while invoking $Proxy35.submitRequest over nodeId=null,nodeAddress=127.0.0.1:0 after 5 failover attempts. Trying to failover immediately.
2019-09-28 01:16:27,649 [main] INFO  ipc.Client (Client.java:handleConnectionFailure(948)) - Retrying connect to server: localhost/127.0.0.1:0. Already tried 0 time(s); retry policy is RetryUpToMaximumCountWithFixedSleep(maxRetries=10, sleepTime=1000 MILLISECONDS)
2019-09-28 01:16:28,650 [main] INFO  ipc.Client (Client.java:handleConnectionFailure(948)) - Retrying connect to server: localhost/127.0.0.1:0. Already tried 1 time(s); retry policy is RetryUpToMaximumCountWithFixedSleep(maxRetries=10, sleepTime=1000 MILLISECONDS)
2019-09-28 01:16:29,651 [main] INFO  ipc.Client (Client.java:handleConnectionFailure(948)) - Retrying connect to server: localhost/127.0.0.1:0. Already tried 2 time(s); retry policy is RetryUpToMaximumCountWithFixedSleep(maxRetries=10, sleepTime=1000 MILLISECONDS)
2019-09-28 01:16:30,653 [main] INFO  ipc.Client (Client.java:handleConnectionFailure(948)) - Retrying connect to server: localhost/127.0.0.1:0. Already tried 3 time(s); retry policy is RetryUpToMaximumCountWithFixedSleep(maxRetries=10, sleepTime=1000 MILLISECONDS)
2019-09-28 01:16:31,654 [main] INFO  ipc.Client (Client.java:handleConnectionFailure(948)) - Retrying connect to server: localhost/127.0.0.1:0. Already tried 4 time(s); retry policy is RetryUpToMaximumCountWithFixedSleep(maxRetries=10, sleepTime=1000 MILLISECONDS)
2019-09-28 01:16:32,655 [main] INFO  ipc.Client (Client.java:handleConnectionFailure(948)) - Retrying connect to server: localhost/127.0.0.1:0. Already tried 5 time(s); retry policy is RetryUpToMaximumCountWithFixedSleep(maxRetries=10, sleepTime=1000 MILLISECONDS)
2019-09-28 01:16:33,657 [main] INFO  ipc.Client (Client.java:handleConnectionFailure(948)) - Retrying connect to server: localhost/127.0.0.1:0. Already tried 6 time(s); retry policy is RetryUpToMaximumCountWithFixedSleep(maxRetries=10, sleepTime=1000 MILLISECONDS)
2019-09-28 01:16:34,658 [main] INFO  ipc.Client (Client.java:handleConnectionFailure(948)) - Retrying connect to server: localhost/127.0.0.1:0. Already tried 7 time(s); retry policy is RetryUpToMaximumCountWithFixedSleep(maxRetries=10, sleepTime=1000 MILLISECONDS)
2019-09-28 01:16:35,661 [main] INFO  ipc.Client (Client.java:handleConnectionFailure(948)) - Retrying connect to server: localhost/127.0.0.1:0. Already tried 8 time(s); retry policy is RetryUpToMaximumCountWithFixedSleep(maxRetries=10, sleepTime=1000 MILLISECONDS)
2019-09-28 01:16:36,662 [main] INFO  ipc.Client (Client.java:handleConnectionFailure(948)) - Retrying connect to server: localhost/127.0.0.1:0. Already tried 9 time(s); retry policy is RetryUpToMaximumCountWithFixedSleep(maxRetries=10, sleepTime=1000 MILLISECONDS)
2019-09-28 01:16:36,664 [main] INFO  retry.RetryInvocationHandler (RetryInvocationHandler.java:log(411)) - com.google.protobuf.ServiceException: java.net.ConnectException: Your endpoint configuration is wrong; For more details see:  http://wiki.apache.org/hadoop/UnsetHostnameOrPort, while invoking $Proxy35.submitRequest over nodeId=null,nodeAddress=127.0.0.1:0 after 6 failover attempts. Trying to failover immediately.
2019-09-28 01:16:37,666 [main] INFO  ipc.Client (Client.java:handleConnectionFailure(948)) - Retrying connect to server: localhost/127.0.0.1:0. Already tried 0 time(s); retry policy is RetryUpToMaximumCountWithFixedSleep(maxRetries=10, sleepTime=1000 MILLISECONDS)
2019-09-28 01:16:38,667 [main] INFO  ipc.Client (Client.java:handleConnectionFailure(948)) - Retrying connect to server: localhost/127.0.0.1:0. Already tried 1 time(s); retry policy is RetryUpToMaximumCountWithFixedSleep(maxRetries=10, sleepTime=1000 MILLISECONDS)
2019-09-28 01:16:39,668 [main] INFO  ipc.Client (Client.java:handleConnectionFailure(948)) - Retrying connect to server: localhost/127.0.0.1:0. Already tried 2 time(s); retry policy is RetryUpToMaximumCountWithFixedSleep(maxRetries=10, sleepTime=1000 MILLISECONDS)
2019-09-28 01:16:40,670 [main] INFO  ipc.Client (Client.java:handleConnectionFailure(948)) - Retrying connect to server: localhost/127.0.0.1:0. Already tried 3 time(s); retry policy is RetryUpToMaximumCountWithFixedSleep(maxRetries=10, sleepTime=1000 MILLISECONDS)
2019-09-28 01:16:41,671 [main] INFO  ipc.Client (Client.java:handleConnectionFailure(948)) - Retrying connect to server: localhost/127.0.0.1:0. Already tried 4 time(s); retry policy is RetryUpToMaximumCountWithFixedSleep(maxRetries=10, sleepTime=1000 MILLISECONDS)
2019-09-28 01:16:42,672 [main] INFO  ipc.Client (Client.java:handleConnectionFailure(948)) - Retrying connect to server: localhost/127.0.0.1:0. Already tried 5 time(s); retry policy is RetryUpToMaximumCountWithFixedSleep(maxRetries=10, sleepTime=1000 MILLISECONDS)
2019-09-28 01:16:43,673 [main] INFO  ipc.Client (Client.java:handleConnectionFailure(948)) - Retrying connect to server: localhost/127.0.0.1:0. Already tried 6 time(s); retry policy is RetryUpToMaximumCountWithFixedSleep(maxRetries=10, sleepTime=1000 MILLISECONDS)
2019-09-28 01:16:44,675 [main] INFO  ipc.Client (Client.java:handleConnectionFailure(948)) - Retrying connect to server: localhost/127.0.0.1:0. Already tried 7 time(s); retry policy is RetryUpToMaximumCountWithFixedSleep(maxRetries=10, sleepTime=1000 MILLISECONDS)
2019-09-28 01:16:45,676 [main] INFO  ipc.Client (Client.java:handleConnectionFailure(948)) - Retrying connect to server: localhost/127.0.0.1:0. Already tried 8 time(s); retry policy is RetryUpToMaximumCountWithFixedSleep(maxRetries=10, sleepTime=1000 MILLISECONDS)
2019-09-28 01:16:46,677 [main] INFO  ipc.Client (Client.java:handleConnectionFailure(948)) - Retrying connect to server: localhost/127.0.0.1:0. Already tried 9 time(s); retry policy is RetryUpToMaximumCountWithFixedSleep(maxRetries=10, sleepTime=1000 MILLISECONDS)
2019-09-28 01:16:46,679 [main] INFO  retry.RetryInvocationHandler (RetryInvocationHandler.java:log(411)) - com.google.protobuf.ServiceException: java.net.ConnectException: Your endpoint configuration is wrong; For more details see:  http://wiki.apache.org/hadoop/UnsetHostnameOrPort, while invoking $Proxy35.submitRequest over nodeId=null,nodeAddress=127.0.0.1:0 after 7 failover attempts. Trying to failover immediately.
2019-09-28 01:16:47,680 [main] INFO  ipc.Client (Client.java:handleConnectionFailure(948)) - Retrying connect to server: localhost/127.0.0.1:0. Already tried 0 time(s); retry policy is RetryUpToMaximumCountWithFixedSleep(maxRetries=10, sleepTime=1000 MILLISECONDS)
2019-09-28 01:16:48,681 [main] INFO  ipc.Client (Client.java:handleConnectionFailure(948)) - Retrying connect to server: localhost/127.0.0.1:0. Already tried 1 time(s); retry policy is RetryUpToMaximumCountWithFixedSleep(maxRetries=10, sleepTime=1000 MILLISECONDS)
2019-09-28 01:16:49,683 [main] INFO  ipc.Client (Client.java:handleConnectionFailure(948)) - Retrying connect to server: localhost/127.0.0.1:0. Already tried 2 time(s); retry policy is RetryUpToMaximumCountWithFixedSleep(maxRetries=10, sleepTime=1000 MILLISECONDS)
2019-09-28 01:16:50,684 [main] INFO  ipc.Client (Client.java:handleConnectionFailure(948)) - Retrying connect to server: localhost/127.0.0.1:0. Already tried 3 time(s); retry policy is RetryUpToMaximumCountWithFixedSleep(maxRetries=10, sleepTime=1000 MILLISECONDS)
2019-09-28 01:16:51,685 [main] INFO  ipc.Client (Client.java:handleConnectionFailure(948)) - Retrying connect to server: localhost/127.0.0.1:0. Already tried 4 time(s); retry policy is RetryUpToMaximumCountWithFixedSleep(maxRetries=10, sleepTime=1000 MILLISECONDS)
2019-09-28 01:16:52,687 [main] INFO  ipc.Client (Client.java:handleConnectionFailure(948)) - Retrying connect to server: localhost/127.0.0.1:0. Already tried 5 time(s); retry policy is RetryUpToMaximumCountWithFixedSleep(maxRetries=10, sleepTime=1000 MILLISECONDS)
2019-09-28 01:16:53,688 [main] INFO  ipc.Client (Client.java:handleConnectionFailure(948)) - Retrying connect to server: localhost/127.0.0.1:0. Already tried 6 time(s); retry policy is RetryUpToMaximumCountWithFixedSleep(maxRetries=10, sleepTime=1000 MILLISECONDS)
2019-09-28 01:16:54,690 [main] INFO  ipc.Client (Client.java:handleConnectionFailure(948)) - Retrying connect to server: localhost/127.0.0.1:0. Already tried 7 time(s); retry policy is RetryUpToMaximumCountWithFixedSleep(maxRetries=10, sleepTime=1000 MILLISECONDS)
2019-09-28 01:16:55,691 [main] INFO  ipc.Client (Client.java:handleConnectionFailure(948)) - Retrying connect to server: localhost/127.0.0.1:0. Already tried 8 time(s); retry policy is RetryUpToMaximumCountWithFixedSleep(maxRetries=10, sleepTime=1000 MILLISECONDS)
2019-09-28 01:16:56,693 [main] INFO  ipc.Client (Client.java:handleConnectionFailure(948)) - Retrying connect to server: localhost/127.0.0.1:0. Already tried 9 time(s); retry policy is RetryUpToMaximumCountWithFixedSleep(maxRetries=10, sleepTime=1000 MILLISECONDS)
2019-09-28 01:16:56,694 [main] INFO  retry.RetryInvocationHandler (RetryInvocationHandler.java:log(411)) - com.google.protobuf.ServiceException: java.net.ConnectException: Your endpoint configuration is wrong; For more details see:  http://wiki.apache.org/hadoop/UnsetHostnameOrPort, while invoking $Proxy35.submitRequest over nodeId=null,nodeAddress=127.0.0.1:0 after 8 failover attempts. Trying to failover immediately.
2019-09-28 01:16:57,696 [main] INFO  ipc.Client (Client.java:handleConnectionFailure(948)) - Retrying connect to server: localhost/127.0.0.1:0. Already tried 0 time(s); retry policy is RetryUpToMaximumCountWithFixedSleep(maxRetries=10, sleepTime=1000 MILLISECONDS)
2019-09-28 01:16:58,697 [main] INFO  ipc.Client (Client.java:handleConnectionFailure(948)) - Retrying connect to server: localhost/127.0.0.1:0. Already tried 1 time(s); retry policy is RetryUpToMaximumCountWithFixedSleep(maxRetries=10, sleepTime=1000 MILLISECONDS)
2019-09-28 01:16:59,699 [main] INFO  ipc.Client (Client.java:handleConnectionFailure(948)) - Retrying connect to server: localhost/127.0.0.1:0. Already tried 2 time(s); retry policy is RetryUpToMaximumCountWithFixedSleep(maxRetries=10, sleepTime=1000 MILLISECONDS)
2019-09-28 01:17:00,700 [main] INFO  ipc.Client (Client.java:handleConnectionFailure(948)) - Retrying connect to server: localhost/127.0.0.1:0. Already tried 3 time(s); retry policy is RetryUpToMaximumCountWithFixedSleep(maxRetries=10, sleepTime=1000 MILLISECONDS)
2019-09-28 01:17:01,701 [main] INFO  ipc.Client (Client.java:handleConnectionFailure(948)) - Retrying connect to server: localhost/127.0.0.1:0. Already tried 4 time(s); retry policy is RetryUpToMaximumCountWithFixedSleep(maxRetries=10, sleepTime=1000 MILLISECONDS)
2019-09-28 01:17:02,703 [main] INFO  ipc.Client (Client.java:handleConnectionFailure(948)) - Retrying connect to server: localhost/127.0.0.1:0. Already tried 5 time(s); retry policy is RetryUpToMaximumCountWithFixedSleep(maxRetries=10, sleepTime=1000 MILLISECONDS)
2019-09-28 01:17:03,705 [main] INFO  ipc.Client (Client.java:handleConnectionFailure(948)) - Retrying connect to server: localhost/127.0.0.1:0. Already tried 6 time(s); retry policy is RetryUpToMaximumCountWithFixedSleep(maxRetries=10, sleepTime=1000 MILLISECONDS)
2019-09-28 01:17:04,707 [main] INFO  ipc.Client (Client.java:handleConnectionFailure(948)) - Retrying connect to server: localhost/127.0.0.1:0. Already tried 7 time(s); retry policy is RetryUpToMaximumCountWithFixedSleep(maxRetries=10, sleepTime=1000 MILLISECONDS)
2019-09-28 01:17:05,708 [main] INFO  ipc.Client (Client.java:handleConnectionFailure(948)) - Retrying connect to server: localhost/127.0.0.1:0. Already tried 8 time(s); retry policy is RetryUpToMaximumCountWithFixedSleep(maxRetries=10, sleepTime=1000 MILLISECONDS)
2019-09-28 01:17:06,710 [main] INFO  ipc.Client (Client.java:handleConnectionFailure(948)) - Retrying connect to server: localhost/127.0.0.1:0. Already tried 9 time(s); retry policy is RetryUpToMaximumCountWithFixedSleep(maxRetries=10, sleepTime=1000 MILLISECONDS)
2019-09-28 01:17:06,712 [main] INFO  retry.RetryInvocationHandler (RetryInvocationHandler.java:log(411)) - com.google.protobuf.ServiceException: java.net.ConnectException: Your endpoint configuration is wrong; For more details see:  http://wiki.apache.org/hadoop/UnsetHostnameOrPort, while invoking $Proxy35.submitRequest over nodeId=null,nodeAddress=127.0.0.1:0 after 9 failover attempts. Trying to failover immediately.
2019-09-28 01:17:07,713 [main] INFO  ipc.Client (Client.java:handleConnectionFailure(948)) - Retrying connect to server: localhost/127.0.0.1:0. Already tried 0 time(s); retry policy is RetryUpToMaximumCountWithFixedSleep(maxRetries=10, sleepTime=1000 MILLISECONDS)
2019-09-28 01:17:08,714 [main] INFO  ipc.Client (Client.java:handleConnectionFailure(948)) - Retrying connect to server: localhost/127.0.0.1:0. Already tried 1 time(s); retry policy is RetryUpToMaximumCountWithFixedSleep(maxRetries=10, sleepTime=1000 MILLISECONDS)
2019-09-28 01:17:09,716 [main] INFO  ipc.Client (Client.java:handleConnectionFailure(948)) - Retrying connect to server: localhost/127.0.0.1:0. Already tried 2 time(s); retry policy is RetryUpToMaximumCountWithFixedSleep(maxRetries=10, sleepTime=1000 MILLISECONDS)
2019-09-28 01:17:10,717 [main] INFO  ipc.Client (Client.java:handleConnectionFailure(948)) - Retrying connect to server: localhost/127.0.0.1:0. Already tried 3 time(s); retry policy is RetryUpToMaximumCountWithFixedSleep(maxRetries=10, sleepTime=1000 MILLISECONDS)
2019-09-28 01:17:11,718 [main] INFO  ipc.Client (Client.java:handleConnectionFailure(948)) - Retrying connect to server: localhost/127.0.0.1:0. Already tried 4 time(s); retry policy is RetryUpToMaximumCountWithFixedSleep(maxRetries=10, sleepTime=1000 MILLISECONDS)
2019-09-28 01:17:12,720 [main] INFO  ipc.Client (Client.java:handleConnectionFailure(948)) - Retrying connect to server: localhost/127.0.0.1:0. Already tried 5 time(s); retry policy is RetryUpToMaximumCountWithFixedSleep(maxRetries=10, sleepTime=1000 MILLISECONDS)
2019-09-28 01:17:13,721 [main] INFO  ipc.Client (Client.java:handleConnectionFailure(948)) - Retrying connect to server: localhost/127.0.0.1:0. Already tried 6 time(s); retry policy is RetryUpToMaximumCountWithFixedSleep(maxRetries=10, sleepTime=1000 MILLISECONDS)
2019-09-28 01:17:14,722 [main] INFO  ipc.Client (Client.java:handleConnectionFailure(948)) - Retrying connect to server: localhost/127.0.0.1:0. Already tried 7 time(s); retry policy is RetryUpToMaximumCountWithFixedSleep(maxRetries=10, sleepTime=1000 MILLISECONDS)
2019-09-28 01:17:15,723 [main] INFO  ipc.Client (Client.java:handleConnectionFailure(948)) - Retrying connect to server: localhost/127.0.0.1:0. Already tried 8 time(s); retry policy is RetryUpToMaximumCountWithFixedSleep(maxRetries=10, sleepTime=1000 MILLISECONDS)
2019-09-28 01:17:16,725 [main] INFO  ipc.Client (Client.java:handleConnectionFailure(948)) - Retrying connect to server: localhost/127.0.0.1:0. Already tried 9 time(s); retry policy is RetryUpToMaximumCountWithFixedSleep(maxRetries=10, sleepTime=1000 MILLISECONDS)
2019-09-28 01:17:16,726 [main] ERROR ha.OMFailoverProxyProvider (OzoneManagerProtocolClientSideTranslatorPB.java:getRetryAction(268)) - Failed to connect to OM. Attempted 10 retries and 10 failovers
2019-09-28 01:17:16,727 [main] ERROR client.OzoneClientFactory (OzoneClientFactory.java:getClientProtocol(259)) - Couldn't create RpcClient protocol exception: 
java.net.ConnectException: Your endpoint configuration is wrong; For more details see:  http://wiki.apache.org/hadoop/UnsetHostnameOrPort
	at sun.reflect.GeneratedConstructorAccessor41.newInstance(Unknown Source)
	at sun.reflect.DelegatingConstructorAccessorImpl.newInstance(DelegatingConstructorAccessorImpl.java:45)
	at java.lang.reflect.Constructor.newInstance(Constructor.java:423)
	at org.apache.hadoop.net.NetUtils.wrapWithMessage(NetUtils.java:831)
	at org.apache.hadoop.net.NetUtils.wrapException(NetUtils.java:751)
	at org.apache.hadoop.ipc.Client.getRpcResponse(Client.java:1515)
	at org.apache.hadoop.ipc.Client.call(Client.java:1457)
	at org.apache.hadoop.ipc.Client.call(Client.java:1367)
	at org.apache.hadoop.ipc.ProtobufRpcEngine$Invoker.invoke(ProtobufRpcEngine.java:228)
	at org.apache.hadoop.ipc.ProtobufRpcEngine$Invoker.invoke(ProtobufRpcEngine.java:116)
	at com.sun.proxy.$Proxy35.submitRequest(Unknown Source)
	at sun.reflect.GeneratedMethodAccessor36.invoke(Unknown Source)
	at sun.reflect.DelegatingMethodAccessorImpl.invoke(DelegatingMethodAccessorImpl.java:43)
	at java.lang.reflect.Method.invoke(Method.java:498)
	at org.apache.hadoop.io.retry.RetryInvocationHandler.invokeMethod(RetryInvocationHandler.java:422)
	at org.apache.hadoop.io.retry.RetryInvocationHandler$Call.invokeMethod(RetryInvocationHandler.java:165)
	at org.apache.hadoop.io.retry.RetryInvocationHandler$Call.invoke(RetryInvocationHandler.java:157)
	at org.apache.hadoop.io.retry.RetryInvocationHandler$Call.invokeOnce(RetryInvocationHandler.java:95)
	at org.apache.hadoop.io.retry.RetryInvocationHandler.invoke(RetryInvocationHandler.java:359)
	at com.sun.proxy.$Proxy35.submitRequest(Unknown Source)
	at org.apache.hadoop.ozone.om.protocolPB.OzoneManagerProtocolClientSideTranslatorPB.submitRequest(OzoneManagerProtocolClientSideTranslatorPB.java:338)
	at org.apache.hadoop.ozone.om.protocolPB.OzoneManagerProtocolClientSideTranslatorPB.getServiceInfo(OzoneManagerProtocolClientSideTranslatorPB.java:1223)
	at sun.reflect.NativeMethodAccessorImpl.invoke0(Native Method)
	at sun.reflect.NativeMethodAccessorImpl.invoke(NativeMethodAccessorImpl.java:62)
	at sun.reflect.DelegatingMethodAccessorImpl.invoke(DelegatingMethodAccessorImpl.java:43)
	at java.lang.reflect.Method.invoke(Method.java:498)
	at org.apache.hadoop.hdds.tracing.TraceAllMethod.invoke(TraceAllMethod.java:66)
	at com.sun.proxy.$Proxy36.getServiceInfo(Unknown Source)
	at org.apache.hadoop.ozone.client.rpc.RpcClient.<init>(RpcClient.java:154)
	at org.apache.hadoop.ozone.client.OzoneClientFactory.getClientProtocol(OzoneClientFactory.java:256)
	at org.apache.hadoop.ozone.client.OzoneClientFactory.getClientProtocol(OzoneClientFactory.java:239)
	at org.apache.hadoop.ozone.client.OzoneClientFactory.getClient(OzoneClientFactory.java:75)
	at org.apache.hadoop.ozone.client.rpc.TestFailureHandlingByClient.init(TestFailureHandlingByClient.java:111)
	at org.apache.hadoop.ozone.client.rpc.TestFailureHandlingByClient.startCluster(TestFailureHandlingByClient.java:121)
	at org.apache.hadoop.ozone.client.rpc.TestFailureHandlingByClient.testContainerExclusionWithClosedContainerException(TestFailureHandlingByClient.java:224)
	at sun.reflect.NativeMethodAccessorImpl.invoke0(Native Method)
	at sun.reflect.NativeMethodAccessorImpl.invoke(NativeMethodAccessorImpl.java:62)
	at sun.reflect.DelegatingMethodAccessorImpl.invoke(DelegatingMethodAccessorImpl.java:43)
	at java.lang.reflect.Method.invoke(Method.java:498)
	at org.junit.runners.model.FrameworkMethod$1.runReflectiveCall(FrameworkMethod.java:47)
	at org.junit.internal.runners.model.ReflectiveCallable.run(ReflectiveCallable.java:12)
	at org.junit.runners.model.FrameworkMethod.invokeExplosively(FrameworkMethod.java:44)
	at org.junit.internal.runners.statements.InvokeMethod.evaluate(InvokeMethod.java:17)
	at org.junit.internal.runners.statements.RunAfters.evaluate(RunAfters.java:27)
	at org.junit.runners.ParentRunner.runLeaf(ParentRunner.java:271)
	at org.junit.runners.BlockJUnit4ClassRunner.runChild(BlockJUnit4ClassRunner.java:70)
	at org.junit.runners.BlockJUnit4ClassRunner.runChild(BlockJUnit4ClassRunner.java:50)
	at org.junit.runners.ParentRunner$3.run(ParentRunner.java:238)
	at org.junit.runners.ParentRunner$1.schedule(ParentRunner.java:63)
	at org.junit.runners.ParentRunner.runChildren(ParentRunner.java:236)
	at org.junit.runners.ParentRunner.access$000(ParentRunner.java:53)
	at org.junit.runners.ParentRunner$2.evaluate(ParentRunner.java:229)
	at org.junit.runners.ParentRunner.run(ParentRunner.java:309)
	at org.apache.maven.surefire.junit4.JUnit4Provider.execute(JUnit4Provider.java:365)
	at org.apache.maven.surefire.junit4.JUnit4Provider.executeWithRerun(JUnit4Provider.java:273)
	at org.apache.maven.surefire.junit4.JUnit4Provider.executeTestSet(JUnit4Provider.java:238)
	at org.apache.maven.surefire.junit4.JUnit4Provider.invoke(JUnit4Provider.java:159)
	at org.apache.maven.surefire.booter.ForkedBooter.invokeProviderInSameClassLoader(ForkedBooter.java:384)
	at org.apache.maven.surefire.booter.ForkedBooter.runSuitesInProcess(ForkedBooter.java:345)
	at org.apache.maven.surefire.booter.ForkedBooter.execute(ForkedBooter.java:126)
	at org.apache.maven.surefire.booter.ForkedBooter.main(ForkedBooter.java:418)
Caused by: java.net.ConnectException: Connection refused
	at sun.nio.ch.SocketChannelImpl.checkConnect(Native Method)
	at sun.nio.ch.SocketChannelImpl.finishConnect(SocketChannelImpl.java:717)
	at org.apache.hadoop.net.SocketIOWithTimeout.connect(SocketIOWithTimeout.java:206)
	at org.apache.hadoop.net.NetUtils.connect(NetUtils.java:531)
	at org.apache.hadoop.ipc.Client$Connection.setupConnection(Client.java:690)
	at org.apache.hadoop.ipc.Client$Connection.setupIOstreams(Client.java:794)
	at org.apache.hadoop.ipc.Client$Connection.access$3700(Client.java:411)
	at org.apache.hadoop.ipc.Client.getConnection(Client.java:1572)
	at org.apache.hadoop.ipc.Client.call(Client.java:1403)
	... 54 more
2019-09-28 01:17:16,728 [main] INFO  ozone.MiniOzoneClusterImpl (MiniOzoneClusterImpl.java:shutdown(314)) - Shutting down the Mini Ozone Cluster
2019-09-28 01:17:16,729 [main] INFO  ozone.MiniOzoneClusterImpl (MiniOzoneClusterImpl.java:stop(330)) - Stopping the Mini Ozone Cluster
2019-09-28 01:17:16,729 [main] INFO  ozone.MiniOzoneClusterImpl (MiniOzoneClusterImpl.java:stopOM(400)) - Stopping the OzoneManager
2019-09-28 01:17:16,729 [main] INFO  ipc.Server (Server.java:stop(3082)) - Stopping server on 39887
2019-09-28 01:17:16,761 [IPC Server listener on 39887] INFO  ipc.Server (Server.java:run(1185)) - Stopping IPC Server listener on 39887
2019-09-28 01:17:16,761 [IPC Server Responder] INFO  ipc.Server (Server.java:run(1319)) - Stopping IPC Server Responder
2019-09-28 01:17:16,758 [main] INFO  ratis.OzoneManagerDoubleBuffer (OzoneManagerDoubleBuffer.java:stop(248)) - Stopping OMDoubleBuffer flush thread
2019-09-28 01:17:16,787 [OMDoubleBufferFlushThread] INFO  ratis.OzoneManagerDoubleBuffer (OzoneManagerDoubleBuffer.java:flushTransactions(191)) - OMDoubleBuffer flush thread OMDoubleBufferFlushThread is interrupted and will exit. OMDoubleBufferFlushThread
2019-09-28 01:17:16,787 [main] INFO  utils.BackgroundService (BackgroundService.java:shutdown(148)) - Shutting down service KeyDeletingService
2019-09-28 01:17:16,789 [main] INFO  handler.ContextHandler (ContextHandler.java:doStop(910)) - Stopped o.e.j.w.WebAppContext@3f81621c{/,null,UNAVAILABLE}{/ozoneManager}
2019-09-28 01:17:16,790 [main] INFO  server.AbstractConnector (AbstractConnector.java:doStop(318)) - Stopped ServerConnector@5b9499fe{HTTP/1.1,[http/1.1]}{0.0.0.0:0}
2019-09-28 01:17:16,790 [main] INFO  handler.ContextHandler (ContextHandler.java:doStop(910)) - Stopped o.e.j.s.ServletContextHandler@7cf78c85{/static,file:///workdir/hadoop-ozone/integration-test/target/test-classes/webapps/static,UNAVAILABLE}
2019-09-28 01:17:16,790 [main] INFO  handler.ContextHandler (ContextHandler.java:doStop(910)) - Stopped o.e.j.s.ServletContextHandler@188598ad{/logs,file:///workdir/hadoop-ozone/integration-test/target/log,UNAVAILABLE}
2019-09-28 01:17:16,793 [main] INFO  ozone.MiniOzoneClusterImpl (MiniOzoneClusterImpl.java:stopDatanodes(377)) - Stopping the HddsDatanodes
2019-09-28 01:17:16,945 [Datanode State Machine Thread - 0] INFO  statemachine.DatanodeStateMachine (DatanodeStateMachine.java:lambda$startDaemon$0(350)) - Ozone container server started.
2019-09-28 01:17:17,342 [Datanode State Machine Thread - 0] INFO  statemachine.DatanodeStateMachine (DatanodeStateMachine.java:lambda$startDaemon$0(350)) - Ozone container server started.
2019-09-28 01:17:21,795 [main] INFO  ozoneimpl.OzoneContainer (OzoneContainer.java:stop(231)) - Attempting to stop container services.
2019-09-28 01:17:21,795 [ForkJoinPool.commonPool-worker-0] INFO  ozoneimpl.OzoneContainer (OzoneContainer.java:stop(231)) - Attempting to stop container services.
2019-09-28 01:17:21,797 [main] INFO  impl.RaftServerProxy (RaftServerProxy.java:lambda$close$4(314)) - e713f41d-3c96-4fbb-9d49-ce14b311e545: close
2019-09-28 01:17:21,797 [ForkJoinPool.commonPool-worker-0] INFO  impl.RaftServerProxy (RaftServerProxy.java:lambda$close$4(314)) - e1c1c139-c9d2-4524-9627-6fde74a335c6: close
2019-09-28 01:17:21,797 [main] INFO  impl.RaftServerImpl (RaftServerImpl.java:lambda$shutdown$3(251)) - e713f41d-3c96-4fbb-9d49-ce14b311e545@group-6139FA5B632A: shutdown
2019-09-28 01:17:21,797 [ForkJoinPool.commonPool-worker-0] INFO  impl.RaftServerImpl (RaftServerImpl.java:lambda$shutdown$3(251)) - e1c1c139-c9d2-4524-9627-6fde74a335c6@group-6C5385ADC24A: shutdown
2019-09-28 01:17:21,798 [main] INFO  util.JmxRegister (JmxRegister.java:unregister(73)) - Successfully un-registered JMX Bean with object name Ratis:service=RaftServer,group=group-6139FA5B632A,id=e713f41d-3c96-4fbb-9d49-ce14b311e545
2019-09-28 01:17:21,798 [ForkJoinPool.commonPool-worker-0] INFO  util.JmxRegister (JmxRegister.java:unregister(73)) - Successfully un-registered JMX Bean with object name Ratis:service=RaftServer,group=group-6C5385ADC24A,id=e1c1c139-c9d2-4524-9627-6fde74a335c6
2019-09-28 01:17:21,798 [main] INFO  impl.RoleInfo (RoleInfo.java:shutdownLeaderState(104)) - e713f41d-3c96-4fbb-9d49-ce14b311e545: shutdown LeaderState
2019-09-28 01:17:21,799 [ForkJoinPool.commonPool-worker-0] INFO  impl.RoleInfo (RoleInfo.java:shutdownFollowerState(121)) - e1c1c139-c9d2-4524-9627-6fde74a335c6: shutdown FollowerState
2019-09-28 01:17:21,799 [main] INFO  impl.PendingRequests (PendingRequests.java:sendNotLeaderResponses(202)) - e713f41d-3c96-4fbb-9d49-ce14b311e545-PendingRequests: sendNotLeaderResponses
2019-09-28 01:17:21,800 [Thread-2383] INFO  impl.FollowerState (FollowerState.java:run(115)) - e1c1c139-c9d2-4524-9627-6fde74a335c6: FollowerState was interrupted: java.lang.InterruptedException: sleep interrupted
2019-09-28 01:17:21,799 [ForkJoinPool.commonPool-worker-0] INFO  impl.StateMachineUpdater (StateMachineUpdater.java:stopAndJoin(125)) - e1c1c139-c9d2-4524-9627-6fde74a335c6@group-6C5385ADC24A-StateMachineUpdater: set stopIndex = 0
2019-09-28 01:17:21,806 [ForkJoinPool.commonPool-worker-0] INFO  impl.RaftServerImpl (ServerState.java:close(385)) - e1c1c139-c9d2-4524-9627-6fde74a335c6@group-6C5385ADC24A: closes. applyIndex: 0
2019-09-28 01:17:21,805 [main] INFO  impl.StateMachineUpdater (StateMachineUpdater.java:stopAndJoin(125)) - e713f41d-3c96-4fbb-9d49-ce14b311e545@group-6139FA5B632A-StateMachineUpdater: set stopIndex = 0
2019-09-28 01:17:21,807 [e1c1c139-c9d2-4524-9627-6fde74a335c6@group-6C5385ADC24A-SegmentedRaftLogWorker] INFO  segmented.SegmentedRaftLogWorker (SegmentedRaftLogWorker.java:run(313)) - e1c1c139-c9d2-4524-9627-6fde74a335c6@group-6C5385ADC24A-SegmentedRaftLogWorker was interrupted, exiting. There are 0 tasks remaining in the queue.
2019-09-28 01:17:21,807 [main] INFO  impl.RaftServerImpl (ServerState.java:close(385)) - e713f41d-3c96-4fbb-9d49-ce14b311e545@group-6139FA5B632A: closes. applyIndex: 0
2019-09-28 01:17:21,811 [ForkJoinPool.commonPool-worker-0] INFO  segmented.SegmentedRaftLogWorker (SegmentedRaftLogWorker.java:close(228)) - e1c1c139-c9d2-4524-9627-6fde74a335c6@group-6C5385ADC24A-SegmentedRaftLogWorker close()
2019-09-28 01:17:21,811 [e713f41d-3c96-4fbb-9d49-ce14b311e545@group-6139FA5B632A-SegmentedRaftLogWorker] INFO  segmented.SegmentedRaftLogWorker (SegmentedRaftLogWorker.java:run(313)) - e713f41d-3c96-4fbb-9d49-ce14b311e545@group-6139FA5B632A-SegmentedRaftLogWorker was interrupted, exiting. There are 0 tasks remaining in the queue.
2019-09-28 01:17:21,832 [ForkJoinPool.commonPool-worker-0] INFO  impl.RaftServerImpl (RaftServerImpl.java:lambda$shutdown$3(251)) - e1c1c139-c9d2-4524-9627-6fde74a335c6@group-ED141C3375F5: shutdown
2019-09-28 01:17:21,836 [main] INFO  segmented.SegmentedRaftLogWorker (SegmentedRaftLogWorker.java:close(228)) - e713f41d-3c96-4fbb-9d49-ce14b311e545@group-6139FA5B632A-SegmentedRaftLogWorker close()
2019-09-28 01:17:21,837 [ForkJoinPool.commonPool-worker-0] INFO  util.JmxRegister (JmxRegister.java:unregister(73)) - Successfully un-registered JMX Bean with object name Ratis:service=RaftServer,group=group-ED141C3375F5,id=e1c1c139-c9d2-4524-9627-6fde74a335c6
2019-09-28 01:17:21,840 [ForkJoinPool.commonPool-worker-0] INFO  impl.RoleInfo (RoleInfo.java:shutdownLeaderState(104)) - e1c1c139-c9d2-4524-9627-6fde74a335c6: shutdown LeaderState
2019-09-28 01:17:21,840 [main] INFO  impl.RaftServerImpl (RaftServerImpl.java:lambda$shutdown$3(251)) - e713f41d-3c96-4fbb-9d49-ce14b311e545@group-BD940380B4CC: shutdown
2019-09-28 01:17:21,841 [ForkJoinPool.commonPool-worker-0] INFO  impl.PendingRequests (PendingRequests.java:sendNotLeaderResponses(202)) - e1c1c139-c9d2-4524-9627-6fde74a335c6-PendingRequests: sendNotLeaderResponses
2019-09-28 01:17:21,841 [main] INFO  util.JmxRegister (JmxRegister.java:unregister(73)) - Successfully un-registered JMX Bean with object name Ratis:service=RaftServer,group=group-BD940380B4CC,id=e713f41d-3c96-4fbb-9d49-ce14b311e545
2019-09-28 01:17:21,842 [ForkJoinPool.commonPool-worker-0] INFO  impl.StateMachineUpdater (StateMachineUpdater.java:stopAndJoin(125)) - e1c1c139-c9d2-4524-9627-6fde74a335c6@group-ED141C3375F5-StateMachineUpdater: set stopIndex = 0
2019-09-28 01:17:21,842 [main] INFO  impl.RoleInfo (RoleInfo.java:shutdownFollowerState(121)) - e713f41d-3c96-4fbb-9d49-ce14b311e545: shutdown FollowerState
2019-09-28 01:17:21,842 [ForkJoinPool.commonPool-worker-0] INFO  impl.RaftServerImpl (ServerState.java:close(385)) - e1c1c139-c9d2-4524-9627-6fde74a335c6@group-ED141C3375F5: closes. applyIndex: 0
2019-09-28 01:17:21,843 [Thread-2335] INFO  impl.FollowerState (FollowerState.java:run(115)) - e713f41d-3c96-4fbb-9d49-ce14b311e545: FollowerState was interrupted: java.lang.InterruptedException: sleep interrupted
2019-09-28 01:17:21,843 [main] INFO  impl.StateMachineUpdater (StateMachineUpdater.java:stopAndJoin(125)) - e713f41d-3c96-4fbb-9d49-ce14b311e545@group-BD940380B4CC-StateMachineUpdater: set stopIndex = 0
2019-09-28 01:17:21,843 [e1c1c139-c9d2-4524-9627-6fde74a335c6@group-ED141C3375F5-SegmentedRaftLogWorker] INFO  segmented.SegmentedRaftLogWorker (SegmentedRaftLogWorker.java:run(313)) - e1c1c139-c9d2-4524-9627-6fde74a335c6@group-ED141C3375F5-SegmentedRaftLogWorker was interrupted, exiting. There are 0 tasks remaining in the queue.
2019-09-28 01:17:21,844 [main] INFO  impl.RaftServerImpl (ServerState.java:close(385)) - e713f41d-3c96-4fbb-9d49-ce14b311e545@group-BD940380B4CC: closes. applyIndex: 0
2019-09-28 01:17:21,847 [ForkJoinPool.commonPool-worker-0] INFO  segmented.SegmentedRaftLogWorker (SegmentedRaftLogWorker.java:close(228)) - e1c1c139-c9d2-4524-9627-6fde74a335c6@group-ED141C3375F5-SegmentedRaftLogWorker close()
2019-09-28 01:17:21,847 [e713f41d-3c96-4fbb-9d49-ce14b311e545@group-BD940380B4CC-SegmentedRaftLogWorker] INFO  segmented.SegmentedRaftLogWorker (SegmentedRaftLogWorker.java:run(313)) - e713f41d-3c96-4fbb-9d49-ce14b311e545@group-BD940380B4CC-SegmentedRaftLogWorker was interrupted, exiting. There are 0 tasks remaining in the queue.
2019-09-28 01:17:21,853 [main] INFO  segmented.SegmentedRaftLogWorker (SegmentedRaftLogWorker.java:close(228)) - e713f41d-3c96-4fbb-9d49-ce14b311e545@group-BD940380B4CC-SegmentedRaftLogWorker close()
2019-09-28 01:17:21,853 [ForkJoinPool.commonPool-worker-0] INFO  server.GrpcService (GrpcService.java:closeImpl(164)) - e1c1c139-c9d2-4524-9627-6fde74a335c6: shutdown server with port 43308 now
2019-09-28 01:17:21,856 [main] INFO  server.GrpcService (GrpcService.java:closeImpl(164)) - e713f41d-3c96-4fbb-9d49-ce14b311e545: shutdown server with port 35990 now
2019-09-28 01:17:21,858 [grpc-default-executor-1] WARN  server.GrpcServerProtocolService (LogUtils.java:warn(134)) - e1c1c139-c9d2-4524-9627-6fde74a335c6: installSnapshot onError, lastRequest: 88097dad-bc5b-411c-9cd7-f6ac7aee11e0->e1c1c139-c9d2-4524-9627-6fde74a335c6#224-t3, previous=(t:3, i:0), leaderCommit=0, initializing? false, entries: <empty>: org.apache.ratis.thirdparty.io.grpc.StatusRuntimeException: CANCELLED: cancelled before receiving half close
2019-09-28 01:17:21,858 [main] INFO  server.GrpcService (GrpcService.java:closeImpl(172)) - e713f41d-3c96-4fbb-9d49-ce14b311e545: shutdown server with port 35990 successfully
2019-09-28 01:17:21,858 [grpc-default-executor-0] WARN  server.GrpcServerProtocolService (LogUtils.java:warn(134)) - e713f41d-3c96-4fbb-9d49-ce14b311e545: installSnapshot onError, lastRequest: 269561c1-184f-4010-93c7-8c28cea2e49d->e713f41d-3c96-4fbb-9d49-ce14b311e545#227-t1, previous=(t:1, i:0), leaderCommit=0, initializing? false, entries: <empty>: org.apache.ratis.thirdparty.io.grpc.StatusRuntimeException: CANCELLED: cancelled before receiving half close
2019-09-28 01:17:21,858 [grpc-default-executor-4] WARN  server.GrpcLogAppender (LogUtils.java:warn(134)) - 269561c1-184f-4010-93c7-8c28cea2e49d@group-BD940380B4CC->e713f41d-3c96-4fbb-9d49-ce14b311e545-AppendLogResponseHandler: Failed appendEntries: org.apache.ratis.thirdparty.io.grpc.StatusRuntimeException: CANCELLED: HTTP/2 error code: CANCEL
Received Rst Stream
2019-09-28 01:17:21,858 [ForkJoinPool.commonPool-worker-0] INFO  server.GrpcService (GrpcService.java:closeImpl(172)) - e1c1c139-c9d2-4524-9627-6fde74a335c6: shutdown server with port 43308 successfully
2019-09-28 01:17:21,859 [grpc-default-executor-4] INFO  impl.FollowerInfo (FollowerInfo.java:lambda$new$0(51)) - 269561c1-184f-4010-93c7-8c28cea2e49d@group-BD940380B4CC->e713f41d-3c96-4fbb-9d49-ce14b311e545: nextIndex: updateUnconditionally 1 -> 0
2019-09-28 01:17:21,860 [grpc-default-executor-1] WARN  server.GrpcLogAppender (LogUtils.java:warn(134)) - 88097dad-bc5b-411c-9cd7-f6ac7aee11e0@group-6C5385ADC24A->e1c1c139-c9d2-4524-9627-6fde74a335c6-AppendLogResponseHandler: Failed appendEntries: org.apache.ratis.thirdparty.io.grpc.StatusRuntimeException: CANCELLED: HTTP/2 error code: CANCEL
Received Rst Stream
2019-09-28 01:17:21,860 [grpc-default-executor-1] INFO  impl.FollowerInfo (FollowerInfo.java:lambda$new$0(51)) - 88097dad-bc5b-411c-9cd7-f6ac7aee11e0@group-6C5385ADC24A->e1c1c139-c9d2-4524-9627-6fde74a335c6: nextIndex: updateUnconditionally 1 -> 0
2019-09-28 01:17:21,862 [refreshUsed-/workdir/hadoop-ozone/integration-test/target/test-dir/MiniOzoneClusterImpl-d0fea965-b787-49be-9c96-deb71f4b2c88/datanode-5/data/containers] WARN  fs.CachingGetSpaceUsed (CachingGetSpaceUsed.java:run(183)) - Thread Interrupted waiting to refresh disk information: sleep interrupted
2019-09-28 01:17:21,864 [refreshUsed-/workdir/hadoop-ozone/integration-test/target/test-dir/MiniOzoneClusterImpl-d0fea965-b787-49be-9c96-deb71f4b2c88/datanode-2/data/containers] WARN  fs.CachingGetSpaceUsed (CachingGetSpaceUsed.java:run(183)) - Thread Interrupted waiting to refresh disk information: sleep interrupted
2019-09-28 01:17:21,889 [main] INFO  utils.BackgroundService (BackgroundService.java:shutdown(148)) - Shutting down service BlockDeletingService
2019-09-28 01:17:21,895 [ForkJoinPool.commonPool-worker-0] INFO  utils.BackgroundService (BackgroundService.java:shutdown(148)) - Shutting down service BlockDeletingService
2019-09-28 01:17:21,898 [main] INFO  statemachine.DatanodeStateMachine (DatanodeStateMachine.java:stopDaemon(395)) - Ozone container server stopped.
2019-09-28 01:17:21,907 [ForkJoinPool.commonPool-worker-0] INFO  statemachine.DatanodeStateMachine (DatanodeStateMachine.java:stopDaemon(395)) - Ozone container server stopped.
2019-09-28 01:17:21,915 [main] INFO  handler.ContextHandler (ContextHandler.java:doStop(910)) - Stopped o.e.j.w.WebAppContext@550e9be6{/,null,UNAVAILABLE}{/hddsDatanode}
2019-09-28 01:17:21,915 [ForkJoinPool.commonPool-worker-0] INFO  handler.ContextHandler (ContextHandler.java:doStop(910)) - Stopped o.e.j.w.WebAppContext@3238e2aa{/,null,UNAVAILABLE}{/hddsDatanode}
2019-09-28 01:17:21,916 [main] INFO  server.AbstractConnector (AbstractConnector.java:doStop(318)) - Stopped ServerConnector@3f96f020{HTTP/1.1,[http/1.1]}{0.0.0.0:0}
2019-09-28 01:17:21,916 [ForkJoinPool.commonPool-worker-0] INFO  server.AbstractConnector (AbstractConnector.java:doStop(318)) - Stopped ServerConnector@2c7db926{HTTP/1.1,[http/1.1]}{0.0.0.0:0}
2019-09-28 01:17:21,917 [main] INFO  handler.ContextHandler (ContextHandler.java:doStop(910)) - Stopped o.e.j.s.ServletContextHandler@39f5b723{/static,jar:file:/home/user/.m2/repository/org/apache/hadoop/hadoop-hdds-container-service/0.5.0-SNAPSHOT/hadoop-hdds-container-service-0.5.0-SNAPSHOT.jar!/webapps/static,UNAVAILABLE}
2019-09-28 01:17:21,919 [ForkJoinPool.commonPool-worker-0] INFO  handler.ContextHandler (ContextHandler.java:doStop(910)) - Stopped o.e.j.s.ServletContextHandler@76fe6cdc{/static,jar:file:/home/user/.m2/repository/org/apache/hadoop/hadoop-hdds-container-service/0.5.0-SNAPSHOT/hadoop-hdds-container-service-0.5.0-SNAPSHOT.jar!/webapps/static,UNAVAILABLE}
2019-09-28 01:17:21,919 [main] INFO  handler.ContextHandler (ContextHandler.java:doStop(910)) - Stopped o.e.j.s.ServletContextHandler@3a3ed300{/logs,file:///workdir/hadoop-ozone/integration-test/target/log,UNAVAILABLE}
2019-09-28 01:17:21,921 [ForkJoinPool.commonPool-worker-0] INFO  handler.ContextHandler (ContextHandler.java:doStop(910)) - Stopped o.e.j.s.ServletContextHandler@1e692555{/logs,file:///workdir/hadoop-ozone/integration-test/target/log,UNAVAILABLE}
2019-09-28 01:17:22,020 [Datanode State Machine Thread - 0] INFO  statemachine.DatanodeStateMachine (DatanodeStateMachine.java:lambda$startDaemon$0(350)) - Ozone container server started.
2019-09-28 01:17:22,337 [grpc-default-executor-5] WARN  server.GrpcLogAppender (LogUtils.java:warn(134)) - 88097dad-bc5b-411c-9cd7-f6ac7aee11e0@group-6C5385ADC24A->e1c1c139-c9d2-4524-9627-6fde74a335c6-AppendLogResponseHandler: Failed appendEntries: org.apache.ratis.thirdparty.io.grpc.StatusRuntimeException: UNAVAILABLE: io exception
2019-09-28 01:17:22,338 [grpc-default-executor-5] INFO  impl.FollowerInfo (FollowerInfo.java:lambda$new$0(51)) - 88097dad-bc5b-411c-9cd7-f6ac7aee11e0@group-6C5385ADC24A->e1c1c139-c9d2-4524-9627-6fde74a335c6: nextIndex: updateUnconditionally 0 -> 0
2019-09-28 01:17:22,340 [Datanode State Machine Thread - 0] INFO  statemachine.DatanodeStateMachine (DatanodeStateMachine.java:lambda$startDaemon$0(350)) - Ozone container server started.
2019-09-28 01:17:22,344 [grpc-default-executor-1] WARN  server.GrpcLogAppender (LogUtils.java:warn(134)) - 269561c1-184f-4010-93c7-8c28cea2e49d@group-BD940380B4CC->e713f41d-3c96-4fbb-9d49-ce14b311e545-AppendLogResponseHandler: Failed appendEntries: org.apache.ratis.thirdparty.io.grpc.StatusRuntimeException: UNAVAILABLE: io exception
2019-09-28 01:17:22,345 [grpc-default-executor-1] INFO  impl.FollowerInfo (FollowerInfo.java:lambda$new$0(51)) - 269561c1-184f-4010-93c7-8c28cea2e49d@group-BD940380B4CC->e713f41d-3c96-4fbb-9d49-ce14b311e545: nextIndex: updateUnconditionally 0 -> 0
2019-09-28 01:17:22,839 [grpc-default-executor-5] WARN  server.GrpcLogAppender (LogUtils.java:warn(134)) - 88097dad-bc5b-411c-9cd7-f6ac7aee11e0@group-6C5385ADC24A->e1c1c139-c9d2-4524-9627-6fde74a335c6-AppendLogResponseHandler: Failed appendEntries: org.apache.ratis.thirdparty.io.grpc.StatusRuntimeException: UNAVAILABLE: io exception
2019-09-28 01:17:22,839 [grpc-default-executor-5] INFO  impl.FollowerInfo (FollowerInfo.java:lambda$new$0(51)) - 88097dad-bc5b-411c-9cd7-f6ac7aee11e0@group-6C5385ADC24A->e1c1c139-c9d2-4524-9627-6fde74a335c6: nextIndex: updateUnconditionally 0 -> 0
2019-09-28 01:17:22,845 [grpc-default-executor-4] WARN  server.GrpcLogAppender (LogUtils.java:warn(134)) - 269561c1-184f-4010-93c7-8c28cea2e49d@group-BD940380B4CC->e713f41d-3c96-4fbb-9d49-ce14b311e545-AppendLogResponseHandler: Failed appendEntries: org.apache.ratis.thirdparty.io.grpc.StatusRuntimeException: UNAVAILABLE: io exception
2019-09-28 01:17:22,846 [grpc-default-executor-4] INFO  impl.FollowerInfo (FollowerInfo.java:lambda$new$0(51)) - 269561c1-184f-4010-93c7-8c28cea2e49d@group-BD940380B4CC->e713f41d-3c96-4fbb-9d49-ce14b311e545: nextIndex: updateUnconditionally 0 -> 0
2019-09-28 01:17:23,339 [grpc-default-executor-4] WARN  server.GrpcLogAppender (LogUtils.java:warn(134)) - 88097dad-bc5b-411c-9cd7-f6ac7aee11e0@group-6C5385ADC24A->e1c1c139-c9d2-4524-9627-6fde74a335c6-AppendLogResponseHandler: Failed appendEntries: org.apache.ratis.thirdparty.io.grpc.StatusRuntimeException: UNAVAILABLE: io exception
2019-09-28 01:17:23,339 [grpc-default-executor-4] INFO  impl.FollowerInfo (FollowerInfo.java:lambda$new$0(51)) - 88097dad-bc5b-411c-9cd7-f6ac7aee11e0@group-6C5385ADC24A->e1c1c139-c9d2-4524-9627-6fde74a335c6: nextIndex: updateUnconditionally 0 -> 0
2019-09-28 01:17:23,346 [grpc-default-executor-0] WARN  server.GrpcLogAppender (LogUtils.java:warn(134)) - 269561c1-184f-4010-93c7-8c28cea2e49d@group-BD940380B4CC->e713f41d-3c96-4fbb-9d49-ce14b311e545-AppendLogResponseHandler: Failed appendEntries: org.apache.ratis.thirdparty.io.grpc.StatusRuntimeException: UNAVAILABLE: io exception
2019-09-28 01:17:23,347 [grpc-default-executor-0] INFO  impl.FollowerInfo (FollowerInfo.java:lambda$new$0(51)) - 269561c1-184f-4010-93c7-8c28cea2e49d@group-BD940380B4CC->e713f41d-3c96-4fbb-9d49-ce14b311e545: nextIndex: updateUnconditionally 0 -> 0
2019-09-28 01:17:23,843 [grpc-default-executor-1] WARN  server.GrpcLogAppender (LogUtils.java:warn(134)) - 88097dad-bc5b-411c-9cd7-f6ac7aee11e0@group-6C5385ADC24A->e1c1c139-c9d2-4524-9627-6fde74a335c6-AppendLogResponseHandler: Failed appendEntries: org.apache.ratis.thirdparty.io.grpc.StatusRuntimeException: UNAVAILABLE: io exception
2019-09-28 01:17:23,844 [grpc-default-executor-1] INFO  impl.FollowerInfo (FollowerInfo.java:lambda$new$0(51)) - 88097dad-bc5b-411c-9cd7-f6ac7aee11e0@group-6C5385ADC24A->e1c1c139-c9d2-4524-9627-6fde74a335c6: nextIndex: updateUnconditionally 0 -> 0
2019-09-28 01:17:23,846 [grpc-default-executor-4] WARN  server.GrpcLogAppender (LogUtils.java:warn(134)) - 269561c1-184f-4010-93c7-8c28cea2e49d@group-BD940380B4CC->e713f41d-3c96-4fbb-9d49-ce14b311e545-AppendLogResponseHandler: Failed appendEntries: org.apache.ratis.thirdparty.io.grpc.StatusRuntimeException: UNAVAILABLE: io exception
2019-09-28 01:17:23,847 [grpc-default-executor-4] INFO  impl.FollowerInfo (FollowerInfo.java:lambda$new$0(51)) - 269561c1-184f-4010-93c7-8c28cea2e49d@group-BD940380B4CC->e713f41d-3c96-4fbb-9d49-ce14b311e545: nextIndex: updateUnconditionally 0 -> 0
2019-09-28 01:17:24,345 [grpc-default-executor-4] WARN  server.GrpcLogAppender (LogUtils.java:warn(134)) - 88097dad-bc5b-411c-9cd7-f6ac7aee11e0@group-6C5385ADC24A->e1c1c139-c9d2-4524-9627-6fde74a335c6-AppendLogResponseHandler: Failed appendEntries: org.apache.ratis.thirdparty.io.grpc.StatusRuntimeException: UNAVAILABLE: io exception
2019-09-28 01:17:24,346 [grpc-default-executor-4] INFO  impl.FollowerInfo (FollowerInfo.java:lambda$new$0(51)) - 88097dad-bc5b-411c-9cd7-f6ac7aee11e0@group-6C5385ADC24A->e1c1c139-c9d2-4524-9627-6fde74a335c6: nextIndex: updateUnconditionally 0 -> 0
2019-09-28 01:17:24,348 [grpc-default-executor-1] WARN  server.GrpcLogAppender (LogUtils.java:warn(134)) - 269561c1-184f-4010-93c7-8c28cea2e49d@group-BD940380B4CC->e713f41d-3c96-4fbb-9d49-ce14b311e545-AppendLogResponseHandler: Failed appendEntries: org.apache.ratis.thirdparty.io.grpc.StatusRuntimeException: UNAVAILABLE: io exception
2019-09-28 01:17:24,348 [grpc-default-executor-1] INFO  impl.FollowerInfo (FollowerInfo.java:lambda$new$0(51)) - 269561c1-184f-4010-93c7-8c28cea2e49d@group-BD940380B4CC->e713f41d-3c96-4fbb-9d49-ce14b311e545: nextIndex: updateUnconditionally 0 -> 0
2019-09-28 01:17:24,845 [grpc-default-executor-0] WARN  server.GrpcLogAppender (LogUtils.java:warn(134)) - 88097dad-bc5b-411c-9cd7-f6ac7aee11e0@group-6C5385ADC24A->e1c1c139-c9d2-4524-9627-6fde74a335c6-AppendLogResponseHandler: Failed appendEntries: org.apache.ratis.thirdparty.io.grpc.StatusRuntimeException: UNAVAILABLE: io exception
2019-09-28 01:17:24,846 [grpc-default-executor-0] INFO  impl.FollowerInfo (FollowerInfo.java:lambda$new$0(51)) - 88097dad-bc5b-411c-9cd7-f6ac7aee11e0@group-6C5385ADC24A->e1c1c139-c9d2-4524-9627-6fde74a335c6: nextIndex: updateUnconditionally 0 -> 0
2019-09-28 01:17:24,848 [grpc-default-executor-1] WARN  server.GrpcLogAppender (LogUtils.java:warn(134)) - 269561c1-184f-4010-93c7-8c28cea2e49d@group-BD940380B4CC->e713f41d-3c96-4fbb-9d49-ce14b311e545-AppendLogResponseHandler: Failed appendEntries: org.apache.ratis.thirdparty.io.grpc.StatusRuntimeException: UNAVAILABLE: io exception
2019-09-28 01:17:24,848 [grpc-default-executor-1] INFO  impl.FollowerInfo (FollowerInfo.java:lambda$new$0(51)) - 269561c1-184f-4010-93c7-8c28cea2e49d@group-BD940380B4CC->e713f41d-3c96-4fbb-9d49-ce14b311e545: nextIndex: updateUnconditionally 0 -> 0
2019-09-28 01:17:25,347 [grpc-default-executor-4] WARN  server.GrpcLogAppender (LogUtils.java:warn(134)) - 88097dad-bc5b-411c-9cd7-f6ac7aee11e0@group-6C5385ADC24A->e1c1c139-c9d2-4524-9627-6fde74a335c6-AppendLogResponseHandler: Failed appendEntries: org.apache.ratis.thirdparty.io.grpc.StatusRuntimeException: UNAVAILABLE: io exception
2019-09-28 01:17:25,347 [grpc-default-executor-4] INFO  impl.FollowerInfo (FollowerInfo.java:lambda$new$0(51)) - 88097dad-bc5b-411c-9cd7-f6ac7aee11e0@group-6C5385ADC24A->e1c1c139-c9d2-4524-9627-6fde74a335c6: nextIndex: updateUnconditionally 0 -> 0
2019-09-28 01:17:25,349 [grpc-default-executor-0] WARN  server.GrpcLogAppender (LogUtils.java:warn(134)) - 269561c1-184f-4010-93c7-8c28cea2e49d@group-BD940380B4CC->e713f41d-3c96-4fbb-9d49-ce14b311e545-AppendLogResponseHandler: Failed appendEntries: org.apache.ratis.thirdparty.io.grpc.StatusRuntimeException: UNAVAILABLE: io exception
2019-09-28 01:17:25,349 [grpc-default-executor-0] INFO  impl.FollowerInfo (FollowerInfo.java:lambda$new$0(51)) - 269561c1-184f-4010-93c7-8c28cea2e49d@group-BD940380B4CC->e713f41d-3c96-4fbb-9d49-ce14b311e545: nextIndex: updateUnconditionally 0 -> 0
2019-09-28 01:17:25,848 [grpc-default-executor-5] WARN  server.GrpcLogAppender (LogUtils.java:warn(134)) - 88097dad-bc5b-411c-9cd7-f6ac7aee11e0@group-6C5385ADC24A->e1c1c139-c9d2-4524-9627-6fde74a335c6-AppendLogResponseHandler: Failed appendEntries: org.apache.ratis.thirdparty.io.grpc.StatusRuntimeException: UNAVAILABLE: io exception
2019-09-28 01:17:25,849 [grpc-default-executor-5] INFO  impl.FollowerInfo (FollowerInfo.java:lambda$new$0(51)) - 88097dad-bc5b-411c-9cd7-f6ac7aee11e0@group-6C5385ADC24A->e1c1c139-c9d2-4524-9627-6fde74a335c6: nextIndex: updateUnconditionally 0 -> 0
2019-09-28 01:17:25,850 [grpc-default-executor-0] WARN  server.GrpcLogAppender (LogUtils.java:warn(134)) - 269561c1-184f-4010-93c7-8c28cea2e49d@group-BD940380B4CC->e713f41d-3c96-4fbb-9d49-ce14b311e545-AppendLogResponseHandler: Failed appendEntries: org.apache.ratis.thirdparty.io.grpc.StatusRuntimeException: UNAVAILABLE: io exception
2019-09-28 01:17:25,850 [grpc-default-executor-0] INFO  impl.FollowerInfo (FollowerInfo.java:lambda$new$0(51)) - 269561c1-184f-4010-93c7-8c28cea2e49d@group-BD940380B4CC->e713f41d-3c96-4fbb-9d49-ce14b311e545: nextIndex: updateUnconditionally 0 -> 0
2019-09-28 01:17:26,349 [grpc-default-executor-4] WARN  server.GrpcLogAppender (LogUtils.java:warn(134)) - 88097dad-bc5b-411c-9cd7-f6ac7aee11e0@group-6C5385ADC24A->e1c1c139-c9d2-4524-9627-6fde74a335c6-AppendLogResponseHandler: Failed appendEntries: org.apache.ratis.thirdparty.io.grpc.StatusRuntimeException: UNAVAILABLE: io exception
2019-09-28 01:17:26,350 [grpc-default-executor-4] INFO  impl.FollowerInfo (FollowerInfo.java:lambda$new$0(51)) - 88097dad-bc5b-411c-9cd7-f6ac7aee11e0@group-6C5385ADC24A->e1c1c139-c9d2-4524-9627-6fde74a335c6: nextIndex: updateUnconditionally 0 -> 0
2019-09-28 01:17:26,360 [grpc-default-executor-1] WARN  server.GrpcLogAppender (LogUtils.java:warn(134)) - 269561c1-184f-4010-93c7-8c28cea2e49d@group-BD940380B4CC->e713f41d-3c96-4fbb-9d49-ce14b311e545-AppendLogResponseHandler: Failed appendEntries: org.apache.ratis.thirdparty.io.grpc.StatusRuntimeException: UNAVAILABLE: io exception
2019-09-28 01:17:26,360 [grpc-default-executor-1] INFO  impl.FollowerInfo (FollowerInfo.java:lambda$new$0(51)) - 269561c1-184f-4010-93c7-8c28cea2e49d@group-BD940380B4CC->e713f41d-3c96-4fbb-9d49-ce14b311e545: nextIndex: updateUnconditionally 0 -> 0
2019-09-28 01:17:26,851 [grpc-default-executor-0] WARN  server.GrpcLogAppender (LogUtils.java:warn(134)) - 88097dad-bc5b-411c-9cd7-f6ac7aee11e0@group-6C5385ADC24A->e1c1c139-c9d2-4524-9627-6fde74a335c6-AppendLogResponseHandler: Failed appendEntries: org.apache.ratis.thirdparty.io.grpc.StatusRuntimeException: UNAVAILABLE: io exception
2019-09-28 01:17:26,851 [grpc-default-executor-0] INFO  impl.FollowerInfo (FollowerInfo.java:lambda$new$0(51)) - 88097dad-bc5b-411c-9cd7-f6ac7aee11e0@group-6C5385ADC24A->e1c1c139-c9d2-4524-9627-6fde74a335c6: nextIndex: updateUnconditionally 0 -> 0
2019-09-28 01:17:26,852 [grpc-default-executor-4] WARN  server.GrpcLogAppender (LogUtils.java:warn(134)) - 269561c1-184f-4010-93c7-8c28cea2e49d@group-BD940380B4CC->e713f41d-3c96-4fbb-9d49-ce14b311e545-AppendLogResponseHandler: Failed appendEntries: org.apache.ratis.thirdparty.io.grpc.StatusRuntimeException: UNAVAILABLE: io exception
2019-09-28 01:17:26,852 [grpc-default-executor-4] INFO  impl.FollowerInfo (FollowerInfo.java:lambda$new$0(51)) - 269561c1-184f-4010-93c7-8c28cea2e49d@group-BD940380B4CC->e713f41d-3c96-4fbb-9d49-ce14b311e545: nextIndex: updateUnconditionally 0 -> 0
2019-09-28 01:17:26,924 [main] INFO  ozoneimpl.OzoneContainer (OzoneContainer.java:stop(231)) - Attempting to stop container services.
2019-09-28 01:17:26,924 [ForkJoinPool.commonPool-worker-0] INFO  ozoneimpl.OzoneContainer (OzoneContainer.java:stop(231)) - Attempting to stop container services.
2019-09-28 01:17:26,925 [main] INFO  impl.RaftServerProxy (RaftServerProxy.java:lambda$close$4(314)) - f755b87f-3959-4e40-9945-0ecb4afd44e3: close
2019-09-28 01:17:26,925 [ForkJoinPool.commonPool-worker-0] INFO  impl.RaftServerProxy (RaftServerProxy.java:lambda$close$4(314)) - 1d4e2793-91bc-4b97-9fdd-4d71f8f61250: close
2019-09-28 01:17:26,926 [main] INFO  impl.RaftServerImpl (RaftServerImpl.java:lambda$shutdown$3(251)) - f755b87f-3959-4e40-9945-0ecb4afd44e3@group-A98C51DCDA50: shutdown
2019-09-28 01:17:26,926 [ForkJoinPool.commonPool-worker-0] INFO  impl.RaftServerImpl (RaftServerImpl.java:lambda$shutdown$3(251)) - 1d4e2793-91bc-4b97-9fdd-4d71f8f61250@group-76EBF1C9A574: shutdown
2019-09-28 01:17:26,926 [main] INFO  util.JmxRegister (JmxRegister.java:unregister(73)) - Successfully un-registered JMX Bean with object name Ratis:service=RaftServer,group=group-A98C51DCDA50,id=f755b87f-3959-4e40-9945-0ecb4afd44e3
2019-09-28 01:17:26,927 [ForkJoinPool.commonPool-worker-0] INFO  util.JmxRegister (JmxRegister.java:unregister(73)) - Successfully un-registered JMX Bean with object name Ratis:service=RaftServer,group=group-76EBF1C9A574,id=1d4e2793-91bc-4b97-9fdd-4d71f8f61250
2019-09-28 01:17:26,927 [main] INFO  impl.RoleInfo (RoleInfo.java:shutdownLeaderState(104)) - f755b87f-3959-4e40-9945-0ecb4afd44e3: shutdown LeaderState
2019-09-28 01:17:26,927 [ForkJoinPool.commonPool-worker-0] INFO  impl.RoleInfo (RoleInfo.java:shutdownLeaderState(104)) - 1d4e2793-91bc-4b97-9fdd-4d71f8f61250: shutdown LeaderState
2019-09-28 01:17:26,935 [org.apache.ratis.server.impl.LogAppender$AppenderDaemon$$Lambda$428/1278375776@45692578] WARN  server.GrpcLogAppender (GrpcLogAppender.java:mayWait(143)) - f755b87f-3959-4e40-9945-0ecb4afd44e3@group-A98C51DCDA50->30802873-5cdc-4a1f-a873-68d0f5360ef3-GrpcLogAppender: Wait interrupted by java.lang.InterruptedException
2019-09-28 01:17:26,935 [org.apache.ratis.server.impl.LogAppender$AppenderDaemon$$Lambda$428/1278375776@6bbb11] WARN  server.GrpcLogAppender (GrpcLogAppender.java:mayWait(143)) - f755b87f-3959-4e40-9945-0ecb4afd44e3@group-A98C51DCDA50->bebff722-814a-4b18-9865-974a3449574f-GrpcLogAppender: Wait interrupted by java.lang.InterruptedException
2019-09-28 01:17:26,935 [main] INFO  impl.PendingRequests (PendingRequests.java:sendNotLeaderResponses(202)) - f755b87f-3959-4e40-9945-0ecb4afd44e3-PendingRequests: sendNotLeaderResponses
2019-09-28 01:17:26,935 [ForkJoinPool.commonPool-worker-0] INFO  impl.PendingRequests (PendingRequests.java:sendNotLeaderResponses(202)) - 1d4e2793-91bc-4b97-9fdd-4d71f8f61250-PendingRequests: sendNotLeaderResponses
2019-09-28 01:17:26,946 [main] INFO  impl.StateMachineUpdater (StateMachineUpdater.java:stopAndJoin(125)) - f755b87f-3959-4e40-9945-0ecb4afd44e3@group-A98C51DCDA50-StateMachineUpdater: set stopIndex = 2
2019-09-28 01:17:26,936 [grpc-default-executor-4] INFO  server.GrpcServerProtocolService (GrpcServerProtocolService.java:onCompleted(113)) - 30802873-5cdc-4a1f-a873-68d0f5360ef3: Completed APPEND_ENTRIES, lastRequest: f755b87f-3959-4e40-9945-0ecb4afd44e3->30802873-5cdc-4a1f-a873-68d0f5360ef3#235-t4, previous=(t:4, i:2), leaderCommit=2, initializing? false, entries: <empty>
2019-09-28 01:17:26,936 [grpc-default-executor-0] INFO  server.GrpcServerProtocolService (GrpcServerProtocolService.java:onCompleted(113)) - bebff722-814a-4b18-9865-974a3449574f: Completed APPEND_ENTRIES, lastRequest: f755b87f-3959-4e40-9945-0ecb4afd44e3->bebff722-814a-4b18-9865-974a3449574f#234-t4, previous=(t:4, i:2), leaderCommit=2, initializing? false, entries: <empty>
2019-09-28 01:17:26,946 [main] INFO  impl.RaftServerImpl (ServerState.java:close(385)) - f755b87f-3959-4e40-9945-0ecb4afd44e3@group-A98C51DCDA50: closes. applyIndex: 2
2019-09-28 01:17:26,946 [ForkJoinPool.commonPool-worker-0] INFO  impl.StateMachineUpdater (StateMachineUpdater.java:stopAndJoin(125)) - 1d4e2793-91bc-4b97-9fdd-4d71f8f61250@group-76EBF1C9A574-StateMachineUpdater: set stopIndex = 0
2019-09-28 01:17:26,948 [f755b87f-3959-4e40-9945-0ecb4afd44e3@group-A98C51DCDA50-SegmentedRaftLogWorker] INFO  segmented.SegmentedRaftLogWorker (SegmentedRaftLogWorker.java:run(313)) - f755b87f-3959-4e40-9945-0ecb4afd44e3@group-A98C51DCDA50-SegmentedRaftLogWorker was interrupted, exiting. There are 0 tasks remaining in the queue.
2019-09-28 01:17:26,948 [grpc-default-executor-4] INFO  server.GrpcLogAppender (GrpcLogAppender.java:onCompleted(293)) - f755b87f-3959-4e40-9945-0ecb4afd44e3@group-A98C51DCDA50->bebff722-814a-4b18-9865-974a3449574f-AppendLogResponseHandler: follower responses appendEntries COMPLETED
2019-09-28 01:17:26,948 [grpc-default-executor-0] INFO  server.GrpcLogAppender (GrpcLogAppender.java:onCompleted(293)) - f755b87f-3959-4e40-9945-0ecb4afd44e3@group-A98C51DCDA50->30802873-5cdc-4a1f-a873-68d0f5360ef3-AppendLogResponseHandler: follower responses appendEntries COMPLETED
2019-09-28 01:17:26,951 [grpc-default-executor-4] INFO  impl.FollowerInfo (FollowerInfo.java:lambda$new$0(51)) - f755b87f-3959-4e40-9945-0ecb4afd44e3@group-A98C51DCDA50->bebff722-814a-4b18-9865-974a3449574f: nextIndex: updateUnconditionally 3 -> 2
2019-09-28 01:17:26,951 [main] INFO  segmented.SegmentedRaftLogWorker (SegmentedRaftLogWorker.java:close(228)) - f755b87f-3959-4e40-9945-0ecb4afd44e3@group-A98C51DCDA50-SegmentedRaftLogWorker close()
2019-09-28 01:17:26,948 [ForkJoinPool.commonPool-worker-0] INFO  impl.RaftServerImpl (ServerState.java:close(385)) - 1d4e2793-91bc-4b97-9fdd-4d71f8f61250@group-76EBF1C9A574: closes. applyIndex: 0
2019-09-28 01:17:26,955 [main] INFO  impl.RaftServerImpl (RaftServerImpl.java:lambda$shutdown$3(251)) - f755b87f-3959-4e40-9945-0ecb4afd44e3@group-AC77E424B83B: shutdown
2019-09-28 01:17:26,951 [grpc-default-executor-0] INFO  impl.FollowerInfo (FollowerInfo.java:lambda$new$0(51)) - f755b87f-3959-4e40-9945-0ecb4afd44e3@group-A98C51DCDA50->30802873-5cdc-4a1f-a873-68d0f5360ef3: nextIndex: updateUnconditionally 3 -> 2
2019-09-28 01:17:26,955 [main] INFO  util.JmxRegister (JmxRegister.java:unregister(73)) - Successfully un-registered JMX Bean with object name Ratis:service=RaftServer,group=group-AC77E424B83B,id=f755b87f-3959-4e40-9945-0ecb4afd44e3
2019-09-28 01:17:26,956 [main] INFO  impl.RoleInfo (RoleInfo.java:shutdownLeaderState(104)) - f755b87f-3959-4e40-9945-0ecb4afd44e3: shutdown LeaderState
2019-09-28 01:17:26,955 [1d4e2793-91bc-4b97-9fdd-4d71f8f61250@group-76EBF1C9A574-SegmentedRaftLogWorker] INFO  segmented.SegmentedRaftLogWorker (SegmentedRaftLogWorker.java:run(313)) - 1d4e2793-91bc-4b97-9fdd-4d71f8f61250@group-76EBF1C9A574-SegmentedRaftLogWorker was interrupted, exiting. There are 0 tasks remaining in the queue.
2019-09-28 01:17:26,956 [main] INFO  impl.PendingRequests (PendingRequests.java:sendNotLeaderResponses(202)) - f755b87f-3959-4e40-9945-0ecb4afd44e3-PendingRequests: sendNotLeaderResponses
2019-09-28 01:17:26,959 [ForkJoinPool.commonPool-worker-0] INFO  segmented.SegmentedRaftLogWorker (SegmentedRaftLogWorker.java:close(228)) - 1d4e2793-91bc-4b97-9fdd-4d71f8f61250@group-76EBF1C9A574-SegmentedRaftLogWorker close()
2019-09-28 01:17:26,960 [main] INFO  impl.StateMachineUpdater (StateMachineUpdater.java:stopAndJoin(125)) - f755b87f-3959-4e40-9945-0ecb4afd44e3@group-AC77E424B83B-StateMachineUpdater: set stopIndex = 0
2019-09-28 01:17:26,962 [ForkJoinPool.commonPool-worker-0] INFO  server.GrpcService (GrpcService.java:closeImpl(164)) - 1d4e2793-91bc-4b97-9fdd-4d71f8f61250: shutdown server with port 42715 now
2019-09-28 01:17:26,963 [main] INFO  impl.RaftServerImpl (ServerState.java:close(385)) - f755b87f-3959-4e40-9945-0ecb4afd44e3@group-AC77E424B83B: closes. applyIndex: 0
2019-09-28 01:17:26,965 [ForkJoinPool.commonPool-worker-0] INFO  server.GrpcService (GrpcService.java:closeImpl(172)) - 1d4e2793-91bc-4b97-9fdd-4d71f8f61250: shutdown server with port 42715 successfully
2019-09-28 01:17:26,966 [f755b87f-3959-4e40-9945-0ecb4afd44e3@group-AC77E424B83B-SegmentedRaftLogWorker] INFO  segmented.SegmentedRaftLogWorker (SegmentedRaftLogWorker.java:run(313)) - f755b87f-3959-4e40-9945-0ecb4afd44e3@group-AC77E424B83B-SegmentedRaftLogWorker was interrupted, exiting. There are 0 tasks remaining in the queue.
2019-09-28 01:17:26,970 [main] INFO  segmented.SegmentedRaftLogWorker (SegmentedRaftLogWorker.java:close(228)) - f755b87f-3959-4e40-9945-0ecb4afd44e3@group-AC77E424B83B-SegmentedRaftLogWorker close()
2019-09-28 01:17:26,973 [main] INFO  server.GrpcService (GrpcService.java:closeImpl(164)) - f755b87f-3959-4e40-9945-0ecb4afd44e3: shutdown server with port 46859 now
2019-09-28 01:17:26,977 [main] INFO  server.GrpcService (GrpcService.java:closeImpl(172)) - f755b87f-3959-4e40-9945-0ecb4afd44e3: shutdown server with port 46859 successfully
2019-09-28 01:17:26,977 [refreshUsed-/workdir/hadoop-ozone/integration-test/target/test-dir/MiniOzoneClusterImpl-d0fea965-b787-49be-9c96-deb71f4b2c88/datanode-3/data/containers] WARN  fs.CachingGetSpaceUsed (CachingGetSpaceUsed.java:run(183)) - Thread Interrupted waiting to refresh disk information: sleep interrupted
2019-09-28 01:17:26,980 [refreshUsed-/workdir/hadoop-ozone/integration-test/target/test-dir/MiniOzoneClusterImpl-d0fea965-b787-49be-9c96-deb71f4b2c88/datanode-6/data/containers] WARN  fs.CachingGetSpaceUsed (CachingGetSpaceUsed.java:run(183)) - Thread Interrupted waiting to refresh disk information: sleep interrupted
2019-09-28 01:17:27,000 [main] INFO  utils.BackgroundService (BackgroundService.java:shutdown(148)) - Shutting down service BlockDeletingService
2019-09-28 01:17:27,000 [ForkJoinPool.commonPool-worker-0] INFO  utils.BackgroundService (BackgroundService.java:shutdown(148)) - Shutting down service BlockDeletingService
2019-09-28 01:17:27,008 [ForkJoinPool.commonPool-worker-0] INFO  statemachine.DatanodeStateMachine (DatanodeStateMachine.java:stopDaemon(395)) - Ozone container server stopped.
2019-09-28 01:17:27,010 [main] INFO  statemachine.DatanodeStateMachine (DatanodeStateMachine.java:stopDaemon(395)) - Ozone container server stopped.
2019-09-28 01:17:27,018 [ForkJoinPool.commonPool-worker-0] INFO  handler.ContextHandler (ContextHandler.java:doStop(910)) - Stopped o.e.j.w.WebAppContext@30c3ae63{/,null,UNAVAILABLE}{/hddsDatanode}
2019-09-28 01:17:27,018 [main] INFO  handler.ContextHandler (ContextHandler.java:doStop(910)) - Stopped o.e.j.w.WebAppContext@50a13c2f{/,null,UNAVAILABLE}{/hddsDatanode}
2019-09-28 01:17:27,019 [ForkJoinPool.commonPool-worker-0] INFO  server.AbstractConnector (AbstractConnector.java:doStop(318)) - Stopped ServerConnector@58658f63{HTTP/1.1,[http/1.1]}{0.0.0.0:0}
2019-09-28 01:17:27,021 [main] INFO  server.AbstractConnector (AbstractConnector.java:doStop(318)) - Stopped ServerConnector@610d28b8{HTTP/1.1,[http/1.1]}{0.0.0.0:0}
2019-09-28 01:17:27,033 [ForkJoinPool.commonPool-worker-0] INFO  handler.ContextHandler (ContextHandler.java:doStop(910)) - Stopped o.e.j.s.ServletContextHandler@67022ea{/static,jar:file:/home/user/.m2/repository/org/apache/hadoop/hadoop-hdds-container-service/0.5.0-SNAPSHOT/hadoop-hdds-container-service-0.5.0-SNAPSHOT.jar!/webapps/static,UNAVAILABLE}
2019-09-28 01:17:27,033 [main] INFO  handler.ContextHandler (ContextHandler.java:doStop(910)) - Stopped o.e.j.s.ServletContextHandler@7f7b6639{/static,jar:file:/home/user/.m2/repository/org/apache/hadoop/hadoop-hdds-container-service/0.5.0-SNAPSHOT/hadoop-hdds-container-service-0.5.0-SNAPSHOT.jar!/webapps/static,UNAVAILABLE}
2019-09-28 01:17:27,033 [ForkJoinPool.commonPool-worker-0] INFO  handler.ContextHandler (ContextHandler.java:doStop(910)) - Stopped o.e.j.s.ServletContextHandler@52b46d52{/logs,file:///workdir/hadoop-ozone/integration-test/target/log,UNAVAILABLE}
2019-09-28 01:17:27,034 [main] INFO  handler.ContextHandler (ContextHandler.java:doStop(910)) - Stopped o.e.j.s.ServletContextHandler@1c067c0d{/logs,file:///workdir/hadoop-ozone/integration-test/target/log,UNAVAILABLE}
2019-09-28 01:17:27,084 [Datanode State Machine Thread - 0] INFO  statemachine.DatanodeStateMachine (DatanodeStateMachine.java:lambda$startDaemon$0(350)) - Ozone container server started.
2019-09-28 01:17:27,351 [grpc-default-executor-1] WARN  server.GrpcLogAppender (LogUtils.java:warn(134)) - 88097dad-bc5b-411c-9cd7-f6ac7aee11e0@group-6C5385ADC24A->e1c1c139-c9d2-4524-9627-6fde74a335c6-AppendLogResponseHandler: Failed appendEntries: org.apache.ratis.thirdparty.io.grpc.StatusRuntimeException: UNAVAILABLE: io exception
2019-09-28 01:17:27,352 [grpc-default-executor-1] INFO  impl.FollowerInfo (FollowerInfo.java:lambda$new$0(51)) - 88097dad-bc5b-411c-9cd7-f6ac7aee11e0@group-6C5385ADC24A->e1c1c139-c9d2-4524-9627-6fde74a335c6: nextIndex: updateUnconditionally 0 -> 0
2019-09-28 01:17:27,352 [grpc-default-executor-5] WARN  server.GrpcLogAppender (LogUtils.java:warn(134)) - 269561c1-184f-4010-93c7-8c28cea2e49d@group-BD940380B4CC->e713f41d-3c96-4fbb-9d49-ce14b311e545-AppendLogResponseHandler: Failed appendEntries: org.apache.ratis.thirdparty.io.grpc.StatusRuntimeException: UNAVAILABLE: io exception
2019-09-28 01:17:27,353 [grpc-default-executor-5] INFO  impl.FollowerInfo (FollowerInfo.java:lambda$new$0(51)) - 269561c1-184f-4010-93c7-8c28cea2e49d@group-BD940380B4CC->e713f41d-3c96-4fbb-9d49-ce14b311e545: nextIndex: updateUnconditionally 0 -> 0
2019-09-28 01:17:27,377 [Datanode State Machine Thread - 0] INFO  statemachine.DatanodeStateMachine (DatanodeStateMachine.java:lambda$startDaemon$0(350)) - Ozone container server started.
2019-09-28 01:17:27,852 [grpc-default-executor-4] WARN  server.GrpcLogAppender (LogUtils.java:warn(134)) - 88097dad-bc5b-411c-9cd7-f6ac7aee11e0@group-6C5385ADC24A->e1c1c139-c9d2-4524-9627-6fde74a335c6-AppendLogResponseHandler: Failed appendEntries: org.apache.ratis.thirdparty.io.grpc.StatusRuntimeException: UNAVAILABLE: io exception
2019-09-28 01:17:27,853 [grpc-default-executor-0] WARN  server.GrpcLogAppender (LogUtils.java:warn(134)) - 269561c1-184f-4010-93c7-8c28cea2e49d@group-BD940380B4CC->e713f41d-3c96-4fbb-9d49-ce14b311e545-AppendLogResponseHandler: Failed appendEntries: org.apache.ratis.thirdparty.io.grpc.StatusRuntimeException: UNAVAILABLE: io exception
2019-09-28 01:17:27,853 [grpc-default-executor-4] INFO  impl.FollowerInfo (FollowerInfo.java:lambda$new$0(51)) - 88097dad-bc5b-411c-9cd7-f6ac7aee11e0@group-6C5385ADC24A->e1c1c139-c9d2-4524-9627-6fde74a335c6: nextIndex: updateUnconditionally 0 -> 0
2019-09-28 01:17:27,853 [grpc-default-executor-0] INFO  impl.FollowerInfo (FollowerInfo.java:lambda$new$0(51)) - 269561c1-184f-4010-93c7-8c28cea2e49d@group-BD940380B4CC->e713f41d-3c96-4fbb-9d49-ce14b311e545: nextIndex: updateUnconditionally 0 -> 0
2019-09-28 01:17:28,217 [Thread-2398] INFO  impl.FollowerState (FollowerState.java:run(106)) - bebff722-814a-4b18-9865-974a3449574f:group-A98C51DCDA50 changes to CANDIDATE, lastRpcTime:1354, electionTimeout:1167ms
2019-09-28 01:17:28,217 [Thread-2398] INFO  impl.RoleInfo (RoleInfo.java:shutdownFollowerState(121)) - bebff722-814a-4b18-9865-974a3449574f: shutdown FollowerState
2019-09-28 01:17:28,218 [Thread-2398] INFO  impl.RaftServerImpl (RaftServerImpl.java:setRole(174)) - bebff722-814a-4b18-9865-974a3449574f@group-A98C51DCDA50: changes role from  FOLLOWER to CANDIDATE at term 4 for changeToCandidate
2019-09-28 01:17:28,218 [Thread-2398] INFO  impl.RoleInfo (RoleInfo.java:updateAndGet(143)) - bebff722-814a-4b18-9865-974a3449574f: start LeaderElection
2019-09-28 01:17:28,219 [bebff722-814a-4b18-9865-974a3449574f@group-A98C51DCDA50:LeaderElection67] INFO  impl.RaftServerImpl (ServerState.java:setLeader(253)) - bebff722-814a-4b18-9865-974a3449574f@group-A98C51DCDA50: change Leader from f755b87f-3959-4e40-9945-0ecb4afd44e3 to null at term 4 for initElection
2019-09-28 01:17:28,246 [bebff722-814a-4b18-9865-974a3449574f@group-A98C51DCDA50:LeaderElection67] INFO  impl.LeaderElection (LeaderElection.java:askForVotes(182)) - bebff722-814a-4b18-9865-974a3449574f@group-A98C51DCDA50:LeaderElection67: begin an election at term 5 for 1: [bebff722-814a-4b18-9865-974a3449574f:192.168.151.82:34194, 30802873-5cdc-4a1f-a873-68d0f5360ef3:192.168.151.82:38416, f755b87f-3959-4e40-9945-0ecb4afd44e3:192.168.151.82:46859], old=null
2019-09-28 01:17:28,250 [bebff722-814a-4b18-9865-974a3449574f@group-A98C51DCDA50:LeaderElection67] INFO  impl.LeaderElection (LogUtils.java:infoOrTrace(149)) - bebff722-814a-4b18-9865-974a3449574f@group-A98C51DCDA50:LeaderElection67 got exception when requesting votes: {}
java.util.concurrent.ExecutionException: org.apache.ratis.thirdparty.io.grpc.StatusRuntimeException: UNAVAILABLE: io exception
	at java.util.concurrent.FutureTask.report(FutureTask.java:122)
	at java.util.concurrent.FutureTask.get(FutureTask.java:192)
	at org.apache.ratis.server.impl.LeaderElection.waitForResults(LeaderElection.java:263)
	at org.apache.ratis.server.impl.LeaderElection.askForVotes(LeaderElection.java:201)
	at org.apache.ratis.server.impl.LeaderElection.run(LeaderElection.java:133)
	at java.lang.Thread.run(Thread.java:748)
Caused by: org.apache.ratis.thirdparty.io.grpc.StatusRuntimeException: UNAVAILABLE: io exception
	at org.apache.ratis.thirdparty.io.grpc.stub.ClientCalls.toStatusRuntimeException(ClientCalls.java:233)
	at org.apache.ratis.thirdparty.io.grpc.stub.ClientCalls.getUnchecked(ClientCalls.java:214)
	at org.apache.ratis.thirdparty.io.grpc.stub.ClientCalls.blockingUnaryCall(ClientCalls.java:139)
	at org.apache.ratis.proto.grpc.RaftServerProtocolServiceGrpc$RaftServerProtocolServiceBlockingStub.requestVote(RaftServerProtocolServiceGrpc.java:265)
	at org.apache.ratis.grpc.server.GrpcServerProtocolClient.requestVote(GrpcServerProtocolClient.java:90)
	at org.apache.ratis.grpc.server.GrpcService.requestVote(GrpcService.java:204)
	at org.apache.ratis.server.impl.LeaderElection.lambda$submitRequests$1(LeaderElection.java:238)
	at java.util.concurrent.FutureTask.run(FutureTask.java:266)
	at java.util.concurrent.Executors$RunnableAdapter.call(Executors.java:511)
	at java.util.concurrent.FutureTask.run(FutureTask.java:266)
	at java.util.concurrent.ThreadPoolExecutor.runWorker(ThreadPoolExecutor.java:1149)
	at java.util.concurrent.ThreadPoolExecutor$Worker.run(ThreadPoolExecutor.java:624)
	... 1 more
Caused by: org.apache.ratis.thirdparty.io.netty.channel.AbstractChannel$AnnotatedConnectException: Connection refused: /192.168.151.82:46859
	at sun.nio.ch.SocketChannelImpl.checkConnect(Native Method)
	at sun.nio.ch.SocketChannelImpl.finishConnect(SocketChannelImpl.java:717)
	at org.apache.ratis.thirdparty.io.netty.channel.socket.nio.NioSocketChannel.doFinishConnect(NioSocketChannel.java:327)
	at org.apache.ratis.thirdparty.io.netty.channel.nio.AbstractNioChannel$AbstractNioUnsafe.finishConnect(AbstractNioChannel.java:340)
	at org.apache.ratis.thirdparty.io.netty.channel.nio.NioEventLoop.processSelectedKey(NioEventLoop.java:632)
	at org.apache.ratis.thirdparty.io.netty.channel.nio.NioEventLoop.processSelectedKeysOptimized(NioEventLoop.java:579)
	at org.apache.ratis.thirdparty.io.netty.channel.nio.NioEventLoop.processSelectedKeys(NioEventLoop.java:496)
	at org.apache.ratis.thirdparty.io.netty.channel.nio.NioEventLoop.run(NioEventLoop.java:458)
	at org.apache.ratis.thirdparty.io.netty.util.concurrent.SingleThreadEventExecutor$5.run(SingleThreadEventExecutor.java:897)
	at org.apache.ratis.thirdparty.io.netty.util.concurrent.FastThreadLocalRunnable.run(FastThreadLocalRunnable.java:30)
	... 1 more
Caused by: java.net.ConnectException: Connection refused
	... 11 more
2019-09-28 01:17:28,253 [Thread-2399] INFO  impl.FollowerState (FollowerState.java:run(106)) - 30802873-5cdc-4a1f-a873-68d0f5360ef3:group-A98C51DCDA50 changes to CANDIDATE, lastRpcTime:1390, electionTimeout:1099ms
2019-09-28 01:17:28,253 [Thread-2399] INFO  impl.RoleInfo (RoleInfo.java:shutdownFollowerState(121)) - 30802873-5cdc-4a1f-a873-68d0f5360ef3: shutdown FollowerState
2019-09-28 01:17:28,253 [Thread-2399] INFO  impl.RaftServerImpl (RaftServerImpl.java:setRole(174)) - 30802873-5cdc-4a1f-a873-68d0f5360ef3@group-A98C51DCDA50: changes role from  FOLLOWER to CANDIDATE at term 4 for changeToCandidate
2019-09-28 01:17:28,254 [Thread-2399] INFO  impl.RoleInfo (RoleInfo.java:updateAndGet(143)) - 30802873-5cdc-4a1f-a873-68d0f5360ef3: start LeaderElection
2019-09-28 01:17:28,254 [grpc-default-executor-4] INFO  impl.RaftServerImpl (ServerState.java:setLeader(253)) - 30802873-5cdc-4a1f-a873-68d0f5360ef3@group-A98C51DCDA50: change Leader from f755b87f-3959-4e40-9945-0ecb4afd44e3 to null at term 5 for updateCurrentTerm
2019-09-28 01:17:28,254 [grpc-default-executor-4] INFO  impl.RaftServerImpl (RaftServerImpl.java:setRole(174)) - 30802873-5cdc-4a1f-a873-68d0f5360ef3@group-A98C51DCDA50: changes role from CANDIDATE to FOLLOWER at term 5 for recognizeCandidate:bebff722-814a-4b18-9865-974a3449574f
2019-09-28 01:17:28,255 [grpc-default-executor-4] INFO  impl.RoleInfo (RoleInfo.java:shutdownLeaderElection(134)) - 30802873-5cdc-4a1f-a873-68d0f5360ef3: shutdown LeaderElection
2019-09-28 01:17:28,255 [grpc-default-executor-4] INFO  impl.RoleInfo (RoleInfo.java:updateAndGet(143)) - 30802873-5cdc-4a1f-a873-68d0f5360ef3: start FollowerState
2019-09-28 01:17:28,274 [bebff722-814a-4b18-9865-974a3449574f@group-A98C51DCDA50:LeaderElection67] INFO  impl.LeaderElection (LeaderElection.java:logAndReturn(56)) - bebff722-814a-4b18-9865-974a3449574f@group-A98C51DCDA50:LeaderElection67: Election REJECTED; received 1 response(s) [bebff722-814a-4b18-9865-974a3449574f<-30802873-5cdc-4a1f-a873-68d0f5360ef3#0:FAIL-t5] and 1 exception(s); bebff722-814a-4b18-9865-974a3449574f@group-A98C51DCDA50:t5, leader=null, voted=bebff722-814a-4b18-9865-974a3449574f, raftlog=bebff722-814a-4b18-9865-974a3449574f@group-A98C51DCDA50-SegmentedRaftLog:OPENED:c2,f2,i2, conf=1: [bebff722-814a-4b18-9865-974a3449574f:192.168.151.82:34194, 30802873-5cdc-4a1f-a873-68d0f5360ef3:192.168.151.82:38416, f755b87f-3959-4e40-9945-0ecb4afd44e3:192.168.151.82:46859], old=null
2019-09-28 01:17:28,274 [bebff722-814a-4b18-9865-974a3449574f@group-A98C51DCDA50:LeaderElection67] INFO  impl.LeaderElection (LogUtils.java:infoOrTrace(149)) -   Exception 0: {}
java.util.concurrent.ExecutionException: org.apache.ratis.thirdparty.io.grpc.StatusRuntimeException: UNAVAILABLE: io exception
	at java.util.concurrent.FutureTask.report(FutureTask.java:122)
	at java.util.concurrent.FutureTask.get(FutureTask.java:192)
	at org.apache.ratis.server.impl.LeaderElection.waitForResults(LeaderElection.java:263)
	at org.apache.ratis.server.impl.LeaderElection.askForVotes(LeaderElection.java:201)
	at org.apache.ratis.server.impl.LeaderElection.run(LeaderElection.java:133)
	at java.lang.Thread.run(Thread.java:748)
Caused by: org.apache.ratis.thirdparty.io.grpc.StatusRuntimeException: UNAVAILABLE: io exception
	at org.apache.ratis.thirdparty.io.grpc.stub.ClientCalls.toStatusRuntimeException(ClientCalls.java:233)
	at org.apache.ratis.thirdparty.io.grpc.stub.ClientCalls.getUnchecked(ClientCalls.java:214)
	at org.apache.ratis.thirdparty.io.grpc.stub.ClientCalls.blockingUnaryCall(ClientCalls.java:139)
	at org.apache.ratis.proto.grpc.RaftServerProtocolServiceGrpc$RaftServerProtocolServiceBlockingStub.requestVote(RaftServerProtocolServiceGrpc.java:265)
	at org.apache.ratis.grpc.server.GrpcServerProtocolClient.requestVote(GrpcServerProtocolClient.java:90)
	at org.apache.ratis.grpc.server.GrpcService.requestVote(GrpcService.java:204)
	at org.apache.ratis.server.impl.LeaderElection.lambda$submitRequests$1(LeaderElection.java:238)
	at java.util.concurrent.FutureTask.run(FutureTask.java:266)
	at java.util.concurrent.Executors$RunnableAdapter.call(Executors.java:511)
	at java.util.concurrent.FutureTask.run(FutureTask.java:266)
	at java.util.concurrent.ThreadPoolExecutor.runWorker(ThreadPoolExecutor.java:1149)
	at java.util.concurrent.ThreadPoolExecutor$Worker.run(ThreadPoolExecutor.java:624)
	... 1 more
Caused by: org.apache.ratis.thirdparty.io.netty.channel.AbstractChannel$AnnotatedConnectException: Connection refused: /192.168.151.82:46859
	at sun.nio.ch.SocketChannelImpl.checkConnect(Native Method)
	at sun.nio.ch.SocketChannelImpl.finishConnect(SocketChannelImpl.java:717)
	at org.apache.ratis.thirdparty.io.netty.channel.socket.nio.NioSocketChannel.doFinishConnect(NioSocketChannel.java:327)
	at org.apache.ratis.thirdparty.io.netty.channel.nio.AbstractNioChannel$AbstractNioUnsafe.finishConnect(AbstractNioChannel.java:340)
	at org.apache.ratis.thirdparty.io.netty.channel.nio.NioEventLoop.processSelectedKey(NioEventLoop.java:632)
	at org.apache.ratis.thirdparty.io.netty.channel.nio.NioEventLoop.processSelectedKeysOptimized(NioEventLoop.java:579)
	at org.apache.ratis.thirdparty.io.netty.channel.nio.NioEventLoop.processSelectedKeys(NioEventLoop.java:496)
	at org.apache.ratis.thirdparty.io.netty.channel.nio.NioEventLoop.run(NioEventLoop.java:458)
	at org.apache.ratis.thirdparty.io.netty.util.concurrent.SingleThreadEventExecutor$5.run(SingleThreadEventExecutor.java:897)
	at org.apache.ratis.thirdparty.io.netty.util.concurrent.FastThreadLocalRunnable.run(FastThreadLocalRunnable.java:30)
	... 1 more
Caused by: java.net.ConnectException: Connection refused
	... 11 more
2019-09-28 01:17:28,274 [bebff722-814a-4b18-9865-974a3449574f@group-A98C51DCDA50:LeaderElection67] INFO  impl.RaftServerImpl (RaftServerImpl.java:setRole(174)) - bebff722-814a-4b18-9865-974a3449574f@group-A98C51DCDA50: changes role from CANDIDATE to FOLLOWER at term 5 for DISCOVERED_A_NEW_TERM
2019-09-28 01:17:28,275 [bebff722-814a-4b18-9865-974a3449574f@group-A98C51DCDA50:LeaderElection67] INFO  impl.RoleInfo (RoleInfo.java:shutdownLeaderElection(134)) - bebff722-814a-4b18-9865-974a3449574f: shutdown LeaderElection
2019-09-28 01:17:28,275 [bebff722-814a-4b18-9865-974a3449574f@group-A98C51DCDA50:LeaderElection67] INFO  impl.RoleInfo (RoleInfo.java:updateAndGet(143)) - bebff722-814a-4b18-9865-974a3449574f: start FollowerState
2019-09-28 01:17:28,281 [30802873-5cdc-4a1f-a873-68d0f5360ef3@group-A98C51DCDA50:LeaderElection68] INFO  impl.LeaderElection (LeaderElection.java:askForVotes(182)) - 30802873-5cdc-4a1f-a873-68d0f5360ef3@group-A98C51DCDA50:LeaderElection68: begin an election at term 6 for 1: [bebff722-814a-4b18-9865-974a3449574f:192.168.151.82:34194, 30802873-5cdc-4a1f-a873-68d0f5360ef3:192.168.151.82:38416, f755b87f-3959-4e40-9945-0ecb4afd44e3:192.168.151.82:46859], old=null
2019-09-28 01:17:28,282 [30802873-5cdc-4a1f-a873-68d0f5360ef3@group-A98C51DCDA50:LeaderElection68] INFO  impl.LeaderElection (LeaderElection.java:logAndReturn(56)) - 30802873-5cdc-4a1f-a873-68d0f5360ef3@group-A98C51DCDA50:LeaderElection68: Election REJECTED; received 0 response(s) [] and 0 exception(s); 30802873-5cdc-4a1f-a873-68d0f5360ef3@group-A98C51DCDA50:t6, leader=null, voted=30802873-5cdc-4a1f-a873-68d0f5360ef3, raftlog=30802873-5cdc-4a1f-a873-68d0f5360ef3@group-A98C51DCDA50-SegmentedRaftLog:OPENED:c2,f2,i2, conf=1: [bebff722-814a-4b18-9865-974a3449574f:192.168.151.82:34194, 30802873-5cdc-4a1f-a873-68d0f5360ef3:192.168.151.82:38416, f755b87f-3959-4e40-9945-0ecb4afd44e3:192.168.151.82:46859], old=null
2019-09-28 01:17:28,284 [grpc-default-executor-0] INFO  impl.RaftServerImpl (RaftServerImpl.java:setRole(174)) - bebff722-814a-4b18-9865-974a3449574f@group-A98C51DCDA50: changes role from  FOLLOWER to FOLLOWER at term 6 for recognizeCandidate:30802873-5cdc-4a1f-a873-68d0f5360ef3
2019-09-28 01:17:28,284 [grpc-default-executor-0] INFO  impl.RoleInfo (RoleInfo.java:shutdownFollowerState(121)) - bebff722-814a-4b18-9865-974a3449574f: shutdown FollowerState
2019-09-28 01:17:28,285 [grpc-default-executor-0] INFO  impl.RoleInfo (RoleInfo.java:updateAndGet(143)) - bebff722-814a-4b18-9865-974a3449574f: start FollowerState
2019-09-28 01:17:28,285 [Thread-3824] INFO  impl.FollowerState (FollowerState.java:run(115)) - bebff722-814a-4b18-9865-974a3449574f: FollowerState was interrupted: java.lang.InterruptedException: sleep interrupted
2019-09-28 01:17:28,353 [grpc-default-executor-5] WARN  server.GrpcLogAppender (LogUtils.java:warn(134)) - 88097dad-bc5b-411c-9cd7-f6ac7aee11e0@group-6C5385ADC24A->e1c1c139-c9d2-4524-9627-6fde74a335c6-AppendLogResponseHandler: Failed appendEntries: org.apache.ratis.thirdparty.io.grpc.StatusRuntimeException: UNAVAILABLE: io exception
2019-09-28 01:17:28,353 [grpc-default-executor-3] WARN  server.GrpcLogAppender (LogUtils.java:warn(134)) - 269561c1-184f-4010-93c7-8c28cea2e49d@group-BD940380B4CC->e713f41d-3c96-4fbb-9d49-ce14b311e545-AppendLogResponseHandler: Failed appendEntries: org.apache.ratis.thirdparty.io.grpc.StatusRuntimeException: UNAVAILABLE: io exception
2019-09-28 01:17:28,353 [grpc-default-executor-5] INFO  impl.FollowerInfo (FollowerInfo.java:lambda$new$0(51)) - 88097dad-bc5b-411c-9cd7-f6ac7aee11e0@group-6C5385ADC24A->e1c1c139-c9d2-4524-9627-6fde74a335c6: nextIndex: updateUnconditionally 0 -> 0
2019-09-28 01:17:28,353 [grpc-default-executor-3] INFO  impl.FollowerInfo (FollowerInfo.java:lambda$new$0(51)) - 269561c1-184f-4010-93c7-8c28cea2e49d@group-BD940380B4CC->e713f41d-3c96-4fbb-9d49-ce14b311e545: nextIndex: updateUnconditionally 0 -> 0
2019-09-28 01:17:28,854 [grpc-default-executor-5] WARN  server.GrpcLogAppender (LogUtils.java:warn(134)) - 269561c1-184f-4010-93c7-8c28cea2e49d@group-BD940380B4CC->e713f41d-3c96-4fbb-9d49-ce14b311e545-AppendLogResponseHandler: Failed appendEntries: org.apache.ratis.thirdparty.io.grpc.StatusRuntimeException: UNAVAILABLE: io exception
2019-09-28 01:17:28,854 [grpc-default-executor-3] WARN  server.GrpcLogAppender (LogUtils.java:warn(134)) - 88097dad-bc5b-411c-9cd7-f6ac7aee11e0@group-6C5385ADC24A->e1c1c139-c9d2-4524-9627-6fde74a335c6-AppendLogResponseHandler: Failed appendEntries: org.apache.ratis.thirdparty.io.grpc.StatusRuntimeException: UNAVAILABLE: io exception
2019-09-28 01:17:28,855 [grpc-default-executor-5] INFO  impl.FollowerInfo (FollowerInfo.java:lambda$new$0(51)) - 269561c1-184f-4010-93c7-8c28cea2e49d@group-BD940380B4CC->e713f41d-3c96-4fbb-9d49-ce14b311e545: nextIndex: updateUnconditionally 0 -> 0
2019-09-28 01:17:28,855 [grpc-default-executor-3] INFO  impl.FollowerInfo (FollowerInfo.java:lambda$new$0(51)) - 88097dad-bc5b-411c-9cd7-f6ac7aee11e0@group-6C5385ADC24A->e1c1c139-c9d2-4524-9627-6fde74a335c6: nextIndex: updateUnconditionally 0 -> 0
2019-09-28 01:17:29,285 [Thread-3827] INFO  impl.FollowerState (FollowerState.java:run(106)) - bebff722-814a-4b18-9865-974a3449574f:group-A98C51DCDA50 changes to CANDIDATE, lastRpcTime:1000, electionTimeout:1000ms
2019-09-28 01:17:29,286 [Thread-3827] INFO  impl.RoleInfo (RoleInfo.java:shutdownFollowerState(121)) - bebff722-814a-4b18-9865-974a3449574f: shutdown FollowerState
2019-09-28 01:17:29,286 [Thread-3827] INFO  impl.RaftServerImpl (RaftServerImpl.java:setRole(174)) - bebff722-814a-4b18-9865-974a3449574f@group-A98C51DCDA50: changes role from  FOLLOWER to CANDIDATE at term 6 for changeToCandidate
2019-09-28 01:17:29,286 [Thread-3827] INFO  impl.RoleInfo (RoleInfo.java:updateAndGet(143)) - bebff722-814a-4b18-9865-974a3449574f: start LeaderElection
2019-09-28 01:17:29,300 [bebff722-814a-4b18-9865-974a3449574f@group-A98C51DCDA50:LeaderElection69] INFO  impl.LeaderElection (LeaderElection.java:askForVotes(182)) - bebff722-814a-4b18-9865-974a3449574f@group-A98C51DCDA50:LeaderElection69: begin an election at term 7 for 1: [bebff722-814a-4b18-9865-974a3449574f:192.168.151.82:34194, 30802873-5cdc-4a1f-a873-68d0f5360ef3:192.168.151.82:38416, f755b87f-3959-4e40-9945-0ecb4afd44e3:192.168.151.82:46859], old=null
2019-09-28 01:17:29,302 [bebff722-814a-4b18-9865-974a3449574f@group-A98C51DCDA50:LeaderElection69] INFO  impl.LeaderElection (LogUtils.java:infoOrTrace(149)) - bebff722-814a-4b18-9865-974a3449574f@group-A98C51DCDA50:LeaderElection69 got exception when requesting votes: {}
java.util.concurrent.ExecutionException: org.apache.ratis.thirdparty.io.grpc.StatusRuntimeException: UNAVAILABLE: io exception
	at java.util.concurrent.FutureTask.report(FutureTask.java:122)
	at java.util.concurrent.FutureTask.get(FutureTask.java:192)
	at org.apache.ratis.server.impl.LeaderElection.waitForResults(LeaderElection.java:263)
	at org.apache.ratis.server.impl.LeaderElection.askForVotes(LeaderElection.java:201)
	at org.apache.ratis.server.impl.LeaderElection.run(LeaderElection.java:133)
	at java.lang.Thread.run(Thread.java:748)
Caused by: org.apache.ratis.thirdparty.io.grpc.StatusRuntimeException: UNAVAILABLE: io exception
	at org.apache.ratis.thirdparty.io.grpc.stub.ClientCalls.toStatusRuntimeException(ClientCalls.java:233)
	at org.apache.ratis.thirdparty.io.grpc.stub.ClientCalls.getUnchecked(ClientCalls.java:214)
	at org.apache.ratis.thirdparty.io.grpc.stub.ClientCalls.blockingUnaryCall(ClientCalls.java:139)
	at org.apache.ratis.proto.grpc.RaftServerProtocolServiceGrpc$RaftServerProtocolServiceBlockingStub.requestVote(RaftServerProtocolServiceGrpc.java:265)
	at org.apache.ratis.grpc.server.GrpcServerProtocolClient.requestVote(GrpcServerProtocolClient.java:90)
	at org.apache.ratis.grpc.server.GrpcService.requestVote(GrpcService.java:204)
	at org.apache.ratis.server.impl.LeaderElection.lambda$submitRequests$1(LeaderElection.java:238)
	at java.util.concurrent.FutureTask.run(FutureTask.java:266)
	at java.util.concurrent.Executors$RunnableAdapter.call(Executors.java:511)
	at java.util.concurrent.FutureTask.run(FutureTask.java:266)
	at java.util.concurrent.ThreadPoolExecutor.runWorker(ThreadPoolExecutor.java:1149)
	at java.util.concurrent.ThreadPoolExecutor$Worker.run(ThreadPoolExecutor.java:624)
	... 1 more
Caused by: org.apache.ratis.thirdparty.io.netty.channel.AbstractChannel$AnnotatedConnectException: Connection refused: /192.168.151.82:46859
	at sun.nio.ch.SocketChannelImpl.checkConnect(Native Method)
	at sun.nio.ch.SocketChannelImpl.finishConnect(SocketChannelImpl.java:717)
	at org.apache.ratis.thirdparty.io.netty.channel.socket.nio.NioSocketChannel.doFinishConnect(NioSocketChannel.java:327)
	at org.apache.ratis.thirdparty.io.netty.channel.nio.AbstractNioChannel$AbstractNioUnsafe.finishConnect(AbstractNioChannel.java:340)
	at org.apache.ratis.thirdparty.io.netty.channel.nio.NioEventLoop.processSelectedKey(NioEventLoop.java:632)
	at org.apache.ratis.thirdparty.io.netty.channel.nio.NioEventLoop.processSelectedKeysOptimized(NioEventLoop.java:579)
	at org.apache.ratis.thirdparty.io.netty.channel.nio.NioEventLoop.processSelectedKeys(NioEventLoop.java:496)
	at org.apache.ratis.thirdparty.io.netty.channel.nio.NioEventLoop.run(NioEventLoop.java:458)
	at org.apache.ratis.thirdparty.io.netty.util.concurrent.SingleThreadEventExecutor$5.run(SingleThreadEventExecutor.java:897)
	at org.apache.ratis.thirdparty.io.netty.util.concurrent.FastThreadLocalRunnable.run(FastThreadLocalRunnable.java:30)
	... 1 more
Caused by: java.net.ConnectException: Connection refused
	... 11 more
2019-09-28 01:17:29,304 [grpc-default-executor-3] INFO  impl.RaftServerImpl (RaftServerImpl.java:setRole(174)) - 30802873-5cdc-4a1f-a873-68d0f5360ef3@group-A98C51DCDA50: changes role from  FOLLOWER to FOLLOWER at term 7 for recognizeCandidate:bebff722-814a-4b18-9865-974a3449574f
2019-09-28 01:17:29,304 [grpc-default-executor-3] INFO  impl.RoleInfo (RoleInfo.java:shutdownFollowerState(121)) - 30802873-5cdc-4a1f-a873-68d0f5360ef3: shutdown FollowerState
2019-09-28 01:17:29,304 [grpc-default-executor-3] INFO  impl.RoleInfo (RoleInfo.java:updateAndGet(143)) - 30802873-5cdc-4a1f-a873-68d0f5360ef3: start FollowerState
2019-09-28 01:17:29,304 [Thread-3823] INFO  impl.FollowerState (FollowerState.java:run(115)) - 30802873-5cdc-4a1f-a873-68d0f5360ef3: FollowerState was interrupted: java.lang.InterruptedException: sleep interrupted
2019-09-28 01:17:29,319 [bebff722-814a-4b18-9865-974a3449574f@group-A98C51DCDA50:LeaderElection69] INFO  impl.LeaderElection (LeaderElection.java:logAndReturn(56)) - bebff722-814a-4b18-9865-974a3449574f@group-A98C51DCDA50:LeaderElection69: Election PASSED; received 1 response(s) [bebff722-814a-4b18-9865-974a3449574f<-30802873-5cdc-4a1f-a873-68d0f5360ef3#0:OK-t7] and 1 exception(s); bebff722-814a-4b18-9865-974a3449574f@group-A98C51DCDA50:t7, leader=null, voted=bebff722-814a-4b18-9865-974a3449574f, raftlog=bebff722-814a-4b18-9865-974a3449574f@group-A98C51DCDA50-SegmentedRaftLog:OPENED:c2,f2,i2, conf=1: [bebff722-814a-4b18-9865-974a3449574f:192.168.151.82:34194, 30802873-5cdc-4a1f-a873-68d0f5360ef3:192.168.151.82:38416, f755b87f-3959-4e40-9945-0ecb4afd44e3:192.168.151.82:46859], old=null
2019-09-28 01:17:29,319 [bebff722-814a-4b18-9865-974a3449574f@group-A98C51DCDA50:LeaderElection69] INFO  impl.LeaderElection (LogUtils.java:infoOrTrace(149)) -   Exception 0: {}
java.util.concurrent.ExecutionException: org.apache.ratis.thirdparty.io.grpc.StatusRuntimeException: UNAVAILABLE: io exception
	at java.util.concurrent.FutureTask.report(FutureTask.java:122)
	at java.util.concurrent.FutureTask.get(FutureTask.java:192)
	at org.apache.ratis.server.impl.LeaderElection.waitForResults(LeaderElection.java:263)
	at org.apache.ratis.server.impl.LeaderElection.askForVotes(LeaderElection.java:201)
	at org.apache.ratis.server.impl.LeaderElection.run(LeaderElection.java:133)
	at java.lang.Thread.run(Thread.java:748)
Caused by: org.apache.ratis.thirdparty.io.grpc.StatusRuntimeException: UNAVAILABLE: io exception
	at org.apache.ratis.thirdparty.io.grpc.stub.ClientCalls.toStatusRuntimeException(ClientCalls.java:233)
	at org.apache.ratis.thirdparty.io.grpc.stub.ClientCalls.getUnchecked(ClientCalls.java:214)
	at org.apache.ratis.thirdparty.io.grpc.stub.ClientCalls.blockingUnaryCall(ClientCalls.java:139)
	at org.apache.ratis.proto.grpc.RaftServerProtocolServiceGrpc$RaftServerProtocolServiceBlockingStub.requestVote(RaftServerProtocolServiceGrpc.java:265)
	at org.apache.ratis.grpc.server.GrpcServerProtocolClient.requestVote(GrpcServerProtocolClient.java:90)
	at org.apache.ratis.grpc.server.GrpcService.requestVote(GrpcService.java:204)
	at org.apache.ratis.server.impl.LeaderElection.lambda$submitRequests$1(LeaderElection.java:238)
	at java.util.concurrent.FutureTask.run(FutureTask.java:266)
	at java.util.concurrent.Executors$RunnableAdapter.call(Executors.java:511)
	at java.util.concurrent.FutureTask.run(FutureTask.java:266)
	at java.util.concurrent.ThreadPoolExecutor.runWorker(ThreadPoolExecutor.java:1149)
	at java.util.concurrent.ThreadPoolExecutor$Worker.run(ThreadPoolExecutor.java:624)
	... 1 more
Caused by: org.apache.ratis.thirdparty.io.netty.channel.AbstractChannel$AnnotatedConnectException: Connection refused: /192.168.151.82:46859
	at sun.nio.ch.SocketChannelImpl.checkConnect(Native Method)
	at sun.nio.ch.SocketChannelImpl.finishConnect(SocketChannelImpl.java:717)
	at org.apache.ratis.thirdparty.io.netty.channel.socket.nio.NioSocketChannel.doFinishConnect(NioSocketChannel.java:327)
	at org.apache.ratis.thirdparty.io.netty.channel.nio.AbstractNioChannel$AbstractNioUnsafe.finishConnect(AbstractNioChannel.java:340)
	at org.apache.ratis.thirdparty.io.netty.channel.nio.NioEventLoop.processSelectedKey(NioEventLoop.java:632)
	at org.apache.ratis.thirdparty.io.netty.channel.nio.NioEventLoop.processSelectedKeysOptimized(NioEventLoop.java:579)
	at org.apache.ratis.thirdparty.io.netty.channel.nio.NioEventLoop.processSelectedKeys(NioEventLoop.java:496)
	at org.apache.ratis.thirdparty.io.netty.channel.nio.NioEventLoop.run(NioEventLoop.java:458)
	at org.apache.ratis.thirdparty.io.netty.util.concurrent.SingleThreadEventExecutor$5.run(SingleThreadEventExecutor.java:897)
	at org.apache.ratis.thirdparty.io.netty.util.concurrent.FastThreadLocalRunnable.run(FastThreadLocalRunnable.java:30)
	... 1 more
Caused by: java.net.ConnectException: Connection refused
	... 11 more
2019-09-28 01:17:29,319 [bebff722-814a-4b18-9865-974a3449574f@group-A98C51DCDA50:LeaderElection69] INFO  impl.RoleInfo (RoleInfo.java:shutdownLeaderElection(134)) - bebff722-814a-4b18-9865-974a3449574f: shutdown LeaderElection
2019-09-28 01:17:29,320 [bebff722-814a-4b18-9865-974a3449574f@group-A98C51DCDA50:LeaderElection69] INFO  impl.RaftServerImpl (RaftServerImpl.java:setRole(174)) - bebff722-814a-4b18-9865-974a3449574f@group-A98C51DCDA50: changes role from CANDIDATE to LEADER at term 7 for changeToLeader
2019-09-28 01:17:29,320 [bebff722-814a-4b18-9865-974a3449574f@group-A98C51DCDA50:LeaderElection69] INFO  impl.RaftServerImpl (ServerState.java:setLeader(253)) - bebff722-814a-4b18-9865-974a3449574f@group-A98C51DCDA50: change Leader from null to bebff722-814a-4b18-9865-974a3449574f at term 7 for becomeLeader, leader elected after 1100ms
2019-09-28 01:17:29,320 [bebff722-814a-4b18-9865-974a3449574f@group-A98C51DCDA50:LeaderElection69] INFO  server.RaftServerConfigKeys (ConfUtils.java:logGet(43)) - raft.server.staging.catchup.gap = 1000 (default)
2019-09-28 01:17:29,320 [bebff722-814a-4b18-9865-974a3449574f@group-A98C51DCDA50:LeaderElection69] INFO  server.RaftServerConfigKeys (ConfUtils.java:logGet(43)) - raft.server.rpc.sleep.time = 25ms (default)
2019-09-28 01:17:29,320 [bebff722-814a-4b18-9865-974a3449574f@group-A98C51DCDA50:LeaderElection69] INFO  server.RaftServerConfigKeys (ConfUtils.java:logGet(43)) - raft.server.write.element-limit = 4096 (default)
2019-09-28 01:17:29,321 [bebff722-814a-4b18-9865-974a3449574f@group-A98C51DCDA50:LeaderElection69] INFO  server.RaftServerConfigKeys (ConfUtils.java:logGet(43)) - raft.server.watch.timeout = 10s (default)
2019-09-28 01:17:29,321 [bebff722-814a-4b18-9865-974a3449574f@group-A98C51DCDA50:LeaderElection69] INFO  server.RaftServerConfigKeys (ConfUtils.java:logGet(43)) - raft.server.watch.timeout.denomination = 1s (default)
2019-09-28 01:17:29,321 [bebff722-814a-4b18-9865-974a3449574f@group-A98C51DCDA50:LeaderElection69] INFO  server.RaftServerConfigKeys (ConfUtils.java:logGet(43)) - raft.server.watch.element-limit = 65536 (default)
2019-09-28 01:17:29,324 [bebff722-814a-4b18-9865-974a3449574f@group-A98C51DCDA50:LeaderElection69] INFO  server.RaftServerConfigKeys (ConfUtils.java:logGet(43)) - raft.server.log.appender.snapshot.chunk.size.max = 16MB (=16777216) (default)
2019-09-28 01:17:29,324 [bebff722-814a-4b18-9865-974a3449574f@group-A98C51DCDA50:LeaderElection69] INFO  server.RaftServerConfigKeys (ConfUtils.java:logGet(43)) - raft.server.log.appender.buffer.byte-limit = 33554432 (custom)
2019-09-28 01:17:29,325 [bebff722-814a-4b18-9865-974a3449574f@group-A98C51DCDA50:LeaderElection69] INFO  server.RaftServerConfigKeys (ConfUtils.java:logGet(43)) - raft.server.log.appender.buffer.element-limit = 1 (custom)
2019-09-28 01:17:29,325 [bebff722-814a-4b18-9865-974a3449574f@group-A98C51DCDA50:LeaderElection69] INFO  grpc.GrpcConfigKeys$Server (ConfUtils.java:logGet(43)) - raft.grpc.server.leader.outstanding.appends.max = 128 (default)
2019-09-28 01:17:29,325 [bebff722-814a-4b18-9865-974a3449574f@group-A98C51DCDA50:LeaderElection69] INFO  server.RaftServerConfigKeys (ConfUtils.java:logGet(43)) - raft.server.rpc.request.timeout = 3000ms (default)
2019-09-28 01:17:29,325 [bebff722-814a-4b18-9865-974a3449574f@group-A98C51DCDA50:LeaderElection69] INFO  server.RaftServerConfigKeys (ConfUtils.java:logGet(43)) - raft.server.log.appender.install.snapshot.enabled = false (custom)
2019-09-28 01:17:29,326 [bebff722-814a-4b18-9865-974a3449574f@group-A98C51DCDA50:LeaderElection69] INFO  server.RaftServerConfigKeys (ConfUtils.java:logGet(43)) - raft.server.log.appender.snapshot.chunk.size.max = 16MB (=16777216) (default)
2019-09-28 01:17:29,326 [bebff722-814a-4b18-9865-974a3449574f@group-A98C51DCDA50:LeaderElection69] INFO  server.RaftServerConfigKeys (ConfUtils.java:logGet(43)) - raft.server.log.appender.buffer.byte-limit = 33554432 (custom)
2019-09-28 01:17:29,326 [bebff722-814a-4b18-9865-974a3449574f@group-A98C51DCDA50:LeaderElection69] INFO  server.RaftServerConfigKeys (ConfUtils.java:logGet(43)) - raft.server.log.appender.buffer.element-limit = 1 (custom)
2019-09-28 01:17:29,326 [bebff722-814a-4b18-9865-974a3449574f@group-A98C51DCDA50:LeaderElection69] INFO  grpc.GrpcConfigKeys$Server (ConfUtils.java:logGet(43)) - raft.grpc.server.leader.outstanding.appends.max = 128 (default)
2019-09-28 01:17:29,327 [bebff722-814a-4b18-9865-974a3449574f@group-A98C51DCDA50:LeaderElection69] INFO  server.RaftServerConfigKeys (ConfUtils.java:logGet(43)) - raft.server.rpc.request.timeout = 3000ms (default)
2019-09-28 01:17:29,327 [bebff722-814a-4b18-9865-974a3449574f@group-A98C51DCDA50:LeaderElection69] INFO  server.RaftServerConfigKeys (ConfUtils.java:logGet(43)) - raft.server.log.appender.install.snapshot.enabled = false (custom)
2019-09-28 01:17:29,327 [bebff722-814a-4b18-9865-974a3449574f@group-A98C51DCDA50:LeaderElection69] INFO  impl.RoleInfo (RoleInfo.java:updateAndGet(143)) - bebff722-814a-4b18-9865-974a3449574f: start LeaderState
2019-09-28 01:17:29,328 [bebff722-814a-4b18-9865-974a3449574f@group-A98C51DCDA50:LeaderElection69] INFO  segmented.SegmentedRaftLogWorker (SegmentedRaftLogWorker.java:rollLogSegment(385)) - bebff722-814a-4b18-9865-974a3449574f@group-A98C51DCDA50-SegmentedRaftLogWorker: Rolling segment log-1_2 to index:2
2019-09-28 01:17:29,329 [bebff722-814a-4b18-9865-974a3449574f@group-A98C51DCDA50:LeaderElection69] INFO  impl.RaftServerImpl (ServerState.java:setRaftConf(354)) - bebff722-814a-4b18-9865-974a3449574f@group-A98C51DCDA50: set configuration 3: [bebff722-814a-4b18-9865-974a3449574f:192.168.151.82:34194, 30802873-5cdc-4a1f-a873-68d0f5360ef3:192.168.151.82:38416, f755b87f-3959-4e40-9945-0ecb4afd44e3:192.168.151.82:46859], old=null at 3
2019-09-28 01:17:29,329 [bebff722-814a-4b18-9865-974a3449574f@group-A98C51DCDA50-SegmentedRaftLogWorker] INFO  segmented.SegmentedRaftLogWorker (SegmentedRaftLogWorker.java:execute(526)) - bebff722-814a-4b18-9865-974a3449574f@group-A98C51DCDA50-SegmentedRaftLogWorker: Rolled log segment from /workdir/hadoop-ozone/integration-test/target/test-dir/MiniOzoneClusterImpl-d0fea965-b787-49be-9c96-deb71f4b2c88/datanode-7/data/ratis/f00bc439-0426-48aa-bb7e-a98c51dcda50/current/log_inprogress_1 to /workdir/hadoop-ozone/integration-test/target/test-dir/MiniOzoneClusterImpl-d0fea965-b787-49be-9c96-deb71f4b2c88/datanode-7/data/ratis/f00bc439-0426-48aa-bb7e-a98c51dcda50/current/log_1-2
2019-09-28 01:17:29,329 [grpc-default-executor-3] WARN  server.GrpcLogAppender (LogUtils.java:warn(134)) - bebff722-814a-4b18-9865-974a3449574f@group-A98C51DCDA50->f755b87f-3959-4e40-9945-0ecb4afd44e3-AppendLogResponseHandler: Failed appendEntries: org.apache.ratis.thirdparty.io.grpc.StatusRuntimeException: UNAVAILABLE: io exception
2019-09-28 01:17:29,330 [grpc-default-executor-3] INFO  impl.FollowerInfo (FollowerInfo.java:lambda$new$0(51)) - bebff722-814a-4b18-9865-974a3449574f@group-A98C51DCDA50->f755b87f-3959-4e40-9945-0ecb4afd44e3: nextIndex: updateUnconditionally 3 -> 1
2019-09-28 01:17:29,331 [grpc-default-executor-3] INFO  impl.RaftServerImpl (ServerState.java:setLeader(253)) - 30802873-5cdc-4a1f-a873-68d0f5360ef3@group-A98C51DCDA50: change Leader from null to bebff722-814a-4b18-9865-974a3449574f at term 7 for appendEntries, leader elected after 1076ms
2019-09-28 01:17:29,334 [grpc-default-executor-3] INFO  impl.RaftServerImpl (ServerState.java:setRaftConf(354)) - 30802873-5cdc-4a1f-a873-68d0f5360ef3@group-A98C51DCDA50: set configuration 3: [bebff722-814a-4b18-9865-974a3449574f:192.168.151.82:34194, 30802873-5cdc-4a1f-a873-68d0f5360ef3:192.168.151.82:38416, f755b87f-3959-4e40-9945-0ecb4afd44e3:192.168.151.82:46859], old=null at 3
2019-09-28 01:17:29,334 [grpc-default-executor-3] INFO  segmented.SegmentedRaftLogWorker (SegmentedRaftLogWorker.java:rollLogSegment(385)) - 30802873-5cdc-4a1f-a873-68d0f5360ef3@group-A98C51DCDA50-SegmentedRaftLogWorker: Rolling segment log-1_2 to index:2
2019-09-28 01:17:29,335 [30802873-5cdc-4a1f-a873-68d0f5360ef3@group-A98C51DCDA50-SegmentedRaftLogWorker] INFO  segmented.SegmentedRaftLogWorker (SegmentedRaftLogWorker.java:execute(526)) - 30802873-5cdc-4a1f-a873-68d0f5360ef3@group-A98C51DCDA50-SegmentedRaftLogWorker: Rolled log segment from /workdir/hadoop-ozone/integration-test/target/test-dir/MiniOzoneClusterImpl-d0fea965-b787-49be-9c96-deb71f4b2c88/datanode-4/data/ratis/f00bc439-0426-48aa-bb7e-a98c51dcda50/current/log_inprogress_1 to /workdir/hadoop-ozone/integration-test/target/test-dir/MiniOzoneClusterImpl-d0fea965-b787-49be-9c96-deb71f4b2c88/datanode-4/data/ratis/f00bc439-0426-48aa-bb7e-a98c51dcda50/current/log_1-2
2019-09-28 01:17:29,355 [grpc-default-executor-1] WARN  server.GrpcLogAppender (LogUtils.java:warn(134)) - 269561c1-184f-4010-93c7-8c28cea2e49d@group-BD940380B4CC->e713f41d-3c96-4fbb-9d49-ce14b311e545-AppendLogResponseHandler: Failed appendEntries: org.apache.ratis.thirdparty.io.grpc.StatusRuntimeException: UNAVAILABLE: io exception
2019-09-28 01:17:29,355 [grpc-default-executor-6] WARN  server.GrpcLogAppender (LogUtils.java:warn(134)) - 88097dad-bc5b-411c-9cd7-f6ac7aee11e0@group-6C5385ADC24A->e1c1c139-c9d2-4524-9627-6fde74a335c6-AppendLogResponseHandler: Failed appendEntries: org.apache.ratis.thirdparty.io.grpc.StatusRuntimeException: UNAVAILABLE: io exception
2019-09-28 01:17:29,355 [grpc-default-executor-1] INFO  impl.FollowerInfo (FollowerInfo.java:lambda$new$0(51)) - 269561c1-184f-4010-93c7-8c28cea2e49d@group-BD940380B4CC->e713f41d-3c96-4fbb-9d49-ce14b311e545: nextIndex: updateUnconditionally 0 -> 0
2019-09-28 01:17:29,356 [grpc-default-executor-6] INFO  impl.FollowerInfo (FollowerInfo.java:lambda$new$0(51)) - 88097dad-bc5b-411c-9cd7-f6ac7aee11e0@group-6C5385ADC24A->e1c1c139-c9d2-4524-9627-6fde74a335c6: nextIndex: updateUnconditionally 0 -> 0
2019-09-28 01:17:29,380 [bebff722-814a-4b18-9865-974a3449574f@group-A98C51DCDA50-SegmentedRaftLogWorker] INFO  segmented.SegmentedRaftLogWorker (SegmentedRaftLogWorker.java:execute(569)) - bebff722-814a-4b18-9865-974a3449574f@group-A98C51DCDA50-SegmentedRaftLogWorker: created new log segment /workdir/hadoop-ozone/integration-test/target/test-dir/MiniOzoneClusterImpl-d0fea965-b787-49be-9c96-deb71f4b2c88/datanode-7/data/ratis/f00bc439-0426-48aa-bb7e-a98c51dcda50/current/log_inprogress_3
2019-09-28 01:17:29,380 [30802873-5cdc-4a1f-a873-68d0f5360ef3@group-A98C51DCDA50-SegmentedRaftLogWorker] INFO  segmented.SegmentedRaftLogWorker (SegmentedRaftLogWorker.java:execute(569)) - 30802873-5cdc-4a1f-a873-68d0f5360ef3@group-A98C51DCDA50-SegmentedRaftLogWorker: created new log segment /workdir/hadoop-ozone/integration-test/target/test-dir/MiniOzoneClusterImpl-d0fea965-b787-49be-9c96-deb71f4b2c88/datanode-4/data/ratis/f00bc439-0426-48aa-bb7e-a98c51dcda50/current/log_inprogress_3
2019-09-28 01:17:29,402 [grpc-default-executor-4] WARN  server.GrpcLogAppender (LogUtils.java:warn(134)) - bebff722-814a-4b18-9865-974a3449574f@group-A98C51DCDA50->f755b87f-3959-4e40-9945-0ecb4afd44e3-AppendLogResponseHandler: Failed appendEntries: org.apache.ratis.thirdparty.io.grpc.StatusRuntimeException: UNAVAILABLE: io exception
2019-09-28 01:17:29,403 [grpc-default-executor-4] INFO  impl.FollowerInfo (FollowerInfo.java:lambda$new$0(51)) - bebff722-814a-4b18-9865-974a3449574f@group-A98C51DCDA50->f755b87f-3959-4e40-9945-0ecb4afd44e3: nextIndex: updateUnconditionally 2 -> 1
2019-09-28 01:17:29,419 [grpc-default-executor-1] WARN  server.GrpcLogAppender (LogUtils.java:warn(134)) - bebff722-814a-4b18-9865-974a3449574f@group-A98C51DCDA50->f755b87f-3959-4e40-9945-0ecb4afd44e3-AppendLogResponseHandler: Failed appendEntries: org.apache.ratis.thirdparty.io.grpc.StatusRuntimeException: UNAVAILABLE: io exception
2019-09-28 01:17:29,419 [grpc-default-executor-1] INFO  impl.FollowerInfo (FollowerInfo.java:lambda$new$0(51)) - bebff722-814a-4b18-9865-974a3449574f@group-A98C51DCDA50->f755b87f-3959-4e40-9945-0ecb4afd44e3: nextIndex: updateUnconditionally 2 -> 1
2019-09-28 01:17:29,857 [grpc-default-executor-1] WARN  server.GrpcLogAppender (LogUtils.java:warn(134)) - 88097dad-bc5b-411c-9cd7-f6ac7aee11e0@group-6C5385ADC24A->e1c1c139-c9d2-4524-9627-6fde74a335c6-AppendLogResponseHandler: Failed appendEntries: org.apache.ratis.thirdparty.io.grpc.StatusRuntimeException: UNAVAILABLE: io exception
2019-09-28 01:17:29,857 [grpc-default-executor-6] WARN  server.GrpcLogAppender (LogUtils.java:warn(134)) - 269561c1-184f-4010-93c7-8c28cea2e49d@group-BD940380B4CC->e713f41d-3c96-4fbb-9d49-ce14b311e545-AppendLogResponseHandler: Failed appendEntries: org.apache.ratis.thirdparty.io.grpc.StatusRuntimeException: UNAVAILABLE: io exception
2019-09-28 01:17:29,858 [grpc-default-executor-1] INFO  impl.FollowerInfo (FollowerInfo.java:lambda$new$0(51)) - 88097dad-bc5b-411c-9cd7-f6ac7aee11e0@group-6C5385ADC24A->e1c1c139-c9d2-4524-9627-6fde74a335c6: nextIndex: updateUnconditionally 0 -> 0
2019-09-28 01:17:29,858 [grpc-default-executor-6] INFO  impl.FollowerInfo (FollowerInfo.java:lambda$new$0(51)) - 269561c1-184f-4010-93c7-8c28cea2e49d@group-BD940380B4CC->e713f41d-3c96-4fbb-9d49-ce14b311e545: nextIndex: updateUnconditionally 0 -> 0
2019-09-28 01:17:29,921 [grpc-default-executor-1] WARN  server.GrpcLogAppender (LogUtils.java:warn(134)) - bebff722-814a-4b18-9865-974a3449574f@group-A98C51DCDA50->f755b87f-3959-4e40-9945-0ecb4afd44e3-AppendLogResponseHandler: Failed appendEntries: org.apache.ratis.thirdparty.io.grpc.StatusRuntimeException: UNAVAILABLE: io exception
2019-09-28 01:17:29,921 [grpc-default-executor-1] INFO  impl.FollowerInfo (FollowerInfo.java:lambda$new$0(51)) - bebff722-814a-4b18-9865-974a3449574f@group-A98C51DCDA50->f755b87f-3959-4e40-9945-0ecb4afd44e3: nextIndex: updateUnconditionally 1 -> 0
2019-09-28 01:17:30,360 [grpc-default-executor-6] WARN  server.GrpcLogAppender (LogUtils.java:warn(134)) - 269561c1-184f-4010-93c7-8c28cea2e49d@group-BD940380B4CC->e713f41d-3c96-4fbb-9d49-ce14b311e545-AppendLogResponseHandler: Failed appendEntries: org.apache.ratis.thirdparty.io.grpc.StatusRuntimeException: UNAVAILABLE: io exception
2019-09-28 01:17:30,360 [grpc-default-executor-4] WARN  server.GrpcLogAppender (LogUtils.java:warn(134)) - 88097dad-bc5b-411c-9cd7-f6ac7aee11e0@group-6C5385ADC24A->e1c1c139-c9d2-4524-9627-6fde74a335c6-AppendLogResponseHandler: Failed appendEntries: org.apache.ratis.thirdparty.io.grpc.StatusRuntimeException: UNAVAILABLE: io exception
2019-09-28 01:17:30,361 [grpc-default-executor-6] INFO  impl.FollowerInfo (FollowerInfo.java:lambda$new$0(51)) - 269561c1-184f-4010-93c7-8c28cea2e49d@group-BD940380B4CC->e713f41d-3c96-4fbb-9d49-ce14b311e545: nextIndex: updateUnconditionally 0 -> 0
2019-09-28 01:17:30,361 [grpc-default-executor-4] INFO  impl.FollowerInfo (FollowerInfo.java:lambda$new$0(51)) - 88097dad-bc5b-411c-9cd7-f6ac7aee11e0@group-6C5385ADC24A->e1c1c139-c9d2-4524-9627-6fde74a335c6: nextIndex: updateUnconditionally 0 -> 0
2019-09-28 01:17:30,424 [grpc-default-executor-5] WARN  server.GrpcLogAppender (LogUtils.java:warn(134)) - bebff722-814a-4b18-9865-974a3449574f@group-A98C51DCDA50->f755b87f-3959-4e40-9945-0ecb4afd44e3-AppendLogResponseHandler: Failed appendEntries: org.apache.ratis.thirdparty.io.grpc.StatusRuntimeException: UNAVAILABLE: io exception
2019-09-28 01:17:30,424 [grpc-default-executor-5] INFO  impl.FollowerInfo (FollowerInfo.java:lambda$new$0(51)) - bebff722-814a-4b18-9865-974a3449574f@group-A98C51DCDA50->f755b87f-3959-4e40-9945-0ecb4afd44e3: nextIndex: updateUnconditionally 0 -> 0
2019-09-28 01:17:30,859 [grpc-default-executor-0] WARN  server.GrpcLogAppender (LogUtils.java:warn(134)) - 88097dad-bc5b-411c-9cd7-f6ac7aee11e0@group-6C5385ADC24A->e1c1c139-c9d2-4524-9627-6fde74a335c6-AppendLogResponseHandler: Failed appendEntries: org.apache.ratis.thirdparty.io.grpc.StatusRuntimeException: UNAVAILABLE: io exception
2019-09-28 01:17:30,859 [grpc-default-executor-3] WARN  server.GrpcLogAppender (LogUtils.java:warn(134)) - 269561c1-184f-4010-93c7-8c28cea2e49d@group-BD940380B4CC->e713f41d-3c96-4fbb-9d49-ce14b311e545-AppendLogResponseHandler: Failed appendEntries: org.apache.ratis.thirdparty.io.grpc.StatusRuntimeException: UNAVAILABLE: io exception
2019-09-28 01:17:30,860 [grpc-default-executor-0] INFO  impl.FollowerInfo (FollowerInfo.java:lambda$new$0(51)) - 88097dad-bc5b-411c-9cd7-f6ac7aee11e0@group-6C5385ADC24A->e1c1c139-c9d2-4524-9627-6fde74a335c6: nextIndex: updateUnconditionally 0 -> 0
2019-09-28 01:17:30,861 [grpc-default-executor-3] INFO  impl.FollowerInfo (FollowerInfo.java:lambda$new$0(51)) - 269561c1-184f-4010-93c7-8c28cea2e49d@group-BD940380B4CC->e713f41d-3c96-4fbb-9d49-ce14b311e545: nextIndex: updateUnconditionally 0 -> 0
2019-09-28 01:17:30,927 [grpc-default-executor-5] WARN  server.GrpcLogAppender (LogUtils.java:warn(134)) - bebff722-814a-4b18-9865-974a3449574f@group-A98C51DCDA50->f755b87f-3959-4e40-9945-0ecb4afd44e3-AppendLogResponseHandler: Failed appendEntries: org.apache.ratis.thirdparty.io.grpc.StatusRuntimeException: UNAVAILABLE: io exception
2019-09-28 01:17:30,928 [grpc-default-executor-5] INFO  impl.FollowerInfo (FollowerInfo.java:lambda$new$0(51)) - bebff722-814a-4b18-9865-974a3449574f@group-A98C51DCDA50->f755b87f-3959-4e40-9945-0ecb4afd44e3: nextIndex: updateUnconditionally 0 -> 0
2019-09-28 01:17:31,360 [grpc-default-executor-6] WARN  server.GrpcLogAppender (LogUtils.java:warn(134)) - 88097dad-bc5b-411c-9cd7-f6ac7aee11e0@group-6C5385ADC24A->e1c1c139-c9d2-4524-9627-6fde74a335c6-AppendLogResponseHandler: Failed appendEntries: org.apache.ratis.thirdparty.io.grpc.StatusRuntimeException: UNAVAILABLE: io exception
2019-09-28 01:17:31,360 [grpc-default-executor-5] WARN  server.GrpcLogAppender (LogUtils.java:warn(134)) - 269561c1-184f-4010-93c7-8c28cea2e49d@group-BD940380B4CC->e713f41d-3c96-4fbb-9d49-ce14b311e545-AppendLogResponseHandler: Failed appendEntries: org.apache.ratis.thirdparty.io.grpc.StatusRuntimeException: UNAVAILABLE: io exception
2019-09-28 01:17:31,360 [grpc-default-executor-6] INFO  impl.FollowerInfo (FollowerInfo.java:lambda$new$0(51)) - 88097dad-bc5b-411c-9cd7-f6ac7aee11e0@group-6C5385ADC24A->e1c1c139-c9d2-4524-9627-6fde74a335c6: nextIndex: updateUnconditionally 0 -> 0
2019-09-28 01:17:31,361 [grpc-default-executor-5] INFO  impl.FollowerInfo (FollowerInfo.java:lambda$new$0(51)) - 269561c1-184f-4010-93c7-8c28cea2e49d@group-BD940380B4CC->e713f41d-3c96-4fbb-9d49-ce14b311e545: nextIndex: updateUnconditionally 0 -> 0
2019-09-28 01:17:31,427 [grpc-default-executor-0] WARN  server.GrpcLogAppender (LogUtils.java:warn(134)) - bebff722-814a-4b18-9865-974a3449574f@group-A98C51DCDA50->f755b87f-3959-4e40-9945-0ecb4afd44e3-AppendLogResponseHandler: Failed appendEntries: org.apache.ratis.thirdparty.io.grpc.StatusRuntimeException: UNAVAILABLE: io exception
2019-09-28 01:17:31,427 [grpc-default-executor-0] INFO  impl.FollowerInfo (FollowerInfo.java:lambda$new$0(51)) - bebff722-814a-4b18-9865-974a3449574f@group-A98C51DCDA50->f755b87f-3959-4e40-9945-0ecb4afd44e3: nextIndex: updateUnconditionally 0 -> 0
2019-09-28 01:17:31,861 [grpc-default-executor-3] WARN  server.GrpcLogAppender (LogUtils.java:warn(134)) - 88097dad-bc5b-411c-9cd7-f6ac7aee11e0@group-6C5385ADC24A->e1c1c139-c9d2-4524-9627-6fde74a335c6-AppendLogResponseHandler: Failed appendEntries: org.apache.ratis.thirdparty.io.grpc.StatusRuntimeException: UNAVAILABLE: io exception
2019-09-28 01:17:31,861 [grpc-default-executor-0] WARN  server.GrpcLogAppender (LogUtils.java:warn(134)) - 269561c1-184f-4010-93c7-8c28cea2e49d@group-BD940380B4CC->e713f41d-3c96-4fbb-9d49-ce14b311e545-AppendLogResponseHandler: Failed appendEntries: org.apache.ratis.thirdparty.io.grpc.StatusRuntimeException: UNAVAILABLE: io exception
2019-09-28 01:17:31,862 [grpc-default-executor-3] INFO  impl.FollowerInfo (FollowerInfo.java:lambda$new$0(51)) - 88097dad-bc5b-411c-9cd7-f6ac7aee11e0@group-6C5385ADC24A->e1c1c139-c9d2-4524-9627-6fde74a335c6: nextIndex: updateUnconditionally 0 -> 0
2019-09-28 01:17:31,862 [grpc-default-executor-0] INFO  impl.FollowerInfo (FollowerInfo.java:lambda$new$0(51)) - 269561c1-184f-4010-93c7-8c28cea2e49d@group-BD940380B4CC->e713f41d-3c96-4fbb-9d49-ce14b311e545: nextIndex: updateUnconditionally 0 -> 0
2019-09-28 01:17:32,525 [ForkJoinPool.commonPool-worker-0] INFO  ozoneimpl.OzoneContainer (OzoneContainer.java:stop(231)) - Attempting to stop container services.
2019-09-28 01:17:32,525 [main] INFO  ozoneimpl.OzoneContainer (OzoneContainer.java:stop(231)) - Attempting to stop container services.
2019-09-28 01:17:32,527 [ForkJoinPool.commonPool-worker-0] INFO  impl.RaftServerProxy (RaftServerProxy.java:lambda$close$4(314)) - 30802873-5cdc-4a1f-a873-68d0f5360ef3: close
2019-09-28 01:17:32,527 [main] INFO  impl.RaftServerProxy (RaftServerProxy.java:lambda$close$4(314)) - b34eea16-a41e-4e85-a98c-844cd8e9e4c1: close
2019-09-28 01:17:32,528 [grpc-default-executor-6] WARN  server.GrpcLogAppender (LogUtils.java:warn(134)) - 88097dad-bc5b-411c-9cd7-f6ac7aee11e0@group-6C5385ADC24A->e1c1c139-c9d2-4524-9627-6fde74a335c6-AppendLogResponseHandler: Failed appendEntries: org.apache.ratis.thirdparty.io.grpc.StatusRuntimeException: UNAVAILABLE: io exception
2019-09-28 01:17:32,528 [ForkJoinPool.commonPool-worker-0] INFO  impl.RaftServerImpl (RaftServerImpl.java:lambda$shutdown$3(251)) - 30802873-5cdc-4a1f-a873-68d0f5360ef3@group-98C043533B4B: shutdown
2019-09-28 01:17:32,528 [grpc-default-executor-1] WARN  server.GrpcLogAppender (LogUtils.java:warn(134)) - 269561c1-184f-4010-93c7-8c28cea2e49d@group-BD940380B4CC->e713f41d-3c96-4fbb-9d49-ce14b311e545-AppendLogResponseHandler: Failed appendEntries: org.apache.ratis.thirdparty.io.grpc.StatusRuntimeException: UNAVAILABLE: io exception
2019-09-28 01:17:32,529 [ForkJoinPool.commonPool-worker-0] INFO  util.JmxRegister (JmxRegister.java:unregister(73)) - Successfully un-registered JMX Bean with object name Ratis:service=RaftServer,group=group-98C043533B4B,id=30802873-5cdc-4a1f-a873-68d0f5360ef3
2019-09-28 01:17:32,528 [grpc-default-executor-6] INFO  impl.FollowerInfo (FollowerInfo.java:lambda$new$0(51)) - 88097dad-bc5b-411c-9cd7-f6ac7aee11e0@group-6C5385ADC24A->e1c1c139-c9d2-4524-9627-6fde74a335c6: nextIndex: updateUnconditionally 0 -> 0
2019-09-28 01:17:32,528 [grpc-default-executor-8] WARN  server.GrpcLogAppender (LogUtils.java:warn(134)) - bebff722-814a-4b18-9865-974a3449574f@group-A98C51DCDA50->f755b87f-3959-4e40-9945-0ecb4afd44e3-AppendLogResponseHandler: Failed appendEntries: org.apache.ratis.thirdparty.io.grpc.StatusRuntimeException: UNAVAILABLE: io exception
2019-09-28 01:17:32,528 [main] INFO  impl.RaftServerImpl (RaftServerImpl.java:lambda$shutdown$3(251)) - b34eea16-a41e-4e85-a98c-844cd8e9e4c1@group-BD940380B4CC: shutdown
2019-09-28 01:17:32,530 [grpc-default-executor-8] INFO  impl.FollowerInfo (FollowerInfo.java:lambda$new$0(51)) - bebff722-814a-4b18-9865-974a3449574f@group-A98C51DCDA50->f755b87f-3959-4e40-9945-0ecb4afd44e3: nextIndex: updateUnconditionally 0 -> 0
2019-09-28 01:17:32,529 [ForkJoinPool.commonPool-worker-0] INFO  impl.RoleInfo (RoleInfo.java:shutdownLeaderState(104)) - 30802873-5cdc-4a1f-a873-68d0f5360ef3: shutdown LeaderState
2019-09-28 01:17:32,529 [grpc-default-executor-1] INFO  impl.FollowerInfo (FollowerInfo.java:lambda$new$0(51)) - 269561c1-184f-4010-93c7-8c28cea2e49d@group-BD940380B4CC->e713f41d-3c96-4fbb-9d49-ce14b311e545: nextIndex: updateUnconditionally 0 -> 0
2019-09-28 01:17:32,531 [ForkJoinPool.commonPool-worker-0] INFO  impl.PendingRequests (PendingRequests.java:sendNotLeaderResponses(202)) - 30802873-5cdc-4a1f-a873-68d0f5360ef3-PendingRequests: sendNotLeaderResponses
2019-09-28 01:17:32,530 [main] INFO  util.JmxRegister (JmxRegister.java:unregister(73)) - Successfully un-registered JMX Bean with object name Ratis:service=RaftServer,group=group-BD940380B4CC,id=b34eea16-a41e-4e85-a98c-844cd8e9e4c1
2019-09-28 01:17:32,544 [main] INFO  impl.RoleInfo (RoleInfo.java:shutdownFollowerState(121)) - b34eea16-a41e-4e85-a98c-844cd8e9e4c1: shutdown FollowerState
2019-09-28 01:17:32,544 [ForkJoinPool.commonPool-worker-0] INFO  impl.StateMachineUpdater (StateMachineUpdater.java:stopAndJoin(125)) - 30802873-5cdc-4a1f-a873-68d0f5360ef3@group-98C043533B4B-StateMachineUpdater: set stopIndex = 0
2019-09-28 01:17:32,556 [Thread-2334] INFO  impl.FollowerState (FollowerState.java:run(115)) - b34eea16-a41e-4e85-a98c-844cd8e9e4c1: FollowerState was interrupted: java.lang.InterruptedException: sleep interrupted
2019-09-28 01:17:32,556 [main] INFO  impl.StateMachineUpdater (StateMachineUpdater.java:stopAndJoin(125)) - b34eea16-a41e-4e85-a98c-844cd8e9e4c1@group-BD940380B4CC-StateMachineUpdater: set stopIndex = 0
2019-09-28 01:17:32,557 [ForkJoinPool.commonPool-worker-0] INFO  impl.RaftServerImpl (ServerState.java:close(385)) - 30802873-5cdc-4a1f-a873-68d0f5360ef3@group-98C043533B4B: closes. applyIndex: 0
2019-09-28 01:17:32,557 [main] INFO  impl.RaftServerImpl (ServerState.java:close(385)) - b34eea16-a41e-4e85-a98c-844cd8e9e4c1@group-BD940380B4CC: closes. applyIndex: 0
2019-09-28 01:17:32,558 [30802873-5cdc-4a1f-a873-68d0f5360ef3@group-98C043533B4B-SegmentedRaftLogWorker] INFO  segmented.SegmentedRaftLogWorker (SegmentedRaftLogWorker.java:run(313)) - 30802873-5cdc-4a1f-a873-68d0f5360ef3@group-98C043533B4B-SegmentedRaftLogWorker was interrupted, exiting. There are 0 tasks remaining in the queue.
2019-09-28 01:17:32,558 [b34eea16-a41e-4e85-a98c-844cd8e9e4c1@group-BD940380B4CC-SegmentedRaftLogWorker] INFO  segmented.SegmentedRaftLogWorker (SegmentedRaftLogWorker.java:run(313)) - b34eea16-a41e-4e85-a98c-844cd8e9e4c1@group-BD940380B4CC-SegmentedRaftLogWorker was interrupted, exiting. There are 0 tasks remaining in the queue.
2019-09-28 01:17:32,562 [main] INFO  segmented.SegmentedRaftLogWorker (SegmentedRaftLogWorker.java:close(228)) - b34eea16-a41e-4e85-a98c-844cd8e9e4c1@group-BD940380B4CC-SegmentedRaftLogWorker close()
2019-09-28 01:17:32,562 [ForkJoinPool.commonPool-worker-0] INFO  segmented.SegmentedRaftLogWorker (SegmentedRaftLogWorker.java:close(228)) - 30802873-5cdc-4a1f-a873-68d0f5360ef3@group-98C043533B4B-SegmentedRaftLogWorker close()
2019-09-28 01:17:32,564 [main] INFO  impl.RaftServerImpl (RaftServerImpl.java:lambda$shutdown$3(251)) - b34eea16-a41e-4e85-a98c-844cd8e9e4c1@group-17E210206A74: shutdown
2019-09-28 01:17:32,566 [ForkJoinPool.commonPool-worker-0] INFO  impl.RaftServerImpl (RaftServerImpl.java:lambda$shutdown$3(251)) - 30802873-5cdc-4a1f-a873-68d0f5360ef3@group-A98C51DCDA50: shutdown
2019-09-28 01:17:32,567 [main] INFO  util.JmxRegister (JmxRegister.java:unregister(73)) - Successfully un-registered JMX Bean with object name Ratis:service=RaftServer,group=group-17E210206A74,id=b34eea16-a41e-4e85-a98c-844cd8e9e4c1
2019-09-28 01:17:32,567 [ForkJoinPool.commonPool-worker-0] INFO  util.JmxRegister (JmxRegister.java:unregister(73)) - Successfully un-registered JMX Bean with object name Ratis:service=RaftServer,group=group-A98C51DCDA50,id=30802873-5cdc-4a1f-a873-68d0f5360ef3
2019-09-28 01:17:32,567 [main] INFO  impl.RoleInfo (RoleInfo.java:shutdownLeaderState(104)) - b34eea16-a41e-4e85-a98c-844cd8e9e4c1: shutdown LeaderState
2019-09-28 01:17:32,568 [ForkJoinPool.commonPool-worker-0] INFO  impl.RoleInfo (RoleInfo.java:shutdownFollowerState(121)) - 30802873-5cdc-4a1f-a873-68d0f5360ef3: shutdown FollowerState
2019-09-28 01:17:32,568 [main] INFO  impl.PendingRequests (PendingRequests.java:sendNotLeaderResponses(202)) - b34eea16-a41e-4e85-a98c-844cd8e9e4c1-PendingRequests: sendNotLeaderResponses
2019-09-28 01:17:32,569 [Thread-3835] INFO  impl.FollowerState (FollowerState.java:run(115)) - 30802873-5cdc-4a1f-a873-68d0f5360ef3: FollowerState was interrupted: java.lang.InterruptedException: sleep interrupted
2019-09-28 01:17:32,569 [ForkJoinPool.commonPool-worker-0] INFO  impl.StateMachineUpdater (StateMachineUpdater.java:stopAndJoin(125)) - 30802873-5cdc-4a1f-a873-68d0f5360ef3@group-A98C51DCDA50-StateMachineUpdater: set stopIndex = 4
2019-09-28 01:17:32,569 [main] INFO  impl.StateMachineUpdater (StateMachineUpdater.java:stopAndJoin(125)) - b34eea16-a41e-4e85-a98c-844cd8e9e4c1@group-17E210206A74-StateMachineUpdater: set stopIndex = 0
2019-09-28 01:17:32,569 [ForkJoinPool.commonPool-worker-0] INFO  impl.RaftServerImpl (ServerState.java:close(385)) - 30802873-5cdc-4a1f-a873-68d0f5360ef3@group-A98C51DCDA50: closes. applyIndex: 4
2019-09-28 01:17:32,570 [main] INFO  impl.RaftServerImpl (ServerState.java:close(385)) - b34eea16-a41e-4e85-a98c-844cd8e9e4c1@group-17E210206A74: closes. applyIndex: 0
2019-09-28 01:17:32,570 [30802873-5cdc-4a1f-a873-68d0f5360ef3@group-A98C51DCDA50-SegmentedRaftLogWorker] INFO  segmented.SegmentedRaftLogWorker (SegmentedRaftLogWorker.java:run(313)) - 30802873-5cdc-4a1f-a873-68d0f5360ef3@group-A98C51DCDA50-SegmentedRaftLogWorker was interrupted, exiting. There are 0 tasks remaining in the queue.
2019-09-28 01:17:32,571 [b34eea16-a41e-4e85-a98c-844cd8e9e4c1@group-17E210206A74-SegmentedRaftLogWorker] INFO  segmented.SegmentedRaftLogWorker (SegmentedRaftLogWorker.java:run(313)) - b34eea16-a41e-4e85-a98c-844cd8e9e4c1@group-17E210206A74-SegmentedRaftLogWorker was interrupted, exiting. There are 0 tasks remaining in the queue.
2019-09-28 01:17:32,573 [ForkJoinPool.commonPool-worker-0] INFO  segmented.SegmentedRaftLogWorker (SegmentedRaftLogWorker.java:close(228)) - 30802873-5cdc-4a1f-a873-68d0f5360ef3@group-A98C51DCDA50-SegmentedRaftLogWorker close()
2019-09-28 01:17:32,580 [main] INFO  segmented.SegmentedRaftLogWorker (SegmentedRaftLogWorker.java:close(228)) - b34eea16-a41e-4e85-a98c-844cd8e9e4c1@group-17E210206A74-SegmentedRaftLogWorker close()
2019-09-28 01:17:32,581 [ForkJoinPool.commonPool-worker-0] INFO  server.GrpcService (GrpcService.java:closeImpl(164)) - 30802873-5cdc-4a1f-a873-68d0f5360ef3: shutdown server with port 38416 now
2019-09-28 01:17:32,581 [main] INFO  server.GrpcService (GrpcService.java:closeImpl(164)) - b34eea16-a41e-4e85-a98c-844cd8e9e4c1: shutdown server with port 34853 now
2019-09-28 01:17:32,582 [grpc-default-executor-3] WARN  server.GrpcServerProtocolService (LogUtils.java:warn(134)) - b34eea16-a41e-4e85-a98c-844cd8e9e4c1: installSnapshot onError, lastRequest: 269561c1-184f-4010-93c7-8c28cea2e49d->b34eea16-a41e-4e85-a98c-844cd8e9e4c1#248-t1, previous=(t:1, i:0), leaderCommit=0, initializing? false, entries: <empty>: org.apache.ratis.thirdparty.io.grpc.StatusRuntimeException: CANCELLED: cancelled before receiving half close
2019-09-28 01:17:32,583 [ForkJoinPool.commonPool-worker-0] INFO  server.GrpcService (GrpcService.java:closeImpl(172)) - 30802873-5cdc-4a1f-a873-68d0f5360ef3: shutdown server with port 38416 successfully
2019-09-28 01:17:32,583 [main] INFO  server.GrpcService (GrpcService.java:closeImpl(172)) - b34eea16-a41e-4e85-a98c-844cd8e9e4c1: shutdown server with port 34853 successfully
2019-09-28 01:17:32,583 [grpc-default-executor-4] WARN  server.GrpcLogAppender (LogUtils.java:warn(134)) - bebff722-814a-4b18-9865-974a3449574f@group-A98C51DCDA50->30802873-5cdc-4a1f-a873-68d0f5360ef3-AppendLogResponseHandler: Failed appendEntries: org.apache.ratis.thirdparty.io.grpc.StatusRuntimeException: CANCELLED: HTTP/2 error code: CANCEL
Received Rst Stream
2019-09-28 01:17:32,583 [grpc-default-executor-8] WARN  server.GrpcServerProtocolService (LogUtils.java:warn(134)) - 30802873-5cdc-4a1f-a873-68d0f5360ef3: installSnapshot onError, lastRequest: bebff722-814a-4b18-9865-974a3449574f->30802873-5cdc-4a1f-a873-68d0f5360ef3#7-t7, previous=(t:7, i:4), leaderCommit=4, initializing? false, entries: <empty>: org.apache.ratis.thirdparty.io.grpc.StatusRuntimeException: CANCELLED: cancelled before receiving half close
2019-09-28 01:17:32,584 [grpc-default-executor-4] INFO  impl.FollowerInfo (FollowerInfo.java:lambda$new$0(51)) - bebff722-814a-4b18-9865-974a3449574f@group-A98C51DCDA50->30802873-5cdc-4a1f-a873-68d0f5360ef3: nextIndex: updateUnconditionally 5 -> 4
2019-09-28 01:17:32,583 [grpc-default-executor-0] WARN  server.GrpcLogAppender (LogUtils.java:warn(134)) - 269561c1-184f-4010-93c7-8c28cea2e49d@group-BD940380B4CC->b34eea16-a41e-4e85-a98c-844cd8e9e4c1-AppendLogResponseHandler: Failed appendEntries: org.apache.ratis.thirdparty.io.grpc.StatusRuntimeException: CANCELLED: HTTP/2 error code: CANCEL
Received Rst Stream
2019-09-28 01:17:32,585 [grpc-default-executor-0] INFO  impl.FollowerInfo (FollowerInfo.java:lambda$new$0(51)) - 269561c1-184f-4010-93c7-8c28cea2e49d@group-BD940380B4CC->b34eea16-a41e-4e85-a98c-844cd8e9e4c1: nextIndex: updateUnconditionally 1 -> 0
2019-09-28 01:17:32,586 [refreshUsed-/workdir/hadoop-ozone/integration-test/target/test-dir/MiniOzoneClusterImpl-d0fea965-b787-49be-9c96-deb71f4b2c88/datanode-4/data/containers] WARN  fs.CachingGetSpaceUsed (CachingGetSpaceUsed.java:run(183)) - Thread Interrupted waiting to refresh disk information: sleep interrupted
2019-09-28 01:17:32,590 [refreshUsed-/workdir/hadoop-ozone/integration-test/target/test-dir/MiniOzoneClusterImpl-d0fea965-b787-49be-9c96-deb71f4b2c88/datanode-8/data/containers] WARN  fs.CachingGetSpaceUsed (CachingGetSpaceUsed.java:run(183)) - Thread Interrupted waiting to refresh disk information: sleep interrupted
2019-09-28 01:17:32,611 [main] INFO  utils.BackgroundService (BackgroundService.java:shutdown(148)) - Shutting down service BlockDeletingService
2019-09-28 01:17:32,611 [ForkJoinPool.commonPool-worker-0] INFO  utils.BackgroundService (BackgroundService.java:shutdown(148)) - Shutting down service BlockDeletingService
2019-09-28 01:17:32,618 [ForkJoinPool.commonPool-worker-0] INFO  statemachine.DatanodeStateMachine (DatanodeStateMachine.java:stopDaemon(395)) - Ozone container server stopped.
2019-09-28 01:17:32,618 [main] INFO  statemachine.DatanodeStateMachine (DatanodeStateMachine.java:stopDaemon(395)) - Ozone container server stopped.
2019-09-28 01:17:32,622 [ForkJoinPool.commonPool-worker-0] INFO  handler.ContextHandler (ContextHandler.java:doStop(910)) - Stopped o.e.j.w.WebAppContext@322ba549{/,null,UNAVAILABLE}{/hddsDatanode}
2019-09-28 01:17:32,622 [main] INFO  handler.ContextHandler (ContextHandler.java:doStop(910)) - Stopped o.e.j.w.WebAppContext@69909c14{/,null,UNAVAILABLE}{/hddsDatanode}
2019-09-28 01:17:32,623 [ForkJoinPool.commonPool-worker-0] INFO  server.AbstractConnector (AbstractConnector.java:doStop(318)) - Stopped ServerConnector@502a4156{HTTP/1.1,[http/1.1]}{0.0.0.0:0}
2019-09-28 01:17:32,623 [main] INFO  server.AbstractConnector (AbstractConnector.java:doStop(318)) - Stopped ServerConnector@5d3b58ca{HTTP/1.1,[http/1.1]}{0.0.0.0:0}
2019-09-28 01:17:32,624 [ForkJoinPool.commonPool-worker-0] INFO  handler.ContextHandler (ContextHandler.java:doStop(910)) - Stopped o.e.j.s.ServletContextHandler@6bcb12e6{/static,jar:file:/home/user/.m2/repository/org/apache/hadoop/hadoop-hdds-container-service/0.5.0-SNAPSHOT/hadoop-hdds-container-service-0.5.0-SNAPSHOT.jar!/webapps/static,UNAVAILABLE}
2019-09-28 01:17:32,624 [main] INFO  handler.ContextHandler (ContextHandler.java:doStop(910)) - Stopped o.e.j.s.ServletContextHandler@59939293{/static,jar:file:/home/user/.m2/repository/org/apache/hadoop/hadoop-hdds-container-service/0.5.0-SNAPSHOT/hadoop-hdds-container-service-0.5.0-SNAPSHOT.jar!/webapps/static,UNAVAILABLE}
2019-09-28 01:17:32,624 [ForkJoinPool.commonPool-worker-0] INFO  handler.ContextHandler (ContextHandler.java:doStop(910)) - Stopped o.e.j.s.ServletContextHandler@d16be4f{/logs,file:///workdir/hadoop-ozone/integration-test/target/log,UNAVAILABLE}
2019-09-28 01:17:32,625 [main] INFO  handler.ContextHandler (ContextHandler.java:doStop(910)) - Stopped o.e.j.s.ServletContextHandler@388d14e{/logs,file:///workdir/hadoop-ozone/integration-test/target/log,UNAVAILABLE}
2019-09-28 01:17:32,800 [Datanode State Machine Thread - 0] INFO  statemachine.DatanodeStateMachine (DatanodeStateMachine.java:lambda$startDaemon$0(350)) - Ozone container server started.
2019-09-28 01:17:33,012 [grpc-default-executor-8] WARN  server.GrpcLogAppender (LogUtils.java:warn(134)) - 269561c1-184f-4010-93c7-8c28cea2e49d@group-BD940380B4CC->e713f41d-3c96-4fbb-9d49-ce14b311e545-AppendLogResponseHandler: Failed appendEntries: org.apache.ratis.thirdparty.io.grpc.StatusRuntimeException: UNAVAILABLE: io exception
2019-09-28 01:17:33,012 [grpc-default-executor-0] WARN  server.GrpcLogAppender (LogUtils.java:warn(134)) - 88097dad-bc5b-411c-9cd7-f6ac7aee11e0@group-6C5385ADC24A->e1c1c139-c9d2-4524-9627-6fde74a335c6-AppendLogResponseHandler: Failed appendEntries: org.apache.ratis.thirdparty.io.grpc.StatusRuntimeException: UNAVAILABLE: io exception
2019-09-28 01:17:33,013 [grpc-default-executor-8] INFO  impl.FollowerInfo (FollowerInfo.java:lambda$new$0(51)) - 269561c1-184f-4010-93c7-8c28cea2e49d@group-BD940380B4CC->e713f41d-3c96-4fbb-9d49-ce14b311e545: nextIndex: updateUnconditionally 0 -> 0
2019-09-28 01:17:33,013 [grpc-default-executor-0] INFO  impl.FollowerInfo (FollowerInfo.java:lambda$new$0(51)) - 88097dad-bc5b-411c-9cd7-f6ac7aee11e0@group-6C5385ADC24A->e1c1c139-c9d2-4524-9627-6fde74a335c6: nextIndex: updateUnconditionally 0 -> 0
2019-09-28 01:17:33,017 [grpc-default-executor-3] WARN  server.GrpcLogAppender (LogUtils.java:warn(134)) - bebff722-814a-4b18-9865-974a3449574f@group-A98C51DCDA50->f755b87f-3959-4e40-9945-0ecb4afd44e3-AppendLogResponseHandler: Failed appendEntries: org.apache.ratis.thirdparty.io.grpc.StatusRuntimeException: UNAVAILABLE: io exception
2019-09-28 01:17:33,018 [grpc-default-executor-3] INFO  impl.FollowerInfo (FollowerInfo.java:lambda$new$0(51)) - bebff722-814a-4b18-9865-974a3449574f@group-A98C51DCDA50->f755b87f-3959-4e40-9945-0ecb4afd44e3: nextIndex: updateUnconditionally 0 -> 0
2019-09-28 01:17:33,029 [grpc-default-executor-3] WARN  server.GrpcLogAppender (LogUtils.java:warn(134)) - 269561c1-184f-4010-93c7-8c28cea2e49d@group-BD940380B4CC->b34eea16-a41e-4e85-a98c-844cd8e9e4c1-AppendLogResponseHandler: Failed appendEntries: org.apache.ratis.thirdparty.io.grpc.StatusRuntimeException: UNAVAILABLE: io exception
2019-09-28 01:17:33,029 [grpc-default-executor-3] INFO  impl.FollowerInfo (FollowerInfo.java:lambda$new$0(51)) - 269561c1-184f-4010-93c7-8c28cea2e49d@group-BD940380B4CC->b34eea16-a41e-4e85-a98c-844cd8e9e4c1: nextIndex: updateUnconditionally 0 -> 0
2019-09-28 01:17:33,030 [grpc-default-executor-3] WARN  server.GrpcLogAppender (LogUtils.java:warn(134)) - bebff722-814a-4b18-9865-974a3449574f@group-A98C51DCDA50->30802873-5cdc-4a1f-a873-68d0f5360ef3-AppendLogResponseHandler: Failed appendEntries: org.apache.ratis.thirdparty.io.grpc.StatusRuntimeException: UNAVAILABLE: io exception
2019-09-28 01:17:33,030 [grpc-default-executor-3] INFO  impl.FollowerInfo (FollowerInfo.java:lambda$new$0(51)) - bebff722-814a-4b18-9865-974a3449574f@group-A98C51DCDA50->30802873-5cdc-4a1f-a873-68d0f5360ef3: nextIndex: updateUnconditionally 4 -> 3
2019-09-28 01:17:33,473 [Datanode State Machine Thread - 0] INFO  statemachine.DatanodeStateMachine (DatanodeStateMachine.java:lambda$startDaemon$0(350)) - Ozone container server started.
2019-09-28 01:17:33,512 [grpc-default-executor-8] WARN  server.GrpcLogAppender (LogUtils.java:warn(134)) - 88097dad-bc5b-411c-9cd7-f6ac7aee11e0@group-6C5385ADC24A->e1c1c139-c9d2-4524-9627-6fde74a335c6-AppendLogResponseHandler: Failed appendEntries: org.apache.ratis.thirdparty.io.grpc.StatusRuntimeException: UNAVAILABLE: io exception
2019-09-28 01:17:33,512 [grpc-default-executor-4] WARN  server.GrpcLogAppender (LogUtils.java:warn(134)) - 269561c1-184f-4010-93c7-8c28cea2e49d@group-BD940380B4CC->e713f41d-3c96-4fbb-9d49-ce14b311e545-AppendLogResponseHandler: Failed appendEntries: org.apache.ratis.thirdparty.io.grpc.StatusRuntimeException: UNAVAILABLE: io exception
2019-09-28 01:17:33,513 [grpc-default-executor-8] INFO  impl.FollowerInfo (FollowerInfo.java:lambda$new$0(51)) - 88097dad-bc5b-411c-9cd7-f6ac7aee11e0@group-6C5385ADC24A->e1c1c139-c9d2-4524-9627-6fde74a335c6: nextIndex: updateUnconditionally 0 -> 0
2019-09-28 01:17:33,513 [grpc-default-executor-4] INFO  impl.FollowerInfo (FollowerInfo.java:lambda$new$0(51)) - 269561c1-184f-4010-93c7-8c28cea2e49d@group-BD940380B4CC->e713f41d-3c96-4fbb-9d49-ce14b311e545: nextIndex: updateUnconditionally 0 -> 0
2019-09-28 01:17:33,517 [grpc-default-executor-3] WARN  server.GrpcLogAppender (LogUtils.java:warn(134)) - bebff722-814a-4b18-9865-974a3449574f@group-A98C51DCDA50->f755b87f-3959-4e40-9945-0ecb4afd44e3-AppendLogResponseHandler: Failed appendEntries: org.apache.ratis.thirdparty.io.grpc.StatusRuntimeException: UNAVAILABLE: io exception
2019-09-28 01:17:33,518 [grpc-default-executor-3] INFO  impl.FollowerInfo (FollowerInfo.java:lambda$new$0(51)) - bebff722-814a-4b18-9865-974a3449574f@group-A98C51DCDA50->f755b87f-3959-4e40-9945-0ecb4afd44e3: nextIndex: updateUnconditionally 0 -> 0
2019-09-28 01:17:33,530 [grpc-default-executor-3] WARN  server.GrpcLogAppender (LogUtils.java:warn(134)) - 269561c1-184f-4010-93c7-8c28cea2e49d@group-BD940380B4CC->b34eea16-a41e-4e85-a98c-844cd8e9e4c1-AppendLogResponseHandler: Failed appendEntries: org.apache.ratis.thirdparty.io.grpc.StatusRuntimeException: UNAVAILABLE: io exception
2019-09-28 01:17:33,530 [grpc-default-executor-3] INFO  impl.FollowerInfo (FollowerInfo.java:lambda$new$0(51)) - 269561c1-184f-4010-93c7-8c28cea2e49d@group-BD940380B4CC->b34eea16-a41e-4e85-a98c-844cd8e9e4c1: nextIndex: updateUnconditionally 0 -> 0
2019-09-28 01:17:33,530 [grpc-default-executor-0] WARN  server.GrpcLogAppender (LogUtils.java:warn(134)) - bebff722-814a-4b18-9865-974a3449574f@group-A98C51DCDA50->30802873-5cdc-4a1f-a873-68d0f5360ef3-AppendLogResponseHandler: Failed appendEntries: org.apache.ratis.thirdparty.io.grpc.StatusRuntimeException: UNAVAILABLE: io exception
2019-09-28 01:17:33,530 [grpc-default-executor-0] INFO  impl.FollowerInfo (FollowerInfo.java:lambda$new$0(51)) - bebff722-814a-4b18-9865-974a3449574f@group-A98C51DCDA50->30802873-5cdc-4a1f-a873-68d0f5360ef3: nextIndex: updateUnconditionally 3 -> 2
2019-09-28 01:17:34,014 [grpc-default-executor-4] WARN  server.GrpcLogAppender (LogUtils.java:warn(134)) - 269561c1-184f-4010-93c7-8c28cea2e49d@group-BD940380B4CC->e713f41d-3c96-4fbb-9d49-ce14b311e545-AppendLogResponseHandler: Failed appendEntries: org.apache.ratis.thirdparty.io.grpc.StatusRuntimeException: UNAVAILABLE: io exception
2019-09-28 01:17:34,014 [grpc-default-executor-0] WARN  server.GrpcLogAppender (LogUtils.java:warn(134)) - 88097dad-bc5b-411c-9cd7-f6ac7aee11e0@group-6C5385ADC24A->e1c1c139-c9d2-4524-9627-6fde74a335c6-AppendLogResponseHandler: Failed appendEntries: org.apache.ratis.thirdparty.io.grpc.StatusRuntimeException: UNAVAILABLE: io exception
2019-09-28 01:17:34,015 [grpc-default-executor-4] INFO  impl.FollowerInfo (FollowerInfo.java:lambda$new$0(51)) - 269561c1-184f-4010-93c7-8c28cea2e49d@group-BD940380B4CC->e713f41d-3c96-4fbb-9d49-ce14b311e545: nextIndex: updateUnconditionally 0 -> 0
2019-09-28 01:17:34,015 [grpc-default-executor-0] INFO  impl.FollowerInfo (FollowerInfo.java:lambda$new$0(51)) - 88097dad-bc5b-411c-9cd7-f6ac7aee11e0@group-6C5385ADC24A->e1c1c139-c9d2-4524-9627-6fde74a335c6: nextIndex: updateUnconditionally 0 -> 0
2019-09-28 01:17:34,018 [grpc-default-executor-0] WARN  server.GrpcLogAppender (LogUtils.java:warn(134)) - bebff722-814a-4b18-9865-974a3449574f@group-A98C51DCDA50->f755b87f-3959-4e40-9945-0ecb4afd44e3-AppendLogResponseHandler: Failed appendEntries: org.apache.ratis.thirdparty.io.grpc.StatusRuntimeException: UNAVAILABLE: io exception
2019-09-28 01:17:34,018 [grpc-default-executor-0] INFO  impl.FollowerInfo (FollowerInfo.java:lambda$new$0(51)) - bebff722-814a-4b18-9865-974a3449574f@group-A98C51DCDA50->f755b87f-3959-4e40-9945-0ecb4afd44e3: nextIndex: updateUnconditionally 0 -> 0
2019-09-28 01:17:34,031 [grpc-default-executor-0] WARN  server.GrpcLogAppender (LogUtils.java:warn(134)) - 269561c1-184f-4010-93c7-8c28cea2e49d@group-BD940380B4CC->b34eea16-a41e-4e85-a98c-844cd8e9e4c1-AppendLogResponseHandler: Failed appendEntries: org.apache.ratis.thirdparty.io.grpc.StatusRuntimeException: UNAVAILABLE: io exception
2019-09-28 01:17:34,031 [grpc-default-executor-8] WARN  server.GrpcLogAppender (LogUtils.java:warn(134)) - bebff722-814a-4b18-9865-974a3449574f@group-A98C51DCDA50->30802873-5cdc-4a1f-a873-68d0f5360ef3-AppendLogResponseHandler: Failed appendEntries: org.apache.ratis.thirdparty.io.grpc.StatusRuntimeException: UNAVAILABLE: io exception
2019-09-28 01:17:34,031 [grpc-default-executor-0] INFO  impl.FollowerInfo (FollowerInfo.java:lambda$new$0(51)) - 269561c1-184f-4010-93c7-8c28cea2e49d@group-BD940380B4CC->b34eea16-a41e-4e85-a98c-844cd8e9e4c1: nextIndex: updateUnconditionally 0 -> 0
2019-09-28 01:17:34,032 [grpc-default-executor-8] INFO  impl.FollowerInfo (FollowerInfo.java:lambda$new$0(51)) - bebff722-814a-4b18-9865-974a3449574f@group-A98C51DCDA50->30802873-5cdc-4a1f-a873-68d0f5360ef3: nextIndex: updateUnconditionally 2 -> 1
2019-09-28 01:17:34,514 [grpc-default-executor-0] WARN  server.GrpcLogAppender (LogUtils.java:warn(134)) - 269561c1-184f-4010-93c7-8c28cea2e49d@group-BD940380B4CC->e713f41d-3c96-4fbb-9d49-ce14b311e545-AppendLogResponseHandler: Failed appendEntries: org.apache.ratis.thirdparty.io.grpc.StatusRuntimeException: UNAVAILABLE: io exception
2019-09-28 01:17:34,514 [grpc-default-executor-8] WARN  server.GrpcLogAppender (LogUtils.java:warn(134)) - 88097dad-bc5b-411c-9cd7-f6ac7aee11e0@group-6C5385ADC24A->e1c1c139-c9d2-4524-9627-6fde74a335c6-AppendLogResponseHandler: Failed appendEntries: org.apache.ratis.thirdparty.io.grpc.StatusRuntimeException: UNAVAILABLE: io exception
2019-09-28 01:17:34,515 [grpc-default-executor-0] INFO  impl.FollowerInfo (FollowerInfo.java:lambda$new$0(51)) - 269561c1-184f-4010-93c7-8c28cea2e49d@group-BD940380B4CC->e713f41d-3c96-4fbb-9d49-ce14b311e545: nextIndex: updateUnconditionally 0 -> 0
2019-09-28 01:17:34,515 [grpc-default-executor-8] INFO  impl.FollowerInfo (FollowerInfo.java:lambda$new$0(51)) - 88097dad-bc5b-411c-9cd7-f6ac7aee11e0@group-6C5385ADC24A->e1c1c139-c9d2-4524-9627-6fde74a335c6: nextIndex: updateUnconditionally 0 -> 0
2019-09-28 01:17:34,519 [grpc-default-executor-3] WARN  server.GrpcLogAppender (LogUtils.java:warn(134)) - bebff722-814a-4b18-9865-974a3449574f@group-A98C51DCDA50->f755b87f-3959-4e40-9945-0ecb4afd44e3-AppendLogResponseHandler: Failed appendEntries: org.apache.ratis.thirdparty.io.grpc.StatusRuntimeException: UNAVAILABLE: io exception
2019-09-28 01:17:34,519 [grpc-default-executor-3] INFO  impl.FollowerInfo (FollowerInfo.java:lambda$new$0(51)) - bebff722-814a-4b18-9865-974a3449574f@group-A98C51DCDA50->f755b87f-3959-4e40-9945-0ecb4afd44e3: nextIndex: updateUnconditionally 0 -> 0
2019-09-28 01:17:34,532 [grpc-default-executor-0] WARN  server.GrpcLogAppender (LogUtils.java:warn(134)) - 269561c1-184f-4010-93c7-8c28cea2e49d@group-BD940380B4CC->b34eea16-a41e-4e85-a98c-844cd8e9e4c1-AppendLogResponseHandler: Failed appendEntries: org.apache.ratis.thirdparty.io.grpc.StatusRuntimeException: UNAVAILABLE: io exception
2019-09-28 01:17:34,532 [grpc-default-executor-4] WARN  server.GrpcLogAppender (LogUtils.java:warn(134)) - bebff722-814a-4b18-9865-974a3449574f@group-A98C51DCDA50->30802873-5cdc-4a1f-a873-68d0f5360ef3-AppendLogResponseHandler: Failed appendEntries: org.apache.ratis.thirdparty.io.grpc.StatusRuntimeException: UNAVAILABLE: io exception
2019-09-28 01:17:34,532 [grpc-default-executor-0] INFO  impl.FollowerInfo (FollowerInfo.java:lambda$new$0(51)) - 269561c1-184f-4010-93c7-8c28cea2e49d@group-BD940380B4CC->b34eea16-a41e-4e85-a98c-844cd8e9e4c1: nextIndex: updateUnconditionally 0 -> 0
2019-09-28 01:17:34,532 [grpc-default-executor-4] INFO  impl.FollowerInfo (FollowerInfo.java:lambda$new$0(51)) - bebff722-814a-4b18-9865-974a3449574f@group-A98C51DCDA50->30802873-5cdc-4a1f-a873-68d0f5360ef3: nextIndex: updateUnconditionally 1 -> 0
2019-09-28 01:17:35,016 [grpc-default-executor-6] WARN  server.GrpcLogAppender (LogUtils.java:warn(134)) - 269561c1-184f-4010-93c7-8c28cea2e49d@group-BD940380B4CC->e713f41d-3c96-4fbb-9d49-ce14b311e545-AppendLogResponseHandler: Failed appendEntries: org.apache.ratis.thirdparty.io.grpc.StatusRuntimeException: UNAVAILABLE: io exception
2019-09-28 01:17:35,016 [grpc-default-executor-1] WARN  server.GrpcLogAppender (LogUtils.java:warn(134)) - 88097dad-bc5b-411c-9cd7-f6ac7aee11e0@group-6C5385ADC24A->e1c1c139-c9d2-4524-9627-6fde74a335c6-AppendLogResponseHandler: Failed appendEntries: org.apache.ratis.thirdparty.io.grpc.StatusRuntimeException: UNAVAILABLE: io exception
2019-09-28 01:17:35,016 [grpc-default-executor-6] INFO  impl.FollowerInfo (FollowerInfo.java:lambda$new$0(51)) - 269561c1-184f-4010-93c7-8c28cea2e49d@group-BD940380B4CC->e713f41d-3c96-4fbb-9d49-ce14b311e545: nextIndex: updateUnconditionally 0 -> 0
2019-09-28 01:17:35,016 [grpc-default-executor-1] INFO  impl.FollowerInfo (FollowerInfo.java:lambda$new$0(51)) - 88097dad-bc5b-411c-9cd7-f6ac7aee11e0@group-6C5385ADC24A->e1c1c139-c9d2-4524-9627-6fde74a335c6: nextIndex: updateUnconditionally 0 -> 0
2019-09-28 01:17:35,019 [grpc-default-executor-4] WARN  server.GrpcLogAppender (LogUtils.java:warn(134)) - bebff722-814a-4b18-9865-974a3449574f@group-A98C51DCDA50->f755b87f-3959-4e40-9945-0ecb4afd44e3-AppendLogResponseHandler: Failed appendEntries: org.apache.ratis.thirdparty.io.grpc.StatusRuntimeException: UNAVAILABLE: io exception
2019-09-28 01:17:35,019 [grpc-default-executor-4] INFO  impl.FollowerInfo (FollowerInfo.java:lambda$new$0(51)) - bebff722-814a-4b18-9865-974a3449574f@group-A98C51DCDA50->f755b87f-3959-4e40-9945-0ecb4afd44e3: nextIndex: updateUnconditionally 0 -> 0
2019-09-28 01:17:35,032 [grpc-default-executor-6] WARN  server.GrpcLogAppender (LogUtils.java:warn(134)) - 269561c1-184f-4010-93c7-8c28cea2e49d@group-BD940380B4CC->b34eea16-a41e-4e85-a98c-844cd8e9e4c1-AppendLogResponseHandler: Failed appendEntries: org.apache.ratis.thirdparty.io.grpc.StatusRuntimeException: UNAVAILABLE: io exception
2019-09-28 01:17:35,032 [grpc-default-executor-0] WARN  server.GrpcLogAppender (LogUtils.java:warn(134)) - bebff722-814a-4b18-9865-974a3449574f@group-A98C51DCDA50->30802873-5cdc-4a1f-a873-68d0f5360ef3-AppendLogResponseHandler: Failed appendEntries: org.apache.ratis.thirdparty.io.grpc.StatusRuntimeException: UNAVAILABLE: io exception
2019-09-28 01:17:35,033 [grpc-default-executor-6] INFO  impl.FollowerInfo (FollowerInfo.java:lambda$new$0(51)) - 269561c1-184f-4010-93c7-8c28cea2e49d@group-BD940380B4CC->b34eea16-a41e-4e85-a98c-844cd8e9e4c1: nextIndex: updateUnconditionally 0 -> 0
2019-09-28 01:17:35,033 [grpc-default-executor-0] INFO  impl.FollowerInfo (FollowerInfo.java:lambda$new$0(51)) - bebff722-814a-4b18-9865-974a3449574f@group-A98C51DCDA50->30802873-5cdc-4a1f-a873-68d0f5360ef3: nextIndex: updateUnconditionally 0 -> 0
2019-09-28 01:17:35,516 [grpc-default-executor-3] WARN  server.GrpcLogAppender (LogUtils.java:warn(134)) - 88097dad-bc5b-411c-9cd7-f6ac7aee11e0@group-6C5385ADC24A->e1c1c139-c9d2-4524-9627-6fde74a335c6-AppendLogResponseHandler: Failed appendEntries: org.apache.ratis.thirdparty.io.grpc.StatusRuntimeException: UNAVAILABLE: io exception
2019-09-28 01:17:35,516 [grpc-default-executor-0] WARN  server.GrpcLogAppender (LogUtils.java:warn(134)) - 269561c1-184f-4010-93c7-8c28cea2e49d@group-BD940380B4CC->e713f41d-3c96-4fbb-9d49-ce14b311e545-AppendLogResponseHandler: Failed appendEntries: org.apache.ratis.thirdparty.io.grpc.StatusRuntimeException: UNAVAILABLE: io exception
2019-09-28 01:17:35,517 [grpc-default-executor-3] INFO  impl.FollowerInfo (FollowerInfo.java:lambda$new$0(51)) - 88097dad-bc5b-411c-9cd7-f6ac7aee11e0@group-6C5385ADC24A->e1c1c139-c9d2-4524-9627-6fde74a335c6: nextIndex: updateUnconditionally 0 -> 0
2019-09-28 01:17:35,517 [grpc-default-executor-0] INFO  impl.FollowerInfo (FollowerInfo.java:lambda$new$0(51)) - 269561c1-184f-4010-93c7-8c28cea2e49d@group-BD940380B4CC->e713f41d-3c96-4fbb-9d49-ce14b311e545: nextIndex: updateUnconditionally 0 -> 0
2019-09-28 01:17:35,520 [grpc-default-executor-1] WARN  server.GrpcLogAppender (LogUtils.java:warn(134)) - bebff722-814a-4b18-9865-974a3449574f@group-A98C51DCDA50->f755b87f-3959-4e40-9945-0ecb4afd44e3-AppendLogResponseHandler: Failed appendEntries: org.apache.ratis.thirdparty.io.grpc.StatusRuntimeException: UNAVAILABLE: io exception
2019-09-28 01:17:35,520 [grpc-default-executor-1] INFO  impl.FollowerInfo (FollowerInfo.java:lambda$new$0(51)) - bebff722-814a-4b18-9865-974a3449574f@group-A98C51DCDA50->f755b87f-3959-4e40-9945-0ecb4afd44e3: nextIndex: updateUnconditionally 0 -> 0
2019-09-28 01:17:35,533 [grpc-default-executor-8] WARN  server.GrpcLogAppender (LogUtils.java:warn(134)) - 269561c1-184f-4010-93c7-8c28cea2e49d@group-BD940380B4CC->b34eea16-a41e-4e85-a98c-844cd8e9e4c1-AppendLogResponseHandler: Failed appendEntries: org.apache.ratis.thirdparty.io.grpc.StatusRuntimeException: UNAVAILABLE: io exception
2019-09-28 01:17:35,534 [grpc-default-executor-6] WARN  server.GrpcLogAppender (LogUtils.java:warn(134)) - bebff722-814a-4b18-9865-974a3449574f@group-A98C51DCDA50->30802873-5cdc-4a1f-a873-68d0f5360ef3-AppendLogResponseHandler: Failed appendEntries: org.apache.ratis.thirdparty.io.grpc.StatusRuntimeException: UNAVAILABLE: io exception
2019-09-28 01:17:35,534 [grpc-default-executor-8] INFO  impl.FollowerInfo (FollowerInfo.java:lambda$new$0(51)) - 269561c1-184f-4010-93c7-8c28cea2e49d@group-BD940380B4CC->b34eea16-a41e-4e85-a98c-844cd8e9e4c1: nextIndex: updateUnconditionally 0 -> 0
2019-09-28 01:17:35,534 [grpc-default-executor-6] INFO  impl.FollowerInfo (FollowerInfo.java:lambda$new$0(51)) - bebff722-814a-4b18-9865-974a3449574f@group-A98C51DCDA50->30802873-5cdc-4a1f-a873-68d0f5360ef3: nextIndex: updateUnconditionally 0 -> 0
2019-09-28 01:17:36,018 [grpc-default-executor-3] WARN  server.GrpcLogAppender (LogUtils.java:warn(134)) - 88097dad-bc5b-411c-9cd7-f6ac7aee11e0@group-6C5385ADC24A->e1c1c139-c9d2-4524-9627-6fde74a335c6-AppendLogResponseHandler: Failed appendEntries: org.apache.ratis.thirdparty.io.grpc.StatusRuntimeException: UNAVAILABLE: io exception
2019-09-28 01:17:36,018 [grpc-default-executor-0] WARN  server.GrpcLogAppender (LogUtils.java:warn(134)) - 269561c1-184f-4010-93c7-8c28cea2e49d@group-BD940380B4CC->e713f41d-3c96-4fbb-9d49-ce14b311e545-AppendLogResponseHandler: Failed appendEntries: org.apache.ratis.thirdparty.io.grpc.StatusRuntimeException: UNAVAILABLE: io exception
2019-09-28 01:17:36,019 [grpc-default-executor-3] INFO  impl.FollowerInfo (FollowerInfo.java:lambda$new$0(51)) - 88097dad-bc5b-411c-9cd7-f6ac7aee11e0@group-6C5385ADC24A->e1c1c139-c9d2-4524-9627-6fde74a335c6: nextIndex: updateUnconditionally 0 -> 0
2019-09-28 01:17:36,019 [grpc-default-executor-0] INFO  impl.FollowerInfo (FollowerInfo.java:lambda$new$0(51)) - 269561c1-184f-4010-93c7-8c28cea2e49d@group-BD940380B4CC->e713f41d-3c96-4fbb-9d49-ce14b311e545: nextIndex: updateUnconditionally 0 -> 0
2019-09-28 01:17:36,021 [grpc-default-executor-6] WARN  server.GrpcLogAppender (LogUtils.java:warn(134)) - bebff722-814a-4b18-9865-974a3449574f@group-A98C51DCDA50->f755b87f-3959-4e40-9945-0ecb4afd44e3-AppendLogResponseHandler: Failed appendEntries: org.apache.ratis.thirdparty.io.grpc.StatusRuntimeException: UNAVAILABLE: io exception
2019-09-28 01:17:36,021 [grpc-default-executor-6] INFO  impl.FollowerInfo (FollowerInfo.java:lambda$new$0(51)) - bebff722-814a-4b18-9865-974a3449574f@group-A98C51DCDA50->f755b87f-3959-4e40-9945-0ecb4afd44e3: nextIndex: updateUnconditionally 0 -> 0
2019-09-28 01:17:36,034 [grpc-default-executor-0] WARN  server.GrpcLogAppender (LogUtils.java:warn(134)) - bebff722-814a-4b18-9865-974a3449574f@group-A98C51DCDA50->30802873-5cdc-4a1f-a873-68d0f5360ef3-AppendLogResponseHandler: Failed appendEntries: org.apache.ratis.thirdparty.io.grpc.StatusRuntimeException: UNAVAILABLE: io exception
2019-09-28 01:17:36,034 [grpc-default-executor-8] WARN  server.GrpcLogAppender (LogUtils.java:warn(134)) - 269561c1-184f-4010-93c7-8c28cea2e49d@group-BD940380B4CC->b34eea16-a41e-4e85-a98c-844cd8e9e4c1-AppendLogResponseHandler: Failed appendEntries: org.apache.ratis.thirdparty.io.grpc.StatusRuntimeException: UNAVAILABLE: io exception
2019-09-28 01:17:36,034 [grpc-default-executor-0] INFO  impl.FollowerInfo (FollowerInfo.java:lambda$new$0(51)) - bebff722-814a-4b18-9865-974a3449574f@group-A98C51DCDA50->30802873-5cdc-4a1f-a873-68d0f5360ef3: nextIndex: updateUnconditionally 0 -> 0
2019-09-28 01:17:36,035 [grpc-default-executor-8] INFO  impl.FollowerInfo (FollowerInfo.java:lambda$new$0(51)) - 269561c1-184f-4010-93c7-8c28cea2e49d@group-BD940380B4CC->b34eea16-a41e-4e85-a98c-844cd8e9e4c1: nextIndex: updateUnconditionally 0 -> 0
2019-09-28 01:17:36,518 [grpc-default-executor-0] WARN  server.GrpcLogAppender (LogUtils.java:warn(134)) - 88097dad-bc5b-411c-9cd7-f6ac7aee11e0@group-6C5385ADC24A->e1c1c139-c9d2-4524-9627-6fde74a335c6-AppendLogResponseHandler: Failed appendEntries: org.apache.ratis.thirdparty.io.grpc.StatusRuntimeException: UNAVAILABLE: io exception
2019-09-28 01:17:36,518 [grpc-default-executor-6] WARN  server.GrpcLogAppender (LogUtils.java:warn(134)) - 269561c1-184f-4010-93c7-8c28cea2e49d@group-BD940380B4CC->e713f41d-3c96-4fbb-9d49-ce14b311e545-AppendLogResponseHandler: Failed appendEntries: org.apache.ratis.thirdparty.io.grpc.StatusRuntimeException: UNAVAILABLE: io exception
2019-09-28 01:17:36,519 [grpc-default-executor-0] INFO  impl.FollowerInfo (FollowerInfo.java:lambda$new$0(51)) - 88097dad-bc5b-411c-9cd7-f6ac7aee11e0@group-6C5385ADC24A->e1c1c139-c9d2-4524-9627-6fde74a335c6: nextIndex: updateUnconditionally 0 -> 0
2019-09-28 01:17:36,519 [grpc-default-executor-6] INFO  impl.FollowerInfo (FollowerInfo.java:lambda$new$0(51)) - 269561c1-184f-4010-93c7-8c28cea2e49d@group-BD940380B4CC->e713f41d-3c96-4fbb-9d49-ce14b311e545: nextIndex: updateUnconditionally 0 -> 0
2019-09-28 01:17:36,521 [grpc-default-executor-3] WARN  server.GrpcLogAppender (LogUtils.java:warn(134)) - bebff722-814a-4b18-9865-974a3449574f@group-A98C51DCDA50->f755b87f-3959-4e40-9945-0ecb4afd44e3-AppendLogResponseHandler: Failed appendEntries: org.apache.ratis.thirdparty.io.grpc.StatusRuntimeException: UNAVAILABLE: io exception
2019-09-28 01:17:36,522 [grpc-default-executor-3] INFO  impl.FollowerInfo (FollowerInfo.java:lambda$new$0(51)) - bebff722-814a-4b18-9865-974a3449574f@group-A98C51DCDA50->f755b87f-3959-4e40-9945-0ecb4afd44e3: nextIndex: updateUnconditionally 0 -> 0
2019-09-28 01:17:36,535 [grpc-default-executor-1] WARN  server.GrpcLogAppender (LogUtils.java:warn(134)) - bebff722-814a-4b18-9865-974a3449574f@group-A98C51DCDA50->30802873-5cdc-4a1f-a873-68d0f5360ef3-AppendLogResponseHandler: Failed appendEntries: org.apache.ratis.thirdparty.io.grpc.StatusRuntimeException: UNAVAILABLE: io exception
2019-09-28 01:17:36,535 [grpc-default-executor-1] INFO  impl.FollowerInfo (FollowerInfo.java:lambda$new$0(51)) - bebff722-814a-4b18-9865-974a3449574f@group-A98C51DCDA50->30802873-5cdc-4a1f-a873-68d0f5360ef3: nextIndex: updateUnconditionally 0 -> 0
2019-09-28 01:17:36,535 [grpc-default-executor-0] WARN  server.GrpcLogAppender (LogUtils.java:warn(134)) - 269561c1-184f-4010-93c7-8c28cea2e49d@group-BD940380B4CC->b34eea16-a41e-4e85-a98c-844cd8e9e4c1-AppendLogResponseHandler: Failed appendEntries: org.apache.ratis.thirdparty.io.grpc.StatusRuntimeException: UNAVAILABLE: io exception
2019-09-28 01:17:36,536 [grpc-default-executor-0] INFO  impl.FollowerInfo (FollowerInfo.java:lambda$new$0(51)) - 269561c1-184f-4010-93c7-8c28cea2e49d@group-BD940380B4CC->b34eea16-a41e-4e85-a98c-844cd8e9e4c1: nextIndex: updateUnconditionally 0 -> 0
2019-09-28 01:17:37,019 [grpc-default-executor-8] WARN  server.GrpcLogAppender (LogUtils.java:warn(134)) - 88097dad-bc5b-411c-9cd7-f6ac7aee11e0@group-6C5385ADC24A->e1c1c139-c9d2-4524-9627-6fde74a335c6-AppendLogResponseHandler: Failed appendEntries: org.apache.ratis.thirdparty.io.grpc.StatusRuntimeException: UNAVAILABLE: io exception
2019-09-28 01:17:37,019 [grpc-default-executor-0] WARN  server.GrpcLogAppender (LogUtils.java:warn(134)) - 269561c1-184f-4010-93c7-8c28cea2e49d@group-BD940380B4CC->e713f41d-3c96-4fbb-9d49-ce14b311e545-AppendLogResponseHandler: Failed appendEntries: org.apache.ratis.thirdparty.io.grpc.StatusRuntimeException: UNAVAILABLE: io exception
2019-09-28 01:17:37,019 [grpc-default-executor-8] INFO  impl.FollowerInfo (FollowerInfo.java:lambda$new$0(51)) - 88097dad-bc5b-411c-9cd7-f6ac7aee11e0@group-6C5385ADC24A->e1c1c139-c9d2-4524-9627-6fde74a335c6: nextIndex: updateUnconditionally 0 -> 0
2019-09-28 01:17:37,019 [grpc-default-executor-0] INFO  impl.FollowerInfo (FollowerInfo.java:lambda$new$0(51)) - 269561c1-184f-4010-93c7-8c28cea2e49d@group-BD940380B4CC->e713f41d-3c96-4fbb-9d49-ce14b311e545: nextIndex: updateUnconditionally 0 -> 0
2019-09-28 01:17:37,022 [grpc-default-executor-3] WARN  server.GrpcLogAppender (LogUtils.java:warn(134)) - bebff722-814a-4b18-9865-974a3449574f@group-A98C51DCDA50->f755b87f-3959-4e40-9945-0ecb4afd44e3-AppendLogResponseHandler: Failed appendEntries: org.apache.ratis.thirdparty.io.grpc.StatusRuntimeException: UNAVAILABLE: io exception
2019-09-28 01:17:37,022 [grpc-default-executor-3] INFO  impl.FollowerInfo (FollowerInfo.java:lambda$new$0(51)) - bebff722-814a-4b18-9865-974a3449574f@group-A98C51DCDA50->f755b87f-3959-4e40-9945-0ecb4afd44e3: nextIndex: updateUnconditionally 0 -> 0
2019-09-28 01:17:37,035 [grpc-default-executor-1] WARN  server.GrpcLogAppender (LogUtils.java:warn(134)) - bebff722-814a-4b18-9865-974a3449574f@group-A98C51DCDA50->30802873-5cdc-4a1f-a873-68d0f5360ef3-AppendLogResponseHandler: Failed appendEntries: org.apache.ratis.thirdparty.io.grpc.StatusRuntimeException: UNAVAILABLE: io exception
2019-09-28 01:17:37,036 [grpc-default-executor-1] INFO  impl.FollowerInfo (FollowerInfo.java:lambda$new$0(51)) - bebff722-814a-4b18-9865-974a3449574f@group-A98C51DCDA50->30802873-5cdc-4a1f-a873-68d0f5360ef3: nextIndex: updateUnconditionally 0 -> 0
2019-09-28 01:17:37,036 [grpc-default-executor-3] WARN  server.GrpcLogAppender (LogUtils.java:warn(134)) - 269561c1-184f-4010-93c7-8c28cea2e49d@group-BD940380B4CC->b34eea16-a41e-4e85-a98c-844cd8e9e4c1-AppendLogResponseHandler: Failed appendEntries: org.apache.ratis.thirdparty.io.grpc.StatusRuntimeException: UNAVAILABLE: io exception
2019-09-28 01:17:37,037 [grpc-default-executor-3] INFO  impl.FollowerInfo (FollowerInfo.java:lambda$new$0(51)) - 269561c1-184f-4010-93c7-8c28cea2e49d@group-BD940380B4CC->b34eea16-a41e-4e85-a98c-844cd8e9e4c1: nextIndex: updateUnconditionally 0 -> 0
2019-09-28 01:17:37,519 [grpc-default-executor-6] WARN  server.GrpcLogAppender (LogUtils.java:warn(134)) - 269561c1-184f-4010-93c7-8c28cea2e49d@group-BD940380B4CC->e713f41d-3c96-4fbb-9d49-ce14b311e545-AppendLogResponseHandler: Failed appendEntries: org.apache.ratis.thirdparty.io.grpc.StatusRuntimeException: UNAVAILABLE: io exception
2019-09-28 01:17:37,519 [grpc-default-executor-3] WARN  server.GrpcLogAppender (LogUtils.java:warn(134)) - 88097dad-bc5b-411c-9cd7-f6ac7aee11e0@group-6C5385ADC24A->e1c1c139-c9d2-4524-9627-6fde74a335c6-AppendLogResponseHandler: Failed appendEntries: org.apache.ratis.thirdparty.io.grpc.StatusRuntimeException: UNAVAILABLE: io exception
2019-09-28 01:17:37,520 [grpc-default-executor-6] INFO  impl.FollowerInfo (FollowerInfo.java:lambda$new$0(51)) - 269561c1-184f-4010-93c7-8c28cea2e49d@group-BD940380B4CC->e713f41d-3c96-4fbb-9d49-ce14b311e545: nextIndex: updateUnconditionally 0 -> 0
2019-09-28 01:17:37,520 [grpc-default-executor-3] INFO  impl.FollowerInfo (FollowerInfo.java:lambda$new$0(51)) - 88097dad-bc5b-411c-9cd7-f6ac7aee11e0@group-6C5385ADC24A->e1c1c139-c9d2-4524-9627-6fde74a335c6: nextIndex: updateUnconditionally 0 -> 0
2019-09-28 01:17:37,522 [grpc-default-executor-8] WARN  server.GrpcLogAppender (LogUtils.java:warn(134)) - bebff722-814a-4b18-9865-974a3449574f@group-A98C51DCDA50->f755b87f-3959-4e40-9945-0ecb4afd44e3-AppendLogResponseHandler: Failed appendEntries: org.apache.ratis.thirdparty.io.grpc.StatusRuntimeException: UNAVAILABLE: io exception
2019-09-28 01:17:37,523 [grpc-default-executor-8] INFO  impl.FollowerInfo (FollowerInfo.java:lambda$new$0(51)) - bebff722-814a-4b18-9865-974a3449574f@group-A98C51DCDA50->f755b87f-3959-4e40-9945-0ecb4afd44e3: nextIndex: updateUnconditionally 0 -> 0
2019-09-28 01:17:37,536 [grpc-default-executor-6] WARN  server.GrpcLogAppender (LogUtils.java:warn(134)) - bebff722-814a-4b18-9865-974a3449574f@group-A98C51DCDA50->30802873-5cdc-4a1f-a873-68d0f5360ef3-AppendLogResponseHandler: Failed appendEntries: org.apache.ratis.thirdparty.io.grpc.StatusRuntimeException: UNAVAILABLE: io exception
2019-09-28 01:17:37,536 [grpc-default-executor-6] INFO  impl.FollowerInfo (FollowerInfo.java:lambda$new$0(51)) - bebff722-814a-4b18-9865-974a3449574f@group-A98C51DCDA50->30802873-5cdc-4a1f-a873-68d0f5360ef3: nextIndex: updateUnconditionally 0 -> 0
2019-09-28 01:17:37,537 [grpc-default-executor-3] WARN  server.GrpcLogAppender (LogUtils.java:warn(134)) - 269561c1-184f-4010-93c7-8c28cea2e49d@group-BD940380B4CC->b34eea16-a41e-4e85-a98c-844cd8e9e4c1-AppendLogResponseHandler: Failed appendEntries: org.apache.ratis.thirdparty.io.grpc.StatusRuntimeException: UNAVAILABLE: io exception
2019-09-28 01:17:37,537 [grpc-default-executor-3] INFO  impl.FollowerInfo (FollowerInfo.java:lambda$new$0(51)) - 269561c1-184f-4010-93c7-8c28cea2e49d@group-BD940380B4CC->b34eea16-a41e-4e85-a98c-844cd8e9e4c1: nextIndex: updateUnconditionally 0 -> 0
2019-09-28 01:17:37,627 [ForkJoinPool.commonPool-worker-0] INFO  ozoneimpl.OzoneContainer (OzoneContainer.java:stop(231)) - Attempting to stop container services.
2019-09-28 01:17:37,627 [main] INFO  ozoneimpl.OzoneContainer (OzoneContainer.java:stop(231)) - Attempting to stop container services.
2019-09-28 01:17:37,628 [ForkJoinPool.commonPool-worker-0] INFO  impl.RaftServerProxy (RaftServerProxy.java:lambda$close$4(314)) - d239b4fc-5ffb-4450-8968-7f1e37e2dc0b: close
2019-09-28 01:17:37,628 [main] INFO  impl.RaftServerProxy (RaftServerProxy.java:lambda$close$4(314)) - 269561c1-184f-4010-93c7-8c28cea2e49d: close
2019-09-28 01:17:37,628 [ForkJoinPool.commonPool-worker-0] INFO  impl.RaftServerImpl (RaftServerImpl.java:lambda$shutdown$3(251)) - d239b4fc-5ffb-4450-8968-7f1e37e2dc0b@group-D82B7E8661C1: shutdown
2019-09-28 01:17:37,628 [main] INFO  impl.RaftServerImpl (RaftServerImpl.java:lambda$shutdown$3(251)) - 269561c1-184f-4010-93c7-8c28cea2e49d@group-6898972FB660: shutdown
2019-09-28 01:17:37,629 [ForkJoinPool.commonPool-worker-0] INFO  util.JmxRegister (JmxRegister.java:unregister(73)) - Successfully un-registered JMX Bean with object name Ratis:service=RaftServer,group=group-D82B7E8661C1,id=d239b4fc-5ffb-4450-8968-7f1e37e2dc0b
2019-09-28 01:17:37,629 [main] INFO  util.JmxRegister (JmxRegister.java:unregister(73)) - Successfully un-registered JMX Bean with object name Ratis:service=RaftServer,group=group-6898972FB660,id=269561c1-184f-4010-93c7-8c28cea2e49d
2019-09-28 01:17:37,629 [main] INFO  impl.RoleInfo (RoleInfo.java:shutdownLeaderState(104)) - 269561c1-184f-4010-93c7-8c28cea2e49d: shutdown LeaderState
2019-09-28 01:17:37,629 [ForkJoinPool.commonPool-worker-0] INFO  impl.RoleInfo (RoleInfo.java:shutdownLeaderState(104)) - d239b4fc-5ffb-4450-8968-7f1e37e2dc0b: shutdown LeaderState
2019-09-28 01:17:37,630 [main] INFO  impl.PendingRequests (PendingRequests.java:sendNotLeaderResponses(202)) - 269561c1-184f-4010-93c7-8c28cea2e49d-PendingRequests: sendNotLeaderResponses
2019-09-28 01:17:37,630 [ForkJoinPool.commonPool-worker-0] INFO  impl.PendingRequests (PendingRequests.java:sendNotLeaderResponses(202)) - d239b4fc-5ffb-4450-8968-7f1e37e2dc0b-PendingRequests: sendNotLeaderResponses
2019-09-28 01:17:37,631 [main] INFO  impl.StateMachineUpdater (StateMachineUpdater.java:stopAndJoin(125)) - 269561c1-184f-4010-93c7-8c28cea2e49d@group-6898972FB660-StateMachineUpdater: set stopIndex = 0
2019-09-28 01:17:37,637 [ForkJoinPool.commonPool-worker-0] INFO  impl.StateMachineUpdater (StateMachineUpdater.java:stopAndJoin(125)) - d239b4fc-5ffb-4450-8968-7f1e37e2dc0b@group-D82B7E8661C1-StateMachineUpdater: set stopIndex = 0
2019-09-28 01:17:37,638 [ForkJoinPool.commonPool-worker-0] INFO  impl.RaftServerImpl (ServerState.java:close(385)) - d239b4fc-5ffb-4450-8968-7f1e37e2dc0b@group-D82B7E8661C1: closes. applyIndex: 0
2019-09-28 01:17:37,637 [main] INFO  impl.RaftServerImpl (ServerState.java:close(385)) - 269561c1-184f-4010-93c7-8c28cea2e49d@group-6898972FB660: closes. applyIndex: 0
2019-09-28 01:17:37,638 [d239b4fc-5ffb-4450-8968-7f1e37e2dc0b@group-D82B7E8661C1-SegmentedRaftLogWorker] INFO  segmented.SegmentedRaftLogWorker (SegmentedRaftLogWorker.java:run(313)) - d239b4fc-5ffb-4450-8968-7f1e37e2dc0b@group-D82B7E8661C1-SegmentedRaftLogWorker was interrupted, exiting. There are 0 tasks remaining in the queue.
2019-09-28 01:17:37,639 [269561c1-184f-4010-93c7-8c28cea2e49d@group-6898972FB660-SegmentedRaftLogWorker] INFO  segmented.SegmentedRaftLogWorker (SegmentedRaftLogWorker.java:run(313)) - 269561c1-184f-4010-93c7-8c28cea2e49d@group-6898972FB660-SegmentedRaftLogWorker was interrupted, exiting. There are 0 tasks remaining in the queue.
2019-09-28 01:17:37,639 [ForkJoinPool.commonPool-worker-0] INFO  segmented.SegmentedRaftLogWorker (SegmentedRaftLogWorker.java:close(228)) - d239b4fc-5ffb-4450-8968-7f1e37e2dc0b@group-D82B7E8661C1-SegmentedRaftLogWorker close()
2019-09-28 01:17:37,639 [main] INFO  segmented.SegmentedRaftLogWorker (SegmentedRaftLogWorker.java:close(228)) - 269561c1-184f-4010-93c7-8c28cea2e49d@group-6898972FB660-SegmentedRaftLogWorker close()
2019-09-28 01:17:37,639 [ForkJoinPool.commonPool-worker-0] INFO  impl.RaftServerImpl (RaftServerImpl.java:lambda$shutdown$3(251)) - d239b4fc-5ffb-4450-8968-7f1e37e2dc0b@group-6C5385ADC24A: shutdown
2019-09-28 01:17:37,640 [main] INFO  impl.RaftServerImpl (RaftServerImpl.java:lambda$shutdown$3(251)) - 269561c1-184f-4010-93c7-8c28cea2e49d@group-BD940380B4CC: shutdown
2019-09-28 01:17:37,640 [ForkJoinPool.commonPool-worker-0] INFO  util.JmxRegister (JmxRegister.java:unregister(73)) - Successfully un-registered JMX Bean with object name Ratis:service=RaftServer,group=group-6C5385ADC24A,id=d239b4fc-5ffb-4450-8968-7f1e37e2dc0b
2019-09-28 01:17:37,641 [ForkJoinPool.commonPool-worker-0] INFO  impl.RoleInfo (RoleInfo.java:shutdownFollowerState(121)) - d239b4fc-5ffb-4450-8968-7f1e37e2dc0b: shutdown FollowerState
2019-09-28 01:17:37,640 [main] INFO  util.JmxRegister (JmxRegister.java:unregister(73)) - Successfully un-registered JMX Bean with object name Ratis:service=RaftServer,group=group-BD940380B4CC,id=269561c1-184f-4010-93c7-8c28cea2e49d
2019-09-28 01:17:37,641 [Thread-2382] INFO  impl.FollowerState (FollowerState.java:run(115)) - d239b4fc-5ffb-4450-8968-7f1e37e2dc0b: FollowerState was interrupted: java.lang.InterruptedException: sleep interrupted
2019-09-28 01:17:37,641 [ForkJoinPool.commonPool-worker-0] INFO  impl.StateMachineUpdater (StateMachineUpdater.java:stopAndJoin(125)) - d239b4fc-5ffb-4450-8968-7f1e37e2dc0b@group-6C5385ADC24A-StateMachineUpdater: set stopIndex = 0
2019-09-28 01:17:37,642 [ForkJoinPool.commonPool-worker-0] INFO  impl.RaftServerImpl (ServerState.java:close(385)) - d239b4fc-5ffb-4450-8968-7f1e37e2dc0b@group-6C5385ADC24A: closes. applyIndex: 0
2019-09-28 01:17:37,641 [main] INFO  impl.RoleInfo (RoleInfo.java:shutdownLeaderState(104)) - 269561c1-184f-4010-93c7-8c28cea2e49d: shutdown LeaderState
2019-09-28 01:17:37,642 [d239b4fc-5ffb-4450-8968-7f1e37e2dc0b@group-6C5385ADC24A-SegmentedRaftLogWorker] INFO  segmented.SegmentedRaftLogWorker (SegmentedRaftLogWorker.java:run(313)) - d239b4fc-5ffb-4450-8968-7f1e37e2dc0b@group-6C5385ADC24A-SegmentedRaftLogWorker was interrupted, exiting. There are 0 tasks remaining in the queue.
2019-09-28 01:17:37,646 [main] INFO  impl.PendingRequests (PendingRequests.java:sendNotLeaderResponses(202)) - 269561c1-184f-4010-93c7-8c28cea2e49d-PendingRequests: sendNotLeaderResponses
2019-09-28 01:17:37,646 [ForkJoinPool.commonPool-worker-0] INFO  segmented.SegmentedRaftLogWorker (SegmentedRaftLogWorker.java:close(228)) - d239b4fc-5ffb-4450-8968-7f1e37e2dc0b@group-6C5385ADC24A-SegmentedRaftLogWorker close()
2019-09-28 01:17:37,646 [org.apache.ratis.server.impl.LogAppender$AppenderDaemon$$Lambda$428/1278375776@2047bf9f] WARN  server.GrpcLogAppender (GrpcLogAppender.java:mayWait(143)) - 269561c1-184f-4010-93c7-8c28cea2e49d@group-BD940380B4CC->e713f41d-3c96-4fbb-9d49-ce14b311e545-GrpcLogAppender: Wait interrupted by java.lang.InterruptedException
2019-09-28 01:17:37,646 [org.apache.ratis.server.impl.LogAppender$AppenderDaemon$$Lambda$428/1278375776@42a71e1a] WARN  server.GrpcLogAppender (GrpcLogAppender.java:mayWait(143)) - 269561c1-184f-4010-93c7-8c28cea2e49d@group-BD940380B4CC->b34eea16-a41e-4e85-a98c-844cd8e9e4c1-GrpcLogAppender: Wait interrupted by java.lang.InterruptedException
2019-09-28 01:17:37,646 [ForkJoinPool.commonPool-worker-0] INFO  server.GrpcService (GrpcService.java:closeImpl(164)) - d239b4fc-5ffb-4450-8968-7f1e37e2dc0b: shutdown server with port 43077 now
2019-09-28 01:17:37,646 [main] INFO  impl.StateMachineUpdater (StateMachineUpdater.java:stopAndJoin(125)) - 269561c1-184f-4010-93c7-8c28cea2e49d@group-BD940380B4CC-StateMachineUpdater: set stopIndex = 0
2019-09-28 01:17:37,647 [main] INFO  impl.RaftServerImpl (ServerState.java:close(385)) - 269561c1-184f-4010-93c7-8c28cea2e49d@group-BD940380B4CC: closes. applyIndex: 0
2019-09-28 01:17:37,648 [269561c1-184f-4010-93c7-8c28cea2e49d@group-BD940380B4CC-SegmentedRaftLogWorker] INFO  segmented.SegmentedRaftLogWorker (SegmentedRaftLogWorker.java:run(313)) - 269561c1-184f-4010-93c7-8c28cea2e49d@group-BD940380B4CC-SegmentedRaftLogWorker was interrupted, exiting. There are 0 tasks remaining in the queue.
2019-09-28 01:17:37,648 [ForkJoinPool.commonPool-worker-0] INFO  server.GrpcService (GrpcService.java:closeImpl(172)) - d239b4fc-5ffb-4450-8968-7f1e37e2dc0b: shutdown server with port 43077 successfully
2019-09-28 01:17:37,648 [grpc-default-executor-8] WARN  server.GrpcServerProtocolService (LogUtils.java:warn(134)) - d239b4fc-5ffb-4450-8968-7f1e37e2dc0b: installSnapshot onError, lastRequest: 88097dad-bc5b-411c-9cd7-f6ac7aee11e0->d239b4fc-5ffb-4450-8968-7f1e37e2dc0b#255-t3, previous=(t:3, i:0), leaderCommit=0, initializing? false, entries: <empty>: org.apache.ratis.thirdparty.io.grpc.StatusRuntimeException: CANCELLED: cancelled before receiving half close
2019-09-28 01:17:37,648 [main] INFO  segmented.SegmentedRaftLogWorker (SegmentedRaftLogWorker.java:close(228)) - 269561c1-184f-4010-93c7-8c28cea2e49d@group-BD940380B4CC-SegmentedRaftLogWorker close()
2019-09-28 01:17:37,648 [grpc-default-executor-6] WARN  server.GrpcLogAppender (LogUtils.java:warn(134)) - 88097dad-bc5b-411c-9cd7-f6ac7aee11e0@group-6C5385ADC24A->d239b4fc-5ffb-4450-8968-7f1e37e2dc0b-AppendLogResponseHandler: Failed appendEntries: org.apache.ratis.thirdparty.io.grpc.StatusRuntimeException: CANCELLED: HTTP/2 error code: CANCEL
Received Rst Stream
2019-09-28 01:17:37,653 [main] INFO  server.GrpcService (GrpcService.java:closeImpl(164)) - 269561c1-184f-4010-93c7-8c28cea2e49d: shutdown server with port 41010 now
2019-09-28 01:17:37,654 [refreshUsed-/workdir/hadoop-ozone/integration-test/target/test-dir/MiniOzoneClusterImpl-d0fea965-b787-49be-9c96-deb71f4b2c88/datanode-0/data/containers] WARN  fs.CachingGetSpaceUsed (CachingGetSpaceUsed.java:run(183)) - Thread Interrupted waiting to refresh disk information: sleep interrupted
2019-09-28 01:17:37,653 [grpc-default-executor-6] INFO  impl.FollowerInfo (FollowerInfo.java:lambda$new$0(51)) - 88097dad-bc5b-411c-9cd7-f6ac7aee11e0@group-6C5385ADC24A->d239b4fc-5ffb-4450-8968-7f1e37e2dc0b: nextIndex: updateUnconditionally 1 -> 0
2019-09-28 01:17:37,663 [main] INFO  server.GrpcService (GrpcService.java:closeImpl(172)) - 269561c1-184f-4010-93c7-8c28cea2e49d: shutdown server with port 41010 successfully
2019-09-28 01:17:37,669 [refreshUsed-/workdir/hadoop-ozone/integration-test/target/test-dir/MiniOzoneClusterImpl-d0fea965-b787-49be-9c96-deb71f4b2c88/datanode-9/data/containers] WARN  fs.CachingGetSpaceUsed (CachingGetSpaceUsed.java:run(183)) - Thread Interrupted waiting to refresh disk information: sleep interrupted
2019-09-28 01:17:37,683 [ForkJoinPool.commonPool-worker-0] INFO  utils.BackgroundService (BackgroundService.java:shutdown(148)) - Shutting down service BlockDeletingService
2019-09-28 01:17:37,687 [ForkJoinPool.commonPool-worker-0] INFO  statemachine.DatanodeStateMachine (DatanodeStateMachine.java:stopDaemon(395)) - Ozone container server stopped.
2019-09-28 01:17:37,690 [ForkJoinPool.commonPool-worker-0] INFO  handler.ContextHandler (ContextHandler.java:doStop(910)) - Stopped o.e.j.w.WebAppContext@64dae3b7{/,null,UNAVAILABLE}{/hddsDatanode}
2019-09-28 01:17:37,691 [main] INFO  utils.BackgroundService (BackgroundService.java:shutdown(148)) - Shutting down service BlockDeletingService
2019-09-28 01:17:37,691 [ForkJoinPool.commonPool-worker-0] INFO  server.AbstractConnector (AbstractConnector.java:doStop(318)) - Stopped ServerConnector@1fedf0a4{HTTP/1.1,[http/1.1]}{0.0.0.0:0}
2019-09-28 01:17:37,697 [ForkJoinPool.commonPool-worker-0] INFO  handler.ContextHandler (ContextHandler.java:doStop(910)) - Stopped o.e.j.s.ServletContextHandler@3e8b3b79{/static,jar:file:/home/user/.m2/repository/org/apache/hadoop/hadoop-hdds-container-service/0.5.0-SNAPSHOT/hadoop-hdds-container-service-0.5.0-SNAPSHOT.jar!/webapps/static,UNAVAILABLE}
2019-09-28 01:17:37,698 [main] INFO  statemachine.DatanodeStateMachine (DatanodeStateMachine.java:stopDaemon(395)) - Ozone container server stopped.
2019-09-28 01:17:37,698 [ForkJoinPool.commonPool-worker-0] INFO  handler.ContextHandler (ContextHandler.java:doStop(910)) - Stopped o.e.j.s.ServletContextHandler@345d053b{/logs,file:///workdir/hadoop-ozone/integration-test/target/log,UNAVAILABLE}
2019-09-28 01:17:37,699 [main] INFO  handler.ContextHandler (ContextHandler.java:doStop(910)) - Stopped o.e.j.w.WebAppContext@2b148329{/,null,UNAVAILABLE}{/hddsDatanode}
2019-09-28 01:17:37,700 [main] INFO  server.AbstractConnector (AbstractConnector.java:doStop(318)) - Stopped ServerConnector@62c72501{HTTP/1.1,[http/1.1]}{0.0.0.0:0}
2019-09-28 01:17:37,701 [main] INFO  handler.ContextHandler (ContextHandler.java:doStop(910)) - Stopped o.e.j.s.ServletContextHandler@5261ec9{/static,jar:file:/home/user/.m2/repository/org/apache/hadoop/hadoop-hdds-container-service/0.5.0-SNAPSHOT/hadoop-hdds-container-service-0.5.0-SNAPSHOT.jar!/webapps/static,UNAVAILABLE}
2019-09-28 01:17:37,701 [main] INFO  handler.ContextHandler (ContextHandler.java:doStop(910)) - Stopped o.e.j.s.ServletContextHandler@1b01a0d{/logs,file:///workdir/hadoop-ozone/integration-test/target/log,UNAVAILABLE}
2019-09-28 01:17:38,021 [grpc-default-executor-6] WARN  server.GrpcLogAppender (LogUtils.java:warn(134)) - 88097dad-bc5b-411c-9cd7-f6ac7aee11e0@group-6C5385ADC24A->e1c1c139-c9d2-4524-9627-6fde74a335c6-AppendLogResponseHandler: Failed appendEntries: org.apache.ratis.thirdparty.io.grpc.StatusRuntimeException: UNAVAILABLE: io exception
2019-09-28 01:17:38,022 [grpc-default-executor-6] INFO  impl.FollowerInfo (FollowerInfo.java:lambda$new$0(51)) - 88097dad-bc5b-411c-9cd7-f6ac7aee11e0@group-6C5385ADC24A->e1c1c139-c9d2-4524-9627-6fde74a335c6: nextIndex: updateUnconditionally 0 -> 0
2019-09-28 01:17:38,023 [grpc-default-executor-3] WARN  server.GrpcLogAppender (LogUtils.java:warn(134)) - bebff722-814a-4b18-9865-974a3449574f@group-A98C51DCDA50->f755b87f-3959-4e40-9945-0ecb4afd44e3-AppendLogResponseHandler: Failed appendEntries: org.apache.ratis.thirdparty.io.grpc.StatusRuntimeException: UNAVAILABLE: io exception
2019-09-28 01:17:38,024 [grpc-default-executor-3] INFO  impl.FollowerInfo (FollowerInfo.java:lambda$new$0(51)) - bebff722-814a-4b18-9865-974a3449574f@group-A98C51DCDA50->f755b87f-3959-4e40-9945-0ecb4afd44e3: nextIndex: updateUnconditionally 0 -> 0
2019-09-28 01:17:38,037 [grpc-default-executor-6] WARN  server.GrpcLogAppender (LogUtils.java:warn(134)) - bebff722-814a-4b18-9865-974a3449574f@group-A98C51DCDA50->30802873-5cdc-4a1f-a873-68d0f5360ef3-AppendLogResponseHandler: Failed appendEntries: org.apache.ratis.thirdparty.io.grpc.StatusRuntimeException: UNAVAILABLE: io exception
2019-09-28 01:17:38,037 [grpc-default-executor-6] INFO  impl.FollowerInfo (FollowerInfo.java:lambda$new$0(51)) - bebff722-814a-4b18-9865-974a3449574f@group-A98C51DCDA50->30802873-5cdc-4a1f-a873-68d0f5360ef3: nextIndex: updateUnconditionally 0 -> 0
2019-09-28 01:17:38,045 [grpc-default-executor-8] WARN  server.GrpcLogAppender (LogUtils.java:warn(134)) - 88097dad-bc5b-411c-9cd7-f6ac7aee11e0@group-6C5385ADC24A->d239b4fc-5ffb-4450-8968-7f1e37e2dc0b-AppendLogResponseHandler: Failed appendEntries: org.apache.ratis.thirdparty.io.grpc.StatusRuntimeException: UNAVAILABLE: io exception
2019-09-28 01:17:38,046 [grpc-default-executor-8] INFO  impl.FollowerInfo (FollowerInfo.java:lambda$new$0(51)) - 88097dad-bc5b-411c-9cd7-f6ac7aee11e0@group-6C5385ADC24A->d239b4fc-5ffb-4450-8968-7f1e37e2dc0b: nextIndex: updateUnconditionally 0 -> 0
2019-09-28 01:17:38,473 [Datanode State Machine Thread - 0] INFO  statemachine.DatanodeStateMachine (DatanodeStateMachine.java:lambda$startDaemon$0(350)) - Ozone container server started.
2019-09-28 01:17:38,473 [Datanode State Machine Thread - 0] INFO  statemachine.DatanodeStateMachine (DatanodeStateMachine.java:lambda$startDaemon$0(350)) - Ozone container server started.
2019-09-28 01:17:38,521 [grpc-default-executor-3] WARN  server.GrpcLogAppender (LogUtils.java:warn(134)) - 88097dad-bc5b-411c-9cd7-f6ac7aee11e0@group-6C5385ADC24A->e1c1c139-c9d2-4524-9627-6fde74a335c6-AppendLogResponseHandler: Failed appendEntries: org.apache.ratis.thirdparty.io.grpc.StatusRuntimeException: UNAVAILABLE: io exception
2019-09-28 01:17:38,522 [grpc-default-executor-3] INFO  impl.FollowerInfo (FollowerInfo.java:lambda$new$0(51)) - 88097dad-bc5b-411c-9cd7-f6ac7aee11e0@group-6C5385ADC24A->e1c1c139-c9d2-4524-9627-6fde74a335c6: nextIndex: updateUnconditionally 0 -> 0
2019-09-28 01:17:38,524 [grpc-default-executor-8] WARN  server.GrpcLogAppender (LogUtils.java:warn(134)) - bebff722-814a-4b18-9865-974a3449574f@group-A98C51DCDA50->f755b87f-3959-4e40-9945-0ecb4afd44e3-AppendLogResponseHandler: Failed appendEntries: org.apache.ratis.thirdparty.io.grpc.StatusRuntimeException: UNAVAILABLE: io exception
2019-09-28 01:17:38,524 [grpc-default-executor-8] INFO  impl.FollowerInfo (FollowerInfo.java:lambda$new$0(51)) - bebff722-814a-4b18-9865-974a3449574f@group-A98C51DCDA50->f755b87f-3959-4e40-9945-0ecb4afd44e3: nextIndex: updateUnconditionally 0 -> 0
2019-09-28 01:17:38,537 [grpc-default-executor-6] WARN  server.GrpcLogAppender (LogUtils.java:warn(134)) - bebff722-814a-4b18-9865-974a3449574f@group-A98C51DCDA50->30802873-5cdc-4a1f-a873-68d0f5360ef3-AppendLogResponseHandler: Failed appendEntries: org.apache.ratis.thirdparty.io.grpc.StatusRuntimeException: UNAVAILABLE: io exception
2019-09-28 01:17:38,538 [grpc-default-executor-6] INFO  impl.FollowerInfo (FollowerInfo.java:lambda$new$0(51)) - bebff722-814a-4b18-9865-974a3449574f@group-A98C51DCDA50->30802873-5cdc-4a1f-a873-68d0f5360ef3: nextIndex: updateUnconditionally 0 -> 0
2019-09-28 01:17:38,546 [grpc-default-executor-3] WARN  server.GrpcLogAppender (LogUtils.java:warn(134)) - 88097dad-bc5b-411c-9cd7-f6ac7aee11e0@group-6C5385ADC24A->d239b4fc-5ffb-4450-8968-7f1e37e2dc0b-AppendLogResponseHandler: Failed appendEntries: org.apache.ratis.thirdparty.io.grpc.StatusRuntimeException: UNAVAILABLE: io exception
2019-09-28 01:17:38,546 [grpc-default-executor-3] INFO  impl.FollowerInfo (FollowerInfo.java:lambda$new$0(51)) - 88097dad-bc5b-411c-9cd7-f6ac7aee11e0@group-6C5385ADC24A->d239b4fc-5ffb-4450-8968-7f1e37e2dc0b: nextIndex: updateUnconditionally 0 -> 0
2019-09-28 01:17:39,022 [grpc-default-executor-8] WARN  server.GrpcLogAppender (LogUtils.java:warn(134)) - 88097dad-bc5b-411c-9cd7-f6ac7aee11e0@group-6C5385ADC24A->e1c1c139-c9d2-4524-9627-6fde74a335c6-AppendLogResponseHandler: Failed appendEntries: org.apache.ratis.thirdparty.io.grpc.StatusRuntimeException: UNAVAILABLE: io exception
2019-09-28 01:17:39,023 [grpc-default-executor-8] INFO  impl.FollowerInfo (FollowerInfo.java:lambda$new$0(51)) - 88097dad-bc5b-411c-9cd7-f6ac7aee11e0@group-6C5385ADC24A->e1c1c139-c9d2-4524-9627-6fde74a335c6: nextIndex: updateUnconditionally 0 -> 0
2019-09-28 01:17:39,024 [grpc-default-executor-6] WARN  server.GrpcLogAppender (LogUtils.java:warn(134)) - bebff722-814a-4b18-9865-974a3449574f@group-A98C51DCDA50->f755b87f-3959-4e40-9945-0ecb4afd44e3-AppendLogResponseHandler: Failed appendEntries: org.apache.ratis.thirdparty.io.grpc.StatusRuntimeException: UNAVAILABLE: io exception
2019-09-28 01:17:39,025 [grpc-default-executor-6] INFO  impl.FollowerInfo (FollowerInfo.java:lambda$new$0(51)) - bebff722-814a-4b18-9865-974a3449574f@group-A98C51DCDA50->f755b87f-3959-4e40-9945-0ecb4afd44e3: nextIndex: updateUnconditionally 0 -> 0
2019-09-28 01:17:39,038 [grpc-default-executor-8] WARN  server.GrpcLogAppender (LogUtils.java:warn(134)) - bebff722-814a-4b18-9865-974a3449574f@group-A98C51DCDA50->30802873-5cdc-4a1f-a873-68d0f5360ef3-AppendLogResponseHandler: Failed appendEntries: org.apache.ratis.thirdparty.io.grpc.StatusRuntimeException: UNAVAILABLE: io exception
2019-09-28 01:17:39,038 [grpc-default-executor-8] INFO  impl.FollowerInfo (FollowerInfo.java:lambda$new$0(51)) - bebff722-814a-4b18-9865-974a3449574f@group-A98C51DCDA50->30802873-5cdc-4a1f-a873-68d0f5360ef3: nextIndex: updateUnconditionally 0 -> 0
2019-09-28 01:17:39,046 [grpc-default-executor-8] WARN  server.GrpcLogAppender (LogUtils.java:warn(134)) - 88097dad-bc5b-411c-9cd7-f6ac7aee11e0@group-6C5385ADC24A->d239b4fc-5ffb-4450-8968-7f1e37e2dc0b-AppendLogResponseHandler: Failed appendEntries: org.apache.ratis.thirdparty.io.grpc.StatusRuntimeException: UNAVAILABLE: io exception
2019-09-28 01:17:39,046 [grpc-default-executor-8] INFO  impl.FollowerInfo (FollowerInfo.java:lambda$new$0(51)) - 88097dad-bc5b-411c-9cd7-f6ac7aee11e0@group-6C5385ADC24A->d239b4fc-5ffb-4450-8968-7f1e37e2dc0b: nextIndex: updateUnconditionally 0 -> 0
2019-09-28 01:17:39,524 [grpc-default-executor-1] WARN  server.GrpcLogAppender (LogUtils.java:warn(134)) - 88097dad-bc5b-411c-9cd7-f6ac7aee11e0@group-6C5385ADC24A->e1c1c139-c9d2-4524-9627-6fde74a335c6-AppendLogResponseHandler: Failed appendEntries: org.apache.ratis.thirdparty.io.grpc.StatusRuntimeException: UNAVAILABLE: io exception
2019-09-28 01:17:39,525 [grpc-default-executor-1] INFO  impl.FollowerInfo (FollowerInfo.java:lambda$new$0(51)) - 88097dad-bc5b-411c-9cd7-f6ac7aee11e0@group-6C5385ADC24A->e1c1c139-c9d2-4524-9627-6fde74a335c6: nextIndex: updateUnconditionally 0 -> 0
2019-09-28 01:17:39,525 [grpc-default-executor-6] WARN  server.GrpcLogAppender (LogUtils.java:warn(134)) - bebff722-814a-4b18-9865-974a3449574f@group-A98C51DCDA50->f755b87f-3959-4e40-9945-0ecb4afd44e3-AppendLogResponseHandler: Failed appendEntries: org.apache.ratis.thirdparty.io.grpc.StatusRuntimeException: UNAVAILABLE: io exception
2019-09-28 01:17:39,525 [grpc-default-executor-6] INFO  impl.FollowerInfo (FollowerInfo.java:lambda$new$0(51)) - bebff722-814a-4b18-9865-974a3449574f@group-A98C51DCDA50->f755b87f-3959-4e40-9945-0ecb4afd44e3: nextIndex: updateUnconditionally 0 -> 0
2019-09-28 01:17:39,538 [grpc-default-executor-3] WARN  server.GrpcLogAppender (LogUtils.java:warn(134)) - bebff722-814a-4b18-9865-974a3449574f@group-A98C51DCDA50->30802873-5cdc-4a1f-a873-68d0f5360ef3-AppendLogResponseHandler: Failed appendEntries: org.apache.ratis.thirdparty.io.grpc.StatusRuntimeException: UNAVAILABLE: io exception
2019-09-28 01:17:39,539 [grpc-default-executor-3] INFO  impl.FollowerInfo (FollowerInfo.java:lambda$new$0(51)) - bebff722-814a-4b18-9865-974a3449574f@group-A98C51DCDA50->30802873-5cdc-4a1f-a873-68d0f5360ef3: nextIndex: updateUnconditionally 0 -> 0
2019-09-28 01:17:39,547 [grpc-default-executor-6] WARN  server.GrpcLogAppender (LogUtils.java:warn(134)) - 88097dad-bc5b-411c-9cd7-f6ac7aee11e0@group-6C5385ADC24A->d239b4fc-5ffb-4450-8968-7f1e37e2dc0b-AppendLogResponseHandler: Failed appendEntries: org.apache.ratis.thirdparty.io.grpc.StatusRuntimeException: UNAVAILABLE: io exception
2019-09-28 01:17:39,547 [grpc-default-executor-6] INFO  impl.FollowerInfo (FollowerInfo.java:lambda$new$0(51)) - 88097dad-bc5b-411c-9cd7-f6ac7aee11e0@group-6C5385ADC24A->d239b4fc-5ffb-4450-8968-7f1e37e2dc0b: nextIndex: updateUnconditionally 0 -> 0
2019-09-28 01:17:40,025 [grpc-default-executor-6] WARN  server.GrpcLogAppender (LogUtils.java:warn(134)) - 88097dad-bc5b-411c-9cd7-f6ac7aee11e0@group-6C5385ADC24A->e1c1c139-c9d2-4524-9627-6fde74a335c6-AppendLogResponseHandler: Failed appendEntries: org.apache.ratis.thirdparty.io.grpc.StatusRuntimeException: UNAVAILABLE: io exception
2019-09-28 01:17:40,026 [grpc-default-executor-8] WARN  server.GrpcLogAppender (LogUtils.java:warn(134)) - bebff722-814a-4b18-9865-974a3449574f@group-A98C51DCDA50->f755b87f-3959-4e40-9945-0ecb4afd44e3-AppendLogResponseHandler: Failed appendEntries: org.apache.ratis.thirdparty.io.grpc.StatusRuntimeException: UNAVAILABLE: io exception
2019-09-28 01:17:40,026 [grpc-default-executor-6] INFO  impl.FollowerInfo (FollowerInfo.java:lambda$new$0(51)) - 88097dad-bc5b-411c-9cd7-f6ac7aee11e0@group-6C5385ADC24A->e1c1c139-c9d2-4524-9627-6fde74a335c6: nextIndex: updateUnconditionally 0 -> 0
2019-09-28 01:17:40,026 [grpc-default-executor-8] INFO  impl.FollowerInfo (FollowerInfo.java:lambda$new$0(51)) - bebff722-814a-4b18-9865-974a3449574f@group-A98C51DCDA50->f755b87f-3959-4e40-9945-0ecb4afd44e3: nextIndex: updateUnconditionally 0 -> 0
2019-09-28 01:17:40,039 [grpc-default-executor-3] WARN  server.GrpcLogAppender (LogUtils.java:warn(134)) - bebff722-814a-4b18-9865-974a3449574f@group-A98C51DCDA50->30802873-5cdc-4a1f-a873-68d0f5360ef3-AppendLogResponseHandler: Failed appendEntries: org.apache.ratis.thirdparty.io.grpc.StatusRuntimeException: UNAVAILABLE: io exception
2019-09-28 01:17:40,040 [grpc-default-executor-3] INFO  impl.FollowerInfo (FollowerInfo.java:lambda$new$0(51)) - bebff722-814a-4b18-9865-974a3449574f@group-A98C51DCDA50->30802873-5cdc-4a1f-a873-68d0f5360ef3: nextIndex: updateUnconditionally 0 -> 0
2019-09-28 01:17:40,048 [grpc-default-executor-6] WARN  server.GrpcLogAppender (LogUtils.java:warn(134)) - 88097dad-bc5b-411c-9cd7-f6ac7aee11e0@group-6C5385ADC24A->d239b4fc-5ffb-4450-8968-7f1e37e2dc0b-AppendLogResponseHandler: Failed appendEntries: org.apache.ratis.thirdparty.io.grpc.StatusRuntimeException: UNAVAILABLE: io exception
2019-09-28 01:17:40,048 [grpc-default-executor-6] INFO  impl.FollowerInfo (FollowerInfo.java:lambda$new$0(51)) - 88097dad-bc5b-411c-9cd7-f6ac7aee11e0@group-6C5385ADC24A->d239b4fc-5ffb-4450-8968-7f1e37e2dc0b: nextIndex: updateUnconditionally 0 -> 0
2019-09-28 01:17:40,525 [grpc-default-executor-6] WARN  server.GrpcLogAppender (LogUtils.java:warn(134)) - 88097dad-bc5b-411c-9cd7-f6ac7aee11e0@group-6C5385ADC24A->e1c1c139-c9d2-4524-9627-6fde74a335c6-AppendLogResponseHandler: Failed appendEntries: org.apache.ratis.thirdparty.io.grpc.StatusRuntimeException: UNAVAILABLE: io exception
2019-09-28 01:17:40,526 [grpc-default-executor-6] INFO  impl.FollowerInfo (FollowerInfo.java:lambda$new$0(51)) - 88097dad-bc5b-411c-9cd7-f6ac7aee11e0@group-6C5385ADC24A->e1c1c139-c9d2-4524-9627-6fde74a335c6: nextIndex: updateUnconditionally 0 -> 0
2019-09-28 01:17:40,526 [grpc-default-executor-1] WARN  server.GrpcLogAppender (LogUtils.java:warn(134)) - bebff722-814a-4b18-9865-974a3449574f@group-A98C51DCDA50->f755b87f-3959-4e40-9945-0ecb4afd44e3-AppendLogResponseHandler: Failed appendEntries: org.apache.ratis.thirdparty.io.grpc.StatusRuntimeException: UNAVAILABLE: io exception
2019-09-28 01:17:40,527 [grpc-default-executor-1] INFO  impl.FollowerInfo (FollowerInfo.java:lambda$new$0(51)) - bebff722-814a-4b18-9865-974a3449574f@group-A98C51DCDA50->f755b87f-3959-4e40-9945-0ecb4afd44e3: nextIndex: updateUnconditionally 0 -> 0
2019-09-28 01:17:40,540 [grpc-default-executor-3] WARN  server.GrpcLogAppender (LogUtils.java:warn(134)) - bebff722-814a-4b18-9865-974a3449574f@group-A98C51DCDA50->30802873-5cdc-4a1f-a873-68d0f5360ef3-AppendLogResponseHandler: Failed appendEntries: org.apache.ratis.thirdparty.io.grpc.StatusRuntimeException: UNAVAILABLE: io exception
2019-09-28 01:17:40,540 [grpc-default-executor-3] INFO  impl.FollowerInfo (FollowerInfo.java:lambda$new$0(51)) - bebff722-814a-4b18-9865-974a3449574f@group-A98C51DCDA50->30802873-5cdc-4a1f-a873-68d0f5360ef3: nextIndex: updateUnconditionally 0 -> 0
2019-09-28 01:17:40,548 [grpc-default-executor-6] WARN  server.GrpcLogAppender (LogUtils.java:warn(134)) - 88097dad-bc5b-411c-9cd7-f6ac7aee11e0@group-6C5385ADC24A->d239b4fc-5ffb-4450-8968-7f1e37e2dc0b-AppendLogResponseHandler: Failed appendEntries: org.apache.ratis.thirdparty.io.grpc.StatusRuntimeException: UNAVAILABLE: io exception
2019-09-28 01:17:40,548 [grpc-default-executor-6] INFO  impl.FollowerInfo (FollowerInfo.java:lambda$new$0(51)) - 88097dad-bc5b-411c-9cd7-f6ac7aee11e0@group-6C5385ADC24A->d239b4fc-5ffb-4450-8968-7f1e37e2dc0b: nextIndex: updateUnconditionally 0 -> 0
2019-09-28 01:17:41,025 [grpc-default-executor-1] WARN  server.GrpcLogAppender (LogUtils.java:warn(134)) - 88097dad-bc5b-411c-9cd7-f6ac7aee11e0@group-6C5385ADC24A->e1c1c139-c9d2-4524-9627-6fde74a335c6-AppendLogResponseHandler: Failed appendEntries: org.apache.ratis.thirdparty.io.grpc.StatusRuntimeException: UNAVAILABLE: io exception
2019-09-28 01:17:41,026 [grpc-default-executor-1] INFO  impl.FollowerInfo (FollowerInfo.java:lambda$new$0(51)) - 88097dad-bc5b-411c-9cd7-f6ac7aee11e0@group-6C5385ADC24A->e1c1c139-c9d2-4524-9627-6fde74a335c6: nextIndex: updateUnconditionally 0 -> 0
2019-09-28 01:17:41,027 [grpc-default-executor-6] WARN  server.GrpcLogAppender (LogUtils.java:warn(134)) - bebff722-814a-4b18-9865-974a3449574f@group-A98C51DCDA50->f755b87f-3959-4e40-9945-0ecb4afd44e3-AppendLogResponseHandler: Failed appendEntries: org.apache.ratis.thirdparty.io.grpc.StatusRuntimeException: UNAVAILABLE: io exception
2019-09-28 01:17:41,027 [grpc-default-executor-6] INFO  impl.FollowerInfo (FollowerInfo.java:lambda$new$0(51)) - bebff722-814a-4b18-9865-974a3449574f@group-A98C51DCDA50->f755b87f-3959-4e40-9945-0ecb4afd44e3: nextIndex: updateUnconditionally 0 -> 0
2019-09-28 01:17:41,040 [grpc-default-executor-8] WARN  server.GrpcLogAppender (LogUtils.java:warn(134)) - bebff722-814a-4b18-9865-974a3449574f@group-A98C51DCDA50->30802873-5cdc-4a1f-a873-68d0f5360ef3-AppendLogResponseHandler: Failed appendEntries: org.apache.ratis.thirdparty.io.grpc.StatusRuntimeException: UNAVAILABLE: io exception
2019-09-28 01:17:41,041 [grpc-default-executor-8] INFO  impl.FollowerInfo (FollowerInfo.java:lambda$new$0(51)) - bebff722-814a-4b18-9865-974a3449574f@group-A98C51DCDA50->30802873-5cdc-4a1f-a873-68d0f5360ef3: nextIndex: updateUnconditionally 0 -> 0
2019-09-28 01:17:41,049 [grpc-default-executor-1] WARN  server.GrpcLogAppender (LogUtils.java:warn(134)) - 88097dad-bc5b-411c-9cd7-f6ac7aee11e0@group-6C5385ADC24A->d239b4fc-5ffb-4450-8968-7f1e37e2dc0b-AppendLogResponseHandler: Failed appendEntries: org.apache.ratis.thirdparty.io.grpc.StatusRuntimeException: UNAVAILABLE: io exception
2019-09-28 01:17:41,049 [grpc-default-executor-1] INFO  impl.FollowerInfo (FollowerInfo.java:lambda$new$0(51)) - 88097dad-bc5b-411c-9cd7-f6ac7aee11e0@group-6C5385ADC24A->d239b4fc-5ffb-4450-8968-7f1e37e2dc0b: nextIndex: updateUnconditionally 0 -> 0
2019-09-28 01:17:41,526 [grpc-default-executor-6] WARN  server.GrpcLogAppender (LogUtils.java:warn(134)) - 88097dad-bc5b-411c-9cd7-f6ac7aee11e0@group-6C5385ADC24A->e1c1c139-c9d2-4524-9627-6fde74a335c6-AppendLogResponseHandler: Failed appendEntries: org.apache.ratis.thirdparty.io.grpc.StatusRuntimeException: UNAVAILABLE: io exception
2019-09-28 01:17:41,527 [grpc-default-executor-6] INFO  impl.FollowerInfo (FollowerInfo.java:lambda$new$0(51)) - 88097dad-bc5b-411c-9cd7-f6ac7aee11e0@group-6C5385ADC24A->e1c1c139-c9d2-4524-9627-6fde74a335c6: nextIndex: updateUnconditionally 0 -> 0
2019-09-28 01:17:41,528 [grpc-default-executor-1] WARN  server.GrpcLogAppender (LogUtils.java:warn(134)) - bebff722-814a-4b18-9865-974a3449574f@group-A98C51DCDA50->f755b87f-3959-4e40-9945-0ecb4afd44e3-AppendLogResponseHandler: Failed appendEntries: org.apache.ratis.thirdparty.io.grpc.StatusRuntimeException: UNAVAILABLE: io exception
2019-09-28 01:17:41,528 [grpc-default-executor-1] INFO  impl.FollowerInfo (FollowerInfo.java:lambda$new$0(51)) - bebff722-814a-4b18-9865-974a3449574f@group-A98C51DCDA50->f755b87f-3959-4e40-9945-0ecb4afd44e3: nextIndex: updateUnconditionally 0 -> 0
2019-09-28 01:17:41,541 [grpc-default-executor-6] WARN  server.GrpcLogAppender (LogUtils.java:warn(134)) - bebff722-814a-4b18-9865-974a3449574f@group-A98C51DCDA50->30802873-5cdc-4a1f-a873-68d0f5360ef3-AppendLogResponseHandler: Failed appendEntries: org.apache.ratis.thirdparty.io.grpc.StatusRuntimeException: UNAVAILABLE: io exception
2019-09-28 01:17:41,541 [grpc-default-executor-6] INFO  impl.FollowerInfo (FollowerInfo.java:lambda$new$0(51)) - bebff722-814a-4b18-9865-974a3449574f@group-A98C51DCDA50->30802873-5cdc-4a1f-a873-68d0f5360ef3: nextIndex: updateUnconditionally 0 -> 0
2019-09-28 01:17:41,549 [grpc-default-executor-3] WARN  server.GrpcLogAppender (LogUtils.java:warn(134)) - 88097dad-bc5b-411c-9cd7-f6ac7aee11e0@group-6C5385ADC24A->d239b4fc-5ffb-4450-8968-7f1e37e2dc0b-AppendLogResponseHandler: Failed appendEntries: org.apache.ratis.thirdparty.io.grpc.StatusRuntimeException: UNAVAILABLE: io exception
2019-09-28 01:17:41,550 [grpc-default-executor-3] INFO  impl.FollowerInfo (FollowerInfo.java:lambda$new$0(51)) - 88097dad-bc5b-411c-9cd7-f6ac7aee11e0@group-6C5385ADC24A->d239b4fc-5ffb-4450-8968-7f1e37e2dc0b: nextIndex: updateUnconditionally 0 -> 0
2019-09-28 01:17:42,028 [grpc-default-executor-1] WARN  server.GrpcLogAppender (LogUtils.java:warn(134)) - 88097dad-bc5b-411c-9cd7-f6ac7aee11e0@group-6C5385ADC24A->e1c1c139-c9d2-4524-9627-6fde74a335c6-AppendLogResponseHandler: Failed appendEntries: org.apache.ratis.thirdparty.io.grpc.StatusRuntimeException: UNAVAILABLE: io exception
2019-09-28 01:17:42,029 [grpc-default-executor-8] WARN  server.GrpcLogAppender (LogUtils.java:warn(134)) - bebff722-814a-4b18-9865-974a3449574f@group-A98C51DCDA50->f755b87f-3959-4e40-9945-0ecb4afd44e3-AppendLogResponseHandler: Failed appendEntries: org.apache.ratis.thirdparty.io.grpc.StatusRuntimeException: UNAVAILABLE: io exception
2019-09-28 01:17:42,029 [grpc-default-executor-1] INFO  impl.FollowerInfo (FollowerInfo.java:lambda$new$0(51)) - 88097dad-bc5b-411c-9cd7-f6ac7aee11e0@group-6C5385ADC24A->e1c1c139-c9d2-4524-9627-6fde74a335c6: nextIndex: updateUnconditionally 0 -> 0
2019-09-28 01:17:42,029 [grpc-default-executor-8] INFO  impl.FollowerInfo (FollowerInfo.java:lambda$new$0(51)) - bebff722-814a-4b18-9865-974a3449574f@group-A98C51DCDA50->f755b87f-3959-4e40-9945-0ecb4afd44e3: nextIndex: updateUnconditionally 0 -> 0
2019-09-28 01:17:42,042 [grpc-default-executor-8] WARN  server.GrpcLogAppender (LogUtils.java:warn(134)) - bebff722-814a-4b18-9865-974a3449574f@group-A98C51DCDA50->30802873-5cdc-4a1f-a873-68d0f5360ef3-AppendLogResponseHandler: Failed appendEntries: org.apache.ratis.thirdparty.io.grpc.StatusRuntimeException: UNAVAILABLE: io exception
2019-09-28 01:17:42,042 [grpc-default-executor-8] INFO  impl.FollowerInfo (FollowerInfo.java:lambda$new$0(51)) - bebff722-814a-4b18-9865-974a3449574f@group-A98C51DCDA50->30802873-5cdc-4a1f-a873-68d0f5360ef3: nextIndex: updateUnconditionally 0 -> 0
2019-09-28 01:17:42,050 [grpc-default-executor-6] WARN  server.GrpcLogAppender (LogUtils.java:warn(134)) - 88097dad-bc5b-411c-9cd7-f6ac7aee11e0@group-6C5385ADC24A->d239b4fc-5ffb-4450-8968-7f1e37e2dc0b-AppendLogResponseHandler: Failed appendEntries: org.apache.ratis.thirdparty.io.grpc.StatusRuntimeException: UNAVAILABLE: io exception
2019-09-28 01:17:42,050 [grpc-default-executor-6] INFO  impl.FollowerInfo (FollowerInfo.java:lambda$new$0(51)) - 88097dad-bc5b-411c-9cd7-f6ac7aee11e0@group-6C5385ADC24A->d239b4fc-5ffb-4450-8968-7f1e37e2dc0b: nextIndex: updateUnconditionally 0 -> 0
2019-09-28 01:17:42,528 [grpc-default-executor-6] WARN  server.GrpcLogAppender (LogUtils.java:warn(134)) - 88097dad-bc5b-411c-9cd7-f6ac7aee11e0@group-6C5385ADC24A->e1c1c139-c9d2-4524-9627-6fde74a335c6-AppendLogResponseHandler: Failed appendEntries: org.apache.ratis.thirdparty.io.grpc.StatusRuntimeException: UNAVAILABLE: io exception
2019-09-28 01:17:42,528 [grpc-default-executor-6] INFO  impl.FollowerInfo (FollowerInfo.java:lambda$new$0(51)) - 88097dad-bc5b-411c-9cd7-f6ac7aee11e0@group-6C5385ADC24A->e1c1c139-c9d2-4524-9627-6fde74a335c6: nextIndex: updateUnconditionally 0 -> 0
2019-09-28 01:17:42,529 [grpc-default-executor-3] WARN  server.GrpcLogAppender (LogUtils.java:warn(134)) - bebff722-814a-4b18-9865-974a3449574f@group-A98C51DCDA50->f755b87f-3959-4e40-9945-0ecb4afd44e3-AppendLogResponseHandler: Failed appendEntries: org.apache.ratis.thirdparty.io.grpc.StatusRuntimeException: UNAVAILABLE: io exception
2019-09-28 01:17:42,529 [grpc-default-executor-3] INFO  impl.FollowerInfo (FollowerInfo.java:lambda$new$0(51)) - bebff722-814a-4b18-9865-974a3449574f@group-A98C51DCDA50->f755b87f-3959-4e40-9945-0ecb4afd44e3: nextIndex: updateUnconditionally 0 -> 0
2019-09-28 01:17:42,542 [grpc-default-executor-8] WARN  server.GrpcLogAppender (LogUtils.java:warn(134)) - bebff722-814a-4b18-9865-974a3449574f@group-A98C51DCDA50->30802873-5cdc-4a1f-a873-68d0f5360ef3-AppendLogResponseHandler: Failed appendEntries: org.apache.ratis.thirdparty.io.grpc.StatusRuntimeException: UNAVAILABLE: io exception
2019-09-28 01:17:42,543 [grpc-default-executor-8] INFO  impl.FollowerInfo (FollowerInfo.java:lambda$new$0(51)) - bebff722-814a-4b18-9865-974a3449574f@group-A98C51DCDA50->30802873-5cdc-4a1f-a873-68d0f5360ef3: nextIndex: updateUnconditionally 0 -> 0
2019-09-28 01:17:42,550 [grpc-default-executor-3] WARN  server.GrpcLogAppender (LogUtils.java:warn(134)) - 88097dad-bc5b-411c-9cd7-f6ac7aee11e0@group-6C5385ADC24A->d239b4fc-5ffb-4450-8968-7f1e37e2dc0b-AppendLogResponseHandler: Failed appendEntries: org.apache.ratis.thirdparty.io.grpc.StatusRuntimeException: UNAVAILABLE: io exception
2019-09-28 01:17:42,551 [grpc-default-executor-3] INFO  impl.FollowerInfo (FollowerInfo.java:lambda$new$0(51)) - 88097dad-bc5b-411c-9cd7-f6ac7aee11e0@group-6C5385ADC24A->d239b4fc-5ffb-4450-8968-7f1e37e2dc0b: nextIndex: updateUnconditionally 0 -> 0
2019-09-28 01:17:42,701 [ForkJoinPool.commonPool-worker-0] INFO  ozoneimpl.OzoneContainer (OzoneContainer.java:stop(231)) - Attempting to stop container services.
2019-09-28 01:17:42,701 [ForkJoinPool.commonPool-worker-0] INFO  impl.RaftServerProxy (RaftServerProxy.java:lambda$close$4(314)) - 88097dad-bc5b-411c-9cd7-f6ac7aee11e0: close
2019-09-28 01:17:42,701 [ForkJoinPool.commonPool-worker-0] INFO  impl.RaftServerImpl (RaftServerImpl.java:lambda$shutdown$3(251)) - 88097dad-bc5b-411c-9cd7-f6ac7aee11e0@group-6C5385ADC24A: shutdown
2019-09-28 01:17:42,702 [ForkJoinPool.commonPool-worker-0] INFO  util.JmxRegister (JmxRegister.java:unregister(73)) - Successfully un-registered JMX Bean with object name Ratis:service=RaftServer,group=group-6C5385ADC24A,id=88097dad-bc5b-411c-9cd7-f6ac7aee11e0
2019-09-28 01:17:42,702 [ForkJoinPool.commonPool-worker-0] INFO  impl.RoleInfo (RoleInfo.java:shutdownLeaderState(104)) - 88097dad-bc5b-411c-9cd7-f6ac7aee11e0: shutdown LeaderState
2019-09-28 01:17:42,706 [org.apache.ratis.server.impl.LogAppender$AppenderDaemon$$Lambda$428/1278375776@2a5e336a] WARN  server.GrpcLogAppender (GrpcLogAppender.java:mayWait(143)) - 88097dad-bc5b-411c-9cd7-f6ac7aee11e0@group-6C5385ADC24A->d239b4fc-5ffb-4450-8968-7f1e37e2dc0b-GrpcLogAppender: Wait interrupted by java.lang.InterruptedException
2019-09-28 01:17:42,706 [main] INFO  ozoneimpl.OzoneContainer (OzoneContainer.java:stop(231)) - Attempting to stop container services.
2019-09-28 01:17:42,706 [org.apache.ratis.server.impl.LogAppender$AppenderDaemon$$Lambda$428/1278375776@7cb64c6e] WARN  server.GrpcLogAppender (GrpcLogAppender.java:mayWait(143)) - 88097dad-bc5b-411c-9cd7-f6ac7aee11e0@group-6C5385ADC24A->e1c1c139-c9d2-4524-9627-6fde74a335c6-GrpcLogAppender: Wait interrupted by java.lang.InterruptedException
2019-09-28 01:17:42,706 [ForkJoinPool.commonPool-worker-0] INFO  impl.PendingRequests (PendingRequests.java:sendNotLeaderResponses(202)) - 88097dad-bc5b-411c-9cd7-f6ac7aee11e0-PendingRequests: sendNotLeaderResponses
2019-09-28 01:17:42,707 [main] INFO  impl.RaftServerProxy (RaftServerProxy.java:lambda$close$4(314)) - bebff722-814a-4b18-9865-974a3449574f: close
2019-09-28 01:17:42,708 [ForkJoinPool.commonPool-worker-0] INFO  impl.StateMachineUpdater (StateMachineUpdater.java:stopAndJoin(125)) - 88097dad-bc5b-411c-9cd7-f6ac7aee11e0@group-6C5385ADC24A-StateMachineUpdater: set stopIndex = 0
2019-09-28 01:17:42,708 [main] INFO  impl.RaftServerImpl (RaftServerImpl.java:lambda$shutdown$3(251)) - bebff722-814a-4b18-9865-974a3449574f@group-A98C51DCDA50: shutdown
2019-09-28 01:17:42,708 [ForkJoinPool.commonPool-worker-0] INFO  impl.RaftServerImpl (ServerState.java:close(385)) - 88097dad-bc5b-411c-9cd7-f6ac7aee11e0@group-6C5385ADC24A: closes. applyIndex: 0
2019-09-28 01:17:42,709 [main] INFO  util.JmxRegister (JmxRegister.java:unregister(73)) - Successfully un-registered JMX Bean with object name Ratis:service=RaftServer,group=group-A98C51DCDA50,id=bebff722-814a-4b18-9865-974a3449574f
2019-09-28 01:17:42,709 [88097dad-bc5b-411c-9cd7-f6ac7aee11e0@group-6C5385ADC24A-SegmentedRaftLogWorker] INFO  segmented.SegmentedRaftLogWorker (SegmentedRaftLogWorker.java:run(313)) - 88097dad-bc5b-411c-9cd7-f6ac7aee11e0@group-6C5385ADC24A-SegmentedRaftLogWorker was interrupted, exiting. There are 0 tasks remaining in the queue.
2019-09-28 01:17:42,709 [main] INFO  impl.RoleInfo (RoleInfo.java:shutdownLeaderState(104)) - bebff722-814a-4b18-9865-974a3449574f: shutdown LeaderState
2019-09-28 01:17:42,710 [ForkJoinPool.commonPool-worker-0] INFO  segmented.SegmentedRaftLogWorker (SegmentedRaftLogWorker.java:close(228)) - 88097dad-bc5b-411c-9cd7-f6ac7aee11e0@group-6C5385ADC24A-SegmentedRaftLogWorker close()
2019-09-28 01:17:42,713 [org.apache.ratis.server.impl.LogAppender$AppenderDaemon$$Lambda$428/1278375776@657974b9] WARN  server.GrpcLogAppender (GrpcLogAppender.java:mayWait(143)) - bebff722-814a-4b18-9865-974a3449574f@group-A98C51DCDA50->30802873-5cdc-4a1f-a873-68d0f5360ef3-GrpcLogAppender: Wait interrupted by java.lang.InterruptedException
2019-09-28 01:17:42,713 [org.apache.ratis.server.impl.LogAppender$AppenderDaemon$$Lambda$428/1278375776@59452cef] WARN  server.GrpcLogAppender (GrpcLogAppender.java:mayWait(143)) - bebff722-814a-4b18-9865-974a3449574f@group-A98C51DCDA50->f755b87f-3959-4e40-9945-0ecb4afd44e3-GrpcLogAppender: Wait interrupted by java.lang.InterruptedException
2019-09-28 01:17:42,713 [main] INFO  impl.PendingRequests (PendingRequests.java:sendNotLeaderResponses(202)) - bebff722-814a-4b18-9865-974a3449574f-PendingRequests: sendNotLeaderResponses
2019-09-28 01:17:42,713 [ForkJoinPool.commonPool-worker-0] INFO  impl.RaftServerImpl (RaftServerImpl.java:lambda$shutdown$3(251)) - 88097dad-bc5b-411c-9cd7-f6ac7aee11e0@group-F669A802ED25: shutdown
2019-09-28 01:17:42,714 [main] INFO  impl.StateMachineUpdater (StateMachineUpdater.java:stopAndJoin(125)) - bebff722-814a-4b18-9865-974a3449574f@group-A98C51DCDA50-StateMachineUpdater: set stopIndex = 4
2019-09-28 01:17:42,714 [ForkJoinPool.commonPool-worker-0] INFO  util.JmxRegister (JmxRegister.java:unregister(73)) - Successfully un-registered JMX Bean with object name Ratis:service=RaftServer,group=group-F669A802ED25,id=88097dad-bc5b-411c-9cd7-f6ac7aee11e0
2019-09-28 01:17:42,714 [main] INFO  impl.RaftServerImpl (ServerState.java:close(385)) - bebff722-814a-4b18-9865-974a3449574f@group-A98C51DCDA50: closes. applyIndex: 4
2019-09-28 01:17:42,715 [ForkJoinPool.commonPool-worker-0] INFO  impl.RoleInfo (RoleInfo.java:shutdownLeaderState(104)) - 88097dad-bc5b-411c-9cd7-f6ac7aee11e0: shutdown LeaderState
2019-09-28 01:17:42,715 [bebff722-814a-4b18-9865-974a3449574f@group-A98C51DCDA50-SegmentedRaftLogWorker] INFO  segmented.SegmentedRaftLogWorker (SegmentedRaftLogWorker.java:run(313)) - bebff722-814a-4b18-9865-974a3449574f@group-A98C51DCDA50-SegmentedRaftLogWorker was interrupted, exiting. There are 0 tasks remaining in the queue.
2019-09-28 01:17:42,716 [ForkJoinPool.commonPool-worker-0] INFO  impl.PendingRequests (PendingRequests.java:sendNotLeaderResponses(202)) - 88097dad-bc5b-411c-9cd7-f6ac7aee11e0-PendingRequests: sendNotLeaderResponses
2019-09-28 01:17:42,716 [main] INFO  segmented.SegmentedRaftLogWorker (SegmentedRaftLogWorker.java:close(228)) - bebff722-814a-4b18-9865-974a3449574f@group-A98C51DCDA50-SegmentedRaftLogWorker close()
2019-09-28 01:17:42,716 [ForkJoinPool.commonPool-worker-0] INFO  impl.StateMachineUpdater (StateMachineUpdater.java:stopAndJoin(125)) - 88097dad-bc5b-411c-9cd7-f6ac7aee11e0@group-F669A802ED25-StateMachineUpdater: set stopIndex = 0
2019-09-28 01:17:42,716 [main] INFO  impl.RaftServerImpl (RaftServerImpl.java:lambda$shutdown$3(251)) - bebff722-814a-4b18-9865-974a3449574f@group-C367D45FFECD: shutdown
2019-09-28 01:17:42,717 [ForkJoinPool.commonPool-worker-0] INFO  impl.RaftServerImpl (ServerState.java:close(385)) - 88097dad-bc5b-411c-9cd7-f6ac7aee11e0@group-F669A802ED25: closes. applyIndex: 0
2019-09-28 01:17:42,717 [main] INFO  util.JmxRegister (JmxRegister.java:unregister(73)) - Successfully un-registered JMX Bean with object name Ratis:service=RaftServer,group=group-C367D45FFECD,id=bebff722-814a-4b18-9865-974a3449574f
2019-09-28 01:17:42,718 [88097dad-bc5b-411c-9cd7-f6ac7aee11e0@group-F669A802ED25-SegmentedRaftLogWorker] INFO  segmented.SegmentedRaftLogWorker (SegmentedRaftLogWorker.java:run(313)) - 88097dad-bc5b-411c-9cd7-f6ac7aee11e0@group-F669A802ED25-SegmentedRaftLogWorker was interrupted, exiting. There are 0 tasks remaining in the queue.
2019-09-28 01:17:42,718 [main] INFO  impl.RoleInfo (RoleInfo.java:shutdownLeaderState(104)) - bebff722-814a-4b18-9865-974a3449574f: shutdown LeaderState
2019-09-28 01:17:42,718 [ForkJoinPool.commonPool-worker-0] INFO  segmented.SegmentedRaftLogWorker (SegmentedRaftLogWorker.java:close(228)) - 88097dad-bc5b-411c-9cd7-f6ac7aee11e0@group-F669A802ED25-SegmentedRaftLogWorker close()
2019-09-28 01:17:42,718 [main] INFO  impl.PendingRequests (PendingRequests.java:sendNotLeaderResponses(202)) - bebff722-814a-4b18-9865-974a3449574f-PendingRequests: sendNotLeaderResponses
2019-09-28 01:17:42,719 [ForkJoinPool.commonPool-worker-0] INFO  server.GrpcService (GrpcService.java:closeImpl(164)) - 88097dad-bc5b-411c-9cd7-f6ac7aee11e0: shutdown server with port 44181 now
2019-09-28 01:17:42,719 [main] INFO  impl.StateMachineUpdater (StateMachineUpdater.java:stopAndJoin(125)) - bebff722-814a-4b18-9865-974a3449574f@group-C367D45FFECD-StateMachineUpdater: set stopIndex = 0
2019-09-28 01:17:42,720 [ForkJoinPool.commonPool-worker-0] INFO  server.GrpcService (GrpcService.java:closeImpl(172)) - 88097dad-bc5b-411c-9cd7-f6ac7aee11e0: shutdown server with port 44181 successfully
2019-09-28 01:17:42,720 [main] INFO  impl.RaftServerImpl (ServerState.java:close(385)) - bebff722-814a-4b18-9865-974a3449574f@group-C367D45FFECD: closes. applyIndex: 0
2019-09-28 01:17:42,721 [bebff722-814a-4b18-9865-974a3449574f@group-C367D45FFECD-SegmentedRaftLogWorker] INFO  segmented.SegmentedRaftLogWorker (SegmentedRaftLogWorker.java:run(313)) - bebff722-814a-4b18-9865-974a3449574f@group-C367D45FFECD-SegmentedRaftLogWorker was interrupted, exiting. There are 0 tasks remaining in the queue.
2019-09-28 01:17:42,721 [main] INFO  segmented.SegmentedRaftLogWorker (SegmentedRaftLogWorker.java:close(228)) - bebff722-814a-4b18-9865-974a3449574f@group-C367D45FFECD-SegmentedRaftLogWorker close()
2019-09-28 01:17:42,722 [main] INFO  server.GrpcService (GrpcService.java:closeImpl(164)) - bebff722-814a-4b18-9865-974a3449574f: shutdown server with port 34194 now
2019-09-28 01:17:42,722 [main] INFO  server.GrpcService (GrpcService.java:closeImpl(172)) - bebff722-814a-4b18-9865-974a3449574f: shutdown server with port 34194 successfully
2019-09-28 01:17:42,725 [refreshUsed-/workdir/hadoop-ozone/integration-test/target/test-dir/MiniOzoneClusterImpl-d0fea965-b787-49be-9c96-deb71f4b2c88/datanode-7/data/containers] WARN  fs.CachingGetSpaceUsed (CachingGetSpaceUsed.java:run(183)) - Thread Interrupted waiting to refresh disk information: sleep interrupted
2019-09-28 01:17:42,729 [refreshUsed-/workdir/hadoop-ozone/integration-test/target/test-dir/MiniOzoneClusterImpl-d0fea965-b787-49be-9c96-deb71f4b2c88/datanode-1/data/containers] WARN  fs.CachingGetSpaceUsed (CachingGetSpaceUsed.java:run(183)) - Thread Interrupted waiting to refresh disk information: sleep interrupted
2019-09-28 01:17:42,744 [main] INFO  utils.BackgroundService (BackgroundService.java:shutdown(148)) - Shutting down service BlockDeletingService
2019-09-28 01:17:42,747 [main] INFO  statemachine.DatanodeStateMachine (DatanodeStateMachine.java:stopDaemon(395)) - Ozone container server stopped.
2019-09-28 01:17:42,748 [main] INFO  handler.ContextHandler (ContextHandler.java:doStop(910)) - Stopped o.e.j.w.WebAppContext@1da4b3f9{/,null,UNAVAILABLE}{/hddsDatanode}
2019-09-28 01:17:42,749 [ForkJoinPool.commonPool-worker-0] INFO  utils.BackgroundService (BackgroundService.java:shutdown(148)) - Shutting down service BlockDeletingService
2019-09-28 01:17:42,749 [main] INFO  server.AbstractConnector (AbstractConnector.java:doStop(318)) - Stopped ServerConnector@23cbbd07{HTTP/1.1,[http/1.1]}{0.0.0.0:0}
2019-09-28 01:17:42,758 [ForkJoinPool.commonPool-worker-0] INFO  statemachine.DatanodeStateMachine (DatanodeStateMachine.java:stopDaemon(395)) - Ozone container server stopped.
2019-09-28 01:17:42,758 [main] INFO  handler.ContextHandler (ContextHandler.java:doStop(910)) - Stopped o.e.j.s.ServletContextHandler@713ec32d{/static,jar:file:/home/user/.m2/repository/org/apache/hadoop/hadoop-hdds-container-service/0.5.0-SNAPSHOT/hadoop-hdds-container-service-0.5.0-SNAPSHOT.jar!/webapps/static,UNAVAILABLE}
2019-09-28 01:17:42,759 [main] INFO  handler.ContextHandler (ContextHandler.java:doStop(910)) - Stopped o.e.j.s.ServletContextHandler@1a07bf6{/logs,file:///workdir/hadoop-ozone/integration-test/target/log,UNAVAILABLE}
2019-09-28 01:17:42,760 [ForkJoinPool.commonPool-worker-0] INFO  handler.ContextHandler (ContextHandler.java:doStop(910)) - Stopped o.e.j.w.WebAppContext@708eb310{/,null,UNAVAILABLE}{/hddsDatanode}
2019-09-28 01:17:42,762 [ForkJoinPool.commonPool-worker-0] INFO  server.AbstractConnector (AbstractConnector.java:doStop(318)) - Stopped ServerConnector@6ebc9573{HTTP/1.1,[http/1.1]}{0.0.0.0:0}
2019-09-28 01:17:42,762 [ForkJoinPool.commonPool-worker-0] INFO  handler.ContextHandler (ContextHandler.java:doStop(910)) - Stopped o.e.j.s.ServletContextHandler@611640f0{/static,jar:file:/home/user/.m2/repository/org/apache/hadoop/hadoop-hdds-container-service/0.5.0-SNAPSHOT/hadoop-hdds-container-service-0.5.0-SNAPSHOT.jar!/webapps/static,UNAVAILABLE}
2019-09-28 01:17:42,762 [ForkJoinPool.commonPool-worker-0] INFO  handler.ContextHandler (ContextHandler.java:doStop(910)) - Stopped o.e.j.s.ServletContextHandler@4d0e54e0{/logs,file:///workdir/hadoop-ozone/integration-test/target/log,UNAVAILABLE}
2019-09-28 01:17:42,763 [main] INFO  ozone.MiniOzoneClusterImpl (MiniOzoneClusterImpl.java:stopSCM(392)) - Stopping the StorageContainerManager
2019-09-28 01:17:42,764 [main] INFO  server.StorageContainerManager (StorageContainerManager.java:stop(808)) - Stopping Replication Manager Service.
2019-09-28 01:17:42,764 [main] INFO  container.ReplicationManager (ReplicationManager.java:stop(203)) - Stopping Replication Monitor Thread.
2019-09-28 01:17:42,764 [main] INFO  server.StorageContainerManager (StorageContainerManager.java:stop(815)) - Stopping Lease Manager of the command watchers
2019-09-28 01:17:42,764 [main] INFO  server.StorageContainerManager (StorageContainerManager.java:stop(822)) - Stopping datanode service RPC server
2019-09-28 01:17:42,765 [main] INFO  server.SCMDatanodeProtocolServer (SCMDatanodeProtocolServer.java:stop(367)) - Stopping the RPC server for DataNodes
2019-09-28 01:17:42,765 [main] INFO  ipc.Server (Server.java:stop(3082)) - Stopping server on 35844
2019-09-28 01:17:42,768 [IPC Server listener on 35844] INFO  ipc.Server (Server.java:run(1185)) - Stopping IPC Server listener on 35844
2019-09-28 01:17:42,768 [IPC Server Responder] INFO  ipc.Server (Server.java:run(1319)) - Stopping IPC Server Responder
2019-09-28 01:17:42,794 [SCM Heartbeat Processing Thread - 0] WARN  node.NodeStateManager (NodeStateManager.java:scheduleNextHealthCheck(646)) - Current Thread is interrupted, shutting down HB processing thread for Node Manager.
2019-09-28 01:17:42,795 [main] INFO  server.StorageContainerManager (StorageContainerManager.java:stop(830)) - Stopping block service RPC server
2019-09-28 01:17:42,795 [main] INFO  server.SCMBlockProtocolServer (SCMBlockProtocolServer.java:stop(155)) - Stopping the RPC server for Block Protocol
2019-09-28 01:17:42,795 [main] INFO  ipc.Server (Server.java:stop(3082)) - Stopping server on 32961
2019-09-28 01:17:42,797 [IPC Server listener on 32961] INFO  ipc.Server (Server.java:run(1185)) - Stopping IPC Server listener on 32961
2019-09-28 01:17:42,797 [main] INFO  server.StorageContainerManager (StorageContainerManager.java:stop(837)) - Stopping the StorageContainerLocationProtocol RPC server
2019-09-28 01:17:42,799 [IPC Server Responder] INFO  ipc.Server (Server.java:run(1319)) - Stopping IPC Server Responder
2019-09-28 01:17:42,799 [main] INFO  server.SCMClientProtocolServer (SCMClientProtocolServer.java:stop(158)) - Stopping the RPC server for Client Protocol
2019-09-28 01:17:42,800 [main] INFO  ipc.Server (Server.java:stop(3082)) - Stopping server on 33473
2019-09-28 01:17:42,802 [IPC Server listener on 33473] INFO  ipc.Server (Server.java:run(1185)) - Stopping IPC Server listener on 33473
2019-09-28 01:17:42,802 [main] INFO  server.StorageContainerManager (StorageContainerManager.java:stop(844)) - Stopping Storage Container Manager HTTP server.
2019-09-28 01:17:42,802 [IPC Server Responder] INFO  ipc.Server (Server.java:run(1319)) - Stopping IPC Server Responder
2019-09-28 01:17:42,804 [main] INFO  handler.ContextHandler (ContextHandler.java:doStop(910)) - Stopped o.e.j.w.WebAppContext@40d60f2{/,null,UNAVAILABLE}{/scm}
2019-09-28 01:17:42,805 [main] INFO  server.AbstractConnector (AbstractConnector.java:doStop(318)) - Stopped ServerConnector@3382cf68{HTTP/1.1,[http/1.1]}{0.0.0.0:0}
2019-09-28 01:17:42,805 [main] INFO  handler.ContextHandler (ContextHandler.java:doStop(910)) - Stopped o.e.j.s.ServletContextHandler@463561c5{/static,file:///workdir/hadoop-ozone/integration-test/target/test-classes/webapps/static,UNAVAILABLE}
2019-09-28 01:17:42,806 [main] INFO  handler.ContextHandler (ContextHandler.java:doStop(910)) - Stopped o.e.j.s.ServletContextHandler@345cbf40{/logs,file:///workdir/hadoop-ozone/integration-test/target/log,UNAVAILABLE}
2019-09-28 01:17:42,807 [main] INFO  server.StorageContainerManager (StorageContainerManager.java:stop(855)) - Stopping Block Manager Service.
2019-09-28 01:17:42,807 [main] INFO  utils.BackgroundService (BackgroundService.java:shutdown(148)) - Shutting down service SCMBlockDeletingService
2019-09-28 01:17:42,808 [main] INFO  utils.BackgroundService (BackgroundService.java:shutdown(148)) - Shutting down service SCMBlockDeletingService
2019-09-28 01:17:42,808 [main] INFO  server.StorageContainerManager (StorageContainerManager.java:stop(877)) - Stopping SCM Event Queue.
2019-09-28 01:17:42,812 [main] INFO  impl.MetricsSystemImpl (MetricsSystemImpl.java:stop(210)) - Stopping HddsDatanode metrics system...
2019-09-28 01:17:42,832 [main] INFO  impl.MetricsSystemImpl (MetricsSystemImpl.java:stop(216)) - HddsDatanode metrics system stopped.
]]></system-out>
    <system-err><![CDATA[Sep 28, 2019 1:17:21 AM org.apache.ratis.thirdparty.io.grpc.internal.SerializingExecutor run
SEVERE: Exception while executing runnable org.apache.ratis.thirdparty.io.grpc.internal.ServerImpl$JumpToApplicationThreadServerStreamListener$1Closed@43572d10
org.apache.ratis.thirdparty.io.grpc.StatusRuntimeException: CANCELLED: call already cancelled
	at org.apache.ratis.thirdparty.io.grpc.Status.asRuntimeException(Status.java:517)
	at org.apache.ratis.thirdparty.io.grpc.stub.ServerCalls$ServerCallStreamObserverImpl.onCompleted(ServerCalls.java:356)
	at org.apache.ratis.grpc.server.GrpcServerProtocolService$ServerRequestStreamObserver.onError(GrpcServerProtocolService.java:121)
	at org.apache.ratis.thirdparty.io.grpc.stub.ServerCalls$StreamingServerCallHandler$StreamingServerCallListener.onCancel(ServerCalls.java:269)
	at org.apache.ratis.thirdparty.io.grpc.internal.ServerCallImpl$ServerStreamListenerImpl.closed(ServerCallImpl.java:293)
	at org.apache.ratis.thirdparty.io.grpc.internal.ServerImpl$JumpToApplicationThreadServerStreamListener$1Closed.runInContext(ServerImpl.java:741)
	at org.apache.ratis.thirdparty.io.grpc.internal.ContextRunnable.run(ContextRunnable.java:37)
	at org.apache.ratis.thirdparty.io.grpc.internal.SerializingExecutor.run(SerializingExecutor.java:123)
	at java.util.concurrent.ThreadPoolExecutor.runWorker(ThreadPoolExecutor.java:1149)
	at java.util.concurrent.ThreadPoolExecutor$Worker.run(ThreadPoolExecutor.java:624)
	at java.lang.Thread.run(Thread.java:748)

Sep 28, 2019 1:17:21 AM org.apache.ratis.thirdparty.io.grpc.internal.SerializingExecutor run
SEVERE: Exception while executing runnable org.apache.ratis.thirdparty.io.grpc.internal.ServerImpl$JumpToApplicationThreadServerStreamListener$1Closed@2645997
org.apache.ratis.thirdparty.io.grpc.StatusRuntimeException: CANCELLED: call already cancelled
	at org.apache.ratis.thirdparty.io.grpc.Status.asRuntimeException(Status.java:517)
	at org.apache.ratis.thirdparty.io.grpc.stub.ServerCalls$ServerCallStreamObserverImpl.onCompleted(ServerCalls.java:356)
	at org.apache.ratis.grpc.server.GrpcServerProtocolService$ServerRequestStreamObserver.onError(GrpcServerProtocolService.java:121)
	at org.apache.ratis.thirdparty.io.grpc.stub.ServerCalls$StreamingServerCallHandler$StreamingServerCallListener.onCancel(ServerCalls.java:269)
	at org.apache.ratis.thirdparty.io.grpc.internal.ServerCallImpl$ServerStreamListenerImpl.closed(ServerCallImpl.java:293)
	at org.apache.ratis.thirdparty.io.grpc.internal.ServerImpl$JumpToApplicationThreadServerStreamListener$1Closed.runInContext(ServerImpl.java:741)
	at org.apache.ratis.thirdparty.io.grpc.internal.ContextRunnable.run(ContextRunnable.java:37)
	at org.apache.ratis.thirdparty.io.grpc.internal.SerializingExecutor.run(SerializingExecutor.java:123)
	at java.util.concurrent.ThreadPoolExecutor.runWorker(ThreadPoolExecutor.java:1149)
	at java.util.concurrent.ThreadPoolExecutor$Worker.run(ThreadPoolExecutor.java:624)
	at java.lang.Thread.run(Thread.java:748)

Sep 28, 2019 1:17:32 AM org.apache.ratis.thirdparty.io.grpc.internal.SerializingExecutor run
SEVERE: Exception while executing runnable org.apache.ratis.thirdparty.io.grpc.internal.ServerImpl$JumpToApplicationThreadServerStreamListener$1Closed@401e0a95
org.apache.ratis.thirdparty.io.grpc.StatusRuntimeException: CANCELLED: call already cancelled
	at org.apache.ratis.thirdparty.io.grpc.Status.asRuntimeException(Status.java:517)
	at org.apache.ratis.thirdparty.io.grpc.stub.ServerCalls$ServerCallStreamObserverImpl.onCompleted(ServerCalls.java:356)
	at org.apache.ratis.grpc.server.GrpcServerProtocolService$ServerRequestStreamObserver.onError(GrpcServerProtocolService.java:121)
	at org.apache.ratis.thirdparty.io.grpc.stub.ServerCalls$StreamingServerCallHandler$StreamingServerCallListener.onCancel(ServerCalls.java:269)
	at org.apache.ratis.thirdparty.io.grpc.internal.ServerCallImpl$ServerStreamListenerImpl.closed(ServerCallImpl.java:293)
	at org.apache.ratis.thirdparty.io.grpc.internal.ServerImpl$JumpToApplicationThreadServerStreamListener$1Closed.runInContext(ServerImpl.java:741)
	at org.apache.ratis.thirdparty.io.grpc.internal.ContextRunnable.run(ContextRunnable.java:37)
	at org.apache.ratis.thirdparty.io.grpc.internal.SerializingExecutor.run(SerializingExecutor.java:123)
	at java.util.concurrent.ThreadPoolExecutor.runWorker(ThreadPoolExecutor.java:1149)
	at java.util.concurrent.ThreadPoolExecutor$Worker.run(ThreadPoolExecutor.java:624)
	at java.lang.Thread.run(Thread.java:748)

Sep 28, 2019 1:17:32 AM org.apache.ratis.thirdparty.io.grpc.internal.SerializingExecutor run
SEVERE: Exception while executing runnable org.apache.ratis.thirdparty.io.grpc.internal.ServerImpl$JumpToApplicationThreadServerStreamListener$1Closed@1d5a49bd
org.apache.ratis.thirdparty.io.grpc.StatusRuntimeException: CANCELLED: call already cancelled
	at org.apache.ratis.thirdparty.io.grpc.Status.asRuntimeException(Status.java:517)
	at org.apache.ratis.thirdparty.io.grpc.stub.ServerCalls$ServerCallStreamObserverImpl.onCompleted(ServerCalls.java:356)
	at org.apache.ratis.grpc.server.GrpcServerProtocolService$ServerRequestStreamObserver.onError(GrpcServerProtocolService.java:121)
	at org.apache.ratis.thirdparty.io.grpc.stub.ServerCalls$StreamingServerCallHandler$StreamingServerCallListener.onCancel(ServerCalls.java:269)
	at org.apache.ratis.thirdparty.io.grpc.internal.ServerCallImpl$ServerStreamListenerImpl.closed(ServerCallImpl.java:293)
	at org.apache.ratis.thirdparty.io.grpc.internal.ServerImpl$JumpToApplicationThreadServerStreamListener$1Closed.runInContext(ServerImpl.java:741)
	at org.apache.ratis.thirdparty.io.grpc.internal.ContextRunnable.run(ContextRunnable.java:37)
	at org.apache.ratis.thirdparty.io.grpc.internal.SerializingExecutor.run(SerializingExecutor.java:123)
	at java.util.concurrent.ThreadPoolExecutor.runWorker(ThreadPoolExecutor.java:1149)
	at java.util.concurrent.ThreadPoolExecutor$Worker.run(ThreadPoolExecutor.java:624)
	at java.lang.Thread.run(Thread.java:748)

Sep 28, 2019 1:17:37 AM org.apache.ratis.thirdparty.io.grpc.internal.SerializingExecutor run
SEVERE: Exception while executing runnable org.apache.ratis.thirdparty.io.grpc.internal.ServerImpl$JumpToApplicationThreadServerStreamListener$1Closed@36c11f24
org.apache.ratis.thirdparty.io.grpc.StatusRuntimeException: CANCELLED: call already cancelled
	at org.apache.ratis.thirdparty.io.grpc.Status.asRuntimeException(Status.java:517)
	at org.apache.ratis.thirdparty.io.grpc.stub.ServerCalls$ServerCallStreamObserverImpl.onCompleted(ServerCalls.java:356)
	at org.apache.ratis.grpc.server.GrpcServerProtocolService$ServerRequestStreamObserver.onError(GrpcServerProtocolService.java:121)
	at org.apache.ratis.thirdparty.io.grpc.stub.ServerCalls$StreamingServerCallHandler$StreamingServerCallListener.onCancel(ServerCalls.java:269)
	at org.apache.ratis.thirdparty.io.grpc.internal.ServerCallImpl$ServerStreamListenerImpl.closed(ServerCallImpl.java:293)
	at org.apache.ratis.thirdparty.io.grpc.internal.ServerImpl$JumpToApplicationThreadServerStreamListener$1Closed.runInContext(ServerImpl.java:741)
	at org.apache.ratis.thirdparty.io.grpc.internal.ContextRunnable.run(ContextRunnable.java:37)
	at org.apache.ratis.thirdparty.io.grpc.internal.SerializingExecutor.run(SerializingExecutor.java:123)
	at java.util.concurrent.ThreadPoolExecutor.runWorker(ThreadPoolExecutor.java:1149)
	at java.util.concurrent.ThreadPoolExecutor$Worker.run(ThreadPoolExecutor.java:624)
	at java.lang.Thread.run(Thread.java:748)

]]></system-err>
  </testcase>
  <testcase name="testWriteSmallFile" classname="org.apache.hadoop.ozone.client.rpc.TestFailureHandlingByClient" time="142.598">
    <error message="Connection refused" type="java.net.ConnectException"><![CDATA[java.net.ConnectException: Connection refused
	at sun.nio.ch.SocketChannelImpl.checkConnect(Native Method)
	at sun.nio.ch.SocketChannelImpl.finishConnect(SocketChannelImpl.java:717)
	at org.apache.hadoop.net.SocketIOWithTimeout.connect(SocketIOWithTimeout.java:206)
	at org.apache.hadoop.net.NetUtils.connect(NetUtils.java:531)
	at org.apache.hadoop.ipc.Client$Connection.setupConnection(Client.java:690)
	at org.apache.hadoop.ipc.Client$Connection.setupIOstreams(Client.java:794)
	at org.apache.hadoop.ipc.Client$Connection.access$3700(Client.java:411)
	at org.apache.hadoop.ipc.Client.getConnection(Client.java:1572)
	at org.apache.hadoop.ipc.Client.call(Client.java:1403)
	at org.apache.hadoop.ipc.Client.call(Client.java:1367)
	at org.apache.hadoop.ipc.ProtobufRpcEngine$Invoker.invoke(ProtobufRpcEngine.java:228)
	at org.apache.hadoop.ipc.ProtobufRpcEngine$Invoker.invoke(ProtobufRpcEngine.java:116)
	at com.sun.proxy.$Proxy35.submitRequest(Unknown Source)
	at sun.reflect.GeneratedMethodAccessor36.invoke(Unknown Source)
	at sun.reflect.DelegatingMethodAccessorImpl.invoke(DelegatingMethodAccessorImpl.java:43)
	at java.lang.reflect.Method.invoke(Method.java:498)
	at org.apache.hadoop.io.retry.RetryInvocationHandler.invokeMethod(RetryInvocationHandler.java:422)
	at org.apache.hadoop.io.retry.RetryInvocationHandler$Call.invokeMethod(RetryInvocationHandler.java:165)
	at org.apache.hadoop.io.retry.RetryInvocationHandler$Call.invoke(RetryInvocationHandler.java:157)
	at org.apache.hadoop.io.retry.RetryInvocationHandler$Call.invokeOnce(RetryInvocationHandler.java:95)
	at org.apache.hadoop.io.retry.RetryInvocationHandler.invoke(RetryInvocationHandler.java:359)
	at com.sun.proxy.$Proxy35.submitRequest(Unknown Source)
	at org.apache.hadoop.ozone.om.protocolPB.OzoneManagerProtocolClientSideTranslatorPB.submitRequest(OzoneManagerProtocolClientSideTranslatorPB.java:338)
	at org.apache.hadoop.ozone.om.protocolPB.OzoneManagerProtocolClientSideTranslatorPB.getServiceInfo(OzoneManagerProtocolClientSideTranslatorPB.java:1223)
	at sun.reflect.NativeMethodAccessorImpl.invoke0(Native Method)
	at sun.reflect.NativeMethodAccessorImpl.invoke(NativeMethodAccessorImpl.java:62)
	at sun.reflect.DelegatingMethodAccessorImpl.invoke(DelegatingMethodAccessorImpl.java:43)
	at java.lang.reflect.Method.invoke(Method.java:498)
	at org.apache.hadoop.hdds.tracing.TraceAllMethod.invoke(TraceAllMethod.java:66)
	at com.sun.proxy.$Proxy36.getServiceInfo(Unknown Source)
	at org.apache.hadoop.ozone.client.rpc.RpcClient.<init>(RpcClient.java:154)
	at org.apache.hadoop.ozone.client.OzoneClientFactory.getClientProtocol(OzoneClientFactory.java:256)
	at org.apache.hadoop.ozone.client.OzoneClientFactory.getClientProtocol(OzoneClientFactory.java:239)
	at org.apache.hadoop.ozone.client.OzoneClientFactory.getClient(OzoneClientFactory.java:75)
	at org.apache.hadoop.ozone.client.rpc.TestFailureHandlingByClient.init(TestFailureHandlingByClient.java:111)
	at org.apache.hadoop.ozone.client.rpc.TestFailureHandlingByClient.startCluster(TestFailureHandlingByClient.java:121)
	at org.apache.hadoop.ozone.client.rpc.TestFailureHandlingByClient.testWriteSmallFile(TestFailureHandlingByClient.java:177)
	at sun.reflect.NativeMethodAccessorImpl.invoke0(Native Method)
	at sun.reflect.NativeMethodAccessorImpl.invoke(NativeMethodAccessorImpl.java:62)
	at sun.reflect.DelegatingMethodAccessorImpl.invoke(DelegatingMethodAccessorImpl.java:43)
	at java.lang.reflect.Method.invoke(Method.java:498)
	at org.junit.runners.model.FrameworkMethod$1.runReflectiveCall(FrameworkMethod.java:47)
	at org.junit.internal.runners.model.ReflectiveCallable.run(ReflectiveCallable.java:12)
	at org.junit.runners.model.FrameworkMethod.invokeExplosively(FrameworkMethod.java:44)
	at org.junit.internal.runners.statements.InvokeMethod.evaluate(InvokeMethod.java:17)
	at org.junit.internal.runners.statements.RunAfters.evaluate(RunAfters.java:27)
	at org.junit.runners.ParentRunner.runLeaf(ParentRunner.java:271)
	at org.junit.runners.BlockJUnit4ClassRunner.runChild(BlockJUnit4ClassRunner.java:70)
	at org.junit.runners.BlockJUnit4ClassRunner.runChild(BlockJUnit4ClassRunner.java:50)
	at org.junit.runners.ParentRunner$3.run(ParentRunner.java:238)
	at org.junit.runners.ParentRunner$1.schedule(ParentRunner.java:63)
	at org.junit.runners.ParentRunner.runChildren(ParentRunner.java:236)
	at org.junit.runners.ParentRunner.access$000(ParentRunner.java:53)
	at org.junit.runners.ParentRunner$2.evaluate(ParentRunner.java:229)
	at org.junit.runners.ParentRunner.run(ParentRunner.java:309)
	at org.apache.maven.surefire.junit4.JUnit4Provider.execute(JUnit4Provider.java:365)
	at org.apache.maven.surefire.junit4.JUnit4Provider.executeWithRerun(JUnit4Provider.java:273)
	at org.apache.maven.surefire.junit4.JUnit4Provider.executeTestSet(JUnit4Provider.java:238)
	at org.apache.maven.surefire.junit4.JUnit4Provider.invoke(JUnit4Provider.java:159)
	at org.apache.maven.surefire.booter.ForkedBooter.invokeProviderInSameClassLoader(ForkedBooter.java:384)
	at org.apache.maven.surefire.booter.ForkedBooter.runSuitesInProcess(ForkedBooter.java:345)
	at org.apache.maven.surefire.booter.ForkedBooter.execute(ForkedBooter.java:126)
	at org.apache.maven.surefire.booter.ForkedBooter.main(ForkedBooter.java:418)
]]></error>
    <system-out><![CDATA[2019-09-28 01:17:42,879 [main] WARN  server.ServerUtils (ServerUtils.java:getScmDbDir(145)) - ozone.scm.db.dirs is not configured. We recommend adding this setting. Falling back to ozone.metadata.dirs instead.
2019-09-28 01:17:42,895 [main] WARN  server.ServerUtils (ServerUtils.java:getScmDbDir(145)) - ozone.scm.db.dirs is not configured. We recommend adding this setting. Falling back to ozone.metadata.dirs instead.
2019-09-28 01:17:42,896 [main] WARN  server.ServerUtils (ServerUtils.java:getScmDbDir(145)) - ozone.scm.db.dirs is not configured. We recommend adding this setting. Falling back to ozone.metadata.dirs instead.
2019-09-28 01:17:42,896 [main] INFO  db.DBStoreBuilder (DBStoreBuilder.java:addTable(110)) - using custom profile for table: deletedBlocks
2019-09-28 01:17:42,896 [main] INFO  db.DBStoreBuilder (DBStoreBuilder.java:processTables(161)) - Using default column profile:DBProfile.DISK for Table:deletedBlocks
2019-09-28 01:17:42,897 [main] INFO  db.DBStoreBuilder (DBStoreBuilder.java:addTable(110)) - using custom profile for table: validCerts
2019-09-28 01:17:42,897 [main] INFO  db.DBStoreBuilder (DBStoreBuilder.java:processTables(161)) - Using default column profile:DBProfile.DISK for Table:validCerts
2019-09-28 01:17:42,897 [main] INFO  db.DBStoreBuilder (DBStoreBuilder.java:addTable(110)) - using custom profile for table: revokedCerts
2019-09-28 01:17:42,897 [main] INFO  db.DBStoreBuilder (DBStoreBuilder.java:processTables(161)) - Using default column profile:DBProfile.DISK for Table:revokedCerts
2019-09-28 01:17:42,898 [main] INFO  db.DBStoreBuilder (DBStoreBuilder.java:addTable(110)) - using custom profile for table: default
2019-09-28 01:17:42,898 [main] INFO  db.DBStoreBuilder (DBStoreBuilder.java:processTables(167)) - Using default column profile:DBProfile.DISK for Table:default
2019-09-28 01:17:42,898 [main] INFO  db.DBStoreBuilder (DBStoreBuilder.java:getDbProfile(198)) - Using default options. DBProfile.DISK
2019-09-28 01:17:43,025 [main] INFO  net.NodeSchemaLoader (NodeSchemaLoader.java:loadSchemaFromFile(125)) - Loading file from sun.misc.CompoundEnumeration@6cbe68e9
2019-09-28 01:17:43,026 [main] INFO  net.NodeSchemaLoader (NodeSchemaLoader.java:loadSchema(171)) - Loading network topology layer schema file
2019-09-28 01:17:43,032 [main] INFO  node.SCMNodeManager (SCMNodeManager.java:<init>(114)) - Entering startup safe mode.
2019-09-28 01:17:43,033 [main] INFO  algorithms.ContainerPlacementPolicyFactory (ContainerPlacementPolicyFactory.java:getPolicy(57)) - Create container placement policy of type org.apache.hadoop.hdds.scm.container.placement.algorithms.SCMContainerPlacementRandom
2019-09-28 01:17:43,034 [main] WARN  server.ServerUtils (ServerUtils.java:getScmDbDir(145)) - ozone.scm.db.dirs is not configured. We recommend adding this setting. Falling back to ozone.metadata.dirs instead.
2019-09-28 01:17:43,078 [main] INFO  pipeline.SCMPipelineManager (SCMPipelineManager.java:initializePipelineState(132)) - No pipeline exists in current db
2019-09-28 01:17:43,078 [main] WARN  server.ServerUtils (ServerUtils.java:getScmDbDir(145)) - ozone.scm.db.dirs is not configured. We recommend adding this setting. Falling back to ozone.metadata.dirs instead.
2019-09-28 01:17:43,126 [main] WARN  events.EventQueue (EventQueue.java:fireEvent(183)) - No event handler registered for event TypedEvent{payloadType=SafeModeStatus, name='SafeModeStatus'}
2019-09-28 01:17:43,127 [main] INFO  ipc.CallQueueManager (CallQueueManager.java:<init>(84)) - Using callQueue: class java.util.concurrent.LinkedBlockingQueue, queueCapacity: 2000, scheduler: class org.apache.hadoop.ipc.DefaultRpcScheduler, ipcBackoff: false.
2019-09-28 01:17:43,129 [Socket Reader #1 for port 39740] INFO  ipc.Server (Server.java:run(1074)) - Starting Socket Reader #1 for port 39740
2019-09-28 01:17:43,131 [main] INFO  ipc.CallQueueManager (CallQueueManager.java:<init>(84)) - Using callQueue: class java.util.concurrent.LinkedBlockingQueue, queueCapacity: 2000, scheduler: class org.apache.hadoop.ipc.DefaultRpcScheduler, ipcBackoff: false.
2019-09-28 01:17:43,132 [Socket Reader #1 for port 35055] INFO  ipc.Server (Server.java:run(1074)) - Starting Socket Reader #1 for port 35055
2019-09-28 01:17:43,133 [main] INFO  ipc.CallQueueManager (CallQueueManager.java:<init>(84)) - Using callQueue: class java.util.concurrent.LinkedBlockingQueue, queueCapacity: 2000, scheduler: class org.apache.hadoop.ipc.DefaultRpcScheduler, ipcBackoff: false.
2019-09-28 01:17:43,134 [Socket Reader #1 for port 36266] INFO  ipc.Server (Server.java:run(1074)) - Starting Socket Reader #1 for port 36266
2019-09-28 01:17:43,138 [main] INFO  hdfs.DFSUtil (DFSUtil.java:httpServerTemplateForNNAndJN(1641)) - Starting Web-server for scm at: http://0.0.0.0:0
2019-09-28 01:17:43,141 [main] INFO  server.AuthenticationFilter (AuthenticationFilter.java:constructSecretProvider(240)) - Unable to initialize FileSignerSecretProvider, falling back to use random secrets.
2019-09-28 01:17:43,142 [main] WARN  http.HttpRequestLog (HttpRequestLog.java:getRequestLog(97)) - Jetty request log can only be enabled using Log4j
2019-09-28 01:17:43,144 [main] INFO  http.HttpServer2 (HttpServer2.java:addGlobalFilter(975)) - Added global filter 'safety' (class=org.apache.hadoop.http.HttpServer2$QuotingInputFilter)
2019-09-28 01:17:43,145 [main] INFO  http.HttpServer2 (HttpServer2.java:addFilter(948)) - Added filter static_user_filter (class=org.apache.hadoop.http.lib.StaticUserWebFilter$StaticUserFilter) to context scm
2019-09-28 01:17:43,145 [main] INFO  http.HttpServer2 (HttpServer2.java:addFilter(958)) - Added filter static_user_filter (class=org.apache.hadoop.http.lib.StaticUserWebFilter$StaticUserFilter) to context static
2019-09-28 01:17:43,145 [main] INFO  http.HttpServer2 (HttpServer2.java:addFilter(958)) - Added filter static_user_filter (class=org.apache.hadoop.http.lib.StaticUserWebFilter$StaticUserFilter) to context logs
2019-09-28 01:17:43,148 [main] INFO  server.StorageContainerManager (StorageContainerManager.java:start(770)) - StorageContainerLocationProtocol RPC server is listening at /0.0.0.0:36266
2019-09-28 01:17:43,151 [main] WARN  impl.MetricsConfig (MetricsConfig.java:loadFirst(134)) - Cannot locate configuration: tried hadoop-metrics2-storagecontainermanager.properties,hadoop-metrics2.properties
2019-09-28 01:17:43,152 [main] INFO  impl.MetricsSystemImpl (MetricsSystemImpl.java:startTimer(374)) - Scheduled Metric snapshot period at 10 second(s).
2019-09-28 01:17:43,152 [main] INFO  impl.MetricsSystemImpl (MetricsSystemImpl.java:start(191)) - StorageContainerManager metrics system started
2019-09-28 01:17:43,216 [main] WARN  impl.MetricsSystemImpl (MetricsSystemImpl.java:register(276)) - Sink prometheus already exists!
2019-09-28 01:17:43,255 [main] INFO  server.SCMClientProtocolServer (SCMClientProtocolServer.java:start(150)) - RPC server for Client  is listening at /0.0.0.0:36266
2019-09-28 01:17:43,256 [IPC Server Responder] INFO  ipc.Server (Server.java:run(1314)) - IPC Server Responder: starting
2019-09-28 01:17:43,256 [IPC Server listener on 36266] INFO  ipc.Server (Server.java:run(1153)) - IPC Server listener on 36266: starting
2019-09-28 01:17:43,260 [main] INFO  server.StorageContainerManager (StorageContainerManager.java:start(780)) - ScmBlockLocationProtocol RPC server is listening at /0.0.0.0:35055
2019-09-28 01:17:43,261 [main] INFO  server.SCMBlockProtocolServer (SCMBlockProtocolServer.java:start(146)) - RPC server for Block Protocol is listening at /0.0.0.0:35055
2019-09-28 01:17:43,261 [IPC Server Responder] INFO  ipc.Server (Server.java:run(1314)) - IPC Server Responder: starting
2019-09-28 01:17:43,261 [IPC Server listener on 35055] INFO  ipc.Server (Server.java:run(1153)) - IPC Server listener on 35055: starting
2019-09-28 01:17:43,265 [main] INFO  server.StorageContainerManager (StorageContainerManager.java:start(784)) - ScmDatanodeProtocl RPC server is listening at /0.0.0.0:39740
2019-09-28 01:17:43,265 [main] INFO  server.SCMDatanodeProtocolServer (SCMDatanodeProtocolServer.java:start(191)) - RPC server for DataNodes is listening at /0.0.0.0:39740
2019-09-28 01:17:43,266 [IPC Server Responder] INFO  ipc.Server (Server.java:run(1314)) - IPC Server Responder: starting
2019-09-28 01:17:43,266 [IPC Server listener on 39740] INFO  ipc.Server (Server.java:run(1153)) - IPC Server listener on 39740: starting
2019-09-28 01:17:43,270 [main] INFO  http.HttpServer2 (HttpServer2.java:bindListener(1191)) - Jetty bound to port 46217
2019-09-28 01:17:43,270 [main] INFO  server.Server (Server.java:doStart(351)) - jetty-9.3.25.v20180904, build timestamp: 2018-09-04T21:11:46Z, git hash: 3ce520221d0240229c862b122d2b06c12a625732
2019-09-28 01:17:43,272 [main] INFO  handler.ContextHandler (ContextHandler.java:doStart(781)) - Started o.e.j.s.ServletContextHandler@1d98daa0{/logs,file:///workdir/hadoop-ozone/integration-test/target/log,AVAILABLE}
2019-09-28 01:17:43,273 [main] INFO  handler.ContextHandler (ContextHandler.java:doStart(781)) - Started o.e.j.s.ServletContextHandler@7bdf61ad{/static,file:///workdir/hadoop-ozone/integration-test/target/test-classes/webapps/static,AVAILABLE}
2019-09-28 01:17:43,277 [main] INFO  handler.ContextHandler (ContextHandler.java:doStart(781)) - Started o.e.j.w.WebAppContext@25be445f{/,file:///workdir/hadoop-ozone/integration-test/target/test-classes/webapps/scm/,AVAILABLE}{/scm}
2019-09-28 01:17:43,277 [main] INFO  server.AbstractConnector (AbstractConnector.java:doStart(278)) - Started ServerConnector@5d1b1c2a{HTTP/1.1,[http/1.1]}{0.0.0.0:46217}
2019-09-28 01:17:43,278 [main] INFO  server.Server (Server.java:doStart(419)) - Started @291462ms
2019-09-28 01:17:43,278 [main] WARN  impl.MetricsSystemImpl (MetricsSystemImpl.java:register(276)) - Sink prometheus already exists!
2019-09-28 01:17:43,279 [main] INFO  server.BaseHttpServer (BaseHttpServer.java:updateConnectorAddress(215)) - HTTP server of SCM is listening at http://0.0.0.0:46217
2019-09-28 01:17:43,280 [main] WARN  server.ServerUtils (ServerUtils.java:getDBPath(222)) - ozone.om.db.dirs is not configured. We recommend adding this setting. Falling back to ozone.metadata.dirs instead.
2019-09-28 01:17:43,281 [org.apache.hadoop.util.JvmPauseMonitor$Monitor@25f61c2c] INFO  util.JvmPauseMonitor (JvmPauseMonitor.java:run(188)) - Starting JVM pause monitor
2019-09-28 01:17:43,294 [main] INFO  ha.OMHANodeDetails (OMHANodeDetails.java:loadOMHAConfig(190)) - Configuration either no ozone.om.address set. Falling back to the default OM address /127.0.0.1:0
2019-09-28 01:17:43,294 [main] INFO  ha.OMHANodeDetails (OMHANodeDetails.java:getOMNodeDetails(220)) - OM Service ID is not set. Setting it to the default ID: omServiceIdDefault
2019-09-28 01:17:43,295 [main] WARN  server.ServerUtils (ServerUtils.java:getDBPath(222)) - ozone.om.db.dirs is not configured. We recommend adding this setting. Falling back to ozone.metadata.dirs instead.
2019-09-28 01:17:43,295 [main] WARN  server.ServerUtils (ServerUtils.java:getDBPath(222)) - ozone.om.db.dirs is not configured. We recommend adding this setting. Falling back to ozone.metadata.dirs instead.
2019-09-28 01:17:43,304 [main] WARN  server.ServerUtils (ServerUtils.java:getDBPath(222)) - ozone.om.db.dirs is not configured. We recommend adding this setting. Falling back to ozone.metadata.dirs instead.
2019-09-28 01:17:43,304 [main] INFO  db.DBStoreBuilder (DBStoreBuilder.java:addTable(110)) - using custom profile for table: userTable
2019-09-28 01:17:43,304 [main] INFO  db.DBStoreBuilder (DBStoreBuilder.java:processTables(161)) - Using default column profile:DBProfile.DISK for Table:userTable
2019-09-28 01:17:43,304 [main] INFO  db.DBStoreBuilder (DBStoreBuilder.java:addTable(110)) - using custom profile for table: volumeTable
2019-09-28 01:17:43,304 [main] INFO  db.DBStoreBuilder (DBStoreBuilder.java:processTables(161)) - Using default column profile:DBProfile.DISK for Table:volumeTable
2019-09-28 01:17:43,305 [main] INFO  db.DBStoreBuilder (DBStoreBuilder.java:addTable(110)) - using custom profile for table: bucketTable
2019-09-28 01:17:43,305 [main] INFO  db.DBStoreBuilder (DBStoreBuilder.java:processTables(161)) - Using default column profile:DBProfile.DISK for Table:bucketTable
2019-09-28 01:17:43,305 [main] INFO  db.DBStoreBuilder (DBStoreBuilder.java:addTable(110)) - using custom profile for table: keyTable
2019-09-28 01:17:43,305 [main] INFO  db.DBStoreBuilder (DBStoreBuilder.java:processTables(161)) - Using default column profile:DBProfile.DISK for Table:keyTable
2019-09-28 01:17:43,305 [main] INFO  db.DBStoreBuilder (DBStoreBuilder.java:addTable(110)) - using custom profile for table: deletedTable
2019-09-28 01:17:43,306 [main] INFO  db.DBStoreBuilder (DBStoreBuilder.java:processTables(161)) - Using default column profile:DBProfile.DISK for Table:deletedTable
2019-09-28 01:17:43,306 [main] INFO  db.DBStoreBuilder (DBStoreBuilder.java:addTable(110)) - using custom profile for table: openKeyTable
2019-09-28 01:17:43,306 [main] INFO  db.DBStoreBuilder (DBStoreBuilder.java:processTables(161)) - Using default column profile:DBProfile.DISK for Table:openKeyTable
2019-09-28 01:17:43,306 [main] INFO  db.DBStoreBuilder (DBStoreBuilder.java:addTable(110)) - using custom profile for table: s3Table
2019-09-28 01:17:43,306 [main] INFO  db.DBStoreBuilder (DBStoreBuilder.java:processTables(161)) - Using default column profile:DBProfile.DISK for Table:s3Table
2019-09-28 01:17:43,307 [main] INFO  db.DBStoreBuilder (DBStoreBuilder.java:addTable(110)) - using custom profile for table: multipartInfoTable
2019-09-28 01:17:43,307 [main] INFO  db.DBStoreBuilder (DBStoreBuilder.java:processTables(161)) - Using default column profile:DBProfile.DISK for Table:multipartInfoTable
2019-09-28 01:17:43,307 [main] INFO  db.DBStoreBuilder (DBStoreBuilder.java:addTable(110)) - using custom profile for table: dTokenTable
2019-09-28 01:17:43,307 [main] INFO  db.DBStoreBuilder (DBStoreBuilder.java:processTables(161)) - Using default column profile:DBProfile.DISK for Table:dTokenTable
2019-09-28 01:17:43,307 [main] INFO  db.DBStoreBuilder (DBStoreBuilder.java:addTable(110)) - using custom profile for table: s3SecretTable
2019-09-28 01:17:43,307 [main] INFO  db.DBStoreBuilder (DBStoreBuilder.java:processTables(161)) - Using default column profile:DBProfile.DISK for Table:s3SecretTable
2019-09-28 01:17:43,308 [main] INFO  db.DBStoreBuilder (DBStoreBuilder.java:addTable(110)) - using custom profile for table: prefixTable
2019-09-28 01:17:43,308 [main] INFO  db.DBStoreBuilder (DBStoreBuilder.java:processTables(161)) - Using default column profile:DBProfile.DISK for Table:prefixTable
2019-09-28 01:17:43,308 [main] INFO  db.DBStoreBuilder (DBStoreBuilder.java:addTable(110)) - using custom profile for table: default
2019-09-28 01:17:43,308 [main] INFO  db.DBStoreBuilder (DBStoreBuilder.java:processTables(167)) - Using default column profile:DBProfile.DISK for Table:default
2019-09-28 01:17:43,308 [main] INFO  db.DBStoreBuilder (DBStoreBuilder.java:getDbProfile(198)) - Using default options. DBProfile.DISK
2019-09-28 01:17:43,945 [main] INFO  ipc.CallQueueManager (CallQueueManager.java:<init>(84)) - Using callQueue: class java.util.concurrent.LinkedBlockingQueue, queueCapacity: 2000, scheduler: class org.apache.hadoop.ipc.DefaultRpcScheduler, ipcBackoff: false.
2019-09-28 01:17:43,946 [Socket Reader #1 for port 44315] INFO  ipc.Server (Server.java:run(1074)) - Starting Socket Reader #1 for port 44315
2019-09-28 01:17:43,968 [main] INFO  om.OzoneManager (OzoneManager.java:start(1069)) - OzoneManager RPC server is listening at localhost/127.0.0.1:44315
2019-09-28 01:17:43,969 [main] INFO  impl.MetricsSystemImpl (MetricsSystemImpl.java:init(158)) - OzoneManager metrics system started (again)
2019-09-28 01:17:43,970 [IPC Server Responder] INFO  ipc.Server (Server.java:run(1314)) - IPC Server Responder: starting
2019-09-28 01:17:43,970 [IPC Server listener on 44315] INFO  ipc.Server (Server.java:run(1153)) - IPC Server listener on 44315: starting
2019-09-28 01:17:43,976 [main] INFO  hdfs.DFSUtil (DFSUtil.java:httpServerTemplateForNNAndJN(1641)) - Starting Web-server for ozoneManager at: http://0.0.0.0:0
2019-09-28 01:17:43,978 [main] INFO  server.AuthenticationFilter (AuthenticationFilter.java:constructSecretProvider(240)) - Unable to initialize FileSignerSecretProvider, falling back to use random secrets.
2019-09-28 01:17:43,979 [main] WARN  http.HttpRequestLog (HttpRequestLog.java:getRequestLog(97)) - Jetty request log can only be enabled using Log4j
2019-09-28 01:17:43,981 [main] INFO  http.HttpServer2 (HttpServer2.java:addGlobalFilter(975)) - Added global filter 'safety' (class=org.apache.hadoop.http.HttpServer2$QuotingInputFilter)
2019-09-28 01:17:43,981 [main] INFO  http.HttpServer2 (HttpServer2.java:addFilter(948)) - Added filter static_user_filter (class=org.apache.hadoop.http.lib.StaticUserWebFilter$StaticUserFilter) to context ozoneManager
2019-09-28 01:17:43,982 [main] INFO  http.HttpServer2 (HttpServer2.java:addFilter(958)) - Added filter static_user_filter (class=org.apache.hadoop.http.lib.StaticUserWebFilter$StaticUserFilter) to context logs
2019-09-28 01:17:43,982 [main] INFO  http.HttpServer2 (HttpServer2.java:addFilter(958)) - Added filter static_user_filter (class=org.apache.hadoop.http.lib.StaticUserWebFilter$StaticUserFilter) to context static
2019-09-28 01:17:43,983 [main] INFO  http.HttpServer2 (HttpServer2.java:bindListener(1191)) - Jetty bound to port 35487
2019-09-28 01:17:43,983 [main] INFO  server.Server (Server.java:doStart(351)) - jetty-9.3.25.v20180904, build timestamp: 2018-09-04T21:11:46Z, git hash: 3ce520221d0240229c862b122d2b06c12a625732
2019-09-28 01:17:43,986 [main] INFO  handler.ContextHandler (ContextHandler.java:doStart(781)) - Started o.e.j.s.ServletContextHandler@52ea0269{/logs,file:///workdir/hadoop-ozone/integration-test/target/log,AVAILABLE}
2019-09-28 01:17:43,986 [main] INFO  handler.ContextHandler (ContextHandler.java:doStart(781)) - Started o.e.j.s.ServletContextHandler@43ecfeb5{/static,file:///workdir/hadoop-ozone/integration-test/target/test-classes/webapps/static,AVAILABLE}
2019-09-28 01:17:43,992 [main] INFO  handler.ContextHandler (ContextHandler.java:doStart(781)) - Started o.e.j.w.WebAppContext@7e1ffe70{/,file:///workdir/hadoop-ozone/integration-test/target/test-classes/webapps/ozoneManager/,AVAILABLE}{/ozoneManager}
2019-09-28 01:17:43,992 [main] INFO  server.AbstractConnector (AbstractConnector.java:doStart(278)) - Started ServerConnector@73041b7d{HTTP/1.1,[http/1.1]}{0.0.0.0:35487}
2019-09-28 01:17:43,993 [main] INFO  server.Server (Server.java:doStart(419)) - Started @292177ms
2019-09-28 01:17:43,993 [main] WARN  impl.MetricsSystemImpl (MetricsSystemImpl.java:register(276)) - Sink prometheus already exists!
2019-09-28 01:17:43,994 [main] INFO  server.BaseHttpServer (BaseHttpServer.java:updateConnectorAddress(215)) - HTTP server of OZONEMANAGER is listening at http://0.0.0.0:35487
2019-09-28 01:17:44,018 [main] INFO  impl.MetricsSystemImpl (MetricsSystemImpl.java:init(158)) - HddsDatanode metrics system started (again)
2019-09-28 01:17:44,020 [main] INFO  ozone.HddsDatanodeService (HddsDatanodeService.java:start(184)) - HddsDatanodeService host:pr-hdds-2162-8g7kw-3348123894 ip:192.168.151.82
2019-09-28 01:17:44,027 [main] INFO  volume.HddsVolume (HddsVolume.java:<init>(176)) - Creating Volume: /workdir/hadoop-ozone/integration-test/target/test-dir/MiniOzoneClusterImpl-8d3ed4ce-f2e5-424c-95d5-a4ae13d3a978/datanode-0/data/containers/hdds of  storage type : DISK and capacity : 1482555576320
2019-09-28 01:17:44,027 [main] INFO  volume.VolumeSet (VolumeSet.java:initializeVolumeSet(170)) - Added Volume : /workdir/hadoop-ozone/integration-test/target/test-dir/MiniOzoneClusterImpl-8d3ed4ce-f2e5-424c-95d5-a4ae13d3a978/datanode-0/data/containers/hdds to VolumeSet
2019-09-28 01:17:44,027 [main] INFO  volume.ThrottledAsyncChecker (ThrottledAsyncChecker.java:schedule(139)) - Scheduling a check for org.apache.hadoop.ozone.container.common.volume.HddsVolume@6393bf8b
2019-09-28 01:17:44,028 [main] INFO  volume.HddsVolumeChecker (HddsVolumeChecker.java:checkAllVolumes(202)) - Scheduled health check for volume org.apache.hadoop.ozone.container.common.volume.HddsVolume@6393bf8b
2019-09-28 01:17:44,042 [main] INFO  impl.RaftServerProxy (ConfUtils.java:logGet(43)) - raft.rpc.type = GRPC (default)
2019-09-28 01:17:44,042 [main] INFO  grpc.GrpcFactory (GrpcFactory.java:checkPooledByteBufAllocatorUseCacheForAllThreads(45)) - PERFORMANCE WARNING: useCacheForAllThreads is true that may cause Netty to create a lot garbage objects and, as a result, trigger GC.
	It is recommended to disable useCacheForAllThreads by setting -Dorg.apache.ratis.thirdparty.io.netty.allocator.useCacheForAllThreads=false in command line.
2019-09-28 01:17:44,042 [main] INFO  grpc.GrpcConfigKeys$Server (ConfUtils.java:logGet(43)) - raft.grpc.server.port = 0 (default)
2019-09-28 01:17:44,043 [main] INFO  server.GrpcService (ConfUtils.java:logGet(43)) - raft.grpc.message.size.max = 33570816 (custom)
2019-09-28 01:17:44,043 [main] INFO  server.RaftServerConfigKeys (ConfUtils.java:logGet(43)) - raft.server.log.appender.buffer.byte-limit = 33554432 (custom)
2019-09-28 01:17:44,043 [main] INFO  server.GrpcService (ConfUtils.java:logGet(43)) - raft.grpc.flow.control.window = 1MB (=1048576) (default)
2019-09-28 01:17:44,043 [main] INFO  server.RaftServerConfigKeys (ConfUtils.java:logGet(43)) - raft.server.rpc.request.timeout = 3000ms (default)
2019-09-28 01:17:44,044 [main] INFO  server.RaftServerConfigKeys (ConfUtils.java:logGet(43)) - raft.server.storage.dir = [/workdir/hadoop-ozone/integration-test/target/test-dir/MiniOzoneClusterImpl-8d3ed4ce-f2e5-424c-95d5-a4ae13d3a978/datanode-0/data/ratis] (custom)
2019-09-28 01:17:44,046 [main] INFO  hdfs.DFSUtil (DFSUtil.java:httpServerTemplateForNNAndJN(1641)) - Starting Web-server for hddsDatanode at: http://0.0.0.0:0
2019-09-28 01:17:44,047 [main] INFO  server.AuthenticationFilter (AuthenticationFilter.java:constructSecretProvider(240)) - Unable to initialize FileSignerSecretProvider, falling back to use random secrets.
2019-09-28 01:17:44,048 [main] WARN  http.HttpRequestLog (HttpRequestLog.java:getRequestLog(97)) - Jetty request log can only be enabled using Log4j
2019-09-28 01:17:44,049 [main] INFO  http.HttpServer2 (HttpServer2.java:addGlobalFilter(975)) - Added global filter 'safety' (class=org.apache.hadoop.http.HttpServer2$QuotingInputFilter)
2019-09-28 01:17:44,049 [main] INFO  http.HttpServer2 (HttpServer2.java:addFilter(948)) - Added filter static_user_filter (class=org.apache.hadoop.http.lib.StaticUserWebFilter$StaticUserFilter) to context hddsDatanode
2019-09-28 01:17:44,049 [main] INFO  http.HttpServer2 (HttpServer2.java:addFilter(958)) - Added filter static_user_filter (class=org.apache.hadoop.http.lib.StaticUserWebFilter$StaticUserFilter) to context logs
2019-09-28 01:17:44,050 [main] INFO  http.HttpServer2 (HttpServer2.java:addFilter(958)) - Added filter static_user_filter (class=org.apache.hadoop.http.lib.StaticUserWebFilter$StaticUserFilter) to context static
2019-09-28 01:17:44,050 [main] INFO  http.HttpServer2 (HttpServer2.java:bindListener(1191)) - Jetty bound to port 44529
2019-09-28 01:17:44,050 [main] INFO  server.Server (Server.java:doStart(351)) - jetty-9.3.25.v20180904, build timestamp: 2018-09-04T21:11:46Z, git hash: 3ce520221d0240229c862b122d2b06c12a625732
2019-09-28 01:17:44,052 [main] INFO  handler.ContextHandler (ContextHandler.java:doStart(781)) - Started o.e.j.s.ServletContextHandler@10244722{/logs,file:///workdir/hadoop-ozone/integration-test/target/log,AVAILABLE}
2019-09-28 01:17:44,052 [main] INFO  handler.ContextHandler (ContextHandler.java:doStart(781)) - Started o.e.j.s.ServletContextHandler@721d8ab5{/static,jar:file:/home/user/.m2/repository/org/apache/hadoop/hadoop-hdds-container-service/0.5.0-SNAPSHOT/hadoop-hdds-container-service-0.5.0-SNAPSHOT.jar!/webapps/static,AVAILABLE}
2019-09-28 01:17:44,080 [main] INFO  handler.ContextHandler (ContextHandler.java:doStart(781)) - Started o.e.j.w.WebAppContext@5ae1c281{/,file:///tmp/jetty-0.0.0.0-44529-hddsDatanode-_-any-1631063618684950744.dir/webapp/,AVAILABLE}{/hddsDatanode}
2019-09-28 01:17:44,080 [main] INFO  server.AbstractConnector (AbstractConnector.java:doStart(278)) - Started ServerConnector@4ac8768e{HTTP/1.1,[http/1.1]}{0.0.0.0:44529}
2019-09-28 01:17:44,081 [main] INFO  server.Server (Server.java:doStart(419)) - Started @292265ms
2019-09-28 01:17:44,081 [main] WARN  impl.MetricsSystemImpl (MetricsSystemImpl.java:register(276)) - Sink prometheus already exists!
2019-09-28 01:17:44,082 [main] INFO  server.BaseHttpServer (BaseHttpServer.java:updateConnectorAddress(215)) - HTTP server of HDDSDATANODE is listening at http://0.0.0.0:44529
2019-09-28 01:17:44,082 [main] INFO  impl.MetricsSystemImpl (MetricsSystemImpl.java:init(158)) - HddsDatanode metrics system started (again)
2019-09-28 01:17:44,085 [main] INFO  ozone.HddsDatanodeService (HddsDatanodeService.java:start(184)) - HddsDatanodeService host:pr-hdds-2162-8g7kw-3348123894 ip:192.168.151.82
2019-09-28 01:17:44,085 [org.apache.hadoop.util.JvmPauseMonitor$Monitor@50bed0be] INFO  util.JvmPauseMonitor (JvmPauseMonitor.java:run(188)) - Starting JVM pause monitor
2019-09-28 01:17:44,088 [Datanode State Machine Thread - 0] INFO  datanode.InitDatanodeState (InitDatanodeState.java:persistContainerDatanodeDetails(140)) - DatanodeDetails is persisted to /workdir/hadoop-ozone/integration-test/target/test-dir/MiniOzoneClusterImpl-8d3ed4ce-f2e5-424c-95d5-a4ae13d3a978/datanode-0/meta/datanode.id
2019-09-28 01:17:44,091 [main] INFO  volume.HddsVolume (HddsVolume.java:<init>(176)) - Creating Volume: /workdir/hadoop-ozone/integration-test/target/test-dir/MiniOzoneClusterImpl-8d3ed4ce-f2e5-424c-95d5-a4ae13d3a978/datanode-1/data/containers/hdds of  storage type : DISK and capacity : 1482555576320
2019-09-28 01:17:44,091 [main] INFO  volume.VolumeSet (VolumeSet.java:initializeVolumeSet(170)) - Added Volume : /workdir/hadoop-ozone/integration-test/target/test-dir/MiniOzoneClusterImpl-8d3ed4ce-f2e5-424c-95d5-a4ae13d3a978/datanode-1/data/containers/hdds to VolumeSet
2019-09-28 01:17:44,091 [main] INFO  volume.ThrottledAsyncChecker (ThrottledAsyncChecker.java:schedule(139)) - Scheduling a check for org.apache.hadoop.ozone.container.common.volume.HddsVolume@6a32191e
2019-09-28 01:17:44,092 [main] INFO  volume.HddsVolumeChecker (HddsVolumeChecker.java:checkAllVolumes(202)) - Scheduled health check for volume org.apache.hadoop.ozone.container.common.volume.HddsVolume@6a32191e
2019-09-28 01:17:44,105 [main] INFO  impl.RaftServerProxy (ConfUtils.java:logGet(43)) - raft.rpc.type = GRPC (default)
2019-09-28 01:17:44,105 [main] INFO  grpc.GrpcFactory (GrpcFactory.java:checkPooledByteBufAllocatorUseCacheForAllThreads(45)) - PERFORMANCE WARNING: useCacheForAllThreads is true that may cause Netty to create a lot garbage objects and, as a result, trigger GC.
	It is recommended to disable useCacheForAllThreads by setting -Dorg.apache.ratis.thirdparty.io.netty.allocator.useCacheForAllThreads=false in command line.
2019-09-28 01:17:44,105 [main] INFO  grpc.GrpcConfigKeys$Server (ConfUtils.java:logGet(43)) - raft.grpc.server.port = 0 (default)
2019-09-28 01:17:44,105 [main] INFO  server.GrpcService (ConfUtils.java:logGet(43)) - raft.grpc.message.size.max = 33570816 (custom)
2019-09-28 01:17:44,106 [main] INFO  server.RaftServerConfigKeys (ConfUtils.java:logGet(43)) - raft.server.log.appender.buffer.byte-limit = 33554432 (custom)
2019-09-28 01:17:44,106 [main] INFO  server.GrpcService (ConfUtils.java:logGet(43)) - raft.grpc.flow.control.window = 1MB (=1048576) (default)
2019-09-28 01:17:44,106 [main] INFO  server.RaftServerConfigKeys (ConfUtils.java:logGet(43)) - raft.server.rpc.request.timeout = 3000ms (default)
2019-09-28 01:17:44,106 [main] INFO  server.RaftServerConfigKeys (ConfUtils.java:logGet(43)) - raft.server.storage.dir = [/workdir/hadoop-ozone/integration-test/target/test-dir/MiniOzoneClusterImpl-8d3ed4ce-f2e5-424c-95d5-a4ae13d3a978/datanode-1/data/ratis] (custom)
2019-09-28 01:17:44,107 [main] INFO  hdfs.DFSUtil (DFSUtil.java:httpServerTemplateForNNAndJN(1641)) - Starting Web-server for hddsDatanode at: http://0.0.0.0:0
2019-09-28 01:17:44,108 [main] INFO  server.AuthenticationFilter (AuthenticationFilter.java:constructSecretProvider(240)) - Unable to initialize FileSignerSecretProvider, falling back to use random secrets.
2019-09-28 01:17:44,109 [main] WARN  http.HttpRequestLog (HttpRequestLog.java:getRequestLog(97)) - Jetty request log can only be enabled using Log4j
2019-09-28 01:17:44,110 [main] INFO  http.HttpServer2 (HttpServer2.java:addGlobalFilter(975)) - Added global filter 'safety' (class=org.apache.hadoop.http.HttpServer2$QuotingInputFilter)
2019-09-28 01:17:44,110 [main] INFO  http.HttpServer2 (HttpServer2.java:addFilter(948)) - Added filter static_user_filter (class=org.apache.hadoop.http.lib.StaticUserWebFilter$StaticUserFilter) to context hddsDatanode
2019-09-28 01:17:44,111 [main] INFO  http.HttpServer2 (HttpServer2.java:addFilter(958)) - Added filter static_user_filter (class=org.apache.hadoop.http.lib.StaticUserWebFilter$StaticUserFilter) to context logs
2019-09-28 01:17:44,111 [main] INFO  http.HttpServer2 (HttpServer2.java:addFilter(958)) - Added filter static_user_filter (class=org.apache.hadoop.http.lib.StaticUserWebFilter$StaticUserFilter) to context static
2019-09-28 01:17:44,111 [main] INFO  http.HttpServer2 (HttpServer2.java:bindListener(1191)) - Jetty bound to port 43001
2019-09-28 01:17:44,112 [main] INFO  server.Server (Server.java:doStart(351)) - jetty-9.3.25.v20180904, build timestamp: 2018-09-04T21:11:46Z, git hash: 3ce520221d0240229c862b122d2b06c12a625732
2019-09-28 01:17:44,113 [main] INFO  handler.ContextHandler (ContextHandler.java:doStart(781)) - Started o.e.j.s.ServletContextHandler@73afe2b7{/logs,file:///workdir/hadoop-ozone/integration-test/target/log,AVAILABLE}
2019-09-28 01:17:44,114 [main] INFO  handler.ContextHandler (ContextHandler.java:doStart(781)) - Started o.e.j.s.ServletContextHandler@5700c9db{/static,jar:file:/home/user/.m2/repository/org/apache/hadoop/hadoop-hdds-container-service/0.5.0-SNAPSHOT/hadoop-hdds-container-service-0.5.0-SNAPSHOT.jar!/webapps/static,AVAILABLE}
2019-09-28 01:17:44,141 [main] INFO  handler.ContextHandler (ContextHandler.java:doStart(781)) - Started o.e.j.w.WebAppContext@10850d17{/,file:///tmp/jetty-0.0.0.0-43001-hddsDatanode-_-any-3671407579789095581.dir/webapp/,AVAILABLE}{/hddsDatanode}
2019-09-28 01:17:44,141 [main] INFO  server.AbstractConnector (AbstractConnector.java:doStart(278)) - Started ServerConnector@51e754e1{HTTP/1.1,[http/1.1]}{0.0.0.0:43001}
2019-09-28 01:17:44,142 [main] INFO  server.Server (Server.java:doStart(419)) - Started @292326ms
2019-09-28 01:17:44,142 [main] WARN  impl.MetricsSystemImpl (MetricsSystemImpl.java:register(276)) - Sink prometheus already exists!
2019-09-28 01:17:44,143 [main] INFO  server.BaseHttpServer (BaseHttpServer.java:updateConnectorAddress(215)) - HTTP server of HDDSDATANODE is listening at http://0.0.0.0:43001
2019-09-28 01:17:44,143 [main] INFO  impl.MetricsSystemImpl (MetricsSystemImpl.java:init(158)) - HddsDatanode metrics system started (again)
2019-09-28 01:17:44,146 [main] INFO  ozone.HddsDatanodeService (HddsDatanodeService.java:start(184)) - HddsDatanodeService host:pr-hdds-2162-8g7kw-3348123894 ip:192.168.151.82
2019-09-28 01:17:44,146 [org.apache.hadoop.util.JvmPauseMonitor$Monitor@3d4ff17e] INFO  util.JvmPauseMonitor (JvmPauseMonitor.java:run(188)) - Starting JVM pause monitor
2019-09-28 01:17:44,148 [Datanode State Machine Thread - 0] INFO  datanode.InitDatanodeState (InitDatanodeState.java:persistContainerDatanodeDetails(140)) - DatanodeDetails is persisted to /workdir/hadoop-ozone/integration-test/target/test-dir/MiniOzoneClusterImpl-8d3ed4ce-f2e5-424c-95d5-a4ae13d3a978/datanode-1/meta/datanode.id
2019-09-28 01:17:44,152 [main] INFO  volume.HddsVolume (HddsVolume.java:<init>(176)) - Creating Volume: /workdir/hadoop-ozone/integration-test/target/test-dir/MiniOzoneClusterImpl-8d3ed4ce-f2e5-424c-95d5-a4ae13d3a978/datanode-2/data/containers/hdds of  storage type : DISK and capacity : 1482555576320
2019-09-28 01:17:44,152 [main] INFO  volume.VolumeSet (VolumeSet.java:initializeVolumeSet(170)) - Added Volume : /workdir/hadoop-ozone/integration-test/target/test-dir/MiniOzoneClusterImpl-8d3ed4ce-f2e5-424c-95d5-a4ae13d3a978/datanode-2/data/containers/hdds to VolumeSet
2019-09-28 01:17:44,152 [main] INFO  volume.ThrottledAsyncChecker (ThrottledAsyncChecker.java:schedule(139)) - Scheduling a check for org.apache.hadoop.ozone.container.common.volume.HddsVolume@6f347d7
2019-09-28 01:17:44,152 [main] INFO  volume.HddsVolumeChecker (HddsVolumeChecker.java:checkAllVolumes(202)) - Scheduled health check for volume org.apache.hadoop.ozone.container.common.volume.HddsVolume@6f347d7
2019-09-28 01:17:44,166 [main] INFO  impl.RaftServerProxy (ConfUtils.java:logGet(43)) - raft.rpc.type = GRPC (default)
2019-09-28 01:17:44,166 [main] INFO  grpc.GrpcFactory (GrpcFactory.java:checkPooledByteBufAllocatorUseCacheForAllThreads(45)) - PERFORMANCE WARNING: useCacheForAllThreads is true that may cause Netty to create a lot garbage objects and, as a result, trigger GC.
	It is recommended to disable useCacheForAllThreads by setting -Dorg.apache.ratis.thirdparty.io.netty.allocator.useCacheForAllThreads=false in command line.
2019-09-28 01:17:44,166 [main] INFO  grpc.GrpcConfigKeys$Server (ConfUtils.java:logGet(43)) - raft.grpc.server.port = 0 (default)
2019-09-28 01:17:44,166 [main] INFO  server.GrpcService (ConfUtils.java:logGet(43)) - raft.grpc.message.size.max = 33570816 (custom)
2019-09-28 01:17:44,166 [main] INFO  server.RaftServerConfigKeys (ConfUtils.java:logGet(43)) - raft.server.log.appender.buffer.byte-limit = 33554432 (custom)
2019-09-28 01:17:44,167 [main] INFO  server.GrpcService (ConfUtils.java:logGet(43)) - raft.grpc.flow.control.window = 1MB (=1048576) (default)
2019-09-28 01:17:44,167 [main] INFO  server.RaftServerConfigKeys (ConfUtils.java:logGet(43)) - raft.server.rpc.request.timeout = 3000ms (default)
2019-09-28 01:17:44,167 [main] INFO  server.RaftServerConfigKeys (ConfUtils.java:logGet(43)) - raft.server.storage.dir = [/workdir/hadoop-ozone/integration-test/target/test-dir/MiniOzoneClusterImpl-8d3ed4ce-f2e5-424c-95d5-a4ae13d3a978/datanode-2/data/ratis] (custom)
2019-09-28 01:17:44,168 [main] INFO  hdfs.DFSUtil (DFSUtil.java:httpServerTemplateForNNAndJN(1641)) - Starting Web-server for hddsDatanode at: http://0.0.0.0:0
2019-09-28 01:17:44,169 [main] INFO  server.AuthenticationFilter (AuthenticationFilter.java:constructSecretProvider(240)) - Unable to initialize FileSignerSecretProvider, falling back to use random secrets.
2019-09-28 01:17:44,170 [main] WARN  http.HttpRequestLog (HttpRequestLog.java:getRequestLog(97)) - Jetty request log can only be enabled using Log4j
2019-09-28 01:17:44,171 [main] INFO  http.HttpServer2 (HttpServer2.java:addGlobalFilter(975)) - Added global filter 'safety' (class=org.apache.hadoop.http.HttpServer2$QuotingInputFilter)
2019-09-28 01:17:44,171 [main] INFO  http.HttpServer2 (HttpServer2.java:addFilter(948)) - Added filter static_user_filter (class=org.apache.hadoop.http.lib.StaticUserWebFilter$StaticUserFilter) to context hddsDatanode
2019-09-28 01:17:44,172 [main] INFO  http.HttpServer2 (HttpServer2.java:addFilter(958)) - Added filter static_user_filter (class=org.apache.hadoop.http.lib.StaticUserWebFilter$StaticUserFilter) to context logs
2019-09-28 01:17:44,172 [main] INFO  http.HttpServer2 (HttpServer2.java:addFilter(958)) - Added filter static_user_filter (class=org.apache.hadoop.http.lib.StaticUserWebFilter$StaticUserFilter) to context static
2019-09-28 01:17:44,172 [main] INFO  http.HttpServer2 (HttpServer2.java:bindListener(1191)) - Jetty bound to port 40764
2019-09-28 01:17:44,173 [main] INFO  server.Server (Server.java:doStart(351)) - jetty-9.3.25.v20180904, build timestamp: 2018-09-04T21:11:46Z, git hash: 3ce520221d0240229c862b122d2b06c12a625732
2019-09-28 01:17:44,174 [main] INFO  handler.ContextHandler (ContextHandler.java:doStart(781)) - Started o.e.j.s.ServletContextHandler@1cc8416a{/logs,file:///workdir/hadoop-ozone/integration-test/target/log,AVAILABLE}
2019-09-28 01:17:44,175 [main] INFO  handler.ContextHandler (ContextHandler.java:doStart(781)) - Started o.e.j.s.ServletContextHandler@2e5e6fc4{/static,jar:file:/home/user/.m2/repository/org/apache/hadoop/hadoop-hdds-container-service/0.5.0-SNAPSHOT/hadoop-hdds-container-service-0.5.0-SNAPSHOT.jar!/webapps/static,AVAILABLE}
2019-09-28 01:17:44,202 [main] INFO  handler.ContextHandler (ContextHandler.java:doStart(781)) - Started o.e.j.w.WebAppContext@73894c5a{/,file:///tmp/jetty-0.0.0.0-40764-hddsDatanode-_-any-5753290043436252122.dir/webapp/,AVAILABLE}{/hddsDatanode}
2019-09-28 01:17:44,203 [main] INFO  server.AbstractConnector (AbstractConnector.java:doStart(278)) - Started ServerConnector@7698b7a4{HTTP/1.1,[http/1.1]}{0.0.0.0:40764}
2019-09-28 01:17:44,204 [main] INFO  server.Server (Server.java:doStart(419)) - Started @292388ms
2019-09-28 01:17:44,204 [main] WARN  impl.MetricsSystemImpl (MetricsSystemImpl.java:register(276)) - Sink prometheus already exists!
2019-09-28 01:17:44,205 [main] INFO  server.BaseHttpServer (BaseHttpServer.java:updateConnectorAddress(215)) - HTTP server of HDDSDATANODE is listening at http://0.0.0.0:40764
2019-09-28 01:17:44,205 [main] INFO  impl.MetricsSystemImpl (MetricsSystemImpl.java:init(158)) - HddsDatanode metrics system started (again)
2019-09-28 01:17:44,208 [main] INFO  ozone.HddsDatanodeService (HddsDatanodeService.java:start(184)) - HddsDatanodeService host:pr-hdds-2162-8g7kw-3348123894 ip:192.168.151.82
2019-09-28 01:17:44,208 [org.apache.hadoop.util.JvmPauseMonitor$Monitor@4b1d4a76] INFO  util.JvmPauseMonitor (JvmPauseMonitor.java:run(188)) - Starting JVM pause monitor
2019-09-28 01:17:44,210 [Datanode State Machine Thread - 0] INFO  datanode.InitDatanodeState (InitDatanodeState.java:persistContainerDatanodeDetails(140)) - DatanodeDetails is persisted to /workdir/hadoop-ozone/integration-test/target/test-dir/MiniOzoneClusterImpl-8d3ed4ce-f2e5-424c-95d5-a4ae13d3a978/datanode-2/meta/datanode.id
2019-09-28 01:17:44,214 [main] INFO  volume.HddsVolume (HddsVolume.java:<init>(176)) - Creating Volume: /workdir/hadoop-ozone/integration-test/target/test-dir/MiniOzoneClusterImpl-8d3ed4ce-f2e5-424c-95d5-a4ae13d3a978/datanode-3/data/containers/hdds of  storage type : DISK and capacity : 1482555576320
2019-09-28 01:17:44,214 [main] INFO  volume.VolumeSet (VolumeSet.java:initializeVolumeSet(170)) - Added Volume : /workdir/hadoop-ozone/integration-test/target/test-dir/MiniOzoneClusterImpl-8d3ed4ce-f2e5-424c-95d5-a4ae13d3a978/datanode-3/data/containers/hdds to VolumeSet
2019-09-28 01:17:44,214 [main] INFO  volume.ThrottledAsyncChecker (ThrottledAsyncChecker.java:schedule(139)) - Scheduling a check for org.apache.hadoop.ozone.container.common.volume.HddsVolume@4c6a4ffd
2019-09-28 01:17:44,215 [main] INFO  volume.HddsVolumeChecker (HddsVolumeChecker.java:checkAllVolumes(202)) - Scheduled health check for volume org.apache.hadoop.ozone.container.common.volume.HddsVolume@4c6a4ffd
2019-09-28 01:17:44,227 [main] INFO  impl.RaftServerProxy (ConfUtils.java:logGet(43)) - raft.rpc.type = GRPC (default)
2019-09-28 01:17:44,228 [main] INFO  grpc.GrpcFactory (GrpcFactory.java:checkPooledByteBufAllocatorUseCacheForAllThreads(45)) - PERFORMANCE WARNING: useCacheForAllThreads is true that may cause Netty to create a lot garbage objects and, as a result, trigger GC.
	It is recommended to disable useCacheForAllThreads by setting -Dorg.apache.ratis.thirdparty.io.netty.allocator.useCacheForAllThreads=false in command line.
2019-09-28 01:17:44,228 [main] INFO  grpc.GrpcConfigKeys$Server (ConfUtils.java:logGet(43)) - raft.grpc.server.port = 0 (default)
2019-09-28 01:17:44,228 [main] INFO  server.GrpcService (ConfUtils.java:logGet(43)) - raft.grpc.message.size.max = 33570816 (custom)
2019-09-28 01:17:44,228 [main] INFO  server.RaftServerConfigKeys (ConfUtils.java:logGet(43)) - raft.server.log.appender.buffer.byte-limit = 33554432 (custom)
2019-09-28 01:17:44,228 [main] INFO  server.GrpcService (ConfUtils.java:logGet(43)) - raft.grpc.flow.control.window = 1MB (=1048576) (default)
2019-09-28 01:17:44,229 [main] INFO  server.RaftServerConfigKeys (ConfUtils.java:logGet(43)) - raft.server.rpc.request.timeout = 3000ms (default)
2019-09-28 01:17:44,229 [main] INFO  server.RaftServerConfigKeys (ConfUtils.java:logGet(43)) - raft.server.storage.dir = [/workdir/hadoop-ozone/integration-test/target/test-dir/MiniOzoneClusterImpl-8d3ed4ce-f2e5-424c-95d5-a4ae13d3a978/datanode-3/data/ratis] (custom)
2019-09-28 01:17:44,230 [main] INFO  hdfs.DFSUtil (DFSUtil.java:httpServerTemplateForNNAndJN(1641)) - Starting Web-server for hddsDatanode at: http://0.0.0.0:0
2019-09-28 01:17:44,231 [main] INFO  server.AuthenticationFilter (AuthenticationFilter.java:constructSecretProvider(240)) - Unable to initialize FileSignerSecretProvider, falling back to use random secrets.
2019-09-28 01:17:44,232 [main] WARN  http.HttpRequestLog (HttpRequestLog.java:getRequestLog(97)) - Jetty request log can only be enabled using Log4j
2019-09-28 01:17:44,233 [main] INFO  http.HttpServer2 (HttpServer2.java:addGlobalFilter(975)) - Added global filter 'safety' (class=org.apache.hadoop.http.HttpServer2$QuotingInputFilter)
2019-09-28 01:17:44,233 [main] INFO  http.HttpServer2 (HttpServer2.java:addFilter(948)) - Added filter static_user_filter (class=org.apache.hadoop.http.lib.StaticUserWebFilter$StaticUserFilter) to context hddsDatanode
2019-09-28 01:17:44,233 [main] INFO  http.HttpServer2 (HttpServer2.java:addFilter(958)) - Added filter static_user_filter (class=org.apache.hadoop.http.lib.StaticUserWebFilter$StaticUserFilter) to context static
2019-09-28 01:17:44,234 [main] INFO  http.HttpServer2 (HttpServer2.java:addFilter(958)) - Added filter static_user_filter (class=org.apache.hadoop.http.lib.StaticUserWebFilter$StaticUserFilter) to context logs
2019-09-28 01:17:44,234 [main] INFO  http.HttpServer2 (HttpServer2.java:bindListener(1191)) - Jetty bound to port 34404
2019-09-28 01:17:44,234 [main] INFO  server.Server (Server.java:doStart(351)) - jetty-9.3.25.v20180904, build timestamp: 2018-09-04T21:11:46Z, git hash: 3ce520221d0240229c862b122d2b06c12a625732
2019-09-28 01:17:44,236 [main] INFO  handler.ContextHandler (ContextHandler.java:doStart(781)) - Started o.e.j.s.ServletContextHandler@536b71b4{/logs,file:///workdir/hadoop-ozone/integration-test/target/log,AVAILABLE}
2019-09-28 01:17:44,236 [main] INFO  handler.ContextHandler (ContextHandler.java:doStart(781)) - Started o.e.j.s.ServletContextHandler@39941489{/static,jar:file:/home/user/.m2/repository/org/apache/hadoop/hadoop-hdds-container-service/0.5.0-SNAPSHOT/hadoop-hdds-container-service-0.5.0-SNAPSHOT.jar!/webapps/static,AVAILABLE}
2019-09-28 01:17:44,263 [main] INFO  handler.ContextHandler (ContextHandler.java:doStart(781)) - Started o.e.j.w.WebAppContext@23ad71bf{/,file:///tmp/jetty-0.0.0.0-34404-hddsDatanode-_-any-5121857416949470700.dir/webapp/,AVAILABLE}{/hddsDatanode}
2019-09-28 01:17:44,264 [main] INFO  server.AbstractConnector (AbstractConnector.java:doStart(278)) - Started ServerConnector@1983b48a{HTTP/1.1,[http/1.1]}{0.0.0.0:34404}
2019-09-28 01:17:44,265 [main] INFO  server.Server (Server.java:doStart(419)) - Started @292449ms
2019-09-28 01:17:44,265 [main] WARN  impl.MetricsSystemImpl (MetricsSystemImpl.java:register(276)) - Sink prometheus already exists!
2019-09-28 01:17:44,266 [main] INFO  server.BaseHttpServer (BaseHttpServer.java:updateConnectorAddress(215)) - HTTP server of HDDSDATANODE is listening at http://0.0.0.0:34404
2019-09-28 01:17:44,266 [main] INFO  impl.MetricsSystemImpl (MetricsSystemImpl.java:init(158)) - HddsDatanode metrics system started (again)
2019-09-28 01:17:44,270 [org.apache.hadoop.util.JvmPauseMonitor$Monitor@5220d3cd] INFO  util.JvmPauseMonitor (JvmPauseMonitor.java:run(188)) - Starting JVM pause monitor
2019-09-28 01:17:44,270 [main] INFO  ozone.HddsDatanodeService (HddsDatanodeService.java:start(184)) - HddsDatanodeService host:pr-hdds-2162-8g7kw-3348123894 ip:192.168.151.82
2019-09-28 01:17:44,272 [Datanode State Machine Thread - 0] INFO  datanode.InitDatanodeState (InitDatanodeState.java:persistContainerDatanodeDetails(140)) - DatanodeDetails is persisted to /workdir/hadoop-ozone/integration-test/target/test-dir/MiniOzoneClusterImpl-8d3ed4ce-f2e5-424c-95d5-a4ae13d3a978/datanode-3/meta/datanode.id
2019-09-28 01:17:44,276 [main] INFO  volume.HddsVolume (HddsVolume.java:<init>(176)) - Creating Volume: /workdir/hadoop-ozone/integration-test/target/test-dir/MiniOzoneClusterImpl-8d3ed4ce-f2e5-424c-95d5-a4ae13d3a978/datanode-4/data/containers/hdds of  storage type : DISK and capacity : 1482555576320
2019-09-28 01:17:44,276 [main] INFO  volume.VolumeSet (VolumeSet.java:initializeVolumeSet(170)) - Added Volume : /workdir/hadoop-ozone/integration-test/target/test-dir/MiniOzoneClusterImpl-8d3ed4ce-f2e5-424c-95d5-a4ae13d3a978/datanode-4/data/containers/hdds to VolumeSet
2019-09-28 01:17:44,276 [main] INFO  volume.ThrottledAsyncChecker (ThrottledAsyncChecker.java:schedule(139)) - Scheduling a check for org.apache.hadoop.ozone.container.common.volume.HddsVolume@6b357eb6
2019-09-28 01:17:44,277 [main] INFO  volume.HddsVolumeChecker (HddsVolumeChecker.java:checkAllVolumes(202)) - Scheduled health check for volume org.apache.hadoop.ozone.container.common.volume.HddsVolume@6b357eb6
2019-09-28 01:17:44,289 [main] INFO  impl.RaftServerProxy (ConfUtils.java:logGet(43)) - raft.rpc.type = GRPC (default)
2019-09-28 01:17:44,290 [main] INFO  grpc.GrpcFactory (GrpcFactory.java:checkPooledByteBufAllocatorUseCacheForAllThreads(45)) - PERFORMANCE WARNING: useCacheForAllThreads is true that may cause Netty to create a lot garbage objects and, as a result, trigger GC.
	It is recommended to disable useCacheForAllThreads by setting -Dorg.apache.ratis.thirdparty.io.netty.allocator.useCacheForAllThreads=false in command line.
2019-09-28 01:17:44,290 [main] INFO  grpc.GrpcConfigKeys$Server (ConfUtils.java:logGet(43)) - raft.grpc.server.port = 0 (default)
2019-09-28 01:17:44,290 [main] INFO  server.GrpcService (ConfUtils.java:logGet(43)) - raft.grpc.message.size.max = 33570816 (custom)
2019-09-28 01:17:44,290 [main] INFO  server.RaftServerConfigKeys (ConfUtils.java:logGet(43)) - raft.server.log.appender.buffer.byte-limit = 33554432 (custom)
2019-09-28 01:17:44,290 [main] INFO  server.GrpcService (ConfUtils.java:logGet(43)) - raft.grpc.flow.control.window = 1MB (=1048576) (default)
2019-09-28 01:17:44,291 [main] INFO  server.RaftServerConfigKeys (ConfUtils.java:logGet(43)) - raft.server.rpc.request.timeout = 3000ms (default)
2019-09-28 01:17:44,291 [main] INFO  server.RaftServerConfigKeys (ConfUtils.java:logGet(43)) - raft.server.storage.dir = [/workdir/hadoop-ozone/integration-test/target/test-dir/MiniOzoneClusterImpl-8d3ed4ce-f2e5-424c-95d5-a4ae13d3a978/datanode-4/data/ratis] (custom)
2019-09-28 01:17:44,292 [main] INFO  hdfs.DFSUtil (DFSUtil.java:httpServerTemplateForNNAndJN(1641)) - Starting Web-server for hddsDatanode at: http://0.0.0.0:0
2019-09-28 01:17:44,293 [main] INFO  server.AuthenticationFilter (AuthenticationFilter.java:constructSecretProvider(240)) - Unable to initialize FileSignerSecretProvider, falling back to use random secrets.
2019-09-28 01:17:44,293 [main] WARN  http.HttpRequestLog (HttpRequestLog.java:getRequestLog(97)) - Jetty request log can only be enabled using Log4j
2019-09-28 01:17:44,295 [main] INFO  http.HttpServer2 (HttpServer2.java:addGlobalFilter(975)) - Added global filter 'safety' (class=org.apache.hadoop.http.HttpServer2$QuotingInputFilter)
2019-09-28 01:17:44,295 [main] INFO  http.HttpServer2 (HttpServer2.java:addFilter(948)) - Added filter static_user_filter (class=org.apache.hadoop.http.lib.StaticUserWebFilter$StaticUserFilter) to context hddsDatanode
2019-09-28 01:17:44,295 [main] INFO  http.HttpServer2 (HttpServer2.java:addFilter(958)) - Added filter static_user_filter (class=org.apache.hadoop.http.lib.StaticUserWebFilter$StaticUserFilter) to context logs
2019-09-28 01:17:44,295 [main] INFO  http.HttpServer2 (HttpServer2.java:addFilter(958)) - Added filter static_user_filter (class=org.apache.hadoop.http.lib.StaticUserWebFilter$StaticUserFilter) to context static
2019-09-28 01:17:44,296 [main] INFO  http.HttpServer2 (HttpServer2.java:bindListener(1191)) - Jetty bound to port 35812
2019-09-28 01:17:44,296 [main] INFO  server.Server (Server.java:doStart(351)) - jetty-9.3.25.v20180904, build timestamp: 2018-09-04T21:11:46Z, git hash: 3ce520221d0240229c862b122d2b06c12a625732
2019-09-28 01:17:44,298 [main] INFO  handler.ContextHandler (ContextHandler.java:doStart(781)) - Started o.e.j.s.ServletContextHandler@1eb9a3ef{/logs,file:///workdir/hadoop-ozone/integration-test/target/log,AVAILABLE}
2019-09-28 01:17:44,298 [main] INFO  handler.ContextHandler (ContextHandler.java:doStart(781)) - Started o.e.j.s.ServletContextHandler@298b64f7{/static,jar:file:/home/user/.m2/repository/org/apache/hadoop/hadoop-hdds-container-service/0.5.0-SNAPSHOT/hadoop-hdds-container-service-0.5.0-SNAPSHOT.jar!/webapps/static,AVAILABLE}
2019-09-28 01:17:44,325 [main] INFO  handler.ContextHandler (ContextHandler.java:doStart(781)) - Started o.e.j.w.WebAppContext@30bf26df{/,file:///tmp/jetty-0.0.0.0-35812-hddsDatanode-_-any-1574225536890497219.dir/webapp/,AVAILABLE}{/hddsDatanode}
2019-09-28 01:17:44,326 [main] INFO  server.AbstractConnector (AbstractConnector.java:doStart(278)) - Started ServerConnector@261bd7b{HTTP/1.1,[http/1.1]}{0.0.0.0:35812}
2019-09-28 01:17:44,327 [main] INFO  server.Server (Server.java:doStart(419)) - Started @292511ms
2019-09-28 01:17:44,327 [main] WARN  impl.MetricsSystemImpl (MetricsSystemImpl.java:register(276)) - Sink prometheus already exists!
2019-09-28 01:17:44,328 [main] INFO  server.BaseHttpServer (BaseHttpServer.java:updateConnectorAddress(215)) - HTTP server of HDDSDATANODE is listening at http://0.0.0.0:35812
2019-09-28 01:17:44,328 [main] INFO  impl.MetricsSystemImpl (MetricsSystemImpl.java:init(158)) - HddsDatanode metrics system started (again)
2019-09-28 01:17:44,331 [org.apache.hadoop.util.JvmPauseMonitor$Monitor@512f29c2] INFO  util.JvmPauseMonitor (JvmPauseMonitor.java:run(188)) - Starting JVM pause monitor
2019-09-28 01:17:44,331 [main] INFO  ozone.HddsDatanodeService (HddsDatanodeService.java:start(184)) - HddsDatanodeService host:pr-hdds-2162-8g7kw-3348123894 ip:192.168.151.82
2019-09-28 01:17:44,334 [Datanode State Machine Thread - 0] INFO  datanode.InitDatanodeState (InitDatanodeState.java:persistContainerDatanodeDetails(140)) - DatanodeDetails is persisted to /workdir/hadoop-ozone/integration-test/target/test-dir/MiniOzoneClusterImpl-8d3ed4ce-f2e5-424c-95d5-a4ae13d3a978/datanode-4/meta/datanode.id
2019-09-28 01:17:44,337 [main] INFO  volume.HddsVolume (HddsVolume.java:<init>(176)) - Creating Volume: /workdir/hadoop-ozone/integration-test/target/test-dir/MiniOzoneClusterImpl-8d3ed4ce-f2e5-424c-95d5-a4ae13d3a978/datanode-5/data/containers/hdds of  storage type : DISK and capacity : 1482555576320
2019-09-28 01:17:44,338 [main] INFO  volume.VolumeSet (VolumeSet.java:initializeVolumeSet(170)) - Added Volume : /workdir/hadoop-ozone/integration-test/target/test-dir/MiniOzoneClusterImpl-8d3ed4ce-f2e5-424c-95d5-a4ae13d3a978/datanode-5/data/containers/hdds to VolumeSet
2019-09-28 01:17:44,338 [main] INFO  volume.ThrottledAsyncChecker (ThrottledAsyncChecker.java:schedule(139)) - Scheduling a check for org.apache.hadoop.ozone.container.common.volume.HddsVolume@75fe1619
2019-09-28 01:17:44,338 [main] INFO  volume.HddsVolumeChecker (HddsVolumeChecker.java:checkAllVolumes(202)) - Scheduled health check for volume org.apache.hadoop.ozone.container.common.volume.HddsVolume@75fe1619
2019-09-28 01:17:44,351 [main] INFO  impl.RaftServerProxy (ConfUtils.java:logGet(43)) - raft.rpc.type = GRPC (default)
2019-09-28 01:17:44,352 [main] INFO  grpc.GrpcFactory (GrpcFactory.java:checkPooledByteBufAllocatorUseCacheForAllThreads(45)) - PERFORMANCE WARNING: useCacheForAllThreads is true that may cause Netty to create a lot garbage objects and, as a result, trigger GC.
	It is recommended to disable useCacheForAllThreads by setting -Dorg.apache.ratis.thirdparty.io.netty.allocator.useCacheForAllThreads=false in command line.
2019-09-28 01:17:44,352 [main] INFO  grpc.GrpcConfigKeys$Server (ConfUtils.java:logGet(43)) - raft.grpc.server.port = 0 (default)
2019-09-28 01:17:44,352 [main] INFO  server.GrpcService (ConfUtils.java:logGet(43)) - raft.grpc.message.size.max = 33570816 (custom)
2019-09-28 01:17:44,352 [main] INFO  server.RaftServerConfigKeys (ConfUtils.java:logGet(43)) - raft.server.log.appender.buffer.byte-limit = 33554432 (custom)
2019-09-28 01:17:44,352 [main] INFO  server.GrpcService (ConfUtils.java:logGet(43)) - raft.grpc.flow.control.window = 1MB (=1048576) (default)
2019-09-28 01:17:44,353 [main] INFO  server.RaftServerConfigKeys (ConfUtils.java:logGet(43)) - raft.server.rpc.request.timeout = 3000ms (default)
2019-09-28 01:17:44,353 [main] INFO  server.RaftServerConfigKeys (ConfUtils.java:logGet(43)) - raft.server.storage.dir = [/workdir/hadoop-ozone/integration-test/target/test-dir/MiniOzoneClusterImpl-8d3ed4ce-f2e5-424c-95d5-a4ae13d3a978/datanode-5/data/ratis] (custom)
2019-09-28 01:17:44,354 [main] INFO  hdfs.DFSUtil (DFSUtil.java:httpServerTemplateForNNAndJN(1641)) - Starting Web-server for hddsDatanode at: http://0.0.0.0:0
2019-09-28 01:17:44,355 [main] INFO  server.AuthenticationFilter (AuthenticationFilter.java:constructSecretProvider(240)) - Unable to initialize FileSignerSecretProvider, falling back to use random secrets.
2019-09-28 01:17:44,356 [main] WARN  http.HttpRequestLog (HttpRequestLog.java:getRequestLog(97)) - Jetty request log can only be enabled using Log4j
2019-09-28 01:17:44,357 [main] INFO  http.HttpServer2 (HttpServer2.java:addGlobalFilter(975)) - Added global filter 'safety' (class=org.apache.hadoop.http.HttpServer2$QuotingInputFilter)
2019-09-28 01:17:44,357 [main] INFO  http.HttpServer2 (HttpServer2.java:addFilter(948)) - Added filter static_user_filter (class=org.apache.hadoop.http.lib.StaticUserWebFilter$StaticUserFilter) to context hddsDatanode
2019-09-28 01:17:44,358 [main] INFO  http.HttpServer2 (HttpServer2.java:addFilter(958)) - Added filter static_user_filter (class=org.apache.hadoop.http.lib.StaticUserWebFilter$StaticUserFilter) to context logs
2019-09-28 01:17:44,358 [main] INFO  http.HttpServer2 (HttpServer2.java:addFilter(958)) - Added filter static_user_filter (class=org.apache.hadoop.http.lib.StaticUserWebFilter$StaticUserFilter) to context static
2019-09-28 01:17:44,358 [main] INFO  http.HttpServer2 (HttpServer2.java:bindListener(1191)) - Jetty bound to port 46483
2019-09-28 01:17:44,358 [main] INFO  server.Server (Server.java:doStart(351)) - jetty-9.3.25.v20180904, build timestamp: 2018-09-04T21:11:46Z, git hash: 3ce520221d0240229c862b122d2b06c12a625732
2019-09-28 01:17:44,360 [main] INFO  handler.ContextHandler (ContextHandler.java:doStart(781)) - Started o.e.j.s.ServletContextHandler@6dce59e{/logs,file:///workdir/hadoop-ozone/integration-test/target/log,AVAILABLE}
2019-09-28 01:17:44,361 [main] INFO  handler.ContextHandler (ContextHandler.java:doStart(781)) - Started o.e.j.s.ServletContextHandler@5ad6cc21{/static,jar:file:/home/user/.m2/repository/org/apache/hadoop/hadoop-hdds-container-service/0.5.0-SNAPSHOT/hadoop-hdds-container-service-0.5.0-SNAPSHOT.jar!/webapps/static,AVAILABLE}
2019-09-28 01:17:44,388 [main] INFO  handler.ContextHandler (ContextHandler.java:doStart(781)) - Started o.e.j.w.WebAppContext@33f2cfda{/,file:///tmp/jetty-0.0.0.0-46483-hddsDatanode-_-any-5391943371034342686.dir/webapp/,AVAILABLE}{/hddsDatanode}
2019-09-28 01:17:44,388 [main] INFO  server.AbstractConnector (AbstractConnector.java:doStart(278)) - Started ServerConnector@68ef01a5{HTTP/1.1,[http/1.1]}{0.0.0.0:46483}
2019-09-28 01:17:44,389 [main] INFO  server.Server (Server.java:doStart(419)) - Started @292573ms
2019-09-28 01:17:44,389 [main] WARN  impl.MetricsSystemImpl (MetricsSystemImpl.java:register(276)) - Sink prometheus already exists!
2019-09-28 01:17:44,390 [main] INFO  server.BaseHttpServer (BaseHttpServer.java:updateConnectorAddress(215)) - HTTP server of HDDSDATANODE is listening at http://0.0.0.0:46483
2019-09-28 01:17:44,390 [main] INFO  impl.MetricsSystemImpl (MetricsSystemImpl.java:init(158)) - HddsDatanode metrics system started (again)
2019-09-28 01:17:44,394 [org.apache.hadoop.util.JvmPauseMonitor$Monitor@25f9e93f] INFO  util.JvmPauseMonitor (JvmPauseMonitor.java:run(188)) - Starting JVM pause monitor
2019-09-28 01:17:44,394 [main] INFO  ozone.HddsDatanodeService (HddsDatanodeService.java:start(184)) - HddsDatanodeService host:pr-hdds-2162-8g7kw-3348123894 ip:192.168.151.82
2019-09-28 01:17:44,396 [Datanode State Machine Thread - 0] INFO  datanode.InitDatanodeState (InitDatanodeState.java:persistContainerDatanodeDetails(140)) - DatanodeDetails is persisted to /workdir/hadoop-ozone/integration-test/target/test-dir/MiniOzoneClusterImpl-8d3ed4ce-f2e5-424c-95d5-a4ae13d3a978/datanode-5/meta/datanode.id
2019-09-28 01:17:44,401 [main] INFO  volume.HddsVolume (HddsVolume.java:<init>(176)) - Creating Volume: /workdir/hadoop-ozone/integration-test/target/test-dir/MiniOzoneClusterImpl-8d3ed4ce-f2e5-424c-95d5-a4ae13d3a978/datanode-6/data/containers/hdds of  storage type : DISK and capacity : 1482555576320
2019-09-28 01:17:44,401 [main] INFO  volume.VolumeSet (VolumeSet.java:initializeVolumeSet(170)) - Added Volume : /workdir/hadoop-ozone/integration-test/target/test-dir/MiniOzoneClusterImpl-8d3ed4ce-f2e5-424c-95d5-a4ae13d3a978/datanode-6/data/containers/hdds to VolumeSet
2019-09-28 01:17:44,401 [main] INFO  volume.ThrottledAsyncChecker (ThrottledAsyncChecker.java:schedule(139)) - Scheduling a check for org.apache.hadoop.ozone.container.common.volume.HddsVolume@151ab2b9
2019-09-28 01:17:44,402 [main] INFO  volume.HddsVolumeChecker (HddsVolumeChecker.java:checkAllVolumes(202)) - Scheduled health check for volume org.apache.hadoop.ozone.container.common.volume.HddsVolume@151ab2b9
2019-09-28 01:17:44,415 [main] INFO  impl.RaftServerProxy (ConfUtils.java:logGet(43)) - raft.rpc.type = GRPC (default)
2019-09-28 01:17:44,415 [main] INFO  grpc.GrpcFactory (GrpcFactory.java:checkPooledByteBufAllocatorUseCacheForAllThreads(45)) - PERFORMANCE WARNING: useCacheForAllThreads is true that may cause Netty to create a lot garbage objects and, as a result, trigger GC.
	It is recommended to disable useCacheForAllThreads by setting -Dorg.apache.ratis.thirdparty.io.netty.allocator.useCacheForAllThreads=false in command line.
2019-09-28 01:17:44,415 [main] INFO  grpc.GrpcConfigKeys$Server (ConfUtils.java:logGet(43)) - raft.grpc.server.port = 0 (default)
2019-09-28 01:17:44,416 [main] INFO  server.GrpcService (ConfUtils.java:logGet(43)) - raft.grpc.message.size.max = 33570816 (custom)
2019-09-28 01:17:44,416 [main] INFO  server.RaftServerConfigKeys (ConfUtils.java:logGet(43)) - raft.server.log.appender.buffer.byte-limit = 33554432 (custom)
2019-09-28 01:17:44,416 [main] INFO  server.GrpcService (ConfUtils.java:logGet(43)) - raft.grpc.flow.control.window = 1MB (=1048576) (default)
2019-09-28 01:17:44,416 [main] INFO  server.RaftServerConfigKeys (ConfUtils.java:logGet(43)) - raft.server.rpc.request.timeout = 3000ms (default)
2019-09-28 01:17:44,417 [main] INFO  server.RaftServerConfigKeys (ConfUtils.java:logGet(43)) - raft.server.storage.dir = [/workdir/hadoop-ozone/integration-test/target/test-dir/MiniOzoneClusterImpl-8d3ed4ce-f2e5-424c-95d5-a4ae13d3a978/datanode-6/data/ratis] (custom)
2019-09-28 01:17:44,418 [main] INFO  hdfs.DFSUtil (DFSUtil.java:httpServerTemplateForNNAndJN(1641)) - Starting Web-server for hddsDatanode at: http://0.0.0.0:0
2019-09-28 01:17:44,419 [main] INFO  server.AuthenticationFilter (AuthenticationFilter.java:constructSecretProvider(240)) - Unable to initialize FileSignerSecretProvider, falling back to use random secrets.
2019-09-28 01:17:44,419 [main] WARN  http.HttpRequestLog (HttpRequestLog.java:getRequestLog(97)) - Jetty request log can only be enabled using Log4j
2019-09-28 01:17:44,420 [main] INFO  http.HttpServer2 (HttpServer2.java:addGlobalFilter(975)) - Added global filter 'safety' (class=org.apache.hadoop.http.HttpServer2$QuotingInputFilter)
2019-09-28 01:17:44,421 [main] INFO  http.HttpServer2 (HttpServer2.java:addFilter(948)) - Added filter static_user_filter (class=org.apache.hadoop.http.lib.StaticUserWebFilter$StaticUserFilter) to context hddsDatanode
2019-09-28 01:17:44,421 [main] INFO  http.HttpServer2 (HttpServer2.java:addFilter(958)) - Added filter static_user_filter (class=org.apache.hadoop.http.lib.StaticUserWebFilter$StaticUserFilter) to context logs
2019-09-28 01:17:44,421 [main] INFO  http.HttpServer2 (HttpServer2.java:addFilter(958)) - Added filter static_user_filter (class=org.apache.hadoop.http.lib.StaticUserWebFilter$StaticUserFilter) to context static
2019-09-28 01:17:44,422 [main] INFO  http.HttpServer2 (HttpServer2.java:bindListener(1191)) - Jetty bound to port 46488
2019-09-28 01:17:44,422 [main] INFO  server.Server (Server.java:doStart(351)) - jetty-9.3.25.v20180904, build timestamp: 2018-09-04T21:11:46Z, git hash: 3ce520221d0240229c862b122d2b06c12a625732
2019-09-28 01:17:44,424 [main] INFO  handler.ContextHandler (ContextHandler.java:doStart(781)) - Started o.e.j.s.ServletContextHandler@7e8279e5{/logs,file:///workdir/hadoop-ozone/integration-test/target/log,AVAILABLE}
2019-09-28 01:17:44,424 [main] INFO  handler.ContextHandler (ContextHandler.java:doStart(781)) - Started o.e.j.s.ServletContextHandler@3caafa67{/static,jar:file:/home/user/.m2/repository/org/apache/hadoop/hadoop-hdds-container-service/0.5.0-SNAPSHOT/hadoop-hdds-container-service-0.5.0-SNAPSHOT.jar!/webapps/static,AVAILABLE}
2019-09-28 01:17:44,451 [main] INFO  handler.ContextHandler (ContextHandler.java:doStart(781)) - Started o.e.j.w.WebAppContext@5f0a2638{/,file:///tmp/jetty-0.0.0.0-46488-hddsDatanode-_-any-7108537307210823479.dir/webapp/,AVAILABLE}{/hddsDatanode}
2019-09-28 01:17:44,451 [main] INFO  server.AbstractConnector (AbstractConnector.java:doStart(278)) - Started ServerConnector@5382184b{HTTP/1.1,[http/1.1]}{0.0.0.0:46488}
2019-09-28 01:17:44,453 [main] INFO  server.Server (Server.java:doStart(419)) - Started @292636ms
2019-09-28 01:17:44,453 [main] WARN  impl.MetricsSystemImpl (MetricsSystemImpl.java:register(276)) - Sink prometheus already exists!
2019-09-28 01:17:44,453 [main] INFO  server.BaseHttpServer (BaseHttpServer.java:updateConnectorAddress(215)) - HTTP server of HDDSDATANODE is listening at http://0.0.0.0:46488
2019-09-28 01:17:44,454 [main] INFO  impl.MetricsSystemImpl (MetricsSystemImpl.java:init(158)) - HddsDatanode metrics system started (again)
2019-09-28 01:17:44,458 [org.apache.hadoop.util.JvmPauseMonitor$Monitor@2eb3fd37] INFO  util.JvmPauseMonitor (JvmPauseMonitor.java:run(188)) - Starting JVM pause monitor
2019-09-28 01:17:44,458 [main] INFO  ozone.HddsDatanodeService (HddsDatanodeService.java:start(184)) - HddsDatanodeService host:pr-hdds-2162-8g7kw-3348123894 ip:192.168.151.82
2019-09-28 01:17:44,460 [Datanode State Machine Thread - 0] INFO  datanode.InitDatanodeState (InitDatanodeState.java:persistContainerDatanodeDetails(140)) - DatanodeDetails is persisted to /workdir/hadoop-ozone/integration-test/target/test-dir/MiniOzoneClusterImpl-8d3ed4ce-f2e5-424c-95d5-a4ae13d3a978/datanode-6/meta/datanode.id
2019-09-28 01:17:44,465 [main] INFO  volume.HddsVolume (HddsVolume.java:<init>(176)) - Creating Volume: /workdir/hadoop-ozone/integration-test/target/test-dir/MiniOzoneClusterImpl-8d3ed4ce-f2e5-424c-95d5-a4ae13d3a978/datanode-7/data/containers/hdds of  storage type : DISK and capacity : 1482555576320
2019-09-28 01:17:44,465 [main] INFO  volume.VolumeSet (VolumeSet.java:initializeVolumeSet(170)) - Added Volume : /workdir/hadoop-ozone/integration-test/target/test-dir/MiniOzoneClusterImpl-8d3ed4ce-f2e5-424c-95d5-a4ae13d3a978/datanode-7/data/containers/hdds to VolumeSet
2019-09-28 01:17:44,465 [main] INFO  volume.ThrottledAsyncChecker (ThrottledAsyncChecker.java:schedule(139)) - Scheduling a check for org.apache.hadoop.ozone.container.common.volume.HddsVolume@44286963
2019-09-28 01:17:44,466 [main] INFO  volume.HddsVolumeChecker (HddsVolumeChecker.java:checkAllVolumes(202)) - Scheduled health check for volume org.apache.hadoop.ozone.container.common.volume.HddsVolume@44286963
2019-09-28 01:17:44,479 [main] INFO  impl.RaftServerProxy (ConfUtils.java:logGet(43)) - raft.rpc.type = GRPC (default)
2019-09-28 01:17:44,480 [main] INFO  grpc.GrpcFactory (GrpcFactory.java:checkPooledByteBufAllocatorUseCacheForAllThreads(45)) - PERFORMANCE WARNING: useCacheForAllThreads is true that may cause Netty to create a lot garbage objects and, as a result, trigger GC.
	It is recommended to disable useCacheForAllThreads by setting -Dorg.apache.ratis.thirdparty.io.netty.allocator.useCacheForAllThreads=false in command line.
2019-09-28 01:17:44,480 [main] INFO  grpc.GrpcConfigKeys$Server (ConfUtils.java:logGet(43)) - raft.grpc.server.port = 0 (default)
2019-09-28 01:17:44,480 [main] INFO  server.GrpcService (ConfUtils.java:logGet(43)) - raft.grpc.message.size.max = 33570816 (custom)
2019-09-28 01:17:44,480 [main] INFO  server.RaftServerConfigKeys (ConfUtils.java:logGet(43)) - raft.server.log.appender.buffer.byte-limit = 33554432 (custom)
2019-09-28 01:17:44,480 [main] INFO  server.GrpcService (ConfUtils.java:logGet(43)) - raft.grpc.flow.control.window = 1MB (=1048576) (default)
2019-09-28 01:17:44,481 [main] INFO  server.RaftServerConfigKeys (ConfUtils.java:logGet(43)) - raft.server.rpc.request.timeout = 3000ms (default)
2019-09-28 01:17:44,481 [main] INFO  server.RaftServerConfigKeys (ConfUtils.java:logGet(43)) - raft.server.storage.dir = [/workdir/hadoop-ozone/integration-test/target/test-dir/MiniOzoneClusterImpl-8d3ed4ce-f2e5-424c-95d5-a4ae13d3a978/datanode-7/data/ratis] (custom)
2019-09-28 01:17:44,482 [main] INFO  hdfs.DFSUtil (DFSUtil.java:httpServerTemplateForNNAndJN(1641)) - Starting Web-server for hddsDatanode at: http://0.0.0.0:0
2019-09-28 01:17:44,484 [main] INFO  server.AuthenticationFilter (AuthenticationFilter.java:constructSecretProvider(240)) - Unable to initialize FileSignerSecretProvider, falling back to use random secrets.
2019-09-28 01:17:44,484 [main] WARN  http.HttpRequestLog (HttpRequestLog.java:getRequestLog(97)) - Jetty request log can only be enabled using Log4j
2019-09-28 01:17:44,486 [main] INFO  http.HttpServer2 (HttpServer2.java:addGlobalFilter(975)) - Added global filter 'safety' (class=org.apache.hadoop.http.HttpServer2$QuotingInputFilter)
2019-09-28 01:17:44,487 [main] INFO  http.HttpServer2 (HttpServer2.java:addFilter(948)) - Added filter static_user_filter (class=org.apache.hadoop.http.lib.StaticUserWebFilter$StaticUserFilter) to context hddsDatanode
2019-09-28 01:17:44,487 [main] INFO  http.HttpServer2 (HttpServer2.java:addFilter(958)) - Added filter static_user_filter (class=org.apache.hadoop.http.lib.StaticUserWebFilter$StaticUserFilter) to context logs
2019-09-28 01:17:44,487 [main] INFO  http.HttpServer2 (HttpServer2.java:addFilter(958)) - Added filter static_user_filter (class=org.apache.hadoop.http.lib.StaticUserWebFilter$StaticUserFilter) to context static
2019-09-28 01:17:44,488 [main] INFO  http.HttpServer2 (HttpServer2.java:bindListener(1191)) - Jetty bound to port 42092
2019-09-28 01:17:44,488 [main] INFO  server.Server (Server.java:doStart(351)) - jetty-9.3.25.v20180904, build timestamp: 2018-09-04T21:11:46Z, git hash: 3ce520221d0240229c862b122d2b06c12a625732
2019-09-28 01:17:44,490 [main] INFO  handler.ContextHandler (ContextHandler.java:doStart(781)) - Started o.e.j.s.ServletContextHandler@1b3ab4f9{/logs,file:///workdir/hadoop-ozone/integration-test/target/log,AVAILABLE}
2019-09-28 01:17:44,491 [main] INFO  handler.ContextHandler (ContextHandler.java:doStart(781)) - Started o.e.j.s.ServletContextHandler@1c8f6c66{/static,jar:file:/home/user/.m2/repository/org/apache/hadoop/hadoop-hdds-container-service/0.5.0-SNAPSHOT/hadoop-hdds-container-service-0.5.0-SNAPSHOT.jar!/webapps/static,AVAILABLE}
2019-09-28 01:17:44,532 [main] INFO  handler.ContextHandler (ContextHandler.java:doStart(781)) - Started o.e.j.w.WebAppContext@2dafae61{/,file:///tmp/jetty-0.0.0.0-42092-hddsDatanode-_-any-4855115415223095105.dir/webapp/,AVAILABLE}{/hddsDatanode}
2019-09-28 01:17:44,532 [main] INFO  server.AbstractConnector (AbstractConnector.java:doStart(278)) - Started ServerConnector@7a2fce12{HTTP/1.1,[http/1.1]}{0.0.0.0:42092}
2019-09-28 01:17:44,533 [main] INFO  server.Server (Server.java:doStart(419)) - Started @292717ms
2019-09-28 01:17:44,534 [main] WARN  impl.MetricsSystemImpl (MetricsSystemImpl.java:register(276)) - Sink prometheus already exists!
2019-09-28 01:17:44,534 [main] INFO  server.BaseHttpServer (BaseHttpServer.java:updateConnectorAddress(215)) - HTTP server of HDDSDATANODE is listening at http://0.0.0.0:42092
2019-09-28 01:17:44,535 [main] INFO  impl.MetricsSystemImpl (MetricsSystemImpl.java:init(158)) - HddsDatanode metrics system started (again)
2019-09-28 01:17:44,539 [org.apache.hadoop.util.JvmPauseMonitor$Monitor@5b32b168] INFO  util.JvmPauseMonitor (JvmPauseMonitor.java:run(188)) - Starting JVM pause monitor
2019-09-28 01:17:44,539 [main] INFO  ozone.HddsDatanodeService (HddsDatanodeService.java:start(184)) - HddsDatanodeService host:pr-hdds-2162-8g7kw-3348123894 ip:192.168.151.82
2019-09-28 01:17:44,541 [Datanode State Machine Thread - 0] INFO  datanode.InitDatanodeState (InitDatanodeState.java:persistContainerDatanodeDetails(140)) - DatanodeDetails is persisted to /workdir/hadoop-ozone/integration-test/target/test-dir/MiniOzoneClusterImpl-8d3ed4ce-f2e5-424c-95d5-a4ae13d3a978/datanode-7/meta/datanode.id
2019-09-28 01:17:44,546 [main] INFO  volume.HddsVolume (HddsVolume.java:<init>(176)) - Creating Volume: /workdir/hadoop-ozone/integration-test/target/test-dir/MiniOzoneClusterImpl-8d3ed4ce-f2e5-424c-95d5-a4ae13d3a978/datanode-8/data/containers/hdds of  storage type : DISK and capacity : 1482555576320
2019-09-28 01:17:44,546 [main] INFO  volume.VolumeSet (VolumeSet.java:initializeVolumeSet(170)) - Added Volume : /workdir/hadoop-ozone/integration-test/target/test-dir/MiniOzoneClusterImpl-8d3ed4ce-f2e5-424c-95d5-a4ae13d3a978/datanode-8/data/containers/hdds to VolumeSet
2019-09-28 01:17:44,547 [main] INFO  volume.ThrottledAsyncChecker (ThrottledAsyncChecker.java:schedule(139)) - Scheduling a check for org.apache.hadoop.ozone.container.common.volume.HddsVolume@f5a7226
2019-09-28 01:17:44,547 [main] INFO  volume.HddsVolumeChecker (HddsVolumeChecker.java:checkAllVolumes(202)) - Scheduled health check for volume org.apache.hadoop.ozone.container.common.volume.HddsVolume@f5a7226
2019-09-28 01:17:44,561 [main] INFO  impl.RaftServerProxy (ConfUtils.java:logGet(43)) - raft.rpc.type = GRPC (default)
2019-09-28 01:17:44,562 [main] INFO  grpc.GrpcFactory (GrpcFactory.java:checkPooledByteBufAllocatorUseCacheForAllThreads(45)) - PERFORMANCE WARNING: useCacheForAllThreads is true that may cause Netty to create a lot garbage objects and, as a result, trigger GC.
	It is recommended to disable useCacheForAllThreads by setting -Dorg.apache.ratis.thirdparty.io.netty.allocator.useCacheForAllThreads=false in command line.
2019-09-28 01:17:44,562 [main] INFO  grpc.GrpcConfigKeys$Server (ConfUtils.java:logGet(43)) - raft.grpc.server.port = 0 (default)
2019-09-28 01:17:44,562 [main] INFO  server.GrpcService (ConfUtils.java:logGet(43)) - raft.grpc.message.size.max = 33570816 (custom)
2019-09-28 01:17:44,562 [main] INFO  server.RaftServerConfigKeys (ConfUtils.java:logGet(43)) - raft.server.log.appender.buffer.byte-limit = 33554432 (custom)
2019-09-28 01:17:44,562 [main] INFO  server.GrpcService (ConfUtils.java:logGet(43)) - raft.grpc.flow.control.window = 1MB (=1048576) (default)
2019-09-28 01:17:44,562 [main] INFO  server.RaftServerConfigKeys (ConfUtils.java:logGet(43)) - raft.server.rpc.request.timeout = 3000ms (default)
2019-09-28 01:17:44,563 [main] INFO  server.RaftServerConfigKeys (ConfUtils.java:logGet(43)) - raft.server.storage.dir = [/workdir/hadoop-ozone/integration-test/target/test-dir/MiniOzoneClusterImpl-8d3ed4ce-f2e5-424c-95d5-a4ae13d3a978/datanode-8/data/ratis] (custom)
2019-09-28 01:17:44,564 [main] INFO  hdfs.DFSUtil (DFSUtil.java:httpServerTemplateForNNAndJN(1641)) - Starting Web-server for hddsDatanode at: http://0.0.0.0:0
2019-09-28 01:17:44,565 [main] INFO  server.AuthenticationFilter (AuthenticationFilter.java:constructSecretProvider(240)) - Unable to initialize FileSignerSecretProvider, falling back to use random secrets.
2019-09-28 01:17:44,566 [main] WARN  http.HttpRequestLog (HttpRequestLog.java:getRequestLog(97)) - Jetty request log can only be enabled using Log4j
2019-09-28 01:17:44,567 [main] INFO  http.HttpServer2 (HttpServer2.java:addGlobalFilter(975)) - Added global filter 'safety' (class=org.apache.hadoop.http.HttpServer2$QuotingInputFilter)
2019-09-28 01:17:44,567 [main] INFO  http.HttpServer2 (HttpServer2.java:addFilter(948)) - Added filter static_user_filter (class=org.apache.hadoop.http.lib.StaticUserWebFilter$StaticUserFilter) to context hddsDatanode
2019-09-28 01:17:44,567 [main] INFO  http.HttpServer2 (HttpServer2.java:addFilter(958)) - Added filter static_user_filter (class=org.apache.hadoop.http.lib.StaticUserWebFilter$StaticUserFilter) to context logs
2019-09-28 01:17:44,568 [main] INFO  http.HttpServer2 (HttpServer2.java:addFilter(958)) - Added filter static_user_filter (class=org.apache.hadoop.http.lib.StaticUserWebFilter$StaticUserFilter) to context static
2019-09-28 01:17:44,568 [main] INFO  http.HttpServer2 (HttpServer2.java:bindListener(1191)) - Jetty bound to port 45252
2019-09-28 01:17:44,568 [main] INFO  server.Server (Server.java:doStart(351)) - jetty-9.3.25.v20180904, build timestamp: 2018-09-04T21:11:46Z, git hash: 3ce520221d0240229c862b122d2b06c12a625732
2019-09-28 01:17:44,570 [main] INFO  handler.ContextHandler (ContextHandler.java:doStart(781)) - Started o.e.j.s.ServletContextHandler@2eda4eeb{/logs,file:///workdir/hadoop-ozone/integration-test/target/log,AVAILABLE}
2019-09-28 01:17:44,571 [main] INFO  handler.ContextHandler (ContextHandler.java:doStart(781)) - Started o.e.j.s.ServletContextHandler@309dcdf3{/static,jar:file:/home/user/.m2/repository/org/apache/hadoop/hadoop-hdds-container-service/0.5.0-SNAPSHOT/hadoop-hdds-container-service-0.5.0-SNAPSHOT.jar!/webapps/static,AVAILABLE}
2019-09-28 01:17:44,598 [main] INFO  handler.ContextHandler (ContextHandler.java:doStart(781)) - Started o.e.j.w.WebAppContext@4f281aaf{/,file:///tmp/jetty-0.0.0.0-45252-hddsDatanode-_-any-2823115216188143800.dir/webapp/,AVAILABLE}{/hddsDatanode}
2019-09-28 01:17:44,598 [main] INFO  server.AbstractConnector (AbstractConnector.java:doStart(278)) - Started ServerConnector@5d508d22{HTTP/1.1,[http/1.1]}{0.0.0.0:45252}
2019-09-28 01:17:44,600 [main] INFO  server.Server (Server.java:doStart(419)) - Started @292783ms
2019-09-28 01:17:44,600 [main] WARN  impl.MetricsSystemImpl (MetricsSystemImpl.java:register(276)) - Sink prometheus already exists!
2019-09-28 01:17:44,600 [main] INFO  server.BaseHttpServer (BaseHttpServer.java:updateConnectorAddress(215)) - HTTP server of HDDSDATANODE is listening at http://0.0.0.0:45252
2019-09-28 01:17:44,601 [main] INFO  impl.MetricsSystemImpl (MetricsSystemImpl.java:init(158)) - HddsDatanode metrics system started (again)
2019-09-28 01:17:44,606 [org.apache.hadoop.util.JvmPauseMonitor$Monitor@7435bc5e] INFO  util.JvmPauseMonitor (JvmPauseMonitor.java:run(188)) - Starting JVM pause monitor
2019-09-28 01:17:44,606 [main] INFO  ozone.HddsDatanodeService (HddsDatanodeService.java:start(184)) - HddsDatanodeService host:pr-hdds-2162-8g7kw-3348123894 ip:192.168.151.82
2019-09-28 01:17:44,608 [Datanode State Machine Thread - 0] INFO  datanode.InitDatanodeState (InitDatanodeState.java:persistContainerDatanodeDetails(140)) - DatanodeDetails is persisted to /workdir/hadoop-ozone/integration-test/target/test-dir/MiniOzoneClusterImpl-8d3ed4ce-f2e5-424c-95d5-a4ae13d3a978/datanode-8/meta/datanode.id
2019-09-28 01:17:44,613 [main] INFO  volume.HddsVolume (HddsVolume.java:<init>(176)) - Creating Volume: /workdir/hadoop-ozone/integration-test/target/test-dir/MiniOzoneClusterImpl-8d3ed4ce-f2e5-424c-95d5-a4ae13d3a978/datanode-9/data/containers/hdds of  storage type : DISK and capacity : 1482555576320
2019-09-28 01:17:44,613 [main] INFO  volume.VolumeSet (VolumeSet.java:initializeVolumeSet(170)) - Added Volume : /workdir/hadoop-ozone/integration-test/target/test-dir/MiniOzoneClusterImpl-8d3ed4ce-f2e5-424c-95d5-a4ae13d3a978/datanode-9/data/containers/hdds to VolumeSet
2019-09-28 01:17:44,613 [main] INFO  volume.ThrottledAsyncChecker (ThrottledAsyncChecker.java:schedule(139)) - Scheduling a check for org.apache.hadoop.ozone.container.common.volume.HddsVolume@3dce6dd8
2019-09-28 01:17:44,614 [main] INFO  volume.HddsVolumeChecker (HddsVolumeChecker.java:checkAllVolumes(202)) - Scheduled health check for volume org.apache.hadoop.ozone.container.common.volume.HddsVolume@3dce6dd8
2019-09-28 01:17:44,627 [main] INFO  impl.RaftServerProxy (ConfUtils.java:logGet(43)) - raft.rpc.type = GRPC (default)
2019-09-28 01:17:44,627 [main] INFO  grpc.GrpcFactory (GrpcFactory.java:checkPooledByteBufAllocatorUseCacheForAllThreads(45)) - PERFORMANCE WARNING: useCacheForAllThreads is true that may cause Netty to create a lot garbage objects and, as a result, trigger GC.
	It is recommended to disable useCacheForAllThreads by setting -Dorg.apache.ratis.thirdparty.io.netty.allocator.useCacheForAllThreads=false in command line.
2019-09-28 01:17:44,627 [main] INFO  grpc.GrpcConfigKeys$Server (ConfUtils.java:logGet(43)) - raft.grpc.server.port = 0 (default)
2019-09-28 01:17:44,627 [main] INFO  server.GrpcService (ConfUtils.java:logGet(43)) - raft.grpc.message.size.max = 33570816 (custom)
2019-09-28 01:17:44,628 [main] INFO  server.RaftServerConfigKeys (ConfUtils.java:logGet(43)) - raft.server.log.appender.buffer.byte-limit = 33554432 (custom)
2019-09-28 01:17:44,628 [main] INFO  server.GrpcService (ConfUtils.java:logGet(43)) - raft.grpc.flow.control.window = 1MB (=1048576) (default)
2019-09-28 01:17:44,628 [main] INFO  server.RaftServerConfigKeys (ConfUtils.java:logGet(43)) - raft.server.rpc.request.timeout = 3000ms (default)
2019-09-28 01:17:44,629 [main] INFO  server.RaftServerConfigKeys (ConfUtils.java:logGet(43)) - raft.server.storage.dir = [/workdir/hadoop-ozone/integration-test/target/test-dir/MiniOzoneClusterImpl-8d3ed4ce-f2e5-424c-95d5-a4ae13d3a978/datanode-9/data/ratis] (custom)
2019-09-28 01:17:44,630 [main] INFO  hdfs.DFSUtil (DFSUtil.java:httpServerTemplateForNNAndJN(1641)) - Starting Web-server for hddsDatanode at: http://0.0.0.0:0
2019-09-28 01:17:44,631 [main] INFO  server.AuthenticationFilter (AuthenticationFilter.java:constructSecretProvider(240)) - Unable to initialize FileSignerSecretProvider, falling back to use random secrets.
2019-09-28 01:17:44,631 [main] WARN  http.HttpRequestLog (HttpRequestLog.java:getRequestLog(97)) - Jetty request log can only be enabled using Log4j
2019-09-28 01:17:44,633 [main] INFO  http.HttpServer2 (HttpServer2.java:addGlobalFilter(975)) - Added global filter 'safety' (class=org.apache.hadoop.http.HttpServer2$QuotingInputFilter)
2019-09-28 01:17:44,633 [main] INFO  http.HttpServer2 (HttpServer2.java:addFilter(948)) - Added filter static_user_filter (class=org.apache.hadoop.http.lib.StaticUserWebFilter$StaticUserFilter) to context hddsDatanode
2019-09-28 01:17:44,633 [main] INFO  http.HttpServer2 (HttpServer2.java:addFilter(958)) - Added filter static_user_filter (class=org.apache.hadoop.http.lib.StaticUserWebFilter$StaticUserFilter) to context logs
2019-09-28 01:17:44,634 [main] INFO  http.HttpServer2 (HttpServer2.java:addFilter(958)) - Added filter static_user_filter (class=org.apache.hadoop.http.lib.StaticUserWebFilter$StaticUserFilter) to context static
2019-09-28 01:17:44,634 [main] INFO  http.HttpServer2 (HttpServer2.java:bindListener(1191)) - Jetty bound to port 34553
2019-09-28 01:17:44,634 [main] INFO  server.Server (Server.java:doStart(351)) - jetty-9.3.25.v20180904, build timestamp: 2018-09-04T21:11:46Z, git hash: 3ce520221d0240229c862b122d2b06c12a625732
2019-09-28 01:17:44,636 [main] INFO  handler.ContextHandler (ContextHandler.java:doStart(781)) - Started o.e.j.s.ServletContextHandler@2519026b{/logs,file:///workdir/hadoop-ozone/integration-test/target/log,AVAILABLE}
2019-09-28 01:17:44,637 [main] INFO  handler.ContextHandler (ContextHandler.java:doStart(781)) - Started o.e.j.s.ServletContextHandler@401c4250{/static,jar:file:/home/user/.m2/repository/org/apache/hadoop/hadoop-hdds-container-service/0.5.0-SNAPSHOT/hadoop-hdds-container-service-0.5.0-SNAPSHOT.jar!/webapps/static,AVAILABLE}
2019-09-28 01:17:44,671 [main] INFO  handler.ContextHandler (ContextHandler.java:doStart(781)) - Started o.e.j.w.WebAppContext@1d4f5506{/,file:///tmp/jetty-0.0.0.0-34553-hddsDatanode-_-any-1786651311721178911.dir/webapp/,AVAILABLE}{/hddsDatanode}
2019-09-28 01:17:44,672 [main] INFO  server.AbstractConnector (AbstractConnector.java:doStart(278)) - Started ServerConnector@7dee835{HTTP/1.1,[http/1.1]}{0.0.0.0:34553}
2019-09-28 01:17:44,673 [main] INFO  server.Server (Server.java:doStart(419)) - Started @292857ms
2019-09-28 01:17:44,673 [main] WARN  impl.MetricsSystemImpl (MetricsSystemImpl.java:register(276)) - Sink prometheus already exists!
2019-09-28 01:17:44,674 [main] INFO  server.BaseHttpServer (BaseHttpServer.java:updateConnectorAddress(215)) - HTTP server of HDDSDATANODE is listening at http://0.0.0.0:34553
2019-09-28 01:17:44,675 [main] INFO  ozone.MiniOzoneClusterImpl (MiniOzoneClusterImpl.java:lambda$waitForClusterToBeReady$0(147)) - Waiting for cluster to be ready. Got 0 of 10 DN Heartbeats.
2019-09-28 01:17:44,676 [org.apache.hadoop.util.JvmPauseMonitor$Monitor@376adb25] INFO  util.JvmPauseMonitor (JvmPauseMonitor.java:run(188)) - Starting JVM pause monitor
2019-09-28 01:17:44,678 [Datanode State Machine Thread - 0] INFO  datanode.InitDatanodeState (InitDatanodeState.java:persistContainerDatanodeDetails(140)) - DatanodeDetails is persisted to /workdir/hadoop-ozone/integration-test/target/test-dir/MiniOzoneClusterImpl-8d3ed4ce-f2e5-424c-95d5-a4ae13d3a978/datanode-9/meta/datanode.id
2019-09-28 01:17:45,675 [main] INFO  ozone.MiniOzoneClusterImpl (MiniOzoneClusterImpl.java:lambda$waitForClusterToBeReady$0(147)) - Waiting for cluster to be ready. Got 0 of 10 DN Heartbeats.
2019-09-28 01:17:46,120 [Datanode State Machine Thread - 0] INFO  ozoneimpl.OzoneContainer (OzoneContainer.java:start(217)) - Attempting to start container services.
2019-09-28 01:17:46,121 [Datanode State Machine Thread - 0] INFO  ozoneimpl.OzoneContainer (OzoneContainer.java:startContainerScrub(179)) - Background container scanner has been disabled.
2019-09-28 01:17:46,121 [Datanode State Machine Thread - 0] INFO  ratis.XceiverServerRatis (XceiverServerRatis.java:start(411)) - Starting XceiverServerRatis 5a7443cd-0ba8-4045-a615-ca9d87f0fd78 at port 0
2019-09-28 01:17:46,127 [Datanode State Machine Thread - 0] INFO  impl.RaftServerProxy (RaftServerProxy.java:lambda$start$3(299)) - 5a7443cd-0ba8-4045-a615-ca9d87f0fd78: start RPC server
2019-09-28 01:17:46,130 [Datanode State Machine Thread - 0] INFO  server.GrpcService (GrpcService.java:startImpl(158)) - 5a7443cd-0ba8-4045-a615-ca9d87f0fd78: GrpcService started, listening on 0.0.0.0/0.0.0.0:45593
2019-09-28 01:17:46,130 [Datanode State Machine Thread - 0] INFO  ratis.XceiverServerRatis (XceiverServerRatis.java:start(421)) - XceiverServerRatis 5a7443cd-0ba8-4045-a615-ca9d87f0fd78 is started using port 45593
2019-09-28 01:17:46,130 [Datanode State Machine Thread - 0] INFO  server.XceiverServerGrpc (XceiverServerGrpc.java:start(149)) - XceiverServerGrpc 5a7443cd-0ba8-4045-a615-ca9d87f0fd78 is started using port 44363
2019-09-28 01:17:46,161 [Datanode State Machine Thread - 0] INFO  ozoneimpl.OzoneContainer (OzoneContainer.java:start(217)) - Attempting to start container services.
2019-09-28 01:17:46,161 [Datanode State Machine Thread - 0] INFO  ozoneimpl.OzoneContainer (OzoneContainer.java:startContainerScrub(179)) - Background container scanner has been disabled.
2019-09-28 01:17:46,161 [Datanode State Machine Thread - 0] INFO  ratis.XceiverServerRatis (XceiverServerRatis.java:start(411)) - Starting XceiverServerRatis b37755ce-c4af-4380-b35a-3b0325863f58 at port 0
2019-09-28 01:17:46,167 [Datanode State Machine Thread - 0] INFO  impl.RaftServerProxy (RaftServerProxy.java:lambda$start$3(299)) - b37755ce-c4af-4380-b35a-3b0325863f58: start RPC server
2019-09-28 01:17:46,169 [Datanode State Machine Thread - 0] INFO  server.GrpcService (GrpcService.java:startImpl(158)) - b37755ce-c4af-4380-b35a-3b0325863f58: GrpcService started, listening on 0.0.0.0/0.0.0.0:45195
2019-09-28 01:17:46,169 [Datanode State Machine Thread - 0] INFO  ratis.XceiverServerRatis (XceiverServerRatis.java:start(421)) - XceiverServerRatis b37755ce-c4af-4380-b35a-3b0325863f58 is started using port 45195
2019-09-28 01:17:46,171 [Datanode State Machine Thread - 0] INFO  server.XceiverServerGrpc (XceiverServerGrpc.java:start(149)) - XceiverServerGrpc b37755ce-c4af-4380-b35a-3b0325863f58 is started using port 39588
2019-09-28 01:17:46,222 [Datanode State Machine Thread - 0] INFO  ozoneimpl.OzoneContainer (OzoneContainer.java:start(217)) - Attempting to start container services.
2019-09-28 01:17:46,222 [Datanode State Machine Thread - 0] INFO  ozoneimpl.OzoneContainer (OzoneContainer.java:startContainerScrub(179)) - Background container scanner has been disabled.
2019-09-28 01:17:46,222 [Datanode State Machine Thread - 0] INFO  ratis.XceiverServerRatis (XceiverServerRatis.java:start(411)) - Starting XceiverServerRatis 14d5cd8c-0256-42d6-a2d7-07541ed6779f at port 0
2019-09-28 01:17:46,230 [Datanode State Machine Thread - 0] INFO  impl.RaftServerProxy (RaftServerProxy.java:lambda$start$3(299)) - 14d5cd8c-0256-42d6-a2d7-07541ed6779f: start RPC server
2019-09-28 01:17:46,231 [Datanode State Machine Thread - 0] INFO  server.GrpcService (GrpcService.java:startImpl(158)) - 14d5cd8c-0256-42d6-a2d7-07541ed6779f: GrpcService started, listening on 0.0.0.0/0.0.0.0:40125
2019-09-28 01:17:46,231 [Datanode State Machine Thread - 0] INFO  ratis.XceiverServerRatis (XceiverServerRatis.java:start(421)) - XceiverServerRatis 14d5cd8c-0256-42d6-a2d7-07541ed6779f is started using port 40125
2019-09-28 01:17:46,231 [Datanode State Machine Thread - 0] INFO  server.XceiverServerGrpc (XceiverServerGrpc.java:start(149)) - XceiverServerGrpc 14d5cd8c-0256-42d6-a2d7-07541ed6779f is started using port 34167
2019-09-28 01:17:46,283 [Datanode State Machine Thread - 0] INFO  ozoneimpl.OzoneContainer (OzoneContainer.java:start(217)) - Attempting to start container services.
2019-09-28 01:17:46,284 [Datanode State Machine Thread - 0] INFO  ozoneimpl.OzoneContainer (OzoneContainer.java:startContainerScrub(179)) - Background container scanner has been disabled.
2019-09-28 01:17:46,284 [Datanode State Machine Thread - 0] INFO  ratis.XceiverServerRatis (XceiverServerRatis.java:start(411)) - Starting XceiverServerRatis 4c896d7a-7f6e-4c9a-8a8b-40c5d5b27396 at port 0
2019-09-28 01:17:46,290 [Datanode State Machine Thread - 0] INFO  impl.RaftServerProxy (RaftServerProxy.java:lambda$start$3(299)) - 4c896d7a-7f6e-4c9a-8a8b-40c5d5b27396: start RPC server
2019-09-28 01:17:46,291 [Datanode State Machine Thread - 0] INFO  server.GrpcService (GrpcService.java:startImpl(158)) - 4c896d7a-7f6e-4c9a-8a8b-40c5d5b27396: GrpcService started, listening on 0.0.0.0/0.0.0.0:33459
2019-09-28 01:17:46,291 [Datanode State Machine Thread - 0] INFO  ratis.XceiverServerRatis (XceiverServerRatis.java:start(421)) - XceiverServerRatis 4c896d7a-7f6e-4c9a-8a8b-40c5d5b27396 is started using port 33459
2019-09-28 01:17:46,300 [Datanode State Machine Thread - 0] INFO  server.XceiverServerGrpc (XceiverServerGrpc.java:start(149)) - XceiverServerGrpc 4c896d7a-7f6e-4c9a-8a8b-40c5d5b27396 is started using port 39225
2019-09-28 01:17:46,345 [Datanode State Machine Thread - 0] INFO  ozoneimpl.OzoneContainer (OzoneContainer.java:start(217)) - Attempting to start container services.
2019-09-28 01:17:46,346 [Datanode State Machine Thread - 0] INFO  ozoneimpl.OzoneContainer (OzoneContainer.java:startContainerScrub(179)) - Background container scanner has been disabled.
2019-09-28 01:17:46,346 [Datanode State Machine Thread - 0] INFO  ratis.XceiverServerRatis (XceiverServerRatis.java:start(411)) - Starting XceiverServerRatis 8e564692-438a-4cca-bbaf-5fbe943d4762 at port 0
2019-09-28 01:17:46,352 [Datanode State Machine Thread - 0] INFO  impl.RaftServerProxy (RaftServerProxy.java:lambda$start$3(299)) - 8e564692-438a-4cca-bbaf-5fbe943d4762: start RPC server
2019-09-28 01:17:46,352 [Datanode State Machine Thread - 0] INFO  server.GrpcService (GrpcService.java:startImpl(158)) - 8e564692-438a-4cca-bbaf-5fbe943d4762: GrpcService started, listening on 0.0.0.0/0.0.0.0:44652
2019-09-28 01:17:46,353 [Datanode State Machine Thread - 0] INFO  ratis.XceiverServerRatis (XceiverServerRatis.java:start(421)) - XceiverServerRatis 8e564692-438a-4cca-bbaf-5fbe943d4762 is started using port 44652
2019-09-28 01:17:46,356 [Datanode State Machine Thread - 0] INFO  server.XceiverServerGrpc (XceiverServerGrpc.java:start(149)) - XceiverServerGrpc 8e564692-438a-4cca-bbaf-5fbe943d4762 is started using port 38588
2019-09-28 01:17:46,409 [Datanode State Machine Thread - 0] INFO  ozoneimpl.OzoneContainer (OzoneContainer.java:start(217)) - Attempting to start container services.
2019-09-28 01:17:46,409 [Datanode State Machine Thread - 0] INFO  ozoneimpl.OzoneContainer (OzoneContainer.java:startContainerScrub(179)) - Background container scanner has been disabled.
2019-09-28 01:17:46,409 [Datanode State Machine Thread - 0] INFO  ratis.XceiverServerRatis (XceiverServerRatis.java:start(411)) - Starting XceiverServerRatis a6f3909d-04e3-4c75-9cc7-e0ce9610c43d at port 0
2019-09-28 01:17:46,416 [Datanode State Machine Thread - 0] INFO  impl.RaftServerProxy (RaftServerProxy.java:lambda$start$3(299)) - a6f3909d-04e3-4c75-9cc7-e0ce9610c43d: start RPC server
2019-09-28 01:17:46,417 [Datanode State Machine Thread - 0] INFO  server.GrpcService (GrpcService.java:startImpl(158)) - a6f3909d-04e3-4c75-9cc7-e0ce9610c43d: GrpcService started, listening on 0.0.0.0/0.0.0.0:33245
2019-09-28 01:17:46,417 [Datanode State Machine Thread - 0] INFO  ratis.XceiverServerRatis (XceiverServerRatis.java:start(421)) - XceiverServerRatis a6f3909d-04e3-4c75-9cc7-e0ce9610c43d is started using port 33245
2019-09-28 01:17:46,420 [Datanode State Machine Thread - 0] INFO  server.XceiverServerGrpc (XceiverServerGrpc.java:start(149)) - XceiverServerGrpc a6f3909d-04e3-4c75-9cc7-e0ce9610c43d is started using port 33260
2019-09-28 01:17:46,471 [Datanode State Machine Thread - 0] INFO  ozoneimpl.OzoneContainer (OzoneContainer.java:start(217)) - Attempting to start container services.
2019-09-28 01:17:46,471 [Datanode State Machine Thread - 0] INFO  ozoneimpl.OzoneContainer (OzoneContainer.java:startContainerScrub(179)) - Background container scanner has been disabled.
2019-09-28 01:17:46,471 [Datanode State Machine Thread - 0] INFO  ratis.XceiverServerRatis (XceiverServerRatis.java:start(411)) - Starting XceiverServerRatis 565b5b85-11c8-4363-a629-f9f642ddd7a8 at port 0
2019-09-28 01:17:46,480 [Datanode State Machine Thread - 0] INFO  impl.RaftServerProxy (RaftServerProxy.java:lambda$start$3(299)) - 565b5b85-11c8-4363-a629-f9f642ddd7a8: start RPC server
2019-09-28 01:17:46,480 [Datanode State Machine Thread - 0] INFO  server.GrpcService (GrpcService.java:startImpl(158)) - 565b5b85-11c8-4363-a629-f9f642ddd7a8: GrpcService started, listening on 0.0.0.0/0.0.0.0:35648
2019-09-28 01:17:46,481 [Datanode State Machine Thread - 0] INFO  ratis.XceiverServerRatis (XceiverServerRatis.java:start(421)) - XceiverServerRatis 565b5b85-11c8-4363-a629-f9f642ddd7a8 is started using port 35648
2019-09-28 01:17:46,481 [Datanode State Machine Thread - 0] INFO  server.XceiverServerGrpc (XceiverServerGrpc.java:start(149)) - XceiverServerGrpc 565b5b85-11c8-4363-a629-f9f642ddd7a8 is started using port 39065
2019-09-28 01:17:46,554 [Datanode State Machine Thread - 0] INFO  ozoneimpl.OzoneContainer (OzoneContainer.java:start(217)) - Attempting to start container services.
2019-09-28 01:17:46,555 [Datanode State Machine Thread - 0] INFO  ozoneimpl.OzoneContainer (OzoneContainer.java:startContainerScrub(179)) - Background container scanner has been disabled.
2019-09-28 01:17:46,555 [Datanode State Machine Thread - 0] INFO  ratis.XceiverServerRatis (XceiverServerRatis.java:start(411)) - Starting XceiverServerRatis 482bab89-bbed-45e7-a2a4-226291146823 at port 0
2019-09-28 01:17:46,563 [Datanode State Machine Thread - 0] INFO  impl.RaftServerProxy (RaftServerProxy.java:lambda$start$3(299)) - 482bab89-bbed-45e7-a2a4-226291146823: start RPC server
2019-09-28 01:17:46,564 [Datanode State Machine Thread - 0] INFO  server.GrpcService (GrpcService.java:startImpl(158)) - 482bab89-bbed-45e7-a2a4-226291146823: GrpcService started, listening on 0.0.0.0/0.0.0.0:43977
2019-09-28 01:17:46,564 [Datanode State Machine Thread - 0] INFO  ratis.XceiverServerRatis (XceiverServerRatis.java:start(421)) - XceiverServerRatis 482bab89-bbed-45e7-a2a4-226291146823 is started using port 43977
2019-09-28 01:17:46,564 [Datanode State Machine Thread - 0] INFO  server.XceiverServerGrpc (XceiverServerGrpc.java:start(149)) - XceiverServerGrpc 482bab89-bbed-45e7-a2a4-226291146823 is started using port 39366
2019-09-28 01:17:46,619 [Datanode State Machine Thread - 0] INFO  ozoneimpl.OzoneContainer (OzoneContainer.java:start(217)) - Attempting to start container services.
2019-09-28 01:17:46,619 [Datanode State Machine Thread - 0] INFO  ozoneimpl.OzoneContainer (OzoneContainer.java:startContainerScrub(179)) - Background container scanner has been disabled.
2019-09-28 01:17:46,619 [Datanode State Machine Thread - 0] INFO  ratis.XceiverServerRatis (XceiverServerRatis.java:start(411)) - Starting XceiverServerRatis 37708db1-82ca-49f3-b412-795edcbfeb9a at port 0
2019-09-28 01:17:46,627 [Datanode State Machine Thread - 0] INFO  impl.RaftServerProxy (RaftServerProxy.java:lambda$start$3(299)) - 37708db1-82ca-49f3-b412-795edcbfeb9a: start RPC server
2019-09-28 01:17:46,630 [Datanode State Machine Thread - 0] INFO  server.GrpcService (GrpcService.java:startImpl(158)) - 37708db1-82ca-49f3-b412-795edcbfeb9a: GrpcService started, listening on 0.0.0.0/0.0.0.0:33696
2019-09-28 01:17:46,630 [Datanode State Machine Thread - 0] INFO  ratis.XceiverServerRatis (XceiverServerRatis.java:start(421)) - XceiverServerRatis 37708db1-82ca-49f3-b412-795edcbfeb9a is started using port 33696
2019-09-28 01:17:46,631 [Datanode State Machine Thread - 0] INFO  server.XceiverServerGrpc (XceiverServerGrpc.java:start(149)) - XceiverServerGrpc 37708db1-82ca-49f3-b412-795edcbfeb9a is started using port 41744
2019-09-28 01:17:46,676 [main] INFO  ozone.MiniOzoneClusterImpl (MiniOzoneClusterImpl.java:lambda$waitForClusterToBeReady$0(147)) - Waiting for cluster to be ready. Got 0 of 10 DN Heartbeats.
2019-09-28 01:17:46,691 [Datanode State Machine Thread - 0] INFO  ozoneimpl.OzoneContainer (OzoneContainer.java:start(217)) - Attempting to start container services.
2019-09-28 01:17:46,692 [Datanode State Machine Thread - 0] INFO  ozoneimpl.OzoneContainer (OzoneContainer.java:startContainerScrub(179)) - Background container scanner has been disabled.
2019-09-28 01:17:46,692 [Datanode State Machine Thread - 0] INFO  ratis.XceiverServerRatis (XceiverServerRatis.java:start(411)) - Starting XceiverServerRatis 169076bb-2216-469a-9fc5-b7d227bcc1f0 at port 0
2019-09-28 01:17:46,700 [Datanode State Machine Thread - 0] INFO  impl.RaftServerProxy (RaftServerProxy.java:lambda$start$3(299)) - 169076bb-2216-469a-9fc5-b7d227bcc1f0: start RPC server
2019-09-28 01:17:46,702 [Datanode State Machine Thread - 0] INFO  server.GrpcService (GrpcService.java:startImpl(158)) - 169076bb-2216-469a-9fc5-b7d227bcc1f0: GrpcService started, listening on 0.0.0.0/0.0.0.0:42330
2019-09-28 01:17:46,702 [Datanode State Machine Thread - 0] INFO  ratis.XceiverServerRatis (XceiverServerRatis.java:start(421)) - XceiverServerRatis 169076bb-2216-469a-9fc5-b7d227bcc1f0 is started using port 42330
2019-09-28 01:17:46,724 [Datanode State Machine Thread - 0] INFO  server.XceiverServerGrpc (XceiverServerGrpc.java:start(149)) - XceiverServerGrpc 169076bb-2216-469a-9fc5-b7d227bcc1f0 is started using port 46312
2019-09-28 01:17:47,677 [main] INFO  ozone.MiniOzoneClusterImpl (MiniOzoneClusterImpl.java:lambda$waitForClusterToBeReady$0(147)) - Waiting for cluster to be ready. Got 0 of 10 DN Heartbeats.
2019-09-28 01:17:48,092 [IPC Server handler 6 on 39740] INFO  net.NetworkTopology (NetworkTopologyImpl.java:add(111)) - Added a new node: /rack1/5a7443cd-0ba8-4045-a615-ca9d87f0fd78
2019-09-28 01:17:48,096 [IPC Server handler 6 on 39740] INFO  node.SCMNodeManager (SCMNodeManager.java:register(266)) - Registered Data node : 5a7443cd-0ba8-4045-a615-ca9d87f0fd78{ip: 192.168.151.82, host: pr-hdds-2162-8g7kw-3348123894, networkLocation: /rack1, certSerialId: null}
2019-09-28 01:17:48,097 [EventQueue-NodeRegistrationContainerReportForDataNodeSafeModeRule] INFO  safemode.SCMSafeModeManager (DataNodeSafeModeRule.java:process(71)) - SCM in safe mode. 1 DataNodes registered, 1 required.
2019-09-28 01:17:48,100 [EventQueue-NodeRegistrationContainerReportForDataNodeSafeModeRule] INFO  safemode.SCMSafeModeManager (SCMSafeModeManager.java:validateSafeModeExitRules(177)) - ScmSafeModeManager, all rules are successfully validated
2019-09-28 01:17:48,100 [EventQueue-NodeRegistrationContainerReportForDataNodeSafeModeRule] INFO  safemode.SCMSafeModeManager (SCMSafeModeManager.java:exitSafeMode(193)) - SCM exiting safe mode.
2019-09-28 01:17:48,114 [grpc-default-executor-0] INFO  impl.RaftServerProxy (RaftServerProxy.java:addNew(89)) - 5a7443cd-0ba8-4045-a615-ca9d87f0fd78: addNew group-4D28A553670C:[5a7443cd-0ba8-4045-a615-ca9d87f0fd78:192.168.151.82:45593] returns group-4D28A553670C:java.util.concurrent.CompletableFuture@7c75e073[Not completed]
2019-09-28 01:17:48,115 [pool-267-thread-1] INFO  impl.RaftServerImpl (RaftServerImpl.java:<init>(95)) - 5a7443cd-0ba8-4045-a615-ca9d87f0fd78: new RaftServerImpl for group-4D28A553670C:[5a7443cd-0ba8-4045-a615-ca9d87f0fd78:192.168.151.82:45593] with ContainerStateMachine:uninitialized
2019-09-28 01:17:48,116 [pool-267-thread-1] INFO  server.RaftServerConfigKeys (ConfUtils.java:logGet(43)) - raft.server.rpc.timeout.min = 1s (custom)
2019-09-28 01:17:48,116 [pool-267-thread-1] INFO  server.RaftServerConfigKeys (ConfUtils.java:logGet(43)) - raft.server.rpc.timeout.max = 1200ms (custom)
2019-09-28 01:17:48,116 [pool-267-thread-1] INFO  server.RaftServerConfigKeys (ConfUtils.java:logGet(43)) - raft.server.rpcslowness.timeout = 120s (custom)
2019-09-28 01:17:48,116 [pool-267-thread-1] INFO  server.RaftServerConfigKeys (ConfUtils.java:logGet(43)) - raft.server.sleep.deviation.threshold = 300 (default)
2019-09-28 01:17:48,116 [pool-267-thread-1] INFO  server.RaftServerConfigKeys (ConfUtils.java:logGet(43)) - raft.server.log.appender.install.snapshot.enabled = false (custom)
2019-09-28 01:17:48,116 [pool-267-thread-1] INFO  impl.RaftServerImpl (ServerState.java:<init>(103)) - 5a7443cd-0ba8-4045-a615-ca9d87f0fd78@group-4D28A553670C: ConfigurationManager, init=-1: [5a7443cd-0ba8-4045-a615-ca9d87f0fd78:192.168.151.82:45593], old=null, confs=<EMPTY_MAP>
2019-09-28 01:17:48,117 [pool-267-thread-1] INFO  server.RaftServerConfigKeys (ConfUtils.java:logGet(43)) - raft.server.storage.dir = [/workdir/hadoop-ozone/integration-test/target/test-dir/MiniOzoneClusterImpl-8d3ed4ce-f2e5-424c-95d5-a4ae13d3a978/datanode-0/data/ratis] (custom)
2019-09-28 01:17:48,117 [pool-267-thread-1] INFO  storage.RaftStorageDirectory (RaftStorageDirectory.java:analyzeStorage(246)) - The storage directory /workdir/hadoop-ozone/integration-test/target/test-dir/MiniOzoneClusterImpl-8d3ed4ce-f2e5-424c-95d5-a4ae13d3a978/datanode-0/data/ratis/73f5f534-efa0-4c03-a475-4d28a553670c does not exist. Creating ...
2019-09-28 01:17:48,131 [pool-267-thread-1] INFO  storage.RaftStorageDirectory (RaftStorageDirectory.java:tryLock(328)) - Lock on /workdir/hadoop-ozone/integration-test/target/test-dir/MiniOzoneClusterImpl-8d3ed4ce-f2e5-424c-95d5-a4ae13d3a978/datanode-0/data/ratis/73f5f534-efa0-4c03-a475-4d28a553670c/in_use.lock acquired by nodename 30873@pr-hdds-2162-8g7kw-3348123894
2019-09-28 01:17:48,144 [pool-267-thread-1] INFO  storage.RaftStorage (RaftStorage.java:format(72)) - Storage directory /workdir/hadoop-ozone/integration-test/target/test-dir/MiniOzoneClusterImpl-8d3ed4ce-f2e5-424c-95d5-a4ae13d3a978/datanode-0/data/ratis/73f5f534-efa0-4c03-a475-4d28a553670c has been successfully formatted.
2019-09-28 01:17:48,145 [pool-267-thread-1] INFO  ratis.ContainerStateMachine (ContainerStateMachine.java:loadSnapshot(230)) - group-4D28A553670C: The snapshot info is null. Setting the last applied indexto:(t:0, i:~)
2019-09-28 01:17:48,145 [pool-267-thread-1] INFO  server.RaftServerConfigKeys (ConfUtils.java:logGet(43)) - raft.server.notification.no-leader.timeout = 120s (custom)
2019-09-28 01:17:48,145 [pool-267-thread-1] INFO  server.RaftServerConfigKeys (ConfUtils.java:logGet(43)) - raft.server.log.use.memory = false (default)
2019-09-28 01:17:48,145 [pool-267-thread-1] INFO  server.RaftServerConfigKeys (ConfUtils.java:logGet(43)) - raft.server.log.purge.gap = 1000000 (custom)
2019-09-28 01:17:48,146 [pool-267-thread-1] INFO  server.RaftServerConfigKeys (ConfUtils.java:logGet(43)) - raft.server.log.appender.buffer.byte-limit = 33554432 (custom)
2019-09-28 01:17:48,146 [pool-267-thread-1] INFO  server.RaftServerConfigKeys (ConfUtils.java:logGet(43)) - raft.server.log.segment.size.max = 1048576 (custom)
2019-09-28 01:17:48,146 [pool-267-thread-1] INFO  server.RaftServerConfigKeys (ConfUtils.java:logGet(43)) - raft.server.log.segment.cache.num.max = 2 (custom)
2019-09-28 01:17:48,146 [pool-267-thread-1] INFO  segmented.SegmentedRaftLogWorker (SegmentedRaftLogWorker.java:<init>(172)) - new 5a7443cd-0ba8-4045-a615-ca9d87f0fd78@group-4D28A553670C-SegmentedRaftLogWorker for RaftStorage:Storage Directory /workdir/hadoop-ozone/integration-test/target/test-dir/MiniOzoneClusterImpl-8d3ed4ce-f2e5-424c-95d5-a4ae13d3a978/datanode-0/data/ratis/73f5f534-efa0-4c03-a475-4d28a553670c
2019-09-28 01:17:48,147 [IPC Server handler 8 on 39740] INFO  net.NetworkTopology (NetworkTopologyImpl.java:add(111)) - Added a new node: /rack1/b37755ce-c4af-4380-b35a-3b0325863f58
2019-09-28 01:17:48,147 [IPC Server handler 8 on 39740] INFO  node.SCMNodeManager (SCMNodeManager.java:register(266)) - Registered Data node : b37755ce-c4af-4380-b35a-3b0325863f58{ip: 192.168.151.82, host: pr-hdds-2162-8g7kw-3348123894, networkLocation: /rack1, certSerialId: null}
2019-09-28 01:17:48,148 [pool-267-thread-1] INFO  server.RaftServerConfigKeys (ConfUtils.java:logGet(43)) - raft.server.log.queue.byte-limit = 2147483647 (custom)
2019-09-28 01:17:48,149 [pool-267-thread-1] INFO  server.RaftServerConfigKeys (ConfUtils.java:logGet(43)) - raft.server.log.queue.element-limit = 1024 (custom)
2019-09-28 01:17:48,149 [pool-267-thread-1] INFO  server.RaftServerConfigKeys (ConfUtils.java:logGet(43)) - raft.server.log.segment.size.max = 1048576 (custom)
2019-09-28 01:17:48,149 [pool-267-thread-1] INFO  server.RaftServerConfigKeys (ConfUtils.java:logGet(43)) - raft.server.log.preallocated.size = 16384 (custom)
2019-09-28 01:17:48,149 [pool-267-thread-1] INFO  server.RaftServerConfigKeys (ConfUtils.java:logGet(43)) - raft.server.log.write.buffer.size = 33554432 (custom)
2019-09-28 01:17:48,149 [pool-267-thread-1] INFO  server.RaftServerConfigKeys (ConfUtils.java:logGet(43)) - raft.server.log.force.sync.num = 128 (default)
2019-09-28 01:17:48,149 [pool-267-thread-1] INFO  server.RaftServerConfigKeys (ConfUtils.java:logGet(43)) - raft.server.log.statemachine.data.sync = true (default)
2019-09-28 01:17:48,150 [pool-267-thread-1] INFO  server.RaftServerConfigKeys (ConfUtils.java:logGet(43)) - raft.server.log.statemachine.data.sync.timeout = 10s (default)
2019-09-28 01:17:48,150 [pool-267-thread-1] INFO  server.RaftServerConfigKeys (ConfUtils.java:logGet(43)) - raft.server.log.statemachine.data.sync.timeout.retry = -1 (default)
2019-09-28 01:17:48,150 [pool-267-thread-1] INFO  server.RaftServerConfigKeys (ConfUtils.java:logGet(43)) - raft.server.log.statemachine.data.caching.enabled = true (custom)
2019-09-28 01:17:48,150 [pool-267-thread-1] INFO  segmented.SegmentedRaftLogWorker (SegmentedRaftLogWorker.java:lambda$new$0(132)) - 5a7443cd-0ba8-4045-a615-ca9d87f0fd78@group-4D28A553670C-SegmentedRaftLogWorker: flushIndex: setUnconditionally 0 -> -1
2019-09-28 01:17:48,151 [pool-267-thread-1] INFO  server.RaftServerConfigKeys (ConfUtils.java:logGet(43)) - raft.server.snapshot.auto.trigger.enabled = true (custom)
2019-09-28 01:17:48,151 [pool-267-thread-1] INFO  server.RaftServerConfigKeys (ConfUtils.java:logGet(43)) - raft.server.snapshot.auto.trigger.threshold = 10000 (custom)
2019-09-28 01:17:48,151 [pool-267-thread-1] INFO  server.RaftServerConfigKeys (ConfUtils.java:logGet(43)) - raft.server.snapshot.retention.num.files = 5 (custom)
2019-09-28 01:17:48,151 [pool-267-thread-1] INFO  server.RaftServerConfigKeys (ConfUtils.java:logGet(43)) - raft.server.retrycache.expirytime = 600000ms (custom)
2019-09-28 01:17:48,154 [pool-267-thread-1] INFO  impl.RaftServerImpl (RaftServerImpl.java:start(185)) - 5a7443cd-0ba8-4045-a615-ca9d87f0fd78@group-4D28A553670C: start as a follower, conf=-1: [5a7443cd-0ba8-4045-a615-ca9d87f0fd78:192.168.151.82:45593], old=null
2019-09-28 01:17:48,154 [pool-267-thread-1] INFO  impl.RaftServerImpl (RaftServerImpl.java:setRole(174)) - 5a7443cd-0ba8-4045-a615-ca9d87f0fd78@group-4D28A553670C: changes role from      null to FOLLOWER at term 0 for startAsFollower
2019-09-28 01:17:48,154 [pool-267-thread-1] INFO  impl.RoleInfo (RoleInfo.java:updateAndGet(143)) - 5a7443cd-0ba8-4045-a615-ca9d87f0fd78: start FollowerState
2019-09-28 01:17:48,154 [pool-267-thread-1] INFO  util.JmxRegister (JmxRegister.java:tryRegister(44)) - Successfully registered JMX Bean with object name Ratis:service=RaftServer,group=group-4D28A553670C,id=5a7443cd-0ba8-4045-a615-ca9d87f0fd78
2019-09-28 01:17:48,161 [RatisPipelineUtilsThread] INFO  pipeline.PipelineStateManager (PipelineStateManager.java:addPipeline(56)) - Created pipeline Pipeline[ Id: 73f5f534-efa0-4c03-a475-4d28a553670c, Nodes: 5a7443cd-0ba8-4045-a615-ca9d87f0fd78{ip: 192.168.151.82, host: pr-hdds-2162-8g7kw-3348123894, networkLocation: /rack1, certSerialId: null}, Type:RATIS, Factor:ONE, State:OPEN]
2019-09-28 01:17:48,169 [grpc-default-executor-0] INFO  impl.RaftServerProxy (RaftServerProxy.java:addNew(89)) - b37755ce-c4af-4380-b35a-3b0325863f58: addNew group-4BC405BA9678:[b37755ce-c4af-4380-b35a-3b0325863f58:192.168.151.82:45195] returns group-4BC405BA9678:java.util.concurrent.CompletableFuture@4fff18c8[Not completed]
2019-09-28 01:17:48,170 [pool-277-thread-1] INFO  impl.RaftServerImpl (RaftServerImpl.java:<init>(95)) - b37755ce-c4af-4380-b35a-3b0325863f58: new RaftServerImpl for group-4BC405BA9678:[b37755ce-c4af-4380-b35a-3b0325863f58:192.168.151.82:45195] with ContainerStateMachine:uninitialized
2019-09-28 01:17:48,170 [pool-277-thread-1] INFO  server.RaftServerConfigKeys (ConfUtils.java:logGet(43)) - raft.server.rpc.timeout.min = 1s (custom)
2019-09-28 01:17:48,170 [pool-277-thread-1] INFO  server.RaftServerConfigKeys (ConfUtils.java:logGet(43)) - raft.server.rpc.timeout.max = 1200ms (custom)
2019-09-28 01:17:48,171 [pool-277-thread-1] INFO  server.RaftServerConfigKeys (ConfUtils.java:logGet(43)) - raft.server.rpcslowness.timeout = 120s (custom)
2019-09-28 01:17:48,171 [pool-277-thread-1] INFO  server.RaftServerConfigKeys (ConfUtils.java:logGet(43)) - raft.server.sleep.deviation.threshold = 300 (default)
2019-09-28 01:17:48,171 [pool-277-thread-1] INFO  server.RaftServerConfigKeys (ConfUtils.java:logGet(43)) - raft.server.log.appender.install.snapshot.enabled = false (custom)
2019-09-28 01:17:48,171 [pool-277-thread-1] INFO  impl.RaftServerImpl (ServerState.java:<init>(103)) - b37755ce-c4af-4380-b35a-3b0325863f58@group-4BC405BA9678: ConfigurationManager, init=-1: [b37755ce-c4af-4380-b35a-3b0325863f58:192.168.151.82:45195], old=null, confs=<EMPTY_MAP>
2019-09-28 01:17:48,171 [pool-277-thread-1] INFO  server.RaftServerConfigKeys (ConfUtils.java:logGet(43)) - raft.server.storage.dir = [/workdir/hadoop-ozone/integration-test/target/test-dir/MiniOzoneClusterImpl-8d3ed4ce-f2e5-424c-95d5-a4ae13d3a978/datanode-1/data/ratis] (custom)
2019-09-28 01:17:48,172 [pool-277-thread-1] INFO  storage.RaftStorageDirectory (RaftStorageDirectory.java:analyzeStorage(246)) - The storage directory /workdir/hadoop-ozone/integration-test/target/test-dir/MiniOzoneClusterImpl-8d3ed4ce-f2e5-424c-95d5-a4ae13d3a978/datanode-1/data/ratis/6f984fc6-6c6e-4f6d-b999-4bc405ba9678 does not exist. Creating ...
2019-09-28 01:17:48,185 [pool-277-thread-1] INFO  storage.RaftStorageDirectory (RaftStorageDirectory.java:tryLock(328)) - Lock on /workdir/hadoop-ozone/integration-test/target/test-dir/MiniOzoneClusterImpl-8d3ed4ce-f2e5-424c-95d5-a4ae13d3a978/datanode-1/data/ratis/6f984fc6-6c6e-4f6d-b999-4bc405ba9678/in_use.lock acquired by nodename 30873@pr-hdds-2162-8g7kw-3348123894
2019-09-28 01:17:48,198 [pool-277-thread-1] INFO  storage.RaftStorage (RaftStorage.java:format(72)) - Storage directory /workdir/hadoop-ozone/integration-test/target/test-dir/MiniOzoneClusterImpl-8d3ed4ce-f2e5-424c-95d5-a4ae13d3a978/datanode-1/data/ratis/6f984fc6-6c6e-4f6d-b999-4bc405ba9678 has been successfully formatted.
2019-09-28 01:17:48,198 [pool-277-thread-1] INFO  ratis.ContainerStateMachine (ContainerStateMachine.java:loadSnapshot(230)) - group-4BC405BA9678: The snapshot info is null. Setting the last applied indexto:(t:0, i:~)
2019-09-28 01:17:48,198 [pool-277-thread-1] INFO  server.RaftServerConfigKeys (ConfUtils.java:logGet(43)) - raft.server.notification.no-leader.timeout = 120s (custom)
2019-09-28 01:17:48,198 [pool-277-thread-1] INFO  server.RaftServerConfigKeys (ConfUtils.java:logGet(43)) - raft.server.log.use.memory = false (default)
2019-09-28 01:17:48,199 [pool-277-thread-1] INFO  server.RaftServerConfigKeys (ConfUtils.java:logGet(43)) - raft.server.log.purge.gap = 1000000 (custom)
2019-09-28 01:17:48,199 [pool-277-thread-1] INFO  server.RaftServerConfigKeys (ConfUtils.java:logGet(43)) - raft.server.log.appender.buffer.byte-limit = 33554432 (custom)
2019-09-28 01:17:48,199 [pool-277-thread-1] INFO  server.RaftServerConfigKeys (ConfUtils.java:logGet(43)) - raft.server.log.segment.size.max = 1048576 (custom)
2019-09-28 01:17:48,199 [pool-277-thread-1] INFO  server.RaftServerConfigKeys (ConfUtils.java:logGet(43)) - raft.server.log.segment.cache.num.max = 2 (custom)
2019-09-28 01:17:48,199 [pool-277-thread-1] INFO  segmented.SegmentedRaftLogWorker (SegmentedRaftLogWorker.java:<init>(172)) - new b37755ce-c4af-4380-b35a-3b0325863f58@group-4BC405BA9678-SegmentedRaftLogWorker for RaftStorage:Storage Directory /workdir/hadoop-ozone/integration-test/target/test-dir/MiniOzoneClusterImpl-8d3ed4ce-f2e5-424c-95d5-a4ae13d3a978/datanode-1/data/ratis/6f984fc6-6c6e-4f6d-b999-4bc405ba9678
2019-09-28 01:17:48,201 [pool-277-thread-1] INFO  server.RaftServerConfigKeys (ConfUtils.java:logGet(43)) - raft.server.log.queue.byte-limit = 2147483647 (custom)
2019-09-28 01:17:48,201 [pool-277-thread-1] INFO  server.RaftServerConfigKeys (ConfUtils.java:logGet(43)) - raft.server.log.queue.element-limit = 1024 (custom)
2019-09-28 01:17:48,202 [pool-277-thread-1] INFO  server.RaftServerConfigKeys (ConfUtils.java:logGet(43)) - raft.server.log.segment.size.max = 1048576 (custom)
2019-09-28 01:17:48,202 [pool-277-thread-1] INFO  server.RaftServerConfigKeys (ConfUtils.java:logGet(43)) - raft.server.log.preallocated.size = 16384 (custom)
2019-09-28 01:17:48,202 [pool-277-thread-1] INFO  server.RaftServerConfigKeys (ConfUtils.java:logGet(43)) - raft.server.log.write.buffer.size = 33554432 (custom)
2019-09-28 01:17:48,202 [pool-277-thread-1] INFO  server.RaftServerConfigKeys (ConfUtils.java:logGet(43)) - raft.server.log.force.sync.num = 128 (default)
2019-09-28 01:17:48,202 [pool-277-thread-1] INFO  server.RaftServerConfigKeys (ConfUtils.java:logGet(43)) - raft.server.log.statemachine.data.sync = true (default)
2019-09-28 01:17:48,202 [pool-277-thread-1] INFO  server.RaftServerConfigKeys (ConfUtils.java:logGet(43)) - raft.server.log.statemachine.data.sync.timeout = 10s (default)
2019-09-28 01:17:48,203 [pool-277-thread-1] INFO  server.RaftServerConfigKeys (ConfUtils.java:logGet(43)) - raft.server.log.statemachine.data.sync.timeout.retry = -1 (default)
2019-09-28 01:17:48,203 [pool-277-thread-1] INFO  server.RaftServerConfigKeys (ConfUtils.java:logGet(43)) - raft.server.log.statemachine.data.caching.enabled = true (custom)
2019-09-28 01:17:48,203 [pool-277-thread-1] INFO  segmented.SegmentedRaftLogWorker (SegmentedRaftLogWorker.java:lambda$new$0(132)) - b37755ce-c4af-4380-b35a-3b0325863f58@group-4BC405BA9678-SegmentedRaftLogWorker: flushIndex: setUnconditionally 0 -> -1
2019-09-28 01:17:48,204 [pool-277-thread-1] INFO  server.RaftServerConfigKeys (ConfUtils.java:logGet(43)) - raft.server.snapshot.auto.trigger.enabled = true (custom)
2019-09-28 01:17:48,204 [pool-277-thread-1] INFO  server.RaftServerConfigKeys (ConfUtils.java:logGet(43)) - raft.server.snapshot.auto.trigger.threshold = 10000 (custom)
2019-09-28 01:17:48,204 [pool-277-thread-1] INFO  server.RaftServerConfigKeys (ConfUtils.java:logGet(43)) - raft.server.snapshot.retention.num.files = 5 (custom)
2019-09-28 01:17:48,204 [pool-277-thread-1] INFO  server.RaftServerConfigKeys (ConfUtils.java:logGet(43)) - raft.server.retrycache.expirytime = 600000ms (custom)
2019-09-28 01:17:48,206 [pool-277-thread-1] INFO  impl.RaftServerImpl (RaftServerImpl.java:start(185)) - b37755ce-c4af-4380-b35a-3b0325863f58@group-4BC405BA9678: start as a follower, conf=-1: [b37755ce-c4af-4380-b35a-3b0325863f58:192.168.151.82:45195], old=null
2019-09-28 01:17:48,206 [pool-277-thread-1] INFO  impl.RaftServerImpl (RaftServerImpl.java:setRole(174)) - b37755ce-c4af-4380-b35a-3b0325863f58@group-4BC405BA9678: changes role from      null to FOLLOWER at term 0 for startAsFollower
2019-09-28 01:17:48,206 [pool-277-thread-1] INFO  impl.RoleInfo (RoleInfo.java:updateAndGet(143)) - b37755ce-c4af-4380-b35a-3b0325863f58: start FollowerState
2019-09-28 01:17:48,207 [pool-277-thread-1] INFO  util.JmxRegister (JmxRegister.java:tryRegister(44)) - Successfully registered JMX Bean with object name Ratis:service=RaftServer,group=group-4BC405BA9678,id=b37755ce-c4af-4380-b35a-3b0325863f58
2019-09-28 01:17:48,212 [RatisPipelineUtilsThread] INFO  pipeline.PipelineStateManager (PipelineStateManager.java:addPipeline(56)) - Created pipeline Pipeline[ Id: 6f984fc6-6c6e-4f6d-b999-4bc405ba9678, Nodes: b37755ce-c4af-4380-b35a-3b0325863f58{ip: 192.168.151.82, host: pr-hdds-2162-8g7kw-3348123894, networkLocation: /rack1, certSerialId: null}, Type:RATIS, Factor:ONE, State:OPEN]
2019-09-28 01:17:48,212 [IPC Server handler 9 on 39740] INFO  net.NetworkTopology (NetworkTopologyImpl.java:add(111)) - Added a new node: /rack1/14d5cd8c-0256-42d6-a2d7-07541ed6779f
2019-09-28 01:17:48,212 [IPC Server handler 9 on 39740] INFO  node.SCMNodeManager (SCMNodeManager.java:register(266)) - Registered Data node : 14d5cd8c-0256-42d6-a2d7-07541ed6779f{ip: 192.168.151.82, host: pr-hdds-2162-8g7kw-3348123894, networkLocation: /rack1, certSerialId: null}
2019-09-28 01:17:48,220 [grpc-default-executor-0] INFO  impl.RaftServerProxy (RaftServerProxy.java:addNew(89)) - 14d5cd8c-0256-42d6-a2d7-07541ed6779f: addNew group-823508E827D8:[14d5cd8c-0256-42d6-a2d7-07541ed6779f:192.168.151.82:40125] returns group-823508E827D8:java.util.concurrent.CompletableFuture@6375cc65[Not completed]
2019-09-28 01:17:48,221 [pool-287-thread-1] INFO  impl.RaftServerImpl (RaftServerImpl.java:<init>(95)) - 14d5cd8c-0256-42d6-a2d7-07541ed6779f: new RaftServerImpl for group-823508E827D8:[14d5cd8c-0256-42d6-a2d7-07541ed6779f:192.168.151.82:40125] with ContainerStateMachine:uninitialized
2019-09-28 01:17:48,221 [pool-287-thread-1] INFO  server.RaftServerConfigKeys (ConfUtils.java:logGet(43)) - raft.server.rpc.timeout.min = 1s (custom)
2019-09-28 01:17:48,221 [pool-287-thread-1] INFO  server.RaftServerConfigKeys (ConfUtils.java:logGet(43)) - raft.server.rpc.timeout.max = 1200ms (custom)
2019-09-28 01:17:48,222 [pool-287-thread-1] INFO  server.RaftServerConfigKeys (ConfUtils.java:logGet(43)) - raft.server.rpcslowness.timeout = 120s (custom)
2019-09-28 01:17:48,222 [pool-287-thread-1] INFO  server.RaftServerConfigKeys (ConfUtils.java:logGet(43)) - raft.server.sleep.deviation.threshold = 300 (default)
2019-09-28 01:17:48,222 [pool-287-thread-1] INFO  server.RaftServerConfigKeys (ConfUtils.java:logGet(43)) - raft.server.log.appender.install.snapshot.enabled = false (custom)
2019-09-28 01:17:48,222 [pool-287-thread-1] INFO  impl.RaftServerImpl (ServerState.java:<init>(103)) - 14d5cd8c-0256-42d6-a2d7-07541ed6779f@group-823508E827D8: ConfigurationManager, init=-1: [14d5cd8c-0256-42d6-a2d7-07541ed6779f:192.168.151.82:40125], old=null, confs=<EMPTY_MAP>
2019-09-28 01:17:48,222 [pool-287-thread-1] INFO  server.RaftServerConfigKeys (ConfUtils.java:logGet(43)) - raft.server.storage.dir = [/workdir/hadoop-ozone/integration-test/target/test-dir/MiniOzoneClusterImpl-8d3ed4ce-f2e5-424c-95d5-a4ae13d3a978/datanode-2/data/ratis] (custom)
2019-09-28 01:17:48,222 [pool-287-thread-1] INFO  storage.RaftStorageDirectory (RaftStorageDirectory.java:analyzeStorage(246)) - The storage directory /workdir/hadoop-ozone/integration-test/target/test-dir/MiniOzoneClusterImpl-8d3ed4ce-f2e5-424c-95d5-a4ae13d3a978/datanode-2/data/ratis/bf75b7be-6e47-4cd7-b248-823508e827d8 does not exist. Creating ...
2019-09-28 01:17:48,235 [pool-287-thread-1] INFO  storage.RaftStorageDirectory (RaftStorageDirectory.java:tryLock(328)) - Lock on /workdir/hadoop-ozone/integration-test/target/test-dir/MiniOzoneClusterImpl-8d3ed4ce-f2e5-424c-95d5-a4ae13d3a978/datanode-2/data/ratis/bf75b7be-6e47-4cd7-b248-823508e827d8/in_use.lock acquired by nodename 30873@pr-hdds-2162-8g7kw-3348123894
2019-09-28 01:17:48,248 [pool-287-thread-1] INFO  storage.RaftStorage (RaftStorage.java:format(72)) - Storage directory /workdir/hadoop-ozone/integration-test/target/test-dir/MiniOzoneClusterImpl-8d3ed4ce-f2e5-424c-95d5-a4ae13d3a978/datanode-2/data/ratis/bf75b7be-6e47-4cd7-b248-823508e827d8 has been successfully formatted.
2019-09-28 01:17:48,248 [pool-287-thread-1] INFO  ratis.ContainerStateMachine (ContainerStateMachine.java:loadSnapshot(230)) - group-823508E827D8: The snapshot info is null. Setting the last applied indexto:(t:0, i:~)
2019-09-28 01:17:48,249 [pool-287-thread-1] INFO  server.RaftServerConfigKeys (ConfUtils.java:logGet(43)) - raft.server.notification.no-leader.timeout = 120s (custom)
2019-09-28 01:17:48,249 [pool-287-thread-1] INFO  server.RaftServerConfigKeys (ConfUtils.java:logGet(43)) - raft.server.log.use.memory = false (default)
2019-09-28 01:17:48,249 [pool-287-thread-1] INFO  server.RaftServerConfigKeys (ConfUtils.java:logGet(43)) - raft.server.log.purge.gap = 1000000 (custom)
2019-09-28 01:17:48,249 [pool-287-thread-1] INFO  server.RaftServerConfigKeys (ConfUtils.java:logGet(43)) - raft.server.log.appender.buffer.byte-limit = 33554432 (custom)
2019-09-28 01:17:48,249 [pool-287-thread-1] INFO  server.RaftServerConfigKeys (ConfUtils.java:logGet(43)) - raft.server.log.segment.size.max = 1048576 (custom)
2019-09-28 01:17:48,249 [pool-287-thread-1] INFO  server.RaftServerConfigKeys (ConfUtils.java:logGet(43)) - raft.server.log.segment.cache.num.max = 2 (custom)
2019-09-28 01:17:48,249 [pool-287-thread-1] INFO  segmented.SegmentedRaftLogWorker (SegmentedRaftLogWorker.java:<init>(172)) - new 14d5cd8c-0256-42d6-a2d7-07541ed6779f@group-823508E827D8-SegmentedRaftLogWorker for RaftStorage:Storage Directory /workdir/hadoop-ozone/integration-test/target/test-dir/MiniOzoneClusterImpl-8d3ed4ce-f2e5-424c-95d5-a4ae13d3a978/datanode-2/data/ratis/bf75b7be-6e47-4cd7-b248-823508e827d8
2019-09-28 01:17:48,251 [pool-287-thread-1] INFO  server.RaftServerConfigKeys (ConfUtils.java:logGet(43)) - raft.server.log.queue.byte-limit = 2147483647 (custom)
2019-09-28 01:17:48,251 [pool-287-thread-1] INFO  server.RaftServerConfigKeys (ConfUtils.java:logGet(43)) - raft.server.log.queue.element-limit = 1024 (custom)
2019-09-28 01:17:48,251 [pool-287-thread-1] INFO  server.RaftServerConfigKeys (ConfUtils.java:logGet(43)) - raft.server.log.segment.size.max = 1048576 (custom)
2019-09-28 01:17:48,251 [pool-287-thread-1] INFO  server.RaftServerConfigKeys (ConfUtils.java:logGet(43)) - raft.server.log.preallocated.size = 16384 (custom)
2019-09-28 01:17:48,251 [pool-287-thread-1] INFO  server.RaftServerConfigKeys (ConfUtils.java:logGet(43)) - raft.server.log.write.buffer.size = 33554432 (custom)
2019-09-28 01:17:48,252 [pool-287-thread-1] INFO  server.RaftServerConfigKeys (ConfUtils.java:logGet(43)) - raft.server.log.force.sync.num = 128 (default)
2019-09-28 01:17:48,252 [pool-287-thread-1] INFO  server.RaftServerConfigKeys (ConfUtils.java:logGet(43)) - raft.server.log.statemachine.data.sync = true (default)
2019-09-28 01:17:48,252 [pool-287-thread-1] INFO  server.RaftServerConfigKeys (ConfUtils.java:logGet(43)) - raft.server.log.statemachine.data.sync.timeout = 10s (default)
2019-09-28 01:17:48,252 [pool-287-thread-1] INFO  server.RaftServerConfigKeys (ConfUtils.java:logGet(43)) - raft.server.log.statemachine.data.sync.timeout.retry = -1 (default)
2019-09-28 01:17:48,252 [pool-287-thread-1] INFO  server.RaftServerConfigKeys (ConfUtils.java:logGet(43)) - raft.server.log.statemachine.data.caching.enabled = true (custom)
2019-09-28 01:17:48,252 [pool-287-thread-1] INFO  segmented.SegmentedRaftLogWorker (SegmentedRaftLogWorker.java:lambda$new$0(132)) - 14d5cd8c-0256-42d6-a2d7-07541ed6779f@group-823508E827D8-SegmentedRaftLogWorker: flushIndex: setUnconditionally 0 -> -1
2019-09-28 01:17:48,253 [pool-287-thread-1] INFO  server.RaftServerConfigKeys (ConfUtils.java:logGet(43)) - raft.server.snapshot.auto.trigger.enabled = true (custom)
2019-09-28 01:17:48,253 [pool-287-thread-1] INFO  server.RaftServerConfigKeys (ConfUtils.java:logGet(43)) - raft.server.snapshot.auto.trigger.threshold = 10000 (custom)
2019-09-28 01:17:48,253 [pool-287-thread-1] INFO  server.RaftServerConfigKeys (ConfUtils.java:logGet(43)) - raft.server.snapshot.retention.num.files = 5 (custom)
2019-09-28 01:17:48,253 [pool-287-thread-1] INFO  server.RaftServerConfigKeys (ConfUtils.java:logGet(43)) - raft.server.retrycache.expirytime = 600000ms (custom)
2019-09-28 01:17:48,255 [pool-287-thread-1] INFO  impl.RaftServerImpl (RaftServerImpl.java:start(185)) - 14d5cd8c-0256-42d6-a2d7-07541ed6779f@group-823508E827D8: start as a follower, conf=-1: [14d5cd8c-0256-42d6-a2d7-07541ed6779f:192.168.151.82:40125], old=null
2019-09-28 01:17:48,255 [pool-287-thread-1] INFO  impl.RaftServerImpl (RaftServerImpl.java:setRole(174)) - 14d5cd8c-0256-42d6-a2d7-07541ed6779f@group-823508E827D8: changes role from      null to FOLLOWER at term 0 for startAsFollower
2019-09-28 01:17:48,255 [pool-287-thread-1] INFO  impl.RoleInfo (RoleInfo.java:updateAndGet(143)) - 14d5cd8c-0256-42d6-a2d7-07541ed6779f: start FollowerState
2019-09-28 01:17:48,255 [pool-287-thread-1] INFO  util.JmxRegister (JmxRegister.java:tryRegister(44)) - Successfully registered JMX Bean with object name Ratis:service=RaftServer,group=group-823508E827D8,id=14d5cd8c-0256-42d6-a2d7-07541ed6779f
2019-09-28 01:17:48,260 [RatisPipelineUtilsThread] INFO  pipeline.PipelineStateManager (PipelineStateManager.java:addPipeline(56)) - Created pipeline Pipeline[ Id: bf75b7be-6e47-4cd7-b248-823508e827d8, Nodes: 14d5cd8c-0256-42d6-a2d7-07541ed6779f{ip: 192.168.151.82, host: pr-hdds-2162-8g7kw-3348123894, networkLocation: /rack1, certSerialId: null}, Type:RATIS, Factor:ONE, State:OPEN]
2019-09-28 01:17:48,274 [IPC Server handler 0 on 39740] INFO  net.NetworkTopology (NetworkTopologyImpl.java:add(111)) - Added a new node: /rack1/4c896d7a-7f6e-4c9a-8a8b-40c5d5b27396
2019-09-28 01:17:48,274 [IPC Server handler 0 on 39740] INFO  node.SCMNodeManager (SCMNodeManager.java:register(266)) - Registered Data node : 4c896d7a-7f6e-4c9a-8a8b-40c5d5b27396{ip: 192.168.151.82, host: pr-hdds-2162-8g7kw-3348123894, networkLocation: /rack1, certSerialId: null}
2019-09-28 01:17:48,275 [grpc-default-executor-2] INFO  impl.RaftServerProxy (RaftServerProxy.java:addNew(89)) - 14d5cd8c-0256-42d6-a2d7-07541ed6779f: addNew group-393F5BFE9DF9:[5a7443cd-0ba8-4045-a615-ca9d87f0fd78:192.168.151.82:45593, b37755ce-c4af-4380-b35a-3b0325863f58:192.168.151.82:45195, 14d5cd8c-0256-42d6-a2d7-07541ed6779f:192.168.151.82:40125] returns group-393F5BFE9DF9:java.util.concurrent.CompletableFuture@47669393[Not completed]
2019-09-28 01:17:48,275 [grpc-default-executor-1] INFO  impl.RaftServerProxy (RaftServerProxy.java:addNew(89)) - b37755ce-c4af-4380-b35a-3b0325863f58: addNew group-393F5BFE9DF9:[5a7443cd-0ba8-4045-a615-ca9d87f0fd78:192.168.151.82:45593, b37755ce-c4af-4380-b35a-3b0325863f58:192.168.151.82:45195, 14d5cd8c-0256-42d6-a2d7-07541ed6779f:192.168.151.82:40125] returns group-393F5BFE9DF9:java.util.concurrent.CompletableFuture@16ea8c1b[Not completed]
2019-09-28 01:17:48,276 [grpc-default-executor-1] INFO  impl.RaftServerProxy (RaftServerProxy.java:addNew(89)) - 5a7443cd-0ba8-4045-a615-ca9d87f0fd78: addNew group-393F5BFE9DF9:[5a7443cd-0ba8-4045-a615-ca9d87f0fd78:192.168.151.82:45593, b37755ce-c4af-4380-b35a-3b0325863f58:192.168.151.82:45195, 14d5cd8c-0256-42d6-a2d7-07541ed6779f:192.168.151.82:40125] returns group-393F5BFE9DF9:java.util.concurrent.CompletableFuture@53e800a2[Not completed]
2019-09-28 01:17:48,277 [pool-287-thread-1] INFO  impl.RaftServerImpl (RaftServerImpl.java:<init>(95)) - 14d5cd8c-0256-42d6-a2d7-07541ed6779f: new RaftServerImpl for group-393F5BFE9DF9:[5a7443cd-0ba8-4045-a615-ca9d87f0fd78:192.168.151.82:45593, b37755ce-c4af-4380-b35a-3b0325863f58:192.168.151.82:45195, 14d5cd8c-0256-42d6-a2d7-07541ed6779f:192.168.151.82:40125] with ContainerStateMachine:uninitialized
2019-09-28 01:17:48,277 [pool-287-thread-1] INFO  server.RaftServerConfigKeys (ConfUtils.java:logGet(43)) - raft.server.rpc.timeout.min = 1s (custom)
2019-09-28 01:17:48,277 [pool-287-thread-1] INFO  server.RaftServerConfigKeys (ConfUtils.java:logGet(43)) - raft.server.rpc.timeout.max = 1200ms (custom)
2019-09-28 01:17:48,277 [pool-287-thread-1] INFO  server.RaftServerConfigKeys (ConfUtils.java:logGet(43)) - raft.server.rpcslowness.timeout = 120s (custom)
2019-09-28 01:17:48,278 [pool-287-thread-1] INFO  server.RaftServerConfigKeys (ConfUtils.java:logGet(43)) - raft.server.sleep.deviation.threshold = 300 (default)
2019-09-28 01:17:48,278 [pool-287-thread-1] INFO  server.RaftServerConfigKeys (ConfUtils.java:logGet(43)) - raft.server.log.appender.install.snapshot.enabled = false (custom)
2019-09-28 01:17:48,278 [pool-267-thread-1] INFO  impl.RaftServerImpl (RaftServerImpl.java:<init>(95)) - 5a7443cd-0ba8-4045-a615-ca9d87f0fd78: new RaftServerImpl for group-393F5BFE9DF9:[5a7443cd-0ba8-4045-a615-ca9d87f0fd78:192.168.151.82:45593, b37755ce-c4af-4380-b35a-3b0325863f58:192.168.151.82:45195, 14d5cd8c-0256-42d6-a2d7-07541ed6779f:192.168.151.82:40125] with ContainerStateMachine:uninitialized
2019-09-28 01:17:48,278 [pool-287-thread-1] INFO  impl.RaftServerImpl (ServerState.java:<init>(103)) - 14d5cd8c-0256-42d6-a2d7-07541ed6779f@group-393F5BFE9DF9: ConfigurationManager, init=-1: [5a7443cd-0ba8-4045-a615-ca9d87f0fd78:192.168.151.82:45593, b37755ce-c4af-4380-b35a-3b0325863f58:192.168.151.82:45195, 14d5cd8c-0256-42d6-a2d7-07541ed6779f:192.168.151.82:40125], old=null, confs=<EMPTY_MAP>
2019-09-28 01:17:48,278 [pool-267-thread-1] INFO  server.RaftServerConfigKeys (ConfUtils.java:logGet(43)) - raft.server.rpc.timeout.min = 1s (custom)
2019-09-28 01:17:48,278 [pool-287-thread-1] INFO  server.RaftServerConfigKeys (ConfUtils.java:logGet(43)) - raft.server.storage.dir = [/workdir/hadoop-ozone/integration-test/target/test-dir/MiniOzoneClusterImpl-8d3ed4ce-f2e5-424c-95d5-a4ae13d3a978/datanode-2/data/ratis] (custom)
2019-09-28 01:17:48,278 [pool-277-thread-1] INFO  impl.RaftServerImpl (RaftServerImpl.java:<init>(95)) - b37755ce-c4af-4380-b35a-3b0325863f58: new RaftServerImpl for group-393F5BFE9DF9:[5a7443cd-0ba8-4045-a615-ca9d87f0fd78:192.168.151.82:45593, b37755ce-c4af-4380-b35a-3b0325863f58:192.168.151.82:45195, 14d5cd8c-0256-42d6-a2d7-07541ed6779f:192.168.151.82:40125] with ContainerStateMachine:uninitialized
2019-09-28 01:17:48,278 [pool-267-thread-1] INFO  server.RaftServerConfigKeys (ConfUtils.java:logGet(43)) - raft.server.rpc.timeout.max = 1200ms (custom)
2019-09-28 01:17:48,279 [pool-287-thread-1] INFO  storage.RaftStorageDirectory (RaftStorageDirectory.java:analyzeStorage(246)) - The storage directory /workdir/hadoop-ozone/integration-test/target/test-dir/MiniOzoneClusterImpl-8d3ed4ce-f2e5-424c-95d5-a4ae13d3a978/datanode-2/data/ratis/6db59a8c-8af6-4ad5-ac64-393f5bfe9df9 does not exist. Creating ...
2019-09-28 01:17:48,279 [pool-277-thread-1] INFO  server.RaftServerConfigKeys (ConfUtils.java:logGet(43)) - raft.server.rpc.timeout.min = 1s (custom)
2019-09-28 01:17:48,279 [pool-267-thread-1] INFO  server.RaftServerConfigKeys (ConfUtils.java:logGet(43)) - raft.server.rpcslowness.timeout = 120s (custom)
2019-09-28 01:17:48,279 [pool-277-thread-1] INFO  server.RaftServerConfigKeys (ConfUtils.java:logGet(43)) - raft.server.rpc.timeout.max = 1200ms (custom)
2019-09-28 01:17:48,279 [pool-267-thread-1] INFO  server.RaftServerConfigKeys (ConfUtils.java:logGet(43)) - raft.server.sleep.deviation.threshold = 300 (default)
2019-09-28 01:17:48,280 [pool-277-thread-1] INFO  server.RaftServerConfigKeys (ConfUtils.java:logGet(43)) - raft.server.rpcslowness.timeout = 120s (custom)
2019-09-28 01:17:48,280 [pool-267-thread-1] INFO  server.RaftServerConfigKeys (ConfUtils.java:logGet(43)) - raft.server.log.appender.install.snapshot.enabled = false (custom)
2019-09-28 01:17:48,280 [pool-277-thread-1] INFO  server.RaftServerConfigKeys (ConfUtils.java:logGet(43)) - raft.server.sleep.deviation.threshold = 300 (default)
2019-09-28 01:17:48,280 [pool-267-thread-1] INFO  impl.RaftServerImpl (ServerState.java:<init>(103)) - 5a7443cd-0ba8-4045-a615-ca9d87f0fd78@group-393F5BFE9DF9: ConfigurationManager, init=-1: [5a7443cd-0ba8-4045-a615-ca9d87f0fd78:192.168.151.82:45593, b37755ce-c4af-4380-b35a-3b0325863f58:192.168.151.82:45195, 14d5cd8c-0256-42d6-a2d7-07541ed6779f:192.168.151.82:40125], old=null, confs=<EMPTY_MAP>
2019-09-28 01:17:48,280 [pool-277-thread-1] INFO  server.RaftServerConfigKeys (ConfUtils.java:logGet(43)) - raft.server.log.appender.install.snapshot.enabled = false (custom)
2019-09-28 01:17:48,280 [pool-267-thread-1] INFO  server.RaftServerConfigKeys (ConfUtils.java:logGet(43)) - raft.server.storage.dir = [/workdir/hadoop-ozone/integration-test/target/test-dir/MiniOzoneClusterImpl-8d3ed4ce-f2e5-424c-95d5-a4ae13d3a978/datanode-0/data/ratis] (custom)
2019-09-28 01:17:48,281 [pool-277-thread-1] INFO  impl.RaftServerImpl (ServerState.java:<init>(103)) - b37755ce-c4af-4380-b35a-3b0325863f58@group-393F5BFE9DF9: ConfigurationManager, init=-1: [5a7443cd-0ba8-4045-a615-ca9d87f0fd78:192.168.151.82:45593, b37755ce-c4af-4380-b35a-3b0325863f58:192.168.151.82:45195, 14d5cd8c-0256-42d6-a2d7-07541ed6779f:192.168.151.82:40125], old=null, confs=<EMPTY_MAP>
2019-09-28 01:17:48,281 [pool-277-thread-1] INFO  server.RaftServerConfigKeys (ConfUtils.java:logGet(43)) - raft.server.storage.dir = [/workdir/hadoop-ozone/integration-test/target/test-dir/MiniOzoneClusterImpl-8d3ed4ce-f2e5-424c-95d5-a4ae13d3a978/datanode-1/data/ratis] (custom)
2019-09-28 01:17:48,281 [pool-267-thread-1] INFO  storage.RaftStorageDirectory (RaftStorageDirectory.java:analyzeStorage(246)) - The storage directory /workdir/hadoop-ozone/integration-test/target/test-dir/MiniOzoneClusterImpl-8d3ed4ce-f2e5-424c-95d5-a4ae13d3a978/datanode-0/data/ratis/6db59a8c-8af6-4ad5-ac64-393f5bfe9df9 does not exist. Creating ...
2019-09-28 01:17:48,281 [pool-277-thread-1] INFO  storage.RaftStorageDirectory (RaftStorageDirectory.java:analyzeStorage(246)) - The storage directory /workdir/hadoop-ozone/integration-test/target/test-dir/MiniOzoneClusterImpl-8d3ed4ce-f2e5-424c-95d5-a4ae13d3a978/datanode-1/data/ratis/6db59a8c-8af6-4ad5-ac64-393f5bfe9df9 does not exist. Creating ...
2019-09-28 01:17:48,293 [pool-277-thread-1] INFO  storage.RaftStorageDirectory (RaftStorageDirectory.java:tryLock(328)) - Lock on /workdir/hadoop-ozone/integration-test/target/test-dir/MiniOzoneClusterImpl-8d3ed4ce-f2e5-424c-95d5-a4ae13d3a978/datanode-1/data/ratis/6db59a8c-8af6-4ad5-ac64-393f5bfe9df9/in_use.lock acquired by nodename 30873@pr-hdds-2162-8g7kw-3348123894
2019-09-28 01:17:48,293 [pool-287-thread-1] INFO  storage.RaftStorageDirectory (RaftStorageDirectory.java:tryLock(328)) - Lock on /workdir/hadoop-ozone/integration-test/target/test-dir/MiniOzoneClusterImpl-8d3ed4ce-f2e5-424c-95d5-a4ae13d3a978/datanode-2/data/ratis/6db59a8c-8af6-4ad5-ac64-393f5bfe9df9/in_use.lock acquired by nodename 30873@pr-hdds-2162-8g7kw-3348123894
2019-09-28 01:17:48,293 [pool-267-thread-1] INFO  storage.RaftStorageDirectory (RaftStorageDirectory.java:tryLock(328)) - Lock on /workdir/hadoop-ozone/integration-test/target/test-dir/MiniOzoneClusterImpl-8d3ed4ce-f2e5-424c-95d5-a4ae13d3a978/datanode-0/data/ratis/6db59a8c-8af6-4ad5-ac64-393f5bfe9df9/in_use.lock acquired by nodename 30873@pr-hdds-2162-8g7kw-3348123894
2019-09-28 01:17:48,307 [pool-267-thread-1] INFO  storage.RaftStorage (RaftStorage.java:format(72)) - Storage directory /workdir/hadoop-ozone/integration-test/target/test-dir/MiniOzoneClusterImpl-8d3ed4ce-f2e5-424c-95d5-a4ae13d3a978/datanode-0/data/ratis/6db59a8c-8af6-4ad5-ac64-393f5bfe9df9 has been successfully formatted.
2019-09-28 01:17:48,307 [pool-287-thread-1] INFO  storage.RaftStorage (RaftStorage.java:format(72)) - Storage directory /workdir/hadoop-ozone/integration-test/target/test-dir/MiniOzoneClusterImpl-8d3ed4ce-f2e5-424c-95d5-a4ae13d3a978/datanode-2/data/ratis/6db59a8c-8af6-4ad5-ac64-393f5bfe9df9 has been successfully formatted.
2019-09-28 01:17:48,307 [pool-277-thread-1] INFO  storage.RaftStorage (RaftStorage.java:format(72)) - Storage directory /workdir/hadoop-ozone/integration-test/target/test-dir/MiniOzoneClusterImpl-8d3ed4ce-f2e5-424c-95d5-a4ae13d3a978/datanode-1/data/ratis/6db59a8c-8af6-4ad5-ac64-393f5bfe9df9 has been successfully formatted.
2019-09-28 01:17:48,308 [pool-287-thread-1] INFO  ratis.ContainerStateMachine (ContainerStateMachine.java:loadSnapshot(230)) - group-393F5BFE9DF9: The snapshot info is null. Setting the last applied indexto:(t:0, i:~)
2019-09-28 01:17:48,308 [pool-277-thread-1] INFO  ratis.ContainerStateMachine (ContainerStateMachine.java:loadSnapshot(230)) - group-393F5BFE9DF9: The snapshot info is null. Setting the last applied indexto:(t:0, i:~)
2019-09-28 01:17:48,308 [pool-277-thread-1] INFO  server.RaftServerConfigKeys (ConfUtils.java:logGet(43)) - raft.server.notification.no-leader.timeout = 120s (custom)
2019-09-28 01:17:48,308 [pool-267-thread-1] INFO  ratis.ContainerStateMachine (ContainerStateMachine.java:loadSnapshot(230)) - group-393F5BFE9DF9: The snapshot info is null. Setting the last applied indexto:(t:0, i:~)
2019-09-28 01:17:48,308 [pool-277-thread-1] INFO  server.RaftServerConfigKeys (ConfUtils.java:logGet(43)) - raft.server.log.use.memory = false (default)
2019-09-28 01:17:48,308 [pool-287-thread-1] INFO  server.RaftServerConfigKeys (ConfUtils.java:logGet(43)) - raft.server.notification.no-leader.timeout = 120s (custom)
2019-09-28 01:17:48,309 [pool-277-thread-1] INFO  server.RaftServerConfigKeys (ConfUtils.java:logGet(43)) - raft.server.log.purge.gap = 1000000 (custom)
2019-09-28 01:17:48,309 [pool-277-thread-1] INFO  server.RaftServerConfigKeys (ConfUtils.java:logGet(43)) - raft.server.log.appender.buffer.byte-limit = 33554432 (custom)
2019-09-28 01:17:48,309 [pool-267-thread-1] INFO  server.RaftServerConfigKeys (ConfUtils.java:logGet(43)) - raft.server.notification.no-leader.timeout = 120s (custom)
2019-09-28 01:17:48,309 [pool-277-thread-1] INFO  server.RaftServerConfigKeys (ConfUtils.java:logGet(43)) - raft.server.log.segment.size.max = 1048576 (custom)
2019-09-28 01:17:48,309 [pool-287-thread-1] INFO  server.RaftServerConfigKeys (ConfUtils.java:logGet(43)) - raft.server.log.use.memory = false (default)
2019-09-28 01:17:48,310 [pool-277-thread-1] INFO  server.RaftServerConfigKeys (ConfUtils.java:logGet(43)) - raft.server.log.segment.cache.num.max = 2 (custom)
2019-09-28 01:17:48,309 [pool-267-thread-1] INFO  server.RaftServerConfigKeys (ConfUtils.java:logGet(43)) - raft.server.log.use.memory = false (default)
2019-09-28 01:17:48,310 [pool-277-thread-1] INFO  segmented.SegmentedRaftLogWorker (SegmentedRaftLogWorker.java:<init>(172)) - new b37755ce-c4af-4380-b35a-3b0325863f58@group-393F5BFE9DF9-SegmentedRaftLogWorker for RaftStorage:Storage Directory /workdir/hadoop-ozone/integration-test/target/test-dir/MiniOzoneClusterImpl-8d3ed4ce-f2e5-424c-95d5-a4ae13d3a978/datanode-1/data/ratis/6db59a8c-8af6-4ad5-ac64-393f5bfe9df9
2019-09-28 01:17:48,310 [pool-287-thread-1] INFO  server.RaftServerConfigKeys (ConfUtils.java:logGet(43)) - raft.server.log.purge.gap = 1000000 (custom)
2019-09-28 01:17:48,310 [pool-277-thread-1] INFO  server.RaftServerConfigKeys (ConfUtils.java:logGet(43)) - raft.server.log.queue.byte-limit = 2147483647 (custom)
2019-09-28 01:17:48,310 [pool-267-thread-1] INFO  server.RaftServerConfigKeys (ConfUtils.java:logGet(43)) - raft.server.log.purge.gap = 1000000 (custom)
2019-09-28 01:17:48,311 [pool-277-thread-1] INFO  server.RaftServerConfigKeys (ConfUtils.java:logGet(43)) - raft.server.log.queue.element-limit = 1024 (custom)
2019-09-28 01:17:48,310 [pool-287-thread-1] INFO  server.RaftServerConfigKeys (ConfUtils.java:logGet(43)) - raft.server.log.appender.buffer.byte-limit = 33554432 (custom)
2019-09-28 01:17:48,311 [pool-277-thread-1] INFO  server.RaftServerConfigKeys (ConfUtils.java:logGet(43)) - raft.server.log.segment.size.max = 1048576 (custom)
2019-09-28 01:17:48,311 [pool-277-thread-1] INFO  server.RaftServerConfigKeys (ConfUtils.java:logGet(43)) - raft.server.log.preallocated.size = 16384 (custom)
2019-09-28 01:17:48,311 [pool-267-thread-1] INFO  server.RaftServerConfigKeys (ConfUtils.java:logGet(43)) - raft.server.log.appender.buffer.byte-limit = 33554432 (custom)
2019-09-28 01:17:48,311 [pool-277-thread-1] INFO  server.RaftServerConfigKeys (ConfUtils.java:logGet(43)) - raft.server.log.write.buffer.size = 33554432 (custom)
2019-09-28 01:17:48,311 [pool-287-thread-1] INFO  server.RaftServerConfigKeys (ConfUtils.java:logGet(43)) - raft.server.log.segment.size.max = 1048576 (custom)
2019-09-28 01:17:48,312 [pool-277-thread-1] INFO  server.RaftServerConfigKeys (ConfUtils.java:logGet(43)) - raft.server.log.force.sync.num = 128 (default)
2019-09-28 01:17:48,312 [pool-277-thread-1] INFO  server.RaftServerConfigKeys (ConfUtils.java:logGet(43)) - raft.server.log.statemachine.data.sync = true (default)
2019-09-28 01:17:48,312 [pool-267-thread-1] INFO  server.RaftServerConfigKeys (ConfUtils.java:logGet(43)) - raft.server.log.segment.size.max = 1048576 (custom)
2019-09-28 01:17:48,312 [pool-277-thread-1] INFO  server.RaftServerConfigKeys (ConfUtils.java:logGet(43)) - raft.server.log.statemachine.data.sync.timeout = 10s (default)
2019-09-28 01:17:48,312 [pool-287-thread-1] INFO  server.RaftServerConfigKeys (ConfUtils.java:logGet(43)) - raft.server.log.segment.cache.num.max = 2 (custom)
2019-09-28 01:17:48,313 [pool-277-thread-1] INFO  server.RaftServerConfigKeys (ConfUtils.java:logGet(43)) - raft.server.log.statemachine.data.sync.timeout.retry = -1 (default)
2019-09-28 01:17:48,312 [pool-267-thread-1] INFO  server.RaftServerConfigKeys (ConfUtils.java:logGet(43)) - raft.server.log.segment.cache.num.max = 2 (custom)
2019-09-28 01:17:48,313 [pool-277-thread-1] INFO  server.RaftServerConfigKeys (ConfUtils.java:logGet(43)) - raft.server.log.statemachine.data.caching.enabled = true (custom)
2019-09-28 01:17:48,313 [pool-287-thread-1] INFO  segmented.SegmentedRaftLogWorker (SegmentedRaftLogWorker.java:<init>(172)) - new 14d5cd8c-0256-42d6-a2d7-07541ed6779f@group-393F5BFE9DF9-SegmentedRaftLogWorker for RaftStorage:Storage Directory /workdir/hadoop-ozone/integration-test/target/test-dir/MiniOzoneClusterImpl-8d3ed4ce-f2e5-424c-95d5-a4ae13d3a978/datanode-2/data/ratis/6db59a8c-8af6-4ad5-ac64-393f5bfe9df9
2019-09-28 01:17:48,313 [pool-267-thread-1] INFO  segmented.SegmentedRaftLogWorker (SegmentedRaftLogWorker.java:<init>(172)) - new 5a7443cd-0ba8-4045-a615-ca9d87f0fd78@group-393F5BFE9DF9-SegmentedRaftLogWorker for RaftStorage:Storage Directory /workdir/hadoop-ozone/integration-test/target/test-dir/MiniOzoneClusterImpl-8d3ed4ce-f2e5-424c-95d5-a4ae13d3a978/datanode-0/data/ratis/6db59a8c-8af6-4ad5-ac64-393f5bfe9df9
2019-09-28 01:17:48,313 [pool-287-thread-1] INFO  server.RaftServerConfigKeys (ConfUtils.java:logGet(43)) - raft.server.log.queue.byte-limit = 2147483647 (custom)
2019-09-28 01:17:48,314 [pool-277-thread-1] INFO  segmented.SegmentedRaftLogWorker (SegmentedRaftLogWorker.java:lambda$new$0(132)) - b37755ce-c4af-4380-b35a-3b0325863f58@group-393F5BFE9DF9-SegmentedRaftLogWorker: flushIndex: setUnconditionally 0 -> -1
2019-09-28 01:17:48,314 [pool-287-thread-1] INFO  server.RaftServerConfigKeys (ConfUtils.java:logGet(43)) - raft.server.log.queue.element-limit = 1024 (custom)
2019-09-28 01:17:48,314 [pool-267-thread-1] INFO  server.RaftServerConfigKeys (ConfUtils.java:logGet(43)) - raft.server.log.queue.byte-limit = 2147483647 (custom)
2019-09-28 01:17:48,314 [pool-287-thread-1] INFO  server.RaftServerConfigKeys (ConfUtils.java:logGet(43)) - raft.server.log.segment.size.max = 1048576 (custom)
2019-09-28 01:17:48,314 [pool-277-thread-1] INFO  server.RaftServerConfigKeys (ConfUtils.java:logGet(43)) - raft.server.snapshot.auto.trigger.enabled = true (custom)
2019-09-28 01:17:48,315 [pool-287-thread-1] INFO  server.RaftServerConfigKeys (ConfUtils.java:logGet(43)) - raft.server.log.preallocated.size = 16384 (custom)
2019-09-28 01:17:48,314 [pool-267-thread-1] INFO  server.RaftServerConfigKeys (ConfUtils.java:logGet(43)) - raft.server.log.queue.element-limit = 1024 (custom)
2019-09-28 01:17:48,315 [pool-287-thread-1] INFO  server.RaftServerConfigKeys (ConfUtils.java:logGet(43)) - raft.server.log.write.buffer.size = 33554432 (custom)
2019-09-28 01:17:48,315 [pool-277-thread-1] INFO  server.RaftServerConfigKeys (ConfUtils.java:logGet(43)) - raft.server.snapshot.auto.trigger.threshold = 10000 (custom)
2019-09-28 01:17:48,315 [pool-287-thread-1] INFO  server.RaftServerConfigKeys (ConfUtils.java:logGet(43)) - raft.server.log.force.sync.num = 128 (default)
2019-09-28 01:17:48,316 [pool-287-thread-1] INFO  server.RaftServerConfigKeys (ConfUtils.java:logGet(43)) - raft.server.log.statemachine.data.sync = true (default)
2019-09-28 01:17:48,315 [pool-267-thread-1] INFO  server.RaftServerConfigKeys (ConfUtils.java:logGet(43)) - raft.server.log.segment.size.max = 1048576 (custom)
2019-09-28 01:17:48,316 [pool-287-thread-1] INFO  server.RaftServerConfigKeys (ConfUtils.java:logGet(43)) - raft.server.log.statemachine.data.sync.timeout = 10s (default)
2019-09-28 01:17:48,316 [pool-287-thread-1] INFO  server.RaftServerConfigKeys (ConfUtils.java:logGet(43)) - raft.server.log.statemachine.data.sync.timeout.retry = -1 (default)
2019-09-28 01:17:48,316 [pool-277-thread-1] INFO  server.RaftServerConfigKeys (ConfUtils.java:logGet(43)) - raft.server.snapshot.retention.num.files = 5 (custom)
2019-09-28 01:17:48,317 [pool-287-thread-1] INFO  server.RaftServerConfigKeys (ConfUtils.java:logGet(43)) - raft.server.log.statemachine.data.caching.enabled = true (custom)
2019-09-28 01:17:48,316 [pool-267-thread-1] INFO  server.RaftServerConfigKeys (ConfUtils.java:logGet(43)) - raft.server.log.preallocated.size = 16384 (custom)
2019-09-28 01:17:48,317 [pool-287-thread-1] INFO  segmented.SegmentedRaftLogWorker (SegmentedRaftLogWorker.java:lambda$new$0(132)) - 14d5cd8c-0256-42d6-a2d7-07541ed6779f@group-393F5BFE9DF9-SegmentedRaftLogWorker: flushIndex: setUnconditionally 0 -> -1
2019-09-28 01:17:48,317 [pool-277-thread-1] INFO  server.RaftServerConfigKeys (ConfUtils.java:logGet(43)) - raft.server.retrycache.expirytime = 600000ms (custom)
2019-09-28 01:17:48,317 [pool-287-thread-1] INFO  server.RaftServerConfigKeys (ConfUtils.java:logGet(43)) - raft.server.snapshot.auto.trigger.enabled = true (custom)
2019-09-28 01:17:48,317 [pool-267-thread-1] INFO  server.RaftServerConfigKeys (ConfUtils.java:logGet(43)) - raft.server.log.write.buffer.size = 33554432 (custom)
2019-09-28 01:17:48,318 [pool-287-thread-1] INFO  server.RaftServerConfigKeys (ConfUtils.java:logGet(43)) - raft.server.snapshot.auto.trigger.threshold = 10000 (custom)
2019-09-28 01:17:48,318 [pool-267-thread-1] INFO  server.RaftServerConfigKeys (ConfUtils.java:logGet(43)) - raft.server.log.force.sync.num = 128 (default)
2019-09-28 01:17:48,318 [pool-287-thread-1] INFO  server.RaftServerConfigKeys (ConfUtils.java:logGet(43)) - raft.server.snapshot.retention.num.files = 5 (custom)
2019-09-28 01:17:48,318 [pool-267-thread-1] INFO  server.RaftServerConfigKeys (ConfUtils.java:logGet(43)) - raft.server.log.statemachine.data.sync = true (default)
2019-09-28 01:17:48,318 [pool-287-thread-1] INFO  server.RaftServerConfigKeys (ConfUtils.java:logGet(43)) - raft.server.retrycache.expirytime = 600000ms (custom)
2019-09-28 01:17:48,318 [pool-267-thread-1] INFO  server.RaftServerConfigKeys (ConfUtils.java:logGet(43)) - raft.server.log.statemachine.data.sync.timeout = 10s (default)
2019-09-28 01:17:48,319 [pool-267-thread-1] INFO  server.RaftServerConfigKeys (ConfUtils.java:logGet(43)) - raft.server.log.statemachine.data.sync.timeout.retry = -1 (default)
2019-09-28 01:17:48,319 [pool-267-thread-1] INFO  server.RaftServerConfigKeys (ConfUtils.java:logGet(43)) - raft.server.log.statemachine.data.caching.enabled = true (custom)
2019-09-28 01:17:48,319 [pool-267-thread-1] INFO  segmented.SegmentedRaftLogWorker (SegmentedRaftLogWorker.java:lambda$new$0(132)) - 5a7443cd-0ba8-4045-a615-ca9d87f0fd78@group-393F5BFE9DF9-SegmentedRaftLogWorker: flushIndex: setUnconditionally 0 -> -1
2019-09-28 01:17:48,320 [pool-267-thread-1] INFO  server.RaftServerConfigKeys (ConfUtils.java:logGet(43)) - raft.server.snapshot.auto.trigger.enabled = true (custom)
2019-09-28 01:17:48,320 [pool-267-thread-1] INFO  server.RaftServerConfigKeys (ConfUtils.java:logGet(43)) - raft.server.snapshot.auto.trigger.threshold = 10000 (custom)
2019-09-28 01:17:48,320 [pool-277-thread-1] INFO  impl.RaftServerImpl (RaftServerImpl.java:start(185)) - b37755ce-c4af-4380-b35a-3b0325863f58@group-393F5BFE9DF9: start as a follower, conf=-1: [5a7443cd-0ba8-4045-a615-ca9d87f0fd78:192.168.151.82:45593, b37755ce-c4af-4380-b35a-3b0325863f58:192.168.151.82:45195, 14d5cd8c-0256-42d6-a2d7-07541ed6779f:192.168.151.82:40125], old=null
2019-09-28 01:17:48,320 [pool-267-thread-1] INFO  server.RaftServerConfigKeys (ConfUtils.java:logGet(43)) - raft.server.snapshot.retention.num.files = 5 (custom)
2019-09-28 01:17:48,320 [pool-277-thread-1] INFO  impl.RaftServerImpl (RaftServerImpl.java:setRole(174)) - b37755ce-c4af-4380-b35a-3b0325863f58@group-393F5BFE9DF9: changes role from      null to FOLLOWER at term 0 for startAsFollower
2019-09-28 01:17:48,320 [pool-267-thread-1] INFO  server.RaftServerConfigKeys (ConfUtils.java:logGet(43)) - raft.server.retrycache.expirytime = 600000ms (custom)
2019-09-28 01:17:48,320 [pool-277-thread-1] INFO  impl.RoleInfo (RoleInfo.java:updateAndGet(143)) - b37755ce-c4af-4380-b35a-3b0325863f58: start FollowerState
2019-09-28 01:17:48,321 [pool-287-thread-1] INFO  impl.RaftServerImpl (RaftServerImpl.java:start(185)) - 14d5cd8c-0256-42d6-a2d7-07541ed6779f@group-393F5BFE9DF9: start as a follower, conf=-1: [5a7443cd-0ba8-4045-a615-ca9d87f0fd78:192.168.151.82:45593, b37755ce-c4af-4380-b35a-3b0325863f58:192.168.151.82:45195, 14d5cd8c-0256-42d6-a2d7-07541ed6779f:192.168.151.82:40125], old=null
2019-09-28 01:17:48,321 [pool-277-thread-1] INFO  util.JmxRegister (JmxRegister.java:tryRegister(44)) - Successfully registered JMX Bean with object name Ratis:service=RaftServer,group=group-393F5BFE9DF9,id=b37755ce-c4af-4380-b35a-3b0325863f58
2019-09-28 01:17:48,321 [pool-287-thread-1] INFO  impl.RaftServerImpl (RaftServerImpl.java:setRole(174)) - 14d5cd8c-0256-42d6-a2d7-07541ed6779f@group-393F5BFE9DF9: changes role from      null to FOLLOWER at term 0 for startAsFollower
2019-09-28 01:17:48,321 [pool-287-thread-1] INFO  impl.RoleInfo (RoleInfo.java:updateAndGet(143)) - 14d5cd8c-0256-42d6-a2d7-07541ed6779f: start FollowerState
2019-09-28 01:17:48,322 [pool-287-thread-1] INFO  util.JmxRegister (JmxRegister.java:tryRegister(44)) - Successfully registered JMX Bean with object name Ratis:service=RaftServer,group=group-393F5BFE9DF9,id=14d5cd8c-0256-42d6-a2d7-07541ed6779f
2019-09-28 01:17:48,326 [pool-267-thread-1] INFO  impl.RaftServerImpl (RaftServerImpl.java:start(185)) - 5a7443cd-0ba8-4045-a615-ca9d87f0fd78@group-393F5BFE9DF9: start as a follower, conf=-1: [5a7443cd-0ba8-4045-a615-ca9d87f0fd78:192.168.151.82:45593, b37755ce-c4af-4380-b35a-3b0325863f58:192.168.151.82:45195, 14d5cd8c-0256-42d6-a2d7-07541ed6779f:192.168.151.82:40125], old=null
2019-09-28 01:17:48,327 [pool-267-thread-1] INFO  impl.RaftServerImpl (RaftServerImpl.java:setRole(174)) - 5a7443cd-0ba8-4045-a615-ca9d87f0fd78@group-393F5BFE9DF9: changes role from      null to FOLLOWER at term 0 for startAsFollower
2019-09-28 01:17:48,330 [pool-267-thread-1] INFO  impl.RoleInfo (RoleInfo.java:updateAndGet(143)) - 5a7443cd-0ba8-4045-a615-ca9d87f0fd78: start FollowerState
2019-09-28 01:17:48,331 [pool-267-thread-1] INFO  util.JmxRegister (JmxRegister.java:tryRegister(44)) - Successfully registered JMX Bean with object name Ratis:service=RaftServer,group=group-393F5BFE9DF9,id=5a7443cd-0ba8-4045-a615-ca9d87f0fd78
2019-09-28 01:17:48,353 [IPC Server handler 1 on 39740] INFO  net.NetworkTopology (NetworkTopologyImpl.java:add(111)) - Added a new node: /rack1/8e564692-438a-4cca-bbaf-5fbe943d4762
2019-09-28 01:17:48,353 [IPC Server handler 1 on 39740] INFO  node.SCMNodeManager (SCMNodeManager.java:register(266)) - Registered Data node : 8e564692-438a-4cca-bbaf-5fbe943d4762{ip: 192.168.151.82, host: pr-hdds-2162-8g7kw-3348123894, networkLocation: /rack1, certSerialId: null}
2019-09-28 01:17:48,354 [RatisPipelineUtilsThread] INFO  pipeline.PipelineStateManager (PipelineStateManager.java:addPipeline(56)) - Created pipeline Pipeline[ Id: 6db59a8c-8af6-4ad5-ac64-393f5bfe9df9, Nodes: b37755ce-c4af-4380-b35a-3b0325863f58{ip: 192.168.151.82, host: pr-hdds-2162-8g7kw-3348123894, networkLocation: /rack1, certSerialId: null}14d5cd8c-0256-42d6-a2d7-07541ed6779f{ip: 192.168.151.82, host: pr-hdds-2162-8g7kw-3348123894, networkLocation: /rack1, certSerialId: null}5a7443cd-0ba8-4045-a615-ca9d87f0fd78{ip: 192.168.151.82, host: pr-hdds-2162-8g7kw-3348123894, networkLocation: /rack1, certSerialId: null}, Type:RATIS, Factor:THREE, State:OPEN]
2019-09-28 01:17:48,365 [grpc-default-executor-1] INFO  impl.RaftServerProxy (RaftServerProxy.java:addNew(89)) - 8e564692-438a-4cca-bbaf-5fbe943d4762: addNew group-A9CCFA85FD37:[8e564692-438a-4cca-bbaf-5fbe943d4762:192.168.151.82:44652] returns group-A9CCFA85FD37:java.util.concurrent.CompletableFuture@20391658[Not completed]
2019-09-28 01:17:48,367 [pool-307-thread-1] INFO  impl.RaftServerImpl (RaftServerImpl.java:<init>(95)) - 8e564692-438a-4cca-bbaf-5fbe943d4762: new RaftServerImpl for group-A9CCFA85FD37:[8e564692-438a-4cca-bbaf-5fbe943d4762:192.168.151.82:44652] with ContainerStateMachine:uninitialized
2019-09-28 01:17:48,367 [pool-307-thread-1] INFO  server.RaftServerConfigKeys (ConfUtils.java:logGet(43)) - raft.server.rpc.timeout.min = 1s (custom)
2019-09-28 01:17:48,368 [pool-307-thread-1] INFO  server.RaftServerConfigKeys (ConfUtils.java:logGet(43)) - raft.server.rpc.timeout.max = 1200ms (custom)
2019-09-28 01:17:48,368 [pool-307-thread-1] INFO  server.RaftServerConfigKeys (ConfUtils.java:logGet(43)) - raft.server.rpcslowness.timeout = 120s (custom)
2019-09-28 01:17:48,369 [pool-307-thread-1] INFO  server.RaftServerConfigKeys (ConfUtils.java:logGet(43)) - raft.server.sleep.deviation.threshold = 300 (default)
2019-09-28 01:17:48,369 [pool-307-thread-1] INFO  server.RaftServerConfigKeys (ConfUtils.java:logGet(43)) - raft.server.log.appender.install.snapshot.enabled = false (custom)
2019-09-28 01:17:48,369 [pool-307-thread-1] INFO  impl.RaftServerImpl (ServerState.java:<init>(103)) - 8e564692-438a-4cca-bbaf-5fbe943d4762@group-A9CCFA85FD37: ConfigurationManager, init=-1: [8e564692-438a-4cca-bbaf-5fbe943d4762:192.168.151.82:44652], old=null, confs=<EMPTY_MAP>
2019-09-28 01:17:48,370 [pool-307-thread-1] INFO  server.RaftServerConfigKeys (ConfUtils.java:logGet(43)) - raft.server.storage.dir = [/workdir/hadoop-ozone/integration-test/target/test-dir/MiniOzoneClusterImpl-8d3ed4ce-f2e5-424c-95d5-a4ae13d3a978/datanode-4/data/ratis] (custom)
2019-09-28 01:17:48,371 [pool-307-thread-1] INFO  storage.RaftStorageDirectory (RaftStorageDirectory.java:analyzeStorage(246)) - The storage directory /workdir/hadoop-ozone/integration-test/target/test-dir/MiniOzoneClusterImpl-8d3ed4ce-f2e5-424c-95d5-a4ae13d3a978/datanode-4/data/ratis/80687787-e37e-44de-90fe-a9ccfa85fd37 does not exist. Creating ...
2019-09-28 01:17:48,387 [pool-307-thread-1] INFO  storage.RaftStorageDirectory (RaftStorageDirectory.java:tryLock(328)) - Lock on /workdir/hadoop-ozone/integration-test/target/test-dir/MiniOzoneClusterImpl-8d3ed4ce-f2e5-424c-95d5-a4ae13d3a978/datanode-4/data/ratis/80687787-e37e-44de-90fe-a9ccfa85fd37/in_use.lock acquired by nodename 30873@pr-hdds-2162-8g7kw-3348123894
2019-09-28 01:17:48,396 [IPC Server handler 2 on 39740] INFO  net.NetworkTopology (NetworkTopologyImpl.java:add(111)) - Added a new node: /rack1/a6f3909d-04e3-4c75-9cc7-e0ce9610c43d
2019-09-28 01:17:48,396 [IPC Server handler 2 on 39740] INFO  node.SCMNodeManager (SCMNodeManager.java:register(266)) - Registered Data node : a6f3909d-04e3-4c75-9cc7-e0ce9610c43d{ip: 192.168.151.82, host: pr-hdds-2162-8g7kw-3348123894, networkLocation: /rack1, certSerialId: null}
2019-09-28 01:17:48,406 [pool-307-thread-1] INFO  storage.RaftStorage (RaftStorage.java:format(72)) - Storage directory /workdir/hadoop-ozone/integration-test/target/test-dir/MiniOzoneClusterImpl-8d3ed4ce-f2e5-424c-95d5-a4ae13d3a978/datanode-4/data/ratis/80687787-e37e-44de-90fe-a9ccfa85fd37 has been successfully formatted.
2019-09-28 01:17:48,407 [pool-307-thread-1] INFO  ratis.ContainerStateMachine (ContainerStateMachine.java:loadSnapshot(230)) - group-A9CCFA85FD37: The snapshot info is null. Setting the last applied indexto:(t:0, i:~)
2019-09-28 01:17:48,407 [pool-307-thread-1] INFO  server.RaftServerConfigKeys (ConfUtils.java:logGet(43)) - raft.server.notification.no-leader.timeout = 120s (custom)
2019-09-28 01:17:48,407 [pool-307-thread-1] INFO  server.RaftServerConfigKeys (ConfUtils.java:logGet(43)) - raft.server.log.use.memory = false (default)
2019-09-28 01:17:48,407 [pool-307-thread-1] INFO  server.RaftServerConfigKeys (ConfUtils.java:logGet(43)) - raft.server.log.purge.gap = 1000000 (custom)
2019-09-28 01:17:48,407 [pool-307-thread-1] INFO  server.RaftServerConfigKeys (ConfUtils.java:logGet(43)) - raft.server.log.appender.buffer.byte-limit = 33554432 (custom)
2019-09-28 01:17:48,408 [pool-307-thread-1] INFO  server.RaftServerConfigKeys (ConfUtils.java:logGet(43)) - raft.server.log.segment.size.max = 1048576 (custom)
2019-09-28 01:17:48,408 [pool-307-thread-1] INFO  server.RaftServerConfigKeys (ConfUtils.java:logGet(43)) - raft.server.log.segment.cache.num.max = 2 (custom)
2019-09-28 01:17:48,408 [pool-307-thread-1] INFO  segmented.SegmentedRaftLogWorker (SegmentedRaftLogWorker.java:<init>(172)) - new 8e564692-438a-4cca-bbaf-5fbe943d4762@group-A9CCFA85FD37-SegmentedRaftLogWorker for RaftStorage:Storage Directory /workdir/hadoop-ozone/integration-test/target/test-dir/MiniOzoneClusterImpl-8d3ed4ce-f2e5-424c-95d5-a4ae13d3a978/datanode-4/data/ratis/80687787-e37e-44de-90fe-a9ccfa85fd37
2019-09-28 01:17:48,411 [pool-307-thread-1] INFO  server.RaftServerConfigKeys (ConfUtils.java:logGet(43)) - raft.server.log.queue.byte-limit = 2147483647 (custom)
2019-09-28 01:17:48,411 [pool-307-thread-1] INFO  server.RaftServerConfigKeys (ConfUtils.java:logGet(43)) - raft.server.log.queue.element-limit = 1024 (custom)
2019-09-28 01:17:48,411 [pool-307-thread-1] INFO  server.RaftServerConfigKeys (ConfUtils.java:logGet(43)) - raft.server.log.segment.size.max = 1048576 (custom)
2019-09-28 01:17:48,411 [pool-307-thread-1] INFO  server.RaftServerConfigKeys (ConfUtils.java:logGet(43)) - raft.server.log.preallocated.size = 16384 (custom)
2019-09-28 01:17:48,411 [pool-307-thread-1] INFO  server.RaftServerConfigKeys (ConfUtils.java:logGet(43)) - raft.server.log.write.buffer.size = 33554432 (custom)
2019-09-28 01:17:48,411 [pool-307-thread-1] INFO  server.RaftServerConfigKeys (ConfUtils.java:logGet(43)) - raft.server.log.force.sync.num = 128 (default)
2019-09-28 01:17:48,412 [pool-307-thread-1] INFO  server.RaftServerConfigKeys (ConfUtils.java:logGet(43)) - raft.server.log.statemachine.data.sync = true (default)
2019-09-28 01:17:48,412 [pool-307-thread-1] INFO  server.RaftServerConfigKeys (ConfUtils.java:logGet(43)) - raft.server.log.statemachine.data.sync.timeout = 10s (default)
2019-09-28 01:17:48,412 [pool-307-thread-1] INFO  server.RaftServerConfigKeys (ConfUtils.java:logGet(43)) - raft.server.log.statemachine.data.sync.timeout.retry = -1 (default)
2019-09-28 01:17:48,412 [pool-307-thread-1] INFO  server.RaftServerConfigKeys (ConfUtils.java:logGet(43)) - raft.server.log.statemachine.data.caching.enabled = true (custom)
2019-09-28 01:17:48,413 [pool-307-thread-1] INFO  segmented.SegmentedRaftLogWorker (SegmentedRaftLogWorker.java:lambda$new$0(132)) - 8e564692-438a-4cca-bbaf-5fbe943d4762@group-A9CCFA85FD37-SegmentedRaftLogWorker: flushIndex: setUnconditionally 0 -> -1
2019-09-28 01:17:48,413 [pool-307-thread-1] INFO  server.RaftServerConfigKeys (ConfUtils.java:logGet(43)) - raft.server.snapshot.auto.trigger.enabled = true (custom)
2019-09-28 01:17:48,413 [pool-307-thread-1] INFO  server.RaftServerConfigKeys (ConfUtils.java:logGet(43)) - raft.server.snapshot.auto.trigger.threshold = 10000 (custom)
2019-09-28 01:17:48,413 [pool-307-thread-1] INFO  server.RaftServerConfigKeys (ConfUtils.java:logGet(43)) - raft.server.snapshot.retention.num.files = 5 (custom)
2019-09-28 01:17:48,413 [pool-307-thread-1] INFO  server.RaftServerConfigKeys (ConfUtils.java:logGet(43)) - raft.server.retrycache.expirytime = 600000ms (custom)
2019-09-28 01:17:48,416 [pool-307-thread-1] INFO  impl.RaftServerImpl (RaftServerImpl.java:start(185)) - 8e564692-438a-4cca-bbaf-5fbe943d4762@group-A9CCFA85FD37: start as a follower, conf=-1: [8e564692-438a-4cca-bbaf-5fbe943d4762:192.168.151.82:44652], old=null
2019-09-28 01:17:48,416 [pool-307-thread-1] INFO  impl.RaftServerImpl (RaftServerImpl.java:setRole(174)) - 8e564692-438a-4cca-bbaf-5fbe943d4762@group-A9CCFA85FD37: changes role from      null to FOLLOWER at term 0 for startAsFollower
2019-09-28 01:17:48,416 [pool-307-thread-1] INFO  impl.RoleInfo (RoleInfo.java:updateAndGet(143)) - 8e564692-438a-4cca-bbaf-5fbe943d4762: start FollowerState
2019-09-28 01:17:48,417 [pool-307-thread-1] INFO  util.JmxRegister (JmxRegister.java:tryRegister(44)) - Successfully registered JMX Bean with object name Ratis:service=RaftServer,group=group-A9CCFA85FD37,id=8e564692-438a-4cca-bbaf-5fbe943d4762
2019-09-28 01:17:48,429 [RatisPipelineUtilsThread] INFO  pipeline.PipelineStateManager (PipelineStateManager.java:addPipeline(56)) - Created pipeline Pipeline[ Id: 80687787-e37e-44de-90fe-a9ccfa85fd37, Nodes: 8e564692-438a-4cca-bbaf-5fbe943d4762{ip: 192.168.151.82, host: pr-hdds-2162-8g7kw-3348123894, networkLocation: /rack1, certSerialId: null}, Type:RATIS, Factor:ONE, State:OPEN]
2019-09-28 01:17:48,438 [grpc-default-executor-1] INFO  impl.RaftServerProxy (RaftServerProxy.java:addNew(89)) - a6f3909d-04e3-4c75-9cc7-e0ce9610c43d: addNew group-06B9AAEC64E3:[a6f3909d-04e3-4c75-9cc7-e0ce9610c43d:192.168.151.82:33245] returns group-06B9AAEC64E3:java.util.concurrent.CompletableFuture@53dedf73[Not completed]
2019-09-28 01:17:48,439 [pool-317-thread-1] INFO  impl.RaftServerImpl (RaftServerImpl.java:<init>(95)) - a6f3909d-04e3-4c75-9cc7-e0ce9610c43d: new RaftServerImpl for group-06B9AAEC64E3:[a6f3909d-04e3-4c75-9cc7-e0ce9610c43d:192.168.151.82:33245] with ContainerStateMachine:uninitialized
2019-09-28 01:17:48,439 [pool-317-thread-1] INFO  server.RaftServerConfigKeys (ConfUtils.java:logGet(43)) - raft.server.rpc.timeout.min = 1s (custom)
2019-09-28 01:17:48,439 [pool-317-thread-1] INFO  server.RaftServerConfigKeys (ConfUtils.java:logGet(43)) - raft.server.rpc.timeout.max = 1200ms (custom)
2019-09-28 01:17:48,439 [pool-317-thread-1] INFO  server.RaftServerConfigKeys (ConfUtils.java:logGet(43)) - raft.server.rpcslowness.timeout = 120s (custom)
2019-09-28 01:17:48,440 [pool-317-thread-1] INFO  server.RaftServerConfigKeys (ConfUtils.java:logGet(43)) - raft.server.sleep.deviation.threshold = 300 (default)
2019-09-28 01:17:48,440 [pool-317-thread-1] INFO  server.RaftServerConfigKeys (ConfUtils.java:logGet(43)) - raft.server.log.appender.install.snapshot.enabled = false (custom)
2019-09-28 01:17:48,440 [pool-317-thread-1] INFO  impl.RaftServerImpl (ServerState.java:<init>(103)) - a6f3909d-04e3-4c75-9cc7-e0ce9610c43d@group-06B9AAEC64E3: ConfigurationManager, init=-1: [a6f3909d-04e3-4c75-9cc7-e0ce9610c43d:192.168.151.82:33245], old=null, confs=<EMPTY_MAP>
2019-09-28 01:17:48,440 [pool-317-thread-1] INFO  server.RaftServerConfigKeys (ConfUtils.java:logGet(43)) - raft.server.storage.dir = [/workdir/hadoop-ozone/integration-test/target/test-dir/MiniOzoneClusterImpl-8d3ed4ce-f2e5-424c-95d5-a4ae13d3a978/datanode-5/data/ratis] (custom)
2019-09-28 01:17:48,440 [pool-317-thread-1] INFO  storage.RaftStorageDirectory (RaftStorageDirectory.java:analyzeStorage(246)) - The storage directory /workdir/hadoop-ozone/integration-test/target/test-dir/MiniOzoneClusterImpl-8d3ed4ce-f2e5-424c-95d5-a4ae13d3a978/datanode-5/data/ratis/61aecff1-fa6a-4a2c-9678-06b9aaec64e3 does not exist. Creating ...
2019-09-28 01:17:48,453 [pool-317-thread-1] INFO  storage.RaftStorageDirectory (RaftStorageDirectory.java:tryLock(328)) - Lock on /workdir/hadoop-ozone/integration-test/target/test-dir/MiniOzoneClusterImpl-8d3ed4ce-f2e5-424c-95d5-a4ae13d3a978/datanode-5/data/ratis/61aecff1-fa6a-4a2c-9678-06b9aaec64e3/in_use.lock acquired by nodename 30873@pr-hdds-2162-8g7kw-3348123894
2019-09-28 01:17:48,458 [IPC Server handler 3 on 39740] INFO  net.NetworkTopology (NetworkTopologyImpl.java:add(111)) - Added a new node: /rack1/565b5b85-11c8-4363-a629-f9f642ddd7a8
2019-09-28 01:17:48,458 [IPC Server handler 3 on 39740] INFO  node.SCMNodeManager (SCMNodeManager.java:register(266)) - Registered Data node : 565b5b85-11c8-4363-a629-f9f642ddd7a8{ip: 192.168.151.82, host: pr-hdds-2162-8g7kw-3348123894, networkLocation: /rack1, certSerialId: null}
2019-09-28 01:17:48,466 [pool-317-thread-1] INFO  storage.RaftStorage (RaftStorage.java:format(72)) - Storage directory /workdir/hadoop-ozone/integration-test/target/test-dir/MiniOzoneClusterImpl-8d3ed4ce-f2e5-424c-95d5-a4ae13d3a978/datanode-5/data/ratis/61aecff1-fa6a-4a2c-9678-06b9aaec64e3 has been successfully formatted.
2019-09-28 01:17:48,466 [pool-317-thread-1] INFO  ratis.ContainerStateMachine (ContainerStateMachine.java:loadSnapshot(230)) - group-06B9AAEC64E3: The snapshot info is null. Setting the last applied indexto:(t:0, i:~)
2019-09-28 01:17:48,466 [pool-317-thread-1] INFO  server.RaftServerConfigKeys (ConfUtils.java:logGet(43)) - raft.server.notification.no-leader.timeout = 120s (custom)
2019-09-28 01:17:48,466 [pool-317-thread-1] INFO  server.RaftServerConfigKeys (ConfUtils.java:logGet(43)) - raft.server.log.use.memory = false (default)
2019-09-28 01:17:48,466 [pool-317-thread-1] INFO  server.RaftServerConfigKeys (ConfUtils.java:logGet(43)) - raft.server.log.purge.gap = 1000000 (custom)
2019-09-28 01:17:48,466 [pool-317-thread-1] INFO  server.RaftServerConfigKeys (ConfUtils.java:logGet(43)) - raft.server.log.appender.buffer.byte-limit = 33554432 (custom)
2019-09-28 01:17:48,467 [pool-317-thread-1] INFO  server.RaftServerConfigKeys (ConfUtils.java:logGet(43)) - raft.server.log.segment.size.max = 1048576 (custom)
2019-09-28 01:17:48,467 [pool-317-thread-1] INFO  server.RaftServerConfigKeys (ConfUtils.java:logGet(43)) - raft.server.log.segment.cache.num.max = 2 (custom)
2019-09-28 01:17:48,467 [pool-317-thread-1] INFO  segmented.SegmentedRaftLogWorker (SegmentedRaftLogWorker.java:<init>(172)) - new a6f3909d-04e3-4c75-9cc7-e0ce9610c43d@group-06B9AAEC64E3-SegmentedRaftLogWorker for RaftStorage:Storage Directory /workdir/hadoop-ozone/integration-test/target/test-dir/MiniOzoneClusterImpl-8d3ed4ce-f2e5-424c-95d5-a4ae13d3a978/datanode-5/data/ratis/61aecff1-fa6a-4a2c-9678-06b9aaec64e3
2019-09-28 01:17:48,468 [pool-317-thread-1] INFO  server.RaftServerConfigKeys (ConfUtils.java:logGet(43)) - raft.server.log.queue.byte-limit = 2147483647 (custom)
2019-09-28 01:17:48,468 [pool-317-thread-1] INFO  server.RaftServerConfigKeys (ConfUtils.java:logGet(43)) - raft.server.log.queue.element-limit = 1024 (custom)
2019-09-28 01:17:48,469 [pool-317-thread-1] INFO  server.RaftServerConfigKeys (ConfUtils.java:logGet(43)) - raft.server.log.segment.size.max = 1048576 (custom)
2019-09-28 01:17:48,469 [pool-317-thread-1] INFO  server.RaftServerConfigKeys (ConfUtils.java:logGet(43)) - raft.server.log.preallocated.size = 16384 (custom)
2019-09-28 01:17:48,469 [pool-317-thread-1] INFO  server.RaftServerConfigKeys (ConfUtils.java:logGet(43)) - raft.server.log.write.buffer.size = 33554432 (custom)
2019-09-28 01:17:48,469 [pool-317-thread-1] INFO  server.RaftServerConfigKeys (ConfUtils.java:logGet(43)) - raft.server.log.force.sync.num = 128 (default)
2019-09-28 01:17:48,469 [pool-317-thread-1] INFO  server.RaftServerConfigKeys (ConfUtils.java:logGet(43)) - raft.server.log.statemachine.data.sync = true (default)
2019-09-28 01:17:48,469 [pool-317-thread-1] INFO  server.RaftServerConfigKeys (ConfUtils.java:logGet(43)) - raft.server.log.statemachine.data.sync.timeout = 10s (default)
2019-09-28 01:17:48,469 [pool-317-thread-1] INFO  server.RaftServerConfigKeys (ConfUtils.java:logGet(43)) - raft.server.log.statemachine.data.sync.timeout.retry = -1 (default)
2019-09-28 01:17:48,469 [pool-317-thread-1] INFO  server.RaftServerConfigKeys (ConfUtils.java:logGet(43)) - raft.server.log.statemachine.data.caching.enabled = true (custom)
2019-09-28 01:17:48,470 [pool-317-thread-1] INFO  segmented.SegmentedRaftLogWorker (SegmentedRaftLogWorker.java:lambda$new$0(132)) - a6f3909d-04e3-4c75-9cc7-e0ce9610c43d@group-06B9AAEC64E3-SegmentedRaftLogWorker: flushIndex: setUnconditionally 0 -> -1
2019-09-28 01:17:48,470 [pool-317-thread-1] INFO  server.RaftServerConfigKeys (ConfUtils.java:logGet(43)) - raft.server.snapshot.auto.trigger.enabled = true (custom)
2019-09-28 01:17:48,470 [pool-317-thread-1] INFO  server.RaftServerConfigKeys (ConfUtils.java:logGet(43)) - raft.server.snapshot.auto.trigger.threshold = 10000 (custom)
2019-09-28 01:17:48,470 [pool-317-thread-1] INFO  server.RaftServerConfigKeys (ConfUtils.java:logGet(43)) - raft.server.snapshot.retention.num.files = 5 (custom)
2019-09-28 01:17:48,470 [pool-317-thread-1] INFO  server.RaftServerConfigKeys (ConfUtils.java:logGet(43)) - raft.server.retrycache.expirytime = 600000ms (custom)
2019-09-28 01:17:48,472 [pool-317-thread-1] INFO  impl.RaftServerImpl (RaftServerImpl.java:start(185)) - a6f3909d-04e3-4c75-9cc7-e0ce9610c43d@group-06B9AAEC64E3: start as a follower, conf=-1: [a6f3909d-04e3-4c75-9cc7-e0ce9610c43d:192.168.151.82:33245], old=null
2019-09-28 01:17:48,472 [pool-317-thread-1] INFO  impl.RaftServerImpl (RaftServerImpl.java:setRole(174)) - a6f3909d-04e3-4c75-9cc7-e0ce9610c43d@group-06B9AAEC64E3: changes role from      null to FOLLOWER at term 0 for startAsFollower
2019-09-28 01:17:48,472 [pool-317-thread-1] INFO  impl.RoleInfo (RoleInfo.java:updateAndGet(143)) - a6f3909d-04e3-4c75-9cc7-e0ce9610c43d: start FollowerState
2019-09-28 01:17:48,472 [pool-317-thread-1] INFO  util.JmxRegister (JmxRegister.java:tryRegister(44)) - Successfully registered JMX Bean with object name Ratis:service=RaftServer,group=group-06B9AAEC64E3,id=a6f3909d-04e3-4c75-9cc7-e0ce9610c43d
2019-09-28 01:17:48,478 [RatisPipelineUtilsThread] INFO  pipeline.PipelineStateManager (PipelineStateManager.java:addPipeline(56)) - Created pipeline Pipeline[ Id: 61aecff1-fa6a-4a2c-9678-06b9aaec64e3, Nodes: a6f3909d-04e3-4c75-9cc7-e0ce9610c43d{ip: 192.168.151.82, host: pr-hdds-2162-8g7kw-3348123894, networkLocation: /rack1, certSerialId: null}, Type:RATIS, Factor:ONE, State:OPEN]
2019-09-28 01:17:48,486 [grpc-default-executor-1] INFO  impl.RaftServerProxy (RaftServerProxy.java:addNew(89)) - 4c896d7a-7f6e-4c9a-8a8b-40c5d5b27396: addNew group-92E4818ED680:[4c896d7a-7f6e-4c9a-8a8b-40c5d5b27396:192.168.151.82:33459] returns group-92E4818ED680:java.util.concurrent.CompletableFuture@e52ae7[Not completed]
2019-09-28 01:17:48,487 [pool-297-thread-1] INFO  impl.RaftServerImpl (RaftServerImpl.java:<init>(95)) - 4c896d7a-7f6e-4c9a-8a8b-40c5d5b27396: new RaftServerImpl for group-92E4818ED680:[4c896d7a-7f6e-4c9a-8a8b-40c5d5b27396:192.168.151.82:33459] with ContainerStateMachine:uninitialized
2019-09-28 01:17:48,487 [pool-297-thread-1] INFO  server.RaftServerConfigKeys (ConfUtils.java:logGet(43)) - raft.server.rpc.timeout.min = 1s (custom)
2019-09-28 01:17:48,488 [pool-297-thread-1] INFO  server.RaftServerConfigKeys (ConfUtils.java:logGet(43)) - raft.server.rpc.timeout.max = 1200ms (custom)
2019-09-28 01:17:48,488 [pool-297-thread-1] INFO  server.RaftServerConfigKeys (ConfUtils.java:logGet(43)) - raft.server.rpcslowness.timeout = 120s (custom)
2019-09-28 01:17:48,488 [pool-297-thread-1] INFO  server.RaftServerConfigKeys (ConfUtils.java:logGet(43)) - raft.server.sleep.deviation.threshold = 300 (default)
2019-09-28 01:17:48,488 [pool-297-thread-1] INFO  server.RaftServerConfigKeys (ConfUtils.java:logGet(43)) - raft.server.log.appender.install.snapshot.enabled = false (custom)
2019-09-28 01:17:48,488 [pool-297-thread-1] INFO  impl.RaftServerImpl (ServerState.java:<init>(103)) - 4c896d7a-7f6e-4c9a-8a8b-40c5d5b27396@group-92E4818ED680: ConfigurationManager, init=-1: [4c896d7a-7f6e-4c9a-8a8b-40c5d5b27396:192.168.151.82:33459], old=null, confs=<EMPTY_MAP>
2019-09-28 01:17:48,488 [pool-297-thread-1] INFO  server.RaftServerConfigKeys (ConfUtils.java:logGet(43)) - raft.server.storage.dir = [/workdir/hadoop-ozone/integration-test/target/test-dir/MiniOzoneClusterImpl-8d3ed4ce-f2e5-424c-95d5-a4ae13d3a978/datanode-3/data/ratis] (custom)
2019-09-28 01:17:48,489 [pool-297-thread-1] INFO  storage.RaftStorageDirectory (RaftStorageDirectory.java:analyzeStorage(246)) - The storage directory /workdir/hadoop-ozone/integration-test/target/test-dir/MiniOzoneClusterImpl-8d3ed4ce-f2e5-424c-95d5-a4ae13d3a978/datanode-3/data/ratis/ae74a1db-0196-4d94-9fca-92e4818ed680 does not exist. Creating ...
2019-09-28 01:17:48,502 [pool-297-thread-1] INFO  storage.RaftStorageDirectory (RaftStorageDirectory.java:tryLock(328)) - Lock on /workdir/hadoop-ozone/integration-test/target/test-dir/MiniOzoneClusterImpl-8d3ed4ce-f2e5-424c-95d5-a4ae13d3a978/datanode-3/data/ratis/ae74a1db-0196-4d94-9fca-92e4818ed680/in_use.lock acquired by nodename 30873@pr-hdds-2162-8g7kw-3348123894
2019-09-28 01:17:48,514 [pool-297-thread-1] INFO  storage.RaftStorage (RaftStorage.java:format(72)) - Storage directory /workdir/hadoop-ozone/integration-test/target/test-dir/MiniOzoneClusterImpl-8d3ed4ce-f2e5-424c-95d5-a4ae13d3a978/datanode-3/data/ratis/ae74a1db-0196-4d94-9fca-92e4818ed680 has been successfully formatted.
2019-09-28 01:17:48,515 [pool-297-thread-1] INFO  ratis.ContainerStateMachine (ContainerStateMachine.java:loadSnapshot(230)) - group-92E4818ED680: The snapshot info is null. Setting the last applied indexto:(t:0, i:~)
2019-09-28 01:17:48,515 [pool-297-thread-1] INFO  server.RaftServerConfigKeys (ConfUtils.java:logGet(43)) - raft.server.notification.no-leader.timeout = 120s (custom)
2019-09-28 01:17:48,515 [pool-297-thread-1] INFO  server.RaftServerConfigKeys (ConfUtils.java:logGet(43)) - raft.server.log.use.memory = false (default)
2019-09-28 01:17:48,515 [pool-297-thread-1] INFO  server.RaftServerConfigKeys (ConfUtils.java:logGet(43)) - raft.server.log.purge.gap = 1000000 (custom)
2019-09-28 01:17:48,515 [pool-297-thread-1] INFO  server.RaftServerConfigKeys (ConfUtils.java:logGet(43)) - raft.server.log.appender.buffer.byte-limit = 33554432 (custom)
2019-09-28 01:17:48,515 [pool-297-thread-1] INFO  server.RaftServerConfigKeys (ConfUtils.java:logGet(43)) - raft.server.log.segment.size.max = 1048576 (custom)
2019-09-28 01:17:48,516 [pool-297-thread-1] INFO  server.RaftServerConfigKeys (ConfUtils.java:logGet(43)) - raft.server.log.segment.cache.num.max = 2 (custom)
2019-09-28 01:17:48,516 [pool-297-thread-1] INFO  segmented.SegmentedRaftLogWorker (SegmentedRaftLogWorker.java:<init>(172)) - new 4c896d7a-7f6e-4c9a-8a8b-40c5d5b27396@group-92E4818ED680-SegmentedRaftLogWorker for RaftStorage:Storage Directory /workdir/hadoop-ozone/integration-test/target/test-dir/MiniOzoneClusterImpl-8d3ed4ce-f2e5-424c-95d5-a4ae13d3a978/datanode-3/data/ratis/ae74a1db-0196-4d94-9fca-92e4818ed680
2019-09-28 01:17:48,518 [pool-297-thread-1] INFO  server.RaftServerConfigKeys (ConfUtils.java:logGet(43)) - raft.server.log.queue.byte-limit = 2147483647 (custom)
2019-09-28 01:17:48,518 [pool-297-thread-1] INFO  server.RaftServerConfigKeys (ConfUtils.java:logGet(43)) - raft.server.log.queue.element-limit = 1024 (custom)
2019-09-28 01:17:48,518 [pool-297-thread-1] INFO  server.RaftServerConfigKeys (ConfUtils.java:logGet(43)) - raft.server.log.segment.size.max = 1048576 (custom)
2019-09-28 01:17:48,518 [pool-297-thread-1] INFO  server.RaftServerConfigKeys (ConfUtils.java:logGet(43)) - raft.server.log.preallocated.size = 16384 (custom)
2019-09-28 01:17:48,518 [pool-297-thread-1] INFO  server.RaftServerConfigKeys (ConfUtils.java:logGet(43)) - raft.server.log.write.buffer.size = 33554432 (custom)
2019-09-28 01:17:48,518 [pool-297-thread-1] INFO  server.RaftServerConfigKeys (ConfUtils.java:logGet(43)) - raft.server.log.force.sync.num = 128 (default)
2019-09-28 01:17:48,519 [pool-297-thread-1] INFO  server.RaftServerConfigKeys (ConfUtils.java:logGet(43)) - raft.server.log.statemachine.data.sync = true (default)
2019-09-28 01:17:48,519 [pool-297-thread-1] INFO  server.RaftServerConfigKeys (ConfUtils.java:logGet(43)) - raft.server.log.statemachine.data.sync.timeout = 10s (default)
2019-09-28 01:17:48,519 [pool-297-thread-1] INFO  server.RaftServerConfigKeys (ConfUtils.java:logGet(43)) - raft.server.log.statemachine.data.sync.timeout.retry = -1 (default)
2019-09-28 01:17:48,519 [pool-297-thread-1] INFO  server.RaftServerConfigKeys (ConfUtils.java:logGet(43)) - raft.server.log.statemachine.data.caching.enabled = true (custom)
2019-09-28 01:17:48,519 [pool-297-thread-1] INFO  segmented.SegmentedRaftLogWorker (SegmentedRaftLogWorker.java:lambda$new$0(132)) - 4c896d7a-7f6e-4c9a-8a8b-40c5d5b27396@group-92E4818ED680-SegmentedRaftLogWorker: flushIndex: setUnconditionally 0 -> -1
2019-09-28 01:17:48,520 [pool-297-thread-1] INFO  server.RaftServerConfigKeys (ConfUtils.java:logGet(43)) - raft.server.snapshot.auto.trigger.enabled = true (custom)
2019-09-28 01:17:48,520 [pool-297-thread-1] INFO  server.RaftServerConfigKeys (ConfUtils.java:logGet(43)) - raft.server.snapshot.auto.trigger.threshold = 10000 (custom)
2019-09-28 01:17:48,520 [pool-297-thread-1] INFO  server.RaftServerConfigKeys (ConfUtils.java:logGet(43)) - raft.server.snapshot.retention.num.files = 5 (custom)
2019-09-28 01:17:48,520 [pool-297-thread-1] INFO  server.RaftServerConfigKeys (ConfUtils.java:logGet(43)) - raft.server.retrycache.expirytime = 600000ms (custom)
2019-09-28 01:17:48,522 [pool-297-thread-1] INFO  impl.RaftServerImpl (RaftServerImpl.java:start(185)) - 4c896d7a-7f6e-4c9a-8a8b-40c5d5b27396@group-92E4818ED680: start as a follower, conf=-1: [4c896d7a-7f6e-4c9a-8a8b-40c5d5b27396:192.168.151.82:33459], old=null
2019-09-28 01:17:48,522 [pool-297-thread-1] INFO  impl.RaftServerImpl (RaftServerImpl.java:setRole(174)) - 4c896d7a-7f6e-4c9a-8a8b-40c5d5b27396@group-92E4818ED680: changes role from      null to FOLLOWER at term 0 for startAsFollower
2019-09-28 01:17:48,522 [pool-297-thread-1] INFO  impl.RoleInfo (RoleInfo.java:updateAndGet(143)) - 4c896d7a-7f6e-4c9a-8a8b-40c5d5b27396: start FollowerState
2019-09-28 01:17:48,523 [pool-297-thread-1] INFO  util.JmxRegister (JmxRegister.java:tryRegister(44)) - Successfully registered JMX Bean with object name Ratis:service=RaftServer,group=group-92E4818ED680,id=4c896d7a-7f6e-4c9a-8a8b-40c5d5b27396
2019-09-28 01:17:48,528 [RatisPipelineUtilsThread] INFO  pipeline.PipelineStateManager (PipelineStateManager.java:addPipeline(56)) - Created pipeline Pipeline[ Id: ae74a1db-0196-4d94-9fca-92e4818ed680, Nodes: 4c896d7a-7f6e-4c9a-8a8b-40c5d5b27396{ip: 192.168.151.82, host: pr-hdds-2162-8g7kw-3348123894, networkLocation: /rack1, certSerialId: null}, Type:RATIS, Factor:ONE, State:OPEN]
2019-09-28 01:17:48,539 [grpc-default-executor-1] INFO  impl.RaftServerProxy (RaftServerProxy.java:addNew(89)) - 565b5b85-11c8-4363-a629-f9f642ddd7a8: addNew group-1188A0DF3799:[565b5b85-11c8-4363-a629-f9f642ddd7a8:192.168.151.82:35648] returns group-1188A0DF3799:java.util.concurrent.CompletableFuture@cb87677[Not completed]
2019-09-28 01:17:48,541 [pool-327-thread-1] INFO  impl.RaftServerImpl (RaftServerImpl.java:<init>(95)) - 565b5b85-11c8-4363-a629-f9f642ddd7a8: new RaftServerImpl for group-1188A0DF3799:[565b5b85-11c8-4363-a629-f9f642ddd7a8:192.168.151.82:35648] with ContainerStateMachine:uninitialized
2019-09-28 01:17:48,541 [IPC Server handler 4 on 39740] INFO  net.NetworkTopology (NetworkTopologyImpl.java:add(111)) - Added a new node: /rack1/482bab89-bbed-45e7-a2a4-226291146823
2019-09-28 01:17:48,541 [pool-327-thread-1] INFO  server.RaftServerConfigKeys (ConfUtils.java:logGet(43)) - raft.server.rpc.timeout.min = 1s (custom)
2019-09-28 01:17:48,541 [IPC Server handler 4 on 39740] INFO  node.SCMNodeManager (SCMNodeManager.java:register(266)) - Registered Data node : 482bab89-bbed-45e7-a2a4-226291146823{ip: 192.168.151.82, host: pr-hdds-2162-8g7kw-3348123894, networkLocation: /rack1, certSerialId: null}
2019-09-28 01:17:48,541 [pool-327-thread-1] INFO  server.RaftServerConfigKeys (ConfUtils.java:logGet(43)) - raft.server.rpc.timeout.max = 1200ms (custom)
2019-09-28 01:17:48,542 [pool-327-thread-1] INFO  server.RaftServerConfigKeys (ConfUtils.java:logGet(43)) - raft.server.rpcslowness.timeout = 120s (custom)
2019-09-28 01:17:48,542 [pool-327-thread-1] INFO  server.RaftServerConfigKeys (ConfUtils.java:logGet(43)) - raft.server.sleep.deviation.threshold = 300 (default)
2019-09-28 01:17:48,542 [pool-327-thread-1] INFO  server.RaftServerConfigKeys (ConfUtils.java:logGet(43)) - raft.server.log.appender.install.snapshot.enabled = false (custom)
2019-09-28 01:17:48,542 [pool-327-thread-1] INFO  impl.RaftServerImpl (ServerState.java:<init>(103)) - 565b5b85-11c8-4363-a629-f9f642ddd7a8@group-1188A0DF3799: ConfigurationManager, init=-1: [565b5b85-11c8-4363-a629-f9f642ddd7a8:192.168.151.82:35648], old=null, confs=<EMPTY_MAP>
2019-09-28 01:17:48,542 [pool-327-thread-1] INFO  server.RaftServerConfigKeys (ConfUtils.java:logGet(43)) - raft.server.storage.dir = [/workdir/hadoop-ozone/integration-test/target/test-dir/MiniOzoneClusterImpl-8d3ed4ce-f2e5-424c-95d5-a4ae13d3a978/datanode-6/data/ratis] (custom)
2019-09-28 01:17:48,543 [pool-327-thread-1] INFO  storage.RaftStorageDirectory (RaftStorageDirectory.java:analyzeStorage(246)) - The storage directory /workdir/hadoop-ozone/integration-test/target/test-dir/MiniOzoneClusterImpl-8d3ed4ce-f2e5-424c-95d5-a4ae13d3a978/datanode-6/data/ratis/406f021e-0c62-476b-a973-1188a0df3799 does not exist. Creating ...
2019-09-28 01:17:48,555 [pool-327-thread-1] INFO  storage.RaftStorageDirectory (RaftStorageDirectory.java:tryLock(328)) - Lock on /workdir/hadoop-ozone/integration-test/target/test-dir/MiniOzoneClusterImpl-8d3ed4ce-f2e5-424c-95d5-a4ae13d3a978/datanode-6/data/ratis/406f021e-0c62-476b-a973-1188a0df3799/in_use.lock acquired by nodename 30873@pr-hdds-2162-8g7kw-3348123894
2019-09-28 01:17:48,568 [pool-327-thread-1] INFO  storage.RaftStorage (RaftStorage.java:format(72)) - Storage directory /workdir/hadoop-ozone/integration-test/target/test-dir/MiniOzoneClusterImpl-8d3ed4ce-f2e5-424c-95d5-a4ae13d3a978/datanode-6/data/ratis/406f021e-0c62-476b-a973-1188a0df3799 has been successfully formatted.
2019-09-28 01:17:48,568 [pool-327-thread-1] INFO  ratis.ContainerStateMachine (ContainerStateMachine.java:loadSnapshot(230)) - group-1188A0DF3799: The snapshot info is null. Setting the last applied indexto:(t:0, i:~)
2019-09-28 01:17:48,568 [pool-327-thread-1] INFO  server.RaftServerConfigKeys (ConfUtils.java:logGet(43)) - raft.server.notification.no-leader.timeout = 120s (custom)
2019-09-28 01:17:48,569 [pool-327-thread-1] INFO  server.RaftServerConfigKeys (ConfUtils.java:logGet(43)) - raft.server.log.use.memory = false (default)
2019-09-28 01:17:48,569 [pool-327-thread-1] INFO  server.RaftServerConfigKeys (ConfUtils.java:logGet(43)) - raft.server.log.purge.gap = 1000000 (custom)
2019-09-28 01:17:48,569 [pool-327-thread-1] INFO  server.RaftServerConfigKeys (ConfUtils.java:logGet(43)) - raft.server.log.appender.buffer.byte-limit = 33554432 (custom)
2019-09-28 01:17:48,569 [pool-327-thread-1] INFO  server.RaftServerConfigKeys (ConfUtils.java:logGet(43)) - raft.server.log.segment.size.max = 1048576 (custom)
2019-09-28 01:17:48,569 [pool-327-thread-1] INFO  server.RaftServerConfigKeys (ConfUtils.java:logGet(43)) - raft.server.log.segment.cache.num.max = 2 (custom)
2019-09-28 01:17:48,569 [pool-327-thread-1] INFO  segmented.SegmentedRaftLogWorker (SegmentedRaftLogWorker.java:<init>(172)) - new 565b5b85-11c8-4363-a629-f9f642ddd7a8@group-1188A0DF3799-SegmentedRaftLogWorker for RaftStorage:Storage Directory /workdir/hadoop-ozone/integration-test/target/test-dir/MiniOzoneClusterImpl-8d3ed4ce-f2e5-424c-95d5-a4ae13d3a978/datanode-6/data/ratis/406f021e-0c62-476b-a973-1188a0df3799
2019-09-28 01:17:48,571 [pool-327-thread-1] INFO  server.RaftServerConfigKeys (ConfUtils.java:logGet(43)) - raft.server.log.queue.byte-limit = 2147483647 (custom)
2019-09-28 01:17:48,571 [pool-327-thread-1] INFO  server.RaftServerConfigKeys (ConfUtils.java:logGet(43)) - raft.server.log.queue.element-limit = 1024 (custom)
2019-09-28 01:17:48,571 [pool-327-thread-1] INFO  server.RaftServerConfigKeys (ConfUtils.java:logGet(43)) - raft.server.log.segment.size.max = 1048576 (custom)
2019-09-28 01:17:48,571 [pool-327-thread-1] INFO  server.RaftServerConfigKeys (ConfUtils.java:logGet(43)) - raft.server.log.preallocated.size = 16384 (custom)
2019-09-28 01:17:48,571 [pool-327-thread-1] INFO  server.RaftServerConfigKeys (ConfUtils.java:logGet(43)) - raft.server.log.write.buffer.size = 33554432 (custom)
2019-09-28 01:17:48,571 [pool-327-thread-1] INFO  server.RaftServerConfigKeys (ConfUtils.java:logGet(43)) - raft.server.log.force.sync.num = 128 (default)
2019-09-28 01:17:48,571 [pool-327-thread-1] INFO  server.RaftServerConfigKeys (ConfUtils.java:logGet(43)) - raft.server.log.statemachine.data.sync = true (default)
2019-09-28 01:17:48,571 [pool-327-thread-1] INFO  server.RaftServerConfigKeys (ConfUtils.java:logGet(43)) - raft.server.log.statemachine.data.sync.timeout = 10s (default)
2019-09-28 01:17:48,572 [pool-327-thread-1] INFO  server.RaftServerConfigKeys (ConfUtils.java:logGet(43)) - raft.server.log.statemachine.data.sync.timeout.retry = -1 (default)
2019-09-28 01:17:48,572 [pool-327-thread-1] INFO  server.RaftServerConfigKeys (ConfUtils.java:logGet(43)) - raft.server.log.statemachine.data.caching.enabled = true (custom)
2019-09-28 01:17:48,572 [pool-327-thread-1] INFO  segmented.SegmentedRaftLogWorker (SegmentedRaftLogWorker.java:lambda$new$0(132)) - 565b5b85-11c8-4363-a629-f9f642ddd7a8@group-1188A0DF3799-SegmentedRaftLogWorker: flushIndex: setUnconditionally 0 -> -1
2019-09-28 01:17:48,572 [pool-327-thread-1] INFO  server.RaftServerConfigKeys (ConfUtils.java:logGet(43)) - raft.server.snapshot.auto.trigger.enabled = true (custom)
2019-09-28 01:17:48,572 [pool-327-thread-1] INFO  server.RaftServerConfigKeys (ConfUtils.java:logGet(43)) - raft.server.snapshot.auto.trigger.threshold = 10000 (custom)
2019-09-28 01:17:48,573 [pool-327-thread-1] INFO  server.RaftServerConfigKeys (ConfUtils.java:logGet(43)) - raft.server.snapshot.retention.num.files = 5 (custom)
2019-09-28 01:17:48,573 [pool-327-thread-1] INFO  server.RaftServerConfigKeys (ConfUtils.java:logGet(43)) - raft.server.retrycache.expirytime = 600000ms (custom)
2019-09-28 01:17:48,574 [pool-327-thread-1] INFO  impl.RaftServerImpl (RaftServerImpl.java:start(185)) - 565b5b85-11c8-4363-a629-f9f642ddd7a8@group-1188A0DF3799: start as a follower, conf=-1: [565b5b85-11c8-4363-a629-f9f642ddd7a8:192.168.151.82:35648], old=null
2019-09-28 01:17:48,574 [pool-327-thread-1] INFO  impl.RaftServerImpl (RaftServerImpl.java:setRole(174)) - 565b5b85-11c8-4363-a629-f9f642ddd7a8@group-1188A0DF3799: changes role from      null to FOLLOWER at term 0 for startAsFollower
2019-09-28 01:17:48,575 [pool-327-thread-1] INFO  impl.RoleInfo (RoleInfo.java:updateAndGet(143)) - 565b5b85-11c8-4363-a629-f9f642ddd7a8: start FollowerState
2019-09-28 01:17:48,575 [pool-327-thread-1] INFO  util.JmxRegister (JmxRegister.java:tryRegister(44)) - Successfully registered JMX Bean with object name Ratis:service=RaftServer,group=group-1188A0DF3799,id=565b5b85-11c8-4363-a629-f9f642ddd7a8
2019-09-28 01:17:48,581 [RatisPipelineUtilsThread] INFO  pipeline.PipelineStateManager (PipelineStateManager.java:addPipeline(56)) - Created pipeline Pipeline[ Id: 406f021e-0c62-476b-a973-1188a0df3799, Nodes: 565b5b85-11c8-4363-a629-f9f642ddd7a8{ip: 192.168.151.82, host: pr-hdds-2162-8g7kw-3348123894, networkLocation: /rack1, certSerialId: null}, Type:RATIS, Factor:ONE, State:OPEN]
2019-09-28 01:17:48,589 [grpc-default-executor-1] INFO  impl.RaftServerProxy (RaftServerProxy.java:addNew(89)) - 482bab89-bbed-45e7-a2a4-226291146823: addNew group-B1DB978B50CA:[482bab89-bbed-45e7-a2a4-226291146823:192.168.151.82:43977] returns group-B1DB978B50CA:java.util.concurrent.CompletableFuture@481a7[Not completed]
2019-09-28 01:17:48,590 [pool-337-thread-1] INFO  impl.RaftServerImpl (RaftServerImpl.java:<init>(95)) - 482bab89-bbed-45e7-a2a4-226291146823: new RaftServerImpl for group-B1DB978B50CA:[482bab89-bbed-45e7-a2a4-226291146823:192.168.151.82:43977] with ContainerStateMachine:uninitialized
2019-09-28 01:17:48,590 [pool-337-thread-1] INFO  server.RaftServerConfigKeys (ConfUtils.java:logGet(43)) - raft.server.rpc.timeout.min = 1s (custom)
2019-09-28 01:17:48,590 [pool-337-thread-1] INFO  server.RaftServerConfigKeys (ConfUtils.java:logGet(43)) - raft.server.rpc.timeout.max = 1200ms (custom)
2019-09-28 01:17:48,591 [pool-337-thread-1] INFO  server.RaftServerConfigKeys (ConfUtils.java:logGet(43)) - raft.server.rpcslowness.timeout = 120s (custom)
2019-09-28 01:17:48,591 [pool-337-thread-1] INFO  server.RaftServerConfigKeys (ConfUtils.java:logGet(43)) - raft.server.sleep.deviation.threshold = 300 (default)
2019-09-28 01:17:48,591 [pool-337-thread-1] INFO  server.RaftServerConfigKeys (ConfUtils.java:logGet(43)) - raft.server.log.appender.install.snapshot.enabled = false (custom)
2019-09-28 01:17:48,591 [pool-337-thread-1] INFO  impl.RaftServerImpl (ServerState.java:<init>(103)) - 482bab89-bbed-45e7-a2a4-226291146823@group-B1DB978B50CA: ConfigurationManager, init=-1: [482bab89-bbed-45e7-a2a4-226291146823:192.168.151.82:43977], old=null, confs=<EMPTY_MAP>
2019-09-28 01:17:48,591 [pool-337-thread-1] INFO  server.RaftServerConfigKeys (ConfUtils.java:logGet(43)) - raft.server.storage.dir = [/workdir/hadoop-ozone/integration-test/target/test-dir/MiniOzoneClusterImpl-8d3ed4ce-f2e5-424c-95d5-a4ae13d3a978/datanode-7/data/ratis] (custom)
2019-09-28 01:17:48,592 [pool-337-thread-1] INFO  storage.RaftStorageDirectory (RaftStorageDirectory.java:analyzeStorage(246)) - The storage directory /workdir/hadoop-ozone/integration-test/target/test-dir/MiniOzoneClusterImpl-8d3ed4ce-f2e5-424c-95d5-a4ae13d3a978/datanode-7/data/ratis/b977575f-086c-48d0-8d1f-b1db978b50ca does not exist. Creating ...
2019-09-28 01:17:48,604 [pool-337-thread-1] INFO  storage.RaftStorageDirectory (RaftStorageDirectory.java:tryLock(328)) - Lock on /workdir/hadoop-ozone/integration-test/target/test-dir/MiniOzoneClusterImpl-8d3ed4ce-f2e5-424c-95d5-a4ae13d3a978/datanode-7/data/ratis/b977575f-086c-48d0-8d1f-b1db978b50ca/in_use.lock acquired by nodename 30873@pr-hdds-2162-8g7kw-3348123894
2019-09-28 01:17:48,607 [IPC Server handler 5 on 39740] INFO  net.NetworkTopology (NetworkTopologyImpl.java:add(111)) - Added a new node: /rack1/37708db1-82ca-49f3-b412-795edcbfeb9a
2019-09-28 01:17:48,607 [IPC Server handler 5 on 39740] INFO  node.SCMNodeManager (SCMNodeManager.java:register(266)) - Registered Data node : 37708db1-82ca-49f3-b412-795edcbfeb9a{ip: 192.168.151.82, host: pr-hdds-2162-8g7kw-3348123894, networkLocation: /rack1, certSerialId: null}
2019-09-28 01:17:48,618 [pool-337-thread-1] INFO  storage.RaftStorage (RaftStorage.java:format(72)) - Storage directory /workdir/hadoop-ozone/integration-test/target/test-dir/MiniOzoneClusterImpl-8d3ed4ce-f2e5-424c-95d5-a4ae13d3a978/datanode-7/data/ratis/b977575f-086c-48d0-8d1f-b1db978b50ca has been successfully formatted.
2019-09-28 01:17:48,618 [pool-337-thread-1] INFO  ratis.ContainerStateMachine (ContainerStateMachine.java:loadSnapshot(230)) - group-B1DB978B50CA: The snapshot info is null. Setting the last applied indexto:(t:0, i:~)
2019-09-28 01:17:48,618 [pool-337-thread-1] INFO  server.RaftServerConfigKeys (ConfUtils.java:logGet(43)) - raft.server.notification.no-leader.timeout = 120s (custom)
2019-09-28 01:17:48,618 [pool-337-thread-1] INFO  server.RaftServerConfigKeys (ConfUtils.java:logGet(43)) - raft.server.log.use.memory = false (default)
2019-09-28 01:17:48,618 [pool-337-thread-1] INFO  server.RaftServerConfigKeys (ConfUtils.java:logGet(43)) - raft.server.log.purge.gap = 1000000 (custom)
2019-09-28 01:17:48,619 [pool-337-thread-1] INFO  server.RaftServerConfigKeys (ConfUtils.java:logGet(43)) - raft.server.log.appender.buffer.byte-limit = 33554432 (custom)
2019-09-28 01:17:48,619 [pool-337-thread-1] INFO  server.RaftServerConfigKeys (ConfUtils.java:logGet(43)) - raft.server.log.segment.size.max = 1048576 (custom)
2019-09-28 01:17:48,619 [pool-337-thread-1] INFO  server.RaftServerConfigKeys (ConfUtils.java:logGet(43)) - raft.server.log.segment.cache.num.max = 2 (custom)
2019-09-28 01:17:48,619 [pool-337-thread-1] INFO  segmented.SegmentedRaftLogWorker (SegmentedRaftLogWorker.java:<init>(172)) - new 482bab89-bbed-45e7-a2a4-226291146823@group-B1DB978B50CA-SegmentedRaftLogWorker for RaftStorage:Storage Directory /workdir/hadoop-ozone/integration-test/target/test-dir/MiniOzoneClusterImpl-8d3ed4ce-f2e5-424c-95d5-a4ae13d3a978/datanode-7/data/ratis/b977575f-086c-48d0-8d1f-b1db978b50ca
2019-09-28 01:17:48,623 [pool-337-thread-1] INFO  server.RaftServerConfigKeys (ConfUtils.java:logGet(43)) - raft.server.log.queue.byte-limit = 2147483647 (custom)
2019-09-28 01:17:48,623 [pool-337-thread-1] INFO  server.RaftServerConfigKeys (ConfUtils.java:logGet(43)) - raft.server.log.queue.element-limit = 1024 (custom)
2019-09-28 01:17:48,623 [pool-337-thread-1] INFO  server.RaftServerConfigKeys (ConfUtils.java:logGet(43)) - raft.server.log.segment.size.max = 1048576 (custom)
2019-09-28 01:17:48,623 [pool-337-thread-1] INFO  server.RaftServerConfigKeys (ConfUtils.java:logGet(43)) - raft.server.log.preallocated.size = 16384 (custom)
2019-09-28 01:17:48,624 [pool-337-thread-1] INFO  server.RaftServerConfigKeys (ConfUtils.java:logGet(43)) - raft.server.log.write.buffer.size = 33554432 (custom)
2019-09-28 01:17:48,624 [pool-337-thread-1] INFO  server.RaftServerConfigKeys (ConfUtils.java:logGet(43)) - raft.server.log.force.sync.num = 128 (default)
2019-09-28 01:17:48,624 [pool-337-thread-1] INFO  server.RaftServerConfigKeys (ConfUtils.java:logGet(43)) - raft.server.log.statemachine.data.sync = true (default)
2019-09-28 01:17:48,624 [pool-337-thread-1] INFO  server.RaftServerConfigKeys (ConfUtils.java:logGet(43)) - raft.server.log.statemachine.data.sync.timeout = 10s (default)
2019-09-28 01:17:48,624 [pool-337-thread-1] INFO  server.RaftServerConfigKeys (ConfUtils.java:logGet(43)) - raft.server.log.statemachine.data.sync.timeout.retry = -1 (default)
2019-09-28 01:17:48,625 [pool-337-thread-1] INFO  server.RaftServerConfigKeys (ConfUtils.java:logGet(43)) - raft.server.log.statemachine.data.caching.enabled = true (custom)
2019-09-28 01:17:48,625 [pool-337-thread-1] INFO  segmented.SegmentedRaftLogWorker (SegmentedRaftLogWorker.java:lambda$new$0(132)) - 482bab89-bbed-45e7-a2a4-226291146823@group-B1DB978B50CA-SegmentedRaftLogWorker: flushIndex: setUnconditionally 0 -> -1
2019-09-28 01:17:48,625 [pool-337-thread-1] INFO  server.RaftServerConfigKeys (ConfUtils.java:logGet(43)) - raft.server.snapshot.auto.trigger.enabled = true (custom)
2019-09-28 01:17:48,625 [pool-337-thread-1] INFO  server.RaftServerConfigKeys (ConfUtils.java:logGet(43)) - raft.server.snapshot.auto.trigger.threshold = 10000 (custom)
2019-09-28 01:17:48,626 [pool-337-thread-1] INFO  server.RaftServerConfigKeys (ConfUtils.java:logGet(43)) - raft.server.snapshot.retention.num.files = 5 (custom)
2019-09-28 01:17:48,626 [pool-337-thread-1] INFO  server.RaftServerConfigKeys (ConfUtils.java:logGet(43)) - raft.server.retrycache.expirytime = 600000ms (custom)
2019-09-28 01:17:48,627 [pool-337-thread-1] INFO  impl.RaftServerImpl (RaftServerImpl.java:start(185)) - 482bab89-bbed-45e7-a2a4-226291146823@group-B1DB978B50CA: start as a follower, conf=-1: [482bab89-bbed-45e7-a2a4-226291146823:192.168.151.82:43977], old=null
2019-09-28 01:17:48,628 [pool-337-thread-1] INFO  impl.RaftServerImpl (RaftServerImpl.java:setRole(174)) - 482bab89-bbed-45e7-a2a4-226291146823@group-B1DB978B50CA: changes role from      null to FOLLOWER at term 0 for startAsFollower
2019-09-28 01:17:48,628 [pool-337-thread-1] INFO  impl.RoleInfo (RoleInfo.java:updateAndGet(143)) - 482bab89-bbed-45e7-a2a4-226291146823: start FollowerState
2019-09-28 01:17:48,628 [pool-337-thread-1] INFO  util.JmxRegister (JmxRegister.java:tryRegister(44)) - Successfully registered JMX Bean with object name Ratis:service=RaftServer,group=group-B1DB978B50CA,id=482bab89-bbed-45e7-a2a4-226291146823
2019-09-28 01:17:48,634 [RatisPipelineUtilsThread] INFO  pipeline.PipelineStateManager (PipelineStateManager.java:addPipeline(56)) - Created pipeline Pipeline[ Id: b977575f-086c-48d0-8d1f-b1db978b50ca, Nodes: 482bab89-bbed-45e7-a2a4-226291146823{ip: 192.168.151.82, host: pr-hdds-2162-8g7kw-3348123894, networkLocation: /rack1, certSerialId: null}, Type:RATIS, Factor:ONE, State:OPEN]
2019-09-28 01:17:48,645 [grpc-default-executor-1] INFO  impl.RaftServerProxy (RaftServerProxy.java:addNew(89)) - 37708db1-82ca-49f3-b412-795edcbfeb9a: addNew group-C4217F4F74F4:[37708db1-82ca-49f3-b412-795edcbfeb9a:192.168.151.82:33696] returns group-C4217F4F74F4:java.util.concurrent.CompletableFuture@20390aee[Not completed]
2019-09-28 01:17:48,646 [pool-347-thread-1] INFO  impl.RaftServerImpl (RaftServerImpl.java:<init>(95)) - 37708db1-82ca-49f3-b412-795edcbfeb9a: new RaftServerImpl for group-C4217F4F74F4:[37708db1-82ca-49f3-b412-795edcbfeb9a:192.168.151.82:33696] with ContainerStateMachine:uninitialized
2019-09-28 01:17:48,646 [pool-347-thread-1] INFO  server.RaftServerConfigKeys (ConfUtils.java:logGet(43)) - raft.server.rpc.timeout.min = 1s (custom)
2019-09-28 01:17:48,646 [pool-347-thread-1] INFO  server.RaftServerConfigKeys (ConfUtils.java:logGet(43)) - raft.server.rpc.timeout.max = 1200ms (custom)
2019-09-28 01:17:48,646 [pool-347-thread-1] INFO  server.RaftServerConfigKeys (ConfUtils.java:logGet(43)) - raft.server.rpcslowness.timeout = 120s (custom)
2019-09-28 01:17:48,646 [pool-347-thread-1] INFO  server.RaftServerConfigKeys (ConfUtils.java:logGet(43)) - raft.server.sleep.deviation.threshold = 300 (default)
2019-09-28 01:17:48,646 [pool-347-thread-1] INFO  server.RaftServerConfigKeys (ConfUtils.java:logGet(43)) - raft.server.log.appender.install.snapshot.enabled = false (custom)
2019-09-28 01:17:48,647 [pool-347-thread-1] INFO  impl.RaftServerImpl (ServerState.java:<init>(103)) - 37708db1-82ca-49f3-b412-795edcbfeb9a@group-C4217F4F74F4: ConfigurationManager, init=-1: [37708db1-82ca-49f3-b412-795edcbfeb9a:192.168.151.82:33696], old=null, confs=<EMPTY_MAP>
2019-09-28 01:17:48,647 [pool-347-thread-1] INFO  server.RaftServerConfigKeys (ConfUtils.java:logGet(43)) - raft.server.storage.dir = [/workdir/hadoop-ozone/integration-test/target/test-dir/MiniOzoneClusterImpl-8d3ed4ce-f2e5-424c-95d5-a4ae13d3a978/datanode-8/data/ratis] (custom)
2019-09-28 01:17:48,647 [pool-347-thread-1] INFO  storage.RaftStorageDirectory (RaftStorageDirectory.java:analyzeStorage(246)) - The storage directory /workdir/hadoop-ozone/integration-test/target/test-dir/MiniOzoneClusterImpl-8d3ed4ce-f2e5-424c-95d5-a4ae13d3a978/datanode-8/data/ratis/341ca1cf-725c-4f8b-9204-c4217f4f74f4 does not exist. Creating ...
2019-09-28 01:17:48,660 [pool-347-thread-1] INFO  storage.RaftStorageDirectory (RaftStorageDirectory.java:tryLock(328)) - Lock on /workdir/hadoop-ozone/integration-test/target/test-dir/MiniOzoneClusterImpl-8d3ed4ce-f2e5-424c-95d5-a4ae13d3a978/datanode-8/data/ratis/341ca1cf-725c-4f8b-9204-c4217f4f74f4/in_use.lock acquired by nodename 30873@pr-hdds-2162-8g7kw-3348123894
2019-09-28 01:17:48,677 [main] INFO  ozone.MiniOzoneClusterImpl (MiniOzoneClusterImpl.java:lambda$waitForClusterToBeReady$0(147)) - Waiting for cluster to be ready. Got 9 of 10 DN Heartbeats.
2019-09-28 01:17:48,678 [IPC Server handler 6 on 39740] INFO  net.NetworkTopology (NetworkTopologyImpl.java:add(111)) - Added a new node: /rack1/169076bb-2216-469a-9fc5-b7d227bcc1f0
2019-09-28 01:17:48,678 [IPC Server handler 6 on 39740] INFO  node.SCMNodeManager (SCMNodeManager.java:register(266)) - Registered Data node : 169076bb-2216-469a-9fc5-b7d227bcc1f0{ip: 192.168.151.82, host: pr-hdds-2162-8g7kw-3348123894, networkLocation: /rack1, certSerialId: null}
2019-09-28 01:17:48,691 [pool-347-thread-1] INFO  storage.RaftStorage (RaftStorage.java:format(72)) - Storage directory /workdir/hadoop-ozone/integration-test/target/test-dir/MiniOzoneClusterImpl-8d3ed4ce-f2e5-424c-95d5-a4ae13d3a978/datanode-8/data/ratis/341ca1cf-725c-4f8b-9204-c4217f4f74f4 has been successfully formatted.
2019-09-28 01:17:48,692 [pool-347-thread-1] INFO  ratis.ContainerStateMachine (ContainerStateMachine.java:loadSnapshot(230)) - group-C4217F4F74F4: The snapshot info is null. Setting the last applied indexto:(t:0, i:~)
2019-09-28 01:17:48,692 [pool-347-thread-1] INFO  server.RaftServerConfigKeys (ConfUtils.java:logGet(43)) - raft.server.notification.no-leader.timeout = 120s (custom)
2019-09-28 01:17:48,692 [pool-347-thread-1] INFO  server.RaftServerConfigKeys (ConfUtils.java:logGet(43)) - raft.server.log.use.memory = false (default)
2019-09-28 01:17:48,692 [pool-347-thread-1] INFO  server.RaftServerConfigKeys (ConfUtils.java:logGet(43)) - raft.server.log.purge.gap = 1000000 (custom)
2019-09-28 01:17:48,692 [pool-347-thread-1] INFO  server.RaftServerConfigKeys (ConfUtils.java:logGet(43)) - raft.server.log.appender.buffer.byte-limit = 33554432 (custom)
2019-09-28 01:17:48,692 [pool-347-thread-1] INFO  server.RaftServerConfigKeys (ConfUtils.java:logGet(43)) - raft.server.log.segment.size.max = 1048576 (custom)
2019-09-28 01:17:48,693 [pool-347-thread-1] INFO  server.RaftServerConfigKeys (ConfUtils.java:logGet(43)) - raft.server.log.segment.cache.num.max = 2 (custom)
2019-09-28 01:17:48,693 [pool-347-thread-1] INFO  segmented.SegmentedRaftLogWorker (SegmentedRaftLogWorker.java:<init>(172)) - new 37708db1-82ca-49f3-b412-795edcbfeb9a@group-C4217F4F74F4-SegmentedRaftLogWorker for RaftStorage:Storage Directory /workdir/hadoop-ozone/integration-test/target/test-dir/MiniOzoneClusterImpl-8d3ed4ce-f2e5-424c-95d5-a4ae13d3a978/datanode-8/data/ratis/341ca1cf-725c-4f8b-9204-c4217f4f74f4
2019-09-28 01:17:48,695 [pool-347-thread-1] INFO  server.RaftServerConfigKeys (ConfUtils.java:logGet(43)) - raft.server.log.queue.byte-limit = 2147483647 (custom)
2019-09-28 01:17:48,695 [pool-347-thread-1] INFO  server.RaftServerConfigKeys (ConfUtils.java:logGet(43)) - raft.server.log.queue.element-limit = 1024 (custom)
2019-09-28 01:17:48,695 [pool-347-thread-1] INFO  server.RaftServerConfigKeys (ConfUtils.java:logGet(43)) - raft.server.log.segment.size.max = 1048576 (custom)
2019-09-28 01:17:48,695 [pool-347-thread-1] INFO  server.RaftServerConfigKeys (ConfUtils.java:logGet(43)) - raft.server.log.preallocated.size = 16384 (custom)
2019-09-28 01:17:48,695 [pool-347-thread-1] INFO  server.RaftServerConfigKeys (ConfUtils.java:logGet(43)) - raft.server.log.write.buffer.size = 33554432 (custom)
2019-09-28 01:17:48,696 [pool-347-thread-1] INFO  server.RaftServerConfigKeys (ConfUtils.java:logGet(43)) - raft.server.log.force.sync.num = 128 (default)
2019-09-28 01:17:48,696 [pool-347-thread-1] INFO  server.RaftServerConfigKeys (ConfUtils.java:logGet(43)) - raft.server.log.statemachine.data.sync = true (default)
2019-09-28 01:17:48,696 [pool-347-thread-1] INFO  server.RaftServerConfigKeys (ConfUtils.java:logGet(43)) - raft.server.log.statemachine.data.sync.timeout = 10s (default)
2019-09-28 01:17:48,696 [pool-347-thread-1] INFO  server.RaftServerConfigKeys (ConfUtils.java:logGet(43)) - raft.server.log.statemachine.data.sync.timeout.retry = -1 (default)
2019-09-28 01:17:48,696 [pool-347-thread-1] INFO  server.RaftServerConfigKeys (ConfUtils.java:logGet(43)) - raft.server.log.statemachine.data.caching.enabled = true (custom)
2019-09-28 01:17:48,697 [pool-347-thread-1] INFO  segmented.SegmentedRaftLogWorker (SegmentedRaftLogWorker.java:lambda$new$0(132)) - 37708db1-82ca-49f3-b412-795edcbfeb9a@group-C4217F4F74F4-SegmentedRaftLogWorker: flushIndex: setUnconditionally 0 -> -1
2019-09-28 01:17:48,697 [pool-347-thread-1] INFO  server.RaftServerConfigKeys (ConfUtils.java:logGet(43)) - raft.server.snapshot.auto.trigger.enabled = true (custom)
2019-09-28 01:17:48,697 [pool-347-thread-1] INFO  server.RaftServerConfigKeys (ConfUtils.java:logGet(43)) - raft.server.snapshot.auto.trigger.threshold = 10000 (custom)
2019-09-28 01:17:48,697 [pool-347-thread-1] INFO  server.RaftServerConfigKeys (ConfUtils.java:logGet(43)) - raft.server.snapshot.retention.num.files = 5 (custom)
2019-09-28 01:17:48,698 [pool-347-thread-1] INFO  server.RaftServerConfigKeys (ConfUtils.java:logGet(43)) - raft.server.retrycache.expirytime = 600000ms (custom)
2019-09-28 01:17:48,700 [pool-347-thread-1] INFO  impl.RaftServerImpl (RaftServerImpl.java:start(185)) - 37708db1-82ca-49f3-b412-795edcbfeb9a@group-C4217F4F74F4: start as a follower, conf=-1: [37708db1-82ca-49f3-b412-795edcbfeb9a:192.168.151.82:33696], old=null
2019-09-28 01:17:48,700 [pool-347-thread-1] INFO  impl.RaftServerImpl (RaftServerImpl.java:setRole(174)) - 37708db1-82ca-49f3-b412-795edcbfeb9a@group-C4217F4F74F4: changes role from      null to FOLLOWER at term 0 for startAsFollower
2019-09-28 01:17:48,700 [pool-347-thread-1] INFO  impl.RoleInfo (RoleInfo.java:updateAndGet(143)) - 37708db1-82ca-49f3-b412-795edcbfeb9a: start FollowerState
2019-09-28 01:17:48,700 [pool-347-thread-1] INFO  util.JmxRegister (JmxRegister.java:tryRegister(44)) - Successfully registered JMX Bean with object name Ratis:service=RaftServer,group=group-C4217F4F74F4,id=37708db1-82ca-49f3-b412-795edcbfeb9a
2019-09-28 01:17:48,705 [RatisPipelineUtilsThread] INFO  pipeline.PipelineStateManager (PipelineStateManager.java:addPipeline(56)) - Created pipeline Pipeline[ Id: 341ca1cf-725c-4f8b-9204-c4217f4f74f4, Nodes: 37708db1-82ca-49f3-b412-795edcbfeb9a{ip: 192.168.151.82, host: pr-hdds-2162-8g7kw-3348123894, networkLocation: /rack1, certSerialId: null}, Type:RATIS, Factor:ONE, State:OPEN]
2019-09-28 01:17:48,713 [grpc-default-executor-1] INFO  impl.RaftServerProxy (RaftServerProxy.java:addNew(89)) - 169076bb-2216-469a-9fc5-b7d227bcc1f0: addNew group-43659DC21202:[169076bb-2216-469a-9fc5-b7d227bcc1f0:192.168.151.82:42330] returns group-43659DC21202:java.util.concurrent.CompletableFuture@386486ad[Not completed]
2019-09-28 01:17:48,715 [pool-357-thread-1] INFO  impl.RaftServerImpl (RaftServerImpl.java:<init>(95)) - 169076bb-2216-469a-9fc5-b7d227bcc1f0: new RaftServerImpl for group-43659DC21202:[169076bb-2216-469a-9fc5-b7d227bcc1f0:192.168.151.82:42330] with ContainerStateMachine:uninitialized
2019-09-28 01:17:48,715 [pool-357-thread-1] INFO  server.RaftServerConfigKeys (ConfUtils.java:logGet(43)) - raft.server.rpc.timeout.min = 1s (custom)
2019-09-28 01:17:48,715 [pool-357-thread-1] INFO  server.RaftServerConfigKeys (ConfUtils.java:logGet(43)) - raft.server.rpc.timeout.max = 1200ms (custom)
2019-09-28 01:17:48,715 [pool-357-thread-1] INFO  server.RaftServerConfigKeys (ConfUtils.java:logGet(43)) - raft.server.rpcslowness.timeout = 120s (custom)
2019-09-28 01:17:48,716 [pool-357-thread-1] INFO  server.RaftServerConfigKeys (ConfUtils.java:logGet(43)) - raft.server.sleep.deviation.threshold = 300 (default)
2019-09-28 01:17:48,716 [pool-357-thread-1] INFO  server.RaftServerConfigKeys (ConfUtils.java:logGet(43)) - raft.server.log.appender.install.snapshot.enabled = false (custom)
2019-09-28 01:17:48,716 [pool-357-thread-1] INFO  impl.RaftServerImpl (ServerState.java:<init>(103)) - 169076bb-2216-469a-9fc5-b7d227bcc1f0@group-43659DC21202: ConfigurationManager, init=-1: [169076bb-2216-469a-9fc5-b7d227bcc1f0:192.168.151.82:42330], old=null, confs=<EMPTY_MAP>
2019-09-28 01:17:48,716 [pool-357-thread-1] INFO  server.RaftServerConfigKeys (ConfUtils.java:logGet(43)) - raft.server.storage.dir = [/workdir/hadoop-ozone/integration-test/target/test-dir/MiniOzoneClusterImpl-8d3ed4ce-f2e5-424c-95d5-a4ae13d3a978/datanode-9/data/ratis] (custom)
2019-09-28 01:17:48,716 [pool-357-thread-1] INFO  storage.RaftStorageDirectory (RaftStorageDirectory.java:analyzeStorage(246)) - The storage directory /workdir/hadoop-ozone/integration-test/target/test-dir/MiniOzoneClusterImpl-8d3ed4ce-f2e5-424c-95d5-a4ae13d3a978/datanode-9/data/ratis/85732426-7890-4690-ae61-43659dc21202 does not exist. Creating ...
2019-09-28 01:17:48,730 [pool-357-thread-1] INFO  storage.RaftStorageDirectory (RaftStorageDirectory.java:tryLock(328)) - Lock on /workdir/hadoop-ozone/integration-test/target/test-dir/MiniOzoneClusterImpl-8d3ed4ce-f2e5-424c-95d5-a4ae13d3a978/datanode-9/data/ratis/85732426-7890-4690-ae61-43659dc21202/in_use.lock acquired by nodename 30873@pr-hdds-2162-8g7kw-3348123894
2019-09-28 01:17:48,743 [pool-357-thread-1] INFO  storage.RaftStorage (RaftStorage.java:format(72)) - Storage directory /workdir/hadoop-ozone/integration-test/target/test-dir/MiniOzoneClusterImpl-8d3ed4ce-f2e5-424c-95d5-a4ae13d3a978/datanode-9/data/ratis/85732426-7890-4690-ae61-43659dc21202 has been successfully formatted.
2019-09-28 01:17:48,744 [pool-357-thread-1] INFO  ratis.ContainerStateMachine (ContainerStateMachine.java:loadSnapshot(230)) - group-43659DC21202: The snapshot info is null. Setting the last applied indexto:(t:0, i:~)
2019-09-28 01:17:48,744 [pool-357-thread-1] INFO  server.RaftServerConfigKeys (ConfUtils.java:logGet(43)) - raft.server.notification.no-leader.timeout = 120s (custom)
2019-09-28 01:17:48,744 [pool-357-thread-1] INFO  server.RaftServerConfigKeys (ConfUtils.java:logGet(43)) - raft.server.log.use.memory = false (default)
2019-09-28 01:17:48,744 [pool-357-thread-1] INFO  server.RaftServerConfigKeys (ConfUtils.java:logGet(43)) - raft.server.log.purge.gap = 1000000 (custom)
2019-09-28 01:17:48,744 [pool-357-thread-1] INFO  server.RaftServerConfigKeys (ConfUtils.java:logGet(43)) - raft.server.log.appender.buffer.byte-limit = 33554432 (custom)
2019-09-28 01:17:48,744 [pool-357-thread-1] INFO  server.RaftServerConfigKeys (ConfUtils.java:logGet(43)) - raft.server.log.segment.size.max = 1048576 (custom)
2019-09-28 01:17:48,745 [pool-357-thread-1] INFO  server.RaftServerConfigKeys (ConfUtils.java:logGet(43)) - raft.server.log.segment.cache.num.max = 2 (custom)
2019-09-28 01:17:48,745 [pool-357-thread-1] INFO  segmented.SegmentedRaftLogWorker (SegmentedRaftLogWorker.java:<init>(172)) - new 169076bb-2216-469a-9fc5-b7d227bcc1f0@group-43659DC21202-SegmentedRaftLogWorker for RaftStorage:Storage Directory /workdir/hadoop-ozone/integration-test/target/test-dir/MiniOzoneClusterImpl-8d3ed4ce-f2e5-424c-95d5-a4ae13d3a978/datanode-9/data/ratis/85732426-7890-4690-ae61-43659dc21202
2019-09-28 01:17:48,747 [pool-357-thread-1] INFO  server.RaftServerConfigKeys (ConfUtils.java:logGet(43)) - raft.server.log.queue.byte-limit = 2147483647 (custom)
2019-09-28 01:17:48,747 [pool-357-thread-1] INFO  server.RaftServerConfigKeys (ConfUtils.java:logGet(43)) - raft.server.log.queue.element-limit = 1024 (custom)
2019-09-28 01:17:48,747 [pool-357-thread-1] INFO  server.RaftServerConfigKeys (ConfUtils.java:logGet(43)) - raft.server.log.segment.size.max = 1048576 (custom)
2019-09-28 01:17:48,747 [pool-357-thread-1] INFO  server.RaftServerConfigKeys (ConfUtils.java:logGet(43)) - raft.server.log.preallocated.size = 16384 (custom)
2019-09-28 01:17:48,747 [pool-357-thread-1] INFO  server.RaftServerConfigKeys (ConfUtils.java:logGet(43)) - raft.server.log.write.buffer.size = 33554432 (custom)
2019-09-28 01:17:48,748 [pool-357-thread-1] INFO  server.RaftServerConfigKeys (ConfUtils.java:logGet(43)) - raft.server.log.force.sync.num = 128 (default)
2019-09-28 01:17:48,748 [pool-357-thread-1] INFO  server.RaftServerConfigKeys (ConfUtils.java:logGet(43)) - raft.server.log.statemachine.data.sync = true (default)
2019-09-28 01:17:48,748 [pool-357-thread-1] INFO  server.RaftServerConfigKeys (ConfUtils.java:logGet(43)) - raft.server.log.statemachine.data.sync.timeout = 10s (default)
2019-09-28 01:17:48,748 [pool-357-thread-1] INFO  server.RaftServerConfigKeys (ConfUtils.java:logGet(43)) - raft.server.log.statemachine.data.sync.timeout.retry = -1 (default)
2019-09-28 01:17:48,748 [pool-357-thread-1] INFO  server.RaftServerConfigKeys (ConfUtils.java:logGet(43)) - raft.server.log.statemachine.data.caching.enabled = true (custom)
2019-09-28 01:17:48,749 [pool-357-thread-1] INFO  segmented.SegmentedRaftLogWorker (SegmentedRaftLogWorker.java:lambda$new$0(132)) - 169076bb-2216-469a-9fc5-b7d227bcc1f0@group-43659DC21202-SegmentedRaftLogWorker: flushIndex: setUnconditionally 0 -> -1
2019-09-28 01:17:48,749 [pool-357-thread-1] INFO  server.RaftServerConfigKeys (ConfUtils.java:logGet(43)) - raft.server.snapshot.auto.trigger.enabled = true (custom)
2019-09-28 01:17:48,749 [pool-357-thread-1] INFO  server.RaftServerConfigKeys (ConfUtils.java:logGet(43)) - raft.server.snapshot.auto.trigger.threshold = 10000 (custom)
2019-09-28 01:17:48,749 [pool-357-thread-1] INFO  server.RaftServerConfigKeys (ConfUtils.java:logGet(43)) - raft.server.snapshot.retention.num.files = 5 (custom)
2019-09-28 01:17:48,750 [pool-357-thread-1] INFO  server.RaftServerConfigKeys (ConfUtils.java:logGet(43)) - raft.server.retrycache.expirytime = 600000ms (custom)
2019-09-28 01:17:48,752 [pool-357-thread-1] INFO  impl.RaftServerImpl (RaftServerImpl.java:start(185)) - 169076bb-2216-469a-9fc5-b7d227bcc1f0@group-43659DC21202: start as a follower, conf=-1: [169076bb-2216-469a-9fc5-b7d227bcc1f0:192.168.151.82:42330], old=null
2019-09-28 01:17:48,752 [pool-357-thread-1] INFO  impl.RaftServerImpl (RaftServerImpl.java:setRole(174)) - 169076bb-2216-469a-9fc5-b7d227bcc1f0@group-43659DC21202: changes role from      null to FOLLOWER at term 0 for startAsFollower
2019-09-28 01:17:48,752 [pool-357-thread-1] INFO  impl.RoleInfo (RoleInfo.java:updateAndGet(143)) - 169076bb-2216-469a-9fc5-b7d227bcc1f0: start FollowerState
2019-09-28 01:17:48,753 [pool-357-thread-1] INFO  util.JmxRegister (JmxRegister.java:tryRegister(44)) - Successfully registered JMX Bean with object name Ratis:service=RaftServer,group=group-43659DC21202,id=169076bb-2216-469a-9fc5-b7d227bcc1f0
2019-09-28 01:17:48,759 [RatisPipelineUtilsThread] INFO  pipeline.PipelineStateManager (PipelineStateManager.java:addPipeline(56)) - Created pipeline Pipeline[ Id: 85732426-7890-4690-ae61-43659dc21202, Nodes: 169076bb-2216-469a-9fc5-b7d227bcc1f0{ip: 192.168.151.82, host: pr-hdds-2162-8g7kw-3348123894, networkLocation: /rack1, certSerialId: null}, Type:RATIS, Factor:ONE, State:OPEN]
2019-09-28 01:17:48,774 [grpc-default-executor-0] INFO  impl.RaftServerProxy (RaftServerProxy.java:addNew(89)) - 482bab89-bbed-45e7-a2a4-226291146823: addNew group-28E788FD6B37:[8e564692-438a-4cca-bbaf-5fbe943d4762:192.168.151.82:44652, 37708db1-82ca-49f3-b412-795edcbfeb9a:192.168.151.82:33696, 482bab89-bbed-45e7-a2a4-226291146823:192.168.151.82:43977] returns group-28E788FD6B37:java.util.concurrent.CompletableFuture@2bb3d86c[Not completed]
2019-09-28 01:17:48,774 [grpc-default-executor-2] INFO  impl.RaftServerProxy (RaftServerProxy.java:addNew(89)) - 37708db1-82ca-49f3-b412-795edcbfeb9a: addNew group-28E788FD6B37:[8e564692-438a-4cca-bbaf-5fbe943d4762:192.168.151.82:44652, 37708db1-82ca-49f3-b412-795edcbfeb9a:192.168.151.82:33696, 482bab89-bbed-45e7-a2a4-226291146823:192.168.151.82:43977] returns group-28E788FD6B37:java.util.concurrent.CompletableFuture@449e5278[Not completed]
2019-09-28 01:17:48,774 [grpc-default-executor-1] INFO  impl.RaftServerProxy (RaftServerProxy.java:addNew(89)) - 8e564692-438a-4cca-bbaf-5fbe943d4762: addNew group-28E788FD6B37:[8e564692-438a-4cca-bbaf-5fbe943d4762:192.168.151.82:44652, 37708db1-82ca-49f3-b412-795edcbfeb9a:192.168.151.82:33696, 482bab89-bbed-45e7-a2a4-226291146823:192.168.151.82:43977] returns group-28E788FD6B37:java.util.concurrent.CompletableFuture@7120ead8[Not completed]
2019-09-28 01:17:48,775 [pool-337-thread-1] INFO  impl.RaftServerImpl (RaftServerImpl.java:<init>(95)) - 482bab89-bbed-45e7-a2a4-226291146823: new RaftServerImpl for group-28E788FD6B37:[8e564692-438a-4cca-bbaf-5fbe943d4762:192.168.151.82:44652, 37708db1-82ca-49f3-b412-795edcbfeb9a:192.168.151.82:33696, 482bab89-bbed-45e7-a2a4-226291146823:192.168.151.82:43977] with ContainerStateMachine:uninitialized
2019-09-28 01:17:48,776 [pool-337-thread-1] INFO  server.RaftServerConfigKeys (ConfUtils.java:logGet(43)) - raft.server.rpc.timeout.min = 1s (custom)
2019-09-28 01:17:48,776 [pool-337-thread-1] INFO  server.RaftServerConfigKeys (ConfUtils.java:logGet(43)) - raft.server.rpc.timeout.max = 1200ms (custom)
2019-09-28 01:17:48,776 [pool-337-thread-1] INFO  server.RaftServerConfigKeys (ConfUtils.java:logGet(43)) - raft.server.rpcslowness.timeout = 120s (custom)
2019-09-28 01:17:48,776 [pool-337-thread-1] INFO  server.RaftServerConfigKeys (ConfUtils.java:logGet(43)) - raft.server.sleep.deviation.threshold = 300 (default)
2019-09-28 01:17:48,776 [pool-337-thread-1] INFO  server.RaftServerConfigKeys (ConfUtils.java:logGet(43)) - raft.server.log.appender.install.snapshot.enabled = false (custom)
2019-09-28 01:17:48,776 [pool-307-thread-1] INFO  impl.RaftServerImpl (RaftServerImpl.java:<init>(95)) - 8e564692-438a-4cca-bbaf-5fbe943d4762: new RaftServerImpl for group-28E788FD6B37:[8e564692-438a-4cca-bbaf-5fbe943d4762:192.168.151.82:44652, 37708db1-82ca-49f3-b412-795edcbfeb9a:192.168.151.82:33696, 482bab89-bbed-45e7-a2a4-226291146823:192.168.151.82:43977] with ContainerStateMachine:uninitialized
2019-09-28 01:17:48,776 [pool-337-thread-1] INFO  impl.RaftServerImpl (ServerState.java:<init>(103)) - 482bab89-bbed-45e7-a2a4-226291146823@group-28E788FD6B37: ConfigurationManager, init=-1: [8e564692-438a-4cca-bbaf-5fbe943d4762:192.168.151.82:44652, 37708db1-82ca-49f3-b412-795edcbfeb9a:192.168.151.82:33696, 482bab89-bbed-45e7-a2a4-226291146823:192.168.151.82:43977], old=null, confs=<EMPTY_MAP>
2019-09-28 01:17:48,777 [pool-307-thread-1] INFO  server.RaftServerConfigKeys (ConfUtils.java:logGet(43)) - raft.server.rpc.timeout.min = 1s (custom)
2019-09-28 01:17:48,777 [pool-337-thread-1] INFO  server.RaftServerConfigKeys (ConfUtils.java:logGet(43)) - raft.server.storage.dir = [/workdir/hadoop-ozone/integration-test/target/test-dir/MiniOzoneClusterImpl-8d3ed4ce-f2e5-424c-95d5-a4ae13d3a978/datanode-7/data/ratis] (custom)
2019-09-28 01:17:48,777 [pool-307-thread-1] INFO  server.RaftServerConfigKeys (ConfUtils.java:logGet(43)) - raft.server.rpc.timeout.max = 1200ms (custom)
2019-09-28 01:17:48,777 [pool-307-thread-1] INFO  server.RaftServerConfigKeys (ConfUtils.java:logGet(43)) - raft.server.rpcslowness.timeout = 120s (custom)
2019-09-28 01:17:48,777 [pool-347-thread-1] INFO  impl.RaftServerImpl (RaftServerImpl.java:<init>(95)) - 37708db1-82ca-49f3-b412-795edcbfeb9a: new RaftServerImpl for group-28E788FD6B37:[8e564692-438a-4cca-bbaf-5fbe943d4762:192.168.151.82:44652, 37708db1-82ca-49f3-b412-795edcbfeb9a:192.168.151.82:33696, 482bab89-bbed-45e7-a2a4-226291146823:192.168.151.82:43977] with ContainerStateMachine:uninitialized
2019-09-28 01:17:48,777 [pool-307-thread-1] INFO  server.RaftServerConfigKeys (ConfUtils.java:logGet(43)) - raft.server.sleep.deviation.threshold = 300 (default)
2019-09-28 01:17:48,777 [pool-347-thread-1] INFO  server.RaftServerConfigKeys (ConfUtils.java:logGet(43)) - raft.server.rpc.timeout.min = 1s (custom)
2019-09-28 01:17:48,777 [pool-337-thread-1] INFO  storage.RaftStorageDirectory (RaftStorageDirectory.java:analyzeStorage(246)) - The storage directory /workdir/hadoop-ozone/integration-test/target/test-dir/MiniOzoneClusterImpl-8d3ed4ce-f2e5-424c-95d5-a4ae13d3a978/datanode-7/data/ratis/42c6ba3e-d5bc-4311-963e-28e788fd6b37 does not exist. Creating ...
2019-09-28 01:17:48,778 [pool-347-thread-1] INFO  server.RaftServerConfigKeys (ConfUtils.java:logGet(43)) - raft.server.rpc.timeout.max = 1200ms (custom)
2019-09-28 01:17:48,778 [pool-307-thread-1] INFO  server.RaftServerConfigKeys (ConfUtils.java:logGet(43)) - raft.server.log.appender.install.snapshot.enabled = false (custom)
2019-09-28 01:17:48,778 [pool-347-thread-1] INFO  server.RaftServerConfigKeys (ConfUtils.java:logGet(43)) - raft.server.rpcslowness.timeout = 120s (custom)
2019-09-28 01:17:48,778 [pool-307-thread-1] INFO  impl.RaftServerImpl (ServerState.java:<init>(103)) - 8e564692-438a-4cca-bbaf-5fbe943d4762@group-28E788FD6B37: ConfigurationManager, init=-1: [8e564692-438a-4cca-bbaf-5fbe943d4762:192.168.151.82:44652, 37708db1-82ca-49f3-b412-795edcbfeb9a:192.168.151.82:33696, 482bab89-bbed-45e7-a2a4-226291146823:192.168.151.82:43977], old=null, confs=<EMPTY_MAP>
2019-09-28 01:17:48,778 [pool-347-thread-1] INFO  server.RaftServerConfigKeys (ConfUtils.java:logGet(43)) - raft.server.sleep.deviation.threshold = 300 (default)
2019-09-28 01:17:48,778 [pool-307-thread-1] INFO  server.RaftServerConfigKeys (ConfUtils.java:logGet(43)) - raft.server.storage.dir = [/workdir/hadoop-ozone/integration-test/target/test-dir/MiniOzoneClusterImpl-8d3ed4ce-f2e5-424c-95d5-a4ae13d3a978/datanode-4/data/ratis] (custom)
2019-09-28 01:17:48,779 [pool-347-thread-1] INFO  server.RaftServerConfigKeys (ConfUtils.java:logGet(43)) - raft.server.log.appender.install.snapshot.enabled = false (custom)
2019-09-28 01:17:48,779 [pool-347-thread-1] INFO  impl.RaftServerImpl (ServerState.java:<init>(103)) - 37708db1-82ca-49f3-b412-795edcbfeb9a@group-28E788FD6B37: ConfigurationManager, init=-1: [8e564692-438a-4cca-bbaf-5fbe943d4762:192.168.151.82:44652, 37708db1-82ca-49f3-b412-795edcbfeb9a:192.168.151.82:33696, 482bab89-bbed-45e7-a2a4-226291146823:192.168.151.82:43977], old=null, confs=<EMPTY_MAP>
2019-09-28 01:17:48,779 [pool-307-thread-1] INFO  storage.RaftStorageDirectory (RaftStorageDirectory.java:analyzeStorage(246)) - The storage directory /workdir/hadoop-ozone/integration-test/target/test-dir/MiniOzoneClusterImpl-8d3ed4ce-f2e5-424c-95d5-a4ae13d3a978/datanode-4/data/ratis/42c6ba3e-d5bc-4311-963e-28e788fd6b37 does not exist. Creating ...
2019-09-28 01:17:48,779 [pool-347-thread-1] INFO  server.RaftServerConfigKeys (ConfUtils.java:logGet(43)) - raft.server.storage.dir = [/workdir/hadoop-ozone/integration-test/target/test-dir/MiniOzoneClusterImpl-8d3ed4ce-f2e5-424c-95d5-a4ae13d3a978/datanode-8/data/ratis] (custom)
2019-09-28 01:17:48,780 [pool-347-thread-1] INFO  storage.RaftStorageDirectory (RaftStorageDirectory.java:analyzeStorage(246)) - The storage directory /workdir/hadoop-ozone/integration-test/target/test-dir/MiniOzoneClusterImpl-8d3ed4ce-f2e5-424c-95d5-a4ae13d3a978/datanode-8/data/ratis/42c6ba3e-d5bc-4311-963e-28e788fd6b37 does not exist. Creating ...
2019-09-28 01:17:48,792 [pool-307-thread-1] INFO  storage.RaftStorageDirectory (RaftStorageDirectory.java:tryLock(328)) - Lock on /workdir/hadoop-ozone/integration-test/target/test-dir/MiniOzoneClusterImpl-8d3ed4ce-f2e5-424c-95d5-a4ae13d3a978/datanode-4/data/ratis/42c6ba3e-d5bc-4311-963e-28e788fd6b37/in_use.lock acquired by nodename 30873@pr-hdds-2162-8g7kw-3348123894
2019-09-28 01:17:48,792 [pool-337-thread-1] INFO  storage.RaftStorageDirectory (RaftStorageDirectory.java:tryLock(328)) - Lock on /workdir/hadoop-ozone/integration-test/target/test-dir/MiniOzoneClusterImpl-8d3ed4ce-f2e5-424c-95d5-a4ae13d3a978/datanode-7/data/ratis/42c6ba3e-d5bc-4311-963e-28e788fd6b37/in_use.lock acquired by nodename 30873@pr-hdds-2162-8g7kw-3348123894
2019-09-28 01:17:48,792 [pool-347-thread-1] INFO  storage.RaftStorageDirectory (RaftStorageDirectory.java:tryLock(328)) - Lock on /workdir/hadoop-ozone/integration-test/target/test-dir/MiniOzoneClusterImpl-8d3ed4ce-f2e5-424c-95d5-a4ae13d3a978/datanode-8/data/ratis/42c6ba3e-d5bc-4311-963e-28e788fd6b37/in_use.lock acquired by nodename 30873@pr-hdds-2162-8g7kw-3348123894
2019-09-28 01:17:48,806 [pool-307-thread-1] INFO  storage.RaftStorage (RaftStorage.java:format(72)) - Storage directory /workdir/hadoop-ozone/integration-test/target/test-dir/MiniOzoneClusterImpl-8d3ed4ce-f2e5-424c-95d5-a4ae13d3a978/datanode-4/data/ratis/42c6ba3e-d5bc-4311-963e-28e788fd6b37 has been successfully formatted.
2019-09-28 01:17:48,806 [pool-347-thread-1] INFO  storage.RaftStorage (RaftStorage.java:format(72)) - Storage directory /workdir/hadoop-ozone/integration-test/target/test-dir/MiniOzoneClusterImpl-8d3ed4ce-f2e5-424c-95d5-a4ae13d3a978/datanode-8/data/ratis/42c6ba3e-d5bc-4311-963e-28e788fd6b37 has been successfully formatted.
2019-09-28 01:17:48,807 [pool-307-thread-1] INFO  ratis.ContainerStateMachine (ContainerStateMachine.java:loadSnapshot(230)) - group-28E788FD6B37: The snapshot info is null. Setting the last applied indexto:(t:0, i:~)
2019-09-28 01:17:48,806 [pool-337-thread-1] INFO  storage.RaftStorage (RaftStorage.java:format(72)) - Storage directory /workdir/hadoop-ozone/integration-test/target/test-dir/MiniOzoneClusterImpl-8d3ed4ce-f2e5-424c-95d5-a4ae13d3a978/datanode-7/data/ratis/42c6ba3e-d5bc-4311-963e-28e788fd6b37 has been successfully formatted.
2019-09-28 01:17:48,807 [pool-347-thread-1] INFO  ratis.ContainerStateMachine (ContainerStateMachine.java:loadSnapshot(230)) - group-28E788FD6B37: The snapshot info is null. Setting the last applied indexto:(t:0, i:~)
2019-09-28 01:17:48,807 [pool-337-thread-1] INFO  ratis.ContainerStateMachine (ContainerStateMachine.java:loadSnapshot(230)) - group-28E788FD6B37: The snapshot info is null. Setting the last applied indexto:(t:0, i:~)
2019-09-28 01:17:48,807 [pool-307-thread-1] INFO  server.RaftServerConfigKeys (ConfUtils.java:logGet(43)) - raft.server.notification.no-leader.timeout = 120s (custom)
2019-09-28 01:17:48,807 [pool-337-thread-1] INFO  server.RaftServerConfigKeys (ConfUtils.java:logGet(43)) - raft.server.notification.no-leader.timeout = 120s (custom)
2019-09-28 01:17:48,807 [pool-347-thread-1] INFO  server.RaftServerConfigKeys (ConfUtils.java:logGet(43)) - raft.server.notification.no-leader.timeout = 120s (custom)
2019-09-28 01:17:48,807 [pool-337-thread-1] INFO  server.RaftServerConfigKeys (ConfUtils.java:logGet(43)) - raft.server.log.use.memory = false (default)
2019-09-28 01:17:48,807 [pool-307-thread-1] INFO  server.RaftServerConfigKeys (ConfUtils.java:logGet(43)) - raft.server.log.use.memory = false (default)
2019-09-28 01:17:48,808 [pool-347-thread-1] INFO  server.RaftServerConfigKeys (ConfUtils.java:logGet(43)) - raft.server.log.use.memory = false (default)
2019-09-28 01:17:48,808 [pool-307-thread-1] INFO  server.RaftServerConfigKeys (ConfUtils.java:logGet(43)) - raft.server.log.purge.gap = 1000000 (custom)
2019-09-28 01:17:48,808 [pool-337-thread-1] INFO  server.RaftServerConfigKeys (ConfUtils.java:logGet(43)) - raft.server.log.purge.gap = 1000000 (custom)
2019-09-28 01:17:48,808 [pool-307-thread-1] INFO  server.RaftServerConfigKeys (ConfUtils.java:logGet(43)) - raft.server.log.appender.buffer.byte-limit = 33554432 (custom)
2019-09-28 01:17:48,808 [pool-347-thread-1] INFO  server.RaftServerConfigKeys (ConfUtils.java:logGet(43)) - raft.server.log.purge.gap = 1000000 (custom)
2019-09-28 01:17:48,808 [pool-307-thread-1] INFO  server.RaftServerConfigKeys (ConfUtils.java:logGet(43)) - raft.server.log.segment.size.max = 1048576 (custom)
2019-09-28 01:17:48,808 [pool-337-thread-1] INFO  server.RaftServerConfigKeys (ConfUtils.java:logGet(43)) - raft.server.log.appender.buffer.byte-limit = 33554432 (custom)
2019-09-28 01:17:48,809 [pool-307-thread-1] INFO  server.RaftServerConfigKeys (ConfUtils.java:logGet(43)) - raft.server.log.segment.cache.num.max = 2 (custom)
2019-09-28 01:17:48,809 [pool-307-thread-1] INFO  segmented.SegmentedRaftLogWorker (SegmentedRaftLogWorker.java:<init>(172)) - new 8e564692-438a-4cca-bbaf-5fbe943d4762@group-28E788FD6B37-SegmentedRaftLogWorker for RaftStorage:Storage Directory /workdir/hadoop-ozone/integration-test/target/test-dir/MiniOzoneClusterImpl-8d3ed4ce-f2e5-424c-95d5-a4ae13d3a978/datanode-4/data/ratis/42c6ba3e-d5bc-4311-963e-28e788fd6b37
2019-09-28 01:17:48,809 [pool-347-thread-1] INFO  server.RaftServerConfigKeys (ConfUtils.java:logGet(43)) - raft.server.log.appender.buffer.byte-limit = 33554432 (custom)
2019-09-28 01:17:48,809 [pool-307-thread-1] INFO  server.RaftServerConfigKeys (ConfUtils.java:logGet(43)) - raft.server.log.queue.byte-limit = 2147483647 (custom)
2019-09-28 01:17:48,809 [pool-337-thread-1] INFO  server.RaftServerConfigKeys (ConfUtils.java:logGet(43)) - raft.server.log.segment.size.max = 1048576 (custom)
2019-09-28 01:17:48,809 [pool-307-thread-1] INFO  server.RaftServerConfigKeys (ConfUtils.java:logGet(43)) - raft.server.log.queue.element-limit = 1024 (custom)
2019-09-28 01:17:48,809 [pool-347-thread-1] INFO  server.RaftServerConfigKeys (ConfUtils.java:logGet(43)) - raft.server.log.segment.size.max = 1048576 (custom)
2019-09-28 01:17:48,810 [pool-307-thread-1] INFO  server.RaftServerConfigKeys (ConfUtils.java:logGet(43)) - raft.server.log.segment.size.max = 1048576 (custom)
2019-09-28 01:17:48,810 [pool-307-thread-1] INFO  server.RaftServerConfigKeys (ConfUtils.java:logGet(43)) - raft.server.log.preallocated.size = 16384 (custom)
2019-09-28 01:17:48,810 [pool-337-thread-1] INFO  server.RaftServerConfigKeys (ConfUtils.java:logGet(43)) - raft.server.log.segment.cache.num.max = 2 (custom)
2019-09-28 01:17:48,810 [pool-307-thread-1] INFO  server.RaftServerConfigKeys (ConfUtils.java:logGet(43)) - raft.server.log.write.buffer.size = 33554432 (custom)
2019-09-28 01:17:48,810 [pool-347-thread-1] INFO  server.RaftServerConfigKeys (ConfUtils.java:logGet(43)) - raft.server.log.segment.cache.num.max = 2 (custom)
2019-09-28 01:17:48,810 [pool-307-thread-1] INFO  server.RaftServerConfigKeys (ConfUtils.java:logGet(43)) - raft.server.log.force.sync.num = 128 (default)
2019-09-28 01:17:48,811 [pool-307-thread-1] INFO  server.RaftServerConfigKeys (ConfUtils.java:logGet(43)) - raft.server.log.statemachine.data.sync = true (default)
2019-09-28 01:17:48,810 [pool-337-thread-1] INFO  segmented.SegmentedRaftLogWorker (SegmentedRaftLogWorker.java:<init>(172)) - new 482bab89-bbed-45e7-a2a4-226291146823@group-28E788FD6B37-SegmentedRaftLogWorker for RaftStorage:Storage Directory /workdir/hadoop-ozone/integration-test/target/test-dir/MiniOzoneClusterImpl-8d3ed4ce-f2e5-424c-95d5-a4ae13d3a978/datanode-7/data/ratis/42c6ba3e-d5bc-4311-963e-28e788fd6b37
2019-09-28 01:17:48,811 [pool-307-thread-1] INFO  server.RaftServerConfigKeys (ConfUtils.java:logGet(43)) - raft.server.log.statemachine.data.sync.timeout = 10s (default)
2019-09-28 01:17:48,811 [pool-307-thread-1] INFO  server.RaftServerConfigKeys (ConfUtils.java:logGet(43)) - raft.server.log.statemachine.data.sync.timeout.retry = -1 (default)
2019-09-28 01:17:48,811 [pool-347-thread-1] INFO  segmented.SegmentedRaftLogWorker (SegmentedRaftLogWorker.java:<init>(172)) - new 37708db1-82ca-49f3-b412-795edcbfeb9a@group-28E788FD6B37-SegmentedRaftLogWorker for RaftStorage:Storage Directory /workdir/hadoop-ozone/integration-test/target/test-dir/MiniOzoneClusterImpl-8d3ed4ce-f2e5-424c-95d5-a4ae13d3a978/datanode-8/data/ratis/42c6ba3e-d5bc-4311-963e-28e788fd6b37
2019-09-28 01:17:48,811 [pool-307-thread-1] INFO  server.RaftServerConfigKeys (ConfUtils.java:logGet(43)) - raft.server.log.statemachine.data.caching.enabled = true (custom)
2019-09-28 01:17:48,811 [pool-337-thread-1] INFO  server.RaftServerConfigKeys (ConfUtils.java:logGet(43)) - raft.server.log.queue.byte-limit = 2147483647 (custom)
2019-09-28 01:17:48,812 [pool-307-thread-1] INFO  segmented.SegmentedRaftLogWorker (SegmentedRaftLogWorker.java:lambda$new$0(132)) - 8e564692-438a-4cca-bbaf-5fbe943d4762@group-28E788FD6B37-SegmentedRaftLogWorker: flushIndex: setUnconditionally 0 -> -1
2019-09-28 01:17:48,812 [pool-347-thread-1] INFO  server.RaftServerConfigKeys (ConfUtils.java:logGet(43)) - raft.server.log.queue.byte-limit = 2147483647 (custom)
2019-09-28 01:17:48,812 [pool-337-thread-1] INFO  server.RaftServerConfigKeys (ConfUtils.java:logGet(43)) - raft.server.log.queue.element-limit = 1024 (custom)
2019-09-28 01:17:48,812 [pool-307-thread-1] INFO  server.RaftServerConfigKeys (ConfUtils.java:logGet(43)) - raft.server.snapshot.auto.trigger.enabled = true (custom)
2019-09-28 01:17:48,813 [pool-307-thread-1] INFO  server.RaftServerConfigKeys (ConfUtils.java:logGet(43)) - raft.server.snapshot.auto.trigger.threshold = 10000 (custom)
2019-09-28 01:17:48,812 [pool-347-thread-1] INFO  server.RaftServerConfigKeys (ConfUtils.java:logGet(43)) - raft.server.log.queue.element-limit = 1024 (custom)
2019-09-28 01:17:48,813 [pool-307-thread-1] INFO  server.RaftServerConfigKeys (ConfUtils.java:logGet(43)) - raft.server.snapshot.retention.num.files = 5 (custom)
2019-09-28 01:17:48,812 [pool-337-thread-1] INFO  server.RaftServerConfigKeys (ConfUtils.java:logGet(43)) - raft.server.log.segment.size.max = 1048576 (custom)
2019-09-28 01:17:48,813 [pool-307-thread-1] INFO  server.RaftServerConfigKeys (ConfUtils.java:logGet(43)) - raft.server.retrycache.expirytime = 600000ms (custom)
2019-09-28 01:17:48,813 [pool-347-thread-1] INFO  server.RaftServerConfigKeys (ConfUtils.java:logGet(43)) - raft.server.log.segment.size.max = 1048576 (custom)
2019-09-28 01:17:48,813 [pool-337-thread-1] INFO  server.RaftServerConfigKeys (ConfUtils.java:logGet(43)) - raft.server.log.preallocated.size = 16384 (custom)
2019-09-28 01:17:48,813 [pool-347-thread-1] INFO  server.RaftServerConfigKeys (ConfUtils.java:logGet(43)) - raft.server.log.preallocated.size = 16384 (custom)
2019-09-28 01:17:48,814 [pool-337-thread-1] INFO  server.RaftServerConfigKeys (ConfUtils.java:logGet(43)) - raft.server.log.write.buffer.size = 33554432 (custom)
2019-09-28 01:17:48,814 [pool-347-thread-1] INFO  server.RaftServerConfigKeys (ConfUtils.java:logGet(43)) - raft.server.log.write.buffer.size = 33554432 (custom)
2019-09-28 01:17:48,814 [pool-337-thread-1] INFO  server.RaftServerConfigKeys (ConfUtils.java:logGet(43)) - raft.server.log.force.sync.num = 128 (default)
2019-09-28 01:17:48,814 [pool-347-thread-1] INFO  server.RaftServerConfigKeys (ConfUtils.java:logGet(43)) - raft.server.log.force.sync.num = 128 (default)
2019-09-28 01:17:48,814 [pool-337-thread-1] INFO  server.RaftServerConfigKeys (ConfUtils.java:logGet(43)) - raft.server.log.statemachine.data.sync = true (default)
2019-09-28 01:17:48,814 [pool-347-thread-1] INFO  server.RaftServerConfigKeys (ConfUtils.java:logGet(43)) - raft.server.log.statemachine.data.sync = true (default)
2019-09-28 01:17:48,815 [pool-337-thread-1] INFO  server.RaftServerConfigKeys (ConfUtils.java:logGet(43)) - raft.server.log.statemachine.data.sync.timeout = 10s (default)
2019-09-28 01:17:48,815 [pool-347-thread-1] INFO  server.RaftServerConfigKeys (ConfUtils.java:logGet(43)) - raft.server.log.statemachine.data.sync.timeout = 10s (default)
2019-09-28 01:17:48,815 [pool-337-thread-1] INFO  server.RaftServerConfigKeys (ConfUtils.java:logGet(43)) - raft.server.log.statemachine.data.sync.timeout.retry = -1 (default)
2019-09-28 01:17:48,815 [pool-347-thread-1] INFO  server.RaftServerConfigKeys (ConfUtils.java:logGet(43)) - raft.server.log.statemachine.data.sync.timeout.retry = -1 (default)
2019-09-28 01:17:48,815 [pool-337-thread-1] INFO  server.RaftServerConfigKeys (ConfUtils.java:logGet(43)) - raft.server.log.statemachine.data.caching.enabled = true (custom)
2019-09-28 01:17:48,815 [pool-347-thread-1] INFO  server.RaftServerConfigKeys (ConfUtils.java:logGet(43)) - raft.server.log.statemachine.data.caching.enabled = true (custom)
2019-09-28 01:17:48,815 [pool-307-thread-1] INFO  impl.RaftServerImpl (RaftServerImpl.java:start(185)) - 8e564692-438a-4cca-bbaf-5fbe943d4762@group-28E788FD6B37: start as a follower, conf=-1: [8e564692-438a-4cca-bbaf-5fbe943d4762:192.168.151.82:44652, 37708db1-82ca-49f3-b412-795edcbfeb9a:192.168.151.82:33696, 482bab89-bbed-45e7-a2a4-226291146823:192.168.151.82:43977], old=null
2019-09-28 01:17:48,816 [pool-337-thread-1] INFO  segmented.SegmentedRaftLogWorker (SegmentedRaftLogWorker.java:lambda$new$0(132)) - 482bab89-bbed-45e7-a2a4-226291146823@group-28E788FD6B37-SegmentedRaftLogWorker: flushIndex: setUnconditionally 0 -> -1
2019-09-28 01:17:48,816 [pool-347-thread-1] INFO  segmented.SegmentedRaftLogWorker (SegmentedRaftLogWorker.java:lambda$new$0(132)) - 37708db1-82ca-49f3-b412-795edcbfeb9a@group-28E788FD6B37-SegmentedRaftLogWorker: flushIndex: setUnconditionally 0 -> -1
2019-09-28 01:17:48,816 [pool-307-thread-1] INFO  impl.RaftServerImpl (RaftServerImpl.java:setRole(174)) - 8e564692-438a-4cca-bbaf-5fbe943d4762@group-28E788FD6B37: changes role from      null to FOLLOWER at term 0 for startAsFollower
2019-09-28 01:17:48,816 [pool-337-thread-1] INFO  server.RaftServerConfigKeys (ConfUtils.java:logGet(43)) - raft.server.snapshot.auto.trigger.enabled = true (custom)
2019-09-28 01:17:48,816 [pool-347-thread-1] INFO  server.RaftServerConfigKeys (ConfUtils.java:logGet(43)) - raft.server.snapshot.auto.trigger.enabled = true (custom)
2019-09-28 01:17:48,816 [pool-307-thread-1] INFO  impl.RoleInfo (RoleInfo.java:updateAndGet(143)) - 8e564692-438a-4cca-bbaf-5fbe943d4762: start FollowerState
2019-09-28 01:17:48,817 [pool-347-thread-1] INFO  server.RaftServerConfigKeys (ConfUtils.java:logGet(43)) - raft.server.snapshot.auto.trigger.threshold = 10000 (custom)
2019-09-28 01:17:48,816 [pool-337-thread-1] INFO  server.RaftServerConfigKeys (ConfUtils.java:logGet(43)) - raft.server.snapshot.auto.trigger.threshold = 10000 (custom)
2019-09-28 01:17:48,817 [pool-347-thread-1] INFO  server.RaftServerConfigKeys (ConfUtils.java:logGet(43)) - raft.server.snapshot.retention.num.files = 5 (custom)
2019-09-28 01:17:48,817 [pool-307-thread-1] INFO  util.JmxRegister (JmxRegister.java:tryRegister(44)) - Successfully registered JMX Bean with object name Ratis:service=RaftServer,group=group-28E788FD6B37,id=8e564692-438a-4cca-bbaf-5fbe943d4762
2019-09-28 01:17:48,817 [pool-337-thread-1] INFO  server.RaftServerConfigKeys (ConfUtils.java:logGet(43)) - raft.server.snapshot.retention.num.files = 5 (custom)
2019-09-28 01:17:48,817 [pool-347-thread-1] INFO  server.RaftServerConfigKeys (ConfUtils.java:logGet(43)) - raft.server.retrycache.expirytime = 600000ms (custom)
2019-09-28 01:17:48,817 [pool-337-thread-1] INFO  server.RaftServerConfigKeys (ConfUtils.java:logGet(43)) - raft.server.retrycache.expirytime = 600000ms (custom)
2019-09-28 01:17:48,824 [pool-347-thread-1] INFO  impl.RaftServerImpl (RaftServerImpl.java:start(185)) - 37708db1-82ca-49f3-b412-795edcbfeb9a@group-28E788FD6B37: start as a follower, conf=-1: [8e564692-438a-4cca-bbaf-5fbe943d4762:192.168.151.82:44652, 37708db1-82ca-49f3-b412-795edcbfeb9a:192.168.151.82:33696, 482bab89-bbed-45e7-a2a4-226291146823:192.168.151.82:43977], old=null
2019-09-28 01:17:48,824 [pool-347-thread-1] INFO  impl.RaftServerImpl (RaftServerImpl.java:setRole(174)) - 37708db1-82ca-49f3-b412-795edcbfeb9a@group-28E788FD6B37: changes role from      null to FOLLOWER at term 0 for startAsFollower
2019-09-28 01:17:48,824 [pool-347-thread-1] INFO  impl.RoleInfo (RoleInfo.java:updateAndGet(143)) - 37708db1-82ca-49f3-b412-795edcbfeb9a: start FollowerState
2019-09-28 01:17:48,824 [pool-337-thread-1] INFO  impl.RaftServerImpl (RaftServerImpl.java:start(185)) - 482bab89-bbed-45e7-a2a4-226291146823@group-28E788FD6B37: start as a follower, conf=-1: [8e564692-438a-4cca-bbaf-5fbe943d4762:192.168.151.82:44652, 37708db1-82ca-49f3-b412-795edcbfeb9a:192.168.151.82:33696, 482bab89-bbed-45e7-a2a4-226291146823:192.168.151.82:43977], old=null
2019-09-28 01:17:48,825 [pool-337-thread-1] INFO  impl.RaftServerImpl (RaftServerImpl.java:setRole(174)) - 482bab89-bbed-45e7-a2a4-226291146823@group-28E788FD6B37: changes role from      null to FOLLOWER at term 0 for startAsFollower
2019-09-28 01:17:48,825 [pool-347-thread-1] INFO  util.JmxRegister (JmxRegister.java:tryRegister(44)) - Successfully registered JMX Bean with object name Ratis:service=RaftServer,group=group-28E788FD6B37,id=37708db1-82ca-49f3-b412-795edcbfeb9a
2019-09-28 01:17:48,825 [pool-337-thread-1] INFO  impl.RoleInfo (RoleInfo.java:updateAndGet(143)) - 482bab89-bbed-45e7-a2a4-226291146823: start FollowerState
2019-09-28 01:17:48,825 [pool-337-thread-1] INFO  util.JmxRegister (JmxRegister.java:tryRegister(44)) - Successfully registered JMX Bean with object name Ratis:service=RaftServer,group=group-28E788FD6B37,id=482bab89-bbed-45e7-a2a4-226291146823
2019-09-28 01:17:48,834 [RatisPipelineUtilsThread] INFO  pipeline.PipelineStateManager (PipelineStateManager.java:addPipeline(56)) - Created pipeline Pipeline[ Id: 42c6ba3e-d5bc-4311-963e-28e788fd6b37, Nodes: 37708db1-82ca-49f3-b412-795edcbfeb9a{ip: 192.168.151.82, host: pr-hdds-2162-8g7kw-3348123894, networkLocation: /rack1, certSerialId: null}482bab89-bbed-45e7-a2a4-226291146823{ip: 192.168.151.82, host: pr-hdds-2162-8g7kw-3348123894, networkLocation: /rack1, certSerialId: null}8e564692-438a-4cca-bbaf-5fbe943d4762{ip: 192.168.151.82, host: pr-hdds-2162-8g7kw-3348123894, networkLocation: /rack1, certSerialId: null}, Type:RATIS, Factor:THREE, State:OPEN]
2019-09-28 01:17:48,845 [grpc-default-executor-1] INFO  impl.RaftServerProxy (RaftServerProxy.java:addNew(89)) - 169076bb-2216-469a-9fc5-b7d227bcc1f0: addNew group-902151DE03CA:[a6f3909d-04e3-4c75-9cc7-e0ce9610c43d:192.168.151.82:33245, 169076bb-2216-469a-9fc5-b7d227bcc1f0:192.168.151.82:42330, 4c896d7a-7f6e-4c9a-8a8b-40c5d5b27396:192.168.151.82:33459] returns group-902151DE03CA:java.util.concurrent.CompletableFuture@6f80a89b[Not completed]
2019-09-28 01:17:48,845 [grpc-default-executor-2] INFO  impl.RaftServerProxy (RaftServerProxy.java:addNew(89)) - 4c896d7a-7f6e-4c9a-8a8b-40c5d5b27396: addNew group-902151DE03CA:[a6f3909d-04e3-4c75-9cc7-e0ce9610c43d:192.168.151.82:33245, 169076bb-2216-469a-9fc5-b7d227bcc1f0:192.168.151.82:42330, 4c896d7a-7f6e-4c9a-8a8b-40c5d5b27396:192.168.151.82:33459] returns group-902151DE03CA:java.util.concurrent.CompletableFuture@3c382e11[Not completed]
2019-09-28 01:17:48,845 [grpc-default-executor-0] INFO  impl.RaftServerProxy (RaftServerProxy.java:addNew(89)) - a6f3909d-04e3-4c75-9cc7-e0ce9610c43d: addNew group-902151DE03CA:[a6f3909d-04e3-4c75-9cc7-e0ce9610c43d:192.168.151.82:33245, 169076bb-2216-469a-9fc5-b7d227bcc1f0:192.168.151.82:42330, 4c896d7a-7f6e-4c9a-8a8b-40c5d5b27396:192.168.151.82:33459] returns group-902151DE03CA:java.util.concurrent.CompletableFuture@6f163db4[Not completed]
2019-09-28 01:17:48,847 [pool-317-thread-1] INFO  impl.RaftServerImpl (RaftServerImpl.java:<init>(95)) - a6f3909d-04e3-4c75-9cc7-e0ce9610c43d: new RaftServerImpl for group-902151DE03CA:[a6f3909d-04e3-4c75-9cc7-e0ce9610c43d:192.168.151.82:33245, 169076bb-2216-469a-9fc5-b7d227bcc1f0:192.168.151.82:42330, 4c896d7a-7f6e-4c9a-8a8b-40c5d5b27396:192.168.151.82:33459] with ContainerStateMachine:uninitialized
2019-09-28 01:17:48,848 [pool-317-thread-1] INFO  server.RaftServerConfigKeys (ConfUtils.java:logGet(43)) - raft.server.rpc.timeout.min = 1s (custom)
2019-09-28 01:17:48,848 [pool-317-thread-1] INFO  server.RaftServerConfigKeys (ConfUtils.java:logGet(43)) - raft.server.rpc.timeout.max = 1200ms (custom)
2019-09-28 01:17:48,848 [pool-317-thread-1] INFO  server.RaftServerConfigKeys (ConfUtils.java:logGet(43)) - raft.server.rpcslowness.timeout = 120s (custom)
2019-09-28 01:17:48,848 [pool-317-thread-1] INFO  server.RaftServerConfigKeys (ConfUtils.java:logGet(43)) - raft.server.sleep.deviation.threshold = 300 (default)
2019-09-28 01:17:48,848 [pool-317-thread-1] INFO  server.RaftServerConfigKeys (ConfUtils.java:logGet(43)) - raft.server.log.appender.install.snapshot.enabled = false (custom)
2019-09-28 01:17:48,848 [pool-317-thread-1] INFO  impl.RaftServerImpl (ServerState.java:<init>(103)) - a6f3909d-04e3-4c75-9cc7-e0ce9610c43d@group-902151DE03CA: ConfigurationManager, init=-1: [a6f3909d-04e3-4c75-9cc7-e0ce9610c43d:192.168.151.82:33245, 169076bb-2216-469a-9fc5-b7d227bcc1f0:192.168.151.82:42330, 4c896d7a-7f6e-4c9a-8a8b-40c5d5b27396:192.168.151.82:33459], old=null, confs=<EMPTY_MAP>
2019-09-28 01:17:48,848 [pool-357-thread-1] INFO  impl.RaftServerImpl (RaftServerImpl.java:<init>(95)) - 169076bb-2216-469a-9fc5-b7d227bcc1f0: new RaftServerImpl for group-902151DE03CA:[a6f3909d-04e3-4c75-9cc7-e0ce9610c43d:192.168.151.82:33245, 169076bb-2216-469a-9fc5-b7d227bcc1f0:192.168.151.82:42330, 4c896d7a-7f6e-4c9a-8a8b-40c5d5b27396:192.168.151.82:33459] with ContainerStateMachine:uninitialized
2019-09-28 01:17:48,849 [pool-317-thread-1] INFO  server.RaftServerConfigKeys (ConfUtils.java:logGet(43)) - raft.server.storage.dir = [/workdir/hadoop-ozone/integration-test/target/test-dir/MiniOzoneClusterImpl-8d3ed4ce-f2e5-424c-95d5-a4ae13d3a978/datanode-5/data/ratis] (custom)
2019-09-28 01:17:48,849 [pool-357-thread-1] INFO  server.RaftServerConfigKeys (ConfUtils.java:logGet(43)) - raft.server.rpc.timeout.min = 1s (custom)
2019-09-28 01:17:48,849 [pool-357-thread-1] INFO  server.RaftServerConfigKeys (ConfUtils.java:logGet(43)) - raft.server.rpc.timeout.max = 1200ms (custom)
2019-09-28 01:17:48,849 [pool-317-thread-1] INFO  storage.RaftStorageDirectory (RaftStorageDirectory.java:analyzeStorage(246)) - The storage directory /workdir/hadoop-ozone/integration-test/target/test-dir/MiniOzoneClusterImpl-8d3ed4ce-f2e5-424c-95d5-a4ae13d3a978/datanode-5/data/ratis/8c414ce2-8d85-47c7-869d-902151de03ca does not exist. Creating ...
2019-09-28 01:17:48,849 [pool-357-thread-1] INFO  server.RaftServerConfigKeys (ConfUtils.java:logGet(43)) - raft.server.rpcslowness.timeout = 120s (custom)
2019-09-28 01:17:48,849 [pool-357-thread-1] INFO  server.RaftServerConfigKeys (ConfUtils.java:logGet(43)) - raft.server.sleep.deviation.threshold = 300 (default)
2019-09-28 01:17:48,849 [pool-297-thread-1] INFO  impl.RaftServerImpl (RaftServerImpl.java:<init>(95)) - 4c896d7a-7f6e-4c9a-8a8b-40c5d5b27396: new RaftServerImpl for group-902151DE03CA:[a6f3909d-04e3-4c75-9cc7-e0ce9610c43d:192.168.151.82:33245, 169076bb-2216-469a-9fc5-b7d227bcc1f0:192.168.151.82:42330, 4c896d7a-7f6e-4c9a-8a8b-40c5d5b27396:192.168.151.82:33459] with ContainerStateMachine:uninitialized
2019-09-28 01:17:48,850 [pool-357-thread-1] INFO  server.RaftServerConfigKeys (ConfUtils.java:logGet(43)) - raft.server.log.appender.install.snapshot.enabled = false (custom)
2019-09-28 01:17:48,850 [pool-297-thread-1] INFO  server.RaftServerConfigKeys (ConfUtils.java:logGet(43)) - raft.server.rpc.timeout.min = 1s (custom)
2019-09-28 01:17:48,850 [pool-357-thread-1] INFO  impl.RaftServerImpl (ServerState.java:<init>(103)) - 169076bb-2216-469a-9fc5-b7d227bcc1f0@group-902151DE03CA: ConfigurationManager, init=-1: [a6f3909d-04e3-4c75-9cc7-e0ce9610c43d:192.168.151.82:33245, 169076bb-2216-469a-9fc5-b7d227bcc1f0:192.168.151.82:42330, 4c896d7a-7f6e-4c9a-8a8b-40c5d5b27396:192.168.151.82:33459], old=null, confs=<EMPTY_MAP>
2019-09-28 01:17:48,850 [pool-297-thread-1] INFO  server.RaftServerConfigKeys (ConfUtils.java:logGet(43)) - raft.server.rpc.timeout.max = 1200ms (custom)
2019-09-28 01:17:48,850 [pool-357-thread-1] INFO  server.RaftServerConfigKeys (ConfUtils.java:logGet(43)) - raft.server.storage.dir = [/workdir/hadoop-ozone/integration-test/target/test-dir/MiniOzoneClusterImpl-8d3ed4ce-f2e5-424c-95d5-a4ae13d3a978/datanode-9/data/ratis] (custom)
2019-09-28 01:17:48,850 [pool-297-thread-1] INFO  server.RaftServerConfigKeys (ConfUtils.java:logGet(43)) - raft.server.rpcslowness.timeout = 120s (custom)
2019-09-28 01:17:48,851 [pool-297-thread-1] INFO  server.RaftServerConfigKeys (ConfUtils.java:logGet(43)) - raft.server.sleep.deviation.threshold = 300 (default)
2019-09-28 01:17:48,851 [pool-357-thread-1] INFO  storage.RaftStorageDirectory (RaftStorageDirectory.java:analyzeStorage(246)) - The storage directory /workdir/hadoop-ozone/integration-test/target/test-dir/MiniOzoneClusterImpl-8d3ed4ce-f2e5-424c-95d5-a4ae13d3a978/datanode-9/data/ratis/8c414ce2-8d85-47c7-869d-902151de03ca does not exist. Creating ...
2019-09-28 01:17:48,851 [pool-297-thread-1] INFO  server.RaftServerConfigKeys (ConfUtils.java:logGet(43)) - raft.server.log.appender.install.snapshot.enabled = false (custom)
2019-09-28 01:17:48,851 [pool-297-thread-1] INFO  impl.RaftServerImpl (ServerState.java:<init>(103)) - 4c896d7a-7f6e-4c9a-8a8b-40c5d5b27396@group-902151DE03CA: ConfigurationManager, init=-1: [a6f3909d-04e3-4c75-9cc7-e0ce9610c43d:192.168.151.82:33245, 169076bb-2216-469a-9fc5-b7d227bcc1f0:192.168.151.82:42330, 4c896d7a-7f6e-4c9a-8a8b-40c5d5b27396:192.168.151.82:33459], old=null, confs=<EMPTY_MAP>
2019-09-28 01:17:48,851 [pool-297-thread-1] INFO  server.RaftServerConfigKeys (ConfUtils.java:logGet(43)) - raft.server.storage.dir = [/workdir/hadoop-ozone/integration-test/target/test-dir/MiniOzoneClusterImpl-8d3ed4ce-f2e5-424c-95d5-a4ae13d3a978/datanode-3/data/ratis] (custom)
2019-09-28 01:17:48,852 [pool-297-thread-1] INFO  storage.RaftStorageDirectory (RaftStorageDirectory.java:analyzeStorage(246)) - The storage directory /workdir/hadoop-ozone/integration-test/target/test-dir/MiniOzoneClusterImpl-8d3ed4ce-f2e5-424c-95d5-a4ae13d3a978/datanode-3/data/ratis/8c414ce2-8d85-47c7-869d-902151de03ca does not exist. Creating ...
2019-09-28 01:17:48,875 [pool-317-thread-1] INFO  storage.RaftStorageDirectory (RaftStorageDirectory.java:tryLock(328)) - Lock on /workdir/hadoop-ozone/integration-test/target/test-dir/MiniOzoneClusterImpl-8d3ed4ce-f2e5-424c-95d5-a4ae13d3a978/datanode-5/data/ratis/8c414ce2-8d85-47c7-869d-902151de03ca/in_use.lock acquired by nodename 30873@pr-hdds-2162-8g7kw-3348123894
2019-09-28 01:17:48,875 [pool-357-thread-1] INFO  storage.RaftStorageDirectory (RaftStorageDirectory.java:tryLock(328)) - Lock on /workdir/hadoop-ozone/integration-test/target/test-dir/MiniOzoneClusterImpl-8d3ed4ce-f2e5-424c-95d5-a4ae13d3a978/datanode-9/data/ratis/8c414ce2-8d85-47c7-869d-902151de03ca/in_use.lock acquired by nodename 30873@pr-hdds-2162-8g7kw-3348123894
2019-09-28 01:17:48,875 [pool-297-thread-1] INFO  storage.RaftStorageDirectory (RaftStorageDirectory.java:tryLock(328)) - Lock on /workdir/hadoop-ozone/integration-test/target/test-dir/MiniOzoneClusterImpl-8d3ed4ce-f2e5-424c-95d5-a4ae13d3a978/datanode-3/data/ratis/8c414ce2-8d85-47c7-869d-902151de03ca/in_use.lock acquired by nodename 30873@pr-hdds-2162-8g7kw-3348123894
2019-09-28 01:17:48,890 [pool-297-thread-1] INFO  storage.RaftStorage (RaftStorage.java:format(72)) - Storage directory /workdir/hadoop-ozone/integration-test/target/test-dir/MiniOzoneClusterImpl-8d3ed4ce-f2e5-424c-95d5-a4ae13d3a978/datanode-3/data/ratis/8c414ce2-8d85-47c7-869d-902151de03ca has been successfully formatted.
2019-09-28 01:17:48,890 [pool-357-thread-1] INFO  storage.RaftStorage (RaftStorage.java:format(72)) - Storage directory /workdir/hadoop-ozone/integration-test/target/test-dir/MiniOzoneClusterImpl-8d3ed4ce-f2e5-424c-95d5-a4ae13d3a978/datanode-9/data/ratis/8c414ce2-8d85-47c7-869d-902151de03ca has been successfully formatted.
2019-09-28 01:17:48,890 [pool-317-thread-1] INFO  storage.RaftStorage (RaftStorage.java:format(72)) - Storage directory /workdir/hadoop-ozone/integration-test/target/test-dir/MiniOzoneClusterImpl-8d3ed4ce-f2e5-424c-95d5-a4ae13d3a978/datanode-5/data/ratis/8c414ce2-8d85-47c7-869d-902151de03ca has been successfully formatted.
2019-09-28 01:17:48,890 [pool-297-thread-1] INFO  ratis.ContainerStateMachine (ContainerStateMachine.java:loadSnapshot(230)) - group-902151DE03CA: The snapshot info is null. Setting the last applied indexto:(t:0, i:~)
2019-09-28 01:17:48,891 [pool-317-thread-1] INFO  ratis.ContainerStateMachine (ContainerStateMachine.java:loadSnapshot(230)) - group-902151DE03CA: The snapshot info is null. Setting the last applied indexto:(t:0, i:~)
2019-09-28 01:17:48,891 [pool-357-thread-1] INFO  ratis.ContainerStateMachine (ContainerStateMachine.java:loadSnapshot(230)) - group-902151DE03CA: The snapshot info is null. Setting the last applied indexto:(t:0, i:~)
2019-09-28 01:17:48,891 [pool-317-thread-1] INFO  server.RaftServerConfigKeys (ConfUtils.java:logGet(43)) - raft.server.notification.no-leader.timeout = 120s (custom)
2019-09-28 01:17:48,891 [pool-297-thread-1] INFO  server.RaftServerConfigKeys (ConfUtils.java:logGet(43)) - raft.server.notification.no-leader.timeout = 120s (custom)
2019-09-28 01:17:48,891 [pool-317-thread-1] INFO  server.RaftServerConfigKeys (ConfUtils.java:logGet(43)) - raft.server.log.use.memory = false (default)
2019-09-28 01:17:48,891 [pool-357-thread-1] INFO  server.RaftServerConfigKeys (ConfUtils.java:logGet(43)) - raft.server.notification.no-leader.timeout = 120s (custom)
2019-09-28 01:17:48,891 [pool-317-thread-1] INFO  server.RaftServerConfigKeys (ConfUtils.java:logGet(43)) - raft.server.log.purge.gap = 1000000 (custom)
2019-09-28 01:17:48,891 [pool-297-thread-1] INFO  server.RaftServerConfigKeys (ConfUtils.java:logGet(43)) - raft.server.log.use.memory = false (default)
2019-09-28 01:17:48,892 [pool-317-thread-1] INFO  server.RaftServerConfigKeys (ConfUtils.java:logGet(43)) - raft.server.log.appender.buffer.byte-limit = 33554432 (custom)
2019-09-28 01:17:48,892 [pool-357-thread-1] INFO  server.RaftServerConfigKeys (ConfUtils.java:logGet(43)) - raft.server.log.use.memory = false (default)
2019-09-28 01:17:48,892 [pool-317-thread-1] INFO  server.RaftServerConfigKeys (ConfUtils.java:logGet(43)) - raft.server.log.segment.size.max = 1048576 (custom)
2019-09-28 01:17:48,892 [pool-297-thread-1] INFO  server.RaftServerConfigKeys (ConfUtils.java:logGet(43)) - raft.server.log.purge.gap = 1000000 (custom)
2019-09-28 01:17:48,892 [pool-317-thread-1] INFO  server.RaftServerConfigKeys (ConfUtils.java:logGet(43)) - raft.server.log.segment.cache.num.max = 2 (custom)
2019-09-28 01:17:48,892 [pool-357-thread-1] INFO  server.RaftServerConfigKeys (ConfUtils.java:logGet(43)) - raft.server.log.purge.gap = 1000000 (custom)
2019-09-28 01:17:48,893 [pool-317-thread-1] INFO  segmented.SegmentedRaftLogWorker (SegmentedRaftLogWorker.java:<init>(172)) - new a6f3909d-04e3-4c75-9cc7-e0ce9610c43d@group-902151DE03CA-SegmentedRaftLogWorker for RaftStorage:Storage Directory /workdir/hadoop-ozone/integration-test/target/test-dir/MiniOzoneClusterImpl-8d3ed4ce-f2e5-424c-95d5-a4ae13d3a978/datanode-5/data/ratis/8c414ce2-8d85-47c7-869d-902151de03ca
2019-09-28 01:17:48,893 [pool-297-thread-1] INFO  server.RaftServerConfigKeys (ConfUtils.java:logGet(43)) - raft.server.log.appender.buffer.byte-limit = 33554432 (custom)
2019-09-28 01:17:48,893 [pool-317-thread-1] INFO  server.RaftServerConfigKeys (ConfUtils.java:logGet(43)) - raft.server.log.queue.byte-limit = 2147483647 (custom)
2019-09-28 01:17:48,893 [pool-357-thread-1] INFO  server.RaftServerConfigKeys (ConfUtils.java:logGet(43)) - raft.server.log.appender.buffer.byte-limit = 33554432 (custom)
2019-09-28 01:17:48,893 [pool-317-thread-1] INFO  server.RaftServerConfigKeys (ConfUtils.java:logGet(43)) - raft.server.log.queue.element-limit = 1024 (custom)
2019-09-28 01:17:48,893 [pool-297-thread-1] INFO  server.RaftServerConfigKeys (ConfUtils.java:logGet(43)) - raft.server.log.segment.size.max = 1048576 (custom)
2019-09-28 01:17:48,894 [pool-317-thread-1] INFO  server.RaftServerConfigKeys (ConfUtils.java:logGet(43)) - raft.server.log.segment.size.max = 1048576 (custom)
2019-09-28 01:17:48,894 [pool-357-thread-1] INFO  server.RaftServerConfigKeys (ConfUtils.java:logGet(43)) - raft.server.log.segment.size.max = 1048576 (custom)
2019-09-28 01:17:48,894 [pool-317-thread-1] INFO  server.RaftServerConfigKeys (ConfUtils.java:logGet(43)) - raft.server.log.preallocated.size = 16384 (custom)
2019-09-28 01:17:48,894 [pool-297-thread-1] INFO  server.RaftServerConfigKeys (ConfUtils.java:logGet(43)) - raft.server.log.segment.cache.num.max = 2 (custom)
2019-09-28 01:17:48,894 [pool-317-thread-1] INFO  server.RaftServerConfigKeys (ConfUtils.java:logGet(43)) - raft.server.log.write.buffer.size = 33554432 (custom)
2019-09-28 01:17:48,894 [pool-357-thread-1] INFO  server.RaftServerConfigKeys (ConfUtils.java:logGet(43)) - raft.server.log.segment.cache.num.max = 2 (custom)
2019-09-28 01:17:48,895 [pool-317-thread-1] INFO  server.RaftServerConfigKeys (ConfUtils.java:logGet(43)) - raft.server.log.force.sync.num = 128 (default)
2019-09-28 01:17:48,894 [pool-297-thread-1] INFO  segmented.SegmentedRaftLogWorker (SegmentedRaftLogWorker.java:<init>(172)) - new 4c896d7a-7f6e-4c9a-8a8b-40c5d5b27396@group-902151DE03CA-SegmentedRaftLogWorker for RaftStorage:Storage Directory /workdir/hadoop-ozone/integration-test/target/test-dir/MiniOzoneClusterImpl-8d3ed4ce-f2e5-424c-95d5-a4ae13d3a978/datanode-3/data/ratis/8c414ce2-8d85-47c7-869d-902151de03ca
2019-09-28 01:17:48,895 [pool-317-thread-1] INFO  server.RaftServerConfigKeys (ConfUtils.java:logGet(43)) - raft.server.log.statemachine.data.sync = true (default)
2019-09-28 01:17:48,895 [pool-357-thread-1] INFO  segmented.SegmentedRaftLogWorker (SegmentedRaftLogWorker.java:<init>(172)) - new 169076bb-2216-469a-9fc5-b7d227bcc1f0@group-902151DE03CA-SegmentedRaftLogWorker for RaftStorage:Storage Directory /workdir/hadoop-ozone/integration-test/target/test-dir/MiniOzoneClusterImpl-8d3ed4ce-f2e5-424c-95d5-a4ae13d3a978/datanode-9/data/ratis/8c414ce2-8d85-47c7-869d-902151de03ca
2019-09-28 01:17:48,895 [pool-317-thread-1] INFO  server.RaftServerConfigKeys (ConfUtils.java:logGet(43)) - raft.server.log.statemachine.data.sync.timeout = 10s (default)
2019-09-28 01:17:48,895 [pool-297-thread-1] INFO  server.RaftServerConfigKeys (ConfUtils.java:logGet(43)) - raft.server.log.queue.byte-limit = 2147483647 (custom)
2019-09-28 01:17:48,895 [pool-317-thread-1] INFO  server.RaftServerConfigKeys (ConfUtils.java:logGet(43)) - raft.server.log.statemachine.data.sync.timeout.retry = -1 (default)
2019-09-28 01:17:48,895 [pool-357-thread-1] INFO  server.RaftServerConfigKeys (ConfUtils.java:logGet(43)) - raft.server.log.queue.byte-limit = 2147483647 (custom)
2019-09-28 01:17:48,896 [pool-317-thread-1] INFO  server.RaftServerConfigKeys (ConfUtils.java:logGet(43)) - raft.server.log.statemachine.data.caching.enabled = true (custom)
2019-09-28 01:17:48,896 [pool-297-thread-1] INFO  server.RaftServerConfigKeys (ConfUtils.java:logGet(43)) - raft.server.log.queue.element-limit = 1024 (custom)
2019-09-28 01:17:48,896 [pool-357-thread-1] INFO  server.RaftServerConfigKeys (ConfUtils.java:logGet(43)) - raft.server.log.queue.element-limit = 1024 (custom)
2019-09-28 01:17:48,896 [pool-317-thread-1] INFO  segmented.SegmentedRaftLogWorker (SegmentedRaftLogWorker.java:lambda$new$0(132)) - a6f3909d-04e3-4c75-9cc7-e0ce9610c43d@group-902151DE03CA-SegmentedRaftLogWorker: flushIndex: setUnconditionally 0 -> -1
2019-09-28 01:17:48,896 [pool-297-thread-1] INFO  server.RaftServerConfigKeys (ConfUtils.java:logGet(43)) - raft.server.log.segment.size.max = 1048576 (custom)
2019-09-28 01:17:48,897 [pool-357-thread-1] INFO  server.RaftServerConfigKeys (ConfUtils.java:logGet(43)) - raft.server.log.segment.size.max = 1048576 (custom)
2019-09-28 01:17:48,897 [pool-317-thread-1] INFO  server.RaftServerConfigKeys (ConfUtils.java:logGet(43)) - raft.server.snapshot.auto.trigger.enabled = true (custom)
2019-09-28 01:17:48,897 [pool-297-thread-1] INFO  server.RaftServerConfigKeys (ConfUtils.java:logGet(43)) - raft.server.log.preallocated.size = 16384 (custom)
2019-09-28 01:17:48,897 [pool-317-thread-1] INFO  server.RaftServerConfigKeys (ConfUtils.java:logGet(43)) - raft.server.snapshot.auto.trigger.threshold = 10000 (custom)
2019-09-28 01:17:48,897 [pool-357-thread-1] INFO  server.RaftServerConfigKeys (ConfUtils.java:logGet(43)) - raft.server.log.preallocated.size = 16384 (custom)
2019-09-28 01:17:48,897 [pool-317-thread-1] INFO  server.RaftServerConfigKeys (ConfUtils.java:logGet(43)) - raft.server.snapshot.retention.num.files = 5 (custom)
2019-09-28 01:17:48,897 [pool-297-thread-1] INFO  server.RaftServerConfigKeys (ConfUtils.java:logGet(43)) - raft.server.log.write.buffer.size = 33554432 (custom)
2019-09-28 01:17:48,898 [pool-317-thread-1] INFO  server.RaftServerConfigKeys (ConfUtils.java:logGet(43)) - raft.server.retrycache.expirytime = 600000ms (custom)
2019-09-28 01:17:48,898 [pool-357-thread-1] INFO  server.RaftServerConfigKeys (ConfUtils.java:logGet(43)) - raft.server.log.write.buffer.size = 33554432 (custom)
2019-09-28 01:17:48,898 [pool-297-thread-1] INFO  server.RaftServerConfigKeys (ConfUtils.java:logGet(43)) - raft.server.log.force.sync.num = 128 (default)
2019-09-28 01:17:48,898 [pool-357-thread-1] INFO  server.RaftServerConfigKeys (ConfUtils.java:logGet(43)) - raft.server.log.force.sync.num = 128 (default)
2019-09-28 01:17:48,898 [pool-297-thread-1] INFO  server.RaftServerConfigKeys (ConfUtils.java:logGet(43)) - raft.server.log.statemachine.data.sync = true (default)
2019-09-28 01:17:48,899 [pool-357-thread-1] INFO  server.RaftServerConfigKeys (ConfUtils.java:logGet(43)) - raft.server.log.statemachine.data.sync = true (default)
2019-09-28 01:17:48,899 [pool-297-thread-1] INFO  server.RaftServerConfigKeys (ConfUtils.java:logGet(43)) - raft.server.log.statemachine.data.sync.timeout = 10s (default)
2019-09-28 01:17:48,899 [pool-357-thread-1] INFO  server.RaftServerConfigKeys (ConfUtils.java:logGet(43)) - raft.server.log.statemachine.data.sync.timeout = 10s (default)
2019-09-28 01:17:48,899 [pool-297-thread-1] INFO  server.RaftServerConfigKeys (ConfUtils.java:logGet(43)) - raft.server.log.statemachine.data.sync.timeout.retry = -1 (default)
2019-09-28 01:17:48,899 [pool-357-thread-1] INFO  server.RaftServerConfigKeys (ConfUtils.java:logGet(43)) - raft.server.log.statemachine.data.sync.timeout.retry = -1 (default)
2019-09-28 01:17:48,900 [pool-297-thread-1] INFO  server.RaftServerConfigKeys (ConfUtils.java:logGet(43)) - raft.server.log.statemachine.data.caching.enabled = true (custom)
2019-09-28 01:17:48,900 [pool-357-thread-1] INFO  server.RaftServerConfigKeys (ConfUtils.java:logGet(43)) - raft.server.log.statemachine.data.caching.enabled = true (custom)
2019-09-28 01:17:48,900 [pool-297-thread-1] INFO  segmented.SegmentedRaftLogWorker (SegmentedRaftLogWorker.java:lambda$new$0(132)) - 4c896d7a-7f6e-4c9a-8a8b-40c5d5b27396@group-902151DE03CA-SegmentedRaftLogWorker: flushIndex: setUnconditionally 0 -> -1
2019-09-28 01:17:48,900 [pool-357-thread-1] INFO  segmented.SegmentedRaftLogWorker (SegmentedRaftLogWorker.java:lambda$new$0(132)) - 169076bb-2216-469a-9fc5-b7d227bcc1f0@group-902151DE03CA-SegmentedRaftLogWorker: flushIndex: setUnconditionally 0 -> -1
2019-09-28 01:17:48,900 [pool-297-thread-1] INFO  server.RaftServerConfigKeys (ConfUtils.java:logGet(43)) - raft.server.snapshot.auto.trigger.enabled = true (custom)
2019-09-28 01:17:48,900 [pool-317-thread-1] INFO  impl.RaftServerImpl (RaftServerImpl.java:start(185)) - a6f3909d-04e3-4c75-9cc7-e0ce9610c43d@group-902151DE03CA: start as a follower, conf=-1: [a6f3909d-04e3-4c75-9cc7-e0ce9610c43d:192.168.151.82:33245, 169076bb-2216-469a-9fc5-b7d227bcc1f0:192.168.151.82:42330, 4c896d7a-7f6e-4c9a-8a8b-40c5d5b27396:192.168.151.82:33459], old=null
2019-09-28 01:17:48,901 [pool-297-thread-1] INFO  server.RaftServerConfigKeys (ConfUtils.java:logGet(43)) - raft.server.snapshot.auto.trigger.threshold = 10000 (custom)
2019-09-28 01:17:48,901 [pool-357-thread-1] INFO  server.RaftServerConfigKeys (ConfUtils.java:logGet(43)) - raft.server.snapshot.auto.trigger.enabled = true (custom)
2019-09-28 01:17:48,901 [pool-317-thread-1] INFO  impl.RaftServerImpl (RaftServerImpl.java:setRole(174)) - a6f3909d-04e3-4c75-9cc7-e0ce9610c43d@group-902151DE03CA: changes role from      null to FOLLOWER at term 0 for startAsFollower
2019-09-28 01:17:48,901 [pool-357-thread-1] INFO  server.RaftServerConfigKeys (ConfUtils.java:logGet(43)) - raft.server.snapshot.auto.trigger.threshold = 10000 (custom)
2019-09-28 01:17:48,901 [pool-297-thread-1] INFO  server.RaftServerConfigKeys (ConfUtils.java:logGet(43)) - raft.server.snapshot.retention.num.files = 5 (custom)
2019-09-28 01:17:48,901 [pool-357-thread-1] INFO  server.RaftServerConfigKeys (ConfUtils.java:logGet(43)) - raft.server.snapshot.retention.num.files = 5 (custom)
2019-09-28 01:17:48,901 [pool-317-thread-1] INFO  impl.RoleInfo (RoleInfo.java:updateAndGet(143)) - a6f3909d-04e3-4c75-9cc7-e0ce9610c43d: start FollowerState
2019-09-28 01:17:48,902 [pool-357-thread-1] INFO  server.RaftServerConfigKeys (ConfUtils.java:logGet(43)) - raft.server.retrycache.expirytime = 600000ms (custom)
2019-09-28 01:17:48,901 [pool-297-thread-1] INFO  server.RaftServerConfigKeys (ConfUtils.java:logGet(43)) - raft.server.retrycache.expirytime = 600000ms (custom)
2019-09-28 01:17:48,902 [pool-317-thread-1] INFO  util.JmxRegister (JmxRegister.java:tryRegister(44)) - Successfully registered JMX Bean with object name Ratis:service=RaftServer,group=group-902151DE03CA,id=a6f3909d-04e3-4c75-9cc7-e0ce9610c43d
2019-09-28 01:17:48,910 [pool-297-thread-1] INFO  impl.RaftServerImpl (RaftServerImpl.java:start(185)) - 4c896d7a-7f6e-4c9a-8a8b-40c5d5b27396@group-902151DE03CA: start as a follower, conf=-1: [a6f3909d-04e3-4c75-9cc7-e0ce9610c43d:192.168.151.82:33245, 169076bb-2216-469a-9fc5-b7d227bcc1f0:192.168.151.82:42330, 4c896d7a-7f6e-4c9a-8a8b-40c5d5b27396:192.168.151.82:33459], old=null
2019-09-28 01:17:48,911 [pool-357-thread-1] INFO  impl.RaftServerImpl (RaftServerImpl.java:start(185)) - 169076bb-2216-469a-9fc5-b7d227bcc1f0@group-902151DE03CA: start as a follower, conf=-1: [a6f3909d-04e3-4c75-9cc7-e0ce9610c43d:192.168.151.82:33245, 169076bb-2216-469a-9fc5-b7d227bcc1f0:192.168.151.82:42330, 4c896d7a-7f6e-4c9a-8a8b-40c5d5b27396:192.168.151.82:33459], old=null
2019-09-28 01:17:48,911 [pool-297-thread-1] INFO  impl.RaftServerImpl (RaftServerImpl.java:setRole(174)) - 4c896d7a-7f6e-4c9a-8a8b-40c5d5b27396@group-902151DE03CA: changes role from      null to FOLLOWER at term 0 for startAsFollower
2019-09-28 01:17:48,911 [pool-357-thread-1] INFO  impl.RaftServerImpl (RaftServerImpl.java:setRole(174)) - 169076bb-2216-469a-9fc5-b7d227bcc1f0@group-902151DE03CA: changes role from      null to FOLLOWER at term 0 for startAsFollower
2019-09-28 01:17:48,911 [pool-297-thread-1] INFO  impl.RoleInfo (RoleInfo.java:updateAndGet(143)) - 4c896d7a-7f6e-4c9a-8a8b-40c5d5b27396: start FollowerState
2019-09-28 01:17:48,911 [pool-357-thread-1] INFO  impl.RoleInfo (RoleInfo.java:updateAndGet(143)) - 169076bb-2216-469a-9fc5-b7d227bcc1f0: start FollowerState
2019-09-28 01:17:48,912 [pool-297-thread-1] INFO  util.JmxRegister (JmxRegister.java:tryRegister(44)) - Successfully registered JMX Bean with object name Ratis:service=RaftServer,group=group-902151DE03CA,id=4c896d7a-7f6e-4c9a-8a8b-40c5d5b27396
2019-09-28 01:17:48,912 [pool-357-thread-1] INFO  util.JmxRegister (JmxRegister.java:tryRegister(44)) - Successfully registered JMX Bean with object name Ratis:service=RaftServer,group=group-902151DE03CA,id=169076bb-2216-469a-9fc5-b7d227bcc1f0
2019-09-28 01:17:48,924 [RatisPipelineUtilsThread] INFO  pipeline.PipelineStateManager (PipelineStateManager.java:addPipeline(56)) - Created pipeline Pipeline[ Id: 8c414ce2-8d85-47c7-869d-902151de03ca, Nodes: a6f3909d-04e3-4c75-9cc7-e0ce9610c43d{ip: 192.168.151.82, host: pr-hdds-2162-8g7kw-3348123894, networkLocation: /rack1, certSerialId: null}169076bb-2216-469a-9fc5-b7d227bcc1f0{ip: 192.168.151.82, host: pr-hdds-2162-8g7kw-3348123894, networkLocation: /rack1, certSerialId: null}4c896d7a-7f6e-4c9a-8a8b-40c5d5b27396{ip: 192.168.151.82, host: pr-hdds-2162-8g7kw-3348123894, networkLocation: /rack1, certSerialId: null}, Type:RATIS, Factor:THREE, State:OPEN]
2019-09-28 01:17:49,293 [Thread-4151] INFO  impl.FollowerState (FollowerState.java:run(106)) - 5a7443cd-0ba8-4045-a615-ca9d87f0fd78:group-4D28A553670C changes to CANDIDATE, lastRpcTime:1138, electionTimeout:1138ms
2019-09-28 01:17:49,293 [Thread-4151] INFO  impl.RoleInfo (RoleInfo.java:shutdownFollowerState(121)) - 5a7443cd-0ba8-4045-a615-ca9d87f0fd78: shutdown FollowerState
2019-09-28 01:17:49,293 [Thread-4151] INFO  impl.RaftServerImpl (RaftServerImpl.java:setRole(174)) - 5a7443cd-0ba8-4045-a615-ca9d87f0fd78@group-4D28A553670C: changes role from  FOLLOWER to CANDIDATE at term 0 for changeToCandidate
2019-09-28 01:17:49,293 [Thread-4151] INFO  impl.RoleInfo (RoleInfo.java:updateAndGet(143)) - 5a7443cd-0ba8-4045-a615-ca9d87f0fd78: start LeaderElection
2019-09-28 01:17:49,316 [5a7443cd-0ba8-4045-a615-ca9d87f0fd78@group-4D28A553670C:LeaderElection70] INFO  impl.LeaderElection (LeaderElection.java:askForVotes(182)) - 5a7443cd-0ba8-4045-a615-ca9d87f0fd78@group-4D28A553670C:LeaderElection70: begin an election at term 1 for -1: [5a7443cd-0ba8-4045-a615-ca9d87f0fd78:192.168.151.82:45593], old=null
2019-09-28 01:17:49,316 [5a7443cd-0ba8-4045-a615-ca9d87f0fd78@group-4D28A553670C:LeaderElection70] INFO  impl.RoleInfo (RoleInfo.java:shutdownLeaderElection(134)) - 5a7443cd-0ba8-4045-a615-ca9d87f0fd78: shutdown LeaderElection
2019-09-28 01:17:49,316 [5a7443cd-0ba8-4045-a615-ca9d87f0fd78@group-4D28A553670C:LeaderElection70] INFO  impl.RaftServerImpl (RaftServerImpl.java:setRole(174)) - 5a7443cd-0ba8-4045-a615-ca9d87f0fd78@group-4D28A553670C: changes role from CANDIDATE to LEADER at term 1 for changeToLeader
2019-09-28 01:17:49,317 [5a7443cd-0ba8-4045-a615-ca9d87f0fd78@group-4D28A553670C:LeaderElection70] INFO  impl.RaftServerImpl (ServerState.java:setLeader(253)) - 5a7443cd-0ba8-4045-a615-ca9d87f0fd78@group-4D28A553670C: change Leader from null to 5a7443cd-0ba8-4045-a615-ca9d87f0fd78 at term 1 for becomeLeader, leader elected after 1171ms
2019-09-28 01:17:49,317 [5a7443cd-0ba8-4045-a615-ca9d87f0fd78@group-4D28A553670C:LeaderElection70] INFO  server.RaftServerConfigKeys (ConfUtils.java:logGet(43)) - raft.server.staging.catchup.gap = 1000 (default)
2019-09-28 01:17:49,317 [5a7443cd-0ba8-4045-a615-ca9d87f0fd78@group-4D28A553670C:LeaderElection70] INFO  server.RaftServerConfigKeys (ConfUtils.java:logGet(43)) - raft.server.rpc.sleep.time = 25ms (default)
2019-09-28 01:17:49,317 [5a7443cd-0ba8-4045-a615-ca9d87f0fd78@group-4D28A553670C:LeaderElection70] INFO  server.RaftServerConfigKeys (ConfUtils.java:logGet(43)) - raft.server.write.element-limit = 4096 (default)
2019-09-28 01:17:49,317 [5a7443cd-0ba8-4045-a615-ca9d87f0fd78@group-4D28A553670C:LeaderElection70] INFO  server.RaftServerConfigKeys (ConfUtils.java:logGet(43)) - raft.server.watch.timeout = 10s (default)
2019-09-28 01:17:49,318 [5a7443cd-0ba8-4045-a615-ca9d87f0fd78@group-4D28A553670C:LeaderElection70] INFO  server.RaftServerConfigKeys (ConfUtils.java:logGet(43)) - raft.server.watch.timeout.denomination = 1s (default)
2019-09-28 01:17:49,318 [5a7443cd-0ba8-4045-a615-ca9d87f0fd78@group-4D28A553670C:LeaderElection70] INFO  server.RaftServerConfigKeys (ConfUtils.java:logGet(43)) - raft.server.watch.element-limit = 65536 (default)
2019-09-28 01:17:49,321 [5a7443cd-0ba8-4045-a615-ca9d87f0fd78@group-4D28A553670C:LeaderElection70] INFO  impl.RoleInfo (RoleInfo.java:updateAndGet(143)) - 5a7443cd-0ba8-4045-a615-ca9d87f0fd78: start LeaderState
2019-09-28 01:17:49,321 [5a7443cd-0ba8-4045-a615-ca9d87f0fd78@group-4D28A553670C:LeaderElection70] INFO  segmented.SegmentedRaftLogWorker (SegmentedRaftLogWorker.java:startLogSegment(380)) - 5a7443cd-0ba8-4045-a615-ca9d87f0fd78@group-4D28A553670C-SegmentedRaftLogWorker: Starting segment from index:0
2019-09-28 01:17:49,322 [5a7443cd-0ba8-4045-a615-ca9d87f0fd78@group-4D28A553670C:LeaderElection70] INFO  impl.RaftServerImpl (ServerState.java:setRaftConf(354)) - 5a7443cd-0ba8-4045-a615-ca9d87f0fd78@group-4D28A553670C: set configuration 0: [5a7443cd-0ba8-4045-a615-ca9d87f0fd78:192.168.151.82:45593], old=null at 0
2019-09-28 01:17:49,353 [Thread-4154] INFO  impl.FollowerState (FollowerState.java:run(106)) - b37755ce-c4af-4380-b35a-3b0325863f58:group-4BC405BA9678 changes to CANDIDATE, lastRpcTime:1146, electionTimeout:1146ms
2019-09-28 01:17:49,353 [Thread-4154] INFO  impl.RoleInfo (RoleInfo.java:shutdownFollowerState(121)) - b37755ce-c4af-4380-b35a-3b0325863f58: shutdown FollowerState
2019-09-28 01:17:49,353 [Thread-4154] INFO  impl.RaftServerImpl (RaftServerImpl.java:setRole(174)) - b37755ce-c4af-4380-b35a-3b0325863f58@group-4BC405BA9678: changes role from  FOLLOWER to CANDIDATE at term 0 for changeToCandidate
2019-09-28 01:17:49,353 [Thread-4154] INFO  impl.RoleInfo (RoleInfo.java:updateAndGet(143)) - b37755ce-c4af-4380-b35a-3b0325863f58: start LeaderElection
2019-09-28 01:17:49,385 [5a7443cd-0ba8-4045-a615-ca9d87f0fd78@group-4D28A553670C-SegmentedRaftLogWorker] INFO  segmented.SegmentedRaftLogWorker (SegmentedRaftLogWorker.java:execute(569)) - 5a7443cd-0ba8-4045-a615-ca9d87f0fd78@group-4D28A553670C-SegmentedRaftLogWorker: created new log segment /workdir/hadoop-ozone/integration-test/target/test-dir/MiniOzoneClusterImpl-8d3ed4ce-f2e5-424c-95d5-a4ae13d3a978/datanode-0/data/ratis/73f5f534-efa0-4c03-a475-4d28a553670c/current/log_inprogress_0
2019-09-28 01:17:49,385 [b37755ce-c4af-4380-b35a-3b0325863f58@group-4BC405BA9678:LeaderElection71] INFO  impl.LeaderElection (LeaderElection.java:askForVotes(182)) - b37755ce-c4af-4380-b35a-3b0325863f58@group-4BC405BA9678:LeaderElection71: begin an election at term 1 for -1: [b37755ce-c4af-4380-b35a-3b0325863f58:192.168.151.82:45195], old=null
2019-09-28 01:17:49,386 [b37755ce-c4af-4380-b35a-3b0325863f58@group-4BC405BA9678:LeaderElection71] INFO  impl.RoleInfo (RoleInfo.java:shutdownLeaderElection(134)) - b37755ce-c4af-4380-b35a-3b0325863f58: shutdown LeaderElection
2019-09-28 01:17:49,386 [b37755ce-c4af-4380-b35a-3b0325863f58@group-4BC405BA9678:LeaderElection71] INFO  impl.RaftServerImpl (RaftServerImpl.java:setRole(174)) - b37755ce-c4af-4380-b35a-3b0325863f58@group-4BC405BA9678: changes role from CANDIDATE to LEADER at term 1 for changeToLeader
2019-09-28 01:17:49,386 [b37755ce-c4af-4380-b35a-3b0325863f58@group-4BC405BA9678:LeaderElection71] INFO  impl.RaftServerImpl (ServerState.java:setLeader(253)) - b37755ce-c4af-4380-b35a-3b0325863f58@group-4BC405BA9678: change Leader from null to b37755ce-c4af-4380-b35a-3b0325863f58 at term 1 for becomeLeader, leader elected after 1187ms
2019-09-28 01:17:49,386 [b37755ce-c4af-4380-b35a-3b0325863f58@group-4BC405BA9678:LeaderElection71] INFO  server.RaftServerConfigKeys (ConfUtils.java:logGet(43)) - raft.server.staging.catchup.gap = 1000 (default)
2019-09-28 01:17:49,386 [b37755ce-c4af-4380-b35a-3b0325863f58@group-4BC405BA9678:LeaderElection71] INFO  server.RaftServerConfigKeys (ConfUtils.java:logGet(43)) - raft.server.rpc.sleep.time = 25ms (default)
2019-09-28 01:17:49,386 [b37755ce-c4af-4380-b35a-3b0325863f58@group-4BC405BA9678:LeaderElection71] INFO  server.RaftServerConfigKeys (ConfUtils.java:logGet(43)) - raft.server.write.element-limit = 4096 (default)
2019-09-28 01:17:49,387 [b37755ce-c4af-4380-b35a-3b0325863f58@group-4BC405BA9678:LeaderElection71] INFO  server.RaftServerConfigKeys (ConfUtils.java:logGet(43)) - raft.server.watch.timeout = 10s (default)
2019-09-28 01:17:49,387 [b37755ce-c4af-4380-b35a-3b0325863f58@group-4BC405BA9678:LeaderElection71] INFO  server.RaftServerConfigKeys (ConfUtils.java:logGet(43)) - raft.server.watch.timeout.denomination = 1s (default)
2019-09-28 01:17:49,387 [b37755ce-c4af-4380-b35a-3b0325863f58@group-4BC405BA9678:LeaderElection71] INFO  server.RaftServerConfigKeys (ConfUtils.java:logGet(43)) - raft.server.watch.element-limit = 65536 (default)
2019-09-28 01:17:49,389 [b37755ce-c4af-4380-b35a-3b0325863f58@group-4BC405BA9678:LeaderElection71] INFO  impl.RoleInfo (RoleInfo.java:updateAndGet(143)) - b37755ce-c4af-4380-b35a-3b0325863f58: start LeaderState
2019-09-28 01:17:49,389 [b37755ce-c4af-4380-b35a-3b0325863f58@group-4BC405BA9678:LeaderElection71] INFO  segmented.SegmentedRaftLogWorker (SegmentedRaftLogWorker.java:startLogSegment(380)) - b37755ce-c4af-4380-b35a-3b0325863f58@group-4BC405BA9678-SegmentedRaftLogWorker: Starting segment from index:0
2019-09-28 01:17:49,390 [b37755ce-c4af-4380-b35a-3b0325863f58@group-4BC405BA9678:LeaderElection71] INFO  impl.RaftServerImpl (ServerState.java:setRaftConf(354)) - b37755ce-c4af-4380-b35a-3b0325863f58@group-4BC405BA9678: set configuration 0: [b37755ce-c4af-4380-b35a-3b0325863f58:192.168.151.82:45195], old=null at 0
2019-09-28 01:17:49,411 [Thread-4166] INFO  impl.FollowerState (FollowerState.java:run(106)) - 5a7443cd-0ba8-4045-a615-ca9d87f0fd78:group-393F5BFE9DF9 changes to CANDIDATE, lastRpcTime:1080, electionTimeout:1080ms
2019-09-28 01:17:49,411 [Thread-4166] INFO  impl.RoleInfo (RoleInfo.java:shutdownFollowerState(121)) - 5a7443cd-0ba8-4045-a615-ca9d87f0fd78: shutdown FollowerState
2019-09-28 01:17:49,411 [Thread-4166] INFO  impl.RaftServerImpl (RaftServerImpl.java:setRole(174)) - 5a7443cd-0ba8-4045-a615-ca9d87f0fd78@group-393F5BFE9DF9: changes role from  FOLLOWER to CANDIDATE at term 0 for changeToCandidate
2019-09-28 01:17:49,411 [Thread-4166] INFO  impl.RoleInfo (RoleInfo.java:updateAndGet(143)) - 5a7443cd-0ba8-4045-a615-ca9d87f0fd78: start LeaderElection
2019-09-28 01:17:49,440 [b37755ce-c4af-4380-b35a-3b0325863f58@group-4BC405BA9678-SegmentedRaftLogWorker] INFO  segmented.SegmentedRaftLogWorker (SegmentedRaftLogWorker.java:execute(569)) - b37755ce-c4af-4380-b35a-3b0325863f58@group-4BC405BA9678-SegmentedRaftLogWorker: created new log segment /workdir/hadoop-ozone/integration-test/target/test-dir/MiniOzoneClusterImpl-8d3ed4ce-f2e5-424c-95d5-a4ae13d3a978/datanode-1/data/ratis/6f984fc6-6c6e-4f6d-b999-4bc405ba9678/current/log_inprogress_0
2019-09-28 01:17:49,440 [5a7443cd-0ba8-4045-a615-ca9d87f0fd78@group-393F5BFE9DF9:LeaderElection72] INFO  impl.LeaderElection (LeaderElection.java:askForVotes(182)) - 5a7443cd-0ba8-4045-a615-ca9d87f0fd78@group-393F5BFE9DF9:LeaderElection72: begin an election at term 1 for -1: [5a7443cd-0ba8-4045-a615-ca9d87f0fd78:192.168.151.82:45593, b37755ce-c4af-4380-b35a-3b0325863f58:192.168.151.82:45195, 14d5cd8c-0256-42d6-a2d7-07541ed6779f:192.168.151.82:40125], old=null
2019-09-28 01:17:49,449 [Thread-4157] INFO  impl.FollowerState (FollowerState.java:run(106)) - 14d5cd8c-0256-42d6-a2d7-07541ed6779f:group-823508E827D8 changes to CANDIDATE, lastRpcTime:1194, electionTimeout:1193ms
2019-09-28 01:17:49,449 [grpc-default-executor-2] INFO  impl.RaftServerImpl (RaftServerImpl.java:setRole(174)) - b37755ce-c4af-4380-b35a-3b0325863f58@group-393F5BFE9DF9: changes role from  FOLLOWER to FOLLOWER at term 1 for recognizeCandidate:5a7443cd-0ba8-4045-a615-ca9d87f0fd78
2019-09-28 01:17:49,450 [Thread-4157] INFO  impl.RoleInfo (RoleInfo.java:shutdownFollowerState(121)) - 14d5cd8c-0256-42d6-a2d7-07541ed6779f: shutdown FollowerState
2019-09-28 01:17:49,449 [grpc-default-executor-0] INFO  impl.RaftServerImpl (RaftServerImpl.java:setRole(174)) - 14d5cd8c-0256-42d6-a2d7-07541ed6779f@group-393F5BFE9DF9: changes role from  FOLLOWER to FOLLOWER at term 1 for recognizeCandidate:5a7443cd-0ba8-4045-a615-ca9d87f0fd78
2019-09-28 01:17:49,450 [grpc-default-executor-0] INFO  impl.RoleInfo (RoleInfo.java:shutdownFollowerState(121)) - 14d5cd8c-0256-42d6-a2d7-07541ed6779f: shutdown FollowerState
2019-09-28 01:17:49,449 [Thread-4169] INFO  impl.FollowerState (FollowerState.java:run(106)) - 8e564692-438a-4cca-bbaf-5fbe943d4762:group-A9CCFA85FD37 changes to CANDIDATE, lastRpcTime:1033, electionTimeout:1030ms
2019-09-28 01:17:49,450 [grpc-default-executor-0] INFO  impl.RoleInfo (RoleInfo.java:updateAndGet(143)) - 14d5cd8c-0256-42d6-a2d7-07541ed6779f: start FollowerState
2019-09-28 01:17:49,450 [Thread-4157] INFO  impl.RaftServerImpl (RaftServerImpl.java:setRole(174)) - 14d5cd8c-0256-42d6-a2d7-07541ed6779f@group-823508E827D8: changes role from  FOLLOWER to CANDIDATE at term 0 for changeToCandidate
2019-09-28 01:17:49,450 [grpc-default-executor-2] INFO  impl.RoleInfo (RoleInfo.java:shutdownFollowerState(121)) - b37755ce-c4af-4380-b35a-3b0325863f58: shutdown FollowerState
2019-09-28 01:17:49,451 [Thread-4157] INFO  impl.RoleInfo (RoleInfo.java:updateAndGet(143)) - 14d5cd8c-0256-42d6-a2d7-07541ed6779f: start LeaderElection
2019-09-28 01:17:49,450 [Thread-4163] INFO  impl.FollowerState (FollowerState.java:run(115)) - 14d5cd8c-0256-42d6-a2d7-07541ed6779f: FollowerState was interrupted: java.lang.InterruptedException: sleep interrupted
2019-09-28 01:17:49,450 [Thread-4169] INFO  impl.RoleInfo (RoleInfo.java:shutdownFollowerState(121)) - 8e564692-438a-4cca-bbaf-5fbe943d4762: shutdown FollowerState
2019-09-28 01:17:49,451 [Thread-4162] INFO  impl.FollowerState (FollowerState.java:run(115)) - b37755ce-c4af-4380-b35a-3b0325863f58: FollowerState was interrupted: java.lang.InterruptedException: sleep interrupted
2019-09-28 01:17:49,451 [grpc-default-executor-2] INFO  impl.RoleInfo (RoleInfo.java:updateAndGet(143)) - b37755ce-c4af-4380-b35a-3b0325863f58: start FollowerState
2019-09-28 01:17:49,451 [Thread-4169] INFO  impl.RaftServerImpl (RaftServerImpl.java:setRole(174)) - 8e564692-438a-4cca-bbaf-5fbe943d4762@group-A9CCFA85FD37: changes role from  FOLLOWER to CANDIDATE at term 0 for changeToCandidate
2019-09-28 01:17:49,457 [Thread-4169] INFO  impl.RoleInfo (RoleInfo.java:updateAndGet(143)) - 8e564692-438a-4cca-bbaf-5fbe943d4762: start LeaderElection
2019-09-28 01:17:49,470 [14d5cd8c-0256-42d6-a2d7-07541ed6779f@group-823508E827D8:LeaderElection73] INFO  impl.LeaderElection (LeaderElection.java:askForVotes(182)) - 14d5cd8c-0256-42d6-a2d7-07541ed6779f@group-823508E827D8:LeaderElection73: begin an election at term 1 for -1: [14d5cd8c-0256-42d6-a2d7-07541ed6779f:192.168.151.82:40125], old=null
2019-09-28 01:17:49,470 [8e564692-438a-4cca-bbaf-5fbe943d4762@group-A9CCFA85FD37:LeaderElection74] INFO  impl.LeaderElection (LeaderElection.java:askForVotes(182)) - 8e564692-438a-4cca-bbaf-5fbe943d4762@group-A9CCFA85FD37:LeaderElection74: begin an election at term 1 for -1: [8e564692-438a-4cca-bbaf-5fbe943d4762:192.168.151.82:44652], old=null
2019-09-28 01:17:49,470 [14d5cd8c-0256-42d6-a2d7-07541ed6779f@group-823508E827D8:LeaderElection73] INFO  impl.RoleInfo (RoleInfo.java:shutdownLeaderElection(134)) - 14d5cd8c-0256-42d6-a2d7-07541ed6779f: shutdown LeaderElection
2019-09-28 01:17:49,470 [8e564692-438a-4cca-bbaf-5fbe943d4762@group-A9CCFA85FD37:LeaderElection74] INFO  impl.RoleInfo (RoleInfo.java:shutdownLeaderElection(134)) - 8e564692-438a-4cca-bbaf-5fbe943d4762: shutdown LeaderElection
2019-09-28 01:17:49,471 [14d5cd8c-0256-42d6-a2d7-07541ed6779f@group-823508E827D8:LeaderElection73] INFO  impl.RaftServerImpl (RaftServerImpl.java:setRole(174)) - 14d5cd8c-0256-42d6-a2d7-07541ed6779f@group-823508E827D8: changes role from CANDIDATE to LEADER at term 1 for changeToLeader
2019-09-28 01:17:49,474 [8e564692-438a-4cca-bbaf-5fbe943d4762@group-A9CCFA85FD37:LeaderElection74] INFO  impl.RaftServerImpl (RaftServerImpl.java:setRole(174)) - 8e564692-438a-4cca-bbaf-5fbe943d4762@group-A9CCFA85FD37: changes role from CANDIDATE to LEADER at term 1 for changeToLeader
2019-09-28 01:17:49,477 [14d5cd8c-0256-42d6-a2d7-07541ed6779f@group-823508E827D8:LeaderElection73] INFO  impl.RaftServerImpl (ServerState.java:setLeader(253)) - 14d5cd8c-0256-42d6-a2d7-07541ed6779f@group-823508E827D8: change Leader from null to 14d5cd8c-0256-42d6-a2d7-07541ed6779f at term 1 for becomeLeader, leader elected after 1228ms
2019-09-28 01:17:49,477 [8e564692-438a-4cca-bbaf-5fbe943d4762@group-A9CCFA85FD37:LeaderElection74] INFO  impl.RaftServerImpl (ServerState.java:setLeader(253)) - 8e564692-438a-4cca-bbaf-5fbe943d4762@group-A9CCFA85FD37: change Leader from null to 8e564692-438a-4cca-bbaf-5fbe943d4762 at term 1 for becomeLeader, leader elected after 1070ms
2019-09-28 01:17:49,477 [5a7443cd-0ba8-4045-a615-ca9d87f0fd78@group-393F5BFE9DF9:LeaderElection72] INFO  impl.LeaderElection (LeaderElection.java:logAndReturn(56)) - 5a7443cd-0ba8-4045-a615-ca9d87f0fd78@group-393F5BFE9DF9:LeaderElection72: Election PASSED; received 1 response(s) [5a7443cd-0ba8-4045-a615-ca9d87f0fd78<-14d5cd8c-0256-42d6-a2d7-07541ed6779f#0:OK-t1] and 0 exception(s); 5a7443cd-0ba8-4045-a615-ca9d87f0fd78@group-393F5BFE9DF9:t1, leader=null, voted=5a7443cd-0ba8-4045-a615-ca9d87f0fd78, raftlog=5a7443cd-0ba8-4045-a615-ca9d87f0fd78@group-393F5BFE9DF9-SegmentedRaftLog:OPENED:c-1,f-1,i0, conf=-1: [5a7443cd-0ba8-4045-a615-ca9d87f0fd78:192.168.151.82:45593, b37755ce-c4af-4380-b35a-3b0325863f58:192.168.151.82:45195, 14d5cd8c-0256-42d6-a2d7-07541ed6779f:192.168.151.82:40125], old=null
2019-09-28 01:17:49,477 [14d5cd8c-0256-42d6-a2d7-07541ed6779f@group-823508E827D8:LeaderElection73] INFO  server.RaftServerConfigKeys (ConfUtils.java:logGet(43)) - raft.server.staging.catchup.gap = 1000 (default)
2019-09-28 01:17:49,478 [Thread-4172] INFO  impl.FollowerState (FollowerState.java:run(106)) - a6f3909d-04e3-4c75-9cc7-e0ce9610c43d:group-06B9AAEC64E3 changes to CANDIDATE, lastRpcTime:1005, electionTimeout:1005ms
2019-09-28 01:17:49,478 [8e564692-438a-4cca-bbaf-5fbe943d4762@group-A9CCFA85FD37:LeaderElection74] INFO  server.RaftServerConfigKeys (ConfUtils.java:logGet(43)) - raft.server.staging.catchup.gap = 1000 (default)
2019-09-28 01:17:49,478 [5a7443cd-0ba8-4045-a615-ca9d87f0fd78@group-393F5BFE9DF9:LeaderElection72] INFO  impl.RoleInfo (RoleInfo.java:shutdownLeaderElection(134)) - 5a7443cd-0ba8-4045-a615-ca9d87f0fd78: shutdown LeaderElection
2019-09-28 01:17:49,478 [8e564692-438a-4cca-bbaf-5fbe943d4762@group-A9CCFA85FD37:LeaderElection74] INFO  server.RaftServerConfigKeys (ConfUtils.java:logGet(43)) - raft.server.rpc.sleep.time = 25ms (default)
2019-09-28 01:17:49,478 [Thread-4172] INFO  impl.RoleInfo (RoleInfo.java:shutdownFollowerState(121)) - a6f3909d-04e3-4c75-9cc7-e0ce9610c43d: shutdown FollowerState
2019-09-28 01:17:49,478 [14d5cd8c-0256-42d6-a2d7-07541ed6779f@group-823508E827D8:LeaderElection73] INFO  server.RaftServerConfigKeys (ConfUtils.java:logGet(43)) - raft.server.rpc.sleep.time = 25ms (default)
2019-09-28 01:17:49,478 [Thread-4172] INFO  impl.RaftServerImpl (RaftServerImpl.java:setRole(174)) - a6f3909d-04e3-4c75-9cc7-e0ce9610c43d@group-06B9AAEC64E3: changes role from  FOLLOWER to CANDIDATE at term 0 for changeToCandidate
2019-09-28 01:17:49,478 [8e564692-438a-4cca-bbaf-5fbe943d4762@group-A9CCFA85FD37:LeaderElection74] INFO  server.RaftServerConfigKeys (ConfUtils.java:logGet(43)) - raft.server.write.element-limit = 4096 (default)
2019-09-28 01:17:49,478 [5a7443cd-0ba8-4045-a615-ca9d87f0fd78@group-393F5BFE9DF9:LeaderElection72] INFO  impl.RaftServerImpl (RaftServerImpl.java:setRole(174)) - 5a7443cd-0ba8-4045-a615-ca9d87f0fd78@group-393F5BFE9DF9: changes role from CANDIDATE to LEADER at term 1 for changeToLeader
2019-09-28 01:17:49,479 [8e564692-438a-4cca-bbaf-5fbe943d4762@group-A9CCFA85FD37:LeaderElection74] INFO  server.RaftServerConfigKeys (ConfUtils.java:logGet(43)) - raft.server.watch.timeout = 10s (default)
2019-09-28 01:17:49,479 [Thread-4172] INFO  impl.RoleInfo (RoleInfo.java:updateAndGet(143)) - a6f3909d-04e3-4c75-9cc7-e0ce9610c43d: start LeaderElection
2019-09-28 01:17:49,478 [14d5cd8c-0256-42d6-a2d7-07541ed6779f@group-823508E827D8:LeaderElection73] INFO  server.RaftServerConfigKeys (ConfUtils.java:logGet(43)) - raft.server.write.element-limit = 4096 (default)
2019-09-28 01:17:49,479 [8e564692-438a-4cca-bbaf-5fbe943d4762@group-A9CCFA85FD37:LeaderElection74] INFO  server.RaftServerConfigKeys (ConfUtils.java:logGet(43)) - raft.server.watch.timeout.denomination = 1s (default)
2019-09-28 01:17:49,479 [5a7443cd-0ba8-4045-a615-ca9d87f0fd78@group-393F5BFE9DF9:LeaderElection72] INFO  impl.RaftServerImpl (ServerState.java:setLeader(253)) - 5a7443cd-0ba8-4045-a615-ca9d87f0fd78@group-393F5BFE9DF9: change Leader from null to 5a7443cd-0ba8-4045-a615-ca9d87f0fd78 at term 1 for becomeLeader, leader elected after 1170ms
2019-09-28 01:17:49,479 [8e564692-438a-4cca-bbaf-5fbe943d4762@group-A9CCFA85FD37:LeaderElection74] INFO  server.RaftServerConfigKeys (ConfUtils.java:logGet(43)) - raft.server.watch.element-limit = 65536 (default)
2019-09-28 01:17:49,479 [14d5cd8c-0256-42d6-a2d7-07541ed6779f@group-823508E827D8:LeaderElection73] INFO  server.RaftServerConfigKeys (ConfUtils.java:logGet(43)) - raft.server.watch.timeout = 10s (default)
2019-09-28 01:17:49,484 [5a7443cd-0ba8-4045-a615-ca9d87f0fd78@group-393F5BFE9DF9:LeaderElection72] INFO  server.RaftServerConfigKeys (ConfUtils.java:logGet(43)) - raft.server.staging.catchup.gap = 1000 (default)
2019-09-28 01:17:49,484 [14d5cd8c-0256-42d6-a2d7-07541ed6779f@group-823508E827D8:LeaderElection73] INFO  server.RaftServerConfigKeys (ConfUtils.java:logGet(43)) - raft.server.watch.timeout.denomination = 1s (default)
2019-09-28 01:17:49,484 [5a7443cd-0ba8-4045-a615-ca9d87f0fd78@group-393F5BFE9DF9:LeaderElection72] INFO  server.RaftServerConfigKeys (ConfUtils.java:logGet(43)) - raft.server.rpc.sleep.time = 25ms (default)
2019-09-28 01:17:49,485 [14d5cd8c-0256-42d6-a2d7-07541ed6779f@group-823508E827D8:LeaderElection73] INFO  server.RaftServerConfigKeys (ConfUtils.java:logGet(43)) - raft.server.watch.element-limit = 65536 (default)
2019-09-28 01:17:49,485 [5a7443cd-0ba8-4045-a615-ca9d87f0fd78@group-393F5BFE9DF9:LeaderElection72] INFO  server.RaftServerConfigKeys (ConfUtils.java:logGet(43)) - raft.server.write.element-limit = 4096 (default)
2019-09-28 01:17:49,485 [5a7443cd-0ba8-4045-a615-ca9d87f0fd78@group-393F5BFE9DF9:LeaderElection72] INFO  server.RaftServerConfigKeys (ConfUtils.java:logGet(43)) - raft.server.watch.timeout = 10s (default)
2019-09-28 01:17:49,485 [5a7443cd-0ba8-4045-a615-ca9d87f0fd78@group-393F5BFE9DF9:LeaderElection72] INFO  server.RaftServerConfigKeys (ConfUtils.java:logGet(43)) - raft.server.watch.timeout.denomination = 1s (default)
2019-09-28 01:17:49,486 [5a7443cd-0ba8-4045-a615-ca9d87f0fd78@group-393F5BFE9DF9:LeaderElection72] INFO  server.RaftServerConfigKeys (ConfUtils.java:logGet(43)) - raft.server.watch.element-limit = 65536 (default)
2019-09-28 01:17:49,487 [8e564692-438a-4cca-bbaf-5fbe943d4762@group-A9CCFA85FD37:LeaderElection74] INFO  impl.RoleInfo (RoleInfo.java:updateAndGet(143)) - 8e564692-438a-4cca-bbaf-5fbe943d4762: start LeaderState
2019-09-28 01:17:49,488 [8e564692-438a-4cca-bbaf-5fbe943d4762@group-A9CCFA85FD37:LeaderElection74] INFO  segmented.SegmentedRaftLogWorker (SegmentedRaftLogWorker.java:startLogSegment(380)) - 8e564692-438a-4cca-bbaf-5fbe943d4762@group-A9CCFA85FD37-SegmentedRaftLogWorker: Starting segment from index:0
2019-09-28 01:17:49,488 [8e564692-438a-4cca-bbaf-5fbe943d4762@group-A9CCFA85FD37:LeaderElection74] INFO  impl.RaftServerImpl (ServerState.java:setRaftConf(354)) - 8e564692-438a-4cca-bbaf-5fbe943d4762@group-A9CCFA85FD37: set configuration 0: [8e564692-438a-4cca-bbaf-5fbe943d4762:192.168.151.82:44652], old=null at 0
2019-09-28 01:17:49,488 [14d5cd8c-0256-42d6-a2d7-07541ed6779f@group-823508E827D8:LeaderElection73] INFO  impl.RoleInfo (RoleInfo.java:updateAndGet(143)) - 14d5cd8c-0256-42d6-a2d7-07541ed6779f: start LeaderState
2019-09-28 01:17:49,489 [14d5cd8c-0256-42d6-a2d7-07541ed6779f@group-823508E827D8:LeaderElection73] INFO  segmented.SegmentedRaftLogWorker (SegmentedRaftLogWorker.java:startLogSegment(380)) - 14d5cd8c-0256-42d6-a2d7-07541ed6779f@group-823508E827D8-SegmentedRaftLogWorker: Starting segment from index:0
2019-09-28 01:17:49,489 [5a7443cd-0ba8-4045-a615-ca9d87f0fd78@group-393F5BFE9DF9:LeaderElection72] INFO  server.RaftServerConfigKeys (ConfUtils.java:logGet(43)) - raft.server.log.appender.snapshot.chunk.size.max = 16MB (=16777216) (default)
2019-09-28 01:17:49,489 [14d5cd8c-0256-42d6-a2d7-07541ed6779f@group-823508E827D8:LeaderElection73] INFO  impl.RaftServerImpl (ServerState.java:setRaftConf(354)) - 14d5cd8c-0256-42d6-a2d7-07541ed6779f@group-823508E827D8: set configuration 0: [14d5cd8c-0256-42d6-a2d7-07541ed6779f:192.168.151.82:40125], old=null at 0
2019-09-28 01:17:49,489 [5a7443cd-0ba8-4045-a615-ca9d87f0fd78@group-393F5BFE9DF9:LeaderElection72] INFO  server.RaftServerConfigKeys (ConfUtils.java:logGet(43)) - raft.server.log.appender.buffer.byte-limit = 33554432 (custom)
2019-09-28 01:17:49,489 [5a7443cd-0ba8-4045-a615-ca9d87f0fd78@group-393F5BFE9DF9:LeaderElection72] INFO  server.RaftServerConfigKeys (ConfUtils.java:logGet(43)) - raft.server.log.appender.buffer.element-limit = 1 (custom)
2019-09-28 01:17:49,490 [5a7443cd-0ba8-4045-a615-ca9d87f0fd78@group-393F5BFE9DF9:LeaderElection72] INFO  grpc.GrpcConfigKeys$Server (ConfUtils.java:logGet(43)) - raft.grpc.server.leader.outstanding.appends.max = 128 (default)
2019-09-28 01:17:49,490 [5a7443cd-0ba8-4045-a615-ca9d87f0fd78@group-393F5BFE9DF9:LeaderElection72] INFO  server.RaftServerConfigKeys (ConfUtils.java:logGet(43)) - raft.server.rpc.request.timeout = 3000ms (default)
2019-09-28 01:17:49,490 [5a7443cd-0ba8-4045-a615-ca9d87f0fd78@group-393F5BFE9DF9:LeaderElection72] INFO  server.RaftServerConfigKeys (ConfUtils.java:logGet(43)) - raft.server.log.appender.install.snapshot.enabled = false (custom)
2019-09-28 01:17:49,490 [5a7443cd-0ba8-4045-a615-ca9d87f0fd78@group-393F5BFE9DF9:LeaderElection72] INFO  server.RaftServerConfigKeys (ConfUtils.java:logGet(43)) - raft.server.log.appender.snapshot.chunk.size.max = 16MB (=16777216) (default)
2019-09-28 01:17:49,490 [5a7443cd-0ba8-4045-a615-ca9d87f0fd78@group-393F5BFE9DF9:LeaderElection72] INFO  server.RaftServerConfigKeys (ConfUtils.java:logGet(43)) - raft.server.log.appender.buffer.byte-limit = 33554432 (custom)
2019-09-28 01:17:49,490 [5a7443cd-0ba8-4045-a615-ca9d87f0fd78@group-393F5BFE9DF9:LeaderElection72] INFO  server.RaftServerConfigKeys (ConfUtils.java:logGet(43)) - raft.server.log.appender.buffer.element-limit = 1 (custom)
2019-09-28 01:17:49,491 [5a7443cd-0ba8-4045-a615-ca9d87f0fd78@group-393F5BFE9DF9:LeaderElection72] INFO  grpc.GrpcConfigKeys$Server (ConfUtils.java:logGet(43)) - raft.grpc.server.leader.outstanding.appends.max = 128 (default)
2019-09-28 01:17:49,491 [5a7443cd-0ba8-4045-a615-ca9d87f0fd78@group-393F5BFE9DF9:LeaderElection72] INFO  server.RaftServerConfigKeys (ConfUtils.java:logGet(43)) - raft.server.rpc.request.timeout = 3000ms (default)
2019-09-28 01:17:49,491 [5a7443cd-0ba8-4045-a615-ca9d87f0fd78@group-393F5BFE9DF9:LeaderElection72] INFO  server.RaftServerConfigKeys (ConfUtils.java:logGet(43)) - raft.server.log.appender.install.snapshot.enabled = false (custom)
2019-09-28 01:17:49,491 [5a7443cd-0ba8-4045-a615-ca9d87f0fd78@group-393F5BFE9DF9:LeaderElection72] INFO  impl.RoleInfo (RoleInfo.java:updateAndGet(143)) - 5a7443cd-0ba8-4045-a615-ca9d87f0fd78: start LeaderState
2019-09-28 01:17:49,491 [5a7443cd-0ba8-4045-a615-ca9d87f0fd78@group-393F5BFE9DF9:LeaderElection72] INFO  segmented.SegmentedRaftLogWorker (SegmentedRaftLogWorker.java:startLogSegment(380)) - 5a7443cd-0ba8-4045-a615-ca9d87f0fd78@group-393F5BFE9DF9-SegmentedRaftLogWorker: Starting segment from index:0
2019-09-28 01:17:49,497 [5a7443cd-0ba8-4045-a615-ca9d87f0fd78@group-393F5BFE9DF9:LeaderElection72] INFO  impl.RaftServerImpl (ServerState.java:setRaftConf(354)) - 5a7443cd-0ba8-4045-a615-ca9d87f0fd78@group-393F5BFE9DF9: set configuration 0: [5a7443cd-0ba8-4045-a615-ca9d87f0fd78:192.168.151.82:45593, b37755ce-c4af-4380-b35a-3b0325863f58:192.168.151.82:45195, 14d5cd8c-0256-42d6-a2d7-07541ed6779f:192.168.151.82:40125], old=null at 0
2019-09-28 01:17:49,587 [8e564692-438a-4cca-bbaf-5fbe943d4762@group-A9CCFA85FD37-SegmentedRaftLogWorker] INFO  segmented.SegmentedRaftLogWorker (SegmentedRaftLogWorker.java:execute(569)) - 8e564692-438a-4cca-bbaf-5fbe943d4762@group-A9CCFA85FD37-SegmentedRaftLogWorker: created new log segment /workdir/hadoop-ozone/integration-test/target/test-dir/MiniOzoneClusterImpl-8d3ed4ce-f2e5-424c-95d5-a4ae13d3a978/datanode-4/data/ratis/80687787-e37e-44de-90fe-a9ccfa85fd37/current/log_inprogress_0
2019-09-28 01:17:49,587 [a6f3909d-04e3-4c75-9cc7-e0ce9610c43d@group-06B9AAEC64E3:LeaderElection75] INFO  impl.LeaderElection (LeaderElection.java:askForVotes(182)) - a6f3909d-04e3-4c75-9cc7-e0ce9610c43d@group-06B9AAEC64E3:LeaderElection75: begin an election at term 1 for -1: [a6f3909d-04e3-4c75-9cc7-e0ce9610c43d:192.168.151.82:33245], old=null
2019-09-28 01:17:49,587 [14d5cd8c-0256-42d6-a2d7-07541ed6779f@group-823508E827D8-SegmentedRaftLogWorker] INFO  segmented.SegmentedRaftLogWorker (SegmentedRaftLogWorker.java:execute(569)) - 14d5cd8c-0256-42d6-a2d7-07541ed6779f@group-823508E827D8-SegmentedRaftLogWorker: created new log segment /workdir/hadoop-ozone/integration-test/target/test-dir/MiniOzoneClusterImpl-8d3ed4ce-f2e5-424c-95d5-a4ae13d3a978/datanode-2/data/ratis/bf75b7be-6e47-4cd7-b248-823508e827d8/current/log_inprogress_0
2019-09-28 01:17:49,588 [a6f3909d-04e3-4c75-9cc7-e0ce9610c43d@group-06B9AAEC64E3:LeaderElection75] INFO  impl.RoleInfo (RoleInfo.java:shutdownLeaderElection(134)) - a6f3909d-04e3-4c75-9cc7-e0ce9610c43d: shutdown LeaderElection
2019-09-28 01:17:49,588 [grpc-default-executor-0] INFO  impl.RaftServerImpl (ServerState.java:setLeader(253)) - 14d5cd8c-0256-42d6-a2d7-07541ed6779f@group-393F5BFE9DF9: change Leader from null to 5a7443cd-0ba8-4045-a615-ca9d87f0fd78 at term 1 for appendEntries, leader elected after 1280ms
2019-09-28 01:17:49,588 [a6f3909d-04e3-4c75-9cc7-e0ce9610c43d@group-06B9AAEC64E3:LeaderElection75] INFO  impl.RaftServerImpl (RaftServerImpl.java:setRole(174)) - a6f3909d-04e3-4c75-9cc7-e0ce9610c43d@group-06B9AAEC64E3: changes role from CANDIDATE to LEADER at term 1 for changeToLeader
2019-09-28 01:17:49,588 [grpc-default-executor-2] INFO  impl.RaftServerImpl (ServerState.java:setLeader(253)) - b37755ce-c4af-4380-b35a-3b0325863f58@group-393F5BFE9DF9: change Leader from null to 5a7443cd-0ba8-4045-a615-ca9d87f0fd78 at term 1 for appendEntries, leader elected after 1279ms
2019-09-28 01:17:49,589 [a6f3909d-04e3-4c75-9cc7-e0ce9610c43d@group-06B9AAEC64E3:LeaderElection75] INFO  impl.RaftServerImpl (ServerState.java:setLeader(253)) - a6f3909d-04e3-4c75-9cc7-e0ce9610c43d@group-06B9AAEC64E3: change Leader from null to a6f3909d-04e3-4c75-9cc7-e0ce9610c43d at term 1 for becomeLeader, leader elected after 1122ms
2019-09-28 01:17:49,589 [a6f3909d-04e3-4c75-9cc7-e0ce9610c43d@group-06B9AAEC64E3:LeaderElection75] INFO  server.RaftServerConfigKeys (ConfUtils.java:logGet(43)) - raft.server.staging.catchup.gap = 1000 (default)
2019-09-28 01:17:49,594 [a6f3909d-04e3-4c75-9cc7-e0ce9610c43d@group-06B9AAEC64E3:LeaderElection75] INFO  server.RaftServerConfigKeys (ConfUtils.java:logGet(43)) - raft.server.rpc.sleep.time = 25ms (default)
2019-09-28 01:17:49,594 [a6f3909d-04e3-4c75-9cc7-e0ce9610c43d@group-06B9AAEC64E3:LeaderElection75] INFO  server.RaftServerConfigKeys (ConfUtils.java:logGet(43)) - raft.server.write.element-limit = 4096 (default)
2019-09-28 01:17:49,595 [a6f3909d-04e3-4c75-9cc7-e0ce9610c43d@group-06B9AAEC64E3:LeaderElection75] INFO  server.RaftServerConfigKeys (ConfUtils.java:logGet(43)) - raft.server.watch.timeout = 10s (default)
2019-09-28 01:17:49,595 [a6f3909d-04e3-4c75-9cc7-e0ce9610c43d@group-06B9AAEC64E3:LeaderElection75] INFO  server.RaftServerConfigKeys (ConfUtils.java:logGet(43)) - raft.server.watch.timeout.denomination = 1s (default)
2019-09-28 01:17:49,595 [a6f3909d-04e3-4c75-9cc7-e0ce9610c43d@group-06B9AAEC64E3:LeaderElection75] INFO  server.RaftServerConfigKeys (ConfUtils.java:logGet(43)) - raft.server.watch.element-limit = 65536 (default)
2019-09-28 01:17:49,597 [grpc-default-executor-2] INFO  impl.RaftServerImpl (ServerState.java:setRaftConf(354)) - 14d5cd8c-0256-42d6-a2d7-07541ed6779f@group-393F5BFE9DF9: set configuration 0: [5a7443cd-0ba8-4045-a615-ca9d87f0fd78:192.168.151.82:45593, b37755ce-c4af-4380-b35a-3b0325863f58:192.168.151.82:45195, 14d5cd8c-0256-42d6-a2d7-07541ed6779f:192.168.151.82:40125], old=null at 0
2019-09-28 01:17:49,597 [grpc-default-executor-0] INFO  impl.RaftServerImpl (ServerState.java:setRaftConf(354)) - b37755ce-c4af-4380-b35a-3b0325863f58@group-393F5BFE9DF9: set configuration 0: [5a7443cd-0ba8-4045-a615-ca9d87f0fd78:192.168.151.82:45593, b37755ce-c4af-4380-b35a-3b0325863f58:192.168.151.82:45195, 14d5cd8c-0256-42d6-a2d7-07541ed6779f:192.168.151.82:40125], old=null at 0
2019-09-28 01:17:49,597 [a6f3909d-04e3-4c75-9cc7-e0ce9610c43d@group-06B9AAEC64E3:LeaderElection75] INFO  impl.RoleInfo (RoleInfo.java:updateAndGet(143)) - a6f3909d-04e3-4c75-9cc7-e0ce9610c43d: start LeaderState
2019-09-28 01:17:49,597 [grpc-default-executor-2] INFO  segmented.SegmentedRaftLogWorker (SegmentedRaftLogWorker.java:startLogSegment(380)) - 14d5cd8c-0256-42d6-a2d7-07541ed6779f@group-393F5BFE9DF9-SegmentedRaftLogWorker: Starting segment from index:0
2019-09-28 01:17:49,597 [a6f3909d-04e3-4c75-9cc7-e0ce9610c43d@group-06B9AAEC64E3:LeaderElection75] INFO  segmented.SegmentedRaftLogWorker (SegmentedRaftLogWorker.java:startLogSegment(380)) - a6f3909d-04e3-4c75-9cc7-e0ce9610c43d@group-06B9AAEC64E3-SegmentedRaftLogWorker: Starting segment from index:0
2019-09-28 01:17:49,597 [grpc-default-executor-0] INFO  segmented.SegmentedRaftLogWorker (SegmentedRaftLogWorker.java:startLogSegment(380)) - b37755ce-c4af-4380-b35a-3b0325863f58@group-393F5BFE9DF9-SegmentedRaftLogWorker: Starting segment from index:0
2019-09-28 01:17:49,598 [a6f3909d-04e3-4c75-9cc7-e0ce9610c43d@group-06B9AAEC64E3:LeaderElection75] INFO  impl.RaftServerImpl (ServerState.java:setRaftConf(354)) - a6f3909d-04e3-4c75-9cc7-e0ce9610c43d@group-06B9AAEC64E3: set configuration 0: [a6f3909d-04e3-4c75-9cc7-e0ce9610c43d:192.168.151.82:33245], old=null at 0
2019-09-28 01:17:49,601 [5a7443cd-0ba8-4045-a615-ca9d87f0fd78@group-393F5BFE9DF9-SegmentedRaftLogWorker] INFO  segmented.SegmentedRaftLogWorker (SegmentedRaftLogWorker.java:execute(569)) - 5a7443cd-0ba8-4045-a615-ca9d87f0fd78@group-393F5BFE9DF9-SegmentedRaftLogWorker: created new log segment /workdir/hadoop-ozone/integration-test/target/test-dir/MiniOzoneClusterImpl-8d3ed4ce-f2e5-424c-95d5-a4ae13d3a978/datanode-0/data/ratis/6db59a8c-8af6-4ad5-ac64-393f5bfe9df9/current/log_inprogress_0
2019-09-28 01:17:49,623 [Thread-4175] INFO  impl.FollowerState (FollowerState.java:run(106)) - 4c896d7a-7f6e-4c9a-8a8b-40c5d5b27396:group-92E4818ED680 changes to CANDIDATE, lastRpcTime:1100, electionTimeout:1100ms
2019-09-28 01:17:49,623 [Thread-4175] INFO  impl.RoleInfo (RoleInfo.java:shutdownFollowerState(121)) - 4c896d7a-7f6e-4c9a-8a8b-40c5d5b27396: shutdown FollowerState
2019-09-28 01:17:49,624 [Thread-4175] INFO  impl.RaftServerImpl (RaftServerImpl.java:setRole(174)) - 4c896d7a-7f6e-4c9a-8a8b-40c5d5b27396@group-92E4818ED680: changes role from  FOLLOWER to CANDIDATE at term 0 for changeToCandidate
2019-09-28 01:17:49,624 [Thread-4175] INFO  impl.RoleInfo (RoleInfo.java:updateAndGet(143)) - 4c896d7a-7f6e-4c9a-8a8b-40c5d5b27396: start LeaderElection
2019-09-28 01:17:49,642 [Thread-4181] INFO  impl.FollowerState (FollowerState.java:run(106)) - 482bab89-bbed-45e7-a2a4-226291146823:group-B1DB978B50CA changes to CANDIDATE, lastRpcTime:1014, electionTimeout:1013ms
2019-09-28 01:17:49,645 [Thread-4181] INFO  impl.RoleInfo (RoleInfo.java:shutdownFollowerState(121)) - 482bab89-bbed-45e7-a2a4-226291146823: shutdown FollowerState
2019-09-28 01:17:49,645 [Thread-4181] INFO  impl.RaftServerImpl (RaftServerImpl.java:setRole(174)) - 482bab89-bbed-45e7-a2a4-226291146823@group-B1DB978B50CA: changes role from  FOLLOWER to CANDIDATE at term 0 for changeToCandidate
2019-09-28 01:17:49,645 [Thread-4181] INFO  impl.RoleInfo (RoleInfo.java:updateAndGet(143)) - 482bab89-bbed-45e7-a2a4-226291146823: start LeaderElection
2019-09-28 01:17:49,656 [b37755ce-c4af-4380-b35a-3b0325863f58@group-393F5BFE9DF9-SegmentedRaftLogWorker] INFO  segmented.SegmentedRaftLogWorker (SegmentedRaftLogWorker.java:execute(569)) - b37755ce-c4af-4380-b35a-3b0325863f58@group-393F5BFE9DF9-SegmentedRaftLogWorker: created new log segment /workdir/hadoop-ozone/integration-test/target/test-dir/MiniOzoneClusterImpl-8d3ed4ce-f2e5-424c-95d5-a4ae13d3a978/datanode-1/data/ratis/6db59a8c-8af6-4ad5-ac64-393f5bfe9df9/current/log_inprogress_0
2019-09-28 01:17:49,656 [4c896d7a-7f6e-4c9a-8a8b-40c5d5b27396@group-92E4818ED680:LeaderElection76] INFO  impl.LeaderElection (LeaderElection.java:askForVotes(182)) - 4c896d7a-7f6e-4c9a-8a8b-40c5d5b27396@group-92E4818ED680:LeaderElection76: begin an election at term 1 for -1: [4c896d7a-7f6e-4c9a-8a8b-40c5d5b27396:192.168.151.82:33459], old=null
2019-09-28 01:17:49,656 [14d5cd8c-0256-42d6-a2d7-07541ed6779f@group-393F5BFE9DF9-SegmentedRaftLogWorker] INFO  segmented.SegmentedRaftLogWorker (SegmentedRaftLogWorker.java:execute(569)) - 14d5cd8c-0256-42d6-a2d7-07541ed6779f@group-393F5BFE9DF9-SegmentedRaftLogWorker: created new log segment /workdir/hadoop-ozone/integration-test/target/test-dir/MiniOzoneClusterImpl-8d3ed4ce-f2e5-424c-95d5-a4ae13d3a978/datanode-2/data/ratis/6db59a8c-8af6-4ad5-ac64-393f5bfe9df9/current/log_inprogress_0
2019-09-28 01:17:49,656 [482bab89-bbed-45e7-a2a4-226291146823@group-B1DB978B50CA:LeaderElection77] INFO  impl.LeaderElection (LeaderElection.java:askForVotes(182)) - 482bab89-bbed-45e7-a2a4-226291146823@group-B1DB978B50CA:LeaderElection77: begin an election at term 1 for -1: [482bab89-bbed-45e7-a2a4-226291146823:192.168.151.82:43977], old=null
2019-09-28 01:17:49,656 [a6f3909d-04e3-4c75-9cc7-e0ce9610c43d@group-06B9AAEC64E3-SegmentedRaftLogWorker] INFO  segmented.SegmentedRaftLogWorker (SegmentedRaftLogWorker.java:execute(569)) - a6f3909d-04e3-4c75-9cc7-e0ce9610c43d@group-06B9AAEC64E3-SegmentedRaftLogWorker: created new log segment /workdir/hadoop-ozone/integration-test/target/test-dir/MiniOzoneClusterImpl-8d3ed4ce-f2e5-424c-95d5-a4ae13d3a978/datanode-5/data/ratis/61aecff1-fa6a-4a2c-9678-06b9aaec64e3/current/log_inprogress_0
2019-09-28 01:17:49,656 [482bab89-bbed-45e7-a2a4-226291146823@group-B1DB978B50CA:LeaderElection77] INFO  impl.RoleInfo (RoleInfo.java:shutdownLeaderElection(134)) - 482bab89-bbed-45e7-a2a4-226291146823: shutdown LeaderElection
2019-09-28 01:17:49,656 [4c896d7a-7f6e-4c9a-8a8b-40c5d5b27396@group-92E4818ED680:LeaderElection76] INFO  impl.RoleInfo (RoleInfo.java:shutdownLeaderElection(134)) - 4c896d7a-7f6e-4c9a-8a8b-40c5d5b27396: shutdown LeaderElection
2019-09-28 01:17:49,656 [482bab89-bbed-45e7-a2a4-226291146823@group-B1DB978B50CA:LeaderElection77] INFO  impl.RaftServerImpl (RaftServerImpl.java:setRole(174)) - 482bab89-bbed-45e7-a2a4-226291146823@group-B1DB978B50CA: changes role from CANDIDATE to LEADER at term 1 for changeToLeader
2019-09-28 01:17:49,657 [4c896d7a-7f6e-4c9a-8a8b-40c5d5b27396@group-92E4818ED680:LeaderElection76] INFO  impl.RaftServerImpl (RaftServerImpl.java:setRole(174)) - 4c896d7a-7f6e-4c9a-8a8b-40c5d5b27396@group-92E4818ED680: changes role from CANDIDATE to LEADER at term 1 for changeToLeader
2019-09-28 01:17:49,657 [482bab89-bbed-45e7-a2a4-226291146823@group-B1DB978B50CA:LeaderElection77] INFO  impl.RaftServerImpl (ServerState.java:setLeader(253)) - 482bab89-bbed-45e7-a2a4-226291146823@group-B1DB978B50CA: change Leader from null to 482bab89-bbed-45e7-a2a4-226291146823 at term 1 for becomeLeader, leader elected after 1038ms
2019-09-28 01:17:49,657 [4c896d7a-7f6e-4c9a-8a8b-40c5d5b27396@group-92E4818ED680:LeaderElection76] INFO  impl.RaftServerImpl (ServerState.java:setLeader(253)) - 4c896d7a-7f6e-4c9a-8a8b-40c5d5b27396@group-92E4818ED680: change Leader from null to 4c896d7a-7f6e-4c9a-8a8b-40c5d5b27396 at term 1 for becomeLeader, leader elected after 1141ms
2019-09-28 01:17:49,657 [482bab89-bbed-45e7-a2a4-226291146823@group-B1DB978B50CA:LeaderElection77] INFO  server.RaftServerConfigKeys (ConfUtils.java:logGet(43)) - raft.server.staging.catchup.gap = 1000 (default)
2019-09-28 01:17:49,657 [4c896d7a-7f6e-4c9a-8a8b-40c5d5b27396@group-92E4818ED680:LeaderElection76] INFO  server.RaftServerConfigKeys (ConfUtils.java:logGet(43)) - raft.server.staging.catchup.gap = 1000 (default)
2019-09-28 01:17:49,657 [482bab89-bbed-45e7-a2a4-226291146823@group-B1DB978B50CA:LeaderElection77] INFO  server.RaftServerConfigKeys (ConfUtils.java:logGet(43)) - raft.server.rpc.sleep.time = 25ms (default)
2019-09-28 01:17:49,657 [4c896d7a-7f6e-4c9a-8a8b-40c5d5b27396@group-92E4818ED680:LeaderElection76] INFO  server.RaftServerConfigKeys (ConfUtils.java:logGet(43)) - raft.server.rpc.sleep.time = 25ms (default)
2019-09-28 01:17:49,657 [482bab89-bbed-45e7-a2a4-226291146823@group-B1DB978B50CA:LeaderElection77] INFO  server.RaftServerConfigKeys (ConfUtils.java:logGet(43)) - raft.server.write.element-limit = 4096 (default)
2019-09-28 01:17:49,657 [482bab89-bbed-45e7-a2a4-226291146823@group-B1DB978B50CA:LeaderElection77] INFO  server.RaftServerConfigKeys (ConfUtils.java:logGet(43)) - raft.server.watch.timeout = 10s (default)
2019-09-28 01:17:49,657 [4c896d7a-7f6e-4c9a-8a8b-40c5d5b27396@group-92E4818ED680:LeaderElection76] INFO  server.RaftServerConfigKeys (ConfUtils.java:logGet(43)) - raft.server.write.element-limit = 4096 (default)
2019-09-28 01:17:49,658 [482bab89-bbed-45e7-a2a4-226291146823@group-B1DB978B50CA:LeaderElection77] INFO  server.RaftServerConfigKeys (ConfUtils.java:logGet(43)) - raft.server.watch.timeout.denomination = 1s (default)
2019-09-28 01:17:49,658 [4c896d7a-7f6e-4c9a-8a8b-40c5d5b27396@group-92E4818ED680:LeaderElection76] INFO  server.RaftServerConfigKeys (ConfUtils.java:logGet(43)) - raft.server.watch.timeout = 10s (default)
2019-09-28 01:17:49,658 [482bab89-bbed-45e7-a2a4-226291146823@group-B1DB978B50CA:LeaderElection77] INFO  server.RaftServerConfigKeys (ConfUtils.java:logGet(43)) - raft.server.watch.element-limit = 65536 (default)
2019-09-28 01:17:49,658 [4c896d7a-7f6e-4c9a-8a8b-40c5d5b27396@group-92E4818ED680:LeaderElection76] INFO  server.RaftServerConfigKeys (ConfUtils.java:logGet(43)) - raft.server.watch.timeout.denomination = 1s (default)
2019-09-28 01:17:49,658 [4c896d7a-7f6e-4c9a-8a8b-40c5d5b27396@group-92E4818ED680:LeaderElection76] INFO  server.RaftServerConfigKeys (ConfUtils.java:logGet(43)) - raft.server.watch.element-limit = 65536 (default)
2019-09-28 01:17:49,660 [482bab89-bbed-45e7-a2a4-226291146823@group-B1DB978B50CA:LeaderElection77] INFO  impl.RoleInfo (RoleInfo.java:updateAndGet(143)) - 482bab89-bbed-45e7-a2a4-226291146823: start LeaderState
2019-09-28 01:17:49,660 [4c896d7a-7f6e-4c9a-8a8b-40c5d5b27396@group-92E4818ED680:LeaderElection76] INFO  impl.RoleInfo (RoleInfo.java:updateAndGet(143)) - 4c896d7a-7f6e-4c9a-8a8b-40c5d5b27396: start LeaderState
2019-09-28 01:17:49,661 [482bab89-bbed-45e7-a2a4-226291146823@group-B1DB978B50CA:LeaderElection77] INFO  segmented.SegmentedRaftLogWorker (SegmentedRaftLogWorker.java:startLogSegment(380)) - 482bab89-bbed-45e7-a2a4-226291146823@group-B1DB978B50CA-SegmentedRaftLogWorker: Starting segment from index:0
2019-09-28 01:17:49,661 [4c896d7a-7f6e-4c9a-8a8b-40c5d5b27396@group-92E4818ED680:LeaderElection76] INFO  segmented.SegmentedRaftLogWorker (SegmentedRaftLogWorker.java:startLogSegment(380)) - 4c896d7a-7f6e-4c9a-8a8b-40c5d5b27396@group-92E4818ED680-SegmentedRaftLogWorker: Starting segment from index:0
2019-09-28 01:17:49,661 [482bab89-bbed-45e7-a2a4-226291146823@group-B1DB978B50CA:LeaderElection77] INFO  impl.RaftServerImpl (ServerState.java:setRaftConf(354)) - 482bab89-bbed-45e7-a2a4-226291146823@group-B1DB978B50CA: set configuration 0: [482bab89-bbed-45e7-a2a4-226291146823:192.168.151.82:43977], old=null at 0
2019-09-28 01:17:49,661 [4c896d7a-7f6e-4c9a-8a8b-40c5d5b27396@group-92E4818ED680:LeaderElection76] INFO  impl.RaftServerImpl (ServerState.java:setRaftConf(354)) - 4c896d7a-7f6e-4c9a-8a8b-40c5d5b27396@group-92E4818ED680: set configuration 0: [4c896d7a-7f6e-4c9a-8a8b-40c5d5b27396:192.168.151.82:33459], old=null at 0
2019-09-28 01:17:49,678 [main] INFO  ozone.MiniOzoneClusterImpl (MiniOzoneClusterImpl.java:lambda$waitForClusterToBeReady$0(147)) - Cluster is ready. Got 10 of 10 DN Heartbeats.
2019-09-28 01:17:49,717 [482bab89-bbed-45e7-a2a4-226291146823@group-B1DB978B50CA-SegmentedRaftLogWorker] INFO  segmented.SegmentedRaftLogWorker (SegmentedRaftLogWorker.java:execute(569)) - 482bab89-bbed-45e7-a2a4-226291146823@group-B1DB978B50CA-SegmentedRaftLogWorker: created new log segment /workdir/hadoop-ozone/integration-test/target/test-dir/MiniOzoneClusterImpl-8d3ed4ce-f2e5-424c-95d5-a4ae13d3a978/datanode-7/data/ratis/b977575f-086c-48d0-8d1f-b1db978b50ca/current/log_inprogress_0
2019-09-28 01:17:49,721 [4c896d7a-7f6e-4c9a-8a8b-40c5d5b27396@group-92E4818ED680-SegmentedRaftLogWorker] INFO  segmented.SegmentedRaftLogWorker (SegmentedRaftLogWorker.java:execute(569)) - 4c896d7a-7f6e-4c9a-8a8b-40c5d5b27396@group-92E4818ED680-SegmentedRaftLogWorker: created new log segment /workdir/hadoop-ozone/integration-test/target/test-dir/MiniOzoneClusterImpl-8d3ed4ce-f2e5-424c-95d5-a4ae13d3a978/datanode-3/data/ratis/ae74a1db-0196-4d94-9fca-92e4818ed680/current/log_inprogress_0
2019-09-28 01:17:49,729 [Thread-4178] INFO  impl.FollowerState (FollowerState.java:run(106)) - 565b5b85-11c8-4363-a629-f9f642ddd7a8:group-1188A0DF3799 changes to CANDIDATE, lastRpcTime:1154, electionTimeout:1154ms
2019-09-28 01:17:49,730 [Thread-4178] INFO  impl.RoleInfo (RoleInfo.java:shutdownFollowerState(121)) - 565b5b85-11c8-4363-a629-f9f642ddd7a8: shutdown FollowerState
2019-09-28 01:17:49,730 [Thread-4178] INFO  impl.RaftServerImpl (RaftServerImpl.java:setRole(174)) - 565b5b85-11c8-4363-a629-f9f642ddd7a8@group-1188A0DF3799: changes role from  FOLLOWER to CANDIDATE at term 0 for changeToCandidate
2019-09-28 01:17:49,730 [Thread-4178] INFO  impl.RoleInfo (RoleInfo.java:updateAndGet(143)) - 565b5b85-11c8-4363-a629-f9f642ddd7a8: start LeaderElection
2019-09-28 01:17:49,734 [Thread-4184] INFO  impl.FollowerState (FollowerState.java:run(106)) - 37708db1-82ca-49f3-b412-795edcbfeb9a:group-C4217F4F74F4 changes to CANDIDATE, lastRpcTime:1034, electionTimeout:1032ms
2019-09-28 01:17:49,737 [Thread-4184] INFO  impl.RoleInfo (RoleInfo.java:shutdownFollowerState(121)) - 37708db1-82ca-49f3-b412-795edcbfeb9a: shutdown FollowerState
2019-09-28 01:17:49,737 [Thread-4184] INFO  impl.RaftServerImpl (RaftServerImpl.java:setRole(174)) - 37708db1-82ca-49f3-b412-795edcbfeb9a@group-C4217F4F74F4: changes role from  FOLLOWER to CANDIDATE at term 0 for changeToCandidate
2019-09-28 01:17:49,737 [Thread-4184] INFO  impl.RoleInfo (RoleInfo.java:updateAndGet(143)) - 37708db1-82ca-49f3-b412-795edcbfeb9a: start LeaderElection
2019-09-28 01:17:49,747 [37708db1-82ca-49f3-b412-795edcbfeb9a@group-C4217F4F74F4:LeaderElection79] INFO  impl.LeaderElection (LeaderElection.java:askForVotes(182)) - 37708db1-82ca-49f3-b412-795edcbfeb9a@group-C4217F4F74F4:LeaderElection79: begin an election at term 1 for -1: [37708db1-82ca-49f3-b412-795edcbfeb9a:192.168.151.82:33696], old=null
2019-09-28 01:17:49,747 [565b5b85-11c8-4363-a629-f9f642ddd7a8@group-1188A0DF3799:LeaderElection78] INFO  impl.LeaderElection (LeaderElection.java:askForVotes(182)) - 565b5b85-11c8-4363-a629-f9f642ddd7a8@group-1188A0DF3799:LeaderElection78: begin an election at term 1 for -1: [565b5b85-11c8-4363-a629-f9f642ddd7a8:192.168.151.82:35648], old=null
2019-09-28 01:17:49,747 [37708db1-82ca-49f3-b412-795edcbfeb9a@group-C4217F4F74F4:LeaderElection79] INFO  impl.RoleInfo (RoleInfo.java:shutdownLeaderElection(134)) - 37708db1-82ca-49f3-b412-795edcbfeb9a: shutdown LeaderElection
2019-09-28 01:17:49,747 [565b5b85-11c8-4363-a629-f9f642ddd7a8@group-1188A0DF3799:LeaderElection78] INFO  impl.RoleInfo (RoleInfo.java:shutdownLeaderElection(134)) - 565b5b85-11c8-4363-a629-f9f642ddd7a8: shutdown LeaderElection
2019-09-28 01:17:49,748 [37708db1-82ca-49f3-b412-795edcbfeb9a@group-C4217F4F74F4:LeaderElection79] INFO  impl.RaftServerImpl (RaftServerImpl.java:setRole(174)) - 37708db1-82ca-49f3-b412-795edcbfeb9a@group-C4217F4F74F4: changes role from CANDIDATE to LEADER at term 1 for changeToLeader
2019-09-28 01:17:49,748 [565b5b85-11c8-4363-a629-f9f642ddd7a8@group-1188A0DF3799:LeaderElection78] INFO  impl.RaftServerImpl (RaftServerImpl.java:setRole(174)) - 565b5b85-11c8-4363-a629-f9f642ddd7a8@group-1188A0DF3799: changes role from CANDIDATE to LEADER at term 1 for changeToLeader
2019-09-28 01:17:49,748 [37708db1-82ca-49f3-b412-795edcbfeb9a@group-C4217F4F74F4:LeaderElection79] INFO  impl.RaftServerImpl (ServerState.java:setLeader(253)) - 37708db1-82ca-49f3-b412-795edcbfeb9a@group-C4217F4F74F4: change Leader from null to 37708db1-82ca-49f3-b412-795edcbfeb9a at term 1 for becomeLeader, leader elected after 1056ms
2019-09-28 01:17:49,748 [565b5b85-11c8-4363-a629-f9f642ddd7a8@group-1188A0DF3799:LeaderElection78] INFO  impl.RaftServerImpl (ServerState.java:setLeader(253)) - 565b5b85-11c8-4363-a629-f9f642ddd7a8@group-1188A0DF3799: change Leader from null to 565b5b85-11c8-4363-a629-f9f642ddd7a8 at term 1 for becomeLeader, leader elected after 1179ms
2019-09-28 01:17:49,748 [37708db1-82ca-49f3-b412-795edcbfeb9a@group-C4217F4F74F4:LeaderElection79] INFO  server.RaftServerConfigKeys (ConfUtils.java:logGet(43)) - raft.server.staging.catchup.gap = 1000 (default)
2019-09-28 01:17:49,748 [565b5b85-11c8-4363-a629-f9f642ddd7a8@group-1188A0DF3799:LeaderElection78] INFO  server.RaftServerConfigKeys (ConfUtils.java:logGet(43)) - raft.server.staging.catchup.gap = 1000 (default)
2019-09-28 01:17:49,748 [37708db1-82ca-49f3-b412-795edcbfeb9a@group-C4217F4F74F4:LeaderElection79] INFO  server.RaftServerConfigKeys (ConfUtils.java:logGet(43)) - raft.server.rpc.sleep.time = 25ms (default)
2019-09-28 01:17:49,748 [565b5b85-11c8-4363-a629-f9f642ddd7a8@group-1188A0DF3799:LeaderElection78] INFO  server.RaftServerConfigKeys (ConfUtils.java:logGet(43)) - raft.server.rpc.sleep.time = 25ms (default)
2019-09-28 01:17:49,748 [37708db1-82ca-49f3-b412-795edcbfeb9a@group-C4217F4F74F4:LeaderElection79] INFO  server.RaftServerConfigKeys (ConfUtils.java:logGet(43)) - raft.server.write.element-limit = 4096 (default)
2019-09-28 01:17:49,748 [565b5b85-11c8-4363-a629-f9f642ddd7a8@group-1188A0DF3799:LeaderElection78] INFO  server.RaftServerConfigKeys (ConfUtils.java:logGet(43)) - raft.server.write.element-limit = 4096 (default)
2019-09-28 01:17:49,748 [37708db1-82ca-49f3-b412-795edcbfeb9a@group-C4217F4F74F4:LeaderElection79] INFO  server.RaftServerConfigKeys (ConfUtils.java:logGet(43)) - raft.server.watch.timeout = 10s (default)
2019-09-28 01:17:49,749 [565b5b85-11c8-4363-a629-f9f642ddd7a8@group-1188A0DF3799:LeaderElection78] INFO  server.RaftServerConfigKeys (ConfUtils.java:logGet(43)) - raft.server.watch.timeout = 10s (default)
2019-09-28 01:17:49,749 [37708db1-82ca-49f3-b412-795edcbfeb9a@group-C4217F4F74F4:LeaderElection79] INFO  server.RaftServerConfigKeys (ConfUtils.java:logGet(43)) - raft.server.watch.timeout.denomination = 1s (default)
2019-09-28 01:17:49,749 [565b5b85-11c8-4363-a629-f9f642ddd7a8@group-1188A0DF3799:LeaderElection78] INFO  server.RaftServerConfigKeys (ConfUtils.java:logGet(43)) - raft.server.watch.timeout.denomination = 1s (default)
2019-09-28 01:17:49,749 [37708db1-82ca-49f3-b412-795edcbfeb9a@group-C4217F4F74F4:LeaderElection79] INFO  server.RaftServerConfigKeys (ConfUtils.java:logGet(43)) - raft.server.watch.element-limit = 65536 (default)
2019-09-28 01:17:49,749 [565b5b85-11c8-4363-a629-f9f642ddd7a8@group-1188A0DF3799:LeaderElection78] INFO  server.RaftServerConfigKeys (ConfUtils.java:logGet(43)) - raft.server.watch.element-limit = 65536 (default)
2019-09-28 01:17:49,751 [37708db1-82ca-49f3-b412-795edcbfeb9a@group-C4217F4F74F4:LeaderElection79] INFO  impl.RoleInfo (RoleInfo.java:updateAndGet(143)) - 37708db1-82ca-49f3-b412-795edcbfeb9a: start LeaderState
2019-09-28 01:17:49,751 [565b5b85-11c8-4363-a629-f9f642ddd7a8@group-1188A0DF3799:LeaderElection78] INFO  impl.RoleInfo (RoleInfo.java:updateAndGet(143)) - 565b5b85-11c8-4363-a629-f9f642ddd7a8: start LeaderState
2019-09-28 01:17:49,752 [37708db1-82ca-49f3-b412-795edcbfeb9a@group-C4217F4F74F4:LeaderElection79] INFO  segmented.SegmentedRaftLogWorker (SegmentedRaftLogWorker.java:startLogSegment(380)) - 37708db1-82ca-49f3-b412-795edcbfeb9a@group-C4217F4F74F4-SegmentedRaftLogWorker: Starting segment from index:0
2019-09-28 01:17:49,752 [565b5b85-11c8-4363-a629-f9f642ddd7a8@group-1188A0DF3799:LeaderElection78] INFO  segmented.SegmentedRaftLogWorker (SegmentedRaftLogWorker.java:startLogSegment(380)) - 565b5b85-11c8-4363-a629-f9f642ddd7a8@group-1188A0DF3799-SegmentedRaftLogWorker: Starting segment from index:0
2019-09-28 01:17:49,752 [37708db1-82ca-49f3-b412-795edcbfeb9a@group-C4217F4F74F4:LeaderElection79] INFO  impl.RaftServerImpl (ServerState.java:setRaftConf(354)) - 37708db1-82ca-49f3-b412-795edcbfeb9a@group-C4217F4F74F4: set configuration 0: [37708db1-82ca-49f3-b412-795edcbfeb9a:192.168.151.82:33696], old=null at 0
2019-09-28 01:17:49,752 [565b5b85-11c8-4363-a629-f9f642ddd7a8@group-1188A0DF3799:LeaderElection78] INFO  impl.RaftServerImpl (ServerState.java:setRaftConf(354)) - 565b5b85-11c8-4363-a629-f9f642ddd7a8@group-1188A0DF3799: set configuration 0: [565b5b85-11c8-4363-a629-f9f642ddd7a8:192.168.151.82:35648], old=null at 0
2019-09-28 01:17:49,771 [Thread-4187] INFO  impl.FollowerState (FollowerState.java:run(106)) - 169076bb-2216-469a-9fc5-b7d227bcc1f0:group-43659DC21202 changes to CANDIDATE, lastRpcTime:1018, electionTimeout:1018ms
2019-09-28 01:17:49,771 [Thread-4187] INFO  impl.RoleInfo (RoleInfo.java:shutdownFollowerState(121)) - 169076bb-2216-469a-9fc5-b7d227bcc1f0: shutdown FollowerState
2019-09-28 01:17:49,771 [Thread-4187] INFO  impl.RaftServerImpl (RaftServerImpl.java:setRole(174)) - 169076bb-2216-469a-9fc5-b7d227bcc1f0@group-43659DC21202: changes role from  FOLLOWER to CANDIDATE at term 0 for changeToCandidate
2019-09-28 01:17:49,772 [Thread-4187] INFO  impl.RoleInfo (RoleInfo.java:updateAndGet(143)) - 169076bb-2216-469a-9fc5-b7d227bcc1f0: start LeaderElection
2019-09-28 01:17:49,804 [565b5b85-11c8-4363-a629-f9f642ddd7a8@group-1188A0DF3799-SegmentedRaftLogWorker] INFO  segmented.SegmentedRaftLogWorker (SegmentedRaftLogWorker.java:execute(569)) - 565b5b85-11c8-4363-a629-f9f642ddd7a8@group-1188A0DF3799-SegmentedRaftLogWorker: created new log segment /workdir/hadoop-ozone/integration-test/target/test-dir/MiniOzoneClusterImpl-8d3ed4ce-f2e5-424c-95d5-a4ae13d3a978/datanode-6/data/ratis/406f021e-0c62-476b-a973-1188a0df3799/current/log_inprogress_0
2019-09-28 01:17:49,804 [169076bb-2216-469a-9fc5-b7d227bcc1f0@group-43659DC21202:LeaderElection80] INFO  impl.LeaderElection (LeaderElection.java:askForVotes(182)) - 169076bb-2216-469a-9fc5-b7d227bcc1f0@group-43659DC21202:LeaderElection80: begin an election at term 1 for -1: [169076bb-2216-469a-9fc5-b7d227bcc1f0:192.168.151.82:42330], old=null
2019-09-28 01:17:49,804 [37708db1-82ca-49f3-b412-795edcbfeb9a@group-C4217F4F74F4-SegmentedRaftLogWorker] INFO  segmented.SegmentedRaftLogWorker (SegmentedRaftLogWorker.java:execute(569)) - 37708db1-82ca-49f3-b412-795edcbfeb9a@group-C4217F4F74F4-SegmentedRaftLogWorker: created new log segment /workdir/hadoop-ozone/integration-test/target/test-dir/MiniOzoneClusterImpl-8d3ed4ce-f2e5-424c-95d5-a4ae13d3a978/datanode-8/data/ratis/341ca1cf-725c-4f8b-9204-c4217f4f74f4/current/log_inprogress_0
2019-09-28 01:17:49,804 [169076bb-2216-469a-9fc5-b7d227bcc1f0@group-43659DC21202:LeaderElection80] INFO  impl.RoleInfo (RoleInfo.java:shutdownLeaderElection(134)) - 169076bb-2216-469a-9fc5-b7d227bcc1f0: shutdown LeaderElection
2019-09-28 01:17:49,805 [169076bb-2216-469a-9fc5-b7d227bcc1f0@group-43659DC21202:LeaderElection80] INFO  impl.RaftServerImpl (RaftServerImpl.java:setRole(174)) - 169076bb-2216-469a-9fc5-b7d227bcc1f0@group-43659DC21202: changes role from CANDIDATE to LEADER at term 1 for changeToLeader
2019-09-28 01:17:49,805 [169076bb-2216-469a-9fc5-b7d227bcc1f0@group-43659DC21202:LeaderElection80] INFO  impl.RaftServerImpl (ServerState.java:setLeader(253)) - 169076bb-2216-469a-9fc5-b7d227bcc1f0@group-43659DC21202: change Leader from null to 169076bb-2216-469a-9fc5-b7d227bcc1f0 at term 1 for becomeLeader, leader elected after 1061ms
2019-09-28 01:17:49,805 [169076bb-2216-469a-9fc5-b7d227bcc1f0@group-43659DC21202:LeaderElection80] INFO  server.RaftServerConfigKeys (ConfUtils.java:logGet(43)) - raft.server.staging.catchup.gap = 1000 (default)
2019-09-28 01:17:49,805 [169076bb-2216-469a-9fc5-b7d227bcc1f0@group-43659DC21202:LeaderElection80] INFO  server.RaftServerConfigKeys (ConfUtils.java:logGet(43)) - raft.server.rpc.sleep.time = 25ms (default)
2019-09-28 01:17:49,805 [169076bb-2216-469a-9fc5-b7d227bcc1f0@group-43659DC21202:LeaderElection80] INFO  server.RaftServerConfigKeys (ConfUtils.java:logGet(43)) - raft.server.write.element-limit = 4096 (default)
2019-09-28 01:17:49,805 [169076bb-2216-469a-9fc5-b7d227bcc1f0@group-43659DC21202:LeaderElection80] INFO  server.RaftServerConfigKeys (ConfUtils.java:logGet(43)) - raft.server.watch.timeout = 10s (default)
2019-09-28 01:17:49,805 [169076bb-2216-469a-9fc5-b7d227bcc1f0@group-43659DC21202:LeaderElection80] INFO  server.RaftServerConfigKeys (ConfUtils.java:logGet(43)) - raft.server.watch.timeout.denomination = 1s (default)
2019-09-28 01:17:49,805 [169076bb-2216-469a-9fc5-b7d227bcc1f0@group-43659DC21202:LeaderElection80] INFO  server.RaftServerConfigKeys (ConfUtils.java:logGet(43)) - raft.server.watch.element-limit = 65536 (default)
2019-09-28 01:17:49,807 [169076bb-2216-469a-9fc5-b7d227bcc1f0@group-43659DC21202:LeaderElection80] INFO  impl.RoleInfo (RoleInfo.java:updateAndGet(143)) - 169076bb-2216-469a-9fc5-b7d227bcc1f0: start LeaderState
2019-09-28 01:17:49,807 [169076bb-2216-469a-9fc5-b7d227bcc1f0@group-43659DC21202:LeaderElection80] INFO  segmented.SegmentedRaftLogWorker (SegmentedRaftLogWorker.java:startLogSegment(380)) - 169076bb-2216-469a-9fc5-b7d227bcc1f0@group-43659DC21202-SegmentedRaftLogWorker: Starting segment from index:0
2019-09-28 01:17:49,807 [169076bb-2216-469a-9fc5-b7d227bcc1f0@group-43659DC21202:LeaderElection80] INFO  impl.RaftServerImpl (ServerState.java:setRaftConf(354)) - 169076bb-2216-469a-9fc5-b7d227bcc1f0@group-43659DC21202: set configuration 0: [169076bb-2216-469a-9fc5-b7d227bcc1f0:192.168.151.82:42330], old=null at 0
2019-09-28 01:17:49,831 [Thread-4190] INFO  impl.FollowerState (FollowerState.java:run(106)) - 8e564692-438a-4cca-bbaf-5fbe943d4762:group-28E788FD6B37 changes to CANDIDATE, lastRpcTime:1014, electionTimeout:1014ms
2019-09-28 01:17:49,831 [Thread-4190] INFO  impl.RoleInfo (RoleInfo.java:shutdownFollowerState(121)) - 8e564692-438a-4cca-bbaf-5fbe943d4762: shutdown FollowerState
2019-09-28 01:17:49,832 [Thread-4190] INFO  impl.RaftServerImpl (RaftServerImpl.java:setRole(174)) - 8e564692-438a-4cca-bbaf-5fbe943d4762@group-28E788FD6B37: changes role from  FOLLOWER to CANDIDATE at term 0 for changeToCandidate
2019-09-28 01:17:49,832 [Thread-4190] INFO  impl.RoleInfo (RoleInfo.java:updateAndGet(143)) - 8e564692-438a-4cca-bbaf-5fbe943d4762: start LeaderElection
2019-09-28 01:17:49,857 [169076bb-2216-469a-9fc5-b7d227bcc1f0@group-43659DC21202-SegmentedRaftLogWorker] INFO  segmented.SegmentedRaftLogWorker (SegmentedRaftLogWorker.java:execute(569)) - 169076bb-2216-469a-9fc5-b7d227bcc1f0@group-43659DC21202-SegmentedRaftLogWorker: created new log segment /workdir/hadoop-ozone/integration-test/target/test-dir/MiniOzoneClusterImpl-8d3ed4ce-f2e5-424c-95d5-a4ae13d3a978/datanode-9/data/ratis/85732426-7890-4690-ae61-43659dc21202/current/log_inprogress_0
2019-09-28 01:17:49,857 [8e564692-438a-4cca-bbaf-5fbe943d4762@group-28E788FD6B37:LeaderElection81] INFO  impl.LeaderElection (LeaderElection.java:askForVotes(182)) - 8e564692-438a-4cca-bbaf-5fbe943d4762@group-28E788FD6B37:LeaderElection81: begin an election at term 1 for -1: [8e564692-438a-4cca-bbaf-5fbe943d4762:192.168.151.82:44652, 37708db1-82ca-49f3-b412-795edcbfeb9a:192.168.151.82:33696, 482bab89-bbed-45e7-a2a4-226291146823:192.168.151.82:43977], old=null
2019-09-28 01:17:49,866 [grpc-default-executor-2] INFO  impl.RaftServerImpl (RaftServerImpl.java:setRole(174)) - 37708db1-82ca-49f3-b412-795edcbfeb9a@group-28E788FD6B37: changes role from  FOLLOWER to FOLLOWER at term 1 for recognizeCandidate:8e564692-438a-4cca-bbaf-5fbe943d4762
2019-09-28 01:17:49,866 [grpc-default-executor-0] INFO  impl.RaftServerImpl (RaftServerImpl.java:setRole(174)) - 482bab89-bbed-45e7-a2a4-226291146823@group-28E788FD6B37: changes role from  FOLLOWER to FOLLOWER at term 1 for recognizeCandidate:8e564692-438a-4cca-bbaf-5fbe943d4762
2019-09-28 01:17:49,866 [grpc-default-executor-2] INFO  impl.RoleInfo (RoleInfo.java:shutdownFollowerState(121)) - 37708db1-82ca-49f3-b412-795edcbfeb9a: shutdown FollowerState
2019-09-28 01:17:49,866 [grpc-default-executor-0] INFO  impl.RoleInfo (RoleInfo.java:shutdownFollowerState(121)) - 482bab89-bbed-45e7-a2a4-226291146823: shutdown FollowerState
2019-09-28 01:17:49,867 [Thread-4194] INFO  impl.FollowerState (FollowerState.java:run(115)) - 37708db1-82ca-49f3-b412-795edcbfeb9a: FollowerState was interrupted: java.lang.InterruptedException: sleep interrupted
2019-09-28 01:17:49,867 [grpc-default-executor-2] INFO  impl.RoleInfo (RoleInfo.java:updateAndGet(143)) - 37708db1-82ca-49f3-b412-795edcbfeb9a: start FollowerState
2019-09-28 01:17:49,867 [Thread-4195] INFO  impl.FollowerState (FollowerState.java:run(115)) - 482bab89-bbed-45e7-a2a4-226291146823: FollowerState was interrupted: java.lang.InterruptedException: sleep interrupted
2019-09-28 01:17:49,867 [grpc-default-executor-0] INFO  impl.RoleInfo (RoleInfo.java:updateAndGet(143)) - 482bab89-bbed-45e7-a2a4-226291146823: start FollowerState
2019-09-28 01:17:49,878 [8e564692-438a-4cca-bbaf-5fbe943d4762@group-28E788FD6B37:LeaderElection81] INFO  impl.LeaderElection (LeaderElection.java:logAndReturn(56)) - 8e564692-438a-4cca-bbaf-5fbe943d4762@group-28E788FD6B37:LeaderElection81: Election PASSED; received 1 response(s) [8e564692-438a-4cca-bbaf-5fbe943d4762<-482bab89-bbed-45e7-a2a4-226291146823#0:OK-t1] and 0 exception(s); 8e564692-438a-4cca-bbaf-5fbe943d4762@group-28E788FD6B37:t1, leader=null, voted=8e564692-438a-4cca-bbaf-5fbe943d4762, raftlog=8e564692-438a-4cca-bbaf-5fbe943d4762@group-28E788FD6B37-SegmentedRaftLog:OPENED:c-1,f-1,i0, conf=-1: [8e564692-438a-4cca-bbaf-5fbe943d4762:192.168.151.82:44652, 37708db1-82ca-49f3-b412-795edcbfeb9a:192.168.151.82:33696, 482bab89-bbed-45e7-a2a4-226291146823:192.168.151.82:43977], old=null
2019-09-28 01:17:49,881 [8e564692-438a-4cca-bbaf-5fbe943d4762@group-28E788FD6B37:LeaderElection81] INFO  impl.RoleInfo (RoleInfo.java:shutdownLeaderElection(134)) - 8e564692-438a-4cca-bbaf-5fbe943d4762: shutdown LeaderElection
2019-09-28 01:17:49,881 [8e564692-438a-4cca-bbaf-5fbe943d4762@group-28E788FD6B37:LeaderElection81] INFO  impl.RaftServerImpl (RaftServerImpl.java:setRole(174)) - 8e564692-438a-4cca-bbaf-5fbe943d4762@group-28E788FD6B37: changes role from CANDIDATE to LEADER at term 1 for changeToLeader
2019-09-28 01:17:49,882 [8e564692-438a-4cca-bbaf-5fbe943d4762@group-28E788FD6B37:LeaderElection81] INFO  impl.RaftServerImpl (ServerState.java:setLeader(253)) - 8e564692-438a-4cca-bbaf-5fbe943d4762@group-28E788FD6B37: change Leader from null to 8e564692-438a-4cca-bbaf-5fbe943d4762 at term 1 for becomeLeader, leader elected after 1074ms
2019-09-28 01:17:49,882 [8e564692-438a-4cca-bbaf-5fbe943d4762@group-28E788FD6B37:LeaderElection81] INFO  server.RaftServerConfigKeys (ConfUtils.java:logGet(43)) - raft.server.staging.catchup.gap = 1000 (default)
2019-09-28 01:17:49,882 [8e564692-438a-4cca-bbaf-5fbe943d4762@group-28E788FD6B37:LeaderElection81] INFO  server.RaftServerConfigKeys (ConfUtils.java:logGet(43)) - raft.server.rpc.sleep.time = 25ms (default)
2019-09-28 01:17:49,882 [8e564692-438a-4cca-bbaf-5fbe943d4762@group-28E788FD6B37:LeaderElection81] INFO  server.RaftServerConfigKeys (ConfUtils.java:logGet(43)) - raft.server.write.element-limit = 4096 (default)
2019-09-28 01:17:49,883 [8e564692-438a-4cca-bbaf-5fbe943d4762@group-28E788FD6B37:LeaderElection81] INFO  server.RaftServerConfigKeys (ConfUtils.java:logGet(43)) - raft.server.watch.timeout = 10s (default)
2019-09-28 01:17:49,883 [8e564692-438a-4cca-bbaf-5fbe943d4762@group-28E788FD6B37:LeaderElection81] INFO  server.RaftServerConfigKeys (ConfUtils.java:logGet(43)) - raft.server.watch.timeout.denomination = 1s (default)
2019-09-28 01:17:49,883 [8e564692-438a-4cca-bbaf-5fbe943d4762@group-28E788FD6B37:LeaderElection81] INFO  server.RaftServerConfigKeys (ConfUtils.java:logGet(43)) - raft.server.watch.element-limit = 65536 (default)
2019-09-28 01:17:49,886 [8e564692-438a-4cca-bbaf-5fbe943d4762@group-28E788FD6B37:LeaderElection81] INFO  server.RaftServerConfigKeys (ConfUtils.java:logGet(43)) - raft.server.log.appender.snapshot.chunk.size.max = 16MB (=16777216) (default)
2019-09-28 01:17:49,886 [8e564692-438a-4cca-bbaf-5fbe943d4762@group-28E788FD6B37:LeaderElection81] INFO  server.RaftServerConfigKeys (ConfUtils.java:logGet(43)) - raft.server.log.appender.buffer.byte-limit = 33554432 (custom)
2019-09-28 01:17:49,886 [8e564692-438a-4cca-bbaf-5fbe943d4762@group-28E788FD6B37:LeaderElection81] INFO  server.RaftServerConfigKeys (ConfUtils.java:logGet(43)) - raft.server.log.appender.buffer.element-limit = 1 (custom)
2019-09-28 01:17:49,887 [8e564692-438a-4cca-bbaf-5fbe943d4762@group-28E788FD6B37:LeaderElection81] INFO  grpc.GrpcConfigKeys$Server (ConfUtils.java:logGet(43)) - raft.grpc.server.leader.outstanding.appends.max = 128 (default)
2019-09-28 01:17:49,887 [8e564692-438a-4cca-bbaf-5fbe943d4762@group-28E788FD6B37:LeaderElection81] INFO  server.RaftServerConfigKeys (ConfUtils.java:logGet(43)) - raft.server.rpc.request.timeout = 3000ms (default)
2019-09-28 01:17:49,887 [8e564692-438a-4cca-bbaf-5fbe943d4762@group-28E788FD6B37:LeaderElection81] INFO  server.RaftServerConfigKeys (ConfUtils.java:logGet(43)) - raft.server.log.appender.install.snapshot.enabled = false (custom)
2019-09-28 01:17:49,888 [8e564692-438a-4cca-bbaf-5fbe943d4762@group-28E788FD6B37:LeaderElection81] INFO  server.RaftServerConfigKeys (ConfUtils.java:logGet(43)) - raft.server.log.appender.snapshot.chunk.size.max = 16MB (=16777216) (default)
2019-09-28 01:17:49,888 [8e564692-438a-4cca-bbaf-5fbe943d4762@group-28E788FD6B37:LeaderElection81] INFO  server.RaftServerConfigKeys (ConfUtils.java:logGet(43)) - raft.server.log.appender.buffer.byte-limit = 33554432 (custom)
2019-09-28 01:17:49,888 [8e564692-438a-4cca-bbaf-5fbe943d4762@group-28E788FD6B37:LeaderElection81] INFO  server.RaftServerConfigKeys (ConfUtils.java:logGet(43)) - raft.server.log.appender.buffer.element-limit = 1 (custom)
2019-09-28 01:17:49,889 [8e564692-438a-4cca-bbaf-5fbe943d4762@group-28E788FD6B37:LeaderElection81] INFO  grpc.GrpcConfigKeys$Server (ConfUtils.java:logGet(43)) - raft.grpc.server.leader.outstanding.appends.max = 128 (default)
2019-09-28 01:17:49,889 [8e564692-438a-4cca-bbaf-5fbe943d4762@group-28E788FD6B37:LeaderElection81] INFO  server.RaftServerConfigKeys (ConfUtils.java:logGet(43)) - raft.server.rpc.request.timeout = 3000ms (default)
2019-09-28 01:17:49,889 [8e564692-438a-4cca-bbaf-5fbe943d4762@group-28E788FD6B37:LeaderElection81] INFO  server.RaftServerConfigKeys (ConfUtils.java:logGet(43)) - raft.server.log.appender.install.snapshot.enabled = false (custom)
2019-09-28 01:17:49,890 [8e564692-438a-4cca-bbaf-5fbe943d4762@group-28E788FD6B37:LeaderElection81] INFO  impl.RoleInfo (RoleInfo.java:updateAndGet(143)) - 8e564692-438a-4cca-bbaf-5fbe943d4762: start LeaderState
2019-09-28 01:17:49,890 [8e564692-438a-4cca-bbaf-5fbe943d4762@group-28E788FD6B37:LeaderElection81] INFO  segmented.SegmentedRaftLogWorker (SegmentedRaftLogWorker.java:startLogSegment(380)) - 8e564692-438a-4cca-bbaf-5fbe943d4762@group-28E788FD6B37-SegmentedRaftLogWorker: Starting segment from index:0
2019-09-28 01:17:49,891 [8e564692-438a-4cca-bbaf-5fbe943d4762@group-28E788FD6B37:LeaderElection81] INFO  impl.RaftServerImpl (ServerState.java:setRaftConf(354)) - 8e564692-438a-4cca-bbaf-5fbe943d4762@group-28E788FD6B37: set configuration 0: [8e564692-438a-4cca-bbaf-5fbe943d4762:192.168.151.82:44652, 37708db1-82ca-49f3-b412-795edcbfeb9a:192.168.151.82:33696, 482bab89-bbed-45e7-a2a4-226291146823:192.168.151.82:43977], old=null at 0
2019-09-28 01:17:49,931 [grpc-default-executor-2] INFO  impl.RaftServerImpl (ServerState.java:setLeader(253)) - 482bab89-bbed-45e7-a2a4-226291146823@group-28E788FD6B37: change Leader from null to 8e564692-438a-4cca-bbaf-5fbe943d4762 at term 1 for appendEntries, leader elected after 1124ms
2019-09-28 01:17:49,932 [Thread-4199] INFO  impl.FollowerState (FollowerState.java:run(106)) - a6f3909d-04e3-4c75-9cc7-e0ce9610c43d:group-902151DE03CA changes to CANDIDATE, lastRpcTime:1030, electionTimeout:1009ms
2019-09-28 01:17:49,932 [Thread-4199] INFO  impl.RoleInfo (RoleInfo.java:shutdownFollowerState(121)) - a6f3909d-04e3-4c75-9cc7-e0ce9610c43d: shutdown FollowerState
2019-09-28 01:17:49,932 [Thread-4199] INFO  impl.RaftServerImpl (RaftServerImpl.java:setRole(174)) - a6f3909d-04e3-4c75-9cc7-e0ce9610c43d@group-902151DE03CA: changes role from  FOLLOWER to CANDIDATE at term 0 for changeToCandidate
2019-09-28 01:17:49,932 [Thread-4199] INFO  impl.RoleInfo (RoleInfo.java:updateAndGet(143)) - a6f3909d-04e3-4c75-9cc7-e0ce9610c43d: start LeaderElection
2019-09-28 01:17:49,933 [grpc-default-executor-2] INFO  impl.RaftServerImpl (ServerState.java:setLeader(253)) - 37708db1-82ca-49f3-b412-795edcbfeb9a@group-28E788FD6B37: change Leader from null to 8e564692-438a-4cca-bbaf-5fbe943d4762 at term 1 for appendEntries, leader elected after 1125ms
2019-09-28 01:17:49,943 [grpc-default-executor-0] INFO  impl.RaftServerImpl (ServerState.java:setRaftConf(354)) - 482bab89-bbed-45e7-a2a4-226291146823@group-28E788FD6B37: set configuration 0: [8e564692-438a-4cca-bbaf-5fbe943d4762:192.168.151.82:44652, 37708db1-82ca-49f3-b412-795edcbfeb9a:192.168.151.82:33696, 482bab89-bbed-45e7-a2a4-226291146823:192.168.151.82:43977], old=null at 0
2019-09-28 01:17:49,944 [grpc-default-executor-2] INFO  impl.RaftServerImpl (ServerState.java:setRaftConf(354)) - 37708db1-82ca-49f3-b412-795edcbfeb9a@group-28E788FD6B37: set configuration 0: [8e564692-438a-4cca-bbaf-5fbe943d4762:192.168.151.82:44652, 37708db1-82ca-49f3-b412-795edcbfeb9a:192.168.151.82:33696, 482bab89-bbed-45e7-a2a4-226291146823:192.168.151.82:43977], old=null at 0
2019-09-28 01:17:49,944 [grpc-default-executor-0] INFO  segmented.SegmentedRaftLogWorker (SegmentedRaftLogWorker.java:startLogSegment(380)) - 482bab89-bbed-45e7-a2a4-226291146823@group-28E788FD6B37-SegmentedRaftLogWorker: Starting segment from index:0
2019-09-28 01:17:49,944 [8e564692-438a-4cca-bbaf-5fbe943d4762@group-28E788FD6B37-SegmentedRaftLogWorker] INFO  segmented.SegmentedRaftLogWorker (SegmentedRaftLogWorker.java:execute(569)) - 8e564692-438a-4cca-bbaf-5fbe943d4762@group-28E788FD6B37-SegmentedRaftLogWorker: created new log segment /workdir/hadoop-ozone/integration-test/target/test-dir/MiniOzoneClusterImpl-8d3ed4ce-f2e5-424c-95d5-a4ae13d3a978/datanode-4/data/ratis/42c6ba3e-d5bc-4311-963e-28e788fd6b37/current/log_inprogress_0
2019-09-28 01:17:49,944 [grpc-default-executor-2] INFO  segmented.SegmentedRaftLogWorker (SegmentedRaftLogWorker.java:startLogSegment(380)) - 37708db1-82ca-49f3-b412-795edcbfeb9a@group-28E788FD6B37-SegmentedRaftLogWorker: Starting segment from index:0
2019-09-28 01:17:49,946 [a6f3909d-04e3-4c75-9cc7-e0ce9610c43d@group-902151DE03CA:LeaderElection82] INFO  impl.LeaderElection (LeaderElection.java:askForVotes(182)) - a6f3909d-04e3-4c75-9cc7-e0ce9610c43d@group-902151DE03CA:LeaderElection82: begin an election at term 1 for -1: [a6f3909d-04e3-4c75-9cc7-e0ce9610c43d:192.168.151.82:33245, 169076bb-2216-469a-9fc5-b7d227bcc1f0:192.168.151.82:42330, 4c896d7a-7f6e-4c9a-8a8b-40c5d5b27396:192.168.151.82:33459], old=null
2019-09-28 01:17:49,992 [Thread-4204] INFO  impl.FollowerState (FollowerState.java:run(106)) - 169076bb-2216-469a-9fc5-b7d227bcc1f0:group-902151DE03CA changes to CANDIDATE, lastRpcTime:1081, electionTimeout:1080ms
2019-09-28 01:17:49,993 [Thread-4204] INFO  impl.RoleInfo (RoleInfo.java:shutdownFollowerState(121)) - 169076bb-2216-469a-9fc5-b7d227bcc1f0: shutdown FollowerState
2019-09-28 01:17:49,993 [Thread-4204] INFO  impl.RaftServerImpl (RaftServerImpl.java:setRole(174)) - 169076bb-2216-469a-9fc5-b7d227bcc1f0@group-902151DE03CA: changes role from  FOLLOWER to CANDIDATE at term 0 for changeToCandidate
2019-09-28 01:17:49,993 [Thread-4204] INFO  impl.RoleInfo (RoleInfo.java:updateAndGet(143)) - 169076bb-2216-469a-9fc5-b7d227bcc1f0: start LeaderElection
2019-09-28 01:17:49,993 [Thread-4203] INFO  impl.FollowerState (FollowerState.java:run(106)) - 4c896d7a-7f6e-4c9a-8a8b-40c5d5b27396:group-902151DE03CA changes to CANDIDATE, lastRpcTime:1082, electionTimeout:1040ms
2019-09-28 01:17:49,994 [Thread-4203] INFO  impl.RoleInfo (RoleInfo.java:shutdownFollowerState(121)) - 4c896d7a-7f6e-4c9a-8a8b-40c5d5b27396: shutdown FollowerState
2019-09-28 01:17:49,994 [Thread-4203] INFO  impl.RaftServerImpl (RaftServerImpl.java:setRole(174)) - 4c896d7a-7f6e-4c9a-8a8b-40c5d5b27396@group-902151DE03CA: changes role from  FOLLOWER to CANDIDATE at term 0 for changeToCandidate
2019-09-28 01:17:50,000 [Thread-4203] INFO  impl.RoleInfo (RoleInfo.java:updateAndGet(143)) - 4c896d7a-7f6e-4c9a-8a8b-40c5d5b27396: start LeaderElection
2019-09-28 01:17:50,008 [37708db1-82ca-49f3-b412-795edcbfeb9a@group-28E788FD6B37-SegmentedRaftLogWorker] INFO  segmented.SegmentedRaftLogWorker (SegmentedRaftLogWorker.java:execute(569)) - 37708db1-82ca-49f3-b412-795edcbfeb9a@group-28E788FD6B37-SegmentedRaftLogWorker: created new log segment /workdir/hadoop-ozone/integration-test/target/test-dir/MiniOzoneClusterImpl-8d3ed4ce-f2e5-424c-95d5-a4ae13d3a978/datanode-8/data/ratis/42c6ba3e-d5bc-4311-963e-28e788fd6b37/current/log_inprogress_0
2019-09-28 01:17:50,008 [482bab89-bbed-45e7-a2a4-226291146823@group-28E788FD6B37-SegmentedRaftLogWorker] INFO  segmented.SegmentedRaftLogWorker (SegmentedRaftLogWorker.java:execute(569)) - 482bab89-bbed-45e7-a2a4-226291146823@group-28E788FD6B37-SegmentedRaftLogWorker: created new log segment /workdir/hadoop-ozone/integration-test/target/test-dir/MiniOzoneClusterImpl-8d3ed4ce-f2e5-424c-95d5-a4ae13d3a978/datanode-7/data/ratis/42c6ba3e-d5bc-4311-963e-28e788fd6b37/current/log_inprogress_0
2019-09-28 01:17:50,020 [4c896d7a-7f6e-4c9a-8a8b-40c5d5b27396@group-902151DE03CA:LeaderElection84] INFO  impl.LeaderElection (LeaderElection.java:askForVotes(182)) - 4c896d7a-7f6e-4c9a-8a8b-40c5d5b27396@group-902151DE03CA:LeaderElection84: begin an election at term 1 for -1: [a6f3909d-04e3-4c75-9cc7-e0ce9610c43d:192.168.151.82:33245, 169076bb-2216-469a-9fc5-b7d227bcc1f0:192.168.151.82:42330, 4c896d7a-7f6e-4c9a-8a8b-40c5d5b27396:192.168.151.82:33459], old=null
2019-09-28 01:17:50,021 [169076bb-2216-469a-9fc5-b7d227bcc1f0@group-902151DE03CA:LeaderElection83] INFO  impl.LeaderElection (LeaderElection.java:askForVotes(182)) - 169076bb-2216-469a-9fc5-b7d227bcc1f0@group-902151DE03CA:LeaderElection83: begin an election at term 1 for -1: [a6f3909d-04e3-4c75-9cc7-e0ce9610c43d:192.168.151.82:33245, 169076bb-2216-469a-9fc5-b7d227bcc1f0:192.168.151.82:42330, 4c896d7a-7f6e-4c9a-8a8b-40c5d5b27396:192.168.151.82:33459], old=null
2019-09-28 01:17:50,025 [a6f3909d-04e3-4c75-9cc7-e0ce9610c43d@group-902151DE03CA:LeaderElection82] INFO  impl.LeaderElection (LeaderElection.java:logAndReturn(56)) - a6f3909d-04e3-4c75-9cc7-e0ce9610c43d@group-902151DE03CA:LeaderElection82: Election REJECTED; received 2 response(s) [a6f3909d-04e3-4c75-9cc7-e0ce9610c43d<-169076bb-2216-469a-9fc5-b7d227bcc1f0#0:FAIL-t1, a6f3909d-04e3-4c75-9cc7-e0ce9610c43d<-4c896d7a-7f6e-4c9a-8a8b-40c5d5b27396#0:FAIL-t1] and 0 exception(s); a6f3909d-04e3-4c75-9cc7-e0ce9610c43d@group-902151DE03CA:t1, leader=null, voted=a6f3909d-04e3-4c75-9cc7-e0ce9610c43d, raftlog=a6f3909d-04e3-4c75-9cc7-e0ce9610c43d@group-902151DE03CA-SegmentedRaftLog:OPENED:c-1,f-1,i0, conf=-1: [a6f3909d-04e3-4c75-9cc7-e0ce9610c43d:192.168.151.82:33245, 169076bb-2216-469a-9fc5-b7d227bcc1f0:192.168.151.82:42330, 4c896d7a-7f6e-4c9a-8a8b-40c5d5b27396:192.168.151.82:33459], old=null
2019-09-28 01:17:50,025 [a6f3909d-04e3-4c75-9cc7-e0ce9610c43d@group-902151DE03CA:LeaderElection82] INFO  impl.RaftServerImpl (RaftServerImpl.java:setRole(174)) - a6f3909d-04e3-4c75-9cc7-e0ce9610c43d@group-902151DE03CA: changes role from CANDIDATE to FOLLOWER at term 1 for DISCOVERED_A_NEW_TERM
2019-09-28 01:17:50,026 [a6f3909d-04e3-4c75-9cc7-e0ce9610c43d@group-902151DE03CA:LeaderElection82] INFO  impl.RoleInfo (RoleInfo.java:shutdownLeaderElection(134)) - a6f3909d-04e3-4c75-9cc7-e0ce9610c43d: shutdown LeaderElection
2019-09-28 01:17:50,026 [a6f3909d-04e3-4c75-9cc7-e0ce9610c43d@group-902151DE03CA:LeaderElection82] INFO  impl.RoleInfo (RoleInfo.java:updateAndGet(143)) - a6f3909d-04e3-4c75-9cc7-e0ce9610c43d: start FollowerState
2019-09-28 01:17:50,048 [4c896d7a-7f6e-4c9a-8a8b-40c5d5b27396@group-902151DE03CA:LeaderElection84] INFO  impl.LeaderElection (LeaderElection.java:logAndReturn(56)) - 4c896d7a-7f6e-4c9a-8a8b-40c5d5b27396@group-902151DE03CA:LeaderElection84: Election REJECTED; received 2 response(s) [4c896d7a-7f6e-4c9a-8a8b-40c5d5b27396<-a6f3909d-04e3-4c75-9cc7-e0ce9610c43d#0:FAIL-t1, 4c896d7a-7f6e-4c9a-8a8b-40c5d5b27396<-169076bb-2216-469a-9fc5-b7d227bcc1f0#0:FAIL-t1] and 0 exception(s); 4c896d7a-7f6e-4c9a-8a8b-40c5d5b27396@group-902151DE03CA:t1, leader=null, voted=4c896d7a-7f6e-4c9a-8a8b-40c5d5b27396, raftlog=4c896d7a-7f6e-4c9a-8a8b-40c5d5b27396@group-902151DE03CA-SegmentedRaftLog:OPENED:c-1,f-1,i0, conf=-1: [a6f3909d-04e3-4c75-9cc7-e0ce9610c43d:192.168.151.82:33245, 169076bb-2216-469a-9fc5-b7d227bcc1f0:192.168.151.82:42330, 4c896d7a-7f6e-4c9a-8a8b-40c5d5b27396:192.168.151.82:33459], old=null
2019-09-28 01:17:50,048 [169076bb-2216-469a-9fc5-b7d227bcc1f0@group-902151DE03CA:LeaderElection83] INFO  impl.LeaderElection (LeaderElection.java:logAndReturn(56)) - 169076bb-2216-469a-9fc5-b7d227bcc1f0@group-902151DE03CA:LeaderElection83: Election REJECTED; received 2 response(s) [169076bb-2216-469a-9fc5-b7d227bcc1f0<-a6f3909d-04e3-4c75-9cc7-e0ce9610c43d#0:FAIL-t1, 169076bb-2216-469a-9fc5-b7d227bcc1f0<-4c896d7a-7f6e-4c9a-8a8b-40c5d5b27396#0:FAIL-t1] and 0 exception(s); 169076bb-2216-469a-9fc5-b7d227bcc1f0@group-902151DE03CA:t1, leader=null, voted=169076bb-2216-469a-9fc5-b7d227bcc1f0, raftlog=169076bb-2216-469a-9fc5-b7d227bcc1f0@group-902151DE03CA-SegmentedRaftLog:OPENED:c-1,f-1,i0, conf=-1: [a6f3909d-04e3-4c75-9cc7-e0ce9610c43d:192.168.151.82:33245, 169076bb-2216-469a-9fc5-b7d227bcc1f0:192.168.151.82:42330, 4c896d7a-7f6e-4c9a-8a8b-40c5d5b27396:192.168.151.82:33459], old=null
2019-09-28 01:17:50,048 [4c896d7a-7f6e-4c9a-8a8b-40c5d5b27396@group-902151DE03CA:LeaderElection84] INFO  impl.RaftServerImpl (RaftServerImpl.java:setRole(174)) - 4c896d7a-7f6e-4c9a-8a8b-40c5d5b27396@group-902151DE03CA: changes role from CANDIDATE to FOLLOWER at term 1 for DISCOVERED_A_NEW_TERM
2019-09-28 01:17:50,048 [169076bb-2216-469a-9fc5-b7d227bcc1f0@group-902151DE03CA:LeaderElection83] INFO  impl.RaftServerImpl (RaftServerImpl.java:setRole(174)) - 169076bb-2216-469a-9fc5-b7d227bcc1f0@group-902151DE03CA: changes role from CANDIDATE to FOLLOWER at term 1 for DISCOVERED_A_NEW_TERM
2019-09-28 01:17:50,048 [4c896d7a-7f6e-4c9a-8a8b-40c5d5b27396@group-902151DE03CA:LeaderElection84] INFO  impl.RoleInfo (RoleInfo.java:shutdownLeaderElection(134)) - 4c896d7a-7f6e-4c9a-8a8b-40c5d5b27396: shutdown LeaderElection
2019-09-28 01:17:50,048 [169076bb-2216-469a-9fc5-b7d227bcc1f0@group-902151DE03CA:LeaderElection83] INFO  impl.RoleInfo (RoleInfo.java:shutdownLeaderElection(134)) - 169076bb-2216-469a-9fc5-b7d227bcc1f0: shutdown LeaderElection
2019-09-28 01:17:50,049 [4c896d7a-7f6e-4c9a-8a8b-40c5d5b27396@group-902151DE03CA:LeaderElection84] INFO  impl.RoleInfo (RoleInfo.java:updateAndGet(143)) - 4c896d7a-7f6e-4c9a-8a8b-40c5d5b27396: start FollowerState
2019-09-28 01:17:50,049 [169076bb-2216-469a-9fc5-b7d227bcc1f0@group-902151DE03CA:LeaderElection83] INFO  impl.RoleInfo (RoleInfo.java:updateAndGet(143)) - 169076bb-2216-469a-9fc5-b7d227bcc1f0: start FollowerState
2019-09-28 01:17:50,682 [main] INFO  ipc.Client (Client.java:handleConnectionFailure(948)) - Retrying connect to server: localhost/127.0.0.1:0. Already tried 0 time(s); retry policy is RetryUpToMaximumCountWithFixedSleep(maxRetries=10, sleepTime=1000 MILLISECONDS)
2019-09-28 01:17:51,072 [Thread-4266] INFO  impl.FollowerState (FollowerState.java:run(106)) - 4c896d7a-7f6e-4c9a-8a8b-40c5d5b27396:group-902151DE03CA changes to CANDIDATE, lastRpcTime:1023, electionTimeout:1023ms
2019-09-28 01:17:51,073 [Thread-4266] INFO  impl.RoleInfo (RoleInfo.java:shutdownFollowerState(121)) - 4c896d7a-7f6e-4c9a-8a8b-40c5d5b27396: shutdown FollowerState
2019-09-28 01:17:51,073 [Thread-4266] INFO  impl.RaftServerImpl (RaftServerImpl.java:setRole(174)) - 4c896d7a-7f6e-4c9a-8a8b-40c5d5b27396@group-902151DE03CA: changes role from  FOLLOWER to CANDIDATE at term 1 for changeToCandidate
2019-09-28 01:17:51,073 [Thread-4266] INFO  impl.RoleInfo (RoleInfo.java:updateAndGet(143)) - 4c896d7a-7f6e-4c9a-8a8b-40c5d5b27396: start LeaderElection
2019-09-28 01:17:51,088 [4c896d7a-7f6e-4c9a-8a8b-40c5d5b27396@group-902151DE03CA:LeaderElection85] INFO  impl.LeaderElection (LeaderElection.java:askForVotes(182)) - 4c896d7a-7f6e-4c9a-8a8b-40c5d5b27396@group-902151DE03CA:LeaderElection85: begin an election at term 2 for -1: [a6f3909d-04e3-4c75-9cc7-e0ce9610c43d:192.168.151.82:33245, 169076bb-2216-469a-9fc5-b7d227bcc1f0:192.168.151.82:42330, 4c896d7a-7f6e-4c9a-8a8b-40c5d5b27396:192.168.151.82:33459], old=null
2019-09-28 01:17:51,093 [grpc-default-executor-2] INFO  impl.RaftServerImpl (RaftServerImpl.java:setRole(174)) - a6f3909d-04e3-4c75-9cc7-e0ce9610c43d@group-902151DE03CA: changes role from  FOLLOWER to FOLLOWER at term 2 for recognizeCandidate:4c896d7a-7f6e-4c9a-8a8b-40c5d5b27396
2019-09-28 01:17:51,093 [grpc-default-executor-2] INFO  impl.RoleInfo (RoleInfo.java:shutdownFollowerState(121)) - a6f3909d-04e3-4c75-9cc7-e0ce9610c43d: shutdown FollowerState
2019-09-28 01:17:51,093 [grpc-default-executor-0] INFO  impl.RaftServerImpl (RaftServerImpl.java:setRole(174)) - 169076bb-2216-469a-9fc5-b7d227bcc1f0@group-902151DE03CA: changes role from  FOLLOWER to FOLLOWER at term 2 for recognizeCandidate:4c896d7a-7f6e-4c9a-8a8b-40c5d5b27396
2019-09-28 01:17:51,094 [Thread-4265] INFO  impl.FollowerState (FollowerState.java:run(115)) - a6f3909d-04e3-4c75-9cc7-e0ce9610c43d: FollowerState was interrupted: java.lang.InterruptedException: sleep interrupted
2019-09-28 01:17:51,094 [grpc-default-executor-2] INFO  impl.RoleInfo (RoleInfo.java:updateAndGet(143)) - a6f3909d-04e3-4c75-9cc7-e0ce9610c43d: start FollowerState
2019-09-28 01:17:51,094 [grpc-default-executor-0] INFO  impl.RoleInfo (RoleInfo.java:shutdownFollowerState(121)) - 169076bb-2216-469a-9fc5-b7d227bcc1f0: shutdown FollowerState
2019-09-28 01:17:51,095 [grpc-default-executor-0] INFO  impl.RoleInfo (RoleInfo.java:updateAndGet(143)) - 169076bb-2216-469a-9fc5-b7d227bcc1f0: start FollowerState
2019-09-28 01:17:51,095 [Thread-4267] INFO  impl.FollowerState (FollowerState.java:run(115)) - 169076bb-2216-469a-9fc5-b7d227bcc1f0: FollowerState was interrupted: java.lang.InterruptedException: sleep interrupted
2019-09-28 01:17:51,102 [Thread-4149] INFO  container.ReplicationManager (ReplicationManager.java:start(162)) - Starting Replication Monitor Thread.
2019-09-28 01:17:51,106 [ReplicationMonitor] INFO  container.ReplicationManager (ReplicationManager.java:run(225)) - Replication Monitor Thread took 0 milliseconds for processing 0 containers.
2019-09-28 01:17:51,111 [4c896d7a-7f6e-4c9a-8a8b-40c5d5b27396@group-902151DE03CA:LeaderElection85] INFO  impl.LeaderElection (LeaderElection.java:logAndReturn(56)) - 4c896d7a-7f6e-4c9a-8a8b-40c5d5b27396@group-902151DE03CA:LeaderElection85: Election PASSED; received 1 response(s) [4c896d7a-7f6e-4c9a-8a8b-40c5d5b27396<-169076bb-2216-469a-9fc5-b7d227bcc1f0#0:OK-t2] and 0 exception(s); 4c896d7a-7f6e-4c9a-8a8b-40c5d5b27396@group-902151DE03CA:t2, leader=null, voted=4c896d7a-7f6e-4c9a-8a8b-40c5d5b27396, raftlog=4c896d7a-7f6e-4c9a-8a8b-40c5d5b27396@group-902151DE03CA-SegmentedRaftLog:OPENED:c-1,f-1,i0, conf=-1: [a6f3909d-04e3-4c75-9cc7-e0ce9610c43d:192.168.151.82:33245, 169076bb-2216-469a-9fc5-b7d227bcc1f0:192.168.151.82:42330, 4c896d7a-7f6e-4c9a-8a8b-40c5d5b27396:192.168.151.82:33459], old=null
2019-09-28 01:17:51,111 [4c896d7a-7f6e-4c9a-8a8b-40c5d5b27396@group-902151DE03CA:LeaderElection85] INFO  impl.RoleInfo (RoleInfo.java:shutdownLeaderElection(134)) - 4c896d7a-7f6e-4c9a-8a8b-40c5d5b27396: shutdown LeaderElection
2019-09-28 01:17:51,111 [4c896d7a-7f6e-4c9a-8a8b-40c5d5b27396@group-902151DE03CA:LeaderElection85] INFO  impl.RaftServerImpl (RaftServerImpl.java:setRole(174)) - 4c896d7a-7f6e-4c9a-8a8b-40c5d5b27396@group-902151DE03CA: changes role from CANDIDATE to LEADER at term 2 for changeToLeader
2019-09-28 01:17:51,111 [4c896d7a-7f6e-4c9a-8a8b-40c5d5b27396@group-902151DE03CA:LeaderElection85] INFO  impl.RaftServerImpl (ServerState.java:setLeader(253)) - 4c896d7a-7f6e-4c9a-8a8b-40c5d5b27396@group-902151DE03CA: change Leader from null to 4c896d7a-7f6e-4c9a-8a8b-40c5d5b27396 at term 2 for becomeLeader, leader elected after 2220ms
2019-09-28 01:17:51,112 [4c896d7a-7f6e-4c9a-8a8b-40c5d5b27396@group-902151DE03CA:LeaderElection85] INFO  server.RaftServerConfigKeys (ConfUtils.java:logGet(43)) - raft.server.staging.catchup.gap = 1000 (default)
2019-09-28 01:17:51,112 [4c896d7a-7f6e-4c9a-8a8b-40c5d5b27396@group-902151DE03CA:LeaderElection85] INFO  server.RaftServerConfigKeys (ConfUtils.java:logGet(43)) - raft.server.rpc.sleep.time = 25ms (default)
2019-09-28 01:17:51,112 [4c896d7a-7f6e-4c9a-8a8b-40c5d5b27396@group-902151DE03CA:LeaderElection85] INFO  server.RaftServerConfigKeys (ConfUtils.java:logGet(43)) - raft.server.write.element-limit = 4096 (default)
2019-09-28 01:17:51,112 [4c896d7a-7f6e-4c9a-8a8b-40c5d5b27396@group-902151DE03CA:LeaderElection85] INFO  server.RaftServerConfigKeys (ConfUtils.java:logGet(43)) - raft.server.watch.timeout = 10s (default)
2019-09-28 01:17:51,112 [4c896d7a-7f6e-4c9a-8a8b-40c5d5b27396@group-902151DE03CA:LeaderElection85] INFO  server.RaftServerConfigKeys (ConfUtils.java:logGet(43)) - raft.server.watch.timeout.denomination = 1s (default)
2019-09-28 01:17:51,112 [4c896d7a-7f6e-4c9a-8a8b-40c5d5b27396@group-902151DE03CA:LeaderElection85] INFO  server.RaftServerConfigKeys (ConfUtils.java:logGet(43)) - raft.server.watch.element-limit = 65536 (default)
2019-09-28 01:17:51,115 [4c896d7a-7f6e-4c9a-8a8b-40c5d5b27396@group-902151DE03CA:LeaderElection85] INFO  server.RaftServerConfigKeys (ConfUtils.java:logGet(43)) - raft.server.log.appender.snapshot.chunk.size.max = 16MB (=16777216) (default)
2019-09-28 01:17:51,115 [4c896d7a-7f6e-4c9a-8a8b-40c5d5b27396@group-902151DE03CA:LeaderElection85] INFO  server.RaftServerConfigKeys (ConfUtils.java:logGet(43)) - raft.server.log.appender.buffer.byte-limit = 33554432 (custom)
2019-09-28 01:17:51,115 [4c896d7a-7f6e-4c9a-8a8b-40c5d5b27396@group-902151DE03CA:LeaderElection85] INFO  server.RaftServerConfigKeys (ConfUtils.java:logGet(43)) - raft.server.log.appender.buffer.element-limit = 1 (custom)
2019-09-28 01:17:51,116 [4c896d7a-7f6e-4c9a-8a8b-40c5d5b27396@group-902151DE03CA:LeaderElection85] INFO  grpc.GrpcConfigKeys$Server (ConfUtils.java:logGet(43)) - raft.grpc.server.leader.outstanding.appends.max = 128 (default)
2019-09-28 01:17:51,116 [4c896d7a-7f6e-4c9a-8a8b-40c5d5b27396@group-902151DE03CA:LeaderElection85] INFO  server.RaftServerConfigKeys (ConfUtils.java:logGet(43)) - raft.server.rpc.request.timeout = 3000ms (default)
2019-09-28 01:17:51,116 [4c896d7a-7f6e-4c9a-8a8b-40c5d5b27396@group-902151DE03CA:LeaderElection85] INFO  server.RaftServerConfigKeys (ConfUtils.java:logGet(43)) - raft.server.log.appender.install.snapshot.enabled = false (custom)
2019-09-28 01:17:51,116 [4c896d7a-7f6e-4c9a-8a8b-40c5d5b27396@group-902151DE03CA:LeaderElection85] INFO  server.RaftServerConfigKeys (ConfUtils.java:logGet(43)) - raft.server.log.appender.snapshot.chunk.size.max = 16MB (=16777216) (default)
2019-09-28 01:17:51,117 [4c896d7a-7f6e-4c9a-8a8b-40c5d5b27396@group-902151DE03CA:LeaderElection85] INFO  server.RaftServerConfigKeys (ConfUtils.java:logGet(43)) - raft.server.log.appender.buffer.byte-limit = 33554432 (custom)
2019-09-28 01:17:51,117 [4c896d7a-7f6e-4c9a-8a8b-40c5d5b27396@group-902151DE03CA:LeaderElection85] INFO  server.RaftServerConfigKeys (ConfUtils.java:logGet(43)) - raft.server.log.appender.buffer.element-limit = 1 (custom)
2019-09-28 01:17:51,117 [4c896d7a-7f6e-4c9a-8a8b-40c5d5b27396@group-902151DE03CA:LeaderElection85] INFO  grpc.GrpcConfigKeys$Server (ConfUtils.java:logGet(43)) - raft.grpc.server.leader.outstanding.appends.max = 128 (default)
2019-09-28 01:17:51,117 [4c896d7a-7f6e-4c9a-8a8b-40c5d5b27396@group-902151DE03CA:LeaderElection85] INFO  server.RaftServerConfigKeys (ConfUtils.java:logGet(43)) - raft.server.rpc.request.timeout = 3000ms (default)
2019-09-28 01:17:51,117 [4c896d7a-7f6e-4c9a-8a8b-40c5d5b27396@group-902151DE03CA:LeaderElection85] INFO  server.RaftServerConfigKeys (ConfUtils.java:logGet(43)) - raft.server.log.appender.install.snapshot.enabled = false (custom)
2019-09-28 01:17:51,118 [4c896d7a-7f6e-4c9a-8a8b-40c5d5b27396@group-902151DE03CA:LeaderElection85] INFO  impl.RoleInfo (RoleInfo.java:updateAndGet(143)) - 4c896d7a-7f6e-4c9a-8a8b-40c5d5b27396: start LeaderState
2019-09-28 01:17:51,118 [4c896d7a-7f6e-4c9a-8a8b-40c5d5b27396@group-902151DE03CA:LeaderElection85] INFO  segmented.SegmentedRaftLogWorker (SegmentedRaftLogWorker.java:startLogSegment(380)) - 4c896d7a-7f6e-4c9a-8a8b-40c5d5b27396@group-902151DE03CA-SegmentedRaftLogWorker: Starting segment from index:0
2019-09-28 01:17:51,120 [4c896d7a-7f6e-4c9a-8a8b-40c5d5b27396@group-902151DE03CA:LeaderElection85] INFO  impl.RaftServerImpl (ServerState.java:setRaftConf(354)) - 4c896d7a-7f6e-4c9a-8a8b-40c5d5b27396@group-902151DE03CA: set configuration 0: [a6f3909d-04e3-4c75-9cc7-e0ce9610c43d:192.168.151.82:33245, 169076bb-2216-469a-9fc5-b7d227bcc1f0:192.168.151.82:42330, 4c896d7a-7f6e-4c9a-8a8b-40c5d5b27396:192.168.151.82:33459], old=null at 0
2019-09-28 01:17:51,121 [grpc-default-executor-0] INFO  impl.RaftServerImpl (ServerState.java:setLeader(253)) - a6f3909d-04e3-4c75-9cc7-e0ce9610c43d@group-902151DE03CA: change Leader from null to 4c896d7a-7f6e-4c9a-8a8b-40c5d5b27396 at term 2 for appendEntries, leader elected after 2229ms
2019-09-28 01:17:51,121 [grpc-default-executor-2] INFO  impl.RaftServerImpl (ServerState.java:setLeader(253)) - 169076bb-2216-469a-9fc5-b7d227bcc1f0@group-902151DE03CA: change Leader from null to 4c896d7a-7f6e-4c9a-8a8b-40c5d5b27396 at term 2 for appendEntries, leader elected after 2229ms
2019-09-28 01:17:51,124 [grpc-default-executor-2] INFO  impl.RaftServerImpl (ServerState.java:setRaftConf(354)) - a6f3909d-04e3-4c75-9cc7-e0ce9610c43d@group-902151DE03CA: set configuration 0: [a6f3909d-04e3-4c75-9cc7-e0ce9610c43d:192.168.151.82:33245, 169076bb-2216-469a-9fc5-b7d227bcc1f0:192.168.151.82:42330, 4c896d7a-7f6e-4c9a-8a8b-40c5d5b27396:192.168.151.82:33459], old=null at 0
2019-09-28 01:17:51,124 [grpc-default-executor-0] INFO  impl.RaftServerImpl (ServerState.java:setRaftConf(354)) - 169076bb-2216-469a-9fc5-b7d227bcc1f0@group-902151DE03CA: set configuration 0: [a6f3909d-04e3-4c75-9cc7-e0ce9610c43d:192.168.151.82:33245, 169076bb-2216-469a-9fc5-b7d227bcc1f0:192.168.151.82:42330, 4c896d7a-7f6e-4c9a-8a8b-40c5d5b27396:192.168.151.82:33459], old=null at 0
2019-09-28 01:17:51,124 [grpc-default-executor-2] INFO  segmented.SegmentedRaftLogWorker (SegmentedRaftLogWorker.java:startLogSegment(380)) - a6f3909d-04e3-4c75-9cc7-e0ce9610c43d@group-902151DE03CA-SegmentedRaftLogWorker: Starting segment from index:0
2019-09-28 01:17:51,124 [grpc-default-executor-0] INFO  segmented.SegmentedRaftLogWorker (SegmentedRaftLogWorker.java:startLogSegment(380)) - 169076bb-2216-469a-9fc5-b7d227bcc1f0@group-902151DE03CA-SegmentedRaftLogWorker: Starting segment from index:0
2019-09-28 01:17:51,172 [4c896d7a-7f6e-4c9a-8a8b-40c5d5b27396@group-902151DE03CA-SegmentedRaftLogWorker] INFO  segmented.SegmentedRaftLogWorker (SegmentedRaftLogWorker.java:execute(569)) - 4c896d7a-7f6e-4c9a-8a8b-40c5d5b27396@group-902151DE03CA-SegmentedRaftLogWorker: created new log segment /workdir/hadoop-ozone/integration-test/target/test-dir/MiniOzoneClusterImpl-8d3ed4ce-f2e5-424c-95d5-a4ae13d3a978/datanode-3/data/ratis/8c414ce2-8d85-47c7-869d-902151de03ca/current/log_inprogress_0
2019-09-28 01:17:51,172 [169076bb-2216-469a-9fc5-b7d227bcc1f0@group-902151DE03CA-SegmentedRaftLogWorker] INFO  segmented.SegmentedRaftLogWorker (SegmentedRaftLogWorker.java:execute(569)) - 169076bb-2216-469a-9fc5-b7d227bcc1f0@group-902151DE03CA-SegmentedRaftLogWorker: created new log segment /workdir/hadoop-ozone/integration-test/target/test-dir/MiniOzoneClusterImpl-8d3ed4ce-f2e5-424c-95d5-a4ae13d3a978/datanode-9/data/ratis/8c414ce2-8d85-47c7-869d-902151de03ca/current/log_inprogress_0
2019-09-28 01:17:51,172 [a6f3909d-04e3-4c75-9cc7-e0ce9610c43d@group-902151DE03CA-SegmentedRaftLogWorker] INFO  segmented.SegmentedRaftLogWorker (SegmentedRaftLogWorker.java:execute(569)) - a6f3909d-04e3-4c75-9cc7-e0ce9610c43d@group-902151DE03CA-SegmentedRaftLogWorker: created new log segment /workdir/hadoop-ozone/integration-test/target/test-dir/MiniOzoneClusterImpl-8d3ed4ce-f2e5-424c-95d5-a4ae13d3a978/datanode-5/data/ratis/8c414ce2-8d85-47c7-869d-902151de03ca/current/log_inprogress_0
2019-09-28 01:17:51,684 [main] INFO  ipc.Client (Client.java:handleConnectionFailure(948)) - Retrying connect to server: localhost/127.0.0.1:0. Already tried 1 time(s); retry policy is RetryUpToMaximumCountWithFixedSleep(maxRetries=10, sleepTime=1000 MILLISECONDS)
2019-09-28 01:17:52,685 [main] INFO  ipc.Client (Client.java:handleConnectionFailure(948)) - Retrying connect to server: localhost/127.0.0.1:0. Already tried 2 time(s); retry policy is RetryUpToMaximumCountWithFixedSleep(maxRetries=10, sleepTime=1000 MILLISECONDS)
2019-09-28 01:17:53,686 [main] INFO  ipc.Client (Client.java:handleConnectionFailure(948)) - Retrying connect to server: localhost/127.0.0.1:0. Already tried 3 time(s); retry policy is RetryUpToMaximumCountWithFixedSleep(maxRetries=10, sleepTime=1000 MILLISECONDS)
2019-09-28 01:17:54,687 [main] INFO  ipc.Client (Client.java:handleConnectionFailure(948)) - Retrying connect to server: localhost/127.0.0.1:0. Already tried 4 time(s); retry policy is RetryUpToMaximumCountWithFixedSleep(maxRetries=10, sleepTime=1000 MILLISECONDS)
2019-09-28 01:17:55,688 [main] INFO  ipc.Client (Client.java:handleConnectionFailure(948)) - Retrying connect to server: localhost/127.0.0.1:0. Already tried 5 time(s); retry policy is RetryUpToMaximumCountWithFixedSleep(maxRetries=10, sleepTime=1000 MILLISECONDS)
2019-09-28 01:17:56,689 [main] INFO  ipc.Client (Client.java:handleConnectionFailure(948)) - Retrying connect to server: localhost/127.0.0.1:0. Already tried 6 time(s); retry policy is RetryUpToMaximumCountWithFixedSleep(maxRetries=10, sleepTime=1000 MILLISECONDS)
2019-09-28 01:17:57,691 [main] INFO  ipc.Client (Client.java:handleConnectionFailure(948)) - Retrying connect to server: localhost/127.0.0.1:0. Already tried 7 time(s); retry policy is RetryUpToMaximumCountWithFixedSleep(maxRetries=10, sleepTime=1000 MILLISECONDS)
2019-09-28 01:17:58,692 [main] INFO  ipc.Client (Client.java:handleConnectionFailure(948)) - Retrying connect to server: localhost/127.0.0.1:0. Already tried 8 time(s); retry policy is RetryUpToMaximumCountWithFixedSleep(maxRetries=10, sleepTime=1000 MILLISECONDS)
2019-09-28 01:17:59,693 [main] INFO  ipc.Client (Client.java:handleConnectionFailure(948)) - Retrying connect to server: localhost/127.0.0.1:0. Already tried 9 time(s); retry policy is RetryUpToMaximumCountWithFixedSleep(maxRetries=10, sleepTime=1000 MILLISECONDS)
2019-09-28 01:18:00,696 [main] INFO  ipc.Client (Client.java:handleConnectionFailure(948)) - Retrying connect to server: localhost/127.0.0.1:0. Already tried 0 time(s); retry policy is RetryUpToMaximumCountWithFixedSleep(maxRetries=10, sleepTime=1000 MILLISECONDS)
2019-09-28 01:18:01,697 [main] INFO  ipc.Client (Client.java:handleConnectionFailure(948)) - Retrying connect to server: localhost/127.0.0.1:0. Already tried 1 time(s); retry policy is RetryUpToMaximumCountWithFixedSleep(maxRetries=10, sleepTime=1000 MILLISECONDS)
2019-09-28 01:18:02,699 [main] INFO  ipc.Client (Client.java:handleConnectionFailure(948)) - Retrying connect to server: localhost/127.0.0.1:0. Already tried 2 time(s); retry policy is RetryUpToMaximumCountWithFixedSleep(maxRetries=10, sleepTime=1000 MILLISECONDS)
2019-09-28 01:18:03,700 [main] INFO  ipc.Client (Client.java:handleConnectionFailure(948)) - Retrying connect to server: localhost/127.0.0.1:0. Already tried 3 time(s); retry policy is RetryUpToMaximumCountWithFixedSleep(maxRetries=10, sleepTime=1000 MILLISECONDS)
2019-09-28 01:18:04,701 [main] INFO  ipc.Client (Client.java:handleConnectionFailure(948)) - Retrying connect to server: localhost/127.0.0.1:0. Already tried 4 time(s); retry policy is RetryUpToMaximumCountWithFixedSleep(maxRetries=10, sleepTime=1000 MILLISECONDS)
2019-09-28 01:18:05,703 [main] INFO  ipc.Client (Client.java:handleConnectionFailure(948)) - Retrying connect to server: localhost/127.0.0.1:0. Already tried 5 time(s); retry policy is RetryUpToMaximumCountWithFixedSleep(maxRetries=10, sleepTime=1000 MILLISECONDS)
2019-09-28 01:18:06,704 [main] INFO  ipc.Client (Client.java:handleConnectionFailure(948)) - Retrying connect to server: localhost/127.0.0.1:0. Already tried 6 time(s); retry policy is RetryUpToMaximumCountWithFixedSleep(maxRetries=10, sleepTime=1000 MILLISECONDS)
2019-09-28 01:18:07,706 [main] INFO  ipc.Client (Client.java:handleConnectionFailure(948)) - Retrying connect to server: localhost/127.0.0.1:0. Already tried 7 time(s); retry policy is RetryUpToMaximumCountWithFixedSleep(maxRetries=10, sleepTime=1000 MILLISECONDS)
2019-09-28 01:18:08,707 [main] INFO  ipc.Client (Client.java:handleConnectionFailure(948)) - Retrying connect to server: localhost/127.0.0.1:0. Already tried 8 time(s); retry policy is RetryUpToMaximumCountWithFixedSleep(maxRetries=10, sleepTime=1000 MILLISECONDS)
2019-09-28 01:18:09,708 [main] INFO  ipc.Client (Client.java:handleConnectionFailure(948)) - Retrying connect to server: localhost/127.0.0.1:0. Already tried 9 time(s); retry policy is RetryUpToMaximumCountWithFixedSleep(maxRetries=10, sleepTime=1000 MILLISECONDS)
2019-09-28 01:18:09,710 [main] INFO  retry.RetryInvocationHandler (RetryInvocationHandler.java:log(411)) - com.google.protobuf.ServiceException: java.net.ConnectException: Your endpoint configuration is wrong; For more details see:  http://wiki.apache.org/hadoop/UnsetHostnameOrPort, while invoking $Proxy35.submitRequest over nodeId=null,nodeAddress=127.0.0.1:0 after 1 failover attempts. Trying to failover immediately.
2019-09-28 01:18:10,711 [main] INFO  ipc.Client (Client.java:handleConnectionFailure(948)) - Retrying connect to server: localhost/127.0.0.1:0. Already tried 0 time(s); retry policy is RetryUpToMaximumCountWithFixedSleep(maxRetries=10, sleepTime=1000 MILLISECONDS)
2019-09-28 01:18:11,713 [main] INFO  ipc.Client (Client.java:handleConnectionFailure(948)) - Retrying connect to server: localhost/127.0.0.1:0. Already tried 1 time(s); retry policy is RetryUpToMaximumCountWithFixedSleep(maxRetries=10, sleepTime=1000 MILLISECONDS)
2019-09-28 01:18:12,714 [main] INFO  ipc.Client (Client.java:handleConnectionFailure(948)) - Retrying connect to server: localhost/127.0.0.1:0. Already tried 2 time(s); retry policy is RetryUpToMaximumCountWithFixedSleep(maxRetries=10, sleepTime=1000 MILLISECONDS)
2019-09-28 01:18:13,715 [main] INFO  ipc.Client (Client.java:handleConnectionFailure(948)) - Retrying connect to server: localhost/127.0.0.1:0. Already tried 3 time(s); retry policy is RetryUpToMaximumCountWithFixedSleep(maxRetries=10, sleepTime=1000 MILLISECONDS)
2019-09-28 01:18:14,717 [main] INFO  ipc.Client (Client.java:handleConnectionFailure(948)) - Retrying connect to server: localhost/127.0.0.1:0. Already tried 4 time(s); retry policy is RetryUpToMaximumCountWithFixedSleep(maxRetries=10, sleepTime=1000 MILLISECONDS)
2019-09-28 01:18:15,718 [main] INFO  ipc.Client (Client.java:handleConnectionFailure(948)) - Retrying connect to server: localhost/127.0.0.1:0. Already tried 5 time(s); retry policy is RetryUpToMaximumCountWithFixedSleep(maxRetries=10, sleepTime=1000 MILLISECONDS)
2019-09-28 01:18:16,719 [main] INFO  ipc.Client (Client.java:handleConnectionFailure(948)) - Retrying connect to server: localhost/127.0.0.1:0. Already tried 6 time(s); retry policy is RetryUpToMaximumCountWithFixedSleep(maxRetries=10, sleepTime=1000 MILLISECONDS)
2019-09-28 01:18:17,720 [main] INFO  ipc.Client (Client.java:handleConnectionFailure(948)) - Retrying connect to server: localhost/127.0.0.1:0. Already tried 7 time(s); retry policy is RetryUpToMaximumCountWithFixedSleep(maxRetries=10, sleepTime=1000 MILLISECONDS)
2019-09-28 01:18:18,721 [main] INFO  ipc.Client (Client.java:handleConnectionFailure(948)) - Retrying connect to server: localhost/127.0.0.1:0. Already tried 8 time(s); retry policy is RetryUpToMaximumCountWithFixedSleep(maxRetries=10, sleepTime=1000 MILLISECONDS)
2019-09-28 01:18:19,722 [main] INFO  ipc.Client (Client.java:handleConnectionFailure(948)) - Retrying connect to server: localhost/127.0.0.1:0. Already tried 9 time(s); retry policy is RetryUpToMaximumCountWithFixedSleep(maxRetries=10, sleepTime=1000 MILLISECONDS)
2019-09-28 01:18:19,724 [main] INFO  retry.RetryInvocationHandler (RetryInvocationHandler.java:log(411)) - com.google.protobuf.ServiceException: java.net.ConnectException: Your endpoint configuration is wrong; For more details see:  http://wiki.apache.org/hadoop/UnsetHostnameOrPort, while invoking $Proxy35.submitRequest over nodeId=null,nodeAddress=127.0.0.1:0 after 2 failover attempts. Trying to failover immediately.
2019-09-28 01:18:20,725 [main] INFO  ipc.Client (Client.java:handleConnectionFailure(948)) - Retrying connect to server: localhost/127.0.0.1:0. Already tried 0 time(s); retry policy is RetryUpToMaximumCountWithFixedSleep(maxRetries=10, sleepTime=1000 MILLISECONDS)
2019-09-28 01:18:21,727 [main] INFO  ipc.Client (Client.java:handleConnectionFailure(948)) - Retrying connect to server: localhost/127.0.0.1:0. Already tried 1 time(s); retry policy is RetryUpToMaximumCountWithFixedSleep(maxRetries=10, sleepTime=1000 MILLISECONDS)
2019-09-28 01:18:22,728 [main] INFO  ipc.Client (Client.java:handleConnectionFailure(948)) - Retrying connect to server: localhost/127.0.0.1:0. Already tried 2 time(s); retry policy is RetryUpToMaximumCountWithFixedSleep(maxRetries=10, sleepTime=1000 MILLISECONDS)
2019-09-28 01:18:23,729 [main] INFO  ipc.Client (Client.java:handleConnectionFailure(948)) - Retrying connect to server: localhost/127.0.0.1:0. Already tried 3 time(s); retry policy is RetryUpToMaximumCountWithFixedSleep(maxRetries=10, sleepTime=1000 MILLISECONDS)
2019-09-28 01:18:24,730 [main] INFO  ipc.Client (Client.java:handleConnectionFailure(948)) - Retrying connect to server: localhost/127.0.0.1:0. Already tried 4 time(s); retry policy is RetryUpToMaximumCountWithFixedSleep(maxRetries=10, sleepTime=1000 MILLISECONDS)
2019-09-28 01:18:25,732 [main] INFO  ipc.Client (Client.java:handleConnectionFailure(948)) - Retrying connect to server: localhost/127.0.0.1:0. Already tried 5 time(s); retry policy is RetryUpToMaximumCountWithFixedSleep(maxRetries=10, sleepTime=1000 MILLISECONDS)
2019-09-28 01:18:26,733 [main] INFO  ipc.Client (Client.java:handleConnectionFailure(948)) - Retrying connect to server: localhost/127.0.0.1:0. Already tried 6 time(s); retry policy is RetryUpToMaximumCountWithFixedSleep(maxRetries=10, sleepTime=1000 MILLISECONDS)
2019-09-28 01:18:27,734 [main] INFO  ipc.Client (Client.java:handleConnectionFailure(948)) - Retrying connect to server: localhost/127.0.0.1:0. Already tried 7 time(s); retry policy is RetryUpToMaximumCountWithFixedSleep(maxRetries=10, sleepTime=1000 MILLISECONDS)
2019-09-28 01:18:28,735 [main] INFO  ipc.Client (Client.java:handleConnectionFailure(948)) - Retrying connect to server: localhost/127.0.0.1:0. Already tried 8 time(s); retry policy is RetryUpToMaximumCountWithFixedSleep(maxRetries=10, sleepTime=1000 MILLISECONDS)
2019-09-28 01:18:29,736 [main] INFO  ipc.Client (Client.java:handleConnectionFailure(948)) - Retrying connect to server: localhost/127.0.0.1:0. Already tried 9 time(s); retry policy is RetryUpToMaximumCountWithFixedSleep(maxRetries=10, sleepTime=1000 MILLISECONDS)
2019-09-28 01:18:29,738 [main] INFO  retry.RetryInvocationHandler (RetryInvocationHandler.java:log(411)) - com.google.protobuf.ServiceException: java.net.ConnectException: Your endpoint configuration is wrong; For more details see:  http://wiki.apache.org/hadoop/UnsetHostnameOrPort, while invoking $Proxy35.submitRequest over nodeId=null,nodeAddress=127.0.0.1:0 after 3 failover attempts. Trying to failover immediately.
2019-09-28 01:18:30,739 [main] INFO  ipc.Client (Client.java:handleConnectionFailure(948)) - Retrying connect to server: localhost/127.0.0.1:0. Already tried 0 time(s); retry policy is RetryUpToMaximumCountWithFixedSleep(maxRetries=10, sleepTime=1000 MILLISECONDS)
2019-09-28 01:18:31,740 [main] INFO  ipc.Client (Client.java:handleConnectionFailure(948)) - Retrying connect to server: localhost/127.0.0.1:0. Already tried 1 time(s); retry policy is RetryUpToMaximumCountWithFixedSleep(maxRetries=10, sleepTime=1000 MILLISECONDS)
2019-09-28 01:18:32,741 [main] INFO  ipc.Client (Client.java:handleConnectionFailure(948)) - Retrying connect to server: localhost/127.0.0.1:0. Already tried 2 time(s); retry policy is RetryUpToMaximumCountWithFixedSleep(maxRetries=10, sleepTime=1000 MILLISECONDS)
2019-09-28 01:18:33,743 [main] INFO  ipc.Client (Client.java:handleConnectionFailure(948)) - Retrying connect to server: localhost/127.0.0.1:0. Already tried 3 time(s); retry policy is RetryUpToMaximumCountWithFixedSleep(maxRetries=10, sleepTime=1000 MILLISECONDS)
2019-09-28 01:18:34,744 [main] INFO  ipc.Client (Client.java:handleConnectionFailure(948)) - Retrying connect to server: localhost/127.0.0.1:0. Already tried 4 time(s); retry policy is RetryUpToMaximumCountWithFixedSleep(maxRetries=10, sleepTime=1000 MILLISECONDS)
2019-09-28 01:18:35,745 [main] INFO  ipc.Client (Client.java:handleConnectionFailure(948)) - Retrying connect to server: localhost/127.0.0.1:0. Already tried 5 time(s); retry policy is RetryUpToMaximumCountWithFixedSleep(maxRetries=10, sleepTime=1000 MILLISECONDS)
2019-09-28 01:18:36,746 [main] INFO  ipc.Client (Client.java:handleConnectionFailure(948)) - Retrying connect to server: localhost/127.0.0.1:0. Already tried 6 time(s); retry policy is RetryUpToMaximumCountWithFixedSleep(maxRetries=10, sleepTime=1000 MILLISECONDS)
2019-09-28 01:18:37,748 [main] INFO  ipc.Client (Client.java:handleConnectionFailure(948)) - Retrying connect to server: localhost/127.0.0.1:0. Already tried 7 time(s); retry policy is RetryUpToMaximumCountWithFixedSleep(maxRetries=10, sleepTime=1000 MILLISECONDS)
2019-09-28 01:18:38,749 [main] INFO  ipc.Client (Client.java:handleConnectionFailure(948)) - Retrying connect to server: localhost/127.0.0.1:0. Already tried 8 time(s); retry policy is RetryUpToMaximumCountWithFixedSleep(maxRetries=10, sleepTime=1000 MILLISECONDS)
2019-09-28 01:18:39,750 [main] INFO  ipc.Client (Client.java:handleConnectionFailure(948)) - Retrying connect to server: localhost/127.0.0.1:0. Already tried 9 time(s); retry policy is RetryUpToMaximumCountWithFixedSleep(maxRetries=10, sleepTime=1000 MILLISECONDS)
2019-09-28 01:18:39,752 [main] INFO  retry.RetryInvocationHandler (RetryInvocationHandler.java:log(411)) - com.google.protobuf.ServiceException: java.net.ConnectException: Your endpoint configuration is wrong; For more details see:  http://wiki.apache.org/hadoop/UnsetHostnameOrPort, while invoking $Proxy35.submitRequest over nodeId=null,nodeAddress=127.0.0.1:0 after 4 failover attempts. Trying to failover immediately.
2019-09-28 01:18:40,753 [main] INFO  ipc.Client (Client.java:handleConnectionFailure(948)) - Retrying connect to server: localhost/127.0.0.1:0. Already tried 0 time(s); retry policy is RetryUpToMaximumCountWithFixedSleep(maxRetries=10, sleepTime=1000 MILLISECONDS)
2019-09-28 01:18:41,754 [main] INFO  ipc.Client (Client.java:handleConnectionFailure(948)) - Retrying connect to server: localhost/127.0.0.1:0. Already tried 1 time(s); retry policy is RetryUpToMaximumCountWithFixedSleep(maxRetries=10, sleepTime=1000 MILLISECONDS)
2019-09-28 01:18:42,756 [main] INFO  ipc.Client (Client.java:handleConnectionFailure(948)) - Retrying connect to server: localhost/127.0.0.1:0. Already tried 2 time(s); retry policy is RetryUpToMaximumCountWithFixedSleep(maxRetries=10, sleepTime=1000 MILLISECONDS)
2019-09-28 01:18:43,757 [main] INFO  ipc.Client (Client.java:handleConnectionFailure(948)) - Retrying connect to server: localhost/127.0.0.1:0. Already tried 3 time(s); retry policy is RetryUpToMaximumCountWithFixedSleep(maxRetries=10, sleepTime=1000 MILLISECONDS)
2019-09-28 01:18:44,758 [main] INFO  ipc.Client (Client.java:handleConnectionFailure(948)) - Retrying connect to server: localhost/127.0.0.1:0. Already tried 4 time(s); retry policy is RetryUpToMaximumCountWithFixedSleep(maxRetries=10, sleepTime=1000 MILLISECONDS)
2019-09-28 01:18:45,759 [main] INFO  ipc.Client (Client.java:handleConnectionFailure(948)) - Retrying connect to server: localhost/127.0.0.1:0. Already tried 5 time(s); retry policy is RetryUpToMaximumCountWithFixedSleep(maxRetries=10, sleepTime=1000 MILLISECONDS)
2019-09-28 01:18:46,761 [main] INFO  ipc.Client (Client.java:handleConnectionFailure(948)) - Retrying connect to server: localhost/127.0.0.1:0. Already tried 6 time(s); retry policy is RetryUpToMaximumCountWithFixedSleep(maxRetries=10, sleepTime=1000 MILLISECONDS)
2019-09-28 01:18:47,762 [main] INFO  ipc.Client (Client.java:handleConnectionFailure(948)) - Retrying connect to server: localhost/127.0.0.1:0. Already tried 7 time(s); retry policy is RetryUpToMaximumCountWithFixedSleep(maxRetries=10, sleepTime=1000 MILLISECONDS)
2019-09-28 01:18:48,763 [main] INFO  ipc.Client (Client.java:handleConnectionFailure(948)) - Retrying connect to server: localhost/127.0.0.1:0. Already tried 8 time(s); retry policy is RetryUpToMaximumCountWithFixedSleep(maxRetries=10, sleepTime=1000 MILLISECONDS)
2019-09-28 01:18:49,764 [main] INFO  ipc.Client (Client.java:handleConnectionFailure(948)) - Retrying connect to server: localhost/127.0.0.1:0. Already tried 9 time(s); retry policy is RetryUpToMaximumCountWithFixedSleep(maxRetries=10, sleepTime=1000 MILLISECONDS)
2019-09-28 01:18:49,766 [main] INFO  retry.RetryInvocationHandler (RetryInvocationHandler.java:log(411)) - com.google.protobuf.ServiceException: java.net.ConnectException: Your endpoint configuration is wrong; For more details see:  http://wiki.apache.org/hadoop/UnsetHostnameOrPort, while invoking $Proxy35.submitRequest over nodeId=null,nodeAddress=127.0.0.1:0 after 5 failover attempts. Trying to failover immediately.
2019-09-28 01:18:50,394 [Thread-4216] WARN  util.JavaUtils (JavaUtils.java:sleep(250)) - Unexpected long sleep: sleep(1026ms) actually took 1438ms which is over the threshold 300ms
2019-09-28 01:18:50,767 [main] INFO  ipc.Client (Client.java:handleConnectionFailure(948)) - Retrying connect to server: localhost/127.0.0.1:0. Already tried 0 time(s); retry policy is RetryUpToMaximumCountWithFixedSleep(maxRetries=10, sleepTime=1000 MILLISECONDS)
2019-09-28 01:18:51,769 [main] INFO  ipc.Client (Client.java:handleConnectionFailure(948)) - Retrying connect to server: localhost/127.0.0.1:0. Already tried 1 time(s); retry policy is RetryUpToMaximumCountWithFixedSleep(maxRetries=10, sleepTime=1000 MILLISECONDS)
2019-09-28 01:18:52,770 [main] INFO  ipc.Client (Client.java:handleConnectionFailure(948)) - Retrying connect to server: localhost/127.0.0.1:0. Already tried 2 time(s); retry policy is RetryUpToMaximumCountWithFixedSleep(maxRetries=10, sleepTime=1000 MILLISECONDS)
2019-09-28 01:18:53,772 [main] INFO  ipc.Client (Client.java:handleConnectionFailure(948)) - Retrying connect to server: localhost/127.0.0.1:0. Already tried 3 time(s); retry policy is RetryUpToMaximumCountWithFixedSleep(maxRetries=10, sleepTime=1000 MILLISECONDS)
2019-09-28 01:18:54,773 [main] INFO  ipc.Client (Client.java:handleConnectionFailure(948)) - Retrying connect to server: localhost/127.0.0.1:0. Already tried 4 time(s); retry policy is RetryUpToMaximumCountWithFixedSleep(maxRetries=10, sleepTime=1000 MILLISECONDS)
2019-09-28 01:18:55,774 [main] INFO  ipc.Client (Client.java:handleConnectionFailure(948)) - Retrying connect to server: localhost/127.0.0.1:0. Already tried 5 time(s); retry policy is RetryUpToMaximumCountWithFixedSleep(maxRetries=10, sleepTime=1000 MILLISECONDS)
2019-09-28 01:18:56,775 [main] INFO  ipc.Client (Client.java:handleConnectionFailure(948)) - Retrying connect to server: localhost/127.0.0.1:0. Already tried 6 time(s); retry policy is RetryUpToMaximumCountWithFixedSleep(maxRetries=10, sleepTime=1000 MILLISECONDS)
2019-09-28 01:18:57,776 [main] INFO  ipc.Client (Client.java:handleConnectionFailure(948)) - Retrying connect to server: localhost/127.0.0.1:0. Already tried 7 time(s); retry policy is RetryUpToMaximumCountWithFixedSleep(maxRetries=10, sleepTime=1000 MILLISECONDS)
2019-09-28 01:18:58,778 [main] INFO  ipc.Client (Client.java:handleConnectionFailure(948)) - Retrying connect to server: localhost/127.0.0.1:0. Already tried 8 time(s); retry policy is RetryUpToMaximumCountWithFixedSleep(maxRetries=10, sleepTime=1000 MILLISECONDS)
2019-09-28 01:18:59,779 [main] INFO  ipc.Client (Client.java:handleConnectionFailure(948)) - Retrying connect to server: localhost/127.0.0.1:0. Already tried 9 time(s); retry policy is RetryUpToMaximumCountWithFixedSleep(maxRetries=10, sleepTime=1000 MILLISECONDS)
2019-09-28 01:18:59,781 [main] INFO  retry.RetryInvocationHandler (RetryInvocationHandler.java:log(411)) - com.google.protobuf.ServiceException: java.net.ConnectException: Your endpoint configuration is wrong; For more details see:  http://wiki.apache.org/hadoop/UnsetHostnameOrPort, while invoking $Proxy35.submitRequest over nodeId=null,nodeAddress=127.0.0.1:0 after 6 failover attempts. Trying to failover immediately.
2019-09-28 01:19:00,782 [main] INFO  ipc.Client (Client.java:handleConnectionFailure(948)) - Retrying connect to server: localhost/127.0.0.1:0. Already tried 0 time(s); retry policy is RetryUpToMaximumCountWithFixedSleep(maxRetries=10, sleepTime=1000 MILLISECONDS)
2019-09-28 01:19:01,783 [main] INFO  ipc.Client (Client.java:handleConnectionFailure(948)) - Retrying connect to server: localhost/127.0.0.1:0. Already tried 1 time(s); retry policy is RetryUpToMaximumCountWithFixedSleep(maxRetries=10, sleepTime=1000 MILLISECONDS)
2019-09-28 01:19:02,785 [main] INFO  ipc.Client (Client.java:handleConnectionFailure(948)) - Retrying connect to server: localhost/127.0.0.1:0. Already tried 2 time(s); retry policy is RetryUpToMaximumCountWithFixedSleep(maxRetries=10, sleepTime=1000 MILLISECONDS)
2019-09-28 01:19:03,786 [main] INFO  ipc.Client (Client.java:handleConnectionFailure(948)) - Retrying connect to server: localhost/127.0.0.1:0. Already tried 3 time(s); retry policy is RetryUpToMaximumCountWithFixedSleep(maxRetries=10, sleepTime=1000 MILLISECONDS)
2019-09-28 01:19:04,788 [main] INFO  ipc.Client (Client.java:handleConnectionFailure(948)) - Retrying connect to server: localhost/127.0.0.1:0. Already tried 4 time(s); retry policy is RetryUpToMaximumCountWithFixedSleep(maxRetries=10, sleepTime=1000 MILLISECONDS)
2019-09-28 01:19:05,789 [main] INFO  ipc.Client (Client.java:handleConnectionFailure(948)) - Retrying connect to server: localhost/127.0.0.1:0. Already tried 5 time(s); retry policy is RetryUpToMaximumCountWithFixedSleep(maxRetries=10, sleepTime=1000 MILLISECONDS)
2019-09-28 01:19:06,790 [main] INFO  ipc.Client (Client.java:handleConnectionFailure(948)) - Retrying connect to server: localhost/127.0.0.1:0. Already tried 6 time(s); retry policy is RetryUpToMaximumCountWithFixedSleep(maxRetries=10, sleepTime=1000 MILLISECONDS)
2019-09-28 01:19:07,791 [main] INFO  ipc.Client (Client.java:handleConnectionFailure(948)) - Retrying connect to server: localhost/127.0.0.1:0. Already tried 7 time(s); retry policy is RetryUpToMaximumCountWithFixedSleep(maxRetries=10, sleepTime=1000 MILLISECONDS)
2019-09-28 01:19:08,793 [main] INFO  ipc.Client (Client.java:handleConnectionFailure(948)) - Retrying connect to server: localhost/127.0.0.1:0. Already tried 8 time(s); retry policy is RetryUpToMaximumCountWithFixedSleep(maxRetries=10, sleepTime=1000 MILLISECONDS)
2019-09-28 01:19:09,794 [main] INFO  ipc.Client (Client.java:handleConnectionFailure(948)) - Retrying connect to server: localhost/127.0.0.1:0. Already tried 9 time(s); retry policy is RetryUpToMaximumCountWithFixedSleep(maxRetries=10, sleepTime=1000 MILLISECONDS)
2019-09-28 01:19:09,795 [main] INFO  retry.RetryInvocationHandler (RetryInvocationHandler.java:log(411)) - com.google.protobuf.ServiceException: java.net.ConnectException: Your endpoint configuration is wrong; For more details see:  http://wiki.apache.org/hadoop/UnsetHostnameOrPort, while invoking $Proxy35.submitRequest over nodeId=null,nodeAddress=127.0.0.1:0 after 7 failover attempts. Trying to failover immediately.
2019-09-28 01:19:10,797 [main] INFO  ipc.Client (Client.java:handleConnectionFailure(948)) - Retrying connect to server: localhost/127.0.0.1:0. Already tried 0 time(s); retry policy is RetryUpToMaximumCountWithFixedSleep(maxRetries=10, sleepTime=1000 MILLISECONDS)
2019-09-28 01:19:11,798 [main] INFO  ipc.Client (Client.java:handleConnectionFailure(948)) - Retrying connect to server: localhost/127.0.0.1:0. Already tried 1 time(s); retry policy is RetryUpToMaximumCountWithFixedSleep(maxRetries=10, sleepTime=1000 MILLISECONDS)
2019-09-28 01:19:12,799 [main] INFO  ipc.Client (Client.java:handleConnectionFailure(948)) - Retrying connect to server: localhost/127.0.0.1:0. Already tried 2 time(s); retry policy is RetryUpToMaximumCountWithFixedSleep(maxRetries=10, sleepTime=1000 MILLISECONDS)
2019-09-28 01:19:13,801 [main] INFO  ipc.Client (Client.java:handleConnectionFailure(948)) - Retrying connect to server: localhost/127.0.0.1:0. Already tried 3 time(s); retry policy is RetryUpToMaximumCountWithFixedSleep(maxRetries=10, sleepTime=1000 MILLISECONDS)
2019-09-28 01:19:14,802 [main] INFO  ipc.Client (Client.java:handleConnectionFailure(948)) - Retrying connect to server: localhost/127.0.0.1:0. Already tried 4 time(s); retry policy is RetryUpToMaximumCountWithFixedSleep(maxRetries=10, sleepTime=1000 MILLISECONDS)
2019-09-28 01:19:15,804 [main] INFO  ipc.Client (Client.java:handleConnectionFailure(948)) - Retrying connect to server: localhost/127.0.0.1:0. Already tried 5 time(s); retry policy is RetryUpToMaximumCountWithFixedSleep(maxRetries=10, sleepTime=1000 MILLISECONDS)
2019-09-28 01:19:16,805 [main] INFO  ipc.Client (Client.java:handleConnectionFailure(948)) - Retrying connect to server: localhost/127.0.0.1:0. Already tried 6 time(s); retry policy is RetryUpToMaximumCountWithFixedSleep(maxRetries=10, sleepTime=1000 MILLISECONDS)
2019-09-28 01:19:17,806 [main] INFO  ipc.Client (Client.java:handleConnectionFailure(948)) - Retrying connect to server: localhost/127.0.0.1:0. Already tried 7 time(s); retry policy is RetryUpToMaximumCountWithFixedSleep(maxRetries=10, sleepTime=1000 MILLISECONDS)
2019-09-28 01:19:18,808 [main] INFO  ipc.Client (Client.java:handleConnectionFailure(948)) - Retrying connect to server: localhost/127.0.0.1:0. Already tried 8 time(s); retry policy is RetryUpToMaximumCountWithFixedSleep(maxRetries=10, sleepTime=1000 MILLISECONDS)
2019-09-28 01:19:19,809 [main] INFO  ipc.Client (Client.java:handleConnectionFailure(948)) - Retrying connect to server: localhost/127.0.0.1:0. Already tried 9 time(s); retry policy is RetryUpToMaximumCountWithFixedSleep(maxRetries=10, sleepTime=1000 MILLISECONDS)
2019-09-28 01:19:19,811 [main] INFO  retry.RetryInvocationHandler (RetryInvocationHandler.java:log(411)) - com.google.protobuf.ServiceException: java.net.ConnectException: Your endpoint configuration is wrong; For more details see:  http://wiki.apache.org/hadoop/UnsetHostnameOrPort, while invoking $Proxy35.submitRequest over nodeId=null,nodeAddress=127.0.0.1:0 after 8 failover attempts. Trying to failover immediately.
2019-09-28 01:19:20,812 [main] INFO  ipc.Client (Client.java:handleConnectionFailure(948)) - Retrying connect to server: localhost/127.0.0.1:0. Already tried 0 time(s); retry policy is RetryUpToMaximumCountWithFixedSleep(maxRetries=10, sleepTime=1000 MILLISECONDS)
2019-09-28 01:19:21,813 [main] INFO  ipc.Client (Client.java:handleConnectionFailure(948)) - Retrying connect to server: localhost/127.0.0.1:0. Already tried 1 time(s); retry policy is RetryUpToMaximumCountWithFixedSleep(maxRetries=10, sleepTime=1000 MILLISECONDS)
2019-09-28 01:19:22,815 [main] INFO  ipc.Client (Client.java:handleConnectionFailure(948)) - Retrying connect to server: localhost/127.0.0.1:0. Already tried 2 time(s); retry policy is RetryUpToMaximumCountWithFixedSleep(maxRetries=10, sleepTime=1000 MILLISECONDS)
2019-09-28 01:19:23,826 [main] INFO  ipc.Client (Client.java:handleConnectionFailure(948)) - Retrying connect to server: localhost/127.0.0.1:0. Already tried 3 time(s); retry policy is RetryUpToMaximumCountWithFixedSleep(maxRetries=10, sleepTime=1000 MILLISECONDS)
2019-09-28 01:19:24,827 [main] INFO  ipc.Client (Client.java:handleConnectionFailure(948)) - Retrying connect to server: localhost/127.0.0.1:0. Already tried 4 time(s); retry policy is RetryUpToMaximumCountWithFixedSleep(maxRetries=10, sleepTime=1000 MILLISECONDS)
2019-09-28 01:19:25,828 [main] INFO  ipc.Client (Client.java:handleConnectionFailure(948)) - Retrying connect to server: localhost/127.0.0.1:0. Already tried 5 time(s); retry policy is RetryUpToMaximumCountWithFixedSleep(maxRetries=10, sleepTime=1000 MILLISECONDS)
2019-09-28 01:19:26,830 [main] INFO  ipc.Client (Client.java:handleConnectionFailure(948)) - Retrying connect to server: localhost/127.0.0.1:0. Already tried 6 time(s); retry policy is RetryUpToMaximumCountWithFixedSleep(maxRetries=10, sleepTime=1000 MILLISECONDS)
2019-09-28 01:19:27,831 [main] INFO  ipc.Client (Client.java:handleConnectionFailure(948)) - Retrying connect to server: localhost/127.0.0.1:0. Already tried 7 time(s); retry policy is RetryUpToMaximumCountWithFixedSleep(maxRetries=10, sleepTime=1000 MILLISECONDS)
2019-09-28 01:19:28,832 [main] INFO  ipc.Client (Client.java:handleConnectionFailure(948)) - Retrying connect to server: localhost/127.0.0.1:0. Already tried 8 time(s); retry policy is RetryUpToMaximumCountWithFixedSleep(maxRetries=10, sleepTime=1000 MILLISECONDS)
2019-09-28 01:19:29,833 [main] INFO  ipc.Client (Client.java:handleConnectionFailure(948)) - Retrying connect to server: localhost/127.0.0.1:0. Already tried 9 time(s); retry policy is RetryUpToMaximumCountWithFixedSleep(maxRetries=10, sleepTime=1000 MILLISECONDS)
2019-09-28 01:19:29,835 [main] INFO  retry.RetryInvocationHandler (RetryInvocationHandler.java:log(411)) - com.google.protobuf.ServiceException: java.net.ConnectException: Your endpoint configuration is wrong; For more details see:  http://wiki.apache.org/hadoop/UnsetHostnameOrPort, while invoking $Proxy35.submitRequest over nodeId=null,nodeAddress=127.0.0.1:0 after 9 failover attempts. Trying to failover immediately.
2019-09-28 01:19:30,836 [main] INFO  ipc.Client (Client.java:handleConnectionFailure(948)) - Retrying connect to server: localhost/127.0.0.1:0. Already tried 0 time(s); retry policy is RetryUpToMaximumCountWithFixedSleep(maxRetries=10, sleepTime=1000 MILLISECONDS)
2019-09-28 01:19:31,838 [main] INFO  ipc.Client (Client.java:handleConnectionFailure(948)) - Retrying connect to server: localhost/127.0.0.1:0. Already tried 1 time(s); retry policy is RetryUpToMaximumCountWithFixedSleep(maxRetries=10, sleepTime=1000 MILLISECONDS)
2019-09-28 01:19:32,839 [main] INFO  ipc.Client (Client.java:handleConnectionFailure(948)) - Retrying connect to server: localhost/127.0.0.1:0. Already tried 2 time(s); retry policy is RetryUpToMaximumCountWithFixedSleep(maxRetries=10, sleepTime=1000 MILLISECONDS)
2019-09-28 01:19:33,840 [main] INFO  ipc.Client (Client.java:handleConnectionFailure(948)) - Retrying connect to server: localhost/127.0.0.1:0. Already tried 3 time(s); retry policy is RetryUpToMaximumCountWithFixedSleep(maxRetries=10, sleepTime=1000 MILLISECONDS)
2019-09-28 01:19:34,842 [main] INFO  ipc.Client (Client.java:handleConnectionFailure(948)) - Retrying connect to server: localhost/127.0.0.1:0. Already tried 4 time(s); retry policy is RetryUpToMaximumCountWithFixedSleep(maxRetries=10, sleepTime=1000 MILLISECONDS)
2019-09-28 01:19:35,843 [main] INFO  ipc.Client (Client.java:handleConnectionFailure(948)) - Retrying connect to server: localhost/127.0.0.1:0. Already tried 5 time(s); retry policy is RetryUpToMaximumCountWithFixedSleep(maxRetries=10, sleepTime=1000 MILLISECONDS)
2019-09-28 01:19:36,844 [main] INFO  ipc.Client (Client.java:handleConnectionFailure(948)) - Retrying connect to server: localhost/127.0.0.1:0. Already tried 6 time(s); retry policy is RetryUpToMaximumCountWithFixedSleep(maxRetries=10, sleepTime=1000 MILLISECONDS)
2019-09-28 01:19:37,846 [main] INFO  ipc.Client (Client.java:handleConnectionFailure(948)) - Retrying connect to server: localhost/127.0.0.1:0. Already tried 7 time(s); retry policy is RetryUpToMaximumCountWithFixedSleep(maxRetries=10, sleepTime=1000 MILLISECONDS)
2019-09-28 01:19:38,848 [main] INFO  ipc.Client (Client.java:handleConnectionFailure(948)) - Retrying connect to server: localhost/127.0.0.1:0. Already tried 8 time(s); retry policy is RetryUpToMaximumCountWithFixedSleep(maxRetries=10, sleepTime=1000 MILLISECONDS)
2019-09-28 01:19:39,849 [main] INFO  ipc.Client (Client.java:handleConnectionFailure(948)) - Retrying connect to server: localhost/127.0.0.1:0. Already tried 9 time(s); retry policy is RetryUpToMaximumCountWithFixedSleep(maxRetries=10, sleepTime=1000 MILLISECONDS)
2019-09-28 01:19:39,851 [main] ERROR ha.OMFailoverProxyProvider (OzoneManagerProtocolClientSideTranslatorPB.java:getRetryAction(268)) - Failed to connect to OM. Attempted 10 retries and 10 failovers
2019-09-28 01:19:39,851 [main] ERROR client.OzoneClientFactory (OzoneClientFactory.java:getClientProtocol(259)) - Couldn't create RpcClient protocol exception: 
java.net.ConnectException: Your endpoint configuration is wrong; For more details see:  http://wiki.apache.org/hadoop/UnsetHostnameOrPort
	at sun.reflect.GeneratedConstructorAccessor41.newInstance(Unknown Source)
	at sun.reflect.DelegatingConstructorAccessorImpl.newInstance(DelegatingConstructorAccessorImpl.java:45)
	at java.lang.reflect.Constructor.newInstance(Constructor.java:423)
	at org.apache.hadoop.net.NetUtils.wrapWithMessage(NetUtils.java:831)
	at org.apache.hadoop.net.NetUtils.wrapException(NetUtils.java:751)
	at org.apache.hadoop.ipc.Client.getRpcResponse(Client.java:1515)
	at org.apache.hadoop.ipc.Client.call(Client.java:1457)
	at org.apache.hadoop.ipc.Client.call(Client.java:1367)
	at org.apache.hadoop.ipc.ProtobufRpcEngine$Invoker.invoke(ProtobufRpcEngine.java:228)
	at org.apache.hadoop.ipc.ProtobufRpcEngine$Invoker.invoke(ProtobufRpcEngine.java:116)
	at com.sun.proxy.$Proxy35.submitRequest(Unknown Source)
	at sun.reflect.GeneratedMethodAccessor36.invoke(Unknown Source)
	at sun.reflect.DelegatingMethodAccessorImpl.invoke(DelegatingMethodAccessorImpl.java:43)
	at java.lang.reflect.Method.invoke(Method.java:498)
	at org.apache.hadoop.io.retry.RetryInvocationHandler.invokeMethod(RetryInvocationHandler.java:422)
	at org.apache.hadoop.io.retry.RetryInvocationHandler$Call.invokeMethod(RetryInvocationHandler.java:165)
	at org.apache.hadoop.io.retry.RetryInvocationHandler$Call.invoke(RetryInvocationHandler.java:157)
	at org.apache.hadoop.io.retry.RetryInvocationHandler$Call.invokeOnce(RetryInvocationHandler.java:95)
	at org.apache.hadoop.io.retry.RetryInvocationHandler.invoke(RetryInvocationHandler.java:359)
	at com.sun.proxy.$Proxy35.submitRequest(Unknown Source)
	at org.apache.hadoop.ozone.om.protocolPB.OzoneManagerProtocolClientSideTranslatorPB.submitRequest(OzoneManagerProtocolClientSideTranslatorPB.java:338)
	at org.apache.hadoop.ozone.om.protocolPB.OzoneManagerProtocolClientSideTranslatorPB.getServiceInfo(OzoneManagerProtocolClientSideTranslatorPB.java:1223)
	at sun.reflect.NativeMethodAccessorImpl.invoke0(Native Method)
	at sun.reflect.NativeMethodAccessorImpl.invoke(NativeMethodAccessorImpl.java:62)
	at sun.reflect.DelegatingMethodAccessorImpl.invoke(DelegatingMethodAccessorImpl.java:43)
	at java.lang.reflect.Method.invoke(Method.java:498)
	at org.apache.hadoop.hdds.tracing.TraceAllMethod.invoke(TraceAllMethod.java:66)
	at com.sun.proxy.$Proxy36.getServiceInfo(Unknown Source)
	at org.apache.hadoop.ozone.client.rpc.RpcClient.<init>(RpcClient.java:154)
	at org.apache.hadoop.ozone.client.OzoneClientFactory.getClientProtocol(OzoneClientFactory.java:256)
	at org.apache.hadoop.ozone.client.OzoneClientFactory.getClientProtocol(OzoneClientFactory.java:239)
	at org.apache.hadoop.ozone.client.OzoneClientFactory.getClient(OzoneClientFactory.java:75)
	at org.apache.hadoop.ozone.client.rpc.TestFailureHandlingByClient.init(TestFailureHandlingByClient.java:111)
	at org.apache.hadoop.ozone.client.rpc.TestFailureHandlingByClient.startCluster(TestFailureHandlingByClient.java:121)
	at org.apache.hadoop.ozone.client.rpc.TestFailureHandlingByClient.testWriteSmallFile(TestFailureHandlingByClient.java:177)
	at sun.reflect.NativeMethodAccessorImpl.invoke0(Native Method)
	at sun.reflect.NativeMethodAccessorImpl.invoke(NativeMethodAccessorImpl.java:62)
	at sun.reflect.DelegatingMethodAccessorImpl.invoke(DelegatingMethodAccessorImpl.java:43)
	at java.lang.reflect.Method.invoke(Method.java:498)
	at org.junit.runners.model.FrameworkMethod$1.runReflectiveCall(FrameworkMethod.java:47)
	at org.junit.internal.runners.model.ReflectiveCallable.run(ReflectiveCallable.java:12)
	at org.junit.runners.model.FrameworkMethod.invokeExplosively(FrameworkMethod.java:44)
	at org.junit.internal.runners.statements.InvokeMethod.evaluate(InvokeMethod.java:17)
	at org.junit.internal.runners.statements.RunAfters.evaluate(RunAfters.java:27)
	at org.junit.runners.ParentRunner.runLeaf(ParentRunner.java:271)
	at org.junit.runners.BlockJUnit4ClassRunner.runChild(BlockJUnit4ClassRunner.java:70)
	at org.junit.runners.BlockJUnit4ClassRunner.runChild(BlockJUnit4ClassRunner.java:50)
	at org.junit.runners.ParentRunner$3.run(ParentRunner.java:238)
	at org.junit.runners.ParentRunner$1.schedule(ParentRunner.java:63)
	at org.junit.runners.ParentRunner.runChildren(ParentRunner.java:236)
	at org.junit.runners.ParentRunner.access$000(ParentRunner.java:53)
	at org.junit.runners.ParentRunner$2.evaluate(ParentRunner.java:229)
	at org.junit.runners.ParentRunner.run(ParentRunner.java:309)
	at org.apache.maven.surefire.junit4.JUnit4Provider.execute(JUnit4Provider.java:365)
	at org.apache.maven.surefire.junit4.JUnit4Provider.executeWithRerun(JUnit4Provider.java:273)
	at org.apache.maven.surefire.junit4.JUnit4Provider.executeTestSet(JUnit4Provider.java:238)
	at org.apache.maven.surefire.junit4.JUnit4Provider.invoke(JUnit4Provider.java:159)
	at org.apache.maven.surefire.booter.ForkedBooter.invokeProviderInSameClassLoader(ForkedBooter.java:384)
	at org.apache.maven.surefire.booter.ForkedBooter.runSuitesInProcess(ForkedBooter.java:345)
	at org.apache.maven.surefire.booter.ForkedBooter.execute(ForkedBooter.java:126)
	at org.apache.maven.surefire.booter.ForkedBooter.main(ForkedBooter.java:418)
Caused by: java.net.ConnectException: Connection refused
	at sun.nio.ch.SocketChannelImpl.checkConnect(Native Method)
	at sun.nio.ch.SocketChannelImpl.finishConnect(SocketChannelImpl.java:717)
	at org.apache.hadoop.net.SocketIOWithTimeout.connect(SocketIOWithTimeout.java:206)
	at org.apache.hadoop.net.NetUtils.connect(NetUtils.java:531)
	at org.apache.hadoop.ipc.Client$Connection.setupConnection(Client.java:690)
	at org.apache.hadoop.ipc.Client$Connection.setupIOstreams(Client.java:794)
	at org.apache.hadoop.ipc.Client$Connection.access$3700(Client.java:411)
	at org.apache.hadoop.ipc.Client.getConnection(Client.java:1572)
	at org.apache.hadoop.ipc.Client.call(Client.java:1403)
	... 54 more
2019-09-28 01:19:39,853 [main] INFO  ozone.MiniOzoneClusterImpl (MiniOzoneClusterImpl.java:shutdown(314)) - Shutting down the Mini Ozone Cluster
2019-09-28 01:19:39,853 [main] INFO  ozone.MiniOzoneClusterImpl (MiniOzoneClusterImpl.java:stop(330)) - Stopping the Mini Ozone Cluster
2019-09-28 01:19:39,854 [main] INFO  ozone.MiniOzoneClusterImpl (MiniOzoneClusterImpl.java:stopOM(400)) - Stopping the OzoneManager
2019-09-28 01:19:39,854 [main] INFO  ipc.Server (Server.java:stop(3082)) - Stopping server on 44315
2019-09-28 01:19:39,873 [IPC Server listener on 44315] INFO  ipc.Server (Server.java:run(1185)) - Stopping IPC Server listener on 44315
2019-09-28 01:19:39,873 [IPC Server Responder] INFO  ipc.Server (Server.java:run(1319)) - Stopping IPC Server Responder
2019-09-28 01:19:39,873 [main] INFO  ratis.OzoneManagerDoubleBuffer (OzoneManagerDoubleBuffer.java:stop(248)) - Stopping OMDoubleBuffer flush thread
2019-09-28 01:19:39,899 [OMDoubleBufferFlushThread] INFO  ratis.OzoneManagerDoubleBuffer (OzoneManagerDoubleBuffer.java:flushTransactions(191)) - OMDoubleBuffer flush thread OMDoubleBufferFlushThread is interrupted and will exit. OMDoubleBufferFlushThread
2019-09-28 01:19:39,899 [main] INFO  utils.BackgroundService (BackgroundService.java:shutdown(148)) - Shutting down service KeyDeletingService
2019-09-28 01:19:39,901 [main] INFO  handler.ContextHandler (ContextHandler.java:doStop(910)) - Stopped o.e.j.w.WebAppContext@7e1ffe70{/,null,UNAVAILABLE}{/ozoneManager}
2019-09-28 01:19:39,902 [main] INFO  server.AbstractConnector (AbstractConnector.java:doStop(318)) - Stopped ServerConnector@73041b7d{HTTP/1.1,[http/1.1]}{0.0.0.0:0}
2019-09-28 01:19:39,903 [main] INFO  handler.ContextHandler (ContextHandler.java:doStop(910)) - Stopped o.e.j.s.ServletContextHandler@43ecfeb5{/static,file:///workdir/hadoop-ozone/integration-test/target/test-classes/webapps/static,UNAVAILABLE}
2019-09-28 01:19:39,903 [main] INFO  handler.ContextHandler (ContextHandler.java:doStop(910)) - Stopped o.e.j.s.ServletContextHandler@52ea0269{/logs,file:///workdir/hadoop-ozone/integration-test/target/log,UNAVAILABLE}
2019-09-28 01:19:39,907 [main] INFO  ozone.MiniOzoneClusterImpl (MiniOzoneClusterImpl.java:stopDatanodes(377)) - Stopping the HddsDatanodes
2019-09-28 01:19:40,308 [Datanode State Machine Thread - 0] INFO  statemachine.DatanodeStateMachine (DatanodeStateMachine.java:lambda$startDaemon$0(350)) - Ozone container server started.
2019-09-28 01:19:40,415 [Datanode State Machine Thread - 0] INFO  statemachine.DatanodeStateMachine (DatanodeStateMachine.java:lambda$startDaemon$0(350)) - Ozone container server started.
2019-09-28 01:19:44,909 [main] INFO  ozoneimpl.OzoneContainer (OzoneContainer.java:stop(231)) - Attempting to stop container services.
2019-09-28 01:19:44,909 [ForkJoinPool.commonPool-worker-0] INFO  ozoneimpl.OzoneContainer (OzoneContainer.java:stop(231)) - Attempting to stop container services.
2019-09-28 01:19:44,910 [main] INFO  impl.RaftServerProxy (RaftServerProxy.java:lambda$close$4(314)) - a6f3909d-04e3-4c75-9cc7-e0ce9610c43d: close
2019-09-28 01:19:44,910 [ForkJoinPool.commonPool-worker-0] INFO  impl.RaftServerProxy (RaftServerProxy.java:lambda$close$4(314)) - 14d5cd8c-0256-42d6-a2d7-07541ed6779f: close
2019-09-28 01:19:44,911 [main] INFO  impl.RaftServerImpl (RaftServerImpl.java:lambda$shutdown$3(251)) - a6f3909d-04e3-4c75-9cc7-e0ce9610c43d@group-06B9AAEC64E3: shutdown
2019-09-28 01:19:44,911 [ForkJoinPool.commonPool-worker-0] INFO  impl.RaftServerImpl (RaftServerImpl.java:lambda$shutdown$3(251)) - 14d5cd8c-0256-42d6-a2d7-07541ed6779f@group-823508E827D8: shutdown
2019-09-28 01:19:44,911 [main] INFO  util.JmxRegister (JmxRegister.java:unregister(73)) - Successfully un-registered JMX Bean with object name Ratis:service=RaftServer,group=group-06B9AAEC64E3,id=a6f3909d-04e3-4c75-9cc7-e0ce9610c43d
2019-09-28 01:19:44,911 [ForkJoinPool.commonPool-worker-0] INFO  util.JmxRegister (JmxRegister.java:unregister(73)) - Successfully un-registered JMX Bean with object name Ratis:service=RaftServer,group=group-823508E827D8,id=14d5cd8c-0256-42d6-a2d7-07541ed6779f
2019-09-28 01:19:44,912 [main] INFO  impl.RoleInfo (RoleInfo.java:shutdownLeaderState(104)) - a6f3909d-04e3-4c75-9cc7-e0ce9610c43d: shutdown LeaderState
2019-09-28 01:19:44,912 [ForkJoinPool.commonPool-worker-0] INFO  impl.RoleInfo (RoleInfo.java:shutdownLeaderState(104)) - 14d5cd8c-0256-42d6-a2d7-07541ed6779f: shutdown LeaderState
2019-09-28 01:19:44,913 [main] INFO  impl.PendingRequests (PendingRequests.java:sendNotLeaderResponses(202)) - a6f3909d-04e3-4c75-9cc7-e0ce9610c43d-PendingRequests: sendNotLeaderResponses
2019-09-28 01:19:44,913 [ForkJoinPool.commonPool-worker-0] INFO  impl.PendingRequests (PendingRequests.java:sendNotLeaderResponses(202)) - 14d5cd8c-0256-42d6-a2d7-07541ed6779f-PendingRequests: sendNotLeaderResponses
2019-09-28 01:19:44,914 [main] INFO  impl.StateMachineUpdater (StateMachineUpdater.java:stopAndJoin(125)) - a6f3909d-04e3-4c75-9cc7-e0ce9610c43d@group-06B9AAEC64E3-StateMachineUpdater: set stopIndex = 0
2019-09-28 01:19:44,914 [ForkJoinPool.commonPool-worker-0] INFO  impl.StateMachineUpdater (StateMachineUpdater.java:stopAndJoin(125)) - 14d5cd8c-0256-42d6-a2d7-07541ed6779f@group-823508E827D8-StateMachineUpdater: set stopIndex = 0
2019-09-28 01:19:44,915 [main] INFO  impl.RaftServerImpl (ServerState.java:close(385)) - a6f3909d-04e3-4c75-9cc7-e0ce9610c43d@group-06B9AAEC64E3: closes. applyIndex: 0
2019-09-28 01:19:44,915 [ForkJoinPool.commonPool-worker-0] INFO  impl.RaftServerImpl (ServerState.java:close(385)) - 14d5cd8c-0256-42d6-a2d7-07541ed6779f@group-823508E827D8: closes. applyIndex: 0
2019-09-28 01:19:44,916 [a6f3909d-04e3-4c75-9cc7-e0ce9610c43d@group-06B9AAEC64E3-SegmentedRaftLogWorker] INFO  segmented.SegmentedRaftLogWorker (SegmentedRaftLogWorker.java:run(313)) - a6f3909d-04e3-4c75-9cc7-e0ce9610c43d@group-06B9AAEC64E3-SegmentedRaftLogWorker was interrupted, exiting. There are 0 tasks remaining in the queue.
2019-09-28 01:19:44,916 [14d5cd8c-0256-42d6-a2d7-07541ed6779f@group-823508E827D8-SegmentedRaftLogWorker] INFO  segmented.SegmentedRaftLogWorker (SegmentedRaftLogWorker.java:run(313)) - 14d5cd8c-0256-42d6-a2d7-07541ed6779f@group-823508E827D8-SegmentedRaftLogWorker was interrupted, exiting. There are 0 tasks remaining in the queue.
2019-09-28 01:19:44,922 [main] INFO  segmented.SegmentedRaftLogWorker (SegmentedRaftLogWorker.java:close(228)) - a6f3909d-04e3-4c75-9cc7-e0ce9610c43d@group-06B9AAEC64E3-SegmentedRaftLogWorker close()
2019-09-28 01:19:44,922 [ForkJoinPool.commonPool-worker-0] INFO  segmented.SegmentedRaftLogWorker (SegmentedRaftLogWorker.java:close(228)) - 14d5cd8c-0256-42d6-a2d7-07541ed6779f@group-823508E827D8-SegmentedRaftLogWorker close()
2019-09-28 01:19:44,931 [main] INFO  impl.RaftServerImpl (RaftServerImpl.java:lambda$shutdown$3(251)) - a6f3909d-04e3-4c75-9cc7-e0ce9610c43d@group-902151DE03CA: shutdown
2019-09-28 01:19:44,934 [ForkJoinPool.commonPool-worker-0] INFO  impl.RaftServerImpl (RaftServerImpl.java:lambda$shutdown$3(251)) - 14d5cd8c-0256-42d6-a2d7-07541ed6779f@group-393F5BFE9DF9: shutdown
2019-09-28 01:19:44,934 [main] INFO  util.JmxRegister (JmxRegister.java:unregister(73)) - Successfully un-registered JMX Bean with object name Ratis:service=RaftServer,group=group-902151DE03CA,id=a6f3909d-04e3-4c75-9cc7-e0ce9610c43d
2019-09-28 01:19:44,935 [ForkJoinPool.commonPool-worker-0] INFO  util.JmxRegister (JmxRegister.java:unregister(73)) - Successfully un-registered JMX Bean with object name Ratis:service=RaftServer,group=group-393F5BFE9DF9,id=14d5cd8c-0256-42d6-a2d7-07541ed6779f
2019-09-28 01:19:44,935 [main] INFO  impl.RoleInfo (RoleInfo.java:shutdownFollowerState(121)) - a6f3909d-04e3-4c75-9cc7-e0ce9610c43d: shutdown FollowerState
2019-09-28 01:19:44,935 [ForkJoinPool.commonPool-worker-0] INFO  impl.RoleInfo (RoleInfo.java:shutdownFollowerState(121)) - 14d5cd8c-0256-42d6-a2d7-07541ed6779f: shutdown FollowerState
2019-09-28 01:19:44,936 [Thread-4279] INFO  impl.FollowerState (FollowerState.java:run(115)) - a6f3909d-04e3-4c75-9cc7-e0ce9610c43d: FollowerState was interrupted: java.lang.InterruptedException: sleep interrupted
2019-09-28 01:19:44,936 [main] INFO  impl.StateMachineUpdater (StateMachineUpdater.java:stopAndJoin(125)) - a6f3909d-04e3-4c75-9cc7-e0ce9610c43d@group-902151DE03CA-StateMachineUpdater: set stopIndex = 0
2019-09-28 01:19:44,937 [main] INFO  impl.RaftServerImpl (ServerState.java:close(385)) - a6f3909d-04e3-4c75-9cc7-e0ce9610c43d@group-902151DE03CA: closes. applyIndex: 0
2019-09-28 01:19:44,936 [Thread-4214] INFO  impl.FollowerState (FollowerState.java:run(115)) - 14d5cd8c-0256-42d6-a2d7-07541ed6779f: FollowerState was interrupted: java.lang.InterruptedException: sleep interrupted
2019-09-28 01:19:44,936 [ForkJoinPool.commonPool-worker-0] INFO  impl.StateMachineUpdater (StateMachineUpdater.java:stopAndJoin(125)) - 14d5cd8c-0256-42d6-a2d7-07541ed6779f@group-393F5BFE9DF9-StateMachineUpdater: set stopIndex = 0
2019-09-28 01:19:44,938 [ForkJoinPool.commonPool-worker-0] INFO  impl.RaftServerImpl (ServerState.java:close(385)) - 14d5cd8c-0256-42d6-a2d7-07541ed6779f@group-393F5BFE9DF9: closes. applyIndex: 0
2019-09-28 01:19:44,938 [a6f3909d-04e3-4c75-9cc7-e0ce9610c43d@group-902151DE03CA-SegmentedRaftLogWorker] INFO  segmented.SegmentedRaftLogWorker (SegmentedRaftLogWorker.java:run(313)) - a6f3909d-04e3-4c75-9cc7-e0ce9610c43d@group-902151DE03CA-SegmentedRaftLogWorker was interrupted, exiting. There are 0 tasks remaining in the queue.
2019-09-28 01:19:44,941 [14d5cd8c-0256-42d6-a2d7-07541ed6779f@group-393F5BFE9DF9-SegmentedRaftLogWorker] INFO  segmented.SegmentedRaftLogWorker (SegmentedRaftLogWorker.java:run(313)) - 14d5cd8c-0256-42d6-a2d7-07541ed6779f@group-393F5BFE9DF9-SegmentedRaftLogWorker was interrupted, exiting. There are 0 tasks remaining in the queue.
2019-09-28 01:19:44,941 [main] INFO  segmented.SegmentedRaftLogWorker (SegmentedRaftLogWorker.java:close(228)) - a6f3909d-04e3-4c75-9cc7-e0ce9610c43d@group-902151DE03CA-SegmentedRaftLogWorker close()
2019-09-28 01:19:44,944 [ForkJoinPool.commonPool-worker-0] INFO  segmented.SegmentedRaftLogWorker (SegmentedRaftLogWorker.java:close(228)) - 14d5cd8c-0256-42d6-a2d7-07541ed6779f@group-393F5BFE9DF9-SegmentedRaftLogWorker close()
2019-09-28 01:19:44,950 [main] INFO  server.GrpcService (GrpcService.java:closeImpl(164)) - a6f3909d-04e3-4c75-9cc7-e0ce9610c43d: shutdown server with port 33245 now
2019-09-28 01:19:44,955 [ForkJoinPool.commonPool-worker-0] INFO  server.GrpcService (GrpcService.java:closeImpl(164)) - 14d5cd8c-0256-42d6-a2d7-07541ed6779f: shutdown server with port 40125 now
2019-09-28 01:19:44,958 [main] INFO  server.GrpcService (GrpcService.java:closeImpl(172)) - a6f3909d-04e3-4c75-9cc7-e0ce9610c43d: shutdown server with port 33245 successfully
2019-09-28 01:19:44,958 [grpc-default-executor-1] WARN  server.GrpcLogAppender (LogUtils.java:warn(134)) - 4c896d7a-7f6e-4c9a-8a8b-40c5d5b27396@group-902151DE03CA->a6f3909d-04e3-4c75-9cc7-e0ce9610c43d-AppendLogResponseHandler: Failed appendEntries: org.apache.ratis.thirdparty.io.grpc.StatusRuntimeException: CANCELLED: HTTP/2 error code: CANCEL
Received Rst Stream
2019-09-28 01:19:44,958 [grpc-default-executor-0] WARN  server.GrpcServerProtocolService (LogUtils.java:warn(134)) - a6f3909d-04e3-4c75-9cc7-e0ce9610c43d: installSnapshot onError, lastRequest: 4c896d7a-7f6e-4c9a-8a8b-40c5d5b27396->a6f3909d-04e3-4c75-9cc7-e0ce9610c43d#226-t2, previous=(t:2, i:0), leaderCommit=0, initializing? false, entries: <empty>: org.apache.ratis.thirdparty.io.grpc.StatusRuntimeException: CANCELLED: cancelled before receiving half close
2019-09-28 01:19:44,959 [grpc-default-executor-4] WARN  server.GrpcServerProtocolService (LogUtils.java:warn(134)) - 14d5cd8c-0256-42d6-a2d7-07541ed6779f: installSnapshot onError, lastRequest: 5a7443cd-0ba8-4045-a615-ca9d87f0fd78->14d5cd8c-0256-42d6-a2d7-07541ed6779f#229-t1, previous=(t:1, i:0), leaderCommit=0, initializing? false, entries: <empty>: org.apache.ratis.thirdparty.io.grpc.StatusRuntimeException: CANCELLED: cancelled before receiving half close
2019-09-28 01:19:44,959 [grpc-default-executor-3] WARN  server.GrpcLogAppender (LogUtils.java:warn(134)) - 5a7443cd-0ba8-4045-a615-ca9d87f0fd78@group-393F5BFE9DF9->14d5cd8c-0256-42d6-a2d7-07541ed6779f-AppendLogResponseHandler: Failed appendEntries: org.apache.ratis.thirdparty.io.grpc.StatusRuntimeException: CANCELLED: HTTP/2 error code: CANCEL
Received Rst Stream
2019-09-28 01:19:44,959 [ForkJoinPool.commonPool-worker-0] INFO  server.GrpcService (GrpcService.java:closeImpl(172)) - 14d5cd8c-0256-42d6-a2d7-07541ed6779f: shutdown server with port 40125 successfully
2019-09-28 01:19:44,960 [grpc-default-executor-3] INFO  impl.FollowerInfo (FollowerInfo.java:lambda$new$0(51)) - 5a7443cd-0ba8-4045-a615-ca9d87f0fd78@group-393F5BFE9DF9->14d5cd8c-0256-42d6-a2d7-07541ed6779f: nextIndex: updateUnconditionally 1 -> 0
2019-09-28 01:19:44,959 [grpc-default-executor-1] INFO  impl.FollowerInfo (FollowerInfo.java:lambda$new$0(51)) - 4c896d7a-7f6e-4c9a-8a8b-40c5d5b27396@group-902151DE03CA->a6f3909d-04e3-4c75-9cc7-e0ce9610c43d: nextIndex: updateUnconditionally 1 -> 0
2019-09-28 01:19:44,964 [refreshUsed-/workdir/hadoop-ozone/integration-test/target/test-dir/MiniOzoneClusterImpl-8d3ed4ce-f2e5-424c-95d5-a4ae13d3a978/datanode-2/data/containers] WARN  fs.CachingGetSpaceUsed (CachingGetSpaceUsed.java:run(183)) - Thread Interrupted waiting to refresh disk information: sleep interrupted
2019-09-28 01:19:44,964 [refreshUsed-/workdir/hadoop-ozone/integration-test/target/test-dir/MiniOzoneClusterImpl-8d3ed4ce-f2e5-424c-95d5-a4ae13d3a978/datanode-5/data/containers] WARN  fs.CachingGetSpaceUsed (CachingGetSpaceUsed.java:run(183)) - Thread Interrupted waiting to refresh disk information: sleep interrupted
2019-09-28 01:19:44,992 [main] INFO  utils.BackgroundService (BackgroundService.java:shutdown(148)) - Shutting down service BlockDeletingService
2019-09-28 01:19:44,992 [ForkJoinPool.commonPool-worker-0] INFO  utils.BackgroundService (BackgroundService.java:shutdown(148)) - Shutting down service BlockDeletingService
2019-09-28 01:19:45,000 [main] INFO  statemachine.DatanodeStateMachine (DatanodeStateMachine.java:stopDaemon(395)) - Ozone container server stopped.
2019-09-28 01:19:45,000 [ForkJoinPool.commonPool-worker-0] INFO  statemachine.DatanodeStateMachine (DatanodeStateMachine.java:stopDaemon(395)) - Ozone container server stopped.
2019-09-28 01:19:45,008 [main] INFO  handler.ContextHandler (ContextHandler.java:doStop(910)) - Stopped o.e.j.w.WebAppContext@33f2cfda{/,null,UNAVAILABLE}{/hddsDatanode}
2019-09-28 01:19:45,008 [ForkJoinPool.commonPool-worker-0] INFO  handler.ContextHandler (ContextHandler.java:doStop(910)) - Stopped o.e.j.w.WebAppContext@73894c5a{/,null,UNAVAILABLE}{/hddsDatanode}
2019-09-28 01:19:45,009 [main] INFO  server.AbstractConnector (AbstractConnector.java:doStop(318)) - Stopped ServerConnector@68ef01a5{HTTP/1.1,[http/1.1]}{0.0.0.0:0}
2019-09-28 01:19:45,009 [ForkJoinPool.commonPool-worker-0] INFO  server.AbstractConnector (AbstractConnector.java:doStop(318)) - Stopped ServerConnector@7698b7a4{HTTP/1.1,[http/1.1]}{0.0.0.0:0}
2019-09-28 01:19:45,010 [main] INFO  handler.ContextHandler (ContextHandler.java:doStop(910)) - Stopped o.e.j.s.ServletContextHandler@5ad6cc21{/static,jar:file:/home/user/.m2/repository/org/apache/hadoop/hadoop-hdds-container-service/0.5.0-SNAPSHOT/hadoop-hdds-container-service-0.5.0-SNAPSHOT.jar!/webapps/static,UNAVAILABLE}
2019-09-28 01:19:45,012 [ForkJoinPool.commonPool-worker-0] INFO  handler.ContextHandler (ContextHandler.java:doStop(910)) - Stopped o.e.j.s.ServletContextHandler@2e5e6fc4{/static,jar:file:/home/user/.m2/repository/org/apache/hadoop/hadoop-hdds-container-service/0.5.0-SNAPSHOT/hadoop-hdds-container-service-0.5.0-SNAPSHOT.jar!/webapps/static,UNAVAILABLE}
2019-09-28 01:19:45,012 [main] INFO  handler.ContextHandler (ContextHandler.java:doStop(910)) - Stopped o.e.j.s.ServletContextHandler@6dce59e{/logs,file:///workdir/hadoop-ozone/integration-test/target/log,UNAVAILABLE}
2019-09-28 01:19:45,015 [ForkJoinPool.commonPool-worker-0] INFO  handler.ContextHandler (ContextHandler.java:doStop(910)) - Stopped o.e.j.s.ServletContextHandler@1cc8416a{/logs,file:///workdir/hadoop-ozone/integration-test/target/log,UNAVAILABLE}
2019-09-28 01:19:45,125 [grpc-default-executor-4] WARN  server.GrpcLogAppender (LogUtils.java:warn(134)) - 5a7443cd-0ba8-4045-a615-ca9d87f0fd78@group-393F5BFE9DF9->14d5cd8c-0256-42d6-a2d7-07541ed6779f-AppendLogResponseHandler: Failed appendEntries: org.apache.ratis.thirdparty.io.grpc.StatusRuntimeException: UNAVAILABLE: io exception
2019-09-28 01:19:45,125 [grpc-default-executor-2] WARN  server.GrpcLogAppender (LogUtils.java:warn(134)) - 4c896d7a-7f6e-4c9a-8a8b-40c5d5b27396@group-902151DE03CA->a6f3909d-04e3-4c75-9cc7-e0ce9610c43d-AppendLogResponseHandler: Failed appendEntries: org.apache.ratis.thirdparty.io.grpc.StatusRuntimeException: UNAVAILABLE: io exception
2019-09-28 01:19:45,126 [grpc-default-executor-4] INFO  impl.FollowerInfo (FollowerInfo.java:lambda$new$0(51)) - 5a7443cd-0ba8-4045-a615-ca9d87f0fd78@group-393F5BFE9DF9->14d5cd8c-0256-42d6-a2d7-07541ed6779f: nextIndex: updateUnconditionally 0 -> 0
2019-09-28 01:19:45,126 [grpc-default-executor-2] INFO  impl.FollowerInfo (FollowerInfo.java:lambda$new$0(51)) - 4c896d7a-7f6e-4c9a-8a8b-40c5d5b27396@group-902151DE03CA->a6f3909d-04e3-4c75-9cc7-e0ce9610c43d: nextIndex: updateUnconditionally 0 -> 0
2019-09-28 01:19:45,297 [Datanode State Machine Thread - 0] INFO  statemachine.DatanodeStateMachine (DatanodeStateMachine.java:lambda$startDaemon$0(350)) - Ozone container server started.
2019-09-28 01:19:45,466 [Datanode State Machine Thread - 0] INFO  statemachine.DatanodeStateMachine (DatanodeStateMachine.java:lambda$startDaemon$0(350)) - Ozone container server started.
2019-09-28 01:19:45,626 [grpc-default-executor-3] WARN  server.GrpcLogAppender (LogUtils.java:warn(134)) - 4c896d7a-7f6e-4c9a-8a8b-40c5d5b27396@group-902151DE03CA->a6f3909d-04e3-4c75-9cc7-e0ce9610c43d-AppendLogResponseHandler: Failed appendEntries: org.apache.ratis.thirdparty.io.grpc.StatusRuntimeException: UNAVAILABLE: io exception
2019-09-28 01:19:45,626 [grpc-default-executor-5] WARN  server.GrpcLogAppender (LogUtils.java:warn(134)) - 5a7443cd-0ba8-4045-a615-ca9d87f0fd78@group-393F5BFE9DF9->14d5cd8c-0256-42d6-a2d7-07541ed6779f-AppendLogResponseHandler: Failed appendEntries: org.apache.ratis.thirdparty.io.grpc.StatusRuntimeException: UNAVAILABLE: io exception
2019-09-28 01:19:45,627 [grpc-default-executor-3] INFO  impl.FollowerInfo (FollowerInfo.java:lambda$new$0(51)) - 4c896d7a-7f6e-4c9a-8a8b-40c5d5b27396@group-902151DE03CA->a6f3909d-04e3-4c75-9cc7-e0ce9610c43d: nextIndex: updateUnconditionally 0 -> 0
2019-09-28 01:19:45,627 [grpc-default-executor-5] INFO  impl.FollowerInfo (FollowerInfo.java:lambda$new$0(51)) - 5a7443cd-0ba8-4045-a615-ca9d87f0fd78@group-393F5BFE9DF9->14d5cd8c-0256-42d6-a2d7-07541ed6779f: nextIndex: updateUnconditionally 0 -> 0
2019-09-28 01:19:46,127 [grpc-default-executor-1] WARN  server.GrpcLogAppender (LogUtils.java:warn(134)) - 5a7443cd-0ba8-4045-a615-ca9d87f0fd78@group-393F5BFE9DF9->14d5cd8c-0256-42d6-a2d7-07541ed6779f-AppendLogResponseHandler: Failed appendEntries: org.apache.ratis.thirdparty.io.grpc.StatusRuntimeException: UNAVAILABLE: io exception
2019-09-28 01:19:46,127 [grpc-default-executor-3] WARN  server.GrpcLogAppender (LogUtils.java:warn(134)) - 4c896d7a-7f6e-4c9a-8a8b-40c5d5b27396@group-902151DE03CA->a6f3909d-04e3-4c75-9cc7-e0ce9610c43d-AppendLogResponseHandler: Failed appendEntries: org.apache.ratis.thirdparty.io.grpc.StatusRuntimeException: UNAVAILABLE: io exception
2019-09-28 01:19:46,127 [grpc-default-executor-1] INFO  impl.FollowerInfo (FollowerInfo.java:lambda$new$0(51)) - 5a7443cd-0ba8-4045-a615-ca9d87f0fd78@group-393F5BFE9DF9->14d5cd8c-0256-42d6-a2d7-07541ed6779f: nextIndex: updateUnconditionally 0 -> 0
2019-09-28 01:19:46,127 [grpc-default-executor-3] INFO  impl.FollowerInfo (FollowerInfo.java:lambda$new$0(51)) - 4c896d7a-7f6e-4c9a-8a8b-40c5d5b27396@group-902151DE03CA->a6f3909d-04e3-4c75-9cc7-e0ce9610c43d: nextIndex: updateUnconditionally 0 -> 0
2019-09-28 01:19:46,627 [grpc-default-executor-4] WARN  server.GrpcLogAppender (LogUtils.java:warn(134)) - 5a7443cd-0ba8-4045-a615-ca9d87f0fd78@group-393F5BFE9DF9->14d5cd8c-0256-42d6-a2d7-07541ed6779f-AppendLogResponseHandler: Failed appendEntries: org.apache.ratis.thirdparty.io.grpc.StatusRuntimeException: UNAVAILABLE: io exception
2019-09-28 01:19:46,627 [grpc-default-executor-0] WARN  server.GrpcLogAppender (LogUtils.java:warn(134)) - 4c896d7a-7f6e-4c9a-8a8b-40c5d5b27396@group-902151DE03CA->a6f3909d-04e3-4c75-9cc7-e0ce9610c43d-AppendLogResponseHandler: Failed appendEntries: org.apache.ratis.thirdparty.io.grpc.StatusRuntimeException: UNAVAILABLE: io exception
2019-09-28 01:19:46,627 [grpc-default-executor-4] INFO  impl.FollowerInfo (FollowerInfo.java:lambda$new$0(51)) - 5a7443cd-0ba8-4045-a615-ca9d87f0fd78@group-393F5BFE9DF9->14d5cd8c-0256-42d6-a2d7-07541ed6779f: nextIndex: updateUnconditionally 0 -> 0
2019-09-28 01:19:46,628 [grpc-default-executor-0] INFO  impl.FollowerInfo (FollowerInfo.java:lambda$new$0(51)) - 4c896d7a-7f6e-4c9a-8a8b-40c5d5b27396@group-902151DE03CA->a6f3909d-04e3-4c75-9cc7-e0ce9610c43d: nextIndex: updateUnconditionally 0 -> 0
2019-09-28 01:19:47,128 [grpc-default-executor-4] WARN  server.GrpcLogAppender (LogUtils.java:warn(134)) - 5a7443cd-0ba8-4045-a615-ca9d87f0fd78@group-393F5BFE9DF9->14d5cd8c-0256-42d6-a2d7-07541ed6779f-AppendLogResponseHandler: Failed appendEntries: org.apache.ratis.thirdparty.io.grpc.StatusRuntimeException: UNAVAILABLE: io exception
2019-09-28 01:19:47,129 [grpc-default-executor-5] WARN  server.GrpcLogAppender (LogUtils.java:warn(134)) - 4c896d7a-7f6e-4c9a-8a8b-40c5d5b27396@group-902151DE03CA->a6f3909d-04e3-4c75-9cc7-e0ce9610c43d-AppendLogResponseHandler: Failed appendEntries: org.apache.ratis.thirdparty.io.grpc.StatusRuntimeException: UNAVAILABLE: io exception
2019-09-28 01:19:47,129 [grpc-default-executor-4] INFO  impl.FollowerInfo (FollowerInfo.java:lambda$new$0(51)) - 5a7443cd-0ba8-4045-a615-ca9d87f0fd78@group-393F5BFE9DF9->14d5cd8c-0256-42d6-a2d7-07541ed6779f: nextIndex: updateUnconditionally 0 -> 0
2019-09-28 01:19:47,129 [grpc-default-executor-5] INFO  impl.FollowerInfo (FollowerInfo.java:lambda$new$0(51)) - 4c896d7a-7f6e-4c9a-8a8b-40c5d5b27396@group-902151DE03CA->a6f3909d-04e3-4c75-9cc7-e0ce9610c43d: nextIndex: updateUnconditionally 0 -> 0
2019-09-28 01:19:47,629 [grpc-default-executor-4] WARN  server.GrpcLogAppender (LogUtils.java:warn(134)) - 5a7443cd-0ba8-4045-a615-ca9d87f0fd78@group-393F5BFE9DF9->14d5cd8c-0256-42d6-a2d7-07541ed6779f-AppendLogResponseHandler: Failed appendEntries: org.apache.ratis.thirdparty.io.grpc.StatusRuntimeException: UNAVAILABLE: io exception
2019-09-28 01:19:47,630 [grpc-default-executor-4] INFO  impl.FollowerInfo (FollowerInfo.java:lambda$new$0(51)) - 5a7443cd-0ba8-4045-a615-ca9d87f0fd78@group-393F5BFE9DF9->14d5cd8c-0256-42d6-a2d7-07541ed6779f: nextIndex: updateUnconditionally 0 -> 0
2019-09-28 01:19:47,631 [grpc-default-executor-1] WARN  server.GrpcLogAppender (LogUtils.java:warn(134)) - 4c896d7a-7f6e-4c9a-8a8b-40c5d5b27396@group-902151DE03CA->a6f3909d-04e3-4c75-9cc7-e0ce9610c43d-AppendLogResponseHandler: Failed appendEntries: org.apache.ratis.thirdparty.io.grpc.StatusRuntimeException: UNAVAILABLE: io exception
2019-09-28 01:19:47,632 [grpc-default-executor-1] INFO  impl.FollowerInfo (FollowerInfo.java:lambda$new$0(51)) - 4c896d7a-7f6e-4c9a-8a8b-40c5d5b27396@group-902151DE03CA->a6f3909d-04e3-4c75-9cc7-e0ce9610c43d: nextIndex: updateUnconditionally 0 -> 0
2019-09-28 01:19:48,130 [grpc-default-executor-1] WARN  server.GrpcLogAppender (LogUtils.java:warn(134)) - 4c896d7a-7f6e-4c9a-8a8b-40c5d5b27396@group-902151DE03CA->a6f3909d-04e3-4c75-9cc7-e0ce9610c43d-AppendLogResponseHandler: Failed appendEntries: org.apache.ratis.thirdparty.io.grpc.StatusRuntimeException: UNAVAILABLE: io exception
2019-09-28 01:19:48,130 [grpc-default-executor-4] WARN  server.GrpcLogAppender (LogUtils.java:warn(134)) - 5a7443cd-0ba8-4045-a615-ca9d87f0fd78@group-393F5BFE9DF9->14d5cd8c-0256-42d6-a2d7-07541ed6779f-AppendLogResponseHandler: Failed appendEntries: org.apache.ratis.thirdparty.io.grpc.StatusRuntimeException: UNAVAILABLE: io exception
2019-09-28 01:19:48,131 [grpc-default-executor-1] INFO  impl.FollowerInfo (FollowerInfo.java:lambda$new$0(51)) - 4c896d7a-7f6e-4c9a-8a8b-40c5d5b27396@group-902151DE03CA->a6f3909d-04e3-4c75-9cc7-e0ce9610c43d: nextIndex: updateUnconditionally 0 -> 0
2019-09-28 01:19:48,131 [grpc-default-executor-4] INFO  impl.FollowerInfo (FollowerInfo.java:lambda$new$0(51)) - 5a7443cd-0ba8-4045-a615-ca9d87f0fd78@group-393F5BFE9DF9->14d5cd8c-0256-42d6-a2d7-07541ed6779f: nextIndex: updateUnconditionally 0 -> 0
2019-09-28 01:19:48,631 [grpc-default-executor-3] WARN  server.GrpcLogAppender (LogUtils.java:warn(134)) - 5a7443cd-0ba8-4045-a615-ca9d87f0fd78@group-393F5BFE9DF9->14d5cd8c-0256-42d6-a2d7-07541ed6779f-AppendLogResponseHandler: Failed appendEntries: org.apache.ratis.thirdparty.io.grpc.StatusRuntimeException: UNAVAILABLE: io exception
2019-09-28 01:19:48,631 [grpc-default-executor-4] WARN  server.GrpcLogAppender (LogUtils.java:warn(134)) - 4c896d7a-7f6e-4c9a-8a8b-40c5d5b27396@group-902151DE03CA->a6f3909d-04e3-4c75-9cc7-e0ce9610c43d-AppendLogResponseHandler: Failed appendEntries: org.apache.ratis.thirdparty.io.grpc.StatusRuntimeException: UNAVAILABLE: io exception
2019-09-28 01:19:48,631 [grpc-default-executor-3] INFO  impl.FollowerInfo (FollowerInfo.java:lambda$new$0(51)) - 5a7443cd-0ba8-4045-a615-ca9d87f0fd78@group-393F5BFE9DF9->14d5cd8c-0256-42d6-a2d7-07541ed6779f: nextIndex: updateUnconditionally 0 -> 0
2019-09-28 01:19:48,632 [grpc-default-executor-4] INFO  impl.FollowerInfo (FollowerInfo.java:lambda$new$0(51)) - 4c896d7a-7f6e-4c9a-8a8b-40c5d5b27396@group-902151DE03CA->a6f3909d-04e3-4c75-9cc7-e0ce9610c43d: nextIndex: updateUnconditionally 0 -> 0
2019-09-28 01:19:49,132 [grpc-default-executor-4] WARN  server.GrpcLogAppender (LogUtils.java:warn(134)) - 5a7443cd-0ba8-4045-a615-ca9d87f0fd78@group-393F5BFE9DF9->14d5cd8c-0256-42d6-a2d7-07541ed6779f-AppendLogResponseHandler: Failed appendEntries: org.apache.ratis.thirdparty.io.grpc.StatusRuntimeException: UNAVAILABLE: io exception
2019-09-28 01:19:49,132 [grpc-default-executor-5] WARN  server.GrpcLogAppender (LogUtils.java:warn(134)) - 4c896d7a-7f6e-4c9a-8a8b-40c5d5b27396@group-902151DE03CA->a6f3909d-04e3-4c75-9cc7-e0ce9610c43d-AppendLogResponseHandler: Failed appendEntries: org.apache.ratis.thirdparty.io.grpc.StatusRuntimeException: UNAVAILABLE: io exception
2019-09-28 01:19:49,133 [grpc-default-executor-4] INFO  impl.FollowerInfo (FollowerInfo.java:lambda$new$0(51)) - 5a7443cd-0ba8-4045-a615-ca9d87f0fd78@group-393F5BFE9DF9->14d5cd8c-0256-42d6-a2d7-07541ed6779f: nextIndex: updateUnconditionally 0 -> 0
2019-09-28 01:19:49,133 [grpc-default-executor-5] INFO  impl.FollowerInfo (FollowerInfo.java:lambda$new$0(51)) - 4c896d7a-7f6e-4c9a-8a8b-40c5d5b27396@group-902151DE03CA->a6f3909d-04e3-4c75-9cc7-e0ce9610c43d: nextIndex: updateUnconditionally 0 -> 0
2019-09-28 01:19:49,633 [grpc-default-executor-5] WARN  server.GrpcLogAppender (LogUtils.java:warn(134)) - 4c896d7a-7f6e-4c9a-8a8b-40c5d5b27396@group-902151DE03CA->a6f3909d-04e3-4c75-9cc7-e0ce9610c43d-AppendLogResponseHandler: Failed appendEntries: org.apache.ratis.thirdparty.io.grpc.StatusRuntimeException: UNAVAILABLE: io exception
2019-09-28 01:19:49,633 [grpc-default-executor-1] WARN  server.GrpcLogAppender (LogUtils.java:warn(134)) - 5a7443cd-0ba8-4045-a615-ca9d87f0fd78@group-393F5BFE9DF9->14d5cd8c-0256-42d6-a2d7-07541ed6779f-AppendLogResponseHandler: Failed appendEntries: org.apache.ratis.thirdparty.io.grpc.StatusRuntimeException: UNAVAILABLE: io exception
2019-09-28 01:19:49,633 [grpc-default-executor-5] INFO  impl.FollowerInfo (FollowerInfo.java:lambda$new$0(51)) - 4c896d7a-7f6e-4c9a-8a8b-40c5d5b27396@group-902151DE03CA->a6f3909d-04e3-4c75-9cc7-e0ce9610c43d: nextIndex: updateUnconditionally 0 -> 0
2019-09-28 01:19:49,634 [grpc-default-executor-1] INFO  impl.FollowerInfo (FollowerInfo.java:lambda$new$0(51)) - 5a7443cd-0ba8-4045-a615-ca9d87f0fd78@group-393F5BFE9DF9->14d5cd8c-0256-42d6-a2d7-07541ed6779f: nextIndex: updateUnconditionally 0 -> 0
2019-09-28 01:19:50,017 [main] INFO  ozoneimpl.OzoneContainer (OzoneContainer.java:stop(231)) - Attempting to stop container services.
2019-09-28 01:19:50,017 [ForkJoinPool.commonPool-worker-0] INFO  ozoneimpl.OzoneContainer (OzoneContainer.java:stop(231)) - Attempting to stop container services.
2019-09-28 01:19:50,018 [main] INFO  impl.RaftServerProxy (RaftServerProxy.java:lambda$close$4(314)) - 565b5b85-11c8-4363-a629-f9f642ddd7a8: close
2019-09-28 01:19:50,018 [ForkJoinPool.commonPool-worker-0] INFO  impl.RaftServerProxy (RaftServerProxy.java:lambda$close$4(314)) - 4c896d7a-7f6e-4c9a-8a8b-40c5d5b27396: close
2019-09-28 01:19:50,018 [main] INFO  impl.RaftServerImpl (RaftServerImpl.java:lambda$shutdown$3(251)) - 565b5b85-11c8-4363-a629-f9f642ddd7a8@group-1188A0DF3799: shutdown
2019-09-28 01:19:50,018 [ForkJoinPool.commonPool-worker-0] INFO  impl.RaftServerImpl (RaftServerImpl.java:lambda$shutdown$3(251)) - 4c896d7a-7f6e-4c9a-8a8b-40c5d5b27396@group-902151DE03CA: shutdown
2019-09-28 01:19:50,019 [main] INFO  util.JmxRegister (JmxRegister.java:unregister(73)) - Successfully un-registered JMX Bean with object name Ratis:service=RaftServer,group=group-1188A0DF3799,id=565b5b85-11c8-4363-a629-f9f642ddd7a8
2019-09-28 01:19:50,019 [ForkJoinPool.commonPool-worker-0] INFO  util.JmxRegister (JmxRegister.java:unregister(73)) - Successfully un-registered JMX Bean with object name Ratis:service=RaftServer,group=group-902151DE03CA,id=4c896d7a-7f6e-4c9a-8a8b-40c5d5b27396
2019-09-28 01:19:50,020 [main] INFO  impl.RoleInfo (RoleInfo.java:shutdownLeaderState(104)) - 565b5b85-11c8-4363-a629-f9f642ddd7a8: shutdown LeaderState
2019-09-28 01:19:50,020 [ForkJoinPool.commonPool-worker-0] INFO  impl.RoleInfo (RoleInfo.java:shutdownLeaderState(104)) - 4c896d7a-7f6e-4c9a-8a8b-40c5d5b27396: shutdown LeaderState
2019-09-28 01:19:50,021 [main] INFO  impl.PendingRequests (PendingRequests.java:sendNotLeaderResponses(202)) - 565b5b85-11c8-4363-a629-f9f642ddd7a8-PendingRequests: sendNotLeaderResponses
2019-09-28 01:19:50,041 [org.apache.ratis.server.impl.LogAppender$AppenderDaemon$$Lambda$428/1278375776@45b692c6] WARN  server.GrpcLogAppender (GrpcLogAppender.java:mayWait(143)) - 4c896d7a-7f6e-4c9a-8a8b-40c5d5b27396@group-902151DE03CA->a6f3909d-04e3-4c75-9cc7-e0ce9610c43d-GrpcLogAppender: Wait interrupted by java.lang.InterruptedException
2019-09-28 01:19:50,041 [org.apache.ratis.server.impl.LogAppender$AppenderDaemon$$Lambda$428/1278375776@2cad3fe3] WARN  server.GrpcLogAppender (GrpcLogAppender.java:mayWait(143)) - 4c896d7a-7f6e-4c9a-8a8b-40c5d5b27396@group-902151DE03CA->169076bb-2216-469a-9fc5-b7d227bcc1f0-GrpcLogAppender: Wait interrupted by java.lang.InterruptedException
2019-09-28 01:19:50,041 [ForkJoinPool.commonPool-worker-0] INFO  impl.PendingRequests (PendingRequests.java:sendNotLeaderResponses(202)) - 4c896d7a-7f6e-4c9a-8a8b-40c5d5b27396-PendingRequests: sendNotLeaderResponses
2019-09-28 01:19:50,042 [main] INFO  impl.StateMachineUpdater (StateMachineUpdater.java:stopAndJoin(125)) - 565b5b85-11c8-4363-a629-f9f642ddd7a8@group-1188A0DF3799-StateMachineUpdater: set stopIndex = 0
2019-09-28 01:19:50,043 [grpc-default-executor-5] INFO  server.GrpcServerProtocolService (GrpcServerProtocolService.java:onCompleted(113)) - 169076bb-2216-469a-9fc5-b7d227bcc1f0: Completed APPEND_ENTRIES, lastRequest: 4c896d7a-7f6e-4c9a-8a8b-40c5d5b27396->169076bb-2216-469a-9fc5-b7d227bcc1f0#237-t2, previous=(t:2, i:0), leaderCommit=0, initializing? false, entries: <empty>
2019-09-28 01:19:50,043 [main] INFO  impl.RaftServerImpl (ServerState.java:close(385)) - 565b5b85-11c8-4363-a629-f9f642ddd7a8@group-1188A0DF3799: closes. applyIndex: 0
2019-09-28 01:19:50,043 [ForkJoinPool.commonPool-worker-0] INFO  impl.StateMachineUpdater (StateMachineUpdater.java:stopAndJoin(125)) - 4c896d7a-7f6e-4c9a-8a8b-40c5d5b27396@group-902151DE03CA-StateMachineUpdater: set stopIndex = 0
2019-09-28 01:19:50,044 [565b5b85-11c8-4363-a629-f9f642ddd7a8@group-1188A0DF3799-SegmentedRaftLogWorker] INFO  segmented.SegmentedRaftLogWorker (SegmentedRaftLogWorker.java:run(313)) - 565b5b85-11c8-4363-a629-f9f642ddd7a8@group-1188A0DF3799-SegmentedRaftLogWorker was interrupted, exiting. There are 0 tasks remaining in the queue.
2019-09-28 01:19:50,044 [ForkJoinPool.commonPool-worker-0] INFO  impl.RaftServerImpl (ServerState.java:close(385)) - 4c896d7a-7f6e-4c9a-8a8b-40c5d5b27396@group-902151DE03CA: closes. applyIndex: 0
2019-09-28 01:19:50,047 [grpc-default-executor-5] INFO  server.GrpcLogAppender (GrpcLogAppender.java:onCompleted(293)) - 4c896d7a-7f6e-4c9a-8a8b-40c5d5b27396@group-902151DE03CA->169076bb-2216-469a-9fc5-b7d227bcc1f0-AppendLogResponseHandler: follower responses appendEntries COMPLETED
2019-09-28 01:19:50,047 [4c896d7a-7f6e-4c9a-8a8b-40c5d5b27396@group-902151DE03CA-SegmentedRaftLogWorker] INFO  segmented.SegmentedRaftLogWorker (SegmentedRaftLogWorker.java:run(313)) - 4c896d7a-7f6e-4c9a-8a8b-40c5d5b27396@group-902151DE03CA-SegmentedRaftLogWorker was interrupted, exiting. There are 0 tasks remaining in the queue.
2019-09-28 01:19:50,048 [grpc-default-executor-5] INFO  impl.FollowerInfo (FollowerInfo.java:lambda$new$0(51)) - 4c896d7a-7f6e-4c9a-8a8b-40c5d5b27396@group-902151DE03CA->169076bb-2216-469a-9fc5-b7d227bcc1f0: nextIndex: updateUnconditionally 1 -> 0
2019-09-28 01:19:50,056 [ForkJoinPool.commonPool-worker-0] INFO  segmented.SegmentedRaftLogWorker (SegmentedRaftLogWorker.java:close(228)) - 4c896d7a-7f6e-4c9a-8a8b-40c5d5b27396@group-902151DE03CA-SegmentedRaftLogWorker close()
2019-09-28 01:19:50,056 [main] INFO  segmented.SegmentedRaftLogWorker (SegmentedRaftLogWorker.java:close(228)) - 565b5b85-11c8-4363-a629-f9f642ddd7a8@group-1188A0DF3799-SegmentedRaftLogWorker close()
2019-09-28 01:19:50,061 [ForkJoinPool.commonPool-worker-0] INFO  impl.RaftServerImpl (RaftServerImpl.java:lambda$shutdown$3(251)) - 4c896d7a-7f6e-4c9a-8a8b-40c5d5b27396@group-92E4818ED680: shutdown
2019-09-28 01:19:50,066 [main] INFO  server.GrpcService (GrpcService.java:closeImpl(164)) - 565b5b85-11c8-4363-a629-f9f642ddd7a8: shutdown server with port 35648 now
2019-09-28 01:19:50,066 [ForkJoinPool.commonPool-worker-0] INFO  util.JmxRegister (JmxRegister.java:unregister(73)) - Successfully un-registered JMX Bean with object name Ratis:service=RaftServer,group=group-92E4818ED680,id=4c896d7a-7f6e-4c9a-8a8b-40c5d5b27396
2019-09-28 01:19:50,069 [ForkJoinPool.commonPool-worker-0] INFO  impl.RoleInfo (RoleInfo.java:shutdownLeaderState(104)) - 4c896d7a-7f6e-4c9a-8a8b-40c5d5b27396: shutdown LeaderState
2019-09-28 01:19:50,069 [main] INFO  server.GrpcService (GrpcService.java:closeImpl(172)) - 565b5b85-11c8-4363-a629-f9f642ddd7a8: shutdown server with port 35648 successfully
2019-09-28 01:19:50,069 [ForkJoinPool.commonPool-worker-0] INFO  impl.PendingRequests (PendingRequests.java:sendNotLeaderResponses(202)) - 4c896d7a-7f6e-4c9a-8a8b-40c5d5b27396-PendingRequests: sendNotLeaderResponses
2019-09-28 01:19:50,070 [ForkJoinPool.commonPool-worker-0] INFO  impl.StateMachineUpdater (StateMachineUpdater.java:stopAndJoin(125)) - 4c896d7a-7f6e-4c9a-8a8b-40c5d5b27396@group-92E4818ED680-StateMachineUpdater: set stopIndex = 0
2019-09-28 01:19:50,070 [ForkJoinPool.commonPool-worker-0] INFO  impl.RaftServerImpl (ServerState.java:close(385)) - 4c896d7a-7f6e-4c9a-8a8b-40c5d5b27396@group-92E4818ED680: closes. applyIndex: 0
2019-09-28 01:19:50,071 [4c896d7a-7f6e-4c9a-8a8b-40c5d5b27396@group-92E4818ED680-SegmentedRaftLogWorker] INFO  segmented.SegmentedRaftLogWorker (SegmentedRaftLogWorker.java:run(313)) - 4c896d7a-7f6e-4c9a-8a8b-40c5d5b27396@group-92E4818ED680-SegmentedRaftLogWorker was interrupted, exiting. There are 0 tasks remaining in the queue.
2019-09-28 01:19:50,076 [ForkJoinPool.commonPool-worker-0] INFO  segmented.SegmentedRaftLogWorker (SegmentedRaftLogWorker.java:close(228)) - 4c896d7a-7f6e-4c9a-8a8b-40c5d5b27396@group-92E4818ED680-SegmentedRaftLogWorker close()
2019-09-28 01:19:50,081 [ForkJoinPool.commonPool-worker-0] INFO  server.GrpcService (GrpcService.java:closeImpl(164)) - 4c896d7a-7f6e-4c9a-8a8b-40c5d5b27396: shutdown server with port 33459 now
2019-09-28 01:19:50,081 [ForkJoinPool.commonPool-worker-0] INFO  server.GrpcService (GrpcService.java:closeImpl(172)) - 4c896d7a-7f6e-4c9a-8a8b-40c5d5b27396: shutdown server with port 33459 successfully
2019-09-28 01:19:50,082 [refreshUsed-/workdir/hadoop-ozone/integration-test/target/test-dir/MiniOzoneClusterImpl-8d3ed4ce-f2e5-424c-95d5-a4ae13d3a978/datanode-6/data/containers] WARN  fs.CachingGetSpaceUsed (CachingGetSpaceUsed.java:run(183)) - Thread Interrupted waiting to refresh disk information: sleep interrupted
2019-09-28 01:19:50,085 [refreshUsed-/workdir/hadoop-ozone/integration-test/target/test-dir/MiniOzoneClusterImpl-8d3ed4ce-f2e5-424c-95d5-a4ae13d3a978/datanode-3/data/containers] WARN  fs.CachingGetSpaceUsed (CachingGetSpaceUsed.java:run(183)) - Thread Interrupted waiting to refresh disk information: sleep interrupted
2019-09-28 01:19:50,105 [main] INFO  utils.BackgroundService (BackgroundService.java:shutdown(148)) - Shutting down service BlockDeletingService
2019-09-28 01:19:50,106 [ForkJoinPool.commonPool-worker-0] INFO  utils.BackgroundService (BackgroundService.java:shutdown(148)) - Shutting down service BlockDeletingService
2019-09-28 01:19:50,112 [main] INFO  statemachine.DatanodeStateMachine (DatanodeStateMachine.java:stopDaemon(395)) - Ozone container server stopped.
2019-09-28 01:19:50,118 [ForkJoinPool.commonPool-worker-0] INFO  statemachine.DatanodeStateMachine (DatanodeStateMachine.java:stopDaemon(395)) - Ozone container server stopped.
2019-09-28 01:19:50,123 [main] INFO  handler.ContextHandler (ContextHandler.java:doStop(910)) - Stopped o.e.j.w.WebAppContext@5f0a2638{/,null,UNAVAILABLE}{/hddsDatanode}
2019-09-28 01:19:50,126 [ForkJoinPool.commonPool-worker-0] INFO  handler.ContextHandler (ContextHandler.java:doStop(910)) - Stopped o.e.j.w.WebAppContext@23ad71bf{/,null,UNAVAILABLE}{/hddsDatanode}
2019-09-28 01:19:50,126 [main] INFO  server.AbstractConnector (AbstractConnector.java:doStop(318)) - Stopped ServerConnector@5382184b{HTTP/1.1,[http/1.1]}{0.0.0.0:0}
2019-09-28 01:19:50,127 [main] INFO  handler.ContextHandler (ContextHandler.java:doStop(910)) - Stopped o.e.j.s.ServletContextHandler@3caafa67{/static,jar:file:/home/user/.m2/repository/org/apache/hadoop/hadoop-hdds-container-service/0.5.0-SNAPSHOT/hadoop-hdds-container-service-0.5.0-SNAPSHOT.jar!/webapps/static,UNAVAILABLE}
2019-09-28 01:19:50,127 [ForkJoinPool.commonPool-worker-0] INFO  server.AbstractConnector (AbstractConnector.java:doStop(318)) - Stopped ServerConnector@1983b48a{HTTP/1.1,[http/1.1]}{0.0.0.0:0}
2019-09-28 01:19:50,127 [main] INFO  handler.ContextHandler (ContextHandler.java:doStop(910)) - Stopped o.e.j.s.ServletContextHandler@7e8279e5{/logs,file:///workdir/hadoop-ozone/integration-test/target/log,UNAVAILABLE}
2019-09-28 01:19:50,130 [ForkJoinPool.commonPool-worker-0] INFO  handler.ContextHandler (ContextHandler.java:doStop(910)) - Stopped o.e.j.s.ServletContextHandler@39941489{/static,jar:file:/home/user/.m2/repository/org/apache/hadoop/hadoop-hdds-container-service/0.5.0-SNAPSHOT/hadoop-hdds-container-service-0.5.0-SNAPSHOT.jar!/webapps/static,UNAVAILABLE}
2019-09-28 01:19:50,133 [ForkJoinPool.commonPool-worker-0] INFO  handler.ContextHandler (ContextHandler.java:doStop(910)) - Stopped o.e.j.s.ServletContextHandler@536b71b4{/logs,file:///workdir/hadoop-ozone/integration-test/target/log,UNAVAILABLE}
2019-09-28 01:19:50,136 [grpc-default-executor-4] WARN  server.GrpcLogAppender (LogUtils.java:warn(134)) - 5a7443cd-0ba8-4045-a615-ca9d87f0fd78@group-393F5BFE9DF9->14d5cd8c-0256-42d6-a2d7-07541ed6779f-AppendLogResponseHandler: Failed appendEntries: org.apache.ratis.thirdparty.io.grpc.StatusRuntimeException: UNAVAILABLE: io exception
2019-09-28 01:19:50,136 [grpc-default-executor-4] INFO  impl.FollowerInfo (FollowerInfo.java:lambda$new$0(51)) - 5a7443cd-0ba8-4045-a615-ca9d87f0fd78@group-393F5BFE9DF9->14d5cd8c-0256-42d6-a2d7-07541ed6779f: nextIndex: updateUnconditionally 0 -> 0
2019-09-28 01:19:50,362 [Datanode State Machine Thread - 0] INFO  statemachine.DatanodeStateMachine (DatanodeStateMachine.java:lambda$startDaemon$0(350)) - Ozone container server started.
2019-09-28 01:19:50,630 [Datanode State Machine Thread - 0] INFO  statemachine.DatanodeStateMachine (DatanodeStateMachine.java:lambda$startDaemon$0(350)) - Ozone container server started.
2019-09-28 01:19:50,636 [grpc-default-executor-1] WARN  server.GrpcLogAppender (LogUtils.java:warn(134)) - 5a7443cd-0ba8-4045-a615-ca9d87f0fd78@group-393F5BFE9DF9->14d5cd8c-0256-42d6-a2d7-07541ed6779f-AppendLogResponseHandler: Failed appendEntries: org.apache.ratis.thirdparty.io.grpc.StatusRuntimeException: UNAVAILABLE: io exception
2019-09-28 01:19:50,637 [grpc-default-executor-1] INFO  impl.FollowerInfo (FollowerInfo.java:lambda$new$0(51)) - 5a7443cd-0ba8-4045-a615-ca9d87f0fd78@group-393F5BFE9DF9->14d5cd8c-0256-42d6-a2d7-07541ed6779f: nextIndex: updateUnconditionally 0 -> 0
2019-09-28 01:19:50,963 [Thread-4280] INFO  impl.FollowerState (FollowerState.java:run(106)) - 169076bb-2216-469a-9fc5-b7d227bcc1f0:group-902151DE03CA changes to CANDIDATE, lastRpcTime:1326, electionTimeout:1128ms
2019-09-28 01:19:50,963 [Thread-4280] INFO  impl.RoleInfo (RoleInfo.java:shutdownFollowerState(121)) - 169076bb-2216-469a-9fc5-b7d227bcc1f0: shutdown FollowerState
2019-09-28 01:19:50,964 [Thread-4280] INFO  impl.RaftServerImpl (RaftServerImpl.java:setRole(174)) - 169076bb-2216-469a-9fc5-b7d227bcc1f0@group-902151DE03CA: changes role from  FOLLOWER to CANDIDATE at term 2 for changeToCandidate
2019-09-28 01:19:50,964 [Thread-4280] INFO  impl.RoleInfo (RoleInfo.java:updateAndGet(143)) - 169076bb-2216-469a-9fc5-b7d227bcc1f0: start LeaderElection
2019-09-28 01:19:50,965 [169076bb-2216-469a-9fc5-b7d227bcc1f0@group-902151DE03CA:LeaderElection86] INFO  impl.RaftServerImpl (ServerState.java:setLeader(253)) - 169076bb-2216-469a-9fc5-b7d227bcc1f0@group-902151DE03CA: change Leader from 4c896d7a-7f6e-4c9a-8a8b-40c5d5b27396 to null at term 2 for initElection
2019-09-28 01:19:50,979 [169076bb-2216-469a-9fc5-b7d227bcc1f0@group-902151DE03CA:LeaderElection86] INFO  impl.LeaderElection (LeaderElection.java:askForVotes(182)) - 169076bb-2216-469a-9fc5-b7d227bcc1f0@group-902151DE03CA:LeaderElection86: begin an election at term 3 for 0: [a6f3909d-04e3-4c75-9cc7-e0ce9610c43d:192.168.151.82:33245, 169076bb-2216-469a-9fc5-b7d227bcc1f0:192.168.151.82:42330, 4c896d7a-7f6e-4c9a-8a8b-40c5d5b27396:192.168.151.82:33459], old=null
2019-09-28 01:19:50,983 [169076bb-2216-469a-9fc5-b7d227bcc1f0@group-902151DE03CA:LeaderElection86] INFO  impl.LeaderElection (LogUtils.java:infoOrTrace(149)) - 169076bb-2216-469a-9fc5-b7d227bcc1f0@group-902151DE03CA:LeaderElection86 got exception when requesting votes: {}
java.util.concurrent.ExecutionException: org.apache.ratis.thirdparty.io.grpc.StatusRuntimeException: UNAVAILABLE: io exception
	at java.util.concurrent.FutureTask.report(FutureTask.java:122)
	at java.util.concurrent.FutureTask.get(FutureTask.java:192)
	at org.apache.ratis.server.impl.LeaderElection.waitForResults(LeaderElection.java:263)
	at org.apache.ratis.server.impl.LeaderElection.askForVotes(LeaderElection.java:201)
	at org.apache.ratis.server.impl.LeaderElection.run(LeaderElection.java:133)
	at java.lang.Thread.run(Thread.java:748)
Caused by: org.apache.ratis.thirdparty.io.grpc.StatusRuntimeException: UNAVAILABLE: io exception
	at org.apache.ratis.thirdparty.io.grpc.stub.ClientCalls.toStatusRuntimeException(ClientCalls.java:233)
	at org.apache.ratis.thirdparty.io.grpc.stub.ClientCalls.getUnchecked(ClientCalls.java:214)
	at org.apache.ratis.thirdparty.io.grpc.stub.ClientCalls.blockingUnaryCall(ClientCalls.java:139)
	at org.apache.ratis.proto.grpc.RaftServerProtocolServiceGrpc$RaftServerProtocolServiceBlockingStub.requestVote(RaftServerProtocolServiceGrpc.java:265)
	at org.apache.ratis.grpc.server.GrpcServerProtocolClient.requestVote(GrpcServerProtocolClient.java:90)
	at org.apache.ratis.grpc.server.GrpcService.requestVote(GrpcService.java:204)
	at org.apache.ratis.server.impl.LeaderElection.lambda$submitRequests$1(LeaderElection.java:238)
	at java.util.concurrent.FutureTask.run(FutureTask.java:266)
	at java.util.concurrent.Executors$RunnableAdapter.call(Executors.java:511)
	at java.util.concurrent.FutureTask.run(FutureTask.java:266)
	at java.util.concurrent.ThreadPoolExecutor.runWorker(ThreadPoolExecutor.java:1149)
	at java.util.concurrent.ThreadPoolExecutor$Worker.run(ThreadPoolExecutor.java:624)
	... 1 more
Caused by: org.apache.ratis.thirdparty.io.netty.channel.AbstractChannel$AnnotatedConnectException: Connection refused: /192.168.151.82:33245
	at sun.nio.ch.SocketChannelImpl.checkConnect(Native Method)
	at sun.nio.ch.SocketChannelImpl.finishConnect(SocketChannelImpl.java:717)
	at org.apache.ratis.thirdparty.io.netty.channel.socket.nio.NioSocketChannel.doFinishConnect(NioSocketChannel.java:327)
	at org.apache.ratis.thirdparty.io.netty.channel.nio.AbstractNioChannel$AbstractNioUnsafe.finishConnect(AbstractNioChannel.java:340)
	at org.apache.ratis.thirdparty.io.netty.channel.nio.NioEventLoop.processSelectedKey(NioEventLoop.java:632)
	at org.apache.ratis.thirdparty.io.netty.channel.nio.NioEventLoop.processSelectedKeysOptimized(NioEventLoop.java:579)
	at org.apache.ratis.thirdparty.io.netty.channel.nio.NioEventLoop.processSelectedKeys(NioEventLoop.java:496)
	at org.apache.ratis.thirdparty.io.netty.channel.nio.NioEventLoop.run(NioEventLoop.java:458)
	at org.apache.ratis.thirdparty.io.netty.util.concurrent.SingleThreadEventExecutor$5.run(SingleThreadEventExecutor.java:897)
	at org.apache.ratis.thirdparty.io.netty.util.concurrent.FastThreadLocalRunnable.run(FastThreadLocalRunnable.java:30)
	... 1 more
Caused by: java.net.ConnectException: Connection refused
	... 11 more
2019-09-28 01:19:50,983 [169076bb-2216-469a-9fc5-b7d227bcc1f0@group-902151DE03CA:LeaderElection86] INFO  impl.LeaderElection (LogUtils.java:infoOrTrace(149)) - 169076bb-2216-469a-9fc5-b7d227bcc1f0@group-902151DE03CA:LeaderElection86 got exception when requesting votes: {}
java.util.concurrent.ExecutionException: org.apache.ratis.thirdparty.io.grpc.StatusRuntimeException: UNAVAILABLE: io exception
	at java.util.concurrent.FutureTask.report(FutureTask.java:122)
	at java.util.concurrent.FutureTask.get(FutureTask.java:192)
	at org.apache.ratis.server.impl.LeaderElection.waitForResults(LeaderElection.java:263)
	at org.apache.ratis.server.impl.LeaderElection.askForVotes(LeaderElection.java:201)
	at org.apache.ratis.server.impl.LeaderElection.run(LeaderElection.java:133)
	at java.lang.Thread.run(Thread.java:748)
Caused by: org.apache.ratis.thirdparty.io.grpc.StatusRuntimeException: UNAVAILABLE: io exception
	at org.apache.ratis.thirdparty.io.grpc.stub.ClientCalls.toStatusRuntimeException(ClientCalls.java:233)
	at org.apache.ratis.thirdparty.io.grpc.stub.ClientCalls.getUnchecked(ClientCalls.java:214)
	at org.apache.ratis.thirdparty.io.grpc.stub.ClientCalls.blockingUnaryCall(ClientCalls.java:139)
	at org.apache.ratis.proto.grpc.RaftServerProtocolServiceGrpc$RaftServerProtocolServiceBlockingStub.requestVote(RaftServerProtocolServiceGrpc.java:265)
	at org.apache.ratis.grpc.server.GrpcServerProtocolClient.requestVote(GrpcServerProtocolClient.java:90)
	at org.apache.ratis.grpc.server.GrpcService.requestVote(GrpcService.java:204)
	at org.apache.ratis.server.impl.LeaderElection.lambda$submitRequests$1(LeaderElection.java:238)
	at java.util.concurrent.FutureTask.run(FutureTask.java:266)
	at java.util.concurrent.Executors$RunnableAdapter.call(Executors.java:511)
	at java.util.concurrent.FutureTask.run(FutureTask.java:266)
	at java.util.concurrent.ThreadPoolExecutor.runWorker(ThreadPoolExecutor.java:1149)
	at java.util.concurrent.ThreadPoolExecutor$Worker.run(ThreadPoolExecutor.java:624)
	... 1 more
Caused by: org.apache.ratis.thirdparty.io.netty.channel.AbstractChannel$AnnotatedConnectException: Connection refused: /192.168.151.82:33459
	at sun.nio.ch.SocketChannelImpl.checkConnect(Native Method)
	at sun.nio.ch.SocketChannelImpl.finishConnect(SocketChannelImpl.java:717)
	at org.apache.ratis.thirdparty.io.netty.channel.socket.nio.NioSocketChannel.doFinishConnect(NioSocketChannel.java:327)
	at org.apache.ratis.thirdparty.io.netty.channel.nio.AbstractNioChannel$AbstractNioUnsafe.finishConnect(AbstractNioChannel.java:340)
	at org.apache.ratis.thirdparty.io.netty.channel.nio.NioEventLoop.processSelectedKey(NioEventLoop.java:632)
	at org.apache.ratis.thirdparty.io.netty.channel.nio.NioEventLoop.processSelectedKeysOptimized(NioEventLoop.java:579)
	at org.apache.ratis.thirdparty.io.netty.channel.nio.NioEventLoop.processSelectedKeys(NioEventLoop.java:496)
	at org.apache.ratis.thirdparty.io.netty.channel.nio.NioEventLoop.run(NioEventLoop.java:458)
	at org.apache.ratis.thirdparty.io.netty.util.concurrent.SingleThreadEventExecutor$5.run(SingleThreadEventExecutor.java:897)
	at org.apache.ratis.thirdparty.io.netty.util.concurrent.FastThreadLocalRunnable.run(FastThreadLocalRunnable.java:30)
	... 1 more
Caused by: java.net.ConnectException: Connection refused
	... 11 more
2019-09-28 01:19:50,984 [169076bb-2216-469a-9fc5-b7d227bcc1f0@group-902151DE03CA:LeaderElection86] INFO  impl.LeaderElection (LeaderElection.java:logAndReturn(56)) - 169076bb-2216-469a-9fc5-b7d227bcc1f0@group-902151DE03CA:LeaderElection86: Election REJECTED; received 0 response(s) [] and 2 exception(s); 169076bb-2216-469a-9fc5-b7d227bcc1f0@group-902151DE03CA:t3, leader=null, voted=169076bb-2216-469a-9fc5-b7d227bcc1f0, raftlog=169076bb-2216-469a-9fc5-b7d227bcc1f0@group-902151DE03CA-SegmentedRaftLog:OPENED:c0,f0,i0, conf=0: [a6f3909d-04e3-4c75-9cc7-e0ce9610c43d:192.168.151.82:33245, 169076bb-2216-469a-9fc5-b7d227bcc1f0:192.168.151.82:42330, 4c896d7a-7f6e-4c9a-8a8b-40c5d5b27396:192.168.151.82:33459], old=null
2019-09-28 01:19:50,984 [169076bb-2216-469a-9fc5-b7d227bcc1f0@group-902151DE03CA:LeaderElection86] INFO  impl.LeaderElection (LogUtils.java:infoOrTrace(149)) -   Exception 0: {}
java.util.concurrent.ExecutionException: org.apache.ratis.thirdparty.io.grpc.StatusRuntimeException: UNAVAILABLE: io exception
	at java.util.concurrent.FutureTask.report(FutureTask.java:122)
	at java.util.concurrent.FutureTask.get(FutureTask.java:192)
	at org.apache.ratis.server.impl.LeaderElection.waitForResults(LeaderElection.java:263)
	at org.apache.ratis.server.impl.LeaderElection.askForVotes(LeaderElection.java:201)
	at org.apache.ratis.server.impl.LeaderElection.run(LeaderElection.java:133)
	at java.lang.Thread.run(Thread.java:748)
Caused by: org.apache.ratis.thirdparty.io.grpc.StatusRuntimeException: UNAVAILABLE: io exception
	at org.apache.ratis.thirdparty.io.grpc.stub.ClientCalls.toStatusRuntimeException(ClientCalls.java:233)
	at org.apache.ratis.thirdparty.io.grpc.stub.ClientCalls.getUnchecked(ClientCalls.java:214)
	at org.apache.ratis.thirdparty.io.grpc.stub.ClientCalls.blockingUnaryCall(ClientCalls.java:139)
	at org.apache.ratis.proto.grpc.RaftServerProtocolServiceGrpc$RaftServerProtocolServiceBlockingStub.requestVote(RaftServerProtocolServiceGrpc.java:265)
	at org.apache.ratis.grpc.server.GrpcServerProtocolClient.requestVote(GrpcServerProtocolClient.java:90)
	at org.apache.ratis.grpc.server.GrpcService.requestVote(GrpcService.java:204)
	at org.apache.ratis.server.impl.LeaderElection.lambda$submitRequests$1(LeaderElection.java:238)
	at java.util.concurrent.FutureTask.run(FutureTask.java:266)
	at java.util.concurrent.Executors$RunnableAdapter.call(Executors.java:511)
	at java.util.concurrent.FutureTask.run(FutureTask.java:266)
	at java.util.concurrent.ThreadPoolExecutor.runWorker(ThreadPoolExecutor.java:1149)
	at java.util.concurrent.ThreadPoolExecutor$Worker.run(ThreadPoolExecutor.java:624)
	... 1 more
Caused by: org.apache.ratis.thirdparty.io.netty.channel.AbstractChannel$AnnotatedConnectException: Connection refused: /192.168.151.82:33245
	at sun.nio.ch.SocketChannelImpl.checkConnect(Native Method)
	at sun.nio.ch.SocketChannelImpl.finishConnect(SocketChannelImpl.java:717)
	at org.apache.ratis.thirdparty.io.netty.channel.socket.nio.NioSocketChannel.doFinishConnect(NioSocketChannel.java:327)
	at org.apache.ratis.thirdparty.io.netty.channel.nio.AbstractNioChannel$AbstractNioUnsafe.finishConnect(AbstractNioChannel.java:340)
	at org.apache.ratis.thirdparty.io.netty.channel.nio.NioEventLoop.processSelectedKey(NioEventLoop.java:632)
	at org.apache.ratis.thirdparty.io.netty.channel.nio.NioEventLoop.processSelectedKeysOptimized(NioEventLoop.java:579)
	at org.apache.ratis.thirdparty.io.netty.channel.nio.NioEventLoop.processSelectedKeys(NioEventLoop.java:496)
	at org.apache.ratis.thirdparty.io.netty.channel.nio.NioEventLoop.run(NioEventLoop.java:458)
	at org.apache.ratis.thirdparty.io.netty.util.concurrent.SingleThreadEventExecutor$5.run(SingleThreadEventExecutor.java:897)
	at org.apache.ratis.thirdparty.io.netty.util.concurrent.FastThreadLocalRunnable.run(FastThreadLocalRunnable.java:30)
	... 1 more
Caused by: java.net.ConnectException: Connection refused
	... 11 more
2019-09-28 01:19:50,984 [169076bb-2216-469a-9fc5-b7d227bcc1f0@group-902151DE03CA:LeaderElection86] INFO  impl.LeaderElection (LogUtils.java:infoOrTrace(149)) -   Exception 1: {}
java.util.concurrent.ExecutionException: org.apache.ratis.thirdparty.io.grpc.StatusRuntimeException: UNAVAILABLE: io exception
	at java.util.concurrent.FutureTask.report(FutureTask.java:122)
	at java.util.concurrent.FutureTask.get(FutureTask.java:192)
	at org.apache.ratis.server.impl.LeaderElection.waitForResults(LeaderElection.java:263)
	at org.apache.ratis.server.impl.LeaderElection.askForVotes(LeaderElection.java:201)
	at org.apache.ratis.server.impl.LeaderElection.run(LeaderElection.java:133)
	at java.lang.Thread.run(Thread.java:748)
Caused by: org.apache.ratis.thirdparty.io.grpc.StatusRuntimeException: UNAVAILABLE: io exception
	at org.apache.ratis.thirdparty.io.grpc.stub.ClientCalls.toStatusRuntimeException(ClientCalls.java:233)
	at org.apache.ratis.thirdparty.io.grpc.stub.ClientCalls.getUnchecked(ClientCalls.java:214)
	at org.apache.ratis.thirdparty.io.grpc.stub.ClientCalls.blockingUnaryCall(ClientCalls.java:139)
	at org.apache.ratis.proto.grpc.RaftServerProtocolServiceGrpc$RaftServerProtocolServiceBlockingStub.requestVote(RaftServerProtocolServiceGrpc.java:265)
	at org.apache.ratis.grpc.server.GrpcServerProtocolClient.requestVote(GrpcServerProtocolClient.java:90)
	at org.apache.ratis.grpc.server.GrpcService.requestVote(GrpcService.java:204)
	at org.apache.ratis.server.impl.LeaderElection.lambda$submitRequests$1(LeaderElection.java:238)
	at java.util.concurrent.FutureTask.run(FutureTask.java:266)
	at java.util.concurrent.Executors$RunnableAdapter.call(Executors.java:511)
	at java.util.concurrent.FutureTask.run(FutureTask.java:266)
	at java.util.concurrent.ThreadPoolExecutor.runWorker(ThreadPoolExecutor.java:1149)
	at java.util.concurrent.ThreadPoolExecutor$Worker.run(ThreadPoolExecutor.java:624)
	... 1 more
Caused by: org.apache.ratis.thirdparty.io.netty.channel.AbstractChannel$AnnotatedConnectException: Connection refused: /192.168.151.82:33459
	at sun.nio.ch.SocketChannelImpl.checkConnect(Native Method)
	at sun.nio.ch.SocketChannelImpl.finishConnect(SocketChannelImpl.java:717)
	at org.apache.ratis.thirdparty.io.netty.channel.socket.nio.NioSocketChannel.doFinishConnect(NioSocketChannel.java:327)
	at org.apache.ratis.thirdparty.io.netty.channel.nio.AbstractNioChannel$AbstractNioUnsafe.finishConnect(AbstractNioChannel.java:340)
	at org.apache.ratis.thirdparty.io.netty.channel.nio.NioEventLoop.processSelectedKey(NioEventLoop.java:632)
	at org.apache.ratis.thirdparty.io.netty.channel.nio.NioEventLoop.processSelectedKeysOptimized(NioEventLoop.java:579)
	at org.apache.ratis.thirdparty.io.netty.channel.nio.NioEventLoop.processSelectedKeys(NioEventLoop.java:496)
	at org.apache.ratis.thirdparty.io.netty.channel.nio.NioEventLoop.run(NioEventLoop.java:458)
	at org.apache.ratis.thirdparty.io.netty.util.concurrent.SingleThreadEventExecutor$5.run(SingleThreadEventExecutor.java:897)
	at org.apache.ratis.thirdparty.io.netty.util.concurrent.FastThreadLocalRunnable.run(FastThreadLocalRunnable.java:30)
	... 1 more
Caused by: java.net.ConnectException: Connection refused
	... 11 more
2019-09-28 01:19:50,985 [169076bb-2216-469a-9fc5-b7d227bcc1f0@group-902151DE03CA:LeaderElection86] INFO  impl.RaftServerImpl (RaftServerImpl.java:setRole(174)) - 169076bb-2216-469a-9fc5-b7d227bcc1f0@group-902151DE03CA: changes role from CANDIDATE to FOLLOWER at term 3 for DISCOVERED_A_NEW_TERM
2019-09-28 01:19:50,985 [169076bb-2216-469a-9fc5-b7d227bcc1f0@group-902151DE03CA:LeaderElection86] INFO  impl.RoleInfo (RoleInfo.java:shutdownLeaderElection(134)) - 169076bb-2216-469a-9fc5-b7d227bcc1f0: shutdown LeaderElection
2019-09-28 01:19:50,985 [169076bb-2216-469a-9fc5-b7d227bcc1f0@group-902151DE03CA:LeaderElection86] INFO  impl.RoleInfo (RoleInfo.java:updateAndGet(143)) - 169076bb-2216-469a-9fc5-b7d227bcc1f0: start FollowerState
2019-09-28 01:19:51,137 [grpc-default-executor-5] WARN  server.GrpcLogAppender (LogUtils.java:warn(134)) - 5a7443cd-0ba8-4045-a615-ca9d87f0fd78@group-393F5BFE9DF9->14d5cd8c-0256-42d6-a2d7-07541ed6779f-AppendLogResponseHandler: Failed appendEntries: org.apache.ratis.thirdparty.io.grpc.StatusRuntimeException: UNAVAILABLE: io exception
2019-09-28 01:19:51,137 [grpc-default-executor-5] INFO  impl.FollowerInfo (FollowerInfo.java:lambda$new$0(51)) - 5a7443cd-0ba8-4045-a615-ca9d87f0fd78@group-393F5BFE9DF9->14d5cd8c-0256-42d6-a2d7-07541ed6779f: nextIndex: updateUnconditionally 0 -> 0
2019-09-28 01:19:51,637 [grpc-default-executor-4] WARN  server.GrpcLogAppender (LogUtils.java:warn(134)) - 5a7443cd-0ba8-4045-a615-ca9d87f0fd78@group-393F5BFE9DF9->14d5cd8c-0256-42d6-a2d7-07541ed6779f-AppendLogResponseHandler: Failed appendEntries: org.apache.ratis.thirdparty.io.grpc.StatusRuntimeException: UNAVAILABLE: io exception
2019-09-28 01:19:51,638 [grpc-default-executor-4] INFO  impl.FollowerInfo (FollowerInfo.java:lambda$new$0(51)) - 5a7443cd-0ba8-4045-a615-ca9d87f0fd78@group-393F5BFE9DF9->14d5cd8c-0256-42d6-a2d7-07541ed6779f: nextIndex: updateUnconditionally 0 -> 0
2019-09-28 01:19:52,138 [grpc-default-executor-1] WARN  server.GrpcLogAppender (LogUtils.java:warn(134)) - 5a7443cd-0ba8-4045-a615-ca9d87f0fd78@group-393F5BFE9DF9->14d5cd8c-0256-42d6-a2d7-07541ed6779f-AppendLogResponseHandler: Failed appendEntries: org.apache.ratis.thirdparty.io.grpc.StatusRuntimeException: UNAVAILABLE: io exception
2019-09-28 01:19:52,139 [grpc-default-executor-1] INFO  impl.FollowerInfo (FollowerInfo.java:lambda$new$0(51)) - 5a7443cd-0ba8-4045-a615-ca9d87f0fd78@group-393F5BFE9DF9->14d5cd8c-0256-42d6-a2d7-07541ed6779f: nextIndex: updateUnconditionally 0 -> 0
2019-09-28 01:19:52,182 [Thread-5724] INFO  impl.FollowerState (FollowerState.java:run(106)) - 169076bb-2216-469a-9fc5-b7d227bcc1f0:group-902151DE03CA changes to CANDIDATE, lastRpcTime:1196, electionTimeout:1196ms
2019-09-28 01:19:52,182 [Thread-5724] INFO  impl.RoleInfo (RoleInfo.java:shutdownFollowerState(121)) - 169076bb-2216-469a-9fc5-b7d227bcc1f0: shutdown FollowerState
2019-09-28 01:19:52,182 [Thread-5724] INFO  impl.RaftServerImpl (RaftServerImpl.java:setRole(174)) - 169076bb-2216-469a-9fc5-b7d227bcc1f0@group-902151DE03CA: changes role from  FOLLOWER to CANDIDATE at term 3 for changeToCandidate
2019-09-28 01:19:52,183 [Thread-5724] INFO  impl.RoleInfo (RoleInfo.java:updateAndGet(143)) - 169076bb-2216-469a-9fc5-b7d227bcc1f0: start LeaderElection
2019-09-28 01:19:52,197 [169076bb-2216-469a-9fc5-b7d227bcc1f0@group-902151DE03CA:LeaderElection87] INFO  impl.LeaderElection (LeaderElection.java:askForVotes(182)) - 169076bb-2216-469a-9fc5-b7d227bcc1f0@group-902151DE03CA:LeaderElection87: begin an election at term 4 for 0: [a6f3909d-04e3-4c75-9cc7-e0ce9610c43d:192.168.151.82:33245, 169076bb-2216-469a-9fc5-b7d227bcc1f0:192.168.151.82:42330, 4c896d7a-7f6e-4c9a-8a8b-40c5d5b27396:192.168.151.82:33459], old=null
2019-09-28 01:19:52,198 [169076bb-2216-469a-9fc5-b7d227bcc1f0@group-902151DE03CA:LeaderElection87] INFO  impl.LeaderElection (LogUtils.java:infoOrTrace(149)) - 169076bb-2216-469a-9fc5-b7d227bcc1f0@group-902151DE03CA:LeaderElection87 got exception when requesting votes: {}
java.util.concurrent.ExecutionException: org.apache.ratis.thirdparty.io.grpc.StatusRuntimeException: UNAVAILABLE: io exception
	at java.util.concurrent.FutureTask.report(FutureTask.java:122)
	at java.util.concurrent.FutureTask.get(FutureTask.java:192)
	at org.apache.ratis.server.impl.LeaderElection.waitForResults(LeaderElection.java:263)
	at org.apache.ratis.server.impl.LeaderElection.askForVotes(LeaderElection.java:201)
	at org.apache.ratis.server.impl.LeaderElection.run(LeaderElection.java:133)
	at java.lang.Thread.run(Thread.java:748)
Caused by: org.apache.ratis.thirdparty.io.grpc.StatusRuntimeException: UNAVAILABLE: io exception
	at org.apache.ratis.thirdparty.io.grpc.stub.ClientCalls.toStatusRuntimeException(ClientCalls.java:233)
	at org.apache.ratis.thirdparty.io.grpc.stub.ClientCalls.getUnchecked(ClientCalls.java:214)
	at org.apache.ratis.thirdparty.io.grpc.stub.ClientCalls.blockingUnaryCall(ClientCalls.java:139)
	at org.apache.ratis.proto.grpc.RaftServerProtocolServiceGrpc$RaftServerProtocolServiceBlockingStub.requestVote(RaftServerProtocolServiceGrpc.java:265)
	at org.apache.ratis.grpc.server.GrpcServerProtocolClient.requestVote(GrpcServerProtocolClient.java:90)
	at org.apache.ratis.grpc.server.GrpcService.requestVote(GrpcService.java:204)
	at org.apache.ratis.server.impl.LeaderElection.lambda$submitRequests$1(LeaderElection.java:238)
	at java.util.concurrent.FutureTask.run(FutureTask.java:266)
	at java.util.concurrent.Executors$RunnableAdapter.call(Executors.java:511)
	at java.util.concurrent.FutureTask.run(FutureTask.java:266)
	at java.util.concurrent.ThreadPoolExecutor.runWorker(ThreadPoolExecutor.java:1149)
	at java.util.concurrent.ThreadPoolExecutor$Worker.run(ThreadPoolExecutor.java:624)
	... 1 more
Caused by: org.apache.ratis.thirdparty.io.netty.channel.AbstractChannel$AnnotatedConnectException: Connection refused: /192.168.151.82:33245
	at sun.nio.ch.SocketChannelImpl.checkConnect(Native Method)
	at sun.nio.ch.SocketChannelImpl.finishConnect(SocketChannelImpl.java:717)
	at org.apache.ratis.thirdparty.io.netty.channel.socket.nio.NioSocketChannel.doFinishConnect(NioSocketChannel.java:327)
	at org.apache.ratis.thirdparty.io.netty.channel.nio.AbstractNioChannel$AbstractNioUnsafe.finishConnect(AbstractNioChannel.java:340)
	at org.apache.ratis.thirdparty.io.netty.channel.nio.NioEventLoop.processSelectedKey(NioEventLoop.java:632)
	at org.apache.ratis.thirdparty.io.netty.channel.nio.NioEventLoop.processSelectedKeysOptimized(NioEventLoop.java:579)
	at org.apache.ratis.thirdparty.io.netty.channel.nio.NioEventLoop.processSelectedKeys(NioEventLoop.java:496)
	at org.apache.ratis.thirdparty.io.netty.channel.nio.NioEventLoop.run(NioEventLoop.java:458)
	at org.apache.ratis.thirdparty.io.netty.util.concurrent.SingleThreadEventExecutor$5.run(SingleThreadEventExecutor.java:897)
	at org.apache.ratis.thirdparty.io.netty.util.concurrent.FastThreadLocalRunnable.run(FastThreadLocalRunnable.java:30)
	... 1 more
Caused by: java.net.ConnectException: Connection refused
	... 11 more
2019-09-28 01:19:52,198 [169076bb-2216-469a-9fc5-b7d227bcc1f0@group-902151DE03CA:LeaderElection87] INFO  impl.LeaderElection (LogUtils.java:infoOrTrace(149)) - 169076bb-2216-469a-9fc5-b7d227bcc1f0@group-902151DE03CA:LeaderElection87 got exception when requesting votes: {}
java.util.concurrent.ExecutionException: org.apache.ratis.thirdparty.io.grpc.StatusRuntimeException: UNAVAILABLE: io exception
	at java.util.concurrent.FutureTask.report(FutureTask.java:122)
	at java.util.concurrent.FutureTask.get(FutureTask.java:192)
	at org.apache.ratis.server.impl.LeaderElection.waitForResults(LeaderElection.java:263)
	at org.apache.ratis.server.impl.LeaderElection.askForVotes(LeaderElection.java:201)
	at org.apache.ratis.server.impl.LeaderElection.run(LeaderElection.java:133)
	at java.lang.Thread.run(Thread.java:748)
Caused by: org.apache.ratis.thirdparty.io.grpc.StatusRuntimeException: UNAVAILABLE: io exception
	at org.apache.ratis.thirdparty.io.grpc.stub.ClientCalls.toStatusRuntimeException(ClientCalls.java:233)
	at org.apache.ratis.thirdparty.io.grpc.stub.ClientCalls.getUnchecked(ClientCalls.java:214)
	at org.apache.ratis.thirdparty.io.grpc.stub.ClientCalls.blockingUnaryCall(ClientCalls.java:139)
	at org.apache.ratis.proto.grpc.RaftServerProtocolServiceGrpc$RaftServerProtocolServiceBlockingStub.requestVote(RaftServerProtocolServiceGrpc.java:265)
	at org.apache.ratis.grpc.server.GrpcServerProtocolClient.requestVote(GrpcServerProtocolClient.java:90)
	at org.apache.ratis.grpc.server.GrpcService.requestVote(GrpcService.java:204)
	at org.apache.ratis.server.impl.LeaderElection.lambda$submitRequests$1(LeaderElection.java:238)
	at java.util.concurrent.FutureTask.run(FutureTask.java:266)
	at java.util.concurrent.Executors$RunnableAdapter.call(Executors.java:511)
	at java.util.concurrent.FutureTask.run(FutureTask.java:266)
	at java.util.concurrent.ThreadPoolExecutor.runWorker(ThreadPoolExecutor.java:1149)
	at java.util.concurrent.ThreadPoolExecutor$Worker.run(ThreadPoolExecutor.java:624)
	... 1 more
Caused by: org.apache.ratis.thirdparty.io.netty.channel.AbstractChannel$AnnotatedConnectException: Connection refused: /192.168.151.82:33459
	at sun.nio.ch.SocketChannelImpl.checkConnect(Native Method)
	at sun.nio.ch.SocketChannelImpl.finishConnect(SocketChannelImpl.java:717)
	at org.apache.ratis.thirdparty.io.netty.channel.socket.nio.NioSocketChannel.doFinishConnect(NioSocketChannel.java:327)
	at org.apache.ratis.thirdparty.io.netty.channel.nio.AbstractNioChannel$AbstractNioUnsafe.finishConnect(AbstractNioChannel.java:340)
	at org.apache.ratis.thirdparty.io.netty.channel.nio.NioEventLoop.processSelectedKey(NioEventLoop.java:632)
	at org.apache.ratis.thirdparty.io.netty.channel.nio.NioEventLoop.processSelectedKeysOptimized(NioEventLoop.java:579)
	at org.apache.ratis.thirdparty.io.netty.channel.nio.NioEventLoop.processSelectedKeys(NioEventLoop.java:496)
	at org.apache.ratis.thirdparty.io.netty.channel.nio.NioEventLoop.run(NioEventLoop.java:458)
	at org.apache.ratis.thirdparty.io.netty.util.concurrent.SingleThreadEventExecutor$5.run(SingleThreadEventExecutor.java:897)
	at org.apache.ratis.thirdparty.io.netty.util.concurrent.FastThreadLocalRunnable.run(FastThreadLocalRunnable.java:30)
	... 1 more
Caused by: java.net.ConnectException: Connection refused
	... 11 more
2019-09-28 01:19:52,199 [169076bb-2216-469a-9fc5-b7d227bcc1f0@group-902151DE03CA:LeaderElection87] INFO  impl.LeaderElection (LeaderElection.java:logAndReturn(56)) - 169076bb-2216-469a-9fc5-b7d227bcc1f0@group-902151DE03CA:LeaderElection87: Election REJECTED; received 0 response(s) [] and 2 exception(s); 169076bb-2216-469a-9fc5-b7d227bcc1f0@group-902151DE03CA:t4, leader=null, voted=169076bb-2216-469a-9fc5-b7d227bcc1f0, raftlog=169076bb-2216-469a-9fc5-b7d227bcc1f0@group-902151DE03CA-SegmentedRaftLog:OPENED:c0,f0,i0, conf=0: [a6f3909d-04e3-4c75-9cc7-e0ce9610c43d:192.168.151.82:33245, 169076bb-2216-469a-9fc5-b7d227bcc1f0:192.168.151.82:42330, 4c896d7a-7f6e-4c9a-8a8b-40c5d5b27396:192.168.151.82:33459], old=null
2019-09-28 01:19:52,199 [169076bb-2216-469a-9fc5-b7d227bcc1f0@group-902151DE03CA:LeaderElection87] INFO  impl.LeaderElection (LogUtils.java:infoOrTrace(149)) -   Exception 0: {}
java.util.concurrent.ExecutionException: org.apache.ratis.thirdparty.io.grpc.StatusRuntimeException: UNAVAILABLE: io exception
	at java.util.concurrent.FutureTask.report(FutureTask.java:122)
	at java.util.concurrent.FutureTask.get(FutureTask.java:192)
	at org.apache.ratis.server.impl.LeaderElection.waitForResults(LeaderElection.java:263)
	at org.apache.ratis.server.impl.LeaderElection.askForVotes(LeaderElection.java:201)
	at org.apache.ratis.server.impl.LeaderElection.run(LeaderElection.java:133)
	at java.lang.Thread.run(Thread.java:748)
Caused by: org.apache.ratis.thirdparty.io.grpc.StatusRuntimeException: UNAVAILABLE: io exception
	at org.apache.ratis.thirdparty.io.grpc.stub.ClientCalls.toStatusRuntimeException(ClientCalls.java:233)
	at org.apache.ratis.thirdparty.io.grpc.stub.ClientCalls.getUnchecked(ClientCalls.java:214)
	at org.apache.ratis.thirdparty.io.grpc.stub.ClientCalls.blockingUnaryCall(ClientCalls.java:139)
	at org.apache.ratis.proto.grpc.RaftServerProtocolServiceGrpc$RaftServerProtocolServiceBlockingStub.requestVote(RaftServerProtocolServiceGrpc.java:265)
	at org.apache.ratis.grpc.server.GrpcServerProtocolClient.requestVote(GrpcServerProtocolClient.java:90)
	at org.apache.ratis.grpc.server.GrpcService.requestVote(GrpcService.java:204)
	at org.apache.ratis.server.impl.LeaderElection.lambda$submitRequests$1(LeaderElection.java:238)
	at java.util.concurrent.FutureTask.run(FutureTask.java:266)
	at java.util.concurrent.Executors$RunnableAdapter.call(Executors.java:511)
	at java.util.concurrent.FutureTask.run(FutureTask.java:266)
	at java.util.concurrent.ThreadPoolExecutor.runWorker(ThreadPoolExecutor.java:1149)
	at java.util.concurrent.ThreadPoolExecutor$Worker.run(ThreadPoolExecutor.java:624)
	... 1 more
Caused by: org.apache.ratis.thirdparty.io.netty.channel.AbstractChannel$AnnotatedConnectException: Connection refused: /192.168.151.82:33245
	at sun.nio.ch.SocketChannelImpl.checkConnect(Native Method)
	at sun.nio.ch.SocketChannelImpl.finishConnect(SocketChannelImpl.java:717)
	at org.apache.ratis.thirdparty.io.netty.channel.socket.nio.NioSocketChannel.doFinishConnect(NioSocketChannel.java:327)
	at org.apache.ratis.thirdparty.io.netty.channel.nio.AbstractNioChannel$AbstractNioUnsafe.finishConnect(AbstractNioChannel.java:340)
	at org.apache.ratis.thirdparty.io.netty.channel.nio.NioEventLoop.processSelectedKey(NioEventLoop.java:632)
	at org.apache.ratis.thirdparty.io.netty.channel.nio.NioEventLoop.processSelectedKeysOptimized(NioEventLoop.java:579)
	at org.apache.ratis.thirdparty.io.netty.channel.nio.NioEventLoop.processSelectedKeys(NioEventLoop.java:496)
	at org.apache.ratis.thirdparty.io.netty.channel.nio.NioEventLoop.run(NioEventLoop.java:458)
	at org.apache.ratis.thirdparty.io.netty.util.concurrent.SingleThreadEventExecutor$5.run(SingleThreadEventExecutor.java:897)
	at org.apache.ratis.thirdparty.io.netty.util.concurrent.FastThreadLocalRunnable.run(FastThreadLocalRunnable.java:30)
	... 1 more
Caused by: java.net.ConnectException: Connection refused
	... 11 more
2019-09-28 01:19:52,199 [169076bb-2216-469a-9fc5-b7d227bcc1f0@group-902151DE03CA:LeaderElection87] INFO  impl.LeaderElection (LogUtils.java:infoOrTrace(149)) -   Exception 1: {}
java.util.concurrent.ExecutionException: org.apache.ratis.thirdparty.io.grpc.StatusRuntimeException: UNAVAILABLE: io exception
	at java.util.concurrent.FutureTask.report(FutureTask.java:122)
	at java.util.concurrent.FutureTask.get(FutureTask.java:192)
	at org.apache.ratis.server.impl.LeaderElection.waitForResults(LeaderElection.java:263)
	at org.apache.ratis.server.impl.LeaderElection.askForVotes(LeaderElection.java:201)
	at org.apache.ratis.server.impl.LeaderElection.run(LeaderElection.java:133)
	at java.lang.Thread.run(Thread.java:748)
Caused by: org.apache.ratis.thirdparty.io.grpc.StatusRuntimeException: UNAVAILABLE: io exception
	at org.apache.ratis.thirdparty.io.grpc.stub.ClientCalls.toStatusRuntimeException(ClientCalls.java:233)
	at org.apache.ratis.thirdparty.io.grpc.stub.ClientCalls.getUnchecked(ClientCalls.java:214)
	at org.apache.ratis.thirdparty.io.grpc.stub.ClientCalls.blockingUnaryCall(ClientCalls.java:139)
	at org.apache.ratis.proto.grpc.RaftServerProtocolServiceGrpc$RaftServerProtocolServiceBlockingStub.requestVote(RaftServerProtocolServiceGrpc.java:265)
	at org.apache.ratis.grpc.server.GrpcServerProtocolClient.requestVote(GrpcServerProtocolClient.java:90)
	at org.apache.ratis.grpc.server.GrpcService.requestVote(GrpcService.java:204)
	at org.apache.ratis.server.impl.LeaderElection.lambda$submitRequests$1(LeaderElection.java:238)
	at java.util.concurrent.FutureTask.run(FutureTask.java:266)
	at java.util.concurrent.Executors$RunnableAdapter.call(Executors.java:511)
	at java.util.concurrent.FutureTask.run(FutureTask.java:266)
	at java.util.concurrent.ThreadPoolExecutor.runWorker(ThreadPoolExecutor.java:1149)
	at java.util.concurrent.ThreadPoolExecutor$Worker.run(ThreadPoolExecutor.java:624)
	... 1 more
Caused by: org.apache.ratis.thirdparty.io.netty.channel.AbstractChannel$AnnotatedConnectException: Connection refused: /192.168.151.82:33459
	at sun.nio.ch.SocketChannelImpl.checkConnect(Native Method)
	at sun.nio.ch.SocketChannelImpl.finishConnect(SocketChannelImpl.java:717)
	at org.apache.ratis.thirdparty.io.netty.channel.socket.nio.NioSocketChannel.doFinishConnect(NioSocketChannel.java:327)
	at org.apache.ratis.thirdparty.io.netty.channel.nio.AbstractNioChannel$AbstractNioUnsafe.finishConnect(AbstractNioChannel.java:340)
	at org.apache.ratis.thirdparty.io.netty.channel.nio.NioEventLoop.processSelectedKey(NioEventLoop.java:632)
	at org.apache.ratis.thirdparty.io.netty.channel.nio.NioEventLoop.processSelectedKeysOptimized(NioEventLoop.java:579)
	at org.apache.ratis.thirdparty.io.netty.channel.nio.NioEventLoop.processSelectedKeys(NioEventLoop.java:496)
	at org.apache.ratis.thirdparty.io.netty.channel.nio.NioEventLoop.run(NioEventLoop.java:458)
	at org.apache.ratis.thirdparty.io.netty.util.concurrent.SingleThreadEventExecutor$5.run(SingleThreadEventExecutor.java:897)
	at org.apache.ratis.thirdparty.io.netty.util.concurrent.FastThreadLocalRunnable.run(FastThreadLocalRunnable.java:30)
	... 1 more
Caused by: java.net.ConnectException: Connection refused
	... 11 more
2019-09-28 01:19:52,200 [169076bb-2216-469a-9fc5-b7d227bcc1f0@group-902151DE03CA:LeaderElection87] INFO  impl.RaftServerImpl (RaftServerImpl.java:setRole(174)) - 169076bb-2216-469a-9fc5-b7d227bcc1f0@group-902151DE03CA: changes role from CANDIDATE to FOLLOWER at term 4 for DISCOVERED_A_NEW_TERM
2019-09-28 01:19:52,200 [169076bb-2216-469a-9fc5-b7d227bcc1f0@group-902151DE03CA:LeaderElection87] INFO  impl.RoleInfo (RoleInfo.java:shutdownLeaderElection(134)) - 169076bb-2216-469a-9fc5-b7d227bcc1f0: shutdown LeaderElection
2019-09-28 01:19:52,200 [169076bb-2216-469a-9fc5-b7d227bcc1f0@group-902151DE03CA:LeaderElection87] INFO  impl.RoleInfo (RoleInfo.java:updateAndGet(143)) - 169076bb-2216-469a-9fc5-b7d227bcc1f0: start FollowerState
2019-09-28 01:19:52,639 [grpc-default-executor-1] WARN  server.GrpcLogAppender (LogUtils.java:warn(134)) - 5a7443cd-0ba8-4045-a615-ca9d87f0fd78@group-393F5BFE9DF9->14d5cd8c-0256-42d6-a2d7-07541ed6779f-AppendLogResponseHandler: Failed appendEntries: org.apache.ratis.thirdparty.io.grpc.StatusRuntimeException: UNAVAILABLE: io exception
2019-09-28 01:19:52,640 [grpc-default-executor-1] INFO  impl.FollowerInfo (FollowerInfo.java:lambda$new$0(51)) - 5a7443cd-0ba8-4045-a615-ca9d87f0fd78@group-393F5BFE9DF9->14d5cd8c-0256-42d6-a2d7-07541ed6779f: nextIndex: updateUnconditionally 0 -> 0
2019-09-28 01:19:53,140 [grpc-default-executor-1] WARN  server.GrpcLogAppender (LogUtils.java:warn(134)) - 5a7443cd-0ba8-4045-a615-ca9d87f0fd78@group-393F5BFE9DF9->14d5cd8c-0256-42d6-a2d7-07541ed6779f-AppendLogResponseHandler: Failed appendEntries: org.apache.ratis.thirdparty.io.grpc.StatusRuntimeException: UNAVAILABLE: io exception
2019-09-28 01:19:53,141 [grpc-default-executor-1] INFO  impl.FollowerInfo (FollowerInfo.java:lambda$new$0(51)) - 5a7443cd-0ba8-4045-a615-ca9d87f0fd78@group-393F5BFE9DF9->14d5cd8c-0256-42d6-a2d7-07541ed6779f: nextIndex: updateUnconditionally 0 -> 0
2019-09-28 01:19:53,342 [Thread-5737] INFO  impl.FollowerState (FollowerState.java:run(106)) - 169076bb-2216-469a-9fc5-b7d227bcc1f0:group-902151DE03CA changes to CANDIDATE, lastRpcTime:1141, electionTimeout:1141ms
2019-09-28 01:19:53,342 [Thread-5737] INFO  impl.RoleInfo (RoleInfo.java:shutdownFollowerState(121)) - 169076bb-2216-469a-9fc5-b7d227bcc1f0: shutdown FollowerState
2019-09-28 01:19:53,342 [Thread-5737] INFO  impl.RaftServerImpl (RaftServerImpl.java:setRole(174)) - 169076bb-2216-469a-9fc5-b7d227bcc1f0@group-902151DE03CA: changes role from  FOLLOWER to CANDIDATE at term 4 for changeToCandidate
2019-09-28 01:19:53,342 [Thread-5737] INFO  impl.RoleInfo (RoleInfo.java:updateAndGet(143)) - 169076bb-2216-469a-9fc5-b7d227bcc1f0: start LeaderElection
2019-09-28 01:19:53,356 [169076bb-2216-469a-9fc5-b7d227bcc1f0@group-902151DE03CA:LeaderElection88] INFO  impl.LeaderElection (LeaderElection.java:askForVotes(182)) - 169076bb-2216-469a-9fc5-b7d227bcc1f0@group-902151DE03CA:LeaderElection88: begin an election at term 5 for 0: [a6f3909d-04e3-4c75-9cc7-e0ce9610c43d:192.168.151.82:33245, 169076bb-2216-469a-9fc5-b7d227bcc1f0:192.168.151.82:42330, 4c896d7a-7f6e-4c9a-8a8b-40c5d5b27396:192.168.151.82:33459], old=null
2019-09-28 01:19:53,357 [169076bb-2216-469a-9fc5-b7d227bcc1f0@group-902151DE03CA:LeaderElection88] INFO  impl.LeaderElection (LogUtils.java:infoOrTrace(149)) - 169076bb-2216-469a-9fc5-b7d227bcc1f0@group-902151DE03CA:LeaderElection88 got exception when requesting votes: {}
java.util.concurrent.ExecutionException: org.apache.ratis.thirdparty.io.grpc.StatusRuntimeException: UNAVAILABLE: io exception
	at java.util.concurrent.FutureTask.report(FutureTask.java:122)
	at java.util.concurrent.FutureTask.get(FutureTask.java:192)
	at org.apache.ratis.server.impl.LeaderElection.waitForResults(LeaderElection.java:263)
	at org.apache.ratis.server.impl.LeaderElection.askForVotes(LeaderElection.java:201)
	at org.apache.ratis.server.impl.LeaderElection.run(LeaderElection.java:133)
	at java.lang.Thread.run(Thread.java:748)
Caused by: org.apache.ratis.thirdparty.io.grpc.StatusRuntimeException: UNAVAILABLE: io exception
	at org.apache.ratis.thirdparty.io.grpc.stub.ClientCalls.toStatusRuntimeException(ClientCalls.java:233)
	at org.apache.ratis.thirdparty.io.grpc.stub.ClientCalls.getUnchecked(ClientCalls.java:214)
	at org.apache.ratis.thirdparty.io.grpc.stub.ClientCalls.blockingUnaryCall(ClientCalls.java:139)
	at org.apache.ratis.proto.grpc.RaftServerProtocolServiceGrpc$RaftServerProtocolServiceBlockingStub.requestVote(RaftServerProtocolServiceGrpc.java:265)
	at org.apache.ratis.grpc.server.GrpcServerProtocolClient.requestVote(GrpcServerProtocolClient.java:90)
	at org.apache.ratis.grpc.server.GrpcService.requestVote(GrpcService.java:204)
	at org.apache.ratis.server.impl.LeaderElection.lambda$submitRequests$1(LeaderElection.java:238)
	at java.util.concurrent.FutureTask.run(FutureTask.java:266)
	at java.util.concurrent.Executors$RunnableAdapter.call(Executors.java:511)
	at java.util.concurrent.FutureTask.run(FutureTask.java:266)
	at java.util.concurrent.ThreadPoolExecutor.runWorker(ThreadPoolExecutor.java:1149)
	at java.util.concurrent.ThreadPoolExecutor$Worker.run(ThreadPoolExecutor.java:624)
	... 1 more
Caused by: org.apache.ratis.thirdparty.io.netty.channel.AbstractChannel$AnnotatedConnectException: Connection refused: /192.168.151.82:33245
	at sun.nio.ch.SocketChannelImpl.checkConnect(Native Method)
	at sun.nio.ch.SocketChannelImpl.finishConnect(SocketChannelImpl.java:717)
	at org.apache.ratis.thirdparty.io.netty.channel.socket.nio.NioSocketChannel.doFinishConnect(NioSocketChannel.java:327)
	at org.apache.ratis.thirdparty.io.netty.channel.nio.AbstractNioChannel$AbstractNioUnsafe.finishConnect(AbstractNioChannel.java:340)
	at org.apache.ratis.thirdparty.io.netty.channel.nio.NioEventLoop.processSelectedKey(NioEventLoop.java:632)
	at org.apache.ratis.thirdparty.io.netty.channel.nio.NioEventLoop.processSelectedKeysOptimized(NioEventLoop.java:579)
	at org.apache.ratis.thirdparty.io.netty.channel.nio.NioEventLoop.processSelectedKeys(NioEventLoop.java:496)
	at org.apache.ratis.thirdparty.io.netty.channel.nio.NioEventLoop.run(NioEventLoop.java:458)
	at org.apache.ratis.thirdparty.io.netty.util.concurrent.SingleThreadEventExecutor$5.run(SingleThreadEventExecutor.java:897)
	at org.apache.ratis.thirdparty.io.netty.util.concurrent.FastThreadLocalRunnable.run(FastThreadLocalRunnable.java:30)
	... 1 more
Caused by: java.net.ConnectException: Connection refused
	... 11 more
2019-09-28 01:19:53,358 [169076bb-2216-469a-9fc5-b7d227bcc1f0@group-902151DE03CA:LeaderElection88] INFO  impl.LeaderElection (LogUtils.java:infoOrTrace(149)) - 169076bb-2216-469a-9fc5-b7d227bcc1f0@group-902151DE03CA:LeaderElection88 got exception when requesting votes: {}
java.util.concurrent.ExecutionException: org.apache.ratis.thirdparty.io.grpc.StatusRuntimeException: UNAVAILABLE: io exception
	at java.util.concurrent.FutureTask.report(FutureTask.java:122)
	at java.util.concurrent.FutureTask.get(FutureTask.java:192)
	at org.apache.ratis.server.impl.LeaderElection.waitForResults(LeaderElection.java:263)
	at org.apache.ratis.server.impl.LeaderElection.askForVotes(LeaderElection.java:201)
	at org.apache.ratis.server.impl.LeaderElection.run(LeaderElection.java:133)
	at java.lang.Thread.run(Thread.java:748)
Caused by: org.apache.ratis.thirdparty.io.grpc.StatusRuntimeException: UNAVAILABLE: io exception
	at org.apache.ratis.thirdparty.io.grpc.stub.ClientCalls.toStatusRuntimeException(ClientCalls.java:233)
	at org.apache.ratis.thirdparty.io.grpc.stub.ClientCalls.getUnchecked(ClientCalls.java:214)
	at org.apache.ratis.thirdparty.io.grpc.stub.ClientCalls.blockingUnaryCall(ClientCalls.java:139)
	at org.apache.ratis.proto.grpc.RaftServerProtocolServiceGrpc$RaftServerProtocolServiceBlockingStub.requestVote(RaftServerProtocolServiceGrpc.java:265)
	at org.apache.ratis.grpc.server.GrpcServerProtocolClient.requestVote(GrpcServerProtocolClient.java:90)
	at org.apache.ratis.grpc.server.GrpcService.requestVote(GrpcService.java:204)
	at org.apache.ratis.server.impl.LeaderElection.lambda$submitRequests$1(LeaderElection.java:238)
	at java.util.concurrent.FutureTask.run(FutureTask.java:266)
	at java.util.concurrent.Executors$RunnableAdapter.call(Executors.java:511)
	at java.util.concurrent.FutureTask.run(FutureTask.java:266)
	at java.util.concurrent.ThreadPoolExecutor.runWorker(ThreadPoolExecutor.java:1149)
	at java.util.concurrent.ThreadPoolExecutor$Worker.run(ThreadPoolExecutor.java:624)
	... 1 more
Caused by: org.apache.ratis.thirdparty.io.netty.channel.AbstractChannel$AnnotatedConnectException: Connection refused: /192.168.151.82:33459
	at sun.nio.ch.SocketChannelImpl.checkConnect(Native Method)
	at sun.nio.ch.SocketChannelImpl.finishConnect(SocketChannelImpl.java:717)
	at org.apache.ratis.thirdparty.io.netty.channel.socket.nio.NioSocketChannel.doFinishConnect(NioSocketChannel.java:327)
	at org.apache.ratis.thirdparty.io.netty.channel.nio.AbstractNioChannel$AbstractNioUnsafe.finishConnect(AbstractNioChannel.java:340)
	at org.apache.ratis.thirdparty.io.netty.channel.nio.NioEventLoop.processSelectedKey(NioEventLoop.java:632)
	at org.apache.ratis.thirdparty.io.netty.channel.nio.NioEventLoop.processSelectedKeysOptimized(NioEventLoop.java:579)
	at org.apache.ratis.thirdparty.io.netty.channel.nio.NioEventLoop.processSelectedKeys(NioEventLoop.java:496)
	at org.apache.ratis.thirdparty.io.netty.channel.nio.NioEventLoop.run(NioEventLoop.java:458)
	at org.apache.ratis.thirdparty.io.netty.util.concurrent.SingleThreadEventExecutor$5.run(SingleThreadEventExecutor.java:897)
	at org.apache.ratis.thirdparty.io.netty.util.concurrent.FastThreadLocalRunnable.run(FastThreadLocalRunnable.java:30)
	... 1 more
Caused by: java.net.ConnectException: Connection refused
	... 11 more
2019-09-28 01:19:53,359 [169076bb-2216-469a-9fc5-b7d227bcc1f0@group-902151DE03CA:LeaderElection88] INFO  impl.LeaderElection (LeaderElection.java:logAndReturn(56)) - 169076bb-2216-469a-9fc5-b7d227bcc1f0@group-902151DE03CA:LeaderElection88: Election REJECTED; received 0 response(s) [] and 2 exception(s); 169076bb-2216-469a-9fc5-b7d227bcc1f0@group-902151DE03CA:t5, leader=null, voted=169076bb-2216-469a-9fc5-b7d227bcc1f0, raftlog=169076bb-2216-469a-9fc5-b7d227bcc1f0@group-902151DE03CA-SegmentedRaftLog:OPENED:c0,f0,i0, conf=0: [a6f3909d-04e3-4c75-9cc7-e0ce9610c43d:192.168.151.82:33245, 169076bb-2216-469a-9fc5-b7d227bcc1f0:192.168.151.82:42330, 4c896d7a-7f6e-4c9a-8a8b-40c5d5b27396:192.168.151.82:33459], old=null
2019-09-28 01:19:53,359 [169076bb-2216-469a-9fc5-b7d227bcc1f0@group-902151DE03CA:LeaderElection88] INFO  impl.LeaderElection (LogUtils.java:infoOrTrace(149)) -   Exception 0: {}
java.util.concurrent.ExecutionException: org.apache.ratis.thirdparty.io.grpc.StatusRuntimeException: UNAVAILABLE: io exception
	at java.util.concurrent.FutureTask.report(FutureTask.java:122)
	at java.util.concurrent.FutureTask.get(FutureTask.java:192)
	at org.apache.ratis.server.impl.LeaderElection.waitForResults(LeaderElection.java:263)
	at org.apache.ratis.server.impl.LeaderElection.askForVotes(LeaderElection.java:201)
	at org.apache.ratis.server.impl.LeaderElection.run(LeaderElection.java:133)
	at java.lang.Thread.run(Thread.java:748)
Caused by: org.apache.ratis.thirdparty.io.grpc.StatusRuntimeException: UNAVAILABLE: io exception
	at org.apache.ratis.thirdparty.io.grpc.stub.ClientCalls.toStatusRuntimeException(ClientCalls.java:233)
	at org.apache.ratis.thirdparty.io.grpc.stub.ClientCalls.getUnchecked(ClientCalls.java:214)
	at org.apache.ratis.thirdparty.io.grpc.stub.ClientCalls.blockingUnaryCall(ClientCalls.java:139)
	at org.apache.ratis.proto.grpc.RaftServerProtocolServiceGrpc$RaftServerProtocolServiceBlockingStub.requestVote(RaftServerProtocolServiceGrpc.java:265)
	at org.apache.ratis.grpc.server.GrpcServerProtocolClient.requestVote(GrpcServerProtocolClient.java:90)
	at org.apache.ratis.grpc.server.GrpcService.requestVote(GrpcService.java:204)
	at org.apache.ratis.server.impl.LeaderElection.lambda$submitRequests$1(LeaderElection.java:238)
	at java.util.concurrent.FutureTask.run(FutureTask.java:266)
	at java.util.concurrent.Executors$RunnableAdapter.call(Executors.java:511)
	at java.util.concurrent.FutureTask.run(FutureTask.java:266)
	at java.util.concurrent.ThreadPoolExecutor.runWorker(ThreadPoolExecutor.java:1149)
	at java.util.concurrent.ThreadPoolExecutor$Worker.run(ThreadPoolExecutor.java:624)
	... 1 more
Caused by: org.apache.ratis.thirdparty.io.netty.channel.AbstractChannel$AnnotatedConnectException: Connection refused: /192.168.151.82:33245
	at sun.nio.ch.SocketChannelImpl.checkConnect(Native Method)
	at sun.nio.ch.SocketChannelImpl.finishConnect(SocketChannelImpl.java:717)
	at org.apache.ratis.thirdparty.io.netty.channel.socket.nio.NioSocketChannel.doFinishConnect(NioSocketChannel.java:327)
	at org.apache.ratis.thirdparty.io.netty.channel.nio.AbstractNioChannel$AbstractNioUnsafe.finishConnect(AbstractNioChannel.java:340)
	at org.apache.ratis.thirdparty.io.netty.channel.nio.NioEventLoop.processSelectedKey(NioEventLoop.java:632)
	at org.apache.ratis.thirdparty.io.netty.channel.nio.NioEventLoop.processSelectedKeysOptimized(NioEventLoop.java:579)
	at org.apache.ratis.thirdparty.io.netty.channel.nio.NioEventLoop.processSelectedKeys(NioEventLoop.java:496)
	at org.apache.ratis.thirdparty.io.netty.channel.nio.NioEventLoop.run(NioEventLoop.java:458)
	at org.apache.ratis.thirdparty.io.netty.util.concurrent.SingleThreadEventExecutor$5.run(SingleThreadEventExecutor.java:897)
	at org.apache.ratis.thirdparty.io.netty.util.concurrent.FastThreadLocalRunnable.run(FastThreadLocalRunnable.java:30)
	... 1 more
Caused by: java.net.ConnectException: Connection refused
	... 11 more
2019-09-28 01:19:53,359 [169076bb-2216-469a-9fc5-b7d227bcc1f0@group-902151DE03CA:LeaderElection88] INFO  impl.LeaderElection (LogUtils.java:infoOrTrace(149)) -   Exception 1: {}
java.util.concurrent.ExecutionException: org.apache.ratis.thirdparty.io.grpc.StatusRuntimeException: UNAVAILABLE: io exception
	at java.util.concurrent.FutureTask.report(FutureTask.java:122)
	at java.util.concurrent.FutureTask.get(FutureTask.java:192)
	at org.apache.ratis.server.impl.LeaderElection.waitForResults(LeaderElection.java:263)
	at org.apache.ratis.server.impl.LeaderElection.askForVotes(LeaderElection.java:201)
	at org.apache.ratis.server.impl.LeaderElection.run(LeaderElection.java:133)
	at java.lang.Thread.run(Thread.java:748)
Caused by: org.apache.ratis.thirdparty.io.grpc.StatusRuntimeException: UNAVAILABLE: io exception
	at org.apache.ratis.thirdparty.io.grpc.stub.ClientCalls.toStatusRuntimeException(ClientCalls.java:233)
	at org.apache.ratis.thirdparty.io.grpc.stub.ClientCalls.getUnchecked(ClientCalls.java:214)
	at org.apache.ratis.thirdparty.io.grpc.stub.ClientCalls.blockingUnaryCall(ClientCalls.java:139)
	at org.apache.ratis.proto.grpc.RaftServerProtocolServiceGrpc$RaftServerProtocolServiceBlockingStub.requestVote(RaftServerProtocolServiceGrpc.java:265)
	at org.apache.ratis.grpc.server.GrpcServerProtocolClient.requestVote(GrpcServerProtocolClient.java:90)
	at org.apache.ratis.grpc.server.GrpcService.requestVote(GrpcService.java:204)
	at org.apache.ratis.server.impl.LeaderElection.lambda$submitRequests$1(LeaderElection.java:238)
	at java.util.concurrent.FutureTask.run(FutureTask.java:266)
	at java.util.concurrent.Executors$RunnableAdapter.call(Executors.java:511)
	at java.util.concurrent.FutureTask.run(FutureTask.java:266)
	at java.util.concurrent.ThreadPoolExecutor.runWorker(ThreadPoolExecutor.java:1149)
	at java.util.concurrent.ThreadPoolExecutor$Worker.run(ThreadPoolExecutor.java:624)
	... 1 more
Caused by: org.apache.ratis.thirdparty.io.netty.channel.AbstractChannel$AnnotatedConnectException: Connection refused: /192.168.151.82:33459
	at sun.nio.ch.SocketChannelImpl.checkConnect(Native Method)
	at sun.nio.ch.SocketChannelImpl.finishConnect(SocketChannelImpl.java:717)
	at org.apache.ratis.thirdparty.io.netty.channel.socket.nio.NioSocketChannel.doFinishConnect(NioSocketChannel.java:327)
	at org.apache.ratis.thirdparty.io.netty.channel.nio.AbstractNioChannel$AbstractNioUnsafe.finishConnect(AbstractNioChannel.java:340)
	at org.apache.ratis.thirdparty.io.netty.channel.nio.NioEventLoop.processSelectedKey(NioEventLoop.java:632)
	at org.apache.ratis.thirdparty.io.netty.channel.nio.NioEventLoop.processSelectedKeysOptimized(NioEventLoop.java:579)
	at org.apache.ratis.thirdparty.io.netty.channel.nio.NioEventLoop.processSelectedKeys(NioEventLoop.java:496)
	at org.apache.ratis.thirdparty.io.netty.channel.nio.NioEventLoop.run(NioEventLoop.java:458)
	at org.apache.ratis.thirdparty.io.netty.util.concurrent.SingleThreadEventExecutor$5.run(SingleThreadEventExecutor.java:897)
	at org.apache.ratis.thirdparty.io.netty.util.concurrent.FastThreadLocalRunnable.run(FastThreadLocalRunnable.java:30)
	... 1 more
Caused by: java.net.ConnectException: Connection refused
	... 11 more
2019-09-28 01:19:53,360 [169076bb-2216-469a-9fc5-b7d227bcc1f0@group-902151DE03CA:LeaderElection88] INFO  impl.RaftServerImpl (RaftServerImpl.java:setRole(174)) - 169076bb-2216-469a-9fc5-b7d227bcc1f0@group-902151DE03CA: changes role from CANDIDATE to FOLLOWER at term 5 for DISCOVERED_A_NEW_TERM
2019-09-28 01:19:53,360 [169076bb-2216-469a-9fc5-b7d227bcc1f0@group-902151DE03CA:LeaderElection88] INFO  impl.RoleInfo (RoleInfo.java:shutdownLeaderElection(134)) - 169076bb-2216-469a-9fc5-b7d227bcc1f0: shutdown LeaderElection
2019-09-28 01:19:53,360 [169076bb-2216-469a-9fc5-b7d227bcc1f0@group-902151DE03CA:LeaderElection88] INFO  impl.RoleInfo (RoleInfo.java:updateAndGet(143)) - 169076bb-2216-469a-9fc5-b7d227bcc1f0: start FollowerState
2019-09-28 01:19:53,641 [grpc-default-executor-5] WARN  server.GrpcLogAppender (LogUtils.java:warn(134)) - 5a7443cd-0ba8-4045-a615-ca9d87f0fd78@group-393F5BFE9DF9->14d5cd8c-0256-42d6-a2d7-07541ed6779f-AppendLogResponseHandler: Failed appendEntries: org.apache.ratis.thirdparty.io.grpc.StatusRuntimeException: UNAVAILABLE: io exception
2019-09-28 01:19:53,642 [grpc-default-executor-5] INFO  impl.FollowerInfo (FollowerInfo.java:lambda$new$0(51)) - 5a7443cd-0ba8-4045-a615-ca9d87f0fd78@group-393F5BFE9DF9->14d5cd8c-0256-42d6-a2d7-07541ed6779f: nextIndex: updateUnconditionally 0 -> 0
2019-09-28 01:19:54,142 [grpc-default-executor-5] WARN  server.GrpcLogAppender (LogUtils.java:warn(134)) - 5a7443cd-0ba8-4045-a615-ca9d87f0fd78@group-393F5BFE9DF9->14d5cd8c-0256-42d6-a2d7-07541ed6779f-AppendLogResponseHandler: Failed appendEntries: org.apache.ratis.thirdparty.io.grpc.StatusRuntimeException: UNAVAILABLE: io exception
2019-09-28 01:19:54,143 [grpc-default-executor-5] INFO  impl.FollowerInfo (FollowerInfo.java:lambda$new$0(51)) - 5a7443cd-0ba8-4045-a615-ca9d87f0fd78@group-393F5BFE9DF9->14d5cd8c-0256-42d6-a2d7-07541ed6779f: nextIndex: updateUnconditionally 0 -> 0
2019-09-28 01:19:54,453 [Thread-5747] INFO  impl.FollowerState (FollowerState.java:run(106)) - 169076bb-2216-469a-9fc5-b7d227bcc1f0:group-902151DE03CA changes to CANDIDATE, lastRpcTime:1092, electionTimeout:1092ms
2019-09-28 01:19:54,453 [Thread-5747] INFO  impl.RoleInfo (RoleInfo.java:shutdownFollowerState(121)) - 169076bb-2216-469a-9fc5-b7d227bcc1f0: shutdown FollowerState
2019-09-28 01:19:54,453 [Thread-5747] INFO  impl.RaftServerImpl (RaftServerImpl.java:setRole(174)) - 169076bb-2216-469a-9fc5-b7d227bcc1f0@group-902151DE03CA: changes role from  FOLLOWER to CANDIDATE at term 5 for changeToCandidate
2019-09-28 01:19:54,453 [Thread-5747] INFO  impl.RoleInfo (RoleInfo.java:updateAndGet(143)) - 169076bb-2216-469a-9fc5-b7d227bcc1f0: start LeaderElection
2019-09-28 01:19:54,467 [169076bb-2216-469a-9fc5-b7d227bcc1f0@group-902151DE03CA:LeaderElection89] INFO  impl.LeaderElection (LeaderElection.java:askForVotes(182)) - 169076bb-2216-469a-9fc5-b7d227bcc1f0@group-902151DE03CA:LeaderElection89: begin an election at term 6 for 0: [a6f3909d-04e3-4c75-9cc7-e0ce9610c43d:192.168.151.82:33245, 169076bb-2216-469a-9fc5-b7d227bcc1f0:192.168.151.82:42330, 4c896d7a-7f6e-4c9a-8a8b-40c5d5b27396:192.168.151.82:33459], old=null
2019-09-28 01:19:54,469 [169076bb-2216-469a-9fc5-b7d227bcc1f0@group-902151DE03CA:LeaderElection89] INFO  impl.LeaderElection (LogUtils.java:infoOrTrace(149)) - 169076bb-2216-469a-9fc5-b7d227bcc1f0@group-902151DE03CA:LeaderElection89 got exception when requesting votes: {}
java.util.concurrent.ExecutionException: org.apache.ratis.thirdparty.io.grpc.StatusRuntimeException: UNAVAILABLE: io exception
	at java.util.concurrent.FutureTask.report(FutureTask.java:122)
	at java.util.concurrent.FutureTask.get(FutureTask.java:192)
	at org.apache.ratis.server.impl.LeaderElection.waitForResults(LeaderElection.java:263)
	at org.apache.ratis.server.impl.LeaderElection.askForVotes(LeaderElection.java:201)
	at org.apache.ratis.server.impl.LeaderElection.run(LeaderElection.java:133)
	at java.lang.Thread.run(Thread.java:748)
Caused by: org.apache.ratis.thirdparty.io.grpc.StatusRuntimeException: UNAVAILABLE: io exception
	at org.apache.ratis.thirdparty.io.grpc.stub.ClientCalls.toStatusRuntimeException(ClientCalls.java:233)
	at org.apache.ratis.thirdparty.io.grpc.stub.ClientCalls.getUnchecked(ClientCalls.java:214)
	at org.apache.ratis.thirdparty.io.grpc.stub.ClientCalls.blockingUnaryCall(ClientCalls.java:139)
	at org.apache.ratis.proto.grpc.RaftServerProtocolServiceGrpc$RaftServerProtocolServiceBlockingStub.requestVote(RaftServerProtocolServiceGrpc.java:265)
	at org.apache.ratis.grpc.server.GrpcServerProtocolClient.requestVote(GrpcServerProtocolClient.java:90)
	at org.apache.ratis.grpc.server.GrpcService.requestVote(GrpcService.java:204)
	at org.apache.ratis.server.impl.LeaderElection.lambda$submitRequests$1(LeaderElection.java:238)
	at java.util.concurrent.FutureTask.run(FutureTask.java:266)
	at java.util.concurrent.Executors$RunnableAdapter.call(Executors.java:511)
	at java.util.concurrent.FutureTask.run(FutureTask.java:266)
	at java.util.concurrent.ThreadPoolExecutor.runWorker(ThreadPoolExecutor.java:1149)
	at java.util.concurrent.ThreadPoolExecutor$Worker.run(ThreadPoolExecutor.java:624)
	... 1 more
Caused by: org.apache.ratis.thirdparty.io.netty.channel.AbstractChannel$AnnotatedConnectException: Connection refused: /192.168.151.82:33245
	at sun.nio.ch.SocketChannelImpl.checkConnect(Native Method)
	at sun.nio.ch.SocketChannelImpl.finishConnect(SocketChannelImpl.java:717)
	at org.apache.ratis.thirdparty.io.netty.channel.socket.nio.NioSocketChannel.doFinishConnect(NioSocketChannel.java:327)
	at org.apache.ratis.thirdparty.io.netty.channel.nio.AbstractNioChannel$AbstractNioUnsafe.finishConnect(AbstractNioChannel.java:340)
	at org.apache.ratis.thirdparty.io.netty.channel.nio.NioEventLoop.processSelectedKey(NioEventLoop.java:632)
	at org.apache.ratis.thirdparty.io.netty.channel.nio.NioEventLoop.processSelectedKeysOptimized(NioEventLoop.java:579)
	at org.apache.ratis.thirdparty.io.netty.channel.nio.NioEventLoop.processSelectedKeys(NioEventLoop.java:496)
	at org.apache.ratis.thirdparty.io.netty.channel.nio.NioEventLoop.run(NioEventLoop.java:458)
	at org.apache.ratis.thirdparty.io.netty.util.concurrent.SingleThreadEventExecutor$5.run(SingleThreadEventExecutor.java:897)
	at org.apache.ratis.thirdparty.io.netty.util.concurrent.FastThreadLocalRunnable.run(FastThreadLocalRunnable.java:30)
	... 1 more
Caused by: java.net.ConnectException: Connection refused
	... 11 more
2019-09-28 01:19:54,469 [169076bb-2216-469a-9fc5-b7d227bcc1f0@group-902151DE03CA:LeaderElection89] INFO  impl.LeaderElection (LogUtils.java:infoOrTrace(149)) - 169076bb-2216-469a-9fc5-b7d227bcc1f0@group-902151DE03CA:LeaderElection89 got exception when requesting votes: {}
java.util.concurrent.ExecutionException: org.apache.ratis.thirdparty.io.grpc.StatusRuntimeException: UNAVAILABLE: io exception
	at java.util.concurrent.FutureTask.report(FutureTask.java:122)
	at java.util.concurrent.FutureTask.get(FutureTask.java:192)
	at org.apache.ratis.server.impl.LeaderElection.waitForResults(LeaderElection.java:263)
	at org.apache.ratis.server.impl.LeaderElection.askForVotes(LeaderElection.java:201)
	at org.apache.ratis.server.impl.LeaderElection.run(LeaderElection.java:133)
	at java.lang.Thread.run(Thread.java:748)
Caused by: org.apache.ratis.thirdparty.io.grpc.StatusRuntimeException: UNAVAILABLE: io exception
	at org.apache.ratis.thirdparty.io.grpc.stub.ClientCalls.toStatusRuntimeException(ClientCalls.java:233)
	at org.apache.ratis.thirdparty.io.grpc.stub.ClientCalls.getUnchecked(ClientCalls.java:214)
	at org.apache.ratis.thirdparty.io.grpc.stub.ClientCalls.blockingUnaryCall(ClientCalls.java:139)
	at org.apache.ratis.proto.grpc.RaftServerProtocolServiceGrpc$RaftServerProtocolServiceBlockingStub.requestVote(RaftServerProtocolServiceGrpc.java:265)
	at org.apache.ratis.grpc.server.GrpcServerProtocolClient.requestVote(GrpcServerProtocolClient.java:90)
	at org.apache.ratis.grpc.server.GrpcService.requestVote(GrpcService.java:204)
	at org.apache.ratis.server.impl.LeaderElection.lambda$submitRequests$1(LeaderElection.java:238)
	at java.util.concurrent.FutureTask.run(FutureTask.java:266)
	at java.util.concurrent.Executors$RunnableAdapter.call(Executors.java:511)
	at java.util.concurrent.FutureTask.run(FutureTask.java:266)
	at java.util.concurrent.ThreadPoolExecutor.runWorker(ThreadPoolExecutor.java:1149)
	at java.util.concurrent.ThreadPoolExecutor$Worker.run(ThreadPoolExecutor.java:624)
	... 1 more
Caused by: org.apache.ratis.thirdparty.io.netty.channel.AbstractChannel$AnnotatedConnectException: Connection refused: /192.168.151.82:33459
	at sun.nio.ch.SocketChannelImpl.checkConnect(Native Method)
	at sun.nio.ch.SocketChannelImpl.finishConnect(SocketChannelImpl.java:717)
	at org.apache.ratis.thirdparty.io.netty.channel.socket.nio.NioSocketChannel.doFinishConnect(NioSocketChannel.java:327)
	at org.apache.ratis.thirdparty.io.netty.channel.nio.AbstractNioChannel$AbstractNioUnsafe.finishConnect(AbstractNioChannel.java:340)
	at org.apache.ratis.thirdparty.io.netty.channel.nio.NioEventLoop.processSelectedKey(NioEventLoop.java:632)
	at org.apache.ratis.thirdparty.io.netty.channel.nio.NioEventLoop.processSelectedKeysOptimized(NioEventLoop.java:579)
	at org.apache.ratis.thirdparty.io.netty.channel.nio.NioEventLoop.processSelectedKeys(NioEventLoop.java:496)
	at org.apache.ratis.thirdparty.io.netty.channel.nio.NioEventLoop.run(NioEventLoop.java:458)
	at org.apache.ratis.thirdparty.io.netty.util.concurrent.SingleThreadEventExecutor$5.run(SingleThreadEventExecutor.java:897)
	at org.apache.ratis.thirdparty.io.netty.util.concurrent.FastThreadLocalRunnable.run(FastThreadLocalRunnable.java:30)
	... 1 more
Caused by: java.net.ConnectException: Connection refused
	... 11 more
2019-09-28 01:19:54,470 [169076bb-2216-469a-9fc5-b7d227bcc1f0@group-902151DE03CA:LeaderElection89] INFO  impl.LeaderElection (LeaderElection.java:logAndReturn(56)) - 169076bb-2216-469a-9fc5-b7d227bcc1f0@group-902151DE03CA:LeaderElection89: Election REJECTED; received 0 response(s) [] and 2 exception(s); 169076bb-2216-469a-9fc5-b7d227bcc1f0@group-902151DE03CA:t6, leader=null, voted=169076bb-2216-469a-9fc5-b7d227bcc1f0, raftlog=169076bb-2216-469a-9fc5-b7d227bcc1f0@group-902151DE03CA-SegmentedRaftLog:OPENED:c0,f0,i0, conf=0: [a6f3909d-04e3-4c75-9cc7-e0ce9610c43d:192.168.151.82:33245, 169076bb-2216-469a-9fc5-b7d227bcc1f0:192.168.151.82:42330, 4c896d7a-7f6e-4c9a-8a8b-40c5d5b27396:192.168.151.82:33459], old=null
2019-09-28 01:19:54,470 [169076bb-2216-469a-9fc5-b7d227bcc1f0@group-902151DE03CA:LeaderElection89] INFO  impl.LeaderElection (LogUtils.java:infoOrTrace(149)) -   Exception 0: {}
java.util.concurrent.ExecutionException: org.apache.ratis.thirdparty.io.grpc.StatusRuntimeException: UNAVAILABLE: io exception
	at java.util.concurrent.FutureTask.report(FutureTask.java:122)
	at java.util.concurrent.FutureTask.get(FutureTask.java:192)
	at org.apache.ratis.server.impl.LeaderElection.waitForResults(LeaderElection.java:263)
	at org.apache.ratis.server.impl.LeaderElection.askForVotes(LeaderElection.java:201)
	at org.apache.ratis.server.impl.LeaderElection.run(LeaderElection.java:133)
	at java.lang.Thread.run(Thread.java:748)
Caused by: org.apache.ratis.thirdparty.io.grpc.StatusRuntimeException: UNAVAILABLE: io exception
	at org.apache.ratis.thirdparty.io.grpc.stub.ClientCalls.toStatusRuntimeException(ClientCalls.java:233)
	at org.apache.ratis.thirdparty.io.grpc.stub.ClientCalls.getUnchecked(ClientCalls.java:214)
	at org.apache.ratis.thirdparty.io.grpc.stub.ClientCalls.blockingUnaryCall(ClientCalls.java:139)
	at org.apache.ratis.proto.grpc.RaftServerProtocolServiceGrpc$RaftServerProtocolServiceBlockingStub.requestVote(RaftServerProtocolServiceGrpc.java:265)
	at org.apache.ratis.grpc.server.GrpcServerProtocolClient.requestVote(GrpcServerProtocolClient.java:90)
	at org.apache.ratis.grpc.server.GrpcService.requestVote(GrpcService.java:204)
	at org.apache.ratis.server.impl.LeaderElection.lambda$submitRequests$1(LeaderElection.java:238)
	at java.util.concurrent.FutureTask.run(FutureTask.java:266)
	at java.util.concurrent.Executors$RunnableAdapter.call(Executors.java:511)
	at java.util.concurrent.FutureTask.run(FutureTask.java:266)
	at java.util.concurrent.ThreadPoolExecutor.runWorker(ThreadPoolExecutor.java:1149)
	at java.util.concurrent.ThreadPoolExecutor$Worker.run(ThreadPoolExecutor.java:624)
	... 1 more
Caused by: org.apache.ratis.thirdparty.io.netty.channel.AbstractChannel$AnnotatedConnectException: Connection refused: /192.168.151.82:33245
	at sun.nio.ch.SocketChannelImpl.checkConnect(Native Method)
	at sun.nio.ch.SocketChannelImpl.finishConnect(SocketChannelImpl.java:717)
	at org.apache.ratis.thirdparty.io.netty.channel.socket.nio.NioSocketChannel.doFinishConnect(NioSocketChannel.java:327)
	at org.apache.ratis.thirdparty.io.netty.channel.nio.AbstractNioChannel$AbstractNioUnsafe.finishConnect(AbstractNioChannel.java:340)
	at org.apache.ratis.thirdparty.io.netty.channel.nio.NioEventLoop.processSelectedKey(NioEventLoop.java:632)
	at org.apache.ratis.thirdparty.io.netty.channel.nio.NioEventLoop.processSelectedKeysOptimized(NioEventLoop.java:579)
	at org.apache.ratis.thirdparty.io.netty.channel.nio.NioEventLoop.processSelectedKeys(NioEventLoop.java:496)
	at org.apache.ratis.thirdparty.io.netty.channel.nio.NioEventLoop.run(NioEventLoop.java:458)
	at org.apache.ratis.thirdparty.io.netty.util.concurrent.SingleThreadEventExecutor$5.run(SingleThreadEventExecutor.java:897)
	at org.apache.ratis.thirdparty.io.netty.util.concurrent.FastThreadLocalRunnable.run(FastThreadLocalRunnable.java:30)
	... 1 more
Caused by: java.net.ConnectException: Connection refused
	... 11 more
2019-09-28 01:19:54,470 [169076bb-2216-469a-9fc5-b7d227bcc1f0@group-902151DE03CA:LeaderElection89] INFO  impl.LeaderElection (LogUtils.java:infoOrTrace(149)) -   Exception 1: {}
java.util.concurrent.ExecutionException: org.apache.ratis.thirdparty.io.grpc.StatusRuntimeException: UNAVAILABLE: io exception
	at java.util.concurrent.FutureTask.report(FutureTask.java:122)
	at java.util.concurrent.FutureTask.get(FutureTask.java:192)
	at org.apache.ratis.server.impl.LeaderElection.waitForResults(LeaderElection.java:263)
	at org.apache.ratis.server.impl.LeaderElection.askForVotes(LeaderElection.java:201)
	at org.apache.ratis.server.impl.LeaderElection.run(LeaderElection.java:133)
	at java.lang.Thread.run(Thread.java:748)
Caused by: org.apache.ratis.thirdparty.io.grpc.StatusRuntimeException: UNAVAILABLE: io exception
	at org.apache.ratis.thirdparty.io.grpc.stub.ClientCalls.toStatusRuntimeException(ClientCalls.java:233)
	at org.apache.ratis.thirdparty.io.grpc.stub.ClientCalls.getUnchecked(ClientCalls.java:214)
	at org.apache.ratis.thirdparty.io.grpc.stub.ClientCalls.blockingUnaryCall(ClientCalls.java:139)
	at org.apache.ratis.proto.grpc.RaftServerProtocolServiceGrpc$RaftServerProtocolServiceBlockingStub.requestVote(RaftServerProtocolServiceGrpc.java:265)
	at org.apache.ratis.grpc.server.GrpcServerProtocolClient.requestVote(GrpcServerProtocolClient.java:90)
	at org.apache.ratis.grpc.server.GrpcService.requestVote(GrpcService.java:204)
	at org.apache.ratis.server.impl.LeaderElection.lambda$submitRequests$1(LeaderElection.java:238)
	at java.util.concurrent.FutureTask.run(FutureTask.java:266)
	at java.util.concurrent.Executors$RunnableAdapter.call(Executors.java:511)
	at java.util.concurrent.FutureTask.run(FutureTask.java:266)
	at java.util.concurrent.ThreadPoolExecutor.runWorker(ThreadPoolExecutor.java:1149)
	at java.util.concurrent.ThreadPoolExecutor$Worker.run(ThreadPoolExecutor.java:624)
	... 1 more
Caused by: org.apache.ratis.thirdparty.io.netty.channel.AbstractChannel$AnnotatedConnectException: Connection refused: /192.168.151.82:33459
	at sun.nio.ch.SocketChannelImpl.checkConnect(Native Method)
	at sun.nio.ch.SocketChannelImpl.finishConnect(SocketChannelImpl.java:717)
	at org.apache.ratis.thirdparty.io.netty.channel.socket.nio.NioSocketChannel.doFinishConnect(NioSocketChannel.java:327)
	at org.apache.ratis.thirdparty.io.netty.channel.nio.AbstractNioChannel$AbstractNioUnsafe.finishConnect(AbstractNioChannel.java:340)
	at org.apache.ratis.thirdparty.io.netty.channel.nio.NioEventLoop.processSelectedKey(NioEventLoop.java:632)
	at org.apache.ratis.thirdparty.io.netty.channel.nio.NioEventLoop.processSelectedKeysOptimized(NioEventLoop.java:579)
	at org.apache.ratis.thirdparty.io.netty.channel.nio.NioEventLoop.processSelectedKeys(NioEventLoop.java:496)
	at org.apache.ratis.thirdparty.io.netty.channel.nio.NioEventLoop.run(NioEventLoop.java:458)
	at org.apache.ratis.thirdparty.io.netty.util.concurrent.SingleThreadEventExecutor$5.run(SingleThreadEventExecutor.java:897)
	at org.apache.ratis.thirdparty.io.netty.util.concurrent.FastThreadLocalRunnable.run(FastThreadLocalRunnable.java:30)
	... 1 more
Caused by: java.net.ConnectException: Connection refused
	... 11 more
2019-09-28 01:19:54,471 [169076bb-2216-469a-9fc5-b7d227bcc1f0@group-902151DE03CA:LeaderElection89] INFO  impl.RaftServerImpl (RaftServerImpl.java:setRole(174)) - 169076bb-2216-469a-9fc5-b7d227bcc1f0@group-902151DE03CA: changes role from CANDIDATE to FOLLOWER at term 6 for DISCOVERED_A_NEW_TERM
2019-09-28 01:19:54,471 [169076bb-2216-469a-9fc5-b7d227bcc1f0@group-902151DE03CA:LeaderElection89] INFO  impl.RoleInfo (RoleInfo.java:shutdownLeaderElection(134)) - 169076bb-2216-469a-9fc5-b7d227bcc1f0: shutdown LeaderElection
2019-09-28 01:19:54,471 [169076bb-2216-469a-9fc5-b7d227bcc1f0@group-902151DE03CA:LeaderElection89] INFO  impl.RoleInfo (RoleInfo.java:updateAndGet(143)) - 169076bb-2216-469a-9fc5-b7d227bcc1f0: start FollowerState
2019-09-28 01:19:54,643 [grpc-default-executor-4] WARN  server.GrpcLogAppender (LogUtils.java:warn(134)) - 5a7443cd-0ba8-4045-a615-ca9d87f0fd78@group-393F5BFE9DF9->14d5cd8c-0256-42d6-a2d7-07541ed6779f-AppendLogResponseHandler: Failed appendEntries: org.apache.ratis.thirdparty.io.grpc.StatusRuntimeException: UNAVAILABLE: io exception
2019-09-28 01:19:54,643 [grpc-default-executor-4] INFO  impl.FollowerInfo (FollowerInfo.java:lambda$new$0(51)) - 5a7443cd-0ba8-4045-a615-ca9d87f0fd78@group-393F5BFE9DF9->14d5cd8c-0256-42d6-a2d7-07541ed6779f: nextIndex: updateUnconditionally 0 -> 0
2019-09-28 01:19:55,134 [main] INFO  ozoneimpl.OzoneContainer (OzoneContainer.java:stop(231)) - Attempting to stop container services.
2019-09-28 01:19:55,135 [main] INFO  impl.RaftServerProxy (RaftServerProxy.java:lambda$close$4(314)) - 37708db1-82ca-49f3-b412-795edcbfeb9a: close
2019-09-28 01:19:55,135 [ForkJoinPool.commonPool-worker-0] INFO  ozoneimpl.OzoneContainer (OzoneContainer.java:stop(231)) - Attempting to stop container services.
2019-09-28 01:19:55,135 [main] INFO  impl.RaftServerImpl (RaftServerImpl.java:lambda$shutdown$3(251)) - 37708db1-82ca-49f3-b412-795edcbfeb9a@group-28E788FD6B37: shutdown
2019-09-28 01:19:55,136 [ForkJoinPool.commonPool-worker-0] INFO  impl.RaftServerProxy (RaftServerProxy.java:lambda$close$4(314)) - 8e564692-438a-4cca-bbaf-5fbe943d4762: close
2019-09-28 01:19:55,136 [main] INFO  util.JmxRegister (JmxRegister.java:unregister(73)) - Successfully un-registered JMX Bean with object name Ratis:service=RaftServer,group=group-28E788FD6B37,id=37708db1-82ca-49f3-b412-795edcbfeb9a
2019-09-28 01:19:55,136 [ForkJoinPool.commonPool-worker-0] INFO  impl.RaftServerImpl (RaftServerImpl.java:lambda$shutdown$3(251)) - 8e564692-438a-4cca-bbaf-5fbe943d4762@group-28E788FD6B37: shutdown
2019-09-28 01:19:55,136 [main] INFO  impl.RoleInfo (RoleInfo.java:shutdownFollowerState(121)) - 37708db1-82ca-49f3-b412-795edcbfeb9a: shutdown FollowerState
2019-09-28 01:19:55,137 [ForkJoinPool.commonPool-worker-0] INFO  util.JmxRegister (JmxRegister.java:unregister(73)) - Successfully un-registered JMX Bean with object name Ratis:service=RaftServer,group=group-28E788FD6B37,id=8e564692-438a-4cca-bbaf-5fbe943d4762
2019-09-28 01:19:55,137 [Thread-4245] INFO  impl.FollowerState (FollowerState.java:run(115)) - 37708db1-82ca-49f3-b412-795edcbfeb9a: FollowerState was interrupted: java.lang.InterruptedException: sleep interrupted
2019-09-28 01:19:55,137 [main] INFO  impl.StateMachineUpdater (StateMachineUpdater.java:stopAndJoin(125)) - 37708db1-82ca-49f3-b412-795edcbfeb9a@group-28E788FD6B37-StateMachineUpdater: set stopIndex = 0
2019-09-28 01:19:55,138 [ForkJoinPool.commonPool-worker-0] INFO  impl.RoleInfo (RoleInfo.java:shutdownLeaderState(104)) - 8e564692-438a-4cca-bbaf-5fbe943d4762: shutdown LeaderState
2019-09-28 01:19:55,138 [main] INFO  impl.RaftServerImpl (ServerState.java:close(385)) - 37708db1-82ca-49f3-b412-795edcbfeb9a@group-28E788FD6B37: closes. applyIndex: 0
2019-09-28 01:19:55,139 [org.apache.ratis.server.impl.LogAppender$AppenderDaemon$$Lambda$428/1278375776@47ce266d] WARN  server.GrpcLogAppender (GrpcLogAppender.java:mayWait(143)) - 8e564692-438a-4cca-bbaf-5fbe943d4762@group-28E788FD6B37->482bab89-bbed-45e7-a2a4-226291146823-GrpcLogAppender: Wait interrupted by java.lang.InterruptedException
2019-09-28 01:19:55,139 [ForkJoinPool.commonPool-worker-0] INFO  impl.PendingRequests (PendingRequests.java:sendNotLeaderResponses(202)) - 8e564692-438a-4cca-bbaf-5fbe943d4762-PendingRequests: sendNotLeaderResponses
2019-09-28 01:19:55,139 [org.apache.ratis.server.impl.LogAppender$AppenderDaemon$$Lambda$428/1278375776@393bf3cb] WARN  server.GrpcLogAppender (GrpcLogAppender.java:mayWait(143)) - 8e564692-438a-4cca-bbaf-5fbe943d4762@group-28E788FD6B37->37708db1-82ca-49f3-b412-795edcbfeb9a-GrpcLogAppender: Wait interrupted by java.lang.InterruptedException
2019-09-28 01:19:55,140 [ForkJoinPool.commonPool-worker-0] INFO  impl.StateMachineUpdater (StateMachineUpdater.java:stopAndJoin(125)) - 8e564692-438a-4cca-bbaf-5fbe943d4762@group-28E788FD6B37-StateMachineUpdater: set stopIndex = 0
2019-09-28 01:19:55,139 [37708db1-82ca-49f3-b412-795edcbfeb9a@group-28E788FD6B37-SegmentedRaftLogWorker] INFO  segmented.SegmentedRaftLogWorker (SegmentedRaftLogWorker.java:run(313)) - 37708db1-82ca-49f3-b412-795edcbfeb9a@group-28E788FD6B37-SegmentedRaftLogWorker was interrupted, exiting. There are 0 tasks remaining in the queue.
2019-09-28 01:19:55,140 [grpc-default-executor-1] INFO  server.GrpcServerProtocolService (GrpcServerProtocolService.java:onCompleted(113)) - 37708db1-82ca-49f3-b412-795edcbfeb9a: Completed APPEND_ENTRIES, lastRequest: 8e564692-438a-4cca-bbaf-5fbe943d4762->37708db1-82ca-49f3-b412-795edcbfeb9a#249-t1, previous=(t:1, i:0), leaderCommit=0, initializing? false, entries: <empty>
2019-09-28 01:19:55,140 [ForkJoinPool.commonPool-worker-0] INFO  impl.RaftServerImpl (ServerState.java:close(385)) - 8e564692-438a-4cca-bbaf-5fbe943d4762@group-28E788FD6B37: closes. applyIndex: 0
2019-09-28 01:19:55,140 [grpc-default-executor-4] INFO  server.GrpcServerProtocolService (GrpcServerProtocolService.java:onCompleted(113)) - 482bab89-bbed-45e7-a2a4-226291146823: Completed APPEND_ENTRIES, lastRequest: 8e564692-438a-4cca-bbaf-5fbe943d4762->482bab89-bbed-45e7-a2a4-226291146823#249-t1, previous=(t:1, i:0), leaderCommit=0, initializing? false, entries: <empty>
2019-09-28 01:19:55,144 [8e564692-438a-4cca-bbaf-5fbe943d4762@group-28E788FD6B37-SegmentedRaftLogWorker] INFO  segmented.SegmentedRaftLogWorker (SegmentedRaftLogWorker.java:run(313)) - 8e564692-438a-4cca-bbaf-5fbe943d4762@group-28E788FD6B37-SegmentedRaftLogWorker was interrupted, exiting. There are 0 tasks remaining in the queue.
2019-09-28 01:19:55,143 [main] INFO  segmented.SegmentedRaftLogWorker (SegmentedRaftLogWorker.java:close(228)) - 37708db1-82ca-49f3-b412-795edcbfeb9a@group-28E788FD6B37-SegmentedRaftLogWorker close()
2019-09-28 01:19:55,146 [grpc-default-executor-3] INFO  server.GrpcLogAppender (GrpcLogAppender.java:onCompleted(293)) - 8e564692-438a-4cca-bbaf-5fbe943d4762@group-28E788FD6B37->482bab89-bbed-45e7-a2a4-226291146823-AppendLogResponseHandler: follower responses appendEntries COMPLETED
2019-09-28 01:19:55,146 [ForkJoinPool.commonPool-worker-0] INFO  segmented.SegmentedRaftLogWorker (SegmentedRaftLogWorker.java:close(228)) - 8e564692-438a-4cca-bbaf-5fbe943d4762@group-28E788FD6B37-SegmentedRaftLogWorker close()
2019-09-28 01:19:55,144 [grpc-default-executor-4] INFO  server.GrpcLogAppender (GrpcLogAppender.java:onCompleted(293)) - 8e564692-438a-4cca-bbaf-5fbe943d4762@group-28E788FD6B37->37708db1-82ca-49f3-b412-795edcbfeb9a-AppendLogResponseHandler: follower responses appendEntries COMPLETED
2019-09-28 01:19:55,152 [grpc-default-executor-5] WARN  server.GrpcLogAppender (LogUtils.java:warn(134)) - 5a7443cd-0ba8-4045-a615-ca9d87f0fd78@group-393F5BFE9DF9->14d5cd8c-0256-42d6-a2d7-07541ed6779f-AppendLogResponseHandler: Failed appendEntries: org.apache.ratis.thirdparty.io.grpc.StatusRuntimeException: UNAVAILABLE: io exception
2019-09-28 01:19:55,152 [ForkJoinPool.commonPool-worker-0] INFO  impl.RaftServerImpl (RaftServerImpl.java:lambda$shutdown$3(251)) - 8e564692-438a-4cca-bbaf-5fbe943d4762@group-A9CCFA85FD37: shutdown
2019-09-28 01:19:55,153 [ForkJoinPool.commonPool-worker-0] INFO  util.JmxRegister (JmxRegister.java:unregister(73)) - Successfully un-registered JMX Bean with object name Ratis:service=RaftServer,group=group-A9CCFA85FD37,id=8e564692-438a-4cca-bbaf-5fbe943d4762
2019-09-28 01:19:55,149 [grpc-default-executor-3] INFO  impl.FollowerInfo (FollowerInfo.java:lambda$new$0(51)) - 8e564692-438a-4cca-bbaf-5fbe943d4762@group-28E788FD6B37->482bab89-bbed-45e7-a2a4-226291146823: nextIndex: updateUnconditionally 1 -> 0
2019-09-28 01:19:55,149 [main] INFO  impl.RaftServerImpl (RaftServerImpl.java:lambda$shutdown$3(251)) - 37708db1-82ca-49f3-b412-795edcbfeb9a@group-C4217F4F74F4: shutdown
2019-09-28 01:19:55,153 [ForkJoinPool.commonPool-worker-0] INFO  impl.RoleInfo (RoleInfo.java:shutdownLeaderState(104)) - 8e564692-438a-4cca-bbaf-5fbe943d4762: shutdown LeaderState
2019-09-28 01:19:55,153 [grpc-default-executor-5] INFO  impl.FollowerInfo (FollowerInfo.java:lambda$new$0(51)) - 5a7443cd-0ba8-4045-a615-ca9d87f0fd78@group-393F5BFE9DF9->14d5cd8c-0256-42d6-a2d7-07541ed6779f: nextIndex: updateUnconditionally 0 -> 0
2019-09-28 01:19:55,153 [grpc-default-executor-4] INFO  impl.FollowerInfo (FollowerInfo.java:lambda$new$0(51)) - 8e564692-438a-4cca-bbaf-5fbe943d4762@group-28E788FD6B37->37708db1-82ca-49f3-b412-795edcbfeb9a: nextIndex: updateUnconditionally 1 -> 0
2019-09-28 01:19:55,154 [ForkJoinPool.commonPool-worker-0] INFO  impl.PendingRequests (PendingRequests.java:sendNotLeaderResponses(202)) - 8e564692-438a-4cca-bbaf-5fbe943d4762-PendingRequests: sendNotLeaderResponses
2019-09-28 01:19:55,154 [main] INFO  util.JmxRegister (JmxRegister.java:unregister(73)) - Successfully un-registered JMX Bean with object name Ratis:service=RaftServer,group=group-C4217F4F74F4,id=37708db1-82ca-49f3-b412-795edcbfeb9a
2019-09-28 01:19:55,155 [ForkJoinPool.commonPool-worker-0] INFO  impl.StateMachineUpdater (StateMachineUpdater.java:stopAndJoin(125)) - 8e564692-438a-4cca-bbaf-5fbe943d4762@group-A9CCFA85FD37-StateMachineUpdater: set stopIndex = 0
2019-09-28 01:19:55,156 [ForkJoinPool.commonPool-worker-0] INFO  impl.RaftServerImpl (ServerState.java:close(385)) - 8e564692-438a-4cca-bbaf-5fbe943d4762@group-A9CCFA85FD37: closes. applyIndex: 0
2019-09-28 01:19:55,156 [main] INFO  impl.RoleInfo (RoleInfo.java:shutdownLeaderState(104)) - 37708db1-82ca-49f3-b412-795edcbfeb9a: shutdown LeaderState
2019-09-28 01:19:55,156 [8e564692-438a-4cca-bbaf-5fbe943d4762@group-A9CCFA85FD37-SegmentedRaftLogWorker] INFO  segmented.SegmentedRaftLogWorker (SegmentedRaftLogWorker.java:run(313)) - 8e564692-438a-4cca-bbaf-5fbe943d4762@group-A9CCFA85FD37-SegmentedRaftLogWorker was interrupted, exiting. There are 0 tasks remaining in the queue.
2019-09-28 01:19:55,156 [main] INFO  impl.PendingRequests (PendingRequests.java:sendNotLeaderResponses(202)) - 37708db1-82ca-49f3-b412-795edcbfeb9a-PendingRequests: sendNotLeaderResponses
2019-09-28 01:19:55,159 [ForkJoinPool.commonPool-worker-0] INFO  segmented.SegmentedRaftLogWorker (SegmentedRaftLogWorker.java:close(228)) - 8e564692-438a-4cca-bbaf-5fbe943d4762@group-A9CCFA85FD37-SegmentedRaftLogWorker close()
2019-09-28 01:19:55,160 [main] INFO  impl.StateMachineUpdater (StateMachineUpdater.java:stopAndJoin(125)) - 37708db1-82ca-49f3-b412-795edcbfeb9a@group-C4217F4F74F4-StateMachineUpdater: set stopIndex = 0
2019-09-28 01:19:55,174 [main] INFO  impl.RaftServerImpl (ServerState.java:close(385)) - 37708db1-82ca-49f3-b412-795edcbfeb9a@group-C4217F4F74F4: closes. applyIndex: 0
2019-09-28 01:19:55,174 [ForkJoinPool.commonPool-worker-0] INFO  server.GrpcService (GrpcService.java:closeImpl(164)) - 8e564692-438a-4cca-bbaf-5fbe943d4762: shutdown server with port 44652 now
2019-09-28 01:19:55,175 [37708db1-82ca-49f3-b412-795edcbfeb9a@group-C4217F4F74F4-SegmentedRaftLogWorker] INFO  segmented.SegmentedRaftLogWorker (SegmentedRaftLogWorker.java:run(313)) - 37708db1-82ca-49f3-b412-795edcbfeb9a@group-C4217F4F74F4-SegmentedRaftLogWorker was interrupted, exiting. There are 0 tasks remaining in the queue.
2019-09-28 01:19:55,175 [main] INFO  segmented.SegmentedRaftLogWorker (SegmentedRaftLogWorker.java:close(228)) - 37708db1-82ca-49f3-b412-795edcbfeb9a@group-C4217F4F74F4-SegmentedRaftLogWorker close()
2019-09-28 01:19:55,178 [ForkJoinPool.commonPool-worker-0] INFO  server.GrpcService (GrpcService.java:closeImpl(172)) - 8e564692-438a-4cca-bbaf-5fbe943d4762: shutdown server with port 44652 successfully
2019-09-28 01:19:55,180 [main] INFO  server.GrpcService (GrpcService.java:closeImpl(164)) - 37708db1-82ca-49f3-b412-795edcbfeb9a: shutdown server with port 33696 now
2019-09-28 01:19:55,181 [main] INFO  server.GrpcService (GrpcService.java:closeImpl(172)) - 37708db1-82ca-49f3-b412-795edcbfeb9a: shutdown server with port 33696 successfully
2019-09-28 01:19:55,184 [refreshUsed-/workdir/hadoop-ozone/integration-test/target/test-dir/MiniOzoneClusterImpl-8d3ed4ce-f2e5-424c-95d5-a4ae13d3a978/datanode-4/data/containers] WARN  fs.CachingGetSpaceUsed (CachingGetSpaceUsed.java:run(183)) - Thread Interrupted waiting to refresh disk information: sleep interrupted
2019-09-28 01:19:55,185 [refreshUsed-/workdir/hadoop-ozone/integration-test/target/test-dir/MiniOzoneClusterImpl-8d3ed4ce-f2e5-424c-95d5-a4ae13d3a978/datanode-8/data/containers] WARN  fs.CachingGetSpaceUsed (CachingGetSpaceUsed.java:run(183)) - Thread Interrupted waiting to refresh disk information: sleep interrupted
2019-09-28 01:19:55,209 [ForkJoinPool.commonPool-worker-0] INFO  utils.BackgroundService (BackgroundService.java:shutdown(148)) - Shutting down service BlockDeletingService
2019-09-28 01:19:55,215 [ForkJoinPool.commonPool-worker-0] INFO  statemachine.DatanodeStateMachine (DatanodeStateMachine.java:stopDaemon(395)) - Ozone container server stopped.
2019-09-28 01:19:55,215 [main] INFO  utils.BackgroundService (BackgroundService.java:shutdown(148)) - Shutting down service BlockDeletingService
2019-09-28 01:19:55,224 [ForkJoinPool.commonPool-worker-0] INFO  handler.ContextHandler (ContextHandler.java:doStop(910)) - Stopped o.e.j.w.WebAppContext@30bf26df{/,null,UNAVAILABLE}{/hddsDatanode}
2019-09-28 01:19:55,226 [main] INFO  statemachine.DatanodeStateMachine (DatanodeStateMachine.java:stopDaemon(395)) - Ozone container server stopped.
2019-09-28 01:19:55,227 [ForkJoinPool.commonPool-worker-0] INFO  server.AbstractConnector (AbstractConnector.java:doStop(318)) - Stopped ServerConnector@261bd7b{HTTP/1.1,[http/1.1]}{0.0.0.0:0}
2019-09-28 01:19:55,229 [main] INFO  handler.ContextHandler (ContextHandler.java:doStop(910)) - Stopped o.e.j.w.WebAppContext@4f281aaf{/,null,UNAVAILABLE}{/hddsDatanode}
2019-09-28 01:19:55,229 [ForkJoinPool.commonPool-worker-0] INFO  handler.ContextHandler (ContextHandler.java:doStop(910)) - Stopped o.e.j.s.ServletContextHandler@298b64f7{/static,jar:file:/home/user/.m2/repository/org/apache/hadoop/hadoop-hdds-container-service/0.5.0-SNAPSHOT/hadoop-hdds-container-service-0.5.0-SNAPSHOT.jar!/webapps/static,UNAVAILABLE}
2019-09-28 01:19:55,231 [ForkJoinPool.commonPool-worker-0] INFO  handler.ContextHandler (ContextHandler.java:doStop(910)) - Stopped o.e.j.s.ServletContextHandler@1eb9a3ef{/logs,file:///workdir/hadoop-ozone/integration-test/target/log,UNAVAILABLE}
2019-09-28 01:19:55,231 [main] INFO  server.AbstractConnector (AbstractConnector.java:doStop(318)) - Stopped ServerConnector@5d508d22{HTTP/1.1,[http/1.1]}{0.0.0.0:0}
2019-09-28 01:19:55,232 [main] INFO  handler.ContextHandler (ContextHandler.java:doStop(910)) - Stopped o.e.j.s.ServletContextHandler@309dcdf3{/static,jar:file:/home/user/.m2/repository/org/apache/hadoop/hadoop-hdds-container-service/0.5.0-SNAPSHOT/hadoop-hdds-container-service-0.5.0-SNAPSHOT.jar!/webapps/static,UNAVAILABLE}
2019-09-28 01:19:55,233 [main] INFO  handler.ContextHandler (ContextHandler.java:doStop(910)) - Stopped o.e.j.s.ServletContextHandler@2eda4eeb{/logs,file:///workdir/hadoop-ozone/integration-test/target/log,UNAVAILABLE}
2019-09-28 01:19:55,328 [Datanode State Machine Thread - 0] INFO  statemachine.DatanodeStateMachine (DatanodeStateMachine.java:lambda$startDaemon$0(350)) - Ozone container server started.
2019-09-28 01:19:55,504 [Thread-5757] INFO  impl.FollowerState (FollowerState.java:run(106)) - 169076bb-2216-469a-9fc5-b7d227bcc1f0:group-902151DE03CA changes to CANDIDATE, lastRpcTime:1032, electionTimeout:1032ms
2019-09-28 01:19:55,504 [Thread-5757] INFO  impl.RoleInfo (RoleInfo.java:shutdownFollowerState(121)) - 169076bb-2216-469a-9fc5-b7d227bcc1f0: shutdown FollowerState
2019-09-28 01:19:55,504 [Thread-5757] INFO  impl.RaftServerImpl (RaftServerImpl.java:setRole(174)) - 169076bb-2216-469a-9fc5-b7d227bcc1f0@group-902151DE03CA: changes role from  FOLLOWER to CANDIDATE at term 6 for changeToCandidate
2019-09-28 01:19:55,504 [Thread-5757] INFO  impl.RoleInfo (RoleInfo.java:updateAndGet(143)) - 169076bb-2216-469a-9fc5-b7d227bcc1f0: start LeaderElection
2019-09-28 01:19:55,531 [169076bb-2216-469a-9fc5-b7d227bcc1f0@group-902151DE03CA:LeaderElection90] INFO  impl.LeaderElection (LeaderElection.java:askForVotes(182)) - 169076bb-2216-469a-9fc5-b7d227bcc1f0@group-902151DE03CA:LeaderElection90: begin an election at term 7 for 0: [a6f3909d-04e3-4c75-9cc7-e0ce9610c43d:192.168.151.82:33245, 169076bb-2216-469a-9fc5-b7d227bcc1f0:192.168.151.82:42330, 4c896d7a-7f6e-4c9a-8a8b-40c5d5b27396:192.168.151.82:33459], old=null
2019-09-28 01:19:55,532 [169076bb-2216-469a-9fc5-b7d227bcc1f0@group-902151DE03CA:LeaderElection90] INFO  impl.LeaderElection (LogUtils.java:infoOrTrace(149)) - 169076bb-2216-469a-9fc5-b7d227bcc1f0@group-902151DE03CA:LeaderElection90 got exception when requesting votes: {}
java.util.concurrent.ExecutionException: org.apache.ratis.thirdparty.io.grpc.StatusRuntimeException: UNAVAILABLE: io exception
	at java.util.concurrent.FutureTask.report(FutureTask.java:122)
	at java.util.concurrent.FutureTask.get(FutureTask.java:192)
	at org.apache.ratis.server.impl.LeaderElection.waitForResults(LeaderElection.java:263)
	at org.apache.ratis.server.impl.LeaderElection.askForVotes(LeaderElection.java:201)
	at org.apache.ratis.server.impl.LeaderElection.run(LeaderElection.java:133)
	at java.lang.Thread.run(Thread.java:748)
Caused by: org.apache.ratis.thirdparty.io.grpc.StatusRuntimeException: UNAVAILABLE: io exception
	at org.apache.ratis.thirdparty.io.grpc.stub.ClientCalls.toStatusRuntimeException(ClientCalls.java:233)
	at org.apache.ratis.thirdparty.io.grpc.stub.ClientCalls.getUnchecked(ClientCalls.java:214)
	at org.apache.ratis.thirdparty.io.grpc.stub.ClientCalls.blockingUnaryCall(ClientCalls.java:139)
	at org.apache.ratis.proto.grpc.RaftServerProtocolServiceGrpc$RaftServerProtocolServiceBlockingStub.requestVote(RaftServerProtocolServiceGrpc.java:265)
	at org.apache.ratis.grpc.server.GrpcServerProtocolClient.requestVote(GrpcServerProtocolClient.java:90)
	at org.apache.ratis.grpc.server.GrpcService.requestVote(GrpcService.java:204)
	at org.apache.ratis.server.impl.LeaderElection.lambda$submitRequests$1(LeaderElection.java:238)
	at java.util.concurrent.FutureTask.run(FutureTask.java:266)
	at java.util.concurrent.Executors$RunnableAdapter.call(Executors.java:511)
	at java.util.concurrent.FutureTask.run(FutureTask.java:266)
	at java.util.concurrent.ThreadPoolExecutor.runWorker(ThreadPoolExecutor.java:1149)
	at java.util.concurrent.ThreadPoolExecutor$Worker.run(ThreadPoolExecutor.java:624)
	... 1 more
Caused by: org.apache.ratis.thirdparty.io.netty.channel.AbstractChannel$AnnotatedConnectException: Connection refused: /192.168.151.82:33459
	at sun.nio.ch.SocketChannelImpl.checkConnect(Native Method)
	at sun.nio.ch.SocketChannelImpl.finishConnect(SocketChannelImpl.java:717)
	at org.apache.ratis.thirdparty.io.netty.channel.socket.nio.NioSocketChannel.doFinishConnect(NioSocketChannel.java:327)
	at org.apache.ratis.thirdparty.io.netty.channel.nio.AbstractNioChannel$AbstractNioUnsafe.finishConnect(AbstractNioChannel.java:340)
	at org.apache.ratis.thirdparty.io.netty.channel.nio.NioEventLoop.processSelectedKey(NioEventLoop.java:632)
	at org.apache.ratis.thirdparty.io.netty.channel.nio.NioEventLoop.processSelectedKeysOptimized(NioEventLoop.java:579)
	at org.apache.ratis.thirdparty.io.netty.channel.nio.NioEventLoop.processSelectedKeys(NioEventLoop.java:496)
	at org.apache.ratis.thirdparty.io.netty.channel.nio.NioEventLoop.run(NioEventLoop.java:458)
	at org.apache.ratis.thirdparty.io.netty.util.concurrent.SingleThreadEventExecutor$5.run(SingleThreadEventExecutor.java:897)
	at org.apache.ratis.thirdparty.io.netty.util.concurrent.FastThreadLocalRunnable.run(FastThreadLocalRunnable.java:30)
	... 1 more
Caused by: java.net.ConnectException: Connection refused
	... 11 more
2019-09-28 01:19:55,533 [169076bb-2216-469a-9fc5-b7d227bcc1f0@group-902151DE03CA:LeaderElection90] INFO  impl.LeaderElection (LogUtils.java:infoOrTrace(149)) - 169076bb-2216-469a-9fc5-b7d227bcc1f0@group-902151DE03CA:LeaderElection90 got exception when requesting votes: {}
java.util.concurrent.ExecutionException: org.apache.ratis.thirdparty.io.grpc.StatusRuntimeException: UNAVAILABLE: io exception
	at java.util.concurrent.FutureTask.report(FutureTask.java:122)
	at java.util.concurrent.FutureTask.get(FutureTask.java:192)
	at org.apache.ratis.server.impl.LeaderElection.waitForResults(LeaderElection.java:263)
	at org.apache.ratis.server.impl.LeaderElection.askForVotes(LeaderElection.java:201)
	at org.apache.ratis.server.impl.LeaderElection.run(LeaderElection.java:133)
	at java.lang.Thread.run(Thread.java:748)
Caused by: org.apache.ratis.thirdparty.io.grpc.StatusRuntimeException: UNAVAILABLE: io exception
	at org.apache.ratis.thirdparty.io.grpc.stub.ClientCalls.toStatusRuntimeException(ClientCalls.java:233)
	at org.apache.ratis.thirdparty.io.grpc.stub.ClientCalls.getUnchecked(ClientCalls.java:214)
	at org.apache.ratis.thirdparty.io.grpc.stub.ClientCalls.blockingUnaryCall(ClientCalls.java:139)
	at org.apache.ratis.proto.grpc.RaftServerProtocolServiceGrpc$RaftServerProtocolServiceBlockingStub.requestVote(RaftServerProtocolServiceGrpc.java:265)
	at org.apache.ratis.grpc.server.GrpcServerProtocolClient.requestVote(GrpcServerProtocolClient.java:90)
	at org.apache.ratis.grpc.server.GrpcService.requestVote(GrpcService.java:204)
	at org.apache.ratis.server.impl.LeaderElection.lambda$submitRequests$1(LeaderElection.java:238)
	at java.util.concurrent.FutureTask.run(FutureTask.java:266)
	at java.util.concurrent.Executors$RunnableAdapter.call(Executors.java:511)
	at java.util.concurrent.FutureTask.run(FutureTask.java:266)
	at java.util.concurrent.ThreadPoolExecutor.runWorker(ThreadPoolExecutor.java:1149)
	at java.util.concurrent.ThreadPoolExecutor$Worker.run(ThreadPoolExecutor.java:624)
	... 1 more
Caused by: org.apache.ratis.thirdparty.io.netty.channel.AbstractChannel$AnnotatedConnectException: Connection refused: /192.168.151.82:33245
	at sun.nio.ch.SocketChannelImpl.checkConnect(Native Method)
	at sun.nio.ch.SocketChannelImpl.finishConnect(SocketChannelImpl.java:717)
	at org.apache.ratis.thirdparty.io.netty.channel.socket.nio.NioSocketChannel.doFinishConnect(NioSocketChannel.java:327)
	at org.apache.ratis.thirdparty.io.netty.channel.nio.AbstractNioChannel$AbstractNioUnsafe.finishConnect(AbstractNioChannel.java:340)
	at org.apache.ratis.thirdparty.io.netty.channel.nio.NioEventLoop.processSelectedKey(NioEventLoop.java:632)
	at org.apache.ratis.thirdparty.io.netty.channel.nio.NioEventLoop.processSelectedKeysOptimized(NioEventLoop.java:579)
	at org.apache.ratis.thirdparty.io.netty.channel.nio.NioEventLoop.processSelectedKeys(NioEventLoop.java:496)
	at org.apache.ratis.thirdparty.io.netty.channel.nio.NioEventLoop.run(NioEventLoop.java:458)
	at org.apache.ratis.thirdparty.io.netty.util.concurrent.SingleThreadEventExecutor$5.run(SingleThreadEventExecutor.java:897)
	at org.apache.ratis.thirdparty.io.netty.util.concurrent.FastThreadLocalRunnable.run(FastThreadLocalRunnable.java:30)
	... 1 more
Caused by: java.net.ConnectException: Connection refused
	... 11 more
2019-09-28 01:19:55,534 [169076bb-2216-469a-9fc5-b7d227bcc1f0@group-902151DE03CA:LeaderElection90] INFO  impl.LeaderElection (LeaderElection.java:logAndReturn(56)) - 169076bb-2216-469a-9fc5-b7d227bcc1f0@group-902151DE03CA:LeaderElection90: Election REJECTED; received 0 response(s) [] and 2 exception(s); 169076bb-2216-469a-9fc5-b7d227bcc1f0@group-902151DE03CA:t7, leader=null, voted=169076bb-2216-469a-9fc5-b7d227bcc1f0, raftlog=169076bb-2216-469a-9fc5-b7d227bcc1f0@group-902151DE03CA-SegmentedRaftLog:OPENED:c0,f0,i0, conf=0: [a6f3909d-04e3-4c75-9cc7-e0ce9610c43d:192.168.151.82:33245, 169076bb-2216-469a-9fc5-b7d227bcc1f0:192.168.151.82:42330, 4c896d7a-7f6e-4c9a-8a8b-40c5d5b27396:192.168.151.82:33459], old=null
2019-09-28 01:19:55,534 [169076bb-2216-469a-9fc5-b7d227bcc1f0@group-902151DE03CA:LeaderElection90] INFO  impl.LeaderElection (LogUtils.java:infoOrTrace(149)) -   Exception 0: {}
java.util.concurrent.ExecutionException: org.apache.ratis.thirdparty.io.grpc.StatusRuntimeException: UNAVAILABLE: io exception
	at java.util.concurrent.FutureTask.report(FutureTask.java:122)
	at java.util.concurrent.FutureTask.get(FutureTask.java:192)
	at org.apache.ratis.server.impl.LeaderElection.waitForResults(LeaderElection.java:263)
	at org.apache.ratis.server.impl.LeaderElection.askForVotes(LeaderElection.java:201)
	at org.apache.ratis.server.impl.LeaderElection.run(LeaderElection.java:133)
	at java.lang.Thread.run(Thread.java:748)
Caused by: org.apache.ratis.thirdparty.io.grpc.StatusRuntimeException: UNAVAILABLE: io exception
	at org.apache.ratis.thirdparty.io.grpc.stub.ClientCalls.toStatusRuntimeException(ClientCalls.java:233)
	at org.apache.ratis.thirdparty.io.grpc.stub.ClientCalls.getUnchecked(ClientCalls.java:214)
	at org.apache.ratis.thirdparty.io.grpc.stub.ClientCalls.blockingUnaryCall(ClientCalls.java:139)
	at org.apache.ratis.proto.grpc.RaftServerProtocolServiceGrpc$RaftServerProtocolServiceBlockingStub.requestVote(RaftServerProtocolServiceGrpc.java:265)
	at org.apache.ratis.grpc.server.GrpcServerProtocolClient.requestVote(GrpcServerProtocolClient.java:90)
	at org.apache.ratis.grpc.server.GrpcService.requestVote(GrpcService.java:204)
	at org.apache.ratis.server.impl.LeaderElection.lambda$submitRequests$1(LeaderElection.java:238)
	at java.util.concurrent.FutureTask.run(FutureTask.java:266)
	at java.util.concurrent.Executors$RunnableAdapter.call(Executors.java:511)
	at java.util.concurrent.FutureTask.run(FutureTask.java:266)
	at java.util.concurrent.ThreadPoolExecutor.runWorker(ThreadPoolExecutor.java:1149)
	at java.util.concurrent.ThreadPoolExecutor$Worker.run(ThreadPoolExecutor.java:624)
	... 1 more
Caused by: org.apache.ratis.thirdparty.io.netty.channel.AbstractChannel$AnnotatedConnectException: Connection refused: /192.168.151.82:33459
	at sun.nio.ch.SocketChannelImpl.checkConnect(Native Method)
	at sun.nio.ch.SocketChannelImpl.finishConnect(SocketChannelImpl.java:717)
	at org.apache.ratis.thirdparty.io.netty.channel.socket.nio.NioSocketChannel.doFinishConnect(NioSocketChannel.java:327)
	at org.apache.ratis.thirdparty.io.netty.channel.nio.AbstractNioChannel$AbstractNioUnsafe.finishConnect(AbstractNioChannel.java:340)
	at org.apache.ratis.thirdparty.io.netty.channel.nio.NioEventLoop.processSelectedKey(NioEventLoop.java:632)
	at org.apache.ratis.thirdparty.io.netty.channel.nio.NioEventLoop.processSelectedKeysOptimized(NioEventLoop.java:579)
	at org.apache.ratis.thirdparty.io.netty.channel.nio.NioEventLoop.processSelectedKeys(NioEventLoop.java:496)
	at org.apache.ratis.thirdparty.io.netty.channel.nio.NioEventLoop.run(NioEventLoop.java:458)
	at org.apache.ratis.thirdparty.io.netty.util.concurrent.SingleThreadEventExecutor$5.run(SingleThreadEventExecutor.java:897)
	at org.apache.ratis.thirdparty.io.netty.util.concurrent.FastThreadLocalRunnable.run(FastThreadLocalRunnable.java:30)
	... 1 more
Caused by: java.net.ConnectException: Connection refused
	... 11 more
2019-09-28 01:19:55,534 [169076bb-2216-469a-9fc5-b7d227bcc1f0@group-902151DE03CA:LeaderElection90] INFO  impl.LeaderElection (LogUtils.java:infoOrTrace(149)) -   Exception 1: {}
java.util.concurrent.ExecutionException: org.apache.ratis.thirdparty.io.grpc.StatusRuntimeException: UNAVAILABLE: io exception
	at java.util.concurrent.FutureTask.report(FutureTask.java:122)
	at java.util.concurrent.FutureTask.get(FutureTask.java:192)
	at org.apache.ratis.server.impl.LeaderElection.waitForResults(LeaderElection.java:263)
	at org.apache.ratis.server.impl.LeaderElection.askForVotes(LeaderElection.java:201)
	at org.apache.ratis.server.impl.LeaderElection.run(LeaderElection.java:133)
	at java.lang.Thread.run(Thread.java:748)
Caused by: org.apache.ratis.thirdparty.io.grpc.StatusRuntimeException: UNAVAILABLE: io exception
	at org.apache.ratis.thirdparty.io.grpc.stub.ClientCalls.toStatusRuntimeException(ClientCalls.java:233)
	at org.apache.ratis.thirdparty.io.grpc.stub.ClientCalls.getUnchecked(ClientCalls.java:214)
	at org.apache.ratis.thirdparty.io.grpc.stub.ClientCalls.blockingUnaryCall(ClientCalls.java:139)
	at org.apache.ratis.proto.grpc.RaftServerProtocolServiceGrpc$RaftServerProtocolServiceBlockingStub.requestVote(RaftServerProtocolServiceGrpc.java:265)
	at org.apache.ratis.grpc.server.GrpcServerProtocolClient.requestVote(GrpcServerProtocolClient.java:90)
	at org.apache.ratis.grpc.server.GrpcService.requestVote(GrpcService.java:204)
	at org.apache.ratis.server.impl.LeaderElection.lambda$submitRequests$1(LeaderElection.java:238)
	at java.util.concurrent.FutureTask.run(FutureTask.java:266)
	at java.util.concurrent.Executors$RunnableAdapter.call(Executors.java:511)
	at java.util.concurrent.FutureTask.run(FutureTask.java:266)
	at java.util.concurrent.ThreadPoolExecutor.runWorker(ThreadPoolExecutor.java:1149)
	at java.util.concurrent.ThreadPoolExecutor$Worker.run(ThreadPoolExecutor.java:624)
	... 1 more
Caused by: org.apache.ratis.thirdparty.io.netty.channel.AbstractChannel$AnnotatedConnectException: Connection refused: /192.168.151.82:33245
	at sun.nio.ch.SocketChannelImpl.checkConnect(Native Method)
	at sun.nio.ch.SocketChannelImpl.finishConnect(SocketChannelImpl.java:717)
	at org.apache.ratis.thirdparty.io.netty.channel.socket.nio.NioSocketChannel.doFinishConnect(NioSocketChannel.java:327)
	at org.apache.ratis.thirdparty.io.netty.channel.nio.AbstractNioChannel$AbstractNioUnsafe.finishConnect(AbstractNioChannel.java:340)
	at org.apache.ratis.thirdparty.io.netty.channel.nio.NioEventLoop.processSelectedKey(NioEventLoop.java:632)
	at org.apache.ratis.thirdparty.io.netty.channel.nio.NioEventLoop.processSelectedKeysOptimized(NioEventLoop.java:579)
	at org.apache.ratis.thirdparty.io.netty.channel.nio.NioEventLoop.processSelectedKeys(NioEventLoop.java:496)
	at org.apache.ratis.thirdparty.io.netty.channel.nio.NioEventLoop.run(NioEventLoop.java:458)
	at org.apache.ratis.thirdparty.io.netty.util.concurrent.SingleThreadEventExecutor$5.run(SingleThreadEventExecutor.java:897)
	at org.apache.ratis.thirdparty.io.netty.util.concurrent.FastThreadLocalRunnable.run(FastThreadLocalRunnable.java:30)
	... 1 more
Caused by: java.net.ConnectException: Connection refused
	... 11 more
2019-09-28 01:19:55,534 [169076bb-2216-469a-9fc5-b7d227bcc1f0@group-902151DE03CA:LeaderElection90] INFO  impl.RaftServerImpl (RaftServerImpl.java:setRole(174)) - 169076bb-2216-469a-9fc5-b7d227bcc1f0@group-902151DE03CA: changes role from CANDIDATE to FOLLOWER at term 7 for DISCOVERED_A_NEW_TERM
2019-09-28 01:19:55,535 [169076bb-2216-469a-9fc5-b7d227bcc1f0@group-902151DE03CA:LeaderElection90] INFO  impl.RoleInfo (RoleInfo.java:shutdownLeaderElection(134)) - 169076bb-2216-469a-9fc5-b7d227bcc1f0: shutdown LeaderElection
2019-09-28 01:19:55,535 [169076bb-2216-469a-9fc5-b7d227bcc1f0@group-902151DE03CA:LeaderElection90] INFO  impl.RoleInfo (RoleInfo.java:updateAndGet(143)) - 169076bb-2216-469a-9fc5-b7d227bcc1f0: start FollowerState
2019-09-28 01:19:55,647 [grpc-default-executor-4] WARN  server.GrpcLogAppender (LogUtils.java:warn(134)) - 5a7443cd-0ba8-4045-a615-ca9d87f0fd78@group-393F5BFE9DF9->14d5cd8c-0256-42d6-a2d7-07541ed6779f-AppendLogResponseHandler: Failed appendEntries: org.apache.ratis.thirdparty.io.grpc.StatusRuntimeException: UNAVAILABLE: io exception
2019-09-28 01:19:55,647 [grpc-default-executor-4] INFO  impl.FollowerInfo (FollowerInfo.java:lambda$new$0(51)) - 5a7443cd-0ba8-4045-a615-ca9d87f0fd78@group-393F5BFE9DF9->14d5cd8c-0256-42d6-a2d7-07541ed6779f: nextIndex: updateUnconditionally 0 -> 0
2019-09-28 01:19:55,691 [Datanode State Machine Thread - 0] INFO  statemachine.DatanodeStateMachine (DatanodeStateMachine.java:lambda$startDaemon$0(350)) - Ozone container server started.
2019-09-28 01:19:56,148 [grpc-default-executor-4] WARN  server.GrpcLogAppender (LogUtils.java:warn(134)) - 5a7443cd-0ba8-4045-a615-ca9d87f0fd78@group-393F5BFE9DF9->14d5cd8c-0256-42d6-a2d7-07541ed6779f-AppendLogResponseHandler: Failed appendEntries: org.apache.ratis.thirdparty.io.grpc.StatusRuntimeException: UNAVAILABLE: io exception
2019-09-28 01:19:56,149 [grpc-default-executor-4] INFO  impl.FollowerInfo (FollowerInfo.java:lambda$new$0(51)) - 5a7443cd-0ba8-4045-a615-ca9d87f0fd78@group-393F5BFE9DF9->14d5cd8c-0256-42d6-a2d7-07541ed6779f: nextIndex: updateUnconditionally 0 -> 0
2019-09-28 01:19:56,211 [Thread-4246] INFO  impl.FollowerState (FollowerState.java:run(106)) - 482bab89-bbed-45e7-a2a4-226291146823:group-28E788FD6B37 changes to CANDIDATE, lastRpcTime:1557, electionTimeout:1192ms
2019-09-28 01:19:56,212 [Thread-4246] INFO  impl.RoleInfo (RoleInfo.java:shutdownFollowerState(121)) - 482bab89-bbed-45e7-a2a4-226291146823: shutdown FollowerState
2019-09-28 01:19:56,212 [Thread-4246] INFO  impl.RaftServerImpl (RaftServerImpl.java:setRole(174)) - 482bab89-bbed-45e7-a2a4-226291146823@group-28E788FD6B37: changes role from  FOLLOWER to CANDIDATE at term 1 for changeToCandidate
2019-09-28 01:19:56,212 [Thread-4246] INFO  impl.RoleInfo (RoleInfo.java:updateAndGet(143)) - 482bab89-bbed-45e7-a2a4-226291146823: start LeaderElection
2019-09-28 01:19:56,213 [482bab89-bbed-45e7-a2a4-226291146823@group-28E788FD6B37:LeaderElection91] INFO  impl.RaftServerImpl (ServerState.java:setLeader(253)) - 482bab89-bbed-45e7-a2a4-226291146823@group-28E788FD6B37: change Leader from 8e564692-438a-4cca-bbaf-5fbe943d4762 to null at term 1 for initElection
2019-09-28 01:19:56,226 [482bab89-bbed-45e7-a2a4-226291146823@group-28E788FD6B37:LeaderElection91] INFO  impl.LeaderElection (LeaderElection.java:askForVotes(182)) - 482bab89-bbed-45e7-a2a4-226291146823@group-28E788FD6B37:LeaderElection91: begin an election at term 2 for 0: [8e564692-438a-4cca-bbaf-5fbe943d4762:192.168.151.82:44652, 37708db1-82ca-49f3-b412-795edcbfeb9a:192.168.151.82:33696, 482bab89-bbed-45e7-a2a4-226291146823:192.168.151.82:43977], old=null
2019-09-28 01:19:56,229 [482bab89-bbed-45e7-a2a4-226291146823@group-28E788FD6B37:LeaderElection91] INFO  impl.LeaderElection (LogUtils.java:infoOrTrace(149)) - 482bab89-bbed-45e7-a2a4-226291146823@group-28E788FD6B37:LeaderElection91 got exception when requesting votes: {}
java.util.concurrent.ExecutionException: org.apache.ratis.thirdparty.io.grpc.StatusRuntimeException: UNAVAILABLE: io exception
	at java.util.concurrent.FutureTask.report(FutureTask.java:122)
	at java.util.concurrent.FutureTask.get(FutureTask.java:192)
	at org.apache.ratis.server.impl.LeaderElection.waitForResults(LeaderElection.java:263)
	at org.apache.ratis.server.impl.LeaderElection.askForVotes(LeaderElection.java:201)
	at org.apache.ratis.server.impl.LeaderElection.run(LeaderElection.java:133)
	at java.lang.Thread.run(Thread.java:748)
Caused by: org.apache.ratis.thirdparty.io.grpc.StatusRuntimeException: UNAVAILABLE: io exception
	at org.apache.ratis.thirdparty.io.grpc.stub.ClientCalls.toStatusRuntimeException(ClientCalls.java:233)
	at org.apache.ratis.thirdparty.io.grpc.stub.ClientCalls.getUnchecked(ClientCalls.java:214)
	at org.apache.ratis.thirdparty.io.grpc.stub.ClientCalls.blockingUnaryCall(ClientCalls.java:139)
	at org.apache.ratis.proto.grpc.RaftServerProtocolServiceGrpc$RaftServerProtocolServiceBlockingStub.requestVote(RaftServerProtocolServiceGrpc.java:265)
	at org.apache.ratis.grpc.server.GrpcServerProtocolClient.requestVote(GrpcServerProtocolClient.java:90)
	at org.apache.ratis.grpc.server.GrpcService.requestVote(GrpcService.java:204)
	at org.apache.ratis.server.impl.LeaderElection.lambda$submitRequests$1(LeaderElection.java:238)
	at java.util.concurrent.FutureTask.run(FutureTask.java:266)
	at java.util.concurrent.Executors$RunnableAdapter.call(Executors.java:511)
	at java.util.concurrent.FutureTask.run(FutureTask.java:266)
	at java.util.concurrent.ThreadPoolExecutor.runWorker(ThreadPoolExecutor.java:1149)
	at java.util.concurrent.ThreadPoolExecutor$Worker.run(ThreadPoolExecutor.java:624)
	... 1 more
Caused by: org.apache.ratis.thirdparty.io.netty.channel.AbstractChannel$AnnotatedConnectException: Connection refused: /192.168.151.82:44652
	at sun.nio.ch.SocketChannelImpl.checkConnect(Native Method)
	at sun.nio.ch.SocketChannelImpl.finishConnect(SocketChannelImpl.java:717)
	at org.apache.ratis.thirdparty.io.netty.channel.socket.nio.NioSocketChannel.doFinishConnect(NioSocketChannel.java:327)
	at org.apache.ratis.thirdparty.io.netty.channel.nio.AbstractNioChannel$AbstractNioUnsafe.finishConnect(AbstractNioChannel.java:340)
	at org.apache.ratis.thirdparty.io.netty.channel.nio.NioEventLoop.processSelectedKey(NioEventLoop.java:632)
	at org.apache.ratis.thirdparty.io.netty.channel.nio.NioEventLoop.processSelectedKeysOptimized(NioEventLoop.java:579)
	at org.apache.ratis.thirdparty.io.netty.channel.nio.NioEventLoop.processSelectedKeys(NioEventLoop.java:496)
	at org.apache.ratis.thirdparty.io.netty.channel.nio.NioEventLoop.run(NioEventLoop.java:458)
	at org.apache.ratis.thirdparty.io.netty.util.concurrent.SingleThreadEventExecutor$5.run(SingleThreadEventExecutor.java:897)
	at org.apache.ratis.thirdparty.io.netty.util.concurrent.FastThreadLocalRunnable.run(FastThreadLocalRunnable.java:30)
	... 1 more
Caused by: java.net.ConnectException: Connection refused
	... 11 more
2019-09-28 01:19:56,230 [482bab89-bbed-45e7-a2a4-226291146823@group-28E788FD6B37:LeaderElection91] INFO  impl.LeaderElection (LogUtils.java:infoOrTrace(149)) - 482bab89-bbed-45e7-a2a4-226291146823@group-28E788FD6B37:LeaderElection91 got exception when requesting votes: {}
java.util.concurrent.ExecutionException: org.apache.ratis.thirdparty.io.grpc.StatusRuntimeException: UNAVAILABLE: io exception
	at java.util.concurrent.FutureTask.report(FutureTask.java:122)
	at java.util.concurrent.FutureTask.get(FutureTask.java:192)
	at org.apache.ratis.server.impl.LeaderElection.waitForResults(LeaderElection.java:263)
	at org.apache.ratis.server.impl.LeaderElection.askForVotes(LeaderElection.java:201)
	at org.apache.ratis.server.impl.LeaderElection.run(LeaderElection.java:133)
	at java.lang.Thread.run(Thread.java:748)
Caused by: org.apache.ratis.thirdparty.io.grpc.StatusRuntimeException: UNAVAILABLE: io exception
	at org.apache.ratis.thirdparty.io.grpc.stub.ClientCalls.toStatusRuntimeException(ClientCalls.java:233)
	at org.apache.ratis.thirdparty.io.grpc.stub.ClientCalls.getUnchecked(ClientCalls.java:214)
	at org.apache.ratis.thirdparty.io.grpc.stub.ClientCalls.blockingUnaryCall(ClientCalls.java:139)
	at org.apache.ratis.proto.grpc.RaftServerProtocolServiceGrpc$RaftServerProtocolServiceBlockingStub.requestVote(RaftServerProtocolServiceGrpc.java:265)
	at org.apache.ratis.grpc.server.GrpcServerProtocolClient.requestVote(GrpcServerProtocolClient.java:90)
	at org.apache.ratis.grpc.server.GrpcService.requestVote(GrpcService.java:204)
	at org.apache.ratis.server.impl.LeaderElection.lambda$submitRequests$1(LeaderElection.java:238)
	at java.util.concurrent.FutureTask.run(FutureTask.java:266)
	at java.util.concurrent.Executors$RunnableAdapter.call(Executors.java:511)
	at java.util.concurrent.FutureTask.run(FutureTask.java:266)
	at java.util.concurrent.ThreadPoolExecutor.runWorker(ThreadPoolExecutor.java:1149)
	at java.util.concurrent.ThreadPoolExecutor$Worker.run(ThreadPoolExecutor.java:624)
	... 1 more
Caused by: org.apache.ratis.thirdparty.io.netty.channel.AbstractChannel$AnnotatedConnectException: Connection refused: /192.168.151.82:33696
	at sun.nio.ch.SocketChannelImpl.checkConnect(Native Method)
	at sun.nio.ch.SocketChannelImpl.finishConnect(SocketChannelImpl.java:717)
	at org.apache.ratis.thirdparty.io.netty.channel.socket.nio.NioSocketChannel.doFinishConnect(NioSocketChannel.java:327)
	at org.apache.ratis.thirdparty.io.netty.channel.nio.AbstractNioChannel$AbstractNioUnsafe.finishConnect(AbstractNioChannel.java:340)
	at org.apache.ratis.thirdparty.io.netty.channel.nio.NioEventLoop.processSelectedKey(NioEventLoop.java:632)
	at org.apache.ratis.thirdparty.io.netty.channel.nio.NioEventLoop.processSelectedKeysOptimized(NioEventLoop.java:579)
	at org.apache.ratis.thirdparty.io.netty.channel.nio.NioEventLoop.processSelectedKeys(NioEventLoop.java:496)
	at org.apache.ratis.thirdparty.io.netty.channel.nio.NioEventLoop.run(NioEventLoop.java:458)
	at org.apache.ratis.thirdparty.io.netty.util.concurrent.SingleThreadEventExecutor$5.run(SingleThreadEventExecutor.java:897)
	at org.apache.ratis.thirdparty.io.netty.util.concurrent.FastThreadLocalRunnable.run(FastThreadLocalRunnable.java:30)
	... 1 more
Caused by: java.net.ConnectException: Connection refused
	... 11 more
2019-09-28 01:19:56,230 [482bab89-bbed-45e7-a2a4-226291146823@group-28E788FD6B37:LeaderElection91] INFO  impl.LeaderElection (LeaderElection.java:logAndReturn(56)) - 482bab89-bbed-45e7-a2a4-226291146823@group-28E788FD6B37:LeaderElection91: Election REJECTED; received 0 response(s) [] and 2 exception(s); 482bab89-bbed-45e7-a2a4-226291146823@group-28E788FD6B37:t2, leader=null, voted=482bab89-bbed-45e7-a2a4-226291146823, raftlog=482bab89-bbed-45e7-a2a4-226291146823@group-28E788FD6B37-SegmentedRaftLog:OPENED:c0,f0,i0, conf=0: [8e564692-438a-4cca-bbaf-5fbe943d4762:192.168.151.82:44652, 37708db1-82ca-49f3-b412-795edcbfeb9a:192.168.151.82:33696, 482bab89-bbed-45e7-a2a4-226291146823:192.168.151.82:43977], old=null
2019-09-28 01:19:56,230 [482bab89-bbed-45e7-a2a4-226291146823@group-28E788FD6B37:LeaderElection91] INFO  impl.LeaderElection (LogUtils.java:infoOrTrace(149)) -   Exception 0: {}
java.util.concurrent.ExecutionException: org.apache.ratis.thirdparty.io.grpc.StatusRuntimeException: UNAVAILABLE: io exception
	at java.util.concurrent.FutureTask.report(FutureTask.java:122)
	at java.util.concurrent.FutureTask.get(FutureTask.java:192)
	at org.apache.ratis.server.impl.LeaderElection.waitForResults(LeaderElection.java:263)
	at org.apache.ratis.server.impl.LeaderElection.askForVotes(LeaderElection.java:201)
	at org.apache.ratis.server.impl.LeaderElection.run(LeaderElection.java:133)
	at java.lang.Thread.run(Thread.java:748)
Caused by: org.apache.ratis.thirdparty.io.grpc.StatusRuntimeException: UNAVAILABLE: io exception
	at org.apache.ratis.thirdparty.io.grpc.stub.ClientCalls.toStatusRuntimeException(ClientCalls.java:233)
	at org.apache.ratis.thirdparty.io.grpc.stub.ClientCalls.getUnchecked(ClientCalls.java:214)
	at org.apache.ratis.thirdparty.io.grpc.stub.ClientCalls.blockingUnaryCall(ClientCalls.java:139)
	at org.apache.ratis.proto.grpc.RaftServerProtocolServiceGrpc$RaftServerProtocolServiceBlockingStub.requestVote(RaftServerProtocolServiceGrpc.java:265)
	at org.apache.ratis.grpc.server.GrpcServerProtocolClient.requestVote(GrpcServerProtocolClient.java:90)
	at org.apache.ratis.grpc.server.GrpcService.requestVote(GrpcService.java:204)
	at org.apache.ratis.server.impl.LeaderElection.lambda$submitRequests$1(LeaderElection.java:238)
	at java.util.concurrent.FutureTask.run(FutureTask.java:266)
	at java.util.concurrent.Executors$RunnableAdapter.call(Executors.java:511)
	at java.util.concurrent.FutureTask.run(FutureTask.java:266)
	at java.util.concurrent.ThreadPoolExecutor.runWorker(ThreadPoolExecutor.java:1149)
	at java.util.concurrent.ThreadPoolExecutor$Worker.run(ThreadPoolExecutor.java:624)
	... 1 more
Caused by: org.apache.ratis.thirdparty.io.netty.channel.AbstractChannel$AnnotatedConnectException: Connection refused: /192.168.151.82:44652
	at sun.nio.ch.SocketChannelImpl.checkConnect(Native Method)
	at sun.nio.ch.SocketChannelImpl.finishConnect(SocketChannelImpl.java:717)
	at org.apache.ratis.thirdparty.io.netty.channel.socket.nio.NioSocketChannel.doFinishConnect(NioSocketChannel.java:327)
	at org.apache.ratis.thirdparty.io.netty.channel.nio.AbstractNioChannel$AbstractNioUnsafe.finishConnect(AbstractNioChannel.java:340)
	at org.apache.ratis.thirdparty.io.netty.channel.nio.NioEventLoop.processSelectedKey(NioEventLoop.java:632)
	at org.apache.ratis.thirdparty.io.netty.channel.nio.NioEventLoop.processSelectedKeysOptimized(NioEventLoop.java:579)
	at org.apache.ratis.thirdparty.io.netty.channel.nio.NioEventLoop.processSelectedKeys(NioEventLoop.java:496)
	at org.apache.ratis.thirdparty.io.netty.channel.nio.NioEventLoop.run(NioEventLoop.java:458)
	at org.apache.ratis.thirdparty.io.netty.util.concurrent.SingleThreadEventExecutor$5.run(SingleThreadEventExecutor.java:897)
	at org.apache.ratis.thirdparty.io.netty.util.concurrent.FastThreadLocalRunnable.run(FastThreadLocalRunnable.java:30)
	... 1 more
Caused by: java.net.ConnectException: Connection refused
	... 11 more
2019-09-28 01:19:56,231 [482bab89-bbed-45e7-a2a4-226291146823@group-28E788FD6B37:LeaderElection91] INFO  impl.LeaderElection (LogUtils.java:infoOrTrace(149)) -   Exception 1: {}
java.util.concurrent.ExecutionException: org.apache.ratis.thirdparty.io.grpc.StatusRuntimeException: UNAVAILABLE: io exception
	at java.util.concurrent.FutureTask.report(FutureTask.java:122)
	at java.util.concurrent.FutureTask.get(FutureTask.java:192)
	at org.apache.ratis.server.impl.LeaderElection.waitForResults(LeaderElection.java:263)
	at org.apache.ratis.server.impl.LeaderElection.askForVotes(LeaderElection.java:201)
	at org.apache.ratis.server.impl.LeaderElection.run(LeaderElection.java:133)
	at java.lang.Thread.run(Thread.java:748)
Caused by: org.apache.ratis.thirdparty.io.grpc.StatusRuntimeException: UNAVAILABLE: io exception
	at org.apache.ratis.thirdparty.io.grpc.stub.ClientCalls.toStatusRuntimeException(ClientCalls.java:233)
	at org.apache.ratis.thirdparty.io.grpc.stub.ClientCalls.getUnchecked(ClientCalls.java:214)
	at org.apache.ratis.thirdparty.io.grpc.stub.ClientCalls.blockingUnaryCall(ClientCalls.java:139)
	at org.apache.ratis.proto.grpc.RaftServerProtocolServiceGrpc$RaftServerProtocolServiceBlockingStub.requestVote(RaftServerProtocolServiceGrpc.java:265)
	at org.apache.ratis.grpc.server.GrpcServerProtocolClient.requestVote(GrpcServerProtocolClient.java:90)
	at org.apache.ratis.grpc.server.GrpcService.requestVote(GrpcService.java:204)
	at org.apache.ratis.server.impl.LeaderElection.lambda$submitRequests$1(LeaderElection.java:238)
	at java.util.concurrent.FutureTask.run(FutureTask.java:266)
	at java.util.concurrent.Executors$RunnableAdapter.call(Executors.java:511)
	at java.util.concurrent.FutureTask.run(FutureTask.java:266)
	at java.util.concurrent.ThreadPoolExecutor.runWorker(ThreadPoolExecutor.java:1149)
	at java.util.concurrent.ThreadPoolExecutor$Worker.run(ThreadPoolExecutor.java:624)
	... 1 more
Caused by: org.apache.ratis.thirdparty.io.netty.channel.AbstractChannel$AnnotatedConnectException: Connection refused: /192.168.151.82:33696
	at sun.nio.ch.SocketChannelImpl.checkConnect(Native Method)
	at sun.nio.ch.SocketChannelImpl.finishConnect(SocketChannelImpl.java:717)
	at org.apache.ratis.thirdparty.io.netty.channel.socket.nio.NioSocketChannel.doFinishConnect(NioSocketChannel.java:327)
	at org.apache.ratis.thirdparty.io.netty.channel.nio.AbstractNioChannel$AbstractNioUnsafe.finishConnect(AbstractNioChannel.java:340)
	at org.apache.ratis.thirdparty.io.netty.channel.nio.NioEventLoop.processSelectedKey(NioEventLoop.java:632)
	at org.apache.ratis.thirdparty.io.netty.channel.nio.NioEventLoop.processSelectedKeysOptimized(NioEventLoop.java:579)
	at org.apache.ratis.thirdparty.io.netty.channel.nio.NioEventLoop.processSelectedKeys(NioEventLoop.java:496)
	at org.apache.ratis.thirdparty.io.netty.channel.nio.NioEventLoop.run(NioEventLoop.java:458)
	at org.apache.ratis.thirdparty.io.netty.util.concurrent.SingleThreadEventExecutor$5.run(SingleThreadEventExecutor.java:897)
	at org.apache.ratis.thirdparty.io.netty.util.concurrent.FastThreadLocalRunnable.run(FastThreadLocalRunnable.java:30)
	... 1 more
Caused by: java.net.ConnectException: Connection refused
	... 11 more
2019-09-28 01:19:56,231 [482bab89-bbed-45e7-a2a4-226291146823@group-28E788FD6B37:LeaderElection91] INFO  impl.RaftServerImpl (RaftServerImpl.java:setRole(174)) - 482bab89-bbed-45e7-a2a4-226291146823@group-28E788FD6B37: changes role from CANDIDATE to FOLLOWER at term 2 for DISCOVERED_A_NEW_TERM
2019-09-28 01:19:56,231 [482bab89-bbed-45e7-a2a4-226291146823@group-28E788FD6B37:LeaderElection91] INFO  impl.RoleInfo (RoleInfo.java:shutdownLeaderElection(134)) - 482bab89-bbed-45e7-a2a4-226291146823: shutdown LeaderElection
2019-09-28 01:19:56,232 [482bab89-bbed-45e7-a2a4-226291146823@group-28E788FD6B37:LeaderElection91] INFO  impl.RoleInfo (RoleInfo.java:updateAndGet(143)) - 482bab89-bbed-45e7-a2a4-226291146823: start FollowerState
2019-09-28 01:19:56,649 [grpc-default-executor-3] WARN  server.GrpcLogAppender (LogUtils.java:warn(134)) - 5a7443cd-0ba8-4045-a615-ca9d87f0fd78@group-393F5BFE9DF9->14d5cd8c-0256-42d6-a2d7-07541ed6779f-AppendLogResponseHandler: Failed appendEntries: org.apache.ratis.thirdparty.io.grpc.StatusRuntimeException: UNAVAILABLE: io exception
2019-09-28 01:19:56,650 [grpc-default-executor-3] INFO  impl.FollowerInfo (FollowerInfo.java:lambda$new$0(51)) - 5a7443cd-0ba8-4045-a615-ca9d87f0fd78@group-393F5BFE9DF9->14d5cd8c-0256-42d6-a2d7-07541ed6779f: nextIndex: updateUnconditionally 0 -> 0
2019-09-28 01:19:56,712 [Thread-5765] INFO  impl.FollowerState (FollowerState.java:run(106)) - 169076bb-2216-469a-9fc5-b7d227bcc1f0:group-902151DE03CA changes to CANDIDATE, lastRpcTime:1177, electionTimeout:1177ms
2019-09-28 01:19:56,713 [Thread-5765] INFO  impl.RoleInfo (RoleInfo.java:shutdownFollowerState(121)) - 169076bb-2216-469a-9fc5-b7d227bcc1f0: shutdown FollowerState
2019-09-28 01:19:56,713 [Thread-5765] INFO  impl.RaftServerImpl (RaftServerImpl.java:setRole(174)) - 169076bb-2216-469a-9fc5-b7d227bcc1f0@group-902151DE03CA: changes role from  FOLLOWER to CANDIDATE at term 7 for changeToCandidate
2019-09-28 01:19:56,713 [Thread-5765] INFO  impl.RoleInfo (RoleInfo.java:updateAndGet(143)) - 169076bb-2216-469a-9fc5-b7d227bcc1f0: start LeaderElection
2019-09-28 01:19:56,727 [169076bb-2216-469a-9fc5-b7d227bcc1f0@group-902151DE03CA:LeaderElection92] INFO  impl.LeaderElection (LeaderElection.java:askForVotes(182)) - 169076bb-2216-469a-9fc5-b7d227bcc1f0@group-902151DE03CA:LeaderElection92: begin an election at term 8 for 0: [a6f3909d-04e3-4c75-9cc7-e0ce9610c43d:192.168.151.82:33245, 169076bb-2216-469a-9fc5-b7d227bcc1f0:192.168.151.82:42330, 4c896d7a-7f6e-4c9a-8a8b-40c5d5b27396:192.168.151.82:33459], old=null
2019-09-28 01:19:56,728 [169076bb-2216-469a-9fc5-b7d227bcc1f0@group-902151DE03CA:LeaderElection92] INFO  impl.LeaderElection (LogUtils.java:infoOrTrace(149)) - 169076bb-2216-469a-9fc5-b7d227bcc1f0@group-902151DE03CA:LeaderElection92 got exception when requesting votes: {}
java.util.concurrent.ExecutionException: org.apache.ratis.thirdparty.io.grpc.StatusRuntimeException: UNAVAILABLE: io exception
	at java.util.concurrent.FutureTask.report(FutureTask.java:122)
	at java.util.concurrent.FutureTask.get(FutureTask.java:192)
	at org.apache.ratis.server.impl.LeaderElection.waitForResults(LeaderElection.java:263)
	at org.apache.ratis.server.impl.LeaderElection.askForVotes(LeaderElection.java:201)
	at org.apache.ratis.server.impl.LeaderElection.run(LeaderElection.java:133)
	at java.lang.Thread.run(Thread.java:748)
Caused by: org.apache.ratis.thirdparty.io.grpc.StatusRuntimeException: UNAVAILABLE: io exception
	at org.apache.ratis.thirdparty.io.grpc.stub.ClientCalls.toStatusRuntimeException(ClientCalls.java:233)
	at org.apache.ratis.thirdparty.io.grpc.stub.ClientCalls.getUnchecked(ClientCalls.java:214)
	at org.apache.ratis.thirdparty.io.grpc.stub.ClientCalls.blockingUnaryCall(ClientCalls.java:139)
	at org.apache.ratis.proto.grpc.RaftServerProtocolServiceGrpc$RaftServerProtocolServiceBlockingStub.requestVote(RaftServerProtocolServiceGrpc.java:265)
	at org.apache.ratis.grpc.server.GrpcServerProtocolClient.requestVote(GrpcServerProtocolClient.java:90)
	at org.apache.ratis.grpc.server.GrpcService.requestVote(GrpcService.java:204)
	at org.apache.ratis.server.impl.LeaderElection.lambda$submitRequests$1(LeaderElection.java:238)
	at java.util.concurrent.FutureTask.run(FutureTask.java:266)
	at java.util.concurrent.Executors$RunnableAdapter.call(Executors.java:511)
	at java.util.concurrent.FutureTask.run(FutureTask.java:266)
	at java.util.concurrent.ThreadPoolExecutor.runWorker(ThreadPoolExecutor.java:1149)
	at java.util.concurrent.ThreadPoolExecutor$Worker.run(ThreadPoolExecutor.java:624)
	... 1 more
Caused by: org.apache.ratis.thirdparty.io.netty.channel.AbstractChannel$AnnotatedConnectException: Connection refused: /192.168.151.82:33245
	at sun.nio.ch.SocketChannelImpl.checkConnect(Native Method)
	at sun.nio.ch.SocketChannelImpl.finishConnect(SocketChannelImpl.java:717)
	at org.apache.ratis.thirdparty.io.netty.channel.socket.nio.NioSocketChannel.doFinishConnect(NioSocketChannel.java:327)
	at org.apache.ratis.thirdparty.io.netty.channel.nio.AbstractNioChannel$AbstractNioUnsafe.finishConnect(AbstractNioChannel.java:340)
	at org.apache.ratis.thirdparty.io.netty.channel.nio.NioEventLoop.processSelectedKey(NioEventLoop.java:632)
	at org.apache.ratis.thirdparty.io.netty.channel.nio.NioEventLoop.processSelectedKeysOptimized(NioEventLoop.java:579)
	at org.apache.ratis.thirdparty.io.netty.channel.nio.NioEventLoop.processSelectedKeys(NioEventLoop.java:496)
	at org.apache.ratis.thirdparty.io.netty.channel.nio.NioEventLoop.run(NioEventLoop.java:458)
	at org.apache.ratis.thirdparty.io.netty.util.concurrent.SingleThreadEventExecutor$5.run(SingleThreadEventExecutor.java:897)
	at org.apache.ratis.thirdparty.io.netty.util.concurrent.FastThreadLocalRunnable.run(FastThreadLocalRunnable.java:30)
	... 1 more
Caused by: java.net.ConnectException: Connection refused
	... 11 more
2019-09-28 01:19:56,729 [169076bb-2216-469a-9fc5-b7d227bcc1f0@group-902151DE03CA:LeaderElection92] INFO  impl.LeaderElection (LogUtils.java:infoOrTrace(149)) - 169076bb-2216-469a-9fc5-b7d227bcc1f0@group-902151DE03CA:LeaderElection92 got exception when requesting votes: {}
java.util.concurrent.ExecutionException: org.apache.ratis.thirdparty.io.grpc.StatusRuntimeException: UNAVAILABLE: io exception
	at java.util.concurrent.FutureTask.report(FutureTask.java:122)
	at java.util.concurrent.FutureTask.get(FutureTask.java:192)
	at org.apache.ratis.server.impl.LeaderElection.waitForResults(LeaderElection.java:263)
	at org.apache.ratis.server.impl.LeaderElection.askForVotes(LeaderElection.java:201)
	at org.apache.ratis.server.impl.LeaderElection.run(LeaderElection.java:133)
	at java.lang.Thread.run(Thread.java:748)
Caused by: org.apache.ratis.thirdparty.io.grpc.StatusRuntimeException: UNAVAILABLE: io exception
	at org.apache.ratis.thirdparty.io.grpc.stub.ClientCalls.toStatusRuntimeException(ClientCalls.java:233)
	at org.apache.ratis.thirdparty.io.grpc.stub.ClientCalls.getUnchecked(ClientCalls.java:214)
	at org.apache.ratis.thirdparty.io.grpc.stub.ClientCalls.blockingUnaryCall(ClientCalls.java:139)
	at org.apache.ratis.proto.grpc.RaftServerProtocolServiceGrpc$RaftServerProtocolServiceBlockingStub.requestVote(RaftServerProtocolServiceGrpc.java:265)
	at org.apache.ratis.grpc.server.GrpcServerProtocolClient.requestVote(GrpcServerProtocolClient.java:90)
	at org.apache.ratis.grpc.server.GrpcService.requestVote(GrpcService.java:204)
	at org.apache.ratis.server.impl.LeaderElection.lambda$submitRequests$1(LeaderElection.java:238)
	at java.util.concurrent.FutureTask.run(FutureTask.java:266)
	at java.util.concurrent.Executors$RunnableAdapter.call(Executors.java:511)
	at java.util.concurrent.FutureTask.run(FutureTask.java:266)
	at java.util.concurrent.ThreadPoolExecutor.runWorker(ThreadPoolExecutor.java:1149)
	at java.util.concurrent.ThreadPoolExecutor$Worker.run(ThreadPoolExecutor.java:624)
	... 1 more
Caused by: org.apache.ratis.thirdparty.io.netty.channel.AbstractChannel$AnnotatedConnectException: Connection refused: /192.168.151.82:33459
	at sun.nio.ch.SocketChannelImpl.checkConnect(Native Method)
	at sun.nio.ch.SocketChannelImpl.finishConnect(SocketChannelImpl.java:717)
	at org.apache.ratis.thirdparty.io.netty.channel.socket.nio.NioSocketChannel.doFinishConnect(NioSocketChannel.java:327)
	at org.apache.ratis.thirdparty.io.netty.channel.nio.AbstractNioChannel$AbstractNioUnsafe.finishConnect(AbstractNioChannel.java:340)
	at org.apache.ratis.thirdparty.io.netty.channel.nio.NioEventLoop.processSelectedKey(NioEventLoop.java:632)
	at org.apache.ratis.thirdparty.io.netty.channel.nio.NioEventLoop.processSelectedKeysOptimized(NioEventLoop.java:579)
	at org.apache.ratis.thirdparty.io.netty.channel.nio.NioEventLoop.processSelectedKeys(NioEventLoop.java:496)
	at org.apache.ratis.thirdparty.io.netty.channel.nio.NioEventLoop.run(NioEventLoop.java:458)
	at org.apache.ratis.thirdparty.io.netty.util.concurrent.SingleThreadEventExecutor$5.run(SingleThreadEventExecutor.java:897)
	at org.apache.ratis.thirdparty.io.netty.util.concurrent.FastThreadLocalRunnable.run(FastThreadLocalRunnable.java:30)
	... 1 more
Caused by: java.net.ConnectException: Connection refused
	... 11 more
2019-09-28 01:19:56,729 [169076bb-2216-469a-9fc5-b7d227bcc1f0@group-902151DE03CA:LeaderElection92] INFO  impl.LeaderElection (LeaderElection.java:logAndReturn(56)) - 169076bb-2216-469a-9fc5-b7d227bcc1f0@group-902151DE03CA:LeaderElection92: Election REJECTED; received 0 response(s) [] and 2 exception(s); 169076bb-2216-469a-9fc5-b7d227bcc1f0@group-902151DE03CA:t8, leader=null, voted=169076bb-2216-469a-9fc5-b7d227bcc1f0, raftlog=169076bb-2216-469a-9fc5-b7d227bcc1f0@group-902151DE03CA-SegmentedRaftLog:OPENED:c0,f0,i0, conf=0: [a6f3909d-04e3-4c75-9cc7-e0ce9610c43d:192.168.151.82:33245, 169076bb-2216-469a-9fc5-b7d227bcc1f0:192.168.151.82:42330, 4c896d7a-7f6e-4c9a-8a8b-40c5d5b27396:192.168.151.82:33459], old=null
2019-09-28 01:19:56,730 [169076bb-2216-469a-9fc5-b7d227bcc1f0@group-902151DE03CA:LeaderElection92] INFO  impl.LeaderElection (LogUtils.java:infoOrTrace(149)) -   Exception 0: {}
java.util.concurrent.ExecutionException: org.apache.ratis.thirdparty.io.grpc.StatusRuntimeException: UNAVAILABLE: io exception
	at java.util.concurrent.FutureTask.report(FutureTask.java:122)
	at java.util.concurrent.FutureTask.get(FutureTask.java:192)
	at org.apache.ratis.server.impl.LeaderElection.waitForResults(LeaderElection.java:263)
	at org.apache.ratis.server.impl.LeaderElection.askForVotes(LeaderElection.java:201)
	at org.apache.ratis.server.impl.LeaderElection.run(LeaderElection.java:133)
	at java.lang.Thread.run(Thread.java:748)
Caused by: org.apache.ratis.thirdparty.io.grpc.StatusRuntimeException: UNAVAILABLE: io exception
	at org.apache.ratis.thirdparty.io.grpc.stub.ClientCalls.toStatusRuntimeException(ClientCalls.java:233)
	at org.apache.ratis.thirdparty.io.grpc.stub.ClientCalls.getUnchecked(ClientCalls.java:214)
	at org.apache.ratis.thirdparty.io.grpc.stub.ClientCalls.blockingUnaryCall(ClientCalls.java:139)
	at org.apache.ratis.proto.grpc.RaftServerProtocolServiceGrpc$RaftServerProtocolServiceBlockingStub.requestVote(RaftServerProtocolServiceGrpc.java:265)
	at org.apache.ratis.grpc.server.GrpcServerProtocolClient.requestVote(GrpcServerProtocolClient.java:90)
	at org.apache.ratis.grpc.server.GrpcService.requestVote(GrpcService.java:204)
	at org.apache.ratis.server.impl.LeaderElection.lambda$submitRequests$1(LeaderElection.java:238)
	at java.util.concurrent.FutureTask.run(FutureTask.java:266)
	at java.util.concurrent.Executors$RunnableAdapter.call(Executors.java:511)
	at java.util.concurrent.FutureTask.run(FutureTask.java:266)
	at java.util.concurrent.ThreadPoolExecutor.runWorker(ThreadPoolExecutor.java:1149)
	at java.util.concurrent.ThreadPoolExecutor$Worker.run(ThreadPoolExecutor.java:624)
	... 1 more
Caused by: org.apache.ratis.thirdparty.io.netty.channel.AbstractChannel$AnnotatedConnectException: Connection refused: /192.168.151.82:33245
	at sun.nio.ch.SocketChannelImpl.checkConnect(Native Method)
	at sun.nio.ch.SocketChannelImpl.finishConnect(SocketChannelImpl.java:717)
	at org.apache.ratis.thirdparty.io.netty.channel.socket.nio.NioSocketChannel.doFinishConnect(NioSocketChannel.java:327)
	at org.apache.ratis.thirdparty.io.netty.channel.nio.AbstractNioChannel$AbstractNioUnsafe.finishConnect(AbstractNioChannel.java:340)
	at org.apache.ratis.thirdparty.io.netty.channel.nio.NioEventLoop.processSelectedKey(NioEventLoop.java:632)
	at org.apache.ratis.thirdparty.io.netty.channel.nio.NioEventLoop.processSelectedKeysOptimized(NioEventLoop.java:579)
	at org.apache.ratis.thirdparty.io.netty.channel.nio.NioEventLoop.processSelectedKeys(NioEventLoop.java:496)
	at org.apache.ratis.thirdparty.io.netty.channel.nio.NioEventLoop.run(NioEventLoop.java:458)
	at org.apache.ratis.thirdparty.io.netty.util.concurrent.SingleThreadEventExecutor$5.run(SingleThreadEventExecutor.java:897)
	at org.apache.ratis.thirdparty.io.netty.util.concurrent.FastThreadLocalRunnable.run(FastThreadLocalRunnable.java:30)
	... 1 more
Caused by: java.net.ConnectException: Connection refused
	... 11 more
2019-09-28 01:19:56,730 [169076bb-2216-469a-9fc5-b7d227bcc1f0@group-902151DE03CA:LeaderElection92] INFO  impl.LeaderElection (LogUtils.java:infoOrTrace(149)) -   Exception 1: {}
java.util.concurrent.ExecutionException: org.apache.ratis.thirdparty.io.grpc.StatusRuntimeException: UNAVAILABLE: io exception
	at java.util.concurrent.FutureTask.report(FutureTask.java:122)
	at java.util.concurrent.FutureTask.get(FutureTask.java:192)
	at org.apache.ratis.server.impl.LeaderElection.waitForResults(LeaderElection.java:263)
	at org.apache.ratis.server.impl.LeaderElection.askForVotes(LeaderElection.java:201)
	at org.apache.ratis.server.impl.LeaderElection.run(LeaderElection.java:133)
	at java.lang.Thread.run(Thread.java:748)
Caused by: org.apache.ratis.thirdparty.io.grpc.StatusRuntimeException: UNAVAILABLE: io exception
	at org.apache.ratis.thirdparty.io.grpc.stub.ClientCalls.toStatusRuntimeException(ClientCalls.java:233)
	at org.apache.ratis.thirdparty.io.grpc.stub.ClientCalls.getUnchecked(ClientCalls.java:214)
	at org.apache.ratis.thirdparty.io.grpc.stub.ClientCalls.blockingUnaryCall(ClientCalls.java:139)
	at org.apache.ratis.proto.grpc.RaftServerProtocolServiceGrpc$RaftServerProtocolServiceBlockingStub.requestVote(RaftServerProtocolServiceGrpc.java:265)
	at org.apache.ratis.grpc.server.GrpcServerProtocolClient.requestVote(GrpcServerProtocolClient.java:90)
	at org.apache.ratis.grpc.server.GrpcService.requestVote(GrpcService.java:204)
	at org.apache.ratis.server.impl.LeaderElection.lambda$submitRequests$1(LeaderElection.java:238)
	at java.util.concurrent.FutureTask.run(FutureTask.java:266)
	at java.util.concurrent.Executors$RunnableAdapter.call(Executors.java:511)
	at java.util.concurrent.FutureTask.run(FutureTask.java:266)
	at java.util.concurrent.ThreadPoolExecutor.runWorker(ThreadPoolExecutor.java:1149)
	at java.util.concurrent.ThreadPoolExecutor$Worker.run(ThreadPoolExecutor.java:624)
	... 1 more
Caused by: org.apache.ratis.thirdparty.io.netty.channel.AbstractChannel$AnnotatedConnectException: Connection refused: /192.168.151.82:33459
	at sun.nio.ch.SocketChannelImpl.checkConnect(Native Method)
	at sun.nio.ch.SocketChannelImpl.finishConnect(SocketChannelImpl.java:717)
	at org.apache.ratis.thirdparty.io.netty.channel.socket.nio.NioSocketChannel.doFinishConnect(NioSocketChannel.java:327)
	at org.apache.ratis.thirdparty.io.netty.channel.nio.AbstractNioChannel$AbstractNioUnsafe.finishConnect(AbstractNioChannel.java:340)
	at org.apache.ratis.thirdparty.io.netty.channel.nio.NioEventLoop.processSelectedKey(NioEventLoop.java:632)
	at org.apache.ratis.thirdparty.io.netty.channel.nio.NioEventLoop.processSelectedKeysOptimized(NioEventLoop.java:579)
	at org.apache.ratis.thirdparty.io.netty.channel.nio.NioEventLoop.processSelectedKeys(NioEventLoop.java:496)
	at org.apache.ratis.thirdparty.io.netty.channel.nio.NioEventLoop.run(NioEventLoop.java:458)
	at org.apache.ratis.thirdparty.io.netty.util.concurrent.SingleThreadEventExecutor$5.run(SingleThreadEventExecutor.java:897)
	at org.apache.ratis.thirdparty.io.netty.util.concurrent.FastThreadLocalRunnable.run(FastThreadLocalRunnable.java:30)
	... 1 more
Caused by: java.net.ConnectException: Connection refused
	... 11 more
2019-09-28 01:19:56,730 [169076bb-2216-469a-9fc5-b7d227bcc1f0@group-902151DE03CA:LeaderElection92] INFO  impl.RaftServerImpl (RaftServerImpl.java:setRole(174)) - 169076bb-2216-469a-9fc5-b7d227bcc1f0@group-902151DE03CA: changes role from CANDIDATE to FOLLOWER at term 8 for DISCOVERED_A_NEW_TERM
2019-09-28 01:19:56,731 [169076bb-2216-469a-9fc5-b7d227bcc1f0@group-902151DE03CA:LeaderElection92] INFO  impl.RoleInfo (RoleInfo.java:shutdownLeaderElection(134)) - 169076bb-2216-469a-9fc5-b7d227bcc1f0: shutdown LeaderElection
2019-09-28 01:19:56,731 [169076bb-2216-469a-9fc5-b7d227bcc1f0@group-902151DE03CA:LeaderElection92] INFO  impl.RoleInfo (RoleInfo.java:updateAndGet(143)) - 169076bb-2216-469a-9fc5-b7d227bcc1f0: start FollowerState
2019-09-28 01:19:57,150 [grpc-default-executor-3] WARN  server.GrpcLogAppender (LogUtils.java:warn(134)) - 5a7443cd-0ba8-4045-a615-ca9d87f0fd78@group-393F5BFE9DF9->14d5cd8c-0256-42d6-a2d7-07541ed6779f-AppendLogResponseHandler: Failed appendEntries: org.apache.ratis.thirdparty.io.grpc.StatusRuntimeException: UNAVAILABLE: io exception
2019-09-28 01:19:57,150 [grpc-default-executor-3] INFO  impl.FollowerInfo (FollowerInfo.java:lambda$new$0(51)) - 5a7443cd-0ba8-4045-a615-ca9d87f0fd78@group-393F5BFE9DF9->14d5cd8c-0256-42d6-a2d7-07541ed6779f: nextIndex: updateUnconditionally 0 -> 0
2019-09-28 01:19:57,364 [Thread-5771] INFO  impl.FollowerState (FollowerState.java:run(106)) - 482bab89-bbed-45e7-a2a4-226291146823:group-28E788FD6B37 changes to CANDIDATE, lastRpcTime:1132, electionTimeout:1132ms
2019-09-28 01:19:57,366 [Thread-5771] INFO  impl.RoleInfo (RoleInfo.java:shutdownFollowerState(121)) - 482bab89-bbed-45e7-a2a4-226291146823: shutdown FollowerState
2019-09-28 01:19:57,366 [Thread-5771] INFO  impl.RaftServerImpl (RaftServerImpl.java:setRole(174)) - 482bab89-bbed-45e7-a2a4-226291146823@group-28E788FD6B37: changes role from  FOLLOWER to CANDIDATE at term 2 for changeToCandidate
2019-09-28 01:19:57,366 [Thread-5771] INFO  impl.RoleInfo (RoleInfo.java:updateAndGet(143)) - 482bab89-bbed-45e7-a2a4-226291146823: start LeaderElection
2019-09-28 01:19:57,382 [482bab89-bbed-45e7-a2a4-226291146823@group-28E788FD6B37:LeaderElection93] INFO  impl.LeaderElection (LeaderElection.java:askForVotes(182)) - 482bab89-bbed-45e7-a2a4-226291146823@group-28E788FD6B37:LeaderElection93: begin an election at term 3 for 0: [8e564692-438a-4cca-bbaf-5fbe943d4762:192.168.151.82:44652, 37708db1-82ca-49f3-b412-795edcbfeb9a:192.168.151.82:33696, 482bab89-bbed-45e7-a2a4-226291146823:192.168.151.82:43977], old=null
2019-09-28 01:19:57,385 [482bab89-bbed-45e7-a2a4-226291146823@group-28E788FD6B37:LeaderElection93] INFO  impl.LeaderElection (LogUtils.java:infoOrTrace(149)) - 482bab89-bbed-45e7-a2a4-226291146823@group-28E788FD6B37:LeaderElection93 got exception when requesting votes: {}
java.util.concurrent.ExecutionException: org.apache.ratis.thirdparty.io.grpc.StatusRuntimeException: UNAVAILABLE: io exception
	at java.util.concurrent.FutureTask.report(FutureTask.java:122)
	at java.util.concurrent.FutureTask.get(FutureTask.java:192)
	at org.apache.ratis.server.impl.LeaderElection.waitForResults(LeaderElection.java:263)
	at org.apache.ratis.server.impl.LeaderElection.askForVotes(LeaderElection.java:201)
	at org.apache.ratis.server.impl.LeaderElection.run(LeaderElection.java:133)
	at java.lang.Thread.run(Thread.java:748)
Caused by: org.apache.ratis.thirdparty.io.grpc.StatusRuntimeException: UNAVAILABLE: io exception
	at org.apache.ratis.thirdparty.io.grpc.stub.ClientCalls.toStatusRuntimeException(ClientCalls.java:233)
	at org.apache.ratis.thirdparty.io.grpc.stub.ClientCalls.getUnchecked(ClientCalls.java:214)
	at org.apache.ratis.thirdparty.io.grpc.stub.ClientCalls.blockingUnaryCall(ClientCalls.java:139)
	at org.apache.ratis.proto.grpc.RaftServerProtocolServiceGrpc$RaftServerProtocolServiceBlockingStub.requestVote(RaftServerProtocolServiceGrpc.java:265)
	at org.apache.ratis.grpc.server.GrpcServerProtocolClient.requestVote(GrpcServerProtocolClient.java:90)
	at org.apache.ratis.grpc.server.GrpcService.requestVote(GrpcService.java:204)
	at org.apache.ratis.server.impl.LeaderElection.lambda$submitRequests$1(LeaderElection.java:238)
	at java.util.concurrent.FutureTask.run(FutureTask.java:266)
	at java.util.concurrent.Executors$RunnableAdapter.call(Executors.java:511)
	at java.util.concurrent.FutureTask.run(FutureTask.java:266)
	at java.util.concurrent.ThreadPoolExecutor.runWorker(ThreadPoolExecutor.java:1149)
	at java.util.concurrent.ThreadPoolExecutor$Worker.run(ThreadPoolExecutor.java:624)
	... 1 more
Caused by: org.apache.ratis.thirdparty.io.netty.channel.AbstractChannel$AnnotatedConnectException: Connection refused: /192.168.151.82:33696
	at sun.nio.ch.SocketChannelImpl.checkConnect(Native Method)
	at sun.nio.ch.SocketChannelImpl.finishConnect(SocketChannelImpl.java:717)
	at org.apache.ratis.thirdparty.io.netty.channel.socket.nio.NioSocketChannel.doFinishConnect(NioSocketChannel.java:327)
	at org.apache.ratis.thirdparty.io.netty.channel.nio.AbstractNioChannel$AbstractNioUnsafe.finishConnect(AbstractNioChannel.java:340)
	at org.apache.ratis.thirdparty.io.netty.channel.nio.NioEventLoop.processSelectedKey(NioEventLoop.java:632)
	at org.apache.ratis.thirdparty.io.netty.channel.nio.NioEventLoop.processSelectedKeysOptimized(NioEventLoop.java:579)
	at org.apache.ratis.thirdparty.io.netty.channel.nio.NioEventLoop.processSelectedKeys(NioEventLoop.java:496)
	at org.apache.ratis.thirdparty.io.netty.channel.nio.NioEventLoop.run(NioEventLoop.java:458)
	at org.apache.ratis.thirdparty.io.netty.util.concurrent.SingleThreadEventExecutor$5.run(SingleThreadEventExecutor.java:897)
	at org.apache.ratis.thirdparty.io.netty.util.concurrent.FastThreadLocalRunnable.run(FastThreadLocalRunnable.java:30)
	... 1 more
Caused by: java.net.ConnectException: Connection refused
	... 11 more
2019-09-28 01:19:57,386 [482bab89-bbed-45e7-a2a4-226291146823@group-28E788FD6B37:LeaderElection93] INFO  impl.LeaderElection (LogUtils.java:infoOrTrace(149)) - 482bab89-bbed-45e7-a2a4-226291146823@group-28E788FD6B37:LeaderElection93 got exception when requesting votes: {}
java.util.concurrent.ExecutionException: org.apache.ratis.thirdparty.io.grpc.StatusRuntimeException: UNAVAILABLE: io exception
	at java.util.concurrent.FutureTask.report(FutureTask.java:122)
	at java.util.concurrent.FutureTask.get(FutureTask.java:192)
	at org.apache.ratis.server.impl.LeaderElection.waitForResults(LeaderElection.java:263)
	at org.apache.ratis.server.impl.LeaderElection.askForVotes(LeaderElection.java:201)
	at org.apache.ratis.server.impl.LeaderElection.run(LeaderElection.java:133)
	at java.lang.Thread.run(Thread.java:748)
Caused by: org.apache.ratis.thirdparty.io.grpc.StatusRuntimeException: UNAVAILABLE: io exception
	at org.apache.ratis.thirdparty.io.grpc.stub.ClientCalls.toStatusRuntimeException(ClientCalls.java:233)
	at org.apache.ratis.thirdparty.io.grpc.stub.ClientCalls.getUnchecked(ClientCalls.java:214)
	at org.apache.ratis.thirdparty.io.grpc.stub.ClientCalls.blockingUnaryCall(ClientCalls.java:139)
	at org.apache.ratis.proto.grpc.RaftServerProtocolServiceGrpc$RaftServerProtocolServiceBlockingStub.requestVote(RaftServerProtocolServiceGrpc.java:265)
	at org.apache.ratis.grpc.server.GrpcServerProtocolClient.requestVote(GrpcServerProtocolClient.java:90)
	at org.apache.ratis.grpc.server.GrpcService.requestVote(GrpcService.java:204)
	at org.apache.ratis.server.impl.LeaderElection.lambda$submitRequests$1(LeaderElection.java:238)
	at java.util.concurrent.FutureTask.run(FutureTask.java:266)
	at java.util.concurrent.Executors$RunnableAdapter.call(Executors.java:511)
	at java.util.concurrent.FutureTask.run(FutureTask.java:266)
	at java.util.concurrent.ThreadPoolExecutor.runWorker(ThreadPoolExecutor.java:1149)
	at java.util.concurrent.ThreadPoolExecutor$Worker.run(ThreadPoolExecutor.java:624)
	... 1 more
Caused by: org.apache.ratis.thirdparty.io.netty.channel.AbstractChannel$AnnotatedConnectException: Connection refused: /192.168.151.82:44652
	at sun.nio.ch.SocketChannelImpl.checkConnect(Native Method)
	at sun.nio.ch.SocketChannelImpl.finishConnect(SocketChannelImpl.java:717)
	at org.apache.ratis.thirdparty.io.netty.channel.socket.nio.NioSocketChannel.doFinishConnect(NioSocketChannel.java:327)
	at org.apache.ratis.thirdparty.io.netty.channel.nio.AbstractNioChannel$AbstractNioUnsafe.finishConnect(AbstractNioChannel.java:340)
	at org.apache.ratis.thirdparty.io.netty.channel.nio.NioEventLoop.processSelectedKey(NioEventLoop.java:632)
	at org.apache.ratis.thirdparty.io.netty.channel.nio.NioEventLoop.processSelectedKeysOptimized(NioEventLoop.java:579)
	at org.apache.ratis.thirdparty.io.netty.channel.nio.NioEventLoop.processSelectedKeys(NioEventLoop.java:496)
	at org.apache.ratis.thirdparty.io.netty.channel.nio.NioEventLoop.run(NioEventLoop.java:458)
	at org.apache.ratis.thirdparty.io.netty.util.concurrent.SingleThreadEventExecutor$5.run(SingleThreadEventExecutor.java:897)
	at org.apache.ratis.thirdparty.io.netty.util.concurrent.FastThreadLocalRunnable.run(FastThreadLocalRunnable.java:30)
	... 1 more
Caused by: java.net.ConnectException: Connection refused
	... 11 more
2019-09-28 01:19:57,387 [482bab89-bbed-45e7-a2a4-226291146823@group-28E788FD6B37:LeaderElection93] INFO  impl.LeaderElection (LeaderElection.java:logAndReturn(56)) - 482bab89-bbed-45e7-a2a4-226291146823@group-28E788FD6B37:LeaderElection93: Election REJECTED; received 0 response(s) [] and 2 exception(s); 482bab89-bbed-45e7-a2a4-226291146823@group-28E788FD6B37:t3, leader=null, voted=482bab89-bbed-45e7-a2a4-226291146823, raftlog=482bab89-bbed-45e7-a2a4-226291146823@group-28E788FD6B37-SegmentedRaftLog:OPENED:c0,f0,i0, conf=0: [8e564692-438a-4cca-bbaf-5fbe943d4762:192.168.151.82:44652, 37708db1-82ca-49f3-b412-795edcbfeb9a:192.168.151.82:33696, 482bab89-bbed-45e7-a2a4-226291146823:192.168.151.82:43977], old=null
2019-09-28 01:19:57,387 [482bab89-bbed-45e7-a2a4-226291146823@group-28E788FD6B37:LeaderElection93] INFO  impl.LeaderElection (LogUtils.java:infoOrTrace(149)) -   Exception 0: {}
java.util.concurrent.ExecutionException: org.apache.ratis.thirdparty.io.grpc.StatusRuntimeException: UNAVAILABLE: io exception
	at java.util.concurrent.FutureTask.report(FutureTask.java:122)
	at java.util.concurrent.FutureTask.get(FutureTask.java:192)
	at org.apache.ratis.server.impl.LeaderElection.waitForResults(LeaderElection.java:263)
	at org.apache.ratis.server.impl.LeaderElection.askForVotes(LeaderElection.java:201)
	at org.apache.ratis.server.impl.LeaderElection.run(LeaderElection.java:133)
	at java.lang.Thread.run(Thread.java:748)
Caused by: org.apache.ratis.thirdparty.io.grpc.StatusRuntimeException: UNAVAILABLE: io exception
	at org.apache.ratis.thirdparty.io.grpc.stub.ClientCalls.toStatusRuntimeException(ClientCalls.java:233)
	at org.apache.ratis.thirdparty.io.grpc.stub.ClientCalls.getUnchecked(ClientCalls.java:214)
	at org.apache.ratis.thirdparty.io.grpc.stub.ClientCalls.blockingUnaryCall(ClientCalls.java:139)
	at org.apache.ratis.proto.grpc.RaftServerProtocolServiceGrpc$RaftServerProtocolServiceBlockingStub.requestVote(RaftServerProtocolServiceGrpc.java:265)
	at org.apache.ratis.grpc.server.GrpcServerProtocolClient.requestVote(GrpcServerProtocolClient.java:90)
	at org.apache.ratis.grpc.server.GrpcService.requestVote(GrpcService.java:204)
	at org.apache.ratis.server.impl.LeaderElection.lambda$submitRequests$1(LeaderElection.java:238)
	at java.util.concurrent.FutureTask.run(FutureTask.java:266)
	at java.util.concurrent.Executors$RunnableAdapter.call(Executors.java:511)
	at java.util.concurrent.FutureTask.run(FutureTask.java:266)
	at java.util.concurrent.ThreadPoolExecutor.runWorker(ThreadPoolExecutor.java:1149)
	at java.util.concurrent.ThreadPoolExecutor$Worker.run(ThreadPoolExecutor.java:624)
	... 1 more
Caused by: org.apache.ratis.thirdparty.io.netty.channel.AbstractChannel$AnnotatedConnectException: Connection refused: /192.168.151.82:33696
	at sun.nio.ch.SocketChannelImpl.checkConnect(Native Method)
	at sun.nio.ch.SocketChannelImpl.finishConnect(SocketChannelImpl.java:717)
	at org.apache.ratis.thirdparty.io.netty.channel.socket.nio.NioSocketChannel.doFinishConnect(NioSocketChannel.java:327)
	at org.apache.ratis.thirdparty.io.netty.channel.nio.AbstractNioChannel$AbstractNioUnsafe.finishConnect(AbstractNioChannel.java:340)
	at org.apache.ratis.thirdparty.io.netty.channel.nio.NioEventLoop.processSelectedKey(NioEventLoop.java:632)
	at org.apache.ratis.thirdparty.io.netty.channel.nio.NioEventLoop.processSelectedKeysOptimized(NioEventLoop.java:579)
	at org.apache.ratis.thirdparty.io.netty.channel.nio.NioEventLoop.processSelectedKeys(NioEventLoop.java:496)
	at org.apache.ratis.thirdparty.io.netty.channel.nio.NioEventLoop.run(NioEventLoop.java:458)
	at org.apache.ratis.thirdparty.io.netty.util.concurrent.SingleThreadEventExecutor$5.run(SingleThreadEventExecutor.java:897)
	at org.apache.ratis.thirdparty.io.netty.util.concurrent.FastThreadLocalRunnable.run(FastThreadLocalRunnable.java:30)
	... 1 more
Caused by: java.net.ConnectException: Connection refused
	... 11 more
2019-09-28 01:19:57,388 [482bab89-bbed-45e7-a2a4-226291146823@group-28E788FD6B37:LeaderElection93] INFO  impl.LeaderElection (LogUtils.java:infoOrTrace(149)) -   Exception 1: {}
java.util.concurrent.ExecutionException: org.apache.ratis.thirdparty.io.grpc.StatusRuntimeException: UNAVAILABLE: io exception
	at java.util.concurrent.FutureTask.report(FutureTask.java:122)
	at java.util.concurrent.FutureTask.get(FutureTask.java:192)
	at org.apache.ratis.server.impl.LeaderElection.waitForResults(LeaderElection.java:263)
	at org.apache.ratis.server.impl.LeaderElection.askForVotes(LeaderElection.java:201)
	at org.apache.ratis.server.impl.LeaderElection.run(LeaderElection.java:133)
	at java.lang.Thread.run(Thread.java:748)
Caused by: org.apache.ratis.thirdparty.io.grpc.StatusRuntimeException: UNAVAILABLE: io exception
	at org.apache.ratis.thirdparty.io.grpc.stub.ClientCalls.toStatusRuntimeException(ClientCalls.java:233)
	at org.apache.ratis.thirdparty.io.grpc.stub.ClientCalls.getUnchecked(ClientCalls.java:214)
	at org.apache.ratis.thirdparty.io.grpc.stub.ClientCalls.blockingUnaryCall(ClientCalls.java:139)
	at org.apache.ratis.proto.grpc.RaftServerProtocolServiceGrpc$RaftServerProtocolServiceBlockingStub.requestVote(RaftServerProtocolServiceGrpc.java:265)
	at org.apache.ratis.grpc.server.GrpcServerProtocolClient.requestVote(GrpcServerProtocolClient.java:90)
	at org.apache.ratis.grpc.server.GrpcService.requestVote(GrpcService.java:204)
	at org.apache.ratis.server.impl.LeaderElection.lambda$submitRequests$1(LeaderElection.java:238)
	at java.util.concurrent.FutureTask.run(FutureTask.java:266)
	at java.util.concurrent.Executors$RunnableAdapter.call(Executors.java:511)
	at java.util.concurrent.FutureTask.run(FutureTask.java:266)
	at java.util.concurrent.ThreadPoolExecutor.runWorker(ThreadPoolExecutor.java:1149)
	at java.util.concurrent.ThreadPoolExecutor$Worker.run(ThreadPoolExecutor.java:624)
	... 1 more
Caused by: org.apache.ratis.thirdparty.io.netty.channel.AbstractChannel$AnnotatedConnectException: Connection refused: /192.168.151.82:44652
	at sun.nio.ch.SocketChannelImpl.checkConnect(Native Method)
	at sun.nio.ch.SocketChannelImpl.finishConnect(SocketChannelImpl.java:717)
	at org.apache.ratis.thirdparty.io.netty.channel.socket.nio.NioSocketChannel.doFinishConnect(NioSocketChannel.java:327)
	at org.apache.ratis.thirdparty.io.netty.channel.nio.AbstractNioChannel$AbstractNioUnsafe.finishConnect(AbstractNioChannel.java:340)
	at org.apache.ratis.thirdparty.io.netty.channel.nio.NioEventLoop.processSelectedKey(NioEventLoop.java:632)
	at org.apache.ratis.thirdparty.io.netty.channel.nio.NioEventLoop.processSelectedKeysOptimized(NioEventLoop.java:579)
	at org.apache.ratis.thirdparty.io.netty.channel.nio.NioEventLoop.processSelectedKeys(NioEventLoop.java:496)
	at org.apache.ratis.thirdparty.io.netty.channel.nio.NioEventLoop.run(NioEventLoop.java:458)
	at org.apache.ratis.thirdparty.io.netty.util.concurrent.SingleThreadEventExecutor$5.run(SingleThreadEventExecutor.java:897)
	at org.apache.ratis.thirdparty.io.netty.util.concurrent.FastThreadLocalRunnable.run(FastThreadLocalRunnable.java:30)
	... 1 more
Caused by: java.net.ConnectException: Connection refused
	... 11 more
2019-09-28 01:19:57,388 [482bab89-bbed-45e7-a2a4-226291146823@group-28E788FD6B37:LeaderElection93] INFO  impl.RaftServerImpl (RaftServerImpl.java:setRole(174)) - 482bab89-bbed-45e7-a2a4-226291146823@group-28E788FD6B37: changes role from CANDIDATE to FOLLOWER at term 3 for DISCOVERED_A_NEW_TERM
2019-09-28 01:19:57,389 [482bab89-bbed-45e7-a2a4-226291146823@group-28E788FD6B37:LeaderElection93] INFO  impl.RoleInfo (RoleInfo.java:shutdownLeaderElection(134)) - 482bab89-bbed-45e7-a2a4-226291146823: shutdown LeaderElection
2019-09-28 01:19:57,389 [482bab89-bbed-45e7-a2a4-226291146823@group-28E788FD6B37:LeaderElection93] INFO  impl.RoleInfo (RoleInfo.java:updateAndGet(143)) - 482bab89-bbed-45e7-a2a4-226291146823: start FollowerState
2019-09-28 01:19:57,655 [grpc-default-executor-3] WARN  server.GrpcLogAppender (LogUtils.java:warn(134)) - 5a7443cd-0ba8-4045-a615-ca9d87f0fd78@group-393F5BFE9DF9->14d5cd8c-0256-42d6-a2d7-07541ed6779f-AppendLogResponseHandler: Failed appendEntries: org.apache.ratis.thirdparty.io.grpc.StatusRuntimeException: UNAVAILABLE: io exception
2019-09-28 01:19:57,656 [grpc-default-executor-3] INFO  impl.FollowerInfo (FollowerInfo.java:lambda$new$0(51)) - 5a7443cd-0ba8-4045-a615-ca9d87f0fd78@group-393F5BFE9DF9->14d5cd8c-0256-42d6-a2d7-07541ed6779f: nextIndex: updateUnconditionally 0 -> 0
2019-09-28 01:19:57,740 [Thread-5776] INFO  impl.FollowerState (FollowerState.java:run(106)) - 169076bb-2216-469a-9fc5-b7d227bcc1f0:group-902151DE03CA changes to CANDIDATE, lastRpcTime:1009, electionTimeout:1009ms
2019-09-28 01:19:57,741 [Thread-5776] INFO  impl.RoleInfo (RoleInfo.java:shutdownFollowerState(121)) - 169076bb-2216-469a-9fc5-b7d227bcc1f0: shutdown FollowerState
2019-09-28 01:19:57,741 [Thread-5776] INFO  impl.RaftServerImpl (RaftServerImpl.java:setRole(174)) - 169076bb-2216-469a-9fc5-b7d227bcc1f0@group-902151DE03CA: changes role from  FOLLOWER to CANDIDATE at term 8 for changeToCandidate
2019-09-28 01:19:57,741 [Thread-5776] INFO  impl.RoleInfo (RoleInfo.java:updateAndGet(143)) - 169076bb-2216-469a-9fc5-b7d227bcc1f0: start LeaderElection
2019-09-28 01:19:57,755 [169076bb-2216-469a-9fc5-b7d227bcc1f0@group-902151DE03CA:LeaderElection94] INFO  impl.LeaderElection (LeaderElection.java:askForVotes(182)) - 169076bb-2216-469a-9fc5-b7d227bcc1f0@group-902151DE03CA:LeaderElection94: begin an election at term 9 for 0: [a6f3909d-04e3-4c75-9cc7-e0ce9610c43d:192.168.151.82:33245, 169076bb-2216-469a-9fc5-b7d227bcc1f0:192.168.151.82:42330, 4c896d7a-7f6e-4c9a-8a8b-40c5d5b27396:192.168.151.82:33459], old=null
2019-09-28 01:19:57,756 [169076bb-2216-469a-9fc5-b7d227bcc1f0@group-902151DE03CA:LeaderElection94] INFO  impl.LeaderElection (LogUtils.java:infoOrTrace(149)) - 169076bb-2216-469a-9fc5-b7d227bcc1f0@group-902151DE03CA:LeaderElection94 got exception when requesting votes: {}
java.util.concurrent.ExecutionException: org.apache.ratis.thirdparty.io.grpc.StatusRuntimeException: UNAVAILABLE: io exception
	at java.util.concurrent.FutureTask.report(FutureTask.java:122)
	at java.util.concurrent.FutureTask.get(FutureTask.java:192)
	at org.apache.ratis.server.impl.LeaderElection.waitForResults(LeaderElection.java:263)
	at org.apache.ratis.server.impl.LeaderElection.askForVotes(LeaderElection.java:201)
	at org.apache.ratis.server.impl.LeaderElection.run(LeaderElection.java:133)
	at java.lang.Thread.run(Thread.java:748)
Caused by: org.apache.ratis.thirdparty.io.grpc.StatusRuntimeException: UNAVAILABLE: io exception
	at org.apache.ratis.thirdparty.io.grpc.stub.ClientCalls.toStatusRuntimeException(ClientCalls.java:233)
	at org.apache.ratis.thirdparty.io.grpc.stub.ClientCalls.getUnchecked(ClientCalls.java:214)
	at org.apache.ratis.thirdparty.io.grpc.stub.ClientCalls.blockingUnaryCall(ClientCalls.java:139)
	at org.apache.ratis.proto.grpc.RaftServerProtocolServiceGrpc$RaftServerProtocolServiceBlockingStub.requestVote(RaftServerProtocolServiceGrpc.java:265)
	at org.apache.ratis.grpc.server.GrpcServerProtocolClient.requestVote(GrpcServerProtocolClient.java:90)
	at org.apache.ratis.grpc.server.GrpcService.requestVote(GrpcService.java:204)
	at org.apache.ratis.server.impl.LeaderElection.lambda$submitRequests$1(LeaderElection.java:238)
	at java.util.concurrent.FutureTask.run(FutureTask.java:266)
	at java.util.concurrent.Executors$RunnableAdapter.call(Executors.java:511)
	at java.util.concurrent.FutureTask.run(FutureTask.java:266)
	at java.util.concurrent.ThreadPoolExecutor.runWorker(ThreadPoolExecutor.java:1149)
	at java.util.concurrent.ThreadPoolExecutor$Worker.run(ThreadPoolExecutor.java:624)
	... 1 more
Caused by: org.apache.ratis.thirdparty.io.netty.channel.AbstractChannel$AnnotatedConnectException: Connection refused: /192.168.151.82:33245
	at sun.nio.ch.SocketChannelImpl.checkConnect(Native Method)
	at sun.nio.ch.SocketChannelImpl.finishConnect(SocketChannelImpl.java:717)
	at org.apache.ratis.thirdparty.io.netty.channel.socket.nio.NioSocketChannel.doFinishConnect(NioSocketChannel.java:327)
	at org.apache.ratis.thirdparty.io.netty.channel.nio.AbstractNioChannel$AbstractNioUnsafe.finishConnect(AbstractNioChannel.java:340)
	at org.apache.ratis.thirdparty.io.netty.channel.nio.NioEventLoop.processSelectedKey(NioEventLoop.java:632)
	at org.apache.ratis.thirdparty.io.netty.channel.nio.NioEventLoop.processSelectedKeysOptimized(NioEventLoop.java:579)
	at org.apache.ratis.thirdparty.io.netty.channel.nio.NioEventLoop.processSelectedKeys(NioEventLoop.java:496)
	at org.apache.ratis.thirdparty.io.netty.channel.nio.NioEventLoop.run(NioEventLoop.java:458)
	at org.apache.ratis.thirdparty.io.netty.util.concurrent.SingleThreadEventExecutor$5.run(SingleThreadEventExecutor.java:897)
	at org.apache.ratis.thirdparty.io.netty.util.concurrent.FastThreadLocalRunnable.run(FastThreadLocalRunnable.java:30)
	... 1 more
Caused by: java.net.ConnectException: Connection refused
	... 11 more
2019-09-28 01:19:57,757 [169076bb-2216-469a-9fc5-b7d227bcc1f0@group-902151DE03CA:LeaderElection94] INFO  impl.LeaderElection (LogUtils.java:infoOrTrace(149)) - 169076bb-2216-469a-9fc5-b7d227bcc1f0@group-902151DE03CA:LeaderElection94 got exception when requesting votes: {}
java.util.concurrent.ExecutionException: org.apache.ratis.thirdparty.io.grpc.StatusRuntimeException: UNAVAILABLE: io exception
	at java.util.concurrent.FutureTask.report(FutureTask.java:122)
	at java.util.concurrent.FutureTask.get(FutureTask.java:192)
	at org.apache.ratis.server.impl.LeaderElection.waitForResults(LeaderElection.java:263)
	at org.apache.ratis.server.impl.LeaderElection.askForVotes(LeaderElection.java:201)
	at org.apache.ratis.server.impl.LeaderElection.run(LeaderElection.java:133)
	at java.lang.Thread.run(Thread.java:748)
Caused by: org.apache.ratis.thirdparty.io.grpc.StatusRuntimeException: UNAVAILABLE: io exception
	at org.apache.ratis.thirdparty.io.grpc.stub.ClientCalls.toStatusRuntimeException(ClientCalls.java:233)
	at org.apache.ratis.thirdparty.io.grpc.stub.ClientCalls.getUnchecked(ClientCalls.java:214)
	at org.apache.ratis.thirdparty.io.grpc.stub.ClientCalls.blockingUnaryCall(ClientCalls.java:139)
	at org.apache.ratis.proto.grpc.RaftServerProtocolServiceGrpc$RaftServerProtocolServiceBlockingStub.requestVote(RaftServerProtocolServiceGrpc.java:265)
	at org.apache.ratis.grpc.server.GrpcServerProtocolClient.requestVote(GrpcServerProtocolClient.java:90)
	at org.apache.ratis.grpc.server.GrpcService.requestVote(GrpcService.java:204)
	at org.apache.ratis.server.impl.LeaderElection.lambda$submitRequests$1(LeaderElection.java:238)
	at java.util.concurrent.FutureTask.run(FutureTask.java:266)
	at java.util.concurrent.Executors$RunnableAdapter.call(Executors.java:511)
	at java.util.concurrent.FutureTask.run(FutureTask.java:266)
	at java.util.concurrent.ThreadPoolExecutor.runWorker(ThreadPoolExecutor.java:1149)
	at java.util.concurrent.ThreadPoolExecutor$Worker.run(ThreadPoolExecutor.java:624)
	... 1 more
Caused by: org.apache.ratis.thirdparty.io.netty.channel.AbstractChannel$AnnotatedConnectException: Connection refused: /192.168.151.82:33459
	at sun.nio.ch.SocketChannelImpl.checkConnect(Native Method)
	at sun.nio.ch.SocketChannelImpl.finishConnect(SocketChannelImpl.java:717)
	at org.apache.ratis.thirdparty.io.netty.channel.socket.nio.NioSocketChannel.doFinishConnect(NioSocketChannel.java:327)
	at org.apache.ratis.thirdparty.io.netty.channel.nio.AbstractNioChannel$AbstractNioUnsafe.finishConnect(AbstractNioChannel.java:340)
	at org.apache.ratis.thirdparty.io.netty.channel.nio.NioEventLoop.processSelectedKey(NioEventLoop.java:632)
	at org.apache.ratis.thirdparty.io.netty.channel.nio.NioEventLoop.processSelectedKeysOptimized(NioEventLoop.java:579)
	at org.apache.ratis.thirdparty.io.netty.channel.nio.NioEventLoop.processSelectedKeys(NioEventLoop.java:496)
	at org.apache.ratis.thirdparty.io.netty.channel.nio.NioEventLoop.run(NioEventLoop.java:458)
	at org.apache.ratis.thirdparty.io.netty.util.concurrent.SingleThreadEventExecutor$5.run(SingleThreadEventExecutor.java:897)
	at org.apache.ratis.thirdparty.io.netty.util.concurrent.FastThreadLocalRunnable.run(FastThreadLocalRunnable.java:30)
	... 1 more
Caused by: java.net.ConnectException: Connection refused
	... 11 more
2019-09-28 01:19:57,757 [169076bb-2216-469a-9fc5-b7d227bcc1f0@group-902151DE03CA:LeaderElection94] INFO  impl.LeaderElection (LeaderElection.java:logAndReturn(56)) - 169076bb-2216-469a-9fc5-b7d227bcc1f0@group-902151DE03CA:LeaderElection94: Election REJECTED; received 0 response(s) [] and 2 exception(s); 169076bb-2216-469a-9fc5-b7d227bcc1f0@group-902151DE03CA:t9, leader=null, voted=169076bb-2216-469a-9fc5-b7d227bcc1f0, raftlog=169076bb-2216-469a-9fc5-b7d227bcc1f0@group-902151DE03CA-SegmentedRaftLog:OPENED:c0,f0,i0, conf=0: [a6f3909d-04e3-4c75-9cc7-e0ce9610c43d:192.168.151.82:33245, 169076bb-2216-469a-9fc5-b7d227bcc1f0:192.168.151.82:42330, 4c896d7a-7f6e-4c9a-8a8b-40c5d5b27396:192.168.151.82:33459], old=null
2019-09-28 01:19:57,757 [169076bb-2216-469a-9fc5-b7d227bcc1f0@group-902151DE03CA:LeaderElection94] INFO  impl.LeaderElection (LogUtils.java:infoOrTrace(149)) -   Exception 0: {}
java.util.concurrent.ExecutionException: org.apache.ratis.thirdparty.io.grpc.StatusRuntimeException: UNAVAILABLE: io exception
	at java.util.concurrent.FutureTask.report(FutureTask.java:122)
	at java.util.concurrent.FutureTask.get(FutureTask.java:192)
	at org.apache.ratis.server.impl.LeaderElection.waitForResults(LeaderElection.java:263)
	at org.apache.ratis.server.impl.LeaderElection.askForVotes(LeaderElection.java:201)
	at org.apache.ratis.server.impl.LeaderElection.run(LeaderElection.java:133)
	at java.lang.Thread.run(Thread.java:748)
Caused by: org.apache.ratis.thirdparty.io.grpc.StatusRuntimeException: UNAVAILABLE: io exception
	at org.apache.ratis.thirdparty.io.grpc.stub.ClientCalls.toStatusRuntimeException(ClientCalls.java:233)
	at org.apache.ratis.thirdparty.io.grpc.stub.ClientCalls.getUnchecked(ClientCalls.java:214)
	at org.apache.ratis.thirdparty.io.grpc.stub.ClientCalls.blockingUnaryCall(ClientCalls.java:139)
	at org.apache.ratis.proto.grpc.RaftServerProtocolServiceGrpc$RaftServerProtocolServiceBlockingStub.requestVote(RaftServerProtocolServiceGrpc.java:265)
	at org.apache.ratis.grpc.server.GrpcServerProtocolClient.requestVote(GrpcServerProtocolClient.java:90)
	at org.apache.ratis.grpc.server.GrpcService.requestVote(GrpcService.java:204)
	at org.apache.ratis.server.impl.LeaderElection.lambda$submitRequests$1(LeaderElection.java:238)
	at java.util.concurrent.FutureTask.run(FutureTask.java:266)
	at java.util.concurrent.Executors$RunnableAdapter.call(Executors.java:511)
	at java.util.concurrent.FutureTask.run(FutureTask.java:266)
	at java.util.concurrent.ThreadPoolExecutor.runWorker(ThreadPoolExecutor.java:1149)
	at java.util.concurrent.ThreadPoolExecutor$Worker.run(ThreadPoolExecutor.java:624)
	... 1 more
Caused by: org.apache.ratis.thirdparty.io.netty.channel.AbstractChannel$AnnotatedConnectException: Connection refused: /192.168.151.82:33245
	at sun.nio.ch.SocketChannelImpl.checkConnect(Native Method)
	at sun.nio.ch.SocketChannelImpl.finishConnect(SocketChannelImpl.java:717)
	at org.apache.ratis.thirdparty.io.netty.channel.socket.nio.NioSocketChannel.doFinishConnect(NioSocketChannel.java:327)
	at org.apache.ratis.thirdparty.io.netty.channel.nio.AbstractNioChannel$AbstractNioUnsafe.finishConnect(AbstractNioChannel.java:340)
	at org.apache.ratis.thirdparty.io.netty.channel.nio.NioEventLoop.processSelectedKey(NioEventLoop.java:632)
	at org.apache.ratis.thirdparty.io.netty.channel.nio.NioEventLoop.processSelectedKeysOptimized(NioEventLoop.java:579)
	at org.apache.ratis.thirdparty.io.netty.channel.nio.NioEventLoop.processSelectedKeys(NioEventLoop.java:496)
	at org.apache.ratis.thirdparty.io.netty.channel.nio.NioEventLoop.run(NioEventLoop.java:458)
	at org.apache.ratis.thirdparty.io.netty.util.concurrent.SingleThreadEventExecutor$5.run(SingleThreadEventExecutor.java:897)
	at org.apache.ratis.thirdparty.io.netty.util.concurrent.FastThreadLocalRunnable.run(FastThreadLocalRunnable.java:30)
	... 1 more
Caused by: java.net.ConnectException: Connection refused
	... 11 more
2019-09-28 01:19:57,758 [169076bb-2216-469a-9fc5-b7d227bcc1f0@group-902151DE03CA:LeaderElection94] INFO  impl.LeaderElection (LogUtils.java:infoOrTrace(149)) -   Exception 1: {}
java.util.concurrent.ExecutionException: org.apache.ratis.thirdparty.io.grpc.StatusRuntimeException: UNAVAILABLE: io exception
	at java.util.concurrent.FutureTask.report(FutureTask.java:122)
	at java.util.concurrent.FutureTask.get(FutureTask.java:192)
	at org.apache.ratis.server.impl.LeaderElection.waitForResults(LeaderElection.java:263)
	at org.apache.ratis.server.impl.LeaderElection.askForVotes(LeaderElection.java:201)
	at org.apache.ratis.server.impl.LeaderElection.run(LeaderElection.java:133)
	at java.lang.Thread.run(Thread.java:748)
Caused by: org.apache.ratis.thirdparty.io.grpc.StatusRuntimeException: UNAVAILABLE: io exception
	at org.apache.ratis.thirdparty.io.grpc.stub.ClientCalls.toStatusRuntimeException(ClientCalls.java:233)
	at org.apache.ratis.thirdparty.io.grpc.stub.ClientCalls.getUnchecked(ClientCalls.java:214)
	at org.apache.ratis.thirdparty.io.grpc.stub.ClientCalls.blockingUnaryCall(ClientCalls.java:139)
	at org.apache.ratis.proto.grpc.RaftServerProtocolServiceGrpc$RaftServerProtocolServiceBlockingStub.requestVote(RaftServerProtocolServiceGrpc.java:265)
	at org.apache.ratis.grpc.server.GrpcServerProtocolClient.requestVote(GrpcServerProtocolClient.java:90)
	at org.apache.ratis.grpc.server.GrpcService.requestVote(GrpcService.java:204)
	at org.apache.ratis.server.impl.LeaderElection.lambda$submitRequests$1(LeaderElection.java:238)
	at java.util.concurrent.FutureTask.run(FutureTask.java:266)
	at java.util.concurrent.Executors$RunnableAdapter.call(Executors.java:511)
	at java.util.concurrent.FutureTask.run(FutureTask.java:266)
	at java.util.concurrent.ThreadPoolExecutor.runWorker(ThreadPoolExecutor.java:1149)
	at java.util.concurrent.ThreadPoolExecutor$Worker.run(ThreadPoolExecutor.java:624)
	... 1 more
Caused by: org.apache.ratis.thirdparty.io.netty.channel.AbstractChannel$AnnotatedConnectException: Connection refused: /192.168.151.82:33459
	at sun.nio.ch.SocketChannelImpl.checkConnect(Native Method)
	at sun.nio.ch.SocketChannelImpl.finishConnect(SocketChannelImpl.java:717)
	at org.apache.ratis.thirdparty.io.netty.channel.socket.nio.NioSocketChannel.doFinishConnect(NioSocketChannel.java:327)
	at org.apache.ratis.thirdparty.io.netty.channel.nio.AbstractNioChannel$AbstractNioUnsafe.finishConnect(AbstractNioChannel.java:340)
	at org.apache.ratis.thirdparty.io.netty.channel.nio.NioEventLoop.processSelectedKey(NioEventLoop.java:632)
	at org.apache.ratis.thirdparty.io.netty.channel.nio.NioEventLoop.processSelectedKeysOptimized(NioEventLoop.java:579)
	at org.apache.ratis.thirdparty.io.netty.channel.nio.NioEventLoop.processSelectedKeys(NioEventLoop.java:496)
	at org.apache.ratis.thirdparty.io.netty.channel.nio.NioEventLoop.run(NioEventLoop.java:458)
	at org.apache.ratis.thirdparty.io.netty.util.concurrent.SingleThreadEventExecutor$5.run(SingleThreadEventExecutor.java:897)
	at org.apache.ratis.thirdparty.io.netty.util.concurrent.FastThreadLocalRunnable.run(FastThreadLocalRunnable.java:30)
	... 1 more
Caused by: java.net.ConnectException: Connection refused
	... 11 more
2019-09-28 01:19:57,758 [169076bb-2216-469a-9fc5-b7d227bcc1f0@group-902151DE03CA:LeaderElection94] INFO  impl.RaftServerImpl (RaftServerImpl.java:setRole(174)) - 169076bb-2216-469a-9fc5-b7d227bcc1f0@group-902151DE03CA: changes role from CANDIDATE to FOLLOWER at term 9 for DISCOVERED_A_NEW_TERM
2019-09-28 01:19:57,758 [169076bb-2216-469a-9fc5-b7d227bcc1f0@group-902151DE03CA:LeaderElection94] INFO  impl.RoleInfo (RoleInfo.java:shutdownLeaderElection(134)) - 169076bb-2216-469a-9fc5-b7d227bcc1f0: shutdown LeaderElection
2019-09-28 01:19:57,758 [169076bb-2216-469a-9fc5-b7d227bcc1f0@group-902151DE03CA:LeaderElection94] INFO  impl.RoleInfo (RoleInfo.java:updateAndGet(143)) - 169076bb-2216-469a-9fc5-b7d227bcc1f0: start FollowerState
2019-09-28 01:19:58,154 [grpc-default-executor-3] WARN  server.GrpcLogAppender (LogUtils.java:warn(134)) - 5a7443cd-0ba8-4045-a615-ca9d87f0fd78@group-393F5BFE9DF9->14d5cd8c-0256-42d6-a2d7-07541ed6779f-AppendLogResponseHandler: Failed appendEntries: org.apache.ratis.thirdparty.io.grpc.StatusRuntimeException: UNAVAILABLE: io exception
2019-09-28 01:19:58,154 [grpc-default-executor-3] INFO  impl.FollowerInfo (FollowerInfo.java:lambda$new$0(51)) - 5a7443cd-0ba8-4045-a615-ca9d87f0fd78@group-393F5BFE9DF9->14d5cd8c-0256-42d6-a2d7-07541ed6779f: nextIndex: updateUnconditionally 0 -> 0
2019-09-28 01:19:58,472 [Thread-5781] INFO  impl.FollowerState (FollowerState.java:run(106)) - 482bab89-bbed-45e7-a2a4-226291146823:group-28E788FD6B37 changes to CANDIDATE, lastRpcTime:1082, electionTimeout:1082ms
2019-09-28 01:19:58,472 [Thread-5781] INFO  impl.RoleInfo (RoleInfo.java:shutdownFollowerState(121)) - 482bab89-bbed-45e7-a2a4-226291146823: shutdown FollowerState
2019-09-28 01:19:58,472 [Thread-5781] INFO  impl.RaftServerImpl (RaftServerImpl.java:setRole(174)) - 482bab89-bbed-45e7-a2a4-226291146823@group-28E788FD6B37: changes role from  FOLLOWER to CANDIDATE at term 3 for changeToCandidate
2019-09-28 01:19:58,472 [Thread-5781] INFO  impl.RoleInfo (RoleInfo.java:updateAndGet(143)) - 482bab89-bbed-45e7-a2a4-226291146823: start LeaderElection
2019-09-28 01:19:58,487 [482bab89-bbed-45e7-a2a4-226291146823@group-28E788FD6B37:LeaderElection95] INFO  impl.LeaderElection (LeaderElection.java:askForVotes(182)) - 482bab89-bbed-45e7-a2a4-226291146823@group-28E788FD6B37:LeaderElection95: begin an election at term 4 for 0: [8e564692-438a-4cca-bbaf-5fbe943d4762:192.168.151.82:44652, 37708db1-82ca-49f3-b412-795edcbfeb9a:192.168.151.82:33696, 482bab89-bbed-45e7-a2a4-226291146823:192.168.151.82:43977], old=null
2019-09-28 01:19:58,488 [482bab89-bbed-45e7-a2a4-226291146823@group-28E788FD6B37:LeaderElection95] INFO  impl.LeaderElection (LogUtils.java:infoOrTrace(149)) - 482bab89-bbed-45e7-a2a4-226291146823@group-28E788FD6B37:LeaderElection95 got exception when requesting votes: {}
java.util.concurrent.ExecutionException: org.apache.ratis.thirdparty.io.grpc.StatusRuntimeException: UNAVAILABLE: io exception
	at java.util.concurrent.FutureTask.report(FutureTask.java:122)
	at java.util.concurrent.FutureTask.get(FutureTask.java:192)
	at org.apache.ratis.server.impl.LeaderElection.waitForResults(LeaderElection.java:263)
	at org.apache.ratis.server.impl.LeaderElection.askForVotes(LeaderElection.java:201)
	at org.apache.ratis.server.impl.LeaderElection.run(LeaderElection.java:133)
	at java.lang.Thread.run(Thread.java:748)
Caused by: org.apache.ratis.thirdparty.io.grpc.StatusRuntimeException: UNAVAILABLE: io exception
	at org.apache.ratis.thirdparty.io.grpc.stub.ClientCalls.toStatusRuntimeException(ClientCalls.java:233)
	at org.apache.ratis.thirdparty.io.grpc.stub.ClientCalls.getUnchecked(ClientCalls.java:214)
	at org.apache.ratis.thirdparty.io.grpc.stub.ClientCalls.blockingUnaryCall(ClientCalls.java:139)
	at org.apache.ratis.proto.grpc.RaftServerProtocolServiceGrpc$RaftServerProtocolServiceBlockingStub.requestVote(RaftServerProtocolServiceGrpc.java:265)
	at org.apache.ratis.grpc.server.GrpcServerProtocolClient.requestVote(GrpcServerProtocolClient.java:90)
	at org.apache.ratis.grpc.server.GrpcService.requestVote(GrpcService.java:204)
	at org.apache.ratis.server.impl.LeaderElection.lambda$submitRequests$1(LeaderElection.java:238)
	at java.util.concurrent.FutureTask.run(FutureTask.java:266)
	at java.util.concurrent.Executors$RunnableAdapter.call(Executors.java:511)
	at java.util.concurrent.FutureTask.run(FutureTask.java:266)
	at java.util.concurrent.ThreadPoolExecutor.runWorker(ThreadPoolExecutor.java:1149)
	at java.util.concurrent.ThreadPoolExecutor$Worker.run(ThreadPoolExecutor.java:624)
	... 1 more
Caused by: org.apache.ratis.thirdparty.io.netty.channel.AbstractChannel$AnnotatedConnectException: Connection refused: /192.168.151.82:44652
	at sun.nio.ch.SocketChannelImpl.checkConnect(Native Method)
	at sun.nio.ch.SocketChannelImpl.finishConnect(SocketChannelImpl.java:717)
	at org.apache.ratis.thirdparty.io.netty.channel.socket.nio.NioSocketChannel.doFinishConnect(NioSocketChannel.java:327)
	at org.apache.ratis.thirdparty.io.netty.channel.nio.AbstractNioChannel$AbstractNioUnsafe.finishConnect(AbstractNioChannel.java:340)
	at org.apache.ratis.thirdparty.io.netty.channel.nio.NioEventLoop.processSelectedKey(NioEventLoop.java:632)
	at org.apache.ratis.thirdparty.io.netty.channel.nio.NioEventLoop.processSelectedKeysOptimized(NioEventLoop.java:579)
	at org.apache.ratis.thirdparty.io.netty.channel.nio.NioEventLoop.processSelectedKeys(NioEventLoop.java:496)
	at org.apache.ratis.thirdparty.io.netty.channel.nio.NioEventLoop.run(NioEventLoop.java:458)
	at org.apache.ratis.thirdparty.io.netty.util.concurrent.SingleThreadEventExecutor$5.run(SingleThreadEventExecutor.java:897)
	at org.apache.ratis.thirdparty.io.netty.util.concurrent.FastThreadLocalRunnable.run(FastThreadLocalRunnable.java:30)
	... 1 more
Caused by: java.net.ConnectException: Connection refused
	... 11 more
2019-09-28 01:19:58,489 [482bab89-bbed-45e7-a2a4-226291146823@group-28E788FD6B37:LeaderElection95] INFO  impl.LeaderElection (LogUtils.java:infoOrTrace(149)) - 482bab89-bbed-45e7-a2a4-226291146823@group-28E788FD6B37:LeaderElection95 got exception when requesting votes: {}
java.util.concurrent.ExecutionException: org.apache.ratis.thirdparty.io.grpc.StatusRuntimeException: UNAVAILABLE: io exception
	at java.util.concurrent.FutureTask.report(FutureTask.java:122)
	at java.util.concurrent.FutureTask.get(FutureTask.java:192)
	at org.apache.ratis.server.impl.LeaderElection.waitForResults(LeaderElection.java:263)
	at org.apache.ratis.server.impl.LeaderElection.askForVotes(LeaderElection.java:201)
	at org.apache.ratis.server.impl.LeaderElection.run(LeaderElection.java:133)
	at java.lang.Thread.run(Thread.java:748)
Caused by: org.apache.ratis.thirdparty.io.grpc.StatusRuntimeException: UNAVAILABLE: io exception
	at org.apache.ratis.thirdparty.io.grpc.stub.ClientCalls.toStatusRuntimeException(ClientCalls.java:233)
	at org.apache.ratis.thirdparty.io.grpc.stub.ClientCalls.getUnchecked(ClientCalls.java:214)
	at org.apache.ratis.thirdparty.io.grpc.stub.ClientCalls.blockingUnaryCall(ClientCalls.java:139)
	at org.apache.ratis.proto.grpc.RaftServerProtocolServiceGrpc$RaftServerProtocolServiceBlockingStub.requestVote(RaftServerProtocolServiceGrpc.java:265)
	at org.apache.ratis.grpc.server.GrpcServerProtocolClient.requestVote(GrpcServerProtocolClient.java:90)
	at org.apache.ratis.grpc.server.GrpcService.requestVote(GrpcService.java:204)
	at org.apache.ratis.server.impl.LeaderElection.lambda$submitRequests$1(LeaderElection.java:238)
	at java.util.concurrent.FutureTask.run(FutureTask.java:266)
	at java.util.concurrent.Executors$RunnableAdapter.call(Executors.java:511)
	at java.util.concurrent.FutureTask.run(FutureTask.java:266)
	at java.util.concurrent.ThreadPoolExecutor.runWorker(ThreadPoolExecutor.java:1149)
	at java.util.concurrent.ThreadPoolExecutor$Worker.run(ThreadPoolExecutor.java:624)
	... 1 more
Caused by: org.apache.ratis.thirdparty.io.netty.channel.AbstractChannel$AnnotatedConnectException: Connection refused: /192.168.151.82:33696
	at sun.nio.ch.SocketChannelImpl.checkConnect(Native Method)
	at sun.nio.ch.SocketChannelImpl.finishConnect(SocketChannelImpl.java:717)
	at org.apache.ratis.thirdparty.io.netty.channel.socket.nio.NioSocketChannel.doFinishConnect(NioSocketChannel.java:327)
	at org.apache.ratis.thirdparty.io.netty.channel.nio.AbstractNioChannel$AbstractNioUnsafe.finishConnect(AbstractNioChannel.java:340)
	at org.apache.ratis.thirdparty.io.netty.channel.nio.NioEventLoop.processSelectedKey(NioEventLoop.java:632)
	at org.apache.ratis.thirdparty.io.netty.channel.nio.NioEventLoop.processSelectedKeysOptimized(NioEventLoop.java:579)
	at org.apache.ratis.thirdparty.io.netty.channel.nio.NioEventLoop.processSelectedKeys(NioEventLoop.java:496)
	at org.apache.ratis.thirdparty.io.netty.channel.nio.NioEventLoop.run(NioEventLoop.java:458)
	at org.apache.ratis.thirdparty.io.netty.util.concurrent.SingleThreadEventExecutor$5.run(SingleThreadEventExecutor.java:897)
	at org.apache.ratis.thirdparty.io.netty.util.concurrent.FastThreadLocalRunnable.run(FastThreadLocalRunnable.java:30)
	... 1 more
Caused by: java.net.ConnectException: Connection refused
	... 11 more
2019-09-28 01:19:58,489 [482bab89-bbed-45e7-a2a4-226291146823@group-28E788FD6B37:LeaderElection95] INFO  impl.LeaderElection (LeaderElection.java:logAndReturn(56)) - 482bab89-bbed-45e7-a2a4-226291146823@group-28E788FD6B37:LeaderElection95: Election REJECTED; received 0 response(s) [] and 2 exception(s); 482bab89-bbed-45e7-a2a4-226291146823@group-28E788FD6B37:t4, leader=null, voted=482bab89-bbed-45e7-a2a4-226291146823, raftlog=482bab89-bbed-45e7-a2a4-226291146823@group-28E788FD6B37-SegmentedRaftLog:OPENED:c0,f0,i0, conf=0: [8e564692-438a-4cca-bbaf-5fbe943d4762:192.168.151.82:44652, 37708db1-82ca-49f3-b412-795edcbfeb9a:192.168.151.82:33696, 482bab89-bbed-45e7-a2a4-226291146823:192.168.151.82:43977], old=null
2019-09-28 01:19:58,490 [482bab89-bbed-45e7-a2a4-226291146823@group-28E788FD6B37:LeaderElection95] INFO  impl.LeaderElection (LogUtils.java:infoOrTrace(149)) -   Exception 0: {}
java.util.concurrent.ExecutionException: org.apache.ratis.thirdparty.io.grpc.StatusRuntimeException: UNAVAILABLE: io exception
	at java.util.concurrent.FutureTask.report(FutureTask.java:122)
	at java.util.concurrent.FutureTask.get(FutureTask.java:192)
	at org.apache.ratis.server.impl.LeaderElection.waitForResults(LeaderElection.java:263)
	at org.apache.ratis.server.impl.LeaderElection.askForVotes(LeaderElection.java:201)
	at org.apache.ratis.server.impl.LeaderElection.run(LeaderElection.java:133)
	at java.lang.Thread.run(Thread.java:748)
Caused by: org.apache.ratis.thirdparty.io.grpc.StatusRuntimeException: UNAVAILABLE: io exception
	at org.apache.ratis.thirdparty.io.grpc.stub.ClientCalls.toStatusRuntimeException(ClientCalls.java:233)
	at org.apache.ratis.thirdparty.io.grpc.stub.ClientCalls.getUnchecked(ClientCalls.java:214)
	at org.apache.ratis.thirdparty.io.grpc.stub.ClientCalls.blockingUnaryCall(ClientCalls.java:139)
	at org.apache.ratis.proto.grpc.RaftServerProtocolServiceGrpc$RaftServerProtocolServiceBlockingStub.requestVote(RaftServerProtocolServiceGrpc.java:265)
	at org.apache.ratis.grpc.server.GrpcServerProtocolClient.requestVote(GrpcServerProtocolClient.java:90)
	at org.apache.ratis.grpc.server.GrpcService.requestVote(GrpcService.java:204)
	at org.apache.ratis.server.impl.LeaderElection.lambda$submitRequests$1(LeaderElection.java:238)
	at java.util.concurrent.FutureTask.run(FutureTask.java:266)
	at java.util.concurrent.Executors$RunnableAdapter.call(Executors.java:511)
	at java.util.concurrent.FutureTask.run(FutureTask.java:266)
	at java.util.concurrent.ThreadPoolExecutor.runWorker(ThreadPoolExecutor.java:1149)
	at java.util.concurrent.ThreadPoolExecutor$Worker.run(ThreadPoolExecutor.java:624)
	... 1 more
Caused by: org.apache.ratis.thirdparty.io.netty.channel.AbstractChannel$AnnotatedConnectException: Connection refused: /192.168.151.82:44652
	at sun.nio.ch.SocketChannelImpl.checkConnect(Native Method)
	at sun.nio.ch.SocketChannelImpl.finishConnect(SocketChannelImpl.java:717)
	at org.apache.ratis.thirdparty.io.netty.channel.socket.nio.NioSocketChannel.doFinishConnect(NioSocketChannel.java:327)
	at org.apache.ratis.thirdparty.io.netty.channel.nio.AbstractNioChannel$AbstractNioUnsafe.finishConnect(AbstractNioChannel.java:340)
	at org.apache.ratis.thirdparty.io.netty.channel.nio.NioEventLoop.processSelectedKey(NioEventLoop.java:632)
	at org.apache.ratis.thirdparty.io.netty.channel.nio.NioEventLoop.processSelectedKeysOptimized(NioEventLoop.java:579)
	at org.apache.ratis.thirdparty.io.netty.channel.nio.NioEventLoop.processSelectedKeys(NioEventLoop.java:496)
	at org.apache.ratis.thirdparty.io.netty.channel.nio.NioEventLoop.run(NioEventLoop.java:458)
	at org.apache.ratis.thirdparty.io.netty.util.concurrent.SingleThreadEventExecutor$5.run(SingleThreadEventExecutor.java:897)
	at org.apache.ratis.thirdparty.io.netty.util.concurrent.FastThreadLocalRunnable.run(FastThreadLocalRunnable.java:30)
	... 1 more
Caused by: java.net.ConnectException: Connection refused
	... 11 more
2019-09-28 01:19:58,490 [482bab89-bbed-45e7-a2a4-226291146823@group-28E788FD6B37:LeaderElection95] INFO  impl.LeaderElection (LogUtils.java:infoOrTrace(149)) -   Exception 1: {}
java.util.concurrent.ExecutionException: org.apache.ratis.thirdparty.io.grpc.StatusRuntimeException: UNAVAILABLE: io exception
	at java.util.concurrent.FutureTask.report(FutureTask.java:122)
	at java.util.concurrent.FutureTask.get(FutureTask.java:192)
	at org.apache.ratis.server.impl.LeaderElection.waitForResults(LeaderElection.java:263)
	at org.apache.ratis.server.impl.LeaderElection.askForVotes(LeaderElection.java:201)
	at org.apache.ratis.server.impl.LeaderElection.run(LeaderElection.java:133)
	at java.lang.Thread.run(Thread.java:748)
Caused by: org.apache.ratis.thirdparty.io.grpc.StatusRuntimeException: UNAVAILABLE: io exception
	at org.apache.ratis.thirdparty.io.grpc.stub.ClientCalls.toStatusRuntimeException(ClientCalls.java:233)
	at org.apache.ratis.thirdparty.io.grpc.stub.ClientCalls.getUnchecked(ClientCalls.java:214)
	at org.apache.ratis.thirdparty.io.grpc.stub.ClientCalls.blockingUnaryCall(ClientCalls.java:139)
	at org.apache.ratis.proto.grpc.RaftServerProtocolServiceGrpc$RaftServerProtocolServiceBlockingStub.requestVote(RaftServerProtocolServiceGrpc.java:265)
	at org.apache.ratis.grpc.server.GrpcServerProtocolClient.requestVote(GrpcServerProtocolClient.java:90)
	at org.apache.ratis.grpc.server.GrpcService.requestVote(GrpcService.java:204)
	at org.apache.ratis.server.impl.LeaderElection.lambda$submitRequests$1(LeaderElection.java:238)
	at java.util.concurrent.FutureTask.run(FutureTask.java:266)
	at java.util.concurrent.Executors$RunnableAdapter.call(Executors.java:511)
	at java.util.concurrent.FutureTask.run(FutureTask.java:266)
	at java.util.concurrent.ThreadPoolExecutor.runWorker(ThreadPoolExecutor.java:1149)
	at java.util.concurrent.ThreadPoolExecutor$Worker.run(ThreadPoolExecutor.java:624)
	... 1 more
Caused by: org.apache.ratis.thirdparty.io.netty.channel.AbstractChannel$AnnotatedConnectException: Connection refused: /192.168.151.82:33696
	at sun.nio.ch.SocketChannelImpl.checkConnect(Native Method)
	at sun.nio.ch.SocketChannelImpl.finishConnect(SocketChannelImpl.java:717)
	at org.apache.ratis.thirdparty.io.netty.channel.socket.nio.NioSocketChannel.doFinishConnect(NioSocketChannel.java:327)
	at org.apache.ratis.thirdparty.io.netty.channel.nio.AbstractNioChannel$AbstractNioUnsafe.finishConnect(AbstractNioChannel.java:340)
	at org.apache.ratis.thirdparty.io.netty.channel.nio.NioEventLoop.processSelectedKey(NioEventLoop.java:632)
	at org.apache.ratis.thirdparty.io.netty.channel.nio.NioEventLoop.processSelectedKeysOptimized(NioEventLoop.java:579)
	at org.apache.ratis.thirdparty.io.netty.channel.nio.NioEventLoop.processSelectedKeys(NioEventLoop.java:496)
	at org.apache.ratis.thirdparty.io.netty.channel.nio.NioEventLoop.run(NioEventLoop.java:458)
	at org.apache.ratis.thirdparty.io.netty.util.concurrent.SingleThreadEventExecutor$5.run(SingleThreadEventExecutor.java:897)
	at org.apache.ratis.thirdparty.io.netty.util.concurrent.FastThreadLocalRunnable.run(FastThreadLocalRunnable.java:30)
	... 1 more
Caused by: java.net.ConnectException: Connection refused
	... 11 more
2019-09-28 01:19:58,490 [482bab89-bbed-45e7-a2a4-226291146823@group-28E788FD6B37:LeaderElection95] INFO  impl.RaftServerImpl (RaftServerImpl.java:setRole(174)) - 482bab89-bbed-45e7-a2a4-226291146823@group-28E788FD6B37: changes role from CANDIDATE to FOLLOWER at term 4 for DISCOVERED_A_NEW_TERM
2019-09-28 01:19:58,491 [482bab89-bbed-45e7-a2a4-226291146823@group-28E788FD6B37:LeaderElection95] INFO  impl.RoleInfo (RoleInfo.java:shutdownLeaderElection(134)) - 482bab89-bbed-45e7-a2a4-226291146823: shutdown LeaderElection
2019-09-28 01:19:58,491 [482bab89-bbed-45e7-a2a4-226291146823@group-28E788FD6B37:LeaderElection95] INFO  impl.RoleInfo (RoleInfo.java:updateAndGet(143)) - 482bab89-bbed-45e7-a2a4-226291146823: start FollowerState
2019-09-28 01:19:58,654 [grpc-default-executor-3] WARN  server.GrpcLogAppender (LogUtils.java:warn(134)) - 5a7443cd-0ba8-4045-a615-ca9d87f0fd78@group-393F5BFE9DF9->14d5cd8c-0256-42d6-a2d7-07541ed6779f-AppendLogResponseHandler: Failed appendEntries: org.apache.ratis.thirdparty.io.grpc.StatusRuntimeException: UNAVAILABLE: io exception
2019-09-28 01:19:58,655 [grpc-default-executor-3] INFO  impl.FollowerInfo (FollowerInfo.java:lambda$new$0(51)) - 5a7443cd-0ba8-4045-a615-ca9d87f0fd78@group-393F5BFE9DF9->14d5cd8c-0256-42d6-a2d7-07541ed6779f: nextIndex: updateUnconditionally 0 -> 0
2019-09-28 01:19:58,810 [Thread-5786] INFO  impl.FollowerState (FollowerState.java:run(106)) - 169076bb-2216-469a-9fc5-b7d227bcc1f0:group-902151DE03CA changes to CANDIDATE, lastRpcTime:1051, electionTimeout:1051ms
2019-09-28 01:19:58,810 [Thread-5786] INFO  impl.RoleInfo (RoleInfo.java:shutdownFollowerState(121)) - 169076bb-2216-469a-9fc5-b7d227bcc1f0: shutdown FollowerState
2019-09-28 01:19:58,811 [Thread-5786] INFO  impl.RaftServerImpl (RaftServerImpl.java:setRole(174)) - 169076bb-2216-469a-9fc5-b7d227bcc1f0@group-902151DE03CA: changes role from  FOLLOWER to CANDIDATE at term 9 for changeToCandidate
2019-09-28 01:19:58,811 [Thread-5786] INFO  impl.RoleInfo (RoleInfo.java:updateAndGet(143)) - 169076bb-2216-469a-9fc5-b7d227bcc1f0: start LeaderElection
2019-09-28 01:19:58,825 [169076bb-2216-469a-9fc5-b7d227bcc1f0@group-902151DE03CA:LeaderElection96] INFO  impl.LeaderElection (LeaderElection.java:askForVotes(182)) - 169076bb-2216-469a-9fc5-b7d227bcc1f0@group-902151DE03CA:LeaderElection96: begin an election at term 10 for 0: [a6f3909d-04e3-4c75-9cc7-e0ce9610c43d:192.168.151.82:33245, 169076bb-2216-469a-9fc5-b7d227bcc1f0:192.168.151.82:42330, 4c896d7a-7f6e-4c9a-8a8b-40c5d5b27396:192.168.151.82:33459], old=null
2019-09-28 01:19:58,826 [169076bb-2216-469a-9fc5-b7d227bcc1f0@group-902151DE03CA:LeaderElection96] INFO  impl.LeaderElection (LogUtils.java:infoOrTrace(149)) - 169076bb-2216-469a-9fc5-b7d227bcc1f0@group-902151DE03CA:LeaderElection96 got exception when requesting votes: {}
java.util.concurrent.ExecutionException: org.apache.ratis.thirdparty.io.grpc.StatusRuntimeException: UNAVAILABLE: io exception
	at java.util.concurrent.FutureTask.report(FutureTask.java:122)
	at java.util.concurrent.FutureTask.get(FutureTask.java:192)
	at org.apache.ratis.server.impl.LeaderElection.waitForResults(LeaderElection.java:263)
	at org.apache.ratis.server.impl.LeaderElection.askForVotes(LeaderElection.java:201)
	at org.apache.ratis.server.impl.LeaderElection.run(LeaderElection.java:133)
	at java.lang.Thread.run(Thread.java:748)
Caused by: org.apache.ratis.thirdparty.io.grpc.StatusRuntimeException: UNAVAILABLE: io exception
	at org.apache.ratis.thirdparty.io.grpc.stub.ClientCalls.toStatusRuntimeException(ClientCalls.java:233)
	at org.apache.ratis.thirdparty.io.grpc.stub.ClientCalls.getUnchecked(ClientCalls.java:214)
	at org.apache.ratis.thirdparty.io.grpc.stub.ClientCalls.blockingUnaryCall(ClientCalls.java:139)
	at org.apache.ratis.proto.grpc.RaftServerProtocolServiceGrpc$RaftServerProtocolServiceBlockingStub.requestVote(RaftServerProtocolServiceGrpc.java:265)
	at org.apache.ratis.grpc.server.GrpcServerProtocolClient.requestVote(GrpcServerProtocolClient.java:90)
	at org.apache.ratis.grpc.server.GrpcService.requestVote(GrpcService.java:204)
	at org.apache.ratis.server.impl.LeaderElection.lambda$submitRequests$1(LeaderElection.java:238)
	at java.util.concurrent.FutureTask.run(FutureTask.java:266)
	at java.util.concurrent.Executors$RunnableAdapter.call(Executors.java:511)
	at java.util.concurrent.FutureTask.run(FutureTask.java:266)
	at java.util.concurrent.ThreadPoolExecutor.runWorker(ThreadPoolExecutor.java:1149)
	at java.util.concurrent.ThreadPoolExecutor$Worker.run(ThreadPoolExecutor.java:624)
	... 1 more
Caused by: org.apache.ratis.thirdparty.io.netty.channel.AbstractChannel$AnnotatedConnectException: Connection refused: /192.168.151.82:33245
	at sun.nio.ch.SocketChannelImpl.checkConnect(Native Method)
	at sun.nio.ch.SocketChannelImpl.finishConnect(SocketChannelImpl.java:717)
	at org.apache.ratis.thirdparty.io.netty.channel.socket.nio.NioSocketChannel.doFinishConnect(NioSocketChannel.java:327)
	at org.apache.ratis.thirdparty.io.netty.channel.nio.AbstractNioChannel$AbstractNioUnsafe.finishConnect(AbstractNioChannel.java:340)
	at org.apache.ratis.thirdparty.io.netty.channel.nio.NioEventLoop.processSelectedKey(NioEventLoop.java:632)
	at org.apache.ratis.thirdparty.io.netty.channel.nio.NioEventLoop.processSelectedKeysOptimized(NioEventLoop.java:579)
	at org.apache.ratis.thirdparty.io.netty.channel.nio.NioEventLoop.processSelectedKeys(NioEventLoop.java:496)
	at org.apache.ratis.thirdparty.io.netty.channel.nio.NioEventLoop.run(NioEventLoop.java:458)
	at org.apache.ratis.thirdparty.io.netty.util.concurrent.SingleThreadEventExecutor$5.run(SingleThreadEventExecutor.java:897)
	at org.apache.ratis.thirdparty.io.netty.util.concurrent.FastThreadLocalRunnable.run(FastThreadLocalRunnable.java:30)
	... 1 more
Caused by: java.net.ConnectException: Connection refused
	... 11 more
2019-09-28 01:19:58,827 [169076bb-2216-469a-9fc5-b7d227bcc1f0@group-902151DE03CA:LeaderElection96] INFO  impl.LeaderElection (LogUtils.java:infoOrTrace(149)) - 169076bb-2216-469a-9fc5-b7d227bcc1f0@group-902151DE03CA:LeaderElection96 got exception when requesting votes: {}
java.util.concurrent.ExecutionException: org.apache.ratis.thirdparty.io.grpc.StatusRuntimeException: UNAVAILABLE: io exception
	at java.util.concurrent.FutureTask.report(FutureTask.java:122)
	at java.util.concurrent.FutureTask.get(FutureTask.java:192)
	at org.apache.ratis.server.impl.LeaderElection.waitForResults(LeaderElection.java:263)
	at org.apache.ratis.server.impl.LeaderElection.askForVotes(LeaderElection.java:201)
	at org.apache.ratis.server.impl.LeaderElection.run(LeaderElection.java:133)
	at java.lang.Thread.run(Thread.java:748)
Caused by: org.apache.ratis.thirdparty.io.grpc.StatusRuntimeException: UNAVAILABLE: io exception
	at org.apache.ratis.thirdparty.io.grpc.stub.ClientCalls.toStatusRuntimeException(ClientCalls.java:233)
	at org.apache.ratis.thirdparty.io.grpc.stub.ClientCalls.getUnchecked(ClientCalls.java:214)
	at org.apache.ratis.thirdparty.io.grpc.stub.ClientCalls.blockingUnaryCall(ClientCalls.java:139)
	at org.apache.ratis.proto.grpc.RaftServerProtocolServiceGrpc$RaftServerProtocolServiceBlockingStub.requestVote(RaftServerProtocolServiceGrpc.java:265)
	at org.apache.ratis.grpc.server.GrpcServerProtocolClient.requestVote(GrpcServerProtocolClient.java:90)
	at org.apache.ratis.grpc.server.GrpcService.requestVote(GrpcService.java:204)
	at org.apache.ratis.server.impl.LeaderElection.lambda$submitRequests$1(LeaderElection.java:238)
	at java.util.concurrent.FutureTask.run(FutureTask.java:266)
	at java.util.concurrent.Executors$RunnableAdapter.call(Executors.java:511)
	at java.util.concurrent.FutureTask.run(FutureTask.java:266)
	at java.util.concurrent.ThreadPoolExecutor.runWorker(ThreadPoolExecutor.java:1149)
	at java.util.concurrent.ThreadPoolExecutor$Worker.run(ThreadPoolExecutor.java:624)
	... 1 more
Caused by: org.apache.ratis.thirdparty.io.netty.channel.AbstractChannel$AnnotatedConnectException: Connection refused: /192.168.151.82:33459
	at sun.nio.ch.SocketChannelImpl.checkConnect(Native Method)
	at sun.nio.ch.SocketChannelImpl.finishConnect(SocketChannelImpl.java:717)
	at org.apache.ratis.thirdparty.io.netty.channel.socket.nio.NioSocketChannel.doFinishConnect(NioSocketChannel.java:327)
	at org.apache.ratis.thirdparty.io.netty.channel.nio.AbstractNioChannel$AbstractNioUnsafe.finishConnect(AbstractNioChannel.java:340)
	at org.apache.ratis.thirdparty.io.netty.channel.nio.NioEventLoop.processSelectedKey(NioEventLoop.java:632)
	at org.apache.ratis.thirdparty.io.netty.channel.nio.NioEventLoop.processSelectedKeysOptimized(NioEventLoop.java:579)
	at org.apache.ratis.thirdparty.io.netty.channel.nio.NioEventLoop.processSelectedKeys(NioEventLoop.java:496)
	at org.apache.ratis.thirdparty.io.netty.channel.nio.NioEventLoop.run(NioEventLoop.java:458)
	at org.apache.ratis.thirdparty.io.netty.util.concurrent.SingleThreadEventExecutor$5.run(SingleThreadEventExecutor.java:897)
	at org.apache.ratis.thirdparty.io.netty.util.concurrent.FastThreadLocalRunnable.run(FastThreadLocalRunnable.java:30)
	... 1 more
Caused by: java.net.ConnectException: Connection refused
	... 11 more
2019-09-28 01:19:58,827 [169076bb-2216-469a-9fc5-b7d227bcc1f0@group-902151DE03CA:LeaderElection96] INFO  impl.LeaderElection (LeaderElection.java:logAndReturn(56)) - 169076bb-2216-469a-9fc5-b7d227bcc1f0@group-902151DE03CA:LeaderElection96: Election REJECTED; received 0 response(s) [] and 2 exception(s); 169076bb-2216-469a-9fc5-b7d227bcc1f0@group-902151DE03CA:t10, leader=null, voted=169076bb-2216-469a-9fc5-b7d227bcc1f0, raftlog=169076bb-2216-469a-9fc5-b7d227bcc1f0@group-902151DE03CA-SegmentedRaftLog:OPENED:c0,f0,i0, conf=0: [a6f3909d-04e3-4c75-9cc7-e0ce9610c43d:192.168.151.82:33245, 169076bb-2216-469a-9fc5-b7d227bcc1f0:192.168.151.82:42330, 4c896d7a-7f6e-4c9a-8a8b-40c5d5b27396:192.168.151.82:33459], old=null
2019-09-28 01:19:58,828 [169076bb-2216-469a-9fc5-b7d227bcc1f0@group-902151DE03CA:LeaderElection96] INFO  impl.LeaderElection (LogUtils.java:infoOrTrace(149)) -   Exception 0: {}
java.util.concurrent.ExecutionException: org.apache.ratis.thirdparty.io.grpc.StatusRuntimeException: UNAVAILABLE: io exception
	at java.util.concurrent.FutureTask.report(FutureTask.java:122)
	at java.util.concurrent.FutureTask.get(FutureTask.java:192)
	at org.apache.ratis.server.impl.LeaderElection.waitForResults(LeaderElection.java:263)
	at org.apache.ratis.server.impl.LeaderElection.askForVotes(LeaderElection.java:201)
	at org.apache.ratis.server.impl.LeaderElection.run(LeaderElection.java:133)
	at java.lang.Thread.run(Thread.java:748)
Caused by: org.apache.ratis.thirdparty.io.grpc.StatusRuntimeException: UNAVAILABLE: io exception
	at org.apache.ratis.thirdparty.io.grpc.stub.ClientCalls.toStatusRuntimeException(ClientCalls.java:233)
	at org.apache.ratis.thirdparty.io.grpc.stub.ClientCalls.getUnchecked(ClientCalls.java:214)
	at org.apache.ratis.thirdparty.io.grpc.stub.ClientCalls.blockingUnaryCall(ClientCalls.java:139)
	at org.apache.ratis.proto.grpc.RaftServerProtocolServiceGrpc$RaftServerProtocolServiceBlockingStub.requestVote(RaftServerProtocolServiceGrpc.java:265)
	at org.apache.ratis.grpc.server.GrpcServerProtocolClient.requestVote(GrpcServerProtocolClient.java:90)
	at org.apache.ratis.grpc.server.GrpcService.requestVote(GrpcService.java:204)
	at org.apache.ratis.server.impl.LeaderElection.lambda$submitRequests$1(LeaderElection.java:238)
	at java.util.concurrent.FutureTask.run(FutureTask.java:266)
	at java.util.concurrent.Executors$RunnableAdapter.call(Executors.java:511)
	at java.util.concurrent.FutureTask.run(FutureTask.java:266)
	at java.util.concurrent.ThreadPoolExecutor.runWorker(ThreadPoolExecutor.java:1149)
	at java.util.concurrent.ThreadPoolExecutor$Worker.run(ThreadPoolExecutor.java:624)
	... 1 more
Caused by: org.apache.ratis.thirdparty.io.netty.channel.AbstractChannel$AnnotatedConnectException: Connection refused: /192.168.151.82:33245
	at sun.nio.ch.SocketChannelImpl.checkConnect(Native Method)
	at sun.nio.ch.SocketChannelImpl.finishConnect(SocketChannelImpl.java:717)
	at org.apache.ratis.thirdparty.io.netty.channel.socket.nio.NioSocketChannel.doFinishConnect(NioSocketChannel.java:327)
	at org.apache.ratis.thirdparty.io.netty.channel.nio.AbstractNioChannel$AbstractNioUnsafe.finishConnect(AbstractNioChannel.java:340)
	at org.apache.ratis.thirdparty.io.netty.channel.nio.NioEventLoop.processSelectedKey(NioEventLoop.java:632)
	at org.apache.ratis.thirdparty.io.netty.channel.nio.NioEventLoop.processSelectedKeysOptimized(NioEventLoop.java:579)
	at org.apache.ratis.thirdparty.io.netty.channel.nio.NioEventLoop.processSelectedKeys(NioEventLoop.java:496)
	at org.apache.ratis.thirdparty.io.netty.channel.nio.NioEventLoop.run(NioEventLoop.java:458)
	at org.apache.ratis.thirdparty.io.netty.util.concurrent.SingleThreadEventExecutor$5.run(SingleThreadEventExecutor.java:897)
	at org.apache.ratis.thirdparty.io.netty.util.concurrent.FastThreadLocalRunnable.run(FastThreadLocalRunnable.java:30)
	... 1 more
Caused by: java.net.ConnectException: Connection refused
	... 11 more
2019-09-28 01:19:58,828 [169076bb-2216-469a-9fc5-b7d227bcc1f0@group-902151DE03CA:LeaderElection96] INFO  impl.LeaderElection (LogUtils.java:infoOrTrace(149)) -   Exception 1: {}
java.util.concurrent.ExecutionException: org.apache.ratis.thirdparty.io.grpc.StatusRuntimeException: UNAVAILABLE: io exception
	at java.util.concurrent.FutureTask.report(FutureTask.java:122)
	at java.util.concurrent.FutureTask.get(FutureTask.java:192)
	at org.apache.ratis.server.impl.LeaderElection.waitForResults(LeaderElection.java:263)
	at org.apache.ratis.server.impl.LeaderElection.askForVotes(LeaderElection.java:201)
	at org.apache.ratis.server.impl.LeaderElection.run(LeaderElection.java:133)
	at java.lang.Thread.run(Thread.java:748)
Caused by: org.apache.ratis.thirdparty.io.grpc.StatusRuntimeException: UNAVAILABLE: io exception
	at org.apache.ratis.thirdparty.io.grpc.stub.ClientCalls.toStatusRuntimeException(ClientCalls.java:233)
	at org.apache.ratis.thirdparty.io.grpc.stub.ClientCalls.getUnchecked(ClientCalls.java:214)
	at org.apache.ratis.thirdparty.io.grpc.stub.ClientCalls.blockingUnaryCall(ClientCalls.java:139)
	at org.apache.ratis.proto.grpc.RaftServerProtocolServiceGrpc$RaftServerProtocolServiceBlockingStub.requestVote(RaftServerProtocolServiceGrpc.java:265)
	at org.apache.ratis.grpc.server.GrpcServerProtocolClient.requestVote(GrpcServerProtocolClient.java:90)
	at org.apache.ratis.grpc.server.GrpcService.requestVote(GrpcService.java:204)
	at org.apache.ratis.server.impl.LeaderElection.lambda$submitRequests$1(LeaderElection.java:238)
	at java.util.concurrent.FutureTask.run(FutureTask.java:266)
	at java.util.concurrent.Executors$RunnableAdapter.call(Executors.java:511)
	at java.util.concurrent.FutureTask.run(FutureTask.java:266)
	at java.util.concurrent.ThreadPoolExecutor.runWorker(ThreadPoolExecutor.java:1149)
	at java.util.concurrent.ThreadPoolExecutor$Worker.run(ThreadPoolExecutor.java:624)
	... 1 more
Caused by: org.apache.ratis.thirdparty.io.netty.channel.AbstractChannel$AnnotatedConnectException: Connection refused: /192.168.151.82:33459
	at sun.nio.ch.SocketChannelImpl.checkConnect(Native Method)
	at sun.nio.ch.SocketChannelImpl.finishConnect(SocketChannelImpl.java:717)
	at org.apache.ratis.thirdparty.io.netty.channel.socket.nio.NioSocketChannel.doFinishConnect(NioSocketChannel.java:327)
	at org.apache.ratis.thirdparty.io.netty.channel.nio.AbstractNioChannel$AbstractNioUnsafe.finishConnect(AbstractNioChannel.java:340)
	at org.apache.ratis.thirdparty.io.netty.channel.nio.NioEventLoop.processSelectedKey(NioEventLoop.java:632)
	at org.apache.ratis.thirdparty.io.netty.channel.nio.NioEventLoop.processSelectedKeysOptimized(NioEventLoop.java:579)
	at org.apache.ratis.thirdparty.io.netty.channel.nio.NioEventLoop.processSelectedKeys(NioEventLoop.java:496)
	at org.apache.ratis.thirdparty.io.netty.channel.nio.NioEventLoop.run(NioEventLoop.java:458)
	at org.apache.ratis.thirdparty.io.netty.util.concurrent.SingleThreadEventExecutor$5.run(SingleThreadEventExecutor.java:897)
	at org.apache.ratis.thirdparty.io.netty.util.concurrent.FastThreadLocalRunnable.run(FastThreadLocalRunnable.java:30)
	... 1 more
Caused by: java.net.ConnectException: Connection refused
	... 11 more
2019-09-28 01:19:58,832 [169076bb-2216-469a-9fc5-b7d227bcc1f0@group-902151DE03CA:LeaderElection96] INFO  impl.RaftServerImpl (RaftServerImpl.java:setRole(174)) - 169076bb-2216-469a-9fc5-b7d227bcc1f0@group-902151DE03CA: changes role from CANDIDATE to FOLLOWER at term 10 for DISCOVERED_A_NEW_TERM
2019-09-28 01:19:58,832 [169076bb-2216-469a-9fc5-b7d227bcc1f0@group-902151DE03CA:LeaderElection96] INFO  impl.RoleInfo (RoleInfo.java:shutdownLeaderElection(134)) - 169076bb-2216-469a-9fc5-b7d227bcc1f0: shutdown LeaderElection
2019-09-28 01:19:58,832 [169076bb-2216-469a-9fc5-b7d227bcc1f0@group-902151DE03CA:LeaderElection96] INFO  impl.RoleInfo (RoleInfo.java:updateAndGet(143)) - 169076bb-2216-469a-9fc5-b7d227bcc1f0: start FollowerState
2019-09-28 01:19:59,154 [grpc-default-executor-3] WARN  server.GrpcLogAppender (LogUtils.java:warn(134)) - 5a7443cd-0ba8-4045-a615-ca9d87f0fd78@group-393F5BFE9DF9->14d5cd8c-0256-42d6-a2d7-07541ed6779f-AppendLogResponseHandler: Failed appendEntries: org.apache.ratis.thirdparty.io.grpc.StatusRuntimeException: UNAVAILABLE: io exception
2019-09-28 01:19:59,155 [grpc-default-executor-3] INFO  impl.FollowerInfo (FollowerInfo.java:lambda$new$0(51)) - 5a7443cd-0ba8-4045-a615-ca9d87f0fd78@group-393F5BFE9DF9->14d5cd8c-0256-42d6-a2d7-07541ed6779f: nextIndex: updateUnconditionally 0 -> 0
2019-09-28 01:19:59,636 [Thread-5791] INFO  impl.FollowerState (FollowerState.java:run(106)) - 482bab89-bbed-45e7-a2a4-226291146823:group-28E788FD6B37 changes to CANDIDATE, lastRpcTime:1145, electionTimeout:1145ms
2019-09-28 01:19:59,637 [Thread-5791] INFO  impl.RoleInfo (RoleInfo.java:shutdownFollowerState(121)) - 482bab89-bbed-45e7-a2a4-226291146823: shutdown FollowerState
2019-09-28 01:19:59,637 [Thread-5791] INFO  impl.RaftServerImpl (RaftServerImpl.java:setRole(174)) - 482bab89-bbed-45e7-a2a4-226291146823@group-28E788FD6B37: changes role from  FOLLOWER to CANDIDATE at term 4 for changeToCandidate
2019-09-28 01:19:59,637 [Thread-5791] INFO  impl.RoleInfo (RoleInfo.java:updateAndGet(143)) - 482bab89-bbed-45e7-a2a4-226291146823: start LeaderElection
2019-09-28 01:19:59,652 [482bab89-bbed-45e7-a2a4-226291146823@group-28E788FD6B37:LeaderElection97] INFO  impl.LeaderElection (LeaderElection.java:askForVotes(182)) - 482bab89-bbed-45e7-a2a4-226291146823@group-28E788FD6B37:LeaderElection97: begin an election at term 5 for 0: [8e564692-438a-4cca-bbaf-5fbe943d4762:192.168.151.82:44652, 37708db1-82ca-49f3-b412-795edcbfeb9a:192.168.151.82:33696, 482bab89-bbed-45e7-a2a4-226291146823:192.168.151.82:43977], old=null
2019-09-28 01:19:59,653 [482bab89-bbed-45e7-a2a4-226291146823@group-28E788FD6B37:LeaderElection97] INFO  impl.LeaderElection (LogUtils.java:infoOrTrace(149)) - 482bab89-bbed-45e7-a2a4-226291146823@group-28E788FD6B37:LeaderElection97 got exception when requesting votes: {}
java.util.concurrent.ExecutionException: org.apache.ratis.thirdparty.io.grpc.StatusRuntimeException: UNAVAILABLE: io exception
	at java.util.concurrent.FutureTask.report(FutureTask.java:122)
	at java.util.concurrent.FutureTask.get(FutureTask.java:192)
	at org.apache.ratis.server.impl.LeaderElection.waitForResults(LeaderElection.java:263)
	at org.apache.ratis.server.impl.LeaderElection.askForVotes(LeaderElection.java:201)
	at org.apache.ratis.server.impl.LeaderElection.run(LeaderElection.java:133)
	at java.lang.Thread.run(Thread.java:748)
Caused by: org.apache.ratis.thirdparty.io.grpc.StatusRuntimeException: UNAVAILABLE: io exception
	at org.apache.ratis.thirdparty.io.grpc.stub.ClientCalls.toStatusRuntimeException(ClientCalls.java:233)
	at org.apache.ratis.thirdparty.io.grpc.stub.ClientCalls.getUnchecked(ClientCalls.java:214)
	at org.apache.ratis.thirdparty.io.grpc.stub.ClientCalls.blockingUnaryCall(ClientCalls.java:139)
	at org.apache.ratis.proto.grpc.RaftServerProtocolServiceGrpc$RaftServerProtocolServiceBlockingStub.requestVote(RaftServerProtocolServiceGrpc.java:265)
	at org.apache.ratis.grpc.server.GrpcServerProtocolClient.requestVote(GrpcServerProtocolClient.java:90)
	at org.apache.ratis.grpc.server.GrpcService.requestVote(GrpcService.java:204)
	at org.apache.ratis.server.impl.LeaderElection.lambda$submitRequests$1(LeaderElection.java:238)
	at java.util.concurrent.FutureTask.run(FutureTask.java:266)
	at java.util.concurrent.Executors$RunnableAdapter.call(Executors.java:511)
	at java.util.concurrent.FutureTask.run(FutureTask.java:266)
	at java.util.concurrent.ThreadPoolExecutor.runWorker(ThreadPoolExecutor.java:1149)
	at java.util.concurrent.ThreadPoolExecutor$Worker.run(ThreadPoolExecutor.java:624)
	... 1 more
Caused by: org.apache.ratis.thirdparty.io.netty.channel.AbstractChannel$AnnotatedConnectException: Connection refused: /192.168.151.82:44652
	at sun.nio.ch.SocketChannelImpl.checkConnect(Native Method)
	at sun.nio.ch.SocketChannelImpl.finishConnect(SocketChannelImpl.java:717)
	at org.apache.ratis.thirdparty.io.netty.channel.socket.nio.NioSocketChannel.doFinishConnect(NioSocketChannel.java:327)
	at org.apache.ratis.thirdparty.io.netty.channel.nio.AbstractNioChannel$AbstractNioUnsafe.finishConnect(AbstractNioChannel.java:340)
	at org.apache.ratis.thirdparty.io.netty.channel.nio.NioEventLoop.processSelectedKey(NioEventLoop.java:632)
	at org.apache.ratis.thirdparty.io.netty.channel.nio.NioEventLoop.processSelectedKeysOptimized(NioEventLoop.java:579)
	at org.apache.ratis.thirdparty.io.netty.channel.nio.NioEventLoop.processSelectedKeys(NioEventLoop.java:496)
	at org.apache.ratis.thirdparty.io.netty.channel.nio.NioEventLoop.run(NioEventLoop.java:458)
	at org.apache.ratis.thirdparty.io.netty.util.concurrent.SingleThreadEventExecutor$5.run(SingleThreadEventExecutor.java:897)
	at org.apache.ratis.thirdparty.io.netty.util.concurrent.FastThreadLocalRunnable.run(FastThreadLocalRunnable.java:30)
	... 1 more
Caused by: java.net.ConnectException: Connection refused
	... 11 more
2019-09-28 01:19:59,654 [482bab89-bbed-45e7-a2a4-226291146823@group-28E788FD6B37:LeaderElection97] INFO  impl.LeaderElection (LogUtils.java:infoOrTrace(149)) - 482bab89-bbed-45e7-a2a4-226291146823@group-28E788FD6B37:LeaderElection97 got exception when requesting votes: {}
java.util.concurrent.ExecutionException: org.apache.ratis.thirdparty.io.grpc.StatusRuntimeException: UNAVAILABLE: io exception
	at java.util.concurrent.FutureTask.report(FutureTask.java:122)
	at java.util.concurrent.FutureTask.get(FutureTask.java:192)
	at org.apache.ratis.server.impl.LeaderElection.waitForResults(LeaderElection.java:263)
	at org.apache.ratis.server.impl.LeaderElection.askForVotes(LeaderElection.java:201)
	at org.apache.ratis.server.impl.LeaderElection.run(LeaderElection.java:133)
	at java.lang.Thread.run(Thread.java:748)
Caused by: org.apache.ratis.thirdparty.io.grpc.StatusRuntimeException: UNAVAILABLE: io exception
	at org.apache.ratis.thirdparty.io.grpc.stub.ClientCalls.toStatusRuntimeException(ClientCalls.java:233)
	at org.apache.ratis.thirdparty.io.grpc.stub.ClientCalls.getUnchecked(ClientCalls.java:214)
	at org.apache.ratis.thirdparty.io.grpc.stub.ClientCalls.blockingUnaryCall(ClientCalls.java:139)
	at org.apache.ratis.proto.grpc.RaftServerProtocolServiceGrpc$RaftServerProtocolServiceBlockingStub.requestVote(RaftServerProtocolServiceGrpc.java:265)
	at org.apache.ratis.grpc.server.GrpcServerProtocolClient.requestVote(GrpcServerProtocolClient.java:90)
	at org.apache.ratis.grpc.server.GrpcService.requestVote(GrpcService.java:204)
	at org.apache.ratis.server.impl.LeaderElection.lambda$submitRequests$1(LeaderElection.java:238)
	at java.util.concurrent.FutureTask.run(FutureTask.java:266)
	at java.util.concurrent.Executors$RunnableAdapter.call(Executors.java:511)
	at java.util.concurrent.FutureTask.run(FutureTask.java:266)
	at java.util.concurrent.ThreadPoolExecutor.runWorker(ThreadPoolExecutor.java:1149)
	at java.util.concurrent.ThreadPoolExecutor$Worker.run(ThreadPoolExecutor.java:624)
	... 1 more
Caused by: org.apache.ratis.thirdparty.io.netty.channel.AbstractChannel$AnnotatedConnectException: Connection refused: /192.168.151.82:33696
	at sun.nio.ch.SocketChannelImpl.checkConnect(Native Method)
	at sun.nio.ch.SocketChannelImpl.finishConnect(SocketChannelImpl.java:717)
	at org.apache.ratis.thirdparty.io.netty.channel.socket.nio.NioSocketChannel.doFinishConnect(NioSocketChannel.java:327)
	at org.apache.ratis.thirdparty.io.netty.channel.nio.AbstractNioChannel$AbstractNioUnsafe.finishConnect(AbstractNioChannel.java:340)
	at org.apache.ratis.thirdparty.io.netty.channel.nio.NioEventLoop.processSelectedKey(NioEventLoop.java:632)
	at org.apache.ratis.thirdparty.io.netty.channel.nio.NioEventLoop.processSelectedKeysOptimized(NioEventLoop.java:579)
	at org.apache.ratis.thirdparty.io.netty.channel.nio.NioEventLoop.processSelectedKeys(NioEventLoop.java:496)
	at org.apache.ratis.thirdparty.io.netty.channel.nio.NioEventLoop.run(NioEventLoop.java:458)
	at org.apache.ratis.thirdparty.io.netty.util.concurrent.SingleThreadEventExecutor$5.run(SingleThreadEventExecutor.java:897)
	at org.apache.ratis.thirdparty.io.netty.util.concurrent.FastThreadLocalRunnable.run(FastThreadLocalRunnable.java:30)
	... 1 more
Caused by: java.net.ConnectException: Connection refused
	... 11 more
2019-09-28 01:19:59,654 [482bab89-bbed-45e7-a2a4-226291146823@group-28E788FD6B37:LeaderElection97] INFO  impl.LeaderElection (LeaderElection.java:logAndReturn(56)) - 482bab89-bbed-45e7-a2a4-226291146823@group-28E788FD6B37:LeaderElection97: Election REJECTED; received 0 response(s) [] and 2 exception(s); 482bab89-bbed-45e7-a2a4-226291146823@group-28E788FD6B37:t5, leader=null, voted=482bab89-bbed-45e7-a2a4-226291146823, raftlog=482bab89-bbed-45e7-a2a4-226291146823@group-28E788FD6B37-SegmentedRaftLog:OPENED:c0,f0,i0, conf=0: [8e564692-438a-4cca-bbaf-5fbe943d4762:192.168.151.82:44652, 37708db1-82ca-49f3-b412-795edcbfeb9a:192.168.151.82:33696, 482bab89-bbed-45e7-a2a4-226291146823:192.168.151.82:43977], old=null
2019-09-28 01:19:59,655 [482bab89-bbed-45e7-a2a4-226291146823@group-28E788FD6B37:LeaderElection97] INFO  impl.LeaderElection (LogUtils.java:infoOrTrace(149)) -   Exception 0: {}
java.util.concurrent.ExecutionException: org.apache.ratis.thirdparty.io.grpc.StatusRuntimeException: UNAVAILABLE: io exception
	at java.util.concurrent.FutureTask.report(FutureTask.java:122)
	at java.util.concurrent.FutureTask.get(FutureTask.java:192)
	at org.apache.ratis.server.impl.LeaderElection.waitForResults(LeaderElection.java:263)
	at org.apache.ratis.server.impl.LeaderElection.askForVotes(LeaderElection.java:201)
	at org.apache.ratis.server.impl.LeaderElection.run(LeaderElection.java:133)
	at java.lang.Thread.run(Thread.java:748)
Caused by: org.apache.ratis.thirdparty.io.grpc.StatusRuntimeException: UNAVAILABLE: io exception
	at org.apache.ratis.thirdparty.io.grpc.stub.ClientCalls.toStatusRuntimeException(ClientCalls.java:233)
	at org.apache.ratis.thirdparty.io.grpc.stub.ClientCalls.getUnchecked(ClientCalls.java:214)
	at org.apache.ratis.thirdparty.io.grpc.stub.ClientCalls.blockingUnaryCall(ClientCalls.java:139)
	at org.apache.ratis.proto.grpc.RaftServerProtocolServiceGrpc$RaftServerProtocolServiceBlockingStub.requestVote(RaftServerProtocolServiceGrpc.java:265)
	at org.apache.ratis.grpc.server.GrpcServerProtocolClient.requestVote(GrpcServerProtocolClient.java:90)
	at org.apache.ratis.grpc.server.GrpcService.requestVote(GrpcService.java:204)
	at org.apache.ratis.server.impl.LeaderElection.lambda$submitRequests$1(LeaderElection.java:238)
	at java.util.concurrent.FutureTask.run(FutureTask.java:266)
	at java.util.concurrent.Executors$RunnableAdapter.call(Executors.java:511)
	at java.util.concurrent.FutureTask.run(FutureTask.java:266)
	at java.util.concurrent.ThreadPoolExecutor.runWorker(ThreadPoolExecutor.java:1149)
	at java.util.concurrent.ThreadPoolExecutor$Worker.run(ThreadPoolExecutor.java:624)
	... 1 more
Caused by: org.apache.ratis.thirdparty.io.netty.channel.AbstractChannel$AnnotatedConnectException: Connection refused: /192.168.151.82:44652
	at sun.nio.ch.SocketChannelImpl.checkConnect(Native Method)
	at sun.nio.ch.SocketChannelImpl.finishConnect(SocketChannelImpl.java:717)
	at org.apache.ratis.thirdparty.io.netty.channel.socket.nio.NioSocketChannel.doFinishConnect(NioSocketChannel.java:327)
	at org.apache.ratis.thirdparty.io.netty.channel.nio.AbstractNioChannel$AbstractNioUnsafe.finishConnect(AbstractNioChannel.java:340)
	at org.apache.ratis.thirdparty.io.netty.channel.nio.NioEventLoop.processSelectedKey(NioEventLoop.java:632)
	at org.apache.ratis.thirdparty.io.netty.channel.nio.NioEventLoop.processSelectedKeysOptimized(NioEventLoop.java:579)
	at org.apache.ratis.thirdparty.io.netty.channel.nio.NioEventLoop.processSelectedKeys(NioEventLoop.java:496)
	at org.apache.ratis.thirdparty.io.netty.channel.nio.NioEventLoop.run(NioEventLoop.java:458)
	at org.apache.ratis.thirdparty.io.netty.util.concurrent.SingleThreadEventExecutor$5.run(SingleThreadEventExecutor.java:897)
	at org.apache.ratis.thirdparty.io.netty.util.concurrent.FastThreadLocalRunnable.run(FastThreadLocalRunnable.java:30)
	... 1 more
Caused by: java.net.ConnectException: Connection refused
	... 11 more
2019-09-28 01:19:59,655 [482bab89-bbed-45e7-a2a4-226291146823@group-28E788FD6B37:LeaderElection97] INFO  impl.LeaderElection (LogUtils.java:infoOrTrace(149)) -   Exception 1: {}
java.util.concurrent.ExecutionException: org.apache.ratis.thirdparty.io.grpc.StatusRuntimeException: UNAVAILABLE: io exception
	at java.util.concurrent.FutureTask.report(FutureTask.java:122)
	at java.util.concurrent.FutureTask.get(FutureTask.java:192)
	at org.apache.ratis.server.impl.LeaderElection.waitForResults(LeaderElection.java:263)
	at org.apache.ratis.server.impl.LeaderElection.askForVotes(LeaderElection.java:201)
	at org.apache.ratis.server.impl.LeaderElection.run(LeaderElection.java:133)
	at java.lang.Thread.run(Thread.java:748)
Caused by: org.apache.ratis.thirdparty.io.grpc.StatusRuntimeException: UNAVAILABLE: io exception
	at org.apache.ratis.thirdparty.io.grpc.stub.ClientCalls.toStatusRuntimeException(ClientCalls.java:233)
	at org.apache.ratis.thirdparty.io.grpc.stub.ClientCalls.getUnchecked(ClientCalls.java:214)
	at org.apache.ratis.thirdparty.io.grpc.stub.ClientCalls.blockingUnaryCall(ClientCalls.java:139)
	at org.apache.ratis.proto.grpc.RaftServerProtocolServiceGrpc$RaftServerProtocolServiceBlockingStub.requestVote(RaftServerProtocolServiceGrpc.java:265)
	at org.apache.ratis.grpc.server.GrpcServerProtocolClient.requestVote(GrpcServerProtocolClient.java:90)
	at org.apache.ratis.grpc.server.GrpcService.requestVote(GrpcService.java:204)
	at org.apache.ratis.server.impl.LeaderElection.lambda$submitRequests$1(LeaderElection.java:238)
	at java.util.concurrent.FutureTask.run(FutureTask.java:266)
	at java.util.concurrent.Executors$RunnableAdapter.call(Executors.java:511)
	at java.util.concurrent.FutureTask.run(FutureTask.java:266)
	at java.util.concurrent.ThreadPoolExecutor.runWorker(ThreadPoolExecutor.java:1149)
	at java.util.concurrent.ThreadPoolExecutor$Worker.run(ThreadPoolExecutor.java:624)
	... 1 more
Caused by: org.apache.ratis.thirdparty.io.netty.channel.AbstractChannel$AnnotatedConnectException: Connection refused: /192.168.151.82:33696
	at sun.nio.ch.SocketChannelImpl.checkConnect(Native Method)
	at sun.nio.ch.SocketChannelImpl.finishConnect(SocketChannelImpl.java:717)
	at org.apache.ratis.thirdparty.io.netty.channel.socket.nio.NioSocketChannel.doFinishConnect(NioSocketChannel.java:327)
	at org.apache.ratis.thirdparty.io.netty.channel.nio.AbstractNioChannel$AbstractNioUnsafe.finishConnect(AbstractNioChannel.java:340)
	at org.apache.ratis.thirdparty.io.netty.channel.nio.NioEventLoop.processSelectedKey(NioEventLoop.java:632)
	at org.apache.ratis.thirdparty.io.netty.channel.nio.NioEventLoop.processSelectedKeysOptimized(NioEventLoop.java:579)
	at org.apache.ratis.thirdparty.io.netty.channel.nio.NioEventLoop.processSelectedKeys(NioEventLoop.java:496)
	at org.apache.ratis.thirdparty.io.netty.channel.nio.NioEventLoop.run(NioEventLoop.java:458)
	at org.apache.ratis.thirdparty.io.netty.util.concurrent.SingleThreadEventExecutor$5.run(SingleThreadEventExecutor.java:897)
	at org.apache.ratis.thirdparty.io.netty.util.concurrent.FastThreadLocalRunnable.run(FastThreadLocalRunnable.java:30)
	... 1 more
Caused by: java.net.ConnectException: Connection refused
	... 11 more
2019-09-28 01:19:59,655 [grpc-default-executor-3] WARN  server.GrpcLogAppender (LogUtils.java:warn(134)) - 5a7443cd-0ba8-4045-a615-ca9d87f0fd78@group-393F5BFE9DF9->14d5cd8c-0256-42d6-a2d7-07541ed6779f-AppendLogResponseHandler: Failed appendEntries: org.apache.ratis.thirdparty.io.grpc.StatusRuntimeException: UNAVAILABLE: io exception
2019-09-28 01:19:59,655 [482bab89-bbed-45e7-a2a4-226291146823@group-28E788FD6B37:LeaderElection97] INFO  impl.RaftServerImpl (RaftServerImpl.java:setRole(174)) - 482bab89-bbed-45e7-a2a4-226291146823@group-28E788FD6B37: changes role from CANDIDATE to FOLLOWER at term 5 for DISCOVERED_A_NEW_TERM
2019-09-28 01:19:59,656 [482bab89-bbed-45e7-a2a4-226291146823@group-28E788FD6B37:LeaderElection97] INFO  impl.RoleInfo (RoleInfo.java:shutdownLeaderElection(134)) - 482bab89-bbed-45e7-a2a4-226291146823: shutdown LeaderElection
2019-09-28 01:19:59,656 [grpc-default-executor-3] INFO  impl.FollowerInfo (FollowerInfo.java:lambda$new$0(51)) - 5a7443cd-0ba8-4045-a615-ca9d87f0fd78@group-393F5BFE9DF9->14d5cd8c-0256-42d6-a2d7-07541ed6779f: nextIndex: updateUnconditionally 0 -> 0
2019-09-28 01:19:59,656 [482bab89-bbed-45e7-a2a4-226291146823@group-28E788FD6B37:LeaderElection97] INFO  impl.RoleInfo (RoleInfo.java:updateAndGet(143)) - 482bab89-bbed-45e7-a2a4-226291146823: start FollowerState
2019-09-28 01:19:59,992 [Thread-5796] INFO  impl.FollowerState (FollowerState.java:run(106)) - 169076bb-2216-469a-9fc5-b7d227bcc1f0:group-902151DE03CA changes to CANDIDATE, lastRpcTime:1159, electionTimeout:1159ms
2019-09-28 01:19:59,992 [Thread-5796] INFO  impl.RoleInfo (RoleInfo.java:shutdownFollowerState(121)) - 169076bb-2216-469a-9fc5-b7d227bcc1f0: shutdown FollowerState
2019-09-28 01:19:59,992 [Thread-5796] INFO  impl.RaftServerImpl (RaftServerImpl.java:setRole(174)) - 169076bb-2216-469a-9fc5-b7d227bcc1f0@group-902151DE03CA: changes role from  FOLLOWER to CANDIDATE at term 10 for changeToCandidate
2019-09-28 01:19:59,992 [Thread-5796] INFO  impl.RoleInfo (RoleInfo.java:updateAndGet(143)) - 169076bb-2216-469a-9fc5-b7d227bcc1f0: start LeaderElection
2019-09-28 01:20:00,007 [169076bb-2216-469a-9fc5-b7d227bcc1f0@group-902151DE03CA:LeaderElection98] INFO  impl.LeaderElection (LeaderElection.java:askForVotes(182)) - 169076bb-2216-469a-9fc5-b7d227bcc1f0@group-902151DE03CA:LeaderElection98: begin an election at term 11 for 0: [a6f3909d-04e3-4c75-9cc7-e0ce9610c43d:192.168.151.82:33245, 169076bb-2216-469a-9fc5-b7d227bcc1f0:192.168.151.82:42330, 4c896d7a-7f6e-4c9a-8a8b-40c5d5b27396:192.168.151.82:33459], old=null
2019-09-28 01:20:00,008 [169076bb-2216-469a-9fc5-b7d227bcc1f0@group-902151DE03CA:LeaderElection98] INFO  impl.LeaderElection (LogUtils.java:infoOrTrace(149)) - 169076bb-2216-469a-9fc5-b7d227bcc1f0@group-902151DE03CA:LeaderElection98 got exception when requesting votes: {}
java.util.concurrent.ExecutionException: org.apache.ratis.thirdparty.io.grpc.StatusRuntimeException: UNAVAILABLE: io exception
	at java.util.concurrent.FutureTask.report(FutureTask.java:122)
	at java.util.concurrent.FutureTask.get(FutureTask.java:192)
	at org.apache.ratis.server.impl.LeaderElection.waitForResults(LeaderElection.java:263)
	at org.apache.ratis.server.impl.LeaderElection.askForVotes(LeaderElection.java:201)
	at org.apache.ratis.server.impl.LeaderElection.run(LeaderElection.java:133)
	at java.lang.Thread.run(Thread.java:748)
Caused by: org.apache.ratis.thirdparty.io.grpc.StatusRuntimeException: UNAVAILABLE: io exception
	at org.apache.ratis.thirdparty.io.grpc.stub.ClientCalls.toStatusRuntimeException(ClientCalls.java:233)
	at org.apache.ratis.thirdparty.io.grpc.stub.ClientCalls.getUnchecked(ClientCalls.java:214)
	at org.apache.ratis.thirdparty.io.grpc.stub.ClientCalls.blockingUnaryCall(ClientCalls.java:139)
	at org.apache.ratis.proto.grpc.RaftServerProtocolServiceGrpc$RaftServerProtocolServiceBlockingStub.requestVote(RaftServerProtocolServiceGrpc.java:265)
	at org.apache.ratis.grpc.server.GrpcServerProtocolClient.requestVote(GrpcServerProtocolClient.java:90)
	at org.apache.ratis.grpc.server.GrpcService.requestVote(GrpcService.java:204)
	at org.apache.ratis.server.impl.LeaderElection.lambda$submitRequests$1(LeaderElection.java:238)
	at java.util.concurrent.FutureTask.run(FutureTask.java:266)
	at java.util.concurrent.Executors$RunnableAdapter.call(Executors.java:511)
	at java.util.concurrent.FutureTask.run(FutureTask.java:266)
	at java.util.concurrent.ThreadPoolExecutor.runWorker(ThreadPoolExecutor.java:1149)
	at java.util.concurrent.ThreadPoolExecutor$Worker.run(ThreadPoolExecutor.java:624)
	... 1 more
Caused by: org.apache.ratis.thirdparty.io.netty.channel.AbstractChannel$AnnotatedConnectException: Connection refused: /192.168.151.82:33245
	at sun.nio.ch.SocketChannelImpl.checkConnect(Native Method)
	at sun.nio.ch.SocketChannelImpl.finishConnect(SocketChannelImpl.java:717)
	at org.apache.ratis.thirdparty.io.netty.channel.socket.nio.NioSocketChannel.doFinishConnect(NioSocketChannel.java:327)
	at org.apache.ratis.thirdparty.io.netty.channel.nio.AbstractNioChannel$AbstractNioUnsafe.finishConnect(AbstractNioChannel.java:340)
	at org.apache.ratis.thirdparty.io.netty.channel.nio.NioEventLoop.processSelectedKey(NioEventLoop.java:632)
	at org.apache.ratis.thirdparty.io.netty.channel.nio.NioEventLoop.processSelectedKeysOptimized(NioEventLoop.java:579)
	at org.apache.ratis.thirdparty.io.netty.channel.nio.NioEventLoop.processSelectedKeys(NioEventLoop.java:496)
	at org.apache.ratis.thirdparty.io.netty.channel.nio.NioEventLoop.run(NioEventLoop.java:458)
	at org.apache.ratis.thirdparty.io.netty.util.concurrent.SingleThreadEventExecutor$5.run(SingleThreadEventExecutor.java:897)
	at org.apache.ratis.thirdparty.io.netty.util.concurrent.FastThreadLocalRunnable.run(FastThreadLocalRunnable.java:30)
	... 1 more
Caused by: java.net.ConnectException: Connection refused
	... 11 more
2019-09-28 01:20:00,009 [169076bb-2216-469a-9fc5-b7d227bcc1f0@group-902151DE03CA:LeaderElection98] INFO  impl.LeaderElection (LogUtils.java:infoOrTrace(149)) - 169076bb-2216-469a-9fc5-b7d227bcc1f0@group-902151DE03CA:LeaderElection98 got exception when requesting votes: {}
java.util.concurrent.ExecutionException: org.apache.ratis.thirdparty.io.grpc.StatusRuntimeException: UNAVAILABLE: io exception
	at java.util.concurrent.FutureTask.report(FutureTask.java:122)
	at java.util.concurrent.FutureTask.get(FutureTask.java:192)
	at org.apache.ratis.server.impl.LeaderElection.waitForResults(LeaderElection.java:263)
	at org.apache.ratis.server.impl.LeaderElection.askForVotes(LeaderElection.java:201)
	at org.apache.ratis.server.impl.LeaderElection.run(LeaderElection.java:133)
	at java.lang.Thread.run(Thread.java:748)
Caused by: org.apache.ratis.thirdparty.io.grpc.StatusRuntimeException: UNAVAILABLE: io exception
	at org.apache.ratis.thirdparty.io.grpc.stub.ClientCalls.toStatusRuntimeException(ClientCalls.java:233)
	at org.apache.ratis.thirdparty.io.grpc.stub.ClientCalls.getUnchecked(ClientCalls.java:214)
	at org.apache.ratis.thirdparty.io.grpc.stub.ClientCalls.blockingUnaryCall(ClientCalls.java:139)
	at org.apache.ratis.proto.grpc.RaftServerProtocolServiceGrpc$RaftServerProtocolServiceBlockingStub.requestVote(RaftServerProtocolServiceGrpc.java:265)
	at org.apache.ratis.grpc.server.GrpcServerProtocolClient.requestVote(GrpcServerProtocolClient.java:90)
	at org.apache.ratis.grpc.server.GrpcService.requestVote(GrpcService.java:204)
	at org.apache.ratis.server.impl.LeaderElection.lambda$submitRequests$1(LeaderElection.java:238)
	at java.util.concurrent.FutureTask.run(FutureTask.java:266)
	at java.util.concurrent.Executors$RunnableAdapter.call(Executors.java:511)
	at java.util.concurrent.FutureTask.run(FutureTask.java:266)
	at java.util.concurrent.ThreadPoolExecutor.runWorker(ThreadPoolExecutor.java:1149)
	at java.util.concurrent.ThreadPoolExecutor$Worker.run(ThreadPoolExecutor.java:624)
	... 1 more
Caused by: org.apache.ratis.thirdparty.io.netty.channel.AbstractChannel$AnnotatedConnectException: Connection refused: /192.168.151.82:33459
	at sun.nio.ch.SocketChannelImpl.checkConnect(Native Method)
	at sun.nio.ch.SocketChannelImpl.finishConnect(SocketChannelImpl.java:717)
	at org.apache.ratis.thirdparty.io.netty.channel.socket.nio.NioSocketChannel.doFinishConnect(NioSocketChannel.java:327)
	at org.apache.ratis.thirdparty.io.netty.channel.nio.AbstractNioChannel$AbstractNioUnsafe.finishConnect(AbstractNioChannel.java:340)
	at org.apache.ratis.thirdparty.io.netty.channel.nio.NioEventLoop.processSelectedKey(NioEventLoop.java:632)
	at org.apache.ratis.thirdparty.io.netty.channel.nio.NioEventLoop.processSelectedKeysOptimized(NioEventLoop.java:579)
	at org.apache.ratis.thirdparty.io.netty.channel.nio.NioEventLoop.processSelectedKeys(NioEventLoop.java:496)
	at org.apache.ratis.thirdparty.io.netty.channel.nio.NioEventLoop.run(NioEventLoop.java:458)
	at org.apache.ratis.thirdparty.io.netty.util.concurrent.SingleThreadEventExecutor$5.run(SingleThreadEventExecutor.java:897)
	at org.apache.ratis.thirdparty.io.netty.util.concurrent.FastThreadLocalRunnable.run(FastThreadLocalRunnable.java:30)
	... 1 more
Caused by: java.net.ConnectException: Connection refused
	... 11 more
2019-09-28 01:20:00,009 [169076bb-2216-469a-9fc5-b7d227bcc1f0@group-902151DE03CA:LeaderElection98] INFO  impl.LeaderElection (LeaderElection.java:logAndReturn(56)) - 169076bb-2216-469a-9fc5-b7d227bcc1f0@group-902151DE03CA:LeaderElection98: Election REJECTED; received 0 response(s) [] and 2 exception(s); 169076bb-2216-469a-9fc5-b7d227bcc1f0@group-902151DE03CA:t11, leader=null, voted=169076bb-2216-469a-9fc5-b7d227bcc1f0, raftlog=169076bb-2216-469a-9fc5-b7d227bcc1f0@group-902151DE03CA-SegmentedRaftLog:OPENED:c0,f0,i0, conf=0: [a6f3909d-04e3-4c75-9cc7-e0ce9610c43d:192.168.151.82:33245, 169076bb-2216-469a-9fc5-b7d227bcc1f0:192.168.151.82:42330, 4c896d7a-7f6e-4c9a-8a8b-40c5d5b27396:192.168.151.82:33459], old=null
2019-09-28 01:20:00,009 [169076bb-2216-469a-9fc5-b7d227bcc1f0@group-902151DE03CA:LeaderElection98] INFO  impl.LeaderElection (LogUtils.java:infoOrTrace(149)) -   Exception 0: {}
java.util.concurrent.ExecutionException: org.apache.ratis.thirdparty.io.grpc.StatusRuntimeException: UNAVAILABLE: io exception
	at java.util.concurrent.FutureTask.report(FutureTask.java:122)
	at java.util.concurrent.FutureTask.get(FutureTask.java:192)
	at org.apache.ratis.server.impl.LeaderElection.waitForResults(LeaderElection.java:263)
	at org.apache.ratis.server.impl.LeaderElection.askForVotes(LeaderElection.java:201)
	at org.apache.ratis.server.impl.LeaderElection.run(LeaderElection.java:133)
	at java.lang.Thread.run(Thread.java:748)
Caused by: org.apache.ratis.thirdparty.io.grpc.StatusRuntimeException: UNAVAILABLE: io exception
	at org.apache.ratis.thirdparty.io.grpc.stub.ClientCalls.toStatusRuntimeException(ClientCalls.java:233)
	at org.apache.ratis.thirdparty.io.grpc.stub.ClientCalls.getUnchecked(ClientCalls.java:214)
	at org.apache.ratis.thirdparty.io.grpc.stub.ClientCalls.blockingUnaryCall(ClientCalls.java:139)
	at org.apache.ratis.proto.grpc.RaftServerProtocolServiceGrpc$RaftServerProtocolServiceBlockingStub.requestVote(RaftServerProtocolServiceGrpc.java:265)
	at org.apache.ratis.grpc.server.GrpcServerProtocolClient.requestVote(GrpcServerProtocolClient.java:90)
	at org.apache.ratis.grpc.server.GrpcService.requestVote(GrpcService.java:204)
	at org.apache.ratis.server.impl.LeaderElection.lambda$submitRequests$1(LeaderElection.java:238)
	at java.util.concurrent.FutureTask.run(FutureTask.java:266)
	at java.util.concurrent.Executors$RunnableAdapter.call(Executors.java:511)
	at java.util.concurrent.FutureTask.run(FutureTask.java:266)
	at java.util.concurrent.ThreadPoolExecutor.runWorker(ThreadPoolExecutor.java:1149)
	at java.util.concurrent.ThreadPoolExecutor$Worker.run(ThreadPoolExecutor.java:624)
	... 1 more
Caused by: org.apache.ratis.thirdparty.io.netty.channel.AbstractChannel$AnnotatedConnectException: Connection refused: /192.168.151.82:33245
	at sun.nio.ch.SocketChannelImpl.checkConnect(Native Method)
	at sun.nio.ch.SocketChannelImpl.finishConnect(SocketChannelImpl.java:717)
	at org.apache.ratis.thirdparty.io.netty.channel.socket.nio.NioSocketChannel.doFinishConnect(NioSocketChannel.java:327)
	at org.apache.ratis.thirdparty.io.netty.channel.nio.AbstractNioChannel$AbstractNioUnsafe.finishConnect(AbstractNioChannel.java:340)
	at org.apache.ratis.thirdparty.io.netty.channel.nio.NioEventLoop.processSelectedKey(NioEventLoop.java:632)
	at org.apache.ratis.thirdparty.io.netty.channel.nio.NioEventLoop.processSelectedKeysOptimized(NioEventLoop.java:579)
	at org.apache.ratis.thirdparty.io.netty.channel.nio.NioEventLoop.processSelectedKeys(NioEventLoop.java:496)
	at org.apache.ratis.thirdparty.io.netty.channel.nio.NioEventLoop.run(NioEventLoop.java:458)
	at org.apache.ratis.thirdparty.io.netty.util.concurrent.SingleThreadEventExecutor$5.run(SingleThreadEventExecutor.java:897)
	at org.apache.ratis.thirdparty.io.netty.util.concurrent.FastThreadLocalRunnable.run(FastThreadLocalRunnable.java:30)
	... 1 more
Caused by: java.net.ConnectException: Connection refused
	... 11 more
2019-09-28 01:20:00,010 [169076bb-2216-469a-9fc5-b7d227bcc1f0@group-902151DE03CA:LeaderElection98] INFO  impl.LeaderElection (LogUtils.java:infoOrTrace(149)) -   Exception 1: {}
java.util.concurrent.ExecutionException: org.apache.ratis.thirdparty.io.grpc.StatusRuntimeException: UNAVAILABLE: io exception
	at java.util.concurrent.FutureTask.report(FutureTask.java:122)
	at java.util.concurrent.FutureTask.get(FutureTask.java:192)
	at org.apache.ratis.server.impl.LeaderElection.waitForResults(LeaderElection.java:263)
	at org.apache.ratis.server.impl.LeaderElection.askForVotes(LeaderElection.java:201)
	at org.apache.ratis.server.impl.LeaderElection.run(LeaderElection.java:133)
	at java.lang.Thread.run(Thread.java:748)
Caused by: org.apache.ratis.thirdparty.io.grpc.StatusRuntimeException: UNAVAILABLE: io exception
	at org.apache.ratis.thirdparty.io.grpc.stub.ClientCalls.toStatusRuntimeException(ClientCalls.java:233)
	at org.apache.ratis.thirdparty.io.grpc.stub.ClientCalls.getUnchecked(ClientCalls.java:214)
	at org.apache.ratis.thirdparty.io.grpc.stub.ClientCalls.blockingUnaryCall(ClientCalls.java:139)
	at org.apache.ratis.proto.grpc.RaftServerProtocolServiceGrpc$RaftServerProtocolServiceBlockingStub.requestVote(RaftServerProtocolServiceGrpc.java:265)
	at org.apache.ratis.grpc.server.GrpcServerProtocolClient.requestVote(GrpcServerProtocolClient.java:90)
	at org.apache.ratis.grpc.server.GrpcService.requestVote(GrpcService.java:204)
	at org.apache.ratis.server.impl.LeaderElection.lambda$submitRequests$1(LeaderElection.java:238)
	at java.util.concurrent.FutureTask.run(FutureTask.java:266)
	at java.util.concurrent.Executors$RunnableAdapter.call(Executors.java:511)
	at java.util.concurrent.FutureTask.run(FutureTask.java:266)
	at java.util.concurrent.ThreadPoolExecutor.runWorker(ThreadPoolExecutor.java:1149)
	at java.util.concurrent.ThreadPoolExecutor$Worker.run(ThreadPoolExecutor.java:624)
	... 1 more
Caused by: org.apache.ratis.thirdparty.io.netty.channel.AbstractChannel$AnnotatedConnectException: Connection refused: /192.168.151.82:33459
	at sun.nio.ch.SocketChannelImpl.checkConnect(Native Method)
	at sun.nio.ch.SocketChannelImpl.finishConnect(SocketChannelImpl.java:717)
	at org.apache.ratis.thirdparty.io.netty.channel.socket.nio.NioSocketChannel.doFinishConnect(NioSocketChannel.java:327)
	at org.apache.ratis.thirdparty.io.netty.channel.nio.AbstractNioChannel$AbstractNioUnsafe.finishConnect(AbstractNioChannel.java:340)
	at org.apache.ratis.thirdparty.io.netty.channel.nio.NioEventLoop.processSelectedKey(NioEventLoop.java:632)
	at org.apache.ratis.thirdparty.io.netty.channel.nio.NioEventLoop.processSelectedKeysOptimized(NioEventLoop.java:579)
	at org.apache.ratis.thirdparty.io.netty.channel.nio.NioEventLoop.processSelectedKeys(NioEventLoop.java:496)
	at org.apache.ratis.thirdparty.io.netty.channel.nio.NioEventLoop.run(NioEventLoop.java:458)
	at org.apache.ratis.thirdparty.io.netty.util.concurrent.SingleThreadEventExecutor$5.run(SingleThreadEventExecutor.java:897)
	at org.apache.ratis.thirdparty.io.netty.util.concurrent.FastThreadLocalRunnable.run(FastThreadLocalRunnable.java:30)
	... 1 more
Caused by: java.net.ConnectException: Connection refused
	... 11 more
2019-09-28 01:20:00,010 [169076bb-2216-469a-9fc5-b7d227bcc1f0@group-902151DE03CA:LeaderElection98] INFO  impl.RaftServerImpl (RaftServerImpl.java:setRole(174)) - 169076bb-2216-469a-9fc5-b7d227bcc1f0@group-902151DE03CA: changes role from CANDIDATE to FOLLOWER at term 11 for DISCOVERED_A_NEW_TERM
2019-09-28 01:20:00,010 [169076bb-2216-469a-9fc5-b7d227bcc1f0@group-902151DE03CA:LeaderElection98] INFO  impl.RoleInfo (RoleInfo.java:shutdownLeaderElection(134)) - 169076bb-2216-469a-9fc5-b7d227bcc1f0: shutdown LeaderElection
2019-09-28 01:20:00,011 [169076bb-2216-469a-9fc5-b7d227bcc1f0@group-902151DE03CA:LeaderElection98] INFO  impl.RoleInfo (RoleInfo.java:updateAndGet(143)) - 169076bb-2216-469a-9fc5-b7d227bcc1f0: start FollowerState
2019-09-28 01:20:00,156 [grpc-default-executor-3] WARN  server.GrpcLogAppender (LogUtils.java:warn(134)) - 5a7443cd-0ba8-4045-a615-ca9d87f0fd78@group-393F5BFE9DF9->14d5cd8c-0256-42d6-a2d7-07541ed6779f-AppendLogResponseHandler: Failed appendEntries: org.apache.ratis.thirdparty.io.grpc.StatusRuntimeException: UNAVAILABLE: io exception
2019-09-28 01:20:00,156 [grpc-default-executor-3] INFO  impl.FollowerInfo (FollowerInfo.java:lambda$new$0(51)) - 5a7443cd-0ba8-4045-a615-ca9d87f0fd78@group-393F5BFE9DF9->14d5cd8c-0256-42d6-a2d7-07541ed6779f: nextIndex: updateUnconditionally 0 -> 0
2019-09-28 01:20:00,234 [ForkJoinPool.commonPool-worker-0] INFO  ozoneimpl.OzoneContainer (OzoneContainer.java:stop(231)) - Attempting to stop container services.
2019-09-28 01:20:00,234 [ForkJoinPool.commonPool-worker-0] INFO  impl.RaftServerProxy (RaftServerProxy.java:lambda$close$4(314)) - 5a7443cd-0ba8-4045-a615-ca9d87f0fd78: close
2019-09-28 01:20:00,235 [ForkJoinPool.commonPool-worker-0] INFO  impl.RaftServerImpl (RaftServerImpl.java:lambda$shutdown$3(251)) - 5a7443cd-0ba8-4045-a615-ca9d87f0fd78@group-4D28A553670C: shutdown
2019-09-28 01:20:00,235 [main] INFO  ozoneimpl.OzoneContainer (OzoneContainer.java:stop(231)) - Attempting to stop container services.
2019-09-28 01:20:00,236 [ForkJoinPool.commonPool-worker-0] INFO  util.JmxRegister (JmxRegister.java:unregister(73)) - Successfully un-registered JMX Bean with object name Ratis:service=RaftServer,group=group-4D28A553670C,id=5a7443cd-0ba8-4045-a615-ca9d87f0fd78
2019-09-28 01:20:00,236 [main] INFO  impl.RaftServerProxy (RaftServerProxy.java:lambda$close$4(314)) - 169076bb-2216-469a-9fc5-b7d227bcc1f0: close
2019-09-28 01:20:00,237 [ForkJoinPool.commonPool-worker-0] INFO  impl.RoleInfo (RoleInfo.java:shutdownLeaderState(104)) - 5a7443cd-0ba8-4045-a615-ca9d87f0fd78: shutdown LeaderState
2019-09-28 01:20:00,237 [main] INFO  impl.RaftServerImpl (RaftServerImpl.java:lambda$shutdown$3(251)) - 169076bb-2216-469a-9fc5-b7d227bcc1f0@group-43659DC21202: shutdown
2019-09-28 01:20:00,237 [ForkJoinPool.commonPool-worker-0] INFO  impl.PendingRequests (PendingRequests.java:sendNotLeaderResponses(202)) - 5a7443cd-0ba8-4045-a615-ca9d87f0fd78-PendingRequests: sendNotLeaderResponses
2019-09-28 01:20:00,238 [main] INFO  util.JmxRegister (JmxRegister.java:unregister(73)) - Successfully un-registered JMX Bean with object name Ratis:service=RaftServer,group=group-43659DC21202,id=169076bb-2216-469a-9fc5-b7d227bcc1f0
2019-09-28 01:20:00,238 [ForkJoinPool.commonPool-worker-0] INFO  impl.StateMachineUpdater (StateMachineUpdater.java:stopAndJoin(125)) - 5a7443cd-0ba8-4045-a615-ca9d87f0fd78@group-4D28A553670C-StateMachineUpdater: set stopIndex = 0
2019-09-28 01:20:00,239 [main] INFO  impl.RoleInfo (RoleInfo.java:shutdownLeaderState(104)) - 169076bb-2216-469a-9fc5-b7d227bcc1f0: shutdown LeaderState
2019-09-28 01:20:00,239 [ForkJoinPool.commonPool-worker-0] INFO  impl.RaftServerImpl (ServerState.java:close(385)) - 5a7443cd-0ba8-4045-a615-ca9d87f0fd78@group-4D28A553670C: closes. applyIndex: 0
2019-09-28 01:20:00,239 [main] INFO  impl.PendingRequests (PendingRequests.java:sendNotLeaderResponses(202)) - 169076bb-2216-469a-9fc5-b7d227bcc1f0-PendingRequests: sendNotLeaderResponses
2019-09-28 01:20:00,240 [5a7443cd-0ba8-4045-a615-ca9d87f0fd78@group-4D28A553670C-SegmentedRaftLogWorker] INFO  segmented.SegmentedRaftLogWorker (SegmentedRaftLogWorker.java:run(313)) - 5a7443cd-0ba8-4045-a615-ca9d87f0fd78@group-4D28A553670C-SegmentedRaftLogWorker was interrupted, exiting. There are 0 tasks remaining in the queue.
2019-09-28 01:20:00,240 [main] INFO  impl.StateMachineUpdater (StateMachineUpdater.java:stopAndJoin(125)) - 169076bb-2216-469a-9fc5-b7d227bcc1f0@group-43659DC21202-StateMachineUpdater: set stopIndex = 0
2019-09-28 01:20:00,241 [main] INFO  impl.RaftServerImpl (ServerState.java:close(385)) - 169076bb-2216-469a-9fc5-b7d227bcc1f0@group-43659DC21202: closes. applyIndex: 0
2019-09-28 01:20:00,241 [ForkJoinPool.commonPool-worker-0] INFO  segmented.SegmentedRaftLogWorker (SegmentedRaftLogWorker.java:close(228)) - 5a7443cd-0ba8-4045-a615-ca9d87f0fd78@group-4D28A553670C-SegmentedRaftLogWorker close()
2019-09-28 01:20:00,242 [169076bb-2216-469a-9fc5-b7d227bcc1f0@group-43659DC21202-SegmentedRaftLogWorker] INFO  segmented.SegmentedRaftLogWorker (SegmentedRaftLogWorker.java:run(313)) - 169076bb-2216-469a-9fc5-b7d227bcc1f0@group-43659DC21202-SegmentedRaftLogWorker was interrupted, exiting. There are 0 tasks remaining in the queue.
2019-09-28 01:20:00,245 [ForkJoinPool.commonPool-worker-0] INFO  impl.RaftServerImpl (RaftServerImpl.java:lambda$shutdown$3(251)) - 5a7443cd-0ba8-4045-a615-ca9d87f0fd78@group-393F5BFE9DF9: shutdown
2019-09-28 01:20:00,245 [main] INFO  segmented.SegmentedRaftLogWorker (SegmentedRaftLogWorker.java:close(228)) - 169076bb-2216-469a-9fc5-b7d227bcc1f0@group-43659DC21202-SegmentedRaftLogWorker close()
2019-09-28 01:20:00,246 [ForkJoinPool.commonPool-worker-0] INFO  util.JmxRegister (JmxRegister.java:unregister(73)) - Successfully un-registered JMX Bean with object name Ratis:service=RaftServer,group=group-393F5BFE9DF9,id=5a7443cd-0ba8-4045-a615-ca9d87f0fd78
2019-09-28 01:20:00,248 [main] INFO  impl.RaftServerImpl (RaftServerImpl.java:lambda$shutdown$3(251)) - 169076bb-2216-469a-9fc5-b7d227bcc1f0@group-902151DE03CA: shutdown
2019-09-28 01:20:00,248 [ForkJoinPool.commonPool-worker-0] INFO  impl.RoleInfo (RoleInfo.java:shutdownLeaderState(104)) - 5a7443cd-0ba8-4045-a615-ca9d87f0fd78: shutdown LeaderState
2019-09-28 01:20:00,249 [main] INFO  util.JmxRegister (JmxRegister.java:unregister(73)) - Successfully un-registered JMX Bean with object name Ratis:service=RaftServer,group=group-902151DE03CA,id=169076bb-2216-469a-9fc5-b7d227bcc1f0
2019-09-28 01:20:00,249 [main] INFO  impl.RoleInfo (RoleInfo.java:shutdownFollowerState(121)) - 169076bb-2216-469a-9fc5-b7d227bcc1f0: shutdown FollowerState
2019-09-28 01:20:00,249 [org.apache.ratis.server.impl.LogAppender$AppenderDaemon$$Lambda$428/1278375776@39326b3] WARN  server.GrpcLogAppender (GrpcLogAppender.java:mayWait(143)) - 5a7443cd-0ba8-4045-a615-ca9d87f0fd78@group-393F5BFE9DF9->14d5cd8c-0256-42d6-a2d7-07541ed6779f-GrpcLogAppender: Wait interrupted by java.lang.InterruptedException
2019-09-28 01:20:00,249 [ForkJoinPool.commonPool-worker-0] INFO  impl.PendingRequests (PendingRequests.java:sendNotLeaderResponses(202)) - 5a7443cd-0ba8-4045-a615-ca9d87f0fd78-PendingRequests: sendNotLeaderResponses
2019-09-28 01:20:00,249 [org.apache.ratis.server.impl.LogAppender$AppenderDaemon$$Lambda$428/1278375776@10c360fd] WARN  server.GrpcLogAppender (GrpcLogAppender.java:mayWait(143)) - 5a7443cd-0ba8-4045-a615-ca9d87f0fd78@group-393F5BFE9DF9->b37755ce-c4af-4380-b35a-3b0325863f58-GrpcLogAppender: Wait interrupted by java.lang.InterruptedException
2019-09-28 01:20:00,251 [ForkJoinPool.commonPool-worker-0] INFO  impl.StateMachineUpdater (StateMachineUpdater.java:stopAndJoin(125)) - 5a7443cd-0ba8-4045-a615-ca9d87f0fd78@group-393F5BFE9DF9-StateMachineUpdater: set stopIndex = 0
2019-09-28 01:20:00,251 [ForkJoinPool.commonPool-worker-0] INFO  impl.RaftServerImpl (ServerState.java:close(385)) - 5a7443cd-0ba8-4045-a615-ca9d87f0fd78@group-393F5BFE9DF9: closes. applyIndex: 0
2019-09-28 01:20:00,251 [grpc-default-executor-3] INFO  server.GrpcServerProtocolService (GrpcServerProtocolService.java:onCompleted(113)) - b37755ce-c4af-4380-b35a-3b0325863f58: Completed APPEND_ENTRIES, lastRequest: 5a7443cd-0ba8-4045-a615-ca9d87f0fd78->b37755ce-c4af-4380-b35a-3b0325863f58#260-t1, previous=(t:1, i:0), leaderCommit=0, initializing? false, entries: <empty>
2019-09-28 01:20:00,250 [Thread-5806] INFO  impl.FollowerState (FollowerState.java:run(115)) - 169076bb-2216-469a-9fc5-b7d227bcc1f0: FollowerState was interrupted: java.lang.InterruptedException: sleep interrupted
2019-09-28 01:20:00,250 [main] INFO  impl.StateMachineUpdater (StateMachineUpdater.java:stopAndJoin(125)) - 169076bb-2216-469a-9fc5-b7d227bcc1f0@group-902151DE03CA-StateMachineUpdater: set stopIndex = 0
2019-09-28 01:20:00,253 [main] INFO  impl.RaftServerImpl (ServerState.java:close(385)) - 169076bb-2216-469a-9fc5-b7d227bcc1f0@group-902151DE03CA: closes. applyIndex: 0
2019-09-28 01:20:00,252 [5a7443cd-0ba8-4045-a615-ca9d87f0fd78@group-393F5BFE9DF9-SegmentedRaftLogWorker] INFO  segmented.SegmentedRaftLogWorker (SegmentedRaftLogWorker.java:run(313)) - 5a7443cd-0ba8-4045-a615-ca9d87f0fd78@group-393F5BFE9DF9-SegmentedRaftLogWorker was interrupted, exiting. There are 0 tasks remaining in the queue.
2019-09-28 01:20:00,253 [grpc-default-executor-3] INFO  server.GrpcLogAppender (GrpcLogAppender.java:onCompleted(293)) - 5a7443cd-0ba8-4045-a615-ca9d87f0fd78@group-393F5BFE9DF9->b37755ce-c4af-4380-b35a-3b0325863f58-AppendLogResponseHandler: follower responses appendEntries COMPLETED
2019-09-28 01:20:00,254 [ForkJoinPool.commonPool-worker-0] INFO  segmented.SegmentedRaftLogWorker (SegmentedRaftLogWorker.java:close(228)) - 5a7443cd-0ba8-4045-a615-ca9d87f0fd78@group-393F5BFE9DF9-SegmentedRaftLogWorker close()
2019-09-28 01:20:00,253 [169076bb-2216-469a-9fc5-b7d227bcc1f0@group-902151DE03CA-SegmentedRaftLogWorker] INFO  segmented.SegmentedRaftLogWorker (SegmentedRaftLogWorker.java:run(313)) - 169076bb-2216-469a-9fc5-b7d227bcc1f0@group-902151DE03CA-SegmentedRaftLogWorker was interrupted, exiting. There are 0 tasks remaining in the queue.
2019-09-28 01:20:00,256 [ForkJoinPool.commonPool-worker-0] INFO  server.GrpcService (GrpcService.java:closeImpl(164)) - 5a7443cd-0ba8-4045-a615-ca9d87f0fd78: shutdown server with port 45593 now
2019-09-28 01:20:00,256 [main] INFO  segmented.SegmentedRaftLogWorker (SegmentedRaftLogWorker.java:close(228)) - 169076bb-2216-469a-9fc5-b7d227bcc1f0@group-902151DE03CA-SegmentedRaftLogWorker close()
2019-09-28 01:20:00,254 [grpc-default-executor-3] INFO  impl.FollowerInfo (FollowerInfo.java:lambda$new$0(51)) - 5a7443cd-0ba8-4045-a615-ca9d87f0fd78@group-393F5BFE9DF9->b37755ce-c4af-4380-b35a-3b0325863f58: nextIndex: updateUnconditionally 1 -> 0
2019-09-28 01:20:00,261 [main] INFO  server.GrpcService (GrpcService.java:closeImpl(164)) - 169076bb-2216-469a-9fc5-b7d227bcc1f0: shutdown server with port 42330 now
2019-09-28 01:20:00,259 [ForkJoinPool.commonPool-worker-0] INFO  server.GrpcService (GrpcService.java:closeImpl(172)) - 5a7443cd-0ba8-4045-a615-ca9d87f0fd78: shutdown server with port 45593 successfully
2019-09-28 01:20:00,261 [main] INFO  server.GrpcService (GrpcService.java:closeImpl(172)) - 169076bb-2216-469a-9fc5-b7d227bcc1f0: shutdown server with port 42330 successfully
2019-09-28 01:20:00,266 [refreshUsed-/workdir/hadoop-ozone/integration-test/target/test-dir/MiniOzoneClusterImpl-8d3ed4ce-f2e5-424c-95d5-a4ae13d3a978/datanode-9/data/containers] WARN  fs.CachingGetSpaceUsed (CachingGetSpaceUsed.java:run(183)) - Thread Interrupted waiting to refresh disk information: sleep interrupted
2019-09-28 01:20:00,267 [refreshUsed-/workdir/hadoop-ozone/integration-test/target/test-dir/MiniOzoneClusterImpl-8d3ed4ce-f2e5-424c-95d5-a4ae13d3a978/datanode-0/data/containers] WARN  fs.CachingGetSpaceUsed (CachingGetSpaceUsed.java:run(183)) - Thread Interrupted waiting to refresh disk information: sleep interrupted
2019-09-28 01:20:00,293 [main] INFO  utils.BackgroundService (BackgroundService.java:shutdown(148)) - Shutting down service BlockDeletingService
2019-09-28 01:20:00,297 [ForkJoinPool.commonPool-worker-0] INFO  utils.BackgroundService (BackgroundService.java:shutdown(148)) - Shutting down service BlockDeletingService
2019-09-28 01:20:00,299 [main] INFO  statemachine.DatanodeStateMachine (DatanodeStateMachine.java:stopDaemon(395)) - Ozone container server stopped.
2019-09-28 01:20:00,304 [ForkJoinPool.commonPool-worker-0] INFO  statemachine.DatanodeStateMachine (DatanodeStateMachine.java:stopDaemon(395)) - Ozone container server stopped.
2019-09-28 01:20:00,309 [main] INFO  handler.ContextHandler (ContextHandler.java:doStop(910)) - Stopped o.e.j.w.WebAppContext@1d4f5506{/,null,UNAVAILABLE}{/hddsDatanode}
2019-09-28 01:20:00,309 [ForkJoinPool.commonPool-worker-0] INFO  handler.ContextHandler (ContextHandler.java:doStop(910)) - Stopped o.e.j.w.WebAppContext@5ae1c281{/,null,UNAVAILABLE}{/hddsDatanode}
2019-09-28 01:20:00,310 [ForkJoinPool.commonPool-worker-0] INFO  server.AbstractConnector (AbstractConnector.java:doStop(318)) - Stopped ServerConnector@4ac8768e{HTTP/1.1,[http/1.1]}{0.0.0.0:0}
2019-09-28 01:20:00,310 [main] INFO  server.AbstractConnector (AbstractConnector.java:doStop(318)) - Stopped ServerConnector@7dee835{HTTP/1.1,[http/1.1]}{0.0.0.0:0}
2019-09-28 01:20:00,312 [ForkJoinPool.commonPool-worker-0] INFO  handler.ContextHandler (ContextHandler.java:doStop(910)) - Stopped o.e.j.s.ServletContextHandler@721d8ab5{/static,jar:file:/home/user/.m2/repository/org/apache/hadoop/hadoop-hdds-container-service/0.5.0-SNAPSHOT/hadoop-hdds-container-service-0.5.0-SNAPSHOT.jar!/webapps/static,UNAVAILABLE}
2019-09-28 01:20:00,312 [main] INFO  handler.ContextHandler (ContextHandler.java:doStop(910)) - Stopped o.e.j.s.ServletContextHandler@401c4250{/static,jar:file:/home/user/.m2/repository/org/apache/hadoop/hadoop-hdds-container-service/0.5.0-SNAPSHOT/hadoop-hdds-container-service-0.5.0-SNAPSHOT.jar!/webapps/static,UNAVAILABLE}
2019-09-28 01:20:00,314 [ForkJoinPool.commonPool-worker-0] INFO  handler.ContextHandler (ContextHandler.java:doStop(910)) - Stopped o.e.j.s.ServletContextHandler@10244722{/logs,file:///workdir/hadoop-ozone/integration-test/target/log,UNAVAILABLE}
2019-09-28 01:20:00,314 [main] INFO  handler.ContextHandler (ContextHandler.java:doStop(910)) - Stopped o.e.j.s.ServletContextHandler@2519026b{/logs,file:///workdir/hadoop-ozone/integration-test/target/log,UNAVAILABLE}
2019-09-28 01:20:00,329 [Datanode State Machine Thread - 0] INFO  statemachine.DatanodeStateMachine (DatanodeStateMachine.java:lambda$startDaemon$0(350)) - Ozone container server started.
2019-09-28 01:20:00,556 [Datanode State Machine Thread - 0] INFO  statemachine.DatanodeStateMachine (DatanodeStateMachine.java:lambda$startDaemon$0(350)) - Ozone container server started.
2019-09-28 01:20:00,664 [Thread-5801] INFO  impl.FollowerState (FollowerState.java:run(106)) - 482bab89-bbed-45e7-a2a4-226291146823:group-28E788FD6B37 changes to CANDIDATE, lastRpcTime:1007, electionTimeout:1007ms
2019-09-28 01:20:00,664 [Thread-5801] INFO  impl.RoleInfo (RoleInfo.java:shutdownFollowerState(121)) - 482bab89-bbed-45e7-a2a4-226291146823: shutdown FollowerState
2019-09-28 01:20:00,664 [Thread-5801] INFO  impl.RaftServerImpl (RaftServerImpl.java:setRole(174)) - 482bab89-bbed-45e7-a2a4-226291146823@group-28E788FD6B37: changes role from  FOLLOWER to CANDIDATE at term 5 for changeToCandidate
2019-09-28 01:20:00,664 [Thread-5801] INFO  impl.RoleInfo (RoleInfo.java:updateAndGet(143)) - 482bab89-bbed-45e7-a2a4-226291146823: start LeaderElection
2019-09-28 01:20:00,680 [482bab89-bbed-45e7-a2a4-226291146823@group-28E788FD6B37:LeaderElection99] INFO  impl.LeaderElection (LeaderElection.java:askForVotes(182)) - 482bab89-bbed-45e7-a2a4-226291146823@group-28E788FD6B37:LeaderElection99: begin an election at term 6 for 0: [8e564692-438a-4cca-bbaf-5fbe943d4762:192.168.151.82:44652, 37708db1-82ca-49f3-b412-795edcbfeb9a:192.168.151.82:33696, 482bab89-bbed-45e7-a2a4-226291146823:192.168.151.82:43977], old=null
2019-09-28 01:20:00,682 [482bab89-bbed-45e7-a2a4-226291146823@group-28E788FD6B37:LeaderElection99] INFO  impl.LeaderElection (LogUtils.java:infoOrTrace(149)) - 482bab89-bbed-45e7-a2a4-226291146823@group-28E788FD6B37:LeaderElection99 got exception when requesting votes: {}
java.util.concurrent.ExecutionException: org.apache.ratis.thirdparty.io.grpc.StatusRuntimeException: UNAVAILABLE: io exception
	at java.util.concurrent.FutureTask.report(FutureTask.java:122)
	at java.util.concurrent.FutureTask.get(FutureTask.java:192)
	at org.apache.ratis.server.impl.LeaderElection.waitForResults(LeaderElection.java:263)
	at org.apache.ratis.server.impl.LeaderElection.askForVotes(LeaderElection.java:201)
	at org.apache.ratis.server.impl.LeaderElection.run(LeaderElection.java:133)
	at java.lang.Thread.run(Thread.java:748)
Caused by: org.apache.ratis.thirdparty.io.grpc.StatusRuntimeException: UNAVAILABLE: io exception
	at org.apache.ratis.thirdparty.io.grpc.stub.ClientCalls.toStatusRuntimeException(ClientCalls.java:233)
	at org.apache.ratis.thirdparty.io.grpc.stub.ClientCalls.getUnchecked(ClientCalls.java:214)
	at org.apache.ratis.thirdparty.io.grpc.stub.ClientCalls.blockingUnaryCall(ClientCalls.java:139)
	at org.apache.ratis.proto.grpc.RaftServerProtocolServiceGrpc$RaftServerProtocolServiceBlockingStub.requestVote(RaftServerProtocolServiceGrpc.java:265)
	at org.apache.ratis.grpc.server.GrpcServerProtocolClient.requestVote(GrpcServerProtocolClient.java:90)
	at org.apache.ratis.grpc.server.GrpcService.requestVote(GrpcService.java:204)
	at org.apache.ratis.server.impl.LeaderElection.lambda$submitRequests$1(LeaderElection.java:238)
	at java.util.concurrent.FutureTask.run(FutureTask.java:266)
	at java.util.concurrent.Executors$RunnableAdapter.call(Executors.java:511)
	at java.util.concurrent.FutureTask.run(FutureTask.java:266)
	at java.util.concurrent.ThreadPoolExecutor.runWorker(ThreadPoolExecutor.java:1149)
	at java.util.concurrent.ThreadPoolExecutor$Worker.run(ThreadPoolExecutor.java:624)
	... 1 more
Caused by: org.apache.ratis.thirdparty.io.netty.channel.AbstractChannel$AnnotatedConnectException: Connection refused: /192.168.151.82:44652
	at sun.nio.ch.SocketChannelImpl.checkConnect(Native Method)
	at sun.nio.ch.SocketChannelImpl.finishConnect(SocketChannelImpl.java:717)
	at org.apache.ratis.thirdparty.io.netty.channel.socket.nio.NioSocketChannel.doFinishConnect(NioSocketChannel.java:327)
	at org.apache.ratis.thirdparty.io.netty.channel.nio.AbstractNioChannel$AbstractNioUnsafe.finishConnect(AbstractNioChannel.java:340)
	at org.apache.ratis.thirdparty.io.netty.channel.nio.NioEventLoop.processSelectedKey(NioEventLoop.java:632)
	at org.apache.ratis.thirdparty.io.netty.channel.nio.NioEventLoop.processSelectedKeysOptimized(NioEventLoop.java:579)
	at org.apache.ratis.thirdparty.io.netty.channel.nio.NioEventLoop.processSelectedKeys(NioEventLoop.java:496)
	at org.apache.ratis.thirdparty.io.netty.channel.nio.NioEventLoop.run(NioEventLoop.java:458)
	at org.apache.ratis.thirdparty.io.netty.util.concurrent.SingleThreadEventExecutor$5.run(SingleThreadEventExecutor.java:897)
	at org.apache.ratis.thirdparty.io.netty.util.concurrent.FastThreadLocalRunnable.run(FastThreadLocalRunnable.java:30)
	... 1 more
Caused by: java.net.ConnectException: Connection refused
	... 11 more
2019-09-28 01:20:00,684 [482bab89-bbed-45e7-a2a4-226291146823@group-28E788FD6B37:LeaderElection99] INFO  impl.LeaderElection (LogUtils.java:infoOrTrace(149)) - 482bab89-bbed-45e7-a2a4-226291146823@group-28E788FD6B37:LeaderElection99 got exception when requesting votes: {}
java.util.concurrent.ExecutionException: org.apache.ratis.thirdparty.io.grpc.StatusRuntimeException: UNAVAILABLE: io exception
	at java.util.concurrent.FutureTask.report(FutureTask.java:122)
	at java.util.concurrent.FutureTask.get(FutureTask.java:192)
	at org.apache.ratis.server.impl.LeaderElection.waitForResults(LeaderElection.java:263)
	at org.apache.ratis.server.impl.LeaderElection.askForVotes(LeaderElection.java:201)
	at org.apache.ratis.server.impl.LeaderElection.run(LeaderElection.java:133)
	at java.lang.Thread.run(Thread.java:748)
Caused by: org.apache.ratis.thirdparty.io.grpc.StatusRuntimeException: UNAVAILABLE: io exception
	at org.apache.ratis.thirdparty.io.grpc.stub.ClientCalls.toStatusRuntimeException(ClientCalls.java:233)
	at org.apache.ratis.thirdparty.io.grpc.stub.ClientCalls.getUnchecked(ClientCalls.java:214)
	at org.apache.ratis.thirdparty.io.grpc.stub.ClientCalls.blockingUnaryCall(ClientCalls.java:139)
	at org.apache.ratis.proto.grpc.RaftServerProtocolServiceGrpc$RaftServerProtocolServiceBlockingStub.requestVote(RaftServerProtocolServiceGrpc.java:265)
	at org.apache.ratis.grpc.server.GrpcServerProtocolClient.requestVote(GrpcServerProtocolClient.java:90)
	at org.apache.ratis.grpc.server.GrpcService.requestVote(GrpcService.java:204)
	at org.apache.ratis.server.impl.LeaderElection.lambda$submitRequests$1(LeaderElection.java:238)
	at java.util.concurrent.FutureTask.run(FutureTask.java:266)
	at java.util.concurrent.Executors$RunnableAdapter.call(Executors.java:511)
	at java.util.concurrent.FutureTask.run(FutureTask.java:266)
	at java.util.concurrent.ThreadPoolExecutor.runWorker(ThreadPoolExecutor.java:1149)
	at java.util.concurrent.ThreadPoolExecutor$Worker.run(ThreadPoolExecutor.java:624)
	... 1 more
Caused by: org.apache.ratis.thirdparty.io.netty.channel.AbstractChannel$AnnotatedConnectException: Connection refused: /192.168.151.82:33696
	at sun.nio.ch.SocketChannelImpl.checkConnect(Native Method)
	at sun.nio.ch.SocketChannelImpl.finishConnect(SocketChannelImpl.java:717)
	at org.apache.ratis.thirdparty.io.netty.channel.socket.nio.NioSocketChannel.doFinishConnect(NioSocketChannel.java:327)
	at org.apache.ratis.thirdparty.io.netty.channel.nio.AbstractNioChannel$AbstractNioUnsafe.finishConnect(AbstractNioChannel.java:340)
	at org.apache.ratis.thirdparty.io.netty.channel.nio.NioEventLoop.processSelectedKey(NioEventLoop.java:632)
	at org.apache.ratis.thirdparty.io.netty.channel.nio.NioEventLoop.processSelectedKeysOptimized(NioEventLoop.java:579)
	at org.apache.ratis.thirdparty.io.netty.channel.nio.NioEventLoop.processSelectedKeys(NioEventLoop.java:496)
	at org.apache.ratis.thirdparty.io.netty.channel.nio.NioEventLoop.run(NioEventLoop.java:458)
	at org.apache.ratis.thirdparty.io.netty.util.concurrent.SingleThreadEventExecutor$5.run(SingleThreadEventExecutor.java:897)
	at org.apache.ratis.thirdparty.io.netty.util.concurrent.FastThreadLocalRunnable.run(FastThreadLocalRunnable.java:30)
	... 1 more
Caused by: java.net.ConnectException: Connection refused
	... 11 more
2019-09-28 01:20:00,684 [482bab89-bbed-45e7-a2a4-226291146823@group-28E788FD6B37:LeaderElection99] INFO  impl.LeaderElection (LeaderElection.java:logAndReturn(56)) - 482bab89-bbed-45e7-a2a4-226291146823@group-28E788FD6B37:LeaderElection99: Election REJECTED; received 0 response(s) [] and 2 exception(s); 482bab89-bbed-45e7-a2a4-226291146823@group-28E788FD6B37:t6, leader=null, voted=482bab89-bbed-45e7-a2a4-226291146823, raftlog=482bab89-bbed-45e7-a2a4-226291146823@group-28E788FD6B37-SegmentedRaftLog:OPENED:c0,f0,i0, conf=0: [8e564692-438a-4cca-bbaf-5fbe943d4762:192.168.151.82:44652, 37708db1-82ca-49f3-b412-795edcbfeb9a:192.168.151.82:33696, 482bab89-bbed-45e7-a2a4-226291146823:192.168.151.82:43977], old=null
2019-09-28 01:20:00,685 [482bab89-bbed-45e7-a2a4-226291146823@group-28E788FD6B37:LeaderElection99] INFO  impl.LeaderElection (LogUtils.java:infoOrTrace(149)) -   Exception 0: {}
java.util.concurrent.ExecutionException: org.apache.ratis.thirdparty.io.grpc.StatusRuntimeException: UNAVAILABLE: io exception
	at java.util.concurrent.FutureTask.report(FutureTask.java:122)
	at java.util.concurrent.FutureTask.get(FutureTask.java:192)
	at org.apache.ratis.server.impl.LeaderElection.waitForResults(LeaderElection.java:263)
	at org.apache.ratis.server.impl.LeaderElection.askForVotes(LeaderElection.java:201)
	at org.apache.ratis.server.impl.LeaderElection.run(LeaderElection.java:133)
	at java.lang.Thread.run(Thread.java:748)
Caused by: org.apache.ratis.thirdparty.io.grpc.StatusRuntimeException: UNAVAILABLE: io exception
	at org.apache.ratis.thirdparty.io.grpc.stub.ClientCalls.toStatusRuntimeException(ClientCalls.java:233)
	at org.apache.ratis.thirdparty.io.grpc.stub.ClientCalls.getUnchecked(ClientCalls.java:214)
	at org.apache.ratis.thirdparty.io.grpc.stub.ClientCalls.blockingUnaryCall(ClientCalls.java:139)
	at org.apache.ratis.proto.grpc.RaftServerProtocolServiceGrpc$RaftServerProtocolServiceBlockingStub.requestVote(RaftServerProtocolServiceGrpc.java:265)
	at org.apache.ratis.grpc.server.GrpcServerProtocolClient.requestVote(GrpcServerProtocolClient.java:90)
	at org.apache.ratis.grpc.server.GrpcService.requestVote(GrpcService.java:204)
	at org.apache.ratis.server.impl.LeaderElection.lambda$submitRequests$1(LeaderElection.java:238)
	at java.util.concurrent.FutureTask.run(FutureTask.java:266)
	at java.util.concurrent.Executors$RunnableAdapter.call(Executors.java:511)
	at java.util.concurrent.FutureTask.run(FutureTask.java:266)
	at java.util.concurrent.ThreadPoolExecutor.runWorker(ThreadPoolExecutor.java:1149)
	at java.util.concurrent.ThreadPoolExecutor$Worker.run(ThreadPoolExecutor.java:624)
	... 1 more
Caused by: org.apache.ratis.thirdparty.io.netty.channel.AbstractChannel$AnnotatedConnectException: Connection refused: /192.168.151.82:44652
	at sun.nio.ch.SocketChannelImpl.checkConnect(Native Method)
	at sun.nio.ch.SocketChannelImpl.finishConnect(SocketChannelImpl.java:717)
	at org.apache.ratis.thirdparty.io.netty.channel.socket.nio.NioSocketChannel.doFinishConnect(NioSocketChannel.java:327)
	at org.apache.ratis.thirdparty.io.netty.channel.nio.AbstractNioChannel$AbstractNioUnsafe.finishConnect(AbstractNioChannel.java:340)
	at org.apache.ratis.thirdparty.io.netty.channel.nio.NioEventLoop.processSelectedKey(NioEventLoop.java:632)
	at org.apache.ratis.thirdparty.io.netty.channel.nio.NioEventLoop.processSelectedKeysOptimized(NioEventLoop.java:579)
	at org.apache.ratis.thirdparty.io.netty.channel.nio.NioEventLoop.processSelectedKeys(NioEventLoop.java:496)
	at org.apache.ratis.thirdparty.io.netty.channel.nio.NioEventLoop.run(NioEventLoop.java:458)
	at org.apache.ratis.thirdparty.io.netty.util.concurrent.SingleThreadEventExecutor$5.run(SingleThreadEventExecutor.java:897)
	at org.apache.ratis.thirdparty.io.netty.util.concurrent.FastThreadLocalRunnable.run(FastThreadLocalRunnable.java:30)
	... 1 more
Caused by: java.net.ConnectException: Connection refused
	... 11 more
2019-09-28 01:20:00,685 [482bab89-bbed-45e7-a2a4-226291146823@group-28E788FD6B37:LeaderElection99] INFO  impl.LeaderElection (LogUtils.java:infoOrTrace(149)) -   Exception 1: {}
java.util.concurrent.ExecutionException: org.apache.ratis.thirdparty.io.grpc.StatusRuntimeException: UNAVAILABLE: io exception
	at java.util.concurrent.FutureTask.report(FutureTask.java:122)
	at java.util.concurrent.FutureTask.get(FutureTask.java:192)
	at org.apache.ratis.server.impl.LeaderElection.waitForResults(LeaderElection.java:263)
	at org.apache.ratis.server.impl.LeaderElection.askForVotes(LeaderElection.java:201)
	at org.apache.ratis.server.impl.LeaderElection.run(LeaderElection.java:133)
	at java.lang.Thread.run(Thread.java:748)
Caused by: org.apache.ratis.thirdparty.io.grpc.StatusRuntimeException: UNAVAILABLE: io exception
	at org.apache.ratis.thirdparty.io.grpc.stub.ClientCalls.toStatusRuntimeException(ClientCalls.java:233)
	at org.apache.ratis.thirdparty.io.grpc.stub.ClientCalls.getUnchecked(ClientCalls.java:214)
	at org.apache.ratis.thirdparty.io.grpc.stub.ClientCalls.blockingUnaryCall(ClientCalls.java:139)
	at org.apache.ratis.proto.grpc.RaftServerProtocolServiceGrpc$RaftServerProtocolServiceBlockingStub.requestVote(RaftServerProtocolServiceGrpc.java:265)
	at org.apache.ratis.grpc.server.GrpcServerProtocolClient.requestVote(GrpcServerProtocolClient.java:90)
	at org.apache.ratis.grpc.server.GrpcService.requestVote(GrpcService.java:204)
	at org.apache.ratis.server.impl.LeaderElection.lambda$submitRequests$1(LeaderElection.java:238)
	at java.util.concurrent.FutureTask.run(FutureTask.java:266)
	at java.util.concurrent.Executors$RunnableAdapter.call(Executors.java:511)
	at java.util.concurrent.FutureTask.run(FutureTask.java:266)
	at java.util.concurrent.ThreadPoolExecutor.runWorker(ThreadPoolExecutor.java:1149)
	at java.util.concurrent.ThreadPoolExecutor$Worker.run(ThreadPoolExecutor.java:624)
	... 1 more
Caused by: org.apache.ratis.thirdparty.io.netty.channel.AbstractChannel$AnnotatedConnectException: Connection refused: /192.168.151.82:33696
	at sun.nio.ch.SocketChannelImpl.checkConnect(Native Method)
	at sun.nio.ch.SocketChannelImpl.finishConnect(SocketChannelImpl.java:717)
	at org.apache.ratis.thirdparty.io.netty.channel.socket.nio.NioSocketChannel.doFinishConnect(NioSocketChannel.java:327)
	at org.apache.ratis.thirdparty.io.netty.channel.nio.AbstractNioChannel$AbstractNioUnsafe.finishConnect(AbstractNioChannel.java:340)
	at org.apache.ratis.thirdparty.io.netty.channel.nio.NioEventLoop.processSelectedKey(NioEventLoop.java:632)
	at org.apache.ratis.thirdparty.io.netty.channel.nio.NioEventLoop.processSelectedKeysOptimized(NioEventLoop.java:579)
	at org.apache.ratis.thirdparty.io.netty.channel.nio.NioEventLoop.processSelectedKeys(NioEventLoop.java:496)
	at org.apache.ratis.thirdparty.io.netty.channel.nio.NioEventLoop.run(NioEventLoop.java:458)
	at org.apache.ratis.thirdparty.io.netty.util.concurrent.SingleThreadEventExecutor$5.run(SingleThreadEventExecutor.java:897)
	at org.apache.ratis.thirdparty.io.netty.util.concurrent.FastThreadLocalRunnable.run(FastThreadLocalRunnable.java:30)
	... 1 more
Caused by: java.net.ConnectException: Connection refused
	... 11 more
2019-09-28 01:20:00,685 [482bab89-bbed-45e7-a2a4-226291146823@group-28E788FD6B37:LeaderElection99] INFO  impl.RaftServerImpl (RaftServerImpl.java:setRole(174)) - 482bab89-bbed-45e7-a2a4-226291146823@group-28E788FD6B37: changes role from CANDIDATE to FOLLOWER at term 6 for DISCOVERED_A_NEW_TERM
2019-09-28 01:20:00,685 [482bab89-bbed-45e7-a2a4-226291146823@group-28E788FD6B37:LeaderElection99] INFO  impl.RoleInfo (RoleInfo.java:shutdownLeaderElection(134)) - 482bab89-bbed-45e7-a2a4-226291146823: shutdown LeaderElection
2019-09-28 01:20:00,686 [482bab89-bbed-45e7-a2a4-226291146823@group-28E788FD6B37:LeaderElection99] INFO  impl.RoleInfo (RoleInfo.java:updateAndGet(143)) - 482bab89-bbed-45e7-a2a4-226291146823: start FollowerState
2019-09-28 01:20:01,786 [Thread-5811] INFO  impl.FollowerState (FollowerState.java:run(106)) - 482bab89-bbed-45e7-a2a4-226291146823:group-28E788FD6B37 changes to CANDIDATE, lastRpcTime:1100, electionTimeout:1100ms
2019-09-28 01:20:01,787 [Thread-5811] INFO  impl.RoleInfo (RoleInfo.java:shutdownFollowerState(121)) - 482bab89-bbed-45e7-a2a4-226291146823: shutdown FollowerState
2019-09-28 01:20:01,787 [Thread-5811] INFO  impl.RaftServerImpl (RaftServerImpl.java:setRole(174)) - 482bab89-bbed-45e7-a2a4-226291146823@group-28E788FD6B37: changes role from  FOLLOWER to CANDIDATE at term 6 for changeToCandidate
2019-09-28 01:20:01,787 [Thread-5811] INFO  impl.RoleInfo (RoleInfo.java:updateAndGet(143)) - 482bab89-bbed-45e7-a2a4-226291146823: start LeaderElection
2019-09-28 01:20:01,801 [482bab89-bbed-45e7-a2a4-226291146823@group-28E788FD6B37:LeaderElection100] INFO  impl.LeaderElection (LeaderElection.java:askForVotes(182)) - 482bab89-bbed-45e7-a2a4-226291146823@group-28E788FD6B37:LeaderElection100: begin an election at term 7 for 0: [8e564692-438a-4cca-bbaf-5fbe943d4762:192.168.151.82:44652, 37708db1-82ca-49f3-b412-795edcbfeb9a:192.168.151.82:33696, 482bab89-bbed-45e7-a2a4-226291146823:192.168.151.82:43977], old=null
2019-09-28 01:20:01,802 [482bab89-bbed-45e7-a2a4-226291146823@group-28E788FD6B37:LeaderElection100] INFO  impl.LeaderElection (LogUtils.java:infoOrTrace(149)) - 482bab89-bbed-45e7-a2a4-226291146823@group-28E788FD6B37:LeaderElection100 got exception when requesting votes: {}
java.util.concurrent.ExecutionException: org.apache.ratis.thirdparty.io.grpc.StatusRuntimeException: UNAVAILABLE: io exception
	at java.util.concurrent.FutureTask.report(FutureTask.java:122)
	at java.util.concurrent.FutureTask.get(FutureTask.java:192)
	at org.apache.ratis.server.impl.LeaderElection.waitForResults(LeaderElection.java:263)
	at org.apache.ratis.server.impl.LeaderElection.askForVotes(LeaderElection.java:201)
	at org.apache.ratis.server.impl.LeaderElection.run(LeaderElection.java:133)
	at java.lang.Thread.run(Thread.java:748)
Caused by: org.apache.ratis.thirdparty.io.grpc.StatusRuntimeException: UNAVAILABLE: io exception
	at org.apache.ratis.thirdparty.io.grpc.stub.ClientCalls.toStatusRuntimeException(ClientCalls.java:233)
	at org.apache.ratis.thirdparty.io.grpc.stub.ClientCalls.getUnchecked(ClientCalls.java:214)
	at org.apache.ratis.thirdparty.io.grpc.stub.ClientCalls.blockingUnaryCall(ClientCalls.java:139)
	at org.apache.ratis.proto.grpc.RaftServerProtocolServiceGrpc$RaftServerProtocolServiceBlockingStub.requestVote(RaftServerProtocolServiceGrpc.java:265)
	at org.apache.ratis.grpc.server.GrpcServerProtocolClient.requestVote(GrpcServerProtocolClient.java:90)
	at org.apache.ratis.grpc.server.GrpcService.requestVote(GrpcService.java:204)
	at org.apache.ratis.server.impl.LeaderElection.lambda$submitRequests$1(LeaderElection.java:238)
	at java.util.concurrent.FutureTask.run(FutureTask.java:266)
	at java.util.concurrent.Executors$RunnableAdapter.call(Executors.java:511)
	at java.util.concurrent.FutureTask.run(FutureTask.java:266)
	at java.util.concurrent.ThreadPoolExecutor.runWorker(ThreadPoolExecutor.java:1149)
	at java.util.concurrent.ThreadPoolExecutor$Worker.run(ThreadPoolExecutor.java:624)
	... 1 more
Caused by: org.apache.ratis.thirdparty.io.netty.channel.AbstractChannel$AnnotatedConnectException: Connection refused: /192.168.151.82:33696
	at sun.nio.ch.SocketChannelImpl.checkConnect(Native Method)
	at sun.nio.ch.SocketChannelImpl.finishConnect(SocketChannelImpl.java:717)
	at org.apache.ratis.thirdparty.io.netty.channel.socket.nio.NioSocketChannel.doFinishConnect(NioSocketChannel.java:327)
	at org.apache.ratis.thirdparty.io.netty.channel.nio.AbstractNioChannel$AbstractNioUnsafe.finishConnect(AbstractNioChannel.java:340)
	at org.apache.ratis.thirdparty.io.netty.channel.nio.NioEventLoop.processSelectedKey(NioEventLoop.java:632)
	at org.apache.ratis.thirdparty.io.netty.channel.nio.NioEventLoop.processSelectedKeysOptimized(NioEventLoop.java:579)
	at org.apache.ratis.thirdparty.io.netty.channel.nio.NioEventLoop.processSelectedKeys(NioEventLoop.java:496)
	at org.apache.ratis.thirdparty.io.netty.channel.nio.NioEventLoop.run(NioEventLoop.java:458)
	at org.apache.ratis.thirdparty.io.netty.util.concurrent.SingleThreadEventExecutor$5.run(SingleThreadEventExecutor.java:897)
	at org.apache.ratis.thirdparty.io.netty.util.concurrent.FastThreadLocalRunnable.run(FastThreadLocalRunnable.java:30)
	... 1 more
Caused by: java.net.ConnectException: Connection refused
	... 11 more
2019-09-28 01:20:01,802 [482bab89-bbed-45e7-a2a4-226291146823@group-28E788FD6B37:LeaderElection100] INFO  impl.LeaderElection (LogUtils.java:infoOrTrace(149)) - 482bab89-bbed-45e7-a2a4-226291146823@group-28E788FD6B37:LeaderElection100 got exception when requesting votes: {}
java.util.concurrent.ExecutionException: org.apache.ratis.thirdparty.io.grpc.StatusRuntimeException: UNAVAILABLE: io exception
	at java.util.concurrent.FutureTask.report(FutureTask.java:122)
	at java.util.concurrent.FutureTask.get(FutureTask.java:192)
	at org.apache.ratis.server.impl.LeaderElection.waitForResults(LeaderElection.java:263)
	at org.apache.ratis.server.impl.LeaderElection.askForVotes(LeaderElection.java:201)
	at org.apache.ratis.server.impl.LeaderElection.run(LeaderElection.java:133)
	at java.lang.Thread.run(Thread.java:748)
Caused by: org.apache.ratis.thirdparty.io.grpc.StatusRuntimeException: UNAVAILABLE: io exception
	at org.apache.ratis.thirdparty.io.grpc.stub.ClientCalls.toStatusRuntimeException(ClientCalls.java:233)
	at org.apache.ratis.thirdparty.io.grpc.stub.ClientCalls.getUnchecked(ClientCalls.java:214)
	at org.apache.ratis.thirdparty.io.grpc.stub.ClientCalls.blockingUnaryCall(ClientCalls.java:139)
	at org.apache.ratis.proto.grpc.RaftServerProtocolServiceGrpc$RaftServerProtocolServiceBlockingStub.requestVote(RaftServerProtocolServiceGrpc.java:265)
	at org.apache.ratis.grpc.server.GrpcServerProtocolClient.requestVote(GrpcServerProtocolClient.java:90)
	at org.apache.ratis.grpc.server.GrpcService.requestVote(GrpcService.java:204)
	at org.apache.ratis.server.impl.LeaderElection.lambda$submitRequests$1(LeaderElection.java:238)
	at java.util.concurrent.FutureTask.run(FutureTask.java:266)
	at java.util.concurrent.Executors$RunnableAdapter.call(Executors.java:511)
	at java.util.concurrent.FutureTask.run(FutureTask.java:266)
	at java.util.concurrent.ThreadPoolExecutor.runWorker(ThreadPoolExecutor.java:1149)
	at java.util.concurrent.ThreadPoolExecutor$Worker.run(ThreadPoolExecutor.java:624)
	... 1 more
Caused by: org.apache.ratis.thirdparty.io.netty.channel.AbstractChannel$AnnotatedConnectException: Connection refused: /192.168.151.82:44652
	at sun.nio.ch.SocketChannelImpl.checkConnect(Native Method)
	at sun.nio.ch.SocketChannelImpl.finishConnect(SocketChannelImpl.java:717)
	at org.apache.ratis.thirdparty.io.netty.channel.socket.nio.NioSocketChannel.doFinishConnect(NioSocketChannel.java:327)
	at org.apache.ratis.thirdparty.io.netty.channel.nio.AbstractNioChannel$AbstractNioUnsafe.finishConnect(AbstractNioChannel.java:340)
	at org.apache.ratis.thirdparty.io.netty.channel.nio.NioEventLoop.processSelectedKey(NioEventLoop.java:632)
	at org.apache.ratis.thirdparty.io.netty.channel.nio.NioEventLoop.processSelectedKeysOptimized(NioEventLoop.java:579)
	at org.apache.ratis.thirdparty.io.netty.channel.nio.NioEventLoop.processSelectedKeys(NioEventLoop.java:496)
	at org.apache.ratis.thirdparty.io.netty.channel.nio.NioEventLoop.run(NioEventLoop.java:458)
	at org.apache.ratis.thirdparty.io.netty.util.concurrent.SingleThreadEventExecutor$5.run(SingleThreadEventExecutor.java:897)
	at org.apache.ratis.thirdparty.io.netty.util.concurrent.FastThreadLocalRunnable.run(FastThreadLocalRunnable.java:30)
	... 1 more
Caused by: java.net.ConnectException: Connection refused
	... 11 more
2019-09-28 01:20:01,803 [482bab89-bbed-45e7-a2a4-226291146823@group-28E788FD6B37:LeaderElection100] INFO  impl.LeaderElection (LeaderElection.java:logAndReturn(56)) - 482bab89-bbed-45e7-a2a4-226291146823@group-28E788FD6B37:LeaderElection100: Election REJECTED; received 0 response(s) [] and 2 exception(s); 482bab89-bbed-45e7-a2a4-226291146823@group-28E788FD6B37:t7, leader=null, voted=482bab89-bbed-45e7-a2a4-226291146823, raftlog=482bab89-bbed-45e7-a2a4-226291146823@group-28E788FD6B37-SegmentedRaftLog:OPENED:c0,f0,i0, conf=0: [8e564692-438a-4cca-bbaf-5fbe943d4762:192.168.151.82:44652, 37708db1-82ca-49f3-b412-795edcbfeb9a:192.168.151.82:33696, 482bab89-bbed-45e7-a2a4-226291146823:192.168.151.82:43977], old=null
2019-09-28 01:20:01,803 [482bab89-bbed-45e7-a2a4-226291146823@group-28E788FD6B37:LeaderElection100] INFO  impl.LeaderElection (LogUtils.java:infoOrTrace(149)) -   Exception 0: {}
java.util.concurrent.ExecutionException: org.apache.ratis.thirdparty.io.grpc.StatusRuntimeException: UNAVAILABLE: io exception
	at java.util.concurrent.FutureTask.report(FutureTask.java:122)
	at java.util.concurrent.FutureTask.get(FutureTask.java:192)
	at org.apache.ratis.server.impl.LeaderElection.waitForResults(LeaderElection.java:263)
	at org.apache.ratis.server.impl.LeaderElection.askForVotes(LeaderElection.java:201)
	at org.apache.ratis.server.impl.LeaderElection.run(LeaderElection.java:133)
	at java.lang.Thread.run(Thread.java:748)
Caused by: org.apache.ratis.thirdparty.io.grpc.StatusRuntimeException: UNAVAILABLE: io exception
	at org.apache.ratis.thirdparty.io.grpc.stub.ClientCalls.toStatusRuntimeException(ClientCalls.java:233)
	at org.apache.ratis.thirdparty.io.grpc.stub.ClientCalls.getUnchecked(ClientCalls.java:214)
	at org.apache.ratis.thirdparty.io.grpc.stub.ClientCalls.blockingUnaryCall(ClientCalls.java:139)
	at org.apache.ratis.proto.grpc.RaftServerProtocolServiceGrpc$RaftServerProtocolServiceBlockingStub.requestVote(RaftServerProtocolServiceGrpc.java:265)
	at org.apache.ratis.grpc.server.GrpcServerProtocolClient.requestVote(GrpcServerProtocolClient.java:90)
	at org.apache.ratis.grpc.server.GrpcService.requestVote(GrpcService.java:204)
	at org.apache.ratis.server.impl.LeaderElection.lambda$submitRequests$1(LeaderElection.java:238)
	at java.util.concurrent.FutureTask.run(FutureTask.java:266)
	at java.util.concurrent.Executors$RunnableAdapter.call(Executors.java:511)
	at java.util.concurrent.FutureTask.run(FutureTask.java:266)
	at java.util.concurrent.ThreadPoolExecutor.runWorker(ThreadPoolExecutor.java:1149)
	at java.util.concurrent.ThreadPoolExecutor$Worker.run(ThreadPoolExecutor.java:624)
	... 1 more
Caused by: org.apache.ratis.thirdparty.io.netty.channel.AbstractChannel$AnnotatedConnectException: Connection refused: /192.168.151.82:33696
	at sun.nio.ch.SocketChannelImpl.checkConnect(Native Method)
	at sun.nio.ch.SocketChannelImpl.finishConnect(SocketChannelImpl.java:717)
	at org.apache.ratis.thirdparty.io.netty.channel.socket.nio.NioSocketChannel.doFinishConnect(NioSocketChannel.java:327)
	at org.apache.ratis.thirdparty.io.netty.channel.nio.AbstractNioChannel$AbstractNioUnsafe.finishConnect(AbstractNioChannel.java:340)
	at org.apache.ratis.thirdparty.io.netty.channel.nio.NioEventLoop.processSelectedKey(NioEventLoop.java:632)
	at org.apache.ratis.thirdparty.io.netty.channel.nio.NioEventLoop.processSelectedKeysOptimized(NioEventLoop.java:579)
	at org.apache.ratis.thirdparty.io.netty.channel.nio.NioEventLoop.processSelectedKeys(NioEventLoop.java:496)
	at org.apache.ratis.thirdparty.io.netty.channel.nio.NioEventLoop.run(NioEventLoop.java:458)
	at org.apache.ratis.thirdparty.io.netty.util.concurrent.SingleThreadEventExecutor$5.run(SingleThreadEventExecutor.java:897)
	at org.apache.ratis.thirdparty.io.netty.util.concurrent.FastThreadLocalRunnable.run(FastThreadLocalRunnable.java:30)
	... 1 more
Caused by: java.net.ConnectException: Connection refused
	... 11 more
2019-09-28 01:20:01,803 [482bab89-bbed-45e7-a2a4-226291146823@group-28E788FD6B37:LeaderElection100] INFO  impl.LeaderElection (LogUtils.java:infoOrTrace(149)) -   Exception 1: {}
java.util.concurrent.ExecutionException: org.apache.ratis.thirdparty.io.grpc.StatusRuntimeException: UNAVAILABLE: io exception
	at java.util.concurrent.FutureTask.report(FutureTask.java:122)
	at java.util.concurrent.FutureTask.get(FutureTask.java:192)
	at org.apache.ratis.server.impl.LeaderElection.waitForResults(LeaderElection.java:263)
	at org.apache.ratis.server.impl.LeaderElection.askForVotes(LeaderElection.java:201)
	at org.apache.ratis.server.impl.LeaderElection.run(LeaderElection.java:133)
	at java.lang.Thread.run(Thread.java:748)
Caused by: org.apache.ratis.thirdparty.io.grpc.StatusRuntimeException: UNAVAILABLE: io exception
	at org.apache.ratis.thirdparty.io.grpc.stub.ClientCalls.toStatusRuntimeException(ClientCalls.java:233)
	at org.apache.ratis.thirdparty.io.grpc.stub.ClientCalls.getUnchecked(ClientCalls.java:214)
	at org.apache.ratis.thirdparty.io.grpc.stub.ClientCalls.blockingUnaryCall(ClientCalls.java:139)
	at org.apache.ratis.proto.grpc.RaftServerProtocolServiceGrpc$RaftServerProtocolServiceBlockingStub.requestVote(RaftServerProtocolServiceGrpc.java:265)
	at org.apache.ratis.grpc.server.GrpcServerProtocolClient.requestVote(GrpcServerProtocolClient.java:90)
	at org.apache.ratis.grpc.server.GrpcService.requestVote(GrpcService.java:204)
	at org.apache.ratis.server.impl.LeaderElection.lambda$submitRequests$1(LeaderElection.java:238)
	at java.util.concurrent.FutureTask.run(FutureTask.java:266)
	at java.util.concurrent.Executors$RunnableAdapter.call(Executors.java:511)
	at java.util.concurrent.FutureTask.run(FutureTask.java:266)
	at java.util.concurrent.ThreadPoolExecutor.runWorker(ThreadPoolExecutor.java:1149)
	at java.util.concurrent.ThreadPoolExecutor$Worker.run(ThreadPoolExecutor.java:624)
	... 1 more
Caused by: org.apache.ratis.thirdparty.io.netty.channel.AbstractChannel$AnnotatedConnectException: Connection refused: /192.168.151.82:44652
	at sun.nio.ch.SocketChannelImpl.checkConnect(Native Method)
	at sun.nio.ch.SocketChannelImpl.finishConnect(SocketChannelImpl.java:717)
	at org.apache.ratis.thirdparty.io.netty.channel.socket.nio.NioSocketChannel.doFinishConnect(NioSocketChannel.java:327)
	at org.apache.ratis.thirdparty.io.netty.channel.nio.AbstractNioChannel$AbstractNioUnsafe.finishConnect(AbstractNioChannel.java:340)
	at org.apache.ratis.thirdparty.io.netty.channel.nio.NioEventLoop.processSelectedKey(NioEventLoop.java:632)
	at org.apache.ratis.thirdparty.io.netty.channel.nio.NioEventLoop.processSelectedKeysOptimized(NioEventLoop.java:579)
	at org.apache.ratis.thirdparty.io.netty.channel.nio.NioEventLoop.processSelectedKeys(NioEventLoop.java:496)
	at org.apache.ratis.thirdparty.io.netty.channel.nio.NioEventLoop.run(NioEventLoop.java:458)
	at org.apache.ratis.thirdparty.io.netty.util.concurrent.SingleThreadEventExecutor$5.run(SingleThreadEventExecutor.java:897)
	at org.apache.ratis.thirdparty.io.netty.util.concurrent.FastThreadLocalRunnable.run(FastThreadLocalRunnable.java:30)
	... 1 more
Caused by: java.net.ConnectException: Connection refused
	... 11 more
2019-09-28 01:20:01,803 [482bab89-bbed-45e7-a2a4-226291146823@group-28E788FD6B37:LeaderElection100] INFO  impl.RaftServerImpl (RaftServerImpl.java:setRole(174)) - 482bab89-bbed-45e7-a2a4-226291146823@group-28E788FD6B37: changes role from CANDIDATE to FOLLOWER at term 7 for DISCOVERED_A_NEW_TERM
2019-09-28 01:20:01,804 [482bab89-bbed-45e7-a2a4-226291146823@group-28E788FD6B37:LeaderElection100] INFO  impl.RoleInfo (RoleInfo.java:shutdownLeaderElection(134)) - 482bab89-bbed-45e7-a2a4-226291146823: shutdown LeaderElection
2019-09-28 01:20:01,804 [482bab89-bbed-45e7-a2a4-226291146823@group-28E788FD6B37:LeaderElection100] INFO  impl.RoleInfo (RoleInfo.java:updateAndGet(143)) - 482bab89-bbed-45e7-a2a4-226291146823: start FollowerState
2019-09-28 01:20:02,021 [Thread-4216] INFO  impl.FollowerState (FollowerState.java:run(106)) - b37755ce-c4af-4380-b35a-3b0325863f58:group-393F5BFE9DF9 changes to CANDIDATE, lastRpcTime:1848, electionTimeout:1064ms
2019-09-28 01:20:02,021 [Thread-4216] INFO  impl.RoleInfo (RoleInfo.java:shutdownFollowerState(121)) - b37755ce-c4af-4380-b35a-3b0325863f58: shutdown FollowerState
2019-09-28 01:20:02,021 [Thread-4216] INFO  impl.RaftServerImpl (RaftServerImpl.java:setRole(174)) - b37755ce-c4af-4380-b35a-3b0325863f58@group-393F5BFE9DF9: changes role from  FOLLOWER to CANDIDATE at term 1 for changeToCandidate
2019-09-28 01:20:02,021 [Thread-4216] INFO  impl.RoleInfo (RoleInfo.java:updateAndGet(143)) - b37755ce-c4af-4380-b35a-3b0325863f58: start LeaderElection
2019-09-28 01:20:02,022 [b37755ce-c4af-4380-b35a-3b0325863f58@group-393F5BFE9DF9:LeaderElection101] INFO  impl.RaftServerImpl (ServerState.java:setLeader(253)) - b37755ce-c4af-4380-b35a-3b0325863f58@group-393F5BFE9DF9: change Leader from 5a7443cd-0ba8-4045-a615-ca9d87f0fd78 to null at term 1 for initElection
2019-09-28 01:20:02,034 [b37755ce-c4af-4380-b35a-3b0325863f58@group-393F5BFE9DF9:LeaderElection101] INFO  impl.LeaderElection (LeaderElection.java:askForVotes(182)) - b37755ce-c4af-4380-b35a-3b0325863f58@group-393F5BFE9DF9:LeaderElection101: begin an election at term 2 for 0: [5a7443cd-0ba8-4045-a615-ca9d87f0fd78:192.168.151.82:45593, b37755ce-c4af-4380-b35a-3b0325863f58:192.168.151.82:45195, 14d5cd8c-0256-42d6-a2d7-07541ed6779f:192.168.151.82:40125], old=null
2019-09-28 01:20:02,038 [b37755ce-c4af-4380-b35a-3b0325863f58@group-393F5BFE9DF9:LeaderElection101] INFO  impl.LeaderElection (LogUtils.java:infoOrTrace(149)) - b37755ce-c4af-4380-b35a-3b0325863f58@group-393F5BFE9DF9:LeaderElection101 got exception when requesting votes: {}
java.util.concurrent.ExecutionException: org.apache.ratis.thirdparty.io.grpc.StatusRuntimeException: UNAVAILABLE: io exception
	at java.util.concurrent.FutureTask.report(FutureTask.java:122)
	at java.util.concurrent.FutureTask.get(FutureTask.java:192)
	at org.apache.ratis.server.impl.LeaderElection.waitForResults(LeaderElection.java:263)
	at org.apache.ratis.server.impl.LeaderElection.askForVotes(LeaderElection.java:201)
	at org.apache.ratis.server.impl.LeaderElection.run(LeaderElection.java:133)
	at java.lang.Thread.run(Thread.java:748)
Caused by: org.apache.ratis.thirdparty.io.grpc.StatusRuntimeException: UNAVAILABLE: io exception
	at org.apache.ratis.thirdparty.io.grpc.stub.ClientCalls.toStatusRuntimeException(ClientCalls.java:233)
	at org.apache.ratis.thirdparty.io.grpc.stub.ClientCalls.getUnchecked(ClientCalls.java:214)
	at org.apache.ratis.thirdparty.io.grpc.stub.ClientCalls.blockingUnaryCall(ClientCalls.java:139)
	at org.apache.ratis.proto.grpc.RaftServerProtocolServiceGrpc$RaftServerProtocolServiceBlockingStub.requestVote(RaftServerProtocolServiceGrpc.java:265)
	at org.apache.ratis.grpc.server.GrpcServerProtocolClient.requestVote(GrpcServerProtocolClient.java:90)
	at org.apache.ratis.grpc.server.GrpcService.requestVote(GrpcService.java:204)
	at org.apache.ratis.server.impl.LeaderElection.lambda$submitRequests$1(LeaderElection.java:238)
	at java.util.concurrent.FutureTask.run(FutureTask.java:266)
	at java.util.concurrent.Executors$RunnableAdapter.call(Executors.java:511)
	at java.util.concurrent.FutureTask.run(FutureTask.java:266)
	at java.util.concurrent.ThreadPoolExecutor.runWorker(ThreadPoolExecutor.java:1149)
	at java.util.concurrent.ThreadPoolExecutor$Worker.run(ThreadPoolExecutor.java:624)
	... 1 more
Caused by: org.apache.ratis.thirdparty.io.netty.channel.AbstractChannel$AnnotatedConnectException: Connection refused: /192.168.151.82:45593
	at sun.nio.ch.SocketChannelImpl.checkConnect(Native Method)
	at sun.nio.ch.SocketChannelImpl.finishConnect(SocketChannelImpl.java:717)
	at org.apache.ratis.thirdparty.io.netty.channel.socket.nio.NioSocketChannel.doFinishConnect(NioSocketChannel.java:327)
	at org.apache.ratis.thirdparty.io.netty.channel.nio.AbstractNioChannel$AbstractNioUnsafe.finishConnect(AbstractNioChannel.java:340)
	at org.apache.ratis.thirdparty.io.netty.channel.nio.NioEventLoop.processSelectedKey(NioEventLoop.java:632)
	at org.apache.ratis.thirdparty.io.netty.channel.nio.NioEventLoop.processSelectedKeysOptimized(NioEventLoop.java:579)
	at org.apache.ratis.thirdparty.io.netty.channel.nio.NioEventLoop.processSelectedKeys(NioEventLoop.java:496)
	at org.apache.ratis.thirdparty.io.netty.channel.nio.NioEventLoop.run(NioEventLoop.java:458)
	at org.apache.ratis.thirdparty.io.netty.util.concurrent.SingleThreadEventExecutor$5.run(SingleThreadEventExecutor.java:897)
	at org.apache.ratis.thirdparty.io.netty.util.concurrent.FastThreadLocalRunnable.run(FastThreadLocalRunnable.java:30)
	... 1 more
Caused by: java.net.ConnectException: Connection refused
	... 11 more
2019-09-28 01:20:02,039 [b37755ce-c4af-4380-b35a-3b0325863f58@group-393F5BFE9DF9:LeaderElection101] INFO  impl.LeaderElection (LogUtils.java:infoOrTrace(149)) - b37755ce-c4af-4380-b35a-3b0325863f58@group-393F5BFE9DF9:LeaderElection101 got exception when requesting votes: {}
java.util.concurrent.ExecutionException: org.apache.ratis.thirdparty.io.grpc.StatusRuntimeException: UNAVAILABLE: io exception
	at java.util.concurrent.FutureTask.report(FutureTask.java:122)
	at java.util.concurrent.FutureTask.get(FutureTask.java:192)
	at org.apache.ratis.server.impl.LeaderElection.waitForResults(LeaderElection.java:263)
	at org.apache.ratis.server.impl.LeaderElection.askForVotes(LeaderElection.java:201)
	at org.apache.ratis.server.impl.LeaderElection.run(LeaderElection.java:133)
	at java.lang.Thread.run(Thread.java:748)
Caused by: org.apache.ratis.thirdparty.io.grpc.StatusRuntimeException: UNAVAILABLE: io exception
	at org.apache.ratis.thirdparty.io.grpc.stub.ClientCalls.toStatusRuntimeException(ClientCalls.java:233)
	at org.apache.ratis.thirdparty.io.grpc.stub.ClientCalls.getUnchecked(ClientCalls.java:214)
	at org.apache.ratis.thirdparty.io.grpc.stub.ClientCalls.blockingUnaryCall(ClientCalls.java:139)
	at org.apache.ratis.proto.grpc.RaftServerProtocolServiceGrpc$RaftServerProtocolServiceBlockingStub.requestVote(RaftServerProtocolServiceGrpc.java:265)
	at org.apache.ratis.grpc.server.GrpcServerProtocolClient.requestVote(GrpcServerProtocolClient.java:90)
	at org.apache.ratis.grpc.server.GrpcService.requestVote(GrpcService.java:204)
	at org.apache.ratis.server.impl.LeaderElection.lambda$submitRequests$1(LeaderElection.java:238)
	at java.util.concurrent.FutureTask.run(FutureTask.java:266)
	at java.util.concurrent.Executors$RunnableAdapter.call(Executors.java:511)
	at java.util.concurrent.FutureTask.run(FutureTask.java:266)
	at java.util.concurrent.ThreadPoolExecutor.runWorker(ThreadPoolExecutor.java:1149)
	at java.util.concurrent.ThreadPoolExecutor$Worker.run(ThreadPoolExecutor.java:624)
	... 1 more
Caused by: org.apache.ratis.thirdparty.io.netty.channel.AbstractChannel$AnnotatedConnectException: Connection refused: /192.168.151.82:40125
	at sun.nio.ch.SocketChannelImpl.checkConnect(Native Method)
	at sun.nio.ch.SocketChannelImpl.finishConnect(SocketChannelImpl.java:717)
	at org.apache.ratis.thirdparty.io.netty.channel.socket.nio.NioSocketChannel.doFinishConnect(NioSocketChannel.java:327)
	at org.apache.ratis.thirdparty.io.netty.channel.nio.AbstractNioChannel$AbstractNioUnsafe.finishConnect(AbstractNioChannel.java:340)
	at org.apache.ratis.thirdparty.io.netty.channel.nio.NioEventLoop.processSelectedKey(NioEventLoop.java:632)
	at org.apache.ratis.thirdparty.io.netty.channel.nio.NioEventLoop.processSelectedKeysOptimized(NioEventLoop.java:579)
	at org.apache.ratis.thirdparty.io.netty.channel.nio.NioEventLoop.processSelectedKeys(NioEventLoop.java:496)
	at org.apache.ratis.thirdparty.io.netty.channel.nio.NioEventLoop.run(NioEventLoop.java:458)
	at org.apache.ratis.thirdparty.io.netty.util.concurrent.SingleThreadEventExecutor$5.run(SingleThreadEventExecutor.java:897)
	at org.apache.ratis.thirdparty.io.netty.util.concurrent.FastThreadLocalRunnable.run(FastThreadLocalRunnable.java:30)
	... 1 more
Caused by: java.net.ConnectException: Connection refused
	... 11 more
2019-09-28 01:20:02,040 [b37755ce-c4af-4380-b35a-3b0325863f58@group-393F5BFE9DF9:LeaderElection101] INFO  impl.LeaderElection (LeaderElection.java:logAndReturn(56)) - b37755ce-c4af-4380-b35a-3b0325863f58@group-393F5BFE9DF9:LeaderElection101: Election REJECTED; received 0 response(s) [] and 2 exception(s); b37755ce-c4af-4380-b35a-3b0325863f58@group-393F5BFE9DF9:t2, leader=null, voted=b37755ce-c4af-4380-b35a-3b0325863f58, raftlog=b37755ce-c4af-4380-b35a-3b0325863f58@group-393F5BFE9DF9-SegmentedRaftLog:OPENED:c0,f0,i0, conf=0: [5a7443cd-0ba8-4045-a615-ca9d87f0fd78:192.168.151.82:45593, b37755ce-c4af-4380-b35a-3b0325863f58:192.168.151.82:45195, 14d5cd8c-0256-42d6-a2d7-07541ed6779f:192.168.151.82:40125], old=null
2019-09-28 01:20:02,040 [b37755ce-c4af-4380-b35a-3b0325863f58@group-393F5BFE9DF9:LeaderElection101] INFO  impl.LeaderElection (LogUtils.java:infoOrTrace(149)) -   Exception 0: {}
java.util.concurrent.ExecutionException: org.apache.ratis.thirdparty.io.grpc.StatusRuntimeException: UNAVAILABLE: io exception
	at java.util.concurrent.FutureTask.report(FutureTask.java:122)
	at java.util.concurrent.FutureTask.get(FutureTask.java:192)
	at org.apache.ratis.server.impl.LeaderElection.waitForResults(LeaderElection.java:263)
	at org.apache.ratis.server.impl.LeaderElection.askForVotes(LeaderElection.java:201)
	at org.apache.ratis.server.impl.LeaderElection.run(LeaderElection.java:133)
	at java.lang.Thread.run(Thread.java:748)
Caused by: org.apache.ratis.thirdparty.io.grpc.StatusRuntimeException: UNAVAILABLE: io exception
	at org.apache.ratis.thirdparty.io.grpc.stub.ClientCalls.toStatusRuntimeException(ClientCalls.java:233)
	at org.apache.ratis.thirdparty.io.grpc.stub.ClientCalls.getUnchecked(ClientCalls.java:214)
	at org.apache.ratis.thirdparty.io.grpc.stub.ClientCalls.blockingUnaryCall(ClientCalls.java:139)
	at org.apache.ratis.proto.grpc.RaftServerProtocolServiceGrpc$RaftServerProtocolServiceBlockingStub.requestVote(RaftServerProtocolServiceGrpc.java:265)
	at org.apache.ratis.grpc.server.GrpcServerProtocolClient.requestVote(GrpcServerProtocolClient.java:90)
	at org.apache.ratis.grpc.server.GrpcService.requestVote(GrpcService.java:204)
	at org.apache.ratis.server.impl.LeaderElection.lambda$submitRequests$1(LeaderElection.java:238)
	at java.util.concurrent.FutureTask.run(FutureTask.java:266)
	at java.util.concurrent.Executors$RunnableAdapter.call(Executors.java:511)
	at java.util.concurrent.FutureTask.run(FutureTask.java:266)
	at java.util.concurrent.ThreadPoolExecutor.runWorker(ThreadPoolExecutor.java:1149)
	at java.util.concurrent.ThreadPoolExecutor$Worker.run(ThreadPoolExecutor.java:624)
	... 1 more
Caused by: org.apache.ratis.thirdparty.io.netty.channel.AbstractChannel$AnnotatedConnectException: Connection refused: /192.168.151.82:45593
	at sun.nio.ch.SocketChannelImpl.checkConnect(Native Method)
	at sun.nio.ch.SocketChannelImpl.finishConnect(SocketChannelImpl.java:717)
	at org.apache.ratis.thirdparty.io.netty.channel.socket.nio.NioSocketChannel.doFinishConnect(NioSocketChannel.java:327)
	at org.apache.ratis.thirdparty.io.netty.channel.nio.AbstractNioChannel$AbstractNioUnsafe.finishConnect(AbstractNioChannel.java:340)
	at org.apache.ratis.thirdparty.io.netty.channel.nio.NioEventLoop.processSelectedKey(NioEventLoop.java:632)
	at org.apache.ratis.thirdparty.io.netty.channel.nio.NioEventLoop.processSelectedKeysOptimized(NioEventLoop.java:579)
	at org.apache.ratis.thirdparty.io.netty.channel.nio.NioEventLoop.processSelectedKeys(NioEventLoop.java:496)
	at org.apache.ratis.thirdparty.io.netty.channel.nio.NioEventLoop.run(NioEventLoop.java:458)
	at org.apache.ratis.thirdparty.io.netty.util.concurrent.SingleThreadEventExecutor$5.run(SingleThreadEventExecutor.java:897)
	at org.apache.ratis.thirdparty.io.netty.util.concurrent.FastThreadLocalRunnable.run(FastThreadLocalRunnable.java:30)
	... 1 more
Caused by: java.net.ConnectException: Connection refused
	... 11 more
2019-09-28 01:20:02,040 [b37755ce-c4af-4380-b35a-3b0325863f58@group-393F5BFE9DF9:LeaderElection101] INFO  impl.LeaderElection (LogUtils.java:infoOrTrace(149)) -   Exception 1: {}
java.util.concurrent.ExecutionException: org.apache.ratis.thirdparty.io.grpc.StatusRuntimeException: UNAVAILABLE: io exception
	at java.util.concurrent.FutureTask.report(FutureTask.java:122)
	at java.util.concurrent.FutureTask.get(FutureTask.java:192)
	at org.apache.ratis.server.impl.LeaderElection.waitForResults(LeaderElection.java:263)
	at org.apache.ratis.server.impl.LeaderElection.askForVotes(LeaderElection.java:201)
	at org.apache.ratis.server.impl.LeaderElection.run(LeaderElection.java:133)
	at java.lang.Thread.run(Thread.java:748)
Caused by: org.apache.ratis.thirdparty.io.grpc.StatusRuntimeException: UNAVAILABLE: io exception
	at org.apache.ratis.thirdparty.io.grpc.stub.ClientCalls.toStatusRuntimeException(ClientCalls.java:233)
	at org.apache.ratis.thirdparty.io.grpc.stub.ClientCalls.getUnchecked(ClientCalls.java:214)
	at org.apache.ratis.thirdparty.io.grpc.stub.ClientCalls.blockingUnaryCall(ClientCalls.java:139)
	at org.apache.ratis.proto.grpc.RaftServerProtocolServiceGrpc$RaftServerProtocolServiceBlockingStub.requestVote(RaftServerProtocolServiceGrpc.java:265)
	at org.apache.ratis.grpc.server.GrpcServerProtocolClient.requestVote(GrpcServerProtocolClient.java:90)
	at org.apache.ratis.grpc.server.GrpcService.requestVote(GrpcService.java:204)
	at org.apache.ratis.server.impl.LeaderElection.lambda$submitRequests$1(LeaderElection.java:238)
	at java.util.concurrent.FutureTask.run(FutureTask.java:266)
	at java.util.concurrent.Executors$RunnableAdapter.call(Executors.java:511)
	at java.util.concurrent.FutureTask.run(FutureTask.java:266)
	at java.util.concurrent.ThreadPoolExecutor.runWorker(ThreadPoolExecutor.java:1149)
	at java.util.concurrent.ThreadPoolExecutor$Worker.run(ThreadPoolExecutor.java:624)
	... 1 more
Caused by: org.apache.ratis.thirdparty.io.netty.channel.AbstractChannel$AnnotatedConnectException: Connection refused: /192.168.151.82:40125
	at sun.nio.ch.SocketChannelImpl.checkConnect(Native Method)
	at sun.nio.ch.SocketChannelImpl.finishConnect(SocketChannelImpl.java:717)
	at org.apache.ratis.thirdparty.io.netty.channel.socket.nio.NioSocketChannel.doFinishConnect(NioSocketChannel.java:327)
	at org.apache.ratis.thirdparty.io.netty.channel.nio.AbstractNioChannel$AbstractNioUnsafe.finishConnect(AbstractNioChannel.java:340)
	at org.apache.ratis.thirdparty.io.netty.channel.nio.NioEventLoop.processSelectedKey(NioEventLoop.java:632)
	at org.apache.ratis.thirdparty.io.netty.channel.nio.NioEventLoop.processSelectedKeysOptimized(NioEventLoop.java:579)
	at org.apache.ratis.thirdparty.io.netty.channel.nio.NioEventLoop.processSelectedKeys(NioEventLoop.java:496)
	at org.apache.ratis.thirdparty.io.netty.channel.nio.NioEventLoop.run(NioEventLoop.java:458)
	at org.apache.ratis.thirdparty.io.netty.util.concurrent.SingleThreadEventExecutor$5.run(SingleThreadEventExecutor.java:897)
	at org.apache.ratis.thirdparty.io.netty.util.concurrent.FastThreadLocalRunnable.run(FastThreadLocalRunnable.java:30)
	... 1 more
Caused by: java.net.ConnectException: Connection refused
	... 11 more
2019-09-28 01:20:02,041 [b37755ce-c4af-4380-b35a-3b0325863f58@group-393F5BFE9DF9:LeaderElection101] INFO  impl.RaftServerImpl (RaftServerImpl.java:setRole(174)) - b37755ce-c4af-4380-b35a-3b0325863f58@group-393F5BFE9DF9: changes role from CANDIDATE to FOLLOWER at term 2 for DISCOVERED_A_NEW_TERM
2019-09-28 01:20:02,041 [b37755ce-c4af-4380-b35a-3b0325863f58@group-393F5BFE9DF9:LeaderElection101] INFO  impl.RoleInfo (RoleInfo.java:shutdownLeaderElection(134)) - b37755ce-c4af-4380-b35a-3b0325863f58: shutdown LeaderElection
2019-09-28 01:20:02,041 [b37755ce-c4af-4380-b35a-3b0325863f58@group-393F5BFE9DF9:LeaderElection101] INFO  impl.RoleInfo (RoleInfo.java:updateAndGet(143)) - b37755ce-c4af-4380-b35a-3b0325863f58: start FollowerState
2019-09-28 01:20:02,889 [Thread-5815] INFO  impl.FollowerState (FollowerState.java:run(106)) - 482bab89-bbed-45e7-a2a4-226291146823:group-28E788FD6B37 changes to CANDIDATE, lastRpcTime:1085, electionTimeout:1085ms
2019-09-28 01:20:02,889 [Thread-5815] INFO  impl.RoleInfo (RoleInfo.java:shutdownFollowerState(121)) - 482bab89-bbed-45e7-a2a4-226291146823: shutdown FollowerState
2019-09-28 01:20:02,890 [Thread-5815] INFO  impl.RaftServerImpl (RaftServerImpl.java:setRole(174)) - 482bab89-bbed-45e7-a2a4-226291146823@group-28E788FD6B37: changes role from  FOLLOWER to CANDIDATE at term 7 for changeToCandidate
2019-09-28 01:20:02,890 [Thread-5815] INFO  impl.RoleInfo (RoleInfo.java:updateAndGet(143)) - 482bab89-bbed-45e7-a2a4-226291146823: start LeaderElection
2019-09-28 01:20:02,905 [482bab89-bbed-45e7-a2a4-226291146823@group-28E788FD6B37:LeaderElection102] INFO  impl.LeaderElection (LeaderElection.java:askForVotes(182)) - 482bab89-bbed-45e7-a2a4-226291146823@group-28E788FD6B37:LeaderElection102: begin an election at term 8 for 0: [8e564692-438a-4cca-bbaf-5fbe943d4762:192.168.151.82:44652, 37708db1-82ca-49f3-b412-795edcbfeb9a:192.168.151.82:33696, 482bab89-bbed-45e7-a2a4-226291146823:192.168.151.82:43977], old=null
2019-09-28 01:20:02,906 [482bab89-bbed-45e7-a2a4-226291146823@group-28E788FD6B37:LeaderElection102] INFO  impl.LeaderElection (LogUtils.java:infoOrTrace(149)) - 482bab89-bbed-45e7-a2a4-226291146823@group-28E788FD6B37:LeaderElection102 got exception when requesting votes: {}
java.util.concurrent.ExecutionException: org.apache.ratis.thirdparty.io.grpc.StatusRuntimeException: UNAVAILABLE: io exception
	at java.util.concurrent.FutureTask.report(FutureTask.java:122)
	at java.util.concurrent.FutureTask.get(FutureTask.java:192)
	at org.apache.ratis.server.impl.LeaderElection.waitForResults(LeaderElection.java:263)
	at org.apache.ratis.server.impl.LeaderElection.askForVotes(LeaderElection.java:201)
	at org.apache.ratis.server.impl.LeaderElection.run(LeaderElection.java:133)
	at java.lang.Thread.run(Thread.java:748)
Caused by: org.apache.ratis.thirdparty.io.grpc.StatusRuntimeException: UNAVAILABLE: io exception
	at org.apache.ratis.thirdparty.io.grpc.stub.ClientCalls.toStatusRuntimeException(ClientCalls.java:233)
	at org.apache.ratis.thirdparty.io.grpc.stub.ClientCalls.getUnchecked(ClientCalls.java:214)
	at org.apache.ratis.thirdparty.io.grpc.stub.ClientCalls.blockingUnaryCall(ClientCalls.java:139)
	at org.apache.ratis.proto.grpc.RaftServerProtocolServiceGrpc$RaftServerProtocolServiceBlockingStub.requestVote(RaftServerProtocolServiceGrpc.java:265)
	at org.apache.ratis.grpc.server.GrpcServerProtocolClient.requestVote(GrpcServerProtocolClient.java:90)
	at org.apache.ratis.grpc.server.GrpcService.requestVote(GrpcService.java:204)
	at org.apache.ratis.server.impl.LeaderElection.lambda$submitRequests$1(LeaderElection.java:238)
	at java.util.concurrent.FutureTask.run(FutureTask.java:266)
	at java.util.concurrent.Executors$RunnableAdapter.call(Executors.java:511)
	at java.util.concurrent.FutureTask.run(FutureTask.java:266)
	at java.util.concurrent.ThreadPoolExecutor.runWorker(ThreadPoolExecutor.java:1149)
	at java.util.concurrent.ThreadPoolExecutor$Worker.run(ThreadPoolExecutor.java:624)
	... 1 more
Caused by: org.apache.ratis.thirdparty.io.netty.channel.AbstractChannel$AnnotatedConnectException: Connection refused: /192.168.151.82:44652
	at sun.nio.ch.SocketChannelImpl.checkConnect(Native Method)
	at sun.nio.ch.SocketChannelImpl.finishConnect(SocketChannelImpl.java:717)
	at org.apache.ratis.thirdparty.io.netty.channel.socket.nio.NioSocketChannel.doFinishConnect(NioSocketChannel.java:327)
	at org.apache.ratis.thirdparty.io.netty.channel.nio.AbstractNioChannel$AbstractNioUnsafe.finishConnect(AbstractNioChannel.java:340)
	at org.apache.ratis.thirdparty.io.netty.channel.nio.NioEventLoop.processSelectedKey(NioEventLoop.java:632)
	at org.apache.ratis.thirdparty.io.netty.channel.nio.NioEventLoop.processSelectedKeysOptimized(NioEventLoop.java:579)
	at org.apache.ratis.thirdparty.io.netty.channel.nio.NioEventLoop.processSelectedKeys(NioEventLoop.java:496)
	at org.apache.ratis.thirdparty.io.netty.channel.nio.NioEventLoop.run(NioEventLoop.java:458)
	at org.apache.ratis.thirdparty.io.netty.util.concurrent.SingleThreadEventExecutor$5.run(SingleThreadEventExecutor.java:897)
	at org.apache.ratis.thirdparty.io.netty.util.concurrent.FastThreadLocalRunnable.run(FastThreadLocalRunnable.java:30)
	... 1 more
Caused by: java.net.ConnectException: Connection refused
	... 11 more
2019-09-28 01:20:02,907 [482bab89-bbed-45e7-a2a4-226291146823@group-28E788FD6B37:LeaderElection102] INFO  impl.LeaderElection (LogUtils.java:infoOrTrace(149)) - 482bab89-bbed-45e7-a2a4-226291146823@group-28E788FD6B37:LeaderElection102 got exception when requesting votes: {}
java.util.concurrent.ExecutionException: org.apache.ratis.thirdparty.io.grpc.StatusRuntimeException: UNAVAILABLE: io exception
	at java.util.concurrent.FutureTask.report(FutureTask.java:122)
	at java.util.concurrent.FutureTask.get(FutureTask.java:192)
	at org.apache.ratis.server.impl.LeaderElection.waitForResults(LeaderElection.java:263)
	at org.apache.ratis.server.impl.LeaderElection.askForVotes(LeaderElection.java:201)
	at org.apache.ratis.server.impl.LeaderElection.run(LeaderElection.java:133)
	at java.lang.Thread.run(Thread.java:748)
Caused by: org.apache.ratis.thirdparty.io.grpc.StatusRuntimeException: UNAVAILABLE: io exception
	at org.apache.ratis.thirdparty.io.grpc.stub.ClientCalls.toStatusRuntimeException(ClientCalls.java:233)
	at org.apache.ratis.thirdparty.io.grpc.stub.ClientCalls.getUnchecked(ClientCalls.java:214)
	at org.apache.ratis.thirdparty.io.grpc.stub.ClientCalls.blockingUnaryCall(ClientCalls.java:139)
	at org.apache.ratis.proto.grpc.RaftServerProtocolServiceGrpc$RaftServerProtocolServiceBlockingStub.requestVote(RaftServerProtocolServiceGrpc.java:265)
	at org.apache.ratis.grpc.server.GrpcServerProtocolClient.requestVote(GrpcServerProtocolClient.java:90)
	at org.apache.ratis.grpc.server.GrpcService.requestVote(GrpcService.java:204)
	at org.apache.ratis.server.impl.LeaderElection.lambda$submitRequests$1(LeaderElection.java:238)
	at java.util.concurrent.FutureTask.run(FutureTask.java:266)
	at java.util.concurrent.Executors$RunnableAdapter.call(Executors.java:511)
	at java.util.concurrent.FutureTask.run(FutureTask.java:266)
	at java.util.concurrent.ThreadPoolExecutor.runWorker(ThreadPoolExecutor.java:1149)
	at java.util.concurrent.ThreadPoolExecutor$Worker.run(ThreadPoolExecutor.java:624)
	... 1 more
Caused by: org.apache.ratis.thirdparty.io.netty.channel.AbstractChannel$AnnotatedConnectException: Connection refused: /192.168.151.82:33696
	at sun.nio.ch.SocketChannelImpl.checkConnect(Native Method)
	at sun.nio.ch.SocketChannelImpl.finishConnect(SocketChannelImpl.java:717)
	at org.apache.ratis.thirdparty.io.netty.channel.socket.nio.NioSocketChannel.doFinishConnect(NioSocketChannel.java:327)
	at org.apache.ratis.thirdparty.io.netty.channel.nio.AbstractNioChannel$AbstractNioUnsafe.finishConnect(AbstractNioChannel.java:340)
	at org.apache.ratis.thirdparty.io.netty.channel.nio.NioEventLoop.processSelectedKey(NioEventLoop.java:632)
	at org.apache.ratis.thirdparty.io.netty.channel.nio.NioEventLoop.processSelectedKeysOptimized(NioEventLoop.java:579)
	at org.apache.ratis.thirdparty.io.netty.channel.nio.NioEventLoop.processSelectedKeys(NioEventLoop.java:496)
	at org.apache.ratis.thirdparty.io.netty.channel.nio.NioEventLoop.run(NioEventLoop.java:458)
	at org.apache.ratis.thirdparty.io.netty.util.concurrent.SingleThreadEventExecutor$5.run(SingleThreadEventExecutor.java:897)
	at org.apache.ratis.thirdparty.io.netty.util.concurrent.FastThreadLocalRunnable.run(FastThreadLocalRunnable.java:30)
	... 1 more
Caused by: java.net.ConnectException: Connection refused
	... 11 more
2019-09-28 01:20:02,907 [482bab89-bbed-45e7-a2a4-226291146823@group-28E788FD6B37:LeaderElection102] INFO  impl.LeaderElection (LeaderElection.java:logAndReturn(56)) - 482bab89-bbed-45e7-a2a4-226291146823@group-28E788FD6B37:LeaderElection102: Election REJECTED; received 0 response(s) [] and 2 exception(s); 482bab89-bbed-45e7-a2a4-226291146823@group-28E788FD6B37:t8, leader=null, voted=482bab89-bbed-45e7-a2a4-226291146823, raftlog=482bab89-bbed-45e7-a2a4-226291146823@group-28E788FD6B37-SegmentedRaftLog:OPENED:c0,f0,i0, conf=0: [8e564692-438a-4cca-bbaf-5fbe943d4762:192.168.151.82:44652, 37708db1-82ca-49f3-b412-795edcbfeb9a:192.168.151.82:33696, 482bab89-bbed-45e7-a2a4-226291146823:192.168.151.82:43977], old=null
2019-09-28 01:20:02,907 [482bab89-bbed-45e7-a2a4-226291146823@group-28E788FD6B37:LeaderElection102] INFO  impl.LeaderElection (LogUtils.java:infoOrTrace(149)) -   Exception 0: {}
java.util.concurrent.ExecutionException: org.apache.ratis.thirdparty.io.grpc.StatusRuntimeException: UNAVAILABLE: io exception
	at java.util.concurrent.FutureTask.report(FutureTask.java:122)
	at java.util.concurrent.FutureTask.get(FutureTask.java:192)
	at org.apache.ratis.server.impl.LeaderElection.waitForResults(LeaderElection.java:263)
	at org.apache.ratis.server.impl.LeaderElection.askForVotes(LeaderElection.java:201)
	at org.apache.ratis.server.impl.LeaderElection.run(LeaderElection.java:133)
	at java.lang.Thread.run(Thread.java:748)
Caused by: org.apache.ratis.thirdparty.io.grpc.StatusRuntimeException: UNAVAILABLE: io exception
	at org.apache.ratis.thirdparty.io.grpc.stub.ClientCalls.toStatusRuntimeException(ClientCalls.java:233)
	at org.apache.ratis.thirdparty.io.grpc.stub.ClientCalls.getUnchecked(ClientCalls.java:214)
	at org.apache.ratis.thirdparty.io.grpc.stub.ClientCalls.blockingUnaryCall(ClientCalls.java:139)
	at org.apache.ratis.proto.grpc.RaftServerProtocolServiceGrpc$RaftServerProtocolServiceBlockingStub.requestVote(RaftServerProtocolServiceGrpc.java:265)
	at org.apache.ratis.grpc.server.GrpcServerProtocolClient.requestVote(GrpcServerProtocolClient.java:90)
	at org.apache.ratis.grpc.server.GrpcService.requestVote(GrpcService.java:204)
	at org.apache.ratis.server.impl.LeaderElection.lambda$submitRequests$1(LeaderElection.java:238)
	at java.util.concurrent.FutureTask.run(FutureTask.java:266)
	at java.util.concurrent.Executors$RunnableAdapter.call(Executors.java:511)
	at java.util.concurrent.FutureTask.run(FutureTask.java:266)
	at java.util.concurrent.ThreadPoolExecutor.runWorker(ThreadPoolExecutor.java:1149)
	at java.util.concurrent.ThreadPoolExecutor$Worker.run(ThreadPoolExecutor.java:624)
	... 1 more
Caused by: org.apache.ratis.thirdparty.io.netty.channel.AbstractChannel$AnnotatedConnectException: Connection refused: /192.168.151.82:44652
	at sun.nio.ch.SocketChannelImpl.checkConnect(Native Method)
	at sun.nio.ch.SocketChannelImpl.finishConnect(SocketChannelImpl.java:717)
	at org.apache.ratis.thirdparty.io.netty.channel.socket.nio.NioSocketChannel.doFinishConnect(NioSocketChannel.java:327)
	at org.apache.ratis.thirdparty.io.netty.channel.nio.AbstractNioChannel$AbstractNioUnsafe.finishConnect(AbstractNioChannel.java:340)
	at org.apache.ratis.thirdparty.io.netty.channel.nio.NioEventLoop.processSelectedKey(NioEventLoop.java:632)
	at org.apache.ratis.thirdparty.io.netty.channel.nio.NioEventLoop.processSelectedKeysOptimized(NioEventLoop.java:579)
	at org.apache.ratis.thirdparty.io.netty.channel.nio.NioEventLoop.processSelectedKeys(NioEventLoop.java:496)
	at org.apache.ratis.thirdparty.io.netty.channel.nio.NioEventLoop.run(NioEventLoop.java:458)
	at org.apache.ratis.thirdparty.io.netty.util.concurrent.SingleThreadEventExecutor$5.run(SingleThreadEventExecutor.java:897)
	at org.apache.ratis.thirdparty.io.netty.util.concurrent.FastThreadLocalRunnable.run(FastThreadLocalRunnable.java:30)
	... 1 more
Caused by: java.net.ConnectException: Connection refused
	... 11 more
2019-09-28 01:20:02,908 [482bab89-bbed-45e7-a2a4-226291146823@group-28E788FD6B37:LeaderElection102] INFO  impl.LeaderElection (LogUtils.java:infoOrTrace(149)) -   Exception 1: {}
java.util.concurrent.ExecutionException: org.apache.ratis.thirdparty.io.grpc.StatusRuntimeException: UNAVAILABLE: io exception
	at java.util.concurrent.FutureTask.report(FutureTask.java:122)
	at java.util.concurrent.FutureTask.get(FutureTask.java:192)
	at org.apache.ratis.server.impl.LeaderElection.waitForResults(LeaderElection.java:263)
	at org.apache.ratis.server.impl.LeaderElection.askForVotes(LeaderElection.java:201)
	at org.apache.ratis.server.impl.LeaderElection.run(LeaderElection.java:133)
	at java.lang.Thread.run(Thread.java:748)
Caused by: org.apache.ratis.thirdparty.io.grpc.StatusRuntimeException: UNAVAILABLE: io exception
	at org.apache.ratis.thirdparty.io.grpc.stub.ClientCalls.toStatusRuntimeException(ClientCalls.java:233)
	at org.apache.ratis.thirdparty.io.grpc.stub.ClientCalls.getUnchecked(ClientCalls.java:214)
	at org.apache.ratis.thirdparty.io.grpc.stub.ClientCalls.blockingUnaryCall(ClientCalls.java:139)
	at org.apache.ratis.proto.grpc.RaftServerProtocolServiceGrpc$RaftServerProtocolServiceBlockingStub.requestVote(RaftServerProtocolServiceGrpc.java:265)
	at org.apache.ratis.grpc.server.GrpcServerProtocolClient.requestVote(GrpcServerProtocolClient.java:90)
	at org.apache.ratis.grpc.server.GrpcService.requestVote(GrpcService.java:204)
	at org.apache.ratis.server.impl.LeaderElection.lambda$submitRequests$1(LeaderElection.java:238)
	at java.util.concurrent.FutureTask.run(FutureTask.java:266)
	at java.util.concurrent.Executors$RunnableAdapter.call(Executors.java:511)
	at java.util.concurrent.FutureTask.run(FutureTask.java:266)
	at java.util.concurrent.ThreadPoolExecutor.runWorker(ThreadPoolExecutor.java:1149)
	at java.util.concurrent.ThreadPoolExecutor$Worker.run(ThreadPoolExecutor.java:624)
	... 1 more
Caused by: org.apache.ratis.thirdparty.io.netty.channel.AbstractChannel$AnnotatedConnectException: Connection refused: /192.168.151.82:33696
	at sun.nio.ch.SocketChannelImpl.checkConnect(Native Method)
	at sun.nio.ch.SocketChannelImpl.finishConnect(SocketChannelImpl.java:717)
	at org.apache.ratis.thirdparty.io.netty.channel.socket.nio.NioSocketChannel.doFinishConnect(NioSocketChannel.java:327)
	at org.apache.ratis.thirdparty.io.netty.channel.nio.AbstractNioChannel$AbstractNioUnsafe.finishConnect(AbstractNioChannel.java:340)
	at org.apache.ratis.thirdparty.io.netty.channel.nio.NioEventLoop.processSelectedKey(NioEventLoop.java:632)
	at org.apache.ratis.thirdparty.io.netty.channel.nio.NioEventLoop.processSelectedKeysOptimized(NioEventLoop.java:579)
	at org.apache.ratis.thirdparty.io.netty.channel.nio.NioEventLoop.processSelectedKeys(NioEventLoop.java:496)
	at org.apache.ratis.thirdparty.io.netty.channel.nio.NioEventLoop.run(NioEventLoop.java:458)
	at org.apache.ratis.thirdparty.io.netty.util.concurrent.SingleThreadEventExecutor$5.run(SingleThreadEventExecutor.java:897)
	at org.apache.ratis.thirdparty.io.netty.util.concurrent.FastThreadLocalRunnable.run(FastThreadLocalRunnable.java:30)
	... 1 more
Caused by: java.net.ConnectException: Connection refused
	... 11 more
2019-09-28 01:20:02,908 [482bab89-bbed-45e7-a2a4-226291146823@group-28E788FD6B37:LeaderElection102] INFO  impl.RaftServerImpl (RaftServerImpl.java:setRole(174)) - 482bab89-bbed-45e7-a2a4-226291146823@group-28E788FD6B37: changes role from CANDIDATE to FOLLOWER at term 8 for DISCOVERED_A_NEW_TERM
2019-09-28 01:20:02,908 [482bab89-bbed-45e7-a2a4-226291146823@group-28E788FD6B37:LeaderElection102] INFO  impl.RoleInfo (RoleInfo.java:shutdownLeaderElection(134)) - 482bab89-bbed-45e7-a2a4-226291146823: shutdown LeaderElection
2019-09-28 01:20:02,909 [482bab89-bbed-45e7-a2a4-226291146823@group-28E788FD6B37:LeaderElection102] INFO  impl.RoleInfo (RoleInfo.java:updateAndGet(143)) - 482bab89-bbed-45e7-a2a4-226291146823: start FollowerState
2019-09-28 01:20:03,223 [Thread-5819] INFO  impl.FollowerState (FollowerState.java:run(106)) - b37755ce-c4af-4380-b35a-3b0325863f58:group-393F5BFE9DF9 changes to CANDIDATE, lastRpcTime:1181, electionTimeout:1181ms
2019-09-28 01:20:03,224 [Thread-5819] INFO  impl.RoleInfo (RoleInfo.java:shutdownFollowerState(121)) - b37755ce-c4af-4380-b35a-3b0325863f58: shutdown FollowerState
2019-09-28 01:20:03,224 [Thread-5819] INFO  impl.RaftServerImpl (RaftServerImpl.java:setRole(174)) - b37755ce-c4af-4380-b35a-3b0325863f58@group-393F5BFE9DF9: changes role from  FOLLOWER to CANDIDATE at term 2 for changeToCandidate
2019-09-28 01:20:03,224 [Thread-5819] INFO  impl.RoleInfo (RoleInfo.java:updateAndGet(143)) - b37755ce-c4af-4380-b35a-3b0325863f58: start LeaderElection
2019-09-28 01:20:03,239 [b37755ce-c4af-4380-b35a-3b0325863f58@group-393F5BFE9DF9:LeaderElection103] INFO  impl.LeaderElection (LeaderElection.java:askForVotes(182)) - b37755ce-c4af-4380-b35a-3b0325863f58@group-393F5BFE9DF9:LeaderElection103: begin an election at term 3 for 0: [5a7443cd-0ba8-4045-a615-ca9d87f0fd78:192.168.151.82:45593, b37755ce-c4af-4380-b35a-3b0325863f58:192.168.151.82:45195, 14d5cd8c-0256-42d6-a2d7-07541ed6779f:192.168.151.82:40125], old=null
2019-09-28 01:20:03,240 [b37755ce-c4af-4380-b35a-3b0325863f58@group-393F5BFE9DF9:LeaderElection103] INFO  impl.LeaderElection (LogUtils.java:infoOrTrace(149)) - b37755ce-c4af-4380-b35a-3b0325863f58@group-393F5BFE9DF9:LeaderElection103 got exception when requesting votes: {}
java.util.concurrent.ExecutionException: org.apache.ratis.thirdparty.io.grpc.StatusRuntimeException: UNAVAILABLE: io exception
	at java.util.concurrent.FutureTask.report(FutureTask.java:122)
	at java.util.concurrent.FutureTask.get(FutureTask.java:192)
	at org.apache.ratis.server.impl.LeaderElection.waitForResults(LeaderElection.java:263)
	at org.apache.ratis.server.impl.LeaderElection.askForVotes(LeaderElection.java:201)
	at org.apache.ratis.server.impl.LeaderElection.run(LeaderElection.java:133)
	at java.lang.Thread.run(Thread.java:748)
Caused by: org.apache.ratis.thirdparty.io.grpc.StatusRuntimeException: UNAVAILABLE: io exception
	at org.apache.ratis.thirdparty.io.grpc.stub.ClientCalls.toStatusRuntimeException(ClientCalls.java:233)
	at org.apache.ratis.thirdparty.io.grpc.stub.ClientCalls.getUnchecked(ClientCalls.java:214)
	at org.apache.ratis.thirdparty.io.grpc.stub.ClientCalls.blockingUnaryCall(ClientCalls.java:139)
	at org.apache.ratis.proto.grpc.RaftServerProtocolServiceGrpc$RaftServerProtocolServiceBlockingStub.requestVote(RaftServerProtocolServiceGrpc.java:265)
	at org.apache.ratis.grpc.server.GrpcServerProtocolClient.requestVote(GrpcServerProtocolClient.java:90)
	at org.apache.ratis.grpc.server.GrpcService.requestVote(GrpcService.java:204)
	at org.apache.ratis.server.impl.LeaderElection.lambda$submitRequests$1(LeaderElection.java:238)
	at java.util.concurrent.FutureTask.run(FutureTask.java:266)
	at java.util.concurrent.Executors$RunnableAdapter.call(Executors.java:511)
	at java.util.concurrent.FutureTask.run(FutureTask.java:266)
	at java.util.concurrent.ThreadPoolExecutor.runWorker(ThreadPoolExecutor.java:1149)
	at java.util.concurrent.ThreadPoolExecutor$Worker.run(ThreadPoolExecutor.java:624)
	... 1 more
Caused by: org.apache.ratis.thirdparty.io.netty.channel.AbstractChannel$AnnotatedConnectException: Connection refused: /192.168.151.82:45593
	at sun.nio.ch.SocketChannelImpl.checkConnect(Native Method)
	at sun.nio.ch.SocketChannelImpl.finishConnect(SocketChannelImpl.java:717)
	at org.apache.ratis.thirdparty.io.netty.channel.socket.nio.NioSocketChannel.doFinishConnect(NioSocketChannel.java:327)
	at org.apache.ratis.thirdparty.io.netty.channel.nio.AbstractNioChannel$AbstractNioUnsafe.finishConnect(AbstractNioChannel.java:340)
	at org.apache.ratis.thirdparty.io.netty.channel.nio.NioEventLoop.processSelectedKey(NioEventLoop.java:632)
	at org.apache.ratis.thirdparty.io.netty.channel.nio.NioEventLoop.processSelectedKeysOptimized(NioEventLoop.java:579)
	at org.apache.ratis.thirdparty.io.netty.channel.nio.NioEventLoop.processSelectedKeys(NioEventLoop.java:496)
	at org.apache.ratis.thirdparty.io.netty.channel.nio.NioEventLoop.run(NioEventLoop.java:458)
	at org.apache.ratis.thirdparty.io.netty.util.concurrent.SingleThreadEventExecutor$5.run(SingleThreadEventExecutor.java:897)
	at org.apache.ratis.thirdparty.io.netty.util.concurrent.FastThreadLocalRunnable.run(FastThreadLocalRunnable.java:30)
	... 1 more
Caused by: java.net.ConnectException: Connection refused
	... 11 more
2019-09-28 01:20:03,241 [b37755ce-c4af-4380-b35a-3b0325863f58@group-393F5BFE9DF9:LeaderElection103] INFO  impl.LeaderElection (LogUtils.java:infoOrTrace(149)) - b37755ce-c4af-4380-b35a-3b0325863f58@group-393F5BFE9DF9:LeaderElection103 got exception when requesting votes: {}
java.util.concurrent.ExecutionException: org.apache.ratis.thirdparty.io.grpc.StatusRuntimeException: UNAVAILABLE: io exception
	at java.util.concurrent.FutureTask.report(FutureTask.java:122)
	at java.util.concurrent.FutureTask.get(FutureTask.java:192)
	at org.apache.ratis.server.impl.LeaderElection.waitForResults(LeaderElection.java:263)
	at org.apache.ratis.server.impl.LeaderElection.askForVotes(LeaderElection.java:201)
	at org.apache.ratis.server.impl.LeaderElection.run(LeaderElection.java:133)
	at java.lang.Thread.run(Thread.java:748)
Caused by: org.apache.ratis.thirdparty.io.grpc.StatusRuntimeException: UNAVAILABLE: io exception
	at org.apache.ratis.thirdparty.io.grpc.stub.ClientCalls.toStatusRuntimeException(ClientCalls.java:233)
	at org.apache.ratis.thirdparty.io.grpc.stub.ClientCalls.getUnchecked(ClientCalls.java:214)
	at org.apache.ratis.thirdparty.io.grpc.stub.ClientCalls.blockingUnaryCall(ClientCalls.java:139)
	at org.apache.ratis.proto.grpc.RaftServerProtocolServiceGrpc$RaftServerProtocolServiceBlockingStub.requestVote(RaftServerProtocolServiceGrpc.java:265)
	at org.apache.ratis.grpc.server.GrpcServerProtocolClient.requestVote(GrpcServerProtocolClient.java:90)
	at org.apache.ratis.grpc.server.GrpcService.requestVote(GrpcService.java:204)
	at org.apache.ratis.server.impl.LeaderElection.lambda$submitRequests$1(LeaderElection.java:238)
	at java.util.concurrent.FutureTask.run(FutureTask.java:266)
	at java.util.concurrent.Executors$RunnableAdapter.call(Executors.java:511)
	at java.util.concurrent.FutureTask.run(FutureTask.java:266)
	at java.util.concurrent.ThreadPoolExecutor.runWorker(ThreadPoolExecutor.java:1149)
	at java.util.concurrent.ThreadPoolExecutor$Worker.run(ThreadPoolExecutor.java:624)
	... 1 more
Caused by: org.apache.ratis.thirdparty.io.netty.channel.AbstractChannel$AnnotatedConnectException: Connection refused: /192.168.151.82:40125
	at sun.nio.ch.SocketChannelImpl.checkConnect(Native Method)
	at sun.nio.ch.SocketChannelImpl.finishConnect(SocketChannelImpl.java:717)
	at org.apache.ratis.thirdparty.io.netty.channel.socket.nio.NioSocketChannel.doFinishConnect(NioSocketChannel.java:327)
	at org.apache.ratis.thirdparty.io.netty.channel.nio.AbstractNioChannel$AbstractNioUnsafe.finishConnect(AbstractNioChannel.java:340)
	at org.apache.ratis.thirdparty.io.netty.channel.nio.NioEventLoop.processSelectedKey(NioEventLoop.java:632)
	at org.apache.ratis.thirdparty.io.netty.channel.nio.NioEventLoop.processSelectedKeysOptimized(NioEventLoop.java:579)
	at org.apache.ratis.thirdparty.io.netty.channel.nio.NioEventLoop.processSelectedKeys(NioEventLoop.java:496)
	at org.apache.ratis.thirdparty.io.netty.channel.nio.NioEventLoop.run(NioEventLoop.java:458)
	at org.apache.ratis.thirdparty.io.netty.util.concurrent.SingleThreadEventExecutor$5.run(SingleThreadEventExecutor.java:897)
	at org.apache.ratis.thirdparty.io.netty.util.concurrent.FastThreadLocalRunnable.run(FastThreadLocalRunnable.java:30)
	... 1 more
Caused by: java.net.ConnectException: Connection refused
	... 11 more
2019-09-28 01:20:03,241 [b37755ce-c4af-4380-b35a-3b0325863f58@group-393F5BFE9DF9:LeaderElection103] INFO  impl.LeaderElection (LeaderElection.java:logAndReturn(56)) - b37755ce-c4af-4380-b35a-3b0325863f58@group-393F5BFE9DF9:LeaderElection103: Election REJECTED; received 0 response(s) [] and 2 exception(s); b37755ce-c4af-4380-b35a-3b0325863f58@group-393F5BFE9DF9:t3, leader=null, voted=b37755ce-c4af-4380-b35a-3b0325863f58, raftlog=b37755ce-c4af-4380-b35a-3b0325863f58@group-393F5BFE9DF9-SegmentedRaftLog:OPENED:c0,f0,i0, conf=0: [5a7443cd-0ba8-4045-a615-ca9d87f0fd78:192.168.151.82:45593, b37755ce-c4af-4380-b35a-3b0325863f58:192.168.151.82:45195, 14d5cd8c-0256-42d6-a2d7-07541ed6779f:192.168.151.82:40125], old=null
2019-09-28 01:20:03,241 [b37755ce-c4af-4380-b35a-3b0325863f58@group-393F5BFE9DF9:LeaderElection103] INFO  impl.LeaderElection (LogUtils.java:infoOrTrace(149)) -   Exception 0: {}
java.util.concurrent.ExecutionException: org.apache.ratis.thirdparty.io.grpc.StatusRuntimeException: UNAVAILABLE: io exception
	at java.util.concurrent.FutureTask.report(FutureTask.java:122)
	at java.util.concurrent.FutureTask.get(FutureTask.java:192)
	at org.apache.ratis.server.impl.LeaderElection.waitForResults(LeaderElection.java:263)
	at org.apache.ratis.server.impl.LeaderElection.askForVotes(LeaderElection.java:201)
	at org.apache.ratis.server.impl.LeaderElection.run(LeaderElection.java:133)
	at java.lang.Thread.run(Thread.java:748)
Caused by: org.apache.ratis.thirdparty.io.grpc.StatusRuntimeException: UNAVAILABLE: io exception
	at org.apache.ratis.thirdparty.io.grpc.stub.ClientCalls.toStatusRuntimeException(ClientCalls.java:233)
	at org.apache.ratis.thirdparty.io.grpc.stub.ClientCalls.getUnchecked(ClientCalls.java:214)
	at org.apache.ratis.thirdparty.io.grpc.stub.ClientCalls.blockingUnaryCall(ClientCalls.java:139)
	at org.apache.ratis.proto.grpc.RaftServerProtocolServiceGrpc$RaftServerProtocolServiceBlockingStub.requestVote(RaftServerProtocolServiceGrpc.java:265)
	at org.apache.ratis.grpc.server.GrpcServerProtocolClient.requestVote(GrpcServerProtocolClient.java:90)
	at org.apache.ratis.grpc.server.GrpcService.requestVote(GrpcService.java:204)
	at org.apache.ratis.server.impl.LeaderElection.lambda$submitRequests$1(LeaderElection.java:238)
	at java.util.concurrent.FutureTask.run(FutureTask.java:266)
	at java.util.concurrent.Executors$RunnableAdapter.call(Executors.java:511)
	at java.util.concurrent.FutureTask.run(FutureTask.java:266)
	at java.util.concurrent.ThreadPoolExecutor.runWorker(ThreadPoolExecutor.java:1149)
	at java.util.concurrent.ThreadPoolExecutor$Worker.run(ThreadPoolExecutor.java:624)
	... 1 more
Caused by: org.apache.ratis.thirdparty.io.netty.channel.AbstractChannel$AnnotatedConnectException: Connection refused: /192.168.151.82:45593
	at sun.nio.ch.SocketChannelImpl.checkConnect(Native Method)
	at sun.nio.ch.SocketChannelImpl.finishConnect(SocketChannelImpl.java:717)
	at org.apache.ratis.thirdparty.io.netty.channel.socket.nio.NioSocketChannel.doFinishConnect(NioSocketChannel.java:327)
	at org.apache.ratis.thirdparty.io.netty.channel.nio.AbstractNioChannel$AbstractNioUnsafe.finishConnect(AbstractNioChannel.java:340)
	at org.apache.ratis.thirdparty.io.netty.channel.nio.NioEventLoop.processSelectedKey(NioEventLoop.java:632)
	at org.apache.ratis.thirdparty.io.netty.channel.nio.NioEventLoop.processSelectedKeysOptimized(NioEventLoop.java:579)
	at org.apache.ratis.thirdparty.io.netty.channel.nio.NioEventLoop.processSelectedKeys(NioEventLoop.java:496)
	at org.apache.ratis.thirdparty.io.netty.channel.nio.NioEventLoop.run(NioEventLoop.java:458)
	at org.apache.ratis.thirdparty.io.netty.util.concurrent.SingleThreadEventExecutor$5.run(SingleThreadEventExecutor.java:897)
	at org.apache.ratis.thirdparty.io.netty.util.concurrent.FastThreadLocalRunnable.run(FastThreadLocalRunnable.java:30)
	... 1 more
Caused by: java.net.ConnectException: Connection refused
	... 11 more
2019-09-28 01:20:03,242 [b37755ce-c4af-4380-b35a-3b0325863f58@group-393F5BFE9DF9:LeaderElection103] INFO  impl.LeaderElection (LogUtils.java:infoOrTrace(149)) -   Exception 1: {}
java.util.concurrent.ExecutionException: org.apache.ratis.thirdparty.io.grpc.StatusRuntimeException: UNAVAILABLE: io exception
	at java.util.concurrent.FutureTask.report(FutureTask.java:122)
	at java.util.concurrent.FutureTask.get(FutureTask.java:192)
	at org.apache.ratis.server.impl.LeaderElection.waitForResults(LeaderElection.java:263)
	at org.apache.ratis.server.impl.LeaderElection.askForVotes(LeaderElection.java:201)
	at org.apache.ratis.server.impl.LeaderElection.run(LeaderElection.java:133)
	at java.lang.Thread.run(Thread.java:748)
Caused by: org.apache.ratis.thirdparty.io.grpc.StatusRuntimeException: UNAVAILABLE: io exception
	at org.apache.ratis.thirdparty.io.grpc.stub.ClientCalls.toStatusRuntimeException(ClientCalls.java:233)
	at org.apache.ratis.thirdparty.io.grpc.stub.ClientCalls.getUnchecked(ClientCalls.java:214)
	at org.apache.ratis.thirdparty.io.grpc.stub.ClientCalls.blockingUnaryCall(ClientCalls.java:139)
	at org.apache.ratis.proto.grpc.RaftServerProtocolServiceGrpc$RaftServerProtocolServiceBlockingStub.requestVote(RaftServerProtocolServiceGrpc.java:265)
	at org.apache.ratis.grpc.server.GrpcServerProtocolClient.requestVote(GrpcServerProtocolClient.java:90)
	at org.apache.ratis.grpc.server.GrpcService.requestVote(GrpcService.java:204)
	at org.apache.ratis.server.impl.LeaderElection.lambda$submitRequests$1(LeaderElection.java:238)
	at java.util.concurrent.FutureTask.run(FutureTask.java:266)
	at java.util.concurrent.Executors$RunnableAdapter.call(Executors.java:511)
	at java.util.concurrent.FutureTask.run(FutureTask.java:266)
	at java.util.concurrent.ThreadPoolExecutor.runWorker(ThreadPoolExecutor.java:1149)
	at java.util.concurrent.ThreadPoolExecutor$Worker.run(ThreadPoolExecutor.java:624)
	... 1 more
Caused by: org.apache.ratis.thirdparty.io.netty.channel.AbstractChannel$AnnotatedConnectException: Connection refused: /192.168.151.82:40125
	at sun.nio.ch.SocketChannelImpl.checkConnect(Native Method)
	at sun.nio.ch.SocketChannelImpl.finishConnect(SocketChannelImpl.java:717)
	at org.apache.ratis.thirdparty.io.netty.channel.socket.nio.NioSocketChannel.doFinishConnect(NioSocketChannel.java:327)
	at org.apache.ratis.thirdparty.io.netty.channel.nio.AbstractNioChannel$AbstractNioUnsafe.finishConnect(AbstractNioChannel.java:340)
	at org.apache.ratis.thirdparty.io.netty.channel.nio.NioEventLoop.processSelectedKey(NioEventLoop.java:632)
	at org.apache.ratis.thirdparty.io.netty.channel.nio.NioEventLoop.processSelectedKeysOptimized(NioEventLoop.java:579)
	at org.apache.ratis.thirdparty.io.netty.channel.nio.NioEventLoop.processSelectedKeys(NioEventLoop.java:496)
	at org.apache.ratis.thirdparty.io.netty.channel.nio.NioEventLoop.run(NioEventLoop.java:458)
	at org.apache.ratis.thirdparty.io.netty.util.concurrent.SingleThreadEventExecutor$5.run(SingleThreadEventExecutor.java:897)
	at org.apache.ratis.thirdparty.io.netty.util.concurrent.FastThreadLocalRunnable.run(FastThreadLocalRunnable.java:30)
	... 1 more
Caused by: java.net.ConnectException: Connection refused
	... 11 more
2019-09-28 01:20:03,242 [b37755ce-c4af-4380-b35a-3b0325863f58@group-393F5BFE9DF9:LeaderElection103] INFO  impl.RaftServerImpl (RaftServerImpl.java:setRole(174)) - b37755ce-c4af-4380-b35a-3b0325863f58@group-393F5BFE9DF9: changes role from CANDIDATE to FOLLOWER at term 3 for DISCOVERED_A_NEW_TERM
2019-09-28 01:20:03,242 [b37755ce-c4af-4380-b35a-3b0325863f58@group-393F5BFE9DF9:LeaderElection103] INFO  impl.RoleInfo (RoleInfo.java:shutdownLeaderElection(134)) - b37755ce-c4af-4380-b35a-3b0325863f58: shutdown LeaderElection
2019-09-28 01:20:03,242 [b37755ce-c4af-4380-b35a-3b0325863f58@group-393F5BFE9DF9:LeaderElection103] INFO  impl.RoleInfo (RoleInfo.java:updateAndGet(143)) - b37755ce-c4af-4380-b35a-3b0325863f58: start FollowerState
2019-09-28 01:20:04,068 [Thread-5823] INFO  impl.FollowerState (FollowerState.java:run(106)) - 482bab89-bbed-45e7-a2a4-226291146823:group-28E788FD6B37 changes to CANDIDATE, lastRpcTime:1159, electionTimeout:1159ms
2019-09-28 01:20:04,068 [Thread-5823] INFO  impl.RoleInfo (RoleInfo.java:shutdownFollowerState(121)) - 482bab89-bbed-45e7-a2a4-226291146823: shutdown FollowerState
2019-09-28 01:20:04,069 [Thread-5823] INFO  impl.RaftServerImpl (RaftServerImpl.java:setRole(174)) - 482bab89-bbed-45e7-a2a4-226291146823@group-28E788FD6B37: changes role from  FOLLOWER to CANDIDATE at term 8 for changeToCandidate
2019-09-28 01:20:04,069 [Thread-5823] INFO  impl.RoleInfo (RoleInfo.java:updateAndGet(143)) - 482bab89-bbed-45e7-a2a4-226291146823: start LeaderElection
2019-09-28 01:20:04,084 [482bab89-bbed-45e7-a2a4-226291146823@group-28E788FD6B37:LeaderElection104] INFO  impl.LeaderElection (LeaderElection.java:askForVotes(182)) - 482bab89-bbed-45e7-a2a4-226291146823@group-28E788FD6B37:LeaderElection104: begin an election at term 9 for 0: [8e564692-438a-4cca-bbaf-5fbe943d4762:192.168.151.82:44652, 37708db1-82ca-49f3-b412-795edcbfeb9a:192.168.151.82:33696, 482bab89-bbed-45e7-a2a4-226291146823:192.168.151.82:43977], old=null
2019-09-28 01:20:04,085 [482bab89-bbed-45e7-a2a4-226291146823@group-28E788FD6B37:LeaderElection104] INFO  impl.LeaderElection (LogUtils.java:infoOrTrace(149)) - 482bab89-bbed-45e7-a2a4-226291146823@group-28E788FD6B37:LeaderElection104 got exception when requesting votes: {}
java.util.concurrent.ExecutionException: org.apache.ratis.thirdparty.io.grpc.StatusRuntimeException: UNAVAILABLE: io exception
	at java.util.concurrent.FutureTask.report(FutureTask.java:122)
	at java.util.concurrent.FutureTask.get(FutureTask.java:192)
	at org.apache.ratis.server.impl.LeaderElection.waitForResults(LeaderElection.java:263)
	at org.apache.ratis.server.impl.LeaderElection.askForVotes(LeaderElection.java:201)
	at org.apache.ratis.server.impl.LeaderElection.run(LeaderElection.java:133)
	at java.lang.Thread.run(Thread.java:748)
Caused by: org.apache.ratis.thirdparty.io.grpc.StatusRuntimeException: UNAVAILABLE: io exception
	at org.apache.ratis.thirdparty.io.grpc.stub.ClientCalls.toStatusRuntimeException(ClientCalls.java:233)
	at org.apache.ratis.thirdparty.io.grpc.stub.ClientCalls.getUnchecked(ClientCalls.java:214)
	at org.apache.ratis.thirdparty.io.grpc.stub.ClientCalls.blockingUnaryCall(ClientCalls.java:139)
	at org.apache.ratis.proto.grpc.RaftServerProtocolServiceGrpc$RaftServerProtocolServiceBlockingStub.requestVote(RaftServerProtocolServiceGrpc.java:265)
	at org.apache.ratis.grpc.server.GrpcServerProtocolClient.requestVote(GrpcServerProtocolClient.java:90)
	at org.apache.ratis.grpc.server.GrpcService.requestVote(GrpcService.java:204)
	at org.apache.ratis.server.impl.LeaderElection.lambda$submitRequests$1(LeaderElection.java:238)
	at java.util.concurrent.FutureTask.run(FutureTask.java:266)
	at java.util.concurrent.Executors$RunnableAdapter.call(Executors.java:511)
	at java.util.concurrent.FutureTask.run(FutureTask.java:266)
	at java.util.concurrent.ThreadPoolExecutor.runWorker(ThreadPoolExecutor.java:1149)
	at java.util.concurrent.ThreadPoolExecutor$Worker.run(ThreadPoolExecutor.java:624)
	... 1 more
Caused by: org.apache.ratis.thirdparty.io.netty.channel.AbstractChannel$AnnotatedConnectException: Connection refused: /192.168.151.82:44652
	at sun.nio.ch.SocketChannelImpl.checkConnect(Native Method)
	at sun.nio.ch.SocketChannelImpl.finishConnect(SocketChannelImpl.java:717)
	at org.apache.ratis.thirdparty.io.netty.channel.socket.nio.NioSocketChannel.doFinishConnect(NioSocketChannel.java:327)
	at org.apache.ratis.thirdparty.io.netty.channel.nio.AbstractNioChannel$AbstractNioUnsafe.finishConnect(AbstractNioChannel.java:340)
	at org.apache.ratis.thirdparty.io.netty.channel.nio.NioEventLoop.processSelectedKey(NioEventLoop.java:632)
	at org.apache.ratis.thirdparty.io.netty.channel.nio.NioEventLoop.processSelectedKeysOptimized(NioEventLoop.java:579)
	at org.apache.ratis.thirdparty.io.netty.channel.nio.NioEventLoop.processSelectedKeys(NioEventLoop.java:496)
	at org.apache.ratis.thirdparty.io.netty.channel.nio.NioEventLoop.run(NioEventLoop.java:458)
	at org.apache.ratis.thirdparty.io.netty.util.concurrent.SingleThreadEventExecutor$5.run(SingleThreadEventExecutor.java:897)
	at org.apache.ratis.thirdparty.io.netty.util.concurrent.FastThreadLocalRunnable.run(FastThreadLocalRunnable.java:30)
	... 1 more
Caused by: java.net.ConnectException: Connection refused
	... 11 more
2019-09-28 01:20:04,086 [482bab89-bbed-45e7-a2a4-226291146823@group-28E788FD6B37:LeaderElection104] INFO  impl.LeaderElection (LogUtils.java:infoOrTrace(149)) - 482bab89-bbed-45e7-a2a4-226291146823@group-28E788FD6B37:LeaderElection104 got exception when requesting votes: {}
java.util.concurrent.ExecutionException: org.apache.ratis.thirdparty.io.grpc.StatusRuntimeException: UNAVAILABLE: io exception
	at java.util.concurrent.FutureTask.report(FutureTask.java:122)
	at java.util.concurrent.FutureTask.get(FutureTask.java:192)
	at org.apache.ratis.server.impl.LeaderElection.waitForResults(LeaderElection.java:263)
	at org.apache.ratis.server.impl.LeaderElection.askForVotes(LeaderElection.java:201)
	at org.apache.ratis.server.impl.LeaderElection.run(LeaderElection.java:133)
	at java.lang.Thread.run(Thread.java:748)
Caused by: org.apache.ratis.thirdparty.io.grpc.StatusRuntimeException: UNAVAILABLE: io exception
	at org.apache.ratis.thirdparty.io.grpc.stub.ClientCalls.toStatusRuntimeException(ClientCalls.java:233)
	at org.apache.ratis.thirdparty.io.grpc.stub.ClientCalls.getUnchecked(ClientCalls.java:214)
	at org.apache.ratis.thirdparty.io.grpc.stub.ClientCalls.blockingUnaryCall(ClientCalls.java:139)
	at org.apache.ratis.proto.grpc.RaftServerProtocolServiceGrpc$RaftServerProtocolServiceBlockingStub.requestVote(RaftServerProtocolServiceGrpc.java:265)
	at org.apache.ratis.grpc.server.GrpcServerProtocolClient.requestVote(GrpcServerProtocolClient.java:90)
	at org.apache.ratis.grpc.server.GrpcService.requestVote(GrpcService.java:204)
	at org.apache.ratis.server.impl.LeaderElection.lambda$submitRequests$1(LeaderElection.java:238)
	at java.util.concurrent.FutureTask.run(FutureTask.java:266)
	at java.util.concurrent.Executors$RunnableAdapter.call(Executors.java:511)
	at java.util.concurrent.FutureTask.run(FutureTask.java:266)
	at java.util.concurrent.ThreadPoolExecutor.runWorker(ThreadPoolExecutor.java:1149)
	at java.util.concurrent.ThreadPoolExecutor$Worker.run(ThreadPoolExecutor.java:624)
	... 1 more
Caused by: org.apache.ratis.thirdparty.io.netty.channel.AbstractChannel$AnnotatedConnectException: Connection refused: /192.168.151.82:33696
	at sun.nio.ch.SocketChannelImpl.checkConnect(Native Method)
	at sun.nio.ch.SocketChannelImpl.finishConnect(SocketChannelImpl.java:717)
	at org.apache.ratis.thirdparty.io.netty.channel.socket.nio.NioSocketChannel.doFinishConnect(NioSocketChannel.java:327)
	at org.apache.ratis.thirdparty.io.netty.channel.nio.AbstractNioChannel$AbstractNioUnsafe.finishConnect(AbstractNioChannel.java:340)
	at org.apache.ratis.thirdparty.io.netty.channel.nio.NioEventLoop.processSelectedKey(NioEventLoop.java:632)
	at org.apache.ratis.thirdparty.io.netty.channel.nio.NioEventLoop.processSelectedKeysOptimized(NioEventLoop.java:579)
	at org.apache.ratis.thirdparty.io.netty.channel.nio.NioEventLoop.processSelectedKeys(NioEventLoop.java:496)
	at org.apache.ratis.thirdparty.io.netty.channel.nio.NioEventLoop.run(NioEventLoop.java:458)
	at org.apache.ratis.thirdparty.io.netty.util.concurrent.SingleThreadEventExecutor$5.run(SingleThreadEventExecutor.java:897)
	at org.apache.ratis.thirdparty.io.netty.util.concurrent.FastThreadLocalRunnable.run(FastThreadLocalRunnable.java:30)
	... 1 more
Caused by: java.net.ConnectException: Connection refused
	... 11 more
2019-09-28 01:20:04,086 [482bab89-bbed-45e7-a2a4-226291146823@group-28E788FD6B37:LeaderElection104] INFO  impl.LeaderElection (LeaderElection.java:logAndReturn(56)) - 482bab89-bbed-45e7-a2a4-226291146823@group-28E788FD6B37:LeaderElection104: Election REJECTED; received 0 response(s) [] and 2 exception(s); 482bab89-bbed-45e7-a2a4-226291146823@group-28E788FD6B37:t9, leader=null, voted=482bab89-bbed-45e7-a2a4-226291146823, raftlog=482bab89-bbed-45e7-a2a4-226291146823@group-28E788FD6B37-SegmentedRaftLog:OPENED:c0,f0,i0, conf=0: [8e564692-438a-4cca-bbaf-5fbe943d4762:192.168.151.82:44652, 37708db1-82ca-49f3-b412-795edcbfeb9a:192.168.151.82:33696, 482bab89-bbed-45e7-a2a4-226291146823:192.168.151.82:43977], old=null
2019-09-28 01:20:04,086 [482bab89-bbed-45e7-a2a4-226291146823@group-28E788FD6B37:LeaderElection104] INFO  impl.LeaderElection (LogUtils.java:infoOrTrace(149)) -   Exception 0: {}
java.util.concurrent.ExecutionException: org.apache.ratis.thirdparty.io.grpc.StatusRuntimeException: UNAVAILABLE: io exception
	at java.util.concurrent.FutureTask.report(FutureTask.java:122)
	at java.util.concurrent.FutureTask.get(FutureTask.java:192)
	at org.apache.ratis.server.impl.LeaderElection.waitForResults(LeaderElection.java:263)
	at org.apache.ratis.server.impl.LeaderElection.askForVotes(LeaderElection.java:201)
	at org.apache.ratis.server.impl.LeaderElection.run(LeaderElection.java:133)
	at java.lang.Thread.run(Thread.java:748)
Caused by: org.apache.ratis.thirdparty.io.grpc.StatusRuntimeException: UNAVAILABLE: io exception
	at org.apache.ratis.thirdparty.io.grpc.stub.ClientCalls.toStatusRuntimeException(ClientCalls.java:233)
	at org.apache.ratis.thirdparty.io.grpc.stub.ClientCalls.getUnchecked(ClientCalls.java:214)
	at org.apache.ratis.thirdparty.io.grpc.stub.ClientCalls.blockingUnaryCall(ClientCalls.java:139)
	at org.apache.ratis.proto.grpc.RaftServerProtocolServiceGrpc$RaftServerProtocolServiceBlockingStub.requestVote(RaftServerProtocolServiceGrpc.java:265)
	at org.apache.ratis.grpc.server.GrpcServerProtocolClient.requestVote(GrpcServerProtocolClient.java:90)
	at org.apache.ratis.grpc.server.GrpcService.requestVote(GrpcService.java:204)
	at org.apache.ratis.server.impl.LeaderElection.lambda$submitRequests$1(LeaderElection.java:238)
	at java.util.concurrent.FutureTask.run(FutureTask.java:266)
	at java.util.concurrent.Executors$RunnableAdapter.call(Executors.java:511)
	at java.util.concurrent.FutureTask.run(FutureTask.java:266)
	at java.util.concurrent.ThreadPoolExecutor.runWorker(ThreadPoolExecutor.java:1149)
	at java.util.concurrent.ThreadPoolExecutor$Worker.run(ThreadPoolExecutor.java:624)
	... 1 more
Caused by: org.apache.ratis.thirdparty.io.netty.channel.AbstractChannel$AnnotatedConnectException: Connection refused: /192.168.151.82:44652
	at sun.nio.ch.SocketChannelImpl.checkConnect(Native Method)
	at sun.nio.ch.SocketChannelImpl.finishConnect(SocketChannelImpl.java:717)
	at org.apache.ratis.thirdparty.io.netty.channel.socket.nio.NioSocketChannel.doFinishConnect(NioSocketChannel.java:327)
	at org.apache.ratis.thirdparty.io.netty.channel.nio.AbstractNioChannel$AbstractNioUnsafe.finishConnect(AbstractNioChannel.java:340)
	at org.apache.ratis.thirdparty.io.netty.channel.nio.NioEventLoop.processSelectedKey(NioEventLoop.java:632)
	at org.apache.ratis.thirdparty.io.netty.channel.nio.NioEventLoop.processSelectedKeysOptimized(NioEventLoop.java:579)
	at org.apache.ratis.thirdparty.io.netty.channel.nio.NioEventLoop.processSelectedKeys(NioEventLoop.java:496)
	at org.apache.ratis.thirdparty.io.netty.channel.nio.NioEventLoop.run(NioEventLoop.java:458)
	at org.apache.ratis.thirdparty.io.netty.util.concurrent.SingleThreadEventExecutor$5.run(SingleThreadEventExecutor.java:897)
	at org.apache.ratis.thirdparty.io.netty.util.concurrent.FastThreadLocalRunnable.run(FastThreadLocalRunnable.java:30)
	... 1 more
Caused by: java.net.ConnectException: Connection refused
	... 11 more
2019-09-28 01:20:04,087 [482bab89-bbed-45e7-a2a4-226291146823@group-28E788FD6B37:LeaderElection104] INFO  impl.LeaderElection (LogUtils.java:infoOrTrace(149)) -   Exception 1: {}
java.util.concurrent.ExecutionException: org.apache.ratis.thirdparty.io.grpc.StatusRuntimeException: UNAVAILABLE: io exception
	at java.util.concurrent.FutureTask.report(FutureTask.java:122)
	at java.util.concurrent.FutureTask.get(FutureTask.java:192)
	at org.apache.ratis.server.impl.LeaderElection.waitForResults(LeaderElection.java:263)
	at org.apache.ratis.server.impl.LeaderElection.askForVotes(LeaderElection.java:201)
	at org.apache.ratis.server.impl.LeaderElection.run(LeaderElection.java:133)
	at java.lang.Thread.run(Thread.java:748)
Caused by: org.apache.ratis.thirdparty.io.grpc.StatusRuntimeException: UNAVAILABLE: io exception
	at org.apache.ratis.thirdparty.io.grpc.stub.ClientCalls.toStatusRuntimeException(ClientCalls.java:233)
	at org.apache.ratis.thirdparty.io.grpc.stub.ClientCalls.getUnchecked(ClientCalls.java:214)
	at org.apache.ratis.thirdparty.io.grpc.stub.ClientCalls.blockingUnaryCall(ClientCalls.java:139)
	at org.apache.ratis.proto.grpc.RaftServerProtocolServiceGrpc$RaftServerProtocolServiceBlockingStub.requestVote(RaftServerProtocolServiceGrpc.java:265)
	at org.apache.ratis.grpc.server.GrpcServerProtocolClient.requestVote(GrpcServerProtocolClient.java:90)
	at org.apache.ratis.grpc.server.GrpcService.requestVote(GrpcService.java:204)
	at org.apache.ratis.server.impl.LeaderElection.lambda$submitRequests$1(LeaderElection.java:238)
	at java.util.concurrent.FutureTask.run(FutureTask.java:266)
	at java.util.concurrent.Executors$RunnableAdapter.call(Executors.java:511)
	at java.util.concurrent.FutureTask.run(FutureTask.java:266)
	at java.util.concurrent.ThreadPoolExecutor.runWorker(ThreadPoolExecutor.java:1149)
	at java.util.concurrent.ThreadPoolExecutor$Worker.run(ThreadPoolExecutor.java:624)
	... 1 more
Caused by: org.apache.ratis.thirdparty.io.netty.channel.AbstractChannel$AnnotatedConnectException: Connection refused: /192.168.151.82:33696
	at sun.nio.ch.SocketChannelImpl.checkConnect(Native Method)
	at sun.nio.ch.SocketChannelImpl.finishConnect(SocketChannelImpl.java:717)
	at org.apache.ratis.thirdparty.io.netty.channel.socket.nio.NioSocketChannel.doFinishConnect(NioSocketChannel.java:327)
	at org.apache.ratis.thirdparty.io.netty.channel.nio.AbstractNioChannel$AbstractNioUnsafe.finishConnect(AbstractNioChannel.java:340)
	at org.apache.ratis.thirdparty.io.netty.channel.nio.NioEventLoop.processSelectedKey(NioEventLoop.java:632)
	at org.apache.ratis.thirdparty.io.netty.channel.nio.NioEventLoop.processSelectedKeysOptimized(NioEventLoop.java:579)
	at org.apache.ratis.thirdparty.io.netty.channel.nio.NioEventLoop.processSelectedKeys(NioEventLoop.java:496)
	at org.apache.ratis.thirdparty.io.netty.channel.nio.NioEventLoop.run(NioEventLoop.java:458)
	at org.apache.ratis.thirdparty.io.netty.util.concurrent.SingleThreadEventExecutor$5.run(SingleThreadEventExecutor.java:897)
	at org.apache.ratis.thirdparty.io.netty.util.concurrent.FastThreadLocalRunnable.run(FastThreadLocalRunnable.java:30)
	... 1 more
Caused by: java.net.ConnectException: Connection refused
	... 11 more
2019-09-28 01:20:04,087 [482bab89-bbed-45e7-a2a4-226291146823@group-28E788FD6B37:LeaderElection104] INFO  impl.RaftServerImpl (RaftServerImpl.java:setRole(174)) - 482bab89-bbed-45e7-a2a4-226291146823@group-28E788FD6B37: changes role from CANDIDATE to FOLLOWER at term 9 for DISCOVERED_A_NEW_TERM
2019-09-28 01:20:04,087 [482bab89-bbed-45e7-a2a4-226291146823@group-28E788FD6B37:LeaderElection104] INFO  impl.RoleInfo (RoleInfo.java:shutdownLeaderElection(134)) - 482bab89-bbed-45e7-a2a4-226291146823: shutdown LeaderElection
2019-09-28 01:20:04,088 [482bab89-bbed-45e7-a2a4-226291146823@group-28E788FD6B37:LeaderElection104] INFO  impl.RoleInfo (RoleInfo.java:updateAndGet(143)) - 482bab89-bbed-45e7-a2a4-226291146823: start FollowerState
2019-09-28 01:20:04,375 [Thread-5827] INFO  impl.FollowerState (FollowerState.java:run(106)) - b37755ce-c4af-4380-b35a-3b0325863f58:group-393F5BFE9DF9 changes to CANDIDATE, lastRpcTime:1132, electionTimeout:1132ms
2019-09-28 01:20:04,375 [Thread-5827] INFO  impl.RoleInfo (RoleInfo.java:shutdownFollowerState(121)) - b37755ce-c4af-4380-b35a-3b0325863f58: shutdown FollowerState
2019-09-28 01:20:04,375 [Thread-5827] INFO  impl.RaftServerImpl (RaftServerImpl.java:setRole(174)) - b37755ce-c4af-4380-b35a-3b0325863f58@group-393F5BFE9DF9: changes role from  FOLLOWER to CANDIDATE at term 3 for changeToCandidate
2019-09-28 01:20:04,375 [Thread-5827] INFO  impl.RoleInfo (RoleInfo.java:updateAndGet(143)) - b37755ce-c4af-4380-b35a-3b0325863f58: start LeaderElection
2019-09-28 01:20:04,392 [b37755ce-c4af-4380-b35a-3b0325863f58@group-393F5BFE9DF9:LeaderElection105] INFO  impl.LeaderElection (LeaderElection.java:askForVotes(182)) - b37755ce-c4af-4380-b35a-3b0325863f58@group-393F5BFE9DF9:LeaderElection105: begin an election at term 4 for 0: [5a7443cd-0ba8-4045-a615-ca9d87f0fd78:192.168.151.82:45593, b37755ce-c4af-4380-b35a-3b0325863f58:192.168.151.82:45195, 14d5cd8c-0256-42d6-a2d7-07541ed6779f:192.168.151.82:40125], old=null
2019-09-28 01:20:04,393 [b37755ce-c4af-4380-b35a-3b0325863f58@group-393F5BFE9DF9:LeaderElection105] INFO  impl.LeaderElection (LogUtils.java:infoOrTrace(149)) - b37755ce-c4af-4380-b35a-3b0325863f58@group-393F5BFE9DF9:LeaderElection105 got exception when requesting votes: {}
java.util.concurrent.ExecutionException: org.apache.ratis.thirdparty.io.grpc.StatusRuntimeException: UNAVAILABLE: io exception
	at java.util.concurrent.FutureTask.report(FutureTask.java:122)
	at java.util.concurrent.FutureTask.get(FutureTask.java:192)
	at org.apache.ratis.server.impl.LeaderElection.waitForResults(LeaderElection.java:263)
	at org.apache.ratis.server.impl.LeaderElection.askForVotes(LeaderElection.java:201)
	at org.apache.ratis.server.impl.LeaderElection.run(LeaderElection.java:133)
	at java.lang.Thread.run(Thread.java:748)
Caused by: org.apache.ratis.thirdparty.io.grpc.StatusRuntimeException: UNAVAILABLE: io exception
	at org.apache.ratis.thirdparty.io.grpc.stub.ClientCalls.toStatusRuntimeException(ClientCalls.java:233)
	at org.apache.ratis.thirdparty.io.grpc.stub.ClientCalls.getUnchecked(ClientCalls.java:214)
	at org.apache.ratis.thirdparty.io.grpc.stub.ClientCalls.blockingUnaryCall(ClientCalls.java:139)
	at org.apache.ratis.proto.grpc.RaftServerProtocolServiceGrpc$RaftServerProtocolServiceBlockingStub.requestVote(RaftServerProtocolServiceGrpc.java:265)
	at org.apache.ratis.grpc.server.GrpcServerProtocolClient.requestVote(GrpcServerProtocolClient.java:90)
	at org.apache.ratis.grpc.server.GrpcService.requestVote(GrpcService.java:204)
	at org.apache.ratis.server.impl.LeaderElection.lambda$submitRequests$1(LeaderElection.java:238)
	at java.util.concurrent.FutureTask.run(FutureTask.java:266)
	at java.util.concurrent.Executors$RunnableAdapter.call(Executors.java:511)
	at java.util.concurrent.FutureTask.run(FutureTask.java:266)
	at java.util.concurrent.ThreadPoolExecutor.runWorker(ThreadPoolExecutor.java:1149)
	at java.util.concurrent.ThreadPoolExecutor$Worker.run(ThreadPoolExecutor.java:624)
	... 1 more
Caused by: org.apache.ratis.thirdparty.io.netty.channel.AbstractChannel$AnnotatedConnectException: Connection refused: /192.168.151.82:45593
	at sun.nio.ch.SocketChannelImpl.checkConnect(Native Method)
	at sun.nio.ch.SocketChannelImpl.finishConnect(SocketChannelImpl.java:717)
	at org.apache.ratis.thirdparty.io.netty.channel.socket.nio.NioSocketChannel.doFinishConnect(NioSocketChannel.java:327)
	at org.apache.ratis.thirdparty.io.netty.channel.nio.AbstractNioChannel$AbstractNioUnsafe.finishConnect(AbstractNioChannel.java:340)
	at org.apache.ratis.thirdparty.io.netty.channel.nio.NioEventLoop.processSelectedKey(NioEventLoop.java:632)
	at org.apache.ratis.thirdparty.io.netty.channel.nio.NioEventLoop.processSelectedKeysOptimized(NioEventLoop.java:579)
	at org.apache.ratis.thirdparty.io.netty.channel.nio.NioEventLoop.processSelectedKeys(NioEventLoop.java:496)
	at org.apache.ratis.thirdparty.io.netty.channel.nio.NioEventLoop.run(NioEventLoop.java:458)
	at org.apache.ratis.thirdparty.io.netty.util.concurrent.SingleThreadEventExecutor$5.run(SingleThreadEventExecutor.java:897)
	at org.apache.ratis.thirdparty.io.netty.util.concurrent.FastThreadLocalRunnable.run(FastThreadLocalRunnable.java:30)
	... 1 more
Caused by: java.net.ConnectException: Connection refused
	... 11 more
2019-09-28 01:20:04,394 [b37755ce-c4af-4380-b35a-3b0325863f58@group-393F5BFE9DF9:LeaderElection105] INFO  impl.LeaderElection (LogUtils.java:infoOrTrace(149)) - b37755ce-c4af-4380-b35a-3b0325863f58@group-393F5BFE9DF9:LeaderElection105 got exception when requesting votes: {}
java.util.concurrent.ExecutionException: org.apache.ratis.thirdparty.io.grpc.StatusRuntimeException: UNAVAILABLE: io exception
	at java.util.concurrent.FutureTask.report(FutureTask.java:122)
	at java.util.concurrent.FutureTask.get(FutureTask.java:192)
	at org.apache.ratis.server.impl.LeaderElection.waitForResults(LeaderElection.java:263)
	at org.apache.ratis.server.impl.LeaderElection.askForVotes(LeaderElection.java:201)
	at org.apache.ratis.server.impl.LeaderElection.run(LeaderElection.java:133)
	at java.lang.Thread.run(Thread.java:748)
Caused by: org.apache.ratis.thirdparty.io.grpc.StatusRuntimeException: UNAVAILABLE: io exception
	at org.apache.ratis.thirdparty.io.grpc.stub.ClientCalls.toStatusRuntimeException(ClientCalls.java:233)
	at org.apache.ratis.thirdparty.io.grpc.stub.ClientCalls.getUnchecked(ClientCalls.java:214)
	at org.apache.ratis.thirdparty.io.grpc.stub.ClientCalls.blockingUnaryCall(ClientCalls.java:139)
	at org.apache.ratis.proto.grpc.RaftServerProtocolServiceGrpc$RaftServerProtocolServiceBlockingStub.requestVote(RaftServerProtocolServiceGrpc.java:265)
	at org.apache.ratis.grpc.server.GrpcServerProtocolClient.requestVote(GrpcServerProtocolClient.java:90)
	at org.apache.ratis.grpc.server.GrpcService.requestVote(GrpcService.java:204)
	at org.apache.ratis.server.impl.LeaderElection.lambda$submitRequests$1(LeaderElection.java:238)
	at java.util.concurrent.FutureTask.run(FutureTask.java:266)
	at java.util.concurrent.Executors$RunnableAdapter.call(Executors.java:511)
	at java.util.concurrent.FutureTask.run(FutureTask.java:266)
	at java.util.concurrent.ThreadPoolExecutor.runWorker(ThreadPoolExecutor.java:1149)
	at java.util.concurrent.ThreadPoolExecutor$Worker.run(ThreadPoolExecutor.java:624)
	... 1 more
Caused by: org.apache.ratis.thirdparty.io.netty.channel.AbstractChannel$AnnotatedConnectException: Connection refused: /192.168.151.82:40125
	at sun.nio.ch.SocketChannelImpl.checkConnect(Native Method)
	at sun.nio.ch.SocketChannelImpl.finishConnect(SocketChannelImpl.java:717)
	at org.apache.ratis.thirdparty.io.netty.channel.socket.nio.NioSocketChannel.doFinishConnect(NioSocketChannel.java:327)
	at org.apache.ratis.thirdparty.io.netty.channel.nio.AbstractNioChannel$AbstractNioUnsafe.finishConnect(AbstractNioChannel.java:340)
	at org.apache.ratis.thirdparty.io.netty.channel.nio.NioEventLoop.processSelectedKey(NioEventLoop.java:632)
	at org.apache.ratis.thirdparty.io.netty.channel.nio.NioEventLoop.processSelectedKeysOptimized(NioEventLoop.java:579)
	at org.apache.ratis.thirdparty.io.netty.channel.nio.NioEventLoop.processSelectedKeys(NioEventLoop.java:496)
	at org.apache.ratis.thirdparty.io.netty.channel.nio.NioEventLoop.run(NioEventLoop.java:458)
	at org.apache.ratis.thirdparty.io.netty.util.concurrent.SingleThreadEventExecutor$5.run(SingleThreadEventExecutor.java:897)
	at org.apache.ratis.thirdparty.io.netty.util.concurrent.FastThreadLocalRunnable.run(FastThreadLocalRunnable.java:30)
	... 1 more
Caused by: java.net.ConnectException: Connection refused
	... 11 more
2019-09-28 01:20:04,394 [b37755ce-c4af-4380-b35a-3b0325863f58@group-393F5BFE9DF9:LeaderElection105] INFO  impl.LeaderElection (LeaderElection.java:logAndReturn(56)) - b37755ce-c4af-4380-b35a-3b0325863f58@group-393F5BFE9DF9:LeaderElection105: Election REJECTED; received 0 response(s) [] and 2 exception(s); b37755ce-c4af-4380-b35a-3b0325863f58@group-393F5BFE9DF9:t4, leader=null, voted=b37755ce-c4af-4380-b35a-3b0325863f58, raftlog=b37755ce-c4af-4380-b35a-3b0325863f58@group-393F5BFE9DF9-SegmentedRaftLog:OPENED:c0,f0,i0, conf=0: [5a7443cd-0ba8-4045-a615-ca9d87f0fd78:192.168.151.82:45593, b37755ce-c4af-4380-b35a-3b0325863f58:192.168.151.82:45195, 14d5cd8c-0256-42d6-a2d7-07541ed6779f:192.168.151.82:40125], old=null
2019-09-28 01:20:04,394 [b37755ce-c4af-4380-b35a-3b0325863f58@group-393F5BFE9DF9:LeaderElection105] INFO  impl.LeaderElection (LogUtils.java:infoOrTrace(149)) -   Exception 0: {}
java.util.concurrent.ExecutionException: org.apache.ratis.thirdparty.io.grpc.StatusRuntimeException: UNAVAILABLE: io exception
	at java.util.concurrent.FutureTask.report(FutureTask.java:122)
	at java.util.concurrent.FutureTask.get(FutureTask.java:192)
	at org.apache.ratis.server.impl.LeaderElection.waitForResults(LeaderElection.java:263)
	at org.apache.ratis.server.impl.LeaderElection.askForVotes(LeaderElection.java:201)
	at org.apache.ratis.server.impl.LeaderElection.run(LeaderElection.java:133)
	at java.lang.Thread.run(Thread.java:748)
Caused by: org.apache.ratis.thirdparty.io.grpc.StatusRuntimeException: UNAVAILABLE: io exception
	at org.apache.ratis.thirdparty.io.grpc.stub.ClientCalls.toStatusRuntimeException(ClientCalls.java:233)
	at org.apache.ratis.thirdparty.io.grpc.stub.ClientCalls.getUnchecked(ClientCalls.java:214)
	at org.apache.ratis.thirdparty.io.grpc.stub.ClientCalls.blockingUnaryCall(ClientCalls.java:139)
	at org.apache.ratis.proto.grpc.RaftServerProtocolServiceGrpc$RaftServerProtocolServiceBlockingStub.requestVote(RaftServerProtocolServiceGrpc.java:265)
	at org.apache.ratis.grpc.server.GrpcServerProtocolClient.requestVote(GrpcServerProtocolClient.java:90)
	at org.apache.ratis.grpc.server.GrpcService.requestVote(GrpcService.java:204)
	at org.apache.ratis.server.impl.LeaderElection.lambda$submitRequests$1(LeaderElection.java:238)
	at java.util.concurrent.FutureTask.run(FutureTask.java:266)
	at java.util.concurrent.Executors$RunnableAdapter.call(Executors.java:511)
	at java.util.concurrent.FutureTask.run(FutureTask.java:266)
	at java.util.concurrent.ThreadPoolExecutor.runWorker(ThreadPoolExecutor.java:1149)
	at java.util.concurrent.ThreadPoolExecutor$Worker.run(ThreadPoolExecutor.java:624)
	... 1 more
Caused by: org.apache.ratis.thirdparty.io.netty.channel.AbstractChannel$AnnotatedConnectException: Connection refused: /192.168.151.82:45593
	at sun.nio.ch.SocketChannelImpl.checkConnect(Native Method)
	at sun.nio.ch.SocketChannelImpl.finishConnect(SocketChannelImpl.java:717)
	at org.apache.ratis.thirdparty.io.netty.channel.socket.nio.NioSocketChannel.doFinishConnect(NioSocketChannel.java:327)
	at org.apache.ratis.thirdparty.io.netty.channel.nio.AbstractNioChannel$AbstractNioUnsafe.finishConnect(AbstractNioChannel.java:340)
	at org.apache.ratis.thirdparty.io.netty.channel.nio.NioEventLoop.processSelectedKey(NioEventLoop.java:632)
	at org.apache.ratis.thirdparty.io.netty.channel.nio.NioEventLoop.processSelectedKeysOptimized(NioEventLoop.java:579)
	at org.apache.ratis.thirdparty.io.netty.channel.nio.NioEventLoop.processSelectedKeys(NioEventLoop.java:496)
	at org.apache.ratis.thirdparty.io.netty.channel.nio.NioEventLoop.run(NioEventLoop.java:458)
	at org.apache.ratis.thirdparty.io.netty.util.concurrent.SingleThreadEventExecutor$5.run(SingleThreadEventExecutor.java:897)
	at org.apache.ratis.thirdparty.io.netty.util.concurrent.FastThreadLocalRunnable.run(FastThreadLocalRunnable.java:30)
	... 1 more
Caused by: java.net.ConnectException: Connection refused
	... 11 more
2019-09-28 01:20:04,395 [b37755ce-c4af-4380-b35a-3b0325863f58@group-393F5BFE9DF9:LeaderElection105] INFO  impl.LeaderElection (LogUtils.java:infoOrTrace(149)) -   Exception 1: {}
java.util.concurrent.ExecutionException: org.apache.ratis.thirdparty.io.grpc.StatusRuntimeException: UNAVAILABLE: io exception
	at java.util.concurrent.FutureTask.report(FutureTask.java:122)
	at java.util.concurrent.FutureTask.get(FutureTask.java:192)
	at org.apache.ratis.server.impl.LeaderElection.waitForResults(LeaderElection.java:263)
	at org.apache.ratis.server.impl.LeaderElection.askForVotes(LeaderElection.java:201)
	at org.apache.ratis.server.impl.LeaderElection.run(LeaderElection.java:133)
	at java.lang.Thread.run(Thread.java:748)
Caused by: org.apache.ratis.thirdparty.io.grpc.StatusRuntimeException: UNAVAILABLE: io exception
	at org.apache.ratis.thirdparty.io.grpc.stub.ClientCalls.toStatusRuntimeException(ClientCalls.java:233)
	at org.apache.ratis.thirdparty.io.grpc.stub.ClientCalls.getUnchecked(ClientCalls.java:214)
	at org.apache.ratis.thirdparty.io.grpc.stub.ClientCalls.blockingUnaryCall(ClientCalls.java:139)
	at org.apache.ratis.proto.grpc.RaftServerProtocolServiceGrpc$RaftServerProtocolServiceBlockingStub.requestVote(RaftServerProtocolServiceGrpc.java:265)
	at org.apache.ratis.grpc.server.GrpcServerProtocolClient.requestVote(GrpcServerProtocolClient.java:90)
	at org.apache.ratis.grpc.server.GrpcService.requestVote(GrpcService.java:204)
	at org.apache.ratis.server.impl.LeaderElection.lambda$submitRequests$1(LeaderElection.java:238)
	at java.util.concurrent.FutureTask.run(FutureTask.java:266)
	at java.util.concurrent.Executors$RunnableAdapter.call(Executors.java:511)
	at java.util.concurrent.FutureTask.run(FutureTask.java:266)
	at java.util.concurrent.ThreadPoolExecutor.runWorker(ThreadPoolExecutor.java:1149)
	at java.util.concurrent.ThreadPoolExecutor$Worker.run(ThreadPoolExecutor.java:624)
	... 1 more
Caused by: org.apache.ratis.thirdparty.io.netty.channel.AbstractChannel$AnnotatedConnectException: Connection refused: /192.168.151.82:40125
	at sun.nio.ch.SocketChannelImpl.checkConnect(Native Method)
	at sun.nio.ch.SocketChannelImpl.finishConnect(SocketChannelImpl.java:717)
	at org.apache.ratis.thirdparty.io.netty.channel.socket.nio.NioSocketChannel.doFinishConnect(NioSocketChannel.java:327)
	at org.apache.ratis.thirdparty.io.netty.channel.nio.AbstractNioChannel$AbstractNioUnsafe.finishConnect(AbstractNioChannel.java:340)
	at org.apache.ratis.thirdparty.io.netty.channel.nio.NioEventLoop.processSelectedKey(NioEventLoop.java:632)
	at org.apache.ratis.thirdparty.io.netty.channel.nio.NioEventLoop.processSelectedKeysOptimized(NioEventLoop.java:579)
	at org.apache.ratis.thirdparty.io.netty.channel.nio.NioEventLoop.processSelectedKeys(NioEventLoop.java:496)
	at org.apache.ratis.thirdparty.io.netty.channel.nio.NioEventLoop.run(NioEventLoop.java:458)
	at org.apache.ratis.thirdparty.io.netty.util.concurrent.SingleThreadEventExecutor$5.run(SingleThreadEventExecutor.java:897)
	at org.apache.ratis.thirdparty.io.netty.util.concurrent.FastThreadLocalRunnable.run(FastThreadLocalRunnable.java:30)
	... 1 more
Caused by: java.net.ConnectException: Connection refused
	... 11 more
2019-09-28 01:20:04,395 [b37755ce-c4af-4380-b35a-3b0325863f58@group-393F5BFE9DF9:LeaderElection105] INFO  impl.RaftServerImpl (RaftServerImpl.java:setRole(174)) - b37755ce-c4af-4380-b35a-3b0325863f58@group-393F5BFE9DF9: changes role from CANDIDATE to FOLLOWER at term 4 for DISCOVERED_A_NEW_TERM
2019-09-28 01:20:04,395 [b37755ce-c4af-4380-b35a-3b0325863f58@group-393F5BFE9DF9:LeaderElection105] INFO  impl.RoleInfo (RoleInfo.java:shutdownLeaderElection(134)) - b37755ce-c4af-4380-b35a-3b0325863f58: shutdown LeaderElection
2019-09-28 01:20:04,395 [b37755ce-c4af-4380-b35a-3b0325863f58@group-393F5BFE9DF9:LeaderElection105] INFO  impl.RoleInfo (RoleInfo.java:updateAndGet(143)) - b37755ce-c4af-4380-b35a-3b0325863f58: start FollowerState
2019-09-28 01:20:05,174 [Thread-5831] INFO  impl.FollowerState (FollowerState.java:run(106)) - 482bab89-bbed-45e7-a2a4-226291146823:group-28E788FD6B37 changes to CANDIDATE, lastRpcTime:1086, electionTimeout:1086ms
2019-09-28 01:20:05,175 [Thread-5831] INFO  impl.RoleInfo (RoleInfo.java:shutdownFollowerState(121)) - 482bab89-bbed-45e7-a2a4-226291146823: shutdown FollowerState
2019-09-28 01:20:05,175 [Thread-5831] INFO  impl.RaftServerImpl (RaftServerImpl.java:setRole(174)) - 482bab89-bbed-45e7-a2a4-226291146823@group-28E788FD6B37: changes role from  FOLLOWER to CANDIDATE at term 9 for changeToCandidate
2019-09-28 01:20:05,175 [Thread-5831] INFO  impl.RoleInfo (RoleInfo.java:updateAndGet(143)) - 482bab89-bbed-45e7-a2a4-226291146823: start LeaderElection
2019-09-28 01:20:05,190 [482bab89-bbed-45e7-a2a4-226291146823@group-28E788FD6B37:LeaderElection106] INFO  impl.LeaderElection (LeaderElection.java:askForVotes(182)) - 482bab89-bbed-45e7-a2a4-226291146823@group-28E788FD6B37:LeaderElection106: begin an election at term 10 for 0: [8e564692-438a-4cca-bbaf-5fbe943d4762:192.168.151.82:44652, 37708db1-82ca-49f3-b412-795edcbfeb9a:192.168.151.82:33696, 482bab89-bbed-45e7-a2a4-226291146823:192.168.151.82:43977], old=null
2019-09-28 01:20:05,191 [482bab89-bbed-45e7-a2a4-226291146823@group-28E788FD6B37:LeaderElection106] INFO  impl.LeaderElection (LogUtils.java:infoOrTrace(149)) - 482bab89-bbed-45e7-a2a4-226291146823@group-28E788FD6B37:LeaderElection106 got exception when requesting votes: {}
java.util.concurrent.ExecutionException: org.apache.ratis.thirdparty.io.grpc.StatusRuntimeException: UNAVAILABLE: io exception
	at java.util.concurrent.FutureTask.report(FutureTask.java:122)
	at java.util.concurrent.FutureTask.get(FutureTask.java:192)
	at org.apache.ratis.server.impl.LeaderElection.waitForResults(LeaderElection.java:263)
	at org.apache.ratis.server.impl.LeaderElection.askForVotes(LeaderElection.java:201)
	at org.apache.ratis.server.impl.LeaderElection.run(LeaderElection.java:133)
	at java.lang.Thread.run(Thread.java:748)
Caused by: org.apache.ratis.thirdparty.io.grpc.StatusRuntimeException: UNAVAILABLE: io exception
	at org.apache.ratis.thirdparty.io.grpc.stub.ClientCalls.toStatusRuntimeException(ClientCalls.java:233)
	at org.apache.ratis.thirdparty.io.grpc.stub.ClientCalls.getUnchecked(ClientCalls.java:214)
	at org.apache.ratis.thirdparty.io.grpc.stub.ClientCalls.blockingUnaryCall(ClientCalls.java:139)
	at org.apache.ratis.proto.grpc.RaftServerProtocolServiceGrpc$RaftServerProtocolServiceBlockingStub.requestVote(RaftServerProtocolServiceGrpc.java:265)
	at org.apache.ratis.grpc.server.GrpcServerProtocolClient.requestVote(GrpcServerProtocolClient.java:90)
	at org.apache.ratis.grpc.server.GrpcService.requestVote(GrpcService.java:204)
	at org.apache.ratis.server.impl.LeaderElection.lambda$submitRequests$1(LeaderElection.java:238)
	at java.util.concurrent.FutureTask.run(FutureTask.java:266)
	at java.util.concurrent.Executors$RunnableAdapter.call(Executors.java:511)
	at java.util.concurrent.FutureTask.run(FutureTask.java:266)
	at java.util.concurrent.ThreadPoolExecutor.runWorker(ThreadPoolExecutor.java:1149)
	at java.util.concurrent.ThreadPoolExecutor$Worker.run(ThreadPoolExecutor.java:624)
	... 1 more
Caused by: org.apache.ratis.thirdparty.io.netty.channel.AbstractChannel$AnnotatedConnectException: Connection refused: /192.168.151.82:44652
	at sun.nio.ch.SocketChannelImpl.checkConnect(Native Method)
	at sun.nio.ch.SocketChannelImpl.finishConnect(SocketChannelImpl.java:717)
	at org.apache.ratis.thirdparty.io.netty.channel.socket.nio.NioSocketChannel.doFinishConnect(NioSocketChannel.java:327)
	at org.apache.ratis.thirdparty.io.netty.channel.nio.AbstractNioChannel$AbstractNioUnsafe.finishConnect(AbstractNioChannel.java:340)
	at org.apache.ratis.thirdparty.io.netty.channel.nio.NioEventLoop.processSelectedKey(NioEventLoop.java:632)
	at org.apache.ratis.thirdparty.io.netty.channel.nio.NioEventLoop.processSelectedKeysOptimized(NioEventLoop.java:579)
	at org.apache.ratis.thirdparty.io.netty.channel.nio.NioEventLoop.processSelectedKeys(NioEventLoop.java:496)
	at org.apache.ratis.thirdparty.io.netty.channel.nio.NioEventLoop.run(NioEventLoop.java:458)
	at org.apache.ratis.thirdparty.io.netty.util.concurrent.SingleThreadEventExecutor$5.run(SingleThreadEventExecutor.java:897)
	at org.apache.ratis.thirdparty.io.netty.util.concurrent.FastThreadLocalRunnable.run(FastThreadLocalRunnable.java:30)
	... 1 more
Caused by: java.net.ConnectException: Connection refused
	... 11 more
2019-09-28 01:20:05,192 [482bab89-bbed-45e7-a2a4-226291146823@group-28E788FD6B37:LeaderElection106] INFO  impl.LeaderElection (LogUtils.java:infoOrTrace(149)) - 482bab89-bbed-45e7-a2a4-226291146823@group-28E788FD6B37:LeaderElection106 got exception when requesting votes: {}
java.util.concurrent.ExecutionException: org.apache.ratis.thirdparty.io.grpc.StatusRuntimeException: UNAVAILABLE: io exception
	at java.util.concurrent.FutureTask.report(FutureTask.java:122)
	at java.util.concurrent.FutureTask.get(FutureTask.java:192)
	at org.apache.ratis.server.impl.LeaderElection.waitForResults(LeaderElection.java:263)
	at org.apache.ratis.server.impl.LeaderElection.askForVotes(LeaderElection.java:201)
	at org.apache.ratis.server.impl.LeaderElection.run(LeaderElection.java:133)
	at java.lang.Thread.run(Thread.java:748)
Caused by: org.apache.ratis.thirdparty.io.grpc.StatusRuntimeException: UNAVAILABLE: io exception
	at org.apache.ratis.thirdparty.io.grpc.stub.ClientCalls.toStatusRuntimeException(ClientCalls.java:233)
	at org.apache.ratis.thirdparty.io.grpc.stub.ClientCalls.getUnchecked(ClientCalls.java:214)
	at org.apache.ratis.thirdparty.io.grpc.stub.ClientCalls.blockingUnaryCall(ClientCalls.java:139)
	at org.apache.ratis.proto.grpc.RaftServerProtocolServiceGrpc$RaftServerProtocolServiceBlockingStub.requestVote(RaftServerProtocolServiceGrpc.java:265)
	at org.apache.ratis.grpc.server.GrpcServerProtocolClient.requestVote(GrpcServerProtocolClient.java:90)
	at org.apache.ratis.grpc.server.GrpcService.requestVote(GrpcService.java:204)
	at org.apache.ratis.server.impl.LeaderElection.lambda$submitRequests$1(LeaderElection.java:238)
	at java.util.concurrent.FutureTask.run(FutureTask.java:266)
	at java.util.concurrent.Executors$RunnableAdapter.call(Executors.java:511)
	at java.util.concurrent.FutureTask.run(FutureTask.java:266)
	at java.util.concurrent.ThreadPoolExecutor.runWorker(ThreadPoolExecutor.java:1149)
	at java.util.concurrent.ThreadPoolExecutor$Worker.run(ThreadPoolExecutor.java:624)
	... 1 more
Caused by: org.apache.ratis.thirdparty.io.netty.channel.AbstractChannel$AnnotatedConnectException: Connection refused: /192.168.151.82:33696
	at sun.nio.ch.SocketChannelImpl.checkConnect(Native Method)
	at sun.nio.ch.SocketChannelImpl.finishConnect(SocketChannelImpl.java:717)
	at org.apache.ratis.thirdparty.io.netty.channel.socket.nio.NioSocketChannel.doFinishConnect(NioSocketChannel.java:327)
	at org.apache.ratis.thirdparty.io.netty.channel.nio.AbstractNioChannel$AbstractNioUnsafe.finishConnect(AbstractNioChannel.java:340)
	at org.apache.ratis.thirdparty.io.netty.channel.nio.NioEventLoop.processSelectedKey(NioEventLoop.java:632)
	at org.apache.ratis.thirdparty.io.netty.channel.nio.NioEventLoop.processSelectedKeysOptimized(NioEventLoop.java:579)
	at org.apache.ratis.thirdparty.io.netty.channel.nio.NioEventLoop.processSelectedKeys(NioEventLoop.java:496)
	at org.apache.ratis.thirdparty.io.netty.channel.nio.NioEventLoop.run(NioEventLoop.java:458)
	at org.apache.ratis.thirdparty.io.netty.util.concurrent.SingleThreadEventExecutor$5.run(SingleThreadEventExecutor.java:897)
	at org.apache.ratis.thirdparty.io.netty.util.concurrent.FastThreadLocalRunnable.run(FastThreadLocalRunnable.java:30)
	... 1 more
Caused by: java.net.ConnectException: Connection refused
	... 11 more
2019-09-28 01:20:05,192 [482bab89-bbed-45e7-a2a4-226291146823@group-28E788FD6B37:LeaderElection106] INFO  impl.LeaderElection (LeaderElection.java:logAndReturn(56)) - 482bab89-bbed-45e7-a2a4-226291146823@group-28E788FD6B37:LeaderElection106: Election REJECTED; received 0 response(s) [] and 2 exception(s); 482bab89-bbed-45e7-a2a4-226291146823@group-28E788FD6B37:t10, leader=null, voted=482bab89-bbed-45e7-a2a4-226291146823, raftlog=482bab89-bbed-45e7-a2a4-226291146823@group-28E788FD6B37-SegmentedRaftLog:OPENED:c0,f0,i0, conf=0: [8e564692-438a-4cca-bbaf-5fbe943d4762:192.168.151.82:44652, 37708db1-82ca-49f3-b412-795edcbfeb9a:192.168.151.82:33696, 482bab89-bbed-45e7-a2a4-226291146823:192.168.151.82:43977], old=null
2019-09-28 01:20:05,192 [482bab89-bbed-45e7-a2a4-226291146823@group-28E788FD6B37:LeaderElection106] INFO  impl.LeaderElection (LogUtils.java:infoOrTrace(149)) -   Exception 0: {}
java.util.concurrent.ExecutionException: org.apache.ratis.thirdparty.io.grpc.StatusRuntimeException: UNAVAILABLE: io exception
	at java.util.concurrent.FutureTask.report(FutureTask.java:122)
	at java.util.concurrent.FutureTask.get(FutureTask.java:192)
	at org.apache.ratis.server.impl.LeaderElection.waitForResults(LeaderElection.java:263)
	at org.apache.ratis.server.impl.LeaderElection.askForVotes(LeaderElection.java:201)
	at org.apache.ratis.server.impl.LeaderElection.run(LeaderElection.java:133)
	at java.lang.Thread.run(Thread.java:748)
Caused by: org.apache.ratis.thirdparty.io.grpc.StatusRuntimeException: UNAVAILABLE: io exception
	at org.apache.ratis.thirdparty.io.grpc.stub.ClientCalls.toStatusRuntimeException(ClientCalls.java:233)
	at org.apache.ratis.thirdparty.io.grpc.stub.ClientCalls.getUnchecked(ClientCalls.java:214)
	at org.apache.ratis.thirdparty.io.grpc.stub.ClientCalls.blockingUnaryCall(ClientCalls.java:139)
	at org.apache.ratis.proto.grpc.RaftServerProtocolServiceGrpc$RaftServerProtocolServiceBlockingStub.requestVote(RaftServerProtocolServiceGrpc.java:265)
	at org.apache.ratis.grpc.server.GrpcServerProtocolClient.requestVote(GrpcServerProtocolClient.java:90)
	at org.apache.ratis.grpc.server.GrpcService.requestVote(GrpcService.java:204)
	at org.apache.ratis.server.impl.LeaderElection.lambda$submitRequests$1(LeaderElection.java:238)
	at java.util.concurrent.FutureTask.run(FutureTask.java:266)
	at java.util.concurrent.Executors$RunnableAdapter.call(Executors.java:511)
	at java.util.concurrent.FutureTask.run(FutureTask.java:266)
	at java.util.concurrent.ThreadPoolExecutor.runWorker(ThreadPoolExecutor.java:1149)
	at java.util.concurrent.ThreadPoolExecutor$Worker.run(ThreadPoolExecutor.java:624)
	... 1 more
Caused by: org.apache.ratis.thirdparty.io.netty.channel.AbstractChannel$AnnotatedConnectException: Connection refused: /192.168.151.82:44652
	at sun.nio.ch.SocketChannelImpl.checkConnect(Native Method)
	at sun.nio.ch.SocketChannelImpl.finishConnect(SocketChannelImpl.java:717)
	at org.apache.ratis.thirdparty.io.netty.channel.socket.nio.NioSocketChannel.doFinishConnect(NioSocketChannel.java:327)
	at org.apache.ratis.thirdparty.io.netty.channel.nio.AbstractNioChannel$AbstractNioUnsafe.finishConnect(AbstractNioChannel.java:340)
	at org.apache.ratis.thirdparty.io.netty.channel.nio.NioEventLoop.processSelectedKey(NioEventLoop.java:632)
	at org.apache.ratis.thirdparty.io.netty.channel.nio.NioEventLoop.processSelectedKeysOptimized(NioEventLoop.java:579)
	at org.apache.ratis.thirdparty.io.netty.channel.nio.NioEventLoop.processSelectedKeys(NioEventLoop.java:496)
	at org.apache.ratis.thirdparty.io.netty.channel.nio.NioEventLoop.run(NioEventLoop.java:458)
	at org.apache.ratis.thirdparty.io.netty.util.concurrent.SingleThreadEventExecutor$5.run(SingleThreadEventExecutor.java:897)
	at org.apache.ratis.thirdparty.io.netty.util.concurrent.FastThreadLocalRunnable.run(FastThreadLocalRunnable.java:30)
	... 1 more
Caused by: java.net.ConnectException: Connection refused
	... 11 more
2019-09-28 01:20:05,193 [482bab89-bbed-45e7-a2a4-226291146823@group-28E788FD6B37:LeaderElection106] INFO  impl.LeaderElection (LogUtils.java:infoOrTrace(149)) -   Exception 1: {}
java.util.concurrent.ExecutionException: org.apache.ratis.thirdparty.io.grpc.StatusRuntimeException: UNAVAILABLE: io exception
	at java.util.concurrent.FutureTask.report(FutureTask.java:122)
	at java.util.concurrent.FutureTask.get(FutureTask.java:192)
	at org.apache.ratis.server.impl.LeaderElection.waitForResults(LeaderElection.java:263)
	at org.apache.ratis.server.impl.LeaderElection.askForVotes(LeaderElection.java:201)
	at org.apache.ratis.server.impl.LeaderElection.run(LeaderElection.java:133)
	at java.lang.Thread.run(Thread.java:748)
Caused by: org.apache.ratis.thirdparty.io.grpc.StatusRuntimeException: UNAVAILABLE: io exception
	at org.apache.ratis.thirdparty.io.grpc.stub.ClientCalls.toStatusRuntimeException(ClientCalls.java:233)
	at org.apache.ratis.thirdparty.io.grpc.stub.ClientCalls.getUnchecked(ClientCalls.java:214)
	at org.apache.ratis.thirdparty.io.grpc.stub.ClientCalls.blockingUnaryCall(ClientCalls.java:139)
	at org.apache.ratis.proto.grpc.RaftServerProtocolServiceGrpc$RaftServerProtocolServiceBlockingStub.requestVote(RaftServerProtocolServiceGrpc.java:265)
	at org.apache.ratis.grpc.server.GrpcServerProtocolClient.requestVote(GrpcServerProtocolClient.java:90)
	at org.apache.ratis.grpc.server.GrpcService.requestVote(GrpcService.java:204)
	at org.apache.ratis.server.impl.LeaderElection.lambda$submitRequests$1(LeaderElection.java:238)
	at java.util.concurrent.FutureTask.run(FutureTask.java:266)
	at java.util.concurrent.Executors$RunnableAdapter.call(Executors.java:511)
	at java.util.concurrent.FutureTask.run(FutureTask.java:266)
	at java.util.concurrent.ThreadPoolExecutor.runWorker(ThreadPoolExecutor.java:1149)
	at java.util.concurrent.ThreadPoolExecutor$Worker.run(ThreadPoolExecutor.java:624)
	... 1 more
Caused by: org.apache.ratis.thirdparty.io.netty.channel.AbstractChannel$AnnotatedConnectException: Connection refused: /192.168.151.82:33696
	at sun.nio.ch.SocketChannelImpl.checkConnect(Native Method)
	at sun.nio.ch.SocketChannelImpl.finishConnect(SocketChannelImpl.java:717)
	at org.apache.ratis.thirdparty.io.netty.channel.socket.nio.NioSocketChannel.doFinishConnect(NioSocketChannel.java:327)
	at org.apache.ratis.thirdparty.io.netty.channel.nio.AbstractNioChannel$AbstractNioUnsafe.finishConnect(AbstractNioChannel.java:340)
	at org.apache.ratis.thirdparty.io.netty.channel.nio.NioEventLoop.processSelectedKey(NioEventLoop.java:632)
	at org.apache.ratis.thirdparty.io.netty.channel.nio.NioEventLoop.processSelectedKeysOptimized(NioEventLoop.java:579)
	at org.apache.ratis.thirdparty.io.netty.channel.nio.NioEventLoop.processSelectedKeys(NioEventLoop.java:496)
	at org.apache.ratis.thirdparty.io.netty.channel.nio.NioEventLoop.run(NioEventLoop.java:458)
	at org.apache.ratis.thirdparty.io.netty.util.concurrent.SingleThreadEventExecutor$5.run(SingleThreadEventExecutor.java:897)
	at org.apache.ratis.thirdparty.io.netty.util.concurrent.FastThreadLocalRunnable.run(FastThreadLocalRunnable.java:30)
	... 1 more
Caused by: java.net.ConnectException: Connection refused
	... 11 more
2019-09-28 01:20:05,193 [482bab89-bbed-45e7-a2a4-226291146823@group-28E788FD6B37:LeaderElection106] INFO  impl.RaftServerImpl (RaftServerImpl.java:setRole(174)) - 482bab89-bbed-45e7-a2a4-226291146823@group-28E788FD6B37: changes role from CANDIDATE to FOLLOWER at term 10 for DISCOVERED_A_NEW_TERM
2019-09-28 01:20:05,193 [482bab89-bbed-45e7-a2a4-226291146823@group-28E788FD6B37:LeaderElection106] INFO  impl.RoleInfo (RoleInfo.java:shutdownLeaderElection(134)) - 482bab89-bbed-45e7-a2a4-226291146823: shutdown LeaderElection
2019-09-28 01:20:05,194 [482bab89-bbed-45e7-a2a4-226291146823@group-28E788FD6B37:LeaderElection106] INFO  impl.RoleInfo (RoleInfo.java:updateAndGet(143)) - 482bab89-bbed-45e7-a2a4-226291146823: start FollowerState
2019-09-28 01:20:05,316 [ForkJoinPool.commonPool-worker-0] INFO  ozoneimpl.OzoneContainer (OzoneContainer.java:stop(231)) - Attempting to stop container services.
2019-09-28 01:20:05,317 [main] INFO  ozoneimpl.OzoneContainer (OzoneContainer.java:stop(231)) - Attempting to stop container services.
2019-09-28 01:20:05,317 [ForkJoinPool.commonPool-worker-0] INFO  impl.RaftServerProxy (RaftServerProxy.java:lambda$close$4(314)) - b37755ce-c4af-4380-b35a-3b0325863f58: close
2019-09-28 01:20:05,317 [main] INFO  impl.RaftServerProxy (RaftServerProxy.java:lambda$close$4(314)) - 482bab89-bbed-45e7-a2a4-226291146823: close
2019-09-28 01:20:05,318 [ForkJoinPool.commonPool-worker-0] INFO  impl.RaftServerImpl (RaftServerImpl.java:lambda$shutdown$3(251)) - b37755ce-c4af-4380-b35a-3b0325863f58@group-4BC405BA9678: shutdown
2019-09-28 01:20:05,318 [main] INFO  impl.RaftServerImpl (RaftServerImpl.java:lambda$shutdown$3(251)) - 482bab89-bbed-45e7-a2a4-226291146823@group-B1DB978B50CA: shutdown
2019-09-28 01:20:05,319 [ForkJoinPool.commonPool-worker-0] INFO  util.JmxRegister (JmxRegister.java:unregister(73)) - Successfully un-registered JMX Bean with object name Ratis:service=RaftServer,group=group-4BC405BA9678,id=b37755ce-c4af-4380-b35a-3b0325863f58
2019-09-28 01:20:05,319 [main] INFO  util.JmxRegister (JmxRegister.java:unregister(73)) - Successfully un-registered JMX Bean with object name Ratis:service=RaftServer,group=group-B1DB978B50CA,id=482bab89-bbed-45e7-a2a4-226291146823
2019-09-28 01:20:05,320 [main] INFO  impl.RoleInfo (RoleInfo.java:shutdownLeaderState(104)) - 482bab89-bbed-45e7-a2a4-226291146823: shutdown LeaderState
2019-09-28 01:20:05,319 [ForkJoinPool.commonPool-worker-0] INFO  impl.RoleInfo (RoleInfo.java:shutdownLeaderState(104)) - b37755ce-c4af-4380-b35a-3b0325863f58: shutdown LeaderState
2019-09-28 01:20:05,320 [main] INFO  impl.PendingRequests (PendingRequests.java:sendNotLeaderResponses(202)) - 482bab89-bbed-45e7-a2a4-226291146823-PendingRequests: sendNotLeaderResponses
2019-09-28 01:20:05,321 [ForkJoinPool.commonPool-worker-0] INFO  impl.PendingRequests (PendingRequests.java:sendNotLeaderResponses(202)) - b37755ce-c4af-4380-b35a-3b0325863f58-PendingRequests: sendNotLeaderResponses
2019-09-28 01:20:05,321 [main] INFO  impl.StateMachineUpdater (StateMachineUpdater.java:stopAndJoin(125)) - 482bab89-bbed-45e7-a2a4-226291146823@group-B1DB978B50CA-StateMachineUpdater: set stopIndex = 0
2019-09-28 01:20:05,322 [main] INFO  impl.RaftServerImpl (ServerState.java:close(385)) - 482bab89-bbed-45e7-a2a4-226291146823@group-B1DB978B50CA: closes. applyIndex: 0
2019-09-28 01:20:05,321 [ForkJoinPool.commonPool-worker-0] INFO  impl.StateMachineUpdater (StateMachineUpdater.java:stopAndJoin(125)) - b37755ce-c4af-4380-b35a-3b0325863f58@group-4BC405BA9678-StateMachineUpdater: set stopIndex = 0
2019-09-28 01:20:05,323 [482bab89-bbed-45e7-a2a4-226291146823@group-B1DB978B50CA-SegmentedRaftLogWorker] INFO  segmented.SegmentedRaftLogWorker (SegmentedRaftLogWorker.java:run(313)) - 482bab89-bbed-45e7-a2a4-226291146823@group-B1DB978B50CA-SegmentedRaftLogWorker was interrupted, exiting. There are 0 tasks remaining in the queue.
2019-09-28 01:20:05,323 [ForkJoinPool.commonPool-worker-0] INFO  impl.RaftServerImpl (ServerState.java:close(385)) - b37755ce-c4af-4380-b35a-3b0325863f58@group-4BC405BA9678: closes. applyIndex: 0
2019-09-28 01:20:05,323 [main] INFO  segmented.SegmentedRaftLogWorker (SegmentedRaftLogWorker.java:close(228)) - 482bab89-bbed-45e7-a2a4-226291146823@group-B1DB978B50CA-SegmentedRaftLogWorker close()
2019-09-28 01:20:05,323 [b37755ce-c4af-4380-b35a-3b0325863f58@group-4BC405BA9678-SegmentedRaftLogWorker] INFO  segmented.SegmentedRaftLogWorker (SegmentedRaftLogWorker.java:run(313)) - b37755ce-c4af-4380-b35a-3b0325863f58@group-4BC405BA9678-SegmentedRaftLogWorker was interrupted, exiting. There are 0 tasks remaining in the queue.
2019-09-28 01:20:05,326 [main] INFO  impl.RaftServerImpl (RaftServerImpl.java:lambda$shutdown$3(251)) - 482bab89-bbed-45e7-a2a4-226291146823@group-28E788FD6B37: shutdown
2019-09-28 01:20:05,326 [ForkJoinPool.commonPool-worker-0] INFO  segmented.SegmentedRaftLogWorker (SegmentedRaftLogWorker.java:close(228)) - b37755ce-c4af-4380-b35a-3b0325863f58@group-4BC405BA9678-SegmentedRaftLogWorker close()
2019-09-28 01:20:05,326 [main] INFO  util.JmxRegister (JmxRegister.java:unregister(73)) - Successfully un-registered JMX Bean with object name Ratis:service=RaftServer,group=group-28E788FD6B37,id=482bab89-bbed-45e7-a2a4-226291146823
2019-09-28 01:20:05,329 [main] INFO  impl.RoleInfo (RoleInfo.java:shutdownFollowerState(121)) - 482bab89-bbed-45e7-a2a4-226291146823: shutdown FollowerState
2019-09-28 01:20:05,328 [ForkJoinPool.commonPool-worker-0] INFO  impl.RaftServerImpl (RaftServerImpl.java:lambda$shutdown$3(251)) - b37755ce-c4af-4380-b35a-3b0325863f58@group-393F5BFE9DF9: shutdown
2019-09-28 01:20:05,329 [Thread-5839] INFO  impl.FollowerState (FollowerState.java:run(115)) - 482bab89-bbed-45e7-a2a4-226291146823: FollowerState was interrupted: java.lang.InterruptedException: sleep interrupted
2019-09-28 01:20:05,329 [main] INFO  impl.StateMachineUpdater (StateMachineUpdater.java:stopAndJoin(125)) - 482bab89-bbed-45e7-a2a4-226291146823@group-28E788FD6B37-StateMachineUpdater: set stopIndex = 0
2019-09-28 01:20:05,329 [ForkJoinPool.commonPool-worker-0] INFO  util.JmxRegister (JmxRegister.java:unregister(73)) - Successfully un-registered JMX Bean with object name Ratis:service=RaftServer,group=group-393F5BFE9DF9,id=b37755ce-c4af-4380-b35a-3b0325863f58
2019-09-28 01:20:05,330 [main] INFO  impl.RaftServerImpl (ServerState.java:close(385)) - 482bab89-bbed-45e7-a2a4-226291146823@group-28E788FD6B37: closes. applyIndex: 0
2019-09-28 01:20:05,331 [ForkJoinPool.commonPool-worker-0] INFO  impl.RoleInfo (RoleInfo.java:shutdownFollowerState(121)) - b37755ce-c4af-4380-b35a-3b0325863f58: shutdown FollowerState
2019-09-28 01:20:05,331 [482bab89-bbed-45e7-a2a4-226291146823@group-28E788FD6B37-SegmentedRaftLogWorker] INFO  segmented.SegmentedRaftLogWorker (SegmentedRaftLogWorker.java:run(313)) - 482bab89-bbed-45e7-a2a4-226291146823@group-28E788FD6B37-SegmentedRaftLogWorker was interrupted, exiting. There are 0 tasks remaining in the queue.
2019-09-28 01:20:05,331 [ForkJoinPool.commonPool-worker-0] INFO  impl.StateMachineUpdater (StateMachineUpdater.java:stopAndJoin(125)) - b37755ce-c4af-4380-b35a-3b0325863f58@group-393F5BFE9DF9-StateMachineUpdater: set stopIndex = 0
2019-09-28 01:20:05,332 [main] INFO  segmented.SegmentedRaftLogWorker (SegmentedRaftLogWorker.java:close(228)) - 482bab89-bbed-45e7-a2a4-226291146823@group-28E788FD6B37-SegmentedRaftLogWorker close()
2019-09-28 01:20:05,331 [Thread-5835] INFO  impl.FollowerState (FollowerState.java:run(115)) - b37755ce-c4af-4380-b35a-3b0325863f58: FollowerState was interrupted: java.lang.InterruptedException: sleep interrupted
2019-09-28 01:20:05,334 [main] INFO  server.GrpcService (GrpcService.java:closeImpl(164)) - 482bab89-bbed-45e7-a2a4-226291146823: shutdown server with port 43977 now
2019-09-28 01:20:05,332 [ForkJoinPool.commonPool-worker-0] INFO  impl.RaftServerImpl (ServerState.java:close(385)) - b37755ce-c4af-4380-b35a-3b0325863f58@group-393F5BFE9DF9: closes. applyIndex: 0
2019-09-28 01:20:05,335 [main] INFO  server.GrpcService (GrpcService.java:closeImpl(172)) - 482bab89-bbed-45e7-a2a4-226291146823: shutdown server with port 43977 successfully
2019-09-28 01:20:05,335 [b37755ce-c4af-4380-b35a-3b0325863f58@group-393F5BFE9DF9-SegmentedRaftLogWorker] INFO  segmented.SegmentedRaftLogWorker (SegmentedRaftLogWorker.java:run(313)) - b37755ce-c4af-4380-b35a-3b0325863f58@group-393F5BFE9DF9-SegmentedRaftLogWorker was interrupted, exiting. There are 0 tasks remaining in the queue.
2019-09-28 01:20:05,335 [ForkJoinPool.commonPool-worker-0] INFO  segmented.SegmentedRaftLogWorker (SegmentedRaftLogWorker.java:close(228)) - b37755ce-c4af-4380-b35a-3b0325863f58@group-393F5BFE9DF9-SegmentedRaftLogWorker close()
2019-09-28 01:20:05,339 [ForkJoinPool.commonPool-worker-0] INFO  server.GrpcService (GrpcService.java:closeImpl(164)) - b37755ce-c4af-4380-b35a-3b0325863f58: shutdown server with port 45195 now
2019-09-28 01:20:05,339 [ForkJoinPool.commonPool-worker-0] INFO  server.GrpcService (GrpcService.java:closeImpl(172)) - b37755ce-c4af-4380-b35a-3b0325863f58: shutdown server with port 45195 successfully
2019-09-28 01:20:05,339 [refreshUsed-/workdir/hadoop-ozone/integration-test/target/test-dir/MiniOzoneClusterImpl-8d3ed4ce-f2e5-424c-95d5-a4ae13d3a978/datanode-7/data/containers] WARN  fs.CachingGetSpaceUsed (CachingGetSpaceUsed.java:run(183)) - Thread Interrupted waiting to refresh disk information: sleep interrupted
2019-09-28 01:20:05,344 [refreshUsed-/workdir/hadoop-ozone/integration-test/target/test-dir/MiniOzoneClusterImpl-8d3ed4ce-f2e5-424c-95d5-a4ae13d3a978/datanode-1/data/containers] WARN  fs.CachingGetSpaceUsed (CachingGetSpaceUsed.java:run(183)) - Thread Interrupted waiting to refresh disk information: sleep interrupted
2019-09-28 01:20:05,372 [main] INFO  utils.BackgroundService (BackgroundService.java:shutdown(148)) - Shutting down service BlockDeletingService
2019-09-28 01:20:05,376 [main] INFO  statemachine.DatanodeStateMachine (DatanodeStateMachine.java:stopDaemon(395)) - Ozone container server stopped.
2019-09-28 01:20:05,377 [ForkJoinPool.commonPool-worker-0] INFO  utils.BackgroundService (BackgroundService.java:shutdown(148)) - Shutting down service BlockDeletingService
2019-09-28 01:20:05,378 [main] INFO  handler.ContextHandler (ContextHandler.java:doStop(910)) - Stopped o.e.j.w.WebAppContext@2dafae61{/,null,UNAVAILABLE}{/hddsDatanode}
2019-09-28 01:20:05,381 [ForkJoinPool.commonPool-worker-0] INFO  statemachine.DatanodeStateMachine (DatanodeStateMachine.java:stopDaemon(395)) - Ozone container server stopped.
2019-09-28 01:20:05,382 [main] INFO  server.AbstractConnector (AbstractConnector.java:doStop(318)) - Stopped ServerConnector@7a2fce12{HTTP/1.1,[http/1.1]}{0.0.0.0:0}
2019-09-28 01:20:05,383 [main] INFO  handler.ContextHandler (ContextHandler.java:doStop(910)) - Stopped o.e.j.s.ServletContextHandler@1c8f6c66{/static,jar:file:/home/user/.m2/repository/org/apache/hadoop/hadoop-hdds-container-service/0.5.0-SNAPSHOT/hadoop-hdds-container-service-0.5.0-SNAPSHOT.jar!/webapps/static,UNAVAILABLE}
2019-09-28 01:20:05,384 [ForkJoinPool.commonPool-worker-0] INFO  handler.ContextHandler (ContextHandler.java:doStop(910)) - Stopped o.e.j.w.WebAppContext@10850d17{/,null,UNAVAILABLE}{/hddsDatanode}
2019-09-28 01:20:05,385 [main] INFO  handler.ContextHandler (ContextHandler.java:doStop(910)) - Stopped o.e.j.s.ServletContextHandler@1b3ab4f9{/logs,file:///workdir/hadoop-ozone/integration-test/target/log,UNAVAILABLE}
2019-09-28 01:20:05,385 [ForkJoinPool.commonPool-worker-0] INFO  server.AbstractConnector (AbstractConnector.java:doStop(318)) - Stopped ServerConnector@51e754e1{HTTP/1.1,[http/1.1]}{0.0.0.0:0}
2019-09-28 01:20:05,387 [ForkJoinPool.commonPool-worker-0] INFO  handler.ContextHandler (ContextHandler.java:doStop(910)) - Stopped o.e.j.s.ServletContextHandler@5700c9db{/static,jar:file:/home/user/.m2/repository/org/apache/hadoop/hadoop-hdds-container-service/0.5.0-SNAPSHOT/hadoop-hdds-container-service-0.5.0-SNAPSHOT.jar!/webapps/static,UNAVAILABLE}
2019-09-28 01:20:05,389 [ForkJoinPool.commonPool-worker-0] INFO  handler.ContextHandler (ContextHandler.java:doStop(910)) - Stopped o.e.j.s.ServletContextHandler@73afe2b7{/logs,file:///workdir/hadoop-ozone/integration-test/target/log,UNAVAILABLE}
2019-09-28 01:20:05,390 [main] INFO  ozone.MiniOzoneClusterImpl (MiniOzoneClusterImpl.java:stopSCM(392)) - Stopping the StorageContainerManager
2019-09-28 01:20:05,390 [main] INFO  server.StorageContainerManager (StorageContainerManager.java:stop(808)) - Stopping Replication Manager Service.
2019-09-28 01:20:05,390 [main] INFO  container.ReplicationManager (ReplicationManager.java:stop(203)) - Stopping Replication Monitor Thread.
2019-09-28 01:20:05,390 [main] INFO  server.StorageContainerManager (StorageContainerManager.java:stop(815)) - Stopping Lease Manager of the command watchers
2019-09-28 01:20:05,391 [main] INFO  server.StorageContainerManager (StorageContainerManager.java:stop(822)) - Stopping datanode service RPC server
2019-09-28 01:20:05,391 [main] INFO  server.SCMDatanodeProtocolServer (SCMDatanodeProtocolServer.java:stop(367)) - Stopping the RPC server for DataNodes
2019-09-28 01:20:05,391 [main] INFO  ipc.Server (Server.java:stop(3082)) - Stopping server on 39740
2019-09-28 01:20:05,394 [IPC Server listener on 39740] INFO  ipc.Server (Server.java:run(1185)) - Stopping IPC Server listener on 39740
2019-09-28 01:20:05,394 [IPC Server Responder] INFO  ipc.Server (Server.java:run(1319)) - Stopping IPC Server Responder
2019-09-28 01:20:05,396 [SCM Heartbeat Processing Thread - 0] WARN  node.NodeStateManager (NodeStateManager.java:scheduleNextHealthCheck(646)) - Current Thread is interrupted, shutting down HB processing thread for Node Manager.
2019-09-28 01:20:05,396 [main] INFO  server.StorageContainerManager (StorageContainerManager.java:stop(830)) - Stopping block service RPC server
2019-09-28 01:20:05,397 [main] INFO  server.SCMBlockProtocolServer (SCMBlockProtocolServer.java:stop(155)) - Stopping the RPC server for Block Protocol
2019-09-28 01:20:05,397 [main] INFO  ipc.Server (Server.java:stop(3082)) - Stopping server on 35055
2019-09-28 01:20:05,399 [IPC Server listener on 35055] INFO  ipc.Server (Server.java:run(1185)) - Stopping IPC Server listener on 35055
2019-09-28 01:20:05,399 [main] INFO  server.StorageContainerManager (StorageContainerManager.java:stop(837)) - Stopping the StorageContainerLocationProtocol RPC server
2019-09-28 01:20:05,401 [IPC Server Responder] INFO  ipc.Server (Server.java:run(1319)) - Stopping IPC Server Responder
2019-09-28 01:20:05,401 [main] INFO  server.SCMClientProtocolServer (SCMClientProtocolServer.java:stop(158)) - Stopping the RPC server for Client Protocol
2019-09-28 01:20:05,401 [main] INFO  ipc.Server (Server.java:stop(3082)) - Stopping server on 36266
2019-09-28 01:20:05,404 [IPC Server listener on 36266] INFO  ipc.Server (Server.java:run(1185)) - Stopping IPC Server listener on 36266
2019-09-28 01:20:05,404 [IPC Server Responder] INFO  ipc.Server (Server.java:run(1319)) - Stopping IPC Server Responder
2019-09-28 01:20:05,404 [main] INFO  server.StorageContainerManager (StorageContainerManager.java:stop(844)) - Stopping Storage Container Manager HTTP server.
2019-09-28 01:20:05,406 [main] INFO  handler.ContextHandler (ContextHandler.java:doStop(910)) - Stopped o.e.j.w.WebAppContext@25be445f{/,null,UNAVAILABLE}{/scm}
2019-09-28 01:20:05,407 [main] INFO  server.AbstractConnector (AbstractConnector.java:doStop(318)) - Stopped ServerConnector@5d1b1c2a{HTTP/1.1,[http/1.1]}{0.0.0.0:0}
2019-09-28 01:20:05,407 [main] INFO  handler.ContextHandler (ContextHandler.java:doStop(910)) - Stopped o.e.j.s.ServletContextHandler@7bdf61ad{/static,file:///workdir/hadoop-ozone/integration-test/target/test-classes/webapps/static,UNAVAILABLE}
2019-09-28 01:20:05,407 [main] INFO  handler.ContextHandler (ContextHandler.java:doStop(910)) - Stopped o.e.j.s.ServletContextHandler@1d98daa0{/logs,file:///workdir/hadoop-ozone/integration-test/target/log,UNAVAILABLE}
2019-09-28 01:20:05,408 [main] INFO  server.StorageContainerManager (StorageContainerManager.java:stop(855)) - Stopping Block Manager Service.
2019-09-28 01:20:05,409 [main] INFO  utils.BackgroundService (BackgroundService.java:shutdown(148)) - Shutting down service SCMBlockDeletingService
2019-09-28 01:20:05,409 [main] INFO  utils.BackgroundService (BackgroundService.java:shutdown(148)) - Shutting down service SCMBlockDeletingService
2019-09-28 01:20:05,409 [main] INFO  server.StorageContainerManager (StorageContainerManager.java:stop(877)) - Stopping SCM Event Queue.
2019-09-28 01:20:05,414 [main] INFO  impl.MetricsSystemImpl (MetricsSystemImpl.java:stop(210)) - Stopping HddsDatanode metrics system...
2019-09-28 01:20:05,435 [main] INFO  impl.MetricsSystemImpl (MetricsSystemImpl.java:stop(216)) - HddsDatanode metrics system stopped.
]]></system-out>
    <system-err><![CDATA[Sep 28, 2019 1:19:44 AM org.apache.ratis.thirdparty.io.grpc.internal.SerializingExecutor run
SEVERE: Exception while executing runnable org.apache.ratis.thirdparty.io.grpc.internal.ServerImpl$JumpToApplicationThreadServerStreamListener$1Closed@6ac281e6
org.apache.ratis.thirdparty.io.grpc.StatusRuntimeException: CANCELLED: call already cancelled
	at org.apache.ratis.thirdparty.io.grpc.Status.asRuntimeException(Status.java:517)
	at org.apache.ratis.thirdparty.io.grpc.stub.ServerCalls$ServerCallStreamObserverImpl.onCompleted(ServerCalls.java:356)
	at org.apache.ratis.grpc.server.GrpcServerProtocolService$ServerRequestStreamObserver.onError(GrpcServerProtocolService.java:121)
	at org.apache.ratis.thirdparty.io.grpc.stub.ServerCalls$StreamingServerCallHandler$StreamingServerCallListener.onCancel(ServerCalls.java:269)
	at org.apache.ratis.thirdparty.io.grpc.internal.ServerCallImpl$ServerStreamListenerImpl.closed(ServerCallImpl.java:293)
	at org.apache.ratis.thirdparty.io.grpc.internal.ServerImpl$JumpToApplicationThreadServerStreamListener$1Closed.runInContext(ServerImpl.java:741)
	at org.apache.ratis.thirdparty.io.grpc.internal.ContextRunnable.run(ContextRunnable.java:37)
	at org.apache.ratis.thirdparty.io.grpc.internal.SerializingExecutor.run(SerializingExecutor.java:123)
	at java.util.concurrent.ThreadPoolExecutor.runWorker(ThreadPoolExecutor.java:1149)
	at java.util.concurrent.ThreadPoolExecutor$Worker.run(ThreadPoolExecutor.java:624)
	at java.lang.Thread.run(Thread.java:748)

Sep 28, 2019 1:19:44 AM org.apache.ratis.thirdparty.io.grpc.internal.SerializingExecutor run
SEVERE: Exception while executing runnable org.apache.ratis.thirdparty.io.grpc.internal.ServerImpl$JumpToApplicationThreadServerStreamListener$1Closed@4663e344
org.apache.ratis.thirdparty.io.grpc.StatusRuntimeException: CANCELLED: call already cancelled
	at org.apache.ratis.thirdparty.io.grpc.Status.asRuntimeException(Status.java:517)
	at org.apache.ratis.thirdparty.io.grpc.stub.ServerCalls$ServerCallStreamObserverImpl.onCompleted(ServerCalls.java:356)
	at org.apache.ratis.grpc.server.GrpcServerProtocolService$ServerRequestStreamObserver.onError(GrpcServerProtocolService.java:121)
	at org.apache.ratis.thirdparty.io.grpc.stub.ServerCalls$StreamingServerCallHandler$StreamingServerCallListener.onCancel(ServerCalls.java:269)
	at org.apache.ratis.thirdparty.io.grpc.internal.ServerCallImpl$ServerStreamListenerImpl.closed(ServerCallImpl.java:293)
	at org.apache.ratis.thirdparty.io.grpc.internal.ServerImpl$JumpToApplicationThreadServerStreamListener$1Closed.runInContext(ServerImpl.java:741)
	at org.apache.ratis.thirdparty.io.grpc.internal.ContextRunnable.run(ContextRunnable.java:37)
	at org.apache.ratis.thirdparty.io.grpc.internal.SerializingExecutor.run(SerializingExecutor.java:123)
	at java.util.concurrent.ThreadPoolExecutor.runWorker(ThreadPoolExecutor.java:1149)
	at java.util.concurrent.ThreadPoolExecutor$Worker.run(ThreadPoolExecutor.java:624)
	at java.lang.Thread.run(Thread.java:748)

]]></system-err>
  </testcase>
  <testcase name="testBlockWritesWithDnFailures" classname="org.apache.hadoop.ozone.client.rpc.TestFailureHandlingByClient" time="143.292">
    <error message="Connection refused" type="java.net.ConnectException"><![CDATA[java.net.ConnectException: Connection refused
	at sun.nio.ch.SocketChannelImpl.checkConnect(Native Method)
	at sun.nio.ch.SocketChannelImpl.finishConnect(SocketChannelImpl.java:717)
	at org.apache.hadoop.net.SocketIOWithTimeout.connect(SocketIOWithTimeout.java:206)
	at org.apache.hadoop.net.NetUtils.connect(NetUtils.java:531)
	at org.apache.hadoop.ipc.Client$Connection.setupConnection(Client.java:690)
	at org.apache.hadoop.ipc.Client$Connection.setupIOstreams(Client.java:794)
	at org.apache.hadoop.ipc.Client$Connection.access$3700(Client.java:411)
	at org.apache.hadoop.ipc.Client.getConnection(Client.java:1572)
	at org.apache.hadoop.ipc.Client.call(Client.java:1403)
	at org.apache.hadoop.ipc.Client.call(Client.java:1367)
	at org.apache.hadoop.ipc.ProtobufRpcEngine$Invoker.invoke(ProtobufRpcEngine.java:228)
	at org.apache.hadoop.ipc.ProtobufRpcEngine$Invoker.invoke(ProtobufRpcEngine.java:116)
	at com.sun.proxy.$Proxy35.submitRequest(Unknown Source)
	at sun.reflect.GeneratedMethodAccessor36.invoke(Unknown Source)
	at sun.reflect.DelegatingMethodAccessorImpl.invoke(DelegatingMethodAccessorImpl.java:43)
	at java.lang.reflect.Method.invoke(Method.java:498)
	at org.apache.hadoop.io.retry.RetryInvocationHandler.invokeMethod(RetryInvocationHandler.java:422)
	at org.apache.hadoop.io.retry.RetryInvocationHandler$Call.invokeMethod(RetryInvocationHandler.java:165)
	at org.apache.hadoop.io.retry.RetryInvocationHandler$Call.invoke(RetryInvocationHandler.java:157)
	at org.apache.hadoop.io.retry.RetryInvocationHandler$Call.invokeOnce(RetryInvocationHandler.java:95)
	at org.apache.hadoop.io.retry.RetryInvocationHandler.invoke(RetryInvocationHandler.java:359)
	at com.sun.proxy.$Proxy35.submitRequest(Unknown Source)
	at org.apache.hadoop.ozone.om.protocolPB.OzoneManagerProtocolClientSideTranslatorPB.submitRequest(OzoneManagerProtocolClientSideTranslatorPB.java:338)
	at org.apache.hadoop.ozone.om.protocolPB.OzoneManagerProtocolClientSideTranslatorPB.getServiceInfo(OzoneManagerProtocolClientSideTranslatorPB.java:1223)
	at sun.reflect.NativeMethodAccessorImpl.invoke0(Native Method)
	at sun.reflect.NativeMethodAccessorImpl.invoke(NativeMethodAccessorImpl.java:62)
	at sun.reflect.DelegatingMethodAccessorImpl.invoke(DelegatingMethodAccessorImpl.java:43)
	at java.lang.reflect.Method.invoke(Method.java:498)
	at org.apache.hadoop.hdds.tracing.TraceAllMethod.invoke(TraceAllMethod.java:66)
	at com.sun.proxy.$Proxy36.getServiceInfo(Unknown Source)
	at org.apache.hadoop.ozone.client.rpc.RpcClient.<init>(RpcClient.java:154)
	at org.apache.hadoop.ozone.client.OzoneClientFactory.getClientProtocol(OzoneClientFactory.java:256)
	at org.apache.hadoop.ozone.client.OzoneClientFactory.getClientProtocol(OzoneClientFactory.java:239)
	at org.apache.hadoop.ozone.client.OzoneClientFactory.getClient(OzoneClientFactory.java:75)
	at org.apache.hadoop.ozone.client.rpc.TestFailureHandlingByClient.init(TestFailureHandlingByClient.java:111)
	at org.apache.hadoop.ozone.client.rpc.TestFailureHandlingByClient.startCluster(TestFailureHandlingByClient.java:121)
	at org.apache.hadoop.ozone.client.rpc.TestFailureHandlingByClient.testBlockWritesWithDnFailures(TestFailureHandlingByClient.java:136)
	at sun.reflect.NativeMethodAccessorImpl.invoke0(Native Method)
	at sun.reflect.NativeMethodAccessorImpl.invoke(NativeMethodAccessorImpl.java:62)
	at sun.reflect.DelegatingMethodAccessorImpl.invoke(DelegatingMethodAccessorImpl.java:43)
	at java.lang.reflect.Method.invoke(Method.java:498)
	at org.junit.runners.model.FrameworkMethod$1.runReflectiveCall(FrameworkMethod.java:47)
	at org.junit.internal.runners.model.ReflectiveCallable.run(ReflectiveCallable.java:12)
	at org.junit.runners.model.FrameworkMethod.invokeExplosively(FrameworkMethod.java:44)
	at org.junit.internal.runners.statements.InvokeMethod.evaluate(InvokeMethod.java:17)
	at org.junit.internal.runners.statements.RunAfters.evaluate(RunAfters.java:27)
	at org.junit.runners.ParentRunner.runLeaf(ParentRunner.java:271)
	at org.junit.runners.BlockJUnit4ClassRunner.runChild(BlockJUnit4ClassRunner.java:70)
	at org.junit.runners.BlockJUnit4ClassRunner.runChild(BlockJUnit4ClassRunner.java:50)
	at org.junit.runners.ParentRunner$3.run(ParentRunner.java:238)
	at org.junit.runners.ParentRunner$1.schedule(ParentRunner.java:63)
	at org.junit.runners.ParentRunner.runChildren(ParentRunner.java:236)
	at org.junit.runners.ParentRunner.access$000(ParentRunner.java:53)
	at org.junit.runners.ParentRunner$2.evaluate(ParentRunner.java:229)
	at org.junit.runners.ParentRunner.run(ParentRunner.java:309)
	at org.apache.maven.surefire.junit4.JUnit4Provider.execute(JUnit4Provider.java:365)
	at org.apache.maven.surefire.junit4.JUnit4Provider.executeWithRerun(JUnit4Provider.java:273)
	at org.apache.maven.surefire.junit4.JUnit4Provider.executeTestSet(JUnit4Provider.java:238)
	at org.apache.maven.surefire.junit4.JUnit4Provider.invoke(JUnit4Provider.java:159)
	at org.apache.maven.surefire.booter.ForkedBooter.invokeProviderInSameClassLoader(ForkedBooter.java:384)
	at org.apache.maven.surefire.booter.ForkedBooter.runSuitesInProcess(ForkedBooter.java:345)
	at org.apache.maven.surefire.booter.ForkedBooter.execute(ForkedBooter.java:126)
	at org.apache.maven.surefire.booter.ForkedBooter.main(ForkedBooter.java:418)
]]></error>
    <system-out><![CDATA[2019-09-28 01:20:05,477 [main] WARN  server.ServerUtils (ServerUtils.java:getScmDbDir(145)) - ozone.scm.db.dirs is not configured. We recommend adding this setting. Falling back to ozone.metadata.dirs instead.
2019-09-28 01:20:05,496 [main] WARN  server.ServerUtils (ServerUtils.java:getScmDbDir(145)) - ozone.scm.db.dirs is not configured. We recommend adding this setting. Falling back to ozone.metadata.dirs instead.
2019-09-28 01:20:05,496 [main] WARN  server.ServerUtils (ServerUtils.java:getScmDbDir(145)) - ozone.scm.db.dirs is not configured. We recommend adding this setting. Falling back to ozone.metadata.dirs instead.
2019-09-28 01:20:05,497 [main] INFO  db.DBStoreBuilder (DBStoreBuilder.java:addTable(110)) - using custom profile for table: deletedBlocks
2019-09-28 01:20:05,497 [main] INFO  db.DBStoreBuilder (DBStoreBuilder.java:processTables(161)) - Using default column profile:DBProfile.DISK for Table:deletedBlocks
2019-09-28 01:20:05,497 [main] INFO  db.DBStoreBuilder (DBStoreBuilder.java:addTable(110)) - using custom profile for table: validCerts
2019-09-28 01:20:05,498 [main] INFO  db.DBStoreBuilder (DBStoreBuilder.java:processTables(161)) - Using default column profile:DBProfile.DISK for Table:validCerts
2019-09-28 01:20:05,498 [main] INFO  db.DBStoreBuilder (DBStoreBuilder.java:addTable(110)) - using custom profile for table: revokedCerts
2019-09-28 01:20:05,498 [main] INFO  db.DBStoreBuilder (DBStoreBuilder.java:processTables(161)) - Using default column profile:DBProfile.DISK for Table:revokedCerts
2019-09-28 01:20:05,498 [main] INFO  db.DBStoreBuilder (DBStoreBuilder.java:addTable(110)) - using custom profile for table: default
2019-09-28 01:20:05,498 [main] INFO  db.DBStoreBuilder (DBStoreBuilder.java:processTables(167)) - Using default column profile:DBProfile.DISK for Table:default
2019-09-28 01:20:05,498 [main] INFO  db.DBStoreBuilder (DBStoreBuilder.java:getDbProfile(198)) - Using default options. DBProfile.DISK
2019-09-28 01:20:05,719 [main] INFO  net.NodeSchemaLoader (NodeSchemaLoader.java:loadSchemaFromFile(125)) - Loading file from sun.misc.CompoundEnumeration@87d9a01
2019-09-28 01:20:05,719 [main] INFO  net.NodeSchemaLoader (NodeSchemaLoader.java:loadSchema(171)) - Loading network topology layer schema file
2019-09-28 01:20:05,727 [main] INFO  node.SCMNodeManager (SCMNodeManager.java:<init>(114)) - Entering startup safe mode.
2019-09-28 01:20:05,728 [main] INFO  algorithms.ContainerPlacementPolicyFactory (ContainerPlacementPolicyFactory.java:getPolicy(57)) - Create container placement policy of type org.apache.hadoop.hdds.scm.container.placement.algorithms.SCMContainerPlacementRandom
2019-09-28 01:20:05,729 [main] WARN  server.ServerUtils (ServerUtils.java:getScmDbDir(145)) - ozone.scm.db.dirs is not configured. We recommend adding this setting. Falling back to ozone.metadata.dirs instead.
2019-09-28 01:20:05,803 [main] INFO  pipeline.SCMPipelineManager (SCMPipelineManager.java:initializePipelineState(132)) - No pipeline exists in current db
2019-09-28 01:20:05,804 [main] WARN  server.ServerUtils (ServerUtils.java:getScmDbDir(145)) - ozone.scm.db.dirs is not configured. We recommend adding this setting. Falling back to ozone.metadata.dirs instead.
2019-09-28 01:20:05,889 [main] WARN  events.EventQueue (EventQueue.java:fireEvent(183)) - No event handler registered for event TypedEvent{payloadType=SafeModeStatus, name='SafeModeStatus'}
2019-09-28 01:20:05,890 [main] INFO  ipc.CallQueueManager (CallQueueManager.java:<init>(84)) - Using callQueue: class java.util.concurrent.LinkedBlockingQueue, queueCapacity: 2000, scheduler: class org.apache.hadoop.ipc.DefaultRpcScheduler, ipcBackoff: false.
2019-09-28 01:20:05,892 [Socket Reader #1 for port 34519] INFO  ipc.Server (Server.java:run(1074)) - Starting Socket Reader #1 for port 34519
2019-09-28 01:20:05,895 [main] INFO  ipc.CallQueueManager (CallQueueManager.java:<init>(84)) - Using callQueue: class java.util.concurrent.LinkedBlockingQueue, queueCapacity: 2000, scheduler: class org.apache.hadoop.ipc.DefaultRpcScheduler, ipcBackoff: false.
2019-09-28 01:20:05,896 [Socket Reader #1 for port 34549] INFO  ipc.Server (Server.java:run(1074)) - Starting Socket Reader #1 for port 34549
2019-09-28 01:20:05,898 [main] INFO  ipc.CallQueueManager (CallQueueManager.java:<init>(84)) - Using callQueue: class java.util.concurrent.LinkedBlockingQueue, queueCapacity: 2000, scheduler: class org.apache.hadoop.ipc.DefaultRpcScheduler, ipcBackoff: false.
2019-09-28 01:20:06,226 [Socket Reader #1 for port 36953] INFO  ipc.Server (Server.java:run(1074)) - Starting Socket Reader #1 for port 36953
2019-09-28 01:20:06,305 [main] INFO  hdfs.DFSUtil (DFSUtil.java:httpServerTemplateForNNAndJN(1641)) - Starting Web-server for scm at: http://0.0.0.0:0
2019-09-28 01:20:06,335 [main] INFO  server.AuthenticationFilter (AuthenticationFilter.java:constructSecretProvider(240)) - Unable to initialize FileSignerSecretProvider, falling back to use random secrets.
2019-09-28 01:20:06,336 [main] WARN  http.HttpRequestLog (HttpRequestLog.java:getRequestLog(97)) - Jetty request log can only be enabled using Log4j
2019-09-28 01:20:06,338 [main] INFO  http.HttpServer2 (HttpServer2.java:addGlobalFilter(975)) - Added global filter 'safety' (class=org.apache.hadoop.http.HttpServer2$QuotingInputFilter)
2019-09-28 01:20:06,339 [main] INFO  http.HttpServer2 (HttpServer2.java:addFilter(948)) - Added filter static_user_filter (class=org.apache.hadoop.http.lib.StaticUserWebFilter$StaticUserFilter) to context scm
2019-09-28 01:20:06,339 [main] INFO  http.HttpServer2 (HttpServer2.java:addFilter(958)) - Added filter static_user_filter (class=org.apache.hadoop.http.lib.StaticUserWebFilter$StaticUserFilter) to context logs
2019-09-28 01:20:06,339 [main] INFO  http.HttpServer2 (HttpServer2.java:addFilter(958)) - Added filter static_user_filter (class=org.apache.hadoop.http.lib.StaticUserWebFilter$StaticUserFilter) to context static
2019-09-28 01:20:06,342 [main] INFO  server.StorageContainerManager (StorageContainerManager.java:start(770)) - StorageContainerLocationProtocol RPC server is listening at /0.0.0.0:36953
2019-09-28 01:20:06,351 [main] WARN  impl.MetricsConfig (MetricsConfig.java:loadFirst(134)) - Cannot locate configuration: tried hadoop-metrics2-storagecontainermanager.properties,hadoop-metrics2.properties
2019-09-28 01:20:06,354 [main] INFO  impl.MetricsSystemImpl (MetricsSystemImpl.java:startTimer(374)) - Scheduled Metric snapshot period at 10 second(s).
2019-09-28 01:20:06,355 [main] INFO  impl.MetricsSystemImpl (MetricsSystemImpl.java:start(191)) - StorageContainerManager metrics system started
2019-09-28 01:20:06,408 [main] WARN  impl.MetricsSystemImpl (MetricsSystemImpl.java:register(276)) - Sink prometheus already exists!
2019-09-28 01:20:06,458 [main] INFO  server.SCMClientProtocolServer (SCMClientProtocolServer.java:start(150)) - RPC server for Client  is listening at /0.0.0.0:36953
2019-09-28 01:20:06,458 [IPC Server Responder] INFO  ipc.Server (Server.java:run(1314)) - IPC Server Responder: starting
2019-09-28 01:20:06,459 [IPC Server listener on 36953] INFO  ipc.Server (Server.java:run(1153)) - IPC Server listener on 36953: starting
2019-09-28 01:20:06,463 [main] INFO  server.StorageContainerManager (StorageContainerManager.java:start(780)) - ScmBlockLocationProtocol RPC server is listening at /0.0.0.0:34549
2019-09-28 01:20:06,463 [main] INFO  server.SCMBlockProtocolServer (SCMBlockProtocolServer.java:start(146)) - RPC server for Block Protocol is listening at /0.0.0.0:34549
2019-09-28 01:20:06,464 [IPC Server Responder] INFO  ipc.Server (Server.java:run(1314)) - IPC Server Responder: starting
2019-09-28 01:20:06,464 [IPC Server listener on 34549] INFO  ipc.Server (Server.java:run(1153)) - IPC Server listener on 34549: starting
2019-09-28 01:20:06,468 [main] INFO  server.StorageContainerManager (StorageContainerManager.java:start(784)) - ScmDatanodeProtocl RPC server is listening at /0.0.0.0:34519
2019-09-28 01:20:06,468 [main] INFO  server.SCMDatanodeProtocolServer (SCMDatanodeProtocolServer.java:start(191)) - RPC server for DataNodes is listening at /0.0.0.0:34519
2019-09-28 01:20:06,468 [IPC Server listener on 34519] INFO  ipc.Server (Server.java:run(1153)) - IPC Server listener on 34519: starting
2019-09-28 01:20:06,468 [IPC Server Responder] INFO  ipc.Server (Server.java:run(1314)) - IPC Server Responder: starting
2019-09-28 01:20:06,472 [main] INFO  http.HttpServer2 (HttpServer2.java:bindListener(1191)) - Jetty bound to port 38779
2019-09-28 01:20:06,472 [main] INFO  server.Server (Server.java:doStart(351)) - jetty-9.3.25.v20180904, build timestamp: 2018-09-04T21:11:46Z, git hash: 3ce520221d0240229c862b122d2b06c12a625732
2019-09-28 01:20:06,474 [main] INFO  handler.ContextHandler (ContextHandler.java:doStart(781)) - Started o.e.j.s.ServletContextHandler@52d0f583{/logs,file:///workdir/hadoop-ozone/integration-test/target/log,AVAILABLE}
2019-09-28 01:20:06,474 [main] INFO  handler.ContextHandler (ContextHandler.java:doStart(781)) - Started o.e.j.s.ServletContextHandler@12d40609{/static,file:///workdir/hadoop-ozone/integration-test/target/test-classes/webapps/static,AVAILABLE}
2019-09-28 01:20:06,478 [main] INFO  handler.ContextHandler (ContextHandler.java:doStart(781)) - Started o.e.j.w.WebAppContext@7aaad0{/,file:///workdir/hadoop-ozone/integration-test/target/test-classes/webapps/scm/,AVAILABLE}{/scm}
2019-09-28 01:20:06,479 [main] INFO  server.AbstractConnector (AbstractConnector.java:doStart(278)) - Started ServerConnector@eed890d{HTTP/1.1,[http/1.1]}{0.0.0.0:38779}
2019-09-28 01:20:06,480 [main] INFO  server.Server (Server.java:doStart(419)) - Started @434663ms
2019-09-28 01:20:06,480 [main] WARN  impl.MetricsSystemImpl (MetricsSystemImpl.java:register(276)) - Sink prometheus already exists!
2019-09-28 01:20:06,481 [main] INFO  server.BaseHttpServer (BaseHttpServer.java:updateConnectorAddress(215)) - HTTP server of SCM is listening at http://0.0.0.0:38779
2019-09-28 01:20:06,482 [main] WARN  server.ServerUtils (ServerUtils.java:getDBPath(222)) - ozone.om.db.dirs is not configured. We recommend adding this setting. Falling back to ozone.metadata.dirs instead.
2019-09-28 01:20:06,482 [org.apache.hadoop.util.JvmPauseMonitor$Monitor@6097fca9] INFO  util.JvmPauseMonitor (JvmPauseMonitor.java:run(188)) - Starting JVM pause monitor
2019-09-28 01:20:06,498 [main] INFO  ha.OMHANodeDetails (OMHANodeDetails.java:loadOMHAConfig(190)) - Configuration either no ozone.om.address set. Falling back to the default OM address /127.0.0.1:0
2019-09-28 01:20:06,498 [main] INFO  ha.OMHANodeDetails (OMHANodeDetails.java:getOMNodeDetails(220)) - OM Service ID is not set. Setting it to the default ID: omServiceIdDefault
2019-09-28 01:20:06,498 [main] WARN  server.ServerUtils (ServerUtils.java:getDBPath(222)) - ozone.om.db.dirs is not configured. We recommend adding this setting. Falling back to ozone.metadata.dirs instead.
2019-09-28 01:20:06,499 [main] WARN  server.ServerUtils (ServerUtils.java:getDBPath(222)) - ozone.om.db.dirs is not configured. We recommend adding this setting. Falling back to ozone.metadata.dirs instead.
2019-09-28 01:20:06,507 [main] WARN  server.ServerUtils (ServerUtils.java:getDBPath(222)) - ozone.om.db.dirs is not configured. We recommend adding this setting. Falling back to ozone.metadata.dirs instead.
2019-09-28 01:20:06,508 [main] INFO  db.DBStoreBuilder (DBStoreBuilder.java:addTable(110)) - using custom profile for table: userTable
2019-09-28 01:20:06,508 [main] INFO  db.DBStoreBuilder (DBStoreBuilder.java:processTables(161)) - Using default column profile:DBProfile.DISK for Table:userTable
2019-09-28 01:20:06,508 [main] INFO  db.DBStoreBuilder (DBStoreBuilder.java:addTable(110)) - using custom profile for table: volumeTable
2019-09-28 01:20:06,509 [main] INFO  db.DBStoreBuilder (DBStoreBuilder.java:processTables(161)) - Using default column profile:DBProfile.DISK for Table:volumeTable
2019-09-28 01:20:06,509 [main] INFO  db.DBStoreBuilder (DBStoreBuilder.java:addTable(110)) - using custom profile for table: bucketTable
2019-09-28 01:20:06,509 [main] INFO  db.DBStoreBuilder (DBStoreBuilder.java:processTables(161)) - Using default column profile:DBProfile.DISK for Table:bucketTable
2019-09-28 01:20:06,509 [main] INFO  db.DBStoreBuilder (DBStoreBuilder.java:addTable(110)) - using custom profile for table: keyTable
2019-09-28 01:20:06,510 [main] INFO  db.DBStoreBuilder (DBStoreBuilder.java:processTables(161)) - Using default column profile:DBProfile.DISK for Table:keyTable
2019-09-28 01:20:06,510 [main] INFO  db.DBStoreBuilder (DBStoreBuilder.java:addTable(110)) - using custom profile for table: deletedTable
2019-09-28 01:20:06,510 [main] INFO  db.DBStoreBuilder (DBStoreBuilder.java:processTables(161)) - Using default column profile:DBProfile.DISK for Table:deletedTable
2019-09-28 01:20:06,510 [main] INFO  db.DBStoreBuilder (DBStoreBuilder.java:addTable(110)) - using custom profile for table: openKeyTable
2019-09-28 01:20:06,511 [main] INFO  db.DBStoreBuilder (DBStoreBuilder.java:processTables(161)) - Using default column profile:DBProfile.DISK for Table:openKeyTable
2019-09-28 01:20:06,511 [main] INFO  db.DBStoreBuilder (DBStoreBuilder.java:addTable(110)) - using custom profile for table: s3Table
2019-09-28 01:20:06,511 [main] INFO  db.DBStoreBuilder (DBStoreBuilder.java:processTables(161)) - Using default column profile:DBProfile.DISK for Table:s3Table
2019-09-28 01:20:06,511 [main] INFO  db.DBStoreBuilder (DBStoreBuilder.java:addTable(110)) - using custom profile for table: multipartInfoTable
2019-09-28 01:20:06,512 [main] INFO  db.DBStoreBuilder (DBStoreBuilder.java:processTables(161)) - Using default column profile:DBProfile.DISK for Table:multipartInfoTable
2019-09-28 01:20:06,512 [main] INFO  db.DBStoreBuilder (DBStoreBuilder.java:addTable(110)) - using custom profile for table: dTokenTable
2019-09-28 01:20:06,512 [main] INFO  db.DBStoreBuilder (DBStoreBuilder.java:processTables(161)) - Using default column profile:DBProfile.DISK for Table:dTokenTable
2019-09-28 01:20:06,512 [main] INFO  db.DBStoreBuilder (DBStoreBuilder.java:addTable(110)) - using custom profile for table: s3SecretTable
2019-09-28 01:20:06,513 [main] INFO  db.DBStoreBuilder (DBStoreBuilder.java:processTables(161)) - Using default column profile:DBProfile.DISK for Table:s3SecretTable
2019-09-28 01:20:06,513 [main] INFO  db.DBStoreBuilder (DBStoreBuilder.java:addTable(110)) - using custom profile for table: prefixTable
2019-09-28 01:20:06,513 [main] INFO  db.DBStoreBuilder (DBStoreBuilder.java:processTables(161)) - Using default column profile:DBProfile.DISK for Table:prefixTable
2019-09-28 01:20:06,513 [main] INFO  db.DBStoreBuilder (DBStoreBuilder.java:addTable(110)) - using custom profile for table: default
2019-09-28 01:20:06,514 [main] INFO  db.DBStoreBuilder (DBStoreBuilder.java:processTables(167)) - Using default column profile:DBProfile.DISK for Table:default
2019-09-28 01:20:06,514 [main] INFO  db.DBStoreBuilder (DBStoreBuilder.java:getDbProfile(198)) - Using default options. DBProfile.DISK
2019-09-28 01:20:07,180 [main] INFO  ipc.CallQueueManager (CallQueueManager.java:<init>(84)) - Using callQueue: class java.util.concurrent.LinkedBlockingQueue, queueCapacity: 2000, scheduler: class org.apache.hadoop.ipc.DefaultRpcScheduler, ipcBackoff: false.
2019-09-28 01:20:07,181 [Socket Reader #1 for port 35503] INFO  ipc.Server (Server.java:run(1074)) - Starting Socket Reader #1 for port 35503
2019-09-28 01:20:07,196 [main] INFO  om.OzoneManager (OzoneManager.java:start(1069)) - OzoneManager RPC server is listening at localhost/127.0.0.1:35503
2019-09-28 01:20:07,197 [main] INFO  impl.MetricsSystemImpl (MetricsSystemImpl.java:init(158)) - OzoneManager metrics system started (again)
2019-09-28 01:20:07,197 [IPC Server Responder] INFO  ipc.Server (Server.java:run(1314)) - IPC Server Responder: starting
2019-09-28 01:20:07,199 [IPC Server listener on 35503] INFO  ipc.Server (Server.java:run(1153)) - IPC Server listener on 35503: starting
2019-09-28 01:20:07,203 [main] INFO  hdfs.DFSUtil (DFSUtil.java:httpServerTemplateForNNAndJN(1641)) - Starting Web-server for ozoneManager at: http://0.0.0.0:0
2019-09-28 01:20:07,205 [main] INFO  server.AuthenticationFilter (AuthenticationFilter.java:constructSecretProvider(240)) - Unable to initialize FileSignerSecretProvider, falling back to use random secrets.
2019-09-28 01:20:07,205 [main] WARN  http.HttpRequestLog (HttpRequestLog.java:getRequestLog(97)) - Jetty request log can only be enabled using Log4j
2019-09-28 01:20:07,207 [main] INFO  http.HttpServer2 (HttpServer2.java:addGlobalFilter(975)) - Added global filter 'safety' (class=org.apache.hadoop.http.HttpServer2$QuotingInputFilter)
2019-09-28 01:20:07,207 [main] INFO  http.HttpServer2 (HttpServer2.java:addFilter(948)) - Added filter static_user_filter (class=org.apache.hadoop.http.lib.StaticUserWebFilter$StaticUserFilter) to context ozoneManager
2019-09-28 01:20:07,207 [main] INFO  http.HttpServer2 (HttpServer2.java:addFilter(958)) - Added filter static_user_filter (class=org.apache.hadoop.http.lib.StaticUserWebFilter$StaticUserFilter) to context static
2019-09-28 01:20:07,208 [main] INFO  http.HttpServer2 (HttpServer2.java:addFilter(958)) - Added filter static_user_filter (class=org.apache.hadoop.http.lib.StaticUserWebFilter$StaticUserFilter) to context logs
2019-09-28 01:20:07,208 [main] INFO  http.HttpServer2 (HttpServer2.java:bindListener(1191)) - Jetty bound to port 40243
2019-09-28 01:20:07,208 [main] INFO  server.Server (Server.java:doStart(351)) - jetty-9.3.25.v20180904, build timestamp: 2018-09-04T21:11:46Z, git hash: 3ce520221d0240229c862b122d2b06c12a625732
2019-09-28 01:20:07,210 [main] INFO  handler.ContextHandler (ContextHandler.java:doStart(781)) - Started o.e.j.s.ServletContextHandler@3daf03d8{/logs,file:///workdir/hadoop-ozone/integration-test/target/log,AVAILABLE}
2019-09-28 01:20:07,211 [main] INFO  handler.ContextHandler (ContextHandler.java:doStart(781)) - Started o.e.j.s.ServletContextHandler@2415e4c7{/static,file:///workdir/hadoop-ozone/integration-test/target/test-classes/webapps/static,AVAILABLE}
2019-09-28 01:20:07,215 [main] INFO  handler.ContextHandler (ContextHandler.java:doStart(781)) - Started o.e.j.w.WebAppContext@622d7e4{/,file:///workdir/hadoop-ozone/integration-test/target/test-classes/webapps/ozoneManager/,AVAILABLE}{/ozoneManager}
2019-09-28 01:20:07,215 [main] INFO  server.AbstractConnector (AbstractConnector.java:doStart(278)) - Started ServerConnector@6a3fbcb1{HTTP/1.1,[http/1.1]}{0.0.0.0:40243}
2019-09-28 01:20:07,216 [main] INFO  server.Server (Server.java:doStart(419)) - Started @435399ms
2019-09-28 01:20:07,217 [main] WARN  impl.MetricsSystemImpl (MetricsSystemImpl.java:register(276)) - Sink prometheus already exists!
2019-09-28 01:20:07,217 [main] INFO  server.BaseHttpServer (BaseHttpServer.java:updateConnectorAddress(215)) - HTTP server of OZONEMANAGER is listening at http://0.0.0.0:40243
2019-09-28 01:20:07,237 [main] INFO  impl.MetricsSystemImpl (MetricsSystemImpl.java:init(158)) - HddsDatanode metrics system started (again)
2019-09-28 01:20:07,240 [main] INFO  ozone.HddsDatanodeService (HddsDatanodeService.java:start(184)) - HddsDatanodeService host:pr-hdds-2162-8g7kw-3348123894 ip:192.168.151.82
2019-09-28 01:20:07,247 [main] INFO  volume.HddsVolume (HddsVolume.java:<init>(176)) - Creating Volume: /workdir/hadoop-ozone/integration-test/target/test-dir/MiniOzoneClusterImpl-af2566c7-5146-4045-9885-51dcdbd53a0d/datanode-0/data/containers/hdds of  storage type : DISK and capacity : 1482555576320
2019-09-28 01:20:07,247 [main] INFO  volume.VolumeSet (VolumeSet.java:initializeVolumeSet(170)) - Added Volume : /workdir/hadoop-ozone/integration-test/target/test-dir/MiniOzoneClusterImpl-af2566c7-5146-4045-9885-51dcdbd53a0d/datanode-0/data/containers/hdds to VolumeSet
2019-09-28 01:20:07,247 [main] INFO  volume.ThrottledAsyncChecker (ThrottledAsyncChecker.java:schedule(139)) - Scheduling a check for org.apache.hadoop.ozone.container.common.volume.HddsVolume@27960b1e
2019-09-28 01:20:07,249 [main] INFO  volume.HddsVolumeChecker (HddsVolumeChecker.java:checkAllVolumes(202)) - Scheduled health check for volume org.apache.hadoop.ozone.container.common.volume.HddsVolume@27960b1e
2019-09-28 01:20:07,261 [main] INFO  impl.RaftServerProxy (ConfUtils.java:logGet(43)) - raft.rpc.type = GRPC (default)
2019-09-28 01:20:07,261 [main] INFO  grpc.GrpcFactory (GrpcFactory.java:checkPooledByteBufAllocatorUseCacheForAllThreads(45)) - PERFORMANCE WARNING: useCacheForAllThreads is true that may cause Netty to create a lot garbage objects and, as a result, trigger GC.
	It is recommended to disable useCacheForAllThreads by setting -Dorg.apache.ratis.thirdparty.io.netty.allocator.useCacheForAllThreads=false in command line.
2019-09-28 01:20:07,261 [main] INFO  grpc.GrpcConfigKeys$Server (ConfUtils.java:logGet(43)) - raft.grpc.server.port = 0 (default)
2019-09-28 01:20:07,262 [main] INFO  server.GrpcService (ConfUtils.java:logGet(43)) - raft.grpc.message.size.max = 33570816 (custom)
2019-09-28 01:20:07,262 [main] INFO  server.RaftServerConfigKeys (ConfUtils.java:logGet(43)) - raft.server.log.appender.buffer.byte-limit = 33554432 (custom)
2019-09-28 01:20:07,262 [main] INFO  server.GrpcService (ConfUtils.java:logGet(43)) - raft.grpc.flow.control.window = 1MB (=1048576) (default)
2019-09-28 01:20:07,262 [main] INFO  server.RaftServerConfigKeys (ConfUtils.java:logGet(43)) - raft.server.rpc.request.timeout = 3000ms (default)
2019-09-28 01:20:07,263 [main] INFO  server.RaftServerConfigKeys (ConfUtils.java:logGet(43)) - raft.server.storage.dir = [/workdir/hadoop-ozone/integration-test/target/test-dir/MiniOzoneClusterImpl-af2566c7-5146-4045-9885-51dcdbd53a0d/datanode-0/data/ratis] (custom)
2019-09-28 01:20:07,265 [main] INFO  hdfs.DFSUtil (DFSUtil.java:httpServerTemplateForNNAndJN(1641)) - Starting Web-server for hddsDatanode at: http://0.0.0.0:0
2019-09-28 01:20:07,266 [main] INFO  server.AuthenticationFilter (AuthenticationFilter.java:constructSecretProvider(240)) - Unable to initialize FileSignerSecretProvider, falling back to use random secrets.
2019-09-28 01:20:07,266 [main] WARN  http.HttpRequestLog (HttpRequestLog.java:getRequestLog(97)) - Jetty request log can only be enabled using Log4j
2019-09-28 01:20:07,267 [main] INFO  http.HttpServer2 (HttpServer2.java:addGlobalFilter(975)) - Added global filter 'safety' (class=org.apache.hadoop.http.HttpServer2$QuotingInputFilter)
2019-09-28 01:20:07,268 [main] INFO  http.HttpServer2 (HttpServer2.java:addFilter(948)) - Added filter static_user_filter (class=org.apache.hadoop.http.lib.StaticUserWebFilter$StaticUserFilter) to context hddsDatanode
2019-09-28 01:20:07,268 [main] INFO  http.HttpServer2 (HttpServer2.java:addFilter(958)) - Added filter static_user_filter (class=org.apache.hadoop.http.lib.StaticUserWebFilter$StaticUserFilter) to context static
2019-09-28 01:20:07,268 [main] INFO  http.HttpServer2 (HttpServer2.java:addFilter(958)) - Added filter static_user_filter (class=org.apache.hadoop.http.lib.StaticUserWebFilter$StaticUserFilter) to context logs
2019-09-28 01:20:07,268 [main] INFO  http.HttpServer2 (HttpServer2.java:bindListener(1191)) - Jetty bound to port 46613
2019-09-28 01:20:07,269 [main] INFO  server.Server (Server.java:doStart(351)) - jetty-9.3.25.v20180904, build timestamp: 2018-09-04T21:11:46Z, git hash: 3ce520221d0240229c862b122d2b06c12a625732
2019-09-28 01:20:07,270 [main] INFO  handler.ContextHandler (ContextHandler.java:doStart(781)) - Started o.e.j.s.ServletContextHandler@4bf03fee{/logs,file:///workdir/hadoop-ozone/integration-test/target/log,AVAILABLE}
2019-09-28 01:20:07,271 [main] INFO  handler.ContextHandler (ContextHandler.java:doStart(781)) - Started o.e.j.s.ServletContextHandler@44f0ff2b{/static,jar:file:/home/user/.m2/repository/org/apache/hadoop/hadoop-hdds-container-service/0.5.0-SNAPSHOT/hadoop-hdds-container-service-0.5.0-SNAPSHOT.jar!/webapps/static,AVAILABLE}
2019-09-28 01:20:07,299 [main] INFO  handler.ContextHandler (ContextHandler.java:doStart(781)) - Started o.e.j.w.WebAppContext@265a094b{/,file:///tmp/jetty-0.0.0.0-46613-hddsDatanode-_-any-5747577352448337490.dir/webapp/,AVAILABLE}{/hddsDatanode}
2019-09-28 01:20:07,299 [main] INFO  server.AbstractConnector (AbstractConnector.java:doStart(278)) - Started ServerConnector@1f536481{HTTP/1.1,[http/1.1]}{0.0.0.0:46613}
2019-09-28 01:20:07,299 [main] INFO  server.Server (Server.java:doStart(419)) - Started @435483ms
2019-09-28 01:20:07,300 [main] WARN  impl.MetricsSystemImpl (MetricsSystemImpl.java:register(276)) - Sink prometheus already exists!
2019-09-28 01:20:07,301 [main] INFO  server.BaseHttpServer (BaseHttpServer.java:updateConnectorAddress(215)) - HTTP server of HDDSDATANODE is listening at http://0.0.0.0:46613
2019-09-28 01:20:07,302 [main] INFO  impl.MetricsSystemImpl (MetricsSystemImpl.java:init(158)) - HddsDatanode metrics system started (again)
2019-09-28 01:20:07,304 [main] INFO  ozone.HddsDatanodeService (HddsDatanodeService.java:start(184)) - HddsDatanodeService host:pr-hdds-2162-8g7kw-3348123894 ip:192.168.151.82
2019-09-28 01:20:07,305 [org.apache.hadoop.util.JvmPauseMonitor$Monitor@66e95f9c] INFO  util.JvmPauseMonitor (JvmPauseMonitor.java:run(188)) - Starting JVM pause monitor
2019-09-28 01:20:07,307 [Datanode State Machine Thread - 0] INFO  datanode.InitDatanodeState (InitDatanodeState.java:persistContainerDatanodeDetails(140)) - DatanodeDetails is persisted to /workdir/hadoop-ozone/integration-test/target/test-dir/MiniOzoneClusterImpl-af2566c7-5146-4045-9885-51dcdbd53a0d/datanode-0/meta/datanode.id
2019-09-28 01:20:07,310 [main] INFO  volume.HddsVolume (HddsVolume.java:<init>(176)) - Creating Volume: /workdir/hadoop-ozone/integration-test/target/test-dir/MiniOzoneClusterImpl-af2566c7-5146-4045-9885-51dcdbd53a0d/datanode-1/data/containers/hdds of  storage type : DISK and capacity : 1482555576320
2019-09-28 01:20:07,311 [main] INFO  volume.VolumeSet (VolumeSet.java:initializeVolumeSet(170)) - Added Volume : /workdir/hadoop-ozone/integration-test/target/test-dir/MiniOzoneClusterImpl-af2566c7-5146-4045-9885-51dcdbd53a0d/datanode-1/data/containers/hdds to VolumeSet
2019-09-28 01:20:07,311 [main] INFO  volume.ThrottledAsyncChecker (ThrottledAsyncChecker.java:schedule(139)) - Scheduling a check for org.apache.hadoop.ozone.container.common.volume.HddsVolume@6274f21c
2019-09-28 01:20:07,311 [main] INFO  volume.HddsVolumeChecker (HddsVolumeChecker.java:checkAllVolumes(202)) - Scheduled health check for volume org.apache.hadoop.ozone.container.common.volume.HddsVolume@6274f21c
2019-09-28 01:20:07,323 [main] INFO  impl.RaftServerProxy (ConfUtils.java:logGet(43)) - raft.rpc.type = GRPC (default)
2019-09-28 01:20:07,323 [main] INFO  grpc.GrpcFactory (GrpcFactory.java:checkPooledByteBufAllocatorUseCacheForAllThreads(45)) - PERFORMANCE WARNING: useCacheForAllThreads is true that may cause Netty to create a lot garbage objects and, as a result, trigger GC.
	It is recommended to disable useCacheForAllThreads by setting -Dorg.apache.ratis.thirdparty.io.netty.allocator.useCacheForAllThreads=false in command line.
2019-09-28 01:20:07,324 [main] INFO  grpc.GrpcConfigKeys$Server (ConfUtils.java:logGet(43)) - raft.grpc.server.port = 0 (default)
2019-09-28 01:20:07,324 [main] INFO  server.GrpcService (ConfUtils.java:logGet(43)) - raft.grpc.message.size.max = 33570816 (custom)
2019-09-28 01:20:07,324 [main] INFO  server.RaftServerConfigKeys (ConfUtils.java:logGet(43)) - raft.server.log.appender.buffer.byte-limit = 33554432 (custom)
2019-09-28 01:20:07,324 [main] INFO  server.GrpcService (ConfUtils.java:logGet(43)) - raft.grpc.flow.control.window = 1MB (=1048576) (default)
2019-09-28 01:20:07,324 [main] INFO  server.RaftServerConfigKeys (ConfUtils.java:logGet(43)) - raft.server.rpc.request.timeout = 3000ms (default)
2019-09-28 01:20:07,325 [main] INFO  server.RaftServerConfigKeys (ConfUtils.java:logGet(43)) - raft.server.storage.dir = [/workdir/hadoop-ozone/integration-test/target/test-dir/MiniOzoneClusterImpl-af2566c7-5146-4045-9885-51dcdbd53a0d/datanode-1/data/ratis] (custom)
2019-09-28 01:20:07,326 [main] INFO  hdfs.DFSUtil (DFSUtil.java:httpServerTemplateForNNAndJN(1641)) - Starting Web-server for hddsDatanode at: http://0.0.0.0:0
2019-09-28 01:20:07,327 [main] INFO  server.AuthenticationFilter (AuthenticationFilter.java:constructSecretProvider(240)) - Unable to initialize FileSignerSecretProvider, falling back to use random secrets.
2019-09-28 01:20:07,327 [main] WARN  http.HttpRequestLog (HttpRequestLog.java:getRequestLog(97)) - Jetty request log can only be enabled using Log4j
2019-09-28 01:20:07,328 [main] INFO  http.HttpServer2 (HttpServer2.java:addGlobalFilter(975)) - Added global filter 'safety' (class=org.apache.hadoop.http.HttpServer2$QuotingInputFilter)
2019-09-28 01:20:07,329 [main] INFO  http.HttpServer2 (HttpServer2.java:addFilter(948)) - Added filter static_user_filter (class=org.apache.hadoop.http.lib.StaticUserWebFilter$StaticUserFilter) to context hddsDatanode
2019-09-28 01:20:07,329 [main] INFO  http.HttpServer2 (HttpServer2.java:addFilter(958)) - Added filter static_user_filter (class=org.apache.hadoop.http.lib.StaticUserWebFilter$StaticUserFilter) to context logs
2019-09-28 01:20:07,329 [main] INFO  http.HttpServer2 (HttpServer2.java:addFilter(958)) - Added filter static_user_filter (class=org.apache.hadoop.http.lib.StaticUserWebFilter$StaticUserFilter) to context static
2019-09-28 01:20:07,329 [main] INFO  http.HttpServer2 (HttpServer2.java:bindListener(1191)) - Jetty bound to port 44546
2019-09-28 01:20:07,330 [main] INFO  server.Server (Server.java:doStart(351)) - jetty-9.3.25.v20180904, build timestamp: 2018-09-04T21:11:46Z, git hash: 3ce520221d0240229c862b122d2b06c12a625732
2019-09-28 01:20:07,331 [main] INFO  handler.ContextHandler (ContextHandler.java:doStart(781)) - Started o.e.j.s.ServletContextHandler@5eb0a686{/logs,file:///workdir/hadoop-ozone/integration-test/target/log,AVAILABLE}
2019-09-28 01:20:07,331 [main] INFO  handler.ContextHandler (ContextHandler.java:doStart(781)) - Started o.e.j.s.ServletContextHandler@67f9cb52{/static,jar:file:/home/user/.m2/repository/org/apache/hadoop/hadoop-hdds-container-service/0.5.0-SNAPSHOT/hadoop-hdds-container-service-0.5.0-SNAPSHOT.jar!/webapps/static,AVAILABLE}
2019-09-28 01:20:07,359 [main] INFO  handler.ContextHandler (ContextHandler.java:doStart(781)) - Started o.e.j.w.WebAppContext@3086f480{/,file:///tmp/jetty-0.0.0.0-44546-hddsDatanode-_-any-8536284667679405332.dir/webapp/,AVAILABLE}{/hddsDatanode}
2019-09-28 01:20:07,360 [main] INFO  server.AbstractConnector (AbstractConnector.java:doStart(278)) - Started ServerConnector@126f8f24{HTTP/1.1,[http/1.1]}{0.0.0.0:44546}
2019-09-28 01:20:07,360 [main] INFO  server.Server (Server.java:doStart(419)) - Started @435544ms
2019-09-28 01:20:07,361 [main] WARN  impl.MetricsSystemImpl (MetricsSystemImpl.java:register(276)) - Sink prometheus already exists!
2019-09-28 01:20:07,362 [main] INFO  server.BaseHttpServer (BaseHttpServer.java:updateConnectorAddress(215)) - HTTP server of HDDSDATANODE is listening at http://0.0.0.0:44546
2019-09-28 01:20:07,362 [main] INFO  impl.MetricsSystemImpl (MetricsSystemImpl.java:init(158)) - HddsDatanode metrics system started (again)
2019-09-28 01:20:07,365 [main] INFO  ozone.HddsDatanodeService (HddsDatanodeService.java:start(184)) - HddsDatanodeService host:pr-hdds-2162-8g7kw-3348123894 ip:192.168.151.82
2019-09-28 01:20:07,365 [org.apache.hadoop.util.JvmPauseMonitor$Monitor@7eef3e59] INFO  util.JvmPauseMonitor (JvmPauseMonitor.java:run(188)) - Starting JVM pause monitor
2019-09-28 01:20:07,367 [Datanode State Machine Thread - 0] INFO  datanode.InitDatanodeState (InitDatanodeState.java:persistContainerDatanodeDetails(140)) - DatanodeDetails is persisted to /workdir/hadoop-ozone/integration-test/target/test-dir/MiniOzoneClusterImpl-af2566c7-5146-4045-9885-51dcdbd53a0d/datanode-1/meta/datanode.id
2019-09-28 01:20:07,371 [main] INFO  volume.HddsVolume (HddsVolume.java:<init>(176)) - Creating Volume: /workdir/hadoop-ozone/integration-test/target/test-dir/MiniOzoneClusterImpl-af2566c7-5146-4045-9885-51dcdbd53a0d/datanode-2/data/containers/hdds of  storage type : DISK and capacity : 1482555576320
2019-09-28 01:20:07,371 [main] INFO  volume.VolumeSet (VolumeSet.java:initializeVolumeSet(170)) - Added Volume : /workdir/hadoop-ozone/integration-test/target/test-dir/MiniOzoneClusterImpl-af2566c7-5146-4045-9885-51dcdbd53a0d/datanode-2/data/containers/hdds to VolumeSet
2019-09-28 01:20:07,371 [main] INFO  volume.ThrottledAsyncChecker (ThrottledAsyncChecker.java:schedule(139)) - Scheduling a check for org.apache.hadoop.ozone.container.common.volume.HddsVolume@548e43b1
2019-09-28 01:20:07,372 [main] INFO  volume.HddsVolumeChecker (HddsVolumeChecker.java:checkAllVolumes(202)) - Scheduled health check for volume org.apache.hadoop.ozone.container.common.volume.HddsVolume@548e43b1
2019-09-28 01:20:07,385 [main] INFO  impl.RaftServerProxy (ConfUtils.java:logGet(43)) - raft.rpc.type = GRPC (default)
2019-09-28 01:20:07,385 [main] INFO  grpc.GrpcFactory (GrpcFactory.java:checkPooledByteBufAllocatorUseCacheForAllThreads(45)) - PERFORMANCE WARNING: useCacheForAllThreads is true that may cause Netty to create a lot garbage objects and, as a result, trigger GC.
	It is recommended to disable useCacheForAllThreads by setting -Dorg.apache.ratis.thirdparty.io.netty.allocator.useCacheForAllThreads=false in command line.
2019-09-28 01:20:07,385 [main] INFO  grpc.GrpcConfigKeys$Server (ConfUtils.java:logGet(43)) - raft.grpc.server.port = 0 (default)
2019-09-28 01:20:07,385 [main] INFO  server.GrpcService (ConfUtils.java:logGet(43)) - raft.grpc.message.size.max = 33570816 (custom)
2019-09-28 01:20:07,386 [main] INFO  server.RaftServerConfigKeys (ConfUtils.java:logGet(43)) - raft.server.log.appender.buffer.byte-limit = 33554432 (custom)
2019-09-28 01:20:07,386 [main] INFO  server.GrpcService (ConfUtils.java:logGet(43)) - raft.grpc.flow.control.window = 1MB (=1048576) (default)
2019-09-28 01:20:07,386 [main] INFO  server.RaftServerConfigKeys (ConfUtils.java:logGet(43)) - raft.server.rpc.request.timeout = 3000ms (default)
2019-09-28 01:20:07,386 [main] INFO  server.RaftServerConfigKeys (ConfUtils.java:logGet(43)) - raft.server.storage.dir = [/workdir/hadoop-ozone/integration-test/target/test-dir/MiniOzoneClusterImpl-af2566c7-5146-4045-9885-51dcdbd53a0d/datanode-2/data/ratis] (custom)
2019-09-28 01:20:07,388 [main] INFO  hdfs.DFSUtil (DFSUtil.java:httpServerTemplateForNNAndJN(1641)) - Starting Web-server for hddsDatanode at: http://0.0.0.0:0
2019-09-28 01:20:07,389 [main] INFO  server.AuthenticationFilter (AuthenticationFilter.java:constructSecretProvider(240)) - Unable to initialize FileSignerSecretProvider, falling back to use random secrets.
2019-09-28 01:20:07,389 [main] WARN  http.HttpRequestLog (HttpRequestLog.java:getRequestLog(97)) - Jetty request log can only be enabled using Log4j
2019-09-28 01:20:07,391 [main] INFO  http.HttpServer2 (HttpServer2.java:addGlobalFilter(975)) - Added global filter 'safety' (class=org.apache.hadoop.http.HttpServer2$QuotingInputFilter)
2019-09-28 01:20:07,391 [main] INFO  http.HttpServer2 (HttpServer2.java:addFilter(948)) - Added filter static_user_filter (class=org.apache.hadoop.http.lib.StaticUserWebFilter$StaticUserFilter) to context hddsDatanode
2019-09-28 01:20:07,392 [main] INFO  http.HttpServer2 (HttpServer2.java:addFilter(958)) - Added filter static_user_filter (class=org.apache.hadoop.http.lib.StaticUserWebFilter$StaticUserFilter) to context logs
2019-09-28 01:20:07,392 [main] INFO  http.HttpServer2 (HttpServer2.java:addFilter(958)) - Added filter static_user_filter (class=org.apache.hadoop.http.lib.StaticUserWebFilter$StaticUserFilter) to context static
2019-09-28 01:20:07,392 [main] INFO  http.HttpServer2 (HttpServer2.java:bindListener(1191)) - Jetty bound to port 36970
2019-09-28 01:20:07,392 [main] INFO  server.Server (Server.java:doStart(351)) - jetty-9.3.25.v20180904, build timestamp: 2018-09-04T21:11:46Z, git hash: 3ce520221d0240229c862b122d2b06c12a625732
2019-09-28 01:20:07,394 [main] INFO  handler.ContextHandler (ContextHandler.java:doStart(781)) - Started o.e.j.s.ServletContextHandler@6bcae9{/logs,file:///workdir/hadoop-ozone/integration-test/target/log,AVAILABLE}
2019-09-28 01:20:07,394 [main] INFO  handler.ContextHandler (ContextHandler.java:doStart(781)) - Started o.e.j.s.ServletContextHandler@58feb6b0{/static,jar:file:/home/user/.m2/repository/org/apache/hadoop/hadoop-hdds-container-service/0.5.0-SNAPSHOT/hadoop-hdds-container-service-0.5.0-SNAPSHOT.jar!/webapps/static,AVAILABLE}
2019-09-28 01:20:07,421 [main] INFO  handler.ContextHandler (ContextHandler.java:doStart(781)) - Started o.e.j.w.WebAppContext@11f23203{/,file:///tmp/jetty-0.0.0.0-36970-hddsDatanode-_-any-4372854254255711065.dir/webapp/,AVAILABLE}{/hddsDatanode}
2019-09-28 01:20:07,422 [main] INFO  server.AbstractConnector (AbstractConnector.java:doStart(278)) - Started ServerConnector@101bdd1c{HTTP/1.1,[http/1.1]}{0.0.0.0:36970}
2019-09-28 01:20:07,423 [main] INFO  server.Server (Server.java:doStart(419)) - Started @435606ms
2019-09-28 01:20:07,423 [main] WARN  impl.MetricsSystemImpl (MetricsSystemImpl.java:register(276)) - Sink prometheus already exists!
2019-09-28 01:20:07,424 [main] INFO  server.BaseHttpServer (BaseHttpServer.java:updateConnectorAddress(215)) - HTTP server of HDDSDATANODE is listening at http://0.0.0.0:36970
2019-09-28 01:20:07,424 [main] INFO  impl.MetricsSystemImpl (MetricsSystemImpl.java:init(158)) - HddsDatanode metrics system started (again)
2019-09-28 01:20:07,427 [main] INFO  ozone.HddsDatanodeService (HddsDatanodeService.java:start(184)) - HddsDatanodeService host:pr-hdds-2162-8g7kw-3348123894 ip:192.168.151.82
2019-09-28 01:20:07,431 [org.apache.hadoop.util.JvmPauseMonitor$Monitor@42f99569] INFO  util.JvmPauseMonitor (JvmPauseMonitor.java:run(188)) - Starting JVM pause monitor
2019-09-28 01:20:07,438 [main] INFO  volume.HddsVolume (HddsVolume.java:<init>(176)) - Creating Volume: /workdir/hadoop-ozone/integration-test/target/test-dir/MiniOzoneClusterImpl-af2566c7-5146-4045-9885-51dcdbd53a0d/datanode-3/data/containers/hdds of  storage type : DISK and capacity : 1482555576320
2019-09-28 01:20:07,439 [main] INFO  volume.VolumeSet (VolumeSet.java:initializeVolumeSet(170)) - Added Volume : /workdir/hadoop-ozone/integration-test/target/test-dir/MiniOzoneClusterImpl-af2566c7-5146-4045-9885-51dcdbd53a0d/datanode-3/data/containers/hdds to VolumeSet
2019-09-28 01:20:07,439 [main] INFO  volume.ThrottledAsyncChecker (ThrottledAsyncChecker.java:schedule(139)) - Scheduling a check for org.apache.hadoop.ozone.container.common.volume.HddsVolume@423ed3b5
2019-09-28 01:20:07,440 [Datanode State Machine Thread - 0] INFO  datanode.InitDatanodeState (InitDatanodeState.java:persistContainerDatanodeDetails(140)) - DatanodeDetails is persisted to /workdir/hadoop-ozone/integration-test/target/test-dir/MiniOzoneClusterImpl-af2566c7-5146-4045-9885-51dcdbd53a0d/datanode-2/meta/datanode.id
2019-09-28 01:20:07,441 [main] INFO  volume.HddsVolumeChecker (HddsVolumeChecker.java:checkAllVolumes(202)) - Scheduled health check for volume org.apache.hadoop.ozone.container.common.volume.HddsVolume@423ed3b5
2019-09-28 01:20:07,461 [main] INFO  impl.RaftServerProxy (ConfUtils.java:logGet(43)) - raft.rpc.type = GRPC (default)
2019-09-28 01:20:07,461 [main] INFO  grpc.GrpcFactory (GrpcFactory.java:checkPooledByteBufAllocatorUseCacheForAllThreads(45)) - PERFORMANCE WARNING: useCacheForAllThreads is true that may cause Netty to create a lot garbage objects and, as a result, trigger GC.
	It is recommended to disable useCacheForAllThreads by setting -Dorg.apache.ratis.thirdparty.io.netty.allocator.useCacheForAllThreads=false in command line.
2019-09-28 01:20:07,461 [main] INFO  grpc.GrpcConfigKeys$Server (ConfUtils.java:logGet(43)) - raft.grpc.server.port = 0 (default)
2019-09-28 01:20:07,462 [main] INFO  server.GrpcService (ConfUtils.java:logGet(43)) - raft.grpc.message.size.max = 33570816 (custom)
2019-09-28 01:20:07,462 [main] INFO  server.RaftServerConfigKeys (ConfUtils.java:logGet(43)) - raft.server.log.appender.buffer.byte-limit = 33554432 (custom)
2019-09-28 01:20:07,462 [main] INFO  server.GrpcService (ConfUtils.java:logGet(43)) - raft.grpc.flow.control.window = 1MB (=1048576) (default)
2019-09-28 01:20:07,462 [main] INFO  server.RaftServerConfigKeys (ConfUtils.java:logGet(43)) - raft.server.rpc.request.timeout = 3000ms (default)
2019-09-28 01:20:07,463 [main] INFO  server.RaftServerConfigKeys (ConfUtils.java:logGet(43)) - raft.server.storage.dir = [/workdir/hadoop-ozone/integration-test/target/test-dir/MiniOzoneClusterImpl-af2566c7-5146-4045-9885-51dcdbd53a0d/datanode-3/data/ratis] (custom)
2019-09-28 01:20:07,465 [main] INFO  hdfs.DFSUtil (DFSUtil.java:httpServerTemplateForNNAndJN(1641)) - Starting Web-server for hddsDatanode at: http://0.0.0.0:0
2019-09-28 01:20:07,466 [main] INFO  server.AuthenticationFilter (AuthenticationFilter.java:constructSecretProvider(240)) - Unable to initialize FileSignerSecretProvider, falling back to use random secrets.
2019-09-28 01:20:07,466 [main] WARN  http.HttpRequestLog (HttpRequestLog.java:getRequestLog(97)) - Jetty request log can only be enabled using Log4j
2019-09-28 01:20:07,468 [main] INFO  http.HttpServer2 (HttpServer2.java:addGlobalFilter(975)) - Added global filter 'safety' (class=org.apache.hadoop.http.HttpServer2$QuotingInputFilter)
2019-09-28 01:20:07,468 [main] INFO  http.HttpServer2 (HttpServer2.java:addFilter(948)) - Added filter static_user_filter (class=org.apache.hadoop.http.lib.StaticUserWebFilter$StaticUserFilter) to context hddsDatanode
2019-09-28 01:20:07,468 [main] INFO  http.HttpServer2 (HttpServer2.java:addFilter(958)) - Added filter static_user_filter (class=org.apache.hadoop.http.lib.StaticUserWebFilter$StaticUserFilter) to context static
2019-09-28 01:20:07,468 [main] INFO  http.HttpServer2 (HttpServer2.java:addFilter(958)) - Added filter static_user_filter (class=org.apache.hadoop.http.lib.StaticUserWebFilter$StaticUserFilter) to context logs
2019-09-28 01:20:07,469 [main] INFO  http.HttpServer2 (HttpServer2.java:bindListener(1191)) - Jetty bound to port 46345
2019-09-28 01:20:07,469 [main] INFO  server.Server (Server.java:doStart(351)) - jetty-9.3.25.v20180904, build timestamp: 2018-09-04T21:11:46Z, git hash: 3ce520221d0240229c862b122d2b06c12a625732
2019-09-28 01:20:07,470 [main] INFO  handler.ContextHandler (ContextHandler.java:doStart(781)) - Started o.e.j.s.ServletContextHandler@3b41e1bf{/logs,file:///workdir/hadoop-ozone/integration-test/target/log,AVAILABLE}
2019-09-28 01:20:07,471 [main] INFO  handler.ContextHandler (ContextHandler.java:doStart(781)) - Started o.e.j.s.ServletContextHandler@486e9d1d{/static,jar:file:/home/user/.m2/repository/org/apache/hadoop/hadoop-hdds-container-service/0.5.0-SNAPSHOT/hadoop-hdds-container-service-0.5.0-SNAPSHOT.jar!/webapps/static,AVAILABLE}
2019-09-28 01:20:07,498 [main] INFO  handler.ContextHandler (ContextHandler.java:doStart(781)) - Started o.e.j.w.WebAppContext@559af296{/,file:///tmp/jetty-0.0.0.0-46345-hddsDatanode-_-any-431032146748528723.dir/webapp/,AVAILABLE}{/hddsDatanode}
2019-09-28 01:20:07,498 [main] INFO  server.AbstractConnector (AbstractConnector.java:doStart(278)) - Started ServerConnector@5edc3e29{HTTP/1.1,[http/1.1]}{0.0.0.0:46345}
2019-09-28 01:20:07,499 [main] INFO  server.Server (Server.java:doStart(419)) - Started @435683ms
2019-09-28 01:20:07,499 [main] WARN  impl.MetricsSystemImpl (MetricsSystemImpl.java:register(276)) - Sink prometheus already exists!
2019-09-28 01:20:07,500 [main] INFO  server.BaseHttpServer (BaseHttpServer.java:updateConnectorAddress(215)) - HTTP server of HDDSDATANODE is listening at http://0.0.0.0:46345
2019-09-28 01:20:07,500 [main] INFO  impl.MetricsSystemImpl (MetricsSystemImpl.java:init(158)) - HddsDatanode metrics system started (again)
2019-09-28 01:20:07,504 [main] INFO  ozone.HddsDatanodeService (HddsDatanodeService.java:start(184)) - HddsDatanodeService host:pr-hdds-2162-8g7kw-3348123894 ip:192.168.151.82
2019-09-28 01:20:07,504 [org.apache.hadoop.util.JvmPauseMonitor$Monitor@32cb03c9] INFO  util.JvmPauseMonitor (JvmPauseMonitor.java:run(188)) - Starting JVM pause monitor
2019-09-28 01:20:07,506 [Datanode State Machine Thread - 0] INFO  datanode.InitDatanodeState (InitDatanodeState.java:persistContainerDatanodeDetails(140)) - DatanodeDetails is persisted to /workdir/hadoop-ozone/integration-test/target/test-dir/MiniOzoneClusterImpl-af2566c7-5146-4045-9885-51dcdbd53a0d/datanode-3/meta/datanode.id
2019-09-28 01:20:07,511 [main] INFO  volume.HddsVolume (HddsVolume.java:<init>(176)) - Creating Volume: /workdir/hadoop-ozone/integration-test/target/test-dir/MiniOzoneClusterImpl-af2566c7-5146-4045-9885-51dcdbd53a0d/datanode-4/data/containers/hdds of  storage type : DISK and capacity : 1482555576320
2019-09-28 01:20:07,511 [main] INFO  volume.VolumeSet (VolumeSet.java:initializeVolumeSet(170)) - Added Volume : /workdir/hadoop-ozone/integration-test/target/test-dir/MiniOzoneClusterImpl-af2566c7-5146-4045-9885-51dcdbd53a0d/datanode-4/data/containers/hdds to VolumeSet
2019-09-28 01:20:07,511 [main] INFO  volume.ThrottledAsyncChecker (ThrottledAsyncChecker.java:schedule(139)) - Scheduling a check for org.apache.hadoop.ozone.container.common.volume.HddsVolume@47df5041
2019-09-28 01:20:07,512 [main] INFO  volume.HddsVolumeChecker (HddsVolumeChecker.java:checkAllVolumes(202)) - Scheduled health check for volume org.apache.hadoop.ozone.container.common.volume.HddsVolume@47df5041
2019-09-28 01:20:07,524 [main] INFO  impl.RaftServerProxy (ConfUtils.java:logGet(43)) - raft.rpc.type = GRPC (default)
2019-09-28 01:20:07,524 [main] INFO  grpc.GrpcFactory (GrpcFactory.java:checkPooledByteBufAllocatorUseCacheForAllThreads(45)) - PERFORMANCE WARNING: useCacheForAllThreads is true that may cause Netty to create a lot garbage objects and, as a result, trigger GC.
	It is recommended to disable useCacheForAllThreads by setting -Dorg.apache.ratis.thirdparty.io.netty.allocator.useCacheForAllThreads=false in command line.
2019-09-28 01:20:07,524 [main] INFO  grpc.GrpcConfigKeys$Server (ConfUtils.java:logGet(43)) - raft.grpc.server.port = 0 (default)
2019-09-28 01:20:07,525 [main] INFO  server.GrpcService (ConfUtils.java:logGet(43)) - raft.grpc.message.size.max = 33570816 (custom)
2019-09-28 01:20:07,525 [main] INFO  server.RaftServerConfigKeys (ConfUtils.java:logGet(43)) - raft.server.log.appender.buffer.byte-limit = 33554432 (custom)
2019-09-28 01:20:07,525 [main] INFO  server.GrpcService (ConfUtils.java:logGet(43)) - raft.grpc.flow.control.window = 1MB (=1048576) (default)
2019-09-28 01:20:07,525 [main] INFO  server.RaftServerConfigKeys (ConfUtils.java:logGet(43)) - raft.server.rpc.request.timeout = 3000ms (default)
2019-09-28 01:20:07,526 [main] INFO  server.RaftServerConfigKeys (ConfUtils.java:logGet(43)) - raft.server.storage.dir = [/workdir/hadoop-ozone/integration-test/target/test-dir/MiniOzoneClusterImpl-af2566c7-5146-4045-9885-51dcdbd53a0d/datanode-4/data/ratis] (custom)
2019-09-28 01:20:07,527 [main] INFO  hdfs.DFSUtil (DFSUtil.java:httpServerTemplateForNNAndJN(1641)) - Starting Web-server for hddsDatanode at: http://0.0.0.0:0
2019-09-28 01:20:07,528 [main] INFO  server.AuthenticationFilter (AuthenticationFilter.java:constructSecretProvider(240)) - Unable to initialize FileSignerSecretProvider, falling back to use random secrets.
2019-09-28 01:20:07,528 [main] WARN  http.HttpRequestLog (HttpRequestLog.java:getRequestLog(97)) - Jetty request log can only be enabled using Log4j
2019-09-28 01:20:07,529 [main] INFO  http.HttpServer2 (HttpServer2.java:addGlobalFilter(975)) - Added global filter 'safety' (class=org.apache.hadoop.http.HttpServer2$QuotingInputFilter)
2019-09-28 01:20:07,530 [main] INFO  http.HttpServer2 (HttpServer2.java:addFilter(948)) - Added filter static_user_filter (class=org.apache.hadoop.http.lib.StaticUserWebFilter$StaticUserFilter) to context hddsDatanode
2019-09-28 01:20:07,530 [main] INFO  http.HttpServer2 (HttpServer2.java:addFilter(958)) - Added filter static_user_filter (class=org.apache.hadoop.http.lib.StaticUserWebFilter$StaticUserFilter) to context static
2019-09-28 01:20:07,530 [main] INFO  http.HttpServer2 (HttpServer2.java:addFilter(958)) - Added filter static_user_filter (class=org.apache.hadoop.http.lib.StaticUserWebFilter$StaticUserFilter) to context logs
2019-09-28 01:20:07,530 [main] INFO  http.HttpServer2 (HttpServer2.java:bindListener(1191)) - Jetty bound to port 34231
2019-09-28 01:20:07,531 [main] INFO  server.Server (Server.java:doStart(351)) - jetty-9.3.25.v20180904, build timestamp: 2018-09-04T21:11:46Z, git hash: 3ce520221d0240229c862b122d2b06c12a625732
2019-09-28 01:20:07,532 [main] INFO  handler.ContextHandler (ContextHandler.java:doStart(781)) - Started o.e.j.s.ServletContextHandler@1472208d{/logs,file:///workdir/hadoop-ozone/integration-test/target/log,AVAILABLE}
2019-09-28 01:20:07,533 [main] INFO  handler.ContextHandler (ContextHandler.java:doStart(781)) - Started o.e.j.s.ServletContextHandler@6de004f1{/static,jar:file:/home/user/.m2/repository/org/apache/hadoop/hadoop-hdds-container-service/0.5.0-SNAPSHOT/hadoop-hdds-container-service-0.5.0-SNAPSHOT.jar!/webapps/static,AVAILABLE}
2019-09-28 01:20:07,559 [main] INFO  handler.ContextHandler (ContextHandler.java:doStart(781)) - Started o.e.j.w.WebAppContext@19f02280{/,file:///tmp/jetty-0.0.0.0-34231-hddsDatanode-_-any-8450076515114705161.dir/webapp/,AVAILABLE}{/hddsDatanode}
2019-09-28 01:20:07,560 [main] INFO  server.AbstractConnector (AbstractConnector.java:doStart(278)) - Started ServerConnector@1e30db85{HTTP/1.1,[http/1.1]}{0.0.0.0:34231}
2019-09-28 01:20:07,560 [main] INFO  server.Server (Server.java:doStart(419)) - Started @435744ms
2019-09-28 01:20:07,565 [main] WARN  impl.MetricsSystemImpl (MetricsSystemImpl.java:register(276)) - Sink prometheus already exists!
2019-09-28 01:20:07,565 [main] INFO  server.BaseHttpServer (BaseHttpServer.java:updateConnectorAddress(215)) - HTTP server of HDDSDATANODE is listening at http://0.0.0.0:34231
2019-09-28 01:20:07,566 [main] INFO  impl.MetricsSystemImpl (MetricsSystemImpl.java:init(158)) - HddsDatanode metrics system started (again)
2019-09-28 01:20:07,569 [main] INFO  ozone.HddsDatanodeService (HddsDatanodeService.java:start(184)) - HddsDatanodeService host:pr-hdds-2162-8g7kw-3348123894 ip:192.168.151.82
2019-09-28 01:20:07,570 [org.apache.hadoop.util.JvmPauseMonitor$Monitor@39629827] INFO  util.JvmPauseMonitor (JvmPauseMonitor.java:run(188)) - Starting JVM pause monitor
2019-09-28 01:20:07,571 [Datanode State Machine Thread - 0] INFO  datanode.InitDatanodeState (InitDatanodeState.java:persistContainerDatanodeDetails(140)) - DatanodeDetails is persisted to /workdir/hadoop-ozone/integration-test/target/test-dir/MiniOzoneClusterImpl-af2566c7-5146-4045-9885-51dcdbd53a0d/datanode-4/meta/datanode.id
2019-09-28 01:20:07,576 [main] INFO  volume.HddsVolume (HddsVolume.java:<init>(176)) - Creating Volume: /workdir/hadoop-ozone/integration-test/target/test-dir/MiniOzoneClusterImpl-af2566c7-5146-4045-9885-51dcdbd53a0d/datanode-5/data/containers/hdds of  storage type : DISK and capacity : 1482555576320
2019-09-28 01:20:07,576 [main] INFO  volume.VolumeSet (VolumeSet.java:initializeVolumeSet(170)) - Added Volume : /workdir/hadoop-ozone/integration-test/target/test-dir/MiniOzoneClusterImpl-af2566c7-5146-4045-9885-51dcdbd53a0d/datanode-5/data/containers/hdds to VolumeSet
2019-09-28 01:20:07,576 [main] INFO  volume.ThrottledAsyncChecker (ThrottledAsyncChecker.java:schedule(139)) - Scheduling a check for org.apache.hadoop.ozone.container.common.volume.HddsVolume@357c9bd9
2019-09-28 01:20:07,577 [main] INFO  volume.HddsVolumeChecker (HddsVolumeChecker.java:checkAllVolumes(202)) - Scheduled health check for volume org.apache.hadoop.ozone.container.common.volume.HddsVolume@357c9bd9
2019-09-28 01:20:07,588 [main] INFO  impl.RaftServerProxy (ConfUtils.java:logGet(43)) - raft.rpc.type = GRPC (default)
2019-09-28 01:20:07,588 [main] INFO  grpc.GrpcFactory (GrpcFactory.java:checkPooledByteBufAllocatorUseCacheForAllThreads(45)) - PERFORMANCE WARNING: useCacheForAllThreads is true that may cause Netty to create a lot garbage objects and, as a result, trigger GC.
	It is recommended to disable useCacheForAllThreads by setting -Dorg.apache.ratis.thirdparty.io.netty.allocator.useCacheForAllThreads=false in command line.
2019-09-28 01:20:07,588 [main] INFO  grpc.GrpcConfigKeys$Server (ConfUtils.java:logGet(43)) - raft.grpc.server.port = 0 (default)
2019-09-28 01:20:07,589 [main] INFO  server.GrpcService (ConfUtils.java:logGet(43)) - raft.grpc.message.size.max = 33570816 (custom)
2019-09-28 01:20:07,589 [main] INFO  server.RaftServerConfigKeys (ConfUtils.java:logGet(43)) - raft.server.log.appender.buffer.byte-limit = 33554432 (custom)
2019-09-28 01:20:07,589 [main] INFO  server.GrpcService (ConfUtils.java:logGet(43)) - raft.grpc.flow.control.window = 1MB (=1048576) (default)
2019-09-28 01:20:07,589 [main] INFO  server.RaftServerConfigKeys (ConfUtils.java:logGet(43)) - raft.server.rpc.request.timeout = 3000ms (default)
2019-09-28 01:20:07,589 [main] INFO  server.RaftServerConfigKeys (ConfUtils.java:logGet(43)) - raft.server.storage.dir = [/workdir/hadoop-ozone/integration-test/target/test-dir/MiniOzoneClusterImpl-af2566c7-5146-4045-9885-51dcdbd53a0d/datanode-5/data/ratis] (custom)
2019-09-28 01:20:07,591 [main] INFO  hdfs.DFSUtil (DFSUtil.java:httpServerTemplateForNNAndJN(1641)) - Starting Web-server for hddsDatanode at: http://0.0.0.0:0
2019-09-28 01:20:07,595 [main] INFO  server.AuthenticationFilter (AuthenticationFilter.java:constructSecretProvider(240)) - Unable to initialize FileSignerSecretProvider, falling back to use random secrets.
2019-09-28 01:20:07,596 [main] WARN  http.HttpRequestLog (HttpRequestLog.java:getRequestLog(97)) - Jetty request log can only be enabled using Log4j
2019-09-28 01:20:07,597 [main] INFO  http.HttpServer2 (HttpServer2.java:addGlobalFilter(975)) - Added global filter 'safety' (class=org.apache.hadoop.http.HttpServer2$QuotingInputFilter)
2019-09-28 01:20:07,597 [main] INFO  http.HttpServer2 (HttpServer2.java:addFilter(948)) - Added filter static_user_filter (class=org.apache.hadoop.http.lib.StaticUserWebFilter$StaticUserFilter) to context hddsDatanode
2019-09-28 01:20:07,597 [main] INFO  http.HttpServer2 (HttpServer2.java:addFilter(958)) - Added filter static_user_filter (class=org.apache.hadoop.http.lib.StaticUserWebFilter$StaticUserFilter) to context static
2019-09-28 01:20:07,597 [main] INFO  http.HttpServer2 (HttpServer2.java:addFilter(958)) - Added filter static_user_filter (class=org.apache.hadoop.http.lib.StaticUserWebFilter$StaticUserFilter) to context logs
2019-09-28 01:20:07,598 [main] INFO  http.HttpServer2 (HttpServer2.java:bindListener(1191)) - Jetty bound to port 34816
2019-09-28 01:20:07,598 [main] INFO  server.Server (Server.java:doStart(351)) - jetty-9.3.25.v20180904, build timestamp: 2018-09-04T21:11:46Z, git hash: 3ce520221d0240229c862b122d2b06c12a625732
2019-09-28 01:20:07,599 [main] INFO  handler.ContextHandler (ContextHandler.java:doStart(781)) - Started o.e.j.s.ServletContextHandler@784d9bc{/logs,file:///workdir/hadoop-ozone/integration-test/target/log,AVAILABLE}
2019-09-28 01:20:07,600 [main] INFO  handler.ContextHandler (ContextHandler.java:doStart(781)) - Started o.e.j.s.ServletContextHandler@426131d7{/static,jar:file:/home/user/.m2/repository/org/apache/hadoop/hadoop-hdds-container-service/0.5.0-SNAPSHOT/hadoop-hdds-container-service-0.5.0-SNAPSHOT.jar!/webapps/static,AVAILABLE}
2019-09-28 01:20:07,626 [main] INFO  handler.ContextHandler (ContextHandler.java:doStart(781)) - Started o.e.j.w.WebAppContext@1e1e837d{/,file:///tmp/jetty-0.0.0.0-34816-hddsDatanode-_-any-5677150375497620441.dir/webapp/,AVAILABLE}{/hddsDatanode}
2019-09-28 01:20:07,626 [main] INFO  server.AbstractConnector (AbstractConnector.java:doStart(278)) - Started ServerConnector@4b957db0{HTTP/1.1,[http/1.1]}{0.0.0.0:34816}
2019-09-28 01:20:07,627 [main] INFO  server.Server (Server.java:doStart(419)) - Started @435810ms
2019-09-28 01:20:07,628 [main] WARN  impl.MetricsSystemImpl (MetricsSystemImpl.java:register(276)) - Sink prometheus already exists!
2019-09-28 01:20:07,629 [main] INFO  server.BaseHttpServer (BaseHttpServer.java:updateConnectorAddress(215)) - HTTP server of HDDSDATANODE is listening at http://0.0.0.0:34816
2019-09-28 01:20:07,629 [main] INFO  impl.MetricsSystemImpl (MetricsSystemImpl.java:init(158)) - HddsDatanode metrics system started (again)
2019-09-28 01:20:07,633 [main] INFO  ozone.HddsDatanodeService (HddsDatanodeService.java:start(184)) - HddsDatanodeService host:pr-hdds-2162-8g7kw-3348123894 ip:192.168.151.82
2019-09-28 01:20:07,633 [org.apache.hadoop.util.JvmPauseMonitor$Monitor@3ae0707d] INFO  util.JvmPauseMonitor (JvmPauseMonitor.java:run(188)) - Starting JVM pause monitor
2019-09-28 01:20:07,635 [Datanode State Machine Thread - 0] INFO  datanode.InitDatanodeState (InitDatanodeState.java:persistContainerDatanodeDetails(140)) - DatanodeDetails is persisted to /workdir/hadoop-ozone/integration-test/target/test-dir/MiniOzoneClusterImpl-af2566c7-5146-4045-9885-51dcdbd53a0d/datanode-5/meta/datanode.id
2019-09-28 01:20:07,639 [main] INFO  volume.HddsVolume (HddsVolume.java:<init>(176)) - Creating Volume: /workdir/hadoop-ozone/integration-test/target/test-dir/MiniOzoneClusterImpl-af2566c7-5146-4045-9885-51dcdbd53a0d/datanode-6/data/containers/hdds of  storage type : DISK and capacity : 1482555576320
2019-09-28 01:20:07,639 [main] INFO  volume.VolumeSet (VolumeSet.java:initializeVolumeSet(170)) - Added Volume : /workdir/hadoop-ozone/integration-test/target/test-dir/MiniOzoneClusterImpl-af2566c7-5146-4045-9885-51dcdbd53a0d/datanode-6/data/containers/hdds to VolumeSet
2019-09-28 01:20:07,639 [main] INFO  volume.ThrottledAsyncChecker (ThrottledAsyncChecker.java:schedule(139)) - Scheduling a check for org.apache.hadoop.ozone.container.common.volume.HddsVolume@47044f7d
2019-09-28 01:20:07,640 [main] INFO  volume.HddsVolumeChecker (HddsVolumeChecker.java:checkAllVolumes(202)) - Scheduled health check for volume org.apache.hadoop.ozone.container.common.volume.HddsVolume@47044f7d
2019-09-28 01:20:07,652 [main] INFO  impl.RaftServerProxy (ConfUtils.java:logGet(43)) - raft.rpc.type = GRPC (default)
2019-09-28 01:20:07,653 [main] INFO  grpc.GrpcFactory (GrpcFactory.java:checkPooledByteBufAllocatorUseCacheForAllThreads(45)) - PERFORMANCE WARNING: useCacheForAllThreads is true that may cause Netty to create a lot garbage objects and, as a result, trigger GC.
	It is recommended to disable useCacheForAllThreads by setting -Dorg.apache.ratis.thirdparty.io.netty.allocator.useCacheForAllThreads=false in command line.
2019-09-28 01:20:07,653 [main] INFO  grpc.GrpcConfigKeys$Server (ConfUtils.java:logGet(43)) - raft.grpc.server.port = 0 (default)
2019-09-28 01:20:07,653 [main] INFO  server.GrpcService (ConfUtils.java:logGet(43)) - raft.grpc.message.size.max = 33570816 (custom)
2019-09-28 01:20:07,653 [main] INFO  server.RaftServerConfigKeys (ConfUtils.java:logGet(43)) - raft.server.log.appender.buffer.byte-limit = 33554432 (custom)
2019-09-28 01:20:07,654 [main] INFO  server.GrpcService (ConfUtils.java:logGet(43)) - raft.grpc.flow.control.window = 1MB (=1048576) (default)
2019-09-28 01:20:07,654 [main] INFO  server.RaftServerConfigKeys (ConfUtils.java:logGet(43)) - raft.server.rpc.request.timeout = 3000ms (default)
2019-09-28 01:20:07,654 [main] INFO  server.RaftServerConfigKeys (ConfUtils.java:logGet(43)) - raft.server.storage.dir = [/workdir/hadoop-ozone/integration-test/target/test-dir/MiniOzoneClusterImpl-af2566c7-5146-4045-9885-51dcdbd53a0d/datanode-6/data/ratis] (custom)
2019-09-28 01:20:07,655 [main] INFO  hdfs.DFSUtil (DFSUtil.java:httpServerTemplateForNNAndJN(1641)) - Starting Web-server for hddsDatanode at: http://0.0.0.0:0
2019-09-28 01:20:07,656 [main] INFO  server.AuthenticationFilter (AuthenticationFilter.java:constructSecretProvider(240)) - Unable to initialize FileSignerSecretProvider, falling back to use random secrets.
2019-09-28 01:20:07,657 [main] WARN  http.HttpRequestLog (HttpRequestLog.java:getRequestLog(97)) - Jetty request log can only be enabled using Log4j
2019-09-28 01:20:07,658 [main] INFO  http.HttpServer2 (HttpServer2.java:addGlobalFilter(975)) - Added global filter 'safety' (class=org.apache.hadoop.http.HttpServer2$QuotingInputFilter)
2019-09-28 01:20:07,658 [main] INFO  http.HttpServer2 (HttpServer2.java:addFilter(948)) - Added filter static_user_filter (class=org.apache.hadoop.http.lib.StaticUserWebFilter$StaticUserFilter) to context hddsDatanode
2019-09-28 01:20:07,658 [main] INFO  http.HttpServer2 (HttpServer2.java:addFilter(958)) - Added filter static_user_filter (class=org.apache.hadoop.http.lib.StaticUserWebFilter$StaticUserFilter) to context static
2019-09-28 01:20:07,658 [main] INFO  http.HttpServer2 (HttpServer2.java:addFilter(958)) - Added filter static_user_filter (class=org.apache.hadoop.http.lib.StaticUserWebFilter$StaticUserFilter) to context logs
2019-09-28 01:20:07,659 [main] INFO  http.HttpServer2 (HttpServer2.java:bindListener(1191)) - Jetty bound to port 37143
2019-09-28 01:20:07,659 [main] INFO  server.Server (Server.java:doStart(351)) - jetty-9.3.25.v20180904, build timestamp: 2018-09-04T21:11:46Z, git hash: 3ce520221d0240229c862b122d2b06c12a625732
2019-09-28 01:20:07,660 [main] INFO  handler.ContextHandler (ContextHandler.java:doStart(781)) - Started o.e.j.s.ServletContextHandler@4a864d4d{/logs,file:///workdir/hadoop-ozone/integration-test/target/log,AVAILABLE}
2019-09-28 01:20:07,661 [main] INFO  handler.ContextHandler (ContextHandler.java:doStart(781)) - Started o.e.j.s.ServletContextHandler@46a123e4{/static,jar:file:/home/user/.m2/repository/org/apache/hadoop/hadoop-hdds-container-service/0.5.0-SNAPSHOT/hadoop-hdds-container-service-0.5.0-SNAPSHOT.jar!/webapps/static,AVAILABLE}
2019-09-28 01:20:07,690 [main] INFO  handler.ContextHandler (ContextHandler.java:doStart(781)) - Started o.e.j.w.WebAppContext@5a14e60d{/,file:///tmp/jetty-0.0.0.0-37143-hddsDatanode-_-any-421054352647279920.dir/webapp/,AVAILABLE}{/hddsDatanode}
2019-09-28 01:20:07,690 [main] INFO  server.AbstractConnector (AbstractConnector.java:doStart(278)) - Started ServerConnector@f882465{HTTP/1.1,[http/1.1]}{0.0.0.0:37143}
2019-09-28 01:20:07,692 [main] INFO  server.Server (Server.java:doStart(419)) - Started @435876ms
2019-09-28 01:20:07,692 [main] WARN  impl.MetricsSystemImpl (MetricsSystemImpl.java:register(276)) - Sink prometheus already exists!
2019-09-28 01:20:07,693 [main] INFO  server.BaseHttpServer (BaseHttpServer.java:updateConnectorAddress(215)) - HTTP server of HDDSDATANODE is listening at http://0.0.0.0:37143
2019-09-28 01:20:07,694 [main] INFO  impl.MetricsSystemImpl (MetricsSystemImpl.java:init(158)) - HddsDatanode metrics system started (again)
2019-09-28 01:20:07,698 [org.apache.hadoop.util.JvmPauseMonitor$Monitor@4de0639b] INFO  util.JvmPauseMonitor (JvmPauseMonitor.java:run(188)) - Starting JVM pause monitor
2019-09-28 01:20:07,699 [main] INFO  ozone.HddsDatanodeService (HddsDatanodeService.java:start(184)) - HddsDatanodeService host:pr-hdds-2162-8g7kw-3348123894 ip:192.168.151.82
2019-09-28 01:20:07,700 [Datanode State Machine Thread - 0] INFO  datanode.InitDatanodeState (InitDatanodeState.java:persistContainerDatanodeDetails(140)) - DatanodeDetails is persisted to /workdir/hadoop-ozone/integration-test/target/test-dir/MiniOzoneClusterImpl-af2566c7-5146-4045-9885-51dcdbd53a0d/datanode-6/meta/datanode.id
2019-09-28 01:20:07,706 [main] INFO  volume.HddsVolume (HddsVolume.java:<init>(176)) - Creating Volume: /workdir/hadoop-ozone/integration-test/target/test-dir/MiniOzoneClusterImpl-af2566c7-5146-4045-9885-51dcdbd53a0d/datanode-7/data/containers/hdds of  storage type : DISK and capacity : 1482555576320
2019-09-28 01:20:07,706 [main] INFO  volume.VolumeSet (VolumeSet.java:initializeVolumeSet(170)) - Added Volume : /workdir/hadoop-ozone/integration-test/target/test-dir/MiniOzoneClusterImpl-af2566c7-5146-4045-9885-51dcdbd53a0d/datanode-7/data/containers/hdds to VolumeSet
2019-09-28 01:20:07,707 [main] INFO  volume.ThrottledAsyncChecker (ThrottledAsyncChecker.java:schedule(139)) - Scheduling a check for org.apache.hadoop.ozone.container.common.volume.HddsVolume@590d6c76
2019-09-28 01:20:07,708 [main] INFO  volume.HddsVolumeChecker (HddsVolumeChecker.java:checkAllVolumes(202)) - Scheduled health check for volume org.apache.hadoop.ozone.container.common.volume.HddsVolume@590d6c76
2019-09-28 01:20:07,720 [main] INFO  impl.RaftServerProxy (ConfUtils.java:logGet(43)) - raft.rpc.type = GRPC (default)
2019-09-28 01:20:07,720 [main] INFO  grpc.GrpcFactory (GrpcFactory.java:checkPooledByteBufAllocatorUseCacheForAllThreads(45)) - PERFORMANCE WARNING: useCacheForAllThreads is true that may cause Netty to create a lot garbage objects and, as a result, trigger GC.
	It is recommended to disable useCacheForAllThreads by setting -Dorg.apache.ratis.thirdparty.io.netty.allocator.useCacheForAllThreads=false in command line.
2019-09-28 01:20:07,720 [main] INFO  grpc.GrpcConfigKeys$Server (ConfUtils.java:logGet(43)) - raft.grpc.server.port = 0 (default)
2019-09-28 01:20:07,720 [main] INFO  server.GrpcService (ConfUtils.java:logGet(43)) - raft.grpc.message.size.max = 33570816 (custom)
2019-09-28 01:20:07,721 [main] INFO  server.RaftServerConfigKeys (ConfUtils.java:logGet(43)) - raft.server.log.appender.buffer.byte-limit = 33554432 (custom)
2019-09-28 01:20:07,721 [main] INFO  server.GrpcService (ConfUtils.java:logGet(43)) - raft.grpc.flow.control.window = 1MB (=1048576) (default)
2019-09-28 01:20:07,721 [main] INFO  server.RaftServerConfigKeys (ConfUtils.java:logGet(43)) - raft.server.rpc.request.timeout = 3000ms (default)
2019-09-28 01:20:07,721 [main] INFO  server.RaftServerConfigKeys (ConfUtils.java:logGet(43)) - raft.server.storage.dir = [/workdir/hadoop-ozone/integration-test/target/test-dir/MiniOzoneClusterImpl-af2566c7-5146-4045-9885-51dcdbd53a0d/datanode-7/data/ratis] (custom)
2019-09-28 01:20:07,723 [main] INFO  hdfs.DFSUtil (DFSUtil.java:httpServerTemplateForNNAndJN(1641)) - Starting Web-server for hddsDatanode at: http://0.0.0.0:0
2019-09-28 01:20:07,724 [main] INFO  server.AuthenticationFilter (AuthenticationFilter.java:constructSecretProvider(240)) - Unable to initialize FileSignerSecretProvider, falling back to use random secrets.
2019-09-28 01:20:07,724 [main] WARN  http.HttpRequestLog (HttpRequestLog.java:getRequestLog(97)) - Jetty request log can only be enabled using Log4j
2019-09-28 01:20:07,725 [main] INFO  http.HttpServer2 (HttpServer2.java:addGlobalFilter(975)) - Added global filter 'safety' (class=org.apache.hadoop.http.HttpServer2$QuotingInputFilter)
2019-09-28 01:20:07,726 [main] INFO  http.HttpServer2 (HttpServer2.java:addFilter(948)) - Added filter static_user_filter (class=org.apache.hadoop.http.lib.StaticUserWebFilter$StaticUserFilter) to context hddsDatanode
2019-09-28 01:20:07,726 [main] INFO  http.HttpServer2 (HttpServer2.java:addFilter(958)) - Added filter static_user_filter (class=org.apache.hadoop.http.lib.StaticUserWebFilter$StaticUserFilter) to context logs
2019-09-28 01:20:07,726 [main] INFO  http.HttpServer2 (HttpServer2.java:addFilter(958)) - Added filter static_user_filter (class=org.apache.hadoop.http.lib.StaticUserWebFilter$StaticUserFilter) to context static
2019-09-28 01:20:07,727 [main] INFO  http.HttpServer2 (HttpServer2.java:bindListener(1191)) - Jetty bound to port 35156
2019-09-28 01:20:07,727 [main] INFO  server.Server (Server.java:doStart(351)) - jetty-9.3.25.v20180904, build timestamp: 2018-09-04T21:11:46Z, git hash: 3ce520221d0240229c862b122d2b06c12a625732
2019-09-28 01:20:07,728 [main] INFO  handler.ContextHandler (ContextHandler.java:doStart(781)) - Started o.e.j.s.ServletContextHandler@69796bd0{/logs,file:///workdir/hadoop-ozone/integration-test/target/log,AVAILABLE}
2019-09-28 01:20:07,729 [main] INFO  handler.ContextHandler (ContextHandler.java:doStart(781)) - Started o.e.j.s.ServletContextHandler@8c0a23f{/static,jar:file:/home/user/.m2/repository/org/apache/hadoop/hadoop-hdds-container-service/0.5.0-SNAPSHOT/hadoop-hdds-container-service-0.5.0-SNAPSHOT.jar!/webapps/static,AVAILABLE}
2019-09-28 01:20:07,772 [main] INFO  handler.ContextHandler (ContextHandler.java:doStart(781)) - Started o.e.j.w.WebAppContext@7971c2a9{/,file:///tmp/jetty-0.0.0.0-35156-hddsDatanode-_-any-7984078667003752997.dir/webapp/,AVAILABLE}{/hddsDatanode}
2019-09-28 01:20:07,773 [main] INFO  server.AbstractConnector (AbstractConnector.java:doStart(278)) - Started ServerConnector@2fd39436{HTTP/1.1,[http/1.1]}{0.0.0.0:35156}
2019-09-28 01:20:07,775 [main] INFO  server.Server (Server.java:doStart(419)) - Started @435958ms
2019-09-28 01:20:07,775 [main] WARN  impl.MetricsSystemImpl (MetricsSystemImpl.java:register(276)) - Sink prometheus already exists!
2019-09-28 01:20:07,776 [main] INFO  server.BaseHttpServer (BaseHttpServer.java:updateConnectorAddress(215)) - HTTP server of HDDSDATANODE is listening at http://0.0.0.0:35156
2019-09-28 01:20:07,776 [main] INFO  impl.MetricsSystemImpl (MetricsSystemImpl.java:init(158)) - HddsDatanode metrics system started (again)
2019-09-28 01:20:07,782 [main] INFO  ozone.HddsDatanodeService (HddsDatanodeService.java:start(184)) - HddsDatanodeService host:pr-hdds-2162-8g7kw-3348123894 ip:192.168.151.82
2019-09-28 01:20:07,783 [org.apache.hadoop.util.JvmPauseMonitor$Monitor@5377967d] INFO  util.JvmPauseMonitor (JvmPauseMonitor.java:run(188)) - Starting JVM pause monitor
2019-09-28 01:20:07,784 [Datanode State Machine Thread - 0] INFO  datanode.InitDatanodeState (InitDatanodeState.java:persistContainerDatanodeDetails(140)) - DatanodeDetails is persisted to /workdir/hadoop-ozone/integration-test/target/test-dir/MiniOzoneClusterImpl-af2566c7-5146-4045-9885-51dcdbd53a0d/datanode-7/meta/datanode.id
2019-09-28 01:20:07,790 [main] INFO  volume.HddsVolume (HddsVolume.java:<init>(176)) - Creating Volume: /workdir/hadoop-ozone/integration-test/target/test-dir/MiniOzoneClusterImpl-af2566c7-5146-4045-9885-51dcdbd53a0d/datanode-8/data/containers/hdds of  storage type : DISK and capacity : 1482555576320
2019-09-28 01:20:07,790 [main] INFO  volume.VolumeSet (VolumeSet.java:initializeVolumeSet(170)) - Added Volume : /workdir/hadoop-ozone/integration-test/target/test-dir/MiniOzoneClusterImpl-af2566c7-5146-4045-9885-51dcdbd53a0d/datanode-8/data/containers/hdds to VolumeSet
2019-09-28 01:20:07,790 [main] INFO  volume.ThrottledAsyncChecker (ThrottledAsyncChecker.java:schedule(139)) - Scheduling a check for org.apache.hadoop.ozone.container.common.volume.HddsVolume@b5aa65b
2019-09-28 01:20:07,791 [main] INFO  volume.HddsVolumeChecker (HddsVolumeChecker.java:checkAllVolumes(202)) - Scheduled health check for volume org.apache.hadoop.ozone.container.common.volume.HddsVolume@b5aa65b
2019-09-28 01:20:07,806 [main] INFO  impl.RaftServerProxy (ConfUtils.java:logGet(43)) - raft.rpc.type = GRPC (default)
2019-09-28 01:20:07,807 [main] INFO  grpc.GrpcFactory (GrpcFactory.java:checkPooledByteBufAllocatorUseCacheForAllThreads(45)) - PERFORMANCE WARNING: useCacheForAllThreads is true that may cause Netty to create a lot garbage objects and, as a result, trigger GC.
	It is recommended to disable useCacheForAllThreads by setting -Dorg.apache.ratis.thirdparty.io.netty.allocator.useCacheForAllThreads=false in command line.
2019-09-28 01:20:07,807 [main] INFO  grpc.GrpcConfigKeys$Server (ConfUtils.java:logGet(43)) - raft.grpc.server.port = 0 (default)
2019-09-28 01:20:07,807 [main] INFO  server.GrpcService (ConfUtils.java:logGet(43)) - raft.grpc.message.size.max = 33570816 (custom)
2019-09-28 01:20:07,807 [main] INFO  server.RaftServerConfigKeys (ConfUtils.java:logGet(43)) - raft.server.log.appender.buffer.byte-limit = 33554432 (custom)
2019-09-28 01:20:07,807 [main] INFO  server.GrpcService (ConfUtils.java:logGet(43)) - raft.grpc.flow.control.window = 1MB (=1048576) (default)
2019-09-28 01:20:07,808 [main] INFO  server.RaftServerConfigKeys (ConfUtils.java:logGet(43)) - raft.server.rpc.request.timeout = 3000ms (default)
2019-09-28 01:20:07,808 [main] INFO  server.RaftServerConfigKeys (ConfUtils.java:logGet(43)) - raft.server.storage.dir = [/workdir/hadoop-ozone/integration-test/target/test-dir/MiniOzoneClusterImpl-af2566c7-5146-4045-9885-51dcdbd53a0d/datanode-8/data/ratis] (custom)
2019-09-28 01:20:07,810 [main] INFO  hdfs.DFSUtil (DFSUtil.java:httpServerTemplateForNNAndJN(1641)) - Starting Web-server for hddsDatanode at: http://0.0.0.0:0
2019-09-28 01:20:07,811 [main] INFO  server.AuthenticationFilter (AuthenticationFilter.java:constructSecretProvider(240)) - Unable to initialize FileSignerSecretProvider, falling back to use random secrets.
2019-09-28 01:20:07,811 [main] WARN  http.HttpRequestLog (HttpRequestLog.java:getRequestLog(97)) - Jetty request log can only be enabled using Log4j
2019-09-28 01:20:07,813 [main] INFO  http.HttpServer2 (HttpServer2.java:addGlobalFilter(975)) - Added global filter 'safety' (class=org.apache.hadoop.http.HttpServer2$QuotingInputFilter)
2019-09-28 01:20:07,813 [main] INFO  http.HttpServer2 (HttpServer2.java:addFilter(948)) - Added filter static_user_filter (class=org.apache.hadoop.http.lib.StaticUserWebFilter$StaticUserFilter) to context hddsDatanode
2019-09-28 01:20:07,813 [main] INFO  http.HttpServer2 (HttpServer2.java:addFilter(958)) - Added filter static_user_filter (class=org.apache.hadoop.http.lib.StaticUserWebFilter$StaticUserFilter) to context logs
2019-09-28 01:20:07,813 [main] INFO  http.HttpServer2 (HttpServer2.java:addFilter(958)) - Added filter static_user_filter (class=org.apache.hadoop.http.lib.StaticUserWebFilter$StaticUserFilter) to context static
2019-09-28 01:20:07,814 [main] INFO  http.HttpServer2 (HttpServer2.java:bindListener(1191)) - Jetty bound to port 42177
2019-09-28 01:20:07,814 [main] INFO  server.Server (Server.java:doStart(351)) - jetty-9.3.25.v20180904, build timestamp: 2018-09-04T21:11:46Z, git hash: 3ce520221d0240229c862b122d2b06c12a625732
2019-09-28 01:20:07,816 [main] INFO  handler.ContextHandler (ContextHandler.java:doStart(781)) - Started o.e.j.s.ServletContextHandler@1a14fdf0{/logs,file:///workdir/hadoop-ozone/integration-test/target/log,AVAILABLE}
2019-09-28 01:20:07,816 [main] INFO  handler.ContextHandler (ContextHandler.java:doStart(781)) - Started o.e.j.s.ServletContextHandler@58b311ba{/static,jar:file:/home/user/.m2/repository/org/apache/hadoop/hadoop-hdds-container-service/0.5.0-SNAPSHOT/hadoop-hdds-container-service-0.5.0-SNAPSHOT.jar!/webapps/static,AVAILABLE}
2019-09-28 01:20:07,851 [main] INFO  handler.ContextHandler (ContextHandler.java:doStart(781)) - Started o.e.j.w.WebAppContext@39266403{/,file:///tmp/jetty-0.0.0.0-42177-hddsDatanode-_-any-5655844085159957964.dir/webapp/,AVAILABLE}{/hddsDatanode}
2019-09-28 01:20:07,851 [main] INFO  server.AbstractConnector (AbstractConnector.java:doStart(278)) - Started ServerConnector@74b00247{HTTP/1.1,[http/1.1]}{0.0.0.0:42177}
2019-09-28 01:20:07,853 [main] INFO  server.Server (Server.java:doStart(419)) - Started @436037ms
2019-09-28 01:20:07,853 [main] WARN  impl.MetricsSystemImpl (MetricsSystemImpl.java:register(276)) - Sink prometheus already exists!
2019-09-28 01:20:07,854 [main] INFO  server.BaseHttpServer (BaseHttpServer.java:updateConnectorAddress(215)) - HTTP server of HDDSDATANODE is listening at http://0.0.0.0:42177
2019-09-28 01:20:07,854 [main] INFO  impl.MetricsSystemImpl (MetricsSystemImpl.java:init(158)) - HddsDatanode metrics system started (again)
2019-09-28 01:20:07,861 [org.apache.hadoop.util.JvmPauseMonitor$Monitor@624062e1] INFO  util.JvmPauseMonitor (JvmPauseMonitor.java:run(188)) - Starting JVM pause monitor
2019-09-28 01:20:07,861 [main] INFO  ozone.HddsDatanodeService (HddsDatanodeService.java:start(184)) - HddsDatanodeService host:pr-hdds-2162-8g7kw-3348123894 ip:192.168.151.82
2019-09-28 01:20:07,862 [Datanode State Machine Thread - 0] INFO  datanode.InitDatanodeState (InitDatanodeState.java:persistContainerDatanodeDetails(140)) - DatanodeDetails is persisted to /workdir/hadoop-ozone/integration-test/target/test-dir/MiniOzoneClusterImpl-af2566c7-5146-4045-9885-51dcdbd53a0d/datanode-8/meta/datanode.id
2019-09-28 01:20:07,875 [main] INFO  volume.HddsVolume (HddsVolume.java:<init>(176)) - Creating Volume: /workdir/hadoop-ozone/integration-test/target/test-dir/MiniOzoneClusterImpl-af2566c7-5146-4045-9885-51dcdbd53a0d/datanode-9/data/containers/hdds of  storage type : DISK and capacity : 1482555576320
2019-09-28 01:20:07,875 [main] INFO  volume.VolumeSet (VolumeSet.java:initializeVolumeSet(170)) - Added Volume : /workdir/hadoop-ozone/integration-test/target/test-dir/MiniOzoneClusterImpl-af2566c7-5146-4045-9885-51dcdbd53a0d/datanode-9/data/containers/hdds to VolumeSet
2019-09-28 01:20:07,876 [main] INFO  volume.ThrottledAsyncChecker (ThrottledAsyncChecker.java:schedule(139)) - Scheduling a check for org.apache.hadoop.ozone.container.common.volume.HddsVolume@8e99809
2019-09-28 01:20:07,876 [main] INFO  volume.HddsVolumeChecker (HddsVolumeChecker.java:checkAllVolumes(202)) - Scheduled health check for volume org.apache.hadoop.ozone.container.common.volume.HddsVolume@8e99809
2019-09-28 01:20:07,892 [main] INFO  impl.RaftServerProxy (ConfUtils.java:logGet(43)) - raft.rpc.type = GRPC (default)
2019-09-28 01:20:07,892 [main] INFO  grpc.GrpcFactory (GrpcFactory.java:checkPooledByteBufAllocatorUseCacheForAllThreads(45)) - PERFORMANCE WARNING: useCacheForAllThreads is true that may cause Netty to create a lot garbage objects and, as a result, trigger GC.
	It is recommended to disable useCacheForAllThreads by setting -Dorg.apache.ratis.thirdparty.io.netty.allocator.useCacheForAllThreads=false in command line.
2019-09-28 01:20:07,892 [main] INFO  grpc.GrpcConfigKeys$Server (ConfUtils.java:logGet(43)) - raft.grpc.server.port = 0 (default)
2019-09-28 01:20:07,892 [main] INFO  server.GrpcService (ConfUtils.java:logGet(43)) - raft.grpc.message.size.max = 33570816 (custom)
2019-09-28 01:20:07,892 [main] INFO  server.RaftServerConfigKeys (ConfUtils.java:logGet(43)) - raft.server.log.appender.buffer.byte-limit = 33554432 (custom)
2019-09-28 01:20:07,893 [main] INFO  server.GrpcService (ConfUtils.java:logGet(43)) - raft.grpc.flow.control.window = 1MB (=1048576) (default)
2019-09-28 01:20:07,893 [main] INFO  server.RaftServerConfigKeys (ConfUtils.java:logGet(43)) - raft.server.rpc.request.timeout = 3000ms (default)
2019-09-28 01:20:07,893 [main] INFO  server.RaftServerConfigKeys (ConfUtils.java:logGet(43)) - raft.server.storage.dir = [/workdir/hadoop-ozone/integration-test/target/test-dir/MiniOzoneClusterImpl-af2566c7-5146-4045-9885-51dcdbd53a0d/datanode-9/data/ratis] (custom)
2019-09-28 01:20:07,894 [main] INFO  hdfs.DFSUtil (DFSUtil.java:httpServerTemplateForNNAndJN(1641)) - Starting Web-server for hddsDatanode at: http://0.0.0.0:0
2019-09-28 01:20:07,896 [main] INFO  server.AuthenticationFilter (AuthenticationFilter.java:constructSecretProvider(240)) - Unable to initialize FileSignerSecretProvider, falling back to use random secrets.
2019-09-28 01:20:07,896 [main] WARN  http.HttpRequestLog (HttpRequestLog.java:getRequestLog(97)) - Jetty request log can only be enabled using Log4j
2019-09-28 01:20:07,897 [main] INFO  http.HttpServer2 (HttpServer2.java:addGlobalFilter(975)) - Added global filter 'safety' (class=org.apache.hadoop.http.HttpServer2$QuotingInputFilter)
2019-09-28 01:20:07,898 [main] INFO  http.HttpServer2 (HttpServer2.java:addFilter(948)) - Added filter static_user_filter (class=org.apache.hadoop.http.lib.StaticUserWebFilter$StaticUserFilter) to context hddsDatanode
2019-09-28 01:20:07,898 [main] INFO  http.HttpServer2 (HttpServer2.java:addFilter(958)) - Added filter static_user_filter (class=org.apache.hadoop.http.lib.StaticUserWebFilter$StaticUserFilter) to context static
2019-09-28 01:20:07,898 [main] INFO  http.HttpServer2 (HttpServer2.java:addFilter(958)) - Added filter static_user_filter (class=org.apache.hadoop.http.lib.StaticUserWebFilter$StaticUserFilter) to context logs
2019-09-28 01:20:07,899 [main] INFO  http.HttpServer2 (HttpServer2.java:bindListener(1191)) - Jetty bound to port 34477
2019-09-28 01:20:07,899 [main] INFO  server.Server (Server.java:doStart(351)) - jetty-9.3.25.v20180904, build timestamp: 2018-09-04T21:11:46Z, git hash: 3ce520221d0240229c862b122d2b06c12a625732
2019-09-28 01:20:07,900 [main] INFO  handler.ContextHandler (ContextHandler.java:doStart(781)) - Started o.e.j.s.ServletContextHandler@3d3c886f{/logs,file:///workdir/hadoop-ozone/integration-test/target/log,AVAILABLE}
2019-09-28 01:20:07,901 [main] INFO  handler.ContextHandler (ContextHandler.java:doStart(781)) - Started o.e.j.s.ServletContextHandler@666618d6{/static,jar:file:/home/user/.m2/repository/org/apache/hadoop/hadoop-hdds-container-service/0.5.0-SNAPSHOT/hadoop-hdds-container-service-0.5.0-SNAPSHOT.jar!/webapps/static,AVAILABLE}
2019-09-28 01:20:07,928 [main] INFO  handler.ContextHandler (ContextHandler.java:doStart(781)) - Started o.e.j.w.WebAppContext@72465eb2{/,file:///tmp/jetty-0.0.0.0-34477-hddsDatanode-_-any-4517930043254023183.dir/webapp/,AVAILABLE}{/hddsDatanode}
2019-09-28 01:20:07,928 [main] INFO  server.AbstractConnector (AbstractConnector.java:doStart(278)) - Started ServerConnector@478fb7dc{HTTP/1.1,[http/1.1]}{0.0.0.0:34477}
2019-09-28 01:20:07,929 [main] INFO  server.Server (Server.java:doStart(419)) - Started @436112ms
2019-09-28 01:20:07,931 [main] WARN  impl.MetricsSystemImpl (MetricsSystemImpl.java:register(276)) - Sink prometheus already exists!
2019-09-28 01:20:07,932 [main] INFO  server.BaseHttpServer (BaseHttpServer.java:updateConnectorAddress(215)) - HTTP server of HDDSDATANODE is listening at http://0.0.0.0:34477
2019-09-28 01:20:07,932 [main] INFO  ozone.MiniOzoneClusterImpl (MiniOzoneClusterImpl.java:lambda$waitForClusterToBeReady$0(147)) - Waiting for cluster to be ready. Got 0 of 10 DN Heartbeats.
2019-09-28 01:20:07,933 [org.apache.hadoop.util.JvmPauseMonitor$Monitor@8c459e3] INFO  util.JvmPauseMonitor (JvmPauseMonitor.java:run(188)) - Starting JVM pause monitor
2019-09-28 01:20:07,935 [Datanode State Machine Thread - 0] INFO  datanode.InitDatanodeState (InitDatanodeState.java:persistContainerDatanodeDetails(140)) - DatanodeDetails is persisted to /workdir/hadoop-ozone/integration-test/target/test-dir/MiniOzoneClusterImpl-af2566c7-5146-4045-9885-51dcdbd53a0d/datanode-9/meta/datanode.id
2019-09-28 01:20:08,932 [main] INFO  ozone.MiniOzoneClusterImpl (MiniOzoneClusterImpl.java:lambda$waitForClusterToBeReady$0(147)) - Waiting for cluster to be ready. Got 0 of 10 DN Heartbeats.
2019-09-28 01:20:09,343 [Datanode State Machine Thread - 0] INFO  ozoneimpl.OzoneContainer (OzoneContainer.java:start(217)) - Attempting to start container services.
2019-09-28 01:20:09,343 [Datanode State Machine Thread - 0] INFO  ozoneimpl.OzoneContainer (OzoneContainer.java:startContainerScrub(179)) - Background container scanner has been disabled.
2019-09-28 01:20:09,343 [Datanode State Machine Thread - 0] INFO  ratis.XceiverServerRatis (XceiverServerRatis.java:start(411)) - Starting XceiverServerRatis 1718a6b7-a807-47b2-9e97-09209d9c5800 at port 0
2019-09-28 01:20:09,350 [Datanode State Machine Thread - 0] INFO  impl.RaftServerProxy (RaftServerProxy.java:lambda$start$3(299)) - 1718a6b7-a807-47b2-9e97-09209d9c5800: start RPC server
2019-09-28 01:20:09,353 [Datanode State Machine Thread - 0] INFO  server.GrpcService (GrpcService.java:startImpl(158)) - 1718a6b7-a807-47b2-9e97-09209d9c5800: GrpcService started, listening on 0.0.0.0/0.0.0.0:35904
2019-09-28 01:20:09,353 [Datanode State Machine Thread - 0] INFO  ratis.XceiverServerRatis (XceiverServerRatis.java:start(421)) - XceiverServerRatis 1718a6b7-a807-47b2-9e97-09209d9c5800 is started using port 35904
2019-09-28 01:20:09,353 [Datanode State Machine Thread - 0] INFO  server.XceiverServerGrpc (XceiverServerGrpc.java:start(149)) - XceiverServerGrpc 1718a6b7-a807-47b2-9e97-09209d9c5800 is started using port 40128
2019-09-28 01:20:09,382 [Datanode State Machine Thread - 0] INFO  ozoneimpl.OzoneContainer (OzoneContainer.java:start(217)) - Attempting to start container services.
2019-09-28 01:20:09,382 [Datanode State Machine Thread - 0] INFO  ozoneimpl.OzoneContainer (OzoneContainer.java:startContainerScrub(179)) - Background container scanner has been disabled.
2019-09-28 01:20:09,382 [Datanode State Machine Thread - 0] INFO  ratis.XceiverServerRatis (XceiverServerRatis.java:start(411)) - Starting XceiverServerRatis bdd8cf1c-8d5c-4d45-9250-55158964142b at port 0
2019-09-28 01:20:09,388 [Datanode State Machine Thread - 0] INFO  impl.RaftServerProxy (RaftServerProxy.java:lambda$start$3(299)) - bdd8cf1c-8d5c-4d45-9250-55158964142b: start RPC server
2019-09-28 01:20:09,396 [Datanode State Machine Thread - 0] INFO  server.GrpcService (GrpcService.java:startImpl(158)) - bdd8cf1c-8d5c-4d45-9250-55158964142b: GrpcService started, listening on 0.0.0.0/0.0.0.0:35056
2019-09-28 01:20:09,396 [Datanode State Machine Thread - 0] INFO  ratis.XceiverServerRatis (XceiverServerRatis.java:start(421)) - XceiverServerRatis bdd8cf1c-8d5c-4d45-9250-55158964142b is started using port 35056
2019-09-28 01:20:09,398 [Datanode State Machine Thread - 0] INFO  server.XceiverServerGrpc (XceiverServerGrpc.java:start(149)) - XceiverServerGrpc bdd8cf1c-8d5c-4d45-9250-55158964142b is started using port 40627
2019-09-28 01:20:09,445 [Datanode State Machine Thread - 0] INFO  ozoneimpl.OzoneContainer (OzoneContainer.java:start(217)) - Attempting to start container services.
2019-09-28 01:20:09,446 [Datanode State Machine Thread - 0] INFO  ozoneimpl.OzoneContainer (OzoneContainer.java:startContainerScrub(179)) - Background container scanner has been disabled.
2019-09-28 01:20:09,446 [Datanode State Machine Thread - 0] INFO  ratis.XceiverServerRatis (XceiverServerRatis.java:start(411)) - Starting XceiverServerRatis ab3cf4df-5976-458c-b5c2-4cdf8c4d91de at port 0
2019-09-28 01:20:09,453 [Datanode State Machine Thread - 0] INFO  impl.RaftServerProxy (RaftServerProxy.java:lambda$start$3(299)) - ab3cf4df-5976-458c-b5c2-4cdf8c4d91de: start RPC server
2019-09-28 01:20:09,455 [Datanode State Machine Thread - 0] INFO  server.GrpcService (GrpcService.java:startImpl(158)) - ab3cf4df-5976-458c-b5c2-4cdf8c4d91de: GrpcService started, listening on 0.0.0.0/0.0.0.0:33779
2019-09-28 01:20:09,455 [Datanode State Machine Thread - 0] INFO  ratis.XceiverServerRatis (XceiverServerRatis.java:start(421)) - XceiverServerRatis ab3cf4df-5976-458c-b5c2-4cdf8c4d91de is started using port 33779
2019-09-28 01:20:09,456 [Datanode State Machine Thread - 0] INFO  server.XceiverServerGrpc (XceiverServerGrpc.java:start(149)) - XceiverServerGrpc ab3cf4df-5976-458c-b5c2-4cdf8c4d91de is started using port 41105
2019-09-28 01:20:09,518 [Datanode State Machine Thread - 0] INFO  ozoneimpl.OzoneContainer (OzoneContainer.java:start(217)) - Attempting to start container services.
2019-09-28 01:20:09,519 [Datanode State Machine Thread - 0] INFO  ozoneimpl.OzoneContainer (OzoneContainer.java:startContainerScrub(179)) - Background container scanner has been disabled.
2019-09-28 01:20:09,519 [Datanode State Machine Thread - 0] INFO  ratis.XceiverServerRatis (XceiverServerRatis.java:start(411)) - Starting XceiverServerRatis 0de61bcb-7b56-4d90-a285-7cc413e35ce2 at port 0
2019-09-28 01:20:09,527 [Datanode State Machine Thread - 0] INFO  impl.RaftServerProxy (RaftServerProxy.java:lambda$start$3(299)) - 0de61bcb-7b56-4d90-a285-7cc413e35ce2: start RPC server
2019-09-28 01:20:09,528 [Datanode State Machine Thread - 0] INFO  server.GrpcService (GrpcService.java:startImpl(158)) - 0de61bcb-7b56-4d90-a285-7cc413e35ce2: GrpcService started, listening on 0.0.0.0/0.0.0.0:35804
2019-09-28 01:20:09,528 [Datanode State Machine Thread - 0] INFO  ratis.XceiverServerRatis (XceiverServerRatis.java:start(421)) - XceiverServerRatis 0de61bcb-7b56-4d90-a285-7cc413e35ce2 is started using port 35804
2019-09-28 01:20:09,528 [Datanode State Machine Thread - 0] INFO  server.XceiverServerGrpc (XceiverServerGrpc.java:start(149)) - XceiverServerGrpc 0de61bcb-7b56-4d90-a285-7cc413e35ce2 is started using port 33358
2019-09-28 01:20:09,584 [Datanode State Machine Thread - 0] INFO  ozoneimpl.OzoneContainer (OzoneContainer.java:start(217)) - Attempting to start container services.
2019-09-28 01:20:09,584 [Datanode State Machine Thread - 0] INFO  ozoneimpl.OzoneContainer (OzoneContainer.java:startContainerScrub(179)) - Background container scanner has been disabled.
2019-09-28 01:20:09,584 [Datanode State Machine Thread - 0] INFO  ratis.XceiverServerRatis (XceiverServerRatis.java:start(411)) - Starting XceiverServerRatis 9ab63732-2b11-4d45-b3bd-cb418bdaf76f at port 0
2019-09-28 01:20:09,591 [Datanode State Machine Thread - 0] INFO  impl.RaftServerProxy (RaftServerProxy.java:lambda$start$3(299)) - 9ab63732-2b11-4d45-b3bd-cb418bdaf76f: start RPC server
2019-09-28 01:20:09,592 [Datanode State Machine Thread - 0] INFO  server.GrpcService (GrpcService.java:startImpl(158)) - 9ab63732-2b11-4d45-b3bd-cb418bdaf76f: GrpcService started, listening on 0.0.0.0/0.0.0.0:37446
2019-09-28 01:20:09,592 [Datanode State Machine Thread - 0] INFO  ratis.XceiverServerRatis (XceiverServerRatis.java:start(421)) - XceiverServerRatis 9ab63732-2b11-4d45-b3bd-cb418bdaf76f is started using port 37446
2019-09-28 01:20:09,593 [Datanode State Machine Thread - 0] INFO  server.XceiverServerGrpc (XceiverServerGrpc.java:start(149)) - XceiverServerGrpc 9ab63732-2b11-4d45-b3bd-cb418bdaf76f is started using port 37768
2019-09-28 01:20:09,647 [Datanode State Machine Thread - 0] INFO  ozoneimpl.OzoneContainer (OzoneContainer.java:start(217)) - Attempting to start container services.
2019-09-28 01:20:09,647 [Datanode State Machine Thread - 0] INFO  ozoneimpl.OzoneContainer (OzoneContainer.java:startContainerScrub(179)) - Background container scanner has been disabled.
2019-09-28 01:20:09,647 [Datanode State Machine Thread - 0] INFO  ratis.XceiverServerRatis (XceiverServerRatis.java:start(411)) - Starting XceiverServerRatis 2f116fb9-3359-4137-b08e-444c3348f2a5 at port 0
2019-09-28 01:20:09,655 [Datanode State Machine Thread - 0] INFO  impl.RaftServerProxy (RaftServerProxy.java:lambda$start$3(299)) - 2f116fb9-3359-4137-b08e-444c3348f2a5: start RPC server
2019-09-28 01:20:09,656 [Datanode State Machine Thread - 0] INFO  server.GrpcService (GrpcService.java:startImpl(158)) - 2f116fb9-3359-4137-b08e-444c3348f2a5: GrpcService started, listening on 0.0.0.0/0.0.0.0:39869
2019-09-28 01:20:09,656 [Datanode State Machine Thread - 0] INFO  ratis.XceiverServerRatis (XceiverServerRatis.java:start(421)) - XceiverServerRatis 2f116fb9-3359-4137-b08e-444c3348f2a5 is started using port 39869
2019-09-28 01:20:09,657 [Datanode State Machine Thread - 0] INFO  server.XceiverServerGrpc (XceiverServerGrpc.java:start(149)) - XceiverServerGrpc 2f116fb9-3359-4137-b08e-444c3348f2a5 is started using port 34296
2019-09-28 01:20:09,713 [Datanode State Machine Thread - 0] INFO  ozoneimpl.OzoneContainer (OzoneContainer.java:start(217)) - Attempting to start container services.
2019-09-28 01:20:09,713 [Datanode State Machine Thread - 0] INFO  ozoneimpl.OzoneContainer (OzoneContainer.java:startContainerScrub(179)) - Background container scanner has been disabled.
2019-09-28 01:20:09,714 [Datanode State Machine Thread - 0] INFO  ratis.XceiverServerRatis (XceiverServerRatis.java:start(411)) - Starting XceiverServerRatis 01a90e73-792d-4935-bbf3-5d3894bf13f0 at port 0
2019-09-28 01:20:09,720 [Datanode State Machine Thread - 0] INFO  impl.RaftServerProxy (RaftServerProxy.java:lambda$start$3(299)) - 01a90e73-792d-4935-bbf3-5d3894bf13f0: start RPC server
2019-09-28 01:20:09,721 [Datanode State Machine Thread - 0] INFO  server.GrpcService (GrpcService.java:startImpl(158)) - 01a90e73-792d-4935-bbf3-5d3894bf13f0: GrpcService started, listening on 0.0.0.0/0.0.0.0:37184
2019-09-28 01:20:09,721 [Datanode State Machine Thread - 0] INFO  ratis.XceiverServerRatis (XceiverServerRatis.java:start(421)) - XceiverServerRatis 01a90e73-792d-4935-bbf3-5d3894bf13f0 is started using port 37184
2019-09-28 01:20:09,722 [Datanode State Machine Thread - 0] INFO  server.XceiverServerGrpc (XceiverServerGrpc.java:start(149)) - XceiverServerGrpc 01a90e73-792d-4935-bbf3-5d3894bf13f0 is started using port 38493
2019-09-28 01:20:09,797 [Datanode State Machine Thread - 0] INFO  ozoneimpl.OzoneContainer (OzoneContainer.java:start(217)) - Attempting to start container services.
2019-09-28 01:20:09,798 [Datanode State Machine Thread - 0] INFO  ozoneimpl.OzoneContainer (OzoneContainer.java:startContainerScrub(179)) - Background container scanner has been disabled.
2019-09-28 01:20:09,798 [Datanode State Machine Thread - 0] INFO  ratis.XceiverServerRatis (XceiverServerRatis.java:start(411)) - Starting XceiverServerRatis 6882fb80-f7ef-4730-ad10-ebcfa4f7520d at port 0
2019-09-28 01:20:09,806 [Datanode State Machine Thread - 0] INFO  impl.RaftServerProxy (RaftServerProxy.java:lambda$start$3(299)) - 6882fb80-f7ef-4730-ad10-ebcfa4f7520d: start RPC server
2019-09-28 01:20:09,810 [Datanode State Machine Thread - 0] INFO  server.GrpcService (GrpcService.java:startImpl(158)) - 6882fb80-f7ef-4730-ad10-ebcfa4f7520d: GrpcService started, listening on 0.0.0.0/0.0.0.0:39537
2019-09-28 01:20:09,810 [Datanode State Machine Thread - 0] INFO  ratis.XceiverServerRatis (XceiverServerRatis.java:start(421)) - XceiverServerRatis 6882fb80-f7ef-4730-ad10-ebcfa4f7520d is started using port 39537
2019-09-28 01:20:09,823 [Datanode State Machine Thread - 0] INFO  server.XceiverServerGrpc (XceiverServerGrpc.java:start(149)) - XceiverServerGrpc 6882fb80-f7ef-4730-ad10-ebcfa4f7520d is started using port 40402
2019-09-28 01:20:09,875 [Datanode State Machine Thread - 0] INFO  ozoneimpl.OzoneContainer (OzoneContainer.java:start(217)) - Attempting to start container services.
2019-09-28 01:20:09,876 [Datanode State Machine Thread - 0] INFO  ozoneimpl.OzoneContainer (OzoneContainer.java:startContainerScrub(179)) - Background container scanner has been disabled.
2019-09-28 01:20:09,876 [Datanode State Machine Thread - 0] INFO  ratis.XceiverServerRatis (XceiverServerRatis.java:start(411)) - Starting XceiverServerRatis 1966a829-263f-4752-b717-080d3fe051ab at port 0
2019-09-28 01:20:09,883 [Datanode State Machine Thread - 0] INFO  impl.RaftServerProxy (RaftServerProxy.java:lambda$start$3(299)) - 1966a829-263f-4752-b717-080d3fe051ab: start RPC server
2019-09-28 01:20:09,884 [Datanode State Machine Thread - 0] INFO  server.GrpcService (GrpcService.java:startImpl(158)) - 1966a829-263f-4752-b717-080d3fe051ab: GrpcService started, listening on 0.0.0.0/0.0.0.0:34214
2019-09-28 01:20:09,885 [Datanode State Machine Thread - 0] INFO  ratis.XceiverServerRatis (XceiverServerRatis.java:start(421)) - XceiverServerRatis 1966a829-263f-4752-b717-080d3fe051ab is started using port 34214
2019-09-28 01:20:09,885 [Datanode State Machine Thread - 0] INFO  server.XceiverServerGrpc (XceiverServerGrpc.java:start(149)) - XceiverServerGrpc 1966a829-263f-4752-b717-080d3fe051ab is started using port 46581
2019-09-28 01:20:09,933 [main] INFO  ozone.MiniOzoneClusterImpl (MiniOzoneClusterImpl.java:lambda$waitForClusterToBeReady$0(147)) - Waiting for cluster to be ready. Got 0 of 10 DN Heartbeats.
2019-09-28 01:20:09,948 [Datanode State Machine Thread - 0] INFO  ozoneimpl.OzoneContainer (OzoneContainer.java:start(217)) - Attempting to start container services.
2019-09-28 01:20:09,949 [Datanode State Machine Thread - 0] INFO  ozoneimpl.OzoneContainer (OzoneContainer.java:startContainerScrub(179)) - Background container scanner has been disabled.
2019-09-28 01:20:09,949 [Datanode State Machine Thread - 0] INFO  ratis.XceiverServerRatis (XceiverServerRatis.java:start(411)) - Starting XceiverServerRatis 584b1f9e-1c1b-443b-8e2e-a6c41c3b24d1 at port 0
2019-09-28 01:20:09,957 [Datanode State Machine Thread - 0] INFO  impl.RaftServerProxy (RaftServerProxy.java:lambda$start$3(299)) - 584b1f9e-1c1b-443b-8e2e-a6c41c3b24d1: start RPC server
2019-09-28 01:20:09,958 [Datanode State Machine Thread - 0] INFO  server.GrpcService (GrpcService.java:startImpl(158)) - 584b1f9e-1c1b-443b-8e2e-a6c41c3b24d1: GrpcService started, listening on 0.0.0.0/0.0.0.0:37635
2019-09-28 01:20:09,958 [Datanode State Machine Thread - 0] INFO  ratis.XceiverServerRatis (XceiverServerRatis.java:start(421)) - XceiverServerRatis 584b1f9e-1c1b-443b-8e2e-a6c41c3b24d1 is started using port 37635
2019-09-28 01:20:09,976 [Datanode State Machine Thread - 0] INFO  server.XceiverServerGrpc (XceiverServerGrpc.java:start(149)) - XceiverServerGrpc 584b1f9e-1c1b-443b-8e2e-a6c41c3b24d1 is started using port 45253
2019-09-28 01:20:10,933 [main] INFO  ozone.MiniOzoneClusterImpl (MiniOzoneClusterImpl.java:lambda$waitForClusterToBeReady$0(147)) - Waiting for cluster to be ready. Got 0 of 10 DN Heartbeats.
2019-09-28 01:20:11,312 [IPC Server handler 8 on 34519] INFO  net.NetworkTopology (NetworkTopologyImpl.java:add(111)) - Added a new node: /rack1/1718a6b7-a807-47b2-9e97-09209d9c5800
2019-09-28 01:20:11,316 [IPC Server handler 8 on 34519] INFO  node.SCMNodeManager (SCMNodeManager.java:register(266)) - Registered Data node : 1718a6b7-a807-47b2-9e97-09209d9c5800{ip: 192.168.151.82, host: pr-hdds-2162-8g7kw-3348123894, networkLocation: /rack1, certSerialId: null}
2019-09-28 01:20:11,317 [EventQueue-NodeRegistrationContainerReportForDataNodeSafeModeRule] INFO  safemode.SCMSafeModeManager (DataNodeSafeModeRule.java:process(71)) - SCM in safe mode. 1 DataNodes registered, 1 required.
2019-09-28 01:20:11,320 [EventQueue-NodeRegistrationContainerReportForDataNodeSafeModeRule] INFO  safemode.SCMSafeModeManager (SCMSafeModeManager.java:validateSafeModeExitRules(177)) - ScmSafeModeManager, all rules are successfully validated
2019-09-28 01:20:11,320 [EventQueue-NodeRegistrationContainerReportForDataNodeSafeModeRule] INFO  safemode.SCMSafeModeManager (SCMSafeModeManager.java:exitSafeMode(193)) - SCM exiting safe mode.
2019-09-28 01:20:11,334 [grpc-default-executor-0] INFO  impl.RaftServerProxy (RaftServerProxy.java:addNew(89)) - 1718a6b7-a807-47b2-9e97-09209d9c5800: addNew group-8346FCD0A172:[1718a6b7-a807-47b2-9e97-09209d9c5800:192.168.151.82:35904] returns group-8346FCD0A172:java.util.concurrent.CompletableFuture@6f7a3079[Not completed]
2019-09-28 01:20:11,336 [pool-387-thread-1] INFO  impl.RaftServerImpl (RaftServerImpl.java:<init>(95)) - 1718a6b7-a807-47b2-9e97-09209d9c5800: new RaftServerImpl for group-8346FCD0A172:[1718a6b7-a807-47b2-9e97-09209d9c5800:192.168.151.82:35904] with ContainerStateMachine:uninitialized
2019-09-28 01:20:11,336 [pool-387-thread-1] INFO  server.RaftServerConfigKeys (ConfUtils.java:logGet(43)) - raft.server.rpc.timeout.min = 1s (custom)
2019-09-28 01:20:11,336 [pool-387-thread-1] INFO  server.RaftServerConfigKeys (ConfUtils.java:logGet(43)) - raft.server.rpc.timeout.max = 1200ms (custom)
2019-09-28 01:20:11,336 [pool-387-thread-1] INFO  server.RaftServerConfigKeys (ConfUtils.java:logGet(43)) - raft.server.rpcslowness.timeout = 120s (custom)
2019-09-28 01:20:11,336 [pool-387-thread-1] INFO  server.RaftServerConfigKeys (ConfUtils.java:logGet(43)) - raft.server.sleep.deviation.threshold = 300 (default)
2019-09-28 01:20:11,337 [pool-387-thread-1] INFO  server.RaftServerConfigKeys (ConfUtils.java:logGet(43)) - raft.server.log.appender.install.snapshot.enabled = false (custom)
2019-09-28 01:20:11,337 [pool-387-thread-1] INFO  impl.RaftServerImpl (ServerState.java:<init>(103)) - 1718a6b7-a807-47b2-9e97-09209d9c5800@group-8346FCD0A172: ConfigurationManager, init=-1: [1718a6b7-a807-47b2-9e97-09209d9c5800:192.168.151.82:35904], old=null, confs=<EMPTY_MAP>
2019-09-28 01:20:11,337 [pool-387-thread-1] INFO  server.RaftServerConfigKeys (ConfUtils.java:logGet(43)) - raft.server.storage.dir = [/workdir/hadoop-ozone/integration-test/target/test-dir/MiniOzoneClusterImpl-af2566c7-5146-4045-9885-51dcdbd53a0d/datanode-0/data/ratis] (custom)
2019-09-28 01:20:11,338 [pool-387-thread-1] INFO  storage.RaftStorageDirectory (RaftStorageDirectory.java:analyzeStorage(246)) - The storage directory /workdir/hadoop-ozone/integration-test/target/test-dir/MiniOzoneClusterImpl-af2566c7-5146-4045-9885-51dcdbd53a0d/datanode-0/data/ratis/62b2153b-09d7-40d2-8b8e-8346fcd0a172 does not exist. Creating ...
2019-09-28 01:20:11,362 [pool-387-thread-1] INFO  storage.RaftStorageDirectory (RaftStorageDirectory.java:tryLock(328)) - Lock on /workdir/hadoop-ozone/integration-test/target/test-dir/MiniOzoneClusterImpl-af2566c7-5146-4045-9885-51dcdbd53a0d/datanode-0/data/ratis/62b2153b-09d7-40d2-8b8e-8346fcd0a172/in_use.lock acquired by nodename 30873@pr-hdds-2162-8g7kw-3348123894
2019-09-28 01:20:11,367 [IPC Server handler 7 on 34519] INFO  net.NetworkTopology (NetworkTopologyImpl.java:add(111)) - Added a new node: /rack1/bdd8cf1c-8d5c-4d45-9250-55158964142b
2019-09-28 01:20:11,367 [IPC Server handler 7 on 34519] INFO  node.SCMNodeManager (SCMNodeManager.java:register(266)) - Registered Data node : bdd8cf1c-8d5c-4d45-9250-55158964142b{ip: 192.168.151.82, host: pr-hdds-2162-8g7kw-3348123894, networkLocation: /rack1, certSerialId: null}
2019-09-28 01:20:11,375 [pool-387-thread-1] INFO  storage.RaftStorage (RaftStorage.java:format(72)) - Storage directory /workdir/hadoop-ozone/integration-test/target/test-dir/MiniOzoneClusterImpl-af2566c7-5146-4045-9885-51dcdbd53a0d/datanode-0/data/ratis/62b2153b-09d7-40d2-8b8e-8346fcd0a172 has been successfully formatted.
2019-09-28 01:20:11,375 [pool-387-thread-1] INFO  ratis.ContainerStateMachine (ContainerStateMachine.java:loadSnapshot(230)) - group-8346FCD0A172: The snapshot info is null. Setting the last applied indexto:(t:0, i:~)
2019-09-28 01:20:11,375 [pool-387-thread-1] INFO  server.RaftServerConfigKeys (ConfUtils.java:logGet(43)) - raft.server.notification.no-leader.timeout = 120s (custom)
2019-09-28 01:20:11,376 [pool-387-thread-1] INFO  server.RaftServerConfigKeys (ConfUtils.java:logGet(43)) - raft.server.log.use.memory = false (default)
2019-09-28 01:20:11,376 [pool-387-thread-1] INFO  server.RaftServerConfigKeys (ConfUtils.java:logGet(43)) - raft.server.log.purge.gap = 1000000 (custom)
2019-09-28 01:20:11,376 [pool-387-thread-1] INFO  server.RaftServerConfigKeys (ConfUtils.java:logGet(43)) - raft.server.log.appender.buffer.byte-limit = 33554432 (custom)
2019-09-28 01:20:11,376 [pool-387-thread-1] INFO  server.RaftServerConfigKeys (ConfUtils.java:logGet(43)) - raft.server.log.segment.size.max = 1048576 (custom)
2019-09-28 01:20:11,376 [pool-387-thread-1] INFO  server.RaftServerConfigKeys (ConfUtils.java:logGet(43)) - raft.server.log.segment.cache.num.max = 2 (custom)
2019-09-28 01:20:11,377 [pool-387-thread-1] INFO  segmented.SegmentedRaftLogWorker (SegmentedRaftLogWorker.java:<init>(172)) - new 1718a6b7-a807-47b2-9e97-09209d9c5800@group-8346FCD0A172-SegmentedRaftLogWorker for RaftStorage:Storage Directory /workdir/hadoop-ozone/integration-test/target/test-dir/MiniOzoneClusterImpl-af2566c7-5146-4045-9885-51dcdbd53a0d/datanode-0/data/ratis/62b2153b-09d7-40d2-8b8e-8346fcd0a172
2019-09-28 01:20:11,379 [pool-387-thread-1] INFO  server.RaftServerConfigKeys (ConfUtils.java:logGet(43)) - raft.server.log.queue.byte-limit = 2147483647 (custom)
2019-09-28 01:20:11,379 [pool-387-thread-1] INFO  server.RaftServerConfigKeys (ConfUtils.java:logGet(43)) - raft.server.log.queue.element-limit = 1024 (custom)
2019-09-28 01:20:11,379 [pool-387-thread-1] INFO  server.RaftServerConfigKeys (ConfUtils.java:logGet(43)) - raft.server.log.segment.size.max = 1048576 (custom)
2019-09-28 01:20:11,379 [pool-387-thread-1] INFO  server.RaftServerConfigKeys (ConfUtils.java:logGet(43)) - raft.server.log.preallocated.size = 16384 (custom)
2019-09-28 01:20:11,380 [pool-387-thread-1] INFO  server.RaftServerConfigKeys (ConfUtils.java:logGet(43)) - raft.server.log.write.buffer.size = 33554432 (custom)
2019-09-28 01:20:11,380 [pool-387-thread-1] INFO  server.RaftServerConfigKeys (ConfUtils.java:logGet(43)) - raft.server.log.force.sync.num = 128 (default)
2019-09-28 01:20:11,380 [pool-387-thread-1] INFO  server.RaftServerConfigKeys (ConfUtils.java:logGet(43)) - raft.server.log.statemachine.data.sync = true (default)
2019-09-28 01:20:11,380 [pool-387-thread-1] INFO  server.RaftServerConfigKeys (ConfUtils.java:logGet(43)) - raft.server.log.statemachine.data.sync.timeout = 10s (default)
2019-09-28 01:20:11,380 [pool-387-thread-1] INFO  server.RaftServerConfigKeys (ConfUtils.java:logGet(43)) - raft.server.log.statemachine.data.sync.timeout.retry = -1 (default)
2019-09-28 01:20:11,381 [pool-387-thread-1] INFO  server.RaftServerConfigKeys (ConfUtils.java:logGet(43)) - raft.server.log.statemachine.data.caching.enabled = true (custom)
2019-09-28 01:20:11,381 [pool-387-thread-1] INFO  segmented.SegmentedRaftLogWorker (SegmentedRaftLogWorker.java:lambda$new$0(132)) - 1718a6b7-a807-47b2-9e97-09209d9c5800@group-8346FCD0A172-SegmentedRaftLogWorker: flushIndex: setUnconditionally 0 -> -1
2019-09-28 01:20:11,381 [pool-387-thread-1] INFO  server.RaftServerConfigKeys (ConfUtils.java:logGet(43)) - raft.server.snapshot.auto.trigger.enabled = true (custom)
2019-09-28 01:20:11,382 [pool-387-thread-1] INFO  server.RaftServerConfigKeys (ConfUtils.java:logGet(43)) - raft.server.snapshot.auto.trigger.threshold = 10000 (custom)
2019-09-28 01:20:11,382 [pool-387-thread-1] INFO  server.RaftServerConfigKeys (ConfUtils.java:logGet(43)) - raft.server.snapshot.retention.num.files = 5 (custom)
2019-09-28 01:20:11,382 [pool-387-thread-1] INFO  server.RaftServerConfigKeys (ConfUtils.java:logGet(43)) - raft.server.retrycache.expirytime = 600000ms (custom)
2019-09-28 01:20:11,384 [pool-387-thread-1] INFO  impl.RaftServerImpl (RaftServerImpl.java:start(185)) - 1718a6b7-a807-47b2-9e97-09209d9c5800@group-8346FCD0A172: start as a follower, conf=-1: [1718a6b7-a807-47b2-9e97-09209d9c5800:192.168.151.82:35904], old=null
2019-09-28 01:20:11,384 [pool-387-thread-1] INFO  impl.RaftServerImpl (RaftServerImpl.java:setRole(174)) - 1718a6b7-a807-47b2-9e97-09209d9c5800@group-8346FCD0A172: changes role from      null to FOLLOWER at term 0 for startAsFollower
2019-09-28 01:20:11,384 [pool-387-thread-1] INFO  impl.RoleInfo (RoleInfo.java:updateAndGet(143)) - 1718a6b7-a807-47b2-9e97-09209d9c5800: start FollowerState
2019-09-28 01:20:11,397 [pool-387-thread-1] INFO  util.JmxRegister (JmxRegister.java:tryRegister(44)) - Successfully registered JMX Bean with object name Ratis:service=RaftServer,group=group-8346FCD0A172,id=1718a6b7-a807-47b2-9e97-09209d9c5800
2019-09-28 01:20:11,410 [RatisPipelineUtilsThread] INFO  pipeline.PipelineStateManager (PipelineStateManager.java:addPipeline(56)) - Created pipeline Pipeline[ Id: 62b2153b-09d7-40d2-8b8e-8346fcd0a172, Nodes: 1718a6b7-a807-47b2-9e97-09209d9c5800{ip: 192.168.151.82, host: pr-hdds-2162-8g7kw-3348123894, networkLocation: /rack1, certSerialId: null}, Type:RATIS, Factor:ONE, State:OPEN]
2019-09-28 01:20:11,419 [grpc-default-executor-0] INFO  impl.RaftServerProxy (RaftServerProxy.java:addNew(89)) - bdd8cf1c-8d5c-4d45-9250-55158964142b: addNew group-4D824C79387B:[bdd8cf1c-8d5c-4d45-9250-55158964142b:192.168.151.82:35056] returns group-4D824C79387B:java.util.concurrent.CompletableFuture@3112c895[Not completed]
2019-09-28 01:20:11,420 [pool-397-thread-1] INFO  impl.RaftServerImpl (RaftServerImpl.java:<init>(95)) - bdd8cf1c-8d5c-4d45-9250-55158964142b: new RaftServerImpl for group-4D824C79387B:[bdd8cf1c-8d5c-4d45-9250-55158964142b:192.168.151.82:35056] with ContainerStateMachine:uninitialized
2019-09-28 01:20:11,420 [pool-397-thread-1] INFO  server.RaftServerConfigKeys (ConfUtils.java:logGet(43)) - raft.server.rpc.timeout.min = 1s (custom)
2019-09-28 01:20:11,420 [pool-397-thread-1] INFO  server.RaftServerConfigKeys (ConfUtils.java:logGet(43)) - raft.server.rpc.timeout.max = 1200ms (custom)
2019-09-28 01:20:11,421 [pool-397-thread-1] INFO  server.RaftServerConfigKeys (ConfUtils.java:logGet(43)) - raft.server.rpcslowness.timeout = 120s (custom)
2019-09-28 01:20:11,421 [pool-397-thread-1] INFO  server.RaftServerConfigKeys (ConfUtils.java:logGet(43)) - raft.server.sleep.deviation.threshold = 300 (default)
2019-09-28 01:20:11,421 [pool-397-thread-1] INFO  server.RaftServerConfigKeys (ConfUtils.java:logGet(43)) - raft.server.log.appender.install.snapshot.enabled = false (custom)
2019-09-28 01:20:11,421 [pool-397-thread-1] INFO  impl.RaftServerImpl (ServerState.java:<init>(103)) - bdd8cf1c-8d5c-4d45-9250-55158964142b@group-4D824C79387B: ConfigurationManager, init=-1: [bdd8cf1c-8d5c-4d45-9250-55158964142b:192.168.151.82:35056], old=null, confs=<EMPTY_MAP>
2019-09-28 01:20:11,421 [pool-397-thread-1] INFO  server.RaftServerConfigKeys (ConfUtils.java:logGet(43)) - raft.server.storage.dir = [/workdir/hadoop-ozone/integration-test/target/test-dir/MiniOzoneClusterImpl-af2566c7-5146-4045-9885-51dcdbd53a0d/datanode-1/data/ratis] (custom)
2019-09-28 01:20:11,422 [pool-397-thread-1] INFO  storage.RaftStorageDirectory (RaftStorageDirectory.java:analyzeStorage(246)) - The storage directory /workdir/hadoop-ozone/integration-test/target/test-dir/MiniOzoneClusterImpl-af2566c7-5146-4045-9885-51dcdbd53a0d/datanode-1/data/ratis/af959bf1-26a3-40bd-8b5b-4d824c79387b does not exist. Creating ...
2019-09-28 01:20:11,432 [IPC Server handler 9 on 34519] INFO  net.NetworkTopology (NetworkTopologyImpl.java:add(111)) - Added a new node: /rack1/ab3cf4df-5976-458c-b5c2-4cdf8c4d91de
2019-09-28 01:20:11,433 [IPC Server handler 9 on 34519] INFO  node.SCMNodeManager (SCMNodeManager.java:register(266)) - Registered Data node : ab3cf4df-5976-458c-b5c2-4cdf8c4d91de{ip: 192.168.151.82, host: pr-hdds-2162-8g7kw-3348123894, networkLocation: /rack1, certSerialId: null}
2019-09-28 01:20:11,434 [pool-397-thread-1] INFO  storage.RaftStorageDirectory (RaftStorageDirectory.java:tryLock(328)) - Lock on /workdir/hadoop-ozone/integration-test/target/test-dir/MiniOzoneClusterImpl-af2566c7-5146-4045-9885-51dcdbd53a0d/datanode-1/data/ratis/af959bf1-26a3-40bd-8b5b-4d824c79387b/in_use.lock acquired by nodename 30873@pr-hdds-2162-8g7kw-3348123894
2019-09-28 01:20:11,447 [pool-397-thread-1] INFO  storage.RaftStorage (RaftStorage.java:format(72)) - Storage directory /workdir/hadoop-ozone/integration-test/target/test-dir/MiniOzoneClusterImpl-af2566c7-5146-4045-9885-51dcdbd53a0d/datanode-1/data/ratis/af959bf1-26a3-40bd-8b5b-4d824c79387b has been successfully formatted.
2019-09-28 01:20:11,447 [pool-397-thread-1] INFO  ratis.ContainerStateMachine (ContainerStateMachine.java:loadSnapshot(230)) - group-4D824C79387B: The snapshot info is null. Setting the last applied indexto:(t:0, i:~)
2019-09-28 01:20:11,447 [pool-397-thread-1] INFO  server.RaftServerConfigKeys (ConfUtils.java:logGet(43)) - raft.server.notification.no-leader.timeout = 120s (custom)
2019-09-28 01:20:11,448 [pool-397-thread-1] INFO  server.RaftServerConfigKeys (ConfUtils.java:logGet(43)) - raft.server.log.use.memory = false (default)
2019-09-28 01:20:11,448 [pool-397-thread-1] INFO  server.RaftServerConfigKeys (ConfUtils.java:logGet(43)) - raft.server.log.purge.gap = 1000000 (custom)
2019-09-28 01:20:11,448 [pool-397-thread-1] INFO  server.RaftServerConfigKeys (ConfUtils.java:logGet(43)) - raft.server.log.appender.buffer.byte-limit = 33554432 (custom)
2019-09-28 01:20:11,448 [pool-397-thread-1] INFO  server.RaftServerConfigKeys (ConfUtils.java:logGet(43)) - raft.server.log.segment.size.max = 1048576 (custom)
2019-09-28 01:20:11,448 [pool-397-thread-1] INFO  server.RaftServerConfigKeys (ConfUtils.java:logGet(43)) - raft.server.log.segment.cache.num.max = 2 (custom)
2019-09-28 01:20:11,448 [pool-397-thread-1] INFO  segmented.SegmentedRaftLogWorker (SegmentedRaftLogWorker.java:<init>(172)) - new bdd8cf1c-8d5c-4d45-9250-55158964142b@group-4D824C79387B-SegmentedRaftLogWorker for RaftStorage:Storage Directory /workdir/hadoop-ozone/integration-test/target/test-dir/MiniOzoneClusterImpl-af2566c7-5146-4045-9885-51dcdbd53a0d/datanode-1/data/ratis/af959bf1-26a3-40bd-8b5b-4d824c79387b
2019-09-28 01:20:11,450 [pool-397-thread-1] INFO  server.RaftServerConfigKeys (ConfUtils.java:logGet(43)) - raft.server.log.queue.byte-limit = 2147483647 (custom)
2019-09-28 01:20:11,450 [pool-397-thread-1] INFO  server.RaftServerConfigKeys (ConfUtils.java:logGet(43)) - raft.server.log.queue.element-limit = 1024 (custom)
2019-09-28 01:20:11,450 [pool-397-thread-1] INFO  server.RaftServerConfigKeys (ConfUtils.java:logGet(43)) - raft.server.log.segment.size.max = 1048576 (custom)
2019-09-28 01:20:11,450 [pool-397-thread-1] INFO  server.RaftServerConfigKeys (ConfUtils.java:logGet(43)) - raft.server.log.preallocated.size = 16384 (custom)
2019-09-28 01:20:11,451 [pool-397-thread-1] INFO  server.RaftServerConfigKeys (ConfUtils.java:logGet(43)) - raft.server.log.write.buffer.size = 33554432 (custom)
2019-09-28 01:20:11,451 [pool-397-thread-1] INFO  server.RaftServerConfigKeys (ConfUtils.java:logGet(43)) - raft.server.log.force.sync.num = 128 (default)
2019-09-28 01:20:11,451 [pool-397-thread-1] INFO  server.RaftServerConfigKeys (ConfUtils.java:logGet(43)) - raft.server.log.statemachine.data.sync = true (default)
2019-09-28 01:20:11,451 [pool-397-thread-1] INFO  server.RaftServerConfigKeys (ConfUtils.java:logGet(43)) - raft.server.log.statemachine.data.sync.timeout = 10s (default)
2019-09-28 01:20:11,451 [pool-397-thread-1] INFO  server.RaftServerConfigKeys (ConfUtils.java:logGet(43)) - raft.server.log.statemachine.data.sync.timeout.retry = -1 (default)
2019-09-28 01:20:11,451 [pool-397-thread-1] INFO  server.RaftServerConfigKeys (ConfUtils.java:logGet(43)) - raft.server.log.statemachine.data.caching.enabled = true (custom)
2019-09-28 01:20:11,452 [pool-397-thread-1] INFO  segmented.SegmentedRaftLogWorker (SegmentedRaftLogWorker.java:lambda$new$0(132)) - bdd8cf1c-8d5c-4d45-9250-55158964142b@group-4D824C79387B-SegmentedRaftLogWorker: flushIndex: setUnconditionally 0 -> -1
2019-09-28 01:20:11,452 [pool-397-thread-1] INFO  server.RaftServerConfigKeys (ConfUtils.java:logGet(43)) - raft.server.snapshot.auto.trigger.enabled = true (custom)
2019-09-28 01:20:11,452 [pool-397-thread-1] INFO  server.RaftServerConfigKeys (ConfUtils.java:logGet(43)) - raft.server.snapshot.auto.trigger.threshold = 10000 (custom)
2019-09-28 01:20:11,452 [pool-397-thread-1] INFO  server.RaftServerConfigKeys (ConfUtils.java:logGet(43)) - raft.server.snapshot.retention.num.files = 5 (custom)
2019-09-28 01:20:11,453 [pool-397-thread-1] INFO  server.RaftServerConfigKeys (ConfUtils.java:logGet(43)) - raft.server.retrycache.expirytime = 600000ms (custom)
2019-09-28 01:20:11,454 [pool-397-thread-1] INFO  impl.RaftServerImpl (RaftServerImpl.java:start(185)) - bdd8cf1c-8d5c-4d45-9250-55158964142b@group-4D824C79387B: start as a follower, conf=-1: [bdd8cf1c-8d5c-4d45-9250-55158964142b:192.168.151.82:35056], old=null
2019-09-28 01:20:11,454 [pool-397-thread-1] INFO  impl.RaftServerImpl (RaftServerImpl.java:setRole(174)) - bdd8cf1c-8d5c-4d45-9250-55158964142b@group-4D824C79387B: changes role from      null to FOLLOWER at term 0 for startAsFollower
2019-09-28 01:20:11,455 [pool-397-thread-1] INFO  impl.RoleInfo (RoleInfo.java:updateAndGet(143)) - bdd8cf1c-8d5c-4d45-9250-55158964142b: start FollowerState
2019-09-28 01:20:11,455 [pool-397-thread-1] INFO  util.JmxRegister (JmxRegister.java:tryRegister(44)) - Successfully registered JMX Bean with object name Ratis:service=RaftServer,group=group-4D824C79387B,id=bdd8cf1c-8d5c-4d45-9250-55158964142b
2019-09-28 01:20:11,457 [RatisPipelineUtilsThread] INFO  pipeline.PipelineStateManager (PipelineStateManager.java:addPipeline(56)) - Created pipeline Pipeline[ Id: af959bf1-26a3-40bd-8b5b-4d824c79387b, Nodes: bdd8cf1c-8d5c-4d45-9250-55158964142b{ip: 192.168.151.82, host: pr-hdds-2162-8g7kw-3348123894, networkLocation: /rack1, certSerialId: null}, Type:RATIS, Factor:ONE, State:OPEN]
2019-09-28 01:20:11,465 [grpc-default-executor-0] INFO  impl.RaftServerProxy (RaftServerProxy.java:addNew(89)) - ab3cf4df-5976-458c-b5c2-4cdf8c4d91de: addNew group-4C93CFB70038:[ab3cf4df-5976-458c-b5c2-4cdf8c4d91de:192.168.151.82:33779] returns group-4C93CFB70038:java.util.concurrent.CompletableFuture@de74598[Not completed]
2019-09-28 01:20:11,466 [pool-407-thread-1] INFO  impl.RaftServerImpl (RaftServerImpl.java:<init>(95)) - ab3cf4df-5976-458c-b5c2-4cdf8c4d91de: new RaftServerImpl for group-4C93CFB70038:[ab3cf4df-5976-458c-b5c2-4cdf8c4d91de:192.168.151.82:33779] with ContainerStateMachine:uninitialized
2019-09-28 01:20:11,466 [pool-407-thread-1] INFO  server.RaftServerConfigKeys (ConfUtils.java:logGet(43)) - raft.server.rpc.timeout.min = 1s (custom)
2019-09-28 01:20:11,467 [pool-407-thread-1] INFO  server.RaftServerConfigKeys (ConfUtils.java:logGet(43)) - raft.server.rpc.timeout.max = 1200ms (custom)
2019-09-28 01:20:11,467 [pool-407-thread-1] INFO  server.RaftServerConfigKeys (ConfUtils.java:logGet(43)) - raft.server.rpcslowness.timeout = 120s (custom)
2019-09-28 01:20:11,467 [pool-407-thread-1] INFO  server.RaftServerConfigKeys (ConfUtils.java:logGet(43)) - raft.server.sleep.deviation.threshold = 300 (default)
2019-09-28 01:20:11,467 [pool-407-thread-1] INFO  server.RaftServerConfigKeys (ConfUtils.java:logGet(43)) - raft.server.log.appender.install.snapshot.enabled = false (custom)
2019-09-28 01:20:11,467 [pool-407-thread-1] INFO  impl.RaftServerImpl (ServerState.java:<init>(103)) - ab3cf4df-5976-458c-b5c2-4cdf8c4d91de@group-4C93CFB70038: ConfigurationManager, init=-1: [ab3cf4df-5976-458c-b5c2-4cdf8c4d91de:192.168.151.82:33779], old=null, confs=<EMPTY_MAP>
2019-09-28 01:20:11,467 [pool-407-thread-1] INFO  server.RaftServerConfigKeys (ConfUtils.java:logGet(43)) - raft.server.storage.dir = [/workdir/hadoop-ozone/integration-test/target/test-dir/MiniOzoneClusterImpl-af2566c7-5146-4045-9885-51dcdbd53a0d/datanode-2/data/ratis] (custom)
2019-09-28 01:20:11,468 [pool-407-thread-1] INFO  storage.RaftStorageDirectory (RaftStorageDirectory.java:analyzeStorage(246)) - The storage directory /workdir/hadoop-ozone/integration-test/target/test-dir/MiniOzoneClusterImpl-af2566c7-5146-4045-9885-51dcdbd53a0d/datanode-2/data/ratis/359f26c6-874c-4c93-851b-4c93cfb70038 does not exist. Creating ...
2019-09-28 01:20:11,480 [pool-407-thread-1] INFO  storage.RaftStorageDirectory (RaftStorageDirectory.java:tryLock(328)) - Lock on /workdir/hadoop-ozone/integration-test/target/test-dir/MiniOzoneClusterImpl-af2566c7-5146-4045-9885-51dcdbd53a0d/datanode-2/data/ratis/359f26c6-874c-4c93-851b-4c93cfb70038/in_use.lock acquired by nodename 30873@pr-hdds-2162-8g7kw-3348123894
2019-09-28 01:20:11,493 [pool-407-thread-1] INFO  storage.RaftStorage (RaftStorage.java:format(72)) - Storage directory /workdir/hadoop-ozone/integration-test/target/test-dir/MiniOzoneClusterImpl-af2566c7-5146-4045-9885-51dcdbd53a0d/datanode-2/data/ratis/359f26c6-874c-4c93-851b-4c93cfb70038 has been successfully formatted.
2019-09-28 01:20:11,493 [pool-407-thread-1] INFO  ratis.ContainerStateMachine (ContainerStateMachine.java:loadSnapshot(230)) - group-4C93CFB70038: The snapshot info is null. Setting the last applied indexto:(t:0, i:~)
2019-09-28 01:20:11,493 [pool-407-thread-1] INFO  server.RaftServerConfigKeys (ConfUtils.java:logGet(43)) - raft.server.notification.no-leader.timeout = 120s (custom)
2019-09-28 01:20:11,493 [pool-407-thread-1] INFO  server.RaftServerConfigKeys (ConfUtils.java:logGet(43)) - raft.server.log.use.memory = false (default)
2019-09-28 01:20:11,493 [pool-407-thread-1] INFO  server.RaftServerConfigKeys (ConfUtils.java:logGet(43)) - raft.server.log.purge.gap = 1000000 (custom)
2019-09-28 01:20:11,493 [pool-407-thread-1] INFO  server.RaftServerConfigKeys (ConfUtils.java:logGet(43)) - raft.server.log.appender.buffer.byte-limit = 33554432 (custom)
2019-09-28 01:20:11,494 [pool-407-thread-1] INFO  server.RaftServerConfigKeys (ConfUtils.java:logGet(43)) - raft.server.log.segment.size.max = 1048576 (custom)
2019-09-28 01:20:11,494 [pool-407-thread-1] INFO  server.RaftServerConfigKeys (ConfUtils.java:logGet(43)) - raft.server.log.segment.cache.num.max = 2 (custom)
2019-09-28 01:20:11,494 [pool-407-thread-1] INFO  segmented.SegmentedRaftLogWorker (SegmentedRaftLogWorker.java:<init>(172)) - new ab3cf4df-5976-458c-b5c2-4cdf8c4d91de@group-4C93CFB70038-SegmentedRaftLogWorker for RaftStorage:Storage Directory /workdir/hadoop-ozone/integration-test/target/test-dir/MiniOzoneClusterImpl-af2566c7-5146-4045-9885-51dcdbd53a0d/datanode-2/data/ratis/359f26c6-874c-4c93-851b-4c93cfb70038
2019-09-28 01:20:11,496 [pool-407-thread-1] INFO  server.RaftServerConfigKeys (ConfUtils.java:logGet(43)) - raft.server.log.queue.byte-limit = 2147483647 (custom)
2019-09-28 01:20:11,496 [pool-407-thread-1] INFO  server.RaftServerConfigKeys (ConfUtils.java:logGet(43)) - raft.server.log.queue.element-limit = 1024 (custom)
2019-09-28 01:20:11,496 [pool-407-thread-1] INFO  server.RaftServerConfigKeys (ConfUtils.java:logGet(43)) - raft.server.log.segment.size.max = 1048576 (custom)
2019-09-28 01:20:11,496 [pool-407-thread-1] INFO  server.RaftServerConfigKeys (ConfUtils.java:logGet(43)) - raft.server.log.preallocated.size = 16384 (custom)
2019-09-28 01:20:11,496 [pool-407-thread-1] INFO  server.RaftServerConfigKeys (ConfUtils.java:logGet(43)) - raft.server.log.write.buffer.size = 33554432 (custom)
2019-09-28 01:20:11,497 [pool-407-thread-1] INFO  server.RaftServerConfigKeys (ConfUtils.java:logGet(43)) - raft.server.log.force.sync.num = 128 (default)
2019-09-28 01:20:11,497 [pool-407-thread-1] INFO  server.RaftServerConfigKeys (ConfUtils.java:logGet(43)) - raft.server.log.statemachine.data.sync = true (default)
2019-09-28 01:20:11,497 [pool-407-thread-1] INFO  server.RaftServerConfigKeys (ConfUtils.java:logGet(43)) - raft.server.log.statemachine.data.sync.timeout = 10s (default)
2019-09-28 01:20:11,497 [pool-407-thread-1] INFO  server.RaftServerConfigKeys (ConfUtils.java:logGet(43)) - raft.server.log.statemachine.data.sync.timeout.retry = -1 (default)
2019-09-28 01:20:11,497 [pool-407-thread-1] INFO  server.RaftServerConfigKeys (ConfUtils.java:logGet(43)) - raft.server.log.statemachine.data.caching.enabled = true (custom)
2019-09-28 01:20:11,498 [pool-407-thread-1] INFO  segmented.SegmentedRaftLogWorker (SegmentedRaftLogWorker.java:lambda$new$0(132)) - ab3cf4df-5976-458c-b5c2-4cdf8c4d91de@group-4C93CFB70038-SegmentedRaftLogWorker: flushIndex: setUnconditionally 0 -> -1
2019-09-28 01:20:11,498 [pool-407-thread-1] INFO  server.RaftServerConfigKeys (ConfUtils.java:logGet(43)) - raft.server.snapshot.auto.trigger.enabled = true (custom)
2019-09-28 01:20:11,498 [pool-407-thread-1] INFO  server.RaftServerConfigKeys (ConfUtils.java:logGet(43)) - raft.server.snapshot.auto.trigger.threshold = 10000 (custom)
2019-09-28 01:20:11,498 [pool-407-thread-1] INFO  server.RaftServerConfigKeys (ConfUtils.java:logGet(43)) - raft.server.snapshot.retention.num.files = 5 (custom)
2019-09-28 01:20:11,498 [pool-407-thread-1] INFO  server.RaftServerConfigKeys (ConfUtils.java:logGet(43)) - raft.server.retrycache.expirytime = 600000ms (custom)
2019-09-28 01:20:11,500 [pool-407-thread-1] INFO  impl.RaftServerImpl (RaftServerImpl.java:start(185)) - ab3cf4df-5976-458c-b5c2-4cdf8c4d91de@group-4C93CFB70038: start as a follower, conf=-1: [ab3cf4df-5976-458c-b5c2-4cdf8c4d91de:192.168.151.82:33779], old=null
2019-09-28 01:20:11,500 [pool-407-thread-1] INFO  impl.RaftServerImpl (RaftServerImpl.java:setRole(174)) - ab3cf4df-5976-458c-b5c2-4cdf8c4d91de@group-4C93CFB70038: changes role from      null to FOLLOWER at term 0 for startAsFollower
2019-09-28 01:20:11,501 [pool-407-thread-1] INFO  impl.RoleInfo (RoleInfo.java:updateAndGet(143)) - ab3cf4df-5976-458c-b5c2-4cdf8c4d91de: start FollowerState
2019-09-28 01:20:11,501 [pool-407-thread-1] INFO  util.JmxRegister (JmxRegister.java:tryRegister(44)) - Successfully registered JMX Bean with object name Ratis:service=RaftServer,group=group-4C93CFB70038,id=ab3cf4df-5976-458c-b5c2-4cdf8c4d91de
2019-09-28 01:20:11,503 [RatisPipelineUtilsThread] INFO  pipeline.PipelineStateManager (PipelineStateManager.java:addPipeline(56)) - Created pipeline Pipeline[ Id: 359f26c6-874c-4c93-851b-4c93cfb70038, Nodes: ab3cf4df-5976-458c-b5c2-4cdf8c4d91de{ip: 192.168.151.82, host: pr-hdds-2162-8g7kw-3348123894, networkLocation: /rack1, certSerialId: null}, Type:RATIS, Factor:ONE, State:OPEN]
2019-09-28 01:20:11,508 [IPC Server handler 1 on 34519] INFO  net.NetworkTopology (NetworkTopologyImpl.java:add(111)) - Added a new node: /rack1/0de61bcb-7b56-4d90-a285-7cc413e35ce2
2019-09-28 01:20:11,508 [IPC Server handler 1 on 34519] INFO  node.SCMNodeManager (SCMNodeManager.java:register(266)) - Registered Data node : 0de61bcb-7b56-4d90-a285-7cc413e35ce2{ip: 192.168.151.82, host: pr-hdds-2162-8g7kw-3348123894, networkLocation: /rack1, certSerialId: null}
2019-09-28 01:20:11,519 [grpc-default-executor-2] INFO  impl.RaftServerProxy (RaftServerProxy.java:addNew(89)) - 1718a6b7-a807-47b2-9e97-09209d9c5800: addNew group-D9D741084385:[1718a6b7-a807-47b2-9e97-09209d9c5800:192.168.151.82:35904, ab3cf4df-5976-458c-b5c2-4cdf8c4d91de:192.168.151.82:33779, bdd8cf1c-8d5c-4d45-9250-55158964142b:192.168.151.82:35056] returns group-D9D741084385:java.util.concurrent.CompletableFuture@49055aa5[Not completed]
2019-09-28 01:20:11,519 [grpc-default-executor-1] INFO  impl.RaftServerProxy (RaftServerProxy.java:addNew(89)) - bdd8cf1c-8d5c-4d45-9250-55158964142b: addNew group-D9D741084385:[1718a6b7-a807-47b2-9e97-09209d9c5800:192.168.151.82:35904, ab3cf4df-5976-458c-b5c2-4cdf8c4d91de:192.168.151.82:33779, bdd8cf1c-8d5c-4d45-9250-55158964142b:192.168.151.82:35056] returns group-D9D741084385:java.util.concurrent.CompletableFuture@70f7f48b[Not completed]
2019-09-28 01:20:11,520 [grpc-default-executor-0] INFO  impl.RaftServerProxy (RaftServerProxy.java:addNew(89)) - ab3cf4df-5976-458c-b5c2-4cdf8c4d91de: addNew group-D9D741084385:[1718a6b7-a807-47b2-9e97-09209d9c5800:192.168.151.82:35904, ab3cf4df-5976-458c-b5c2-4cdf8c4d91de:192.168.151.82:33779, bdd8cf1c-8d5c-4d45-9250-55158964142b:192.168.151.82:35056] returns group-D9D741084385:java.util.concurrent.CompletableFuture@b1b34da[Not completed]
2019-09-28 01:20:11,521 [pool-387-thread-1] INFO  impl.RaftServerImpl (RaftServerImpl.java:<init>(95)) - 1718a6b7-a807-47b2-9e97-09209d9c5800: new RaftServerImpl for group-D9D741084385:[1718a6b7-a807-47b2-9e97-09209d9c5800:192.168.151.82:35904, ab3cf4df-5976-458c-b5c2-4cdf8c4d91de:192.168.151.82:33779, bdd8cf1c-8d5c-4d45-9250-55158964142b:192.168.151.82:35056] with ContainerStateMachine:uninitialized
2019-09-28 01:20:11,521 [pool-387-thread-1] INFO  server.RaftServerConfigKeys (ConfUtils.java:logGet(43)) - raft.server.rpc.timeout.min = 1s (custom)
2019-09-28 01:20:11,521 [pool-387-thread-1] INFO  server.RaftServerConfigKeys (ConfUtils.java:logGet(43)) - raft.server.rpc.timeout.max = 1200ms (custom)
2019-09-28 01:20:11,521 [pool-387-thread-1] INFO  server.RaftServerConfigKeys (ConfUtils.java:logGet(43)) - raft.server.rpcslowness.timeout = 120s (custom)
2019-09-28 01:20:11,521 [pool-387-thread-1] INFO  server.RaftServerConfigKeys (ConfUtils.java:logGet(43)) - raft.server.sleep.deviation.threshold = 300 (default)
2019-09-28 01:20:11,521 [pool-407-thread-1] INFO  impl.RaftServerImpl (RaftServerImpl.java:<init>(95)) - ab3cf4df-5976-458c-b5c2-4cdf8c4d91de: new RaftServerImpl for group-D9D741084385:[1718a6b7-a807-47b2-9e97-09209d9c5800:192.168.151.82:35904, ab3cf4df-5976-458c-b5c2-4cdf8c4d91de:192.168.151.82:33779, bdd8cf1c-8d5c-4d45-9250-55158964142b:192.168.151.82:35056] with ContainerStateMachine:uninitialized
2019-09-28 01:20:11,521 [pool-387-thread-1] INFO  server.RaftServerConfigKeys (ConfUtils.java:logGet(43)) - raft.server.log.appender.install.snapshot.enabled = false (custom)
2019-09-28 01:20:11,521 [pool-407-thread-1] INFO  server.RaftServerConfigKeys (ConfUtils.java:logGet(43)) - raft.server.rpc.timeout.min = 1s (custom)
2019-09-28 01:20:11,522 [pool-387-thread-1] INFO  impl.RaftServerImpl (ServerState.java:<init>(103)) - 1718a6b7-a807-47b2-9e97-09209d9c5800@group-D9D741084385: ConfigurationManager, init=-1: [1718a6b7-a807-47b2-9e97-09209d9c5800:192.168.151.82:35904, ab3cf4df-5976-458c-b5c2-4cdf8c4d91de:192.168.151.82:33779, bdd8cf1c-8d5c-4d45-9250-55158964142b:192.168.151.82:35056], old=null, confs=<EMPTY_MAP>
2019-09-28 01:20:11,522 [pool-407-thread-1] INFO  server.RaftServerConfigKeys (ConfUtils.java:logGet(43)) - raft.server.rpc.timeout.max = 1200ms (custom)
2019-09-28 01:20:11,522 [pool-397-thread-1] INFO  impl.RaftServerImpl (RaftServerImpl.java:<init>(95)) - bdd8cf1c-8d5c-4d45-9250-55158964142b: new RaftServerImpl for group-D9D741084385:[1718a6b7-a807-47b2-9e97-09209d9c5800:192.168.151.82:35904, ab3cf4df-5976-458c-b5c2-4cdf8c4d91de:192.168.151.82:33779, bdd8cf1c-8d5c-4d45-9250-55158964142b:192.168.151.82:35056] with ContainerStateMachine:uninitialized
2019-09-28 01:20:11,522 [pool-387-thread-1] INFO  server.RaftServerConfigKeys (ConfUtils.java:logGet(43)) - raft.server.storage.dir = [/workdir/hadoop-ozone/integration-test/target/test-dir/MiniOzoneClusterImpl-af2566c7-5146-4045-9885-51dcdbd53a0d/datanode-0/data/ratis] (custom)
2019-09-28 01:20:11,522 [pool-397-thread-1] INFO  server.RaftServerConfigKeys (ConfUtils.java:logGet(43)) - raft.server.rpc.timeout.min = 1s (custom)
2019-09-28 01:20:11,522 [pool-397-thread-1] INFO  server.RaftServerConfigKeys (ConfUtils.java:logGet(43)) - raft.server.rpc.timeout.max = 1200ms (custom)
2019-09-28 01:20:11,522 [pool-407-thread-1] INFO  server.RaftServerConfigKeys (ConfUtils.java:logGet(43)) - raft.server.rpcslowness.timeout = 120s (custom)
2019-09-28 01:20:11,523 [pool-397-thread-1] INFO  server.RaftServerConfigKeys (ConfUtils.java:logGet(43)) - raft.server.rpcslowness.timeout = 120s (custom)
2019-09-28 01:20:11,522 [pool-387-thread-1] INFO  storage.RaftStorageDirectory (RaftStorageDirectory.java:analyzeStorage(246)) - The storage directory /workdir/hadoop-ozone/integration-test/target/test-dir/MiniOzoneClusterImpl-af2566c7-5146-4045-9885-51dcdbd53a0d/datanode-0/data/ratis/f251ecb1-6958-4379-a923-d9d741084385 does not exist. Creating ...
2019-09-28 01:20:11,523 [pool-397-thread-1] INFO  server.RaftServerConfigKeys (ConfUtils.java:logGet(43)) - raft.server.sleep.deviation.threshold = 300 (default)
2019-09-28 01:20:11,523 [pool-407-thread-1] INFO  server.RaftServerConfigKeys (ConfUtils.java:logGet(43)) - raft.server.sleep.deviation.threshold = 300 (default)
2019-09-28 01:20:11,523 [pool-397-thread-1] INFO  server.RaftServerConfigKeys (ConfUtils.java:logGet(43)) - raft.server.log.appender.install.snapshot.enabled = false (custom)
2019-09-28 01:20:11,523 [pool-407-thread-1] INFO  server.RaftServerConfigKeys (ConfUtils.java:logGet(43)) - raft.server.log.appender.install.snapshot.enabled = false (custom)
2019-09-28 01:20:11,523 [pool-397-thread-1] INFO  impl.RaftServerImpl (ServerState.java:<init>(103)) - bdd8cf1c-8d5c-4d45-9250-55158964142b@group-D9D741084385: ConfigurationManager, init=-1: [1718a6b7-a807-47b2-9e97-09209d9c5800:192.168.151.82:35904, ab3cf4df-5976-458c-b5c2-4cdf8c4d91de:192.168.151.82:33779, bdd8cf1c-8d5c-4d45-9250-55158964142b:192.168.151.82:35056], old=null, confs=<EMPTY_MAP>
2019-09-28 01:20:11,524 [pool-407-thread-1] INFO  impl.RaftServerImpl (ServerState.java:<init>(103)) - ab3cf4df-5976-458c-b5c2-4cdf8c4d91de@group-D9D741084385: ConfigurationManager, init=-1: [1718a6b7-a807-47b2-9e97-09209d9c5800:192.168.151.82:35904, ab3cf4df-5976-458c-b5c2-4cdf8c4d91de:192.168.151.82:33779, bdd8cf1c-8d5c-4d45-9250-55158964142b:192.168.151.82:35056], old=null, confs=<EMPTY_MAP>
2019-09-28 01:20:11,524 [pool-397-thread-1] INFO  server.RaftServerConfigKeys (ConfUtils.java:logGet(43)) - raft.server.storage.dir = [/workdir/hadoop-ozone/integration-test/target/test-dir/MiniOzoneClusterImpl-af2566c7-5146-4045-9885-51dcdbd53a0d/datanode-1/data/ratis] (custom)
2019-09-28 01:20:11,524 [pool-407-thread-1] INFO  server.RaftServerConfigKeys (ConfUtils.java:logGet(43)) - raft.server.storage.dir = [/workdir/hadoop-ozone/integration-test/target/test-dir/MiniOzoneClusterImpl-af2566c7-5146-4045-9885-51dcdbd53a0d/datanode-2/data/ratis] (custom)
2019-09-28 01:20:11,524 [pool-397-thread-1] INFO  storage.RaftStorageDirectory (RaftStorageDirectory.java:analyzeStorage(246)) - The storage directory /workdir/hadoop-ozone/integration-test/target/test-dir/MiniOzoneClusterImpl-af2566c7-5146-4045-9885-51dcdbd53a0d/datanode-1/data/ratis/f251ecb1-6958-4379-a923-d9d741084385 does not exist. Creating ...
2019-09-28 01:20:11,524 [pool-407-thread-1] INFO  storage.RaftStorageDirectory (RaftStorageDirectory.java:analyzeStorage(246)) - The storage directory /workdir/hadoop-ozone/integration-test/target/test-dir/MiniOzoneClusterImpl-af2566c7-5146-4045-9885-51dcdbd53a0d/datanode-2/data/ratis/f251ecb1-6958-4379-a923-d9d741084385 does not exist. Creating ...
2019-09-28 01:20:11,536 [pool-407-thread-1] INFO  storage.RaftStorageDirectory (RaftStorageDirectory.java:tryLock(328)) - Lock on /workdir/hadoop-ozone/integration-test/target/test-dir/MiniOzoneClusterImpl-af2566c7-5146-4045-9885-51dcdbd53a0d/datanode-2/data/ratis/f251ecb1-6958-4379-a923-d9d741084385/in_use.lock acquired by nodename 30873@pr-hdds-2162-8g7kw-3348123894
2019-09-28 01:20:11,536 [pool-387-thread-1] INFO  storage.RaftStorageDirectory (RaftStorageDirectory.java:tryLock(328)) - Lock on /workdir/hadoop-ozone/integration-test/target/test-dir/MiniOzoneClusterImpl-af2566c7-5146-4045-9885-51dcdbd53a0d/datanode-0/data/ratis/f251ecb1-6958-4379-a923-d9d741084385/in_use.lock acquired by nodename 30873@pr-hdds-2162-8g7kw-3348123894
2019-09-28 01:20:11,536 [pool-397-thread-1] INFO  storage.RaftStorageDirectory (RaftStorageDirectory.java:tryLock(328)) - Lock on /workdir/hadoop-ozone/integration-test/target/test-dir/MiniOzoneClusterImpl-af2566c7-5146-4045-9885-51dcdbd53a0d/datanode-1/data/ratis/f251ecb1-6958-4379-a923-d9d741084385/in_use.lock acquired by nodename 30873@pr-hdds-2162-8g7kw-3348123894
2019-09-28 01:20:11,551 [pool-387-thread-1] INFO  storage.RaftStorage (RaftStorage.java:format(72)) - Storage directory /workdir/hadoop-ozone/integration-test/target/test-dir/MiniOzoneClusterImpl-af2566c7-5146-4045-9885-51dcdbd53a0d/datanode-0/data/ratis/f251ecb1-6958-4379-a923-d9d741084385 has been successfully formatted.
2019-09-28 01:20:11,551 [pool-407-thread-1] INFO  storage.RaftStorage (RaftStorage.java:format(72)) - Storage directory /workdir/hadoop-ozone/integration-test/target/test-dir/MiniOzoneClusterImpl-af2566c7-5146-4045-9885-51dcdbd53a0d/datanode-2/data/ratis/f251ecb1-6958-4379-a923-d9d741084385 has been successfully formatted.
2019-09-28 01:20:11,551 [pool-397-thread-1] INFO  storage.RaftStorage (RaftStorage.java:format(72)) - Storage directory /workdir/hadoop-ozone/integration-test/target/test-dir/MiniOzoneClusterImpl-af2566c7-5146-4045-9885-51dcdbd53a0d/datanode-1/data/ratis/f251ecb1-6958-4379-a923-d9d741084385 has been successfully formatted.
2019-09-28 01:20:11,551 [pool-407-thread-1] INFO  ratis.ContainerStateMachine (ContainerStateMachine.java:loadSnapshot(230)) - group-D9D741084385: The snapshot info is null. Setting the last applied indexto:(t:0, i:~)
2019-09-28 01:20:11,551 [pool-387-thread-1] INFO  ratis.ContainerStateMachine (ContainerStateMachine.java:loadSnapshot(230)) - group-D9D741084385: The snapshot info is null. Setting the last applied indexto:(t:0, i:~)
2019-09-28 01:20:11,551 [pool-407-thread-1] INFO  server.RaftServerConfigKeys (ConfUtils.java:logGet(43)) - raft.server.notification.no-leader.timeout = 120s (custom)
2019-09-28 01:20:11,551 [pool-397-thread-1] INFO  ratis.ContainerStateMachine (ContainerStateMachine.java:loadSnapshot(230)) - group-D9D741084385: The snapshot info is null. Setting the last applied indexto:(t:0, i:~)
2019-09-28 01:20:11,552 [pool-407-thread-1] INFO  server.RaftServerConfigKeys (ConfUtils.java:logGet(43)) - raft.server.log.use.memory = false (default)
2019-09-28 01:20:11,552 [pool-387-thread-1] INFO  server.RaftServerConfigKeys (ConfUtils.java:logGet(43)) - raft.server.notification.no-leader.timeout = 120s (custom)
2019-09-28 01:20:11,552 [pool-407-thread-1] INFO  server.RaftServerConfigKeys (ConfUtils.java:logGet(43)) - raft.server.log.purge.gap = 1000000 (custom)
2019-09-28 01:20:11,552 [pool-397-thread-1] INFO  server.RaftServerConfigKeys (ConfUtils.java:logGet(43)) - raft.server.notification.no-leader.timeout = 120s (custom)
2019-09-28 01:20:11,552 [pool-407-thread-1] INFO  server.RaftServerConfigKeys (ConfUtils.java:logGet(43)) - raft.server.log.appender.buffer.byte-limit = 33554432 (custom)
2019-09-28 01:20:11,552 [pool-387-thread-1] INFO  server.RaftServerConfigKeys (ConfUtils.java:logGet(43)) - raft.server.log.use.memory = false (default)
2019-09-28 01:20:11,553 [pool-407-thread-1] INFO  server.RaftServerConfigKeys (ConfUtils.java:logGet(43)) - raft.server.log.segment.size.max = 1048576 (custom)
2019-09-28 01:20:11,552 [pool-397-thread-1] INFO  server.RaftServerConfigKeys (ConfUtils.java:logGet(43)) - raft.server.log.use.memory = false (default)
2019-09-28 01:20:11,553 [pool-407-thread-1] INFO  server.RaftServerConfigKeys (ConfUtils.java:logGet(43)) - raft.server.log.segment.cache.num.max = 2 (custom)
2019-09-28 01:20:11,553 [pool-387-thread-1] INFO  server.RaftServerConfigKeys (ConfUtils.java:logGet(43)) - raft.server.log.purge.gap = 1000000 (custom)
2019-09-28 01:20:11,553 [pool-407-thread-1] INFO  segmented.SegmentedRaftLogWorker (SegmentedRaftLogWorker.java:<init>(172)) - new ab3cf4df-5976-458c-b5c2-4cdf8c4d91de@group-D9D741084385-SegmentedRaftLogWorker for RaftStorage:Storage Directory /workdir/hadoop-ozone/integration-test/target/test-dir/MiniOzoneClusterImpl-af2566c7-5146-4045-9885-51dcdbd53a0d/datanode-2/data/ratis/f251ecb1-6958-4379-a923-d9d741084385
2019-09-28 01:20:11,553 [pool-397-thread-1] INFO  server.RaftServerConfigKeys (ConfUtils.java:logGet(43)) - raft.server.log.purge.gap = 1000000 (custom)
2019-09-28 01:20:11,554 [pool-407-thread-1] INFO  server.RaftServerConfigKeys (ConfUtils.java:logGet(43)) - raft.server.log.queue.byte-limit = 2147483647 (custom)
2019-09-28 01:20:11,553 [pool-387-thread-1] INFO  server.RaftServerConfigKeys (ConfUtils.java:logGet(43)) - raft.server.log.appender.buffer.byte-limit = 33554432 (custom)
2019-09-28 01:20:11,554 [pool-407-thread-1] INFO  server.RaftServerConfigKeys (ConfUtils.java:logGet(43)) - raft.server.log.queue.element-limit = 1024 (custom)
2019-09-28 01:20:11,554 [pool-397-thread-1] INFO  server.RaftServerConfigKeys (ConfUtils.java:logGet(43)) - raft.server.log.appender.buffer.byte-limit = 33554432 (custom)
2019-09-28 01:20:11,555 [pool-407-thread-1] INFO  server.RaftServerConfigKeys (ConfUtils.java:logGet(43)) - raft.server.log.segment.size.max = 1048576 (custom)
2019-09-28 01:20:11,554 [pool-387-thread-1] INFO  server.RaftServerConfigKeys (ConfUtils.java:logGet(43)) - raft.server.log.segment.size.max = 1048576 (custom)
2019-09-28 01:20:11,555 [pool-407-thread-1] INFO  server.RaftServerConfigKeys (ConfUtils.java:logGet(43)) - raft.server.log.preallocated.size = 16384 (custom)
2019-09-28 01:20:11,555 [pool-397-thread-1] INFO  server.RaftServerConfigKeys (ConfUtils.java:logGet(43)) - raft.server.log.segment.size.max = 1048576 (custom)
2019-09-28 01:20:11,555 [pool-407-thread-1] INFO  server.RaftServerConfigKeys (ConfUtils.java:logGet(43)) - raft.server.log.write.buffer.size = 33554432 (custom)
2019-09-28 01:20:11,555 [pool-387-thread-1] INFO  server.RaftServerConfigKeys (ConfUtils.java:logGet(43)) - raft.server.log.segment.cache.num.max = 2 (custom)
2019-09-28 01:20:11,556 [pool-407-thread-1] INFO  server.RaftServerConfigKeys (ConfUtils.java:logGet(43)) - raft.server.log.force.sync.num = 128 (default)
2019-09-28 01:20:11,556 [pool-397-thread-1] INFO  server.RaftServerConfigKeys (ConfUtils.java:logGet(43)) - raft.server.log.segment.cache.num.max = 2 (custom)
2019-09-28 01:20:11,556 [pool-407-thread-1] INFO  server.RaftServerConfigKeys (ConfUtils.java:logGet(43)) - raft.server.log.statemachine.data.sync = true (default)
2019-09-28 01:20:11,556 [pool-387-thread-1] INFO  segmented.SegmentedRaftLogWorker (SegmentedRaftLogWorker.java:<init>(172)) - new 1718a6b7-a807-47b2-9e97-09209d9c5800@group-D9D741084385-SegmentedRaftLogWorker for RaftStorage:Storage Directory /workdir/hadoop-ozone/integration-test/target/test-dir/MiniOzoneClusterImpl-af2566c7-5146-4045-9885-51dcdbd53a0d/datanode-0/data/ratis/f251ecb1-6958-4379-a923-d9d741084385
2019-09-28 01:20:11,557 [pool-407-thread-1] INFO  server.RaftServerConfigKeys (ConfUtils.java:logGet(43)) - raft.server.log.statemachine.data.sync.timeout = 10s (default)
2019-09-28 01:20:11,556 [pool-397-thread-1] INFO  segmented.SegmentedRaftLogWorker (SegmentedRaftLogWorker.java:<init>(172)) - new bdd8cf1c-8d5c-4d45-9250-55158964142b@group-D9D741084385-SegmentedRaftLogWorker for RaftStorage:Storage Directory /workdir/hadoop-ozone/integration-test/target/test-dir/MiniOzoneClusterImpl-af2566c7-5146-4045-9885-51dcdbd53a0d/datanode-1/data/ratis/f251ecb1-6958-4379-a923-d9d741084385
2019-09-28 01:20:11,557 [pool-407-thread-1] INFO  server.RaftServerConfigKeys (ConfUtils.java:logGet(43)) - raft.server.log.statemachine.data.sync.timeout.retry = -1 (default)
2019-09-28 01:20:11,557 [pool-387-thread-1] INFO  server.RaftServerConfigKeys (ConfUtils.java:logGet(43)) - raft.server.log.queue.byte-limit = 2147483647 (custom)
2019-09-28 01:20:11,557 [pool-407-thread-1] INFO  server.RaftServerConfigKeys (ConfUtils.java:logGet(43)) - raft.server.log.statemachine.data.caching.enabled = true (custom)
2019-09-28 01:20:11,557 [pool-397-thread-1] INFO  server.RaftServerConfigKeys (ConfUtils.java:logGet(43)) - raft.server.log.queue.byte-limit = 2147483647 (custom)
2019-09-28 01:20:11,558 [pool-387-thread-1] INFO  server.RaftServerConfigKeys (ConfUtils.java:logGet(43)) - raft.server.log.queue.element-limit = 1024 (custom)
2019-09-28 01:20:11,558 [pool-407-thread-1] INFO  segmented.SegmentedRaftLogWorker (SegmentedRaftLogWorker.java:lambda$new$0(132)) - ab3cf4df-5976-458c-b5c2-4cdf8c4d91de@group-D9D741084385-SegmentedRaftLogWorker: flushIndex: setUnconditionally 0 -> -1
2019-09-28 01:20:11,558 [pool-397-thread-1] INFO  server.RaftServerConfigKeys (ConfUtils.java:logGet(43)) - raft.server.log.queue.element-limit = 1024 (custom)
2019-09-28 01:20:11,558 [pool-387-thread-1] INFO  server.RaftServerConfigKeys (ConfUtils.java:logGet(43)) - raft.server.log.segment.size.max = 1048576 (custom)
2019-09-28 01:20:11,559 [pool-407-thread-1] INFO  server.RaftServerConfigKeys (ConfUtils.java:logGet(43)) - raft.server.snapshot.auto.trigger.enabled = true (custom)
2019-09-28 01:20:11,559 [pool-397-thread-1] INFO  server.RaftServerConfigKeys (ConfUtils.java:logGet(43)) - raft.server.log.segment.size.max = 1048576 (custom)
2019-09-28 01:20:11,559 [pool-407-thread-1] INFO  server.RaftServerConfigKeys (ConfUtils.java:logGet(43)) - raft.server.snapshot.auto.trigger.threshold = 10000 (custom)
2019-09-28 01:20:11,559 [pool-387-thread-1] INFO  server.RaftServerConfigKeys (ConfUtils.java:logGet(43)) - raft.server.log.preallocated.size = 16384 (custom)
2019-09-28 01:20:11,560 [pool-407-thread-1] INFO  server.RaftServerConfigKeys (ConfUtils.java:logGet(43)) - raft.server.snapshot.retention.num.files = 5 (custom)
2019-09-28 01:20:11,559 [pool-397-thread-1] INFO  server.RaftServerConfigKeys (ConfUtils.java:logGet(43)) - raft.server.log.preallocated.size = 16384 (custom)
2019-09-28 01:20:11,560 [pool-407-thread-1] INFO  server.RaftServerConfigKeys (ConfUtils.java:logGet(43)) - raft.server.retrycache.expirytime = 600000ms (custom)
2019-09-28 01:20:11,560 [pool-387-thread-1] INFO  server.RaftServerConfigKeys (ConfUtils.java:logGet(43)) - raft.server.log.write.buffer.size = 33554432 (custom)
2019-09-28 01:20:11,560 [pool-397-thread-1] INFO  server.RaftServerConfigKeys (ConfUtils.java:logGet(43)) - raft.server.log.write.buffer.size = 33554432 (custom)
2019-09-28 01:20:11,561 [pool-387-thread-1] INFO  server.RaftServerConfigKeys (ConfUtils.java:logGet(43)) - raft.server.log.force.sync.num = 128 (default)
2019-09-28 01:20:11,561 [pool-397-thread-1] INFO  server.RaftServerConfigKeys (ConfUtils.java:logGet(43)) - raft.server.log.force.sync.num = 128 (default)
2019-09-28 01:20:11,561 [pool-387-thread-1] INFO  server.RaftServerConfigKeys (ConfUtils.java:logGet(43)) - raft.server.log.statemachine.data.sync = true (default)
2019-09-28 01:20:11,561 [pool-397-thread-1] INFO  server.RaftServerConfigKeys (ConfUtils.java:logGet(43)) - raft.server.log.statemachine.data.sync = true (default)
2019-09-28 01:20:11,562 [pool-387-thread-1] INFO  server.RaftServerConfigKeys (ConfUtils.java:logGet(43)) - raft.server.log.statemachine.data.sync.timeout = 10s (default)
2019-09-28 01:20:11,562 [pool-397-thread-1] INFO  server.RaftServerConfigKeys (ConfUtils.java:logGet(43)) - raft.server.log.statemachine.data.sync.timeout = 10s (default)
2019-09-28 01:20:11,562 [pool-387-thread-1] INFO  server.RaftServerConfigKeys (ConfUtils.java:logGet(43)) - raft.server.log.statemachine.data.sync.timeout.retry = -1 (default)
2019-09-28 01:20:11,562 [pool-397-thread-1] INFO  server.RaftServerConfigKeys (ConfUtils.java:logGet(43)) - raft.server.log.statemachine.data.sync.timeout.retry = -1 (default)
2019-09-28 01:20:11,562 [pool-387-thread-1] INFO  server.RaftServerConfigKeys (ConfUtils.java:logGet(43)) - raft.server.log.statemachine.data.caching.enabled = true (custom)
2019-09-28 01:20:11,563 [pool-397-thread-1] INFO  server.RaftServerConfigKeys (ConfUtils.java:logGet(43)) - raft.server.log.statemachine.data.caching.enabled = true (custom)
2019-09-28 01:20:11,563 [pool-387-thread-1] INFO  segmented.SegmentedRaftLogWorker (SegmentedRaftLogWorker.java:lambda$new$0(132)) - 1718a6b7-a807-47b2-9e97-09209d9c5800@group-D9D741084385-SegmentedRaftLogWorker: flushIndex: setUnconditionally 0 -> -1
2019-09-28 01:20:11,563 [pool-397-thread-1] INFO  segmented.SegmentedRaftLogWorker (SegmentedRaftLogWorker.java:lambda$new$0(132)) - bdd8cf1c-8d5c-4d45-9250-55158964142b@group-D9D741084385-SegmentedRaftLogWorker: flushIndex: setUnconditionally 0 -> -1
2019-09-28 01:20:11,563 [pool-387-thread-1] INFO  server.RaftServerConfigKeys (ConfUtils.java:logGet(43)) - raft.server.snapshot.auto.trigger.enabled = true (custom)
2019-09-28 01:20:11,564 [pool-387-thread-1] INFO  server.RaftServerConfigKeys (ConfUtils.java:logGet(43)) - raft.server.snapshot.auto.trigger.threshold = 10000 (custom)
2019-09-28 01:20:11,564 [pool-397-thread-1] INFO  server.RaftServerConfigKeys (ConfUtils.java:logGet(43)) - raft.server.snapshot.auto.trigger.enabled = true (custom)
2019-09-28 01:20:11,564 [pool-407-thread-1] INFO  impl.RaftServerImpl (RaftServerImpl.java:start(185)) - ab3cf4df-5976-458c-b5c2-4cdf8c4d91de@group-D9D741084385: start as a follower, conf=-1: [1718a6b7-a807-47b2-9e97-09209d9c5800:192.168.151.82:35904, ab3cf4df-5976-458c-b5c2-4cdf8c4d91de:192.168.151.82:33779, bdd8cf1c-8d5c-4d45-9250-55158964142b:192.168.151.82:35056], old=null
2019-09-28 01:20:11,564 [pool-387-thread-1] INFO  server.RaftServerConfigKeys (ConfUtils.java:logGet(43)) - raft.server.snapshot.retention.num.files = 5 (custom)
2019-09-28 01:20:11,564 [pool-407-thread-1] INFO  impl.RaftServerImpl (RaftServerImpl.java:setRole(174)) - ab3cf4df-5976-458c-b5c2-4cdf8c4d91de@group-D9D741084385: changes role from      null to FOLLOWER at term 0 for startAsFollower
2019-09-28 01:20:11,564 [pool-397-thread-1] INFO  server.RaftServerConfigKeys (ConfUtils.java:logGet(43)) - raft.server.snapshot.auto.trigger.threshold = 10000 (custom)
2019-09-28 01:20:11,564 [pool-407-thread-1] INFO  impl.RoleInfo (RoleInfo.java:updateAndGet(143)) - ab3cf4df-5976-458c-b5c2-4cdf8c4d91de: start FollowerState
2019-09-28 01:20:11,564 [pool-387-thread-1] INFO  server.RaftServerConfigKeys (ConfUtils.java:logGet(43)) - raft.server.retrycache.expirytime = 600000ms (custom)
2019-09-28 01:20:11,564 [pool-397-thread-1] INFO  server.RaftServerConfigKeys (ConfUtils.java:logGet(43)) - raft.server.snapshot.retention.num.files = 5 (custom)
2019-09-28 01:20:11,565 [pool-397-thread-1] INFO  server.RaftServerConfigKeys (ConfUtils.java:logGet(43)) - raft.server.retrycache.expirytime = 600000ms (custom)
2019-09-28 01:20:11,565 [pool-407-thread-1] INFO  util.JmxRegister (JmxRegister.java:tryRegister(44)) - Successfully registered JMX Bean with object name Ratis:service=RaftServer,group=group-D9D741084385,id=ab3cf4df-5976-458c-b5c2-4cdf8c4d91de
2019-09-28 01:20:11,567 [pool-387-thread-1] INFO  impl.RaftServerImpl (RaftServerImpl.java:start(185)) - 1718a6b7-a807-47b2-9e97-09209d9c5800@group-D9D741084385: start as a follower, conf=-1: [1718a6b7-a807-47b2-9e97-09209d9c5800:192.168.151.82:35904, ab3cf4df-5976-458c-b5c2-4cdf8c4d91de:192.168.151.82:33779, bdd8cf1c-8d5c-4d45-9250-55158964142b:192.168.151.82:35056], old=null
2019-09-28 01:20:11,567 [pool-387-thread-1] INFO  impl.RaftServerImpl (RaftServerImpl.java:setRole(174)) - 1718a6b7-a807-47b2-9e97-09209d9c5800@group-D9D741084385: changes role from      null to FOLLOWER at term 0 for startAsFollower
2019-09-28 01:20:11,568 [pool-387-thread-1] INFO  impl.RoleInfo (RoleInfo.java:updateAndGet(143)) - 1718a6b7-a807-47b2-9e97-09209d9c5800: start FollowerState
2019-09-28 01:20:11,568 [pool-397-thread-1] INFO  impl.RaftServerImpl (RaftServerImpl.java:start(185)) - bdd8cf1c-8d5c-4d45-9250-55158964142b@group-D9D741084385: start as a follower, conf=-1: [1718a6b7-a807-47b2-9e97-09209d9c5800:192.168.151.82:35904, ab3cf4df-5976-458c-b5c2-4cdf8c4d91de:192.168.151.82:33779, bdd8cf1c-8d5c-4d45-9250-55158964142b:192.168.151.82:35056], old=null
2019-09-28 01:20:11,568 [pool-397-thread-1] INFO  impl.RaftServerImpl (RaftServerImpl.java:setRole(174)) - bdd8cf1c-8d5c-4d45-9250-55158964142b@group-D9D741084385: changes role from      null to FOLLOWER at term 0 for startAsFollower
2019-09-28 01:20:11,568 [pool-387-thread-1] INFO  util.JmxRegister (JmxRegister.java:tryRegister(44)) - Successfully registered JMX Bean with object name Ratis:service=RaftServer,group=group-D9D741084385,id=1718a6b7-a807-47b2-9e97-09209d9c5800
2019-09-28 01:20:11,568 [pool-397-thread-1] INFO  impl.RoleInfo (RoleInfo.java:updateAndGet(143)) - bdd8cf1c-8d5c-4d45-9250-55158964142b: start FollowerState
2019-09-28 01:20:11,569 [pool-397-thread-1] INFO  util.JmxRegister (JmxRegister.java:tryRegister(44)) - Successfully registered JMX Bean with object name Ratis:service=RaftServer,group=group-D9D741084385,id=bdd8cf1c-8d5c-4d45-9250-55158964142b
2019-09-28 01:20:11,571 [IPC Server handler 2 on 34519] INFO  net.NetworkTopology (NetworkTopologyImpl.java:add(111)) - Added a new node: /rack1/9ab63732-2b11-4d45-b3bd-cb418bdaf76f
2019-09-28 01:20:11,571 [IPC Server handler 2 on 34519] INFO  node.SCMNodeManager (SCMNodeManager.java:register(266)) - Registered Data node : 9ab63732-2b11-4d45-b3bd-cb418bdaf76f{ip: 192.168.151.82, host: pr-hdds-2162-8g7kw-3348123894, networkLocation: /rack1, certSerialId: null}
2019-09-28 01:20:11,571 [RatisPipelineUtilsThread] INFO  pipeline.PipelineStateManager (PipelineStateManager.java:addPipeline(56)) - Created pipeline Pipeline[ Id: f251ecb1-6958-4379-a923-d9d741084385, Nodes: 1718a6b7-a807-47b2-9e97-09209d9c5800{ip: 192.168.151.82, host: pr-hdds-2162-8g7kw-3348123894, networkLocation: /rack1, certSerialId: null}bdd8cf1c-8d5c-4d45-9250-55158964142b{ip: 192.168.151.82, host: pr-hdds-2162-8g7kw-3348123894, networkLocation: /rack1, certSerialId: null}ab3cf4df-5976-458c-b5c2-4cdf8c4d91de{ip: 192.168.151.82, host: pr-hdds-2162-8g7kw-3348123894, networkLocation: /rack1, certSerialId: null}, Type:RATIS, Factor:THREE, State:OPEN]
2019-09-28 01:20:11,585 [grpc-default-executor-0] INFO  impl.RaftServerProxy (RaftServerProxy.java:addNew(89)) - 9ab63732-2b11-4d45-b3bd-cb418bdaf76f: addNew group-5030209AB1C2:[9ab63732-2b11-4d45-b3bd-cb418bdaf76f:192.168.151.82:37446] returns group-5030209AB1C2:java.util.concurrent.CompletableFuture@61903198[Not completed]
2019-09-28 01:20:11,588 [pool-427-thread-1] INFO  impl.RaftServerImpl (RaftServerImpl.java:<init>(95)) - 9ab63732-2b11-4d45-b3bd-cb418bdaf76f: new RaftServerImpl for group-5030209AB1C2:[9ab63732-2b11-4d45-b3bd-cb418bdaf76f:192.168.151.82:37446] with ContainerStateMachine:uninitialized
2019-09-28 01:20:11,588 [pool-427-thread-1] INFO  server.RaftServerConfigKeys (ConfUtils.java:logGet(43)) - raft.server.rpc.timeout.min = 1s (custom)
2019-09-28 01:20:11,588 [pool-427-thread-1] INFO  server.RaftServerConfigKeys (ConfUtils.java:logGet(43)) - raft.server.rpc.timeout.max = 1200ms (custom)
2019-09-28 01:20:11,588 [pool-427-thread-1] INFO  server.RaftServerConfigKeys (ConfUtils.java:logGet(43)) - raft.server.rpcslowness.timeout = 120s (custom)
2019-09-28 01:20:11,588 [pool-427-thread-1] INFO  server.RaftServerConfigKeys (ConfUtils.java:logGet(43)) - raft.server.sleep.deviation.threshold = 300 (default)
2019-09-28 01:20:11,588 [pool-427-thread-1] INFO  server.RaftServerConfigKeys (ConfUtils.java:logGet(43)) - raft.server.log.appender.install.snapshot.enabled = false (custom)
2019-09-28 01:20:11,589 [pool-427-thread-1] INFO  impl.RaftServerImpl (ServerState.java:<init>(103)) - 9ab63732-2b11-4d45-b3bd-cb418bdaf76f@group-5030209AB1C2: ConfigurationManager, init=-1: [9ab63732-2b11-4d45-b3bd-cb418bdaf76f:192.168.151.82:37446], old=null, confs=<EMPTY_MAP>
2019-09-28 01:20:11,589 [pool-427-thread-1] INFO  server.RaftServerConfigKeys (ConfUtils.java:logGet(43)) - raft.server.storage.dir = [/workdir/hadoop-ozone/integration-test/target/test-dir/MiniOzoneClusterImpl-af2566c7-5146-4045-9885-51dcdbd53a0d/datanode-4/data/ratis] (custom)
2019-09-28 01:20:11,589 [pool-427-thread-1] INFO  storage.RaftStorageDirectory (RaftStorageDirectory.java:analyzeStorage(246)) - The storage directory /workdir/hadoop-ozone/integration-test/target/test-dir/MiniOzoneClusterImpl-af2566c7-5146-4045-9885-51dcdbd53a0d/datanode-4/data/ratis/525e0cfb-40f0-4d73-ae78-5030209ab1c2 does not exist. Creating ...
2019-09-28 01:20:11,603 [pool-427-thread-1] INFO  storage.RaftStorageDirectory (RaftStorageDirectory.java:tryLock(328)) - Lock on /workdir/hadoop-ozone/integration-test/target/test-dir/MiniOzoneClusterImpl-af2566c7-5146-4045-9885-51dcdbd53a0d/datanode-4/data/ratis/525e0cfb-40f0-4d73-ae78-5030209ab1c2/in_use.lock acquired by nodename 30873@pr-hdds-2162-8g7kw-3348123894
2019-09-28 01:20:11,630 [pool-427-thread-1] INFO  storage.RaftStorage (RaftStorage.java:format(72)) - Storage directory /workdir/hadoop-ozone/integration-test/target/test-dir/MiniOzoneClusterImpl-af2566c7-5146-4045-9885-51dcdbd53a0d/datanode-4/data/ratis/525e0cfb-40f0-4d73-ae78-5030209ab1c2 has been successfully formatted.
2019-09-28 01:20:11,631 [pool-427-thread-1] INFO  ratis.ContainerStateMachine (ContainerStateMachine.java:loadSnapshot(230)) - group-5030209AB1C2: The snapshot info is null. Setting the last applied indexto:(t:0, i:~)
2019-09-28 01:20:11,631 [pool-427-thread-1] INFO  server.RaftServerConfigKeys (ConfUtils.java:logGet(43)) - raft.server.notification.no-leader.timeout = 120s (custom)
2019-09-28 01:20:11,631 [pool-427-thread-1] INFO  server.RaftServerConfigKeys (ConfUtils.java:logGet(43)) - raft.server.log.use.memory = false (default)
2019-09-28 01:20:11,631 [pool-427-thread-1] INFO  server.RaftServerConfigKeys (ConfUtils.java:logGet(43)) - raft.server.log.purge.gap = 1000000 (custom)
2019-09-28 01:20:11,631 [pool-427-thread-1] INFO  server.RaftServerConfigKeys (ConfUtils.java:logGet(43)) - raft.server.log.appender.buffer.byte-limit = 33554432 (custom)
2019-09-28 01:20:11,631 [pool-427-thread-1] INFO  server.RaftServerConfigKeys (ConfUtils.java:logGet(43)) - raft.server.log.segment.size.max = 1048576 (custom)
2019-09-28 01:20:11,632 [pool-427-thread-1] INFO  server.RaftServerConfigKeys (ConfUtils.java:logGet(43)) - raft.server.log.segment.cache.num.max = 2 (custom)
2019-09-28 01:20:11,632 [pool-427-thread-1] INFO  segmented.SegmentedRaftLogWorker (SegmentedRaftLogWorker.java:<init>(172)) - new 9ab63732-2b11-4d45-b3bd-cb418bdaf76f@group-5030209AB1C2-SegmentedRaftLogWorker for RaftStorage:Storage Directory /workdir/hadoop-ozone/integration-test/target/test-dir/MiniOzoneClusterImpl-af2566c7-5146-4045-9885-51dcdbd53a0d/datanode-4/data/ratis/525e0cfb-40f0-4d73-ae78-5030209ab1c2
2019-09-28 01:20:11,634 [pool-427-thread-1] INFO  server.RaftServerConfigKeys (ConfUtils.java:logGet(43)) - raft.server.log.queue.byte-limit = 2147483647 (custom)
2019-09-28 01:20:11,634 [IPC Server handler 4 on 34519] INFO  net.NetworkTopology (NetworkTopologyImpl.java:add(111)) - Added a new node: /rack1/2f116fb9-3359-4137-b08e-444c3348f2a5
2019-09-28 01:20:11,634 [pool-427-thread-1] INFO  server.RaftServerConfigKeys (ConfUtils.java:logGet(43)) - raft.server.log.queue.element-limit = 1024 (custom)
2019-09-28 01:20:11,634 [IPC Server handler 4 on 34519] INFO  node.SCMNodeManager (SCMNodeManager.java:register(266)) - Registered Data node : 2f116fb9-3359-4137-b08e-444c3348f2a5{ip: 192.168.151.82, host: pr-hdds-2162-8g7kw-3348123894, networkLocation: /rack1, certSerialId: null}
2019-09-28 01:20:11,634 [pool-427-thread-1] INFO  server.RaftServerConfigKeys (ConfUtils.java:logGet(43)) - raft.server.log.segment.size.max = 1048576 (custom)
2019-09-28 01:20:11,635 [pool-427-thread-1] INFO  server.RaftServerConfigKeys (ConfUtils.java:logGet(43)) - raft.server.log.preallocated.size = 16384 (custom)
2019-09-28 01:20:11,635 [pool-427-thread-1] INFO  server.RaftServerConfigKeys (ConfUtils.java:logGet(43)) - raft.server.log.write.buffer.size = 33554432 (custom)
2019-09-28 01:20:11,635 [pool-427-thread-1] INFO  server.RaftServerConfigKeys (ConfUtils.java:logGet(43)) - raft.server.log.force.sync.num = 128 (default)
2019-09-28 01:20:11,635 [pool-427-thread-1] INFO  server.RaftServerConfigKeys (ConfUtils.java:logGet(43)) - raft.server.log.statemachine.data.sync = true (default)
2019-09-28 01:20:11,635 [pool-427-thread-1] INFO  server.RaftServerConfigKeys (ConfUtils.java:logGet(43)) - raft.server.log.statemachine.data.sync.timeout = 10s (default)
2019-09-28 01:20:11,635 [pool-427-thread-1] INFO  server.RaftServerConfigKeys (ConfUtils.java:logGet(43)) - raft.server.log.statemachine.data.sync.timeout.retry = -1 (default)
2019-09-28 01:20:11,636 [pool-427-thread-1] INFO  server.RaftServerConfigKeys (ConfUtils.java:logGet(43)) - raft.server.log.statemachine.data.caching.enabled = true (custom)
2019-09-28 01:20:11,636 [pool-427-thread-1] INFO  segmented.SegmentedRaftLogWorker (SegmentedRaftLogWorker.java:lambda$new$0(132)) - 9ab63732-2b11-4d45-b3bd-cb418bdaf76f@group-5030209AB1C2-SegmentedRaftLogWorker: flushIndex: setUnconditionally 0 -> -1
2019-09-28 01:20:11,636 [pool-427-thread-1] INFO  server.RaftServerConfigKeys (ConfUtils.java:logGet(43)) - raft.server.snapshot.auto.trigger.enabled = true (custom)
2019-09-28 01:20:11,636 [pool-427-thread-1] INFO  server.RaftServerConfigKeys (ConfUtils.java:logGet(43)) - raft.server.snapshot.auto.trigger.threshold = 10000 (custom)
2019-09-28 01:20:11,637 [pool-427-thread-1] INFO  server.RaftServerConfigKeys (ConfUtils.java:logGet(43)) - raft.server.snapshot.retention.num.files = 5 (custom)
2019-09-28 01:20:11,637 [pool-427-thread-1] INFO  server.RaftServerConfigKeys (ConfUtils.java:logGet(43)) - raft.server.retrycache.expirytime = 600000ms (custom)
2019-09-28 01:20:11,639 [pool-427-thread-1] INFO  impl.RaftServerImpl (RaftServerImpl.java:start(185)) - 9ab63732-2b11-4d45-b3bd-cb418bdaf76f@group-5030209AB1C2: start as a follower, conf=-1: [9ab63732-2b11-4d45-b3bd-cb418bdaf76f:192.168.151.82:37446], old=null
2019-09-28 01:20:11,639 [pool-427-thread-1] INFO  impl.RaftServerImpl (RaftServerImpl.java:setRole(174)) - 9ab63732-2b11-4d45-b3bd-cb418bdaf76f@group-5030209AB1C2: changes role from      null to FOLLOWER at term 0 for startAsFollower
2019-09-28 01:20:11,639 [pool-427-thread-1] INFO  impl.RoleInfo (RoleInfo.java:updateAndGet(143)) - 9ab63732-2b11-4d45-b3bd-cb418bdaf76f: start FollowerState
2019-09-28 01:20:11,640 [pool-427-thread-1] INFO  util.JmxRegister (JmxRegister.java:tryRegister(44)) - Successfully registered JMX Bean with object name Ratis:service=RaftServer,group=group-5030209AB1C2,id=9ab63732-2b11-4d45-b3bd-cb418bdaf76f
2019-09-28 01:20:11,642 [RatisPipelineUtilsThread] INFO  pipeline.PipelineStateManager (PipelineStateManager.java:addPipeline(56)) - Created pipeline Pipeline[ Id: 525e0cfb-40f0-4d73-ae78-5030209ab1c2, Nodes: 9ab63732-2b11-4d45-b3bd-cb418bdaf76f{ip: 192.168.151.82, host: pr-hdds-2162-8g7kw-3348123894, networkLocation: /rack1, certSerialId: null}, Type:RATIS, Factor:ONE, State:OPEN]
2019-09-28 01:20:11,662 [grpc-default-executor-0] INFO  impl.RaftServerProxy (RaftServerProxy.java:addNew(89)) - 2f116fb9-3359-4137-b08e-444c3348f2a5: addNew group-4AE38FFD66E4:[2f116fb9-3359-4137-b08e-444c3348f2a5:192.168.151.82:39869] returns group-4AE38FFD66E4:java.util.concurrent.CompletableFuture@666974c9[Not completed]
2019-09-28 01:20:11,663 [pool-437-thread-1] INFO  impl.RaftServerImpl (RaftServerImpl.java:<init>(95)) - 2f116fb9-3359-4137-b08e-444c3348f2a5: new RaftServerImpl for group-4AE38FFD66E4:[2f116fb9-3359-4137-b08e-444c3348f2a5:192.168.151.82:39869] with ContainerStateMachine:uninitialized
2019-09-28 01:20:11,663 [pool-437-thread-1] INFO  server.RaftServerConfigKeys (ConfUtils.java:logGet(43)) - raft.server.rpc.timeout.min = 1s (custom)
2019-09-28 01:20:11,664 [pool-437-thread-1] INFO  server.RaftServerConfigKeys (ConfUtils.java:logGet(43)) - raft.server.rpc.timeout.max = 1200ms (custom)
2019-09-28 01:20:11,664 [pool-437-thread-1] INFO  server.RaftServerConfigKeys (ConfUtils.java:logGet(43)) - raft.server.rpcslowness.timeout = 120s (custom)
2019-09-28 01:20:11,664 [pool-437-thread-1] INFO  server.RaftServerConfigKeys (ConfUtils.java:logGet(43)) - raft.server.sleep.deviation.threshold = 300 (default)
2019-09-28 01:20:11,664 [pool-437-thread-1] INFO  server.RaftServerConfigKeys (ConfUtils.java:logGet(43)) - raft.server.log.appender.install.snapshot.enabled = false (custom)
2019-09-28 01:20:11,664 [pool-437-thread-1] INFO  impl.RaftServerImpl (ServerState.java:<init>(103)) - 2f116fb9-3359-4137-b08e-444c3348f2a5@group-4AE38FFD66E4: ConfigurationManager, init=-1: [2f116fb9-3359-4137-b08e-444c3348f2a5:192.168.151.82:39869], old=null, confs=<EMPTY_MAP>
2019-09-28 01:20:11,664 [pool-437-thread-1] INFO  server.RaftServerConfigKeys (ConfUtils.java:logGet(43)) - raft.server.storage.dir = [/workdir/hadoop-ozone/integration-test/target/test-dir/MiniOzoneClusterImpl-af2566c7-5146-4045-9885-51dcdbd53a0d/datanode-5/data/ratis] (custom)
2019-09-28 01:20:11,665 [pool-437-thread-1] INFO  storage.RaftStorageDirectory (RaftStorageDirectory.java:analyzeStorage(246)) - The storage directory /workdir/hadoop-ozone/integration-test/target/test-dir/MiniOzoneClusterImpl-af2566c7-5146-4045-9885-51dcdbd53a0d/datanode-5/data/ratis/72b7e66c-4b84-4cda-9162-4ae38ffd66e4 does not exist. Creating ...
2019-09-28 01:20:11,678 [pool-437-thread-1] INFO  storage.RaftStorageDirectory (RaftStorageDirectory.java:tryLock(328)) - Lock on /workdir/hadoop-ozone/integration-test/target/test-dir/MiniOzoneClusterImpl-af2566c7-5146-4045-9885-51dcdbd53a0d/datanode-5/data/ratis/72b7e66c-4b84-4cda-9162-4ae38ffd66e4/in_use.lock acquired by nodename 30873@pr-hdds-2162-8g7kw-3348123894
2019-09-28 01:20:11,691 [pool-437-thread-1] INFO  storage.RaftStorage (RaftStorage.java:format(72)) - Storage directory /workdir/hadoop-ozone/integration-test/target/test-dir/MiniOzoneClusterImpl-af2566c7-5146-4045-9885-51dcdbd53a0d/datanode-5/data/ratis/72b7e66c-4b84-4cda-9162-4ae38ffd66e4 has been successfully formatted.
2019-09-28 01:20:11,691 [pool-437-thread-1] INFO  ratis.ContainerStateMachine (ContainerStateMachine.java:loadSnapshot(230)) - group-4AE38FFD66E4: The snapshot info is null. Setting the last applied indexto:(t:0, i:~)
2019-09-28 01:20:11,691 [pool-437-thread-1] INFO  server.RaftServerConfigKeys (ConfUtils.java:logGet(43)) - raft.server.notification.no-leader.timeout = 120s (custom)
2019-09-28 01:20:11,691 [pool-437-thread-1] INFO  server.RaftServerConfigKeys (ConfUtils.java:logGet(43)) - raft.server.log.use.memory = false (default)
2019-09-28 01:20:11,692 [pool-437-thread-1] INFO  server.RaftServerConfigKeys (ConfUtils.java:logGet(43)) - raft.server.log.purge.gap = 1000000 (custom)
2019-09-28 01:20:11,692 [pool-437-thread-1] INFO  server.RaftServerConfigKeys (ConfUtils.java:logGet(43)) - raft.server.log.appender.buffer.byte-limit = 33554432 (custom)
2019-09-28 01:20:11,692 [pool-437-thread-1] INFO  server.RaftServerConfigKeys (ConfUtils.java:logGet(43)) - raft.server.log.segment.size.max = 1048576 (custom)
2019-09-28 01:20:11,692 [pool-437-thread-1] INFO  server.RaftServerConfigKeys (ConfUtils.java:logGet(43)) - raft.server.log.segment.cache.num.max = 2 (custom)
2019-09-28 01:20:11,692 [pool-437-thread-1] INFO  segmented.SegmentedRaftLogWorker (SegmentedRaftLogWorker.java:<init>(172)) - new 2f116fb9-3359-4137-b08e-444c3348f2a5@group-4AE38FFD66E4-SegmentedRaftLogWorker for RaftStorage:Storage Directory /workdir/hadoop-ozone/integration-test/target/test-dir/MiniOzoneClusterImpl-af2566c7-5146-4045-9885-51dcdbd53a0d/datanode-5/data/ratis/72b7e66c-4b84-4cda-9162-4ae38ffd66e4
2019-09-28 01:20:11,694 [pool-437-thread-1] INFO  server.RaftServerConfigKeys (ConfUtils.java:logGet(43)) - raft.server.log.queue.byte-limit = 2147483647 (custom)
2019-09-28 01:20:11,694 [pool-437-thread-1] INFO  server.RaftServerConfigKeys (ConfUtils.java:logGet(43)) - raft.server.log.queue.element-limit = 1024 (custom)
2019-09-28 01:20:11,694 [pool-437-thread-1] INFO  server.RaftServerConfigKeys (ConfUtils.java:logGet(43)) - raft.server.log.segment.size.max = 1048576 (custom)
2019-09-28 01:20:11,694 [pool-437-thread-1] INFO  server.RaftServerConfigKeys (ConfUtils.java:logGet(43)) - raft.server.log.preallocated.size = 16384 (custom)
2019-09-28 01:20:11,695 [pool-437-thread-1] INFO  server.RaftServerConfigKeys (ConfUtils.java:logGet(43)) - raft.server.log.write.buffer.size = 33554432 (custom)
2019-09-28 01:20:11,695 [pool-437-thread-1] INFO  server.RaftServerConfigKeys (ConfUtils.java:logGet(43)) - raft.server.log.force.sync.num = 128 (default)
2019-09-28 01:20:11,695 [pool-437-thread-1] INFO  server.RaftServerConfigKeys (ConfUtils.java:logGet(43)) - raft.server.log.statemachine.data.sync = true (default)
2019-09-28 01:20:11,695 [pool-437-thread-1] INFO  server.RaftServerConfigKeys (ConfUtils.java:logGet(43)) - raft.server.log.statemachine.data.sync.timeout = 10s (default)
2019-09-28 01:20:11,695 [pool-437-thread-1] INFO  server.RaftServerConfigKeys (ConfUtils.java:logGet(43)) - raft.server.log.statemachine.data.sync.timeout.retry = -1 (default)
2019-09-28 01:20:11,695 [pool-437-thread-1] INFO  server.RaftServerConfigKeys (ConfUtils.java:logGet(43)) - raft.server.log.statemachine.data.caching.enabled = true (custom)
2019-09-28 01:20:11,696 [pool-437-thread-1] INFO  segmented.SegmentedRaftLogWorker (SegmentedRaftLogWorker.java:lambda$new$0(132)) - 2f116fb9-3359-4137-b08e-444c3348f2a5@group-4AE38FFD66E4-SegmentedRaftLogWorker: flushIndex: setUnconditionally 0 -> -1
2019-09-28 01:20:11,696 [pool-437-thread-1] INFO  server.RaftServerConfigKeys (ConfUtils.java:logGet(43)) - raft.server.snapshot.auto.trigger.enabled = true (custom)
2019-09-28 01:20:11,696 [pool-437-thread-1] INFO  server.RaftServerConfigKeys (ConfUtils.java:logGet(43)) - raft.server.snapshot.auto.trigger.threshold = 10000 (custom)
2019-09-28 01:20:11,696 [pool-437-thread-1] INFO  server.RaftServerConfigKeys (ConfUtils.java:logGet(43)) - raft.server.snapshot.retention.num.files = 5 (custom)
2019-09-28 01:20:11,696 [pool-437-thread-1] INFO  server.RaftServerConfigKeys (ConfUtils.java:logGet(43)) - raft.server.retrycache.expirytime = 600000ms (custom)
2019-09-28 01:20:11,699 [pool-437-thread-1] INFO  impl.RaftServerImpl (RaftServerImpl.java:start(185)) - 2f116fb9-3359-4137-b08e-444c3348f2a5@group-4AE38FFD66E4: start as a follower, conf=-1: [2f116fb9-3359-4137-b08e-444c3348f2a5:192.168.151.82:39869], old=null
2019-09-28 01:20:11,699 [pool-437-thread-1] INFO  impl.RaftServerImpl (RaftServerImpl.java:setRole(174)) - 2f116fb9-3359-4137-b08e-444c3348f2a5@group-4AE38FFD66E4: changes role from      null to FOLLOWER at term 0 for startAsFollower
2019-09-28 01:20:11,699 [pool-437-thread-1] INFO  impl.RoleInfo (RoleInfo.java:updateAndGet(143)) - 2f116fb9-3359-4137-b08e-444c3348f2a5: start FollowerState
2019-09-28 01:20:11,699 [IPC Server handler 3 on 34519] INFO  net.NetworkTopology (NetworkTopologyImpl.java:add(111)) - Added a new node: /rack1/01a90e73-792d-4935-bbf3-5d3894bf13f0
2019-09-28 01:20:11,700 [pool-437-thread-1] INFO  util.JmxRegister (JmxRegister.java:tryRegister(44)) - Successfully registered JMX Bean with object name Ratis:service=RaftServer,group=group-4AE38FFD66E4,id=2f116fb9-3359-4137-b08e-444c3348f2a5
2019-09-28 01:20:11,700 [IPC Server handler 3 on 34519] INFO  node.SCMNodeManager (SCMNodeManager.java:register(266)) - Registered Data node : 01a90e73-792d-4935-bbf3-5d3894bf13f0{ip: 192.168.151.82, host: pr-hdds-2162-8g7kw-3348123894, networkLocation: /rack1, certSerialId: null}
2019-09-28 01:20:11,702 [RatisPipelineUtilsThread] INFO  pipeline.PipelineStateManager (PipelineStateManager.java:addPipeline(56)) - Created pipeline Pipeline[ Id: 72b7e66c-4b84-4cda-9162-4ae38ffd66e4, Nodes: 2f116fb9-3359-4137-b08e-444c3348f2a5{ip: 192.168.151.82, host: pr-hdds-2162-8g7kw-3348123894, networkLocation: /rack1, certSerialId: null}, Type:RATIS, Factor:ONE, State:OPEN]
2019-09-28 01:20:11,727 [grpc-default-executor-0] INFO  impl.RaftServerProxy (RaftServerProxy.java:addNew(89)) - 01a90e73-792d-4935-bbf3-5d3894bf13f0: addNew group-FAC356F7D0AE:[01a90e73-792d-4935-bbf3-5d3894bf13f0:192.168.151.82:37184] returns group-FAC356F7D0AE:java.util.concurrent.CompletableFuture@608db10[Not completed]
2019-09-28 01:20:11,728 [pool-447-thread-1] INFO  impl.RaftServerImpl (RaftServerImpl.java:<init>(95)) - 01a90e73-792d-4935-bbf3-5d3894bf13f0: new RaftServerImpl for group-FAC356F7D0AE:[01a90e73-792d-4935-bbf3-5d3894bf13f0:192.168.151.82:37184] with ContainerStateMachine:uninitialized
2019-09-28 01:20:11,729 [pool-447-thread-1] INFO  server.RaftServerConfigKeys (ConfUtils.java:logGet(43)) - raft.server.rpc.timeout.min = 1s (custom)
2019-09-28 01:20:11,729 [pool-447-thread-1] INFO  server.RaftServerConfigKeys (ConfUtils.java:logGet(43)) - raft.server.rpc.timeout.max = 1200ms (custom)
2019-09-28 01:20:11,729 [pool-447-thread-1] INFO  server.RaftServerConfigKeys (ConfUtils.java:logGet(43)) - raft.server.rpcslowness.timeout = 120s (custom)
2019-09-28 01:20:11,729 [pool-447-thread-1] INFO  server.RaftServerConfigKeys (ConfUtils.java:logGet(43)) - raft.server.sleep.deviation.threshold = 300 (default)
2019-09-28 01:20:11,729 [pool-447-thread-1] INFO  server.RaftServerConfigKeys (ConfUtils.java:logGet(43)) - raft.server.log.appender.install.snapshot.enabled = false (custom)
2019-09-28 01:20:11,729 [pool-447-thread-1] INFO  impl.RaftServerImpl (ServerState.java:<init>(103)) - 01a90e73-792d-4935-bbf3-5d3894bf13f0@group-FAC356F7D0AE: ConfigurationManager, init=-1: [01a90e73-792d-4935-bbf3-5d3894bf13f0:192.168.151.82:37184], old=null, confs=<EMPTY_MAP>
2019-09-28 01:20:11,730 [pool-447-thread-1] INFO  server.RaftServerConfigKeys (ConfUtils.java:logGet(43)) - raft.server.storage.dir = [/workdir/hadoop-ozone/integration-test/target/test-dir/MiniOzoneClusterImpl-af2566c7-5146-4045-9885-51dcdbd53a0d/datanode-6/data/ratis] (custom)
2019-09-28 01:20:11,730 [pool-447-thread-1] INFO  storage.RaftStorageDirectory (RaftStorageDirectory.java:analyzeStorage(246)) - The storage directory /workdir/hadoop-ozone/integration-test/target/test-dir/MiniOzoneClusterImpl-af2566c7-5146-4045-9885-51dcdbd53a0d/datanode-6/data/ratis/9b142a60-701d-471b-9dc8-fac356f7d0ae does not exist. Creating ...
2019-09-28 01:20:11,743 [pool-447-thread-1] INFO  storage.RaftStorageDirectory (RaftStorageDirectory.java:tryLock(328)) - Lock on /workdir/hadoop-ozone/integration-test/target/test-dir/MiniOzoneClusterImpl-af2566c7-5146-4045-9885-51dcdbd53a0d/datanode-6/data/ratis/9b142a60-701d-471b-9dc8-fac356f7d0ae/in_use.lock acquired by nodename 30873@pr-hdds-2162-8g7kw-3348123894
2019-09-28 01:20:11,756 [pool-447-thread-1] INFO  storage.RaftStorage (RaftStorage.java:format(72)) - Storage directory /workdir/hadoop-ozone/integration-test/target/test-dir/MiniOzoneClusterImpl-af2566c7-5146-4045-9885-51dcdbd53a0d/datanode-6/data/ratis/9b142a60-701d-471b-9dc8-fac356f7d0ae has been successfully formatted.
2019-09-28 01:20:11,756 [pool-447-thread-1] INFO  ratis.ContainerStateMachine (ContainerStateMachine.java:loadSnapshot(230)) - group-FAC356F7D0AE: The snapshot info is null. Setting the last applied indexto:(t:0, i:~)
2019-09-28 01:20:11,756 [pool-447-thread-1] INFO  server.RaftServerConfigKeys (ConfUtils.java:logGet(43)) - raft.server.notification.no-leader.timeout = 120s (custom)
2019-09-28 01:20:11,756 [pool-447-thread-1] INFO  server.RaftServerConfigKeys (ConfUtils.java:logGet(43)) - raft.server.log.use.memory = false (default)
2019-09-28 01:20:11,756 [pool-447-thread-1] INFO  server.RaftServerConfigKeys (ConfUtils.java:logGet(43)) - raft.server.log.purge.gap = 1000000 (custom)
2019-09-28 01:20:11,756 [pool-447-thread-1] INFO  server.RaftServerConfigKeys (ConfUtils.java:logGet(43)) - raft.server.log.appender.buffer.byte-limit = 33554432 (custom)
2019-09-28 01:20:11,757 [pool-447-thread-1] INFO  server.RaftServerConfigKeys (ConfUtils.java:logGet(43)) - raft.server.log.segment.size.max = 1048576 (custom)
2019-09-28 01:20:11,757 [pool-447-thread-1] INFO  server.RaftServerConfigKeys (ConfUtils.java:logGet(43)) - raft.server.log.segment.cache.num.max = 2 (custom)
2019-09-28 01:20:11,757 [pool-447-thread-1] INFO  segmented.SegmentedRaftLogWorker (SegmentedRaftLogWorker.java:<init>(172)) - new 01a90e73-792d-4935-bbf3-5d3894bf13f0@group-FAC356F7D0AE-SegmentedRaftLogWorker for RaftStorage:Storage Directory /workdir/hadoop-ozone/integration-test/target/test-dir/MiniOzoneClusterImpl-af2566c7-5146-4045-9885-51dcdbd53a0d/datanode-6/data/ratis/9b142a60-701d-471b-9dc8-fac356f7d0ae
2019-09-28 01:20:11,758 [pool-447-thread-1] INFO  server.RaftServerConfigKeys (ConfUtils.java:logGet(43)) - raft.server.log.queue.byte-limit = 2147483647 (custom)
2019-09-28 01:20:11,759 [pool-447-thread-1] INFO  server.RaftServerConfigKeys (ConfUtils.java:logGet(43)) - raft.server.log.queue.element-limit = 1024 (custom)
2019-09-28 01:20:11,759 [pool-447-thread-1] INFO  server.RaftServerConfigKeys (ConfUtils.java:logGet(43)) - raft.server.log.segment.size.max = 1048576 (custom)
2019-09-28 01:20:11,759 [pool-447-thread-1] INFO  server.RaftServerConfigKeys (ConfUtils.java:logGet(43)) - raft.server.log.preallocated.size = 16384 (custom)
2019-09-28 01:20:11,759 [pool-447-thread-1] INFO  server.RaftServerConfigKeys (ConfUtils.java:logGet(43)) - raft.server.log.write.buffer.size = 33554432 (custom)
2019-09-28 01:20:11,759 [pool-447-thread-1] INFO  server.RaftServerConfigKeys (ConfUtils.java:logGet(43)) - raft.server.log.force.sync.num = 128 (default)
2019-09-28 01:20:11,759 [pool-447-thread-1] INFO  server.RaftServerConfigKeys (ConfUtils.java:logGet(43)) - raft.server.log.statemachine.data.sync = true (default)
2019-09-28 01:20:11,759 [pool-447-thread-1] INFO  server.RaftServerConfigKeys (ConfUtils.java:logGet(43)) - raft.server.log.statemachine.data.sync.timeout = 10s (default)
2019-09-28 01:20:11,760 [pool-447-thread-1] INFO  server.RaftServerConfigKeys (ConfUtils.java:logGet(43)) - raft.server.log.statemachine.data.sync.timeout.retry = -1 (default)
2019-09-28 01:20:11,760 [pool-447-thread-1] INFO  server.RaftServerConfigKeys (ConfUtils.java:logGet(43)) - raft.server.log.statemachine.data.caching.enabled = true (custom)
2019-09-28 01:20:11,760 [pool-447-thread-1] INFO  segmented.SegmentedRaftLogWorker (SegmentedRaftLogWorker.java:lambda$new$0(132)) - 01a90e73-792d-4935-bbf3-5d3894bf13f0@group-FAC356F7D0AE-SegmentedRaftLogWorker: flushIndex: setUnconditionally 0 -> -1
2019-09-28 01:20:11,760 [pool-447-thread-1] INFO  server.RaftServerConfigKeys (ConfUtils.java:logGet(43)) - raft.server.snapshot.auto.trigger.enabled = true (custom)
2019-09-28 01:20:11,761 [pool-447-thread-1] INFO  server.RaftServerConfigKeys (ConfUtils.java:logGet(43)) - raft.server.snapshot.auto.trigger.threshold = 10000 (custom)
2019-09-28 01:20:11,761 [pool-447-thread-1] INFO  server.RaftServerConfigKeys (ConfUtils.java:logGet(43)) - raft.server.snapshot.retention.num.files = 5 (custom)
2019-09-28 01:20:11,761 [pool-447-thread-1] INFO  server.RaftServerConfigKeys (ConfUtils.java:logGet(43)) - raft.server.retrycache.expirytime = 600000ms (custom)
2019-09-28 01:20:11,762 [pool-447-thread-1] INFO  impl.RaftServerImpl (RaftServerImpl.java:start(185)) - 01a90e73-792d-4935-bbf3-5d3894bf13f0@group-FAC356F7D0AE: start as a follower, conf=-1: [01a90e73-792d-4935-bbf3-5d3894bf13f0:192.168.151.82:37184], old=null
2019-09-28 01:20:11,762 [pool-447-thread-1] INFO  impl.RaftServerImpl (RaftServerImpl.java:setRole(174)) - 01a90e73-792d-4935-bbf3-5d3894bf13f0@group-FAC356F7D0AE: changes role from      null to FOLLOWER at term 0 for startAsFollower
2019-09-28 01:20:11,763 [pool-447-thread-1] INFO  impl.RoleInfo (RoleInfo.java:updateAndGet(143)) - 01a90e73-792d-4935-bbf3-5d3894bf13f0: start FollowerState
2019-09-28 01:20:11,763 [pool-447-thread-1] INFO  util.JmxRegister (JmxRegister.java:tryRegister(44)) - Successfully registered JMX Bean with object name Ratis:service=RaftServer,group=group-FAC356F7D0AE,id=01a90e73-792d-4935-bbf3-5d3894bf13f0
2019-09-28 01:20:11,765 [RatisPipelineUtilsThread] INFO  pipeline.PipelineStateManager (PipelineStateManager.java:addPipeline(56)) - Created pipeline Pipeline[ Id: 9b142a60-701d-471b-9dc8-fac356f7d0ae, Nodes: 01a90e73-792d-4935-bbf3-5d3894bf13f0{ip: 192.168.151.82, host: pr-hdds-2162-8g7kw-3348123894, networkLocation: /rack1, certSerialId: null}, Type:RATIS, Factor:ONE, State:OPEN]
2019-09-28 01:20:11,777 [grpc-default-executor-0] INFO  impl.RaftServerProxy (RaftServerProxy.java:addNew(89)) - 0de61bcb-7b56-4d90-a285-7cc413e35ce2: addNew group-E4AD2076B689:[0de61bcb-7b56-4d90-a285-7cc413e35ce2:192.168.151.82:35804] returns group-E4AD2076B689:java.util.concurrent.CompletableFuture@7f514d7b[Not completed]
2019-09-28 01:20:11,778 [pool-417-thread-1] INFO  impl.RaftServerImpl (RaftServerImpl.java:<init>(95)) - 0de61bcb-7b56-4d90-a285-7cc413e35ce2: new RaftServerImpl for group-E4AD2076B689:[0de61bcb-7b56-4d90-a285-7cc413e35ce2:192.168.151.82:35804] with ContainerStateMachine:uninitialized
2019-09-28 01:20:11,779 [pool-417-thread-1] INFO  server.RaftServerConfigKeys (ConfUtils.java:logGet(43)) - raft.server.rpc.timeout.min = 1s (custom)
2019-09-28 01:20:11,779 [pool-417-thread-1] INFO  server.RaftServerConfigKeys (ConfUtils.java:logGet(43)) - raft.server.rpc.timeout.max = 1200ms (custom)
2019-09-28 01:20:11,779 [pool-417-thread-1] INFO  server.RaftServerConfigKeys (ConfUtils.java:logGet(43)) - raft.server.rpcslowness.timeout = 120s (custom)
2019-09-28 01:20:11,779 [pool-417-thread-1] INFO  server.RaftServerConfigKeys (ConfUtils.java:logGet(43)) - raft.server.sleep.deviation.threshold = 300 (default)
2019-09-28 01:20:11,779 [pool-417-thread-1] INFO  server.RaftServerConfigKeys (ConfUtils.java:logGet(43)) - raft.server.log.appender.install.snapshot.enabled = false (custom)
2019-09-28 01:20:11,779 [pool-417-thread-1] INFO  impl.RaftServerImpl (ServerState.java:<init>(103)) - 0de61bcb-7b56-4d90-a285-7cc413e35ce2@group-E4AD2076B689: ConfigurationManager, init=-1: [0de61bcb-7b56-4d90-a285-7cc413e35ce2:192.168.151.82:35804], old=null, confs=<EMPTY_MAP>
2019-09-28 01:20:11,780 [pool-417-thread-1] INFO  server.RaftServerConfigKeys (ConfUtils.java:logGet(43)) - raft.server.storage.dir = [/workdir/hadoop-ozone/integration-test/target/test-dir/MiniOzoneClusterImpl-af2566c7-5146-4045-9885-51dcdbd53a0d/datanode-3/data/ratis] (custom)
2019-09-28 01:20:11,780 [pool-417-thread-1] INFO  storage.RaftStorageDirectory (RaftStorageDirectory.java:analyzeStorage(246)) - The storage directory /workdir/hadoop-ozone/integration-test/target/test-dir/MiniOzoneClusterImpl-af2566c7-5146-4045-9885-51dcdbd53a0d/datanode-3/data/ratis/6ea3b523-e802-48f3-a688-e4ad2076b689 does not exist. Creating ...
2019-09-28 01:20:11,783 [IPC Server handler 5 on 34519] INFO  net.NetworkTopology (NetworkTopologyImpl.java:add(111)) - Added a new node: /rack1/6882fb80-f7ef-4730-ad10-ebcfa4f7520d
2019-09-28 01:20:11,783 [IPC Server handler 5 on 34519] INFO  node.SCMNodeManager (SCMNodeManager.java:register(266)) - Registered Data node : 6882fb80-f7ef-4730-ad10-ebcfa4f7520d{ip: 192.168.151.82, host: pr-hdds-2162-8g7kw-3348123894, networkLocation: /rack1, certSerialId: null}
2019-09-28 01:20:11,792 [pool-417-thread-1] INFO  storage.RaftStorageDirectory (RaftStorageDirectory.java:tryLock(328)) - Lock on /workdir/hadoop-ozone/integration-test/target/test-dir/MiniOzoneClusterImpl-af2566c7-5146-4045-9885-51dcdbd53a0d/datanode-3/data/ratis/6ea3b523-e802-48f3-a688-e4ad2076b689/in_use.lock acquired by nodename 30873@pr-hdds-2162-8g7kw-3348123894
2019-09-28 01:20:11,805 [pool-417-thread-1] INFO  storage.RaftStorage (RaftStorage.java:format(72)) - Storage directory /workdir/hadoop-ozone/integration-test/target/test-dir/MiniOzoneClusterImpl-af2566c7-5146-4045-9885-51dcdbd53a0d/datanode-3/data/ratis/6ea3b523-e802-48f3-a688-e4ad2076b689 has been successfully formatted.
2019-09-28 01:20:11,805 [pool-417-thread-1] INFO  ratis.ContainerStateMachine (ContainerStateMachine.java:loadSnapshot(230)) - group-E4AD2076B689: The snapshot info is null. Setting the last applied indexto:(t:0, i:~)
2019-09-28 01:20:11,805 [pool-417-thread-1] INFO  server.RaftServerConfigKeys (ConfUtils.java:logGet(43)) - raft.server.notification.no-leader.timeout = 120s (custom)
2019-09-28 01:20:11,805 [pool-417-thread-1] INFO  server.RaftServerConfigKeys (ConfUtils.java:logGet(43)) - raft.server.log.use.memory = false (default)
2019-09-28 01:20:11,805 [pool-417-thread-1] INFO  server.RaftServerConfigKeys (ConfUtils.java:logGet(43)) - raft.server.log.purge.gap = 1000000 (custom)
2019-09-28 01:20:11,806 [pool-417-thread-1] INFO  server.RaftServerConfigKeys (ConfUtils.java:logGet(43)) - raft.server.log.appender.buffer.byte-limit = 33554432 (custom)
2019-09-28 01:20:11,806 [pool-417-thread-1] INFO  server.RaftServerConfigKeys (ConfUtils.java:logGet(43)) - raft.server.log.segment.size.max = 1048576 (custom)
2019-09-28 01:20:11,806 [pool-417-thread-1] INFO  server.RaftServerConfigKeys (ConfUtils.java:logGet(43)) - raft.server.log.segment.cache.num.max = 2 (custom)
2019-09-28 01:20:11,806 [pool-417-thread-1] INFO  segmented.SegmentedRaftLogWorker (SegmentedRaftLogWorker.java:<init>(172)) - new 0de61bcb-7b56-4d90-a285-7cc413e35ce2@group-E4AD2076B689-SegmentedRaftLogWorker for RaftStorage:Storage Directory /workdir/hadoop-ozone/integration-test/target/test-dir/MiniOzoneClusterImpl-af2566c7-5146-4045-9885-51dcdbd53a0d/datanode-3/data/ratis/6ea3b523-e802-48f3-a688-e4ad2076b689
2019-09-28 01:20:11,808 [pool-417-thread-1] INFO  server.RaftServerConfigKeys (ConfUtils.java:logGet(43)) - raft.server.log.queue.byte-limit = 2147483647 (custom)
2019-09-28 01:20:11,808 [pool-417-thread-1] INFO  server.RaftServerConfigKeys (ConfUtils.java:logGet(43)) - raft.server.log.queue.element-limit = 1024 (custom)
2019-09-28 01:20:11,808 [pool-417-thread-1] INFO  server.RaftServerConfigKeys (ConfUtils.java:logGet(43)) - raft.server.log.segment.size.max = 1048576 (custom)
2019-09-28 01:20:11,809 [pool-417-thread-1] INFO  server.RaftServerConfigKeys (ConfUtils.java:logGet(43)) - raft.server.log.preallocated.size = 16384 (custom)
2019-09-28 01:20:11,809 [pool-417-thread-1] INFO  server.RaftServerConfigKeys (ConfUtils.java:logGet(43)) - raft.server.log.write.buffer.size = 33554432 (custom)
2019-09-28 01:20:11,809 [pool-417-thread-1] INFO  server.RaftServerConfigKeys (ConfUtils.java:logGet(43)) - raft.server.log.force.sync.num = 128 (default)
2019-09-28 01:20:11,809 [pool-417-thread-1] INFO  server.RaftServerConfigKeys (ConfUtils.java:logGet(43)) - raft.server.log.statemachine.data.sync = true (default)
2019-09-28 01:20:11,809 [pool-417-thread-1] INFO  server.RaftServerConfigKeys (ConfUtils.java:logGet(43)) - raft.server.log.statemachine.data.sync.timeout = 10s (default)
2019-09-28 01:20:11,809 [pool-417-thread-1] INFO  server.RaftServerConfigKeys (ConfUtils.java:logGet(43)) - raft.server.log.statemachine.data.sync.timeout.retry = -1 (default)
2019-09-28 01:20:11,810 [pool-417-thread-1] INFO  server.RaftServerConfigKeys (ConfUtils.java:logGet(43)) - raft.server.log.statemachine.data.caching.enabled = true (custom)
2019-09-28 01:20:11,810 [pool-417-thread-1] INFO  segmented.SegmentedRaftLogWorker (SegmentedRaftLogWorker.java:lambda$new$0(132)) - 0de61bcb-7b56-4d90-a285-7cc413e35ce2@group-E4AD2076B689-SegmentedRaftLogWorker: flushIndex: setUnconditionally 0 -> -1
2019-09-28 01:20:11,810 [pool-417-thread-1] INFO  server.RaftServerConfigKeys (ConfUtils.java:logGet(43)) - raft.server.snapshot.auto.trigger.enabled = true (custom)
2019-09-28 01:20:11,810 [pool-417-thread-1] INFO  server.RaftServerConfigKeys (ConfUtils.java:logGet(43)) - raft.server.snapshot.auto.trigger.threshold = 10000 (custom)
2019-09-28 01:20:11,811 [pool-417-thread-1] INFO  server.RaftServerConfigKeys (ConfUtils.java:logGet(43)) - raft.server.snapshot.retention.num.files = 5 (custom)
2019-09-28 01:20:11,811 [pool-417-thread-1] INFO  server.RaftServerConfigKeys (ConfUtils.java:logGet(43)) - raft.server.retrycache.expirytime = 600000ms (custom)
2019-09-28 01:20:11,813 [pool-417-thread-1] INFO  impl.RaftServerImpl (RaftServerImpl.java:start(185)) - 0de61bcb-7b56-4d90-a285-7cc413e35ce2@group-E4AD2076B689: start as a follower, conf=-1: [0de61bcb-7b56-4d90-a285-7cc413e35ce2:192.168.151.82:35804], old=null
2019-09-28 01:20:11,813 [pool-417-thread-1] INFO  impl.RaftServerImpl (RaftServerImpl.java:setRole(174)) - 0de61bcb-7b56-4d90-a285-7cc413e35ce2@group-E4AD2076B689: changes role from      null to FOLLOWER at term 0 for startAsFollower
2019-09-28 01:20:11,813 [pool-417-thread-1] INFO  impl.RoleInfo (RoleInfo.java:updateAndGet(143)) - 0de61bcb-7b56-4d90-a285-7cc413e35ce2: start FollowerState
2019-09-28 01:20:11,814 [pool-417-thread-1] INFO  util.JmxRegister (JmxRegister.java:tryRegister(44)) - Successfully registered JMX Bean with object name Ratis:service=RaftServer,group=group-E4AD2076B689,id=0de61bcb-7b56-4d90-a285-7cc413e35ce2
2019-09-28 01:20:11,816 [RatisPipelineUtilsThread] INFO  pipeline.PipelineStateManager (PipelineStateManager.java:addPipeline(56)) - Created pipeline Pipeline[ Id: 6ea3b523-e802-48f3-a688-e4ad2076b689, Nodes: 0de61bcb-7b56-4d90-a285-7cc413e35ce2{ip: 192.168.151.82, host: pr-hdds-2162-8g7kw-3348123894, networkLocation: /rack1, certSerialId: null}, Type:RATIS, Factor:ONE, State:OPEN]
2019-09-28 01:20:11,825 [grpc-default-executor-0] INFO  impl.RaftServerProxy (RaftServerProxy.java:addNew(89)) - 6882fb80-f7ef-4730-ad10-ebcfa4f7520d: addNew group-BF1E1E5E7E12:[6882fb80-f7ef-4730-ad10-ebcfa4f7520d:192.168.151.82:39537] returns group-BF1E1E5E7E12:java.util.concurrent.CompletableFuture@37eacb43[Not completed]
2019-09-28 01:20:11,827 [pool-457-thread-1] INFO  impl.RaftServerImpl (RaftServerImpl.java:<init>(95)) - 6882fb80-f7ef-4730-ad10-ebcfa4f7520d: new RaftServerImpl for group-BF1E1E5E7E12:[6882fb80-f7ef-4730-ad10-ebcfa4f7520d:192.168.151.82:39537] with ContainerStateMachine:uninitialized
2019-09-28 01:20:11,827 [pool-457-thread-1] INFO  server.RaftServerConfigKeys (ConfUtils.java:logGet(43)) - raft.server.rpc.timeout.min = 1s (custom)
2019-09-28 01:20:11,827 [pool-457-thread-1] INFO  server.RaftServerConfigKeys (ConfUtils.java:logGet(43)) - raft.server.rpc.timeout.max = 1200ms (custom)
2019-09-28 01:20:11,827 [pool-457-thread-1] INFO  server.RaftServerConfigKeys (ConfUtils.java:logGet(43)) - raft.server.rpcslowness.timeout = 120s (custom)
2019-09-28 01:20:11,827 [pool-457-thread-1] INFO  server.RaftServerConfigKeys (ConfUtils.java:logGet(43)) - raft.server.sleep.deviation.threshold = 300 (default)
2019-09-28 01:20:11,827 [pool-457-thread-1] INFO  server.RaftServerConfigKeys (ConfUtils.java:logGet(43)) - raft.server.log.appender.install.snapshot.enabled = false (custom)
2019-09-28 01:20:11,828 [pool-457-thread-1] INFO  impl.RaftServerImpl (ServerState.java:<init>(103)) - 6882fb80-f7ef-4730-ad10-ebcfa4f7520d@group-BF1E1E5E7E12: ConfigurationManager, init=-1: [6882fb80-f7ef-4730-ad10-ebcfa4f7520d:192.168.151.82:39537], old=null, confs=<EMPTY_MAP>
2019-09-28 01:20:11,828 [pool-457-thread-1] INFO  server.RaftServerConfigKeys (ConfUtils.java:logGet(43)) - raft.server.storage.dir = [/workdir/hadoop-ozone/integration-test/target/test-dir/MiniOzoneClusterImpl-af2566c7-5146-4045-9885-51dcdbd53a0d/datanode-7/data/ratis] (custom)
2019-09-28 01:20:11,828 [pool-457-thread-1] INFO  storage.RaftStorageDirectory (RaftStorageDirectory.java:analyzeStorage(246)) - The storage directory /workdir/hadoop-ozone/integration-test/target/test-dir/MiniOzoneClusterImpl-af2566c7-5146-4045-9885-51dcdbd53a0d/datanode-7/data/ratis/68980ede-d22c-45f4-baa2-bf1e1e5e7e12 does not exist. Creating ...
2019-09-28 01:20:11,841 [pool-457-thread-1] INFO  storage.RaftStorageDirectory (RaftStorageDirectory.java:tryLock(328)) - Lock on /workdir/hadoop-ozone/integration-test/target/test-dir/MiniOzoneClusterImpl-af2566c7-5146-4045-9885-51dcdbd53a0d/datanode-7/data/ratis/68980ede-d22c-45f4-baa2-bf1e1e5e7e12/in_use.lock acquired by nodename 30873@pr-hdds-2162-8g7kw-3348123894
2019-09-28 01:20:11,854 [pool-457-thread-1] INFO  storage.RaftStorage (RaftStorage.java:format(72)) - Storage directory /workdir/hadoop-ozone/integration-test/target/test-dir/MiniOzoneClusterImpl-af2566c7-5146-4045-9885-51dcdbd53a0d/datanode-7/data/ratis/68980ede-d22c-45f4-baa2-bf1e1e5e7e12 has been successfully formatted.
2019-09-28 01:20:11,855 [pool-457-thread-1] INFO  ratis.ContainerStateMachine (ContainerStateMachine.java:loadSnapshot(230)) - group-BF1E1E5E7E12: The snapshot info is null. Setting the last applied indexto:(t:0, i:~)
2019-09-28 01:20:11,855 [pool-457-thread-1] INFO  server.RaftServerConfigKeys (ConfUtils.java:logGet(43)) - raft.server.notification.no-leader.timeout = 120s (custom)
2019-09-28 01:20:11,855 [pool-457-thread-1] INFO  server.RaftServerConfigKeys (ConfUtils.java:logGet(43)) - raft.server.log.use.memory = false (default)
2019-09-28 01:20:11,855 [pool-457-thread-1] INFO  server.RaftServerConfigKeys (ConfUtils.java:logGet(43)) - raft.server.log.purge.gap = 1000000 (custom)
2019-09-28 01:20:11,855 [pool-457-thread-1] INFO  server.RaftServerConfigKeys (ConfUtils.java:logGet(43)) - raft.server.log.appender.buffer.byte-limit = 33554432 (custom)
2019-09-28 01:20:11,855 [pool-457-thread-1] INFO  server.RaftServerConfigKeys (ConfUtils.java:logGet(43)) - raft.server.log.segment.size.max = 1048576 (custom)
2019-09-28 01:20:11,856 [pool-457-thread-1] INFO  server.RaftServerConfigKeys (ConfUtils.java:logGet(43)) - raft.server.log.segment.cache.num.max = 2 (custom)
2019-09-28 01:20:11,856 [pool-457-thread-1] INFO  segmented.SegmentedRaftLogWorker (SegmentedRaftLogWorker.java:<init>(172)) - new 6882fb80-f7ef-4730-ad10-ebcfa4f7520d@group-BF1E1E5E7E12-SegmentedRaftLogWorker for RaftStorage:Storage Directory /workdir/hadoop-ozone/integration-test/target/test-dir/MiniOzoneClusterImpl-af2566c7-5146-4045-9885-51dcdbd53a0d/datanode-7/data/ratis/68980ede-d22c-45f4-baa2-bf1e1e5e7e12
2019-09-28 01:20:11,858 [pool-457-thread-1] INFO  server.RaftServerConfigKeys (ConfUtils.java:logGet(43)) - raft.server.log.queue.byte-limit = 2147483647 (custom)
2019-09-28 01:20:11,858 [pool-457-thread-1] INFO  server.RaftServerConfigKeys (ConfUtils.java:logGet(43)) - raft.server.log.queue.element-limit = 1024 (custom)
2019-09-28 01:20:11,858 [pool-457-thread-1] INFO  server.RaftServerConfigKeys (ConfUtils.java:logGet(43)) - raft.server.log.segment.size.max = 1048576 (custom)
2019-09-28 01:20:11,858 [pool-457-thread-1] INFO  server.RaftServerConfigKeys (ConfUtils.java:logGet(43)) - raft.server.log.preallocated.size = 16384 (custom)
2019-09-28 01:20:11,859 [pool-457-thread-1] INFO  server.RaftServerConfigKeys (ConfUtils.java:logGet(43)) - raft.server.log.write.buffer.size = 33554432 (custom)
2019-09-28 01:20:11,859 [pool-457-thread-1] INFO  server.RaftServerConfigKeys (ConfUtils.java:logGet(43)) - raft.server.log.force.sync.num = 128 (default)
2019-09-28 01:20:11,859 [pool-457-thread-1] INFO  server.RaftServerConfigKeys (ConfUtils.java:logGet(43)) - raft.server.log.statemachine.data.sync = true (default)
2019-09-28 01:20:11,859 [pool-457-thread-1] INFO  server.RaftServerConfigKeys (ConfUtils.java:logGet(43)) - raft.server.log.statemachine.data.sync.timeout = 10s (default)
2019-09-28 01:20:11,859 [pool-457-thread-1] INFO  server.RaftServerConfigKeys (ConfUtils.java:logGet(43)) - raft.server.log.statemachine.data.sync.timeout.retry = -1 (default)
2019-09-28 01:20:11,859 [pool-457-thread-1] INFO  server.RaftServerConfigKeys (ConfUtils.java:logGet(43)) - raft.server.log.statemachine.data.caching.enabled = true (custom)
2019-09-28 01:20:11,860 [pool-457-thread-1] INFO  segmented.SegmentedRaftLogWorker (SegmentedRaftLogWorker.java:lambda$new$0(132)) - 6882fb80-f7ef-4730-ad10-ebcfa4f7520d@group-BF1E1E5E7E12-SegmentedRaftLogWorker: flushIndex: setUnconditionally 0 -> -1
2019-09-28 01:20:11,860 [pool-457-thread-1] INFO  server.RaftServerConfigKeys (ConfUtils.java:logGet(43)) - raft.server.snapshot.auto.trigger.enabled = true (custom)
2019-09-28 01:20:11,860 [pool-457-thread-1] INFO  server.RaftServerConfigKeys (ConfUtils.java:logGet(43)) - raft.server.snapshot.auto.trigger.threshold = 10000 (custom)
2019-09-28 01:20:11,860 [pool-457-thread-1] INFO  server.RaftServerConfigKeys (ConfUtils.java:logGet(43)) - raft.server.snapshot.retention.num.files = 5 (custom)
2019-09-28 01:20:11,861 [pool-457-thread-1] INFO  server.RaftServerConfigKeys (ConfUtils.java:logGet(43)) - raft.server.retrycache.expirytime = 600000ms (custom)
2019-09-28 01:20:11,862 [IPC Server handler 6 on 34519] INFO  net.NetworkTopology (NetworkTopologyImpl.java:add(111)) - Added a new node: /rack1/1966a829-263f-4752-b717-080d3fe051ab
2019-09-28 01:20:11,862 [IPC Server handler 6 on 34519] INFO  node.SCMNodeManager (SCMNodeManager.java:register(266)) - Registered Data node : 1966a829-263f-4752-b717-080d3fe051ab{ip: 192.168.151.82, host: pr-hdds-2162-8g7kw-3348123894, networkLocation: /rack1, certSerialId: null}
2019-09-28 01:20:11,862 [pool-457-thread-1] INFO  impl.RaftServerImpl (RaftServerImpl.java:start(185)) - 6882fb80-f7ef-4730-ad10-ebcfa4f7520d@group-BF1E1E5E7E12: start as a follower, conf=-1: [6882fb80-f7ef-4730-ad10-ebcfa4f7520d:192.168.151.82:39537], old=null
2019-09-28 01:20:11,862 [pool-457-thread-1] INFO  impl.RaftServerImpl (RaftServerImpl.java:setRole(174)) - 6882fb80-f7ef-4730-ad10-ebcfa4f7520d@group-BF1E1E5E7E12: changes role from      null to FOLLOWER at term 0 for startAsFollower
2019-09-28 01:20:11,863 [pool-457-thread-1] INFO  impl.RoleInfo (RoleInfo.java:updateAndGet(143)) - 6882fb80-f7ef-4730-ad10-ebcfa4f7520d: start FollowerState
2019-09-28 01:20:11,863 [pool-457-thread-1] INFO  util.JmxRegister (JmxRegister.java:tryRegister(44)) - Successfully registered JMX Bean with object name Ratis:service=RaftServer,group=group-BF1E1E5E7E12,id=6882fb80-f7ef-4730-ad10-ebcfa4f7520d
2019-09-28 01:20:11,865 [RatisPipelineUtilsThread] INFO  pipeline.PipelineStateManager (PipelineStateManager.java:addPipeline(56)) - Created pipeline Pipeline[ Id: 68980ede-d22c-45f4-baa2-bf1e1e5e7e12, Nodes: 6882fb80-f7ef-4730-ad10-ebcfa4f7520d{ip: 192.168.151.82, host: pr-hdds-2162-8g7kw-3348123894, networkLocation: /rack1, certSerialId: null}, Type:RATIS, Factor:ONE, State:OPEN]
2019-09-28 01:20:11,878 [grpc-default-executor-0] INFO  impl.RaftServerProxy (RaftServerProxy.java:addNew(89)) - 1966a829-263f-4752-b717-080d3fe051ab: addNew group-4DC6CF445378:[1966a829-263f-4752-b717-080d3fe051ab:192.168.151.82:34214] returns group-4DC6CF445378:java.util.concurrent.CompletableFuture@352597b7[Not completed]
2019-09-28 01:20:11,879 [pool-467-thread-1] INFO  impl.RaftServerImpl (RaftServerImpl.java:<init>(95)) - 1966a829-263f-4752-b717-080d3fe051ab: new RaftServerImpl for group-4DC6CF445378:[1966a829-263f-4752-b717-080d3fe051ab:192.168.151.82:34214] with ContainerStateMachine:uninitialized
2019-09-28 01:20:11,879 [pool-467-thread-1] INFO  server.RaftServerConfigKeys (ConfUtils.java:logGet(43)) - raft.server.rpc.timeout.min = 1s (custom)
2019-09-28 01:20:11,879 [pool-467-thread-1] INFO  server.RaftServerConfigKeys (ConfUtils.java:logGet(43)) - raft.server.rpc.timeout.max = 1200ms (custom)
2019-09-28 01:20:11,879 [pool-467-thread-1] INFO  server.RaftServerConfigKeys (ConfUtils.java:logGet(43)) - raft.server.rpcslowness.timeout = 120s (custom)
2019-09-28 01:20:11,879 [pool-467-thread-1] INFO  server.RaftServerConfigKeys (ConfUtils.java:logGet(43)) - raft.server.sleep.deviation.threshold = 300 (default)
2019-09-28 01:20:11,879 [pool-467-thread-1] INFO  server.RaftServerConfigKeys (ConfUtils.java:logGet(43)) - raft.server.log.appender.install.snapshot.enabled = false (custom)
2019-09-28 01:20:11,880 [pool-467-thread-1] INFO  impl.RaftServerImpl (ServerState.java:<init>(103)) - 1966a829-263f-4752-b717-080d3fe051ab@group-4DC6CF445378: ConfigurationManager, init=-1: [1966a829-263f-4752-b717-080d3fe051ab:192.168.151.82:34214], old=null, confs=<EMPTY_MAP>
2019-09-28 01:20:11,880 [pool-467-thread-1] INFO  server.RaftServerConfigKeys (ConfUtils.java:logGet(43)) - raft.server.storage.dir = [/workdir/hadoop-ozone/integration-test/target/test-dir/MiniOzoneClusterImpl-af2566c7-5146-4045-9885-51dcdbd53a0d/datanode-8/data/ratis] (custom)
2019-09-28 01:20:11,880 [pool-467-thread-1] INFO  storage.RaftStorageDirectory (RaftStorageDirectory.java:analyzeStorage(246)) - The storage directory /workdir/hadoop-ozone/integration-test/target/test-dir/MiniOzoneClusterImpl-af2566c7-5146-4045-9885-51dcdbd53a0d/datanode-8/data/ratis/600463e5-d1eb-4607-909d-4dc6cf445378 does not exist. Creating ...
2019-09-28 01:20:11,899 [pool-467-thread-1] INFO  storage.RaftStorageDirectory (RaftStorageDirectory.java:tryLock(328)) - Lock on /workdir/hadoop-ozone/integration-test/target/test-dir/MiniOzoneClusterImpl-af2566c7-5146-4045-9885-51dcdbd53a0d/datanode-8/data/ratis/600463e5-d1eb-4607-909d-4dc6cf445378/in_use.lock acquired by nodename 30873@pr-hdds-2162-8g7kw-3348123894
2019-09-28 01:20:11,912 [pool-467-thread-1] INFO  storage.RaftStorage (RaftStorage.java:format(72)) - Storage directory /workdir/hadoop-ozone/integration-test/target/test-dir/MiniOzoneClusterImpl-af2566c7-5146-4045-9885-51dcdbd53a0d/datanode-8/data/ratis/600463e5-d1eb-4607-909d-4dc6cf445378 has been successfully formatted.
2019-09-28 01:20:11,912 [pool-467-thread-1] INFO  ratis.ContainerStateMachine (ContainerStateMachine.java:loadSnapshot(230)) - group-4DC6CF445378: The snapshot info is null. Setting the last applied indexto:(t:0, i:~)
2019-09-28 01:20:11,912 [pool-467-thread-1] INFO  server.RaftServerConfigKeys (ConfUtils.java:logGet(43)) - raft.server.notification.no-leader.timeout = 120s (custom)
2019-09-28 01:20:11,912 [pool-467-thread-1] INFO  server.RaftServerConfigKeys (ConfUtils.java:logGet(43)) - raft.server.log.use.memory = false (default)
2019-09-28 01:20:11,912 [pool-467-thread-1] INFO  server.RaftServerConfigKeys (ConfUtils.java:logGet(43)) - raft.server.log.purge.gap = 1000000 (custom)
2019-09-28 01:20:11,913 [pool-467-thread-1] INFO  server.RaftServerConfigKeys (ConfUtils.java:logGet(43)) - raft.server.log.appender.buffer.byte-limit = 33554432 (custom)
2019-09-28 01:20:11,913 [pool-467-thread-1] INFO  server.RaftServerConfigKeys (ConfUtils.java:logGet(43)) - raft.server.log.segment.size.max = 1048576 (custom)
2019-09-28 01:20:11,913 [pool-467-thread-1] INFO  server.RaftServerConfigKeys (ConfUtils.java:logGet(43)) - raft.server.log.segment.cache.num.max = 2 (custom)
2019-09-28 01:20:11,913 [pool-467-thread-1] INFO  segmented.SegmentedRaftLogWorker (SegmentedRaftLogWorker.java:<init>(172)) - new 1966a829-263f-4752-b717-080d3fe051ab@group-4DC6CF445378-SegmentedRaftLogWorker for RaftStorage:Storage Directory /workdir/hadoop-ozone/integration-test/target/test-dir/MiniOzoneClusterImpl-af2566c7-5146-4045-9885-51dcdbd53a0d/datanode-8/data/ratis/600463e5-d1eb-4607-909d-4dc6cf445378
2019-09-28 01:20:11,915 [pool-467-thread-1] INFO  server.RaftServerConfigKeys (ConfUtils.java:logGet(43)) - raft.server.log.queue.byte-limit = 2147483647 (custom)
2019-09-28 01:20:11,915 [pool-467-thread-1] INFO  server.RaftServerConfigKeys (ConfUtils.java:logGet(43)) - raft.server.log.queue.element-limit = 1024 (custom)
2019-09-28 01:20:11,915 [pool-467-thread-1] INFO  server.RaftServerConfigKeys (ConfUtils.java:logGet(43)) - raft.server.log.segment.size.max = 1048576 (custom)
2019-09-28 01:20:11,915 [pool-467-thread-1] INFO  server.RaftServerConfigKeys (ConfUtils.java:logGet(43)) - raft.server.log.preallocated.size = 16384 (custom)
2019-09-28 01:20:11,915 [pool-467-thread-1] INFO  server.RaftServerConfigKeys (ConfUtils.java:logGet(43)) - raft.server.log.write.buffer.size = 33554432 (custom)
2019-09-28 01:20:11,915 [pool-467-thread-1] INFO  server.RaftServerConfigKeys (ConfUtils.java:logGet(43)) - raft.server.log.force.sync.num = 128 (default)
2019-09-28 01:20:11,915 [pool-467-thread-1] INFO  server.RaftServerConfigKeys (ConfUtils.java:logGet(43)) - raft.server.log.statemachine.data.sync = true (default)
2019-09-28 01:20:11,915 [pool-467-thread-1] INFO  server.RaftServerConfigKeys (ConfUtils.java:logGet(43)) - raft.server.log.statemachine.data.sync.timeout = 10s (default)
2019-09-28 01:20:11,916 [pool-467-thread-1] INFO  server.RaftServerConfigKeys (ConfUtils.java:logGet(43)) - raft.server.log.statemachine.data.sync.timeout.retry = -1 (default)
2019-09-28 01:20:11,916 [pool-467-thread-1] INFO  server.RaftServerConfigKeys (ConfUtils.java:logGet(43)) - raft.server.log.statemachine.data.caching.enabled = true (custom)
2019-09-28 01:20:11,916 [pool-467-thread-1] INFO  segmented.SegmentedRaftLogWorker (SegmentedRaftLogWorker.java:lambda$new$0(132)) - 1966a829-263f-4752-b717-080d3fe051ab@group-4DC6CF445378-SegmentedRaftLogWorker: flushIndex: setUnconditionally 0 -> -1
2019-09-28 01:20:11,916 [pool-467-thread-1] INFO  server.RaftServerConfigKeys (ConfUtils.java:logGet(43)) - raft.server.snapshot.auto.trigger.enabled = true (custom)
2019-09-28 01:20:11,916 [pool-467-thread-1] INFO  server.RaftServerConfigKeys (ConfUtils.java:logGet(43)) - raft.server.snapshot.auto.trigger.threshold = 10000 (custom)
2019-09-28 01:20:11,917 [pool-467-thread-1] INFO  server.RaftServerConfigKeys (ConfUtils.java:logGet(43)) - raft.server.snapshot.retention.num.files = 5 (custom)
2019-09-28 01:20:11,917 [pool-467-thread-1] INFO  server.RaftServerConfigKeys (ConfUtils.java:logGet(43)) - raft.server.retrycache.expirytime = 600000ms (custom)
2019-09-28 01:20:11,921 [pool-467-thread-1] INFO  impl.RaftServerImpl (RaftServerImpl.java:start(185)) - 1966a829-263f-4752-b717-080d3fe051ab@group-4DC6CF445378: start as a follower, conf=-1: [1966a829-263f-4752-b717-080d3fe051ab:192.168.151.82:34214], old=null
2019-09-28 01:20:11,921 [pool-467-thread-1] INFO  impl.RaftServerImpl (RaftServerImpl.java:setRole(174)) - 1966a829-263f-4752-b717-080d3fe051ab@group-4DC6CF445378: changes role from      null to FOLLOWER at term 0 for startAsFollower
2019-09-28 01:20:11,921 [pool-467-thread-1] INFO  impl.RoleInfo (RoleInfo.java:updateAndGet(143)) - 1966a829-263f-4752-b717-080d3fe051ab: start FollowerState
2019-09-28 01:20:11,921 [pool-467-thread-1] INFO  util.JmxRegister (JmxRegister.java:tryRegister(44)) - Successfully registered JMX Bean with object name Ratis:service=RaftServer,group=group-4DC6CF445378,id=1966a829-263f-4752-b717-080d3fe051ab
2019-09-28 01:20:11,924 [RatisPipelineUtilsThread] INFO  pipeline.PipelineStateManager (PipelineStateManager.java:addPipeline(56)) - Created pipeline Pipeline[ Id: 600463e5-d1eb-4607-909d-4dc6cf445378, Nodes: 1966a829-263f-4752-b717-080d3fe051ab{ip: 192.168.151.82, host: pr-hdds-2162-8g7kw-3348123894, networkLocation: /rack1, certSerialId: null}, Type:RATIS, Factor:ONE, State:OPEN]
2019-09-28 01:20:11,934 [main] INFO  ozone.MiniOzoneClusterImpl (MiniOzoneClusterImpl.java:lambda$waitForClusterToBeReady$0(147)) - Waiting for cluster to be ready. Got 9 of 10 DN Heartbeats.
2019-09-28 01:20:11,935 [IPC Server handler 8 on 34519] INFO  net.NetworkTopology (NetworkTopologyImpl.java:add(111)) - Added a new node: /rack1/584b1f9e-1c1b-443b-8e2e-a6c41c3b24d1
2019-09-28 01:20:11,936 [IPC Server handler 8 on 34519] INFO  node.SCMNodeManager (SCMNodeManager.java:register(266)) - Registered Data node : 584b1f9e-1c1b-443b-8e2e-a6c41c3b24d1{ip: 192.168.151.82, host: pr-hdds-2162-8g7kw-3348123894, networkLocation: /rack1, certSerialId: null}
2019-09-28 01:20:11,936 [grpc-default-executor-1] INFO  impl.RaftServerProxy (RaftServerProxy.java:addNew(89)) - 01a90e73-792d-4935-bbf3-5d3894bf13f0: addNew group-6DBCB3E229B8:[01a90e73-792d-4935-bbf3-5d3894bf13f0:192.168.151.82:37184, 1966a829-263f-4752-b717-080d3fe051ab:192.168.151.82:34214, 6882fb80-f7ef-4730-ad10-ebcfa4f7520d:192.168.151.82:39537] returns group-6DBCB3E229B8:java.util.concurrent.CompletableFuture@31cafeb0[Not completed]
2019-09-28 01:20:11,936 [grpc-default-executor-2] INFO  impl.RaftServerProxy (RaftServerProxy.java:addNew(89)) - 6882fb80-f7ef-4730-ad10-ebcfa4f7520d: addNew group-6DBCB3E229B8:[01a90e73-792d-4935-bbf3-5d3894bf13f0:192.168.151.82:37184, 1966a829-263f-4752-b717-080d3fe051ab:192.168.151.82:34214, 6882fb80-f7ef-4730-ad10-ebcfa4f7520d:192.168.151.82:39537] returns group-6DBCB3E229B8:java.util.concurrent.CompletableFuture@265e362d[Not completed]
2019-09-28 01:20:11,936 [grpc-default-executor-0] INFO  impl.RaftServerProxy (RaftServerProxy.java:addNew(89)) - 1966a829-263f-4752-b717-080d3fe051ab: addNew group-6DBCB3E229B8:[01a90e73-792d-4935-bbf3-5d3894bf13f0:192.168.151.82:37184, 1966a829-263f-4752-b717-080d3fe051ab:192.168.151.82:34214, 6882fb80-f7ef-4730-ad10-ebcfa4f7520d:192.168.151.82:39537] returns group-6DBCB3E229B8:java.util.concurrent.CompletableFuture@3d2a2daf[Not completed]
2019-09-28 01:20:11,938 [pool-447-thread-1] INFO  impl.RaftServerImpl (RaftServerImpl.java:<init>(95)) - 01a90e73-792d-4935-bbf3-5d3894bf13f0: new RaftServerImpl for group-6DBCB3E229B8:[01a90e73-792d-4935-bbf3-5d3894bf13f0:192.168.151.82:37184, 1966a829-263f-4752-b717-080d3fe051ab:192.168.151.82:34214, 6882fb80-f7ef-4730-ad10-ebcfa4f7520d:192.168.151.82:39537] with ContainerStateMachine:uninitialized
2019-09-28 01:20:11,938 [pool-447-thread-1] INFO  server.RaftServerConfigKeys (ConfUtils.java:logGet(43)) - raft.server.rpc.timeout.min = 1s (custom)
2019-09-28 01:20:11,938 [pool-447-thread-1] INFO  server.RaftServerConfigKeys (ConfUtils.java:logGet(43)) - raft.server.rpc.timeout.max = 1200ms (custom)
2019-09-28 01:20:11,938 [pool-447-thread-1] INFO  server.RaftServerConfigKeys (ConfUtils.java:logGet(43)) - raft.server.rpcslowness.timeout = 120s (custom)
2019-09-28 01:20:11,938 [pool-447-thread-1] INFO  server.RaftServerConfigKeys (ConfUtils.java:logGet(43)) - raft.server.sleep.deviation.threshold = 300 (default)
2019-09-28 01:20:11,939 [pool-447-thread-1] INFO  server.RaftServerConfigKeys (ConfUtils.java:logGet(43)) - raft.server.log.appender.install.snapshot.enabled = false (custom)
2019-09-28 01:20:11,939 [pool-447-thread-1] INFO  impl.RaftServerImpl (ServerState.java:<init>(103)) - 01a90e73-792d-4935-bbf3-5d3894bf13f0@group-6DBCB3E229B8: ConfigurationManager, init=-1: [01a90e73-792d-4935-bbf3-5d3894bf13f0:192.168.151.82:37184, 1966a829-263f-4752-b717-080d3fe051ab:192.168.151.82:34214, 6882fb80-f7ef-4730-ad10-ebcfa4f7520d:192.168.151.82:39537], old=null, confs=<EMPTY_MAP>
2019-09-28 01:20:11,939 [pool-467-thread-1] INFO  impl.RaftServerImpl (RaftServerImpl.java:<init>(95)) - 1966a829-263f-4752-b717-080d3fe051ab: new RaftServerImpl for group-6DBCB3E229B8:[01a90e73-792d-4935-bbf3-5d3894bf13f0:192.168.151.82:37184, 1966a829-263f-4752-b717-080d3fe051ab:192.168.151.82:34214, 6882fb80-f7ef-4730-ad10-ebcfa4f7520d:192.168.151.82:39537] with ContainerStateMachine:uninitialized
2019-09-28 01:20:11,939 [pool-447-thread-1] INFO  server.RaftServerConfigKeys (ConfUtils.java:logGet(43)) - raft.server.storage.dir = [/workdir/hadoop-ozone/integration-test/target/test-dir/MiniOzoneClusterImpl-af2566c7-5146-4045-9885-51dcdbd53a0d/datanode-6/data/ratis] (custom)
2019-09-28 01:20:11,939 [pool-467-thread-1] INFO  server.RaftServerConfigKeys (ConfUtils.java:logGet(43)) - raft.server.rpc.timeout.min = 1s (custom)
2019-09-28 01:20:11,939 [pool-457-thread-1] INFO  impl.RaftServerImpl (RaftServerImpl.java:<init>(95)) - 6882fb80-f7ef-4730-ad10-ebcfa4f7520d: new RaftServerImpl for group-6DBCB3E229B8:[01a90e73-792d-4935-bbf3-5d3894bf13f0:192.168.151.82:37184, 1966a829-263f-4752-b717-080d3fe051ab:192.168.151.82:34214, 6882fb80-f7ef-4730-ad10-ebcfa4f7520d:192.168.151.82:39537] with ContainerStateMachine:uninitialized
2019-09-28 01:20:11,939 [pool-467-thread-1] INFO  server.RaftServerConfigKeys (ConfUtils.java:logGet(43)) - raft.server.rpc.timeout.max = 1200ms (custom)
2019-09-28 01:20:11,939 [pool-447-thread-1] INFO  storage.RaftStorageDirectory (RaftStorageDirectory.java:analyzeStorage(246)) - The storage directory /workdir/hadoop-ozone/integration-test/target/test-dir/MiniOzoneClusterImpl-af2566c7-5146-4045-9885-51dcdbd53a0d/datanode-6/data/ratis/ddc6123c-04c7-442a-b19a-6dbcb3e229b8 does not exist. Creating ...
2019-09-28 01:20:11,939 [pool-457-thread-1] INFO  server.RaftServerConfigKeys (ConfUtils.java:logGet(43)) - raft.server.rpc.timeout.min = 1s (custom)
2019-09-28 01:20:11,940 [pool-467-thread-1] INFO  server.RaftServerConfigKeys (ConfUtils.java:logGet(43)) - raft.server.rpcslowness.timeout = 120s (custom)
2019-09-28 01:20:11,940 [pool-457-thread-1] INFO  server.RaftServerConfigKeys (ConfUtils.java:logGet(43)) - raft.server.rpc.timeout.max = 1200ms (custom)
2019-09-28 01:20:11,940 [pool-467-thread-1] INFO  server.RaftServerConfigKeys (ConfUtils.java:logGet(43)) - raft.server.sleep.deviation.threshold = 300 (default)
2019-09-28 01:20:11,940 [pool-457-thread-1] INFO  server.RaftServerConfigKeys (ConfUtils.java:logGet(43)) - raft.server.rpcslowness.timeout = 120s (custom)
2019-09-28 01:20:11,940 [pool-467-thread-1] INFO  server.RaftServerConfigKeys (ConfUtils.java:logGet(43)) - raft.server.log.appender.install.snapshot.enabled = false (custom)
2019-09-28 01:20:11,940 [pool-457-thread-1] INFO  server.RaftServerConfigKeys (ConfUtils.java:logGet(43)) - raft.server.sleep.deviation.threshold = 300 (default)
2019-09-28 01:20:11,940 [pool-467-thread-1] INFO  impl.RaftServerImpl (ServerState.java:<init>(103)) - 1966a829-263f-4752-b717-080d3fe051ab@group-6DBCB3E229B8: ConfigurationManager, init=-1: [01a90e73-792d-4935-bbf3-5d3894bf13f0:192.168.151.82:37184, 1966a829-263f-4752-b717-080d3fe051ab:192.168.151.82:34214, 6882fb80-f7ef-4730-ad10-ebcfa4f7520d:192.168.151.82:39537], old=null, confs=<EMPTY_MAP>
2019-09-28 01:20:11,940 [pool-457-thread-1] INFO  server.RaftServerConfigKeys (ConfUtils.java:logGet(43)) - raft.server.log.appender.install.snapshot.enabled = false (custom)
2019-09-28 01:20:11,941 [pool-467-thread-1] INFO  server.RaftServerConfigKeys (ConfUtils.java:logGet(43)) - raft.server.storage.dir = [/workdir/hadoop-ozone/integration-test/target/test-dir/MiniOzoneClusterImpl-af2566c7-5146-4045-9885-51dcdbd53a0d/datanode-8/data/ratis] (custom)
2019-09-28 01:20:11,941 [pool-457-thread-1] INFO  impl.RaftServerImpl (ServerState.java:<init>(103)) - 6882fb80-f7ef-4730-ad10-ebcfa4f7520d@group-6DBCB3E229B8: ConfigurationManager, init=-1: [01a90e73-792d-4935-bbf3-5d3894bf13f0:192.168.151.82:37184, 1966a829-263f-4752-b717-080d3fe051ab:192.168.151.82:34214, 6882fb80-f7ef-4730-ad10-ebcfa4f7520d:192.168.151.82:39537], old=null, confs=<EMPTY_MAP>
2019-09-28 01:20:11,941 [pool-457-thread-1] INFO  server.RaftServerConfigKeys (ConfUtils.java:logGet(43)) - raft.server.storage.dir = [/workdir/hadoop-ozone/integration-test/target/test-dir/MiniOzoneClusterImpl-af2566c7-5146-4045-9885-51dcdbd53a0d/datanode-7/data/ratis] (custom)
2019-09-28 01:20:11,941 [pool-467-thread-1] INFO  storage.RaftStorageDirectory (RaftStorageDirectory.java:analyzeStorage(246)) - The storage directory /workdir/hadoop-ozone/integration-test/target/test-dir/MiniOzoneClusterImpl-af2566c7-5146-4045-9885-51dcdbd53a0d/datanode-8/data/ratis/ddc6123c-04c7-442a-b19a-6dbcb3e229b8 does not exist. Creating ...
2019-09-28 01:20:11,941 [pool-457-thread-1] INFO  storage.RaftStorageDirectory (RaftStorageDirectory.java:analyzeStorage(246)) - The storage directory /workdir/hadoop-ozone/integration-test/target/test-dir/MiniOzoneClusterImpl-af2566c7-5146-4045-9885-51dcdbd53a0d/datanode-7/data/ratis/ddc6123c-04c7-442a-b19a-6dbcb3e229b8 does not exist. Creating ...
2019-09-28 01:20:11,953 [pool-457-thread-1] INFO  storage.RaftStorageDirectory (RaftStorageDirectory.java:tryLock(328)) - Lock on /workdir/hadoop-ozone/integration-test/target/test-dir/MiniOzoneClusterImpl-af2566c7-5146-4045-9885-51dcdbd53a0d/datanode-7/data/ratis/ddc6123c-04c7-442a-b19a-6dbcb3e229b8/in_use.lock acquired by nodename 30873@pr-hdds-2162-8g7kw-3348123894
2019-09-28 01:20:11,953 [pool-447-thread-1] INFO  storage.RaftStorageDirectory (RaftStorageDirectory.java:tryLock(328)) - Lock on /workdir/hadoop-ozone/integration-test/target/test-dir/MiniOzoneClusterImpl-af2566c7-5146-4045-9885-51dcdbd53a0d/datanode-6/data/ratis/ddc6123c-04c7-442a-b19a-6dbcb3e229b8/in_use.lock acquired by nodename 30873@pr-hdds-2162-8g7kw-3348123894
2019-09-28 01:20:11,953 [pool-467-thread-1] INFO  storage.RaftStorageDirectory (RaftStorageDirectory.java:tryLock(328)) - Lock on /workdir/hadoop-ozone/integration-test/target/test-dir/MiniOzoneClusterImpl-af2566c7-5146-4045-9885-51dcdbd53a0d/datanode-8/data/ratis/ddc6123c-04c7-442a-b19a-6dbcb3e229b8/in_use.lock acquired by nodename 30873@pr-hdds-2162-8g7kw-3348123894
2019-09-28 01:20:11,966 [pool-447-thread-1] INFO  storage.RaftStorage (RaftStorage.java:format(72)) - Storage directory /workdir/hadoop-ozone/integration-test/target/test-dir/MiniOzoneClusterImpl-af2566c7-5146-4045-9885-51dcdbd53a0d/datanode-6/data/ratis/ddc6123c-04c7-442a-b19a-6dbcb3e229b8 has been successfully formatted.
2019-09-28 01:20:11,966 [pool-467-thread-1] INFO  storage.RaftStorage (RaftStorage.java:format(72)) - Storage directory /workdir/hadoop-ozone/integration-test/target/test-dir/MiniOzoneClusterImpl-af2566c7-5146-4045-9885-51dcdbd53a0d/datanode-8/data/ratis/ddc6123c-04c7-442a-b19a-6dbcb3e229b8 has been successfully formatted.
2019-09-28 01:20:11,966 [pool-457-thread-1] INFO  storage.RaftStorage (RaftStorage.java:format(72)) - Storage directory /workdir/hadoop-ozone/integration-test/target/test-dir/MiniOzoneClusterImpl-af2566c7-5146-4045-9885-51dcdbd53a0d/datanode-7/data/ratis/ddc6123c-04c7-442a-b19a-6dbcb3e229b8 has been successfully formatted.
2019-09-28 01:20:11,967 [pool-447-thread-1] INFO  ratis.ContainerStateMachine (ContainerStateMachine.java:loadSnapshot(230)) - group-6DBCB3E229B8: The snapshot info is null. Setting the last applied indexto:(t:0, i:~)
2019-09-28 01:20:11,967 [pool-457-thread-1] INFO  ratis.ContainerStateMachine (ContainerStateMachine.java:loadSnapshot(230)) - group-6DBCB3E229B8: The snapshot info is null. Setting the last applied indexto:(t:0, i:~)
2019-09-28 01:20:11,967 [pool-447-thread-1] INFO  server.RaftServerConfigKeys (ConfUtils.java:logGet(43)) - raft.server.notification.no-leader.timeout = 120s (custom)
2019-09-28 01:20:11,967 [pool-457-thread-1] INFO  server.RaftServerConfigKeys (ConfUtils.java:logGet(43)) - raft.server.notification.no-leader.timeout = 120s (custom)
2019-09-28 01:20:11,967 [pool-467-thread-1] INFO  ratis.ContainerStateMachine (ContainerStateMachine.java:loadSnapshot(230)) - group-6DBCB3E229B8: The snapshot info is null. Setting the last applied indexto:(t:0, i:~)
2019-09-28 01:20:11,967 [pool-447-thread-1] INFO  server.RaftServerConfigKeys (ConfUtils.java:logGet(43)) - raft.server.log.use.memory = false (default)
2019-09-28 01:20:11,968 [pool-467-thread-1] INFO  server.RaftServerConfigKeys (ConfUtils.java:logGet(43)) - raft.server.notification.no-leader.timeout = 120s (custom)
2019-09-28 01:20:11,968 [pool-457-thread-1] INFO  server.RaftServerConfigKeys (ConfUtils.java:logGet(43)) - raft.server.log.use.memory = false (default)
2019-09-28 01:20:11,968 [pool-467-thread-1] INFO  server.RaftServerConfigKeys (ConfUtils.java:logGet(43)) - raft.server.log.use.memory = false (default)
2019-09-28 01:20:11,968 [pool-447-thread-1] INFO  server.RaftServerConfigKeys (ConfUtils.java:logGet(43)) - raft.server.log.purge.gap = 1000000 (custom)
2019-09-28 01:20:11,968 [pool-467-thread-1] INFO  server.RaftServerConfigKeys (ConfUtils.java:logGet(43)) - raft.server.log.purge.gap = 1000000 (custom)
2019-09-28 01:20:11,968 [pool-457-thread-1] INFO  server.RaftServerConfigKeys (ConfUtils.java:logGet(43)) - raft.server.log.purge.gap = 1000000 (custom)
2019-09-28 01:20:11,968 [pool-467-thread-1] INFO  server.RaftServerConfigKeys (ConfUtils.java:logGet(43)) - raft.server.log.appender.buffer.byte-limit = 33554432 (custom)
2019-09-28 01:20:11,968 [pool-447-thread-1] INFO  server.RaftServerConfigKeys (ConfUtils.java:logGet(43)) - raft.server.log.appender.buffer.byte-limit = 33554432 (custom)
2019-09-28 01:20:11,969 [pool-467-thread-1] INFO  server.RaftServerConfigKeys (ConfUtils.java:logGet(43)) - raft.server.log.segment.size.max = 1048576 (custom)
2019-09-28 01:20:11,968 [pool-457-thread-1] INFO  server.RaftServerConfigKeys (ConfUtils.java:logGet(43)) - raft.server.log.appender.buffer.byte-limit = 33554432 (custom)
2019-09-28 01:20:11,969 [pool-467-thread-1] INFO  server.RaftServerConfigKeys (ConfUtils.java:logGet(43)) - raft.server.log.segment.cache.num.max = 2 (custom)
2019-09-28 01:20:11,969 [pool-447-thread-1] INFO  server.RaftServerConfigKeys (ConfUtils.java:logGet(43)) - raft.server.log.segment.size.max = 1048576 (custom)
2019-09-28 01:20:11,969 [pool-467-thread-1] INFO  segmented.SegmentedRaftLogWorker (SegmentedRaftLogWorker.java:<init>(172)) - new 1966a829-263f-4752-b717-080d3fe051ab@group-6DBCB3E229B8-SegmentedRaftLogWorker for RaftStorage:Storage Directory /workdir/hadoop-ozone/integration-test/target/test-dir/MiniOzoneClusterImpl-af2566c7-5146-4045-9885-51dcdbd53a0d/datanode-8/data/ratis/ddc6123c-04c7-442a-b19a-6dbcb3e229b8
2019-09-28 01:20:11,969 [pool-457-thread-1] INFO  server.RaftServerConfigKeys (ConfUtils.java:logGet(43)) - raft.server.log.segment.size.max = 1048576 (custom)
2019-09-28 01:20:11,969 [pool-467-thread-1] INFO  server.RaftServerConfigKeys (ConfUtils.java:logGet(43)) - raft.server.log.queue.byte-limit = 2147483647 (custom)
2019-09-28 01:20:11,969 [pool-467-thread-1] INFO  server.RaftServerConfigKeys (ConfUtils.java:logGet(43)) - raft.server.log.queue.element-limit = 1024 (custom)
2019-09-28 01:20:11,969 [pool-447-thread-1] INFO  server.RaftServerConfigKeys (ConfUtils.java:logGet(43)) - raft.server.log.segment.cache.num.max = 2 (custom)
2019-09-28 01:20:11,969 [pool-467-thread-1] INFO  server.RaftServerConfigKeys (ConfUtils.java:logGet(43)) - raft.server.log.segment.size.max = 1048576 (custom)
2019-09-28 01:20:11,969 [pool-457-thread-1] INFO  server.RaftServerConfigKeys (ConfUtils.java:logGet(43)) - raft.server.log.segment.cache.num.max = 2 (custom)
2019-09-28 01:20:11,970 [pool-467-thread-1] INFO  server.RaftServerConfigKeys (ConfUtils.java:logGet(43)) - raft.server.log.preallocated.size = 16384 (custom)
2019-09-28 01:20:11,970 [pool-467-thread-1] INFO  server.RaftServerConfigKeys (ConfUtils.java:logGet(43)) - raft.server.log.write.buffer.size = 33554432 (custom)
2019-09-28 01:20:11,970 [pool-447-thread-1] INFO  segmented.SegmentedRaftLogWorker (SegmentedRaftLogWorker.java:<init>(172)) - new 01a90e73-792d-4935-bbf3-5d3894bf13f0@group-6DBCB3E229B8-SegmentedRaftLogWorker for RaftStorage:Storage Directory /workdir/hadoop-ozone/integration-test/target/test-dir/MiniOzoneClusterImpl-af2566c7-5146-4045-9885-51dcdbd53a0d/datanode-6/data/ratis/ddc6123c-04c7-442a-b19a-6dbcb3e229b8
2019-09-28 01:20:11,970 [pool-467-thread-1] INFO  server.RaftServerConfigKeys (ConfUtils.java:logGet(43)) - raft.server.log.force.sync.num = 128 (default)
2019-09-28 01:20:11,970 [pool-457-thread-1] INFO  segmented.SegmentedRaftLogWorker (SegmentedRaftLogWorker.java:<init>(172)) - new 6882fb80-f7ef-4730-ad10-ebcfa4f7520d@group-6DBCB3E229B8-SegmentedRaftLogWorker for RaftStorage:Storage Directory /workdir/hadoop-ozone/integration-test/target/test-dir/MiniOzoneClusterImpl-af2566c7-5146-4045-9885-51dcdbd53a0d/datanode-7/data/ratis/ddc6123c-04c7-442a-b19a-6dbcb3e229b8
2019-09-28 01:20:11,970 [pool-467-thread-1] INFO  server.RaftServerConfigKeys (ConfUtils.java:logGet(43)) - raft.server.log.statemachine.data.sync = true (default)
2019-09-28 01:20:11,970 [pool-467-thread-1] INFO  server.RaftServerConfigKeys (ConfUtils.java:logGet(43)) - raft.server.log.statemachine.data.sync.timeout = 10s (default)
2019-09-28 01:20:11,970 [pool-447-thread-1] INFO  server.RaftServerConfigKeys (ConfUtils.java:logGet(43)) - raft.server.log.queue.byte-limit = 2147483647 (custom)
2019-09-28 01:20:11,971 [pool-467-thread-1] INFO  server.RaftServerConfigKeys (ConfUtils.java:logGet(43)) - raft.server.log.statemachine.data.sync.timeout.retry = -1 (default)
2019-09-28 01:20:11,970 [pool-457-thread-1] INFO  server.RaftServerConfigKeys (ConfUtils.java:logGet(43)) - raft.server.log.queue.byte-limit = 2147483647 (custom)
2019-09-28 01:20:11,971 [pool-467-thread-1] INFO  server.RaftServerConfigKeys (ConfUtils.java:logGet(43)) - raft.server.log.statemachine.data.caching.enabled = true (custom)
2019-09-28 01:20:11,971 [pool-447-thread-1] INFO  server.RaftServerConfigKeys (ConfUtils.java:logGet(43)) - raft.server.log.queue.element-limit = 1024 (custom)
2019-09-28 01:20:11,971 [pool-457-thread-1] INFO  server.RaftServerConfigKeys (ConfUtils.java:logGet(43)) - raft.server.log.queue.element-limit = 1024 (custom)
2019-09-28 01:20:11,971 [pool-467-thread-1] INFO  segmented.SegmentedRaftLogWorker (SegmentedRaftLogWorker.java:lambda$new$0(132)) - 1966a829-263f-4752-b717-080d3fe051ab@group-6DBCB3E229B8-SegmentedRaftLogWorker: flushIndex: setUnconditionally 0 -> -1
2019-09-28 01:20:11,971 [pool-447-thread-1] INFO  server.RaftServerConfigKeys (ConfUtils.java:logGet(43)) - raft.server.log.segment.size.max = 1048576 (custom)
2019-09-28 01:20:11,971 [pool-457-thread-1] INFO  server.RaftServerConfigKeys (ConfUtils.java:logGet(43)) - raft.server.log.segment.size.max = 1048576 (custom)
2019-09-28 01:20:11,972 [pool-467-thread-1] INFO  server.RaftServerConfigKeys (ConfUtils.java:logGet(43)) - raft.server.snapshot.auto.trigger.enabled = true (custom)
2019-09-28 01:20:11,972 [pool-447-thread-1] INFO  server.RaftServerConfigKeys (ConfUtils.java:logGet(43)) - raft.server.log.preallocated.size = 16384 (custom)
2019-09-28 01:20:11,972 [pool-467-thread-1] INFO  server.RaftServerConfigKeys (ConfUtils.java:logGet(43)) - raft.server.snapshot.auto.trigger.threshold = 10000 (custom)
2019-09-28 01:20:11,972 [pool-457-thread-1] INFO  server.RaftServerConfigKeys (ConfUtils.java:logGet(43)) - raft.server.log.preallocated.size = 16384 (custom)
2019-09-28 01:20:11,972 [pool-467-thread-1] INFO  server.RaftServerConfigKeys (ConfUtils.java:logGet(43)) - raft.server.snapshot.retention.num.files = 5 (custom)
2019-09-28 01:20:11,972 [pool-447-thread-1] INFO  server.RaftServerConfigKeys (ConfUtils.java:logGet(43)) - raft.server.log.write.buffer.size = 33554432 (custom)
2019-09-28 01:20:11,972 [pool-467-thread-1] INFO  server.RaftServerConfigKeys (ConfUtils.java:logGet(43)) - raft.server.retrycache.expirytime = 600000ms (custom)
2019-09-28 01:20:11,972 [pool-457-thread-1] INFO  server.RaftServerConfigKeys (ConfUtils.java:logGet(43)) - raft.server.log.write.buffer.size = 33554432 (custom)
2019-09-28 01:20:11,972 [pool-447-thread-1] INFO  server.RaftServerConfigKeys (ConfUtils.java:logGet(43)) - raft.server.log.force.sync.num = 128 (default)
2019-09-28 01:20:11,973 [pool-457-thread-1] INFO  server.RaftServerConfigKeys (ConfUtils.java:logGet(43)) - raft.server.log.force.sync.num = 128 (default)
2019-09-28 01:20:11,973 [pool-447-thread-1] INFO  server.RaftServerConfigKeys (ConfUtils.java:logGet(43)) - raft.server.log.statemachine.data.sync = true (default)
2019-09-28 01:20:11,973 [pool-457-thread-1] INFO  server.RaftServerConfigKeys (ConfUtils.java:logGet(43)) - raft.server.log.statemachine.data.sync = true (default)
2019-09-28 01:20:11,973 [pool-447-thread-1] INFO  server.RaftServerConfigKeys (ConfUtils.java:logGet(43)) - raft.server.log.statemachine.data.sync.timeout = 10s (default)
2019-09-28 01:20:11,973 [pool-457-thread-1] INFO  server.RaftServerConfigKeys (ConfUtils.java:logGet(43)) - raft.server.log.statemachine.data.sync.timeout = 10s (default)
2019-09-28 01:20:11,973 [pool-447-thread-1] INFO  server.RaftServerConfigKeys (ConfUtils.java:logGet(43)) - raft.server.log.statemachine.data.sync.timeout.retry = -1 (default)
2019-09-28 01:20:11,973 [pool-457-thread-1] INFO  server.RaftServerConfigKeys (ConfUtils.java:logGet(43)) - raft.server.log.statemachine.data.sync.timeout.retry = -1 (default)
2019-09-28 01:20:11,973 [pool-447-thread-1] INFO  server.RaftServerConfigKeys (ConfUtils.java:logGet(43)) - raft.server.log.statemachine.data.caching.enabled = true (custom)
2019-09-28 01:20:11,974 [pool-457-thread-1] INFO  server.RaftServerConfigKeys (ConfUtils.java:logGet(43)) - raft.server.log.statemachine.data.caching.enabled = true (custom)
2019-09-28 01:20:11,974 [pool-447-thread-1] INFO  segmented.SegmentedRaftLogWorker (SegmentedRaftLogWorker.java:lambda$new$0(132)) - 01a90e73-792d-4935-bbf3-5d3894bf13f0@group-6DBCB3E229B8-SegmentedRaftLogWorker: flushIndex: setUnconditionally 0 -> -1
2019-09-28 01:20:11,974 [pool-457-thread-1] INFO  segmented.SegmentedRaftLogWorker (SegmentedRaftLogWorker.java:lambda$new$0(132)) - 6882fb80-f7ef-4730-ad10-ebcfa4f7520d@group-6DBCB3E229B8-SegmentedRaftLogWorker: flushIndex: setUnconditionally 0 -> -1
2019-09-28 01:20:11,974 [pool-447-thread-1] INFO  server.RaftServerConfigKeys (ConfUtils.java:logGet(43)) - raft.server.snapshot.auto.trigger.enabled = true (custom)
2019-09-28 01:20:11,974 [pool-447-thread-1] INFO  server.RaftServerConfigKeys (ConfUtils.java:logGet(43)) - raft.server.snapshot.auto.trigger.threshold = 10000 (custom)
2019-09-28 01:20:11,974 [pool-447-thread-1] INFO  server.RaftServerConfigKeys (ConfUtils.java:logGet(43)) - raft.server.snapshot.retention.num.files = 5 (custom)
2019-09-28 01:20:11,974 [pool-457-thread-1] INFO  server.RaftServerConfigKeys (ConfUtils.java:logGet(43)) - raft.server.snapshot.auto.trigger.enabled = true (custom)
2019-09-28 01:20:11,975 [pool-467-thread-1] INFO  impl.RaftServerImpl (RaftServerImpl.java:start(185)) - 1966a829-263f-4752-b717-080d3fe051ab@group-6DBCB3E229B8: start as a follower, conf=-1: [01a90e73-792d-4935-bbf3-5d3894bf13f0:192.168.151.82:37184, 1966a829-263f-4752-b717-080d3fe051ab:192.168.151.82:34214, 6882fb80-f7ef-4730-ad10-ebcfa4f7520d:192.168.151.82:39537], old=null
2019-09-28 01:20:11,975 [pool-447-thread-1] INFO  server.RaftServerConfigKeys (ConfUtils.java:logGet(43)) - raft.server.retrycache.expirytime = 600000ms (custom)
2019-09-28 01:20:11,975 [pool-467-thread-1] INFO  impl.RaftServerImpl (RaftServerImpl.java:setRole(174)) - 1966a829-263f-4752-b717-080d3fe051ab@group-6DBCB3E229B8: changes role from      null to FOLLOWER at term 0 for startAsFollower
2019-09-28 01:20:11,975 [pool-457-thread-1] INFO  server.RaftServerConfigKeys (ConfUtils.java:logGet(43)) - raft.server.snapshot.auto.trigger.threshold = 10000 (custom)
2019-09-28 01:20:11,975 [pool-467-thread-1] INFO  impl.RoleInfo (RoleInfo.java:updateAndGet(143)) - 1966a829-263f-4752-b717-080d3fe051ab: start FollowerState
2019-09-28 01:20:11,975 [pool-457-thread-1] INFO  server.RaftServerConfigKeys (ConfUtils.java:logGet(43)) - raft.server.snapshot.retention.num.files = 5 (custom)
2019-09-28 01:20:11,975 [pool-467-thread-1] INFO  util.JmxRegister (JmxRegister.java:tryRegister(44)) - Successfully registered JMX Bean with object name Ratis:service=RaftServer,group=group-6DBCB3E229B8,id=1966a829-263f-4752-b717-080d3fe051ab
2019-09-28 01:20:11,975 [pool-457-thread-1] INFO  server.RaftServerConfigKeys (ConfUtils.java:logGet(43)) - raft.server.retrycache.expirytime = 600000ms (custom)
2019-09-28 01:20:11,977 [pool-447-thread-1] INFO  impl.RaftServerImpl (RaftServerImpl.java:start(185)) - 01a90e73-792d-4935-bbf3-5d3894bf13f0@group-6DBCB3E229B8: start as a follower, conf=-1: [01a90e73-792d-4935-bbf3-5d3894bf13f0:192.168.151.82:37184, 1966a829-263f-4752-b717-080d3fe051ab:192.168.151.82:34214, 6882fb80-f7ef-4730-ad10-ebcfa4f7520d:192.168.151.82:39537], old=null
2019-09-28 01:20:11,977 [pool-447-thread-1] INFO  impl.RaftServerImpl (RaftServerImpl.java:setRole(174)) - 01a90e73-792d-4935-bbf3-5d3894bf13f0@group-6DBCB3E229B8: changes role from      null to FOLLOWER at term 0 for startAsFollower
2019-09-28 01:20:11,977 [pool-447-thread-1] INFO  impl.RoleInfo (RoleInfo.java:updateAndGet(143)) - 01a90e73-792d-4935-bbf3-5d3894bf13f0: start FollowerState
2019-09-28 01:20:11,977 [pool-447-thread-1] INFO  util.JmxRegister (JmxRegister.java:tryRegister(44)) - Successfully registered JMX Bean with object name Ratis:service=RaftServer,group=group-6DBCB3E229B8,id=01a90e73-792d-4935-bbf3-5d3894bf13f0
2019-09-28 01:20:11,977 [pool-457-thread-1] INFO  impl.RaftServerImpl (RaftServerImpl.java:start(185)) - 6882fb80-f7ef-4730-ad10-ebcfa4f7520d@group-6DBCB3E229B8: start as a follower, conf=-1: [01a90e73-792d-4935-bbf3-5d3894bf13f0:192.168.151.82:37184, 1966a829-263f-4752-b717-080d3fe051ab:192.168.151.82:34214, 6882fb80-f7ef-4730-ad10-ebcfa4f7520d:192.168.151.82:39537], old=null
2019-09-28 01:20:11,977 [pool-457-thread-1] INFO  impl.RaftServerImpl (RaftServerImpl.java:setRole(174)) - 6882fb80-f7ef-4730-ad10-ebcfa4f7520d@group-6DBCB3E229B8: changes role from      null to FOLLOWER at term 0 for startAsFollower
2019-09-28 01:20:11,978 [pool-457-thread-1] INFO  impl.RoleInfo (RoleInfo.java:updateAndGet(143)) - 6882fb80-f7ef-4730-ad10-ebcfa4f7520d: start FollowerState
2019-09-28 01:20:11,978 [pool-457-thread-1] INFO  util.JmxRegister (JmxRegister.java:tryRegister(44)) - Successfully registered JMX Bean with object name Ratis:service=RaftServer,group=group-6DBCB3E229B8,id=6882fb80-f7ef-4730-ad10-ebcfa4f7520d
2019-09-28 01:20:11,980 [RatisPipelineUtilsThread] INFO  pipeline.PipelineStateManager (PipelineStateManager.java:addPipeline(56)) - Created pipeline Pipeline[ Id: ddc6123c-04c7-442a-b19a-6dbcb3e229b8, Nodes: 1966a829-263f-4752-b717-080d3fe051ab{ip: 192.168.151.82, host: pr-hdds-2162-8g7kw-3348123894, networkLocation: /rack1, certSerialId: null}01a90e73-792d-4935-bbf3-5d3894bf13f0{ip: 192.168.151.82, host: pr-hdds-2162-8g7kw-3348123894, networkLocation: /rack1, certSerialId: null}6882fb80-f7ef-4730-ad10-ebcfa4f7520d{ip: 192.168.151.82, host: pr-hdds-2162-8g7kw-3348123894, networkLocation: /rack1, certSerialId: null}, Type:RATIS, Factor:THREE, State:OPEN]
2019-09-28 01:20:11,989 [grpc-default-executor-1] INFO  impl.RaftServerProxy (RaftServerProxy.java:addNew(89)) - 9ab63732-2b11-4d45-b3bd-cb418bdaf76f: addNew group-4C9F0EF89CA4:[2f116fb9-3359-4137-b08e-444c3348f2a5:192.168.151.82:39869, 584b1f9e-1c1b-443b-8e2e-a6c41c3b24d1:192.168.151.82:37635, 9ab63732-2b11-4d45-b3bd-cb418bdaf76f:192.168.151.82:37446] returns group-4C9F0EF89CA4:java.util.concurrent.CompletableFuture@31ea9b[Not completed]
2019-09-28 01:20:11,990 [grpc-default-executor-1] INFO  impl.RaftServerProxy (RaftServerProxy.java:addNew(89)) - 2f116fb9-3359-4137-b08e-444c3348f2a5: addNew group-4C9F0EF89CA4:[2f116fb9-3359-4137-b08e-444c3348f2a5:192.168.151.82:39869, 584b1f9e-1c1b-443b-8e2e-a6c41c3b24d1:192.168.151.82:37635, 9ab63732-2b11-4d45-b3bd-cb418bdaf76f:192.168.151.82:37446] returns group-4C9F0EF89CA4:java.util.concurrent.CompletableFuture@373c56d6[Not completed]
2019-09-28 01:20:12,002 [grpc-default-executor-2] INFO  impl.RaftServerProxy (RaftServerProxy.java:addNew(89)) - 584b1f9e-1c1b-443b-8e2e-a6c41c3b24d1: addNew group-4C9F0EF89CA4:[2f116fb9-3359-4137-b08e-444c3348f2a5:192.168.151.82:39869, 584b1f9e-1c1b-443b-8e2e-a6c41c3b24d1:192.168.151.82:37635, 9ab63732-2b11-4d45-b3bd-cb418bdaf76f:192.168.151.82:37446] returns group-4C9F0EF89CA4:java.util.concurrent.CompletableFuture@6c2822ae[Not completed]
2019-09-28 01:20:12,002 [pool-427-thread-1] INFO  impl.RaftServerImpl (RaftServerImpl.java:<init>(95)) - 9ab63732-2b11-4d45-b3bd-cb418bdaf76f: new RaftServerImpl for group-4C9F0EF89CA4:[2f116fb9-3359-4137-b08e-444c3348f2a5:192.168.151.82:39869, 584b1f9e-1c1b-443b-8e2e-a6c41c3b24d1:192.168.151.82:37635, 9ab63732-2b11-4d45-b3bd-cb418bdaf76f:192.168.151.82:37446] with ContainerStateMachine:uninitialized
2019-09-28 01:20:12,002 [pool-427-thread-1] INFO  server.RaftServerConfigKeys (ConfUtils.java:logGet(43)) - raft.server.rpc.timeout.min = 1s (custom)
2019-09-28 01:20:12,002 [pool-427-thread-1] INFO  server.RaftServerConfigKeys (ConfUtils.java:logGet(43)) - raft.server.rpc.timeout.max = 1200ms (custom)
2019-09-28 01:20:12,002 [pool-427-thread-1] INFO  server.RaftServerConfigKeys (ConfUtils.java:logGet(43)) - raft.server.rpcslowness.timeout = 120s (custom)
2019-09-28 01:20:12,002 [pool-427-thread-1] INFO  server.RaftServerConfigKeys (ConfUtils.java:logGet(43)) - raft.server.sleep.deviation.threshold = 300 (default)
2019-09-28 01:20:12,003 [pool-427-thread-1] INFO  server.RaftServerConfigKeys (ConfUtils.java:logGet(43)) - raft.server.log.appender.install.snapshot.enabled = false (custom)
2019-09-28 01:20:12,003 [pool-427-thread-1] INFO  impl.RaftServerImpl (ServerState.java:<init>(103)) - 9ab63732-2b11-4d45-b3bd-cb418bdaf76f@group-4C9F0EF89CA4: ConfigurationManager, init=-1: [2f116fb9-3359-4137-b08e-444c3348f2a5:192.168.151.82:39869, 584b1f9e-1c1b-443b-8e2e-a6c41c3b24d1:192.168.151.82:37635, 9ab63732-2b11-4d45-b3bd-cb418bdaf76f:192.168.151.82:37446], old=null, confs=<EMPTY_MAP>
2019-09-28 01:20:12,003 [pool-437-thread-1] INFO  impl.RaftServerImpl (RaftServerImpl.java:<init>(95)) - 2f116fb9-3359-4137-b08e-444c3348f2a5: new RaftServerImpl for group-4C9F0EF89CA4:[2f116fb9-3359-4137-b08e-444c3348f2a5:192.168.151.82:39869, 584b1f9e-1c1b-443b-8e2e-a6c41c3b24d1:192.168.151.82:37635, 9ab63732-2b11-4d45-b3bd-cb418bdaf76f:192.168.151.82:37446] with ContainerStateMachine:uninitialized
2019-09-28 01:20:12,003 [pool-427-thread-1] INFO  server.RaftServerConfigKeys (ConfUtils.java:logGet(43)) - raft.server.storage.dir = [/workdir/hadoop-ozone/integration-test/target/test-dir/MiniOzoneClusterImpl-af2566c7-5146-4045-9885-51dcdbd53a0d/datanode-4/data/ratis] (custom)
2019-09-28 01:20:12,003 [pool-437-thread-1] INFO  server.RaftServerConfigKeys (ConfUtils.java:logGet(43)) - raft.server.rpc.timeout.min = 1s (custom)
2019-09-28 01:20:12,003 [pool-437-thread-1] INFO  server.RaftServerConfigKeys (ConfUtils.java:logGet(43)) - raft.server.rpc.timeout.max = 1200ms (custom)
2019-09-28 01:20:12,003 [pool-427-thread-1] INFO  storage.RaftStorageDirectory (RaftStorageDirectory.java:analyzeStorage(246)) - The storage directory /workdir/hadoop-ozone/integration-test/target/test-dir/MiniOzoneClusterImpl-af2566c7-5146-4045-9885-51dcdbd53a0d/datanode-4/data/ratis/0993d77a-7b15-4314-9e84-4c9f0ef89ca4 does not exist. Creating ...
2019-09-28 01:20:12,003 [pool-437-thread-1] INFO  server.RaftServerConfigKeys (ConfUtils.java:logGet(43)) - raft.server.rpcslowness.timeout = 120s (custom)
2019-09-28 01:20:12,004 [pool-477-thread-1] INFO  impl.RaftServerImpl (RaftServerImpl.java:<init>(95)) - 584b1f9e-1c1b-443b-8e2e-a6c41c3b24d1: new RaftServerImpl for group-4C9F0EF89CA4:[2f116fb9-3359-4137-b08e-444c3348f2a5:192.168.151.82:39869, 584b1f9e-1c1b-443b-8e2e-a6c41c3b24d1:192.168.151.82:37635, 9ab63732-2b11-4d45-b3bd-cb418bdaf76f:192.168.151.82:37446] with ContainerStateMachine:uninitialized
2019-09-28 01:20:12,004 [pool-437-thread-1] INFO  server.RaftServerConfigKeys (ConfUtils.java:logGet(43)) - raft.server.sleep.deviation.threshold = 300 (default)
2019-09-28 01:20:12,004 [pool-477-thread-1] INFO  server.RaftServerConfigKeys (ConfUtils.java:logGet(43)) - raft.server.rpc.timeout.min = 1s (custom)
2019-09-28 01:20:12,004 [pool-437-thread-1] INFO  server.RaftServerConfigKeys (ConfUtils.java:logGet(43)) - raft.server.log.appender.install.snapshot.enabled = false (custom)
2019-09-28 01:20:12,004 [pool-477-thread-1] INFO  server.RaftServerConfigKeys (ConfUtils.java:logGet(43)) - raft.server.rpc.timeout.max = 1200ms (custom)
2019-09-28 01:20:12,004 [pool-437-thread-1] INFO  impl.RaftServerImpl (ServerState.java:<init>(103)) - 2f116fb9-3359-4137-b08e-444c3348f2a5@group-4C9F0EF89CA4: ConfigurationManager, init=-1: [2f116fb9-3359-4137-b08e-444c3348f2a5:192.168.151.82:39869, 584b1f9e-1c1b-443b-8e2e-a6c41c3b24d1:192.168.151.82:37635, 9ab63732-2b11-4d45-b3bd-cb418bdaf76f:192.168.151.82:37446], old=null, confs=<EMPTY_MAP>
2019-09-28 01:20:12,004 [pool-477-thread-1] INFO  server.RaftServerConfigKeys (ConfUtils.java:logGet(43)) - raft.server.rpcslowness.timeout = 120s (custom)
2019-09-28 01:20:12,004 [pool-437-thread-1] INFO  server.RaftServerConfigKeys (ConfUtils.java:logGet(43)) - raft.server.storage.dir = [/workdir/hadoop-ozone/integration-test/target/test-dir/MiniOzoneClusterImpl-af2566c7-5146-4045-9885-51dcdbd53a0d/datanode-5/data/ratis] (custom)
2019-09-28 01:20:12,005 [pool-477-thread-1] INFO  server.RaftServerConfigKeys (ConfUtils.java:logGet(43)) - raft.server.sleep.deviation.threshold = 300 (default)
2019-09-28 01:20:12,005 [pool-477-thread-1] INFO  server.RaftServerConfigKeys (ConfUtils.java:logGet(43)) - raft.server.log.appender.install.snapshot.enabled = false (custom)
2019-09-28 01:20:12,005 [pool-437-thread-1] INFO  storage.RaftStorageDirectory (RaftStorageDirectory.java:analyzeStorage(246)) - The storage directory /workdir/hadoop-ozone/integration-test/target/test-dir/MiniOzoneClusterImpl-af2566c7-5146-4045-9885-51dcdbd53a0d/datanode-5/data/ratis/0993d77a-7b15-4314-9e84-4c9f0ef89ca4 does not exist. Creating ...
2019-09-28 01:20:12,005 [pool-477-thread-1] INFO  impl.RaftServerImpl (ServerState.java:<init>(103)) - 584b1f9e-1c1b-443b-8e2e-a6c41c3b24d1@group-4C9F0EF89CA4: ConfigurationManager, init=-1: [2f116fb9-3359-4137-b08e-444c3348f2a5:192.168.151.82:39869, 584b1f9e-1c1b-443b-8e2e-a6c41c3b24d1:192.168.151.82:37635, 9ab63732-2b11-4d45-b3bd-cb418bdaf76f:192.168.151.82:37446], old=null, confs=<EMPTY_MAP>
2019-09-28 01:20:12,005 [pool-477-thread-1] INFO  server.RaftServerConfigKeys (ConfUtils.java:logGet(43)) - raft.server.storage.dir = [/workdir/hadoop-ozone/integration-test/target/test-dir/MiniOzoneClusterImpl-af2566c7-5146-4045-9885-51dcdbd53a0d/datanode-9/data/ratis] (custom)
2019-09-28 01:20:12,006 [pool-477-thread-1] INFO  storage.RaftStorageDirectory (RaftStorageDirectory.java:analyzeStorage(246)) - The storage directory /workdir/hadoop-ozone/integration-test/target/test-dir/MiniOzoneClusterImpl-af2566c7-5146-4045-9885-51dcdbd53a0d/datanode-9/data/ratis/0993d77a-7b15-4314-9e84-4c9f0ef89ca4 does not exist. Creating ...
2019-09-28 01:20:12,016 [pool-437-thread-1] INFO  storage.RaftStorageDirectory (RaftStorageDirectory.java:tryLock(328)) - Lock on /workdir/hadoop-ozone/integration-test/target/test-dir/MiniOzoneClusterImpl-af2566c7-5146-4045-9885-51dcdbd53a0d/datanode-5/data/ratis/0993d77a-7b15-4314-9e84-4c9f0ef89ca4/in_use.lock acquired by nodename 30873@pr-hdds-2162-8g7kw-3348123894
2019-09-28 01:20:12,016 [pool-427-thread-1] INFO  storage.RaftStorageDirectory (RaftStorageDirectory.java:tryLock(328)) - Lock on /workdir/hadoop-ozone/integration-test/target/test-dir/MiniOzoneClusterImpl-af2566c7-5146-4045-9885-51dcdbd53a0d/datanode-4/data/ratis/0993d77a-7b15-4314-9e84-4c9f0ef89ca4/in_use.lock acquired by nodename 30873@pr-hdds-2162-8g7kw-3348123894
2019-09-28 01:20:12,016 [pool-477-thread-1] INFO  storage.RaftStorageDirectory (RaftStorageDirectory.java:tryLock(328)) - Lock on /workdir/hadoop-ozone/integration-test/target/test-dir/MiniOzoneClusterImpl-af2566c7-5146-4045-9885-51dcdbd53a0d/datanode-9/data/ratis/0993d77a-7b15-4314-9e84-4c9f0ef89ca4/in_use.lock acquired by nodename 30873@pr-hdds-2162-8g7kw-3348123894
2019-09-28 01:20:12,030 [pool-427-thread-1] INFO  storage.RaftStorage (RaftStorage.java:format(72)) - Storage directory /workdir/hadoop-ozone/integration-test/target/test-dir/MiniOzoneClusterImpl-af2566c7-5146-4045-9885-51dcdbd53a0d/datanode-4/data/ratis/0993d77a-7b15-4314-9e84-4c9f0ef89ca4 has been successfully formatted.
2019-09-28 01:20:12,030 [pool-477-thread-1] INFO  storage.RaftStorage (RaftStorage.java:format(72)) - Storage directory /workdir/hadoop-ozone/integration-test/target/test-dir/MiniOzoneClusterImpl-af2566c7-5146-4045-9885-51dcdbd53a0d/datanode-9/data/ratis/0993d77a-7b15-4314-9e84-4c9f0ef89ca4 has been successfully formatted.
2019-09-28 01:20:12,030 [pool-437-thread-1] INFO  storage.RaftStorage (RaftStorage.java:format(72)) - Storage directory /workdir/hadoop-ozone/integration-test/target/test-dir/MiniOzoneClusterImpl-af2566c7-5146-4045-9885-51dcdbd53a0d/datanode-5/data/ratis/0993d77a-7b15-4314-9e84-4c9f0ef89ca4 has been successfully formatted.
2019-09-28 01:20:12,031 [pool-477-thread-1] INFO  ratis.ContainerStateMachine (ContainerStateMachine.java:loadSnapshot(230)) - group-4C9F0EF89CA4: The snapshot info is null. Setting the last applied indexto:(t:0, i:~)
2019-09-28 01:20:12,030 [pool-427-thread-1] INFO  ratis.ContainerStateMachine (ContainerStateMachine.java:loadSnapshot(230)) - group-4C9F0EF89CA4: The snapshot info is null. Setting the last applied indexto:(t:0, i:~)
2019-09-28 01:20:12,031 [pool-477-thread-1] INFO  server.RaftServerConfigKeys (ConfUtils.java:logGet(43)) - raft.server.notification.no-leader.timeout = 120s (custom)
2019-09-28 01:20:12,031 [pool-437-thread-1] INFO  ratis.ContainerStateMachine (ContainerStateMachine.java:loadSnapshot(230)) - group-4C9F0EF89CA4: The snapshot info is null. Setting the last applied indexto:(t:0, i:~)
2019-09-28 01:20:12,031 [pool-477-thread-1] INFO  server.RaftServerConfigKeys (ConfUtils.java:logGet(43)) - raft.server.log.use.memory = false (default)
2019-09-28 01:20:12,031 [pool-427-thread-1] INFO  server.RaftServerConfigKeys (ConfUtils.java:logGet(43)) - raft.server.notification.no-leader.timeout = 120s (custom)
2019-09-28 01:20:12,032 [pool-477-thread-1] INFO  server.RaftServerConfigKeys (ConfUtils.java:logGet(43)) - raft.server.log.purge.gap = 1000000 (custom)
2019-09-28 01:20:12,031 [pool-437-thread-1] INFO  server.RaftServerConfigKeys (ConfUtils.java:logGet(43)) - raft.server.notification.no-leader.timeout = 120s (custom)
2019-09-28 01:20:12,032 [pool-477-thread-1] INFO  server.RaftServerConfigKeys (ConfUtils.java:logGet(43)) - raft.server.log.appender.buffer.byte-limit = 33554432 (custom)
2019-09-28 01:20:12,032 [pool-427-thread-1] INFO  server.RaftServerConfigKeys (ConfUtils.java:logGet(43)) - raft.server.log.use.memory = false (default)
2019-09-28 01:20:12,032 [pool-477-thread-1] INFO  server.RaftServerConfigKeys (ConfUtils.java:logGet(43)) - raft.server.log.segment.size.max = 1048576 (custom)
2019-09-28 01:20:12,032 [pool-437-thread-1] INFO  server.RaftServerConfigKeys (ConfUtils.java:logGet(43)) - raft.server.log.use.memory = false (default)
2019-09-28 01:20:12,032 [pool-477-thread-1] INFO  server.RaftServerConfigKeys (ConfUtils.java:logGet(43)) - raft.server.log.segment.cache.num.max = 2 (custom)
2019-09-28 01:20:12,032 [pool-427-thread-1] INFO  server.RaftServerConfigKeys (ConfUtils.java:logGet(43)) - raft.server.log.purge.gap = 1000000 (custom)
2019-09-28 01:20:12,033 [pool-477-thread-1] INFO  segmented.SegmentedRaftLogWorker (SegmentedRaftLogWorker.java:<init>(172)) - new 584b1f9e-1c1b-443b-8e2e-a6c41c3b24d1@group-4C9F0EF89CA4-SegmentedRaftLogWorker for RaftStorage:Storage Directory /workdir/hadoop-ozone/integration-test/target/test-dir/MiniOzoneClusterImpl-af2566c7-5146-4045-9885-51dcdbd53a0d/datanode-9/data/ratis/0993d77a-7b15-4314-9e84-4c9f0ef89ca4
2019-09-28 01:20:12,033 [pool-437-thread-1] INFO  server.RaftServerConfigKeys (ConfUtils.java:logGet(43)) - raft.server.log.purge.gap = 1000000 (custom)
2019-09-28 01:20:12,033 [pool-427-thread-1] INFO  server.RaftServerConfigKeys (ConfUtils.java:logGet(43)) - raft.server.log.appender.buffer.byte-limit = 33554432 (custom)
2019-09-28 01:20:12,033 [pool-437-thread-1] INFO  server.RaftServerConfigKeys (ConfUtils.java:logGet(43)) - raft.server.log.appender.buffer.byte-limit = 33554432 (custom)
2019-09-28 01:20:12,033 [pool-427-thread-1] INFO  server.RaftServerConfigKeys (ConfUtils.java:logGet(43)) - raft.server.log.segment.size.max = 1048576 (custom)
2019-09-28 01:20:12,034 [pool-437-thread-1] INFO  server.RaftServerConfigKeys (ConfUtils.java:logGet(43)) - raft.server.log.segment.size.max = 1048576 (custom)
2019-09-28 01:20:12,034 [pool-427-thread-1] INFO  server.RaftServerConfigKeys (ConfUtils.java:logGet(43)) - raft.server.log.segment.cache.num.max = 2 (custom)
2019-09-28 01:20:12,034 [pool-437-thread-1] INFO  server.RaftServerConfigKeys (ConfUtils.java:logGet(43)) - raft.server.log.segment.cache.num.max = 2 (custom)
2019-09-28 01:20:12,034 [pool-427-thread-1] INFO  segmented.SegmentedRaftLogWorker (SegmentedRaftLogWorker.java:<init>(172)) - new 9ab63732-2b11-4d45-b3bd-cb418bdaf76f@group-4C9F0EF89CA4-SegmentedRaftLogWorker for RaftStorage:Storage Directory /workdir/hadoop-ozone/integration-test/target/test-dir/MiniOzoneClusterImpl-af2566c7-5146-4045-9885-51dcdbd53a0d/datanode-4/data/ratis/0993d77a-7b15-4314-9e84-4c9f0ef89ca4
2019-09-28 01:20:12,034 [pool-437-thread-1] INFO  segmented.SegmentedRaftLogWorker (SegmentedRaftLogWorker.java:<init>(172)) - new 2f116fb9-3359-4137-b08e-444c3348f2a5@group-4C9F0EF89CA4-SegmentedRaftLogWorker for RaftStorage:Storage Directory /workdir/hadoop-ozone/integration-test/target/test-dir/MiniOzoneClusterImpl-af2566c7-5146-4045-9885-51dcdbd53a0d/datanode-5/data/ratis/0993d77a-7b15-4314-9e84-4c9f0ef89ca4
2019-09-28 01:20:12,034 [pool-427-thread-1] INFO  server.RaftServerConfigKeys (ConfUtils.java:logGet(43)) - raft.server.log.queue.byte-limit = 2147483647 (custom)
2019-09-28 01:20:12,035 [pool-437-thread-1] INFO  server.RaftServerConfigKeys (ConfUtils.java:logGet(43)) - raft.server.log.queue.byte-limit = 2147483647 (custom)
2019-09-28 01:20:12,035 [pool-427-thread-1] INFO  server.RaftServerConfigKeys (ConfUtils.java:logGet(43)) - raft.server.log.queue.element-limit = 1024 (custom)
2019-09-28 01:20:12,035 [pool-437-thread-1] INFO  server.RaftServerConfigKeys (ConfUtils.java:logGet(43)) - raft.server.log.queue.element-limit = 1024 (custom)
2019-09-28 01:20:12,035 [pool-427-thread-1] INFO  server.RaftServerConfigKeys (ConfUtils.java:logGet(43)) - raft.server.log.segment.size.max = 1048576 (custom)
2019-09-28 01:20:12,035 [pool-437-thread-1] INFO  server.RaftServerConfigKeys (ConfUtils.java:logGet(43)) - raft.server.log.segment.size.max = 1048576 (custom)
2019-09-28 01:20:12,035 [pool-427-thread-1] INFO  server.RaftServerConfigKeys (ConfUtils.java:logGet(43)) - raft.server.log.preallocated.size = 16384 (custom)
2019-09-28 01:20:12,036 [pool-477-thread-1] INFO  server.RaftServerConfigKeys (ConfUtils.java:logGet(43)) - raft.server.log.queue.byte-limit = 2147483647 (custom)
2019-09-28 01:20:12,036 [pool-437-thread-1] INFO  server.RaftServerConfigKeys (ConfUtils.java:logGet(43)) - raft.server.log.preallocated.size = 16384 (custom)
2019-09-28 01:20:12,036 [pool-477-thread-1] INFO  server.RaftServerConfigKeys (ConfUtils.java:logGet(43)) - raft.server.log.queue.element-limit = 1024 (custom)
2019-09-28 01:20:12,036 [pool-427-thread-1] INFO  server.RaftServerConfigKeys (ConfUtils.java:logGet(43)) - raft.server.log.write.buffer.size = 33554432 (custom)
2019-09-28 01:20:12,036 [pool-477-thread-1] INFO  server.RaftServerConfigKeys (ConfUtils.java:logGet(43)) - raft.server.log.segment.size.max = 1048576 (custom)
2019-09-28 01:20:12,036 [pool-437-thread-1] INFO  server.RaftServerConfigKeys (ConfUtils.java:logGet(43)) - raft.server.log.write.buffer.size = 33554432 (custom)
2019-09-28 01:20:12,037 [pool-477-thread-1] INFO  server.RaftServerConfigKeys (ConfUtils.java:logGet(43)) - raft.server.log.preallocated.size = 16384 (custom)
2019-09-28 01:20:12,036 [pool-427-thread-1] INFO  server.RaftServerConfigKeys (ConfUtils.java:logGet(43)) - raft.server.log.force.sync.num = 128 (default)
2019-09-28 01:20:12,037 [pool-477-thread-1] INFO  server.RaftServerConfigKeys (ConfUtils.java:logGet(43)) - raft.server.log.write.buffer.size = 33554432 (custom)
2019-09-28 01:20:12,037 [pool-437-thread-1] INFO  server.RaftServerConfigKeys (ConfUtils.java:logGet(43)) - raft.server.log.force.sync.num = 128 (default)
2019-09-28 01:20:12,037 [pool-477-thread-1] INFO  server.RaftServerConfigKeys (ConfUtils.java:logGet(43)) - raft.server.log.force.sync.num = 128 (default)
2019-09-28 01:20:12,037 [pool-427-thread-1] INFO  server.RaftServerConfigKeys (ConfUtils.java:logGet(43)) - raft.server.log.statemachine.data.sync = true (default)
2019-09-28 01:20:12,038 [pool-477-thread-1] INFO  server.RaftServerConfigKeys (ConfUtils.java:logGet(43)) - raft.server.log.statemachine.data.sync = true (default)
2019-09-28 01:20:12,037 [pool-437-thread-1] INFO  server.RaftServerConfigKeys (ConfUtils.java:logGet(43)) - raft.server.log.statemachine.data.sync = true (default)
2019-09-28 01:20:12,038 [pool-477-thread-1] INFO  server.RaftServerConfigKeys (ConfUtils.java:logGet(43)) - raft.server.log.statemachine.data.sync.timeout = 10s (default)
2019-09-28 01:20:12,038 [pool-427-thread-1] INFO  server.RaftServerConfigKeys (ConfUtils.java:logGet(43)) - raft.server.log.statemachine.data.sync.timeout = 10s (default)
2019-09-28 01:20:12,038 [pool-477-thread-1] INFO  server.RaftServerConfigKeys (ConfUtils.java:logGet(43)) - raft.server.log.statemachine.data.sync.timeout.retry = -1 (default)
2019-09-28 01:20:12,038 [pool-437-thread-1] INFO  server.RaftServerConfigKeys (ConfUtils.java:logGet(43)) - raft.server.log.statemachine.data.sync.timeout = 10s (default)
2019-09-28 01:20:12,039 [pool-477-thread-1] INFO  server.RaftServerConfigKeys (ConfUtils.java:logGet(43)) - raft.server.log.statemachine.data.caching.enabled = true (custom)
2019-09-28 01:20:12,038 [pool-427-thread-1] INFO  server.RaftServerConfigKeys (ConfUtils.java:logGet(43)) - raft.server.log.statemachine.data.sync.timeout.retry = -1 (default)
2019-09-28 01:20:12,039 [pool-437-thread-1] INFO  server.RaftServerConfigKeys (ConfUtils.java:logGet(43)) - raft.server.log.statemachine.data.sync.timeout.retry = -1 (default)
2019-09-28 01:20:12,039 [pool-477-thread-1] INFO  segmented.SegmentedRaftLogWorker (SegmentedRaftLogWorker.java:lambda$new$0(132)) - 584b1f9e-1c1b-443b-8e2e-a6c41c3b24d1@group-4C9F0EF89CA4-SegmentedRaftLogWorker: flushIndex: setUnconditionally 0 -> -1
2019-09-28 01:20:12,039 [pool-427-thread-1] INFO  server.RaftServerConfigKeys (ConfUtils.java:logGet(43)) - raft.server.log.statemachine.data.caching.enabled = true (custom)
2019-09-28 01:20:12,039 [pool-437-thread-1] INFO  server.RaftServerConfigKeys (ConfUtils.java:logGet(43)) - raft.server.log.statemachine.data.caching.enabled = true (custom)
2019-09-28 01:20:12,040 [pool-427-thread-1] INFO  segmented.SegmentedRaftLogWorker (SegmentedRaftLogWorker.java:lambda$new$0(132)) - 9ab63732-2b11-4d45-b3bd-cb418bdaf76f@group-4C9F0EF89CA4-SegmentedRaftLogWorker: flushIndex: setUnconditionally 0 -> -1
2019-09-28 01:20:12,040 [pool-477-thread-1] INFO  server.RaftServerConfigKeys (ConfUtils.java:logGet(43)) - raft.server.snapshot.auto.trigger.enabled = true (custom)
2019-09-28 01:20:12,040 [pool-427-thread-1] INFO  server.RaftServerConfigKeys (ConfUtils.java:logGet(43)) - raft.server.snapshot.auto.trigger.enabled = true (custom)
2019-09-28 01:20:12,040 [pool-477-thread-1] INFO  server.RaftServerConfigKeys (ConfUtils.java:logGet(43)) - raft.server.snapshot.auto.trigger.threshold = 10000 (custom)
2019-09-28 01:20:12,040 [pool-437-thread-1] INFO  segmented.SegmentedRaftLogWorker (SegmentedRaftLogWorker.java:lambda$new$0(132)) - 2f116fb9-3359-4137-b08e-444c3348f2a5@group-4C9F0EF89CA4-SegmentedRaftLogWorker: flushIndex: setUnconditionally 0 -> -1
2019-09-28 01:20:12,040 [pool-477-thread-1] INFO  server.RaftServerConfigKeys (ConfUtils.java:logGet(43)) - raft.server.snapshot.retention.num.files = 5 (custom)
2019-09-28 01:20:12,040 [pool-427-thread-1] INFO  server.RaftServerConfigKeys (ConfUtils.java:logGet(43)) - raft.server.snapshot.auto.trigger.threshold = 10000 (custom)
2019-09-28 01:20:12,041 [pool-437-thread-1] INFO  server.RaftServerConfigKeys (ConfUtils.java:logGet(43)) - raft.server.snapshot.auto.trigger.enabled = true (custom)
2019-09-28 01:20:12,041 [pool-477-thread-1] INFO  server.RaftServerConfigKeys (ConfUtils.java:logGet(43)) - raft.server.retrycache.expirytime = 600000ms (custom)
2019-09-28 01:20:12,041 [pool-437-thread-1] INFO  server.RaftServerConfigKeys (ConfUtils.java:logGet(43)) - raft.server.snapshot.auto.trigger.threshold = 10000 (custom)
2019-09-28 01:20:12,041 [pool-427-thread-1] INFO  server.RaftServerConfigKeys (ConfUtils.java:logGet(43)) - raft.server.snapshot.retention.num.files = 5 (custom)
2019-09-28 01:20:12,041 [pool-437-thread-1] INFO  server.RaftServerConfigKeys (ConfUtils.java:logGet(43)) - raft.server.snapshot.retention.num.files = 5 (custom)
2019-09-28 01:20:12,041 [pool-427-thread-1] INFO  server.RaftServerConfigKeys (ConfUtils.java:logGet(43)) - raft.server.retrycache.expirytime = 600000ms (custom)
2019-09-28 01:20:12,042 [pool-437-thread-1] INFO  server.RaftServerConfigKeys (ConfUtils.java:logGet(43)) - raft.server.retrycache.expirytime = 600000ms (custom)
2019-09-28 01:20:12,046 [pool-477-thread-1] INFO  impl.RaftServerImpl (RaftServerImpl.java:start(185)) - 584b1f9e-1c1b-443b-8e2e-a6c41c3b24d1@group-4C9F0EF89CA4: start as a follower, conf=-1: [2f116fb9-3359-4137-b08e-444c3348f2a5:192.168.151.82:39869, 584b1f9e-1c1b-443b-8e2e-a6c41c3b24d1:192.168.151.82:37635, 9ab63732-2b11-4d45-b3bd-cb418bdaf76f:192.168.151.82:37446], old=null
2019-09-28 01:20:12,046 [pool-427-thread-1] INFO  impl.RaftServerImpl (RaftServerImpl.java:start(185)) - 9ab63732-2b11-4d45-b3bd-cb418bdaf76f@group-4C9F0EF89CA4: start as a follower, conf=-1: [2f116fb9-3359-4137-b08e-444c3348f2a5:192.168.151.82:39869, 584b1f9e-1c1b-443b-8e2e-a6c41c3b24d1:192.168.151.82:37635, 9ab63732-2b11-4d45-b3bd-cb418bdaf76f:192.168.151.82:37446], old=null
2019-09-28 01:20:12,046 [pool-477-thread-1] INFO  impl.RaftServerImpl (RaftServerImpl.java:setRole(174)) - 584b1f9e-1c1b-443b-8e2e-a6c41c3b24d1@group-4C9F0EF89CA4: changes role from      null to FOLLOWER at term 0 for startAsFollower
2019-09-28 01:20:12,046 [pool-427-thread-1] INFO  impl.RaftServerImpl (RaftServerImpl.java:setRole(174)) - 9ab63732-2b11-4d45-b3bd-cb418bdaf76f@group-4C9F0EF89CA4: changes role from      null to FOLLOWER at term 0 for startAsFollower
2019-09-28 01:20:12,046 [pool-437-thread-1] INFO  impl.RaftServerImpl (RaftServerImpl.java:start(185)) - 2f116fb9-3359-4137-b08e-444c3348f2a5@group-4C9F0EF89CA4: start as a follower, conf=-1: [2f116fb9-3359-4137-b08e-444c3348f2a5:192.168.151.82:39869, 584b1f9e-1c1b-443b-8e2e-a6c41c3b24d1:192.168.151.82:37635, 9ab63732-2b11-4d45-b3bd-cb418bdaf76f:192.168.151.82:37446], old=null
2019-09-28 01:20:12,046 [pool-477-thread-1] INFO  impl.RoleInfo (RoleInfo.java:updateAndGet(143)) - 584b1f9e-1c1b-443b-8e2e-a6c41c3b24d1: start FollowerState
2019-09-28 01:20:12,046 [pool-437-thread-1] INFO  impl.RaftServerImpl (RaftServerImpl.java:setRole(174)) - 2f116fb9-3359-4137-b08e-444c3348f2a5@group-4C9F0EF89CA4: changes role from      null to FOLLOWER at term 0 for startAsFollower
2019-09-28 01:20:12,046 [pool-427-thread-1] INFO  impl.RoleInfo (RoleInfo.java:updateAndGet(143)) - 9ab63732-2b11-4d45-b3bd-cb418bdaf76f: start FollowerState
2019-09-28 01:20:12,047 [pool-437-thread-1] INFO  impl.RoleInfo (RoleInfo.java:updateAndGet(143)) - 2f116fb9-3359-4137-b08e-444c3348f2a5: start FollowerState
2019-09-28 01:20:12,047 [pool-477-thread-1] INFO  util.JmxRegister (JmxRegister.java:tryRegister(44)) - Successfully registered JMX Bean with object name Ratis:service=RaftServer,group=group-4C9F0EF89CA4,id=584b1f9e-1c1b-443b-8e2e-a6c41c3b24d1
2019-09-28 01:20:12,047 [pool-427-thread-1] INFO  util.JmxRegister (JmxRegister.java:tryRegister(44)) - Successfully registered JMX Bean with object name Ratis:service=RaftServer,group=group-4C9F0EF89CA4,id=9ab63732-2b11-4d45-b3bd-cb418bdaf76f
2019-09-28 01:20:12,047 [pool-437-thread-1] INFO  util.JmxRegister (JmxRegister.java:tryRegister(44)) - Successfully registered JMX Bean with object name Ratis:service=RaftServer,group=group-4C9F0EF89CA4,id=2f116fb9-3359-4137-b08e-444c3348f2a5
2019-09-28 01:20:12,051 [RatisPipelineUtilsThread] INFO  pipeline.PipelineStateManager (PipelineStateManager.java:addPipeline(56)) - Created pipeline Pipeline[ Id: 0993d77a-7b15-4314-9e84-4c9f0ef89ca4, Nodes: 584b1f9e-1c1b-443b-8e2e-a6c41c3b24d1{ip: 192.168.151.82, host: pr-hdds-2162-8g7kw-3348123894, networkLocation: /rack1, certSerialId: null}9ab63732-2b11-4d45-b3bd-cb418bdaf76f{ip: 192.168.151.82, host: pr-hdds-2162-8g7kw-3348123894, networkLocation: /rack1, certSerialId: null}2f116fb9-3359-4137-b08e-444c3348f2a5{ip: 192.168.151.82, host: pr-hdds-2162-8g7kw-3348123894, networkLocation: /rack1, certSerialId: null}, Type:RATIS, Factor:THREE, State:OPEN]
2019-09-28 01:20:12,416 [Thread-6118] INFO  impl.FollowerState (FollowerState.java:run(106)) - 1718a6b7-a807-47b2-9e97-09209d9c5800:group-8346FCD0A172 changes to CANDIDATE, lastRpcTime:1031, electionTimeout:1031ms
2019-09-28 01:20:12,416 [Thread-6118] INFO  impl.RoleInfo (RoleInfo.java:shutdownFollowerState(121)) - 1718a6b7-a807-47b2-9e97-09209d9c5800: shutdown FollowerState
2019-09-28 01:20:12,416 [Thread-6118] INFO  impl.RaftServerImpl (RaftServerImpl.java:setRole(174)) - 1718a6b7-a807-47b2-9e97-09209d9c5800@group-8346FCD0A172: changes role from  FOLLOWER to CANDIDATE at term 0 for changeToCandidate
2019-09-28 01:20:12,416 [Thread-6118] INFO  impl.RoleInfo (RoleInfo.java:updateAndGet(143)) - 1718a6b7-a807-47b2-9e97-09209d9c5800: start LeaderElection
2019-09-28 01:20:12,457 [1718a6b7-a807-47b2-9e97-09209d9c5800@group-8346FCD0A172:LeaderElection107] INFO  impl.LeaderElection (LeaderElection.java:askForVotes(182)) - 1718a6b7-a807-47b2-9e97-09209d9c5800@group-8346FCD0A172:LeaderElection107: begin an election at term 1 for -1: [1718a6b7-a807-47b2-9e97-09209d9c5800:192.168.151.82:35904], old=null
2019-09-28 01:20:12,457 [1718a6b7-a807-47b2-9e97-09209d9c5800@group-8346FCD0A172:LeaderElection107] INFO  impl.RoleInfo (RoleInfo.java:shutdownLeaderElection(134)) - 1718a6b7-a807-47b2-9e97-09209d9c5800: shutdown LeaderElection
2019-09-28 01:20:12,457 [1718a6b7-a807-47b2-9e97-09209d9c5800@group-8346FCD0A172:LeaderElection107] INFO  impl.RaftServerImpl (RaftServerImpl.java:setRole(174)) - 1718a6b7-a807-47b2-9e97-09209d9c5800@group-8346FCD0A172: changes role from CANDIDATE to LEADER at term 1 for changeToLeader
2019-09-28 01:20:12,457 [1718a6b7-a807-47b2-9e97-09209d9c5800@group-8346FCD0A172:LeaderElection107] INFO  impl.RaftServerImpl (ServerState.java:setLeader(253)) - 1718a6b7-a807-47b2-9e97-09209d9c5800@group-8346FCD0A172: change Leader from null to 1718a6b7-a807-47b2-9e97-09209d9c5800 at term 1 for becomeLeader, leader elected after 1081ms
2019-09-28 01:20:12,457 [1718a6b7-a807-47b2-9e97-09209d9c5800@group-8346FCD0A172:LeaderElection107] INFO  server.RaftServerConfigKeys (ConfUtils.java:logGet(43)) - raft.server.staging.catchup.gap = 1000 (default)
2019-09-28 01:20:12,458 [1718a6b7-a807-47b2-9e97-09209d9c5800@group-8346FCD0A172:LeaderElection107] INFO  server.RaftServerConfigKeys (ConfUtils.java:logGet(43)) - raft.server.rpc.sleep.time = 25ms (default)
2019-09-28 01:20:12,458 [1718a6b7-a807-47b2-9e97-09209d9c5800@group-8346FCD0A172:LeaderElection107] INFO  server.RaftServerConfigKeys (ConfUtils.java:logGet(43)) - raft.server.write.element-limit = 4096 (default)
2019-09-28 01:20:12,458 [1718a6b7-a807-47b2-9e97-09209d9c5800@group-8346FCD0A172:LeaderElection107] INFO  server.RaftServerConfigKeys (ConfUtils.java:logGet(43)) - raft.server.watch.timeout = 10s (default)
2019-09-28 01:20:12,458 [1718a6b7-a807-47b2-9e97-09209d9c5800@group-8346FCD0A172:LeaderElection107] INFO  server.RaftServerConfigKeys (ConfUtils.java:logGet(43)) - raft.server.watch.timeout.denomination = 1s (default)
2019-09-28 01:20:12,458 [1718a6b7-a807-47b2-9e97-09209d9c5800@group-8346FCD0A172:LeaderElection107] INFO  server.RaftServerConfigKeys (ConfUtils.java:logGet(43)) - raft.server.watch.element-limit = 65536 (default)
2019-09-28 01:20:12,461 [1718a6b7-a807-47b2-9e97-09209d9c5800@group-8346FCD0A172:LeaderElection107] INFO  impl.RoleInfo (RoleInfo.java:updateAndGet(143)) - 1718a6b7-a807-47b2-9e97-09209d9c5800: start LeaderState
2019-09-28 01:20:12,461 [1718a6b7-a807-47b2-9e97-09209d9c5800@group-8346FCD0A172:LeaderElection107] INFO  segmented.SegmentedRaftLogWorker (SegmentedRaftLogWorker.java:startLogSegment(380)) - 1718a6b7-a807-47b2-9e97-09209d9c5800@group-8346FCD0A172-SegmentedRaftLogWorker: Starting segment from index:0
2019-09-28 01:20:12,462 [1718a6b7-a807-47b2-9e97-09209d9c5800@group-8346FCD0A172:LeaderElection107] INFO  impl.RaftServerImpl (ServerState.java:setRaftConf(354)) - 1718a6b7-a807-47b2-9e97-09209d9c5800@group-8346FCD0A172: set configuration 0: [1718a6b7-a807-47b2-9e97-09209d9c5800:192.168.151.82:35904], old=null at 0
2019-09-28 01:20:12,518 [1718a6b7-a807-47b2-9e97-09209d9c5800@group-8346FCD0A172-SegmentedRaftLogWorker] INFO  segmented.SegmentedRaftLogWorker (SegmentedRaftLogWorker.java:execute(569)) - 1718a6b7-a807-47b2-9e97-09209d9c5800@group-8346FCD0A172-SegmentedRaftLogWorker: created new log segment /workdir/hadoop-ozone/integration-test/target/test-dir/MiniOzoneClusterImpl-af2566c7-5146-4045-9885-51dcdbd53a0d/datanode-0/data/ratis/62b2153b-09d7-40d2-8b8e-8346fcd0a172/current/log_inprogress_0
2019-09-28 01:20:12,541 [Thread-6124] INFO  impl.FollowerState (FollowerState.java:run(106)) - ab3cf4df-5976-458c-b5c2-4cdf8c4d91de:group-4C93CFB70038 changes to CANDIDATE, lastRpcTime:1040, electionTimeout:1040ms
2019-09-28 01:20:12,541 [Thread-6124] INFO  impl.RoleInfo (RoleInfo.java:shutdownFollowerState(121)) - ab3cf4df-5976-458c-b5c2-4cdf8c4d91de: shutdown FollowerState
2019-09-28 01:20:12,542 [Thread-6124] INFO  impl.RaftServerImpl (RaftServerImpl.java:setRole(174)) - ab3cf4df-5976-458c-b5c2-4cdf8c4d91de@group-4C93CFB70038: changes role from  FOLLOWER to CANDIDATE at term 0 for changeToCandidate
2019-09-28 01:20:12,542 [Thread-6124] INFO  impl.RoleInfo (RoleInfo.java:updateAndGet(143)) - ab3cf4df-5976-458c-b5c2-4cdf8c4d91de: start LeaderElection
2019-09-28 01:20:12,558 [ab3cf4df-5976-458c-b5c2-4cdf8c4d91de@group-4C93CFB70038:LeaderElection108] INFO  impl.LeaderElection (LeaderElection.java:askForVotes(182)) - ab3cf4df-5976-458c-b5c2-4cdf8c4d91de@group-4C93CFB70038:LeaderElection108: begin an election at term 1 for -1: [ab3cf4df-5976-458c-b5c2-4cdf8c4d91de:192.168.151.82:33779], old=null
2019-09-28 01:20:12,558 [ab3cf4df-5976-458c-b5c2-4cdf8c4d91de@group-4C93CFB70038:LeaderElection108] INFO  impl.RoleInfo (RoleInfo.java:shutdownLeaderElection(134)) - ab3cf4df-5976-458c-b5c2-4cdf8c4d91de: shutdown LeaderElection
2019-09-28 01:20:12,558 [ab3cf4df-5976-458c-b5c2-4cdf8c4d91de@group-4C93CFB70038:LeaderElection108] INFO  impl.RaftServerImpl (RaftServerImpl.java:setRole(174)) - ab3cf4df-5976-458c-b5c2-4cdf8c4d91de@group-4C93CFB70038: changes role from CANDIDATE to LEADER at term 1 for changeToLeader
2019-09-28 01:20:12,558 [ab3cf4df-5976-458c-b5c2-4cdf8c4d91de@group-4C93CFB70038:LeaderElection108] INFO  impl.RaftServerImpl (ServerState.java:setLeader(253)) - ab3cf4df-5976-458c-b5c2-4cdf8c4d91de@group-4C93CFB70038: change Leader from null to ab3cf4df-5976-458c-b5c2-4cdf8c4d91de at term 1 for becomeLeader, leader elected after 1065ms
2019-09-28 01:20:12,559 [ab3cf4df-5976-458c-b5c2-4cdf8c4d91de@group-4C93CFB70038:LeaderElection108] INFO  server.RaftServerConfigKeys (ConfUtils.java:logGet(43)) - raft.server.staging.catchup.gap = 1000 (default)
2019-09-28 01:20:12,559 [ab3cf4df-5976-458c-b5c2-4cdf8c4d91de@group-4C93CFB70038:LeaderElection108] INFO  server.RaftServerConfigKeys (ConfUtils.java:logGet(43)) - raft.server.rpc.sleep.time = 25ms (default)
2019-09-28 01:20:12,559 [ab3cf4df-5976-458c-b5c2-4cdf8c4d91de@group-4C93CFB70038:LeaderElection108] INFO  server.RaftServerConfigKeys (ConfUtils.java:logGet(43)) - raft.server.write.element-limit = 4096 (default)
2019-09-28 01:20:12,559 [ab3cf4df-5976-458c-b5c2-4cdf8c4d91de@group-4C93CFB70038:LeaderElection108] INFO  server.RaftServerConfigKeys (ConfUtils.java:logGet(43)) - raft.server.watch.timeout = 10s (default)
2019-09-28 01:20:12,559 [ab3cf4df-5976-458c-b5c2-4cdf8c4d91de@group-4C93CFB70038:LeaderElection108] INFO  server.RaftServerConfigKeys (ConfUtils.java:logGet(43)) - raft.server.watch.timeout.denomination = 1s (default)
2019-09-28 01:20:12,559 [ab3cf4df-5976-458c-b5c2-4cdf8c4d91de@group-4C93CFB70038:LeaderElection108] INFO  server.RaftServerConfigKeys (ConfUtils.java:logGet(43)) - raft.server.watch.element-limit = 65536 (default)
2019-09-28 01:20:12,561 [ab3cf4df-5976-458c-b5c2-4cdf8c4d91de@group-4C93CFB70038:LeaderElection108] INFO  impl.RoleInfo (RoleInfo.java:updateAndGet(143)) - ab3cf4df-5976-458c-b5c2-4cdf8c4d91de: start LeaderState
2019-09-28 01:20:12,561 [ab3cf4df-5976-458c-b5c2-4cdf8c4d91de@group-4C93CFB70038:LeaderElection108] INFO  segmented.SegmentedRaftLogWorker (SegmentedRaftLogWorker.java:startLogSegment(380)) - ab3cf4df-5976-458c-b5c2-4cdf8c4d91de@group-4C93CFB70038-SegmentedRaftLogWorker: Starting segment from index:0
2019-09-28 01:20:12,562 [ab3cf4df-5976-458c-b5c2-4cdf8c4d91de@group-4C93CFB70038:LeaderElection108] INFO  impl.RaftServerImpl (ServerState.java:setRaftConf(354)) - ab3cf4df-5976-458c-b5c2-4cdf8c4d91de@group-4C93CFB70038: set configuration 0: [ab3cf4df-5976-458c-b5c2-4cdf8c4d91de:192.168.151.82:33779], old=null at 0
2019-09-28 01:20:12,615 [Thread-6128] INFO  impl.FollowerState (FollowerState.java:run(106)) - ab3cf4df-5976-458c-b5c2-4cdf8c4d91de:group-D9D741084385 changes to CANDIDATE, lastRpcTime:1050, electionTimeout:1050ms
2019-09-28 01:20:12,615 [Thread-6128] INFO  impl.RoleInfo (RoleInfo.java:shutdownFollowerState(121)) - ab3cf4df-5976-458c-b5c2-4cdf8c4d91de: shutdown FollowerState
2019-09-28 01:20:12,616 [Thread-6128] INFO  impl.RaftServerImpl (RaftServerImpl.java:setRole(174)) - ab3cf4df-5976-458c-b5c2-4cdf8c4d91de@group-D9D741084385: changes role from  FOLLOWER to CANDIDATE at term 0 for changeToCandidate
2019-09-28 01:20:12,616 [Thread-6128] INFO  impl.RoleInfo (RoleInfo.java:updateAndGet(143)) - ab3cf4df-5976-458c-b5c2-4cdf8c4d91de: start LeaderElection
2019-09-28 01:20:12,619 [ab3cf4df-5976-458c-b5c2-4cdf8c4d91de@group-4C93CFB70038-SegmentedRaftLogWorker] INFO  segmented.SegmentedRaftLogWorker (SegmentedRaftLogWorker.java:execute(569)) - ab3cf4df-5976-458c-b5c2-4cdf8c4d91de@group-4C93CFB70038-SegmentedRaftLogWorker: created new log segment /workdir/hadoop-ozone/integration-test/target/test-dir/MiniOzoneClusterImpl-af2566c7-5146-4045-9885-51dcdbd53a0d/datanode-2/data/ratis/359f26c6-874c-4c93-851b-4c93cfb70038/current/log_inprogress_0
2019-09-28 01:20:12,630 [Thread-6121] INFO  impl.FollowerState (FollowerState.java:run(106)) - bdd8cf1c-8d5c-4d45-9250-55158964142b:group-4D824C79387B changes to CANDIDATE, lastRpcTime:1175, electionTimeout:1175ms
2019-09-28 01:20:12,630 [Thread-6121] INFO  impl.RoleInfo (RoleInfo.java:shutdownFollowerState(121)) - bdd8cf1c-8d5c-4d45-9250-55158964142b: shutdown FollowerState
2019-09-28 01:20:12,631 [Thread-6121] INFO  impl.RaftServerImpl (RaftServerImpl.java:setRole(174)) - bdd8cf1c-8d5c-4d45-9250-55158964142b@group-4D824C79387B: changes role from  FOLLOWER to CANDIDATE at term 0 for changeToCandidate
2019-09-28 01:20:12,631 [Thread-6121] INFO  impl.RoleInfo (RoleInfo.java:updateAndGet(143)) - bdd8cf1c-8d5c-4d45-9250-55158964142b: start LeaderElection
2019-09-28 01:20:12,647 [Thread-6131] INFO  impl.FollowerState (FollowerState.java:run(106)) - 1718a6b7-a807-47b2-9e97-09209d9c5800:group-D9D741084385 changes to CANDIDATE, lastRpcTime:1079, electionTimeout:1068ms
2019-09-28 01:20:12,648 [ab3cf4df-5976-458c-b5c2-4cdf8c4d91de@group-D9D741084385:LeaderElection109] INFO  impl.LeaderElection (LeaderElection.java:askForVotes(182)) - ab3cf4df-5976-458c-b5c2-4cdf8c4d91de@group-D9D741084385:LeaderElection109: begin an election at term 1 for -1: [1718a6b7-a807-47b2-9e97-09209d9c5800:192.168.151.82:35904, ab3cf4df-5976-458c-b5c2-4cdf8c4d91de:192.168.151.82:33779, bdd8cf1c-8d5c-4d45-9250-55158964142b:192.168.151.82:35056], old=null
2019-09-28 01:20:12,648 [Thread-6131] INFO  impl.RoleInfo (RoleInfo.java:shutdownFollowerState(121)) - 1718a6b7-a807-47b2-9e97-09209d9c5800: shutdown FollowerState
2019-09-28 01:20:12,648 [Thread-6131] INFO  impl.RaftServerImpl (RaftServerImpl.java:setRole(174)) - 1718a6b7-a807-47b2-9e97-09209d9c5800@group-D9D741084385: changes role from  FOLLOWER to CANDIDATE at term 0 for changeToCandidate
2019-09-28 01:20:12,648 [Thread-6131] INFO  impl.RoleInfo (RoleInfo.java:updateAndGet(143)) - 1718a6b7-a807-47b2-9e97-09209d9c5800: start LeaderElection
2019-09-28 01:20:12,655 [Thread-6132] INFO  impl.FollowerState (FollowerState.java:run(106)) - bdd8cf1c-8d5c-4d45-9250-55158964142b:group-D9D741084385 changes to CANDIDATE, lastRpcTime:1086, electionTimeout:1086ms
2019-09-28 01:20:12,655 [Thread-6132] INFO  impl.RoleInfo (RoleInfo.java:shutdownFollowerState(121)) - bdd8cf1c-8d5c-4d45-9250-55158964142b: shutdown FollowerState
2019-09-28 01:20:12,655 [Thread-6132] INFO  impl.RaftServerImpl (RaftServerImpl.java:setRole(174)) - bdd8cf1c-8d5c-4d45-9250-55158964142b@group-D9D741084385: changes role from  FOLLOWER to CANDIDATE at term 0 for changeToCandidate
2019-09-28 01:20:12,655 [Thread-6132] INFO  impl.RoleInfo (RoleInfo.java:updateAndGet(143)) - bdd8cf1c-8d5c-4d45-9250-55158964142b: start LeaderElection
2019-09-28 01:20:12,662 [bdd8cf1c-8d5c-4d45-9250-55158964142b@group-4D824C79387B:LeaderElection110] INFO  impl.LeaderElection (LeaderElection.java:askForVotes(182)) - bdd8cf1c-8d5c-4d45-9250-55158964142b@group-4D824C79387B:LeaderElection110: begin an election at term 1 for -1: [bdd8cf1c-8d5c-4d45-9250-55158964142b:192.168.151.82:35056], old=null
2019-09-28 01:20:12,662 [1718a6b7-a807-47b2-9e97-09209d9c5800@group-D9D741084385:LeaderElection111] INFO  impl.LeaderElection (LeaderElection.java:askForVotes(182)) - 1718a6b7-a807-47b2-9e97-09209d9c5800@group-D9D741084385:LeaderElection111: begin an election at term 1 for -1: [1718a6b7-a807-47b2-9e97-09209d9c5800:192.168.151.82:35904, ab3cf4df-5976-458c-b5c2-4cdf8c4d91de:192.168.151.82:33779, bdd8cf1c-8d5c-4d45-9250-55158964142b:192.168.151.82:35056], old=null
2019-09-28 01:20:12,663 [bdd8cf1c-8d5c-4d45-9250-55158964142b@group-4D824C79387B:LeaderElection110] INFO  impl.RoleInfo (RoleInfo.java:shutdownLeaderElection(134)) - bdd8cf1c-8d5c-4d45-9250-55158964142b: shutdown LeaderElection
2019-09-28 01:20:12,663 [bdd8cf1c-8d5c-4d45-9250-55158964142b@group-4D824C79387B:LeaderElection110] INFO  impl.RaftServerImpl (RaftServerImpl.java:setRole(174)) - bdd8cf1c-8d5c-4d45-9250-55158964142b@group-4D824C79387B: changes role from CANDIDATE to LEADER at term 1 for changeToLeader
2019-09-28 01:20:12,663 [bdd8cf1c-8d5c-4d45-9250-55158964142b@group-4D824C79387B:LeaderElection110] INFO  impl.RaftServerImpl (ServerState.java:setLeader(253)) - bdd8cf1c-8d5c-4d45-9250-55158964142b@group-4D824C79387B: change Leader from null to bdd8cf1c-8d5c-4d45-9250-55158964142b at term 1 for becomeLeader, leader elected after 1215ms
2019-09-28 01:20:12,664 [bdd8cf1c-8d5c-4d45-9250-55158964142b@group-4D824C79387B:LeaderElection110] INFO  server.RaftServerConfigKeys (ConfUtils.java:logGet(43)) - raft.server.staging.catchup.gap = 1000 (default)
2019-09-28 01:20:12,664 [bdd8cf1c-8d5c-4d45-9250-55158964142b@group-4D824C79387B:LeaderElection110] INFO  server.RaftServerConfigKeys (ConfUtils.java:logGet(43)) - raft.server.rpc.sleep.time = 25ms (default)
2019-09-28 01:20:12,664 [bdd8cf1c-8d5c-4d45-9250-55158964142b@group-4D824C79387B:LeaderElection110] INFO  server.RaftServerConfigKeys (ConfUtils.java:logGet(43)) - raft.server.write.element-limit = 4096 (default)
2019-09-28 01:20:12,664 [bdd8cf1c-8d5c-4d45-9250-55158964142b@group-4D824C79387B:LeaderElection110] INFO  server.RaftServerConfigKeys (ConfUtils.java:logGet(43)) - raft.server.watch.timeout = 10s (default)
2019-09-28 01:20:12,665 [bdd8cf1c-8d5c-4d45-9250-55158964142b@group-4D824C79387B:LeaderElection110] INFO  server.RaftServerConfigKeys (ConfUtils.java:logGet(43)) - raft.server.watch.timeout.denomination = 1s (default)
2019-09-28 01:20:12,665 [bdd8cf1c-8d5c-4d45-9250-55158964142b@group-4D824C79387B:LeaderElection110] INFO  server.RaftServerConfigKeys (ConfUtils.java:logGet(43)) - raft.server.watch.element-limit = 65536 (default)
2019-09-28 01:20:12,671 [bdd8cf1c-8d5c-4d45-9250-55158964142b@group-4D824C79387B:LeaderElection110] INFO  impl.RoleInfo (RoleInfo.java:updateAndGet(143)) - bdd8cf1c-8d5c-4d45-9250-55158964142b: start LeaderState
2019-09-28 01:20:12,671 [bdd8cf1c-8d5c-4d45-9250-55158964142b@group-4D824C79387B:LeaderElection110] INFO  segmented.SegmentedRaftLogWorker (SegmentedRaftLogWorker.java:startLogSegment(380)) - bdd8cf1c-8d5c-4d45-9250-55158964142b@group-4D824C79387B-SegmentedRaftLogWorker: Starting segment from index:0
2019-09-28 01:20:12,675 [bdd8cf1c-8d5c-4d45-9250-55158964142b@group-D9D741084385:LeaderElection112] INFO  impl.LeaderElection (LeaderElection.java:askForVotes(182)) - bdd8cf1c-8d5c-4d45-9250-55158964142b@group-D9D741084385:LeaderElection112: begin an election at term 1 for -1: [1718a6b7-a807-47b2-9e97-09209d9c5800:192.168.151.82:35904, ab3cf4df-5976-458c-b5c2-4cdf8c4d91de:192.168.151.82:33779, bdd8cf1c-8d5c-4d45-9250-55158964142b:192.168.151.82:35056], old=null
2019-09-28 01:20:12,678 [bdd8cf1c-8d5c-4d45-9250-55158964142b@group-4D824C79387B:LeaderElection110] INFO  impl.RaftServerImpl (ServerState.java:setRaftConf(354)) - bdd8cf1c-8d5c-4d45-9250-55158964142b@group-4D824C79387B: set configuration 0: [bdd8cf1c-8d5c-4d45-9250-55158964142b:192.168.151.82:35056], old=null at 0
2019-09-28 01:20:12,722 [1718a6b7-a807-47b2-9e97-09209d9c5800@group-D9D741084385:LeaderElection111] INFO  impl.LeaderElection (LeaderElection.java:logAndReturn(56)) - 1718a6b7-a807-47b2-9e97-09209d9c5800@group-D9D741084385:LeaderElection111: Election REJECTED; received 2 response(s) [1718a6b7-a807-47b2-9e97-09209d9c5800<-ab3cf4df-5976-458c-b5c2-4cdf8c4d91de#0:FAIL-t1, 1718a6b7-a807-47b2-9e97-09209d9c5800<-bdd8cf1c-8d5c-4d45-9250-55158964142b#0:FAIL-t1] and 0 exception(s); 1718a6b7-a807-47b2-9e97-09209d9c5800@group-D9D741084385:t1, leader=null, voted=1718a6b7-a807-47b2-9e97-09209d9c5800, raftlog=1718a6b7-a807-47b2-9e97-09209d9c5800@group-D9D741084385-SegmentedRaftLog:OPENED:c-1,f-1,i0, conf=-1: [1718a6b7-a807-47b2-9e97-09209d9c5800:192.168.151.82:35904, ab3cf4df-5976-458c-b5c2-4cdf8c4d91de:192.168.151.82:33779, bdd8cf1c-8d5c-4d45-9250-55158964142b:192.168.151.82:35056], old=null
2019-09-28 01:20:12,722 [1718a6b7-a807-47b2-9e97-09209d9c5800@group-D9D741084385:LeaderElection111] INFO  impl.RaftServerImpl (RaftServerImpl.java:setRole(174)) - 1718a6b7-a807-47b2-9e97-09209d9c5800@group-D9D741084385: changes role from CANDIDATE to FOLLOWER at term 1 for DISCOVERED_A_NEW_TERM
2019-09-28 01:20:12,722 [1718a6b7-a807-47b2-9e97-09209d9c5800@group-D9D741084385:LeaderElection111] INFO  impl.RoleInfo (RoleInfo.java:shutdownLeaderElection(134)) - 1718a6b7-a807-47b2-9e97-09209d9c5800: shutdown LeaderElection
2019-09-28 01:20:12,723 [1718a6b7-a807-47b2-9e97-09209d9c5800@group-D9D741084385:LeaderElection111] INFO  impl.RoleInfo (RoleInfo.java:updateAndGet(143)) - 1718a6b7-a807-47b2-9e97-09209d9c5800: start FollowerState
2019-09-28 01:20:12,723 [ab3cf4df-5976-458c-b5c2-4cdf8c4d91de@group-D9D741084385:LeaderElection109] INFO  impl.LeaderElection (LeaderElection.java:logAndReturn(56)) - ab3cf4df-5976-458c-b5c2-4cdf8c4d91de@group-D9D741084385:LeaderElection109: Election REJECTED; received 2 response(s) [ab3cf4df-5976-458c-b5c2-4cdf8c4d91de<-1718a6b7-a807-47b2-9e97-09209d9c5800#0:FAIL-t1, ab3cf4df-5976-458c-b5c2-4cdf8c4d91de<-bdd8cf1c-8d5c-4d45-9250-55158964142b#0:FAIL-t1] and 0 exception(s); ab3cf4df-5976-458c-b5c2-4cdf8c4d91de@group-D9D741084385:t1, leader=null, voted=ab3cf4df-5976-458c-b5c2-4cdf8c4d91de, raftlog=ab3cf4df-5976-458c-b5c2-4cdf8c4d91de@group-D9D741084385-SegmentedRaftLog:OPENED:c-1,f-1,i0, conf=-1: [1718a6b7-a807-47b2-9e97-09209d9c5800:192.168.151.82:35904, ab3cf4df-5976-458c-b5c2-4cdf8c4d91de:192.168.151.82:33779, bdd8cf1c-8d5c-4d45-9250-55158964142b:192.168.151.82:35056], old=null
2019-09-28 01:20:12,723 [ab3cf4df-5976-458c-b5c2-4cdf8c4d91de@group-D9D741084385:LeaderElection109] INFO  impl.RaftServerImpl (RaftServerImpl.java:setRole(174)) - ab3cf4df-5976-458c-b5c2-4cdf8c4d91de@group-D9D741084385: changes role from CANDIDATE to FOLLOWER at term 1 for DISCOVERED_A_NEW_TERM
2019-09-28 01:20:12,723 [ab3cf4df-5976-458c-b5c2-4cdf8c4d91de@group-D9D741084385:LeaderElection109] INFO  impl.RoleInfo (RoleInfo.java:shutdownLeaderElection(134)) - ab3cf4df-5976-458c-b5c2-4cdf8c4d91de: shutdown LeaderElection
2019-09-28 01:20:12,723 [ab3cf4df-5976-458c-b5c2-4cdf8c4d91de@group-D9D741084385:LeaderElection109] INFO  impl.RoleInfo (RoleInfo.java:updateAndGet(143)) - ab3cf4df-5976-458c-b5c2-4cdf8c4d91de: start FollowerState
2019-09-28 01:20:12,732 [bdd8cf1c-8d5c-4d45-9250-55158964142b@group-D9D741084385:LeaderElection112] INFO  impl.LeaderElection (LeaderElection.java:logAndReturn(56)) - bdd8cf1c-8d5c-4d45-9250-55158964142b@group-D9D741084385:LeaderElection112: Election REJECTED; received 2 response(s) [bdd8cf1c-8d5c-4d45-9250-55158964142b<-1718a6b7-a807-47b2-9e97-09209d9c5800#0:FAIL-t1, bdd8cf1c-8d5c-4d45-9250-55158964142b<-ab3cf4df-5976-458c-b5c2-4cdf8c4d91de#0:FAIL-t1] and 0 exception(s); bdd8cf1c-8d5c-4d45-9250-55158964142b@group-D9D741084385:t1, leader=null, voted=bdd8cf1c-8d5c-4d45-9250-55158964142b, raftlog=bdd8cf1c-8d5c-4d45-9250-55158964142b@group-D9D741084385-SegmentedRaftLog:OPENED:c-1,f-1,i0, conf=-1: [1718a6b7-a807-47b2-9e97-09209d9c5800:192.168.151.82:35904, ab3cf4df-5976-458c-b5c2-4cdf8c4d91de:192.168.151.82:33779, bdd8cf1c-8d5c-4d45-9250-55158964142b:192.168.151.82:35056], old=null
2019-09-28 01:20:12,732 [bdd8cf1c-8d5c-4d45-9250-55158964142b@group-D9D741084385:LeaderElection112] INFO  impl.RaftServerImpl (RaftServerImpl.java:setRole(174)) - bdd8cf1c-8d5c-4d45-9250-55158964142b@group-D9D741084385: changes role from CANDIDATE to FOLLOWER at term 1 for DISCOVERED_A_NEW_TERM
2019-09-28 01:20:12,732 [bdd8cf1c-8d5c-4d45-9250-55158964142b@group-D9D741084385:LeaderElection112] INFO  impl.RoleInfo (RoleInfo.java:shutdownLeaderElection(134)) - bdd8cf1c-8d5c-4d45-9250-55158964142b: shutdown LeaderElection
2019-09-28 01:20:12,733 [bdd8cf1c-8d5c-4d45-9250-55158964142b@group-D9D741084385:LeaderElection112] INFO  impl.RoleInfo (RoleInfo.java:updateAndGet(143)) - bdd8cf1c-8d5c-4d45-9250-55158964142b: start FollowerState
2019-09-28 01:20:12,733 [Thread-6136] INFO  impl.FollowerState (FollowerState.java:run(106)) - 9ab63732-2b11-4d45-b3bd-cb418bdaf76f:group-5030209AB1C2 changes to CANDIDATE, lastRpcTime:1093, electionTimeout:1093ms
2019-09-28 01:20:12,733 [Thread-6136] INFO  impl.RoleInfo (RoleInfo.java:shutdownFollowerState(121)) - 9ab63732-2b11-4d45-b3bd-cb418bdaf76f: shutdown FollowerState
2019-09-28 01:20:12,733 [Thread-6136] INFO  impl.RaftServerImpl (RaftServerImpl.java:setRole(174)) - 9ab63732-2b11-4d45-b3bd-cb418bdaf76f@group-5030209AB1C2: changes role from  FOLLOWER to CANDIDATE at term 0 for changeToCandidate
2019-09-28 01:20:12,734 [Thread-6136] INFO  impl.RoleInfo (RoleInfo.java:updateAndGet(143)) - 9ab63732-2b11-4d45-b3bd-cb418bdaf76f: start LeaderElection
2019-09-28 01:20:12,734 [bdd8cf1c-8d5c-4d45-9250-55158964142b@group-4D824C79387B-SegmentedRaftLogWorker] INFO  segmented.SegmentedRaftLogWorker (SegmentedRaftLogWorker.java:execute(569)) - bdd8cf1c-8d5c-4d45-9250-55158964142b@group-4D824C79387B-SegmentedRaftLogWorker: created new log segment /workdir/hadoop-ozone/integration-test/target/test-dir/MiniOzoneClusterImpl-af2566c7-5146-4045-9885-51dcdbd53a0d/datanode-1/data/ratis/af959bf1-26a3-40bd-8b5b-4d824c79387b/current/log_inprogress_0
2019-09-28 01:20:12,751 [9ab63732-2b11-4d45-b3bd-cb418bdaf76f@group-5030209AB1C2:LeaderElection113] INFO  impl.LeaderElection (LeaderElection.java:askForVotes(182)) - 9ab63732-2b11-4d45-b3bd-cb418bdaf76f@group-5030209AB1C2:LeaderElection113: begin an election at term 1 for -1: [9ab63732-2b11-4d45-b3bd-cb418bdaf76f:192.168.151.82:37446], old=null
2019-09-28 01:20:12,751 [9ab63732-2b11-4d45-b3bd-cb418bdaf76f@group-5030209AB1C2:LeaderElection113] INFO  impl.RoleInfo (RoleInfo.java:shutdownLeaderElection(134)) - 9ab63732-2b11-4d45-b3bd-cb418bdaf76f: shutdown LeaderElection
2019-09-28 01:20:12,751 [9ab63732-2b11-4d45-b3bd-cb418bdaf76f@group-5030209AB1C2:LeaderElection113] INFO  impl.RaftServerImpl (RaftServerImpl.java:setRole(174)) - 9ab63732-2b11-4d45-b3bd-cb418bdaf76f@group-5030209AB1C2: changes role from CANDIDATE to LEADER at term 1 for changeToLeader
2019-09-28 01:20:12,751 [9ab63732-2b11-4d45-b3bd-cb418bdaf76f@group-5030209AB1C2:LeaderElection113] INFO  impl.RaftServerImpl (ServerState.java:setLeader(253)) - 9ab63732-2b11-4d45-b3bd-cb418bdaf76f@group-5030209AB1C2: change Leader from null to 9ab63732-2b11-4d45-b3bd-cb418bdaf76f at term 1 for becomeLeader, leader elected after 1120ms
2019-09-28 01:20:12,752 [9ab63732-2b11-4d45-b3bd-cb418bdaf76f@group-5030209AB1C2:LeaderElection113] INFO  server.RaftServerConfigKeys (ConfUtils.java:logGet(43)) - raft.server.staging.catchup.gap = 1000 (default)
2019-09-28 01:20:12,752 [9ab63732-2b11-4d45-b3bd-cb418bdaf76f@group-5030209AB1C2:LeaderElection113] INFO  server.RaftServerConfigKeys (ConfUtils.java:logGet(43)) - raft.server.rpc.sleep.time = 25ms (default)
2019-09-28 01:20:12,752 [9ab63732-2b11-4d45-b3bd-cb418bdaf76f@group-5030209AB1C2:LeaderElection113] INFO  server.RaftServerConfigKeys (ConfUtils.java:logGet(43)) - raft.server.write.element-limit = 4096 (default)
2019-09-28 01:20:12,752 [9ab63732-2b11-4d45-b3bd-cb418bdaf76f@group-5030209AB1C2:LeaderElection113] INFO  server.RaftServerConfigKeys (ConfUtils.java:logGet(43)) - raft.server.watch.timeout = 10s (default)
2019-09-28 01:20:12,752 [9ab63732-2b11-4d45-b3bd-cb418bdaf76f@group-5030209AB1C2:LeaderElection113] INFO  server.RaftServerConfigKeys (ConfUtils.java:logGet(43)) - raft.server.watch.timeout.denomination = 1s (default)
2019-09-28 01:20:12,752 [9ab63732-2b11-4d45-b3bd-cb418bdaf76f@group-5030209AB1C2:LeaderElection113] INFO  server.RaftServerConfigKeys (ConfUtils.java:logGet(43)) - raft.server.watch.element-limit = 65536 (default)
2019-09-28 01:20:12,756 [9ab63732-2b11-4d45-b3bd-cb418bdaf76f@group-5030209AB1C2:LeaderElection113] INFO  impl.RoleInfo (RoleInfo.java:updateAndGet(143)) - 9ab63732-2b11-4d45-b3bd-cb418bdaf76f: start LeaderState
2019-09-28 01:20:12,756 [9ab63732-2b11-4d45-b3bd-cb418bdaf76f@group-5030209AB1C2:LeaderElection113] INFO  segmented.SegmentedRaftLogWorker (SegmentedRaftLogWorker.java:startLogSegment(380)) - 9ab63732-2b11-4d45-b3bd-cb418bdaf76f@group-5030209AB1C2-SegmentedRaftLogWorker: Starting segment from index:0
2019-09-28 01:20:12,756 [9ab63732-2b11-4d45-b3bd-cb418bdaf76f@group-5030209AB1C2:LeaderElection113] INFO  impl.RaftServerImpl (ServerState.java:setRaftConf(354)) - 9ab63732-2b11-4d45-b3bd-cb418bdaf76f@group-5030209AB1C2: set configuration 0: [9ab63732-2b11-4d45-b3bd-cb418bdaf76f:192.168.151.82:37446], old=null at 0
2019-09-28 01:20:12,810 [Thread-6139] INFO  impl.FollowerState (FollowerState.java:run(106)) - 2f116fb9-3359-4137-b08e-444c3348f2a5:group-4AE38FFD66E4 changes to CANDIDATE, lastRpcTime:1110, electionTimeout:1110ms
2019-09-28 01:20:12,810 [Thread-6139] INFO  impl.RoleInfo (RoleInfo.java:shutdownFollowerState(121)) - 2f116fb9-3359-4137-b08e-444c3348f2a5: shutdown FollowerState
2019-09-28 01:20:12,810 [Thread-6139] INFO  impl.RaftServerImpl (RaftServerImpl.java:setRole(174)) - 2f116fb9-3359-4137-b08e-444c3348f2a5@group-4AE38FFD66E4: changes role from  FOLLOWER to CANDIDATE at term 0 for changeToCandidate
2019-09-28 01:20:12,811 [Thread-6139] INFO  impl.RoleInfo (RoleInfo.java:updateAndGet(143)) - 2f116fb9-3359-4137-b08e-444c3348f2a5: start LeaderElection
2019-09-28 01:20:12,816 [Thread-6142] INFO  impl.FollowerState (FollowerState.java:run(106)) - 01a90e73-792d-4935-bbf3-5d3894bf13f0:group-FAC356F7D0AE changes to CANDIDATE, lastRpcTime:1053, electionTimeout:1053ms
2019-09-28 01:20:12,816 [Thread-6142] INFO  impl.RoleInfo (RoleInfo.java:shutdownFollowerState(121)) - 01a90e73-792d-4935-bbf3-5d3894bf13f0: shutdown FollowerState
2019-09-28 01:20:12,817 [Thread-6142] INFO  impl.RaftServerImpl (RaftServerImpl.java:setRole(174)) - 01a90e73-792d-4935-bbf3-5d3894bf13f0@group-FAC356F7D0AE: changes role from  FOLLOWER to CANDIDATE at term 0 for changeToCandidate
2019-09-28 01:20:12,817 [Thread-6142] INFO  impl.RoleInfo (RoleInfo.java:updateAndGet(143)) - 01a90e73-792d-4935-bbf3-5d3894bf13f0: start LeaderElection
2019-09-28 01:20:12,825 [9ab63732-2b11-4d45-b3bd-cb418bdaf76f@group-5030209AB1C2-SegmentedRaftLogWorker] INFO  segmented.SegmentedRaftLogWorker (SegmentedRaftLogWorker.java:execute(569)) - 9ab63732-2b11-4d45-b3bd-cb418bdaf76f@group-5030209AB1C2-SegmentedRaftLogWorker: created new log segment /workdir/hadoop-ozone/integration-test/target/test-dir/MiniOzoneClusterImpl-af2566c7-5146-4045-9885-51dcdbd53a0d/datanode-4/data/ratis/525e0cfb-40f0-4d73-ae78-5030209ab1c2/current/log_inprogress_0
2019-09-28 01:20:12,827 [2f116fb9-3359-4137-b08e-444c3348f2a5@group-4AE38FFD66E4:LeaderElection114] INFO  impl.LeaderElection (LeaderElection.java:askForVotes(182)) - 2f116fb9-3359-4137-b08e-444c3348f2a5@group-4AE38FFD66E4:LeaderElection114: begin an election at term 1 for -1: [2f116fb9-3359-4137-b08e-444c3348f2a5:192.168.151.82:39869], old=null
2019-09-28 01:20:12,827 [01a90e73-792d-4935-bbf3-5d3894bf13f0@group-FAC356F7D0AE:LeaderElection115] INFO  impl.LeaderElection (LeaderElection.java:askForVotes(182)) - 01a90e73-792d-4935-bbf3-5d3894bf13f0@group-FAC356F7D0AE:LeaderElection115: begin an election at term 1 for -1: [01a90e73-792d-4935-bbf3-5d3894bf13f0:192.168.151.82:37184], old=null
2019-09-28 01:20:12,827 [2f116fb9-3359-4137-b08e-444c3348f2a5@group-4AE38FFD66E4:LeaderElection114] INFO  impl.RoleInfo (RoleInfo.java:shutdownLeaderElection(134)) - 2f116fb9-3359-4137-b08e-444c3348f2a5: shutdown LeaderElection
2019-09-28 01:20:12,827 [01a90e73-792d-4935-bbf3-5d3894bf13f0@group-FAC356F7D0AE:LeaderElection115] INFO  impl.RoleInfo (RoleInfo.java:shutdownLeaderElection(134)) - 01a90e73-792d-4935-bbf3-5d3894bf13f0: shutdown LeaderElection
2019-09-28 01:20:12,827 [2f116fb9-3359-4137-b08e-444c3348f2a5@group-4AE38FFD66E4:LeaderElection114] INFO  impl.RaftServerImpl (RaftServerImpl.java:setRole(174)) - 2f116fb9-3359-4137-b08e-444c3348f2a5@group-4AE38FFD66E4: changes role from CANDIDATE to LEADER at term 1 for changeToLeader
2019-09-28 01:20:12,828 [01a90e73-792d-4935-bbf3-5d3894bf13f0@group-FAC356F7D0AE:LeaderElection115] INFO  impl.RaftServerImpl (RaftServerImpl.java:setRole(174)) - 01a90e73-792d-4935-bbf3-5d3894bf13f0@group-FAC356F7D0AE: changes role from CANDIDATE to LEADER at term 1 for changeToLeader
2019-09-28 01:20:12,828 [2f116fb9-3359-4137-b08e-444c3348f2a5@group-4AE38FFD66E4:LeaderElection114] INFO  impl.RaftServerImpl (ServerState.java:setLeader(253)) - 2f116fb9-3359-4137-b08e-444c3348f2a5@group-4AE38FFD66E4: change Leader from null to 2f116fb9-3359-4137-b08e-444c3348f2a5 at term 1 for becomeLeader, leader elected after 1136ms
2019-09-28 01:20:12,828 [01a90e73-792d-4935-bbf3-5d3894bf13f0@group-FAC356F7D0AE:LeaderElection115] INFO  impl.RaftServerImpl (ServerState.java:setLeader(253)) - 01a90e73-792d-4935-bbf3-5d3894bf13f0@group-FAC356F7D0AE: change Leader from null to 01a90e73-792d-4935-bbf3-5d3894bf13f0 at term 1 for becomeLeader, leader elected after 1071ms
2019-09-28 01:20:12,828 [2f116fb9-3359-4137-b08e-444c3348f2a5@group-4AE38FFD66E4:LeaderElection114] INFO  server.RaftServerConfigKeys (ConfUtils.java:logGet(43)) - raft.server.staging.catchup.gap = 1000 (default)
2019-09-28 01:20:12,828 [01a90e73-792d-4935-bbf3-5d3894bf13f0@group-FAC356F7D0AE:LeaderElection115] INFO  server.RaftServerConfigKeys (ConfUtils.java:logGet(43)) - raft.server.staging.catchup.gap = 1000 (default)
2019-09-28 01:20:12,828 [2f116fb9-3359-4137-b08e-444c3348f2a5@group-4AE38FFD66E4:LeaderElection114] INFO  server.RaftServerConfigKeys (ConfUtils.java:logGet(43)) - raft.server.rpc.sleep.time = 25ms (default)
2019-09-28 01:20:12,828 [01a90e73-792d-4935-bbf3-5d3894bf13f0@group-FAC356F7D0AE:LeaderElection115] INFO  server.RaftServerConfigKeys (ConfUtils.java:logGet(43)) - raft.server.rpc.sleep.time = 25ms (default)
2019-09-28 01:20:12,829 [2f116fb9-3359-4137-b08e-444c3348f2a5@group-4AE38FFD66E4:LeaderElection114] INFO  server.RaftServerConfigKeys (ConfUtils.java:logGet(43)) - raft.server.write.element-limit = 4096 (default)
2019-09-28 01:20:12,829 [01a90e73-792d-4935-bbf3-5d3894bf13f0@group-FAC356F7D0AE:LeaderElection115] INFO  server.RaftServerConfigKeys (ConfUtils.java:logGet(43)) - raft.server.write.element-limit = 4096 (default)
2019-09-28 01:20:12,829 [2f116fb9-3359-4137-b08e-444c3348f2a5@group-4AE38FFD66E4:LeaderElection114] INFO  server.RaftServerConfigKeys (ConfUtils.java:logGet(43)) - raft.server.watch.timeout = 10s (default)
2019-09-28 01:20:12,829 [01a90e73-792d-4935-bbf3-5d3894bf13f0@group-FAC356F7D0AE:LeaderElection115] INFO  server.RaftServerConfigKeys (ConfUtils.java:logGet(43)) - raft.server.watch.timeout = 10s (default)
2019-09-28 01:20:12,829 [2f116fb9-3359-4137-b08e-444c3348f2a5@group-4AE38FFD66E4:LeaderElection114] INFO  server.RaftServerConfigKeys (ConfUtils.java:logGet(43)) - raft.server.watch.timeout.denomination = 1s (default)
2019-09-28 01:20:12,829 [01a90e73-792d-4935-bbf3-5d3894bf13f0@group-FAC356F7D0AE:LeaderElection115] INFO  server.RaftServerConfigKeys (ConfUtils.java:logGet(43)) - raft.server.watch.timeout.denomination = 1s (default)
2019-09-28 01:20:12,829 [2f116fb9-3359-4137-b08e-444c3348f2a5@group-4AE38FFD66E4:LeaderElection114] INFO  server.RaftServerConfigKeys (ConfUtils.java:logGet(43)) - raft.server.watch.element-limit = 65536 (default)
2019-09-28 01:20:12,830 [01a90e73-792d-4935-bbf3-5d3894bf13f0@group-FAC356F7D0AE:LeaderElection115] INFO  server.RaftServerConfigKeys (ConfUtils.java:logGet(43)) - raft.server.watch.element-limit = 65536 (default)
2019-09-28 01:20:12,833 [2f116fb9-3359-4137-b08e-444c3348f2a5@group-4AE38FFD66E4:LeaderElection114] INFO  impl.RoleInfo (RoleInfo.java:updateAndGet(143)) - 2f116fb9-3359-4137-b08e-444c3348f2a5: start LeaderState
2019-09-28 01:20:12,833 [01a90e73-792d-4935-bbf3-5d3894bf13f0@group-FAC356F7D0AE:LeaderElection115] INFO  impl.RoleInfo (RoleInfo.java:updateAndGet(143)) - 01a90e73-792d-4935-bbf3-5d3894bf13f0: start LeaderState
2019-09-28 01:20:12,833 [2f116fb9-3359-4137-b08e-444c3348f2a5@group-4AE38FFD66E4:LeaderElection114] INFO  segmented.SegmentedRaftLogWorker (SegmentedRaftLogWorker.java:startLogSegment(380)) - 2f116fb9-3359-4137-b08e-444c3348f2a5@group-4AE38FFD66E4-SegmentedRaftLogWorker: Starting segment from index:0
2019-09-28 01:20:12,833 [01a90e73-792d-4935-bbf3-5d3894bf13f0@group-FAC356F7D0AE:LeaderElection115] INFO  segmented.SegmentedRaftLogWorker (SegmentedRaftLogWorker.java:startLogSegment(380)) - 01a90e73-792d-4935-bbf3-5d3894bf13f0@group-FAC356F7D0AE-SegmentedRaftLogWorker: Starting segment from index:0
2019-09-28 01:20:12,834 [2f116fb9-3359-4137-b08e-444c3348f2a5@group-4AE38FFD66E4:LeaderElection114] INFO  impl.RaftServerImpl (ServerState.java:setRaftConf(354)) - 2f116fb9-3359-4137-b08e-444c3348f2a5@group-4AE38FFD66E4: set configuration 0: [2f116fb9-3359-4137-b08e-444c3348f2a5:192.168.151.82:39869], old=null at 0
2019-09-28 01:20:12,878 [01a90e73-792d-4935-bbf3-5d3894bf13f0@group-FAC356F7D0AE:LeaderElection115] INFO  impl.RaftServerImpl (ServerState.java:setRaftConf(354)) - 01a90e73-792d-4935-bbf3-5d3894bf13f0@group-FAC356F7D0AE: set configuration 0: [01a90e73-792d-4935-bbf3-5d3894bf13f0:192.168.151.82:37184], old=null at 0
2019-09-28 01:20:12,918 [2f116fb9-3359-4137-b08e-444c3348f2a5@group-4AE38FFD66E4-SegmentedRaftLogWorker] INFO  segmented.SegmentedRaftLogWorker (SegmentedRaftLogWorker.java:execute(569)) - 2f116fb9-3359-4137-b08e-444c3348f2a5@group-4AE38FFD66E4-SegmentedRaftLogWorker: created new log segment /workdir/hadoop-ozone/integration-test/target/test-dir/MiniOzoneClusterImpl-af2566c7-5146-4045-9885-51dcdbd53a0d/datanode-5/data/ratis/72b7e66c-4b84-4cda-9162-4ae38ffd66e4/current/log_inprogress_0
2019-09-28 01:20:12,931 [01a90e73-792d-4935-bbf3-5d3894bf13f0@group-FAC356F7D0AE-SegmentedRaftLogWorker] INFO  segmented.SegmentedRaftLogWorker (SegmentedRaftLogWorker.java:execute(569)) - 01a90e73-792d-4935-bbf3-5d3894bf13f0@group-FAC356F7D0AE-SegmentedRaftLogWorker: created new log segment /workdir/hadoop-ozone/integration-test/target/test-dir/MiniOzoneClusterImpl-af2566c7-5146-4045-9885-51dcdbd53a0d/datanode-6/data/ratis/9b142a60-701d-471b-9dc8-fac356f7d0ae/current/log_inprogress_0
2019-09-28 01:20:12,935 [main] INFO  ozone.MiniOzoneClusterImpl (MiniOzoneClusterImpl.java:lambda$waitForClusterToBeReady$0(147)) - Cluster is ready. Got 10 of 10 DN Heartbeats.
2019-09-28 01:20:12,965 [Thread-6145] INFO  impl.FollowerState (FollowerState.java:run(106)) - 0de61bcb-7b56-4d90-a285-7cc413e35ce2:group-E4AD2076B689 changes to CANDIDATE, lastRpcTime:1151, electionTimeout:1151ms
2019-09-28 01:20:12,965 [Thread-6145] INFO  impl.RoleInfo (RoleInfo.java:shutdownFollowerState(121)) - 0de61bcb-7b56-4d90-a285-7cc413e35ce2: shutdown FollowerState
2019-09-28 01:20:12,965 [Thread-6145] INFO  impl.RaftServerImpl (RaftServerImpl.java:setRole(174)) - 0de61bcb-7b56-4d90-a285-7cc413e35ce2@group-E4AD2076B689: changes role from  FOLLOWER to CANDIDATE at term 0 for changeToCandidate
2019-09-28 01:20:12,965 [Thread-6145] INFO  impl.RoleInfo (RoleInfo.java:updateAndGet(143)) - 0de61bcb-7b56-4d90-a285-7cc413e35ce2: start LeaderElection
2019-09-28 01:20:12,980 [Thread-6158] INFO  impl.FollowerState (FollowerState.java:run(106)) - 01a90e73-792d-4935-bbf3-5d3894bf13f0:group-6DBCB3E229B8 changes to CANDIDATE, lastRpcTime:1003, electionTimeout:1003ms
2019-09-28 01:20:12,981 [Thread-6158] INFO  impl.RoleInfo (RoleInfo.java:shutdownFollowerState(121)) - 01a90e73-792d-4935-bbf3-5d3894bf13f0: shutdown FollowerState
2019-09-28 01:20:12,981 [Thread-6158] INFO  impl.RaftServerImpl (RaftServerImpl.java:setRole(174)) - 01a90e73-792d-4935-bbf3-5d3894bf13f0@group-6DBCB3E229B8: changes role from  FOLLOWER to CANDIDATE at term 0 for changeToCandidate
2019-09-28 01:20:12,981 [Thread-6158] INFO  impl.RoleInfo (RoleInfo.java:updateAndGet(143)) - 01a90e73-792d-4935-bbf3-5d3894bf13f0: start LeaderElection
2019-09-28 01:20:12,990 [Thread-6160] INFO  impl.FollowerState (FollowerState.java:run(106)) - 6882fb80-f7ef-4730-ad10-ebcfa4f7520d:group-6DBCB3E229B8 changes to CANDIDATE, lastRpcTime:1012, electionTimeout:1012ms
2019-09-28 01:20:12,990 [0de61bcb-7b56-4d90-a285-7cc413e35ce2@group-E4AD2076B689:LeaderElection116] INFO  impl.LeaderElection (LeaderElection.java:askForVotes(182)) - 0de61bcb-7b56-4d90-a285-7cc413e35ce2@group-E4AD2076B689:LeaderElection116: begin an election at term 1 for -1: [0de61bcb-7b56-4d90-a285-7cc413e35ce2:192.168.151.82:35804], old=null
2019-09-28 01:20:12,990 [Thread-6160] INFO  impl.RoleInfo (RoleInfo.java:shutdownFollowerState(121)) - 6882fb80-f7ef-4730-ad10-ebcfa4f7520d: shutdown FollowerState
2019-09-28 01:20:12,990 [0de61bcb-7b56-4d90-a285-7cc413e35ce2@group-E4AD2076B689:LeaderElection116] INFO  impl.RoleInfo (RoleInfo.java:shutdownLeaderElection(134)) - 0de61bcb-7b56-4d90-a285-7cc413e35ce2: shutdown LeaderElection
2019-09-28 01:20:12,990 [01a90e73-792d-4935-bbf3-5d3894bf13f0@group-6DBCB3E229B8:LeaderElection117] INFO  impl.LeaderElection (LeaderElection.java:askForVotes(182)) - 01a90e73-792d-4935-bbf3-5d3894bf13f0@group-6DBCB3E229B8:LeaderElection117: begin an election at term 1 for -1: [01a90e73-792d-4935-bbf3-5d3894bf13f0:192.168.151.82:37184, 1966a829-263f-4752-b717-080d3fe051ab:192.168.151.82:34214, 6882fb80-f7ef-4730-ad10-ebcfa4f7520d:192.168.151.82:39537], old=null
2019-09-28 01:20:12,991 [0de61bcb-7b56-4d90-a285-7cc413e35ce2@group-E4AD2076B689:LeaderElection116] INFO  impl.RaftServerImpl (RaftServerImpl.java:setRole(174)) - 0de61bcb-7b56-4d90-a285-7cc413e35ce2@group-E4AD2076B689: changes role from CANDIDATE to LEADER at term 1 for changeToLeader
2019-09-28 01:20:12,991 [0de61bcb-7b56-4d90-a285-7cc413e35ce2@group-E4AD2076B689:LeaderElection116] INFO  impl.RaftServerImpl (ServerState.java:setLeader(253)) - 0de61bcb-7b56-4d90-a285-7cc413e35ce2@group-E4AD2076B689: change Leader from null to 0de61bcb-7b56-4d90-a285-7cc413e35ce2 at term 1 for becomeLeader, leader elected after 1185ms
2019-09-28 01:20:12,991 [Thread-6160] INFO  impl.RaftServerImpl (RaftServerImpl.java:setRole(174)) - 6882fb80-f7ef-4730-ad10-ebcfa4f7520d@group-6DBCB3E229B8: changes role from  FOLLOWER to CANDIDATE at term 0 for changeToCandidate
2019-09-28 01:20:12,991 [0de61bcb-7b56-4d90-a285-7cc413e35ce2@group-E4AD2076B689:LeaderElection116] INFO  server.RaftServerConfigKeys (ConfUtils.java:logGet(43)) - raft.server.staging.catchup.gap = 1000 (default)
2019-09-28 01:20:12,991 [Thread-6160] INFO  impl.RoleInfo (RoleInfo.java:updateAndGet(143)) - 6882fb80-f7ef-4730-ad10-ebcfa4f7520d: start LeaderElection
2019-09-28 01:20:12,992 [0de61bcb-7b56-4d90-a285-7cc413e35ce2@group-E4AD2076B689:LeaderElection116] INFO  server.RaftServerConfigKeys (ConfUtils.java:logGet(43)) - raft.server.rpc.sleep.time = 25ms (default)
2019-09-28 01:20:12,992 [0de61bcb-7b56-4d90-a285-7cc413e35ce2@group-E4AD2076B689:LeaderElection116] INFO  server.RaftServerConfigKeys (ConfUtils.java:logGet(43)) - raft.server.write.element-limit = 4096 (default)
2019-09-28 01:20:12,992 [0de61bcb-7b56-4d90-a285-7cc413e35ce2@group-E4AD2076B689:LeaderElection116] INFO  server.RaftServerConfigKeys (ConfUtils.java:logGet(43)) - raft.server.watch.timeout = 10s (default)
2019-09-28 01:20:12,997 [0de61bcb-7b56-4d90-a285-7cc413e35ce2@group-E4AD2076B689:LeaderElection116] INFO  server.RaftServerConfigKeys (ConfUtils.java:logGet(43)) - raft.server.watch.timeout.denomination = 1s (default)
2019-09-28 01:20:12,997 [0de61bcb-7b56-4d90-a285-7cc413e35ce2@group-E4AD2076B689:LeaderElection116] INFO  server.RaftServerConfigKeys (ConfUtils.java:logGet(43)) - raft.server.watch.element-limit = 65536 (default)
2019-09-28 01:20:12,999 [0de61bcb-7b56-4d90-a285-7cc413e35ce2@group-E4AD2076B689:LeaderElection116] INFO  impl.RoleInfo (RoleInfo.java:updateAndGet(143)) - 0de61bcb-7b56-4d90-a285-7cc413e35ce2: start LeaderState
2019-09-28 01:20:12,999 [0de61bcb-7b56-4d90-a285-7cc413e35ce2@group-E4AD2076B689:LeaderElection116] INFO  segmented.SegmentedRaftLogWorker (SegmentedRaftLogWorker.java:startLogSegment(380)) - 0de61bcb-7b56-4d90-a285-7cc413e35ce2@group-E4AD2076B689-SegmentedRaftLogWorker: Starting segment from index:0
2019-09-28 01:20:12,999 [0de61bcb-7b56-4d90-a285-7cc413e35ce2@group-E4AD2076B689:LeaderElection116] INFO  impl.RaftServerImpl (ServerState.java:setRaftConf(354)) - 0de61bcb-7b56-4d90-a285-7cc413e35ce2@group-E4AD2076B689: set configuration 0: [0de61bcb-7b56-4d90-a285-7cc413e35ce2:192.168.151.82:35804], old=null at 0
2019-09-28 01:20:13,042 [Thread-6148] INFO  impl.FollowerState (FollowerState.java:run(106)) - 6882fb80-f7ef-4730-ad10-ebcfa4f7520d:group-BF1E1E5E7E12 changes to CANDIDATE, lastRpcTime:1178, electionTimeout:1145ms
2019-09-28 01:20:13,042 [Thread-6151] INFO  impl.FollowerState (FollowerState.java:run(106)) - 1966a829-263f-4752-b717-080d3fe051ab:group-4DC6CF445378 changes to CANDIDATE, lastRpcTime:1120, electionTimeout:1080ms
2019-09-28 01:20:13,042 [6882fb80-f7ef-4730-ad10-ebcfa4f7520d@group-6DBCB3E229B8:LeaderElection118] INFO  impl.LeaderElection (LeaderElection.java:askForVotes(182)) - 6882fb80-f7ef-4730-ad10-ebcfa4f7520d@group-6DBCB3E229B8:LeaderElection118: begin an election at term 1 for -1: [01a90e73-792d-4935-bbf3-5d3894bf13f0:192.168.151.82:37184, 1966a829-263f-4752-b717-080d3fe051ab:192.168.151.82:34214, 6882fb80-f7ef-4730-ad10-ebcfa4f7520d:192.168.151.82:39537], old=null
2019-09-28 01:20:13,042 [Thread-6151] INFO  impl.RoleInfo (RoleInfo.java:shutdownFollowerState(121)) - 1966a829-263f-4752-b717-080d3fe051ab: shutdown FollowerState
2019-09-28 01:20:13,042 [Thread-6148] INFO  impl.RoleInfo (RoleInfo.java:shutdownFollowerState(121)) - 6882fb80-f7ef-4730-ad10-ebcfa4f7520d: shutdown FollowerState
2019-09-28 01:20:13,042 [Thread-6151] INFO  impl.RaftServerImpl (RaftServerImpl.java:setRole(174)) - 1966a829-263f-4752-b717-080d3fe051ab@group-4DC6CF445378: changes role from  FOLLOWER to CANDIDATE at term 0 for changeToCandidate
2019-09-28 01:20:13,042 [Thread-6148] INFO  impl.RaftServerImpl (RaftServerImpl.java:setRole(174)) - 6882fb80-f7ef-4730-ad10-ebcfa4f7520d@group-BF1E1E5E7E12: changes role from  FOLLOWER to CANDIDATE at term 0 for changeToCandidate
2019-09-28 01:20:13,043 [Thread-6151] INFO  impl.RoleInfo (RoleInfo.java:updateAndGet(143)) - 1966a829-263f-4752-b717-080d3fe051ab: start LeaderElection
2019-09-28 01:20:13,042 [grpc-default-executor-2] INFO  impl.RaftServerImpl (RaftServerImpl.java:setRole(174)) - 1966a829-263f-4752-b717-080d3fe051ab@group-6DBCB3E229B8: changes role from  FOLLOWER to FOLLOWER at term 1 for recognizeCandidate:01a90e73-792d-4935-bbf3-5d3894bf13f0
2019-09-28 01:20:13,043 [Thread-6148] INFO  impl.RoleInfo (RoleInfo.java:updateAndGet(143)) - 6882fb80-f7ef-4730-ad10-ebcfa4f7520d: start LeaderElection
2019-09-28 01:20:13,043 [grpc-default-executor-2] INFO  impl.RoleInfo (RoleInfo.java:shutdownFollowerState(121)) - 1966a829-263f-4752-b717-080d3fe051ab: shutdown FollowerState
2019-09-28 01:20:13,050 [grpc-default-executor-2] INFO  impl.RoleInfo (RoleInfo.java:updateAndGet(143)) - 1966a829-263f-4752-b717-080d3fe051ab: start FollowerState
2019-09-28 01:20:13,055 [Thread-6155] INFO  impl.FollowerState (FollowerState.java:run(115)) - 1966a829-263f-4752-b717-080d3fe051ab: FollowerState was interrupted: java.lang.InterruptedException: sleep interrupted
2019-09-28 01:20:13,063 [0de61bcb-7b56-4d90-a285-7cc413e35ce2@group-E4AD2076B689-SegmentedRaftLogWorker] INFO  segmented.SegmentedRaftLogWorker (SegmentedRaftLogWorker.java:execute(569)) - 0de61bcb-7b56-4d90-a285-7cc413e35ce2@group-E4AD2076B689-SegmentedRaftLogWorker: created new log segment /workdir/hadoop-ozone/integration-test/target/test-dir/MiniOzoneClusterImpl-af2566c7-5146-4045-9885-51dcdbd53a0d/datanode-3/data/ratis/6ea3b523-e802-48f3-a688-e4ad2076b689/current/log_inprogress_0
2019-09-28 01:20:13,077 [6882fb80-f7ef-4730-ad10-ebcfa4f7520d@group-BF1E1E5E7E12:LeaderElection120] INFO  impl.LeaderElection (LeaderElection.java:askForVotes(182)) - 6882fb80-f7ef-4730-ad10-ebcfa4f7520d@group-BF1E1E5E7E12:LeaderElection120: begin an election at term 1 for -1: [6882fb80-f7ef-4730-ad10-ebcfa4f7520d:192.168.151.82:39537], old=null
2019-09-28 01:20:13,077 [1966a829-263f-4752-b717-080d3fe051ab@group-4DC6CF445378:LeaderElection119] INFO  impl.LeaderElection (LeaderElection.java:askForVotes(182)) - 1966a829-263f-4752-b717-080d3fe051ab@group-4DC6CF445378:LeaderElection119: begin an election at term 1 for -1: [1966a829-263f-4752-b717-080d3fe051ab:192.168.151.82:34214], old=null
2019-09-28 01:20:13,077 [6882fb80-f7ef-4730-ad10-ebcfa4f7520d@group-BF1E1E5E7E12:LeaderElection120] INFO  impl.RoleInfo (RoleInfo.java:shutdownLeaderElection(134)) - 6882fb80-f7ef-4730-ad10-ebcfa4f7520d: shutdown LeaderElection
2019-09-28 01:20:13,080 [1966a829-263f-4752-b717-080d3fe051ab@group-4DC6CF445378:LeaderElection119] INFO  impl.RoleInfo (RoleInfo.java:shutdownLeaderElection(134)) - 1966a829-263f-4752-b717-080d3fe051ab: shutdown LeaderElection
2019-09-28 01:20:13,080 [6882fb80-f7ef-4730-ad10-ebcfa4f7520d@group-BF1E1E5E7E12:LeaderElection120] INFO  impl.RaftServerImpl (RaftServerImpl.java:setRole(174)) - 6882fb80-f7ef-4730-ad10-ebcfa4f7520d@group-BF1E1E5E7E12: changes role from CANDIDATE to LEADER at term 1 for changeToLeader
2019-09-28 01:20:13,080 [1966a829-263f-4752-b717-080d3fe051ab@group-4DC6CF445378:LeaderElection119] INFO  impl.RaftServerImpl (RaftServerImpl.java:setRole(174)) - 1966a829-263f-4752-b717-080d3fe051ab@group-4DC6CF445378: changes role from CANDIDATE to LEADER at term 1 for changeToLeader
2019-09-28 01:20:13,080 [6882fb80-f7ef-4730-ad10-ebcfa4f7520d@group-BF1E1E5E7E12:LeaderElection120] INFO  impl.RaftServerImpl (ServerState.java:setLeader(253)) - 6882fb80-f7ef-4730-ad10-ebcfa4f7520d@group-BF1E1E5E7E12: change Leader from null to 6882fb80-f7ef-4730-ad10-ebcfa4f7520d at term 1 for becomeLeader, leader elected after 1225ms
2019-09-28 01:20:13,080 [1966a829-263f-4752-b717-080d3fe051ab@group-4DC6CF445378:LeaderElection119] INFO  impl.RaftServerImpl (ServerState.java:setLeader(253)) - 1966a829-263f-4752-b717-080d3fe051ab@group-4DC6CF445378: change Leader from null to 1966a829-263f-4752-b717-080d3fe051ab at term 1 for becomeLeader, leader elected after 1168ms
2019-09-28 01:20:13,080 [6882fb80-f7ef-4730-ad10-ebcfa4f7520d@group-BF1E1E5E7E12:LeaderElection120] INFO  server.RaftServerConfigKeys (ConfUtils.java:logGet(43)) - raft.server.staging.catchup.gap = 1000 (default)
2019-09-28 01:20:13,081 [6882fb80-f7ef-4730-ad10-ebcfa4f7520d@group-6DBCB3E229B8:LeaderElection118] INFO  impl.LeaderElection (LeaderElection.java:logAndReturn(56)) - 6882fb80-f7ef-4730-ad10-ebcfa4f7520d@group-6DBCB3E229B8:LeaderElection118: Election REJECTED; received 2 response(s) [6882fb80-f7ef-4730-ad10-ebcfa4f7520d<-01a90e73-792d-4935-bbf3-5d3894bf13f0#0:FAIL-t1, 6882fb80-f7ef-4730-ad10-ebcfa4f7520d<-1966a829-263f-4752-b717-080d3fe051ab#0:FAIL-t1] and 0 exception(s); 6882fb80-f7ef-4730-ad10-ebcfa4f7520d@group-6DBCB3E229B8:t1, leader=null, voted=6882fb80-f7ef-4730-ad10-ebcfa4f7520d, raftlog=6882fb80-f7ef-4730-ad10-ebcfa4f7520d@group-6DBCB3E229B8-SegmentedRaftLog:OPENED:c-1,f-1,i0, conf=-1: [01a90e73-792d-4935-bbf3-5d3894bf13f0:192.168.151.82:37184, 1966a829-263f-4752-b717-080d3fe051ab:192.168.151.82:34214, 6882fb80-f7ef-4730-ad10-ebcfa4f7520d:192.168.151.82:39537], old=null
2019-09-28 01:20:13,081 [01a90e73-792d-4935-bbf3-5d3894bf13f0@group-6DBCB3E229B8:LeaderElection117] INFO  impl.LeaderElection (LeaderElection.java:logAndReturn(56)) - 01a90e73-792d-4935-bbf3-5d3894bf13f0@group-6DBCB3E229B8:LeaderElection117: Election PASSED; received 2 response(s) [01a90e73-792d-4935-bbf3-5d3894bf13f0<-1966a829-263f-4752-b717-080d3fe051ab#0:OK-t1, 01a90e73-792d-4935-bbf3-5d3894bf13f0<-6882fb80-f7ef-4730-ad10-ebcfa4f7520d#0:FAIL-t1] and 0 exception(s); 01a90e73-792d-4935-bbf3-5d3894bf13f0@group-6DBCB3E229B8:t1, leader=null, voted=01a90e73-792d-4935-bbf3-5d3894bf13f0, raftlog=01a90e73-792d-4935-bbf3-5d3894bf13f0@group-6DBCB3E229B8-SegmentedRaftLog:OPENED:c-1,f-1,i0, conf=-1: [01a90e73-792d-4935-bbf3-5d3894bf13f0:192.168.151.82:37184, 1966a829-263f-4752-b717-080d3fe051ab:192.168.151.82:34214, 6882fb80-f7ef-4730-ad10-ebcfa4f7520d:192.168.151.82:39537], old=null
2019-09-28 01:20:13,081 [1966a829-263f-4752-b717-080d3fe051ab@group-4DC6CF445378:LeaderElection119] INFO  server.RaftServerConfigKeys (ConfUtils.java:logGet(43)) - raft.server.staging.catchup.gap = 1000 (default)
2019-09-28 01:20:13,081 [01a90e73-792d-4935-bbf3-5d3894bf13f0@group-6DBCB3E229B8:LeaderElection117] INFO  impl.RoleInfo (RoleInfo.java:shutdownLeaderElection(134)) - 01a90e73-792d-4935-bbf3-5d3894bf13f0: shutdown LeaderElection
2019-09-28 01:20:13,081 [6882fb80-f7ef-4730-ad10-ebcfa4f7520d@group-6DBCB3E229B8:LeaderElection118] INFO  impl.RaftServerImpl (RaftServerImpl.java:setRole(174)) - 6882fb80-f7ef-4730-ad10-ebcfa4f7520d@group-6DBCB3E229B8: changes role from CANDIDATE to FOLLOWER at term 1 for DISCOVERED_A_NEW_TERM
2019-09-28 01:20:13,081 [6882fb80-f7ef-4730-ad10-ebcfa4f7520d@group-BF1E1E5E7E12:LeaderElection120] INFO  server.RaftServerConfigKeys (ConfUtils.java:logGet(43)) - raft.server.rpc.sleep.time = 25ms (default)
2019-09-28 01:20:13,082 [6882fb80-f7ef-4730-ad10-ebcfa4f7520d@group-6DBCB3E229B8:LeaderElection118] INFO  impl.RoleInfo (RoleInfo.java:shutdownLeaderElection(134)) - 6882fb80-f7ef-4730-ad10-ebcfa4f7520d: shutdown LeaderElection
2019-09-28 01:20:13,082 [6882fb80-f7ef-4730-ad10-ebcfa4f7520d@group-6DBCB3E229B8:LeaderElection118] INFO  impl.RoleInfo (RoleInfo.java:updateAndGet(143)) - 6882fb80-f7ef-4730-ad10-ebcfa4f7520d: start FollowerState
2019-09-28 01:20:13,082 [01a90e73-792d-4935-bbf3-5d3894bf13f0@group-6DBCB3E229B8:LeaderElection117] INFO  impl.RaftServerImpl (RaftServerImpl.java:setRole(174)) - 01a90e73-792d-4935-bbf3-5d3894bf13f0@group-6DBCB3E229B8: changes role from CANDIDATE to LEADER at term 1 for changeToLeader
2019-09-28 01:20:13,082 [1966a829-263f-4752-b717-080d3fe051ab@group-4DC6CF445378:LeaderElection119] INFO  server.RaftServerConfigKeys (ConfUtils.java:logGet(43)) - raft.server.rpc.sleep.time = 25ms (default)
2019-09-28 01:20:13,082 [01a90e73-792d-4935-bbf3-5d3894bf13f0@group-6DBCB3E229B8:LeaderElection117] INFO  impl.RaftServerImpl (ServerState.java:setLeader(253)) - 01a90e73-792d-4935-bbf3-5d3894bf13f0@group-6DBCB3E229B8: change Leader from null to 01a90e73-792d-4935-bbf3-5d3894bf13f0 at term 1 for becomeLeader, leader elected after 1115ms
2019-09-28 01:20:13,082 [6882fb80-f7ef-4730-ad10-ebcfa4f7520d@group-BF1E1E5E7E12:LeaderElection120] INFO  server.RaftServerConfigKeys (ConfUtils.java:logGet(43)) - raft.server.write.element-limit = 4096 (default)
2019-09-28 01:20:13,083 [01a90e73-792d-4935-bbf3-5d3894bf13f0@group-6DBCB3E229B8:LeaderElection117] INFO  server.RaftServerConfigKeys (ConfUtils.java:logGet(43)) - raft.server.staging.catchup.gap = 1000 (default)
2019-09-28 01:20:13,083 [1966a829-263f-4752-b717-080d3fe051ab@group-4DC6CF445378:LeaderElection119] INFO  server.RaftServerConfigKeys (ConfUtils.java:logGet(43)) - raft.server.write.element-limit = 4096 (default)
2019-09-28 01:20:13,083 [01a90e73-792d-4935-bbf3-5d3894bf13f0@group-6DBCB3E229B8:LeaderElection117] INFO  server.RaftServerConfigKeys (ConfUtils.java:logGet(43)) - raft.server.rpc.sleep.time = 25ms (default)
2019-09-28 01:20:13,083 [6882fb80-f7ef-4730-ad10-ebcfa4f7520d@group-BF1E1E5E7E12:LeaderElection120] INFO  server.RaftServerConfigKeys (ConfUtils.java:logGet(43)) - raft.server.watch.timeout = 10s (default)
2019-09-28 01:20:13,083 [01a90e73-792d-4935-bbf3-5d3894bf13f0@group-6DBCB3E229B8:LeaderElection117] INFO  server.RaftServerConfigKeys (ConfUtils.java:logGet(43)) - raft.server.write.element-limit = 4096 (default)
2019-09-28 01:20:13,083 [1966a829-263f-4752-b717-080d3fe051ab@group-4DC6CF445378:LeaderElection119] INFO  server.RaftServerConfigKeys (ConfUtils.java:logGet(43)) - raft.server.watch.timeout = 10s (default)
2019-09-28 01:20:13,084 [01a90e73-792d-4935-bbf3-5d3894bf13f0@group-6DBCB3E229B8:LeaderElection117] INFO  server.RaftServerConfigKeys (ConfUtils.java:logGet(43)) - raft.server.watch.timeout = 10s (default)
2019-09-28 01:20:13,083 [6882fb80-f7ef-4730-ad10-ebcfa4f7520d@group-BF1E1E5E7E12:LeaderElection120] INFO  server.RaftServerConfigKeys (ConfUtils.java:logGet(43)) - raft.server.watch.timeout.denomination = 1s (default)
2019-09-28 01:20:13,084 [01a90e73-792d-4935-bbf3-5d3894bf13f0@group-6DBCB3E229B8:LeaderElection117] INFO  server.RaftServerConfigKeys (ConfUtils.java:logGet(43)) - raft.server.watch.timeout.denomination = 1s (default)
2019-09-28 01:20:13,084 [1966a829-263f-4752-b717-080d3fe051ab@group-4DC6CF445378:LeaderElection119] INFO  server.RaftServerConfigKeys (ConfUtils.java:logGet(43)) - raft.server.watch.timeout.denomination = 1s (default)
2019-09-28 01:20:13,084 [01a90e73-792d-4935-bbf3-5d3894bf13f0@group-6DBCB3E229B8:LeaderElection117] INFO  server.RaftServerConfigKeys (ConfUtils.java:logGet(43)) - raft.server.watch.element-limit = 65536 (default)
2019-09-28 01:20:13,084 [6882fb80-f7ef-4730-ad10-ebcfa4f7520d@group-BF1E1E5E7E12:LeaderElection120] INFO  server.RaftServerConfigKeys (ConfUtils.java:logGet(43)) - raft.server.watch.element-limit = 65536 (default)
2019-09-28 01:20:13,084 [1966a829-263f-4752-b717-080d3fe051ab@group-4DC6CF445378:LeaderElection119] INFO  server.RaftServerConfigKeys (ConfUtils.java:logGet(43)) - raft.server.watch.element-limit = 65536 (default)
2019-09-28 01:20:13,090 [01a90e73-792d-4935-bbf3-5d3894bf13f0@group-6DBCB3E229B8:LeaderElection117] INFO  server.RaftServerConfigKeys (ConfUtils.java:logGet(43)) - raft.server.log.appender.snapshot.chunk.size.max = 16MB (=16777216) (default)
2019-09-28 01:20:13,090 [01a90e73-792d-4935-bbf3-5d3894bf13f0@group-6DBCB3E229B8:LeaderElection117] INFO  server.RaftServerConfigKeys (ConfUtils.java:logGet(43)) - raft.server.log.appender.buffer.byte-limit = 33554432 (custom)
2019-09-28 01:20:13,090 [6882fb80-f7ef-4730-ad10-ebcfa4f7520d@group-BF1E1E5E7E12:LeaderElection120] INFO  impl.RoleInfo (RoleInfo.java:updateAndGet(143)) - 6882fb80-f7ef-4730-ad10-ebcfa4f7520d: start LeaderState
2019-09-28 01:20:13,090 [1966a829-263f-4752-b717-080d3fe051ab@group-4DC6CF445378:LeaderElection119] INFO  impl.RoleInfo (RoleInfo.java:updateAndGet(143)) - 1966a829-263f-4752-b717-080d3fe051ab: start LeaderState
2019-09-28 01:20:13,090 [01a90e73-792d-4935-bbf3-5d3894bf13f0@group-6DBCB3E229B8:LeaderElection117] INFO  server.RaftServerConfigKeys (ConfUtils.java:logGet(43)) - raft.server.log.appender.buffer.element-limit = 1 (custom)
2019-09-28 01:20:13,091 [1966a829-263f-4752-b717-080d3fe051ab@group-4DC6CF445378:LeaderElection119] INFO  segmented.SegmentedRaftLogWorker (SegmentedRaftLogWorker.java:startLogSegment(380)) - 1966a829-263f-4752-b717-080d3fe051ab@group-4DC6CF445378-SegmentedRaftLogWorker: Starting segment from index:0
2019-09-28 01:20:13,091 [6882fb80-f7ef-4730-ad10-ebcfa4f7520d@group-BF1E1E5E7E12:LeaderElection120] INFO  segmented.SegmentedRaftLogWorker (SegmentedRaftLogWorker.java:startLogSegment(380)) - 6882fb80-f7ef-4730-ad10-ebcfa4f7520d@group-BF1E1E5E7E12-SegmentedRaftLogWorker: Starting segment from index:0
2019-09-28 01:20:13,091 [01a90e73-792d-4935-bbf3-5d3894bf13f0@group-6DBCB3E229B8:LeaderElection117] INFO  grpc.GrpcConfigKeys$Server (ConfUtils.java:logGet(43)) - raft.grpc.server.leader.outstanding.appends.max = 128 (default)
2019-09-28 01:20:13,091 [1966a829-263f-4752-b717-080d3fe051ab@group-4DC6CF445378:LeaderElection119] INFO  impl.RaftServerImpl (ServerState.java:setRaftConf(354)) - 1966a829-263f-4752-b717-080d3fe051ab@group-4DC6CF445378: set configuration 0: [1966a829-263f-4752-b717-080d3fe051ab:192.168.151.82:34214], old=null at 0
2019-09-28 01:20:13,092 [01a90e73-792d-4935-bbf3-5d3894bf13f0@group-6DBCB3E229B8:LeaderElection117] INFO  server.RaftServerConfigKeys (ConfUtils.java:logGet(43)) - raft.server.rpc.request.timeout = 3000ms (default)
2019-09-28 01:20:13,092 [6882fb80-f7ef-4730-ad10-ebcfa4f7520d@group-BF1E1E5E7E12:LeaderElection120] INFO  impl.RaftServerImpl (ServerState.java:setRaftConf(354)) - 6882fb80-f7ef-4730-ad10-ebcfa4f7520d@group-BF1E1E5E7E12: set configuration 0: [6882fb80-f7ef-4730-ad10-ebcfa4f7520d:192.168.151.82:39537], old=null at 0
2019-09-28 01:20:13,131 [01a90e73-792d-4935-bbf3-5d3894bf13f0@group-6DBCB3E229B8:LeaderElection117] INFO  server.RaftServerConfigKeys (ConfUtils.java:logGet(43)) - raft.server.log.appender.install.snapshot.enabled = false (custom)
2019-09-28 01:20:13,170 [1966a829-263f-4752-b717-080d3fe051ab@group-4DC6CF445378-SegmentedRaftLogWorker] INFO  segmented.SegmentedRaftLogWorker (SegmentedRaftLogWorker.java:execute(569)) - 1966a829-263f-4752-b717-080d3fe051ab@group-4DC6CF445378-SegmentedRaftLogWorker: created new log segment /workdir/hadoop-ozone/integration-test/target/test-dir/MiniOzoneClusterImpl-af2566c7-5146-4045-9885-51dcdbd53a0d/datanode-8/data/ratis/600463e5-d1eb-4607-909d-4dc6cf445378/current/log_inprogress_0
2019-09-28 01:20:13,170 [Thread-6167] INFO  impl.FollowerState (FollowerState.java:run(106)) - 2f116fb9-3359-4137-b08e-444c3348f2a5:group-4C9F0EF89CA4 changes to CANDIDATE, lastRpcTime:1122, electionTimeout:1092ms
2019-09-28 01:20:13,169 [Thread-6166] INFO  impl.FollowerState (FollowerState.java:run(106)) - 9ab63732-2b11-4d45-b3bd-cb418bdaf76f:group-4C9F0EF89CA4 changes to CANDIDATE, lastRpcTime:1122, electionTimeout:1115ms
2019-09-28 01:20:13,170 [01a90e73-792d-4935-bbf3-5d3894bf13f0@group-6DBCB3E229B8:LeaderElection117] INFO  server.RaftServerConfigKeys (ConfUtils.java:logGet(43)) - raft.server.log.appender.snapshot.chunk.size.max = 16MB (=16777216) (default)
2019-09-28 01:20:13,171 [Thread-6166] INFO  impl.RoleInfo (RoleInfo.java:shutdownFollowerState(121)) - 9ab63732-2b11-4d45-b3bd-cb418bdaf76f: shutdown FollowerState
2019-09-28 01:20:13,171 [01a90e73-792d-4935-bbf3-5d3894bf13f0@group-6DBCB3E229B8:LeaderElection117] INFO  server.RaftServerConfigKeys (ConfUtils.java:logGet(43)) - raft.server.log.appender.buffer.byte-limit = 33554432 (custom)
2019-09-28 01:20:13,170 [Thread-6167] INFO  impl.RoleInfo (RoleInfo.java:shutdownFollowerState(121)) - 2f116fb9-3359-4137-b08e-444c3348f2a5: shutdown FollowerState
2019-09-28 01:20:13,171 [01a90e73-792d-4935-bbf3-5d3894bf13f0@group-6DBCB3E229B8:LeaderElection117] INFO  server.RaftServerConfigKeys (ConfUtils.java:logGet(43)) - raft.server.log.appender.buffer.element-limit = 1 (custom)
2019-09-28 01:20:13,171 [Thread-6166] INFO  impl.RaftServerImpl (RaftServerImpl.java:setRole(174)) - 9ab63732-2b11-4d45-b3bd-cb418bdaf76f@group-4C9F0EF89CA4: changes role from  FOLLOWER to CANDIDATE at term 0 for changeToCandidate
2019-09-28 01:20:13,171 [01a90e73-792d-4935-bbf3-5d3894bf13f0@group-6DBCB3E229B8:LeaderElection117] INFO  grpc.GrpcConfigKeys$Server (ConfUtils.java:logGet(43)) - raft.grpc.server.leader.outstanding.appends.max = 128 (default)
2019-09-28 01:20:13,171 [Thread-6167] INFO  impl.RaftServerImpl (RaftServerImpl.java:setRole(174)) - 2f116fb9-3359-4137-b08e-444c3348f2a5@group-4C9F0EF89CA4: changes role from  FOLLOWER to CANDIDATE at term 0 for changeToCandidate
2019-09-28 01:20:13,171 [01a90e73-792d-4935-bbf3-5d3894bf13f0@group-6DBCB3E229B8:LeaderElection117] INFO  server.RaftServerConfigKeys (ConfUtils.java:logGet(43)) - raft.server.rpc.request.timeout = 3000ms (default)
2019-09-28 01:20:13,171 [Thread-6166] INFO  impl.RoleInfo (RoleInfo.java:updateAndGet(143)) - 9ab63732-2b11-4d45-b3bd-cb418bdaf76f: start LeaderElection
2019-09-28 01:20:13,172 [01a90e73-792d-4935-bbf3-5d3894bf13f0@group-6DBCB3E229B8:LeaderElection117] INFO  server.RaftServerConfigKeys (ConfUtils.java:logGet(43)) - raft.server.log.appender.install.snapshot.enabled = false (custom)
2019-09-28 01:20:13,172 [Thread-6167] INFO  impl.RoleInfo (RoleInfo.java:updateAndGet(143)) - 2f116fb9-3359-4137-b08e-444c3348f2a5: start LeaderElection
2019-09-28 01:20:13,172 [01a90e73-792d-4935-bbf3-5d3894bf13f0@group-6DBCB3E229B8:LeaderElection117] INFO  impl.RoleInfo (RoleInfo.java:updateAndGet(143)) - 01a90e73-792d-4935-bbf3-5d3894bf13f0: start LeaderState
2019-09-28 01:20:13,176 [01a90e73-792d-4935-bbf3-5d3894bf13f0@group-6DBCB3E229B8:LeaderElection117] INFO  segmented.SegmentedRaftLogWorker (SegmentedRaftLogWorker.java:startLogSegment(380)) - 01a90e73-792d-4935-bbf3-5d3894bf13f0@group-6DBCB3E229B8-SegmentedRaftLogWorker: Starting segment from index:0
2019-09-28 01:20:13,179 [01a90e73-792d-4935-bbf3-5d3894bf13f0@group-6DBCB3E229B8:LeaderElection117] INFO  impl.RaftServerImpl (ServerState.java:setRaftConf(354)) - 01a90e73-792d-4935-bbf3-5d3894bf13f0@group-6DBCB3E229B8: set configuration 0: [01a90e73-792d-4935-bbf3-5d3894bf13f0:192.168.151.82:37184, 1966a829-263f-4752-b717-080d3fe051ab:192.168.151.82:34214, 6882fb80-f7ef-4730-ad10-ebcfa4f7520d:192.168.151.82:39537], old=null at 0
2019-09-28 01:20:13,181 [grpc-default-executor-2] INFO  impl.RaftServerImpl (ServerState.java:setLeader(253)) - 6882fb80-f7ef-4730-ad10-ebcfa4f7520d@group-6DBCB3E229B8: change Leader from null to 01a90e73-792d-4935-bbf3-5d3894bf13f0 at term 1 for appendEntries, leader elected after 1213ms
2019-09-28 01:20:13,182 [grpc-default-executor-1] INFO  impl.RaftServerImpl (ServerState.java:setLeader(253)) - 1966a829-263f-4752-b717-080d3fe051ab@group-6DBCB3E229B8: change Leader from null to 01a90e73-792d-4935-bbf3-5d3894bf13f0 at term 1 for appendEntries, leader elected after 1213ms
2019-09-28 01:20:13,182 [6882fb80-f7ef-4730-ad10-ebcfa4f7520d@group-BF1E1E5E7E12-SegmentedRaftLogWorker] INFO  segmented.SegmentedRaftLogWorker (SegmentedRaftLogWorker.java:execute(569)) - 6882fb80-f7ef-4730-ad10-ebcfa4f7520d@group-BF1E1E5E7E12-SegmentedRaftLogWorker: created new log segment /workdir/hadoop-ozone/integration-test/target/test-dir/MiniOzoneClusterImpl-af2566c7-5146-4045-9885-51dcdbd53a0d/datanode-7/data/ratis/68980ede-d22c-45f4-baa2-bf1e1e5e7e12/current/log_inprogress_0
2019-09-28 01:20:13,182 [2f116fb9-3359-4137-b08e-444c3348f2a5@group-4C9F0EF89CA4:LeaderElection122] INFO  impl.LeaderElection (LeaderElection.java:askForVotes(182)) - 2f116fb9-3359-4137-b08e-444c3348f2a5@group-4C9F0EF89CA4:LeaderElection122: begin an election at term 1 for -1: [2f116fb9-3359-4137-b08e-444c3348f2a5:192.168.151.82:39869, 584b1f9e-1c1b-443b-8e2e-a6c41c3b24d1:192.168.151.82:37635, 9ab63732-2b11-4d45-b3bd-cb418bdaf76f:192.168.151.82:37446], old=null
2019-09-28 01:20:13,182 [9ab63732-2b11-4d45-b3bd-cb418bdaf76f@group-4C9F0EF89CA4:LeaderElection121] INFO  impl.LeaderElection (LeaderElection.java:askForVotes(182)) - 9ab63732-2b11-4d45-b3bd-cb418bdaf76f@group-4C9F0EF89CA4:LeaderElection121: begin an election at term 1 for -1: [2f116fb9-3359-4137-b08e-444c3348f2a5:192.168.151.82:39869, 584b1f9e-1c1b-443b-8e2e-a6c41c3b24d1:192.168.151.82:37635, 9ab63732-2b11-4d45-b3bd-cb418bdaf76f:192.168.151.82:37446], old=null
2019-09-28 01:20:13,184 [grpc-default-executor-0] INFO  impl.RaftServerImpl (ServerState.java:setRaftConf(354)) - 6882fb80-f7ef-4730-ad10-ebcfa4f7520d@group-6DBCB3E229B8: set configuration 0: [01a90e73-792d-4935-bbf3-5d3894bf13f0:192.168.151.82:37184, 1966a829-263f-4752-b717-080d3fe051ab:192.168.151.82:34214, 6882fb80-f7ef-4730-ad10-ebcfa4f7520d:192.168.151.82:39537], old=null at 0
2019-09-28 01:20:13,184 [grpc-default-executor-0] INFO  segmented.SegmentedRaftLogWorker (SegmentedRaftLogWorker.java:startLogSegment(380)) - 6882fb80-f7ef-4730-ad10-ebcfa4f7520d@group-6DBCB3E229B8-SegmentedRaftLogWorker: Starting segment from index:0
2019-09-28 01:20:13,185 [grpc-default-executor-3] INFO  impl.RaftServerImpl (ServerState.java:setRaftConf(354)) - 1966a829-263f-4752-b717-080d3fe051ab@group-6DBCB3E229B8: set configuration 0: [01a90e73-792d-4935-bbf3-5d3894bf13f0:192.168.151.82:37184, 1966a829-263f-4752-b717-080d3fe051ab:192.168.151.82:34214, 6882fb80-f7ef-4730-ad10-ebcfa4f7520d:192.168.151.82:39537], old=null at 0
2019-09-28 01:20:13,185 [grpc-default-executor-3] INFO  segmented.SegmentedRaftLogWorker (SegmentedRaftLogWorker.java:startLogSegment(380)) - 1966a829-263f-4752-b717-080d3fe051ab@group-6DBCB3E229B8-SegmentedRaftLogWorker: Starting segment from index:0
2019-09-28 01:20:13,233 [Thread-6165] INFO  impl.FollowerState (FollowerState.java:run(106)) - 584b1f9e-1c1b-443b-8e2e-a6c41c3b24d1:group-4C9F0EF89CA4 changes to CANDIDATE, lastRpcTime:1186, electionTimeout:1145ms
2019-09-28 01:20:13,233 [Thread-6165] INFO  impl.RoleInfo (RoleInfo.java:shutdownFollowerState(121)) - 584b1f9e-1c1b-443b-8e2e-a6c41c3b24d1: shutdown FollowerState
2019-09-28 01:20:13,233 [Thread-6165] INFO  impl.RaftServerImpl (RaftServerImpl.java:setRole(174)) - 584b1f9e-1c1b-443b-8e2e-a6c41c3b24d1@group-4C9F0EF89CA4: changes role from  FOLLOWER to CANDIDATE at term 0 for changeToCandidate
2019-09-28 01:20:13,233 [Thread-6165] INFO  impl.RoleInfo (RoleInfo.java:updateAndGet(143)) - 584b1f9e-1c1b-443b-8e2e-a6c41c3b24d1: start LeaderElection
2019-09-28 01:20:13,258 [6882fb80-f7ef-4730-ad10-ebcfa4f7520d@group-6DBCB3E229B8-SegmentedRaftLogWorker] INFO  segmented.SegmentedRaftLogWorker (SegmentedRaftLogWorker.java:execute(569)) - 6882fb80-f7ef-4730-ad10-ebcfa4f7520d@group-6DBCB3E229B8-SegmentedRaftLogWorker: created new log segment /workdir/hadoop-ozone/integration-test/target/test-dir/MiniOzoneClusterImpl-af2566c7-5146-4045-9885-51dcdbd53a0d/datanode-7/data/ratis/ddc6123c-04c7-442a-b19a-6dbcb3e229b8/current/log_inprogress_0
2019-09-28 01:20:13,258 [584b1f9e-1c1b-443b-8e2e-a6c41c3b24d1@group-4C9F0EF89CA4:LeaderElection123] INFO  impl.LeaderElection (LeaderElection.java:askForVotes(182)) - 584b1f9e-1c1b-443b-8e2e-a6c41c3b24d1@group-4C9F0EF89CA4:LeaderElection123: begin an election at term 1 for -1: [2f116fb9-3359-4137-b08e-444c3348f2a5:192.168.151.82:39869, 584b1f9e-1c1b-443b-8e2e-a6c41c3b24d1:192.168.151.82:37635, 9ab63732-2b11-4d45-b3bd-cb418bdaf76f:192.168.151.82:37446], old=null
2019-09-28 01:20:13,258 [01a90e73-792d-4935-bbf3-5d3894bf13f0@group-6DBCB3E229B8-SegmentedRaftLogWorker] INFO  segmented.SegmentedRaftLogWorker (SegmentedRaftLogWorker.java:execute(569)) - 01a90e73-792d-4935-bbf3-5d3894bf13f0@group-6DBCB3E229B8-SegmentedRaftLogWorker: created new log segment /workdir/hadoop-ozone/integration-test/target/test-dir/MiniOzoneClusterImpl-af2566c7-5146-4045-9885-51dcdbd53a0d/datanode-6/data/ratis/ddc6123c-04c7-442a-b19a-6dbcb3e229b8/current/log_inprogress_0
2019-09-28 01:20:13,258 [1966a829-263f-4752-b717-080d3fe051ab@group-6DBCB3E229B8-SegmentedRaftLogWorker] INFO  segmented.SegmentedRaftLogWorker (SegmentedRaftLogWorker.java:execute(569)) - 1966a829-263f-4752-b717-080d3fe051ab@group-6DBCB3E229B8-SegmentedRaftLogWorker: created new log segment /workdir/hadoop-ozone/integration-test/target/test-dir/MiniOzoneClusterImpl-af2566c7-5146-4045-9885-51dcdbd53a0d/datanode-8/data/ratis/ddc6123c-04c7-442a-b19a-6dbcb3e229b8/current/log_inprogress_0
2019-09-28 01:20:13,268 [9ab63732-2b11-4d45-b3bd-cb418bdaf76f@group-4C9F0EF89CA4:LeaderElection121] INFO  impl.LeaderElection (LeaderElection.java:logAndReturn(56)) - 9ab63732-2b11-4d45-b3bd-cb418bdaf76f@group-4C9F0EF89CA4:LeaderElection121: Election REJECTED; received 2 response(s) [9ab63732-2b11-4d45-b3bd-cb418bdaf76f<-2f116fb9-3359-4137-b08e-444c3348f2a5#0:FAIL-t1, 9ab63732-2b11-4d45-b3bd-cb418bdaf76f<-584b1f9e-1c1b-443b-8e2e-a6c41c3b24d1#0:FAIL-t1] and 0 exception(s); 9ab63732-2b11-4d45-b3bd-cb418bdaf76f@group-4C9F0EF89CA4:t1, leader=null, voted=9ab63732-2b11-4d45-b3bd-cb418bdaf76f, raftlog=9ab63732-2b11-4d45-b3bd-cb418bdaf76f@group-4C9F0EF89CA4-SegmentedRaftLog:OPENED:c-1,f-1,i0, conf=-1: [2f116fb9-3359-4137-b08e-444c3348f2a5:192.168.151.82:39869, 584b1f9e-1c1b-443b-8e2e-a6c41c3b24d1:192.168.151.82:37635, 9ab63732-2b11-4d45-b3bd-cb418bdaf76f:192.168.151.82:37446], old=null
2019-09-28 01:20:13,269 [9ab63732-2b11-4d45-b3bd-cb418bdaf76f@group-4C9F0EF89CA4:LeaderElection121] INFO  impl.RaftServerImpl (RaftServerImpl.java:setRole(174)) - 9ab63732-2b11-4d45-b3bd-cb418bdaf76f@group-4C9F0EF89CA4: changes role from CANDIDATE to FOLLOWER at term 1 for DISCOVERED_A_NEW_TERM
2019-09-28 01:20:13,269 [2f116fb9-3359-4137-b08e-444c3348f2a5@group-4C9F0EF89CA4:LeaderElection122] INFO  impl.LeaderElection (LeaderElection.java:logAndReturn(56)) - 2f116fb9-3359-4137-b08e-444c3348f2a5@group-4C9F0EF89CA4:LeaderElection122: Election REJECTED; received 2 response(s) [2f116fb9-3359-4137-b08e-444c3348f2a5<-9ab63732-2b11-4d45-b3bd-cb418bdaf76f#0:FAIL-t1, 2f116fb9-3359-4137-b08e-444c3348f2a5<-584b1f9e-1c1b-443b-8e2e-a6c41c3b24d1#0:FAIL-t1] and 0 exception(s); 2f116fb9-3359-4137-b08e-444c3348f2a5@group-4C9F0EF89CA4:t1, leader=null, voted=2f116fb9-3359-4137-b08e-444c3348f2a5, raftlog=2f116fb9-3359-4137-b08e-444c3348f2a5@group-4C9F0EF89CA4-SegmentedRaftLog:OPENED:c-1,f-1,i0, conf=-1: [2f116fb9-3359-4137-b08e-444c3348f2a5:192.168.151.82:39869, 584b1f9e-1c1b-443b-8e2e-a6c41c3b24d1:192.168.151.82:37635, 9ab63732-2b11-4d45-b3bd-cb418bdaf76f:192.168.151.82:37446], old=null
2019-09-28 01:20:13,269 [9ab63732-2b11-4d45-b3bd-cb418bdaf76f@group-4C9F0EF89CA4:LeaderElection121] INFO  impl.RoleInfo (RoleInfo.java:shutdownLeaderElection(134)) - 9ab63732-2b11-4d45-b3bd-cb418bdaf76f: shutdown LeaderElection
2019-09-28 01:20:13,269 [9ab63732-2b11-4d45-b3bd-cb418bdaf76f@group-4C9F0EF89CA4:LeaderElection121] INFO  impl.RoleInfo (RoleInfo.java:updateAndGet(143)) - 9ab63732-2b11-4d45-b3bd-cb418bdaf76f: start FollowerState
2019-09-28 01:20:13,269 [2f116fb9-3359-4137-b08e-444c3348f2a5@group-4C9F0EF89CA4:LeaderElection122] INFO  impl.RaftServerImpl (RaftServerImpl.java:setRole(174)) - 2f116fb9-3359-4137-b08e-444c3348f2a5@group-4C9F0EF89CA4: changes role from CANDIDATE to FOLLOWER at term 1 for DISCOVERED_A_NEW_TERM
2019-09-28 01:20:13,270 [2f116fb9-3359-4137-b08e-444c3348f2a5@group-4C9F0EF89CA4:LeaderElection122] INFO  impl.RoleInfo (RoleInfo.java:shutdownLeaderElection(134)) - 2f116fb9-3359-4137-b08e-444c3348f2a5: shutdown LeaderElection
2019-09-28 01:20:13,270 [2f116fb9-3359-4137-b08e-444c3348f2a5@group-4C9F0EF89CA4:LeaderElection122] INFO  impl.RoleInfo (RoleInfo.java:updateAndGet(143)) - 2f116fb9-3359-4137-b08e-444c3348f2a5: start FollowerState
2019-09-28 01:20:13,273 [584b1f9e-1c1b-443b-8e2e-a6c41c3b24d1@group-4C9F0EF89CA4:LeaderElection123] INFO  impl.LeaderElection (LeaderElection.java:logAndReturn(56)) - 584b1f9e-1c1b-443b-8e2e-a6c41c3b24d1@group-4C9F0EF89CA4:LeaderElection123: Election REJECTED; received 2 response(s) [584b1f9e-1c1b-443b-8e2e-a6c41c3b24d1<-2f116fb9-3359-4137-b08e-444c3348f2a5#0:FAIL-t1, 584b1f9e-1c1b-443b-8e2e-a6c41c3b24d1<-9ab63732-2b11-4d45-b3bd-cb418bdaf76f#0:FAIL-t1] and 0 exception(s); 584b1f9e-1c1b-443b-8e2e-a6c41c3b24d1@group-4C9F0EF89CA4:t1, leader=null, voted=584b1f9e-1c1b-443b-8e2e-a6c41c3b24d1, raftlog=584b1f9e-1c1b-443b-8e2e-a6c41c3b24d1@group-4C9F0EF89CA4-SegmentedRaftLog:OPENED:c-1,f-1,i0, conf=-1: [2f116fb9-3359-4137-b08e-444c3348f2a5:192.168.151.82:39869, 584b1f9e-1c1b-443b-8e2e-a6c41c3b24d1:192.168.151.82:37635, 9ab63732-2b11-4d45-b3bd-cb418bdaf76f:192.168.151.82:37446], old=null
2019-09-28 01:20:13,273 [584b1f9e-1c1b-443b-8e2e-a6c41c3b24d1@group-4C9F0EF89CA4:LeaderElection123] INFO  impl.RaftServerImpl (RaftServerImpl.java:setRole(174)) - 584b1f9e-1c1b-443b-8e2e-a6c41c3b24d1@group-4C9F0EF89CA4: changes role from CANDIDATE to FOLLOWER at term 1 for DISCOVERED_A_NEW_TERM
2019-09-28 01:20:13,273 [584b1f9e-1c1b-443b-8e2e-a6c41c3b24d1@group-4C9F0EF89CA4:LeaderElection123] INFO  impl.RoleInfo (RoleInfo.java:shutdownLeaderElection(134)) - 584b1f9e-1c1b-443b-8e2e-a6c41c3b24d1: shutdown LeaderElection
2019-09-28 01:20:13,273 [584b1f9e-1c1b-443b-8e2e-a6c41c3b24d1@group-4C9F0EF89CA4:LeaderElection123] INFO  impl.RoleInfo (RoleInfo.java:updateAndGet(143)) - 584b1f9e-1c1b-443b-8e2e-a6c41c3b24d1: start FollowerState
2019-09-28 01:20:13,748 [Thread-6186] INFO  impl.FollowerState (FollowerState.java:run(106)) - 1718a6b7-a807-47b2-9e97-09209d9c5800:group-D9D741084385 changes to CANDIDATE, lastRpcTime:1025, electionTimeout:1025ms
2019-09-28 01:20:13,749 [Thread-6186] INFO  impl.RoleInfo (RoleInfo.java:shutdownFollowerState(121)) - 1718a6b7-a807-47b2-9e97-09209d9c5800: shutdown FollowerState
2019-09-28 01:20:13,749 [Thread-6186] INFO  impl.RaftServerImpl (RaftServerImpl.java:setRole(174)) - 1718a6b7-a807-47b2-9e97-09209d9c5800@group-D9D741084385: changes role from  FOLLOWER to CANDIDATE at term 1 for changeToCandidate
2019-09-28 01:20:13,749 [Thread-6186] INFO  impl.RoleInfo (RoleInfo.java:updateAndGet(143)) - 1718a6b7-a807-47b2-9e97-09209d9c5800: start LeaderElection
2019-09-28 01:20:13,758 [Thread-6188] INFO  impl.FollowerState (FollowerState.java:run(106)) - bdd8cf1c-8d5c-4d45-9250-55158964142b:group-D9D741084385 changes to CANDIDATE, lastRpcTime:1025, electionTimeout:1025ms
2019-09-28 01:20:13,758 [Thread-6188] INFO  impl.RoleInfo (RoleInfo.java:shutdownFollowerState(121)) - bdd8cf1c-8d5c-4d45-9250-55158964142b: shutdown FollowerState
2019-09-28 01:20:13,759 [Thread-6188] INFO  impl.RaftServerImpl (RaftServerImpl.java:setRole(174)) - bdd8cf1c-8d5c-4d45-9250-55158964142b@group-D9D741084385: changes role from  FOLLOWER to CANDIDATE at term 1 for changeToCandidate
2019-09-28 01:20:13,759 [Thread-6188] INFO  impl.RoleInfo (RoleInfo.java:updateAndGet(143)) - bdd8cf1c-8d5c-4d45-9250-55158964142b: start LeaderElection
2019-09-28 01:20:13,764 [1718a6b7-a807-47b2-9e97-09209d9c5800@group-D9D741084385:LeaderElection124] INFO  impl.LeaderElection (LeaderElection.java:askForVotes(182)) - 1718a6b7-a807-47b2-9e97-09209d9c5800@group-D9D741084385:LeaderElection124: begin an election at term 2 for -1: [1718a6b7-a807-47b2-9e97-09209d9c5800:192.168.151.82:35904, ab3cf4df-5976-458c-b5c2-4cdf8c4d91de:192.168.151.82:33779, bdd8cf1c-8d5c-4d45-9250-55158964142b:192.168.151.82:35056], old=null
2019-09-28 01:20:13,764 [bdd8cf1c-8d5c-4d45-9250-55158964142b@group-D9D741084385:LeaderElection125] INFO  impl.LeaderElection (LeaderElection.java:askForVotes(182)) - bdd8cf1c-8d5c-4d45-9250-55158964142b@group-D9D741084385:LeaderElection125: begin an election at term 2 for -1: [1718a6b7-a807-47b2-9e97-09209d9c5800:192.168.151.82:35904, ab3cf4df-5976-458c-b5c2-4cdf8c4d91de:192.168.151.82:33779, bdd8cf1c-8d5c-4d45-9250-55158964142b:192.168.151.82:35056], old=null
2019-09-28 01:20:13,768 [grpc-default-executor-4] INFO  impl.RaftServerImpl (RaftServerImpl.java:setRole(174)) - ab3cf4df-5976-458c-b5c2-4cdf8c4d91de@group-D9D741084385: changes role from  FOLLOWER to FOLLOWER at term 2 for recognizeCandidate:1718a6b7-a807-47b2-9e97-09209d9c5800
2019-09-28 01:20:13,768 [grpc-default-executor-4] INFO  impl.RoleInfo (RoleInfo.java:shutdownFollowerState(121)) - ab3cf4df-5976-458c-b5c2-4cdf8c4d91de: shutdown FollowerState
2019-09-28 01:20:13,768 [grpc-default-executor-4] INFO  impl.RoleInfo (RoleInfo.java:updateAndGet(143)) - ab3cf4df-5976-458c-b5c2-4cdf8c4d91de: start FollowerState
2019-09-28 01:20:13,768 [Thread-6187] INFO  impl.FollowerState (FollowerState.java:run(115)) - ab3cf4df-5976-458c-b5c2-4cdf8c4d91de: FollowerState was interrupted: java.lang.InterruptedException: sleep interrupted
2019-09-28 01:20:13,780 [1718a6b7-a807-47b2-9e97-09209d9c5800@group-D9D741084385:LeaderElection124] INFO  impl.LeaderElection (LeaderElection.java:logAndReturn(56)) - 1718a6b7-a807-47b2-9e97-09209d9c5800@group-D9D741084385:LeaderElection124: Election PASSED; received 2 response(s) [1718a6b7-a807-47b2-9e97-09209d9c5800<-ab3cf4df-5976-458c-b5c2-4cdf8c4d91de#0:OK-t2, 1718a6b7-a807-47b2-9e97-09209d9c5800<-bdd8cf1c-8d5c-4d45-9250-55158964142b#0:FAIL-t2] and 0 exception(s); 1718a6b7-a807-47b2-9e97-09209d9c5800@group-D9D741084385:t2, leader=null, voted=1718a6b7-a807-47b2-9e97-09209d9c5800, raftlog=1718a6b7-a807-47b2-9e97-09209d9c5800@group-D9D741084385-SegmentedRaftLog:OPENED:c-1,f-1,i0, conf=-1: [1718a6b7-a807-47b2-9e97-09209d9c5800:192.168.151.82:35904, ab3cf4df-5976-458c-b5c2-4cdf8c4d91de:192.168.151.82:33779, bdd8cf1c-8d5c-4d45-9250-55158964142b:192.168.151.82:35056], old=null
2019-09-28 01:20:13,780 [bdd8cf1c-8d5c-4d45-9250-55158964142b@group-D9D741084385:LeaderElection125] INFO  impl.LeaderElection (LeaderElection.java:logAndReturn(56)) - bdd8cf1c-8d5c-4d45-9250-55158964142b@group-D9D741084385:LeaderElection125: Election REJECTED; received 2 response(s) [bdd8cf1c-8d5c-4d45-9250-55158964142b<-1718a6b7-a807-47b2-9e97-09209d9c5800#0:FAIL-t2, bdd8cf1c-8d5c-4d45-9250-55158964142b<-ab3cf4df-5976-458c-b5c2-4cdf8c4d91de#0:FAIL-t2] and 0 exception(s); bdd8cf1c-8d5c-4d45-9250-55158964142b@group-D9D741084385:t2, leader=null, voted=bdd8cf1c-8d5c-4d45-9250-55158964142b, raftlog=bdd8cf1c-8d5c-4d45-9250-55158964142b@group-D9D741084385-SegmentedRaftLog:OPENED:c-1,f-1,i0, conf=-1: [1718a6b7-a807-47b2-9e97-09209d9c5800:192.168.151.82:35904, ab3cf4df-5976-458c-b5c2-4cdf8c4d91de:192.168.151.82:33779, bdd8cf1c-8d5c-4d45-9250-55158964142b:192.168.151.82:35056], old=null
2019-09-28 01:20:13,780 [1718a6b7-a807-47b2-9e97-09209d9c5800@group-D9D741084385:LeaderElection124] INFO  impl.RoleInfo (RoleInfo.java:shutdownLeaderElection(134)) - 1718a6b7-a807-47b2-9e97-09209d9c5800: shutdown LeaderElection
2019-09-28 01:20:13,781 [bdd8cf1c-8d5c-4d45-9250-55158964142b@group-D9D741084385:LeaderElection125] INFO  impl.RaftServerImpl (RaftServerImpl.java:setRole(174)) - bdd8cf1c-8d5c-4d45-9250-55158964142b@group-D9D741084385: changes role from CANDIDATE to FOLLOWER at term 2 for DISCOVERED_A_NEW_TERM
2019-09-28 01:20:13,781 [1718a6b7-a807-47b2-9e97-09209d9c5800@group-D9D741084385:LeaderElection124] INFO  impl.RaftServerImpl (RaftServerImpl.java:setRole(174)) - 1718a6b7-a807-47b2-9e97-09209d9c5800@group-D9D741084385: changes role from CANDIDATE to LEADER at term 2 for changeToLeader
2019-09-28 01:20:13,781 [bdd8cf1c-8d5c-4d45-9250-55158964142b@group-D9D741084385:LeaderElection125] INFO  impl.RoleInfo (RoleInfo.java:shutdownLeaderElection(134)) - bdd8cf1c-8d5c-4d45-9250-55158964142b: shutdown LeaderElection
2019-09-28 01:20:13,781 [1718a6b7-a807-47b2-9e97-09209d9c5800@group-D9D741084385:LeaderElection124] INFO  impl.RaftServerImpl (ServerState.java:setLeader(253)) - 1718a6b7-a807-47b2-9e97-09209d9c5800@group-D9D741084385: change Leader from null to 1718a6b7-a807-47b2-9e97-09209d9c5800 at term 2 for becomeLeader, leader elected after 2229ms
2019-09-28 01:20:13,781 [bdd8cf1c-8d5c-4d45-9250-55158964142b@group-D9D741084385:LeaderElection125] INFO  impl.RoleInfo (RoleInfo.java:updateAndGet(143)) - bdd8cf1c-8d5c-4d45-9250-55158964142b: start FollowerState
2019-09-28 01:20:13,781 [1718a6b7-a807-47b2-9e97-09209d9c5800@group-D9D741084385:LeaderElection124] INFO  server.RaftServerConfigKeys (ConfUtils.java:logGet(43)) - raft.server.staging.catchup.gap = 1000 (default)
2019-09-28 01:20:13,782 [1718a6b7-a807-47b2-9e97-09209d9c5800@group-D9D741084385:LeaderElection124] INFO  server.RaftServerConfigKeys (ConfUtils.java:logGet(43)) - raft.server.rpc.sleep.time = 25ms (default)
2019-09-28 01:20:13,782 [1718a6b7-a807-47b2-9e97-09209d9c5800@group-D9D741084385:LeaderElection124] INFO  server.RaftServerConfigKeys (ConfUtils.java:logGet(43)) - raft.server.write.element-limit = 4096 (default)
2019-09-28 01:20:13,782 [1718a6b7-a807-47b2-9e97-09209d9c5800@group-D9D741084385:LeaderElection124] INFO  server.RaftServerConfigKeys (ConfUtils.java:logGet(43)) - raft.server.watch.timeout = 10s (default)
2019-09-28 01:20:13,782 [1718a6b7-a807-47b2-9e97-09209d9c5800@group-D9D741084385:LeaderElection124] INFO  server.RaftServerConfigKeys (ConfUtils.java:logGet(43)) - raft.server.watch.timeout.denomination = 1s (default)
2019-09-28 01:20:13,782 [1718a6b7-a807-47b2-9e97-09209d9c5800@group-D9D741084385:LeaderElection124] INFO  server.RaftServerConfigKeys (ConfUtils.java:logGet(43)) - raft.server.watch.element-limit = 65536 (default)
2019-09-28 01:20:13,785 [1718a6b7-a807-47b2-9e97-09209d9c5800@group-D9D741084385:LeaderElection124] INFO  server.RaftServerConfigKeys (ConfUtils.java:logGet(43)) - raft.server.log.appender.snapshot.chunk.size.max = 16MB (=16777216) (default)
2019-09-28 01:20:13,785 [1718a6b7-a807-47b2-9e97-09209d9c5800@group-D9D741084385:LeaderElection124] INFO  server.RaftServerConfigKeys (ConfUtils.java:logGet(43)) - raft.server.log.appender.buffer.byte-limit = 33554432 (custom)
2019-09-28 01:20:13,785 [1718a6b7-a807-47b2-9e97-09209d9c5800@group-D9D741084385:LeaderElection124] INFO  server.RaftServerConfigKeys (ConfUtils.java:logGet(43)) - raft.server.log.appender.buffer.element-limit = 1 (custom)
2019-09-28 01:20:13,785 [1718a6b7-a807-47b2-9e97-09209d9c5800@group-D9D741084385:LeaderElection124] INFO  grpc.GrpcConfigKeys$Server (ConfUtils.java:logGet(43)) - raft.grpc.server.leader.outstanding.appends.max = 128 (default)
2019-09-28 01:20:13,786 [1718a6b7-a807-47b2-9e97-09209d9c5800@group-D9D741084385:LeaderElection124] INFO  server.RaftServerConfigKeys (ConfUtils.java:logGet(43)) - raft.server.rpc.request.timeout = 3000ms (default)
2019-09-28 01:20:13,786 [1718a6b7-a807-47b2-9e97-09209d9c5800@group-D9D741084385:LeaderElection124] INFO  server.RaftServerConfigKeys (ConfUtils.java:logGet(43)) - raft.server.log.appender.install.snapshot.enabled = false (custom)
2019-09-28 01:20:13,786 [1718a6b7-a807-47b2-9e97-09209d9c5800@group-D9D741084385:LeaderElection124] INFO  server.RaftServerConfigKeys (ConfUtils.java:logGet(43)) - raft.server.log.appender.snapshot.chunk.size.max = 16MB (=16777216) (default)
2019-09-28 01:20:13,786 [1718a6b7-a807-47b2-9e97-09209d9c5800@group-D9D741084385:LeaderElection124] INFO  server.RaftServerConfigKeys (ConfUtils.java:logGet(43)) - raft.server.log.appender.buffer.byte-limit = 33554432 (custom)
2019-09-28 01:20:13,786 [1718a6b7-a807-47b2-9e97-09209d9c5800@group-D9D741084385:LeaderElection124] INFO  server.RaftServerConfigKeys (ConfUtils.java:logGet(43)) - raft.server.log.appender.buffer.element-limit = 1 (custom)
2019-09-28 01:20:13,787 [1718a6b7-a807-47b2-9e97-09209d9c5800@group-D9D741084385:LeaderElection124] INFO  grpc.GrpcConfigKeys$Server (ConfUtils.java:logGet(43)) - raft.grpc.server.leader.outstanding.appends.max = 128 (default)
2019-09-28 01:20:13,787 [1718a6b7-a807-47b2-9e97-09209d9c5800@group-D9D741084385:LeaderElection124] INFO  server.RaftServerConfigKeys (ConfUtils.java:logGet(43)) - raft.server.rpc.request.timeout = 3000ms (default)
2019-09-28 01:20:13,787 [1718a6b7-a807-47b2-9e97-09209d9c5800@group-D9D741084385:LeaderElection124] INFO  server.RaftServerConfigKeys (ConfUtils.java:logGet(43)) - raft.server.log.appender.install.snapshot.enabled = false (custom)
2019-09-28 01:20:13,787 [1718a6b7-a807-47b2-9e97-09209d9c5800@group-D9D741084385:LeaderElection124] INFO  impl.RoleInfo (RoleInfo.java:updateAndGet(143)) - 1718a6b7-a807-47b2-9e97-09209d9c5800: start LeaderState
2019-09-28 01:20:13,788 [1718a6b7-a807-47b2-9e97-09209d9c5800@group-D9D741084385:LeaderElection124] INFO  segmented.SegmentedRaftLogWorker (SegmentedRaftLogWorker.java:startLogSegment(380)) - 1718a6b7-a807-47b2-9e97-09209d9c5800@group-D9D741084385-SegmentedRaftLogWorker: Starting segment from index:0
2019-09-28 01:20:13,788 [1718a6b7-a807-47b2-9e97-09209d9c5800@group-D9D741084385:LeaderElection124] INFO  impl.RaftServerImpl (ServerState.java:setRaftConf(354)) - 1718a6b7-a807-47b2-9e97-09209d9c5800@group-D9D741084385: set configuration 0: [1718a6b7-a807-47b2-9e97-09209d9c5800:192.168.151.82:35904, ab3cf4df-5976-458c-b5c2-4cdf8c4d91de:192.168.151.82:33779, bdd8cf1c-8d5c-4d45-9250-55158964142b:192.168.151.82:35056], old=null at 0
2019-09-28 01:20:13,833 [grpc-default-executor-5] INFO  impl.RaftServerImpl (ServerState.java:setLeader(253)) - bdd8cf1c-8d5c-4d45-9250-55158964142b@group-D9D741084385: change Leader from null to 1718a6b7-a807-47b2-9e97-09209d9c5800 at term 2 for appendEntries, leader elected after 2281ms
2019-09-28 01:20:13,833 [grpc-default-executor-4] INFO  impl.RaftServerImpl (ServerState.java:setLeader(253)) - ab3cf4df-5976-458c-b5c2-4cdf8c4d91de@group-D9D741084385: change Leader from null to 1718a6b7-a807-47b2-9e97-09209d9c5800 at term 2 for appendEntries, leader elected after 2282ms
2019-09-28 01:20:13,836 [grpc-default-executor-4] INFO  impl.RaftServerImpl (ServerState.java:setRaftConf(354)) - bdd8cf1c-8d5c-4d45-9250-55158964142b@group-D9D741084385: set configuration 0: [1718a6b7-a807-47b2-9e97-09209d9c5800:192.168.151.82:35904, ab3cf4df-5976-458c-b5c2-4cdf8c4d91de:192.168.151.82:33779, bdd8cf1c-8d5c-4d45-9250-55158964142b:192.168.151.82:35056], old=null at 0
2019-09-28 01:20:13,836 [grpc-default-executor-5] INFO  impl.RaftServerImpl (ServerState.java:setRaftConf(354)) - ab3cf4df-5976-458c-b5c2-4cdf8c4d91de@group-D9D741084385: set configuration 0: [1718a6b7-a807-47b2-9e97-09209d9c5800:192.168.151.82:35904, ab3cf4df-5976-458c-b5c2-4cdf8c4d91de:192.168.151.82:33779, bdd8cf1c-8d5c-4d45-9250-55158964142b:192.168.151.82:35056], old=null at 0
2019-09-28 01:20:13,836 [grpc-default-executor-4] INFO  segmented.SegmentedRaftLogWorker (SegmentedRaftLogWorker.java:startLogSegment(380)) - bdd8cf1c-8d5c-4d45-9250-55158964142b@group-D9D741084385-SegmentedRaftLogWorker: Starting segment from index:0
2019-09-28 01:20:13,836 [grpc-default-executor-5] INFO  segmented.SegmentedRaftLogWorker (SegmentedRaftLogWorker.java:startLogSegment(380)) - ab3cf4df-5976-458c-b5c2-4cdf8c4d91de@group-D9D741084385-SegmentedRaftLogWorker: Starting segment from index:0
2019-09-28 01:20:13,845 [1718a6b7-a807-47b2-9e97-09209d9c5800@group-D9D741084385-SegmentedRaftLogWorker] INFO  segmented.SegmentedRaftLogWorker (SegmentedRaftLogWorker.java:execute(569)) - 1718a6b7-a807-47b2-9e97-09209d9c5800@group-D9D741084385-SegmentedRaftLogWorker: created new log segment /workdir/hadoop-ozone/integration-test/target/test-dir/MiniOzoneClusterImpl-af2566c7-5146-4045-9885-51dcdbd53a0d/datanode-0/data/ratis/f251ecb1-6958-4379-a923-d9d741084385/current/log_inprogress_0
2019-09-28 01:20:13,890 [bdd8cf1c-8d5c-4d45-9250-55158964142b@group-D9D741084385-SegmentedRaftLogWorker] INFO  segmented.SegmentedRaftLogWorker (SegmentedRaftLogWorker.java:execute(569)) - bdd8cf1c-8d5c-4d45-9250-55158964142b@group-D9D741084385-SegmentedRaftLogWorker: created new log segment /workdir/hadoop-ozone/integration-test/target/test-dir/MiniOzoneClusterImpl-af2566c7-5146-4045-9885-51dcdbd53a0d/datanode-1/data/ratis/f251ecb1-6958-4379-a923-d9d741084385/current/log_inprogress_0
2019-09-28 01:20:13,890 [ab3cf4df-5976-458c-b5c2-4cdf8c4d91de@group-D9D741084385-SegmentedRaftLogWorker] INFO  segmented.SegmentedRaftLogWorker (SegmentedRaftLogWorker.java:execute(569)) - ab3cf4df-5976-458c-b5c2-4cdf8c4d91de@group-D9D741084385-SegmentedRaftLogWorker: created new log segment /workdir/hadoop-ozone/integration-test/target/test-dir/MiniOzoneClusterImpl-af2566c7-5146-4045-9885-51dcdbd53a0d/datanode-2/data/ratis/f251ecb1-6958-4379-a923-d9d741084385/current/log_inprogress_0
2019-09-28 01:20:13,939 [main] INFO  ipc.Client (Client.java:handleConnectionFailure(948)) - Retrying connect to server: localhost/127.0.0.1:0. Already tried 0 time(s); retry policy is RetryUpToMaximumCountWithFixedSleep(maxRetries=10, sleepTime=1000 MILLISECONDS)
2019-09-28 01:20:14,289 [Thread-6230] INFO  impl.FollowerState (FollowerState.java:run(106)) - 584b1f9e-1c1b-443b-8e2e-a6c41c3b24d1:group-4C9F0EF89CA4 changes to CANDIDATE, lastRpcTime:1015, electionTimeout:1015ms
2019-09-28 01:20:14,289 [Thread-6230] INFO  impl.RoleInfo (RoleInfo.java:shutdownFollowerState(121)) - 584b1f9e-1c1b-443b-8e2e-a6c41c3b24d1: shutdown FollowerState
2019-09-28 01:20:14,289 [Thread-6230] INFO  impl.RaftServerImpl (RaftServerImpl.java:setRole(174)) - 584b1f9e-1c1b-443b-8e2e-a6c41c3b24d1@group-4C9F0EF89CA4: changes role from  FOLLOWER to CANDIDATE at term 1 for changeToCandidate
2019-09-28 01:20:14,289 [Thread-6230] INFO  impl.RoleInfo (RoleInfo.java:updateAndGet(143)) - 584b1f9e-1c1b-443b-8e2e-a6c41c3b24d1: start LeaderElection
2019-09-28 01:20:14,304 [584b1f9e-1c1b-443b-8e2e-a6c41c3b24d1@group-4C9F0EF89CA4:LeaderElection126] INFO  impl.LeaderElection (LeaderElection.java:askForVotes(182)) - 584b1f9e-1c1b-443b-8e2e-a6c41c3b24d1@group-4C9F0EF89CA4:LeaderElection126: begin an election at term 2 for -1: [2f116fb9-3359-4137-b08e-444c3348f2a5:192.168.151.82:39869, 584b1f9e-1c1b-443b-8e2e-a6c41c3b24d1:192.168.151.82:37635, 9ab63732-2b11-4d45-b3bd-cb418bdaf76f:192.168.151.82:37446], old=null
2019-09-28 01:20:14,307 [grpc-default-executor-5] INFO  impl.RaftServerImpl (RaftServerImpl.java:setRole(174)) - 2f116fb9-3359-4137-b08e-444c3348f2a5@group-4C9F0EF89CA4: changes role from  FOLLOWER to FOLLOWER at term 2 for recognizeCandidate:584b1f9e-1c1b-443b-8e2e-a6c41c3b24d1
2019-09-28 01:20:14,307 [grpc-default-executor-4] INFO  impl.RaftServerImpl (RaftServerImpl.java:setRole(174)) - 9ab63732-2b11-4d45-b3bd-cb418bdaf76f@group-4C9F0EF89CA4: changes role from  FOLLOWER to FOLLOWER at term 2 for recognizeCandidate:584b1f9e-1c1b-443b-8e2e-a6c41c3b24d1
2019-09-28 01:20:14,307 [grpc-default-executor-5] INFO  impl.RoleInfo (RoleInfo.java:shutdownFollowerState(121)) - 2f116fb9-3359-4137-b08e-444c3348f2a5: shutdown FollowerState
2019-09-28 01:20:14,307 [grpc-default-executor-4] INFO  impl.RoleInfo (RoleInfo.java:shutdownFollowerState(121)) - 9ab63732-2b11-4d45-b3bd-cb418bdaf76f: shutdown FollowerState
2019-09-28 01:20:14,308 [grpc-default-executor-5] INFO  impl.RoleInfo (RoleInfo.java:updateAndGet(143)) - 2f116fb9-3359-4137-b08e-444c3348f2a5: start FollowerState
2019-09-28 01:20:14,308 [Thread-6227] INFO  impl.FollowerState (FollowerState.java:run(115)) - 9ab63732-2b11-4d45-b3bd-cb418bdaf76f: FollowerState was interrupted: java.lang.InterruptedException: sleep interrupted
2019-09-28 01:20:14,308 [grpc-default-executor-4] INFO  impl.RoleInfo (RoleInfo.java:updateAndGet(143)) - 9ab63732-2b11-4d45-b3bd-cb418bdaf76f: start FollowerState
2019-09-28 01:20:14,308 [Thread-6229] INFO  impl.FollowerState (FollowerState.java:run(115)) - 2f116fb9-3359-4137-b08e-444c3348f2a5: FollowerState was interrupted: java.lang.InterruptedException: sleep interrupted
2019-09-28 01:20:14,322 [Thread-6116] INFO  container.ReplicationManager (ReplicationManager.java:start(162)) - Starting Replication Monitor Thread.
2019-09-28 01:20:14,322 [584b1f9e-1c1b-443b-8e2e-a6c41c3b24d1@group-4C9F0EF89CA4:LeaderElection126] INFO  impl.LeaderElection (LeaderElection.java:logAndReturn(56)) - 584b1f9e-1c1b-443b-8e2e-a6c41c3b24d1@group-4C9F0EF89CA4:LeaderElection126: Election PASSED; received 1 response(s) [584b1f9e-1c1b-443b-8e2e-a6c41c3b24d1<-2f116fb9-3359-4137-b08e-444c3348f2a5#0:OK-t2] and 0 exception(s); 584b1f9e-1c1b-443b-8e2e-a6c41c3b24d1@group-4C9F0EF89CA4:t2, leader=null, voted=584b1f9e-1c1b-443b-8e2e-a6c41c3b24d1, raftlog=584b1f9e-1c1b-443b-8e2e-a6c41c3b24d1@group-4C9F0EF89CA4-SegmentedRaftLog:OPENED:c-1,f-1,i0, conf=-1: [2f116fb9-3359-4137-b08e-444c3348f2a5:192.168.151.82:39869, 584b1f9e-1c1b-443b-8e2e-a6c41c3b24d1:192.168.151.82:37635, 9ab63732-2b11-4d45-b3bd-cb418bdaf76f:192.168.151.82:37446], old=null
2019-09-28 01:20:14,323 [584b1f9e-1c1b-443b-8e2e-a6c41c3b24d1@group-4C9F0EF89CA4:LeaderElection126] INFO  impl.RoleInfo (RoleInfo.java:shutdownLeaderElection(134)) - 584b1f9e-1c1b-443b-8e2e-a6c41c3b24d1: shutdown LeaderElection
2019-09-28 01:20:14,327 [584b1f9e-1c1b-443b-8e2e-a6c41c3b24d1@group-4C9F0EF89CA4:LeaderElection126] INFO  impl.RaftServerImpl (RaftServerImpl.java:setRole(174)) - 584b1f9e-1c1b-443b-8e2e-a6c41c3b24d1@group-4C9F0EF89CA4: changes role from CANDIDATE to LEADER at term 2 for changeToLeader
2019-09-28 01:20:14,327 [ReplicationMonitor] INFO  container.ReplicationManager (ReplicationManager.java:run(225)) - Replication Monitor Thread took 0 milliseconds for processing 0 containers.
2019-09-28 01:20:14,327 [584b1f9e-1c1b-443b-8e2e-a6c41c3b24d1@group-4C9F0EF89CA4:LeaderElection126] INFO  impl.RaftServerImpl (ServerState.java:setLeader(253)) - 584b1f9e-1c1b-443b-8e2e-a6c41c3b24d1@group-4C9F0EF89CA4: change Leader from null to 584b1f9e-1c1b-443b-8e2e-a6c41c3b24d1 at term 2 for becomeLeader, leader elected after 2295ms
2019-09-28 01:20:14,327 [584b1f9e-1c1b-443b-8e2e-a6c41c3b24d1@group-4C9F0EF89CA4:LeaderElection126] INFO  server.RaftServerConfigKeys (ConfUtils.java:logGet(43)) - raft.server.staging.catchup.gap = 1000 (default)
2019-09-28 01:20:14,327 [584b1f9e-1c1b-443b-8e2e-a6c41c3b24d1@group-4C9F0EF89CA4:LeaderElection126] INFO  server.RaftServerConfigKeys (ConfUtils.java:logGet(43)) - raft.server.rpc.sleep.time = 25ms (default)
2019-09-28 01:20:14,327 [584b1f9e-1c1b-443b-8e2e-a6c41c3b24d1@group-4C9F0EF89CA4:LeaderElection126] INFO  server.RaftServerConfigKeys (ConfUtils.java:logGet(43)) - raft.server.write.element-limit = 4096 (default)
2019-09-28 01:20:14,328 [584b1f9e-1c1b-443b-8e2e-a6c41c3b24d1@group-4C9F0EF89CA4:LeaderElection126] INFO  server.RaftServerConfigKeys (ConfUtils.java:logGet(43)) - raft.server.watch.timeout = 10s (default)
2019-09-28 01:20:14,328 [584b1f9e-1c1b-443b-8e2e-a6c41c3b24d1@group-4C9F0EF89CA4:LeaderElection126] INFO  server.RaftServerConfigKeys (ConfUtils.java:logGet(43)) - raft.server.watch.timeout.denomination = 1s (default)
2019-09-28 01:20:14,328 [584b1f9e-1c1b-443b-8e2e-a6c41c3b24d1@group-4C9F0EF89CA4:LeaderElection126] INFO  server.RaftServerConfigKeys (ConfUtils.java:logGet(43)) - raft.server.watch.element-limit = 65536 (default)
2019-09-28 01:20:14,330 [584b1f9e-1c1b-443b-8e2e-a6c41c3b24d1@group-4C9F0EF89CA4:LeaderElection126] INFO  server.RaftServerConfigKeys (ConfUtils.java:logGet(43)) - raft.server.log.appender.snapshot.chunk.size.max = 16MB (=16777216) (default)
2019-09-28 01:20:14,330 [584b1f9e-1c1b-443b-8e2e-a6c41c3b24d1@group-4C9F0EF89CA4:LeaderElection126] INFO  server.RaftServerConfigKeys (ConfUtils.java:logGet(43)) - raft.server.log.appender.buffer.byte-limit = 33554432 (custom)
2019-09-28 01:20:14,331 [584b1f9e-1c1b-443b-8e2e-a6c41c3b24d1@group-4C9F0EF89CA4:LeaderElection126] INFO  server.RaftServerConfigKeys (ConfUtils.java:logGet(43)) - raft.server.log.appender.buffer.element-limit = 1 (custom)
2019-09-28 01:20:14,331 [584b1f9e-1c1b-443b-8e2e-a6c41c3b24d1@group-4C9F0EF89CA4:LeaderElection126] INFO  grpc.GrpcConfigKeys$Server (ConfUtils.java:logGet(43)) - raft.grpc.server.leader.outstanding.appends.max = 128 (default)
2019-09-28 01:20:14,331 [584b1f9e-1c1b-443b-8e2e-a6c41c3b24d1@group-4C9F0EF89CA4:LeaderElection126] INFO  server.RaftServerConfigKeys (ConfUtils.java:logGet(43)) - raft.server.rpc.request.timeout = 3000ms (default)
2019-09-28 01:20:14,331 [584b1f9e-1c1b-443b-8e2e-a6c41c3b24d1@group-4C9F0EF89CA4:LeaderElection126] INFO  server.RaftServerConfigKeys (ConfUtils.java:logGet(43)) - raft.server.log.appender.install.snapshot.enabled = false (custom)
2019-09-28 01:20:14,332 [584b1f9e-1c1b-443b-8e2e-a6c41c3b24d1@group-4C9F0EF89CA4:LeaderElection126] INFO  server.RaftServerConfigKeys (ConfUtils.java:logGet(43)) - raft.server.log.appender.snapshot.chunk.size.max = 16MB (=16777216) (default)
2019-09-28 01:20:14,332 [584b1f9e-1c1b-443b-8e2e-a6c41c3b24d1@group-4C9F0EF89CA4:LeaderElection126] INFO  server.RaftServerConfigKeys (ConfUtils.java:logGet(43)) - raft.server.log.appender.buffer.byte-limit = 33554432 (custom)
2019-09-28 01:20:14,332 [584b1f9e-1c1b-443b-8e2e-a6c41c3b24d1@group-4C9F0EF89CA4:LeaderElection126] INFO  server.RaftServerConfigKeys (ConfUtils.java:logGet(43)) - raft.server.log.appender.buffer.element-limit = 1 (custom)
2019-09-28 01:20:14,332 [584b1f9e-1c1b-443b-8e2e-a6c41c3b24d1@group-4C9F0EF89CA4:LeaderElection126] INFO  grpc.GrpcConfigKeys$Server (ConfUtils.java:logGet(43)) - raft.grpc.server.leader.outstanding.appends.max = 128 (default)
2019-09-28 01:20:14,332 [584b1f9e-1c1b-443b-8e2e-a6c41c3b24d1@group-4C9F0EF89CA4:LeaderElection126] INFO  server.RaftServerConfigKeys (ConfUtils.java:logGet(43)) - raft.server.rpc.request.timeout = 3000ms (default)
2019-09-28 01:20:14,333 [584b1f9e-1c1b-443b-8e2e-a6c41c3b24d1@group-4C9F0EF89CA4:LeaderElection126] INFO  server.RaftServerConfigKeys (ConfUtils.java:logGet(43)) - raft.server.log.appender.install.snapshot.enabled = false (custom)
2019-09-28 01:20:14,333 [584b1f9e-1c1b-443b-8e2e-a6c41c3b24d1@group-4C9F0EF89CA4:LeaderElection126] INFO  impl.RoleInfo (RoleInfo.java:updateAndGet(143)) - 584b1f9e-1c1b-443b-8e2e-a6c41c3b24d1: start LeaderState
2019-09-28 01:20:14,333 [584b1f9e-1c1b-443b-8e2e-a6c41c3b24d1@group-4C9F0EF89CA4:LeaderElection126] INFO  segmented.SegmentedRaftLogWorker (SegmentedRaftLogWorker.java:startLogSegment(380)) - 584b1f9e-1c1b-443b-8e2e-a6c41c3b24d1@group-4C9F0EF89CA4-SegmentedRaftLogWorker: Starting segment from index:0
2019-09-28 01:20:14,334 [584b1f9e-1c1b-443b-8e2e-a6c41c3b24d1@group-4C9F0EF89CA4:LeaderElection126] INFO  impl.RaftServerImpl (ServerState.java:setRaftConf(354)) - 584b1f9e-1c1b-443b-8e2e-a6c41c3b24d1@group-4C9F0EF89CA4: set configuration 0: [2f116fb9-3359-4137-b08e-444c3348f2a5:192.168.151.82:39869, 584b1f9e-1c1b-443b-8e2e-a6c41c3b24d1:192.168.151.82:37635, 9ab63732-2b11-4d45-b3bd-cb418bdaf76f:192.168.151.82:37446], old=null at 0
2019-09-28 01:20:14,335 [grpc-default-executor-5] INFO  impl.RaftServerImpl (ServerState.java:setLeader(253)) - 2f116fb9-3359-4137-b08e-444c3348f2a5@group-4C9F0EF89CA4: change Leader from null to 584b1f9e-1c1b-443b-8e2e-a6c41c3b24d1 at term 2 for appendEntries, leader elected after 2303ms
2019-09-28 01:20:14,336 [grpc-default-executor-4] INFO  impl.RaftServerImpl (ServerState.java:setLeader(253)) - 9ab63732-2b11-4d45-b3bd-cb418bdaf76f@group-4C9F0EF89CA4: change Leader from null to 584b1f9e-1c1b-443b-8e2e-a6c41c3b24d1 at term 2 for appendEntries, leader elected after 2304ms
2019-09-28 01:20:14,338 [grpc-default-executor-4] INFO  impl.RaftServerImpl (ServerState.java:setRaftConf(354)) - 2f116fb9-3359-4137-b08e-444c3348f2a5@group-4C9F0EF89CA4: set configuration 0: [2f116fb9-3359-4137-b08e-444c3348f2a5:192.168.151.82:39869, 584b1f9e-1c1b-443b-8e2e-a6c41c3b24d1:192.168.151.82:37635, 9ab63732-2b11-4d45-b3bd-cb418bdaf76f:192.168.151.82:37446], old=null at 0
2019-09-28 01:20:14,338 [grpc-default-executor-4] INFO  segmented.SegmentedRaftLogWorker (SegmentedRaftLogWorker.java:startLogSegment(380)) - 2f116fb9-3359-4137-b08e-444c3348f2a5@group-4C9F0EF89CA4-SegmentedRaftLogWorker: Starting segment from index:0
2019-09-28 01:20:14,339 [grpc-default-executor-5] INFO  impl.RaftServerImpl (ServerState.java:setRaftConf(354)) - 9ab63732-2b11-4d45-b3bd-cb418bdaf76f@group-4C9F0EF89CA4: set configuration 0: [2f116fb9-3359-4137-b08e-444c3348f2a5:192.168.151.82:39869, 584b1f9e-1c1b-443b-8e2e-a6c41c3b24d1:192.168.151.82:37635, 9ab63732-2b11-4d45-b3bd-cb418bdaf76f:192.168.151.82:37446], old=null at 0
2019-09-28 01:20:14,339 [grpc-default-executor-5] INFO  segmented.SegmentedRaftLogWorker (SegmentedRaftLogWorker.java:startLogSegment(380)) - 9ab63732-2b11-4d45-b3bd-cb418bdaf76f@group-4C9F0EF89CA4-SegmentedRaftLogWorker: Starting segment from index:0
2019-09-28 01:20:14,391 [2f116fb9-3359-4137-b08e-444c3348f2a5@group-4C9F0EF89CA4-SegmentedRaftLogWorker] INFO  segmented.SegmentedRaftLogWorker (SegmentedRaftLogWorker.java:execute(569)) - 2f116fb9-3359-4137-b08e-444c3348f2a5@group-4C9F0EF89CA4-SegmentedRaftLogWorker: created new log segment /workdir/hadoop-ozone/integration-test/target/test-dir/MiniOzoneClusterImpl-af2566c7-5146-4045-9885-51dcdbd53a0d/datanode-5/data/ratis/0993d77a-7b15-4314-9e84-4c9f0ef89ca4/current/log_inprogress_0
2019-09-28 01:20:14,391 [9ab63732-2b11-4d45-b3bd-cb418bdaf76f@group-4C9F0EF89CA4-SegmentedRaftLogWorker] INFO  segmented.SegmentedRaftLogWorker (SegmentedRaftLogWorker.java:execute(569)) - 9ab63732-2b11-4d45-b3bd-cb418bdaf76f@group-4C9F0EF89CA4-SegmentedRaftLogWorker: created new log segment /workdir/hadoop-ozone/integration-test/target/test-dir/MiniOzoneClusterImpl-af2566c7-5146-4045-9885-51dcdbd53a0d/datanode-4/data/ratis/0993d77a-7b15-4314-9e84-4c9f0ef89ca4/current/log_inprogress_0
2019-09-28 01:20:14,391 [584b1f9e-1c1b-443b-8e2e-a6c41c3b24d1@group-4C9F0EF89CA4-SegmentedRaftLogWorker] INFO  segmented.SegmentedRaftLogWorker (SegmentedRaftLogWorker.java:execute(569)) - 584b1f9e-1c1b-443b-8e2e-a6c41c3b24d1@group-4C9F0EF89CA4-SegmentedRaftLogWorker: created new log segment /workdir/hadoop-ozone/integration-test/target/test-dir/MiniOzoneClusterImpl-af2566c7-5146-4045-9885-51dcdbd53a0d/datanode-9/data/ratis/0993d77a-7b15-4314-9e84-4c9f0ef89ca4/current/log_inprogress_0
2019-09-28 01:20:14,940 [main] INFO  ipc.Client (Client.java:handleConnectionFailure(948)) - Retrying connect to server: localhost/127.0.0.1:0. Already tried 1 time(s); retry policy is RetryUpToMaximumCountWithFixedSleep(maxRetries=10, sleepTime=1000 MILLISECONDS)
2019-09-28 01:20:15,941 [main] INFO  ipc.Client (Client.java:handleConnectionFailure(948)) - Retrying connect to server: localhost/127.0.0.1:0. Already tried 2 time(s); retry policy is RetryUpToMaximumCountWithFixedSleep(maxRetries=10, sleepTime=1000 MILLISECONDS)
2019-09-28 01:20:16,942 [main] INFO  ipc.Client (Client.java:handleConnectionFailure(948)) - Retrying connect to server: localhost/127.0.0.1:0. Already tried 3 time(s); retry policy is RetryUpToMaximumCountWithFixedSleep(maxRetries=10, sleepTime=1000 MILLISECONDS)
2019-09-28 01:20:17,943 [main] INFO  ipc.Client (Client.java:handleConnectionFailure(948)) - Retrying connect to server: localhost/127.0.0.1:0. Already tried 4 time(s); retry policy is RetryUpToMaximumCountWithFixedSleep(maxRetries=10, sleepTime=1000 MILLISECONDS)
2019-09-28 01:20:18,945 [main] INFO  ipc.Client (Client.java:handleConnectionFailure(948)) - Retrying connect to server: localhost/127.0.0.1:0. Already tried 5 time(s); retry policy is RetryUpToMaximumCountWithFixedSleep(maxRetries=10, sleepTime=1000 MILLISECONDS)
2019-09-28 01:20:19,946 [main] INFO  ipc.Client (Client.java:handleConnectionFailure(948)) - Retrying connect to server: localhost/127.0.0.1:0. Already tried 6 time(s); retry policy is RetryUpToMaximumCountWithFixedSleep(maxRetries=10, sleepTime=1000 MILLISECONDS)
2019-09-28 01:20:20,947 [main] INFO  ipc.Client (Client.java:handleConnectionFailure(948)) - Retrying connect to server: localhost/127.0.0.1:0. Already tried 7 time(s); retry policy is RetryUpToMaximumCountWithFixedSleep(maxRetries=10, sleepTime=1000 MILLISECONDS)
2019-09-28 01:20:21,948 [main] INFO  ipc.Client (Client.java:handleConnectionFailure(948)) - Retrying connect to server: localhost/127.0.0.1:0. Already tried 8 time(s); retry policy is RetryUpToMaximumCountWithFixedSleep(maxRetries=10, sleepTime=1000 MILLISECONDS)
2019-09-28 01:20:22,949 [main] INFO  ipc.Client (Client.java:handleConnectionFailure(948)) - Retrying connect to server: localhost/127.0.0.1:0. Already tried 9 time(s); retry policy is RetryUpToMaximumCountWithFixedSleep(maxRetries=10, sleepTime=1000 MILLISECONDS)
2019-09-28 01:20:23,978 [main] INFO  ipc.Client (Client.java:handleConnectionFailure(948)) - Retrying connect to server: localhost/127.0.0.1:0. Already tried 0 time(s); retry policy is RetryUpToMaximumCountWithFixedSleep(maxRetries=10, sleepTime=1000 MILLISECONDS)
2019-09-28 01:20:24,980 [main] INFO  ipc.Client (Client.java:handleConnectionFailure(948)) - Retrying connect to server: localhost/127.0.0.1:0. Already tried 1 time(s); retry policy is RetryUpToMaximumCountWithFixedSleep(maxRetries=10, sleepTime=1000 MILLISECONDS)
2019-09-28 01:20:25,981 [main] INFO  ipc.Client (Client.java:handleConnectionFailure(948)) - Retrying connect to server: localhost/127.0.0.1:0. Already tried 2 time(s); retry policy is RetryUpToMaximumCountWithFixedSleep(maxRetries=10, sleepTime=1000 MILLISECONDS)
2019-09-28 01:20:26,982 [main] INFO  ipc.Client (Client.java:handleConnectionFailure(948)) - Retrying connect to server: localhost/127.0.0.1:0. Already tried 3 time(s); retry policy is RetryUpToMaximumCountWithFixedSleep(maxRetries=10, sleepTime=1000 MILLISECONDS)
2019-09-28 01:20:27,983 [main] INFO  ipc.Client (Client.java:handleConnectionFailure(948)) - Retrying connect to server: localhost/127.0.0.1:0. Already tried 4 time(s); retry policy is RetryUpToMaximumCountWithFixedSleep(maxRetries=10, sleepTime=1000 MILLISECONDS)
2019-09-28 01:20:28,985 [main] INFO  ipc.Client (Client.java:handleConnectionFailure(948)) - Retrying connect to server: localhost/127.0.0.1:0. Already tried 5 time(s); retry policy is RetryUpToMaximumCountWithFixedSleep(maxRetries=10, sleepTime=1000 MILLISECONDS)
2019-09-28 01:20:29,986 [main] INFO  ipc.Client (Client.java:handleConnectionFailure(948)) - Retrying connect to server: localhost/127.0.0.1:0. Already tried 6 time(s); retry policy is RetryUpToMaximumCountWithFixedSleep(maxRetries=10, sleepTime=1000 MILLISECONDS)
2019-09-28 01:20:30,987 [main] INFO  ipc.Client (Client.java:handleConnectionFailure(948)) - Retrying connect to server: localhost/127.0.0.1:0. Already tried 7 time(s); retry policy is RetryUpToMaximumCountWithFixedSleep(maxRetries=10, sleepTime=1000 MILLISECONDS)
2019-09-28 01:20:31,989 [main] INFO  ipc.Client (Client.java:handleConnectionFailure(948)) - Retrying connect to server: localhost/127.0.0.1:0. Already tried 8 time(s); retry policy is RetryUpToMaximumCountWithFixedSleep(maxRetries=10, sleepTime=1000 MILLISECONDS)
2019-09-28 01:20:32,990 [main] INFO  ipc.Client (Client.java:handleConnectionFailure(948)) - Retrying connect to server: localhost/127.0.0.1:0. Already tried 9 time(s); retry policy is RetryUpToMaximumCountWithFixedSleep(maxRetries=10, sleepTime=1000 MILLISECONDS)
2019-09-28 01:20:32,992 [main] INFO  retry.RetryInvocationHandler (RetryInvocationHandler.java:log(411)) - com.google.protobuf.ServiceException: java.net.ConnectException: Your endpoint configuration is wrong; For more details see:  http://wiki.apache.org/hadoop/UnsetHostnameOrPort, while invoking $Proxy35.submitRequest over nodeId=null,nodeAddress=127.0.0.1:0 after 1 failover attempts. Trying to failover immediately.
2019-09-28 01:20:33,993 [main] INFO  ipc.Client (Client.java:handleConnectionFailure(948)) - Retrying connect to server: localhost/127.0.0.1:0. Already tried 0 time(s); retry policy is RetryUpToMaximumCountWithFixedSleep(maxRetries=10, sleepTime=1000 MILLISECONDS)
2019-09-28 01:20:34,994 [main] INFO  ipc.Client (Client.java:handleConnectionFailure(948)) - Retrying connect to server: localhost/127.0.0.1:0. Already tried 1 time(s); retry policy is RetryUpToMaximumCountWithFixedSleep(maxRetries=10, sleepTime=1000 MILLISECONDS)
2019-09-28 01:20:35,995 [main] INFO  ipc.Client (Client.java:handleConnectionFailure(948)) - Retrying connect to server: localhost/127.0.0.1:0. Already tried 2 time(s); retry policy is RetryUpToMaximumCountWithFixedSleep(maxRetries=10, sleepTime=1000 MILLISECONDS)
2019-09-28 01:20:36,996 [main] INFO  ipc.Client (Client.java:handleConnectionFailure(948)) - Retrying connect to server: localhost/127.0.0.1:0. Already tried 3 time(s); retry policy is RetryUpToMaximumCountWithFixedSleep(maxRetries=10, sleepTime=1000 MILLISECONDS)
2019-09-28 01:20:37,997 [main] INFO  ipc.Client (Client.java:handleConnectionFailure(948)) - Retrying connect to server: localhost/127.0.0.1:0. Already tried 4 time(s); retry policy is RetryUpToMaximumCountWithFixedSleep(maxRetries=10, sleepTime=1000 MILLISECONDS)
2019-09-28 01:20:38,998 [main] INFO  ipc.Client (Client.java:handleConnectionFailure(948)) - Retrying connect to server: localhost/127.0.0.1:0. Already tried 5 time(s); retry policy is RetryUpToMaximumCountWithFixedSleep(maxRetries=10, sleepTime=1000 MILLISECONDS)
2019-09-28 01:20:40,000 [main] INFO  ipc.Client (Client.java:handleConnectionFailure(948)) - Retrying connect to server: localhost/127.0.0.1:0. Already tried 6 time(s); retry policy is RetryUpToMaximumCountWithFixedSleep(maxRetries=10, sleepTime=1000 MILLISECONDS)
2019-09-28 01:20:41,001 [main] INFO  ipc.Client (Client.java:handleConnectionFailure(948)) - Retrying connect to server: localhost/127.0.0.1:0. Already tried 7 time(s); retry policy is RetryUpToMaximumCountWithFixedSleep(maxRetries=10, sleepTime=1000 MILLISECONDS)
2019-09-28 01:20:42,002 [main] INFO  ipc.Client (Client.java:handleConnectionFailure(948)) - Retrying connect to server: localhost/127.0.0.1:0. Already tried 8 time(s); retry policy is RetryUpToMaximumCountWithFixedSleep(maxRetries=10, sleepTime=1000 MILLISECONDS)
2019-09-28 01:20:43,003 [main] INFO  ipc.Client (Client.java:handleConnectionFailure(948)) - Retrying connect to server: localhost/127.0.0.1:0. Already tried 9 time(s); retry policy is RetryUpToMaximumCountWithFixedSleep(maxRetries=10, sleepTime=1000 MILLISECONDS)
2019-09-28 01:20:43,005 [main] INFO  retry.RetryInvocationHandler (RetryInvocationHandler.java:log(411)) - com.google.protobuf.ServiceException: java.net.ConnectException: Your endpoint configuration is wrong; For more details see:  http://wiki.apache.org/hadoop/UnsetHostnameOrPort, while invoking $Proxy35.submitRequest over nodeId=null,nodeAddress=127.0.0.1:0 after 2 failover attempts. Trying to failover immediately.
2019-09-28 01:20:44,006 [main] INFO  ipc.Client (Client.java:handleConnectionFailure(948)) - Retrying connect to server: localhost/127.0.0.1:0. Already tried 0 time(s); retry policy is RetryUpToMaximumCountWithFixedSleep(maxRetries=10, sleepTime=1000 MILLISECONDS)
2019-09-28 01:20:45,007 [main] INFO  ipc.Client (Client.java:handleConnectionFailure(948)) - Retrying connect to server: localhost/127.0.0.1:0. Already tried 1 time(s); retry policy is RetryUpToMaximumCountWithFixedSleep(maxRetries=10, sleepTime=1000 MILLISECONDS)
2019-09-28 01:20:46,008 [main] INFO  ipc.Client (Client.java:handleConnectionFailure(948)) - Retrying connect to server: localhost/127.0.0.1:0. Already tried 2 time(s); retry policy is RetryUpToMaximumCountWithFixedSleep(maxRetries=10, sleepTime=1000 MILLISECONDS)
2019-09-28 01:20:47,010 [main] INFO  ipc.Client (Client.java:handleConnectionFailure(948)) - Retrying connect to server: localhost/127.0.0.1:0. Already tried 3 time(s); retry policy is RetryUpToMaximumCountWithFixedSleep(maxRetries=10, sleepTime=1000 MILLISECONDS)
2019-09-28 01:20:48,011 [main] INFO  ipc.Client (Client.java:handleConnectionFailure(948)) - Retrying connect to server: localhost/127.0.0.1:0. Already tried 4 time(s); retry policy is RetryUpToMaximumCountWithFixedSleep(maxRetries=10, sleepTime=1000 MILLISECONDS)
2019-09-28 01:20:49,012 [main] INFO  ipc.Client (Client.java:handleConnectionFailure(948)) - Retrying connect to server: localhost/127.0.0.1:0. Already tried 5 time(s); retry policy is RetryUpToMaximumCountWithFixedSleep(maxRetries=10, sleepTime=1000 MILLISECONDS)
2019-09-28 01:20:50,013 [main] INFO  ipc.Client (Client.java:handleConnectionFailure(948)) - Retrying connect to server: localhost/127.0.0.1:0. Already tried 6 time(s); retry policy is RetryUpToMaximumCountWithFixedSleep(maxRetries=10, sleepTime=1000 MILLISECONDS)
2019-09-28 01:20:51,016 [main] INFO  ipc.Client (Client.java:handleConnectionFailure(948)) - Retrying connect to server: localhost/127.0.0.1:0. Already tried 7 time(s); retry policy is RetryUpToMaximumCountWithFixedSleep(maxRetries=10, sleepTime=1000 MILLISECONDS)
2019-09-28 01:20:52,017 [main] INFO  ipc.Client (Client.java:handleConnectionFailure(948)) - Retrying connect to server: localhost/127.0.0.1:0. Already tried 8 time(s); retry policy is RetryUpToMaximumCountWithFixedSleep(maxRetries=10, sleepTime=1000 MILLISECONDS)
2019-09-28 01:20:53,018 [main] INFO  ipc.Client (Client.java:handleConnectionFailure(948)) - Retrying connect to server: localhost/127.0.0.1:0. Already tried 9 time(s); retry policy is RetryUpToMaximumCountWithFixedSleep(maxRetries=10, sleepTime=1000 MILLISECONDS)
2019-09-28 01:20:53,020 [main] INFO  retry.RetryInvocationHandler (RetryInvocationHandler.java:log(411)) - com.google.protobuf.ServiceException: java.net.ConnectException: Your endpoint configuration is wrong; For more details see:  http://wiki.apache.org/hadoop/UnsetHostnameOrPort, while invoking $Proxy35.submitRequest over nodeId=null,nodeAddress=127.0.0.1:0 after 3 failover attempts. Trying to failover immediately.
2019-09-28 01:20:54,021 [main] INFO  ipc.Client (Client.java:handleConnectionFailure(948)) - Retrying connect to server: localhost/127.0.0.1:0. Already tried 0 time(s); retry policy is RetryUpToMaximumCountWithFixedSleep(maxRetries=10, sleepTime=1000 MILLISECONDS)
2019-09-28 01:20:55,022 [main] INFO  ipc.Client (Client.java:handleConnectionFailure(948)) - Retrying connect to server: localhost/127.0.0.1:0. Already tried 1 time(s); retry policy is RetryUpToMaximumCountWithFixedSleep(maxRetries=10, sleepTime=1000 MILLISECONDS)
2019-09-28 01:20:56,024 [main] INFO  ipc.Client (Client.java:handleConnectionFailure(948)) - Retrying connect to server: localhost/127.0.0.1:0. Already tried 2 time(s); retry policy is RetryUpToMaximumCountWithFixedSleep(maxRetries=10, sleepTime=1000 MILLISECONDS)
2019-09-28 01:20:57,025 [main] INFO  ipc.Client (Client.java:handleConnectionFailure(948)) - Retrying connect to server: localhost/127.0.0.1:0. Already tried 3 time(s); retry policy is RetryUpToMaximumCountWithFixedSleep(maxRetries=10, sleepTime=1000 MILLISECONDS)
2019-09-28 01:20:58,026 [main] INFO  ipc.Client (Client.java:handleConnectionFailure(948)) - Retrying connect to server: localhost/127.0.0.1:0. Already tried 4 time(s); retry policy is RetryUpToMaximumCountWithFixedSleep(maxRetries=10, sleepTime=1000 MILLISECONDS)
2019-09-28 01:20:59,027 [main] INFO  ipc.Client (Client.java:handleConnectionFailure(948)) - Retrying connect to server: localhost/127.0.0.1:0. Already tried 5 time(s); retry policy is RetryUpToMaximumCountWithFixedSleep(maxRetries=10, sleepTime=1000 MILLISECONDS)
2019-09-28 01:21:00,029 [main] INFO  ipc.Client (Client.java:handleConnectionFailure(948)) - Retrying connect to server: localhost/127.0.0.1:0. Already tried 6 time(s); retry policy is RetryUpToMaximumCountWithFixedSleep(maxRetries=10, sleepTime=1000 MILLISECONDS)
2019-09-28 01:21:01,030 [main] INFO  ipc.Client (Client.java:handleConnectionFailure(948)) - Retrying connect to server: localhost/127.0.0.1:0. Already tried 7 time(s); retry policy is RetryUpToMaximumCountWithFixedSleep(maxRetries=10, sleepTime=1000 MILLISECONDS)
2019-09-28 01:21:02,031 [main] INFO  ipc.Client (Client.java:handleConnectionFailure(948)) - Retrying connect to server: localhost/127.0.0.1:0. Already tried 8 time(s); retry policy is RetryUpToMaximumCountWithFixedSleep(maxRetries=10, sleepTime=1000 MILLISECONDS)
2019-09-28 01:21:03,033 [main] INFO  ipc.Client (Client.java:handleConnectionFailure(948)) - Retrying connect to server: localhost/127.0.0.1:0. Already tried 9 time(s); retry policy is RetryUpToMaximumCountWithFixedSleep(maxRetries=10, sleepTime=1000 MILLISECONDS)
2019-09-28 01:21:03,035 [main] INFO  retry.RetryInvocationHandler (RetryInvocationHandler.java:log(411)) - com.google.protobuf.ServiceException: java.net.ConnectException: Your endpoint configuration is wrong; For more details see:  http://wiki.apache.org/hadoop/UnsetHostnameOrPort, while invoking $Proxy35.submitRequest over nodeId=null,nodeAddress=127.0.0.1:0 after 4 failover attempts. Trying to failover immediately.
2019-09-28 01:21:04,036 [main] INFO  ipc.Client (Client.java:handleConnectionFailure(948)) - Retrying connect to server: localhost/127.0.0.1:0. Already tried 0 time(s); retry policy is RetryUpToMaximumCountWithFixedSleep(maxRetries=10, sleepTime=1000 MILLISECONDS)
2019-09-28 01:21:05,037 [main] INFO  ipc.Client (Client.java:handleConnectionFailure(948)) - Retrying connect to server: localhost/127.0.0.1:0. Already tried 1 time(s); retry policy is RetryUpToMaximumCountWithFixedSleep(maxRetries=10, sleepTime=1000 MILLISECONDS)
2019-09-28 01:21:06,038 [main] INFO  ipc.Client (Client.java:handleConnectionFailure(948)) - Retrying connect to server: localhost/127.0.0.1:0. Already tried 2 time(s); retry policy is RetryUpToMaximumCountWithFixedSleep(maxRetries=10, sleepTime=1000 MILLISECONDS)
2019-09-28 01:21:07,039 [main] INFO  ipc.Client (Client.java:handleConnectionFailure(948)) - Retrying connect to server: localhost/127.0.0.1:0. Already tried 3 time(s); retry policy is RetryUpToMaximumCountWithFixedSleep(maxRetries=10, sleepTime=1000 MILLISECONDS)
2019-09-28 01:21:08,041 [main] INFO  ipc.Client (Client.java:handleConnectionFailure(948)) - Retrying connect to server: localhost/127.0.0.1:0. Already tried 4 time(s); retry policy is RetryUpToMaximumCountWithFixedSleep(maxRetries=10, sleepTime=1000 MILLISECONDS)
2019-09-28 01:21:09,042 [main] INFO  ipc.Client (Client.java:handleConnectionFailure(948)) - Retrying connect to server: localhost/127.0.0.1:0. Already tried 5 time(s); retry policy is RetryUpToMaximumCountWithFixedSleep(maxRetries=10, sleepTime=1000 MILLISECONDS)
2019-09-28 01:21:10,043 [main] INFO  ipc.Client (Client.java:handleConnectionFailure(948)) - Retrying connect to server: localhost/127.0.0.1:0. Already tried 6 time(s); retry policy is RetryUpToMaximumCountWithFixedSleep(maxRetries=10, sleepTime=1000 MILLISECONDS)
2019-09-28 01:21:11,044 [main] INFO  ipc.Client (Client.java:handleConnectionFailure(948)) - Retrying connect to server: localhost/127.0.0.1:0. Already tried 7 time(s); retry policy is RetryUpToMaximumCountWithFixedSleep(maxRetries=10, sleepTime=1000 MILLISECONDS)
2019-09-28 01:21:12,045 [main] INFO  ipc.Client (Client.java:handleConnectionFailure(948)) - Retrying connect to server: localhost/127.0.0.1:0. Already tried 8 time(s); retry policy is RetryUpToMaximumCountWithFixedSleep(maxRetries=10, sleepTime=1000 MILLISECONDS)
2019-09-28 01:21:13,046 [main] INFO  ipc.Client (Client.java:handleConnectionFailure(948)) - Retrying connect to server: localhost/127.0.0.1:0. Already tried 9 time(s); retry policy is RetryUpToMaximumCountWithFixedSleep(maxRetries=10, sleepTime=1000 MILLISECONDS)
2019-09-28 01:21:13,048 [main] INFO  retry.RetryInvocationHandler (RetryInvocationHandler.java:log(411)) - com.google.protobuf.ServiceException: java.net.ConnectException: Your endpoint configuration is wrong; For more details see:  http://wiki.apache.org/hadoop/UnsetHostnameOrPort, while invoking $Proxy35.submitRequest over nodeId=null,nodeAddress=127.0.0.1:0 after 5 failover attempts. Trying to failover immediately.
2019-09-28 01:21:14,048 [main] INFO  ipc.Client (Client.java:handleConnectionFailure(948)) - Retrying connect to server: localhost/127.0.0.1:0. Already tried 0 time(s); retry policy is RetryUpToMaximumCountWithFixedSleep(maxRetries=10, sleepTime=1000 MILLISECONDS)
2019-09-28 01:21:15,050 [main] INFO  ipc.Client (Client.java:handleConnectionFailure(948)) - Retrying connect to server: localhost/127.0.0.1:0. Already tried 1 time(s); retry policy is RetryUpToMaximumCountWithFixedSleep(maxRetries=10, sleepTime=1000 MILLISECONDS)
2019-09-28 01:21:16,051 [main] INFO  ipc.Client (Client.java:handleConnectionFailure(948)) - Retrying connect to server: localhost/127.0.0.1:0. Already tried 2 time(s); retry policy is RetryUpToMaximumCountWithFixedSleep(maxRetries=10, sleepTime=1000 MILLISECONDS)
2019-09-28 01:21:17,052 [main] INFO  ipc.Client (Client.java:handleConnectionFailure(948)) - Retrying connect to server: localhost/127.0.0.1:0. Already tried 3 time(s); retry policy is RetryUpToMaximumCountWithFixedSleep(maxRetries=10, sleepTime=1000 MILLISECONDS)
2019-09-28 01:21:18,053 [main] INFO  ipc.Client (Client.java:handleConnectionFailure(948)) - Retrying connect to server: localhost/127.0.0.1:0. Already tried 4 time(s); retry policy is RetryUpToMaximumCountWithFixedSleep(maxRetries=10, sleepTime=1000 MILLISECONDS)
2019-09-28 01:21:19,054 [main] INFO  ipc.Client (Client.java:handleConnectionFailure(948)) - Retrying connect to server: localhost/127.0.0.1:0. Already tried 5 time(s); retry policy is RetryUpToMaximumCountWithFixedSleep(maxRetries=10, sleepTime=1000 MILLISECONDS)
2019-09-28 01:21:20,056 [main] INFO  ipc.Client (Client.java:handleConnectionFailure(948)) - Retrying connect to server: localhost/127.0.0.1:0. Already tried 6 time(s); retry policy is RetryUpToMaximumCountWithFixedSleep(maxRetries=10, sleepTime=1000 MILLISECONDS)
2019-09-28 01:21:21,057 [main] INFO  ipc.Client (Client.java:handleConnectionFailure(948)) - Retrying connect to server: localhost/127.0.0.1:0. Already tried 7 time(s); retry policy is RetryUpToMaximumCountWithFixedSleep(maxRetries=10, sleepTime=1000 MILLISECONDS)
2019-09-28 01:21:22,059 [main] INFO  ipc.Client (Client.java:handleConnectionFailure(948)) - Retrying connect to server: localhost/127.0.0.1:0. Already tried 8 time(s); retry policy is RetryUpToMaximumCountWithFixedSleep(maxRetries=10, sleepTime=1000 MILLISECONDS)
2019-09-28 01:21:23,060 [main] INFO  ipc.Client (Client.java:handleConnectionFailure(948)) - Retrying connect to server: localhost/127.0.0.1:0. Already tried 9 time(s); retry policy is RetryUpToMaximumCountWithFixedSleep(maxRetries=10, sleepTime=1000 MILLISECONDS)
2019-09-28 01:21:23,061 [main] INFO  retry.RetryInvocationHandler (RetryInvocationHandler.java:log(411)) - com.google.protobuf.ServiceException: java.net.ConnectException: Your endpoint configuration is wrong; For more details see:  http://wiki.apache.org/hadoop/UnsetHostnameOrPort, while invoking $Proxy35.submitRequest over nodeId=null,nodeAddress=127.0.0.1:0 after 6 failover attempts. Trying to failover immediately.
2019-09-28 01:21:24,062 [main] INFO  ipc.Client (Client.java:handleConnectionFailure(948)) - Retrying connect to server: localhost/127.0.0.1:0. Already tried 0 time(s); retry policy is RetryUpToMaximumCountWithFixedSleep(maxRetries=10, sleepTime=1000 MILLISECONDS)
2019-09-28 01:21:25,063 [main] INFO  ipc.Client (Client.java:handleConnectionFailure(948)) - Retrying connect to server: localhost/127.0.0.1:0. Already tried 1 time(s); retry policy is RetryUpToMaximumCountWithFixedSleep(maxRetries=10, sleepTime=1000 MILLISECONDS)
2019-09-28 01:21:26,065 [main] INFO  ipc.Client (Client.java:handleConnectionFailure(948)) - Retrying connect to server: localhost/127.0.0.1:0. Already tried 2 time(s); retry policy is RetryUpToMaximumCountWithFixedSleep(maxRetries=10, sleepTime=1000 MILLISECONDS)
2019-09-28 01:21:27,066 [main] INFO  ipc.Client (Client.java:handleConnectionFailure(948)) - Retrying connect to server: localhost/127.0.0.1:0. Already tried 3 time(s); retry policy is RetryUpToMaximumCountWithFixedSleep(maxRetries=10, sleepTime=1000 MILLISECONDS)
2019-09-28 01:21:28,067 [main] INFO  ipc.Client (Client.java:handleConnectionFailure(948)) - Retrying connect to server: localhost/127.0.0.1:0. Already tried 4 time(s); retry policy is RetryUpToMaximumCountWithFixedSleep(maxRetries=10, sleepTime=1000 MILLISECONDS)
2019-09-28 01:21:29,068 [main] INFO  ipc.Client (Client.java:handleConnectionFailure(948)) - Retrying connect to server: localhost/127.0.0.1:0. Already tried 5 time(s); retry policy is RetryUpToMaximumCountWithFixedSleep(maxRetries=10, sleepTime=1000 MILLISECONDS)
2019-09-28 01:21:30,069 [main] INFO  ipc.Client (Client.java:handleConnectionFailure(948)) - Retrying connect to server: localhost/127.0.0.1:0. Already tried 6 time(s); retry policy is RetryUpToMaximumCountWithFixedSleep(maxRetries=10, sleepTime=1000 MILLISECONDS)
2019-09-28 01:21:31,071 [main] INFO  ipc.Client (Client.java:handleConnectionFailure(948)) - Retrying connect to server: localhost/127.0.0.1:0. Already tried 7 time(s); retry policy is RetryUpToMaximumCountWithFixedSleep(maxRetries=10, sleepTime=1000 MILLISECONDS)
2019-09-28 01:21:32,076 [main] INFO  ipc.Client (Client.java:handleConnectionFailure(948)) - Retrying connect to server: localhost/127.0.0.1:0. Already tried 8 time(s); retry policy is RetryUpToMaximumCountWithFixedSleep(maxRetries=10, sleepTime=1000 MILLISECONDS)
2019-09-28 01:21:33,077 [main] INFO  ipc.Client (Client.java:handleConnectionFailure(948)) - Retrying connect to server: localhost/127.0.0.1:0. Already tried 9 time(s); retry policy is RetryUpToMaximumCountWithFixedSleep(maxRetries=10, sleepTime=1000 MILLISECONDS)
2019-09-28 01:21:33,078 [main] INFO  retry.RetryInvocationHandler (RetryInvocationHandler.java:log(411)) - com.google.protobuf.ServiceException: java.net.ConnectException: Your endpoint configuration is wrong; For more details see:  http://wiki.apache.org/hadoop/UnsetHostnameOrPort, while invoking $Proxy35.submitRequest over nodeId=null,nodeAddress=127.0.0.1:0 after 7 failover attempts. Trying to failover immediately.
2019-09-28 01:21:34,080 [main] INFO  ipc.Client (Client.java:handleConnectionFailure(948)) - Retrying connect to server: localhost/127.0.0.1:0. Already tried 0 time(s); retry policy is RetryUpToMaximumCountWithFixedSleep(maxRetries=10, sleepTime=1000 MILLISECONDS)
2019-09-28 01:21:35,081 [main] INFO  ipc.Client (Client.java:handleConnectionFailure(948)) - Retrying connect to server: localhost/127.0.0.1:0. Already tried 1 time(s); retry policy is RetryUpToMaximumCountWithFixedSleep(maxRetries=10, sleepTime=1000 MILLISECONDS)
2019-09-28 01:21:36,082 [main] INFO  ipc.Client (Client.java:handleConnectionFailure(948)) - Retrying connect to server: localhost/127.0.0.1:0. Already tried 2 time(s); retry policy is RetryUpToMaximumCountWithFixedSleep(maxRetries=10, sleepTime=1000 MILLISECONDS)
2019-09-28 01:21:37,083 [main] INFO  ipc.Client (Client.java:handleConnectionFailure(948)) - Retrying connect to server: localhost/127.0.0.1:0. Already tried 3 time(s); retry policy is RetryUpToMaximumCountWithFixedSleep(maxRetries=10, sleepTime=1000 MILLISECONDS)
2019-09-28 01:21:38,084 [main] INFO  ipc.Client (Client.java:handleConnectionFailure(948)) - Retrying connect to server: localhost/127.0.0.1:0. Already tried 4 time(s); retry policy is RetryUpToMaximumCountWithFixedSleep(maxRetries=10, sleepTime=1000 MILLISECONDS)
2019-09-28 01:21:39,085 [main] INFO  ipc.Client (Client.java:handleConnectionFailure(948)) - Retrying connect to server: localhost/127.0.0.1:0. Already tried 5 time(s); retry policy is RetryUpToMaximumCountWithFixedSleep(maxRetries=10, sleepTime=1000 MILLISECONDS)
2019-09-28 01:21:40,087 [main] INFO  ipc.Client (Client.java:handleConnectionFailure(948)) - Retrying connect to server: localhost/127.0.0.1:0. Already tried 6 time(s); retry policy is RetryUpToMaximumCountWithFixedSleep(maxRetries=10, sleepTime=1000 MILLISECONDS)
2019-09-28 01:21:41,088 [main] INFO  ipc.Client (Client.java:handleConnectionFailure(948)) - Retrying connect to server: localhost/127.0.0.1:0. Already tried 7 time(s); retry policy is RetryUpToMaximumCountWithFixedSleep(maxRetries=10, sleepTime=1000 MILLISECONDS)
2019-09-28 01:21:42,089 [main] INFO  ipc.Client (Client.java:handleConnectionFailure(948)) - Retrying connect to server: localhost/127.0.0.1:0. Already tried 8 time(s); retry policy is RetryUpToMaximumCountWithFixedSleep(maxRetries=10, sleepTime=1000 MILLISECONDS)
2019-09-28 01:21:43,090 [main] INFO  ipc.Client (Client.java:handleConnectionFailure(948)) - Retrying connect to server: localhost/127.0.0.1:0. Already tried 9 time(s); retry policy is RetryUpToMaximumCountWithFixedSleep(maxRetries=10, sleepTime=1000 MILLISECONDS)
2019-09-28 01:21:43,092 [main] INFO  retry.RetryInvocationHandler (RetryInvocationHandler.java:log(411)) - com.google.protobuf.ServiceException: java.net.ConnectException: Your endpoint configuration is wrong; For more details see:  http://wiki.apache.org/hadoop/UnsetHostnameOrPort, while invoking $Proxy35.submitRequest over nodeId=null,nodeAddress=127.0.0.1:0 after 8 failover attempts. Trying to failover immediately.
2019-09-28 01:21:44,093 [main] INFO  ipc.Client (Client.java:handleConnectionFailure(948)) - Retrying connect to server: localhost/127.0.0.1:0. Already tried 0 time(s); retry policy is RetryUpToMaximumCountWithFixedSleep(maxRetries=10, sleepTime=1000 MILLISECONDS)
2019-09-28 01:21:45,094 [main] INFO  ipc.Client (Client.java:handleConnectionFailure(948)) - Retrying connect to server: localhost/127.0.0.1:0. Already tried 1 time(s); retry policy is RetryUpToMaximumCountWithFixedSleep(maxRetries=10, sleepTime=1000 MILLISECONDS)
2019-09-28 01:21:46,095 [main] INFO  ipc.Client (Client.java:handleConnectionFailure(948)) - Retrying connect to server: localhost/127.0.0.1:0. Already tried 2 time(s); retry policy is RetryUpToMaximumCountWithFixedSleep(maxRetries=10, sleepTime=1000 MILLISECONDS)
2019-09-28 01:21:47,097 [main] INFO  ipc.Client (Client.java:handleConnectionFailure(948)) - Retrying connect to server: localhost/127.0.0.1:0. Already tried 3 time(s); retry policy is RetryUpToMaximumCountWithFixedSleep(maxRetries=10, sleepTime=1000 MILLISECONDS)
2019-09-28 01:21:48,098 [main] INFO  ipc.Client (Client.java:handleConnectionFailure(948)) - Retrying connect to server: localhost/127.0.0.1:0. Already tried 4 time(s); retry policy is RetryUpToMaximumCountWithFixedSleep(maxRetries=10, sleepTime=1000 MILLISECONDS)
2019-09-28 01:21:49,099 [main] INFO  ipc.Client (Client.java:handleConnectionFailure(948)) - Retrying connect to server: localhost/127.0.0.1:0. Already tried 5 time(s); retry policy is RetryUpToMaximumCountWithFixedSleep(maxRetries=10, sleepTime=1000 MILLISECONDS)
2019-09-28 01:21:50,100 [main] INFO  ipc.Client (Client.java:handleConnectionFailure(948)) - Retrying connect to server: localhost/127.0.0.1:0. Already tried 6 time(s); retry policy is RetryUpToMaximumCountWithFixedSleep(maxRetries=10, sleepTime=1000 MILLISECONDS)
2019-09-28 01:21:51,101 [main] INFO  ipc.Client (Client.java:handleConnectionFailure(948)) - Retrying connect to server: localhost/127.0.0.1:0. Already tried 7 time(s); retry policy is RetryUpToMaximumCountWithFixedSleep(maxRetries=10, sleepTime=1000 MILLISECONDS)
2019-09-28 01:21:52,103 [main] INFO  ipc.Client (Client.java:handleConnectionFailure(948)) - Retrying connect to server: localhost/127.0.0.1:0. Already tried 8 time(s); retry policy is RetryUpToMaximumCountWithFixedSleep(maxRetries=10, sleepTime=1000 MILLISECONDS)
2019-09-28 01:21:53,104 [main] INFO  ipc.Client (Client.java:handleConnectionFailure(948)) - Retrying connect to server: localhost/127.0.0.1:0. Already tried 9 time(s); retry policy is RetryUpToMaximumCountWithFixedSleep(maxRetries=10, sleepTime=1000 MILLISECONDS)
2019-09-28 01:21:53,106 [main] INFO  retry.RetryInvocationHandler (RetryInvocationHandler.java:log(411)) - com.google.protobuf.ServiceException: java.net.ConnectException: Your endpoint configuration is wrong; For more details see:  http://wiki.apache.org/hadoop/UnsetHostnameOrPort, while invoking $Proxy35.submitRequest over nodeId=null,nodeAddress=127.0.0.1:0 after 9 failover attempts. Trying to failover immediately.
2019-09-28 01:21:54,107 [main] INFO  ipc.Client (Client.java:handleConnectionFailure(948)) - Retrying connect to server: localhost/127.0.0.1:0. Already tried 0 time(s); retry policy is RetryUpToMaximumCountWithFixedSleep(maxRetries=10, sleepTime=1000 MILLISECONDS)
2019-09-28 01:21:55,108 [main] INFO  ipc.Client (Client.java:handleConnectionFailure(948)) - Retrying connect to server: localhost/127.0.0.1:0. Already tried 1 time(s); retry policy is RetryUpToMaximumCountWithFixedSleep(maxRetries=10, sleepTime=1000 MILLISECONDS)
2019-09-28 01:21:56,109 [main] INFO  ipc.Client (Client.java:handleConnectionFailure(948)) - Retrying connect to server: localhost/127.0.0.1:0. Already tried 2 time(s); retry policy is RetryUpToMaximumCountWithFixedSleep(maxRetries=10, sleepTime=1000 MILLISECONDS)
2019-09-28 01:21:57,111 [main] INFO  ipc.Client (Client.java:handleConnectionFailure(948)) - Retrying connect to server: localhost/127.0.0.1:0. Already tried 3 time(s); retry policy is RetryUpToMaximumCountWithFixedSleep(maxRetries=10, sleepTime=1000 MILLISECONDS)
2019-09-28 01:21:58,112 [main] INFO  ipc.Client (Client.java:handleConnectionFailure(948)) - Retrying connect to server: localhost/127.0.0.1:0. Already tried 4 time(s); retry policy is RetryUpToMaximumCountWithFixedSleep(maxRetries=10, sleepTime=1000 MILLISECONDS)
2019-09-28 01:21:59,113 [main] INFO  ipc.Client (Client.java:handleConnectionFailure(948)) - Retrying connect to server: localhost/127.0.0.1:0. Already tried 5 time(s); retry policy is RetryUpToMaximumCountWithFixedSleep(maxRetries=10, sleepTime=1000 MILLISECONDS)
2019-09-28 01:22:00,114 [main] INFO  ipc.Client (Client.java:handleConnectionFailure(948)) - Retrying connect to server: localhost/127.0.0.1:0. Already tried 6 time(s); retry policy is RetryUpToMaximumCountWithFixedSleep(maxRetries=10, sleepTime=1000 MILLISECONDS)
2019-09-28 01:22:01,116 [main] INFO  ipc.Client (Client.java:handleConnectionFailure(948)) - Retrying connect to server: localhost/127.0.0.1:0. Already tried 7 time(s); retry policy is RetryUpToMaximumCountWithFixedSleep(maxRetries=10, sleepTime=1000 MILLISECONDS)
2019-09-28 01:22:02,117 [main] INFO  ipc.Client (Client.java:handleConnectionFailure(948)) - Retrying connect to server: localhost/127.0.0.1:0. Already tried 8 time(s); retry policy is RetryUpToMaximumCountWithFixedSleep(maxRetries=10, sleepTime=1000 MILLISECONDS)
2019-09-28 01:22:03,120 [main] INFO  ipc.Client (Client.java:handleConnectionFailure(948)) - Retrying connect to server: localhost/127.0.0.1:0. Already tried 9 time(s); retry policy is RetryUpToMaximumCountWithFixedSleep(maxRetries=10, sleepTime=1000 MILLISECONDS)
2019-09-28 01:22:03,122 [main] ERROR ha.OMFailoverProxyProvider (OzoneManagerProtocolClientSideTranslatorPB.java:getRetryAction(268)) - Failed to connect to OM. Attempted 10 retries and 10 failovers
2019-09-28 01:22:03,122 [main] ERROR client.OzoneClientFactory (OzoneClientFactory.java:getClientProtocol(259)) - Couldn't create RpcClient protocol exception: 
java.net.ConnectException: Your endpoint configuration is wrong; For more details see:  http://wiki.apache.org/hadoop/UnsetHostnameOrPort
	at sun.reflect.GeneratedConstructorAccessor41.newInstance(Unknown Source)
	at sun.reflect.DelegatingConstructorAccessorImpl.newInstance(DelegatingConstructorAccessorImpl.java:45)
	at java.lang.reflect.Constructor.newInstance(Constructor.java:423)
	at org.apache.hadoop.net.NetUtils.wrapWithMessage(NetUtils.java:831)
	at org.apache.hadoop.net.NetUtils.wrapException(NetUtils.java:751)
	at org.apache.hadoop.ipc.Client.getRpcResponse(Client.java:1515)
	at org.apache.hadoop.ipc.Client.call(Client.java:1457)
	at org.apache.hadoop.ipc.Client.call(Client.java:1367)
	at org.apache.hadoop.ipc.ProtobufRpcEngine$Invoker.invoke(ProtobufRpcEngine.java:228)
	at org.apache.hadoop.ipc.ProtobufRpcEngine$Invoker.invoke(ProtobufRpcEngine.java:116)
	at com.sun.proxy.$Proxy35.submitRequest(Unknown Source)
	at sun.reflect.GeneratedMethodAccessor36.invoke(Unknown Source)
	at sun.reflect.DelegatingMethodAccessorImpl.invoke(DelegatingMethodAccessorImpl.java:43)
	at java.lang.reflect.Method.invoke(Method.java:498)
	at org.apache.hadoop.io.retry.RetryInvocationHandler.invokeMethod(RetryInvocationHandler.java:422)
	at org.apache.hadoop.io.retry.RetryInvocationHandler$Call.invokeMethod(RetryInvocationHandler.java:165)
	at org.apache.hadoop.io.retry.RetryInvocationHandler$Call.invoke(RetryInvocationHandler.java:157)
	at org.apache.hadoop.io.retry.RetryInvocationHandler$Call.invokeOnce(RetryInvocationHandler.java:95)
	at org.apache.hadoop.io.retry.RetryInvocationHandler.invoke(RetryInvocationHandler.java:359)
	at com.sun.proxy.$Proxy35.submitRequest(Unknown Source)
	at org.apache.hadoop.ozone.om.protocolPB.OzoneManagerProtocolClientSideTranslatorPB.submitRequest(OzoneManagerProtocolClientSideTranslatorPB.java:338)
	at org.apache.hadoop.ozone.om.protocolPB.OzoneManagerProtocolClientSideTranslatorPB.getServiceInfo(OzoneManagerProtocolClientSideTranslatorPB.java:1223)
	at sun.reflect.NativeMethodAccessorImpl.invoke0(Native Method)
	at sun.reflect.NativeMethodAccessorImpl.invoke(NativeMethodAccessorImpl.java:62)
	at sun.reflect.DelegatingMethodAccessorImpl.invoke(DelegatingMethodAccessorImpl.java:43)
	at java.lang.reflect.Method.invoke(Method.java:498)
	at org.apache.hadoop.hdds.tracing.TraceAllMethod.invoke(TraceAllMethod.java:66)
	at com.sun.proxy.$Proxy36.getServiceInfo(Unknown Source)
	at org.apache.hadoop.ozone.client.rpc.RpcClient.<init>(RpcClient.java:154)
	at org.apache.hadoop.ozone.client.OzoneClientFactory.getClientProtocol(OzoneClientFactory.java:256)
	at org.apache.hadoop.ozone.client.OzoneClientFactory.getClientProtocol(OzoneClientFactory.java:239)
	at org.apache.hadoop.ozone.client.OzoneClientFactory.getClient(OzoneClientFactory.java:75)
	at org.apache.hadoop.ozone.client.rpc.TestFailureHandlingByClient.init(TestFailureHandlingByClient.java:111)
	at org.apache.hadoop.ozone.client.rpc.TestFailureHandlingByClient.startCluster(TestFailureHandlingByClient.java:121)
	at org.apache.hadoop.ozone.client.rpc.TestFailureHandlingByClient.testBlockWritesWithDnFailures(TestFailureHandlingByClient.java:136)
	at sun.reflect.NativeMethodAccessorImpl.invoke0(Native Method)
	at sun.reflect.NativeMethodAccessorImpl.invoke(NativeMethodAccessorImpl.java:62)
	at sun.reflect.DelegatingMethodAccessorImpl.invoke(DelegatingMethodAccessorImpl.java:43)
	at java.lang.reflect.Method.invoke(Method.java:498)
	at org.junit.runners.model.FrameworkMethod$1.runReflectiveCall(FrameworkMethod.java:47)
	at org.junit.internal.runners.model.ReflectiveCallable.run(ReflectiveCallable.java:12)
	at org.junit.runners.model.FrameworkMethod.invokeExplosively(FrameworkMethod.java:44)
	at org.junit.internal.runners.statements.InvokeMethod.evaluate(InvokeMethod.java:17)
	at org.junit.internal.runners.statements.RunAfters.evaluate(RunAfters.java:27)
	at org.junit.runners.ParentRunner.runLeaf(ParentRunner.java:271)
	at org.junit.runners.BlockJUnit4ClassRunner.runChild(BlockJUnit4ClassRunner.java:70)
	at org.junit.runners.BlockJUnit4ClassRunner.runChild(BlockJUnit4ClassRunner.java:50)
	at org.junit.runners.ParentRunner$3.run(ParentRunner.java:238)
	at org.junit.runners.ParentRunner$1.schedule(ParentRunner.java:63)
	at org.junit.runners.ParentRunner.runChildren(ParentRunner.java:236)
	at org.junit.runners.ParentRunner.access$000(ParentRunner.java:53)
	at org.junit.runners.ParentRunner$2.evaluate(ParentRunner.java:229)
	at org.junit.runners.ParentRunner.run(ParentRunner.java:309)
	at org.apache.maven.surefire.junit4.JUnit4Provider.execute(JUnit4Provider.java:365)
	at org.apache.maven.surefire.junit4.JUnit4Provider.executeWithRerun(JUnit4Provider.java:273)
	at org.apache.maven.surefire.junit4.JUnit4Provider.executeTestSet(JUnit4Provider.java:238)
	at org.apache.maven.surefire.junit4.JUnit4Provider.invoke(JUnit4Provider.java:159)
	at org.apache.maven.surefire.booter.ForkedBooter.invokeProviderInSameClassLoader(ForkedBooter.java:384)
	at org.apache.maven.surefire.booter.ForkedBooter.runSuitesInProcess(ForkedBooter.java:345)
	at org.apache.maven.surefire.booter.ForkedBooter.execute(ForkedBooter.java:126)
	at org.apache.maven.surefire.booter.ForkedBooter.main(ForkedBooter.java:418)
Caused by: java.net.ConnectException: Connection refused
	at sun.nio.ch.SocketChannelImpl.checkConnect(Native Method)
	at sun.nio.ch.SocketChannelImpl.finishConnect(SocketChannelImpl.java:717)
	at org.apache.hadoop.net.SocketIOWithTimeout.connect(SocketIOWithTimeout.java:206)
	at org.apache.hadoop.net.NetUtils.connect(NetUtils.java:531)
	at org.apache.hadoop.ipc.Client$Connection.setupConnection(Client.java:690)
	at org.apache.hadoop.ipc.Client$Connection.setupIOstreams(Client.java:794)
	at org.apache.hadoop.ipc.Client$Connection.access$3700(Client.java:411)
	at org.apache.hadoop.ipc.Client.getConnection(Client.java:1572)
	at org.apache.hadoop.ipc.Client.call(Client.java:1403)
	... 54 more
2019-09-28 01:22:03,124 [main] INFO  ozone.MiniOzoneClusterImpl (MiniOzoneClusterImpl.java:shutdown(314)) - Shutting down the Mini Ozone Cluster
2019-09-28 01:22:03,125 [main] INFO  ozone.MiniOzoneClusterImpl (MiniOzoneClusterImpl.java:stop(330)) - Stopping the Mini Ozone Cluster
2019-09-28 01:22:03,125 [main] INFO  ozone.MiniOzoneClusterImpl (MiniOzoneClusterImpl.java:stopOM(400)) - Stopping the OzoneManager
2019-09-28 01:22:03,125 [main] INFO  ipc.Server (Server.java:stop(3082)) - Stopping server on 35503
2019-09-28 01:22:03,137 [IPC Server listener on 35503] INFO  ipc.Server (Server.java:run(1185)) - Stopping IPC Server listener on 35503
2019-09-28 01:22:03,139 [IPC Server Responder] INFO  ipc.Server (Server.java:run(1319)) - Stopping IPC Server Responder
2019-09-28 01:22:03,139 [main] INFO  ratis.OzoneManagerDoubleBuffer (OzoneManagerDoubleBuffer.java:stop(248)) - Stopping OMDoubleBuffer flush thread
2019-09-28 01:22:03,161 [OMDoubleBufferFlushThread] INFO  ratis.OzoneManagerDoubleBuffer (OzoneManagerDoubleBuffer.java:flushTransactions(191)) - OMDoubleBuffer flush thread OMDoubleBufferFlushThread is interrupted and will exit. OMDoubleBufferFlushThread
2019-09-28 01:22:03,186 [main] INFO  utils.BackgroundService (BackgroundService.java:shutdown(148)) - Shutting down service KeyDeletingService
2019-09-28 01:22:03,189 [main] INFO  handler.ContextHandler (ContextHandler.java:doStop(910)) - Stopped o.e.j.w.WebAppContext@622d7e4{/,null,UNAVAILABLE}{/ozoneManager}
2019-09-28 01:22:03,190 [main] INFO  server.AbstractConnector (AbstractConnector.java:doStop(318)) - Stopped ServerConnector@6a3fbcb1{HTTP/1.1,[http/1.1]}{0.0.0.0:0}
2019-09-28 01:22:03,191 [main] INFO  handler.ContextHandler (ContextHandler.java:doStop(910)) - Stopped o.e.j.s.ServletContextHandler@2415e4c7{/static,file:///workdir/hadoop-ozone/integration-test/target/test-classes/webapps/static,UNAVAILABLE}
2019-09-28 01:22:03,192 [main] INFO  handler.ContextHandler (ContextHandler.java:doStop(910)) - Stopped o.e.j.s.ServletContextHandler@3daf03d8{/logs,file:///workdir/hadoop-ozone/integration-test/target/log,UNAVAILABLE}
2019-09-28 01:22:03,195 [main] INFO  ozone.MiniOzoneClusterImpl (MiniOzoneClusterImpl.java:stopDatanodes(377)) - Stopping the HddsDatanodes
2019-09-28 01:22:03,740 [Datanode State Machine Thread - 0] INFO  statemachine.DatanodeStateMachine (DatanodeStateMachine.java:lambda$startDaemon$0(350)) - Ozone container server started.
2019-09-28 01:22:03,769 [Datanode State Machine Thread - 0] INFO  statemachine.DatanodeStateMachine (DatanodeStateMachine.java:lambda$startDaemon$0(350)) - Ozone container server started.
2019-09-28 01:22:08,197 [main] INFO  ozoneimpl.OzoneContainer (OzoneContainer.java:stop(231)) - Attempting to stop container services.
2019-09-28 01:22:08,197 [ForkJoinPool.commonPool-worker-0] INFO  ozoneimpl.OzoneContainer (OzoneContainer.java:stop(231)) - Attempting to stop container services.
2019-09-28 01:22:08,198 [main] INFO  impl.RaftServerProxy (RaftServerProxy.java:lambda$close$4(314)) - 2f116fb9-3359-4137-b08e-444c3348f2a5: close
2019-09-28 01:22:08,198 [ForkJoinPool.commonPool-worker-0] INFO  impl.RaftServerProxy (RaftServerProxy.java:lambda$close$4(314)) - ab3cf4df-5976-458c-b5c2-4cdf8c4d91de: close
2019-09-28 01:22:08,199 [main] INFO  impl.RaftServerImpl (RaftServerImpl.java:lambda$shutdown$3(251)) - 2f116fb9-3359-4137-b08e-444c3348f2a5@group-4AE38FFD66E4: shutdown
2019-09-28 01:22:08,199 [ForkJoinPool.commonPool-worker-0] INFO  impl.RaftServerImpl (RaftServerImpl.java:lambda$shutdown$3(251)) - ab3cf4df-5976-458c-b5c2-4cdf8c4d91de@group-4C93CFB70038: shutdown
2019-09-28 01:22:08,199 [main] INFO  util.JmxRegister (JmxRegister.java:unregister(73)) - Successfully un-registered JMX Bean with object name Ratis:service=RaftServer,group=group-4AE38FFD66E4,id=2f116fb9-3359-4137-b08e-444c3348f2a5
2019-09-28 01:22:08,199 [ForkJoinPool.commonPool-worker-0] INFO  util.JmxRegister (JmxRegister.java:unregister(73)) - Successfully un-registered JMX Bean with object name Ratis:service=RaftServer,group=group-4C93CFB70038,id=ab3cf4df-5976-458c-b5c2-4cdf8c4d91de
2019-09-28 01:22:08,205 [ForkJoinPool.commonPool-worker-0] INFO  impl.RoleInfo (RoleInfo.java:shutdownLeaderState(104)) - ab3cf4df-5976-458c-b5c2-4cdf8c4d91de: shutdown LeaderState
2019-09-28 01:22:08,200 [main] INFO  impl.RoleInfo (RoleInfo.java:shutdownLeaderState(104)) - 2f116fb9-3359-4137-b08e-444c3348f2a5: shutdown LeaderState
2019-09-28 01:22:08,205 [ForkJoinPool.commonPool-worker-0] INFO  impl.PendingRequests (PendingRequests.java:sendNotLeaderResponses(202)) - ab3cf4df-5976-458c-b5c2-4cdf8c4d91de-PendingRequests: sendNotLeaderResponses
2019-09-28 01:22:08,206 [main] INFO  impl.PendingRequests (PendingRequests.java:sendNotLeaderResponses(202)) - 2f116fb9-3359-4137-b08e-444c3348f2a5-PendingRequests: sendNotLeaderResponses
2019-09-28 01:22:08,206 [ForkJoinPool.commonPool-worker-0] INFO  impl.StateMachineUpdater (StateMachineUpdater.java:stopAndJoin(125)) - ab3cf4df-5976-458c-b5c2-4cdf8c4d91de@group-4C93CFB70038-StateMachineUpdater: set stopIndex = 0
2019-09-28 01:22:08,206 [main] INFO  impl.StateMachineUpdater (StateMachineUpdater.java:stopAndJoin(125)) - 2f116fb9-3359-4137-b08e-444c3348f2a5@group-4AE38FFD66E4-StateMachineUpdater: set stopIndex = 0
2019-09-28 01:22:08,207 [ForkJoinPool.commonPool-worker-0] INFO  impl.RaftServerImpl (ServerState.java:close(385)) - ab3cf4df-5976-458c-b5c2-4cdf8c4d91de@group-4C93CFB70038: closes. applyIndex: 0
2019-09-28 01:22:08,207 [main] INFO  impl.RaftServerImpl (ServerState.java:close(385)) - 2f116fb9-3359-4137-b08e-444c3348f2a5@group-4AE38FFD66E4: closes. applyIndex: 0
2019-09-28 01:22:08,208 [ab3cf4df-5976-458c-b5c2-4cdf8c4d91de@group-4C93CFB70038-SegmentedRaftLogWorker] INFO  segmented.SegmentedRaftLogWorker (SegmentedRaftLogWorker.java:run(313)) - ab3cf4df-5976-458c-b5c2-4cdf8c4d91de@group-4C93CFB70038-SegmentedRaftLogWorker was interrupted, exiting. There are 0 tasks remaining in the queue.
2019-09-28 01:22:08,208 [2f116fb9-3359-4137-b08e-444c3348f2a5@group-4AE38FFD66E4-SegmentedRaftLogWorker] INFO  segmented.SegmentedRaftLogWorker (SegmentedRaftLogWorker.java:run(313)) - 2f116fb9-3359-4137-b08e-444c3348f2a5@group-4AE38FFD66E4-SegmentedRaftLogWorker was interrupted, exiting. There are 0 tasks remaining in the queue.
2019-09-28 01:22:08,215 [ForkJoinPool.commonPool-worker-0] INFO  segmented.SegmentedRaftLogWorker (SegmentedRaftLogWorker.java:close(228)) - ab3cf4df-5976-458c-b5c2-4cdf8c4d91de@group-4C93CFB70038-SegmentedRaftLogWorker close()
2019-09-28 01:22:08,215 [main] INFO  segmented.SegmentedRaftLogWorker (SegmentedRaftLogWorker.java:close(228)) - 2f116fb9-3359-4137-b08e-444c3348f2a5@group-4AE38FFD66E4-SegmentedRaftLogWorker close()
2019-09-28 01:22:08,238 [ForkJoinPool.commonPool-worker-0] INFO  impl.RaftServerImpl (RaftServerImpl.java:lambda$shutdown$3(251)) - ab3cf4df-5976-458c-b5c2-4cdf8c4d91de@group-D9D741084385: shutdown
2019-09-28 01:22:08,242 [main] INFO  impl.RaftServerImpl (RaftServerImpl.java:lambda$shutdown$3(251)) - 2f116fb9-3359-4137-b08e-444c3348f2a5@group-4C9F0EF89CA4: shutdown
2019-09-28 01:22:08,242 [ForkJoinPool.commonPool-worker-0] INFO  util.JmxRegister (JmxRegister.java:unregister(73)) - Successfully un-registered JMX Bean with object name Ratis:service=RaftServer,group=group-D9D741084385,id=ab3cf4df-5976-458c-b5c2-4cdf8c4d91de
2019-09-28 01:22:08,242 [main] INFO  util.JmxRegister (JmxRegister.java:unregister(73)) - Successfully un-registered JMX Bean with object name Ratis:service=RaftServer,group=group-4C9F0EF89CA4,id=2f116fb9-3359-4137-b08e-444c3348f2a5
2019-09-28 01:22:08,243 [ForkJoinPool.commonPool-worker-0] INFO  impl.RoleInfo (RoleInfo.java:shutdownFollowerState(121)) - ab3cf4df-5976-458c-b5c2-4cdf8c4d91de: shutdown FollowerState
2019-09-28 01:22:08,243 [main] INFO  impl.RoleInfo (RoleInfo.java:shutdownFollowerState(121)) - 2f116fb9-3359-4137-b08e-444c3348f2a5: shutdown FollowerState
2019-09-28 01:22:08,244 [Thread-6237] INFO  impl.FollowerState (FollowerState.java:run(115)) - ab3cf4df-5976-458c-b5c2-4cdf8c4d91de: FollowerState was interrupted: java.lang.InterruptedException: sleep interrupted
2019-09-28 01:22:08,243 [ForkJoinPool.commonPool-worker-0] INFO  impl.StateMachineUpdater (StateMachineUpdater.java:stopAndJoin(125)) - ab3cf4df-5976-458c-b5c2-4cdf8c4d91de@group-D9D741084385-StateMachineUpdater: set stopIndex = 0
2019-09-28 01:22:08,244 [ForkJoinPool.commonPool-worker-0] INFO  impl.RaftServerImpl (ServerState.java:close(385)) - ab3cf4df-5976-458c-b5c2-4cdf8c4d91de@group-D9D741084385: closes. applyIndex: 0
2019-09-28 01:22:08,244 [Thread-6255] INFO  impl.FollowerState (FollowerState.java:run(115)) - 2f116fb9-3359-4137-b08e-444c3348f2a5: FollowerState was interrupted: java.lang.InterruptedException: sleep interrupted
2019-09-28 01:22:08,244 [main] INFO  impl.StateMachineUpdater (StateMachineUpdater.java:stopAndJoin(125)) - 2f116fb9-3359-4137-b08e-444c3348f2a5@group-4C9F0EF89CA4-StateMachineUpdater: set stopIndex = 0
2019-09-28 01:22:08,245 [main] INFO  impl.RaftServerImpl (ServerState.java:close(385)) - 2f116fb9-3359-4137-b08e-444c3348f2a5@group-4C9F0EF89CA4: closes. applyIndex: 0
2019-09-28 01:22:08,245 [ab3cf4df-5976-458c-b5c2-4cdf8c4d91de@group-D9D741084385-SegmentedRaftLogWorker] INFO  segmented.SegmentedRaftLogWorker (SegmentedRaftLogWorker.java:run(313)) - ab3cf4df-5976-458c-b5c2-4cdf8c4d91de@group-D9D741084385-SegmentedRaftLogWorker was interrupted, exiting. There are 0 tasks remaining in the queue.
2019-09-28 01:22:08,249 [ForkJoinPool.commonPool-worker-0] INFO  segmented.SegmentedRaftLogWorker (SegmentedRaftLogWorker.java:close(228)) - ab3cf4df-5976-458c-b5c2-4cdf8c4d91de@group-D9D741084385-SegmentedRaftLogWorker close()
2019-09-28 01:22:08,249 [2f116fb9-3359-4137-b08e-444c3348f2a5@group-4C9F0EF89CA4-SegmentedRaftLogWorker] INFO  segmented.SegmentedRaftLogWorker (SegmentedRaftLogWorker.java:run(313)) - 2f116fb9-3359-4137-b08e-444c3348f2a5@group-4C9F0EF89CA4-SegmentedRaftLogWorker was interrupted, exiting. There are 0 tasks remaining in the queue.
2019-09-28 01:22:08,252 [ForkJoinPool.commonPool-worker-0] INFO  server.GrpcService (GrpcService.java:closeImpl(164)) - ab3cf4df-5976-458c-b5c2-4cdf8c4d91de: shutdown server with port 33779 now
2019-09-28 01:22:08,255 [main] INFO  segmented.SegmentedRaftLogWorker (SegmentedRaftLogWorker.java:close(228)) - 2f116fb9-3359-4137-b08e-444c3348f2a5@group-4C9F0EF89CA4-SegmentedRaftLogWorker close()
2019-09-28 01:22:08,258 [main] INFO  server.GrpcService (GrpcService.java:closeImpl(164)) - 2f116fb9-3359-4137-b08e-444c3348f2a5: shutdown server with port 39869 now
2019-09-28 01:22:08,259 [ForkJoinPool.commonPool-worker-0] INFO  server.GrpcService (GrpcService.java:closeImpl(172)) - ab3cf4df-5976-458c-b5c2-4cdf8c4d91de: shutdown server with port 33779 successfully
2019-09-28 01:22:08,260 [grpc-default-executor-5] WARN  server.GrpcServerProtocolService (LogUtils.java:warn(134)) - 2f116fb9-3359-4137-b08e-444c3348f2a5: installSnapshot onError, lastRequest: 584b1f9e-1c1b-443b-8e2e-a6c41c3b24d1->2f116fb9-3359-4137-b08e-444c3348f2a5#226-t2, previous=(t:2, i:0), leaderCommit=0, initializing? false, entries: <empty>: org.apache.ratis.thirdparty.io.grpc.StatusRuntimeException: CANCELLED: cancelled before receiving half close
2019-09-28 01:22:08,260 [main] INFO  server.GrpcService (GrpcService.java:closeImpl(172)) - 2f116fb9-3359-4137-b08e-444c3348f2a5: shutdown server with port 39869 successfully
2019-09-28 01:22:08,259 [grpc-default-executor-0] WARN  server.GrpcServerProtocolService (LogUtils.java:warn(134)) - ab3cf4df-5976-458c-b5c2-4cdf8c4d91de: installSnapshot onError, lastRequest: 1718a6b7-a807-47b2-9e97-09209d9c5800->ab3cf4df-5976-458c-b5c2-4cdf8c4d91de#228-t2, previous=(t:2, i:0), leaderCommit=0, initializing? false, entries: <empty>: org.apache.ratis.thirdparty.io.grpc.StatusRuntimeException: CANCELLED: cancelled before receiving half close
2019-09-28 01:22:08,262 [grpc-default-executor-5] WARN  server.GrpcLogAppender (LogUtils.java:warn(134)) - 584b1f9e-1c1b-443b-8e2e-a6c41c3b24d1@group-4C9F0EF89CA4->2f116fb9-3359-4137-b08e-444c3348f2a5-AppendLogResponseHandler: Failed appendEntries: org.apache.ratis.thirdparty.io.grpc.StatusRuntimeException: CANCELLED: HTTP/2 error code: CANCEL
Received Rst Stream
2019-09-28 01:22:08,262 [grpc-default-executor-9] WARN  server.GrpcLogAppender (LogUtils.java:warn(134)) - 1718a6b7-a807-47b2-9e97-09209d9c5800@group-D9D741084385->ab3cf4df-5976-458c-b5c2-4cdf8c4d91de-AppendLogResponseHandler: Failed appendEntries: org.apache.ratis.thirdparty.io.grpc.StatusRuntimeException: CANCELLED: HTTP/2 error code: CANCEL
Received Rst Stream
2019-09-28 01:22:08,262 [grpc-default-executor-5] INFO  impl.FollowerInfo (FollowerInfo.java:lambda$new$0(51)) - 584b1f9e-1c1b-443b-8e2e-a6c41c3b24d1@group-4C9F0EF89CA4->2f116fb9-3359-4137-b08e-444c3348f2a5: nextIndex: updateUnconditionally 1 -> 0
2019-09-28 01:22:08,263 [grpc-default-executor-9] INFO  impl.FollowerInfo (FollowerInfo.java:lambda$new$0(51)) - 1718a6b7-a807-47b2-9e97-09209d9c5800@group-D9D741084385->ab3cf4df-5976-458c-b5c2-4cdf8c4d91de: nextIndex: updateUnconditionally 1 -> 0
2019-09-28 01:22:08,264 [refreshUsed-/workdir/hadoop-ozone/integration-test/target/test-dir/MiniOzoneClusterImpl-af2566c7-5146-4045-9885-51dcdbd53a0d/datanode-2/data/containers] WARN  fs.CachingGetSpaceUsed (CachingGetSpaceUsed.java:run(183)) - Thread Interrupted waiting to refresh disk information: sleep interrupted
2019-09-28 01:22:08,271 [refreshUsed-/workdir/hadoop-ozone/integration-test/target/test-dir/MiniOzoneClusterImpl-af2566c7-5146-4045-9885-51dcdbd53a0d/datanode-5/data/containers] WARN  fs.CachingGetSpaceUsed (CachingGetSpaceUsed.java:run(183)) - Thread Interrupted waiting to refresh disk information: sleep interrupted
2019-09-28 01:22:08,287 [main] INFO  utils.BackgroundService (BackgroundService.java:shutdown(148)) - Shutting down service BlockDeletingService
2019-09-28 01:22:08,294 [main] INFO  statemachine.DatanodeStateMachine (DatanodeStateMachine.java:stopDaemon(395)) - Ozone container server stopped.
2019-09-28 01:22:08,294 [ForkJoinPool.commonPool-worker-0] INFO  utils.BackgroundService (BackgroundService.java:shutdown(148)) - Shutting down service BlockDeletingService
2019-09-28 01:22:08,301 [ForkJoinPool.commonPool-worker-0] INFO  statemachine.DatanodeStateMachine (DatanodeStateMachine.java:stopDaemon(395)) - Ozone container server stopped.
2019-09-28 01:22:08,303 [main] INFO  handler.ContextHandler (ContextHandler.java:doStop(910)) - Stopped o.e.j.w.WebAppContext@1e1e837d{/,null,UNAVAILABLE}{/hddsDatanode}
2019-09-28 01:22:08,307 [ForkJoinPool.commonPool-worker-0] INFO  handler.ContextHandler (ContextHandler.java:doStop(910)) - Stopped o.e.j.w.WebAppContext@11f23203{/,null,UNAVAILABLE}{/hddsDatanode}
2019-09-28 01:22:08,308 [main] INFO  server.AbstractConnector (AbstractConnector.java:doStop(318)) - Stopped ServerConnector@4b957db0{HTTP/1.1,[http/1.1]}{0.0.0.0:0}
2019-09-28 01:22:08,308 [ForkJoinPool.commonPool-worker-0] INFO  server.AbstractConnector (AbstractConnector.java:doStop(318)) - Stopped ServerConnector@101bdd1c{HTTP/1.1,[http/1.1]}{0.0.0.0:0}
2019-09-28 01:22:08,308 [main] INFO  handler.ContextHandler (ContextHandler.java:doStop(910)) - Stopped o.e.j.s.ServletContextHandler@426131d7{/static,jar:file:/home/user/.m2/repository/org/apache/hadoop/hadoop-hdds-container-service/0.5.0-SNAPSHOT/hadoop-hdds-container-service-0.5.0-SNAPSHOT.jar!/webapps/static,UNAVAILABLE}
2019-09-28 01:22:08,310 [ForkJoinPool.commonPool-worker-0] INFO  handler.ContextHandler (ContextHandler.java:doStop(910)) - Stopped o.e.j.s.ServletContextHandler@58feb6b0{/static,jar:file:/home/user/.m2/repository/org/apache/hadoop/hadoop-hdds-container-service/0.5.0-SNAPSHOT/hadoop-hdds-container-service-0.5.0-SNAPSHOT.jar!/webapps/static,UNAVAILABLE}
2019-09-28 01:22:08,312 [main] INFO  handler.ContextHandler (ContextHandler.java:doStop(910)) - Stopped o.e.j.s.ServletContextHandler@784d9bc{/logs,file:///workdir/hadoop-ozone/integration-test/target/log,UNAVAILABLE}
2019-09-28 01:22:08,312 [ForkJoinPool.commonPool-worker-0] INFO  handler.ContextHandler (ContextHandler.java:doStop(910)) - Stopped o.e.j.s.ServletContextHandler@6bcae9{/logs,file:///workdir/hadoop-ozone/integration-test/target/log,UNAVAILABLE}
2019-09-28 01:22:08,738 [Datanode State Machine Thread - 0] INFO  statemachine.DatanodeStateMachine (DatanodeStateMachine.java:lambda$startDaemon$0(350)) - Ozone container server started.
2019-09-28 01:22:08,759 [grpc-default-executor-9] WARN  server.GrpcLogAppender (LogUtils.java:warn(134)) - 1718a6b7-a807-47b2-9e97-09209d9c5800@group-D9D741084385->ab3cf4df-5976-458c-b5c2-4cdf8c4d91de-AppendLogResponseHandler: Failed appendEntries: org.apache.ratis.thirdparty.io.grpc.StatusRuntimeException: UNAVAILABLE: io exception
2019-09-28 01:22:08,759 [grpc-default-executor-9] INFO  impl.FollowerInfo (FollowerInfo.java:lambda$new$0(51)) - 1718a6b7-a807-47b2-9e97-09209d9c5800@group-D9D741084385->ab3cf4df-5976-458c-b5c2-4cdf8c4d91de: nextIndex: updateUnconditionally 0 -> 0
2019-09-28 01:22:08,760 [grpc-default-executor-5] WARN  server.GrpcLogAppender (LogUtils.java:warn(134)) - 584b1f9e-1c1b-443b-8e2e-a6c41c3b24d1@group-4C9F0EF89CA4->2f116fb9-3359-4137-b08e-444c3348f2a5-AppendLogResponseHandler: Failed appendEntries: org.apache.ratis.thirdparty.io.grpc.StatusRuntimeException: UNAVAILABLE: io exception
2019-09-28 01:22:08,760 [grpc-default-executor-5] INFO  impl.FollowerInfo (FollowerInfo.java:lambda$new$0(51)) - 584b1f9e-1c1b-443b-8e2e-a6c41c3b24d1@group-4C9F0EF89CA4->2f116fb9-3359-4137-b08e-444c3348f2a5: nextIndex: updateUnconditionally 0 -> 0
2019-09-28 01:22:08,765 [Datanode State Machine Thread - 0] INFO  statemachine.DatanodeStateMachine (DatanodeStateMachine.java:lambda$startDaemon$0(350)) - Ozone container server started.
2019-09-28 01:22:09,259 [grpc-default-executor-5] WARN  server.GrpcLogAppender (LogUtils.java:warn(134)) - 1718a6b7-a807-47b2-9e97-09209d9c5800@group-D9D741084385->ab3cf4df-5976-458c-b5c2-4cdf8c4d91de-AppendLogResponseHandler: Failed appendEntries: org.apache.ratis.thirdparty.io.grpc.StatusRuntimeException: UNAVAILABLE: io exception
2019-09-28 01:22:09,259 [grpc-default-executor-5] INFO  impl.FollowerInfo (FollowerInfo.java:lambda$new$0(51)) - 1718a6b7-a807-47b2-9e97-09209d9c5800@group-D9D741084385->ab3cf4df-5976-458c-b5c2-4cdf8c4d91de: nextIndex: updateUnconditionally 0 -> 0
2019-09-28 01:22:09,261 [grpc-default-executor-9] WARN  server.GrpcLogAppender (LogUtils.java:warn(134)) - 584b1f9e-1c1b-443b-8e2e-a6c41c3b24d1@group-4C9F0EF89CA4->2f116fb9-3359-4137-b08e-444c3348f2a5-AppendLogResponseHandler: Failed appendEntries: org.apache.ratis.thirdparty.io.grpc.StatusRuntimeException: UNAVAILABLE: io exception
2019-09-28 01:22:09,261 [grpc-default-executor-9] INFO  impl.FollowerInfo (FollowerInfo.java:lambda$new$0(51)) - 584b1f9e-1c1b-443b-8e2e-a6c41c3b24d1@group-4C9F0EF89CA4->2f116fb9-3359-4137-b08e-444c3348f2a5: nextIndex: updateUnconditionally 0 -> 0
2019-09-28 01:22:09,760 [grpc-default-executor-5] WARN  server.GrpcLogAppender (LogUtils.java:warn(134)) - 1718a6b7-a807-47b2-9e97-09209d9c5800@group-D9D741084385->ab3cf4df-5976-458c-b5c2-4cdf8c4d91de-AppendLogResponseHandler: Failed appendEntries: org.apache.ratis.thirdparty.io.grpc.StatusRuntimeException: UNAVAILABLE: io exception
2019-09-28 01:22:09,760 [grpc-default-executor-5] INFO  impl.FollowerInfo (FollowerInfo.java:lambda$new$0(51)) - 1718a6b7-a807-47b2-9e97-09209d9c5800@group-D9D741084385->ab3cf4df-5976-458c-b5c2-4cdf8c4d91de: nextIndex: updateUnconditionally 0 -> 0
2019-09-28 01:22:09,761 [grpc-default-executor-0] WARN  server.GrpcLogAppender (LogUtils.java:warn(134)) - 584b1f9e-1c1b-443b-8e2e-a6c41c3b24d1@group-4C9F0EF89CA4->2f116fb9-3359-4137-b08e-444c3348f2a5-AppendLogResponseHandler: Failed appendEntries: org.apache.ratis.thirdparty.io.grpc.StatusRuntimeException: UNAVAILABLE: io exception
2019-09-28 01:22:09,762 [grpc-default-executor-0] INFO  impl.FollowerInfo (FollowerInfo.java:lambda$new$0(51)) - 584b1f9e-1c1b-443b-8e2e-a6c41c3b24d1@group-4C9F0EF89CA4->2f116fb9-3359-4137-b08e-444c3348f2a5: nextIndex: updateUnconditionally 0 -> 0
2019-09-28 01:22:10,260 [grpc-default-executor-0] WARN  server.GrpcLogAppender (LogUtils.java:warn(134)) - 1718a6b7-a807-47b2-9e97-09209d9c5800@group-D9D741084385->ab3cf4df-5976-458c-b5c2-4cdf8c4d91de-AppendLogResponseHandler: Failed appendEntries: org.apache.ratis.thirdparty.io.grpc.StatusRuntimeException: UNAVAILABLE: io exception
2019-09-28 01:22:10,260 [grpc-default-executor-0] INFO  impl.FollowerInfo (FollowerInfo.java:lambda$new$0(51)) - 1718a6b7-a807-47b2-9e97-09209d9c5800@group-D9D741084385->ab3cf4df-5976-458c-b5c2-4cdf8c4d91de: nextIndex: updateUnconditionally 0 -> 0
2019-09-28 01:22:10,262 [grpc-default-executor-0] WARN  server.GrpcLogAppender (LogUtils.java:warn(134)) - 584b1f9e-1c1b-443b-8e2e-a6c41c3b24d1@group-4C9F0EF89CA4->2f116fb9-3359-4137-b08e-444c3348f2a5-AppendLogResponseHandler: Failed appendEntries: org.apache.ratis.thirdparty.io.grpc.StatusRuntimeException: UNAVAILABLE: io exception
2019-09-28 01:22:10,262 [grpc-default-executor-0] INFO  impl.FollowerInfo (FollowerInfo.java:lambda$new$0(51)) - 584b1f9e-1c1b-443b-8e2e-a6c41c3b24d1@group-4C9F0EF89CA4->2f116fb9-3359-4137-b08e-444c3348f2a5: nextIndex: updateUnconditionally 0 -> 0
2019-09-28 01:22:10,761 [grpc-default-executor-9] WARN  server.GrpcLogAppender (LogUtils.java:warn(134)) - 1718a6b7-a807-47b2-9e97-09209d9c5800@group-D9D741084385->ab3cf4df-5976-458c-b5c2-4cdf8c4d91de-AppendLogResponseHandler: Failed appendEntries: org.apache.ratis.thirdparty.io.grpc.StatusRuntimeException: UNAVAILABLE: io exception
2019-09-28 01:22:10,762 [grpc-default-executor-9] INFO  impl.FollowerInfo (FollowerInfo.java:lambda$new$0(51)) - 1718a6b7-a807-47b2-9e97-09209d9c5800@group-D9D741084385->ab3cf4df-5976-458c-b5c2-4cdf8c4d91de: nextIndex: updateUnconditionally 0 -> 0
2019-09-28 01:22:10,763 [grpc-default-executor-9] WARN  server.GrpcLogAppender (LogUtils.java:warn(134)) - 584b1f9e-1c1b-443b-8e2e-a6c41c3b24d1@group-4C9F0EF89CA4->2f116fb9-3359-4137-b08e-444c3348f2a5-AppendLogResponseHandler: Failed appendEntries: org.apache.ratis.thirdparty.io.grpc.StatusRuntimeException: UNAVAILABLE: io exception
2019-09-28 01:22:10,763 [grpc-default-executor-9] INFO  impl.FollowerInfo (FollowerInfo.java:lambda$new$0(51)) - 584b1f9e-1c1b-443b-8e2e-a6c41c3b24d1@group-4C9F0EF89CA4->2f116fb9-3359-4137-b08e-444c3348f2a5: nextIndex: updateUnconditionally 0 -> 0
2019-09-28 01:22:11,261 [grpc-default-executor-5] WARN  server.GrpcLogAppender (LogUtils.java:warn(134)) - 1718a6b7-a807-47b2-9e97-09209d9c5800@group-D9D741084385->ab3cf4df-5976-458c-b5c2-4cdf8c4d91de-AppendLogResponseHandler: Failed appendEntries: org.apache.ratis.thirdparty.io.grpc.StatusRuntimeException: UNAVAILABLE: io exception
2019-09-28 01:22:11,262 [grpc-default-executor-5] INFO  impl.FollowerInfo (FollowerInfo.java:lambda$new$0(51)) - 1718a6b7-a807-47b2-9e97-09209d9c5800@group-D9D741084385->ab3cf4df-5976-458c-b5c2-4cdf8c4d91de: nextIndex: updateUnconditionally 0 -> 0
2019-09-28 01:22:11,263 [grpc-default-executor-9] WARN  server.GrpcLogAppender (LogUtils.java:warn(134)) - 584b1f9e-1c1b-443b-8e2e-a6c41c3b24d1@group-4C9F0EF89CA4->2f116fb9-3359-4137-b08e-444c3348f2a5-AppendLogResponseHandler: Failed appendEntries: org.apache.ratis.thirdparty.io.grpc.StatusRuntimeException: UNAVAILABLE: io exception
2019-09-28 01:22:11,264 [grpc-default-executor-9] INFO  impl.FollowerInfo (FollowerInfo.java:lambda$new$0(51)) - 584b1f9e-1c1b-443b-8e2e-a6c41c3b24d1@group-4C9F0EF89CA4->2f116fb9-3359-4137-b08e-444c3348f2a5: nextIndex: updateUnconditionally 0 -> 0
2019-09-28 01:22:11,763 [grpc-default-executor-6] WARN  server.GrpcLogAppender (LogUtils.java:warn(134)) - 1718a6b7-a807-47b2-9e97-09209d9c5800@group-D9D741084385->ab3cf4df-5976-458c-b5c2-4cdf8c4d91de-AppendLogResponseHandler: Failed appendEntries: org.apache.ratis.thirdparty.io.grpc.StatusRuntimeException: UNAVAILABLE: io exception
2019-09-28 01:22:11,764 [grpc-default-executor-6] INFO  impl.FollowerInfo (FollowerInfo.java:lambda$new$0(51)) - 1718a6b7-a807-47b2-9e97-09209d9c5800@group-D9D741084385->ab3cf4df-5976-458c-b5c2-4cdf8c4d91de: nextIndex: updateUnconditionally 0 -> 0
2019-09-28 01:22:11,764 [grpc-default-executor-9] WARN  server.GrpcLogAppender (LogUtils.java:warn(134)) - 584b1f9e-1c1b-443b-8e2e-a6c41c3b24d1@group-4C9F0EF89CA4->2f116fb9-3359-4137-b08e-444c3348f2a5-AppendLogResponseHandler: Failed appendEntries: org.apache.ratis.thirdparty.io.grpc.StatusRuntimeException: UNAVAILABLE: io exception
2019-09-28 01:22:11,765 [grpc-default-executor-9] INFO  impl.FollowerInfo (FollowerInfo.java:lambda$new$0(51)) - 584b1f9e-1c1b-443b-8e2e-a6c41c3b24d1@group-4C9F0EF89CA4->2f116fb9-3359-4137-b08e-444c3348f2a5: nextIndex: updateUnconditionally 0 -> 0
2019-09-28 01:22:12,061 [grpc-default-executor-0] INFO  impl.RaftServerProxy (RaftServerProxy.java:addNew(89)) - 584b1f9e-1c1b-443b-8e2e-a6c41c3b24d1: addNew group-9786385B0B25:[584b1f9e-1c1b-443b-8e2e-a6c41c3b24d1:192.168.151.82:37635] returns group-9786385B0B25:java.util.concurrent.CompletableFuture@231d4c94[Not completed]
2019-09-28 01:22:12,063 [pool-477-thread-1] INFO  impl.RaftServerImpl (RaftServerImpl.java:<init>(95)) - 584b1f9e-1c1b-443b-8e2e-a6c41c3b24d1: new RaftServerImpl for group-9786385B0B25:[584b1f9e-1c1b-443b-8e2e-a6c41c3b24d1:192.168.151.82:37635] with ContainerStateMachine:uninitialized
2019-09-28 01:22:12,063 [pool-477-thread-1] INFO  server.RaftServerConfigKeys (ConfUtils.java:logGet(43)) - raft.server.rpc.timeout.min = 1s (custom)
2019-09-28 01:22:12,064 [pool-477-thread-1] INFO  server.RaftServerConfigKeys (ConfUtils.java:logGet(43)) - raft.server.rpc.timeout.max = 1200ms (custom)
2019-09-28 01:22:12,064 [pool-477-thread-1] INFO  server.RaftServerConfigKeys (ConfUtils.java:logGet(43)) - raft.server.rpcslowness.timeout = 120s (custom)
2019-09-28 01:22:12,064 [pool-477-thread-1] INFO  server.RaftServerConfigKeys (ConfUtils.java:logGet(43)) - raft.server.sleep.deviation.threshold = 300 (default)
2019-09-28 01:22:12,064 [pool-477-thread-1] INFO  server.RaftServerConfigKeys (ConfUtils.java:logGet(43)) - raft.server.log.appender.install.snapshot.enabled = false (custom)
2019-09-28 01:22:12,064 [pool-477-thread-1] INFO  impl.RaftServerImpl (ServerState.java:<init>(103)) - 584b1f9e-1c1b-443b-8e2e-a6c41c3b24d1@group-9786385B0B25: ConfigurationManager, init=-1: [584b1f9e-1c1b-443b-8e2e-a6c41c3b24d1:192.168.151.82:37635], old=null, confs=<EMPTY_MAP>
2019-09-28 01:22:12,065 [pool-477-thread-1] INFO  server.RaftServerConfigKeys (ConfUtils.java:logGet(43)) - raft.server.storage.dir = [/workdir/hadoop-ozone/integration-test/target/test-dir/MiniOzoneClusterImpl-af2566c7-5146-4045-9885-51dcdbd53a0d/datanode-9/data/ratis] (custom)
2019-09-28 01:22:12,065 [pool-477-thread-1] INFO  storage.RaftStorageDirectory (RaftStorageDirectory.java:analyzeStorage(246)) - The storage directory /workdir/hadoop-ozone/integration-test/target/test-dir/MiniOzoneClusterImpl-af2566c7-5146-4045-9885-51dcdbd53a0d/datanode-9/data/ratis/ab2edb8b-c82b-4dd0-bf98-9786385b0b25 does not exist. Creating ...
2019-09-28 01:22:12,080 [pool-477-thread-1] INFO  storage.RaftStorageDirectory (RaftStorageDirectory.java:tryLock(328)) - Lock on /workdir/hadoop-ozone/integration-test/target/test-dir/MiniOzoneClusterImpl-af2566c7-5146-4045-9885-51dcdbd53a0d/datanode-9/data/ratis/ab2edb8b-c82b-4dd0-bf98-9786385b0b25/in_use.lock acquired by nodename 30873@pr-hdds-2162-8g7kw-3348123894
2019-09-28 01:22:12,092 [pool-477-thread-1] INFO  storage.RaftStorage (RaftStorage.java:format(72)) - Storage directory /workdir/hadoop-ozone/integration-test/target/test-dir/MiniOzoneClusterImpl-af2566c7-5146-4045-9885-51dcdbd53a0d/datanode-9/data/ratis/ab2edb8b-c82b-4dd0-bf98-9786385b0b25 has been successfully formatted.
2019-09-28 01:22:12,093 [pool-477-thread-1] INFO  ratis.ContainerStateMachine (ContainerStateMachine.java:loadSnapshot(230)) - group-9786385B0B25: The snapshot info is null. Setting the last applied indexto:(t:0, i:~)
2019-09-28 01:22:12,093 [pool-477-thread-1] INFO  server.RaftServerConfigKeys (ConfUtils.java:logGet(43)) - raft.server.notification.no-leader.timeout = 120s (custom)
2019-09-28 01:22:12,093 [pool-477-thread-1] INFO  server.RaftServerConfigKeys (ConfUtils.java:logGet(43)) - raft.server.log.use.memory = false (default)
2019-09-28 01:22:12,093 [pool-477-thread-1] INFO  server.RaftServerConfigKeys (ConfUtils.java:logGet(43)) - raft.server.log.purge.gap = 1000000 (custom)
2019-09-28 01:22:12,093 [pool-477-thread-1] INFO  server.RaftServerConfigKeys (ConfUtils.java:logGet(43)) - raft.server.log.appender.buffer.byte-limit = 33554432 (custom)
2019-09-28 01:22:12,094 [pool-477-thread-1] INFO  server.RaftServerConfigKeys (ConfUtils.java:logGet(43)) - raft.server.log.segment.size.max = 1048576 (custom)
2019-09-28 01:22:12,094 [pool-477-thread-1] INFO  server.RaftServerConfigKeys (ConfUtils.java:logGet(43)) - raft.server.log.segment.cache.num.max = 2 (custom)
2019-09-28 01:22:12,094 [pool-477-thread-1] INFO  segmented.SegmentedRaftLogWorker (SegmentedRaftLogWorker.java:<init>(172)) - new 584b1f9e-1c1b-443b-8e2e-a6c41c3b24d1@group-9786385B0B25-SegmentedRaftLogWorker for RaftStorage:Storage Directory /workdir/hadoop-ozone/integration-test/target/test-dir/MiniOzoneClusterImpl-af2566c7-5146-4045-9885-51dcdbd53a0d/datanode-9/data/ratis/ab2edb8b-c82b-4dd0-bf98-9786385b0b25
2019-09-28 01:22:12,094 [pool-477-thread-1] INFO  server.RaftServerConfigKeys (ConfUtils.java:logGet(43)) - raft.server.log.queue.byte-limit = 2147483647 (custom)
2019-09-28 01:22:12,094 [pool-477-thread-1] INFO  server.RaftServerConfigKeys (ConfUtils.java:logGet(43)) - raft.server.log.queue.element-limit = 1024 (custom)
2019-09-28 01:22:12,095 [pool-477-thread-1] INFO  server.RaftServerConfigKeys (ConfUtils.java:logGet(43)) - raft.server.log.segment.size.max = 1048576 (custom)
2019-09-28 01:22:12,095 [pool-477-thread-1] INFO  server.RaftServerConfigKeys (ConfUtils.java:logGet(43)) - raft.server.log.preallocated.size = 16384 (custom)
2019-09-28 01:22:12,095 [pool-477-thread-1] INFO  server.RaftServerConfigKeys (ConfUtils.java:logGet(43)) - raft.server.log.write.buffer.size = 33554432 (custom)
2019-09-28 01:22:12,095 [pool-477-thread-1] INFO  server.RaftServerConfigKeys (ConfUtils.java:logGet(43)) - raft.server.log.force.sync.num = 128 (default)
2019-09-28 01:22:12,095 [pool-477-thread-1] INFO  server.RaftServerConfigKeys (ConfUtils.java:logGet(43)) - raft.server.log.statemachine.data.sync = true (default)
2019-09-28 01:22:12,095 [pool-477-thread-1] INFO  server.RaftServerConfigKeys (ConfUtils.java:logGet(43)) - raft.server.log.statemachine.data.sync.timeout = 10s (default)
2019-09-28 01:22:12,096 [pool-477-thread-1] INFO  server.RaftServerConfigKeys (ConfUtils.java:logGet(43)) - raft.server.log.statemachine.data.sync.timeout.retry = -1 (default)
2019-09-28 01:22:12,096 [pool-477-thread-1] INFO  server.RaftServerConfigKeys (ConfUtils.java:logGet(43)) - raft.server.log.statemachine.data.caching.enabled = true (custom)
2019-09-28 01:22:12,096 [pool-477-thread-1] INFO  segmented.SegmentedRaftLogWorker (SegmentedRaftLogWorker.java:lambda$new$0(132)) - 584b1f9e-1c1b-443b-8e2e-a6c41c3b24d1@group-9786385B0B25-SegmentedRaftLogWorker: flushIndex: setUnconditionally 0 -> -1
2019-09-28 01:22:12,097 [pool-477-thread-1] INFO  server.RaftServerConfigKeys (ConfUtils.java:logGet(43)) - raft.server.snapshot.auto.trigger.enabled = true (custom)
2019-09-28 01:22:12,097 [pool-477-thread-1] INFO  server.RaftServerConfigKeys (ConfUtils.java:logGet(43)) - raft.server.snapshot.auto.trigger.threshold = 10000 (custom)
2019-09-28 01:22:12,097 [pool-477-thread-1] INFO  server.RaftServerConfigKeys (ConfUtils.java:logGet(43)) - raft.server.snapshot.retention.num.files = 5 (custom)
2019-09-28 01:22:12,097 [pool-477-thread-1] INFO  server.RaftServerConfigKeys (ConfUtils.java:logGet(43)) - raft.server.retrycache.expirytime = 600000ms (custom)
2019-09-28 01:22:12,100 [pool-477-thread-1] INFO  impl.RaftServerImpl (RaftServerImpl.java:start(185)) - 584b1f9e-1c1b-443b-8e2e-a6c41c3b24d1@group-9786385B0B25: start as a follower, conf=-1: [584b1f9e-1c1b-443b-8e2e-a6c41c3b24d1:192.168.151.82:37635], old=null
2019-09-28 01:22:12,100 [pool-477-thread-1] INFO  impl.RaftServerImpl (RaftServerImpl.java:setRole(174)) - 584b1f9e-1c1b-443b-8e2e-a6c41c3b24d1@group-9786385B0B25: changes role from      null to FOLLOWER at term 0 for startAsFollower
2019-09-28 01:22:12,100 [pool-477-thread-1] INFO  impl.RoleInfo (RoleInfo.java:updateAndGet(143)) - 584b1f9e-1c1b-443b-8e2e-a6c41c3b24d1: start FollowerState
2019-09-28 01:22:12,101 [pool-477-thread-1] INFO  util.JmxRegister (JmxRegister.java:tryRegister(44)) - Successfully registered JMX Bean with object name Ratis:service=RaftServer,group=group-9786385B0B25,id=584b1f9e-1c1b-443b-8e2e-a6c41c3b24d1
2019-09-28 01:22:12,104 [RatisPipelineUtilsThread] INFO  pipeline.PipelineStateManager (PipelineStateManager.java:addPipeline(56)) - Created pipeline Pipeline[ Id: ab2edb8b-c82b-4dd0-bf98-9786385b0b25, Nodes: 584b1f9e-1c1b-443b-8e2e-a6c41c3b24d1{ip: 192.168.151.82, host: pr-hdds-2162-8g7kw-3348123894, networkLocation: /rack1, certSerialId: null}, Type:RATIS, Factor:ONE, State:OPEN]
2019-09-28 01:22:12,264 [grpc-default-executor-9] WARN  server.GrpcLogAppender (LogUtils.java:warn(134)) - 1718a6b7-a807-47b2-9e97-09209d9c5800@group-D9D741084385->ab3cf4df-5976-458c-b5c2-4cdf8c4d91de-AppendLogResponseHandler: Failed appendEntries: org.apache.ratis.thirdparty.io.grpc.StatusRuntimeException: UNAVAILABLE: io exception
2019-09-28 01:22:12,264 [grpc-default-executor-9] INFO  impl.FollowerInfo (FollowerInfo.java:lambda$new$0(51)) - 1718a6b7-a807-47b2-9e97-09209d9c5800@group-D9D741084385->ab3cf4df-5976-458c-b5c2-4cdf8c4d91de: nextIndex: updateUnconditionally 0 -> 0
2019-09-28 01:22:12,265 [grpc-default-executor-0] WARN  server.GrpcLogAppender (LogUtils.java:warn(134)) - 584b1f9e-1c1b-443b-8e2e-a6c41c3b24d1@group-4C9F0EF89CA4->2f116fb9-3359-4137-b08e-444c3348f2a5-AppendLogResponseHandler: Failed appendEntries: org.apache.ratis.thirdparty.io.grpc.StatusRuntimeException: UNAVAILABLE: io exception
2019-09-28 01:22:12,265 [grpc-default-executor-0] INFO  impl.FollowerInfo (FollowerInfo.java:lambda$new$0(51)) - 584b1f9e-1c1b-443b-8e2e-a6c41c3b24d1@group-4C9F0EF89CA4->2f116fb9-3359-4137-b08e-444c3348f2a5: nextIndex: updateUnconditionally 0 -> 0
2019-09-28 01:22:12,765 [grpc-default-executor-6] WARN  server.GrpcLogAppender (LogUtils.java:warn(134)) - 1718a6b7-a807-47b2-9e97-09209d9c5800@group-D9D741084385->ab3cf4df-5976-458c-b5c2-4cdf8c4d91de-AppendLogResponseHandler: Failed appendEntries: org.apache.ratis.thirdparty.io.grpc.StatusRuntimeException: UNAVAILABLE: io exception
2019-09-28 01:22:12,766 [grpc-default-executor-5] WARN  server.GrpcLogAppender (LogUtils.java:warn(134)) - 584b1f9e-1c1b-443b-8e2e-a6c41c3b24d1@group-4C9F0EF89CA4->2f116fb9-3359-4137-b08e-444c3348f2a5-AppendLogResponseHandler: Failed appendEntries: org.apache.ratis.thirdparty.io.grpc.StatusRuntimeException: UNAVAILABLE: io exception
2019-09-28 01:22:12,766 [grpc-default-executor-6] INFO  impl.FollowerInfo (FollowerInfo.java:lambda$new$0(51)) - 1718a6b7-a807-47b2-9e97-09209d9c5800@group-D9D741084385->ab3cf4df-5976-458c-b5c2-4cdf8c4d91de: nextIndex: updateUnconditionally 0 -> 0
2019-09-28 01:22:12,766 [grpc-default-executor-5] INFO  impl.FollowerInfo (FollowerInfo.java:lambda$new$0(51)) - 584b1f9e-1c1b-443b-8e2e-a6c41c3b24d1@group-4C9F0EF89CA4->2f116fb9-3359-4137-b08e-444c3348f2a5: nextIndex: updateUnconditionally 0 -> 0
2019-09-28 01:22:13,233 [Thread-7683] INFO  impl.FollowerState (FollowerState.java:run(106)) - 584b1f9e-1c1b-443b-8e2e-a6c41c3b24d1:group-9786385B0B25 changes to CANDIDATE, lastRpcTime:1132, electionTimeout:1132ms
2019-09-28 01:22:13,233 [Thread-7683] INFO  impl.RoleInfo (RoleInfo.java:shutdownFollowerState(121)) - 584b1f9e-1c1b-443b-8e2e-a6c41c3b24d1: shutdown FollowerState
2019-09-28 01:22:13,234 [Thread-7683] INFO  impl.RaftServerImpl (RaftServerImpl.java:setRole(174)) - 584b1f9e-1c1b-443b-8e2e-a6c41c3b24d1@group-9786385B0B25: changes role from  FOLLOWER to CANDIDATE at term 0 for changeToCandidate
2019-09-28 01:22:13,234 [Thread-7683] INFO  impl.RoleInfo (RoleInfo.java:updateAndGet(143)) - 584b1f9e-1c1b-443b-8e2e-a6c41c3b24d1: start LeaderElection
2019-09-28 01:22:13,266 [grpc-default-executor-9] WARN  server.GrpcLogAppender (LogUtils.java:warn(134)) - 1718a6b7-a807-47b2-9e97-09209d9c5800@group-D9D741084385->ab3cf4df-5976-458c-b5c2-4cdf8c4d91de-AppendLogResponseHandler: Failed appendEntries: org.apache.ratis.thirdparty.io.grpc.StatusRuntimeException: UNAVAILABLE: io exception
2019-09-28 01:22:13,266 [grpc-default-executor-0] WARN  server.GrpcLogAppender (LogUtils.java:warn(134)) - 584b1f9e-1c1b-443b-8e2e-a6c41c3b24d1@group-4C9F0EF89CA4->2f116fb9-3359-4137-b08e-444c3348f2a5-AppendLogResponseHandler: Failed appendEntries: org.apache.ratis.thirdparty.io.grpc.StatusRuntimeException: UNAVAILABLE: io exception
2019-09-28 01:22:13,267 [grpc-default-executor-9] INFO  impl.FollowerInfo (FollowerInfo.java:lambda$new$0(51)) - 1718a6b7-a807-47b2-9e97-09209d9c5800@group-D9D741084385->ab3cf4df-5976-458c-b5c2-4cdf8c4d91de: nextIndex: updateUnconditionally 0 -> 0
2019-09-28 01:22:13,267 [grpc-default-executor-0] INFO  impl.FollowerInfo (FollowerInfo.java:lambda$new$0(51)) - 584b1f9e-1c1b-443b-8e2e-a6c41c3b24d1@group-4C9F0EF89CA4->2f116fb9-3359-4137-b08e-444c3348f2a5: nextIndex: updateUnconditionally 0 -> 0
2019-09-28 01:22:13,270 [584b1f9e-1c1b-443b-8e2e-a6c41c3b24d1@group-9786385B0B25:LeaderElection127] INFO  impl.LeaderElection (LeaderElection.java:askForVotes(182)) - 584b1f9e-1c1b-443b-8e2e-a6c41c3b24d1@group-9786385B0B25:LeaderElection127: begin an election at term 1 for -1: [584b1f9e-1c1b-443b-8e2e-a6c41c3b24d1:192.168.151.82:37635], old=null
2019-09-28 01:22:13,270 [584b1f9e-1c1b-443b-8e2e-a6c41c3b24d1@group-9786385B0B25:LeaderElection127] INFO  impl.RoleInfo (RoleInfo.java:shutdownLeaderElection(134)) - 584b1f9e-1c1b-443b-8e2e-a6c41c3b24d1: shutdown LeaderElection
2019-09-28 01:22:13,270 [584b1f9e-1c1b-443b-8e2e-a6c41c3b24d1@group-9786385B0B25:LeaderElection127] INFO  impl.RaftServerImpl (RaftServerImpl.java:setRole(174)) - 584b1f9e-1c1b-443b-8e2e-a6c41c3b24d1@group-9786385B0B25: changes role from CANDIDATE to LEADER at term 1 for changeToLeader
2019-09-28 01:22:13,270 [584b1f9e-1c1b-443b-8e2e-a6c41c3b24d1@group-9786385B0B25:LeaderElection127] INFO  impl.RaftServerImpl (ServerState.java:setLeader(253)) - 584b1f9e-1c1b-443b-8e2e-a6c41c3b24d1@group-9786385B0B25: change Leader from null to 584b1f9e-1c1b-443b-8e2e-a6c41c3b24d1 at term 1 for becomeLeader, leader elected after 1177ms
2019-09-28 01:22:13,271 [584b1f9e-1c1b-443b-8e2e-a6c41c3b24d1@group-9786385B0B25:LeaderElection127] INFO  server.RaftServerConfigKeys (ConfUtils.java:logGet(43)) - raft.server.staging.catchup.gap = 1000 (default)
2019-09-28 01:22:13,271 [584b1f9e-1c1b-443b-8e2e-a6c41c3b24d1@group-9786385B0B25:LeaderElection127] INFO  server.RaftServerConfigKeys (ConfUtils.java:logGet(43)) - raft.server.rpc.sleep.time = 25ms (default)
2019-09-28 01:22:13,271 [584b1f9e-1c1b-443b-8e2e-a6c41c3b24d1@group-9786385B0B25:LeaderElection127] INFO  server.RaftServerConfigKeys (ConfUtils.java:logGet(43)) - raft.server.write.element-limit = 4096 (default)
2019-09-28 01:22:13,271 [584b1f9e-1c1b-443b-8e2e-a6c41c3b24d1@group-9786385B0B25:LeaderElection127] INFO  server.RaftServerConfigKeys (ConfUtils.java:logGet(43)) - raft.server.watch.timeout = 10s (default)
2019-09-28 01:22:13,271 [584b1f9e-1c1b-443b-8e2e-a6c41c3b24d1@group-9786385B0B25:LeaderElection127] INFO  server.RaftServerConfigKeys (ConfUtils.java:logGet(43)) - raft.server.watch.timeout.denomination = 1s (default)
2019-09-28 01:22:13,272 [584b1f9e-1c1b-443b-8e2e-a6c41c3b24d1@group-9786385B0B25:LeaderElection127] INFO  server.RaftServerConfigKeys (ConfUtils.java:logGet(43)) - raft.server.watch.element-limit = 65536 (default)
2019-09-28 01:22:13,274 [584b1f9e-1c1b-443b-8e2e-a6c41c3b24d1@group-9786385B0B25:LeaderElection127] INFO  impl.RoleInfo (RoleInfo.java:updateAndGet(143)) - 584b1f9e-1c1b-443b-8e2e-a6c41c3b24d1: start LeaderState
2019-09-28 01:22:13,275 [584b1f9e-1c1b-443b-8e2e-a6c41c3b24d1@group-9786385B0B25:LeaderElection127] INFO  segmented.SegmentedRaftLogWorker (SegmentedRaftLogWorker.java:startLogSegment(380)) - 584b1f9e-1c1b-443b-8e2e-a6c41c3b24d1@group-9786385B0B25-SegmentedRaftLogWorker: Starting segment from index:0
2019-09-28 01:22:13,276 [584b1f9e-1c1b-443b-8e2e-a6c41c3b24d1@group-9786385B0B25:LeaderElection127] INFO  impl.RaftServerImpl (ServerState.java:setRaftConf(354)) - 584b1f9e-1c1b-443b-8e2e-a6c41c3b24d1@group-9786385B0B25: set configuration 0: [584b1f9e-1c1b-443b-8e2e-a6c41c3b24d1:192.168.151.82:37635], old=null at 0
2019-09-28 01:22:13,314 [main] INFO  ozoneimpl.OzoneContainer (OzoneContainer.java:stop(231)) - Attempting to stop container services.
2019-09-28 01:22:13,315 [ForkJoinPool.commonPool-worker-0] INFO  ozoneimpl.OzoneContainer (OzoneContainer.java:stop(231)) - Attempting to stop container services.
2019-09-28 01:22:13,315 [main] INFO  impl.RaftServerProxy (RaftServerProxy.java:lambda$close$4(314)) - 01a90e73-792d-4935-bbf3-5d3894bf13f0: close
2019-09-28 01:22:13,315 [ForkJoinPool.commonPool-worker-0] INFO  impl.RaftServerProxy (RaftServerProxy.java:lambda$close$4(314)) - 0de61bcb-7b56-4d90-a285-7cc413e35ce2: close
2019-09-28 01:22:13,316 [main] INFO  impl.RaftServerImpl (RaftServerImpl.java:lambda$shutdown$3(251)) - 01a90e73-792d-4935-bbf3-5d3894bf13f0@group-FAC356F7D0AE: shutdown
2019-09-28 01:22:13,316 [ForkJoinPool.commonPool-worker-0] INFO  impl.RaftServerImpl (RaftServerImpl.java:lambda$shutdown$3(251)) - 0de61bcb-7b56-4d90-a285-7cc413e35ce2@group-E4AD2076B689: shutdown
2019-09-28 01:22:13,316 [main] INFO  util.JmxRegister (JmxRegister.java:unregister(73)) - Successfully un-registered JMX Bean with object name Ratis:service=RaftServer,group=group-FAC356F7D0AE,id=01a90e73-792d-4935-bbf3-5d3894bf13f0
2019-09-28 01:22:13,317 [ForkJoinPool.commonPool-worker-0] INFO  util.JmxRegister (JmxRegister.java:unregister(73)) - Successfully un-registered JMX Bean with object name Ratis:service=RaftServer,group=group-E4AD2076B689,id=0de61bcb-7b56-4d90-a285-7cc413e35ce2
2019-09-28 01:22:13,317 [main] INFO  impl.RoleInfo (RoleInfo.java:shutdownLeaderState(104)) - 01a90e73-792d-4935-bbf3-5d3894bf13f0: shutdown LeaderState
2019-09-28 01:22:13,318 [ForkJoinPool.commonPool-worker-0] INFO  impl.RoleInfo (RoleInfo.java:shutdownLeaderState(104)) - 0de61bcb-7b56-4d90-a285-7cc413e35ce2: shutdown LeaderState
2019-09-28 01:22:13,318 [main] INFO  impl.PendingRequests (PendingRequests.java:sendNotLeaderResponses(202)) - 01a90e73-792d-4935-bbf3-5d3894bf13f0-PendingRequests: sendNotLeaderResponses
2019-09-28 01:22:13,318 [ForkJoinPool.commonPool-worker-0] INFO  impl.PendingRequests (PendingRequests.java:sendNotLeaderResponses(202)) - 0de61bcb-7b56-4d90-a285-7cc413e35ce2-PendingRequests: sendNotLeaderResponses
2019-09-28 01:22:13,319 [main] INFO  impl.StateMachineUpdater (StateMachineUpdater.java:stopAndJoin(125)) - 01a90e73-792d-4935-bbf3-5d3894bf13f0@group-FAC356F7D0AE-StateMachineUpdater: set stopIndex = 0
2019-09-28 01:22:13,319 [ForkJoinPool.commonPool-worker-0] INFO  impl.StateMachineUpdater (StateMachineUpdater.java:stopAndJoin(125)) - 0de61bcb-7b56-4d90-a285-7cc413e35ce2@group-E4AD2076B689-StateMachineUpdater: set stopIndex = 0
2019-09-28 01:22:13,320 [ForkJoinPool.commonPool-worker-0] INFO  impl.RaftServerImpl (ServerState.java:close(385)) - 0de61bcb-7b56-4d90-a285-7cc413e35ce2@group-E4AD2076B689: closes. applyIndex: 0
2019-09-28 01:22:13,320 [main] INFO  impl.RaftServerImpl (ServerState.java:close(385)) - 01a90e73-792d-4935-bbf3-5d3894bf13f0@group-FAC356F7D0AE: closes. applyIndex: 0
2019-09-28 01:22:13,321 [0de61bcb-7b56-4d90-a285-7cc413e35ce2@group-E4AD2076B689-SegmentedRaftLogWorker] INFO  segmented.SegmentedRaftLogWorker (SegmentedRaftLogWorker.java:run(313)) - 0de61bcb-7b56-4d90-a285-7cc413e35ce2@group-E4AD2076B689-SegmentedRaftLogWorker was interrupted, exiting. There are 0 tasks remaining in the queue.
2019-09-28 01:22:13,326 [01a90e73-792d-4935-bbf3-5d3894bf13f0@group-FAC356F7D0AE-SegmentedRaftLogWorker] INFO  segmented.SegmentedRaftLogWorker (SegmentedRaftLogWorker.java:run(313)) - 01a90e73-792d-4935-bbf3-5d3894bf13f0@group-FAC356F7D0AE-SegmentedRaftLogWorker was interrupted, exiting. There are 0 tasks remaining in the queue.
2019-09-28 01:22:13,326 [ForkJoinPool.commonPool-worker-0] INFO  segmented.SegmentedRaftLogWorker (SegmentedRaftLogWorker.java:close(228)) - 0de61bcb-7b56-4d90-a285-7cc413e35ce2@group-E4AD2076B689-SegmentedRaftLogWorker close()
2019-09-28 01:22:13,331 [ForkJoinPool.commonPool-worker-0] INFO  server.GrpcService (GrpcService.java:closeImpl(164)) - 0de61bcb-7b56-4d90-a285-7cc413e35ce2: shutdown server with port 35804 now
2019-09-28 01:22:13,331 [main] INFO  segmented.SegmentedRaftLogWorker (SegmentedRaftLogWorker.java:close(228)) - 01a90e73-792d-4935-bbf3-5d3894bf13f0@group-FAC356F7D0AE-SegmentedRaftLogWorker close()
2019-09-28 01:22:13,331 [584b1f9e-1c1b-443b-8e2e-a6c41c3b24d1@group-9786385B0B25-SegmentedRaftLogWorker] INFO  segmented.SegmentedRaftLogWorker (SegmentedRaftLogWorker.java:execute(569)) - 584b1f9e-1c1b-443b-8e2e-a6c41c3b24d1@group-9786385B0B25-SegmentedRaftLogWorker: created new log segment /workdir/hadoop-ozone/integration-test/target/test-dir/MiniOzoneClusterImpl-af2566c7-5146-4045-9885-51dcdbd53a0d/datanode-9/data/ratis/ab2edb8b-c82b-4dd0-bf98-9786385b0b25/current/log_inprogress_0
2019-09-28 01:22:13,337 [main] INFO  impl.RaftServerImpl (RaftServerImpl.java:lambda$shutdown$3(251)) - 01a90e73-792d-4935-bbf3-5d3894bf13f0@group-6DBCB3E229B8: shutdown
2019-09-28 01:22:13,335 [ForkJoinPool.commonPool-worker-0] INFO  server.GrpcService (GrpcService.java:closeImpl(172)) - 0de61bcb-7b56-4d90-a285-7cc413e35ce2: shutdown server with port 35804 successfully
2019-09-28 01:22:13,338 [main] INFO  util.JmxRegister (JmxRegister.java:unregister(73)) - Successfully un-registered JMX Bean with object name Ratis:service=RaftServer,group=group-6DBCB3E229B8,id=01a90e73-792d-4935-bbf3-5d3894bf13f0
2019-09-28 01:22:13,339 [main] INFO  impl.RoleInfo (RoleInfo.java:shutdownLeaderState(104)) - 01a90e73-792d-4935-bbf3-5d3894bf13f0: shutdown LeaderState
2019-09-28 01:22:13,344 [main] INFO  impl.PendingRequests (PendingRequests.java:sendNotLeaderResponses(202)) - 01a90e73-792d-4935-bbf3-5d3894bf13f0-PendingRequests: sendNotLeaderResponses
2019-09-28 01:22:13,344 [org.apache.ratis.server.impl.LogAppender$AppenderDaemon$$Lambda$428/1278375776@1abb2767] WARN  server.GrpcLogAppender (GrpcLogAppender.java:mayWait(143)) - 01a90e73-792d-4935-bbf3-5d3894bf13f0@group-6DBCB3E229B8->1966a829-263f-4752-b717-080d3fe051ab-GrpcLogAppender: Wait interrupted by java.lang.InterruptedException
2019-09-28 01:22:13,345 [main] INFO  impl.StateMachineUpdater (StateMachineUpdater.java:stopAndJoin(125)) - 01a90e73-792d-4935-bbf3-5d3894bf13f0@group-6DBCB3E229B8-StateMachineUpdater: set stopIndex = 0
2019-09-28 01:22:13,345 [main] INFO  impl.RaftServerImpl (ServerState.java:close(385)) - 01a90e73-792d-4935-bbf3-5d3894bf13f0@group-6DBCB3E229B8: closes. applyIndex: 0
2019-09-28 01:22:13,344 [org.apache.ratis.server.impl.LogAppender$AppenderDaemon$$Lambda$428/1278375776@416d404d] WARN  server.GrpcLogAppender (GrpcLogAppender.java:mayWait(143)) - 01a90e73-792d-4935-bbf3-5d3894bf13f0@group-6DBCB3E229B8->6882fb80-f7ef-4730-ad10-ebcfa4f7520d-GrpcLogAppender: Wait interrupted by java.lang.InterruptedException
2019-09-28 01:22:13,346 [01a90e73-792d-4935-bbf3-5d3894bf13f0@group-6DBCB3E229B8-SegmentedRaftLogWorker] INFO  segmented.SegmentedRaftLogWorker (SegmentedRaftLogWorker.java:run(313)) - 01a90e73-792d-4935-bbf3-5d3894bf13f0@group-6DBCB3E229B8-SegmentedRaftLogWorker was interrupted, exiting. There are 0 tasks remaining in the queue.
2019-09-28 01:22:13,346 [grpc-default-executor-9] INFO  server.GrpcServerProtocolService (GrpcServerProtocolService.java:onCompleted(113)) - 1966a829-263f-4752-b717-080d3fe051ab: Completed APPEND_ENTRIES, lastRequest: 01a90e73-792d-4935-bbf3-5d3894bf13f0->1966a829-263f-4752-b717-080d3fe051ab#240-t1, previous=(t:1, i:0), leaderCommit=0, initializing? false, entries: <empty>
2019-09-28 01:22:13,345 [refreshUsed-/workdir/hadoop-ozone/integration-test/target/test-dir/MiniOzoneClusterImpl-af2566c7-5146-4045-9885-51dcdbd53a0d/datanode-3/data/containers] WARN  fs.CachingGetSpaceUsed (CachingGetSpaceUsed.java:run(183)) - Thread Interrupted waiting to refresh disk information: sleep interrupted
2019-09-28 01:22:13,349 [grpc-default-executor-5] INFO  server.GrpcServerProtocolService (GrpcServerProtocolService.java:onCompleted(113)) - 6882fb80-f7ef-4730-ad10-ebcfa4f7520d: Completed APPEND_ENTRIES, lastRequest: 01a90e73-792d-4935-bbf3-5d3894bf13f0->6882fb80-f7ef-4730-ad10-ebcfa4f7520d#240-t1, previous=(t:1, i:0), leaderCommit=0, initializing? false, entries: <empty>
2019-09-28 01:22:13,349 [main] INFO  segmented.SegmentedRaftLogWorker (SegmentedRaftLogWorker.java:close(228)) - 01a90e73-792d-4935-bbf3-5d3894bf13f0@group-6DBCB3E229B8-SegmentedRaftLogWorker close()
2019-09-28 01:22:13,350 [grpc-default-executor-9] INFO  server.GrpcLogAppender (GrpcLogAppender.java:onCompleted(293)) - 01a90e73-792d-4935-bbf3-5d3894bf13f0@group-6DBCB3E229B8->1966a829-263f-4752-b717-080d3fe051ab-AppendLogResponseHandler: follower responses appendEntries COMPLETED
2019-09-28 01:22:13,352 [main] INFO  server.GrpcService (GrpcService.java:closeImpl(164)) - 01a90e73-792d-4935-bbf3-5d3894bf13f0: shutdown server with port 37184 now
2019-09-28 01:22:13,352 [grpc-default-executor-9] INFO  impl.FollowerInfo (FollowerInfo.java:lambda$new$0(51)) - 01a90e73-792d-4935-bbf3-5d3894bf13f0@group-6DBCB3E229B8->1966a829-263f-4752-b717-080d3fe051ab: nextIndex: updateUnconditionally 1 -> 0
2019-09-28 01:22:13,352 [grpc-default-executor-5] INFO  server.GrpcLogAppender (GrpcLogAppender.java:onCompleted(293)) - 01a90e73-792d-4935-bbf3-5d3894bf13f0@group-6DBCB3E229B8->6882fb80-f7ef-4730-ad10-ebcfa4f7520d-AppendLogResponseHandler: follower responses appendEntries COMPLETED
2019-09-28 01:22:13,353 [grpc-default-executor-5] INFO  impl.FollowerInfo (FollowerInfo.java:lambda$new$0(51)) - 01a90e73-792d-4935-bbf3-5d3894bf13f0@group-6DBCB3E229B8->6882fb80-f7ef-4730-ad10-ebcfa4f7520d: nextIndex: updateUnconditionally 1 -> 0
2019-09-28 01:22:13,353 [main] INFO  server.GrpcService (GrpcService.java:closeImpl(172)) - 01a90e73-792d-4935-bbf3-5d3894bf13f0: shutdown server with port 37184 successfully
2019-09-28 01:22:13,357 [refreshUsed-/workdir/hadoop-ozone/integration-test/target/test-dir/MiniOzoneClusterImpl-af2566c7-5146-4045-9885-51dcdbd53a0d/datanode-6/data/containers] WARN  fs.CachingGetSpaceUsed (CachingGetSpaceUsed.java:run(183)) - Thread Interrupted waiting to refresh disk information: sleep interrupted
2019-09-28 01:22:13,372 [main] INFO  utils.BackgroundService (BackgroundService.java:shutdown(148)) - Shutting down service BlockDeletingService
2019-09-28 01:22:13,378 [main] INFO  statemachine.DatanodeStateMachine (DatanodeStateMachine.java:stopDaemon(395)) - Ozone container server stopped.
2019-09-28 01:22:13,379 [main] INFO  handler.ContextHandler (ContextHandler.java:doStop(910)) - Stopped o.e.j.w.WebAppContext@5a14e60d{/,null,UNAVAILABLE}{/hddsDatanode}
2019-09-28 01:22:13,379 [ForkJoinPool.commonPool-worker-0] INFO  utils.BackgroundService (BackgroundService.java:shutdown(148)) - Shutting down service BlockDeletingService
2019-09-28 01:22:13,380 [main] INFO  server.AbstractConnector (AbstractConnector.java:doStop(318)) - Stopped ServerConnector@f882465{HTTP/1.1,[http/1.1]}{0.0.0.0:0}
2019-09-28 01:22:13,380 [main] INFO  handler.ContextHandler (ContextHandler.java:doStop(910)) - Stopped o.e.j.s.ServletContextHandler@46a123e4{/static,jar:file:/home/user/.m2/repository/org/apache/hadoop/hadoop-hdds-container-service/0.5.0-SNAPSHOT/hadoop-hdds-container-service-0.5.0-SNAPSHOT.jar!/webapps/static,UNAVAILABLE}
2019-09-28 01:22:13,381 [main] INFO  handler.ContextHandler (ContextHandler.java:doStop(910)) - Stopped o.e.j.s.ServletContextHandler@4a864d4d{/logs,file:///workdir/hadoop-ozone/integration-test/target/log,UNAVAILABLE}
2019-09-28 01:22:13,387 [ForkJoinPool.commonPool-worker-0] INFO  statemachine.DatanodeStateMachine (DatanodeStateMachine.java:stopDaemon(395)) - Ozone container server stopped.
2019-09-28 01:22:13,393 [ForkJoinPool.commonPool-worker-0] INFO  handler.ContextHandler (ContextHandler.java:doStop(910)) - Stopped o.e.j.w.WebAppContext@559af296{/,null,UNAVAILABLE}{/hddsDatanode}
2019-09-28 01:22:13,394 [ForkJoinPool.commonPool-worker-0] INFO  server.AbstractConnector (AbstractConnector.java:doStop(318)) - Stopped ServerConnector@5edc3e29{HTTP/1.1,[http/1.1]}{0.0.0.0:0}
2019-09-28 01:22:13,407 [ForkJoinPool.commonPool-worker-0] INFO  handler.ContextHandler (ContextHandler.java:doStop(910)) - Stopped o.e.j.s.ServletContextHandler@486e9d1d{/static,jar:file:/home/user/.m2/repository/org/apache/hadoop/hadoop-hdds-container-service/0.5.0-SNAPSHOT/hadoop-hdds-container-service-0.5.0-SNAPSHOT.jar!/webapps/static,UNAVAILABLE}
2019-09-28 01:22:13,407 [ForkJoinPool.commonPool-worker-0] INFO  handler.ContextHandler (ContextHandler.java:doStop(910)) - Stopped o.e.j.s.ServletContextHandler@3b41e1bf{/logs,file:///workdir/hadoop-ozone/integration-test/target/log,UNAVAILABLE}
2019-09-28 01:22:13,767 [grpc-default-executor-9] WARN  server.GrpcLogAppender (LogUtils.java:warn(134)) - 1718a6b7-a807-47b2-9e97-09209d9c5800@group-D9D741084385->ab3cf4df-5976-458c-b5c2-4cdf8c4d91de-AppendLogResponseHandler: Failed appendEntries: org.apache.ratis.thirdparty.io.grpc.StatusRuntimeException: UNAVAILABLE: io exception
2019-09-28 01:22:13,767 [grpc-default-executor-9] INFO  impl.FollowerInfo (FollowerInfo.java:lambda$new$0(51)) - 1718a6b7-a807-47b2-9e97-09209d9c5800@group-D9D741084385->ab3cf4df-5976-458c-b5c2-4cdf8c4d91de: nextIndex: updateUnconditionally 0 -> 0
2019-09-28 01:22:13,768 [grpc-default-executor-9] WARN  server.GrpcLogAppender (LogUtils.java:warn(134)) - 584b1f9e-1c1b-443b-8e2e-a6c41c3b24d1@group-4C9F0EF89CA4->2f116fb9-3359-4137-b08e-444c3348f2a5-AppendLogResponseHandler: Failed appendEntries: org.apache.ratis.thirdparty.io.grpc.StatusRuntimeException: UNAVAILABLE: io exception
2019-09-28 01:22:13,768 [grpc-default-executor-9] INFO  impl.FollowerInfo (FollowerInfo.java:lambda$new$0(51)) - 584b1f9e-1c1b-443b-8e2e-a6c41c3b24d1@group-4C9F0EF89CA4->2f116fb9-3359-4137-b08e-444c3348f2a5: nextIndex: updateUnconditionally 0 -> 0
2019-09-28 01:22:13,770 [Datanode State Machine Thread - 0] INFO  statemachine.DatanodeStateMachine (DatanodeStateMachine.java:lambda$startDaemon$0(350)) - Ozone container server started.
2019-09-28 01:22:13,892 [Datanode State Machine Thread - 0] INFO  statemachine.DatanodeStateMachine (DatanodeStateMachine.java:lambda$startDaemon$0(350)) - Ozone container server started.
2019-09-28 01:22:14,268 [grpc-default-executor-9] WARN  server.GrpcLogAppender (LogUtils.java:warn(134)) - 1718a6b7-a807-47b2-9e97-09209d9c5800@group-D9D741084385->ab3cf4df-5976-458c-b5c2-4cdf8c4d91de-AppendLogResponseHandler: Failed appendEntries: org.apache.ratis.thirdparty.io.grpc.StatusRuntimeException: UNAVAILABLE: io exception
2019-09-28 01:22:14,268 [grpc-default-executor-5] WARN  server.GrpcLogAppender (LogUtils.java:warn(134)) - 584b1f9e-1c1b-443b-8e2e-a6c41c3b24d1@group-4C9F0EF89CA4->2f116fb9-3359-4137-b08e-444c3348f2a5-AppendLogResponseHandler: Failed appendEntries: org.apache.ratis.thirdparty.io.grpc.StatusRuntimeException: UNAVAILABLE: io exception
2019-09-28 01:22:14,268 [grpc-default-executor-9] INFO  impl.FollowerInfo (FollowerInfo.java:lambda$new$0(51)) - 1718a6b7-a807-47b2-9e97-09209d9c5800@group-D9D741084385->ab3cf4df-5976-458c-b5c2-4cdf8c4d91de: nextIndex: updateUnconditionally 0 -> 0
2019-09-28 01:22:14,269 [grpc-default-executor-5] INFO  impl.FollowerInfo (FollowerInfo.java:lambda$new$0(51)) - 584b1f9e-1c1b-443b-8e2e-a6c41c3b24d1@group-4C9F0EF89CA4->2f116fb9-3359-4137-b08e-444c3348f2a5: nextIndex: updateUnconditionally 0 -> 0
2019-09-28 01:22:14,769 [grpc-default-executor-6] WARN  server.GrpcLogAppender (LogUtils.java:warn(134)) - 1718a6b7-a807-47b2-9e97-09209d9c5800@group-D9D741084385->ab3cf4df-5976-458c-b5c2-4cdf8c4d91de-AppendLogResponseHandler: Failed appendEntries: org.apache.ratis.thirdparty.io.grpc.StatusRuntimeException: UNAVAILABLE: io exception
2019-09-28 01:22:14,769 [grpc-default-executor-0] WARN  server.GrpcLogAppender (LogUtils.java:warn(134)) - 584b1f9e-1c1b-443b-8e2e-a6c41c3b24d1@group-4C9F0EF89CA4->2f116fb9-3359-4137-b08e-444c3348f2a5-AppendLogResponseHandler: Failed appendEntries: org.apache.ratis.thirdparty.io.grpc.StatusRuntimeException: UNAVAILABLE: io exception
2019-09-28 01:22:14,769 [grpc-default-executor-6] INFO  impl.FollowerInfo (FollowerInfo.java:lambda$new$0(51)) - 1718a6b7-a807-47b2-9e97-09209d9c5800@group-D9D741084385->ab3cf4df-5976-458c-b5c2-4cdf8c4d91de: nextIndex: updateUnconditionally 0 -> 0
2019-09-28 01:22:14,770 [grpc-default-executor-0] INFO  impl.FollowerInfo (FollowerInfo.java:lambda$new$0(51)) - 584b1f9e-1c1b-443b-8e2e-a6c41c3b24d1@group-4C9F0EF89CA4->2f116fb9-3359-4137-b08e-444c3348f2a5: nextIndex: updateUnconditionally 0 -> 0
2019-09-28 01:22:14,834 [Thread-6206] INFO  impl.FollowerState (FollowerState.java:run(106)) - 1966a829-263f-4752-b717-080d3fe051ab:group-6DBCB3E229B8 changes to CANDIDATE, lastRpcTime:1554, electionTimeout:1104ms
2019-09-28 01:22:14,834 [Thread-6206] INFO  impl.RoleInfo (RoleInfo.java:shutdownFollowerState(121)) - 1966a829-263f-4752-b717-080d3fe051ab: shutdown FollowerState
2019-09-28 01:22:14,834 [Thread-6206] INFO  impl.RaftServerImpl (RaftServerImpl.java:setRole(174)) - 1966a829-263f-4752-b717-080d3fe051ab@group-6DBCB3E229B8: changes role from  FOLLOWER to CANDIDATE at term 1 for changeToCandidate
2019-09-28 01:22:14,834 [Thread-6206] INFO  impl.RoleInfo (RoleInfo.java:updateAndGet(143)) - 1966a829-263f-4752-b717-080d3fe051ab: start LeaderElection
2019-09-28 01:22:14,835 [1966a829-263f-4752-b717-080d3fe051ab@group-6DBCB3E229B8:LeaderElection128] INFO  impl.RaftServerImpl (ServerState.java:setLeader(253)) - 1966a829-263f-4752-b717-080d3fe051ab@group-6DBCB3E229B8: change Leader from 01a90e73-792d-4935-bbf3-5d3894bf13f0 to null at term 1 for initElection
2019-09-28 01:22:14,849 [1966a829-263f-4752-b717-080d3fe051ab@group-6DBCB3E229B8:LeaderElection128] INFO  impl.LeaderElection (LeaderElection.java:askForVotes(182)) - 1966a829-263f-4752-b717-080d3fe051ab@group-6DBCB3E229B8:LeaderElection128: begin an election at term 2 for 0: [01a90e73-792d-4935-bbf3-5d3894bf13f0:192.168.151.82:37184, 1966a829-263f-4752-b717-080d3fe051ab:192.168.151.82:34214, 6882fb80-f7ef-4730-ad10-ebcfa4f7520d:192.168.151.82:39537], old=null
2019-09-28 01:22:14,853 [1966a829-263f-4752-b717-080d3fe051ab@group-6DBCB3E229B8:LeaderElection128] INFO  impl.LeaderElection (LogUtils.java:infoOrTrace(149)) - 1966a829-263f-4752-b717-080d3fe051ab@group-6DBCB3E229B8:LeaderElection128 got exception when requesting votes: {}
java.util.concurrent.ExecutionException: org.apache.ratis.thirdparty.io.grpc.StatusRuntimeException: UNAVAILABLE: io exception
	at java.util.concurrent.FutureTask.report(FutureTask.java:122)
	at java.util.concurrent.FutureTask.get(FutureTask.java:192)
	at org.apache.ratis.server.impl.LeaderElection.waitForResults(LeaderElection.java:263)
	at org.apache.ratis.server.impl.LeaderElection.askForVotes(LeaderElection.java:201)
	at org.apache.ratis.server.impl.LeaderElection.run(LeaderElection.java:133)
	at java.lang.Thread.run(Thread.java:748)
Caused by: org.apache.ratis.thirdparty.io.grpc.StatusRuntimeException: UNAVAILABLE: io exception
	at org.apache.ratis.thirdparty.io.grpc.stub.ClientCalls.toStatusRuntimeException(ClientCalls.java:233)
	at org.apache.ratis.thirdparty.io.grpc.stub.ClientCalls.getUnchecked(ClientCalls.java:214)
	at org.apache.ratis.thirdparty.io.grpc.stub.ClientCalls.blockingUnaryCall(ClientCalls.java:139)
	at org.apache.ratis.proto.grpc.RaftServerProtocolServiceGrpc$RaftServerProtocolServiceBlockingStub.requestVote(RaftServerProtocolServiceGrpc.java:265)
	at org.apache.ratis.grpc.server.GrpcServerProtocolClient.requestVote(GrpcServerProtocolClient.java:90)
	at org.apache.ratis.grpc.server.GrpcService.requestVote(GrpcService.java:204)
	at org.apache.ratis.server.impl.LeaderElection.lambda$submitRequests$1(LeaderElection.java:238)
	at java.util.concurrent.FutureTask.run(FutureTask.java:266)
	at java.util.concurrent.Executors$RunnableAdapter.call(Executors.java:511)
	at java.util.concurrent.FutureTask.run(FutureTask.java:266)
	at java.util.concurrent.ThreadPoolExecutor.runWorker(ThreadPoolExecutor.java:1149)
	at java.util.concurrent.ThreadPoolExecutor$Worker.run(ThreadPoolExecutor.java:624)
	... 1 more
Caused by: org.apache.ratis.thirdparty.io.netty.channel.AbstractChannel$AnnotatedConnectException: Connection refused: /192.168.151.82:37184
	at sun.nio.ch.SocketChannelImpl.checkConnect(Native Method)
	at sun.nio.ch.SocketChannelImpl.finishConnect(SocketChannelImpl.java:717)
	at org.apache.ratis.thirdparty.io.netty.channel.socket.nio.NioSocketChannel.doFinishConnect(NioSocketChannel.java:327)
	at org.apache.ratis.thirdparty.io.netty.channel.nio.AbstractNioChannel$AbstractNioUnsafe.finishConnect(AbstractNioChannel.java:340)
	at org.apache.ratis.thirdparty.io.netty.channel.nio.NioEventLoop.processSelectedKey(NioEventLoop.java:632)
	at org.apache.ratis.thirdparty.io.netty.channel.nio.NioEventLoop.processSelectedKeysOptimized(NioEventLoop.java:579)
	at org.apache.ratis.thirdparty.io.netty.channel.nio.NioEventLoop.processSelectedKeys(NioEventLoop.java:496)
	at org.apache.ratis.thirdparty.io.netty.channel.nio.NioEventLoop.run(NioEventLoop.java:458)
	at org.apache.ratis.thirdparty.io.netty.util.concurrent.SingleThreadEventExecutor$5.run(SingleThreadEventExecutor.java:897)
	at org.apache.ratis.thirdparty.io.netty.util.concurrent.FastThreadLocalRunnable.run(FastThreadLocalRunnable.java:30)
	... 1 more
Caused by: java.net.ConnectException: Connection refused
	... 11 more
2019-09-28 01:22:14,855 [grpc-default-executor-0] INFO  impl.RaftServerImpl (ServerState.java:setLeader(253)) - 6882fb80-f7ef-4730-ad10-ebcfa4f7520d@group-6DBCB3E229B8: change Leader from 01a90e73-792d-4935-bbf3-5d3894bf13f0 to null at term 2 for updateCurrentTerm
2019-09-28 01:22:14,856 [grpc-default-executor-0] INFO  impl.RaftServerImpl (RaftServerImpl.java:setRole(174)) - 6882fb80-f7ef-4730-ad10-ebcfa4f7520d@group-6DBCB3E229B8: changes role from  FOLLOWER to FOLLOWER at term 2 for recognizeCandidate:1966a829-263f-4752-b717-080d3fe051ab
2019-09-28 01:22:14,856 [grpc-default-executor-0] INFO  impl.RoleInfo (RoleInfo.java:shutdownFollowerState(121)) - 6882fb80-f7ef-4730-ad10-ebcfa4f7520d: shutdown FollowerState
2019-09-28 01:22:14,856 [grpc-default-executor-0] INFO  impl.RoleInfo (RoleInfo.java:updateAndGet(143)) - 6882fb80-f7ef-4730-ad10-ebcfa4f7520d: start FollowerState
2019-09-28 01:22:14,856 [Thread-6208] INFO  impl.FollowerState (FollowerState.java:run(115)) - 6882fb80-f7ef-4730-ad10-ebcfa4f7520d: FollowerState was interrupted: java.lang.InterruptedException: sleep interrupted
2019-09-28 01:22:14,871 [1966a829-263f-4752-b717-080d3fe051ab@group-6DBCB3E229B8:LeaderElection128] INFO  impl.LeaderElection (LeaderElection.java:logAndReturn(56)) - 1966a829-263f-4752-b717-080d3fe051ab@group-6DBCB3E229B8:LeaderElection128: Election PASSED; received 1 response(s) [1966a829-263f-4752-b717-080d3fe051ab<-6882fb80-f7ef-4730-ad10-ebcfa4f7520d#0:OK-t2] and 1 exception(s); 1966a829-263f-4752-b717-080d3fe051ab@group-6DBCB3E229B8:t2, leader=null, voted=1966a829-263f-4752-b717-080d3fe051ab, raftlog=1966a829-263f-4752-b717-080d3fe051ab@group-6DBCB3E229B8-SegmentedRaftLog:OPENED:c0,f0,i0, conf=0: [01a90e73-792d-4935-bbf3-5d3894bf13f0:192.168.151.82:37184, 1966a829-263f-4752-b717-080d3fe051ab:192.168.151.82:34214, 6882fb80-f7ef-4730-ad10-ebcfa4f7520d:192.168.151.82:39537], old=null
2019-09-28 01:22:14,871 [1966a829-263f-4752-b717-080d3fe051ab@group-6DBCB3E229B8:LeaderElection128] INFO  impl.LeaderElection (LogUtils.java:infoOrTrace(149)) -   Exception 0: {}
java.util.concurrent.ExecutionException: org.apache.ratis.thirdparty.io.grpc.StatusRuntimeException: UNAVAILABLE: io exception
	at java.util.concurrent.FutureTask.report(FutureTask.java:122)
	at java.util.concurrent.FutureTask.get(FutureTask.java:192)
	at org.apache.ratis.server.impl.LeaderElection.waitForResults(LeaderElection.java:263)
	at org.apache.ratis.server.impl.LeaderElection.askForVotes(LeaderElection.java:201)
	at org.apache.ratis.server.impl.LeaderElection.run(LeaderElection.java:133)
	at java.lang.Thread.run(Thread.java:748)
Caused by: org.apache.ratis.thirdparty.io.grpc.StatusRuntimeException: UNAVAILABLE: io exception
	at org.apache.ratis.thirdparty.io.grpc.stub.ClientCalls.toStatusRuntimeException(ClientCalls.java:233)
	at org.apache.ratis.thirdparty.io.grpc.stub.ClientCalls.getUnchecked(ClientCalls.java:214)
	at org.apache.ratis.thirdparty.io.grpc.stub.ClientCalls.blockingUnaryCall(ClientCalls.java:139)
	at org.apache.ratis.proto.grpc.RaftServerProtocolServiceGrpc$RaftServerProtocolServiceBlockingStub.requestVote(RaftServerProtocolServiceGrpc.java:265)
	at org.apache.ratis.grpc.server.GrpcServerProtocolClient.requestVote(GrpcServerProtocolClient.java:90)
	at org.apache.ratis.grpc.server.GrpcService.requestVote(GrpcService.java:204)
	at org.apache.ratis.server.impl.LeaderElection.lambda$submitRequests$1(LeaderElection.java:238)
	at java.util.concurrent.FutureTask.run(FutureTask.java:266)
	at java.util.concurrent.Executors$RunnableAdapter.call(Executors.java:511)
	at java.util.concurrent.FutureTask.run(FutureTask.java:266)
	at java.util.concurrent.ThreadPoolExecutor.runWorker(ThreadPoolExecutor.java:1149)
	at java.util.concurrent.ThreadPoolExecutor$Worker.run(ThreadPoolExecutor.java:624)
	... 1 more
Caused by: org.apache.ratis.thirdparty.io.netty.channel.AbstractChannel$AnnotatedConnectException: Connection refused: /192.168.151.82:37184
	at sun.nio.ch.SocketChannelImpl.checkConnect(Native Method)
	at sun.nio.ch.SocketChannelImpl.finishConnect(SocketChannelImpl.java:717)
	at org.apache.ratis.thirdparty.io.netty.channel.socket.nio.NioSocketChannel.doFinishConnect(NioSocketChannel.java:327)
	at org.apache.ratis.thirdparty.io.netty.channel.nio.AbstractNioChannel$AbstractNioUnsafe.finishConnect(AbstractNioChannel.java:340)
	at org.apache.ratis.thirdparty.io.netty.channel.nio.NioEventLoop.processSelectedKey(NioEventLoop.java:632)
	at org.apache.ratis.thirdparty.io.netty.channel.nio.NioEventLoop.processSelectedKeysOptimized(NioEventLoop.java:579)
	at org.apache.ratis.thirdparty.io.netty.channel.nio.NioEventLoop.processSelectedKeys(NioEventLoop.java:496)
	at org.apache.ratis.thirdparty.io.netty.channel.nio.NioEventLoop.run(NioEventLoop.java:458)
	at org.apache.ratis.thirdparty.io.netty.util.concurrent.SingleThreadEventExecutor$5.run(SingleThreadEventExecutor.java:897)
	at org.apache.ratis.thirdparty.io.netty.util.concurrent.FastThreadLocalRunnable.run(FastThreadLocalRunnable.java:30)
	... 1 more
Caused by: java.net.ConnectException: Connection refused
	... 11 more
2019-09-28 01:22:14,872 [1966a829-263f-4752-b717-080d3fe051ab@group-6DBCB3E229B8:LeaderElection128] INFO  impl.RoleInfo (RoleInfo.java:shutdownLeaderElection(134)) - 1966a829-263f-4752-b717-080d3fe051ab: shutdown LeaderElection
2019-09-28 01:22:14,872 [1966a829-263f-4752-b717-080d3fe051ab@group-6DBCB3E229B8:LeaderElection128] INFO  impl.RaftServerImpl (RaftServerImpl.java:setRole(174)) - 1966a829-263f-4752-b717-080d3fe051ab@group-6DBCB3E229B8: changes role from CANDIDATE to LEADER at term 2 for changeToLeader
2019-09-28 01:22:14,872 [1966a829-263f-4752-b717-080d3fe051ab@group-6DBCB3E229B8:LeaderElection128] INFO  impl.RaftServerImpl (ServerState.java:setLeader(253)) - 1966a829-263f-4752-b717-080d3fe051ab@group-6DBCB3E229B8: change Leader from null to 1966a829-263f-4752-b717-080d3fe051ab at term 2 for becomeLeader, leader elected after 36ms
2019-09-28 01:22:14,872 [1966a829-263f-4752-b717-080d3fe051ab@group-6DBCB3E229B8:LeaderElection128] INFO  server.RaftServerConfigKeys (ConfUtils.java:logGet(43)) - raft.server.staging.catchup.gap = 1000 (default)
2019-09-28 01:22:14,872 [1966a829-263f-4752-b717-080d3fe051ab@group-6DBCB3E229B8:LeaderElection128] INFO  server.RaftServerConfigKeys (ConfUtils.java:logGet(43)) - raft.server.rpc.sleep.time = 25ms (default)
2019-09-28 01:22:14,873 [1966a829-263f-4752-b717-080d3fe051ab@group-6DBCB3E229B8:LeaderElection128] INFO  server.RaftServerConfigKeys (ConfUtils.java:logGet(43)) - raft.server.write.element-limit = 4096 (default)
2019-09-28 01:22:14,873 [1966a829-263f-4752-b717-080d3fe051ab@group-6DBCB3E229B8:LeaderElection128] INFO  server.RaftServerConfigKeys (ConfUtils.java:logGet(43)) - raft.server.watch.timeout = 10s (default)
2019-09-28 01:22:14,873 [1966a829-263f-4752-b717-080d3fe051ab@group-6DBCB3E229B8:LeaderElection128] INFO  server.RaftServerConfigKeys (ConfUtils.java:logGet(43)) - raft.server.watch.timeout.denomination = 1s (default)
2019-09-28 01:22:14,873 [1966a829-263f-4752-b717-080d3fe051ab@group-6DBCB3E229B8:LeaderElection128] INFO  server.RaftServerConfigKeys (ConfUtils.java:logGet(43)) - raft.server.watch.element-limit = 65536 (default)
2019-09-28 01:22:14,875 [1966a829-263f-4752-b717-080d3fe051ab@group-6DBCB3E229B8:LeaderElection128] INFO  server.RaftServerConfigKeys (ConfUtils.java:logGet(43)) - raft.server.log.appender.snapshot.chunk.size.max = 16MB (=16777216) (default)
2019-09-28 01:22:14,876 [1966a829-263f-4752-b717-080d3fe051ab@group-6DBCB3E229B8:LeaderElection128] INFO  server.RaftServerConfigKeys (ConfUtils.java:logGet(43)) - raft.server.log.appender.buffer.byte-limit = 33554432 (custom)
2019-09-28 01:22:14,876 [1966a829-263f-4752-b717-080d3fe051ab@group-6DBCB3E229B8:LeaderElection128] INFO  server.RaftServerConfigKeys (ConfUtils.java:logGet(43)) - raft.server.log.appender.buffer.element-limit = 1 (custom)
2019-09-28 01:22:14,876 [1966a829-263f-4752-b717-080d3fe051ab@group-6DBCB3E229B8:LeaderElection128] INFO  grpc.GrpcConfigKeys$Server (ConfUtils.java:logGet(43)) - raft.grpc.server.leader.outstanding.appends.max = 128 (default)
2019-09-28 01:22:14,876 [1966a829-263f-4752-b717-080d3fe051ab@group-6DBCB3E229B8:LeaderElection128] INFO  server.RaftServerConfigKeys (ConfUtils.java:logGet(43)) - raft.server.rpc.request.timeout = 3000ms (default)
2019-09-28 01:22:14,876 [1966a829-263f-4752-b717-080d3fe051ab@group-6DBCB3E229B8:LeaderElection128] INFO  server.RaftServerConfigKeys (ConfUtils.java:logGet(43)) - raft.server.log.appender.install.snapshot.enabled = false (custom)
2019-09-28 01:22:14,877 [1966a829-263f-4752-b717-080d3fe051ab@group-6DBCB3E229B8:LeaderElection128] INFO  server.RaftServerConfigKeys (ConfUtils.java:logGet(43)) - raft.server.log.appender.snapshot.chunk.size.max = 16MB (=16777216) (default)
2019-09-28 01:22:14,877 [1966a829-263f-4752-b717-080d3fe051ab@group-6DBCB3E229B8:LeaderElection128] INFO  server.RaftServerConfigKeys (ConfUtils.java:logGet(43)) - raft.server.log.appender.buffer.byte-limit = 33554432 (custom)
2019-09-28 01:22:14,877 [1966a829-263f-4752-b717-080d3fe051ab@group-6DBCB3E229B8:LeaderElection128] INFO  server.RaftServerConfigKeys (ConfUtils.java:logGet(43)) - raft.server.log.appender.buffer.element-limit = 1 (custom)
2019-09-28 01:22:14,877 [1966a829-263f-4752-b717-080d3fe051ab@group-6DBCB3E229B8:LeaderElection128] INFO  grpc.GrpcConfigKeys$Server (ConfUtils.java:logGet(43)) - raft.grpc.server.leader.outstanding.appends.max = 128 (default)
2019-09-28 01:22:14,878 [1966a829-263f-4752-b717-080d3fe051ab@group-6DBCB3E229B8:LeaderElection128] INFO  server.RaftServerConfigKeys (ConfUtils.java:logGet(43)) - raft.server.rpc.request.timeout = 3000ms (default)
2019-09-28 01:22:14,878 [1966a829-263f-4752-b717-080d3fe051ab@group-6DBCB3E229B8:LeaderElection128] INFO  server.RaftServerConfigKeys (ConfUtils.java:logGet(43)) - raft.server.log.appender.install.snapshot.enabled = false (custom)
2019-09-28 01:22:14,878 [1966a829-263f-4752-b717-080d3fe051ab@group-6DBCB3E229B8:LeaderElection128] INFO  impl.RoleInfo (RoleInfo.java:updateAndGet(143)) - 1966a829-263f-4752-b717-080d3fe051ab: start LeaderState
2019-09-28 01:22:14,878 [1966a829-263f-4752-b717-080d3fe051ab@group-6DBCB3E229B8:LeaderElection128] INFO  segmented.SegmentedRaftLogWorker (SegmentedRaftLogWorker.java:rollLogSegment(385)) - 1966a829-263f-4752-b717-080d3fe051ab@group-6DBCB3E229B8-SegmentedRaftLogWorker: Rolling segment log-0_0 to index:0
2019-09-28 01:22:14,879 [1966a829-263f-4752-b717-080d3fe051ab@group-6DBCB3E229B8-SegmentedRaftLogWorker] INFO  segmented.SegmentedRaftLogWorker (SegmentedRaftLogWorker.java:execute(526)) - 1966a829-263f-4752-b717-080d3fe051ab@group-6DBCB3E229B8-SegmentedRaftLogWorker: Rolled log segment from /workdir/hadoop-ozone/integration-test/target/test-dir/MiniOzoneClusterImpl-af2566c7-5146-4045-9885-51dcdbd53a0d/datanode-8/data/ratis/ddc6123c-04c7-442a-b19a-6dbcb3e229b8/current/log_inprogress_0 to /workdir/hadoop-ozone/integration-test/target/test-dir/MiniOzoneClusterImpl-af2566c7-5146-4045-9885-51dcdbd53a0d/datanode-8/data/ratis/ddc6123c-04c7-442a-b19a-6dbcb3e229b8/current/log_0-0
2019-09-28 01:22:14,880 [1966a829-263f-4752-b717-080d3fe051ab@group-6DBCB3E229B8:LeaderElection128] INFO  impl.RaftServerImpl (ServerState.java:setRaftConf(354)) - 1966a829-263f-4752-b717-080d3fe051ab@group-6DBCB3E229B8: set configuration 1: [01a90e73-792d-4935-bbf3-5d3894bf13f0:192.168.151.82:37184, 1966a829-263f-4752-b717-080d3fe051ab:192.168.151.82:34214, 6882fb80-f7ef-4730-ad10-ebcfa4f7520d:192.168.151.82:39537], old=null at 1
2019-09-28 01:22:14,880 [grpc-default-executor-0] WARN  server.GrpcLogAppender (LogUtils.java:warn(134)) - 1966a829-263f-4752-b717-080d3fe051ab@group-6DBCB3E229B8->01a90e73-792d-4935-bbf3-5d3894bf13f0-AppendLogResponseHandler: Failed appendEntries: org.apache.ratis.thirdparty.io.grpc.StatusRuntimeException: UNAVAILABLE: io exception
2019-09-28 01:22:14,915 [grpc-default-executor-0] INFO  impl.FollowerInfo (FollowerInfo.java:lambda$new$0(51)) - 1966a829-263f-4752-b717-080d3fe051ab@group-6DBCB3E229B8->01a90e73-792d-4935-bbf3-5d3894bf13f0: nextIndex: updateUnconditionally 1 -> 0
2019-09-28 01:22:14,916 [grpc-default-executor-0] INFO  impl.RaftServerImpl (ServerState.java:setLeader(253)) - 6882fb80-f7ef-4730-ad10-ebcfa4f7520d@group-6DBCB3E229B8: change Leader from null to 1966a829-263f-4752-b717-080d3fe051ab at term 2 for appendEntries, leader elected after 60ms
2019-09-28 01:22:14,919 [grpc-default-executor-0] INFO  impl.RaftServerImpl (ServerState.java:setRaftConf(354)) - 6882fb80-f7ef-4730-ad10-ebcfa4f7520d@group-6DBCB3E229B8: set configuration 1: [01a90e73-792d-4935-bbf3-5d3894bf13f0:192.168.151.82:37184, 1966a829-263f-4752-b717-080d3fe051ab:192.168.151.82:34214, 6882fb80-f7ef-4730-ad10-ebcfa4f7520d:192.168.151.82:39537], old=null at 1
2019-09-28 01:22:14,920 [grpc-default-executor-0] INFO  segmented.SegmentedRaftLogWorker (SegmentedRaftLogWorker.java:rollLogSegment(385)) - 6882fb80-f7ef-4730-ad10-ebcfa4f7520d@group-6DBCB3E229B8-SegmentedRaftLogWorker: Rolling segment log-0_0 to index:0
2019-09-28 01:22:14,920 [6882fb80-f7ef-4730-ad10-ebcfa4f7520d@group-6DBCB3E229B8-SegmentedRaftLogWorker] INFO  segmented.SegmentedRaftLogWorker (SegmentedRaftLogWorker.java:execute(526)) - 6882fb80-f7ef-4730-ad10-ebcfa4f7520d@group-6DBCB3E229B8-SegmentedRaftLogWorker: Rolled log segment from /workdir/hadoop-ozone/integration-test/target/test-dir/MiniOzoneClusterImpl-af2566c7-5146-4045-9885-51dcdbd53a0d/datanode-7/data/ratis/ddc6123c-04c7-442a-b19a-6dbcb3e229b8/current/log_inprogress_0 to /workdir/hadoop-ozone/integration-test/target/test-dir/MiniOzoneClusterImpl-af2566c7-5146-4045-9885-51dcdbd53a0d/datanode-7/data/ratis/ddc6123c-04c7-442a-b19a-6dbcb3e229b8/current/log_0-0
2019-09-28 01:22:14,940 [1966a829-263f-4752-b717-080d3fe051ab@group-6DBCB3E229B8-SegmentedRaftLogWorker] INFO  segmented.SegmentedRaftLogWorker (SegmentedRaftLogWorker.java:execute(569)) - 1966a829-263f-4752-b717-080d3fe051ab@group-6DBCB3E229B8-SegmentedRaftLogWorker: created new log segment /workdir/hadoop-ozone/integration-test/target/test-dir/MiniOzoneClusterImpl-af2566c7-5146-4045-9885-51dcdbd53a0d/datanode-8/data/ratis/ddc6123c-04c7-442a-b19a-6dbcb3e229b8/current/log_inprogress_1
2019-09-28 01:22:14,970 [6882fb80-f7ef-4730-ad10-ebcfa4f7520d@group-6DBCB3E229B8-SegmentedRaftLogWorker] INFO  segmented.SegmentedRaftLogWorker (SegmentedRaftLogWorker.java:execute(569)) - 6882fb80-f7ef-4730-ad10-ebcfa4f7520d@group-6DBCB3E229B8-SegmentedRaftLogWorker: created new log segment /workdir/hadoop-ozone/integration-test/target/test-dir/MiniOzoneClusterImpl-af2566c7-5146-4045-9885-51dcdbd53a0d/datanode-7/data/ratis/ddc6123c-04c7-442a-b19a-6dbcb3e229b8/current/log_inprogress_1
2019-09-28 01:22:14,986 [grpc-default-executor-6] WARN  server.GrpcLogAppender (LogUtils.java:warn(134)) - 1966a829-263f-4752-b717-080d3fe051ab@group-6DBCB3E229B8->01a90e73-792d-4935-bbf3-5d3894bf13f0-AppendLogResponseHandler: Failed appendEntries: org.apache.ratis.thirdparty.io.grpc.StatusRuntimeException: UNAVAILABLE: io exception
2019-09-28 01:22:14,986 [grpc-default-executor-6] INFO  impl.FollowerInfo (FollowerInfo.java:lambda$new$0(51)) - 1966a829-263f-4752-b717-080d3fe051ab@group-6DBCB3E229B8->01a90e73-792d-4935-bbf3-5d3894bf13f0: nextIndex: updateUnconditionally 1 -> 0
2019-09-28 01:22:14,991 [grpc-default-executor-5] WARN  server.GrpcLogAppender (LogUtils.java:warn(134)) - 1966a829-263f-4752-b717-080d3fe051ab@group-6DBCB3E229B8->01a90e73-792d-4935-bbf3-5d3894bf13f0-AppendLogResponseHandler: Failed appendEntries: org.apache.ratis.thirdparty.io.grpc.StatusRuntimeException: UNAVAILABLE: io exception
2019-09-28 01:22:14,991 [grpc-default-executor-5] INFO  impl.FollowerInfo (FollowerInfo.java:lambda$new$0(51)) - 1966a829-263f-4752-b717-080d3fe051ab@group-6DBCB3E229B8->01a90e73-792d-4935-bbf3-5d3894bf13f0: nextIndex: updateUnconditionally 1 -> 0
2019-09-28 01:22:15,269 [grpc-default-executor-5] WARN  server.GrpcLogAppender (LogUtils.java:warn(134)) - 1718a6b7-a807-47b2-9e97-09209d9c5800@group-D9D741084385->ab3cf4df-5976-458c-b5c2-4cdf8c4d91de-AppendLogResponseHandler: Failed appendEntries: org.apache.ratis.thirdparty.io.grpc.StatusRuntimeException: UNAVAILABLE: io exception
2019-09-28 01:22:15,269 [grpc-default-executor-5] INFO  impl.FollowerInfo (FollowerInfo.java:lambda$new$0(51)) - 1718a6b7-a807-47b2-9e97-09209d9c5800@group-D9D741084385->ab3cf4df-5976-458c-b5c2-4cdf8c4d91de: nextIndex: updateUnconditionally 0 -> 0
2019-09-28 01:22:15,269 [grpc-default-executor-6] WARN  server.GrpcLogAppender (LogUtils.java:warn(134)) - 584b1f9e-1c1b-443b-8e2e-a6c41c3b24d1@group-4C9F0EF89CA4->2f116fb9-3359-4137-b08e-444c3348f2a5-AppendLogResponseHandler: Failed appendEntries: org.apache.ratis.thirdparty.io.grpc.StatusRuntimeException: UNAVAILABLE: io exception
2019-09-28 01:22:15,270 [grpc-default-executor-6] INFO  impl.FollowerInfo (FollowerInfo.java:lambda$new$0(51)) - 584b1f9e-1c1b-443b-8e2e-a6c41c3b24d1@group-4C9F0EF89CA4->2f116fb9-3359-4137-b08e-444c3348f2a5: nextIndex: updateUnconditionally 0 -> 0
2019-09-28 01:22:15,495 [grpc-default-executor-0] WARN  server.GrpcLogAppender (LogUtils.java:warn(134)) - 1966a829-263f-4752-b717-080d3fe051ab@group-6DBCB3E229B8->01a90e73-792d-4935-bbf3-5d3894bf13f0-AppendLogResponseHandler: Failed appendEntries: org.apache.ratis.thirdparty.io.grpc.StatusRuntimeException: UNAVAILABLE: io exception
2019-09-28 01:22:15,495 [grpc-default-executor-0] INFO  impl.FollowerInfo (FollowerInfo.java:lambda$new$0(51)) - 1966a829-263f-4752-b717-080d3fe051ab@group-6DBCB3E229B8->01a90e73-792d-4935-bbf3-5d3894bf13f0: nextIndex: updateUnconditionally 0 -> 0
2019-09-28 01:22:15,770 [grpc-default-executor-0] WARN  server.GrpcLogAppender (LogUtils.java:warn(134)) - 1718a6b7-a807-47b2-9e97-09209d9c5800@group-D9D741084385->ab3cf4df-5976-458c-b5c2-4cdf8c4d91de-AppendLogResponseHandler: Failed appendEntries: org.apache.ratis.thirdparty.io.grpc.StatusRuntimeException: UNAVAILABLE: io exception
2019-09-28 01:22:15,770 [grpc-default-executor-9] WARN  server.GrpcLogAppender (LogUtils.java:warn(134)) - 584b1f9e-1c1b-443b-8e2e-a6c41c3b24d1@group-4C9F0EF89CA4->2f116fb9-3359-4137-b08e-444c3348f2a5-AppendLogResponseHandler: Failed appendEntries: org.apache.ratis.thirdparty.io.grpc.StatusRuntimeException: UNAVAILABLE: io exception
2019-09-28 01:22:15,770 [grpc-default-executor-0] INFO  impl.FollowerInfo (FollowerInfo.java:lambda$new$0(51)) - 1718a6b7-a807-47b2-9e97-09209d9c5800@group-D9D741084385->ab3cf4df-5976-458c-b5c2-4cdf8c4d91de: nextIndex: updateUnconditionally 0 -> 0
2019-09-28 01:22:15,771 [grpc-default-executor-9] INFO  impl.FollowerInfo (FollowerInfo.java:lambda$new$0(51)) - 584b1f9e-1c1b-443b-8e2e-a6c41c3b24d1@group-4C9F0EF89CA4->2f116fb9-3359-4137-b08e-444c3348f2a5: nextIndex: updateUnconditionally 0 -> 0
2019-09-28 01:22:15,993 [grpc-default-executor-9] WARN  server.GrpcLogAppender (LogUtils.java:warn(134)) - 1966a829-263f-4752-b717-080d3fe051ab@group-6DBCB3E229B8->01a90e73-792d-4935-bbf3-5d3894bf13f0-AppendLogResponseHandler: Failed appendEntries: org.apache.ratis.thirdparty.io.grpc.StatusRuntimeException: UNAVAILABLE: io exception
2019-09-28 01:22:15,993 [grpc-default-executor-9] INFO  impl.FollowerInfo (FollowerInfo.java:lambda$new$0(51)) - 1966a829-263f-4752-b717-080d3fe051ab@group-6DBCB3E229B8->01a90e73-792d-4935-bbf3-5d3894bf13f0: nextIndex: updateUnconditionally 0 -> 0
2019-09-28 01:22:16,270 [grpc-default-executor-9] WARN  server.GrpcLogAppender (LogUtils.java:warn(134)) - 1718a6b7-a807-47b2-9e97-09209d9c5800@group-D9D741084385->ab3cf4df-5976-458c-b5c2-4cdf8c4d91de-AppendLogResponseHandler: Failed appendEntries: org.apache.ratis.thirdparty.io.grpc.StatusRuntimeException: UNAVAILABLE: io exception
2019-09-28 01:22:16,271 [grpc-default-executor-9] INFO  impl.FollowerInfo (FollowerInfo.java:lambda$new$0(51)) - 1718a6b7-a807-47b2-9e97-09209d9c5800@group-D9D741084385->ab3cf4df-5976-458c-b5c2-4cdf8c4d91de: nextIndex: updateUnconditionally 0 -> 0
2019-09-28 01:22:16,271 [grpc-default-executor-6] WARN  server.GrpcLogAppender (LogUtils.java:warn(134)) - 584b1f9e-1c1b-443b-8e2e-a6c41c3b24d1@group-4C9F0EF89CA4->2f116fb9-3359-4137-b08e-444c3348f2a5-AppendLogResponseHandler: Failed appendEntries: org.apache.ratis.thirdparty.io.grpc.StatusRuntimeException: UNAVAILABLE: io exception
2019-09-28 01:22:16,272 [grpc-default-executor-6] INFO  impl.FollowerInfo (FollowerInfo.java:lambda$new$0(51)) - 584b1f9e-1c1b-443b-8e2e-a6c41c3b24d1@group-4C9F0EF89CA4->2f116fb9-3359-4137-b08e-444c3348f2a5: nextIndex: updateUnconditionally 0 -> 0
2019-09-28 01:22:16,492 [grpc-default-executor-9] WARN  server.GrpcLogAppender (LogUtils.java:warn(134)) - 1966a829-263f-4752-b717-080d3fe051ab@group-6DBCB3E229B8->01a90e73-792d-4935-bbf3-5d3894bf13f0-AppendLogResponseHandler: Failed appendEntries: org.apache.ratis.thirdparty.io.grpc.StatusRuntimeException: UNAVAILABLE: io exception
2019-09-28 01:22:16,493 [grpc-default-executor-9] INFO  impl.FollowerInfo (FollowerInfo.java:lambda$new$0(51)) - 1966a829-263f-4752-b717-080d3fe051ab@group-6DBCB3E229B8->01a90e73-792d-4935-bbf3-5d3894bf13f0: nextIndex: updateUnconditionally 0 -> 0
2019-09-28 01:22:16,771 [grpc-default-executor-9] WARN  server.GrpcLogAppender (LogUtils.java:warn(134)) - 1718a6b7-a807-47b2-9e97-09209d9c5800@group-D9D741084385->ab3cf4df-5976-458c-b5c2-4cdf8c4d91de-AppendLogResponseHandler: Failed appendEntries: org.apache.ratis.thirdparty.io.grpc.StatusRuntimeException: UNAVAILABLE: io exception
2019-09-28 01:22:16,772 [grpc-default-executor-9] INFO  impl.FollowerInfo (FollowerInfo.java:lambda$new$0(51)) - 1718a6b7-a807-47b2-9e97-09209d9c5800@group-D9D741084385->ab3cf4df-5976-458c-b5c2-4cdf8c4d91de: nextIndex: updateUnconditionally 0 -> 0
2019-09-28 01:22:16,772 [grpc-default-executor-5] WARN  server.GrpcLogAppender (LogUtils.java:warn(134)) - 584b1f9e-1c1b-443b-8e2e-a6c41c3b24d1@group-4C9F0EF89CA4->2f116fb9-3359-4137-b08e-444c3348f2a5-AppendLogResponseHandler: Failed appendEntries: org.apache.ratis.thirdparty.io.grpc.StatusRuntimeException: UNAVAILABLE: io exception
2019-09-28 01:22:16,772 [grpc-default-executor-5] INFO  impl.FollowerInfo (FollowerInfo.java:lambda$new$0(51)) - 584b1f9e-1c1b-443b-8e2e-a6c41c3b24d1@group-4C9F0EF89CA4->2f116fb9-3359-4137-b08e-444c3348f2a5: nextIndex: updateUnconditionally 0 -> 0
2019-09-28 01:22:16,994 [grpc-default-executor-0] WARN  server.GrpcLogAppender (LogUtils.java:warn(134)) - 1966a829-263f-4752-b717-080d3fe051ab@group-6DBCB3E229B8->01a90e73-792d-4935-bbf3-5d3894bf13f0-AppendLogResponseHandler: Failed appendEntries: org.apache.ratis.thirdparty.io.grpc.StatusRuntimeException: UNAVAILABLE: io exception
2019-09-28 01:22:16,994 [grpc-default-executor-0] INFO  impl.FollowerInfo (FollowerInfo.java:lambda$new$0(51)) - 1966a829-263f-4752-b717-080d3fe051ab@group-6DBCB3E229B8->01a90e73-792d-4935-bbf3-5d3894bf13f0: nextIndex: updateUnconditionally 0 -> 0
2019-09-28 01:22:17,272 [grpc-default-executor-0] WARN  server.GrpcLogAppender (LogUtils.java:warn(134)) - 1718a6b7-a807-47b2-9e97-09209d9c5800@group-D9D741084385->ab3cf4df-5976-458c-b5c2-4cdf8c4d91de-AppendLogResponseHandler: Failed appendEntries: org.apache.ratis.thirdparty.io.grpc.StatusRuntimeException: UNAVAILABLE: io exception
2019-09-28 01:22:17,272 [grpc-default-executor-0] INFO  impl.FollowerInfo (FollowerInfo.java:lambda$new$0(51)) - 1718a6b7-a807-47b2-9e97-09209d9c5800@group-D9D741084385->ab3cf4df-5976-458c-b5c2-4cdf8c4d91de: nextIndex: updateUnconditionally 0 -> 0
2019-09-28 01:22:17,273 [grpc-default-executor-6] WARN  server.GrpcLogAppender (LogUtils.java:warn(134)) - 584b1f9e-1c1b-443b-8e2e-a6c41c3b24d1@group-4C9F0EF89CA4->2f116fb9-3359-4137-b08e-444c3348f2a5-AppendLogResponseHandler: Failed appendEntries: org.apache.ratis.thirdparty.io.grpc.StatusRuntimeException: UNAVAILABLE: io exception
2019-09-28 01:22:17,273 [grpc-default-executor-6] INFO  impl.FollowerInfo (FollowerInfo.java:lambda$new$0(51)) - 584b1f9e-1c1b-443b-8e2e-a6c41c3b24d1@group-4C9F0EF89CA4->2f116fb9-3359-4137-b08e-444c3348f2a5: nextIndex: updateUnconditionally 0 -> 0
2019-09-28 01:22:17,494 [grpc-default-executor-9] WARN  server.GrpcLogAppender (LogUtils.java:warn(134)) - 1966a829-263f-4752-b717-080d3fe051ab@group-6DBCB3E229B8->01a90e73-792d-4935-bbf3-5d3894bf13f0-AppendLogResponseHandler: Failed appendEntries: org.apache.ratis.thirdparty.io.grpc.StatusRuntimeException: UNAVAILABLE: io exception
2019-09-28 01:22:17,495 [grpc-default-executor-9] INFO  impl.FollowerInfo (FollowerInfo.java:lambda$new$0(51)) - 1966a829-263f-4752-b717-080d3fe051ab@group-6DBCB3E229B8->01a90e73-792d-4935-bbf3-5d3894bf13f0: nextIndex: updateUnconditionally 0 -> 0
2019-09-28 01:22:17,772 [grpc-default-executor-0] WARN  server.GrpcLogAppender (LogUtils.java:warn(134)) - 1718a6b7-a807-47b2-9e97-09209d9c5800@group-D9D741084385->ab3cf4df-5976-458c-b5c2-4cdf8c4d91de-AppendLogResponseHandler: Failed appendEntries: org.apache.ratis.thirdparty.io.grpc.StatusRuntimeException: UNAVAILABLE: io exception
2019-09-28 01:22:17,773 [grpc-default-executor-5] WARN  server.GrpcLogAppender (LogUtils.java:warn(134)) - 584b1f9e-1c1b-443b-8e2e-a6c41c3b24d1@group-4C9F0EF89CA4->2f116fb9-3359-4137-b08e-444c3348f2a5-AppendLogResponseHandler: Failed appendEntries: org.apache.ratis.thirdparty.io.grpc.StatusRuntimeException: UNAVAILABLE: io exception
2019-09-28 01:22:17,773 [grpc-default-executor-0] INFO  impl.FollowerInfo (FollowerInfo.java:lambda$new$0(51)) - 1718a6b7-a807-47b2-9e97-09209d9c5800@group-D9D741084385->ab3cf4df-5976-458c-b5c2-4cdf8c4d91de: nextIndex: updateUnconditionally 0 -> 0
2019-09-28 01:22:17,773 [grpc-default-executor-5] INFO  impl.FollowerInfo (FollowerInfo.java:lambda$new$0(51)) - 584b1f9e-1c1b-443b-8e2e-a6c41c3b24d1@group-4C9F0EF89CA4->2f116fb9-3359-4137-b08e-444c3348f2a5: nextIndex: updateUnconditionally 0 -> 0
2019-09-28 01:22:17,995 [grpc-default-executor-5] WARN  server.GrpcLogAppender (LogUtils.java:warn(134)) - 1966a829-263f-4752-b717-080d3fe051ab@group-6DBCB3E229B8->01a90e73-792d-4935-bbf3-5d3894bf13f0-AppendLogResponseHandler: Failed appendEntries: org.apache.ratis.thirdparty.io.grpc.StatusRuntimeException: UNAVAILABLE: io exception
2019-09-28 01:22:17,996 [grpc-default-executor-5] INFO  impl.FollowerInfo (FollowerInfo.java:lambda$new$0(51)) - 1966a829-263f-4752-b717-080d3fe051ab@group-6DBCB3E229B8->01a90e73-792d-4935-bbf3-5d3894bf13f0: nextIndex: updateUnconditionally 0 -> 0
2019-09-28 01:22:18,273 [grpc-default-executor-9] WARN  server.GrpcLogAppender (LogUtils.java:warn(134)) - 1718a6b7-a807-47b2-9e97-09209d9c5800@group-D9D741084385->ab3cf4df-5976-458c-b5c2-4cdf8c4d91de-AppendLogResponseHandler: Failed appendEntries: org.apache.ratis.thirdparty.io.grpc.StatusRuntimeException: UNAVAILABLE: io exception
2019-09-28 01:22:18,274 [grpc-default-executor-6] WARN  server.GrpcLogAppender (LogUtils.java:warn(134)) - 584b1f9e-1c1b-443b-8e2e-a6c41c3b24d1@group-4C9F0EF89CA4->2f116fb9-3359-4137-b08e-444c3348f2a5-AppendLogResponseHandler: Failed appendEntries: org.apache.ratis.thirdparty.io.grpc.StatusRuntimeException: UNAVAILABLE: io exception
2019-09-28 01:22:18,274 [grpc-default-executor-9] INFO  impl.FollowerInfo (FollowerInfo.java:lambda$new$0(51)) - 1718a6b7-a807-47b2-9e97-09209d9c5800@group-D9D741084385->ab3cf4df-5976-458c-b5c2-4cdf8c4d91de: nextIndex: updateUnconditionally 0 -> 0
2019-09-28 01:22:18,274 [grpc-default-executor-6] INFO  impl.FollowerInfo (FollowerInfo.java:lambda$new$0(51)) - 584b1f9e-1c1b-443b-8e2e-a6c41c3b24d1@group-4C9F0EF89CA4->2f116fb9-3359-4137-b08e-444c3348f2a5: nextIndex: updateUnconditionally 0 -> 0
2019-09-28 01:22:18,390 [main] INFO  ozoneimpl.OzoneContainer (OzoneContainer.java:stop(231)) - Attempting to stop container services.
2019-09-28 01:22:18,390 [main] INFO  impl.RaftServerProxy (RaftServerProxy.java:lambda$close$4(314)) - 1966a829-263f-4752-b717-080d3fe051ab: close
2019-09-28 01:22:18,391 [main] INFO  impl.RaftServerImpl (RaftServerImpl.java:lambda$shutdown$3(251)) - 1966a829-263f-4752-b717-080d3fe051ab@group-4DC6CF445378: shutdown
2019-09-28 01:22:18,391 [main] INFO  util.JmxRegister (JmxRegister.java:unregister(73)) - Successfully un-registered JMX Bean with object name Ratis:service=RaftServer,group=group-4DC6CF445378,id=1966a829-263f-4752-b717-080d3fe051ab
2019-09-28 01:22:18,392 [main] INFO  impl.RoleInfo (RoleInfo.java:shutdownLeaderState(104)) - 1966a829-263f-4752-b717-080d3fe051ab: shutdown LeaderState
2019-09-28 01:22:18,392 [main] INFO  impl.PendingRequests (PendingRequests.java:sendNotLeaderResponses(202)) - 1966a829-263f-4752-b717-080d3fe051ab-PendingRequests: sendNotLeaderResponses
2019-09-28 01:22:18,393 [main] INFO  impl.StateMachineUpdater (StateMachineUpdater.java:stopAndJoin(125)) - 1966a829-263f-4752-b717-080d3fe051ab@group-4DC6CF445378-StateMachineUpdater: set stopIndex = 0
2019-09-28 01:22:18,393 [main] INFO  impl.RaftServerImpl (ServerState.java:close(385)) - 1966a829-263f-4752-b717-080d3fe051ab@group-4DC6CF445378: closes. applyIndex: 0
2019-09-28 01:22:18,394 [1966a829-263f-4752-b717-080d3fe051ab@group-4DC6CF445378-SegmentedRaftLogWorker] INFO  segmented.SegmentedRaftLogWorker (SegmentedRaftLogWorker.java:run(313)) - 1966a829-263f-4752-b717-080d3fe051ab@group-4DC6CF445378-SegmentedRaftLogWorker was interrupted, exiting. There are 0 tasks remaining in the queue.
2019-09-28 01:22:18,397 [main] INFO  segmented.SegmentedRaftLogWorker (SegmentedRaftLogWorker.java:close(228)) - 1966a829-263f-4752-b717-080d3fe051ab@group-4DC6CF445378-SegmentedRaftLogWorker close()
2019-09-28 01:22:18,400 [main] INFO  impl.RaftServerImpl (RaftServerImpl.java:lambda$shutdown$3(251)) - 1966a829-263f-4752-b717-080d3fe051ab@group-6DBCB3E229B8: shutdown
2019-09-28 01:22:18,400 [main] INFO  util.JmxRegister (JmxRegister.java:unregister(73)) - Successfully un-registered JMX Bean with object name Ratis:service=RaftServer,group=group-6DBCB3E229B8,id=1966a829-263f-4752-b717-080d3fe051ab
2019-09-28 01:22:18,401 [main] INFO  impl.RoleInfo (RoleInfo.java:shutdownLeaderState(104)) - 1966a829-263f-4752-b717-080d3fe051ab: shutdown LeaderState
2019-09-28 01:22:18,403 [org.apache.ratis.server.impl.LogAppender$AppenderDaemon$$Lambda$428/1278375776@4124e0fb] WARN  server.GrpcLogAppender (GrpcLogAppender.java:mayWait(143)) - 1966a829-263f-4752-b717-080d3fe051ab@group-6DBCB3E229B8->01a90e73-792d-4935-bbf3-5d3894bf13f0-GrpcLogAppender: Wait interrupted by java.lang.InterruptedException
2019-09-28 01:22:18,405 [main] INFO  impl.PendingRequests (PendingRequests.java:sendNotLeaderResponses(202)) - 1966a829-263f-4752-b717-080d3fe051ab-PendingRequests: sendNotLeaderResponses
2019-09-28 01:22:18,405 [org.apache.ratis.server.impl.LogAppender$AppenderDaemon$$Lambda$428/1278375776@17a477d2] WARN  server.GrpcLogAppender (GrpcLogAppender.java:mayWait(143)) - 1966a829-263f-4752-b717-080d3fe051ab@group-6DBCB3E229B8->6882fb80-f7ef-4730-ad10-ebcfa4f7520d-GrpcLogAppender: Wait interrupted by java.lang.InterruptedException
2019-09-28 01:22:18,408 [main] INFO  impl.StateMachineUpdater (StateMachineUpdater.java:stopAndJoin(125)) - 1966a829-263f-4752-b717-080d3fe051ab@group-6DBCB3E229B8-StateMachineUpdater: set stopIndex = 2
2019-09-28 01:22:18,408 [main] INFO  impl.RaftServerImpl (ServerState.java:close(385)) - 1966a829-263f-4752-b717-080d3fe051ab@group-6DBCB3E229B8: closes. applyIndex: 2
2019-09-28 01:22:18,408 [grpc-default-executor-9] INFO  server.GrpcServerProtocolService (GrpcServerProtocolService.java:onCompleted(113)) - 6882fb80-f7ef-4730-ad10-ebcfa4f7520d: Completed APPEND_ENTRIES, lastRequest: 1966a829-263f-4752-b717-080d3fe051ab->6882fb80-f7ef-4730-ad10-ebcfa4f7520d#8-t2, previous=(t:2, i:2), leaderCommit=2, initializing? false, entries: <empty>
2019-09-28 01:22:18,409 [1966a829-263f-4752-b717-080d3fe051ab@group-6DBCB3E229B8-SegmentedRaftLogWorker] INFO  segmented.SegmentedRaftLogWorker (SegmentedRaftLogWorker.java:run(313)) - 1966a829-263f-4752-b717-080d3fe051ab@group-6DBCB3E229B8-SegmentedRaftLogWorker was interrupted, exiting. There are 0 tasks remaining in the queue.
2019-09-28 01:22:18,408 [ForkJoinPool.commonPool-worker-0] INFO  ozoneimpl.OzoneContainer (OzoneContainer.java:stop(231)) - Attempting to stop container services.
2019-09-28 01:22:18,411 [main] INFO  segmented.SegmentedRaftLogWorker (SegmentedRaftLogWorker.java:close(228)) - 1966a829-263f-4752-b717-080d3fe051ab@group-6DBCB3E229B8-SegmentedRaftLogWorker close()
2019-09-28 01:22:18,412 [grpc-default-executor-9] INFO  server.GrpcLogAppender (GrpcLogAppender.java:onCompleted(293)) - 1966a829-263f-4752-b717-080d3fe051ab@group-6DBCB3E229B8->6882fb80-f7ef-4730-ad10-ebcfa4f7520d-AppendLogResponseHandler: follower responses appendEntries COMPLETED
2019-09-28 01:22:18,411 [ForkJoinPool.commonPool-worker-0] INFO  impl.RaftServerProxy (RaftServerProxy.java:lambda$close$4(314)) - 9ab63732-2b11-4d45-b3bd-cb418bdaf76f: close
2019-09-28 01:22:18,414 [grpc-default-executor-9] INFO  impl.FollowerInfo (FollowerInfo.java:lambda$new$0(51)) - 1966a829-263f-4752-b717-080d3fe051ab@group-6DBCB3E229B8->6882fb80-f7ef-4730-ad10-ebcfa4f7520d: nextIndex: updateUnconditionally 3 -> 2
2019-09-28 01:22:18,414 [main] INFO  server.GrpcService (GrpcService.java:closeImpl(164)) - 1966a829-263f-4752-b717-080d3fe051ab: shutdown server with port 34214 now
2019-09-28 01:22:18,414 [ForkJoinPool.commonPool-worker-0] INFO  impl.RaftServerImpl (RaftServerImpl.java:lambda$shutdown$3(251)) - 9ab63732-2b11-4d45-b3bd-cb418bdaf76f@group-5030209AB1C2: shutdown
2019-09-28 01:22:18,415 [ForkJoinPool.commonPool-worker-0] INFO  util.JmxRegister (JmxRegister.java:unregister(73)) - Successfully un-registered JMX Bean with object name Ratis:service=RaftServer,group=group-5030209AB1C2,id=9ab63732-2b11-4d45-b3bd-cb418bdaf76f
2019-09-28 01:22:18,415 [main] INFO  server.GrpcService (GrpcService.java:closeImpl(172)) - 1966a829-263f-4752-b717-080d3fe051ab: shutdown server with port 34214 successfully
2019-09-28 01:22:18,416 [ForkJoinPool.commonPool-worker-0] INFO  impl.RoleInfo (RoleInfo.java:shutdownLeaderState(104)) - 9ab63732-2b11-4d45-b3bd-cb418bdaf76f: shutdown LeaderState
2019-09-28 01:22:18,416 [ForkJoinPool.commonPool-worker-0] INFO  impl.PendingRequests (PendingRequests.java:sendNotLeaderResponses(202)) - 9ab63732-2b11-4d45-b3bd-cb418bdaf76f-PendingRequests: sendNotLeaderResponses
2019-09-28 01:22:18,417 [ForkJoinPool.commonPool-worker-0] INFO  impl.StateMachineUpdater (StateMachineUpdater.java:stopAndJoin(125)) - 9ab63732-2b11-4d45-b3bd-cb418bdaf76f@group-5030209AB1C2-StateMachineUpdater: set stopIndex = 0
2019-09-28 01:22:18,418 [ForkJoinPool.commonPool-worker-0] INFO  impl.RaftServerImpl (ServerState.java:close(385)) - 9ab63732-2b11-4d45-b3bd-cb418bdaf76f@group-5030209AB1C2: closes. applyIndex: 0
2019-09-28 01:22:18,418 [refreshUsed-/workdir/hadoop-ozone/integration-test/target/test-dir/MiniOzoneClusterImpl-af2566c7-5146-4045-9885-51dcdbd53a0d/datanode-8/data/containers] WARN  fs.CachingGetSpaceUsed (CachingGetSpaceUsed.java:run(183)) - Thread Interrupted waiting to refresh disk information: sleep interrupted
2019-09-28 01:22:18,418 [9ab63732-2b11-4d45-b3bd-cb418bdaf76f@group-5030209AB1C2-SegmentedRaftLogWorker] INFO  segmented.SegmentedRaftLogWorker (SegmentedRaftLogWorker.java:run(313)) - 9ab63732-2b11-4d45-b3bd-cb418bdaf76f@group-5030209AB1C2-SegmentedRaftLogWorker was interrupted, exiting. There are 0 tasks remaining in the queue.
2019-09-28 01:22:18,421 [ForkJoinPool.commonPool-worker-0] INFO  segmented.SegmentedRaftLogWorker (SegmentedRaftLogWorker.java:close(228)) - 9ab63732-2b11-4d45-b3bd-cb418bdaf76f@group-5030209AB1C2-SegmentedRaftLogWorker close()
2019-09-28 01:22:18,433 [ForkJoinPool.commonPool-worker-0] INFO  impl.RaftServerImpl (RaftServerImpl.java:lambda$shutdown$3(251)) - 9ab63732-2b11-4d45-b3bd-cb418bdaf76f@group-4C9F0EF89CA4: shutdown
2019-09-28 01:22:18,433 [ForkJoinPool.commonPool-worker-0] INFO  util.JmxRegister (JmxRegister.java:unregister(73)) - Successfully un-registered JMX Bean with object name Ratis:service=RaftServer,group=group-4C9F0EF89CA4,id=9ab63732-2b11-4d45-b3bd-cb418bdaf76f
2019-09-28 01:22:18,434 [ForkJoinPool.commonPool-worker-0] INFO  impl.RoleInfo (RoleInfo.java:shutdownFollowerState(121)) - 9ab63732-2b11-4d45-b3bd-cb418bdaf76f: shutdown FollowerState
2019-09-28 01:22:18,434 [ForkJoinPool.commonPool-worker-0] INFO  impl.StateMachineUpdater (StateMachineUpdater.java:stopAndJoin(125)) - 9ab63732-2b11-4d45-b3bd-cb418bdaf76f@group-4C9F0EF89CA4-StateMachineUpdater: set stopIndex = 0
2019-09-28 01:22:18,434 [Thread-6256] INFO  impl.FollowerState (FollowerState.java:run(115)) - 9ab63732-2b11-4d45-b3bd-cb418bdaf76f: FollowerState was interrupted: java.lang.InterruptedException: sleep interrupted
2019-09-28 01:22:18,435 [ForkJoinPool.commonPool-worker-0] INFO  impl.RaftServerImpl (ServerState.java:close(385)) - 9ab63732-2b11-4d45-b3bd-cb418bdaf76f@group-4C9F0EF89CA4: closes. applyIndex: 0
2019-09-28 01:22:18,437 [9ab63732-2b11-4d45-b3bd-cb418bdaf76f@group-4C9F0EF89CA4-SegmentedRaftLogWorker] INFO  segmented.SegmentedRaftLogWorker (SegmentedRaftLogWorker.java:run(313)) - 9ab63732-2b11-4d45-b3bd-cb418bdaf76f@group-4C9F0EF89CA4-SegmentedRaftLogWorker was interrupted, exiting. There are 0 tasks remaining in the queue.
2019-09-28 01:22:18,437 [ForkJoinPool.commonPool-worker-0] INFO  segmented.SegmentedRaftLogWorker (SegmentedRaftLogWorker.java:close(228)) - 9ab63732-2b11-4d45-b3bd-cb418bdaf76f@group-4C9F0EF89CA4-SegmentedRaftLogWorker close()
2019-09-28 01:22:18,438 [ForkJoinPool.commonPool-worker-0] INFO  server.GrpcService (GrpcService.java:closeImpl(164)) - 9ab63732-2b11-4d45-b3bd-cb418bdaf76f: shutdown server with port 37446 now
2019-09-28 01:22:18,439 [grpc-default-executor-6] WARN  server.GrpcServerProtocolService (LogUtils.java:warn(134)) - 9ab63732-2b11-4d45-b3bd-cb418bdaf76f: installSnapshot onError, lastRequest: 584b1f9e-1c1b-443b-8e2e-a6c41c3b24d1->9ab63732-2b11-4d45-b3bd-cb418bdaf76f#247-t2, previous=(t:2, i:0), leaderCommit=0, initializing? false, entries: <empty>: org.apache.ratis.thirdparty.io.grpc.StatusRuntimeException: CANCELLED: cancelled before receiving half close
2019-09-28 01:22:18,439 [grpc-default-executor-9] WARN  server.GrpcLogAppender (LogUtils.java:warn(134)) - 584b1f9e-1c1b-443b-8e2e-a6c41c3b24d1@group-4C9F0EF89CA4->9ab63732-2b11-4d45-b3bd-cb418bdaf76f-AppendLogResponseHandler: Failed appendEntries: org.apache.ratis.thirdparty.io.grpc.StatusRuntimeException: CANCELLED: HTTP/2 error code: CANCEL
Received Rst Stream
2019-09-28 01:22:18,439 [ForkJoinPool.commonPool-worker-0] INFO  server.GrpcService (GrpcService.java:closeImpl(172)) - 9ab63732-2b11-4d45-b3bd-cb418bdaf76f: shutdown server with port 37446 successfully
2019-09-28 01:22:18,439 [grpc-default-executor-9] INFO  impl.FollowerInfo (FollowerInfo.java:lambda$new$0(51)) - 584b1f9e-1c1b-443b-8e2e-a6c41c3b24d1@group-4C9F0EF89CA4->9ab63732-2b11-4d45-b3bd-cb418bdaf76f: nextIndex: updateUnconditionally 1 -> 0
2019-09-28 01:22:18,442 [refreshUsed-/workdir/hadoop-ozone/integration-test/target/test-dir/MiniOzoneClusterImpl-af2566c7-5146-4045-9885-51dcdbd53a0d/datanode-4/data/containers] WARN  fs.CachingGetSpaceUsed (CachingGetSpaceUsed.java:run(183)) - Thread Interrupted waiting to refresh disk information: sleep interrupted
2019-09-28 01:22:18,453 [main] INFO  utils.BackgroundService (BackgroundService.java:shutdown(148)) - Shutting down service BlockDeletingService
2019-09-28 01:22:18,459 [main] INFO  statemachine.DatanodeStateMachine (DatanodeStateMachine.java:stopDaemon(395)) - Ozone container server stopped.
2019-09-28 01:22:18,460 [main] INFO  handler.ContextHandler (ContextHandler.java:doStop(910)) - Stopped o.e.j.w.WebAppContext@39266403{/,null,UNAVAILABLE}{/hddsDatanode}
2019-09-28 01:22:18,461 [main] INFO  server.AbstractConnector (AbstractConnector.java:doStop(318)) - Stopped ServerConnector@74b00247{HTTP/1.1,[http/1.1]}{0.0.0.0:0}
2019-09-28 01:22:18,461 [main] INFO  handler.ContextHandler (ContextHandler.java:doStop(910)) - Stopped o.e.j.s.ServletContextHandler@58b311ba{/static,jar:file:/home/user/.m2/repository/org/apache/hadoop/hadoop-hdds-container-service/0.5.0-SNAPSHOT/hadoop-hdds-container-service-0.5.0-SNAPSHOT.jar!/webapps/static,UNAVAILABLE}
2019-09-28 01:22:18,462 [main] INFO  handler.ContextHandler (ContextHandler.java:doStop(910)) - Stopped o.e.j.s.ServletContextHandler@1a14fdf0{/logs,file:///workdir/hadoop-ozone/integration-test/target/log,UNAVAILABLE}
2019-09-28 01:22:18,467 [ForkJoinPool.commonPool-worker-0] INFO  utils.BackgroundService (BackgroundService.java:shutdown(148)) - Shutting down service BlockDeletingService
2019-09-28 01:22:18,471 [ForkJoinPool.commonPool-worker-0] INFO  statemachine.DatanodeStateMachine (DatanodeStateMachine.java:stopDaemon(395)) - Ozone container server stopped.
2019-09-28 01:22:18,475 [ForkJoinPool.commonPool-worker-0] INFO  handler.ContextHandler (ContextHandler.java:doStop(910)) - Stopped o.e.j.w.WebAppContext@19f02280{/,null,UNAVAILABLE}{/hddsDatanode}
2019-09-28 01:22:18,476 [ForkJoinPool.commonPool-worker-0] INFO  server.AbstractConnector (AbstractConnector.java:doStop(318)) - Stopped ServerConnector@1e30db85{HTTP/1.1,[http/1.1]}{0.0.0.0:0}
2019-09-28 01:22:18,477 [ForkJoinPool.commonPool-worker-0] INFO  handler.ContextHandler (ContextHandler.java:doStop(910)) - Stopped o.e.j.s.ServletContextHandler@6de004f1{/static,jar:file:/home/user/.m2/repository/org/apache/hadoop/hadoop-hdds-container-service/0.5.0-SNAPSHOT/hadoop-hdds-container-service-0.5.0-SNAPSHOT.jar!/webapps/static,UNAVAILABLE}
2019-09-28 01:22:18,477 [ForkJoinPool.commonPool-worker-0] INFO  handler.ContextHandler (ContextHandler.java:doStop(910)) - Stopped o.e.j.s.ServletContextHandler@1472208d{/logs,file:///workdir/hadoop-ozone/integration-test/target/log,UNAVAILABLE}
2019-09-28 01:22:18,774 [grpc-default-executor-5] WARN  server.GrpcLogAppender (LogUtils.java:warn(134)) - 1718a6b7-a807-47b2-9e97-09209d9c5800@group-D9D741084385->ab3cf4df-5976-458c-b5c2-4cdf8c4d91de-AppendLogResponseHandler: Failed appendEntries: org.apache.ratis.thirdparty.io.grpc.StatusRuntimeException: UNAVAILABLE: io exception
2019-09-28 01:22:18,774 [grpc-default-executor-6] WARN  server.GrpcLogAppender (LogUtils.java:warn(134)) - 584b1f9e-1c1b-443b-8e2e-a6c41c3b24d1@group-4C9F0EF89CA4->2f116fb9-3359-4137-b08e-444c3348f2a5-AppendLogResponseHandler: Failed appendEntries: org.apache.ratis.thirdparty.io.grpc.StatusRuntimeException: UNAVAILABLE: io exception
2019-09-28 01:22:18,775 [grpc-default-executor-5] INFO  impl.FollowerInfo (FollowerInfo.java:lambda$new$0(51)) - 1718a6b7-a807-47b2-9e97-09209d9c5800@group-D9D741084385->ab3cf4df-5976-458c-b5c2-4cdf8c4d91de: nextIndex: updateUnconditionally 0 -> 0
2019-09-28 01:22:18,775 [grpc-default-executor-6] INFO  impl.FollowerInfo (FollowerInfo.java:lambda$new$0(51)) - 584b1f9e-1c1b-443b-8e2e-a6c41c3b24d1@group-4C9F0EF89CA4->2f116fb9-3359-4137-b08e-444c3348f2a5: nextIndex: updateUnconditionally 0 -> 0
2019-09-28 01:22:18,799 [grpc-default-executor-9] WARN  server.GrpcLogAppender (LogUtils.java:warn(134)) - 584b1f9e-1c1b-443b-8e2e-a6c41c3b24d1@group-4C9F0EF89CA4->9ab63732-2b11-4d45-b3bd-cb418bdaf76f-AppendLogResponseHandler: Failed appendEntries: org.apache.ratis.thirdparty.io.grpc.StatusRuntimeException: UNAVAILABLE: io exception
2019-09-28 01:22:18,799 [grpc-default-executor-9] INFO  impl.FollowerInfo (FollowerInfo.java:lambda$new$0(51)) - 584b1f9e-1c1b-443b-8e2e-a6c41c3b24d1@group-4C9F0EF89CA4->9ab63732-2b11-4d45-b3bd-cb418bdaf76f: nextIndex: updateUnconditionally 0 -> 0
2019-09-28 01:22:18,953 [Datanode State Machine Thread - 0] INFO  statemachine.DatanodeStateMachine (DatanodeStateMachine.java:lambda$startDaemon$0(350)) - Ozone container server started.
2019-09-28 01:22:19,252 [Thread-7708] INFO  impl.FollowerState (FollowerState.java:run(106)) - 6882fb80-f7ef-4730-ad10-ebcfa4f7520d:group-6DBCB3E229B8 changes to CANDIDATE, lastRpcTime:1248, electionTimeout:1054ms
2019-09-28 01:22:19,253 [Thread-7708] INFO  impl.RoleInfo (RoleInfo.java:shutdownFollowerState(121)) - 6882fb80-f7ef-4730-ad10-ebcfa4f7520d: shutdown FollowerState
2019-09-28 01:22:19,253 [Thread-7708] INFO  impl.RaftServerImpl (RaftServerImpl.java:setRole(174)) - 6882fb80-f7ef-4730-ad10-ebcfa4f7520d@group-6DBCB3E229B8: changes role from  FOLLOWER to CANDIDATE at term 2 for changeToCandidate
2019-09-28 01:22:19,253 [Thread-7708] INFO  impl.RoleInfo (RoleInfo.java:updateAndGet(143)) - 6882fb80-f7ef-4730-ad10-ebcfa4f7520d: start LeaderElection
2019-09-28 01:22:19,254 [6882fb80-f7ef-4730-ad10-ebcfa4f7520d@group-6DBCB3E229B8:LeaderElection129] INFO  impl.RaftServerImpl (ServerState.java:setLeader(253)) - 6882fb80-f7ef-4730-ad10-ebcfa4f7520d@group-6DBCB3E229B8: change Leader from 1966a829-263f-4752-b717-080d3fe051ab to null at term 2 for initElection
2019-09-28 01:22:19,275 [grpc-default-executor-6] WARN  server.GrpcLogAppender (LogUtils.java:warn(134)) - 584b1f9e-1c1b-443b-8e2e-a6c41c3b24d1@group-4C9F0EF89CA4->2f116fb9-3359-4137-b08e-444c3348f2a5-AppendLogResponseHandler: Failed appendEntries: org.apache.ratis.thirdparty.io.grpc.StatusRuntimeException: UNAVAILABLE: io exception
2019-09-28 01:22:19,275 [grpc-default-executor-8] WARN  server.GrpcLogAppender (LogUtils.java:warn(134)) - 1718a6b7-a807-47b2-9e97-09209d9c5800@group-D9D741084385->ab3cf4df-5976-458c-b5c2-4cdf8c4d91de-AppendLogResponseHandler: Failed appendEntries: org.apache.ratis.thirdparty.io.grpc.StatusRuntimeException: UNAVAILABLE: io exception
2019-09-28 01:22:19,275 [grpc-default-executor-6] INFO  impl.FollowerInfo (FollowerInfo.java:lambda$new$0(51)) - 584b1f9e-1c1b-443b-8e2e-a6c41c3b24d1@group-4C9F0EF89CA4->2f116fb9-3359-4137-b08e-444c3348f2a5: nextIndex: updateUnconditionally 0 -> 0
2019-09-28 01:22:19,276 [grpc-default-executor-8] INFO  impl.FollowerInfo (FollowerInfo.java:lambda$new$0(51)) - 1718a6b7-a807-47b2-9e97-09209d9c5800@group-D9D741084385->ab3cf4df-5976-458c-b5c2-4cdf8c4d91de: nextIndex: updateUnconditionally 0 -> 0
2019-09-28 01:22:19,280 [6882fb80-f7ef-4730-ad10-ebcfa4f7520d@group-6DBCB3E229B8:LeaderElection129] INFO  impl.LeaderElection (LeaderElection.java:askForVotes(182)) - 6882fb80-f7ef-4730-ad10-ebcfa4f7520d@group-6DBCB3E229B8:LeaderElection129: begin an election at term 3 for 1: [01a90e73-792d-4935-bbf3-5d3894bf13f0:192.168.151.82:37184, 1966a829-263f-4752-b717-080d3fe051ab:192.168.151.82:34214, 6882fb80-f7ef-4730-ad10-ebcfa4f7520d:192.168.151.82:39537], old=null
2019-09-28 01:22:19,282 [6882fb80-f7ef-4730-ad10-ebcfa4f7520d@group-6DBCB3E229B8:LeaderElection129] INFO  impl.LeaderElection (LogUtils.java:infoOrTrace(149)) - 6882fb80-f7ef-4730-ad10-ebcfa4f7520d@group-6DBCB3E229B8:LeaderElection129 got exception when requesting votes: {}
java.util.concurrent.ExecutionException: org.apache.ratis.thirdparty.io.grpc.StatusRuntimeException: UNAVAILABLE: io exception
	at java.util.concurrent.FutureTask.report(FutureTask.java:122)
	at java.util.concurrent.FutureTask.get(FutureTask.java:192)
	at org.apache.ratis.server.impl.LeaderElection.waitForResults(LeaderElection.java:263)
	at org.apache.ratis.server.impl.LeaderElection.askForVotes(LeaderElection.java:201)
	at org.apache.ratis.server.impl.LeaderElection.run(LeaderElection.java:133)
	at java.lang.Thread.run(Thread.java:748)
Caused by: org.apache.ratis.thirdparty.io.grpc.StatusRuntimeException: UNAVAILABLE: io exception
	at org.apache.ratis.thirdparty.io.grpc.stub.ClientCalls.toStatusRuntimeException(ClientCalls.java:233)
	at org.apache.ratis.thirdparty.io.grpc.stub.ClientCalls.getUnchecked(ClientCalls.java:214)
	at org.apache.ratis.thirdparty.io.grpc.stub.ClientCalls.blockingUnaryCall(ClientCalls.java:139)
	at org.apache.ratis.proto.grpc.RaftServerProtocolServiceGrpc$RaftServerProtocolServiceBlockingStub.requestVote(RaftServerProtocolServiceGrpc.java:265)
	at org.apache.ratis.grpc.server.GrpcServerProtocolClient.requestVote(GrpcServerProtocolClient.java:90)
	at org.apache.ratis.grpc.server.GrpcService.requestVote(GrpcService.java:204)
	at org.apache.ratis.server.impl.LeaderElection.lambda$submitRequests$1(LeaderElection.java:238)
	at java.util.concurrent.FutureTask.run(FutureTask.java:266)
	at java.util.concurrent.Executors$RunnableAdapter.call(Executors.java:511)
	at java.util.concurrent.FutureTask.run(FutureTask.java:266)
	at java.util.concurrent.ThreadPoolExecutor.runWorker(ThreadPoolExecutor.java:1149)
	at java.util.concurrent.ThreadPoolExecutor$Worker.run(ThreadPoolExecutor.java:624)
	... 1 more
Caused by: org.apache.ratis.thirdparty.io.netty.channel.AbstractChannel$AnnotatedConnectException: Connection refused: /192.168.151.82:37184
	at sun.nio.ch.SocketChannelImpl.checkConnect(Native Method)
	at sun.nio.ch.SocketChannelImpl.finishConnect(SocketChannelImpl.java:717)
	at org.apache.ratis.thirdparty.io.netty.channel.socket.nio.NioSocketChannel.doFinishConnect(NioSocketChannel.java:327)
	at org.apache.ratis.thirdparty.io.netty.channel.nio.AbstractNioChannel$AbstractNioUnsafe.finishConnect(AbstractNioChannel.java:340)
	at org.apache.ratis.thirdparty.io.netty.channel.nio.NioEventLoop.processSelectedKey(NioEventLoop.java:632)
	at org.apache.ratis.thirdparty.io.netty.channel.nio.NioEventLoop.processSelectedKeysOptimized(NioEventLoop.java:579)
	at org.apache.ratis.thirdparty.io.netty.channel.nio.NioEventLoop.processSelectedKeys(NioEventLoop.java:496)
	at org.apache.ratis.thirdparty.io.netty.channel.nio.NioEventLoop.run(NioEventLoop.java:458)
	at org.apache.ratis.thirdparty.io.netty.util.concurrent.SingleThreadEventExecutor$5.run(SingleThreadEventExecutor.java:897)
	at org.apache.ratis.thirdparty.io.netty.util.concurrent.FastThreadLocalRunnable.run(FastThreadLocalRunnable.java:30)
	... 1 more
Caused by: java.net.ConnectException: Connection refused
	... 11 more
2019-09-28 01:22:19,283 [6882fb80-f7ef-4730-ad10-ebcfa4f7520d@group-6DBCB3E229B8:LeaderElection129] INFO  impl.LeaderElection (LogUtils.java:infoOrTrace(149)) - 6882fb80-f7ef-4730-ad10-ebcfa4f7520d@group-6DBCB3E229B8:LeaderElection129 got exception when requesting votes: {}
java.util.concurrent.ExecutionException: org.apache.ratis.thirdparty.io.grpc.StatusRuntimeException: UNAVAILABLE: io exception
	at java.util.concurrent.FutureTask.report(FutureTask.java:122)
	at java.util.concurrent.FutureTask.get(FutureTask.java:192)
	at org.apache.ratis.server.impl.LeaderElection.waitForResults(LeaderElection.java:263)
	at org.apache.ratis.server.impl.LeaderElection.askForVotes(LeaderElection.java:201)
	at org.apache.ratis.server.impl.LeaderElection.run(LeaderElection.java:133)
	at java.lang.Thread.run(Thread.java:748)
Caused by: org.apache.ratis.thirdparty.io.grpc.StatusRuntimeException: UNAVAILABLE: io exception
	at org.apache.ratis.thirdparty.io.grpc.stub.ClientCalls.toStatusRuntimeException(ClientCalls.java:233)
	at org.apache.ratis.thirdparty.io.grpc.stub.ClientCalls.getUnchecked(ClientCalls.java:214)
	at org.apache.ratis.thirdparty.io.grpc.stub.ClientCalls.blockingUnaryCall(ClientCalls.java:139)
	at org.apache.ratis.proto.grpc.RaftServerProtocolServiceGrpc$RaftServerProtocolServiceBlockingStub.requestVote(RaftServerProtocolServiceGrpc.java:265)
	at org.apache.ratis.grpc.server.GrpcServerProtocolClient.requestVote(GrpcServerProtocolClient.java:90)
	at org.apache.ratis.grpc.server.GrpcService.requestVote(GrpcService.java:204)
	at org.apache.ratis.server.impl.LeaderElection.lambda$submitRequests$1(LeaderElection.java:238)
	at java.util.concurrent.FutureTask.run(FutureTask.java:266)
	at java.util.concurrent.Executors$RunnableAdapter.call(Executors.java:511)
	at java.util.concurrent.FutureTask.run(FutureTask.java:266)
	at java.util.concurrent.ThreadPoolExecutor.runWorker(ThreadPoolExecutor.java:1149)
	at java.util.concurrent.ThreadPoolExecutor$Worker.run(ThreadPoolExecutor.java:624)
	... 1 more
Caused by: org.apache.ratis.thirdparty.io.netty.channel.AbstractChannel$AnnotatedConnectException: Connection refused: /192.168.151.82:34214
	at sun.nio.ch.SocketChannelImpl.checkConnect(Native Method)
	at sun.nio.ch.SocketChannelImpl.finishConnect(SocketChannelImpl.java:717)
	at org.apache.ratis.thirdparty.io.netty.channel.socket.nio.NioSocketChannel.doFinishConnect(NioSocketChannel.java:327)
	at org.apache.ratis.thirdparty.io.netty.channel.nio.AbstractNioChannel$AbstractNioUnsafe.finishConnect(AbstractNioChannel.java:340)
	at org.apache.ratis.thirdparty.io.netty.channel.nio.NioEventLoop.processSelectedKey(NioEventLoop.java:632)
	at org.apache.ratis.thirdparty.io.netty.channel.nio.NioEventLoop.processSelectedKeysOptimized(NioEventLoop.java:579)
	at org.apache.ratis.thirdparty.io.netty.channel.nio.NioEventLoop.processSelectedKeys(NioEventLoop.java:496)
	at org.apache.ratis.thirdparty.io.netty.channel.nio.NioEventLoop.run(NioEventLoop.java:458)
	at org.apache.ratis.thirdparty.io.netty.util.concurrent.SingleThreadEventExecutor$5.run(SingleThreadEventExecutor.java:897)
	at org.apache.ratis.thirdparty.io.netty.util.concurrent.FastThreadLocalRunnable.run(FastThreadLocalRunnable.java:30)
	... 1 more
Caused by: java.net.ConnectException: Connection refused
	... 11 more
2019-09-28 01:22:19,283 [6882fb80-f7ef-4730-ad10-ebcfa4f7520d@group-6DBCB3E229B8:LeaderElection129] INFO  impl.LeaderElection (LeaderElection.java:logAndReturn(56)) - 6882fb80-f7ef-4730-ad10-ebcfa4f7520d@group-6DBCB3E229B8:LeaderElection129: Election REJECTED; received 0 response(s) [] and 2 exception(s); 6882fb80-f7ef-4730-ad10-ebcfa4f7520d@group-6DBCB3E229B8:t3, leader=null, voted=6882fb80-f7ef-4730-ad10-ebcfa4f7520d, raftlog=6882fb80-f7ef-4730-ad10-ebcfa4f7520d@group-6DBCB3E229B8-SegmentedRaftLog:OPENED:c2,f2,i2, conf=1: [01a90e73-792d-4935-bbf3-5d3894bf13f0:192.168.151.82:37184, 1966a829-263f-4752-b717-080d3fe051ab:192.168.151.82:34214, 6882fb80-f7ef-4730-ad10-ebcfa4f7520d:192.168.151.82:39537], old=null
2019-09-28 01:22:19,283 [6882fb80-f7ef-4730-ad10-ebcfa4f7520d@group-6DBCB3E229B8:LeaderElection129] INFO  impl.LeaderElection (LogUtils.java:infoOrTrace(149)) -   Exception 0: {}
java.util.concurrent.ExecutionException: org.apache.ratis.thirdparty.io.grpc.StatusRuntimeException: UNAVAILABLE: io exception
	at java.util.concurrent.FutureTask.report(FutureTask.java:122)
	at java.util.concurrent.FutureTask.get(FutureTask.java:192)
	at org.apache.ratis.server.impl.LeaderElection.waitForResults(LeaderElection.java:263)
	at org.apache.ratis.server.impl.LeaderElection.askForVotes(LeaderElection.java:201)
	at org.apache.ratis.server.impl.LeaderElection.run(LeaderElection.java:133)
	at java.lang.Thread.run(Thread.java:748)
Caused by: org.apache.ratis.thirdparty.io.grpc.StatusRuntimeException: UNAVAILABLE: io exception
	at org.apache.ratis.thirdparty.io.grpc.stub.ClientCalls.toStatusRuntimeException(ClientCalls.java:233)
	at org.apache.ratis.thirdparty.io.grpc.stub.ClientCalls.getUnchecked(ClientCalls.java:214)
	at org.apache.ratis.thirdparty.io.grpc.stub.ClientCalls.blockingUnaryCall(ClientCalls.java:139)
	at org.apache.ratis.proto.grpc.RaftServerProtocolServiceGrpc$RaftServerProtocolServiceBlockingStub.requestVote(RaftServerProtocolServiceGrpc.java:265)
	at org.apache.ratis.grpc.server.GrpcServerProtocolClient.requestVote(GrpcServerProtocolClient.java:90)
	at org.apache.ratis.grpc.server.GrpcService.requestVote(GrpcService.java:204)
	at org.apache.ratis.server.impl.LeaderElection.lambda$submitRequests$1(LeaderElection.java:238)
	at java.util.concurrent.FutureTask.run(FutureTask.java:266)
	at java.util.concurrent.Executors$RunnableAdapter.call(Executors.java:511)
	at java.util.concurrent.FutureTask.run(FutureTask.java:266)
	at java.util.concurrent.ThreadPoolExecutor.runWorker(ThreadPoolExecutor.java:1149)
	at java.util.concurrent.ThreadPoolExecutor$Worker.run(ThreadPoolExecutor.java:624)
	... 1 more
Caused by: org.apache.ratis.thirdparty.io.netty.channel.AbstractChannel$AnnotatedConnectException: Connection refused: /192.168.151.82:37184
	at sun.nio.ch.SocketChannelImpl.checkConnect(Native Method)
	at sun.nio.ch.SocketChannelImpl.finishConnect(SocketChannelImpl.java:717)
	at org.apache.ratis.thirdparty.io.netty.channel.socket.nio.NioSocketChannel.doFinishConnect(NioSocketChannel.java:327)
	at org.apache.ratis.thirdparty.io.netty.channel.nio.AbstractNioChannel$AbstractNioUnsafe.finishConnect(AbstractNioChannel.java:340)
	at org.apache.ratis.thirdparty.io.netty.channel.nio.NioEventLoop.processSelectedKey(NioEventLoop.java:632)
	at org.apache.ratis.thirdparty.io.netty.channel.nio.NioEventLoop.processSelectedKeysOptimized(NioEventLoop.java:579)
	at org.apache.ratis.thirdparty.io.netty.channel.nio.NioEventLoop.processSelectedKeys(NioEventLoop.java:496)
	at org.apache.ratis.thirdparty.io.netty.channel.nio.NioEventLoop.run(NioEventLoop.java:458)
	at org.apache.ratis.thirdparty.io.netty.util.concurrent.SingleThreadEventExecutor$5.run(SingleThreadEventExecutor.java:897)
	at org.apache.ratis.thirdparty.io.netty.util.concurrent.FastThreadLocalRunnable.run(FastThreadLocalRunnable.java:30)
	... 1 more
Caused by: java.net.ConnectException: Connection refused
	... 11 more
2019-09-28 01:22:19,284 [6882fb80-f7ef-4730-ad10-ebcfa4f7520d@group-6DBCB3E229B8:LeaderElection129] INFO  impl.LeaderElection (LogUtils.java:infoOrTrace(149)) -   Exception 1: {}
java.util.concurrent.ExecutionException: org.apache.ratis.thirdparty.io.grpc.StatusRuntimeException: UNAVAILABLE: io exception
	at java.util.concurrent.FutureTask.report(FutureTask.java:122)
	at java.util.concurrent.FutureTask.get(FutureTask.java:192)
	at org.apache.ratis.server.impl.LeaderElection.waitForResults(LeaderElection.java:263)
	at org.apache.ratis.server.impl.LeaderElection.askForVotes(LeaderElection.java:201)
	at org.apache.ratis.server.impl.LeaderElection.run(LeaderElection.java:133)
	at java.lang.Thread.run(Thread.java:748)
Caused by: org.apache.ratis.thirdparty.io.grpc.StatusRuntimeException: UNAVAILABLE: io exception
	at org.apache.ratis.thirdparty.io.grpc.stub.ClientCalls.toStatusRuntimeException(ClientCalls.java:233)
	at org.apache.ratis.thirdparty.io.grpc.stub.ClientCalls.getUnchecked(ClientCalls.java:214)
	at org.apache.ratis.thirdparty.io.grpc.stub.ClientCalls.blockingUnaryCall(ClientCalls.java:139)
	at org.apache.ratis.proto.grpc.RaftServerProtocolServiceGrpc$RaftServerProtocolServiceBlockingStub.requestVote(RaftServerProtocolServiceGrpc.java:265)
	at org.apache.ratis.grpc.server.GrpcServerProtocolClient.requestVote(GrpcServerProtocolClient.java:90)
	at org.apache.ratis.grpc.server.GrpcService.requestVote(GrpcService.java:204)
	at org.apache.ratis.server.impl.LeaderElection.lambda$submitRequests$1(LeaderElection.java:238)
	at java.util.concurrent.FutureTask.run(FutureTask.java:266)
	at java.util.concurrent.Executors$RunnableAdapter.call(Executors.java:511)
	at java.util.concurrent.FutureTask.run(FutureTask.java:266)
	at java.util.concurrent.ThreadPoolExecutor.runWorker(ThreadPoolExecutor.java:1149)
	at java.util.concurrent.ThreadPoolExecutor$Worker.run(ThreadPoolExecutor.java:624)
	... 1 more
Caused by: org.apache.ratis.thirdparty.io.netty.channel.AbstractChannel$AnnotatedConnectException: Connection refused: /192.168.151.82:34214
	at sun.nio.ch.SocketChannelImpl.checkConnect(Native Method)
	at sun.nio.ch.SocketChannelImpl.finishConnect(SocketChannelImpl.java:717)
	at org.apache.ratis.thirdparty.io.netty.channel.socket.nio.NioSocketChannel.doFinishConnect(NioSocketChannel.java:327)
	at org.apache.ratis.thirdparty.io.netty.channel.nio.AbstractNioChannel$AbstractNioUnsafe.finishConnect(AbstractNioChannel.java:340)
	at org.apache.ratis.thirdparty.io.netty.channel.nio.NioEventLoop.processSelectedKey(NioEventLoop.java:632)
	at org.apache.ratis.thirdparty.io.netty.channel.nio.NioEventLoop.processSelectedKeysOptimized(NioEventLoop.java:579)
	at org.apache.ratis.thirdparty.io.netty.channel.nio.NioEventLoop.processSelectedKeys(NioEventLoop.java:496)
	at org.apache.ratis.thirdparty.io.netty.channel.nio.NioEventLoop.run(NioEventLoop.java:458)
	at org.apache.ratis.thirdparty.io.netty.util.concurrent.SingleThreadEventExecutor$5.run(SingleThreadEventExecutor.java:897)
	at org.apache.ratis.thirdparty.io.netty.util.concurrent.FastThreadLocalRunnable.run(FastThreadLocalRunnable.java:30)
	... 1 more
Caused by: java.net.ConnectException: Connection refused
	... 11 more
2019-09-28 01:22:19,284 [6882fb80-f7ef-4730-ad10-ebcfa4f7520d@group-6DBCB3E229B8:LeaderElection129] INFO  impl.RaftServerImpl (RaftServerImpl.java:setRole(174)) - 6882fb80-f7ef-4730-ad10-ebcfa4f7520d@group-6DBCB3E229B8: changes role from CANDIDATE to FOLLOWER at term 3 for DISCOVERED_A_NEW_TERM
2019-09-28 01:22:19,285 [6882fb80-f7ef-4730-ad10-ebcfa4f7520d@group-6DBCB3E229B8:LeaderElection129] INFO  impl.RoleInfo (RoleInfo.java:shutdownLeaderElection(134)) - 6882fb80-f7ef-4730-ad10-ebcfa4f7520d: shutdown LeaderElection
2019-09-28 01:22:19,285 [6882fb80-f7ef-4730-ad10-ebcfa4f7520d@group-6DBCB3E229B8:LeaderElection129] INFO  impl.RoleInfo (RoleInfo.java:updateAndGet(143)) - 6882fb80-f7ef-4730-ad10-ebcfa4f7520d: start FollowerState
2019-09-28 01:22:19,299 [grpc-default-executor-5] WARN  server.GrpcLogAppender (LogUtils.java:warn(134)) - 584b1f9e-1c1b-443b-8e2e-a6c41c3b24d1@group-4C9F0EF89CA4->9ab63732-2b11-4d45-b3bd-cb418bdaf76f-AppendLogResponseHandler: Failed appendEntries: org.apache.ratis.thirdparty.io.grpc.StatusRuntimeException: UNAVAILABLE: io exception
2019-09-28 01:22:19,300 [grpc-default-executor-5] INFO  impl.FollowerInfo (FollowerInfo.java:lambda$new$0(51)) - 584b1f9e-1c1b-443b-8e2e-a6c41c3b24d1@group-4C9F0EF89CA4->9ab63732-2b11-4d45-b3bd-cb418bdaf76f: nextIndex: updateUnconditionally 0 -> 0
2019-09-28 01:22:19,322 [Datanode State Machine Thread - 0] INFO  statemachine.DatanodeStateMachine (DatanodeStateMachine.java:lambda$startDaemon$0(350)) - Ozone container server started.
2019-09-28 01:22:19,776 [grpc-default-executor-5] WARN  server.GrpcLogAppender (LogUtils.java:warn(134)) - 1718a6b7-a807-47b2-9e97-09209d9c5800@group-D9D741084385->ab3cf4df-5976-458c-b5c2-4cdf8c4d91de-AppendLogResponseHandler: Failed appendEntries: org.apache.ratis.thirdparty.io.grpc.StatusRuntimeException: UNAVAILABLE: io exception
2019-09-28 01:22:19,776 [grpc-default-executor-0] WARN  server.GrpcLogAppender (LogUtils.java:warn(134)) - 584b1f9e-1c1b-443b-8e2e-a6c41c3b24d1@group-4C9F0EF89CA4->2f116fb9-3359-4137-b08e-444c3348f2a5-AppendLogResponseHandler: Failed appendEntries: org.apache.ratis.thirdparty.io.grpc.StatusRuntimeException: UNAVAILABLE: io exception
2019-09-28 01:22:19,776 [grpc-default-executor-5] INFO  impl.FollowerInfo (FollowerInfo.java:lambda$new$0(51)) - 1718a6b7-a807-47b2-9e97-09209d9c5800@group-D9D741084385->ab3cf4df-5976-458c-b5c2-4cdf8c4d91de: nextIndex: updateUnconditionally 0 -> 0
2019-09-28 01:22:19,777 [grpc-default-executor-0] INFO  impl.FollowerInfo (FollowerInfo.java:lambda$new$0(51)) - 584b1f9e-1c1b-443b-8e2e-a6c41c3b24d1@group-4C9F0EF89CA4->2f116fb9-3359-4137-b08e-444c3348f2a5: nextIndex: updateUnconditionally 0 -> 0
2019-09-28 01:22:19,800 [grpc-default-executor-0] WARN  server.GrpcLogAppender (LogUtils.java:warn(134)) - 584b1f9e-1c1b-443b-8e2e-a6c41c3b24d1@group-4C9F0EF89CA4->9ab63732-2b11-4d45-b3bd-cb418bdaf76f-AppendLogResponseHandler: Failed appendEntries: org.apache.ratis.thirdparty.io.grpc.StatusRuntimeException: UNAVAILABLE: io exception
2019-09-28 01:22:19,800 [grpc-default-executor-0] INFO  impl.FollowerInfo (FollowerInfo.java:lambda$new$0(51)) - 584b1f9e-1c1b-443b-8e2e-a6c41c3b24d1@group-4C9F0EF89CA4->9ab63732-2b11-4d45-b3bd-cb418bdaf76f: nextIndex: updateUnconditionally 0 -> 0
2019-09-28 01:22:20,276 [grpc-default-executor-5] WARN  server.GrpcLogAppender (LogUtils.java:warn(134)) - 1718a6b7-a807-47b2-9e97-09209d9c5800@group-D9D741084385->ab3cf4df-5976-458c-b5c2-4cdf8c4d91de-AppendLogResponseHandler: Failed appendEntries: org.apache.ratis.thirdparty.io.grpc.StatusRuntimeException: UNAVAILABLE: io exception
2019-09-28 01:22:20,276 [grpc-default-executor-0] WARN  server.GrpcLogAppender (LogUtils.java:warn(134)) - 584b1f9e-1c1b-443b-8e2e-a6c41c3b24d1@group-4C9F0EF89CA4->2f116fb9-3359-4137-b08e-444c3348f2a5-AppendLogResponseHandler: Failed appendEntries: org.apache.ratis.thirdparty.io.grpc.StatusRuntimeException: UNAVAILABLE: io exception
2019-09-28 01:22:20,277 [grpc-default-executor-5] INFO  impl.FollowerInfo (FollowerInfo.java:lambda$new$0(51)) - 1718a6b7-a807-47b2-9e97-09209d9c5800@group-D9D741084385->ab3cf4df-5976-458c-b5c2-4cdf8c4d91de: nextIndex: updateUnconditionally 0 -> 0
2019-09-28 01:22:20,277 [grpc-default-executor-0] INFO  impl.FollowerInfo (FollowerInfo.java:lambda$new$0(51)) - 584b1f9e-1c1b-443b-8e2e-a6c41c3b24d1@group-4C9F0EF89CA4->2f116fb9-3359-4137-b08e-444c3348f2a5: nextIndex: updateUnconditionally 0 -> 0
2019-09-28 01:22:20,300 [grpc-default-executor-6] WARN  server.GrpcLogAppender (LogUtils.java:warn(134)) - 584b1f9e-1c1b-443b-8e2e-a6c41c3b24d1@group-4C9F0EF89CA4->9ab63732-2b11-4d45-b3bd-cb418bdaf76f-AppendLogResponseHandler: Failed appendEntries: org.apache.ratis.thirdparty.io.grpc.StatusRuntimeException: UNAVAILABLE: io exception
2019-09-28 01:22:20,301 [grpc-default-executor-6] INFO  impl.FollowerInfo (FollowerInfo.java:lambda$new$0(51)) - 584b1f9e-1c1b-443b-8e2e-a6c41c3b24d1@group-4C9F0EF89CA4->9ab63732-2b11-4d45-b3bd-cb418bdaf76f: nextIndex: updateUnconditionally 0 -> 0
2019-09-28 01:22:20,483 [Thread-7741] INFO  impl.FollowerState (FollowerState.java:run(106)) - 6882fb80-f7ef-4730-ad10-ebcfa4f7520d:group-6DBCB3E229B8 changes to CANDIDATE, lastRpcTime:1198, electionTimeout:1198ms
2019-09-28 01:22:20,484 [Thread-7741] INFO  impl.RoleInfo (RoleInfo.java:shutdownFollowerState(121)) - 6882fb80-f7ef-4730-ad10-ebcfa4f7520d: shutdown FollowerState
2019-09-28 01:22:20,484 [Thread-7741] INFO  impl.RaftServerImpl (RaftServerImpl.java:setRole(174)) - 6882fb80-f7ef-4730-ad10-ebcfa4f7520d@group-6DBCB3E229B8: changes role from  FOLLOWER to CANDIDATE at term 3 for changeToCandidate
2019-09-28 01:22:20,484 [Thread-7741] INFO  impl.RoleInfo (RoleInfo.java:updateAndGet(143)) - 6882fb80-f7ef-4730-ad10-ebcfa4f7520d: start LeaderElection
2019-09-28 01:22:20,498 [6882fb80-f7ef-4730-ad10-ebcfa4f7520d@group-6DBCB3E229B8:LeaderElection130] INFO  impl.LeaderElection (LeaderElection.java:askForVotes(182)) - 6882fb80-f7ef-4730-ad10-ebcfa4f7520d@group-6DBCB3E229B8:LeaderElection130: begin an election at term 4 for 1: [01a90e73-792d-4935-bbf3-5d3894bf13f0:192.168.151.82:37184, 1966a829-263f-4752-b717-080d3fe051ab:192.168.151.82:34214, 6882fb80-f7ef-4730-ad10-ebcfa4f7520d:192.168.151.82:39537], old=null
2019-09-28 01:22:20,499 [6882fb80-f7ef-4730-ad10-ebcfa4f7520d@group-6DBCB3E229B8:LeaderElection130] INFO  impl.LeaderElection (LogUtils.java:infoOrTrace(149)) - 6882fb80-f7ef-4730-ad10-ebcfa4f7520d@group-6DBCB3E229B8:LeaderElection130 got exception when requesting votes: {}
java.util.concurrent.ExecutionException: org.apache.ratis.thirdparty.io.grpc.StatusRuntimeException: UNAVAILABLE: io exception
	at java.util.concurrent.FutureTask.report(FutureTask.java:122)
	at java.util.concurrent.FutureTask.get(FutureTask.java:192)
	at org.apache.ratis.server.impl.LeaderElection.waitForResults(LeaderElection.java:263)
	at org.apache.ratis.server.impl.LeaderElection.askForVotes(LeaderElection.java:201)
	at org.apache.ratis.server.impl.LeaderElection.run(LeaderElection.java:133)
	at java.lang.Thread.run(Thread.java:748)
Caused by: org.apache.ratis.thirdparty.io.grpc.StatusRuntimeException: UNAVAILABLE: io exception
	at org.apache.ratis.thirdparty.io.grpc.stub.ClientCalls.toStatusRuntimeException(ClientCalls.java:233)
	at org.apache.ratis.thirdparty.io.grpc.stub.ClientCalls.getUnchecked(ClientCalls.java:214)
	at org.apache.ratis.thirdparty.io.grpc.stub.ClientCalls.blockingUnaryCall(ClientCalls.java:139)
	at org.apache.ratis.proto.grpc.RaftServerProtocolServiceGrpc$RaftServerProtocolServiceBlockingStub.requestVote(RaftServerProtocolServiceGrpc.java:265)
	at org.apache.ratis.grpc.server.GrpcServerProtocolClient.requestVote(GrpcServerProtocolClient.java:90)
	at org.apache.ratis.grpc.server.GrpcService.requestVote(GrpcService.java:204)
	at org.apache.ratis.server.impl.LeaderElection.lambda$submitRequests$1(LeaderElection.java:238)
	at java.util.concurrent.FutureTask.run(FutureTask.java:266)
	at java.util.concurrent.Executors$RunnableAdapter.call(Executors.java:511)
	at java.util.concurrent.FutureTask.run(FutureTask.java:266)
	at java.util.concurrent.ThreadPoolExecutor.runWorker(ThreadPoolExecutor.java:1149)
	at java.util.concurrent.ThreadPoolExecutor$Worker.run(ThreadPoolExecutor.java:624)
	... 1 more
Caused by: org.apache.ratis.thirdparty.io.netty.channel.AbstractChannel$AnnotatedConnectException: Connection refused: /192.168.151.82:37184
	at sun.nio.ch.SocketChannelImpl.checkConnect(Native Method)
	at sun.nio.ch.SocketChannelImpl.finishConnect(SocketChannelImpl.java:717)
	at org.apache.ratis.thirdparty.io.netty.channel.socket.nio.NioSocketChannel.doFinishConnect(NioSocketChannel.java:327)
	at org.apache.ratis.thirdparty.io.netty.channel.nio.AbstractNioChannel$AbstractNioUnsafe.finishConnect(AbstractNioChannel.java:340)
	at org.apache.ratis.thirdparty.io.netty.channel.nio.NioEventLoop.processSelectedKey(NioEventLoop.java:632)
	at org.apache.ratis.thirdparty.io.netty.channel.nio.NioEventLoop.processSelectedKeysOptimized(NioEventLoop.java:579)
	at org.apache.ratis.thirdparty.io.netty.channel.nio.NioEventLoop.processSelectedKeys(NioEventLoop.java:496)
	at org.apache.ratis.thirdparty.io.netty.channel.nio.NioEventLoop.run(NioEventLoop.java:458)
	at org.apache.ratis.thirdparty.io.netty.util.concurrent.SingleThreadEventExecutor$5.run(SingleThreadEventExecutor.java:897)
	at org.apache.ratis.thirdparty.io.netty.util.concurrent.FastThreadLocalRunnable.run(FastThreadLocalRunnable.java:30)
	... 1 more
Caused by: java.net.ConnectException: Connection refused
	... 11 more
2019-09-28 01:22:20,500 [6882fb80-f7ef-4730-ad10-ebcfa4f7520d@group-6DBCB3E229B8:LeaderElection130] INFO  impl.LeaderElection (LogUtils.java:infoOrTrace(149)) - 6882fb80-f7ef-4730-ad10-ebcfa4f7520d@group-6DBCB3E229B8:LeaderElection130 got exception when requesting votes: {}
java.util.concurrent.ExecutionException: org.apache.ratis.thirdparty.io.grpc.StatusRuntimeException: UNAVAILABLE: io exception
	at java.util.concurrent.FutureTask.report(FutureTask.java:122)
	at java.util.concurrent.FutureTask.get(FutureTask.java:192)
	at org.apache.ratis.server.impl.LeaderElection.waitForResults(LeaderElection.java:263)
	at org.apache.ratis.server.impl.LeaderElection.askForVotes(LeaderElection.java:201)
	at org.apache.ratis.server.impl.LeaderElection.run(LeaderElection.java:133)
	at java.lang.Thread.run(Thread.java:748)
Caused by: org.apache.ratis.thirdparty.io.grpc.StatusRuntimeException: UNAVAILABLE: io exception
	at org.apache.ratis.thirdparty.io.grpc.stub.ClientCalls.toStatusRuntimeException(ClientCalls.java:233)
	at org.apache.ratis.thirdparty.io.grpc.stub.ClientCalls.getUnchecked(ClientCalls.java:214)
	at org.apache.ratis.thirdparty.io.grpc.stub.ClientCalls.blockingUnaryCall(ClientCalls.java:139)
	at org.apache.ratis.proto.grpc.RaftServerProtocolServiceGrpc$RaftServerProtocolServiceBlockingStub.requestVote(RaftServerProtocolServiceGrpc.java:265)
	at org.apache.ratis.grpc.server.GrpcServerProtocolClient.requestVote(GrpcServerProtocolClient.java:90)
	at org.apache.ratis.grpc.server.GrpcService.requestVote(GrpcService.java:204)
	at org.apache.ratis.server.impl.LeaderElection.lambda$submitRequests$1(LeaderElection.java:238)
	at java.util.concurrent.FutureTask.run(FutureTask.java:266)
	at java.util.concurrent.Executors$RunnableAdapter.call(Executors.java:511)
	at java.util.concurrent.FutureTask.run(FutureTask.java:266)
	at java.util.concurrent.ThreadPoolExecutor.runWorker(ThreadPoolExecutor.java:1149)
	at java.util.concurrent.ThreadPoolExecutor$Worker.run(ThreadPoolExecutor.java:624)
	... 1 more
Caused by: org.apache.ratis.thirdparty.io.netty.channel.AbstractChannel$AnnotatedConnectException: Connection refused: /192.168.151.82:34214
	at sun.nio.ch.SocketChannelImpl.checkConnect(Native Method)
	at sun.nio.ch.SocketChannelImpl.finishConnect(SocketChannelImpl.java:717)
	at org.apache.ratis.thirdparty.io.netty.channel.socket.nio.NioSocketChannel.doFinishConnect(NioSocketChannel.java:327)
	at org.apache.ratis.thirdparty.io.netty.channel.nio.AbstractNioChannel$AbstractNioUnsafe.finishConnect(AbstractNioChannel.java:340)
	at org.apache.ratis.thirdparty.io.netty.channel.nio.NioEventLoop.processSelectedKey(NioEventLoop.java:632)
	at org.apache.ratis.thirdparty.io.netty.channel.nio.NioEventLoop.processSelectedKeysOptimized(NioEventLoop.java:579)
	at org.apache.ratis.thirdparty.io.netty.channel.nio.NioEventLoop.processSelectedKeys(NioEventLoop.java:496)
	at org.apache.ratis.thirdparty.io.netty.channel.nio.NioEventLoop.run(NioEventLoop.java:458)
	at org.apache.ratis.thirdparty.io.netty.util.concurrent.SingleThreadEventExecutor$5.run(SingleThreadEventExecutor.java:897)
	at org.apache.ratis.thirdparty.io.netty.util.concurrent.FastThreadLocalRunnable.run(FastThreadLocalRunnable.java:30)
	... 1 more
Caused by: java.net.ConnectException: Connection refused
	... 11 more
2019-09-28 01:22:20,500 [6882fb80-f7ef-4730-ad10-ebcfa4f7520d@group-6DBCB3E229B8:LeaderElection130] INFO  impl.LeaderElection (LeaderElection.java:logAndReturn(56)) - 6882fb80-f7ef-4730-ad10-ebcfa4f7520d@group-6DBCB3E229B8:LeaderElection130: Election REJECTED; received 0 response(s) [] and 2 exception(s); 6882fb80-f7ef-4730-ad10-ebcfa4f7520d@group-6DBCB3E229B8:t4, leader=null, voted=6882fb80-f7ef-4730-ad10-ebcfa4f7520d, raftlog=6882fb80-f7ef-4730-ad10-ebcfa4f7520d@group-6DBCB3E229B8-SegmentedRaftLog:OPENED:c2,f2,i2, conf=1: [01a90e73-792d-4935-bbf3-5d3894bf13f0:192.168.151.82:37184, 1966a829-263f-4752-b717-080d3fe051ab:192.168.151.82:34214, 6882fb80-f7ef-4730-ad10-ebcfa4f7520d:192.168.151.82:39537], old=null
2019-09-28 01:22:20,501 [6882fb80-f7ef-4730-ad10-ebcfa4f7520d@group-6DBCB3E229B8:LeaderElection130] INFO  impl.LeaderElection (LogUtils.java:infoOrTrace(149)) -   Exception 0: {}
java.util.concurrent.ExecutionException: org.apache.ratis.thirdparty.io.grpc.StatusRuntimeException: UNAVAILABLE: io exception
	at java.util.concurrent.FutureTask.report(FutureTask.java:122)
	at java.util.concurrent.FutureTask.get(FutureTask.java:192)
	at org.apache.ratis.server.impl.LeaderElection.waitForResults(LeaderElection.java:263)
	at org.apache.ratis.server.impl.LeaderElection.askForVotes(LeaderElection.java:201)
	at org.apache.ratis.server.impl.LeaderElection.run(LeaderElection.java:133)
	at java.lang.Thread.run(Thread.java:748)
Caused by: org.apache.ratis.thirdparty.io.grpc.StatusRuntimeException: UNAVAILABLE: io exception
	at org.apache.ratis.thirdparty.io.grpc.stub.ClientCalls.toStatusRuntimeException(ClientCalls.java:233)
	at org.apache.ratis.thirdparty.io.grpc.stub.ClientCalls.getUnchecked(ClientCalls.java:214)
	at org.apache.ratis.thirdparty.io.grpc.stub.ClientCalls.blockingUnaryCall(ClientCalls.java:139)
	at org.apache.ratis.proto.grpc.RaftServerProtocolServiceGrpc$RaftServerProtocolServiceBlockingStub.requestVote(RaftServerProtocolServiceGrpc.java:265)
	at org.apache.ratis.grpc.server.GrpcServerProtocolClient.requestVote(GrpcServerProtocolClient.java:90)
	at org.apache.ratis.grpc.server.GrpcService.requestVote(GrpcService.java:204)
	at org.apache.ratis.server.impl.LeaderElection.lambda$submitRequests$1(LeaderElection.java:238)
	at java.util.concurrent.FutureTask.run(FutureTask.java:266)
	at java.util.concurrent.Executors$RunnableAdapter.call(Executors.java:511)
	at java.util.concurrent.FutureTask.run(FutureTask.java:266)
	at java.util.concurrent.ThreadPoolExecutor.runWorker(ThreadPoolExecutor.java:1149)
	at java.util.concurrent.ThreadPoolExecutor$Worker.run(ThreadPoolExecutor.java:624)
	... 1 more
Caused by: org.apache.ratis.thirdparty.io.netty.channel.AbstractChannel$AnnotatedConnectException: Connection refused: /192.168.151.82:37184
	at sun.nio.ch.SocketChannelImpl.checkConnect(Native Method)
	at sun.nio.ch.SocketChannelImpl.finishConnect(SocketChannelImpl.java:717)
	at org.apache.ratis.thirdparty.io.netty.channel.socket.nio.NioSocketChannel.doFinishConnect(NioSocketChannel.java:327)
	at org.apache.ratis.thirdparty.io.netty.channel.nio.AbstractNioChannel$AbstractNioUnsafe.finishConnect(AbstractNioChannel.java:340)
	at org.apache.ratis.thirdparty.io.netty.channel.nio.NioEventLoop.processSelectedKey(NioEventLoop.java:632)
	at org.apache.ratis.thirdparty.io.netty.channel.nio.NioEventLoop.processSelectedKeysOptimized(NioEventLoop.java:579)
	at org.apache.ratis.thirdparty.io.netty.channel.nio.NioEventLoop.processSelectedKeys(NioEventLoop.java:496)
	at org.apache.ratis.thirdparty.io.netty.channel.nio.NioEventLoop.run(NioEventLoop.java:458)
	at org.apache.ratis.thirdparty.io.netty.util.concurrent.SingleThreadEventExecutor$5.run(SingleThreadEventExecutor.java:897)
	at org.apache.ratis.thirdparty.io.netty.util.concurrent.FastThreadLocalRunnable.run(FastThreadLocalRunnable.java:30)
	... 1 more
Caused by: java.net.ConnectException: Connection refused
	... 11 more
2019-09-28 01:22:20,501 [6882fb80-f7ef-4730-ad10-ebcfa4f7520d@group-6DBCB3E229B8:LeaderElection130] INFO  impl.LeaderElection (LogUtils.java:infoOrTrace(149)) -   Exception 1: {}
java.util.concurrent.ExecutionException: org.apache.ratis.thirdparty.io.grpc.StatusRuntimeException: UNAVAILABLE: io exception
	at java.util.concurrent.FutureTask.report(FutureTask.java:122)
	at java.util.concurrent.FutureTask.get(FutureTask.java:192)
	at org.apache.ratis.server.impl.LeaderElection.waitForResults(LeaderElection.java:263)
	at org.apache.ratis.server.impl.LeaderElection.askForVotes(LeaderElection.java:201)
	at org.apache.ratis.server.impl.LeaderElection.run(LeaderElection.java:133)
	at java.lang.Thread.run(Thread.java:748)
Caused by: org.apache.ratis.thirdparty.io.grpc.StatusRuntimeException: UNAVAILABLE: io exception
	at org.apache.ratis.thirdparty.io.grpc.stub.ClientCalls.toStatusRuntimeException(ClientCalls.java:233)
	at org.apache.ratis.thirdparty.io.grpc.stub.ClientCalls.getUnchecked(ClientCalls.java:214)
	at org.apache.ratis.thirdparty.io.grpc.stub.ClientCalls.blockingUnaryCall(ClientCalls.java:139)
	at org.apache.ratis.proto.grpc.RaftServerProtocolServiceGrpc$RaftServerProtocolServiceBlockingStub.requestVote(RaftServerProtocolServiceGrpc.java:265)
	at org.apache.ratis.grpc.server.GrpcServerProtocolClient.requestVote(GrpcServerProtocolClient.java:90)
	at org.apache.ratis.grpc.server.GrpcService.requestVote(GrpcService.java:204)
	at org.apache.ratis.server.impl.LeaderElection.lambda$submitRequests$1(LeaderElection.java:238)
	at java.util.concurrent.FutureTask.run(FutureTask.java:266)
	at java.util.concurrent.Executors$RunnableAdapter.call(Executors.java:511)
	at java.util.concurrent.FutureTask.run(FutureTask.java:266)
	at java.util.concurrent.ThreadPoolExecutor.runWorker(ThreadPoolExecutor.java:1149)
	at java.util.concurrent.ThreadPoolExecutor$Worker.run(ThreadPoolExecutor.java:624)
	... 1 more
Caused by: org.apache.ratis.thirdparty.io.netty.channel.AbstractChannel$AnnotatedConnectException: Connection refused: /192.168.151.82:34214
	at sun.nio.ch.SocketChannelImpl.checkConnect(Native Method)
	at sun.nio.ch.SocketChannelImpl.finishConnect(SocketChannelImpl.java:717)
	at org.apache.ratis.thirdparty.io.netty.channel.socket.nio.NioSocketChannel.doFinishConnect(NioSocketChannel.java:327)
	at org.apache.ratis.thirdparty.io.netty.channel.nio.AbstractNioChannel$AbstractNioUnsafe.finishConnect(AbstractNioChannel.java:340)
	at org.apache.ratis.thirdparty.io.netty.channel.nio.NioEventLoop.processSelectedKey(NioEventLoop.java:632)
	at org.apache.ratis.thirdparty.io.netty.channel.nio.NioEventLoop.processSelectedKeysOptimized(NioEventLoop.java:579)
	at org.apache.ratis.thirdparty.io.netty.channel.nio.NioEventLoop.processSelectedKeys(NioEventLoop.java:496)
	at org.apache.ratis.thirdparty.io.netty.channel.nio.NioEventLoop.run(NioEventLoop.java:458)
	at org.apache.ratis.thirdparty.io.netty.util.concurrent.SingleThreadEventExecutor$5.run(SingleThreadEventExecutor.java:897)
	at org.apache.ratis.thirdparty.io.netty.util.concurrent.FastThreadLocalRunnable.run(FastThreadLocalRunnable.java:30)
	... 1 more
Caused by: java.net.ConnectException: Connection refused
	... 11 more
2019-09-28 01:22:20,501 [6882fb80-f7ef-4730-ad10-ebcfa4f7520d@group-6DBCB3E229B8:LeaderElection130] INFO  impl.RaftServerImpl (RaftServerImpl.java:setRole(174)) - 6882fb80-f7ef-4730-ad10-ebcfa4f7520d@group-6DBCB3E229B8: changes role from CANDIDATE to FOLLOWER at term 4 for DISCOVERED_A_NEW_TERM
2019-09-28 01:22:20,501 [6882fb80-f7ef-4730-ad10-ebcfa4f7520d@group-6DBCB3E229B8:LeaderElection130] INFO  impl.RoleInfo (RoleInfo.java:shutdownLeaderElection(134)) - 6882fb80-f7ef-4730-ad10-ebcfa4f7520d: shutdown LeaderElection
2019-09-28 01:22:20,502 [6882fb80-f7ef-4730-ad10-ebcfa4f7520d@group-6DBCB3E229B8:LeaderElection130] INFO  impl.RoleInfo (RoleInfo.java:updateAndGet(143)) - 6882fb80-f7ef-4730-ad10-ebcfa4f7520d: start FollowerState
2019-09-28 01:22:20,777 [grpc-default-executor-5] WARN  server.GrpcLogAppender (LogUtils.java:warn(134)) - 1718a6b7-a807-47b2-9e97-09209d9c5800@group-D9D741084385->ab3cf4df-5976-458c-b5c2-4cdf8c4d91de-AppendLogResponseHandler: Failed appendEntries: org.apache.ratis.thirdparty.io.grpc.StatusRuntimeException: UNAVAILABLE: io exception
2019-09-28 01:22:20,777 [grpc-default-executor-5] INFO  impl.FollowerInfo (FollowerInfo.java:lambda$new$0(51)) - 1718a6b7-a807-47b2-9e97-09209d9c5800@group-D9D741084385->ab3cf4df-5976-458c-b5c2-4cdf8c4d91de: nextIndex: updateUnconditionally 0 -> 0
2019-09-28 01:22:20,777 [grpc-default-executor-0] WARN  server.GrpcLogAppender (LogUtils.java:warn(134)) - 584b1f9e-1c1b-443b-8e2e-a6c41c3b24d1@group-4C9F0EF89CA4->2f116fb9-3359-4137-b08e-444c3348f2a5-AppendLogResponseHandler: Failed appendEntries: org.apache.ratis.thirdparty.io.grpc.StatusRuntimeException: UNAVAILABLE: io exception
2019-09-28 01:22:20,778 [grpc-default-executor-0] INFO  impl.FollowerInfo (FollowerInfo.java:lambda$new$0(51)) - 584b1f9e-1c1b-443b-8e2e-a6c41c3b24d1@group-4C9F0EF89CA4->2f116fb9-3359-4137-b08e-444c3348f2a5: nextIndex: updateUnconditionally 0 -> 0
2019-09-28 01:22:20,801 [grpc-default-executor-0] WARN  server.GrpcLogAppender (LogUtils.java:warn(134)) - 584b1f9e-1c1b-443b-8e2e-a6c41c3b24d1@group-4C9F0EF89CA4->9ab63732-2b11-4d45-b3bd-cb418bdaf76f-AppendLogResponseHandler: Failed appendEntries: org.apache.ratis.thirdparty.io.grpc.StatusRuntimeException: UNAVAILABLE: io exception
2019-09-28 01:22:20,801 [grpc-default-executor-0] INFO  impl.FollowerInfo (FollowerInfo.java:lambda$new$0(51)) - 584b1f9e-1c1b-443b-8e2e-a6c41c3b24d1@group-4C9F0EF89CA4->9ab63732-2b11-4d45-b3bd-cb418bdaf76f: nextIndex: updateUnconditionally 0 -> 0
2019-09-28 01:22:21,278 [grpc-default-executor-5] WARN  server.GrpcLogAppender (LogUtils.java:warn(134)) - 1718a6b7-a807-47b2-9e97-09209d9c5800@group-D9D741084385->ab3cf4df-5976-458c-b5c2-4cdf8c4d91de-AppendLogResponseHandler: Failed appendEntries: org.apache.ratis.thirdparty.io.grpc.StatusRuntimeException: UNAVAILABLE: io exception
2019-09-28 01:22:21,278 [grpc-default-executor-0] WARN  server.GrpcLogAppender (LogUtils.java:warn(134)) - 584b1f9e-1c1b-443b-8e2e-a6c41c3b24d1@group-4C9F0EF89CA4->2f116fb9-3359-4137-b08e-444c3348f2a5-AppendLogResponseHandler: Failed appendEntries: org.apache.ratis.thirdparty.io.grpc.StatusRuntimeException: UNAVAILABLE: io exception
2019-09-28 01:22:21,279 [grpc-default-executor-5] INFO  impl.FollowerInfo (FollowerInfo.java:lambda$new$0(51)) - 1718a6b7-a807-47b2-9e97-09209d9c5800@group-D9D741084385->ab3cf4df-5976-458c-b5c2-4cdf8c4d91de: nextIndex: updateUnconditionally 0 -> 0
2019-09-28 01:22:21,279 [grpc-default-executor-0] INFO  impl.FollowerInfo (FollowerInfo.java:lambda$new$0(51)) - 584b1f9e-1c1b-443b-8e2e-a6c41c3b24d1@group-4C9F0EF89CA4->2f116fb9-3359-4137-b08e-444c3348f2a5: nextIndex: updateUnconditionally 0 -> 0
2019-09-28 01:22:21,301 [grpc-default-executor-0] WARN  server.GrpcLogAppender (LogUtils.java:warn(134)) - 584b1f9e-1c1b-443b-8e2e-a6c41c3b24d1@group-4C9F0EF89CA4->9ab63732-2b11-4d45-b3bd-cb418bdaf76f-AppendLogResponseHandler: Failed appendEntries: org.apache.ratis.thirdparty.io.grpc.StatusRuntimeException: UNAVAILABLE: io exception
2019-09-28 01:22:21,301 [grpc-default-executor-0] INFO  impl.FollowerInfo (FollowerInfo.java:lambda$new$0(51)) - 584b1f9e-1c1b-443b-8e2e-a6c41c3b24d1@group-4C9F0EF89CA4->9ab63732-2b11-4d45-b3bd-cb418bdaf76f: nextIndex: updateUnconditionally 0 -> 0
2019-09-28 01:22:21,617 [Thread-7748] INFO  impl.FollowerState (FollowerState.java:run(106)) - 6882fb80-f7ef-4730-ad10-ebcfa4f7520d:group-6DBCB3E229B8 changes to CANDIDATE, lastRpcTime:1115, electionTimeout:1115ms
2019-09-28 01:22:21,618 [Thread-7748] INFO  impl.RoleInfo (RoleInfo.java:shutdownFollowerState(121)) - 6882fb80-f7ef-4730-ad10-ebcfa4f7520d: shutdown FollowerState
2019-09-28 01:22:21,618 [Thread-7748] INFO  impl.RaftServerImpl (RaftServerImpl.java:setRole(174)) - 6882fb80-f7ef-4730-ad10-ebcfa4f7520d@group-6DBCB3E229B8: changes role from  FOLLOWER to CANDIDATE at term 4 for changeToCandidate
2019-09-28 01:22:21,618 [Thread-7748] INFO  impl.RoleInfo (RoleInfo.java:updateAndGet(143)) - 6882fb80-f7ef-4730-ad10-ebcfa4f7520d: start LeaderElection
2019-09-28 01:22:21,640 [6882fb80-f7ef-4730-ad10-ebcfa4f7520d@group-6DBCB3E229B8:LeaderElection131] INFO  impl.LeaderElection (LeaderElection.java:askForVotes(182)) - 6882fb80-f7ef-4730-ad10-ebcfa4f7520d@group-6DBCB3E229B8:LeaderElection131: begin an election at term 5 for 1: [01a90e73-792d-4935-bbf3-5d3894bf13f0:192.168.151.82:37184, 1966a829-263f-4752-b717-080d3fe051ab:192.168.151.82:34214, 6882fb80-f7ef-4730-ad10-ebcfa4f7520d:192.168.151.82:39537], old=null
2019-09-28 01:22:21,642 [6882fb80-f7ef-4730-ad10-ebcfa4f7520d@group-6DBCB3E229B8:LeaderElection131] INFO  impl.LeaderElection (LogUtils.java:infoOrTrace(149)) - 6882fb80-f7ef-4730-ad10-ebcfa4f7520d@group-6DBCB3E229B8:LeaderElection131 got exception when requesting votes: {}
java.util.concurrent.ExecutionException: org.apache.ratis.thirdparty.io.grpc.StatusRuntimeException: UNAVAILABLE: io exception
	at java.util.concurrent.FutureTask.report(FutureTask.java:122)
	at java.util.concurrent.FutureTask.get(FutureTask.java:192)
	at org.apache.ratis.server.impl.LeaderElection.waitForResults(LeaderElection.java:263)
	at org.apache.ratis.server.impl.LeaderElection.askForVotes(LeaderElection.java:201)
	at org.apache.ratis.server.impl.LeaderElection.run(LeaderElection.java:133)
	at java.lang.Thread.run(Thread.java:748)
Caused by: org.apache.ratis.thirdparty.io.grpc.StatusRuntimeException: UNAVAILABLE: io exception
	at org.apache.ratis.thirdparty.io.grpc.stub.ClientCalls.toStatusRuntimeException(ClientCalls.java:233)
	at org.apache.ratis.thirdparty.io.grpc.stub.ClientCalls.getUnchecked(ClientCalls.java:214)
	at org.apache.ratis.thirdparty.io.grpc.stub.ClientCalls.blockingUnaryCall(ClientCalls.java:139)
	at org.apache.ratis.proto.grpc.RaftServerProtocolServiceGrpc$RaftServerProtocolServiceBlockingStub.requestVote(RaftServerProtocolServiceGrpc.java:265)
	at org.apache.ratis.grpc.server.GrpcServerProtocolClient.requestVote(GrpcServerProtocolClient.java:90)
	at org.apache.ratis.grpc.server.GrpcService.requestVote(GrpcService.java:204)
	at org.apache.ratis.server.impl.LeaderElection.lambda$submitRequests$1(LeaderElection.java:238)
	at java.util.concurrent.FutureTask.run(FutureTask.java:266)
	at java.util.concurrent.Executors$RunnableAdapter.call(Executors.java:511)
	at java.util.concurrent.FutureTask.run(FutureTask.java:266)
	at java.util.concurrent.ThreadPoolExecutor.runWorker(ThreadPoolExecutor.java:1149)
	at java.util.concurrent.ThreadPoolExecutor$Worker.run(ThreadPoolExecutor.java:624)
	... 1 more
Caused by: org.apache.ratis.thirdparty.io.netty.channel.AbstractChannel$AnnotatedConnectException: Connection refused: /192.168.151.82:37184
	at sun.nio.ch.SocketChannelImpl.checkConnect(Native Method)
	at sun.nio.ch.SocketChannelImpl.finishConnect(SocketChannelImpl.java:717)
	at org.apache.ratis.thirdparty.io.netty.channel.socket.nio.NioSocketChannel.doFinishConnect(NioSocketChannel.java:327)
	at org.apache.ratis.thirdparty.io.netty.channel.nio.AbstractNioChannel$AbstractNioUnsafe.finishConnect(AbstractNioChannel.java:340)
	at org.apache.ratis.thirdparty.io.netty.channel.nio.NioEventLoop.processSelectedKey(NioEventLoop.java:632)
	at org.apache.ratis.thirdparty.io.netty.channel.nio.NioEventLoop.processSelectedKeysOptimized(NioEventLoop.java:579)
	at org.apache.ratis.thirdparty.io.netty.channel.nio.NioEventLoop.processSelectedKeys(NioEventLoop.java:496)
	at org.apache.ratis.thirdparty.io.netty.channel.nio.NioEventLoop.run(NioEventLoop.java:458)
	at org.apache.ratis.thirdparty.io.netty.util.concurrent.SingleThreadEventExecutor$5.run(SingleThreadEventExecutor.java:897)
	at org.apache.ratis.thirdparty.io.netty.util.concurrent.FastThreadLocalRunnable.run(FastThreadLocalRunnable.java:30)
	... 1 more
Caused by: java.net.ConnectException: Connection refused
	... 11 more
2019-09-28 01:22:21,643 [6882fb80-f7ef-4730-ad10-ebcfa4f7520d@group-6DBCB3E229B8:LeaderElection131] INFO  impl.LeaderElection (LogUtils.java:infoOrTrace(149)) - 6882fb80-f7ef-4730-ad10-ebcfa4f7520d@group-6DBCB3E229B8:LeaderElection131 got exception when requesting votes: {}
java.util.concurrent.ExecutionException: org.apache.ratis.thirdparty.io.grpc.StatusRuntimeException: UNAVAILABLE: io exception
	at java.util.concurrent.FutureTask.report(FutureTask.java:122)
	at java.util.concurrent.FutureTask.get(FutureTask.java:192)
	at org.apache.ratis.server.impl.LeaderElection.waitForResults(LeaderElection.java:263)
	at org.apache.ratis.server.impl.LeaderElection.askForVotes(LeaderElection.java:201)
	at org.apache.ratis.server.impl.LeaderElection.run(LeaderElection.java:133)
	at java.lang.Thread.run(Thread.java:748)
Caused by: org.apache.ratis.thirdparty.io.grpc.StatusRuntimeException: UNAVAILABLE: io exception
	at org.apache.ratis.thirdparty.io.grpc.stub.ClientCalls.toStatusRuntimeException(ClientCalls.java:233)
	at org.apache.ratis.thirdparty.io.grpc.stub.ClientCalls.getUnchecked(ClientCalls.java:214)
	at org.apache.ratis.thirdparty.io.grpc.stub.ClientCalls.blockingUnaryCall(ClientCalls.java:139)
	at org.apache.ratis.proto.grpc.RaftServerProtocolServiceGrpc$RaftServerProtocolServiceBlockingStub.requestVote(RaftServerProtocolServiceGrpc.java:265)
	at org.apache.ratis.grpc.server.GrpcServerProtocolClient.requestVote(GrpcServerProtocolClient.java:90)
	at org.apache.ratis.grpc.server.GrpcService.requestVote(GrpcService.java:204)
	at org.apache.ratis.server.impl.LeaderElection.lambda$submitRequests$1(LeaderElection.java:238)
	at java.util.concurrent.FutureTask.run(FutureTask.java:266)
	at java.util.concurrent.Executors$RunnableAdapter.call(Executors.java:511)
	at java.util.concurrent.FutureTask.run(FutureTask.java:266)
	at java.util.concurrent.ThreadPoolExecutor.runWorker(ThreadPoolExecutor.java:1149)
	at java.util.concurrent.ThreadPoolExecutor$Worker.run(ThreadPoolExecutor.java:624)
	... 1 more
Caused by: org.apache.ratis.thirdparty.io.netty.channel.AbstractChannel$AnnotatedConnectException: Connection refused: /192.168.151.82:34214
	at sun.nio.ch.SocketChannelImpl.checkConnect(Native Method)
	at sun.nio.ch.SocketChannelImpl.finishConnect(SocketChannelImpl.java:717)
	at org.apache.ratis.thirdparty.io.netty.channel.socket.nio.NioSocketChannel.doFinishConnect(NioSocketChannel.java:327)
	at org.apache.ratis.thirdparty.io.netty.channel.nio.AbstractNioChannel$AbstractNioUnsafe.finishConnect(AbstractNioChannel.java:340)
	at org.apache.ratis.thirdparty.io.netty.channel.nio.NioEventLoop.processSelectedKey(NioEventLoop.java:632)
	at org.apache.ratis.thirdparty.io.netty.channel.nio.NioEventLoop.processSelectedKeysOptimized(NioEventLoop.java:579)
	at org.apache.ratis.thirdparty.io.netty.channel.nio.NioEventLoop.processSelectedKeys(NioEventLoop.java:496)
	at org.apache.ratis.thirdparty.io.netty.channel.nio.NioEventLoop.run(NioEventLoop.java:458)
	at org.apache.ratis.thirdparty.io.netty.util.concurrent.SingleThreadEventExecutor$5.run(SingleThreadEventExecutor.java:897)
	at org.apache.ratis.thirdparty.io.netty.util.concurrent.FastThreadLocalRunnable.run(FastThreadLocalRunnable.java:30)
	... 1 more
Caused by: java.net.ConnectException: Connection refused
	... 11 more
2019-09-28 01:22:21,643 [6882fb80-f7ef-4730-ad10-ebcfa4f7520d@group-6DBCB3E229B8:LeaderElection131] INFO  impl.LeaderElection (LeaderElection.java:logAndReturn(56)) - 6882fb80-f7ef-4730-ad10-ebcfa4f7520d@group-6DBCB3E229B8:LeaderElection131: Election REJECTED; received 0 response(s) [] and 2 exception(s); 6882fb80-f7ef-4730-ad10-ebcfa4f7520d@group-6DBCB3E229B8:t5, leader=null, voted=6882fb80-f7ef-4730-ad10-ebcfa4f7520d, raftlog=6882fb80-f7ef-4730-ad10-ebcfa4f7520d@group-6DBCB3E229B8-SegmentedRaftLog:OPENED:c2,f2,i2, conf=1: [01a90e73-792d-4935-bbf3-5d3894bf13f0:192.168.151.82:37184, 1966a829-263f-4752-b717-080d3fe051ab:192.168.151.82:34214, 6882fb80-f7ef-4730-ad10-ebcfa4f7520d:192.168.151.82:39537], old=null
2019-09-28 01:22:21,643 [6882fb80-f7ef-4730-ad10-ebcfa4f7520d@group-6DBCB3E229B8:LeaderElection131] INFO  impl.LeaderElection (LogUtils.java:infoOrTrace(149)) -   Exception 0: {}
java.util.concurrent.ExecutionException: org.apache.ratis.thirdparty.io.grpc.StatusRuntimeException: UNAVAILABLE: io exception
	at java.util.concurrent.FutureTask.report(FutureTask.java:122)
	at java.util.concurrent.FutureTask.get(FutureTask.java:192)
	at org.apache.ratis.server.impl.LeaderElection.waitForResults(LeaderElection.java:263)
	at org.apache.ratis.server.impl.LeaderElection.askForVotes(LeaderElection.java:201)
	at org.apache.ratis.server.impl.LeaderElection.run(LeaderElection.java:133)
	at java.lang.Thread.run(Thread.java:748)
Caused by: org.apache.ratis.thirdparty.io.grpc.StatusRuntimeException: UNAVAILABLE: io exception
	at org.apache.ratis.thirdparty.io.grpc.stub.ClientCalls.toStatusRuntimeException(ClientCalls.java:233)
	at org.apache.ratis.thirdparty.io.grpc.stub.ClientCalls.getUnchecked(ClientCalls.java:214)
	at org.apache.ratis.thirdparty.io.grpc.stub.ClientCalls.blockingUnaryCall(ClientCalls.java:139)
	at org.apache.ratis.proto.grpc.RaftServerProtocolServiceGrpc$RaftServerProtocolServiceBlockingStub.requestVote(RaftServerProtocolServiceGrpc.java:265)
	at org.apache.ratis.grpc.server.GrpcServerProtocolClient.requestVote(GrpcServerProtocolClient.java:90)
	at org.apache.ratis.grpc.server.GrpcService.requestVote(GrpcService.java:204)
	at org.apache.ratis.server.impl.LeaderElection.lambda$submitRequests$1(LeaderElection.java:238)
	at java.util.concurrent.FutureTask.run(FutureTask.java:266)
	at java.util.concurrent.Executors$RunnableAdapter.call(Executors.java:511)
	at java.util.concurrent.FutureTask.run(FutureTask.java:266)
	at java.util.concurrent.ThreadPoolExecutor.runWorker(ThreadPoolExecutor.java:1149)
	at java.util.concurrent.ThreadPoolExecutor$Worker.run(ThreadPoolExecutor.java:624)
	... 1 more
Caused by: org.apache.ratis.thirdparty.io.netty.channel.AbstractChannel$AnnotatedConnectException: Connection refused: /192.168.151.82:37184
	at sun.nio.ch.SocketChannelImpl.checkConnect(Native Method)
	at sun.nio.ch.SocketChannelImpl.finishConnect(SocketChannelImpl.java:717)
	at org.apache.ratis.thirdparty.io.netty.channel.socket.nio.NioSocketChannel.doFinishConnect(NioSocketChannel.java:327)
	at org.apache.ratis.thirdparty.io.netty.channel.nio.AbstractNioChannel$AbstractNioUnsafe.finishConnect(AbstractNioChannel.java:340)
	at org.apache.ratis.thirdparty.io.netty.channel.nio.NioEventLoop.processSelectedKey(NioEventLoop.java:632)
	at org.apache.ratis.thirdparty.io.netty.channel.nio.NioEventLoop.processSelectedKeysOptimized(NioEventLoop.java:579)
	at org.apache.ratis.thirdparty.io.netty.channel.nio.NioEventLoop.processSelectedKeys(NioEventLoop.java:496)
	at org.apache.ratis.thirdparty.io.netty.channel.nio.NioEventLoop.run(NioEventLoop.java:458)
	at org.apache.ratis.thirdparty.io.netty.util.concurrent.SingleThreadEventExecutor$5.run(SingleThreadEventExecutor.java:897)
	at org.apache.ratis.thirdparty.io.netty.util.concurrent.FastThreadLocalRunnable.run(FastThreadLocalRunnable.java:30)
	... 1 more
Caused by: java.net.ConnectException: Connection refused
	... 11 more
2019-09-28 01:22:21,644 [6882fb80-f7ef-4730-ad10-ebcfa4f7520d@group-6DBCB3E229B8:LeaderElection131] INFO  impl.LeaderElection (LogUtils.java:infoOrTrace(149)) -   Exception 1: {}
java.util.concurrent.ExecutionException: org.apache.ratis.thirdparty.io.grpc.StatusRuntimeException: UNAVAILABLE: io exception
	at java.util.concurrent.FutureTask.report(FutureTask.java:122)
	at java.util.concurrent.FutureTask.get(FutureTask.java:192)
	at org.apache.ratis.server.impl.LeaderElection.waitForResults(LeaderElection.java:263)
	at org.apache.ratis.server.impl.LeaderElection.askForVotes(LeaderElection.java:201)
	at org.apache.ratis.server.impl.LeaderElection.run(LeaderElection.java:133)
	at java.lang.Thread.run(Thread.java:748)
Caused by: org.apache.ratis.thirdparty.io.grpc.StatusRuntimeException: UNAVAILABLE: io exception
	at org.apache.ratis.thirdparty.io.grpc.stub.ClientCalls.toStatusRuntimeException(ClientCalls.java:233)
	at org.apache.ratis.thirdparty.io.grpc.stub.ClientCalls.getUnchecked(ClientCalls.java:214)
	at org.apache.ratis.thirdparty.io.grpc.stub.ClientCalls.blockingUnaryCall(ClientCalls.java:139)
	at org.apache.ratis.proto.grpc.RaftServerProtocolServiceGrpc$RaftServerProtocolServiceBlockingStub.requestVote(RaftServerProtocolServiceGrpc.java:265)
	at org.apache.ratis.grpc.server.GrpcServerProtocolClient.requestVote(GrpcServerProtocolClient.java:90)
	at org.apache.ratis.grpc.server.GrpcService.requestVote(GrpcService.java:204)
	at org.apache.ratis.server.impl.LeaderElection.lambda$submitRequests$1(LeaderElection.java:238)
	at java.util.concurrent.FutureTask.run(FutureTask.java:266)
	at java.util.concurrent.Executors$RunnableAdapter.call(Executors.java:511)
	at java.util.concurrent.FutureTask.run(FutureTask.java:266)
	at java.util.concurrent.ThreadPoolExecutor.runWorker(ThreadPoolExecutor.java:1149)
	at java.util.concurrent.ThreadPoolExecutor$Worker.run(ThreadPoolExecutor.java:624)
	... 1 more
Caused by: org.apache.ratis.thirdparty.io.netty.channel.AbstractChannel$AnnotatedConnectException: Connection refused: /192.168.151.82:34214
	at sun.nio.ch.SocketChannelImpl.checkConnect(Native Method)
	at sun.nio.ch.SocketChannelImpl.finishConnect(SocketChannelImpl.java:717)
	at org.apache.ratis.thirdparty.io.netty.channel.socket.nio.NioSocketChannel.doFinishConnect(NioSocketChannel.java:327)
	at org.apache.ratis.thirdparty.io.netty.channel.nio.AbstractNioChannel$AbstractNioUnsafe.finishConnect(AbstractNioChannel.java:340)
	at org.apache.ratis.thirdparty.io.netty.channel.nio.NioEventLoop.processSelectedKey(NioEventLoop.java:632)
	at org.apache.ratis.thirdparty.io.netty.channel.nio.NioEventLoop.processSelectedKeysOptimized(NioEventLoop.java:579)
	at org.apache.ratis.thirdparty.io.netty.channel.nio.NioEventLoop.processSelectedKeys(NioEventLoop.java:496)
	at org.apache.ratis.thirdparty.io.netty.channel.nio.NioEventLoop.run(NioEventLoop.java:458)
	at org.apache.ratis.thirdparty.io.netty.util.concurrent.SingleThreadEventExecutor$5.run(SingleThreadEventExecutor.java:897)
	at org.apache.ratis.thirdparty.io.netty.util.concurrent.FastThreadLocalRunnable.run(FastThreadLocalRunnable.java:30)
	... 1 more
Caused by: java.net.ConnectException: Connection refused
	... 11 more
2019-09-28 01:22:21,644 [6882fb80-f7ef-4730-ad10-ebcfa4f7520d@group-6DBCB3E229B8:LeaderElection131] INFO  impl.RaftServerImpl (RaftServerImpl.java:setRole(174)) - 6882fb80-f7ef-4730-ad10-ebcfa4f7520d@group-6DBCB3E229B8: changes role from CANDIDATE to FOLLOWER at term 5 for DISCOVERED_A_NEW_TERM
2019-09-28 01:22:21,644 [6882fb80-f7ef-4730-ad10-ebcfa4f7520d@group-6DBCB3E229B8:LeaderElection131] INFO  impl.RoleInfo (RoleInfo.java:shutdownLeaderElection(134)) - 6882fb80-f7ef-4730-ad10-ebcfa4f7520d: shutdown LeaderElection
2019-09-28 01:22:21,645 [6882fb80-f7ef-4730-ad10-ebcfa4f7520d@group-6DBCB3E229B8:LeaderElection131] INFO  impl.RoleInfo (RoleInfo.java:updateAndGet(143)) - 6882fb80-f7ef-4730-ad10-ebcfa4f7520d: start FollowerState
2019-09-28 01:22:21,778 [grpc-default-executor-5] WARN  server.GrpcLogAppender (LogUtils.java:warn(134)) - 1718a6b7-a807-47b2-9e97-09209d9c5800@group-D9D741084385->ab3cf4df-5976-458c-b5c2-4cdf8c4d91de-AppendLogResponseHandler: Failed appendEntries: org.apache.ratis.thirdparty.io.grpc.StatusRuntimeException: UNAVAILABLE: io exception
2019-09-28 01:22:21,778 [grpc-default-executor-8] WARN  server.GrpcLogAppender (LogUtils.java:warn(134)) - 584b1f9e-1c1b-443b-8e2e-a6c41c3b24d1@group-4C9F0EF89CA4->2f116fb9-3359-4137-b08e-444c3348f2a5-AppendLogResponseHandler: Failed appendEntries: org.apache.ratis.thirdparty.io.grpc.StatusRuntimeException: UNAVAILABLE: io exception
2019-09-28 01:22:21,779 [grpc-default-executor-5] INFO  impl.FollowerInfo (FollowerInfo.java:lambda$new$0(51)) - 1718a6b7-a807-47b2-9e97-09209d9c5800@group-D9D741084385->ab3cf4df-5976-458c-b5c2-4cdf8c4d91de: nextIndex: updateUnconditionally 0 -> 0
2019-09-28 01:22:21,779 [grpc-default-executor-8] INFO  impl.FollowerInfo (FollowerInfo.java:lambda$new$0(51)) - 584b1f9e-1c1b-443b-8e2e-a6c41c3b24d1@group-4C9F0EF89CA4->2f116fb9-3359-4137-b08e-444c3348f2a5: nextIndex: updateUnconditionally 0 -> 0
2019-09-28 01:22:21,802 [grpc-default-executor-8] WARN  server.GrpcLogAppender (LogUtils.java:warn(134)) - 584b1f9e-1c1b-443b-8e2e-a6c41c3b24d1@group-4C9F0EF89CA4->9ab63732-2b11-4d45-b3bd-cb418bdaf76f-AppendLogResponseHandler: Failed appendEntries: org.apache.ratis.thirdparty.io.grpc.StatusRuntimeException: UNAVAILABLE: io exception
2019-09-28 01:22:21,802 [grpc-default-executor-8] INFO  impl.FollowerInfo (FollowerInfo.java:lambda$new$0(51)) - 584b1f9e-1c1b-443b-8e2e-a6c41c3b24d1@group-4C9F0EF89CA4->9ab63732-2b11-4d45-b3bd-cb418bdaf76f: nextIndex: updateUnconditionally 0 -> 0
2019-09-28 01:22:22,280 [grpc-default-executor-5] WARN  server.GrpcLogAppender (LogUtils.java:warn(134)) - 1718a6b7-a807-47b2-9e97-09209d9c5800@group-D9D741084385->ab3cf4df-5976-458c-b5c2-4cdf8c4d91de-AppendLogResponseHandler: Failed appendEntries: org.apache.ratis.thirdparty.io.grpc.StatusRuntimeException: UNAVAILABLE: io exception
2019-09-28 01:22:22,280 [grpc-default-executor-8] WARN  server.GrpcLogAppender (LogUtils.java:warn(134)) - 584b1f9e-1c1b-443b-8e2e-a6c41c3b24d1@group-4C9F0EF89CA4->2f116fb9-3359-4137-b08e-444c3348f2a5-AppendLogResponseHandler: Failed appendEntries: org.apache.ratis.thirdparty.io.grpc.StatusRuntimeException: UNAVAILABLE: io exception
2019-09-28 01:22:22,280 [grpc-default-executor-5] INFO  impl.FollowerInfo (FollowerInfo.java:lambda$new$0(51)) - 1718a6b7-a807-47b2-9e97-09209d9c5800@group-D9D741084385->ab3cf4df-5976-458c-b5c2-4cdf8c4d91de: nextIndex: updateUnconditionally 0 -> 0
2019-09-28 01:22:22,281 [grpc-default-executor-8] INFO  impl.FollowerInfo (FollowerInfo.java:lambda$new$0(51)) - 584b1f9e-1c1b-443b-8e2e-a6c41c3b24d1@group-4C9F0EF89CA4->2f116fb9-3359-4137-b08e-444c3348f2a5: nextIndex: updateUnconditionally 0 -> 0
2019-09-28 01:22:22,302 [grpc-default-executor-6] WARN  server.GrpcLogAppender (LogUtils.java:warn(134)) - 584b1f9e-1c1b-443b-8e2e-a6c41c3b24d1@group-4C9F0EF89CA4->9ab63732-2b11-4d45-b3bd-cb418bdaf76f-AppendLogResponseHandler: Failed appendEntries: org.apache.ratis.thirdparty.io.grpc.StatusRuntimeException: UNAVAILABLE: io exception
2019-09-28 01:22:22,303 [grpc-default-executor-6] INFO  impl.FollowerInfo (FollowerInfo.java:lambda$new$0(51)) - 584b1f9e-1c1b-443b-8e2e-a6c41c3b24d1@group-4C9F0EF89CA4->9ab63732-2b11-4d45-b3bd-cb418bdaf76f: nextIndex: updateUnconditionally 0 -> 0
2019-09-28 01:22:22,753 [Thread-7754] INFO  impl.FollowerState (FollowerState.java:run(106)) - 6882fb80-f7ef-4730-ad10-ebcfa4f7520d:group-6DBCB3E229B8 changes to CANDIDATE, lastRpcTime:1108, electionTimeout:1108ms
2019-09-28 01:22:22,753 [Thread-7754] INFO  impl.RoleInfo (RoleInfo.java:shutdownFollowerState(121)) - 6882fb80-f7ef-4730-ad10-ebcfa4f7520d: shutdown FollowerState
2019-09-28 01:22:22,754 [Thread-7754] INFO  impl.RaftServerImpl (RaftServerImpl.java:setRole(174)) - 6882fb80-f7ef-4730-ad10-ebcfa4f7520d@group-6DBCB3E229B8: changes role from  FOLLOWER to CANDIDATE at term 5 for changeToCandidate
2019-09-28 01:22:22,754 [Thread-7754] INFO  impl.RoleInfo (RoleInfo.java:updateAndGet(143)) - 6882fb80-f7ef-4730-ad10-ebcfa4f7520d: start LeaderElection
2019-09-28 01:22:22,768 [6882fb80-f7ef-4730-ad10-ebcfa4f7520d@group-6DBCB3E229B8:LeaderElection132] INFO  impl.LeaderElection (LeaderElection.java:askForVotes(182)) - 6882fb80-f7ef-4730-ad10-ebcfa4f7520d@group-6DBCB3E229B8:LeaderElection132: begin an election at term 6 for 1: [01a90e73-792d-4935-bbf3-5d3894bf13f0:192.168.151.82:37184, 1966a829-263f-4752-b717-080d3fe051ab:192.168.151.82:34214, 6882fb80-f7ef-4730-ad10-ebcfa4f7520d:192.168.151.82:39537], old=null
2019-09-28 01:22:22,769 [6882fb80-f7ef-4730-ad10-ebcfa4f7520d@group-6DBCB3E229B8:LeaderElection132] INFO  impl.LeaderElection (LogUtils.java:infoOrTrace(149)) - 6882fb80-f7ef-4730-ad10-ebcfa4f7520d@group-6DBCB3E229B8:LeaderElection132 got exception when requesting votes: {}
java.util.concurrent.ExecutionException: org.apache.ratis.thirdparty.io.grpc.StatusRuntimeException: UNAVAILABLE: io exception
	at java.util.concurrent.FutureTask.report(FutureTask.java:122)
	at java.util.concurrent.FutureTask.get(FutureTask.java:192)
	at org.apache.ratis.server.impl.LeaderElection.waitForResults(LeaderElection.java:263)
	at org.apache.ratis.server.impl.LeaderElection.askForVotes(LeaderElection.java:201)
	at org.apache.ratis.server.impl.LeaderElection.run(LeaderElection.java:133)
	at java.lang.Thread.run(Thread.java:748)
Caused by: org.apache.ratis.thirdparty.io.grpc.StatusRuntimeException: UNAVAILABLE: io exception
	at org.apache.ratis.thirdparty.io.grpc.stub.ClientCalls.toStatusRuntimeException(ClientCalls.java:233)
	at org.apache.ratis.thirdparty.io.grpc.stub.ClientCalls.getUnchecked(ClientCalls.java:214)
	at org.apache.ratis.thirdparty.io.grpc.stub.ClientCalls.blockingUnaryCall(ClientCalls.java:139)
	at org.apache.ratis.proto.grpc.RaftServerProtocolServiceGrpc$RaftServerProtocolServiceBlockingStub.requestVote(RaftServerProtocolServiceGrpc.java:265)
	at org.apache.ratis.grpc.server.GrpcServerProtocolClient.requestVote(GrpcServerProtocolClient.java:90)
	at org.apache.ratis.grpc.server.GrpcService.requestVote(GrpcService.java:204)
	at org.apache.ratis.server.impl.LeaderElection.lambda$submitRequests$1(LeaderElection.java:238)
	at java.util.concurrent.FutureTask.run(FutureTask.java:266)
	at java.util.concurrent.Executors$RunnableAdapter.call(Executors.java:511)
	at java.util.concurrent.FutureTask.run(FutureTask.java:266)
	at java.util.concurrent.ThreadPoolExecutor.runWorker(ThreadPoolExecutor.java:1149)
	at java.util.concurrent.ThreadPoolExecutor$Worker.run(ThreadPoolExecutor.java:624)
	... 1 more
Caused by: org.apache.ratis.thirdparty.io.netty.channel.AbstractChannel$AnnotatedConnectException: Connection refused: /192.168.151.82:37184
	at sun.nio.ch.SocketChannelImpl.checkConnect(Native Method)
	at sun.nio.ch.SocketChannelImpl.finishConnect(SocketChannelImpl.java:717)
	at org.apache.ratis.thirdparty.io.netty.channel.socket.nio.NioSocketChannel.doFinishConnect(NioSocketChannel.java:327)
	at org.apache.ratis.thirdparty.io.netty.channel.nio.AbstractNioChannel$AbstractNioUnsafe.finishConnect(AbstractNioChannel.java:340)
	at org.apache.ratis.thirdparty.io.netty.channel.nio.NioEventLoop.processSelectedKey(NioEventLoop.java:632)
	at org.apache.ratis.thirdparty.io.netty.channel.nio.NioEventLoop.processSelectedKeysOptimized(NioEventLoop.java:579)
	at org.apache.ratis.thirdparty.io.netty.channel.nio.NioEventLoop.processSelectedKeys(NioEventLoop.java:496)
	at org.apache.ratis.thirdparty.io.netty.channel.nio.NioEventLoop.run(NioEventLoop.java:458)
	at org.apache.ratis.thirdparty.io.netty.util.concurrent.SingleThreadEventExecutor$5.run(SingleThreadEventExecutor.java:897)
	at org.apache.ratis.thirdparty.io.netty.util.concurrent.FastThreadLocalRunnable.run(FastThreadLocalRunnable.java:30)
	... 1 more
Caused by: java.net.ConnectException: Connection refused
	... 11 more
2019-09-28 01:22:22,770 [6882fb80-f7ef-4730-ad10-ebcfa4f7520d@group-6DBCB3E229B8:LeaderElection132] INFO  impl.LeaderElection (LogUtils.java:infoOrTrace(149)) - 6882fb80-f7ef-4730-ad10-ebcfa4f7520d@group-6DBCB3E229B8:LeaderElection132 got exception when requesting votes: {}
java.util.concurrent.ExecutionException: org.apache.ratis.thirdparty.io.grpc.StatusRuntimeException: UNAVAILABLE: io exception
	at java.util.concurrent.FutureTask.report(FutureTask.java:122)
	at java.util.concurrent.FutureTask.get(FutureTask.java:192)
	at org.apache.ratis.server.impl.LeaderElection.waitForResults(LeaderElection.java:263)
	at org.apache.ratis.server.impl.LeaderElection.askForVotes(LeaderElection.java:201)
	at org.apache.ratis.server.impl.LeaderElection.run(LeaderElection.java:133)
	at java.lang.Thread.run(Thread.java:748)
Caused by: org.apache.ratis.thirdparty.io.grpc.StatusRuntimeException: UNAVAILABLE: io exception
	at org.apache.ratis.thirdparty.io.grpc.stub.ClientCalls.toStatusRuntimeException(ClientCalls.java:233)
	at org.apache.ratis.thirdparty.io.grpc.stub.ClientCalls.getUnchecked(ClientCalls.java:214)
	at org.apache.ratis.thirdparty.io.grpc.stub.ClientCalls.blockingUnaryCall(ClientCalls.java:139)
	at org.apache.ratis.proto.grpc.RaftServerProtocolServiceGrpc$RaftServerProtocolServiceBlockingStub.requestVote(RaftServerProtocolServiceGrpc.java:265)
	at org.apache.ratis.grpc.server.GrpcServerProtocolClient.requestVote(GrpcServerProtocolClient.java:90)
	at org.apache.ratis.grpc.server.GrpcService.requestVote(GrpcService.java:204)
	at org.apache.ratis.server.impl.LeaderElection.lambda$submitRequests$1(LeaderElection.java:238)
	at java.util.concurrent.FutureTask.run(FutureTask.java:266)
	at java.util.concurrent.Executors$RunnableAdapter.call(Executors.java:511)
	at java.util.concurrent.FutureTask.run(FutureTask.java:266)
	at java.util.concurrent.ThreadPoolExecutor.runWorker(ThreadPoolExecutor.java:1149)
	at java.util.concurrent.ThreadPoolExecutor$Worker.run(ThreadPoolExecutor.java:624)
	... 1 more
Caused by: org.apache.ratis.thirdparty.io.netty.channel.AbstractChannel$AnnotatedConnectException: Connection refused: /192.168.151.82:34214
	at sun.nio.ch.SocketChannelImpl.checkConnect(Native Method)
	at sun.nio.ch.SocketChannelImpl.finishConnect(SocketChannelImpl.java:717)
	at org.apache.ratis.thirdparty.io.netty.channel.socket.nio.NioSocketChannel.doFinishConnect(NioSocketChannel.java:327)
	at org.apache.ratis.thirdparty.io.netty.channel.nio.AbstractNioChannel$AbstractNioUnsafe.finishConnect(AbstractNioChannel.java:340)
	at org.apache.ratis.thirdparty.io.netty.channel.nio.NioEventLoop.processSelectedKey(NioEventLoop.java:632)
	at org.apache.ratis.thirdparty.io.netty.channel.nio.NioEventLoop.processSelectedKeysOptimized(NioEventLoop.java:579)
	at org.apache.ratis.thirdparty.io.netty.channel.nio.NioEventLoop.processSelectedKeys(NioEventLoop.java:496)
	at org.apache.ratis.thirdparty.io.netty.channel.nio.NioEventLoop.run(NioEventLoop.java:458)
	at org.apache.ratis.thirdparty.io.netty.util.concurrent.SingleThreadEventExecutor$5.run(SingleThreadEventExecutor.java:897)
	at org.apache.ratis.thirdparty.io.netty.util.concurrent.FastThreadLocalRunnable.run(FastThreadLocalRunnable.java:30)
	... 1 more
Caused by: java.net.ConnectException: Connection refused
	... 11 more
2019-09-28 01:22:22,770 [6882fb80-f7ef-4730-ad10-ebcfa4f7520d@group-6DBCB3E229B8:LeaderElection132] INFO  impl.LeaderElection (LeaderElection.java:logAndReturn(56)) - 6882fb80-f7ef-4730-ad10-ebcfa4f7520d@group-6DBCB3E229B8:LeaderElection132: Election REJECTED; received 0 response(s) [] and 2 exception(s); 6882fb80-f7ef-4730-ad10-ebcfa4f7520d@group-6DBCB3E229B8:t6, leader=null, voted=6882fb80-f7ef-4730-ad10-ebcfa4f7520d, raftlog=6882fb80-f7ef-4730-ad10-ebcfa4f7520d@group-6DBCB3E229B8-SegmentedRaftLog:OPENED:c2,f2,i2, conf=1: [01a90e73-792d-4935-bbf3-5d3894bf13f0:192.168.151.82:37184, 1966a829-263f-4752-b717-080d3fe051ab:192.168.151.82:34214, 6882fb80-f7ef-4730-ad10-ebcfa4f7520d:192.168.151.82:39537], old=null
2019-09-28 01:22:22,770 [6882fb80-f7ef-4730-ad10-ebcfa4f7520d@group-6DBCB3E229B8:LeaderElection132] INFO  impl.LeaderElection (LogUtils.java:infoOrTrace(149)) -   Exception 0: {}
java.util.concurrent.ExecutionException: org.apache.ratis.thirdparty.io.grpc.StatusRuntimeException: UNAVAILABLE: io exception
	at java.util.concurrent.FutureTask.report(FutureTask.java:122)
	at java.util.concurrent.FutureTask.get(FutureTask.java:192)
	at org.apache.ratis.server.impl.LeaderElection.waitForResults(LeaderElection.java:263)
	at org.apache.ratis.server.impl.LeaderElection.askForVotes(LeaderElection.java:201)
	at org.apache.ratis.server.impl.LeaderElection.run(LeaderElection.java:133)
	at java.lang.Thread.run(Thread.java:748)
Caused by: org.apache.ratis.thirdparty.io.grpc.StatusRuntimeException: UNAVAILABLE: io exception
	at org.apache.ratis.thirdparty.io.grpc.stub.ClientCalls.toStatusRuntimeException(ClientCalls.java:233)
	at org.apache.ratis.thirdparty.io.grpc.stub.ClientCalls.getUnchecked(ClientCalls.java:214)
	at org.apache.ratis.thirdparty.io.grpc.stub.ClientCalls.blockingUnaryCall(ClientCalls.java:139)
	at org.apache.ratis.proto.grpc.RaftServerProtocolServiceGrpc$RaftServerProtocolServiceBlockingStub.requestVote(RaftServerProtocolServiceGrpc.java:265)
	at org.apache.ratis.grpc.server.GrpcServerProtocolClient.requestVote(GrpcServerProtocolClient.java:90)
	at org.apache.ratis.grpc.server.GrpcService.requestVote(GrpcService.java:204)
	at org.apache.ratis.server.impl.LeaderElection.lambda$submitRequests$1(LeaderElection.java:238)
	at java.util.concurrent.FutureTask.run(FutureTask.java:266)
	at java.util.concurrent.Executors$RunnableAdapter.call(Executors.java:511)
	at java.util.concurrent.FutureTask.run(FutureTask.java:266)
	at java.util.concurrent.ThreadPoolExecutor.runWorker(ThreadPoolExecutor.java:1149)
	at java.util.concurrent.ThreadPoolExecutor$Worker.run(ThreadPoolExecutor.java:624)
	... 1 more
Caused by: org.apache.ratis.thirdparty.io.netty.channel.AbstractChannel$AnnotatedConnectException: Connection refused: /192.168.151.82:37184
	at sun.nio.ch.SocketChannelImpl.checkConnect(Native Method)
	at sun.nio.ch.SocketChannelImpl.finishConnect(SocketChannelImpl.java:717)
	at org.apache.ratis.thirdparty.io.netty.channel.socket.nio.NioSocketChannel.doFinishConnect(NioSocketChannel.java:327)
	at org.apache.ratis.thirdparty.io.netty.channel.nio.AbstractNioChannel$AbstractNioUnsafe.finishConnect(AbstractNioChannel.java:340)
	at org.apache.ratis.thirdparty.io.netty.channel.nio.NioEventLoop.processSelectedKey(NioEventLoop.java:632)
	at org.apache.ratis.thirdparty.io.netty.channel.nio.NioEventLoop.processSelectedKeysOptimized(NioEventLoop.java:579)
	at org.apache.ratis.thirdparty.io.netty.channel.nio.NioEventLoop.processSelectedKeys(NioEventLoop.java:496)
	at org.apache.ratis.thirdparty.io.netty.channel.nio.NioEventLoop.run(NioEventLoop.java:458)
	at org.apache.ratis.thirdparty.io.netty.util.concurrent.SingleThreadEventExecutor$5.run(SingleThreadEventExecutor.java:897)
	at org.apache.ratis.thirdparty.io.netty.util.concurrent.FastThreadLocalRunnable.run(FastThreadLocalRunnable.java:30)
	... 1 more
Caused by: java.net.ConnectException: Connection refused
	... 11 more
2019-09-28 01:22:22,771 [6882fb80-f7ef-4730-ad10-ebcfa4f7520d@group-6DBCB3E229B8:LeaderElection132] INFO  impl.LeaderElection (LogUtils.java:infoOrTrace(149)) -   Exception 1: {}
java.util.concurrent.ExecutionException: org.apache.ratis.thirdparty.io.grpc.StatusRuntimeException: UNAVAILABLE: io exception
	at java.util.concurrent.FutureTask.report(FutureTask.java:122)
	at java.util.concurrent.FutureTask.get(FutureTask.java:192)
	at org.apache.ratis.server.impl.LeaderElection.waitForResults(LeaderElection.java:263)
	at org.apache.ratis.server.impl.LeaderElection.askForVotes(LeaderElection.java:201)
	at org.apache.ratis.server.impl.LeaderElection.run(LeaderElection.java:133)
	at java.lang.Thread.run(Thread.java:748)
Caused by: org.apache.ratis.thirdparty.io.grpc.StatusRuntimeException: UNAVAILABLE: io exception
	at org.apache.ratis.thirdparty.io.grpc.stub.ClientCalls.toStatusRuntimeException(ClientCalls.java:233)
	at org.apache.ratis.thirdparty.io.grpc.stub.ClientCalls.getUnchecked(ClientCalls.java:214)
	at org.apache.ratis.thirdparty.io.grpc.stub.ClientCalls.blockingUnaryCall(ClientCalls.java:139)
	at org.apache.ratis.proto.grpc.RaftServerProtocolServiceGrpc$RaftServerProtocolServiceBlockingStub.requestVote(RaftServerProtocolServiceGrpc.java:265)
	at org.apache.ratis.grpc.server.GrpcServerProtocolClient.requestVote(GrpcServerProtocolClient.java:90)
	at org.apache.ratis.grpc.server.GrpcService.requestVote(GrpcService.java:204)
	at org.apache.ratis.server.impl.LeaderElection.lambda$submitRequests$1(LeaderElection.java:238)
	at java.util.concurrent.FutureTask.run(FutureTask.java:266)
	at java.util.concurrent.Executors$RunnableAdapter.call(Executors.java:511)
	at java.util.concurrent.FutureTask.run(FutureTask.java:266)
	at java.util.concurrent.ThreadPoolExecutor.runWorker(ThreadPoolExecutor.java:1149)
	at java.util.concurrent.ThreadPoolExecutor$Worker.run(ThreadPoolExecutor.java:624)
	... 1 more
Caused by: org.apache.ratis.thirdparty.io.netty.channel.AbstractChannel$AnnotatedConnectException: Connection refused: /192.168.151.82:34214
	at sun.nio.ch.SocketChannelImpl.checkConnect(Native Method)
	at sun.nio.ch.SocketChannelImpl.finishConnect(SocketChannelImpl.java:717)
	at org.apache.ratis.thirdparty.io.netty.channel.socket.nio.NioSocketChannel.doFinishConnect(NioSocketChannel.java:327)
	at org.apache.ratis.thirdparty.io.netty.channel.nio.AbstractNioChannel$AbstractNioUnsafe.finishConnect(AbstractNioChannel.java:340)
	at org.apache.ratis.thirdparty.io.netty.channel.nio.NioEventLoop.processSelectedKey(NioEventLoop.java:632)
	at org.apache.ratis.thirdparty.io.netty.channel.nio.NioEventLoop.processSelectedKeysOptimized(NioEventLoop.java:579)
	at org.apache.ratis.thirdparty.io.netty.channel.nio.NioEventLoop.processSelectedKeys(NioEventLoop.java:496)
	at org.apache.ratis.thirdparty.io.netty.channel.nio.NioEventLoop.run(NioEventLoop.java:458)
	at org.apache.ratis.thirdparty.io.netty.util.concurrent.SingleThreadEventExecutor$5.run(SingleThreadEventExecutor.java:897)
	at org.apache.ratis.thirdparty.io.netty.util.concurrent.FastThreadLocalRunnable.run(FastThreadLocalRunnable.java:30)
	... 1 more
Caused by: java.net.ConnectException: Connection refused
	... 11 more
2019-09-28 01:22:22,771 [6882fb80-f7ef-4730-ad10-ebcfa4f7520d@group-6DBCB3E229B8:LeaderElection132] INFO  impl.RaftServerImpl (RaftServerImpl.java:setRole(174)) - 6882fb80-f7ef-4730-ad10-ebcfa4f7520d@group-6DBCB3E229B8: changes role from CANDIDATE to FOLLOWER at term 6 for DISCOVERED_A_NEW_TERM
2019-09-28 01:22:22,772 [6882fb80-f7ef-4730-ad10-ebcfa4f7520d@group-6DBCB3E229B8:LeaderElection132] INFO  impl.RoleInfo (RoleInfo.java:shutdownLeaderElection(134)) - 6882fb80-f7ef-4730-ad10-ebcfa4f7520d: shutdown LeaderElection
2019-09-28 01:22:22,772 [6882fb80-f7ef-4730-ad10-ebcfa4f7520d@group-6DBCB3E229B8:LeaderElection132] INFO  impl.RoleInfo (RoleInfo.java:updateAndGet(143)) - 6882fb80-f7ef-4730-ad10-ebcfa4f7520d: start FollowerState
2019-09-28 01:22:22,780 [grpc-default-executor-9] WARN  server.GrpcLogAppender (LogUtils.java:warn(134)) - 584b1f9e-1c1b-443b-8e2e-a6c41c3b24d1@group-4C9F0EF89CA4->2f116fb9-3359-4137-b08e-444c3348f2a5-AppendLogResponseHandler: Failed appendEntries: org.apache.ratis.thirdparty.io.grpc.StatusRuntimeException: UNAVAILABLE: io exception
2019-09-28 01:22:22,780 [grpc-default-executor-8] WARN  server.GrpcLogAppender (LogUtils.java:warn(134)) - 1718a6b7-a807-47b2-9e97-09209d9c5800@group-D9D741084385->ab3cf4df-5976-458c-b5c2-4cdf8c4d91de-AppendLogResponseHandler: Failed appendEntries: org.apache.ratis.thirdparty.io.grpc.StatusRuntimeException: UNAVAILABLE: io exception
2019-09-28 01:22:22,781 [grpc-default-executor-9] INFO  impl.FollowerInfo (FollowerInfo.java:lambda$new$0(51)) - 584b1f9e-1c1b-443b-8e2e-a6c41c3b24d1@group-4C9F0EF89CA4->2f116fb9-3359-4137-b08e-444c3348f2a5: nextIndex: updateUnconditionally 0 -> 0
2019-09-28 01:22:22,781 [grpc-default-executor-8] INFO  impl.FollowerInfo (FollowerInfo.java:lambda$new$0(51)) - 1718a6b7-a807-47b2-9e97-09209d9c5800@group-D9D741084385->ab3cf4df-5976-458c-b5c2-4cdf8c4d91de: nextIndex: updateUnconditionally 0 -> 0
2019-09-28 01:22:22,803 [grpc-default-executor-8] WARN  server.GrpcLogAppender (LogUtils.java:warn(134)) - 584b1f9e-1c1b-443b-8e2e-a6c41c3b24d1@group-4C9F0EF89CA4->9ab63732-2b11-4d45-b3bd-cb418bdaf76f-AppendLogResponseHandler: Failed appendEntries: org.apache.ratis.thirdparty.io.grpc.StatusRuntimeException: UNAVAILABLE: io exception
2019-09-28 01:22:22,803 [grpc-default-executor-8] INFO  impl.FollowerInfo (FollowerInfo.java:lambda$new$0(51)) - 584b1f9e-1c1b-443b-8e2e-a6c41c3b24d1@group-4C9F0EF89CA4->9ab63732-2b11-4d45-b3bd-cb418bdaf76f: nextIndex: updateUnconditionally 0 -> 0
2019-09-28 01:22:23,281 [grpc-default-executor-5] WARN  server.GrpcLogAppender (LogUtils.java:warn(134)) - 1718a6b7-a807-47b2-9e97-09209d9c5800@group-D9D741084385->ab3cf4df-5976-458c-b5c2-4cdf8c4d91de-AppendLogResponseHandler: Failed appendEntries: org.apache.ratis.thirdparty.io.grpc.StatusRuntimeException: UNAVAILABLE: io exception
2019-09-28 01:22:23,281 [grpc-default-executor-0] WARN  server.GrpcLogAppender (LogUtils.java:warn(134)) - 584b1f9e-1c1b-443b-8e2e-a6c41c3b24d1@group-4C9F0EF89CA4->2f116fb9-3359-4137-b08e-444c3348f2a5-AppendLogResponseHandler: Failed appendEntries: org.apache.ratis.thirdparty.io.grpc.StatusRuntimeException: UNAVAILABLE: io exception
2019-09-28 01:22:23,282 [grpc-default-executor-5] INFO  impl.FollowerInfo (FollowerInfo.java:lambda$new$0(51)) - 1718a6b7-a807-47b2-9e97-09209d9c5800@group-D9D741084385->ab3cf4df-5976-458c-b5c2-4cdf8c4d91de: nextIndex: updateUnconditionally 0 -> 0
2019-09-28 01:22:23,282 [grpc-default-executor-0] INFO  impl.FollowerInfo (FollowerInfo.java:lambda$new$0(51)) - 584b1f9e-1c1b-443b-8e2e-a6c41c3b24d1@group-4C9F0EF89CA4->2f116fb9-3359-4137-b08e-444c3348f2a5: nextIndex: updateUnconditionally 0 -> 0
2019-09-28 01:22:23,304 [grpc-default-executor-9] WARN  server.GrpcLogAppender (LogUtils.java:warn(134)) - 584b1f9e-1c1b-443b-8e2e-a6c41c3b24d1@group-4C9F0EF89CA4->9ab63732-2b11-4d45-b3bd-cb418bdaf76f-AppendLogResponseHandler: Failed appendEntries: org.apache.ratis.thirdparty.io.grpc.StatusRuntimeException: UNAVAILABLE: io exception
2019-09-28 01:22:23,304 [grpc-default-executor-9] INFO  impl.FollowerInfo (FollowerInfo.java:lambda$new$0(51)) - 584b1f9e-1c1b-443b-8e2e-a6c41c3b24d1@group-4C9F0EF89CA4->9ab63732-2b11-4d45-b3bd-cb418bdaf76f: nextIndex: updateUnconditionally 0 -> 0
2019-09-28 01:22:23,463 [main] INFO  ozoneimpl.OzoneContainer (OzoneContainer.java:stop(231)) - Attempting to stop container services.
2019-09-28 01:22:23,464 [main] INFO  impl.RaftServerProxy (RaftServerProxy.java:lambda$close$4(314)) - 584b1f9e-1c1b-443b-8e2e-a6c41c3b24d1: close
2019-09-28 01:22:23,464 [main] INFO  impl.RaftServerImpl (RaftServerImpl.java:lambda$shutdown$3(251)) - 584b1f9e-1c1b-443b-8e2e-a6c41c3b24d1@group-9786385B0B25: shutdown
2019-09-28 01:22:23,465 [main] INFO  util.JmxRegister (JmxRegister.java:unregister(73)) - Successfully un-registered JMX Bean with object name Ratis:service=RaftServer,group=group-9786385B0B25,id=584b1f9e-1c1b-443b-8e2e-a6c41c3b24d1
2019-09-28 01:22:23,465 [main] INFO  impl.RoleInfo (RoleInfo.java:shutdownLeaderState(104)) - 584b1f9e-1c1b-443b-8e2e-a6c41c3b24d1: shutdown LeaderState
2019-09-28 01:22:23,466 [main] INFO  impl.PendingRequests (PendingRequests.java:sendNotLeaderResponses(202)) - 584b1f9e-1c1b-443b-8e2e-a6c41c3b24d1-PendingRequests: sendNotLeaderResponses
2019-09-28 01:22:23,467 [main] INFO  impl.StateMachineUpdater (StateMachineUpdater.java:stopAndJoin(125)) - 584b1f9e-1c1b-443b-8e2e-a6c41c3b24d1@group-9786385B0B25-StateMachineUpdater: set stopIndex = 0
2019-09-28 01:22:23,467 [main] INFO  impl.RaftServerImpl (ServerState.java:close(385)) - 584b1f9e-1c1b-443b-8e2e-a6c41c3b24d1@group-9786385B0B25: closes. applyIndex: 0
2019-09-28 01:22:23,468 [584b1f9e-1c1b-443b-8e2e-a6c41c3b24d1@group-9786385B0B25-SegmentedRaftLogWorker] INFO  segmented.SegmentedRaftLogWorker (SegmentedRaftLogWorker.java:run(313)) - 584b1f9e-1c1b-443b-8e2e-a6c41c3b24d1@group-9786385B0B25-SegmentedRaftLogWorker was interrupted, exiting. There are 0 tasks remaining in the queue.
2019-09-28 01:22:23,468 [main] INFO  segmented.SegmentedRaftLogWorker (SegmentedRaftLogWorker.java:close(228)) - 584b1f9e-1c1b-443b-8e2e-a6c41c3b24d1@group-9786385B0B25-SegmentedRaftLogWorker close()
2019-09-28 01:22:23,472 [main] INFO  impl.RaftServerImpl (RaftServerImpl.java:lambda$shutdown$3(251)) - 584b1f9e-1c1b-443b-8e2e-a6c41c3b24d1@group-4C9F0EF89CA4: shutdown
2019-09-28 01:22:23,472 [main] INFO  util.JmxRegister (JmxRegister.java:unregister(73)) - Successfully un-registered JMX Bean with object name Ratis:service=RaftServer,group=group-4C9F0EF89CA4,id=584b1f9e-1c1b-443b-8e2e-a6c41c3b24d1
2019-09-28 01:22:23,473 [main] INFO  impl.RoleInfo (RoleInfo.java:shutdownLeaderState(104)) - 584b1f9e-1c1b-443b-8e2e-a6c41c3b24d1: shutdown LeaderState
2019-09-28 01:22:23,477 [main] INFO  impl.PendingRequests (PendingRequests.java:sendNotLeaderResponses(202)) - 584b1f9e-1c1b-443b-8e2e-a6c41c3b24d1-PendingRequests: sendNotLeaderResponses
2019-09-28 01:22:23,477 [org.apache.ratis.server.impl.LogAppender$AppenderDaemon$$Lambda$428/1278375776@225e5d6a] WARN  server.GrpcLogAppender (GrpcLogAppender.java:mayWait(143)) - 584b1f9e-1c1b-443b-8e2e-a6c41c3b24d1@group-4C9F0EF89CA4->9ab63732-2b11-4d45-b3bd-cb418bdaf76f-GrpcLogAppender: Wait interrupted by java.lang.InterruptedException
2019-09-28 01:22:23,477 [org.apache.ratis.server.impl.LogAppender$AppenderDaemon$$Lambda$428/1278375776@33075d7b] WARN  server.GrpcLogAppender (GrpcLogAppender.java:mayWait(143)) - 584b1f9e-1c1b-443b-8e2e-a6c41c3b24d1@group-4C9F0EF89CA4->2f116fb9-3359-4137-b08e-444c3348f2a5-GrpcLogAppender: Wait interrupted by java.lang.InterruptedException
2019-09-28 01:22:23,477 [main] INFO  impl.StateMachineUpdater (StateMachineUpdater.java:stopAndJoin(125)) - 584b1f9e-1c1b-443b-8e2e-a6c41c3b24d1@group-4C9F0EF89CA4-StateMachineUpdater: set stopIndex = 0
2019-09-28 01:22:23,478 [main] INFO  impl.RaftServerImpl (ServerState.java:close(385)) - 584b1f9e-1c1b-443b-8e2e-a6c41c3b24d1@group-4C9F0EF89CA4: closes. applyIndex: 0
2019-09-28 01:22:23,479 [ForkJoinPool.commonPool-worker-0] INFO  ozoneimpl.OzoneContainer (OzoneContainer.java:stop(231)) - Attempting to stop container services.
2019-09-28 01:22:23,479 [584b1f9e-1c1b-443b-8e2e-a6c41c3b24d1@group-4C9F0EF89CA4-SegmentedRaftLogWorker] INFO  segmented.SegmentedRaftLogWorker (SegmentedRaftLogWorker.java:run(313)) - 584b1f9e-1c1b-443b-8e2e-a6c41c3b24d1@group-4C9F0EF89CA4-SegmentedRaftLogWorker was interrupted, exiting. There are 0 tasks remaining in the queue.
2019-09-28 01:22:23,479 [ForkJoinPool.commonPool-worker-0] INFO  impl.RaftServerProxy (RaftServerProxy.java:lambda$close$4(314)) - 1718a6b7-a807-47b2-9e97-09209d9c5800: close
2019-09-28 01:22:23,479 [main] INFO  segmented.SegmentedRaftLogWorker (SegmentedRaftLogWorker.java:close(228)) - 584b1f9e-1c1b-443b-8e2e-a6c41c3b24d1@group-4C9F0EF89CA4-SegmentedRaftLogWorker close()
2019-09-28 01:22:23,479 [ForkJoinPool.commonPool-worker-0] INFO  impl.RaftServerImpl (RaftServerImpl.java:lambda$shutdown$3(251)) - 1718a6b7-a807-47b2-9e97-09209d9c5800@group-8346FCD0A172: shutdown
2019-09-28 01:22:23,480 [main] INFO  server.GrpcService (GrpcService.java:closeImpl(164)) - 584b1f9e-1c1b-443b-8e2e-a6c41c3b24d1: shutdown server with port 37635 now
2019-09-28 01:22:23,480 [ForkJoinPool.commonPool-worker-0] INFO  util.JmxRegister (JmxRegister.java:unregister(73)) - Successfully un-registered JMX Bean with object name Ratis:service=RaftServer,group=group-8346FCD0A172,id=1718a6b7-a807-47b2-9e97-09209d9c5800
2019-09-28 01:22:23,483 [ForkJoinPool.commonPool-worker-0] INFO  impl.RoleInfo (RoleInfo.java:shutdownLeaderState(104)) - 1718a6b7-a807-47b2-9e97-09209d9c5800: shutdown LeaderState
2019-09-28 01:22:23,483 [main] INFO  server.GrpcService (GrpcService.java:closeImpl(172)) - 584b1f9e-1c1b-443b-8e2e-a6c41c3b24d1: shutdown server with port 37635 successfully
2019-09-28 01:22:23,483 [ForkJoinPool.commonPool-worker-0] INFO  impl.PendingRequests (PendingRequests.java:sendNotLeaderResponses(202)) - 1718a6b7-a807-47b2-9e97-09209d9c5800-PendingRequests: sendNotLeaderResponses
2019-09-28 01:22:23,484 [ForkJoinPool.commonPool-worker-0] INFO  impl.StateMachineUpdater (StateMachineUpdater.java:stopAndJoin(125)) - 1718a6b7-a807-47b2-9e97-09209d9c5800@group-8346FCD0A172-StateMachineUpdater: set stopIndex = 0
2019-09-28 01:22:23,484 [ForkJoinPool.commonPool-worker-0] INFO  impl.RaftServerImpl (ServerState.java:close(385)) - 1718a6b7-a807-47b2-9e97-09209d9c5800@group-8346FCD0A172: closes. applyIndex: 0
2019-09-28 01:22:23,485 [1718a6b7-a807-47b2-9e97-09209d9c5800@group-8346FCD0A172-SegmentedRaftLogWorker] INFO  segmented.SegmentedRaftLogWorker (SegmentedRaftLogWorker.java:run(313)) - 1718a6b7-a807-47b2-9e97-09209d9c5800@group-8346FCD0A172-SegmentedRaftLogWorker was interrupted, exiting. There are 0 tasks remaining in the queue.
2019-09-28 01:22:23,485 [ForkJoinPool.commonPool-worker-0] INFO  segmented.SegmentedRaftLogWorker (SegmentedRaftLogWorker.java:close(228)) - 1718a6b7-a807-47b2-9e97-09209d9c5800@group-8346FCD0A172-SegmentedRaftLogWorker close()
2019-09-28 01:22:23,486 [ForkJoinPool.commonPool-worker-0] INFO  impl.RaftServerImpl (RaftServerImpl.java:lambda$shutdown$3(251)) - 1718a6b7-a807-47b2-9e97-09209d9c5800@group-D9D741084385: shutdown
2019-09-28 01:22:23,486 [ForkJoinPool.commonPool-worker-0] INFO  util.JmxRegister (JmxRegister.java:unregister(73)) - Successfully un-registered JMX Bean with object name Ratis:service=RaftServer,group=group-D9D741084385,id=1718a6b7-a807-47b2-9e97-09209d9c5800
2019-09-28 01:22:23,487 [refreshUsed-/workdir/hadoop-ozone/integration-test/target/test-dir/MiniOzoneClusterImpl-af2566c7-5146-4045-9885-51dcdbd53a0d/datanode-9/data/containers] WARN  fs.CachingGetSpaceUsed (CachingGetSpaceUsed.java:run(183)) - Thread Interrupted waiting to refresh disk information: sleep interrupted
2019-09-28 01:22:23,487 [ForkJoinPool.commonPool-worker-0] INFO  impl.RoleInfo (RoleInfo.java:shutdownLeaderState(104)) - 1718a6b7-a807-47b2-9e97-09209d9c5800: shutdown LeaderState
2019-09-28 01:22:23,491 [ForkJoinPool.commonPool-worker-0] INFO  impl.PendingRequests (PendingRequests.java:sendNotLeaderResponses(202)) - 1718a6b7-a807-47b2-9e97-09209d9c5800-PendingRequests: sendNotLeaderResponses
2019-09-28 01:22:23,491 [org.apache.ratis.server.impl.LogAppender$AppenderDaemon$$Lambda$428/1278375776@373d5416] WARN  server.GrpcLogAppender (GrpcLogAppender.java:mayWait(143)) - 1718a6b7-a807-47b2-9e97-09209d9c5800@group-D9D741084385->ab3cf4df-5976-458c-b5c2-4cdf8c4d91de-GrpcLogAppender: Wait interrupted by java.lang.InterruptedException
2019-09-28 01:22:23,492 [ForkJoinPool.commonPool-worker-0] INFO  impl.StateMachineUpdater (StateMachineUpdater.java:stopAndJoin(125)) - 1718a6b7-a807-47b2-9e97-09209d9c5800@group-D9D741084385-StateMachineUpdater: set stopIndex = 0
2019-09-28 01:22:23,491 [org.apache.ratis.server.impl.LogAppender$AppenderDaemon$$Lambda$428/1278375776@72c57833] WARN  server.GrpcLogAppender (GrpcLogAppender.java:mayWait(143)) - 1718a6b7-a807-47b2-9e97-09209d9c5800@group-D9D741084385->bdd8cf1c-8d5c-4d45-9250-55158964142b-GrpcLogAppender: Wait interrupted by java.lang.InterruptedException
2019-09-28 01:22:23,492 [ForkJoinPool.commonPool-worker-0] INFO  impl.RaftServerImpl (ServerState.java:close(385)) - 1718a6b7-a807-47b2-9e97-09209d9c5800@group-D9D741084385: closes. applyIndex: 0
2019-09-28 01:22:23,493 [grpc-default-executor-9] INFO  server.GrpcServerProtocolService (GrpcServerProtocolService.java:onCompleted(113)) - bdd8cf1c-8d5c-4d45-9250-55158964142b: Completed APPEND_ENTRIES, lastRequest: 1718a6b7-a807-47b2-9e97-09209d9c5800->bdd8cf1c-8d5c-4d45-9250-55158964142b#258-t2, previous=(t:2, i:0), leaderCommit=0, initializing? false, entries: <empty>
2019-09-28 01:22:23,493 [1718a6b7-a807-47b2-9e97-09209d9c5800@group-D9D741084385-SegmentedRaftLogWorker] INFO  segmented.SegmentedRaftLogWorker (SegmentedRaftLogWorker.java:run(313)) - 1718a6b7-a807-47b2-9e97-09209d9c5800@group-D9D741084385-SegmentedRaftLogWorker was interrupted, exiting. There are 0 tasks remaining in the queue.
2019-09-28 01:22:23,494 [ForkJoinPool.commonPool-worker-0] INFO  segmented.SegmentedRaftLogWorker (SegmentedRaftLogWorker.java:close(228)) - 1718a6b7-a807-47b2-9e97-09209d9c5800@group-D9D741084385-SegmentedRaftLogWorker close()
2019-09-28 01:22:23,494 [grpc-default-executor-9] INFO  server.GrpcLogAppender (GrpcLogAppender.java:onCompleted(293)) - 1718a6b7-a807-47b2-9e97-09209d9c5800@group-D9D741084385->bdd8cf1c-8d5c-4d45-9250-55158964142b-AppendLogResponseHandler: follower responses appendEntries COMPLETED
2019-09-28 01:22:23,494 [ForkJoinPool.commonPool-worker-0] INFO  server.GrpcService (GrpcService.java:closeImpl(164)) - 1718a6b7-a807-47b2-9e97-09209d9c5800: shutdown server with port 35904 now
2019-09-28 01:22:23,496 [grpc-default-executor-9] INFO  impl.FollowerInfo (FollowerInfo.java:lambda$new$0(51)) - 1718a6b7-a807-47b2-9e97-09209d9c5800@group-D9D741084385->bdd8cf1c-8d5c-4d45-9250-55158964142b: nextIndex: updateUnconditionally 1 -> 0
2019-09-28 01:22:23,497 [ForkJoinPool.commonPool-worker-0] INFO  server.GrpcService (GrpcService.java:closeImpl(172)) - 1718a6b7-a807-47b2-9e97-09209d9c5800: shutdown server with port 35904 successfully
2019-09-28 01:22:23,499 [refreshUsed-/workdir/hadoop-ozone/integration-test/target/test-dir/MiniOzoneClusterImpl-af2566c7-5146-4045-9885-51dcdbd53a0d/datanode-0/data/containers] WARN  fs.CachingGetSpaceUsed (CachingGetSpaceUsed.java:run(183)) - Thread Interrupted waiting to refresh disk information: sleep interrupted
2019-09-28 01:22:23,513 [main] INFO  utils.BackgroundService (BackgroundService.java:shutdown(148)) - Shutting down service BlockDeletingService
2019-09-28 01:22:23,524 [main] INFO  statemachine.DatanodeStateMachine (DatanodeStateMachine.java:stopDaemon(395)) - Ozone container server stopped.
2019-09-28 01:22:23,525 [main] INFO  handler.ContextHandler (ContextHandler.java:doStop(910)) - Stopped o.e.j.w.WebAppContext@72465eb2{/,null,UNAVAILABLE}{/hddsDatanode}
2019-09-28 01:22:23,526 [main] INFO  server.AbstractConnector (AbstractConnector.java:doStop(318)) - Stopped ServerConnector@478fb7dc{HTTP/1.1,[http/1.1]}{0.0.0.0:0}
2019-09-28 01:22:23,526 [main] INFO  handler.ContextHandler (ContextHandler.java:doStop(910)) - Stopped o.e.j.s.ServletContextHandler@666618d6{/static,jar:file:/home/user/.m2/repository/org/apache/hadoop/hadoop-hdds-container-service/0.5.0-SNAPSHOT/hadoop-hdds-container-service-0.5.0-SNAPSHOT.jar!/webapps/static,UNAVAILABLE}
2019-09-28 01:22:23,527 [main] INFO  handler.ContextHandler (ContextHandler.java:doStop(910)) - Stopped o.e.j.s.ServletContextHandler@3d3c886f{/logs,file:///workdir/hadoop-ozone/integration-test/target/log,UNAVAILABLE}
2019-09-28 01:22:23,527 [ForkJoinPool.commonPool-worker-0] INFO  utils.BackgroundService (BackgroundService.java:shutdown(148)) - Shutting down service BlockDeletingService
2019-09-28 01:22:23,531 [ForkJoinPool.commonPool-worker-0] INFO  statemachine.DatanodeStateMachine (DatanodeStateMachine.java:stopDaemon(395)) - Ozone container server stopped.
2019-09-28 01:22:23,534 [ForkJoinPool.commonPool-worker-0] INFO  handler.ContextHandler (ContextHandler.java:doStop(910)) - Stopped o.e.j.w.WebAppContext@265a094b{/,null,UNAVAILABLE}{/hddsDatanode}
2019-09-28 01:22:23,535 [ForkJoinPool.commonPool-worker-0] INFO  server.AbstractConnector (AbstractConnector.java:doStop(318)) - Stopped ServerConnector@1f536481{HTTP/1.1,[http/1.1]}{0.0.0.0:0}
2019-09-28 01:22:23,535 [ForkJoinPool.commonPool-worker-0] INFO  handler.ContextHandler (ContextHandler.java:doStop(910)) - Stopped o.e.j.s.ServletContextHandler@44f0ff2b{/static,jar:file:/home/user/.m2/repository/org/apache/hadoop/hadoop-hdds-container-service/0.5.0-SNAPSHOT/hadoop-hdds-container-service-0.5.0-SNAPSHOT.jar!/webapps/static,UNAVAILABLE}
2019-09-28 01:22:23,536 [ForkJoinPool.commonPool-worker-0] INFO  handler.ContextHandler (ContextHandler.java:doStop(910)) - Stopped o.e.j.s.ServletContextHandler@4bf03fee{/logs,file:///workdir/hadoop-ozone/integration-test/target/log,UNAVAILABLE}
2019-09-28 01:22:23,794 [Datanode State Machine Thread - 0] INFO  statemachine.DatanodeStateMachine (DatanodeStateMachine.java:lambda$startDaemon$0(350)) - Ozone container server started.
2019-09-28 01:22:23,962 [Thread-7760] INFO  impl.FollowerState (FollowerState.java:run(106)) - 6882fb80-f7ef-4730-ad10-ebcfa4f7520d:group-6DBCB3E229B8 changes to CANDIDATE, lastRpcTime:1190, electionTimeout:1190ms
2019-09-28 01:22:23,963 [Thread-7760] INFO  impl.RoleInfo (RoleInfo.java:shutdownFollowerState(121)) - 6882fb80-f7ef-4730-ad10-ebcfa4f7520d: shutdown FollowerState
2019-09-28 01:22:23,963 [Thread-7760] INFO  impl.RaftServerImpl (RaftServerImpl.java:setRole(174)) - 6882fb80-f7ef-4730-ad10-ebcfa4f7520d@group-6DBCB3E229B8: changes role from  FOLLOWER to CANDIDATE at term 6 for changeToCandidate
2019-09-28 01:22:23,963 [Thread-7760] INFO  impl.RoleInfo (RoleInfo.java:updateAndGet(143)) - 6882fb80-f7ef-4730-ad10-ebcfa4f7520d: start LeaderElection
2019-09-28 01:22:23,986 [6882fb80-f7ef-4730-ad10-ebcfa4f7520d@group-6DBCB3E229B8:LeaderElection133] INFO  impl.LeaderElection (LeaderElection.java:askForVotes(182)) - 6882fb80-f7ef-4730-ad10-ebcfa4f7520d@group-6DBCB3E229B8:LeaderElection133: begin an election at term 7 for 1: [01a90e73-792d-4935-bbf3-5d3894bf13f0:192.168.151.82:37184, 1966a829-263f-4752-b717-080d3fe051ab:192.168.151.82:34214, 6882fb80-f7ef-4730-ad10-ebcfa4f7520d:192.168.151.82:39537], old=null
2019-09-28 01:22:23,987 [6882fb80-f7ef-4730-ad10-ebcfa4f7520d@group-6DBCB3E229B8:LeaderElection133] INFO  impl.LeaderElection (LogUtils.java:infoOrTrace(149)) - 6882fb80-f7ef-4730-ad10-ebcfa4f7520d@group-6DBCB3E229B8:LeaderElection133 got exception when requesting votes: {}
java.util.concurrent.ExecutionException: org.apache.ratis.thirdparty.io.grpc.StatusRuntimeException: UNAVAILABLE: io exception
	at java.util.concurrent.FutureTask.report(FutureTask.java:122)
	at java.util.concurrent.FutureTask.get(FutureTask.java:192)
	at org.apache.ratis.server.impl.LeaderElection.waitForResults(LeaderElection.java:263)
	at org.apache.ratis.server.impl.LeaderElection.askForVotes(LeaderElection.java:201)
	at org.apache.ratis.server.impl.LeaderElection.run(LeaderElection.java:133)
	at java.lang.Thread.run(Thread.java:748)
Caused by: org.apache.ratis.thirdparty.io.grpc.StatusRuntimeException: UNAVAILABLE: io exception
	at org.apache.ratis.thirdparty.io.grpc.stub.ClientCalls.toStatusRuntimeException(ClientCalls.java:233)
	at org.apache.ratis.thirdparty.io.grpc.stub.ClientCalls.getUnchecked(ClientCalls.java:214)
	at org.apache.ratis.thirdparty.io.grpc.stub.ClientCalls.blockingUnaryCall(ClientCalls.java:139)
	at org.apache.ratis.proto.grpc.RaftServerProtocolServiceGrpc$RaftServerProtocolServiceBlockingStub.requestVote(RaftServerProtocolServiceGrpc.java:265)
	at org.apache.ratis.grpc.server.GrpcServerProtocolClient.requestVote(GrpcServerProtocolClient.java:90)
	at org.apache.ratis.grpc.server.GrpcService.requestVote(GrpcService.java:204)
	at org.apache.ratis.server.impl.LeaderElection.lambda$submitRequests$1(LeaderElection.java:238)
	at java.util.concurrent.FutureTask.run(FutureTask.java:266)
	at java.util.concurrent.Executors$RunnableAdapter.call(Executors.java:511)
	at java.util.concurrent.FutureTask.run(FutureTask.java:266)
	at java.util.concurrent.ThreadPoolExecutor.runWorker(ThreadPoolExecutor.java:1149)
	at java.util.concurrent.ThreadPoolExecutor$Worker.run(ThreadPoolExecutor.java:624)
	... 1 more
Caused by: org.apache.ratis.thirdparty.io.netty.channel.AbstractChannel$AnnotatedConnectException: Connection refused: /192.168.151.82:37184
	at sun.nio.ch.SocketChannelImpl.checkConnect(Native Method)
	at sun.nio.ch.SocketChannelImpl.finishConnect(SocketChannelImpl.java:717)
	at org.apache.ratis.thirdparty.io.netty.channel.socket.nio.NioSocketChannel.doFinishConnect(NioSocketChannel.java:327)
	at org.apache.ratis.thirdparty.io.netty.channel.nio.AbstractNioChannel$AbstractNioUnsafe.finishConnect(AbstractNioChannel.java:340)
	at org.apache.ratis.thirdparty.io.netty.channel.nio.NioEventLoop.processSelectedKey(NioEventLoop.java:632)
	at org.apache.ratis.thirdparty.io.netty.channel.nio.NioEventLoop.processSelectedKeysOptimized(NioEventLoop.java:579)
	at org.apache.ratis.thirdparty.io.netty.channel.nio.NioEventLoop.processSelectedKeys(NioEventLoop.java:496)
	at org.apache.ratis.thirdparty.io.netty.channel.nio.NioEventLoop.run(NioEventLoop.java:458)
	at org.apache.ratis.thirdparty.io.netty.util.concurrent.SingleThreadEventExecutor$5.run(SingleThreadEventExecutor.java:897)
	at org.apache.ratis.thirdparty.io.netty.util.concurrent.FastThreadLocalRunnable.run(FastThreadLocalRunnable.java:30)
	... 1 more
Caused by: java.net.ConnectException: Connection refused
	... 11 more
2019-09-28 01:22:23,988 [6882fb80-f7ef-4730-ad10-ebcfa4f7520d@group-6DBCB3E229B8:LeaderElection133] INFO  impl.LeaderElection (LogUtils.java:infoOrTrace(149)) - 6882fb80-f7ef-4730-ad10-ebcfa4f7520d@group-6DBCB3E229B8:LeaderElection133 got exception when requesting votes: {}
java.util.concurrent.ExecutionException: org.apache.ratis.thirdparty.io.grpc.StatusRuntimeException: UNAVAILABLE: io exception
	at java.util.concurrent.FutureTask.report(FutureTask.java:122)
	at java.util.concurrent.FutureTask.get(FutureTask.java:192)
	at org.apache.ratis.server.impl.LeaderElection.waitForResults(LeaderElection.java:263)
	at org.apache.ratis.server.impl.LeaderElection.askForVotes(LeaderElection.java:201)
	at org.apache.ratis.server.impl.LeaderElection.run(LeaderElection.java:133)
	at java.lang.Thread.run(Thread.java:748)
Caused by: org.apache.ratis.thirdparty.io.grpc.StatusRuntimeException: UNAVAILABLE: io exception
	at org.apache.ratis.thirdparty.io.grpc.stub.ClientCalls.toStatusRuntimeException(ClientCalls.java:233)
	at org.apache.ratis.thirdparty.io.grpc.stub.ClientCalls.getUnchecked(ClientCalls.java:214)
	at org.apache.ratis.thirdparty.io.grpc.stub.ClientCalls.blockingUnaryCall(ClientCalls.java:139)
	at org.apache.ratis.proto.grpc.RaftServerProtocolServiceGrpc$RaftServerProtocolServiceBlockingStub.requestVote(RaftServerProtocolServiceGrpc.java:265)
	at org.apache.ratis.grpc.server.GrpcServerProtocolClient.requestVote(GrpcServerProtocolClient.java:90)
	at org.apache.ratis.grpc.server.GrpcService.requestVote(GrpcService.java:204)
	at org.apache.ratis.server.impl.LeaderElection.lambda$submitRequests$1(LeaderElection.java:238)
	at java.util.concurrent.FutureTask.run(FutureTask.java:266)
	at java.util.concurrent.Executors$RunnableAdapter.call(Executors.java:511)
	at java.util.concurrent.FutureTask.run(FutureTask.java:266)
	at java.util.concurrent.ThreadPoolExecutor.runWorker(ThreadPoolExecutor.java:1149)
	at java.util.concurrent.ThreadPoolExecutor$Worker.run(ThreadPoolExecutor.java:624)
	... 1 more
Caused by: org.apache.ratis.thirdparty.io.netty.channel.AbstractChannel$AnnotatedConnectException: Connection refused: /192.168.151.82:34214
	at sun.nio.ch.SocketChannelImpl.checkConnect(Native Method)
	at sun.nio.ch.SocketChannelImpl.finishConnect(SocketChannelImpl.java:717)
	at org.apache.ratis.thirdparty.io.netty.channel.socket.nio.NioSocketChannel.doFinishConnect(NioSocketChannel.java:327)
	at org.apache.ratis.thirdparty.io.netty.channel.nio.AbstractNioChannel$AbstractNioUnsafe.finishConnect(AbstractNioChannel.java:340)
	at org.apache.ratis.thirdparty.io.netty.channel.nio.NioEventLoop.processSelectedKey(NioEventLoop.java:632)
	at org.apache.ratis.thirdparty.io.netty.channel.nio.NioEventLoop.processSelectedKeysOptimized(NioEventLoop.java:579)
	at org.apache.ratis.thirdparty.io.netty.channel.nio.NioEventLoop.processSelectedKeys(NioEventLoop.java:496)
	at org.apache.ratis.thirdparty.io.netty.channel.nio.NioEventLoop.run(NioEventLoop.java:458)
	at org.apache.ratis.thirdparty.io.netty.util.concurrent.SingleThreadEventExecutor$5.run(SingleThreadEventExecutor.java:897)
	at org.apache.ratis.thirdparty.io.netty.util.concurrent.FastThreadLocalRunnable.run(FastThreadLocalRunnable.java:30)
	... 1 more
Caused by: java.net.ConnectException: Connection refused
	... 11 more
2019-09-28 01:22:23,988 [6882fb80-f7ef-4730-ad10-ebcfa4f7520d@group-6DBCB3E229B8:LeaderElection133] INFO  impl.LeaderElection (LeaderElection.java:logAndReturn(56)) - 6882fb80-f7ef-4730-ad10-ebcfa4f7520d@group-6DBCB3E229B8:LeaderElection133: Election REJECTED; received 0 response(s) [] and 2 exception(s); 6882fb80-f7ef-4730-ad10-ebcfa4f7520d@group-6DBCB3E229B8:t7, leader=null, voted=6882fb80-f7ef-4730-ad10-ebcfa4f7520d, raftlog=6882fb80-f7ef-4730-ad10-ebcfa4f7520d@group-6DBCB3E229B8-SegmentedRaftLog:OPENED:c2,f2,i2, conf=1: [01a90e73-792d-4935-bbf3-5d3894bf13f0:192.168.151.82:37184, 1966a829-263f-4752-b717-080d3fe051ab:192.168.151.82:34214, 6882fb80-f7ef-4730-ad10-ebcfa4f7520d:192.168.151.82:39537], old=null
2019-09-28 01:22:23,989 [6882fb80-f7ef-4730-ad10-ebcfa4f7520d@group-6DBCB3E229B8:LeaderElection133] INFO  impl.LeaderElection (LogUtils.java:infoOrTrace(149)) -   Exception 0: {}
java.util.concurrent.ExecutionException: org.apache.ratis.thirdparty.io.grpc.StatusRuntimeException: UNAVAILABLE: io exception
	at java.util.concurrent.FutureTask.report(FutureTask.java:122)
	at java.util.concurrent.FutureTask.get(FutureTask.java:192)
	at org.apache.ratis.server.impl.LeaderElection.waitForResults(LeaderElection.java:263)
	at org.apache.ratis.server.impl.LeaderElection.askForVotes(LeaderElection.java:201)
	at org.apache.ratis.server.impl.LeaderElection.run(LeaderElection.java:133)
	at java.lang.Thread.run(Thread.java:748)
Caused by: org.apache.ratis.thirdparty.io.grpc.StatusRuntimeException: UNAVAILABLE: io exception
	at org.apache.ratis.thirdparty.io.grpc.stub.ClientCalls.toStatusRuntimeException(ClientCalls.java:233)
	at org.apache.ratis.thirdparty.io.grpc.stub.ClientCalls.getUnchecked(ClientCalls.java:214)
	at org.apache.ratis.thirdparty.io.grpc.stub.ClientCalls.blockingUnaryCall(ClientCalls.java:139)
	at org.apache.ratis.proto.grpc.RaftServerProtocolServiceGrpc$RaftServerProtocolServiceBlockingStub.requestVote(RaftServerProtocolServiceGrpc.java:265)
	at org.apache.ratis.grpc.server.GrpcServerProtocolClient.requestVote(GrpcServerProtocolClient.java:90)
	at org.apache.ratis.grpc.server.GrpcService.requestVote(GrpcService.java:204)
	at org.apache.ratis.server.impl.LeaderElection.lambda$submitRequests$1(LeaderElection.java:238)
	at java.util.concurrent.FutureTask.run(FutureTask.java:266)
	at java.util.concurrent.Executors$RunnableAdapter.call(Executors.java:511)
	at java.util.concurrent.FutureTask.run(FutureTask.java:266)
	at java.util.concurrent.ThreadPoolExecutor.runWorker(ThreadPoolExecutor.java:1149)
	at java.util.concurrent.ThreadPoolExecutor$Worker.run(ThreadPoolExecutor.java:624)
	... 1 more
Caused by: org.apache.ratis.thirdparty.io.netty.channel.AbstractChannel$AnnotatedConnectException: Connection refused: /192.168.151.82:37184
	at sun.nio.ch.SocketChannelImpl.checkConnect(Native Method)
	at sun.nio.ch.SocketChannelImpl.finishConnect(SocketChannelImpl.java:717)
	at org.apache.ratis.thirdparty.io.netty.channel.socket.nio.NioSocketChannel.doFinishConnect(NioSocketChannel.java:327)
	at org.apache.ratis.thirdparty.io.netty.channel.nio.AbstractNioChannel$AbstractNioUnsafe.finishConnect(AbstractNioChannel.java:340)
	at org.apache.ratis.thirdparty.io.netty.channel.nio.NioEventLoop.processSelectedKey(NioEventLoop.java:632)
	at org.apache.ratis.thirdparty.io.netty.channel.nio.NioEventLoop.processSelectedKeysOptimized(NioEventLoop.java:579)
	at org.apache.ratis.thirdparty.io.netty.channel.nio.NioEventLoop.processSelectedKeys(NioEventLoop.java:496)
	at org.apache.ratis.thirdparty.io.netty.channel.nio.NioEventLoop.run(NioEventLoop.java:458)
	at org.apache.ratis.thirdparty.io.netty.util.concurrent.SingleThreadEventExecutor$5.run(SingleThreadEventExecutor.java:897)
	at org.apache.ratis.thirdparty.io.netty.util.concurrent.FastThreadLocalRunnable.run(FastThreadLocalRunnable.java:30)
	... 1 more
Caused by: java.net.ConnectException: Connection refused
	... 11 more
2019-09-28 01:22:23,989 [6882fb80-f7ef-4730-ad10-ebcfa4f7520d@group-6DBCB3E229B8:LeaderElection133] INFO  impl.LeaderElection (LogUtils.java:infoOrTrace(149)) -   Exception 1: {}
java.util.concurrent.ExecutionException: org.apache.ratis.thirdparty.io.grpc.StatusRuntimeException: UNAVAILABLE: io exception
	at java.util.concurrent.FutureTask.report(FutureTask.java:122)
	at java.util.concurrent.FutureTask.get(FutureTask.java:192)
	at org.apache.ratis.server.impl.LeaderElection.waitForResults(LeaderElection.java:263)
	at org.apache.ratis.server.impl.LeaderElection.askForVotes(LeaderElection.java:201)
	at org.apache.ratis.server.impl.LeaderElection.run(LeaderElection.java:133)
	at java.lang.Thread.run(Thread.java:748)
Caused by: org.apache.ratis.thirdparty.io.grpc.StatusRuntimeException: UNAVAILABLE: io exception
	at org.apache.ratis.thirdparty.io.grpc.stub.ClientCalls.toStatusRuntimeException(ClientCalls.java:233)
	at org.apache.ratis.thirdparty.io.grpc.stub.ClientCalls.getUnchecked(ClientCalls.java:214)
	at org.apache.ratis.thirdparty.io.grpc.stub.ClientCalls.blockingUnaryCall(ClientCalls.java:139)
	at org.apache.ratis.proto.grpc.RaftServerProtocolServiceGrpc$RaftServerProtocolServiceBlockingStub.requestVote(RaftServerProtocolServiceGrpc.java:265)
	at org.apache.ratis.grpc.server.GrpcServerProtocolClient.requestVote(GrpcServerProtocolClient.java:90)
	at org.apache.ratis.grpc.server.GrpcService.requestVote(GrpcService.java:204)
	at org.apache.ratis.server.impl.LeaderElection.lambda$submitRequests$1(LeaderElection.java:238)
	at java.util.concurrent.FutureTask.run(FutureTask.java:266)
	at java.util.concurrent.Executors$RunnableAdapter.call(Executors.java:511)
	at java.util.concurrent.FutureTask.run(FutureTask.java:266)
	at java.util.concurrent.ThreadPoolExecutor.runWorker(ThreadPoolExecutor.java:1149)
	at java.util.concurrent.ThreadPoolExecutor$Worker.run(ThreadPoolExecutor.java:624)
	... 1 more
Caused by: org.apache.ratis.thirdparty.io.netty.channel.AbstractChannel$AnnotatedConnectException: Connection refused: /192.168.151.82:34214
	at sun.nio.ch.SocketChannelImpl.checkConnect(Native Method)
	at sun.nio.ch.SocketChannelImpl.finishConnect(SocketChannelImpl.java:717)
	at org.apache.ratis.thirdparty.io.netty.channel.socket.nio.NioSocketChannel.doFinishConnect(NioSocketChannel.java:327)
	at org.apache.ratis.thirdparty.io.netty.channel.nio.AbstractNioChannel$AbstractNioUnsafe.finishConnect(AbstractNioChannel.java:340)
	at org.apache.ratis.thirdparty.io.netty.channel.nio.NioEventLoop.processSelectedKey(NioEventLoop.java:632)
	at org.apache.ratis.thirdparty.io.netty.channel.nio.NioEventLoop.processSelectedKeysOptimized(NioEventLoop.java:579)
	at org.apache.ratis.thirdparty.io.netty.channel.nio.NioEventLoop.processSelectedKeys(NioEventLoop.java:496)
	at org.apache.ratis.thirdparty.io.netty.channel.nio.NioEventLoop.run(NioEventLoop.java:458)
	at org.apache.ratis.thirdparty.io.netty.util.concurrent.SingleThreadEventExecutor$5.run(SingleThreadEventExecutor.java:897)
	at org.apache.ratis.thirdparty.io.netty.util.concurrent.FastThreadLocalRunnable.run(FastThreadLocalRunnable.java:30)
	... 1 more
Caused by: java.net.ConnectException: Connection refused
	... 11 more
2019-09-28 01:22:23,990 [6882fb80-f7ef-4730-ad10-ebcfa4f7520d@group-6DBCB3E229B8:LeaderElection133] INFO  impl.RaftServerImpl (RaftServerImpl.java:setRole(174)) - 6882fb80-f7ef-4730-ad10-ebcfa4f7520d@group-6DBCB3E229B8: changes role from CANDIDATE to FOLLOWER at term 7 for DISCOVERED_A_NEW_TERM
2019-09-28 01:22:23,990 [6882fb80-f7ef-4730-ad10-ebcfa4f7520d@group-6DBCB3E229B8:LeaderElection133] INFO  impl.RoleInfo (RoleInfo.java:shutdownLeaderElection(134)) - 6882fb80-f7ef-4730-ad10-ebcfa4f7520d: shutdown LeaderElection
2019-09-28 01:22:23,990 [6882fb80-f7ef-4730-ad10-ebcfa4f7520d@group-6DBCB3E229B8:LeaderElection133] INFO  impl.RoleInfo (RoleInfo.java:updateAndGet(143)) - 6882fb80-f7ef-4730-ad10-ebcfa4f7520d: start FollowerState
2019-09-28 01:22:24,383 [Datanode State Machine Thread - 0] INFO  statemachine.DatanodeStateMachine (DatanodeStateMachine.java:lambda$startDaemon$0(350)) - Ozone container server started.
2019-09-28 01:22:25,098 [Thread-7766] INFO  impl.FollowerState (FollowerState.java:run(106)) - 6882fb80-f7ef-4730-ad10-ebcfa4f7520d:group-6DBCB3E229B8 changes to CANDIDATE, lastRpcTime:1108, electionTimeout:1108ms
2019-09-28 01:22:25,099 [Thread-7766] INFO  impl.RoleInfo (RoleInfo.java:shutdownFollowerState(121)) - 6882fb80-f7ef-4730-ad10-ebcfa4f7520d: shutdown FollowerState
2019-09-28 01:22:25,099 [Thread-7766] INFO  impl.RaftServerImpl (RaftServerImpl.java:setRole(174)) - 6882fb80-f7ef-4730-ad10-ebcfa4f7520d@group-6DBCB3E229B8: changes role from  FOLLOWER to CANDIDATE at term 7 for changeToCandidate
2019-09-28 01:22:25,099 [Thread-7766] INFO  impl.RoleInfo (RoleInfo.java:updateAndGet(143)) - 6882fb80-f7ef-4730-ad10-ebcfa4f7520d: start LeaderElection
2019-09-28 01:22:25,125 [6882fb80-f7ef-4730-ad10-ebcfa4f7520d@group-6DBCB3E229B8:LeaderElection134] INFO  impl.LeaderElection (LeaderElection.java:askForVotes(182)) - 6882fb80-f7ef-4730-ad10-ebcfa4f7520d@group-6DBCB3E229B8:LeaderElection134: begin an election at term 8 for 1: [01a90e73-792d-4935-bbf3-5d3894bf13f0:192.168.151.82:37184, 1966a829-263f-4752-b717-080d3fe051ab:192.168.151.82:34214, 6882fb80-f7ef-4730-ad10-ebcfa4f7520d:192.168.151.82:39537], old=null
2019-09-28 01:22:25,126 [6882fb80-f7ef-4730-ad10-ebcfa4f7520d@group-6DBCB3E229B8:LeaderElection134] INFO  impl.LeaderElection (LogUtils.java:infoOrTrace(149)) - 6882fb80-f7ef-4730-ad10-ebcfa4f7520d@group-6DBCB3E229B8:LeaderElection134 got exception when requesting votes: {}
java.util.concurrent.ExecutionException: org.apache.ratis.thirdparty.io.grpc.StatusRuntimeException: UNAVAILABLE: io exception
	at java.util.concurrent.FutureTask.report(FutureTask.java:122)
	at java.util.concurrent.FutureTask.get(FutureTask.java:192)
	at org.apache.ratis.server.impl.LeaderElection.waitForResults(LeaderElection.java:263)
	at org.apache.ratis.server.impl.LeaderElection.askForVotes(LeaderElection.java:201)
	at org.apache.ratis.server.impl.LeaderElection.run(LeaderElection.java:133)
	at java.lang.Thread.run(Thread.java:748)
Caused by: org.apache.ratis.thirdparty.io.grpc.StatusRuntimeException: UNAVAILABLE: io exception
	at org.apache.ratis.thirdparty.io.grpc.stub.ClientCalls.toStatusRuntimeException(ClientCalls.java:233)
	at org.apache.ratis.thirdparty.io.grpc.stub.ClientCalls.getUnchecked(ClientCalls.java:214)
	at org.apache.ratis.thirdparty.io.grpc.stub.ClientCalls.blockingUnaryCall(ClientCalls.java:139)
	at org.apache.ratis.proto.grpc.RaftServerProtocolServiceGrpc$RaftServerProtocolServiceBlockingStub.requestVote(RaftServerProtocolServiceGrpc.java:265)
	at org.apache.ratis.grpc.server.GrpcServerProtocolClient.requestVote(GrpcServerProtocolClient.java:90)
	at org.apache.ratis.grpc.server.GrpcService.requestVote(GrpcService.java:204)
	at org.apache.ratis.server.impl.LeaderElection.lambda$submitRequests$1(LeaderElection.java:238)
	at java.util.concurrent.FutureTask.run(FutureTask.java:266)
	at java.util.concurrent.Executors$RunnableAdapter.call(Executors.java:511)
	at java.util.concurrent.FutureTask.run(FutureTask.java:266)
	at java.util.concurrent.ThreadPoolExecutor.runWorker(ThreadPoolExecutor.java:1149)
	at java.util.concurrent.ThreadPoolExecutor$Worker.run(ThreadPoolExecutor.java:624)
	... 1 more
Caused by: org.apache.ratis.thirdparty.io.netty.channel.AbstractChannel$AnnotatedConnectException: Connection refused: /192.168.151.82:37184
	at sun.nio.ch.SocketChannelImpl.checkConnect(Native Method)
	at sun.nio.ch.SocketChannelImpl.finishConnect(SocketChannelImpl.java:717)
	at org.apache.ratis.thirdparty.io.netty.channel.socket.nio.NioSocketChannel.doFinishConnect(NioSocketChannel.java:327)
	at org.apache.ratis.thirdparty.io.netty.channel.nio.AbstractNioChannel$AbstractNioUnsafe.finishConnect(AbstractNioChannel.java:340)
	at org.apache.ratis.thirdparty.io.netty.channel.nio.NioEventLoop.processSelectedKey(NioEventLoop.java:632)
	at org.apache.ratis.thirdparty.io.netty.channel.nio.NioEventLoop.processSelectedKeysOptimized(NioEventLoop.java:579)
	at org.apache.ratis.thirdparty.io.netty.channel.nio.NioEventLoop.processSelectedKeys(NioEventLoop.java:496)
	at org.apache.ratis.thirdparty.io.netty.channel.nio.NioEventLoop.run(NioEventLoop.java:458)
	at org.apache.ratis.thirdparty.io.netty.util.concurrent.SingleThreadEventExecutor$5.run(SingleThreadEventExecutor.java:897)
	at org.apache.ratis.thirdparty.io.netty.util.concurrent.FastThreadLocalRunnable.run(FastThreadLocalRunnable.java:30)
	... 1 more
Caused by: java.net.ConnectException: Connection refused
	... 11 more
2019-09-28 01:22:25,127 [6882fb80-f7ef-4730-ad10-ebcfa4f7520d@group-6DBCB3E229B8:LeaderElection134] INFO  impl.LeaderElection (LogUtils.java:infoOrTrace(149)) - 6882fb80-f7ef-4730-ad10-ebcfa4f7520d@group-6DBCB3E229B8:LeaderElection134 got exception when requesting votes: {}
java.util.concurrent.ExecutionException: org.apache.ratis.thirdparty.io.grpc.StatusRuntimeException: UNAVAILABLE: io exception
	at java.util.concurrent.FutureTask.report(FutureTask.java:122)
	at java.util.concurrent.FutureTask.get(FutureTask.java:192)
	at org.apache.ratis.server.impl.LeaderElection.waitForResults(LeaderElection.java:263)
	at org.apache.ratis.server.impl.LeaderElection.askForVotes(LeaderElection.java:201)
	at org.apache.ratis.server.impl.LeaderElection.run(LeaderElection.java:133)
	at java.lang.Thread.run(Thread.java:748)
Caused by: org.apache.ratis.thirdparty.io.grpc.StatusRuntimeException: UNAVAILABLE: io exception
	at org.apache.ratis.thirdparty.io.grpc.stub.ClientCalls.toStatusRuntimeException(ClientCalls.java:233)
	at org.apache.ratis.thirdparty.io.grpc.stub.ClientCalls.getUnchecked(ClientCalls.java:214)
	at org.apache.ratis.thirdparty.io.grpc.stub.ClientCalls.blockingUnaryCall(ClientCalls.java:139)
	at org.apache.ratis.proto.grpc.RaftServerProtocolServiceGrpc$RaftServerProtocolServiceBlockingStub.requestVote(RaftServerProtocolServiceGrpc.java:265)
	at org.apache.ratis.grpc.server.GrpcServerProtocolClient.requestVote(GrpcServerProtocolClient.java:90)
	at org.apache.ratis.grpc.server.GrpcService.requestVote(GrpcService.java:204)
	at org.apache.ratis.server.impl.LeaderElection.lambda$submitRequests$1(LeaderElection.java:238)
	at java.util.concurrent.FutureTask.run(FutureTask.java:266)
	at java.util.concurrent.Executors$RunnableAdapter.call(Executors.java:511)
	at java.util.concurrent.FutureTask.run(FutureTask.java:266)
	at java.util.concurrent.ThreadPoolExecutor.runWorker(ThreadPoolExecutor.java:1149)
	at java.util.concurrent.ThreadPoolExecutor$Worker.run(ThreadPoolExecutor.java:624)
	... 1 more
Caused by: org.apache.ratis.thirdparty.io.netty.channel.AbstractChannel$AnnotatedConnectException: Connection refused: /192.168.151.82:34214
	at sun.nio.ch.SocketChannelImpl.checkConnect(Native Method)
	at sun.nio.ch.SocketChannelImpl.finishConnect(SocketChannelImpl.java:717)
	at org.apache.ratis.thirdparty.io.netty.channel.socket.nio.NioSocketChannel.doFinishConnect(NioSocketChannel.java:327)
	at org.apache.ratis.thirdparty.io.netty.channel.nio.AbstractNioChannel$AbstractNioUnsafe.finishConnect(AbstractNioChannel.java:340)
	at org.apache.ratis.thirdparty.io.netty.channel.nio.NioEventLoop.processSelectedKey(NioEventLoop.java:632)
	at org.apache.ratis.thirdparty.io.netty.channel.nio.NioEventLoop.processSelectedKeysOptimized(NioEventLoop.java:579)
	at org.apache.ratis.thirdparty.io.netty.channel.nio.NioEventLoop.processSelectedKeys(NioEventLoop.java:496)
	at org.apache.ratis.thirdparty.io.netty.channel.nio.NioEventLoop.run(NioEventLoop.java:458)
	at org.apache.ratis.thirdparty.io.netty.util.concurrent.SingleThreadEventExecutor$5.run(SingleThreadEventExecutor.java:897)
	at org.apache.ratis.thirdparty.io.netty.util.concurrent.FastThreadLocalRunnable.run(FastThreadLocalRunnable.java:30)
	... 1 more
Caused by: java.net.ConnectException: Connection refused
	... 11 more
2019-09-28 01:22:25,127 [6882fb80-f7ef-4730-ad10-ebcfa4f7520d@group-6DBCB3E229B8:LeaderElection134] INFO  impl.LeaderElection (LeaderElection.java:logAndReturn(56)) - 6882fb80-f7ef-4730-ad10-ebcfa4f7520d@group-6DBCB3E229B8:LeaderElection134: Election REJECTED; received 0 response(s) [] and 2 exception(s); 6882fb80-f7ef-4730-ad10-ebcfa4f7520d@group-6DBCB3E229B8:t8, leader=null, voted=6882fb80-f7ef-4730-ad10-ebcfa4f7520d, raftlog=6882fb80-f7ef-4730-ad10-ebcfa4f7520d@group-6DBCB3E229B8-SegmentedRaftLog:OPENED:c2,f2,i2, conf=1: [01a90e73-792d-4935-bbf3-5d3894bf13f0:192.168.151.82:37184, 1966a829-263f-4752-b717-080d3fe051ab:192.168.151.82:34214, 6882fb80-f7ef-4730-ad10-ebcfa4f7520d:192.168.151.82:39537], old=null
2019-09-28 01:22:25,127 [6882fb80-f7ef-4730-ad10-ebcfa4f7520d@group-6DBCB3E229B8:LeaderElection134] INFO  impl.LeaderElection (LogUtils.java:infoOrTrace(149)) -   Exception 0: {}
java.util.concurrent.ExecutionException: org.apache.ratis.thirdparty.io.grpc.StatusRuntimeException: UNAVAILABLE: io exception
	at java.util.concurrent.FutureTask.report(FutureTask.java:122)
	at java.util.concurrent.FutureTask.get(FutureTask.java:192)
	at org.apache.ratis.server.impl.LeaderElection.waitForResults(LeaderElection.java:263)
	at org.apache.ratis.server.impl.LeaderElection.askForVotes(LeaderElection.java:201)
	at org.apache.ratis.server.impl.LeaderElection.run(LeaderElection.java:133)
	at java.lang.Thread.run(Thread.java:748)
Caused by: org.apache.ratis.thirdparty.io.grpc.StatusRuntimeException: UNAVAILABLE: io exception
	at org.apache.ratis.thirdparty.io.grpc.stub.ClientCalls.toStatusRuntimeException(ClientCalls.java:233)
	at org.apache.ratis.thirdparty.io.grpc.stub.ClientCalls.getUnchecked(ClientCalls.java:214)
	at org.apache.ratis.thirdparty.io.grpc.stub.ClientCalls.blockingUnaryCall(ClientCalls.java:139)
	at org.apache.ratis.proto.grpc.RaftServerProtocolServiceGrpc$RaftServerProtocolServiceBlockingStub.requestVote(RaftServerProtocolServiceGrpc.java:265)
	at org.apache.ratis.grpc.server.GrpcServerProtocolClient.requestVote(GrpcServerProtocolClient.java:90)
	at org.apache.ratis.grpc.server.GrpcService.requestVote(GrpcService.java:204)
	at org.apache.ratis.server.impl.LeaderElection.lambda$submitRequests$1(LeaderElection.java:238)
	at java.util.concurrent.FutureTask.run(FutureTask.java:266)
	at java.util.concurrent.Executors$RunnableAdapter.call(Executors.java:511)
	at java.util.concurrent.FutureTask.run(FutureTask.java:266)
	at java.util.concurrent.ThreadPoolExecutor.runWorker(ThreadPoolExecutor.java:1149)
	at java.util.concurrent.ThreadPoolExecutor$Worker.run(ThreadPoolExecutor.java:624)
	... 1 more
Caused by: org.apache.ratis.thirdparty.io.netty.channel.AbstractChannel$AnnotatedConnectException: Connection refused: /192.168.151.82:37184
	at sun.nio.ch.SocketChannelImpl.checkConnect(Native Method)
	at sun.nio.ch.SocketChannelImpl.finishConnect(SocketChannelImpl.java:717)
	at org.apache.ratis.thirdparty.io.netty.channel.socket.nio.NioSocketChannel.doFinishConnect(NioSocketChannel.java:327)
	at org.apache.ratis.thirdparty.io.netty.channel.nio.AbstractNioChannel$AbstractNioUnsafe.finishConnect(AbstractNioChannel.java:340)
	at org.apache.ratis.thirdparty.io.netty.channel.nio.NioEventLoop.processSelectedKey(NioEventLoop.java:632)
	at org.apache.ratis.thirdparty.io.netty.channel.nio.NioEventLoop.processSelectedKeysOptimized(NioEventLoop.java:579)
	at org.apache.ratis.thirdparty.io.netty.channel.nio.NioEventLoop.processSelectedKeys(NioEventLoop.java:496)
	at org.apache.ratis.thirdparty.io.netty.channel.nio.NioEventLoop.run(NioEventLoop.java:458)
	at org.apache.ratis.thirdparty.io.netty.util.concurrent.SingleThreadEventExecutor$5.run(SingleThreadEventExecutor.java:897)
	at org.apache.ratis.thirdparty.io.netty.util.concurrent.FastThreadLocalRunnable.run(FastThreadLocalRunnable.java:30)
	... 1 more
Caused by: java.net.ConnectException: Connection refused
	... 11 more
2019-09-28 01:22:25,128 [6882fb80-f7ef-4730-ad10-ebcfa4f7520d@group-6DBCB3E229B8:LeaderElection134] INFO  impl.LeaderElection (LogUtils.java:infoOrTrace(149)) -   Exception 1: {}
java.util.concurrent.ExecutionException: org.apache.ratis.thirdparty.io.grpc.StatusRuntimeException: UNAVAILABLE: io exception
	at java.util.concurrent.FutureTask.report(FutureTask.java:122)
	at java.util.concurrent.FutureTask.get(FutureTask.java:192)
	at org.apache.ratis.server.impl.LeaderElection.waitForResults(LeaderElection.java:263)
	at org.apache.ratis.server.impl.LeaderElection.askForVotes(LeaderElection.java:201)
	at org.apache.ratis.server.impl.LeaderElection.run(LeaderElection.java:133)
	at java.lang.Thread.run(Thread.java:748)
Caused by: org.apache.ratis.thirdparty.io.grpc.StatusRuntimeException: UNAVAILABLE: io exception
	at org.apache.ratis.thirdparty.io.grpc.stub.ClientCalls.toStatusRuntimeException(ClientCalls.java:233)
	at org.apache.ratis.thirdparty.io.grpc.stub.ClientCalls.getUnchecked(ClientCalls.java:214)
	at org.apache.ratis.thirdparty.io.grpc.stub.ClientCalls.blockingUnaryCall(ClientCalls.java:139)
	at org.apache.ratis.proto.grpc.RaftServerProtocolServiceGrpc$RaftServerProtocolServiceBlockingStub.requestVote(RaftServerProtocolServiceGrpc.java:265)
	at org.apache.ratis.grpc.server.GrpcServerProtocolClient.requestVote(GrpcServerProtocolClient.java:90)
	at org.apache.ratis.grpc.server.GrpcService.requestVote(GrpcService.java:204)
	at org.apache.ratis.server.impl.LeaderElection.lambda$submitRequests$1(LeaderElection.java:238)
	at java.util.concurrent.FutureTask.run(FutureTask.java:266)
	at java.util.concurrent.Executors$RunnableAdapter.call(Executors.java:511)
	at java.util.concurrent.FutureTask.run(FutureTask.java:266)
	at java.util.concurrent.ThreadPoolExecutor.runWorker(ThreadPoolExecutor.java:1149)
	at java.util.concurrent.ThreadPoolExecutor$Worker.run(ThreadPoolExecutor.java:624)
	... 1 more
Caused by: org.apache.ratis.thirdparty.io.netty.channel.AbstractChannel$AnnotatedConnectException: Connection refused: /192.168.151.82:34214
	at sun.nio.ch.SocketChannelImpl.checkConnect(Native Method)
	at sun.nio.ch.SocketChannelImpl.finishConnect(SocketChannelImpl.java:717)
	at org.apache.ratis.thirdparty.io.netty.channel.socket.nio.NioSocketChannel.doFinishConnect(NioSocketChannel.java:327)
	at org.apache.ratis.thirdparty.io.netty.channel.nio.AbstractNioChannel$AbstractNioUnsafe.finishConnect(AbstractNioChannel.java:340)
	at org.apache.ratis.thirdparty.io.netty.channel.nio.NioEventLoop.processSelectedKey(NioEventLoop.java:632)
	at org.apache.ratis.thirdparty.io.netty.channel.nio.NioEventLoop.processSelectedKeysOptimized(NioEventLoop.java:579)
	at org.apache.ratis.thirdparty.io.netty.channel.nio.NioEventLoop.processSelectedKeys(NioEventLoop.java:496)
	at org.apache.ratis.thirdparty.io.netty.channel.nio.NioEventLoop.run(NioEventLoop.java:458)
	at org.apache.ratis.thirdparty.io.netty.util.concurrent.SingleThreadEventExecutor$5.run(SingleThreadEventExecutor.java:897)
	at org.apache.ratis.thirdparty.io.netty.util.concurrent.FastThreadLocalRunnable.run(FastThreadLocalRunnable.java:30)
	... 1 more
Caused by: java.net.ConnectException: Connection refused
	... 11 more
2019-09-28 01:22:25,128 [6882fb80-f7ef-4730-ad10-ebcfa4f7520d@group-6DBCB3E229B8:LeaderElection134] INFO  impl.RaftServerImpl (RaftServerImpl.java:setRole(174)) - 6882fb80-f7ef-4730-ad10-ebcfa4f7520d@group-6DBCB3E229B8: changes role from CANDIDATE to FOLLOWER at term 8 for DISCOVERED_A_NEW_TERM
2019-09-28 01:22:25,128 [6882fb80-f7ef-4730-ad10-ebcfa4f7520d@group-6DBCB3E229B8:LeaderElection134] INFO  impl.RoleInfo (RoleInfo.java:shutdownLeaderElection(134)) - 6882fb80-f7ef-4730-ad10-ebcfa4f7520d: shutdown LeaderElection
2019-09-28 01:22:25,129 [6882fb80-f7ef-4730-ad10-ebcfa4f7520d@group-6DBCB3E229B8:LeaderElection134] INFO  impl.RoleInfo (RoleInfo.java:updateAndGet(143)) - 6882fb80-f7ef-4730-ad10-ebcfa4f7520d: start FollowerState
2019-09-28 01:22:25,281 [Thread-6240] INFO  impl.FollowerState (FollowerState.java:run(106)) - bdd8cf1c-8d5c-4d45-9250-55158964142b:group-D9D741084385 changes to CANDIDATE, lastRpcTime:1968, electionTimeout:1157ms
2019-09-28 01:22:25,281 [Thread-6240] INFO  impl.RoleInfo (RoleInfo.java:shutdownFollowerState(121)) - bdd8cf1c-8d5c-4d45-9250-55158964142b: shutdown FollowerState
2019-09-28 01:22:25,281 [Thread-6240] INFO  impl.RaftServerImpl (RaftServerImpl.java:setRole(174)) - bdd8cf1c-8d5c-4d45-9250-55158964142b@group-D9D741084385: changes role from  FOLLOWER to CANDIDATE at term 2 for changeToCandidate
2019-09-28 01:22:25,281 [Thread-6240] INFO  impl.RoleInfo (RoleInfo.java:updateAndGet(143)) - bdd8cf1c-8d5c-4d45-9250-55158964142b: start LeaderElection
2019-09-28 01:22:25,282 [bdd8cf1c-8d5c-4d45-9250-55158964142b@group-D9D741084385:LeaderElection135] INFO  impl.RaftServerImpl (ServerState.java:setLeader(253)) - bdd8cf1c-8d5c-4d45-9250-55158964142b@group-D9D741084385: change Leader from 1718a6b7-a807-47b2-9e97-09209d9c5800 to null at term 2 for initElection
2019-09-28 01:22:25,303 [bdd8cf1c-8d5c-4d45-9250-55158964142b@group-D9D741084385:LeaderElection135] INFO  impl.LeaderElection (LeaderElection.java:askForVotes(182)) - bdd8cf1c-8d5c-4d45-9250-55158964142b@group-D9D741084385:LeaderElection135: begin an election at term 3 for 0: [1718a6b7-a807-47b2-9e97-09209d9c5800:192.168.151.82:35904, ab3cf4df-5976-458c-b5c2-4cdf8c4d91de:192.168.151.82:33779, bdd8cf1c-8d5c-4d45-9250-55158964142b:192.168.151.82:35056], old=null
2019-09-28 01:22:25,305 [bdd8cf1c-8d5c-4d45-9250-55158964142b@group-D9D741084385:LeaderElection135] INFO  impl.LeaderElection (LogUtils.java:infoOrTrace(149)) - bdd8cf1c-8d5c-4d45-9250-55158964142b@group-D9D741084385:LeaderElection135 got exception when requesting votes: {}
java.util.concurrent.ExecutionException: org.apache.ratis.thirdparty.io.grpc.StatusRuntimeException: UNAVAILABLE: io exception
	at java.util.concurrent.FutureTask.report(FutureTask.java:122)
	at java.util.concurrent.FutureTask.get(FutureTask.java:192)
	at org.apache.ratis.server.impl.LeaderElection.waitForResults(LeaderElection.java:263)
	at org.apache.ratis.server.impl.LeaderElection.askForVotes(LeaderElection.java:201)
	at org.apache.ratis.server.impl.LeaderElection.run(LeaderElection.java:133)
	at java.lang.Thread.run(Thread.java:748)
Caused by: org.apache.ratis.thirdparty.io.grpc.StatusRuntimeException: UNAVAILABLE: io exception
	at org.apache.ratis.thirdparty.io.grpc.stub.ClientCalls.toStatusRuntimeException(ClientCalls.java:233)
	at org.apache.ratis.thirdparty.io.grpc.stub.ClientCalls.getUnchecked(ClientCalls.java:214)
	at org.apache.ratis.thirdparty.io.grpc.stub.ClientCalls.blockingUnaryCall(ClientCalls.java:139)
	at org.apache.ratis.proto.grpc.RaftServerProtocolServiceGrpc$RaftServerProtocolServiceBlockingStub.requestVote(RaftServerProtocolServiceGrpc.java:265)
	at org.apache.ratis.grpc.server.GrpcServerProtocolClient.requestVote(GrpcServerProtocolClient.java:90)
	at org.apache.ratis.grpc.server.GrpcService.requestVote(GrpcService.java:204)
	at org.apache.ratis.server.impl.LeaderElection.lambda$submitRequests$1(LeaderElection.java:238)
	at java.util.concurrent.FutureTask.run(FutureTask.java:266)
	at java.util.concurrent.Executors$RunnableAdapter.call(Executors.java:511)
	at java.util.concurrent.FutureTask.run(FutureTask.java:266)
	at java.util.concurrent.ThreadPoolExecutor.runWorker(ThreadPoolExecutor.java:1149)
	at java.util.concurrent.ThreadPoolExecutor$Worker.run(ThreadPoolExecutor.java:624)
	... 1 more
Caused by: org.apache.ratis.thirdparty.io.netty.channel.AbstractChannel$AnnotatedConnectException: Connection refused: /192.168.151.82:35904
	at sun.nio.ch.SocketChannelImpl.checkConnect(Native Method)
	at sun.nio.ch.SocketChannelImpl.finishConnect(SocketChannelImpl.java:717)
	at org.apache.ratis.thirdparty.io.netty.channel.socket.nio.NioSocketChannel.doFinishConnect(NioSocketChannel.java:327)
	at org.apache.ratis.thirdparty.io.netty.channel.nio.AbstractNioChannel$AbstractNioUnsafe.finishConnect(AbstractNioChannel.java:340)
	at org.apache.ratis.thirdparty.io.netty.channel.nio.NioEventLoop.processSelectedKey(NioEventLoop.java:632)
	at org.apache.ratis.thirdparty.io.netty.channel.nio.NioEventLoop.processSelectedKeysOptimized(NioEventLoop.java:579)
	at org.apache.ratis.thirdparty.io.netty.channel.nio.NioEventLoop.processSelectedKeys(NioEventLoop.java:496)
	at org.apache.ratis.thirdparty.io.netty.channel.nio.NioEventLoop.run(NioEventLoop.java:458)
	at org.apache.ratis.thirdparty.io.netty.util.concurrent.SingleThreadEventExecutor$5.run(SingleThreadEventExecutor.java:897)
	at org.apache.ratis.thirdparty.io.netty.util.concurrent.FastThreadLocalRunnable.run(FastThreadLocalRunnable.java:30)
	... 1 more
Caused by: java.net.ConnectException: Connection refused
	... 11 more
2019-09-28 01:22:25,306 [bdd8cf1c-8d5c-4d45-9250-55158964142b@group-D9D741084385:LeaderElection135] INFO  impl.LeaderElection (LogUtils.java:infoOrTrace(149)) - bdd8cf1c-8d5c-4d45-9250-55158964142b@group-D9D741084385:LeaderElection135 got exception when requesting votes: {}
java.util.concurrent.ExecutionException: org.apache.ratis.thirdparty.io.grpc.StatusRuntimeException: UNAVAILABLE: io exception
	at java.util.concurrent.FutureTask.report(FutureTask.java:122)
	at java.util.concurrent.FutureTask.get(FutureTask.java:192)
	at org.apache.ratis.server.impl.LeaderElection.waitForResults(LeaderElection.java:263)
	at org.apache.ratis.server.impl.LeaderElection.askForVotes(LeaderElection.java:201)
	at org.apache.ratis.server.impl.LeaderElection.run(LeaderElection.java:133)
	at java.lang.Thread.run(Thread.java:748)
Caused by: org.apache.ratis.thirdparty.io.grpc.StatusRuntimeException: UNAVAILABLE: io exception
	at org.apache.ratis.thirdparty.io.grpc.stub.ClientCalls.toStatusRuntimeException(ClientCalls.java:233)
	at org.apache.ratis.thirdparty.io.grpc.stub.ClientCalls.getUnchecked(ClientCalls.java:214)
	at org.apache.ratis.thirdparty.io.grpc.stub.ClientCalls.blockingUnaryCall(ClientCalls.java:139)
	at org.apache.ratis.proto.grpc.RaftServerProtocolServiceGrpc$RaftServerProtocolServiceBlockingStub.requestVote(RaftServerProtocolServiceGrpc.java:265)
	at org.apache.ratis.grpc.server.GrpcServerProtocolClient.requestVote(GrpcServerProtocolClient.java:90)
	at org.apache.ratis.grpc.server.GrpcService.requestVote(GrpcService.java:204)
	at org.apache.ratis.server.impl.LeaderElection.lambda$submitRequests$1(LeaderElection.java:238)
	at java.util.concurrent.FutureTask.run(FutureTask.java:266)
	at java.util.concurrent.Executors$RunnableAdapter.call(Executors.java:511)
	at java.util.concurrent.FutureTask.run(FutureTask.java:266)
	at java.util.concurrent.ThreadPoolExecutor.runWorker(ThreadPoolExecutor.java:1149)
	at java.util.concurrent.ThreadPoolExecutor$Worker.run(ThreadPoolExecutor.java:624)
	... 1 more
Caused by: org.apache.ratis.thirdparty.io.netty.channel.AbstractChannel$AnnotatedConnectException: Connection refused: /192.168.151.82:33779
	at sun.nio.ch.SocketChannelImpl.checkConnect(Native Method)
	at sun.nio.ch.SocketChannelImpl.finishConnect(SocketChannelImpl.java:717)
	at org.apache.ratis.thirdparty.io.netty.channel.socket.nio.NioSocketChannel.doFinishConnect(NioSocketChannel.java:327)
	at org.apache.ratis.thirdparty.io.netty.channel.nio.AbstractNioChannel$AbstractNioUnsafe.finishConnect(AbstractNioChannel.java:340)
	at org.apache.ratis.thirdparty.io.netty.channel.nio.NioEventLoop.processSelectedKey(NioEventLoop.java:632)
	at org.apache.ratis.thirdparty.io.netty.channel.nio.NioEventLoop.processSelectedKeysOptimized(NioEventLoop.java:579)
	at org.apache.ratis.thirdparty.io.netty.channel.nio.NioEventLoop.processSelectedKeys(NioEventLoop.java:496)
	at org.apache.ratis.thirdparty.io.netty.channel.nio.NioEventLoop.run(NioEventLoop.java:458)
	at org.apache.ratis.thirdparty.io.netty.util.concurrent.SingleThreadEventExecutor$5.run(SingleThreadEventExecutor.java:897)
	at org.apache.ratis.thirdparty.io.netty.util.concurrent.FastThreadLocalRunnable.run(FastThreadLocalRunnable.java:30)
	... 1 more
Caused by: java.net.ConnectException: Connection refused
	... 11 more
2019-09-28 01:22:25,306 [bdd8cf1c-8d5c-4d45-9250-55158964142b@group-D9D741084385:LeaderElection135] INFO  impl.LeaderElection (LeaderElection.java:logAndReturn(56)) - bdd8cf1c-8d5c-4d45-9250-55158964142b@group-D9D741084385:LeaderElection135: Election REJECTED; received 0 response(s) [] and 2 exception(s); bdd8cf1c-8d5c-4d45-9250-55158964142b@group-D9D741084385:t3, leader=null, voted=bdd8cf1c-8d5c-4d45-9250-55158964142b, raftlog=bdd8cf1c-8d5c-4d45-9250-55158964142b@group-D9D741084385-SegmentedRaftLog:OPENED:c0,f0,i0, conf=0: [1718a6b7-a807-47b2-9e97-09209d9c5800:192.168.151.82:35904, ab3cf4df-5976-458c-b5c2-4cdf8c4d91de:192.168.151.82:33779, bdd8cf1c-8d5c-4d45-9250-55158964142b:192.168.151.82:35056], old=null
2019-09-28 01:22:25,306 [bdd8cf1c-8d5c-4d45-9250-55158964142b@group-D9D741084385:LeaderElection135] INFO  impl.LeaderElection (LogUtils.java:infoOrTrace(149)) -   Exception 0: {}
java.util.concurrent.ExecutionException: org.apache.ratis.thirdparty.io.grpc.StatusRuntimeException: UNAVAILABLE: io exception
	at java.util.concurrent.FutureTask.report(FutureTask.java:122)
	at java.util.concurrent.FutureTask.get(FutureTask.java:192)
	at org.apache.ratis.server.impl.LeaderElection.waitForResults(LeaderElection.java:263)
	at org.apache.ratis.server.impl.LeaderElection.askForVotes(LeaderElection.java:201)
	at org.apache.ratis.server.impl.LeaderElection.run(LeaderElection.java:133)
	at java.lang.Thread.run(Thread.java:748)
Caused by: org.apache.ratis.thirdparty.io.grpc.StatusRuntimeException: UNAVAILABLE: io exception
	at org.apache.ratis.thirdparty.io.grpc.stub.ClientCalls.toStatusRuntimeException(ClientCalls.java:233)
	at org.apache.ratis.thirdparty.io.grpc.stub.ClientCalls.getUnchecked(ClientCalls.java:214)
	at org.apache.ratis.thirdparty.io.grpc.stub.ClientCalls.blockingUnaryCall(ClientCalls.java:139)
	at org.apache.ratis.proto.grpc.RaftServerProtocolServiceGrpc$RaftServerProtocolServiceBlockingStub.requestVote(RaftServerProtocolServiceGrpc.java:265)
	at org.apache.ratis.grpc.server.GrpcServerProtocolClient.requestVote(GrpcServerProtocolClient.java:90)
	at org.apache.ratis.grpc.server.GrpcService.requestVote(GrpcService.java:204)
	at org.apache.ratis.server.impl.LeaderElection.lambda$submitRequests$1(LeaderElection.java:238)
	at java.util.concurrent.FutureTask.run(FutureTask.java:266)
	at java.util.concurrent.Executors$RunnableAdapter.call(Executors.java:511)
	at java.util.concurrent.FutureTask.run(FutureTask.java:266)
	at java.util.concurrent.ThreadPoolExecutor.runWorker(ThreadPoolExecutor.java:1149)
	at java.util.concurrent.ThreadPoolExecutor$Worker.run(ThreadPoolExecutor.java:624)
	... 1 more
Caused by: org.apache.ratis.thirdparty.io.netty.channel.AbstractChannel$AnnotatedConnectException: Connection refused: /192.168.151.82:35904
	at sun.nio.ch.SocketChannelImpl.checkConnect(Native Method)
	at sun.nio.ch.SocketChannelImpl.finishConnect(SocketChannelImpl.java:717)
	at org.apache.ratis.thirdparty.io.netty.channel.socket.nio.NioSocketChannel.doFinishConnect(NioSocketChannel.java:327)
	at org.apache.ratis.thirdparty.io.netty.channel.nio.AbstractNioChannel$AbstractNioUnsafe.finishConnect(AbstractNioChannel.java:340)
	at org.apache.ratis.thirdparty.io.netty.channel.nio.NioEventLoop.processSelectedKey(NioEventLoop.java:632)
	at org.apache.ratis.thirdparty.io.netty.channel.nio.NioEventLoop.processSelectedKeysOptimized(NioEventLoop.java:579)
	at org.apache.ratis.thirdparty.io.netty.channel.nio.NioEventLoop.processSelectedKeys(NioEventLoop.java:496)
	at org.apache.ratis.thirdparty.io.netty.channel.nio.NioEventLoop.run(NioEventLoop.java:458)
	at org.apache.ratis.thirdparty.io.netty.util.concurrent.SingleThreadEventExecutor$5.run(SingleThreadEventExecutor.java:897)
	at org.apache.ratis.thirdparty.io.netty.util.concurrent.FastThreadLocalRunnable.run(FastThreadLocalRunnable.java:30)
	... 1 more
Caused by: java.net.ConnectException: Connection refused
	... 11 more
2019-09-28 01:22:25,307 [bdd8cf1c-8d5c-4d45-9250-55158964142b@group-D9D741084385:LeaderElection135] INFO  impl.LeaderElection (LogUtils.java:infoOrTrace(149)) -   Exception 1: {}
java.util.concurrent.ExecutionException: org.apache.ratis.thirdparty.io.grpc.StatusRuntimeException: UNAVAILABLE: io exception
	at java.util.concurrent.FutureTask.report(FutureTask.java:122)
	at java.util.concurrent.FutureTask.get(FutureTask.java:192)
	at org.apache.ratis.server.impl.LeaderElection.waitForResults(LeaderElection.java:263)
	at org.apache.ratis.server.impl.LeaderElection.askForVotes(LeaderElection.java:201)
	at org.apache.ratis.server.impl.LeaderElection.run(LeaderElection.java:133)
	at java.lang.Thread.run(Thread.java:748)
Caused by: org.apache.ratis.thirdparty.io.grpc.StatusRuntimeException: UNAVAILABLE: io exception
	at org.apache.ratis.thirdparty.io.grpc.stub.ClientCalls.toStatusRuntimeException(ClientCalls.java:233)
	at org.apache.ratis.thirdparty.io.grpc.stub.ClientCalls.getUnchecked(ClientCalls.java:214)
	at org.apache.ratis.thirdparty.io.grpc.stub.ClientCalls.blockingUnaryCall(ClientCalls.java:139)
	at org.apache.ratis.proto.grpc.RaftServerProtocolServiceGrpc$RaftServerProtocolServiceBlockingStub.requestVote(RaftServerProtocolServiceGrpc.java:265)
	at org.apache.ratis.grpc.server.GrpcServerProtocolClient.requestVote(GrpcServerProtocolClient.java:90)
	at org.apache.ratis.grpc.server.GrpcService.requestVote(GrpcService.java:204)
	at org.apache.ratis.server.impl.LeaderElection.lambda$submitRequests$1(LeaderElection.java:238)
	at java.util.concurrent.FutureTask.run(FutureTask.java:266)
	at java.util.concurrent.Executors$RunnableAdapter.call(Executors.java:511)
	at java.util.concurrent.FutureTask.run(FutureTask.java:266)
	at java.util.concurrent.ThreadPoolExecutor.runWorker(ThreadPoolExecutor.java:1149)
	at java.util.concurrent.ThreadPoolExecutor$Worker.run(ThreadPoolExecutor.java:624)
	... 1 more
Caused by: org.apache.ratis.thirdparty.io.netty.channel.AbstractChannel$AnnotatedConnectException: Connection refused: /192.168.151.82:33779
	at sun.nio.ch.SocketChannelImpl.checkConnect(Native Method)
	at sun.nio.ch.SocketChannelImpl.finishConnect(SocketChannelImpl.java:717)
	at org.apache.ratis.thirdparty.io.netty.channel.socket.nio.NioSocketChannel.doFinishConnect(NioSocketChannel.java:327)
	at org.apache.ratis.thirdparty.io.netty.channel.nio.AbstractNioChannel$AbstractNioUnsafe.finishConnect(AbstractNioChannel.java:340)
	at org.apache.ratis.thirdparty.io.netty.channel.nio.NioEventLoop.processSelectedKey(NioEventLoop.java:632)
	at org.apache.ratis.thirdparty.io.netty.channel.nio.NioEventLoop.processSelectedKeysOptimized(NioEventLoop.java:579)
	at org.apache.ratis.thirdparty.io.netty.channel.nio.NioEventLoop.processSelectedKeys(NioEventLoop.java:496)
	at org.apache.ratis.thirdparty.io.netty.channel.nio.NioEventLoop.run(NioEventLoop.java:458)
	at org.apache.ratis.thirdparty.io.netty.util.concurrent.SingleThreadEventExecutor$5.run(SingleThreadEventExecutor.java:897)
	at org.apache.ratis.thirdparty.io.netty.util.concurrent.FastThreadLocalRunnable.run(FastThreadLocalRunnable.java:30)
	... 1 more
Caused by: java.net.ConnectException: Connection refused
	... 11 more
2019-09-28 01:22:25,307 [bdd8cf1c-8d5c-4d45-9250-55158964142b@group-D9D741084385:LeaderElection135] INFO  impl.RaftServerImpl (RaftServerImpl.java:setRole(174)) - bdd8cf1c-8d5c-4d45-9250-55158964142b@group-D9D741084385: changes role from CANDIDATE to FOLLOWER at term 3 for DISCOVERED_A_NEW_TERM
2019-09-28 01:22:25,307 [bdd8cf1c-8d5c-4d45-9250-55158964142b@group-D9D741084385:LeaderElection135] INFO  impl.RoleInfo (RoleInfo.java:shutdownLeaderElection(134)) - bdd8cf1c-8d5c-4d45-9250-55158964142b: shutdown LeaderElection
2019-09-28 01:22:25,308 [bdd8cf1c-8d5c-4d45-9250-55158964142b@group-D9D741084385:LeaderElection135] INFO  impl.RoleInfo (RoleInfo.java:updateAndGet(143)) - bdd8cf1c-8d5c-4d45-9250-55158964142b: start FollowerState
2019-09-28 01:22:26,295 [Thread-7770] INFO  impl.FollowerState (FollowerState.java:run(106)) - 6882fb80-f7ef-4730-ad10-ebcfa4f7520d:group-6DBCB3E229B8 changes to CANDIDATE, lastRpcTime:1166, electionTimeout:1166ms
2019-09-28 01:22:26,295 [Thread-7770] INFO  impl.RoleInfo (RoleInfo.java:shutdownFollowerState(121)) - 6882fb80-f7ef-4730-ad10-ebcfa4f7520d: shutdown FollowerState
2019-09-28 01:22:26,296 [Thread-7770] INFO  impl.RaftServerImpl (RaftServerImpl.java:setRole(174)) - 6882fb80-f7ef-4730-ad10-ebcfa4f7520d@group-6DBCB3E229B8: changes role from  FOLLOWER to CANDIDATE at term 8 for changeToCandidate
2019-09-28 01:22:26,296 [Thread-7770] INFO  impl.RoleInfo (RoleInfo.java:updateAndGet(143)) - 6882fb80-f7ef-4730-ad10-ebcfa4f7520d: start LeaderElection
2019-09-28 01:22:26,322 [6882fb80-f7ef-4730-ad10-ebcfa4f7520d@group-6DBCB3E229B8:LeaderElection136] INFO  impl.LeaderElection (LeaderElection.java:askForVotes(182)) - 6882fb80-f7ef-4730-ad10-ebcfa4f7520d@group-6DBCB3E229B8:LeaderElection136: begin an election at term 9 for 1: [01a90e73-792d-4935-bbf3-5d3894bf13f0:192.168.151.82:37184, 1966a829-263f-4752-b717-080d3fe051ab:192.168.151.82:34214, 6882fb80-f7ef-4730-ad10-ebcfa4f7520d:192.168.151.82:39537], old=null
2019-09-28 01:22:26,323 [6882fb80-f7ef-4730-ad10-ebcfa4f7520d@group-6DBCB3E229B8:LeaderElection136] INFO  impl.LeaderElection (LogUtils.java:infoOrTrace(149)) - 6882fb80-f7ef-4730-ad10-ebcfa4f7520d@group-6DBCB3E229B8:LeaderElection136 got exception when requesting votes: {}
java.util.concurrent.ExecutionException: org.apache.ratis.thirdparty.io.grpc.StatusRuntimeException: UNAVAILABLE: io exception
	at java.util.concurrent.FutureTask.report(FutureTask.java:122)
	at java.util.concurrent.FutureTask.get(FutureTask.java:192)
	at org.apache.ratis.server.impl.LeaderElection.waitForResults(LeaderElection.java:263)
	at org.apache.ratis.server.impl.LeaderElection.askForVotes(LeaderElection.java:201)
	at org.apache.ratis.server.impl.LeaderElection.run(LeaderElection.java:133)
	at java.lang.Thread.run(Thread.java:748)
Caused by: org.apache.ratis.thirdparty.io.grpc.StatusRuntimeException: UNAVAILABLE: io exception
	at org.apache.ratis.thirdparty.io.grpc.stub.ClientCalls.toStatusRuntimeException(ClientCalls.java:233)
	at org.apache.ratis.thirdparty.io.grpc.stub.ClientCalls.getUnchecked(ClientCalls.java:214)
	at org.apache.ratis.thirdparty.io.grpc.stub.ClientCalls.blockingUnaryCall(ClientCalls.java:139)
	at org.apache.ratis.proto.grpc.RaftServerProtocolServiceGrpc$RaftServerProtocolServiceBlockingStub.requestVote(RaftServerProtocolServiceGrpc.java:265)
	at org.apache.ratis.grpc.server.GrpcServerProtocolClient.requestVote(GrpcServerProtocolClient.java:90)
	at org.apache.ratis.grpc.server.GrpcService.requestVote(GrpcService.java:204)
	at org.apache.ratis.server.impl.LeaderElection.lambda$submitRequests$1(LeaderElection.java:238)
	at java.util.concurrent.FutureTask.run(FutureTask.java:266)
	at java.util.concurrent.Executors$RunnableAdapter.call(Executors.java:511)
	at java.util.concurrent.FutureTask.run(FutureTask.java:266)
	at java.util.concurrent.ThreadPoolExecutor.runWorker(ThreadPoolExecutor.java:1149)
	at java.util.concurrent.ThreadPoolExecutor$Worker.run(ThreadPoolExecutor.java:624)
	... 1 more
Caused by: org.apache.ratis.thirdparty.io.netty.channel.AbstractChannel$AnnotatedConnectException: Connection refused: /192.168.151.82:37184
	at sun.nio.ch.SocketChannelImpl.checkConnect(Native Method)
	at sun.nio.ch.SocketChannelImpl.finishConnect(SocketChannelImpl.java:717)
	at org.apache.ratis.thirdparty.io.netty.channel.socket.nio.NioSocketChannel.doFinishConnect(NioSocketChannel.java:327)
	at org.apache.ratis.thirdparty.io.netty.channel.nio.AbstractNioChannel$AbstractNioUnsafe.finishConnect(AbstractNioChannel.java:340)
	at org.apache.ratis.thirdparty.io.netty.channel.nio.NioEventLoop.processSelectedKey(NioEventLoop.java:632)
	at org.apache.ratis.thirdparty.io.netty.channel.nio.NioEventLoop.processSelectedKeysOptimized(NioEventLoop.java:579)
	at org.apache.ratis.thirdparty.io.netty.channel.nio.NioEventLoop.processSelectedKeys(NioEventLoop.java:496)
	at org.apache.ratis.thirdparty.io.netty.channel.nio.NioEventLoop.run(NioEventLoop.java:458)
	at org.apache.ratis.thirdparty.io.netty.util.concurrent.SingleThreadEventExecutor$5.run(SingleThreadEventExecutor.java:897)
	at org.apache.ratis.thirdparty.io.netty.util.concurrent.FastThreadLocalRunnable.run(FastThreadLocalRunnable.java:30)
	... 1 more
Caused by: java.net.ConnectException: Connection refused
	... 11 more
2019-09-28 01:22:26,323 [6882fb80-f7ef-4730-ad10-ebcfa4f7520d@group-6DBCB3E229B8:LeaderElection136] INFO  impl.LeaderElection (LogUtils.java:infoOrTrace(149)) - 6882fb80-f7ef-4730-ad10-ebcfa4f7520d@group-6DBCB3E229B8:LeaderElection136 got exception when requesting votes: {}
java.util.concurrent.ExecutionException: org.apache.ratis.thirdparty.io.grpc.StatusRuntimeException: UNAVAILABLE: io exception
	at java.util.concurrent.FutureTask.report(FutureTask.java:122)
	at java.util.concurrent.FutureTask.get(FutureTask.java:192)
	at org.apache.ratis.server.impl.LeaderElection.waitForResults(LeaderElection.java:263)
	at org.apache.ratis.server.impl.LeaderElection.askForVotes(LeaderElection.java:201)
	at org.apache.ratis.server.impl.LeaderElection.run(LeaderElection.java:133)
	at java.lang.Thread.run(Thread.java:748)
Caused by: org.apache.ratis.thirdparty.io.grpc.StatusRuntimeException: UNAVAILABLE: io exception
	at org.apache.ratis.thirdparty.io.grpc.stub.ClientCalls.toStatusRuntimeException(ClientCalls.java:233)
	at org.apache.ratis.thirdparty.io.grpc.stub.ClientCalls.getUnchecked(ClientCalls.java:214)
	at org.apache.ratis.thirdparty.io.grpc.stub.ClientCalls.blockingUnaryCall(ClientCalls.java:139)
	at org.apache.ratis.proto.grpc.RaftServerProtocolServiceGrpc$RaftServerProtocolServiceBlockingStub.requestVote(RaftServerProtocolServiceGrpc.java:265)
	at org.apache.ratis.grpc.server.GrpcServerProtocolClient.requestVote(GrpcServerProtocolClient.java:90)
	at org.apache.ratis.grpc.server.GrpcService.requestVote(GrpcService.java:204)
	at org.apache.ratis.server.impl.LeaderElection.lambda$submitRequests$1(LeaderElection.java:238)
	at java.util.concurrent.FutureTask.run(FutureTask.java:266)
	at java.util.concurrent.Executors$RunnableAdapter.call(Executors.java:511)
	at java.util.concurrent.FutureTask.run(FutureTask.java:266)
	at java.util.concurrent.ThreadPoolExecutor.runWorker(ThreadPoolExecutor.java:1149)
	at java.util.concurrent.ThreadPoolExecutor$Worker.run(ThreadPoolExecutor.java:624)
	... 1 more
Caused by: org.apache.ratis.thirdparty.io.netty.channel.AbstractChannel$AnnotatedConnectException: Connection refused: /192.168.151.82:34214
	at sun.nio.ch.SocketChannelImpl.checkConnect(Native Method)
	at sun.nio.ch.SocketChannelImpl.finishConnect(SocketChannelImpl.java:717)
	at org.apache.ratis.thirdparty.io.netty.channel.socket.nio.NioSocketChannel.doFinishConnect(NioSocketChannel.java:327)
	at org.apache.ratis.thirdparty.io.netty.channel.nio.AbstractNioChannel$AbstractNioUnsafe.finishConnect(AbstractNioChannel.java:340)
	at org.apache.ratis.thirdparty.io.netty.channel.nio.NioEventLoop.processSelectedKey(NioEventLoop.java:632)
	at org.apache.ratis.thirdparty.io.netty.channel.nio.NioEventLoop.processSelectedKeysOptimized(NioEventLoop.java:579)
	at org.apache.ratis.thirdparty.io.netty.channel.nio.NioEventLoop.processSelectedKeys(NioEventLoop.java:496)
	at org.apache.ratis.thirdparty.io.netty.channel.nio.NioEventLoop.run(NioEventLoop.java:458)
	at org.apache.ratis.thirdparty.io.netty.util.concurrent.SingleThreadEventExecutor$5.run(SingleThreadEventExecutor.java:897)
	at org.apache.ratis.thirdparty.io.netty.util.concurrent.FastThreadLocalRunnable.run(FastThreadLocalRunnable.java:30)
	... 1 more
Caused by: java.net.ConnectException: Connection refused
	... 11 more
2019-09-28 01:22:26,324 [6882fb80-f7ef-4730-ad10-ebcfa4f7520d@group-6DBCB3E229B8:LeaderElection136] INFO  impl.LeaderElection (LeaderElection.java:logAndReturn(56)) - 6882fb80-f7ef-4730-ad10-ebcfa4f7520d@group-6DBCB3E229B8:LeaderElection136: Election REJECTED; received 0 response(s) [] and 2 exception(s); 6882fb80-f7ef-4730-ad10-ebcfa4f7520d@group-6DBCB3E229B8:t9, leader=null, voted=6882fb80-f7ef-4730-ad10-ebcfa4f7520d, raftlog=6882fb80-f7ef-4730-ad10-ebcfa4f7520d@group-6DBCB3E229B8-SegmentedRaftLog:OPENED:c2,f2,i2, conf=1: [01a90e73-792d-4935-bbf3-5d3894bf13f0:192.168.151.82:37184, 1966a829-263f-4752-b717-080d3fe051ab:192.168.151.82:34214, 6882fb80-f7ef-4730-ad10-ebcfa4f7520d:192.168.151.82:39537], old=null
2019-09-28 01:22:26,324 [6882fb80-f7ef-4730-ad10-ebcfa4f7520d@group-6DBCB3E229B8:LeaderElection136] INFO  impl.LeaderElection (LogUtils.java:infoOrTrace(149)) -   Exception 0: {}
java.util.concurrent.ExecutionException: org.apache.ratis.thirdparty.io.grpc.StatusRuntimeException: UNAVAILABLE: io exception
	at java.util.concurrent.FutureTask.report(FutureTask.java:122)
	at java.util.concurrent.FutureTask.get(FutureTask.java:192)
	at org.apache.ratis.server.impl.LeaderElection.waitForResults(LeaderElection.java:263)
	at org.apache.ratis.server.impl.LeaderElection.askForVotes(LeaderElection.java:201)
	at org.apache.ratis.server.impl.LeaderElection.run(LeaderElection.java:133)
	at java.lang.Thread.run(Thread.java:748)
Caused by: org.apache.ratis.thirdparty.io.grpc.StatusRuntimeException: UNAVAILABLE: io exception
	at org.apache.ratis.thirdparty.io.grpc.stub.ClientCalls.toStatusRuntimeException(ClientCalls.java:233)
	at org.apache.ratis.thirdparty.io.grpc.stub.ClientCalls.getUnchecked(ClientCalls.java:214)
	at org.apache.ratis.thirdparty.io.grpc.stub.ClientCalls.blockingUnaryCall(ClientCalls.java:139)
	at org.apache.ratis.proto.grpc.RaftServerProtocolServiceGrpc$RaftServerProtocolServiceBlockingStub.requestVote(RaftServerProtocolServiceGrpc.java:265)
	at org.apache.ratis.grpc.server.GrpcServerProtocolClient.requestVote(GrpcServerProtocolClient.java:90)
	at org.apache.ratis.grpc.server.GrpcService.requestVote(GrpcService.java:204)
	at org.apache.ratis.server.impl.LeaderElection.lambda$submitRequests$1(LeaderElection.java:238)
	at java.util.concurrent.FutureTask.run(FutureTask.java:266)
	at java.util.concurrent.Executors$RunnableAdapter.call(Executors.java:511)
	at java.util.concurrent.FutureTask.run(FutureTask.java:266)
	at java.util.concurrent.ThreadPoolExecutor.runWorker(ThreadPoolExecutor.java:1149)
	at java.util.concurrent.ThreadPoolExecutor$Worker.run(ThreadPoolExecutor.java:624)
	... 1 more
Caused by: org.apache.ratis.thirdparty.io.netty.channel.AbstractChannel$AnnotatedConnectException: Connection refused: /192.168.151.82:37184
	at sun.nio.ch.SocketChannelImpl.checkConnect(Native Method)
	at sun.nio.ch.SocketChannelImpl.finishConnect(SocketChannelImpl.java:717)
	at org.apache.ratis.thirdparty.io.netty.channel.socket.nio.NioSocketChannel.doFinishConnect(NioSocketChannel.java:327)
	at org.apache.ratis.thirdparty.io.netty.channel.nio.AbstractNioChannel$AbstractNioUnsafe.finishConnect(AbstractNioChannel.java:340)
	at org.apache.ratis.thirdparty.io.netty.channel.nio.NioEventLoop.processSelectedKey(NioEventLoop.java:632)
	at org.apache.ratis.thirdparty.io.netty.channel.nio.NioEventLoop.processSelectedKeysOptimized(NioEventLoop.java:579)
	at org.apache.ratis.thirdparty.io.netty.channel.nio.NioEventLoop.processSelectedKeys(NioEventLoop.java:496)
	at org.apache.ratis.thirdparty.io.netty.channel.nio.NioEventLoop.run(NioEventLoop.java:458)
	at org.apache.ratis.thirdparty.io.netty.util.concurrent.SingleThreadEventExecutor$5.run(SingleThreadEventExecutor.java:897)
	at org.apache.ratis.thirdparty.io.netty.util.concurrent.FastThreadLocalRunnable.run(FastThreadLocalRunnable.java:30)
	... 1 more
Caused by: java.net.ConnectException: Connection refused
	... 11 more
2019-09-28 01:22:26,325 [6882fb80-f7ef-4730-ad10-ebcfa4f7520d@group-6DBCB3E229B8:LeaderElection136] INFO  impl.LeaderElection (LogUtils.java:infoOrTrace(149)) -   Exception 1: {}
java.util.concurrent.ExecutionException: org.apache.ratis.thirdparty.io.grpc.StatusRuntimeException: UNAVAILABLE: io exception
	at java.util.concurrent.FutureTask.report(FutureTask.java:122)
	at java.util.concurrent.FutureTask.get(FutureTask.java:192)
	at org.apache.ratis.server.impl.LeaderElection.waitForResults(LeaderElection.java:263)
	at org.apache.ratis.server.impl.LeaderElection.askForVotes(LeaderElection.java:201)
	at org.apache.ratis.server.impl.LeaderElection.run(LeaderElection.java:133)
	at java.lang.Thread.run(Thread.java:748)
Caused by: org.apache.ratis.thirdparty.io.grpc.StatusRuntimeException: UNAVAILABLE: io exception
	at org.apache.ratis.thirdparty.io.grpc.stub.ClientCalls.toStatusRuntimeException(ClientCalls.java:233)
	at org.apache.ratis.thirdparty.io.grpc.stub.ClientCalls.getUnchecked(ClientCalls.java:214)
	at org.apache.ratis.thirdparty.io.grpc.stub.ClientCalls.blockingUnaryCall(ClientCalls.java:139)
	at org.apache.ratis.proto.grpc.RaftServerProtocolServiceGrpc$RaftServerProtocolServiceBlockingStub.requestVote(RaftServerProtocolServiceGrpc.java:265)
	at org.apache.ratis.grpc.server.GrpcServerProtocolClient.requestVote(GrpcServerProtocolClient.java:90)
	at org.apache.ratis.grpc.server.GrpcService.requestVote(GrpcService.java:204)
	at org.apache.ratis.server.impl.LeaderElection.lambda$submitRequests$1(LeaderElection.java:238)
	at java.util.concurrent.FutureTask.run(FutureTask.java:266)
	at java.util.concurrent.Executors$RunnableAdapter.call(Executors.java:511)
	at java.util.concurrent.FutureTask.run(FutureTask.java:266)
	at java.util.concurrent.ThreadPoolExecutor.runWorker(ThreadPoolExecutor.java:1149)
	at java.util.concurrent.ThreadPoolExecutor$Worker.run(ThreadPoolExecutor.java:624)
	... 1 more
Caused by: org.apache.ratis.thirdparty.io.netty.channel.AbstractChannel$AnnotatedConnectException: Connection refused: /192.168.151.82:34214
	at sun.nio.ch.SocketChannelImpl.checkConnect(Native Method)
	at sun.nio.ch.SocketChannelImpl.finishConnect(SocketChannelImpl.java:717)
	at org.apache.ratis.thirdparty.io.netty.channel.socket.nio.NioSocketChannel.doFinishConnect(NioSocketChannel.java:327)
	at org.apache.ratis.thirdparty.io.netty.channel.nio.AbstractNioChannel$AbstractNioUnsafe.finishConnect(AbstractNioChannel.java:340)
	at org.apache.ratis.thirdparty.io.netty.channel.nio.NioEventLoop.processSelectedKey(NioEventLoop.java:632)
	at org.apache.ratis.thirdparty.io.netty.channel.nio.NioEventLoop.processSelectedKeysOptimized(NioEventLoop.java:579)
	at org.apache.ratis.thirdparty.io.netty.channel.nio.NioEventLoop.processSelectedKeys(NioEventLoop.java:496)
	at org.apache.ratis.thirdparty.io.netty.channel.nio.NioEventLoop.run(NioEventLoop.java:458)
	at org.apache.ratis.thirdparty.io.netty.util.concurrent.SingleThreadEventExecutor$5.run(SingleThreadEventExecutor.java:897)
	at org.apache.ratis.thirdparty.io.netty.util.concurrent.FastThreadLocalRunnable.run(FastThreadLocalRunnable.java:30)
	... 1 more
Caused by: java.net.ConnectException: Connection refused
	... 11 more
2019-09-28 01:22:26,325 [6882fb80-f7ef-4730-ad10-ebcfa4f7520d@group-6DBCB3E229B8:LeaderElection136] INFO  impl.RaftServerImpl (RaftServerImpl.java:setRole(174)) - 6882fb80-f7ef-4730-ad10-ebcfa4f7520d@group-6DBCB3E229B8: changes role from CANDIDATE to FOLLOWER at term 9 for DISCOVERED_A_NEW_TERM
2019-09-28 01:22:26,325 [6882fb80-f7ef-4730-ad10-ebcfa4f7520d@group-6DBCB3E229B8:LeaderElection136] INFO  impl.RoleInfo (RoleInfo.java:shutdownLeaderElection(134)) - 6882fb80-f7ef-4730-ad10-ebcfa4f7520d: shutdown LeaderElection
2019-09-28 01:22:26,325 [6882fb80-f7ef-4730-ad10-ebcfa4f7520d@group-6DBCB3E229B8:LeaderElection136] INFO  impl.RoleInfo (RoleInfo.java:updateAndGet(143)) - 6882fb80-f7ef-4730-ad10-ebcfa4f7520d: start FollowerState
2019-09-28 01:22:26,340 [Thread-7774] INFO  impl.FollowerState (FollowerState.java:run(106)) - bdd8cf1c-8d5c-4d45-9250-55158964142b:group-D9D741084385 changes to CANDIDATE, lastRpcTime:1032, electionTimeout:1032ms
2019-09-28 01:22:26,340 [Thread-7774] INFO  impl.RoleInfo (RoleInfo.java:shutdownFollowerState(121)) - bdd8cf1c-8d5c-4d45-9250-55158964142b: shutdown FollowerState
2019-09-28 01:22:26,340 [Thread-7774] INFO  impl.RaftServerImpl (RaftServerImpl.java:setRole(174)) - bdd8cf1c-8d5c-4d45-9250-55158964142b@group-D9D741084385: changes role from  FOLLOWER to CANDIDATE at term 3 for changeToCandidate
2019-09-28 01:22:26,341 [Thread-7774] INFO  impl.RoleInfo (RoleInfo.java:updateAndGet(143)) - bdd8cf1c-8d5c-4d45-9250-55158964142b: start LeaderElection
2019-09-28 01:22:26,354 [bdd8cf1c-8d5c-4d45-9250-55158964142b@group-D9D741084385:LeaderElection137] INFO  impl.LeaderElection (LeaderElection.java:askForVotes(182)) - bdd8cf1c-8d5c-4d45-9250-55158964142b@group-D9D741084385:LeaderElection137: begin an election at term 4 for 0: [1718a6b7-a807-47b2-9e97-09209d9c5800:192.168.151.82:35904, ab3cf4df-5976-458c-b5c2-4cdf8c4d91de:192.168.151.82:33779, bdd8cf1c-8d5c-4d45-9250-55158964142b:192.168.151.82:35056], old=null
2019-09-28 01:22:26,355 [bdd8cf1c-8d5c-4d45-9250-55158964142b@group-D9D741084385:LeaderElection137] INFO  impl.LeaderElection (LogUtils.java:infoOrTrace(149)) - bdd8cf1c-8d5c-4d45-9250-55158964142b@group-D9D741084385:LeaderElection137 got exception when requesting votes: {}
java.util.concurrent.ExecutionException: org.apache.ratis.thirdparty.io.grpc.StatusRuntimeException: UNAVAILABLE: io exception
	at java.util.concurrent.FutureTask.report(FutureTask.java:122)
	at java.util.concurrent.FutureTask.get(FutureTask.java:192)
	at org.apache.ratis.server.impl.LeaderElection.waitForResults(LeaderElection.java:263)
	at org.apache.ratis.server.impl.LeaderElection.askForVotes(LeaderElection.java:201)
	at org.apache.ratis.server.impl.LeaderElection.run(LeaderElection.java:133)
	at java.lang.Thread.run(Thread.java:748)
Caused by: org.apache.ratis.thirdparty.io.grpc.StatusRuntimeException: UNAVAILABLE: io exception
	at org.apache.ratis.thirdparty.io.grpc.stub.ClientCalls.toStatusRuntimeException(ClientCalls.java:233)
	at org.apache.ratis.thirdparty.io.grpc.stub.ClientCalls.getUnchecked(ClientCalls.java:214)
	at org.apache.ratis.thirdparty.io.grpc.stub.ClientCalls.blockingUnaryCall(ClientCalls.java:139)
	at org.apache.ratis.proto.grpc.RaftServerProtocolServiceGrpc$RaftServerProtocolServiceBlockingStub.requestVote(RaftServerProtocolServiceGrpc.java:265)
	at org.apache.ratis.grpc.server.GrpcServerProtocolClient.requestVote(GrpcServerProtocolClient.java:90)
	at org.apache.ratis.grpc.server.GrpcService.requestVote(GrpcService.java:204)
	at org.apache.ratis.server.impl.LeaderElection.lambda$submitRequests$1(LeaderElection.java:238)
	at java.util.concurrent.FutureTask.run(FutureTask.java:266)
	at java.util.concurrent.Executors$RunnableAdapter.call(Executors.java:511)
	at java.util.concurrent.FutureTask.run(FutureTask.java:266)
	at java.util.concurrent.ThreadPoolExecutor.runWorker(ThreadPoolExecutor.java:1149)
	at java.util.concurrent.ThreadPoolExecutor$Worker.run(ThreadPoolExecutor.java:624)
	... 1 more
Caused by: org.apache.ratis.thirdparty.io.netty.channel.AbstractChannel$AnnotatedConnectException: Connection refused: /192.168.151.82:35904
	at sun.nio.ch.SocketChannelImpl.checkConnect(Native Method)
	at sun.nio.ch.SocketChannelImpl.finishConnect(SocketChannelImpl.java:717)
	at org.apache.ratis.thirdparty.io.netty.channel.socket.nio.NioSocketChannel.doFinishConnect(NioSocketChannel.java:327)
	at org.apache.ratis.thirdparty.io.netty.channel.nio.AbstractNioChannel$AbstractNioUnsafe.finishConnect(AbstractNioChannel.java:340)
	at org.apache.ratis.thirdparty.io.netty.channel.nio.NioEventLoop.processSelectedKey(NioEventLoop.java:632)
	at org.apache.ratis.thirdparty.io.netty.channel.nio.NioEventLoop.processSelectedKeysOptimized(NioEventLoop.java:579)
	at org.apache.ratis.thirdparty.io.netty.channel.nio.NioEventLoop.processSelectedKeys(NioEventLoop.java:496)
	at org.apache.ratis.thirdparty.io.netty.channel.nio.NioEventLoop.run(NioEventLoop.java:458)
	at org.apache.ratis.thirdparty.io.netty.util.concurrent.SingleThreadEventExecutor$5.run(SingleThreadEventExecutor.java:897)
	at org.apache.ratis.thirdparty.io.netty.util.concurrent.FastThreadLocalRunnable.run(FastThreadLocalRunnable.java:30)
	... 1 more
Caused by: java.net.ConnectException: Connection refused
	... 11 more
2019-09-28 01:22:26,356 [bdd8cf1c-8d5c-4d45-9250-55158964142b@group-D9D741084385:LeaderElection137] INFO  impl.LeaderElection (LogUtils.java:infoOrTrace(149)) - bdd8cf1c-8d5c-4d45-9250-55158964142b@group-D9D741084385:LeaderElection137 got exception when requesting votes: {}
java.util.concurrent.ExecutionException: org.apache.ratis.thirdparty.io.grpc.StatusRuntimeException: UNAVAILABLE: io exception
	at java.util.concurrent.FutureTask.report(FutureTask.java:122)
	at java.util.concurrent.FutureTask.get(FutureTask.java:192)
	at org.apache.ratis.server.impl.LeaderElection.waitForResults(LeaderElection.java:263)
	at org.apache.ratis.server.impl.LeaderElection.askForVotes(LeaderElection.java:201)
	at org.apache.ratis.server.impl.LeaderElection.run(LeaderElection.java:133)
	at java.lang.Thread.run(Thread.java:748)
Caused by: org.apache.ratis.thirdparty.io.grpc.StatusRuntimeException: UNAVAILABLE: io exception
	at org.apache.ratis.thirdparty.io.grpc.stub.ClientCalls.toStatusRuntimeException(ClientCalls.java:233)
	at org.apache.ratis.thirdparty.io.grpc.stub.ClientCalls.getUnchecked(ClientCalls.java:214)
	at org.apache.ratis.thirdparty.io.grpc.stub.ClientCalls.blockingUnaryCall(ClientCalls.java:139)
	at org.apache.ratis.proto.grpc.RaftServerProtocolServiceGrpc$RaftServerProtocolServiceBlockingStub.requestVote(RaftServerProtocolServiceGrpc.java:265)
	at org.apache.ratis.grpc.server.GrpcServerProtocolClient.requestVote(GrpcServerProtocolClient.java:90)
	at org.apache.ratis.grpc.server.GrpcService.requestVote(GrpcService.java:204)
	at org.apache.ratis.server.impl.LeaderElection.lambda$submitRequests$1(LeaderElection.java:238)
	at java.util.concurrent.FutureTask.run(FutureTask.java:266)
	at java.util.concurrent.Executors$RunnableAdapter.call(Executors.java:511)
	at java.util.concurrent.FutureTask.run(FutureTask.java:266)
	at java.util.concurrent.ThreadPoolExecutor.runWorker(ThreadPoolExecutor.java:1149)
	at java.util.concurrent.ThreadPoolExecutor$Worker.run(ThreadPoolExecutor.java:624)
	... 1 more
Caused by: org.apache.ratis.thirdparty.io.netty.channel.AbstractChannel$AnnotatedConnectException: Connection refused: /192.168.151.82:33779
	at sun.nio.ch.SocketChannelImpl.checkConnect(Native Method)
	at sun.nio.ch.SocketChannelImpl.finishConnect(SocketChannelImpl.java:717)
	at org.apache.ratis.thirdparty.io.netty.channel.socket.nio.NioSocketChannel.doFinishConnect(NioSocketChannel.java:327)
	at org.apache.ratis.thirdparty.io.netty.channel.nio.AbstractNioChannel$AbstractNioUnsafe.finishConnect(AbstractNioChannel.java:340)
	at org.apache.ratis.thirdparty.io.netty.channel.nio.NioEventLoop.processSelectedKey(NioEventLoop.java:632)
	at org.apache.ratis.thirdparty.io.netty.channel.nio.NioEventLoop.processSelectedKeysOptimized(NioEventLoop.java:579)
	at org.apache.ratis.thirdparty.io.netty.channel.nio.NioEventLoop.processSelectedKeys(NioEventLoop.java:496)
	at org.apache.ratis.thirdparty.io.netty.channel.nio.NioEventLoop.run(NioEventLoop.java:458)
	at org.apache.ratis.thirdparty.io.netty.util.concurrent.SingleThreadEventExecutor$5.run(SingleThreadEventExecutor.java:897)
	at org.apache.ratis.thirdparty.io.netty.util.concurrent.FastThreadLocalRunnable.run(FastThreadLocalRunnable.java:30)
	... 1 more
Caused by: java.net.ConnectException: Connection refused
	... 11 more
2019-09-28 01:22:26,356 [bdd8cf1c-8d5c-4d45-9250-55158964142b@group-D9D741084385:LeaderElection137] INFO  impl.LeaderElection (LeaderElection.java:logAndReturn(56)) - bdd8cf1c-8d5c-4d45-9250-55158964142b@group-D9D741084385:LeaderElection137: Election REJECTED; received 0 response(s) [] and 2 exception(s); bdd8cf1c-8d5c-4d45-9250-55158964142b@group-D9D741084385:t4, leader=null, voted=bdd8cf1c-8d5c-4d45-9250-55158964142b, raftlog=bdd8cf1c-8d5c-4d45-9250-55158964142b@group-D9D741084385-SegmentedRaftLog:OPENED:c0,f0,i0, conf=0: [1718a6b7-a807-47b2-9e97-09209d9c5800:192.168.151.82:35904, ab3cf4df-5976-458c-b5c2-4cdf8c4d91de:192.168.151.82:33779, bdd8cf1c-8d5c-4d45-9250-55158964142b:192.168.151.82:35056], old=null
2019-09-28 01:22:26,357 [bdd8cf1c-8d5c-4d45-9250-55158964142b@group-D9D741084385:LeaderElection137] INFO  impl.LeaderElection (LogUtils.java:infoOrTrace(149)) -   Exception 0: {}
java.util.concurrent.ExecutionException: org.apache.ratis.thirdparty.io.grpc.StatusRuntimeException: UNAVAILABLE: io exception
	at java.util.concurrent.FutureTask.report(FutureTask.java:122)
	at java.util.concurrent.FutureTask.get(FutureTask.java:192)
	at org.apache.ratis.server.impl.LeaderElection.waitForResults(LeaderElection.java:263)
	at org.apache.ratis.server.impl.LeaderElection.askForVotes(LeaderElection.java:201)
	at org.apache.ratis.server.impl.LeaderElection.run(LeaderElection.java:133)
	at java.lang.Thread.run(Thread.java:748)
Caused by: org.apache.ratis.thirdparty.io.grpc.StatusRuntimeException: UNAVAILABLE: io exception
	at org.apache.ratis.thirdparty.io.grpc.stub.ClientCalls.toStatusRuntimeException(ClientCalls.java:233)
	at org.apache.ratis.thirdparty.io.grpc.stub.ClientCalls.getUnchecked(ClientCalls.java:214)
	at org.apache.ratis.thirdparty.io.grpc.stub.ClientCalls.blockingUnaryCall(ClientCalls.java:139)
	at org.apache.ratis.proto.grpc.RaftServerProtocolServiceGrpc$RaftServerProtocolServiceBlockingStub.requestVote(RaftServerProtocolServiceGrpc.java:265)
	at org.apache.ratis.grpc.server.GrpcServerProtocolClient.requestVote(GrpcServerProtocolClient.java:90)
	at org.apache.ratis.grpc.server.GrpcService.requestVote(GrpcService.java:204)
	at org.apache.ratis.server.impl.LeaderElection.lambda$submitRequests$1(LeaderElection.java:238)
	at java.util.concurrent.FutureTask.run(FutureTask.java:266)
	at java.util.concurrent.Executors$RunnableAdapter.call(Executors.java:511)
	at java.util.concurrent.FutureTask.run(FutureTask.java:266)
	at java.util.concurrent.ThreadPoolExecutor.runWorker(ThreadPoolExecutor.java:1149)
	at java.util.concurrent.ThreadPoolExecutor$Worker.run(ThreadPoolExecutor.java:624)
	... 1 more
Caused by: org.apache.ratis.thirdparty.io.netty.channel.AbstractChannel$AnnotatedConnectException: Connection refused: /192.168.151.82:35904
	at sun.nio.ch.SocketChannelImpl.checkConnect(Native Method)
	at sun.nio.ch.SocketChannelImpl.finishConnect(SocketChannelImpl.java:717)
	at org.apache.ratis.thirdparty.io.netty.channel.socket.nio.NioSocketChannel.doFinishConnect(NioSocketChannel.java:327)
	at org.apache.ratis.thirdparty.io.netty.channel.nio.AbstractNioChannel$AbstractNioUnsafe.finishConnect(AbstractNioChannel.java:340)
	at org.apache.ratis.thirdparty.io.netty.channel.nio.NioEventLoop.processSelectedKey(NioEventLoop.java:632)
	at org.apache.ratis.thirdparty.io.netty.channel.nio.NioEventLoop.processSelectedKeysOptimized(NioEventLoop.java:579)
	at org.apache.ratis.thirdparty.io.netty.channel.nio.NioEventLoop.processSelectedKeys(NioEventLoop.java:496)
	at org.apache.ratis.thirdparty.io.netty.channel.nio.NioEventLoop.run(NioEventLoop.java:458)
	at org.apache.ratis.thirdparty.io.netty.util.concurrent.SingleThreadEventExecutor$5.run(SingleThreadEventExecutor.java:897)
	at org.apache.ratis.thirdparty.io.netty.util.concurrent.FastThreadLocalRunnable.run(FastThreadLocalRunnable.java:30)
	... 1 more
Caused by: java.net.ConnectException: Connection refused
	... 11 more
2019-09-28 01:22:26,357 [bdd8cf1c-8d5c-4d45-9250-55158964142b@group-D9D741084385:LeaderElection137] INFO  impl.LeaderElection (LogUtils.java:infoOrTrace(149)) -   Exception 1: {}
java.util.concurrent.ExecutionException: org.apache.ratis.thirdparty.io.grpc.StatusRuntimeException: UNAVAILABLE: io exception
	at java.util.concurrent.FutureTask.report(FutureTask.java:122)
	at java.util.concurrent.FutureTask.get(FutureTask.java:192)
	at org.apache.ratis.server.impl.LeaderElection.waitForResults(LeaderElection.java:263)
	at org.apache.ratis.server.impl.LeaderElection.askForVotes(LeaderElection.java:201)
	at org.apache.ratis.server.impl.LeaderElection.run(LeaderElection.java:133)
	at java.lang.Thread.run(Thread.java:748)
Caused by: org.apache.ratis.thirdparty.io.grpc.StatusRuntimeException: UNAVAILABLE: io exception
	at org.apache.ratis.thirdparty.io.grpc.stub.ClientCalls.toStatusRuntimeException(ClientCalls.java:233)
	at org.apache.ratis.thirdparty.io.grpc.stub.ClientCalls.getUnchecked(ClientCalls.java:214)
	at org.apache.ratis.thirdparty.io.grpc.stub.ClientCalls.blockingUnaryCall(ClientCalls.java:139)
	at org.apache.ratis.proto.grpc.RaftServerProtocolServiceGrpc$RaftServerProtocolServiceBlockingStub.requestVote(RaftServerProtocolServiceGrpc.java:265)
	at org.apache.ratis.grpc.server.GrpcServerProtocolClient.requestVote(GrpcServerProtocolClient.java:90)
	at org.apache.ratis.grpc.server.GrpcService.requestVote(GrpcService.java:204)
	at org.apache.ratis.server.impl.LeaderElection.lambda$submitRequests$1(LeaderElection.java:238)
	at java.util.concurrent.FutureTask.run(FutureTask.java:266)
	at java.util.concurrent.Executors$RunnableAdapter.call(Executors.java:511)
	at java.util.concurrent.FutureTask.run(FutureTask.java:266)
	at java.util.concurrent.ThreadPoolExecutor.runWorker(ThreadPoolExecutor.java:1149)
	at java.util.concurrent.ThreadPoolExecutor$Worker.run(ThreadPoolExecutor.java:624)
	... 1 more
Caused by: org.apache.ratis.thirdparty.io.netty.channel.AbstractChannel$AnnotatedConnectException: Connection refused: /192.168.151.82:33779
	at sun.nio.ch.SocketChannelImpl.checkConnect(Native Method)
	at sun.nio.ch.SocketChannelImpl.finishConnect(SocketChannelImpl.java:717)
	at org.apache.ratis.thirdparty.io.netty.channel.socket.nio.NioSocketChannel.doFinishConnect(NioSocketChannel.java:327)
	at org.apache.ratis.thirdparty.io.netty.channel.nio.AbstractNioChannel$AbstractNioUnsafe.finishConnect(AbstractNioChannel.java:340)
	at org.apache.ratis.thirdparty.io.netty.channel.nio.NioEventLoop.processSelectedKey(NioEventLoop.java:632)
	at org.apache.ratis.thirdparty.io.netty.channel.nio.NioEventLoop.processSelectedKeysOptimized(NioEventLoop.java:579)
	at org.apache.ratis.thirdparty.io.netty.channel.nio.NioEventLoop.processSelectedKeys(NioEventLoop.java:496)
	at org.apache.ratis.thirdparty.io.netty.channel.nio.NioEventLoop.run(NioEventLoop.java:458)
	at org.apache.ratis.thirdparty.io.netty.util.concurrent.SingleThreadEventExecutor$5.run(SingleThreadEventExecutor.java:897)
	at org.apache.ratis.thirdparty.io.netty.util.concurrent.FastThreadLocalRunnable.run(FastThreadLocalRunnable.java:30)
	... 1 more
Caused by: java.net.ConnectException: Connection refused
	... 11 more
2019-09-28 01:22:26,357 [bdd8cf1c-8d5c-4d45-9250-55158964142b@group-D9D741084385:LeaderElection137] INFO  impl.RaftServerImpl (RaftServerImpl.java:setRole(174)) - bdd8cf1c-8d5c-4d45-9250-55158964142b@group-D9D741084385: changes role from CANDIDATE to FOLLOWER at term 4 for DISCOVERED_A_NEW_TERM
2019-09-28 01:22:26,358 [bdd8cf1c-8d5c-4d45-9250-55158964142b@group-D9D741084385:LeaderElection137] INFO  impl.RoleInfo (RoleInfo.java:shutdownLeaderElection(134)) - bdd8cf1c-8d5c-4d45-9250-55158964142b: shutdown LeaderElection
2019-09-28 01:22:26,358 [bdd8cf1c-8d5c-4d45-9250-55158964142b@group-D9D741084385:LeaderElection137] INFO  impl.RoleInfo (RoleInfo.java:updateAndGet(143)) - bdd8cf1c-8d5c-4d45-9250-55158964142b: start FollowerState
2019-09-28 01:22:27,492 [Thread-7778] INFO  impl.FollowerState (FollowerState.java:run(106)) - 6882fb80-f7ef-4730-ad10-ebcfa4f7520d:group-6DBCB3E229B8 changes to CANDIDATE, lastRpcTime:1166, electionTimeout:1166ms
2019-09-28 01:22:27,492 [Thread-7778] INFO  impl.RoleInfo (RoleInfo.java:shutdownFollowerState(121)) - 6882fb80-f7ef-4730-ad10-ebcfa4f7520d: shutdown FollowerState
2019-09-28 01:22:27,492 [Thread-7778] INFO  impl.RaftServerImpl (RaftServerImpl.java:setRole(174)) - 6882fb80-f7ef-4730-ad10-ebcfa4f7520d@group-6DBCB3E229B8: changes role from  FOLLOWER to CANDIDATE at term 9 for changeToCandidate
2019-09-28 01:22:27,493 [Thread-7778] INFO  impl.RoleInfo (RoleInfo.java:updateAndGet(143)) - 6882fb80-f7ef-4730-ad10-ebcfa4f7520d: start LeaderElection
2019-09-28 01:22:27,534 [Thread-7782] INFO  impl.FollowerState (FollowerState.java:run(106)) - bdd8cf1c-8d5c-4d45-9250-55158964142b:group-D9D741084385 changes to CANDIDATE, lastRpcTime:1175, electionTimeout:1175ms
2019-09-28 01:22:27,534 [Thread-7782] INFO  impl.RoleInfo (RoleInfo.java:shutdownFollowerState(121)) - bdd8cf1c-8d5c-4d45-9250-55158964142b: shutdown FollowerState
2019-09-28 01:22:27,534 [Thread-7782] INFO  impl.RaftServerImpl (RaftServerImpl.java:setRole(174)) - bdd8cf1c-8d5c-4d45-9250-55158964142b@group-D9D741084385: changes role from  FOLLOWER to CANDIDATE at term 4 for changeToCandidate
2019-09-28 01:22:27,534 [Thread-7782] INFO  impl.RoleInfo (RoleInfo.java:updateAndGet(143)) - bdd8cf1c-8d5c-4d45-9250-55158964142b: start LeaderElection
2019-09-28 01:22:27,877 [bdd8cf1c-8d5c-4d45-9250-55158964142b@group-D9D741084385:LeaderElection139] INFO  impl.LeaderElection (LeaderElection.java:askForVotes(182)) - bdd8cf1c-8d5c-4d45-9250-55158964142b@group-D9D741084385:LeaderElection139: begin an election at term 5 for 0: [1718a6b7-a807-47b2-9e97-09209d9c5800:192.168.151.82:35904, ab3cf4df-5976-458c-b5c2-4cdf8c4d91de:192.168.151.82:33779, bdd8cf1c-8d5c-4d45-9250-55158964142b:192.168.151.82:35056], old=null
2019-09-28 01:22:27,877 [6882fb80-f7ef-4730-ad10-ebcfa4f7520d@group-6DBCB3E229B8:LeaderElection138] INFO  impl.LeaderElection (LeaderElection.java:askForVotes(182)) - 6882fb80-f7ef-4730-ad10-ebcfa4f7520d@group-6DBCB3E229B8:LeaderElection138: begin an election at term 10 for 1: [01a90e73-792d-4935-bbf3-5d3894bf13f0:192.168.151.82:37184, 1966a829-263f-4752-b717-080d3fe051ab:192.168.151.82:34214, 6882fb80-f7ef-4730-ad10-ebcfa4f7520d:192.168.151.82:39537], old=null
2019-09-28 01:22:27,879 [bdd8cf1c-8d5c-4d45-9250-55158964142b@group-D9D741084385:LeaderElection139] INFO  impl.LeaderElection (LogUtils.java:infoOrTrace(149)) - bdd8cf1c-8d5c-4d45-9250-55158964142b@group-D9D741084385:LeaderElection139 got exception when requesting votes: {}
java.util.concurrent.ExecutionException: org.apache.ratis.thirdparty.io.grpc.StatusRuntimeException: UNAVAILABLE: io exception
	at java.util.concurrent.FutureTask.report(FutureTask.java:122)
	at java.util.concurrent.FutureTask.get(FutureTask.java:192)
	at org.apache.ratis.server.impl.LeaderElection.waitForResults(LeaderElection.java:263)
	at org.apache.ratis.server.impl.LeaderElection.askForVotes(LeaderElection.java:201)
	at org.apache.ratis.server.impl.LeaderElection.run(LeaderElection.java:133)
	at java.lang.Thread.run(Thread.java:748)
Caused by: org.apache.ratis.thirdparty.io.grpc.StatusRuntimeException: UNAVAILABLE: io exception
	at org.apache.ratis.thirdparty.io.grpc.stub.ClientCalls.toStatusRuntimeException(ClientCalls.java:233)
	at org.apache.ratis.thirdparty.io.grpc.stub.ClientCalls.getUnchecked(ClientCalls.java:214)
	at org.apache.ratis.thirdparty.io.grpc.stub.ClientCalls.blockingUnaryCall(ClientCalls.java:139)
	at org.apache.ratis.proto.grpc.RaftServerProtocolServiceGrpc$RaftServerProtocolServiceBlockingStub.requestVote(RaftServerProtocolServiceGrpc.java:265)
	at org.apache.ratis.grpc.server.GrpcServerProtocolClient.requestVote(GrpcServerProtocolClient.java:90)
	at org.apache.ratis.grpc.server.GrpcService.requestVote(GrpcService.java:204)
	at org.apache.ratis.server.impl.LeaderElection.lambda$submitRequests$1(LeaderElection.java:238)
	at java.util.concurrent.FutureTask.run(FutureTask.java:266)
	at java.util.concurrent.Executors$RunnableAdapter.call(Executors.java:511)
	at java.util.concurrent.FutureTask.run(FutureTask.java:266)
	at java.util.concurrent.ThreadPoolExecutor.runWorker(ThreadPoolExecutor.java:1149)
	at java.util.concurrent.ThreadPoolExecutor$Worker.run(ThreadPoolExecutor.java:624)
	... 1 more
Caused by: org.apache.ratis.thirdparty.io.netty.channel.AbstractChannel$AnnotatedConnectException: Connection refused: /192.168.151.82:35904
	at sun.nio.ch.SocketChannelImpl.checkConnect(Native Method)
	at sun.nio.ch.SocketChannelImpl.finishConnect(SocketChannelImpl.java:717)
	at org.apache.ratis.thirdparty.io.netty.channel.socket.nio.NioSocketChannel.doFinishConnect(NioSocketChannel.java:327)
	at org.apache.ratis.thirdparty.io.netty.channel.nio.AbstractNioChannel$AbstractNioUnsafe.finishConnect(AbstractNioChannel.java:340)
	at org.apache.ratis.thirdparty.io.netty.channel.nio.NioEventLoop.processSelectedKey(NioEventLoop.java:632)
	at org.apache.ratis.thirdparty.io.netty.channel.nio.NioEventLoop.processSelectedKeysOptimized(NioEventLoop.java:579)
	at org.apache.ratis.thirdparty.io.netty.channel.nio.NioEventLoop.processSelectedKeys(NioEventLoop.java:496)
	at org.apache.ratis.thirdparty.io.netty.channel.nio.NioEventLoop.run(NioEventLoop.java:458)
	at org.apache.ratis.thirdparty.io.netty.util.concurrent.SingleThreadEventExecutor$5.run(SingleThreadEventExecutor.java:897)
	at org.apache.ratis.thirdparty.io.netty.util.concurrent.FastThreadLocalRunnable.run(FastThreadLocalRunnable.java:30)
	... 1 more
Caused by: java.net.ConnectException: Connection refused
	... 11 more
2019-09-28 01:22:27,879 [6882fb80-f7ef-4730-ad10-ebcfa4f7520d@group-6DBCB3E229B8:LeaderElection138] INFO  impl.LeaderElection (LogUtils.java:infoOrTrace(149)) - 6882fb80-f7ef-4730-ad10-ebcfa4f7520d@group-6DBCB3E229B8:LeaderElection138 got exception when requesting votes: {}
java.util.concurrent.ExecutionException: org.apache.ratis.thirdparty.io.grpc.StatusRuntimeException: UNAVAILABLE: io exception
	at java.util.concurrent.FutureTask.report(FutureTask.java:122)
	at java.util.concurrent.FutureTask.get(FutureTask.java:192)
	at org.apache.ratis.server.impl.LeaderElection.waitForResults(LeaderElection.java:263)
	at org.apache.ratis.server.impl.LeaderElection.askForVotes(LeaderElection.java:201)
	at org.apache.ratis.server.impl.LeaderElection.run(LeaderElection.java:133)
	at java.lang.Thread.run(Thread.java:748)
Caused by: org.apache.ratis.thirdparty.io.grpc.StatusRuntimeException: UNAVAILABLE: io exception
	at org.apache.ratis.thirdparty.io.grpc.stub.ClientCalls.toStatusRuntimeException(ClientCalls.java:233)
	at org.apache.ratis.thirdparty.io.grpc.stub.ClientCalls.getUnchecked(ClientCalls.java:214)
	at org.apache.ratis.thirdparty.io.grpc.stub.ClientCalls.blockingUnaryCall(ClientCalls.java:139)
	at org.apache.ratis.proto.grpc.RaftServerProtocolServiceGrpc$RaftServerProtocolServiceBlockingStub.requestVote(RaftServerProtocolServiceGrpc.java:265)
	at org.apache.ratis.grpc.server.GrpcServerProtocolClient.requestVote(GrpcServerProtocolClient.java:90)
	at org.apache.ratis.grpc.server.GrpcService.requestVote(GrpcService.java:204)
	at org.apache.ratis.server.impl.LeaderElection.lambda$submitRequests$1(LeaderElection.java:238)
	at java.util.concurrent.FutureTask.run(FutureTask.java:266)
	at java.util.concurrent.Executors$RunnableAdapter.call(Executors.java:511)
	at java.util.concurrent.FutureTask.run(FutureTask.java:266)
	at java.util.concurrent.ThreadPoolExecutor.runWorker(ThreadPoolExecutor.java:1149)
	at java.util.concurrent.ThreadPoolExecutor$Worker.run(ThreadPoolExecutor.java:624)
	... 1 more
Caused by: org.apache.ratis.thirdparty.io.netty.channel.AbstractChannel$AnnotatedConnectException: Connection refused: /192.168.151.82:37184
	at sun.nio.ch.SocketChannelImpl.checkConnect(Native Method)
	at sun.nio.ch.SocketChannelImpl.finishConnect(SocketChannelImpl.java:717)
	at org.apache.ratis.thirdparty.io.netty.channel.socket.nio.NioSocketChannel.doFinishConnect(NioSocketChannel.java:327)
	at org.apache.ratis.thirdparty.io.netty.channel.nio.AbstractNioChannel$AbstractNioUnsafe.finishConnect(AbstractNioChannel.java:340)
	at org.apache.ratis.thirdparty.io.netty.channel.nio.NioEventLoop.processSelectedKey(NioEventLoop.java:632)
	at org.apache.ratis.thirdparty.io.netty.channel.nio.NioEventLoop.processSelectedKeysOptimized(NioEventLoop.java:579)
	at org.apache.ratis.thirdparty.io.netty.channel.nio.NioEventLoop.processSelectedKeys(NioEventLoop.java:496)
	at org.apache.ratis.thirdparty.io.netty.channel.nio.NioEventLoop.run(NioEventLoop.java:458)
	at org.apache.ratis.thirdparty.io.netty.util.concurrent.SingleThreadEventExecutor$5.run(SingleThreadEventExecutor.java:897)
	at org.apache.ratis.thirdparty.io.netty.util.concurrent.FastThreadLocalRunnable.run(FastThreadLocalRunnable.java:30)
	... 1 more
Caused by: java.net.ConnectException: Connection refused
	... 11 more
2019-09-28 01:22:27,879 [bdd8cf1c-8d5c-4d45-9250-55158964142b@group-D9D741084385:LeaderElection139] INFO  impl.LeaderElection (LogUtils.java:infoOrTrace(149)) - bdd8cf1c-8d5c-4d45-9250-55158964142b@group-D9D741084385:LeaderElection139 got exception when requesting votes: {}
java.util.concurrent.ExecutionException: org.apache.ratis.thirdparty.io.grpc.StatusRuntimeException: UNAVAILABLE: io exception
	at java.util.concurrent.FutureTask.report(FutureTask.java:122)
	at java.util.concurrent.FutureTask.get(FutureTask.java:192)
	at org.apache.ratis.server.impl.LeaderElection.waitForResults(LeaderElection.java:263)
	at org.apache.ratis.server.impl.LeaderElection.askForVotes(LeaderElection.java:201)
	at org.apache.ratis.server.impl.LeaderElection.run(LeaderElection.java:133)
	at java.lang.Thread.run(Thread.java:748)
Caused by: org.apache.ratis.thirdparty.io.grpc.StatusRuntimeException: UNAVAILABLE: io exception
	at org.apache.ratis.thirdparty.io.grpc.stub.ClientCalls.toStatusRuntimeException(ClientCalls.java:233)
	at org.apache.ratis.thirdparty.io.grpc.stub.ClientCalls.getUnchecked(ClientCalls.java:214)
	at org.apache.ratis.thirdparty.io.grpc.stub.ClientCalls.blockingUnaryCall(ClientCalls.java:139)
	at org.apache.ratis.proto.grpc.RaftServerProtocolServiceGrpc$RaftServerProtocolServiceBlockingStub.requestVote(RaftServerProtocolServiceGrpc.java:265)
	at org.apache.ratis.grpc.server.GrpcServerProtocolClient.requestVote(GrpcServerProtocolClient.java:90)
	at org.apache.ratis.grpc.server.GrpcService.requestVote(GrpcService.java:204)
	at org.apache.ratis.server.impl.LeaderElection.lambda$submitRequests$1(LeaderElection.java:238)
	at java.util.concurrent.FutureTask.run(FutureTask.java:266)
	at java.util.concurrent.Executors$RunnableAdapter.call(Executors.java:511)
	at java.util.concurrent.FutureTask.run(FutureTask.java:266)
	at java.util.concurrent.ThreadPoolExecutor.runWorker(ThreadPoolExecutor.java:1149)
	at java.util.concurrent.ThreadPoolExecutor$Worker.run(ThreadPoolExecutor.java:624)
	... 1 more
Caused by: org.apache.ratis.thirdparty.io.netty.channel.AbstractChannel$AnnotatedConnectException: Connection refused: /192.168.151.82:33779
	at sun.nio.ch.SocketChannelImpl.checkConnect(Native Method)
	at sun.nio.ch.SocketChannelImpl.finishConnect(SocketChannelImpl.java:717)
	at org.apache.ratis.thirdparty.io.netty.channel.socket.nio.NioSocketChannel.doFinishConnect(NioSocketChannel.java:327)
	at org.apache.ratis.thirdparty.io.netty.channel.nio.AbstractNioChannel$AbstractNioUnsafe.finishConnect(AbstractNioChannel.java:340)
	at org.apache.ratis.thirdparty.io.netty.channel.nio.NioEventLoop.processSelectedKey(NioEventLoop.java:632)
	at org.apache.ratis.thirdparty.io.netty.channel.nio.NioEventLoop.processSelectedKeysOptimized(NioEventLoop.java:579)
	at org.apache.ratis.thirdparty.io.netty.channel.nio.NioEventLoop.processSelectedKeys(NioEventLoop.java:496)
	at org.apache.ratis.thirdparty.io.netty.channel.nio.NioEventLoop.run(NioEventLoop.java:458)
	at org.apache.ratis.thirdparty.io.netty.util.concurrent.SingleThreadEventExecutor$5.run(SingleThreadEventExecutor.java:897)
	at org.apache.ratis.thirdparty.io.netty.util.concurrent.FastThreadLocalRunnable.run(FastThreadLocalRunnable.java:30)
	... 1 more
Caused by: java.net.ConnectException: Connection refused
	... 11 more
2019-09-28 01:22:27,880 [6882fb80-f7ef-4730-ad10-ebcfa4f7520d@group-6DBCB3E229B8:LeaderElection138] INFO  impl.LeaderElection (LogUtils.java:infoOrTrace(149)) - 6882fb80-f7ef-4730-ad10-ebcfa4f7520d@group-6DBCB3E229B8:LeaderElection138 got exception when requesting votes: {}
java.util.concurrent.ExecutionException: org.apache.ratis.thirdparty.io.grpc.StatusRuntimeException: UNAVAILABLE: io exception
	at java.util.concurrent.FutureTask.report(FutureTask.java:122)
	at java.util.concurrent.FutureTask.get(FutureTask.java:192)
	at org.apache.ratis.server.impl.LeaderElection.waitForResults(LeaderElection.java:263)
	at org.apache.ratis.server.impl.LeaderElection.askForVotes(LeaderElection.java:201)
	at org.apache.ratis.server.impl.LeaderElection.run(LeaderElection.java:133)
	at java.lang.Thread.run(Thread.java:748)
Caused by: org.apache.ratis.thirdparty.io.grpc.StatusRuntimeException: UNAVAILABLE: io exception
	at org.apache.ratis.thirdparty.io.grpc.stub.ClientCalls.toStatusRuntimeException(ClientCalls.java:233)
	at org.apache.ratis.thirdparty.io.grpc.stub.ClientCalls.getUnchecked(ClientCalls.java:214)
	at org.apache.ratis.thirdparty.io.grpc.stub.ClientCalls.blockingUnaryCall(ClientCalls.java:139)
	at org.apache.ratis.proto.grpc.RaftServerProtocolServiceGrpc$RaftServerProtocolServiceBlockingStub.requestVote(RaftServerProtocolServiceGrpc.java:265)
	at org.apache.ratis.grpc.server.GrpcServerProtocolClient.requestVote(GrpcServerProtocolClient.java:90)
	at org.apache.ratis.grpc.server.GrpcService.requestVote(GrpcService.java:204)
	at org.apache.ratis.server.impl.LeaderElection.lambda$submitRequests$1(LeaderElection.java:238)
	at java.util.concurrent.FutureTask.run(FutureTask.java:266)
	at java.util.concurrent.Executors$RunnableAdapter.call(Executors.java:511)
	at java.util.concurrent.FutureTask.run(FutureTask.java:266)
	at java.util.concurrent.ThreadPoolExecutor.runWorker(ThreadPoolExecutor.java:1149)
	at java.util.concurrent.ThreadPoolExecutor$Worker.run(ThreadPoolExecutor.java:624)
	... 1 more
Caused by: org.apache.ratis.thirdparty.io.netty.channel.AbstractChannel$AnnotatedConnectException: Connection refused: /192.168.151.82:34214
	at sun.nio.ch.SocketChannelImpl.checkConnect(Native Method)
	at sun.nio.ch.SocketChannelImpl.finishConnect(SocketChannelImpl.java:717)
	at org.apache.ratis.thirdparty.io.netty.channel.socket.nio.NioSocketChannel.doFinishConnect(NioSocketChannel.java:327)
	at org.apache.ratis.thirdparty.io.netty.channel.nio.AbstractNioChannel$AbstractNioUnsafe.finishConnect(AbstractNioChannel.java:340)
	at org.apache.ratis.thirdparty.io.netty.channel.nio.NioEventLoop.processSelectedKey(NioEventLoop.java:632)
	at org.apache.ratis.thirdparty.io.netty.channel.nio.NioEventLoop.processSelectedKeysOptimized(NioEventLoop.java:579)
	at org.apache.ratis.thirdparty.io.netty.channel.nio.NioEventLoop.processSelectedKeys(NioEventLoop.java:496)
	at org.apache.ratis.thirdparty.io.netty.channel.nio.NioEventLoop.run(NioEventLoop.java:458)
	at org.apache.ratis.thirdparty.io.netty.util.concurrent.SingleThreadEventExecutor$5.run(SingleThreadEventExecutor.java:897)
	at org.apache.ratis.thirdparty.io.netty.util.concurrent.FastThreadLocalRunnable.run(FastThreadLocalRunnable.java:30)
	... 1 more
Caused by: java.net.ConnectException: Connection refused
	... 11 more
2019-09-28 01:22:27,880 [bdd8cf1c-8d5c-4d45-9250-55158964142b@group-D9D741084385:LeaderElection139] INFO  impl.LeaderElection (LeaderElection.java:logAndReturn(56)) - bdd8cf1c-8d5c-4d45-9250-55158964142b@group-D9D741084385:LeaderElection139: Election REJECTED; received 0 response(s) [] and 2 exception(s); bdd8cf1c-8d5c-4d45-9250-55158964142b@group-D9D741084385:t5, leader=null, voted=bdd8cf1c-8d5c-4d45-9250-55158964142b, raftlog=bdd8cf1c-8d5c-4d45-9250-55158964142b@group-D9D741084385-SegmentedRaftLog:OPENED:c0,f0,i0, conf=0: [1718a6b7-a807-47b2-9e97-09209d9c5800:192.168.151.82:35904, ab3cf4df-5976-458c-b5c2-4cdf8c4d91de:192.168.151.82:33779, bdd8cf1c-8d5c-4d45-9250-55158964142b:192.168.151.82:35056], old=null
2019-09-28 01:22:27,881 [6882fb80-f7ef-4730-ad10-ebcfa4f7520d@group-6DBCB3E229B8:LeaderElection138] INFO  impl.LeaderElection (LeaderElection.java:logAndReturn(56)) - 6882fb80-f7ef-4730-ad10-ebcfa4f7520d@group-6DBCB3E229B8:LeaderElection138: Election REJECTED; received 0 response(s) [] and 2 exception(s); 6882fb80-f7ef-4730-ad10-ebcfa4f7520d@group-6DBCB3E229B8:t10, leader=null, voted=6882fb80-f7ef-4730-ad10-ebcfa4f7520d, raftlog=6882fb80-f7ef-4730-ad10-ebcfa4f7520d@group-6DBCB3E229B8-SegmentedRaftLog:OPENED:c2,f2,i2, conf=1: [01a90e73-792d-4935-bbf3-5d3894bf13f0:192.168.151.82:37184, 1966a829-263f-4752-b717-080d3fe051ab:192.168.151.82:34214, 6882fb80-f7ef-4730-ad10-ebcfa4f7520d:192.168.151.82:39537], old=null
2019-09-28 01:22:27,881 [bdd8cf1c-8d5c-4d45-9250-55158964142b@group-D9D741084385:LeaderElection139] INFO  impl.LeaderElection (LogUtils.java:infoOrTrace(149)) -   Exception 0: {}
java.util.concurrent.ExecutionException: org.apache.ratis.thirdparty.io.grpc.StatusRuntimeException: UNAVAILABLE: io exception
	at java.util.concurrent.FutureTask.report(FutureTask.java:122)
	at java.util.concurrent.FutureTask.get(FutureTask.java:192)
	at org.apache.ratis.server.impl.LeaderElection.waitForResults(LeaderElection.java:263)
	at org.apache.ratis.server.impl.LeaderElection.askForVotes(LeaderElection.java:201)
	at org.apache.ratis.server.impl.LeaderElection.run(LeaderElection.java:133)
	at java.lang.Thread.run(Thread.java:748)
Caused by: org.apache.ratis.thirdparty.io.grpc.StatusRuntimeException: UNAVAILABLE: io exception
	at org.apache.ratis.thirdparty.io.grpc.stub.ClientCalls.toStatusRuntimeException(ClientCalls.java:233)
	at org.apache.ratis.thirdparty.io.grpc.stub.ClientCalls.getUnchecked(ClientCalls.java:214)
	at org.apache.ratis.thirdparty.io.grpc.stub.ClientCalls.blockingUnaryCall(ClientCalls.java:139)
	at org.apache.ratis.proto.grpc.RaftServerProtocolServiceGrpc$RaftServerProtocolServiceBlockingStub.requestVote(RaftServerProtocolServiceGrpc.java:265)
	at org.apache.ratis.grpc.server.GrpcServerProtocolClient.requestVote(GrpcServerProtocolClient.java:90)
	at org.apache.ratis.grpc.server.GrpcService.requestVote(GrpcService.java:204)
	at org.apache.ratis.server.impl.LeaderElection.lambda$submitRequests$1(LeaderElection.java:238)
	at java.util.concurrent.FutureTask.run(FutureTask.java:266)
	at java.util.concurrent.Executors$RunnableAdapter.call(Executors.java:511)
	at java.util.concurrent.FutureTask.run(FutureTask.java:266)
	at java.util.concurrent.ThreadPoolExecutor.runWorker(ThreadPoolExecutor.java:1149)
	at java.util.concurrent.ThreadPoolExecutor$Worker.run(ThreadPoolExecutor.java:624)
	... 1 more
Caused by: org.apache.ratis.thirdparty.io.netty.channel.AbstractChannel$AnnotatedConnectException: Connection refused: /192.168.151.82:35904
	at sun.nio.ch.SocketChannelImpl.checkConnect(Native Method)
	at sun.nio.ch.SocketChannelImpl.finishConnect(SocketChannelImpl.java:717)
	at org.apache.ratis.thirdparty.io.netty.channel.socket.nio.NioSocketChannel.doFinishConnect(NioSocketChannel.java:327)
	at org.apache.ratis.thirdparty.io.netty.channel.nio.AbstractNioChannel$AbstractNioUnsafe.finishConnect(AbstractNioChannel.java:340)
	at org.apache.ratis.thirdparty.io.netty.channel.nio.NioEventLoop.processSelectedKey(NioEventLoop.java:632)
	at org.apache.ratis.thirdparty.io.netty.channel.nio.NioEventLoop.processSelectedKeysOptimized(NioEventLoop.java:579)
	at org.apache.ratis.thirdparty.io.netty.channel.nio.NioEventLoop.processSelectedKeys(NioEventLoop.java:496)
	at org.apache.ratis.thirdparty.io.netty.channel.nio.NioEventLoop.run(NioEventLoop.java:458)
	at org.apache.ratis.thirdparty.io.netty.util.concurrent.SingleThreadEventExecutor$5.run(SingleThreadEventExecutor.java:897)
	at org.apache.ratis.thirdparty.io.netty.util.concurrent.FastThreadLocalRunnable.run(FastThreadLocalRunnable.java:30)
	... 1 more
Caused by: java.net.ConnectException: Connection refused
	... 11 more
2019-09-28 01:22:27,882 [bdd8cf1c-8d5c-4d45-9250-55158964142b@group-D9D741084385:LeaderElection139] INFO  impl.LeaderElection (LogUtils.java:infoOrTrace(149)) -   Exception 1: {}
java.util.concurrent.ExecutionException: org.apache.ratis.thirdparty.io.grpc.StatusRuntimeException: UNAVAILABLE: io exception
	at java.util.concurrent.FutureTask.report(FutureTask.java:122)
	at java.util.concurrent.FutureTask.get(FutureTask.java:192)
	at org.apache.ratis.server.impl.LeaderElection.waitForResults(LeaderElection.java:263)
	at org.apache.ratis.server.impl.LeaderElection.askForVotes(LeaderElection.java:201)
	at org.apache.ratis.server.impl.LeaderElection.run(LeaderElection.java:133)
	at java.lang.Thread.run(Thread.java:748)
Caused by: org.apache.ratis.thirdparty.io.grpc.StatusRuntimeException: UNAVAILABLE: io exception
	at org.apache.ratis.thirdparty.io.grpc.stub.ClientCalls.toStatusRuntimeException(ClientCalls.java:233)
	at org.apache.ratis.thirdparty.io.grpc.stub.ClientCalls.getUnchecked(ClientCalls.java:214)
	at org.apache.ratis.thirdparty.io.grpc.stub.ClientCalls.blockingUnaryCall(ClientCalls.java:139)
	at org.apache.ratis.proto.grpc.RaftServerProtocolServiceGrpc$RaftServerProtocolServiceBlockingStub.requestVote(RaftServerProtocolServiceGrpc.java:265)
	at org.apache.ratis.grpc.server.GrpcServerProtocolClient.requestVote(GrpcServerProtocolClient.java:90)
	at org.apache.ratis.grpc.server.GrpcService.requestVote(GrpcService.java:204)
	at org.apache.ratis.server.impl.LeaderElection.lambda$submitRequests$1(LeaderElection.java:238)
	at java.util.concurrent.FutureTask.run(FutureTask.java:266)
	at java.util.concurrent.Executors$RunnableAdapter.call(Executors.java:511)
	at java.util.concurrent.FutureTask.run(FutureTask.java:266)
	at java.util.concurrent.ThreadPoolExecutor.runWorker(ThreadPoolExecutor.java:1149)
	at java.util.concurrent.ThreadPoolExecutor$Worker.run(ThreadPoolExecutor.java:624)
	... 1 more
Caused by: org.apache.ratis.thirdparty.io.netty.channel.AbstractChannel$AnnotatedConnectException: Connection refused: /192.168.151.82:33779
	at sun.nio.ch.SocketChannelImpl.checkConnect(Native Method)
	at sun.nio.ch.SocketChannelImpl.finishConnect(SocketChannelImpl.java:717)
	at org.apache.ratis.thirdparty.io.netty.channel.socket.nio.NioSocketChannel.doFinishConnect(NioSocketChannel.java:327)
	at org.apache.ratis.thirdparty.io.netty.channel.nio.AbstractNioChannel$AbstractNioUnsafe.finishConnect(AbstractNioChannel.java:340)
	at org.apache.ratis.thirdparty.io.netty.channel.nio.NioEventLoop.processSelectedKey(NioEventLoop.java:632)
	at org.apache.ratis.thirdparty.io.netty.channel.nio.NioEventLoop.processSelectedKeysOptimized(NioEventLoop.java:579)
	at org.apache.ratis.thirdparty.io.netty.channel.nio.NioEventLoop.processSelectedKeys(NioEventLoop.java:496)
	at org.apache.ratis.thirdparty.io.netty.channel.nio.NioEventLoop.run(NioEventLoop.java:458)
	at org.apache.ratis.thirdparty.io.netty.util.concurrent.SingleThreadEventExecutor$5.run(SingleThreadEventExecutor.java:897)
	at org.apache.ratis.thirdparty.io.netty.util.concurrent.FastThreadLocalRunnable.run(FastThreadLocalRunnable.java:30)
	... 1 more
Caused by: java.net.ConnectException: Connection refused
	... 11 more
2019-09-28 01:22:27,881 [6882fb80-f7ef-4730-ad10-ebcfa4f7520d@group-6DBCB3E229B8:LeaderElection138] INFO  impl.LeaderElection (LogUtils.java:infoOrTrace(149)) -   Exception 0: {}
java.util.concurrent.ExecutionException: org.apache.ratis.thirdparty.io.grpc.StatusRuntimeException: UNAVAILABLE: io exception
	at java.util.concurrent.FutureTask.report(FutureTask.java:122)
	at java.util.concurrent.FutureTask.get(FutureTask.java:192)
	at org.apache.ratis.server.impl.LeaderElection.waitForResults(LeaderElection.java:263)
	at org.apache.ratis.server.impl.LeaderElection.askForVotes(LeaderElection.java:201)
	at org.apache.ratis.server.impl.LeaderElection.run(LeaderElection.java:133)
	at java.lang.Thread.run(Thread.java:748)
Caused by: org.apache.ratis.thirdparty.io.grpc.StatusRuntimeException: UNAVAILABLE: io exception
	at org.apache.ratis.thirdparty.io.grpc.stub.ClientCalls.toStatusRuntimeException(ClientCalls.java:233)
	at org.apache.ratis.thirdparty.io.grpc.stub.ClientCalls.getUnchecked(ClientCalls.java:214)
	at org.apache.ratis.thirdparty.io.grpc.stub.ClientCalls.blockingUnaryCall(ClientCalls.java:139)
	at org.apache.ratis.proto.grpc.RaftServerProtocolServiceGrpc$RaftServerProtocolServiceBlockingStub.requestVote(RaftServerProtocolServiceGrpc.java:265)
	at org.apache.ratis.grpc.server.GrpcServerProtocolClient.requestVote(GrpcServerProtocolClient.java:90)
	at org.apache.ratis.grpc.server.GrpcService.requestVote(GrpcService.java:204)
	at org.apache.ratis.server.impl.LeaderElection.lambda$submitRequests$1(LeaderElection.java:238)
	at java.util.concurrent.FutureTask.run(FutureTask.java:266)
	at java.util.concurrent.Executors$RunnableAdapter.call(Executors.java:511)
	at java.util.concurrent.FutureTask.run(FutureTask.java:266)
	at java.util.concurrent.ThreadPoolExecutor.runWorker(ThreadPoolExecutor.java:1149)
	at java.util.concurrent.ThreadPoolExecutor$Worker.run(ThreadPoolExecutor.java:624)
	... 1 more
Caused by: org.apache.ratis.thirdparty.io.netty.channel.AbstractChannel$AnnotatedConnectException: Connection refused: /192.168.151.82:37184
	at sun.nio.ch.SocketChannelImpl.checkConnect(Native Method)
	at sun.nio.ch.SocketChannelImpl.finishConnect(SocketChannelImpl.java:717)
	at org.apache.ratis.thirdparty.io.netty.channel.socket.nio.NioSocketChannel.doFinishConnect(NioSocketChannel.java:327)
	at org.apache.ratis.thirdparty.io.netty.channel.nio.AbstractNioChannel$AbstractNioUnsafe.finishConnect(AbstractNioChannel.java:340)
	at org.apache.ratis.thirdparty.io.netty.channel.nio.NioEventLoop.processSelectedKey(NioEventLoop.java:632)
	at org.apache.ratis.thirdparty.io.netty.channel.nio.NioEventLoop.processSelectedKeysOptimized(NioEventLoop.java:579)
	at org.apache.ratis.thirdparty.io.netty.channel.nio.NioEventLoop.processSelectedKeys(NioEventLoop.java:496)
	at org.apache.ratis.thirdparty.io.netty.channel.nio.NioEventLoop.run(NioEventLoop.java:458)
	at org.apache.ratis.thirdparty.io.netty.util.concurrent.SingleThreadEventExecutor$5.run(SingleThreadEventExecutor.java:897)
	at org.apache.ratis.thirdparty.io.netty.util.concurrent.FastThreadLocalRunnable.run(FastThreadLocalRunnable.java:30)
	... 1 more
Caused by: java.net.ConnectException: Connection refused
	... 11 more
2019-09-28 01:22:27,882 [bdd8cf1c-8d5c-4d45-9250-55158964142b@group-D9D741084385:LeaderElection139] INFO  impl.RaftServerImpl (RaftServerImpl.java:setRole(174)) - bdd8cf1c-8d5c-4d45-9250-55158964142b@group-D9D741084385: changes role from CANDIDATE to FOLLOWER at term 5 for DISCOVERED_A_NEW_TERM
2019-09-28 01:22:27,883 [6882fb80-f7ef-4730-ad10-ebcfa4f7520d@group-6DBCB3E229B8:LeaderElection138] INFO  impl.LeaderElection (LogUtils.java:infoOrTrace(149)) -   Exception 1: {}
java.util.concurrent.ExecutionException: org.apache.ratis.thirdparty.io.grpc.StatusRuntimeException: UNAVAILABLE: io exception
	at java.util.concurrent.FutureTask.report(FutureTask.java:122)
	at java.util.concurrent.FutureTask.get(FutureTask.java:192)
	at org.apache.ratis.server.impl.LeaderElection.waitForResults(LeaderElection.java:263)
	at org.apache.ratis.server.impl.LeaderElection.askForVotes(LeaderElection.java:201)
	at org.apache.ratis.server.impl.LeaderElection.run(LeaderElection.java:133)
	at java.lang.Thread.run(Thread.java:748)
Caused by: org.apache.ratis.thirdparty.io.grpc.StatusRuntimeException: UNAVAILABLE: io exception
	at org.apache.ratis.thirdparty.io.grpc.stub.ClientCalls.toStatusRuntimeException(ClientCalls.java:233)
	at org.apache.ratis.thirdparty.io.grpc.stub.ClientCalls.getUnchecked(ClientCalls.java:214)
	at org.apache.ratis.thirdparty.io.grpc.stub.ClientCalls.blockingUnaryCall(ClientCalls.java:139)
	at org.apache.ratis.proto.grpc.RaftServerProtocolServiceGrpc$RaftServerProtocolServiceBlockingStub.requestVote(RaftServerProtocolServiceGrpc.java:265)
	at org.apache.ratis.grpc.server.GrpcServerProtocolClient.requestVote(GrpcServerProtocolClient.java:90)
	at org.apache.ratis.grpc.server.GrpcService.requestVote(GrpcService.java:204)
	at org.apache.ratis.server.impl.LeaderElection.lambda$submitRequests$1(LeaderElection.java:238)
	at java.util.concurrent.FutureTask.run(FutureTask.java:266)
	at java.util.concurrent.Executors$RunnableAdapter.call(Executors.java:511)
	at java.util.concurrent.FutureTask.run(FutureTask.java:266)
	at java.util.concurrent.ThreadPoolExecutor.runWorker(ThreadPoolExecutor.java:1149)
	at java.util.concurrent.ThreadPoolExecutor$Worker.run(ThreadPoolExecutor.java:624)
	... 1 more
Caused by: org.apache.ratis.thirdparty.io.netty.channel.AbstractChannel$AnnotatedConnectException: Connection refused: /192.168.151.82:34214
	at sun.nio.ch.SocketChannelImpl.checkConnect(Native Method)
	at sun.nio.ch.SocketChannelImpl.finishConnect(SocketChannelImpl.java:717)
	at org.apache.ratis.thirdparty.io.netty.channel.socket.nio.NioSocketChannel.doFinishConnect(NioSocketChannel.java:327)
	at org.apache.ratis.thirdparty.io.netty.channel.nio.AbstractNioChannel$AbstractNioUnsafe.finishConnect(AbstractNioChannel.java:340)
	at org.apache.ratis.thirdparty.io.netty.channel.nio.NioEventLoop.processSelectedKey(NioEventLoop.java:632)
	at org.apache.ratis.thirdparty.io.netty.channel.nio.NioEventLoop.processSelectedKeysOptimized(NioEventLoop.java:579)
	at org.apache.ratis.thirdparty.io.netty.channel.nio.NioEventLoop.processSelectedKeys(NioEventLoop.java:496)
	at org.apache.ratis.thirdparty.io.netty.channel.nio.NioEventLoop.run(NioEventLoop.java:458)
	at org.apache.ratis.thirdparty.io.netty.util.concurrent.SingleThreadEventExecutor$5.run(SingleThreadEventExecutor.java:897)
	at org.apache.ratis.thirdparty.io.netty.util.concurrent.FastThreadLocalRunnable.run(FastThreadLocalRunnable.java:30)
	... 1 more
Caused by: java.net.ConnectException: Connection refused
	... 11 more
2019-09-28 01:22:27,883 [bdd8cf1c-8d5c-4d45-9250-55158964142b@group-D9D741084385:LeaderElection139] INFO  impl.RoleInfo (RoleInfo.java:shutdownLeaderElection(134)) - bdd8cf1c-8d5c-4d45-9250-55158964142b: shutdown LeaderElection
2019-09-28 01:22:27,883 [6882fb80-f7ef-4730-ad10-ebcfa4f7520d@group-6DBCB3E229B8:LeaderElection138] INFO  impl.RaftServerImpl (RaftServerImpl.java:setRole(174)) - 6882fb80-f7ef-4730-ad10-ebcfa4f7520d@group-6DBCB3E229B8: changes role from CANDIDATE to FOLLOWER at term 10 for DISCOVERED_A_NEW_TERM
2019-09-28 01:22:27,883 [bdd8cf1c-8d5c-4d45-9250-55158964142b@group-D9D741084385:LeaderElection139] INFO  impl.RoleInfo (RoleInfo.java:updateAndGet(143)) - bdd8cf1c-8d5c-4d45-9250-55158964142b: start FollowerState
2019-09-28 01:22:27,883 [6882fb80-f7ef-4730-ad10-ebcfa4f7520d@group-6DBCB3E229B8:LeaderElection138] INFO  impl.RoleInfo (RoleInfo.java:shutdownLeaderElection(134)) - 6882fb80-f7ef-4730-ad10-ebcfa4f7520d: shutdown LeaderElection
2019-09-28 01:22:27,884 [6882fb80-f7ef-4730-ad10-ebcfa4f7520d@group-6DBCB3E229B8:LeaderElection138] INFO  impl.RoleInfo (RoleInfo.java:updateAndGet(143)) - 6882fb80-f7ef-4730-ad10-ebcfa4f7520d: start FollowerState
2019-09-28 01:22:28,528 [main] INFO  ozoneimpl.OzoneContainer (OzoneContainer.java:stop(231)) - Attempting to stop container services.
2019-09-28 01:22:28,529 [main] INFO  impl.RaftServerProxy (RaftServerProxy.java:lambda$close$4(314)) - 6882fb80-f7ef-4730-ad10-ebcfa4f7520d: close
2019-09-28 01:22:28,530 [main] INFO  impl.RaftServerImpl (RaftServerImpl.java:lambda$shutdown$3(251)) - 6882fb80-f7ef-4730-ad10-ebcfa4f7520d@group-6DBCB3E229B8: shutdown
2019-09-28 01:22:28,530 [main] INFO  util.JmxRegister (JmxRegister.java:unregister(73)) - Successfully un-registered JMX Bean with object name Ratis:service=RaftServer,group=group-6DBCB3E229B8,id=6882fb80-f7ef-4730-ad10-ebcfa4f7520d
2019-09-28 01:22:28,531 [main] INFO  impl.RoleInfo (RoleInfo.java:shutdownFollowerState(121)) - 6882fb80-f7ef-4730-ad10-ebcfa4f7520d: shutdown FollowerState
2019-09-28 01:22:28,531 [main] INFO  impl.StateMachineUpdater (StateMachineUpdater.java:stopAndJoin(125)) - 6882fb80-f7ef-4730-ad10-ebcfa4f7520d@group-6DBCB3E229B8-StateMachineUpdater: set stopIndex = 2
2019-09-28 01:22:28,531 [Thread-7790] INFO  impl.FollowerState (FollowerState.java:run(115)) - 6882fb80-f7ef-4730-ad10-ebcfa4f7520d: FollowerState was interrupted: java.lang.InterruptedException: sleep interrupted
2019-09-28 01:22:28,532 [main] INFO  impl.RaftServerImpl (ServerState.java:close(385)) - 6882fb80-f7ef-4730-ad10-ebcfa4f7520d@group-6DBCB3E229B8: closes. applyIndex: 2
2019-09-28 01:22:28,532 [6882fb80-f7ef-4730-ad10-ebcfa4f7520d@group-6DBCB3E229B8-SegmentedRaftLogWorker] INFO  segmented.SegmentedRaftLogWorker (SegmentedRaftLogWorker.java:run(313)) - 6882fb80-f7ef-4730-ad10-ebcfa4f7520d@group-6DBCB3E229B8-SegmentedRaftLogWorker was interrupted, exiting. There are 0 tasks remaining in the queue.
2019-09-28 01:22:28,536 [main] INFO  segmented.SegmentedRaftLogWorker (SegmentedRaftLogWorker.java:close(228)) - 6882fb80-f7ef-4730-ad10-ebcfa4f7520d@group-6DBCB3E229B8-SegmentedRaftLogWorker close()
2019-09-28 01:22:28,537 [main] INFO  impl.RaftServerImpl (RaftServerImpl.java:lambda$shutdown$3(251)) - 6882fb80-f7ef-4730-ad10-ebcfa4f7520d@group-BF1E1E5E7E12: shutdown
2019-09-28 01:22:28,539 [ForkJoinPool.commonPool-worker-0] INFO  ozoneimpl.OzoneContainer (OzoneContainer.java:stop(231)) - Attempting to stop container services.
2019-09-28 01:22:28,539 [main] INFO  util.JmxRegister (JmxRegister.java:unregister(73)) - Successfully un-registered JMX Bean with object name Ratis:service=RaftServer,group=group-BF1E1E5E7E12,id=6882fb80-f7ef-4730-ad10-ebcfa4f7520d
2019-09-28 01:22:28,540 [ForkJoinPool.commonPool-worker-0] INFO  impl.RaftServerProxy (RaftServerProxy.java:lambda$close$4(314)) - bdd8cf1c-8d5c-4d45-9250-55158964142b: close
2019-09-28 01:22:28,540 [main] INFO  impl.RoleInfo (RoleInfo.java:shutdownLeaderState(104)) - 6882fb80-f7ef-4730-ad10-ebcfa4f7520d: shutdown LeaderState
2019-09-28 01:22:28,540 [ForkJoinPool.commonPool-worker-0] INFO  impl.RaftServerImpl (RaftServerImpl.java:lambda$shutdown$3(251)) - bdd8cf1c-8d5c-4d45-9250-55158964142b@group-4D824C79387B: shutdown
2019-09-28 01:22:28,541 [main] INFO  impl.PendingRequests (PendingRequests.java:sendNotLeaderResponses(202)) - 6882fb80-f7ef-4730-ad10-ebcfa4f7520d-PendingRequests: sendNotLeaderResponses
2019-09-28 01:22:28,541 [ForkJoinPool.commonPool-worker-0] INFO  util.JmxRegister (JmxRegister.java:unregister(73)) - Successfully un-registered JMX Bean with object name Ratis:service=RaftServer,group=group-4D824C79387B,id=bdd8cf1c-8d5c-4d45-9250-55158964142b
2019-09-28 01:22:28,542 [main] INFO  impl.StateMachineUpdater (StateMachineUpdater.java:stopAndJoin(125)) - 6882fb80-f7ef-4730-ad10-ebcfa4f7520d@group-BF1E1E5E7E12-StateMachineUpdater: set stopIndex = 0
2019-09-28 01:22:28,542 [ForkJoinPool.commonPool-worker-0] INFO  impl.RoleInfo (RoleInfo.java:shutdownLeaderState(104)) - bdd8cf1c-8d5c-4d45-9250-55158964142b: shutdown LeaderState
2019-09-28 01:22:28,542 [main] INFO  impl.RaftServerImpl (ServerState.java:close(385)) - 6882fb80-f7ef-4730-ad10-ebcfa4f7520d@group-BF1E1E5E7E12: closes. applyIndex: 0
2019-09-28 01:22:28,543 [ForkJoinPool.commonPool-worker-0] INFO  impl.PendingRequests (PendingRequests.java:sendNotLeaderResponses(202)) - bdd8cf1c-8d5c-4d45-9250-55158964142b-PendingRequests: sendNotLeaderResponses
2019-09-28 01:22:28,543 [6882fb80-f7ef-4730-ad10-ebcfa4f7520d@group-BF1E1E5E7E12-SegmentedRaftLogWorker] INFO  segmented.SegmentedRaftLogWorker (SegmentedRaftLogWorker.java:run(313)) - 6882fb80-f7ef-4730-ad10-ebcfa4f7520d@group-BF1E1E5E7E12-SegmentedRaftLogWorker was interrupted, exiting. There are 0 tasks remaining in the queue.
2019-09-28 01:22:28,543 [ForkJoinPool.commonPool-worker-0] INFO  impl.StateMachineUpdater (StateMachineUpdater.java:stopAndJoin(125)) - bdd8cf1c-8d5c-4d45-9250-55158964142b@group-4D824C79387B-StateMachineUpdater: set stopIndex = 0
2019-09-28 01:22:28,544 [main] INFO  segmented.SegmentedRaftLogWorker (SegmentedRaftLogWorker.java:close(228)) - 6882fb80-f7ef-4730-ad10-ebcfa4f7520d@group-BF1E1E5E7E12-SegmentedRaftLogWorker close()
2019-09-28 01:22:28,544 [ForkJoinPool.commonPool-worker-0] INFO  impl.RaftServerImpl (ServerState.java:close(385)) - bdd8cf1c-8d5c-4d45-9250-55158964142b@group-4D824C79387B: closes. applyIndex: 0
2019-09-28 01:22:28,544 [main] INFO  server.GrpcService (GrpcService.java:closeImpl(164)) - 6882fb80-f7ef-4730-ad10-ebcfa4f7520d: shutdown server with port 39537 now
2019-09-28 01:22:28,545 [bdd8cf1c-8d5c-4d45-9250-55158964142b@group-4D824C79387B-SegmentedRaftLogWorker] INFO  segmented.SegmentedRaftLogWorker (SegmentedRaftLogWorker.java:run(313)) - bdd8cf1c-8d5c-4d45-9250-55158964142b@group-4D824C79387B-SegmentedRaftLogWorker was interrupted, exiting. There are 0 tasks remaining in the queue.
2019-09-28 01:22:28,545 [main] INFO  server.GrpcService (GrpcService.java:closeImpl(172)) - 6882fb80-f7ef-4730-ad10-ebcfa4f7520d: shutdown server with port 39537 successfully
2019-09-28 01:22:28,545 [ForkJoinPool.commonPool-worker-0] INFO  segmented.SegmentedRaftLogWorker (SegmentedRaftLogWorker.java:close(228)) - bdd8cf1c-8d5c-4d45-9250-55158964142b@group-4D824C79387B-SegmentedRaftLogWorker close()
2019-09-28 01:22:28,546 [ForkJoinPool.commonPool-worker-0] INFO  impl.RaftServerImpl (RaftServerImpl.java:lambda$shutdown$3(251)) - bdd8cf1c-8d5c-4d45-9250-55158964142b@group-D9D741084385: shutdown
2019-09-28 01:22:28,547 [ForkJoinPool.commonPool-worker-0] INFO  util.JmxRegister (JmxRegister.java:unregister(73)) - Successfully un-registered JMX Bean with object name Ratis:service=RaftServer,group=group-D9D741084385,id=bdd8cf1c-8d5c-4d45-9250-55158964142b
2019-09-28 01:22:28,547 [ForkJoinPool.commonPool-worker-0] INFO  impl.RoleInfo (RoleInfo.java:shutdownFollowerState(121)) - bdd8cf1c-8d5c-4d45-9250-55158964142b: shutdown FollowerState
2019-09-28 01:22:28,547 [ForkJoinPool.commonPool-worker-0] INFO  impl.StateMachineUpdater (StateMachineUpdater.java:stopAndJoin(125)) - bdd8cf1c-8d5c-4d45-9250-55158964142b@group-D9D741084385-StateMachineUpdater: set stopIndex = 0
2019-09-28 01:22:28,547 [Thread-7789] INFO  impl.FollowerState (FollowerState.java:run(115)) - bdd8cf1c-8d5c-4d45-9250-55158964142b: FollowerState was interrupted: java.lang.InterruptedException: sleep interrupted
2019-09-28 01:22:28,548 [ForkJoinPool.commonPool-worker-0] INFO  impl.RaftServerImpl (ServerState.java:close(385)) - bdd8cf1c-8d5c-4d45-9250-55158964142b@group-D9D741084385: closes. applyIndex: 0
2019-09-28 01:22:28,548 [refreshUsed-/workdir/hadoop-ozone/integration-test/target/test-dir/MiniOzoneClusterImpl-af2566c7-5146-4045-9885-51dcdbd53a0d/datanode-7/data/containers] WARN  fs.CachingGetSpaceUsed (CachingGetSpaceUsed.java:run(183)) - Thread Interrupted waiting to refresh disk information: sleep interrupted
2019-09-28 01:22:28,548 [bdd8cf1c-8d5c-4d45-9250-55158964142b@group-D9D741084385-SegmentedRaftLogWorker] INFO  segmented.SegmentedRaftLogWorker (SegmentedRaftLogWorker.java:run(313)) - bdd8cf1c-8d5c-4d45-9250-55158964142b@group-D9D741084385-SegmentedRaftLogWorker was interrupted, exiting. There are 0 tasks remaining in the queue.
2019-09-28 01:22:28,549 [ForkJoinPool.commonPool-worker-0] INFO  segmented.SegmentedRaftLogWorker (SegmentedRaftLogWorker.java:close(228)) - bdd8cf1c-8d5c-4d45-9250-55158964142b@group-D9D741084385-SegmentedRaftLogWorker close()
2019-09-28 01:22:28,549 [ForkJoinPool.commonPool-worker-0] INFO  server.GrpcService (GrpcService.java:closeImpl(164)) - bdd8cf1c-8d5c-4d45-9250-55158964142b: shutdown server with port 35056 now
2019-09-28 01:22:28,550 [ForkJoinPool.commonPool-worker-0] INFO  server.GrpcService (GrpcService.java:closeImpl(172)) - bdd8cf1c-8d5c-4d45-9250-55158964142b: shutdown server with port 35056 successfully
2019-09-28 01:22:28,554 [refreshUsed-/workdir/hadoop-ozone/integration-test/target/test-dir/MiniOzoneClusterImpl-af2566c7-5146-4045-9885-51dcdbd53a0d/datanode-1/data/containers] WARN  fs.CachingGetSpaceUsed (CachingGetSpaceUsed.java:run(183)) - Thread Interrupted waiting to refresh disk information: sleep interrupted
2019-09-28 01:22:28,569 [main] INFO  utils.BackgroundService (BackgroundService.java:shutdown(148)) - Shutting down service BlockDeletingService
2019-09-28 01:22:28,577 [main] INFO  statemachine.DatanodeStateMachine (DatanodeStateMachine.java:stopDaemon(395)) - Ozone container server stopped.
2019-09-28 01:22:28,578 [ForkJoinPool.commonPool-worker-0] INFO  utils.BackgroundService (BackgroundService.java:shutdown(148)) - Shutting down service BlockDeletingService
2019-09-28 01:22:28,579 [main] INFO  handler.ContextHandler (ContextHandler.java:doStop(910)) - Stopped o.e.j.w.WebAppContext@7971c2a9{/,null,UNAVAILABLE}{/hddsDatanode}
2019-09-28 01:22:28,583 [ForkJoinPool.commonPool-worker-0] INFO  statemachine.DatanodeStateMachine (DatanodeStateMachine.java:stopDaemon(395)) - Ozone container server stopped.
2019-09-28 01:22:28,586 [main] INFO  server.AbstractConnector (AbstractConnector.java:doStop(318)) - Stopped ServerConnector@2fd39436{HTTP/1.1,[http/1.1]}{0.0.0.0:0}
2019-09-28 01:22:28,589 [ForkJoinPool.commonPool-worker-0] INFO  handler.ContextHandler (ContextHandler.java:doStop(910)) - Stopped o.e.j.w.WebAppContext@3086f480{/,null,UNAVAILABLE}{/hddsDatanode}
2019-09-28 01:22:28,589 [main] INFO  handler.ContextHandler (ContextHandler.java:doStop(910)) - Stopped o.e.j.s.ServletContextHandler@8c0a23f{/static,jar:file:/home/user/.m2/repository/org/apache/hadoop/hadoop-hdds-container-service/0.5.0-SNAPSHOT/hadoop-hdds-container-service-0.5.0-SNAPSHOT.jar!/webapps/static,UNAVAILABLE}
2019-09-28 01:22:28,590 [ForkJoinPool.commonPool-worker-0] INFO  server.AbstractConnector (AbstractConnector.java:doStop(318)) - Stopped ServerConnector@126f8f24{HTTP/1.1,[http/1.1]}{0.0.0.0:0}
2019-09-28 01:22:28,590 [main] INFO  handler.ContextHandler (ContextHandler.java:doStop(910)) - Stopped o.e.j.s.ServletContextHandler@69796bd0{/logs,file:///workdir/hadoop-ozone/integration-test/target/log,UNAVAILABLE}
2019-09-28 01:22:28,590 [ForkJoinPool.commonPool-worker-0] INFO  handler.ContextHandler (ContextHandler.java:doStop(910)) - Stopped o.e.j.s.ServletContextHandler@67f9cb52{/static,jar:file:/home/user/.m2/repository/org/apache/hadoop/hadoop-hdds-container-service/0.5.0-SNAPSHOT/hadoop-hdds-container-service-0.5.0-SNAPSHOT.jar!/webapps/static,UNAVAILABLE}
2019-09-28 01:22:28,591 [ForkJoinPool.commonPool-worker-0] INFO  handler.ContextHandler (ContextHandler.java:doStop(910)) - Stopped o.e.j.s.ServletContextHandler@5eb0a686{/logs,file:///workdir/hadoop-ozone/integration-test/target/log,UNAVAILABLE}
2019-09-28 01:22:28,592 [main] INFO  ozone.MiniOzoneClusterImpl (MiniOzoneClusterImpl.java:stopSCM(392)) - Stopping the StorageContainerManager
2019-09-28 01:22:28,592 [main] INFO  server.StorageContainerManager (StorageContainerManager.java:stop(808)) - Stopping Replication Manager Service.
2019-09-28 01:22:28,592 [main] INFO  container.ReplicationManager (ReplicationManager.java:stop(203)) - Stopping Replication Monitor Thread.
2019-09-28 01:22:28,592 [main] INFO  server.StorageContainerManager (StorageContainerManager.java:stop(815)) - Stopping Lease Manager of the command watchers
2019-09-28 01:22:28,592 [main] INFO  server.StorageContainerManager (StorageContainerManager.java:stop(822)) - Stopping datanode service RPC server
2019-09-28 01:22:28,592 [main] INFO  server.SCMDatanodeProtocolServer (SCMDatanodeProtocolServer.java:stop(367)) - Stopping the RPC server for DataNodes
2019-09-28 01:22:28,593 [main] INFO  ipc.Server (Server.java:stop(3082)) - Stopping server on 34519
2019-09-28 01:22:28,595 [IPC Server listener on 34519] INFO  ipc.Server (Server.java:run(1185)) - Stopping IPC Server listener on 34519
2019-09-28 01:22:28,596 [IPC Server Responder] INFO  ipc.Server (Server.java:run(1319)) - Stopping IPC Server Responder
2019-09-28 01:22:28,678 [SCM Heartbeat Processing Thread - 0] WARN  node.NodeStateManager (NodeStateManager.java:scheduleNextHealthCheck(646)) - Current Thread is interrupted, shutting down HB processing thread for Node Manager.
2019-09-28 01:22:28,679 [main] INFO  server.StorageContainerManager (StorageContainerManager.java:stop(830)) - Stopping block service RPC server
2019-09-28 01:22:28,679 [main] INFO  server.SCMBlockProtocolServer (SCMBlockProtocolServer.java:stop(155)) - Stopping the RPC server for Block Protocol
2019-09-28 01:22:28,679 [main] INFO  ipc.Server (Server.java:stop(3082)) - Stopping server on 34549
2019-09-28 01:22:28,682 [IPC Server listener on 34549] INFO  ipc.Server (Server.java:run(1185)) - Stopping IPC Server listener on 34549
2019-09-28 01:22:28,682 [main] INFO  server.StorageContainerManager (StorageContainerManager.java:stop(837)) - Stopping the StorageContainerLocationProtocol RPC server
2019-09-28 01:22:28,683 [IPC Server Responder] INFO  ipc.Server (Server.java:run(1319)) - Stopping IPC Server Responder
2019-09-28 01:22:28,684 [main] INFO  server.SCMClientProtocolServer (SCMClientProtocolServer.java:stop(158)) - Stopping the RPC server for Client Protocol
2019-09-28 01:22:28,684 [main] INFO  ipc.Server (Server.java:stop(3082)) - Stopping server on 36953
2019-09-28 01:22:28,686 [IPC Server listener on 36953] INFO  ipc.Server (Server.java:run(1185)) - Stopping IPC Server listener on 36953
2019-09-28 01:22:28,687 [main] INFO  server.StorageContainerManager (StorageContainerManager.java:stop(844)) - Stopping Storage Container Manager HTTP server.
2019-09-28 01:22:28,687 [IPC Server Responder] INFO  ipc.Server (Server.java:run(1319)) - Stopping IPC Server Responder
2019-09-28 01:22:28,689 [main] INFO  handler.ContextHandler (ContextHandler.java:doStop(910)) - Stopped o.e.j.w.WebAppContext@7aaad0{/,null,UNAVAILABLE}{/scm}
2019-09-28 01:22:28,690 [main] INFO  server.AbstractConnector (AbstractConnector.java:doStop(318)) - Stopped ServerConnector@eed890d{HTTP/1.1,[http/1.1]}{0.0.0.0:0}
2019-09-28 01:22:28,690 [main] INFO  handler.ContextHandler (ContextHandler.java:doStop(910)) - Stopped o.e.j.s.ServletContextHandler@12d40609{/static,file:///workdir/hadoop-ozone/integration-test/target/test-classes/webapps/static,UNAVAILABLE}
2019-09-28 01:22:28,691 [main] INFO  handler.ContextHandler (ContextHandler.java:doStop(910)) - Stopped o.e.j.s.ServletContextHandler@52d0f583{/logs,file:///workdir/hadoop-ozone/integration-test/target/log,UNAVAILABLE}
2019-09-28 01:22:28,692 [main] INFO  server.StorageContainerManager (StorageContainerManager.java:stop(855)) - Stopping Block Manager Service.
2019-09-28 01:22:28,692 [main] INFO  utils.BackgroundService (BackgroundService.java:shutdown(148)) - Shutting down service SCMBlockDeletingService
2019-09-28 01:22:28,692 [main] INFO  utils.BackgroundService (BackgroundService.java:shutdown(148)) - Shutting down service SCMBlockDeletingService
2019-09-28 01:22:28,693 [main] INFO  server.StorageContainerManager (StorageContainerManager.java:stop(877)) - Stopping SCM Event Queue.
2019-09-28 01:22:28,697 [main] INFO  impl.MetricsSystemImpl (MetricsSystemImpl.java:stop(210)) - Stopping HddsDatanode metrics system...
2019-09-28 01:22:28,723 [main] INFO  impl.MetricsSystemImpl (MetricsSystemImpl.java:stop(216)) - HddsDatanode metrics system stopped.
]]></system-out>
    <system-err><![CDATA[Sep 28, 2019 1:22:08 AM org.apache.ratis.thirdparty.io.grpc.internal.SerializingExecutor run
SEVERE: Exception while executing runnable org.apache.ratis.thirdparty.io.grpc.internal.ServerImpl$JumpToApplicationThreadServerStreamListener$1Closed@15729ef
org.apache.ratis.thirdparty.io.grpc.StatusRuntimeException: CANCELLED: call already cancelled
	at org.apache.ratis.thirdparty.io.grpc.Status.asRuntimeException(Status.java:517)
	at org.apache.ratis.thirdparty.io.grpc.stub.ServerCalls$ServerCallStreamObserverImpl.onCompleted(ServerCalls.java:356)
	at org.apache.ratis.grpc.server.GrpcServerProtocolService$ServerRequestStreamObserver.onError(GrpcServerProtocolService.java:121)
	at org.apache.ratis.thirdparty.io.grpc.stub.ServerCalls$StreamingServerCallHandler$StreamingServerCallListener.onCancel(ServerCalls.java:269)
	at org.apache.ratis.thirdparty.io.grpc.internal.ServerCallImpl$ServerStreamListenerImpl.closed(ServerCallImpl.java:293)
	at org.apache.ratis.thirdparty.io.grpc.internal.ServerImpl$JumpToApplicationThreadServerStreamListener$1Closed.runInContext(ServerImpl.java:741)
	at org.apache.ratis.thirdparty.io.grpc.internal.ContextRunnable.run(ContextRunnable.java:37)
	at org.apache.ratis.thirdparty.io.grpc.internal.SerializingExecutor.run(SerializingExecutor.java:123)
	at java.util.concurrent.ThreadPoolExecutor.runWorker(ThreadPoolExecutor.java:1149)
	at java.util.concurrent.ThreadPoolExecutor$Worker.run(ThreadPoolExecutor.java:624)
	at java.lang.Thread.run(Thread.java:748)

Sep 28, 2019 1:22:08 AM org.apache.ratis.thirdparty.io.grpc.internal.SerializingExecutor run
SEVERE: Exception while executing runnable org.apache.ratis.thirdparty.io.grpc.internal.ServerImpl$JumpToApplicationThreadServerStreamListener$1Closed@7be9ad48
org.apache.ratis.thirdparty.io.grpc.StatusRuntimeException: CANCELLED: call already cancelled
	at org.apache.ratis.thirdparty.io.grpc.Status.asRuntimeException(Status.java:517)
	at org.apache.ratis.thirdparty.io.grpc.stub.ServerCalls$ServerCallStreamObserverImpl.onCompleted(ServerCalls.java:356)
	at org.apache.ratis.grpc.server.GrpcServerProtocolService$ServerRequestStreamObserver.onError(GrpcServerProtocolService.java:121)
	at org.apache.ratis.thirdparty.io.grpc.stub.ServerCalls$StreamingServerCallHandler$StreamingServerCallListener.onCancel(ServerCalls.java:269)
	at org.apache.ratis.thirdparty.io.grpc.internal.ServerCallImpl$ServerStreamListenerImpl.closed(ServerCallImpl.java:293)
	at org.apache.ratis.thirdparty.io.grpc.internal.ServerImpl$JumpToApplicationThreadServerStreamListener$1Closed.runInContext(ServerImpl.java:741)
	at org.apache.ratis.thirdparty.io.grpc.internal.ContextRunnable.run(ContextRunnable.java:37)
	at org.apache.ratis.thirdparty.io.grpc.internal.SerializingExecutor.run(SerializingExecutor.java:123)
	at java.util.concurrent.ThreadPoolExecutor.runWorker(ThreadPoolExecutor.java:1149)
	at java.util.concurrent.ThreadPoolExecutor$Worker.run(ThreadPoolExecutor.java:624)
	at java.lang.Thread.run(Thread.java:748)

Sep 28, 2019 1:22:18 AM org.apache.ratis.thirdparty.io.grpc.internal.SerializingExecutor run
SEVERE: Exception while executing runnable org.apache.ratis.thirdparty.io.grpc.internal.ServerImpl$JumpToApplicationThreadServerStreamListener$1Closed@3cf84583
org.apache.ratis.thirdparty.io.grpc.StatusRuntimeException: CANCELLED: call already cancelled
	at org.apache.ratis.thirdparty.io.grpc.Status.asRuntimeException(Status.java:517)
	at org.apache.ratis.thirdparty.io.grpc.stub.ServerCalls$ServerCallStreamObserverImpl.onCompleted(ServerCalls.java:356)
	at org.apache.ratis.grpc.server.GrpcServerProtocolService$ServerRequestStreamObserver.onError(GrpcServerProtocolService.java:121)
	at org.apache.ratis.thirdparty.io.grpc.stub.ServerCalls$StreamingServerCallHandler$StreamingServerCallListener.onCancel(ServerCalls.java:269)
	at org.apache.ratis.thirdparty.io.grpc.internal.ServerCallImpl$ServerStreamListenerImpl.closed(ServerCallImpl.java:293)
	at org.apache.ratis.thirdparty.io.grpc.internal.ServerImpl$JumpToApplicationThreadServerStreamListener$1Closed.runInContext(ServerImpl.java:741)
	at org.apache.ratis.thirdparty.io.grpc.internal.ContextRunnable.run(ContextRunnable.java:37)
	at org.apache.ratis.thirdparty.io.grpc.internal.SerializingExecutor.run(SerializingExecutor.java:123)
	at java.util.concurrent.ThreadPoolExecutor.runWorker(ThreadPoolExecutor.java:1149)
	at java.util.concurrent.ThreadPoolExecutor$Worker.run(ThreadPoolExecutor.java:624)
	at java.lang.Thread.run(Thread.java:748)

]]></system-err>
  </testcase>
  <testcase name="testDatanodeExclusionWithMajorityCommit" classname="org.apache.hadoop.ozone.client.rpc.TestFailureHandlingByClient" time="142.693">
    <error message="Connection refused" type="java.net.ConnectException"><![CDATA[java.net.ConnectException: Connection refused
	at sun.nio.ch.SocketChannelImpl.checkConnect(Native Method)
	at sun.nio.ch.SocketChannelImpl.finishConnect(SocketChannelImpl.java:717)
	at org.apache.hadoop.net.SocketIOWithTimeout.connect(SocketIOWithTimeout.java:206)
	at org.apache.hadoop.net.NetUtils.connect(NetUtils.java:531)
	at org.apache.hadoop.ipc.Client$Connection.setupConnection(Client.java:690)
	at org.apache.hadoop.ipc.Client$Connection.setupIOstreams(Client.java:794)
	at org.apache.hadoop.ipc.Client$Connection.access$3700(Client.java:411)
	at org.apache.hadoop.ipc.Client.getConnection(Client.java:1572)
	at org.apache.hadoop.ipc.Client.call(Client.java:1403)
	at org.apache.hadoop.ipc.Client.call(Client.java:1367)
	at org.apache.hadoop.ipc.ProtobufRpcEngine$Invoker.invoke(ProtobufRpcEngine.java:228)
	at org.apache.hadoop.ipc.ProtobufRpcEngine$Invoker.invoke(ProtobufRpcEngine.java:116)
	at com.sun.proxy.$Proxy35.submitRequest(Unknown Source)
	at sun.reflect.GeneratedMethodAccessor36.invoke(Unknown Source)
	at sun.reflect.DelegatingMethodAccessorImpl.invoke(DelegatingMethodAccessorImpl.java:43)
	at java.lang.reflect.Method.invoke(Method.java:498)
	at org.apache.hadoop.io.retry.RetryInvocationHandler.invokeMethod(RetryInvocationHandler.java:422)
	at org.apache.hadoop.io.retry.RetryInvocationHandler$Call.invokeMethod(RetryInvocationHandler.java:165)
	at org.apache.hadoop.io.retry.RetryInvocationHandler$Call.invoke(RetryInvocationHandler.java:157)
	at org.apache.hadoop.io.retry.RetryInvocationHandler$Call.invokeOnce(RetryInvocationHandler.java:95)
	at org.apache.hadoop.io.retry.RetryInvocationHandler.invoke(RetryInvocationHandler.java:359)
	at com.sun.proxy.$Proxy35.submitRequest(Unknown Source)
	at org.apache.hadoop.ozone.om.protocolPB.OzoneManagerProtocolClientSideTranslatorPB.submitRequest(OzoneManagerProtocolClientSideTranslatorPB.java:338)
	at org.apache.hadoop.ozone.om.protocolPB.OzoneManagerProtocolClientSideTranslatorPB.getServiceInfo(OzoneManagerProtocolClientSideTranslatorPB.java:1223)
	at sun.reflect.NativeMethodAccessorImpl.invoke0(Native Method)
	at sun.reflect.NativeMethodAccessorImpl.invoke(NativeMethodAccessorImpl.java:62)
	at sun.reflect.DelegatingMethodAccessorImpl.invoke(DelegatingMethodAccessorImpl.java:43)
	at java.lang.reflect.Method.invoke(Method.java:498)
	at org.apache.hadoop.hdds.tracing.TraceAllMethod.invoke(TraceAllMethod.java:66)
	at com.sun.proxy.$Proxy36.getServiceInfo(Unknown Source)
	at org.apache.hadoop.ozone.client.rpc.RpcClient.<init>(RpcClient.java:154)
	at org.apache.hadoop.ozone.client.OzoneClientFactory.getClientProtocol(OzoneClientFactory.java:256)
	at org.apache.hadoop.ozone.client.OzoneClientFactory.getClientProtocol(OzoneClientFactory.java:239)
	at org.apache.hadoop.ozone.client.OzoneClientFactory.getClient(OzoneClientFactory.java:75)
	at org.apache.hadoop.ozone.client.rpc.TestFailureHandlingByClient.init(TestFailureHandlingByClient.java:111)
	at org.apache.hadoop.ozone.client.rpc.TestFailureHandlingByClient.startCluster(TestFailureHandlingByClient.java:121)
	at org.apache.hadoop.ozone.client.rpc.TestFailureHandlingByClient.testDatanodeExclusionWithMajorityCommit(TestFailureHandlingByClient.java:282)
	at sun.reflect.NativeMethodAccessorImpl.invoke0(Native Method)
	at sun.reflect.NativeMethodAccessorImpl.invoke(NativeMethodAccessorImpl.java:62)
	at sun.reflect.DelegatingMethodAccessorImpl.invoke(DelegatingMethodAccessorImpl.java:43)
	at java.lang.reflect.Method.invoke(Method.java:498)
	at org.junit.runners.model.FrameworkMethod$1.runReflectiveCall(FrameworkMethod.java:47)
	at org.junit.internal.runners.model.ReflectiveCallable.run(ReflectiveCallable.java:12)
	at org.junit.runners.model.FrameworkMethod.invokeExplosively(FrameworkMethod.java:44)
	at org.junit.internal.runners.statements.InvokeMethod.evaluate(InvokeMethod.java:17)
	at org.junit.internal.runners.statements.RunAfters.evaluate(RunAfters.java:27)
	at org.junit.runners.ParentRunner.runLeaf(ParentRunner.java:271)
	at org.junit.runners.BlockJUnit4ClassRunner.runChild(BlockJUnit4ClassRunner.java:70)
	at org.junit.runners.BlockJUnit4ClassRunner.runChild(BlockJUnit4ClassRunner.java:50)
	at org.junit.runners.ParentRunner$3.run(ParentRunner.java:238)
	at org.junit.runners.ParentRunner$1.schedule(ParentRunner.java:63)
	at org.junit.runners.ParentRunner.runChildren(ParentRunner.java:236)
	at org.junit.runners.ParentRunner.access$000(ParentRunner.java:53)
	at org.junit.runners.ParentRunner$2.evaluate(ParentRunner.java:229)
	at org.junit.runners.ParentRunner.run(ParentRunner.java:309)
	at org.apache.maven.surefire.junit4.JUnit4Provider.execute(JUnit4Provider.java:365)
	at org.apache.maven.surefire.junit4.JUnit4Provider.executeWithRerun(JUnit4Provider.java:273)
	at org.apache.maven.surefire.junit4.JUnit4Provider.executeTestSet(JUnit4Provider.java:238)
	at org.apache.maven.surefire.junit4.JUnit4Provider.invoke(JUnit4Provider.java:159)
	at org.apache.maven.surefire.booter.ForkedBooter.invokeProviderInSameClassLoader(ForkedBooter.java:384)
	at org.apache.maven.surefire.booter.ForkedBooter.runSuitesInProcess(ForkedBooter.java:345)
	at org.apache.maven.surefire.booter.ForkedBooter.execute(ForkedBooter.java:126)
	at org.apache.maven.surefire.booter.ForkedBooter.main(ForkedBooter.java:418)
]]></error>
    <system-out><![CDATA[2019-09-28 01:22:28,769 [main] WARN  server.ServerUtils (ServerUtils.java:getScmDbDir(145)) - ozone.scm.db.dirs is not configured. We recommend adding this setting. Falling back to ozone.metadata.dirs instead.
2019-09-28 01:22:28,783 [main] WARN  server.ServerUtils (ServerUtils.java:getScmDbDir(145)) - ozone.scm.db.dirs is not configured. We recommend adding this setting. Falling back to ozone.metadata.dirs instead.
2019-09-28 01:22:28,783 [main] WARN  server.ServerUtils (ServerUtils.java:getScmDbDir(145)) - ozone.scm.db.dirs is not configured. We recommend adding this setting. Falling back to ozone.metadata.dirs instead.
2019-09-28 01:22:28,784 [main] INFO  db.DBStoreBuilder (DBStoreBuilder.java:addTable(110)) - using custom profile for table: deletedBlocks
2019-09-28 01:22:28,784 [main] INFO  db.DBStoreBuilder (DBStoreBuilder.java:processTables(161)) - Using default column profile:DBProfile.DISK for Table:deletedBlocks
2019-09-28 01:22:28,784 [main] INFO  db.DBStoreBuilder (DBStoreBuilder.java:addTable(110)) - using custom profile for table: validCerts
2019-09-28 01:22:28,784 [main] INFO  db.DBStoreBuilder (DBStoreBuilder.java:processTables(161)) - Using default column profile:DBProfile.DISK for Table:validCerts
2019-09-28 01:22:28,785 [main] INFO  db.DBStoreBuilder (DBStoreBuilder.java:addTable(110)) - using custom profile for table: revokedCerts
2019-09-28 01:22:28,785 [main] INFO  db.DBStoreBuilder (DBStoreBuilder.java:processTables(161)) - Using default column profile:DBProfile.DISK for Table:revokedCerts
2019-09-28 01:22:28,785 [main] INFO  db.DBStoreBuilder (DBStoreBuilder.java:addTable(110)) - using custom profile for table: default
2019-09-28 01:22:28,785 [main] INFO  db.DBStoreBuilder (DBStoreBuilder.java:processTables(167)) - Using default column profile:DBProfile.DISK for Table:default
2019-09-28 01:22:28,786 [main] INFO  db.DBStoreBuilder (DBStoreBuilder.java:getDbProfile(198)) - Using default options. DBProfile.DISK
2019-09-28 01:22:28,942 [main] INFO  net.NodeSchemaLoader (NodeSchemaLoader.java:loadSchemaFromFile(125)) - Loading file from sun.misc.CompoundEnumeration@130cfc47
2019-09-28 01:22:28,943 [main] INFO  net.NodeSchemaLoader (NodeSchemaLoader.java:loadSchema(171)) - Loading network topology layer schema file
2019-09-28 01:22:28,949 [main] INFO  node.SCMNodeManager (SCMNodeManager.java:<init>(114)) - Entering startup safe mode.
2019-09-28 01:22:28,949 [main] INFO  algorithms.ContainerPlacementPolicyFactory (ContainerPlacementPolicyFactory.java:getPolicy(57)) - Create container placement policy of type org.apache.hadoop.hdds.scm.container.placement.algorithms.SCMContainerPlacementRandom
2019-09-28 01:22:28,950 [main] WARN  server.ServerUtils (ServerUtils.java:getScmDbDir(145)) - ozone.scm.db.dirs is not configured. We recommend adding this setting. Falling back to ozone.metadata.dirs instead.
2019-09-28 01:22:28,996 [main] INFO  pipeline.SCMPipelineManager (SCMPipelineManager.java:initializePipelineState(132)) - No pipeline exists in current db
2019-09-28 01:22:28,996 [main] WARN  server.ServerUtils (ServerUtils.java:getScmDbDir(145)) - ozone.scm.db.dirs is not configured. We recommend adding this setting. Falling back to ozone.metadata.dirs instead.
2019-09-28 01:22:29,062 [main] WARN  events.EventQueue (EventQueue.java:fireEvent(183)) - No event handler registered for event TypedEvent{payloadType=SafeModeStatus, name='SafeModeStatus'}
2019-09-28 01:22:29,063 [main] INFO  ipc.CallQueueManager (CallQueueManager.java:<init>(84)) - Using callQueue: class java.util.concurrent.LinkedBlockingQueue, queueCapacity: 2000, scheduler: class org.apache.hadoop.ipc.DefaultRpcScheduler, ipcBackoff: false.
2019-09-28 01:22:29,064 [Socket Reader #1 for port 42786] INFO  ipc.Server (Server.java:run(1074)) - Starting Socket Reader #1 for port 42786
2019-09-28 01:22:29,067 [main] INFO  ipc.CallQueueManager (CallQueueManager.java:<init>(84)) - Using callQueue: class java.util.concurrent.LinkedBlockingQueue, queueCapacity: 2000, scheduler: class org.apache.hadoop.ipc.DefaultRpcScheduler, ipcBackoff: false.
2019-09-28 01:22:29,068 [Socket Reader #1 for port 38817] INFO  ipc.Server (Server.java:run(1074)) - Starting Socket Reader #1 for port 38817
2019-09-28 01:22:29,069 [main] INFO  ipc.CallQueueManager (CallQueueManager.java:<init>(84)) - Using callQueue: class java.util.concurrent.LinkedBlockingQueue, queueCapacity: 2000, scheduler: class org.apache.hadoop.ipc.DefaultRpcScheduler, ipcBackoff: false.
2019-09-28 01:22:29,070 [Socket Reader #1 for port 36732] INFO  ipc.Server (Server.java:run(1074)) - Starting Socket Reader #1 for port 36732
2019-09-28 01:22:29,074 [main] INFO  hdfs.DFSUtil (DFSUtil.java:httpServerTemplateForNNAndJN(1641)) - Starting Web-server for scm at: http://0.0.0.0:0
2019-09-28 01:22:29,077 [main] INFO  server.AuthenticationFilter (AuthenticationFilter.java:constructSecretProvider(240)) - Unable to initialize FileSignerSecretProvider, falling back to use random secrets.
2019-09-28 01:22:29,078 [main] WARN  http.HttpRequestLog (HttpRequestLog.java:getRequestLog(97)) - Jetty request log can only be enabled using Log4j
2019-09-28 01:22:29,081 [main] INFO  http.HttpServer2 (HttpServer2.java:addGlobalFilter(975)) - Added global filter 'safety' (class=org.apache.hadoop.http.HttpServer2$QuotingInputFilter)
2019-09-28 01:22:29,081 [main] INFO  http.HttpServer2 (HttpServer2.java:addFilter(948)) - Added filter static_user_filter (class=org.apache.hadoop.http.lib.StaticUserWebFilter$StaticUserFilter) to context scm
2019-09-28 01:22:29,082 [main] INFO  http.HttpServer2 (HttpServer2.java:addFilter(958)) - Added filter static_user_filter (class=org.apache.hadoop.http.lib.StaticUserWebFilter$StaticUserFilter) to context logs
2019-09-28 01:22:29,082 [main] INFO  http.HttpServer2 (HttpServer2.java:addFilter(958)) - Added filter static_user_filter (class=org.apache.hadoop.http.lib.StaticUserWebFilter$StaticUserFilter) to context static
2019-09-28 01:22:29,084 [main] INFO  server.StorageContainerManager (StorageContainerManager.java:start(770)) - StorageContainerLocationProtocol RPC server is listening at /0.0.0.0:36732
2019-09-28 01:22:29,087 [main] WARN  impl.MetricsConfig (MetricsConfig.java:loadFirst(134)) - Cannot locate configuration: tried hadoop-metrics2-storagecontainermanager.properties,hadoop-metrics2.properties
2019-09-28 01:22:29,089 [main] INFO  impl.MetricsSystemImpl (MetricsSystemImpl.java:startTimer(374)) - Scheduled Metric snapshot period at 10 second(s).
2019-09-28 01:22:29,089 [main] INFO  impl.MetricsSystemImpl (MetricsSystemImpl.java:start(191)) - StorageContainerManager metrics system started
2019-09-28 01:22:29,237 [main] WARN  impl.MetricsSystemImpl (MetricsSystemImpl.java:register(276)) - Sink prometheus already exists!
2019-09-28 01:22:29,284 [main] INFO  server.SCMClientProtocolServer (SCMClientProtocolServer.java:start(150)) - RPC server for Client  is listening at /0.0.0.0:36732
2019-09-28 01:22:29,285 [IPC Server Responder] INFO  ipc.Server (Server.java:run(1314)) - IPC Server Responder: starting
2019-09-28 01:22:29,285 [IPC Server listener on 36732] INFO  ipc.Server (Server.java:run(1153)) - IPC Server listener on 36732: starting
2019-09-28 01:22:29,290 [main] INFO  server.StorageContainerManager (StorageContainerManager.java:start(780)) - ScmBlockLocationProtocol RPC server is listening at /0.0.0.0:38817
2019-09-28 01:22:29,290 [main] INFO  server.SCMBlockProtocolServer (SCMBlockProtocolServer.java:start(146)) - RPC server for Block Protocol is listening at /0.0.0.0:38817
2019-09-28 01:22:29,290 [IPC Server Responder] INFO  ipc.Server (Server.java:run(1314)) - IPC Server Responder: starting
2019-09-28 01:22:29,290 [IPC Server listener on 38817] INFO  ipc.Server (Server.java:run(1153)) - IPC Server listener on 38817: starting
2019-09-28 01:22:29,295 [main] INFO  server.StorageContainerManager (StorageContainerManager.java:start(784)) - ScmDatanodeProtocl RPC server is listening at /0.0.0.0:42786
2019-09-28 01:22:29,295 [main] INFO  server.SCMDatanodeProtocolServer (SCMDatanodeProtocolServer.java:start(191)) - RPC server for DataNodes is listening at /0.0.0.0:42786
2019-09-28 01:22:29,295 [IPC Server Responder] INFO  ipc.Server (Server.java:run(1314)) - IPC Server Responder: starting
2019-09-28 01:22:29,295 [IPC Server listener on 42786] INFO  ipc.Server (Server.java:run(1153)) - IPC Server listener on 42786: starting
2019-09-28 01:22:29,300 [main] INFO  http.HttpServer2 (HttpServer2.java:bindListener(1191)) - Jetty bound to port 39346
2019-09-28 01:22:29,300 [main] INFO  server.Server (Server.java:doStart(351)) - jetty-9.3.25.v20180904, build timestamp: 2018-09-04T21:11:46Z, git hash: 3ce520221d0240229c862b122d2b06c12a625732
2019-09-28 01:22:29,302 [main] INFO  handler.ContextHandler (ContextHandler.java:doStart(781)) - Started o.e.j.s.ServletContextHandler@4f3356c0{/logs,file:///workdir/hadoop-ozone/integration-test/target/log,AVAILABLE}
2019-09-28 01:22:29,302 [main] INFO  handler.ContextHandler (ContextHandler.java:doStart(781)) - Started o.e.j.s.ServletContextHandler@6c835217{/static,file:///workdir/hadoop-ozone/integration-test/target/test-classes/webapps/static,AVAILABLE}
2019-09-28 01:22:29,306 [main] INFO  handler.ContextHandler (ContextHandler.java:doStart(781)) - Started o.e.j.w.WebAppContext@28ee882c{/,file:///workdir/hadoop-ozone/integration-test/target/test-classes/webapps/scm/,AVAILABLE}{/scm}
2019-09-28 01:22:29,306 [main] INFO  server.AbstractConnector (AbstractConnector.java:doStart(278)) - Started ServerConnector@78d73b1b{HTTP/1.1,[http/1.1]}{0.0.0.0:39346}
2019-09-28 01:22:29,308 [main] INFO  server.Server (Server.java:doStart(419)) - Started @577491ms
2019-09-28 01:22:29,308 [main] WARN  impl.MetricsSystemImpl (MetricsSystemImpl.java:register(276)) - Sink prometheus already exists!
2019-09-28 01:22:29,309 [main] INFO  server.BaseHttpServer (BaseHttpServer.java:updateConnectorAddress(215)) - HTTP server of SCM is listening at http://0.0.0.0:39346
2019-09-28 01:22:29,309 [main] WARN  server.ServerUtils (ServerUtils.java:getDBPath(222)) - ozone.om.db.dirs is not configured. We recommend adding this setting. Falling back to ozone.metadata.dirs instead.
2019-09-28 01:22:29,310 [org.apache.hadoop.util.JvmPauseMonitor$Monitor@34edd065] INFO  util.JvmPauseMonitor (JvmPauseMonitor.java:run(188)) - Starting JVM pause monitor
2019-09-28 01:22:29,336 [main] INFO  ha.OMHANodeDetails (OMHANodeDetails.java:loadOMHAConfig(190)) - Configuration either no ozone.om.address set. Falling back to the default OM address /127.0.0.1:0
2019-09-28 01:22:29,336 [main] INFO  ha.OMHANodeDetails (OMHANodeDetails.java:getOMNodeDetails(220)) - OM Service ID is not set. Setting it to the default ID: omServiceIdDefault
2019-09-28 01:22:29,336 [main] WARN  server.ServerUtils (ServerUtils.java:getDBPath(222)) - ozone.om.db.dirs is not configured. We recommend adding this setting. Falling back to ozone.metadata.dirs instead.
2019-09-28 01:22:29,336 [main] WARN  server.ServerUtils (ServerUtils.java:getDBPath(222)) - ozone.om.db.dirs is not configured. We recommend adding this setting. Falling back to ozone.metadata.dirs instead.
2019-09-28 01:22:29,344 [main] WARN  server.ServerUtils (ServerUtils.java:getDBPath(222)) - ozone.om.db.dirs is not configured. We recommend adding this setting. Falling back to ozone.metadata.dirs instead.
2019-09-28 01:22:29,345 [main] INFO  db.DBStoreBuilder (DBStoreBuilder.java:addTable(110)) - using custom profile for table: userTable
2019-09-28 01:22:29,345 [main] INFO  db.DBStoreBuilder (DBStoreBuilder.java:processTables(161)) - Using default column profile:DBProfile.DISK for Table:userTable
2019-09-28 01:22:29,345 [main] INFO  db.DBStoreBuilder (DBStoreBuilder.java:addTable(110)) - using custom profile for table: volumeTable
2019-09-28 01:22:29,345 [main] INFO  db.DBStoreBuilder (DBStoreBuilder.java:processTables(161)) - Using default column profile:DBProfile.DISK for Table:volumeTable
2019-09-28 01:22:29,345 [main] INFO  db.DBStoreBuilder (DBStoreBuilder.java:addTable(110)) - using custom profile for table: bucketTable
2019-09-28 01:22:29,345 [main] INFO  db.DBStoreBuilder (DBStoreBuilder.java:processTables(161)) - Using default column profile:DBProfile.DISK for Table:bucketTable
2019-09-28 01:22:29,346 [main] INFO  db.DBStoreBuilder (DBStoreBuilder.java:addTable(110)) - using custom profile for table: keyTable
2019-09-28 01:22:29,346 [main] INFO  db.DBStoreBuilder (DBStoreBuilder.java:processTables(161)) - Using default column profile:DBProfile.DISK for Table:keyTable
2019-09-28 01:22:29,346 [main] INFO  db.DBStoreBuilder (DBStoreBuilder.java:addTable(110)) - using custom profile for table: deletedTable
2019-09-28 01:22:29,346 [main] INFO  db.DBStoreBuilder (DBStoreBuilder.java:processTables(161)) - Using default column profile:DBProfile.DISK for Table:deletedTable
2019-09-28 01:22:29,346 [main] INFO  db.DBStoreBuilder (DBStoreBuilder.java:addTable(110)) - using custom profile for table: openKeyTable
2019-09-28 01:22:29,347 [main] INFO  db.DBStoreBuilder (DBStoreBuilder.java:processTables(161)) - Using default column profile:DBProfile.DISK for Table:openKeyTable
2019-09-28 01:22:29,347 [main] INFO  db.DBStoreBuilder (DBStoreBuilder.java:addTable(110)) - using custom profile for table: s3Table
2019-09-28 01:22:29,347 [main] INFO  db.DBStoreBuilder (DBStoreBuilder.java:processTables(161)) - Using default column profile:DBProfile.DISK for Table:s3Table
2019-09-28 01:22:29,347 [main] INFO  db.DBStoreBuilder (DBStoreBuilder.java:addTable(110)) - using custom profile for table: multipartInfoTable
2019-09-28 01:22:29,347 [main] INFO  db.DBStoreBuilder (DBStoreBuilder.java:processTables(161)) - Using default column profile:DBProfile.DISK for Table:multipartInfoTable
2019-09-28 01:22:29,347 [main] INFO  db.DBStoreBuilder (DBStoreBuilder.java:addTable(110)) - using custom profile for table: dTokenTable
2019-09-28 01:22:29,348 [main] INFO  db.DBStoreBuilder (DBStoreBuilder.java:processTables(161)) - Using default column profile:DBProfile.DISK for Table:dTokenTable
2019-09-28 01:22:29,348 [main] INFO  db.DBStoreBuilder (DBStoreBuilder.java:addTable(110)) - using custom profile for table: s3SecretTable
2019-09-28 01:22:29,348 [main] INFO  db.DBStoreBuilder (DBStoreBuilder.java:processTables(161)) - Using default column profile:DBProfile.DISK for Table:s3SecretTable
2019-09-28 01:22:29,348 [main] INFO  db.DBStoreBuilder (DBStoreBuilder.java:addTable(110)) - using custom profile for table: prefixTable
2019-09-28 01:22:29,348 [main] INFO  db.DBStoreBuilder (DBStoreBuilder.java:processTables(161)) - Using default column profile:DBProfile.DISK for Table:prefixTable
2019-09-28 01:22:29,348 [main] INFO  db.DBStoreBuilder (DBStoreBuilder.java:addTable(110)) - using custom profile for table: default
2019-09-28 01:22:29,349 [main] INFO  db.DBStoreBuilder (DBStoreBuilder.java:processTables(167)) - Using default column profile:DBProfile.DISK for Table:default
2019-09-28 01:22:29,349 [main] INFO  db.DBStoreBuilder (DBStoreBuilder.java:getDbProfile(198)) - Using default options. DBProfile.DISK
2019-09-28 01:22:29,912 [main] INFO  ipc.CallQueueManager (CallQueueManager.java:<init>(84)) - Using callQueue: class java.util.concurrent.LinkedBlockingQueue, queueCapacity: 2000, scheduler: class org.apache.hadoop.ipc.DefaultRpcScheduler, ipcBackoff: false.
2019-09-28 01:22:29,914 [Socket Reader #1 for port 34121] INFO  ipc.Server (Server.java:run(1074)) - Starting Socket Reader #1 for port 34121
2019-09-28 01:22:29,930 [main] INFO  om.OzoneManager (OzoneManager.java:start(1069)) - OzoneManager RPC server is listening at localhost/127.0.0.1:34121
2019-09-28 01:22:29,930 [main] INFO  impl.MetricsSystemImpl (MetricsSystemImpl.java:init(158)) - OzoneManager metrics system started (again)
2019-09-28 01:22:29,931 [IPC Server Responder] INFO  ipc.Server (Server.java:run(1314)) - IPC Server Responder: starting
2019-09-28 01:22:29,933 [IPC Server listener on 34121] INFO  ipc.Server (Server.java:run(1153)) - IPC Server listener on 34121: starting
2019-09-28 01:22:29,939 [main] INFO  hdfs.DFSUtil (DFSUtil.java:httpServerTemplateForNNAndJN(1641)) - Starting Web-server for ozoneManager at: http://0.0.0.0:0
2019-09-28 01:22:29,940 [main] INFO  server.AuthenticationFilter (AuthenticationFilter.java:constructSecretProvider(240)) - Unable to initialize FileSignerSecretProvider, falling back to use random secrets.
2019-09-28 01:22:29,940 [main] WARN  http.HttpRequestLog (HttpRequestLog.java:getRequestLog(97)) - Jetty request log can only be enabled using Log4j
2019-09-28 01:22:29,942 [main] INFO  http.HttpServer2 (HttpServer2.java:addGlobalFilter(975)) - Added global filter 'safety' (class=org.apache.hadoop.http.HttpServer2$QuotingInputFilter)
2019-09-28 01:22:29,943 [main] INFO  http.HttpServer2 (HttpServer2.java:addFilter(948)) - Added filter static_user_filter (class=org.apache.hadoop.http.lib.StaticUserWebFilter$StaticUserFilter) to context ozoneManager
2019-09-28 01:22:29,943 [main] INFO  http.HttpServer2 (HttpServer2.java:addFilter(958)) - Added filter static_user_filter (class=org.apache.hadoop.http.lib.StaticUserWebFilter$StaticUserFilter) to context logs
2019-09-28 01:22:29,943 [main] INFO  http.HttpServer2 (HttpServer2.java:addFilter(958)) - Added filter static_user_filter (class=org.apache.hadoop.http.lib.StaticUserWebFilter$StaticUserFilter) to context static
2019-09-28 01:22:29,943 [main] INFO  http.HttpServer2 (HttpServer2.java:bindListener(1191)) - Jetty bound to port 41672
2019-09-28 01:22:29,944 [main] INFO  server.Server (Server.java:doStart(351)) - jetty-9.3.25.v20180904, build timestamp: 2018-09-04T21:11:46Z, git hash: 3ce520221d0240229c862b122d2b06c12a625732
2019-09-28 01:22:29,945 [main] INFO  handler.ContextHandler (ContextHandler.java:doStart(781)) - Started o.e.j.s.ServletContextHandler@4f2ac7e0{/logs,file:///workdir/hadoop-ozone/integration-test/target/log,AVAILABLE}
2019-09-28 01:22:29,946 [main] INFO  handler.ContextHandler (ContextHandler.java:doStart(781)) - Started o.e.j.s.ServletContextHandler@111cba40{/static,file:///workdir/hadoop-ozone/integration-test/target/test-classes/webapps/static,AVAILABLE}
2019-09-28 01:22:29,950 [main] INFO  handler.ContextHandler (ContextHandler.java:doStart(781)) - Started o.e.j.w.WebAppContext@7781263c{/,file:///workdir/hadoop-ozone/integration-test/target/test-classes/webapps/ozoneManager/,AVAILABLE}{/ozoneManager}
2019-09-28 01:22:29,950 [main] INFO  server.AbstractConnector (AbstractConnector.java:doStart(278)) - Started ServerConnector@5fdd97c1{HTTP/1.1,[http/1.1]}{0.0.0.0:41672}
2019-09-28 01:22:29,950 [main] INFO  server.Server (Server.java:doStart(419)) - Started @578134ms
2019-09-28 01:22:29,951 [main] WARN  impl.MetricsSystemImpl (MetricsSystemImpl.java:register(276)) - Sink prometheus already exists!
2019-09-28 01:22:29,952 [main] INFO  server.BaseHttpServer (BaseHttpServer.java:updateConnectorAddress(215)) - HTTP server of OZONEMANAGER is listening at http://0.0.0.0:41672
2019-09-28 01:22:29,970 [main] INFO  impl.MetricsSystemImpl (MetricsSystemImpl.java:init(158)) - HddsDatanode metrics system started (again)
2019-09-28 01:22:29,973 [main] INFO  ozone.HddsDatanodeService (HddsDatanodeService.java:start(184)) - HddsDatanodeService host:pr-hdds-2162-8g7kw-3348123894 ip:192.168.151.82
2019-09-28 01:22:29,980 [main] INFO  volume.HddsVolume (HddsVolume.java:<init>(176)) - Creating Volume: /workdir/hadoop-ozone/integration-test/target/test-dir/MiniOzoneClusterImpl-8eac2880-3418-4680-a8af-a58fbadabff3/datanode-0/data/containers/hdds of  storage type : DISK and capacity : 1482555576320
2019-09-28 01:22:29,980 [main] INFO  volume.VolumeSet (VolumeSet.java:initializeVolumeSet(170)) - Added Volume : /workdir/hadoop-ozone/integration-test/target/test-dir/MiniOzoneClusterImpl-8eac2880-3418-4680-a8af-a58fbadabff3/datanode-0/data/containers/hdds to VolumeSet
2019-09-28 01:22:29,981 [main] INFO  volume.ThrottledAsyncChecker (ThrottledAsyncChecker.java:schedule(139)) - Scheduling a check for org.apache.hadoop.ozone.container.common.volume.HddsVolume@37775bb1
2019-09-28 01:22:29,981 [main] INFO  volume.HddsVolumeChecker (HddsVolumeChecker.java:checkAllVolumes(202)) - Scheduled health check for volume org.apache.hadoop.ozone.container.common.volume.HddsVolume@37775bb1
2019-09-28 01:22:29,996 [main] INFO  impl.RaftServerProxy (ConfUtils.java:logGet(43)) - raft.rpc.type = GRPC (default)
2019-09-28 01:22:29,996 [main] INFO  grpc.GrpcFactory (GrpcFactory.java:checkPooledByteBufAllocatorUseCacheForAllThreads(45)) - PERFORMANCE WARNING: useCacheForAllThreads is true that may cause Netty to create a lot garbage objects and, as a result, trigger GC.
	It is recommended to disable useCacheForAllThreads by setting -Dorg.apache.ratis.thirdparty.io.netty.allocator.useCacheForAllThreads=false in command line.
2019-09-28 01:22:29,996 [main] INFO  grpc.GrpcConfigKeys$Server (ConfUtils.java:logGet(43)) - raft.grpc.server.port = 0 (default)
2019-09-28 01:22:29,996 [main] INFO  server.GrpcService (ConfUtils.java:logGet(43)) - raft.grpc.message.size.max = 33570816 (custom)
2019-09-28 01:22:29,997 [main] INFO  server.RaftServerConfigKeys (ConfUtils.java:logGet(43)) - raft.server.log.appender.buffer.byte-limit = 33554432 (custom)
2019-09-28 01:22:29,997 [main] INFO  server.GrpcService (ConfUtils.java:logGet(43)) - raft.grpc.flow.control.window = 1MB (=1048576) (default)
2019-09-28 01:22:29,997 [main] INFO  server.RaftServerConfigKeys (ConfUtils.java:logGet(43)) - raft.server.rpc.request.timeout = 3000ms (default)
2019-09-28 01:22:29,997 [main] INFO  server.RaftServerConfigKeys (ConfUtils.java:logGet(43)) - raft.server.storage.dir = [/workdir/hadoop-ozone/integration-test/target/test-dir/MiniOzoneClusterImpl-8eac2880-3418-4680-a8af-a58fbadabff3/datanode-0/data/ratis] (custom)
2019-09-28 01:22:29,999 [main] INFO  hdfs.DFSUtil (DFSUtil.java:httpServerTemplateForNNAndJN(1641)) - Starting Web-server for hddsDatanode at: http://0.0.0.0:0
2019-09-28 01:22:30,000 [main] INFO  server.AuthenticationFilter (AuthenticationFilter.java:constructSecretProvider(240)) - Unable to initialize FileSignerSecretProvider, falling back to use random secrets.
2019-09-28 01:22:30,000 [main] WARN  http.HttpRequestLog (HttpRequestLog.java:getRequestLog(97)) - Jetty request log can only be enabled using Log4j
2019-09-28 01:22:30,001 [main] INFO  http.HttpServer2 (HttpServer2.java:addGlobalFilter(975)) - Added global filter 'safety' (class=org.apache.hadoop.http.HttpServer2$QuotingInputFilter)
2019-09-28 01:22:30,002 [main] INFO  http.HttpServer2 (HttpServer2.java:addFilter(948)) - Added filter static_user_filter (class=org.apache.hadoop.http.lib.StaticUserWebFilter$StaticUserFilter) to context hddsDatanode
2019-09-28 01:22:30,002 [main] INFO  http.HttpServer2 (HttpServer2.java:addFilter(958)) - Added filter static_user_filter (class=org.apache.hadoop.http.lib.StaticUserWebFilter$StaticUserFilter) to context logs
2019-09-28 01:22:30,002 [main] INFO  http.HttpServer2 (HttpServer2.java:addFilter(958)) - Added filter static_user_filter (class=org.apache.hadoop.http.lib.StaticUserWebFilter$StaticUserFilter) to context static
2019-09-28 01:22:30,003 [main] INFO  http.HttpServer2 (HttpServer2.java:bindListener(1191)) - Jetty bound to port 43561
2019-09-28 01:22:30,003 [main] INFO  server.Server (Server.java:doStart(351)) - jetty-9.3.25.v20180904, build timestamp: 2018-09-04T21:11:46Z, git hash: 3ce520221d0240229c862b122d2b06c12a625732
2019-09-28 01:22:30,004 [main] INFO  handler.ContextHandler (ContextHandler.java:doStart(781)) - Started o.e.j.s.ServletContextHandler@39652a30{/logs,file:///workdir/hadoop-ozone/integration-test/target/log,AVAILABLE}
2019-09-28 01:22:30,005 [main] INFO  handler.ContextHandler (ContextHandler.java:doStart(781)) - Started o.e.j.s.ServletContextHandler@40c8067{/static,jar:file:/home/user/.m2/repository/org/apache/hadoop/hadoop-hdds-container-service/0.5.0-SNAPSHOT/hadoop-hdds-container-service-0.5.0-SNAPSHOT.jar!/webapps/static,AVAILABLE}
2019-09-28 01:22:30,032 [main] INFO  handler.ContextHandler (ContextHandler.java:doStart(781)) - Started o.e.j.w.WebAppContext@76a362a4{/,file:///tmp/jetty-0.0.0.0-43561-hddsDatanode-_-any-1227385945607935583.dir/webapp/,AVAILABLE}{/hddsDatanode}
2019-09-28 01:22:30,032 [main] INFO  server.AbstractConnector (AbstractConnector.java:doStart(278)) - Started ServerConnector@61da0413{HTTP/1.1,[http/1.1]}{0.0.0.0:43561}
2019-09-28 01:22:30,033 [main] INFO  server.Server (Server.java:doStart(419)) - Started @578216ms
2019-09-28 01:22:30,034 [main] WARN  impl.MetricsSystemImpl (MetricsSystemImpl.java:register(276)) - Sink prometheus already exists!
2019-09-28 01:22:30,035 [main] INFO  server.BaseHttpServer (BaseHttpServer.java:updateConnectorAddress(215)) - HTTP server of HDDSDATANODE is listening at http://0.0.0.0:43561
2019-09-28 01:22:30,035 [main] INFO  impl.MetricsSystemImpl (MetricsSystemImpl.java:init(158)) - HddsDatanode metrics system started (again)
2019-09-28 01:22:30,038 [main] INFO  ozone.HddsDatanodeService (HddsDatanodeService.java:start(184)) - HddsDatanodeService host:pr-hdds-2162-8g7kw-3348123894 ip:192.168.151.82
2019-09-28 01:22:30,039 [org.apache.hadoop.util.JvmPauseMonitor$Monitor@67d47ca4] INFO  util.JvmPauseMonitor (JvmPauseMonitor.java:run(188)) - Starting JVM pause monitor
2019-09-28 01:22:30,041 [Datanode State Machine Thread - 0] INFO  datanode.InitDatanodeState (InitDatanodeState.java:persistContainerDatanodeDetails(140)) - DatanodeDetails is persisted to /workdir/hadoop-ozone/integration-test/target/test-dir/MiniOzoneClusterImpl-8eac2880-3418-4680-a8af-a58fbadabff3/datanode-0/meta/datanode.id
2019-09-28 01:22:30,045 [main] INFO  volume.HddsVolume (HddsVolume.java:<init>(176)) - Creating Volume: /workdir/hadoop-ozone/integration-test/target/test-dir/MiniOzoneClusterImpl-8eac2880-3418-4680-a8af-a58fbadabff3/datanode-1/data/containers/hdds of  storage type : DISK and capacity : 1482555576320
2019-09-28 01:22:30,045 [main] INFO  volume.VolumeSet (VolumeSet.java:initializeVolumeSet(170)) - Added Volume : /workdir/hadoop-ozone/integration-test/target/test-dir/MiniOzoneClusterImpl-8eac2880-3418-4680-a8af-a58fbadabff3/datanode-1/data/containers/hdds to VolumeSet
2019-09-28 01:22:30,046 [main] INFO  volume.ThrottledAsyncChecker (ThrottledAsyncChecker.java:schedule(139)) - Scheduling a check for org.apache.hadoop.ozone.container.common.volume.HddsVolume@58a7dc4
2019-09-28 01:22:30,046 [main] INFO  volume.HddsVolumeChecker (HddsVolumeChecker.java:checkAllVolumes(202)) - Scheduled health check for volume org.apache.hadoop.ozone.container.common.volume.HddsVolume@58a7dc4
2019-09-28 01:22:30,061 [main] INFO  impl.RaftServerProxy (ConfUtils.java:logGet(43)) - raft.rpc.type = GRPC (default)
2019-09-28 01:22:30,061 [main] INFO  grpc.GrpcFactory (GrpcFactory.java:checkPooledByteBufAllocatorUseCacheForAllThreads(45)) - PERFORMANCE WARNING: useCacheForAllThreads is true that may cause Netty to create a lot garbage objects and, as a result, trigger GC.
	It is recommended to disable useCacheForAllThreads by setting -Dorg.apache.ratis.thirdparty.io.netty.allocator.useCacheForAllThreads=false in command line.
2019-09-28 01:22:30,061 [main] INFO  grpc.GrpcConfigKeys$Server (ConfUtils.java:logGet(43)) - raft.grpc.server.port = 0 (default)
2019-09-28 01:22:30,061 [main] INFO  server.GrpcService (ConfUtils.java:logGet(43)) - raft.grpc.message.size.max = 33570816 (custom)
2019-09-28 01:22:30,061 [main] INFO  server.RaftServerConfigKeys (ConfUtils.java:logGet(43)) - raft.server.log.appender.buffer.byte-limit = 33554432 (custom)
2019-09-28 01:22:30,062 [main] INFO  server.GrpcService (ConfUtils.java:logGet(43)) - raft.grpc.flow.control.window = 1MB (=1048576) (default)
2019-09-28 01:22:30,062 [main] INFO  server.RaftServerConfigKeys (ConfUtils.java:logGet(43)) - raft.server.rpc.request.timeout = 3000ms (default)
2019-09-28 01:22:30,062 [main] INFO  server.RaftServerConfigKeys (ConfUtils.java:logGet(43)) - raft.server.storage.dir = [/workdir/hadoop-ozone/integration-test/target/test-dir/MiniOzoneClusterImpl-8eac2880-3418-4680-a8af-a58fbadabff3/datanode-1/data/ratis] (custom)
2019-09-28 01:22:30,063 [main] INFO  hdfs.DFSUtil (DFSUtil.java:httpServerTemplateForNNAndJN(1641)) - Starting Web-server for hddsDatanode at: http://0.0.0.0:0
2019-09-28 01:22:30,064 [main] INFO  server.AuthenticationFilter (AuthenticationFilter.java:constructSecretProvider(240)) - Unable to initialize FileSignerSecretProvider, falling back to use random secrets.
2019-09-28 01:22:30,065 [main] WARN  http.HttpRequestLog (HttpRequestLog.java:getRequestLog(97)) - Jetty request log can only be enabled using Log4j
2019-09-28 01:22:30,066 [main] INFO  http.HttpServer2 (HttpServer2.java:addGlobalFilter(975)) - Added global filter 'safety' (class=org.apache.hadoop.http.HttpServer2$QuotingInputFilter)
2019-09-28 01:22:30,066 [main] INFO  http.HttpServer2 (HttpServer2.java:addFilter(948)) - Added filter static_user_filter (class=org.apache.hadoop.http.lib.StaticUserWebFilter$StaticUserFilter) to context hddsDatanode
2019-09-28 01:22:30,066 [main] INFO  http.HttpServer2 (HttpServer2.java:addFilter(958)) - Added filter static_user_filter (class=org.apache.hadoop.http.lib.StaticUserWebFilter$StaticUserFilter) to context static
2019-09-28 01:22:30,067 [main] INFO  http.HttpServer2 (HttpServer2.java:addFilter(958)) - Added filter static_user_filter (class=org.apache.hadoop.http.lib.StaticUserWebFilter$StaticUserFilter) to context logs
2019-09-28 01:22:30,067 [main] INFO  http.HttpServer2 (HttpServer2.java:bindListener(1191)) - Jetty bound to port 35655
2019-09-28 01:22:30,067 [main] INFO  server.Server (Server.java:doStart(351)) - jetty-9.3.25.v20180904, build timestamp: 2018-09-04T21:11:46Z, git hash: 3ce520221d0240229c862b122d2b06c12a625732
2019-09-28 01:22:30,069 [main] INFO  handler.ContextHandler (ContextHandler.java:doStart(781)) - Started o.e.j.s.ServletContextHandler@3869a6e5{/logs,file:///workdir/hadoop-ozone/integration-test/target/log,AVAILABLE}
2019-09-28 01:22:30,069 [main] INFO  handler.ContextHandler (ContextHandler.java:doStart(781)) - Started o.e.j.s.ServletContextHandler@7d484fcd{/static,jar:file:/home/user/.m2/repository/org/apache/hadoop/hadoop-hdds-container-service/0.5.0-SNAPSHOT/hadoop-hdds-container-service-0.5.0-SNAPSHOT.jar!/webapps/static,AVAILABLE}
2019-09-28 01:22:30,097 [main] INFO  handler.ContextHandler (ContextHandler.java:doStart(781)) - Started o.e.j.w.WebAppContext@99a8de3{/,file:///tmp/jetty-0.0.0.0-35655-hddsDatanode-_-any-7855953848347975691.dir/webapp/,AVAILABLE}{/hddsDatanode}
2019-09-28 01:22:30,097 [main] INFO  server.AbstractConnector (AbstractConnector.java:doStart(278)) - Started ServerConnector@87f501f{HTTP/1.1,[http/1.1]}{0.0.0.0:35655}
2019-09-28 01:22:30,098 [main] INFO  server.Server (Server.java:doStart(419)) - Started @578282ms
2019-09-28 01:22:30,098 [main] WARN  impl.MetricsSystemImpl (MetricsSystemImpl.java:register(276)) - Sink prometheus already exists!
2019-09-28 01:22:30,099 [main] INFO  server.BaseHttpServer (BaseHttpServer.java:updateConnectorAddress(215)) - HTTP server of HDDSDATANODE is listening at http://0.0.0.0:35655
2019-09-28 01:22:30,099 [main] INFO  impl.MetricsSystemImpl (MetricsSystemImpl.java:init(158)) - HddsDatanode metrics system started (again)
2019-09-28 01:22:30,103 [org.apache.hadoop.util.JvmPauseMonitor$Monitor@a450f23] INFO  util.JvmPauseMonitor (JvmPauseMonitor.java:run(188)) - Starting JVM pause monitor
2019-09-28 01:22:30,104 [main] INFO  ozone.HddsDatanodeService (HddsDatanodeService.java:start(184)) - HddsDatanodeService host:pr-hdds-2162-8g7kw-3348123894 ip:192.168.151.82
2019-09-28 01:22:30,105 [Datanode State Machine Thread - 0] INFO  datanode.InitDatanodeState (InitDatanodeState.java:persistContainerDatanodeDetails(140)) - DatanodeDetails is persisted to /workdir/hadoop-ozone/integration-test/target/test-dir/MiniOzoneClusterImpl-8eac2880-3418-4680-a8af-a58fbadabff3/datanode-1/meta/datanode.id
2019-09-28 01:22:30,110 [main] INFO  volume.HddsVolume (HddsVolume.java:<init>(176)) - Creating Volume: /workdir/hadoop-ozone/integration-test/target/test-dir/MiniOzoneClusterImpl-8eac2880-3418-4680-a8af-a58fbadabff3/datanode-2/data/containers/hdds of  storage type : DISK and capacity : 1482555576320
2019-09-28 01:22:30,110 [main] INFO  volume.VolumeSet (VolumeSet.java:initializeVolumeSet(170)) - Added Volume : /workdir/hadoop-ozone/integration-test/target/test-dir/MiniOzoneClusterImpl-8eac2880-3418-4680-a8af-a58fbadabff3/datanode-2/data/containers/hdds to VolumeSet
2019-09-28 01:22:30,110 [main] INFO  volume.ThrottledAsyncChecker (ThrottledAsyncChecker.java:schedule(139)) - Scheduling a check for org.apache.hadoop.ozone.container.common.volume.HddsVolume@1ecf0ac6
2019-09-28 01:22:30,111 [main] INFO  volume.HddsVolumeChecker (HddsVolumeChecker.java:checkAllVolumes(202)) - Scheduled health check for volume org.apache.hadoop.ozone.container.common.volume.HddsVolume@1ecf0ac6
2019-09-28 01:22:30,125 [main] INFO  impl.RaftServerProxy (ConfUtils.java:logGet(43)) - raft.rpc.type = GRPC (default)
2019-09-28 01:22:30,125 [main] INFO  grpc.GrpcFactory (GrpcFactory.java:checkPooledByteBufAllocatorUseCacheForAllThreads(45)) - PERFORMANCE WARNING: useCacheForAllThreads is true that may cause Netty to create a lot garbage objects and, as a result, trigger GC.
	It is recommended to disable useCacheForAllThreads by setting -Dorg.apache.ratis.thirdparty.io.netty.allocator.useCacheForAllThreads=false in command line.
2019-09-28 01:22:30,125 [main] INFO  grpc.GrpcConfigKeys$Server (ConfUtils.java:logGet(43)) - raft.grpc.server.port = 0 (default)
2019-09-28 01:22:30,126 [main] INFO  server.GrpcService (ConfUtils.java:logGet(43)) - raft.grpc.message.size.max = 33570816 (custom)
2019-09-28 01:22:30,126 [main] INFO  server.RaftServerConfigKeys (ConfUtils.java:logGet(43)) - raft.server.log.appender.buffer.byte-limit = 33554432 (custom)
2019-09-28 01:22:30,126 [main] INFO  server.GrpcService (ConfUtils.java:logGet(43)) - raft.grpc.flow.control.window = 1MB (=1048576) (default)
2019-09-28 01:22:30,126 [main] INFO  server.RaftServerConfigKeys (ConfUtils.java:logGet(43)) - raft.server.rpc.request.timeout = 3000ms (default)
2019-09-28 01:22:30,127 [main] INFO  server.RaftServerConfigKeys (ConfUtils.java:logGet(43)) - raft.server.storage.dir = [/workdir/hadoop-ozone/integration-test/target/test-dir/MiniOzoneClusterImpl-8eac2880-3418-4680-a8af-a58fbadabff3/datanode-2/data/ratis] (custom)
2019-09-28 01:22:30,128 [main] INFO  hdfs.DFSUtil (DFSUtil.java:httpServerTemplateForNNAndJN(1641)) - Starting Web-server for hddsDatanode at: http://0.0.0.0:0
2019-09-28 01:22:30,129 [main] INFO  server.AuthenticationFilter (AuthenticationFilter.java:constructSecretProvider(240)) - Unable to initialize FileSignerSecretProvider, falling back to use random secrets.
2019-09-28 01:22:30,129 [main] WARN  http.HttpRequestLog (HttpRequestLog.java:getRequestLog(97)) - Jetty request log can only be enabled using Log4j
2019-09-28 01:22:30,131 [main] INFO  http.HttpServer2 (HttpServer2.java:addGlobalFilter(975)) - Added global filter 'safety' (class=org.apache.hadoop.http.HttpServer2$QuotingInputFilter)
2019-09-28 01:22:30,131 [main] INFO  http.HttpServer2 (HttpServer2.java:addFilter(948)) - Added filter static_user_filter (class=org.apache.hadoop.http.lib.StaticUserWebFilter$StaticUserFilter) to context hddsDatanode
2019-09-28 01:22:30,131 [main] INFO  http.HttpServer2 (HttpServer2.java:addFilter(958)) - Added filter static_user_filter (class=org.apache.hadoop.http.lib.StaticUserWebFilter$StaticUserFilter) to context logs
2019-09-28 01:22:30,131 [main] INFO  http.HttpServer2 (HttpServer2.java:addFilter(958)) - Added filter static_user_filter (class=org.apache.hadoop.http.lib.StaticUserWebFilter$StaticUserFilter) to context static
2019-09-28 01:22:30,132 [main] INFO  http.HttpServer2 (HttpServer2.java:bindListener(1191)) - Jetty bound to port 45582
2019-09-28 01:22:30,132 [main] INFO  server.Server (Server.java:doStart(351)) - jetty-9.3.25.v20180904, build timestamp: 2018-09-04T21:11:46Z, git hash: 3ce520221d0240229c862b122d2b06c12a625732
2019-09-28 01:22:30,133 [main] INFO  handler.ContextHandler (ContextHandler.java:doStart(781)) - Started o.e.j.s.ServletContextHandler@2f09e6b2{/logs,file:///workdir/hadoop-ozone/integration-test/target/log,AVAILABLE}
2019-09-28 01:22:30,134 [main] INFO  handler.ContextHandler (ContextHandler.java:doStart(781)) - Started o.e.j.s.ServletContextHandler@16e1219f{/static,jar:file:/home/user/.m2/repository/org/apache/hadoop/hadoop-hdds-container-service/0.5.0-SNAPSHOT/hadoop-hdds-container-service-0.5.0-SNAPSHOT.jar!/webapps/static,AVAILABLE}
2019-09-28 01:22:30,161 [main] INFO  handler.ContextHandler (ContextHandler.java:doStart(781)) - Started o.e.j.w.WebAppContext@154b8cb6{/,file:///tmp/jetty-0.0.0.0-45582-hddsDatanode-_-any-6022078131224569740.dir/webapp/,AVAILABLE}{/hddsDatanode}
2019-09-28 01:22:30,161 [main] INFO  server.AbstractConnector (AbstractConnector.java:doStart(278)) - Started ServerConnector@7b297740{HTTP/1.1,[http/1.1]}{0.0.0.0:45582}
2019-09-28 01:22:30,161 [main] INFO  server.Server (Server.java:doStart(419)) - Started @578345ms
2019-09-28 01:22:30,163 [main] WARN  impl.MetricsSystemImpl (MetricsSystemImpl.java:register(276)) - Sink prometheus already exists!
2019-09-28 01:22:30,163 [main] INFO  server.BaseHttpServer (BaseHttpServer.java:updateConnectorAddress(215)) - HTTP server of HDDSDATANODE is listening at http://0.0.0.0:45582
2019-09-28 01:22:30,164 [main] INFO  impl.MetricsSystemImpl (MetricsSystemImpl.java:init(158)) - HddsDatanode metrics system started (again)
2019-09-28 01:22:30,168 [org.apache.hadoop.util.JvmPauseMonitor$Monitor@246abf11] INFO  util.JvmPauseMonitor (JvmPauseMonitor.java:run(188)) - Starting JVM pause monitor
2019-09-28 01:22:30,168 [main] INFO  ozone.HddsDatanodeService (HddsDatanodeService.java:start(184)) - HddsDatanodeService host:pr-hdds-2162-8g7kw-3348123894 ip:192.168.151.82
2019-09-28 01:22:30,170 [Datanode State Machine Thread - 0] INFO  datanode.InitDatanodeState (InitDatanodeState.java:persistContainerDatanodeDetails(140)) - DatanodeDetails is persisted to /workdir/hadoop-ozone/integration-test/target/test-dir/MiniOzoneClusterImpl-8eac2880-3418-4680-a8af-a58fbadabff3/datanode-2/meta/datanode.id
2019-09-28 01:22:30,175 [main] INFO  volume.HddsVolume (HddsVolume.java:<init>(176)) - Creating Volume: /workdir/hadoop-ozone/integration-test/target/test-dir/MiniOzoneClusterImpl-8eac2880-3418-4680-a8af-a58fbadabff3/datanode-3/data/containers/hdds of  storage type : DISK and capacity : 1482555576320
2019-09-28 01:22:30,176 [main] INFO  volume.VolumeSet (VolumeSet.java:initializeVolumeSet(170)) - Added Volume : /workdir/hadoop-ozone/integration-test/target/test-dir/MiniOzoneClusterImpl-8eac2880-3418-4680-a8af-a58fbadabff3/datanode-3/data/containers/hdds to VolumeSet
2019-09-28 01:22:30,176 [main] INFO  volume.ThrottledAsyncChecker (ThrottledAsyncChecker.java:schedule(139)) - Scheduling a check for org.apache.hadoop.ozone.container.common.volume.HddsVolume@ef86c72
2019-09-28 01:22:30,176 [main] INFO  volume.HddsVolumeChecker (HddsVolumeChecker.java:checkAllVolumes(202)) - Scheduled health check for volume org.apache.hadoop.ozone.container.common.volume.HddsVolume@ef86c72
2019-09-28 01:22:30,191 [main] INFO  impl.RaftServerProxy (ConfUtils.java:logGet(43)) - raft.rpc.type = GRPC (default)
2019-09-28 01:22:30,191 [main] INFO  grpc.GrpcFactory (GrpcFactory.java:checkPooledByteBufAllocatorUseCacheForAllThreads(45)) - PERFORMANCE WARNING: useCacheForAllThreads is true that may cause Netty to create a lot garbage objects and, as a result, trigger GC.
	It is recommended to disable useCacheForAllThreads by setting -Dorg.apache.ratis.thirdparty.io.netty.allocator.useCacheForAllThreads=false in command line.
2019-09-28 01:22:30,191 [main] INFO  grpc.GrpcConfigKeys$Server (ConfUtils.java:logGet(43)) - raft.grpc.server.port = 0 (default)
2019-09-28 01:22:30,191 [main] INFO  server.GrpcService (ConfUtils.java:logGet(43)) - raft.grpc.message.size.max = 33570816 (custom)
2019-09-28 01:22:30,192 [main] INFO  server.RaftServerConfigKeys (ConfUtils.java:logGet(43)) - raft.server.log.appender.buffer.byte-limit = 33554432 (custom)
2019-09-28 01:22:30,192 [main] INFO  server.GrpcService (ConfUtils.java:logGet(43)) - raft.grpc.flow.control.window = 1MB (=1048576) (default)
2019-09-28 01:22:30,192 [main] INFO  server.RaftServerConfigKeys (ConfUtils.java:logGet(43)) - raft.server.rpc.request.timeout = 3000ms (default)
2019-09-28 01:22:30,192 [main] INFO  server.RaftServerConfigKeys (ConfUtils.java:logGet(43)) - raft.server.storage.dir = [/workdir/hadoop-ozone/integration-test/target/test-dir/MiniOzoneClusterImpl-8eac2880-3418-4680-a8af-a58fbadabff3/datanode-3/data/ratis] (custom)
2019-09-28 01:22:30,193 [main] INFO  hdfs.DFSUtil (DFSUtil.java:httpServerTemplateForNNAndJN(1641)) - Starting Web-server for hddsDatanode at: http://0.0.0.0:0
2019-09-28 01:22:30,195 [main] INFO  server.AuthenticationFilter (AuthenticationFilter.java:constructSecretProvider(240)) - Unable to initialize FileSignerSecretProvider, falling back to use random secrets.
2019-09-28 01:22:30,195 [main] WARN  http.HttpRequestLog (HttpRequestLog.java:getRequestLog(97)) - Jetty request log can only be enabled using Log4j
2019-09-28 01:22:30,196 [main] INFO  http.HttpServer2 (HttpServer2.java:addGlobalFilter(975)) - Added global filter 'safety' (class=org.apache.hadoop.http.HttpServer2$QuotingInputFilter)
2019-09-28 01:22:30,197 [main] INFO  http.HttpServer2 (HttpServer2.java:addFilter(948)) - Added filter static_user_filter (class=org.apache.hadoop.http.lib.StaticUserWebFilter$StaticUserFilter) to context hddsDatanode
2019-09-28 01:22:30,197 [main] INFO  http.HttpServer2 (HttpServer2.java:addFilter(958)) - Added filter static_user_filter (class=org.apache.hadoop.http.lib.StaticUserWebFilter$StaticUserFilter) to context static
2019-09-28 01:22:30,197 [main] INFO  http.HttpServer2 (HttpServer2.java:addFilter(958)) - Added filter static_user_filter (class=org.apache.hadoop.http.lib.StaticUserWebFilter$StaticUserFilter) to context logs
2019-09-28 01:22:30,198 [main] INFO  http.HttpServer2 (HttpServer2.java:bindListener(1191)) - Jetty bound to port 33084
2019-09-28 01:22:30,198 [main] INFO  server.Server (Server.java:doStart(351)) - jetty-9.3.25.v20180904, build timestamp: 2018-09-04T21:11:46Z, git hash: 3ce520221d0240229c862b122d2b06c12a625732
2019-09-28 01:22:30,199 [main] INFO  handler.ContextHandler (ContextHandler.java:doStart(781)) - Started o.e.j.s.ServletContextHandler@6d6cd1e0{/logs,file:///workdir/hadoop-ozone/integration-test/target/log,AVAILABLE}
2019-09-28 01:22:30,200 [main] INFO  handler.ContextHandler (ContextHandler.java:doStart(781)) - Started o.e.j.s.ServletContextHandler@9785903{/static,jar:file:/home/user/.m2/repository/org/apache/hadoop/hadoop-hdds-container-service/0.5.0-SNAPSHOT/hadoop-hdds-container-service-0.5.0-SNAPSHOT.jar!/webapps/static,AVAILABLE}
2019-09-28 01:22:30,227 [main] INFO  handler.ContextHandler (ContextHandler.java:doStart(781)) - Started o.e.j.w.WebAppContext@5f5297e3{/,file:///tmp/jetty-0.0.0.0-33084-hddsDatanode-_-any-7644693145186041396.dir/webapp/,AVAILABLE}{/hddsDatanode}
2019-09-28 01:22:30,227 [main] INFO  server.AbstractConnector (AbstractConnector.java:doStart(278)) - Started ServerConnector@2d22d3b1{HTTP/1.1,[http/1.1]}{0.0.0.0:33084}
2019-09-28 01:22:30,227 [main] INFO  server.Server (Server.java:doStart(419)) - Started @578411ms
2019-09-28 01:22:30,229 [main] WARN  impl.MetricsSystemImpl (MetricsSystemImpl.java:register(276)) - Sink prometheus already exists!
2019-09-28 01:22:30,229 [main] INFO  server.BaseHttpServer (BaseHttpServer.java:updateConnectorAddress(215)) - HTTP server of HDDSDATANODE is listening at http://0.0.0.0:33084
2019-09-28 01:22:30,230 [main] INFO  impl.MetricsSystemImpl (MetricsSystemImpl.java:init(158)) - HddsDatanode metrics system started (again)
2019-09-28 01:22:30,234 [org.apache.hadoop.util.JvmPauseMonitor$Monitor@48db5f26] INFO  util.JvmPauseMonitor (JvmPauseMonitor.java:run(188)) - Starting JVM pause monitor
2019-09-28 01:22:30,235 [main] INFO  ozone.HddsDatanodeService (HddsDatanodeService.java:start(184)) - HddsDatanodeService host:pr-hdds-2162-8g7kw-3348123894 ip:192.168.151.82
2019-09-28 01:22:30,236 [Datanode State Machine Thread - 0] INFO  datanode.InitDatanodeState (InitDatanodeState.java:persistContainerDatanodeDetails(140)) - DatanodeDetails is persisted to /workdir/hadoop-ozone/integration-test/target/test-dir/MiniOzoneClusterImpl-8eac2880-3418-4680-a8af-a58fbadabff3/datanode-3/meta/datanode.id
2019-09-28 01:22:30,242 [main] INFO  volume.HddsVolume (HddsVolume.java:<init>(176)) - Creating Volume: /workdir/hadoop-ozone/integration-test/target/test-dir/MiniOzoneClusterImpl-8eac2880-3418-4680-a8af-a58fbadabff3/datanode-4/data/containers/hdds of  storage type : DISK and capacity : 1482555576320
2019-09-28 01:22:30,242 [main] INFO  volume.VolumeSet (VolumeSet.java:initializeVolumeSet(170)) - Added Volume : /workdir/hadoop-ozone/integration-test/target/test-dir/MiniOzoneClusterImpl-8eac2880-3418-4680-a8af-a58fbadabff3/datanode-4/data/containers/hdds to VolumeSet
2019-09-28 01:22:30,242 [main] INFO  volume.ThrottledAsyncChecker (ThrottledAsyncChecker.java:schedule(139)) - Scheduling a check for org.apache.hadoop.ozone.container.common.volume.HddsVolume@6c07ad6b
2019-09-28 01:22:30,243 [main] INFO  volume.HddsVolumeChecker (HddsVolumeChecker.java:checkAllVolumes(202)) - Scheduled health check for volume org.apache.hadoop.ozone.container.common.volume.HddsVolume@6c07ad6b
2019-09-28 01:22:30,261 [main] INFO  impl.RaftServerProxy (ConfUtils.java:logGet(43)) - raft.rpc.type = GRPC (default)
2019-09-28 01:22:30,261 [main] INFO  grpc.GrpcFactory (GrpcFactory.java:checkPooledByteBufAllocatorUseCacheForAllThreads(45)) - PERFORMANCE WARNING: useCacheForAllThreads is true that may cause Netty to create a lot garbage objects and, as a result, trigger GC.
	It is recommended to disable useCacheForAllThreads by setting -Dorg.apache.ratis.thirdparty.io.netty.allocator.useCacheForAllThreads=false in command line.
2019-09-28 01:22:30,261 [main] INFO  grpc.GrpcConfigKeys$Server (ConfUtils.java:logGet(43)) - raft.grpc.server.port = 0 (default)
2019-09-28 01:22:30,261 [main] INFO  server.GrpcService (ConfUtils.java:logGet(43)) - raft.grpc.message.size.max = 33570816 (custom)
2019-09-28 01:22:30,261 [main] INFO  server.RaftServerConfigKeys (ConfUtils.java:logGet(43)) - raft.server.log.appender.buffer.byte-limit = 33554432 (custom)
2019-09-28 01:22:30,262 [main] INFO  server.GrpcService (ConfUtils.java:logGet(43)) - raft.grpc.flow.control.window = 1MB (=1048576) (default)
2019-09-28 01:22:30,262 [main] INFO  server.RaftServerConfigKeys (ConfUtils.java:logGet(43)) - raft.server.rpc.request.timeout = 3000ms (default)
2019-09-28 01:22:30,262 [main] INFO  server.RaftServerConfigKeys (ConfUtils.java:logGet(43)) - raft.server.storage.dir = [/workdir/hadoop-ozone/integration-test/target/test-dir/MiniOzoneClusterImpl-8eac2880-3418-4680-a8af-a58fbadabff3/datanode-4/data/ratis] (custom)
2019-09-28 01:22:30,263 [main] INFO  hdfs.DFSUtil (DFSUtil.java:httpServerTemplateForNNAndJN(1641)) - Starting Web-server for hddsDatanode at: http://0.0.0.0:0
2019-09-28 01:22:30,264 [main] INFO  server.AuthenticationFilter (AuthenticationFilter.java:constructSecretProvider(240)) - Unable to initialize FileSignerSecretProvider, falling back to use random secrets.
2019-09-28 01:22:30,265 [main] WARN  http.HttpRequestLog (HttpRequestLog.java:getRequestLog(97)) - Jetty request log can only be enabled using Log4j
2019-09-28 01:22:30,266 [main] INFO  http.HttpServer2 (HttpServer2.java:addGlobalFilter(975)) - Added global filter 'safety' (class=org.apache.hadoop.http.HttpServer2$QuotingInputFilter)
2019-09-28 01:22:30,266 [main] INFO  http.HttpServer2 (HttpServer2.java:addFilter(948)) - Added filter static_user_filter (class=org.apache.hadoop.http.lib.StaticUserWebFilter$StaticUserFilter) to context hddsDatanode
2019-09-28 01:22:30,267 [main] INFO  http.HttpServer2 (HttpServer2.java:addFilter(958)) - Added filter static_user_filter (class=org.apache.hadoop.http.lib.StaticUserWebFilter$StaticUserFilter) to context logs
2019-09-28 01:22:30,267 [main] INFO  http.HttpServer2 (HttpServer2.java:addFilter(958)) - Added filter static_user_filter (class=org.apache.hadoop.http.lib.StaticUserWebFilter$StaticUserFilter) to context static
2019-09-28 01:22:30,267 [main] INFO  http.HttpServer2 (HttpServer2.java:bindListener(1191)) - Jetty bound to port 41524
2019-09-28 01:22:30,267 [main] INFO  server.Server (Server.java:doStart(351)) - jetty-9.3.25.v20180904, build timestamp: 2018-09-04T21:11:46Z, git hash: 3ce520221d0240229c862b122d2b06c12a625732
2019-09-28 01:22:30,269 [main] INFO  handler.ContextHandler (ContextHandler.java:doStart(781)) - Started o.e.j.s.ServletContextHandler@77c66a4f{/logs,file:///workdir/hadoop-ozone/integration-test/target/log,AVAILABLE}
2019-09-28 01:22:30,269 [main] INFO  handler.ContextHandler (ContextHandler.java:doStart(781)) - Started o.e.j.s.ServletContextHandler@7a3f08b6{/static,jar:file:/home/user/.m2/repository/org/apache/hadoop/hadoop-hdds-container-service/0.5.0-SNAPSHOT/hadoop-hdds-container-service-0.5.0-SNAPSHOT.jar!/webapps/static,AVAILABLE}
2019-09-28 01:22:30,296 [main] INFO  handler.ContextHandler (ContextHandler.java:doStart(781)) - Started o.e.j.w.WebAppContext@73bb573d{/,file:///tmp/jetty-0.0.0.0-41524-hddsDatanode-_-any-6471673423334854743.dir/webapp/,AVAILABLE}{/hddsDatanode}
2019-09-28 01:22:30,296 [main] INFO  server.AbstractConnector (AbstractConnector.java:doStart(278)) - Started ServerConnector@7ac058a0{HTTP/1.1,[http/1.1]}{0.0.0.0:41524}
2019-09-28 01:22:30,297 [main] INFO  server.Server (Server.java:doStart(419)) - Started @578480ms
2019-09-28 01:22:30,298 [main] WARN  impl.MetricsSystemImpl (MetricsSystemImpl.java:register(276)) - Sink prometheus already exists!
2019-09-28 01:22:30,299 [main] INFO  server.BaseHttpServer (BaseHttpServer.java:updateConnectorAddress(215)) - HTTP server of HDDSDATANODE is listening at http://0.0.0.0:41524
2019-09-28 01:22:30,299 [main] INFO  impl.MetricsSystemImpl (MetricsSystemImpl.java:init(158)) - HddsDatanode metrics system started (again)
2019-09-28 01:22:30,304 [org.apache.hadoop.util.JvmPauseMonitor$Monitor@41fa2c86] INFO  util.JvmPauseMonitor (JvmPauseMonitor.java:run(188)) - Starting JVM pause monitor
2019-09-28 01:22:30,305 [main] INFO  ozone.HddsDatanodeService (HddsDatanodeService.java:start(184)) - HddsDatanodeService host:pr-hdds-2162-8g7kw-3348123894 ip:192.168.151.82
2019-09-28 01:22:30,306 [Datanode State Machine Thread - 0] INFO  datanode.InitDatanodeState (InitDatanodeState.java:persistContainerDatanodeDetails(140)) - DatanodeDetails is persisted to /workdir/hadoop-ozone/integration-test/target/test-dir/MiniOzoneClusterImpl-8eac2880-3418-4680-a8af-a58fbadabff3/datanode-4/meta/datanode.id
2019-09-28 01:22:30,311 [main] INFO  volume.HddsVolume (HddsVolume.java:<init>(176)) - Creating Volume: /workdir/hadoop-ozone/integration-test/target/test-dir/MiniOzoneClusterImpl-8eac2880-3418-4680-a8af-a58fbadabff3/datanode-5/data/containers/hdds of  storage type : DISK and capacity : 1482555576320
2019-09-28 01:22:30,312 [main] INFO  volume.VolumeSet (VolumeSet.java:initializeVolumeSet(170)) - Added Volume : /workdir/hadoop-ozone/integration-test/target/test-dir/MiniOzoneClusterImpl-8eac2880-3418-4680-a8af-a58fbadabff3/datanode-5/data/containers/hdds to VolumeSet
2019-09-28 01:22:30,312 [main] INFO  volume.ThrottledAsyncChecker (ThrottledAsyncChecker.java:schedule(139)) - Scheduling a check for org.apache.hadoop.ozone.container.common.volume.HddsVolume@101330ad
2019-09-28 01:22:30,312 [main] INFO  volume.HddsVolumeChecker (HddsVolumeChecker.java:checkAllVolumes(202)) - Scheduled health check for volume org.apache.hadoop.ozone.container.common.volume.HddsVolume@101330ad
2019-09-28 01:22:30,326 [main] INFO  impl.RaftServerProxy (ConfUtils.java:logGet(43)) - raft.rpc.type = GRPC (default)
2019-09-28 01:22:30,326 [main] INFO  grpc.GrpcFactory (GrpcFactory.java:checkPooledByteBufAllocatorUseCacheForAllThreads(45)) - PERFORMANCE WARNING: useCacheForAllThreads is true that may cause Netty to create a lot garbage objects and, as a result, trigger GC.
	It is recommended to disable useCacheForAllThreads by setting -Dorg.apache.ratis.thirdparty.io.netty.allocator.useCacheForAllThreads=false in command line.
2019-09-28 01:22:30,326 [main] INFO  grpc.GrpcConfigKeys$Server (ConfUtils.java:logGet(43)) - raft.grpc.server.port = 0 (default)
2019-09-28 01:22:30,326 [main] INFO  server.GrpcService (ConfUtils.java:logGet(43)) - raft.grpc.message.size.max = 33570816 (custom)
2019-09-28 01:22:30,327 [main] INFO  server.RaftServerConfigKeys (ConfUtils.java:logGet(43)) - raft.server.log.appender.buffer.byte-limit = 33554432 (custom)
2019-09-28 01:22:30,327 [main] INFO  server.GrpcService (ConfUtils.java:logGet(43)) - raft.grpc.flow.control.window = 1MB (=1048576) (default)
2019-09-28 01:22:30,327 [main] INFO  server.RaftServerConfigKeys (ConfUtils.java:logGet(43)) - raft.server.rpc.request.timeout = 3000ms (default)
2019-09-28 01:22:30,327 [main] INFO  server.RaftServerConfigKeys (ConfUtils.java:logGet(43)) - raft.server.storage.dir = [/workdir/hadoop-ozone/integration-test/target/test-dir/MiniOzoneClusterImpl-8eac2880-3418-4680-a8af-a58fbadabff3/datanode-5/data/ratis] (custom)
2019-09-28 01:22:30,328 [main] INFO  hdfs.DFSUtil (DFSUtil.java:httpServerTemplateForNNAndJN(1641)) - Starting Web-server for hddsDatanode at: http://0.0.0.0:0
2019-09-28 01:22:30,329 [main] INFO  server.AuthenticationFilter (AuthenticationFilter.java:constructSecretProvider(240)) - Unable to initialize FileSignerSecretProvider, falling back to use random secrets.
2019-09-28 01:22:30,330 [main] WARN  http.HttpRequestLog (HttpRequestLog.java:getRequestLog(97)) - Jetty request log can only be enabled using Log4j
2019-09-28 01:22:30,331 [main] INFO  http.HttpServer2 (HttpServer2.java:addGlobalFilter(975)) - Added global filter 'safety' (class=org.apache.hadoop.http.HttpServer2$QuotingInputFilter)
2019-09-28 01:22:30,331 [main] INFO  http.HttpServer2 (HttpServer2.java:addFilter(948)) - Added filter static_user_filter (class=org.apache.hadoop.http.lib.StaticUserWebFilter$StaticUserFilter) to context hddsDatanode
2019-09-28 01:22:30,332 [main] INFO  http.HttpServer2 (HttpServer2.java:addFilter(958)) - Added filter static_user_filter (class=org.apache.hadoop.http.lib.StaticUserWebFilter$StaticUserFilter) to context logs
2019-09-28 01:22:30,332 [main] INFO  http.HttpServer2 (HttpServer2.java:addFilter(958)) - Added filter static_user_filter (class=org.apache.hadoop.http.lib.StaticUserWebFilter$StaticUserFilter) to context static
2019-09-28 01:22:30,332 [main] INFO  http.HttpServer2 (HttpServer2.java:bindListener(1191)) - Jetty bound to port 33548
2019-09-28 01:22:30,332 [main] INFO  server.Server (Server.java:doStart(351)) - jetty-9.3.25.v20180904, build timestamp: 2018-09-04T21:11:46Z, git hash: 3ce520221d0240229c862b122d2b06c12a625732
2019-09-28 01:22:30,334 [main] INFO  handler.ContextHandler (ContextHandler.java:doStart(781)) - Started o.e.j.s.ServletContextHandler@68e5c7ae{/logs,file:///workdir/hadoop-ozone/integration-test/target/log,AVAILABLE}
2019-09-28 01:22:30,334 [main] INFO  handler.ContextHandler (ContextHandler.java:doStart(781)) - Started o.e.j.s.ServletContextHandler@6744707b{/static,jar:file:/home/user/.m2/repository/org/apache/hadoop/hadoop-hdds-container-service/0.5.0-SNAPSHOT/hadoop-hdds-container-service-0.5.0-SNAPSHOT.jar!/webapps/static,AVAILABLE}
2019-09-28 01:22:30,361 [main] INFO  handler.ContextHandler (ContextHandler.java:doStart(781)) - Started o.e.j.w.WebAppContext@6e685e6c{/,file:///tmp/jetty-0.0.0.0-33548-hddsDatanode-_-any-5077973167084443180.dir/webapp/,AVAILABLE}{/hddsDatanode}
2019-09-28 01:22:30,361 [main] INFO  server.AbstractConnector (AbstractConnector.java:doStart(278)) - Started ServerConnector@5b0902b4{HTTP/1.1,[http/1.1]}{0.0.0.0:33548}
2019-09-28 01:22:30,362 [main] INFO  server.Server (Server.java:doStart(419)) - Started @578545ms
2019-09-28 01:22:30,363 [main] WARN  impl.MetricsSystemImpl (MetricsSystemImpl.java:register(276)) - Sink prometheus already exists!
2019-09-28 01:22:30,364 [main] INFO  server.BaseHttpServer (BaseHttpServer.java:updateConnectorAddress(215)) - HTTP server of HDDSDATANODE is listening at http://0.0.0.0:33548
2019-09-28 01:22:30,364 [main] INFO  impl.MetricsSystemImpl (MetricsSystemImpl.java:init(158)) - HddsDatanode metrics system started (again)
2019-09-28 01:22:30,369 [org.apache.hadoop.util.JvmPauseMonitor$Monitor@6a65e61d] INFO  util.JvmPauseMonitor (JvmPauseMonitor.java:run(188)) - Starting JVM pause monitor
2019-09-28 01:22:30,369 [main] INFO  ozone.HddsDatanodeService (HddsDatanodeService.java:start(184)) - HddsDatanodeService host:pr-hdds-2162-8g7kw-3348123894 ip:192.168.151.82
2019-09-28 01:22:30,370 [Datanode State Machine Thread - 0] INFO  datanode.InitDatanodeState (InitDatanodeState.java:persistContainerDatanodeDetails(140)) - DatanodeDetails is persisted to /workdir/hadoop-ozone/integration-test/target/test-dir/MiniOzoneClusterImpl-8eac2880-3418-4680-a8af-a58fbadabff3/datanode-5/meta/datanode.id
2019-09-28 01:22:30,376 [main] INFO  volume.HddsVolume (HddsVolume.java:<init>(176)) - Creating Volume: /workdir/hadoop-ozone/integration-test/target/test-dir/MiniOzoneClusterImpl-8eac2880-3418-4680-a8af-a58fbadabff3/datanode-6/data/containers/hdds of  storage type : DISK and capacity : 1482555576320
2019-09-28 01:22:30,376 [main] INFO  volume.VolumeSet (VolumeSet.java:initializeVolumeSet(170)) - Added Volume : /workdir/hadoop-ozone/integration-test/target/test-dir/MiniOzoneClusterImpl-8eac2880-3418-4680-a8af-a58fbadabff3/datanode-6/data/containers/hdds to VolumeSet
2019-09-28 01:22:30,377 [main] INFO  volume.ThrottledAsyncChecker (ThrottledAsyncChecker.java:schedule(139)) - Scheduling a check for org.apache.hadoop.ozone.container.common.volume.HddsVolume@5d14e99e
2019-09-28 01:22:30,377 [main] INFO  volume.HddsVolumeChecker (HddsVolumeChecker.java:checkAllVolumes(202)) - Scheduled health check for volume org.apache.hadoop.ozone.container.common.volume.HddsVolume@5d14e99e
2019-09-28 01:22:30,391 [main] INFO  impl.RaftServerProxy (ConfUtils.java:logGet(43)) - raft.rpc.type = GRPC (default)
2019-09-28 01:22:30,391 [main] INFO  grpc.GrpcFactory (GrpcFactory.java:checkPooledByteBufAllocatorUseCacheForAllThreads(45)) - PERFORMANCE WARNING: useCacheForAllThreads is true that may cause Netty to create a lot garbage objects and, as a result, trigger GC.
	It is recommended to disable useCacheForAllThreads by setting -Dorg.apache.ratis.thirdparty.io.netty.allocator.useCacheForAllThreads=false in command line.
2019-09-28 01:22:30,391 [main] INFO  grpc.GrpcConfigKeys$Server (ConfUtils.java:logGet(43)) - raft.grpc.server.port = 0 (default)
2019-09-28 01:22:30,392 [main] INFO  server.GrpcService (ConfUtils.java:logGet(43)) - raft.grpc.message.size.max = 33570816 (custom)
2019-09-28 01:22:30,392 [main] INFO  server.RaftServerConfigKeys (ConfUtils.java:logGet(43)) - raft.server.log.appender.buffer.byte-limit = 33554432 (custom)
2019-09-28 01:22:30,392 [main] INFO  server.GrpcService (ConfUtils.java:logGet(43)) - raft.grpc.flow.control.window = 1MB (=1048576) (default)
2019-09-28 01:22:30,392 [main] INFO  server.RaftServerConfigKeys (ConfUtils.java:logGet(43)) - raft.server.rpc.request.timeout = 3000ms (default)
2019-09-28 01:22:30,392 [main] INFO  server.RaftServerConfigKeys (ConfUtils.java:logGet(43)) - raft.server.storage.dir = [/workdir/hadoop-ozone/integration-test/target/test-dir/MiniOzoneClusterImpl-8eac2880-3418-4680-a8af-a58fbadabff3/datanode-6/data/ratis] (custom)
2019-09-28 01:22:30,394 [main] INFO  hdfs.DFSUtil (DFSUtil.java:httpServerTemplateForNNAndJN(1641)) - Starting Web-server for hddsDatanode at: http://0.0.0.0:0
2019-09-28 01:22:30,395 [main] INFO  server.AuthenticationFilter (AuthenticationFilter.java:constructSecretProvider(240)) - Unable to initialize FileSignerSecretProvider, falling back to use random secrets.
2019-09-28 01:22:30,395 [main] WARN  http.HttpRequestLog (HttpRequestLog.java:getRequestLog(97)) - Jetty request log can only be enabled using Log4j
2019-09-28 01:22:30,396 [main] INFO  http.HttpServer2 (HttpServer2.java:addGlobalFilter(975)) - Added global filter 'safety' (class=org.apache.hadoop.http.HttpServer2$QuotingInputFilter)
2019-09-28 01:22:30,397 [main] INFO  http.HttpServer2 (HttpServer2.java:addFilter(948)) - Added filter static_user_filter (class=org.apache.hadoop.http.lib.StaticUserWebFilter$StaticUserFilter) to context hddsDatanode
2019-09-28 01:22:30,397 [main] INFO  http.HttpServer2 (HttpServer2.java:addFilter(958)) - Added filter static_user_filter (class=org.apache.hadoop.http.lib.StaticUserWebFilter$StaticUserFilter) to context static
2019-09-28 01:22:30,397 [main] INFO  http.HttpServer2 (HttpServer2.java:addFilter(958)) - Added filter static_user_filter (class=org.apache.hadoop.http.lib.StaticUserWebFilter$StaticUserFilter) to context logs
2019-09-28 01:22:30,398 [main] INFO  http.HttpServer2 (HttpServer2.java:bindListener(1191)) - Jetty bound to port 40532
2019-09-28 01:22:30,398 [main] INFO  server.Server (Server.java:doStart(351)) - jetty-9.3.25.v20180904, build timestamp: 2018-09-04T21:11:46Z, git hash: 3ce520221d0240229c862b122d2b06c12a625732
2019-09-28 01:22:30,399 [main] INFO  handler.ContextHandler (ContextHandler.java:doStart(781)) - Started o.e.j.s.ServletContextHandler@782fd504{/logs,file:///workdir/hadoop-ozone/integration-test/target/log,AVAILABLE}
2019-09-28 01:22:30,400 [main] INFO  handler.ContextHandler (ContextHandler.java:doStart(781)) - Started o.e.j.s.ServletContextHandler@37314843{/static,jar:file:/home/user/.m2/repository/org/apache/hadoop/hadoop-hdds-container-service/0.5.0-SNAPSHOT/hadoop-hdds-container-service-0.5.0-SNAPSHOT.jar!/webapps/static,AVAILABLE}
2019-09-28 01:22:30,426 [main] INFO  handler.ContextHandler (ContextHandler.java:doStart(781)) - Started o.e.j.w.WebAppContext@2aa5bd48{/,file:///tmp/jetty-0.0.0.0-40532-hddsDatanode-_-any-3075220810153247473.dir/webapp/,AVAILABLE}{/hddsDatanode}
2019-09-28 01:22:30,427 [main] INFO  server.AbstractConnector (AbstractConnector.java:doStart(278)) - Started ServerConnector@7cfb8e98{HTTP/1.1,[http/1.1]}{0.0.0.0:40532}
2019-09-28 01:22:30,427 [main] INFO  server.Server (Server.java:doStart(419)) - Started @578611ms
2019-09-28 01:22:30,428 [main] WARN  impl.MetricsSystemImpl (MetricsSystemImpl.java:register(276)) - Sink prometheus already exists!
2019-09-28 01:22:30,429 [main] INFO  server.BaseHttpServer (BaseHttpServer.java:updateConnectorAddress(215)) - HTTP server of HDDSDATANODE is listening at http://0.0.0.0:40532
2019-09-28 01:22:30,429 [main] INFO  impl.MetricsSystemImpl (MetricsSystemImpl.java:init(158)) - HddsDatanode metrics system started (again)
2019-09-28 01:22:30,435 [org.apache.hadoop.util.JvmPauseMonitor$Monitor@4ebab3d7] INFO  util.JvmPauseMonitor (JvmPauseMonitor.java:run(188)) - Starting JVM pause monitor
2019-09-28 01:22:30,435 [main] INFO  ozone.HddsDatanodeService (HddsDatanodeService.java:start(184)) - HddsDatanodeService host:pr-hdds-2162-8g7kw-3348123894 ip:192.168.151.82
2019-09-28 01:22:30,436 [Datanode State Machine Thread - 0] INFO  datanode.InitDatanodeState (InitDatanodeState.java:persistContainerDatanodeDetails(140)) - DatanodeDetails is persisted to /workdir/hadoop-ozone/integration-test/target/test-dir/MiniOzoneClusterImpl-8eac2880-3418-4680-a8af-a58fbadabff3/datanode-6/meta/datanode.id
2019-09-28 01:22:30,443 [main] INFO  volume.HddsVolume (HddsVolume.java:<init>(176)) - Creating Volume: /workdir/hadoop-ozone/integration-test/target/test-dir/MiniOzoneClusterImpl-8eac2880-3418-4680-a8af-a58fbadabff3/datanode-7/data/containers/hdds of  storage type : DISK and capacity : 1482555576320
2019-09-28 01:22:30,443 [main] INFO  volume.VolumeSet (VolumeSet.java:initializeVolumeSet(170)) - Added Volume : /workdir/hadoop-ozone/integration-test/target/test-dir/MiniOzoneClusterImpl-8eac2880-3418-4680-a8af-a58fbadabff3/datanode-7/data/containers/hdds to VolumeSet
2019-09-28 01:22:30,443 [main] INFO  volume.ThrottledAsyncChecker (ThrottledAsyncChecker.java:schedule(139)) - Scheduling a check for org.apache.hadoop.ozone.container.common.volume.HddsVolume@1d60059f
2019-09-28 01:22:30,444 [main] INFO  volume.HddsVolumeChecker (HddsVolumeChecker.java:checkAllVolumes(202)) - Scheduled health check for volume org.apache.hadoop.ozone.container.common.volume.HddsVolume@1d60059f
2019-09-28 01:22:30,458 [main] INFO  impl.RaftServerProxy (ConfUtils.java:logGet(43)) - raft.rpc.type = GRPC (default)
2019-09-28 01:22:30,458 [main] INFO  grpc.GrpcFactory (GrpcFactory.java:checkPooledByteBufAllocatorUseCacheForAllThreads(45)) - PERFORMANCE WARNING: useCacheForAllThreads is true that may cause Netty to create a lot garbage objects and, as a result, trigger GC.
	It is recommended to disable useCacheForAllThreads by setting -Dorg.apache.ratis.thirdparty.io.netty.allocator.useCacheForAllThreads=false in command line.
2019-09-28 01:22:30,458 [main] INFO  grpc.GrpcConfigKeys$Server (ConfUtils.java:logGet(43)) - raft.grpc.server.port = 0 (default)
2019-09-28 01:22:30,459 [main] INFO  server.GrpcService (ConfUtils.java:logGet(43)) - raft.grpc.message.size.max = 33570816 (custom)
2019-09-28 01:22:30,459 [main] INFO  server.RaftServerConfigKeys (ConfUtils.java:logGet(43)) - raft.server.log.appender.buffer.byte-limit = 33554432 (custom)
2019-09-28 01:22:30,459 [main] INFO  server.GrpcService (ConfUtils.java:logGet(43)) - raft.grpc.flow.control.window = 1MB (=1048576) (default)
2019-09-28 01:22:30,459 [main] INFO  server.RaftServerConfigKeys (ConfUtils.java:logGet(43)) - raft.server.rpc.request.timeout = 3000ms (default)
2019-09-28 01:22:30,460 [main] INFO  server.RaftServerConfigKeys (ConfUtils.java:logGet(43)) - raft.server.storage.dir = [/workdir/hadoop-ozone/integration-test/target/test-dir/MiniOzoneClusterImpl-8eac2880-3418-4680-a8af-a58fbadabff3/datanode-7/data/ratis] (custom)
2019-09-28 01:22:30,461 [main] INFO  hdfs.DFSUtil (DFSUtil.java:httpServerTemplateForNNAndJN(1641)) - Starting Web-server for hddsDatanode at: http://0.0.0.0:0
2019-09-28 01:22:30,462 [main] INFO  server.AuthenticationFilter (AuthenticationFilter.java:constructSecretProvider(240)) - Unable to initialize FileSignerSecretProvider, falling back to use random secrets.
2019-09-28 01:22:30,462 [main] WARN  http.HttpRequestLog (HttpRequestLog.java:getRequestLog(97)) - Jetty request log can only be enabled using Log4j
2019-09-28 01:22:30,463 [main] INFO  http.HttpServer2 (HttpServer2.java:addGlobalFilter(975)) - Added global filter 'safety' (class=org.apache.hadoop.http.HttpServer2$QuotingInputFilter)
2019-09-28 01:22:30,464 [main] INFO  http.HttpServer2 (HttpServer2.java:addFilter(948)) - Added filter static_user_filter (class=org.apache.hadoop.http.lib.StaticUserWebFilter$StaticUserFilter) to context hddsDatanode
2019-09-28 01:22:30,464 [main] INFO  http.HttpServer2 (HttpServer2.java:addFilter(958)) - Added filter static_user_filter (class=org.apache.hadoop.http.lib.StaticUserWebFilter$StaticUserFilter) to context logs
2019-09-28 01:22:30,464 [main] INFO  http.HttpServer2 (HttpServer2.java:addFilter(958)) - Added filter static_user_filter (class=org.apache.hadoop.http.lib.StaticUserWebFilter$StaticUserFilter) to context static
2019-09-28 01:22:30,464 [main] INFO  http.HttpServer2 (HttpServer2.java:bindListener(1191)) - Jetty bound to port 34449
2019-09-28 01:22:30,465 [main] INFO  server.Server (Server.java:doStart(351)) - jetty-9.3.25.v20180904, build timestamp: 2018-09-04T21:11:46Z, git hash: 3ce520221d0240229c862b122d2b06c12a625732
2019-09-28 01:22:30,466 [main] INFO  handler.ContextHandler (ContextHandler.java:doStart(781)) - Started o.e.j.s.ServletContextHandler@6ef4cbe1{/logs,file:///workdir/hadoop-ozone/integration-test/target/log,AVAILABLE}
2019-09-28 01:22:30,466 [main] INFO  handler.ContextHandler (ContextHandler.java:doStart(781)) - Started o.e.j.s.ServletContextHandler@2baac4a7{/static,jar:file:/home/user/.m2/repository/org/apache/hadoop/hadoop-hdds-container-service/0.5.0-SNAPSHOT/hadoop-hdds-container-service-0.5.0-SNAPSHOT.jar!/webapps/static,AVAILABLE}
2019-09-28 01:22:30,493 [main] INFO  handler.ContextHandler (ContextHandler.java:doStart(781)) - Started o.e.j.w.WebAppContext@2b7facc7{/,file:///tmp/jetty-0.0.0.0-34449-hddsDatanode-_-any-504286818499374072.dir/webapp/,AVAILABLE}{/hddsDatanode}
2019-09-28 01:22:30,493 [main] INFO  server.AbstractConnector (AbstractConnector.java:doStart(278)) - Started ServerConnector@1c74d19{HTTP/1.1,[http/1.1]}{0.0.0.0:34449}
2019-09-28 01:22:30,493 [main] INFO  server.Server (Server.java:doStart(419)) - Started @578677ms
2019-09-28 01:22:30,495 [main] WARN  impl.MetricsSystemImpl (MetricsSystemImpl.java:register(276)) - Sink prometheus already exists!
2019-09-28 01:22:30,496 [main] INFO  server.BaseHttpServer (BaseHttpServer.java:updateConnectorAddress(215)) - HTTP server of HDDSDATANODE is listening at http://0.0.0.0:34449
2019-09-28 01:22:30,496 [main] INFO  impl.MetricsSystemImpl (MetricsSystemImpl.java:init(158)) - HddsDatanode metrics system started (again)
2019-09-28 01:22:30,502 [org.apache.hadoop.util.JvmPauseMonitor$Monitor@32ac31c] INFO  util.JvmPauseMonitor (JvmPauseMonitor.java:run(188)) - Starting JVM pause monitor
2019-09-28 01:22:30,503 [main] INFO  ozone.HddsDatanodeService (HddsDatanodeService.java:start(184)) - HddsDatanodeService host:pr-hdds-2162-8g7kw-3348123894 ip:192.168.151.82
2019-09-28 01:22:30,504 [Datanode State Machine Thread - 0] INFO  datanode.InitDatanodeState (InitDatanodeState.java:persistContainerDatanodeDetails(140)) - DatanodeDetails is persisted to /workdir/hadoop-ozone/integration-test/target/test-dir/MiniOzoneClusterImpl-8eac2880-3418-4680-a8af-a58fbadabff3/datanode-7/meta/datanode.id
2019-09-28 01:22:30,510 [main] INFO  volume.HddsVolume (HddsVolume.java:<init>(176)) - Creating Volume: /workdir/hadoop-ozone/integration-test/target/test-dir/MiniOzoneClusterImpl-8eac2880-3418-4680-a8af-a58fbadabff3/datanode-8/data/containers/hdds of  storage type : DISK and capacity : 1482555576320
2019-09-28 01:22:30,510 [main] INFO  volume.VolumeSet (VolumeSet.java:initializeVolumeSet(170)) - Added Volume : /workdir/hadoop-ozone/integration-test/target/test-dir/MiniOzoneClusterImpl-8eac2880-3418-4680-a8af-a58fbadabff3/datanode-8/data/containers/hdds to VolumeSet
2019-09-28 01:22:30,510 [main] INFO  volume.ThrottledAsyncChecker (ThrottledAsyncChecker.java:schedule(139)) - Scheduling a check for org.apache.hadoop.ozone.container.common.volume.HddsVolume@164d01ba
2019-09-28 01:22:30,511 [main] INFO  volume.HddsVolumeChecker (HddsVolumeChecker.java:checkAllVolumes(202)) - Scheduled health check for volume org.apache.hadoop.ozone.container.common.volume.HddsVolume@164d01ba
2019-09-28 01:22:30,525 [main] INFO  impl.RaftServerProxy (ConfUtils.java:logGet(43)) - raft.rpc.type = GRPC (default)
2019-09-28 01:22:30,525 [main] INFO  grpc.GrpcFactory (GrpcFactory.java:checkPooledByteBufAllocatorUseCacheForAllThreads(45)) - PERFORMANCE WARNING: useCacheForAllThreads is true that may cause Netty to create a lot garbage objects and, as a result, trigger GC.
	It is recommended to disable useCacheForAllThreads by setting -Dorg.apache.ratis.thirdparty.io.netty.allocator.useCacheForAllThreads=false in command line.
2019-09-28 01:22:30,526 [main] INFO  grpc.GrpcConfigKeys$Server (ConfUtils.java:logGet(43)) - raft.grpc.server.port = 0 (default)
2019-09-28 01:22:30,526 [main] INFO  server.GrpcService (ConfUtils.java:logGet(43)) - raft.grpc.message.size.max = 33570816 (custom)
2019-09-28 01:22:30,526 [main] INFO  server.RaftServerConfigKeys (ConfUtils.java:logGet(43)) - raft.server.log.appender.buffer.byte-limit = 33554432 (custom)
2019-09-28 01:22:30,526 [main] INFO  server.GrpcService (ConfUtils.java:logGet(43)) - raft.grpc.flow.control.window = 1MB (=1048576) (default)
2019-09-28 01:22:30,526 [main] INFO  server.RaftServerConfigKeys (ConfUtils.java:logGet(43)) - raft.server.rpc.request.timeout = 3000ms (default)
2019-09-28 01:22:30,527 [main] INFO  server.RaftServerConfigKeys (ConfUtils.java:logGet(43)) - raft.server.storage.dir = [/workdir/hadoop-ozone/integration-test/target/test-dir/MiniOzoneClusterImpl-8eac2880-3418-4680-a8af-a58fbadabff3/datanode-8/data/ratis] (custom)
2019-09-28 01:22:30,528 [main] INFO  hdfs.DFSUtil (DFSUtil.java:httpServerTemplateForNNAndJN(1641)) - Starting Web-server for hddsDatanode at: http://0.0.0.0:0
2019-09-28 01:22:30,529 [main] INFO  server.AuthenticationFilter (AuthenticationFilter.java:constructSecretProvider(240)) - Unable to initialize FileSignerSecretProvider, falling back to use random secrets.
2019-09-28 01:22:30,529 [main] WARN  http.HttpRequestLog (HttpRequestLog.java:getRequestLog(97)) - Jetty request log can only be enabled using Log4j
2019-09-28 01:22:30,530 [main] INFO  http.HttpServer2 (HttpServer2.java:addGlobalFilter(975)) - Added global filter 'safety' (class=org.apache.hadoop.http.HttpServer2$QuotingInputFilter)
2019-09-28 01:22:30,530 [main] INFO  http.HttpServer2 (HttpServer2.java:addFilter(948)) - Added filter static_user_filter (class=org.apache.hadoop.http.lib.StaticUserWebFilter$StaticUserFilter) to context hddsDatanode
2019-09-28 01:22:30,531 [main] INFO  http.HttpServer2 (HttpServer2.java:addFilter(958)) - Added filter static_user_filter (class=org.apache.hadoop.http.lib.StaticUserWebFilter$StaticUserFilter) to context logs
2019-09-28 01:22:30,531 [main] INFO  http.HttpServer2 (HttpServer2.java:addFilter(958)) - Added filter static_user_filter (class=org.apache.hadoop.http.lib.StaticUserWebFilter$StaticUserFilter) to context static
2019-09-28 01:22:30,531 [main] INFO  http.HttpServer2 (HttpServer2.java:bindListener(1191)) - Jetty bound to port 39067
2019-09-28 01:22:30,531 [main] INFO  server.Server (Server.java:doStart(351)) - jetty-9.3.25.v20180904, build timestamp: 2018-09-04T21:11:46Z, git hash: 3ce520221d0240229c862b122d2b06c12a625732
2019-09-28 01:22:30,533 [main] INFO  handler.ContextHandler (ContextHandler.java:doStart(781)) - Started o.e.j.s.ServletContextHandler@2e362407{/logs,file:///workdir/hadoop-ozone/integration-test/target/log,AVAILABLE}
2019-09-28 01:22:30,533 [main] INFO  handler.ContextHandler (ContextHandler.java:doStart(781)) - Started o.e.j.s.ServletContextHandler@440ef8d{/static,jar:file:/home/user/.m2/repository/org/apache/hadoop/hadoop-hdds-container-service/0.5.0-SNAPSHOT/hadoop-hdds-container-service-0.5.0-SNAPSHOT.jar!/webapps/static,AVAILABLE}
2019-09-28 01:22:30,560 [main] INFO  handler.ContextHandler (ContextHandler.java:doStart(781)) - Started o.e.j.w.WebAppContext@693f2213{/,file:///tmp/jetty-0.0.0.0-39067-hddsDatanode-_-any-5442623128825205955.dir/webapp/,AVAILABLE}{/hddsDatanode}
2019-09-28 01:22:30,560 [main] INFO  server.AbstractConnector (AbstractConnector.java:doStart(278)) - Started ServerConnector@514377fc{HTTP/1.1,[http/1.1]}{0.0.0.0:39067}
2019-09-28 01:22:30,560 [main] INFO  server.Server (Server.java:doStart(419)) - Started @578744ms
2019-09-28 01:22:30,562 [main] WARN  impl.MetricsSystemImpl (MetricsSystemImpl.java:register(276)) - Sink prometheus already exists!
2019-09-28 01:22:30,563 [main] INFO  server.BaseHttpServer (BaseHttpServer.java:updateConnectorAddress(215)) - HTTP server of HDDSDATANODE is listening at http://0.0.0.0:39067
2019-09-28 01:22:30,563 [main] INFO  impl.MetricsSystemImpl (MetricsSystemImpl.java:init(158)) - HddsDatanode metrics system started (again)
2019-09-28 01:22:30,569 [org.apache.hadoop.util.JvmPauseMonitor$Monitor@76e67783] INFO  util.JvmPauseMonitor (JvmPauseMonitor.java:run(188)) - Starting JVM pause monitor
2019-09-28 01:22:30,570 [main] INFO  ozone.HddsDatanodeService (HddsDatanodeService.java:start(184)) - HddsDatanodeService host:pr-hdds-2162-8g7kw-3348123894 ip:192.168.151.82
2019-09-28 01:22:30,571 [Datanode State Machine Thread - 0] INFO  datanode.InitDatanodeState (InitDatanodeState.java:persistContainerDatanodeDetails(140)) - DatanodeDetails is persisted to /workdir/hadoop-ozone/integration-test/target/test-dir/MiniOzoneClusterImpl-8eac2880-3418-4680-a8af-a58fbadabff3/datanode-8/meta/datanode.id
2019-09-28 01:22:30,577 [main] INFO  volume.HddsVolume (HddsVolume.java:<init>(176)) - Creating Volume: /workdir/hadoop-ozone/integration-test/target/test-dir/MiniOzoneClusterImpl-8eac2880-3418-4680-a8af-a58fbadabff3/datanode-9/data/containers/hdds of  storage type : DISK and capacity : 1482555576320
2019-09-28 01:22:30,578 [main] INFO  volume.VolumeSet (VolumeSet.java:initializeVolumeSet(170)) - Added Volume : /workdir/hadoop-ozone/integration-test/target/test-dir/MiniOzoneClusterImpl-8eac2880-3418-4680-a8af-a58fbadabff3/datanode-9/data/containers/hdds to VolumeSet
2019-09-28 01:22:30,578 [main] INFO  volume.ThrottledAsyncChecker (ThrottledAsyncChecker.java:schedule(139)) - Scheduling a check for org.apache.hadoop.ozone.container.common.volume.HddsVolume@59b492ec
2019-09-28 01:22:30,578 [main] INFO  volume.HddsVolumeChecker (HddsVolumeChecker.java:checkAllVolumes(202)) - Scheduled health check for volume org.apache.hadoop.ozone.container.common.volume.HddsVolume@59b492ec
2019-09-28 01:22:30,593 [main] INFO  impl.RaftServerProxy (ConfUtils.java:logGet(43)) - raft.rpc.type = GRPC (default)
2019-09-28 01:22:30,593 [main] INFO  grpc.GrpcFactory (GrpcFactory.java:checkPooledByteBufAllocatorUseCacheForAllThreads(45)) - PERFORMANCE WARNING: useCacheForAllThreads is true that may cause Netty to create a lot garbage objects and, as a result, trigger GC.
	It is recommended to disable useCacheForAllThreads by setting -Dorg.apache.ratis.thirdparty.io.netty.allocator.useCacheForAllThreads=false in command line.
2019-09-28 01:22:30,594 [main] INFO  grpc.GrpcConfigKeys$Server (ConfUtils.java:logGet(43)) - raft.grpc.server.port = 0 (default)
2019-09-28 01:22:30,594 [main] INFO  server.GrpcService (ConfUtils.java:logGet(43)) - raft.grpc.message.size.max = 33570816 (custom)
2019-09-28 01:22:30,594 [main] INFO  server.RaftServerConfigKeys (ConfUtils.java:logGet(43)) - raft.server.log.appender.buffer.byte-limit = 33554432 (custom)
2019-09-28 01:22:30,594 [main] INFO  server.GrpcService (ConfUtils.java:logGet(43)) - raft.grpc.flow.control.window = 1MB (=1048576) (default)
2019-09-28 01:22:30,594 [main] INFO  server.RaftServerConfigKeys (ConfUtils.java:logGet(43)) - raft.server.rpc.request.timeout = 3000ms (default)
2019-09-28 01:22:30,595 [main] INFO  server.RaftServerConfigKeys (ConfUtils.java:logGet(43)) - raft.server.storage.dir = [/workdir/hadoop-ozone/integration-test/target/test-dir/MiniOzoneClusterImpl-8eac2880-3418-4680-a8af-a58fbadabff3/datanode-9/data/ratis] (custom)
2019-09-28 01:22:30,596 [main] INFO  hdfs.DFSUtil (DFSUtil.java:httpServerTemplateForNNAndJN(1641)) - Starting Web-server for hddsDatanode at: http://0.0.0.0:0
2019-09-28 01:22:30,597 [main] INFO  server.AuthenticationFilter (AuthenticationFilter.java:constructSecretProvider(240)) - Unable to initialize FileSignerSecretProvider, falling back to use random secrets.
2019-09-28 01:22:30,597 [main] WARN  http.HttpRequestLog (HttpRequestLog.java:getRequestLog(97)) - Jetty request log can only be enabled using Log4j
2019-09-28 01:22:30,598 [main] INFO  http.HttpServer2 (HttpServer2.java:addGlobalFilter(975)) - Added global filter 'safety' (class=org.apache.hadoop.http.HttpServer2$QuotingInputFilter)
2019-09-28 01:22:30,599 [main] INFO  http.HttpServer2 (HttpServer2.java:addFilter(948)) - Added filter static_user_filter (class=org.apache.hadoop.http.lib.StaticUserWebFilter$StaticUserFilter) to context hddsDatanode
2019-09-28 01:22:30,599 [main] INFO  http.HttpServer2 (HttpServer2.java:addFilter(958)) - Added filter static_user_filter (class=org.apache.hadoop.http.lib.StaticUserWebFilter$StaticUserFilter) to context static
2019-09-28 01:22:30,599 [main] INFO  http.HttpServer2 (HttpServer2.java:addFilter(958)) - Added filter static_user_filter (class=org.apache.hadoop.http.lib.StaticUserWebFilter$StaticUserFilter) to context logs
2019-09-28 01:22:30,599 [main] INFO  http.HttpServer2 (HttpServer2.java:bindListener(1191)) - Jetty bound to port 33869
2019-09-28 01:22:30,600 [main] INFO  server.Server (Server.java:doStart(351)) - jetty-9.3.25.v20180904, build timestamp: 2018-09-04T21:11:46Z, git hash: 3ce520221d0240229c862b122d2b06c12a625732
2019-09-28 01:22:30,601 [main] INFO  handler.ContextHandler (ContextHandler.java:doStart(781)) - Started o.e.j.s.ServletContextHandler@4f5c30b1{/logs,file:///workdir/hadoop-ozone/integration-test/target/log,AVAILABLE}
2019-09-28 01:22:30,602 [main] INFO  handler.ContextHandler (ContextHandler.java:doStart(781)) - Started o.e.j.s.ServletContextHandler@5d7f8467{/static,jar:file:/home/user/.m2/repository/org/apache/hadoop/hadoop-hdds-container-service/0.5.0-SNAPSHOT/hadoop-hdds-container-service-0.5.0-SNAPSHOT.jar!/webapps/static,AVAILABLE}
2019-09-28 01:22:30,629 [main] INFO  handler.ContextHandler (ContextHandler.java:doStart(781)) - Started o.e.j.w.WebAppContext@661e1399{/,file:///tmp/jetty-0.0.0.0-33869-hddsDatanode-_-any-4274016304990649373.dir/webapp/,AVAILABLE}{/hddsDatanode}
2019-09-28 01:22:30,629 [main] INFO  server.AbstractConnector (AbstractConnector.java:doStart(278)) - Started ServerConnector@3ffd4b12{HTTP/1.1,[http/1.1]}{0.0.0.0:33869}
2019-09-28 01:22:30,629 [main] INFO  server.Server (Server.java:doStart(419)) - Started @578813ms
2019-09-28 01:22:30,631 [main] WARN  impl.MetricsSystemImpl (MetricsSystemImpl.java:register(276)) - Sink prometheus already exists!
2019-09-28 01:22:30,632 [main] INFO  server.BaseHttpServer (BaseHttpServer.java:updateConnectorAddress(215)) - HTTP server of HDDSDATANODE is listening at http://0.0.0.0:33869
2019-09-28 01:22:30,632 [main] INFO  ozone.MiniOzoneClusterImpl (MiniOzoneClusterImpl.java:lambda$waitForClusterToBeReady$0(147)) - Waiting for cluster to be ready. Got 0 of 10 DN Heartbeats.
2019-09-28 01:22:30,633 [org.apache.hadoop.util.JvmPauseMonitor$Monitor@1da96fcd] INFO  util.JvmPauseMonitor (JvmPauseMonitor.java:run(188)) - Starting JVM pause monitor
2019-09-28 01:22:30,635 [Datanode State Machine Thread - 0] INFO  datanode.InitDatanodeState (InitDatanodeState.java:persistContainerDatanodeDetails(140)) - DatanodeDetails is persisted to /workdir/hadoop-ozone/integration-test/target/test-dir/MiniOzoneClusterImpl-8eac2880-3418-4680-a8af-a58fbadabff3/datanode-9/meta/datanode.id
2019-09-28 01:22:31,634 [main] INFO  ozone.MiniOzoneClusterImpl (MiniOzoneClusterImpl.java:lambda$waitForClusterToBeReady$0(147)) - Waiting for cluster to be ready. Got 0 of 10 DN Heartbeats.
2019-09-28 01:22:32,085 [Datanode State Machine Thread - 0] INFO  ozoneimpl.OzoneContainer (OzoneContainer.java:start(217)) - Attempting to start container services.
2019-09-28 01:22:32,085 [Datanode State Machine Thread - 0] INFO  ozoneimpl.OzoneContainer (OzoneContainer.java:startContainerScrub(179)) - Background container scanner has been disabled.
2019-09-28 01:22:32,085 [Datanode State Machine Thread - 0] INFO  ratis.XceiverServerRatis (XceiverServerRatis.java:start(411)) - Starting XceiverServerRatis 7b598199-e261-45fb-863c-a2bd9def5848 at port 0
2019-09-28 01:22:32,094 [Datanode State Machine Thread - 0] INFO  impl.RaftServerProxy (RaftServerProxy.java:lambda$start$3(299)) - 7b598199-e261-45fb-863c-a2bd9def5848: start RPC server
2019-09-28 01:22:32,097 [Datanode State Machine Thread - 0] INFO  server.GrpcService (GrpcService.java:startImpl(158)) - 7b598199-e261-45fb-863c-a2bd9def5848: GrpcService started, listening on 0.0.0.0/0.0.0.0:34969
2019-09-28 01:22:32,097 [Datanode State Machine Thread - 0] INFO  ratis.XceiverServerRatis (XceiverServerRatis.java:start(421)) - XceiverServerRatis 7b598199-e261-45fb-863c-a2bd9def5848 is started using port 34969
2019-09-28 01:22:32,099 [Datanode State Machine Thread - 0] INFO  server.XceiverServerGrpc (XceiverServerGrpc.java:start(149)) - XceiverServerGrpc 7b598199-e261-45fb-863c-a2bd9def5848 is started using port 38940
2019-09-28 01:22:32,119 [Datanode State Machine Thread - 0] INFO  ozoneimpl.OzoneContainer (OzoneContainer.java:start(217)) - Attempting to start container services.
2019-09-28 01:22:32,120 [Datanode State Machine Thread - 0] INFO  ozoneimpl.OzoneContainer (OzoneContainer.java:startContainerScrub(179)) - Background container scanner has been disabled.
2019-09-28 01:22:32,120 [Datanode State Machine Thread - 0] INFO  ratis.XceiverServerRatis (XceiverServerRatis.java:start(411)) - Starting XceiverServerRatis 32aad283-0bae-446a-b552-a3e6965a6bb8 at port 0
2019-09-28 01:22:32,128 [Datanode State Machine Thread - 0] INFO  impl.RaftServerProxy (RaftServerProxy.java:lambda$start$3(299)) - 32aad283-0bae-446a-b552-a3e6965a6bb8: start RPC server
2019-09-28 01:22:32,129 [Datanode State Machine Thread - 0] INFO  server.GrpcService (GrpcService.java:startImpl(158)) - 32aad283-0bae-446a-b552-a3e6965a6bb8: GrpcService started, listening on 0.0.0.0/0.0.0.0:38303
2019-09-28 01:22:32,129 [Datanode State Machine Thread - 0] INFO  ratis.XceiverServerRatis (XceiverServerRatis.java:start(421)) - XceiverServerRatis 32aad283-0bae-446a-b552-a3e6965a6bb8 is started using port 38303
2019-09-28 01:22:32,130 [Datanode State Machine Thread - 0] INFO  server.XceiverServerGrpc (XceiverServerGrpc.java:start(149)) - XceiverServerGrpc 32aad283-0bae-446a-b552-a3e6965a6bb8 is started using port 41853
2019-09-28 01:22:32,182 [Datanode State Machine Thread - 0] INFO  ozoneimpl.OzoneContainer (OzoneContainer.java:start(217)) - Attempting to start container services.
2019-09-28 01:22:32,182 [Datanode State Machine Thread - 0] INFO  ozoneimpl.OzoneContainer (OzoneContainer.java:startContainerScrub(179)) - Background container scanner has been disabled.
2019-09-28 01:22:32,182 [Datanode State Machine Thread - 0] INFO  ratis.XceiverServerRatis (XceiverServerRatis.java:start(411)) - Starting XceiverServerRatis 9acdd203-51d1-41ee-852c-319134721574 at port 0
2019-09-28 01:22:32,190 [Datanode State Machine Thread - 0] INFO  impl.RaftServerProxy (RaftServerProxy.java:lambda$start$3(299)) - 9acdd203-51d1-41ee-852c-319134721574: start RPC server
2019-09-28 01:22:32,193 [Datanode State Machine Thread - 0] INFO  server.GrpcService (GrpcService.java:startImpl(158)) - 9acdd203-51d1-41ee-852c-319134721574: GrpcService started, listening on 0.0.0.0/0.0.0.0:45911
2019-09-28 01:22:32,193 [Datanode State Machine Thread - 0] INFO  ratis.XceiverServerRatis (XceiverServerRatis.java:start(421)) - XceiverServerRatis 9acdd203-51d1-41ee-852c-319134721574 is started using port 45911
2019-09-28 01:22:32,194 [Datanode State Machine Thread - 0] INFO  server.XceiverServerGrpc (XceiverServerGrpc.java:start(149)) - XceiverServerGrpc 9acdd203-51d1-41ee-852c-319134721574 is started using port 43297
2019-09-28 01:22:32,248 [Datanode State Machine Thread - 0] INFO  ozoneimpl.OzoneContainer (OzoneContainer.java:start(217)) - Attempting to start container services.
2019-09-28 01:22:32,249 [Datanode State Machine Thread - 0] INFO  ozoneimpl.OzoneContainer (OzoneContainer.java:startContainerScrub(179)) - Background container scanner has been disabled.
2019-09-28 01:22:32,249 [Datanode State Machine Thread - 0] INFO  ratis.XceiverServerRatis (XceiverServerRatis.java:start(411)) - Starting XceiverServerRatis 56ead053-3964-44ed-9670-c8ae4c2fbfaa at port 0
2019-09-28 01:22:32,257 [Datanode State Machine Thread - 0] INFO  impl.RaftServerProxy (RaftServerProxy.java:lambda$start$3(299)) - 56ead053-3964-44ed-9670-c8ae4c2fbfaa: start RPC server
2019-09-28 01:22:32,260 [Datanode State Machine Thread - 0] INFO  server.GrpcService (GrpcService.java:startImpl(158)) - 56ead053-3964-44ed-9670-c8ae4c2fbfaa: GrpcService started, listening on 0.0.0.0/0.0.0.0:41964
2019-09-28 01:22:32,260 [Datanode State Machine Thread - 0] INFO  ratis.XceiverServerRatis (XceiverServerRatis.java:start(421)) - XceiverServerRatis 56ead053-3964-44ed-9670-c8ae4c2fbfaa is started using port 41964
2019-09-28 01:22:32,260 [Datanode State Machine Thread - 0] INFO  server.XceiverServerGrpc (XceiverServerGrpc.java:start(149)) - XceiverServerGrpc 56ead053-3964-44ed-9670-c8ae4c2fbfaa is started using port 43762
2019-09-28 01:22:32,318 [Datanode State Machine Thread - 0] INFO  ozoneimpl.OzoneContainer (OzoneContainer.java:start(217)) - Attempting to start container services.
2019-09-28 01:22:32,318 [Datanode State Machine Thread - 0] INFO  ozoneimpl.OzoneContainer (OzoneContainer.java:startContainerScrub(179)) - Background container scanner has been disabled.
2019-09-28 01:22:32,318 [Datanode State Machine Thread - 0] INFO  ratis.XceiverServerRatis (XceiverServerRatis.java:start(411)) - Starting XceiverServerRatis 8d9bf5b9-80ed-47d1-abcd-8ac159088982 at port 0
2019-09-28 01:22:32,326 [Datanode State Machine Thread - 0] INFO  impl.RaftServerProxy (RaftServerProxy.java:lambda$start$3(299)) - 8d9bf5b9-80ed-47d1-abcd-8ac159088982: start RPC server
2019-09-28 01:22:32,327 [Datanode State Machine Thread - 0] INFO  server.GrpcService (GrpcService.java:startImpl(158)) - 8d9bf5b9-80ed-47d1-abcd-8ac159088982: GrpcService started, listening on 0.0.0.0/0.0.0.0:45900
2019-09-28 01:22:32,327 [Datanode State Machine Thread - 0] INFO  ratis.XceiverServerRatis (XceiverServerRatis.java:start(421)) - XceiverServerRatis 8d9bf5b9-80ed-47d1-abcd-8ac159088982 is started using port 45900
2019-09-28 01:22:32,340 [Datanode State Machine Thread - 0] INFO  server.XceiverServerGrpc (XceiverServerGrpc.java:start(149)) - XceiverServerGrpc 8d9bf5b9-80ed-47d1-abcd-8ac159088982 is started using port 38851
2019-09-28 01:22:32,382 [Datanode State Machine Thread - 0] INFO  ozoneimpl.OzoneContainer (OzoneContainer.java:start(217)) - Attempting to start container services.
2019-09-28 01:22:32,382 [Datanode State Machine Thread - 0] INFO  ozoneimpl.OzoneContainer (OzoneContainer.java:startContainerScrub(179)) - Background container scanner has been disabled.
2019-09-28 01:22:32,383 [Datanode State Machine Thread - 0] INFO  ratis.XceiverServerRatis (XceiverServerRatis.java:start(411)) - Starting XceiverServerRatis 599625e3-e1cb-4b64-bc73-5b316e5767eb at port 0
2019-09-28 01:22:32,391 [Datanode State Machine Thread - 0] INFO  impl.RaftServerProxy (RaftServerProxy.java:lambda$start$3(299)) - 599625e3-e1cb-4b64-bc73-5b316e5767eb: start RPC server
2019-09-28 01:22:32,394 [Datanode State Machine Thread - 0] INFO  server.GrpcService (GrpcService.java:startImpl(158)) - 599625e3-e1cb-4b64-bc73-5b316e5767eb: GrpcService started, listening on 0.0.0.0/0.0.0.0:41958
2019-09-28 01:22:32,394 [Datanode State Machine Thread - 0] INFO  ratis.XceiverServerRatis (XceiverServerRatis.java:start(421)) - XceiverServerRatis 599625e3-e1cb-4b64-bc73-5b316e5767eb is started using port 41958
2019-09-28 01:22:32,394 [Datanode State Machine Thread - 0] INFO  server.XceiverServerGrpc (XceiverServerGrpc.java:start(149)) - XceiverServerGrpc 599625e3-e1cb-4b64-bc73-5b316e5767eb is started using port 36190
2019-09-28 01:22:32,450 [Datanode State Machine Thread - 0] INFO  ozoneimpl.OzoneContainer (OzoneContainer.java:start(217)) - Attempting to start container services.
2019-09-28 01:22:32,450 [Datanode State Machine Thread - 0] INFO  ozoneimpl.OzoneContainer (OzoneContainer.java:startContainerScrub(179)) - Background container scanner has been disabled.
2019-09-28 01:22:32,451 [Datanode State Machine Thread - 0] INFO  ratis.XceiverServerRatis (XceiverServerRatis.java:start(411)) - Starting XceiverServerRatis 2105b257-0142-410d-878a-3a42adc43937 at port 0
2019-09-28 01:22:32,458 [Datanode State Machine Thread - 0] INFO  impl.RaftServerProxy (RaftServerProxy.java:lambda$start$3(299)) - 2105b257-0142-410d-878a-3a42adc43937: start RPC server
2019-09-28 01:22:32,462 [Datanode State Machine Thread - 0] INFO  server.GrpcService (GrpcService.java:startImpl(158)) - 2105b257-0142-410d-878a-3a42adc43937: GrpcService started, listening on 0.0.0.0/0.0.0.0:40343
2019-09-28 01:22:32,463 [Datanode State Machine Thread - 0] INFO  ratis.XceiverServerRatis (XceiverServerRatis.java:start(421)) - XceiverServerRatis 2105b257-0142-410d-878a-3a42adc43937 is started using port 40343
2019-09-28 01:22:32,463 [Datanode State Machine Thread - 0] INFO  server.XceiverServerGrpc (XceiverServerGrpc.java:start(149)) - XceiverServerGrpc 2105b257-0142-410d-878a-3a42adc43937 is started using port 37295
2019-09-28 01:22:32,515 [Datanode State Machine Thread - 0] INFO  ozoneimpl.OzoneContainer (OzoneContainer.java:start(217)) - Attempting to start container services.
2019-09-28 01:22:32,515 [Datanode State Machine Thread - 0] INFO  ozoneimpl.OzoneContainer (OzoneContainer.java:startContainerScrub(179)) - Background container scanner has been disabled.
2019-09-28 01:22:32,516 [Datanode State Machine Thread - 0] INFO  ratis.XceiverServerRatis (XceiverServerRatis.java:start(411)) - Starting XceiverServerRatis 59fee26f-c6e1-49c3-9274-8c3c2be11206 at port 0
2019-09-28 01:22:32,522 [Datanode State Machine Thread - 0] INFO  impl.RaftServerProxy (RaftServerProxy.java:lambda$start$3(299)) - 59fee26f-c6e1-49c3-9274-8c3c2be11206: start RPC server
2019-09-28 01:22:32,523 [Datanode State Machine Thread - 0] INFO  server.GrpcService (GrpcService.java:startImpl(158)) - 59fee26f-c6e1-49c3-9274-8c3c2be11206: GrpcService started, listening on 0.0.0.0/0.0.0.0:36557
2019-09-28 01:22:32,523 [Datanode State Machine Thread - 0] INFO  ratis.XceiverServerRatis (XceiverServerRatis.java:start(421)) - XceiverServerRatis 59fee26f-c6e1-49c3-9274-8c3c2be11206 is started using port 36557
2019-09-28 01:22:32,524 [Datanode State Machine Thread - 0] INFO  server.XceiverServerGrpc (XceiverServerGrpc.java:start(149)) - XceiverServerGrpc 59fee26f-c6e1-49c3-9274-8c3c2be11206 is started using port 43503
2019-09-28 01:22:32,583 [Datanode State Machine Thread - 0] INFO  ozoneimpl.OzoneContainer (OzoneContainer.java:start(217)) - Attempting to start container services.
2019-09-28 01:22:32,584 [Datanode State Machine Thread - 0] INFO  ozoneimpl.OzoneContainer (OzoneContainer.java:startContainerScrub(179)) - Background container scanner has been disabled.
2019-09-28 01:22:32,584 [Datanode State Machine Thread - 0] INFO  ratis.XceiverServerRatis (XceiverServerRatis.java:start(411)) - Starting XceiverServerRatis ad975564-5630-4282-b461-53b5e1a77035 at port 0
2019-09-28 01:22:32,590 [Datanode State Machine Thread - 0] INFO  impl.RaftServerProxy (RaftServerProxy.java:lambda$start$3(299)) - ad975564-5630-4282-b461-53b5e1a77035: start RPC server
2019-09-28 01:22:32,590 [Datanode State Machine Thread - 0] INFO  server.GrpcService (GrpcService.java:startImpl(158)) - ad975564-5630-4282-b461-53b5e1a77035: GrpcService started, listening on 0.0.0.0/0.0.0.0:45714
2019-09-28 01:22:32,591 [Datanode State Machine Thread - 0] INFO  ratis.XceiverServerRatis (XceiverServerRatis.java:start(421)) - XceiverServerRatis ad975564-5630-4282-b461-53b5e1a77035 is started using port 45714
2019-09-28 01:22:32,591 [Datanode State Machine Thread - 0] INFO  server.XceiverServerGrpc (XceiverServerGrpc.java:start(149)) - XceiverServerGrpc ad975564-5630-4282-b461-53b5e1a77035 is started using port 40480
2019-09-28 01:22:32,634 [main] INFO  ozone.MiniOzoneClusterImpl (MiniOzoneClusterImpl.java:lambda$waitForClusterToBeReady$0(147)) - Waiting for cluster to be ready. Got 0 of 10 DN Heartbeats.
2019-09-28 01:22:32,647 [Datanode State Machine Thread - 0] INFO  ozoneimpl.OzoneContainer (OzoneContainer.java:start(217)) - Attempting to start container services.
2019-09-28 01:22:32,647 [Datanode State Machine Thread - 0] INFO  ozoneimpl.OzoneContainer (OzoneContainer.java:startContainerScrub(179)) - Background container scanner has been disabled.
2019-09-28 01:22:32,647 [Datanode State Machine Thread - 0] INFO  ratis.XceiverServerRatis (XceiverServerRatis.java:start(411)) - Starting XceiverServerRatis 1f35d54e-5d91-478d-890d-48fd5483e65c at port 0
2019-09-28 01:22:32,655 [Datanode State Machine Thread - 0] INFO  impl.RaftServerProxy (RaftServerProxy.java:lambda$start$3(299)) - 1f35d54e-5d91-478d-890d-48fd5483e65c: start RPC server
2019-09-28 01:22:32,658 [Datanode State Machine Thread - 0] INFO  server.GrpcService (GrpcService.java:startImpl(158)) - 1f35d54e-5d91-478d-890d-48fd5483e65c: GrpcService started, listening on 0.0.0.0/0.0.0.0:37574
2019-09-28 01:22:32,659 [Datanode State Machine Thread - 0] INFO  ratis.XceiverServerRatis (XceiverServerRatis.java:start(421)) - XceiverServerRatis 1f35d54e-5d91-478d-890d-48fd5483e65c is started using port 37574
2019-09-28 01:22:32,677 [Datanode State Machine Thread - 0] INFO  server.XceiverServerGrpc (XceiverServerGrpc.java:start(149)) - XceiverServerGrpc 1f35d54e-5d91-478d-890d-48fd5483e65c is started using port 40860
2019-09-28 01:22:33,635 [main] INFO  ozone.MiniOzoneClusterImpl (MiniOzoneClusterImpl.java:lambda$waitForClusterToBeReady$0(147)) - Waiting for cluster to be ready. Got 0 of 10 DN Heartbeats.
2019-09-28 01:22:34,045 [IPC Server handler 6 on 42786] INFO  net.NetworkTopology (NetworkTopologyImpl.java:add(111)) - Added a new node: /rack1/7b598199-e261-45fb-863c-a2bd9def5848
2019-09-28 01:22:34,048 [IPC Server handler 6 on 42786] INFO  node.SCMNodeManager (SCMNodeManager.java:register(266)) - Registered Data node : 7b598199-e261-45fb-863c-a2bd9def5848{ip: 192.168.151.82, host: pr-hdds-2162-8g7kw-3348123894, networkLocation: /rack1, certSerialId: null}
2019-09-28 01:22:34,049 [EventQueue-NodeRegistrationContainerReportForDataNodeSafeModeRule] INFO  safemode.SCMSafeModeManager (DataNodeSafeModeRule.java:process(71)) - SCM in safe mode. 1 DataNodes registered, 1 required.
2019-09-28 01:22:34,052 [EventQueue-NodeRegistrationContainerReportForDataNodeSafeModeRule] INFO  safemode.SCMSafeModeManager (SCMSafeModeManager.java:validateSafeModeExitRules(177)) - ScmSafeModeManager, all rules are successfully validated
2019-09-28 01:22:34,052 [EventQueue-NodeRegistrationContainerReportForDataNodeSafeModeRule] INFO  safemode.SCMSafeModeManager (SCMSafeModeManager.java:exitSafeMode(193)) - SCM exiting safe mode.
2019-09-28 01:22:34,063 [grpc-default-executor-0] INFO  impl.RaftServerProxy (RaftServerProxy.java:addNew(89)) - 7b598199-e261-45fb-863c-a2bd9def5848: addNew group-3B8A45795B6C:[7b598199-e261-45fb-863c-a2bd9def5848:192.168.151.82:34969] returns group-3B8A45795B6C:java.util.concurrent.CompletableFuture@495cef9a[Not completed]
2019-09-28 01:22:34,064 [pool-507-thread-1] INFO  impl.RaftServerImpl (RaftServerImpl.java:<init>(95)) - 7b598199-e261-45fb-863c-a2bd9def5848: new RaftServerImpl for group-3B8A45795B6C:[7b598199-e261-45fb-863c-a2bd9def5848:192.168.151.82:34969] with ContainerStateMachine:uninitialized
2019-09-28 01:22:34,064 [pool-507-thread-1] INFO  server.RaftServerConfigKeys (ConfUtils.java:logGet(43)) - raft.server.rpc.timeout.min = 1s (custom)
2019-09-28 01:22:34,065 [pool-507-thread-1] INFO  server.RaftServerConfigKeys (ConfUtils.java:logGet(43)) - raft.server.rpc.timeout.max = 1200ms (custom)
2019-09-28 01:22:34,065 [pool-507-thread-1] INFO  server.RaftServerConfigKeys (ConfUtils.java:logGet(43)) - raft.server.rpcslowness.timeout = 120s (custom)
2019-09-28 01:22:34,065 [pool-507-thread-1] INFO  server.RaftServerConfigKeys (ConfUtils.java:logGet(43)) - raft.server.sleep.deviation.threshold = 300 (default)
2019-09-28 01:22:34,065 [pool-507-thread-1] INFO  server.RaftServerConfigKeys (ConfUtils.java:logGet(43)) - raft.server.log.appender.install.snapshot.enabled = false (custom)
2019-09-28 01:22:34,065 [pool-507-thread-1] INFO  impl.RaftServerImpl (ServerState.java:<init>(103)) - 7b598199-e261-45fb-863c-a2bd9def5848@group-3B8A45795B6C: ConfigurationManager, init=-1: [7b598199-e261-45fb-863c-a2bd9def5848:192.168.151.82:34969], old=null, confs=<EMPTY_MAP>
2019-09-28 01:22:34,065 [pool-507-thread-1] INFO  server.RaftServerConfigKeys (ConfUtils.java:logGet(43)) - raft.server.storage.dir = [/workdir/hadoop-ozone/integration-test/target/test-dir/MiniOzoneClusterImpl-8eac2880-3418-4680-a8af-a58fbadabff3/datanode-0/data/ratis] (custom)
2019-09-28 01:22:34,066 [pool-507-thread-1] INFO  storage.RaftStorageDirectory (RaftStorageDirectory.java:analyzeStorage(246)) - The storage directory /workdir/hadoop-ozone/integration-test/target/test-dir/MiniOzoneClusterImpl-8eac2880-3418-4680-a8af-a58fbadabff3/datanode-0/data/ratis/cac477ce-0dd2-4f7e-84ab-3b8a45795b6c does not exist. Creating ...
2019-09-28 01:22:34,079 [pool-507-thread-1] INFO  storage.RaftStorageDirectory (RaftStorageDirectory.java:tryLock(328)) - Lock on /workdir/hadoop-ozone/integration-test/target/test-dir/MiniOzoneClusterImpl-8eac2880-3418-4680-a8af-a58fbadabff3/datanode-0/data/ratis/cac477ce-0dd2-4f7e-84ab-3b8a45795b6c/in_use.lock acquired by nodename 30873@pr-hdds-2162-8g7kw-3348123894
2019-09-28 01:22:34,091 [pool-507-thread-1] INFO  storage.RaftStorage (RaftStorage.java:format(72)) - Storage directory /workdir/hadoop-ozone/integration-test/target/test-dir/MiniOzoneClusterImpl-8eac2880-3418-4680-a8af-a58fbadabff3/datanode-0/data/ratis/cac477ce-0dd2-4f7e-84ab-3b8a45795b6c has been successfully formatted.
2019-09-28 01:22:34,092 [pool-507-thread-1] INFO  ratis.ContainerStateMachine (ContainerStateMachine.java:loadSnapshot(230)) - group-3B8A45795B6C: The snapshot info is null. Setting the last applied indexto:(t:0, i:~)
2019-09-28 01:22:34,092 [pool-507-thread-1] INFO  server.RaftServerConfigKeys (ConfUtils.java:logGet(43)) - raft.server.notification.no-leader.timeout = 120s (custom)
2019-09-28 01:22:34,092 [pool-507-thread-1] INFO  server.RaftServerConfigKeys (ConfUtils.java:logGet(43)) - raft.server.log.use.memory = false (default)
2019-09-28 01:22:34,092 [pool-507-thread-1] INFO  server.RaftServerConfigKeys (ConfUtils.java:logGet(43)) - raft.server.log.purge.gap = 1000000 (custom)
2019-09-28 01:22:34,092 [pool-507-thread-1] INFO  server.RaftServerConfigKeys (ConfUtils.java:logGet(43)) - raft.server.log.appender.buffer.byte-limit = 33554432 (custom)
2019-09-28 01:22:34,092 [pool-507-thread-1] INFO  server.RaftServerConfigKeys (ConfUtils.java:logGet(43)) - raft.server.log.segment.size.max = 1048576 (custom)
2019-09-28 01:22:34,093 [pool-507-thread-1] INFO  server.RaftServerConfigKeys (ConfUtils.java:logGet(43)) - raft.server.log.segment.cache.num.max = 2 (custom)
2019-09-28 01:22:34,093 [pool-507-thread-1] INFO  segmented.SegmentedRaftLogWorker (SegmentedRaftLogWorker.java:<init>(172)) - new 7b598199-e261-45fb-863c-a2bd9def5848@group-3B8A45795B6C-SegmentedRaftLogWorker for RaftStorage:Storage Directory /workdir/hadoop-ozone/integration-test/target/test-dir/MiniOzoneClusterImpl-8eac2880-3418-4680-a8af-a58fbadabff3/datanode-0/data/ratis/cac477ce-0dd2-4f7e-84ab-3b8a45795b6c
2019-09-28 01:22:34,095 [pool-507-thread-1] INFO  server.RaftServerConfigKeys (ConfUtils.java:logGet(43)) - raft.server.log.queue.byte-limit = 2147483647 (custom)
2019-09-28 01:22:34,095 [pool-507-thread-1] INFO  server.RaftServerConfigKeys (ConfUtils.java:logGet(43)) - raft.server.log.queue.element-limit = 1024 (custom)
2019-09-28 01:22:34,095 [pool-507-thread-1] INFO  server.RaftServerConfigKeys (ConfUtils.java:logGet(43)) - raft.server.log.segment.size.max = 1048576 (custom)
2019-09-28 01:22:34,095 [pool-507-thread-1] INFO  server.RaftServerConfigKeys (ConfUtils.java:logGet(43)) - raft.server.log.preallocated.size = 16384 (custom)
2019-09-28 01:22:34,096 [pool-507-thread-1] INFO  server.RaftServerConfigKeys (ConfUtils.java:logGet(43)) - raft.server.log.write.buffer.size = 33554432 (custom)
2019-09-28 01:22:34,096 [pool-507-thread-1] INFO  server.RaftServerConfigKeys (ConfUtils.java:logGet(43)) - raft.server.log.force.sync.num = 128 (default)
2019-09-28 01:22:34,096 [pool-507-thread-1] INFO  server.RaftServerConfigKeys (ConfUtils.java:logGet(43)) - raft.server.log.statemachine.data.sync = true (default)
2019-09-28 01:22:34,096 [pool-507-thread-1] INFO  server.RaftServerConfigKeys (ConfUtils.java:logGet(43)) - raft.server.log.statemachine.data.sync.timeout = 10s (default)
2019-09-28 01:22:34,096 [pool-507-thread-1] INFO  server.RaftServerConfigKeys (ConfUtils.java:logGet(43)) - raft.server.log.statemachine.data.sync.timeout.retry = -1 (default)
2019-09-28 01:22:34,096 [pool-507-thread-1] INFO  server.RaftServerConfigKeys (ConfUtils.java:logGet(43)) - raft.server.log.statemachine.data.caching.enabled = true (custom)
2019-09-28 01:22:34,097 [pool-507-thread-1] INFO  segmented.SegmentedRaftLogWorker (SegmentedRaftLogWorker.java:lambda$new$0(132)) - 7b598199-e261-45fb-863c-a2bd9def5848@group-3B8A45795B6C-SegmentedRaftLogWorker: flushIndex: setUnconditionally 0 -> -1
2019-09-28 01:22:34,097 [pool-507-thread-1] INFO  server.RaftServerConfigKeys (ConfUtils.java:logGet(43)) - raft.server.snapshot.auto.trigger.enabled = true (custom)
2019-09-28 01:22:34,097 [pool-507-thread-1] INFO  server.RaftServerConfigKeys (ConfUtils.java:logGet(43)) - raft.server.snapshot.auto.trigger.threshold = 10000 (custom)
2019-09-28 01:22:34,097 [pool-507-thread-1] INFO  server.RaftServerConfigKeys (ConfUtils.java:logGet(43)) - raft.server.snapshot.retention.num.files = 5 (custom)
2019-09-28 01:22:34,098 [pool-507-thread-1] INFO  server.RaftServerConfigKeys (ConfUtils.java:logGet(43)) - raft.server.retrycache.expirytime = 600000ms (custom)
2019-09-28 01:22:34,100 [pool-507-thread-1] INFO  impl.RaftServerImpl (RaftServerImpl.java:start(185)) - 7b598199-e261-45fb-863c-a2bd9def5848@group-3B8A45795B6C: start as a follower, conf=-1: [7b598199-e261-45fb-863c-a2bd9def5848:192.168.151.82:34969], old=null
2019-09-28 01:22:34,100 [pool-507-thread-1] INFO  impl.RaftServerImpl (RaftServerImpl.java:setRole(174)) - 7b598199-e261-45fb-863c-a2bd9def5848@group-3B8A45795B6C: changes role from      null to FOLLOWER at term 0 for startAsFollower
2019-09-28 01:22:34,100 [pool-507-thread-1] INFO  impl.RoleInfo (RoleInfo.java:updateAndGet(143)) - 7b598199-e261-45fb-863c-a2bd9def5848: start FollowerState
2019-09-28 01:22:34,100 [pool-507-thread-1] INFO  util.JmxRegister (JmxRegister.java:tryRegister(44)) - Successfully registered JMX Bean with object name Ratis:service=RaftServer,group=group-3B8A45795B6C,id=7b598199-e261-45fb-863c-a2bd9def5848
2019-09-28 01:22:34,102 [RatisPipelineUtilsThread] INFO  pipeline.PipelineStateManager (PipelineStateManager.java:addPipeline(56)) - Created pipeline Pipeline[ Id: cac477ce-0dd2-4f7e-84ab-3b8a45795b6c, Nodes: 7b598199-e261-45fb-863c-a2bd9def5848{ip: 192.168.151.82, host: pr-hdds-2162-8g7kw-3348123894, networkLocation: /rack1, certSerialId: null}, Type:RATIS, Factor:ONE, State:OPEN]
2019-09-28 01:22:34,104 [IPC Server handler 7 on 42786] INFO  net.NetworkTopology (NetworkTopologyImpl.java:add(111)) - Added a new node: /rack1/32aad283-0bae-446a-b552-a3e6965a6bb8
2019-09-28 01:22:34,105 [IPC Server handler 7 on 42786] INFO  node.SCMNodeManager (SCMNodeManager.java:register(266)) - Registered Data node : 32aad283-0bae-446a-b552-a3e6965a6bb8{ip: 192.168.151.82, host: pr-hdds-2162-8g7kw-3348123894, networkLocation: /rack1, certSerialId: null}
2019-09-28 01:22:34,131 [grpc-default-executor-0] INFO  impl.RaftServerProxy (RaftServerProxy.java:addNew(89)) - 32aad283-0bae-446a-b552-a3e6965a6bb8: addNew group-2712627E873B:[32aad283-0bae-446a-b552-a3e6965a6bb8:192.168.151.82:38303] returns group-2712627E873B:java.util.concurrent.CompletableFuture@77d0f9f[Not completed]
2019-09-28 01:22:34,133 [pool-517-thread-1] INFO  impl.RaftServerImpl (RaftServerImpl.java:<init>(95)) - 32aad283-0bae-446a-b552-a3e6965a6bb8: new RaftServerImpl for group-2712627E873B:[32aad283-0bae-446a-b552-a3e6965a6bb8:192.168.151.82:38303] with ContainerStateMachine:uninitialized
2019-09-28 01:22:34,133 [pool-517-thread-1] INFO  server.RaftServerConfigKeys (ConfUtils.java:logGet(43)) - raft.server.rpc.timeout.min = 1s (custom)
2019-09-28 01:22:34,133 [pool-517-thread-1] INFO  server.RaftServerConfigKeys (ConfUtils.java:logGet(43)) - raft.server.rpc.timeout.max = 1200ms (custom)
2019-09-28 01:22:34,133 [pool-517-thread-1] INFO  server.RaftServerConfigKeys (ConfUtils.java:logGet(43)) - raft.server.rpcslowness.timeout = 120s (custom)
2019-09-28 01:22:34,133 [pool-517-thread-1] INFO  server.RaftServerConfigKeys (ConfUtils.java:logGet(43)) - raft.server.sleep.deviation.threshold = 300 (default)
2019-09-28 01:22:34,133 [pool-517-thread-1] INFO  server.RaftServerConfigKeys (ConfUtils.java:logGet(43)) - raft.server.log.appender.install.snapshot.enabled = false (custom)
2019-09-28 01:22:34,134 [pool-517-thread-1] INFO  impl.RaftServerImpl (ServerState.java:<init>(103)) - 32aad283-0bae-446a-b552-a3e6965a6bb8@group-2712627E873B: ConfigurationManager, init=-1: [32aad283-0bae-446a-b552-a3e6965a6bb8:192.168.151.82:38303], old=null, confs=<EMPTY_MAP>
2019-09-28 01:22:34,134 [pool-517-thread-1] INFO  server.RaftServerConfigKeys (ConfUtils.java:logGet(43)) - raft.server.storage.dir = [/workdir/hadoop-ozone/integration-test/target/test-dir/MiniOzoneClusterImpl-8eac2880-3418-4680-a8af-a58fbadabff3/datanode-1/data/ratis] (custom)
2019-09-28 01:22:34,134 [pool-517-thread-1] INFO  storage.RaftStorageDirectory (RaftStorageDirectory.java:analyzeStorage(246)) - The storage directory /workdir/hadoop-ozone/integration-test/target/test-dir/MiniOzoneClusterImpl-8eac2880-3418-4680-a8af-a58fbadabff3/datanode-1/data/ratis/93e308f5-306a-4fd9-9f6b-2712627e873b does not exist. Creating ...
2019-09-28 01:22:34,147 [pool-517-thread-1] INFO  storage.RaftStorageDirectory (RaftStorageDirectory.java:tryLock(328)) - Lock on /workdir/hadoop-ozone/integration-test/target/test-dir/MiniOzoneClusterImpl-8eac2880-3418-4680-a8af-a58fbadabff3/datanode-1/data/ratis/93e308f5-306a-4fd9-9f6b-2712627e873b/in_use.lock acquired by nodename 30873@pr-hdds-2162-8g7kw-3348123894
2019-09-28 01:22:34,160 [pool-517-thread-1] INFO  storage.RaftStorage (RaftStorage.java:format(72)) - Storage directory /workdir/hadoop-ozone/integration-test/target/test-dir/MiniOzoneClusterImpl-8eac2880-3418-4680-a8af-a58fbadabff3/datanode-1/data/ratis/93e308f5-306a-4fd9-9f6b-2712627e873b has been successfully formatted.
2019-09-28 01:22:34,160 [pool-517-thread-1] INFO  ratis.ContainerStateMachine (ContainerStateMachine.java:loadSnapshot(230)) - group-2712627E873B: The snapshot info is null. Setting the last applied indexto:(t:0, i:~)
2019-09-28 01:22:34,160 [pool-517-thread-1] INFO  server.RaftServerConfigKeys (ConfUtils.java:logGet(43)) - raft.server.notification.no-leader.timeout = 120s (custom)
2019-09-28 01:22:34,160 [pool-517-thread-1] INFO  server.RaftServerConfigKeys (ConfUtils.java:logGet(43)) - raft.server.log.use.memory = false (default)
2019-09-28 01:22:34,160 [pool-517-thread-1] INFO  server.RaftServerConfigKeys (ConfUtils.java:logGet(43)) - raft.server.log.purge.gap = 1000000 (custom)
2019-09-28 01:22:34,160 [pool-517-thread-1] INFO  server.RaftServerConfigKeys (ConfUtils.java:logGet(43)) - raft.server.log.appender.buffer.byte-limit = 33554432 (custom)
2019-09-28 01:22:34,161 [pool-517-thread-1] INFO  server.RaftServerConfigKeys (ConfUtils.java:logGet(43)) - raft.server.log.segment.size.max = 1048576 (custom)
2019-09-28 01:22:34,161 [pool-517-thread-1] INFO  server.RaftServerConfigKeys (ConfUtils.java:logGet(43)) - raft.server.log.segment.cache.num.max = 2 (custom)
2019-09-28 01:22:34,161 [pool-517-thread-1] INFO  segmented.SegmentedRaftLogWorker (SegmentedRaftLogWorker.java:<init>(172)) - new 32aad283-0bae-446a-b552-a3e6965a6bb8@group-2712627E873B-SegmentedRaftLogWorker for RaftStorage:Storage Directory /workdir/hadoop-ozone/integration-test/target/test-dir/MiniOzoneClusterImpl-8eac2880-3418-4680-a8af-a58fbadabff3/datanode-1/data/ratis/93e308f5-306a-4fd9-9f6b-2712627e873b
2019-09-28 01:22:34,162 [pool-517-thread-1] INFO  server.RaftServerConfigKeys (ConfUtils.java:logGet(43)) - raft.server.log.queue.byte-limit = 2147483647 (custom)
2019-09-28 01:22:34,163 [pool-517-thread-1] INFO  server.RaftServerConfigKeys (ConfUtils.java:logGet(43)) - raft.server.log.queue.element-limit = 1024 (custom)
2019-09-28 01:22:34,163 [pool-517-thread-1] INFO  server.RaftServerConfigKeys (ConfUtils.java:logGet(43)) - raft.server.log.segment.size.max = 1048576 (custom)
2019-09-28 01:22:34,163 [pool-517-thread-1] INFO  server.RaftServerConfigKeys (ConfUtils.java:logGet(43)) - raft.server.log.preallocated.size = 16384 (custom)
2019-09-28 01:22:34,163 [pool-517-thread-1] INFO  server.RaftServerConfigKeys (ConfUtils.java:logGet(43)) - raft.server.log.write.buffer.size = 33554432 (custom)
2019-09-28 01:22:34,163 [pool-517-thread-1] INFO  server.RaftServerConfigKeys (ConfUtils.java:logGet(43)) - raft.server.log.force.sync.num = 128 (default)
2019-09-28 01:22:34,163 [pool-517-thread-1] INFO  server.RaftServerConfigKeys (ConfUtils.java:logGet(43)) - raft.server.log.statemachine.data.sync = true (default)
2019-09-28 01:22:34,163 [pool-517-thread-1] INFO  server.RaftServerConfigKeys (ConfUtils.java:logGet(43)) - raft.server.log.statemachine.data.sync.timeout = 10s (default)
2019-09-28 01:22:34,164 [pool-517-thread-1] INFO  server.RaftServerConfigKeys (ConfUtils.java:logGet(43)) - raft.server.log.statemachine.data.sync.timeout.retry = -1 (default)
2019-09-28 01:22:34,164 [pool-517-thread-1] INFO  server.RaftServerConfigKeys (ConfUtils.java:logGet(43)) - raft.server.log.statemachine.data.caching.enabled = true (custom)
2019-09-28 01:22:34,164 [pool-517-thread-1] INFO  segmented.SegmentedRaftLogWorker (SegmentedRaftLogWorker.java:lambda$new$0(132)) - 32aad283-0bae-446a-b552-a3e6965a6bb8@group-2712627E873B-SegmentedRaftLogWorker: flushIndex: setUnconditionally 0 -> -1
2019-09-28 01:22:34,164 [pool-517-thread-1] INFO  server.RaftServerConfigKeys (ConfUtils.java:logGet(43)) - raft.server.snapshot.auto.trigger.enabled = true (custom)
2019-09-28 01:22:34,165 [pool-517-thread-1] INFO  server.RaftServerConfigKeys (ConfUtils.java:logGet(43)) - raft.server.snapshot.auto.trigger.threshold = 10000 (custom)
2019-09-28 01:22:34,165 [pool-517-thread-1] INFO  server.RaftServerConfigKeys (ConfUtils.java:logGet(43)) - raft.server.snapshot.retention.num.files = 5 (custom)
2019-09-28 01:22:34,165 [pool-517-thread-1] INFO  server.RaftServerConfigKeys (ConfUtils.java:logGet(43)) - raft.server.retrycache.expirytime = 600000ms (custom)
2019-09-28 01:22:34,166 [pool-517-thread-1] INFO  impl.RaftServerImpl (RaftServerImpl.java:start(185)) - 32aad283-0bae-446a-b552-a3e6965a6bb8@group-2712627E873B: start as a follower, conf=-1: [32aad283-0bae-446a-b552-a3e6965a6bb8:192.168.151.82:38303], old=null
2019-09-28 01:22:34,167 [pool-517-thread-1] INFO  impl.RaftServerImpl (RaftServerImpl.java:setRole(174)) - 32aad283-0bae-446a-b552-a3e6965a6bb8@group-2712627E873B: changes role from      null to FOLLOWER at term 0 for startAsFollower
2019-09-28 01:22:34,167 [pool-517-thread-1] INFO  impl.RoleInfo (RoleInfo.java:updateAndGet(143)) - 32aad283-0bae-446a-b552-a3e6965a6bb8: start FollowerState
2019-09-28 01:22:34,167 [pool-517-thread-1] INFO  util.JmxRegister (JmxRegister.java:tryRegister(44)) - Successfully registered JMX Bean with object name Ratis:service=RaftServer,group=group-2712627E873B,id=32aad283-0bae-446a-b552-a3e6965a6bb8
2019-09-28 01:22:34,170 [IPC Server handler 8 on 42786] INFO  net.NetworkTopology (NetworkTopologyImpl.java:add(111)) - Added a new node: /rack1/9acdd203-51d1-41ee-852c-319134721574
2019-09-28 01:22:34,170 [IPC Server handler 8 on 42786] INFO  node.SCMNodeManager (SCMNodeManager.java:register(266)) - Registered Data node : 9acdd203-51d1-41ee-852c-319134721574{ip: 192.168.151.82, host: pr-hdds-2162-8g7kw-3348123894, networkLocation: /rack1, certSerialId: null}
2019-09-28 01:22:34,171 [RatisPipelineUtilsThread] INFO  pipeline.PipelineStateManager (PipelineStateManager.java:addPipeline(56)) - Created pipeline Pipeline[ Id: 93e308f5-306a-4fd9-9f6b-2712627e873b, Nodes: 32aad283-0bae-446a-b552-a3e6965a6bb8{ip: 192.168.151.82, host: pr-hdds-2162-8g7kw-3348123894, networkLocation: /rack1, certSerialId: null}, Type:RATIS, Factor:ONE, State:OPEN]
2019-09-28 01:22:34,184 [grpc-default-executor-0] INFO  impl.RaftServerProxy (RaftServerProxy.java:addNew(89)) - 9acdd203-51d1-41ee-852c-319134721574: addNew group-C5D67F8B7066:[9acdd203-51d1-41ee-852c-319134721574:192.168.151.82:45911] returns group-C5D67F8B7066:java.util.concurrent.CompletableFuture@7397ebe7[Not completed]
2019-09-28 01:22:34,185 [pool-527-thread-1] INFO  impl.RaftServerImpl (RaftServerImpl.java:<init>(95)) - 9acdd203-51d1-41ee-852c-319134721574: new RaftServerImpl for group-C5D67F8B7066:[9acdd203-51d1-41ee-852c-319134721574:192.168.151.82:45911] with ContainerStateMachine:uninitialized
2019-09-28 01:22:34,186 [pool-527-thread-1] INFO  server.RaftServerConfigKeys (ConfUtils.java:logGet(43)) - raft.server.rpc.timeout.min = 1s (custom)
2019-09-28 01:22:34,186 [pool-527-thread-1] INFO  server.RaftServerConfigKeys (ConfUtils.java:logGet(43)) - raft.server.rpc.timeout.max = 1200ms (custom)
2019-09-28 01:22:34,186 [pool-527-thread-1] INFO  server.RaftServerConfigKeys (ConfUtils.java:logGet(43)) - raft.server.rpcslowness.timeout = 120s (custom)
2019-09-28 01:22:34,186 [pool-527-thread-1] INFO  server.RaftServerConfigKeys (ConfUtils.java:logGet(43)) - raft.server.sleep.deviation.threshold = 300 (default)
2019-09-28 01:22:34,186 [pool-527-thread-1] INFO  server.RaftServerConfigKeys (ConfUtils.java:logGet(43)) - raft.server.log.appender.install.snapshot.enabled = false (custom)
2019-09-28 01:22:34,186 [pool-527-thread-1] INFO  impl.RaftServerImpl (ServerState.java:<init>(103)) - 9acdd203-51d1-41ee-852c-319134721574@group-C5D67F8B7066: ConfigurationManager, init=-1: [9acdd203-51d1-41ee-852c-319134721574:192.168.151.82:45911], old=null, confs=<EMPTY_MAP>
2019-09-28 01:22:34,187 [pool-527-thread-1] INFO  server.RaftServerConfigKeys (ConfUtils.java:logGet(43)) - raft.server.storage.dir = [/workdir/hadoop-ozone/integration-test/target/test-dir/MiniOzoneClusterImpl-8eac2880-3418-4680-a8af-a58fbadabff3/datanode-2/data/ratis] (custom)
2019-09-28 01:22:34,187 [pool-527-thread-1] INFO  storage.RaftStorageDirectory (RaftStorageDirectory.java:analyzeStorage(246)) - The storage directory /workdir/hadoop-ozone/integration-test/target/test-dir/MiniOzoneClusterImpl-8eac2880-3418-4680-a8af-a58fbadabff3/datanode-2/data/ratis/f2da8843-e05c-4e3a-b7ee-c5d67f8b7066 does not exist. Creating ...
2019-09-28 01:22:34,200 [pool-527-thread-1] INFO  storage.RaftStorageDirectory (RaftStorageDirectory.java:tryLock(328)) - Lock on /workdir/hadoop-ozone/integration-test/target/test-dir/MiniOzoneClusterImpl-8eac2880-3418-4680-a8af-a58fbadabff3/datanode-2/data/ratis/f2da8843-e05c-4e3a-b7ee-c5d67f8b7066/in_use.lock acquired by nodename 30873@pr-hdds-2162-8g7kw-3348123894
2019-09-28 01:22:34,213 [pool-527-thread-1] INFO  storage.RaftStorage (RaftStorage.java:format(72)) - Storage directory /workdir/hadoop-ozone/integration-test/target/test-dir/MiniOzoneClusterImpl-8eac2880-3418-4680-a8af-a58fbadabff3/datanode-2/data/ratis/f2da8843-e05c-4e3a-b7ee-c5d67f8b7066 has been successfully formatted.
2019-09-28 01:22:34,213 [pool-527-thread-1] INFO  ratis.ContainerStateMachine (ContainerStateMachine.java:loadSnapshot(230)) - group-C5D67F8B7066: The snapshot info is null. Setting the last applied indexto:(t:0, i:~)
2019-09-28 01:22:34,213 [pool-527-thread-1] INFO  server.RaftServerConfigKeys (ConfUtils.java:logGet(43)) - raft.server.notification.no-leader.timeout = 120s (custom)
2019-09-28 01:22:34,213 [pool-527-thread-1] INFO  server.RaftServerConfigKeys (ConfUtils.java:logGet(43)) - raft.server.log.use.memory = false (default)
2019-09-28 01:22:34,213 [pool-527-thread-1] INFO  server.RaftServerConfigKeys (ConfUtils.java:logGet(43)) - raft.server.log.purge.gap = 1000000 (custom)
2019-09-28 01:22:34,214 [pool-527-thread-1] INFO  server.RaftServerConfigKeys (ConfUtils.java:logGet(43)) - raft.server.log.appender.buffer.byte-limit = 33554432 (custom)
2019-09-28 01:22:34,214 [pool-527-thread-1] INFO  server.RaftServerConfigKeys (ConfUtils.java:logGet(43)) - raft.server.log.segment.size.max = 1048576 (custom)
2019-09-28 01:22:34,214 [pool-527-thread-1] INFO  server.RaftServerConfigKeys (ConfUtils.java:logGet(43)) - raft.server.log.segment.cache.num.max = 2 (custom)
2019-09-28 01:22:34,214 [pool-527-thread-1] INFO  segmented.SegmentedRaftLogWorker (SegmentedRaftLogWorker.java:<init>(172)) - new 9acdd203-51d1-41ee-852c-319134721574@group-C5D67F8B7066-SegmentedRaftLogWorker for RaftStorage:Storage Directory /workdir/hadoop-ozone/integration-test/target/test-dir/MiniOzoneClusterImpl-8eac2880-3418-4680-a8af-a58fbadabff3/datanode-2/data/ratis/f2da8843-e05c-4e3a-b7ee-c5d67f8b7066
2019-09-28 01:22:34,216 [pool-527-thread-1] INFO  server.RaftServerConfigKeys (ConfUtils.java:logGet(43)) - raft.server.log.queue.byte-limit = 2147483647 (custom)
2019-09-28 01:22:34,216 [pool-527-thread-1] INFO  server.RaftServerConfigKeys (ConfUtils.java:logGet(43)) - raft.server.log.queue.element-limit = 1024 (custom)
2019-09-28 01:22:34,217 [pool-527-thread-1] INFO  server.RaftServerConfigKeys (ConfUtils.java:logGet(43)) - raft.server.log.segment.size.max = 1048576 (custom)
2019-09-28 01:22:34,217 [pool-527-thread-1] INFO  server.RaftServerConfigKeys (ConfUtils.java:logGet(43)) - raft.server.log.preallocated.size = 16384 (custom)
2019-09-28 01:22:34,217 [pool-527-thread-1] INFO  server.RaftServerConfigKeys (ConfUtils.java:logGet(43)) - raft.server.log.write.buffer.size = 33554432 (custom)
2019-09-28 01:22:34,217 [pool-527-thread-1] INFO  server.RaftServerConfigKeys (ConfUtils.java:logGet(43)) - raft.server.log.force.sync.num = 128 (default)
2019-09-28 01:22:34,217 [pool-527-thread-1] INFO  server.RaftServerConfigKeys (ConfUtils.java:logGet(43)) - raft.server.log.statemachine.data.sync = true (default)
2019-09-28 01:22:34,218 [pool-527-thread-1] INFO  server.RaftServerConfigKeys (ConfUtils.java:logGet(43)) - raft.server.log.statemachine.data.sync.timeout = 10s (default)
2019-09-28 01:22:34,218 [pool-527-thread-1] INFO  server.RaftServerConfigKeys (ConfUtils.java:logGet(43)) - raft.server.log.statemachine.data.sync.timeout.retry = -1 (default)
2019-09-28 01:22:34,218 [pool-527-thread-1] INFO  server.RaftServerConfigKeys (ConfUtils.java:logGet(43)) - raft.server.log.statemachine.data.caching.enabled = true (custom)
2019-09-28 01:22:34,218 [pool-527-thread-1] INFO  segmented.SegmentedRaftLogWorker (SegmentedRaftLogWorker.java:lambda$new$0(132)) - 9acdd203-51d1-41ee-852c-319134721574@group-C5D67F8B7066-SegmentedRaftLogWorker: flushIndex: setUnconditionally 0 -> -1
2019-09-28 01:22:34,219 [pool-527-thread-1] INFO  server.RaftServerConfigKeys (ConfUtils.java:logGet(43)) - raft.server.snapshot.auto.trigger.enabled = true (custom)
2019-09-28 01:22:34,219 [pool-527-thread-1] INFO  server.RaftServerConfigKeys (ConfUtils.java:logGet(43)) - raft.server.snapshot.auto.trigger.threshold = 10000 (custom)
2019-09-28 01:22:34,219 [pool-527-thread-1] INFO  server.RaftServerConfigKeys (ConfUtils.java:logGet(43)) - raft.server.snapshot.retention.num.files = 5 (custom)
2019-09-28 01:22:34,219 [pool-527-thread-1] INFO  server.RaftServerConfigKeys (ConfUtils.java:logGet(43)) - raft.server.retrycache.expirytime = 600000ms (custom)
2019-09-28 01:22:34,222 [pool-527-thread-1] INFO  impl.RaftServerImpl (RaftServerImpl.java:start(185)) - 9acdd203-51d1-41ee-852c-319134721574@group-C5D67F8B7066: start as a follower, conf=-1: [9acdd203-51d1-41ee-852c-319134721574:192.168.151.82:45911], old=null
2019-09-28 01:22:34,222 [pool-527-thread-1] INFO  impl.RaftServerImpl (RaftServerImpl.java:setRole(174)) - 9acdd203-51d1-41ee-852c-319134721574@group-C5D67F8B7066: changes role from      null to FOLLOWER at term 0 for startAsFollower
2019-09-28 01:22:34,222 [pool-527-thread-1] INFO  impl.RoleInfo (RoleInfo.java:updateAndGet(143)) - 9acdd203-51d1-41ee-852c-319134721574: start FollowerState
2019-09-28 01:22:34,223 [pool-527-thread-1] INFO  util.JmxRegister (JmxRegister.java:tryRegister(44)) - Successfully registered JMX Bean with object name Ratis:service=RaftServer,group=group-C5D67F8B7066,id=9acdd203-51d1-41ee-852c-319134721574
2019-09-28 01:22:34,226 [RatisPipelineUtilsThread] INFO  pipeline.PipelineStateManager (PipelineStateManager.java:addPipeline(56)) - Created pipeline Pipeline[ Id: f2da8843-e05c-4e3a-b7ee-c5d67f8b7066, Nodes: 9acdd203-51d1-41ee-852c-319134721574{ip: 192.168.151.82, host: pr-hdds-2162-8g7kw-3348123894, networkLocation: /rack1, certSerialId: null}, Type:RATIS, Factor:ONE, State:OPEN]
2019-09-28 01:22:34,237 [IPC Server handler 9 on 42786] INFO  net.NetworkTopology (NetworkTopologyImpl.java:add(111)) - Added a new node: /rack1/56ead053-3964-44ed-9670-c8ae4c2fbfaa
2019-09-28 01:22:34,242 [IPC Server handler 9 on 42786] INFO  node.SCMNodeManager (SCMNodeManager.java:register(266)) - Registered Data node : 56ead053-3964-44ed-9670-c8ae4c2fbfaa{ip: 192.168.151.82, host: pr-hdds-2162-8g7kw-3348123894, networkLocation: /rack1, certSerialId: null}
2019-09-28 01:22:34,247 [grpc-default-executor-2] INFO  impl.RaftServerProxy (RaftServerProxy.java:addNew(89)) - 32aad283-0bae-446a-b552-a3e6965a6bb8: addNew group-1DD11682BBC6:[32aad283-0bae-446a-b552-a3e6965a6bb8:192.168.151.82:38303, 9acdd203-51d1-41ee-852c-319134721574:192.168.151.82:45911, 7b598199-e261-45fb-863c-a2bd9def5848:192.168.151.82:34969] returns group-1DD11682BBC6:java.util.concurrent.CompletableFuture@9e86f5d[Not completed]
2019-09-28 01:22:34,248 [grpc-default-executor-1] INFO  impl.RaftServerProxy (RaftServerProxy.java:addNew(89)) - 9acdd203-51d1-41ee-852c-319134721574: addNew group-1DD11682BBC6:[32aad283-0bae-446a-b552-a3e6965a6bb8:192.168.151.82:38303, 9acdd203-51d1-41ee-852c-319134721574:192.168.151.82:45911, 7b598199-e261-45fb-863c-a2bd9def5848:192.168.151.82:34969] returns group-1DD11682BBC6:java.util.concurrent.CompletableFuture@2cb3d058[Not completed]
2019-09-28 01:22:34,248 [grpc-default-executor-2] INFO  impl.RaftServerProxy (RaftServerProxy.java:addNew(89)) - 7b598199-e261-45fb-863c-a2bd9def5848: addNew group-1DD11682BBC6:[32aad283-0bae-446a-b552-a3e6965a6bb8:192.168.151.82:38303, 9acdd203-51d1-41ee-852c-319134721574:192.168.151.82:45911, 7b598199-e261-45fb-863c-a2bd9def5848:192.168.151.82:34969] returns group-1DD11682BBC6:java.util.concurrent.CompletableFuture@4ceae004[Not completed]
2019-09-28 01:22:34,250 [pool-517-thread-1] INFO  impl.RaftServerImpl (RaftServerImpl.java:<init>(95)) - 32aad283-0bae-446a-b552-a3e6965a6bb8: new RaftServerImpl for group-1DD11682BBC6:[32aad283-0bae-446a-b552-a3e6965a6bb8:192.168.151.82:38303, 9acdd203-51d1-41ee-852c-319134721574:192.168.151.82:45911, 7b598199-e261-45fb-863c-a2bd9def5848:192.168.151.82:34969] with ContainerStateMachine:uninitialized
2019-09-28 01:22:34,250 [pool-517-thread-1] INFO  server.RaftServerConfigKeys (ConfUtils.java:logGet(43)) - raft.server.rpc.timeout.min = 1s (custom)
2019-09-28 01:22:34,250 [pool-517-thread-1] INFO  server.RaftServerConfigKeys (ConfUtils.java:logGet(43)) - raft.server.rpc.timeout.max = 1200ms (custom)
2019-09-28 01:22:34,250 [pool-517-thread-1] INFO  server.RaftServerConfigKeys (ConfUtils.java:logGet(43)) - raft.server.rpcslowness.timeout = 120s (custom)
2019-09-28 01:22:34,250 [pool-517-thread-1] INFO  server.RaftServerConfigKeys (ConfUtils.java:logGet(43)) - raft.server.sleep.deviation.threshold = 300 (default)
2019-09-28 01:22:34,250 [pool-507-thread-1] INFO  impl.RaftServerImpl (RaftServerImpl.java:<init>(95)) - 7b598199-e261-45fb-863c-a2bd9def5848: new RaftServerImpl for group-1DD11682BBC6:[32aad283-0bae-446a-b552-a3e6965a6bb8:192.168.151.82:38303, 9acdd203-51d1-41ee-852c-319134721574:192.168.151.82:45911, 7b598199-e261-45fb-863c-a2bd9def5848:192.168.151.82:34969] with ContainerStateMachine:uninitialized
2019-09-28 01:22:34,250 [pool-517-thread-1] INFO  server.RaftServerConfigKeys (ConfUtils.java:logGet(43)) - raft.server.log.appender.install.snapshot.enabled = false (custom)
2019-09-28 01:22:34,251 [pool-507-thread-1] INFO  server.RaftServerConfigKeys (ConfUtils.java:logGet(43)) - raft.server.rpc.timeout.min = 1s (custom)
2019-09-28 01:22:34,251 [pool-517-thread-1] INFO  impl.RaftServerImpl (ServerState.java:<init>(103)) - 32aad283-0bae-446a-b552-a3e6965a6bb8@group-1DD11682BBC6: ConfigurationManager, init=-1: [32aad283-0bae-446a-b552-a3e6965a6bb8:192.168.151.82:38303, 9acdd203-51d1-41ee-852c-319134721574:192.168.151.82:45911, 7b598199-e261-45fb-863c-a2bd9def5848:192.168.151.82:34969], old=null, confs=<EMPTY_MAP>
2019-09-28 01:22:34,251 [pool-527-thread-1] INFO  impl.RaftServerImpl (RaftServerImpl.java:<init>(95)) - 9acdd203-51d1-41ee-852c-319134721574: new RaftServerImpl for group-1DD11682BBC6:[32aad283-0bae-446a-b552-a3e6965a6bb8:192.168.151.82:38303, 9acdd203-51d1-41ee-852c-319134721574:192.168.151.82:45911, 7b598199-e261-45fb-863c-a2bd9def5848:192.168.151.82:34969] with ContainerStateMachine:uninitialized
2019-09-28 01:22:34,251 [pool-507-thread-1] INFO  server.RaftServerConfigKeys (ConfUtils.java:logGet(43)) - raft.server.rpc.timeout.max = 1200ms (custom)
2019-09-28 01:22:34,251 [pool-527-thread-1] INFO  server.RaftServerConfigKeys (ConfUtils.java:logGet(43)) - raft.server.rpc.timeout.min = 1s (custom)
2019-09-28 01:22:34,251 [pool-517-thread-1] INFO  server.RaftServerConfigKeys (ConfUtils.java:logGet(43)) - raft.server.storage.dir = [/workdir/hadoop-ozone/integration-test/target/test-dir/MiniOzoneClusterImpl-8eac2880-3418-4680-a8af-a58fbadabff3/datanode-1/data/ratis] (custom)
2019-09-28 01:22:34,251 [pool-527-thread-1] INFO  server.RaftServerConfigKeys (ConfUtils.java:logGet(43)) - raft.server.rpc.timeout.max = 1200ms (custom)
2019-09-28 01:22:34,251 [pool-507-thread-1] INFO  server.RaftServerConfigKeys (ConfUtils.java:logGet(43)) - raft.server.rpcslowness.timeout = 120s (custom)
2019-09-28 01:22:34,252 [pool-527-thread-1] INFO  server.RaftServerConfigKeys (ConfUtils.java:logGet(43)) - raft.server.rpcslowness.timeout = 120s (custom)
2019-09-28 01:22:34,252 [pool-517-thread-1] INFO  storage.RaftStorageDirectory (RaftStorageDirectory.java:analyzeStorage(246)) - The storage directory /workdir/hadoop-ozone/integration-test/target/test-dir/MiniOzoneClusterImpl-8eac2880-3418-4680-a8af-a58fbadabff3/datanode-1/data/ratis/a92c22ae-1181-4181-b1ef-1dd11682bbc6 does not exist. Creating ...
2019-09-28 01:22:34,252 [pool-507-thread-1] INFO  server.RaftServerConfigKeys (ConfUtils.java:logGet(43)) - raft.server.sleep.deviation.threshold = 300 (default)
2019-09-28 01:22:34,252 [pool-527-thread-1] INFO  server.RaftServerConfigKeys (ConfUtils.java:logGet(43)) - raft.server.sleep.deviation.threshold = 300 (default)
2019-09-28 01:22:34,252 [pool-507-thread-1] INFO  server.RaftServerConfigKeys (ConfUtils.java:logGet(43)) - raft.server.log.appender.install.snapshot.enabled = false (custom)
2019-09-28 01:22:34,252 [pool-527-thread-1] INFO  server.RaftServerConfigKeys (ConfUtils.java:logGet(43)) - raft.server.log.appender.install.snapshot.enabled = false (custom)
2019-09-28 01:22:34,253 [pool-507-thread-1] INFO  impl.RaftServerImpl (ServerState.java:<init>(103)) - 7b598199-e261-45fb-863c-a2bd9def5848@group-1DD11682BBC6: ConfigurationManager, init=-1: [32aad283-0bae-446a-b552-a3e6965a6bb8:192.168.151.82:38303, 9acdd203-51d1-41ee-852c-319134721574:192.168.151.82:45911, 7b598199-e261-45fb-863c-a2bd9def5848:192.168.151.82:34969], old=null, confs=<EMPTY_MAP>
2019-09-28 01:22:34,253 [pool-527-thread-1] INFO  impl.RaftServerImpl (ServerState.java:<init>(103)) - 9acdd203-51d1-41ee-852c-319134721574@group-1DD11682BBC6: ConfigurationManager, init=-1: [32aad283-0bae-446a-b552-a3e6965a6bb8:192.168.151.82:38303, 9acdd203-51d1-41ee-852c-319134721574:192.168.151.82:45911, 7b598199-e261-45fb-863c-a2bd9def5848:192.168.151.82:34969], old=null, confs=<EMPTY_MAP>
2019-09-28 01:22:34,253 [pool-507-thread-1] INFO  server.RaftServerConfigKeys (ConfUtils.java:logGet(43)) - raft.server.storage.dir = [/workdir/hadoop-ozone/integration-test/target/test-dir/MiniOzoneClusterImpl-8eac2880-3418-4680-a8af-a58fbadabff3/datanode-0/data/ratis] (custom)
2019-09-28 01:22:34,253 [pool-527-thread-1] INFO  server.RaftServerConfigKeys (ConfUtils.java:logGet(43)) - raft.server.storage.dir = [/workdir/hadoop-ozone/integration-test/target/test-dir/MiniOzoneClusterImpl-8eac2880-3418-4680-a8af-a58fbadabff3/datanode-2/data/ratis] (custom)
2019-09-28 01:22:34,253 [pool-507-thread-1] INFO  storage.RaftStorageDirectory (RaftStorageDirectory.java:analyzeStorage(246)) - The storage directory /workdir/hadoop-ozone/integration-test/target/test-dir/MiniOzoneClusterImpl-8eac2880-3418-4680-a8af-a58fbadabff3/datanode-0/data/ratis/a92c22ae-1181-4181-b1ef-1dd11682bbc6 does not exist. Creating ...
2019-09-28 01:22:34,253 [pool-527-thread-1] INFO  storage.RaftStorageDirectory (RaftStorageDirectory.java:analyzeStorage(246)) - The storage directory /workdir/hadoop-ozone/integration-test/target/test-dir/MiniOzoneClusterImpl-8eac2880-3418-4680-a8af-a58fbadabff3/datanode-2/data/ratis/a92c22ae-1181-4181-b1ef-1dd11682bbc6 does not exist. Creating ...
2019-09-28 01:22:34,265 [pool-517-thread-1] INFO  storage.RaftStorageDirectory (RaftStorageDirectory.java:tryLock(328)) - Lock on /workdir/hadoop-ozone/integration-test/target/test-dir/MiniOzoneClusterImpl-8eac2880-3418-4680-a8af-a58fbadabff3/datanode-1/data/ratis/a92c22ae-1181-4181-b1ef-1dd11682bbc6/in_use.lock acquired by nodename 30873@pr-hdds-2162-8g7kw-3348123894
2019-09-28 01:22:34,265 [pool-527-thread-1] INFO  storage.RaftStorageDirectory (RaftStorageDirectory.java:tryLock(328)) - Lock on /workdir/hadoop-ozone/integration-test/target/test-dir/MiniOzoneClusterImpl-8eac2880-3418-4680-a8af-a58fbadabff3/datanode-2/data/ratis/a92c22ae-1181-4181-b1ef-1dd11682bbc6/in_use.lock acquired by nodename 30873@pr-hdds-2162-8g7kw-3348123894
2019-09-28 01:22:34,265 [pool-507-thread-1] INFO  storage.RaftStorageDirectory (RaftStorageDirectory.java:tryLock(328)) - Lock on /workdir/hadoop-ozone/integration-test/target/test-dir/MiniOzoneClusterImpl-8eac2880-3418-4680-a8af-a58fbadabff3/datanode-0/data/ratis/a92c22ae-1181-4181-b1ef-1dd11682bbc6/in_use.lock acquired by nodename 30873@pr-hdds-2162-8g7kw-3348123894
2019-09-28 01:22:34,270 [pool-507-thread-1] INFO  storage.RaftStorage (RaftStorage.java:format(72)) - Storage directory /workdir/hadoop-ozone/integration-test/target/test-dir/MiniOzoneClusterImpl-8eac2880-3418-4680-a8af-a58fbadabff3/datanode-0/data/ratis/a92c22ae-1181-4181-b1ef-1dd11682bbc6 has been successfully formatted.
2019-09-28 01:22:34,270 [pool-527-thread-1] INFO  storage.RaftStorage (RaftStorage.java:format(72)) - Storage directory /workdir/hadoop-ozone/integration-test/target/test-dir/MiniOzoneClusterImpl-8eac2880-3418-4680-a8af-a58fbadabff3/datanode-2/data/ratis/a92c22ae-1181-4181-b1ef-1dd11682bbc6 has been successfully formatted.
2019-09-28 01:22:34,270 [pool-517-thread-1] INFO  storage.RaftStorage (RaftStorage.java:format(72)) - Storage directory /workdir/hadoop-ozone/integration-test/target/test-dir/MiniOzoneClusterImpl-8eac2880-3418-4680-a8af-a58fbadabff3/datanode-1/data/ratis/a92c22ae-1181-4181-b1ef-1dd11682bbc6 has been successfully formatted.
2019-09-28 01:22:34,270 [pool-527-thread-1] INFO  ratis.ContainerStateMachine (ContainerStateMachine.java:loadSnapshot(230)) - group-1DD11682BBC6: The snapshot info is null. Setting the last applied indexto:(t:0, i:~)
2019-09-28 01:22:34,270 [pool-507-thread-1] INFO  ratis.ContainerStateMachine (ContainerStateMachine.java:loadSnapshot(230)) - group-1DD11682BBC6: The snapshot info is null. Setting the last applied indexto:(t:0, i:~)
2019-09-28 01:22:34,270 [pool-527-thread-1] INFO  server.RaftServerConfigKeys (ConfUtils.java:logGet(43)) - raft.server.notification.no-leader.timeout = 120s (custom)
2019-09-28 01:22:34,270 [pool-517-thread-1] INFO  ratis.ContainerStateMachine (ContainerStateMachine.java:loadSnapshot(230)) - group-1DD11682BBC6: The snapshot info is null. Setting the last applied indexto:(t:0, i:~)
2019-09-28 01:22:34,271 [pool-527-thread-1] INFO  server.RaftServerConfigKeys (ConfUtils.java:logGet(43)) - raft.server.log.use.memory = false (default)
2019-09-28 01:22:34,271 [pool-507-thread-1] INFO  server.RaftServerConfigKeys (ConfUtils.java:logGet(43)) - raft.server.notification.no-leader.timeout = 120s (custom)
2019-09-28 01:22:34,271 [pool-527-thread-1] INFO  server.RaftServerConfigKeys (ConfUtils.java:logGet(43)) - raft.server.log.purge.gap = 1000000 (custom)
2019-09-28 01:22:34,271 [pool-517-thread-1] INFO  server.RaftServerConfigKeys (ConfUtils.java:logGet(43)) - raft.server.notification.no-leader.timeout = 120s (custom)
2019-09-28 01:22:34,271 [pool-527-thread-1] INFO  server.RaftServerConfigKeys (ConfUtils.java:logGet(43)) - raft.server.log.appender.buffer.byte-limit = 33554432 (custom)
2019-09-28 01:22:34,271 [pool-507-thread-1] INFO  server.RaftServerConfigKeys (ConfUtils.java:logGet(43)) - raft.server.log.use.memory = false (default)
2019-09-28 01:22:34,272 [pool-527-thread-1] INFO  server.RaftServerConfigKeys (ConfUtils.java:logGet(43)) - raft.server.log.segment.size.max = 1048576 (custom)
2019-09-28 01:22:34,272 [pool-517-thread-1] INFO  server.RaftServerConfigKeys (ConfUtils.java:logGet(43)) - raft.server.log.use.memory = false (default)
2019-09-28 01:22:34,272 [pool-527-thread-1] INFO  server.RaftServerConfigKeys (ConfUtils.java:logGet(43)) - raft.server.log.segment.cache.num.max = 2 (custom)
2019-09-28 01:22:34,272 [pool-507-thread-1] INFO  server.RaftServerConfigKeys (ConfUtils.java:logGet(43)) - raft.server.log.purge.gap = 1000000 (custom)
2019-09-28 01:22:34,272 [pool-527-thread-1] INFO  segmented.SegmentedRaftLogWorker (SegmentedRaftLogWorker.java:<init>(172)) - new 9acdd203-51d1-41ee-852c-319134721574@group-1DD11682BBC6-SegmentedRaftLogWorker for RaftStorage:Storage Directory /workdir/hadoop-ozone/integration-test/target/test-dir/MiniOzoneClusterImpl-8eac2880-3418-4680-a8af-a58fbadabff3/datanode-2/data/ratis/a92c22ae-1181-4181-b1ef-1dd11682bbc6
2019-09-28 01:22:34,272 [pool-517-thread-1] INFO  server.RaftServerConfigKeys (ConfUtils.java:logGet(43)) - raft.server.log.purge.gap = 1000000 (custom)
2019-09-28 01:22:34,273 [pool-527-thread-1] INFO  server.RaftServerConfigKeys (ConfUtils.java:logGet(43)) - raft.server.log.queue.byte-limit = 2147483647 (custom)
2019-09-28 01:22:34,273 [pool-507-thread-1] INFO  server.RaftServerConfigKeys (ConfUtils.java:logGet(43)) - raft.server.log.appender.buffer.byte-limit = 33554432 (custom)
2019-09-28 01:22:34,273 [pool-527-thread-1] INFO  server.RaftServerConfigKeys (ConfUtils.java:logGet(43)) - raft.server.log.queue.element-limit = 1024 (custom)
2019-09-28 01:22:34,273 [pool-517-thread-1] INFO  server.RaftServerConfigKeys (ConfUtils.java:logGet(43)) - raft.server.log.appender.buffer.byte-limit = 33554432 (custom)
2019-09-28 01:22:34,274 [pool-527-thread-1] INFO  server.RaftServerConfigKeys (ConfUtils.java:logGet(43)) - raft.server.log.segment.size.max = 1048576 (custom)
2019-09-28 01:22:34,273 [pool-507-thread-1] INFO  server.RaftServerConfigKeys (ConfUtils.java:logGet(43)) - raft.server.log.segment.size.max = 1048576 (custom)
2019-09-28 01:22:34,274 [pool-527-thread-1] INFO  server.RaftServerConfigKeys (ConfUtils.java:logGet(43)) - raft.server.log.preallocated.size = 16384 (custom)
2019-09-28 01:22:34,274 [pool-517-thread-1] INFO  server.RaftServerConfigKeys (ConfUtils.java:logGet(43)) - raft.server.log.segment.size.max = 1048576 (custom)
2019-09-28 01:22:34,274 [pool-527-thread-1] INFO  server.RaftServerConfigKeys (ConfUtils.java:logGet(43)) - raft.server.log.write.buffer.size = 33554432 (custom)
2019-09-28 01:22:34,274 [pool-507-thread-1] INFO  server.RaftServerConfigKeys (ConfUtils.java:logGet(43)) - raft.server.log.segment.cache.num.max = 2 (custom)
2019-09-28 01:22:34,275 [pool-527-thread-1] INFO  server.RaftServerConfigKeys (ConfUtils.java:logGet(43)) - raft.server.log.force.sync.num = 128 (default)
2019-09-28 01:22:34,274 [pool-517-thread-1] INFO  server.RaftServerConfigKeys (ConfUtils.java:logGet(43)) - raft.server.log.segment.cache.num.max = 2 (custom)
2019-09-28 01:22:34,275 [pool-527-thread-1] INFO  server.RaftServerConfigKeys (ConfUtils.java:logGet(43)) - raft.server.log.statemachine.data.sync = true (default)
2019-09-28 01:22:34,275 [pool-507-thread-1] INFO  segmented.SegmentedRaftLogWorker (SegmentedRaftLogWorker.java:<init>(172)) - new 7b598199-e261-45fb-863c-a2bd9def5848@group-1DD11682BBC6-SegmentedRaftLogWorker for RaftStorage:Storage Directory /workdir/hadoop-ozone/integration-test/target/test-dir/MiniOzoneClusterImpl-8eac2880-3418-4680-a8af-a58fbadabff3/datanode-0/data/ratis/a92c22ae-1181-4181-b1ef-1dd11682bbc6
2019-09-28 01:22:34,275 [pool-527-thread-1] INFO  server.RaftServerConfigKeys (ConfUtils.java:logGet(43)) - raft.server.log.statemachine.data.sync.timeout = 10s (default)
2019-09-28 01:22:34,275 [pool-517-thread-1] INFO  segmented.SegmentedRaftLogWorker (SegmentedRaftLogWorker.java:<init>(172)) - new 32aad283-0bae-446a-b552-a3e6965a6bb8@group-1DD11682BBC6-SegmentedRaftLogWorker for RaftStorage:Storage Directory /workdir/hadoop-ozone/integration-test/target/test-dir/MiniOzoneClusterImpl-8eac2880-3418-4680-a8af-a58fbadabff3/datanode-1/data/ratis/a92c22ae-1181-4181-b1ef-1dd11682bbc6
2019-09-28 01:22:34,276 [pool-527-thread-1] INFO  server.RaftServerConfigKeys (ConfUtils.java:logGet(43)) - raft.server.log.statemachine.data.sync.timeout.retry = -1 (default)
2019-09-28 01:22:34,275 [pool-507-thread-1] INFO  server.RaftServerConfigKeys (ConfUtils.java:logGet(43)) - raft.server.log.queue.byte-limit = 2147483647 (custom)
2019-09-28 01:22:34,276 [pool-527-thread-1] INFO  server.RaftServerConfigKeys (ConfUtils.java:logGet(43)) - raft.server.log.statemachine.data.caching.enabled = true (custom)
2019-09-28 01:22:34,276 [pool-517-thread-1] INFO  server.RaftServerConfigKeys (ConfUtils.java:logGet(43)) - raft.server.log.queue.byte-limit = 2147483647 (custom)
2019-09-28 01:22:34,277 [pool-517-thread-1] INFO  server.RaftServerConfigKeys (ConfUtils.java:logGet(43)) - raft.server.log.queue.element-limit = 1024 (custom)
2019-09-28 01:22:34,276 [pool-507-thread-1] INFO  server.RaftServerConfigKeys (ConfUtils.java:logGet(43)) - raft.server.log.queue.element-limit = 1024 (custom)
2019-09-28 01:22:34,277 [pool-517-thread-1] INFO  server.RaftServerConfigKeys (ConfUtils.java:logGet(43)) - raft.server.log.segment.size.max = 1048576 (custom)
2019-09-28 01:22:34,277 [pool-527-thread-1] INFO  segmented.SegmentedRaftLogWorker (SegmentedRaftLogWorker.java:lambda$new$0(132)) - 9acdd203-51d1-41ee-852c-319134721574@group-1DD11682BBC6-SegmentedRaftLogWorker: flushIndex: setUnconditionally 0 -> -1
2019-09-28 01:22:34,277 [pool-517-thread-1] INFO  server.RaftServerConfigKeys (ConfUtils.java:logGet(43)) - raft.server.log.preallocated.size = 16384 (custom)
2019-09-28 01:22:34,277 [pool-507-thread-1] INFO  server.RaftServerConfigKeys (ConfUtils.java:logGet(43)) - raft.server.log.segment.size.max = 1048576 (custom)
2019-09-28 01:22:34,277 [pool-527-thread-1] INFO  server.RaftServerConfigKeys (ConfUtils.java:logGet(43)) - raft.server.snapshot.auto.trigger.enabled = true (custom)
2019-09-28 01:22:34,277 [pool-517-thread-1] INFO  server.RaftServerConfigKeys (ConfUtils.java:logGet(43)) - raft.server.log.write.buffer.size = 33554432 (custom)
2019-09-28 01:22:34,278 [pool-527-thread-1] INFO  server.RaftServerConfigKeys (ConfUtils.java:logGet(43)) - raft.server.snapshot.auto.trigger.threshold = 10000 (custom)
2019-09-28 01:22:34,277 [pool-507-thread-1] INFO  server.RaftServerConfigKeys (ConfUtils.java:logGet(43)) - raft.server.log.preallocated.size = 16384 (custom)
2019-09-28 01:22:34,278 [pool-527-thread-1] INFO  server.RaftServerConfigKeys (ConfUtils.java:logGet(43)) - raft.server.snapshot.retention.num.files = 5 (custom)
2019-09-28 01:22:34,278 [pool-517-thread-1] INFO  server.RaftServerConfigKeys (ConfUtils.java:logGet(43)) - raft.server.log.force.sync.num = 128 (default)
2019-09-28 01:22:34,278 [pool-527-thread-1] INFO  server.RaftServerConfigKeys (ConfUtils.java:logGet(43)) - raft.server.retrycache.expirytime = 600000ms (custom)
2019-09-28 01:22:34,278 [pool-507-thread-1] INFO  server.RaftServerConfigKeys (ConfUtils.java:logGet(43)) - raft.server.log.write.buffer.size = 33554432 (custom)
2019-09-28 01:22:34,278 [pool-517-thread-1] INFO  server.RaftServerConfigKeys (ConfUtils.java:logGet(43)) - raft.server.log.statemachine.data.sync = true (default)
2019-09-28 01:22:34,279 [pool-507-thread-1] INFO  server.RaftServerConfigKeys (ConfUtils.java:logGet(43)) - raft.server.log.force.sync.num = 128 (default)
2019-09-28 01:22:34,279 [pool-517-thread-1] INFO  server.RaftServerConfigKeys (ConfUtils.java:logGet(43)) - raft.server.log.statemachine.data.sync.timeout = 10s (default)
2019-09-28 01:22:34,279 [pool-507-thread-1] INFO  server.RaftServerConfigKeys (ConfUtils.java:logGet(43)) - raft.server.log.statemachine.data.sync = true (default)
2019-09-28 01:22:34,279 [pool-517-thread-1] INFO  server.RaftServerConfigKeys (ConfUtils.java:logGet(43)) - raft.server.log.statemachine.data.sync.timeout.retry = -1 (default)
2019-09-28 01:22:34,279 [pool-507-thread-1] INFO  server.RaftServerConfigKeys (ConfUtils.java:logGet(43)) - raft.server.log.statemachine.data.sync.timeout = 10s (default)
2019-09-28 01:22:34,279 [pool-517-thread-1] INFO  server.RaftServerConfigKeys (ConfUtils.java:logGet(43)) - raft.server.log.statemachine.data.caching.enabled = true (custom)
2019-09-28 01:22:34,280 [pool-507-thread-1] INFO  server.RaftServerConfigKeys (ConfUtils.java:logGet(43)) - raft.server.log.statemachine.data.sync.timeout.retry = -1 (default)
2019-09-28 01:22:34,280 [pool-517-thread-1] INFO  segmented.SegmentedRaftLogWorker (SegmentedRaftLogWorker.java:lambda$new$0(132)) - 32aad283-0bae-446a-b552-a3e6965a6bb8@group-1DD11682BBC6-SegmentedRaftLogWorker: flushIndex: setUnconditionally 0 -> -1
2019-09-28 01:22:34,280 [pool-507-thread-1] INFO  server.RaftServerConfigKeys (ConfUtils.java:logGet(43)) - raft.server.log.statemachine.data.caching.enabled = true (custom)
2019-09-28 01:22:34,280 [pool-517-thread-1] INFO  server.RaftServerConfigKeys (ConfUtils.java:logGet(43)) - raft.server.snapshot.auto.trigger.enabled = true (custom)
2019-09-28 01:22:34,280 [pool-507-thread-1] INFO  segmented.SegmentedRaftLogWorker (SegmentedRaftLogWorker.java:lambda$new$0(132)) - 7b598199-e261-45fb-863c-a2bd9def5848@group-1DD11682BBC6-SegmentedRaftLogWorker: flushIndex: setUnconditionally 0 -> -1
2019-09-28 01:22:34,281 [pool-517-thread-1] INFO  server.RaftServerConfigKeys (ConfUtils.java:logGet(43)) - raft.server.snapshot.auto.trigger.threshold = 10000 (custom)
2019-09-28 01:22:34,281 [pool-527-thread-1] INFO  impl.RaftServerImpl (RaftServerImpl.java:start(185)) - 9acdd203-51d1-41ee-852c-319134721574@group-1DD11682BBC6: start as a follower, conf=-1: [32aad283-0bae-446a-b552-a3e6965a6bb8:192.168.151.82:38303, 9acdd203-51d1-41ee-852c-319134721574:192.168.151.82:45911, 7b598199-e261-45fb-863c-a2bd9def5848:192.168.151.82:34969], old=null
2019-09-28 01:22:34,281 [pool-507-thread-1] INFO  server.RaftServerConfigKeys (ConfUtils.java:logGet(43)) - raft.server.snapshot.auto.trigger.enabled = true (custom)
2019-09-28 01:22:34,281 [pool-517-thread-1] INFO  server.RaftServerConfigKeys (ConfUtils.java:logGet(43)) - raft.server.snapshot.retention.num.files = 5 (custom)
2019-09-28 01:22:34,281 [pool-507-thread-1] INFO  server.RaftServerConfigKeys (ConfUtils.java:logGet(43)) - raft.server.snapshot.auto.trigger.threshold = 10000 (custom)
2019-09-28 01:22:34,281 [pool-527-thread-1] INFO  impl.RaftServerImpl (RaftServerImpl.java:setRole(174)) - 9acdd203-51d1-41ee-852c-319134721574@group-1DD11682BBC6: changes role from      null to FOLLOWER at term 0 for startAsFollower
2019-09-28 01:22:34,281 [pool-507-thread-1] INFO  server.RaftServerConfigKeys (ConfUtils.java:logGet(43)) - raft.server.snapshot.retention.num.files = 5 (custom)
2019-09-28 01:22:34,281 [pool-517-thread-1] INFO  server.RaftServerConfigKeys (ConfUtils.java:logGet(43)) - raft.server.retrycache.expirytime = 600000ms (custom)
2019-09-28 01:22:34,282 [pool-507-thread-1] INFO  server.RaftServerConfigKeys (ConfUtils.java:logGet(43)) - raft.server.retrycache.expirytime = 600000ms (custom)
2019-09-28 01:22:34,282 [pool-527-thread-1] INFO  impl.RoleInfo (RoleInfo.java:updateAndGet(143)) - 9acdd203-51d1-41ee-852c-319134721574: start FollowerState
2019-09-28 01:22:34,282 [pool-527-thread-1] INFO  util.JmxRegister (JmxRegister.java:tryRegister(44)) - Successfully registered JMX Bean with object name Ratis:service=RaftServer,group=group-1DD11682BBC6,id=9acdd203-51d1-41ee-852c-319134721574
2019-09-28 01:22:34,285 [pool-517-thread-1] INFO  impl.RaftServerImpl (RaftServerImpl.java:start(185)) - 32aad283-0bae-446a-b552-a3e6965a6bb8@group-1DD11682BBC6: start as a follower, conf=-1: [32aad283-0bae-446a-b552-a3e6965a6bb8:192.168.151.82:38303, 9acdd203-51d1-41ee-852c-319134721574:192.168.151.82:45911, 7b598199-e261-45fb-863c-a2bd9def5848:192.168.151.82:34969], old=null
2019-09-28 01:22:34,285 [pool-517-thread-1] INFO  impl.RaftServerImpl (RaftServerImpl.java:setRole(174)) - 32aad283-0bae-446a-b552-a3e6965a6bb8@group-1DD11682BBC6: changes role from      null to FOLLOWER at term 0 for startAsFollower
2019-09-28 01:22:34,286 [pool-517-thread-1] INFO  impl.RoleInfo (RoleInfo.java:updateAndGet(143)) - 32aad283-0bae-446a-b552-a3e6965a6bb8: start FollowerState
2019-09-28 01:22:34,286 [pool-507-thread-1] INFO  impl.RaftServerImpl (RaftServerImpl.java:start(185)) - 7b598199-e261-45fb-863c-a2bd9def5848@group-1DD11682BBC6: start as a follower, conf=-1: [32aad283-0bae-446a-b552-a3e6965a6bb8:192.168.151.82:38303, 9acdd203-51d1-41ee-852c-319134721574:192.168.151.82:45911, 7b598199-e261-45fb-863c-a2bd9def5848:192.168.151.82:34969], old=null
2019-09-28 01:22:34,286 [pool-507-thread-1] INFO  impl.RaftServerImpl (RaftServerImpl.java:setRole(174)) - 7b598199-e261-45fb-863c-a2bd9def5848@group-1DD11682BBC6: changes role from      null to FOLLOWER at term 0 for startAsFollower
2019-09-28 01:22:34,286 [pool-507-thread-1] INFO  impl.RoleInfo (RoleInfo.java:updateAndGet(143)) - 7b598199-e261-45fb-863c-a2bd9def5848: start FollowerState
2019-09-28 01:22:34,286 [pool-517-thread-1] INFO  util.JmxRegister (JmxRegister.java:tryRegister(44)) - Successfully registered JMX Bean with object name Ratis:service=RaftServer,group=group-1DD11682BBC6,id=32aad283-0bae-446a-b552-a3e6965a6bb8
2019-09-28 01:22:34,286 [pool-507-thread-1] INFO  util.JmxRegister (JmxRegister.java:tryRegister(44)) - Successfully registered JMX Bean with object name Ratis:service=RaftServer,group=group-1DD11682BBC6,id=7b598199-e261-45fb-863c-a2bd9def5848
2019-09-28 01:22:34,290 [RatisPipelineUtilsThread] INFO  pipeline.PipelineStateManager (PipelineStateManager.java:addPipeline(56)) - Created pipeline Pipeline[ Id: a92c22ae-1181-4181-b1ef-1dd11682bbc6, Nodes: 9acdd203-51d1-41ee-852c-319134721574{ip: 192.168.151.82, host: pr-hdds-2162-8g7kw-3348123894, networkLocation: /rack1, certSerialId: null}32aad283-0bae-446a-b552-a3e6965a6bb8{ip: 192.168.151.82, host: pr-hdds-2162-8g7kw-3348123894, networkLocation: /rack1, certSerialId: null}7b598199-e261-45fb-863c-a2bd9def5848{ip: 192.168.151.82, host: pr-hdds-2162-8g7kw-3348123894, networkLocation: /rack1, certSerialId: null}, Type:RATIS, Factor:THREE, State:OPEN]
2019-09-28 01:22:34,305 [IPC Server handler 0 on 42786] INFO  net.NetworkTopology (NetworkTopologyImpl.java:add(111)) - Added a new node: /rack1/8d9bf5b9-80ed-47d1-abcd-8ac159088982
2019-09-28 01:22:34,305 [IPC Server handler 0 on 42786] INFO  node.SCMNodeManager (SCMNodeManager.java:register(266)) - Registered Data node : 8d9bf5b9-80ed-47d1-abcd-8ac159088982{ip: 192.168.151.82, host: pr-hdds-2162-8g7kw-3348123894, networkLocation: /rack1, certSerialId: null}
2019-09-28 01:22:34,316 [grpc-default-executor-2] INFO  impl.RaftServerProxy (RaftServerProxy.java:addNew(89)) - 8d9bf5b9-80ed-47d1-abcd-8ac159088982: addNew group-80E17DA65F72:[8d9bf5b9-80ed-47d1-abcd-8ac159088982:192.168.151.82:45900] returns group-80E17DA65F72:java.util.concurrent.CompletableFuture@37342369[Not completed]
2019-09-28 01:22:34,318 [pool-547-thread-1] INFO  impl.RaftServerImpl (RaftServerImpl.java:<init>(95)) - 8d9bf5b9-80ed-47d1-abcd-8ac159088982: new RaftServerImpl for group-80E17DA65F72:[8d9bf5b9-80ed-47d1-abcd-8ac159088982:192.168.151.82:45900] with ContainerStateMachine:uninitialized
2019-09-28 01:22:34,318 [pool-547-thread-1] INFO  server.RaftServerConfigKeys (ConfUtils.java:logGet(43)) - raft.server.rpc.timeout.min = 1s (custom)
2019-09-28 01:22:34,318 [pool-547-thread-1] INFO  server.RaftServerConfigKeys (ConfUtils.java:logGet(43)) - raft.server.rpc.timeout.max = 1200ms (custom)
2019-09-28 01:22:34,318 [pool-547-thread-1] INFO  server.RaftServerConfigKeys (ConfUtils.java:logGet(43)) - raft.server.rpcslowness.timeout = 120s (custom)
2019-09-28 01:22:34,318 [pool-547-thread-1] INFO  server.RaftServerConfigKeys (ConfUtils.java:logGet(43)) - raft.server.sleep.deviation.threshold = 300 (default)
2019-09-28 01:22:34,318 [pool-547-thread-1] INFO  server.RaftServerConfigKeys (ConfUtils.java:logGet(43)) - raft.server.log.appender.install.snapshot.enabled = false (custom)
2019-09-28 01:22:34,319 [pool-547-thread-1] INFO  impl.RaftServerImpl (ServerState.java:<init>(103)) - 8d9bf5b9-80ed-47d1-abcd-8ac159088982@group-80E17DA65F72: ConfigurationManager, init=-1: [8d9bf5b9-80ed-47d1-abcd-8ac159088982:192.168.151.82:45900], old=null, confs=<EMPTY_MAP>
2019-09-28 01:22:34,319 [pool-547-thread-1] INFO  server.RaftServerConfigKeys (ConfUtils.java:logGet(43)) - raft.server.storage.dir = [/workdir/hadoop-ozone/integration-test/target/test-dir/MiniOzoneClusterImpl-8eac2880-3418-4680-a8af-a58fbadabff3/datanode-4/data/ratis] (custom)
2019-09-28 01:22:34,319 [pool-547-thread-1] INFO  storage.RaftStorageDirectory (RaftStorageDirectory.java:analyzeStorage(246)) - The storage directory /workdir/hadoop-ozone/integration-test/target/test-dir/MiniOzoneClusterImpl-8eac2880-3418-4680-a8af-a58fbadabff3/datanode-4/data/ratis/13afd8a6-cd8d-402f-ae3c-80e17da65f72 does not exist. Creating ...
2019-09-28 01:22:34,331 [pool-547-thread-1] INFO  storage.RaftStorageDirectory (RaftStorageDirectory.java:tryLock(328)) - Lock on /workdir/hadoop-ozone/integration-test/target/test-dir/MiniOzoneClusterImpl-8eac2880-3418-4680-a8af-a58fbadabff3/datanode-4/data/ratis/13afd8a6-cd8d-402f-ae3c-80e17da65f72/in_use.lock acquired by nodename 30873@pr-hdds-2162-8g7kw-3348123894
2019-09-28 01:22:34,357 [pool-547-thread-1] INFO  storage.RaftStorage (RaftStorage.java:format(72)) - Storage directory /workdir/hadoop-ozone/integration-test/target/test-dir/MiniOzoneClusterImpl-8eac2880-3418-4680-a8af-a58fbadabff3/datanode-4/data/ratis/13afd8a6-cd8d-402f-ae3c-80e17da65f72 has been successfully formatted.
2019-09-28 01:22:34,358 [pool-547-thread-1] INFO  ratis.ContainerStateMachine (ContainerStateMachine.java:loadSnapshot(230)) - group-80E17DA65F72: The snapshot info is null. Setting the last applied indexto:(t:0, i:~)
2019-09-28 01:22:34,358 [pool-547-thread-1] INFO  server.RaftServerConfigKeys (ConfUtils.java:logGet(43)) - raft.server.notification.no-leader.timeout = 120s (custom)
2019-09-28 01:22:34,358 [pool-547-thread-1] INFO  server.RaftServerConfigKeys (ConfUtils.java:logGet(43)) - raft.server.log.use.memory = false (default)
2019-09-28 01:22:34,358 [pool-547-thread-1] INFO  server.RaftServerConfigKeys (ConfUtils.java:logGet(43)) - raft.server.log.purge.gap = 1000000 (custom)
2019-09-28 01:22:34,358 [pool-547-thread-1] INFO  server.RaftServerConfigKeys (ConfUtils.java:logGet(43)) - raft.server.log.appender.buffer.byte-limit = 33554432 (custom)
2019-09-28 01:22:34,358 [pool-547-thread-1] INFO  server.RaftServerConfigKeys (ConfUtils.java:logGet(43)) - raft.server.log.segment.size.max = 1048576 (custom)
2019-09-28 01:22:34,359 [pool-547-thread-1] INFO  server.RaftServerConfigKeys (ConfUtils.java:logGet(43)) - raft.server.log.segment.cache.num.max = 2 (custom)
2019-09-28 01:22:34,359 [pool-547-thread-1] INFO  segmented.SegmentedRaftLogWorker (SegmentedRaftLogWorker.java:<init>(172)) - new 8d9bf5b9-80ed-47d1-abcd-8ac159088982@group-80E17DA65F72-SegmentedRaftLogWorker for RaftStorage:Storage Directory /workdir/hadoop-ozone/integration-test/target/test-dir/MiniOzoneClusterImpl-8eac2880-3418-4680-a8af-a58fbadabff3/datanode-4/data/ratis/13afd8a6-cd8d-402f-ae3c-80e17da65f72
2019-09-28 01:22:34,361 [pool-547-thread-1] INFO  server.RaftServerConfigKeys (ConfUtils.java:logGet(43)) - raft.server.log.queue.byte-limit = 2147483647 (custom)
2019-09-28 01:22:34,361 [pool-547-thread-1] INFO  server.RaftServerConfigKeys (ConfUtils.java:logGet(43)) - raft.server.log.queue.element-limit = 1024 (custom)
2019-09-28 01:22:34,361 [pool-547-thread-1] INFO  server.RaftServerConfigKeys (ConfUtils.java:logGet(43)) - raft.server.log.segment.size.max = 1048576 (custom)
2019-09-28 01:22:34,361 [pool-547-thread-1] INFO  server.RaftServerConfigKeys (ConfUtils.java:logGet(43)) - raft.server.log.preallocated.size = 16384 (custom)
2019-09-28 01:22:34,361 [pool-547-thread-1] INFO  server.RaftServerConfigKeys (ConfUtils.java:logGet(43)) - raft.server.log.write.buffer.size = 33554432 (custom)
2019-09-28 01:22:34,361 [pool-547-thread-1] INFO  server.RaftServerConfigKeys (ConfUtils.java:logGet(43)) - raft.server.log.force.sync.num = 128 (default)
2019-09-28 01:22:34,361 [pool-547-thread-1] INFO  server.RaftServerConfigKeys (ConfUtils.java:logGet(43)) - raft.server.log.statemachine.data.sync = true (default)
2019-09-28 01:22:34,362 [pool-547-thread-1] INFO  server.RaftServerConfigKeys (ConfUtils.java:logGet(43)) - raft.server.log.statemachine.data.sync.timeout = 10s (default)
2019-09-28 01:22:34,362 [pool-547-thread-1] INFO  server.RaftServerConfigKeys (ConfUtils.java:logGet(43)) - raft.server.log.statemachine.data.sync.timeout.retry = -1 (default)
2019-09-28 01:22:34,362 [pool-547-thread-1] INFO  server.RaftServerConfigKeys (ConfUtils.java:logGet(43)) - raft.server.log.statemachine.data.caching.enabled = true (custom)
2019-09-28 01:22:34,362 [pool-547-thread-1] INFO  segmented.SegmentedRaftLogWorker (SegmentedRaftLogWorker.java:lambda$new$0(132)) - 8d9bf5b9-80ed-47d1-abcd-8ac159088982@group-80E17DA65F72-SegmentedRaftLogWorker: flushIndex: setUnconditionally 0 -> -1
2019-09-28 01:22:34,363 [pool-547-thread-1] INFO  server.RaftServerConfigKeys (ConfUtils.java:logGet(43)) - raft.server.snapshot.auto.trigger.enabled = true (custom)
2019-09-28 01:22:34,363 [pool-547-thread-1] INFO  server.RaftServerConfigKeys (ConfUtils.java:logGet(43)) - raft.server.snapshot.auto.trigger.threshold = 10000 (custom)
2019-09-28 01:22:34,363 [pool-547-thread-1] INFO  server.RaftServerConfigKeys (ConfUtils.java:logGet(43)) - raft.server.snapshot.retention.num.files = 5 (custom)
2019-09-28 01:22:34,363 [pool-547-thread-1] INFO  server.RaftServerConfigKeys (ConfUtils.java:logGet(43)) - raft.server.retrycache.expirytime = 600000ms (custom)
2019-09-28 01:22:34,365 [pool-547-thread-1] INFO  impl.RaftServerImpl (RaftServerImpl.java:start(185)) - 8d9bf5b9-80ed-47d1-abcd-8ac159088982@group-80E17DA65F72: start as a follower, conf=-1: [8d9bf5b9-80ed-47d1-abcd-8ac159088982:192.168.151.82:45900], old=null
2019-09-28 01:22:34,365 [pool-547-thread-1] INFO  impl.RaftServerImpl (RaftServerImpl.java:setRole(174)) - 8d9bf5b9-80ed-47d1-abcd-8ac159088982@group-80E17DA65F72: changes role from      null to FOLLOWER at term 0 for startAsFollower
2019-09-28 01:22:34,366 [pool-547-thread-1] INFO  impl.RoleInfo (RoleInfo.java:updateAndGet(143)) - 8d9bf5b9-80ed-47d1-abcd-8ac159088982: start FollowerState
2019-09-28 01:22:34,366 [pool-547-thread-1] INFO  util.JmxRegister (JmxRegister.java:tryRegister(44)) - Successfully registered JMX Bean with object name Ratis:service=RaftServer,group=group-80E17DA65F72,id=8d9bf5b9-80ed-47d1-abcd-8ac159088982
2019-09-28 01:22:34,368 [RatisPipelineUtilsThread] INFO  pipeline.PipelineStateManager (PipelineStateManager.java:addPipeline(56)) - Created pipeline Pipeline[ Id: 13afd8a6-cd8d-402f-ae3c-80e17da65f72, Nodes: 8d9bf5b9-80ed-47d1-abcd-8ac159088982{ip: 192.168.151.82, host: pr-hdds-2162-8g7kw-3348123894, networkLocation: /rack1, certSerialId: null}, Type:RATIS, Factor:ONE, State:OPEN]
2019-09-28 01:22:34,370 [IPC Server handler 1 on 42786] INFO  net.NetworkTopology (NetworkTopologyImpl.java:add(111)) - Added a new node: /rack1/599625e3-e1cb-4b64-bc73-5b316e5767eb
2019-09-28 01:22:34,370 [IPC Server handler 1 on 42786] INFO  node.SCMNodeManager (SCMNodeManager.java:register(266)) - Registered Data node : 599625e3-e1cb-4b64-bc73-5b316e5767eb{ip: 192.168.151.82, host: pr-hdds-2162-8g7kw-3348123894, networkLocation: /rack1, certSerialId: null}
2019-09-28 01:22:34,377 [grpc-default-executor-2] INFO  impl.RaftServerProxy (RaftServerProxy.java:addNew(89)) - 56ead053-3964-44ed-9670-c8ae4c2fbfaa: addNew group-B47881B2A663:[56ead053-3964-44ed-9670-c8ae4c2fbfaa:192.168.151.82:41964] returns group-B47881B2A663:java.util.concurrent.CompletableFuture@3a09f9ee[Not completed]
2019-09-28 01:22:34,378 [pool-537-thread-1] INFO  impl.RaftServerImpl (RaftServerImpl.java:<init>(95)) - 56ead053-3964-44ed-9670-c8ae4c2fbfaa: new RaftServerImpl for group-B47881B2A663:[56ead053-3964-44ed-9670-c8ae4c2fbfaa:192.168.151.82:41964] with ContainerStateMachine:uninitialized
2019-09-28 01:22:34,378 [pool-537-thread-1] INFO  server.RaftServerConfigKeys (ConfUtils.java:logGet(43)) - raft.server.rpc.timeout.min = 1s (custom)
2019-09-28 01:22:34,378 [pool-537-thread-1] INFO  server.RaftServerConfigKeys (ConfUtils.java:logGet(43)) - raft.server.rpc.timeout.max = 1200ms (custom)
2019-09-28 01:22:34,378 [pool-537-thread-1] INFO  server.RaftServerConfigKeys (ConfUtils.java:logGet(43)) - raft.server.rpcslowness.timeout = 120s (custom)
2019-09-28 01:22:34,378 [pool-537-thread-1] INFO  server.RaftServerConfigKeys (ConfUtils.java:logGet(43)) - raft.server.sleep.deviation.threshold = 300 (default)
2019-09-28 01:22:34,378 [pool-537-thread-1] INFO  server.RaftServerConfigKeys (ConfUtils.java:logGet(43)) - raft.server.log.appender.install.snapshot.enabled = false (custom)
2019-09-28 01:22:34,379 [pool-537-thread-1] INFO  impl.RaftServerImpl (ServerState.java:<init>(103)) - 56ead053-3964-44ed-9670-c8ae4c2fbfaa@group-B47881B2A663: ConfigurationManager, init=-1: [56ead053-3964-44ed-9670-c8ae4c2fbfaa:192.168.151.82:41964], old=null, confs=<EMPTY_MAP>
2019-09-28 01:22:34,379 [pool-537-thread-1] INFO  server.RaftServerConfigKeys (ConfUtils.java:logGet(43)) - raft.server.storage.dir = [/workdir/hadoop-ozone/integration-test/target/test-dir/MiniOzoneClusterImpl-8eac2880-3418-4680-a8af-a58fbadabff3/datanode-3/data/ratis] (custom)
2019-09-28 01:22:34,379 [pool-537-thread-1] INFO  storage.RaftStorageDirectory (RaftStorageDirectory.java:analyzeStorage(246)) - The storage directory /workdir/hadoop-ozone/integration-test/target/test-dir/MiniOzoneClusterImpl-8eac2880-3418-4680-a8af-a58fbadabff3/datanode-3/data/ratis/4fa60ed2-c89c-45ee-ad7c-b47881b2a663 does not exist. Creating ...
2019-09-28 01:22:34,392 [pool-537-thread-1] INFO  storage.RaftStorageDirectory (RaftStorageDirectory.java:tryLock(328)) - Lock on /workdir/hadoop-ozone/integration-test/target/test-dir/MiniOzoneClusterImpl-8eac2880-3418-4680-a8af-a58fbadabff3/datanode-3/data/ratis/4fa60ed2-c89c-45ee-ad7c-b47881b2a663/in_use.lock acquired by nodename 30873@pr-hdds-2162-8g7kw-3348123894
2019-09-28 01:22:34,405 [pool-537-thread-1] INFO  storage.RaftStorage (RaftStorage.java:format(72)) - Storage directory /workdir/hadoop-ozone/integration-test/target/test-dir/MiniOzoneClusterImpl-8eac2880-3418-4680-a8af-a58fbadabff3/datanode-3/data/ratis/4fa60ed2-c89c-45ee-ad7c-b47881b2a663 has been successfully formatted.
2019-09-28 01:22:34,405 [pool-537-thread-1] INFO  ratis.ContainerStateMachine (ContainerStateMachine.java:loadSnapshot(230)) - group-B47881B2A663: The snapshot info is null. Setting the last applied indexto:(t:0, i:~)
2019-09-28 01:22:34,405 [pool-537-thread-1] INFO  server.RaftServerConfigKeys (ConfUtils.java:logGet(43)) - raft.server.notification.no-leader.timeout = 120s (custom)
2019-09-28 01:22:34,405 [pool-537-thread-1] INFO  server.RaftServerConfigKeys (ConfUtils.java:logGet(43)) - raft.server.log.use.memory = false (default)
2019-09-28 01:22:34,405 [pool-537-thread-1] INFO  server.RaftServerConfigKeys (ConfUtils.java:logGet(43)) - raft.server.log.purge.gap = 1000000 (custom)
2019-09-28 01:22:34,406 [pool-537-thread-1] INFO  server.RaftServerConfigKeys (ConfUtils.java:logGet(43)) - raft.server.log.appender.buffer.byte-limit = 33554432 (custom)
2019-09-28 01:22:34,406 [pool-537-thread-1] INFO  server.RaftServerConfigKeys (ConfUtils.java:logGet(43)) - raft.server.log.segment.size.max = 1048576 (custom)
2019-09-28 01:22:34,406 [pool-537-thread-1] INFO  server.RaftServerConfigKeys (ConfUtils.java:logGet(43)) - raft.server.log.segment.cache.num.max = 2 (custom)
2019-09-28 01:22:34,406 [pool-537-thread-1] INFO  segmented.SegmentedRaftLogWorker (SegmentedRaftLogWorker.java:<init>(172)) - new 56ead053-3964-44ed-9670-c8ae4c2fbfaa@group-B47881B2A663-SegmentedRaftLogWorker for RaftStorage:Storage Directory /workdir/hadoop-ozone/integration-test/target/test-dir/MiniOzoneClusterImpl-8eac2880-3418-4680-a8af-a58fbadabff3/datanode-3/data/ratis/4fa60ed2-c89c-45ee-ad7c-b47881b2a663
2019-09-28 01:22:34,407 [pool-537-thread-1] INFO  server.RaftServerConfigKeys (ConfUtils.java:logGet(43)) - raft.server.log.queue.byte-limit = 2147483647 (custom)
2019-09-28 01:22:34,408 [pool-537-thread-1] INFO  server.RaftServerConfigKeys (ConfUtils.java:logGet(43)) - raft.server.log.queue.element-limit = 1024 (custom)
2019-09-28 01:22:34,408 [pool-537-thread-1] INFO  server.RaftServerConfigKeys (ConfUtils.java:logGet(43)) - raft.server.log.segment.size.max = 1048576 (custom)
2019-09-28 01:22:34,408 [pool-537-thread-1] INFO  server.RaftServerConfigKeys (ConfUtils.java:logGet(43)) - raft.server.log.preallocated.size = 16384 (custom)
2019-09-28 01:22:34,408 [pool-537-thread-1] INFO  server.RaftServerConfigKeys (ConfUtils.java:logGet(43)) - raft.server.log.write.buffer.size = 33554432 (custom)
2019-09-28 01:22:34,408 [pool-537-thread-1] INFO  server.RaftServerConfigKeys (ConfUtils.java:logGet(43)) - raft.server.log.force.sync.num = 128 (default)
2019-09-28 01:22:34,408 [pool-537-thread-1] INFO  server.RaftServerConfigKeys (ConfUtils.java:logGet(43)) - raft.server.log.statemachine.data.sync = true (default)
2019-09-28 01:22:34,409 [pool-537-thread-1] INFO  server.RaftServerConfigKeys (ConfUtils.java:logGet(43)) - raft.server.log.statemachine.data.sync.timeout = 10s (default)
2019-09-28 01:22:34,409 [pool-537-thread-1] INFO  server.RaftServerConfigKeys (ConfUtils.java:logGet(43)) - raft.server.log.statemachine.data.sync.timeout.retry = -1 (default)
2019-09-28 01:22:34,409 [pool-537-thread-1] INFO  server.RaftServerConfigKeys (ConfUtils.java:logGet(43)) - raft.server.log.statemachine.data.caching.enabled = true (custom)
2019-09-28 01:22:34,409 [pool-537-thread-1] INFO  segmented.SegmentedRaftLogWorker (SegmentedRaftLogWorker.java:lambda$new$0(132)) - 56ead053-3964-44ed-9670-c8ae4c2fbfaa@group-B47881B2A663-SegmentedRaftLogWorker: flushIndex: setUnconditionally 0 -> -1
2019-09-28 01:22:34,410 [pool-537-thread-1] INFO  server.RaftServerConfigKeys (ConfUtils.java:logGet(43)) - raft.server.snapshot.auto.trigger.enabled = true (custom)
2019-09-28 01:22:34,410 [pool-537-thread-1] INFO  server.RaftServerConfigKeys (ConfUtils.java:logGet(43)) - raft.server.snapshot.auto.trigger.threshold = 10000 (custom)
2019-09-28 01:22:34,410 [pool-537-thread-1] INFO  server.RaftServerConfigKeys (ConfUtils.java:logGet(43)) - raft.server.snapshot.retention.num.files = 5 (custom)
2019-09-28 01:22:34,410 [pool-537-thread-1] INFO  server.RaftServerConfigKeys (ConfUtils.java:logGet(43)) - raft.server.retrycache.expirytime = 600000ms (custom)
2019-09-28 01:22:34,412 [pool-537-thread-1] INFO  impl.RaftServerImpl (RaftServerImpl.java:start(185)) - 56ead053-3964-44ed-9670-c8ae4c2fbfaa@group-B47881B2A663: start as a follower, conf=-1: [56ead053-3964-44ed-9670-c8ae4c2fbfaa:192.168.151.82:41964], old=null
2019-09-28 01:22:34,412 [pool-537-thread-1] INFO  impl.RaftServerImpl (RaftServerImpl.java:setRole(174)) - 56ead053-3964-44ed-9670-c8ae4c2fbfaa@group-B47881B2A663: changes role from      null to FOLLOWER at term 0 for startAsFollower
2019-09-28 01:22:34,412 [pool-537-thread-1] INFO  impl.RoleInfo (RoleInfo.java:updateAndGet(143)) - 56ead053-3964-44ed-9670-c8ae4c2fbfaa: start FollowerState
2019-09-28 01:22:34,413 [pool-537-thread-1] INFO  util.JmxRegister (JmxRegister.java:tryRegister(44)) - Successfully registered JMX Bean with object name Ratis:service=RaftServer,group=group-B47881B2A663,id=56ead053-3964-44ed-9670-c8ae4c2fbfaa
2019-09-28 01:22:34,415 [RatisPipelineUtilsThread] INFO  pipeline.PipelineStateManager (PipelineStateManager.java:addPipeline(56)) - Created pipeline Pipeline[ Id: 4fa60ed2-c89c-45ee-ad7c-b47881b2a663, Nodes: 56ead053-3964-44ed-9670-c8ae4c2fbfaa{ip: 192.168.151.82, host: pr-hdds-2162-8g7kw-3348123894, networkLocation: /rack1, certSerialId: null}, Type:RATIS, Factor:ONE, State:OPEN]
2019-09-28 01:22:34,422 [grpc-default-executor-2] INFO  impl.RaftServerProxy (RaftServerProxy.java:addNew(89)) - 599625e3-e1cb-4b64-bc73-5b316e5767eb: addNew group-EB3BD2D41DCF:[599625e3-e1cb-4b64-bc73-5b316e5767eb:192.168.151.82:41958] returns group-EB3BD2D41DCF:java.util.concurrent.CompletableFuture@61708b1[Not completed]
2019-09-28 01:22:34,423 [pool-557-thread-1] INFO  impl.RaftServerImpl (RaftServerImpl.java:<init>(95)) - 599625e3-e1cb-4b64-bc73-5b316e5767eb: new RaftServerImpl for group-EB3BD2D41DCF:[599625e3-e1cb-4b64-bc73-5b316e5767eb:192.168.151.82:41958] with ContainerStateMachine:uninitialized
2019-09-28 01:22:34,423 [pool-557-thread-1] INFO  server.RaftServerConfigKeys (ConfUtils.java:logGet(43)) - raft.server.rpc.timeout.min = 1s (custom)
2019-09-28 01:22:34,423 [pool-557-thread-1] INFO  server.RaftServerConfigKeys (ConfUtils.java:logGet(43)) - raft.server.rpc.timeout.max = 1200ms (custom)
2019-09-28 01:22:34,424 [pool-557-thread-1] INFO  server.RaftServerConfigKeys (ConfUtils.java:logGet(43)) - raft.server.rpcslowness.timeout = 120s (custom)
2019-09-28 01:22:34,424 [pool-557-thread-1] INFO  server.RaftServerConfigKeys (ConfUtils.java:logGet(43)) - raft.server.sleep.deviation.threshold = 300 (default)
2019-09-28 01:22:34,424 [pool-557-thread-1] INFO  server.RaftServerConfigKeys (ConfUtils.java:logGet(43)) - raft.server.log.appender.install.snapshot.enabled = false (custom)
2019-09-28 01:22:34,424 [pool-557-thread-1] INFO  impl.RaftServerImpl (ServerState.java:<init>(103)) - 599625e3-e1cb-4b64-bc73-5b316e5767eb@group-EB3BD2D41DCF: ConfigurationManager, init=-1: [599625e3-e1cb-4b64-bc73-5b316e5767eb:192.168.151.82:41958], old=null, confs=<EMPTY_MAP>
2019-09-28 01:22:34,424 [pool-557-thread-1] INFO  server.RaftServerConfigKeys (ConfUtils.java:logGet(43)) - raft.server.storage.dir = [/workdir/hadoop-ozone/integration-test/target/test-dir/MiniOzoneClusterImpl-8eac2880-3418-4680-a8af-a58fbadabff3/datanode-5/data/ratis] (custom)
2019-09-28 01:22:34,424 [pool-557-thread-1] INFO  storage.RaftStorageDirectory (RaftStorageDirectory.java:analyzeStorage(246)) - The storage directory /workdir/hadoop-ozone/integration-test/target/test-dir/MiniOzoneClusterImpl-8eac2880-3418-4680-a8af-a58fbadabff3/datanode-5/data/ratis/c9d6c4a0-7d4a-44e9-a67c-eb3bd2d41dcf does not exist. Creating ...
2019-09-28 01:22:34,437 [IPC Server handler 3 on 42786] INFO  net.NetworkTopology (NetworkTopologyImpl.java:add(111)) - Added a new node: /rack1/2105b257-0142-410d-878a-3a42adc43937
2019-09-28 01:22:34,437 [pool-557-thread-1] INFO  storage.RaftStorageDirectory (RaftStorageDirectory.java:tryLock(328)) - Lock on /workdir/hadoop-ozone/integration-test/target/test-dir/MiniOzoneClusterImpl-8eac2880-3418-4680-a8af-a58fbadabff3/datanode-5/data/ratis/c9d6c4a0-7d4a-44e9-a67c-eb3bd2d41dcf/in_use.lock acquired by nodename 30873@pr-hdds-2162-8g7kw-3348123894
2019-09-28 01:22:34,437 [IPC Server handler 3 on 42786] INFO  node.SCMNodeManager (SCMNodeManager.java:register(266)) - Registered Data node : 2105b257-0142-410d-878a-3a42adc43937{ip: 192.168.151.82, host: pr-hdds-2162-8g7kw-3348123894, networkLocation: /rack1, certSerialId: null}
2019-09-28 01:22:34,450 [pool-557-thread-1] INFO  storage.RaftStorage (RaftStorage.java:format(72)) - Storage directory /workdir/hadoop-ozone/integration-test/target/test-dir/MiniOzoneClusterImpl-8eac2880-3418-4680-a8af-a58fbadabff3/datanode-5/data/ratis/c9d6c4a0-7d4a-44e9-a67c-eb3bd2d41dcf has been successfully formatted.
2019-09-28 01:22:34,450 [pool-557-thread-1] INFO  ratis.ContainerStateMachine (ContainerStateMachine.java:loadSnapshot(230)) - group-EB3BD2D41DCF: The snapshot info is null. Setting the last applied indexto:(t:0, i:~)
2019-09-28 01:22:34,450 [pool-557-thread-1] INFO  server.RaftServerConfigKeys (ConfUtils.java:logGet(43)) - raft.server.notification.no-leader.timeout = 120s (custom)
2019-09-28 01:22:34,450 [pool-557-thread-1] INFO  server.RaftServerConfigKeys (ConfUtils.java:logGet(43)) - raft.server.log.use.memory = false (default)
2019-09-28 01:22:34,450 [pool-557-thread-1] INFO  server.RaftServerConfigKeys (ConfUtils.java:logGet(43)) - raft.server.log.purge.gap = 1000000 (custom)
2019-09-28 01:22:34,450 [pool-557-thread-1] INFO  server.RaftServerConfigKeys (ConfUtils.java:logGet(43)) - raft.server.log.appender.buffer.byte-limit = 33554432 (custom)
2019-09-28 01:22:34,451 [pool-557-thread-1] INFO  server.RaftServerConfigKeys (ConfUtils.java:logGet(43)) - raft.server.log.segment.size.max = 1048576 (custom)
2019-09-28 01:22:34,451 [pool-557-thread-1] INFO  server.RaftServerConfigKeys (ConfUtils.java:logGet(43)) - raft.server.log.segment.cache.num.max = 2 (custom)
2019-09-28 01:22:34,451 [pool-557-thread-1] INFO  segmented.SegmentedRaftLogWorker (SegmentedRaftLogWorker.java:<init>(172)) - new 599625e3-e1cb-4b64-bc73-5b316e5767eb@group-EB3BD2D41DCF-SegmentedRaftLogWorker for RaftStorage:Storage Directory /workdir/hadoop-ozone/integration-test/target/test-dir/MiniOzoneClusterImpl-8eac2880-3418-4680-a8af-a58fbadabff3/datanode-5/data/ratis/c9d6c4a0-7d4a-44e9-a67c-eb3bd2d41dcf
2019-09-28 01:22:34,452 [pool-557-thread-1] INFO  server.RaftServerConfigKeys (ConfUtils.java:logGet(43)) - raft.server.log.queue.byte-limit = 2147483647 (custom)
2019-09-28 01:22:34,452 [pool-557-thread-1] INFO  server.RaftServerConfigKeys (ConfUtils.java:logGet(43)) - raft.server.log.queue.element-limit = 1024 (custom)
2019-09-28 01:22:34,453 [pool-557-thread-1] INFO  server.RaftServerConfigKeys (ConfUtils.java:logGet(43)) - raft.server.log.segment.size.max = 1048576 (custom)
2019-09-28 01:22:34,453 [pool-557-thread-1] INFO  server.RaftServerConfigKeys (ConfUtils.java:logGet(43)) - raft.server.log.preallocated.size = 16384 (custom)
2019-09-28 01:22:34,453 [pool-557-thread-1] INFO  server.RaftServerConfigKeys (ConfUtils.java:logGet(43)) - raft.server.log.write.buffer.size = 33554432 (custom)
2019-09-28 01:22:34,453 [pool-557-thread-1] INFO  server.RaftServerConfigKeys (ConfUtils.java:logGet(43)) - raft.server.log.force.sync.num = 128 (default)
2019-09-28 01:22:34,453 [pool-557-thread-1] INFO  server.RaftServerConfigKeys (ConfUtils.java:logGet(43)) - raft.server.log.statemachine.data.sync = true (default)
2019-09-28 01:22:34,454 [pool-557-thread-1] INFO  server.RaftServerConfigKeys (ConfUtils.java:logGet(43)) - raft.server.log.statemachine.data.sync.timeout = 10s (default)
2019-09-28 01:22:34,454 [pool-557-thread-1] INFO  server.RaftServerConfigKeys (ConfUtils.java:logGet(43)) - raft.server.log.statemachine.data.sync.timeout.retry = -1 (default)
2019-09-28 01:22:34,454 [pool-557-thread-1] INFO  server.RaftServerConfigKeys (ConfUtils.java:logGet(43)) - raft.server.log.statemachine.data.caching.enabled = true (custom)
2019-09-28 01:22:34,454 [pool-557-thread-1] INFO  segmented.SegmentedRaftLogWorker (SegmentedRaftLogWorker.java:lambda$new$0(132)) - 599625e3-e1cb-4b64-bc73-5b316e5767eb@group-EB3BD2D41DCF-SegmentedRaftLogWorker: flushIndex: setUnconditionally 0 -> -1
2019-09-28 01:22:34,455 [pool-557-thread-1] INFO  server.RaftServerConfigKeys (ConfUtils.java:logGet(43)) - raft.server.snapshot.auto.trigger.enabled = true (custom)
2019-09-28 01:22:34,455 [pool-557-thread-1] INFO  server.RaftServerConfigKeys (ConfUtils.java:logGet(43)) - raft.server.snapshot.auto.trigger.threshold = 10000 (custom)
2019-09-28 01:22:34,455 [pool-557-thread-1] INFO  server.RaftServerConfigKeys (ConfUtils.java:logGet(43)) - raft.server.snapshot.retention.num.files = 5 (custom)
2019-09-28 01:22:34,455 [pool-557-thread-1] INFO  server.RaftServerConfigKeys (ConfUtils.java:logGet(43)) - raft.server.retrycache.expirytime = 600000ms (custom)
2019-09-28 01:22:34,456 [pool-557-thread-1] INFO  impl.RaftServerImpl (RaftServerImpl.java:start(185)) - 599625e3-e1cb-4b64-bc73-5b316e5767eb@group-EB3BD2D41DCF: start as a follower, conf=-1: [599625e3-e1cb-4b64-bc73-5b316e5767eb:192.168.151.82:41958], old=null
2019-09-28 01:22:34,457 [pool-557-thread-1] INFO  impl.RaftServerImpl (RaftServerImpl.java:setRole(174)) - 599625e3-e1cb-4b64-bc73-5b316e5767eb@group-EB3BD2D41DCF: changes role from      null to FOLLOWER at term 0 for startAsFollower
2019-09-28 01:22:34,457 [pool-557-thread-1] INFO  impl.RoleInfo (RoleInfo.java:updateAndGet(143)) - 599625e3-e1cb-4b64-bc73-5b316e5767eb: start FollowerState
2019-09-28 01:22:34,457 [pool-557-thread-1] INFO  util.JmxRegister (JmxRegister.java:tryRegister(44)) - Successfully registered JMX Bean with object name Ratis:service=RaftServer,group=group-EB3BD2D41DCF,id=599625e3-e1cb-4b64-bc73-5b316e5767eb
2019-09-28 01:22:34,459 [RatisPipelineUtilsThread] INFO  pipeline.PipelineStateManager (PipelineStateManager.java:addPipeline(56)) - Created pipeline Pipeline[ Id: c9d6c4a0-7d4a-44e9-a67c-eb3bd2d41dcf, Nodes: 599625e3-e1cb-4b64-bc73-5b316e5767eb{ip: 192.168.151.82, host: pr-hdds-2162-8g7kw-3348123894, networkLocation: /rack1, certSerialId: null}, Type:RATIS, Factor:ONE, State:OPEN]
2019-09-28 01:22:34,470 [grpc-default-executor-2] INFO  impl.RaftServerProxy (RaftServerProxy.java:addNew(89)) - 2105b257-0142-410d-878a-3a42adc43937: addNew group-843896BCDBC6:[2105b257-0142-410d-878a-3a42adc43937:192.168.151.82:40343] returns group-843896BCDBC6:java.util.concurrent.CompletableFuture@2cacb88a[Not completed]
2019-09-28 01:22:34,471 [pool-567-thread-1] INFO  impl.RaftServerImpl (RaftServerImpl.java:<init>(95)) - 2105b257-0142-410d-878a-3a42adc43937: new RaftServerImpl for group-843896BCDBC6:[2105b257-0142-410d-878a-3a42adc43937:192.168.151.82:40343] with ContainerStateMachine:uninitialized
2019-09-28 01:22:34,471 [pool-567-thread-1] INFO  server.RaftServerConfigKeys (ConfUtils.java:logGet(43)) - raft.server.rpc.timeout.min = 1s (custom)
2019-09-28 01:22:34,471 [pool-567-thread-1] INFO  server.RaftServerConfigKeys (ConfUtils.java:logGet(43)) - raft.server.rpc.timeout.max = 1200ms (custom)
2019-09-28 01:22:34,471 [pool-567-thread-1] INFO  server.RaftServerConfigKeys (ConfUtils.java:logGet(43)) - raft.server.rpcslowness.timeout = 120s (custom)
2019-09-28 01:22:34,471 [pool-567-thread-1] INFO  server.RaftServerConfigKeys (ConfUtils.java:logGet(43)) - raft.server.sleep.deviation.threshold = 300 (default)
2019-09-28 01:22:34,471 [pool-567-thread-1] INFO  server.RaftServerConfigKeys (ConfUtils.java:logGet(43)) - raft.server.log.appender.install.snapshot.enabled = false (custom)
2019-09-28 01:22:34,471 [pool-567-thread-1] INFO  impl.RaftServerImpl (ServerState.java:<init>(103)) - 2105b257-0142-410d-878a-3a42adc43937@group-843896BCDBC6: ConfigurationManager, init=-1: [2105b257-0142-410d-878a-3a42adc43937:192.168.151.82:40343], old=null, confs=<EMPTY_MAP>
2019-09-28 01:22:34,471 [pool-567-thread-1] INFO  server.RaftServerConfigKeys (ConfUtils.java:logGet(43)) - raft.server.storage.dir = [/workdir/hadoop-ozone/integration-test/target/test-dir/MiniOzoneClusterImpl-8eac2880-3418-4680-a8af-a58fbadabff3/datanode-6/data/ratis] (custom)
2019-09-28 01:22:34,472 [pool-567-thread-1] INFO  storage.RaftStorageDirectory (RaftStorageDirectory.java:analyzeStorage(246)) - The storage directory /workdir/hadoop-ozone/integration-test/target/test-dir/MiniOzoneClusterImpl-8eac2880-3418-4680-a8af-a58fbadabff3/datanode-6/data/ratis/f52c9a9f-d3c0-4e69-9dc4-843896bcdbc6 does not exist. Creating ...
2019-09-28 01:22:34,484 [pool-567-thread-1] INFO  storage.RaftStorageDirectory (RaftStorageDirectory.java:tryLock(328)) - Lock on /workdir/hadoop-ozone/integration-test/target/test-dir/MiniOzoneClusterImpl-8eac2880-3418-4680-a8af-a58fbadabff3/datanode-6/data/ratis/f52c9a9f-d3c0-4e69-9dc4-843896bcdbc6/in_use.lock acquired by nodename 30873@pr-hdds-2162-8g7kw-3348123894
2019-09-28 01:22:34,498 [pool-567-thread-1] INFO  storage.RaftStorage (RaftStorage.java:format(72)) - Storage directory /workdir/hadoop-ozone/integration-test/target/test-dir/MiniOzoneClusterImpl-8eac2880-3418-4680-a8af-a58fbadabff3/datanode-6/data/ratis/f52c9a9f-d3c0-4e69-9dc4-843896bcdbc6 has been successfully formatted.
2019-09-28 01:22:34,498 [pool-567-thread-1] INFO  ratis.ContainerStateMachine (ContainerStateMachine.java:loadSnapshot(230)) - group-843896BCDBC6: The snapshot info is null. Setting the last applied indexto:(t:0, i:~)
2019-09-28 01:22:34,498 [pool-567-thread-1] INFO  server.RaftServerConfigKeys (ConfUtils.java:logGet(43)) - raft.server.notification.no-leader.timeout = 120s (custom)
2019-09-28 01:22:34,498 [pool-567-thread-1] INFO  server.RaftServerConfigKeys (ConfUtils.java:logGet(43)) - raft.server.log.use.memory = false (default)
2019-09-28 01:22:34,498 [pool-567-thread-1] INFO  server.RaftServerConfigKeys (ConfUtils.java:logGet(43)) - raft.server.log.purge.gap = 1000000 (custom)
2019-09-28 01:22:34,498 [pool-567-thread-1] INFO  server.RaftServerConfigKeys (ConfUtils.java:logGet(43)) - raft.server.log.appender.buffer.byte-limit = 33554432 (custom)
2019-09-28 01:22:34,499 [pool-567-thread-1] INFO  server.RaftServerConfigKeys (ConfUtils.java:logGet(43)) - raft.server.log.segment.size.max = 1048576 (custom)
2019-09-28 01:22:34,499 [pool-567-thread-1] INFO  server.RaftServerConfigKeys (ConfUtils.java:logGet(43)) - raft.server.log.segment.cache.num.max = 2 (custom)
2019-09-28 01:22:34,499 [pool-567-thread-1] INFO  segmented.SegmentedRaftLogWorker (SegmentedRaftLogWorker.java:<init>(172)) - new 2105b257-0142-410d-878a-3a42adc43937@group-843896BCDBC6-SegmentedRaftLogWorker for RaftStorage:Storage Directory /workdir/hadoop-ozone/integration-test/target/test-dir/MiniOzoneClusterImpl-8eac2880-3418-4680-a8af-a58fbadabff3/datanode-6/data/ratis/f52c9a9f-d3c0-4e69-9dc4-843896bcdbc6
2019-09-28 01:22:34,500 [pool-567-thread-1] INFO  server.RaftServerConfigKeys (ConfUtils.java:logGet(43)) - raft.server.log.queue.byte-limit = 2147483647 (custom)
2019-09-28 01:22:34,501 [pool-567-thread-1] INFO  server.RaftServerConfigKeys (ConfUtils.java:logGet(43)) - raft.server.log.queue.element-limit = 1024 (custom)
2019-09-28 01:22:34,501 [pool-567-thread-1] INFO  server.RaftServerConfigKeys (ConfUtils.java:logGet(43)) - raft.server.log.segment.size.max = 1048576 (custom)
2019-09-28 01:22:34,501 [pool-567-thread-1] INFO  server.RaftServerConfigKeys (ConfUtils.java:logGet(43)) - raft.server.log.preallocated.size = 16384 (custom)
2019-09-28 01:22:34,501 [pool-567-thread-1] INFO  server.RaftServerConfigKeys (ConfUtils.java:logGet(43)) - raft.server.log.write.buffer.size = 33554432 (custom)
2019-09-28 01:22:34,501 [pool-567-thread-1] INFO  server.RaftServerConfigKeys (ConfUtils.java:logGet(43)) - raft.server.log.force.sync.num = 128 (default)
2019-09-28 01:22:34,502 [pool-567-thread-1] INFO  server.RaftServerConfigKeys (ConfUtils.java:logGet(43)) - raft.server.log.statemachine.data.sync = true (default)
2019-09-28 01:22:34,502 [pool-567-thread-1] INFO  server.RaftServerConfigKeys (ConfUtils.java:logGet(43)) - raft.server.log.statemachine.data.sync.timeout = 10s (default)
2019-09-28 01:22:34,502 [pool-567-thread-1] INFO  server.RaftServerConfigKeys (ConfUtils.java:logGet(43)) - raft.server.log.statemachine.data.sync.timeout.retry = -1 (default)
2019-09-28 01:22:34,502 [IPC Server handler 4 on 42786] INFO  net.NetworkTopology (NetworkTopologyImpl.java:add(111)) - Added a new node: /rack1/59fee26f-c6e1-49c3-9274-8c3c2be11206
2019-09-28 01:22:34,502 [pool-567-thread-1] INFO  server.RaftServerConfigKeys (ConfUtils.java:logGet(43)) - raft.server.log.statemachine.data.caching.enabled = true (custom)
2019-09-28 01:22:34,503 [IPC Server handler 4 on 42786] INFO  node.SCMNodeManager (SCMNodeManager.java:register(266)) - Registered Data node : 59fee26f-c6e1-49c3-9274-8c3c2be11206{ip: 192.168.151.82, host: pr-hdds-2162-8g7kw-3348123894, networkLocation: /rack1, certSerialId: null}
2019-09-28 01:22:34,503 [pool-567-thread-1] INFO  segmented.SegmentedRaftLogWorker (SegmentedRaftLogWorker.java:lambda$new$0(132)) - 2105b257-0142-410d-878a-3a42adc43937@group-843896BCDBC6-SegmentedRaftLogWorker: flushIndex: setUnconditionally 0 -> -1
2019-09-28 01:22:34,503 [pool-567-thread-1] INFO  server.RaftServerConfigKeys (ConfUtils.java:logGet(43)) - raft.server.snapshot.auto.trigger.enabled = true (custom)
2019-09-28 01:22:34,504 [pool-567-thread-1] INFO  server.RaftServerConfigKeys (ConfUtils.java:logGet(43)) - raft.server.snapshot.auto.trigger.threshold = 10000 (custom)
2019-09-28 01:22:34,504 [pool-567-thread-1] INFO  server.RaftServerConfigKeys (ConfUtils.java:logGet(43)) - raft.server.snapshot.retention.num.files = 5 (custom)
2019-09-28 01:22:34,504 [pool-567-thread-1] INFO  server.RaftServerConfigKeys (ConfUtils.java:logGet(43)) - raft.server.retrycache.expirytime = 600000ms (custom)
2019-09-28 01:22:34,506 [pool-567-thread-1] INFO  impl.RaftServerImpl (RaftServerImpl.java:start(185)) - 2105b257-0142-410d-878a-3a42adc43937@group-843896BCDBC6: start as a follower, conf=-1: [2105b257-0142-410d-878a-3a42adc43937:192.168.151.82:40343], old=null
2019-09-28 01:22:34,506 [pool-567-thread-1] INFO  impl.RaftServerImpl (RaftServerImpl.java:setRole(174)) - 2105b257-0142-410d-878a-3a42adc43937@group-843896BCDBC6: changes role from      null to FOLLOWER at term 0 for startAsFollower
2019-09-28 01:22:34,506 [pool-567-thread-1] INFO  impl.RoleInfo (RoleInfo.java:updateAndGet(143)) - 2105b257-0142-410d-878a-3a42adc43937: start FollowerState
2019-09-28 01:22:34,507 [pool-567-thread-1] INFO  util.JmxRegister (JmxRegister.java:tryRegister(44)) - Successfully registered JMX Bean with object name Ratis:service=RaftServer,group=group-843896BCDBC6,id=2105b257-0142-410d-878a-3a42adc43937
2019-09-28 01:22:34,509 [RatisPipelineUtilsThread] INFO  pipeline.PipelineStateManager (PipelineStateManager.java:addPipeline(56)) - Created pipeline Pipeline[ Id: f52c9a9f-d3c0-4e69-9dc4-843896bcdbc6, Nodes: 2105b257-0142-410d-878a-3a42adc43937{ip: 192.168.151.82, host: pr-hdds-2162-8g7kw-3348123894, networkLocation: /rack1, certSerialId: null}, Type:RATIS, Factor:ONE, State:OPEN]
2019-09-28 01:22:34,521 [grpc-default-executor-2] INFO  impl.RaftServerProxy (RaftServerProxy.java:addNew(89)) - 59fee26f-c6e1-49c3-9274-8c3c2be11206: addNew group-F884C6883C76:[59fee26f-c6e1-49c3-9274-8c3c2be11206:192.168.151.82:36557] returns group-F884C6883C76:java.util.concurrent.CompletableFuture@5e8890ed[Not completed]
2019-09-28 01:22:34,522 [pool-577-thread-1] INFO  impl.RaftServerImpl (RaftServerImpl.java:<init>(95)) - 59fee26f-c6e1-49c3-9274-8c3c2be11206: new RaftServerImpl for group-F884C6883C76:[59fee26f-c6e1-49c3-9274-8c3c2be11206:192.168.151.82:36557] with ContainerStateMachine:uninitialized
2019-09-28 01:22:34,522 [pool-577-thread-1] INFO  server.RaftServerConfigKeys (ConfUtils.java:logGet(43)) - raft.server.rpc.timeout.min = 1s (custom)
2019-09-28 01:22:34,522 [pool-577-thread-1] INFO  server.RaftServerConfigKeys (ConfUtils.java:logGet(43)) - raft.server.rpc.timeout.max = 1200ms (custom)
2019-09-28 01:22:34,523 [pool-577-thread-1] INFO  server.RaftServerConfigKeys (ConfUtils.java:logGet(43)) - raft.server.rpcslowness.timeout = 120s (custom)
2019-09-28 01:22:34,523 [pool-577-thread-1] INFO  server.RaftServerConfigKeys (ConfUtils.java:logGet(43)) - raft.server.sleep.deviation.threshold = 300 (default)
2019-09-28 01:22:34,523 [pool-577-thread-1] INFO  server.RaftServerConfigKeys (ConfUtils.java:logGet(43)) - raft.server.log.appender.install.snapshot.enabled = false (custom)
2019-09-28 01:22:34,523 [pool-577-thread-1] INFO  impl.RaftServerImpl (ServerState.java:<init>(103)) - 59fee26f-c6e1-49c3-9274-8c3c2be11206@group-F884C6883C76: ConfigurationManager, init=-1: [59fee26f-c6e1-49c3-9274-8c3c2be11206:192.168.151.82:36557], old=null, confs=<EMPTY_MAP>
2019-09-28 01:22:34,523 [pool-577-thread-1] INFO  server.RaftServerConfigKeys (ConfUtils.java:logGet(43)) - raft.server.storage.dir = [/workdir/hadoop-ozone/integration-test/target/test-dir/MiniOzoneClusterImpl-8eac2880-3418-4680-a8af-a58fbadabff3/datanode-7/data/ratis] (custom)
2019-09-28 01:22:34,523 [pool-577-thread-1] INFO  storage.RaftStorageDirectory (RaftStorageDirectory.java:analyzeStorage(246)) - The storage directory /workdir/hadoop-ozone/integration-test/target/test-dir/MiniOzoneClusterImpl-8eac2880-3418-4680-a8af-a58fbadabff3/datanode-7/data/ratis/1a139093-3084-476d-b23f-f884c6883c76 does not exist. Creating ...
2019-09-28 01:22:34,536 [pool-577-thread-1] INFO  storage.RaftStorageDirectory (RaftStorageDirectory.java:tryLock(328)) - Lock on /workdir/hadoop-ozone/integration-test/target/test-dir/MiniOzoneClusterImpl-8eac2880-3418-4680-a8af-a58fbadabff3/datanode-7/data/ratis/1a139093-3084-476d-b23f-f884c6883c76/in_use.lock acquired by nodename 30873@pr-hdds-2162-8g7kw-3348123894
2019-09-28 01:22:34,549 [pool-577-thread-1] INFO  storage.RaftStorage (RaftStorage.java:format(72)) - Storage directory /workdir/hadoop-ozone/integration-test/target/test-dir/MiniOzoneClusterImpl-8eac2880-3418-4680-a8af-a58fbadabff3/datanode-7/data/ratis/1a139093-3084-476d-b23f-f884c6883c76 has been successfully formatted.
2019-09-28 01:22:34,549 [pool-577-thread-1] INFO  ratis.ContainerStateMachine (ContainerStateMachine.java:loadSnapshot(230)) - group-F884C6883C76: The snapshot info is null. Setting the last applied indexto:(t:0, i:~)
2019-09-28 01:22:34,549 [pool-577-thread-1] INFO  server.RaftServerConfigKeys (ConfUtils.java:logGet(43)) - raft.server.notification.no-leader.timeout = 120s (custom)
2019-09-28 01:22:34,549 [pool-577-thread-1] INFO  server.RaftServerConfigKeys (ConfUtils.java:logGet(43)) - raft.server.log.use.memory = false (default)
2019-09-28 01:22:34,549 [pool-577-thread-1] INFO  server.RaftServerConfigKeys (ConfUtils.java:logGet(43)) - raft.server.log.purge.gap = 1000000 (custom)
2019-09-28 01:22:34,550 [pool-577-thread-1] INFO  server.RaftServerConfigKeys (ConfUtils.java:logGet(43)) - raft.server.log.appender.buffer.byte-limit = 33554432 (custom)
2019-09-28 01:22:34,550 [pool-577-thread-1] INFO  server.RaftServerConfigKeys (ConfUtils.java:logGet(43)) - raft.server.log.segment.size.max = 1048576 (custom)
2019-09-28 01:22:34,550 [pool-577-thread-1] INFO  server.RaftServerConfigKeys (ConfUtils.java:logGet(43)) - raft.server.log.segment.cache.num.max = 2 (custom)
2019-09-28 01:22:34,550 [pool-577-thread-1] INFO  segmented.SegmentedRaftLogWorker (SegmentedRaftLogWorker.java:<init>(172)) - new 59fee26f-c6e1-49c3-9274-8c3c2be11206@group-F884C6883C76-SegmentedRaftLogWorker for RaftStorage:Storage Directory /workdir/hadoop-ozone/integration-test/target/test-dir/MiniOzoneClusterImpl-8eac2880-3418-4680-a8af-a58fbadabff3/datanode-7/data/ratis/1a139093-3084-476d-b23f-f884c6883c76
2019-09-28 01:22:34,551 [pool-577-thread-1] INFO  server.RaftServerConfigKeys (ConfUtils.java:logGet(43)) - raft.server.log.queue.byte-limit = 2147483647 (custom)
2019-09-28 01:22:34,552 [pool-577-thread-1] INFO  server.RaftServerConfigKeys (ConfUtils.java:logGet(43)) - raft.server.log.queue.element-limit = 1024 (custom)
2019-09-28 01:22:34,552 [pool-577-thread-1] INFO  server.RaftServerConfigKeys (ConfUtils.java:logGet(43)) - raft.server.log.segment.size.max = 1048576 (custom)
2019-09-28 01:22:34,552 [pool-577-thread-1] INFO  server.RaftServerConfigKeys (ConfUtils.java:logGet(43)) - raft.server.log.preallocated.size = 16384 (custom)
2019-09-28 01:22:34,552 [pool-577-thread-1] INFO  server.RaftServerConfigKeys (ConfUtils.java:logGet(43)) - raft.server.log.write.buffer.size = 33554432 (custom)
2019-09-28 01:22:34,552 [pool-577-thread-1] INFO  server.RaftServerConfigKeys (ConfUtils.java:logGet(43)) - raft.server.log.force.sync.num = 128 (default)
2019-09-28 01:22:34,552 [pool-577-thread-1] INFO  server.RaftServerConfigKeys (ConfUtils.java:logGet(43)) - raft.server.log.statemachine.data.sync = true (default)
2019-09-28 01:22:34,552 [pool-577-thread-1] INFO  server.RaftServerConfigKeys (ConfUtils.java:logGet(43)) - raft.server.log.statemachine.data.sync.timeout = 10s (default)
2019-09-28 01:22:34,553 [pool-577-thread-1] INFO  server.RaftServerConfigKeys (ConfUtils.java:logGet(43)) - raft.server.log.statemachine.data.sync.timeout.retry = -1 (default)
2019-09-28 01:22:34,553 [pool-577-thread-1] INFO  server.RaftServerConfigKeys (ConfUtils.java:logGet(43)) - raft.server.log.statemachine.data.caching.enabled = true (custom)
2019-09-28 01:22:34,553 [pool-577-thread-1] INFO  segmented.SegmentedRaftLogWorker (SegmentedRaftLogWorker.java:lambda$new$0(132)) - 59fee26f-c6e1-49c3-9274-8c3c2be11206@group-F884C6883C76-SegmentedRaftLogWorker: flushIndex: setUnconditionally 0 -> -1
2019-09-28 01:22:34,553 [pool-577-thread-1] INFO  server.RaftServerConfigKeys (ConfUtils.java:logGet(43)) - raft.server.snapshot.auto.trigger.enabled = true (custom)
2019-09-28 01:22:34,553 [pool-577-thread-1] INFO  server.RaftServerConfigKeys (ConfUtils.java:logGet(43)) - raft.server.snapshot.auto.trigger.threshold = 10000 (custom)
2019-09-28 01:22:34,554 [pool-577-thread-1] INFO  server.RaftServerConfigKeys (ConfUtils.java:logGet(43)) - raft.server.snapshot.retention.num.files = 5 (custom)
2019-09-28 01:22:34,554 [pool-577-thread-1] INFO  server.RaftServerConfigKeys (ConfUtils.java:logGet(43)) - raft.server.retrycache.expirytime = 600000ms (custom)
2019-09-28 01:22:34,555 [pool-577-thread-1] INFO  impl.RaftServerImpl (RaftServerImpl.java:start(185)) - 59fee26f-c6e1-49c3-9274-8c3c2be11206@group-F884C6883C76: start as a follower, conf=-1: [59fee26f-c6e1-49c3-9274-8c3c2be11206:192.168.151.82:36557], old=null
2019-09-28 01:22:34,555 [pool-577-thread-1] INFO  impl.RaftServerImpl (RaftServerImpl.java:setRole(174)) - 59fee26f-c6e1-49c3-9274-8c3c2be11206@group-F884C6883C76: changes role from      null to FOLLOWER at term 0 for startAsFollower
2019-09-28 01:22:34,556 [pool-577-thread-1] INFO  impl.RoleInfo (RoleInfo.java:updateAndGet(143)) - 59fee26f-c6e1-49c3-9274-8c3c2be11206: start FollowerState
2019-09-28 01:22:34,556 [pool-577-thread-1] INFO  util.JmxRegister (JmxRegister.java:tryRegister(44)) - Successfully registered JMX Bean with object name Ratis:service=RaftServer,group=group-F884C6883C76,id=59fee26f-c6e1-49c3-9274-8c3c2be11206
2019-09-28 01:22:34,558 [RatisPipelineUtilsThread] INFO  pipeline.PipelineStateManager (PipelineStateManager.java:addPipeline(56)) - Created pipeline Pipeline[ Id: 1a139093-3084-476d-b23f-f884c6883c76, Nodes: 59fee26f-c6e1-49c3-9274-8c3c2be11206{ip: 192.168.151.82, host: pr-hdds-2162-8g7kw-3348123894, networkLocation: /rack1, certSerialId: null}, Type:RATIS, Factor:ONE, State:OPEN]
2019-09-28 01:22:34,574 [IPC Server handler 5 on 42786] INFO  net.NetworkTopology (NetworkTopologyImpl.java:add(111)) - Added a new node: /rack1/ad975564-5630-4282-b461-53b5e1a77035
2019-09-28 01:22:34,574 [IPC Server handler 5 on 42786] INFO  node.SCMNodeManager (SCMNodeManager.java:register(266)) - Registered Data node : ad975564-5630-4282-b461-53b5e1a77035{ip: 192.168.151.82, host: pr-hdds-2162-8g7kw-3348123894, networkLocation: /rack1, certSerialId: null}
2019-09-28 01:22:34,574 [grpc-default-executor-2] INFO  impl.RaftServerProxy (RaftServerProxy.java:addNew(89)) - 2105b257-0142-410d-878a-3a42adc43937: addNew group-41934B498518:[599625e3-e1cb-4b64-bc73-5b316e5767eb:192.168.151.82:41958, 8d9bf5b9-80ed-47d1-abcd-8ac159088982:192.168.151.82:45900, 2105b257-0142-410d-878a-3a42adc43937:192.168.151.82:40343] returns group-41934B498518:java.util.concurrent.CompletableFuture@601bf9a[Not completed]
2019-09-28 01:22:34,574 [grpc-default-executor-0] INFO  impl.RaftServerProxy (RaftServerProxy.java:addNew(89)) - 599625e3-e1cb-4b64-bc73-5b316e5767eb: addNew group-41934B498518:[599625e3-e1cb-4b64-bc73-5b316e5767eb:192.168.151.82:41958, 8d9bf5b9-80ed-47d1-abcd-8ac159088982:192.168.151.82:45900, 2105b257-0142-410d-878a-3a42adc43937:192.168.151.82:40343] returns group-41934B498518:java.util.concurrent.CompletableFuture@5452e8e1[Not completed]
2019-09-28 01:22:34,574 [grpc-default-executor-1] INFO  impl.RaftServerProxy (RaftServerProxy.java:addNew(89)) - 8d9bf5b9-80ed-47d1-abcd-8ac159088982: addNew group-41934B498518:[599625e3-e1cb-4b64-bc73-5b316e5767eb:192.168.151.82:41958, 8d9bf5b9-80ed-47d1-abcd-8ac159088982:192.168.151.82:45900, 2105b257-0142-410d-878a-3a42adc43937:192.168.151.82:40343] returns group-41934B498518:java.util.concurrent.CompletableFuture@6d8eda63[Not completed]
2019-09-28 01:22:34,576 [pool-547-thread-1] INFO  impl.RaftServerImpl (RaftServerImpl.java:<init>(95)) - 8d9bf5b9-80ed-47d1-abcd-8ac159088982: new RaftServerImpl for group-41934B498518:[599625e3-e1cb-4b64-bc73-5b316e5767eb:192.168.151.82:41958, 8d9bf5b9-80ed-47d1-abcd-8ac159088982:192.168.151.82:45900, 2105b257-0142-410d-878a-3a42adc43937:192.168.151.82:40343] with ContainerStateMachine:uninitialized
2019-09-28 01:22:34,576 [pool-547-thread-1] INFO  server.RaftServerConfigKeys (ConfUtils.java:logGet(43)) - raft.server.rpc.timeout.min = 1s (custom)
2019-09-28 01:22:34,576 [pool-547-thread-1] INFO  server.RaftServerConfigKeys (ConfUtils.java:logGet(43)) - raft.server.rpc.timeout.max = 1200ms (custom)
2019-09-28 01:22:34,576 [pool-547-thread-1] INFO  server.RaftServerConfigKeys (ConfUtils.java:logGet(43)) - raft.server.rpcslowness.timeout = 120s (custom)
2019-09-28 01:22:34,576 [pool-547-thread-1] INFO  server.RaftServerConfigKeys (ConfUtils.java:logGet(43)) - raft.server.sleep.deviation.threshold = 300 (default)
2019-09-28 01:22:34,576 [pool-547-thread-1] INFO  server.RaftServerConfigKeys (ConfUtils.java:logGet(43)) - raft.server.log.appender.install.snapshot.enabled = false (custom)
2019-09-28 01:22:34,577 [pool-547-thread-1] INFO  impl.RaftServerImpl (ServerState.java:<init>(103)) - 8d9bf5b9-80ed-47d1-abcd-8ac159088982@group-41934B498518: ConfigurationManager, init=-1: [599625e3-e1cb-4b64-bc73-5b316e5767eb:192.168.151.82:41958, 8d9bf5b9-80ed-47d1-abcd-8ac159088982:192.168.151.82:45900, 2105b257-0142-410d-878a-3a42adc43937:192.168.151.82:40343], old=null, confs=<EMPTY_MAP>
2019-09-28 01:22:34,577 [pool-547-thread-1] INFO  server.RaftServerConfigKeys (ConfUtils.java:logGet(43)) - raft.server.storage.dir = [/workdir/hadoop-ozone/integration-test/target/test-dir/MiniOzoneClusterImpl-8eac2880-3418-4680-a8af-a58fbadabff3/datanode-4/data/ratis] (custom)
2019-09-28 01:22:34,577 [pool-567-thread-1] INFO  impl.RaftServerImpl (RaftServerImpl.java:<init>(95)) - 2105b257-0142-410d-878a-3a42adc43937: new RaftServerImpl for group-41934B498518:[599625e3-e1cb-4b64-bc73-5b316e5767eb:192.168.151.82:41958, 8d9bf5b9-80ed-47d1-abcd-8ac159088982:192.168.151.82:45900, 2105b257-0142-410d-878a-3a42adc43937:192.168.151.82:40343] with ContainerStateMachine:uninitialized
2019-09-28 01:22:34,577 [pool-567-thread-1] INFO  server.RaftServerConfigKeys (ConfUtils.java:logGet(43)) - raft.server.rpc.timeout.min = 1s (custom)
2019-09-28 01:22:34,577 [pool-547-thread-1] INFO  storage.RaftStorageDirectory (RaftStorageDirectory.java:analyzeStorage(246)) - The storage directory /workdir/hadoop-ozone/integration-test/target/test-dir/MiniOzoneClusterImpl-8eac2880-3418-4680-a8af-a58fbadabff3/datanode-4/data/ratis/137c7e27-ee33-4eef-a8fb-41934b498518 does not exist. Creating ...
2019-09-28 01:22:34,578 [pool-567-thread-1] INFO  server.RaftServerConfigKeys (ConfUtils.java:logGet(43)) - raft.server.rpc.timeout.max = 1200ms (custom)
2019-09-28 01:22:34,578 [pool-557-thread-1] INFO  impl.RaftServerImpl (RaftServerImpl.java:<init>(95)) - 599625e3-e1cb-4b64-bc73-5b316e5767eb: new RaftServerImpl for group-41934B498518:[599625e3-e1cb-4b64-bc73-5b316e5767eb:192.168.151.82:41958, 8d9bf5b9-80ed-47d1-abcd-8ac159088982:192.168.151.82:45900, 2105b257-0142-410d-878a-3a42adc43937:192.168.151.82:40343] with ContainerStateMachine:uninitialized
2019-09-28 01:22:34,578 [pool-567-thread-1] INFO  server.RaftServerConfigKeys (ConfUtils.java:logGet(43)) - raft.server.rpcslowness.timeout = 120s (custom)
2019-09-28 01:22:34,578 [pool-557-thread-1] INFO  server.RaftServerConfigKeys (ConfUtils.java:logGet(43)) - raft.server.rpc.timeout.min = 1s (custom)
2019-09-28 01:22:34,578 [pool-567-thread-1] INFO  server.RaftServerConfigKeys (ConfUtils.java:logGet(43)) - raft.server.sleep.deviation.threshold = 300 (default)
2019-09-28 01:22:34,578 [pool-557-thread-1] INFO  server.RaftServerConfigKeys (ConfUtils.java:logGet(43)) - raft.server.rpc.timeout.max = 1200ms (custom)
2019-09-28 01:22:34,579 [pool-567-thread-1] INFO  server.RaftServerConfigKeys (ConfUtils.java:logGet(43)) - raft.server.log.appender.install.snapshot.enabled = false (custom)
2019-09-28 01:22:34,579 [pool-557-thread-1] INFO  server.RaftServerConfigKeys (ConfUtils.java:logGet(43)) - raft.server.rpcslowness.timeout = 120s (custom)
2019-09-28 01:22:34,579 [pool-567-thread-1] INFO  impl.RaftServerImpl (ServerState.java:<init>(103)) - 2105b257-0142-410d-878a-3a42adc43937@group-41934B498518: ConfigurationManager, init=-1: [599625e3-e1cb-4b64-bc73-5b316e5767eb:192.168.151.82:41958, 8d9bf5b9-80ed-47d1-abcd-8ac159088982:192.168.151.82:45900, 2105b257-0142-410d-878a-3a42adc43937:192.168.151.82:40343], old=null, confs=<EMPTY_MAP>
2019-09-28 01:22:34,579 [pool-557-thread-1] INFO  server.RaftServerConfigKeys (ConfUtils.java:logGet(43)) - raft.server.sleep.deviation.threshold = 300 (default)
2019-09-28 01:22:34,579 [pool-567-thread-1] INFO  server.RaftServerConfigKeys (ConfUtils.java:logGet(43)) - raft.server.storage.dir = [/workdir/hadoop-ozone/integration-test/target/test-dir/MiniOzoneClusterImpl-8eac2880-3418-4680-a8af-a58fbadabff3/datanode-6/data/ratis] (custom)
2019-09-28 01:22:34,579 [pool-557-thread-1] INFO  server.RaftServerConfigKeys (ConfUtils.java:logGet(43)) - raft.server.log.appender.install.snapshot.enabled = false (custom)
2019-09-28 01:22:34,580 [pool-557-thread-1] INFO  impl.RaftServerImpl (ServerState.java:<init>(103)) - 599625e3-e1cb-4b64-bc73-5b316e5767eb@group-41934B498518: ConfigurationManager, init=-1: [599625e3-e1cb-4b64-bc73-5b316e5767eb:192.168.151.82:41958, 8d9bf5b9-80ed-47d1-abcd-8ac159088982:192.168.151.82:45900, 2105b257-0142-410d-878a-3a42adc43937:192.168.151.82:40343], old=null, confs=<EMPTY_MAP>
2019-09-28 01:22:34,580 [pool-557-thread-1] INFO  server.RaftServerConfigKeys (ConfUtils.java:logGet(43)) - raft.server.storage.dir = [/workdir/hadoop-ozone/integration-test/target/test-dir/MiniOzoneClusterImpl-8eac2880-3418-4680-a8af-a58fbadabff3/datanode-5/data/ratis] (custom)
2019-09-28 01:22:34,580 [pool-567-thread-1] INFO  storage.RaftStorageDirectory (RaftStorageDirectory.java:analyzeStorage(246)) - The storage directory /workdir/hadoop-ozone/integration-test/target/test-dir/MiniOzoneClusterImpl-8eac2880-3418-4680-a8af-a58fbadabff3/datanode-6/data/ratis/137c7e27-ee33-4eef-a8fb-41934b498518 does not exist. Creating ...
2019-09-28 01:22:34,580 [pool-557-thread-1] INFO  storage.RaftStorageDirectory (RaftStorageDirectory.java:analyzeStorage(246)) - The storage directory /workdir/hadoop-ozone/integration-test/target/test-dir/MiniOzoneClusterImpl-8eac2880-3418-4680-a8af-a58fbadabff3/datanode-5/data/ratis/137c7e27-ee33-4eef-a8fb-41934b498518 does not exist. Creating ...
2019-09-28 01:22:34,591 [pool-557-thread-1] INFO  storage.RaftStorageDirectory (RaftStorageDirectory.java:tryLock(328)) - Lock on /workdir/hadoop-ozone/integration-test/target/test-dir/MiniOzoneClusterImpl-8eac2880-3418-4680-a8af-a58fbadabff3/datanode-5/data/ratis/137c7e27-ee33-4eef-a8fb-41934b498518/in_use.lock acquired by nodename 30873@pr-hdds-2162-8g7kw-3348123894
2019-09-28 01:22:34,591 [pool-567-thread-1] INFO  storage.RaftStorageDirectory (RaftStorageDirectory.java:tryLock(328)) - Lock on /workdir/hadoop-ozone/integration-test/target/test-dir/MiniOzoneClusterImpl-8eac2880-3418-4680-a8af-a58fbadabff3/datanode-6/data/ratis/137c7e27-ee33-4eef-a8fb-41934b498518/in_use.lock acquired by nodename 30873@pr-hdds-2162-8g7kw-3348123894
2019-09-28 01:22:34,591 [pool-547-thread-1] INFO  storage.RaftStorageDirectory (RaftStorageDirectory.java:tryLock(328)) - Lock on /workdir/hadoop-ozone/integration-test/target/test-dir/MiniOzoneClusterImpl-8eac2880-3418-4680-a8af-a58fbadabff3/datanode-4/data/ratis/137c7e27-ee33-4eef-a8fb-41934b498518/in_use.lock acquired by nodename 30873@pr-hdds-2162-8g7kw-3348123894
2019-09-28 01:22:34,615 [pool-547-thread-1] INFO  storage.RaftStorage (RaftStorage.java:format(72)) - Storage directory /workdir/hadoop-ozone/integration-test/target/test-dir/MiniOzoneClusterImpl-8eac2880-3418-4680-a8af-a58fbadabff3/datanode-4/data/ratis/137c7e27-ee33-4eef-a8fb-41934b498518 has been successfully formatted.
2019-09-28 01:22:34,615 [pool-557-thread-1] INFO  storage.RaftStorage (RaftStorage.java:format(72)) - Storage directory /workdir/hadoop-ozone/integration-test/target/test-dir/MiniOzoneClusterImpl-8eac2880-3418-4680-a8af-a58fbadabff3/datanode-5/data/ratis/137c7e27-ee33-4eef-a8fb-41934b498518 has been successfully formatted.
2019-09-28 01:22:34,615 [pool-567-thread-1] INFO  storage.RaftStorage (RaftStorage.java:format(72)) - Storage directory /workdir/hadoop-ozone/integration-test/target/test-dir/MiniOzoneClusterImpl-8eac2880-3418-4680-a8af-a58fbadabff3/datanode-6/data/ratis/137c7e27-ee33-4eef-a8fb-41934b498518 has been successfully formatted.
2019-09-28 01:22:34,616 [pool-557-thread-1] INFO  ratis.ContainerStateMachine (ContainerStateMachine.java:loadSnapshot(230)) - group-41934B498518: The snapshot info is null. Setting the last applied indexto:(t:0, i:~)
2019-09-28 01:22:34,615 [pool-547-thread-1] INFO  ratis.ContainerStateMachine (ContainerStateMachine.java:loadSnapshot(230)) - group-41934B498518: The snapshot info is null. Setting the last applied indexto:(t:0, i:~)
2019-09-28 01:22:34,616 [pool-557-thread-1] INFO  server.RaftServerConfigKeys (ConfUtils.java:logGet(43)) - raft.server.notification.no-leader.timeout = 120s (custom)
2019-09-28 01:22:34,616 [pool-557-thread-1] INFO  server.RaftServerConfigKeys (ConfUtils.java:logGet(43)) - raft.server.log.use.memory = false (default)
2019-09-28 01:22:34,616 [pool-567-thread-1] INFO  ratis.ContainerStateMachine (ContainerStateMachine.java:loadSnapshot(230)) - group-41934B498518: The snapshot info is null. Setting the last applied indexto:(t:0, i:~)
2019-09-28 01:22:34,616 [pool-557-thread-1] INFO  server.RaftServerConfigKeys (ConfUtils.java:logGet(43)) - raft.server.log.purge.gap = 1000000 (custom)
2019-09-28 01:22:34,616 [pool-547-thread-1] INFO  server.RaftServerConfigKeys (ConfUtils.java:logGet(43)) - raft.server.notification.no-leader.timeout = 120s (custom)
2019-09-28 01:22:34,617 [pool-557-thread-1] INFO  server.RaftServerConfigKeys (ConfUtils.java:logGet(43)) - raft.server.log.appender.buffer.byte-limit = 33554432 (custom)
2019-09-28 01:22:34,616 [pool-567-thread-1] INFO  server.RaftServerConfigKeys (ConfUtils.java:logGet(43)) - raft.server.notification.no-leader.timeout = 120s (custom)
2019-09-28 01:22:34,617 [pool-547-thread-1] INFO  server.RaftServerConfigKeys (ConfUtils.java:logGet(43)) - raft.server.log.use.memory = false (default)
2019-09-28 01:22:34,617 [pool-557-thread-1] INFO  server.RaftServerConfigKeys (ConfUtils.java:logGet(43)) - raft.server.log.segment.size.max = 1048576 (custom)
2019-09-28 01:22:34,617 [pool-567-thread-1] INFO  server.RaftServerConfigKeys (ConfUtils.java:logGet(43)) - raft.server.log.use.memory = false (default)
2019-09-28 01:22:34,617 [pool-557-thread-1] INFO  server.RaftServerConfigKeys (ConfUtils.java:logGet(43)) - raft.server.log.segment.cache.num.max = 2 (custom)
2019-09-28 01:22:34,617 [pool-547-thread-1] INFO  server.RaftServerConfigKeys (ConfUtils.java:logGet(43)) - raft.server.log.purge.gap = 1000000 (custom)
2019-09-28 01:22:34,618 [pool-557-thread-1] INFO  segmented.SegmentedRaftLogWorker (SegmentedRaftLogWorker.java:<init>(172)) - new 599625e3-e1cb-4b64-bc73-5b316e5767eb@group-41934B498518-SegmentedRaftLogWorker for RaftStorage:Storage Directory /workdir/hadoop-ozone/integration-test/target/test-dir/MiniOzoneClusterImpl-8eac2880-3418-4680-a8af-a58fbadabff3/datanode-5/data/ratis/137c7e27-ee33-4eef-a8fb-41934b498518
2019-09-28 01:22:34,618 [pool-557-thread-1] INFO  server.RaftServerConfigKeys (ConfUtils.java:logGet(43)) - raft.server.log.queue.byte-limit = 2147483647 (custom)
2019-09-28 01:22:34,618 [pool-567-thread-1] INFO  server.RaftServerConfigKeys (ConfUtils.java:logGet(43)) - raft.server.log.purge.gap = 1000000 (custom)
2019-09-28 01:22:34,618 [pool-557-thread-1] INFO  server.RaftServerConfigKeys (ConfUtils.java:logGet(43)) - raft.server.log.queue.element-limit = 1024 (custom)
2019-09-28 01:22:34,618 [pool-547-thread-1] INFO  server.RaftServerConfigKeys (ConfUtils.java:logGet(43)) - raft.server.log.appender.buffer.byte-limit = 33554432 (custom)
2019-09-28 01:22:34,619 [pool-557-thread-1] INFO  server.RaftServerConfigKeys (ConfUtils.java:logGet(43)) - raft.server.log.segment.size.max = 1048576 (custom)
2019-09-28 01:22:34,618 [pool-567-thread-1] INFO  server.RaftServerConfigKeys (ConfUtils.java:logGet(43)) - raft.server.log.appender.buffer.byte-limit = 33554432 (custom)
2019-09-28 01:22:34,619 [pool-557-thread-1] INFO  server.RaftServerConfigKeys (ConfUtils.java:logGet(43)) - raft.server.log.preallocated.size = 16384 (custom)
2019-09-28 01:22:34,619 [pool-547-thread-1] INFO  server.RaftServerConfigKeys (ConfUtils.java:logGet(43)) - raft.server.log.segment.size.max = 1048576 (custom)
2019-09-28 01:22:34,619 [pool-557-thread-1] INFO  server.RaftServerConfigKeys (ConfUtils.java:logGet(43)) - raft.server.log.write.buffer.size = 33554432 (custom)
2019-09-28 01:22:34,620 [pool-557-thread-1] INFO  server.RaftServerConfigKeys (ConfUtils.java:logGet(43)) - raft.server.log.force.sync.num = 128 (default)
2019-09-28 01:22:34,619 [pool-567-thread-1] INFO  server.RaftServerConfigKeys (ConfUtils.java:logGet(43)) - raft.server.log.segment.size.max = 1048576 (custom)
2019-09-28 01:22:34,620 [pool-557-thread-1] INFO  server.RaftServerConfigKeys (ConfUtils.java:logGet(43)) - raft.server.log.statemachine.data.sync = true (default)
2019-09-28 01:22:34,619 [pool-547-thread-1] INFO  server.RaftServerConfigKeys (ConfUtils.java:logGet(43)) - raft.server.log.segment.cache.num.max = 2 (custom)
2019-09-28 01:22:34,620 [pool-557-thread-1] INFO  server.RaftServerConfigKeys (ConfUtils.java:logGet(43)) - raft.server.log.statemachine.data.sync.timeout = 10s (default)
2019-09-28 01:22:34,620 [pool-567-thread-1] INFO  server.RaftServerConfigKeys (ConfUtils.java:logGet(43)) - raft.server.log.segment.cache.num.max = 2 (custom)
2019-09-28 01:22:34,620 [pool-557-thread-1] INFO  server.RaftServerConfigKeys (ConfUtils.java:logGet(43)) - raft.server.log.statemachine.data.sync.timeout.retry = -1 (default)
2019-09-28 01:22:34,620 [pool-547-thread-1] INFO  segmented.SegmentedRaftLogWorker (SegmentedRaftLogWorker.java:<init>(172)) - new 8d9bf5b9-80ed-47d1-abcd-8ac159088982@group-41934B498518-SegmentedRaftLogWorker for RaftStorage:Storage Directory /workdir/hadoop-ozone/integration-test/target/test-dir/MiniOzoneClusterImpl-8eac2880-3418-4680-a8af-a58fbadabff3/datanode-4/data/ratis/137c7e27-ee33-4eef-a8fb-41934b498518
2019-09-28 01:22:34,621 [pool-557-thread-1] INFO  server.RaftServerConfigKeys (ConfUtils.java:logGet(43)) - raft.server.log.statemachine.data.caching.enabled = true (custom)
2019-09-28 01:22:34,621 [pool-567-thread-1] INFO  segmented.SegmentedRaftLogWorker (SegmentedRaftLogWorker.java:<init>(172)) - new 2105b257-0142-410d-878a-3a42adc43937@group-41934B498518-SegmentedRaftLogWorker for RaftStorage:Storage Directory /workdir/hadoop-ozone/integration-test/target/test-dir/MiniOzoneClusterImpl-8eac2880-3418-4680-a8af-a58fbadabff3/datanode-6/data/ratis/137c7e27-ee33-4eef-a8fb-41934b498518
2019-09-28 01:22:34,621 [pool-567-thread-1] INFO  server.RaftServerConfigKeys (ConfUtils.java:logGet(43)) - raft.server.log.queue.byte-limit = 2147483647 (custom)
2019-09-28 01:22:34,621 [pool-547-thread-1] INFO  server.RaftServerConfigKeys (ConfUtils.java:logGet(43)) - raft.server.log.queue.byte-limit = 2147483647 (custom)
2019-09-28 01:22:34,621 [pool-567-thread-1] INFO  server.RaftServerConfigKeys (ConfUtils.java:logGet(43)) - raft.server.log.queue.element-limit = 1024 (custom)
2019-09-28 01:22:34,621 [pool-557-thread-1] INFO  segmented.SegmentedRaftLogWorker (SegmentedRaftLogWorker.java:lambda$new$0(132)) - 599625e3-e1cb-4b64-bc73-5b316e5767eb@group-41934B498518-SegmentedRaftLogWorker: flushIndex: setUnconditionally 0 -> -1
2019-09-28 01:22:34,622 [pool-567-thread-1] INFO  server.RaftServerConfigKeys (ConfUtils.java:logGet(43)) - raft.server.log.segment.size.max = 1048576 (custom)
2019-09-28 01:22:34,622 [pool-567-thread-1] INFO  server.RaftServerConfigKeys (ConfUtils.java:logGet(43)) - raft.server.log.preallocated.size = 16384 (custom)
2019-09-28 01:22:34,622 [pool-547-thread-1] INFO  server.RaftServerConfigKeys (ConfUtils.java:logGet(43)) - raft.server.log.queue.element-limit = 1024 (custom)
2019-09-28 01:22:34,622 [pool-567-thread-1] INFO  server.RaftServerConfigKeys (ConfUtils.java:logGet(43)) - raft.server.log.write.buffer.size = 33554432 (custom)
2019-09-28 01:22:34,623 [pool-567-thread-1] INFO  server.RaftServerConfigKeys (ConfUtils.java:logGet(43)) - raft.server.log.force.sync.num = 128 (default)
2019-09-28 01:22:34,622 [pool-557-thread-1] INFO  server.RaftServerConfigKeys (ConfUtils.java:logGet(43)) - raft.server.snapshot.auto.trigger.enabled = true (custom)
2019-09-28 01:22:34,623 [pool-567-thread-1] INFO  server.RaftServerConfigKeys (ConfUtils.java:logGet(43)) - raft.server.log.statemachine.data.sync = true (default)
2019-09-28 01:22:34,623 [pool-567-thread-1] INFO  server.RaftServerConfigKeys (ConfUtils.java:logGet(43)) - raft.server.log.statemachine.data.sync.timeout = 10s (default)
2019-09-28 01:22:34,622 [pool-547-thread-1] INFO  server.RaftServerConfigKeys (ConfUtils.java:logGet(43)) - raft.server.log.segment.size.max = 1048576 (custom)
2019-09-28 01:22:34,623 [pool-567-thread-1] INFO  server.RaftServerConfigKeys (ConfUtils.java:logGet(43)) - raft.server.log.statemachine.data.sync.timeout.retry = -1 (default)
2019-09-28 01:22:34,623 [pool-557-thread-1] INFO  server.RaftServerConfigKeys (ConfUtils.java:logGet(43)) - raft.server.snapshot.auto.trigger.threshold = 10000 (custom)
2019-09-28 01:22:34,624 [pool-567-thread-1] INFO  server.RaftServerConfigKeys (ConfUtils.java:logGet(43)) - raft.server.log.statemachine.data.caching.enabled = true (custom)
2019-09-28 01:22:34,623 [pool-547-thread-1] INFO  server.RaftServerConfigKeys (ConfUtils.java:logGet(43)) - raft.server.log.preallocated.size = 16384 (custom)
2019-09-28 01:22:34,624 [pool-557-thread-1] INFO  server.RaftServerConfigKeys (ConfUtils.java:logGet(43)) - raft.server.snapshot.retention.num.files = 5 (custom)
2019-09-28 01:22:34,624 [pool-547-thread-1] INFO  server.RaftServerConfigKeys (ConfUtils.java:logGet(43)) - raft.server.log.write.buffer.size = 33554432 (custom)
2019-09-28 01:22:34,624 [pool-567-thread-1] INFO  segmented.SegmentedRaftLogWorker (SegmentedRaftLogWorker.java:lambda$new$0(132)) - 2105b257-0142-410d-878a-3a42adc43937@group-41934B498518-SegmentedRaftLogWorker: flushIndex: setUnconditionally 0 -> -1
2019-09-28 01:22:34,624 [pool-547-thread-1] INFO  server.RaftServerConfigKeys (ConfUtils.java:logGet(43)) - raft.server.log.force.sync.num = 128 (default)
2019-09-28 01:22:34,624 [pool-557-thread-1] INFO  server.RaftServerConfigKeys (ConfUtils.java:logGet(43)) - raft.server.retrycache.expirytime = 600000ms (custom)
2019-09-28 01:22:34,625 [pool-547-thread-1] INFO  server.RaftServerConfigKeys (ConfUtils.java:logGet(43)) - raft.server.log.statemachine.data.sync = true (default)
2019-09-28 01:22:34,625 [pool-567-thread-1] INFO  server.RaftServerConfigKeys (ConfUtils.java:logGet(43)) - raft.server.snapshot.auto.trigger.enabled = true (custom)
2019-09-28 01:22:34,625 [pool-547-thread-1] INFO  server.RaftServerConfigKeys (ConfUtils.java:logGet(43)) - raft.server.log.statemachine.data.sync.timeout = 10s (default)
2019-09-28 01:22:34,625 [pool-567-thread-1] INFO  server.RaftServerConfigKeys (ConfUtils.java:logGet(43)) - raft.server.snapshot.auto.trigger.threshold = 10000 (custom)
2019-09-28 01:22:34,625 [pool-547-thread-1] INFO  server.RaftServerConfigKeys (ConfUtils.java:logGet(43)) - raft.server.log.statemachine.data.sync.timeout.retry = -1 (default)
2019-09-28 01:22:34,626 [pool-567-thread-1] INFO  server.RaftServerConfigKeys (ConfUtils.java:logGet(43)) - raft.server.snapshot.retention.num.files = 5 (custom)
2019-09-28 01:22:34,626 [pool-547-thread-1] INFO  server.RaftServerConfigKeys (ConfUtils.java:logGet(43)) - raft.server.log.statemachine.data.caching.enabled = true (custom)
2019-09-28 01:22:34,626 [pool-567-thread-1] INFO  server.RaftServerConfigKeys (ConfUtils.java:logGet(43)) - raft.server.retrycache.expirytime = 600000ms (custom)
2019-09-28 01:22:34,626 [pool-547-thread-1] INFO  segmented.SegmentedRaftLogWorker (SegmentedRaftLogWorker.java:lambda$new$0(132)) - 8d9bf5b9-80ed-47d1-abcd-8ac159088982@group-41934B498518-SegmentedRaftLogWorker: flushIndex: setUnconditionally 0 -> -1
2019-09-28 01:22:34,627 [pool-547-thread-1] INFO  server.RaftServerConfigKeys (ConfUtils.java:logGet(43)) - raft.server.snapshot.auto.trigger.enabled = true (custom)
2019-09-28 01:22:34,627 [pool-547-thread-1] INFO  server.RaftServerConfigKeys (ConfUtils.java:logGet(43)) - raft.server.snapshot.auto.trigger.threshold = 10000 (custom)
2019-09-28 01:22:34,627 [pool-547-thread-1] INFO  server.RaftServerConfigKeys (ConfUtils.java:logGet(43)) - raft.server.snapshot.retention.num.files = 5 (custom)
2019-09-28 01:22:34,627 [pool-547-thread-1] INFO  server.RaftServerConfigKeys (ConfUtils.java:logGet(43)) - raft.server.retrycache.expirytime = 600000ms (custom)
2019-09-28 01:22:34,629 [pool-557-thread-1] INFO  impl.RaftServerImpl (RaftServerImpl.java:start(185)) - 599625e3-e1cb-4b64-bc73-5b316e5767eb@group-41934B498518: start as a follower, conf=-1: [599625e3-e1cb-4b64-bc73-5b316e5767eb:192.168.151.82:41958, 8d9bf5b9-80ed-47d1-abcd-8ac159088982:192.168.151.82:45900, 2105b257-0142-410d-878a-3a42adc43937:192.168.151.82:40343], old=null
2019-09-28 01:22:34,629 [pool-557-thread-1] INFO  impl.RaftServerImpl (RaftServerImpl.java:setRole(174)) - 599625e3-e1cb-4b64-bc73-5b316e5767eb@group-41934B498518: changes role from      null to FOLLOWER at term 0 for startAsFollower
2019-09-28 01:22:34,629 [pool-557-thread-1] INFO  impl.RoleInfo (RoleInfo.java:updateAndGet(143)) - 599625e3-e1cb-4b64-bc73-5b316e5767eb: start FollowerState
2019-09-28 01:22:34,630 [pool-557-thread-1] INFO  util.JmxRegister (JmxRegister.java:tryRegister(44)) - Successfully registered JMX Bean with object name Ratis:service=RaftServer,group=group-41934B498518,id=599625e3-e1cb-4b64-bc73-5b316e5767eb
2019-09-28 01:22:34,631 [pool-567-thread-1] INFO  impl.RaftServerImpl (RaftServerImpl.java:start(185)) - 2105b257-0142-410d-878a-3a42adc43937@group-41934B498518: start as a follower, conf=-1: [599625e3-e1cb-4b64-bc73-5b316e5767eb:192.168.151.82:41958, 8d9bf5b9-80ed-47d1-abcd-8ac159088982:192.168.151.82:45900, 2105b257-0142-410d-878a-3a42adc43937:192.168.151.82:40343], old=null
2019-09-28 01:22:34,631 [pool-547-thread-1] INFO  impl.RaftServerImpl (RaftServerImpl.java:start(185)) - 8d9bf5b9-80ed-47d1-abcd-8ac159088982@group-41934B498518: start as a follower, conf=-1: [599625e3-e1cb-4b64-bc73-5b316e5767eb:192.168.151.82:41958, 8d9bf5b9-80ed-47d1-abcd-8ac159088982:192.168.151.82:45900, 2105b257-0142-410d-878a-3a42adc43937:192.168.151.82:40343], old=null
2019-09-28 01:22:34,631 [pool-567-thread-1] INFO  impl.RaftServerImpl (RaftServerImpl.java:setRole(174)) - 2105b257-0142-410d-878a-3a42adc43937@group-41934B498518: changes role from      null to FOLLOWER at term 0 for startAsFollower
2019-09-28 01:22:34,631 [pool-547-thread-1] INFO  impl.RaftServerImpl (RaftServerImpl.java:setRole(174)) - 8d9bf5b9-80ed-47d1-abcd-8ac159088982@group-41934B498518: changes role from      null to FOLLOWER at term 0 for startAsFollower
2019-09-28 01:22:34,631 [pool-567-thread-1] INFO  impl.RoleInfo (RoleInfo.java:updateAndGet(143)) - 2105b257-0142-410d-878a-3a42adc43937: start FollowerState
2019-09-28 01:22:34,632 [pool-547-thread-1] INFO  impl.RoleInfo (RoleInfo.java:updateAndGet(143)) - 8d9bf5b9-80ed-47d1-abcd-8ac159088982: start FollowerState
2019-09-28 01:22:34,632 [pool-567-thread-1] INFO  util.JmxRegister (JmxRegister.java:tryRegister(44)) - Successfully registered JMX Bean with object name Ratis:service=RaftServer,group=group-41934B498518,id=2105b257-0142-410d-878a-3a42adc43937
2019-09-28 01:22:34,632 [pool-547-thread-1] INFO  util.JmxRegister (JmxRegister.java:tryRegister(44)) - Successfully registered JMX Bean with object name Ratis:service=RaftServer,group=group-41934B498518,id=8d9bf5b9-80ed-47d1-abcd-8ac159088982
2019-09-28 01:22:34,636 [main] INFO  ozone.MiniOzoneClusterImpl (MiniOzoneClusterImpl.java:lambda$waitForClusterToBeReady$0(147)) - Waiting for cluster to be ready. Got 9 of 10 DN Heartbeats.
2019-09-28 01:22:34,637 [IPC Server handler 6 on 42786] INFO  net.NetworkTopology (NetworkTopologyImpl.java:add(111)) - Added a new node: /rack1/1f35d54e-5d91-478d-890d-48fd5483e65c
2019-09-28 01:22:34,637 [IPC Server handler 6 on 42786] INFO  node.SCMNodeManager (SCMNodeManager.java:register(266)) - Registered Data node : 1f35d54e-5d91-478d-890d-48fd5483e65c{ip: 192.168.151.82, host: pr-hdds-2162-8g7kw-3348123894, networkLocation: /rack1, certSerialId: null}
2019-09-28 01:22:34,637 [RatisPipelineUtilsThread] INFO  pipeline.PipelineStateManager (PipelineStateManager.java:addPipeline(56)) - Created pipeline Pipeline[ Id: 137c7e27-ee33-4eef-a8fb-41934b498518, Nodes: 599625e3-e1cb-4b64-bc73-5b316e5767eb{ip: 192.168.151.82, host: pr-hdds-2162-8g7kw-3348123894, networkLocation: /rack1, certSerialId: null}2105b257-0142-410d-878a-3a42adc43937{ip: 192.168.151.82, host: pr-hdds-2162-8g7kw-3348123894, networkLocation: /rack1, certSerialId: null}8d9bf5b9-80ed-47d1-abcd-8ac159088982{ip: 192.168.151.82, host: pr-hdds-2162-8g7kw-3348123894, networkLocation: /rack1, certSerialId: null}, Type:RATIS, Factor:THREE, State:OPEN]
2019-09-28 01:22:34,655 [grpc-default-executor-1] INFO  impl.RaftServerProxy (RaftServerProxy.java:addNew(89)) - 56ead053-3964-44ed-9670-c8ae4c2fbfaa: addNew group-DB34566CDB35:[1f35d54e-5d91-478d-890d-48fd5483e65c:192.168.151.82:37574, ad975564-5630-4282-b461-53b5e1a77035:192.168.151.82:45714, 56ead053-3964-44ed-9670-c8ae4c2fbfaa:192.168.151.82:41964] returns group-DB34566CDB35:java.util.concurrent.CompletableFuture@5c29d623[Not completed]
2019-09-28 01:22:34,655 [grpc-default-executor-0] INFO  impl.RaftServerProxy (RaftServerProxy.java:addNew(89)) - ad975564-5630-4282-b461-53b5e1a77035: addNew group-DB34566CDB35:[1f35d54e-5d91-478d-890d-48fd5483e65c:192.168.151.82:37574, ad975564-5630-4282-b461-53b5e1a77035:192.168.151.82:45714, 56ead053-3964-44ed-9670-c8ae4c2fbfaa:192.168.151.82:41964] returns group-DB34566CDB35:java.util.concurrent.CompletableFuture@b769e75[Not completed]
2019-09-28 01:22:34,655 [grpc-default-executor-2] INFO  impl.RaftServerProxy (RaftServerProxy.java:addNew(89)) - 1f35d54e-5d91-478d-890d-48fd5483e65c: addNew group-DB34566CDB35:[1f35d54e-5d91-478d-890d-48fd5483e65c:192.168.151.82:37574, ad975564-5630-4282-b461-53b5e1a77035:192.168.151.82:45714, 56ead053-3964-44ed-9670-c8ae4c2fbfaa:192.168.151.82:41964] returns group-DB34566CDB35:java.util.concurrent.CompletableFuture@682a4483[Not completed]
2019-09-28 01:22:34,656 [pool-537-thread-1] INFO  impl.RaftServerImpl (RaftServerImpl.java:<init>(95)) - 56ead053-3964-44ed-9670-c8ae4c2fbfaa: new RaftServerImpl for group-DB34566CDB35:[1f35d54e-5d91-478d-890d-48fd5483e65c:192.168.151.82:37574, ad975564-5630-4282-b461-53b5e1a77035:192.168.151.82:45714, 56ead053-3964-44ed-9670-c8ae4c2fbfaa:192.168.151.82:41964] with ContainerStateMachine:uninitialized
2019-09-28 01:22:34,656 [pool-537-thread-1] INFO  server.RaftServerConfigKeys (ConfUtils.java:logGet(43)) - raft.server.rpc.timeout.min = 1s (custom)
2019-09-28 01:22:34,656 [pool-537-thread-1] INFO  server.RaftServerConfigKeys (ConfUtils.java:logGet(43)) - raft.server.rpc.timeout.max = 1200ms (custom)
2019-09-28 01:22:34,656 [pool-537-thread-1] INFO  server.RaftServerConfigKeys (ConfUtils.java:logGet(43)) - raft.server.rpcslowness.timeout = 120s (custom)
2019-09-28 01:22:34,657 [pool-537-thread-1] INFO  server.RaftServerConfigKeys (ConfUtils.java:logGet(43)) - raft.server.sleep.deviation.threshold = 300 (default)
2019-09-28 01:22:34,657 [pool-537-thread-1] INFO  server.RaftServerConfigKeys (ConfUtils.java:logGet(43)) - raft.server.log.appender.install.snapshot.enabled = false (custom)
2019-09-28 01:22:34,657 [pool-537-thread-1] INFO  impl.RaftServerImpl (ServerState.java:<init>(103)) - 56ead053-3964-44ed-9670-c8ae4c2fbfaa@group-DB34566CDB35: ConfigurationManager, init=-1: [1f35d54e-5d91-478d-890d-48fd5483e65c:192.168.151.82:37574, ad975564-5630-4282-b461-53b5e1a77035:192.168.151.82:45714, 56ead053-3964-44ed-9670-c8ae4c2fbfaa:192.168.151.82:41964], old=null, confs=<EMPTY_MAP>
2019-09-28 01:22:34,657 [pool-537-thread-1] INFO  server.RaftServerConfigKeys (ConfUtils.java:logGet(43)) - raft.server.storage.dir = [/workdir/hadoop-ozone/integration-test/target/test-dir/MiniOzoneClusterImpl-8eac2880-3418-4680-a8af-a58fbadabff3/datanode-3/data/ratis] (custom)
2019-09-28 01:22:34,657 [pool-587-thread-1] INFO  impl.RaftServerImpl (RaftServerImpl.java:<init>(95)) - ad975564-5630-4282-b461-53b5e1a77035: new RaftServerImpl for group-DB34566CDB35:[1f35d54e-5d91-478d-890d-48fd5483e65c:192.168.151.82:37574, ad975564-5630-4282-b461-53b5e1a77035:192.168.151.82:45714, 56ead053-3964-44ed-9670-c8ae4c2fbfaa:192.168.151.82:41964] with ContainerStateMachine:uninitialized
2019-09-28 01:22:34,657 [pool-537-thread-1] INFO  storage.RaftStorageDirectory (RaftStorageDirectory.java:analyzeStorage(246)) - The storage directory /workdir/hadoop-ozone/integration-test/target/test-dir/MiniOzoneClusterImpl-8eac2880-3418-4680-a8af-a58fbadabff3/datanode-3/data/ratis/8cd9a930-4f84-4da6-a1dd-db34566cdb35 does not exist. Creating ...
2019-09-28 01:22:34,657 [pool-587-thread-1] INFO  server.RaftServerConfigKeys (ConfUtils.java:logGet(43)) - raft.server.rpc.timeout.min = 1s (custom)
2019-09-28 01:22:34,658 [pool-587-thread-1] INFO  server.RaftServerConfigKeys (ConfUtils.java:logGet(43)) - raft.server.rpc.timeout.max = 1200ms (custom)
2019-09-28 01:22:34,658 [pool-587-thread-1] INFO  server.RaftServerConfigKeys (ConfUtils.java:logGet(43)) - raft.server.rpcslowness.timeout = 120s (custom)
2019-09-28 01:22:34,658 [pool-597-thread-1] INFO  impl.RaftServerImpl (RaftServerImpl.java:<init>(95)) - 1f35d54e-5d91-478d-890d-48fd5483e65c: new RaftServerImpl for group-DB34566CDB35:[1f35d54e-5d91-478d-890d-48fd5483e65c:192.168.151.82:37574, ad975564-5630-4282-b461-53b5e1a77035:192.168.151.82:45714, 56ead053-3964-44ed-9670-c8ae4c2fbfaa:192.168.151.82:41964] with ContainerStateMachine:uninitialized
2019-09-28 01:22:34,658 [pool-587-thread-1] INFO  server.RaftServerConfigKeys (ConfUtils.java:logGet(43)) - raft.server.sleep.deviation.threshold = 300 (default)
2019-09-28 01:22:34,658 [pool-597-thread-1] INFO  server.RaftServerConfigKeys (ConfUtils.java:logGet(43)) - raft.server.rpc.timeout.min = 1s (custom)
2019-09-28 01:22:34,658 [pool-587-thread-1] INFO  server.RaftServerConfigKeys (ConfUtils.java:logGet(43)) - raft.server.log.appender.install.snapshot.enabled = false (custom)
2019-09-28 01:22:34,659 [pool-597-thread-1] INFO  server.RaftServerConfigKeys (ConfUtils.java:logGet(43)) - raft.server.rpc.timeout.max = 1200ms (custom)
2019-09-28 01:22:34,659 [pool-587-thread-1] INFO  impl.RaftServerImpl (ServerState.java:<init>(103)) - ad975564-5630-4282-b461-53b5e1a77035@group-DB34566CDB35: ConfigurationManager, init=-1: [1f35d54e-5d91-478d-890d-48fd5483e65c:192.168.151.82:37574, ad975564-5630-4282-b461-53b5e1a77035:192.168.151.82:45714, 56ead053-3964-44ed-9670-c8ae4c2fbfaa:192.168.151.82:41964], old=null, confs=<EMPTY_MAP>
2019-09-28 01:22:34,659 [pool-597-thread-1] INFO  server.RaftServerConfigKeys (ConfUtils.java:logGet(43)) - raft.server.rpcslowness.timeout = 120s (custom)
2019-09-28 01:22:34,659 [pool-587-thread-1] INFO  server.RaftServerConfigKeys (ConfUtils.java:logGet(43)) - raft.server.storage.dir = [/workdir/hadoop-ozone/integration-test/target/test-dir/MiniOzoneClusterImpl-8eac2880-3418-4680-a8af-a58fbadabff3/datanode-8/data/ratis] (custom)
2019-09-28 01:22:34,659 [pool-597-thread-1] INFO  server.RaftServerConfigKeys (ConfUtils.java:logGet(43)) - raft.server.sleep.deviation.threshold = 300 (default)
2019-09-28 01:22:34,660 [pool-597-thread-1] INFO  server.RaftServerConfigKeys (ConfUtils.java:logGet(43)) - raft.server.log.appender.install.snapshot.enabled = false (custom)
2019-09-28 01:22:34,660 [pool-587-thread-1] INFO  storage.RaftStorageDirectory (RaftStorageDirectory.java:analyzeStorage(246)) - The storage directory /workdir/hadoop-ozone/integration-test/target/test-dir/MiniOzoneClusterImpl-8eac2880-3418-4680-a8af-a58fbadabff3/datanode-8/data/ratis/8cd9a930-4f84-4da6-a1dd-db34566cdb35 does not exist. Creating ...
2019-09-28 01:22:34,660 [pool-597-thread-1] INFO  impl.RaftServerImpl (ServerState.java:<init>(103)) - 1f35d54e-5d91-478d-890d-48fd5483e65c@group-DB34566CDB35: ConfigurationManager, init=-1: [1f35d54e-5d91-478d-890d-48fd5483e65c:192.168.151.82:37574, ad975564-5630-4282-b461-53b5e1a77035:192.168.151.82:45714, 56ead053-3964-44ed-9670-c8ae4c2fbfaa:192.168.151.82:41964], old=null, confs=<EMPTY_MAP>
2019-09-28 01:22:34,660 [pool-597-thread-1] INFO  server.RaftServerConfigKeys (ConfUtils.java:logGet(43)) - raft.server.storage.dir = [/workdir/hadoop-ozone/integration-test/target/test-dir/MiniOzoneClusterImpl-8eac2880-3418-4680-a8af-a58fbadabff3/datanode-9/data/ratis] (custom)
2019-09-28 01:22:34,661 [pool-597-thread-1] INFO  storage.RaftStorageDirectory (RaftStorageDirectory.java:analyzeStorage(246)) - The storage directory /workdir/hadoop-ozone/integration-test/target/test-dir/MiniOzoneClusterImpl-8eac2880-3418-4680-a8af-a58fbadabff3/datanode-9/data/ratis/8cd9a930-4f84-4da6-a1dd-db34566cdb35 does not exist. Creating ...
2019-09-28 01:22:34,671 [pool-597-thread-1] INFO  storage.RaftStorageDirectory (RaftStorageDirectory.java:tryLock(328)) - Lock on /workdir/hadoop-ozone/integration-test/target/test-dir/MiniOzoneClusterImpl-8eac2880-3418-4680-a8af-a58fbadabff3/datanode-9/data/ratis/8cd9a930-4f84-4da6-a1dd-db34566cdb35/in_use.lock acquired by nodename 30873@pr-hdds-2162-8g7kw-3348123894
2019-09-28 01:22:34,671 [pool-587-thread-1] INFO  storage.RaftStorageDirectory (RaftStorageDirectory.java:tryLock(328)) - Lock on /workdir/hadoop-ozone/integration-test/target/test-dir/MiniOzoneClusterImpl-8eac2880-3418-4680-a8af-a58fbadabff3/datanode-8/data/ratis/8cd9a930-4f84-4da6-a1dd-db34566cdb35/in_use.lock acquired by nodename 30873@pr-hdds-2162-8g7kw-3348123894
2019-09-28 01:22:34,671 [pool-537-thread-1] INFO  storage.RaftStorageDirectory (RaftStorageDirectory.java:tryLock(328)) - Lock on /workdir/hadoop-ozone/integration-test/target/test-dir/MiniOzoneClusterImpl-8eac2880-3418-4680-a8af-a58fbadabff3/datanode-3/data/ratis/8cd9a930-4f84-4da6-a1dd-db34566cdb35/in_use.lock acquired by nodename 30873@pr-hdds-2162-8g7kw-3348123894
2019-09-28 01:22:34,685 [pool-537-thread-1] INFO  storage.RaftStorage (RaftStorage.java:format(72)) - Storage directory /workdir/hadoop-ozone/integration-test/target/test-dir/MiniOzoneClusterImpl-8eac2880-3418-4680-a8af-a58fbadabff3/datanode-3/data/ratis/8cd9a930-4f84-4da6-a1dd-db34566cdb35 has been successfully formatted.
2019-09-28 01:22:34,685 [pool-597-thread-1] INFO  storage.RaftStorage (RaftStorage.java:format(72)) - Storage directory /workdir/hadoop-ozone/integration-test/target/test-dir/MiniOzoneClusterImpl-8eac2880-3418-4680-a8af-a58fbadabff3/datanode-9/data/ratis/8cd9a930-4f84-4da6-a1dd-db34566cdb35 has been successfully formatted.
2019-09-28 01:22:34,685 [pool-587-thread-1] INFO  storage.RaftStorage (RaftStorage.java:format(72)) - Storage directory /workdir/hadoop-ozone/integration-test/target/test-dir/MiniOzoneClusterImpl-8eac2880-3418-4680-a8af-a58fbadabff3/datanode-8/data/ratis/8cd9a930-4f84-4da6-a1dd-db34566cdb35 has been successfully formatted.
2019-09-28 01:22:34,686 [pool-537-thread-1] INFO  ratis.ContainerStateMachine (ContainerStateMachine.java:loadSnapshot(230)) - group-DB34566CDB35: The snapshot info is null. Setting the last applied indexto:(t:0, i:~)
2019-09-28 01:22:34,686 [pool-587-thread-1] INFO  ratis.ContainerStateMachine (ContainerStateMachine.java:loadSnapshot(230)) - group-DB34566CDB35: The snapshot info is null. Setting the last applied indexto:(t:0, i:~)
2019-09-28 01:22:34,686 [pool-597-thread-1] INFO  ratis.ContainerStateMachine (ContainerStateMachine.java:loadSnapshot(230)) - group-DB34566CDB35: The snapshot info is null. Setting the last applied indexto:(t:0, i:~)
2019-09-28 01:22:34,686 [pool-587-thread-1] INFO  server.RaftServerConfigKeys (ConfUtils.java:logGet(43)) - raft.server.notification.no-leader.timeout = 120s (custom)
2019-09-28 01:22:34,686 [pool-537-thread-1] INFO  server.RaftServerConfigKeys (ConfUtils.java:logGet(43)) - raft.server.notification.no-leader.timeout = 120s (custom)
2019-09-28 01:22:34,687 [pool-587-thread-1] INFO  server.RaftServerConfigKeys (ConfUtils.java:logGet(43)) - raft.server.log.use.memory = false (default)
2019-09-28 01:22:34,686 [pool-597-thread-1] INFO  server.RaftServerConfigKeys (ConfUtils.java:logGet(43)) - raft.server.notification.no-leader.timeout = 120s (custom)
2019-09-28 01:22:34,687 [pool-587-thread-1] INFO  server.RaftServerConfigKeys (ConfUtils.java:logGet(43)) - raft.server.log.purge.gap = 1000000 (custom)
2019-09-28 01:22:34,687 [pool-587-thread-1] INFO  server.RaftServerConfigKeys (ConfUtils.java:logGet(43)) - raft.server.log.appender.buffer.byte-limit = 33554432 (custom)
2019-09-28 01:22:34,687 [pool-537-thread-1] INFO  server.RaftServerConfigKeys (ConfUtils.java:logGet(43)) - raft.server.log.use.memory = false (default)
2019-09-28 01:22:34,687 [pool-587-thread-1] INFO  server.RaftServerConfigKeys (ConfUtils.java:logGet(43)) - raft.server.log.segment.size.max = 1048576 (custom)
2019-09-28 01:22:34,687 [pool-597-thread-1] INFO  server.RaftServerConfigKeys (ConfUtils.java:logGet(43)) - raft.server.log.use.memory = false (default)
2019-09-28 01:22:34,688 [pool-587-thread-1] INFO  server.RaftServerConfigKeys (ConfUtils.java:logGet(43)) - raft.server.log.segment.cache.num.max = 2 (custom)
2019-09-28 01:22:34,687 [pool-537-thread-1] INFO  server.RaftServerConfigKeys (ConfUtils.java:logGet(43)) - raft.server.log.purge.gap = 1000000 (custom)
2019-09-28 01:22:34,688 [pool-587-thread-1] INFO  segmented.SegmentedRaftLogWorker (SegmentedRaftLogWorker.java:<init>(172)) - new ad975564-5630-4282-b461-53b5e1a77035@group-DB34566CDB35-SegmentedRaftLogWorker for RaftStorage:Storage Directory /workdir/hadoop-ozone/integration-test/target/test-dir/MiniOzoneClusterImpl-8eac2880-3418-4680-a8af-a58fbadabff3/datanode-8/data/ratis/8cd9a930-4f84-4da6-a1dd-db34566cdb35
2019-09-28 01:22:34,688 [pool-597-thread-1] INFO  server.RaftServerConfigKeys (ConfUtils.java:logGet(43)) - raft.server.log.purge.gap = 1000000 (custom)
2019-09-28 01:22:34,688 [pool-537-thread-1] INFO  server.RaftServerConfigKeys (ConfUtils.java:logGet(43)) - raft.server.log.appender.buffer.byte-limit = 33554432 (custom)
2019-09-28 01:22:34,689 [pool-597-thread-1] INFO  server.RaftServerConfigKeys (ConfUtils.java:logGet(43)) - raft.server.log.appender.buffer.byte-limit = 33554432 (custom)
2019-09-28 01:22:34,689 [pool-537-thread-1] INFO  server.RaftServerConfigKeys (ConfUtils.java:logGet(43)) - raft.server.log.segment.size.max = 1048576 (custom)
2019-09-28 01:22:34,689 [pool-597-thread-1] INFO  server.RaftServerConfigKeys (ConfUtils.java:logGet(43)) - raft.server.log.segment.size.max = 1048576 (custom)
2019-09-28 01:22:34,689 [pool-537-thread-1] INFO  server.RaftServerConfigKeys (ConfUtils.java:logGet(43)) - raft.server.log.segment.cache.num.max = 2 (custom)
2019-09-28 01:22:34,689 [pool-597-thread-1] INFO  server.RaftServerConfigKeys (ConfUtils.java:logGet(43)) - raft.server.log.segment.cache.num.max = 2 (custom)
2019-09-28 01:22:34,689 [pool-537-thread-1] INFO  segmented.SegmentedRaftLogWorker (SegmentedRaftLogWorker.java:<init>(172)) - new 56ead053-3964-44ed-9670-c8ae4c2fbfaa@group-DB34566CDB35-SegmentedRaftLogWorker for RaftStorage:Storage Directory /workdir/hadoop-ozone/integration-test/target/test-dir/MiniOzoneClusterImpl-8eac2880-3418-4680-a8af-a58fbadabff3/datanode-3/data/ratis/8cd9a930-4f84-4da6-a1dd-db34566cdb35
2019-09-28 01:22:34,689 [pool-597-thread-1] INFO  segmented.SegmentedRaftLogWorker (SegmentedRaftLogWorker.java:<init>(172)) - new 1f35d54e-5d91-478d-890d-48fd5483e65c@group-DB34566CDB35-SegmentedRaftLogWorker for RaftStorage:Storage Directory /workdir/hadoop-ozone/integration-test/target/test-dir/MiniOzoneClusterImpl-8eac2880-3418-4680-a8af-a58fbadabff3/datanode-9/data/ratis/8cd9a930-4f84-4da6-a1dd-db34566cdb35
2019-09-28 01:22:34,690 [pool-537-thread-1] INFO  server.RaftServerConfigKeys (ConfUtils.java:logGet(43)) - raft.server.log.queue.byte-limit = 2147483647 (custom)
2019-09-28 01:22:34,690 [pool-537-thread-1] INFO  server.RaftServerConfigKeys (ConfUtils.java:logGet(43)) - raft.server.log.queue.element-limit = 1024 (custom)
2019-09-28 01:22:34,690 [pool-537-thread-1] INFO  server.RaftServerConfigKeys (ConfUtils.java:logGet(43)) - raft.server.log.segment.size.max = 1048576 (custom)
2019-09-28 01:22:34,690 [pool-537-thread-1] INFO  server.RaftServerConfigKeys (ConfUtils.java:logGet(43)) - raft.server.log.preallocated.size = 16384 (custom)
2019-09-28 01:22:34,690 [pool-537-thread-1] INFO  server.RaftServerConfigKeys (ConfUtils.java:logGet(43)) - raft.server.log.write.buffer.size = 33554432 (custom)
2019-09-28 01:22:34,690 [pool-537-thread-1] INFO  server.RaftServerConfigKeys (ConfUtils.java:logGet(43)) - raft.server.log.force.sync.num = 128 (default)
2019-09-28 01:22:34,690 [pool-537-thread-1] INFO  server.RaftServerConfigKeys (ConfUtils.java:logGet(43)) - raft.server.log.statemachine.data.sync = true (default)
2019-09-28 01:22:34,690 [pool-587-thread-1] INFO  server.RaftServerConfigKeys (ConfUtils.java:logGet(43)) - raft.server.log.queue.byte-limit = 2147483647 (custom)
2019-09-28 01:22:34,691 [pool-537-thread-1] INFO  server.RaftServerConfigKeys (ConfUtils.java:logGet(43)) - raft.server.log.statemachine.data.sync.timeout = 10s (default)
2019-09-28 01:22:34,691 [pool-587-thread-1] INFO  server.RaftServerConfigKeys (ConfUtils.java:logGet(43)) - raft.server.log.queue.element-limit = 1024 (custom)
2019-09-28 01:22:34,691 [pool-537-thread-1] INFO  server.RaftServerConfigKeys (ConfUtils.java:logGet(43)) - raft.server.log.statemachine.data.sync.timeout.retry = -1 (default)
2019-09-28 01:22:34,691 [pool-587-thread-1] INFO  server.RaftServerConfigKeys (ConfUtils.java:logGet(43)) - raft.server.log.segment.size.max = 1048576 (custom)
2019-09-28 01:22:34,691 [pool-537-thread-1] INFO  server.RaftServerConfigKeys (ConfUtils.java:logGet(43)) - raft.server.log.statemachine.data.caching.enabled = true (custom)
2019-09-28 01:22:34,691 [pool-587-thread-1] INFO  server.RaftServerConfigKeys (ConfUtils.java:logGet(43)) - raft.server.log.preallocated.size = 16384 (custom)
2019-09-28 01:22:34,692 [pool-537-thread-1] INFO  segmented.SegmentedRaftLogWorker (SegmentedRaftLogWorker.java:lambda$new$0(132)) - 56ead053-3964-44ed-9670-c8ae4c2fbfaa@group-DB34566CDB35-SegmentedRaftLogWorker: flushIndex: setUnconditionally 0 -> -1
2019-09-28 01:22:34,692 [pool-587-thread-1] INFO  server.RaftServerConfigKeys (ConfUtils.java:logGet(43)) - raft.server.log.write.buffer.size = 33554432 (custom)
2019-09-28 01:22:34,692 [pool-597-thread-1] INFO  server.RaftServerConfigKeys (ConfUtils.java:logGet(43)) - raft.server.log.queue.byte-limit = 2147483647 (custom)
2019-09-28 01:22:34,692 [pool-587-thread-1] INFO  server.RaftServerConfigKeys (ConfUtils.java:logGet(43)) - raft.server.log.force.sync.num = 128 (default)
2019-09-28 01:22:34,692 [pool-537-thread-1] INFO  server.RaftServerConfigKeys (ConfUtils.java:logGet(43)) - raft.server.snapshot.auto.trigger.enabled = true (custom)
2019-09-28 01:22:34,692 [pool-587-thread-1] INFO  server.RaftServerConfigKeys (ConfUtils.java:logGet(43)) - raft.server.log.statemachine.data.sync = true (default)
2019-09-28 01:22:34,692 [pool-597-thread-1] INFO  server.RaftServerConfigKeys (ConfUtils.java:logGet(43)) - raft.server.log.queue.element-limit = 1024 (custom)
2019-09-28 01:22:34,693 [pool-587-thread-1] INFO  server.RaftServerConfigKeys (ConfUtils.java:logGet(43)) - raft.server.log.statemachine.data.sync.timeout = 10s (default)
2019-09-28 01:22:34,692 [pool-537-thread-1] INFO  server.RaftServerConfigKeys (ConfUtils.java:logGet(43)) - raft.server.snapshot.auto.trigger.threshold = 10000 (custom)
2019-09-28 01:22:34,693 [pool-587-thread-1] INFO  server.RaftServerConfigKeys (ConfUtils.java:logGet(43)) - raft.server.log.statemachine.data.sync.timeout.retry = -1 (default)
2019-09-28 01:22:34,693 [pool-597-thread-1] INFO  server.RaftServerConfigKeys (ConfUtils.java:logGet(43)) - raft.server.log.segment.size.max = 1048576 (custom)
2019-09-28 01:22:34,693 [pool-587-thread-1] INFO  server.RaftServerConfigKeys (ConfUtils.java:logGet(43)) - raft.server.log.statemachine.data.caching.enabled = true (custom)
2019-09-28 01:22:34,693 [pool-537-thread-1] INFO  server.RaftServerConfigKeys (ConfUtils.java:logGet(43)) - raft.server.snapshot.retention.num.files = 5 (custom)
2019-09-28 01:22:34,693 [pool-597-thread-1] INFO  server.RaftServerConfigKeys (ConfUtils.java:logGet(43)) - raft.server.log.preallocated.size = 16384 (custom)
2019-09-28 01:22:34,694 [pool-537-thread-1] INFO  server.RaftServerConfigKeys (ConfUtils.java:logGet(43)) - raft.server.retrycache.expirytime = 600000ms (custom)
2019-09-28 01:22:34,694 [pool-587-thread-1] INFO  segmented.SegmentedRaftLogWorker (SegmentedRaftLogWorker.java:lambda$new$0(132)) - ad975564-5630-4282-b461-53b5e1a77035@group-DB34566CDB35-SegmentedRaftLogWorker: flushIndex: setUnconditionally 0 -> -1
2019-09-28 01:22:34,694 [pool-597-thread-1] INFO  server.RaftServerConfigKeys (ConfUtils.java:logGet(43)) - raft.server.log.write.buffer.size = 33554432 (custom)
2019-09-28 01:22:34,694 [pool-597-thread-1] INFO  server.RaftServerConfigKeys (ConfUtils.java:logGet(43)) - raft.server.log.force.sync.num = 128 (default)
2019-09-28 01:22:34,694 [pool-587-thread-1] INFO  server.RaftServerConfigKeys (ConfUtils.java:logGet(43)) - raft.server.snapshot.auto.trigger.enabled = true (custom)
2019-09-28 01:22:34,694 [pool-597-thread-1] INFO  server.RaftServerConfigKeys (ConfUtils.java:logGet(43)) - raft.server.log.statemachine.data.sync = true (default)
2019-09-28 01:22:34,695 [pool-587-thread-1] INFO  server.RaftServerConfigKeys (ConfUtils.java:logGet(43)) - raft.server.snapshot.auto.trigger.threshold = 10000 (custom)
2019-09-28 01:22:34,695 [pool-597-thread-1] INFO  server.RaftServerConfigKeys (ConfUtils.java:logGet(43)) - raft.server.log.statemachine.data.sync.timeout = 10s (default)
2019-09-28 01:22:34,695 [pool-587-thread-1] INFO  server.RaftServerConfigKeys (ConfUtils.java:logGet(43)) - raft.server.snapshot.retention.num.files = 5 (custom)
2019-09-28 01:22:34,695 [pool-597-thread-1] INFO  server.RaftServerConfigKeys (ConfUtils.java:logGet(43)) - raft.server.log.statemachine.data.sync.timeout.retry = -1 (default)
2019-09-28 01:22:34,695 [pool-587-thread-1] INFO  server.RaftServerConfigKeys (ConfUtils.java:logGet(43)) - raft.server.retrycache.expirytime = 600000ms (custom)
2019-09-28 01:22:34,696 [pool-597-thread-1] INFO  server.RaftServerConfigKeys (ConfUtils.java:logGet(43)) - raft.server.log.statemachine.data.caching.enabled = true (custom)
2019-09-28 01:22:34,695 [pool-537-thread-1] INFO  impl.RaftServerImpl (RaftServerImpl.java:start(185)) - 56ead053-3964-44ed-9670-c8ae4c2fbfaa@group-DB34566CDB35: start as a follower, conf=-1: [1f35d54e-5d91-478d-890d-48fd5483e65c:192.168.151.82:37574, ad975564-5630-4282-b461-53b5e1a77035:192.168.151.82:45714, 56ead053-3964-44ed-9670-c8ae4c2fbfaa:192.168.151.82:41964], old=null
2019-09-28 01:22:34,696 [pool-537-thread-1] INFO  impl.RaftServerImpl (RaftServerImpl.java:setRole(174)) - 56ead053-3964-44ed-9670-c8ae4c2fbfaa@group-DB34566CDB35: changes role from      null to FOLLOWER at term 0 for startAsFollower
2019-09-28 01:22:34,696 [pool-597-thread-1] INFO  segmented.SegmentedRaftLogWorker (SegmentedRaftLogWorker.java:lambda$new$0(132)) - 1f35d54e-5d91-478d-890d-48fd5483e65c@group-DB34566CDB35-SegmentedRaftLogWorker: flushIndex: setUnconditionally 0 -> -1
2019-09-28 01:22:34,696 [pool-537-thread-1] INFO  impl.RoleInfo (RoleInfo.java:updateAndGet(143)) - 56ead053-3964-44ed-9670-c8ae4c2fbfaa: start FollowerState
2019-09-28 01:22:34,696 [pool-597-thread-1] INFO  server.RaftServerConfigKeys (ConfUtils.java:logGet(43)) - raft.server.snapshot.auto.trigger.enabled = true (custom)
2019-09-28 01:22:34,697 [pool-597-thread-1] INFO  server.RaftServerConfigKeys (ConfUtils.java:logGet(43)) - raft.server.snapshot.auto.trigger.threshold = 10000 (custom)
2019-09-28 01:22:34,697 [pool-537-thread-1] INFO  util.JmxRegister (JmxRegister.java:tryRegister(44)) - Successfully registered JMX Bean with object name Ratis:service=RaftServer,group=group-DB34566CDB35,id=56ead053-3964-44ed-9670-c8ae4c2fbfaa
2019-09-28 01:22:34,697 [pool-597-thread-1] INFO  server.RaftServerConfigKeys (ConfUtils.java:logGet(43)) - raft.server.snapshot.retention.num.files = 5 (custom)
2019-09-28 01:22:34,697 [pool-597-thread-1] INFO  server.RaftServerConfigKeys (ConfUtils.java:logGet(43)) - raft.server.retrycache.expirytime = 600000ms (custom)
2019-09-28 01:22:34,698 [pool-587-thread-1] INFO  impl.RaftServerImpl (RaftServerImpl.java:start(185)) - ad975564-5630-4282-b461-53b5e1a77035@group-DB34566CDB35: start as a follower, conf=-1: [1f35d54e-5d91-478d-890d-48fd5483e65c:192.168.151.82:37574, ad975564-5630-4282-b461-53b5e1a77035:192.168.151.82:45714, 56ead053-3964-44ed-9670-c8ae4c2fbfaa:192.168.151.82:41964], old=null
2019-09-28 01:22:34,698 [pool-587-thread-1] INFO  impl.RaftServerImpl (RaftServerImpl.java:setRole(174)) - ad975564-5630-4282-b461-53b5e1a77035@group-DB34566CDB35: changes role from      null to FOLLOWER at term 0 for startAsFollower
2019-09-28 01:22:34,698 [pool-587-thread-1] INFO  impl.RoleInfo (RoleInfo.java:updateAndGet(143)) - ad975564-5630-4282-b461-53b5e1a77035: start FollowerState
2019-09-28 01:22:34,699 [pool-587-thread-1] INFO  util.JmxRegister (JmxRegister.java:tryRegister(44)) - Successfully registered JMX Bean with object name Ratis:service=RaftServer,group=group-DB34566CDB35,id=ad975564-5630-4282-b461-53b5e1a77035
2019-09-28 01:22:34,699 [pool-597-thread-1] INFO  impl.RaftServerImpl (RaftServerImpl.java:start(185)) - 1f35d54e-5d91-478d-890d-48fd5483e65c@group-DB34566CDB35: start as a follower, conf=-1: [1f35d54e-5d91-478d-890d-48fd5483e65c:192.168.151.82:37574, ad975564-5630-4282-b461-53b5e1a77035:192.168.151.82:45714, 56ead053-3964-44ed-9670-c8ae4c2fbfaa:192.168.151.82:41964], old=null
2019-09-28 01:22:34,700 [pool-597-thread-1] INFO  impl.RaftServerImpl (RaftServerImpl.java:setRole(174)) - 1f35d54e-5d91-478d-890d-48fd5483e65c@group-DB34566CDB35: changes role from      null to FOLLOWER at term 0 for startAsFollower
2019-09-28 01:22:34,700 [pool-597-thread-1] INFO  impl.RoleInfo (RoleInfo.java:updateAndGet(143)) - 1f35d54e-5d91-478d-890d-48fd5483e65c: start FollowerState
2019-09-28 01:22:34,700 [pool-597-thread-1] INFO  util.JmxRegister (JmxRegister.java:tryRegister(44)) - Successfully registered JMX Bean with object name Ratis:service=RaftServer,group=group-DB34566CDB35,id=1f35d54e-5d91-478d-890d-48fd5483e65c
2019-09-28 01:22:34,702 [RatisPipelineUtilsThread] INFO  pipeline.PipelineStateManager (PipelineStateManager.java:addPipeline(56)) - Created pipeline Pipeline[ Id: 8cd9a930-4f84-4da6-a1dd-db34566cdb35, Nodes: ad975564-5630-4282-b461-53b5e1a77035{ip: 192.168.151.82, host: pr-hdds-2162-8g7kw-3348123894, networkLocation: /rack1, certSerialId: null}1f35d54e-5d91-478d-890d-48fd5483e65c{ip: 192.168.151.82, host: pr-hdds-2162-8g7kw-3348123894, networkLocation: /rack1, certSerialId: null}56ead053-3964-44ed-9670-c8ae4c2fbfaa{ip: 192.168.151.82, host: pr-hdds-2162-8g7kw-3348123894, networkLocation: /rack1, certSerialId: null}, Type:RATIS, Factor:THREE, State:OPEN]
2019-09-28 01:22:35,257 [Thread-8075] INFO  impl.FollowerState (FollowerState.java:run(106)) - 9acdd203-51d1-41ee-852c-319134721574:group-C5D67F8B7066 changes to CANDIDATE, lastRpcTime:1034, electionTimeout:1034ms
2019-09-28 01:22:35,257 [Thread-8075] INFO  impl.RoleInfo (RoleInfo.java:shutdownFollowerState(121)) - 9acdd203-51d1-41ee-852c-319134721574: shutdown FollowerState
2019-09-28 01:22:35,257 [Thread-8075] INFO  impl.RaftServerImpl (RaftServerImpl.java:setRole(174)) - 9acdd203-51d1-41ee-852c-319134721574@group-C5D67F8B7066: changes role from  FOLLOWER to CANDIDATE at term 0 for changeToCandidate
2019-09-28 01:22:35,258 [Thread-8075] INFO  impl.RoleInfo (RoleInfo.java:updateAndGet(143)) - 9acdd203-51d1-41ee-852c-319134721574: start LeaderElection
2019-09-28 01:22:35,278 [Thread-8069] INFO  impl.FollowerState (FollowerState.java:run(106)) - 7b598199-e261-45fb-863c-a2bd9def5848:group-3B8A45795B6C changes to CANDIDATE, lastRpcTime:1178, electionTimeout:1178ms
2019-09-28 01:22:35,279 [Thread-8069] INFO  impl.RoleInfo (RoleInfo.java:shutdownFollowerState(121)) - 7b598199-e261-45fb-863c-a2bd9def5848: shutdown FollowerState
2019-09-28 01:22:35,279 [Thread-8069] INFO  impl.RaftServerImpl (RaftServerImpl.java:setRole(174)) - 7b598199-e261-45fb-863c-a2bd9def5848@group-3B8A45795B6C: changes role from  FOLLOWER to CANDIDATE at term 0 for changeToCandidate
2019-09-28 01:22:35,279 [Thread-8069] INFO  impl.RoleInfo (RoleInfo.java:updateAndGet(143)) - 7b598199-e261-45fb-863c-a2bd9def5848: start LeaderElection
2019-09-28 01:22:35,286 [9acdd203-51d1-41ee-852c-319134721574@group-C5D67F8B7066:LeaderElection140] INFO  impl.LeaderElection (LeaderElection.java:askForVotes(182)) - 9acdd203-51d1-41ee-852c-319134721574@group-C5D67F8B7066:LeaderElection140: begin an election at term 1 for -1: [9acdd203-51d1-41ee-852c-319134721574:192.168.151.82:45911], old=null
2019-09-28 01:22:35,286 [9acdd203-51d1-41ee-852c-319134721574@group-C5D67F8B7066:LeaderElection140] INFO  impl.RoleInfo (RoleInfo.java:shutdownLeaderElection(134)) - 9acdd203-51d1-41ee-852c-319134721574: shutdown LeaderElection
2019-09-28 01:22:35,286 [9acdd203-51d1-41ee-852c-319134721574@group-C5D67F8B7066:LeaderElection140] INFO  impl.RaftServerImpl (RaftServerImpl.java:setRole(174)) - 9acdd203-51d1-41ee-852c-319134721574@group-C5D67F8B7066: changes role from CANDIDATE to LEADER at term 1 for changeToLeader
2019-09-28 01:22:35,286 [9acdd203-51d1-41ee-852c-319134721574@group-C5D67F8B7066:LeaderElection140] INFO  impl.RaftServerImpl (ServerState.java:setLeader(253)) - 9acdd203-51d1-41ee-852c-319134721574@group-C5D67F8B7066: change Leader from null to 9acdd203-51d1-41ee-852c-319134721574 at term 1 for becomeLeader, leader elected after 1073ms
2019-09-28 01:22:35,286 [9acdd203-51d1-41ee-852c-319134721574@group-C5D67F8B7066:LeaderElection140] INFO  server.RaftServerConfigKeys (ConfUtils.java:logGet(43)) - raft.server.staging.catchup.gap = 1000 (default)
2019-09-28 01:22:35,287 [9acdd203-51d1-41ee-852c-319134721574@group-C5D67F8B7066:LeaderElection140] INFO  server.RaftServerConfigKeys (ConfUtils.java:logGet(43)) - raft.server.rpc.sleep.time = 25ms (default)
2019-09-28 01:22:35,287 [9acdd203-51d1-41ee-852c-319134721574@group-C5D67F8B7066:LeaderElection140] INFO  server.RaftServerConfigKeys (ConfUtils.java:logGet(43)) - raft.server.write.element-limit = 4096 (default)
2019-09-28 01:22:35,287 [9acdd203-51d1-41ee-852c-319134721574@group-C5D67F8B7066:LeaderElection140] INFO  server.RaftServerConfigKeys (ConfUtils.java:logGet(43)) - raft.server.watch.timeout = 10s (default)
2019-09-28 01:22:35,287 [9acdd203-51d1-41ee-852c-319134721574@group-C5D67F8B7066:LeaderElection140] INFO  server.RaftServerConfigKeys (ConfUtils.java:logGet(43)) - raft.server.watch.timeout.denomination = 1s (default)
2019-09-28 01:22:35,287 [9acdd203-51d1-41ee-852c-319134721574@group-C5D67F8B7066:LeaderElection140] INFO  server.RaftServerConfigKeys (ConfUtils.java:logGet(43)) - raft.server.watch.element-limit = 65536 (default)
2019-09-28 01:22:35,290 [9acdd203-51d1-41ee-852c-319134721574@group-C5D67F8B7066:LeaderElection140] INFO  impl.RoleInfo (RoleInfo.java:updateAndGet(143)) - 9acdd203-51d1-41ee-852c-319134721574: start LeaderState
2019-09-28 01:22:35,290 [9acdd203-51d1-41ee-852c-319134721574@group-C5D67F8B7066:LeaderElection140] INFO  segmented.SegmentedRaftLogWorker (SegmentedRaftLogWorker.java:startLogSegment(380)) - 9acdd203-51d1-41ee-852c-319134721574@group-C5D67F8B7066-SegmentedRaftLogWorker: Starting segment from index:0
2019-09-28 01:22:35,290 [9acdd203-51d1-41ee-852c-319134721574@group-C5D67F8B7066:LeaderElection140] INFO  impl.RaftServerImpl (ServerState.java:setRaftConf(354)) - 9acdd203-51d1-41ee-852c-319134721574@group-C5D67F8B7066: set configuration 0: [9acdd203-51d1-41ee-852c-319134721574:192.168.151.82:45911], old=null at 0
2019-09-28 01:22:35,302 [Thread-8072] INFO  impl.FollowerState (FollowerState.java:run(106)) - 32aad283-0bae-446a-b552-a3e6965a6bb8:group-2712627E873B changes to CANDIDATE, lastRpcTime:1135, electionTimeout:1135ms
2019-09-28 01:22:35,303 [Thread-8072] INFO  impl.RoleInfo (RoleInfo.java:shutdownFollowerState(121)) - 32aad283-0bae-446a-b552-a3e6965a6bb8: shutdown FollowerState
2019-09-28 01:22:35,303 [Thread-8072] INFO  impl.RaftServerImpl (RaftServerImpl.java:setRole(174)) - 32aad283-0bae-446a-b552-a3e6965a6bb8@group-2712627E873B: changes role from  FOLLOWER to CANDIDATE at term 0 for changeToCandidate
2019-09-28 01:22:35,303 [Thread-8072] INFO  impl.RoleInfo (RoleInfo.java:updateAndGet(143)) - 32aad283-0bae-446a-b552-a3e6965a6bb8: start LeaderElection
2019-09-28 01:22:35,337 [Thread-8079] INFO  impl.FollowerState (FollowerState.java:run(106)) - 9acdd203-51d1-41ee-852c-319134721574:group-1DD11682BBC6 changes to CANDIDATE, lastRpcTime:1055, electionTimeout:1049ms
2019-09-28 01:22:35,341 [7b598199-e261-45fb-863c-a2bd9def5848@group-3B8A45795B6C:LeaderElection141] INFO  impl.LeaderElection (LeaderElection.java:askForVotes(182)) - 7b598199-e261-45fb-863c-a2bd9def5848@group-3B8A45795B6C:LeaderElection141: begin an election at term 1 for -1: [7b598199-e261-45fb-863c-a2bd9def5848:192.168.151.82:34969], old=null
2019-09-28 01:22:35,341 [Thread-8082] INFO  impl.FollowerState (FollowerState.java:run(106)) - 32aad283-0bae-446a-b552-a3e6965a6bb8:group-1DD11682BBC6 changes to CANDIDATE, lastRpcTime:1054, electionTimeout:1037ms
2019-09-28 01:22:35,341 [7b598199-e261-45fb-863c-a2bd9def5848@group-3B8A45795B6C:LeaderElection141] INFO  impl.RoleInfo (RoleInfo.java:shutdownLeaderElection(134)) - 7b598199-e261-45fb-863c-a2bd9def5848: shutdown LeaderElection
2019-09-28 01:22:35,342 [Thread-8083] INFO  impl.FollowerState (FollowerState.java:run(106)) - 7b598199-e261-45fb-863c-a2bd9def5848:group-1DD11682BBC6 changes to CANDIDATE, lastRpcTime:1055, electionTimeout:1055ms
2019-09-28 01:22:35,341 [Thread-8079] INFO  impl.RoleInfo (RoleInfo.java:shutdownFollowerState(121)) - 9acdd203-51d1-41ee-852c-319134721574: shutdown FollowerState
2019-09-28 01:22:35,342 [Thread-8083] INFO  impl.RoleInfo (RoleInfo.java:shutdownFollowerState(121)) - 7b598199-e261-45fb-863c-a2bd9def5848: shutdown FollowerState
2019-09-28 01:22:35,342 [7b598199-e261-45fb-863c-a2bd9def5848@group-3B8A45795B6C:LeaderElection141] INFO  impl.RaftServerImpl (RaftServerImpl.java:setRole(174)) - 7b598199-e261-45fb-863c-a2bd9def5848@group-3B8A45795B6C: changes role from CANDIDATE to LEADER at term 1 for changeToLeader
2019-09-28 01:22:35,342 [7b598199-e261-45fb-863c-a2bd9def5848@group-3B8A45795B6C:LeaderElection141] INFO  impl.RaftServerImpl (ServerState.java:setLeader(253)) - 7b598199-e261-45fb-863c-a2bd9def5848@group-3B8A45795B6C: change Leader from null to 7b598199-e261-45fb-863c-a2bd9def5848 at term 1 for becomeLeader, leader elected after 1250ms
2019-09-28 01:22:35,342 [Thread-8082] INFO  impl.RoleInfo (RoleInfo.java:shutdownFollowerState(121)) - 32aad283-0bae-446a-b552-a3e6965a6bb8: shutdown FollowerState
2019-09-28 01:22:35,342 [7b598199-e261-45fb-863c-a2bd9def5848@group-3B8A45795B6C:LeaderElection141] INFO  server.RaftServerConfigKeys (ConfUtils.java:logGet(43)) - raft.server.staging.catchup.gap = 1000 (default)
2019-09-28 01:22:35,342 [Thread-8083] INFO  impl.RaftServerImpl (RaftServerImpl.java:setRole(174)) - 7b598199-e261-45fb-863c-a2bd9def5848@group-1DD11682BBC6: changes role from  FOLLOWER to CANDIDATE at term 0 for changeToCandidate
2019-09-28 01:22:35,342 [Thread-8079] INFO  impl.RaftServerImpl (RaftServerImpl.java:setRole(174)) - 9acdd203-51d1-41ee-852c-319134721574@group-1DD11682BBC6: changes role from  FOLLOWER to CANDIDATE at term 0 for changeToCandidate
2019-09-28 01:22:35,343 [Thread-8083] INFO  impl.RoleInfo (RoleInfo.java:updateAndGet(143)) - 7b598199-e261-45fb-863c-a2bd9def5848: start LeaderElection
2019-09-28 01:22:35,342 [7b598199-e261-45fb-863c-a2bd9def5848@group-3B8A45795B6C:LeaderElection141] INFO  server.RaftServerConfigKeys (ConfUtils.java:logGet(43)) - raft.server.rpc.sleep.time = 25ms (default)
2019-09-28 01:22:35,342 [Thread-8082] INFO  impl.RaftServerImpl (RaftServerImpl.java:setRole(174)) - 32aad283-0bae-446a-b552-a3e6965a6bb8@group-1DD11682BBC6: changes role from  FOLLOWER to CANDIDATE at term 0 for changeToCandidate
2019-09-28 01:22:35,343 [Thread-8079] INFO  impl.RoleInfo (RoleInfo.java:updateAndGet(143)) - 9acdd203-51d1-41ee-852c-319134721574: start LeaderElection
2019-09-28 01:22:35,343 [Thread-8082] INFO  impl.RoleInfo (RoleInfo.java:updateAndGet(143)) - 32aad283-0bae-446a-b552-a3e6965a6bb8: start LeaderElection
2019-09-28 01:22:35,343 [7b598199-e261-45fb-863c-a2bd9def5848@group-3B8A45795B6C:LeaderElection141] INFO  server.RaftServerConfigKeys (ConfUtils.java:logGet(43)) - raft.server.write.element-limit = 4096 (default)
2019-09-28 01:22:35,349 [7b598199-e261-45fb-863c-a2bd9def5848@group-3B8A45795B6C:LeaderElection141] INFO  server.RaftServerConfigKeys (ConfUtils.java:logGet(43)) - raft.server.watch.timeout = 10s (default)
2019-09-28 01:22:35,354 [9acdd203-51d1-41ee-852c-319134721574@group-C5D67F8B7066-SegmentedRaftLogWorker] INFO  segmented.SegmentedRaftLogWorker (SegmentedRaftLogWorker.java:execute(569)) - 9acdd203-51d1-41ee-852c-319134721574@group-C5D67F8B7066-SegmentedRaftLogWorker: created new log segment /workdir/hadoop-ozone/integration-test/target/test-dir/MiniOzoneClusterImpl-8eac2880-3418-4680-a8af-a58fbadabff3/datanode-2/data/ratis/f2da8843-e05c-4e3a-b7ee-c5d67f8b7066/current/log_inprogress_0
2019-09-28 01:22:35,354 [32aad283-0bae-446a-b552-a3e6965a6bb8@group-2712627E873B:LeaderElection142] INFO  impl.LeaderElection (LeaderElection.java:askForVotes(182)) - 32aad283-0bae-446a-b552-a3e6965a6bb8@group-2712627E873B:LeaderElection142: begin an election at term 1 for -1: [32aad283-0bae-446a-b552-a3e6965a6bb8:192.168.151.82:38303], old=null
2019-09-28 01:22:35,354 [7b598199-e261-45fb-863c-a2bd9def5848@group-3B8A45795B6C:LeaderElection141] INFO  server.RaftServerConfigKeys (ConfUtils.java:logGet(43)) - raft.server.watch.timeout.denomination = 1s (default)
2019-09-28 01:22:35,359 [32aad283-0bae-446a-b552-a3e6965a6bb8@group-2712627E873B:LeaderElection142] INFO  impl.RoleInfo (RoleInfo.java:shutdownLeaderElection(134)) - 32aad283-0bae-446a-b552-a3e6965a6bb8: shutdown LeaderElection
2019-09-28 01:22:35,359 [7b598199-e261-45fb-863c-a2bd9def5848@group-3B8A45795B6C:LeaderElection141] INFO  server.RaftServerConfigKeys (ConfUtils.java:logGet(43)) - raft.server.watch.element-limit = 65536 (default)
2019-09-28 01:22:35,359 [32aad283-0bae-446a-b552-a3e6965a6bb8@group-2712627E873B:LeaderElection142] INFO  impl.RaftServerImpl (RaftServerImpl.java:setRole(174)) - 32aad283-0bae-446a-b552-a3e6965a6bb8@group-2712627E873B: changes role from CANDIDATE to LEADER at term 1 for changeToLeader
2019-09-28 01:22:35,360 [32aad283-0bae-446a-b552-a3e6965a6bb8@group-2712627E873B:LeaderElection142] INFO  impl.RaftServerImpl (ServerState.java:setLeader(253)) - 32aad283-0bae-446a-b552-a3e6965a6bb8@group-2712627E873B: change Leader from null to 32aad283-0bae-446a-b552-a3e6965a6bb8 at term 1 for becomeLeader, leader elected after 1199ms
2019-09-28 01:22:35,360 [32aad283-0bae-446a-b552-a3e6965a6bb8@group-2712627E873B:LeaderElection142] INFO  server.RaftServerConfigKeys (ConfUtils.java:logGet(43)) - raft.server.staging.catchup.gap = 1000 (default)
2019-09-28 01:22:35,360 [32aad283-0bae-446a-b552-a3e6965a6bb8@group-2712627E873B:LeaderElection142] INFO  server.RaftServerConfigKeys (ConfUtils.java:logGet(43)) - raft.server.rpc.sleep.time = 25ms (default)
2019-09-28 01:22:35,360 [32aad283-0bae-446a-b552-a3e6965a6bb8@group-2712627E873B:LeaderElection142] INFO  server.RaftServerConfigKeys (ConfUtils.java:logGet(43)) - raft.server.write.element-limit = 4096 (default)
2019-09-28 01:22:35,360 [32aad283-0bae-446a-b552-a3e6965a6bb8@group-2712627E873B:LeaderElection142] INFO  server.RaftServerConfigKeys (ConfUtils.java:logGet(43)) - raft.server.watch.timeout = 10s (default)
2019-09-28 01:22:35,361 [32aad283-0bae-446a-b552-a3e6965a6bb8@group-2712627E873B:LeaderElection142] INFO  server.RaftServerConfigKeys (ConfUtils.java:logGet(43)) - raft.server.watch.timeout.denomination = 1s (default)
2019-09-28 01:22:35,361 [32aad283-0bae-446a-b552-a3e6965a6bb8@group-2712627E873B:LeaderElection142] INFO  server.RaftServerConfigKeys (ConfUtils.java:logGet(43)) - raft.server.watch.element-limit = 65536 (default)
2019-09-28 01:22:35,361 [7b598199-e261-45fb-863c-a2bd9def5848@group-3B8A45795B6C:LeaderElection141] INFO  impl.RoleInfo (RoleInfo.java:updateAndGet(143)) - 7b598199-e261-45fb-863c-a2bd9def5848: start LeaderState
2019-09-28 01:22:35,361 [7b598199-e261-45fb-863c-a2bd9def5848@group-3B8A45795B6C:LeaderElection141] INFO  segmented.SegmentedRaftLogWorker (SegmentedRaftLogWorker.java:startLogSegment(380)) - 7b598199-e261-45fb-863c-a2bd9def5848@group-3B8A45795B6C-SegmentedRaftLogWorker: Starting segment from index:0
2019-09-28 01:22:35,362 [7b598199-e261-45fb-863c-a2bd9def5848@group-3B8A45795B6C:LeaderElection141] INFO  impl.RaftServerImpl (ServerState.java:setRaftConf(354)) - 7b598199-e261-45fb-863c-a2bd9def5848@group-3B8A45795B6C: set configuration 0: [7b598199-e261-45fb-863c-a2bd9def5848:192.168.151.82:34969], old=null at 0
2019-09-28 01:22:35,363 [32aad283-0bae-446a-b552-a3e6965a6bb8@group-2712627E873B:LeaderElection142] INFO  impl.RoleInfo (RoleInfo.java:updateAndGet(143)) - 32aad283-0bae-446a-b552-a3e6965a6bb8: start LeaderState
2019-09-28 01:22:35,363 [32aad283-0bae-446a-b552-a3e6965a6bb8@group-2712627E873B:LeaderElection142] INFO  segmented.SegmentedRaftLogWorker (SegmentedRaftLogWorker.java:startLogSegment(380)) - 32aad283-0bae-446a-b552-a3e6965a6bb8@group-2712627E873B-SegmentedRaftLogWorker: Starting segment from index:0
2019-09-28 01:22:35,364 [32aad283-0bae-446a-b552-a3e6965a6bb8@group-2712627E873B:LeaderElection142] INFO  impl.RaftServerImpl (ServerState.java:setRaftConf(354)) - 32aad283-0bae-446a-b552-a3e6965a6bb8@group-2712627E873B: set configuration 0: [32aad283-0bae-446a-b552-a3e6965a6bb8:192.168.151.82:38303], old=null at 0
2019-09-28 01:22:35,372 [9acdd203-51d1-41ee-852c-319134721574@group-1DD11682BBC6:LeaderElection144] INFO  impl.LeaderElection (LeaderElection.java:askForVotes(182)) - 9acdd203-51d1-41ee-852c-319134721574@group-1DD11682BBC6:LeaderElection144: begin an election at term 1 for -1: [32aad283-0bae-446a-b552-a3e6965a6bb8:192.168.151.82:38303, 9acdd203-51d1-41ee-852c-319134721574:192.168.151.82:45911, 7b598199-e261-45fb-863c-a2bd9def5848:192.168.151.82:34969], old=null
2019-09-28 01:22:35,372 [7b598199-e261-45fb-863c-a2bd9def5848@group-1DD11682BBC6:LeaderElection143] INFO  impl.LeaderElection (LeaderElection.java:askForVotes(182)) - 7b598199-e261-45fb-863c-a2bd9def5848@group-1DD11682BBC6:LeaderElection143: begin an election at term 1 for -1: [32aad283-0bae-446a-b552-a3e6965a6bb8:192.168.151.82:38303, 9acdd203-51d1-41ee-852c-319134721574:192.168.151.82:45911, 7b598199-e261-45fb-863c-a2bd9def5848:192.168.151.82:34969], old=null
2019-09-28 01:22:35,372 [32aad283-0bae-446a-b552-a3e6965a6bb8@group-1DD11682BBC6:LeaderElection145] INFO  impl.LeaderElection (LeaderElection.java:askForVotes(182)) - 32aad283-0bae-446a-b552-a3e6965a6bb8@group-1DD11682BBC6:LeaderElection145: begin an election at term 1 for -1: [32aad283-0bae-446a-b552-a3e6965a6bb8:192.168.151.82:38303, 9acdd203-51d1-41ee-852c-319134721574:192.168.151.82:45911, 7b598199-e261-45fb-863c-a2bd9def5848:192.168.151.82:34969], old=null
2019-09-28 01:22:35,410 [9acdd203-51d1-41ee-852c-319134721574@group-1DD11682BBC6:LeaderElection144] INFO  impl.LeaderElection (LeaderElection.java:logAndReturn(56)) - 9acdd203-51d1-41ee-852c-319134721574@group-1DD11682BBC6:LeaderElection144: Election REJECTED; received 2 response(s) [9acdd203-51d1-41ee-852c-319134721574<-32aad283-0bae-446a-b552-a3e6965a6bb8#0:FAIL-t1, 9acdd203-51d1-41ee-852c-319134721574<-7b598199-e261-45fb-863c-a2bd9def5848#0:FAIL-t1] and 0 exception(s); 9acdd203-51d1-41ee-852c-319134721574@group-1DD11682BBC6:t1, leader=null, voted=9acdd203-51d1-41ee-852c-319134721574, raftlog=9acdd203-51d1-41ee-852c-319134721574@group-1DD11682BBC6-SegmentedRaftLog:OPENED:c-1,f-1,i0, conf=-1: [32aad283-0bae-446a-b552-a3e6965a6bb8:192.168.151.82:38303, 9acdd203-51d1-41ee-852c-319134721574:192.168.151.82:45911, 7b598199-e261-45fb-863c-a2bd9def5848:192.168.151.82:34969], old=null
2019-09-28 01:22:35,410 [32aad283-0bae-446a-b552-a3e6965a6bb8@group-1DD11682BBC6:LeaderElection145] INFO  impl.LeaderElection (LeaderElection.java:logAndReturn(56)) - 32aad283-0bae-446a-b552-a3e6965a6bb8@group-1DD11682BBC6:LeaderElection145: Election REJECTED; received 2 response(s) [32aad283-0bae-446a-b552-a3e6965a6bb8<-9acdd203-51d1-41ee-852c-319134721574#0:FAIL-t1, 32aad283-0bae-446a-b552-a3e6965a6bb8<-7b598199-e261-45fb-863c-a2bd9def5848#0:FAIL-t1] and 0 exception(s); 32aad283-0bae-446a-b552-a3e6965a6bb8@group-1DD11682BBC6:t1, leader=null, voted=32aad283-0bae-446a-b552-a3e6965a6bb8, raftlog=32aad283-0bae-446a-b552-a3e6965a6bb8@group-1DD11682BBC6-SegmentedRaftLog:OPENED:c-1,f-1,i0, conf=-1: [32aad283-0bae-446a-b552-a3e6965a6bb8:192.168.151.82:38303, 9acdd203-51d1-41ee-852c-319134721574:192.168.151.82:45911, 7b598199-e261-45fb-863c-a2bd9def5848:192.168.151.82:34969], old=null
2019-09-28 01:22:35,410 [9acdd203-51d1-41ee-852c-319134721574@group-1DD11682BBC6:LeaderElection144] INFO  impl.RaftServerImpl (RaftServerImpl.java:setRole(174)) - 9acdd203-51d1-41ee-852c-319134721574@group-1DD11682BBC6: changes role from CANDIDATE to FOLLOWER at term 1 for DISCOVERED_A_NEW_TERM
2019-09-28 01:22:35,410 [32aad283-0bae-446a-b552-a3e6965a6bb8@group-1DD11682BBC6:LeaderElection145] INFO  impl.RaftServerImpl (RaftServerImpl.java:setRole(174)) - 32aad283-0bae-446a-b552-a3e6965a6bb8@group-1DD11682BBC6: changes role from CANDIDATE to FOLLOWER at term 1 for DISCOVERED_A_NEW_TERM
2019-09-28 01:22:35,411 [32aad283-0bae-446a-b552-a3e6965a6bb8@group-1DD11682BBC6:LeaderElection145] INFO  impl.RoleInfo (RoleInfo.java:shutdownLeaderElection(134)) - 32aad283-0bae-446a-b552-a3e6965a6bb8: shutdown LeaderElection
2019-09-28 01:22:35,410 [7b598199-e261-45fb-863c-a2bd9def5848@group-1DD11682BBC6:LeaderElection143] INFO  impl.LeaderElection (LeaderElection.java:logAndReturn(56)) - 7b598199-e261-45fb-863c-a2bd9def5848@group-1DD11682BBC6:LeaderElection143: Election REJECTED; received 2 response(s) [7b598199-e261-45fb-863c-a2bd9def5848<-32aad283-0bae-446a-b552-a3e6965a6bb8#0:FAIL-t1, 7b598199-e261-45fb-863c-a2bd9def5848<-9acdd203-51d1-41ee-852c-319134721574#0:FAIL-t1] and 0 exception(s); 7b598199-e261-45fb-863c-a2bd9def5848@group-1DD11682BBC6:t1, leader=null, voted=7b598199-e261-45fb-863c-a2bd9def5848, raftlog=7b598199-e261-45fb-863c-a2bd9def5848@group-1DD11682BBC6-SegmentedRaftLog:OPENED:c-1,f-1,i0, conf=-1: [32aad283-0bae-446a-b552-a3e6965a6bb8:192.168.151.82:38303, 9acdd203-51d1-41ee-852c-319134721574:192.168.151.82:45911, 7b598199-e261-45fb-863c-a2bd9def5848:192.168.151.82:34969], old=null
2019-09-28 01:22:35,411 [32aad283-0bae-446a-b552-a3e6965a6bb8@group-1DD11682BBC6:LeaderElection145] INFO  impl.RoleInfo (RoleInfo.java:updateAndGet(143)) - 32aad283-0bae-446a-b552-a3e6965a6bb8: start FollowerState
2019-09-28 01:22:35,410 [9acdd203-51d1-41ee-852c-319134721574@group-1DD11682BBC6:LeaderElection144] INFO  impl.RoleInfo (RoleInfo.java:shutdownLeaderElection(134)) - 9acdd203-51d1-41ee-852c-319134721574: shutdown LeaderElection
2019-09-28 01:22:35,411 [7b598199-e261-45fb-863c-a2bd9def5848@group-1DD11682BBC6:LeaderElection143] INFO  impl.RaftServerImpl (RaftServerImpl.java:setRole(174)) - 7b598199-e261-45fb-863c-a2bd9def5848@group-1DD11682BBC6: changes role from CANDIDATE to FOLLOWER at term 1 for DISCOVERED_A_NEW_TERM
2019-09-28 01:22:35,411 [9acdd203-51d1-41ee-852c-319134721574@group-1DD11682BBC6:LeaderElection144] INFO  impl.RoleInfo (RoleInfo.java:updateAndGet(143)) - 9acdd203-51d1-41ee-852c-319134721574: start FollowerState
2019-09-28 01:22:35,411 [7b598199-e261-45fb-863c-a2bd9def5848@group-1DD11682BBC6:LeaderElection143] INFO  impl.RoleInfo (RoleInfo.java:shutdownLeaderElection(134)) - 7b598199-e261-45fb-863c-a2bd9def5848: shutdown LeaderElection
2019-09-28 01:22:35,411 [7b598199-e261-45fb-863c-a2bd9def5848@group-1DD11682BBC6:LeaderElection143] INFO  impl.RoleInfo (RoleInfo.java:updateAndGet(143)) - 7b598199-e261-45fb-863c-a2bd9def5848: start FollowerState
2019-09-28 01:22:35,419 [7b598199-e261-45fb-863c-a2bd9def5848@group-3B8A45795B6C-SegmentedRaftLogWorker] INFO  segmented.SegmentedRaftLogWorker (SegmentedRaftLogWorker.java:execute(569)) - 7b598199-e261-45fb-863c-a2bd9def5848@group-3B8A45795B6C-SegmentedRaftLogWorker: created new log segment /workdir/hadoop-ozone/integration-test/target/test-dir/MiniOzoneClusterImpl-8eac2880-3418-4680-a8af-a58fbadabff3/datanode-0/data/ratis/cac477ce-0dd2-4f7e-84ab-3b8a45795b6c/current/log_inprogress_0
2019-09-28 01:22:35,419 [32aad283-0bae-446a-b552-a3e6965a6bb8@group-2712627E873B-SegmentedRaftLogWorker] INFO  segmented.SegmentedRaftLogWorker (SegmentedRaftLogWorker.java:execute(569)) - 32aad283-0bae-446a-b552-a3e6965a6bb8@group-2712627E873B-SegmentedRaftLogWorker: created new log segment /workdir/hadoop-ozone/integration-test/target/test-dir/MiniOzoneClusterImpl-8eac2880-3418-4680-a8af-a58fbadabff3/datanode-1/data/ratis/93e308f5-306a-4fd9-9f6b-2712627e873b/current/log_inprogress_0
2019-09-28 01:22:35,465 [Thread-8087] INFO  impl.FollowerState (FollowerState.java:run(106)) - 8d9bf5b9-80ed-47d1-abcd-8ac159088982:group-80E17DA65F72 changes to CANDIDATE, lastRpcTime:1099, electionTimeout:1099ms
2019-09-28 01:22:35,465 [Thread-8087] INFO  impl.RoleInfo (RoleInfo.java:shutdownFollowerState(121)) - 8d9bf5b9-80ed-47d1-abcd-8ac159088982: shutdown FollowerState
2019-09-28 01:22:35,465 [Thread-8087] INFO  impl.RaftServerImpl (RaftServerImpl.java:setRole(174)) - 8d9bf5b9-80ed-47d1-abcd-8ac159088982@group-80E17DA65F72: changes role from  FOLLOWER to CANDIDATE at term 0 for changeToCandidate
2019-09-28 01:22:35,466 [Thread-8087] INFO  impl.RoleInfo (RoleInfo.java:updateAndGet(143)) - 8d9bf5b9-80ed-47d1-abcd-8ac159088982: start LeaderElection
2019-09-28 01:22:35,487 [8d9bf5b9-80ed-47d1-abcd-8ac159088982@group-80E17DA65F72:LeaderElection146] INFO  impl.LeaderElection (LeaderElection.java:askForVotes(182)) - 8d9bf5b9-80ed-47d1-abcd-8ac159088982@group-80E17DA65F72:LeaderElection146: begin an election at term 1 for -1: [8d9bf5b9-80ed-47d1-abcd-8ac159088982:192.168.151.82:45900], old=null
2019-09-28 01:22:35,488 [8d9bf5b9-80ed-47d1-abcd-8ac159088982@group-80E17DA65F72:LeaderElection146] INFO  impl.RoleInfo (RoleInfo.java:shutdownLeaderElection(134)) - 8d9bf5b9-80ed-47d1-abcd-8ac159088982: shutdown LeaderElection
2019-09-28 01:22:35,488 [8d9bf5b9-80ed-47d1-abcd-8ac159088982@group-80E17DA65F72:LeaderElection146] INFO  impl.RaftServerImpl (RaftServerImpl.java:setRole(174)) - 8d9bf5b9-80ed-47d1-abcd-8ac159088982@group-80E17DA65F72: changes role from CANDIDATE to LEADER at term 1 for changeToLeader
2019-09-28 01:22:35,488 [8d9bf5b9-80ed-47d1-abcd-8ac159088982@group-80E17DA65F72:LeaderElection146] INFO  impl.RaftServerImpl (ServerState.java:setLeader(253)) - 8d9bf5b9-80ed-47d1-abcd-8ac159088982@group-80E17DA65F72: change Leader from null to 8d9bf5b9-80ed-47d1-abcd-8ac159088982 at term 1 for becomeLeader, leader elected after 1130ms
2019-09-28 01:22:35,488 [8d9bf5b9-80ed-47d1-abcd-8ac159088982@group-80E17DA65F72:LeaderElection146] INFO  server.RaftServerConfigKeys (ConfUtils.java:logGet(43)) - raft.server.staging.catchup.gap = 1000 (default)
2019-09-28 01:22:35,488 [8d9bf5b9-80ed-47d1-abcd-8ac159088982@group-80E17DA65F72:LeaderElection146] INFO  server.RaftServerConfigKeys (ConfUtils.java:logGet(43)) - raft.server.rpc.sleep.time = 25ms (default)
2019-09-28 01:22:35,488 [8d9bf5b9-80ed-47d1-abcd-8ac159088982@group-80E17DA65F72:LeaderElection146] INFO  server.RaftServerConfigKeys (ConfUtils.java:logGet(43)) - raft.server.write.element-limit = 4096 (default)
2019-09-28 01:22:35,489 [8d9bf5b9-80ed-47d1-abcd-8ac159088982@group-80E17DA65F72:LeaderElection146] INFO  server.RaftServerConfigKeys (ConfUtils.java:logGet(43)) - raft.server.watch.timeout = 10s (default)
2019-09-28 01:22:35,489 [8d9bf5b9-80ed-47d1-abcd-8ac159088982@group-80E17DA65F72:LeaderElection146] INFO  server.RaftServerConfigKeys (ConfUtils.java:logGet(43)) - raft.server.watch.timeout.denomination = 1s (default)
2019-09-28 01:22:35,489 [8d9bf5b9-80ed-47d1-abcd-8ac159088982@group-80E17DA65F72:LeaderElection146] INFO  server.RaftServerConfigKeys (ConfUtils.java:logGet(43)) - raft.server.watch.element-limit = 65536 (default)
2019-09-28 01:22:35,491 [8d9bf5b9-80ed-47d1-abcd-8ac159088982@group-80E17DA65F72:LeaderElection146] INFO  impl.RoleInfo (RoleInfo.java:updateAndGet(143)) - 8d9bf5b9-80ed-47d1-abcd-8ac159088982: start LeaderState
2019-09-28 01:22:35,491 [8d9bf5b9-80ed-47d1-abcd-8ac159088982@group-80E17DA65F72:LeaderElection146] INFO  segmented.SegmentedRaftLogWorker (SegmentedRaftLogWorker.java:startLogSegment(380)) - 8d9bf5b9-80ed-47d1-abcd-8ac159088982@group-80E17DA65F72-SegmentedRaftLogWorker: Starting segment from index:0
2019-09-28 01:22:35,491 [8d9bf5b9-80ed-47d1-abcd-8ac159088982@group-80E17DA65F72:LeaderElection146] INFO  impl.RaftServerImpl (ServerState.java:setRaftConf(354)) - 8d9bf5b9-80ed-47d1-abcd-8ac159088982@group-80E17DA65F72: set configuration 0: [8d9bf5b9-80ed-47d1-abcd-8ac159088982:192.168.151.82:45900], old=null at 0
2019-09-28 01:22:35,526 [Thread-8090] INFO  impl.FollowerState (FollowerState.java:run(106)) - 56ead053-3964-44ed-9670-c8ae4c2fbfaa:group-B47881B2A663 changes to CANDIDATE, lastRpcTime:1113, electionTimeout:1113ms
2019-09-28 01:22:35,526 [Thread-8090] INFO  impl.RoleInfo (RoleInfo.java:shutdownFollowerState(121)) - 56ead053-3964-44ed-9670-c8ae4c2fbfaa: shutdown FollowerState
2019-09-28 01:22:35,526 [Thread-8090] INFO  impl.RaftServerImpl (RaftServerImpl.java:setRole(174)) - 56ead053-3964-44ed-9670-c8ae4c2fbfaa@group-B47881B2A663: changes role from  FOLLOWER to CANDIDATE at term 0 for changeToCandidate
2019-09-28 01:22:35,526 [Thread-8090] INFO  impl.RoleInfo (RoleInfo.java:updateAndGet(143)) - 56ead053-3964-44ed-9670-c8ae4c2fbfaa: start LeaderElection
2019-09-28 01:22:35,535 [8d9bf5b9-80ed-47d1-abcd-8ac159088982@group-80E17DA65F72-SegmentedRaftLogWorker] INFO  segmented.SegmentedRaftLogWorker (SegmentedRaftLogWorker.java:execute(569)) - 8d9bf5b9-80ed-47d1-abcd-8ac159088982@group-80E17DA65F72-SegmentedRaftLogWorker: created new log segment /workdir/hadoop-ozone/integration-test/target/test-dir/MiniOzoneClusterImpl-8eac2880-3418-4680-a8af-a58fbadabff3/datanode-4/data/ratis/13afd8a6-cd8d-402f-ae3c-80e17da65f72/current/log_inprogress_0
2019-09-28 01:22:35,548 [56ead053-3964-44ed-9670-c8ae4c2fbfaa@group-B47881B2A663:LeaderElection147] INFO  impl.LeaderElection (LeaderElection.java:askForVotes(182)) - 56ead053-3964-44ed-9670-c8ae4c2fbfaa@group-B47881B2A663:LeaderElection147: begin an election at term 1 for -1: [56ead053-3964-44ed-9670-c8ae4c2fbfaa:192.168.151.82:41964], old=null
2019-09-28 01:22:35,548 [56ead053-3964-44ed-9670-c8ae4c2fbfaa@group-B47881B2A663:LeaderElection147] INFO  impl.RoleInfo (RoleInfo.java:shutdownLeaderElection(134)) - 56ead053-3964-44ed-9670-c8ae4c2fbfaa: shutdown LeaderElection
2019-09-28 01:22:35,548 [56ead053-3964-44ed-9670-c8ae4c2fbfaa@group-B47881B2A663:LeaderElection147] INFO  impl.RaftServerImpl (RaftServerImpl.java:setRole(174)) - 56ead053-3964-44ed-9670-c8ae4c2fbfaa@group-B47881B2A663: changes role from CANDIDATE to LEADER at term 1 for changeToLeader
2019-09-28 01:22:35,548 [56ead053-3964-44ed-9670-c8ae4c2fbfaa@group-B47881B2A663:LeaderElection147] INFO  impl.RaftServerImpl (ServerState.java:setLeader(253)) - 56ead053-3964-44ed-9670-c8ae4c2fbfaa@group-B47881B2A663: change Leader from null to 56ead053-3964-44ed-9670-c8ae4c2fbfaa at term 1 for becomeLeader, leader elected after 1143ms
2019-09-28 01:22:35,549 [56ead053-3964-44ed-9670-c8ae4c2fbfaa@group-B47881B2A663:LeaderElection147] INFO  server.RaftServerConfigKeys (ConfUtils.java:logGet(43)) - raft.server.staging.catchup.gap = 1000 (default)
2019-09-28 01:22:35,549 [56ead053-3964-44ed-9670-c8ae4c2fbfaa@group-B47881B2A663:LeaderElection147] INFO  server.RaftServerConfigKeys (ConfUtils.java:logGet(43)) - raft.server.rpc.sleep.time = 25ms (default)
2019-09-28 01:22:35,549 [56ead053-3964-44ed-9670-c8ae4c2fbfaa@group-B47881B2A663:LeaderElection147] INFO  server.RaftServerConfigKeys (ConfUtils.java:logGet(43)) - raft.server.write.element-limit = 4096 (default)
2019-09-28 01:22:35,549 [56ead053-3964-44ed-9670-c8ae4c2fbfaa@group-B47881B2A663:LeaderElection147] INFO  server.RaftServerConfigKeys (ConfUtils.java:logGet(43)) - raft.server.watch.timeout = 10s (default)
2019-09-28 01:22:35,549 [56ead053-3964-44ed-9670-c8ae4c2fbfaa@group-B47881B2A663:LeaderElection147] INFO  server.RaftServerConfigKeys (ConfUtils.java:logGet(43)) - raft.server.watch.timeout.denomination = 1s (default)
2019-09-28 01:22:35,549 [56ead053-3964-44ed-9670-c8ae4c2fbfaa@group-B47881B2A663:LeaderElection147] INFO  server.RaftServerConfigKeys (ConfUtils.java:logGet(43)) - raft.server.watch.element-limit = 65536 (default)
2019-09-28 01:22:35,551 [56ead053-3964-44ed-9670-c8ae4c2fbfaa@group-B47881B2A663:LeaderElection147] INFO  impl.RoleInfo (RoleInfo.java:updateAndGet(143)) - 56ead053-3964-44ed-9670-c8ae4c2fbfaa: start LeaderState
2019-09-28 01:22:35,551 [56ead053-3964-44ed-9670-c8ae4c2fbfaa@group-B47881B2A663:LeaderElection147] INFO  segmented.SegmentedRaftLogWorker (SegmentedRaftLogWorker.java:startLogSegment(380)) - 56ead053-3964-44ed-9670-c8ae4c2fbfaa@group-B47881B2A663-SegmentedRaftLogWorker: Starting segment from index:0
2019-09-28 01:22:35,551 [56ead053-3964-44ed-9670-c8ae4c2fbfaa@group-B47881B2A663:LeaderElection147] INFO  impl.RaftServerImpl (ServerState.java:setRaftConf(354)) - 56ead053-3964-44ed-9670-c8ae4c2fbfaa@group-B47881B2A663: set configuration 0: [56ead053-3964-44ed-9670-c8ae4c2fbfaa:192.168.151.82:41964], old=null at 0
2019-09-28 01:22:35,601 [56ead053-3964-44ed-9670-c8ae4c2fbfaa@group-B47881B2A663-SegmentedRaftLogWorker] INFO  segmented.SegmentedRaftLogWorker (SegmentedRaftLogWorker.java:execute(569)) - 56ead053-3964-44ed-9670-c8ae4c2fbfaa@group-B47881B2A663-SegmentedRaftLogWorker: created new log segment /workdir/hadoop-ozone/integration-test/target/test-dir/MiniOzoneClusterImpl-8eac2880-3418-4680-a8af-a58fbadabff3/datanode-3/data/ratis/4fa60ed2-c89c-45ee-ad7c-b47881b2a663/current/log_inprogress_0
2019-09-28 01:22:35,637 [main] INFO  ozone.MiniOzoneClusterImpl (MiniOzoneClusterImpl.java:lambda$waitForClusterToBeReady$0(147)) - Cluster is ready. Got 10 of 10 DN Heartbeats.
2019-09-28 01:22:35,643 [Thread-8093] INFO  impl.FollowerState (FollowerState.java:run(106)) - 599625e3-e1cb-4b64-bc73-5b316e5767eb:group-EB3BD2D41DCF changes to CANDIDATE, lastRpcTime:1186, electionTimeout:1186ms
2019-09-28 01:22:35,644 [Thread-8093] INFO  impl.RoleInfo (RoleInfo.java:shutdownFollowerState(121)) - 599625e3-e1cb-4b64-bc73-5b316e5767eb: shutdown FollowerState
2019-09-28 01:22:35,644 [Thread-8093] INFO  impl.RaftServerImpl (RaftServerImpl.java:setRole(174)) - 599625e3-e1cb-4b64-bc73-5b316e5767eb@group-EB3BD2D41DCF: changes role from  FOLLOWER to CANDIDATE at term 0 for changeToCandidate
2019-09-28 01:22:35,644 [Thread-8093] INFO  impl.RoleInfo (RoleInfo.java:updateAndGet(143)) - 599625e3-e1cb-4b64-bc73-5b316e5767eb: start LeaderElection
2019-09-28 01:22:35,649 [Thread-8099] INFO  impl.FollowerState (FollowerState.java:run(106)) - 59fee26f-c6e1-49c3-9274-8c3c2be11206:group-F884C6883C76 changes to CANDIDATE, lastRpcTime:1093, electionTimeout:1093ms
2019-09-28 01:22:35,653 [Thread-8099] INFO  impl.RoleInfo (RoleInfo.java:shutdownFollowerState(121)) - 59fee26f-c6e1-49c3-9274-8c3c2be11206: shutdown FollowerState
2019-09-28 01:22:35,653 [Thread-8099] INFO  impl.RaftServerImpl (RaftServerImpl.java:setRole(174)) - 59fee26f-c6e1-49c3-9274-8c3c2be11206@group-F884C6883C76: changes role from  FOLLOWER to CANDIDATE at term 0 for changeToCandidate
2019-09-28 01:22:35,653 [Thread-8099] INFO  impl.RoleInfo (RoleInfo.java:updateAndGet(143)) - 59fee26f-c6e1-49c3-9274-8c3c2be11206: start LeaderElection
2019-09-28 01:22:35,661 [Thread-8096] INFO  impl.FollowerState (FollowerState.java:run(106)) - 2105b257-0142-410d-878a-3a42adc43937:group-843896BCDBC6 changes to CANDIDATE, lastRpcTime:1154, electionTimeout:1154ms
2019-09-28 01:22:35,661 [Thread-8096] INFO  impl.RoleInfo (RoleInfo.java:shutdownFollowerState(121)) - 2105b257-0142-410d-878a-3a42adc43937: shutdown FollowerState
2019-09-28 01:22:35,661 [Thread-8096] INFO  impl.RaftServerImpl (RaftServerImpl.java:setRole(174)) - 2105b257-0142-410d-878a-3a42adc43937@group-843896BCDBC6: changes role from  FOLLOWER to CANDIDATE at term 0 for changeToCandidate
2019-09-28 01:22:35,661 [Thread-8096] INFO  impl.RoleInfo (RoleInfo.java:updateAndGet(143)) - 2105b257-0142-410d-878a-3a42adc43937: start LeaderElection
2019-09-28 01:22:35,668 [59fee26f-c6e1-49c3-9274-8c3c2be11206@group-F884C6883C76:LeaderElection149] INFO  impl.LeaderElection (LeaderElection.java:askForVotes(182)) - 59fee26f-c6e1-49c3-9274-8c3c2be11206@group-F884C6883C76:LeaderElection149: begin an election at term 1 for -1: [59fee26f-c6e1-49c3-9274-8c3c2be11206:192.168.151.82:36557], old=null
2019-09-28 01:22:35,668 [599625e3-e1cb-4b64-bc73-5b316e5767eb@group-EB3BD2D41DCF:LeaderElection148] INFO  impl.LeaderElection (LeaderElection.java:askForVotes(182)) - 599625e3-e1cb-4b64-bc73-5b316e5767eb@group-EB3BD2D41DCF:LeaderElection148: begin an election at term 1 for -1: [599625e3-e1cb-4b64-bc73-5b316e5767eb:192.168.151.82:41958], old=null
2019-09-28 01:22:35,668 [59fee26f-c6e1-49c3-9274-8c3c2be11206@group-F884C6883C76:LeaderElection149] INFO  impl.RoleInfo (RoleInfo.java:shutdownLeaderElection(134)) - 59fee26f-c6e1-49c3-9274-8c3c2be11206: shutdown LeaderElection
2019-09-28 01:22:35,668 [599625e3-e1cb-4b64-bc73-5b316e5767eb@group-EB3BD2D41DCF:LeaderElection148] INFO  impl.RoleInfo (RoleInfo.java:shutdownLeaderElection(134)) - 599625e3-e1cb-4b64-bc73-5b316e5767eb: shutdown LeaderElection
2019-09-28 01:22:35,668 [59fee26f-c6e1-49c3-9274-8c3c2be11206@group-F884C6883C76:LeaderElection149] INFO  impl.RaftServerImpl (RaftServerImpl.java:setRole(174)) - 59fee26f-c6e1-49c3-9274-8c3c2be11206@group-F884C6883C76: changes role from CANDIDATE to LEADER at term 1 for changeToLeader
2019-09-28 01:22:35,668 [599625e3-e1cb-4b64-bc73-5b316e5767eb@group-EB3BD2D41DCF:LeaderElection148] INFO  impl.RaftServerImpl (RaftServerImpl.java:setRole(174)) - 599625e3-e1cb-4b64-bc73-5b316e5767eb@group-EB3BD2D41DCF: changes role from CANDIDATE to LEADER at term 1 for changeToLeader
2019-09-28 01:22:35,668 [59fee26f-c6e1-49c3-9274-8c3c2be11206@group-F884C6883C76:LeaderElection149] INFO  impl.RaftServerImpl (ServerState.java:setLeader(253)) - 59fee26f-c6e1-49c3-9274-8c3c2be11206@group-F884C6883C76: change Leader from null to 59fee26f-c6e1-49c3-9274-8c3c2be11206 at term 1 for becomeLeader, leader elected after 1119ms
2019-09-28 01:22:35,669 [599625e3-e1cb-4b64-bc73-5b316e5767eb@group-EB3BD2D41DCF:LeaderElection148] INFO  impl.RaftServerImpl (ServerState.java:setLeader(253)) - 599625e3-e1cb-4b64-bc73-5b316e5767eb@group-EB3BD2D41DCF: change Leader from null to 599625e3-e1cb-4b64-bc73-5b316e5767eb at term 1 for becomeLeader, leader elected after 1218ms
2019-09-28 01:22:35,669 [59fee26f-c6e1-49c3-9274-8c3c2be11206@group-F884C6883C76:LeaderElection149] INFO  server.RaftServerConfigKeys (ConfUtils.java:logGet(43)) - raft.server.staging.catchup.gap = 1000 (default)
2019-09-28 01:22:35,669 [599625e3-e1cb-4b64-bc73-5b316e5767eb@group-EB3BD2D41DCF:LeaderElection148] INFO  server.RaftServerConfigKeys (ConfUtils.java:logGet(43)) - raft.server.staging.catchup.gap = 1000 (default)
2019-09-28 01:22:35,669 [59fee26f-c6e1-49c3-9274-8c3c2be11206@group-F884C6883C76:LeaderElection149] INFO  server.RaftServerConfigKeys (ConfUtils.java:logGet(43)) - raft.server.rpc.sleep.time = 25ms (default)
2019-09-28 01:22:35,669 [599625e3-e1cb-4b64-bc73-5b316e5767eb@group-EB3BD2D41DCF:LeaderElection148] INFO  server.RaftServerConfigKeys (ConfUtils.java:logGet(43)) - raft.server.rpc.sleep.time = 25ms (default)
2019-09-28 01:22:35,669 [59fee26f-c6e1-49c3-9274-8c3c2be11206@group-F884C6883C76:LeaderElection149] INFO  server.RaftServerConfigKeys (ConfUtils.java:logGet(43)) - raft.server.write.element-limit = 4096 (default)
2019-09-28 01:22:35,669 [599625e3-e1cb-4b64-bc73-5b316e5767eb@group-EB3BD2D41DCF:LeaderElection148] INFO  server.RaftServerConfigKeys (ConfUtils.java:logGet(43)) - raft.server.write.element-limit = 4096 (default)
2019-09-28 01:22:35,670 [59fee26f-c6e1-49c3-9274-8c3c2be11206@group-F884C6883C76:LeaderElection149] INFO  server.RaftServerConfigKeys (ConfUtils.java:logGet(43)) - raft.server.watch.timeout = 10s (default)
2019-09-28 01:22:35,670 [599625e3-e1cb-4b64-bc73-5b316e5767eb@group-EB3BD2D41DCF:LeaderElection148] INFO  server.RaftServerConfigKeys (ConfUtils.java:logGet(43)) - raft.server.watch.timeout = 10s (default)
2019-09-28 01:22:35,670 [59fee26f-c6e1-49c3-9274-8c3c2be11206@group-F884C6883C76:LeaderElection149] INFO  server.RaftServerConfigKeys (ConfUtils.java:logGet(43)) - raft.server.watch.timeout.denomination = 1s (default)
2019-09-28 01:22:35,670 [599625e3-e1cb-4b64-bc73-5b316e5767eb@group-EB3BD2D41DCF:LeaderElection148] INFO  server.RaftServerConfigKeys (ConfUtils.java:logGet(43)) - raft.server.watch.timeout.denomination = 1s (default)
2019-09-28 01:22:35,670 [59fee26f-c6e1-49c3-9274-8c3c2be11206@group-F884C6883C76:LeaderElection149] INFO  server.RaftServerConfigKeys (ConfUtils.java:logGet(43)) - raft.server.watch.element-limit = 65536 (default)
2019-09-28 01:22:35,670 [599625e3-e1cb-4b64-bc73-5b316e5767eb@group-EB3BD2D41DCF:LeaderElection148] INFO  server.RaftServerConfigKeys (ConfUtils.java:logGet(43)) - raft.server.watch.element-limit = 65536 (default)
2019-09-28 01:22:35,673 [59fee26f-c6e1-49c3-9274-8c3c2be11206@group-F884C6883C76:LeaderElection149] INFO  impl.RoleInfo (RoleInfo.java:updateAndGet(143)) - 59fee26f-c6e1-49c3-9274-8c3c2be11206: start LeaderState
2019-09-28 01:22:35,673 [599625e3-e1cb-4b64-bc73-5b316e5767eb@group-EB3BD2D41DCF:LeaderElection148] INFO  impl.RoleInfo (RoleInfo.java:updateAndGet(143)) - 599625e3-e1cb-4b64-bc73-5b316e5767eb: start LeaderState
2019-09-28 01:22:35,674 [59fee26f-c6e1-49c3-9274-8c3c2be11206@group-F884C6883C76:LeaderElection149] INFO  segmented.SegmentedRaftLogWorker (SegmentedRaftLogWorker.java:startLogSegment(380)) - 59fee26f-c6e1-49c3-9274-8c3c2be11206@group-F884C6883C76-SegmentedRaftLogWorker: Starting segment from index:0
2019-09-28 01:22:35,674 [599625e3-e1cb-4b64-bc73-5b316e5767eb@group-EB3BD2D41DCF:LeaderElection148] INFO  segmented.SegmentedRaftLogWorker (SegmentedRaftLogWorker.java:startLogSegment(380)) - 599625e3-e1cb-4b64-bc73-5b316e5767eb@group-EB3BD2D41DCF-SegmentedRaftLogWorker: Starting segment from index:0
2019-09-28 01:22:35,674 [59fee26f-c6e1-49c3-9274-8c3c2be11206@group-F884C6883C76:LeaderElection149] INFO  impl.RaftServerImpl (ServerState.java:setRaftConf(354)) - 59fee26f-c6e1-49c3-9274-8c3c2be11206@group-F884C6883C76: set configuration 0: [59fee26f-c6e1-49c3-9274-8c3c2be11206:192.168.151.82:36557], old=null at 0
2019-09-28 01:22:35,674 [599625e3-e1cb-4b64-bc73-5b316e5767eb@group-EB3BD2D41DCF:LeaderElection148] INFO  impl.RaftServerImpl (ServerState.java:setRaftConf(354)) - 599625e3-e1cb-4b64-bc73-5b316e5767eb@group-EB3BD2D41DCF: set configuration 0: [599625e3-e1cb-4b64-bc73-5b316e5767eb:192.168.151.82:41958], old=null at 0
2019-09-28 01:22:35,681 [2105b257-0142-410d-878a-3a42adc43937@group-843896BCDBC6:LeaderElection150] INFO  impl.LeaderElection (LeaderElection.java:askForVotes(182)) - 2105b257-0142-410d-878a-3a42adc43937@group-843896BCDBC6:LeaderElection150: begin an election at term 1 for -1: [2105b257-0142-410d-878a-3a42adc43937:192.168.151.82:40343], old=null
2019-09-28 01:22:35,681 [2105b257-0142-410d-878a-3a42adc43937@group-843896BCDBC6:LeaderElection150] INFO  impl.RoleInfo (RoleInfo.java:shutdownLeaderElection(134)) - 2105b257-0142-410d-878a-3a42adc43937: shutdown LeaderElection
2019-09-28 01:22:35,681 [2105b257-0142-410d-878a-3a42adc43937@group-843896BCDBC6:LeaderElection150] INFO  impl.RaftServerImpl (RaftServerImpl.java:setRole(174)) - 2105b257-0142-410d-878a-3a42adc43937@group-843896BCDBC6: changes role from CANDIDATE to LEADER at term 1 for changeToLeader
2019-09-28 01:22:35,681 [2105b257-0142-410d-878a-3a42adc43937@group-843896BCDBC6:LeaderElection150] INFO  impl.RaftServerImpl (ServerState.java:setLeader(253)) - 2105b257-0142-410d-878a-3a42adc43937@group-843896BCDBC6: change Leader from null to 2105b257-0142-410d-878a-3a42adc43937 at term 1 for becomeLeader, leader elected after 1183ms
2019-09-28 01:22:35,681 [2105b257-0142-410d-878a-3a42adc43937@group-843896BCDBC6:LeaderElection150] INFO  server.RaftServerConfigKeys (ConfUtils.java:logGet(43)) - raft.server.staging.catchup.gap = 1000 (default)
2019-09-28 01:22:35,681 [2105b257-0142-410d-878a-3a42adc43937@group-843896BCDBC6:LeaderElection150] INFO  server.RaftServerConfigKeys (ConfUtils.java:logGet(43)) - raft.server.rpc.sleep.time = 25ms (default)
2019-09-28 01:22:35,682 [2105b257-0142-410d-878a-3a42adc43937@group-843896BCDBC6:LeaderElection150] INFO  server.RaftServerConfigKeys (ConfUtils.java:logGet(43)) - raft.server.write.element-limit = 4096 (default)
2019-09-28 01:22:35,682 [2105b257-0142-410d-878a-3a42adc43937@group-843896BCDBC6:LeaderElection150] INFO  server.RaftServerConfigKeys (ConfUtils.java:logGet(43)) - raft.server.watch.timeout = 10s (default)
2019-09-28 01:22:35,682 [2105b257-0142-410d-878a-3a42adc43937@group-843896BCDBC6:LeaderElection150] INFO  server.RaftServerConfigKeys (ConfUtils.java:logGet(43)) - raft.server.watch.timeout.denomination = 1s (default)
2019-09-28 01:22:35,682 [2105b257-0142-410d-878a-3a42adc43937@group-843896BCDBC6:LeaderElection150] INFO  server.RaftServerConfigKeys (ConfUtils.java:logGet(43)) - raft.server.watch.element-limit = 65536 (default)
2019-09-28 01:22:35,684 [Thread-8104] INFO  impl.FollowerState (FollowerState.java:run(106)) - 599625e3-e1cb-4b64-bc73-5b316e5767eb:group-41934B498518 changes to CANDIDATE, lastRpcTime:1054, electionTimeout:1054ms
2019-09-28 01:22:35,684 [2105b257-0142-410d-878a-3a42adc43937@group-843896BCDBC6:LeaderElection150] INFO  impl.RoleInfo (RoleInfo.java:updateAndGet(143)) - 2105b257-0142-410d-878a-3a42adc43937: start LeaderState
2019-09-28 01:22:35,684 [Thread-8104] INFO  impl.RoleInfo (RoleInfo.java:shutdownFollowerState(121)) - 599625e3-e1cb-4b64-bc73-5b316e5767eb: shutdown FollowerState
2019-09-28 01:22:35,684 [Thread-8104] INFO  impl.RaftServerImpl (RaftServerImpl.java:setRole(174)) - 599625e3-e1cb-4b64-bc73-5b316e5767eb@group-41934B498518: changes role from  FOLLOWER to CANDIDATE at term 0 for changeToCandidate
2019-09-28 01:22:35,684 [2105b257-0142-410d-878a-3a42adc43937@group-843896BCDBC6:LeaderElection150] INFO  segmented.SegmentedRaftLogWorker (SegmentedRaftLogWorker.java:startLogSegment(380)) - 2105b257-0142-410d-878a-3a42adc43937@group-843896BCDBC6-SegmentedRaftLogWorker: Starting segment from index:0
2019-09-28 01:22:35,685 [Thread-8104] INFO  impl.RoleInfo (RoleInfo.java:updateAndGet(143)) - 599625e3-e1cb-4b64-bc73-5b316e5767eb: start LeaderElection
2019-09-28 01:22:35,685 [2105b257-0142-410d-878a-3a42adc43937@group-843896BCDBC6:LeaderElection150] INFO  impl.RaftServerImpl (ServerState.java:setRaftConf(354)) - 2105b257-0142-410d-878a-3a42adc43937@group-843896BCDBC6: set configuration 0: [2105b257-0142-410d-878a-3a42adc43937:192.168.151.82:40343], old=null at 0
2019-09-28 01:22:35,733 [Thread-8112] INFO  impl.FollowerState (FollowerState.java:run(106)) - 56ead053-3964-44ed-9670-c8ae4c2fbfaa:group-DB34566CDB35 changes to CANDIDATE, lastRpcTime:1036, electionTimeout:1015ms
2019-09-28 01:22:35,733 [Thread-8107] INFO  impl.FollowerState (FollowerState.java:run(106)) - 8d9bf5b9-80ed-47d1-abcd-8ac159088982:group-41934B498518 changes to CANDIDATE, lastRpcTime:1101, electionTimeout:1084ms
2019-09-28 01:22:35,734 [Thread-8112] INFO  impl.RoleInfo (RoleInfo.java:shutdownFollowerState(121)) - 56ead053-3964-44ed-9670-c8ae4c2fbfaa: shutdown FollowerState
2019-09-28 01:22:35,734 [Thread-8107] INFO  impl.RoleInfo (RoleInfo.java:shutdownFollowerState(121)) - 8d9bf5b9-80ed-47d1-abcd-8ac159088982: shutdown FollowerState
2019-09-28 01:22:35,734 [Thread-8112] INFO  impl.RaftServerImpl (RaftServerImpl.java:setRole(174)) - 56ead053-3964-44ed-9670-c8ae4c2fbfaa@group-DB34566CDB35: changes role from  FOLLOWER to CANDIDATE at term 0 for changeToCandidate
2019-09-28 01:22:35,734 [Thread-8107] INFO  impl.RaftServerImpl (RaftServerImpl.java:setRole(174)) - 8d9bf5b9-80ed-47d1-abcd-8ac159088982@group-41934B498518: changes role from  FOLLOWER to CANDIDATE at term 0 for changeToCandidate
2019-09-28 01:22:35,734 [Thread-8112] INFO  impl.RoleInfo (RoleInfo.java:updateAndGet(143)) - 56ead053-3964-44ed-9670-c8ae4c2fbfaa: start LeaderElection
2019-09-28 01:22:35,735 [Thread-8107] INFO  impl.RoleInfo (RoleInfo.java:updateAndGet(143)) - 8d9bf5b9-80ed-47d1-abcd-8ac159088982: start LeaderElection
2019-09-28 01:22:35,749 [Thread-8106] INFO  impl.FollowerState (FollowerState.java:run(106)) - 2105b257-0142-410d-878a-3a42adc43937:group-41934B498518 changes to CANDIDATE, lastRpcTime:1117, electionTimeout:1117ms
2019-09-28 01:22:35,749 [Thread-8106] INFO  impl.RoleInfo (RoleInfo.java:shutdownFollowerState(121)) - 2105b257-0142-410d-878a-3a42adc43937: shutdown FollowerState
2019-09-28 01:22:35,749 [Thread-8106] INFO  impl.RaftServerImpl (RaftServerImpl.java:setRole(174)) - 2105b257-0142-410d-878a-3a42adc43937@group-41934B498518: changes role from  FOLLOWER to CANDIDATE at term 0 for changeToCandidate
2019-09-28 01:22:35,750 [Thread-8106] INFO  impl.RoleInfo (RoleInfo.java:updateAndGet(143)) - 2105b257-0142-410d-878a-3a42adc43937: start LeaderElection
2019-09-28 01:22:35,759 [599625e3-e1cb-4b64-bc73-5b316e5767eb@group-EB3BD2D41DCF-SegmentedRaftLogWorker] INFO  segmented.SegmentedRaftLogWorker (SegmentedRaftLogWorker.java:execute(569)) - 599625e3-e1cb-4b64-bc73-5b316e5767eb@group-EB3BD2D41DCF-SegmentedRaftLogWorker: created new log segment /workdir/hadoop-ozone/integration-test/target/test-dir/MiniOzoneClusterImpl-8eac2880-3418-4680-a8af-a58fbadabff3/datanode-5/data/ratis/c9d6c4a0-7d4a-44e9-a67c-eb3bd2d41dcf/current/log_inprogress_0
2019-09-28 01:22:35,759 [2105b257-0142-410d-878a-3a42adc43937@group-843896BCDBC6-SegmentedRaftLogWorker] INFO  segmented.SegmentedRaftLogWorker (SegmentedRaftLogWorker.java:execute(569)) - 2105b257-0142-410d-878a-3a42adc43937@group-843896BCDBC6-SegmentedRaftLogWorker: created new log segment /workdir/hadoop-ozone/integration-test/target/test-dir/MiniOzoneClusterImpl-8eac2880-3418-4680-a8af-a58fbadabff3/datanode-6/data/ratis/f52c9a9f-d3c0-4e69-9dc4-843896bcdbc6/current/log_inprogress_0
2019-09-28 01:22:35,759 [599625e3-e1cb-4b64-bc73-5b316e5767eb@group-41934B498518:LeaderElection151] INFO  impl.LeaderElection (LeaderElection.java:askForVotes(182)) - 599625e3-e1cb-4b64-bc73-5b316e5767eb@group-41934B498518:LeaderElection151: begin an election at term 1 for -1: [599625e3-e1cb-4b64-bc73-5b316e5767eb:192.168.151.82:41958, 8d9bf5b9-80ed-47d1-abcd-8ac159088982:192.168.151.82:45900, 2105b257-0142-410d-878a-3a42adc43937:192.168.151.82:40343], old=null
2019-09-28 01:22:35,759 [59fee26f-c6e1-49c3-9274-8c3c2be11206@group-F884C6883C76-SegmentedRaftLogWorker] INFO  segmented.SegmentedRaftLogWorker (SegmentedRaftLogWorker.java:execute(569)) - 59fee26f-c6e1-49c3-9274-8c3c2be11206@group-F884C6883C76-SegmentedRaftLogWorker: created new log segment /workdir/hadoop-ozone/integration-test/target/test-dir/MiniOzoneClusterImpl-8eac2880-3418-4680-a8af-a58fbadabff3/datanode-7/data/ratis/1a139093-3084-476d-b23f-f884c6883c76/current/log_inprogress_0
2019-09-28 01:22:35,761 [8d9bf5b9-80ed-47d1-abcd-8ac159088982@group-41934B498518:LeaderElection153] INFO  impl.LeaderElection (LeaderElection.java:askForVotes(182)) - 8d9bf5b9-80ed-47d1-abcd-8ac159088982@group-41934B498518:LeaderElection153: begin an election at term 1 for -1: [599625e3-e1cb-4b64-bc73-5b316e5767eb:192.168.151.82:41958, 8d9bf5b9-80ed-47d1-abcd-8ac159088982:192.168.151.82:45900, 2105b257-0142-410d-878a-3a42adc43937:192.168.151.82:40343], old=null
2019-09-28 01:22:35,761 [56ead053-3964-44ed-9670-c8ae4c2fbfaa@group-DB34566CDB35:LeaderElection152] INFO  impl.LeaderElection (LeaderElection.java:askForVotes(182)) - 56ead053-3964-44ed-9670-c8ae4c2fbfaa@group-DB34566CDB35:LeaderElection152: begin an election at term 1 for -1: [1f35d54e-5d91-478d-890d-48fd5483e65c:192.168.151.82:37574, ad975564-5630-4282-b461-53b5e1a77035:192.168.151.82:45714, 56ead053-3964-44ed-9670-c8ae4c2fbfaa:192.168.151.82:41964], old=null
2019-09-28 01:22:35,762 [2105b257-0142-410d-878a-3a42adc43937@group-41934B498518:LeaderElection154] INFO  impl.LeaderElection (LeaderElection.java:askForVotes(182)) - 2105b257-0142-410d-878a-3a42adc43937@group-41934B498518:LeaderElection154: begin an election at term 1 for -1: [599625e3-e1cb-4b64-bc73-5b316e5767eb:192.168.151.82:41958, 8d9bf5b9-80ed-47d1-abcd-8ac159088982:192.168.151.82:45900, 2105b257-0142-410d-878a-3a42adc43937:192.168.151.82:40343], old=null
2019-09-28 01:22:35,798 [grpc-default-executor-4] INFO  impl.RaftServerImpl (RaftServerImpl.java:setRole(174)) - 1f35d54e-5d91-478d-890d-48fd5483e65c@group-DB34566CDB35: changes role from  FOLLOWER to FOLLOWER at term 1 for recognizeCandidate:56ead053-3964-44ed-9670-c8ae4c2fbfaa
2019-09-28 01:22:35,799 [grpc-default-executor-4] INFO  impl.RoleInfo (RoleInfo.java:shutdownFollowerState(121)) - 1f35d54e-5d91-478d-890d-48fd5483e65c: shutdown FollowerState
2019-09-28 01:22:35,799 [grpc-default-executor-4] INFO  impl.RoleInfo (RoleInfo.java:updateAndGet(143)) - 1f35d54e-5d91-478d-890d-48fd5483e65c: start FollowerState
2019-09-28 01:22:35,799 [Thread-8117] INFO  impl.FollowerState (FollowerState.java:run(115)) - 1f35d54e-5d91-478d-890d-48fd5483e65c: FollowerState was interrupted: java.lang.InterruptedException: sleep interrupted
2019-09-28 01:22:35,802 [grpc-default-executor-1] INFO  impl.RaftServerImpl (RaftServerImpl.java:setRole(174)) - ad975564-5630-4282-b461-53b5e1a77035@group-DB34566CDB35: changes role from  FOLLOWER to FOLLOWER at term 1 for recognizeCandidate:56ead053-3964-44ed-9670-c8ae4c2fbfaa
2019-09-28 01:22:35,802 [grpc-default-executor-1] INFO  impl.RoleInfo (RoleInfo.java:shutdownFollowerState(121)) - ad975564-5630-4282-b461-53b5e1a77035: shutdown FollowerState
2019-09-28 01:22:35,802 [599625e3-e1cb-4b64-bc73-5b316e5767eb@group-41934B498518:LeaderElection151] INFO  impl.LeaderElection (LeaderElection.java:logAndReturn(56)) - 599625e3-e1cb-4b64-bc73-5b316e5767eb@group-41934B498518:LeaderElection151: Election REJECTED; received 2 response(s) [599625e3-e1cb-4b64-bc73-5b316e5767eb<-8d9bf5b9-80ed-47d1-abcd-8ac159088982#0:FAIL-t1, 599625e3-e1cb-4b64-bc73-5b316e5767eb<-2105b257-0142-410d-878a-3a42adc43937#0:FAIL-t1] and 0 exception(s); 599625e3-e1cb-4b64-bc73-5b316e5767eb@group-41934B498518:t1, leader=null, voted=599625e3-e1cb-4b64-bc73-5b316e5767eb, raftlog=599625e3-e1cb-4b64-bc73-5b316e5767eb@group-41934B498518-SegmentedRaftLog:OPENED:c-1,f-1,i0, conf=-1: [599625e3-e1cb-4b64-bc73-5b316e5767eb:192.168.151.82:41958, 8d9bf5b9-80ed-47d1-abcd-8ac159088982:192.168.151.82:45900, 2105b257-0142-410d-878a-3a42adc43937:192.168.151.82:40343], old=null
2019-09-28 01:22:35,803 [Thread-8115] INFO  impl.FollowerState (FollowerState.java:run(115)) - ad975564-5630-4282-b461-53b5e1a77035: FollowerState was interrupted: java.lang.InterruptedException: sleep interrupted
2019-09-28 01:22:35,802 [grpc-default-executor-1] INFO  impl.RoleInfo (RoleInfo.java:updateAndGet(143)) - ad975564-5630-4282-b461-53b5e1a77035: start FollowerState
2019-09-28 01:22:35,803 [599625e3-e1cb-4b64-bc73-5b316e5767eb@group-41934B498518:LeaderElection151] INFO  impl.RaftServerImpl (RaftServerImpl.java:setRole(174)) - 599625e3-e1cb-4b64-bc73-5b316e5767eb@group-41934B498518: changes role from CANDIDATE to FOLLOWER at term 1 for DISCOVERED_A_NEW_TERM
2019-09-28 01:22:35,803 [8d9bf5b9-80ed-47d1-abcd-8ac159088982@group-41934B498518:LeaderElection153] INFO  impl.LeaderElection (LeaderElection.java:logAndReturn(56)) - 8d9bf5b9-80ed-47d1-abcd-8ac159088982@group-41934B498518:LeaderElection153: Election REJECTED; received 2 response(s) [8d9bf5b9-80ed-47d1-abcd-8ac159088982<-599625e3-e1cb-4b64-bc73-5b316e5767eb#0:FAIL-t1, 8d9bf5b9-80ed-47d1-abcd-8ac159088982<-2105b257-0142-410d-878a-3a42adc43937#0:FAIL-t1] and 0 exception(s); 8d9bf5b9-80ed-47d1-abcd-8ac159088982@group-41934B498518:t1, leader=null, voted=8d9bf5b9-80ed-47d1-abcd-8ac159088982, raftlog=8d9bf5b9-80ed-47d1-abcd-8ac159088982@group-41934B498518-SegmentedRaftLog:OPENED:c-1,f-1,i0, conf=-1: [599625e3-e1cb-4b64-bc73-5b316e5767eb:192.168.151.82:41958, 8d9bf5b9-80ed-47d1-abcd-8ac159088982:192.168.151.82:45900, 2105b257-0142-410d-878a-3a42adc43937:192.168.151.82:40343], old=null
2019-09-28 01:22:35,803 [2105b257-0142-410d-878a-3a42adc43937@group-41934B498518:LeaderElection154] INFO  impl.LeaderElection (LeaderElection.java:logAndReturn(56)) - 2105b257-0142-410d-878a-3a42adc43937@group-41934B498518:LeaderElection154: Election REJECTED; received 2 response(s) [2105b257-0142-410d-878a-3a42adc43937<-599625e3-e1cb-4b64-bc73-5b316e5767eb#0:FAIL-t1, 2105b257-0142-410d-878a-3a42adc43937<-8d9bf5b9-80ed-47d1-abcd-8ac159088982#0:FAIL-t1] and 0 exception(s); 2105b257-0142-410d-878a-3a42adc43937@group-41934B498518:t1, leader=null, voted=2105b257-0142-410d-878a-3a42adc43937, raftlog=2105b257-0142-410d-878a-3a42adc43937@group-41934B498518-SegmentedRaftLog:OPENED:c-1,f-1,i0, conf=-1: [599625e3-e1cb-4b64-bc73-5b316e5767eb:192.168.151.82:41958, 8d9bf5b9-80ed-47d1-abcd-8ac159088982:192.168.151.82:45900, 2105b257-0142-410d-878a-3a42adc43937:192.168.151.82:40343], old=null
2019-09-28 01:22:35,803 [599625e3-e1cb-4b64-bc73-5b316e5767eb@group-41934B498518:LeaderElection151] INFO  impl.RoleInfo (RoleInfo.java:shutdownLeaderElection(134)) - 599625e3-e1cb-4b64-bc73-5b316e5767eb: shutdown LeaderElection
2019-09-28 01:22:35,804 [2105b257-0142-410d-878a-3a42adc43937@group-41934B498518:LeaderElection154] INFO  impl.RaftServerImpl (RaftServerImpl.java:setRole(174)) - 2105b257-0142-410d-878a-3a42adc43937@group-41934B498518: changes role from CANDIDATE to FOLLOWER at term 1 for DISCOVERED_A_NEW_TERM
2019-09-28 01:22:35,804 [2105b257-0142-410d-878a-3a42adc43937@group-41934B498518:LeaderElection154] INFO  impl.RoleInfo (RoleInfo.java:shutdownLeaderElection(134)) - 2105b257-0142-410d-878a-3a42adc43937: shutdown LeaderElection
2019-09-28 01:22:35,804 [8d9bf5b9-80ed-47d1-abcd-8ac159088982@group-41934B498518:LeaderElection153] INFO  impl.RaftServerImpl (RaftServerImpl.java:setRole(174)) - 8d9bf5b9-80ed-47d1-abcd-8ac159088982@group-41934B498518: changes role from CANDIDATE to FOLLOWER at term 1 for DISCOVERED_A_NEW_TERM
2019-09-28 01:22:35,804 [2105b257-0142-410d-878a-3a42adc43937@group-41934B498518:LeaderElection154] INFO  impl.RoleInfo (RoleInfo.java:updateAndGet(143)) - 2105b257-0142-410d-878a-3a42adc43937: start FollowerState
2019-09-28 01:22:35,804 [599625e3-e1cb-4b64-bc73-5b316e5767eb@group-41934B498518:LeaderElection151] INFO  impl.RoleInfo (RoleInfo.java:updateAndGet(143)) - 599625e3-e1cb-4b64-bc73-5b316e5767eb: start FollowerState
2019-09-28 01:22:35,804 [8d9bf5b9-80ed-47d1-abcd-8ac159088982@group-41934B498518:LeaderElection153] INFO  impl.RoleInfo (RoleInfo.java:shutdownLeaderElection(134)) - 8d9bf5b9-80ed-47d1-abcd-8ac159088982: shutdown LeaderElection
2019-09-28 01:22:35,805 [8d9bf5b9-80ed-47d1-abcd-8ac159088982@group-41934B498518:LeaderElection153] INFO  impl.RoleInfo (RoleInfo.java:updateAndGet(143)) - 8d9bf5b9-80ed-47d1-abcd-8ac159088982: start FollowerState
2019-09-28 01:22:35,817 [56ead053-3964-44ed-9670-c8ae4c2fbfaa@group-DB34566CDB35:LeaderElection152] INFO  impl.LeaderElection (LeaderElection.java:logAndReturn(56)) - 56ead053-3964-44ed-9670-c8ae4c2fbfaa@group-DB34566CDB35:LeaderElection152: Election PASSED; received 1 response(s) [56ead053-3964-44ed-9670-c8ae4c2fbfaa<-ad975564-5630-4282-b461-53b5e1a77035#0:OK-t1] and 0 exception(s); 56ead053-3964-44ed-9670-c8ae4c2fbfaa@group-DB34566CDB35:t1, leader=null, voted=56ead053-3964-44ed-9670-c8ae4c2fbfaa, raftlog=56ead053-3964-44ed-9670-c8ae4c2fbfaa@group-DB34566CDB35-SegmentedRaftLog:OPENED:c-1,f-1,i0, conf=-1: [1f35d54e-5d91-478d-890d-48fd5483e65c:192.168.151.82:37574, ad975564-5630-4282-b461-53b5e1a77035:192.168.151.82:45714, 56ead053-3964-44ed-9670-c8ae4c2fbfaa:192.168.151.82:41964], old=null
2019-09-28 01:22:35,817 [56ead053-3964-44ed-9670-c8ae4c2fbfaa@group-DB34566CDB35:LeaderElection152] INFO  impl.RoleInfo (RoleInfo.java:shutdownLeaderElection(134)) - 56ead053-3964-44ed-9670-c8ae4c2fbfaa: shutdown LeaderElection
2019-09-28 01:22:35,817 [56ead053-3964-44ed-9670-c8ae4c2fbfaa@group-DB34566CDB35:LeaderElection152] INFO  impl.RaftServerImpl (RaftServerImpl.java:setRole(174)) - 56ead053-3964-44ed-9670-c8ae4c2fbfaa@group-DB34566CDB35: changes role from CANDIDATE to LEADER at term 1 for changeToLeader
2019-09-28 01:22:35,818 [56ead053-3964-44ed-9670-c8ae4c2fbfaa@group-DB34566CDB35:LeaderElection152] INFO  impl.RaftServerImpl (ServerState.java:setLeader(253)) - 56ead053-3964-44ed-9670-c8ae4c2fbfaa@group-DB34566CDB35: change Leader from null to 56ead053-3964-44ed-9670-c8ae4c2fbfaa at term 1 for becomeLeader, leader elected after 1131ms
2019-09-28 01:22:35,818 [56ead053-3964-44ed-9670-c8ae4c2fbfaa@group-DB34566CDB35:LeaderElection152] INFO  server.RaftServerConfigKeys (ConfUtils.java:logGet(43)) - raft.server.staging.catchup.gap = 1000 (default)
2019-09-28 01:22:35,818 [56ead053-3964-44ed-9670-c8ae4c2fbfaa@group-DB34566CDB35:LeaderElection152] INFO  server.RaftServerConfigKeys (ConfUtils.java:logGet(43)) - raft.server.rpc.sleep.time = 25ms (default)
2019-09-28 01:22:35,818 [56ead053-3964-44ed-9670-c8ae4c2fbfaa@group-DB34566CDB35:LeaderElection152] INFO  server.RaftServerConfigKeys (ConfUtils.java:logGet(43)) - raft.server.write.element-limit = 4096 (default)
2019-09-28 01:22:35,818 [56ead053-3964-44ed-9670-c8ae4c2fbfaa@group-DB34566CDB35:LeaderElection152] INFO  server.RaftServerConfigKeys (ConfUtils.java:logGet(43)) - raft.server.watch.timeout = 10s (default)
2019-09-28 01:22:35,818 [56ead053-3964-44ed-9670-c8ae4c2fbfaa@group-DB34566CDB35:LeaderElection152] INFO  server.RaftServerConfigKeys (ConfUtils.java:logGet(43)) - raft.server.watch.timeout.denomination = 1s (default)
2019-09-28 01:22:35,819 [56ead053-3964-44ed-9670-c8ae4c2fbfaa@group-DB34566CDB35:LeaderElection152] INFO  server.RaftServerConfigKeys (ConfUtils.java:logGet(43)) - raft.server.watch.element-limit = 65536 (default)
2019-09-28 01:22:36,005 [56ead053-3964-44ed-9670-c8ae4c2fbfaa@group-DB34566CDB35:LeaderElection152] INFO  server.RaftServerConfigKeys (ConfUtils.java:logGet(43)) - raft.server.log.appender.snapshot.chunk.size.max = 16MB (=16777216) (default)
2019-09-28 01:22:36,015 [56ead053-3964-44ed-9670-c8ae4c2fbfaa@group-DB34566CDB35:LeaderElection152] INFO  server.RaftServerConfigKeys (ConfUtils.java:logGet(43)) - raft.server.log.appender.buffer.byte-limit = 33554432 (custom)
2019-09-28 01:22:36,061 [56ead053-3964-44ed-9670-c8ae4c2fbfaa@group-DB34566CDB35:LeaderElection152] INFO  server.RaftServerConfigKeys (ConfUtils.java:logGet(43)) - raft.server.log.appender.buffer.element-limit = 1 (custom)
2019-09-28 01:22:36,086 [56ead053-3964-44ed-9670-c8ae4c2fbfaa@group-DB34566CDB35:LeaderElection152] INFO  grpc.GrpcConfigKeys$Server (ConfUtils.java:logGet(43)) - raft.grpc.server.leader.outstanding.appends.max = 128 (default)
2019-09-28 01:22:36,086 [56ead053-3964-44ed-9670-c8ae4c2fbfaa@group-DB34566CDB35:LeaderElection152] INFO  server.RaftServerConfigKeys (ConfUtils.java:logGet(43)) - raft.server.rpc.request.timeout = 3000ms (default)
2019-09-28 01:22:36,086 [56ead053-3964-44ed-9670-c8ae4c2fbfaa@group-DB34566CDB35:LeaderElection152] INFO  server.RaftServerConfigKeys (ConfUtils.java:logGet(43)) - raft.server.log.appender.install.snapshot.enabled = false (custom)
2019-09-28 01:22:36,087 [56ead053-3964-44ed-9670-c8ae4c2fbfaa@group-DB34566CDB35:LeaderElection152] INFO  server.RaftServerConfigKeys (ConfUtils.java:logGet(43)) - raft.server.log.appender.snapshot.chunk.size.max = 16MB (=16777216) (default)
2019-09-28 01:22:36,087 [56ead053-3964-44ed-9670-c8ae4c2fbfaa@group-DB34566CDB35:LeaderElection152] INFO  server.RaftServerConfigKeys (ConfUtils.java:logGet(43)) - raft.server.log.appender.buffer.byte-limit = 33554432 (custom)
2019-09-28 01:22:36,096 [56ead053-3964-44ed-9670-c8ae4c2fbfaa@group-DB34566CDB35:LeaderElection152] INFO  server.RaftServerConfigKeys (ConfUtils.java:logGet(43)) - raft.server.log.appender.buffer.element-limit = 1 (custom)
2019-09-28 01:22:36,096 [56ead053-3964-44ed-9670-c8ae4c2fbfaa@group-DB34566CDB35:LeaderElection152] INFO  grpc.GrpcConfigKeys$Server (ConfUtils.java:logGet(43)) - raft.grpc.server.leader.outstanding.appends.max = 128 (default)
2019-09-28 01:22:36,097 [56ead053-3964-44ed-9670-c8ae4c2fbfaa@group-DB34566CDB35:LeaderElection152] INFO  server.RaftServerConfigKeys (ConfUtils.java:logGet(43)) - raft.server.rpc.request.timeout = 3000ms (default)
2019-09-28 01:22:36,097 [56ead053-3964-44ed-9670-c8ae4c2fbfaa@group-DB34566CDB35:LeaderElection152] INFO  server.RaftServerConfigKeys (ConfUtils.java:logGet(43)) - raft.server.log.appender.install.snapshot.enabled = false (custom)
2019-09-28 01:22:36,097 [56ead053-3964-44ed-9670-c8ae4c2fbfaa@group-DB34566CDB35:LeaderElection152] INFO  impl.RoleInfo (RoleInfo.java:updateAndGet(143)) - 56ead053-3964-44ed-9670-c8ae4c2fbfaa: start LeaderState
2019-09-28 01:22:36,098 [56ead053-3964-44ed-9670-c8ae4c2fbfaa@group-DB34566CDB35:LeaderElection152] INFO  segmented.SegmentedRaftLogWorker (SegmentedRaftLogWorker.java:startLogSegment(380)) - 56ead053-3964-44ed-9670-c8ae4c2fbfaa@group-DB34566CDB35-SegmentedRaftLogWorker: Starting segment from index:0
2019-09-28 01:22:36,099 [56ead053-3964-44ed-9670-c8ae4c2fbfaa@group-DB34566CDB35:LeaderElection152] INFO  impl.RaftServerImpl (ServerState.java:setRaftConf(354)) - 56ead053-3964-44ed-9670-c8ae4c2fbfaa@group-DB34566CDB35: set configuration 0: [1f35d54e-5d91-478d-890d-48fd5483e65c:192.168.151.82:37574, ad975564-5630-4282-b461-53b5e1a77035:192.168.151.82:45714, 56ead053-3964-44ed-9670-c8ae4c2fbfaa:192.168.151.82:41964], old=null at 0
2019-09-28 01:22:36,147 [grpc-default-executor-1] INFO  impl.RaftServerImpl (ServerState.java:setLeader(253)) - 1f35d54e-5d91-478d-890d-48fd5483e65c@group-DB34566CDB35: change Leader from null to 56ead053-3964-44ed-9670-c8ae4c2fbfaa at term 1 for appendEntries, leader elected after 1460ms
2019-09-28 01:22:36,147 [grpc-default-executor-4] INFO  impl.RaftServerImpl (ServerState.java:setLeader(253)) - ad975564-5630-4282-b461-53b5e1a77035@group-DB34566CDB35: change Leader from null to 56ead053-3964-44ed-9670-c8ae4c2fbfaa at term 1 for appendEntries, leader elected after 1460ms
2019-09-28 01:22:36,150 [grpc-default-executor-1] INFO  impl.RaftServerImpl (ServerState.java:setRaftConf(354)) - 1f35d54e-5d91-478d-890d-48fd5483e65c@group-DB34566CDB35: set configuration 0: [1f35d54e-5d91-478d-890d-48fd5483e65c:192.168.151.82:37574, ad975564-5630-4282-b461-53b5e1a77035:192.168.151.82:45714, 56ead053-3964-44ed-9670-c8ae4c2fbfaa:192.168.151.82:41964], old=null at 0
2019-09-28 01:22:36,150 [grpc-default-executor-4] INFO  impl.RaftServerImpl (ServerState.java:setRaftConf(354)) - ad975564-5630-4282-b461-53b5e1a77035@group-DB34566CDB35: set configuration 0: [1f35d54e-5d91-478d-890d-48fd5483e65c:192.168.151.82:37574, ad975564-5630-4282-b461-53b5e1a77035:192.168.151.82:45714, 56ead053-3964-44ed-9670-c8ae4c2fbfaa:192.168.151.82:41964], old=null at 0
2019-09-28 01:22:36,150 [grpc-default-executor-1] INFO  segmented.SegmentedRaftLogWorker (SegmentedRaftLogWorker.java:startLogSegment(380)) - 1f35d54e-5d91-478d-890d-48fd5483e65c@group-DB34566CDB35-SegmentedRaftLogWorker: Starting segment from index:0
2019-09-28 01:22:36,150 [grpc-default-executor-4] INFO  segmented.SegmentedRaftLogWorker (SegmentedRaftLogWorker.java:startLogSegment(380)) - ad975564-5630-4282-b461-53b5e1a77035@group-DB34566CDB35-SegmentedRaftLogWorker: Starting segment from index:0
2019-09-28 01:22:36,153 [56ead053-3964-44ed-9670-c8ae4c2fbfaa@group-DB34566CDB35-SegmentedRaftLogWorker] INFO  segmented.SegmentedRaftLogWorker (SegmentedRaftLogWorker.java:execute(569)) - 56ead053-3964-44ed-9670-c8ae4c2fbfaa@group-DB34566CDB35-SegmentedRaftLogWorker: created new log segment /workdir/hadoop-ozone/integration-test/target/test-dir/MiniOzoneClusterImpl-8eac2880-3418-4680-a8af-a58fbadabff3/datanode-3/data/ratis/8cd9a930-4f84-4da6-a1dd-db34566cdb35/current/log_inprogress_0
2019-09-28 01:22:36,205 [ad975564-5630-4282-b461-53b5e1a77035@group-DB34566CDB35-SegmentedRaftLogWorker] INFO  segmented.SegmentedRaftLogWorker (SegmentedRaftLogWorker.java:execute(569)) - ad975564-5630-4282-b461-53b5e1a77035@group-DB34566CDB35-SegmentedRaftLogWorker: created new log segment /workdir/hadoop-ozone/integration-test/target/test-dir/MiniOzoneClusterImpl-8eac2880-3418-4680-a8af-a58fbadabff3/datanode-8/data/ratis/8cd9a930-4f84-4da6-a1dd-db34566cdb35/current/log_inprogress_0
2019-09-28 01:22:36,205 [1f35d54e-5d91-478d-890d-48fd5483e65c@group-DB34566CDB35-SegmentedRaftLogWorker] INFO  segmented.SegmentedRaftLogWorker (SegmentedRaftLogWorker.java:execute(569)) - 1f35d54e-5d91-478d-890d-48fd5483e65c@group-DB34566CDB35-SegmentedRaftLogWorker: created new log segment /workdir/hadoop-ozone/integration-test/target/test-dir/MiniOzoneClusterImpl-8eac2880-3418-4680-a8af-a58fbadabff3/datanode-9/data/ratis/8cd9a930-4f84-4da6-a1dd-db34566cdb35/current/log_inprogress_0
2019-09-28 01:22:36,439 [Thread-8135] INFO  impl.FollowerState (FollowerState.java:run(106)) - 9acdd203-51d1-41ee-852c-319134721574:group-1DD11682BBC6 changes to CANDIDATE, lastRpcTime:1027, electionTimeout:1027ms
2019-09-28 01:22:36,439 [Thread-8135] INFO  impl.RoleInfo (RoleInfo.java:shutdownFollowerState(121)) - 9acdd203-51d1-41ee-852c-319134721574: shutdown FollowerState
2019-09-28 01:22:36,439 [Thread-8135] INFO  impl.RaftServerImpl (RaftServerImpl.java:setRole(174)) - 9acdd203-51d1-41ee-852c-319134721574@group-1DD11682BBC6: changes role from  FOLLOWER to CANDIDATE at term 1 for changeToCandidate
2019-09-28 01:22:36,439 [Thread-8135] INFO  impl.RoleInfo (RoleInfo.java:updateAndGet(143)) - 9acdd203-51d1-41ee-852c-319134721574: start LeaderElection
2019-09-28 01:22:36,453 [9acdd203-51d1-41ee-852c-319134721574@group-1DD11682BBC6:LeaderElection155] INFO  impl.LeaderElection (LeaderElection.java:askForVotes(182)) - 9acdd203-51d1-41ee-852c-319134721574@group-1DD11682BBC6:LeaderElection155: begin an election at term 2 for -1: [32aad283-0bae-446a-b552-a3e6965a6bb8:192.168.151.82:38303, 9acdd203-51d1-41ee-852c-319134721574:192.168.151.82:45911, 7b598199-e261-45fb-863c-a2bd9def5848:192.168.151.82:34969], old=null
2019-09-28 01:22:36,456 [grpc-default-executor-4] INFO  impl.RaftServerImpl (RaftServerImpl.java:setRole(174)) - 7b598199-e261-45fb-863c-a2bd9def5848@group-1DD11682BBC6: changes role from  FOLLOWER to FOLLOWER at term 2 for recognizeCandidate:9acdd203-51d1-41ee-852c-319134721574
2019-09-28 01:22:36,456 [grpc-default-executor-1] INFO  impl.RaftServerImpl (RaftServerImpl.java:setRole(174)) - 32aad283-0bae-446a-b552-a3e6965a6bb8@group-1DD11682BBC6: changes role from  FOLLOWER to FOLLOWER at term 2 for recognizeCandidate:9acdd203-51d1-41ee-852c-319134721574
2019-09-28 01:22:36,456 [grpc-default-executor-4] INFO  impl.RoleInfo (RoleInfo.java:shutdownFollowerState(121)) - 7b598199-e261-45fb-863c-a2bd9def5848: shutdown FollowerState
2019-09-28 01:22:36,456 [grpc-default-executor-1] INFO  impl.RoleInfo (RoleInfo.java:shutdownFollowerState(121)) - 32aad283-0bae-446a-b552-a3e6965a6bb8: shutdown FollowerState
2019-09-28 01:22:36,457 [Thread-8136] INFO  impl.FollowerState (FollowerState.java:run(115)) - 7b598199-e261-45fb-863c-a2bd9def5848: FollowerState was interrupted: java.lang.InterruptedException: sleep interrupted
2019-09-28 01:22:36,457 [grpc-default-executor-1] INFO  impl.RoleInfo (RoleInfo.java:updateAndGet(143)) - 32aad283-0bae-446a-b552-a3e6965a6bb8: start FollowerState
2019-09-28 01:22:36,457 [Thread-8134] INFO  impl.FollowerState (FollowerState.java:run(115)) - 32aad283-0bae-446a-b552-a3e6965a6bb8: FollowerState was interrupted: java.lang.InterruptedException: sleep interrupted
2019-09-28 01:22:36,456 [grpc-default-executor-4] INFO  impl.RoleInfo (RoleInfo.java:updateAndGet(143)) - 7b598199-e261-45fb-863c-a2bd9def5848: start FollowerState
2019-09-28 01:22:36,472 [9acdd203-51d1-41ee-852c-319134721574@group-1DD11682BBC6:LeaderElection155] INFO  impl.LeaderElection (LeaderElection.java:logAndReturn(56)) - 9acdd203-51d1-41ee-852c-319134721574@group-1DD11682BBC6:LeaderElection155: Election PASSED; received 1 response(s) [9acdd203-51d1-41ee-852c-319134721574<-7b598199-e261-45fb-863c-a2bd9def5848#0:OK-t2] and 0 exception(s); 9acdd203-51d1-41ee-852c-319134721574@group-1DD11682BBC6:t2, leader=null, voted=9acdd203-51d1-41ee-852c-319134721574, raftlog=9acdd203-51d1-41ee-852c-319134721574@group-1DD11682BBC6-SegmentedRaftLog:OPENED:c-1,f-1,i0, conf=-1: [32aad283-0bae-446a-b552-a3e6965a6bb8:192.168.151.82:38303, 9acdd203-51d1-41ee-852c-319134721574:192.168.151.82:45911, 7b598199-e261-45fb-863c-a2bd9def5848:192.168.151.82:34969], old=null
2019-09-28 01:22:36,472 [9acdd203-51d1-41ee-852c-319134721574@group-1DD11682BBC6:LeaderElection155] INFO  impl.RoleInfo (RoleInfo.java:shutdownLeaderElection(134)) - 9acdd203-51d1-41ee-852c-319134721574: shutdown LeaderElection
2019-09-28 01:22:36,473 [9acdd203-51d1-41ee-852c-319134721574@group-1DD11682BBC6:LeaderElection155] INFO  impl.RaftServerImpl (RaftServerImpl.java:setRole(174)) - 9acdd203-51d1-41ee-852c-319134721574@group-1DD11682BBC6: changes role from CANDIDATE to LEADER at term 2 for changeToLeader
2019-09-28 01:22:36,473 [9acdd203-51d1-41ee-852c-319134721574@group-1DD11682BBC6:LeaderElection155] INFO  impl.RaftServerImpl (ServerState.java:setLeader(253)) - 9acdd203-51d1-41ee-852c-319134721574@group-1DD11682BBC6: change Leader from null to 9acdd203-51d1-41ee-852c-319134721574 at term 2 for becomeLeader, leader elected after 2202ms
2019-09-28 01:22:36,473 [9acdd203-51d1-41ee-852c-319134721574@group-1DD11682BBC6:LeaderElection155] INFO  server.RaftServerConfigKeys (ConfUtils.java:logGet(43)) - raft.server.staging.catchup.gap = 1000 (default)
2019-09-28 01:22:36,473 [9acdd203-51d1-41ee-852c-319134721574@group-1DD11682BBC6:LeaderElection155] INFO  server.RaftServerConfigKeys (ConfUtils.java:logGet(43)) - raft.server.rpc.sleep.time = 25ms (default)
2019-09-28 01:22:36,473 [9acdd203-51d1-41ee-852c-319134721574@group-1DD11682BBC6:LeaderElection155] INFO  server.RaftServerConfigKeys (ConfUtils.java:logGet(43)) - raft.server.write.element-limit = 4096 (default)
2019-09-28 01:22:36,473 [9acdd203-51d1-41ee-852c-319134721574@group-1DD11682BBC6:LeaderElection155] INFO  server.RaftServerConfigKeys (ConfUtils.java:logGet(43)) - raft.server.watch.timeout = 10s (default)
2019-09-28 01:22:36,474 [9acdd203-51d1-41ee-852c-319134721574@group-1DD11682BBC6:LeaderElection155] INFO  server.RaftServerConfigKeys (ConfUtils.java:logGet(43)) - raft.server.watch.timeout.denomination = 1s (default)
2019-09-28 01:22:36,474 [9acdd203-51d1-41ee-852c-319134721574@group-1DD11682BBC6:LeaderElection155] INFO  server.RaftServerConfigKeys (ConfUtils.java:logGet(43)) - raft.server.watch.element-limit = 65536 (default)
2019-09-28 01:22:36,476 [9acdd203-51d1-41ee-852c-319134721574@group-1DD11682BBC6:LeaderElection155] INFO  server.RaftServerConfigKeys (ConfUtils.java:logGet(43)) - raft.server.log.appender.snapshot.chunk.size.max = 16MB (=16777216) (default)
2019-09-28 01:22:36,476 [9acdd203-51d1-41ee-852c-319134721574@group-1DD11682BBC6:LeaderElection155] INFO  server.RaftServerConfigKeys (ConfUtils.java:logGet(43)) - raft.server.log.appender.buffer.byte-limit = 33554432 (custom)
2019-09-28 01:22:36,476 [9acdd203-51d1-41ee-852c-319134721574@group-1DD11682BBC6:LeaderElection155] INFO  server.RaftServerConfigKeys (ConfUtils.java:logGet(43)) - raft.server.log.appender.buffer.element-limit = 1 (custom)
2019-09-28 01:22:36,477 [9acdd203-51d1-41ee-852c-319134721574@group-1DD11682BBC6:LeaderElection155] INFO  grpc.GrpcConfigKeys$Server (ConfUtils.java:logGet(43)) - raft.grpc.server.leader.outstanding.appends.max = 128 (default)
2019-09-28 01:22:36,477 [9acdd203-51d1-41ee-852c-319134721574@group-1DD11682BBC6:LeaderElection155] INFO  server.RaftServerConfigKeys (ConfUtils.java:logGet(43)) - raft.server.rpc.request.timeout = 3000ms (default)
2019-09-28 01:22:36,477 [9acdd203-51d1-41ee-852c-319134721574@group-1DD11682BBC6:LeaderElection155] INFO  server.RaftServerConfigKeys (ConfUtils.java:logGet(43)) - raft.server.log.appender.install.snapshot.enabled = false (custom)
2019-09-28 01:22:36,477 [9acdd203-51d1-41ee-852c-319134721574@group-1DD11682BBC6:LeaderElection155] INFO  server.RaftServerConfigKeys (ConfUtils.java:logGet(43)) - raft.server.log.appender.snapshot.chunk.size.max = 16MB (=16777216) (default)
2019-09-28 01:22:36,477 [9acdd203-51d1-41ee-852c-319134721574@group-1DD11682BBC6:LeaderElection155] INFO  server.RaftServerConfigKeys (ConfUtils.java:logGet(43)) - raft.server.log.appender.buffer.byte-limit = 33554432 (custom)
2019-09-28 01:22:36,478 [9acdd203-51d1-41ee-852c-319134721574@group-1DD11682BBC6:LeaderElection155] INFO  server.RaftServerConfigKeys (ConfUtils.java:logGet(43)) - raft.server.log.appender.buffer.element-limit = 1 (custom)
2019-09-28 01:22:36,478 [9acdd203-51d1-41ee-852c-319134721574@group-1DD11682BBC6:LeaderElection155] INFO  grpc.GrpcConfigKeys$Server (ConfUtils.java:logGet(43)) - raft.grpc.server.leader.outstanding.appends.max = 128 (default)
2019-09-28 01:22:36,478 [9acdd203-51d1-41ee-852c-319134721574@group-1DD11682BBC6:LeaderElection155] INFO  server.RaftServerConfigKeys (ConfUtils.java:logGet(43)) - raft.server.rpc.request.timeout = 3000ms (default)
2019-09-28 01:22:36,478 [9acdd203-51d1-41ee-852c-319134721574@group-1DD11682BBC6:LeaderElection155] INFO  server.RaftServerConfigKeys (ConfUtils.java:logGet(43)) - raft.server.log.appender.install.snapshot.enabled = false (custom)
2019-09-28 01:22:36,478 [9acdd203-51d1-41ee-852c-319134721574@group-1DD11682BBC6:LeaderElection155] INFO  impl.RoleInfo (RoleInfo.java:updateAndGet(143)) - 9acdd203-51d1-41ee-852c-319134721574: start LeaderState
2019-09-28 01:22:36,479 [9acdd203-51d1-41ee-852c-319134721574@group-1DD11682BBC6:LeaderElection155] INFO  segmented.SegmentedRaftLogWorker (SegmentedRaftLogWorker.java:startLogSegment(380)) - 9acdd203-51d1-41ee-852c-319134721574@group-1DD11682BBC6-SegmentedRaftLogWorker: Starting segment from index:0
2019-09-28 01:22:36,480 [9acdd203-51d1-41ee-852c-319134721574@group-1DD11682BBC6:LeaderElection155] INFO  impl.RaftServerImpl (ServerState.java:setRaftConf(354)) - 9acdd203-51d1-41ee-852c-319134721574@group-1DD11682BBC6: set configuration 0: [32aad283-0bae-446a-b552-a3e6965a6bb8:192.168.151.82:38303, 9acdd203-51d1-41ee-852c-319134721574:192.168.151.82:45911, 7b598199-e261-45fb-863c-a2bd9def5848:192.168.151.82:34969], old=null at 0
2019-09-28 01:22:36,481 [grpc-default-executor-1] INFO  impl.RaftServerImpl (ServerState.java:setLeader(253)) - 32aad283-0bae-446a-b552-a3e6965a6bb8@group-1DD11682BBC6: change Leader from null to 9acdd203-51d1-41ee-852c-319134721574 at term 2 for appendEntries, leader elected after 2209ms
2019-09-28 01:22:36,481 [grpc-default-executor-4] INFO  impl.RaftServerImpl (ServerState.java:setLeader(253)) - 7b598199-e261-45fb-863c-a2bd9def5848@group-1DD11682BBC6: change Leader from null to 9acdd203-51d1-41ee-852c-319134721574 at term 2 for appendEntries, leader elected after 2210ms
2019-09-28 01:22:36,482 [grpc-default-executor-4] INFO  impl.RaftServerImpl (ServerState.java:setRaftConf(354)) - 32aad283-0bae-446a-b552-a3e6965a6bb8@group-1DD11682BBC6: set configuration 0: [32aad283-0bae-446a-b552-a3e6965a6bb8:192.168.151.82:38303, 9acdd203-51d1-41ee-852c-319134721574:192.168.151.82:45911, 7b598199-e261-45fb-863c-a2bd9def5848:192.168.151.82:34969], old=null at 0
2019-09-28 01:22:36,483 [grpc-default-executor-4] INFO  segmented.SegmentedRaftLogWorker (SegmentedRaftLogWorker.java:startLogSegment(380)) - 32aad283-0bae-446a-b552-a3e6965a6bb8@group-1DD11682BBC6-SegmentedRaftLogWorker: Starting segment from index:0
2019-09-28 01:22:36,483 [grpc-default-executor-1] INFO  impl.RaftServerImpl (ServerState.java:setRaftConf(354)) - 7b598199-e261-45fb-863c-a2bd9def5848@group-1DD11682BBC6: set configuration 0: [32aad283-0bae-446a-b552-a3e6965a6bb8:192.168.151.82:38303, 9acdd203-51d1-41ee-852c-319134721574:192.168.151.82:45911, 7b598199-e261-45fb-863c-a2bd9def5848:192.168.151.82:34969], old=null at 0
2019-09-28 01:22:36,483 [grpc-default-executor-1] INFO  segmented.SegmentedRaftLogWorker (SegmentedRaftLogWorker.java:startLogSegment(380)) - 7b598199-e261-45fb-863c-a2bd9def5848@group-1DD11682BBC6-SegmentedRaftLogWorker: Starting segment from index:0
2019-09-28 01:22:36,534 [9acdd203-51d1-41ee-852c-319134721574@group-1DD11682BBC6-SegmentedRaftLogWorker] INFO  segmented.SegmentedRaftLogWorker (SegmentedRaftLogWorker.java:execute(569)) - 9acdd203-51d1-41ee-852c-319134721574@group-1DD11682BBC6-SegmentedRaftLogWorker: created new log segment /workdir/hadoop-ozone/integration-test/target/test-dir/MiniOzoneClusterImpl-8eac2880-3418-4680-a8af-a58fbadabff3/datanode-2/data/ratis/a92c22ae-1181-4181-b1ef-1dd11682bbc6/current/log_inprogress_0
2019-09-28 01:22:36,534 [7b598199-e261-45fb-863c-a2bd9def5848@group-1DD11682BBC6-SegmentedRaftLogWorker] INFO  segmented.SegmentedRaftLogWorker (SegmentedRaftLogWorker.java:execute(569)) - 7b598199-e261-45fb-863c-a2bd9def5848@group-1DD11682BBC6-SegmentedRaftLogWorker: created new log segment /workdir/hadoop-ozone/integration-test/target/test-dir/MiniOzoneClusterImpl-8eac2880-3418-4680-a8af-a58fbadabff3/datanode-0/data/ratis/a92c22ae-1181-4181-b1ef-1dd11682bbc6/current/log_inprogress_0
2019-09-28 01:22:36,534 [32aad283-0bae-446a-b552-a3e6965a6bb8@group-1DD11682BBC6-SegmentedRaftLogWorker] INFO  segmented.SegmentedRaftLogWorker (SegmentedRaftLogWorker.java:execute(569)) - 32aad283-0bae-446a-b552-a3e6965a6bb8@group-1DD11682BBC6-SegmentedRaftLogWorker: created new log segment /workdir/hadoop-ozone/integration-test/target/test-dir/MiniOzoneClusterImpl-8eac2880-3418-4680-a8af-a58fbadabff3/datanode-1/data/ratis/a92c22ae-1181-4181-b1ef-1dd11682bbc6/current/log_inprogress_0
2019-09-28 01:22:36,641 [main] INFO  ipc.Client (Client.java:handleConnectionFailure(948)) - Retrying connect to server: localhost/127.0.0.1:0. Already tried 0 time(s); retry policy is RetryUpToMaximumCountWithFixedSleep(maxRetries=10, sleepTime=1000 MILLISECONDS)
2019-09-28 01:22:36,811 [Thread-8163] INFO  impl.FollowerState (FollowerState.java:run(106)) - 2105b257-0142-410d-878a-3a42adc43937:group-41934B498518 changes to CANDIDATE, lastRpcTime:1006, electionTimeout:1006ms
2019-09-28 01:22:36,811 [Thread-8163] INFO  impl.RoleInfo (RoleInfo.java:shutdownFollowerState(121)) - 2105b257-0142-410d-878a-3a42adc43937: shutdown FollowerState
2019-09-28 01:22:36,811 [Thread-8163] INFO  impl.RaftServerImpl (RaftServerImpl.java:setRole(174)) - 2105b257-0142-410d-878a-3a42adc43937@group-41934B498518: changes role from  FOLLOWER to CANDIDATE at term 1 for changeToCandidate
2019-09-28 01:22:36,811 [Thread-8163] INFO  impl.RoleInfo (RoleInfo.java:updateAndGet(143)) - 2105b257-0142-410d-878a-3a42adc43937: start LeaderElection
2019-09-28 01:22:36,826 [2105b257-0142-410d-878a-3a42adc43937@group-41934B498518:LeaderElection156] INFO  impl.LeaderElection (LeaderElection.java:askForVotes(182)) - 2105b257-0142-410d-878a-3a42adc43937@group-41934B498518:LeaderElection156: begin an election at term 2 for -1: [599625e3-e1cb-4b64-bc73-5b316e5767eb:192.168.151.82:41958, 8d9bf5b9-80ed-47d1-abcd-8ac159088982:192.168.151.82:45900, 2105b257-0142-410d-878a-3a42adc43937:192.168.151.82:40343], old=null
2019-09-28 01:22:36,829 [grpc-default-executor-4] INFO  impl.RaftServerImpl (RaftServerImpl.java:setRole(174)) - 8d9bf5b9-80ed-47d1-abcd-8ac159088982@group-41934B498518: changes role from  FOLLOWER to FOLLOWER at term 2 for recognizeCandidate:2105b257-0142-410d-878a-3a42adc43937
2019-09-28 01:22:36,829 [grpc-default-executor-1] INFO  impl.RaftServerImpl (RaftServerImpl.java:setRole(174)) - 599625e3-e1cb-4b64-bc73-5b316e5767eb@group-41934B498518: changes role from  FOLLOWER to FOLLOWER at term 2 for recognizeCandidate:2105b257-0142-410d-878a-3a42adc43937
2019-09-28 01:22:36,829 [grpc-default-executor-4] INFO  impl.RoleInfo (RoleInfo.java:shutdownFollowerState(121)) - 8d9bf5b9-80ed-47d1-abcd-8ac159088982: shutdown FollowerState
2019-09-28 01:22:36,829 [grpc-default-executor-1] INFO  impl.RoleInfo (RoleInfo.java:shutdownFollowerState(121)) - 599625e3-e1cb-4b64-bc73-5b316e5767eb: shutdown FollowerState
2019-09-28 01:22:36,829 [grpc-default-executor-4] INFO  impl.RoleInfo (RoleInfo.java:updateAndGet(143)) - 8d9bf5b9-80ed-47d1-abcd-8ac159088982: start FollowerState
2019-09-28 01:22:36,829 [Thread-8164] INFO  impl.FollowerState (FollowerState.java:run(115)) - 8d9bf5b9-80ed-47d1-abcd-8ac159088982: FollowerState was interrupted: java.lang.InterruptedException: sleep interrupted
2019-09-28 01:22:36,829 [grpc-default-executor-1] INFO  impl.RoleInfo (RoleInfo.java:updateAndGet(143)) - 599625e3-e1cb-4b64-bc73-5b316e5767eb: start FollowerState
2019-09-28 01:22:36,830 [Thread-8162] INFO  impl.FollowerState (FollowerState.java:run(115)) - 599625e3-e1cb-4b64-bc73-5b316e5767eb: FollowerState was interrupted: java.lang.InterruptedException: sleep interrupted
2019-09-28 01:22:36,840 [2105b257-0142-410d-878a-3a42adc43937@group-41934B498518:LeaderElection156] INFO  impl.LeaderElection (LeaderElection.java:logAndReturn(56)) - 2105b257-0142-410d-878a-3a42adc43937@group-41934B498518:LeaderElection156: Election PASSED; received 1 response(s) [2105b257-0142-410d-878a-3a42adc43937<-8d9bf5b9-80ed-47d1-abcd-8ac159088982#0:OK-t2] and 0 exception(s); 2105b257-0142-410d-878a-3a42adc43937@group-41934B498518:t2, leader=null, voted=2105b257-0142-410d-878a-3a42adc43937, raftlog=2105b257-0142-410d-878a-3a42adc43937@group-41934B498518-SegmentedRaftLog:OPENED:c-1,f-1,i0, conf=-1: [599625e3-e1cb-4b64-bc73-5b316e5767eb:192.168.151.82:41958, 8d9bf5b9-80ed-47d1-abcd-8ac159088982:192.168.151.82:45900, 2105b257-0142-410d-878a-3a42adc43937:192.168.151.82:40343], old=null
2019-09-28 01:22:36,840 [2105b257-0142-410d-878a-3a42adc43937@group-41934B498518:LeaderElection156] INFO  impl.RoleInfo (RoleInfo.java:shutdownLeaderElection(134)) - 2105b257-0142-410d-878a-3a42adc43937: shutdown LeaderElection
2019-09-28 01:22:36,840 [2105b257-0142-410d-878a-3a42adc43937@group-41934B498518:LeaderElection156] INFO  impl.RaftServerImpl (RaftServerImpl.java:setRole(174)) - 2105b257-0142-410d-878a-3a42adc43937@group-41934B498518: changes role from CANDIDATE to LEADER at term 2 for changeToLeader
2019-09-28 01:22:36,840 [2105b257-0142-410d-878a-3a42adc43937@group-41934B498518:LeaderElection156] INFO  impl.RaftServerImpl (ServerState.java:setLeader(253)) - 2105b257-0142-410d-878a-3a42adc43937@group-41934B498518: change Leader from null to 2105b257-0142-410d-878a-3a42adc43937 at term 2 for becomeLeader, leader elected after 2223ms
2019-09-28 01:22:36,841 [2105b257-0142-410d-878a-3a42adc43937@group-41934B498518:LeaderElection156] INFO  server.RaftServerConfigKeys (ConfUtils.java:logGet(43)) - raft.server.staging.catchup.gap = 1000 (default)
2019-09-28 01:22:36,841 [2105b257-0142-410d-878a-3a42adc43937@group-41934B498518:LeaderElection156] INFO  server.RaftServerConfigKeys (ConfUtils.java:logGet(43)) - raft.server.rpc.sleep.time = 25ms (default)
2019-09-28 01:22:36,841 [2105b257-0142-410d-878a-3a42adc43937@group-41934B498518:LeaderElection156] INFO  server.RaftServerConfigKeys (ConfUtils.java:logGet(43)) - raft.server.write.element-limit = 4096 (default)
2019-09-28 01:22:36,841 [2105b257-0142-410d-878a-3a42adc43937@group-41934B498518:LeaderElection156] INFO  server.RaftServerConfigKeys (ConfUtils.java:logGet(43)) - raft.server.watch.timeout = 10s (default)
2019-09-28 01:22:36,841 [2105b257-0142-410d-878a-3a42adc43937@group-41934B498518:LeaderElection156] INFO  server.RaftServerConfigKeys (ConfUtils.java:logGet(43)) - raft.server.watch.timeout.denomination = 1s (default)
2019-09-28 01:22:36,841 [2105b257-0142-410d-878a-3a42adc43937@group-41934B498518:LeaderElection156] INFO  server.RaftServerConfigKeys (ConfUtils.java:logGet(43)) - raft.server.watch.element-limit = 65536 (default)
2019-09-28 01:22:36,843 [2105b257-0142-410d-878a-3a42adc43937@group-41934B498518:LeaderElection156] INFO  server.RaftServerConfigKeys (ConfUtils.java:logGet(43)) - raft.server.log.appender.snapshot.chunk.size.max = 16MB (=16777216) (default)
2019-09-28 01:22:36,843 [2105b257-0142-410d-878a-3a42adc43937@group-41934B498518:LeaderElection156] INFO  server.RaftServerConfigKeys (ConfUtils.java:logGet(43)) - raft.server.log.appender.buffer.byte-limit = 33554432 (custom)
2019-09-28 01:22:36,844 [2105b257-0142-410d-878a-3a42adc43937@group-41934B498518:LeaderElection156] INFO  server.RaftServerConfigKeys (ConfUtils.java:logGet(43)) - raft.server.log.appender.buffer.element-limit = 1 (custom)
2019-09-28 01:22:36,844 [2105b257-0142-410d-878a-3a42adc43937@group-41934B498518:LeaderElection156] INFO  grpc.GrpcConfigKeys$Server (ConfUtils.java:logGet(43)) - raft.grpc.server.leader.outstanding.appends.max = 128 (default)
2019-09-28 01:22:36,844 [2105b257-0142-410d-878a-3a42adc43937@group-41934B498518:LeaderElection156] INFO  server.RaftServerConfigKeys (ConfUtils.java:logGet(43)) - raft.server.rpc.request.timeout = 3000ms (default)
2019-09-28 01:22:36,844 [2105b257-0142-410d-878a-3a42adc43937@group-41934B498518:LeaderElection156] INFO  server.RaftServerConfigKeys (ConfUtils.java:logGet(43)) - raft.server.log.appender.install.snapshot.enabled = false (custom)
2019-09-28 01:22:36,844 [2105b257-0142-410d-878a-3a42adc43937@group-41934B498518:LeaderElection156] INFO  server.RaftServerConfigKeys (ConfUtils.java:logGet(43)) - raft.server.log.appender.snapshot.chunk.size.max = 16MB (=16777216) (default)
2019-09-28 01:22:36,845 [2105b257-0142-410d-878a-3a42adc43937@group-41934B498518:LeaderElection156] INFO  server.RaftServerConfigKeys (ConfUtils.java:logGet(43)) - raft.server.log.appender.buffer.byte-limit = 33554432 (custom)
2019-09-28 01:22:36,845 [2105b257-0142-410d-878a-3a42adc43937@group-41934B498518:LeaderElection156] INFO  server.RaftServerConfigKeys (ConfUtils.java:logGet(43)) - raft.server.log.appender.buffer.element-limit = 1 (custom)
2019-09-28 01:22:36,845 [2105b257-0142-410d-878a-3a42adc43937@group-41934B498518:LeaderElection156] INFO  grpc.GrpcConfigKeys$Server (ConfUtils.java:logGet(43)) - raft.grpc.server.leader.outstanding.appends.max = 128 (default)
2019-09-28 01:22:36,845 [2105b257-0142-410d-878a-3a42adc43937@group-41934B498518:LeaderElection156] INFO  server.RaftServerConfigKeys (ConfUtils.java:logGet(43)) - raft.server.rpc.request.timeout = 3000ms (default)
2019-09-28 01:22:36,845 [2105b257-0142-410d-878a-3a42adc43937@group-41934B498518:LeaderElection156] INFO  server.RaftServerConfigKeys (ConfUtils.java:logGet(43)) - raft.server.log.appender.install.snapshot.enabled = false (custom)
2019-09-28 01:22:36,846 [2105b257-0142-410d-878a-3a42adc43937@group-41934B498518:LeaderElection156] INFO  impl.RoleInfo (RoleInfo.java:updateAndGet(143)) - 2105b257-0142-410d-878a-3a42adc43937: start LeaderState
2019-09-28 01:22:36,846 [2105b257-0142-410d-878a-3a42adc43937@group-41934B498518:LeaderElection156] INFO  segmented.SegmentedRaftLogWorker (SegmentedRaftLogWorker.java:startLogSegment(380)) - 2105b257-0142-410d-878a-3a42adc43937@group-41934B498518-SegmentedRaftLogWorker: Starting segment from index:0
2019-09-28 01:22:36,847 [2105b257-0142-410d-878a-3a42adc43937@group-41934B498518:LeaderElection156] INFO  impl.RaftServerImpl (ServerState.java:setRaftConf(354)) - 2105b257-0142-410d-878a-3a42adc43937@group-41934B498518: set configuration 0: [599625e3-e1cb-4b64-bc73-5b316e5767eb:192.168.151.82:41958, 8d9bf5b9-80ed-47d1-abcd-8ac159088982:192.168.151.82:45900, 2105b257-0142-410d-878a-3a42adc43937:192.168.151.82:40343], old=null at 0
2019-09-28 01:22:36,847 [grpc-default-executor-4] INFO  impl.RaftServerImpl (ServerState.java:setLeader(253)) - 599625e3-e1cb-4b64-bc73-5b316e5767eb@group-41934B498518: change Leader from null to 2105b257-0142-410d-878a-3a42adc43937 at term 2 for appendEntries, leader elected after 2231ms
2019-09-28 01:22:36,848 [grpc-default-executor-1] INFO  impl.RaftServerImpl (ServerState.java:setLeader(253)) - 8d9bf5b9-80ed-47d1-abcd-8ac159088982@group-41934B498518: change Leader from null to 2105b257-0142-410d-878a-3a42adc43937 at term 2 for appendEntries, leader elected after 2231ms
2019-09-28 01:22:36,849 [grpc-default-executor-1] INFO  impl.RaftServerImpl (ServerState.java:setRaftConf(354)) - 599625e3-e1cb-4b64-bc73-5b316e5767eb@group-41934B498518: set configuration 0: [599625e3-e1cb-4b64-bc73-5b316e5767eb:192.168.151.82:41958, 8d9bf5b9-80ed-47d1-abcd-8ac159088982:192.168.151.82:45900, 2105b257-0142-410d-878a-3a42adc43937:192.168.151.82:40343], old=null at 0
2019-09-28 01:22:36,849 [grpc-default-executor-1] INFO  segmented.SegmentedRaftLogWorker (SegmentedRaftLogWorker.java:startLogSegment(380)) - 599625e3-e1cb-4b64-bc73-5b316e5767eb@group-41934B498518-SegmentedRaftLogWorker: Starting segment from index:0
2019-09-28 01:22:36,850 [grpc-default-executor-4] INFO  impl.RaftServerImpl (ServerState.java:setRaftConf(354)) - 8d9bf5b9-80ed-47d1-abcd-8ac159088982@group-41934B498518: set configuration 0: [599625e3-e1cb-4b64-bc73-5b316e5767eb:192.168.151.82:41958, 8d9bf5b9-80ed-47d1-abcd-8ac159088982:192.168.151.82:45900, 2105b257-0142-410d-878a-3a42adc43937:192.168.151.82:40343], old=null at 0
2019-09-28 01:22:36,850 [grpc-default-executor-4] INFO  segmented.SegmentedRaftLogWorker (SegmentedRaftLogWorker.java:startLogSegment(380)) - 8d9bf5b9-80ed-47d1-abcd-8ac159088982@group-41934B498518-SegmentedRaftLogWorker: Starting segment from index:0
2019-09-28 01:22:36,897 [599625e3-e1cb-4b64-bc73-5b316e5767eb@group-41934B498518-SegmentedRaftLogWorker] INFO  segmented.SegmentedRaftLogWorker (SegmentedRaftLogWorker.java:execute(569)) - 599625e3-e1cb-4b64-bc73-5b316e5767eb@group-41934B498518-SegmentedRaftLogWorker: created new log segment /workdir/hadoop-ozone/integration-test/target/test-dir/MiniOzoneClusterImpl-8eac2880-3418-4680-a8af-a58fbadabff3/datanode-5/data/ratis/137c7e27-ee33-4eef-a8fb-41934b498518/current/log_inprogress_0
2019-09-28 01:22:36,897 [2105b257-0142-410d-878a-3a42adc43937@group-41934B498518-SegmentedRaftLogWorker] INFO  segmented.SegmentedRaftLogWorker (SegmentedRaftLogWorker.java:execute(569)) - 2105b257-0142-410d-878a-3a42adc43937@group-41934B498518-SegmentedRaftLogWorker: created new log segment /workdir/hadoop-ozone/integration-test/target/test-dir/MiniOzoneClusterImpl-8eac2880-3418-4680-a8af-a58fbadabff3/datanode-6/data/ratis/137c7e27-ee33-4eef-a8fb-41934b498518/current/log_inprogress_0
2019-09-28 01:22:36,897 [8d9bf5b9-80ed-47d1-abcd-8ac159088982@group-41934B498518-SegmentedRaftLogWorker] INFO  segmented.SegmentedRaftLogWorker (SegmentedRaftLogWorker.java:execute(569)) - 8d9bf5b9-80ed-47d1-abcd-8ac159088982@group-41934B498518-SegmentedRaftLogWorker: created new log segment /workdir/hadoop-ozone/integration-test/target/test-dir/MiniOzoneClusterImpl-8eac2880-3418-4680-a8af-a58fbadabff3/datanode-4/data/ratis/137c7e27-ee33-4eef-a8fb-41934b498518/current/log_inprogress_0
2019-09-28 01:22:37,054 [Thread-8067] INFO  container.ReplicationManager (ReplicationManager.java:start(162)) - Starting Replication Monitor Thread.
2019-09-28 01:22:37,060 [ReplicationMonitor] INFO  container.ReplicationManager (ReplicationManager.java:run(225)) - Replication Monitor Thread took 0 milliseconds for processing 0 containers.
2019-09-28 01:22:37,642 [main] INFO  ipc.Client (Client.java:handleConnectionFailure(948)) - Retrying connect to server: localhost/127.0.0.1:0. Already tried 1 time(s); retry policy is RetryUpToMaximumCountWithFixedSleep(maxRetries=10, sleepTime=1000 MILLISECONDS)
2019-09-28 01:22:38,643 [main] INFO  ipc.Client (Client.java:handleConnectionFailure(948)) - Retrying connect to server: localhost/127.0.0.1:0. Already tried 2 time(s); retry policy is RetryUpToMaximumCountWithFixedSleep(maxRetries=10, sleepTime=1000 MILLISECONDS)
2019-09-28 01:22:39,644 [main] INFO  ipc.Client (Client.java:handleConnectionFailure(948)) - Retrying connect to server: localhost/127.0.0.1:0. Already tried 3 time(s); retry policy is RetryUpToMaximumCountWithFixedSleep(maxRetries=10, sleepTime=1000 MILLISECONDS)
2019-09-28 01:22:40,645 [main] INFO  ipc.Client (Client.java:handleConnectionFailure(948)) - Retrying connect to server: localhost/127.0.0.1:0. Already tried 4 time(s); retry policy is RetryUpToMaximumCountWithFixedSleep(maxRetries=10, sleepTime=1000 MILLISECONDS)
2019-09-28 01:22:41,646 [main] INFO  ipc.Client (Client.java:handleConnectionFailure(948)) - Retrying connect to server: localhost/127.0.0.1:0. Already tried 5 time(s); retry policy is RetryUpToMaximumCountWithFixedSleep(maxRetries=10, sleepTime=1000 MILLISECONDS)
2019-09-28 01:22:42,647 [main] INFO  ipc.Client (Client.java:handleConnectionFailure(948)) - Retrying connect to server: localhost/127.0.0.1:0. Already tried 6 time(s); retry policy is RetryUpToMaximumCountWithFixedSleep(maxRetries=10, sleepTime=1000 MILLISECONDS)
2019-09-28 01:22:43,649 [main] INFO  ipc.Client (Client.java:handleConnectionFailure(948)) - Retrying connect to server: localhost/127.0.0.1:0. Already tried 7 time(s); retry policy is RetryUpToMaximumCountWithFixedSleep(maxRetries=10, sleepTime=1000 MILLISECONDS)
2019-09-28 01:22:44,650 [main] INFO  ipc.Client (Client.java:handleConnectionFailure(948)) - Retrying connect to server: localhost/127.0.0.1:0. Already tried 8 time(s); retry policy is RetryUpToMaximumCountWithFixedSleep(maxRetries=10, sleepTime=1000 MILLISECONDS)
2019-09-28 01:22:45,651 [main] INFO  ipc.Client (Client.java:handleConnectionFailure(948)) - Retrying connect to server: localhost/127.0.0.1:0. Already tried 9 time(s); retry policy is RetryUpToMaximumCountWithFixedSleep(maxRetries=10, sleepTime=1000 MILLISECONDS)
2019-09-28 01:22:46,655 [main] INFO  ipc.Client (Client.java:handleConnectionFailure(948)) - Retrying connect to server: localhost/127.0.0.1:0. Already tried 0 time(s); retry policy is RetryUpToMaximumCountWithFixedSleep(maxRetries=10, sleepTime=1000 MILLISECONDS)
2019-09-28 01:22:47,656 [main] INFO  ipc.Client (Client.java:handleConnectionFailure(948)) - Retrying connect to server: localhost/127.0.0.1:0. Already tried 1 time(s); retry policy is RetryUpToMaximumCountWithFixedSleep(maxRetries=10, sleepTime=1000 MILLISECONDS)
2019-09-28 01:22:48,657 [main] INFO  ipc.Client (Client.java:handleConnectionFailure(948)) - Retrying connect to server: localhost/127.0.0.1:0. Already tried 2 time(s); retry policy is RetryUpToMaximumCountWithFixedSleep(maxRetries=10, sleepTime=1000 MILLISECONDS)
2019-09-28 01:22:49,659 [main] INFO  ipc.Client (Client.java:handleConnectionFailure(948)) - Retrying connect to server: localhost/127.0.0.1:0. Already tried 3 time(s); retry policy is RetryUpToMaximumCountWithFixedSleep(maxRetries=10, sleepTime=1000 MILLISECONDS)
2019-09-28 01:22:50,660 [main] INFO  ipc.Client (Client.java:handleConnectionFailure(948)) - Retrying connect to server: localhost/127.0.0.1:0. Already tried 4 time(s); retry policy is RetryUpToMaximumCountWithFixedSleep(maxRetries=10, sleepTime=1000 MILLISECONDS)
2019-09-28 01:22:51,661 [main] INFO  ipc.Client (Client.java:handleConnectionFailure(948)) - Retrying connect to server: localhost/127.0.0.1:0. Already tried 5 time(s); retry policy is RetryUpToMaximumCountWithFixedSleep(maxRetries=10, sleepTime=1000 MILLISECONDS)
2019-09-28 01:22:52,662 [main] INFO  ipc.Client (Client.java:handleConnectionFailure(948)) - Retrying connect to server: localhost/127.0.0.1:0. Already tried 6 time(s); retry policy is RetryUpToMaximumCountWithFixedSleep(maxRetries=10, sleepTime=1000 MILLISECONDS)
2019-09-28 01:22:53,663 [main] INFO  ipc.Client (Client.java:handleConnectionFailure(948)) - Retrying connect to server: localhost/127.0.0.1:0. Already tried 7 time(s); retry policy is RetryUpToMaximumCountWithFixedSleep(maxRetries=10, sleepTime=1000 MILLISECONDS)
2019-09-28 01:22:54,664 [main] INFO  ipc.Client (Client.java:handleConnectionFailure(948)) - Retrying connect to server: localhost/127.0.0.1:0. Already tried 8 time(s); retry policy is RetryUpToMaximumCountWithFixedSleep(maxRetries=10, sleepTime=1000 MILLISECONDS)
2019-09-28 01:22:55,665 [main] INFO  ipc.Client (Client.java:handleConnectionFailure(948)) - Retrying connect to server: localhost/127.0.0.1:0. Already tried 9 time(s); retry policy is RetryUpToMaximumCountWithFixedSleep(maxRetries=10, sleepTime=1000 MILLISECONDS)
2019-09-28 01:22:55,667 [main] INFO  retry.RetryInvocationHandler (RetryInvocationHandler.java:log(411)) - com.google.protobuf.ServiceException: java.net.ConnectException: Your endpoint configuration is wrong; For more details see:  http://wiki.apache.org/hadoop/UnsetHostnameOrPort, while invoking $Proxy35.submitRequest over nodeId=null,nodeAddress=127.0.0.1:0 after 1 failover attempts. Trying to failover immediately.
2019-09-28 01:22:56,668 [main] INFO  ipc.Client (Client.java:handleConnectionFailure(948)) - Retrying connect to server: localhost/127.0.0.1:0. Already tried 0 time(s); retry policy is RetryUpToMaximumCountWithFixedSleep(maxRetries=10, sleepTime=1000 MILLISECONDS)
2019-09-28 01:22:57,669 [main] INFO  ipc.Client (Client.java:handleConnectionFailure(948)) - Retrying connect to server: localhost/127.0.0.1:0. Already tried 1 time(s); retry policy is RetryUpToMaximumCountWithFixedSleep(maxRetries=10, sleepTime=1000 MILLISECONDS)
2019-09-28 01:22:58,670 [main] INFO  ipc.Client (Client.java:handleConnectionFailure(948)) - Retrying connect to server: localhost/127.0.0.1:0. Already tried 2 time(s); retry policy is RetryUpToMaximumCountWithFixedSleep(maxRetries=10, sleepTime=1000 MILLISECONDS)
2019-09-28 01:22:59,671 [main] INFO  ipc.Client (Client.java:handleConnectionFailure(948)) - Retrying connect to server: localhost/127.0.0.1:0. Already tried 3 time(s); retry policy is RetryUpToMaximumCountWithFixedSleep(maxRetries=10, sleepTime=1000 MILLISECONDS)
2019-09-28 01:23:00,673 [main] INFO  ipc.Client (Client.java:handleConnectionFailure(948)) - Retrying connect to server: localhost/127.0.0.1:0. Already tried 4 time(s); retry policy is RetryUpToMaximumCountWithFixedSleep(maxRetries=10, sleepTime=1000 MILLISECONDS)
2019-09-28 01:23:01,674 [main] INFO  ipc.Client (Client.java:handleConnectionFailure(948)) - Retrying connect to server: localhost/127.0.0.1:0. Already tried 5 time(s); retry policy is RetryUpToMaximumCountWithFixedSleep(maxRetries=10, sleepTime=1000 MILLISECONDS)
2019-09-28 01:23:02,675 [main] INFO  ipc.Client (Client.java:handleConnectionFailure(948)) - Retrying connect to server: localhost/127.0.0.1:0. Already tried 6 time(s); retry policy is RetryUpToMaximumCountWithFixedSleep(maxRetries=10, sleepTime=1000 MILLISECONDS)
2019-09-28 01:23:03,676 [main] INFO  ipc.Client (Client.java:handleConnectionFailure(948)) - Retrying connect to server: localhost/127.0.0.1:0. Already tried 7 time(s); retry policy is RetryUpToMaximumCountWithFixedSleep(maxRetries=10, sleepTime=1000 MILLISECONDS)
2019-09-28 01:23:04,677 [main] INFO  ipc.Client (Client.java:handleConnectionFailure(948)) - Retrying connect to server: localhost/127.0.0.1:0. Already tried 8 time(s); retry policy is RetryUpToMaximumCountWithFixedSleep(maxRetries=10, sleepTime=1000 MILLISECONDS)
2019-09-28 01:23:05,679 [main] INFO  ipc.Client (Client.java:handleConnectionFailure(948)) - Retrying connect to server: localhost/127.0.0.1:0. Already tried 9 time(s); retry policy is RetryUpToMaximumCountWithFixedSleep(maxRetries=10, sleepTime=1000 MILLISECONDS)
2019-09-28 01:23:05,680 [main] INFO  retry.RetryInvocationHandler (RetryInvocationHandler.java:log(411)) - com.google.protobuf.ServiceException: java.net.ConnectException: Your endpoint configuration is wrong; For more details see:  http://wiki.apache.org/hadoop/UnsetHostnameOrPort, while invoking $Proxy35.submitRequest over nodeId=null,nodeAddress=127.0.0.1:0 after 2 failover attempts. Trying to failover immediately.
2019-09-28 01:23:06,681 [main] INFO  ipc.Client (Client.java:handleConnectionFailure(948)) - Retrying connect to server: localhost/127.0.0.1:0. Already tried 0 time(s); retry policy is RetryUpToMaximumCountWithFixedSleep(maxRetries=10, sleepTime=1000 MILLISECONDS)
2019-09-28 01:23:07,682 [main] INFO  ipc.Client (Client.java:handleConnectionFailure(948)) - Retrying connect to server: localhost/127.0.0.1:0. Already tried 1 time(s); retry policy is RetryUpToMaximumCountWithFixedSleep(maxRetries=10, sleepTime=1000 MILLISECONDS)
2019-09-28 01:23:08,684 [main] INFO  ipc.Client (Client.java:handleConnectionFailure(948)) - Retrying connect to server: localhost/127.0.0.1:0. Already tried 2 time(s); retry policy is RetryUpToMaximumCountWithFixedSleep(maxRetries=10, sleepTime=1000 MILLISECONDS)
2019-09-28 01:23:09,685 [main] INFO  ipc.Client (Client.java:handleConnectionFailure(948)) - Retrying connect to server: localhost/127.0.0.1:0. Already tried 3 time(s); retry policy is RetryUpToMaximumCountWithFixedSleep(maxRetries=10, sleepTime=1000 MILLISECONDS)
2019-09-28 01:23:10,686 [main] INFO  ipc.Client (Client.java:handleConnectionFailure(948)) - Retrying connect to server: localhost/127.0.0.1:0. Already tried 4 time(s); retry policy is RetryUpToMaximumCountWithFixedSleep(maxRetries=10, sleepTime=1000 MILLISECONDS)
2019-09-28 01:23:11,687 [main] INFO  ipc.Client (Client.java:handleConnectionFailure(948)) - Retrying connect to server: localhost/127.0.0.1:0. Already tried 5 time(s); retry policy is RetryUpToMaximumCountWithFixedSleep(maxRetries=10, sleepTime=1000 MILLISECONDS)
2019-09-28 01:23:12,688 [main] INFO  ipc.Client (Client.java:handleConnectionFailure(948)) - Retrying connect to server: localhost/127.0.0.1:0. Already tried 6 time(s); retry policy is RetryUpToMaximumCountWithFixedSleep(maxRetries=10, sleepTime=1000 MILLISECONDS)
2019-09-28 01:23:13,690 [main] INFO  ipc.Client (Client.java:handleConnectionFailure(948)) - Retrying connect to server: localhost/127.0.0.1:0. Already tried 7 time(s); retry policy is RetryUpToMaximumCountWithFixedSleep(maxRetries=10, sleepTime=1000 MILLISECONDS)
2019-09-28 01:23:14,691 [main] INFO  ipc.Client (Client.java:handleConnectionFailure(948)) - Retrying connect to server: localhost/127.0.0.1:0. Already tried 8 time(s); retry policy is RetryUpToMaximumCountWithFixedSleep(maxRetries=10, sleepTime=1000 MILLISECONDS)
2019-09-28 01:23:15,692 [main] INFO  ipc.Client (Client.java:handleConnectionFailure(948)) - Retrying connect to server: localhost/127.0.0.1:0. Already tried 9 time(s); retry policy is RetryUpToMaximumCountWithFixedSleep(maxRetries=10, sleepTime=1000 MILLISECONDS)
2019-09-28 01:23:15,693 [main] INFO  retry.RetryInvocationHandler (RetryInvocationHandler.java:log(411)) - com.google.protobuf.ServiceException: java.net.ConnectException: Your endpoint configuration is wrong; For more details see:  http://wiki.apache.org/hadoop/UnsetHostnameOrPort, while invoking $Proxy35.submitRequest over nodeId=null,nodeAddress=127.0.0.1:0 after 3 failover attempts. Trying to failover immediately.
2019-09-28 01:23:16,695 [main] INFO  ipc.Client (Client.java:handleConnectionFailure(948)) - Retrying connect to server: localhost/127.0.0.1:0. Already tried 0 time(s); retry policy is RetryUpToMaximumCountWithFixedSleep(maxRetries=10, sleepTime=1000 MILLISECONDS)
2019-09-28 01:23:17,696 [main] INFO  ipc.Client (Client.java:handleConnectionFailure(948)) - Retrying connect to server: localhost/127.0.0.1:0. Already tried 1 time(s); retry policy is RetryUpToMaximumCountWithFixedSleep(maxRetries=10, sleepTime=1000 MILLISECONDS)
2019-09-28 01:23:18,697 [main] INFO  ipc.Client (Client.java:handleConnectionFailure(948)) - Retrying connect to server: localhost/127.0.0.1:0. Already tried 2 time(s); retry policy is RetryUpToMaximumCountWithFixedSleep(maxRetries=10, sleepTime=1000 MILLISECONDS)
2019-09-28 01:23:19,699 [main] INFO  ipc.Client (Client.java:handleConnectionFailure(948)) - Retrying connect to server: localhost/127.0.0.1:0. Already tried 3 time(s); retry policy is RetryUpToMaximumCountWithFixedSleep(maxRetries=10, sleepTime=1000 MILLISECONDS)
2019-09-28 01:23:20,700 [main] INFO  ipc.Client (Client.java:handleConnectionFailure(948)) - Retrying connect to server: localhost/127.0.0.1:0. Already tried 4 time(s); retry policy is RetryUpToMaximumCountWithFixedSleep(maxRetries=10, sleepTime=1000 MILLISECONDS)
2019-09-28 01:23:21,701 [main] INFO  ipc.Client (Client.java:handleConnectionFailure(948)) - Retrying connect to server: localhost/127.0.0.1:0. Already tried 5 time(s); retry policy is RetryUpToMaximumCountWithFixedSleep(maxRetries=10, sleepTime=1000 MILLISECONDS)
2019-09-28 01:23:22,702 [main] INFO  ipc.Client (Client.java:handleConnectionFailure(948)) - Retrying connect to server: localhost/127.0.0.1:0. Already tried 6 time(s); retry policy is RetryUpToMaximumCountWithFixedSleep(maxRetries=10, sleepTime=1000 MILLISECONDS)
2019-09-28 01:23:23,703 [main] INFO  ipc.Client (Client.java:handleConnectionFailure(948)) - Retrying connect to server: localhost/127.0.0.1:0. Already tried 7 time(s); retry policy is RetryUpToMaximumCountWithFixedSleep(maxRetries=10, sleepTime=1000 MILLISECONDS)
2019-09-28 01:23:24,704 [main] INFO  ipc.Client (Client.java:handleConnectionFailure(948)) - Retrying connect to server: localhost/127.0.0.1:0. Already tried 8 time(s); retry policy is RetryUpToMaximumCountWithFixedSleep(maxRetries=10, sleepTime=1000 MILLISECONDS)
2019-09-28 01:23:25,706 [main] INFO  ipc.Client (Client.java:handleConnectionFailure(948)) - Retrying connect to server: localhost/127.0.0.1:0. Already tried 9 time(s); retry policy is RetryUpToMaximumCountWithFixedSleep(maxRetries=10, sleepTime=1000 MILLISECONDS)
2019-09-28 01:23:25,707 [main] INFO  retry.RetryInvocationHandler (RetryInvocationHandler.java:log(411)) - com.google.protobuf.ServiceException: java.net.ConnectException: Your endpoint configuration is wrong; For more details see:  http://wiki.apache.org/hadoop/UnsetHostnameOrPort, while invoking $Proxy35.submitRequest over nodeId=null,nodeAddress=127.0.0.1:0 after 4 failover attempts. Trying to failover immediately.
2019-09-28 01:23:26,708 [main] INFO  ipc.Client (Client.java:handleConnectionFailure(948)) - Retrying connect to server: localhost/127.0.0.1:0. Already tried 0 time(s); retry policy is RetryUpToMaximumCountWithFixedSleep(maxRetries=10, sleepTime=1000 MILLISECONDS)
2019-09-28 01:23:27,710 [main] INFO  ipc.Client (Client.java:handleConnectionFailure(948)) - Retrying connect to server: localhost/127.0.0.1:0. Already tried 1 time(s); retry policy is RetryUpToMaximumCountWithFixedSleep(maxRetries=10, sleepTime=1000 MILLISECONDS)
2019-09-28 01:23:28,711 [main] INFO  ipc.Client (Client.java:handleConnectionFailure(948)) - Retrying connect to server: localhost/127.0.0.1:0. Already tried 2 time(s); retry policy is RetryUpToMaximumCountWithFixedSleep(maxRetries=10, sleepTime=1000 MILLISECONDS)
2019-09-28 01:23:29,712 [main] INFO  ipc.Client (Client.java:handleConnectionFailure(948)) - Retrying connect to server: localhost/127.0.0.1:0. Already tried 3 time(s); retry policy is RetryUpToMaximumCountWithFixedSleep(maxRetries=10, sleepTime=1000 MILLISECONDS)
2019-09-28 01:23:30,713 [main] INFO  ipc.Client (Client.java:handleConnectionFailure(948)) - Retrying connect to server: localhost/127.0.0.1:0. Already tried 4 time(s); retry policy is RetryUpToMaximumCountWithFixedSleep(maxRetries=10, sleepTime=1000 MILLISECONDS)
2019-09-28 01:23:31,715 [main] INFO  ipc.Client (Client.java:handleConnectionFailure(948)) - Retrying connect to server: localhost/127.0.0.1:0. Already tried 5 time(s); retry policy is RetryUpToMaximumCountWithFixedSleep(maxRetries=10, sleepTime=1000 MILLISECONDS)
2019-09-28 01:23:32,716 [main] INFO  ipc.Client (Client.java:handleConnectionFailure(948)) - Retrying connect to server: localhost/127.0.0.1:0. Already tried 6 time(s); retry policy is RetryUpToMaximumCountWithFixedSleep(maxRetries=10, sleepTime=1000 MILLISECONDS)
2019-09-28 01:23:33,717 [main] INFO  ipc.Client (Client.java:handleConnectionFailure(948)) - Retrying connect to server: localhost/127.0.0.1:0. Already tried 7 time(s); retry policy is RetryUpToMaximumCountWithFixedSleep(maxRetries=10, sleepTime=1000 MILLISECONDS)
2019-09-28 01:23:34,718 [main] INFO  ipc.Client (Client.java:handleConnectionFailure(948)) - Retrying connect to server: localhost/127.0.0.1:0. Already tried 8 time(s); retry policy is RetryUpToMaximumCountWithFixedSleep(maxRetries=10, sleepTime=1000 MILLISECONDS)
2019-09-28 01:23:35,719 [main] INFO  ipc.Client (Client.java:handleConnectionFailure(948)) - Retrying connect to server: localhost/127.0.0.1:0. Already tried 9 time(s); retry policy is RetryUpToMaximumCountWithFixedSleep(maxRetries=10, sleepTime=1000 MILLISECONDS)
2019-09-28 01:23:35,721 [main] INFO  retry.RetryInvocationHandler (RetryInvocationHandler.java:log(411)) - com.google.protobuf.ServiceException: java.net.ConnectException: Your endpoint configuration is wrong; For more details see:  http://wiki.apache.org/hadoop/UnsetHostnameOrPort, while invoking $Proxy35.submitRequest over nodeId=null,nodeAddress=127.0.0.1:0 after 5 failover attempts. Trying to failover immediately.
2019-09-28 01:23:36,722 [main] INFO  ipc.Client (Client.java:handleConnectionFailure(948)) - Retrying connect to server: localhost/127.0.0.1:0. Already tried 0 time(s); retry policy is RetryUpToMaximumCountWithFixedSleep(maxRetries=10, sleepTime=1000 MILLISECONDS)
2019-09-28 01:23:37,725 [main] INFO  ipc.Client (Client.java:handleConnectionFailure(948)) - Retrying connect to server: localhost/127.0.0.1:0. Already tried 1 time(s); retry policy is RetryUpToMaximumCountWithFixedSleep(maxRetries=10, sleepTime=1000 MILLISECONDS)
2019-09-28 01:23:38,726 [main] INFO  ipc.Client (Client.java:handleConnectionFailure(948)) - Retrying connect to server: localhost/127.0.0.1:0. Already tried 2 time(s); retry policy is RetryUpToMaximumCountWithFixedSleep(maxRetries=10, sleepTime=1000 MILLISECONDS)
2019-09-28 01:23:39,728 [main] INFO  ipc.Client (Client.java:handleConnectionFailure(948)) - Retrying connect to server: localhost/127.0.0.1:0. Already tried 3 time(s); retry policy is RetryUpToMaximumCountWithFixedSleep(maxRetries=10, sleepTime=1000 MILLISECONDS)
2019-09-28 01:23:40,729 [main] INFO  ipc.Client (Client.java:handleConnectionFailure(948)) - Retrying connect to server: localhost/127.0.0.1:0. Already tried 4 time(s); retry policy is RetryUpToMaximumCountWithFixedSleep(maxRetries=10, sleepTime=1000 MILLISECONDS)
2019-09-28 01:23:41,730 [main] INFO  ipc.Client (Client.java:handleConnectionFailure(948)) - Retrying connect to server: localhost/127.0.0.1:0. Already tried 5 time(s); retry policy is RetryUpToMaximumCountWithFixedSleep(maxRetries=10, sleepTime=1000 MILLISECONDS)
2019-09-28 01:23:42,731 [main] INFO  ipc.Client (Client.java:handleConnectionFailure(948)) - Retrying connect to server: localhost/127.0.0.1:0. Already tried 6 time(s); retry policy is RetryUpToMaximumCountWithFixedSleep(maxRetries=10, sleepTime=1000 MILLISECONDS)
2019-09-28 01:23:43,732 [main] INFO  ipc.Client (Client.java:handleConnectionFailure(948)) - Retrying connect to server: localhost/127.0.0.1:0. Already tried 7 time(s); retry policy is RetryUpToMaximumCountWithFixedSleep(maxRetries=10, sleepTime=1000 MILLISECONDS)
2019-09-28 01:23:44,733 [main] INFO  ipc.Client (Client.java:handleConnectionFailure(948)) - Retrying connect to server: localhost/127.0.0.1:0. Already tried 8 time(s); retry policy is RetryUpToMaximumCountWithFixedSleep(maxRetries=10, sleepTime=1000 MILLISECONDS)
2019-09-28 01:23:45,735 [main] INFO  ipc.Client (Client.java:handleConnectionFailure(948)) - Retrying connect to server: localhost/127.0.0.1:0. Already tried 9 time(s); retry policy is RetryUpToMaximumCountWithFixedSleep(maxRetries=10, sleepTime=1000 MILLISECONDS)
2019-09-28 01:23:45,736 [main] INFO  retry.RetryInvocationHandler (RetryInvocationHandler.java:log(411)) - com.google.protobuf.ServiceException: java.net.ConnectException: Your endpoint configuration is wrong; For more details see:  http://wiki.apache.org/hadoop/UnsetHostnameOrPort, while invoking $Proxy35.submitRequest over nodeId=null,nodeAddress=127.0.0.1:0 after 6 failover attempts. Trying to failover immediately.
2019-09-28 01:23:46,737 [main] INFO  ipc.Client (Client.java:handleConnectionFailure(948)) - Retrying connect to server: localhost/127.0.0.1:0. Already tried 0 time(s); retry policy is RetryUpToMaximumCountWithFixedSleep(maxRetries=10, sleepTime=1000 MILLISECONDS)
2019-09-28 01:23:47,739 [main] INFO  ipc.Client (Client.java:handleConnectionFailure(948)) - Retrying connect to server: localhost/127.0.0.1:0. Already tried 1 time(s); retry policy is RetryUpToMaximumCountWithFixedSleep(maxRetries=10, sleepTime=1000 MILLISECONDS)
2019-09-28 01:23:48,741 [main] INFO  ipc.Client (Client.java:handleConnectionFailure(948)) - Retrying connect to server: localhost/127.0.0.1:0. Already tried 2 time(s); retry policy is RetryUpToMaximumCountWithFixedSleep(maxRetries=10, sleepTime=1000 MILLISECONDS)
2019-09-28 01:23:49,742 [main] INFO  ipc.Client (Client.java:handleConnectionFailure(948)) - Retrying connect to server: localhost/127.0.0.1:0. Already tried 3 time(s); retry policy is RetryUpToMaximumCountWithFixedSleep(maxRetries=10, sleepTime=1000 MILLISECONDS)
2019-09-28 01:23:50,353 [Thread-8161] WARN  util.JavaUtils (JavaUtils.java:sleep(250)) - Unexpected long sleep: sleep(1103ms) actually took 1480ms which is over the threshold 300ms
2019-09-28 01:23:50,743 [main] INFO  ipc.Client (Client.java:handleConnectionFailure(948)) - Retrying connect to server: localhost/127.0.0.1:0. Already tried 4 time(s); retry policy is RetryUpToMaximumCountWithFixedSleep(maxRetries=10, sleepTime=1000 MILLISECONDS)
2019-09-28 01:23:51,745 [main] INFO  ipc.Client (Client.java:handleConnectionFailure(948)) - Retrying connect to server: localhost/127.0.0.1:0. Already tried 5 time(s); retry policy is RetryUpToMaximumCountWithFixedSleep(maxRetries=10, sleepTime=1000 MILLISECONDS)
2019-09-28 01:23:52,746 [main] INFO  ipc.Client (Client.java:handleConnectionFailure(948)) - Retrying connect to server: localhost/127.0.0.1:0. Already tried 6 time(s); retry policy is RetryUpToMaximumCountWithFixedSleep(maxRetries=10, sleepTime=1000 MILLISECONDS)
2019-09-28 01:23:53,747 [main] INFO  ipc.Client (Client.java:handleConnectionFailure(948)) - Retrying connect to server: localhost/127.0.0.1:0. Already tried 7 time(s); retry policy is RetryUpToMaximumCountWithFixedSleep(maxRetries=10, sleepTime=1000 MILLISECONDS)
2019-09-28 01:23:54,748 [main] INFO  ipc.Client (Client.java:handleConnectionFailure(948)) - Retrying connect to server: localhost/127.0.0.1:0. Already tried 8 time(s); retry policy is RetryUpToMaximumCountWithFixedSleep(maxRetries=10, sleepTime=1000 MILLISECONDS)
2019-09-28 01:23:55,750 [main] INFO  ipc.Client (Client.java:handleConnectionFailure(948)) - Retrying connect to server: localhost/127.0.0.1:0. Already tried 9 time(s); retry policy is RetryUpToMaximumCountWithFixedSleep(maxRetries=10, sleepTime=1000 MILLISECONDS)
2019-09-28 01:23:55,752 [main] INFO  retry.RetryInvocationHandler (RetryInvocationHandler.java:log(411)) - com.google.protobuf.ServiceException: java.net.ConnectException: Your endpoint configuration is wrong; For more details see:  http://wiki.apache.org/hadoop/UnsetHostnameOrPort, while invoking $Proxy35.submitRequest over nodeId=null,nodeAddress=127.0.0.1:0 after 7 failover attempts. Trying to failover immediately.
2019-09-28 01:23:56,753 [main] INFO  ipc.Client (Client.java:handleConnectionFailure(948)) - Retrying connect to server: localhost/127.0.0.1:0. Already tried 0 time(s); retry policy is RetryUpToMaximumCountWithFixedSleep(maxRetries=10, sleepTime=1000 MILLISECONDS)
2019-09-28 01:23:57,754 [main] INFO  ipc.Client (Client.java:handleConnectionFailure(948)) - Retrying connect to server: localhost/127.0.0.1:0. Already tried 1 time(s); retry policy is RetryUpToMaximumCountWithFixedSleep(maxRetries=10, sleepTime=1000 MILLISECONDS)
2019-09-28 01:23:58,755 [main] INFO  ipc.Client (Client.java:handleConnectionFailure(948)) - Retrying connect to server: localhost/127.0.0.1:0. Already tried 2 time(s); retry policy is RetryUpToMaximumCountWithFixedSleep(maxRetries=10, sleepTime=1000 MILLISECONDS)
2019-09-28 01:23:59,758 [main] INFO  ipc.Client (Client.java:handleConnectionFailure(948)) - Retrying connect to server: localhost/127.0.0.1:0. Already tried 3 time(s); retry policy is RetryUpToMaximumCountWithFixedSleep(maxRetries=10, sleepTime=1000 MILLISECONDS)
2019-09-28 01:24:00,759 [main] INFO  ipc.Client (Client.java:handleConnectionFailure(948)) - Retrying connect to server: localhost/127.0.0.1:0. Already tried 4 time(s); retry policy is RetryUpToMaximumCountWithFixedSleep(maxRetries=10, sleepTime=1000 MILLISECONDS)
2019-09-28 01:24:01,760 [main] INFO  ipc.Client (Client.java:handleConnectionFailure(948)) - Retrying connect to server: localhost/127.0.0.1:0. Already tried 5 time(s); retry policy is RetryUpToMaximumCountWithFixedSleep(maxRetries=10, sleepTime=1000 MILLISECONDS)
2019-09-28 01:24:02,762 [main] INFO  ipc.Client (Client.java:handleConnectionFailure(948)) - Retrying connect to server: localhost/127.0.0.1:0. Already tried 6 time(s); retry policy is RetryUpToMaximumCountWithFixedSleep(maxRetries=10, sleepTime=1000 MILLISECONDS)
2019-09-28 01:24:03,763 [main] INFO  ipc.Client (Client.java:handleConnectionFailure(948)) - Retrying connect to server: localhost/127.0.0.1:0. Already tried 7 time(s); retry policy is RetryUpToMaximumCountWithFixedSleep(maxRetries=10, sleepTime=1000 MILLISECONDS)
2019-09-28 01:24:04,764 [main] INFO  ipc.Client (Client.java:handleConnectionFailure(948)) - Retrying connect to server: localhost/127.0.0.1:0. Already tried 8 time(s); retry policy is RetryUpToMaximumCountWithFixedSleep(maxRetries=10, sleepTime=1000 MILLISECONDS)
2019-09-28 01:24:05,765 [main] INFO  ipc.Client (Client.java:handleConnectionFailure(948)) - Retrying connect to server: localhost/127.0.0.1:0. Already tried 9 time(s); retry policy is RetryUpToMaximumCountWithFixedSleep(maxRetries=10, sleepTime=1000 MILLISECONDS)
2019-09-28 01:24:05,767 [main] INFO  retry.RetryInvocationHandler (RetryInvocationHandler.java:log(411)) - com.google.protobuf.ServiceException: java.net.ConnectException: Your endpoint configuration is wrong; For more details see:  http://wiki.apache.org/hadoop/UnsetHostnameOrPort, while invoking $Proxy35.submitRequest over nodeId=null,nodeAddress=127.0.0.1:0 after 8 failover attempts. Trying to failover immediately.
2019-09-28 01:24:06,769 [main] INFO  ipc.Client (Client.java:handleConnectionFailure(948)) - Retrying connect to server: localhost/127.0.0.1:0. Already tried 0 time(s); retry policy is RetryUpToMaximumCountWithFixedSleep(maxRetries=10, sleepTime=1000 MILLISECONDS)
2019-09-28 01:24:07,770 [main] INFO  ipc.Client (Client.java:handleConnectionFailure(948)) - Retrying connect to server: localhost/127.0.0.1:0. Already tried 1 time(s); retry policy is RetryUpToMaximumCountWithFixedSleep(maxRetries=10, sleepTime=1000 MILLISECONDS)
2019-09-28 01:24:08,771 [main] INFO  ipc.Client (Client.java:handleConnectionFailure(948)) - Retrying connect to server: localhost/127.0.0.1:0. Already tried 2 time(s); retry policy is RetryUpToMaximumCountWithFixedSleep(maxRetries=10, sleepTime=1000 MILLISECONDS)
2019-09-28 01:24:09,772 [main] INFO  ipc.Client (Client.java:handleConnectionFailure(948)) - Retrying connect to server: localhost/127.0.0.1:0. Already tried 3 time(s); retry policy is RetryUpToMaximumCountWithFixedSleep(maxRetries=10, sleepTime=1000 MILLISECONDS)
2019-09-28 01:24:10,774 [main] INFO  ipc.Client (Client.java:handleConnectionFailure(948)) - Retrying connect to server: localhost/127.0.0.1:0. Already tried 4 time(s); retry policy is RetryUpToMaximumCountWithFixedSleep(maxRetries=10, sleepTime=1000 MILLISECONDS)
2019-09-28 01:24:11,775 [main] INFO  ipc.Client (Client.java:handleConnectionFailure(948)) - Retrying connect to server: localhost/127.0.0.1:0. Already tried 5 time(s); retry policy is RetryUpToMaximumCountWithFixedSleep(maxRetries=10, sleepTime=1000 MILLISECONDS)
2019-09-28 01:24:12,776 [main] INFO  ipc.Client (Client.java:handleConnectionFailure(948)) - Retrying connect to server: localhost/127.0.0.1:0. Already tried 6 time(s); retry policy is RetryUpToMaximumCountWithFixedSleep(maxRetries=10, sleepTime=1000 MILLISECONDS)
2019-09-28 01:24:13,777 [main] INFO  ipc.Client (Client.java:handleConnectionFailure(948)) - Retrying connect to server: localhost/127.0.0.1:0. Already tried 7 time(s); retry policy is RetryUpToMaximumCountWithFixedSleep(maxRetries=10, sleepTime=1000 MILLISECONDS)
2019-09-28 01:24:14,779 [main] INFO  ipc.Client (Client.java:handleConnectionFailure(948)) - Retrying connect to server: localhost/127.0.0.1:0. Already tried 8 time(s); retry policy is RetryUpToMaximumCountWithFixedSleep(maxRetries=10, sleepTime=1000 MILLISECONDS)
2019-09-28 01:24:15,780 [main] INFO  ipc.Client (Client.java:handleConnectionFailure(948)) - Retrying connect to server: localhost/127.0.0.1:0. Already tried 9 time(s); retry policy is RetryUpToMaximumCountWithFixedSleep(maxRetries=10, sleepTime=1000 MILLISECONDS)
2019-09-28 01:24:15,781 [main] INFO  retry.RetryInvocationHandler (RetryInvocationHandler.java:log(411)) - com.google.protobuf.ServiceException: java.net.ConnectException: Your endpoint configuration is wrong; For more details see:  http://wiki.apache.org/hadoop/UnsetHostnameOrPort, while invoking $Proxy35.submitRequest over nodeId=null,nodeAddress=127.0.0.1:0 after 9 failover attempts. Trying to failover immediately.
2019-09-28 01:24:16,807 [main] INFO  ipc.Client (Client.java:handleConnectionFailure(948)) - Retrying connect to server: localhost/127.0.0.1:0. Already tried 0 time(s); retry policy is RetryUpToMaximumCountWithFixedSleep(maxRetries=10, sleepTime=1000 MILLISECONDS)
2019-09-28 01:24:17,808 [main] INFO  ipc.Client (Client.java:handleConnectionFailure(948)) - Retrying connect to server: localhost/127.0.0.1:0. Already tried 1 time(s); retry policy is RetryUpToMaximumCountWithFixedSleep(maxRetries=10, sleepTime=1000 MILLISECONDS)
2019-09-28 01:24:18,810 [main] INFO  ipc.Client (Client.java:handleConnectionFailure(948)) - Retrying connect to server: localhost/127.0.0.1:0. Already tried 2 time(s); retry policy is RetryUpToMaximumCountWithFixedSleep(maxRetries=10, sleepTime=1000 MILLISECONDS)
2019-09-28 01:24:19,811 [main] INFO  ipc.Client (Client.java:handleConnectionFailure(948)) - Retrying connect to server: localhost/127.0.0.1:0. Already tried 3 time(s); retry policy is RetryUpToMaximumCountWithFixedSleep(maxRetries=10, sleepTime=1000 MILLISECONDS)
2019-09-28 01:24:20,812 [main] INFO  ipc.Client (Client.java:handleConnectionFailure(948)) - Retrying connect to server: localhost/127.0.0.1:0. Already tried 4 time(s); retry policy is RetryUpToMaximumCountWithFixedSleep(maxRetries=10, sleepTime=1000 MILLISECONDS)
2019-09-28 01:24:21,813 [main] INFO  ipc.Client (Client.java:handleConnectionFailure(948)) - Retrying connect to server: localhost/127.0.0.1:0. Already tried 5 time(s); retry policy is RetryUpToMaximumCountWithFixedSleep(maxRetries=10, sleepTime=1000 MILLISECONDS)
2019-09-28 01:24:22,814 [main] INFO  ipc.Client (Client.java:handleConnectionFailure(948)) - Retrying connect to server: localhost/127.0.0.1:0. Already tried 6 time(s); retry policy is RetryUpToMaximumCountWithFixedSleep(maxRetries=10, sleepTime=1000 MILLISECONDS)
2019-09-28 01:24:23,816 [main] INFO  ipc.Client (Client.java:handleConnectionFailure(948)) - Retrying connect to server: localhost/127.0.0.1:0. Already tried 7 time(s); retry policy is RetryUpToMaximumCountWithFixedSleep(maxRetries=10, sleepTime=1000 MILLISECONDS)
2019-09-28 01:24:24,817 [main] INFO  ipc.Client (Client.java:handleConnectionFailure(948)) - Retrying connect to server: localhost/127.0.0.1:0. Already tried 8 time(s); retry policy is RetryUpToMaximumCountWithFixedSleep(maxRetries=10, sleepTime=1000 MILLISECONDS)
2019-09-28 01:24:25,818 [main] INFO  ipc.Client (Client.java:handleConnectionFailure(948)) - Retrying connect to server: localhost/127.0.0.1:0. Already tried 9 time(s); retry policy is RetryUpToMaximumCountWithFixedSleep(maxRetries=10, sleepTime=1000 MILLISECONDS)
2019-09-28 01:24:25,820 [main] ERROR ha.OMFailoverProxyProvider (OzoneManagerProtocolClientSideTranslatorPB.java:getRetryAction(268)) - Failed to connect to OM. Attempted 10 retries and 10 failovers
2019-09-28 01:24:25,820 [main] ERROR client.OzoneClientFactory (OzoneClientFactory.java:getClientProtocol(259)) - Couldn't create RpcClient protocol exception: 
java.net.ConnectException: Your endpoint configuration is wrong; For more details see:  http://wiki.apache.org/hadoop/UnsetHostnameOrPort
	at sun.reflect.GeneratedConstructorAccessor41.newInstance(Unknown Source)
	at sun.reflect.DelegatingConstructorAccessorImpl.newInstance(DelegatingConstructorAccessorImpl.java:45)
	at java.lang.reflect.Constructor.newInstance(Constructor.java:423)
	at org.apache.hadoop.net.NetUtils.wrapWithMessage(NetUtils.java:831)
	at org.apache.hadoop.net.NetUtils.wrapException(NetUtils.java:751)
	at org.apache.hadoop.ipc.Client.getRpcResponse(Client.java:1515)
	at org.apache.hadoop.ipc.Client.call(Client.java:1457)
	at org.apache.hadoop.ipc.Client.call(Client.java:1367)
	at org.apache.hadoop.ipc.ProtobufRpcEngine$Invoker.invoke(ProtobufRpcEngine.java:228)
	at org.apache.hadoop.ipc.ProtobufRpcEngine$Invoker.invoke(ProtobufRpcEngine.java:116)
	at com.sun.proxy.$Proxy35.submitRequest(Unknown Source)
	at sun.reflect.GeneratedMethodAccessor36.invoke(Unknown Source)
	at sun.reflect.DelegatingMethodAccessorImpl.invoke(DelegatingMethodAccessorImpl.java:43)
	at java.lang.reflect.Method.invoke(Method.java:498)
	at org.apache.hadoop.io.retry.RetryInvocationHandler.invokeMethod(RetryInvocationHandler.java:422)
	at org.apache.hadoop.io.retry.RetryInvocationHandler$Call.invokeMethod(RetryInvocationHandler.java:165)
	at org.apache.hadoop.io.retry.RetryInvocationHandler$Call.invoke(RetryInvocationHandler.java:157)
	at org.apache.hadoop.io.retry.RetryInvocationHandler$Call.invokeOnce(RetryInvocationHandler.java:95)
	at org.apache.hadoop.io.retry.RetryInvocationHandler.invoke(RetryInvocationHandler.java:359)
	at com.sun.proxy.$Proxy35.submitRequest(Unknown Source)
	at org.apache.hadoop.ozone.om.protocolPB.OzoneManagerProtocolClientSideTranslatorPB.submitRequest(OzoneManagerProtocolClientSideTranslatorPB.java:338)
	at org.apache.hadoop.ozone.om.protocolPB.OzoneManagerProtocolClientSideTranslatorPB.getServiceInfo(OzoneManagerProtocolClientSideTranslatorPB.java:1223)
	at sun.reflect.NativeMethodAccessorImpl.invoke0(Native Method)
	at sun.reflect.NativeMethodAccessorImpl.invoke(NativeMethodAccessorImpl.java:62)
	at sun.reflect.DelegatingMethodAccessorImpl.invoke(DelegatingMethodAccessorImpl.java:43)
	at java.lang.reflect.Method.invoke(Method.java:498)
	at org.apache.hadoop.hdds.tracing.TraceAllMethod.invoke(TraceAllMethod.java:66)
	at com.sun.proxy.$Proxy36.getServiceInfo(Unknown Source)
	at org.apache.hadoop.ozone.client.rpc.RpcClient.<init>(RpcClient.java:154)
	at org.apache.hadoop.ozone.client.OzoneClientFactory.getClientProtocol(OzoneClientFactory.java:256)
	at org.apache.hadoop.ozone.client.OzoneClientFactory.getClientProtocol(OzoneClientFactory.java:239)
	at org.apache.hadoop.ozone.client.OzoneClientFactory.getClient(OzoneClientFactory.java:75)
	at org.apache.hadoop.ozone.client.rpc.TestFailureHandlingByClient.init(TestFailureHandlingByClient.java:111)
	at org.apache.hadoop.ozone.client.rpc.TestFailureHandlingByClient.startCluster(TestFailureHandlingByClient.java:121)
	at org.apache.hadoop.ozone.client.rpc.TestFailureHandlingByClient.testDatanodeExclusionWithMajorityCommit(TestFailureHandlingByClient.java:282)
	at sun.reflect.NativeMethodAccessorImpl.invoke0(Native Method)
	at sun.reflect.NativeMethodAccessorImpl.invoke(NativeMethodAccessorImpl.java:62)
	at sun.reflect.DelegatingMethodAccessorImpl.invoke(DelegatingMethodAccessorImpl.java:43)
	at java.lang.reflect.Method.invoke(Method.java:498)
	at org.junit.runners.model.FrameworkMethod$1.runReflectiveCall(FrameworkMethod.java:47)
	at org.junit.internal.runners.model.ReflectiveCallable.run(ReflectiveCallable.java:12)
	at org.junit.runners.model.FrameworkMethod.invokeExplosively(FrameworkMethod.java:44)
	at org.junit.internal.runners.statements.InvokeMethod.evaluate(InvokeMethod.java:17)
	at org.junit.internal.runners.statements.RunAfters.evaluate(RunAfters.java:27)
	at org.junit.runners.ParentRunner.runLeaf(ParentRunner.java:271)
	at org.junit.runners.BlockJUnit4ClassRunner.runChild(BlockJUnit4ClassRunner.java:70)
	at org.junit.runners.BlockJUnit4ClassRunner.runChild(BlockJUnit4ClassRunner.java:50)
	at org.junit.runners.ParentRunner$3.run(ParentRunner.java:238)
	at org.junit.runners.ParentRunner$1.schedule(ParentRunner.java:63)
	at org.junit.runners.ParentRunner.runChildren(ParentRunner.java:236)
	at org.junit.runners.ParentRunner.access$000(ParentRunner.java:53)
	at org.junit.runners.ParentRunner$2.evaluate(ParentRunner.java:229)
	at org.junit.runners.ParentRunner.run(ParentRunner.java:309)
	at org.apache.maven.surefire.junit4.JUnit4Provider.execute(JUnit4Provider.java:365)
	at org.apache.maven.surefire.junit4.JUnit4Provider.executeWithRerun(JUnit4Provider.java:273)
	at org.apache.maven.surefire.junit4.JUnit4Provider.executeTestSet(JUnit4Provider.java:238)
	at org.apache.maven.surefire.junit4.JUnit4Provider.invoke(JUnit4Provider.java:159)
	at org.apache.maven.surefire.booter.ForkedBooter.invokeProviderInSameClassLoader(ForkedBooter.java:384)
	at org.apache.maven.surefire.booter.ForkedBooter.runSuitesInProcess(ForkedBooter.java:345)
	at org.apache.maven.surefire.booter.ForkedBooter.execute(ForkedBooter.java:126)
	at org.apache.maven.surefire.booter.ForkedBooter.main(ForkedBooter.java:418)
Caused by: java.net.ConnectException: Connection refused
	at sun.nio.ch.SocketChannelImpl.checkConnect(Native Method)
	at sun.nio.ch.SocketChannelImpl.finishConnect(SocketChannelImpl.java:717)
	at org.apache.hadoop.net.SocketIOWithTimeout.connect(SocketIOWithTimeout.java:206)
	at org.apache.hadoop.net.NetUtils.connect(NetUtils.java:531)
	at org.apache.hadoop.ipc.Client$Connection.setupConnection(Client.java:690)
	at org.apache.hadoop.ipc.Client$Connection.setupIOstreams(Client.java:794)
	at org.apache.hadoop.ipc.Client$Connection.access$3700(Client.java:411)
	at org.apache.hadoop.ipc.Client.getConnection(Client.java:1572)
	at org.apache.hadoop.ipc.Client.call(Client.java:1403)
	... 54 more
2019-09-28 01:24:25,822 [main] INFO  ozone.MiniOzoneClusterImpl (MiniOzoneClusterImpl.java:shutdown(314)) - Shutting down the Mini Ozone Cluster
2019-09-28 01:24:25,822 [main] INFO  ozone.MiniOzoneClusterImpl (MiniOzoneClusterImpl.java:stop(330)) - Stopping the Mini Ozone Cluster
2019-09-28 01:24:25,823 [main] INFO  ozone.MiniOzoneClusterImpl (MiniOzoneClusterImpl.java:stopOM(400)) - Stopping the OzoneManager
2019-09-28 01:24:25,823 [main] INFO  ipc.Server (Server.java:stop(3082)) - Stopping server on 34121
2019-09-28 01:24:25,874 [IPC Server listener on 34121] INFO  ipc.Server (Server.java:run(1185)) - Stopping IPC Server listener on 34121
2019-09-28 01:24:25,874 [main] INFO  ratis.OzoneManagerDoubleBuffer (OzoneManagerDoubleBuffer.java:stop(248)) - Stopping OMDoubleBuffer flush thread
2019-09-28 01:24:25,874 [IPC Server Responder] INFO  ipc.Server (Server.java:run(1319)) - Stopping IPC Server Responder
2019-09-28 01:24:25,878 [OMDoubleBufferFlushThread] INFO  ratis.OzoneManagerDoubleBuffer (OzoneManagerDoubleBuffer.java:flushTransactions(191)) - OMDoubleBuffer flush thread OMDoubleBufferFlushThread is interrupted and will exit. OMDoubleBufferFlushThread
2019-09-28 01:24:25,879 [main] INFO  utils.BackgroundService (BackgroundService.java:shutdown(148)) - Shutting down service KeyDeletingService
2019-09-28 01:24:25,881 [main] INFO  handler.ContextHandler (ContextHandler.java:doStop(910)) - Stopped o.e.j.w.WebAppContext@7781263c{/,null,UNAVAILABLE}{/ozoneManager}
2019-09-28 01:24:25,883 [main] INFO  server.AbstractConnector (AbstractConnector.java:doStop(318)) - Stopped ServerConnector@5fdd97c1{HTTP/1.1,[http/1.1]}{0.0.0.0:0}
2019-09-28 01:24:25,883 [main] INFO  handler.ContextHandler (ContextHandler.java:doStop(910)) - Stopped o.e.j.s.ServletContextHandler@111cba40{/static,file:///workdir/hadoop-ozone/integration-test/target/test-classes/webapps/static,UNAVAILABLE}
2019-09-28 01:24:25,884 [main] INFO  handler.ContextHandler (ContextHandler.java:doStop(910)) - Stopped o.e.j.s.ServletContextHandler@4f2ac7e0{/logs,file:///workdir/hadoop-ozone/integration-test/target/log,UNAVAILABLE}
2019-09-28 01:24:25,888 [main] INFO  ozone.MiniOzoneClusterImpl (MiniOzoneClusterImpl.java:stopDatanodes(377)) - Stopping the HddsDatanodes
2019-09-28 01:24:26,355 [Datanode State Machine Thread - 0] INFO  statemachine.DatanodeStateMachine (DatanodeStateMachine.java:lambda$startDaemon$0(350)) - Ozone container server started.
2019-09-28 01:24:26,387 [Datanode State Machine Thread - 0] INFO  statemachine.DatanodeStateMachine (DatanodeStateMachine.java:lambda$startDaemon$0(350)) - Ozone container server started.
2019-09-28 01:24:30,889 [main] INFO  ozoneimpl.OzoneContainer (OzoneContainer.java:stop(231)) - Attempting to stop container services.
2019-09-28 01:24:30,889 [ForkJoinPool.commonPool-worker-0] INFO  ozoneimpl.OzoneContainer (OzoneContainer.java:stop(231)) - Attempting to stop container services.
2019-09-28 01:24:30,890 [main] INFO  impl.RaftServerProxy (RaftServerProxy.java:lambda$close$4(314)) - 599625e3-e1cb-4b64-bc73-5b316e5767eb: close
2019-09-28 01:24:30,890 [ForkJoinPool.commonPool-worker-0] INFO  impl.RaftServerProxy (RaftServerProxy.java:lambda$close$4(314)) - 9acdd203-51d1-41ee-852c-319134721574: close
2019-09-28 01:24:30,890 [main] INFO  impl.RaftServerImpl (RaftServerImpl.java:lambda$shutdown$3(251)) - 599625e3-e1cb-4b64-bc73-5b316e5767eb@group-EB3BD2D41DCF: shutdown
2019-09-28 01:24:30,890 [ForkJoinPool.commonPool-worker-0] INFO  impl.RaftServerImpl (RaftServerImpl.java:lambda$shutdown$3(251)) - 9acdd203-51d1-41ee-852c-319134721574@group-1DD11682BBC6: shutdown
2019-09-28 01:24:30,891 [main] INFO  util.JmxRegister (JmxRegister.java:unregister(73)) - Successfully un-registered JMX Bean with object name Ratis:service=RaftServer,group=group-EB3BD2D41DCF,id=599625e3-e1cb-4b64-bc73-5b316e5767eb
2019-09-28 01:24:30,891 [ForkJoinPool.commonPool-worker-0] INFO  util.JmxRegister (JmxRegister.java:unregister(73)) - Successfully un-registered JMX Bean with object name Ratis:service=RaftServer,group=group-1DD11682BBC6,id=9acdd203-51d1-41ee-852c-319134721574
2019-09-28 01:24:30,892 [main] INFO  impl.RoleInfo (RoleInfo.java:shutdownLeaderState(104)) - 599625e3-e1cb-4b64-bc73-5b316e5767eb: shutdown LeaderState
2019-09-28 01:24:30,892 [ForkJoinPool.commonPool-worker-0] INFO  impl.RoleInfo (RoleInfo.java:shutdownLeaderState(104)) - 9acdd203-51d1-41ee-852c-319134721574: shutdown LeaderState
2019-09-28 01:24:30,893 [main] INFO  impl.PendingRequests (PendingRequests.java:sendNotLeaderResponses(202)) - 599625e3-e1cb-4b64-bc73-5b316e5767eb-PendingRequests: sendNotLeaderResponses
2019-09-28 01:24:30,901 [org.apache.ratis.server.impl.LogAppender$AppenderDaemon$$Lambda$428/1278375776@72f91b] WARN  server.GrpcLogAppender (GrpcLogAppender.java:mayWait(143)) - 9acdd203-51d1-41ee-852c-319134721574@group-1DD11682BBC6->32aad283-0bae-446a-b552-a3e6965a6bb8-GrpcLogAppender: Wait interrupted by java.lang.InterruptedException
2019-09-28 01:24:30,901 [org.apache.ratis.server.impl.LogAppender$AppenderDaemon$$Lambda$428/1278375776@fd048b8] WARN  server.GrpcLogAppender (GrpcLogAppender.java:mayWait(143)) - 9acdd203-51d1-41ee-852c-319134721574@group-1DD11682BBC6->7b598199-e261-45fb-863c-a2bd9def5848-GrpcLogAppender: Wait interrupted by java.lang.InterruptedException
2019-09-28 01:24:30,901 [ForkJoinPool.commonPool-worker-0] INFO  impl.PendingRequests (PendingRequests.java:sendNotLeaderResponses(202)) - 9acdd203-51d1-41ee-852c-319134721574-PendingRequests: sendNotLeaderResponses
2019-09-28 01:24:30,902 [main] INFO  impl.StateMachineUpdater (StateMachineUpdater.java:stopAndJoin(125)) - 599625e3-e1cb-4b64-bc73-5b316e5767eb@group-EB3BD2D41DCF-StateMachineUpdater: set stopIndex = 0
2019-09-28 01:24:30,902 [ForkJoinPool.commonPool-worker-0] INFO  impl.StateMachineUpdater (StateMachineUpdater.java:stopAndJoin(125)) - 9acdd203-51d1-41ee-852c-319134721574@group-1DD11682BBC6-StateMachineUpdater: set stopIndex = 0
2019-09-28 01:24:30,903 [ForkJoinPool.commonPool-worker-0] INFO  impl.RaftServerImpl (ServerState.java:close(385)) - 9acdd203-51d1-41ee-852c-319134721574@group-1DD11682BBC6: closes. applyIndex: 0
2019-09-28 01:24:30,903 [main] INFO  impl.RaftServerImpl (ServerState.java:close(385)) - 599625e3-e1cb-4b64-bc73-5b316e5767eb@group-EB3BD2D41DCF: closes. applyIndex: 0
2019-09-28 01:24:30,903 [grpc-default-executor-6] INFO  server.GrpcServerProtocolService (GrpcServerProtocolService.java:onCompleted(113)) - 7b598199-e261-45fb-863c-a2bd9def5848: Completed APPEND_ENTRIES, lastRequest: 9acdd203-51d1-41ee-852c-319134721574->7b598199-e261-45fb-863c-a2bd9def5848#228-t2, previous=(t:2, i:0), leaderCommit=0, initializing? false, entries: <empty>
2019-09-28 01:24:30,903 [grpc-default-executor-7] INFO  server.GrpcServerProtocolService (GrpcServerProtocolService.java:onCompleted(113)) - 32aad283-0bae-446a-b552-a3e6965a6bb8: Completed APPEND_ENTRIES, lastRequest: 9acdd203-51d1-41ee-852c-319134721574->32aad283-0bae-446a-b552-a3e6965a6bb8#228-t2, previous=(t:2, i:0), leaderCommit=0, initializing? false, entries: <empty>
2019-09-28 01:24:30,904 [599625e3-e1cb-4b64-bc73-5b316e5767eb@group-EB3BD2D41DCF-SegmentedRaftLogWorker] INFO  segmented.SegmentedRaftLogWorker (SegmentedRaftLogWorker.java:run(313)) - 599625e3-e1cb-4b64-bc73-5b316e5767eb@group-EB3BD2D41DCF-SegmentedRaftLogWorker was interrupted, exiting. There are 0 tasks remaining in the queue.
2019-09-28 01:24:30,904 [9acdd203-51d1-41ee-852c-319134721574@group-1DD11682BBC6-SegmentedRaftLogWorker] INFO  segmented.SegmentedRaftLogWorker (SegmentedRaftLogWorker.java:run(313)) - 9acdd203-51d1-41ee-852c-319134721574@group-1DD11682BBC6-SegmentedRaftLogWorker was interrupted, exiting. There are 0 tasks remaining in the queue.
2019-09-28 01:24:30,909 [main] INFO  segmented.SegmentedRaftLogWorker (SegmentedRaftLogWorker.java:close(228)) - 599625e3-e1cb-4b64-bc73-5b316e5767eb@group-EB3BD2D41DCF-SegmentedRaftLogWorker close()
2019-09-28 01:24:30,909 [ForkJoinPool.commonPool-worker-0] INFO  segmented.SegmentedRaftLogWorker (SegmentedRaftLogWorker.java:close(228)) - 9acdd203-51d1-41ee-852c-319134721574@group-1DD11682BBC6-SegmentedRaftLogWorker close()
2019-09-28 01:24:30,915 [main] INFO  impl.RaftServerImpl (RaftServerImpl.java:lambda$shutdown$3(251)) - 599625e3-e1cb-4b64-bc73-5b316e5767eb@group-41934B498518: shutdown
2019-09-28 01:24:30,922 [grpc-default-executor-6] INFO  server.GrpcLogAppender (GrpcLogAppender.java:onCompleted(293)) - 9acdd203-51d1-41ee-852c-319134721574@group-1DD11682BBC6->32aad283-0bae-446a-b552-a3e6965a6bb8-AppendLogResponseHandler: follower responses appendEntries COMPLETED
2019-09-28 01:24:30,922 [ForkJoinPool.commonPool-worker-0] INFO  impl.RaftServerImpl (RaftServerImpl.java:lambda$shutdown$3(251)) - 9acdd203-51d1-41ee-852c-319134721574@group-C5D67F8B7066: shutdown
2019-09-28 01:24:30,916 [grpc-default-executor-7] INFO  server.GrpcLogAppender (GrpcLogAppender.java:onCompleted(293)) - 9acdd203-51d1-41ee-852c-319134721574@group-1DD11682BBC6->7b598199-e261-45fb-863c-a2bd9def5848-AppendLogResponseHandler: follower responses appendEntries COMPLETED
2019-09-28 01:24:30,923 [ForkJoinPool.commonPool-worker-0] INFO  util.JmxRegister (JmxRegister.java:unregister(73)) - Successfully un-registered JMX Bean with object name Ratis:service=RaftServer,group=group-C5D67F8B7066,id=9acdd203-51d1-41ee-852c-319134721574
2019-09-28 01:24:30,923 [grpc-default-executor-6] INFO  impl.FollowerInfo (FollowerInfo.java:lambda$new$0(51)) - 9acdd203-51d1-41ee-852c-319134721574@group-1DD11682BBC6->32aad283-0bae-446a-b552-a3e6965a6bb8: nextIndex: updateUnconditionally 1 -> 0
2019-09-28 01:24:30,922 [main] INFO  util.JmxRegister (JmxRegister.java:unregister(73)) - Successfully un-registered JMX Bean with object name Ratis:service=RaftServer,group=group-41934B498518,id=599625e3-e1cb-4b64-bc73-5b316e5767eb
2019-09-28 01:24:30,924 [main] INFO  impl.RoleInfo (RoleInfo.java:shutdownFollowerState(121)) - 599625e3-e1cb-4b64-bc73-5b316e5767eb: shutdown FollowerState
2019-09-28 01:24:30,923 [ForkJoinPool.commonPool-worker-0] INFO  impl.RoleInfo (RoleInfo.java:shutdownLeaderState(104)) - 9acdd203-51d1-41ee-852c-319134721574: shutdown LeaderState
2019-09-28 01:24:30,923 [grpc-default-executor-7] INFO  impl.FollowerInfo (FollowerInfo.java:lambda$new$0(51)) - 9acdd203-51d1-41ee-852c-319134721574@group-1DD11682BBC6->7b598199-e261-45fb-863c-a2bd9def5848: nextIndex: updateUnconditionally 1 -> 0
2019-09-28 01:24:30,925 [ForkJoinPool.commonPool-worker-0] INFO  impl.PendingRequests (PendingRequests.java:sendNotLeaderResponses(202)) - 9acdd203-51d1-41ee-852c-319134721574-PendingRequests: sendNotLeaderResponses
2019-09-28 01:24:30,925 [Thread-8194] INFO  impl.FollowerState (FollowerState.java:run(115)) - 599625e3-e1cb-4b64-bc73-5b316e5767eb: FollowerState was interrupted: java.lang.InterruptedException: sleep interrupted
2019-09-28 01:24:30,925 [main] INFO  impl.StateMachineUpdater (StateMachineUpdater.java:stopAndJoin(125)) - 599625e3-e1cb-4b64-bc73-5b316e5767eb@group-41934B498518-StateMachineUpdater: set stopIndex = 0
2019-09-28 01:24:30,926 [ForkJoinPool.commonPool-worker-0] INFO  impl.StateMachineUpdater (StateMachineUpdater.java:stopAndJoin(125)) - 9acdd203-51d1-41ee-852c-319134721574@group-C5D67F8B7066-StateMachineUpdater: set stopIndex = 0
2019-09-28 01:24:30,926 [main] INFO  impl.RaftServerImpl (ServerState.java:close(385)) - 599625e3-e1cb-4b64-bc73-5b316e5767eb@group-41934B498518: closes. applyIndex: 0
2019-09-28 01:24:30,927 [ForkJoinPool.commonPool-worker-0] INFO  impl.RaftServerImpl (ServerState.java:close(385)) - 9acdd203-51d1-41ee-852c-319134721574@group-C5D67F8B7066: closes. applyIndex: 0
2019-09-28 01:24:30,927 [599625e3-e1cb-4b64-bc73-5b316e5767eb@group-41934B498518-SegmentedRaftLogWorker] INFO  segmented.SegmentedRaftLogWorker (SegmentedRaftLogWorker.java:run(313)) - 599625e3-e1cb-4b64-bc73-5b316e5767eb@group-41934B498518-SegmentedRaftLogWorker was interrupted, exiting. There are 0 tasks remaining in the queue.
2019-09-28 01:24:30,927 [9acdd203-51d1-41ee-852c-319134721574@group-C5D67F8B7066-SegmentedRaftLogWorker] INFO  segmented.SegmentedRaftLogWorker (SegmentedRaftLogWorker.java:run(313)) - 9acdd203-51d1-41ee-852c-319134721574@group-C5D67F8B7066-SegmentedRaftLogWorker was interrupted, exiting. There are 0 tasks remaining in the queue.
2019-09-28 01:24:30,931 [main] INFO  segmented.SegmentedRaftLogWorker (SegmentedRaftLogWorker.java:close(228)) - 599625e3-e1cb-4b64-bc73-5b316e5767eb@group-41934B498518-SegmentedRaftLogWorker close()
2019-09-28 01:24:30,934 [ForkJoinPool.commonPool-worker-0] INFO  segmented.SegmentedRaftLogWorker (SegmentedRaftLogWorker.java:close(228)) - 9acdd203-51d1-41ee-852c-319134721574@group-C5D67F8B7066-SegmentedRaftLogWorker close()
2019-09-28 01:24:30,940 [main] INFO  server.GrpcService (GrpcService.java:closeImpl(164)) - 599625e3-e1cb-4b64-bc73-5b316e5767eb: shutdown server with port 41958 now
2019-09-28 01:24:30,945 [ForkJoinPool.commonPool-worker-0] INFO  server.GrpcService (GrpcService.java:closeImpl(164)) - 9acdd203-51d1-41ee-852c-319134721574: shutdown server with port 45911 now
2019-09-28 01:24:30,947 [grpc-default-executor-6] WARN  server.GrpcServerProtocolService (LogUtils.java:warn(134)) - 599625e3-e1cb-4b64-bc73-5b316e5767eb: installSnapshot onError, lastRequest: 2105b257-0142-410d-878a-3a42adc43937->599625e3-e1cb-4b64-bc73-5b316e5767eb#227-t2, previous=(t:2, i:0), leaderCommit=0, initializing? false, entries: <empty>: org.apache.ratis.thirdparty.io.grpc.StatusRuntimeException: CANCELLED: cancelled before receiving half close
2019-09-28 01:24:30,947 [main] INFO  server.GrpcService (GrpcService.java:closeImpl(172)) - 599625e3-e1cb-4b64-bc73-5b316e5767eb: shutdown server with port 41958 successfully
2019-09-28 01:24:30,947 [ForkJoinPool.commonPool-worker-0] INFO  server.GrpcService (GrpcService.java:closeImpl(172)) - 9acdd203-51d1-41ee-852c-319134721574: shutdown server with port 45911 successfully
2019-09-28 01:24:30,947 [grpc-default-executor-4] WARN  server.GrpcLogAppender (LogUtils.java:warn(134)) - 2105b257-0142-410d-878a-3a42adc43937@group-41934B498518->599625e3-e1cb-4b64-bc73-5b316e5767eb-AppendLogResponseHandler: Failed appendEntries: org.apache.ratis.thirdparty.io.grpc.StatusRuntimeException: CANCELLED: HTTP/2 error code: CANCEL
Received Rst Stream
2019-09-28 01:24:30,948 [grpc-default-executor-4] INFO  impl.FollowerInfo (FollowerInfo.java:lambda$new$0(51)) - 2105b257-0142-410d-878a-3a42adc43937@group-41934B498518->599625e3-e1cb-4b64-bc73-5b316e5767eb: nextIndex: updateUnconditionally 1 -> 0
2019-09-28 01:24:30,950 [refreshUsed-/workdir/hadoop-ozone/integration-test/target/test-dir/MiniOzoneClusterImpl-8eac2880-3418-4680-a8af-a58fbadabff3/datanode-5/data/containers] WARN  fs.CachingGetSpaceUsed (CachingGetSpaceUsed.java:run(183)) - Thread Interrupted waiting to refresh disk information: sleep interrupted
2019-09-28 01:24:30,951 [refreshUsed-/workdir/hadoop-ozone/integration-test/target/test-dir/MiniOzoneClusterImpl-8eac2880-3418-4680-a8af-a58fbadabff3/datanode-2/data/containers] WARN  fs.CachingGetSpaceUsed (CachingGetSpaceUsed.java:run(183)) - Thread Interrupted waiting to refresh disk information: sleep interrupted
2019-09-28 01:24:30,980 [ForkJoinPool.commonPool-worker-0] INFO  utils.BackgroundService (BackgroundService.java:shutdown(148)) - Shutting down service BlockDeletingService
2019-09-28 01:24:30,980 [main] INFO  utils.BackgroundService (BackgroundService.java:shutdown(148)) - Shutting down service BlockDeletingService
2019-09-28 01:24:31,009 [ForkJoinPool.commonPool-worker-0] INFO  statemachine.DatanodeStateMachine (DatanodeStateMachine.java:stopDaemon(395)) - Ozone container server stopped.
2019-09-28 01:24:31,012 [main] INFO  statemachine.DatanodeStateMachine (DatanodeStateMachine.java:stopDaemon(395)) - Ozone container server stopped.
2019-09-28 01:24:31,022 [ForkJoinPool.commonPool-worker-0] INFO  handler.ContextHandler (ContextHandler.java:doStop(910)) - Stopped o.e.j.w.WebAppContext@154b8cb6{/,null,UNAVAILABLE}{/hddsDatanode}
2019-09-28 01:24:31,023 [main] INFO  handler.ContextHandler (ContextHandler.java:doStop(910)) - Stopped o.e.j.w.WebAppContext@6e685e6c{/,null,UNAVAILABLE}{/hddsDatanode}
2019-09-28 01:24:31,023 [ForkJoinPool.commonPool-worker-0] INFO  server.AbstractConnector (AbstractConnector.java:doStop(318)) - Stopped ServerConnector@7b297740{HTTP/1.1,[http/1.1]}{0.0.0.0:0}
2019-09-28 01:24:31,026 [ForkJoinPool.commonPool-worker-0] INFO  handler.ContextHandler (ContextHandler.java:doStop(910)) - Stopped o.e.j.s.ServletContextHandler@16e1219f{/static,jar:file:/home/user/.m2/repository/org/apache/hadoop/hadoop-hdds-container-service/0.5.0-SNAPSHOT/hadoop-hdds-container-service-0.5.0-SNAPSHOT.jar!/webapps/static,UNAVAILABLE}
2019-09-28 01:24:31,029 [main] INFO  server.AbstractConnector (AbstractConnector.java:doStop(318)) - Stopped ServerConnector@5b0902b4{HTTP/1.1,[http/1.1]}{0.0.0.0:0}
2019-09-28 01:24:31,029 [ForkJoinPool.commonPool-worker-0] INFO  handler.ContextHandler (ContextHandler.java:doStop(910)) - Stopped o.e.j.s.ServletContextHandler@2f09e6b2{/logs,file:///workdir/hadoop-ozone/integration-test/target/log,UNAVAILABLE}
2019-09-28 01:24:31,030 [main] INFO  handler.ContextHandler (ContextHandler.java:doStop(910)) - Stopped o.e.j.s.ServletContextHandler@6744707b{/static,jar:file:/home/user/.m2/repository/org/apache/hadoop/hadoop-hdds-container-service/0.5.0-SNAPSHOT/hadoop-hdds-container-service-0.5.0-SNAPSHOT.jar!/webapps/static,UNAVAILABLE}
2019-09-28 01:24:31,031 [main] INFO  handler.ContextHandler (ContextHandler.java:doStop(910)) - Stopped o.e.j.s.ServletContextHandler@68e5c7ae{/logs,file:///workdir/hadoop-ozone/integration-test/target/log,UNAVAILABLE}
2019-09-28 01:24:31,032 [grpc-default-executor-4] WARN  server.GrpcLogAppender (LogUtils.java:warn(134)) - 2105b257-0142-410d-878a-3a42adc43937@group-41934B498518->599625e3-e1cb-4b64-bc73-5b316e5767eb-AppendLogResponseHandler: Failed appendEntries: org.apache.ratis.thirdparty.io.grpc.StatusRuntimeException: UNAVAILABLE: io exception
2019-09-28 01:24:31,032 [grpc-default-executor-4] INFO  impl.FollowerInfo (FollowerInfo.java:lambda$new$0(51)) - 2105b257-0142-410d-878a-3a42adc43937@group-41934B498518->599625e3-e1cb-4b64-bc73-5b316e5767eb: nextIndex: updateUnconditionally 0 -> 0
2019-09-28 01:24:31,353 [Datanode State Machine Thread - 0] INFO  statemachine.DatanodeStateMachine (DatanodeStateMachine.java:lambda$startDaemon$0(350)) - Ozone container server started.
2019-09-28 01:24:31,443 [Datanode State Machine Thread - 0] INFO  statemachine.DatanodeStateMachine (DatanodeStateMachine.java:lambda$startDaemon$0(350)) - Ozone container server started.
2019-09-28 01:24:31,525 [grpc-default-executor-1] WARN  server.GrpcLogAppender (LogUtils.java:warn(134)) - 2105b257-0142-410d-878a-3a42adc43937@group-41934B498518->599625e3-e1cb-4b64-bc73-5b316e5767eb-AppendLogResponseHandler: Failed appendEntries: org.apache.ratis.thirdparty.io.grpc.StatusRuntimeException: UNAVAILABLE: io exception
2019-09-28 01:24:31,526 [grpc-default-executor-1] INFO  impl.FollowerInfo (FollowerInfo.java:lambda$new$0(51)) - 2105b257-0142-410d-878a-3a42adc43937@group-41934B498518->599625e3-e1cb-4b64-bc73-5b316e5767eb: nextIndex: updateUnconditionally 0 -> 0
2019-09-28 01:24:31,969 [Thread-8177] INFO  impl.FollowerState (FollowerState.java:run(106)) - 7b598199-e261-45fb-863c-a2bd9def5848:group-1DD11682BBC6 changes to CANDIDATE, lastRpcTime:1495, electionTimeout:1171ms
2019-09-28 01:24:31,970 [Thread-8177] INFO  impl.RoleInfo (RoleInfo.java:shutdownFollowerState(121)) - 7b598199-e261-45fb-863c-a2bd9def5848: shutdown FollowerState
2019-09-28 01:24:31,970 [Thread-8177] INFO  impl.RaftServerImpl (RaftServerImpl.java:setRole(174)) - 7b598199-e261-45fb-863c-a2bd9def5848@group-1DD11682BBC6: changes role from  FOLLOWER to CANDIDATE at term 2 for changeToCandidate
2019-09-28 01:24:31,970 [Thread-8177] INFO  impl.RoleInfo (RoleInfo.java:updateAndGet(143)) - 7b598199-e261-45fb-863c-a2bd9def5848: start LeaderElection
2019-09-28 01:24:31,971 [7b598199-e261-45fb-863c-a2bd9def5848@group-1DD11682BBC6:LeaderElection157] INFO  impl.RaftServerImpl (ServerState.java:setLeader(253)) - 7b598199-e261-45fb-863c-a2bd9def5848@group-1DD11682BBC6: change Leader from 9acdd203-51d1-41ee-852c-319134721574 to null at term 2 for initElection
2019-09-28 01:24:31,997 [7b598199-e261-45fb-863c-a2bd9def5848@group-1DD11682BBC6:LeaderElection157] INFO  impl.LeaderElection (LeaderElection.java:askForVotes(182)) - 7b598199-e261-45fb-863c-a2bd9def5848@group-1DD11682BBC6:LeaderElection157: begin an election at term 3 for 0: [32aad283-0bae-446a-b552-a3e6965a6bb8:192.168.151.82:38303, 9acdd203-51d1-41ee-852c-319134721574:192.168.151.82:45911, 7b598199-e261-45fb-863c-a2bd9def5848:192.168.151.82:34969], old=null
2019-09-28 01:24:32,001 [7b598199-e261-45fb-863c-a2bd9def5848@group-1DD11682BBC6:LeaderElection157] INFO  impl.LeaderElection (LogUtils.java:infoOrTrace(149)) - 7b598199-e261-45fb-863c-a2bd9def5848@group-1DD11682BBC6:LeaderElection157 got exception when requesting votes: {}
java.util.concurrent.ExecutionException: org.apache.ratis.thirdparty.io.grpc.StatusRuntimeException: UNAVAILABLE: io exception
	at java.util.concurrent.FutureTask.report(FutureTask.java:122)
	at java.util.concurrent.FutureTask.get(FutureTask.java:192)
	at org.apache.ratis.server.impl.LeaderElection.waitForResults(LeaderElection.java:263)
	at org.apache.ratis.server.impl.LeaderElection.askForVotes(LeaderElection.java:201)
	at org.apache.ratis.server.impl.LeaderElection.run(LeaderElection.java:133)
	at java.lang.Thread.run(Thread.java:748)
Caused by: org.apache.ratis.thirdparty.io.grpc.StatusRuntimeException: UNAVAILABLE: io exception
	at org.apache.ratis.thirdparty.io.grpc.stub.ClientCalls.toStatusRuntimeException(ClientCalls.java:233)
	at org.apache.ratis.thirdparty.io.grpc.stub.ClientCalls.getUnchecked(ClientCalls.java:214)
	at org.apache.ratis.thirdparty.io.grpc.stub.ClientCalls.blockingUnaryCall(ClientCalls.java:139)
	at org.apache.ratis.proto.grpc.RaftServerProtocolServiceGrpc$RaftServerProtocolServiceBlockingStub.requestVote(RaftServerProtocolServiceGrpc.java:265)
	at org.apache.ratis.grpc.server.GrpcServerProtocolClient.requestVote(GrpcServerProtocolClient.java:90)
	at org.apache.ratis.grpc.server.GrpcService.requestVote(GrpcService.java:204)
	at org.apache.ratis.server.impl.LeaderElection.lambda$submitRequests$1(LeaderElection.java:238)
	at java.util.concurrent.FutureTask.run(FutureTask.java:266)
	at java.util.concurrent.Executors$RunnableAdapter.call(Executors.java:511)
	at java.util.concurrent.FutureTask.run(FutureTask.java:266)
	at java.util.concurrent.ThreadPoolExecutor.runWorker(ThreadPoolExecutor.java:1149)
	at java.util.concurrent.ThreadPoolExecutor$Worker.run(ThreadPoolExecutor.java:624)
	... 1 more
Caused by: org.apache.ratis.thirdparty.io.netty.channel.AbstractChannel$AnnotatedConnectException: Connection refused: /192.168.151.82:45911
	at sun.nio.ch.SocketChannelImpl.checkConnect(Native Method)
	at sun.nio.ch.SocketChannelImpl.finishConnect(SocketChannelImpl.java:717)
	at org.apache.ratis.thirdparty.io.netty.channel.socket.nio.NioSocketChannel.doFinishConnect(NioSocketChannel.java:327)
	at org.apache.ratis.thirdparty.io.netty.channel.nio.AbstractNioChannel$AbstractNioUnsafe.finishConnect(AbstractNioChannel.java:340)
	at org.apache.ratis.thirdparty.io.netty.channel.nio.NioEventLoop.processSelectedKey(NioEventLoop.java:632)
	at org.apache.ratis.thirdparty.io.netty.channel.nio.NioEventLoop.processSelectedKeysOptimized(NioEventLoop.java:579)
	at org.apache.ratis.thirdparty.io.netty.channel.nio.NioEventLoop.processSelectedKeys(NioEventLoop.java:496)
	at org.apache.ratis.thirdparty.io.netty.channel.nio.NioEventLoop.run(NioEventLoop.java:458)
	at org.apache.ratis.thirdparty.io.netty.util.concurrent.SingleThreadEventExecutor$5.run(SingleThreadEventExecutor.java:897)
	at org.apache.ratis.thirdparty.io.netty.util.concurrent.FastThreadLocalRunnable.run(FastThreadLocalRunnable.java:30)
	... 1 more
Caused by: java.net.ConnectException: Connection refused
	... 11 more
2019-09-28 01:24:32,001 [grpc-default-executor-1] INFO  impl.RaftServerImpl (ServerState.java:setLeader(253)) - 32aad283-0bae-446a-b552-a3e6965a6bb8@group-1DD11682BBC6: change Leader from 9acdd203-51d1-41ee-852c-319134721574 to null at term 3 for updateCurrentTerm
2019-09-28 01:24:32,002 [grpc-default-executor-1] INFO  impl.RaftServerImpl (RaftServerImpl.java:setRole(174)) - 32aad283-0bae-446a-b552-a3e6965a6bb8@group-1DD11682BBC6: changes role from  FOLLOWER to FOLLOWER at term 3 for recognizeCandidate:7b598199-e261-45fb-863c-a2bd9def5848
2019-09-28 01:24:32,002 [grpc-default-executor-1] INFO  impl.RoleInfo (RoleInfo.java:shutdownFollowerState(121)) - 32aad283-0bae-446a-b552-a3e6965a6bb8: shutdown FollowerState
2019-09-28 01:24:32,002 [grpc-default-executor-1] INFO  impl.RoleInfo (RoleInfo.java:updateAndGet(143)) - 32aad283-0bae-446a-b552-a3e6965a6bb8: start FollowerState
2019-09-28 01:24:32,003 [Thread-8178] INFO  impl.FollowerState (FollowerState.java:run(115)) - 32aad283-0bae-446a-b552-a3e6965a6bb8: FollowerState was interrupted: java.lang.InterruptedException: sleep interrupted
2019-09-28 01:24:32,017 [7b598199-e261-45fb-863c-a2bd9def5848@group-1DD11682BBC6:LeaderElection157] INFO  impl.LeaderElection (LeaderElection.java:logAndReturn(56)) - 7b598199-e261-45fb-863c-a2bd9def5848@group-1DD11682BBC6:LeaderElection157: Election PASSED; received 1 response(s) [7b598199-e261-45fb-863c-a2bd9def5848<-32aad283-0bae-446a-b552-a3e6965a6bb8#0:OK-t3] and 1 exception(s); 7b598199-e261-45fb-863c-a2bd9def5848@group-1DD11682BBC6:t3, leader=null, voted=7b598199-e261-45fb-863c-a2bd9def5848, raftlog=7b598199-e261-45fb-863c-a2bd9def5848@group-1DD11682BBC6-SegmentedRaftLog:OPENED:c0,f0,i0, conf=0: [32aad283-0bae-446a-b552-a3e6965a6bb8:192.168.151.82:38303, 9acdd203-51d1-41ee-852c-319134721574:192.168.151.82:45911, 7b598199-e261-45fb-863c-a2bd9def5848:192.168.151.82:34969], old=null
2019-09-28 01:24:32,017 [7b598199-e261-45fb-863c-a2bd9def5848@group-1DD11682BBC6:LeaderElection157] INFO  impl.LeaderElection (LogUtils.java:infoOrTrace(149)) -   Exception 0: {}
java.util.concurrent.ExecutionException: org.apache.ratis.thirdparty.io.grpc.StatusRuntimeException: UNAVAILABLE: io exception
	at java.util.concurrent.FutureTask.report(FutureTask.java:122)
	at java.util.concurrent.FutureTask.get(FutureTask.java:192)
	at org.apache.ratis.server.impl.LeaderElection.waitForResults(LeaderElection.java:263)
	at org.apache.ratis.server.impl.LeaderElection.askForVotes(LeaderElection.java:201)
	at org.apache.ratis.server.impl.LeaderElection.run(LeaderElection.java:133)
	at java.lang.Thread.run(Thread.java:748)
Caused by: org.apache.ratis.thirdparty.io.grpc.StatusRuntimeException: UNAVAILABLE: io exception
	at org.apache.ratis.thirdparty.io.grpc.stub.ClientCalls.toStatusRuntimeException(ClientCalls.java:233)
	at org.apache.ratis.thirdparty.io.grpc.stub.ClientCalls.getUnchecked(ClientCalls.java:214)
	at org.apache.ratis.thirdparty.io.grpc.stub.ClientCalls.blockingUnaryCall(ClientCalls.java:139)
	at org.apache.ratis.proto.grpc.RaftServerProtocolServiceGrpc$RaftServerProtocolServiceBlockingStub.requestVote(RaftServerProtocolServiceGrpc.java:265)
	at org.apache.ratis.grpc.server.GrpcServerProtocolClient.requestVote(GrpcServerProtocolClient.java:90)
	at org.apache.ratis.grpc.server.GrpcService.requestVote(GrpcService.java:204)
	at org.apache.ratis.server.impl.LeaderElection.lambda$submitRequests$1(LeaderElection.java:238)
	at java.util.concurrent.FutureTask.run(FutureTask.java:266)
	at java.util.concurrent.Executors$RunnableAdapter.call(Executors.java:511)
	at java.util.concurrent.FutureTask.run(FutureTask.java:266)
	at java.util.concurrent.ThreadPoolExecutor.runWorker(ThreadPoolExecutor.java:1149)
	at java.util.concurrent.ThreadPoolExecutor$Worker.run(ThreadPoolExecutor.java:624)
	... 1 more
Caused by: org.apache.ratis.thirdparty.io.netty.channel.AbstractChannel$AnnotatedConnectException: Connection refused: /192.168.151.82:45911
	at sun.nio.ch.SocketChannelImpl.checkConnect(Native Method)
	at sun.nio.ch.SocketChannelImpl.finishConnect(SocketChannelImpl.java:717)
	at org.apache.ratis.thirdparty.io.netty.channel.socket.nio.NioSocketChannel.doFinishConnect(NioSocketChannel.java:327)
	at org.apache.ratis.thirdparty.io.netty.channel.nio.AbstractNioChannel$AbstractNioUnsafe.finishConnect(AbstractNioChannel.java:340)
	at org.apache.ratis.thirdparty.io.netty.channel.nio.NioEventLoop.processSelectedKey(NioEventLoop.java:632)
	at org.apache.ratis.thirdparty.io.netty.channel.nio.NioEventLoop.processSelectedKeysOptimized(NioEventLoop.java:579)
	at org.apache.ratis.thirdparty.io.netty.channel.nio.NioEventLoop.processSelectedKeys(NioEventLoop.java:496)
	at org.apache.ratis.thirdparty.io.netty.channel.nio.NioEventLoop.run(NioEventLoop.java:458)
	at org.apache.ratis.thirdparty.io.netty.util.concurrent.SingleThreadEventExecutor$5.run(SingleThreadEventExecutor.java:897)
	at org.apache.ratis.thirdparty.io.netty.util.concurrent.FastThreadLocalRunnable.run(FastThreadLocalRunnable.java:30)
	... 1 more
Caused by: java.net.ConnectException: Connection refused
	... 11 more
2019-09-28 01:24:32,018 [7b598199-e261-45fb-863c-a2bd9def5848@group-1DD11682BBC6:LeaderElection157] INFO  impl.RoleInfo (RoleInfo.java:shutdownLeaderElection(134)) - 7b598199-e261-45fb-863c-a2bd9def5848: shutdown LeaderElection
2019-09-28 01:24:32,018 [7b598199-e261-45fb-863c-a2bd9def5848@group-1DD11682BBC6:LeaderElection157] INFO  impl.RaftServerImpl (RaftServerImpl.java:setRole(174)) - 7b598199-e261-45fb-863c-a2bd9def5848@group-1DD11682BBC6: changes role from CANDIDATE to LEADER at term 3 for changeToLeader
2019-09-28 01:24:32,018 [7b598199-e261-45fb-863c-a2bd9def5848@group-1DD11682BBC6:LeaderElection157] INFO  impl.RaftServerImpl (ServerState.java:setLeader(253)) - 7b598199-e261-45fb-863c-a2bd9def5848@group-1DD11682BBC6: change Leader from null to 7b598199-e261-45fb-863c-a2bd9def5848 at term 3 for becomeLeader, leader elected after 47ms
2019-09-28 01:24:32,018 [7b598199-e261-45fb-863c-a2bd9def5848@group-1DD11682BBC6:LeaderElection157] INFO  server.RaftServerConfigKeys (ConfUtils.java:logGet(43)) - raft.server.staging.catchup.gap = 1000 (default)
2019-09-28 01:24:32,019 [7b598199-e261-45fb-863c-a2bd9def5848@group-1DD11682BBC6:LeaderElection157] INFO  server.RaftServerConfigKeys (ConfUtils.java:logGet(43)) - raft.server.rpc.sleep.time = 25ms (default)
2019-09-28 01:24:32,019 [7b598199-e261-45fb-863c-a2bd9def5848@group-1DD11682BBC6:LeaderElection157] INFO  server.RaftServerConfigKeys (ConfUtils.java:logGet(43)) - raft.server.write.element-limit = 4096 (default)
2019-09-28 01:24:32,019 [7b598199-e261-45fb-863c-a2bd9def5848@group-1DD11682BBC6:LeaderElection157] INFO  server.RaftServerConfigKeys (ConfUtils.java:logGet(43)) - raft.server.watch.timeout = 10s (default)
2019-09-28 01:24:32,019 [7b598199-e261-45fb-863c-a2bd9def5848@group-1DD11682BBC6:LeaderElection157] INFO  server.RaftServerConfigKeys (ConfUtils.java:logGet(43)) - raft.server.watch.timeout.denomination = 1s (default)
2019-09-28 01:24:32,019 [7b598199-e261-45fb-863c-a2bd9def5848@group-1DD11682BBC6:LeaderElection157] INFO  server.RaftServerConfigKeys (ConfUtils.java:logGet(43)) - raft.server.watch.element-limit = 65536 (default)
2019-09-28 01:24:32,023 [7b598199-e261-45fb-863c-a2bd9def5848@group-1DD11682BBC6:LeaderElection157] INFO  server.RaftServerConfigKeys (ConfUtils.java:logGet(43)) - raft.server.log.appender.snapshot.chunk.size.max = 16MB (=16777216) (default)
2019-09-28 01:24:32,023 [7b598199-e261-45fb-863c-a2bd9def5848@group-1DD11682BBC6:LeaderElection157] INFO  server.RaftServerConfigKeys (ConfUtils.java:logGet(43)) - raft.server.log.appender.buffer.byte-limit = 33554432 (custom)
2019-09-28 01:24:32,023 [7b598199-e261-45fb-863c-a2bd9def5848@group-1DD11682BBC6:LeaderElection157] INFO  server.RaftServerConfigKeys (ConfUtils.java:logGet(43)) - raft.server.log.appender.buffer.element-limit = 1 (custom)
2019-09-28 01:24:32,024 [7b598199-e261-45fb-863c-a2bd9def5848@group-1DD11682BBC6:LeaderElection157] INFO  grpc.GrpcConfigKeys$Server (ConfUtils.java:logGet(43)) - raft.grpc.server.leader.outstanding.appends.max = 128 (default)
2019-09-28 01:24:32,024 [7b598199-e261-45fb-863c-a2bd9def5848@group-1DD11682BBC6:LeaderElection157] INFO  server.RaftServerConfigKeys (ConfUtils.java:logGet(43)) - raft.server.rpc.request.timeout = 3000ms (default)
2019-09-28 01:24:32,024 [7b598199-e261-45fb-863c-a2bd9def5848@group-1DD11682BBC6:LeaderElection157] INFO  server.RaftServerConfigKeys (ConfUtils.java:logGet(43)) - raft.server.log.appender.install.snapshot.enabled = false (custom)
2019-09-28 01:24:32,024 [7b598199-e261-45fb-863c-a2bd9def5848@group-1DD11682BBC6:LeaderElection157] INFO  server.RaftServerConfigKeys (ConfUtils.java:logGet(43)) - raft.server.log.appender.snapshot.chunk.size.max = 16MB (=16777216) (default)
2019-09-28 01:24:32,025 [7b598199-e261-45fb-863c-a2bd9def5848@group-1DD11682BBC6:LeaderElection157] INFO  server.RaftServerConfigKeys (ConfUtils.java:logGet(43)) - raft.server.log.appender.buffer.byte-limit = 33554432 (custom)
2019-09-28 01:24:32,025 [7b598199-e261-45fb-863c-a2bd9def5848@group-1DD11682BBC6:LeaderElection157] INFO  server.RaftServerConfigKeys (ConfUtils.java:logGet(43)) - raft.server.log.appender.buffer.element-limit = 1 (custom)
2019-09-28 01:24:32,025 [grpc-default-executor-4] WARN  server.GrpcLogAppender (LogUtils.java:warn(134)) - 2105b257-0142-410d-878a-3a42adc43937@group-41934B498518->599625e3-e1cb-4b64-bc73-5b316e5767eb-AppendLogResponseHandler: Failed appendEntries: org.apache.ratis.thirdparty.io.grpc.StatusRuntimeException: UNAVAILABLE: io exception
2019-09-28 01:24:32,025 [7b598199-e261-45fb-863c-a2bd9def5848@group-1DD11682BBC6:LeaderElection157] INFO  grpc.GrpcConfigKeys$Server (ConfUtils.java:logGet(43)) - raft.grpc.server.leader.outstanding.appends.max = 128 (default)
2019-09-28 01:24:32,026 [grpc-default-executor-4] INFO  impl.FollowerInfo (FollowerInfo.java:lambda$new$0(51)) - 2105b257-0142-410d-878a-3a42adc43937@group-41934B498518->599625e3-e1cb-4b64-bc73-5b316e5767eb: nextIndex: updateUnconditionally 0 -> 0
2019-09-28 01:24:32,026 [7b598199-e261-45fb-863c-a2bd9def5848@group-1DD11682BBC6:LeaderElection157] INFO  server.RaftServerConfigKeys (ConfUtils.java:logGet(43)) - raft.server.rpc.request.timeout = 3000ms (default)
2019-09-28 01:24:32,026 [7b598199-e261-45fb-863c-a2bd9def5848@group-1DD11682BBC6:LeaderElection157] INFO  server.RaftServerConfigKeys (ConfUtils.java:logGet(43)) - raft.server.log.appender.install.snapshot.enabled = false (custom)
2019-09-28 01:24:32,027 [7b598199-e261-45fb-863c-a2bd9def5848@group-1DD11682BBC6:LeaderElection157] INFO  impl.RoleInfo (RoleInfo.java:updateAndGet(143)) - 7b598199-e261-45fb-863c-a2bd9def5848: start LeaderState
2019-09-28 01:24:32,027 [7b598199-e261-45fb-863c-a2bd9def5848@group-1DD11682BBC6:LeaderElection157] INFO  segmented.SegmentedRaftLogWorker (SegmentedRaftLogWorker.java:rollLogSegment(385)) - 7b598199-e261-45fb-863c-a2bd9def5848@group-1DD11682BBC6-SegmentedRaftLogWorker: Rolling segment log-0_0 to index:0
2019-09-28 01:24:32,028 [7b598199-e261-45fb-863c-a2bd9def5848@group-1DD11682BBC6-SegmentedRaftLogWorker] INFO  segmented.SegmentedRaftLogWorker (SegmentedRaftLogWorker.java:execute(526)) - 7b598199-e261-45fb-863c-a2bd9def5848@group-1DD11682BBC6-SegmentedRaftLogWorker: Rolled log segment from /workdir/hadoop-ozone/integration-test/target/test-dir/MiniOzoneClusterImpl-8eac2880-3418-4680-a8af-a58fbadabff3/datanode-0/data/ratis/a92c22ae-1181-4181-b1ef-1dd11682bbc6/current/log_inprogress_0 to /workdir/hadoop-ozone/integration-test/target/test-dir/MiniOzoneClusterImpl-8eac2880-3418-4680-a8af-a58fbadabff3/datanode-0/data/ratis/a92c22ae-1181-4181-b1ef-1dd11682bbc6/current/log_0-0
2019-09-28 01:24:32,028 [7b598199-e261-45fb-863c-a2bd9def5848@group-1DD11682BBC6:LeaderElection157] INFO  impl.RaftServerImpl (ServerState.java:setRaftConf(354)) - 7b598199-e261-45fb-863c-a2bd9def5848@group-1DD11682BBC6: set configuration 1: [32aad283-0bae-446a-b552-a3e6965a6bb8:192.168.151.82:38303, 9acdd203-51d1-41ee-852c-319134721574:192.168.151.82:45911, 7b598199-e261-45fb-863c-a2bd9def5848:192.168.151.82:34969], old=null at 1
2019-09-28 01:24:32,029 [grpc-default-executor-4] WARN  server.GrpcLogAppender (LogUtils.java:warn(134)) - 7b598199-e261-45fb-863c-a2bd9def5848@group-1DD11682BBC6->9acdd203-51d1-41ee-852c-319134721574-AppendLogResponseHandler: Failed appendEntries: org.apache.ratis.thirdparty.io.grpc.StatusRuntimeException: UNAVAILABLE: io exception
2019-09-28 01:24:32,029 [grpc-default-executor-4] INFO  impl.FollowerInfo (FollowerInfo.java:lambda$new$0(51)) - 7b598199-e261-45fb-863c-a2bd9def5848@group-1DD11682BBC6->9acdd203-51d1-41ee-852c-319134721574: nextIndex: updateUnconditionally 1 -> 0
2019-09-28 01:24:32,030 [grpc-default-executor-4] INFO  impl.RaftServerImpl (ServerState.java:setLeader(253)) - 32aad283-0bae-446a-b552-a3e6965a6bb8@group-1DD11682BBC6: change Leader from null to 7b598199-e261-45fb-863c-a2bd9def5848 at term 3 for appendEntries, leader elected after 28ms
2019-09-28 01:24:32,033 [grpc-default-executor-4] INFO  impl.RaftServerImpl (ServerState.java:setRaftConf(354)) - 32aad283-0bae-446a-b552-a3e6965a6bb8@group-1DD11682BBC6: set configuration 1: [32aad283-0bae-446a-b552-a3e6965a6bb8:192.168.151.82:38303, 9acdd203-51d1-41ee-852c-319134721574:192.168.151.82:45911, 7b598199-e261-45fb-863c-a2bd9def5848:192.168.151.82:34969], old=null at 1
2019-09-28 01:24:32,033 [grpc-default-executor-4] INFO  segmented.SegmentedRaftLogWorker (SegmentedRaftLogWorker.java:rollLogSegment(385)) - 32aad283-0bae-446a-b552-a3e6965a6bb8@group-1DD11682BBC6-SegmentedRaftLogWorker: Rolling segment log-0_0 to index:0
2019-09-28 01:24:32,034 [32aad283-0bae-446a-b552-a3e6965a6bb8@group-1DD11682BBC6-SegmentedRaftLogWorker] INFO  segmented.SegmentedRaftLogWorker (SegmentedRaftLogWorker.java:execute(526)) - 32aad283-0bae-446a-b552-a3e6965a6bb8@group-1DD11682BBC6-SegmentedRaftLogWorker: Rolled log segment from /workdir/hadoop-ozone/integration-test/target/test-dir/MiniOzoneClusterImpl-8eac2880-3418-4680-a8af-a58fbadabff3/datanode-1/data/ratis/a92c22ae-1181-4181-b1ef-1dd11682bbc6/current/log_inprogress_0 to /workdir/hadoop-ozone/integration-test/target/test-dir/MiniOzoneClusterImpl-8eac2880-3418-4680-a8af-a58fbadabff3/datanode-1/data/ratis/a92c22ae-1181-4181-b1ef-1dd11682bbc6/current/log_0-0
2019-09-28 01:24:32,085 [7b598199-e261-45fb-863c-a2bd9def5848@group-1DD11682BBC6-SegmentedRaftLogWorker] INFO  segmented.SegmentedRaftLogWorker (SegmentedRaftLogWorker.java:execute(569)) - 7b598199-e261-45fb-863c-a2bd9def5848@group-1DD11682BBC6-SegmentedRaftLogWorker: created new log segment /workdir/hadoop-ozone/integration-test/target/test-dir/MiniOzoneClusterImpl-8eac2880-3418-4680-a8af-a58fbadabff3/datanode-0/data/ratis/a92c22ae-1181-4181-b1ef-1dd11682bbc6/current/log_inprogress_1
2019-09-28 01:24:32,085 [32aad283-0bae-446a-b552-a3e6965a6bb8@group-1DD11682BBC6-SegmentedRaftLogWorker] INFO  segmented.SegmentedRaftLogWorker (SegmentedRaftLogWorker.java:execute(569)) - 32aad283-0bae-446a-b552-a3e6965a6bb8@group-1DD11682BBC6-SegmentedRaftLogWorker: created new log segment /workdir/hadoop-ozone/integration-test/target/test-dir/MiniOzoneClusterImpl-8eac2880-3418-4680-a8af-a58fbadabff3/datanode-1/data/ratis/a92c22ae-1181-4181-b1ef-1dd11682bbc6/current/log_inprogress_1
2019-09-28 01:24:32,100 [grpc-default-executor-6] WARN  server.GrpcLogAppender (LogUtils.java:warn(134)) - 7b598199-e261-45fb-863c-a2bd9def5848@group-1DD11682BBC6->9acdd203-51d1-41ee-852c-319134721574-AppendLogResponseHandler: Failed appendEntries: org.apache.ratis.thirdparty.io.grpc.StatusRuntimeException: UNAVAILABLE: io exception
2019-09-28 01:24:32,101 [grpc-default-executor-6] INFO  impl.FollowerInfo (FollowerInfo.java:lambda$new$0(51)) - 7b598199-e261-45fb-863c-a2bd9def5848@group-1DD11682BBC6->9acdd203-51d1-41ee-852c-319134721574: nextIndex: updateUnconditionally 1 -> 0
2019-09-28 01:24:32,114 [grpc-default-executor-1] WARN  server.GrpcLogAppender (LogUtils.java:warn(134)) - 7b598199-e261-45fb-863c-a2bd9def5848@group-1DD11682BBC6->9acdd203-51d1-41ee-852c-319134721574-AppendLogResponseHandler: Failed appendEntries: org.apache.ratis.thirdparty.io.grpc.StatusRuntimeException: UNAVAILABLE: io exception
2019-09-28 01:24:32,114 [grpc-default-executor-1] INFO  impl.FollowerInfo (FollowerInfo.java:lambda$new$0(51)) - 7b598199-e261-45fb-863c-a2bd9def5848@group-1DD11682BBC6->9acdd203-51d1-41ee-852c-319134721574: nextIndex: updateUnconditionally 1 -> 0
2019-09-28 01:24:32,529 [grpc-default-executor-4] WARN  server.GrpcLogAppender (LogUtils.java:warn(134)) - 2105b257-0142-410d-878a-3a42adc43937@group-41934B498518->599625e3-e1cb-4b64-bc73-5b316e5767eb-AppendLogResponseHandler: Failed appendEntries: org.apache.ratis.thirdparty.io.grpc.StatusRuntimeException: UNAVAILABLE: io exception
2019-09-28 01:24:32,529 [grpc-default-executor-4] INFO  impl.FollowerInfo (FollowerInfo.java:lambda$new$0(51)) - 2105b257-0142-410d-878a-3a42adc43937@group-41934B498518->599625e3-e1cb-4b64-bc73-5b316e5767eb: nextIndex: updateUnconditionally 0 -> 0
2019-09-28 01:24:32,617 [grpc-default-executor-6] WARN  server.GrpcLogAppender (LogUtils.java:warn(134)) - 7b598199-e261-45fb-863c-a2bd9def5848@group-1DD11682BBC6->9acdd203-51d1-41ee-852c-319134721574-AppendLogResponseHandler: Failed appendEntries: org.apache.ratis.thirdparty.io.grpc.StatusRuntimeException: UNAVAILABLE: io exception
2019-09-28 01:24:32,617 [grpc-default-executor-6] INFO  impl.FollowerInfo (FollowerInfo.java:lambda$new$0(51)) - 7b598199-e261-45fb-863c-a2bd9def5848@group-1DD11682BBC6->9acdd203-51d1-41ee-852c-319134721574: nextIndex: updateUnconditionally 0 -> 0
2019-09-28 01:24:33,027 [grpc-default-executor-1] WARN  server.GrpcLogAppender (LogUtils.java:warn(134)) - 2105b257-0142-410d-878a-3a42adc43937@group-41934B498518->599625e3-e1cb-4b64-bc73-5b316e5767eb-AppendLogResponseHandler: Failed appendEntries: org.apache.ratis.thirdparty.io.grpc.StatusRuntimeException: UNAVAILABLE: io exception
2019-09-28 01:24:33,027 [grpc-default-executor-1] INFO  impl.FollowerInfo (FollowerInfo.java:lambda$new$0(51)) - 2105b257-0142-410d-878a-3a42adc43937@group-41934B498518->599625e3-e1cb-4b64-bc73-5b316e5767eb: nextIndex: updateUnconditionally 0 -> 0
2019-09-28 01:24:33,115 [grpc-default-executor-6] WARN  server.GrpcLogAppender (LogUtils.java:warn(134)) - 7b598199-e261-45fb-863c-a2bd9def5848@group-1DD11682BBC6->9acdd203-51d1-41ee-852c-319134721574-AppendLogResponseHandler: Failed appendEntries: org.apache.ratis.thirdparty.io.grpc.StatusRuntimeException: UNAVAILABLE: io exception
2019-09-28 01:24:33,115 [grpc-default-executor-6] INFO  impl.FollowerInfo (FollowerInfo.java:lambda$new$0(51)) - 7b598199-e261-45fb-863c-a2bd9def5848@group-1DD11682BBC6->9acdd203-51d1-41ee-852c-319134721574: nextIndex: updateUnconditionally 0 -> 0
2019-09-28 01:24:33,528 [grpc-default-executor-6] WARN  server.GrpcLogAppender (LogUtils.java:warn(134)) - 2105b257-0142-410d-878a-3a42adc43937@group-41934B498518->599625e3-e1cb-4b64-bc73-5b316e5767eb-AppendLogResponseHandler: Failed appendEntries: org.apache.ratis.thirdparty.io.grpc.StatusRuntimeException: UNAVAILABLE: io exception
2019-09-28 01:24:33,528 [grpc-default-executor-6] INFO  impl.FollowerInfo (FollowerInfo.java:lambda$new$0(51)) - 2105b257-0142-410d-878a-3a42adc43937@group-41934B498518->599625e3-e1cb-4b64-bc73-5b316e5767eb: nextIndex: updateUnconditionally 0 -> 0
2019-09-28 01:24:33,615 [grpc-default-executor-4] WARN  server.GrpcLogAppender (LogUtils.java:warn(134)) - 7b598199-e261-45fb-863c-a2bd9def5848@group-1DD11682BBC6->9acdd203-51d1-41ee-852c-319134721574-AppendLogResponseHandler: Failed appendEntries: org.apache.ratis.thirdparty.io.grpc.StatusRuntimeException: UNAVAILABLE: io exception
2019-09-28 01:24:33,616 [grpc-default-executor-4] INFO  impl.FollowerInfo (FollowerInfo.java:lambda$new$0(51)) - 7b598199-e261-45fb-863c-a2bd9def5848@group-1DD11682BBC6->9acdd203-51d1-41ee-852c-319134721574: nextIndex: updateUnconditionally 0 -> 0
2019-09-28 01:24:34,028 [grpc-default-executor-4] WARN  server.GrpcLogAppender (LogUtils.java:warn(134)) - 2105b257-0142-410d-878a-3a42adc43937@group-41934B498518->599625e3-e1cb-4b64-bc73-5b316e5767eb-AppendLogResponseHandler: Failed appendEntries: org.apache.ratis.thirdparty.io.grpc.StatusRuntimeException: UNAVAILABLE: io exception
2019-09-28 01:24:34,029 [grpc-default-executor-4] INFO  impl.FollowerInfo (FollowerInfo.java:lambda$new$0(51)) - 2105b257-0142-410d-878a-3a42adc43937@group-41934B498518->599625e3-e1cb-4b64-bc73-5b316e5767eb: nextIndex: updateUnconditionally 0 -> 0
2019-09-28 01:24:34,111 [grpc-default-executor-4] INFO  impl.RaftServerProxy (RaftServerProxy.java:addNew(89)) - ad975564-5630-4282-b461-53b5e1a77035: addNew group-163E106F3630:[ad975564-5630-4282-b461-53b5e1a77035:192.168.151.82:45714] returns group-163E106F3630:java.util.concurrent.CompletableFuture@497f2b00[Not completed]
2019-09-28 01:24:34,112 [pool-587-thread-1] INFO  impl.RaftServerImpl (RaftServerImpl.java:<init>(95)) - ad975564-5630-4282-b461-53b5e1a77035: new RaftServerImpl for group-163E106F3630:[ad975564-5630-4282-b461-53b5e1a77035:192.168.151.82:45714] with ContainerStateMachine:uninitialized
2019-09-28 01:24:34,113 [pool-587-thread-1] INFO  server.RaftServerConfigKeys (ConfUtils.java:logGet(43)) - raft.server.rpc.timeout.min = 1s (custom)
2019-09-28 01:24:34,113 [pool-587-thread-1] INFO  server.RaftServerConfigKeys (ConfUtils.java:logGet(43)) - raft.server.rpc.timeout.max = 1200ms (custom)
2019-09-28 01:24:34,113 [pool-587-thread-1] INFO  server.RaftServerConfigKeys (ConfUtils.java:logGet(43)) - raft.server.rpcslowness.timeout = 120s (custom)
2019-09-28 01:24:34,113 [pool-587-thread-1] INFO  server.RaftServerConfigKeys (ConfUtils.java:logGet(43)) - raft.server.sleep.deviation.threshold = 300 (default)
2019-09-28 01:24:34,113 [pool-587-thread-1] INFO  server.RaftServerConfigKeys (ConfUtils.java:logGet(43)) - raft.server.log.appender.install.snapshot.enabled = false (custom)
2019-09-28 01:24:34,113 [pool-587-thread-1] INFO  impl.RaftServerImpl (ServerState.java:<init>(103)) - ad975564-5630-4282-b461-53b5e1a77035@group-163E106F3630: ConfigurationManager, init=-1: [ad975564-5630-4282-b461-53b5e1a77035:192.168.151.82:45714], old=null, confs=<EMPTY_MAP>
2019-09-28 01:24:34,114 [pool-587-thread-1] INFO  server.RaftServerConfigKeys (ConfUtils.java:logGet(43)) - raft.server.storage.dir = [/workdir/hadoop-ozone/integration-test/target/test-dir/MiniOzoneClusterImpl-8eac2880-3418-4680-a8af-a58fbadabff3/datanode-8/data/ratis] (custom)
2019-09-28 01:24:34,114 [pool-587-thread-1] INFO  storage.RaftStorageDirectory (RaftStorageDirectory.java:analyzeStorage(246)) - The storage directory /workdir/hadoop-ozone/integration-test/target/test-dir/MiniOzoneClusterImpl-8eac2880-3418-4680-a8af-a58fbadabff3/datanode-8/data/ratis/5af05230-67f1-4e7d-a78e-163e106f3630 does not exist. Creating ...
2019-09-28 01:24:34,116 [grpc-default-executor-4] WARN  server.GrpcLogAppender (LogUtils.java:warn(134)) - 7b598199-e261-45fb-863c-a2bd9def5848@group-1DD11682BBC6->9acdd203-51d1-41ee-852c-319134721574-AppendLogResponseHandler: Failed appendEntries: org.apache.ratis.thirdparty.io.grpc.StatusRuntimeException: UNAVAILABLE: io exception
2019-09-28 01:24:34,116 [grpc-default-executor-4] INFO  impl.FollowerInfo (FollowerInfo.java:lambda$new$0(51)) - 7b598199-e261-45fb-863c-a2bd9def5848@group-1DD11682BBC6->9acdd203-51d1-41ee-852c-319134721574: nextIndex: updateUnconditionally 0 -> 0
2019-09-28 01:24:34,127 [pool-587-thread-1] INFO  storage.RaftStorageDirectory (RaftStorageDirectory.java:tryLock(328)) - Lock on /workdir/hadoop-ozone/integration-test/target/test-dir/MiniOzoneClusterImpl-8eac2880-3418-4680-a8af-a58fbadabff3/datanode-8/data/ratis/5af05230-67f1-4e7d-a78e-163e106f3630/in_use.lock acquired by nodename 30873@pr-hdds-2162-8g7kw-3348123894
2019-09-28 01:24:34,140 [pool-587-thread-1] INFO  storage.RaftStorage (RaftStorage.java:format(72)) - Storage directory /workdir/hadoop-ozone/integration-test/target/test-dir/MiniOzoneClusterImpl-8eac2880-3418-4680-a8af-a58fbadabff3/datanode-8/data/ratis/5af05230-67f1-4e7d-a78e-163e106f3630 has been successfully formatted.
2019-09-28 01:24:34,140 [pool-587-thread-1] INFO  ratis.ContainerStateMachine (ContainerStateMachine.java:loadSnapshot(230)) - group-163E106F3630: The snapshot info is null. Setting the last applied indexto:(t:0, i:~)
2019-09-28 01:24:34,141 [pool-587-thread-1] INFO  server.RaftServerConfigKeys (ConfUtils.java:logGet(43)) - raft.server.notification.no-leader.timeout = 120s (custom)
2019-09-28 01:24:34,141 [pool-587-thread-1] INFO  server.RaftServerConfigKeys (ConfUtils.java:logGet(43)) - raft.server.log.use.memory = false (default)
2019-09-28 01:24:34,141 [pool-587-thread-1] INFO  server.RaftServerConfigKeys (ConfUtils.java:logGet(43)) - raft.server.log.purge.gap = 1000000 (custom)
2019-09-28 01:24:34,141 [pool-587-thread-1] INFO  server.RaftServerConfigKeys (ConfUtils.java:logGet(43)) - raft.server.log.appender.buffer.byte-limit = 33554432 (custom)
2019-09-28 01:24:34,141 [pool-587-thread-1] INFO  server.RaftServerConfigKeys (ConfUtils.java:logGet(43)) - raft.server.log.segment.size.max = 1048576 (custom)
2019-09-28 01:24:34,142 [pool-587-thread-1] INFO  server.RaftServerConfigKeys (ConfUtils.java:logGet(43)) - raft.server.log.segment.cache.num.max = 2 (custom)
2019-09-28 01:24:34,142 [pool-587-thread-1] INFO  segmented.SegmentedRaftLogWorker (SegmentedRaftLogWorker.java:<init>(172)) - new ad975564-5630-4282-b461-53b5e1a77035@group-163E106F3630-SegmentedRaftLogWorker for RaftStorage:Storage Directory /workdir/hadoop-ozone/integration-test/target/test-dir/MiniOzoneClusterImpl-8eac2880-3418-4680-a8af-a58fbadabff3/datanode-8/data/ratis/5af05230-67f1-4e7d-a78e-163e106f3630
2019-09-28 01:24:34,142 [pool-587-thread-1] INFO  server.RaftServerConfigKeys (ConfUtils.java:logGet(43)) - raft.server.log.queue.byte-limit = 2147483647 (custom)
2019-09-28 01:24:34,142 [pool-587-thread-1] INFO  server.RaftServerConfigKeys (ConfUtils.java:logGet(43)) - raft.server.log.queue.element-limit = 1024 (custom)
2019-09-28 01:24:34,142 [pool-587-thread-1] INFO  server.RaftServerConfigKeys (ConfUtils.java:logGet(43)) - raft.server.log.segment.size.max = 1048576 (custom)
2019-09-28 01:24:34,142 [pool-587-thread-1] INFO  server.RaftServerConfigKeys (ConfUtils.java:logGet(43)) - raft.server.log.preallocated.size = 16384 (custom)
2019-09-28 01:24:34,143 [pool-587-thread-1] INFO  server.RaftServerConfigKeys (ConfUtils.java:logGet(43)) - raft.server.log.write.buffer.size = 33554432 (custom)
2019-09-28 01:24:34,143 [pool-587-thread-1] INFO  server.RaftServerConfigKeys (ConfUtils.java:logGet(43)) - raft.server.log.force.sync.num = 128 (default)
2019-09-28 01:24:34,143 [pool-587-thread-1] INFO  server.RaftServerConfigKeys (ConfUtils.java:logGet(43)) - raft.server.log.statemachine.data.sync = true (default)
2019-09-28 01:24:34,143 [pool-587-thread-1] INFO  server.RaftServerConfigKeys (ConfUtils.java:logGet(43)) - raft.server.log.statemachine.data.sync.timeout = 10s (default)
2019-09-28 01:24:34,143 [pool-587-thread-1] INFO  server.RaftServerConfigKeys (ConfUtils.java:logGet(43)) - raft.server.log.statemachine.data.sync.timeout.retry = -1 (default)
2019-09-28 01:24:34,144 [pool-587-thread-1] INFO  server.RaftServerConfigKeys (ConfUtils.java:logGet(43)) - raft.server.log.statemachine.data.caching.enabled = true (custom)
2019-09-28 01:24:34,144 [pool-587-thread-1] INFO  segmented.SegmentedRaftLogWorker (SegmentedRaftLogWorker.java:lambda$new$0(132)) - ad975564-5630-4282-b461-53b5e1a77035@group-163E106F3630-SegmentedRaftLogWorker: flushIndex: setUnconditionally 0 -> -1
2019-09-28 01:24:34,144 [pool-587-thread-1] INFO  server.RaftServerConfigKeys (ConfUtils.java:logGet(43)) - raft.server.snapshot.auto.trigger.enabled = true (custom)
2019-09-28 01:24:34,145 [pool-587-thread-1] INFO  server.RaftServerConfigKeys (ConfUtils.java:logGet(43)) - raft.server.snapshot.auto.trigger.threshold = 10000 (custom)
2019-09-28 01:24:34,145 [pool-587-thread-1] INFO  server.RaftServerConfigKeys (ConfUtils.java:logGet(43)) - raft.server.snapshot.retention.num.files = 5 (custom)
2019-09-28 01:24:34,145 [pool-587-thread-1] INFO  server.RaftServerConfigKeys (ConfUtils.java:logGet(43)) - raft.server.retrycache.expirytime = 600000ms (custom)
2019-09-28 01:24:34,147 [pool-587-thread-1] INFO  impl.RaftServerImpl (RaftServerImpl.java:start(185)) - ad975564-5630-4282-b461-53b5e1a77035@group-163E106F3630: start as a follower, conf=-1: [ad975564-5630-4282-b461-53b5e1a77035:192.168.151.82:45714], old=null
2019-09-28 01:24:34,147 [pool-587-thread-1] INFO  impl.RaftServerImpl (RaftServerImpl.java:setRole(174)) - ad975564-5630-4282-b461-53b5e1a77035@group-163E106F3630: changes role from      null to FOLLOWER at term 0 for startAsFollower
2019-09-28 01:24:34,147 [pool-587-thread-1] INFO  impl.RoleInfo (RoleInfo.java:updateAndGet(143)) - ad975564-5630-4282-b461-53b5e1a77035: start FollowerState
2019-09-28 01:24:34,148 [pool-587-thread-1] INFO  util.JmxRegister (JmxRegister.java:tryRegister(44)) - Successfully registered JMX Bean with object name Ratis:service=RaftServer,group=group-163E106F3630,id=ad975564-5630-4282-b461-53b5e1a77035
2019-09-28 01:24:34,151 [RatisPipelineUtilsThread] INFO  pipeline.PipelineStateManager (PipelineStateManager.java:addPipeline(56)) - Created pipeline Pipeline[ Id: 5af05230-67f1-4e7d-a78e-163e106f3630, Nodes: ad975564-5630-4282-b461-53b5e1a77035{ip: 192.168.151.82, host: pr-hdds-2162-8g7kw-3348123894, networkLocation: /rack1, certSerialId: null}, Type:RATIS, Factor:ONE, State:OPEN]
2019-09-28 01:24:34,160 [grpc-default-executor-4] INFO  impl.RaftServerProxy (RaftServerProxy.java:addNew(89)) - 1f35d54e-5d91-478d-890d-48fd5483e65c: addNew group-E3A08C94E302:[1f35d54e-5d91-478d-890d-48fd5483e65c:192.168.151.82:37574] returns group-E3A08C94E302:java.util.concurrent.CompletableFuture@63ecfa1d[Not completed]
2019-09-28 01:24:34,162 [pool-597-thread-1] INFO  impl.RaftServerImpl (RaftServerImpl.java:<init>(95)) - 1f35d54e-5d91-478d-890d-48fd5483e65c: new RaftServerImpl for group-E3A08C94E302:[1f35d54e-5d91-478d-890d-48fd5483e65c:192.168.151.82:37574] with ContainerStateMachine:uninitialized
2019-09-28 01:24:34,162 [pool-597-thread-1] INFO  server.RaftServerConfigKeys (ConfUtils.java:logGet(43)) - raft.server.rpc.timeout.min = 1s (custom)
2019-09-28 01:24:34,162 [pool-597-thread-1] INFO  server.RaftServerConfigKeys (ConfUtils.java:logGet(43)) - raft.server.rpc.timeout.max = 1200ms (custom)
2019-09-28 01:24:34,163 [pool-597-thread-1] INFO  server.RaftServerConfigKeys (ConfUtils.java:logGet(43)) - raft.server.rpcslowness.timeout = 120s (custom)
2019-09-28 01:24:34,163 [pool-597-thread-1] INFO  server.RaftServerConfigKeys (ConfUtils.java:logGet(43)) - raft.server.sleep.deviation.threshold = 300 (default)
2019-09-28 01:24:34,163 [pool-597-thread-1] INFO  server.RaftServerConfigKeys (ConfUtils.java:logGet(43)) - raft.server.log.appender.install.snapshot.enabled = false (custom)
2019-09-28 01:24:34,163 [pool-597-thread-1] INFO  impl.RaftServerImpl (ServerState.java:<init>(103)) - 1f35d54e-5d91-478d-890d-48fd5483e65c@group-E3A08C94E302: ConfigurationManager, init=-1: [1f35d54e-5d91-478d-890d-48fd5483e65c:192.168.151.82:37574], old=null, confs=<EMPTY_MAP>
2019-09-28 01:24:34,163 [pool-597-thread-1] INFO  server.RaftServerConfigKeys (ConfUtils.java:logGet(43)) - raft.server.storage.dir = [/workdir/hadoop-ozone/integration-test/target/test-dir/MiniOzoneClusterImpl-8eac2880-3418-4680-a8af-a58fbadabff3/datanode-9/data/ratis] (custom)
2019-09-28 01:24:34,164 [pool-597-thread-1] INFO  storage.RaftStorageDirectory (RaftStorageDirectory.java:analyzeStorage(246)) - The storage directory /workdir/hadoop-ozone/integration-test/target/test-dir/MiniOzoneClusterImpl-8eac2880-3418-4680-a8af-a58fbadabff3/datanode-9/data/ratis/c28fd525-61f4-4fa4-9a3d-e3a08c94e302 does not exist. Creating ...
2019-09-28 01:24:34,176 [pool-597-thread-1] INFO  storage.RaftStorageDirectory (RaftStorageDirectory.java:tryLock(328)) - Lock on /workdir/hadoop-ozone/integration-test/target/test-dir/MiniOzoneClusterImpl-8eac2880-3418-4680-a8af-a58fbadabff3/datanode-9/data/ratis/c28fd525-61f4-4fa4-9a3d-e3a08c94e302/in_use.lock acquired by nodename 30873@pr-hdds-2162-8g7kw-3348123894
2019-09-28 01:24:34,206 [pool-597-thread-1] INFO  storage.RaftStorage (RaftStorage.java:format(72)) - Storage directory /workdir/hadoop-ozone/integration-test/target/test-dir/MiniOzoneClusterImpl-8eac2880-3418-4680-a8af-a58fbadabff3/datanode-9/data/ratis/c28fd525-61f4-4fa4-9a3d-e3a08c94e302 has been successfully formatted.
2019-09-28 01:24:34,206 [pool-597-thread-1] INFO  ratis.ContainerStateMachine (ContainerStateMachine.java:loadSnapshot(230)) - group-E3A08C94E302: The snapshot info is null. Setting the last applied indexto:(t:0, i:~)
2019-09-28 01:24:34,206 [pool-597-thread-1] INFO  server.RaftServerConfigKeys (ConfUtils.java:logGet(43)) - raft.server.notification.no-leader.timeout = 120s (custom)
2019-09-28 01:24:34,207 [pool-597-thread-1] INFO  server.RaftServerConfigKeys (ConfUtils.java:logGet(43)) - raft.server.log.use.memory = false (default)
2019-09-28 01:24:34,207 [pool-597-thread-1] INFO  server.RaftServerConfigKeys (ConfUtils.java:logGet(43)) - raft.server.log.purge.gap = 1000000 (custom)
2019-09-28 01:24:34,207 [pool-597-thread-1] INFO  server.RaftServerConfigKeys (ConfUtils.java:logGet(43)) - raft.server.log.appender.buffer.byte-limit = 33554432 (custom)
2019-09-28 01:24:34,207 [pool-597-thread-1] INFO  server.RaftServerConfigKeys (ConfUtils.java:logGet(43)) - raft.server.log.segment.size.max = 1048576 (custom)
2019-09-28 01:24:34,207 [pool-597-thread-1] INFO  server.RaftServerConfigKeys (ConfUtils.java:logGet(43)) - raft.server.log.segment.cache.num.max = 2 (custom)
2019-09-28 01:24:34,208 [pool-597-thread-1] INFO  segmented.SegmentedRaftLogWorker (SegmentedRaftLogWorker.java:<init>(172)) - new 1f35d54e-5d91-478d-890d-48fd5483e65c@group-E3A08C94E302-SegmentedRaftLogWorker for RaftStorage:Storage Directory /workdir/hadoop-ozone/integration-test/target/test-dir/MiniOzoneClusterImpl-8eac2880-3418-4680-a8af-a58fbadabff3/datanode-9/data/ratis/c28fd525-61f4-4fa4-9a3d-e3a08c94e302
2019-09-28 01:24:34,208 [pool-597-thread-1] INFO  server.RaftServerConfigKeys (ConfUtils.java:logGet(43)) - raft.server.log.queue.byte-limit = 2147483647 (custom)
2019-09-28 01:24:34,208 [pool-597-thread-1] INFO  server.RaftServerConfigKeys (ConfUtils.java:logGet(43)) - raft.server.log.queue.element-limit = 1024 (custom)
2019-09-28 01:24:34,208 [pool-597-thread-1] INFO  server.RaftServerConfigKeys (ConfUtils.java:logGet(43)) - raft.server.log.segment.size.max = 1048576 (custom)
2019-09-28 01:24:34,208 [pool-597-thread-1] INFO  server.RaftServerConfigKeys (ConfUtils.java:logGet(43)) - raft.server.log.preallocated.size = 16384 (custom)
2019-09-28 01:24:34,209 [pool-597-thread-1] INFO  server.RaftServerConfigKeys (ConfUtils.java:logGet(43)) - raft.server.log.write.buffer.size = 33554432 (custom)
2019-09-28 01:24:34,209 [pool-597-thread-1] INFO  server.RaftServerConfigKeys (ConfUtils.java:logGet(43)) - raft.server.log.force.sync.num = 128 (default)
2019-09-28 01:24:34,209 [pool-597-thread-1] INFO  server.RaftServerConfigKeys (ConfUtils.java:logGet(43)) - raft.server.log.statemachine.data.sync = true (default)
2019-09-28 01:24:34,209 [pool-597-thread-1] INFO  server.RaftServerConfigKeys (ConfUtils.java:logGet(43)) - raft.server.log.statemachine.data.sync.timeout = 10s (default)
2019-09-28 01:24:34,209 [pool-597-thread-1] INFO  server.RaftServerConfigKeys (ConfUtils.java:logGet(43)) - raft.server.log.statemachine.data.sync.timeout.retry = -1 (default)
2019-09-28 01:24:34,209 [pool-597-thread-1] INFO  server.RaftServerConfigKeys (ConfUtils.java:logGet(43)) - raft.server.log.statemachine.data.caching.enabled = true (custom)
2019-09-28 01:24:34,210 [pool-597-thread-1] INFO  segmented.SegmentedRaftLogWorker (SegmentedRaftLogWorker.java:lambda$new$0(132)) - 1f35d54e-5d91-478d-890d-48fd5483e65c@group-E3A08C94E302-SegmentedRaftLogWorker: flushIndex: setUnconditionally 0 -> -1
2019-09-28 01:24:34,210 [pool-597-thread-1] INFO  server.RaftServerConfigKeys (ConfUtils.java:logGet(43)) - raft.server.snapshot.auto.trigger.enabled = true (custom)
2019-09-28 01:24:34,210 [pool-597-thread-1] INFO  server.RaftServerConfigKeys (ConfUtils.java:logGet(43)) - raft.server.snapshot.auto.trigger.threshold = 10000 (custom)
2019-09-28 01:24:34,211 [pool-597-thread-1] INFO  server.RaftServerConfigKeys (ConfUtils.java:logGet(43)) - raft.server.snapshot.retention.num.files = 5 (custom)
2019-09-28 01:24:34,211 [pool-597-thread-1] INFO  server.RaftServerConfigKeys (ConfUtils.java:logGet(43)) - raft.server.retrycache.expirytime = 600000ms (custom)
2019-09-28 01:24:34,213 [pool-597-thread-1] INFO  impl.RaftServerImpl (RaftServerImpl.java:start(185)) - 1f35d54e-5d91-478d-890d-48fd5483e65c@group-E3A08C94E302: start as a follower, conf=-1: [1f35d54e-5d91-478d-890d-48fd5483e65c:192.168.151.82:37574], old=null
2019-09-28 01:24:34,213 [pool-597-thread-1] INFO  impl.RaftServerImpl (RaftServerImpl.java:setRole(174)) - 1f35d54e-5d91-478d-890d-48fd5483e65c@group-E3A08C94E302: changes role from      null to FOLLOWER at term 0 for startAsFollower
2019-09-28 01:24:34,214 [pool-597-thread-1] INFO  impl.RoleInfo (RoleInfo.java:updateAndGet(143)) - 1f35d54e-5d91-478d-890d-48fd5483e65c: start FollowerState
2019-09-28 01:24:34,231 [pool-597-thread-1] INFO  util.JmxRegister (JmxRegister.java:tryRegister(44)) - Successfully registered JMX Bean with object name Ratis:service=RaftServer,group=group-E3A08C94E302,id=1f35d54e-5d91-478d-890d-48fd5483e65c
2019-09-28 01:24:34,248 [RatisPipelineUtilsThread] INFO  pipeline.PipelineStateManager (PipelineStateManager.java:addPipeline(56)) - Created pipeline Pipeline[ Id: c28fd525-61f4-4fa4-9a3d-e3a08c94e302, Nodes: 1f35d54e-5d91-478d-890d-48fd5483e65c{ip: 192.168.151.82, host: pr-hdds-2162-8g7kw-3348123894, networkLocation: /rack1, certSerialId: null}, Type:RATIS, Factor:ONE, State:OPEN]
2019-09-28 01:24:34,530 [grpc-default-executor-1] WARN  server.GrpcLogAppender (LogUtils.java:warn(134)) - 2105b257-0142-410d-878a-3a42adc43937@group-41934B498518->599625e3-e1cb-4b64-bc73-5b316e5767eb-AppendLogResponseHandler: Failed appendEntries: org.apache.ratis.thirdparty.io.grpc.StatusRuntimeException: UNAVAILABLE: io exception
2019-09-28 01:24:34,536 [grpc-default-executor-1] INFO  impl.FollowerInfo (FollowerInfo.java:lambda$new$0(51)) - 2105b257-0142-410d-878a-3a42adc43937@group-41934B498518->599625e3-e1cb-4b64-bc73-5b316e5767eb: nextIndex: updateUnconditionally 0 -> 0
2019-09-28 01:24:34,617 [grpc-default-executor-6] WARN  server.GrpcLogAppender (LogUtils.java:warn(134)) - 7b598199-e261-45fb-863c-a2bd9def5848@group-1DD11682BBC6->9acdd203-51d1-41ee-852c-319134721574-AppendLogResponseHandler: Failed appendEntries: org.apache.ratis.thirdparty.io.grpc.StatusRuntimeException: UNAVAILABLE: io exception
2019-09-28 01:24:34,617 [grpc-default-executor-6] INFO  impl.FollowerInfo (FollowerInfo.java:lambda$new$0(51)) - 7b598199-e261-45fb-863c-a2bd9def5848@group-1DD11682BBC6->9acdd203-51d1-41ee-852c-319134721574: nextIndex: updateUnconditionally 0 -> 0
2019-09-28 01:24:35,042 [grpc-default-executor-1] WARN  server.GrpcLogAppender (LogUtils.java:warn(134)) - 2105b257-0142-410d-878a-3a42adc43937@group-41934B498518->599625e3-e1cb-4b64-bc73-5b316e5767eb-AppendLogResponseHandler: Failed appendEntries: org.apache.ratis.thirdparty.io.grpc.StatusRuntimeException: UNAVAILABLE: io exception
2019-09-28 01:24:35,043 [grpc-default-executor-1] INFO  impl.FollowerInfo (FollowerInfo.java:lambda$new$0(51)) - 2105b257-0142-410d-878a-3a42adc43937@group-41934B498518->599625e3-e1cb-4b64-bc73-5b316e5767eb: nextIndex: updateUnconditionally 0 -> 0
2019-09-28 01:24:35,117 [grpc-default-executor-4] WARN  server.GrpcLogAppender (LogUtils.java:warn(134)) - 7b598199-e261-45fb-863c-a2bd9def5848@group-1DD11682BBC6->9acdd203-51d1-41ee-852c-319134721574-AppendLogResponseHandler: Failed appendEntries: org.apache.ratis.thirdparty.io.grpc.StatusRuntimeException: UNAVAILABLE: io exception
2019-09-28 01:24:35,118 [grpc-default-executor-4] INFO  impl.FollowerInfo (FollowerInfo.java:lambda$new$0(51)) - 7b598199-e261-45fb-863c-a2bd9def5848@group-1DD11682BBC6->9acdd203-51d1-41ee-852c-319134721574: nextIndex: updateUnconditionally 0 -> 0
2019-09-28 01:24:35,219 [Thread-9633] INFO  impl.FollowerState (FollowerState.java:run(106)) - 1f35d54e-5d91-478d-890d-48fd5483e65c:group-E3A08C94E302 changes to CANDIDATE, lastRpcTime:1005, electionTimeout:1005ms
2019-09-28 01:24:35,220 [Thread-9633] INFO  impl.RoleInfo (RoleInfo.java:shutdownFollowerState(121)) - 1f35d54e-5d91-478d-890d-48fd5483e65c: shutdown FollowerState
2019-09-28 01:24:35,220 [Thread-9633] INFO  impl.RaftServerImpl (RaftServerImpl.java:setRole(174)) - 1f35d54e-5d91-478d-890d-48fd5483e65c@group-E3A08C94E302: changes role from  FOLLOWER to CANDIDATE at term 0 for changeToCandidate
2019-09-28 01:24:35,220 [Thread-9633] INFO  impl.RoleInfo (RoleInfo.java:updateAndGet(143)) - 1f35d54e-5d91-478d-890d-48fd5483e65c: start LeaderElection
2019-09-28 01:24:35,229 [Thread-9630] INFO  impl.FollowerState (FollowerState.java:run(106)) - ad975564-5630-4282-b461-53b5e1a77035:group-163E106F3630 changes to CANDIDATE, lastRpcTime:1081, electionTimeout:1081ms
2019-09-28 01:24:35,229 [Thread-9630] INFO  impl.RoleInfo (RoleInfo.java:shutdownFollowerState(121)) - ad975564-5630-4282-b461-53b5e1a77035: shutdown FollowerState
2019-09-28 01:24:35,230 [Thread-9630] INFO  impl.RaftServerImpl (RaftServerImpl.java:setRole(174)) - ad975564-5630-4282-b461-53b5e1a77035@group-163E106F3630: changes role from  FOLLOWER to CANDIDATE at term 0 for changeToCandidate
2019-09-28 01:24:35,230 [Thread-9630] INFO  impl.RoleInfo (RoleInfo.java:updateAndGet(143)) - ad975564-5630-4282-b461-53b5e1a77035: start LeaderElection
2019-09-28 01:24:35,259 [1f35d54e-5d91-478d-890d-48fd5483e65c@group-E3A08C94E302:LeaderElection158] INFO  impl.LeaderElection (LeaderElection.java:askForVotes(182)) - 1f35d54e-5d91-478d-890d-48fd5483e65c@group-E3A08C94E302:LeaderElection158: begin an election at term 1 for -1: [1f35d54e-5d91-478d-890d-48fd5483e65c:192.168.151.82:37574], old=null
2019-09-28 01:24:35,259 [1f35d54e-5d91-478d-890d-48fd5483e65c@group-E3A08C94E302:LeaderElection158] INFO  impl.RoleInfo (RoleInfo.java:shutdownLeaderElection(134)) - 1f35d54e-5d91-478d-890d-48fd5483e65c: shutdown LeaderElection
2019-09-28 01:24:35,259 [1f35d54e-5d91-478d-890d-48fd5483e65c@group-E3A08C94E302:LeaderElection158] INFO  impl.RaftServerImpl (RaftServerImpl.java:setRole(174)) - 1f35d54e-5d91-478d-890d-48fd5483e65c@group-E3A08C94E302: changes role from CANDIDATE to LEADER at term 1 for changeToLeader
2019-09-28 01:24:35,260 [1f35d54e-5d91-478d-890d-48fd5483e65c@group-E3A08C94E302:LeaderElection158] INFO  impl.RaftServerImpl (ServerState.java:setLeader(253)) - 1f35d54e-5d91-478d-890d-48fd5483e65c@group-E3A08C94E302: change Leader from null to 1f35d54e-5d91-478d-890d-48fd5483e65c at term 1 for becomeLeader, leader elected after 1052ms
2019-09-28 01:24:35,260 [1f35d54e-5d91-478d-890d-48fd5483e65c@group-E3A08C94E302:LeaderElection158] INFO  server.RaftServerConfigKeys (ConfUtils.java:logGet(43)) - raft.server.staging.catchup.gap = 1000 (default)
2019-09-28 01:24:35,260 [1f35d54e-5d91-478d-890d-48fd5483e65c@group-E3A08C94E302:LeaderElection158] INFO  server.RaftServerConfigKeys (ConfUtils.java:logGet(43)) - raft.server.rpc.sleep.time = 25ms (default)
2019-09-28 01:24:35,260 [1f35d54e-5d91-478d-890d-48fd5483e65c@group-E3A08C94E302:LeaderElection158] INFO  server.RaftServerConfigKeys (ConfUtils.java:logGet(43)) - raft.server.write.element-limit = 4096 (default)
2019-09-28 01:24:35,260 [1f35d54e-5d91-478d-890d-48fd5483e65c@group-E3A08C94E302:LeaderElection158] INFO  server.RaftServerConfigKeys (ConfUtils.java:logGet(43)) - raft.server.watch.timeout = 10s (default)
2019-09-28 01:24:35,260 [1f35d54e-5d91-478d-890d-48fd5483e65c@group-E3A08C94E302:LeaderElection158] INFO  server.RaftServerConfigKeys (ConfUtils.java:logGet(43)) - raft.server.watch.timeout.denomination = 1s (default)
2019-09-28 01:24:35,261 [1f35d54e-5d91-478d-890d-48fd5483e65c@group-E3A08C94E302:LeaderElection158] INFO  server.RaftServerConfigKeys (ConfUtils.java:logGet(43)) - raft.server.watch.element-limit = 65536 (default)
2019-09-28 01:24:35,263 [1f35d54e-5d91-478d-890d-48fd5483e65c@group-E3A08C94E302:LeaderElection158] INFO  impl.RoleInfo (RoleInfo.java:updateAndGet(143)) - 1f35d54e-5d91-478d-890d-48fd5483e65c: start LeaderState
2019-09-28 01:24:35,264 [1f35d54e-5d91-478d-890d-48fd5483e65c@group-E3A08C94E302:LeaderElection158] INFO  segmented.SegmentedRaftLogWorker (SegmentedRaftLogWorker.java:startLogSegment(380)) - 1f35d54e-5d91-478d-890d-48fd5483e65c@group-E3A08C94E302-SegmentedRaftLogWorker: Starting segment from index:0
2019-09-28 01:24:35,264 [1f35d54e-5d91-478d-890d-48fd5483e65c@group-E3A08C94E302:LeaderElection158] INFO  impl.RaftServerImpl (ServerState.java:setRaftConf(354)) - 1f35d54e-5d91-478d-890d-48fd5483e65c@group-E3A08C94E302: set configuration 0: [1f35d54e-5d91-478d-890d-48fd5483e65c:192.168.151.82:37574], old=null at 0
2019-09-28 01:24:35,279 [ad975564-5630-4282-b461-53b5e1a77035@group-163E106F3630:LeaderElection159] INFO  impl.LeaderElection (LeaderElection.java:askForVotes(182)) - ad975564-5630-4282-b461-53b5e1a77035@group-163E106F3630:LeaderElection159: begin an election at term 1 for -1: [ad975564-5630-4282-b461-53b5e1a77035:192.168.151.82:45714], old=null
2019-09-28 01:24:35,279 [ad975564-5630-4282-b461-53b5e1a77035@group-163E106F3630:LeaderElection159] INFO  impl.RoleInfo (RoleInfo.java:shutdownLeaderElection(134)) - ad975564-5630-4282-b461-53b5e1a77035: shutdown LeaderElection
2019-09-28 01:24:35,279 [ad975564-5630-4282-b461-53b5e1a77035@group-163E106F3630:LeaderElection159] INFO  impl.RaftServerImpl (RaftServerImpl.java:setRole(174)) - ad975564-5630-4282-b461-53b5e1a77035@group-163E106F3630: changes role from CANDIDATE to LEADER at term 1 for changeToLeader
2019-09-28 01:24:35,279 [ad975564-5630-4282-b461-53b5e1a77035@group-163E106F3630:LeaderElection159] INFO  impl.RaftServerImpl (ServerState.java:setLeader(253)) - ad975564-5630-4282-b461-53b5e1a77035@group-163E106F3630: change Leader from null to ad975564-5630-4282-b461-53b5e1a77035 at term 1 for becomeLeader, leader elected after 1138ms
2019-09-28 01:24:35,280 [ad975564-5630-4282-b461-53b5e1a77035@group-163E106F3630:LeaderElection159] INFO  server.RaftServerConfigKeys (ConfUtils.java:logGet(43)) - raft.server.staging.catchup.gap = 1000 (default)
2019-09-28 01:24:35,280 [ad975564-5630-4282-b461-53b5e1a77035@group-163E106F3630:LeaderElection159] INFO  server.RaftServerConfigKeys (ConfUtils.java:logGet(43)) - raft.server.rpc.sleep.time = 25ms (default)
2019-09-28 01:24:35,280 [ad975564-5630-4282-b461-53b5e1a77035@group-163E106F3630:LeaderElection159] INFO  server.RaftServerConfigKeys (ConfUtils.java:logGet(43)) - raft.server.write.element-limit = 4096 (default)
2019-09-28 01:24:35,280 [ad975564-5630-4282-b461-53b5e1a77035@group-163E106F3630:LeaderElection159] INFO  server.RaftServerConfigKeys (ConfUtils.java:logGet(43)) - raft.server.watch.timeout = 10s (default)
2019-09-28 01:24:35,280 [ad975564-5630-4282-b461-53b5e1a77035@group-163E106F3630:LeaderElection159] INFO  server.RaftServerConfigKeys (ConfUtils.java:logGet(43)) - raft.server.watch.timeout.denomination = 1s (default)
2019-09-28 01:24:35,280 [ad975564-5630-4282-b461-53b5e1a77035@group-163E106F3630:LeaderElection159] INFO  server.RaftServerConfigKeys (ConfUtils.java:logGet(43)) - raft.server.watch.element-limit = 65536 (default)
2019-09-28 01:24:35,282 [ad975564-5630-4282-b461-53b5e1a77035@group-163E106F3630:LeaderElection159] INFO  impl.RoleInfo (RoleInfo.java:updateAndGet(143)) - ad975564-5630-4282-b461-53b5e1a77035: start LeaderState
2019-09-28 01:24:35,283 [ad975564-5630-4282-b461-53b5e1a77035@group-163E106F3630:LeaderElection159] INFO  segmented.SegmentedRaftLogWorker (SegmentedRaftLogWorker.java:startLogSegment(380)) - ad975564-5630-4282-b461-53b5e1a77035@group-163E106F3630-SegmentedRaftLogWorker: Starting segment from index:0
2019-09-28 01:24:35,283 [ad975564-5630-4282-b461-53b5e1a77035@group-163E106F3630:LeaderElection159] INFO  impl.RaftServerImpl (ServerState.java:setRaftConf(354)) - ad975564-5630-4282-b461-53b5e1a77035@group-163E106F3630: set configuration 0: [ad975564-5630-4282-b461-53b5e1a77035:192.168.151.82:45714], old=null at 0
2019-09-28 01:24:35,343 [1f35d54e-5d91-478d-890d-48fd5483e65c@group-E3A08C94E302-SegmentedRaftLogWorker] INFO  segmented.SegmentedRaftLogWorker (SegmentedRaftLogWorker.java:execute(569)) - 1f35d54e-5d91-478d-890d-48fd5483e65c@group-E3A08C94E302-SegmentedRaftLogWorker: created new log segment /workdir/hadoop-ozone/integration-test/target/test-dir/MiniOzoneClusterImpl-8eac2880-3418-4680-a8af-a58fbadabff3/datanode-9/data/ratis/c28fd525-61f4-4fa4-9a3d-e3a08c94e302/current/log_inprogress_0
2019-09-28 01:24:35,343 [ad975564-5630-4282-b461-53b5e1a77035@group-163E106F3630-SegmentedRaftLogWorker] INFO  segmented.SegmentedRaftLogWorker (SegmentedRaftLogWorker.java:execute(569)) - ad975564-5630-4282-b461-53b5e1a77035@group-163E106F3630-SegmentedRaftLogWorker: created new log segment /workdir/hadoop-ozone/integration-test/target/test-dir/MiniOzoneClusterImpl-8eac2880-3418-4680-a8af-a58fbadabff3/datanode-8/data/ratis/5af05230-67f1-4e7d-a78e-163e106f3630/current/log_inprogress_0
2019-09-28 01:24:35,530 [grpc-default-executor-4] WARN  server.GrpcLogAppender (LogUtils.java:warn(134)) - 2105b257-0142-410d-878a-3a42adc43937@group-41934B498518->599625e3-e1cb-4b64-bc73-5b316e5767eb-AppendLogResponseHandler: Failed appendEntries: org.apache.ratis.thirdparty.io.grpc.StatusRuntimeException: UNAVAILABLE: io exception
2019-09-28 01:24:35,531 [grpc-default-executor-4] INFO  impl.FollowerInfo (FollowerInfo.java:lambda$new$0(51)) - 2105b257-0142-410d-878a-3a42adc43937@group-41934B498518->599625e3-e1cb-4b64-bc73-5b316e5767eb: nextIndex: updateUnconditionally 0 -> 0
2019-09-28 01:24:35,618 [grpc-default-executor-1] WARN  server.GrpcLogAppender (LogUtils.java:warn(134)) - 7b598199-e261-45fb-863c-a2bd9def5848@group-1DD11682BBC6->9acdd203-51d1-41ee-852c-319134721574-AppendLogResponseHandler: Failed appendEntries: org.apache.ratis.thirdparty.io.grpc.StatusRuntimeException: UNAVAILABLE: io exception
2019-09-28 01:24:35,618 [grpc-default-executor-1] INFO  impl.FollowerInfo (FollowerInfo.java:lambda$new$0(51)) - 7b598199-e261-45fb-863c-a2bd9def5848@group-1DD11682BBC6->9acdd203-51d1-41ee-852c-319134721574: nextIndex: updateUnconditionally 0 -> 0
2019-09-28 01:24:36,031 [grpc-default-executor-1] WARN  server.GrpcLogAppender (LogUtils.java:warn(134)) - 2105b257-0142-410d-878a-3a42adc43937@group-41934B498518->599625e3-e1cb-4b64-bc73-5b316e5767eb-AppendLogResponseHandler: Failed appendEntries: org.apache.ratis.thirdparty.io.grpc.StatusRuntimeException: UNAVAILABLE: io exception
2019-09-28 01:24:36,031 [ForkJoinPool.commonPool-worker-0] INFO  ozoneimpl.OzoneContainer (OzoneContainer.java:stop(231)) - Attempting to stop container services.
2019-09-28 01:24:36,031 [grpc-default-executor-1] INFO  impl.FollowerInfo (FollowerInfo.java:lambda$new$0(51)) - 2105b257-0142-410d-878a-3a42adc43937@group-41934B498518->599625e3-e1cb-4b64-bc73-5b316e5767eb: nextIndex: updateUnconditionally 0 -> 0
2019-09-28 01:24:36,032 [ForkJoinPool.commonPool-worker-0] INFO  impl.RaftServerProxy (RaftServerProxy.java:lambda$close$4(314)) - 56ead053-3964-44ed-9670-c8ae4c2fbfaa: close
2019-09-28 01:24:36,032 [ForkJoinPool.commonPool-worker-0] INFO  impl.RaftServerImpl (RaftServerImpl.java:lambda$shutdown$3(251)) - 56ead053-3964-44ed-9670-c8ae4c2fbfaa@group-B47881B2A663: shutdown
2019-09-28 01:24:36,032 [main] INFO  ozoneimpl.OzoneContainer (OzoneContainer.java:stop(231)) - Attempting to stop container services.
2019-09-28 01:24:36,033 [ForkJoinPool.commonPool-worker-0] INFO  util.JmxRegister (JmxRegister.java:unregister(73)) - Successfully un-registered JMX Bean with object name Ratis:service=RaftServer,group=group-B47881B2A663,id=56ead053-3964-44ed-9670-c8ae4c2fbfaa
2019-09-28 01:24:36,033 [main] INFO  impl.RaftServerProxy (RaftServerProxy.java:lambda$close$4(314)) - 2105b257-0142-410d-878a-3a42adc43937: close
2019-09-28 01:24:36,033 [ForkJoinPool.commonPool-worker-0] INFO  impl.RoleInfo (RoleInfo.java:shutdownLeaderState(104)) - 56ead053-3964-44ed-9670-c8ae4c2fbfaa: shutdown LeaderState
2019-09-28 01:24:36,034 [main] INFO  impl.RaftServerImpl (RaftServerImpl.java:lambda$shutdown$3(251)) - 2105b257-0142-410d-878a-3a42adc43937@group-843896BCDBC6: shutdown
2019-09-28 01:24:36,035 [main] INFO  util.JmxRegister (JmxRegister.java:unregister(73)) - Successfully un-registered JMX Bean with object name Ratis:service=RaftServer,group=group-843896BCDBC6,id=2105b257-0142-410d-878a-3a42adc43937
2019-09-28 01:24:36,035 [main] INFO  impl.RoleInfo (RoleInfo.java:shutdownLeaderState(104)) - 2105b257-0142-410d-878a-3a42adc43937: shutdown LeaderState
2019-09-28 01:24:36,034 [ForkJoinPool.commonPool-worker-0] INFO  impl.PendingRequests (PendingRequests.java:sendNotLeaderResponses(202)) - 56ead053-3964-44ed-9670-c8ae4c2fbfaa-PendingRequests: sendNotLeaderResponses
2019-09-28 01:24:36,036 [main] INFO  impl.PendingRequests (PendingRequests.java:sendNotLeaderResponses(202)) - 2105b257-0142-410d-878a-3a42adc43937-PendingRequests: sendNotLeaderResponses
2019-09-28 01:24:36,036 [ForkJoinPool.commonPool-worker-0] INFO  impl.StateMachineUpdater (StateMachineUpdater.java:stopAndJoin(125)) - 56ead053-3964-44ed-9670-c8ae4c2fbfaa@group-B47881B2A663-StateMachineUpdater: set stopIndex = 0
2019-09-28 01:24:36,037 [main] INFO  impl.StateMachineUpdater (StateMachineUpdater.java:stopAndJoin(125)) - 2105b257-0142-410d-878a-3a42adc43937@group-843896BCDBC6-StateMachineUpdater: set stopIndex = 0
2019-09-28 01:24:36,037 [ForkJoinPool.commonPool-worker-0] INFO  impl.RaftServerImpl (ServerState.java:close(385)) - 56ead053-3964-44ed-9670-c8ae4c2fbfaa@group-B47881B2A663: closes. applyIndex: 0
2019-09-28 01:24:36,037 [main] INFO  impl.RaftServerImpl (ServerState.java:close(385)) - 2105b257-0142-410d-878a-3a42adc43937@group-843896BCDBC6: closes. applyIndex: 0
2019-09-28 01:24:36,038 [56ead053-3964-44ed-9670-c8ae4c2fbfaa@group-B47881B2A663-SegmentedRaftLogWorker] INFO  segmented.SegmentedRaftLogWorker (SegmentedRaftLogWorker.java:run(313)) - 56ead053-3964-44ed-9670-c8ae4c2fbfaa@group-B47881B2A663-SegmentedRaftLogWorker was interrupted, exiting. There are 0 tasks remaining in the queue.
2019-09-28 01:24:36,038 [2105b257-0142-410d-878a-3a42adc43937@group-843896BCDBC6-SegmentedRaftLogWorker] INFO  segmented.SegmentedRaftLogWorker (SegmentedRaftLogWorker.java:run(313)) - 2105b257-0142-410d-878a-3a42adc43937@group-843896BCDBC6-SegmentedRaftLogWorker was interrupted, exiting. There are 0 tasks remaining in the queue.
2019-09-28 01:24:36,043 [ForkJoinPool.commonPool-worker-0] INFO  segmented.SegmentedRaftLogWorker (SegmentedRaftLogWorker.java:close(228)) - 56ead053-3964-44ed-9670-c8ae4c2fbfaa@group-B47881B2A663-SegmentedRaftLogWorker close()
2019-09-28 01:24:36,046 [main] INFO  segmented.SegmentedRaftLogWorker (SegmentedRaftLogWorker.java:close(228)) - 2105b257-0142-410d-878a-3a42adc43937@group-843896BCDBC6-SegmentedRaftLogWorker close()
2019-09-28 01:24:36,052 [ForkJoinPool.commonPool-worker-0] INFO  impl.RaftServerImpl (RaftServerImpl.java:lambda$shutdown$3(251)) - 56ead053-3964-44ed-9670-c8ae4c2fbfaa@group-DB34566CDB35: shutdown
2019-09-28 01:24:36,058 [ForkJoinPool.commonPool-worker-0] INFO  util.JmxRegister (JmxRegister.java:unregister(73)) - Successfully un-registered JMX Bean with object name Ratis:service=RaftServer,group=group-DB34566CDB35,id=56ead053-3964-44ed-9670-c8ae4c2fbfaa
2019-09-28 01:24:36,058 [main] INFO  impl.RaftServerImpl (RaftServerImpl.java:lambda$shutdown$3(251)) - 2105b257-0142-410d-878a-3a42adc43937@group-41934B498518: shutdown
2019-09-28 01:24:36,059 [ForkJoinPool.commonPool-worker-0] INFO  impl.RoleInfo (RoleInfo.java:shutdownLeaderState(104)) - 56ead053-3964-44ed-9670-c8ae4c2fbfaa: shutdown LeaderState
2019-09-28 01:24:36,059 [main] INFO  util.JmxRegister (JmxRegister.java:unregister(73)) - Successfully un-registered JMX Bean with object name Ratis:service=RaftServer,group=group-41934B498518,id=2105b257-0142-410d-878a-3a42adc43937
2019-09-28 01:24:36,065 [main] INFO  impl.RoleInfo (RoleInfo.java:shutdownLeaderState(104)) - 2105b257-0142-410d-878a-3a42adc43937: shutdown LeaderState
2019-09-28 01:24:36,065 [org.apache.ratis.server.impl.LogAppender$AppenderDaemon$$Lambda$428/1278375776@9c2fff0] WARN  server.GrpcLogAppender (GrpcLogAppender.java:mayWait(143)) - 56ead053-3964-44ed-9670-c8ae4c2fbfaa@group-DB34566CDB35->ad975564-5630-4282-b461-53b5e1a77035-GrpcLogAppender: Wait interrupted by java.lang.InterruptedException
2019-09-28 01:24:36,070 [org.apache.ratis.server.impl.LogAppender$AppenderDaemon$$Lambda$428/1278375776@7254b6d6] WARN  server.GrpcLogAppender (GrpcLogAppender.java:mayWait(143)) - 2105b257-0142-410d-878a-3a42adc43937@group-41934B498518->8d9bf5b9-80ed-47d1-abcd-8ac159088982-GrpcLogAppender: Wait interrupted by java.lang.InterruptedException
2019-09-28 01:24:36,065 [ForkJoinPool.commonPool-worker-0] INFO  impl.PendingRequests (PendingRequests.java:sendNotLeaderResponses(202)) - 56ead053-3964-44ed-9670-c8ae4c2fbfaa-PendingRequests: sendNotLeaderResponses
2019-09-28 01:24:36,071 [grpc-default-executor-6] INFO  server.GrpcServerProtocolService (GrpcServerProtocolService.java:onCompleted(113)) - 8d9bf5b9-80ed-47d1-abcd-8ac159088982: Completed APPEND_ENTRIES, lastRequest: 2105b257-0142-410d-878a-3a42adc43937->8d9bf5b9-80ed-47d1-abcd-8ac159088982#238-t2, previous=(t:2, i:0), leaderCommit=0, initializing? false, entries: <empty>
2019-09-28 01:24:36,071 [grpc-default-executor-4] INFO  server.GrpcServerProtocolService (GrpcServerProtocolService.java:onCompleted(113)) - ad975564-5630-4282-b461-53b5e1a77035: Completed APPEND_ENTRIES, lastRequest: 56ead053-3964-44ed-9670-c8ae4c2fbfaa->ad975564-5630-4282-b461-53b5e1a77035#239-t1, previous=(t:1, i:0), leaderCommit=0, initializing? false, entries: <empty>
2019-09-28 01:24:36,071 [org.apache.ratis.server.impl.LogAppender$AppenderDaemon$$Lambda$428/1278375776@8ad563a] WARN  server.GrpcLogAppender (GrpcLogAppender.java:mayWait(143)) - 2105b257-0142-410d-878a-3a42adc43937@group-41934B498518->599625e3-e1cb-4b64-bc73-5b316e5767eb-GrpcLogAppender: Wait interrupted by java.lang.InterruptedException
2019-09-28 01:24:36,070 [main] INFO  impl.PendingRequests (PendingRequests.java:sendNotLeaderResponses(202)) - 2105b257-0142-410d-878a-3a42adc43937-PendingRequests: sendNotLeaderResponses
2019-09-28 01:24:36,065 [grpc-default-executor-1] INFO  server.GrpcServerProtocolService (GrpcServerProtocolService.java:onCompleted(113)) - 1f35d54e-5d91-478d-890d-48fd5483e65c: Completed APPEND_ENTRIES, lastRequest: 56ead053-3964-44ed-9670-c8ae4c2fbfaa->1f35d54e-5d91-478d-890d-48fd5483e65c#239-t1, previous=(t:1, i:0), leaderCommit=0, initializing? false, entries: <empty>
2019-09-28 01:24:36,072 [main] INFO  impl.StateMachineUpdater (StateMachineUpdater.java:stopAndJoin(125)) - 2105b257-0142-410d-878a-3a42adc43937@group-41934B498518-StateMachineUpdater: set stopIndex = 0
2019-09-28 01:24:36,073 [main] INFO  impl.RaftServerImpl (ServerState.java:close(385)) - 2105b257-0142-410d-878a-3a42adc43937@group-41934B498518: closes. applyIndex: 0
2019-09-28 01:24:36,072 [grpc-default-executor-6] INFO  server.GrpcLogAppender (GrpcLogAppender.java:onCompleted(293)) - 2105b257-0142-410d-878a-3a42adc43937@group-41934B498518->8d9bf5b9-80ed-47d1-abcd-8ac159088982-AppendLogResponseHandler: follower responses appendEntries COMPLETED
2019-09-28 01:24:36,072 [grpc-default-executor-4] INFO  server.GrpcLogAppender (GrpcLogAppender.java:onCompleted(293)) - 56ead053-3964-44ed-9670-c8ae4c2fbfaa@group-DB34566CDB35->ad975564-5630-4282-b461-53b5e1a77035-AppendLogResponseHandler: follower responses appendEntries COMPLETED
2019-09-28 01:24:36,071 [ForkJoinPool.commonPool-worker-0] INFO  impl.StateMachineUpdater (StateMachineUpdater.java:stopAndJoin(125)) - 56ead053-3964-44ed-9670-c8ae4c2fbfaa@group-DB34566CDB35-StateMachineUpdater: set stopIndex = 0
2019-09-28 01:24:36,074 [grpc-default-executor-4] INFO  impl.FollowerInfo (FollowerInfo.java:lambda$new$0(51)) - 56ead053-3964-44ed-9670-c8ae4c2fbfaa@group-DB34566CDB35->ad975564-5630-4282-b461-53b5e1a77035: nextIndex: updateUnconditionally 1 -> 0
2019-09-28 01:24:36,074 [grpc-default-executor-6] INFO  impl.FollowerInfo (FollowerInfo.java:lambda$new$0(51)) - 2105b257-0142-410d-878a-3a42adc43937@group-41934B498518->8d9bf5b9-80ed-47d1-abcd-8ac159088982: nextIndex: updateUnconditionally 1 -> 0
2019-09-28 01:24:36,073 [2105b257-0142-410d-878a-3a42adc43937@group-41934B498518-SegmentedRaftLogWorker] INFO  segmented.SegmentedRaftLogWorker (SegmentedRaftLogWorker.java:run(313)) - 2105b257-0142-410d-878a-3a42adc43937@group-41934B498518-SegmentedRaftLogWorker was interrupted, exiting. There are 0 tasks remaining in the queue.
2019-09-28 01:24:36,073 [grpc-default-executor-7] INFO  server.GrpcLogAppender (GrpcLogAppender.java:onCompleted(293)) - 56ead053-3964-44ed-9670-c8ae4c2fbfaa@group-DB34566CDB35->1f35d54e-5d91-478d-890d-48fd5483e65c-AppendLogResponseHandler: follower responses appendEntries COMPLETED
2019-09-28 01:24:36,077 [main] INFO  segmented.SegmentedRaftLogWorker (SegmentedRaftLogWorker.java:close(228)) - 2105b257-0142-410d-878a-3a42adc43937@group-41934B498518-SegmentedRaftLogWorker close()
2019-09-28 01:24:36,074 [ForkJoinPool.commonPool-worker-0] INFO  impl.RaftServerImpl (ServerState.java:close(385)) - 56ead053-3964-44ed-9670-c8ae4c2fbfaa@group-DB34566CDB35: closes. applyIndex: 0
2019-09-28 01:24:36,081 [main] INFO  server.GrpcService (GrpcService.java:closeImpl(164)) - 2105b257-0142-410d-878a-3a42adc43937: shutdown server with port 40343 now
2019-09-28 01:24:36,078 [grpc-default-executor-7] INFO  impl.FollowerInfo (FollowerInfo.java:lambda$new$0(51)) - 56ead053-3964-44ed-9670-c8ae4c2fbfaa@group-DB34566CDB35->1f35d54e-5d91-478d-890d-48fd5483e65c: nextIndex: updateUnconditionally 1 -> 0
2019-09-28 01:24:36,081 [56ead053-3964-44ed-9670-c8ae4c2fbfaa@group-DB34566CDB35-SegmentedRaftLogWorker] INFO  segmented.SegmentedRaftLogWorker (SegmentedRaftLogWorker.java:run(313)) - 56ead053-3964-44ed-9670-c8ae4c2fbfaa@group-DB34566CDB35-SegmentedRaftLogWorker was interrupted, exiting. There are 0 tasks remaining in the queue.
2019-09-28 01:24:36,082 [main] INFO  server.GrpcService (GrpcService.java:closeImpl(172)) - 2105b257-0142-410d-878a-3a42adc43937: shutdown server with port 40343 successfully
2019-09-28 01:24:36,084 [ForkJoinPool.commonPool-worker-0] INFO  segmented.SegmentedRaftLogWorker (SegmentedRaftLogWorker.java:close(228)) - 56ead053-3964-44ed-9670-c8ae4c2fbfaa@group-DB34566CDB35-SegmentedRaftLogWorker close()
2019-09-28 01:24:36,089 [ForkJoinPool.commonPool-worker-0] INFO  server.GrpcService (GrpcService.java:closeImpl(164)) - 56ead053-3964-44ed-9670-c8ae4c2fbfaa: shutdown server with port 41964 now
2019-09-28 01:24:36,090 [ForkJoinPool.commonPool-worker-0] INFO  server.GrpcService (GrpcService.java:closeImpl(172)) - 56ead053-3964-44ed-9670-c8ae4c2fbfaa: shutdown server with port 41964 successfully
2019-09-28 01:24:36,093 [refreshUsed-/workdir/hadoop-ozone/integration-test/target/test-dir/MiniOzoneClusterImpl-8eac2880-3418-4680-a8af-a58fbadabff3/datanode-3/data/containers] WARN  fs.CachingGetSpaceUsed (CachingGetSpaceUsed.java:run(183)) - Thread Interrupted waiting to refresh disk information: sleep interrupted
2019-09-28 01:24:36,101 [refreshUsed-/workdir/hadoop-ozone/integration-test/target/test-dir/MiniOzoneClusterImpl-8eac2880-3418-4680-a8af-a58fbadabff3/datanode-6/data/containers] WARN  fs.CachingGetSpaceUsed (CachingGetSpaceUsed.java:run(183)) - Thread Interrupted waiting to refresh disk information: sleep interrupted
2019-09-28 01:24:36,114 [ForkJoinPool.commonPool-worker-0] INFO  utils.BackgroundService (BackgroundService.java:shutdown(148)) - Shutting down service BlockDeletingService
2019-09-28 01:24:36,114 [main] INFO  utils.BackgroundService (BackgroundService.java:shutdown(148)) - Shutting down service BlockDeletingService
2019-09-28 01:24:36,121 [ForkJoinPool.commonPool-worker-0] INFO  statemachine.DatanodeStateMachine (DatanodeStateMachine.java:stopDaemon(395)) - Ozone container server stopped.
2019-09-28 01:24:36,125 [main] INFO  statemachine.DatanodeStateMachine (DatanodeStateMachine.java:stopDaemon(395)) - Ozone container server stopped.
2019-09-28 01:24:36,130 [ForkJoinPool.commonPool-worker-0] INFO  handler.ContextHandler (ContextHandler.java:doStop(910)) - Stopped o.e.j.w.WebAppContext@5f5297e3{/,null,UNAVAILABLE}{/hddsDatanode}
2019-09-28 01:24:36,130 [grpc-default-executor-4] WARN  server.GrpcLogAppender (LogUtils.java:warn(134)) - 7b598199-e261-45fb-863c-a2bd9def5848@group-1DD11682BBC6->9acdd203-51d1-41ee-852c-319134721574-AppendLogResponseHandler: Failed appendEntries: org.apache.ratis.thirdparty.io.grpc.StatusRuntimeException: UNAVAILABLE: io exception
2019-09-28 01:24:36,130 [main] INFO  handler.ContextHandler (ContextHandler.java:doStop(910)) - Stopped o.e.j.w.WebAppContext@2aa5bd48{/,null,UNAVAILABLE}{/hddsDatanode}
2019-09-28 01:24:36,131 [ForkJoinPool.commonPool-worker-0] INFO  server.AbstractConnector (AbstractConnector.java:doStop(318)) - Stopped ServerConnector@2d22d3b1{HTTP/1.1,[http/1.1]}{0.0.0.0:0}
2019-09-28 01:24:36,131 [grpc-default-executor-4] INFO  impl.FollowerInfo (FollowerInfo.java:lambda$new$0(51)) - 7b598199-e261-45fb-863c-a2bd9def5848@group-1DD11682BBC6->9acdd203-51d1-41ee-852c-319134721574: nextIndex: updateUnconditionally 0 -> 0
2019-09-28 01:24:36,133 [ForkJoinPool.commonPool-worker-0] INFO  handler.ContextHandler (ContextHandler.java:doStop(910)) - Stopped o.e.j.s.ServletContextHandler@9785903{/static,jar:file:/home/user/.m2/repository/org/apache/hadoop/hadoop-hdds-container-service/0.5.0-SNAPSHOT/hadoop-hdds-container-service-0.5.0-SNAPSHOT.jar!/webapps/static,UNAVAILABLE}
2019-09-28 01:24:36,133 [main] INFO  server.AbstractConnector (AbstractConnector.java:doStop(318)) - Stopped ServerConnector@7cfb8e98{HTTP/1.1,[http/1.1]}{0.0.0.0:0}
2019-09-28 01:24:36,135 [ForkJoinPool.commonPool-worker-0] INFO  handler.ContextHandler (ContextHandler.java:doStop(910)) - Stopped o.e.j.s.ServletContextHandler@6d6cd1e0{/logs,file:///workdir/hadoop-ozone/integration-test/target/log,UNAVAILABLE}
2019-09-28 01:24:36,135 [main] INFO  handler.ContextHandler (ContextHandler.java:doStop(910)) - Stopped o.e.j.s.ServletContextHandler@37314843{/static,jar:file:/home/user/.m2/repository/org/apache/hadoop/hadoop-hdds-container-service/0.5.0-SNAPSHOT/hadoop-hdds-container-service-0.5.0-SNAPSHOT.jar!/webapps/static,UNAVAILABLE}
2019-09-28 01:24:36,136 [main] INFO  handler.ContextHandler (ContextHandler.java:doStop(910)) - Stopped o.e.j.s.ServletContextHandler@782fd504{/logs,file:///workdir/hadoop-ozone/integration-test/target/log,UNAVAILABLE}
2019-09-28 01:24:36,349 [Datanode State Machine Thread - 0] INFO  statemachine.DatanodeStateMachine (DatanodeStateMachine.java:lambda$startDaemon$0(350)) - Ozone container server started.
2019-09-28 01:24:36,594 [Datanode State Machine Thread - 0] INFO  statemachine.DatanodeStateMachine (DatanodeStateMachine.java:lambda$startDaemon$0(350)) - Ozone container server started.
2019-09-28 01:24:36,623 [grpc-default-executor-4] WARN  server.GrpcLogAppender (LogUtils.java:warn(134)) - 7b598199-e261-45fb-863c-a2bd9def5848@group-1DD11682BBC6->9acdd203-51d1-41ee-852c-319134721574-AppendLogResponseHandler: Failed appendEntries: org.apache.ratis.thirdparty.io.grpc.StatusRuntimeException: UNAVAILABLE: io exception
2019-09-28 01:24:36,623 [grpc-default-executor-4] INFO  impl.FollowerInfo (FollowerInfo.java:lambda$new$0(51)) - 7b598199-e261-45fb-863c-a2bd9def5848@group-1DD11682BBC6->9acdd203-51d1-41ee-852c-319134721574: nextIndex: updateUnconditionally 0 -> 0
2019-09-28 01:24:37,124 [grpc-default-executor-4] WARN  server.GrpcLogAppender (LogUtils.java:warn(134)) - 7b598199-e261-45fb-863c-a2bd9def5848@group-1DD11682BBC6->9acdd203-51d1-41ee-852c-319134721574-AppendLogResponseHandler: Failed appendEntries: org.apache.ratis.thirdparty.io.grpc.StatusRuntimeException: UNAVAILABLE: io exception
2019-09-28 01:24:37,125 [grpc-default-executor-4] INFO  impl.FollowerInfo (FollowerInfo.java:lambda$new$0(51)) - 7b598199-e261-45fb-863c-a2bd9def5848@group-1DD11682BBC6->9acdd203-51d1-41ee-852c-319134721574: nextIndex: updateUnconditionally 0 -> 0
2019-09-28 01:24:37,586 [Thread-8160] INFO  impl.FollowerState (FollowerState.java:run(106)) - 1f35d54e-5d91-478d-890d-48fd5483e65c:group-DB34566CDB35 changes to CANDIDATE, lastRpcTime:1533, electionTimeout:1075ms
2019-09-28 01:24:37,587 [Thread-8160] INFO  impl.RoleInfo (RoleInfo.java:shutdownFollowerState(121)) - 1f35d54e-5d91-478d-890d-48fd5483e65c: shutdown FollowerState
2019-09-28 01:24:37,587 [Thread-8160] INFO  impl.RaftServerImpl (RaftServerImpl.java:setRole(174)) - 1f35d54e-5d91-478d-890d-48fd5483e65c@group-DB34566CDB35: changes role from  FOLLOWER to CANDIDATE at term 1 for changeToCandidate
2019-09-28 01:24:37,587 [Thread-8160] INFO  impl.RoleInfo (RoleInfo.java:updateAndGet(143)) - 1f35d54e-5d91-478d-890d-48fd5483e65c: start LeaderElection
2019-09-28 01:24:37,588 [1f35d54e-5d91-478d-890d-48fd5483e65c@group-DB34566CDB35:LeaderElection160] INFO  impl.RaftServerImpl (ServerState.java:setLeader(253)) - 1f35d54e-5d91-478d-890d-48fd5483e65c@group-DB34566CDB35: change Leader from 56ead053-3964-44ed-9670-c8ae4c2fbfaa to null at term 1 for initElection
2019-09-28 01:24:37,614 [1f35d54e-5d91-478d-890d-48fd5483e65c@group-DB34566CDB35:LeaderElection160] INFO  impl.LeaderElection (LeaderElection.java:askForVotes(182)) - 1f35d54e-5d91-478d-890d-48fd5483e65c@group-DB34566CDB35:LeaderElection160: begin an election at term 2 for 0: [1f35d54e-5d91-478d-890d-48fd5483e65c:192.168.151.82:37574, ad975564-5630-4282-b461-53b5e1a77035:192.168.151.82:45714, 56ead053-3964-44ed-9670-c8ae4c2fbfaa:192.168.151.82:41964], old=null
2019-09-28 01:24:37,617 [1f35d54e-5d91-478d-890d-48fd5483e65c@group-DB34566CDB35:LeaderElection160] INFO  impl.LeaderElection (LogUtils.java:infoOrTrace(149)) - 1f35d54e-5d91-478d-890d-48fd5483e65c@group-DB34566CDB35:LeaderElection160 got exception when requesting votes: {}
java.util.concurrent.ExecutionException: org.apache.ratis.thirdparty.io.grpc.StatusRuntimeException: UNAVAILABLE: io exception
	at java.util.concurrent.FutureTask.report(FutureTask.java:122)
	at java.util.concurrent.FutureTask.get(FutureTask.java:192)
	at org.apache.ratis.server.impl.LeaderElection.waitForResults(LeaderElection.java:263)
	at org.apache.ratis.server.impl.LeaderElection.askForVotes(LeaderElection.java:201)
	at org.apache.ratis.server.impl.LeaderElection.run(LeaderElection.java:133)
	at java.lang.Thread.run(Thread.java:748)
Caused by: org.apache.ratis.thirdparty.io.grpc.StatusRuntimeException: UNAVAILABLE: io exception
	at org.apache.ratis.thirdparty.io.grpc.stub.ClientCalls.toStatusRuntimeException(ClientCalls.java:233)
	at org.apache.ratis.thirdparty.io.grpc.stub.ClientCalls.getUnchecked(ClientCalls.java:214)
	at org.apache.ratis.thirdparty.io.grpc.stub.ClientCalls.blockingUnaryCall(ClientCalls.java:139)
	at org.apache.ratis.proto.grpc.RaftServerProtocolServiceGrpc$RaftServerProtocolServiceBlockingStub.requestVote(RaftServerProtocolServiceGrpc.java:265)
	at org.apache.ratis.grpc.server.GrpcServerProtocolClient.requestVote(GrpcServerProtocolClient.java:90)
	at org.apache.ratis.grpc.server.GrpcService.requestVote(GrpcService.java:204)
	at org.apache.ratis.server.impl.LeaderElection.lambda$submitRequests$1(LeaderElection.java:238)
	at java.util.concurrent.FutureTask.run(FutureTask.java:266)
	at java.util.concurrent.Executors$RunnableAdapter.call(Executors.java:511)
	at java.util.concurrent.FutureTask.run(FutureTask.java:266)
	at java.util.concurrent.ThreadPoolExecutor.runWorker(ThreadPoolExecutor.java:1149)
	at java.util.concurrent.ThreadPoolExecutor$Worker.run(ThreadPoolExecutor.java:624)
	... 1 more
Caused by: org.apache.ratis.thirdparty.io.netty.channel.AbstractChannel$AnnotatedConnectException: Connection refused: /192.168.151.82:41964
	at sun.nio.ch.SocketChannelImpl.checkConnect(Native Method)
	at sun.nio.ch.SocketChannelImpl.finishConnect(SocketChannelImpl.java:717)
	at org.apache.ratis.thirdparty.io.netty.channel.socket.nio.NioSocketChannel.doFinishConnect(NioSocketChannel.java:327)
	at org.apache.ratis.thirdparty.io.netty.channel.nio.AbstractNioChannel$AbstractNioUnsafe.finishConnect(AbstractNioChannel.java:340)
	at org.apache.ratis.thirdparty.io.netty.channel.nio.NioEventLoop.processSelectedKey(NioEventLoop.java:632)
	at org.apache.ratis.thirdparty.io.netty.channel.nio.NioEventLoop.processSelectedKeysOptimized(NioEventLoop.java:579)
	at org.apache.ratis.thirdparty.io.netty.channel.nio.NioEventLoop.processSelectedKeys(NioEventLoop.java:496)
	at org.apache.ratis.thirdparty.io.netty.channel.nio.NioEventLoop.run(NioEventLoop.java:458)
	at org.apache.ratis.thirdparty.io.netty.util.concurrent.SingleThreadEventExecutor$5.run(SingleThreadEventExecutor.java:897)
	at org.apache.ratis.thirdparty.io.netty.util.concurrent.FastThreadLocalRunnable.run(FastThreadLocalRunnable.java:30)
	... 1 more
Caused by: java.net.ConnectException: Connection refused
	... 11 more
2019-09-28 01:24:37,619 [grpc-default-executor-4] INFO  impl.RaftServerImpl (ServerState.java:setLeader(253)) - ad975564-5630-4282-b461-53b5e1a77035@group-DB34566CDB35: change Leader from 56ead053-3964-44ed-9670-c8ae4c2fbfaa to null at term 2 for updateCurrentTerm
2019-09-28 01:24:37,619 [grpc-default-executor-4] INFO  impl.RaftServerImpl (RaftServerImpl.java:setRole(174)) - ad975564-5630-4282-b461-53b5e1a77035@group-DB34566CDB35: changes role from  FOLLOWER to FOLLOWER at term 2 for recognizeCandidate:1f35d54e-5d91-478d-890d-48fd5483e65c
2019-09-28 01:24:37,620 [grpc-default-executor-4] INFO  impl.RoleInfo (RoleInfo.java:shutdownFollowerState(121)) - ad975564-5630-4282-b461-53b5e1a77035: shutdown FollowerState
2019-09-28 01:24:37,620 [grpc-default-executor-4] INFO  impl.RoleInfo (RoleInfo.java:updateAndGet(143)) - ad975564-5630-4282-b461-53b5e1a77035: start FollowerState
2019-09-28 01:24:37,620 [Thread-8161] INFO  impl.FollowerState (FollowerState.java:run(115)) - ad975564-5630-4282-b461-53b5e1a77035: FollowerState was interrupted: java.lang.InterruptedException: sleep interrupted
2019-09-28 01:24:37,624 [grpc-default-executor-1] WARN  server.GrpcLogAppender (LogUtils.java:warn(134)) - 7b598199-e261-45fb-863c-a2bd9def5848@group-1DD11682BBC6->9acdd203-51d1-41ee-852c-319134721574-AppendLogResponseHandler: Failed appendEntries: org.apache.ratis.thirdparty.io.grpc.StatusRuntimeException: UNAVAILABLE: io exception
2019-09-28 01:24:37,625 [grpc-default-executor-1] INFO  impl.FollowerInfo (FollowerInfo.java:lambda$new$0(51)) - 7b598199-e261-45fb-863c-a2bd9def5848@group-1DD11682BBC6->9acdd203-51d1-41ee-852c-319134721574: nextIndex: updateUnconditionally 0 -> 0
2019-09-28 01:24:37,634 [1f35d54e-5d91-478d-890d-48fd5483e65c@group-DB34566CDB35:LeaderElection160] INFO  impl.LeaderElection (LeaderElection.java:logAndReturn(56)) - 1f35d54e-5d91-478d-890d-48fd5483e65c@group-DB34566CDB35:LeaderElection160: Election PASSED; received 1 response(s) [1f35d54e-5d91-478d-890d-48fd5483e65c<-ad975564-5630-4282-b461-53b5e1a77035#0:OK-t2] and 1 exception(s); 1f35d54e-5d91-478d-890d-48fd5483e65c@group-DB34566CDB35:t2, leader=null, voted=1f35d54e-5d91-478d-890d-48fd5483e65c, raftlog=1f35d54e-5d91-478d-890d-48fd5483e65c@group-DB34566CDB35-SegmentedRaftLog:OPENED:c0,f0,i0, conf=0: [1f35d54e-5d91-478d-890d-48fd5483e65c:192.168.151.82:37574, ad975564-5630-4282-b461-53b5e1a77035:192.168.151.82:45714, 56ead053-3964-44ed-9670-c8ae4c2fbfaa:192.168.151.82:41964], old=null
2019-09-28 01:24:37,634 [1f35d54e-5d91-478d-890d-48fd5483e65c@group-DB34566CDB35:LeaderElection160] INFO  impl.LeaderElection (LogUtils.java:infoOrTrace(149)) -   Exception 0: {}
java.util.concurrent.ExecutionException: org.apache.ratis.thirdparty.io.grpc.StatusRuntimeException: UNAVAILABLE: io exception
	at java.util.concurrent.FutureTask.report(FutureTask.java:122)
	at java.util.concurrent.FutureTask.get(FutureTask.java:192)
	at org.apache.ratis.server.impl.LeaderElection.waitForResults(LeaderElection.java:263)
	at org.apache.ratis.server.impl.LeaderElection.askForVotes(LeaderElection.java:201)
	at org.apache.ratis.server.impl.LeaderElection.run(LeaderElection.java:133)
	at java.lang.Thread.run(Thread.java:748)
Caused by: org.apache.ratis.thirdparty.io.grpc.StatusRuntimeException: UNAVAILABLE: io exception
	at org.apache.ratis.thirdparty.io.grpc.stub.ClientCalls.toStatusRuntimeException(ClientCalls.java:233)
	at org.apache.ratis.thirdparty.io.grpc.stub.ClientCalls.getUnchecked(ClientCalls.java:214)
	at org.apache.ratis.thirdparty.io.grpc.stub.ClientCalls.blockingUnaryCall(ClientCalls.java:139)
	at org.apache.ratis.proto.grpc.RaftServerProtocolServiceGrpc$RaftServerProtocolServiceBlockingStub.requestVote(RaftServerProtocolServiceGrpc.java:265)
	at org.apache.ratis.grpc.server.GrpcServerProtocolClient.requestVote(GrpcServerProtocolClient.java:90)
	at org.apache.ratis.grpc.server.GrpcService.requestVote(GrpcService.java:204)
	at org.apache.ratis.server.impl.LeaderElection.lambda$submitRequests$1(LeaderElection.java:238)
	at java.util.concurrent.FutureTask.run(FutureTask.java:266)
	at java.util.concurrent.Executors$RunnableAdapter.call(Executors.java:511)
	at java.util.concurrent.FutureTask.run(FutureTask.java:266)
	at java.util.concurrent.ThreadPoolExecutor.runWorker(ThreadPoolExecutor.java:1149)
	at java.util.concurrent.ThreadPoolExecutor$Worker.run(ThreadPoolExecutor.java:624)
	... 1 more
Caused by: org.apache.ratis.thirdparty.io.netty.channel.AbstractChannel$AnnotatedConnectException: Connection refused: /192.168.151.82:41964
	at sun.nio.ch.SocketChannelImpl.checkConnect(Native Method)
	at sun.nio.ch.SocketChannelImpl.finishConnect(SocketChannelImpl.java:717)
	at org.apache.ratis.thirdparty.io.netty.channel.socket.nio.NioSocketChannel.doFinishConnect(NioSocketChannel.java:327)
	at org.apache.ratis.thirdparty.io.netty.channel.nio.AbstractNioChannel$AbstractNioUnsafe.finishConnect(AbstractNioChannel.java:340)
	at org.apache.ratis.thirdparty.io.netty.channel.nio.NioEventLoop.processSelectedKey(NioEventLoop.java:632)
	at org.apache.ratis.thirdparty.io.netty.channel.nio.NioEventLoop.processSelectedKeysOptimized(NioEventLoop.java:579)
	at org.apache.ratis.thirdparty.io.netty.channel.nio.NioEventLoop.processSelectedKeys(NioEventLoop.java:496)
	at org.apache.ratis.thirdparty.io.netty.channel.nio.NioEventLoop.run(NioEventLoop.java:458)
	at org.apache.ratis.thirdparty.io.netty.util.concurrent.SingleThreadEventExecutor$5.run(SingleThreadEventExecutor.java:897)
	at org.apache.ratis.thirdparty.io.netty.util.concurrent.FastThreadLocalRunnable.run(FastThreadLocalRunnable.java:30)
	... 1 more
Caused by: java.net.ConnectException: Connection refused
	... 11 more
2019-09-28 01:24:37,636 [1f35d54e-5d91-478d-890d-48fd5483e65c@group-DB34566CDB35:LeaderElection160] INFO  impl.RoleInfo (RoleInfo.java:shutdownLeaderElection(134)) - 1f35d54e-5d91-478d-890d-48fd5483e65c: shutdown LeaderElection
2019-09-28 01:24:37,636 [1f35d54e-5d91-478d-890d-48fd5483e65c@group-DB34566CDB35:LeaderElection160] INFO  impl.RaftServerImpl (RaftServerImpl.java:setRole(174)) - 1f35d54e-5d91-478d-890d-48fd5483e65c@group-DB34566CDB35: changes role from CANDIDATE to LEADER at term 2 for changeToLeader
2019-09-28 01:24:37,636 [1f35d54e-5d91-478d-890d-48fd5483e65c@group-DB34566CDB35:LeaderElection160] INFO  impl.RaftServerImpl (ServerState.java:setLeader(253)) - 1f35d54e-5d91-478d-890d-48fd5483e65c@group-DB34566CDB35: change Leader from null to 1f35d54e-5d91-478d-890d-48fd5483e65c at term 2 for becomeLeader, leader elected after 48ms
2019-09-28 01:24:37,636 [1f35d54e-5d91-478d-890d-48fd5483e65c@group-DB34566CDB35:LeaderElection160] INFO  server.RaftServerConfigKeys (ConfUtils.java:logGet(43)) - raft.server.staging.catchup.gap = 1000 (default)
2019-09-28 01:24:37,637 [1f35d54e-5d91-478d-890d-48fd5483e65c@group-DB34566CDB35:LeaderElection160] INFO  server.RaftServerConfigKeys (ConfUtils.java:logGet(43)) - raft.server.rpc.sleep.time = 25ms (default)
2019-09-28 01:24:37,637 [1f35d54e-5d91-478d-890d-48fd5483e65c@group-DB34566CDB35:LeaderElection160] INFO  server.RaftServerConfigKeys (ConfUtils.java:logGet(43)) - raft.server.write.element-limit = 4096 (default)
2019-09-28 01:24:37,637 [1f35d54e-5d91-478d-890d-48fd5483e65c@group-DB34566CDB35:LeaderElection160] INFO  server.RaftServerConfigKeys (ConfUtils.java:logGet(43)) - raft.server.watch.timeout = 10s (default)
2019-09-28 01:24:37,638 [1f35d54e-5d91-478d-890d-48fd5483e65c@group-DB34566CDB35:LeaderElection160] INFO  server.RaftServerConfigKeys (ConfUtils.java:logGet(43)) - raft.server.watch.timeout.denomination = 1s (default)
2019-09-28 01:24:37,638 [1f35d54e-5d91-478d-890d-48fd5483e65c@group-DB34566CDB35:LeaderElection160] INFO  server.RaftServerConfigKeys (ConfUtils.java:logGet(43)) - raft.server.watch.element-limit = 65536 (default)
2019-09-28 01:24:37,640 [1f35d54e-5d91-478d-890d-48fd5483e65c@group-DB34566CDB35:LeaderElection160] INFO  server.RaftServerConfigKeys (ConfUtils.java:logGet(43)) - raft.server.log.appender.snapshot.chunk.size.max = 16MB (=16777216) (default)
2019-09-28 01:24:37,641 [1f35d54e-5d91-478d-890d-48fd5483e65c@group-DB34566CDB35:LeaderElection160] INFO  server.RaftServerConfigKeys (ConfUtils.java:logGet(43)) - raft.server.log.appender.buffer.byte-limit = 33554432 (custom)
2019-09-28 01:24:37,641 [1f35d54e-5d91-478d-890d-48fd5483e65c@group-DB34566CDB35:LeaderElection160] INFO  server.RaftServerConfigKeys (ConfUtils.java:logGet(43)) - raft.server.log.appender.buffer.element-limit = 1 (custom)
2019-09-28 01:24:37,641 [1f35d54e-5d91-478d-890d-48fd5483e65c@group-DB34566CDB35:LeaderElection160] INFO  grpc.GrpcConfigKeys$Server (ConfUtils.java:logGet(43)) - raft.grpc.server.leader.outstanding.appends.max = 128 (default)
2019-09-28 01:24:37,641 [1f35d54e-5d91-478d-890d-48fd5483e65c@group-DB34566CDB35:LeaderElection160] INFO  server.RaftServerConfigKeys (ConfUtils.java:logGet(43)) - raft.server.rpc.request.timeout = 3000ms (default)
2019-09-28 01:24:37,641 [1f35d54e-5d91-478d-890d-48fd5483e65c@group-DB34566CDB35:LeaderElection160] INFO  server.RaftServerConfigKeys (ConfUtils.java:logGet(43)) - raft.server.log.appender.install.snapshot.enabled = false (custom)
2019-09-28 01:24:37,642 [1f35d54e-5d91-478d-890d-48fd5483e65c@group-DB34566CDB35:LeaderElection160] INFO  server.RaftServerConfigKeys (ConfUtils.java:logGet(43)) - raft.server.log.appender.snapshot.chunk.size.max = 16MB (=16777216) (default)
2019-09-28 01:24:37,642 [1f35d54e-5d91-478d-890d-48fd5483e65c@group-DB34566CDB35:LeaderElection160] INFO  server.RaftServerConfigKeys (ConfUtils.java:logGet(43)) - raft.server.log.appender.buffer.byte-limit = 33554432 (custom)
2019-09-28 01:24:37,642 [1f35d54e-5d91-478d-890d-48fd5483e65c@group-DB34566CDB35:LeaderElection160] INFO  server.RaftServerConfigKeys (ConfUtils.java:logGet(43)) - raft.server.log.appender.buffer.element-limit = 1 (custom)
2019-09-28 01:24:37,642 [1f35d54e-5d91-478d-890d-48fd5483e65c@group-DB34566CDB35:LeaderElection160] INFO  grpc.GrpcConfigKeys$Server (ConfUtils.java:logGet(43)) - raft.grpc.server.leader.outstanding.appends.max = 128 (default)
2019-09-28 01:24:37,642 [1f35d54e-5d91-478d-890d-48fd5483e65c@group-DB34566CDB35:LeaderElection160] INFO  server.RaftServerConfigKeys (ConfUtils.java:logGet(43)) - raft.server.rpc.request.timeout = 3000ms (default)
2019-09-28 01:24:37,643 [1f35d54e-5d91-478d-890d-48fd5483e65c@group-DB34566CDB35:LeaderElection160] INFO  server.RaftServerConfigKeys (ConfUtils.java:logGet(43)) - raft.server.log.appender.install.snapshot.enabled = false (custom)
2019-09-28 01:24:37,643 [1f35d54e-5d91-478d-890d-48fd5483e65c@group-DB34566CDB35:LeaderElection160] INFO  impl.RoleInfo (RoleInfo.java:updateAndGet(143)) - 1f35d54e-5d91-478d-890d-48fd5483e65c: start LeaderState
2019-09-28 01:24:37,643 [1f35d54e-5d91-478d-890d-48fd5483e65c@group-DB34566CDB35:LeaderElection160] INFO  segmented.SegmentedRaftLogWorker (SegmentedRaftLogWorker.java:rollLogSegment(385)) - 1f35d54e-5d91-478d-890d-48fd5483e65c@group-DB34566CDB35-SegmentedRaftLogWorker: Rolling segment log-0_0 to index:0
2019-09-28 01:24:37,644 [1f35d54e-5d91-478d-890d-48fd5483e65c@group-DB34566CDB35-SegmentedRaftLogWorker] INFO  segmented.SegmentedRaftLogWorker (SegmentedRaftLogWorker.java:execute(526)) - 1f35d54e-5d91-478d-890d-48fd5483e65c@group-DB34566CDB35-SegmentedRaftLogWorker: Rolled log segment from /workdir/hadoop-ozone/integration-test/target/test-dir/MiniOzoneClusterImpl-8eac2880-3418-4680-a8af-a58fbadabff3/datanode-9/data/ratis/8cd9a930-4f84-4da6-a1dd-db34566cdb35/current/log_inprogress_0 to /workdir/hadoop-ozone/integration-test/target/test-dir/MiniOzoneClusterImpl-8eac2880-3418-4680-a8af-a58fbadabff3/datanode-9/data/ratis/8cd9a930-4f84-4da6-a1dd-db34566cdb35/current/log_0-0
2019-09-28 01:24:37,644 [1f35d54e-5d91-478d-890d-48fd5483e65c@group-DB34566CDB35:LeaderElection160] INFO  impl.RaftServerImpl (ServerState.java:setRaftConf(354)) - 1f35d54e-5d91-478d-890d-48fd5483e65c@group-DB34566CDB35: set configuration 1: [1f35d54e-5d91-478d-890d-48fd5483e65c:192.168.151.82:37574, ad975564-5630-4282-b461-53b5e1a77035:192.168.151.82:45714, 56ead053-3964-44ed-9670-c8ae4c2fbfaa:192.168.151.82:41964], old=null at 1
2019-09-28 01:24:37,645 [grpc-default-executor-4] WARN  server.GrpcLogAppender (LogUtils.java:warn(134)) - 1f35d54e-5d91-478d-890d-48fd5483e65c@group-DB34566CDB35->56ead053-3964-44ed-9670-c8ae4c2fbfaa-AppendLogResponseHandler: Failed appendEntries: org.apache.ratis.thirdparty.io.grpc.StatusRuntimeException: UNAVAILABLE: io exception
2019-09-28 01:24:37,645 [grpc-default-executor-4] INFO  impl.FollowerInfo (FollowerInfo.java:lambda$new$0(51)) - 1f35d54e-5d91-478d-890d-48fd5483e65c@group-DB34566CDB35->56ead053-3964-44ed-9670-c8ae4c2fbfaa: nextIndex: updateUnconditionally 1 -> 0
2019-09-28 01:24:37,646 [grpc-default-executor-1] INFO  impl.RaftServerImpl (ServerState.java:setLeader(253)) - ad975564-5630-4282-b461-53b5e1a77035@group-DB34566CDB35: change Leader from null to 1f35d54e-5d91-478d-890d-48fd5483e65c at term 2 for appendEntries, leader elected after 26ms
2019-09-28 01:24:37,648 [grpc-default-executor-1] INFO  impl.RaftServerImpl (ServerState.java:setRaftConf(354)) - ad975564-5630-4282-b461-53b5e1a77035@group-DB34566CDB35: set configuration 1: [1f35d54e-5d91-478d-890d-48fd5483e65c:192.168.151.82:37574, ad975564-5630-4282-b461-53b5e1a77035:192.168.151.82:45714, 56ead053-3964-44ed-9670-c8ae4c2fbfaa:192.168.151.82:41964], old=null at 1
2019-09-28 01:24:37,648 [grpc-default-executor-1] INFO  segmented.SegmentedRaftLogWorker (SegmentedRaftLogWorker.java:rollLogSegment(385)) - ad975564-5630-4282-b461-53b5e1a77035@group-DB34566CDB35-SegmentedRaftLogWorker: Rolling segment log-0_0 to index:0
2019-09-28 01:24:37,649 [ad975564-5630-4282-b461-53b5e1a77035@group-DB34566CDB35-SegmentedRaftLogWorker] INFO  segmented.SegmentedRaftLogWorker (SegmentedRaftLogWorker.java:execute(526)) - ad975564-5630-4282-b461-53b5e1a77035@group-DB34566CDB35-SegmentedRaftLogWorker: Rolled log segment from /workdir/hadoop-ozone/integration-test/target/test-dir/MiniOzoneClusterImpl-8eac2880-3418-4680-a8af-a58fbadabff3/datanode-8/data/ratis/8cd9a930-4f84-4da6-a1dd-db34566cdb35/current/log_inprogress_0 to /workdir/hadoop-ozone/integration-test/target/test-dir/MiniOzoneClusterImpl-8eac2880-3418-4680-a8af-a58fbadabff3/datanode-8/data/ratis/8cd9a930-4f84-4da6-a1dd-db34566cdb35/current/log_0-0
2019-09-28 01:24:37,697 [1f35d54e-5d91-478d-890d-48fd5483e65c@group-DB34566CDB35-SegmentedRaftLogWorker] INFO  segmented.SegmentedRaftLogWorker (SegmentedRaftLogWorker.java:execute(569)) - 1f35d54e-5d91-478d-890d-48fd5483e65c@group-DB34566CDB35-SegmentedRaftLogWorker: created new log segment /workdir/hadoop-ozone/integration-test/target/test-dir/MiniOzoneClusterImpl-8eac2880-3418-4680-a8af-a58fbadabff3/datanode-9/data/ratis/8cd9a930-4f84-4da6-a1dd-db34566cdb35/current/log_inprogress_1
2019-09-28 01:24:37,697 [ad975564-5630-4282-b461-53b5e1a77035@group-DB34566CDB35-SegmentedRaftLogWorker] INFO  segmented.SegmentedRaftLogWorker (SegmentedRaftLogWorker.java:execute(569)) - ad975564-5630-4282-b461-53b5e1a77035@group-DB34566CDB35-SegmentedRaftLogWorker: created new log segment /workdir/hadoop-ozone/integration-test/target/test-dir/MiniOzoneClusterImpl-8eac2880-3418-4680-a8af-a58fbadabff3/datanode-8/data/ratis/8cd9a930-4f84-4da6-a1dd-db34566cdb35/current/log_inprogress_1
2019-09-28 01:24:37,713 [grpc-default-executor-1] WARN  server.GrpcLogAppender (LogUtils.java:warn(134)) - 1f35d54e-5d91-478d-890d-48fd5483e65c@group-DB34566CDB35->56ead053-3964-44ed-9670-c8ae4c2fbfaa-AppendLogResponseHandler: Failed appendEntries: org.apache.ratis.thirdparty.io.grpc.StatusRuntimeException: UNAVAILABLE: io exception
2019-09-28 01:24:37,713 [grpc-default-executor-1] INFO  impl.FollowerInfo (FollowerInfo.java:lambda$new$0(51)) - 1f35d54e-5d91-478d-890d-48fd5483e65c@group-DB34566CDB35->56ead053-3964-44ed-9670-c8ae4c2fbfaa: nextIndex: updateUnconditionally 1 -> 0
2019-09-28 01:24:37,727 [grpc-default-executor-6] WARN  server.GrpcLogAppender (LogUtils.java:warn(134)) - 1f35d54e-5d91-478d-890d-48fd5483e65c@group-DB34566CDB35->56ead053-3964-44ed-9670-c8ae4c2fbfaa-AppendLogResponseHandler: Failed appendEntries: org.apache.ratis.thirdparty.io.grpc.StatusRuntimeException: UNAVAILABLE: io exception
2019-09-28 01:24:37,727 [grpc-default-executor-6] INFO  impl.FollowerInfo (FollowerInfo.java:lambda$new$0(51)) - 1f35d54e-5d91-478d-890d-48fd5483e65c@group-DB34566CDB35->56ead053-3964-44ed-9670-c8ae4c2fbfaa: nextIndex: updateUnconditionally 1 -> 0
2019-09-28 01:24:37,909 [Thread-8193] INFO  impl.FollowerState (FollowerState.java:run(106)) - 8d9bf5b9-80ed-47d1-abcd-8ac159088982:group-41934B498518 changes to CANDIDATE, lastRpcTime:1912, electionTimeout:1027ms
2019-09-28 01:24:37,909 [Thread-8193] INFO  impl.RoleInfo (RoleInfo.java:shutdownFollowerState(121)) - 8d9bf5b9-80ed-47d1-abcd-8ac159088982: shutdown FollowerState
2019-09-28 01:24:37,909 [Thread-8193] INFO  impl.RaftServerImpl (RaftServerImpl.java:setRole(174)) - 8d9bf5b9-80ed-47d1-abcd-8ac159088982@group-41934B498518: changes role from  FOLLOWER to CANDIDATE at term 2 for changeToCandidate
2019-09-28 01:24:37,910 [Thread-8193] INFO  impl.RoleInfo (RoleInfo.java:updateAndGet(143)) - 8d9bf5b9-80ed-47d1-abcd-8ac159088982: start LeaderElection
2019-09-28 01:24:37,910 [8d9bf5b9-80ed-47d1-abcd-8ac159088982@group-41934B498518:LeaderElection161] INFO  impl.RaftServerImpl (ServerState.java:setLeader(253)) - 8d9bf5b9-80ed-47d1-abcd-8ac159088982@group-41934B498518: change Leader from 2105b257-0142-410d-878a-3a42adc43937 to null at term 2 for initElection
2019-09-28 01:24:37,924 [8d9bf5b9-80ed-47d1-abcd-8ac159088982@group-41934B498518:LeaderElection161] INFO  impl.LeaderElection (LeaderElection.java:askForVotes(182)) - 8d9bf5b9-80ed-47d1-abcd-8ac159088982@group-41934B498518:LeaderElection161: begin an election at term 3 for 0: [599625e3-e1cb-4b64-bc73-5b316e5767eb:192.168.151.82:41958, 8d9bf5b9-80ed-47d1-abcd-8ac159088982:192.168.151.82:45900, 2105b257-0142-410d-878a-3a42adc43937:192.168.151.82:40343], old=null
2019-09-28 01:24:37,927 [8d9bf5b9-80ed-47d1-abcd-8ac159088982@group-41934B498518:LeaderElection161] INFO  impl.LeaderElection (LogUtils.java:infoOrTrace(149)) - 8d9bf5b9-80ed-47d1-abcd-8ac159088982@group-41934B498518:LeaderElection161 got exception when requesting votes: {}
java.util.concurrent.ExecutionException: org.apache.ratis.thirdparty.io.grpc.StatusRuntimeException: UNAVAILABLE: io exception
	at java.util.concurrent.FutureTask.report(FutureTask.java:122)
	at java.util.concurrent.FutureTask.get(FutureTask.java:192)
	at org.apache.ratis.server.impl.LeaderElection.waitForResults(LeaderElection.java:263)
	at org.apache.ratis.server.impl.LeaderElection.askForVotes(LeaderElection.java:201)
	at org.apache.ratis.server.impl.LeaderElection.run(LeaderElection.java:133)
	at java.lang.Thread.run(Thread.java:748)
Caused by: org.apache.ratis.thirdparty.io.grpc.StatusRuntimeException: UNAVAILABLE: io exception
	at org.apache.ratis.thirdparty.io.grpc.stub.ClientCalls.toStatusRuntimeException(ClientCalls.java:233)
	at org.apache.ratis.thirdparty.io.grpc.stub.ClientCalls.getUnchecked(ClientCalls.java:214)
	at org.apache.ratis.thirdparty.io.grpc.stub.ClientCalls.blockingUnaryCall(ClientCalls.java:139)
	at org.apache.ratis.proto.grpc.RaftServerProtocolServiceGrpc$RaftServerProtocolServiceBlockingStub.requestVote(RaftServerProtocolServiceGrpc.java:265)
	at org.apache.ratis.grpc.server.GrpcServerProtocolClient.requestVote(GrpcServerProtocolClient.java:90)
	at org.apache.ratis.grpc.server.GrpcService.requestVote(GrpcService.java:204)
	at org.apache.ratis.server.impl.LeaderElection.lambda$submitRequests$1(LeaderElection.java:238)
	at java.util.concurrent.FutureTask.run(FutureTask.java:266)
	at java.util.concurrent.Executors$RunnableAdapter.call(Executors.java:511)
	at java.util.concurrent.FutureTask.run(FutureTask.java:266)
	at java.util.concurrent.ThreadPoolExecutor.runWorker(ThreadPoolExecutor.java:1149)
	at java.util.concurrent.ThreadPoolExecutor$Worker.run(ThreadPoolExecutor.java:624)
	... 1 more
Caused by: org.apache.ratis.thirdparty.io.netty.channel.AbstractChannel$AnnotatedConnectException: Connection refused: /192.168.151.82:41958
	at sun.nio.ch.SocketChannelImpl.checkConnect(Native Method)
	at sun.nio.ch.SocketChannelImpl.finishConnect(SocketChannelImpl.java:717)
	at org.apache.ratis.thirdparty.io.netty.channel.socket.nio.NioSocketChannel.doFinishConnect(NioSocketChannel.java:327)
	at org.apache.ratis.thirdparty.io.netty.channel.nio.AbstractNioChannel$AbstractNioUnsafe.finishConnect(AbstractNioChannel.java:340)
	at org.apache.ratis.thirdparty.io.netty.channel.nio.NioEventLoop.processSelectedKey(NioEventLoop.java:632)
	at org.apache.ratis.thirdparty.io.netty.channel.nio.NioEventLoop.processSelectedKeysOptimized(NioEventLoop.java:579)
	at org.apache.ratis.thirdparty.io.netty.channel.nio.NioEventLoop.processSelectedKeys(NioEventLoop.java:496)
	at org.apache.ratis.thirdparty.io.netty.channel.nio.NioEventLoop.run(NioEventLoop.java:458)
	at org.apache.ratis.thirdparty.io.netty.util.concurrent.SingleThreadEventExecutor$5.run(SingleThreadEventExecutor.java:897)
	at org.apache.ratis.thirdparty.io.netty.util.concurrent.FastThreadLocalRunnable.run(FastThreadLocalRunnable.java:30)
	... 1 more
Caused by: java.net.ConnectException: Connection refused
	... 11 more
2019-09-28 01:24:37,927 [8d9bf5b9-80ed-47d1-abcd-8ac159088982@group-41934B498518:LeaderElection161] INFO  impl.LeaderElection (LogUtils.java:infoOrTrace(149)) - 8d9bf5b9-80ed-47d1-abcd-8ac159088982@group-41934B498518:LeaderElection161 got exception when requesting votes: {}
java.util.concurrent.ExecutionException: org.apache.ratis.thirdparty.io.grpc.StatusRuntimeException: UNAVAILABLE: io exception
	at java.util.concurrent.FutureTask.report(FutureTask.java:122)
	at java.util.concurrent.FutureTask.get(FutureTask.java:192)
	at org.apache.ratis.server.impl.LeaderElection.waitForResults(LeaderElection.java:263)
	at org.apache.ratis.server.impl.LeaderElection.askForVotes(LeaderElection.java:201)
	at org.apache.ratis.server.impl.LeaderElection.run(LeaderElection.java:133)
	at java.lang.Thread.run(Thread.java:748)
Caused by: org.apache.ratis.thirdparty.io.grpc.StatusRuntimeException: UNAVAILABLE: io exception
	at org.apache.ratis.thirdparty.io.grpc.stub.ClientCalls.toStatusRuntimeException(ClientCalls.java:233)
	at org.apache.ratis.thirdparty.io.grpc.stub.ClientCalls.getUnchecked(ClientCalls.java:214)
	at org.apache.ratis.thirdparty.io.grpc.stub.ClientCalls.blockingUnaryCall(ClientCalls.java:139)
	at org.apache.ratis.proto.grpc.RaftServerProtocolServiceGrpc$RaftServerProtocolServiceBlockingStub.requestVote(RaftServerProtocolServiceGrpc.java:265)
	at org.apache.ratis.grpc.server.GrpcServerProtocolClient.requestVote(GrpcServerProtocolClient.java:90)
	at org.apache.ratis.grpc.server.GrpcService.requestVote(GrpcService.java:204)
	at org.apache.ratis.server.impl.LeaderElection.lambda$submitRequests$1(LeaderElection.java:238)
	at java.util.concurrent.FutureTask.run(FutureTask.java:266)
	at java.util.concurrent.Executors$RunnableAdapter.call(Executors.java:511)
	at java.util.concurrent.FutureTask.run(FutureTask.java:266)
	at java.util.concurrent.ThreadPoolExecutor.runWorker(ThreadPoolExecutor.java:1149)
	at java.util.concurrent.ThreadPoolExecutor$Worker.run(ThreadPoolExecutor.java:624)
	... 1 more
Caused by: org.apache.ratis.thirdparty.io.netty.channel.AbstractChannel$AnnotatedConnectException: Connection refused: /192.168.151.82:40343
	at sun.nio.ch.SocketChannelImpl.checkConnect(Native Method)
	at sun.nio.ch.SocketChannelImpl.finishConnect(SocketChannelImpl.java:717)
	at org.apache.ratis.thirdparty.io.netty.channel.socket.nio.NioSocketChannel.doFinishConnect(NioSocketChannel.java:327)
	at org.apache.ratis.thirdparty.io.netty.channel.nio.AbstractNioChannel$AbstractNioUnsafe.finishConnect(AbstractNioChannel.java:340)
	at org.apache.ratis.thirdparty.io.netty.channel.nio.NioEventLoop.processSelectedKey(NioEventLoop.java:632)
	at org.apache.ratis.thirdparty.io.netty.channel.nio.NioEventLoop.processSelectedKeysOptimized(NioEventLoop.java:579)
	at org.apache.ratis.thirdparty.io.netty.channel.nio.NioEventLoop.processSelectedKeys(NioEventLoop.java:496)
	at org.apache.ratis.thirdparty.io.netty.channel.nio.NioEventLoop.run(NioEventLoop.java:458)
	at org.apache.ratis.thirdparty.io.netty.util.concurrent.SingleThreadEventExecutor$5.run(SingleThreadEventExecutor.java:897)
	at org.apache.ratis.thirdparty.io.netty.util.concurrent.FastThreadLocalRunnable.run(FastThreadLocalRunnable.java:30)
	... 1 more
Caused by: java.net.ConnectException: Connection refused
	... 11 more
2019-09-28 01:24:37,928 [8d9bf5b9-80ed-47d1-abcd-8ac159088982@group-41934B498518:LeaderElection161] INFO  impl.LeaderElection (LeaderElection.java:logAndReturn(56)) - 8d9bf5b9-80ed-47d1-abcd-8ac159088982@group-41934B498518:LeaderElection161: Election REJECTED; received 0 response(s) [] and 2 exception(s); 8d9bf5b9-80ed-47d1-abcd-8ac159088982@group-41934B498518:t3, leader=null, voted=8d9bf5b9-80ed-47d1-abcd-8ac159088982, raftlog=8d9bf5b9-80ed-47d1-abcd-8ac159088982@group-41934B498518-SegmentedRaftLog:OPENED:c0,f0,i0, conf=0: [599625e3-e1cb-4b64-bc73-5b316e5767eb:192.168.151.82:41958, 8d9bf5b9-80ed-47d1-abcd-8ac159088982:192.168.151.82:45900, 2105b257-0142-410d-878a-3a42adc43937:192.168.151.82:40343], old=null
2019-09-28 01:24:37,928 [8d9bf5b9-80ed-47d1-abcd-8ac159088982@group-41934B498518:LeaderElection161] INFO  impl.LeaderElection (LogUtils.java:infoOrTrace(149)) -   Exception 0: {}
java.util.concurrent.ExecutionException: org.apache.ratis.thirdparty.io.grpc.StatusRuntimeException: UNAVAILABLE: io exception
	at java.util.concurrent.FutureTask.report(FutureTask.java:122)
	at java.util.concurrent.FutureTask.get(FutureTask.java:192)
	at org.apache.ratis.server.impl.LeaderElection.waitForResults(LeaderElection.java:263)
	at org.apache.ratis.server.impl.LeaderElection.askForVotes(LeaderElection.java:201)
	at org.apache.ratis.server.impl.LeaderElection.run(LeaderElection.java:133)
	at java.lang.Thread.run(Thread.java:748)
Caused by: org.apache.ratis.thirdparty.io.grpc.StatusRuntimeException: UNAVAILABLE: io exception
	at org.apache.ratis.thirdparty.io.grpc.stub.ClientCalls.toStatusRuntimeException(ClientCalls.java:233)
	at org.apache.ratis.thirdparty.io.grpc.stub.ClientCalls.getUnchecked(ClientCalls.java:214)
	at org.apache.ratis.thirdparty.io.grpc.stub.ClientCalls.blockingUnaryCall(ClientCalls.java:139)
	at org.apache.ratis.proto.grpc.RaftServerProtocolServiceGrpc$RaftServerProtocolServiceBlockingStub.requestVote(RaftServerProtocolServiceGrpc.java:265)
	at org.apache.ratis.grpc.server.GrpcServerProtocolClient.requestVote(GrpcServerProtocolClient.java:90)
	at org.apache.ratis.grpc.server.GrpcService.requestVote(GrpcService.java:204)
	at org.apache.ratis.server.impl.LeaderElection.lambda$submitRequests$1(LeaderElection.java:238)
	at java.util.concurrent.FutureTask.run(FutureTask.java:266)
	at java.util.concurrent.Executors$RunnableAdapter.call(Executors.java:511)
	at java.util.concurrent.FutureTask.run(FutureTask.java:266)
	at java.util.concurrent.ThreadPoolExecutor.runWorker(ThreadPoolExecutor.java:1149)
	at java.util.concurrent.ThreadPoolExecutor$Worker.run(ThreadPoolExecutor.java:624)
	... 1 more
Caused by: org.apache.ratis.thirdparty.io.netty.channel.AbstractChannel$AnnotatedConnectException: Connection refused: /192.168.151.82:41958
	at sun.nio.ch.SocketChannelImpl.checkConnect(Native Method)
	at sun.nio.ch.SocketChannelImpl.finishConnect(SocketChannelImpl.java:717)
	at org.apache.ratis.thirdparty.io.netty.channel.socket.nio.NioSocketChannel.doFinishConnect(NioSocketChannel.java:327)
	at org.apache.ratis.thirdparty.io.netty.channel.nio.AbstractNioChannel$AbstractNioUnsafe.finishConnect(AbstractNioChannel.java:340)
	at org.apache.ratis.thirdparty.io.netty.channel.nio.NioEventLoop.processSelectedKey(NioEventLoop.java:632)
	at org.apache.ratis.thirdparty.io.netty.channel.nio.NioEventLoop.processSelectedKeysOptimized(NioEventLoop.java:579)
	at org.apache.ratis.thirdparty.io.netty.channel.nio.NioEventLoop.processSelectedKeys(NioEventLoop.java:496)
	at org.apache.ratis.thirdparty.io.netty.channel.nio.NioEventLoop.run(NioEventLoop.java:458)
	at org.apache.ratis.thirdparty.io.netty.util.concurrent.SingleThreadEventExecutor$5.run(SingleThreadEventExecutor.java:897)
	at org.apache.ratis.thirdparty.io.netty.util.concurrent.FastThreadLocalRunnable.run(FastThreadLocalRunnable.java:30)
	... 1 more
Caused by: java.net.ConnectException: Connection refused
	... 11 more
2019-09-28 01:24:37,928 [8d9bf5b9-80ed-47d1-abcd-8ac159088982@group-41934B498518:LeaderElection161] INFO  impl.LeaderElection (LogUtils.java:infoOrTrace(149)) -   Exception 1: {}
java.util.concurrent.ExecutionException: org.apache.ratis.thirdparty.io.grpc.StatusRuntimeException: UNAVAILABLE: io exception
	at java.util.concurrent.FutureTask.report(FutureTask.java:122)
	at java.util.concurrent.FutureTask.get(FutureTask.java:192)
	at org.apache.ratis.server.impl.LeaderElection.waitForResults(LeaderElection.java:263)
	at org.apache.ratis.server.impl.LeaderElection.askForVotes(LeaderElection.java:201)
	at org.apache.ratis.server.impl.LeaderElection.run(LeaderElection.java:133)
	at java.lang.Thread.run(Thread.java:748)
Caused by: org.apache.ratis.thirdparty.io.grpc.StatusRuntimeException: UNAVAILABLE: io exception
	at org.apache.ratis.thirdparty.io.grpc.stub.ClientCalls.toStatusRuntimeException(ClientCalls.java:233)
	at org.apache.ratis.thirdparty.io.grpc.stub.ClientCalls.getUnchecked(ClientCalls.java:214)
	at org.apache.ratis.thirdparty.io.grpc.stub.ClientCalls.blockingUnaryCall(ClientCalls.java:139)
	at org.apache.ratis.proto.grpc.RaftServerProtocolServiceGrpc$RaftServerProtocolServiceBlockingStub.requestVote(RaftServerProtocolServiceGrpc.java:265)
	at org.apache.ratis.grpc.server.GrpcServerProtocolClient.requestVote(GrpcServerProtocolClient.java:90)
	at org.apache.ratis.grpc.server.GrpcService.requestVote(GrpcService.java:204)
	at org.apache.ratis.server.impl.LeaderElection.lambda$submitRequests$1(LeaderElection.java:238)
	at java.util.concurrent.FutureTask.run(FutureTask.java:266)
	at java.util.concurrent.Executors$RunnableAdapter.call(Executors.java:511)
	at java.util.concurrent.FutureTask.run(FutureTask.java:266)
	at java.util.concurrent.ThreadPoolExecutor.runWorker(ThreadPoolExecutor.java:1149)
	at java.util.concurrent.ThreadPoolExecutor$Worker.run(ThreadPoolExecutor.java:624)
	... 1 more
Caused by: org.apache.ratis.thirdparty.io.netty.channel.AbstractChannel$AnnotatedConnectException: Connection refused: /192.168.151.82:40343
	at sun.nio.ch.SocketChannelImpl.checkConnect(Native Method)
	at sun.nio.ch.SocketChannelImpl.finishConnect(SocketChannelImpl.java:717)
	at org.apache.ratis.thirdparty.io.netty.channel.socket.nio.NioSocketChannel.doFinishConnect(NioSocketChannel.java:327)
	at org.apache.ratis.thirdparty.io.netty.channel.nio.AbstractNioChannel$AbstractNioUnsafe.finishConnect(AbstractNioChannel.java:340)
	at org.apache.ratis.thirdparty.io.netty.channel.nio.NioEventLoop.processSelectedKey(NioEventLoop.java:632)
	at org.apache.ratis.thirdparty.io.netty.channel.nio.NioEventLoop.processSelectedKeysOptimized(NioEventLoop.java:579)
	at org.apache.ratis.thirdparty.io.netty.channel.nio.NioEventLoop.processSelectedKeys(NioEventLoop.java:496)
	at org.apache.ratis.thirdparty.io.netty.channel.nio.NioEventLoop.run(NioEventLoop.java:458)
	at org.apache.ratis.thirdparty.io.netty.util.concurrent.SingleThreadEventExecutor$5.run(SingleThreadEventExecutor.java:897)
	at org.apache.ratis.thirdparty.io.netty.util.concurrent.FastThreadLocalRunnable.run(FastThreadLocalRunnable.java:30)
	... 1 more
Caused by: java.net.ConnectException: Connection refused
	... 11 more
2019-09-28 01:24:37,929 [8d9bf5b9-80ed-47d1-abcd-8ac159088982@group-41934B498518:LeaderElection161] INFO  impl.RaftServerImpl (RaftServerImpl.java:setRole(174)) - 8d9bf5b9-80ed-47d1-abcd-8ac159088982@group-41934B498518: changes role from CANDIDATE to FOLLOWER at term 3 for DISCOVERED_A_NEW_TERM
2019-09-28 01:24:37,929 [8d9bf5b9-80ed-47d1-abcd-8ac159088982@group-41934B498518:LeaderElection161] INFO  impl.RoleInfo (RoleInfo.java:shutdownLeaderElection(134)) - 8d9bf5b9-80ed-47d1-abcd-8ac159088982: shutdown LeaderElection
2019-09-28 01:24:37,929 [8d9bf5b9-80ed-47d1-abcd-8ac159088982@group-41934B498518:LeaderElection161] INFO  impl.RoleInfo (RoleInfo.java:updateAndGet(143)) - 8d9bf5b9-80ed-47d1-abcd-8ac159088982: start FollowerState
2019-09-28 01:24:38,125 [grpc-default-executor-4] WARN  server.GrpcLogAppender (LogUtils.java:warn(134)) - 7b598199-e261-45fb-863c-a2bd9def5848@group-1DD11682BBC6->9acdd203-51d1-41ee-852c-319134721574-AppendLogResponseHandler: Failed appendEntries: org.apache.ratis.thirdparty.io.grpc.StatusRuntimeException: UNAVAILABLE: io exception
2019-09-28 01:24:38,125 [grpc-default-executor-4] INFO  impl.FollowerInfo (FollowerInfo.java:lambda$new$0(51)) - 7b598199-e261-45fb-863c-a2bd9def5848@group-1DD11682BBC6->9acdd203-51d1-41ee-852c-319134721574: nextIndex: updateUnconditionally 0 -> 0
2019-09-28 01:24:38,230 [grpc-default-executor-1] WARN  server.GrpcLogAppender (LogUtils.java:warn(134)) - 1f35d54e-5d91-478d-890d-48fd5483e65c@group-DB34566CDB35->56ead053-3964-44ed-9670-c8ae4c2fbfaa-AppendLogResponseHandler: Failed appendEntries: org.apache.ratis.thirdparty.io.grpc.StatusRuntimeException: UNAVAILABLE: io exception
2019-09-28 01:24:38,230 [grpc-default-executor-1] INFO  impl.FollowerInfo (FollowerInfo.java:lambda$new$0(51)) - 1f35d54e-5d91-478d-890d-48fd5483e65c@group-DB34566CDB35->56ead053-3964-44ed-9670-c8ae4c2fbfaa: nextIndex: updateUnconditionally 0 -> 0
2019-09-28 01:24:38,626 [grpc-default-executor-1] WARN  server.GrpcLogAppender (LogUtils.java:warn(134)) - 7b598199-e261-45fb-863c-a2bd9def5848@group-1DD11682BBC6->9acdd203-51d1-41ee-852c-319134721574-AppendLogResponseHandler: Failed appendEntries: org.apache.ratis.thirdparty.io.grpc.StatusRuntimeException: UNAVAILABLE: io exception
2019-09-28 01:24:38,627 [grpc-default-executor-1] INFO  impl.FollowerInfo (FollowerInfo.java:lambda$new$0(51)) - 7b598199-e261-45fb-863c-a2bd9def5848@group-1DD11682BBC6->9acdd203-51d1-41ee-852c-319134721574: nextIndex: updateUnconditionally 0 -> 0
2019-09-28 01:24:38,729 [grpc-default-executor-1] WARN  server.GrpcLogAppender (LogUtils.java:warn(134)) - 1f35d54e-5d91-478d-890d-48fd5483e65c@group-DB34566CDB35->56ead053-3964-44ed-9670-c8ae4c2fbfaa-AppendLogResponseHandler: Failed appendEntries: org.apache.ratis.thirdparty.io.grpc.StatusRuntimeException: UNAVAILABLE: io exception
2019-09-28 01:24:38,729 [grpc-default-executor-1] INFO  impl.FollowerInfo (FollowerInfo.java:lambda$new$0(51)) - 1f35d54e-5d91-478d-890d-48fd5483e65c@group-DB34566CDB35->56ead053-3964-44ed-9670-c8ae4c2fbfaa: nextIndex: updateUnconditionally 0 -> 0
2019-09-28 01:24:39,094 [Thread-9673] INFO  impl.FollowerState (FollowerState.java:run(106)) - 8d9bf5b9-80ed-47d1-abcd-8ac159088982:group-41934B498518 changes to CANDIDATE, lastRpcTime:1164, electionTimeout:1164ms
2019-09-28 01:24:39,094 [Thread-9673] INFO  impl.RoleInfo (RoleInfo.java:shutdownFollowerState(121)) - 8d9bf5b9-80ed-47d1-abcd-8ac159088982: shutdown FollowerState
2019-09-28 01:24:39,094 [Thread-9673] INFO  impl.RaftServerImpl (RaftServerImpl.java:setRole(174)) - 8d9bf5b9-80ed-47d1-abcd-8ac159088982@group-41934B498518: changes role from  FOLLOWER to CANDIDATE at term 3 for changeToCandidate
2019-09-28 01:24:39,094 [Thread-9673] INFO  impl.RoleInfo (RoleInfo.java:updateAndGet(143)) - 8d9bf5b9-80ed-47d1-abcd-8ac159088982: start LeaderElection
2019-09-28 01:24:39,121 [8d9bf5b9-80ed-47d1-abcd-8ac159088982@group-41934B498518:LeaderElection162] INFO  impl.LeaderElection (LeaderElection.java:askForVotes(182)) - 8d9bf5b9-80ed-47d1-abcd-8ac159088982@group-41934B498518:LeaderElection162: begin an election at term 4 for 0: [599625e3-e1cb-4b64-bc73-5b316e5767eb:192.168.151.82:41958, 8d9bf5b9-80ed-47d1-abcd-8ac159088982:192.168.151.82:45900, 2105b257-0142-410d-878a-3a42adc43937:192.168.151.82:40343], old=null
2019-09-28 01:24:39,122 [8d9bf5b9-80ed-47d1-abcd-8ac159088982@group-41934B498518:LeaderElection162] INFO  impl.LeaderElection (LogUtils.java:infoOrTrace(149)) - 8d9bf5b9-80ed-47d1-abcd-8ac159088982@group-41934B498518:LeaderElection162 got exception when requesting votes: {}
java.util.concurrent.ExecutionException: org.apache.ratis.thirdparty.io.grpc.StatusRuntimeException: UNAVAILABLE: io exception
	at java.util.concurrent.FutureTask.report(FutureTask.java:122)
	at java.util.concurrent.FutureTask.get(FutureTask.java:192)
	at org.apache.ratis.server.impl.LeaderElection.waitForResults(LeaderElection.java:263)
	at org.apache.ratis.server.impl.LeaderElection.askForVotes(LeaderElection.java:201)
	at org.apache.ratis.server.impl.LeaderElection.run(LeaderElection.java:133)
	at java.lang.Thread.run(Thread.java:748)
Caused by: org.apache.ratis.thirdparty.io.grpc.StatusRuntimeException: UNAVAILABLE: io exception
	at org.apache.ratis.thirdparty.io.grpc.stub.ClientCalls.toStatusRuntimeException(ClientCalls.java:233)
	at org.apache.ratis.thirdparty.io.grpc.stub.ClientCalls.getUnchecked(ClientCalls.java:214)
	at org.apache.ratis.thirdparty.io.grpc.stub.ClientCalls.blockingUnaryCall(ClientCalls.java:139)
	at org.apache.ratis.proto.grpc.RaftServerProtocolServiceGrpc$RaftServerProtocolServiceBlockingStub.requestVote(RaftServerProtocolServiceGrpc.java:265)
	at org.apache.ratis.grpc.server.GrpcServerProtocolClient.requestVote(GrpcServerProtocolClient.java:90)
	at org.apache.ratis.grpc.server.GrpcService.requestVote(GrpcService.java:204)
	at org.apache.ratis.server.impl.LeaderElection.lambda$submitRequests$1(LeaderElection.java:238)
	at java.util.concurrent.FutureTask.run(FutureTask.java:266)
	at java.util.concurrent.Executors$RunnableAdapter.call(Executors.java:511)
	at java.util.concurrent.FutureTask.run(FutureTask.java:266)
	at java.util.concurrent.ThreadPoolExecutor.runWorker(ThreadPoolExecutor.java:1149)
	at java.util.concurrent.ThreadPoolExecutor$Worker.run(ThreadPoolExecutor.java:624)
	... 1 more
Caused by: org.apache.ratis.thirdparty.io.netty.channel.AbstractChannel$AnnotatedConnectException: Connection refused: /192.168.151.82:41958
	at sun.nio.ch.SocketChannelImpl.checkConnect(Native Method)
	at sun.nio.ch.SocketChannelImpl.finishConnect(SocketChannelImpl.java:717)
	at org.apache.ratis.thirdparty.io.netty.channel.socket.nio.NioSocketChannel.doFinishConnect(NioSocketChannel.java:327)
	at org.apache.ratis.thirdparty.io.netty.channel.nio.AbstractNioChannel$AbstractNioUnsafe.finishConnect(AbstractNioChannel.java:340)
	at org.apache.ratis.thirdparty.io.netty.channel.nio.NioEventLoop.processSelectedKey(NioEventLoop.java:632)
	at org.apache.ratis.thirdparty.io.netty.channel.nio.NioEventLoop.processSelectedKeysOptimized(NioEventLoop.java:579)
	at org.apache.ratis.thirdparty.io.netty.channel.nio.NioEventLoop.processSelectedKeys(NioEventLoop.java:496)
	at org.apache.ratis.thirdparty.io.netty.channel.nio.NioEventLoop.run(NioEventLoop.java:458)
	at org.apache.ratis.thirdparty.io.netty.util.concurrent.SingleThreadEventExecutor$5.run(SingleThreadEventExecutor.java:897)
	at org.apache.ratis.thirdparty.io.netty.util.concurrent.FastThreadLocalRunnable.run(FastThreadLocalRunnable.java:30)
	... 1 more
Caused by: java.net.ConnectException: Connection refused
	... 11 more
2019-09-28 01:24:39,122 [8d9bf5b9-80ed-47d1-abcd-8ac159088982@group-41934B498518:LeaderElection162] INFO  impl.LeaderElection (LogUtils.java:infoOrTrace(149)) - 8d9bf5b9-80ed-47d1-abcd-8ac159088982@group-41934B498518:LeaderElection162 got exception when requesting votes: {}
java.util.concurrent.ExecutionException: org.apache.ratis.thirdparty.io.grpc.StatusRuntimeException: UNAVAILABLE: io exception
	at java.util.concurrent.FutureTask.report(FutureTask.java:122)
	at java.util.concurrent.FutureTask.get(FutureTask.java:192)
	at org.apache.ratis.server.impl.LeaderElection.waitForResults(LeaderElection.java:263)
	at org.apache.ratis.server.impl.LeaderElection.askForVotes(LeaderElection.java:201)
	at org.apache.ratis.server.impl.LeaderElection.run(LeaderElection.java:133)
	at java.lang.Thread.run(Thread.java:748)
Caused by: org.apache.ratis.thirdparty.io.grpc.StatusRuntimeException: UNAVAILABLE: io exception
	at org.apache.ratis.thirdparty.io.grpc.stub.ClientCalls.toStatusRuntimeException(ClientCalls.java:233)
	at org.apache.ratis.thirdparty.io.grpc.stub.ClientCalls.getUnchecked(ClientCalls.java:214)
	at org.apache.ratis.thirdparty.io.grpc.stub.ClientCalls.blockingUnaryCall(ClientCalls.java:139)
	at org.apache.ratis.proto.grpc.RaftServerProtocolServiceGrpc$RaftServerProtocolServiceBlockingStub.requestVote(RaftServerProtocolServiceGrpc.java:265)
	at org.apache.ratis.grpc.server.GrpcServerProtocolClient.requestVote(GrpcServerProtocolClient.java:90)
	at org.apache.ratis.grpc.server.GrpcService.requestVote(GrpcService.java:204)
	at org.apache.ratis.server.impl.LeaderElection.lambda$submitRequests$1(LeaderElection.java:238)
	at java.util.concurrent.FutureTask.run(FutureTask.java:266)
	at java.util.concurrent.Executors$RunnableAdapter.call(Executors.java:511)
	at java.util.concurrent.FutureTask.run(FutureTask.java:266)
	at java.util.concurrent.ThreadPoolExecutor.runWorker(ThreadPoolExecutor.java:1149)
	at java.util.concurrent.ThreadPoolExecutor$Worker.run(ThreadPoolExecutor.java:624)
	... 1 more
Caused by: org.apache.ratis.thirdparty.io.netty.channel.AbstractChannel$AnnotatedConnectException: Connection refused: /192.168.151.82:40343
	at sun.nio.ch.SocketChannelImpl.checkConnect(Native Method)
	at sun.nio.ch.SocketChannelImpl.finishConnect(SocketChannelImpl.java:717)
	at org.apache.ratis.thirdparty.io.netty.channel.socket.nio.NioSocketChannel.doFinishConnect(NioSocketChannel.java:327)
	at org.apache.ratis.thirdparty.io.netty.channel.nio.AbstractNioChannel$AbstractNioUnsafe.finishConnect(AbstractNioChannel.java:340)
	at org.apache.ratis.thirdparty.io.netty.channel.nio.NioEventLoop.processSelectedKey(NioEventLoop.java:632)
	at org.apache.ratis.thirdparty.io.netty.channel.nio.NioEventLoop.processSelectedKeysOptimized(NioEventLoop.java:579)
	at org.apache.ratis.thirdparty.io.netty.channel.nio.NioEventLoop.processSelectedKeys(NioEventLoop.java:496)
	at org.apache.ratis.thirdparty.io.netty.channel.nio.NioEventLoop.run(NioEventLoop.java:458)
	at org.apache.ratis.thirdparty.io.netty.util.concurrent.SingleThreadEventExecutor$5.run(SingleThreadEventExecutor.java:897)
	at org.apache.ratis.thirdparty.io.netty.util.concurrent.FastThreadLocalRunnable.run(FastThreadLocalRunnable.java:30)
	... 1 more
Caused by: java.net.ConnectException: Connection refused
	... 11 more
2019-09-28 01:24:39,123 [8d9bf5b9-80ed-47d1-abcd-8ac159088982@group-41934B498518:LeaderElection162] INFO  impl.LeaderElection (LeaderElection.java:logAndReturn(56)) - 8d9bf5b9-80ed-47d1-abcd-8ac159088982@group-41934B498518:LeaderElection162: Election REJECTED; received 0 response(s) [] and 2 exception(s); 8d9bf5b9-80ed-47d1-abcd-8ac159088982@group-41934B498518:t4, leader=null, voted=8d9bf5b9-80ed-47d1-abcd-8ac159088982, raftlog=8d9bf5b9-80ed-47d1-abcd-8ac159088982@group-41934B498518-SegmentedRaftLog:OPENED:c0,f0,i0, conf=0: [599625e3-e1cb-4b64-bc73-5b316e5767eb:192.168.151.82:41958, 8d9bf5b9-80ed-47d1-abcd-8ac159088982:192.168.151.82:45900, 2105b257-0142-410d-878a-3a42adc43937:192.168.151.82:40343], old=null
2019-09-28 01:24:39,123 [8d9bf5b9-80ed-47d1-abcd-8ac159088982@group-41934B498518:LeaderElection162] INFO  impl.LeaderElection (LogUtils.java:infoOrTrace(149)) -   Exception 0: {}
java.util.concurrent.ExecutionException: org.apache.ratis.thirdparty.io.grpc.StatusRuntimeException: UNAVAILABLE: io exception
	at java.util.concurrent.FutureTask.report(FutureTask.java:122)
	at java.util.concurrent.FutureTask.get(FutureTask.java:192)
	at org.apache.ratis.server.impl.LeaderElection.waitForResults(LeaderElection.java:263)
	at org.apache.ratis.server.impl.LeaderElection.askForVotes(LeaderElection.java:201)
	at org.apache.ratis.server.impl.LeaderElection.run(LeaderElection.java:133)
	at java.lang.Thread.run(Thread.java:748)
Caused by: org.apache.ratis.thirdparty.io.grpc.StatusRuntimeException: UNAVAILABLE: io exception
	at org.apache.ratis.thirdparty.io.grpc.stub.ClientCalls.toStatusRuntimeException(ClientCalls.java:233)
	at org.apache.ratis.thirdparty.io.grpc.stub.ClientCalls.getUnchecked(ClientCalls.java:214)
	at org.apache.ratis.thirdparty.io.grpc.stub.ClientCalls.blockingUnaryCall(ClientCalls.java:139)
	at org.apache.ratis.proto.grpc.RaftServerProtocolServiceGrpc$RaftServerProtocolServiceBlockingStub.requestVote(RaftServerProtocolServiceGrpc.java:265)
	at org.apache.ratis.grpc.server.GrpcServerProtocolClient.requestVote(GrpcServerProtocolClient.java:90)
	at org.apache.ratis.grpc.server.GrpcService.requestVote(GrpcService.java:204)
	at org.apache.ratis.server.impl.LeaderElection.lambda$submitRequests$1(LeaderElection.java:238)
	at java.util.concurrent.FutureTask.run(FutureTask.java:266)
	at java.util.concurrent.Executors$RunnableAdapter.call(Executors.java:511)
	at java.util.concurrent.FutureTask.run(FutureTask.java:266)
	at java.util.concurrent.ThreadPoolExecutor.runWorker(ThreadPoolExecutor.java:1149)
	at java.util.concurrent.ThreadPoolExecutor$Worker.run(ThreadPoolExecutor.java:624)
	... 1 more
Caused by: org.apache.ratis.thirdparty.io.netty.channel.AbstractChannel$AnnotatedConnectException: Connection refused: /192.168.151.82:41958
	at sun.nio.ch.SocketChannelImpl.checkConnect(Native Method)
	at sun.nio.ch.SocketChannelImpl.finishConnect(SocketChannelImpl.java:717)
	at org.apache.ratis.thirdparty.io.netty.channel.socket.nio.NioSocketChannel.doFinishConnect(NioSocketChannel.java:327)
	at org.apache.ratis.thirdparty.io.netty.channel.nio.AbstractNioChannel$AbstractNioUnsafe.finishConnect(AbstractNioChannel.java:340)
	at org.apache.ratis.thirdparty.io.netty.channel.nio.NioEventLoop.processSelectedKey(NioEventLoop.java:632)
	at org.apache.ratis.thirdparty.io.netty.channel.nio.NioEventLoop.processSelectedKeysOptimized(NioEventLoop.java:579)
	at org.apache.ratis.thirdparty.io.netty.channel.nio.NioEventLoop.processSelectedKeys(NioEventLoop.java:496)
	at org.apache.ratis.thirdparty.io.netty.channel.nio.NioEventLoop.run(NioEventLoop.java:458)
	at org.apache.ratis.thirdparty.io.netty.util.concurrent.SingleThreadEventExecutor$5.run(SingleThreadEventExecutor.java:897)
	at org.apache.ratis.thirdparty.io.netty.util.concurrent.FastThreadLocalRunnable.run(FastThreadLocalRunnable.java:30)
	... 1 more
Caused by: java.net.ConnectException: Connection refused
	... 11 more
2019-09-28 01:24:39,123 [8d9bf5b9-80ed-47d1-abcd-8ac159088982@group-41934B498518:LeaderElection162] INFO  impl.LeaderElection (LogUtils.java:infoOrTrace(149)) -   Exception 1: {}
java.util.concurrent.ExecutionException: org.apache.ratis.thirdparty.io.grpc.StatusRuntimeException: UNAVAILABLE: io exception
	at java.util.concurrent.FutureTask.report(FutureTask.java:122)
	at java.util.concurrent.FutureTask.get(FutureTask.java:192)
	at org.apache.ratis.server.impl.LeaderElection.waitForResults(LeaderElection.java:263)
	at org.apache.ratis.server.impl.LeaderElection.askForVotes(LeaderElection.java:201)
	at org.apache.ratis.server.impl.LeaderElection.run(LeaderElection.java:133)
	at java.lang.Thread.run(Thread.java:748)
Caused by: org.apache.ratis.thirdparty.io.grpc.StatusRuntimeException: UNAVAILABLE: io exception
	at org.apache.ratis.thirdparty.io.grpc.stub.ClientCalls.toStatusRuntimeException(ClientCalls.java:233)
	at org.apache.ratis.thirdparty.io.grpc.stub.ClientCalls.getUnchecked(ClientCalls.java:214)
	at org.apache.ratis.thirdparty.io.grpc.stub.ClientCalls.blockingUnaryCall(ClientCalls.java:139)
	at org.apache.ratis.proto.grpc.RaftServerProtocolServiceGrpc$RaftServerProtocolServiceBlockingStub.requestVote(RaftServerProtocolServiceGrpc.java:265)
	at org.apache.ratis.grpc.server.GrpcServerProtocolClient.requestVote(GrpcServerProtocolClient.java:90)
	at org.apache.ratis.grpc.server.GrpcService.requestVote(GrpcService.java:204)
	at org.apache.ratis.server.impl.LeaderElection.lambda$submitRequests$1(LeaderElection.java:238)
	at java.util.concurrent.FutureTask.run(FutureTask.java:266)
	at java.util.concurrent.Executors$RunnableAdapter.call(Executors.java:511)
	at java.util.concurrent.FutureTask.run(FutureTask.java:266)
	at java.util.concurrent.ThreadPoolExecutor.runWorker(ThreadPoolExecutor.java:1149)
	at java.util.concurrent.ThreadPoolExecutor$Worker.run(ThreadPoolExecutor.java:624)
	... 1 more
Caused by: org.apache.ratis.thirdparty.io.netty.channel.AbstractChannel$AnnotatedConnectException: Connection refused: /192.168.151.82:40343
	at sun.nio.ch.SocketChannelImpl.checkConnect(Native Method)
	at sun.nio.ch.SocketChannelImpl.finishConnect(SocketChannelImpl.java:717)
	at org.apache.ratis.thirdparty.io.netty.channel.socket.nio.NioSocketChannel.doFinishConnect(NioSocketChannel.java:327)
	at org.apache.ratis.thirdparty.io.netty.channel.nio.AbstractNioChannel$AbstractNioUnsafe.finishConnect(AbstractNioChannel.java:340)
	at org.apache.ratis.thirdparty.io.netty.channel.nio.NioEventLoop.processSelectedKey(NioEventLoop.java:632)
	at org.apache.ratis.thirdparty.io.netty.channel.nio.NioEventLoop.processSelectedKeysOptimized(NioEventLoop.java:579)
	at org.apache.ratis.thirdparty.io.netty.channel.nio.NioEventLoop.processSelectedKeys(NioEventLoop.java:496)
	at org.apache.ratis.thirdparty.io.netty.channel.nio.NioEventLoop.run(NioEventLoop.java:458)
	at org.apache.ratis.thirdparty.io.netty.util.concurrent.SingleThreadEventExecutor$5.run(SingleThreadEventExecutor.java:897)
	at org.apache.ratis.thirdparty.io.netty.util.concurrent.FastThreadLocalRunnable.run(FastThreadLocalRunnable.java:30)
	... 1 more
Caused by: java.net.ConnectException: Connection refused
	... 11 more
2019-09-28 01:24:39,124 [8d9bf5b9-80ed-47d1-abcd-8ac159088982@group-41934B498518:LeaderElection162] INFO  impl.RaftServerImpl (RaftServerImpl.java:setRole(174)) - 8d9bf5b9-80ed-47d1-abcd-8ac159088982@group-41934B498518: changes role from CANDIDATE to FOLLOWER at term 4 for DISCOVERED_A_NEW_TERM
2019-09-28 01:24:39,124 [8d9bf5b9-80ed-47d1-abcd-8ac159088982@group-41934B498518:LeaderElection162] INFO  impl.RoleInfo (RoleInfo.java:shutdownLeaderElection(134)) - 8d9bf5b9-80ed-47d1-abcd-8ac159088982: shutdown LeaderElection
2019-09-28 01:24:39,124 [8d9bf5b9-80ed-47d1-abcd-8ac159088982@group-41934B498518:LeaderElection162] INFO  impl.RoleInfo (RoleInfo.java:updateAndGet(143)) - 8d9bf5b9-80ed-47d1-abcd-8ac159088982: start FollowerState
2019-09-28 01:24:39,127 [grpc-default-executor-6] WARN  server.GrpcLogAppender (LogUtils.java:warn(134)) - 7b598199-e261-45fb-863c-a2bd9def5848@group-1DD11682BBC6->9acdd203-51d1-41ee-852c-319134721574-AppendLogResponseHandler: Failed appendEntries: org.apache.ratis.thirdparty.io.grpc.StatusRuntimeException: UNAVAILABLE: io exception
2019-09-28 01:24:39,127 [grpc-default-executor-6] INFO  impl.FollowerInfo (FollowerInfo.java:lambda$new$0(51)) - 7b598199-e261-45fb-863c-a2bd9def5848@group-1DD11682BBC6->9acdd203-51d1-41ee-852c-319134721574: nextIndex: updateUnconditionally 0 -> 0
2019-09-28 01:24:39,229 [grpc-default-executor-6] WARN  server.GrpcLogAppender (LogUtils.java:warn(134)) - 1f35d54e-5d91-478d-890d-48fd5483e65c@group-DB34566CDB35->56ead053-3964-44ed-9670-c8ae4c2fbfaa-AppendLogResponseHandler: Failed appendEntries: org.apache.ratis.thirdparty.io.grpc.StatusRuntimeException: UNAVAILABLE: io exception
2019-09-28 01:24:39,234 [grpc-default-executor-6] INFO  impl.FollowerInfo (FollowerInfo.java:lambda$new$0(51)) - 1f35d54e-5d91-478d-890d-48fd5483e65c@group-DB34566CDB35->56ead053-3964-44ed-9670-c8ae4c2fbfaa: nextIndex: updateUnconditionally 0 -> 0
2019-09-28 01:24:39,628 [grpc-default-executor-1] WARN  server.GrpcLogAppender (LogUtils.java:warn(134)) - 7b598199-e261-45fb-863c-a2bd9def5848@group-1DD11682BBC6->9acdd203-51d1-41ee-852c-319134721574-AppendLogResponseHandler: Failed appendEntries: org.apache.ratis.thirdparty.io.grpc.StatusRuntimeException: UNAVAILABLE: io exception
2019-09-28 01:24:39,628 [grpc-default-executor-1] INFO  impl.FollowerInfo (FollowerInfo.java:lambda$new$0(51)) - 7b598199-e261-45fb-863c-a2bd9def5848@group-1DD11682BBC6->9acdd203-51d1-41ee-852c-319134721574: nextIndex: updateUnconditionally 0 -> 0
2019-09-28 01:24:39,730 [grpc-default-executor-4] WARN  server.GrpcLogAppender (LogUtils.java:warn(134)) - 1f35d54e-5d91-478d-890d-48fd5483e65c@group-DB34566CDB35->56ead053-3964-44ed-9670-c8ae4c2fbfaa-AppendLogResponseHandler: Failed appendEntries: org.apache.ratis.thirdparty.io.grpc.StatusRuntimeException: UNAVAILABLE: io exception
2019-09-28 01:24:39,730 [grpc-default-executor-4] INFO  impl.FollowerInfo (FollowerInfo.java:lambda$new$0(51)) - 1f35d54e-5d91-478d-890d-48fd5483e65c@group-DB34566CDB35->56ead053-3964-44ed-9670-c8ae4c2fbfaa: nextIndex: updateUnconditionally 0 -> 0
2019-09-28 01:24:40,129 [grpc-default-executor-6] WARN  server.GrpcLogAppender (LogUtils.java:warn(134)) - 7b598199-e261-45fb-863c-a2bd9def5848@group-1DD11682BBC6->9acdd203-51d1-41ee-852c-319134721574-AppendLogResponseHandler: Failed appendEntries: org.apache.ratis.thirdparty.io.grpc.StatusRuntimeException: UNAVAILABLE: io exception
2019-09-28 01:24:40,129 [grpc-default-executor-6] INFO  impl.FollowerInfo (FollowerInfo.java:lambda$new$0(51)) - 7b598199-e261-45fb-863c-a2bd9def5848@group-1DD11682BBC6->9acdd203-51d1-41ee-852c-319134721574: nextIndex: updateUnconditionally 0 -> 0
2019-09-28 01:24:40,146 [Thread-9681] INFO  impl.FollowerState (FollowerState.java:run(106)) - 8d9bf5b9-80ed-47d1-abcd-8ac159088982:group-41934B498518 changes to CANDIDATE, lastRpcTime:1021, electionTimeout:1021ms
2019-09-28 01:24:40,146 [Thread-9681] INFO  impl.RoleInfo (RoleInfo.java:shutdownFollowerState(121)) - 8d9bf5b9-80ed-47d1-abcd-8ac159088982: shutdown FollowerState
2019-09-28 01:24:40,146 [Thread-9681] INFO  impl.RaftServerImpl (RaftServerImpl.java:setRole(174)) - 8d9bf5b9-80ed-47d1-abcd-8ac159088982@group-41934B498518: changes role from  FOLLOWER to CANDIDATE at term 4 for changeToCandidate
2019-09-28 01:24:40,146 [Thread-9681] INFO  impl.RoleInfo (RoleInfo.java:updateAndGet(143)) - 8d9bf5b9-80ed-47d1-abcd-8ac159088982: start LeaderElection
2019-09-28 01:24:40,172 [8d9bf5b9-80ed-47d1-abcd-8ac159088982@group-41934B498518:LeaderElection163] INFO  impl.LeaderElection (LeaderElection.java:askForVotes(182)) - 8d9bf5b9-80ed-47d1-abcd-8ac159088982@group-41934B498518:LeaderElection163: begin an election at term 5 for 0: [599625e3-e1cb-4b64-bc73-5b316e5767eb:192.168.151.82:41958, 8d9bf5b9-80ed-47d1-abcd-8ac159088982:192.168.151.82:45900, 2105b257-0142-410d-878a-3a42adc43937:192.168.151.82:40343], old=null
2019-09-28 01:24:40,173 [8d9bf5b9-80ed-47d1-abcd-8ac159088982@group-41934B498518:LeaderElection163] INFO  impl.LeaderElection (LogUtils.java:infoOrTrace(149)) - 8d9bf5b9-80ed-47d1-abcd-8ac159088982@group-41934B498518:LeaderElection163 got exception when requesting votes: {}
java.util.concurrent.ExecutionException: org.apache.ratis.thirdparty.io.grpc.StatusRuntimeException: UNAVAILABLE: io exception
	at java.util.concurrent.FutureTask.report(FutureTask.java:122)
	at java.util.concurrent.FutureTask.get(FutureTask.java:192)
	at org.apache.ratis.server.impl.LeaderElection.waitForResults(LeaderElection.java:263)
	at org.apache.ratis.server.impl.LeaderElection.askForVotes(LeaderElection.java:201)
	at org.apache.ratis.server.impl.LeaderElection.run(LeaderElection.java:133)
	at java.lang.Thread.run(Thread.java:748)
Caused by: org.apache.ratis.thirdparty.io.grpc.StatusRuntimeException: UNAVAILABLE: io exception
	at org.apache.ratis.thirdparty.io.grpc.stub.ClientCalls.toStatusRuntimeException(ClientCalls.java:233)
	at org.apache.ratis.thirdparty.io.grpc.stub.ClientCalls.getUnchecked(ClientCalls.java:214)
	at org.apache.ratis.thirdparty.io.grpc.stub.ClientCalls.blockingUnaryCall(ClientCalls.java:139)
	at org.apache.ratis.proto.grpc.RaftServerProtocolServiceGrpc$RaftServerProtocolServiceBlockingStub.requestVote(RaftServerProtocolServiceGrpc.java:265)
	at org.apache.ratis.grpc.server.GrpcServerProtocolClient.requestVote(GrpcServerProtocolClient.java:90)
	at org.apache.ratis.grpc.server.GrpcService.requestVote(GrpcService.java:204)
	at org.apache.ratis.server.impl.LeaderElection.lambda$submitRequests$1(LeaderElection.java:238)
	at java.util.concurrent.FutureTask.run(FutureTask.java:266)
	at java.util.concurrent.Executors$RunnableAdapter.call(Executors.java:511)
	at java.util.concurrent.FutureTask.run(FutureTask.java:266)
	at java.util.concurrent.ThreadPoolExecutor.runWorker(ThreadPoolExecutor.java:1149)
	at java.util.concurrent.ThreadPoolExecutor$Worker.run(ThreadPoolExecutor.java:624)
	... 1 more
Caused by: org.apache.ratis.thirdparty.io.netty.channel.AbstractChannel$AnnotatedConnectException: Connection refused: /192.168.151.82:41958
	at sun.nio.ch.SocketChannelImpl.checkConnect(Native Method)
	at sun.nio.ch.SocketChannelImpl.finishConnect(SocketChannelImpl.java:717)
	at org.apache.ratis.thirdparty.io.netty.channel.socket.nio.NioSocketChannel.doFinishConnect(NioSocketChannel.java:327)
	at org.apache.ratis.thirdparty.io.netty.channel.nio.AbstractNioChannel$AbstractNioUnsafe.finishConnect(AbstractNioChannel.java:340)
	at org.apache.ratis.thirdparty.io.netty.channel.nio.NioEventLoop.processSelectedKey(NioEventLoop.java:632)
	at org.apache.ratis.thirdparty.io.netty.channel.nio.NioEventLoop.processSelectedKeysOptimized(NioEventLoop.java:579)
	at org.apache.ratis.thirdparty.io.netty.channel.nio.NioEventLoop.processSelectedKeys(NioEventLoop.java:496)
	at org.apache.ratis.thirdparty.io.netty.channel.nio.NioEventLoop.run(NioEventLoop.java:458)
	at org.apache.ratis.thirdparty.io.netty.util.concurrent.SingleThreadEventExecutor$5.run(SingleThreadEventExecutor.java:897)
	at org.apache.ratis.thirdparty.io.netty.util.concurrent.FastThreadLocalRunnable.run(FastThreadLocalRunnable.java:30)
	... 1 more
Caused by: java.net.ConnectException: Connection refused
	... 11 more
2019-09-28 01:24:40,174 [8d9bf5b9-80ed-47d1-abcd-8ac159088982@group-41934B498518:LeaderElection163] INFO  impl.LeaderElection (LogUtils.java:infoOrTrace(149)) - 8d9bf5b9-80ed-47d1-abcd-8ac159088982@group-41934B498518:LeaderElection163 got exception when requesting votes: {}
java.util.concurrent.ExecutionException: org.apache.ratis.thirdparty.io.grpc.StatusRuntimeException: UNAVAILABLE: io exception
	at java.util.concurrent.FutureTask.report(FutureTask.java:122)
	at java.util.concurrent.FutureTask.get(FutureTask.java:192)
	at org.apache.ratis.server.impl.LeaderElection.waitForResults(LeaderElection.java:263)
	at org.apache.ratis.server.impl.LeaderElection.askForVotes(LeaderElection.java:201)
	at org.apache.ratis.server.impl.LeaderElection.run(LeaderElection.java:133)
	at java.lang.Thread.run(Thread.java:748)
Caused by: org.apache.ratis.thirdparty.io.grpc.StatusRuntimeException: UNAVAILABLE: io exception
	at org.apache.ratis.thirdparty.io.grpc.stub.ClientCalls.toStatusRuntimeException(ClientCalls.java:233)
	at org.apache.ratis.thirdparty.io.grpc.stub.ClientCalls.getUnchecked(ClientCalls.java:214)
	at org.apache.ratis.thirdparty.io.grpc.stub.ClientCalls.blockingUnaryCall(ClientCalls.java:139)
	at org.apache.ratis.proto.grpc.RaftServerProtocolServiceGrpc$RaftServerProtocolServiceBlockingStub.requestVote(RaftServerProtocolServiceGrpc.java:265)
	at org.apache.ratis.grpc.server.GrpcServerProtocolClient.requestVote(GrpcServerProtocolClient.java:90)
	at org.apache.ratis.grpc.server.GrpcService.requestVote(GrpcService.java:204)
	at org.apache.ratis.server.impl.LeaderElection.lambda$submitRequests$1(LeaderElection.java:238)
	at java.util.concurrent.FutureTask.run(FutureTask.java:266)
	at java.util.concurrent.Executors$RunnableAdapter.call(Executors.java:511)
	at java.util.concurrent.FutureTask.run(FutureTask.java:266)
	at java.util.concurrent.ThreadPoolExecutor.runWorker(ThreadPoolExecutor.java:1149)
	at java.util.concurrent.ThreadPoolExecutor$Worker.run(ThreadPoolExecutor.java:624)
	... 1 more
Caused by: org.apache.ratis.thirdparty.io.netty.channel.AbstractChannel$AnnotatedConnectException: Connection refused: /192.168.151.82:40343
	at sun.nio.ch.SocketChannelImpl.checkConnect(Native Method)
	at sun.nio.ch.SocketChannelImpl.finishConnect(SocketChannelImpl.java:717)
	at org.apache.ratis.thirdparty.io.netty.channel.socket.nio.NioSocketChannel.doFinishConnect(NioSocketChannel.java:327)
	at org.apache.ratis.thirdparty.io.netty.channel.nio.AbstractNioChannel$AbstractNioUnsafe.finishConnect(AbstractNioChannel.java:340)
	at org.apache.ratis.thirdparty.io.netty.channel.nio.NioEventLoop.processSelectedKey(NioEventLoop.java:632)
	at org.apache.ratis.thirdparty.io.netty.channel.nio.NioEventLoop.processSelectedKeysOptimized(NioEventLoop.java:579)
	at org.apache.ratis.thirdparty.io.netty.channel.nio.NioEventLoop.processSelectedKeys(NioEventLoop.java:496)
	at org.apache.ratis.thirdparty.io.netty.channel.nio.NioEventLoop.run(NioEventLoop.java:458)
	at org.apache.ratis.thirdparty.io.netty.util.concurrent.SingleThreadEventExecutor$5.run(SingleThreadEventExecutor.java:897)
	at org.apache.ratis.thirdparty.io.netty.util.concurrent.FastThreadLocalRunnable.run(FastThreadLocalRunnable.java:30)
	... 1 more
Caused by: java.net.ConnectException: Connection refused
	... 11 more
2019-09-28 01:24:40,174 [8d9bf5b9-80ed-47d1-abcd-8ac159088982@group-41934B498518:LeaderElection163] INFO  impl.LeaderElection (LeaderElection.java:logAndReturn(56)) - 8d9bf5b9-80ed-47d1-abcd-8ac159088982@group-41934B498518:LeaderElection163: Election REJECTED; received 0 response(s) [] and 2 exception(s); 8d9bf5b9-80ed-47d1-abcd-8ac159088982@group-41934B498518:t5, leader=null, voted=8d9bf5b9-80ed-47d1-abcd-8ac159088982, raftlog=8d9bf5b9-80ed-47d1-abcd-8ac159088982@group-41934B498518-SegmentedRaftLog:OPENED:c0,f0,i0, conf=0: [599625e3-e1cb-4b64-bc73-5b316e5767eb:192.168.151.82:41958, 8d9bf5b9-80ed-47d1-abcd-8ac159088982:192.168.151.82:45900, 2105b257-0142-410d-878a-3a42adc43937:192.168.151.82:40343], old=null
2019-09-28 01:24:40,174 [8d9bf5b9-80ed-47d1-abcd-8ac159088982@group-41934B498518:LeaderElection163] INFO  impl.LeaderElection (LogUtils.java:infoOrTrace(149)) -   Exception 0: {}
java.util.concurrent.ExecutionException: org.apache.ratis.thirdparty.io.grpc.StatusRuntimeException: UNAVAILABLE: io exception
	at java.util.concurrent.FutureTask.report(FutureTask.java:122)
	at java.util.concurrent.FutureTask.get(FutureTask.java:192)
	at org.apache.ratis.server.impl.LeaderElection.waitForResults(LeaderElection.java:263)
	at org.apache.ratis.server.impl.LeaderElection.askForVotes(LeaderElection.java:201)
	at org.apache.ratis.server.impl.LeaderElection.run(LeaderElection.java:133)
	at java.lang.Thread.run(Thread.java:748)
Caused by: org.apache.ratis.thirdparty.io.grpc.StatusRuntimeException: UNAVAILABLE: io exception
	at org.apache.ratis.thirdparty.io.grpc.stub.ClientCalls.toStatusRuntimeException(ClientCalls.java:233)
	at org.apache.ratis.thirdparty.io.grpc.stub.ClientCalls.getUnchecked(ClientCalls.java:214)
	at org.apache.ratis.thirdparty.io.grpc.stub.ClientCalls.blockingUnaryCall(ClientCalls.java:139)
	at org.apache.ratis.proto.grpc.RaftServerProtocolServiceGrpc$RaftServerProtocolServiceBlockingStub.requestVote(RaftServerProtocolServiceGrpc.java:265)
	at org.apache.ratis.grpc.server.GrpcServerProtocolClient.requestVote(GrpcServerProtocolClient.java:90)
	at org.apache.ratis.grpc.server.GrpcService.requestVote(GrpcService.java:204)
	at org.apache.ratis.server.impl.LeaderElection.lambda$submitRequests$1(LeaderElection.java:238)
	at java.util.concurrent.FutureTask.run(FutureTask.java:266)
	at java.util.concurrent.Executors$RunnableAdapter.call(Executors.java:511)
	at java.util.concurrent.FutureTask.run(FutureTask.java:266)
	at java.util.concurrent.ThreadPoolExecutor.runWorker(ThreadPoolExecutor.java:1149)
	at java.util.concurrent.ThreadPoolExecutor$Worker.run(ThreadPoolExecutor.java:624)
	... 1 more
Caused by: org.apache.ratis.thirdparty.io.netty.channel.AbstractChannel$AnnotatedConnectException: Connection refused: /192.168.151.82:41958
	at sun.nio.ch.SocketChannelImpl.checkConnect(Native Method)
	at sun.nio.ch.SocketChannelImpl.finishConnect(SocketChannelImpl.java:717)
	at org.apache.ratis.thirdparty.io.netty.channel.socket.nio.NioSocketChannel.doFinishConnect(NioSocketChannel.java:327)
	at org.apache.ratis.thirdparty.io.netty.channel.nio.AbstractNioChannel$AbstractNioUnsafe.finishConnect(AbstractNioChannel.java:340)
	at org.apache.ratis.thirdparty.io.netty.channel.nio.NioEventLoop.processSelectedKey(NioEventLoop.java:632)
	at org.apache.ratis.thirdparty.io.netty.channel.nio.NioEventLoop.processSelectedKeysOptimized(NioEventLoop.java:579)
	at org.apache.ratis.thirdparty.io.netty.channel.nio.NioEventLoop.processSelectedKeys(NioEventLoop.java:496)
	at org.apache.ratis.thirdparty.io.netty.channel.nio.NioEventLoop.run(NioEventLoop.java:458)
	at org.apache.ratis.thirdparty.io.netty.util.concurrent.SingleThreadEventExecutor$5.run(SingleThreadEventExecutor.java:897)
	at org.apache.ratis.thirdparty.io.netty.util.concurrent.FastThreadLocalRunnable.run(FastThreadLocalRunnable.java:30)
	... 1 more
Caused by: java.net.ConnectException: Connection refused
	... 11 more
2019-09-28 01:24:40,174 [8d9bf5b9-80ed-47d1-abcd-8ac159088982@group-41934B498518:LeaderElection163] INFO  impl.LeaderElection (LogUtils.java:infoOrTrace(149)) -   Exception 1: {}
java.util.concurrent.ExecutionException: org.apache.ratis.thirdparty.io.grpc.StatusRuntimeException: UNAVAILABLE: io exception
	at java.util.concurrent.FutureTask.report(FutureTask.java:122)
	at java.util.concurrent.FutureTask.get(FutureTask.java:192)
	at org.apache.ratis.server.impl.LeaderElection.waitForResults(LeaderElection.java:263)
	at org.apache.ratis.server.impl.LeaderElection.askForVotes(LeaderElection.java:201)
	at org.apache.ratis.server.impl.LeaderElection.run(LeaderElection.java:133)
	at java.lang.Thread.run(Thread.java:748)
Caused by: org.apache.ratis.thirdparty.io.grpc.StatusRuntimeException: UNAVAILABLE: io exception
	at org.apache.ratis.thirdparty.io.grpc.stub.ClientCalls.toStatusRuntimeException(ClientCalls.java:233)
	at org.apache.ratis.thirdparty.io.grpc.stub.ClientCalls.getUnchecked(ClientCalls.java:214)
	at org.apache.ratis.thirdparty.io.grpc.stub.ClientCalls.blockingUnaryCall(ClientCalls.java:139)
	at org.apache.ratis.proto.grpc.RaftServerProtocolServiceGrpc$RaftServerProtocolServiceBlockingStub.requestVote(RaftServerProtocolServiceGrpc.java:265)
	at org.apache.ratis.grpc.server.GrpcServerProtocolClient.requestVote(GrpcServerProtocolClient.java:90)
	at org.apache.ratis.grpc.server.GrpcService.requestVote(GrpcService.java:204)
	at org.apache.ratis.server.impl.LeaderElection.lambda$submitRequests$1(LeaderElection.java:238)
	at java.util.concurrent.FutureTask.run(FutureTask.java:266)
	at java.util.concurrent.Executors$RunnableAdapter.call(Executors.java:511)
	at java.util.concurrent.FutureTask.run(FutureTask.java:266)
	at java.util.concurrent.ThreadPoolExecutor.runWorker(ThreadPoolExecutor.java:1149)
	at java.util.concurrent.ThreadPoolExecutor$Worker.run(ThreadPoolExecutor.java:624)
	... 1 more
Caused by: org.apache.ratis.thirdparty.io.netty.channel.AbstractChannel$AnnotatedConnectException: Connection refused: /192.168.151.82:40343
	at sun.nio.ch.SocketChannelImpl.checkConnect(Native Method)
	at sun.nio.ch.SocketChannelImpl.finishConnect(SocketChannelImpl.java:717)
	at org.apache.ratis.thirdparty.io.netty.channel.socket.nio.NioSocketChannel.doFinishConnect(NioSocketChannel.java:327)
	at org.apache.ratis.thirdparty.io.netty.channel.nio.AbstractNioChannel$AbstractNioUnsafe.finishConnect(AbstractNioChannel.java:340)
	at org.apache.ratis.thirdparty.io.netty.channel.nio.NioEventLoop.processSelectedKey(NioEventLoop.java:632)
	at org.apache.ratis.thirdparty.io.netty.channel.nio.NioEventLoop.processSelectedKeysOptimized(NioEventLoop.java:579)
	at org.apache.ratis.thirdparty.io.netty.channel.nio.NioEventLoop.processSelectedKeys(NioEventLoop.java:496)
	at org.apache.ratis.thirdparty.io.netty.channel.nio.NioEventLoop.run(NioEventLoop.java:458)
	at org.apache.ratis.thirdparty.io.netty.util.concurrent.SingleThreadEventExecutor$5.run(SingleThreadEventExecutor.java:897)
	at org.apache.ratis.thirdparty.io.netty.util.concurrent.FastThreadLocalRunnable.run(FastThreadLocalRunnable.java:30)
	... 1 more
Caused by: java.net.ConnectException: Connection refused
	... 11 more
2019-09-28 01:24:40,175 [8d9bf5b9-80ed-47d1-abcd-8ac159088982@group-41934B498518:LeaderElection163] INFO  impl.RaftServerImpl (RaftServerImpl.java:setRole(174)) - 8d9bf5b9-80ed-47d1-abcd-8ac159088982@group-41934B498518: changes role from CANDIDATE to FOLLOWER at term 5 for DISCOVERED_A_NEW_TERM
2019-09-28 01:24:40,175 [8d9bf5b9-80ed-47d1-abcd-8ac159088982@group-41934B498518:LeaderElection163] INFO  impl.RoleInfo (RoleInfo.java:shutdownLeaderElection(134)) - 8d9bf5b9-80ed-47d1-abcd-8ac159088982: shutdown LeaderElection
2019-09-28 01:24:40,175 [8d9bf5b9-80ed-47d1-abcd-8ac159088982@group-41934B498518:LeaderElection163] INFO  impl.RoleInfo (RoleInfo.java:updateAndGet(143)) - 8d9bf5b9-80ed-47d1-abcd-8ac159088982: start FollowerState
2019-09-28 01:24:40,231 [grpc-default-executor-6] WARN  server.GrpcLogAppender (LogUtils.java:warn(134)) - 1f35d54e-5d91-478d-890d-48fd5483e65c@group-DB34566CDB35->56ead053-3964-44ed-9670-c8ae4c2fbfaa-AppendLogResponseHandler: Failed appendEntries: org.apache.ratis.thirdparty.io.grpc.StatusRuntimeException: UNAVAILABLE: io exception
2019-09-28 01:24:40,231 [grpc-default-executor-6] INFO  impl.FollowerInfo (FollowerInfo.java:lambda$new$0(51)) - 1f35d54e-5d91-478d-890d-48fd5483e65c@group-DB34566CDB35->56ead053-3964-44ed-9670-c8ae4c2fbfaa: nextIndex: updateUnconditionally 0 -> 0
2019-09-28 01:24:40,630 [grpc-default-executor-6] WARN  server.GrpcLogAppender (LogUtils.java:warn(134)) - 7b598199-e261-45fb-863c-a2bd9def5848@group-1DD11682BBC6->9acdd203-51d1-41ee-852c-319134721574-AppendLogResponseHandler: Failed appendEntries: org.apache.ratis.thirdparty.io.grpc.StatusRuntimeException: UNAVAILABLE: io exception
2019-09-28 01:24:40,630 [grpc-default-executor-6] INFO  impl.FollowerInfo (FollowerInfo.java:lambda$new$0(51)) - 7b598199-e261-45fb-863c-a2bd9def5848@group-1DD11682BBC6->9acdd203-51d1-41ee-852c-319134721574: nextIndex: updateUnconditionally 0 -> 0
2019-09-28 01:24:40,732 [grpc-default-executor-1] WARN  server.GrpcLogAppender (LogUtils.java:warn(134)) - 1f35d54e-5d91-478d-890d-48fd5483e65c@group-DB34566CDB35->56ead053-3964-44ed-9670-c8ae4c2fbfaa-AppendLogResponseHandler: Failed appendEntries: org.apache.ratis.thirdparty.io.grpc.StatusRuntimeException: UNAVAILABLE: io exception
2019-09-28 01:24:40,732 [grpc-default-executor-1] INFO  impl.FollowerInfo (FollowerInfo.java:lambda$new$0(51)) - 1f35d54e-5d91-478d-890d-48fd5483e65c@group-DB34566CDB35->56ead053-3964-44ed-9670-c8ae4c2fbfaa: nextIndex: updateUnconditionally 0 -> 0
2019-09-28 01:24:41,130 [grpc-default-executor-4] WARN  server.GrpcLogAppender (LogUtils.java:warn(134)) - 7b598199-e261-45fb-863c-a2bd9def5848@group-1DD11682BBC6->9acdd203-51d1-41ee-852c-319134721574-AppendLogResponseHandler: Failed appendEntries: org.apache.ratis.thirdparty.io.grpc.StatusRuntimeException: UNAVAILABLE: io exception
2019-09-28 01:24:41,131 [grpc-default-executor-4] INFO  impl.FollowerInfo (FollowerInfo.java:lambda$new$0(51)) - 7b598199-e261-45fb-863c-a2bd9def5848@group-1DD11682BBC6->9acdd203-51d1-41ee-852c-319134721574: nextIndex: updateUnconditionally 0 -> 0
2019-09-28 01:24:41,137 [ForkJoinPool.commonPool-worker-0] INFO  ozoneimpl.OzoneContainer (OzoneContainer.java:stop(231)) - Attempting to stop container services.
2019-09-28 01:24:41,137 [main] INFO  ozoneimpl.OzoneContainer (OzoneContainer.java:stop(231)) - Attempting to stop container services.
2019-09-28 01:24:41,137 [ForkJoinPool.commonPool-worker-0] INFO  impl.RaftServerProxy (RaftServerProxy.java:lambda$close$4(314)) - 8d9bf5b9-80ed-47d1-abcd-8ac159088982: close
2019-09-28 01:24:41,138 [main] INFO  impl.RaftServerProxy (RaftServerProxy.java:lambda$close$4(314)) - ad975564-5630-4282-b461-53b5e1a77035: close
2019-09-28 01:24:41,138 [ForkJoinPool.commonPool-worker-0] INFO  impl.RaftServerImpl (RaftServerImpl.java:lambda$shutdown$3(251)) - 8d9bf5b9-80ed-47d1-abcd-8ac159088982@group-80E17DA65F72: shutdown
2019-09-28 01:24:41,138 [main] INFO  impl.RaftServerImpl (RaftServerImpl.java:lambda$shutdown$3(251)) - ad975564-5630-4282-b461-53b5e1a77035@group-163E106F3630: shutdown
2019-09-28 01:24:41,139 [ForkJoinPool.commonPool-worker-0] INFO  util.JmxRegister (JmxRegister.java:unregister(73)) - Successfully un-registered JMX Bean with object name Ratis:service=RaftServer,group=group-80E17DA65F72,id=8d9bf5b9-80ed-47d1-abcd-8ac159088982
2019-09-28 01:24:41,139 [main] INFO  util.JmxRegister (JmxRegister.java:unregister(73)) - Successfully un-registered JMX Bean with object name Ratis:service=RaftServer,group=group-163E106F3630,id=ad975564-5630-4282-b461-53b5e1a77035
2019-09-28 01:24:41,140 [main] INFO  impl.RoleInfo (RoleInfo.java:shutdownLeaderState(104)) - ad975564-5630-4282-b461-53b5e1a77035: shutdown LeaderState
2019-09-28 01:24:41,140 [ForkJoinPool.commonPool-worker-0] INFO  impl.RoleInfo (RoleInfo.java:shutdownLeaderState(104)) - 8d9bf5b9-80ed-47d1-abcd-8ac159088982: shutdown LeaderState
2019-09-28 01:24:41,141 [main] INFO  impl.PendingRequests (PendingRequests.java:sendNotLeaderResponses(202)) - ad975564-5630-4282-b461-53b5e1a77035-PendingRequests: sendNotLeaderResponses
2019-09-28 01:24:41,141 [ForkJoinPool.commonPool-worker-0] INFO  impl.PendingRequests (PendingRequests.java:sendNotLeaderResponses(202)) - 8d9bf5b9-80ed-47d1-abcd-8ac159088982-PendingRequests: sendNotLeaderResponses
2019-09-28 01:24:41,141 [main] INFO  impl.StateMachineUpdater (StateMachineUpdater.java:stopAndJoin(125)) - ad975564-5630-4282-b461-53b5e1a77035@group-163E106F3630-StateMachineUpdater: set stopIndex = 0
2019-09-28 01:24:41,142 [ForkJoinPool.commonPool-worker-0] INFO  impl.StateMachineUpdater (StateMachineUpdater.java:stopAndJoin(125)) - 8d9bf5b9-80ed-47d1-abcd-8ac159088982@group-80E17DA65F72-StateMachineUpdater: set stopIndex = 0
2019-09-28 01:24:41,142 [ForkJoinPool.commonPool-worker-0] INFO  impl.RaftServerImpl (ServerState.java:close(385)) - 8d9bf5b9-80ed-47d1-abcd-8ac159088982@group-80E17DA65F72: closes. applyIndex: 0
2019-09-28 01:24:41,142 [main] INFO  impl.RaftServerImpl (ServerState.java:close(385)) - ad975564-5630-4282-b461-53b5e1a77035@group-163E106F3630: closes. applyIndex: 0
2019-09-28 01:24:41,143 [8d9bf5b9-80ed-47d1-abcd-8ac159088982@group-80E17DA65F72-SegmentedRaftLogWorker] INFO  segmented.SegmentedRaftLogWorker (SegmentedRaftLogWorker.java:run(313)) - 8d9bf5b9-80ed-47d1-abcd-8ac159088982@group-80E17DA65F72-SegmentedRaftLogWorker was interrupted, exiting. There are 0 tasks remaining in the queue.
2019-09-28 01:24:41,143 [ad975564-5630-4282-b461-53b5e1a77035@group-163E106F3630-SegmentedRaftLogWorker] INFO  segmented.SegmentedRaftLogWorker (SegmentedRaftLogWorker.java:run(313)) - ad975564-5630-4282-b461-53b5e1a77035@group-163E106F3630-SegmentedRaftLogWorker was interrupted, exiting. There are 0 tasks remaining in the queue.
2019-09-28 01:24:41,146 [ForkJoinPool.commonPool-worker-0] INFO  segmented.SegmentedRaftLogWorker (SegmentedRaftLogWorker.java:close(228)) - 8d9bf5b9-80ed-47d1-abcd-8ac159088982@group-80E17DA65F72-SegmentedRaftLogWorker close()
2019-09-28 01:24:41,149 [main] INFO  segmented.SegmentedRaftLogWorker (SegmentedRaftLogWorker.java:close(228)) - ad975564-5630-4282-b461-53b5e1a77035@group-163E106F3630-SegmentedRaftLogWorker close()
2019-09-28 01:24:41,154 [ForkJoinPool.commonPool-worker-0] INFO  impl.RaftServerImpl (RaftServerImpl.java:lambda$shutdown$3(251)) - 8d9bf5b9-80ed-47d1-abcd-8ac159088982@group-41934B498518: shutdown
2019-09-28 01:24:41,169 [main] INFO  impl.RaftServerImpl (RaftServerImpl.java:lambda$shutdown$3(251)) - ad975564-5630-4282-b461-53b5e1a77035@group-DB34566CDB35: shutdown
2019-09-28 01:24:41,169 [ForkJoinPool.commonPool-worker-0] INFO  util.JmxRegister (JmxRegister.java:unregister(73)) - Successfully un-registered JMX Bean with object name Ratis:service=RaftServer,group=group-41934B498518,id=8d9bf5b9-80ed-47d1-abcd-8ac159088982
2019-09-28 01:24:41,170 [main] INFO  util.JmxRegister (JmxRegister.java:unregister(73)) - Successfully un-registered JMX Bean with object name Ratis:service=RaftServer,group=group-DB34566CDB35,id=ad975564-5630-4282-b461-53b5e1a77035
2019-09-28 01:24:41,171 [main] INFO  impl.RoleInfo (RoleInfo.java:shutdownFollowerState(121)) - ad975564-5630-4282-b461-53b5e1a77035: shutdown FollowerState
2019-09-28 01:24:41,171 [main] INFO  impl.StateMachineUpdater (StateMachineUpdater.java:stopAndJoin(125)) - ad975564-5630-4282-b461-53b5e1a77035@group-DB34566CDB35-StateMachineUpdater: set stopIndex = 2
2019-09-28 01:24:41,171 [main] INFO  impl.RaftServerImpl (ServerState.java:close(385)) - ad975564-5630-4282-b461-53b5e1a77035@group-DB34566CDB35: closes. applyIndex: 2
2019-09-28 01:24:41,170 [ForkJoinPool.commonPool-worker-0] INFO  impl.RoleInfo (RoleInfo.java:shutdownFollowerState(121)) - 8d9bf5b9-80ed-47d1-abcd-8ac159088982: shutdown FollowerState
2019-09-28 01:24:41,172 [ad975564-5630-4282-b461-53b5e1a77035@group-DB34566CDB35-SegmentedRaftLogWorker] INFO  segmented.SegmentedRaftLogWorker (SegmentedRaftLogWorker.java:run(313)) - ad975564-5630-4282-b461-53b5e1a77035@group-DB34566CDB35-SegmentedRaftLogWorker was interrupted, exiting. There are 0 tasks remaining in the queue.
2019-09-28 01:24:41,171 [Thread-9660] INFO  impl.FollowerState (FollowerState.java:run(115)) - ad975564-5630-4282-b461-53b5e1a77035: FollowerState was interrupted: java.lang.InterruptedException: sleep interrupted
2019-09-28 01:24:41,173 [main] INFO  segmented.SegmentedRaftLogWorker (SegmentedRaftLogWorker.java:close(228)) - ad975564-5630-4282-b461-53b5e1a77035@group-DB34566CDB35-SegmentedRaftLogWorker close()
2019-09-28 01:24:41,172 [Thread-9690] INFO  impl.FollowerState (FollowerState.java:run(115)) - 8d9bf5b9-80ed-47d1-abcd-8ac159088982: FollowerState was interrupted: java.lang.InterruptedException: sleep interrupted
2019-09-28 01:24:41,172 [ForkJoinPool.commonPool-worker-0] INFO  impl.StateMachineUpdater (StateMachineUpdater.java:stopAndJoin(125)) - 8d9bf5b9-80ed-47d1-abcd-8ac159088982@group-41934B498518-StateMachineUpdater: set stopIndex = 0
2019-09-28 01:24:41,176 [ForkJoinPool.commonPool-worker-0] INFO  impl.RaftServerImpl (ServerState.java:close(385)) - 8d9bf5b9-80ed-47d1-abcd-8ac159088982@group-41934B498518: closes. applyIndex: 0
2019-09-28 01:24:41,175 [main] INFO  server.GrpcService (GrpcService.java:closeImpl(164)) - ad975564-5630-4282-b461-53b5e1a77035: shutdown server with port 45714 now
2019-09-28 01:24:41,177 [8d9bf5b9-80ed-47d1-abcd-8ac159088982@group-41934B498518-SegmentedRaftLogWorker] INFO  segmented.SegmentedRaftLogWorker (SegmentedRaftLogWorker.java:run(313)) - 8d9bf5b9-80ed-47d1-abcd-8ac159088982@group-41934B498518-SegmentedRaftLogWorker was interrupted, exiting. There are 0 tasks remaining in the queue.
2019-09-28 01:24:41,179 [ForkJoinPool.commonPool-worker-0] INFO  segmented.SegmentedRaftLogWorker (SegmentedRaftLogWorker.java:close(228)) - 8d9bf5b9-80ed-47d1-abcd-8ac159088982@group-41934B498518-SegmentedRaftLogWorker close()
2019-09-28 01:24:41,180 [grpc-default-executor-4] WARN  server.GrpcLogAppender (LogUtils.java:warn(134)) - 1f35d54e-5d91-478d-890d-48fd5483e65c@group-DB34566CDB35->ad975564-5630-4282-b461-53b5e1a77035-AppendLogResponseHandler: Failed appendEntries: org.apache.ratis.thirdparty.io.grpc.StatusRuntimeException: CANCELLED: HTTP/2 error code: CANCEL
Received Rst Stream
2019-09-28 01:24:41,182 [ForkJoinPool.commonPool-worker-0] INFO  server.GrpcService (GrpcService.java:closeImpl(164)) - 8d9bf5b9-80ed-47d1-abcd-8ac159088982: shutdown server with port 45900 now
2019-09-28 01:24:41,180 [main] INFO  server.GrpcService (GrpcService.java:closeImpl(172)) - ad975564-5630-4282-b461-53b5e1a77035: shutdown server with port 45714 successfully
2019-09-28 01:24:41,180 [grpc-default-executor-1] WARN  server.GrpcServerProtocolService (LogUtils.java:warn(134)) - ad975564-5630-4282-b461-53b5e1a77035: installSnapshot onError, lastRequest: 1f35d54e-5d91-478d-890d-48fd5483e65c->ad975564-5630-4282-b461-53b5e1a77035#8-t2, previous=(t:2, i:2), leaderCommit=2, initializing? false, entries: <empty>: org.apache.ratis.thirdparty.io.grpc.StatusRuntimeException: CANCELLED: cancelled before receiving half close
2019-09-28 01:24:41,182 [grpc-default-executor-4] INFO  impl.FollowerInfo (FollowerInfo.java:lambda$new$0(51)) - 1f35d54e-5d91-478d-890d-48fd5483e65c@group-DB34566CDB35->ad975564-5630-4282-b461-53b5e1a77035: nextIndex: updateUnconditionally 3 -> 2
2019-09-28 01:24:41,183 [ForkJoinPool.commonPool-worker-0] INFO  server.GrpcService (GrpcService.java:closeImpl(172)) - 8d9bf5b9-80ed-47d1-abcd-8ac159088982: shutdown server with port 45900 successfully
2019-09-28 01:24:41,187 [refreshUsed-/workdir/hadoop-ozone/integration-test/target/test-dir/MiniOzoneClusterImpl-8eac2880-3418-4680-a8af-a58fbadabff3/datanode-4/data/containers] WARN  fs.CachingGetSpaceUsed (CachingGetSpaceUsed.java:run(183)) - Thread Interrupted waiting to refresh disk information: sleep interrupted
2019-09-28 01:24:41,188 [refreshUsed-/workdir/hadoop-ozone/integration-test/target/test-dir/MiniOzoneClusterImpl-8eac2880-3418-4680-a8af-a58fbadabff3/datanode-8/data/containers] WARN  fs.CachingGetSpaceUsed (CachingGetSpaceUsed.java:run(183)) - Thread Interrupted waiting to refresh disk information: sleep interrupted
2019-09-28 01:24:41,206 [main] INFO  utils.BackgroundService (BackgroundService.java:shutdown(148)) - Shutting down service BlockDeletingService
2019-09-28 01:24:41,211 [main] INFO  statemachine.DatanodeStateMachine (DatanodeStateMachine.java:stopDaemon(395)) - Ozone container server stopped.
2019-09-28 01:24:41,212 [ForkJoinPool.commonPool-worker-0] INFO  utils.BackgroundService (BackgroundService.java:shutdown(148)) - Shutting down service BlockDeletingService
2019-09-28 01:24:41,212 [main] INFO  handler.ContextHandler (ContextHandler.java:doStop(910)) - Stopped o.e.j.w.WebAppContext@693f2213{/,null,UNAVAILABLE}{/hddsDatanode}
2019-09-28 01:24:41,216 [ForkJoinPool.commonPool-worker-0] INFO  statemachine.DatanodeStateMachine (DatanodeStateMachine.java:stopDaemon(395)) - Ozone container server stopped.
2019-09-28 01:24:41,220 [main] INFO  server.AbstractConnector (AbstractConnector.java:doStop(318)) - Stopped ServerConnector@514377fc{HTTP/1.1,[http/1.1]}{0.0.0.0:0}
2019-09-28 01:24:41,221 [ForkJoinPool.commonPool-worker-0] INFO  handler.ContextHandler (ContextHandler.java:doStop(910)) - Stopped o.e.j.w.WebAppContext@73bb573d{/,null,UNAVAILABLE}{/hddsDatanode}
2019-09-28 01:24:41,222 [main] INFO  handler.ContextHandler (ContextHandler.java:doStop(910)) - Stopped o.e.j.s.ServletContextHandler@440ef8d{/static,jar:file:/home/user/.m2/repository/org/apache/hadoop/hadoop-hdds-container-service/0.5.0-SNAPSHOT/hadoop-hdds-container-service-0.5.0-SNAPSHOT.jar!/webapps/static,UNAVAILABLE}
2019-09-28 01:24:41,222 [ForkJoinPool.commonPool-worker-0] INFO  server.AbstractConnector (AbstractConnector.java:doStop(318)) - Stopped ServerConnector@7ac058a0{HTTP/1.1,[http/1.1]}{0.0.0.0:0}
2019-09-28 01:24:41,222 [main] INFO  handler.ContextHandler (ContextHandler.java:doStop(910)) - Stopped o.e.j.s.ServletContextHandler@2e362407{/logs,file:///workdir/hadoop-ozone/integration-test/target/log,UNAVAILABLE}
2019-09-28 01:24:41,224 [ForkJoinPool.commonPool-worker-0] INFO  handler.ContextHandler (ContextHandler.java:doStop(910)) - Stopped o.e.j.s.ServletContextHandler@7a3f08b6{/static,jar:file:/home/user/.m2/repository/org/apache/hadoop/hadoop-hdds-container-service/0.5.0-SNAPSHOT/hadoop-hdds-container-service-0.5.0-SNAPSHOT.jar!/webapps/static,UNAVAILABLE}
2019-09-28 01:24:41,226 [ForkJoinPool.commonPool-worker-0] INFO  handler.ContextHandler (ContextHandler.java:doStop(910)) - Stopped o.e.j.s.ServletContextHandler@77c66a4f{/logs,file:///workdir/hadoop-ozone/integration-test/target/log,UNAVAILABLE}
2019-09-28 01:24:41,232 [grpc-default-executor-6] WARN  server.GrpcLogAppender (LogUtils.java:warn(134)) - 1f35d54e-5d91-478d-890d-48fd5483e65c@group-DB34566CDB35->56ead053-3964-44ed-9670-c8ae4c2fbfaa-AppendLogResponseHandler: Failed appendEntries: org.apache.ratis.thirdparty.io.grpc.StatusRuntimeException: UNAVAILABLE: io exception
2019-09-28 01:24:41,233 [grpc-default-executor-6] INFO  impl.FollowerInfo (FollowerInfo.java:lambda$new$0(51)) - 1f35d54e-5d91-478d-890d-48fd5483e65c@group-DB34566CDB35->56ead053-3964-44ed-9670-c8ae4c2fbfaa: nextIndex: updateUnconditionally 0 -> 0
2019-09-28 01:24:41,241 [grpc-default-executor-4] WARN  server.GrpcLogAppender (LogUtils.java:warn(134)) - 1f35d54e-5d91-478d-890d-48fd5483e65c@group-DB34566CDB35->ad975564-5630-4282-b461-53b5e1a77035-AppendLogResponseHandler: Failed appendEntries: org.apache.ratis.thirdparty.io.grpc.StatusRuntimeException: UNAVAILABLE: io exception
2019-09-28 01:24:41,242 [grpc-default-executor-4] INFO  impl.FollowerInfo (FollowerInfo.java:lambda$new$0(51)) - 1f35d54e-5d91-478d-890d-48fd5483e65c@group-DB34566CDB35->ad975564-5630-4282-b461-53b5e1a77035: nextIndex: updateUnconditionally 2 -> 1
2019-09-28 01:24:41,359 [Datanode State Machine Thread - 0] INFO  statemachine.DatanodeStateMachine (DatanodeStateMachine.java:lambda$startDaemon$0(350)) - Ozone container server started.
2019-09-28 01:24:41,631 [grpc-default-executor-1] WARN  server.GrpcLogAppender (LogUtils.java:warn(134)) - 7b598199-e261-45fb-863c-a2bd9def5848@group-1DD11682BBC6->9acdd203-51d1-41ee-852c-319134721574-AppendLogResponseHandler: Failed appendEntries: org.apache.ratis.thirdparty.io.grpc.StatusRuntimeException: UNAVAILABLE: io exception
2019-09-28 01:24:41,632 [grpc-default-executor-1] INFO  impl.FollowerInfo (FollowerInfo.java:lambda$new$0(51)) - 7b598199-e261-45fb-863c-a2bd9def5848@group-1DD11682BBC6->9acdd203-51d1-41ee-852c-319134721574: nextIndex: updateUnconditionally 0 -> 0
2019-09-28 01:24:41,655 [Datanode State Machine Thread - 0] INFO  statemachine.DatanodeStateMachine (DatanodeStateMachine.java:lambda$startDaemon$0(350)) - Ozone container server started.
2019-09-28 01:24:41,733 [grpc-default-executor-6] WARN  server.GrpcLogAppender (LogUtils.java:warn(134)) - 1f35d54e-5d91-478d-890d-48fd5483e65c@group-DB34566CDB35->56ead053-3964-44ed-9670-c8ae4c2fbfaa-AppendLogResponseHandler: Failed appendEntries: org.apache.ratis.thirdparty.io.grpc.StatusRuntimeException: UNAVAILABLE: io exception
2019-09-28 01:24:41,734 [grpc-default-executor-6] INFO  impl.FollowerInfo (FollowerInfo.java:lambda$new$0(51)) - 1f35d54e-5d91-478d-890d-48fd5483e65c@group-DB34566CDB35->56ead053-3964-44ed-9670-c8ae4c2fbfaa: nextIndex: updateUnconditionally 0 -> 0
2019-09-28 01:24:41,743 [grpc-default-executor-1] WARN  server.GrpcLogAppender (LogUtils.java:warn(134)) - 1f35d54e-5d91-478d-890d-48fd5483e65c@group-DB34566CDB35->ad975564-5630-4282-b461-53b5e1a77035-AppendLogResponseHandler: Failed appendEntries: org.apache.ratis.thirdparty.io.grpc.StatusRuntimeException: UNAVAILABLE: io exception
2019-09-28 01:24:41,744 [grpc-default-executor-1] INFO  impl.FollowerInfo (FollowerInfo.java:lambda$new$0(51)) - 1f35d54e-5d91-478d-890d-48fd5483e65c@group-DB34566CDB35->ad975564-5630-4282-b461-53b5e1a77035: nextIndex: updateUnconditionally 1 -> 0
2019-09-28 01:24:42,132 [grpc-default-executor-1] WARN  server.GrpcLogAppender (LogUtils.java:warn(134)) - 7b598199-e261-45fb-863c-a2bd9def5848@group-1DD11682BBC6->9acdd203-51d1-41ee-852c-319134721574-AppendLogResponseHandler: Failed appendEntries: org.apache.ratis.thirdparty.io.grpc.StatusRuntimeException: UNAVAILABLE: io exception
2019-09-28 01:24:42,133 [grpc-default-executor-1] INFO  impl.FollowerInfo (FollowerInfo.java:lambda$new$0(51)) - 7b598199-e261-45fb-863c-a2bd9def5848@group-1DD11682BBC6->9acdd203-51d1-41ee-852c-319134721574: nextIndex: updateUnconditionally 0 -> 0
2019-09-28 01:24:42,234 [grpc-default-executor-4] WARN  server.GrpcLogAppender (LogUtils.java:warn(134)) - 1f35d54e-5d91-478d-890d-48fd5483e65c@group-DB34566CDB35->56ead053-3964-44ed-9670-c8ae4c2fbfaa-AppendLogResponseHandler: Failed appendEntries: org.apache.ratis.thirdparty.io.grpc.StatusRuntimeException: UNAVAILABLE: io exception
2019-09-28 01:24:42,234 [grpc-default-executor-4] INFO  impl.FollowerInfo (FollowerInfo.java:lambda$new$0(51)) - 1f35d54e-5d91-478d-890d-48fd5483e65c@group-DB34566CDB35->56ead053-3964-44ed-9670-c8ae4c2fbfaa: nextIndex: updateUnconditionally 0 -> 0
2019-09-28 01:24:42,243 [grpc-default-executor-4] WARN  server.GrpcLogAppender (LogUtils.java:warn(134)) - 1f35d54e-5d91-478d-890d-48fd5483e65c@group-DB34566CDB35->ad975564-5630-4282-b461-53b5e1a77035-AppendLogResponseHandler: Failed appendEntries: org.apache.ratis.thirdparty.io.grpc.StatusRuntimeException: UNAVAILABLE: io exception
2019-09-28 01:24:42,243 [grpc-default-executor-4] INFO  impl.FollowerInfo (FollowerInfo.java:lambda$new$0(51)) - 1f35d54e-5d91-478d-890d-48fd5483e65c@group-DB34566CDB35->ad975564-5630-4282-b461-53b5e1a77035: nextIndex: updateUnconditionally 0 -> 0
2019-09-28 01:24:42,632 [grpc-default-executor-4] WARN  server.GrpcLogAppender (LogUtils.java:warn(134)) - 7b598199-e261-45fb-863c-a2bd9def5848@group-1DD11682BBC6->9acdd203-51d1-41ee-852c-319134721574-AppendLogResponseHandler: Failed appendEntries: org.apache.ratis.thirdparty.io.grpc.StatusRuntimeException: UNAVAILABLE: io exception
2019-09-28 01:24:42,632 [grpc-default-executor-4] INFO  impl.FollowerInfo (FollowerInfo.java:lambda$new$0(51)) - 7b598199-e261-45fb-863c-a2bd9def5848@group-1DD11682BBC6->9acdd203-51d1-41ee-852c-319134721574: nextIndex: updateUnconditionally 0 -> 0
2019-09-28 01:24:42,734 [grpc-default-executor-1] WARN  server.GrpcLogAppender (LogUtils.java:warn(134)) - 1f35d54e-5d91-478d-890d-48fd5483e65c@group-DB34566CDB35->56ead053-3964-44ed-9670-c8ae4c2fbfaa-AppendLogResponseHandler: Failed appendEntries: org.apache.ratis.thirdparty.io.grpc.StatusRuntimeException: UNAVAILABLE: io exception
2019-09-28 01:24:42,735 [grpc-default-executor-1] INFO  impl.FollowerInfo (FollowerInfo.java:lambda$new$0(51)) - 1f35d54e-5d91-478d-890d-48fd5483e65c@group-DB34566CDB35->56ead053-3964-44ed-9670-c8ae4c2fbfaa: nextIndex: updateUnconditionally 0 -> 0
2019-09-28 01:24:42,744 [grpc-default-executor-4] WARN  server.GrpcLogAppender (LogUtils.java:warn(134)) - 1f35d54e-5d91-478d-890d-48fd5483e65c@group-DB34566CDB35->ad975564-5630-4282-b461-53b5e1a77035-AppendLogResponseHandler: Failed appendEntries: org.apache.ratis.thirdparty.io.grpc.StatusRuntimeException: UNAVAILABLE: io exception
2019-09-28 01:24:42,744 [grpc-default-executor-4] INFO  impl.FollowerInfo (FollowerInfo.java:lambda$new$0(51)) - 1f35d54e-5d91-478d-890d-48fd5483e65c@group-DB34566CDB35->ad975564-5630-4282-b461-53b5e1a77035: nextIndex: updateUnconditionally 0 -> 0
2019-09-28 01:24:43,133 [grpc-default-executor-4] WARN  server.GrpcLogAppender (LogUtils.java:warn(134)) - 7b598199-e261-45fb-863c-a2bd9def5848@group-1DD11682BBC6->9acdd203-51d1-41ee-852c-319134721574-AppendLogResponseHandler: Failed appendEntries: org.apache.ratis.thirdparty.io.grpc.StatusRuntimeException: UNAVAILABLE: io exception
2019-09-28 01:24:43,134 [grpc-default-executor-4] INFO  impl.FollowerInfo (FollowerInfo.java:lambda$new$0(51)) - 7b598199-e261-45fb-863c-a2bd9def5848@group-1DD11682BBC6->9acdd203-51d1-41ee-852c-319134721574: nextIndex: updateUnconditionally 0 -> 0
2019-09-28 01:24:43,234 [grpc-default-executor-6] WARN  server.GrpcLogAppender (LogUtils.java:warn(134)) - 1f35d54e-5d91-478d-890d-48fd5483e65c@group-DB34566CDB35->56ead053-3964-44ed-9670-c8ae4c2fbfaa-AppendLogResponseHandler: Failed appendEntries: org.apache.ratis.thirdparty.io.grpc.StatusRuntimeException: UNAVAILABLE: io exception
2019-09-28 01:24:43,235 [grpc-default-executor-6] INFO  impl.FollowerInfo (FollowerInfo.java:lambda$new$0(51)) - 1f35d54e-5d91-478d-890d-48fd5483e65c@group-DB34566CDB35->56ead053-3964-44ed-9670-c8ae4c2fbfaa: nextIndex: updateUnconditionally 0 -> 0
2019-09-28 01:24:43,244 [grpc-default-executor-1] WARN  server.GrpcLogAppender (LogUtils.java:warn(134)) - 1f35d54e-5d91-478d-890d-48fd5483e65c@group-DB34566CDB35->ad975564-5630-4282-b461-53b5e1a77035-AppendLogResponseHandler: Failed appendEntries: org.apache.ratis.thirdparty.io.grpc.StatusRuntimeException: UNAVAILABLE: io exception
2019-09-28 01:24:43,245 [grpc-default-executor-1] INFO  impl.FollowerInfo (FollowerInfo.java:lambda$new$0(51)) - 1f35d54e-5d91-478d-890d-48fd5483e65c@group-DB34566CDB35->ad975564-5630-4282-b461-53b5e1a77035: nextIndex: updateUnconditionally 0 -> 0
2019-09-28 01:24:43,634 [grpc-default-executor-4] WARN  server.GrpcLogAppender (LogUtils.java:warn(134)) - 7b598199-e261-45fb-863c-a2bd9def5848@group-1DD11682BBC6->9acdd203-51d1-41ee-852c-319134721574-AppendLogResponseHandler: Failed appendEntries: org.apache.ratis.thirdparty.io.grpc.StatusRuntimeException: UNAVAILABLE: io exception
2019-09-28 01:24:43,634 [grpc-default-executor-4] INFO  impl.FollowerInfo (FollowerInfo.java:lambda$new$0(51)) - 7b598199-e261-45fb-863c-a2bd9def5848@group-1DD11682BBC6->9acdd203-51d1-41ee-852c-319134721574: nextIndex: updateUnconditionally 0 -> 0
2019-09-28 01:24:43,735 [grpc-default-executor-6] WARN  server.GrpcLogAppender (LogUtils.java:warn(134)) - 1f35d54e-5d91-478d-890d-48fd5483e65c@group-DB34566CDB35->56ead053-3964-44ed-9670-c8ae4c2fbfaa-AppendLogResponseHandler: Failed appendEntries: org.apache.ratis.thirdparty.io.grpc.StatusRuntimeException: UNAVAILABLE: io exception
2019-09-28 01:24:43,736 [grpc-default-executor-6] INFO  impl.FollowerInfo (FollowerInfo.java:lambda$new$0(51)) - 1f35d54e-5d91-478d-890d-48fd5483e65c@group-DB34566CDB35->56ead053-3964-44ed-9670-c8ae4c2fbfaa: nextIndex: updateUnconditionally 0 -> 0
2019-09-28 01:24:43,745 [grpc-default-executor-6] WARN  server.GrpcLogAppender (LogUtils.java:warn(134)) - 1f35d54e-5d91-478d-890d-48fd5483e65c@group-DB34566CDB35->ad975564-5630-4282-b461-53b5e1a77035-AppendLogResponseHandler: Failed appendEntries: org.apache.ratis.thirdparty.io.grpc.StatusRuntimeException: UNAVAILABLE: io exception
2019-09-28 01:24:43,745 [grpc-default-executor-6] INFO  impl.FollowerInfo (FollowerInfo.java:lambda$new$0(51)) - 1f35d54e-5d91-478d-890d-48fd5483e65c@group-DB34566CDB35->ad975564-5630-4282-b461-53b5e1a77035: nextIndex: updateUnconditionally 0 -> 0
2019-09-28 01:24:44,135 [grpc-default-executor-6] WARN  server.GrpcLogAppender (LogUtils.java:warn(134)) - 7b598199-e261-45fb-863c-a2bd9def5848@group-1DD11682BBC6->9acdd203-51d1-41ee-852c-319134721574-AppendLogResponseHandler: Failed appendEntries: org.apache.ratis.thirdparty.io.grpc.StatusRuntimeException: UNAVAILABLE: io exception
2019-09-28 01:24:44,135 [grpc-default-executor-6] INFO  impl.FollowerInfo (FollowerInfo.java:lambda$new$0(51)) - 7b598199-e261-45fb-863c-a2bd9def5848@group-1DD11682BBC6->9acdd203-51d1-41ee-852c-319134721574: nextIndex: updateUnconditionally 0 -> 0
2019-09-28 01:24:44,236 [grpc-default-executor-4] WARN  server.GrpcLogAppender (LogUtils.java:warn(134)) - 1f35d54e-5d91-478d-890d-48fd5483e65c@group-DB34566CDB35->56ead053-3964-44ed-9670-c8ae4c2fbfaa-AppendLogResponseHandler: Failed appendEntries: org.apache.ratis.thirdparty.io.grpc.StatusRuntimeException: UNAVAILABLE: io exception
2019-09-28 01:24:44,236 [grpc-default-executor-4] INFO  impl.FollowerInfo (FollowerInfo.java:lambda$new$0(51)) - 1f35d54e-5d91-478d-890d-48fd5483e65c@group-DB34566CDB35->56ead053-3964-44ed-9670-c8ae4c2fbfaa: nextIndex: updateUnconditionally 0 -> 0
2019-09-28 01:24:44,245 [grpc-default-executor-1] WARN  server.GrpcLogAppender (LogUtils.java:warn(134)) - 1f35d54e-5d91-478d-890d-48fd5483e65c@group-DB34566CDB35->ad975564-5630-4282-b461-53b5e1a77035-AppendLogResponseHandler: Failed appendEntries: org.apache.ratis.thirdparty.io.grpc.StatusRuntimeException: UNAVAILABLE: io exception
2019-09-28 01:24:44,246 [grpc-default-executor-1] INFO  impl.FollowerInfo (FollowerInfo.java:lambda$new$0(51)) - 1f35d54e-5d91-478d-890d-48fd5483e65c@group-DB34566CDB35->ad975564-5630-4282-b461-53b5e1a77035: nextIndex: updateUnconditionally 0 -> 0
2019-09-28 01:24:44,635 [grpc-default-executor-1] WARN  server.GrpcLogAppender (LogUtils.java:warn(134)) - 7b598199-e261-45fb-863c-a2bd9def5848@group-1DD11682BBC6->9acdd203-51d1-41ee-852c-319134721574-AppendLogResponseHandler: Failed appendEntries: org.apache.ratis.thirdparty.io.grpc.StatusRuntimeException: UNAVAILABLE: io exception
2019-09-28 01:24:44,636 [grpc-default-executor-1] INFO  impl.FollowerInfo (FollowerInfo.java:lambda$new$0(51)) - 7b598199-e261-45fb-863c-a2bd9def5848@group-1DD11682BBC6->9acdd203-51d1-41ee-852c-319134721574: nextIndex: updateUnconditionally 0 -> 0
2019-09-28 01:24:44,736 [grpc-default-executor-1] WARN  server.GrpcLogAppender (LogUtils.java:warn(134)) - 1f35d54e-5d91-478d-890d-48fd5483e65c@group-DB34566CDB35->56ead053-3964-44ed-9670-c8ae4c2fbfaa-AppendLogResponseHandler: Failed appendEntries: org.apache.ratis.thirdparty.io.grpc.StatusRuntimeException: UNAVAILABLE: io exception
2019-09-28 01:24:44,737 [grpc-default-executor-1] INFO  impl.FollowerInfo (FollowerInfo.java:lambda$new$0(51)) - 1f35d54e-5d91-478d-890d-48fd5483e65c@group-DB34566CDB35->56ead053-3964-44ed-9670-c8ae4c2fbfaa: nextIndex: updateUnconditionally 0 -> 0
2019-09-28 01:24:44,746 [grpc-default-executor-1] WARN  server.GrpcLogAppender (LogUtils.java:warn(134)) - 1f35d54e-5d91-478d-890d-48fd5483e65c@group-DB34566CDB35->ad975564-5630-4282-b461-53b5e1a77035-AppendLogResponseHandler: Failed appendEntries: org.apache.ratis.thirdparty.io.grpc.StatusRuntimeException: UNAVAILABLE: io exception
2019-09-28 01:24:44,746 [grpc-default-executor-1] INFO  impl.FollowerInfo (FollowerInfo.java:lambda$new$0(51)) - 1f35d54e-5d91-478d-890d-48fd5483e65c@group-DB34566CDB35->ad975564-5630-4282-b461-53b5e1a77035: nextIndex: updateUnconditionally 0 -> 0
2019-09-28 01:24:45,135 [grpc-default-executor-6] WARN  server.GrpcLogAppender (LogUtils.java:warn(134)) - 7b598199-e261-45fb-863c-a2bd9def5848@group-1DD11682BBC6->9acdd203-51d1-41ee-852c-319134721574-AppendLogResponseHandler: Failed appendEntries: org.apache.ratis.thirdparty.io.grpc.StatusRuntimeException: UNAVAILABLE: io exception
2019-09-28 01:24:45,136 [grpc-default-executor-6] INFO  impl.FollowerInfo (FollowerInfo.java:lambda$new$0(51)) - 7b598199-e261-45fb-863c-a2bd9def5848@group-1DD11682BBC6->9acdd203-51d1-41ee-852c-319134721574: nextIndex: updateUnconditionally 0 -> 0
2019-09-28 01:24:45,236 [grpc-default-executor-4] WARN  server.GrpcLogAppender (LogUtils.java:warn(134)) - 1f35d54e-5d91-478d-890d-48fd5483e65c@group-DB34566CDB35->56ead053-3964-44ed-9670-c8ae4c2fbfaa-AppendLogResponseHandler: Failed appendEntries: org.apache.ratis.thirdparty.io.grpc.StatusRuntimeException: UNAVAILABLE: io exception
2019-09-28 01:24:45,236 [grpc-default-executor-4] INFO  impl.FollowerInfo (FollowerInfo.java:lambda$new$0(51)) - 1f35d54e-5d91-478d-890d-48fd5483e65c@group-DB34566CDB35->56ead053-3964-44ed-9670-c8ae4c2fbfaa: nextIndex: updateUnconditionally 0 -> 0
2019-09-28 01:24:45,246 [grpc-default-executor-1] WARN  server.GrpcLogAppender (LogUtils.java:warn(134)) - 1f35d54e-5d91-478d-890d-48fd5483e65c@group-DB34566CDB35->ad975564-5630-4282-b461-53b5e1a77035-AppendLogResponseHandler: Failed appendEntries: org.apache.ratis.thirdparty.io.grpc.StatusRuntimeException: UNAVAILABLE: io exception
2019-09-28 01:24:45,246 [grpc-default-executor-1] INFO  impl.FollowerInfo (FollowerInfo.java:lambda$new$0(51)) - 1f35d54e-5d91-478d-890d-48fd5483e65c@group-DB34566CDB35->ad975564-5630-4282-b461-53b5e1a77035: nextIndex: updateUnconditionally 0 -> 0
2019-09-28 01:24:45,636 [grpc-default-executor-6] WARN  server.GrpcLogAppender (LogUtils.java:warn(134)) - 7b598199-e261-45fb-863c-a2bd9def5848@group-1DD11682BBC6->9acdd203-51d1-41ee-852c-319134721574-AppendLogResponseHandler: Failed appendEntries: org.apache.ratis.thirdparty.io.grpc.StatusRuntimeException: UNAVAILABLE: io exception
2019-09-28 01:24:45,637 [grpc-default-executor-6] INFO  impl.FollowerInfo (FollowerInfo.java:lambda$new$0(51)) - 7b598199-e261-45fb-863c-a2bd9def5848@group-1DD11682BBC6->9acdd203-51d1-41ee-852c-319134721574: nextIndex: updateUnconditionally 0 -> 0
2019-09-28 01:24:45,737 [grpc-default-executor-6] WARN  server.GrpcLogAppender (LogUtils.java:warn(134)) - 1f35d54e-5d91-478d-890d-48fd5483e65c@group-DB34566CDB35->56ead053-3964-44ed-9670-c8ae4c2fbfaa-AppendLogResponseHandler: Failed appendEntries: org.apache.ratis.thirdparty.io.grpc.StatusRuntimeException: UNAVAILABLE: io exception
2019-09-28 01:24:45,738 [grpc-default-executor-6] INFO  impl.FollowerInfo (FollowerInfo.java:lambda$new$0(51)) - 1f35d54e-5d91-478d-890d-48fd5483e65c@group-DB34566CDB35->56ead053-3964-44ed-9670-c8ae4c2fbfaa: nextIndex: updateUnconditionally 0 -> 0
2019-09-28 01:24:45,747 [grpc-default-executor-6] WARN  server.GrpcLogAppender (LogUtils.java:warn(134)) - 1f35d54e-5d91-478d-890d-48fd5483e65c@group-DB34566CDB35->ad975564-5630-4282-b461-53b5e1a77035-AppendLogResponseHandler: Failed appendEntries: org.apache.ratis.thirdparty.io.grpc.StatusRuntimeException: UNAVAILABLE: io exception
2019-09-28 01:24:45,747 [grpc-default-executor-6] INFO  impl.FollowerInfo (FollowerInfo.java:lambda$new$0(51)) - 1f35d54e-5d91-478d-890d-48fd5483e65c@group-DB34566CDB35->ad975564-5630-4282-b461-53b5e1a77035: nextIndex: updateUnconditionally 0 -> 0
2019-09-28 01:24:46,137 [grpc-default-executor-6] WARN  server.GrpcLogAppender (LogUtils.java:warn(134)) - 7b598199-e261-45fb-863c-a2bd9def5848@group-1DD11682BBC6->9acdd203-51d1-41ee-852c-319134721574-AppendLogResponseHandler: Failed appendEntries: org.apache.ratis.thirdparty.io.grpc.StatusRuntimeException: UNAVAILABLE: io exception
2019-09-28 01:24:46,138 [grpc-default-executor-6] INFO  impl.FollowerInfo (FollowerInfo.java:lambda$new$0(51)) - 7b598199-e261-45fb-863c-a2bd9def5848@group-1DD11682BBC6->9acdd203-51d1-41ee-852c-319134721574: nextIndex: updateUnconditionally 0 -> 0
2019-09-28 01:24:46,227 [main] INFO  ozoneimpl.OzoneContainer (OzoneContainer.java:stop(231)) - Attempting to stop container services.
2019-09-28 01:24:46,228 [ForkJoinPool.commonPool-worker-0] INFO  ozoneimpl.OzoneContainer (OzoneContainer.java:stop(231)) - Attempting to stop container services.
2019-09-28 01:24:46,228 [main] INFO  impl.RaftServerProxy (RaftServerProxy.java:lambda$close$4(314)) - 1f35d54e-5d91-478d-890d-48fd5483e65c: close
2019-09-28 01:24:46,228 [ForkJoinPool.commonPool-worker-0] INFO  impl.RaftServerProxy (RaftServerProxy.java:lambda$close$4(314)) - 7b598199-e261-45fb-863c-a2bd9def5848: close
2019-09-28 01:24:46,229 [main] INFO  impl.RaftServerImpl (RaftServerImpl.java:lambda$shutdown$3(251)) - 1f35d54e-5d91-478d-890d-48fd5483e65c@group-E3A08C94E302: shutdown
2019-09-28 01:24:46,229 [ForkJoinPool.commonPool-worker-0] INFO  impl.RaftServerImpl (RaftServerImpl.java:lambda$shutdown$3(251)) - 7b598199-e261-45fb-863c-a2bd9def5848@group-3B8A45795B6C: shutdown
2019-09-28 01:24:46,229 [main] INFO  util.JmxRegister (JmxRegister.java:unregister(73)) - Successfully un-registered JMX Bean with object name Ratis:service=RaftServer,group=group-E3A08C94E302,id=1f35d54e-5d91-478d-890d-48fd5483e65c
2019-09-28 01:24:46,229 [ForkJoinPool.commonPool-worker-0] INFO  util.JmxRegister (JmxRegister.java:unregister(73)) - Successfully un-registered JMX Bean with object name Ratis:service=RaftServer,group=group-3B8A45795B6C,id=7b598199-e261-45fb-863c-a2bd9def5848
2019-09-28 01:24:46,230 [main] INFO  impl.RoleInfo (RoleInfo.java:shutdownLeaderState(104)) - 1f35d54e-5d91-478d-890d-48fd5483e65c: shutdown LeaderState
2019-09-28 01:24:46,230 [ForkJoinPool.commonPool-worker-0] INFO  impl.RoleInfo (RoleInfo.java:shutdownLeaderState(104)) - 7b598199-e261-45fb-863c-a2bd9def5848: shutdown LeaderState
2019-09-28 01:24:46,231 [main] INFO  impl.PendingRequests (PendingRequests.java:sendNotLeaderResponses(202)) - 1f35d54e-5d91-478d-890d-48fd5483e65c-PendingRequests: sendNotLeaderResponses
2019-09-28 01:24:46,231 [ForkJoinPool.commonPool-worker-0] INFO  impl.PendingRequests (PendingRequests.java:sendNotLeaderResponses(202)) - 7b598199-e261-45fb-863c-a2bd9def5848-PendingRequests: sendNotLeaderResponses
2019-09-28 01:24:46,231 [main] INFO  impl.StateMachineUpdater (StateMachineUpdater.java:stopAndJoin(125)) - 1f35d54e-5d91-478d-890d-48fd5483e65c@group-E3A08C94E302-StateMachineUpdater: set stopIndex = 0
2019-09-28 01:24:46,232 [ForkJoinPool.commonPool-worker-0] INFO  impl.StateMachineUpdater (StateMachineUpdater.java:stopAndJoin(125)) - 7b598199-e261-45fb-863c-a2bd9def5848@group-3B8A45795B6C-StateMachineUpdater: set stopIndex = 0
2019-09-28 01:24:46,232 [main] INFO  impl.RaftServerImpl (ServerState.java:close(385)) - 1f35d54e-5d91-478d-890d-48fd5483e65c@group-E3A08C94E302: closes. applyIndex: 0
2019-09-28 01:24:46,232 [ForkJoinPool.commonPool-worker-0] INFO  impl.RaftServerImpl (ServerState.java:close(385)) - 7b598199-e261-45fb-863c-a2bd9def5848@group-3B8A45795B6C: closes. applyIndex: 0
2019-09-28 01:24:46,233 [1f35d54e-5d91-478d-890d-48fd5483e65c@group-E3A08C94E302-SegmentedRaftLogWorker] INFO  segmented.SegmentedRaftLogWorker (SegmentedRaftLogWorker.java:run(313)) - 1f35d54e-5d91-478d-890d-48fd5483e65c@group-E3A08C94E302-SegmentedRaftLogWorker was interrupted, exiting. There are 0 tasks remaining in the queue.
2019-09-28 01:24:46,234 [7b598199-e261-45fb-863c-a2bd9def5848@group-3B8A45795B6C-SegmentedRaftLogWorker] INFO  segmented.SegmentedRaftLogWorker (SegmentedRaftLogWorker.java:run(313)) - 7b598199-e261-45fb-863c-a2bd9def5848@group-3B8A45795B6C-SegmentedRaftLogWorker was interrupted, exiting. There are 0 tasks remaining in the queue.
2019-09-28 01:24:46,234 [main] INFO  segmented.SegmentedRaftLogWorker (SegmentedRaftLogWorker.java:close(228)) - 1f35d54e-5d91-478d-890d-48fd5483e65c@group-E3A08C94E302-SegmentedRaftLogWorker close()
2019-09-28 01:24:46,234 [ForkJoinPool.commonPool-worker-0] INFO  segmented.SegmentedRaftLogWorker (SegmentedRaftLogWorker.java:close(228)) - 7b598199-e261-45fb-863c-a2bd9def5848@group-3B8A45795B6C-SegmentedRaftLogWorker close()
2019-09-28 01:24:46,237 [main] INFO  impl.RaftServerImpl (RaftServerImpl.java:lambda$shutdown$3(251)) - 1f35d54e-5d91-478d-890d-48fd5483e65c@group-DB34566CDB35: shutdown
2019-09-28 01:24:46,239 [ForkJoinPool.commonPool-worker-0] INFO  impl.RaftServerImpl (RaftServerImpl.java:lambda$shutdown$3(251)) - 7b598199-e261-45fb-863c-a2bd9def5848@group-1DD11682BBC6: shutdown
2019-09-28 01:24:46,240 [main] INFO  util.JmxRegister (JmxRegister.java:unregister(73)) - Successfully un-registered JMX Bean with object name Ratis:service=RaftServer,group=group-DB34566CDB35,id=1f35d54e-5d91-478d-890d-48fd5483e65c
2019-09-28 01:24:46,240 [ForkJoinPool.commonPool-worker-0] INFO  util.JmxRegister (JmxRegister.java:unregister(73)) - Successfully un-registered JMX Bean with object name Ratis:service=RaftServer,group=group-1DD11682BBC6,id=7b598199-e261-45fb-863c-a2bd9def5848
2019-09-28 01:24:46,241 [ForkJoinPool.commonPool-worker-0] INFO  impl.RoleInfo (RoleInfo.java:shutdownLeaderState(104)) - 7b598199-e261-45fb-863c-a2bd9def5848: shutdown LeaderState
2019-09-28 01:24:46,240 [main] INFO  impl.RoleInfo (RoleInfo.java:shutdownLeaderState(104)) - 1f35d54e-5d91-478d-890d-48fd5483e65c: shutdown LeaderState
2019-09-28 01:24:46,240 [grpc-default-executor-1] WARN  server.GrpcLogAppender (LogUtils.java:warn(134)) - 1f35d54e-5d91-478d-890d-48fd5483e65c@group-DB34566CDB35->56ead053-3964-44ed-9670-c8ae4c2fbfaa-AppendLogResponseHandler: Failed appendEntries: org.apache.ratis.thirdparty.io.grpc.StatusRuntimeException: UNAVAILABLE: io exception
2019-09-28 01:24:46,249 [org.apache.ratis.server.impl.LogAppender$AppenderDaemon$$Lambda$428/1278375776@2511bced] WARN  server.GrpcLogAppender (GrpcLogAppender.java:mayWait(143)) - 1f35d54e-5d91-478d-890d-48fd5483e65c@group-DB34566CDB35->56ead053-3964-44ed-9670-c8ae4c2fbfaa-GrpcLogAppender: Wait interrupted by java.lang.InterruptedException
2019-09-28 01:24:46,249 [main] INFO  impl.PendingRequests (PendingRequests.java:sendNotLeaderResponses(202)) - 1f35d54e-5d91-478d-890d-48fd5483e65c-PendingRequests: sendNotLeaderResponses
2019-09-28 01:24:46,245 [org.apache.ratis.server.impl.LogAppender$AppenderDaemon$$Lambda$428/1278375776@5399e1fd] WARN  server.GrpcLogAppender (GrpcLogAppender.java:mayWait(143)) - 7b598199-e261-45fb-863c-a2bd9def5848@group-1DD11682BBC6->9acdd203-51d1-41ee-852c-319134721574-GrpcLogAppender: Wait interrupted by java.lang.InterruptedException
2019-09-28 01:24:46,245 [org.apache.ratis.server.impl.LogAppender$AppenderDaemon$$Lambda$428/1278375776@7ef3a7d2] WARN  server.GrpcLogAppender (GrpcLogAppender.java:mayWait(143)) - 7b598199-e261-45fb-863c-a2bd9def5848@group-1DD11682BBC6->32aad283-0bae-446a-b552-a3e6965a6bb8-GrpcLogAppender: Wait interrupted by java.lang.InterruptedException
2019-09-28 01:24:46,245 [ForkJoinPool.commonPool-worker-0] INFO  impl.PendingRequests (PendingRequests.java:sendNotLeaderResponses(202)) - 7b598199-e261-45fb-863c-a2bd9def5848-PendingRequests: sendNotLeaderResponses
2019-09-28 01:24:46,255 [grpc-default-executor-6] INFO  server.GrpcServerProtocolService (GrpcServerProtocolService.java:onCompleted(113)) - 32aad283-0bae-446a-b552-a3e6965a6bb8: Completed APPEND_ENTRIES, lastRequest: 7b598199-e261-45fb-863c-a2bd9def5848->32aad283-0bae-446a-b552-a3e6965a6bb8#30-t3, previous=(t:3, i:2), leaderCommit=2, initializing? false, entries: <empty>
2019-09-28 01:24:46,254 [grpc-default-executor-7] INFO  server.GrpcLogAppender (GrpcLogAppender.java:onError(282)) - 1f35d54e-5d91-478d-890d-48fd5483e65c@group-DB34566CDB35->ad975564-5630-4282-b461-53b5e1a77035-GrpcLogAppender is stopped
2019-09-28 01:24:46,254 [main] INFO  impl.StateMachineUpdater (StateMachineUpdater.java:stopAndJoin(125)) - 1f35d54e-5d91-478d-890d-48fd5483e65c@group-DB34566CDB35-StateMachineUpdater: set stopIndex = 2
2019-09-28 01:24:46,258 [main] INFO  impl.RaftServerImpl (ServerState.java:close(385)) - 1f35d54e-5d91-478d-890d-48fd5483e65c@group-DB34566CDB35: closes. applyIndex: 2
2019-09-28 01:24:46,252 [grpc-default-executor-1] INFO  impl.FollowerInfo (FollowerInfo.java:lambda$new$0(51)) - 1f35d54e-5d91-478d-890d-48fd5483e65c@group-DB34566CDB35->56ead053-3964-44ed-9670-c8ae4c2fbfaa: nextIndex: updateUnconditionally 0 -> 0
2019-09-28 01:24:46,251 [org.apache.ratis.server.impl.LogAppender$AppenderDaemon$$Lambda$428/1278375776@d4ec369] WARN  server.GrpcLogAppender (GrpcLogAppender.java:mayWait(143)) - 1f35d54e-5d91-478d-890d-48fd5483e65c@group-DB34566CDB35->ad975564-5630-4282-b461-53b5e1a77035-GrpcLogAppender: Wait interrupted by java.lang.InterruptedException
2019-09-28 01:24:46,258 [1f35d54e-5d91-478d-890d-48fd5483e65c@group-DB34566CDB35-SegmentedRaftLogWorker] INFO  segmented.SegmentedRaftLogWorker (SegmentedRaftLogWorker.java:run(313)) - 1f35d54e-5d91-478d-890d-48fd5483e65c@group-DB34566CDB35-SegmentedRaftLogWorker was interrupted, exiting. There are 0 tasks remaining in the queue.
2019-09-28 01:24:46,258 [grpc-default-executor-7] INFO  server.GrpcLogAppender (GrpcLogAppender.java:onCompleted(293)) - 7b598199-e261-45fb-863c-a2bd9def5848@group-1DD11682BBC6->32aad283-0bae-446a-b552-a3e6965a6bb8-AppendLogResponseHandler: follower responses appendEntries COMPLETED
2019-09-28 01:24:46,257 [ForkJoinPool.commonPool-worker-0] INFO  impl.StateMachineUpdater (StateMachineUpdater.java:stopAndJoin(125)) - 7b598199-e261-45fb-863c-a2bd9def5848@group-1DD11682BBC6-StateMachineUpdater: set stopIndex = 2
2019-09-28 01:24:46,260 [ForkJoinPool.commonPool-worker-0] INFO  impl.RaftServerImpl (ServerState.java:close(385)) - 7b598199-e261-45fb-863c-a2bd9def5848@group-1DD11682BBC6: closes. applyIndex: 2
2019-09-28 01:24:46,259 [grpc-default-executor-7] INFO  impl.FollowerInfo (FollowerInfo.java:lambda$new$0(51)) - 7b598199-e261-45fb-863c-a2bd9def5848@group-1DD11682BBC6->32aad283-0bae-446a-b552-a3e6965a6bb8: nextIndex: updateUnconditionally 3 -> 2
2019-09-28 01:24:46,259 [main] INFO  segmented.SegmentedRaftLogWorker (SegmentedRaftLogWorker.java:close(228)) - 1f35d54e-5d91-478d-890d-48fd5483e65c@group-DB34566CDB35-SegmentedRaftLogWorker close()
2019-09-28 01:24:46,261 [7b598199-e261-45fb-863c-a2bd9def5848@group-1DD11682BBC6-SegmentedRaftLogWorker] INFO  segmented.SegmentedRaftLogWorker (SegmentedRaftLogWorker.java:run(313)) - 7b598199-e261-45fb-863c-a2bd9def5848@group-1DD11682BBC6-SegmentedRaftLogWorker was interrupted, exiting. There are 0 tasks remaining in the queue.
2019-09-28 01:24:46,263 [main] INFO  server.GrpcService (GrpcService.java:closeImpl(164)) - 1f35d54e-5d91-478d-890d-48fd5483e65c: shutdown server with port 37574 now
2019-09-28 01:24:46,263 [ForkJoinPool.commonPool-worker-0] INFO  segmented.SegmentedRaftLogWorker (SegmentedRaftLogWorker.java:close(228)) - 7b598199-e261-45fb-863c-a2bd9def5848@group-1DD11682BBC6-SegmentedRaftLogWorker close()
2019-09-28 01:24:46,264 [main] INFO  server.GrpcService (GrpcService.java:closeImpl(172)) - 1f35d54e-5d91-478d-890d-48fd5483e65c: shutdown server with port 37574 successfully
2019-09-28 01:24:46,266 [ForkJoinPool.commonPool-worker-0] INFO  server.GrpcService (GrpcService.java:closeImpl(164)) - 7b598199-e261-45fb-863c-a2bd9def5848: shutdown server with port 34969 now
2019-09-28 01:24:46,267 [ForkJoinPool.commonPool-worker-0] INFO  server.GrpcService (GrpcService.java:closeImpl(172)) - 7b598199-e261-45fb-863c-a2bd9def5848: shutdown server with port 34969 successfully
2019-09-28 01:24:46,269 [refreshUsed-/workdir/hadoop-ozone/integration-test/target/test-dir/MiniOzoneClusterImpl-8eac2880-3418-4680-a8af-a58fbadabff3/datanode-9/data/containers] WARN  fs.CachingGetSpaceUsed (CachingGetSpaceUsed.java:run(183)) - Thread Interrupted waiting to refresh disk information: sleep interrupted
2019-09-28 01:24:46,271 [refreshUsed-/workdir/hadoop-ozone/integration-test/target/test-dir/MiniOzoneClusterImpl-8eac2880-3418-4680-a8af-a58fbadabff3/datanode-0/data/containers] WARN  fs.CachingGetSpaceUsed (CachingGetSpaceUsed.java:run(183)) - Thread Interrupted waiting to refresh disk information: sleep interrupted
2019-09-28 01:24:46,289 [main] INFO  utils.BackgroundService (BackgroundService.java:shutdown(148)) - Shutting down service BlockDeletingService
2019-09-28 01:24:46,293 [main] INFO  statemachine.DatanodeStateMachine (DatanodeStateMachine.java:stopDaemon(395)) - Ozone container server stopped.
2019-09-28 01:24:46,293 [ForkJoinPool.commonPool-worker-0] INFO  utils.BackgroundService (BackgroundService.java:shutdown(148)) - Shutting down service BlockDeletingService
2019-09-28 01:24:46,294 [main] INFO  handler.ContextHandler (ContextHandler.java:doStop(910)) - Stopped o.e.j.w.WebAppContext@661e1399{/,null,UNAVAILABLE}{/hddsDatanode}
2019-09-28 01:24:46,298 [ForkJoinPool.commonPool-worker-0] INFO  statemachine.DatanodeStateMachine (DatanodeStateMachine.java:stopDaemon(395)) - Ozone container server stopped.
2019-09-28 01:24:46,301 [main] INFO  server.AbstractConnector (AbstractConnector.java:doStop(318)) - Stopped ServerConnector@3ffd4b12{HTTP/1.1,[http/1.1]}{0.0.0.0:0}
2019-09-28 01:24:46,303 [ForkJoinPool.commonPool-worker-0] INFO  handler.ContextHandler (ContextHandler.java:doStop(910)) - Stopped o.e.j.w.WebAppContext@76a362a4{/,null,UNAVAILABLE}{/hddsDatanode}
2019-09-28 01:24:46,303 [main] INFO  handler.ContextHandler (ContextHandler.java:doStop(910)) - Stopped o.e.j.s.ServletContextHandler@5d7f8467{/static,jar:file:/home/user/.m2/repository/org/apache/hadoop/hadoop-hdds-container-service/0.5.0-SNAPSHOT/hadoop-hdds-container-service-0.5.0-SNAPSHOT.jar!/webapps/static,UNAVAILABLE}
2019-09-28 01:24:46,304 [ForkJoinPool.commonPool-worker-0] INFO  server.AbstractConnector (AbstractConnector.java:doStop(318)) - Stopped ServerConnector@61da0413{HTTP/1.1,[http/1.1]}{0.0.0.0:0}
2019-09-28 01:24:46,304 [main] INFO  handler.ContextHandler (ContextHandler.java:doStop(910)) - Stopped o.e.j.s.ServletContextHandler@4f5c30b1{/logs,file:///workdir/hadoop-ozone/integration-test/target/log,UNAVAILABLE}
2019-09-28 01:24:46,305 [ForkJoinPool.commonPool-worker-0] INFO  handler.ContextHandler (ContextHandler.java:doStop(910)) - Stopped o.e.j.s.ServletContextHandler@40c8067{/static,jar:file:/home/user/.m2/repository/org/apache/hadoop/hadoop-hdds-container-service/0.5.0-SNAPSHOT/hadoop-hdds-container-service-0.5.0-SNAPSHOT.jar!/webapps/static,UNAVAILABLE}
2019-09-28 01:24:46,307 [ForkJoinPool.commonPool-worker-0] INFO  handler.ContextHandler (ContextHandler.java:doStop(910)) - Stopped o.e.j.s.ServletContextHandler@39652a30{/logs,file:///workdir/hadoop-ozone/integration-test/target/log,UNAVAILABLE}
2019-09-28 01:24:46,359 [Datanode State Machine Thread - 0] INFO  statemachine.DatanodeStateMachine (DatanodeStateMachine.java:lambda$startDaemon$0(350)) - Ozone container server started.
2019-09-28 01:24:46,513 [Datanode State Machine Thread - 0] INFO  statemachine.DatanodeStateMachine (DatanodeStateMachine.java:lambda$startDaemon$0(350)) - Ozone container server started.
2019-09-28 01:24:47,583 [Thread-9594] INFO  impl.FollowerState (FollowerState.java:run(106)) - 32aad283-0bae-446a-b552-a3e6965a6bb8:group-1DD11682BBC6 changes to CANDIDATE, lastRpcTime:1395, electionTimeout:1145ms
2019-09-28 01:24:47,583 [Thread-9594] INFO  impl.RoleInfo (RoleInfo.java:shutdownFollowerState(121)) - 32aad283-0bae-446a-b552-a3e6965a6bb8: shutdown FollowerState
2019-09-28 01:24:47,583 [Thread-9594] INFO  impl.RaftServerImpl (RaftServerImpl.java:setRole(174)) - 32aad283-0bae-446a-b552-a3e6965a6bb8@group-1DD11682BBC6: changes role from  FOLLOWER to CANDIDATE at term 3 for changeToCandidate
2019-09-28 01:24:47,583 [Thread-9594] INFO  impl.RoleInfo (RoleInfo.java:updateAndGet(143)) - 32aad283-0bae-446a-b552-a3e6965a6bb8: start LeaderElection
2019-09-28 01:24:47,584 [32aad283-0bae-446a-b552-a3e6965a6bb8@group-1DD11682BBC6:LeaderElection164] INFO  impl.RaftServerImpl (ServerState.java:setLeader(253)) - 32aad283-0bae-446a-b552-a3e6965a6bb8@group-1DD11682BBC6: change Leader from 7b598199-e261-45fb-863c-a2bd9def5848 to null at term 3 for initElection
2019-09-28 01:24:47,609 [32aad283-0bae-446a-b552-a3e6965a6bb8@group-1DD11682BBC6:LeaderElection164] INFO  impl.LeaderElection (LeaderElection.java:askForVotes(182)) - 32aad283-0bae-446a-b552-a3e6965a6bb8@group-1DD11682BBC6:LeaderElection164: begin an election at term 4 for 1: [32aad283-0bae-446a-b552-a3e6965a6bb8:192.168.151.82:38303, 9acdd203-51d1-41ee-852c-319134721574:192.168.151.82:45911, 7b598199-e261-45fb-863c-a2bd9def5848:192.168.151.82:34969], old=null
2019-09-28 01:24:47,612 [32aad283-0bae-446a-b552-a3e6965a6bb8@group-1DD11682BBC6:LeaderElection164] INFO  impl.LeaderElection (LogUtils.java:infoOrTrace(149)) - 32aad283-0bae-446a-b552-a3e6965a6bb8@group-1DD11682BBC6:LeaderElection164 got exception when requesting votes: {}
java.util.concurrent.ExecutionException: org.apache.ratis.thirdparty.io.grpc.StatusRuntimeException: UNAVAILABLE: io exception
	at java.util.concurrent.FutureTask.report(FutureTask.java:122)
	at java.util.concurrent.FutureTask.get(FutureTask.java:192)
	at org.apache.ratis.server.impl.LeaderElection.waitForResults(LeaderElection.java:263)
	at org.apache.ratis.server.impl.LeaderElection.askForVotes(LeaderElection.java:201)
	at org.apache.ratis.server.impl.LeaderElection.run(LeaderElection.java:133)
	at java.lang.Thread.run(Thread.java:748)
Caused by: org.apache.ratis.thirdparty.io.grpc.StatusRuntimeException: UNAVAILABLE: io exception
	at org.apache.ratis.thirdparty.io.grpc.stub.ClientCalls.toStatusRuntimeException(ClientCalls.java:233)
	at org.apache.ratis.thirdparty.io.grpc.stub.ClientCalls.getUnchecked(ClientCalls.java:214)
	at org.apache.ratis.thirdparty.io.grpc.stub.ClientCalls.blockingUnaryCall(ClientCalls.java:139)
	at org.apache.ratis.proto.grpc.RaftServerProtocolServiceGrpc$RaftServerProtocolServiceBlockingStub.requestVote(RaftServerProtocolServiceGrpc.java:265)
	at org.apache.ratis.grpc.server.GrpcServerProtocolClient.requestVote(GrpcServerProtocolClient.java:90)
	at org.apache.ratis.grpc.server.GrpcService.requestVote(GrpcService.java:204)
	at org.apache.ratis.server.impl.LeaderElection.lambda$submitRequests$1(LeaderElection.java:238)
	at java.util.concurrent.FutureTask.run(FutureTask.java:266)
	at java.util.concurrent.Executors$RunnableAdapter.call(Executors.java:511)
	at java.util.concurrent.FutureTask.run(FutureTask.java:266)
	at java.util.concurrent.ThreadPoolExecutor.runWorker(ThreadPoolExecutor.java:1149)
	at java.util.concurrent.ThreadPoolExecutor$Worker.run(ThreadPoolExecutor.java:624)
	... 1 more
Caused by: org.apache.ratis.thirdparty.io.netty.channel.AbstractChannel$AnnotatedConnectException: Connection refused: /192.168.151.82:45911
	at sun.nio.ch.SocketChannelImpl.checkConnect(Native Method)
	at sun.nio.ch.SocketChannelImpl.finishConnect(SocketChannelImpl.java:717)
	at org.apache.ratis.thirdparty.io.netty.channel.socket.nio.NioSocketChannel.doFinishConnect(NioSocketChannel.java:327)
	at org.apache.ratis.thirdparty.io.netty.channel.nio.AbstractNioChannel$AbstractNioUnsafe.finishConnect(AbstractNioChannel.java:340)
	at org.apache.ratis.thirdparty.io.netty.channel.nio.NioEventLoop.processSelectedKey(NioEventLoop.java:632)
	at org.apache.ratis.thirdparty.io.netty.channel.nio.NioEventLoop.processSelectedKeysOptimized(NioEventLoop.java:579)
	at org.apache.ratis.thirdparty.io.netty.channel.nio.NioEventLoop.processSelectedKeys(NioEventLoop.java:496)
	at org.apache.ratis.thirdparty.io.netty.channel.nio.NioEventLoop.run(NioEventLoop.java:458)
	at org.apache.ratis.thirdparty.io.netty.util.concurrent.SingleThreadEventExecutor$5.run(SingleThreadEventExecutor.java:897)
	at org.apache.ratis.thirdparty.io.netty.util.concurrent.FastThreadLocalRunnable.run(FastThreadLocalRunnable.java:30)
	... 1 more
Caused by: java.net.ConnectException: Connection refused
	... 11 more
2019-09-28 01:24:47,612 [32aad283-0bae-446a-b552-a3e6965a6bb8@group-1DD11682BBC6:LeaderElection164] INFO  impl.LeaderElection (LogUtils.java:infoOrTrace(149)) - 32aad283-0bae-446a-b552-a3e6965a6bb8@group-1DD11682BBC6:LeaderElection164 got exception when requesting votes: {}
java.util.concurrent.ExecutionException: org.apache.ratis.thirdparty.io.grpc.StatusRuntimeException: UNAVAILABLE: io exception
	at java.util.concurrent.FutureTask.report(FutureTask.java:122)
	at java.util.concurrent.FutureTask.get(FutureTask.java:192)
	at org.apache.ratis.server.impl.LeaderElection.waitForResults(LeaderElection.java:263)
	at org.apache.ratis.server.impl.LeaderElection.askForVotes(LeaderElection.java:201)
	at org.apache.ratis.server.impl.LeaderElection.run(LeaderElection.java:133)
	at java.lang.Thread.run(Thread.java:748)
Caused by: org.apache.ratis.thirdparty.io.grpc.StatusRuntimeException: UNAVAILABLE: io exception
	at org.apache.ratis.thirdparty.io.grpc.stub.ClientCalls.toStatusRuntimeException(ClientCalls.java:233)
	at org.apache.ratis.thirdparty.io.grpc.stub.ClientCalls.getUnchecked(ClientCalls.java:214)
	at org.apache.ratis.thirdparty.io.grpc.stub.ClientCalls.blockingUnaryCall(ClientCalls.java:139)
	at org.apache.ratis.proto.grpc.RaftServerProtocolServiceGrpc$RaftServerProtocolServiceBlockingStub.requestVote(RaftServerProtocolServiceGrpc.java:265)
	at org.apache.ratis.grpc.server.GrpcServerProtocolClient.requestVote(GrpcServerProtocolClient.java:90)
	at org.apache.ratis.grpc.server.GrpcService.requestVote(GrpcService.java:204)
	at org.apache.ratis.server.impl.LeaderElection.lambda$submitRequests$1(LeaderElection.java:238)
	at java.util.concurrent.FutureTask.run(FutureTask.java:266)
	at java.util.concurrent.Executors$RunnableAdapter.call(Executors.java:511)
	at java.util.concurrent.FutureTask.run(FutureTask.java:266)
	at java.util.concurrent.ThreadPoolExecutor.runWorker(ThreadPoolExecutor.java:1149)
	at java.util.concurrent.ThreadPoolExecutor$Worker.run(ThreadPoolExecutor.java:624)
	... 1 more
Caused by: org.apache.ratis.thirdparty.io.netty.channel.AbstractChannel$AnnotatedConnectException: Connection refused: /192.168.151.82:34969
	at sun.nio.ch.SocketChannelImpl.checkConnect(Native Method)
	at sun.nio.ch.SocketChannelImpl.finishConnect(SocketChannelImpl.java:717)
	at org.apache.ratis.thirdparty.io.netty.channel.socket.nio.NioSocketChannel.doFinishConnect(NioSocketChannel.java:327)
	at org.apache.ratis.thirdparty.io.netty.channel.nio.AbstractNioChannel$AbstractNioUnsafe.finishConnect(AbstractNioChannel.java:340)
	at org.apache.ratis.thirdparty.io.netty.channel.nio.NioEventLoop.processSelectedKey(NioEventLoop.java:632)
	at org.apache.ratis.thirdparty.io.netty.channel.nio.NioEventLoop.processSelectedKeysOptimized(NioEventLoop.java:579)
	at org.apache.ratis.thirdparty.io.netty.channel.nio.NioEventLoop.processSelectedKeys(NioEventLoop.java:496)
	at org.apache.ratis.thirdparty.io.netty.channel.nio.NioEventLoop.run(NioEventLoop.java:458)
	at org.apache.ratis.thirdparty.io.netty.util.concurrent.SingleThreadEventExecutor$5.run(SingleThreadEventExecutor.java:897)
	at org.apache.ratis.thirdparty.io.netty.util.concurrent.FastThreadLocalRunnable.run(FastThreadLocalRunnable.java:30)
	... 1 more
Caused by: java.net.ConnectException: Connection refused
	... 11 more
2019-09-28 01:24:47,612 [32aad283-0bae-446a-b552-a3e6965a6bb8@group-1DD11682BBC6:LeaderElection164] INFO  impl.LeaderElection (LeaderElection.java:logAndReturn(56)) - 32aad283-0bae-446a-b552-a3e6965a6bb8@group-1DD11682BBC6:LeaderElection164: Election REJECTED; received 0 response(s) [] and 2 exception(s); 32aad283-0bae-446a-b552-a3e6965a6bb8@group-1DD11682BBC6:t4, leader=null, voted=32aad283-0bae-446a-b552-a3e6965a6bb8, raftlog=32aad283-0bae-446a-b552-a3e6965a6bb8@group-1DD11682BBC6-SegmentedRaftLog:OPENED:c2,f2,i2, conf=1: [32aad283-0bae-446a-b552-a3e6965a6bb8:192.168.151.82:38303, 9acdd203-51d1-41ee-852c-319134721574:192.168.151.82:45911, 7b598199-e261-45fb-863c-a2bd9def5848:192.168.151.82:34969], old=null
2019-09-28 01:24:47,612 [32aad283-0bae-446a-b552-a3e6965a6bb8@group-1DD11682BBC6:LeaderElection164] INFO  impl.LeaderElection (LogUtils.java:infoOrTrace(149)) -   Exception 0: {}
java.util.concurrent.ExecutionException: org.apache.ratis.thirdparty.io.grpc.StatusRuntimeException: UNAVAILABLE: io exception
	at java.util.concurrent.FutureTask.report(FutureTask.java:122)
	at java.util.concurrent.FutureTask.get(FutureTask.java:192)
	at org.apache.ratis.server.impl.LeaderElection.waitForResults(LeaderElection.java:263)
	at org.apache.ratis.server.impl.LeaderElection.askForVotes(LeaderElection.java:201)
	at org.apache.ratis.server.impl.LeaderElection.run(LeaderElection.java:133)
	at java.lang.Thread.run(Thread.java:748)
Caused by: org.apache.ratis.thirdparty.io.grpc.StatusRuntimeException: UNAVAILABLE: io exception
	at org.apache.ratis.thirdparty.io.grpc.stub.ClientCalls.toStatusRuntimeException(ClientCalls.java:233)
	at org.apache.ratis.thirdparty.io.grpc.stub.ClientCalls.getUnchecked(ClientCalls.java:214)
	at org.apache.ratis.thirdparty.io.grpc.stub.ClientCalls.blockingUnaryCall(ClientCalls.java:139)
	at org.apache.ratis.proto.grpc.RaftServerProtocolServiceGrpc$RaftServerProtocolServiceBlockingStub.requestVote(RaftServerProtocolServiceGrpc.java:265)
	at org.apache.ratis.grpc.server.GrpcServerProtocolClient.requestVote(GrpcServerProtocolClient.java:90)
	at org.apache.ratis.grpc.server.GrpcService.requestVote(GrpcService.java:204)
	at org.apache.ratis.server.impl.LeaderElection.lambda$submitRequests$1(LeaderElection.java:238)
	at java.util.concurrent.FutureTask.run(FutureTask.java:266)
	at java.util.concurrent.Executors$RunnableAdapter.call(Executors.java:511)
	at java.util.concurrent.FutureTask.run(FutureTask.java:266)
	at java.util.concurrent.ThreadPoolExecutor.runWorker(ThreadPoolExecutor.java:1149)
	at java.util.concurrent.ThreadPoolExecutor$Worker.run(ThreadPoolExecutor.java:624)
	... 1 more
Caused by: org.apache.ratis.thirdparty.io.netty.channel.AbstractChannel$AnnotatedConnectException: Connection refused: /192.168.151.82:45911
	at sun.nio.ch.SocketChannelImpl.checkConnect(Native Method)
	at sun.nio.ch.SocketChannelImpl.finishConnect(SocketChannelImpl.java:717)
	at org.apache.ratis.thirdparty.io.netty.channel.socket.nio.NioSocketChannel.doFinishConnect(NioSocketChannel.java:327)
	at org.apache.ratis.thirdparty.io.netty.channel.nio.AbstractNioChannel$AbstractNioUnsafe.finishConnect(AbstractNioChannel.java:340)
	at org.apache.ratis.thirdparty.io.netty.channel.nio.NioEventLoop.processSelectedKey(NioEventLoop.java:632)
	at org.apache.ratis.thirdparty.io.netty.channel.nio.NioEventLoop.processSelectedKeysOptimized(NioEventLoop.java:579)
	at org.apache.ratis.thirdparty.io.netty.channel.nio.NioEventLoop.processSelectedKeys(NioEventLoop.java:496)
	at org.apache.ratis.thirdparty.io.netty.channel.nio.NioEventLoop.run(NioEventLoop.java:458)
	at org.apache.ratis.thirdparty.io.netty.util.concurrent.SingleThreadEventExecutor$5.run(SingleThreadEventExecutor.java:897)
	at org.apache.ratis.thirdparty.io.netty.util.concurrent.FastThreadLocalRunnable.run(FastThreadLocalRunnable.java:30)
	... 1 more
Caused by: java.net.ConnectException: Connection refused
	... 11 more
2019-09-28 01:24:47,613 [32aad283-0bae-446a-b552-a3e6965a6bb8@group-1DD11682BBC6:LeaderElection164] INFO  impl.LeaderElection (LogUtils.java:infoOrTrace(149)) -   Exception 1: {}
java.util.concurrent.ExecutionException: org.apache.ratis.thirdparty.io.grpc.StatusRuntimeException: UNAVAILABLE: io exception
	at java.util.concurrent.FutureTask.report(FutureTask.java:122)
	at java.util.concurrent.FutureTask.get(FutureTask.java:192)
	at org.apache.ratis.server.impl.LeaderElection.waitForResults(LeaderElection.java:263)
	at org.apache.ratis.server.impl.LeaderElection.askForVotes(LeaderElection.java:201)
	at org.apache.ratis.server.impl.LeaderElection.run(LeaderElection.java:133)
	at java.lang.Thread.run(Thread.java:748)
Caused by: org.apache.ratis.thirdparty.io.grpc.StatusRuntimeException: UNAVAILABLE: io exception
	at org.apache.ratis.thirdparty.io.grpc.stub.ClientCalls.toStatusRuntimeException(ClientCalls.java:233)
	at org.apache.ratis.thirdparty.io.grpc.stub.ClientCalls.getUnchecked(ClientCalls.java:214)
	at org.apache.ratis.thirdparty.io.grpc.stub.ClientCalls.blockingUnaryCall(ClientCalls.java:139)
	at org.apache.ratis.proto.grpc.RaftServerProtocolServiceGrpc$RaftServerProtocolServiceBlockingStub.requestVote(RaftServerProtocolServiceGrpc.java:265)
	at org.apache.ratis.grpc.server.GrpcServerProtocolClient.requestVote(GrpcServerProtocolClient.java:90)
	at org.apache.ratis.grpc.server.GrpcService.requestVote(GrpcService.java:204)
	at org.apache.ratis.server.impl.LeaderElection.lambda$submitRequests$1(LeaderElection.java:238)
	at java.util.concurrent.FutureTask.run(FutureTask.java:266)
	at java.util.concurrent.Executors$RunnableAdapter.call(Executors.java:511)
	at java.util.concurrent.FutureTask.run(FutureTask.java:266)
	at java.util.concurrent.ThreadPoolExecutor.runWorker(ThreadPoolExecutor.java:1149)
	at java.util.concurrent.ThreadPoolExecutor$Worker.run(ThreadPoolExecutor.java:624)
	... 1 more
Caused by: org.apache.ratis.thirdparty.io.netty.channel.AbstractChannel$AnnotatedConnectException: Connection refused: /192.168.151.82:34969
	at sun.nio.ch.SocketChannelImpl.checkConnect(Native Method)
	at sun.nio.ch.SocketChannelImpl.finishConnect(SocketChannelImpl.java:717)
	at org.apache.ratis.thirdparty.io.netty.channel.socket.nio.NioSocketChannel.doFinishConnect(NioSocketChannel.java:327)
	at org.apache.ratis.thirdparty.io.netty.channel.nio.AbstractNioChannel$AbstractNioUnsafe.finishConnect(AbstractNioChannel.java:340)
	at org.apache.ratis.thirdparty.io.netty.channel.nio.NioEventLoop.processSelectedKey(NioEventLoop.java:632)
	at org.apache.ratis.thirdparty.io.netty.channel.nio.NioEventLoop.processSelectedKeysOptimized(NioEventLoop.java:579)
	at org.apache.ratis.thirdparty.io.netty.channel.nio.NioEventLoop.processSelectedKeys(NioEventLoop.java:496)
	at org.apache.ratis.thirdparty.io.netty.channel.nio.NioEventLoop.run(NioEventLoop.java:458)
	at org.apache.ratis.thirdparty.io.netty.util.concurrent.SingleThreadEventExecutor$5.run(SingleThreadEventExecutor.java:897)
	at org.apache.ratis.thirdparty.io.netty.util.concurrent.FastThreadLocalRunnable.run(FastThreadLocalRunnable.java:30)
	... 1 more
Caused by: java.net.ConnectException: Connection refused
	... 11 more
2019-09-28 01:24:47,613 [32aad283-0bae-446a-b552-a3e6965a6bb8@group-1DD11682BBC6:LeaderElection164] INFO  impl.RaftServerImpl (RaftServerImpl.java:setRole(174)) - 32aad283-0bae-446a-b552-a3e6965a6bb8@group-1DD11682BBC6: changes role from CANDIDATE to FOLLOWER at term 4 for DISCOVERED_A_NEW_TERM
2019-09-28 01:24:47,613 [32aad283-0bae-446a-b552-a3e6965a6bb8@group-1DD11682BBC6:LeaderElection164] INFO  impl.RoleInfo (RoleInfo.java:shutdownLeaderElection(134)) - 32aad283-0bae-446a-b552-a3e6965a6bb8: shutdown LeaderElection
2019-09-28 01:24:47,613 [32aad283-0bae-446a-b552-a3e6965a6bb8@group-1DD11682BBC6:LeaderElection164] INFO  impl.RoleInfo (RoleInfo.java:updateAndGet(143)) - 32aad283-0bae-446a-b552-a3e6965a6bb8: start FollowerState
2019-09-28 01:24:48,720 [Thread-9708] INFO  impl.FollowerState (FollowerState.java:run(106)) - 32aad283-0bae-446a-b552-a3e6965a6bb8:group-1DD11682BBC6 changes to CANDIDATE, lastRpcTime:1106, electionTimeout:1106ms
2019-09-28 01:24:48,720 [Thread-9708] INFO  impl.RoleInfo (RoleInfo.java:shutdownFollowerState(121)) - 32aad283-0bae-446a-b552-a3e6965a6bb8: shutdown FollowerState
2019-09-28 01:24:48,720 [Thread-9708] INFO  impl.RaftServerImpl (RaftServerImpl.java:setRole(174)) - 32aad283-0bae-446a-b552-a3e6965a6bb8@group-1DD11682BBC6: changes role from  FOLLOWER to CANDIDATE at term 4 for changeToCandidate
2019-09-28 01:24:48,720 [Thread-9708] INFO  impl.RoleInfo (RoleInfo.java:updateAndGet(143)) - 32aad283-0bae-446a-b552-a3e6965a6bb8: start LeaderElection
2019-09-28 01:24:48,747 [32aad283-0bae-446a-b552-a3e6965a6bb8@group-1DD11682BBC6:LeaderElection165] INFO  impl.LeaderElection (LeaderElection.java:askForVotes(182)) - 32aad283-0bae-446a-b552-a3e6965a6bb8@group-1DD11682BBC6:LeaderElection165: begin an election at term 5 for 1: [32aad283-0bae-446a-b552-a3e6965a6bb8:192.168.151.82:38303, 9acdd203-51d1-41ee-852c-319134721574:192.168.151.82:45911, 7b598199-e261-45fb-863c-a2bd9def5848:192.168.151.82:34969], old=null
2019-09-28 01:24:48,748 [32aad283-0bae-446a-b552-a3e6965a6bb8@group-1DD11682BBC6:LeaderElection165] INFO  impl.LeaderElection (LogUtils.java:infoOrTrace(149)) - 32aad283-0bae-446a-b552-a3e6965a6bb8@group-1DD11682BBC6:LeaderElection165 got exception when requesting votes: {}
java.util.concurrent.ExecutionException: org.apache.ratis.thirdparty.io.grpc.StatusRuntimeException: UNAVAILABLE: io exception
	at java.util.concurrent.FutureTask.report(FutureTask.java:122)
	at java.util.concurrent.FutureTask.get(FutureTask.java:192)
	at org.apache.ratis.server.impl.LeaderElection.waitForResults(LeaderElection.java:263)
	at org.apache.ratis.server.impl.LeaderElection.askForVotes(LeaderElection.java:201)
	at org.apache.ratis.server.impl.LeaderElection.run(LeaderElection.java:133)
	at java.lang.Thread.run(Thread.java:748)
Caused by: org.apache.ratis.thirdparty.io.grpc.StatusRuntimeException: UNAVAILABLE: io exception
	at org.apache.ratis.thirdparty.io.grpc.stub.ClientCalls.toStatusRuntimeException(ClientCalls.java:233)
	at org.apache.ratis.thirdparty.io.grpc.stub.ClientCalls.getUnchecked(ClientCalls.java:214)
	at org.apache.ratis.thirdparty.io.grpc.stub.ClientCalls.blockingUnaryCall(ClientCalls.java:139)
	at org.apache.ratis.proto.grpc.RaftServerProtocolServiceGrpc$RaftServerProtocolServiceBlockingStub.requestVote(RaftServerProtocolServiceGrpc.java:265)
	at org.apache.ratis.grpc.server.GrpcServerProtocolClient.requestVote(GrpcServerProtocolClient.java:90)
	at org.apache.ratis.grpc.server.GrpcService.requestVote(GrpcService.java:204)
	at org.apache.ratis.server.impl.LeaderElection.lambda$submitRequests$1(LeaderElection.java:238)
	at java.util.concurrent.FutureTask.run(FutureTask.java:266)
	at java.util.concurrent.Executors$RunnableAdapter.call(Executors.java:511)
	at java.util.concurrent.FutureTask.run(FutureTask.java:266)
	at java.util.concurrent.ThreadPoolExecutor.runWorker(ThreadPoolExecutor.java:1149)
	at java.util.concurrent.ThreadPoolExecutor$Worker.run(ThreadPoolExecutor.java:624)
	... 1 more
Caused by: org.apache.ratis.thirdparty.io.netty.channel.AbstractChannel$AnnotatedConnectException: Connection refused: /192.168.151.82:45911
	at sun.nio.ch.SocketChannelImpl.checkConnect(Native Method)
	at sun.nio.ch.SocketChannelImpl.finishConnect(SocketChannelImpl.java:717)
	at org.apache.ratis.thirdparty.io.netty.channel.socket.nio.NioSocketChannel.doFinishConnect(NioSocketChannel.java:327)
	at org.apache.ratis.thirdparty.io.netty.channel.nio.AbstractNioChannel$AbstractNioUnsafe.finishConnect(AbstractNioChannel.java:340)
	at org.apache.ratis.thirdparty.io.netty.channel.nio.NioEventLoop.processSelectedKey(NioEventLoop.java:632)
	at org.apache.ratis.thirdparty.io.netty.channel.nio.NioEventLoop.processSelectedKeysOptimized(NioEventLoop.java:579)
	at org.apache.ratis.thirdparty.io.netty.channel.nio.NioEventLoop.processSelectedKeys(NioEventLoop.java:496)
	at org.apache.ratis.thirdparty.io.netty.channel.nio.NioEventLoop.run(NioEventLoop.java:458)
	at org.apache.ratis.thirdparty.io.netty.util.concurrent.SingleThreadEventExecutor$5.run(SingleThreadEventExecutor.java:897)
	at org.apache.ratis.thirdparty.io.netty.util.concurrent.FastThreadLocalRunnable.run(FastThreadLocalRunnable.java:30)
	... 1 more
Caused by: java.net.ConnectException: Connection refused
	... 11 more
2019-09-28 01:24:48,748 [32aad283-0bae-446a-b552-a3e6965a6bb8@group-1DD11682BBC6:LeaderElection165] INFO  impl.LeaderElection (LogUtils.java:infoOrTrace(149)) - 32aad283-0bae-446a-b552-a3e6965a6bb8@group-1DD11682BBC6:LeaderElection165 got exception when requesting votes: {}
java.util.concurrent.ExecutionException: org.apache.ratis.thirdparty.io.grpc.StatusRuntimeException: UNAVAILABLE: io exception
	at java.util.concurrent.FutureTask.report(FutureTask.java:122)
	at java.util.concurrent.FutureTask.get(FutureTask.java:192)
	at org.apache.ratis.server.impl.LeaderElection.waitForResults(LeaderElection.java:263)
	at org.apache.ratis.server.impl.LeaderElection.askForVotes(LeaderElection.java:201)
	at org.apache.ratis.server.impl.LeaderElection.run(LeaderElection.java:133)
	at java.lang.Thread.run(Thread.java:748)
Caused by: org.apache.ratis.thirdparty.io.grpc.StatusRuntimeException: UNAVAILABLE: io exception
	at org.apache.ratis.thirdparty.io.grpc.stub.ClientCalls.toStatusRuntimeException(ClientCalls.java:233)
	at org.apache.ratis.thirdparty.io.grpc.stub.ClientCalls.getUnchecked(ClientCalls.java:214)
	at org.apache.ratis.thirdparty.io.grpc.stub.ClientCalls.blockingUnaryCall(ClientCalls.java:139)
	at org.apache.ratis.proto.grpc.RaftServerProtocolServiceGrpc$RaftServerProtocolServiceBlockingStub.requestVote(RaftServerProtocolServiceGrpc.java:265)
	at org.apache.ratis.grpc.server.GrpcServerProtocolClient.requestVote(GrpcServerProtocolClient.java:90)
	at org.apache.ratis.grpc.server.GrpcService.requestVote(GrpcService.java:204)
	at org.apache.ratis.server.impl.LeaderElection.lambda$submitRequests$1(LeaderElection.java:238)
	at java.util.concurrent.FutureTask.run(FutureTask.java:266)
	at java.util.concurrent.Executors$RunnableAdapter.call(Executors.java:511)
	at java.util.concurrent.FutureTask.run(FutureTask.java:266)
	at java.util.concurrent.ThreadPoolExecutor.runWorker(ThreadPoolExecutor.java:1149)
	at java.util.concurrent.ThreadPoolExecutor$Worker.run(ThreadPoolExecutor.java:624)
	... 1 more
Caused by: org.apache.ratis.thirdparty.io.netty.channel.AbstractChannel$AnnotatedConnectException: Connection refused: /192.168.151.82:34969
	at sun.nio.ch.SocketChannelImpl.checkConnect(Native Method)
	at sun.nio.ch.SocketChannelImpl.finishConnect(SocketChannelImpl.java:717)
	at org.apache.ratis.thirdparty.io.netty.channel.socket.nio.NioSocketChannel.doFinishConnect(NioSocketChannel.java:327)
	at org.apache.ratis.thirdparty.io.netty.channel.nio.AbstractNioChannel$AbstractNioUnsafe.finishConnect(AbstractNioChannel.java:340)
	at org.apache.ratis.thirdparty.io.netty.channel.nio.NioEventLoop.processSelectedKey(NioEventLoop.java:632)
	at org.apache.ratis.thirdparty.io.netty.channel.nio.NioEventLoop.processSelectedKeysOptimized(NioEventLoop.java:579)
	at org.apache.ratis.thirdparty.io.netty.channel.nio.NioEventLoop.processSelectedKeys(NioEventLoop.java:496)
	at org.apache.ratis.thirdparty.io.netty.channel.nio.NioEventLoop.run(NioEventLoop.java:458)
	at org.apache.ratis.thirdparty.io.netty.util.concurrent.SingleThreadEventExecutor$5.run(SingleThreadEventExecutor.java:897)
	at org.apache.ratis.thirdparty.io.netty.util.concurrent.FastThreadLocalRunnable.run(FastThreadLocalRunnable.java:30)
	... 1 more
Caused by: java.net.ConnectException: Connection refused
	... 11 more
2019-09-28 01:24:48,749 [32aad283-0bae-446a-b552-a3e6965a6bb8@group-1DD11682BBC6:LeaderElection165] INFO  impl.LeaderElection (LeaderElection.java:logAndReturn(56)) - 32aad283-0bae-446a-b552-a3e6965a6bb8@group-1DD11682BBC6:LeaderElection165: Election REJECTED; received 0 response(s) [] and 2 exception(s); 32aad283-0bae-446a-b552-a3e6965a6bb8@group-1DD11682BBC6:t5, leader=null, voted=32aad283-0bae-446a-b552-a3e6965a6bb8, raftlog=32aad283-0bae-446a-b552-a3e6965a6bb8@group-1DD11682BBC6-SegmentedRaftLog:OPENED:c2,f2,i2, conf=1: [32aad283-0bae-446a-b552-a3e6965a6bb8:192.168.151.82:38303, 9acdd203-51d1-41ee-852c-319134721574:192.168.151.82:45911, 7b598199-e261-45fb-863c-a2bd9def5848:192.168.151.82:34969], old=null
2019-09-28 01:24:48,749 [32aad283-0bae-446a-b552-a3e6965a6bb8@group-1DD11682BBC6:LeaderElection165] INFO  impl.LeaderElection (LogUtils.java:infoOrTrace(149)) -   Exception 0: {}
java.util.concurrent.ExecutionException: org.apache.ratis.thirdparty.io.grpc.StatusRuntimeException: UNAVAILABLE: io exception
	at java.util.concurrent.FutureTask.report(FutureTask.java:122)
	at java.util.concurrent.FutureTask.get(FutureTask.java:192)
	at org.apache.ratis.server.impl.LeaderElection.waitForResults(LeaderElection.java:263)
	at org.apache.ratis.server.impl.LeaderElection.askForVotes(LeaderElection.java:201)
	at org.apache.ratis.server.impl.LeaderElection.run(LeaderElection.java:133)
	at java.lang.Thread.run(Thread.java:748)
Caused by: org.apache.ratis.thirdparty.io.grpc.StatusRuntimeException: UNAVAILABLE: io exception
	at org.apache.ratis.thirdparty.io.grpc.stub.ClientCalls.toStatusRuntimeException(ClientCalls.java:233)
	at org.apache.ratis.thirdparty.io.grpc.stub.ClientCalls.getUnchecked(ClientCalls.java:214)
	at org.apache.ratis.thirdparty.io.grpc.stub.ClientCalls.blockingUnaryCall(ClientCalls.java:139)
	at org.apache.ratis.proto.grpc.RaftServerProtocolServiceGrpc$RaftServerProtocolServiceBlockingStub.requestVote(RaftServerProtocolServiceGrpc.java:265)
	at org.apache.ratis.grpc.server.GrpcServerProtocolClient.requestVote(GrpcServerProtocolClient.java:90)
	at org.apache.ratis.grpc.server.GrpcService.requestVote(GrpcService.java:204)
	at org.apache.ratis.server.impl.LeaderElection.lambda$submitRequests$1(LeaderElection.java:238)
	at java.util.concurrent.FutureTask.run(FutureTask.java:266)
	at java.util.concurrent.Executors$RunnableAdapter.call(Executors.java:511)
	at java.util.concurrent.FutureTask.run(FutureTask.java:266)
	at java.util.concurrent.ThreadPoolExecutor.runWorker(ThreadPoolExecutor.java:1149)
	at java.util.concurrent.ThreadPoolExecutor$Worker.run(ThreadPoolExecutor.java:624)
	... 1 more
Caused by: org.apache.ratis.thirdparty.io.netty.channel.AbstractChannel$AnnotatedConnectException: Connection refused: /192.168.151.82:45911
	at sun.nio.ch.SocketChannelImpl.checkConnect(Native Method)
	at sun.nio.ch.SocketChannelImpl.finishConnect(SocketChannelImpl.java:717)
	at org.apache.ratis.thirdparty.io.netty.channel.socket.nio.NioSocketChannel.doFinishConnect(NioSocketChannel.java:327)
	at org.apache.ratis.thirdparty.io.netty.channel.nio.AbstractNioChannel$AbstractNioUnsafe.finishConnect(AbstractNioChannel.java:340)
	at org.apache.ratis.thirdparty.io.netty.channel.nio.NioEventLoop.processSelectedKey(NioEventLoop.java:632)
	at org.apache.ratis.thirdparty.io.netty.channel.nio.NioEventLoop.processSelectedKeysOptimized(NioEventLoop.java:579)
	at org.apache.ratis.thirdparty.io.netty.channel.nio.NioEventLoop.processSelectedKeys(NioEventLoop.java:496)
	at org.apache.ratis.thirdparty.io.netty.channel.nio.NioEventLoop.run(NioEventLoop.java:458)
	at org.apache.ratis.thirdparty.io.netty.util.concurrent.SingleThreadEventExecutor$5.run(SingleThreadEventExecutor.java:897)
	at org.apache.ratis.thirdparty.io.netty.util.concurrent.FastThreadLocalRunnable.run(FastThreadLocalRunnable.java:30)
	... 1 more
Caused by: java.net.ConnectException: Connection refused
	... 11 more
2019-09-28 01:24:48,750 [32aad283-0bae-446a-b552-a3e6965a6bb8@group-1DD11682BBC6:LeaderElection165] INFO  impl.LeaderElection (LogUtils.java:infoOrTrace(149)) -   Exception 1: {}
java.util.concurrent.ExecutionException: org.apache.ratis.thirdparty.io.grpc.StatusRuntimeException: UNAVAILABLE: io exception
	at java.util.concurrent.FutureTask.report(FutureTask.java:122)
	at java.util.concurrent.FutureTask.get(FutureTask.java:192)
	at org.apache.ratis.server.impl.LeaderElection.waitForResults(LeaderElection.java:263)
	at org.apache.ratis.server.impl.LeaderElection.askForVotes(LeaderElection.java:201)
	at org.apache.ratis.server.impl.LeaderElection.run(LeaderElection.java:133)
	at java.lang.Thread.run(Thread.java:748)
Caused by: org.apache.ratis.thirdparty.io.grpc.StatusRuntimeException: UNAVAILABLE: io exception
	at org.apache.ratis.thirdparty.io.grpc.stub.ClientCalls.toStatusRuntimeException(ClientCalls.java:233)
	at org.apache.ratis.thirdparty.io.grpc.stub.ClientCalls.getUnchecked(ClientCalls.java:214)
	at org.apache.ratis.thirdparty.io.grpc.stub.ClientCalls.blockingUnaryCall(ClientCalls.java:139)
	at org.apache.ratis.proto.grpc.RaftServerProtocolServiceGrpc$RaftServerProtocolServiceBlockingStub.requestVote(RaftServerProtocolServiceGrpc.java:265)
	at org.apache.ratis.grpc.server.GrpcServerProtocolClient.requestVote(GrpcServerProtocolClient.java:90)
	at org.apache.ratis.grpc.server.GrpcService.requestVote(GrpcService.java:204)
	at org.apache.ratis.server.impl.LeaderElection.lambda$submitRequests$1(LeaderElection.java:238)
	at java.util.concurrent.FutureTask.run(FutureTask.java:266)
	at java.util.concurrent.Executors$RunnableAdapter.call(Executors.java:511)
	at java.util.concurrent.FutureTask.run(FutureTask.java:266)
	at java.util.concurrent.ThreadPoolExecutor.runWorker(ThreadPoolExecutor.java:1149)
	at java.util.concurrent.ThreadPoolExecutor$Worker.run(ThreadPoolExecutor.java:624)
	... 1 more
Caused by: org.apache.ratis.thirdparty.io.netty.channel.AbstractChannel$AnnotatedConnectException: Connection refused: /192.168.151.82:34969
	at sun.nio.ch.SocketChannelImpl.checkConnect(Native Method)
	at sun.nio.ch.SocketChannelImpl.finishConnect(SocketChannelImpl.java:717)
	at org.apache.ratis.thirdparty.io.netty.channel.socket.nio.NioSocketChannel.doFinishConnect(NioSocketChannel.java:327)
	at org.apache.ratis.thirdparty.io.netty.channel.nio.AbstractNioChannel$AbstractNioUnsafe.finishConnect(AbstractNioChannel.java:340)
	at org.apache.ratis.thirdparty.io.netty.channel.nio.NioEventLoop.processSelectedKey(NioEventLoop.java:632)
	at org.apache.ratis.thirdparty.io.netty.channel.nio.NioEventLoop.processSelectedKeysOptimized(NioEventLoop.java:579)
	at org.apache.ratis.thirdparty.io.netty.channel.nio.NioEventLoop.processSelectedKeys(NioEventLoop.java:496)
	at org.apache.ratis.thirdparty.io.netty.channel.nio.NioEventLoop.run(NioEventLoop.java:458)
	at org.apache.ratis.thirdparty.io.netty.util.concurrent.SingleThreadEventExecutor$5.run(SingleThreadEventExecutor.java:897)
	at org.apache.ratis.thirdparty.io.netty.util.concurrent.FastThreadLocalRunnable.run(FastThreadLocalRunnable.java:30)
	... 1 more
Caused by: java.net.ConnectException: Connection refused
	... 11 more
2019-09-28 01:24:48,750 [32aad283-0bae-446a-b552-a3e6965a6bb8@group-1DD11682BBC6:LeaderElection165] INFO  impl.RaftServerImpl (RaftServerImpl.java:setRole(174)) - 32aad283-0bae-446a-b552-a3e6965a6bb8@group-1DD11682BBC6: changes role from CANDIDATE to FOLLOWER at term 5 for DISCOVERED_A_NEW_TERM
2019-09-28 01:24:48,750 [32aad283-0bae-446a-b552-a3e6965a6bb8@group-1DD11682BBC6:LeaderElection165] INFO  impl.RoleInfo (RoleInfo.java:shutdownLeaderElection(134)) - 32aad283-0bae-446a-b552-a3e6965a6bb8: shutdown LeaderElection
2019-09-28 01:24:48,751 [32aad283-0bae-446a-b552-a3e6965a6bb8@group-1DD11682BBC6:LeaderElection165] INFO  impl.RoleInfo (RoleInfo.java:updateAndGet(143)) - 32aad283-0bae-446a-b552-a3e6965a6bb8: start FollowerState
2019-09-28 01:24:49,946 [Thread-9712] INFO  impl.FollowerState (FollowerState.java:run(106)) - 32aad283-0bae-446a-b552-a3e6965a6bb8:group-1DD11682BBC6 changes to CANDIDATE, lastRpcTime:1195, electionTimeout:1195ms
2019-09-28 01:24:49,947 [Thread-9712] INFO  impl.RoleInfo (RoleInfo.java:shutdownFollowerState(121)) - 32aad283-0bae-446a-b552-a3e6965a6bb8: shutdown FollowerState
2019-09-28 01:24:49,947 [Thread-9712] INFO  impl.RaftServerImpl (RaftServerImpl.java:setRole(174)) - 32aad283-0bae-446a-b552-a3e6965a6bb8@group-1DD11682BBC6: changes role from  FOLLOWER to CANDIDATE at term 5 for changeToCandidate
2019-09-28 01:24:49,947 [Thread-9712] INFO  impl.RoleInfo (RoleInfo.java:updateAndGet(143)) - 32aad283-0bae-446a-b552-a3e6965a6bb8: start LeaderElection
2019-09-28 01:24:49,961 [32aad283-0bae-446a-b552-a3e6965a6bb8@group-1DD11682BBC6:LeaderElection166] INFO  impl.LeaderElection (LeaderElection.java:askForVotes(182)) - 32aad283-0bae-446a-b552-a3e6965a6bb8@group-1DD11682BBC6:LeaderElection166: begin an election at term 6 for 1: [32aad283-0bae-446a-b552-a3e6965a6bb8:192.168.151.82:38303, 9acdd203-51d1-41ee-852c-319134721574:192.168.151.82:45911, 7b598199-e261-45fb-863c-a2bd9def5848:192.168.151.82:34969], old=null
2019-09-28 01:24:49,962 [32aad283-0bae-446a-b552-a3e6965a6bb8@group-1DD11682BBC6:LeaderElection166] INFO  impl.LeaderElection (LogUtils.java:infoOrTrace(149)) - 32aad283-0bae-446a-b552-a3e6965a6bb8@group-1DD11682BBC6:LeaderElection166 got exception when requesting votes: {}
java.util.concurrent.ExecutionException: org.apache.ratis.thirdparty.io.grpc.StatusRuntimeException: UNAVAILABLE: io exception
	at java.util.concurrent.FutureTask.report(FutureTask.java:122)
	at java.util.concurrent.FutureTask.get(FutureTask.java:192)
	at org.apache.ratis.server.impl.LeaderElection.waitForResults(LeaderElection.java:263)
	at org.apache.ratis.server.impl.LeaderElection.askForVotes(LeaderElection.java:201)
	at org.apache.ratis.server.impl.LeaderElection.run(LeaderElection.java:133)
	at java.lang.Thread.run(Thread.java:748)
Caused by: org.apache.ratis.thirdparty.io.grpc.StatusRuntimeException: UNAVAILABLE: io exception
	at org.apache.ratis.thirdparty.io.grpc.stub.ClientCalls.toStatusRuntimeException(ClientCalls.java:233)
	at org.apache.ratis.thirdparty.io.grpc.stub.ClientCalls.getUnchecked(ClientCalls.java:214)
	at org.apache.ratis.thirdparty.io.grpc.stub.ClientCalls.blockingUnaryCall(ClientCalls.java:139)
	at org.apache.ratis.proto.grpc.RaftServerProtocolServiceGrpc$RaftServerProtocolServiceBlockingStub.requestVote(RaftServerProtocolServiceGrpc.java:265)
	at org.apache.ratis.grpc.server.GrpcServerProtocolClient.requestVote(GrpcServerProtocolClient.java:90)
	at org.apache.ratis.grpc.server.GrpcService.requestVote(GrpcService.java:204)
	at org.apache.ratis.server.impl.LeaderElection.lambda$submitRequests$1(LeaderElection.java:238)
	at java.util.concurrent.FutureTask.run(FutureTask.java:266)
	at java.util.concurrent.Executors$RunnableAdapter.call(Executors.java:511)
	at java.util.concurrent.FutureTask.run(FutureTask.java:266)
	at java.util.concurrent.ThreadPoolExecutor.runWorker(ThreadPoolExecutor.java:1149)
	at java.util.concurrent.ThreadPoolExecutor$Worker.run(ThreadPoolExecutor.java:624)
	... 1 more
Caused by: org.apache.ratis.thirdparty.io.netty.channel.AbstractChannel$AnnotatedConnectException: Connection refused: /192.168.151.82:45911
	at sun.nio.ch.SocketChannelImpl.checkConnect(Native Method)
	at sun.nio.ch.SocketChannelImpl.finishConnect(SocketChannelImpl.java:717)
	at org.apache.ratis.thirdparty.io.netty.channel.socket.nio.NioSocketChannel.doFinishConnect(NioSocketChannel.java:327)
	at org.apache.ratis.thirdparty.io.netty.channel.nio.AbstractNioChannel$AbstractNioUnsafe.finishConnect(AbstractNioChannel.java:340)
	at org.apache.ratis.thirdparty.io.netty.channel.nio.NioEventLoop.processSelectedKey(NioEventLoop.java:632)
	at org.apache.ratis.thirdparty.io.netty.channel.nio.NioEventLoop.processSelectedKeysOptimized(NioEventLoop.java:579)
	at org.apache.ratis.thirdparty.io.netty.channel.nio.NioEventLoop.processSelectedKeys(NioEventLoop.java:496)
	at org.apache.ratis.thirdparty.io.netty.channel.nio.NioEventLoop.run(NioEventLoop.java:458)
	at org.apache.ratis.thirdparty.io.netty.util.concurrent.SingleThreadEventExecutor$5.run(SingleThreadEventExecutor.java:897)
	at org.apache.ratis.thirdparty.io.netty.util.concurrent.FastThreadLocalRunnable.run(FastThreadLocalRunnable.java:30)
	... 1 more
Caused by: java.net.ConnectException: Connection refused
	... 11 more
2019-09-28 01:24:49,962 [32aad283-0bae-446a-b552-a3e6965a6bb8@group-1DD11682BBC6:LeaderElection166] INFO  impl.LeaderElection (LogUtils.java:infoOrTrace(149)) - 32aad283-0bae-446a-b552-a3e6965a6bb8@group-1DD11682BBC6:LeaderElection166 got exception when requesting votes: {}
java.util.concurrent.ExecutionException: org.apache.ratis.thirdparty.io.grpc.StatusRuntimeException: UNAVAILABLE: io exception
	at java.util.concurrent.FutureTask.report(FutureTask.java:122)
	at java.util.concurrent.FutureTask.get(FutureTask.java:192)
	at org.apache.ratis.server.impl.LeaderElection.waitForResults(LeaderElection.java:263)
	at org.apache.ratis.server.impl.LeaderElection.askForVotes(LeaderElection.java:201)
	at org.apache.ratis.server.impl.LeaderElection.run(LeaderElection.java:133)
	at java.lang.Thread.run(Thread.java:748)
Caused by: org.apache.ratis.thirdparty.io.grpc.StatusRuntimeException: UNAVAILABLE: io exception
	at org.apache.ratis.thirdparty.io.grpc.stub.ClientCalls.toStatusRuntimeException(ClientCalls.java:233)
	at org.apache.ratis.thirdparty.io.grpc.stub.ClientCalls.getUnchecked(ClientCalls.java:214)
	at org.apache.ratis.thirdparty.io.grpc.stub.ClientCalls.blockingUnaryCall(ClientCalls.java:139)
	at org.apache.ratis.proto.grpc.RaftServerProtocolServiceGrpc$RaftServerProtocolServiceBlockingStub.requestVote(RaftServerProtocolServiceGrpc.java:265)
	at org.apache.ratis.grpc.server.GrpcServerProtocolClient.requestVote(GrpcServerProtocolClient.java:90)
	at org.apache.ratis.grpc.server.GrpcService.requestVote(GrpcService.java:204)
	at org.apache.ratis.server.impl.LeaderElection.lambda$submitRequests$1(LeaderElection.java:238)
	at java.util.concurrent.FutureTask.run(FutureTask.java:266)
	at java.util.concurrent.Executors$RunnableAdapter.call(Executors.java:511)
	at java.util.concurrent.FutureTask.run(FutureTask.java:266)
	at java.util.concurrent.ThreadPoolExecutor.runWorker(ThreadPoolExecutor.java:1149)
	at java.util.concurrent.ThreadPoolExecutor$Worker.run(ThreadPoolExecutor.java:624)
	... 1 more
Caused by: org.apache.ratis.thirdparty.io.netty.channel.AbstractChannel$AnnotatedConnectException: Connection refused: /192.168.151.82:34969
	at sun.nio.ch.SocketChannelImpl.checkConnect(Native Method)
	at sun.nio.ch.SocketChannelImpl.finishConnect(SocketChannelImpl.java:717)
	at org.apache.ratis.thirdparty.io.netty.channel.socket.nio.NioSocketChannel.doFinishConnect(NioSocketChannel.java:327)
	at org.apache.ratis.thirdparty.io.netty.channel.nio.AbstractNioChannel$AbstractNioUnsafe.finishConnect(AbstractNioChannel.java:340)
	at org.apache.ratis.thirdparty.io.netty.channel.nio.NioEventLoop.processSelectedKey(NioEventLoop.java:632)
	at org.apache.ratis.thirdparty.io.netty.channel.nio.NioEventLoop.processSelectedKeysOptimized(NioEventLoop.java:579)
	at org.apache.ratis.thirdparty.io.netty.channel.nio.NioEventLoop.processSelectedKeys(NioEventLoop.java:496)
	at org.apache.ratis.thirdparty.io.netty.channel.nio.NioEventLoop.run(NioEventLoop.java:458)
	at org.apache.ratis.thirdparty.io.netty.util.concurrent.SingleThreadEventExecutor$5.run(SingleThreadEventExecutor.java:897)
	at org.apache.ratis.thirdparty.io.netty.util.concurrent.FastThreadLocalRunnable.run(FastThreadLocalRunnable.java:30)
	... 1 more
Caused by: java.net.ConnectException: Connection refused
	... 11 more
2019-09-28 01:24:49,963 [32aad283-0bae-446a-b552-a3e6965a6bb8@group-1DD11682BBC6:LeaderElection166] INFO  impl.LeaderElection (LeaderElection.java:logAndReturn(56)) - 32aad283-0bae-446a-b552-a3e6965a6bb8@group-1DD11682BBC6:LeaderElection166: Election REJECTED; received 0 response(s) [] and 2 exception(s); 32aad283-0bae-446a-b552-a3e6965a6bb8@group-1DD11682BBC6:t6, leader=null, voted=32aad283-0bae-446a-b552-a3e6965a6bb8, raftlog=32aad283-0bae-446a-b552-a3e6965a6bb8@group-1DD11682BBC6-SegmentedRaftLog:OPENED:c2,f2,i2, conf=1: [32aad283-0bae-446a-b552-a3e6965a6bb8:192.168.151.82:38303, 9acdd203-51d1-41ee-852c-319134721574:192.168.151.82:45911, 7b598199-e261-45fb-863c-a2bd9def5848:192.168.151.82:34969], old=null
2019-09-28 01:24:49,963 [32aad283-0bae-446a-b552-a3e6965a6bb8@group-1DD11682BBC6:LeaderElection166] INFO  impl.LeaderElection (LogUtils.java:infoOrTrace(149)) -   Exception 0: {}
java.util.concurrent.ExecutionException: org.apache.ratis.thirdparty.io.grpc.StatusRuntimeException: UNAVAILABLE: io exception
	at java.util.concurrent.FutureTask.report(FutureTask.java:122)
	at java.util.concurrent.FutureTask.get(FutureTask.java:192)
	at org.apache.ratis.server.impl.LeaderElection.waitForResults(LeaderElection.java:263)
	at org.apache.ratis.server.impl.LeaderElection.askForVotes(LeaderElection.java:201)
	at org.apache.ratis.server.impl.LeaderElection.run(LeaderElection.java:133)
	at java.lang.Thread.run(Thread.java:748)
Caused by: org.apache.ratis.thirdparty.io.grpc.StatusRuntimeException: UNAVAILABLE: io exception
	at org.apache.ratis.thirdparty.io.grpc.stub.ClientCalls.toStatusRuntimeException(ClientCalls.java:233)
	at org.apache.ratis.thirdparty.io.grpc.stub.ClientCalls.getUnchecked(ClientCalls.java:214)
	at org.apache.ratis.thirdparty.io.grpc.stub.ClientCalls.blockingUnaryCall(ClientCalls.java:139)
	at org.apache.ratis.proto.grpc.RaftServerProtocolServiceGrpc$RaftServerProtocolServiceBlockingStub.requestVote(RaftServerProtocolServiceGrpc.java:265)
	at org.apache.ratis.grpc.server.GrpcServerProtocolClient.requestVote(GrpcServerProtocolClient.java:90)
	at org.apache.ratis.grpc.server.GrpcService.requestVote(GrpcService.java:204)
	at org.apache.ratis.server.impl.LeaderElection.lambda$submitRequests$1(LeaderElection.java:238)
	at java.util.concurrent.FutureTask.run(FutureTask.java:266)
	at java.util.concurrent.Executors$RunnableAdapter.call(Executors.java:511)
	at java.util.concurrent.FutureTask.run(FutureTask.java:266)
	at java.util.concurrent.ThreadPoolExecutor.runWorker(ThreadPoolExecutor.java:1149)
	at java.util.concurrent.ThreadPoolExecutor$Worker.run(ThreadPoolExecutor.java:624)
	... 1 more
Caused by: org.apache.ratis.thirdparty.io.netty.channel.AbstractChannel$AnnotatedConnectException: Connection refused: /192.168.151.82:45911
	at sun.nio.ch.SocketChannelImpl.checkConnect(Native Method)
	at sun.nio.ch.SocketChannelImpl.finishConnect(SocketChannelImpl.java:717)
	at org.apache.ratis.thirdparty.io.netty.channel.socket.nio.NioSocketChannel.doFinishConnect(NioSocketChannel.java:327)
	at org.apache.ratis.thirdparty.io.netty.channel.nio.AbstractNioChannel$AbstractNioUnsafe.finishConnect(AbstractNioChannel.java:340)
	at org.apache.ratis.thirdparty.io.netty.channel.nio.NioEventLoop.processSelectedKey(NioEventLoop.java:632)
	at org.apache.ratis.thirdparty.io.netty.channel.nio.NioEventLoop.processSelectedKeysOptimized(NioEventLoop.java:579)
	at org.apache.ratis.thirdparty.io.netty.channel.nio.NioEventLoop.processSelectedKeys(NioEventLoop.java:496)
	at org.apache.ratis.thirdparty.io.netty.channel.nio.NioEventLoop.run(NioEventLoop.java:458)
	at org.apache.ratis.thirdparty.io.netty.util.concurrent.SingleThreadEventExecutor$5.run(SingleThreadEventExecutor.java:897)
	at org.apache.ratis.thirdparty.io.netty.util.concurrent.FastThreadLocalRunnable.run(FastThreadLocalRunnable.java:30)
	... 1 more
Caused by: java.net.ConnectException: Connection refused
	... 11 more
2019-09-28 01:24:49,963 [32aad283-0bae-446a-b552-a3e6965a6bb8@group-1DD11682BBC6:LeaderElection166] INFO  impl.LeaderElection (LogUtils.java:infoOrTrace(149)) -   Exception 1: {}
java.util.concurrent.ExecutionException: org.apache.ratis.thirdparty.io.grpc.StatusRuntimeException: UNAVAILABLE: io exception
	at java.util.concurrent.FutureTask.report(FutureTask.java:122)
	at java.util.concurrent.FutureTask.get(FutureTask.java:192)
	at org.apache.ratis.server.impl.LeaderElection.waitForResults(LeaderElection.java:263)
	at org.apache.ratis.server.impl.LeaderElection.askForVotes(LeaderElection.java:201)
	at org.apache.ratis.server.impl.LeaderElection.run(LeaderElection.java:133)
	at java.lang.Thread.run(Thread.java:748)
Caused by: org.apache.ratis.thirdparty.io.grpc.StatusRuntimeException: UNAVAILABLE: io exception
	at org.apache.ratis.thirdparty.io.grpc.stub.ClientCalls.toStatusRuntimeException(ClientCalls.java:233)
	at org.apache.ratis.thirdparty.io.grpc.stub.ClientCalls.getUnchecked(ClientCalls.java:214)
	at org.apache.ratis.thirdparty.io.grpc.stub.ClientCalls.blockingUnaryCall(ClientCalls.java:139)
	at org.apache.ratis.proto.grpc.RaftServerProtocolServiceGrpc$RaftServerProtocolServiceBlockingStub.requestVote(RaftServerProtocolServiceGrpc.java:265)
	at org.apache.ratis.grpc.server.GrpcServerProtocolClient.requestVote(GrpcServerProtocolClient.java:90)
	at org.apache.ratis.grpc.server.GrpcService.requestVote(GrpcService.java:204)
	at org.apache.ratis.server.impl.LeaderElection.lambda$submitRequests$1(LeaderElection.java:238)
	at java.util.concurrent.FutureTask.run(FutureTask.java:266)
	at java.util.concurrent.Executors$RunnableAdapter.call(Executors.java:511)
	at java.util.concurrent.FutureTask.run(FutureTask.java:266)
	at java.util.concurrent.ThreadPoolExecutor.runWorker(ThreadPoolExecutor.java:1149)
	at java.util.concurrent.ThreadPoolExecutor$Worker.run(ThreadPoolExecutor.java:624)
	... 1 more
Caused by: org.apache.ratis.thirdparty.io.netty.channel.AbstractChannel$AnnotatedConnectException: Connection refused: /192.168.151.82:34969
	at sun.nio.ch.SocketChannelImpl.checkConnect(Native Method)
	at sun.nio.ch.SocketChannelImpl.finishConnect(SocketChannelImpl.java:717)
	at org.apache.ratis.thirdparty.io.netty.channel.socket.nio.NioSocketChannel.doFinishConnect(NioSocketChannel.java:327)
	at org.apache.ratis.thirdparty.io.netty.channel.nio.AbstractNioChannel$AbstractNioUnsafe.finishConnect(AbstractNioChannel.java:340)
	at org.apache.ratis.thirdparty.io.netty.channel.nio.NioEventLoop.processSelectedKey(NioEventLoop.java:632)
	at org.apache.ratis.thirdparty.io.netty.channel.nio.NioEventLoop.processSelectedKeysOptimized(NioEventLoop.java:579)
	at org.apache.ratis.thirdparty.io.netty.channel.nio.NioEventLoop.processSelectedKeys(NioEventLoop.java:496)
	at org.apache.ratis.thirdparty.io.netty.channel.nio.NioEventLoop.run(NioEventLoop.java:458)
	at org.apache.ratis.thirdparty.io.netty.util.concurrent.SingleThreadEventExecutor$5.run(SingleThreadEventExecutor.java:897)
	at org.apache.ratis.thirdparty.io.netty.util.concurrent.FastThreadLocalRunnable.run(FastThreadLocalRunnable.java:30)
	... 1 more
Caused by: java.net.ConnectException: Connection refused
	... 11 more
2019-09-28 01:24:49,964 [32aad283-0bae-446a-b552-a3e6965a6bb8@group-1DD11682BBC6:LeaderElection166] INFO  impl.RaftServerImpl (RaftServerImpl.java:setRole(174)) - 32aad283-0bae-446a-b552-a3e6965a6bb8@group-1DD11682BBC6: changes role from CANDIDATE to FOLLOWER at term 6 for DISCOVERED_A_NEW_TERM
2019-09-28 01:24:49,964 [32aad283-0bae-446a-b552-a3e6965a6bb8@group-1DD11682BBC6:LeaderElection166] INFO  impl.RoleInfo (RoleInfo.java:shutdownLeaderElection(134)) - 32aad283-0bae-446a-b552-a3e6965a6bb8: shutdown LeaderElection
2019-09-28 01:24:49,964 [32aad283-0bae-446a-b552-a3e6965a6bb8@group-1DD11682BBC6:LeaderElection166] INFO  impl.RoleInfo (RoleInfo.java:updateAndGet(143)) - 32aad283-0bae-446a-b552-a3e6965a6bb8: start FollowerState
2019-09-28 01:24:51,093 [Thread-9716] INFO  impl.FollowerState (FollowerState.java:run(106)) - 32aad283-0bae-446a-b552-a3e6965a6bb8:group-1DD11682BBC6 changes to CANDIDATE, lastRpcTime:1128, electionTimeout:1128ms
2019-09-28 01:24:51,093 [Thread-9716] INFO  impl.RoleInfo (RoleInfo.java:shutdownFollowerState(121)) - 32aad283-0bae-446a-b552-a3e6965a6bb8: shutdown FollowerState
2019-09-28 01:24:51,093 [Thread-9716] INFO  impl.RaftServerImpl (RaftServerImpl.java:setRole(174)) - 32aad283-0bae-446a-b552-a3e6965a6bb8@group-1DD11682BBC6: changes role from  FOLLOWER to CANDIDATE at term 6 for changeToCandidate
2019-09-28 01:24:51,094 [Thread-9716] INFO  impl.RoleInfo (RoleInfo.java:updateAndGet(143)) - 32aad283-0bae-446a-b552-a3e6965a6bb8: start LeaderElection
2019-09-28 01:24:51,108 [32aad283-0bae-446a-b552-a3e6965a6bb8@group-1DD11682BBC6:LeaderElection167] INFO  impl.LeaderElection (LeaderElection.java:askForVotes(182)) - 32aad283-0bae-446a-b552-a3e6965a6bb8@group-1DD11682BBC6:LeaderElection167: begin an election at term 7 for 1: [32aad283-0bae-446a-b552-a3e6965a6bb8:192.168.151.82:38303, 9acdd203-51d1-41ee-852c-319134721574:192.168.151.82:45911, 7b598199-e261-45fb-863c-a2bd9def5848:192.168.151.82:34969], old=null
2019-09-28 01:24:51,110 [32aad283-0bae-446a-b552-a3e6965a6bb8@group-1DD11682BBC6:LeaderElection167] INFO  impl.LeaderElection (LogUtils.java:infoOrTrace(149)) - 32aad283-0bae-446a-b552-a3e6965a6bb8@group-1DD11682BBC6:LeaderElection167 got exception when requesting votes: {}
java.util.concurrent.ExecutionException: org.apache.ratis.thirdparty.io.grpc.StatusRuntimeException: UNAVAILABLE: io exception
	at java.util.concurrent.FutureTask.report(FutureTask.java:122)
	at java.util.concurrent.FutureTask.get(FutureTask.java:192)
	at org.apache.ratis.server.impl.LeaderElection.waitForResults(LeaderElection.java:263)
	at org.apache.ratis.server.impl.LeaderElection.askForVotes(LeaderElection.java:201)
	at org.apache.ratis.server.impl.LeaderElection.run(LeaderElection.java:133)
	at java.lang.Thread.run(Thread.java:748)
Caused by: org.apache.ratis.thirdparty.io.grpc.StatusRuntimeException: UNAVAILABLE: io exception
	at org.apache.ratis.thirdparty.io.grpc.stub.ClientCalls.toStatusRuntimeException(ClientCalls.java:233)
	at org.apache.ratis.thirdparty.io.grpc.stub.ClientCalls.getUnchecked(ClientCalls.java:214)
	at org.apache.ratis.thirdparty.io.grpc.stub.ClientCalls.blockingUnaryCall(ClientCalls.java:139)
	at org.apache.ratis.proto.grpc.RaftServerProtocolServiceGrpc$RaftServerProtocolServiceBlockingStub.requestVote(RaftServerProtocolServiceGrpc.java:265)
	at org.apache.ratis.grpc.server.GrpcServerProtocolClient.requestVote(GrpcServerProtocolClient.java:90)
	at org.apache.ratis.grpc.server.GrpcService.requestVote(GrpcService.java:204)
	at org.apache.ratis.server.impl.LeaderElection.lambda$submitRequests$1(LeaderElection.java:238)
	at java.util.concurrent.FutureTask.run(FutureTask.java:266)
	at java.util.concurrent.Executors$RunnableAdapter.call(Executors.java:511)
	at java.util.concurrent.FutureTask.run(FutureTask.java:266)
	at java.util.concurrent.ThreadPoolExecutor.runWorker(ThreadPoolExecutor.java:1149)
	at java.util.concurrent.ThreadPoolExecutor$Worker.run(ThreadPoolExecutor.java:624)
	... 1 more
Caused by: org.apache.ratis.thirdparty.io.netty.channel.AbstractChannel$AnnotatedConnectException: Connection refused: /192.168.151.82:45911
	at sun.nio.ch.SocketChannelImpl.checkConnect(Native Method)
	at sun.nio.ch.SocketChannelImpl.finishConnect(SocketChannelImpl.java:717)
	at org.apache.ratis.thirdparty.io.netty.channel.socket.nio.NioSocketChannel.doFinishConnect(NioSocketChannel.java:327)
	at org.apache.ratis.thirdparty.io.netty.channel.nio.AbstractNioChannel$AbstractNioUnsafe.finishConnect(AbstractNioChannel.java:340)
	at org.apache.ratis.thirdparty.io.netty.channel.nio.NioEventLoop.processSelectedKey(NioEventLoop.java:632)
	at org.apache.ratis.thirdparty.io.netty.channel.nio.NioEventLoop.processSelectedKeysOptimized(NioEventLoop.java:579)
	at org.apache.ratis.thirdparty.io.netty.channel.nio.NioEventLoop.processSelectedKeys(NioEventLoop.java:496)
	at org.apache.ratis.thirdparty.io.netty.channel.nio.NioEventLoop.run(NioEventLoop.java:458)
	at org.apache.ratis.thirdparty.io.netty.util.concurrent.SingleThreadEventExecutor$5.run(SingleThreadEventExecutor.java:897)
	at org.apache.ratis.thirdparty.io.netty.util.concurrent.FastThreadLocalRunnable.run(FastThreadLocalRunnable.java:30)
	... 1 more
Caused by: java.net.ConnectException: Connection refused
	... 11 more
2019-09-28 01:24:51,110 [32aad283-0bae-446a-b552-a3e6965a6bb8@group-1DD11682BBC6:LeaderElection167] INFO  impl.LeaderElection (LogUtils.java:infoOrTrace(149)) - 32aad283-0bae-446a-b552-a3e6965a6bb8@group-1DD11682BBC6:LeaderElection167 got exception when requesting votes: {}
java.util.concurrent.ExecutionException: org.apache.ratis.thirdparty.io.grpc.StatusRuntimeException: UNAVAILABLE: io exception
	at java.util.concurrent.FutureTask.report(FutureTask.java:122)
	at java.util.concurrent.FutureTask.get(FutureTask.java:192)
	at org.apache.ratis.server.impl.LeaderElection.waitForResults(LeaderElection.java:263)
	at org.apache.ratis.server.impl.LeaderElection.askForVotes(LeaderElection.java:201)
	at org.apache.ratis.server.impl.LeaderElection.run(LeaderElection.java:133)
	at java.lang.Thread.run(Thread.java:748)
Caused by: org.apache.ratis.thirdparty.io.grpc.StatusRuntimeException: UNAVAILABLE: io exception
	at org.apache.ratis.thirdparty.io.grpc.stub.ClientCalls.toStatusRuntimeException(ClientCalls.java:233)
	at org.apache.ratis.thirdparty.io.grpc.stub.ClientCalls.getUnchecked(ClientCalls.java:214)
	at org.apache.ratis.thirdparty.io.grpc.stub.ClientCalls.blockingUnaryCall(ClientCalls.java:139)
	at org.apache.ratis.proto.grpc.RaftServerProtocolServiceGrpc$RaftServerProtocolServiceBlockingStub.requestVote(RaftServerProtocolServiceGrpc.java:265)
	at org.apache.ratis.grpc.server.GrpcServerProtocolClient.requestVote(GrpcServerProtocolClient.java:90)
	at org.apache.ratis.grpc.server.GrpcService.requestVote(GrpcService.java:204)
	at org.apache.ratis.server.impl.LeaderElection.lambda$submitRequests$1(LeaderElection.java:238)
	at java.util.concurrent.FutureTask.run(FutureTask.java:266)
	at java.util.concurrent.Executors$RunnableAdapter.call(Executors.java:511)
	at java.util.concurrent.FutureTask.run(FutureTask.java:266)
	at java.util.concurrent.ThreadPoolExecutor.runWorker(ThreadPoolExecutor.java:1149)
	at java.util.concurrent.ThreadPoolExecutor$Worker.run(ThreadPoolExecutor.java:624)
	... 1 more
Caused by: org.apache.ratis.thirdparty.io.netty.channel.AbstractChannel$AnnotatedConnectException: Connection refused: /192.168.151.82:34969
	at sun.nio.ch.SocketChannelImpl.checkConnect(Native Method)
	at sun.nio.ch.SocketChannelImpl.finishConnect(SocketChannelImpl.java:717)
	at org.apache.ratis.thirdparty.io.netty.channel.socket.nio.NioSocketChannel.doFinishConnect(NioSocketChannel.java:327)
	at org.apache.ratis.thirdparty.io.netty.channel.nio.AbstractNioChannel$AbstractNioUnsafe.finishConnect(AbstractNioChannel.java:340)
	at org.apache.ratis.thirdparty.io.netty.channel.nio.NioEventLoop.processSelectedKey(NioEventLoop.java:632)
	at org.apache.ratis.thirdparty.io.netty.channel.nio.NioEventLoop.processSelectedKeysOptimized(NioEventLoop.java:579)
	at org.apache.ratis.thirdparty.io.netty.channel.nio.NioEventLoop.processSelectedKeys(NioEventLoop.java:496)
	at org.apache.ratis.thirdparty.io.netty.channel.nio.NioEventLoop.run(NioEventLoop.java:458)
	at org.apache.ratis.thirdparty.io.netty.util.concurrent.SingleThreadEventExecutor$5.run(SingleThreadEventExecutor.java:897)
	at org.apache.ratis.thirdparty.io.netty.util.concurrent.FastThreadLocalRunnable.run(FastThreadLocalRunnable.java:30)
	... 1 more
Caused by: java.net.ConnectException: Connection refused
	... 11 more
2019-09-28 01:24:51,111 [32aad283-0bae-446a-b552-a3e6965a6bb8@group-1DD11682BBC6:LeaderElection167] INFO  impl.LeaderElection (LeaderElection.java:logAndReturn(56)) - 32aad283-0bae-446a-b552-a3e6965a6bb8@group-1DD11682BBC6:LeaderElection167: Election REJECTED; received 0 response(s) [] and 2 exception(s); 32aad283-0bae-446a-b552-a3e6965a6bb8@group-1DD11682BBC6:t7, leader=null, voted=32aad283-0bae-446a-b552-a3e6965a6bb8, raftlog=32aad283-0bae-446a-b552-a3e6965a6bb8@group-1DD11682BBC6-SegmentedRaftLog:OPENED:c2,f2,i2, conf=1: [32aad283-0bae-446a-b552-a3e6965a6bb8:192.168.151.82:38303, 9acdd203-51d1-41ee-852c-319134721574:192.168.151.82:45911, 7b598199-e261-45fb-863c-a2bd9def5848:192.168.151.82:34969], old=null
2019-09-28 01:24:51,111 [32aad283-0bae-446a-b552-a3e6965a6bb8@group-1DD11682BBC6:LeaderElection167] INFO  impl.LeaderElection (LogUtils.java:infoOrTrace(149)) -   Exception 0: {}
java.util.concurrent.ExecutionException: org.apache.ratis.thirdparty.io.grpc.StatusRuntimeException: UNAVAILABLE: io exception
	at java.util.concurrent.FutureTask.report(FutureTask.java:122)
	at java.util.concurrent.FutureTask.get(FutureTask.java:192)
	at org.apache.ratis.server.impl.LeaderElection.waitForResults(LeaderElection.java:263)
	at org.apache.ratis.server.impl.LeaderElection.askForVotes(LeaderElection.java:201)
	at org.apache.ratis.server.impl.LeaderElection.run(LeaderElection.java:133)
	at java.lang.Thread.run(Thread.java:748)
Caused by: org.apache.ratis.thirdparty.io.grpc.StatusRuntimeException: UNAVAILABLE: io exception
	at org.apache.ratis.thirdparty.io.grpc.stub.ClientCalls.toStatusRuntimeException(ClientCalls.java:233)
	at org.apache.ratis.thirdparty.io.grpc.stub.ClientCalls.getUnchecked(ClientCalls.java:214)
	at org.apache.ratis.thirdparty.io.grpc.stub.ClientCalls.blockingUnaryCall(ClientCalls.java:139)
	at org.apache.ratis.proto.grpc.RaftServerProtocolServiceGrpc$RaftServerProtocolServiceBlockingStub.requestVote(RaftServerProtocolServiceGrpc.java:265)
	at org.apache.ratis.grpc.server.GrpcServerProtocolClient.requestVote(GrpcServerProtocolClient.java:90)
	at org.apache.ratis.grpc.server.GrpcService.requestVote(GrpcService.java:204)
	at org.apache.ratis.server.impl.LeaderElection.lambda$submitRequests$1(LeaderElection.java:238)
	at java.util.concurrent.FutureTask.run(FutureTask.java:266)
	at java.util.concurrent.Executors$RunnableAdapter.call(Executors.java:511)
	at java.util.concurrent.FutureTask.run(FutureTask.java:266)
	at java.util.concurrent.ThreadPoolExecutor.runWorker(ThreadPoolExecutor.java:1149)
	at java.util.concurrent.ThreadPoolExecutor$Worker.run(ThreadPoolExecutor.java:624)
	... 1 more
Caused by: org.apache.ratis.thirdparty.io.netty.channel.AbstractChannel$AnnotatedConnectException: Connection refused: /192.168.151.82:45911
	at sun.nio.ch.SocketChannelImpl.checkConnect(Native Method)
	at sun.nio.ch.SocketChannelImpl.finishConnect(SocketChannelImpl.java:717)
	at org.apache.ratis.thirdparty.io.netty.channel.socket.nio.NioSocketChannel.doFinishConnect(NioSocketChannel.java:327)
	at org.apache.ratis.thirdparty.io.netty.channel.nio.AbstractNioChannel$AbstractNioUnsafe.finishConnect(AbstractNioChannel.java:340)
	at org.apache.ratis.thirdparty.io.netty.channel.nio.NioEventLoop.processSelectedKey(NioEventLoop.java:632)
	at org.apache.ratis.thirdparty.io.netty.channel.nio.NioEventLoop.processSelectedKeysOptimized(NioEventLoop.java:579)
	at org.apache.ratis.thirdparty.io.netty.channel.nio.NioEventLoop.processSelectedKeys(NioEventLoop.java:496)
	at org.apache.ratis.thirdparty.io.netty.channel.nio.NioEventLoop.run(NioEventLoop.java:458)
	at org.apache.ratis.thirdparty.io.netty.util.concurrent.SingleThreadEventExecutor$5.run(SingleThreadEventExecutor.java:897)
	at org.apache.ratis.thirdparty.io.netty.util.concurrent.FastThreadLocalRunnable.run(FastThreadLocalRunnable.java:30)
	... 1 more
Caused by: java.net.ConnectException: Connection refused
	... 11 more
2019-09-28 01:24:51,111 [32aad283-0bae-446a-b552-a3e6965a6bb8@group-1DD11682BBC6:LeaderElection167] INFO  impl.LeaderElection (LogUtils.java:infoOrTrace(149)) -   Exception 1: {}
java.util.concurrent.ExecutionException: org.apache.ratis.thirdparty.io.grpc.StatusRuntimeException: UNAVAILABLE: io exception
	at java.util.concurrent.FutureTask.report(FutureTask.java:122)
	at java.util.concurrent.FutureTask.get(FutureTask.java:192)
	at org.apache.ratis.server.impl.LeaderElection.waitForResults(LeaderElection.java:263)
	at org.apache.ratis.server.impl.LeaderElection.askForVotes(LeaderElection.java:201)
	at org.apache.ratis.server.impl.LeaderElection.run(LeaderElection.java:133)
	at java.lang.Thread.run(Thread.java:748)
Caused by: org.apache.ratis.thirdparty.io.grpc.StatusRuntimeException: UNAVAILABLE: io exception
	at org.apache.ratis.thirdparty.io.grpc.stub.ClientCalls.toStatusRuntimeException(ClientCalls.java:233)
	at org.apache.ratis.thirdparty.io.grpc.stub.ClientCalls.getUnchecked(ClientCalls.java:214)
	at org.apache.ratis.thirdparty.io.grpc.stub.ClientCalls.blockingUnaryCall(ClientCalls.java:139)
	at org.apache.ratis.proto.grpc.RaftServerProtocolServiceGrpc$RaftServerProtocolServiceBlockingStub.requestVote(RaftServerProtocolServiceGrpc.java:265)
	at org.apache.ratis.grpc.server.GrpcServerProtocolClient.requestVote(GrpcServerProtocolClient.java:90)
	at org.apache.ratis.grpc.server.GrpcService.requestVote(GrpcService.java:204)
	at org.apache.ratis.server.impl.LeaderElection.lambda$submitRequests$1(LeaderElection.java:238)
	at java.util.concurrent.FutureTask.run(FutureTask.java:266)
	at java.util.concurrent.Executors$RunnableAdapter.call(Executors.java:511)
	at java.util.concurrent.FutureTask.run(FutureTask.java:266)
	at java.util.concurrent.ThreadPoolExecutor.runWorker(ThreadPoolExecutor.java:1149)
	at java.util.concurrent.ThreadPoolExecutor$Worker.run(ThreadPoolExecutor.java:624)
	... 1 more
Caused by: org.apache.ratis.thirdparty.io.netty.channel.AbstractChannel$AnnotatedConnectException: Connection refused: /192.168.151.82:34969
	at sun.nio.ch.SocketChannelImpl.checkConnect(Native Method)
	at sun.nio.ch.SocketChannelImpl.finishConnect(SocketChannelImpl.java:717)
	at org.apache.ratis.thirdparty.io.netty.channel.socket.nio.NioSocketChannel.doFinishConnect(NioSocketChannel.java:327)
	at org.apache.ratis.thirdparty.io.netty.channel.nio.AbstractNioChannel$AbstractNioUnsafe.finishConnect(AbstractNioChannel.java:340)
	at org.apache.ratis.thirdparty.io.netty.channel.nio.NioEventLoop.processSelectedKey(NioEventLoop.java:632)
	at org.apache.ratis.thirdparty.io.netty.channel.nio.NioEventLoop.processSelectedKeysOptimized(NioEventLoop.java:579)
	at org.apache.ratis.thirdparty.io.netty.channel.nio.NioEventLoop.processSelectedKeys(NioEventLoop.java:496)
	at org.apache.ratis.thirdparty.io.netty.channel.nio.NioEventLoop.run(NioEventLoop.java:458)
	at org.apache.ratis.thirdparty.io.netty.util.concurrent.SingleThreadEventExecutor$5.run(SingleThreadEventExecutor.java:897)
	at org.apache.ratis.thirdparty.io.netty.util.concurrent.FastThreadLocalRunnable.run(FastThreadLocalRunnable.java:30)
	... 1 more
Caused by: java.net.ConnectException: Connection refused
	... 11 more
2019-09-28 01:24:51,112 [32aad283-0bae-446a-b552-a3e6965a6bb8@group-1DD11682BBC6:LeaderElection167] INFO  impl.RaftServerImpl (RaftServerImpl.java:setRole(174)) - 32aad283-0bae-446a-b552-a3e6965a6bb8@group-1DD11682BBC6: changes role from CANDIDATE to FOLLOWER at term 7 for DISCOVERED_A_NEW_TERM
2019-09-28 01:24:51,112 [32aad283-0bae-446a-b552-a3e6965a6bb8@group-1DD11682BBC6:LeaderElection167] INFO  impl.RoleInfo (RoleInfo.java:shutdownLeaderElection(134)) - 32aad283-0bae-446a-b552-a3e6965a6bb8: shutdown LeaderElection
2019-09-28 01:24:51,112 [32aad283-0bae-446a-b552-a3e6965a6bb8@group-1DD11682BBC6:LeaderElection167] INFO  impl.RoleInfo (RoleInfo.java:updateAndGet(143)) - 32aad283-0bae-446a-b552-a3e6965a6bb8: start FollowerState
2019-09-28 01:24:51,308 [main] INFO  ozoneimpl.OzoneContainer (OzoneContainer.java:stop(231)) - Attempting to stop container services.
2019-09-28 01:24:51,309 [main] INFO  impl.RaftServerProxy (RaftServerProxy.java:lambda$close$4(314)) - 59fee26f-c6e1-49c3-9274-8c3c2be11206: close
2019-09-28 01:24:51,309 [ForkJoinPool.commonPool-worker-0] INFO  ozoneimpl.OzoneContainer (OzoneContainer.java:stop(231)) - Attempting to stop container services.
2019-09-28 01:24:51,309 [main] INFO  impl.RaftServerImpl (RaftServerImpl.java:lambda$shutdown$3(251)) - 59fee26f-c6e1-49c3-9274-8c3c2be11206@group-F884C6883C76: shutdown
2019-09-28 01:24:51,310 [ForkJoinPool.commonPool-worker-0] INFO  impl.RaftServerProxy (RaftServerProxy.java:lambda$close$4(314)) - 32aad283-0bae-446a-b552-a3e6965a6bb8: close
2019-09-28 01:24:51,310 [main] INFO  util.JmxRegister (JmxRegister.java:unregister(73)) - Successfully un-registered JMX Bean with object name Ratis:service=RaftServer,group=group-F884C6883C76,id=59fee26f-c6e1-49c3-9274-8c3c2be11206
2019-09-28 01:24:51,311 [main] INFO  impl.RoleInfo (RoleInfo.java:shutdownLeaderState(104)) - 59fee26f-c6e1-49c3-9274-8c3c2be11206: shutdown LeaderState
2019-09-28 01:24:51,310 [ForkJoinPool.commonPool-worker-0] INFO  impl.RaftServerImpl (RaftServerImpl.java:lambda$shutdown$3(251)) - 32aad283-0bae-446a-b552-a3e6965a6bb8@group-1DD11682BBC6: shutdown
2019-09-28 01:24:51,311 [main] INFO  impl.PendingRequests (PendingRequests.java:sendNotLeaderResponses(202)) - 59fee26f-c6e1-49c3-9274-8c3c2be11206-PendingRequests: sendNotLeaderResponses
2019-09-28 01:24:51,311 [ForkJoinPool.commonPool-worker-0] INFO  util.JmxRegister (JmxRegister.java:unregister(73)) - Successfully un-registered JMX Bean with object name Ratis:service=RaftServer,group=group-1DD11682BBC6,id=32aad283-0bae-446a-b552-a3e6965a6bb8
2019-09-28 01:24:51,312 [main] INFO  impl.StateMachineUpdater (StateMachineUpdater.java:stopAndJoin(125)) - 59fee26f-c6e1-49c3-9274-8c3c2be11206@group-F884C6883C76-StateMachineUpdater: set stopIndex = 0
2019-09-28 01:24:51,313 [main] INFO  impl.RaftServerImpl (ServerState.java:close(385)) - 59fee26f-c6e1-49c3-9274-8c3c2be11206@group-F884C6883C76: closes. applyIndex: 0
2019-09-28 01:24:51,312 [ForkJoinPool.commonPool-worker-0] INFO  impl.RoleInfo (RoleInfo.java:shutdownFollowerState(121)) - 32aad283-0bae-446a-b552-a3e6965a6bb8: shutdown FollowerState
2019-09-28 01:24:51,313 [59fee26f-c6e1-49c3-9274-8c3c2be11206@group-F884C6883C76-SegmentedRaftLogWorker] INFO  segmented.SegmentedRaftLogWorker (SegmentedRaftLogWorker.java:run(313)) - 59fee26f-c6e1-49c3-9274-8c3c2be11206@group-F884C6883C76-SegmentedRaftLogWorker was interrupted, exiting. There are 0 tasks remaining in the queue.
2019-09-28 01:24:51,313 [ForkJoinPool.commonPool-worker-0] INFO  impl.StateMachineUpdater (StateMachineUpdater.java:stopAndJoin(125)) - 32aad283-0bae-446a-b552-a3e6965a6bb8@group-1DD11682BBC6-StateMachineUpdater: set stopIndex = 2
2019-09-28 01:24:51,314 [main] INFO  segmented.SegmentedRaftLogWorker (SegmentedRaftLogWorker.java:close(228)) - 59fee26f-c6e1-49c3-9274-8c3c2be11206@group-F884C6883C76-SegmentedRaftLogWorker close()
2019-09-28 01:24:51,314 [Thread-9720] INFO  impl.FollowerState (FollowerState.java:run(115)) - 32aad283-0bae-446a-b552-a3e6965a6bb8: FollowerState was interrupted: java.lang.InterruptedException: sleep interrupted
2019-09-28 01:24:51,317 [main] INFO  server.GrpcService (GrpcService.java:closeImpl(164)) - 59fee26f-c6e1-49c3-9274-8c3c2be11206: shutdown server with port 36557 now
2019-09-28 01:24:51,314 [ForkJoinPool.commonPool-worker-0] INFO  impl.RaftServerImpl (ServerState.java:close(385)) - 32aad283-0bae-446a-b552-a3e6965a6bb8@group-1DD11682BBC6: closes. applyIndex: 2
2019-09-28 01:24:51,317 [main] INFO  server.GrpcService (GrpcService.java:closeImpl(172)) - 59fee26f-c6e1-49c3-9274-8c3c2be11206: shutdown server with port 36557 successfully
2019-09-28 01:24:51,318 [32aad283-0bae-446a-b552-a3e6965a6bb8@group-1DD11682BBC6-SegmentedRaftLogWorker] INFO  segmented.SegmentedRaftLogWorker (SegmentedRaftLogWorker.java:run(313)) - 32aad283-0bae-446a-b552-a3e6965a6bb8@group-1DD11682BBC6-SegmentedRaftLogWorker was interrupted, exiting. There are 0 tasks remaining in the queue.
2019-09-28 01:24:51,318 [ForkJoinPool.commonPool-worker-0] INFO  segmented.SegmentedRaftLogWorker (SegmentedRaftLogWorker.java:close(228)) - 32aad283-0bae-446a-b552-a3e6965a6bb8@group-1DD11682BBC6-SegmentedRaftLogWorker close()
2019-09-28 01:24:51,321 [ForkJoinPool.commonPool-worker-0] INFO  impl.RaftServerImpl (RaftServerImpl.java:lambda$shutdown$3(251)) - 32aad283-0bae-446a-b552-a3e6965a6bb8@group-2712627E873B: shutdown
2019-09-28 01:24:51,321 [ForkJoinPool.commonPool-worker-0] INFO  util.JmxRegister (JmxRegister.java:unregister(73)) - Successfully un-registered JMX Bean with object name Ratis:service=RaftServer,group=group-2712627E873B,id=32aad283-0bae-446a-b552-a3e6965a6bb8
2019-09-28 01:24:51,322 [ForkJoinPool.commonPool-worker-0] INFO  impl.RoleInfo (RoleInfo.java:shutdownLeaderState(104)) - 32aad283-0bae-446a-b552-a3e6965a6bb8: shutdown LeaderState
2019-09-28 01:24:51,322 [ForkJoinPool.commonPool-worker-0] INFO  impl.PendingRequests (PendingRequests.java:sendNotLeaderResponses(202)) - 32aad283-0bae-446a-b552-a3e6965a6bb8-PendingRequests: sendNotLeaderResponses
2019-09-28 01:24:51,323 [ForkJoinPool.commonPool-worker-0] INFO  impl.StateMachineUpdater (StateMachineUpdater.java:stopAndJoin(125)) - 32aad283-0bae-446a-b552-a3e6965a6bb8@group-2712627E873B-StateMachineUpdater: set stopIndex = 0
2019-09-28 01:24:51,323 [ForkJoinPool.commonPool-worker-0] INFO  impl.RaftServerImpl (ServerState.java:close(385)) - 32aad283-0bae-446a-b552-a3e6965a6bb8@group-2712627E873B: closes. applyIndex: 0
2019-09-28 01:24:51,324 [32aad283-0bae-446a-b552-a3e6965a6bb8@group-2712627E873B-SegmentedRaftLogWorker] INFO  segmented.SegmentedRaftLogWorker (SegmentedRaftLogWorker.java:run(313)) - 32aad283-0bae-446a-b552-a3e6965a6bb8@group-2712627E873B-SegmentedRaftLogWorker was interrupted, exiting. There are 0 tasks remaining in the queue.
2019-09-28 01:24:51,324 [ForkJoinPool.commonPool-worker-0] INFO  segmented.SegmentedRaftLogWorker (SegmentedRaftLogWorker.java:close(228)) - 32aad283-0bae-446a-b552-a3e6965a6bb8@group-2712627E873B-SegmentedRaftLogWorker close()
2019-09-28 01:24:51,326 [ForkJoinPool.commonPool-worker-0] INFO  server.GrpcService (GrpcService.java:closeImpl(164)) - 32aad283-0bae-446a-b552-a3e6965a6bb8: shutdown server with port 38303 now
2019-09-28 01:24:51,326 [ForkJoinPool.commonPool-worker-0] INFO  server.GrpcService (GrpcService.java:closeImpl(172)) - 32aad283-0bae-446a-b552-a3e6965a6bb8: shutdown server with port 38303 successfully
2019-09-28 01:24:51,328 [refreshUsed-/workdir/hadoop-ozone/integration-test/target/test-dir/MiniOzoneClusterImpl-8eac2880-3418-4680-a8af-a58fbadabff3/datanode-7/data/containers] WARN  fs.CachingGetSpaceUsed (CachingGetSpaceUsed.java:run(183)) - Thread Interrupted waiting to refresh disk information: sleep interrupted
2019-09-28 01:24:51,331 [refreshUsed-/workdir/hadoop-ozone/integration-test/target/test-dir/MiniOzoneClusterImpl-8eac2880-3418-4680-a8af-a58fbadabff3/datanode-1/data/containers] WARN  fs.CachingGetSpaceUsed (CachingGetSpaceUsed.java:run(183)) - Thread Interrupted waiting to refresh disk information: sleep interrupted
2019-09-28 01:24:51,346 [main] INFO  utils.BackgroundService (BackgroundService.java:shutdown(148)) - Shutting down service BlockDeletingService
2019-09-28 01:24:51,350 [main] INFO  statemachine.DatanodeStateMachine (DatanodeStateMachine.java:stopDaemon(395)) - Ozone container server stopped.
2019-09-28 01:24:51,350 [ForkJoinPool.commonPool-worker-0] INFO  utils.BackgroundService (BackgroundService.java:shutdown(148)) - Shutting down service BlockDeletingService
2019-09-28 01:24:51,353 [ForkJoinPool.commonPool-worker-0] INFO  statemachine.DatanodeStateMachine (DatanodeStateMachine.java:stopDaemon(395)) - Ozone container server stopped.
2019-09-28 01:24:51,353 [main] INFO  handler.ContextHandler (ContextHandler.java:doStop(910)) - Stopped o.e.j.w.WebAppContext@2b7facc7{/,null,UNAVAILABLE}{/hddsDatanode}
2019-09-28 01:24:51,357 [ForkJoinPool.commonPool-worker-0] INFO  handler.ContextHandler (ContextHandler.java:doStop(910)) - Stopped o.e.j.w.WebAppContext@99a8de3{/,null,UNAVAILABLE}{/hddsDatanode}
2019-09-28 01:24:51,358 [ForkJoinPool.commonPool-worker-0] INFO  server.AbstractConnector (AbstractConnector.java:doStop(318)) - Stopped ServerConnector@87f501f{HTTP/1.1,[http/1.1]}{0.0.0.0:0}
2019-09-28 01:24:51,358 [main] INFO  server.AbstractConnector (AbstractConnector.java:doStop(318)) - Stopped ServerConnector@1c74d19{HTTP/1.1,[http/1.1]}{0.0.0.0:0}
2019-09-28 01:24:51,360 [ForkJoinPool.commonPool-worker-0] INFO  handler.ContextHandler (ContextHandler.java:doStop(910)) - Stopped o.e.j.s.ServletContextHandler@7d484fcd{/static,jar:file:/home/user/.m2/repository/org/apache/hadoop/hadoop-hdds-container-service/0.5.0-SNAPSHOT/hadoop-hdds-container-service-0.5.0-SNAPSHOT.jar!/webapps/static,UNAVAILABLE}
2019-09-28 01:24:51,360 [main] INFO  handler.ContextHandler (ContextHandler.java:doStop(910)) - Stopped o.e.j.s.ServletContextHandler@2baac4a7{/static,jar:file:/home/user/.m2/repository/org/apache/hadoop/hadoop-hdds-container-service/0.5.0-SNAPSHOT/hadoop-hdds-container-service-0.5.0-SNAPSHOT.jar!/webapps/static,UNAVAILABLE}
2019-09-28 01:24:51,361 [ForkJoinPool.commonPool-worker-0] INFO  handler.ContextHandler (ContextHandler.java:doStop(910)) - Stopped o.e.j.s.ServletContextHandler@3869a6e5{/logs,file:///workdir/hadoop-ozone/integration-test/target/log,UNAVAILABLE}
2019-09-28 01:24:51,362 [main] INFO  handler.ContextHandler (ContextHandler.java:doStop(910)) - Stopped o.e.j.s.ServletContextHandler@6ef4cbe1{/logs,file:///workdir/hadoop-ozone/integration-test/target/log,UNAVAILABLE}
2019-09-28 01:24:51,363 [main] INFO  ozone.MiniOzoneClusterImpl (MiniOzoneClusterImpl.java:stopSCM(392)) - Stopping the StorageContainerManager
2019-09-28 01:24:51,363 [main] INFO  server.StorageContainerManager (StorageContainerManager.java:stop(808)) - Stopping Replication Manager Service.
2019-09-28 01:24:51,363 [main] INFO  container.ReplicationManager (ReplicationManager.java:stop(203)) - Stopping Replication Monitor Thread.
2019-09-28 01:24:51,363 [main] INFO  server.StorageContainerManager (StorageContainerManager.java:stop(815)) - Stopping Lease Manager of the command watchers
2019-09-28 01:24:51,364 [main] INFO  server.StorageContainerManager (StorageContainerManager.java:stop(822)) - Stopping datanode service RPC server
2019-09-28 01:24:51,364 [main] INFO  server.SCMDatanodeProtocolServer (SCMDatanodeProtocolServer.java:stop(367)) - Stopping the RPC server for DataNodes
2019-09-28 01:24:51,364 [main] INFO  ipc.Server (Server.java:stop(3082)) - Stopping server on 42786
2019-09-28 01:24:51,367 [IPC Server listener on 42786] INFO  ipc.Server (Server.java:run(1185)) - Stopping IPC Server listener on 42786
2019-09-28 01:24:51,367 [IPC Server Responder] INFO  ipc.Server (Server.java:run(1319)) - Stopping IPC Server Responder
2019-09-28 01:24:51,384 [SCM Heartbeat Processing Thread - 0] WARN  node.NodeStateManager (NodeStateManager.java:scheduleNextHealthCheck(646)) - Current Thread is interrupted, shutting down HB processing thread for Node Manager.
2019-09-28 01:24:51,384 [main] INFO  server.StorageContainerManager (StorageContainerManager.java:stop(830)) - Stopping block service RPC server
2019-09-28 01:24:51,385 [main] INFO  server.SCMBlockProtocolServer (SCMBlockProtocolServer.java:stop(155)) - Stopping the RPC server for Block Protocol
2019-09-28 01:24:51,385 [main] INFO  ipc.Server (Server.java:stop(3082)) - Stopping server on 38817
2019-09-28 01:24:51,387 [IPC Server listener on 38817] INFO  ipc.Server (Server.java:run(1185)) - Stopping IPC Server listener on 38817
2019-09-28 01:24:51,387 [main] INFO  server.StorageContainerManager (StorageContainerManager.java:stop(837)) - Stopping the StorageContainerLocationProtocol RPC server
2019-09-28 01:24:51,388 [IPC Server Responder] INFO  ipc.Server (Server.java:run(1319)) - Stopping IPC Server Responder
2019-09-28 01:24:51,389 [main] INFO  server.SCMClientProtocolServer (SCMClientProtocolServer.java:stop(158)) - Stopping the RPC server for Client Protocol
2019-09-28 01:24:51,389 [main] INFO  ipc.Server (Server.java:stop(3082)) - Stopping server on 36732
2019-09-28 01:24:51,391 [main] INFO  server.StorageContainerManager (StorageContainerManager.java:stop(844)) - Stopping Storage Container Manager HTTP server.
2019-09-28 01:24:51,391 [IPC Server listener on 36732] INFO  ipc.Server (Server.java:run(1185)) - Stopping IPC Server listener on 36732
2019-09-28 01:24:51,393 [IPC Server Responder] INFO  ipc.Server (Server.java:run(1319)) - Stopping IPC Server Responder
2019-09-28 01:24:51,393 [main] INFO  handler.ContextHandler (ContextHandler.java:doStop(910)) - Stopped o.e.j.w.WebAppContext@28ee882c{/,null,UNAVAILABLE}{/scm}
2019-09-28 01:24:51,394 [main] INFO  server.AbstractConnector (AbstractConnector.java:doStop(318)) - Stopped ServerConnector@78d73b1b{HTTP/1.1,[http/1.1]}{0.0.0.0:0}
2019-09-28 01:24:51,394 [main] INFO  handler.ContextHandler (ContextHandler.java:doStop(910)) - Stopped o.e.j.s.ServletContextHandler@6c835217{/static,file:///workdir/hadoop-ozone/integration-test/target/test-classes/webapps/static,UNAVAILABLE}
2019-09-28 01:24:51,394 [main] INFO  handler.ContextHandler (ContextHandler.java:doStop(910)) - Stopped o.e.j.s.ServletContextHandler@4f3356c0{/logs,file:///workdir/hadoop-ozone/integration-test/target/log,UNAVAILABLE}
2019-09-28 01:24:51,395 [main] INFO  server.StorageContainerManager (StorageContainerManager.java:stop(855)) - Stopping Block Manager Service.
2019-09-28 01:24:51,395 [main] INFO  utils.BackgroundService (BackgroundService.java:shutdown(148)) - Shutting down service SCMBlockDeletingService
2019-09-28 01:24:51,396 [main] INFO  utils.BackgroundService (BackgroundService.java:shutdown(148)) - Shutting down service SCMBlockDeletingService
2019-09-28 01:24:51,396 [main] INFO  server.StorageContainerManager (StorageContainerManager.java:stop(877)) - Stopping SCM Event Queue.
2019-09-28 01:24:51,400 [main] INFO  impl.MetricsSystemImpl (MetricsSystemImpl.java:stop(210)) - Stopping HddsDatanode metrics system...
2019-09-28 01:24:51,421 [main] INFO  impl.MetricsSystemImpl (MetricsSystemImpl.java:stop(216)) - HddsDatanode metrics system stopped.
]]></system-out>
    <system-err><![CDATA[Sep 28, 2019 1:24:30 AM org.apache.ratis.thirdparty.io.grpc.internal.SerializingExecutor run
SEVERE: Exception while executing runnable org.apache.ratis.thirdparty.io.grpc.internal.ServerImpl$JumpToApplicationThreadServerStreamListener$1Closed@7db73036
org.apache.ratis.thirdparty.io.grpc.StatusRuntimeException: CANCELLED: call already cancelled
	at org.apache.ratis.thirdparty.io.grpc.Status.asRuntimeException(Status.java:517)
	at org.apache.ratis.thirdparty.io.grpc.stub.ServerCalls$ServerCallStreamObserverImpl.onCompleted(ServerCalls.java:356)
	at org.apache.ratis.grpc.server.GrpcServerProtocolService$ServerRequestStreamObserver.onError(GrpcServerProtocolService.java:121)
	at org.apache.ratis.thirdparty.io.grpc.stub.ServerCalls$StreamingServerCallHandler$StreamingServerCallListener.onCancel(ServerCalls.java:269)
	at org.apache.ratis.thirdparty.io.grpc.internal.ServerCallImpl$ServerStreamListenerImpl.closed(ServerCallImpl.java:293)
	at org.apache.ratis.thirdparty.io.grpc.internal.ServerImpl$JumpToApplicationThreadServerStreamListener$1Closed.runInContext(ServerImpl.java:741)
	at org.apache.ratis.thirdparty.io.grpc.internal.ContextRunnable.run(ContextRunnable.java:37)
	at org.apache.ratis.thirdparty.io.grpc.internal.SerializingExecutor.run(SerializingExecutor.java:123)
	at java.util.concurrent.ThreadPoolExecutor.runWorker(ThreadPoolExecutor.java:1149)
	at java.util.concurrent.ThreadPoolExecutor$Worker.run(ThreadPoolExecutor.java:624)
	at java.lang.Thread.run(Thread.java:748)

Sep 28, 2019 1:24:41 AM org.apache.ratis.thirdparty.io.grpc.internal.SerializingExecutor run
SEVERE: Exception while executing runnable org.apache.ratis.thirdparty.io.grpc.internal.ServerImpl$JumpToApplicationThreadServerStreamListener$1Closed@2280d166
org.apache.ratis.thirdparty.io.grpc.StatusRuntimeException: CANCELLED: call already cancelled
	at org.apache.ratis.thirdparty.io.grpc.Status.asRuntimeException(Status.java:517)
	at org.apache.ratis.thirdparty.io.grpc.stub.ServerCalls$ServerCallStreamObserverImpl.onCompleted(ServerCalls.java:356)
	at org.apache.ratis.grpc.server.GrpcServerProtocolService$ServerRequestStreamObserver.onError(GrpcServerProtocolService.java:121)
	at org.apache.ratis.thirdparty.io.grpc.stub.ServerCalls$StreamingServerCallHandler$StreamingServerCallListener.onCancel(ServerCalls.java:269)
	at org.apache.ratis.thirdparty.io.grpc.internal.ServerCallImpl$ServerStreamListenerImpl.closed(ServerCallImpl.java:293)
	at org.apache.ratis.thirdparty.io.grpc.internal.ServerImpl$JumpToApplicationThreadServerStreamListener$1Closed.runInContext(ServerImpl.java:741)
	at org.apache.ratis.thirdparty.io.grpc.internal.ContextRunnable.run(ContextRunnable.java:37)
	at org.apache.ratis.thirdparty.io.grpc.internal.SerializingExecutor.run(SerializingExecutor.java:123)
	at java.util.concurrent.ThreadPoolExecutor.runWorker(ThreadPoolExecutor.java:1149)
	at java.util.concurrent.ThreadPoolExecutor$Worker.run(ThreadPoolExecutor.java:624)
	at java.lang.Thread.run(Thread.java:748)

]]></system-err>
  </testcase>
</testsuite>