<?xml version="1.0" encoding="UTF-8"?>
<testsuite xmlns:xsi="http://www.w3.org/2001/XMLSchema-instance" xsi:noNamespaceSchemaLocation="https://maven.apache.org/surefire/maven-surefire-plugin/xsd/surefire-test-report.xsd" name="org.apache.hadoop.ozone.client.rpc.TestCloseContainerHandlingByClient" time="141.125" tests="1" errors="1" skipped="0" failures="0">
  <properties>
    <property name="awt.toolkit" value="sun.awt.X11.XToolkit"/>
    <property name="file.encoding.pkg" value="sun.io"/>
    <property name="java.specification.version" value="1.8"/>
    <property name="sun.cpu.isalist" value=""/>
    <property name="sun.jnu.encoding" value="UTF-8"/>
    <property name="java.class.path" value="/workdir/hadoop-ozone/integration-test/target/test-classes:/workdir/hadoop-ozone/integration-test/target/classes:/home/user/.m2/repository/org/apache/hadoop/hadoop-ozone-common/0.5.0-SNAPSHOT/hadoop-ozone-common-0.5.0-SNAPSHOT.jar:/home/user/.m2/repository/org/apache/commons/commons-compress/1.4.1/commons-compress-1.4.1.jar:/home/user/.m2/repository/org/tukaani/xz/1.0/xz-1.0.jar:/home/user/.m2/repository/org/apache/hadoop/hadoop-common/3.2.0/hadoop-common-3.2.0.jar:/home/user/.m2/repository/org/apache/hadoop/hadoop-hdfs/3.2.0/hadoop-hdfs-3.2.0.jar:/home/user/.m2/repository/org/apache/hadoop/hadoop-hdfs-client/3.2.0/hadoop-hdfs-client-3.2.0.jar:/home/user/.m2/repository/com/fasterxml/jackson/core/jackson-annotations/2.9.9/jackson-annotations-2.9.9.jar:/home/user/.m2/repository/org/apache/hadoop/hadoop-hdds-common/0.5.0-SNAPSHOT/hadoop-hdds-common-0.5.0-SNAPSHOT.jar:/home/user/.m2/repository/javax/annotation/javax.annotation-api/1.2/javax.annotation-api-1.2.jar:/home/user/.m2/repository/org/apache/ratis/ratis-server/0.4.0/ratis-server-0.4.0.jar:/home/user/.m2/repository/org/apache/ratis/ratis-thirdparty-misc/0.2.0/ratis-thirdparty-misc-0.2.0.jar:/home/user/.m2/repository/org/apache/ratis/ratis-proto/0.4.0/ratis-proto-0.4.0.jar:/home/user/.m2/repository/org/apache/ratis/ratis-common/0.4.0/ratis-common-0.4.0.jar:/home/user/.m2/repository/org/apache/ratis/ratis-client/0.4.0/ratis-client-0.4.0.jar:/home/user/.m2/repository/org/apache/ratis/ratis-metrics/0.4.0/ratis-metrics-0.4.0.jar:/home/user/.m2/repository/com/github/joshelser/dropwizard-metrics-hadoop-metrics2-reporter/0.1.2/dropwizard-metrics-hadoop-metrics2-reporter-0.1.2.jar:/home/user/.m2/repository/io/dropwizard/metrics/metrics-jvm/3.2.5/metrics-jvm-3.2.5.jar:/home/user/.m2/repository/io/dropwizard/metrics/metrics-ganglia/3.2.5/metrics-ganglia-3.2.5.jar:/home/user/.m2/repository/info/ganglia/gmetric4j/gmetric4j/1.0.7/gmetric4j-1.0.7.jar:/home/user/.m2/repository/org/apache/ratis/ratis-netty/0.4.0/ratis-netty-0.4.0.jar:/home/user/.m2/repository/org/apache/ratis/ratis-grpc/0.4.0/ratis-grpc-0.4.0.jar:/home/user/.m2/repository/org/rocksdb/rocksdbjni/6.0.1/rocksdbjni-6.0.1.jar:/home/user/.m2/repository/org/apache/logging/log4j/log4j-api/2.11.0/log4j-api-2.11.0.jar:/home/user/.m2/repository/org/apache/logging/log4j/log4j-core/2.11.0/log4j-core-2.11.0.jar:/home/user/.m2/repository/com/lmax/disruptor/3.4.2/disruptor-3.4.2.jar:/home/user/.m2/repository/org/apache/commons/commons-pool2/2.6.0/commons-pool2-2.6.0.jar:/home/user/.m2/repository/org/bouncycastle/bcpkix-jdk15on/1.60/bcpkix-jdk15on-1.60.jar:/home/user/.m2/repository/commons-validator/commons-validator/1.6/commons-validator-1.6.jar:/home/user/.m2/repository/commons-digester/commons-digester/1.8.1/commons-digester-1.8.1.jar:/home/user/.m2/repository/io/jaegertracing/jaeger-client/0.34.0/jaeger-client-0.34.0.jar:/home/user/.m2/repository/io/jaegertracing/jaeger-thrift/0.34.0/jaeger-thrift-0.34.0.jar:/home/user/.m2/repository/org/apache/thrift/libthrift/0.12.0/libthrift-0.12.0.jar:/home/user/.m2/repository/com/squareup/okhttp3/okhttp/3.9.0/okhttp-3.9.0.jar:/home/user/.m2/repository/com/squareup/okio/okio/1.13.0/okio-1.13.0.jar:/home/user/.m2/repository/io/jaegertracing/jaeger-core/0.34.0/jaeger-core-0.34.0.jar:/home/user/.m2/repository/io/jaegertracing/jaeger-tracerresolver/0.34.0/jaeger-tracerresolver-0.34.0.jar:/home/user/.m2/repository/io/opentracing/contrib/opentracing-tracerresolver/0.1.5/opentracing-tracerresolver-0.1.5.jar:/home/user/.m2/repository/io/opentracing/opentracing-util/0.31.0/opentracing-util-0.31.0.jar:/home/user/.m2/repository/io/opentracing/opentracing-api/0.31.0/opentracing-api-0.31.0.jar:/home/user/.m2/repository/io/opentracing/opentracing-noop/0.31.0/opentracing-noop-0.31.0.jar:/home/user/.m2/repository/org/apache/hadoop/hadoop-hdds-server-framework/0.5.0-SNAPSHOT/hadoop-hdds-server-framework-0.5.0-SNAPSHOT.jar:/home/user/.m2/repository/org/apache/hadoop/hadoop-hdds-container-service/0.5.0-SNAPSHOT/hadoop-hdds-container-service-0.5.0-SNAPSHOT.jar:/home/user/.m2/repository/org/apache/hadoop/hadoop-hdds-client/0.5.0-SNAPSHOT/hadoop-hdds-client-0.5.0-SNAPSHOT.jar:/home/user/.m2/repository/org/apache/hadoop/hadoop-hdds-tools/0.5.0-SNAPSHOT/hadoop-hdds-tools-0.5.0-SNAPSHOT.jar:/home/user/.m2/repository/org/apache/hadoop/hadoop-hdds-server-scm/0.5.0-SNAPSHOT/hadoop-hdds-server-scm-0.5.0-SNAPSHOT.jar:/home/user/.m2/repository/org/apache/hadoop/hadoop-hdds-docs/0.5.0-SNAPSHOT/hadoop-hdds-docs-0.5.0-SNAPSHOT.jar:/home/user/.m2/repository/io/dropwizard/metrics/metrics-core/3.2.4/metrics-core-3.2.4.jar:/home/user/.m2/repository/org/hamcrest/hamcrest-all/1.3/hamcrest-all-1.3.jar:/home/user/.m2/repository/org/bouncycastle/bcprov-jdk15on/1.60/bcprov-jdk15on-1.60.jar:/home/user/.m2/repository/info/picocli/picocli/3.9.6/picocli-3.9.6.jar:/home/user/.m2/repository/com/google/protobuf/protobuf-java/2.5.0/protobuf-java-2.5.0.jar:/home/user/.m2/repository/com/google/guava/guava/11.0.2/guava-11.0.2.jar:/home/user/.m2/repository/org/apache/hadoop/hadoop-ozone-ozone-manager/0.5.0-SNAPSHOT/hadoop-ozone-ozone-manager-0.5.0-SNAPSHOT.jar:/home/user/.m2/repository/org/apache/hadoop/hadoop-minikdc/3.2.0/hadoop-minikdc-3.2.0.jar:/home/user/.m2/repository/commons-io/commons-io/2.5/commons-io-2.5.jar:/home/user/.m2/repository/org/apache/kerby/kerb-simplekdc/1.0.1/kerb-simplekdc-1.0.1.jar:/home/user/.m2/repository/org/apache/kerby/kerb-client/1.0.1/kerb-client-1.0.1.jar:/home/user/.m2/repository/org/apache/kerby/kerby-config/1.0.1/kerby-config-1.0.1.jar:/home/user/.m2/repository/org/apache/kerby/kerb-core/1.0.1/kerb-core-1.0.1.jar:/home/user/.m2/repository/org/apache/kerby/kerby-pkix/1.0.1/kerby-pkix-1.0.1.jar:/home/user/.m2/repository/org/apache/kerby/kerby-asn1/1.0.1/kerby-asn1-1.0.1.jar:/home/user/.m2/repository/org/apache/kerby/kerby-util/1.0.1/kerby-util-1.0.1.jar:/home/user/.m2/repository/org/apache/kerby/kerb-common/1.0.1/kerb-common-1.0.1.jar:/home/user/.m2/repository/org/apache/kerby/kerb-crypto/1.0.1/kerb-crypto-1.0.1.jar:/home/user/.m2/repository/org/apache/kerby/kerb-util/1.0.1/kerb-util-1.0.1.jar:/home/user/.m2/repository/org/apache/kerby/token-provider/1.0.1/token-provider-1.0.1.jar:/home/user/.m2/repository/org/apache/kerby/kerb-admin/1.0.1/kerb-admin-1.0.1.jar:/home/user/.m2/repository/org/apache/kerby/kerb-server/1.0.1/kerb-server-1.0.1.jar:/home/user/.m2/repository/org/apache/kerby/kerb-identity/1.0.1/kerb-identity-1.0.1.jar:/home/user/.m2/repository/org/apache/kerby/kerby-xdr/1.0.1/kerby-xdr-1.0.1.jar:/home/user/.m2/repository/org/slf4j/slf4j-log4j12/1.7.25/slf4j-log4j12-1.7.25.jar:/home/user/.m2/repository/org/apache/hadoop/hadoop-ozone-s3gateway/0.5.0-SNAPSHOT/hadoop-ozone-s3gateway-0.5.0-SNAPSHOT.jar:/home/user/.m2/repository/org/jboss/weld/servlet/weld-servlet/2.4.7.Final/weld-servlet-2.4.7.Final.jar:/home/user/.m2/repository/org/glassfish/jersey/containers/jersey-container-servlet-core/2.27/jersey-container-servlet-core-2.27.jar:/home/user/.m2/repository/org/glassfish/hk2/external/javax.inject/2.5.0-b42/javax.inject-2.5.0-b42.jar:/home/user/.m2/repository/org/glassfish/jersey/core/jersey-common/2.27/jersey-common-2.27.jar:/home/user/.m2/repository/org/glassfish/hk2/osgi-resource-locator/1.0.1/osgi-resource-locator-1.0.1.jar:/home/user/.m2/repository/javax/ws/rs/javax.ws.rs-api/2.1/javax.ws.rs-api-2.1.jar:/home/user/.m2/repository/org/glassfish/jersey/ext/cdi/jersey-cdi1x/2.27/jersey-cdi1x-2.27.jar:/home/user/.m2/repository/org/glassfish/jersey/inject/jersey-hk2/2.27/jersey-hk2-2.27.jar:/home/user/.m2/repository/org/glassfish/hk2/hk2-locator/2.5.0-b42/hk2-locator-2.5.0-b42.jar:/home/user/.m2/repository/org/javassist/javassist/3.22.0-CR2/javassist-3.22.0-CR2.jar:/home/user/.m2/repository/org/glassfish/hk2/hk2-api/2.5.0/hk2-api-2.5.0.jar:/home/user/.m2/repository/org/glassfish/hk2/external/jakarta.inject/2.5.0/jakarta.inject-2.5.0.jar:/home/user/.m2/repository/org/glassfish/hk2/hk2-utils/2.5.0/hk2-utils-2.5.0.jar:/home/user/.m2/repository/jakarta/annotation/jakarta.annotation-api/1.3.4/jakarta.annotation-api-1.3.4.jar:/home/user/.m2/repository/org/glassfish/hk2/external/aopalliance-repackaged/2.5.0/aopalliance-repackaged-2.5.0.jar:/home/user/.m2/repository/com/fasterxml/jackson/dataformat/jackson-dataformat-xml/2.9.0/jackson-dataformat-xml-2.9.0.jar:/home/user/.m2/repository/com/fasterxml/jackson/core/jackson-core/2.9.9/jackson-core-2.9.9.jar:/home/user/.m2/repository/com/fasterxml/jackson/module/jackson-module-jaxb-annotations/2.9.9/jackson-module-jaxb-annotations-2.9.9.jar:/home/user/.m2/repository/javax/enterprise/cdi-api/1.2/cdi-api-1.2.jar:/home/user/.m2/repository/javax/el/javax.el-api/3.0.0/javax.el-api-3.0.0.jar:/home/user/.m2/repository/javax/interceptor/javax.interceptor-api/1.2/javax.interceptor-api-1.2.jar:/home/user/.m2/repository/javax/inject/javax.inject/1/javax.inject-1.jar:/home/user/.m2/repository/com/sun/xml/bind/jaxb-impl/2.3.0.1/jaxb-impl-2.3.0.1.jar:/home/user/.m2/repository/com/sun/xml/bind/jaxb-core/2.3.0.1/jaxb-core-2.3.0.1.jar:/home/user/.m2/repository/javax/xml/bind/jaxb-api/2.3.0/jaxb-api-2.3.0.jar:/home/user/.m2/repository/javax/activation/activation/1.1.1/activation-1.1.1.jar:/home/user/.m2/repository/org/apache/hadoop/hadoop-ozone-csi/0.5.0-SNAPSHOT/hadoop-ozone-csi-0.5.0-SNAPSHOT.jar:/home/user/.m2/repository/com/google/protobuf/protobuf-java-util/3.5.1/protobuf-java-util-3.5.1.jar:/home/user/.m2/repository/org/apache/hadoop/hadoop-hdds-config/0.5.0-SNAPSHOT/hadoop-hdds-config-0.5.0-SNAPSHOT.jar:/home/user/.m2/repository/io/grpc/grpc-netty/1.17.1/grpc-netty-1.17.1.jar:/home/user/.m2/repository/io/grpc/grpc-core/1.17.1/grpc-core-1.17.1.jar:/home/user/.m2/repository/io/grpc/grpc-context/1.17.1/grpc-context-1.17.1.jar:/home/user/.m2/repository/com/google/errorprone/error_prone_annotations/2.2.0/error_prone_annotations-2.2.0.jar:/home/user/.m2/repository/org/codehaus/mojo/animal-sniffer-annotations/1.17/animal-sniffer-annotations-1.17.jar:/home/user/.m2/repository/io/opencensus/opencensus-api/0.17.0/opencensus-api-0.17.0.jar:/home/user/.m2/repository/io/opencensus/opencensus-contrib-grpc-metrics/0.17.0/opencensus-contrib-grpc-metrics-0.17.0.jar:/home/user/.m2/repository/io/netty/netty-codec-http2/4.1.30.Final/netty-codec-http2-4.1.30.Final.jar:/home/user/.m2/repository/io/netty/netty-codec-http/4.1.30.Final/netty-codec-http-4.1.30.Final.jar:/home/user/.m2/repository/io/netty/netty-codec/4.1.30.Final/netty-codec-4.1.30.Final.jar:/home/user/.m2/repository/io/netty/netty-handler/4.1.30.Final/netty-handler-4.1.30.Final.jar:/home/user/.m2/repository/io/netty/netty-handler-proxy/4.1.30.Final/netty-handler-proxy-4.1.30.Final.jar:/home/user/.m2/repository/io/netty/netty-codec-socks/4.1.30.Final/netty-codec-socks-4.1.30.Final.jar:/home/user/.m2/repository/io/netty/netty-transport-native-epoll/4.1.30.Final/netty-transport-native-epoll-4.1.30.Final.jar:/home/user/.m2/repository/io/netty/netty-common/4.1.30.Final/netty-common-4.1.30.Final.jar:/home/user/.m2/repository/io/netty/netty-buffer/4.1.30.Final/netty-buffer-4.1.30.Final.jar:/home/user/.m2/repository/io/netty/netty-transport/4.1.30.Final/netty-transport-4.1.30.Final.jar:/home/user/.m2/repository/io/netty/netty-resolver/4.1.30.Final/netty-resolver-4.1.30.Final.jar:/home/user/.m2/repository/io/netty/netty-transport-native-unix-common/4.1.30.Final/netty-transport-native-unix-common-4.1.30.Final.jar:/home/user/.m2/repository/io/grpc/grpc-protobuf/1.17.1/grpc-protobuf-1.17.1.jar:/home/user/.m2/repository/com/google/api/grpc/proto-google-common-protos/1.0.0/proto-google-common-protos-1.0.0.jar:/home/user/.m2/repository/io/grpc/grpc-protobuf-lite/1.17.1/grpc-protobuf-lite-1.17.1.jar:/home/user/.m2/repository/io/grpc/grpc-stub/1.17.1/grpc-stub-1.17.1.jar:/home/user/.m2/repository/org/apache/hadoop/hadoop-ozone-recon/0.5.0-SNAPSHOT/hadoop-ozone-recon-0.5.0-SNAPSHOT.jar:/home/user/.m2/repository/org/apache/hadoop/hadoop-ozone-reconcodegen/0.5.0-SNAPSHOT/hadoop-ozone-reconcodegen-0.5.0-SNAPSHOT.jar:/home/user/.m2/repository/com/google/inject/extensions/guice-multibindings/4.0/guice-multibindings-4.0.jar:/home/user/.m2/repository/com/google/inject/guice/4.0/guice-4.0.jar:/home/user/.m2/repository/aopalliance/aopalliance/1.0/aopalliance-1.0.jar:/home/user/.m2/repository/com/google/inject/extensions/guice-servlet/4.0/guice-servlet-4.0.jar:/home/user/.m2/repository/org/glassfish/jersey/containers/jersey-container-servlet/2.27/jersey-container-servlet-2.27.jar:/home/user/.m2/repository/org/glassfish/hk2/guice-bridge/2.5.0/guice-bridge-2.5.0.jar:/home/user/.m2/repository/org/glassfish/jersey/core/jersey-server/2.27/jersey-server-2.27.jar:/home/user/.m2/repository/org/glassfish/jersey/core/jersey-client/2.27/jersey-client-2.27.jar:/home/user/.m2/repository/org/glassfish/jersey/media/jersey-media-jaxb/2.27/jersey-media-jaxb-2.27.jar:/home/user/.m2/repository/javax/validation/validation-api/1.1.0.Final/validation-api-1.1.0.Final.jar:/home/user/.m2/repository/org/glassfish/jersey/media/jersey-media-json-jackson/2.27/jersey-media-json-jackson-2.27.jar:/home/user/.m2/repository/org/glassfish/jersey/ext/jersey-entity-filtering/2.27/jersey-entity-filtering-2.27.jar:/home/user/.m2/repository/com/google/inject/extensions/guice-assistedinject/4.0/guice-assistedinject-4.0.jar:/home/user/.m2/repository/org/jooq/jooq/3.11.10/jooq-3.11.10.jar:/home/user/.m2/repository/org/jooq/jooq-meta/3.11.10/jooq-meta-3.11.10.jar:/home/user/.m2/repository/org/jooq/jooq-codegen/3.11.10/jooq-codegen-3.11.10.jar:/home/user/.m2/repository/com/jolbox/bonecp/0.8.0.RELEASE/bonecp-0.8.0.RELEASE.jar:/home/user/.m2/repository/org/xerial/sqlite-jdbc/3.25.2/sqlite-jdbc-3.25.2.jar:/home/user/.m2/repository/org/springframework/spring-jdbc/5.1.3.RELEASE/spring-jdbc-5.1.3.RELEASE.jar:/home/user/.m2/repository/org/springframework/spring-beans/5.1.3.RELEASE/spring-beans-5.1.3.RELEASE.jar:/home/user/.m2/repository/org/springframework/spring-core/5.1.3.RELEASE/spring-core-5.1.3.RELEASE.jar:/home/user/.m2/repository/org/springframework/spring-jcl/5.1.3.RELEASE/spring-jcl-5.1.3.RELEASE.jar:/home/user/.m2/repository/org/springframework/spring-tx/5.1.3.RELEASE/spring-tx-5.1.3.RELEASE.jar:/home/user/.m2/repository/org/apache/hadoop/hadoop-ozone-client/0.5.0-SNAPSHOT/hadoop-ozone-client-0.5.0-SNAPSHOT.jar:/home/user/.m2/repository/commons-lang/commons-lang/2.6/commons-lang-2.6.jar:/home/user/.m2/repository/org/apache/hadoop/hadoop-ozone-ozone-manager/0.5.0-SNAPSHOT/hadoop-ozone-ozone-manager-0.5.0-SNAPSHOT-tests.jar:/home/user/.m2/repository/junit/junit/4.11/junit-4.11.jar:/home/user/.m2/repository/org/hamcrest/hamcrest-core/1.3/hamcrest-core-1.3.jar:/home/user/.m2/repository/org/openjdk/jmh/jmh-core/1.19/jmh-core-1.19.jar:/home/user/.m2/repository/net/sf/jopt-simple/jopt-simple/4.6/jopt-simple-4.6.jar:/home/user/.m2/repository/org/apache/commons/commons-math3/3.1.1/commons-math3-3.1.1.jar:/home/user/.m2/repository/org/openjdk/jmh/jmh-generator-annprocess/1.19/jmh-generator-annprocess-1.19.jar:/home/user/.m2/repository/org/mockito/mockito-all/1.8.5/mockito-all-1.8.5.jar:/home/user/.m2/repository/org/apache/hadoop/hadoop-kms/3.2.0/hadoop-kms-3.2.0.jar:/home/user/.m2/repository/org/apache/hadoop/hadoop-auth/3.2.0/hadoop-auth-3.2.0.jar:/home/user/.m2/repository/com/nimbusds/nimbus-jose-jwt/4.41.1/nimbus-jose-jwt-4.41.1.jar:/home/user/.m2/repository/com/github/stephenc/jcip/jcip-annotations/1.0-1/jcip-annotations-1.0-1.jar:/home/user/.m2/repository/net/minidev/json-smart/2.3/json-smart-2.3.jar:/home/user/.m2/repository/net/minidev/accessors-smart/1.2/accessors-smart-1.2.jar:/home/user/.m2/repository/org/ow2/asm/asm/5.0.4/asm-5.0.4.jar:/home/user/.m2/repository/org/apache/curator/curator-framework/2.12.0/curator-framework-2.12.0.jar:/home/user/.m2/repository/com/sun/jersey/jersey-core/1.19/jersey-core-1.19.jar:/home/user/.m2/repository/javax/ws/rs/jsr311-api/1.1.1/jsr311-api-1.1.1.jar:/home/user/.m2/repository/com/sun/jersey/jersey-server/1.19/jersey-server-1.19.jar:/home/user/.m2/repository/javax/servlet/javax.servlet-api/3.1.0/javax.servlet-api-3.1.0.jar:/home/user/.m2/repository/org/eclipse/jetty/jetty-server/9.3.25.v20180904/jetty-server-9.3.25.v20180904.jar:/home/user/.m2/repository/org/eclipse/jetty/jetty-http/9.3.25.v20180904/jetty-http-9.3.25.v20180904.jar:/home/user/.m2/repository/org/eclipse/jetty/jetty-io/9.3.25.v20180904/jetty-io-9.3.25.v20180904.jar:/home/user/.m2/repository/org/eclipse/jetty/jetty-webapp/9.3.25.v20180904/jetty-webapp-9.3.25.v20180904.jar:/home/user/.m2/repository/org/eclipse/jetty/jetty-xml/9.3.25.v20180904/jetty-xml-9.3.25.v20180904.jar:/home/user/.m2/repository/log4j/log4j/1.2.17/log4j-1.2.17.jar:/home/user/.m2/repository/org/slf4j/slf4j-api/1.7.25/slf4j-api-1.7.25.jar:/home/user/.m2/repository/org/slf4j/jul-to-slf4j/1.7.25/jul-to-slf4j-1.7.25.jar:/home/user/.m2/repository/org/eclipse/jetty/jetty-util/9.3.25.v20180904/jetty-util-9.3.25.v20180904.jar:/home/user/.m2/repository/com/fasterxml/jackson/core/jackson-databind/2.9.9/jackson-databind-2.9.9.jar:/home/user/.m2/repository/org/apache/hadoop/hadoop-kms/3.2.0/hadoop-kms-3.2.0-tests.jar:/home/user/.m2/repository/org/apache/hadoop/hadoop-hdds-server-scm/0.5.0-SNAPSHOT/hadoop-hdds-server-scm-0.5.0-SNAPSHOT-tests.jar:/home/user/.m2/repository/org/apache/hadoop/hadoop-hdds-container-service/0.5.0-SNAPSHOT/hadoop-hdds-container-service-0.5.0-SNAPSHOT-tests.jar:/home/user/.m2/repository/org/yaml/snakeyaml/1.16/snakeyaml-1.16.jar:/home/user/.m2/repository/org/apache/hadoop/hadoop-common/3.2.0/hadoop-common-3.2.0-tests.jar:/home/user/.m2/repository/org/apache/hadoop/hadoop-annotations/3.2.0/hadoop-annotations-3.2.0.jar:/usr/lib/jvm/java-1.8-openjdk/jre/../lib/tools.jar:/home/user/.m2/repository/commons-cli/commons-cli/1.2/commons-cli-1.2.jar:/home/user/.m2/repository/org/apache/httpcomponents/httpclient/4.5.2/httpclient-4.5.2.jar:/home/user/.m2/repository/org/apache/httpcomponents/httpcore/4.4.4/httpcore-4.4.4.jar:/home/user/.m2/repository/commons-codec/commons-codec/1.11/commons-codec-1.11.jar:/home/user/.m2/repository/commons-net/commons-net/3.6/commons-net-3.6.jar:/home/user/.m2/repository/commons-collections/commons-collections/3.2.2/commons-collections-3.2.2.jar:/home/user/.m2/repository/org/eclipse/jetty/jetty-servlet/9.3.25.v20180904/jetty-servlet-9.3.25.v20180904.jar:/home/user/.m2/repository/org/eclipse/jetty/jetty-security/9.3.25.v20180904/jetty-security-9.3.25.v20180904.jar:/home/user/.m2/repository/javax/servlet/jsp/jsp-api/2.1/jsp-api-2.1.jar:/home/user/.m2/repository/com/sun/jersey/jersey-servlet/1.19/jersey-servlet-1.19.jar:/home/user/.m2/repository/com/sun/jersey/jersey-json/1.19/jersey-json-1.19.jar:/home/user/.m2/repository/org/codehaus/jettison/jettison/1.1/jettison-1.1.jar:/home/user/.m2/repository/org/codehaus/jackson/jackson-core-asl/1.9.13/jackson-core-asl-1.9.13.jar:/home/user/.m2/repository/org/codehaus/jackson/jackson-mapper-asl/1.9.13/jackson-mapper-asl-1.9.13.jar:/home/user/.m2/repository/org/codehaus/jackson/jackson-jaxrs/1.9.13/jackson-jaxrs-1.9.13.jar:/home/user/.m2/repository/org/codehaus/jackson/jackson-xc/1.9.13/jackson-xc-1.9.13.jar:/home/user/.m2/repository/commons-logging/commons-logging/1.1.3/commons-logging-1.1.3.jar:/home/user/.m2/repository/commons-beanutils/commons-beanutils/1.9.4/commons-beanutils-1.9.4.jar:/home/user/.m2/repository/org/apache/commons/commons-configuration2/2.1.1/commons-configuration2-2.1.1.jar:/home/user/.m2/repository/org/apache/commons/commons-lang3/3.7/commons-lang3-3.7.jar:/home/user/.m2/repository/org/apache/commons/commons-text/1.4/commons-text-1.4.jar:/home/user/.m2/repository/org/apache/avro/avro/1.7.7/avro-1.7.7.jar:/home/user/.m2/repository/com/thoughtworks/paranamer/paranamer/2.3/paranamer-2.3.jar:/home/user/.m2/repository/org/xerial/snappy/snappy-java/1.0.5/snappy-java-1.0.5.jar:/home/user/.m2/repository/com/google/re2j/re2j/1.1/re2j-1.1.jar:/home/user/.m2/repository/com/google/code/gson/gson/2.2.4/gson-2.2.4.jar:/home/user/.m2/repository/com/jcraft/jsch/0.1.54/jsch-0.1.54.jar:/home/user/.m2/repository/org/apache/curator/curator-client/2.12.0/curator-client-2.12.0.jar:/home/user/.m2/repository/org/apache/curator/curator-recipes/2.12.0/curator-recipes-2.12.0.jar:/home/user/.m2/repository/com/google/code/findbugs/jsr305/3.0.0/jsr305-3.0.0.jar:/home/user/.m2/repository/org/apache/htrace/htrace-core4/4.1.0-incubating/htrace-core4-4.1.0-incubating.jar:/home/user/.m2/repository/org/apache/zookeeper/zookeeper/3.4.13/zookeeper-3.4.13.jar:/home/user/.m2/repository/jline/jline/0.9.94/jline-0.9.94.jar:/home/user/.m2/repository/org/apache/yetus/audience-annotations/0.5.0/audience-annotations-0.5.0.jar:/home/user/.m2/repository/org/codehaus/woodstox/stax2-api/3.1.4/stax2-api-3.1.4.jar:/home/user/.m2/repository/com/fasterxml/woodstox/woodstox-core/5.0.3/woodstox-core-5.0.3.jar:/home/user/.m2/repository/dnsjava/dnsjava/2.1.7/dnsjava-2.1.7.jar:/home/user/.m2/repository/org/apache/hadoop/hadoop-hdfs/3.2.0/hadoop-hdfs-3.2.0-tests.jar:/home/user/.m2/repository/org/eclipse/jetty/jetty-util-ajax/9.3.25.v20180904/jetty-util-ajax-9.3.25.v20180904.jar:/home/user/.m2/repository/commons-daemon/commons-daemon/1.0.13/commons-daemon-1.0.13.jar:/home/user/.m2/repository/io/netty/netty/3.10.5.Final/netty-3.10.5.Final.jar:/home/user/.m2/repository/io/netty/netty-all/4.0.52.Final/netty-all-4.0.52.Final.jar:/home/user/.m2/repository/org/fusesource/leveldbjni/leveldbjni-all/1.8/leveldbjni-all-1.8.jar:"/>
    <property name="java.vm.vendor" value="IcedTea"/>
    <property name="sun.arch.data.model" value="64"/>
    <property name="test.build.dir" value="/workdir/hadoop-ozone/integration-test/target/test-dir"/>
    <property name="test.cache.data" value=""/>
    <property name="java.vendor.url" value="https://icedtea.classpath.org"/>
    <property name="user.timezone" value=""/>
    <property name="java.vm.specification.version" value="1.8"/>
    <property name="os.name" value="Linux"/>
    <property name="test.build.data" value="/workdir/hadoop-ozone/integration-test/target/test-dir"/>
    <property name="user.country" value="US"/>
    <property name="sun.java.launcher" value="SUN_STANDARD"/>
    <property name="sun.boot.library.path" value="/usr/lib/jvm/java-1.8-openjdk/jre/lib/amd64"/>
    <property name="sun.java.command" value="/workdir/hadoop-ozone/integration-test/target/surefire/surefirebooter8562529046803920484.jar /workdir/hadoop-ozone/integration-test/target/surefire 2019-09-28T00-05-52_052-jvmRun1 surefire8638259237037970290tmp surefire_597655336253242189014tmp"/>
    <property name="test" value="!TestMiniChaosOzoneCluster"/>
    <property name="surefire.test.class.path" value="/workdir/hadoop-ozone/integration-test/target/test-classes:/workdir/hadoop-ozone/integration-test/target/classes:/home/user/.m2/repository/org/apache/hadoop/hadoop-ozone-common/0.5.0-SNAPSHOT/hadoop-ozone-common-0.5.0-SNAPSHOT.jar:/home/user/.m2/repository/org/apache/commons/commons-compress/1.4.1/commons-compress-1.4.1.jar:/home/user/.m2/repository/org/tukaani/xz/1.0/xz-1.0.jar:/home/user/.m2/repository/org/apache/hadoop/hadoop-common/3.2.0/hadoop-common-3.2.0.jar:/home/user/.m2/repository/org/apache/hadoop/hadoop-hdfs/3.2.0/hadoop-hdfs-3.2.0.jar:/home/user/.m2/repository/org/apache/hadoop/hadoop-hdfs-client/3.2.0/hadoop-hdfs-client-3.2.0.jar:/home/user/.m2/repository/com/fasterxml/jackson/core/jackson-annotations/2.9.9/jackson-annotations-2.9.9.jar:/home/user/.m2/repository/org/apache/hadoop/hadoop-hdds-common/0.5.0-SNAPSHOT/hadoop-hdds-common-0.5.0-SNAPSHOT.jar:/home/user/.m2/repository/javax/annotation/javax.annotation-api/1.2/javax.annotation-api-1.2.jar:/home/user/.m2/repository/org/apache/ratis/ratis-server/0.4.0/ratis-server-0.4.0.jar:/home/user/.m2/repository/org/apache/ratis/ratis-thirdparty-misc/0.2.0/ratis-thirdparty-misc-0.2.0.jar:/home/user/.m2/repository/org/apache/ratis/ratis-proto/0.4.0/ratis-proto-0.4.0.jar:/home/user/.m2/repository/org/apache/ratis/ratis-common/0.4.0/ratis-common-0.4.0.jar:/home/user/.m2/repository/org/apache/ratis/ratis-client/0.4.0/ratis-client-0.4.0.jar:/home/user/.m2/repository/org/apache/ratis/ratis-metrics/0.4.0/ratis-metrics-0.4.0.jar:/home/user/.m2/repository/com/github/joshelser/dropwizard-metrics-hadoop-metrics2-reporter/0.1.2/dropwizard-metrics-hadoop-metrics2-reporter-0.1.2.jar:/home/user/.m2/repository/io/dropwizard/metrics/metrics-jvm/3.2.5/metrics-jvm-3.2.5.jar:/home/user/.m2/repository/io/dropwizard/metrics/metrics-ganglia/3.2.5/metrics-ganglia-3.2.5.jar:/home/user/.m2/repository/info/ganglia/gmetric4j/gmetric4j/1.0.7/gmetric4j-1.0.7.jar:/home/user/.m2/repository/org/apache/ratis/ratis-netty/0.4.0/ratis-netty-0.4.0.jar:/home/user/.m2/repository/org/apache/ratis/ratis-grpc/0.4.0/ratis-grpc-0.4.0.jar:/home/user/.m2/repository/org/rocksdb/rocksdbjni/6.0.1/rocksdbjni-6.0.1.jar:/home/user/.m2/repository/org/apache/logging/log4j/log4j-api/2.11.0/log4j-api-2.11.0.jar:/home/user/.m2/repository/org/apache/logging/log4j/log4j-core/2.11.0/log4j-core-2.11.0.jar:/home/user/.m2/repository/com/lmax/disruptor/3.4.2/disruptor-3.4.2.jar:/home/user/.m2/repository/org/apache/commons/commons-pool2/2.6.0/commons-pool2-2.6.0.jar:/home/user/.m2/repository/org/bouncycastle/bcpkix-jdk15on/1.60/bcpkix-jdk15on-1.60.jar:/home/user/.m2/repository/commons-validator/commons-validator/1.6/commons-validator-1.6.jar:/home/user/.m2/repository/commons-digester/commons-digester/1.8.1/commons-digester-1.8.1.jar:/home/user/.m2/repository/io/jaegertracing/jaeger-client/0.34.0/jaeger-client-0.34.0.jar:/home/user/.m2/repository/io/jaegertracing/jaeger-thrift/0.34.0/jaeger-thrift-0.34.0.jar:/home/user/.m2/repository/org/apache/thrift/libthrift/0.12.0/libthrift-0.12.0.jar:/home/user/.m2/repository/com/squareup/okhttp3/okhttp/3.9.0/okhttp-3.9.0.jar:/home/user/.m2/repository/com/squareup/okio/okio/1.13.0/okio-1.13.0.jar:/home/user/.m2/repository/io/jaegertracing/jaeger-core/0.34.0/jaeger-core-0.34.0.jar:/home/user/.m2/repository/io/jaegertracing/jaeger-tracerresolver/0.34.0/jaeger-tracerresolver-0.34.0.jar:/home/user/.m2/repository/io/opentracing/contrib/opentracing-tracerresolver/0.1.5/opentracing-tracerresolver-0.1.5.jar:/home/user/.m2/repository/io/opentracing/opentracing-util/0.31.0/opentracing-util-0.31.0.jar:/home/user/.m2/repository/io/opentracing/opentracing-api/0.31.0/opentracing-api-0.31.0.jar:/home/user/.m2/repository/io/opentracing/opentracing-noop/0.31.0/opentracing-noop-0.31.0.jar:/home/user/.m2/repository/org/apache/hadoop/hadoop-hdds-server-framework/0.5.0-SNAPSHOT/hadoop-hdds-server-framework-0.5.0-SNAPSHOT.jar:/home/user/.m2/repository/org/apache/hadoop/hadoop-hdds-container-service/0.5.0-SNAPSHOT/hadoop-hdds-container-service-0.5.0-SNAPSHOT.jar:/home/user/.m2/repository/org/apache/hadoop/hadoop-hdds-client/0.5.0-SNAPSHOT/hadoop-hdds-client-0.5.0-SNAPSHOT.jar:/home/user/.m2/repository/org/apache/hadoop/hadoop-hdds-tools/0.5.0-SNAPSHOT/hadoop-hdds-tools-0.5.0-SNAPSHOT.jar:/home/user/.m2/repository/org/apache/hadoop/hadoop-hdds-server-scm/0.5.0-SNAPSHOT/hadoop-hdds-server-scm-0.5.0-SNAPSHOT.jar:/home/user/.m2/repository/org/apache/hadoop/hadoop-hdds-docs/0.5.0-SNAPSHOT/hadoop-hdds-docs-0.5.0-SNAPSHOT.jar:/home/user/.m2/repository/io/dropwizard/metrics/metrics-core/3.2.4/metrics-core-3.2.4.jar:/home/user/.m2/repository/org/hamcrest/hamcrest-all/1.3/hamcrest-all-1.3.jar:/home/user/.m2/repository/org/bouncycastle/bcprov-jdk15on/1.60/bcprov-jdk15on-1.60.jar:/home/user/.m2/repository/info/picocli/picocli/3.9.6/picocli-3.9.6.jar:/home/user/.m2/repository/com/google/protobuf/protobuf-java/2.5.0/protobuf-java-2.5.0.jar:/home/user/.m2/repository/com/google/guava/guava/11.0.2/guava-11.0.2.jar:/home/user/.m2/repository/org/apache/hadoop/hadoop-ozone-ozone-manager/0.5.0-SNAPSHOT/hadoop-ozone-ozone-manager-0.5.0-SNAPSHOT.jar:/home/user/.m2/repository/org/apache/hadoop/hadoop-minikdc/3.2.0/hadoop-minikdc-3.2.0.jar:/home/user/.m2/repository/commons-io/commons-io/2.5/commons-io-2.5.jar:/home/user/.m2/repository/org/apache/kerby/kerb-simplekdc/1.0.1/kerb-simplekdc-1.0.1.jar:/home/user/.m2/repository/org/apache/kerby/kerb-client/1.0.1/kerb-client-1.0.1.jar:/home/user/.m2/repository/org/apache/kerby/kerby-config/1.0.1/kerby-config-1.0.1.jar:/home/user/.m2/repository/org/apache/kerby/kerb-core/1.0.1/kerb-core-1.0.1.jar:/home/user/.m2/repository/org/apache/kerby/kerby-pkix/1.0.1/kerby-pkix-1.0.1.jar:/home/user/.m2/repository/org/apache/kerby/kerby-asn1/1.0.1/kerby-asn1-1.0.1.jar:/home/user/.m2/repository/org/apache/kerby/kerby-util/1.0.1/kerby-util-1.0.1.jar:/home/user/.m2/repository/org/apache/kerby/kerb-common/1.0.1/kerb-common-1.0.1.jar:/home/user/.m2/repository/org/apache/kerby/kerb-crypto/1.0.1/kerb-crypto-1.0.1.jar:/home/user/.m2/repository/org/apache/kerby/kerb-util/1.0.1/kerb-util-1.0.1.jar:/home/user/.m2/repository/org/apache/kerby/token-provider/1.0.1/token-provider-1.0.1.jar:/home/user/.m2/repository/org/apache/kerby/kerb-admin/1.0.1/kerb-admin-1.0.1.jar:/home/user/.m2/repository/org/apache/kerby/kerb-server/1.0.1/kerb-server-1.0.1.jar:/home/user/.m2/repository/org/apache/kerby/kerb-identity/1.0.1/kerb-identity-1.0.1.jar:/home/user/.m2/repository/org/apache/kerby/kerby-xdr/1.0.1/kerby-xdr-1.0.1.jar:/home/user/.m2/repository/org/slf4j/slf4j-log4j12/1.7.25/slf4j-log4j12-1.7.25.jar:/home/user/.m2/repository/org/apache/hadoop/hadoop-ozone-s3gateway/0.5.0-SNAPSHOT/hadoop-ozone-s3gateway-0.5.0-SNAPSHOT.jar:/home/user/.m2/repository/org/jboss/weld/servlet/weld-servlet/2.4.7.Final/weld-servlet-2.4.7.Final.jar:/home/user/.m2/repository/org/glassfish/jersey/containers/jersey-container-servlet-core/2.27/jersey-container-servlet-core-2.27.jar:/home/user/.m2/repository/org/glassfish/hk2/external/javax.inject/2.5.0-b42/javax.inject-2.5.0-b42.jar:/home/user/.m2/repository/org/glassfish/jersey/core/jersey-common/2.27/jersey-common-2.27.jar:/home/user/.m2/repository/org/glassfish/hk2/osgi-resource-locator/1.0.1/osgi-resource-locator-1.0.1.jar:/home/user/.m2/repository/javax/ws/rs/javax.ws.rs-api/2.1/javax.ws.rs-api-2.1.jar:/home/user/.m2/repository/org/glassfish/jersey/ext/cdi/jersey-cdi1x/2.27/jersey-cdi1x-2.27.jar:/home/user/.m2/repository/org/glassfish/jersey/inject/jersey-hk2/2.27/jersey-hk2-2.27.jar:/home/user/.m2/repository/org/glassfish/hk2/hk2-locator/2.5.0-b42/hk2-locator-2.5.0-b42.jar:/home/user/.m2/repository/org/javassist/javassist/3.22.0-CR2/javassist-3.22.0-CR2.jar:/home/user/.m2/repository/org/glassfish/hk2/hk2-api/2.5.0/hk2-api-2.5.0.jar:/home/user/.m2/repository/org/glassfish/hk2/external/jakarta.inject/2.5.0/jakarta.inject-2.5.0.jar:/home/user/.m2/repository/org/glassfish/hk2/hk2-utils/2.5.0/hk2-utils-2.5.0.jar:/home/user/.m2/repository/jakarta/annotation/jakarta.annotation-api/1.3.4/jakarta.annotation-api-1.3.4.jar:/home/user/.m2/repository/org/glassfish/hk2/external/aopalliance-repackaged/2.5.0/aopalliance-repackaged-2.5.0.jar:/home/user/.m2/repository/com/fasterxml/jackson/dataformat/jackson-dataformat-xml/2.9.0/jackson-dataformat-xml-2.9.0.jar:/home/user/.m2/repository/com/fasterxml/jackson/core/jackson-core/2.9.9/jackson-core-2.9.9.jar:/home/user/.m2/repository/com/fasterxml/jackson/module/jackson-module-jaxb-annotations/2.9.9/jackson-module-jaxb-annotations-2.9.9.jar:/home/user/.m2/repository/javax/enterprise/cdi-api/1.2/cdi-api-1.2.jar:/home/user/.m2/repository/javax/el/javax.el-api/3.0.0/javax.el-api-3.0.0.jar:/home/user/.m2/repository/javax/interceptor/javax.interceptor-api/1.2/javax.interceptor-api-1.2.jar:/home/user/.m2/repository/javax/inject/javax.inject/1/javax.inject-1.jar:/home/user/.m2/repository/com/sun/xml/bind/jaxb-impl/2.3.0.1/jaxb-impl-2.3.0.1.jar:/home/user/.m2/repository/com/sun/xml/bind/jaxb-core/2.3.0.1/jaxb-core-2.3.0.1.jar:/home/user/.m2/repository/javax/xml/bind/jaxb-api/2.3.0/jaxb-api-2.3.0.jar:/home/user/.m2/repository/javax/activation/activation/1.1.1/activation-1.1.1.jar:/home/user/.m2/repository/org/apache/hadoop/hadoop-ozone-csi/0.5.0-SNAPSHOT/hadoop-ozone-csi-0.5.0-SNAPSHOT.jar:/home/user/.m2/repository/com/google/protobuf/protobuf-java-util/3.5.1/protobuf-java-util-3.5.1.jar:/home/user/.m2/repository/org/apache/hadoop/hadoop-hdds-config/0.5.0-SNAPSHOT/hadoop-hdds-config-0.5.0-SNAPSHOT.jar:/home/user/.m2/repository/io/grpc/grpc-netty/1.17.1/grpc-netty-1.17.1.jar:/home/user/.m2/repository/io/grpc/grpc-core/1.17.1/grpc-core-1.17.1.jar:/home/user/.m2/repository/io/grpc/grpc-context/1.17.1/grpc-context-1.17.1.jar:/home/user/.m2/repository/com/google/errorprone/error_prone_annotations/2.2.0/error_prone_annotations-2.2.0.jar:/home/user/.m2/repository/org/codehaus/mojo/animal-sniffer-annotations/1.17/animal-sniffer-annotations-1.17.jar:/home/user/.m2/repository/io/opencensus/opencensus-api/0.17.0/opencensus-api-0.17.0.jar:/home/user/.m2/repository/io/opencensus/opencensus-contrib-grpc-metrics/0.17.0/opencensus-contrib-grpc-metrics-0.17.0.jar:/home/user/.m2/repository/io/netty/netty-codec-http2/4.1.30.Final/netty-codec-http2-4.1.30.Final.jar:/home/user/.m2/repository/io/netty/netty-codec-http/4.1.30.Final/netty-codec-http-4.1.30.Final.jar:/home/user/.m2/repository/io/netty/netty-codec/4.1.30.Final/netty-codec-4.1.30.Final.jar:/home/user/.m2/repository/io/netty/netty-handler/4.1.30.Final/netty-handler-4.1.30.Final.jar:/home/user/.m2/repository/io/netty/netty-handler-proxy/4.1.30.Final/netty-handler-proxy-4.1.30.Final.jar:/home/user/.m2/repository/io/netty/netty-codec-socks/4.1.30.Final/netty-codec-socks-4.1.30.Final.jar:/home/user/.m2/repository/io/netty/netty-transport-native-epoll/4.1.30.Final/netty-transport-native-epoll-4.1.30.Final.jar:/home/user/.m2/repository/io/netty/netty-common/4.1.30.Final/netty-common-4.1.30.Final.jar:/home/user/.m2/repository/io/netty/netty-buffer/4.1.30.Final/netty-buffer-4.1.30.Final.jar:/home/user/.m2/repository/io/netty/netty-transport/4.1.30.Final/netty-transport-4.1.30.Final.jar:/home/user/.m2/repository/io/netty/netty-resolver/4.1.30.Final/netty-resolver-4.1.30.Final.jar:/home/user/.m2/repository/io/netty/netty-transport-native-unix-common/4.1.30.Final/netty-transport-native-unix-common-4.1.30.Final.jar:/home/user/.m2/repository/io/grpc/grpc-protobuf/1.17.1/grpc-protobuf-1.17.1.jar:/home/user/.m2/repository/com/google/api/grpc/proto-google-common-protos/1.0.0/proto-google-common-protos-1.0.0.jar:/home/user/.m2/repository/io/grpc/grpc-protobuf-lite/1.17.1/grpc-protobuf-lite-1.17.1.jar:/home/user/.m2/repository/io/grpc/grpc-stub/1.17.1/grpc-stub-1.17.1.jar:/home/user/.m2/repository/org/apache/hadoop/hadoop-ozone-recon/0.5.0-SNAPSHOT/hadoop-ozone-recon-0.5.0-SNAPSHOT.jar:/home/user/.m2/repository/org/apache/hadoop/hadoop-ozone-reconcodegen/0.5.0-SNAPSHOT/hadoop-ozone-reconcodegen-0.5.0-SNAPSHOT.jar:/home/user/.m2/repository/com/google/inject/extensions/guice-multibindings/4.0/guice-multibindings-4.0.jar:/home/user/.m2/repository/com/google/inject/guice/4.0/guice-4.0.jar:/home/user/.m2/repository/aopalliance/aopalliance/1.0/aopalliance-1.0.jar:/home/user/.m2/repository/com/google/inject/extensions/guice-servlet/4.0/guice-servlet-4.0.jar:/home/user/.m2/repository/org/glassfish/jersey/containers/jersey-container-servlet/2.27/jersey-container-servlet-2.27.jar:/home/user/.m2/repository/org/glassfish/hk2/guice-bridge/2.5.0/guice-bridge-2.5.0.jar:/home/user/.m2/repository/org/glassfish/jersey/core/jersey-server/2.27/jersey-server-2.27.jar:/home/user/.m2/repository/org/glassfish/jersey/core/jersey-client/2.27/jersey-client-2.27.jar:/home/user/.m2/repository/org/glassfish/jersey/media/jersey-media-jaxb/2.27/jersey-media-jaxb-2.27.jar:/home/user/.m2/repository/javax/validation/validation-api/1.1.0.Final/validation-api-1.1.0.Final.jar:/home/user/.m2/repository/org/glassfish/jersey/media/jersey-media-json-jackson/2.27/jersey-media-json-jackson-2.27.jar:/home/user/.m2/repository/org/glassfish/jersey/ext/jersey-entity-filtering/2.27/jersey-entity-filtering-2.27.jar:/home/user/.m2/repository/com/google/inject/extensions/guice-assistedinject/4.0/guice-assistedinject-4.0.jar:/home/user/.m2/repository/org/jooq/jooq/3.11.10/jooq-3.11.10.jar:/home/user/.m2/repository/org/jooq/jooq-meta/3.11.10/jooq-meta-3.11.10.jar:/home/user/.m2/repository/org/jooq/jooq-codegen/3.11.10/jooq-codegen-3.11.10.jar:/home/user/.m2/repository/com/jolbox/bonecp/0.8.0.RELEASE/bonecp-0.8.0.RELEASE.jar:/home/user/.m2/repository/org/xerial/sqlite-jdbc/3.25.2/sqlite-jdbc-3.25.2.jar:/home/user/.m2/repository/org/springframework/spring-jdbc/5.1.3.RELEASE/spring-jdbc-5.1.3.RELEASE.jar:/home/user/.m2/repository/org/springframework/spring-beans/5.1.3.RELEASE/spring-beans-5.1.3.RELEASE.jar:/home/user/.m2/repository/org/springframework/spring-core/5.1.3.RELEASE/spring-core-5.1.3.RELEASE.jar:/home/user/.m2/repository/org/springframework/spring-jcl/5.1.3.RELEASE/spring-jcl-5.1.3.RELEASE.jar:/home/user/.m2/repository/org/springframework/spring-tx/5.1.3.RELEASE/spring-tx-5.1.3.RELEASE.jar:/home/user/.m2/repository/org/apache/hadoop/hadoop-ozone-client/0.5.0-SNAPSHOT/hadoop-ozone-client-0.5.0-SNAPSHOT.jar:/home/user/.m2/repository/commons-lang/commons-lang/2.6/commons-lang-2.6.jar:/home/user/.m2/repository/org/apache/hadoop/hadoop-ozone-ozone-manager/0.5.0-SNAPSHOT/hadoop-ozone-ozone-manager-0.5.0-SNAPSHOT-tests.jar:/home/user/.m2/repository/junit/junit/4.11/junit-4.11.jar:/home/user/.m2/repository/org/hamcrest/hamcrest-core/1.3/hamcrest-core-1.3.jar:/home/user/.m2/repository/org/openjdk/jmh/jmh-core/1.19/jmh-core-1.19.jar:/home/user/.m2/repository/net/sf/jopt-simple/jopt-simple/4.6/jopt-simple-4.6.jar:/home/user/.m2/repository/org/apache/commons/commons-math3/3.1.1/commons-math3-3.1.1.jar:/home/user/.m2/repository/org/openjdk/jmh/jmh-generator-annprocess/1.19/jmh-generator-annprocess-1.19.jar:/home/user/.m2/repository/org/mockito/mockito-all/1.8.5/mockito-all-1.8.5.jar:/home/user/.m2/repository/org/apache/hadoop/hadoop-kms/3.2.0/hadoop-kms-3.2.0.jar:/home/user/.m2/repository/org/apache/hadoop/hadoop-auth/3.2.0/hadoop-auth-3.2.0.jar:/home/user/.m2/repository/com/nimbusds/nimbus-jose-jwt/4.41.1/nimbus-jose-jwt-4.41.1.jar:/home/user/.m2/repository/com/github/stephenc/jcip/jcip-annotations/1.0-1/jcip-annotations-1.0-1.jar:/home/user/.m2/repository/net/minidev/json-smart/2.3/json-smart-2.3.jar:/home/user/.m2/repository/net/minidev/accessors-smart/1.2/accessors-smart-1.2.jar:/home/user/.m2/repository/org/ow2/asm/asm/5.0.4/asm-5.0.4.jar:/home/user/.m2/repository/org/apache/curator/curator-framework/2.12.0/curator-framework-2.12.0.jar:/home/user/.m2/repository/com/sun/jersey/jersey-core/1.19/jersey-core-1.19.jar:/home/user/.m2/repository/javax/ws/rs/jsr311-api/1.1.1/jsr311-api-1.1.1.jar:/home/user/.m2/repository/com/sun/jersey/jersey-server/1.19/jersey-server-1.19.jar:/home/user/.m2/repository/javax/servlet/javax.servlet-api/3.1.0/javax.servlet-api-3.1.0.jar:/home/user/.m2/repository/org/eclipse/jetty/jetty-server/9.3.25.v20180904/jetty-server-9.3.25.v20180904.jar:/home/user/.m2/repository/org/eclipse/jetty/jetty-http/9.3.25.v20180904/jetty-http-9.3.25.v20180904.jar:/home/user/.m2/repository/org/eclipse/jetty/jetty-io/9.3.25.v20180904/jetty-io-9.3.25.v20180904.jar:/home/user/.m2/repository/org/eclipse/jetty/jetty-webapp/9.3.25.v20180904/jetty-webapp-9.3.25.v20180904.jar:/home/user/.m2/repository/org/eclipse/jetty/jetty-xml/9.3.25.v20180904/jetty-xml-9.3.25.v20180904.jar:/home/user/.m2/repository/log4j/log4j/1.2.17/log4j-1.2.17.jar:/home/user/.m2/repository/org/slf4j/slf4j-api/1.7.25/slf4j-api-1.7.25.jar:/home/user/.m2/repository/org/slf4j/jul-to-slf4j/1.7.25/jul-to-slf4j-1.7.25.jar:/home/user/.m2/repository/org/eclipse/jetty/jetty-util/9.3.25.v20180904/jetty-util-9.3.25.v20180904.jar:/home/user/.m2/repository/com/fasterxml/jackson/core/jackson-databind/2.9.9/jackson-databind-2.9.9.jar:/home/user/.m2/repository/org/apache/hadoop/hadoop-kms/3.2.0/hadoop-kms-3.2.0-tests.jar:/home/user/.m2/repository/org/apache/hadoop/hadoop-hdds-server-scm/0.5.0-SNAPSHOT/hadoop-hdds-server-scm-0.5.0-SNAPSHOT-tests.jar:/home/user/.m2/repository/org/apache/hadoop/hadoop-hdds-container-service/0.5.0-SNAPSHOT/hadoop-hdds-container-service-0.5.0-SNAPSHOT-tests.jar:/home/user/.m2/repository/org/yaml/snakeyaml/1.16/snakeyaml-1.16.jar:/home/user/.m2/repository/org/apache/hadoop/hadoop-common/3.2.0/hadoop-common-3.2.0-tests.jar:/home/user/.m2/repository/org/apache/hadoop/hadoop-annotations/3.2.0/hadoop-annotations-3.2.0.jar:/usr/lib/jvm/java-1.8-openjdk/jre/../lib/tools.jar:/home/user/.m2/repository/commons-cli/commons-cli/1.2/commons-cli-1.2.jar:/home/user/.m2/repository/org/apache/httpcomponents/httpclient/4.5.2/httpclient-4.5.2.jar:/home/user/.m2/repository/org/apache/httpcomponents/httpcore/4.4.4/httpcore-4.4.4.jar:/home/user/.m2/repository/commons-codec/commons-codec/1.11/commons-codec-1.11.jar:/home/user/.m2/repository/commons-net/commons-net/3.6/commons-net-3.6.jar:/home/user/.m2/repository/commons-collections/commons-collections/3.2.2/commons-collections-3.2.2.jar:/home/user/.m2/repository/org/eclipse/jetty/jetty-servlet/9.3.25.v20180904/jetty-servlet-9.3.25.v20180904.jar:/home/user/.m2/repository/org/eclipse/jetty/jetty-security/9.3.25.v20180904/jetty-security-9.3.25.v20180904.jar:/home/user/.m2/repository/javax/servlet/jsp/jsp-api/2.1/jsp-api-2.1.jar:/home/user/.m2/repository/com/sun/jersey/jersey-servlet/1.19/jersey-servlet-1.19.jar:/home/user/.m2/repository/com/sun/jersey/jersey-json/1.19/jersey-json-1.19.jar:/home/user/.m2/repository/org/codehaus/jettison/jettison/1.1/jettison-1.1.jar:/home/user/.m2/repository/org/codehaus/jackson/jackson-core-asl/1.9.13/jackson-core-asl-1.9.13.jar:/home/user/.m2/repository/org/codehaus/jackson/jackson-mapper-asl/1.9.13/jackson-mapper-asl-1.9.13.jar:/home/user/.m2/repository/org/codehaus/jackson/jackson-jaxrs/1.9.13/jackson-jaxrs-1.9.13.jar:/home/user/.m2/repository/org/codehaus/jackson/jackson-xc/1.9.13/jackson-xc-1.9.13.jar:/home/user/.m2/repository/commons-logging/commons-logging/1.1.3/commons-logging-1.1.3.jar:/home/user/.m2/repository/commons-beanutils/commons-beanutils/1.9.4/commons-beanutils-1.9.4.jar:/home/user/.m2/repository/org/apache/commons/commons-configuration2/2.1.1/commons-configuration2-2.1.1.jar:/home/user/.m2/repository/org/apache/commons/commons-lang3/3.7/commons-lang3-3.7.jar:/home/user/.m2/repository/org/apache/commons/commons-text/1.4/commons-text-1.4.jar:/home/user/.m2/repository/org/apache/avro/avro/1.7.7/avro-1.7.7.jar:/home/user/.m2/repository/com/thoughtworks/paranamer/paranamer/2.3/paranamer-2.3.jar:/home/user/.m2/repository/org/xerial/snappy/snappy-java/1.0.5/snappy-java-1.0.5.jar:/home/user/.m2/repository/com/google/re2j/re2j/1.1/re2j-1.1.jar:/home/user/.m2/repository/com/google/code/gson/gson/2.2.4/gson-2.2.4.jar:/home/user/.m2/repository/com/jcraft/jsch/0.1.54/jsch-0.1.54.jar:/home/user/.m2/repository/org/apache/curator/curator-client/2.12.0/curator-client-2.12.0.jar:/home/user/.m2/repository/org/apache/curator/curator-recipes/2.12.0/curator-recipes-2.12.0.jar:/home/user/.m2/repository/com/google/code/findbugs/jsr305/3.0.0/jsr305-3.0.0.jar:/home/user/.m2/repository/org/apache/htrace/htrace-core4/4.1.0-incubating/htrace-core4-4.1.0-incubating.jar:/home/user/.m2/repository/org/apache/zookeeper/zookeeper/3.4.13/zookeeper-3.4.13.jar:/home/user/.m2/repository/jline/jline/0.9.94/jline-0.9.94.jar:/home/user/.m2/repository/org/apache/yetus/audience-annotations/0.5.0/audience-annotations-0.5.0.jar:/home/user/.m2/repository/org/codehaus/woodstox/stax2-api/3.1.4/stax2-api-3.1.4.jar:/home/user/.m2/repository/com/fasterxml/woodstox/woodstox-core/5.0.3/woodstox-core-5.0.3.jar:/home/user/.m2/repository/dnsjava/dnsjava/2.1.7/dnsjava-2.1.7.jar:/home/user/.m2/repository/org/apache/hadoop/hadoop-hdfs/3.2.0/hadoop-hdfs-3.2.0-tests.jar:/home/user/.m2/repository/org/eclipse/jetty/jetty-util-ajax/9.3.25.v20180904/jetty-util-ajax-9.3.25.v20180904.jar:/home/user/.m2/repository/commons-daemon/commons-daemon/1.0.13/commons-daemon-1.0.13.jar:/home/user/.m2/repository/io/netty/netty/3.10.5.Final/netty-3.10.5.Final.jar:/home/user/.m2/repository/io/netty/netty-all/4.0.52.Final/netty-all-4.0.52.Final.jar:/home/user/.m2/repository/org/fusesource/leveldbjni/leveldbjni-all/1.8/leveldbjni-all-1.8.jar:"/>
    <property name="sun.cpu.endian" value="little"/>
    <property name="user.home" value="/home/user"/>
    <property name="user.language" value="en"/>
    <property name="java.specification.vendor" value="Oracle Corporation"/>
    <property name="java.home" value="/usr/lib/jvm/java-1.8-openjdk/jre"/>
    <property name="java.security.krb5.conf" value="/workdir/hadoop-ozone/integration-test/target/test-classes/krb5.conf"/>
    <property name="basedir" value="/workdir/hadoop-ozone/integration-test"/>
    <property name="file.separator" value="/"/>
    <property name="line.separator" value="&#10;"/>
    <property name="java.vm.specification.vendor" value="Oracle Corporation"/>
    <property name="java.specification.name" value="Java Platform API Specification"/>
    <property name="java.awt.graphicsenv" value="sun.awt.X11GraphicsEnvironment"/>
    <property name="surefire.real.class.path" value="/workdir/hadoop-ozone/integration-test/target/surefire/surefirebooter8562529046803920484.jar"/>
    <property name="hadoop.log.dir" value="/workdir/hadoop-ozone/integration-test/target/log"/>
    <property name="sun.boot.class.path" value="/usr/lib/jvm/java-1.8-openjdk/jre/lib/resources.jar:/usr/lib/jvm/java-1.8-openjdk/jre/lib/rt.jar:/usr/lib/jvm/java-1.8-openjdk/jre/lib/sunrsasign.jar:/usr/lib/jvm/java-1.8-openjdk/jre/lib/jsse.jar:/usr/lib/jvm/java-1.8-openjdk/jre/lib/jce.jar:/usr/lib/jvm/java-1.8-openjdk/jre/lib/charsets.jar:/usr/lib/jvm/java-1.8-openjdk/jre/lib/jfr.jar:/usr/lib/jvm/java-1.8-openjdk/jre/classes"/>
    <property name="sun.management.compiler" value="HotSpot 64-Bit Tiered Compilers"/>
    <property name="java.runtime.version" value="1.8.0_212-b04"/>
    <property name="java.net.preferIPv4Stack" value="true"/>
    <property name="user.name" value="jenkins1000"/>
    <property name="path.separator" value=":"/>
    <property name="java.security.egd" value="file:///dev/urandom"/>
    <property name="os.version" value="3.10.0-957.12.2.el7.x86_64"/>
    <property name="java.endorsed.dirs" value="/usr/lib/jvm/java-1.8-openjdk/jre/lib/endorsed"/>
    <property name="java.runtime.name" value="OpenJDK Runtime Environment"/>
    <property name="file.encoding" value="UTF-8"/>
    <property name="java.vm.name" value="OpenJDK 64-Bit Server VM"/>
    <property name="test.build.webapps" value=""/>
    <property name="localRepository" value="/home/user/.m2/repository"/>
    <property name="java.vendor.url.bug" value="https://icedtea.classpath.org/bugzilla"/>
    <property name="java.io.tmpdir" value="/tmp"/>
    <property name="require.test.libhadoop" value=""/>
    <property name="java.version" value="1.8.0_212"/>
    <property name="user.dir" value="/workdir/hadoop-ozone/integration-test"/>
    <property name="os.arch" value="amd64"/>
    <property name="java.vm.specification.name" value="Java Virtual Machine Specification"/>
    <property name="test.build.classes" value="/workdir/hadoop-ozone/integration-test/target/test-classes"/>
    <property name="java.awt.printerjob" value="sun.print.PSPrinterJob"/>
    <property name="sun.os.patch.level" value="unknown"/>
    <property name="hadoop.tmp.dir" value="/workdir/hadoop-ozone/integration-test/target/tmp"/>
    <property name="java.library.path" value="/usr/lib/jvm/java-1.8-openjdk/jre/lib/amd64/server:/usr/lib/jvm/java-1.8-openjdk/jre/lib/amd64:/usr/lib/jvm/java-1.8-openjdk/jre/../lib/amd64:/workdir/hadoop-ozone/integration-test/target/native/target/usr/local/lib:/workdir/hadoop-ozone/integration-test/../../hadoop-common-project/hadoop-common/target/native/target/usr/local/lib:/usr/java/packages/lib/amd64:/usr/lib64:/lib64:/lib:/usr/lib"/>
    <property name="java.vm.info" value="mixed mode"/>
    <property name="java.vendor" value="IcedTea"/>
    <property name="java.vm.version" value="25.212-b04"/>
    <property name="java.ext.dirs" value="/usr/lib/jvm/java-1.8-openjdk/jre/lib/ext:/usr/java/packages/lib/ext"/>
    <property name="sun.io.unicode.encoding" value="UnicodeLittle"/>
    <property name="java.class.version" value="52.0"/>
  </properties>
  <testcase name="org.apache.hadoop.ozone.client.rpc.TestCloseContainerHandlingByClient" classname="org.apache.hadoop.ozone.client.rpc.TestCloseContainerHandlingByClient" time="141.124">
    <error message="Connection refused" type="java.net.ConnectException"><![CDATA[java.net.ConnectException: Connection refused
	at sun.nio.ch.SocketChannelImpl.checkConnect(Native Method)
	at sun.nio.ch.SocketChannelImpl.finishConnect(SocketChannelImpl.java:717)
	at org.apache.hadoop.net.SocketIOWithTimeout.connect(SocketIOWithTimeout.java:206)
	at org.apache.hadoop.net.NetUtils.connect(NetUtils.java:531)
	at org.apache.hadoop.ipc.Client$Connection.setupConnection(Client.java:690)
	at org.apache.hadoop.ipc.Client$Connection.setupIOstreams(Client.java:794)
	at org.apache.hadoop.ipc.Client$Connection.access$3700(Client.java:411)
	at org.apache.hadoop.ipc.Client.getConnection(Client.java:1572)
	at org.apache.hadoop.ipc.Client.call(Client.java:1403)
	at org.apache.hadoop.ipc.Client.call(Client.java:1367)
	at org.apache.hadoop.ipc.ProtobufRpcEngine$Invoker.invoke(ProtobufRpcEngine.java:228)
	at org.apache.hadoop.ipc.ProtobufRpcEngine$Invoker.invoke(ProtobufRpcEngine.java:116)
	at com.sun.proxy.$Proxy37.submitRequest(Unknown Source)
	at sun.reflect.NativeMethodAccessorImpl.invoke0(Native Method)
	at sun.reflect.NativeMethodAccessorImpl.invoke(NativeMethodAccessorImpl.java:62)
	at sun.reflect.DelegatingMethodAccessorImpl.invoke(DelegatingMethodAccessorImpl.java:43)
	at java.lang.reflect.Method.invoke(Method.java:498)
	at org.apache.hadoop.io.retry.RetryInvocationHandler.invokeMethod(RetryInvocationHandler.java:422)
	at org.apache.hadoop.io.retry.RetryInvocationHandler$Call.invokeMethod(RetryInvocationHandler.java:165)
	at org.apache.hadoop.io.retry.RetryInvocationHandler$Call.invoke(RetryInvocationHandler.java:157)
	at org.apache.hadoop.io.retry.RetryInvocationHandler$Call.invokeOnce(RetryInvocationHandler.java:95)
	at org.apache.hadoop.io.retry.RetryInvocationHandler.invoke(RetryInvocationHandler.java:359)
	at com.sun.proxy.$Proxy37.submitRequest(Unknown Source)
	at org.apache.hadoop.ozone.om.protocolPB.OzoneManagerProtocolClientSideTranslatorPB.submitRequest(OzoneManagerProtocolClientSideTranslatorPB.java:338)
	at org.apache.hadoop.ozone.om.protocolPB.OzoneManagerProtocolClientSideTranslatorPB.getServiceInfo(OzoneManagerProtocolClientSideTranslatorPB.java:1223)
	at sun.reflect.NativeMethodAccessorImpl.invoke0(Native Method)
	at sun.reflect.NativeMethodAccessorImpl.invoke(NativeMethodAccessorImpl.java:62)
	at sun.reflect.DelegatingMethodAccessorImpl.invoke(DelegatingMethodAccessorImpl.java:43)
	at java.lang.reflect.Method.invoke(Method.java:498)
	at org.apache.hadoop.hdds.tracing.TraceAllMethod.invoke(TraceAllMethod.java:66)
	at com.sun.proxy.$Proxy38.getServiceInfo(Unknown Source)
	at org.apache.hadoop.ozone.client.rpc.RpcClient.<init>(RpcClient.java:154)
	at org.apache.hadoop.ozone.client.OzoneClientFactory.getClientProtocol(OzoneClientFactory.java:256)
	at org.apache.hadoop.ozone.client.OzoneClientFactory.getClientProtocol(OzoneClientFactory.java:239)
	at org.apache.hadoop.ozone.client.OzoneClientFactory.getClient(OzoneClientFactory.java:75)
	at org.apache.hadoop.ozone.client.rpc.TestCloseContainerHandlingByClient.init(TestCloseContainerHandlingByClient.java:97)
	at sun.reflect.NativeMethodAccessorImpl.invoke0(Native Method)
	at sun.reflect.NativeMethodAccessorImpl.invoke(NativeMethodAccessorImpl.java:62)
	at sun.reflect.DelegatingMethodAccessorImpl.invoke(DelegatingMethodAccessorImpl.java:43)
	at java.lang.reflect.Method.invoke(Method.java:498)
	at org.junit.runners.model.FrameworkMethod$1.runReflectiveCall(FrameworkMethod.java:47)
	at org.junit.internal.runners.model.ReflectiveCallable.run(ReflectiveCallable.java:12)
	at org.junit.runners.model.FrameworkMethod.invokeExplosively(FrameworkMethod.java:44)
	at org.junit.internal.runners.statements.RunBefores.evaluate(RunBefores.java:24)
	at org.junit.internal.runners.statements.RunAfters.evaluate(RunAfters.java:27)
	at org.junit.runners.ParentRunner.run(ParentRunner.java:309)
	at org.apache.maven.surefire.junit4.JUnit4Provider.execute(JUnit4Provider.java:365)
	at org.apache.maven.surefire.junit4.JUnit4Provider.executeWithRerun(JUnit4Provider.java:273)
	at org.apache.maven.surefire.junit4.JUnit4Provider.executeTestSet(JUnit4Provider.java:238)
	at org.apache.maven.surefire.junit4.JUnit4Provider.invoke(JUnit4Provider.java:159)
	at org.apache.maven.surefire.booter.ForkedBooter.invokeProviderInSameClassLoader(ForkedBooter.java:384)
	at org.apache.maven.surefire.booter.ForkedBooter.runSuitesInProcess(ForkedBooter.java:345)
	at org.apache.maven.surefire.booter.ForkedBooter.execute(ForkedBooter.java:126)
	at org.apache.maven.surefire.booter.ForkedBooter.main(ForkedBooter.java:418)
]]></error>
    <system-out><![CDATA[2019-09-28 01:24:53,186 [main] WARN  server.ServerUtils (ServerUtils.java:getScmDbDir(145)) - ozone.scm.db.dirs is not configured. We recommend adding this setting. Falling back to ozone.metadata.dirs instead.
2019-09-28 01:24:53,282 [main] WARN  server.ServerUtils (ServerUtils.java:getScmDbDir(145)) - ozone.scm.db.dirs is not configured. We recommend adding this setting. Falling back to ozone.metadata.dirs instead.
2019-09-28 01:24:53,285 [main] WARN  server.ServerUtils (ServerUtils.java:getScmDbDir(145)) - ozone.scm.db.dirs is not configured. We recommend adding this setting. Falling back to ozone.metadata.dirs instead.
2019-09-28 01:24:53,300 [main] INFO  util.log (Log.java:initialized(192)) - Logging initialized @881ms
2019-09-28 01:24:53,381 [main] INFO  db.DBStoreBuilder (DBStoreBuilder.java:addTable(110)) - using custom profile for table: deletedBlocks
2019-09-28 01:24:53,381 [main] INFO  db.DBStoreBuilder (DBStoreBuilder.java:processTables(161)) - Using default column profile:DBProfile.DISK for Table:deletedBlocks
2019-09-28 01:24:53,381 [main] INFO  db.DBStoreBuilder (DBStoreBuilder.java:addTable(110)) - using custom profile for table: validCerts
2019-09-28 01:24:53,381 [main] INFO  db.DBStoreBuilder (DBStoreBuilder.java:processTables(161)) - Using default column profile:DBProfile.DISK for Table:validCerts
2019-09-28 01:24:53,382 [main] INFO  db.DBStoreBuilder (DBStoreBuilder.java:addTable(110)) - using custom profile for table: revokedCerts
2019-09-28 01:24:53,382 [main] INFO  db.DBStoreBuilder (DBStoreBuilder.java:processTables(161)) - Using default column profile:DBProfile.DISK for Table:revokedCerts
2019-09-28 01:24:53,392 [main] INFO  db.DBStoreBuilder (DBStoreBuilder.java:addTable(110)) - using custom profile for table: default
2019-09-28 01:24:53,392 [main] INFO  db.DBStoreBuilder (DBStoreBuilder.java:processTables(167)) - Using default column profile:DBProfile.DISK for Table:default
2019-09-28 01:24:53,393 [main] INFO  db.DBStoreBuilder (DBStoreBuilder.java:getDbProfile(198)) - Using default options. DBProfile.DISK
2019-09-28 01:24:53,729 [main] INFO  net.NodeSchemaLoader (NodeSchemaLoader.java:loadSchemaFromFile(125)) - Loading file from sun.misc.CompoundEnumeration@47eaca72
2019-09-28 01:24:53,731 [main] INFO  net.NodeSchemaLoader (NodeSchemaLoader.java:loadSchema(171)) - Loading network topology layer schema file
2019-09-28 01:24:53,791 [main] INFO  node.SCMNodeManager (SCMNodeManager.java:<init>(114)) - Entering startup safe mode.
2019-09-28 01:24:53,864 [main] INFO  algorithms.ContainerPlacementPolicyFactory (ContainerPlacementPolicyFactory.java:getPolicy(57)) - Create container placement policy of type org.apache.hadoop.hdds.scm.container.placement.algorithms.SCMContainerPlacementRandom
2019-09-28 01:24:53,878 [main] WARN  server.ServerUtils (ServerUtils.java:getScmDbDir(145)) - ozone.scm.db.dirs is not configured. We recommend adding this setting. Falling back to ozone.metadata.dirs instead.
2019-09-28 01:24:53,969 [main] INFO  pipeline.SCMPipelineManager (SCMPipelineManager.java:initializePipelineState(132)) - No pipeline exists in current db
2019-09-28 01:24:53,973 [main] WARN  server.ServerUtils (ServerUtils.java:getScmDbDir(145)) - ozone.scm.db.dirs is not configured. We recommend adding this setting. Falling back to ozone.metadata.dirs instead.
2019-09-28 01:24:54,122 [main] WARN  events.EventQueue (EventQueue.java:fireEvent(183)) - No event handler registered for event TypedEvent{payloadType=SafeModeStatus, name='SafeModeStatus'}
2019-09-28 01:24:54,512 [main] INFO  ipc.CallQueueManager (CallQueueManager.java:<init>(84)) - Using callQueue: class java.util.concurrent.LinkedBlockingQueue, queueCapacity: 2000, scheduler: class org.apache.hadoop.ipc.DefaultRpcScheduler, ipcBackoff: false.
2019-09-28 01:24:54,541 [Socket Reader #1 for port 43135] INFO  ipc.Server (Server.java:run(1074)) - Starting Socket Reader #1 for port 43135
2019-09-28 01:24:54,691 [main] INFO  ipc.CallQueueManager (CallQueueManager.java:<init>(84)) - Using callQueue: class java.util.concurrent.LinkedBlockingQueue, queueCapacity: 2000, scheduler: class org.apache.hadoop.ipc.DefaultRpcScheduler, ipcBackoff: false.
2019-09-28 01:24:54,692 [Socket Reader #1 for port 44000] INFO  ipc.Server (Server.java:run(1074)) - Starting Socket Reader #1 for port 44000
2019-09-28 01:24:54,705 [main] INFO  ipc.CallQueueManager (CallQueueManager.java:<init>(84)) - Using callQueue: class java.util.concurrent.LinkedBlockingQueue, queueCapacity: 2000, scheduler: class org.apache.hadoop.ipc.DefaultRpcScheduler, ipcBackoff: false.
2019-09-28 01:24:54,706 [Socket Reader #1 for port 33252] INFO  ipc.Server (Server.java:run(1074)) - Starting Socket Reader #1 for port 33252
2019-09-28 01:24:54,741 [main] INFO  hdfs.DFSUtil (DFSUtil.java:httpServerTemplateForNNAndJN(1641)) - Starting Web-server for scm at: http://0.0.0.0:0
2019-09-28 01:24:54,930 [main] INFO  server.AuthenticationFilter (AuthenticationFilter.java:constructSecretProvider(240)) - Unable to initialize FileSignerSecretProvider, falling back to use random secrets.
2019-09-28 01:24:54,939 [main] WARN  http.HttpRequestLog (HttpRequestLog.java:getRequestLog(97)) - Jetty request log can only be enabled using Log4j
2019-09-28 01:24:54,947 [main] INFO  http.HttpServer2 (HttpServer2.java:addGlobalFilter(975)) - Added global filter 'safety' (class=org.apache.hadoop.http.HttpServer2$QuotingInputFilter)
2019-09-28 01:24:54,950 [main] INFO  http.HttpServer2 (HttpServer2.java:addFilter(948)) - Added filter static_user_filter (class=org.apache.hadoop.http.lib.StaticUserWebFilter$StaticUserFilter) to context scm
2019-09-28 01:24:54,950 [main] INFO  http.HttpServer2 (HttpServer2.java:addFilter(958)) - Added filter static_user_filter (class=org.apache.hadoop.http.lib.StaticUserWebFilter$StaticUserFilter) to context static
2019-09-28 01:24:54,951 [main] INFO  http.HttpServer2 (HttpServer2.java:addFilter(958)) - Added filter static_user_filter (class=org.apache.hadoop.http.lib.StaticUserWebFilter$StaticUserFilter) to context logs
2019-09-28 01:24:54,986 [main] INFO  server.StorageContainerManager (StorageContainerManager.java:start(770)) - StorageContainerLocationProtocol RPC server is listening at /0.0.0.0:33252
2019-09-28 01:24:55,066 [main] WARN  impl.MetricsConfig (MetricsConfig.java:loadFirst(134)) - Cannot locate configuration: tried hadoop-metrics2-storagecontainermanager.properties,hadoop-metrics2.properties
2019-09-28 01:24:55,081 [main] INFO  impl.MetricsSystemImpl (MetricsSystemImpl.java:startTimer(374)) - Scheduled Metric snapshot period at 10 second(s).
2019-09-28 01:24:55,081 [main] INFO  impl.MetricsSystemImpl (MetricsSystemImpl.java:start(191)) - StorageContainerManager metrics system started
2019-09-28 01:24:55,337 [main] INFO  server.SCMClientProtocolServer (SCMClientProtocolServer.java:start(150)) - RPC server for Client  is listening at /0.0.0.0:33252
2019-09-28 01:24:55,338 [IPC Server Responder] INFO  ipc.Server (Server.java:run(1314)) - IPC Server Responder: starting
2019-09-28 01:24:55,338 [IPC Server listener on 33252] INFO  ipc.Server (Server.java:run(1153)) - IPC Server listener on 33252: starting
2019-09-28 01:24:55,341 [main] INFO  server.StorageContainerManager (StorageContainerManager.java:start(780)) - ScmBlockLocationProtocol RPC server is listening at /0.0.0.0:44000
2019-09-28 01:24:55,342 [main] INFO  server.SCMBlockProtocolServer (SCMBlockProtocolServer.java:start(146)) - RPC server for Block Protocol is listening at /0.0.0.0:44000
2019-09-28 01:24:55,343 [IPC Server Responder] INFO  ipc.Server (Server.java:run(1314)) - IPC Server Responder: starting
2019-09-28 01:24:55,343 [IPC Server listener on 44000] INFO  ipc.Server (Server.java:run(1153)) - IPC Server listener on 44000: starting
2019-09-28 01:24:55,345 [main] INFO  server.StorageContainerManager (StorageContainerManager.java:start(784)) - ScmDatanodeProtocl RPC server is listening at /0.0.0.0:43135
2019-09-28 01:24:55,345 [main] INFO  server.SCMDatanodeProtocolServer (SCMDatanodeProtocolServer.java:start(191)) - RPC server for DataNodes is listening at /0.0.0.0:43135
2019-09-28 01:24:55,346 [IPC Server Responder] INFO  ipc.Server (Server.java:run(1314)) - IPC Server Responder: starting
2019-09-28 01:24:55,346 [IPC Server listener on 43135] INFO  ipc.Server (Server.java:run(1153)) - IPC Server listener on 43135: starting
2019-09-28 01:24:55,350 [main] INFO  http.HttpServer2 (HttpServer2.java:bindListener(1191)) - Jetty bound to port 34503
2019-09-28 01:24:55,351 [main] INFO  server.Server (Server.java:doStart(351)) - jetty-9.3.25.v20180904, build timestamp: 2018-09-04T21:11:46Z, git hash: 3ce520221d0240229c862b122d2b06c12a625732
2019-09-28 01:24:55,391 [main] INFO  handler.ContextHandler (ContextHandler.java:doStart(781)) - Started o.e.j.s.ServletContextHandler@5e1fa5b1{/logs,file:///workdir/hadoop-ozone/integration-test/target/log,AVAILABLE}
2019-09-28 01:24:55,392 [main] INFO  handler.ContextHandler (ContextHandler.java:doStart(781)) - Started o.e.j.s.ServletContextHandler@2f17e30d{/static,file:///workdir/hadoop-ozone/integration-test/target/test-classes/webapps/static,AVAILABLE}
2019-09-28 01:24:55,427 [main] INFO  handler.ContextHandler (ContextHandler.java:doStart(781)) - Started o.e.j.w.WebAppContext@758f4f03{/,file:///workdir/hadoop-ozone/integration-test/target/test-classes/webapps/scm/,AVAILABLE}{/scm}
2019-09-28 01:24:55,434 [main] INFO  server.AbstractConnector (AbstractConnector.java:doStart(278)) - Started ServerConnector@e24ddd0{HTTP/1.1,[http/1.1]}{0.0.0.0:34503}
2019-09-28 01:24:55,434 [main] INFO  server.Server (Server.java:doStart(419)) - Started @3015ms
2019-09-28 01:24:55,436 [main] INFO  impl.MetricsSinkAdapter (MetricsSinkAdapter.java:start(204)) - Sink prometheus started
2019-09-28 01:24:55,436 [main] INFO  impl.MetricsSystemImpl (MetricsSystemImpl.java:registerSink(301)) - Registered sink prometheus
2019-09-28 01:24:55,439 [main] INFO  server.BaseHttpServer (BaseHttpServer.java:updateConnectorAddress(215)) - HTTP server of SCM is listening at http://0.0.0.0:34503
2019-09-28 01:24:55,445 [org.apache.hadoop.util.JvmPauseMonitor$Monitor@24a1c17f] INFO  util.JvmPauseMonitor (JvmPauseMonitor.java:run(188)) - Starting JVM pause monitor
2019-09-28 01:24:55,447 [main] WARN  server.ServerUtils (ServerUtils.java:getDBPath(222)) - ozone.om.db.dirs is not configured. We recommend adding this setting. Falling back to ozone.metadata.dirs instead.
2019-09-28 01:24:55,591 [main] INFO  ha.OMHANodeDetails (OMHANodeDetails.java:loadOMHAConfig(190)) - Configuration either no ozone.om.address set. Falling back to the default OM address /127.0.0.1:0
2019-09-28 01:24:55,592 [main] INFO  ha.OMHANodeDetails (OMHANodeDetails.java:getOMNodeDetails(220)) - OM Service ID is not set. Setting it to the default ID: omServiceIdDefault
2019-09-28 01:24:55,594 [main] WARN  server.ServerUtils (ServerUtils.java:getDBPath(222)) - ozone.om.db.dirs is not configured. We recommend adding this setting. Falling back to ozone.metadata.dirs instead.
2019-09-28 01:24:55,595 [main] WARN  server.ServerUtils (ServerUtils.java:getDBPath(222)) - ozone.om.db.dirs is not configured. We recommend adding this setting. Falling back to ozone.metadata.dirs instead.
2019-09-28 01:24:56,346 [main] WARN  server.ServerUtils (ServerUtils.java:getDBPath(222)) - ozone.om.db.dirs is not configured. We recommend adding this setting. Falling back to ozone.metadata.dirs instead.
2019-09-28 01:24:56,354 [main] INFO  db.DBStoreBuilder (DBStoreBuilder.java:addTable(110)) - using custom profile for table: userTable
2019-09-28 01:24:56,354 [main] INFO  db.DBStoreBuilder (DBStoreBuilder.java:processTables(161)) - Using default column profile:DBProfile.DISK for Table:userTable
2019-09-28 01:24:56,355 [main] INFO  db.DBStoreBuilder (DBStoreBuilder.java:addTable(110)) - using custom profile for table: volumeTable
2019-09-28 01:24:56,355 [main] INFO  db.DBStoreBuilder (DBStoreBuilder.java:processTables(161)) - Using default column profile:DBProfile.DISK for Table:volumeTable
2019-09-28 01:24:56,355 [main] INFO  db.DBStoreBuilder (DBStoreBuilder.java:addTable(110)) - using custom profile for table: bucketTable
2019-09-28 01:24:56,356 [main] INFO  db.DBStoreBuilder (DBStoreBuilder.java:processTables(161)) - Using default column profile:DBProfile.DISK for Table:bucketTable
2019-09-28 01:24:56,356 [main] INFO  db.DBStoreBuilder (DBStoreBuilder.java:addTable(110)) - using custom profile for table: keyTable
2019-09-28 01:24:56,356 [main] INFO  db.DBStoreBuilder (DBStoreBuilder.java:processTables(161)) - Using default column profile:DBProfile.DISK for Table:keyTable
2019-09-28 01:24:56,356 [main] INFO  db.DBStoreBuilder (DBStoreBuilder.java:addTable(110)) - using custom profile for table: deletedTable
2019-09-28 01:24:56,356 [main] INFO  db.DBStoreBuilder (DBStoreBuilder.java:processTables(161)) - Using default column profile:DBProfile.DISK for Table:deletedTable
2019-09-28 01:24:56,357 [main] INFO  db.DBStoreBuilder (DBStoreBuilder.java:addTable(110)) - using custom profile for table: openKeyTable
2019-09-28 01:24:56,357 [main] INFO  db.DBStoreBuilder (DBStoreBuilder.java:processTables(161)) - Using default column profile:DBProfile.DISK for Table:openKeyTable
2019-09-28 01:24:56,357 [main] INFO  db.DBStoreBuilder (DBStoreBuilder.java:addTable(110)) - using custom profile for table: s3Table
2019-09-28 01:24:56,357 [main] INFO  db.DBStoreBuilder (DBStoreBuilder.java:processTables(161)) - Using default column profile:DBProfile.DISK for Table:s3Table
2019-09-28 01:24:56,358 [main] INFO  db.DBStoreBuilder (DBStoreBuilder.java:addTable(110)) - using custom profile for table: multipartInfoTable
2019-09-28 01:24:56,358 [main] INFO  db.DBStoreBuilder (DBStoreBuilder.java:processTables(161)) - Using default column profile:DBProfile.DISK for Table:multipartInfoTable
2019-09-28 01:24:56,358 [main] INFO  db.DBStoreBuilder (DBStoreBuilder.java:addTable(110)) - using custom profile for table: dTokenTable
2019-09-28 01:24:56,358 [main] INFO  db.DBStoreBuilder (DBStoreBuilder.java:processTables(161)) - Using default column profile:DBProfile.DISK for Table:dTokenTable
2019-09-28 01:24:56,359 [main] INFO  db.DBStoreBuilder (DBStoreBuilder.java:addTable(110)) - using custom profile for table: s3SecretTable
2019-09-28 01:24:56,359 [main] INFO  db.DBStoreBuilder (DBStoreBuilder.java:processTables(161)) - Using default column profile:DBProfile.DISK for Table:s3SecretTable
2019-09-28 01:24:56,359 [main] INFO  db.DBStoreBuilder (DBStoreBuilder.java:addTable(110)) - using custom profile for table: prefixTable
2019-09-28 01:24:56,359 [main] INFO  db.DBStoreBuilder (DBStoreBuilder.java:processTables(161)) - Using default column profile:DBProfile.DISK for Table:prefixTable
2019-09-28 01:24:56,360 [main] INFO  db.DBStoreBuilder (DBStoreBuilder.java:addTable(110)) - using custom profile for table: default
2019-09-28 01:24:56,360 [main] INFO  db.DBStoreBuilder (DBStoreBuilder.java:processTables(167)) - Using default column profile:DBProfile.DISK for Table:default
2019-09-28 01:24:56,360 [main] INFO  db.DBStoreBuilder (DBStoreBuilder.java:getDbProfile(198)) - Using default options. DBProfile.DISK
2019-09-28 01:24:57,106 [main] INFO  ipc.CallQueueManager (CallQueueManager.java:<init>(84)) - Using callQueue: class java.util.concurrent.LinkedBlockingQueue, queueCapacity: 2000, scheduler: class org.apache.hadoop.ipc.DefaultRpcScheduler, ipcBackoff: false.
2019-09-28 01:24:57,107 [Socket Reader #1 for port 39577] INFO  ipc.Server (Server.java:run(1074)) - Starting Socket Reader #1 for port 39577
2019-09-28 01:24:57,134 [main] INFO  om.OzoneManager (OzoneManager.java:start(1069)) - OzoneManager RPC server is listening at localhost/127.0.0.1:39577
2019-09-28 01:24:57,134 [main] INFO  impl.MetricsSystemImpl (MetricsSystemImpl.java:init(158)) - OzoneManager metrics system started (again)
2019-09-28 01:24:57,135 [IPC Server Responder] INFO  ipc.Server (Server.java:run(1314)) - IPC Server Responder: starting
2019-09-28 01:24:57,136 [IPC Server listener on 39577] INFO  ipc.Server (Server.java:run(1153)) - IPC Server listener on 39577: starting
2019-09-28 01:24:57,142 [main] INFO  hdfs.DFSUtil (DFSUtil.java:httpServerTemplateForNNAndJN(1641)) - Starting Web-server for ozoneManager at: http://0.0.0.0:0
2019-09-28 01:24:57,144 [main] INFO  server.AuthenticationFilter (AuthenticationFilter.java:constructSecretProvider(240)) - Unable to initialize FileSignerSecretProvider, falling back to use random secrets.
2019-09-28 01:24:57,145 [main] WARN  http.HttpRequestLog (HttpRequestLog.java:getRequestLog(97)) - Jetty request log can only be enabled using Log4j
2019-09-28 01:24:57,149 [main] INFO  http.HttpServer2 (HttpServer2.java:addGlobalFilter(975)) - Added global filter 'safety' (class=org.apache.hadoop.http.HttpServer2$QuotingInputFilter)
2019-09-28 01:24:57,151 [main] INFO  http.HttpServer2 (HttpServer2.java:addFilter(948)) - Added filter static_user_filter (class=org.apache.hadoop.http.lib.StaticUserWebFilter$StaticUserFilter) to context ozoneManager
2019-09-28 01:24:57,151 [main] INFO  http.HttpServer2 (HttpServer2.java:addFilter(958)) - Added filter static_user_filter (class=org.apache.hadoop.http.lib.StaticUserWebFilter$StaticUserFilter) to context static
2019-09-28 01:24:57,151 [main] INFO  http.HttpServer2 (HttpServer2.java:addFilter(958)) - Added filter static_user_filter (class=org.apache.hadoop.http.lib.StaticUserWebFilter$StaticUserFilter) to context logs
2019-09-28 01:24:57,155 [main] INFO  http.HttpServer2 (HttpServer2.java:bindListener(1191)) - Jetty bound to port 46143
2019-09-28 01:24:57,155 [main] INFO  server.Server (Server.java:doStart(351)) - jetty-9.3.25.v20180904, build timestamp: 2018-09-04T21:11:46Z, git hash: 3ce520221d0240229c862b122d2b06c12a625732
2019-09-28 01:24:57,158 [main] INFO  handler.ContextHandler (ContextHandler.java:doStart(781)) - Started o.e.j.s.ServletContextHandler@ecfbe91{/logs,file:///workdir/hadoop-ozone/integration-test/target/log,AVAILABLE}
2019-09-28 01:24:57,159 [main] INFO  handler.ContextHandler (ContextHandler.java:doStart(781)) - Started o.e.j.s.ServletContextHandler@3adbe50f{/static,file:///workdir/hadoop-ozone/integration-test/target/test-classes/webapps/static,AVAILABLE}
2019-09-28 01:24:57,166 [main] INFO  handler.ContextHandler (ContextHandler.java:doStart(781)) - Started o.e.j.w.WebAppContext@748fe51d{/,file:///workdir/hadoop-ozone/integration-test/target/test-classes/webapps/ozoneManager/,AVAILABLE}{/ozoneManager}
2019-09-28 01:24:57,168 [main] INFO  server.AbstractConnector (AbstractConnector.java:doStart(278)) - Started ServerConnector@415156bf{HTTP/1.1,[http/1.1]}{0.0.0.0:46143}
2019-09-28 01:24:57,169 [main] INFO  server.Server (Server.java:doStart(419)) - Started @4749ms
2019-09-28 01:24:57,169 [main] WARN  impl.MetricsSystemImpl (MetricsSystemImpl.java:register(276)) - Sink prometheus already exists!
2019-09-28 01:24:57,170 [main] INFO  server.BaseHttpServer (BaseHttpServer.java:updateConnectorAddress(215)) - HTTP server of OZONEMANAGER is listening at http://0.0.0.0:46143
2019-09-28 01:24:57,548 [main] INFO  impl.MetricsSystemImpl (MetricsSystemImpl.java:init(158)) - HddsDatanode metrics system started (again)
2019-09-28 01:24:57,623 [main] INFO  ozone.HddsDatanodeService (HddsDatanodeService.java:start(184)) - HddsDatanodeService host:pr-hdds-2162-8g7kw-3348123894 ip:192.168.151.82
2019-09-28 01:24:57,662 [main] INFO  volume.HddsVolume (HddsVolume.java:<init>(176)) - Creating Volume: /workdir/hadoop-ozone/integration-test/target/test-dir/MiniOzoneClusterImpl-ac0b8f5e-74a5-447c-bcf0-adf0e0b10ad0/datanode-0/data/containers/hdds of  storage type : DISK and capacity : 1482555576320
2019-09-28 01:24:57,664 [main] INFO  volume.VolumeSet (VolumeSet.java:initializeVolumeSet(170)) - Added Volume : /workdir/hadoop-ozone/integration-test/target/test-dir/MiniOzoneClusterImpl-ac0b8f5e-74a5-447c-bcf0-adf0e0b10ad0/datanode-0/data/containers/hdds to VolumeSet
2019-09-28 01:24:57,667 [main] INFO  volume.ThrottledAsyncChecker (ThrottledAsyncChecker.java:schedule(139)) - Scheduling a check for org.apache.hadoop.ozone.container.common.volume.HddsVolume@2764c546
2019-09-28 01:24:57,687 [main] INFO  volume.HddsVolumeChecker (HddsVolumeChecker.java:checkAllVolumes(202)) - Scheduled health check for volume org.apache.hadoop.ozone.container.common.volume.HddsVolume@2764c546
2019-09-28 01:24:57,832 [main] INFO  impl.RaftServerProxy (ConfUtils.java:logGet(43)) - raft.rpc.type = GRPC (default)
2019-09-28 01:24:57,924 [main] INFO  grpc.GrpcFactory (GrpcFactory.java:checkPooledByteBufAllocatorUseCacheForAllThreads(45)) - PERFORMANCE WARNING: useCacheForAllThreads is true that may cause Netty to create a lot garbage objects and, as a result, trigger GC.
	It is recommended to disable useCacheForAllThreads by setting -Dorg.apache.ratis.thirdparty.io.netty.allocator.useCacheForAllThreads=false in command line.
2019-09-28 01:24:57,930 [main] INFO  grpc.GrpcConfigKeys$Server (ConfUtils.java:logGet(43)) - raft.grpc.server.port = 0 (default)
2019-09-28 01:24:57,931 [main] INFO  server.GrpcService (ConfUtils.java:logGet(43)) - raft.grpc.message.size.max = 33570816 (custom)
2019-09-28 01:24:57,933 [main] INFO  server.RaftServerConfigKeys (ConfUtils.java:logGet(43)) - raft.server.log.appender.buffer.byte-limit = 33554432 (custom)
2019-09-28 01:24:57,934 [main] INFO  server.GrpcService (ConfUtils.java:logGet(43)) - raft.grpc.flow.control.window = 1MB (=1048576) (default)
2019-09-28 01:24:57,934 [main] INFO  server.RaftServerConfigKeys (ConfUtils.java:logGet(43)) - raft.server.rpc.request.timeout = 3000ms (default)
2019-09-28 01:24:58,121 [main] INFO  server.RaftServerConfigKeys (ConfUtils.java:logGet(43)) - raft.server.storage.dir = [/workdir/hadoop-ozone/integration-test/target/test-dir/MiniOzoneClusterImpl-ac0b8f5e-74a5-447c-bcf0-adf0e0b10ad0/datanode-0/data/ratis] (custom)
2019-09-28 01:24:58,204 [main] INFO  hdfs.DFSUtil (DFSUtil.java:httpServerTemplateForNNAndJN(1641)) - Starting Web-server for hddsDatanode at: http://0.0.0.0:0
2019-09-28 01:24:58,207 [main] INFO  server.AuthenticationFilter (AuthenticationFilter.java:constructSecretProvider(240)) - Unable to initialize FileSignerSecretProvider, falling back to use random secrets.
2019-09-28 01:24:58,208 [main] WARN  http.HttpRequestLog (HttpRequestLog.java:getRequestLog(97)) - Jetty request log can only be enabled using Log4j
2019-09-28 01:24:58,211 [main] INFO  http.HttpServer2 (HttpServer2.java:addGlobalFilter(975)) - Added global filter 'safety' (class=org.apache.hadoop.http.HttpServer2$QuotingInputFilter)
2019-09-28 01:24:58,212 [main] INFO  http.HttpServer2 (HttpServer2.java:addFilter(948)) - Added filter static_user_filter (class=org.apache.hadoop.http.lib.StaticUserWebFilter$StaticUserFilter) to context hddsDatanode
2019-09-28 01:24:58,213 [main] INFO  http.HttpServer2 (HttpServer2.java:addFilter(958)) - Added filter static_user_filter (class=org.apache.hadoop.http.lib.StaticUserWebFilter$StaticUserFilter) to context logs
2019-09-28 01:24:58,213 [main] INFO  http.HttpServer2 (HttpServer2.java:addFilter(958)) - Added filter static_user_filter (class=org.apache.hadoop.http.lib.StaticUserWebFilter$StaticUserFilter) to context static
2019-09-28 01:24:58,215 [main] INFO  http.HttpServer2 (HttpServer2.java:bindListener(1191)) - Jetty bound to port 40525
2019-09-28 01:24:58,216 [main] INFO  server.Server (Server.java:doStart(351)) - jetty-9.3.25.v20180904, build timestamp: 2018-09-04T21:11:46Z, git hash: 3ce520221d0240229c862b122d2b06c12a625732
2019-09-28 01:24:58,219 [main] INFO  handler.ContextHandler (ContextHandler.java:doStart(781)) - Started o.e.j.s.ServletContextHandler@2643d762{/logs,file:///workdir/hadoop-ozone/integration-test/target/log,AVAILABLE}
2019-09-28 01:24:58,220 [main] INFO  handler.ContextHandler (ContextHandler.java:doStart(781)) - Started o.e.j.s.ServletContextHandler@2f236de0{/static,jar:file:/home/user/.m2/repository/org/apache/hadoop/hadoop-hdds-container-service/0.5.0-SNAPSHOT/hadoop-hdds-container-service-0.5.0-SNAPSHOT.jar!/webapps/static,AVAILABLE}
2019-09-28 01:24:58,267 [main] INFO  handler.ContextHandler (ContextHandler.java:doStart(781)) - Started o.e.j.w.WebAppContext@895416d{/,file:///tmp/jetty-0.0.0.0-40525-hddsDatanode-_-any-556788411884528080.dir/webapp/,AVAILABLE}{/hddsDatanode}
2019-09-28 01:24:58,268 [main] INFO  server.AbstractConnector (AbstractConnector.java:doStart(278)) - Started ServerConnector@71a06021{HTTP/1.1,[http/1.1]}{0.0.0.0:40525}
2019-09-28 01:24:58,269 [main] INFO  server.Server (Server.java:doStart(419)) - Started @5849ms
2019-09-28 01:24:58,270 [main] WARN  impl.MetricsSystemImpl (MetricsSystemImpl.java:register(276)) - Sink prometheus already exists!
2019-09-28 01:24:58,271 [main] INFO  server.BaseHttpServer (BaseHttpServer.java:updateConnectorAddress(215)) - HTTP server of HDDSDATANODE is listening at http://0.0.0.0:40525
2019-09-28 01:24:58,272 [main] INFO  impl.MetricsSystemImpl (MetricsSystemImpl.java:init(158)) - HddsDatanode metrics system started (again)
2019-09-28 01:24:58,275 [main] INFO  ozone.HddsDatanodeService (HddsDatanodeService.java:start(184)) - HddsDatanodeService host:pr-hdds-2162-8g7kw-3348123894 ip:192.168.151.82
2019-09-28 01:24:58,279 [org.apache.hadoop.util.JvmPauseMonitor$Monitor@1e10a78a] INFO  util.JvmPauseMonitor (JvmPauseMonitor.java:run(188)) - Starting JVM pause monitor
2019-09-28 01:24:58,285 [main] INFO  volume.HddsVolume (HddsVolume.java:<init>(176)) - Creating Volume: /workdir/hadoop-ozone/integration-test/target/test-dir/MiniOzoneClusterImpl-ac0b8f5e-74a5-447c-bcf0-adf0e0b10ad0/datanode-1/data/containers/hdds of  storage type : DISK and capacity : 1482555576320
2019-09-28 01:24:58,286 [main] INFO  volume.VolumeSet (VolumeSet.java:initializeVolumeSet(170)) - Added Volume : /workdir/hadoop-ozone/integration-test/target/test-dir/MiniOzoneClusterImpl-ac0b8f5e-74a5-447c-bcf0-adf0e0b10ad0/datanode-1/data/containers/hdds to VolumeSet
2019-09-28 01:24:58,287 [main] INFO  volume.ThrottledAsyncChecker (ThrottledAsyncChecker.java:schedule(139)) - Scheduling a check for org.apache.hadoop.ozone.container.common.volume.HddsVolume@e57e5d6
2019-09-28 01:24:58,287 [main] INFO  volume.HddsVolumeChecker (HddsVolumeChecker.java:checkAllVolumes(202)) - Scheduled health check for volume org.apache.hadoop.ozone.container.common.volume.HddsVolume@e57e5d6
2019-09-28 01:24:58,301 [main] INFO  impl.RaftServerProxy (ConfUtils.java:logGet(43)) - raft.rpc.type = GRPC (default)
2019-09-28 01:24:58,302 [main] INFO  grpc.GrpcFactory (GrpcFactory.java:checkPooledByteBufAllocatorUseCacheForAllThreads(45)) - PERFORMANCE WARNING: useCacheForAllThreads is true that may cause Netty to create a lot garbage objects and, as a result, trigger GC.
	It is recommended to disable useCacheForAllThreads by setting -Dorg.apache.ratis.thirdparty.io.netty.allocator.useCacheForAllThreads=false in command line.
2019-09-28 01:24:58,302 [main] INFO  grpc.GrpcConfigKeys$Server (ConfUtils.java:logGet(43)) - raft.grpc.server.port = 0 (default)
2019-09-28 01:24:58,302 [main] INFO  server.GrpcService (ConfUtils.java:logGet(43)) - raft.grpc.message.size.max = 33570816 (custom)
2019-09-28 01:24:58,302 [main] INFO  server.RaftServerConfigKeys (ConfUtils.java:logGet(43)) - raft.server.log.appender.buffer.byte-limit = 33554432 (custom)
2019-09-28 01:24:58,303 [main] INFO  server.GrpcService (ConfUtils.java:logGet(43)) - raft.grpc.flow.control.window = 1MB (=1048576) (default)
2019-09-28 01:24:58,303 [main] INFO  server.RaftServerConfigKeys (ConfUtils.java:logGet(43)) - raft.server.rpc.request.timeout = 3000ms (default)
2019-09-28 01:24:58,303 [main] INFO  server.RaftServerConfigKeys (ConfUtils.java:logGet(43)) - raft.server.storage.dir = [/workdir/hadoop-ozone/integration-test/target/test-dir/MiniOzoneClusterImpl-ac0b8f5e-74a5-447c-bcf0-adf0e0b10ad0/datanode-1/data/ratis] (custom)
2019-09-28 01:24:58,305 [main] INFO  hdfs.DFSUtil (DFSUtil.java:httpServerTemplateForNNAndJN(1641)) - Starting Web-server for hddsDatanode at: http://0.0.0.0:0
2019-09-28 01:24:58,306 [main] INFO  server.AuthenticationFilter (AuthenticationFilter.java:constructSecretProvider(240)) - Unable to initialize FileSignerSecretProvider, falling back to use random secrets.
2019-09-28 01:24:58,307 [main] WARN  http.HttpRequestLog (HttpRequestLog.java:getRequestLog(97)) - Jetty request log can only be enabled using Log4j
2019-09-28 01:24:58,309 [main] INFO  http.HttpServer2 (HttpServer2.java:addGlobalFilter(975)) - Added global filter 'safety' (class=org.apache.hadoop.http.HttpServer2$QuotingInputFilter)
2019-09-28 01:24:58,309 [main] INFO  http.HttpServer2 (HttpServer2.java:addFilter(948)) - Added filter static_user_filter (class=org.apache.hadoop.http.lib.StaticUserWebFilter$StaticUserFilter) to context hddsDatanode
2019-09-28 01:24:58,309 [main] INFO  http.HttpServer2 (HttpServer2.java:addFilter(958)) - Added filter static_user_filter (class=org.apache.hadoop.http.lib.StaticUserWebFilter$StaticUserFilter) to context logs
2019-09-28 01:24:58,310 [main] INFO  http.HttpServer2 (HttpServer2.java:addFilter(958)) - Added filter static_user_filter (class=org.apache.hadoop.http.lib.StaticUserWebFilter$StaticUserFilter) to context static
2019-09-28 01:24:58,310 [main] INFO  http.HttpServer2 (HttpServer2.java:bindListener(1191)) - Jetty bound to port 36380
2019-09-28 01:24:58,311 [main] INFO  server.Server (Server.java:doStart(351)) - jetty-9.3.25.v20180904, build timestamp: 2018-09-04T21:11:46Z, git hash: 3ce520221d0240229c862b122d2b06c12a625732
2019-09-28 01:24:58,317 [main] INFO  handler.ContextHandler (ContextHandler.java:doStart(781)) - Started o.e.j.s.ServletContextHandler@4b200971{/logs,file:///workdir/hadoop-ozone/integration-test/target/log,AVAILABLE}
2019-09-28 01:24:58,317 [main] INFO  handler.ContextHandler (ContextHandler.java:doStart(781)) - Started o.e.j.s.ServletContextHandler@68d7a2df{/static,jar:file:/home/user/.m2/repository/org/apache/hadoop/hadoop-hdds-container-service/0.5.0-SNAPSHOT/hadoop-hdds-container-service-0.5.0-SNAPSHOT.jar!/webapps/static,AVAILABLE}
2019-09-28 01:24:58,348 [main] INFO  handler.ContextHandler (ContextHandler.java:doStart(781)) - Started o.e.j.w.WebAppContext@4da6d664{/,file:///tmp/jetty-0.0.0.0-36380-hddsDatanode-_-any-4712763240665718637.dir/webapp/,AVAILABLE}{/hddsDatanode}
2019-09-28 01:24:58,348 [main] INFO  server.AbstractConnector (AbstractConnector.java:doStart(278)) - Started ServerConnector@5e5af8e1{HTTP/1.1,[http/1.1]}{0.0.0.0:36380}
2019-09-28 01:24:58,350 [main] INFO  server.Server (Server.java:doStart(419)) - Started @5930ms
2019-09-28 01:24:58,351 [main] WARN  impl.MetricsSystemImpl (MetricsSystemImpl.java:register(276)) - Sink prometheus already exists!
2019-09-28 01:24:58,351 [main] INFO  server.BaseHttpServer (BaseHttpServer.java:updateConnectorAddress(215)) - HTTP server of HDDSDATANODE is listening at http://0.0.0.0:36380
2019-09-28 01:24:58,352 [main] INFO  impl.MetricsSystemImpl (MetricsSystemImpl.java:init(158)) - HddsDatanode metrics system started (again)
2019-09-28 01:24:58,355 [org.apache.hadoop.util.JvmPauseMonitor$Monitor@724d739a] INFO  util.JvmPauseMonitor (JvmPauseMonitor.java:run(188)) - Starting JVM pause monitor
2019-09-28 01:24:58,355 [main] INFO  ozone.HddsDatanodeService (HddsDatanodeService.java:start(184)) - HddsDatanodeService host:pr-hdds-2162-8g7kw-3348123894 ip:192.168.151.82
2019-09-28 01:24:58,364 [main] INFO  volume.HddsVolume (HddsVolume.java:<init>(176)) - Creating Volume: /workdir/hadoop-ozone/integration-test/target/test-dir/MiniOzoneClusterImpl-ac0b8f5e-74a5-447c-bcf0-adf0e0b10ad0/datanode-2/data/containers/hdds of  storage type : DISK and capacity : 1482555576320
2019-09-28 01:24:58,364 [main] INFO  volume.VolumeSet (VolumeSet.java:initializeVolumeSet(170)) - Added Volume : /workdir/hadoop-ozone/integration-test/target/test-dir/MiniOzoneClusterImpl-ac0b8f5e-74a5-447c-bcf0-adf0e0b10ad0/datanode-2/data/containers/hdds to VolumeSet
2019-09-28 01:24:58,365 [main] INFO  volume.ThrottledAsyncChecker (ThrottledAsyncChecker.java:schedule(139)) - Scheduling a check for org.apache.hadoop.ozone.container.common.volume.HddsVolume@6c3659be
2019-09-28 01:24:58,366 [main] INFO  volume.HddsVolumeChecker (HddsVolumeChecker.java:checkAllVolumes(202)) - Scheduled health check for volume org.apache.hadoop.ozone.container.common.volume.HddsVolume@6c3659be
2019-09-28 01:24:58,382 [main] INFO  impl.RaftServerProxy (ConfUtils.java:logGet(43)) - raft.rpc.type = GRPC (default)
2019-09-28 01:24:58,382 [main] INFO  grpc.GrpcFactory (GrpcFactory.java:checkPooledByteBufAllocatorUseCacheForAllThreads(45)) - PERFORMANCE WARNING: useCacheForAllThreads is true that may cause Netty to create a lot garbage objects and, as a result, trigger GC.
	It is recommended to disable useCacheForAllThreads by setting -Dorg.apache.ratis.thirdparty.io.netty.allocator.useCacheForAllThreads=false in command line.
2019-09-28 01:24:58,383 [main] INFO  grpc.GrpcConfigKeys$Server (ConfUtils.java:logGet(43)) - raft.grpc.server.port = 0 (default)
2019-09-28 01:24:58,383 [main] INFO  server.GrpcService (ConfUtils.java:logGet(43)) - raft.grpc.message.size.max = 33570816 (custom)
2019-09-28 01:24:58,383 [main] INFO  server.RaftServerConfigKeys (ConfUtils.java:logGet(43)) - raft.server.log.appender.buffer.byte-limit = 33554432 (custom)
2019-09-28 01:24:58,383 [main] INFO  server.GrpcService (ConfUtils.java:logGet(43)) - raft.grpc.flow.control.window = 1MB (=1048576) (default)
2019-09-28 01:24:58,384 [main] INFO  server.RaftServerConfigKeys (ConfUtils.java:logGet(43)) - raft.server.rpc.request.timeout = 3000ms (default)
2019-09-28 01:24:58,384 [main] INFO  server.RaftServerConfigKeys (ConfUtils.java:logGet(43)) - raft.server.storage.dir = [/workdir/hadoop-ozone/integration-test/target/test-dir/MiniOzoneClusterImpl-ac0b8f5e-74a5-447c-bcf0-adf0e0b10ad0/datanode-2/data/ratis] (custom)
2019-09-28 01:24:58,386 [main] INFO  hdfs.DFSUtil (DFSUtil.java:httpServerTemplateForNNAndJN(1641)) - Starting Web-server for hddsDatanode at: http://0.0.0.0:0
2019-09-28 01:24:58,388 [main] INFO  server.AuthenticationFilter (AuthenticationFilter.java:constructSecretProvider(240)) - Unable to initialize FileSignerSecretProvider, falling back to use random secrets.
2019-09-28 01:24:58,388 [main] WARN  http.HttpRequestLog (HttpRequestLog.java:getRequestLog(97)) - Jetty request log can only be enabled using Log4j
2019-09-28 01:24:58,390 [main] INFO  http.HttpServer2 (HttpServer2.java:addGlobalFilter(975)) - Added global filter 'safety' (class=org.apache.hadoop.http.HttpServer2$QuotingInputFilter)
2019-09-28 01:24:58,390 [main] INFO  http.HttpServer2 (HttpServer2.java:addFilter(948)) - Added filter static_user_filter (class=org.apache.hadoop.http.lib.StaticUserWebFilter$StaticUserFilter) to context hddsDatanode
2019-09-28 01:24:58,390 [main] INFO  http.HttpServer2 (HttpServer2.java:addFilter(958)) - Added filter static_user_filter (class=org.apache.hadoop.http.lib.StaticUserWebFilter$StaticUserFilter) to context static
2019-09-28 01:24:58,391 [main] INFO  http.HttpServer2 (HttpServer2.java:addFilter(958)) - Added filter static_user_filter (class=org.apache.hadoop.http.lib.StaticUserWebFilter$StaticUserFilter) to context logs
2019-09-28 01:24:58,391 [main] INFO  http.HttpServer2 (HttpServer2.java:bindListener(1191)) - Jetty bound to port 46715
2019-09-28 01:24:58,392 [main] INFO  server.Server (Server.java:doStart(351)) - jetty-9.3.25.v20180904, build timestamp: 2018-09-04T21:11:46Z, git hash: 3ce520221d0240229c862b122d2b06c12a625732
2019-09-28 01:24:58,394 [main] INFO  handler.ContextHandler (ContextHandler.java:doStart(781)) - Started o.e.j.s.ServletContextHandler@712cfb63{/logs,file:///workdir/hadoop-ozone/integration-test/target/log,AVAILABLE}
2019-09-28 01:24:58,394 [main] INFO  handler.ContextHandler (ContextHandler.java:doStart(781)) - Started o.e.j.s.ServletContextHandler@15639440{/static,jar:file:/home/user/.m2/repository/org/apache/hadoop/hadoop-hdds-container-service/0.5.0-SNAPSHOT/hadoop-hdds-container-service-0.5.0-SNAPSHOT.jar!/webapps/static,AVAILABLE}
2019-09-28 01:24:58,428 [main] INFO  handler.ContextHandler (ContextHandler.java:doStart(781)) - Started o.e.j.w.WebAppContext@5a6fa56e{/,file:///tmp/jetty-0.0.0.0-46715-hddsDatanode-_-any-9171414364493137133.dir/webapp/,AVAILABLE}{/hddsDatanode}
2019-09-28 01:24:58,429 [main] INFO  server.AbstractConnector (AbstractConnector.java:doStart(278)) - Started ServerConnector@1981d861{HTTP/1.1,[http/1.1]}{0.0.0.0:46715}
2019-09-28 01:24:58,431 [main] INFO  server.Server (Server.java:doStart(419)) - Started @6012ms
2019-09-28 01:24:58,431 [main] WARN  impl.MetricsSystemImpl (MetricsSystemImpl.java:register(276)) - Sink prometheus already exists!
2019-09-28 01:24:58,432 [main] INFO  server.BaseHttpServer (BaseHttpServer.java:updateConnectorAddress(215)) - HTTP server of HDDSDATANODE is listening at http://0.0.0.0:46715
2019-09-28 01:24:58,432 [main] INFO  impl.MetricsSystemImpl (MetricsSystemImpl.java:init(158)) - HddsDatanode metrics system started (again)
2019-09-28 01:24:58,435 [org.apache.hadoop.util.JvmPauseMonitor$Monitor@3b9091bd] INFO  util.JvmPauseMonitor (JvmPauseMonitor.java:run(188)) - Starting JVM pause monitor
2019-09-28 01:24:58,436 [main] INFO  ozone.HddsDatanodeService (HddsDatanodeService.java:start(184)) - HddsDatanodeService host:pr-hdds-2162-8g7kw-3348123894 ip:192.168.151.82
2019-09-28 01:24:58,438 [Datanode State Machine Thread - 0] INFO  datanode.InitDatanodeState (InitDatanodeState.java:persistContainerDatanodeDetails(140)) - DatanodeDetails is persisted to /workdir/hadoop-ozone/integration-test/target/test-dir/MiniOzoneClusterImpl-ac0b8f5e-74a5-447c-bcf0-adf0e0b10ad0/datanode-0/meta/datanode.id
2019-09-28 01:24:58,447 [main] INFO  volume.HddsVolume (HddsVolume.java:<init>(176)) - Creating Volume: /workdir/hadoop-ozone/integration-test/target/test-dir/MiniOzoneClusterImpl-ac0b8f5e-74a5-447c-bcf0-adf0e0b10ad0/datanode-3/data/containers/hdds of  storage type : DISK and capacity : 1482555576320
2019-09-28 01:24:58,447 [main] INFO  volume.VolumeSet (VolumeSet.java:initializeVolumeSet(170)) - Added Volume : /workdir/hadoop-ozone/integration-test/target/test-dir/MiniOzoneClusterImpl-ac0b8f5e-74a5-447c-bcf0-adf0e0b10ad0/datanode-3/data/containers/hdds to VolumeSet
2019-09-28 01:24:58,447 [main] INFO  volume.ThrottledAsyncChecker (ThrottledAsyncChecker.java:schedule(139)) - Scheduling a check for org.apache.hadoop.ozone.container.common.volume.HddsVolume@7724704f
2019-09-28 01:24:58,447 [Datanode State Machine Thread - 0] INFO  datanode.InitDatanodeState (InitDatanodeState.java:persistContainerDatanodeDetails(140)) - DatanodeDetails is persisted to /workdir/hadoop-ozone/integration-test/target/test-dir/MiniOzoneClusterImpl-ac0b8f5e-74a5-447c-bcf0-adf0e0b10ad0/datanode-2/meta/datanode.id
2019-09-28 01:24:58,449 [main] INFO  volume.HddsVolumeChecker (HddsVolumeChecker.java:checkAllVolumes(202)) - Scheduled health check for volume org.apache.hadoop.ozone.container.common.volume.HddsVolume@7724704f
2019-09-28 01:24:58,450 [Datanode State Machine Thread - 0] INFO  datanode.InitDatanodeState (InitDatanodeState.java:persistContainerDatanodeDetails(140)) - DatanodeDetails is persisted to /workdir/hadoop-ozone/integration-test/target/test-dir/MiniOzoneClusterImpl-ac0b8f5e-74a5-447c-bcf0-adf0e0b10ad0/datanode-1/meta/datanode.id
2019-09-28 01:24:58,461 [main] INFO  impl.RaftServerProxy (ConfUtils.java:logGet(43)) - raft.rpc.type = GRPC (default)
2019-09-28 01:24:58,461 [main] INFO  grpc.GrpcFactory (GrpcFactory.java:checkPooledByteBufAllocatorUseCacheForAllThreads(45)) - PERFORMANCE WARNING: useCacheForAllThreads is true that may cause Netty to create a lot garbage objects and, as a result, trigger GC.
	It is recommended to disable useCacheForAllThreads by setting -Dorg.apache.ratis.thirdparty.io.netty.allocator.useCacheForAllThreads=false in command line.
2019-09-28 01:24:58,462 [main] INFO  grpc.GrpcConfigKeys$Server (ConfUtils.java:logGet(43)) - raft.grpc.server.port = 0 (default)
2019-09-28 01:24:58,462 [main] INFO  server.GrpcService (ConfUtils.java:logGet(43)) - raft.grpc.message.size.max = 33570816 (custom)
2019-09-28 01:24:58,462 [main] INFO  server.RaftServerConfigKeys (ConfUtils.java:logGet(43)) - raft.server.log.appender.buffer.byte-limit = 33554432 (custom)
2019-09-28 01:24:58,462 [main] INFO  server.GrpcService (ConfUtils.java:logGet(43)) - raft.grpc.flow.control.window = 1MB (=1048576) (default)
2019-09-28 01:24:58,462 [main] INFO  server.RaftServerConfigKeys (ConfUtils.java:logGet(43)) - raft.server.rpc.request.timeout = 3000ms (default)
2019-09-28 01:24:58,463 [main] INFO  server.RaftServerConfigKeys (ConfUtils.java:logGet(43)) - raft.server.storage.dir = [/workdir/hadoop-ozone/integration-test/target/test-dir/MiniOzoneClusterImpl-ac0b8f5e-74a5-447c-bcf0-adf0e0b10ad0/datanode-3/data/ratis] (custom)
2019-09-28 01:24:58,465 [main] INFO  hdfs.DFSUtil (DFSUtil.java:httpServerTemplateForNNAndJN(1641)) - Starting Web-server for hddsDatanode at: http://0.0.0.0:0
2019-09-28 01:24:58,466 [main] INFO  server.AuthenticationFilter (AuthenticationFilter.java:constructSecretProvider(240)) - Unable to initialize FileSignerSecretProvider, falling back to use random secrets.
2019-09-28 01:24:58,466 [main] WARN  http.HttpRequestLog (HttpRequestLog.java:getRequestLog(97)) - Jetty request log can only be enabled using Log4j
2019-09-28 01:24:58,467 [main] INFO  http.HttpServer2 (HttpServer2.java:addGlobalFilter(975)) - Added global filter 'safety' (class=org.apache.hadoop.http.HttpServer2$QuotingInputFilter)
2019-09-28 01:24:58,468 [main] INFO  http.HttpServer2 (HttpServer2.java:addFilter(948)) - Added filter static_user_filter (class=org.apache.hadoop.http.lib.StaticUserWebFilter$StaticUserFilter) to context hddsDatanode
2019-09-28 01:24:58,468 [main] INFO  http.HttpServer2 (HttpServer2.java:addFilter(958)) - Added filter static_user_filter (class=org.apache.hadoop.http.lib.StaticUserWebFilter$StaticUserFilter) to context logs
2019-09-28 01:24:58,468 [main] INFO  http.HttpServer2 (HttpServer2.java:addFilter(958)) - Added filter static_user_filter (class=org.apache.hadoop.http.lib.StaticUserWebFilter$StaticUserFilter) to context static
2019-09-28 01:24:58,469 [main] INFO  http.HttpServer2 (HttpServer2.java:bindListener(1191)) - Jetty bound to port 37164
2019-09-28 01:24:58,469 [main] INFO  server.Server (Server.java:doStart(351)) - jetty-9.3.25.v20180904, build timestamp: 2018-09-04T21:11:46Z, git hash: 3ce520221d0240229c862b122d2b06c12a625732
2019-09-28 01:24:58,475 [main] INFO  handler.ContextHandler (ContextHandler.java:doStart(781)) - Started o.e.j.s.ServletContextHandler@4c1bdcc2{/logs,file:///workdir/hadoop-ozone/integration-test/target/log,AVAILABLE}
2019-09-28 01:24:58,475 [main] INFO  handler.ContextHandler (ContextHandler.java:doStart(781)) - Started o.e.j.s.ServletContextHandler@4b97c4ad{/static,jar:file:/home/user/.m2/repository/org/apache/hadoop/hadoop-hdds-container-service/0.5.0-SNAPSHOT/hadoop-hdds-container-service-0.5.0-SNAPSHOT.jar!/webapps/static,AVAILABLE}
2019-09-28 01:24:58,504 [main] INFO  handler.ContextHandler (ContextHandler.java:doStart(781)) - Started o.e.j.w.WebAppContext@7fb29ca9{/,file:///tmp/jetty-0.0.0.0-37164-hddsDatanode-_-any-4326874947241807808.dir/webapp/,AVAILABLE}{/hddsDatanode}
2019-09-28 01:24:58,504 [main] INFO  server.AbstractConnector (AbstractConnector.java:doStart(278)) - Started ServerConnector@1e253c9d{HTTP/1.1,[http/1.1]}{0.0.0.0:37164}
2019-09-28 01:24:58,505 [main] INFO  server.Server (Server.java:doStart(419)) - Started @6086ms
2019-09-28 01:24:58,506 [main] WARN  impl.MetricsSystemImpl (MetricsSystemImpl.java:register(276)) - Sink prometheus already exists!
2019-09-28 01:24:58,507 [main] INFO  server.BaseHttpServer (BaseHttpServer.java:updateConnectorAddress(215)) - HTTP server of HDDSDATANODE is listening at http://0.0.0.0:37164
2019-09-28 01:24:58,507 [main] INFO  impl.MetricsSystemImpl (MetricsSystemImpl.java:init(158)) - HddsDatanode metrics system started (again)
2019-09-28 01:24:58,511 [main] INFO  ozone.HddsDatanodeService (HddsDatanodeService.java:start(184)) - HddsDatanodeService host:pr-hdds-2162-8g7kw-3348123894 ip:192.168.151.82
2019-09-28 01:24:58,511 [org.apache.hadoop.util.JvmPauseMonitor$Monitor@5b384f2b] INFO  util.JvmPauseMonitor (JvmPauseMonitor.java:run(188)) - Starting JVM pause monitor
2019-09-28 01:24:58,514 [Datanode State Machine Thread - 0] INFO  datanode.InitDatanodeState (InitDatanodeState.java:persistContainerDatanodeDetails(140)) - DatanodeDetails is persisted to /workdir/hadoop-ozone/integration-test/target/test-dir/MiniOzoneClusterImpl-ac0b8f5e-74a5-447c-bcf0-adf0e0b10ad0/datanode-3/meta/datanode.id
2019-09-28 01:24:58,521 [main] INFO  volume.HddsVolume (HddsVolume.java:<init>(176)) - Creating Volume: /workdir/hadoop-ozone/integration-test/target/test-dir/MiniOzoneClusterImpl-ac0b8f5e-74a5-447c-bcf0-adf0e0b10ad0/datanode-4/data/containers/hdds of  storage type : DISK and capacity : 1482555576320
2019-09-28 01:24:58,522 [main] INFO  volume.VolumeSet (VolumeSet.java:initializeVolumeSet(170)) - Added Volume : /workdir/hadoop-ozone/integration-test/target/test-dir/MiniOzoneClusterImpl-ac0b8f5e-74a5-447c-bcf0-adf0e0b10ad0/datanode-4/data/containers/hdds to VolumeSet
2019-09-28 01:24:58,522 [main] INFO  volume.ThrottledAsyncChecker (ThrottledAsyncChecker.java:schedule(139)) - Scheduling a check for org.apache.hadoop.ozone.container.common.volume.HddsVolume@3f0d6038
2019-09-28 01:24:58,523 [main] INFO  volume.HddsVolumeChecker (HddsVolumeChecker.java:checkAllVolumes(202)) - Scheduled health check for volume org.apache.hadoop.ozone.container.common.volume.HddsVolume@3f0d6038
2019-09-28 01:24:58,538 [main] INFO  impl.RaftServerProxy (ConfUtils.java:logGet(43)) - raft.rpc.type = GRPC (default)
2019-09-28 01:24:58,539 [main] INFO  grpc.GrpcFactory (GrpcFactory.java:checkPooledByteBufAllocatorUseCacheForAllThreads(45)) - PERFORMANCE WARNING: useCacheForAllThreads is true that may cause Netty to create a lot garbage objects and, as a result, trigger GC.
	It is recommended to disable useCacheForAllThreads by setting -Dorg.apache.ratis.thirdparty.io.netty.allocator.useCacheForAllThreads=false in command line.
2019-09-28 01:24:58,539 [main] INFO  grpc.GrpcConfigKeys$Server (ConfUtils.java:logGet(43)) - raft.grpc.server.port = 0 (default)
2019-09-28 01:24:58,539 [main] INFO  server.GrpcService (ConfUtils.java:logGet(43)) - raft.grpc.message.size.max = 33570816 (custom)
2019-09-28 01:24:58,540 [main] INFO  server.RaftServerConfigKeys (ConfUtils.java:logGet(43)) - raft.server.log.appender.buffer.byte-limit = 33554432 (custom)
2019-09-28 01:24:58,540 [main] INFO  server.GrpcService (ConfUtils.java:logGet(43)) - raft.grpc.flow.control.window = 1MB (=1048576) (default)
2019-09-28 01:24:58,540 [main] INFO  server.RaftServerConfigKeys (ConfUtils.java:logGet(43)) - raft.server.rpc.request.timeout = 3000ms (default)
2019-09-28 01:24:58,541 [main] INFO  server.RaftServerConfigKeys (ConfUtils.java:logGet(43)) - raft.server.storage.dir = [/workdir/hadoop-ozone/integration-test/target/test-dir/MiniOzoneClusterImpl-ac0b8f5e-74a5-447c-bcf0-adf0e0b10ad0/datanode-4/data/ratis] (custom)
2019-09-28 01:24:58,543 [main] INFO  hdfs.DFSUtil (DFSUtil.java:httpServerTemplateForNNAndJN(1641)) - Starting Web-server for hddsDatanode at: http://0.0.0.0:0
2019-09-28 01:24:58,544 [main] INFO  server.AuthenticationFilter (AuthenticationFilter.java:constructSecretProvider(240)) - Unable to initialize FileSignerSecretProvider, falling back to use random secrets.
2019-09-28 01:24:58,545 [main] WARN  http.HttpRequestLog (HttpRequestLog.java:getRequestLog(97)) - Jetty request log can only be enabled using Log4j
2019-09-28 01:24:58,548 [main] INFO  http.HttpServer2 (HttpServer2.java:addGlobalFilter(975)) - Added global filter 'safety' (class=org.apache.hadoop.http.HttpServer2$QuotingInputFilter)
2019-09-28 01:24:58,549 [main] INFO  http.HttpServer2 (HttpServer2.java:addFilter(948)) - Added filter static_user_filter (class=org.apache.hadoop.http.lib.StaticUserWebFilter$StaticUserFilter) to context hddsDatanode
2019-09-28 01:24:58,549 [main] INFO  http.HttpServer2 (HttpServer2.java:addFilter(958)) - Added filter static_user_filter (class=org.apache.hadoop.http.lib.StaticUserWebFilter$StaticUserFilter) to context logs
2019-09-28 01:24:58,549 [main] INFO  http.HttpServer2 (HttpServer2.java:addFilter(958)) - Added filter static_user_filter (class=org.apache.hadoop.http.lib.StaticUserWebFilter$StaticUserFilter) to context static
2019-09-28 01:24:58,550 [main] INFO  http.HttpServer2 (HttpServer2.java:bindListener(1191)) - Jetty bound to port 33856
2019-09-28 01:24:58,551 [main] INFO  server.Server (Server.java:doStart(351)) - jetty-9.3.25.v20180904, build timestamp: 2018-09-04T21:11:46Z, git hash: 3ce520221d0240229c862b122d2b06c12a625732
2019-09-28 01:24:58,554 [main] INFO  handler.ContextHandler (ContextHandler.java:doStart(781)) - Started o.e.j.s.ServletContextHandler@68b9834c{/logs,file:///workdir/hadoop-ozone/integration-test/target/log,AVAILABLE}
2019-09-28 01:24:58,555 [main] INFO  handler.ContextHandler (ContextHandler.java:doStart(781)) - Started o.e.j.s.ServletContextHandler@671d1157{/static,jar:file:/home/user/.m2/repository/org/apache/hadoop/hadoop-hdds-container-service/0.5.0-SNAPSHOT/hadoop-hdds-container-service-0.5.0-SNAPSHOT.jar!/webapps/static,AVAILABLE}
2019-09-28 01:24:58,597 [main] INFO  handler.ContextHandler (ContextHandler.java:doStart(781)) - Started o.e.j.w.WebAppContext@76ad6715{/,file:///tmp/jetty-0.0.0.0-33856-hddsDatanode-_-any-5209108368266048962.dir/webapp/,AVAILABLE}{/hddsDatanode}
2019-09-28 01:24:58,599 [main] INFO  server.AbstractConnector (AbstractConnector.java:doStart(278)) - Started ServerConnector@56637cff{HTTP/1.1,[http/1.1]}{0.0.0.0:33856}
2019-09-28 01:24:58,605 [main] INFO  server.Server (Server.java:doStart(419)) - Started @6180ms
2019-09-28 01:24:58,605 [main] WARN  impl.MetricsSystemImpl (MetricsSystemImpl.java:register(276)) - Sink prometheus already exists!
2019-09-28 01:24:58,606 [main] INFO  server.BaseHttpServer (BaseHttpServer.java:updateConnectorAddress(215)) - HTTP server of HDDSDATANODE is listening at http://0.0.0.0:33856
2019-09-28 01:24:58,607 [main] INFO  impl.MetricsSystemImpl (MetricsSystemImpl.java:init(158)) - HddsDatanode metrics system started (again)
2019-09-28 01:24:58,610 [org.apache.hadoop.util.JvmPauseMonitor$Monitor@60f8a871] INFO  util.JvmPauseMonitor (JvmPauseMonitor.java:run(188)) - Starting JVM pause monitor
2019-09-28 01:24:58,611 [main] INFO  ozone.HddsDatanodeService (HddsDatanodeService.java:start(184)) - HddsDatanodeService host:pr-hdds-2162-8g7kw-3348123894 ip:192.168.151.82
2019-09-28 01:24:58,614 [Datanode State Machine Thread - 0] INFO  datanode.InitDatanodeState (InitDatanodeState.java:persistContainerDatanodeDetails(140)) - DatanodeDetails is persisted to /workdir/hadoop-ozone/integration-test/target/test-dir/MiniOzoneClusterImpl-ac0b8f5e-74a5-447c-bcf0-adf0e0b10ad0/datanode-4/meta/datanode.id
2019-09-28 01:24:58,619 [main] INFO  volume.HddsVolume (HddsVolume.java:<init>(176)) - Creating Volume: /workdir/hadoop-ozone/integration-test/target/test-dir/MiniOzoneClusterImpl-ac0b8f5e-74a5-447c-bcf0-adf0e0b10ad0/datanode-5/data/containers/hdds of  storage type : DISK and capacity : 1482555576320
2019-09-28 01:24:58,619 [main] INFO  volume.VolumeSet (VolumeSet.java:initializeVolumeSet(170)) - Added Volume : /workdir/hadoop-ozone/integration-test/target/test-dir/MiniOzoneClusterImpl-ac0b8f5e-74a5-447c-bcf0-adf0e0b10ad0/datanode-5/data/containers/hdds to VolumeSet
2019-09-28 01:24:58,620 [main] INFO  volume.ThrottledAsyncChecker (ThrottledAsyncChecker.java:schedule(139)) - Scheduling a check for org.apache.hadoop.ozone.container.common.volume.HddsVolume@41294371
2019-09-28 01:24:58,620 [main] INFO  volume.HddsVolumeChecker (HddsVolumeChecker.java:checkAllVolumes(202)) - Scheduled health check for volume org.apache.hadoop.ozone.container.common.volume.HddsVolume@41294371
2019-09-28 01:24:58,639 [main] INFO  impl.RaftServerProxy (ConfUtils.java:logGet(43)) - raft.rpc.type = GRPC (default)
2019-09-28 01:24:58,639 [main] INFO  grpc.GrpcFactory (GrpcFactory.java:checkPooledByteBufAllocatorUseCacheForAllThreads(45)) - PERFORMANCE WARNING: useCacheForAllThreads is true that may cause Netty to create a lot garbage objects and, as a result, trigger GC.
	It is recommended to disable useCacheForAllThreads by setting -Dorg.apache.ratis.thirdparty.io.netty.allocator.useCacheForAllThreads=false in command line.
2019-09-28 01:24:58,639 [main] INFO  grpc.GrpcConfigKeys$Server (ConfUtils.java:logGet(43)) - raft.grpc.server.port = 0 (default)
2019-09-28 01:24:58,640 [main] INFO  server.GrpcService (ConfUtils.java:logGet(43)) - raft.grpc.message.size.max = 33570816 (custom)
2019-09-28 01:24:58,640 [main] INFO  server.RaftServerConfigKeys (ConfUtils.java:logGet(43)) - raft.server.log.appender.buffer.byte-limit = 33554432 (custom)
2019-09-28 01:24:58,640 [main] INFO  server.GrpcService (ConfUtils.java:logGet(43)) - raft.grpc.flow.control.window = 1MB (=1048576) (default)
2019-09-28 01:24:58,640 [main] INFO  server.RaftServerConfigKeys (ConfUtils.java:logGet(43)) - raft.server.rpc.request.timeout = 3000ms (default)
2019-09-28 01:24:58,641 [main] INFO  server.RaftServerConfigKeys (ConfUtils.java:logGet(43)) - raft.server.storage.dir = [/workdir/hadoop-ozone/integration-test/target/test-dir/MiniOzoneClusterImpl-ac0b8f5e-74a5-447c-bcf0-adf0e0b10ad0/datanode-5/data/ratis] (custom)
2019-09-28 01:24:58,643 [main] INFO  hdfs.DFSUtil (DFSUtil.java:httpServerTemplateForNNAndJN(1641)) - Starting Web-server for hddsDatanode at: http://0.0.0.0:0
2019-09-28 01:24:58,644 [main] INFO  server.AuthenticationFilter (AuthenticationFilter.java:constructSecretProvider(240)) - Unable to initialize FileSignerSecretProvider, falling back to use random secrets.
2019-09-28 01:24:58,645 [main] WARN  http.HttpRequestLog (HttpRequestLog.java:getRequestLog(97)) - Jetty request log can only be enabled using Log4j
2019-09-28 01:24:58,646 [main] INFO  http.HttpServer2 (HttpServer2.java:addGlobalFilter(975)) - Added global filter 'safety' (class=org.apache.hadoop.http.HttpServer2$QuotingInputFilter)
2019-09-28 01:24:58,647 [main] INFO  http.HttpServer2 (HttpServer2.java:addFilter(948)) - Added filter static_user_filter (class=org.apache.hadoop.http.lib.StaticUserWebFilter$StaticUserFilter) to context hddsDatanode
2019-09-28 01:24:58,647 [main] INFO  http.HttpServer2 (HttpServer2.java:addFilter(958)) - Added filter static_user_filter (class=org.apache.hadoop.http.lib.StaticUserWebFilter$StaticUserFilter) to context logs
2019-09-28 01:24:58,648 [main] INFO  http.HttpServer2 (HttpServer2.java:addFilter(958)) - Added filter static_user_filter (class=org.apache.hadoop.http.lib.StaticUserWebFilter$StaticUserFilter) to context static
2019-09-28 01:24:58,648 [main] INFO  http.HttpServer2 (HttpServer2.java:bindListener(1191)) - Jetty bound to port 38330
2019-09-28 01:24:58,649 [main] INFO  server.Server (Server.java:doStart(351)) - jetty-9.3.25.v20180904, build timestamp: 2018-09-04T21:11:46Z, git hash: 3ce520221d0240229c862b122d2b06c12a625732
2019-09-28 01:24:58,651 [main] INFO  handler.ContextHandler (ContextHandler.java:doStart(781)) - Started o.e.j.s.ServletContextHandler@4f9a6c2d{/logs,file:///workdir/hadoop-ozone/integration-test/target/log,AVAILABLE}
2019-09-28 01:24:58,651 [main] INFO  handler.ContextHandler (ContextHandler.java:doStart(781)) - Started o.e.j.s.ServletContextHandler@75de6341{/static,jar:file:/home/user/.m2/repository/org/apache/hadoop/hadoop-hdds-container-service/0.5.0-SNAPSHOT/hadoop-hdds-container-service-0.5.0-SNAPSHOT.jar!/webapps/static,AVAILABLE}
2019-09-28 01:24:58,698 [main] INFO  handler.ContextHandler (ContextHandler.java:doStart(781)) - Started o.e.j.w.WebAppContext@3ba46e63{/,file:///tmp/jetty-0.0.0.0-38330-hddsDatanode-_-any-7413238410680980944.dir/webapp/,AVAILABLE}{/hddsDatanode}
2019-09-28 01:24:58,698 [main] INFO  server.AbstractConnector (AbstractConnector.java:doStart(278)) - Started ServerConnector@788ddc1f{HTTP/1.1,[http/1.1]}{0.0.0.0:38330}
2019-09-28 01:24:58,700 [main] INFO  server.Server (Server.java:doStart(419)) - Started @6281ms
2019-09-28 01:24:58,700 [main] WARN  impl.MetricsSystemImpl (MetricsSystemImpl.java:register(276)) - Sink prometheus already exists!
2019-09-28 01:24:58,701 [main] INFO  server.BaseHttpServer (BaseHttpServer.java:updateConnectorAddress(215)) - HTTP server of HDDSDATANODE is listening at http://0.0.0.0:38330
2019-09-28 01:24:58,702 [main] INFO  impl.MetricsSystemImpl (MetricsSystemImpl.java:init(158)) - HddsDatanode metrics system started (again)
2019-09-28 01:24:58,711 [org.apache.hadoop.util.JvmPauseMonitor$Monitor@5f9fb043] INFO  util.JvmPauseMonitor (JvmPauseMonitor.java:run(188)) - Starting JVM pause monitor
2019-09-28 01:24:58,714 [main] INFO  ozone.HddsDatanodeService (HddsDatanodeService.java:start(184)) - HddsDatanodeService host:pr-hdds-2162-8g7kw-3348123894 ip:192.168.151.82
2019-09-28 01:24:58,718 [Datanode State Machine Thread - 0] INFO  datanode.InitDatanodeState (InitDatanodeState.java:persistContainerDatanodeDetails(140)) - DatanodeDetails is persisted to /workdir/hadoop-ozone/integration-test/target/test-dir/MiniOzoneClusterImpl-ac0b8f5e-74a5-447c-bcf0-adf0e0b10ad0/datanode-5/meta/datanode.id
2019-09-28 01:24:58,726 [main] INFO  volume.HddsVolume (HddsVolume.java:<init>(176)) - Creating Volume: /workdir/hadoop-ozone/integration-test/target/test-dir/MiniOzoneClusterImpl-ac0b8f5e-74a5-447c-bcf0-adf0e0b10ad0/datanode-6/data/containers/hdds of  storage type : DISK and capacity : 1482555576320
2019-09-28 01:24:58,727 [main] INFO  volume.VolumeSet (VolumeSet.java:initializeVolumeSet(170)) - Added Volume : /workdir/hadoop-ozone/integration-test/target/test-dir/MiniOzoneClusterImpl-ac0b8f5e-74a5-447c-bcf0-adf0e0b10ad0/datanode-6/data/containers/hdds to VolumeSet
2019-09-28 01:24:58,727 [main] INFO  volume.ThrottledAsyncChecker (ThrottledAsyncChecker.java:schedule(139)) - Scheduling a check for org.apache.hadoop.ozone.container.common.volume.HddsVolume@6812fa3a
2019-09-28 01:24:58,728 [main] INFO  volume.HddsVolumeChecker (HddsVolumeChecker.java:checkAllVolumes(202)) - Scheduled health check for volume org.apache.hadoop.ozone.container.common.volume.HddsVolume@6812fa3a
2019-09-28 01:24:58,749 [main] INFO  impl.RaftServerProxy (ConfUtils.java:logGet(43)) - raft.rpc.type = GRPC (default)
2019-09-28 01:24:58,749 [main] INFO  grpc.GrpcFactory (GrpcFactory.java:checkPooledByteBufAllocatorUseCacheForAllThreads(45)) - PERFORMANCE WARNING: useCacheForAllThreads is true that may cause Netty to create a lot garbage objects and, as a result, trigger GC.
	It is recommended to disable useCacheForAllThreads by setting -Dorg.apache.ratis.thirdparty.io.netty.allocator.useCacheForAllThreads=false in command line.
2019-09-28 01:24:58,749 [main] INFO  grpc.GrpcConfigKeys$Server (ConfUtils.java:logGet(43)) - raft.grpc.server.port = 0 (default)
2019-09-28 01:24:58,750 [main] INFO  server.GrpcService (ConfUtils.java:logGet(43)) - raft.grpc.message.size.max = 33570816 (custom)
2019-09-28 01:24:58,750 [main] INFO  server.RaftServerConfigKeys (ConfUtils.java:logGet(43)) - raft.server.log.appender.buffer.byte-limit = 33554432 (custom)
2019-09-28 01:24:58,750 [main] INFO  server.GrpcService (ConfUtils.java:logGet(43)) - raft.grpc.flow.control.window = 1MB (=1048576) (default)
2019-09-28 01:24:58,750 [main] INFO  server.RaftServerConfigKeys (ConfUtils.java:logGet(43)) - raft.server.rpc.request.timeout = 3000ms (default)
2019-09-28 01:24:58,751 [main] INFO  server.RaftServerConfigKeys (ConfUtils.java:logGet(43)) - raft.server.storage.dir = [/workdir/hadoop-ozone/integration-test/target/test-dir/MiniOzoneClusterImpl-ac0b8f5e-74a5-447c-bcf0-adf0e0b10ad0/datanode-6/data/ratis] (custom)
2019-09-28 01:24:58,753 [main] INFO  hdfs.DFSUtil (DFSUtil.java:httpServerTemplateForNNAndJN(1641)) - Starting Web-server for hddsDatanode at: http://0.0.0.0:0
2019-09-28 01:24:58,755 [main] INFO  server.AuthenticationFilter (AuthenticationFilter.java:constructSecretProvider(240)) - Unable to initialize FileSignerSecretProvider, falling back to use random secrets.
2019-09-28 01:24:58,755 [main] WARN  http.HttpRequestLog (HttpRequestLog.java:getRequestLog(97)) - Jetty request log can only be enabled using Log4j
2019-09-28 01:24:58,757 [main] INFO  http.HttpServer2 (HttpServer2.java:addGlobalFilter(975)) - Added global filter 'safety' (class=org.apache.hadoop.http.HttpServer2$QuotingInputFilter)
2019-09-28 01:24:58,758 [main] INFO  http.HttpServer2 (HttpServer2.java:addFilter(948)) - Added filter static_user_filter (class=org.apache.hadoop.http.lib.StaticUserWebFilter$StaticUserFilter) to context hddsDatanode
2019-09-28 01:24:58,758 [main] INFO  http.HttpServer2 (HttpServer2.java:addFilter(958)) - Added filter static_user_filter (class=org.apache.hadoop.http.lib.StaticUserWebFilter$StaticUserFilter) to context logs
2019-09-28 01:24:58,758 [main] INFO  http.HttpServer2 (HttpServer2.java:addFilter(958)) - Added filter static_user_filter (class=org.apache.hadoop.http.lib.StaticUserWebFilter$StaticUserFilter) to context static
2019-09-28 01:24:58,759 [main] INFO  http.HttpServer2 (HttpServer2.java:bindListener(1191)) - Jetty bound to port 36291
2019-09-28 01:24:58,759 [main] INFO  server.Server (Server.java:doStart(351)) - jetty-9.3.25.v20180904, build timestamp: 2018-09-04T21:11:46Z, git hash: 3ce520221d0240229c862b122d2b06c12a625732
2019-09-28 01:24:58,761 [main] INFO  handler.ContextHandler (ContextHandler.java:doStart(781)) - Started o.e.j.s.ServletContextHandler@3f1ed068{/logs,file:///workdir/hadoop-ozone/integration-test/target/log,AVAILABLE}
2019-09-28 01:24:58,762 [main] INFO  handler.ContextHandler (ContextHandler.java:doStart(781)) - Started o.e.j.s.ServletContextHandler@2e645fbd{/static,jar:file:/home/user/.m2/repository/org/apache/hadoop/hadoop-hdds-container-service/0.5.0-SNAPSHOT/hadoop-hdds-container-service-0.5.0-SNAPSHOT.jar!/webapps/static,AVAILABLE}
2019-09-28 01:24:58,793 [main] INFO  handler.ContextHandler (ContextHandler.java:doStart(781)) - Started o.e.j.w.WebAppContext@5f69e2b{/,file:///tmp/jetty-0.0.0.0-36291-hddsDatanode-_-any-7465185779515627780.dir/webapp/,AVAILABLE}{/hddsDatanode}
2019-09-28 01:24:58,794 [main] INFO  server.AbstractConnector (AbstractConnector.java:doStart(278)) - Started ServerConnector@984169e{HTTP/1.1,[http/1.1]}{0.0.0.0:36291}
2019-09-28 01:24:58,795 [main] INFO  server.Server (Server.java:doStart(419)) - Started @6375ms
2019-09-28 01:24:58,795 [main] WARN  impl.MetricsSystemImpl (MetricsSystemImpl.java:register(276)) - Sink prometheus already exists!
2019-09-28 01:24:58,795 [main] INFO  server.BaseHttpServer (BaseHttpServer.java:updateConnectorAddress(215)) - HTTP server of HDDSDATANODE is listening at http://0.0.0.0:36291
2019-09-28 01:24:58,799 [main] INFO  ozone.MiniOzoneClusterImpl (MiniOzoneClusterImpl.java:lambda$waitForClusterToBeReady$0(147)) - Waiting for cluster to be ready. Got 0 of 7 DN Heartbeats.
2019-09-28 01:24:58,799 [org.apache.hadoop.util.JvmPauseMonitor$Monitor@4e6ad7c5] INFO  util.JvmPauseMonitor (JvmPauseMonitor.java:run(188)) - Starting JVM pause monitor
2019-09-28 01:24:58,803 [Datanode State Machine Thread - 0] INFO  datanode.InitDatanodeState (InitDatanodeState.java:persistContainerDatanodeDetails(140)) - DatanodeDetails is persisted to /workdir/hadoop-ozone/integration-test/target/test-dir/MiniOzoneClusterImpl-ac0b8f5e-74a5-447c-bcf0-adf0e0b10ad0/datanode-6/meta/datanode.id
2019-09-28 01:24:59,799 [main] INFO  ozone.MiniOzoneClusterImpl (MiniOzoneClusterImpl.java:lambda$waitForClusterToBeReady$0(147)) - Waiting for cluster to be ready. Got 0 of 7 DN Heartbeats.
2019-09-28 01:25:00,336 [Datanode State Machine Thread - 0] INFO  ozoneimpl.OzoneContainer (OzoneContainer.java:start(217)) - Attempting to start container services.
2019-09-28 01:25:00,340 [Datanode State Machine Thread - 0] INFO  ozoneimpl.OzoneContainer (OzoneContainer.java:startContainerScrub(179)) - Background container scanner has been disabled.
2019-09-28 01:25:00,340 [Datanode State Machine Thread - 0] INFO  ratis.XceiverServerRatis (XceiverServerRatis.java:start(411)) - Starting XceiverServerRatis d6a6e65c-a134-442b-b704-25eab67c9a5d at port 0
2019-09-28 01:25:00,369 [Datanode State Machine Thread - 0] INFO  impl.RaftServerProxy (RaftServerProxy.java:lambda$start$3(299)) - d6a6e65c-a134-442b-b704-25eab67c9a5d: start RPC server
2019-09-28 01:25:00,372 [Datanode State Machine Thread - 0] INFO  ozoneimpl.OzoneContainer (OzoneContainer.java:start(217)) - Attempting to start container services.
2019-09-28 01:25:00,379 [Datanode State Machine Thread - 0] INFO  ozoneimpl.OzoneContainer (OzoneContainer.java:startContainerScrub(179)) - Background container scanner has been disabled.
2019-09-28 01:25:00,379 [Datanode State Machine Thread - 0] INFO  ratis.XceiverServerRatis (XceiverServerRatis.java:start(411)) - Starting XceiverServerRatis 2fe43e1f-7e2f-40c0-92e9-c62e91f31e21 at port 0
2019-09-28 01:25:00,389 [Datanode State Machine Thread - 0] INFO  impl.RaftServerProxy (RaftServerProxy.java:lambda$start$3(299)) - 2fe43e1f-7e2f-40c0-92e9-c62e91f31e21: start RPC server
2019-09-28 01:25:00,452 [Datanode State Machine Thread - 0] INFO  ozoneimpl.OzoneContainer (OzoneContainer.java:start(217)) - Attempting to start container services.
2019-09-28 01:25:00,458 [Datanode State Machine Thread - 0] INFO  ozoneimpl.OzoneContainer (OzoneContainer.java:startContainerScrub(179)) - Background container scanner has been disabled.
2019-09-28 01:25:00,458 [Datanode State Machine Thread - 0] INFO  ratis.XceiverServerRatis (XceiverServerRatis.java:start(411)) - Starting XceiverServerRatis 254bd34b-da93-4b49-ba56-65596765e095 at port 0
2019-09-28 01:25:00,468 [Datanode State Machine Thread - 0] INFO  impl.RaftServerProxy (RaftServerProxy.java:lambda$start$3(299)) - 254bd34b-da93-4b49-ba56-65596765e095: start RPC server
2019-09-28 01:25:00,529 [Datanode State Machine Thread - 0] INFO  ozoneimpl.OzoneContainer (OzoneContainer.java:start(217)) - Attempting to start container services.
2019-09-28 01:25:00,530 [Datanode State Machine Thread - 0] INFO  ozoneimpl.OzoneContainer (OzoneContainer.java:startContainerScrub(179)) - Background container scanner has been disabled.
2019-09-28 01:25:00,530 [Datanode State Machine Thread - 0] INFO  ratis.XceiverServerRatis (XceiverServerRatis.java:start(411)) - Starting XceiverServerRatis 3ef39b63-8ca3-4bd0-895a-baafa112e0b9 at port 0
2019-09-28 01:25:00,536 [Datanode State Machine Thread - 0] INFO  server.GrpcService (GrpcService.java:startImpl(158)) - 254bd34b-da93-4b49-ba56-65596765e095: GrpcService started, listening on 0.0.0.0/0.0.0.0:42298
2019-09-28 01:25:00,536 [Datanode State Machine Thread - 0] INFO  server.GrpcService (GrpcService.java:startImpl(158)) - 2fe43e1f-7e2f-40c0-92e9-c62e91f31e21: GrpcService started, listening on 0.0.0.0/0.0.0.0:35015
2019-09-28 01:25:00,536 [Datanode State Machine Thread - 0] INFO  server.GrpcService (GrpcService.java:startImpl(158)) - d6a6e65c-a134-442b-b704-25eab67c9a5d: GrpcService started, listening on 0.0.0.0/0.0.0.0:37499
2019-09-28 01:25:00,538 [Datanode State Machine Thread - 0] INFO  ratis.XceiverServerRatis (XceiverServerRatis.java:start(421)) - XceiverServerRatis 2fe43e1f-7e2f-40c0-92e9-c62e91f31e21 is started using port 35015
2019-09-28 01:25:00,538 [Datanode State Machine Thread - 0] INFO  ratis.XceiverServerRatis (XceiverServerRatis.java:start(421)) - XceiverServerRatis 254bd34b-da93-4b49-ba56-65596765e095 is started using port 42298
2019-09-28 01:25:00,538 [Datanode State Machine Thread - 0] INFO  ratis.XceiverServerRatis (XceiverServerRatis.java:start(421)) - XceiverServerRatis d6a6e65c-a134-442b-b704-25eab67c9a5d is started using port 37499
2019-09-28 01:25:00,545 [Datanode State Machine Thread - 0] INFO  server.XceiverServerGrpc (XceiverServerGrpc.java:start(149)) - XceiverServerGrpc 254bd34b-da93-4b49-ba56-65596765e095 is started using port 45723
2019-09-28 01:25:00,545 [Datanode State Machine Thread - 0] INFO  server.XceiverServerGrpc (XceiverServerGrpc.java:start(149)) - XceiverServerGrpc d6a6e65c-a134-442b-b704-25eab67c9a5d is started using port 35478
2019-09-28 01:25:00,545 [Datanode State Machine Thread - 0] INFO  server.XceiverServerGrpc (XceiverServerGrpc.java:start(149)) - XceiverServerGrpc 2fe43e1f-7e2f-40c0-92e9-c62e91f31e21 is started using port 37809
2019-09-28 01:25:00,549 [Datanode State Machine Thread - 0] INFO  impl.RaftServerProxy (RaftServerProxy.java:lambda$start$3(299)) - 3ef39b63-8ca3-4bd0-895a-baafa112e0b9: start RPC server
2019-09-28 01:25:00,552 [Datanode State Machine Thread - 0] INFO  server.GrpcService (GrpcService.java:startImpl(158)) - 3ef39b63-8ca3-4bd0-895a-baafa112e0b9: GrpcService started, listening on 0.0.0.0/0.0.0.0:39163
2019-09-28 01:25:00,552 [Datanode State Machine Thread - 0] INFO  ratis.XceiverServerRatis (XceiverServerRatis.java:start(421)) - XceiverServerRatis 3ef39b63-8ca3-4bd0-895a-baafa112e0b9 is started using port 39163
2019-09-28 01:25:00,555 [Datanode State Machine Thread - 0] INFO  server.XceiverServerGrpc (XceiverServerGrpc.java:start(149)) - XceiverServerGrpc 3ef39b63-8ca3-4bd0-895a-baafa112e0b9 is started using port 33055
2019-09-28 01:25:00,627 [Datanode State Machine Thread - 0] INFO  ozoneimpl.OzoneContainer (OzoneContainer.java:start(217)) - Attempting to start container services.
2019-09-28 01:25:00,628 [Datanode State Machine Thread - 0] INFO  ozoneimpl.OzoneContainer (OzoneContainer.java:startContainerScrub(179)) - Background container scanner has been disabled.
2019-09-28 01:25:00,628 [Datanode State Machine Thread - 0] INFO  ratis.XceiverServerRatis (XceiverServerRatis.java:start(411)) - Starting XceiverServerRatis f80ebd0f-9459-4fcf-a92e-ad251c227da2 at port 0
2019-09-28 01:25:00,638 [Datanode State Machine Thread - 0] INFO  impl.RaftServerProxy (RaftServerProxy.java:lambda$start$3(299)) - f80ebd0f-9459-4fcf-a92e-ad251c227da2: start RPC server
2019-09-28 01:25:00,642 [Datanode State Machine Thread - 0] INFO  server.GrpcService (GrpcService.java:startImpl(158)) - f80ebd0f-9459-4fcf-a92e-ad251c227da2: GrpcService started, listening on 0.0.0.0/0.0.0.0:34687
2019-09-28 01:25:00,642 [Datanode State Machine Thread - 0] INFO  ratis.XceiverServerRatis (XceiverServerRatis.java:start(421)) - XceiverServerRatis f80ebd0f-9459-4fcf-a92e-ad251c227da2 is started using port 34687
2019-09-28 01:25:00,646 [Datanode State Machine Thread - 0] INFO  server.XceiverServerGrpc (XceiverServerGrpc.java:start(149)) - XceiverServerGrpc f80ebd0f-9459-4fcf-a92e-ad251c227da2 is started using port 42103
2019-09-28 01:25:00,729 [Datanode State Machine Thread - 0] INFO  ozoneimpl.OzoneContainer (OzoneContainer.java:start(217)) - Attempting to start container services.
2019-09-28 01:25:00,729 [Datanode State Machine Thread - 0] INFO  ozoneimpl.OzoneContainer (OzoneContainer.java:startContainerScrub(179)) - Background container scanner has been disabled.
2019-09-28 01:25:00,730 [Datanode State Machine Thread - 0] INFO  ratis.XceiverServerRatis (XceiverServerRatis.java:start(411)) - Starting XceiverServerRatis 6b6addbe-5148-4abe-a401-3ae10b16763b at port 0
2019-09-28 01:25:00,740 [Datanode State Machine Thread - 0] INFO  impl.RaftServerProxy (RaftServerProxy.java:lambda$start$3(299)) - 6b6addbe-5148-4abe-a401-3ae10b16763b: start RPC server
2019-09-28 01:25:00,745 [Datanode State Machine Thread - 0] INFO  server.GrpcService (GrpcService.java:startImpl(158)) - 6b6addbe-5148-4abe-a401-3ae10b16763b: GrpcService started, listening on 0.0.0.0/0.0.0.0:36627
2019-09-28 01:25:00,745 [Datanode State Machine Thread - 0] INFO  ratis.XceiverServerRatis (XceiverServerRatis.java:start(421)) - XceiverServerRatis 6b6addbe-5148-4abe-a401-3ae10b16763b is started using port 36627
2019-09-28 01:25:00,748 [Datanode State Machine Thread - 0] INFO  server.XceiverServerGrpc (XceiverServerGrpc.java:start(149)) - XceiverServerGrpc 6b6addbe-5148-4abe-a401-3ae10b16763b is started using port 40101
2019-09-28 01:25:00,800 [main] INFO  ozone.MiniOzoneClusterImpl (MiniOzoneClusterImpl.java:lambda$waitForClusterToBeReady$0(147)) - Waiting for cluster to be ready. Got 0 of 7 DN Heartbeats.
2019-09-28 01:25:00,818 [Datanode State Machine Thread - 0] INFO  ozoneimpl.OzoneContainer (OzoneContainer.java:start(217)) - Attempting to start container services.
2019-09-28 01:25:00,818 [Datanode State Machine Thread - 0] INFO  ozoneimpl.OzoneContainer (OzoneContainer.java:startContainerScrub(179)) - Background container scanner has been disabled.
2019-09-28 01:25:00,819 [Datanode State Machine Thread - 0] INFO  ratis.XceiverServerRatis (XceiverServerRatis.java:start(411)) - Starting XceiverServerRatis d8c2ed96-3ddc-486a-9aeb-952e04a79e03 at port 0
2019-09-28 01:25:00,828 [Datanode State Machine Thread - 0] INFO  impl.RaftServerProxy (RaftServerProxy.java:lambda$start$3(299)) - d8c2ed96-3ddc-486a-9aeb-952e04a79e03: start RPC server
2019-09-28 01:25:00,833 [Datanode State Machine Thread - 0] INFO  server.GrpcService (GrpcService.java:startImpl(158)) - d8c2ed96-3ddc-486a-9aeb-952e04a79e03: GrpcService started, listening on 0.0.0.0/0.0.0.0:42699
2019-09-28 01:25:00,833 [Datanode State Machine Thread - 0] INFO  ratis.XceiverServerRatis (XceiverServerRatis.java:start(421)) - XceiverServerRatis d8c2ed96-3ddc-486a-9aeb-952e04a79e03 is started using port 42699
2019-09-28 01:25:00,836 [Datanode State Machine Thread - 0] INFO  server.XceiverServerGrpc (XceiverServerGrpc.java:start(149)) - XceiverServerGrpc d8c2ed96-3ddc-486a-9aeb-952e04a79e03 is started using port 42663
2019-09-28 01:25:01,803 [main] INFO  ozone.MiniOzoneClusterImpl (MiniOzoneClusterImpl.java:lambda$waitForClusterToBeReady$0(147)) - Waiting for cluster to be ready. Got 0 of 7 DN Heartbeats.
2019-09-28 01:25:02,332 [IPC Server handler 11 on 43135] INFO  net.NetworkTopology (NetworkTopologyImpl.java:add(111)) - Added a new node: /default-rack/d6a6e65c-a134-442b-b704-25eab67c9a5d
2019-09-28 01:25:02,332 [IPC Server handler 11 on 43135] INFO  node.SCMNodeManager (SCMNodeManager.java:register(266)) - Registered Data node : d6a6e65c-a134-442b-b704-25eab67c9a5d{ip: 192.168.151.82, host: pr-hdds-2162-8g7kw-3348123894, networkLocation: /default-rack, certSerialId: null}
2019-09-28 01:25:02,339 [EventQueue-NodeRegistrationContainerReportForDataNodeSafeModeRule] INFO  safemode.SCMSafeModeManager (DataNodeSafeModeRule.java:process(71)) - SCM in safe mode. 1 DataNodes registered, 1 required.
2019-09-28 01:25:02,339 [EventQueue-NodeRegistrationContainerReportForDataNodeSafeModeRule] INFO  safemode.SCMSafeModeManager (SCMSafeModeManager.java:validateSafeModeExitRules(177)) - ScmSafeModeManager, all rules are successfully validated
2019-09-28 01:25:02,340 [EventQueue-NodeRegistrationContainerReportForDataNodeSafeModeRule] INFO  safemode.SCMSafeModeManager (SCMSafeModeManager.java:exitSafeMode(193)) - SCM exiting safe mode.
2019-09-28 01:25:02,358 [IPC Server handler 10 on 43135] INFO  net.NetworkTopology (NetworkTopologyImpl.java:add(111)) - Added a new node: /default-rack/2fe43e1f-7e2f-40c0-92e9-c62e91f31e21
2019-09-28 01:25:02,360 [IPC Server handler 10 on 43135] INFO  node.SCMNodeManager (SCMNodeManager.java:register(266)) - Registered Data node : 2fe43e1f-7e2f-40c0-92e9-c62e91f31e21{ip: 192.168.151.82, host: pr-hdds-2162-8g7kw-3348123894, networkLocation: /default-rack, certSerialId: null}
2019-09-28 01:25:02,441 [IPC Server handler 17 on 43135] INFO  net.NetworkTopology (NetworkTopologyImpl.java:add(111)) - Added a new node: /default-rack/254bd34b-da93-4b49-ba56-65596765e095
2019-09-28 01:25:02,442 [IPC Server handler 17 on 43135] INFO  node.SCMNodeManager (SCMNodeManager.java:register(266)) - Registered Data node : 254bd34b-da93-4b49-ba56-65596765e095{ip: 192.168.151.82, host: pr-hdds-2162-8g7kw-3348123894, networkLocation: /default-rack, certSerialId: null}
2019-09-28 01:25:02,514 [IPC Server handler 9 on 43135] INFO  net.NetworkTopology (NetworkTopologyImpl.java:add(111)) - Added a new node: /default-rack/3ef39b63-8ca3-4bd0-895a-baafa112e0b9
2019-09-28 01:25:02,515 [IPC Server handler 9 on 43135] INFO  node.SCMNodeManager (SCMNodeManager.java:register(266)) - Registered Data node : 3ef39b63-8ca3-4bd0-895a-baafa112e0b9{ip: 192.168.151.82, host: pr-hdds-2162-8g7kw-3348123894, networkLocation: /default-rack, certSerialId: null}
2019-09-28 01:25:02,617 [IPC Server handler 12 on 43135] INFO  net.NetworkTopology (NetworkTopologyImpl.java:add(111)) - Added a new node: /default-rack/f80ebd0f-9459-4fcf-a92e-ad251c227da2
2019-09-28 01:25:02,617 [IPC Server handler 12 on 43135] INFO  node.SCMNodeManager (SCMNodeManager.java:register(266)) - Registered Data node : f80ebd0f-9459-4fcf-a92e-ad251c227da2{ip: 192.168.151.82, host: pr-hdds-2162-8g7kw-3348123894, networkLocation: /default-rack, certSerialId: null}
2019-09-28 01:25:02,717 [IPC Server handler 13 on 43135] INFO  net.NetworkTopology (NetworkTopologyImpl.java:add(111)) - Added a new node: /default-rack/6b6addbe-5148-4abe-a401-3ae10b16763b
2019-09-28 01:25:02,717 [IPC Server handler 13 on 43135] INFO  node.SCMNodeManager (SCMNodeManager.java:register(266)) - Registered Data node : 6b6addbe-5148-4abe-a401-3ae10b16763b{ip: 192.168.151.82, host: pr-hdds-2162-8g7kw-3348123894, networkLocation: /default-rack, certSerialId: null}
2019-09-28 01:25:02,803 [IPC Server handler 11 on 43135] INFO  net.NetworkTopology (NetworkTopologyImpl.java:add(111)) - Added a new node: /default-rack/d8c2ed96-3ddc-486a-9aeb-952e04a79e03
2019-09-28 01:25:02,803 [IPC Server handler 11 on 43135] INFO  node.SCMNodeManager (SCMNodeManager.java:register(266)) - Registered Data node : d8c2ed96-3ddc-486a-9aeb-952e04a79e03{ip: 192.168.151.82, host: pr-hdds-2162-8g7kw-3348123894, networkLocation: /default-rack, certSerialId: null}
2019-09-28 01:25:02,804 [main] INFO  ozone.MiniOzoneClusterImpl (MiniOzoneClusterImpl.java:lambda$waitForClusterToBeReady$0(147)) - Cluster is ready. Got 7 of 7 DN Heartbeats.
2019-09-28 01:25:02,949 [grpc-default-executor-0] INFO  impl.RaftServerProxy (RaftServerProxy.java:addNew(89)) - d6a6e65c-a134-442b-b704-25eab67c9a5d: addNew group-B2EA8D82F214:[d6a6e65c-a134-442b-b704-25eab67c9a5d:192.168.151.82:37499] returns group-B2EA8D82F214:java.util.concurrent.CompletableFuture@49b77d46[Not completed]
2019-09-28 01:25:02,972 [pool-27-thread-1] INFO  impl.RaftServerImpl (RaftServerImpl.java:<init>(95)) - d6a6e65c-a134-442b-b704-25eab67c9a5d: new RaftServerImpl for group-B2EA8D82F214:[d6a6e65c-a134-442b-b704-25eab67c9a5d:192.168.151.82:37499] with ContainerStateMachine:uninitialized
2019-09-28 01:25:02,974 [pool-27-thread-1] INFO  server.RaftServerConfigKeys (ConfUtils.java:logGet(43)) - raft.server.rpc.timeout.min = 5s (custom)
2019-09-28 01:25:02,976 [pool-27-thread-1] INFO  server.RaftServerConfigKeys (ConfUtils.java:logGet(43)) - raft.server.rpc.timeout.max = 5200ms (custom)
2019-09-28 01:25:02,977 [pool-27-thread-1] INFO  server.RaftServerConfigKeys (ConfUtils.java:logGet(43)) - raft.server.rpcslowness.timeout = 120s (custom)
2019-09-28 01:25:02,977 [pool-27-thread-1] INFO  server.RaftServerConfigKeys (ConfUtils.java:logGet(43)) - raft.server.sleep.deviation.threshold = 300 (default)
2019-09-28 01:25:02,978 [pool-27-thread-1] INFO  server.RaftServerConfigKeys (ConfUtils.java:logGet(43)) - raft.server.log.appender.install.snapshot.enabled = false (custom)
2019-09-28 01:25:02,988 [pool-27-thread-1] INFO  impl.RaftServerImpl (ServerState.java:<init>(103)) - d6a6e65c-a134-442b-b704-25eab67c9a5d@group-B2EA8D82F214: ConfigurationManager, init=-1: [d6a6e65c-a134-442b-b704-25eab67c9a5d:192.168.151.82:37499], old=null, confs=<EMPTY_MAP>
2019-09-28 01:25:02,988 [pool-27-thread-1] INFO  server.RaftServerConfigKeys (ConfUtils.java:logGet(43)) - raft.server.storage.dir = [/workdir/hadoop-ozone/integration-test/target/test-dir/MiniOzoneClusterImpl-ac0b8f5e-74a5-447c-bcf0-adf0e0b10ad0/datanode-0/data/ratis] (custom)
2019-09-28 01:25:02,997 [pool-27-thread-1] INFO  storage.RaftStorageDirectory (RaftStorageDirectory.java:analyzeStorage(246)) - The storage directory /workdir/hadoop-ozone/integration-test/target/test-dir/MiniOzoneClusterImpl-ac0b8f5e-74a5-447c-bcf0-adf0e0b10ad0/datanode-0/data/ratis/044e72cb-9d5b-4879-8b3b-b2ea8d82f214 does not exist. Creating ...
2019-09-28 01:25:03,014 [pool-27-thread-1] INFO  storage.RaftStorageDirectory (RaftStorageDirectory.java:tryLock(328)) - Lock on /workdir/hadoop-ozone/integration-test/target/test-dir/MiniOzoneClusterImpl-ac0b8f5e-74a5-447c-bcf0-adf0e0b10ad0/datanode-0/data/ratis/044e72cb-9d5b-4879-8b3b-b2ea8d82f214/in_use.lock acquired by nodename 13498@pr-hdds-2162-8g7kw-3348123894
2019-09-28 01:25:03,028 [pool-27-thread-1] INFO  storage.RaftStorage (RaftStorage.java:format(72)) - Storage directory /workdir/hadoop-ozone/integration-test/target/test-dir/MiniOzoneClusterImpl-ac0b8f5e-74a5-447c-bcf0-adf0e0b10ad0/datanode-0/data/ratis/044e72cb-9d5b-4879-8b3b-b2ea8d82f214 has been successfully formatted.
2019-09-28 01:25:03,031 [pool-27-thread-1] INFO  ratis.ContainerStateMachine (ContainerStateMachine.java:loadSnapshot(230)) - group-B2EA8D82F214: The snapshot info is null. Setting the last applied indexto:(t:0, i:~)
2019-09-28 01:25:03,031 [pool-27-thread-1] INFO  server.RaftServerConfigKeys (ConfUtils.java:logGet(43)) - raft.server.notification.no-leader.timeout = 120s (custom)
2019-09-28 01:25:03,033 [pool-27-thread-1] INFO  server.RaftServerConfigKeys (ConfUtils.java:logGet(43)) - raft.server.log.use.memory = false (default)
2019-09-28 01:25:03,039 [pool-27-thread-1] INFO  server.RaftServerConfigKeys (ConfUtils.java:logGet(43)) - raft.server.log.purge.gap = 1000000 (custom)
2019-09-28 01:25:03,040 [pool-27-thread-1] INFO  server.RaftServerConfigKeys (ConfUtils.java:logGet(43)) - raft.server.log.appender.buffer.byte-limit = 33554432 (custom)
2019-09-28 01:25:03,042 [pool-27-thread-1] INFO  server.RaftServerConfigKeys (ConfUtils.java:logGet(43)) - raft.server.log.segment.size.max = 1048576 (custom)
2019-09-28 01:25:03,047 [pool-27-thread-1] INFO  server.RaftServerConfigKeys (ConfUtils.java:logGet(43)) - raft.server.log.segment.cache.num.max = 2 (custom)
2019-09-28 01:25:03,052 [pool-27-thread-1] INFO  segmented.SegmentedRaftLogWorker (SegmentedRaftLogWorker.java:<init>(172)) - new d6a6e65c-a134-442b-b704-25eab67c9a5d@group-B2EA8D82F214-SegmentedRaftLogWorker for RaftStorage:Storage Directory /workdir/hadoop-ozone/integration-test/target/test-dir/MiniOzoneClusterImpl-ac0b8f5e-74a5-447c-bcf0-adf0e0b10ad0/datanode-0/data/ratis/044e72cb-9d5b-4879-8b3b-b2ea8d82f214
2019-09-28 01:25:03,054 [pool-27-thread-1] INFO  impl.MetricsSystemImpl (MetricsSystemImpl.java:init(158)) - ratis metrics system started (again)
2019-09-28 01:25:03,060 [pool-27-thread-1] INFO  metrics.MetricRegistries (MetricRegistriesLoader.java:load(64)) - Loaded MetricRegistries class org.apache.ratis.metrics.impl.MetricRegistriesImpl
2019-09-28 01:25:03,089 [pool-27-thread-1] INFO  server.RaftServerConfigKeys (ConfUtils.java:logGet(43)) - raft.server.log.queue.byte-limit = 2147483647 (custom)
2019-09-28 01:25:03,090 [pool-27-thread-1] INFO  server.RaftServerConfigKeys (ConfUtils.java:logGet(43)) - raft.server.log.queue.element-limit = 1024 (custom)
2019-09-28 01:25:03,092 [pool-27-thread-1] INFO  server.RaftServerConfigKeys (ConfUtils.java:logGet(43)) - raft.server.log.segment.size.max = 1048576 (custom)
2019-09-28 01:25:03,093 [pool-27-thread-1] INFO  server.RaftServerConfigKeys (ConfUtils.java:logGet(43)) - raft.server.log.preallocated.size = 16384 (custom)
2019-09-28 01:25:03,093 [pool-27-thread-1] INFO  server.RaftServerConfigKeys (ConfUtils.java:logGet(43)) - raft.server.log.write.buffer.size = 33554432 (custom)
2019-09-28 01:25:03,094 [pool-27-thread-1] INFO  server.RaftServerConfigKeys (ConfUtils.java:logGet(43)) - raft.server.log.force.sync.num = 128 (default)
2019-09-28 01:25:03,095 [pool-27-thread-1] INFO  server.RaftServerConfigKeys (ConfUtils.java:logGet(43)) - raft.server.log.statemachine.data.sync = true (default)
2019-09-28 01:25:03,095 [pool-27-thread-1] INFO  server.RaftServerConfigKeys (ConfUtils.java:logGet(43)) - raft.server.log.statemachine.data.sync.timeout = 10s (default)
2019-09-28 01:25:03,095 [pool-27-thread-1] INFO  server.RaftServerConfigKeys (ConfUtils.java:logGet(43)) - raft.server.log.statemachine.data.sync.timeout.retry = -1 (default)
2019-09-28 01:25:03,104 [pool-27-thread-1] INFO  server.RaftServerConfigKeys (ConfUtils.java:logGet(43)) - raft.server.log.statemachine.data.caching.enabled = true (custom)
2019-09-28 01:25:03,108 [pool-27-thread-1] INFO  segmented.SegmentedRaftLogWorker (SegmentedRaftLogWorker.java:lambda$new$0(132)) - d6a6e65c-a134-442b-b704-25eab67c9a5d@group-B2EA8D82F214-SegmentedRaftLogWorker: flushIndex: setUnconditionally 0 -> -1
2019-09-28 01:25:03,112 [pool-27-thread-1] INFO  server.RaftServerConfigKeys (ConfUtils.java:logGet(43)) - raft.server.snapshot.auto.trigger.enabled = true (custom)
2019-09-28 01:25:03,113 [pool-27-thread-1] INFO  server.RaftServerConfigKeys (ConfUtils.java:logGet(43)) - raft.server.snapshot.auto.trigger.threshold = 10000 (custom)
2019-09-28 01:25:03,113 [pool-27-thread-1] INFO  server.RaftServerConfigKeys (ConfUtils.java:logGet(43)) - raft.server.snapshot.retention.num.files = 5 (custom)
2019-09-28 01:25:03,114 [pool-27-thread-1] INFO  server.RaftServerConfigKeys (ConfUtils.java:logGet(43)) - raft.server.retrycache.expirytime = 600000ms (custom)
2019-09-28 01:25:03,140 [pool-27-thread-1] INFO  impl.RaftServerImpl (RaftServerImpl.java:start(185)) - d6a6e65c-a134-442b-b704-25eab67c9a5d@group-B2EA8D82F214: start as a follower, conf=-1: [d6a6e65c-a134-442b-b704-25eab67c9a5d:192.168.151.82:37499], old=null
2019-09-28 01:25:03,141 [pool-27-thread-1] INFO  impl.RaftServerImpl (RaftServerImpl.java:setRole(174)) - d6a6e65c-a134-442b-b704-25eab67c9a5d@group-B2EA8D82F214: changes role from      null to FOLLOWER at term 0 for startAsFollower
2019-09-28 01:25:03,142 [pool-27-thread-1] INFO  impl.RoleInfo (RoleInfo.java:updateAndGet(143)) - d6a6e65c-a134-442b-b704-25eab67c9a5d: start FollowerState
2019-09-28 01:25:03,144 [pool-27-thread-1] INFO  util.JmxRegister (JmxRegister.java:tryRegister(44)) - Successfully registered JMX Bean with object name Ratis:service=RaftServer,group=group-B2EA8D82F214,id=d6a6e65c-a134-442b-b704-25eab67c9a5d
2019-09-28 01:25:03,214 [RatisPipelineUtilsThread] INFO  pipeline.PipelineStateManager (PipelineStateManager.java:addPipeline(56)) - Created pipeline Pipeline[ Id: 044e72cb-9d5b-4879-8b3b-b2ea8d82f214, Nodes: d6a6e65c-a134-442b-b704-25eab67c9a5d{ip: 192.168.151.82, host: pr-hdds-2162-8g7kw-3348123894, networkLocation: /default-rack, certSerialId: null}, Type:RATIS, Factor:ONE, State:OPEN]
2019-09-28 01:25:03,243 [grpc-default-executor-0] INFO  impl.RaftServerProxy (RaftServerProxy.java:addNew(89)) - 2fe43e1f-7e2f-40c0-92e9-c62e91f31e21: addNew group-318676057BE1:[2fe43e1f-7e2f-40c0-92e9-c62e91f31e21:192.168.151.82:35015] returns group-318676057BE1:java.util.concurrent.CompletableFuture@2a392efc[Not completed]
2019-09-28 01:25:03,305 [pool-37-thread-1] INFO  impl.RaftServerImpl (RaftServerImpl.java:<init>(95)) - 2fe43e1f-7e2f-40c0-92e9-c62e91f31e21: new RaftServerImpl for group-318676057BE1:[2fe43e1f-7e2f-40c0-92e9-c62e91f31e21:192.168.151.82:35015] with ContainerStateMachine:uninitialized
2019-09-28 01:25:03,307 [pool-37-thread-1] INFO  server.RaftServerConfigKeys (ConfUtils.java:logGet(43)) - raft.server.rpc.timeout.min = 5s (custom)
2019-09-28 01:25:03,307 [pool-37-thread-1] INFO  server.RaftServerConfigKeys (ConfUtils.java:logGet(43)) - raft.server.rpc.timeout.max = 5200ms (custom)
2019-09-28 01:25:03,308 [pool-37-thread-1] INFO  server.RaftServerConfigKeys (ConfUtils.java:logGet(43)) - raft.server.rpcslowness.timeout = 120s (custom)
2019-09-28 01:25:03,308 [pool-37-thread-1] INFO  server.RaftServerConfigKeys (ConfUtils.java:logGet(43)) - raft.server.sleep.deviation.threshold = 300 (default)
2019-09-28 01:25:03,308 [pool-37-thread-1] INFO  server.RaftServerConfigKeys (ConfUtils.java:logGet(43)) - raft.server.log.appender.install.snapshot.enabled = false (custom)
2019-09-28 01:25:03,308 [pool-37-thread-1] INFO  impl.RaftServerImpl (ServerState.java:<init>(103)) - 2fe43e1f-7e2f-40c0-92e9-c62e91f31e21@group-318676057BE1: ConfigurationManager, init=-1: [2fe43e1f-7e2f-40c0-92e9-c62e91f31e21:192.168.151.82:35015], old=null, confs=<EMPTY_MAP>
2019-09-28 01:25:03,309 [pool-37-thread-1] INFO  server.RaftServerConfigKeys (ConfUtils.java:logGet(43)) - raft.server.storage.dir = [/workdir/hadoop-ozone/integration-test/target/test-dir/MiniOzoneClusterImpl-ac0b8f5e-74a5-447c-bcf0-adf0e0b10ad0/datanode-1/data/ratis] (custom)
2019-09-28 01:25:03,310 [pool-37-thread-1] INFO  storage.RaftStorageDirectory (RaftStorageDirectory.java:analyzeStorage(246)) - The storage directory /workdir/hadoop-ozone/integration-test/target/test-dir/MiniOzoneClusterImpl-ac0b8f5e-74a5-447c-bcf0-adf0e0b10ad0/datanode-1/data/ratis/8c4b8525-ea43-4b89-84d2-318676057be1 does not exist. Creating ...
2019-09-28 01:25:03,325 [pool-37-thread-1] INFO  storage.RaftStorageDirectory (RaftStorageDirectory.java:tryLock(328)) - Lock on /workdir/hadoop-ozone/integration-test/target/test-dir/MiniOzoneClusterImpl-ac0b8f5e-74a5-447c-bcf0-adf0e0b10ad0/datanode-1/data/ratis/8c4b8525-ea43-4b89-84d2-318676057be1/in_use.lock acquired by nodename 13498@pr-hdds-2162-8g7kw-3348123894
2019-09-28 01:25:03,338 [pool-37-thread-1] INFO  storage.RaftStorage (RaftStorage.java:format(72)) - Storage directory /workdir/hadoop-ozone/integration-test/target/test-dir/MiniOzoneClusterImpl-ac0b8f5e-74a5-447c-bcf0-adf0e0b10ad0/datanode-1/data/ratis/8c4b8525-ea43-4b89-84d2-318676057be1 has been successfully formatted.
2019-09-28 01:25:03,340 [pool-37-thread-1] INFO  ratis.ContainerStateMachine (ContainerStateMachine.java:loadSnapshot(230)) - group-318676057BE1: The snapshot info is null. Setting the last applied indexto:(t:0, i:~)
2019-09-28 01:25:03,341 [pool-37-thread-1] INFO  server.RaftServerConfigKeys (ConfUtils.java:logGet(43)) - raft.server.notification.no-leader.timeout = 120s (custom)
2019-09-28 01:25:03,341 [pool-37-thread-1] INFO  server.RaftServerConfigKeys (ConfUtils.java:logGet(43)) - raft.server.log.use.memory = false (default)
2019-09-28 01:25:03,341 [pool-37-thread-1] INFO  server.RaftServerConfigKeys (ConfUtils.java:logGet(43)) - raft.server.log.purge.gap = 1000000 (custom)
2019-09-28 01:25:03,342 [pool-37-thread-1] INFO  server.RaftServerConfigKeys (ConfUtils.java:logGet(43)) - raft.server.log.appender.buffer.byte-limit = 33554432 (custom)
2019-09-28 01:25:03,342 [pool-37-thread-1] INFO  server.RaftServerConfigKeys (ConfUtils.java:logGet(43)) - raft.server.log.segment.size.max = 1048576 (custom)
2019-09-28 01:25:03,342 [pool-37-thread-1] INFO  server.RaftServerConfigKeys (ConfUtils.java:logGet(43)) - raft.server.log.segment.cache.num.max = 2 (custom)
2019-09-28 01:25:03,342 [pool-37-thread-1] INFO  segmented.SegmentedRaftLogWorker (SegmentedRaftLogWorker.java:<init>(172)) - new 2fe43e1f-7e2f-40c0-92e9-c62e91f31e21@group-318676057BE1-SegmentedRaftLogWorker for RaftStorage:Storage Directory /workdir/hadoop-ozone/integration-test/target/test-dir/MiniOzoneClusterImpl-ac0b8f5e-74a5-447c-bcf0-adf0e0b10ad0/datanode-1/data/ratis/8c4b8525-ea43-4b89-84d2-318676057be1
2019-09-28 01:25:03,353 [pool-37-thread-1] INFO  server.RaftServerConfigKeys (ConfUtils.java:logGet(43)) - raft.server.log.queue.byte-limit = 2147483647 (custom)
2019-09-28 01:25:03,353 [pool-37-thread-1] INFO  server.RaftServerConfigKeys (ConfUtils.java:logGet(43)) - raft.server.log.queue.element-limit = 1024 (custom)
2019-09-28 01:25:03,354 [pool-37-thread-1] INFO  server.RaftServerConfigKeys (ConfUtils.java:logGet(43)) - raft.server.log.segment.size.max = 1048576 (custom)
2019-09-28 01:25:03,354 [pool-37-thread-1] INFO  server.RaftServerConfigKeys (ConfUtils.java:logGet(43)) - raft.server.log.preallocated.size = 16384 (custom)
2019-09-28 01:25:03,354 [pool-37-thread-1] INFO  server.RaftServerConfigKeys (ConfUtils.java:logGet(43)) - raft.server.log.write.buffer.size = 33554432 (custom)
2019-09-28 01:25:03,354 [pool-37-thread-1] INFO  server.RaftServerConfigKeys (ConfUtils.java:logGet(43)) - raft.server.log.force.sync.num = 128 (default)
2019-09-28 01:25:03,354 [pool-37-thread-1] INFO  server.RaftServerConfigKeys (ConfUtils.java:logGet(43)) - raft.server.log.statemachine.data.sync = true (default)
2019-09-28 01:25:03,355 [pool-37-thread-1] INFO  server.RaftServerConfigKeys (ConfUtils.java:logGet(43)) - raft.server.log.statemachine.data.sync.timeout = 10s (default)
2019-09-28 01:25:03,355 [pool-37-thread-1] INFO  server.RaftServerConfigKeys (ConfUtils.java:logGet(43)) - raft.server.log.statemachine.data.sync.timeout.retry = -1 (default)
2019-09-28 01:25:03,355 [pool-37-thread-1] INFO  server.RaftServerConfigKeys (ConfUtils.java:logGet(43)) - raft.server.log.statemachine.data.caching.enabled = true (custom)
2019-09-28 01:25:03,356 [pool-37-thread-1] INFO  segmented.SegmentedRaftLogWorker (SegmentedRaftLogWorker.java:lambda$new$0(132)) - 2fe43e1f-7e2f-40c0-92e9-c62e91f31e21@group-318676057BE1-SegmentedRaftLogWorker: flushIndex: setUnconditionally 0 -> -1
2019-09-28 01:25:03,356 [pool-37-thread-1] INFO  server.RaftServerConfigKeys (ConfUtils.java:logGet(43)) - raft.server.snapshot.auto.trigger.enabled = true (custom)
2019-09-28 01:25:03,356 [pool-37-thread-1] INFO  server.RaftServerConfigKeys (ConfUtils.java:logGet(43)) - raft.server.snapshot.auto.trigger.threshold = 10000 (custom)
2019-09-28 01:25:03,357 [pool-37-thread-1] INFO  server.RaftServerConfigKeys (ConfUtils.java:logGet(43)) - raft.server.snapshot.retention.num.files = 5 (custom)
2019-09-28 01:25:03,357 [pool-37-thread-1] INFO  server.RaftServerConfigKeys (ConfUtils.java:logGet(43)) - raft.server.retrycache.expirytime = 600000ms (custom)
2019-09-28 01:25:03,363 [pool-37-thread-1] INFO  impl.RaftServerImpl (RaftServerImpl.java:start(185)) - 2fe43e1f-7e2f-40c0-92e9-c62e91f31e21@group-318676057BE1: start as a follower, conf=-1: [2fe43e1f-7e2f-40c0-92e9-c62e91f31e21:192.168.151.82:35015], old=null
2019-09-28 01:25:03,363 [pool-37-thread-1] INFO  impl.RaftServerImpl (RaftServerImpl.java:setRole(174)) - 2fe43e1f-7e2f-40c0-92e9-c62e91f31e21@group-318676057BE1: changes role from      null to FOLLOWER at term 0 for startAsFollower
2019-09-28 01:25:03,363 [pool-37-thread-1] INFO  impl.RoleInfo (RoleInfo.java:updateAndGet(143)) - 2fe43e1f-7e2f-40c0-92e9-c62e91f31e21: start FollowerState
2019-09-28 01:25:03,365 [pool-37-thread-1] INFO  util.JmxRegister (JmxRegister.java:tryRegister(44)) - Successfully registered JMX Bean with object name Ratis:service=RaftServer,group=group-318676057BE1,id=2fe43e1f-7e2f-40c0-92e9-c62e91f31e21
2019-09-28 01:25:03,380 [RatisPipelineUtilsThread] INFO  pipeline.PipelineStateManager (PipelineStateManager.java:addPipeline(56)) - Created pipeline Pipeline[ Id: 8c4b8525-ea43-4b89-84d2-318676057be1, Nodes: 2fe43e1f-7e2f-40c0-92e9-c62e91f31e21{ip: 192.168.151.82, host: pr-hdds-2162-8g7kw-3348123894, networkLocation: /default-rack, certSerialId: null}, Type:RATIS, Factor:ONE, State:OPEN]
2019-09-28 01:25:03,407 [grpc-default-executor-0] INFO  impl.RaftServerProxy (RaftServerProxy.java:addNew(89)) - d8c2ed96-3ddc-486a-9aeb-952e04a79e03: addNew group-4FF00E6A7D43:[d8c2ed96-3ddc-486a-9aeb-952e04a79e03:192.168.151.82:42699] returns group-4FF00E6A7D43:java.util.concurrent.CompletableFuture@610c3e4b[Not completed]
2019-09-28 01:25:03,434 [pool-87-thread-1] INFO  impl.RaftServerImpl (RaftServerImpl.java:<init>(95)) - d8c2ed96-3ddc-486a-9aeb-952e04a79e03: new RaftServerImpl for group-4FF00E6A7D43:[d8c2ed96-3ddc-486a-9aeb-952e04a79e03:192.168.151.82:42699] with ContainerStateMachine:uninitialized
2019-09-28 01:25:03,434 [pool-87-thread-1] INFO  server.RaftServerConfigKeys (ConfUtils.java:logGet(43)) - raft.server.rpc.timeout.min = 5s (custom)
2019-09-28 01:25:03,434 [pool-87-thread-1] INFO  server.RaftServerConfigKeys (ConfUtils.java:logGet(43)) - raft.server.rpc.timeout.max = 5200ms (custom)
2019-09-28 01:25:03,434 [pool-87-thread-1] INFO  server.RaftServerConfigKeys (ConfUtils.java:logGet(43)) - raft.server.rpcslowness.timeout = 120s (custom)
2019-09-28 01:25:03,435 [pool-87-thread-1] INFO  server.RaftServerConfigKeys (ConfUtils.java:logGet(43)) - raft.server.sleep.deviation.threshold = 300 (default)
2019-09-28 01:25:03,435 [pool-87-thread-1] INFO  server.RaftServerConfigKeys (ConfUtils.java:logGet(43)) - raft.server.log.appender.install.snapshot.enabled = false (custom)
2019-09-28 01:25:03,435 [pool-87-thread-1] INFO  impl.RaftServerImpl (ServerState.java:<init>(103)) - d8c2ed96-3ddc-486a-9aeb-952e04a79e03@group-4FF00E6A7D43: ConfigurationManager, init=-1: [d8c2ed96-3ddc-486a-9aeb-952e04a79e03:192.168.151.82:42699], old=null, confs=<EMPTY_MAP>
2019-09-28 01:25:03,435 [pool-87-thread-1] INFO  server.RaftServerConfigKeys (ConfUtils.java:logGet(43)) - raft.server.storage.dir = [/workdir/hadoop-ozone/integration-test/target/test-dir/MiniOzoneClusterImpl-ac0b8f5e-74a5-447c-bcf0-adf0e0b10ad0/datanode-6/data/ratis] (custom)
2019-09-28 01:25:03,436 [pool-87-thread-1] INFO  storage.RaftStorageDirectory (RaftStorageDirectory.java:analyzeStorage(246)) - The storage directory /workdir/hadoop-ozone/integration-test/target/test-dir/MiniOzoneClusterImpl-ac0b8f5e-74a5-447c-bcf0-adf0e0b10ad0/datanode-6/data/ratis/08deab31-8b7a-4156-9cbc-4ff00e6a7d43 does not exist. Creating ...
2019-09-28 01:25:03,462 [pool-87-thread-1] INFO  storage.RaftStorageDirectory (RaftStorageDirectory.java:tryLock(328)) - Lock on /workdir/hadoop-ozone/integration-test/target/test-dir/MiniOzoneClusterImpl-ac0b8f5e-74a5-447c-bcf0-adf0e0b10ad0/datanode-6/data/ratis/08deab31-8b7a-4156-9cbc-4ff00e6a7d43/in_use.lock acquired by nodename 13498@pr-hdds-2162-8g7kw-3348123894
2019-09-28 01:25:03,475 [pool-87-thread-1] INFO  storage.RaftStorage (RaftStorage.java:format(72)) - Storage directory /workdir/hadoop-ozone/integration-test/target/test-dir/MiniOzoneClusterImpl-ac0b8f5e-74a5-447c-bcf0-adf0e0b10ad0/datanode-6/data/ratis/08deab31-8b7a-4156-9cbc-4ff00e6a7d43 has been successfully formatted.
2019-09-28 01:25:03,475 [pool-87-thread-1] INFO  ratis.ContainerStateMachine (ContainerStateMachine.java:loadSnapshot(230)) - group-4FF00E6A7D43: The snapshot info is null. Setting the last applied indexto:(t:0, i:~)
2019-09-28 01:25:03,476 [pool-87-thread-1] INFO  server.RaftServerConfigKeys (ConfUtils.java:logGet(43)) - raft.server.notification.no-leader.timeout = 120s (custom)
2019-09-28 01:25:03,476 [pool-87-thread-1] INFO  server.RaftServerConfigKeys (ConfUtils.java:logGet(43)) - raft.server.log.use.memory = false (default)
2019-09-28 01:25:03,476 [pool-87-thread-1] INFO  server.RaftServerConfigKeys (ConfUtils.java:logGet(43)) - raft.server.log.purge.gap = 1000000 (custom)
2019-09-28 01:25:03,476 [pool-87-thread-1] INFO  server.RaftServerConfigKeys (ConfUtils.java:logGet(43)) - raft.server.log.appender.buffer.byte-limit = 33554432 (custom)
2019-09-28 01:25:03,476 [pool-87-thread-1] INFO  server.RaftServerConfigKeys (ConfUtils.java:logGet(43)) - raft.server.log.segment.size.max = 1048576 (custom)
2019-09-28 01:25:03,477 [pool-87-thread-1] INFO  server.RaftServerConfigKeys (ConfUtils.java:logGet(43)) - raft.server.log.segment.cache.num.max = 2 (custom)
2019-09-28 01:25:03,477 [pool-87-thread-1] INFO  segmented.SegmentedRaftLogWorker (SegmentedRaftLogWorker.java:<init>(172)) - new d8c2ed96-3ddc-486a-9aeb-952e04a79e03@group-4FF00E6A7D43-SegmentedRaftLogWorker for RaftStorage:Storage Directory /workdir/hadoop-ozone/integration-test/target/test-dir/MiniOzoneClusterImpl-ac0b8f5e-74a5-447c-bcf0-adf0e0b10ad0/datanode-6/data/ratis/08deab31-8b7a-4156-9cbc-4ff00e6a7d43
2019-09-28 01:25:03,526 [pool-87-thread-1] INFO  server.RaftServerConfigKeys (ConfUtils.java:logGet(43)) - raft.server.log.queue.byte-limit = 2147483647 (custom)
2019-09-28 01:25:03,526 [pool-87-thread-1] INFO  server.RaftServerConfigKeys (ConfUtils.java:logGet(43)) - raft.server.log.queue.element-limit = 1024 (custom)
2019-09-28 01:25:03,527 [pool-87-thread-1] INFO  server.RaftServerConfigKeys (ConfUtils.java:logGet(43)) - raft.server.log.segment.size.max = 1048576 (custom)
2019-09-28 01:25:03,527 [pool-87-thread-1] INFO  server.RaftServerConfigKeys (ConfUtils.java:logGet(43)) - raft.server.log.preallocated.size = 16384 (custom)
2019-09-28 01:25:03,527 [pool-87-thread-1] INFO  server.RaftServerConfigKeys (ConfUtils.java:logGet(43)) - raft.server.log.write.buffer.size = 33554432 (custom)
2019-09-28 01:25:03,528 [pool-87-thread-1] INFO  server.RaftServerConfigKeys (ConfUtils.java:logGet(43)) - raft.server.log.force.sync.num = 128 (default)
2019-09-28 01:25:03,528 [pool-87-thread-1] INFO  server.RaftServerConfigKeys (ConfUtils.java:logGet(43)) - raft.server.log.statemachine.data.sync = true (default)
2019-09-28 01:25:03,528 [pool-87-thread-1] INFO  server.RaftServerConfigKeys (ConfUtils.java:logGet(43)) - raft.server.log.statemachine.data.sync.timeout = 10s (default)
2019-09-28 01:25:03,528 [pool-87-thread-1] INFO  server.RaftServerConfigKeys (ConfUtils.java:logGet(43)) - raft.server.log.statemachine.data.sync.timeout.retry = -1 (default)
2019-09-28 01:25:03,529 [pool-87-thread-1] INFO  server.RaftServerConfigKeys (ConfUtils.java:logGet(43)) - raft.server.log.statemachine.data.caching.enabled = true (custom)
2019-09-28 01:25:03,529 [pool-87-thread-1] INFO  segmented.SegmentedRaftLogWorker (SegmentedRaftLogWorker.java:lambda$new$0(132)) - d8c2ed96-3ddc-486a-9aeb-952e04a79e03@group-4FF00E6A7D43-SegmentedRaftLogWorker: flushIndex: setUnconditionally 0 -> -1
2019-09-28 01:25:03,530 [pool-87-thread-1] INFO  server.RaftServerConfigKeys (ConfUtils.java:logGet(43)) - raft.server.snapshot.auto.trigger.enabled = true (custom)
2019-09-28 01:25:03,530 [pool-87-thread-1] INFO  server.RaftServerConfigKeys (ConfUtils.java:logGet(43)) - raft.server.snapshot.auto.trigger.threshold = 10000 (custom)
2019-09-28 01:25:03,530 [pool-87-thread-1] INFO  server.RaftServerConfigKeys (ConfUtils.java:logGet(43)) - raft.server.snapshot.retention.num.files = 5 (custom)
2019-09-28 01:25:03,530 [pool-87-thread-1] INFO  server.RaftServerConfigKeys (ConfUtils.java:logGet(43)) - raft.server.retrycache.expirytime = 600000ms (custom)
2019-09-28 01:25:03,537 [pool-87-thread-1] INFO  impl.RaftServerImpl (RaftServerImpl.java:start(185)) - d8c2ed96-3ddc-486a-9aeb-952e04a79e03@group-4FF00E6A7D43: start as a follower, conf=-1: [d8c2ed96-3ddc-486a-9aeb-952e04a79e03:192.168.151.82:42699], old=null
2019-09-28 01:25:03,537 [pool-87-thread-1] INFO  impl.RaftServerImpl (RaftServerImpl.java:setRole(174)) - d8c2ed96-3ddc-486a-9aeb-952e04a79e03@group-4FF00E6A7D43: changes role from      null to FOLLOWER at term 0 for startAsFollower
2019-09-28 01:25:03,537 [pool-87-thread-1] INFO  impl.RoleInfo (RoleInfo.java:updateAndGet(143)) - d8c2ed96-3ddc-486a-9aeb-952e04a79e03: start FollowerState
2019-09-28 01:25:03,538 [pool-87-thread-1] INFO  util.JmxRegister (JmxRegister.java:tryRegister(44)) - Successfully registered JMX Bean with object name Ratis:service=RaftServer,group=group-4FF00E6A7D43,id=d8c2ed96-3ddc-486a-9aeb-952e04a79e03
2019-09-28 01:25:03,553 [RatisPipelineUtilsThread] INFO  pipeline.PipelineStateManager (PipelineStateManager.java:addPipeline(56)) - Created pipeline Pipeline[ Id: 08deab31-8b7a-4156-9cbc-4ff00e6a7d43, Nodes: d8c2ed96-3ddc-486a-9aeb-952e04a79e03{ip: 192.168.151.82, host: pr-hdds-2162-8g7kw-3348123894, networkLocation: /default-rack, certSerialId: null}, Type:RATIS, Factor:ONE, State:OPEN]
2019-09-28 01:25:03,579 [grpc-default-executor-0] INFO  impl.RaftServerProxy (RaftServerProxy.java:addNew(89)) - 254bd34b-da93-4b49-ba56-65596765e095: addNew group-837AC728C0E8:[254bd34b-da93-4b49-ba56-65596765e095:192.168.151.82:42298] returns group-837AC728C0E8:java.util.concurrent.CompletableFuture@44340c6e[Not completed]
2019-09-28 01:25:03,583 [pool-47-thread-1] INFO  impl.RaftServerImpl (RaftServerImpl.java:<init>(95)) - 254bd34b-da93-4b49-ba56-65596765e095: new RaftServerImpl for group-837AC728C0E8:[254bd34b-da93-4b49-ba56-65596765e095:192.168.151.82:42298] with ContainerStateMachine:uninitialized
2019-09-28 01:25:03,583 [pool-47-thread-1] INFO  server.RaftServerConfigKeys (ConfUtils.java:logGet(43)) - raft.server.rpc.timeout.min = 5s (custom)
2019-09-28 01:25:03,583 [pool-47-thread-1] INFO  server.RaftServerConfigKeys (ConfUtils.java:logGet(43)) - raft.server.rpc.timeout.max = 5200ms (custom)
2019-09-28 01:25:03,583 [pool-47-thread-1] INFO  server.RaftServerConfigKeys (ConfUtils.java:logGet(43)) - raft.server.rpcslowness.timeout = 120s (custom)
2019-09-28 01:25:03,584 [pool-47-thread-1] INFO  server.RaftServerConfigKeys (ConfUtils.java:logGet(43)) - raft.server.sleep.deviation.threshold = 300 (default)
2019-09-28 01:25:03,584 [pool-47-thread-1] INFO  server.RaftServerConfigKeys (ConfUtils.java:logGet(43)) - raft.server.log.appender.install.snapshot.enabled = false (custom)
2019-09-28 01:25:03,584 [pool-47-thread-1] INFO  impl.RaftServerImpl (ServerState.java:<init>(103)) - 254bd34b-da93-4b49-ba56-65596765e095@group-837AC728C0E8: ConfigurationManager, init=-1: [254bd34b-da93-4b49-ba56-65596765e095:192.168.151.82:42298], old=null, confs=<EMPTY_MAP>
2019-09-28 01:25:03,584 [pool-47-thread-1] INFO  server.RaftServerConfigKeys (ConfUtils.java:logGet(43)) - raft.server.storage.dir = [/workdir/hadoop-ozone/integration-test/target/test-dir/MiniOzoneClusterImpl-ac0b8f5e-74a5-447c-bcf0-adf0e0b10ad0/datanode-2/data/ratis] (custom)
2019-09-28 01:25:03,585 [pool-47-thread-1] INFO  storage.RaftStorageDirectory (RaftStorageDirectory.java:analyzeStorage(246)) - The storage directory /workdir/hadoop-ozone/integration-test/target/test-dir/MiniOzoneClusterImpl-ac0b8f5e-74a5-447c-bcf0-adf0e0b10ad0/datanode-2/data/ratis/abd43b8a-3802-4c0e-b685-837ac728c0e8 does not exist. Creating ...
2019-09-28 01:25:03,598 [pool-47-thread-1] INFO  storage.RaftStorageDirectory (RaftStorageDirectory.java:tryLock(328)) - Lock on /workdir/hadoop-ozone/integration-test/target/test-dir/MiniOzoneClusterImpl-ac0b8f5e-74a5-447c-bcf0-adf0e0b10ad0/datanode-2/data/ratis/abd43b8a-3802-4c0e-b685-837ac728c0e8/in_use.lock acquired by nodename 13498@pr-hdds-2162-8g7kw-3348123894
2019-09-28 01:25:03,619 [pool-47-thread-1] INFO  storage.RaftStorage (RaftStorage.java:format(72)) - Storage directory /workdir/hadoop-ozone/integration-test/target/test-dir/MiniOzoneClusterImpl-ac0b8f5e-74a5-447c-bcf0-adf0e0b10ad0/datanode-2/data/ratis/abd43b8a-3802-4c0e-b685-837ac728c0e8 has been successfully formatted.
2019-09-28 01:25:03,620 [pool-47-thread-1] INFO  ratis.ContainerStateMachine (ContainerStateMachine.java:loadSnapshot(230)) - group-837AC728C0E8: The snapshot info is null. Setting the last applied indexto:(t:0, i:~)
2019-09-28 01:25:03,620 [pool-47-thread-1] INFO  server.RaftServerConfigKeys (ConfUtils.java:logGet(43)) - raft.server.notification.no-leader.timeout = 120s (custom)
2019-09-28 01:25:03,620 [pool-47-thread-1] INFO  server.RaftServerConfigKeys (ConfUtils.java:logGet(43)) - raft.server.log.use.memory = false (default)
2019-09-28 01:25:03,620 [pool-47-thread-1] INFO  server.RaftServerConfigKeys (ConfUtils.java:logGet(43)) - raft.server.log.purge.gap = 1000000 (custom)
2019-09-28 01:25:03,621 [pool-47-thread-1] INFO  server.RaftServerConfigKeys (ConfUtils.java:logGet(43)) - raft.server.log.appender.buffer.byte-limit = 33554432 (custom)
2019-09-28 01:25:03,621 [pool-47-thread-1] INFO  server.RaftServerConfigKeys (ConfUtils.java:logGet(43)) - raft.server.log.segment.size.max = 1048576 (custom)
2019-09-28 01:25:03,621 [pool-47-thread-1] INFO  server.RaftServerConfigKeys (ConfUtils.java:logGet(43)) - raft.server.log.segment.cache.num.max = 2 (custom)
2019-09-28 01:25:03,621 [pool-47-thread-1] INFO  segmented.SegmentedRaftLogWorker (SegmentedRaftLogWorker.java:<init>(172)) - new 254bd34b-da93-4b49-ba56-65596765e095@group-837AC728C0E8-SegmentedRaftLogWorker for RaftStorage:Storage Directory /workdir/hadoop-ozone/integration-test/target/test-dir/MiniOzoneClusterImpl-ac0b8f5e-74a5-447c-bcf0-adf0e0b10ad0/datanode-2/data/ratis/abd43b8a-3802-4c0e-b685-837ac728c0e8
2019-09-28 01:25:03,627 [pool-47-thread-1] INFO  server.RaftServerConfigKeys (ConfUtils.java:logGet(43)) - raft.server.log.queue.byte-limit = 2147483647 (custom)
2019-09-28 01:25:03,627 [pool-47-thread-1] INFO  server.RaftServerConfigKeys (ConfUtils.java:logGet(43)) - raft.server.log.queue.element-limit = 1024 (custom)
2019-09-28 01:25:03,627 [pool-47-thread-1] INFO  server.RaftServerConfigKeys (ConfUtils.java:logGet(43)) - raft.server.log.segment.size.max = 1048576 (custom)
2019-09-28 01:25:03,628 [pool-47-thread-1] INFO  server.RaftServerConfigKeys (ConfUtils.java:logGet(43)) - raft.server.log.preallocated.size = 16384 (custom)
2019-09-28 01:25:03,628 [pool-47-thread-1] INFO  server.RaftServerConfigKeys (ConfUtils.java:logGet(43)) - raft.server.log.write.buffer.size = 33554432 (custom)
2019-09-28 01:25:03,628 [pool-47-thread-1] INFO  server.RaftServerConfigKeys (ConfUtils.java:logGet(43)) - raft.server.log.force.sync.num = 128 (default)
2019-09-28 01:25:03,628 [pool-47-thread-1] INFO  server.RaftServerConfigKeys (ConfUtils.java:logGet(43)) - raft.server.log.statemachine.data.sync = true (default)
2019-09-28 01:25:03,628 [pool-47-thread-1] INFO  server.RaftServerConfigKeys (ConfUtils.java:logGet(43)) - raft.server.log.statemachine.data.sync.timeout = 10s (default)
2019-09-28 01:25:03,629 [pool-47-thread-1] INFO  server.RaftServerConfigKeys (ConfUtils.java:logGet(43)) - raft.server.log.statemachine.data.sync.timeout.retry = -1 (default)
2019-09-28 01:25:03,629 [pool-47-thread-1] INFO  server.RaftServerConfigKeys (ConfUtils.java:logGet(43)) - raft.server.log.statemachine.data.caching.enabled = true (custom)
2019-09-28 01:25:03,630 [pool-47-thread-1] INFO  segmented.SegmentedRaftLogWorker (SegmentedRaftLogWorker.java:lambda$new$0(132)) - 254bd34b-da93-4b49-ba56-65596765e095@group-837AC728C0E8-SegmentedRaftLogWorker: flushIndex: setUnconditionally 0 -> -1
2019-09-28 01:25:03,631 [pool-47-thread-1] INFO  server.RaftServerConfigKeys (ConfUtils.java:logGet(43)) - raft.server.snapshot.auto.trigger.enabled = true (custom)
2019-09-28 01:25:03,631 [pool-47-thread-1] INFO  server.RaftServerConfigKeys (ConfUtils.java:logGet(43)) - raft.server.snapshot.auto.trigger.threshold = 10000 (custom)
2019-09-28 01:25:03,631 [pool-47-thread-1] INFO  server.RaftServerConfigKeys (ConfUtils.java:logGet(43)) - raft.server.snapshot.retention.num.files = 5 (custom)
2019-09-28 01:25:03,632 [pool-47-thread-1] INFO  server.RaftServerConfigKeys (ConfUtils.java:logGet(43)) - raft.server.retrycache.expirytime = 600000ms (custom)
2019-09-28 01:25:03,643 [pool-47-thread-1] INFO  impl.RaftServerImpl (RaftServerImpl.java:start(185)) - 254bd34b-da93-4b49-ba56-65596765e095@group-837AC728C0E8: start as a follower, conf=-1: [254bd34b-da93-4b49-ba56-65596765e095:192.168.151.82:42298], old=null
2019-09-28 01:25:03,643 [pool-47-thread-1] INFO  impl.RaftServerImpl (RaftServerImpl.java:setRole(174)) - 254bd34b-da93-4b49-ba56-65596765e095@group-837AC728C0E8: changes role from      null to FOLLOWER at term 0 for startAsFollower
2019-09-28 01:25:03,643 [pool-47-thread-1] INFO  impl.RoleInfo (RoleInfo.java:updateAndGet(143)) - 254bd34b-da93-4b49-ba56-65596765e095: start FollowerState
2019-09-28 01:25:03,644 [pool-47-thread-1] INFO  util.JmxRegister (JmxRegister.java:tryRegister(44)) - Successfully registered JMX Bean with object name Ratis:service=RaftServer,group=group-837AC728C0E8,id=254bd34b-da93-4b49-ba56-65596765e095
2019-09-28 01:25:03,659 [RatisPipelineUtilsThread] INFO  pipeline.PipelineStateManager (PipelineStateManager.java:addPipeline(56)) - Created pipeline Pipeline[ Id: abd43b8a-3802-4c0e-b685-837ac728c0e8, Nodes: 254bd34b-da93-4b49-ba56-65596765e095{ip: 192.168.151.82, host: pr-hdds-2162-8g7kw-3348123894, networkLocation: /default-rack, certSerialId: null}, Type:RATIS, Factor:ONE, State:OPEN]
2019-09-28 01:25:03,684 [grpc-default-executor-0] INFO  impl.RaftServerProxy (RaftServerProxy.java:addNew(89)) - f80ebd0f-9459-4fcf-a92e-ad251c227da2: addNew group-7FEEEAD5071E:[f80ebd0f-9459-4fcf-a92e-ad251c227da2:192.168.151.82:34687] returns group-7FEEEAD5071E:java.util.concurrent.CompletableFuture@4c8b6e68[Not completed]
2019-09-28 01:25:03,689 [pool-67-thread-1] INFO  impl.RaftServerImpl (RaftServerImpl.java:<init>(95)) - f80ebd0f-9459-4fcf-a92e-ad251c227da2: new RaftServerImpl for group-7FEEEAD5071E:[f80ebd0f-9459-4fcf-a92e-ad251c227da2:192.168.151.82:34687] with ContainerStateMachine:uninitialized
2019-09-28 01:25:03,689 [pool-67-thread-1] INFO  server.RaftServerConfigKeys (ConfUtils.java:logGet(43)) - raft.server.rpc.timeout.min = 5s (custom)
2019-09-28 01:25:03,689 [pool-67-thread-1] INFO  server.RaftServerConfigKeys (ConfUtils.java:logGet(43)) - raft.server.rpc.timeout.max = 5200ms (custom)
2019-09-28 01:25:03,690 [pool-67-thread-1] INFO  server.RaftServerConfigKeys (ConfUtils.java:logGet(43)) - raft.server.rpcslowness.timeout = 120s (custom)
2019-09-28 01:25:03,690 [pool-67-thread-1] INFO  server.RaftServerConfigKeys (ConfUtils.java:logGet(43)) - raft.server.sleep.deviation.threshold = 300 (default)
2019-09-28 01:25:03,690 [pool-67-thread-1] INFO  server.RaftServerConfigKeys (ConfUtils.java:logGet(43)) - raft.server.log.appender.install.snapshot.enabled = false (custom)
2019-09-28 01:25:03,690 [pool-67-thread-1] INFO  impl.RaftServerImpl (ServerState.java:<init>(103)) - f80ebd0f-9459-4fcf-a92e-ad251c227da2@group-7FEEEAD5071E: ConfigurationManager, init=-1: [f80ebd0f-9459-4fcf-a92e-ad251c227da2:192.168.151.82:34687], old=null, confs=<EMPTY_MAP>
2019-09-28 01:25:03,690 [pool-67-thread-1] INFO  server.RaftServerConfigKeys (ConfUtils.java:logGet(43)) - raft.server.storage.dir = [/workdir/hadoop-ozone/integration-test/target/test-dir/MiniOzoneClusterImpl-ac0b8f5e-74a5-447c-bcf0-adf0e0b10ad0/datanode-4/data/ratis] (custom)
2019-09-28 01:25:03,691 [pool-67-thread-1] INFO  storage.RaftStorageDirectory (RaftStorageDirectory.java:analyzeStorage(246)) - The storage directory /workdir/hadoop-ozone/integration-test/target/test-dir/MiniOzoneClusterImpl-ac0b8f5e-74a5-447c-bcf0-adf0e0b10ad0/datanode-4/data/ratis/e72f4531-1db8-47d5-815d-7feeead5071e does not exist. Creating ...
2019-09-28 01:25:03,704 [pool-67-thread-1] INFO  storage.RaftStorageDirectory (RaftStorageDirectory.java:tryLock(328)) - Lock on /workdir/hadoop-ozone/integration-test/target/test-dir/MiniOzoneClusterImpl-ac0b8f5e-74a5-447c-bcf0-adf0e0b10ad0/datanode-4/data/ratis/e72f4531-1db8-47d5-815d-7feeead5071e/in_use.lock acquired by nodename 13498@pr-hdds-2162-8g7kw-3348123894
2019-09-28 01:25:03,716 [pool-67-thread-1] INFO  storage.RaftStorage (RaftStorage.java:format(72)) - Storage directory /workdir/hadoop-ozone/integration-test/target/test-dir/MiniOzoneClusterImpl-ac0b8f5e-74a5-447c-bcf0-adf0e0b10ad0/datanode-4/data/ratis/e72f4531-1db8-47d5-815d-7feeead5071e has been successfully formatted.
2019-09-28 01:25:03,717 [pool-67-thread-1] INFO  ratis.ContainerStateMachine (ContainerStateMachine.java:loadSnapshot(230)) - group-7FEEEAD5071E: The snapshot info is null. Setting the last applied indexto:(t:0, i:~)
2019-09-28 01:25:03,717 [pool-67-thread-1] INFO  server.RaftServerConfigKeys (ConfUtils.java:logGet(43)) - raft.server.notification.no-leader.timeout = 120s (custom)
2019-09-28 01:25:03,717 [pool-67-thread-1] INFO  server.RaftServerConfigKeys (ConfUtils.java:logGet(43)) - raft.server.log.use.memory = false (default)
2019-09-28 01:25:03,717 [pool-67-thread-1] INFO  server.RaftServerConfigKeys (ConfUtils.java:logGet(43)) - raft.server.log.purge.gap = 1000000 (custom)
2019-09-28 01:25:03,717 [pool-67-thread-1] INFO  server.RaftServerConfigKeys (ConfUtils.java:logGet(43)) - raft.server.log.appender.buffer.byte-limit = 33554432 (custom)
2019-09-28 01:25:03,717 [pool-67-thread-1] INFO  server.RaftServerConfigKeys (ConfUtils.java:logGet(43)) - raft.server.log.segment.size.max = 1048576 (custom)
2019-09-28 01:25:03,718 [pool-67-thread-1] INFO  server.RaftServerConfigKeys (ConfUtils.java:logGet(43)) - raft.server.log.segment.cache.num.max = 2 (custom)
2019-09-28 01:25:03,718 [pool-67-thread-1] INFO  segmented.SegmentedRaftLogWorker (SegmentedRaftLogWorker.java:<init>(172)) - new f80ebd0f-9459-4fcf-a92e-ad251c227da2@group-7FEEEAD5071E-SegmentedRaftLogWorker for RaftStorage:Storage Directory /workdir/hadoop-ozone/integration-test/target/test-dir/MiniOzoneClusterImpl-ac0b8f5e-74a5-447c-bcf0-adf0e0b10ad0/datanode-4/data/ratis/e72f4531-1db8-47d5-815d-7feeead5071e
2019-09-28 01:25:03,721 [pool-67-thread-1] INFO  server.RaftServerConfigKeys (ConfUtils.java:logGet(43)) - raft.server.log.queue.byte-limit = 2147483647 (custom)
2019-09-28 01:25:03,721 [pool-67-thread-1] INFO  server.RaftServerConfigKeys (ConfUtils.java:logGet(43)) - raft.server.log.queue.element-limit = 1024 (custom)
2019-09-28 01:25:03,721 [pool-67-thread-1] INFO  server.RaftServerConfigKeys (ConfUtils.java:logGet(43)) - raft.server.log.segment.size.max = 1048576 (custom)
2019-09-28 01:25:03,721 [pool-67-thread-1] INFO  server.RaftServerConfigKeys (ConfUtils.java:logGet(43)) - raft.server.log.preallocated.size = 16384 (custom)
2019-09-28 01:25:03,722 [pool-67-thread-1] INFO  server.RaftServerConfigKeys (ConfUtils.java:logGet(43)) - raft.server.log.write.buffer.size = 33554432 (custom)
2019-09-28 01:25:03,722 [pool-67-thread-1] INFO  server.RaftServerConfigKeys (ConfUtils.java:logGet(43)) - raft.server.log.force.sync.num = 128 (default)
2019-09-28 01:25:03,722 [pool-67-thread-1] INFO  server.RaftServerConfigKeys (ConfUtils.java:logGet(43)) - raft.server.log.statemachine.data.sync = true (default)
2019-09-28 01:25:03,722 [pool-67-thread-1] INFO  server.RaftServerConfigKeys (ConfUtils.java:logGet(43)) - raft.server.log.statemachine.data.sync.timeout = 10s (default)
2019-09-28 01:25:03,722 [pool-67-thread-1] INFO  server.RaftServerConfigKeys (ConfUtils.java:logGet(43)) - raft.server.log.statemachine.data.sync.timeout.retry = -1 (default)
2019-09-28 01:25:03,722 [pool-67-thread-1] INFO  server.RaftServerConfigKeys (ConfUtils.java:logGet(43)) - raft.server.log.statemachine.data.caching.enabled = true (custom)
2019-09-28 01:25:03,723 [pool-67-thread-1] INFO  segmented.SegmentedRaftLogWorker (SegmentedRaftLogWorker.java:lambda$new$0(132)) - f80ebd0f-9459-4fcf-a92e-ad251c227da2@group-7FEEEAD5071E-SegmentedRaftLogWorker: flushIndex: setUnconditionally 0 -> -1
2019-09-28 01:25:03,723 [pool-67-thread-1] INFO  server.RaftServerConfigKeys (ConfUtils.java:logGet(43)) - raft.server.snapshot.auto.trigger.enabled = true (custom)
2019-09-28 01:25:03,723 [pool-67-thread-1] INFO  server.RaftServerConfigKeys (ConfUtils.java:logGet(43)) - raft.server.snapshot.auto.trigger.threshold = 10000 (custom)
2019-09-28 01:25:03,723 [pool-67-thread-1] INFO  server.RaftServerConfigKeys (ConfUtils.java:logGet(43)) - raft.server.snapshot.retention.num.files = 5 (custom)
2019-09-28 01:25:03,723 [pool-67-thread-1] INFO  server.RaftServerConfigKeys (ConfUtils.java:logGet(43)) - raft.server.retrycache.expirytime = 600000ms (custom)
2019-09-28 01:25:03,726 [pool-67-thread-1] INFO  impl.RaftServerImpl (RaftServerImpl.java:start(185)) - f80ebd0f-9459-4fcf-a92e-ad251c227da2@group-7FEEEAD5071E: start as a follower, conf=-1: [f80ebd0f-9459-4fcf-a92e-ad251c227da2:192.168.151.82:34687], old=null
2019-09-28 01:25:03,726 [pool-67-thread-1] INFO  impl.RaftServerImpl (RaftServerImpl.java:setRole(174)) - f80ebd0f-9459-4fcf-a92e-ad251c227da2@group-7FEEEAD5071E: changes role from      null to FOLLOWER at term 0 for startAsFollower
2019-09-28 01:25:03,727 [pool-67-thread-1] INFO  impl.RoleInfo (RoleInfo.java:updateAndGet(143)) - f80ebd0f-9459-4fcf-a92e-ad251c227da2: start FollowerState
2019-09-28 01:25:03,727 [pool-67-thread-1] INFO  util.JmxRegister (JmxRegister.java:tryRegister(44)) - Successfully registered JMX Bean with object name Ratis:service=RaftServer,group=group-7FEEEAD5071E,id=f80ebd0f-9459-4fcf-a92e-ad251c227da2
2019-09-28 01:25:03,745 [RatisPipelineUtilsThread] INFO  pipeline.PipelineStateManager (PipelineStateManager.java:addPipeline(56)) - Created pipeline Pipeline[ Id: e72f4531-1db8-47d5-815d-7feeead5071e, Nodes: f80ebd0f-9459-4fcf-a92e-ad251c227da2{ip: 192.168.151.82, host: pr-hdds-2162-8g7kw-3348123894, networkLocation: /default-rack, certSerialId: null}, Type:RATIS, Factor:ONE, State:OPEN]
2019-09-28 01:25:03,770 [grpc-default-executor-0] INFO  impl.RaftServerProxy (RaftServerProxy.java:addNew(89)) - 3ef39b63-8ca3-4bd0-895a-baafa112e0b9: addNew group-FB6EDD0779D0:[3ef39b63-8ca3-4bd0-895a-baafa112e0b9:192.168.151.82:39163] returns group-FB6EDD0779D0:java.util.concurrent.CompletableFuture@45a47e8e[Not completed]
2019-09-28 01:25:03,776 [pool-57-thread-1] INFO  impl.RaftServerImpl (RaftServerImpl.java:<init>(95)) - 3ef39b63-8ca3-4bd0-895a-baafa112e0b9: new RaftServerImpl for group-FB6EDD0779D0:[3ef39b63-8ca3-4bd0-895a-baafa112e0b9:192.168.151.82:39163] with ContainerStateMachine:uninitialized
2019-09-28 01:25:03,776 [pool-57-thread-1] INFO  server.RaftServerConfigKeys (ConfUtils.java:logGet(43)) - raft.server.rpc.timeout.min = 5s (custom)
2019-09-28 01:25:03,776 [pool-57-thread-1] INFO  server.RaftServerConfigKeys (ConfUtils.java:logGet(43)) - raft.server.rpc.timeout.max = 5200ms (custom)
2019-09-28 01:25:03,776 [pool-57-thread-1] INFO  server.RaftServerConfigKeys (ConfUtils.java:logGet(43)) - raft.server.rpcslowness.timeout = 120s (custom)
2019-09-28 01:25:03,777 [pool-57-thread-1] INFO  server.RaftServerConfigKeys (ConfUtils.java:logGet(43)) - raft.server.sleep.deviation.threshold = 300 (default)
2019-09-28 01:25:03,777 [pool-57-thread-1] INFO  server.RaftServerConfigKeys (ConfUtils.java:logGet(43)) - raft.server.log.appender.install.snapshot.enabled = false (custom)
2019-09-28 01:25:03,777 [pool-57-thread-1] INFO  impl.RaftServerImpl (ServerState.java:<init>(103)) - 3ef39b63-8ca3-4bd0-895a-baafa112e0b9@group-FB6EDD0779D0: ConfigurationManager, init=-1: [3ef39b63-8ca3-4bd0-895a-baafa112e0b9:192.168.151.82:39163], old=null, confs=<EMPTY_MAP>
2019-09-28 01:25:03,777 [pool-57-thread-1] INFO  server.RaftServerConfigKeys (ConfUtils.java:logGet(43)) - raft.server.storage.dir = [/workdir/hadoop-ozone/integration-test/target/test-dir/MiniOzoneClusterImpl-ac0b8f5e-74a5-447c-bcf0-adf0e0b10ad0/datanode-3/data/ratis] (custom)
2019-09-28 01:25:03,778 [pool-57-thread-1] INFO  storage.RaftStorageDirectory (RaftStorageDirectory.java:analyzeStorage(246)) - The storage directory /workdir/hadoop-ozone/integration-test/target/test-dir/MiniOzoneClusterImpl-ac0b8f5e-74a5-447c-bcf0-adf0e0b10ad0/datanode-3/data/ratis/ddcc0f96-6d15-4368-87d0-fb6edd0779d0 does not exist. Creating ...
2019-09-28 01:25:03,791 [pool-57-thread-1] INFO  storage.RaftStorageDirectory (RaftStorageDirectory.java:tryLock(328)) - Lock on /workdir/hadoop-ozone/integration-test/target/test-dir/MiniOzoneClusterImpl-ac0b8f5e-74a5-447c-bcf0-adf0e0b10ad0/datanode-3/data/ratis/ddcc0f96-6d15-4368-87d0-fb6edd0779d0/in_use.lock acquired by nodename 13498@pr-hdds-2162-8g7kw-3348123894
2019-09-28 01:25:03,804 [pool-57-thread-1] INFO  storage.RaftStorage (RaftStorage.java:format(72)) - Storage directory /workdir/hadoop-ozone/integration-test/target/test-dir/MiniOzoneClusterImpl-ac0b8f5e-74a5-447c-bcf0-adf0e0b10ad0/datanode-3/data/ratis/ddcc0f96-6d15-4368-87d0-fb6edd0779d0 has been successfully formatted.
2019-09-28 01:25:03,804 [pool-57-thread-1] INFO  ratis.ContainerStateMachine (ContainerStateMachine.java:loadSnapshot(230)) - group-FB6EDD0779D0: The snapshot info is null. Setting the last applied indexto:(t:0, i:~)
2019-09-28 01:25:03,805 [pool-57-thread-1] INFO  server.RaftServerConfigKeys (ConfUtils.java:logGet(43)) - raft.server.notification.no-leader.timeout = 120s (custom)
2019-09-28 01:25:03,805 [pool-57-thread-1] INFO  server.RaftServerConfigKeys (ConfUtils.java:logGet(43)) - raft.server.log.use.memory = false (default)
2019-09-28 01:25:03,805 [pool-57-thread-1] INFO  server.RaftServerConfigKeys (ConfUtils.java:logGet(43)) - raft.server.log.purge.gap = 1000000 (custom)
2019-09-28 01:25:03,805 [pool-57-thread-1] INFO  server.RaftServerConfigKeys (ConfUtils.java:logGet(43)) - raft.server.log.appender.buffer.byte-limit = 33554432 (custom)
2019-09-28 01:25:03,805 [pool-57-thread-1] INFO  server.RaftServerConfigKeys (ConfUtils.java:logGet(43)) - raft.server.log.segment.size.max = 1048576 (custom)
2019-09-28 01:25:03,806 [pool-57-thread-1] INFO  server.RaftServerConfigKeys (ConfUtils.java:logGet(43)) - raft.server.log.segment.cache.num.max = 2 (custom)
2019-09-28 01:25:03,806 [pool-57-thread-1] INFO  segmented.SegmentedRaftLogWorker (SegmentedRaftLogWorker.java:<init>(172)) - new 3ef39b63-8ca3-4bd0-895a-baafa112e0b9@group-FB6EDD0779D0-SegmentedRaftLogWorker for RaftStorage:Storage Directory /workdir/hadoop-ozone/integration-test/target/test-dir/MiniOzoneClusterImpl-ac0b8f5e-74a5-447c-bcf0-adf0e0b10ad0/datanode-3/data/ratis/ddcc0f96-6d15-4368-87d0-fb6edd0779d0
2019-09-28 01:25:03,810 [pool-57-thread-1] INFO  server.RaftServerConfigKeys (ConfUtils.java:logGet(43)) - raft.server.log.queue.byte-limit = 2147483647 (custom)
2019-09-28 01:25:03,810 [pool-57-thread-1] INFO  server.RaftServerConfigKeys (ConfUtils.java:logGet(43)) - raft.server.log.queue.element-limit = 1024 (custom)
2019-09-28 01:25:03,811 [pool-57-thread-1] INFO  server.RaftServerConfigKeys (ConfUtils.java:logGet(43)) - raft.server.log.segment.size.max = 1048576 (custom)
2019-09-28 01:25:03,811 [pool-57-thread-1] INFO  server.RaftServerConfigKeys (ConfUtils.java:logGet(43)) - raft.server.log.preallocated.size = 16384 (custom)
2019-09-28 01:25:03,811 [pool-57-thread-1] INFO  server.RaftServerConfigKeys (ConfUtils.java:logGet(43)) - raft.server.log.write.buffer.size = 33554432 (custom)
2019-09-28 01:25:03,811 [pool-57-thread-1] INFO  server.RaftServerConfigKeys (ConfUtils.java:logGet(43)) - raft.server.log.force.sync.num = 128 (default)
2019-09-28 01:25:03,811 [pool-57-thread-1] INFO  server.RaftServerConfigKeys (ConfUtils.java:logGet(43)) - raft.server.log.statemachine.data.sync = true (default)
2019-09-28 01:25:03,811 [pool-57-thread-1] INFO  server.RaftServerConfigKeys (ConfUtils.java:logGet(43)) - raft.server.log.statemachine.data.sync.timeout = 10s (default)
2019-09-28 01:25:03,812 [pool-57-thread-1] INFO  server.RaftServerConfigKeys (ConfUtils.java:logGet(43)) - raft.server.log.statemachine.data.sync.timeout.retry = -1 (default)
2019-09-28 01:25:03,812 [pool-57-thread-1] INFO  server.RaftServerConfigKeys (ConfUtils.java:logGet(43)) - raft.server.log.statemachine.data.caching.enabled = true (custom)
2019-09-28 01:25:03,813 [pool-57-thread-1] INFO  segmented.SegmentedRaftLogWorker (SegmentedRaftLogWorker.java:lambda$new$0(132)) - 3ef39b63-8ca3-4bd0-895a-baafa112e0b9@group-FB6EDD0779D0-SegmentedRaftLogWorker: flushIndex: setUnconditionally 0 -> -1
2019-09-28 01:25:03,813 [pool-57-thread-1] INFO  server.RaftServerConfigKeys (ConfUtils.java:logGet(43)) - raft.server.snapshot.auto.trigger.enabled = true (custom)
2019-09-28 01:25:03,813 [pool-57-thread-1] INFO  server.RaftServerConfigKeys (ConfUtils.java:logGet(43)) - raft.server.snapshot.auto.trigger.threshold = 10000 (custom)
2019-09-28 01:25:03,813 [pool-57-thread-1] INFO  server.RaftServerConfigKeys (ConfUtils.java:logGet(43)) - raft.server.snapshot.retention.num.files = 5 (custom)
2019-09-28 01:25:03,814 [pool-57-thread-1] INFO  server.RaftServerConfigKeys (ConfUtils.java:logGet(43)) - raft.server.retrycache.expirytime = 600000ms (custom)
2019-09-28 01:25:03,818 [pool-57-thread-1] INFO  impl.RaftServerImpl (RaftServerImpl.java:start(185)) - 3ef39b63-8ca3-4bd0-895a-baafa112e0b9@group-FB6EDD0779D0: start as a follower, conf=-1: [3ef39b63-8ca3-4bd0-895a-baafa112e0b9:192.168.151.82:39163], old=null
2019-09-28 01:25:03,818 [pool-57-thread-1] INFO  impl.RaftServerImpl (RaftServerImpl.java:setRole(174)) - 3ef39b63-8ca3-4bd0-895a-baafa112e0b9@group-FB6EDD0779D0: changes role from      null to FOLLOWER at term 0 for startAsFollower
2019-09-28 01:25:03,818 [pool-57-thread-1] INFO  impl.RoleInfo (RoleInfo.java:updateAndGet(143)) - 3ef39b63-8ca3-4bd0-895a-baafa112e0b9: start FollowerState
2019-09-28 01:25:03,819 [pool-57-thread-1] INFO  util.JmxRegister (JmxRegister.java:tryRegister(44)) - Successfully registered JMX Bean with object name Ratis:service=RaftServer,group=group-FB6EDD0779D0,id=3ef39b63-8ca3-4bd0-895a-baafa112e0b9
2019-09-28 01:25:03,831 [RatisPipelineUtilsThread] INFO  pipeline.PipelineStateManager (PipelineStateManager.java:addPipeline(56)) - Created pipeline Pipeline[ Id: ddcc0f96-6d15-4368-87d0-fb6edd0779d0, Nodes: 3ef39b63-8ca3-4bd0-895a-baafa112e0b9{ip: 192.168.151.82, host: pr-hdds-2162-8g7kw-3348123894, networkLocation: /default-rack, certSerialId: null}, Type:RATIS, Factor:ONE, State:OPEN]
2019-09-28 01:25:03,852 [grpc-default-executor-0] INFO  impl.RaftServerProxy (RaftServerProxy.java:addNew(89)) - 6b6addbe-5148-4abe-a401-3ae10b16763b: addNew group-C7720D9E3C31:[6b6addbe-5148-4abe-a401-3ae10b16763b:192.168.151.82:36627] returns group-C7720D9E3C31:java.util.concurrent.CompletableFuture@26e84761[Not completed]
2019-09-28 01:25:03,860 [pool-77-thread-1] INFO  impl.RaftServerImpl (RaftServerImpl.java:<init>(95)) - 6b6addbe-5148-4abe-a401-3ae10b16763b: new RaftServerImpl for group-C7720D9E3C31:[6b6addbe-5148-4abe-a401-3ae10b16763b:192.168.151.82:36627] with ContainerStateMachine:uninitialized
2019-09-28 01:25:03,860 [pool-77-thread-1] INFO  server.RaftServerConfigKeys (ConfUtils.java:logGet(43)) - raft.server.rpc.timeout.min = 5s (custom)
2019-09-28 01:25:03,860 [pool-77-thread-1] INFO  server.RaftServerConfigKeys (ConfUtils.java:logGet(43)) - raft.server.rpc.timeout.max = 5200ms (custom)
2019-09-28 01:25:03,860 [pool-77-thread-1] INFO  server.RaftServerConfigKeys (ConfUtils.java:logGet(43)) - raft.server.rpcslowness.timeout = 120s (custom)
2019-09-28 01:25:03,861 [pool-77-thread-1] INFO  server.RaftServerConfigKeys (ConfUtils.java:logGet(43)) - raft.server.sleep.deviation.threshold = 300 (default)
2019-09-28 01:25:03,861 [pool-77-thread-1] INFO  server.RaftServerConfigKeys (ConfUtils.java:logGet(43)) - raft.server.log.appender.install.snapshot.enabled = false (custom)
2019-09-28 01:25:03,861 [pool-77-thread-1] INFO  impl.RaftServerImpl (ServerState.java:<init>(103)) - 6b6addbe-5148-4abe-a401-3ae10b16763b@group-C7720D9E3C31: ConfigurationManager, init=-1: [6b6addbe-5148-4abe-a401-3ae10b16763b:192.168.151.82:36627], old=null, confs=<EMPTY_MAP>
2019-09-28 01:25:03,861 [pool-77-thread-1] INFO  server.RaftServerConfigKeys (ConfUtils.java:logGet(43)) - raft.server.storage.dir = [/workdir/hadoop-ozone/integration-test/target/test-dir/MiniOzoneClusterImpl-ac0b8f5e-74a5-447c-bcf0-adf0e0b10ad0/datanode-5/data/ratis] (custom)
2019-09-28 01:25:03,862 [pool-77-thread-1] INFO  storage.RaftStorageDirectory (RaftStorageDirectory.java:analyzeStorage(246)) - The storage directory /workdir/hadoop-ozone/integration-test/target/test-dir/MiniOzoneClusterImpl-ac0b8f5e-74a5-447c-bcf0-adf0e0b10ad0/datanode-5/data/ratis/19e8e257-31b5-46d8-b66e-c7720d9e3c31 does not exist. Creating ...
2019-09-28 01:25:03,874 [pool-77-thread-1] INFO  storage.RaftStorageDirectory (RaftStorageDirectory.java:tryLock(328)) - Lock on /workdir/hadoop-ozone/integration-test/target/test-dir/MiniOzoneClusterImpl-ac0b8f5e-74a5-447c-bcf0-adf0e0b10ad0/datanode-5/data/ratis/19e8e257-31b5-46d8-b66e-c7720d9e3c31/in_use.lock acquired by nodename 13498@pr-hdds-2162-8g7kw-3348123894
2019-09-28 01:25:03,892 [pool-77-thread-1] INFO  storage.RaftStorage (RaftStorage.java:format(72)) - Storage directory /workdir/hadoop-ozone/integration-test/target/test-dir/MiniOzoneClusterImpl-ac0b8f5e-74a5-447c-bcf0-adf0e0b10ad0/datanode-5/data/ratis/19e8e257-31b5-46d8-b66e-c7720d9e3c31 has been successfully formatted.
2019-09-28 01:25:03,892 [pool-77-thread-1] INFO  ratis.ContainerStateMachine (ContainerStateMachine.java:loadSnapshot(230)) - group-C7720D9E3C31: The snapshot info is null. Setting the last applied indexto:(t:0, i:~)
2019-09-28 01:25:03,892 [pool-77-thread-1] INFO  server.RaftServerConfigKeys (ConfUtils.java:logGet(43)) - raft.server.notification.no-leader.timeout = 120s (custom)
2019-09-28 01:25:03,892 [pool-77-thread-1] INFO  server.RaftServerConfigKeys (ConfUtils.java:logGet(43)) - raft.server.log.use.memory = false (default)
2019-09-28 01:25:03,893 [pool-77-thread-1] INFO  server.RaftServerConfigKeys (ConfUtils.java:logGet(43)) - raft.server.log.purge.gap = 1000000 (custom)
2019-09-28 01:25:03,893 [pool-77-thread-1] INFO  server.RaftServerConfigKeys (ConfUtils.java:logGet(43)) - raft.server.log.appender.buffer.byte-limit = 33554432 (custom)
2019-09-28 01:25:03,893 [pool-77-thread-1] INFO  server.RaftServerConfigKeys (ConfUtils.java:logGet(43)) - raft.server.log.segment.size.max = 1048576 (custom)
2019-09-28 01:25:03,893 [pool-77-thread-1] INFO  server.RaftServerConfigKeys (ConfUtils.java:logGet(43)) - raft.server.log.segment.cache.num.max = 2 (custom)
2019-09-28 01:25:03,893 [pool-77-thread-1] INFO  segmented.SegmentedRaftLogWorker (SegmentedRaftLogWorker.java:<init>(172)) - new 6b6addbe-5148-4abe-a401-3ae10b16763b@group-C7720D9E3C31-SegmentedRaftLogWorker for RaftStorage:Storage Directory /workdir/hadoop-ozone/integration-test/target/test-dir/MiniOzoneClusterImpl-ac0b8f5e-74a5-447c-bcf0-adf0e0b10ad0/datanode-5/data/ratis/19e8e257-31b5-46d8-b66e-c7720d9e3c31
2019-09-28 01:25:03,896 [pool-77-thread-1] INFO  server.RaftServerConfigKeys (ConfUtils.java:logGet(43)) - raft.server.log.queue.byte-limit = 2147483647 (custom)
2019-09-28 01:25:03,896 [pool-77-thread-1] INFO  server.RaftServerConfigKeys (ConfUtils.java:logGet(43)) - raft.server.log.queue.element-limit = 1024 (custom)
2019-09-28 01:25:03,896 [pool-77-thread-1] INFO  server.RaftServerConfigKeys (ConfUtils.java:logGet(43)) - raft.server.log.segment.size.max = 1048576 (custom)
2019-09-28 01:25:03,897 [pool-77-thread-1] INFO  server.RaftServerConfigKeys (ConfUtils.java:logGet(43)) - raft.server.log.preallocated.size = 16384 (custom)
2019-09-28 01:25:03,897 [pool-77-thread-1] INFO  server.RaftServerConfigKeys (ConfUtils.java:logGet(43)) - raft.server.log.write.buffer.size = 33554432 (custom)
2019-09-28 01:25:03,897 [pool-77-thread-1] INFO  server.RaftServerConfigKeys (ConfUtils.java:logGet(43)) - raft.server.log.force.sync.num = 128 (default)
2019-09-28 01:25:03,897 [pool-77-thread-1] INFO  server.RaftServerConfigKeys (ConfUtils.java:logGet(43)) - raft.server.log.statemachine.data.sync = true (default)
2019-09-28 01:25:03,897 [pool-77-thread-1] INFO  server.RaftServerConfigKeys (ConfUtils.java:logGet(43)) - raft.server.log.statemachine.data.sync.timeout = 10s (default)
2019-09-28 01:25:03,897 [pool-77-thread-1] INFO  server.RaftServerConfigKeys (ConfUtils.java:logGet(43)) - raft.server.log.statemachine.data.sync.timeout.retry = -1 (default)
2019-09-28 01:25:03,898 [pool-77-thread-1] INFO  server.RaftServerConfigKeys (ConfUtils.java:logGet(43)) - raft.server.log.statemachine.data.caching.enabled = true (custom)
2019-09-28 01:25:03,898 [pool-77-thread-1] INFO  segmented.SegmentedRaftLogWorker (SegmentedRaftLogWorker.java:lambda$new$0(132)) - 6b6addbe-5148-4abe-a401-3ae10b16763b@group-C7720D9E3C31-SegmentedRaftLogWorker: flushIndex: setUnconditionally 0 -> -1
2019-09-28 01:25:03,899 [pool-77-thread-1] INFO  server.RaftServerConfigKeys (ConfUtils.java:logGet(43)) - raft.server.snapshot.auto.trigger.enabled = true (custom)
2019-09-28 01:25:03,899 [pool-77-thread-1] INFO  server.RaftServerConfigKeys (ConfUtils.java:logGet(43)) - raft.server.snapshot.auto.trigger.threshold = 10000 (custom)
2019-09-28 01:25:03,899 [pool-77-thread-1] INFO  server.RaftServerConfigKeys (ConfUtils.java:logGet(43)) - raft.server.snapshot.retention.num.files = 5 (custom)
2019-09-28 01:25:03,899 [pool-77-thread-1] INFO  server.RaftServerConfigKeys (ConfUtils.java:logGet(43)) - raft.server.retrycache.expirytime = 600000ms (custom)
2019-09-28 01:25:03,902 [pool-77-thread-1] INFO  impl.RaftServerImpl (RaftServerImpl.java:start(185)) - 6b6addbe-5148-4abe-a401-3ae10b16763b@group-C7720D9E3C31: start as a follower, conf=-1: [6b6addbe-5148-4abe-a401-3ae10b16763b:192.168.151.82:36627], old=null
2019-09-28 01:25:03,902 [pool-77-thread-1] INFO  impl.RaftServerImpl (RaftServerImpl.java:setRole(174)) - 6b6addbe-5148-4abe-a401-3ae10b16763b@group-C7720D9E3C31: changes role from      null to FOLLOWER at term 0 for startAsFollower
2019-09-28 01:25:03,902 [pool-77-thread-1] INFO  impl.RoleInfo (RoleInfo.java:updateAndGet(143)) - 6b6addbe-5148-4abe-a401-3ae10b16763b: start FollowerState
2019-09-28 01:25:03,903 [pool-77-thread-1] INFO  util.JmxRegister (JmxRegister.java:tryRegister(44)) - Successfully registered JMX Bean with object name Ratis:service=RaftServer,group=group-C7720D9E3C31,id=6b6addbe-5148-4abe-a401-3ae10b16763b
2019-09-28 01:25:03,921 [RatisPipelineUtilsThread] INFO  pipeline.PipelineStateManager (PipelineStateManager.java:addPipeline(56)) - Created pipeline Pipeline[ Id: 19e8e257-31b5-46d8-b66e-c7720d9e3c31, Nodes: 6b6addbe-5148-4abe-a401-3ae10b16763b{ip: 192.168.151.82, host: pr-hdds-2162-8g7kw-3348123894, networkLocation: /default-rack, certSerialId: null}, Type:RATIS, Factor:ONE, State:OPEN]
2019-09-28 01:25:03,955 [grpc-default-executor-1] INFO  impl.RaftServerProxy (RaftServerProxy.java:addNew(89)) - 2fe43e1f-7e2f-40c0-92e9-c62e91f31e21: addNew group-4AB4EC776CE3:[2fe43e1f-7e2f-40c0-92e9-c62e91f31e21:192.168.151.82:35015, d8c2ed96-3ddc-486a-9aeb-952e04a79e03:192.168.151.82:42699, 254bd34b-da93-4b49-ba56-65596765e095:192.168.151.82:42298] returns group-4AB4EC776CE3:java.util.concurrent.CompletableFuture@19543226[Not completed]
2019-09-28 01:25:03,955 [grpc-default-executor-2] INFO  impl.RaftServerProxy (RaftServerProxy.java:addNew(89)) - d8c2ed96-3ddc-486a-9aeb-952e04a79e03: addNew group-4AB4EC776CE3:[2fe43e1f-7e2f-40c0-92e9-c62e91f31e21:192.168.151.82:35015, d8c2ed96-3ddc-486a-9aeb-952e04a79e03:192.168.151.82:42699, 254bd34b-da93-4b49-ba56-65596765e095:192.168.151.82:42298] returns group-4AB4EC776CE3:java.util.concurrent.CompletableFuture@32598cc6[Not completed]
2019-09-28 01:25:03,957 [grpc-default-executor-2] INFO  impl.RaftServerProxy (RaftServerProxy.java:addNew(89)) - 254bd34b-da93-4b49-ba56-65596765e095: addNew group-4AB4EC776CE3:[2fe43e1f-7e2f-40c0-92e9-c62e91f31e21:192.168.151.82:35015, d8c2ed96-3ddc-486a-9aeb-952e04a79e03:192.168.151.82:42699, 254bd34b-da93-4b49-ba56-65596765e095:192.168.151.82:42298] returns group-4AB4EC776CE3:java.util.concurrent.CompletableFuture@775b04e9[Not completed]
2019-09-28 01:25:03,958 [pool-37-thread-1] INFO  impl.RaftServerImpl (RaftServerImpl.java:<init>(95)) - 2fe43e1f-7e2f-40c0-92e9-c62e91f31e21: new RaftServerImpl for group-4AB4EC776CE3:[2fe43e1f-7e2f-40c0-92e9-c62e91f31e21:192.168.151.82:35015, d8c2ed96-3ddc-486a-9aeb-952e04a79e03:192.168.151.82:42699, 254bd34b-da93-4b49-ba56-65596765e095:192.168.151.82:42298] with ContainerStateMachine:uninitialized
2019-09-28 01:25:03,958 [pool-37-thread-1] INFO  server.RaftServerConfigKeys (ConfUtils.java:logGet(43)) - raft.server.rpc.timeout.min = 5s (custom)
2019-09-28 01:25:03,958 [pool-37-thread-1] INFO  server.RaftServerConfigKeys (ConfUtils.java:logGet(43)) - raft.server.rpc.timeout.max = 5200ms (custom)
2019-09-28 01:25:03,958 [pool-37-thread-1] INFO  server.RaftServerConfigKeys (ConfUtils.java:logGet(43)) - raft.server.rpcslowness.timeout = 120s (custom)
2019-09-28 01:25:03,958 [pool-37-thread-1] INFO  server.RaftServerConfigKeys (ConfUtils.java:logGet(43)) - raft.server.sleep.deviation.threshold = 300 (default)
2019-09-28 01:25:03,959 [pool-37-thread-1] INFO  server.RaftServerConfigKeys (ConfUtils.java:logGet(43)) - raft.server.log.appender.install.snapshot.enabled = false (custom)
2019-09-28 01:25:03,959 [pool-37-thread-1] INFO  impl.RaftServerImpl (ServerState.java:<init>(103)) - 2fe43e1f-7e2f-40c0-92e9-c62e91f31e21@group-4AB4EC776CE3: ConfigurationManager, init=-1: [2fe43e1f-7e2f-40c0-92e9-c62e91f31e21:192.168.151.82:35015, d8c2ed96-3ddc-486a-9aeb-952e04a79e03:192.168.151.82:42699, 254bd34b-da93-4b49-ba56-65596765e095:192.168.151.82:42298], old=null, confs=<EMPTY_MAP>
2019-09-28 01:25:03,959 [pool-37-thread-1] INFO  server.RaftServerConfigKeys (ConfUtils.java:logGet(43)) - raft.server.storage.dir = [/workdir/hadoop-ozone/integration-test/target/test-dir/MiniOzoneClusterImpl-ac0b8f5e-74a5-447c-bcf0-adf0e0b10ad0/datanode-1/data/ratis] (custom)
2019-09-28 01:25:03,959 [pool-87-thread-1] INFO  impl.RaftServerImpl (RaftServerImpl.java:<init>(95)) - d8c2ed96-3ddc-486a-9aeb-952e04a79e03: new RaftServerImpl for group-4AB4EC776CE3:[2fe43e1f-7e2f-40c0-92e9-c62e91f31e21:192.168.151.82:35015, d8c2ed96-3ddc-486a-9aeb-952e04a79e03:192.168.151.82:42699, 254bd34b-da93-4b49-ba56-65596765e095:192.168.151.82:42298] with ContainerStateMachine:uninitialized
2019-09-28 01:25:03,959 [pool-37-thread-1] INFO  storage.RaftStorageDirectory (RaftStorageDirectory.java:analyzeStorage(246)) - The storage directory /workdir/hadoop-ozone/integration-test/target/test-dir/MiniOzoneClusterImpl-ac0b8f5e-74a5-447c-bcf0-adf0e0b10ad0/datanode-1/data/ratis/314edef3-7d44-4052-aaed-4ab4ec776ce3 does not exist. Creating ...
2019-09-28 01:25:03,959 [pool-87-thread-1] INFO  server.RaftServerConfigKeys (ConfUtils.java:logGet(43)) - raft.server.rpc.timeout.min = 5s (custom)
2019-09-28 01:25:03,960 [pool-87-thread-1] INFO  server.RaftServerConfigKeys (ConfUtils.java:logGet(43)) - raft.server.rpc.timeout.max = 5200ms (custom)
2019-09-28 01:25:03,960 [pool-87-thread-1] INFO  server.RaftServerConfigKeys (ConfUtils.java:logGet(43)) - raft.server.rpcslowness.timeout = 120s (custom)
2019-09-28 01:25:03,960 [pool-87-thread-1] INFO  server.RaftServerConfigKeys (ConfUtils.java:logGet(43)) - raft.server.sleep.deviation.threshold = 300 (default)
2019-09-28 01:25:03,960 [pool-87-thread-1] INFO  server.RaftServerConfigKeys (ConfUtils.java:logGet(43)) - raft.server.log.appender.install.snapshot.enabled = false (custom)
2019-09-28 01:25:03,960 [pool-87-thread-1] INFO  impl.RaftServerImpl (ServerState.java:<init>(103)) - d8c2ed96-3ddc-486a-9aeb-952e04a79e03@group-4AB4EC776CE3: ConfigurationManager, init=-1: [2fe43e1f-7e2f-40c0-92e9-c62e91f31e21:192.168.151.82:35015, d8c2ed96-3ddc-486a-9aeb-952e04a79e03:192.168.151.82:42699, 254bd34b-da93-4b49-ba56-65596765e095:192.168.151.82:42298], old=null, confs=<EMPTY_MAP>
2019-09-28 01:25:03,961 [pool-87-thread-1] INFO  server.RaftServerConfigKeys (ConfUtils.java:logGet(43)) - raft.server.storage.dir = [/workdir/hadoop-ozone/integration-test/target/test-dir/MiniOzoneClusterImpl-ac0b8f5e-74a5-447c-bcf0-adf0e0b10ad0/datanode-6/data/ratis] (custom)
2019-09-28 01:25:03,961 [pool-47-thread-1] INFO  impl.RaftServerImpl (RaftServerImpl.java:<init>(95)) - 254bd34b-da93-4b49-ba56-65596765e095: new RaftServerImpl for group-4AB4EC776CE3:[2fe43e1f-7e2f-40c0-92e9-c62e91f31e21:192.168.151.82:35015, d8c2ed96-3ddc-486a-9aeb-952e04a79e03:192.168.151.82:42699, 254bd34b-da93-4b49-ba56-65596765e095:192.168.151.82:42298] with ContainerStateMachine:uninitialized
2019-09-28 01:25:03,961 [pool-47-thread-1] INFO  server.RaftServerConfigKeys (ConfUtils.java:logGet(43)) - raft.server.rpc.timeout.min = 5s (custom)
2019-09-28 01:25:03,961 [pool-87-thread-1] INFO  storage.RaftStorageDirectory (RaftStorageDirectory.java:analyzeStorage(246)) - The storage directory /workdir/hadoop-ozone/integration-test/target/test-dir/MiniOzoneClusterImpl-ac0b8f5e-74a5-447c-bcf0-adf0e0b10ad0/datanode-6/data/ratis/314edef3-7d44-4052-aaed-4ab4ec776ce3 does not exist. Creating ...
2019-09-28 01:25:03,961 [pool-47-thread-1] INFO  server.RaftServerConfigKeys (ConfUtils.java:logGet(43)) - raft.server.rpc.timeout.max = 5200ms (custom)
2019-09-28 01:25:03,961 [pool-47-thread-1] INFO  server.RaftServerConfigKeys (ConfUtils.java:logGet(43)) - raft.server.rpcslowness.timeout = 120s (custom)
2019-09-28 01:25:03,962 [pool-47-thread-1] INFO  server.RaftServerConfigKeys (ConfUtils.java:logGet(43)) - raft.server.sleep.deviation.threshold = 300 (default)
2019-09-28 01:25:03,962 [pool-47-thread-1] INFO  server.RaftServerConfigKeys (ConfUtils.java:logGet(43)) - raft.server.log.appender.install.snapshot.enabled = false (custom)
2019-09-28 01:25:03,962 [pool-47-thread-1] INFO  impl.RaftServerImpl (ServerState.java:<init>(103)) - 254bd34b-da93-4b49-ba56-65596765e095@group-4AB4EC776CE3: ConfigurationManager, init=-1: [2fe43e1f-7e2f-40c0-92e9-c62e91f31e21:192.168.151.82:35015, d8c2ed96-3ddc-486a-9aeb-952e04a79e03:192.168.151.82:42699, 254bd34b-da93-4b49-ba56-65596765e095:192.168.151.82:42298], old=null, confs=<EMPTY_MAP>
2019-09-28 01:25:03,962 [pool-47-thread-1] INFO  server.RaftServerConfigKeys (ConfUtils.java:logGet(43)) - raft.server.storage.dir = [/workdir/hadoop-ozone/integration-test/target/test-dir/MiniOzoneClusterImpl-ac0b8f5e-74a5-447c-bcf0-adf0e0b10ad0/datanode-2/data/ratis] (custom)
2019-09-28 01:25:03,963 [pool-47-thread-1] INFO  storage.RaftStorageDirectory (RaftStorageDirectory.java:analyzeStorage(246)) - The storage directory /workdir/hadoop-ozone/integration-test/target/test-dir/MiniOzoneClusterImpl-ac0b8f5e-74a5-447c-bcf0-adf0e0b10ad0/datanode-2/data/ratis/314edef3-7d44-4052-aaed-4ab4ec776ce3 does not exist. Creating ...
2019-09-28 01:25:03,973 [pool-47-thread-1] INFO  storage.RaftStorageDirectory (RaftStorageDirectory.java:tryLock(328)) - Lock on /workdir/hadoop-ozone/integration-test/target/test-dir/MiniOzoneClusterImpl-ac0b8f5e-74a5-447c-bcf0-adf0e0b10ad0/datanode-2/data/ratis/314edef3-7d44-4052-aaed-4ab4ec776ce3/in_use.lock acquired by nodename 13498@pr-hdds-2162-8g7kw-3348123894
2019-09-28 01:25:03,973 [pool-87-thread-1] INFO  storage.RaftStorageDirectory (RaftStorageDirectory.java:tryLock(328)) - Lock on /workdir/hadoop-ozone/integration-test/target/test-dir/MiniOzoneClusterImpl-ac0b8f5e-74a5-447c-bcf0-adf0e0b10ad0/datanode-6/data/ratis/314edef3-7d44-4052-aaed-4ab4ec776ce3/in_use.lock acquired by nodename 13498@pr-hdds-2162-8g7kw-3348123894
2019-09-28 01:25:03,973 [pool-37-thread-1] INFO  storage.RaftStorageDirectory (RaftStorageDirectory.java:tryLock(328)) - Lock on /workdir/hadoop-ozone/integration-test/target/test-dir/MiniOzoneClusterImpl-ac0b8f5e-74a5-447c-bcf0-adf0e0b10ad0/datanode-1/data/ratis/314edef3-7d44-4052-aaed-4ab4ec776ce3/in_use.lock acquired by nodename 13498@pr-hdds-2162-8g7kw-3348123894
2019-09-28 01:25:03,986 [pool-37-thread-1] INFO  storage.RaftStorage (RaftStorage.java:format(72)) - Storage directory /workdir/hadoop-ozone/integration-test/target/test-dir/MiniOzoneClusterImpl-ac0b8f5e-74a5-447c-bcf0-adf0e0b10ad0/datanode-1/data/ratis/314edef3-7d44-4052-aaed-4ab4ec776ce3 has been successfully formatted.
2019-09-28 01:25:03,986 [pool-87-thread-1] INFO  storage.RaftStorage (RaftStorage.java:format(72)) - Storage directory /workdir/hadoop-ozone/integration-test/target/test-dir/MiniOzoneClusterImpl-ac0b8f5e-74a5-447c-bcf0-adf0e0b10ad0/datanode-6/data/ratis/314edef3-7d44-4052-aaed-4ab4ec776ce3 has been successfully formatted.
2019-09-28 01:25:03,986 [pool-47-thread-1] INFO  storage.RaftStorage (RaftStorage.java:format(72)) - Storage directory /workdir/hadoop-ozone/integration-test/target/test-dir/MiniOzoneClusterImpl-ac0b8f5e-74a5-447c-bcf0-adf0e0b10ad0/datanode-2/data/ratis/314edef3-7d44-4052-aaed-4ab4ec776ce3 has been successfully formatted.
2019-09-28 01:25:03,987 [pool-37-thread-1] INFO  ratis.ContainerStateMachine (ContainerStateMachine.java:loadSnapshot(230)) - group-4AB4EC776CE3: The snapshot info is null. Setting the last applied indexto:(t:0, i:~)
2019-09-28 01:25:03,987 [pool-47-thread-1] INFO  ratis.ContainerStateMachine (ContainerStateMachine.java:loadSnapshot(230)) - group-4AB4EC776CE3: The snapshot info is null. Setting the last applied indexto:(t:0, i:~)
2019-09-28 01:25:03,987 [pool-37-thread-1] INFO  server.RaftServerConfigKeys (ConfUtils.java:logGet(43)) - raft.server.notification.no-leader.timeout = 120s (custom)
2019-09-28 01:25:03,987 [pool-87-thread-1] INFO  ratis.ContainerStateMachine (ContainerStateMachine.java:loadSnapshot(230)) - group-4AB4EC776CE3: The snapshot info is null. Setting the last applied indexto:(t:0, i:~)
2019-09-28 01:25:03,987 [pool-37-thread-1] INFO  server.RaftServerConfigKeys (ConfUtils.java:logGet(43)) - raft.server.log.use.memory = false (default)
2019-09-28 01:25:03,987 [pool-47-thread-1] INFO  server.RaftServerConfigKeys (ConfUtils.java:logGet(43)) - raft.server.notification.no-leader.timeout = 120s (custom)
2019-09-28 01:25:03,988 [pool-37-thread-1] INFO  server.RaftServerConfigKeys (ConfUtils.java:logGet(43)) - raft.server.log.purge.gap = 1000000 (custom)
2019-09-28 01:25:03,988 [pool-87-thread-1] INFO  server.RaftServerConfigKeys (ConfUtils.java:logGet(43)) - raft.server.notification.no-leader.timeout = 120s (custom)
2019-09-28 01:25:03,988 [pool-37-thread-1] INFO  server.RaftServerConfigKeys (ConfUtils.java:logGet(43)) - raft.server.log.appender.buffer.byte-limit = 33554432 (custom)
2019-09-28 01:25:03,988 [pool-47-thread-1] INFO  server.RaftServerConfigKeys (ConfUtils.java:logGet(43)) - raft.server.log.use.memory = false (default)
2019-09-28 01:25:03,989 [pool-37-thread-1] INFO  server.RaftServerConfigKeys (ConfUtils.java:logGet(43)) - raft.server.log.segment.size.max = 1048576 (custom)
2019-09-28 01:25:03,988 [pool-87-thread-1] INFO  server.RaftServerConfigKeys (ConfUtils.java:logGet(43)) - raft.server.log.use.memory = false (default)
2019-09-28 01:25:03,989 [pool-37-thread-1] INFO  server.RaftServerConfigKeys (ConfUtils.java:logGet(43)) - raft.server.log.segment.cache.num.max = 2 (custom)
2019-09-28 01:25:03,989 [pool-47-thread-1] INFO  server.RaftServerConfigKeys (ConfUtils.java:logGet(43)) - raft.server.log.purge.gap = 1000000 (custom)
2019-09-28 01:25:03,989 [pool-37-thread-1] INFO  segmented.SegmentedRaftLogWorker (SegmentedRaftLogWorker.java:<init>(172)) - new 2fe43e1f-7e2f-40c0-92e9-c62e91f31e21@group-4AB4EC776CE3-SegmentedRaftLogWorker for RaftStorage:Storage Directory /workdir/hadoop-ozone/integration-test/target/test-dir/MiniOzoneClusterImpl-ac0b8f5e-74a5-447c-bcf0-adf0e0b10ad0/datanode-1/data/ratis/314edef3-7d44-4052-aaed-4ab4ec776ce3
2019-09-28 01:25:03,989 [pool-87-thread-1] INFO  server.RaftServerConfigKeys (ConfUtils.java:logGet(43)) - raft.server.log.purge.gap = 1000000 (custom)
2019-09-28 01:25:03,990 [pool-37-thread-1] INFO  server.RaftServerConfigKeys (ConfUtils.java:logGet(43)) - raft.server.log.queue.byte-limit = 2147483647 (custom)
2019-09-28 01:25:03,990 [pool-37-thread-1] INFO  server.RaftServerConfigKeys (ConfUtils.java:logGet(43)) - raft.server.log.queue.element-limit = 1024 (custom)
2019-09-28 01:25:03,989 [pool-47-thread-1] INFO  server.RaftServerConfigKeys (ConfUtils.java:logGet(43)) - raft.server.log.appender.buffer.byte-limit = 33554432 (custom)
2019-09-28 01:25:03,990 [pool-37-thread-1] INFO  server.RaftServerConfigKeys (ConfUtils.java:logGet(43)) - raft.server.log.segment.size.max = 1048576 (custom)
2019-09-28 01:25:03,990 [pool-87-thread-1] INFO  server.RaftServerConfigKeys (ConfUtils.java:logGet(43)) - raft.server.log.appender.buffer.byte-limit = 33554432 (custom)
2019-09-28 01:25:03,990 [pool-37-thread-1] INFO  server.RaftServerConfigKeys (ConfUtils.java:logGet(43)) - raft.server.log.preallocated.size = 16384 (custom)
2019-09-28 01:25:03,990 [pool-47-thread-1] INFO  server.RaftServerConfigKeys (ConfUtils.java:logGet(43)) - raft.server.log.segment.size.max = 1048576 (custom)
2019-09-28 01:25:03,991 [pool-37-thread-1] INFO  server.RaftServerConfigKeys (ConfUtils.java:logGet(43)) - raft.server.log.write.buffer.size = 33554432 (custom)
2019-09-28 01:25:03,991 [pool-87-thread-1] INFO  server.RaftServerConfigKeys (ConfUtils.java:logGet(43)) - raft.server.log.segment.size.max = 1048576 (custom)
2019-09-28 01:25:03,991 [pool-37-thread-1] INFO  server.RaftServerConfigKeys (ConfUtils.java:logGet(43)) - raft.server.log.force.sync.num = 128 (default)
2019-09-28 01:25:03,992 [pool-37-thread-1] INFO  server.RaftServerConfigKeys (ConfUtils.java:logGet(43)) - raft.server.log.statemachine.data.sync = true (default)
2019-09-28 01:25:03,991 [pool-47-thread-1] INFO  server.RaftServerConfigKeys (ConfUtils.java:logGet(43)) - raft.server.log.segment.cache.num.max = 2 (custom)
2019-09-28 01:25:03,992 [pool-37-thread-1] INFO  server.RaftServerConfigKeys (ConfUtils.java:logGet(43)) - raft.server.log.statemachine.data.sync.timeout = 10s (default)
2019-09-28 01:25:03,991 [pool-87-thread-1] INFO  server.RaftServerConfigKeys (ConfUtils.java:logGet(43)) - raft.server.log.segment.cache.num.max = 2 (custom)
2019-09-28 01:25:03,992 [pool-37-thread-1] INFO  server.RaftServerConfigKeys (ConfUtils.java:logGet(43)) - raft.server.log.statemachine.data.sync.timeout.retry = -1 (default)
2019-09-28 01:25:03,992 [pool-47-thread-1] INFO  segmented.SegmentedRaftLogWorker (SegmentedRaftLogWorker.java:<init>(172)) - new 254bd34b-da93-4b49-ba56-65596765e095@group-4AB4EC776CE3-SegmentedRaftLogWorker for RaftStorage:Storage Directory /workdir/hadoop-ozone/integration-test/target/test-dir/MiniOzoneClusterImpl-ac0b8f5e-74a5-447c-bcf0-adf0e0b10ad0/datanode-2/data/ratis/314edef3-7d44-4052-aaed-4ab4ec776ce3
2019-09-28 01:25:03,993 [pool-37-thread-1] INFO  server.RaftServerConfigKeys (ConfUtils.java:logGet(43)) - raft.server.log.statemachine.data.caching.enabled = true (custom)
2019-09-28 01:25:03,992 [pool-87-thread-1] INFO  segmented.SegmentedRaftLogWorker (SegmentedRaftLogWorker.java:<init>(172)) - new d8c2ed96-3ddc-486a-9aeb-952e04a79e03@group-4AB4EC776CE3-SegmentedRaftLogWorker for RaftStorage:Storage Directory /workdir/hadoop-ozone/integration-test/target/test-dir/MiniOzoneClusterImpl-ac0b8f5e-74a5-447c-bcf0-adf0e0b10ad0/datanode-6/data/ratis/314edef3-7d44-4052-aaed-4ab4ec776ce3
2019-09-28 01:25:03,993 [pool-47-thread-1] INFO  server.RaftServerConfigKeys (ConfUtils.java:logGet(43)) - raft.server.log.queue.byte-limit = 2147483647 (custom)
2019-09-28 01:25:03,993 [pool-37-thread-1] INFO  segmented.SegmentedRaftLogWorker (SegmentedRaftLogWorker.java:lambda$new$0(132)) - 2fe43e1f-7e2f-40c0-92e9-c62e91f31e21@group-4AB4EC776CE3-SegmentedRaftLogWorker: flushIndex: setUnconditionally 0 -> -1
2019-09-28 01:25:03,993 [pool-87-thread-1] INFO  server.RaftServerConfigKeys (ConfUtils.java:logGet(43)) - raft.server.log.queue.byte-limit = 2147483647 (custom)
2019-09-28 01:25:03,993 [pool-47-thread-1] INFO  server.RaftServerConfigKeys (ConfUtils.java:logGet(43)) - raft.server.log.queue.element-limit = 1024 (custom)
2019-09-28 01:25:03,994 [pool-37-thread-1] INFO  server.RaftServerConfigKeys (ConfUtils.java:logGet(43)) - raft.server.snapshot.auto.trigger.enabled = true (custom)
2019-09-28 01:25:03,994 [pool-87-thread-1] INFO  server.RaftServerConfigKeys (ConfUtils.java:logGet(43)) - raft.server.log.queue.element-limit = 1024 (custom)
2019-09-28 01:25:03,994 [pool-37-thread-1] INFO  server.RaftServerConfigKeys (ConfUtils.java:logGet(43)) - raft.server.snapshot.auto.trigger.threshold = 10000 (custom)
2019-09-28 01:25:03,994 [pool-47-thread-1] INFO  server.RaftServerConfigKeys (ConfUtils.java:logGet(43)) - raft.server.log.segment.size.max = 1048576 (custom)
2019-09-28 01:25:03,995 [pool-37-thread-1] INFO  server.RaftServerConfigKeys (ConfUtils.java:logGet(43)) - raft.server.snapshot.retention.num.files = 5 (custom)
2019-09-28 01:25:03,994 [pool-87-thread-1] INFO  server.RaftServerConfigKeys (ConfUtils.java:logGet(43)) - raft.server.log.segment.size.max = 1048576 (custom)
2019-09-28 01:25:03,995 [pool-37-thread-1] INFO  server.RaftServerConfigKeys (ConfUtils.java:logGet(43)) - raft.server.retrycache.expirytime = 600000ms (custom)
2019-09-28 01:25:03,995 [pool-47-thread-1] INFO  server.RaftServerConfigKeys (ConfUtils.java:logGet(43)) - raft.server.log.preallocated.size = 16384 (custom)
2019-09-28 01:25:03,995 [pool-87-thread-1] INFO  server.RaftServerConfigKeys (ConfUtils.java:logGet(43)) - raft.server.log.preallocated.size = 16384 (custom)
2019-09-28 01:25:03,995 [pool-47-thread-1] INFO  server.RaftServerConfigKeys (ConfUtils.java:logGet(43)) - raft.server.log.write.buffer.size = 33554432 (custom)
2019-09-28 01:25:03,996 [pool-87-thread-1] INFO  server.RaftServerConfigKeys (ConfUtils.java:logGet(43)) - raft.server.log.write.buffer.size = 33554432 (custom)
2019-09-28 01:25:03,996 [pool-47-thread-1] INFO  server.RaftServerConfigKeys (ConfUtils.java:logGet(43)) - raft.server.log.force.sync.num = 128 (default)
2019-09-28 01:25:03,996 [pool-87-thread-1] INFO  server.RaftServerConfigKeys (ConfUtils.java:logGet(43)) - raft.server.log.force.sync.num = 128 (default)
2019-09-28 01:25:03,996 [pool-47-thread-1] INFO  server.RaftServerConfigKeys (ConfUtils.java:logGet(43)) - raft.server.log.statemachine.data.sync = true (default)
2019-09-28 01:25:03,996 [pool-87-thread-1] INFO  server.RaftServerConfigKeys (ConfUtils.java:logGet(43)) - raft.server.log.statemachine.data.sync = true (default)
2019-09-28 01:25:03,997 [pool-47-thread-1] INFO  server.RaftServerConfigKeys (ConfUtils.java:logGet(43)) - raft.server.log.statemachine.data.sync.timeout = 10s (default)
2019-09-28 01:25:03,997 [pool-87-thread-1] INFO  server.RaftServerConfigKeys (ConfUtils.java:logGet(43)) - raft.server.log.statemachine.data.sync.timeout = 10s (default)
2019-09-28 01:25:03,997 [pool-47-thread-1] INFO  server.RaftServerConfigKeys (ConfUtils.java:logGet(43)) - raft.server.log.statemachine.data.sync.timeout.retry = -1 (default)
2019-09-28 01:25:03,997 [pool-87-thread-1] INFO  server.RaftServerConfigKeys (ConfUtils.java:logGet(43)) - raft.server.log.statemachine.data.sync.timeout.retry = -1 (default)
2019-09-28 01:25:03,997 [pool-47-thread-1] INFO  server.RaftServerConfigKeys (ConfUtils.java:logGet(43)) - raft.server.log.statemachine.data.caching.enabled = true (custom)
2019-09-28 01:25:03,998 [pool-87-thread-1] INFO  server.RaftServerConfigKeys (ConfUtils.java:logGet(43)) - raft.server.log.statemachine.data.caching.enabled = true (custom)
2019-09-28 01:25:03,998 [pool-47-thread-1] INFO  segmented.SegmentedRaftLogWorker (SegmentedRaftLogWorker.java:lambda$new$0(132)) - 254bd34b-da93-4b49-ba56-65596765e095@group-4AB4EC776CE3-SegmentedRaftLogWorker: flushIndex: setUnconditionally 0 -> -1
2019-09-28 01:25:03,998 [pool-87-thread-1] INFO  segmented.SegmentedRaftLogWorker (SegmentedRaftLogWorker.java:lambda$new$0(132)) - d8c2ed96-3ddc-486a-9aeb-952e04a79e03@group-4AB4EC776CE3-SegmentedRaftLogWorker: flushIndex: setUnconditionally 0 -> -1
2019-09-28 01:25:03,998 [pool-47-thread-1] INFO  server.RaftServerConfigKeys (ConfUtils.java:logGet(43)) - raft.server.snapshot.auto.trigger.enabled = true (custom)
2019-09-28 01:25:03,999 [pool-37-thread-1] INFO  impl.RaftServerImpl (RaftServerImpl.java:start(185)) - 2fe43e1f-7e2f-40c0-92e9-c62e91f31e21@group-4AB4EC776CE3: start as a follower, conf=-1: [2fe43e1f-7e2f-40c0-92e9-c62e91f31e21:192.168.151.82:35015, d8c2ed96-3ddc-486a-9aeb-952e04a79e03:192.168.151.82:42699, 254bd34b-da93-4b49-ba56-65596765e095:192.168.151.82:42298], old=null
2019-09-28 01:25:03,999 [pool-47-thread-1] INFO  server.RaftServerConfigKeys (ConfUtils.java:logGet(43)) - raft.server.snapshot.auto.trigger.threshold = 10000 (custom)
2019-09-28 01:25:03,999 [pool-87-thread-1] INFO  server.RaftServerConfigKeys (ConfUtils.java:logGet(43)) - raft.server.snapshot.auto.trigger.enabled = true (custom)
2019-09-28 01:25:03,999 [pool-47-thread-1] INFO  server.RaftServerConfigKeys (ConfUtils.java:logGet(43)) - raft.server.snapshot.retention.num.files = 5 (custom)
2019-09-28 01:25:03,999 [pool-37-thread-1] INFO  impl.RaftServerImpl (RaftServerImpl.java:setRole(174)) - 2fe43e1f-7e2f-40c0-92e9-c62e91f31e21@group-4AB4EC776CE3: changes role from      null to FOLLOWER at term 0 for startAsFollower
2019-09-28 01:25:03,999 [pool-47-thread-1] INFO  server.RaftServerConfigKeys (ConfUtils.java:logGet(43)) - raft.server.retrycache.expirytime = 600000ms (custom)
2019-09-28 01:25:03,999 [pool-87-thread-1] INFO  server.RaftServerConfigKeys (ConfUtils.java:logGet(43)) - raft.server.snapshot.auto.trigger.threshold = 10000 (custom)
2019-09-28 01:25:03,999 [pool-37-thread-1] INFO  impl.RoleInfo (RoleInfo.java:updateAndGet(143)) - 2fe43e1f-7e2f-40c0-92e9-c62e91f31e21: start FollowerState
2019-09-28 01:25:04,000 [pool-87-thread-1] INFO  server.RaftServerConfigKeys (ConfUtils.java:logGet(43)) - raft.server.snapshot.retention.num.files = 5 (custom)
2019-09-28 01:25:04,000 [pool-37-thread-1] INFO  util.JmxRegister (JmxRegister.java:tryRegister(44)) - Successfully registered JMX Bean with object name Ratis:service=RaftServer,group=group-4AB4EC776CE3,id=2fe43e1f-7e2f-40c0-92e9-c62e91f31e21
2019-09-28 01:25:04,000 [pool-87-thread-1] INFO  server.RaftServerConfigKeys (ConfUtils.java:logGet(43)) - raft.server.retrycache.expirytime = 600000ms (custom)
2019-09-28 01:25:04,007 [pool-47-thread-1] INFO  impl.RaftServerImpl (RaftServerImpl.java:start(185)) - 254bd34b-da93-4b49-ba56-65596765e095@group-4AB4EC776CE3: start as a follower, conf=-1: [2fe43e1f-7e2f-40c0-92e9-c62e91f31e21:192.168.151.82:35015, d8c2ed96-3ddc-486a-9aeb-952e04a79e03:192.168.151.82:42699, 254bd34b-da93-4b49-ba56-65596765e095:192.168.151.82:42298], old=null
2019-09-28 01:25:04,008 [pool-47-thread-1] INFO  impl.RaftServerImpl (RaftServerImpl.java:setRole(174)) - 254bd34b-da93-4b49-ba56-65596765e095@group-4AB4EC776CE3: changes role from      null to FOLLOWER at term 0 for startAsFollower
2019-09-28 01:25:04,010 [pool-47-thread-1] INFO  impl.RoleInfo (RoleInfo.java:updateAndGet(143)) - 254bd34b-da93-4b49-ba56-65596765e095: start FollowerState
2019-09-28 01:25:04,010 [pool-87-thread-1] INFO  impl.RaftServerImpl (RaftServerImpl.java:start(185)) - d8c2ed96-3ddc-486a-9aeb-952e04a79e03@group-4AB4EC776CE3: start as a follower, conf=-1: [2fe43e1f-7e2f-40c0-92e9-c62e91f31e21:192.168.151.82:35015, d8c2ed96-3ddc-486a-9aeb-952e04a79e03:192.168.151.82:42699, 254bd34b-da93-4b49-ba56-65596765e095:192.168.151.82:42298], old=null
2019-09-28 01:25:04,010 [pool-47-thread-1] INFO  util.JmxRegister (JmxRegister.java:tryRegister(44)) - Successfully registered JMX Bean with object name Ratis:service=RaftServer,group=group-4AB4EC776CE3,id=254bd34b-da93-4b49-ba56-65596765e095
2019-09-28 01:25:04,010 [pool-87-thread-1] INFO  impl.RaftServerImpl (RaftServerImpl.java:setRole(174)) - d8c2ed96-3ddc-486a-9aeb-952e04a79e03@group-4AB4EC776CE3: changes role from      null to FOLLOWER at term 0 for startAsFollower
2019-09-28 01:25:04,011 [pool-87-thread-1] INFO  impl.RoleInfo (RoleInfo.java:updateAndGet(143)) - d8c2ed96-3ddc-486a-9aeb-952e04a79e03: start FollowerState
2019-09-28 01:25:04,011 [pool-87-thread-1] INFO  util.JmxRegister (JmxRegister.java:tryRegister(44)) - Successfully registered JMX Bean with object name Ratis:service=RaftServer,group=group-4AB4EC776CE3,id=d8c2ed96-3ddc-486a-9aeb-952e04a79e03
2019-09-28 01:25:04,025 [RatisPipelineUtilsThread] INFO  pipeline.PipelineStateManager (PipelineStateManager.java:addPipeline(56)) - Created pipeline Pipeline[ Id: 314edef3-7d44-4052-aaed-4ab4ec776ce3, Nodes: 2fe43e1f-7e2f-40c0-92e9-c62e91f31e21{ip: 192.168.151.82, host: pr-hdds-2162-8g7kw-3348123894, networkLocation: /default-rack, certSerialId: null}d8c2ed96-3ddc-486a-9aeb-952e04a79e03{ip: 192.168.151.82, host: pr-hdds-2162-8g7kw-3348123894, networkLocation: /default-rack, certSerialId: null}254bd34b-da93-4b49-ba56-65596765e095{ip: 192.168.151.82, host: pr-hdds-2162-8g7kw-3348123894, networkLocation: /default-rack, certSerialId: null}, Type:RATIS, Factor:THREE, State:OPEN]
2019-09-28 01:25:04,054 [main] INFO  ipc.Client (Client.java:handleConnectionFailure(948)) - Retrying connect to server: localhost/127.0.0.1:0. Already tried 0 time(s); retry policy is RetryUpToMaximumCountWithFixedSleep(maxRetries=10, sleepTime=1000 MILLISECONDS)
2019-09-28 01:25:04,056 [grpc-default-executor-0] INFO  impl.RaftServerProxy (RaftServerProxy.java:addNew(89)) - f80ebd0f-9459-4fcf-a92e-ad251c227da2: addNew group-24B275C06C45:[d6a6e65c-a134-442b-b704-25eab67c9a5d:192.168.151.82:37499, f80ebd0f-9459-4fcf-a92e-ad251c227da2:192.168.151.82:34687, 3ef39b63-8ca3-4bd0-895a-baafa112e0b9:192.168.151.82:39163] returns group-24B275C06C45:java.util.concurrent.CompletableFuture@4a24513[Not completed]
2019-09-28 01:25:04,058 [grpc-default-executor-1] INFO  impl.RaftServerProxy (RaftServerProxy.java:addNew(89)) - d6a6e65c-a134-442b-b704-25eab67c9a5d: addNew group-24B275C06C45:[d6a6e65c-a134-442b-b704-25eab67c9a5d:192.168.151.82:37499, f80ebd0f-9459-4fcf-a92e-ad251c227da2:192.168.151.82:34687, 3ef39b63-8ca3-4bd0-895a-baafa112e0b9:192.168.151.82:39163] returns group-24B275C06C45:java.util.concurrent.CompletableFuture@28878842[Not completed]
2019-09-28 01:25:04,058 [grpc-default-executor-2] INFO  impl.RaftServerProxy (RaftServerProxy.java:addNew(89)) - 3ef39b63-8ca3-4bd0-895a-baafa112e0b9: addNew group-24B275C06C45:[d6a6e65c-a134-442b-b704-25eab67c9a5d:192.168.151.82:37499, f80ebd0f-9459-4fcf-a92e-ad251c227da2:192.168.151.82:34687, 3ef39b63-8ca3-4bd0-895a-baafa112e0b9:192.168.151.82:39163] returns group-24B275C06C45:java.util.concurrent.CompletableFuture@466657a1[Not completed]
2019-09-28 01:25:04,059 [pool-67-thread-1] INFO  impl.RaftServerImpl (RaftServerImpl.java:<init>(95)) - f80ebd0f-9459-4fcf-a92e-ad251c227da2: new RaftServerImpl for group-24B275C06C45:[d6a6e65c-a134-442b-b704-25eab67c9a5d:192.168.151.82:37499, f80ebd0f-9459-4fcf-a92e-ad251c227da2:192.168.151.82:34687, 3ef39b63-8ca3-4bd0-895a-baafa112e0b9:192.168.151.82:39163] with ContainerStateMachine:uninitialized
2019-09-28 01:25:04,060 [pool-67-thread-1] INFO  server.RaftServerConfigKeys (ConfUtils.java:logGet(43)) - raft.server.rpc.timeout.min = 5s (custom)
2019-09-28 01:25:04,060 [pool-67-thread-1] INFO  server.RaftServerConfigKeys (ConfUtils.java:logGet(43)) - raft.server.rpc.timeout.max = 5200ms (custom)
2019-09-28 01:25:04,060 [pool-67-thread-1] INFO  server.RaftServerConfigKeys (ConfUtils.java:logGet(43)) - raft.server.rpcslowness.timeout = 120s (custom)
2019-09-28 01:25:04,060 [pool-67-thread-1] INFO  server.RaftServerConfigKeys (ConfUtils.java:logGet(43)) - raft.server.sleep.deviation.threshold = 300 (default)
2019-09-28 01:25:04,060 [pool-67-thread-1] INFO  server.RaftServerConfigKeys (ConfUtils.java:logGet(43)) - raft.server.log.appender.install.snapshot.enabled = false (custom)
2019-09-28 01:25:04,061 [pool-67-thread-1] INFO  impl.RaftServerImpl (ServerState.java:<init>(103)) - f80ebd0f-9459-4fcf-a92e-ad251c227da2@group-24B275C06C45: ConfigurationManager, init=-1: [d6a6e65c-a134-442b-b704-25eab67c9a5d:192.168.151.82:37499, f80ebd0f-9459-4fcf-a92e-ad251c227da2:192.168.151.82:34687, 3ef39b63-8ca3-4bd0-895a-baafa112e0b9:192.168.151.82:39163], old=null, confs=<EMPTY_MAP>
2019-09-28 01:25:04,061 [pool-27-thread-1] INFO  impl.RaftServerImpl (RaftServerImpl.java:<init>(95)) - d6a6e65c-a134-442b-b704-25eab67c9a5d: new RaftServerImpl for group-24B275C06C45:[d6a6e65c-a134-442b-b704-25eab67c9a5d:192.168.151.82:37499, f80ebd0f-9459-4fcf-a92e-ad251c227da2:192.168.151.82:34687, 3ef39b63-8ca3-4bd0-895a-baafa112e0b9:192.168.151.82:39163] with ContainerStateMachine:uninitialized
2019-09-28 01:25:04,061 [pool-67-thread-1] INFO  server.RaftServerConfigKeys (ConfUtils.java:logGet(43)) - raft.server.storage.dir = [/workdir/hadoop-ozone/integration-test/target/test-dir/MiniOzoneClusterImpl-ac0b8f5e-74a5-447c-bcf0-adf0e0b10ad0/datanode-4/data/ratis] (custom)
2019-09-28 01:25:04,061 [pool-27-thread-1] INFO  server.RaftServerConfigKeys (ConfUtils.java:logGet(43)) - raft.server.rpc.timeout.min = 5s (custom)
2019-09-28 01:25:04,062 [pool-27-thread-1] INFO  server.RaftServerConfigKeys (ConfUtils.java:logGet(43)) - raft.server.rpc.timeout.max = 5200ms (custom)
2019-09-28 01:25:04,062 [pool-67-thread-1] INFO  storage.RaftStorageDirectory (RaftStorageDirectory.java:analyzeStorage(246)) - The storage directory /workdir/hadoop-ozone/integration-test/target/test-dir/MiniOzoneClusterImpl-ac0b8f5e-74a5-447c-bcf0-adf0e0b10ad0/datanode-4/data/ratis/9878553b-84c4-4ee7-8a17-24b275c06c45 does not exist. Creating ...
2019-09-28 01:25:04,062 [pool-27-thread-1] INFO  server.RaftServerConfigKeys (ConfUtils.java:logGet(43)) - raft.server.rpcslowness.timeout = 120s (custom)
2019-09-28 01:25:04,062 [pool-27-thread-1] INFO  server.RaftServerConfigKeys (ConfUtils.java:logGet(43)) - raft.server.sleep.deviation.threshold = 300 (default)
2019-09-28 01:25:04,062 [pool-57-thread-1] INFO  impl.RaftServerImpl (RaftServerImpl.java:<init>(95)) - 3ef39b63-8ca3-4bd0-895a-baafa112e0b9: new RaftServerImpl for group-24B275C06C45:[d6a6e65c-a134-442b-b704-25eab67c9a5d:192.168.151.82:37499, f80ebd0f-9459-4fcf-a92e-ad251c227da2:192.168.151.82:34687, 3ef39b63-8ca3-4bd0-895a-baafa112e0b9:192.168.151.82:39163] with ContainerStateMachine:uninitialized
2019-09-28 01:25:04,062 [pool-27-thread-1] INFO  server.RaftServerConfigKeys (ConfUtils.java:logGet(43)) - raft.server.log.appender.install.snapshot.enabled = false (custom)
2019-09-28 01:25:04,063 [pool-57-thread-1] INFO  server.RaftServerConfigKeys (ConfUtils.java:logGet(43)) - raft.server.rpc.timeout.min = 5s (custom)
2019-09-28 01:25:04,063 [pool-27-thread-1] INFO  impl.RaftServerImpl (ServerState.java:<init>(103)) - d6a6e65c-a134-442b-b704-25eab67c9a5d@group-24B275C06C45: ConfigurationManager, init=-1: [d6a6e65c-a134-442b-b704-25eab67c9a5d:192.168.151.82:37499, f80ebd0f-9459-4fcf-a92e-ad251c227da2:192.168.151.82:34687, 3ef39b63-8ca3-4bd0-895a-baafa112e0b9:192.168.151.82:39163], old=null, confs=<EMPTY_MAP>
2019-09-28 01:25:04,063 [pool-57-thread-1] INFO  server.RaftServerConfigKeys (ConfUtils.java:logGet(43)) - raft.server.rpc.timeout.max = 5200ms (custom)
2019-09-28 01:25:04,063 [pool-27-thread-1] INFO  server.RaftServerConfigKeys (ConfUtils.java:logGet(43)) - raft.server.storage.dir = [/workdir/hadoop-ozone/integration-test/target/test-dir/MiniOzoneClusterImpl-ac0b8f5e-74a5-447c-bcf0-adf0e0b10ad0/datanode-0/data/ratis] (custom)
2019-09-28 01:25:04,063 [pool-57-thread-1] INFO  server.RaftServerConfigKeys (ConfUtils.java:logGet(43)) - raft.server.rpcslowness.timeout = 120s (custom)
2019-09-28 01:25:04,064 [pool-57-thread-1] INFO  server.RaftServerConfigKeys (ConfUtils.java:logGet(43)) - raft.server.sleep.deviation.threshold = 300 (default)
2019-09-28 01:25:04,064 [pool-27-thread-1] INFO  storage.RaftStorageDirectory (RaftStorageDirectory.java:analyzeStorage(246)) - The storage directory /workdir/hadoop-ozone/integration-test/target/test-dir/MiniOzoneClusterImpl-ac0b8f5e-74a5-447c-bcf0-adf0e0b10ad0/datanode-0/data/ratis/9878553b-84c4-4ee7-8a17-24b275c06c45 does not exist. Creating ...
2019-09-28 01:25:04,064 [pool-57-thread-1] INFO  server.RaftServerConfigKeys (ConfUtils.java:logGet(43)) - raft.server.log.appender.install.snapshot.enabled = false (custom)
2019-09-28 01:25:04,064 [pool-57-thread-1] INFO  impl.RaftServerImpl (ServerState.java:<init>(103)) - 3ef39b63-8ca3-4bd0-895a-baafa112e0b9@group-24B275C06C45: ConfigurationManager, init=-1: [d6a6e65c-a134-442b-b704-25eab67c9a5d:192.168.151.82:37499, f80ebd0f-9459-4fcf-a92e-ad251c227da2:192.168.151.82:34687, 3ef39b63-8ca3-4bd0-895a-baafa112e0b9:192.168.151.82:39163], old=null, confs=<EMPTY_MAP>
2019-09-28 01:25:04,064 [pool-57-thread-1] INFO  server.RaftServerConfigKeys (ConfUtils.java:logGet(43)) - raft.server.storage.dir = [/workdir/hadoop-ozone/integration-test/target/test-dir/MiniOzoneClusterImpl-ac0b8f5e-74a5-447c-bcf0-adf0e0b10ad0/datanode-3/data/ratis] (custom)
2019-09-28 01:25:04,065 [pool-57-thread-1] INFO  storage.RaftStorageDirectory (RaftStorageDirectory.java:analyzeStorage(246)) - The storage directory /workdir/hadoop-ozone/integration-test/target/test-dir/MiniOzoneClusterImpl-ac0b8f5e-74a5-447c-bcf0-adf0e0b10ad0/datanode-3/data/ratis/9878553b-84c4-4ee7-8a17-24b275c06c45 does not exist. Creating ...
2019-09-28 01:25:04,076 [pool-57-thread-1] INFO  storage.RaftStorageDirectory (RaftStorageDirectory.java:tryLock(328)) - Lock on /workdir/hadoop-ozone/integration-test/target/test-dir/MiniOzoneClusterImpl-ac0b8f5e-74a5-447c-bcf0-adf0e0b10ad0/datanode-3/data/ratis/9878553b-84c4-4ee7-8a17-24b275c06c45/in_use.lock acquired by nodename 13498@pr-hdds-2162-8g7kw-3348123894
2019-09-28 01:25:04,076 [pool-27-thread-1] INFO  storage.RaftStorageDirectory (RaftStorageDirectory.java:tryLock(328)) - Lock on /workdir/hadoop-ozone/integration-test/target/test-dir/MiniOzoneClusterImpl-ac0b8f5e-74a5-447c-bcf0-adf0e0b10ad0/datanode-0/data/ratis/9878553b-84c4-4ee7-8a17-24b275c06c45/in_use.lock acquired by nodename 13498@pr-hdds-2162-8g7kw-3348123894
2019-09-28 01:25:04,076 [pool-67-thread-1] INFO  storage.RaftStorageDirectory (RaftStorageDirectory.java:tryLock(328)) - Lock on /workdir/hadoop-ozone/integration-test/target/test-dir/MiniOzoneClusterImpl-ac0b8f5e-74a5-447c-bcf0-adf0e0b10ad0/datanode-4/data/ratis/9878553b-84c4-4ee7-8a17-24b275c06c45/in_use.lock acquired by nodename 13498@pr-hdds-2162-8g7kw-3348123894
2019-09-28 01:25:04,090 [pool-57-thread-1] INFO  storage.RaftStorage (RaftStorage.java:format(72)) - Storage directory /workdir/hadoop-ozone/integration-test/target/test-dir/MiniOzoneClusterImpl-ac0b8f5e-74a5-447c-bcf0-adf0e0b10ad0/datanode-3/data/ratis/9878553b-84c4-4ee7-8a17-24b275c06c45 has been successfully formatted.
2019-09-28 01:25:04,090 [pool-67-thread-1] INFO  storage.RaftStorage (RaftStorage.java:format(72)) - Storage directory /workdir/hadoop-ozone/integration-test/target/test-dir/MiniOzoneClusterImpl-ac0b8f5e-74a5-447c-bcf0-adf0e0b10ad0/datanode-4/data/ratis/9878553b-84c4-4ee7-8a17-24b275c06c45 has been successfully formatted.
2019-09-28 01:25:04,090 [pool-27-thread-1] INFO  storage.RaftStorage (RaftStorage.java:format(72)) - Storage directory /workdir/hadoop-ozone/integration-test/target/test-dir/MiniOzoneClusterImpl-ac0b8f5e-74a5-447c-bcf0-adf0e0b10ad0/datanode-0/data/ratis/9878553b-84c4-4ee7-8a17-24b275c06c45 has been successfully formatted.
2019-09-28 01:25:04,090 [pool-67-thread-1] INFO  ratis.ContainerStateMachine (ContainerStateMachine.java:loadSnapshot(230)) - group-24B275C06C45: The snapshot info is null. Setting the last applied indexto:(t:0, i:~)
2019-09-28 01:25:04,090 [pool-27-thread-1] INFO  ratis.ContainerStateMachine (ContainerStateMachine.java:loadSnapshot(230)) - group-24B275C06C45: The snapshot info is null. Setting the last applied indexto:(t:0, i:~)
2019-09-28 01:25:04,090 [pool-57-thread-1] INFO  ratis.ContainerStateMachine (ContainerStateMachine.java:loadSnapshot(230)) - group-24B275C06C45: The snapshot info is null. Setting the last applied indexto:(t:0, i:~)
2019-09-28 01:25:04,091 [pool-67-thread-1] INFO  server.RaftServerConfigKeys (ConfUtils.java:logGet(43)) - raft.server.notification.no-leader.timeout = 120s (custom)
2019-09-28 01:25:04,091 [pool-57-thread-1] INFO  server.RaftServerConfigKeys (ConfUtils.java:logGet(43)) - raft.server.notification.no-leader.timeout = 120s (custom)
2019-09-28 01:25:04,091 [pool-27-thread-1] INFO  server.RaftServerConfigKeys (ConfUtils.java:logGet(43)) - raft.server.notification.no-leader.timeout = 120s (custom)
2019-09-28 01:25:04,091 [pool-57-thread-1] INFO  server.RaftServerConfigKeys (ConfUtils.java:logGet(43)) - raft.server.log.use.memory = false (default)
2019-09-28 01:25:04,091 [pool-67-thread-1] INFO  server.RaftServerConfigKeys (ConfUtils.java:logGet(43)) - raft.server.log.use.memory = false (default)
2019-09-28 01:25:04,091 [pool-57-thread-1] INFO  server.RaftServerConfigKeys (ConfUtils.java:logGet(43)) - raft.server.log.purge.gap = 1000000 (custom)
2019-09-28 01:25:04,091 [pool-27-thread-1] INFO  server.RaftServerConfigKeys (ConfUtils.java:logGet(43)) - raft.server.log.use.memory = false (default)
2019-09-28 01:25:04,092 [pool-57-thread-1] INFO  server.RaftServerConfigKeys (ConfUtils.java:logGet(43)) - raft.server.log.appender.buffer.byte-limit = 33554432 (custom)
2019-09-28 01:25:04,092 [pool-67-thread-1] INFO  server.RaftServerConfigKeys (ConfUtils.java:logGet(43)) - raft.server.log.purge.gap = 1000000 (custom)
2019-09-28 01:25:04,092 [pool-57-thread-1] INFO  server.RaftServerConfigKeys (ConfUtils.java:logGet(43)) - raft.server.log.segment.size.max = 1048576 (custom)
2019-09-28 01:25:04,092 [pool-27-thread-1] INFO  server.RaftServerConfigKeys (ConfUtils.java:logGet(43)) - raft.server.log.purge.gap = 1000000 (custom)
2019-09-28 01:25:04,092 [pool-57-thread-1] INFO  server.RaftServerConfigKeys (ConfUtils.java:logGet(43)) - raft.server.log.segment.cache.num.max = 2 (custom)
2019-09-28 01:25:04,092 [pool-67-thread-1] INFO  server.RaftServerConfigKeys (ConfUtils.java:logGet(43)) - raft.server.log.appender.buffer.byte-limit = 33554432 (custom)
2019-09-28 01:25:04,092 [pool-57-thread-1] INFO  segmented.SegmentedRaftLogWorker (SegmentedRaftLogWorker.java:<init>(172)) - new 3ef39b63-8ca3-4bd0-895a-baafa112e0b9@group-24B275C06C45-SegmentedRaftLogWorker for RaftStorage:Storage Directory /workdir/hadoop-ozone/integration-test/target/test-dir/MiniOzoneClusterImpl-ac0b8f5e-74a5-447c-bcf0-adf0e0b10ad0/datanode-3/data/ratis/9878553b-84c4-4ee7-8a17-24b275c06c45
2019-09-28 01:25:04,092 [pool-27-thread-1] INFO  server.RaftServerConfigKeys (ConfUtils.java:logGet(43)) - raft.server.log.appender.buffer.byte-limit = 33554432 (custom)
2019-09-28 01:25:04,093 [pool-57-thread-1] INFO  server.RaftServerConfigKeys (ConfUtils.java:logGet(43)) - raft.server.log.queue.byte-limit = 2147483647 (custom)
2019-09-28 01:25:04,093 [pool-67-thread-1] INFO  server.RaftServerConfigKeys (ConfUtils.java:logGet(43)) - raft.server.log.segment.size.max = 1048576 (custom)
2019-09-28 01:25:04,093 [pool-57-thread-1] INFO  server.RaftServerConfigKeys (ConfUtils.java:logGet(43)) - raft.server.log.queue.element-limit = 1024 (custom)
2019-09-28 01:25:04,093 [pool-27-thread-1] INFO  server.RaftServerConfigKeys (ConfUtils.java:logGet(43)) - raft.server.log.segment.size.max = 1048576 (custom)
2019-09-28 01:25:04,093 [pool-57-thread-1] INFO  server.RaftServerConfigKeys (ConfUtils.java:logGet(43)) - raft.server.log.segment.size.max = 1048576 (custom)
2019-09-28 01:25:04,093 [pool-67-thread-1] INFO  server.RaftServerConfigKeys (ConfUtils.java:logGet(43)) - raft.server.log.segment.cache.num.max = 2 (custom)
2019-09-28 01:25:04,094 [pool-57-thread-1] INFO  server.RaftServerConfigKeys (ConfUtils.java:logGet(43)) - raft.server.log.preallocated.size = 16384 (custom)
2019-09-28 01:25:04,093 [pool-27-thread-1] INFO  server.RaftServerConfigKeys (ConfUtils.java:logGet(43)) - raft.server.log.segment.cache.num.max = 2 (custom)
2019-09-28 01:25:04,094 [pool-57-thread-1] INFO  server.RaftServerConfigKeys (ConfUtils.java:logGet(43)) - raft.server.log.write.buffer.size = 33554432 (custom)
2019-09-28 01:25:04,094 [pool-67-thread-1] INFO  segmented.SegmentedRaftLogWorker (SegmentedRaftLogWorker.java:<init>(172)) - new f80ebd0f-9459-4fcf-a92e-ad251c227da2@group-24B275C06C45-SegmentedRaftLogWorker for RaftStorage:Storage Directory /workdir/hadoop-ozone/integration-test/target/test-dir/MiniOzoneClusterImpl-ac0b8f5e-74a5-447c-bcf0-adf0e0b10ad0/datanode-4/data/ratis/9878553b-84c4-4ee7-8a17-24b275c06c45
2019-09-28 01:25:04,094 [pool-57-thread-1] INFO  server.RaftServerConfigKeys (ConfUtils.java:logGet(43)) - raft.server.log.force.sync.num = 128 (default)
2019-09-28 01:25:04,094 [pool-27-thread-1] INFO  segmented.SegmentedRaftLogWorker (SegmentedRaftLogWorker.java:<init>(172)) - new d6a6e65c-a134-442b-b704-25eab67c9a5d@group-24B275C06C45-SegmentedRaftLogWorker for RaftStorage:Storage Directory /workdir/hadoop-ozone/integration-test/target/test-dir/MiniOzoneClusterImpl-ac0b8f5e-74a5-447c-bcf0-adf0e0b10ad0/datanode-0/data/ratis/9878553b-84c4-4ee7-8a17-24b275c06c45
2019-09-28 01:25:04,094 [pool-57-thread-1] INFO  server.RaftServerConfigKeys (ConfUtils.java:logGet(43)) - raft.server.log.statemachine.data.sync = true (default)
2019-09-28 01:25:04,094 [pool-67-thread-1] INFO  server.RaftServerConfigKeys (ConfUtils.java:logGet(43)) - raft.server.log.queue.byte-limit = 2147483647 (custom)
2019-09-28 01:25:04,095 [pool-57-thread-1] INFO  server.RaftServerConfigKeys (ConfUtils.java:logGet(43)) - raft.server.log.statemachine.data.sync.timeout = 10s (default)
2019-09-28 01:25:04,095 [pool-27-thread-1] INFO  server.RaftServerConfigKeys (ConfUtils.java:logGet(43)) - raft.server.log.queue.byte-limit = 2147483647 (custom)
2019-09-28 01:25:04,095 [pool-57-thread-1] INFO  server.RaftServerConfigKeys (ConfUtils.java:logGet(43)) - raft.server.log.statemachine.data.sync.timeout.retry = -1 (default)
2019-09-28 01:25:04,095 [pool-67-thread-1] INFO  server.RaftServerConfigKeys (ConfUtils.java:logGet(43)) - raft.server.log.queue.element-limit = 1024 (custom)
2019-09-28 01:25:04,095 [pool-57-thread-1] INFO  server.RaftServerConfigKeys (ConfUtils.java:logGet(43)) - raft.server.log.statemachine.data.caching.enabled = true (custom)
2019-09-28 01:25:04,095 [pool-67-thread-1] INFO  server.RaftServerConfigKeys (ConfUtils.java:logGet(43)) - raft.server.log.segment.size.max = 1048576 (custom)
2019-09-28 01:25:04,095 [pool-27-thread-1] INFO  server.RaftServerConfigKeys (ConfUtils.java:logGet(43)) - raft.server.log.queue.element-limit = 1024 (custom)
2019-09-28 01:25:04,096 [pool-57-thread-1] INFO  segmented.SegmentedRaftLogWorker (SegmentedRaftLogWorker.java:lambda$new$0(132)) - 3ef39b63-8ca3-4bd0-895a-baafa112e0b9@group-24B275C06C45-SegmentedRaftLogWorker: flushIndex: setUnconditionally 0 -> -1
2019-09-28 01:25:04,096 [pool-67-thread-1] INFO  server.RaftServerConfigKeys (ConfUtils.java:logGet(43)) - raft.server.log.preallocated.size = 16384 (custom)
2019-09-28 01:25:04,096 [pool-27-thread-1] INFO  server.RaftServerConfigKeys (ConfUtils.java:logGet(43)) - raft.server.log.segment.size.max = 1048576 (custom)
2019-09-28 01:25:04,096 [pool-67-thread-1] INFO  server.RaftServerConfigKeys (ConfUtils.java:logGet(43)) - raft.server.log.write.buffer.size = 33554432 (custom)
2019-09-28 01:25:04,096 [pool-57-thread-1] INFO  server.RaftServerConfigKeys (ConfUtils.java:logGet(43)) - raft.server.snapshot.auto.trigger.enabled = true (custom)
2019-09-28 01:25:04,096 [pool-67-thread-1] INFO  server.RaftServerConfigKeys (ConfUtils.java:logGet(43)) - raft.server.log.force.sync.num = 128 (default)
2019-09-28 01:25:04,096 [pool-27-thread-1] INFO  server.RaftServerConfigKeys (ConfUtils.java:logGet(43)) - raft.server.log.preallocated.size = 16384 (custom)
2019-09-28 01:25:04,097 [pool-67-thread-1] INFO  server.RaftServerConfigKeys (ConfUtils.java:logGet(43)) - raft.server.log.statemachine.data.sync = true (default)
2019-09-28 01:25:04,096 [pool-57-thread-1] INFO  server.RaftServerConfigKeys (ConfUtils.java:logGet(43)) - raft.server.snapshot.auto.trigger.threshold = 10000 (custom)
2019-09-28 01:25:04,097 [pool-67-thread-1] INFO  server.RaftServerConfigKeys (ConfUtils.java:logGet(43)) - raft.server.log.statemachine.data.sync.timeout = 10s (default)
2019-09-28 01:25:04,097 [pool-27-thread-1] INFO  server.RaftServerConfigKeys (ConfUtils.java:logGet(43)) - raft.server.log.write.buffer.size = 33554432 (custom)
2019-09-28 01:25:04,097 [pool-67-thread-1] INFO  server.RaftServerConfigKeys (ConfUtils.java:logGet(43)) - raft.server.log.statemachine.data.sync.timeout.retry = -1 (default)
2019-09-28 01:25:04,097 [pool-57-thread-1] INFO  server.RaftServerConfigKeys (ConfUtils.java:logGet(43)) - raft.server.snapshot.retention.num.files = 5 (custom)
2019-09-28 01:25:04,098 [pool-67-thread-1] INFO  server.RaftServerConfigKeys (ConfUtils.java:logGet(43)) - raft.server.log.statemachine.data.caching.enabled = true (custom)
2019-09-28 01:25:04,097 [pool-27-thread-1] INFO  server.RaftServerConfigKeys (ConfUtils.java:logGet(43)) - raft.server.log.force.sync.num = 128 (default)
2019-09-28 01:25:04,098 [pool-57-thread-1] INFO  server.RaftServerConfigKeys (ConfUtils.java:logGet(43)) - raft.server.retrycache.expirytime = 600000ms (custom)
2019-09-28 01:25:04,098 [pool-27-thread-1] INFO  server.RaftServerConfigKeys (ConfUtils.java:logGet(43)) - raft.server.log.statemachine.data.sync = true (default)
2019-09-28 01:25:04,098 [pool-67-thread-1] INFO  segmented.SegmentedRaftLogWorker (SegmentedRaftLogWorker.java:lambda$new$0(132)) - f80ebd0f-9459-4fcf-a92e-ad251c227da2@group-24B275C06C45-SegmentedRaftLogWorker: flushIndex: setUnconditionally 0 -> -1
2019-09-28 01:25:04,098 [pool-27-thread-1] INFO  server.RaftServerConfigKeys (ConfUtils.java:logGet(43)) - raft.server.log.statemachine.data.sync.timeout = 10s (default)
2019-09-28 01:25:04,098 [pool-67-thread-1] INFO  server.RaftServerConfigKeys (ConfUtils.java:logGet(43)) - raft.server.snapshot.auto.trigger.enabled = true (custom)
2019-09-28 01:25:04,098 [pool-27-thread-1] INFO  server.RaftServerConfigKeys (ConfUtils.java:logGet(43)) - raft.server.log.statemachine.data.sync.timeout.retry = -1 (default)
2019-09-28 01:25:04,099 [pool-67-thread-1] INFO  server.RaftServerConfigKeys (ConfUtils.java:logGet(43)) - raft.server.snapshot.auto.trigger.threshold = 10000 (custom)
2019-09-28 01:25:04,099 [pool-27-thread-1] INFO  server.RaftServerConfigKeys (ConfUtils.java:logGet(43)) - raft.server.log.statemachine.data.caching.enabled = true (custom)
2019-09-28 01:25:04,099 [pool-67-thread-1] INFO  server.RaftServerConfigKeys (ConfUtils.java:logGet(43)) - raft.server.snapshot.retention.num.files = 5 (custom)
2019-09-28 01:25:04,099 [pool-67-thread-1] INFO  server.RaftServerConfigKeys (ConfUtils.java:logGet(43)) - raft.server.retrycache.expirytime = 600000ms (custom)
2019-09-28 01:25:04,099 [pool-27-thread-1] INFO  segmented.SegmentedRaftLogWorker (SegmentedRaftLogWorker.java:lambda$new$0(132)) - d6a6e65c-a134-442b-b704-25eab67c9a5d@group-24B275C06C45-SegmentedRaftLogWorker: flushIndex: setUnconditionally 0 -> -1
2019-09-28 01:25:04,100 [pool-27-thread-1] INFO  server.RaftServerConfigKeys (ConfUtils.java:logGet(43)) - raft.server.snapshot.auto.trigger.enabled = true (custom)
2019-09-28 01:25:04,100 [pool-27-thread-1] INFO  server.RaftServerConfigKeys (ConfUtils.java:logGet(43)) - raft.server.snapshot.auto.trigger.threshold = 10000 (custom)
2019-09-28 01:25:04,100 [pool-27-thread-1] INFO  server.RaftServerConfigKeys (ConfUtils.java:logGet(43)) - raft.server.snapshot.retention.num.files = 5 (custom)
2019-09-28 01:25:04,100 [pool-27-thread-1] INFO  server.RaftServerConfigKeys (ConfUtils.java:logGet(43)) - raft.server.retrycache.expirytime = 600000ms (custom)
2019-09-28 01:25:04,101 [pool-57-thread-1] INFO  impl.RaftServerImpl (RaftServerImpl.java:start(185)) - 3ef39b63-8ca3-4bd0-895a-baafa112e0b9@group-24B275C06C45: start as a follower, conf=-1: [d6a6e65c-a134-442b-b704-25eab67c9a5d:192.168.151.82:37499, f80ebd0f-9459-4fcf-a92e-ad251c227da2:192.168.151.82:34687, 3ef39b63-8ca3-4bd0-895a-baafa112e0b9:192.168.151.82:39163], old=null
2019-09-28 01:25:04,101 [pool-57-thread-1] INFO  impl.RaftServerImpl (RaftServerImpl.java:setRole(174)) - 3ef39b63-8ca3-4bd0-895a-baafa112e0b9@group-24B275C06C45: changes role from      null to FOLLOWER at term 0 for startAsFollower
2019-09-28 01:25:04,101 [pool-57-thread-1] INFO  impl.RoleInfo (RoleInfo.java:updateAndGet(143)) - 3ef39b63-8ca3-4bd0-895a-baafa112e0b9: start FollowerState
2019-09-28 01:25:04,101 [pool-57-thread-1] INFO  util.JmxRegister (JmxRegister.java:tryRegister(44)) - Successfully registered JMX Bean with object name Ratis:service=RaftServer,group=group-24B275C06C45,id=3ef39b63-8ca3-4bd0-895a-baafa112e0b9
2019-09-28 01:25:04,103 [pool-67-thread-1] INFO  impl.RaftServerImpl (RaftServerImpl.java:start(185)) - f80ebd0f-9459-4fcf-a92e-ad251c227da2@group-24B275C06C45: start as a follower, conf=-1: [d6a6e65c-a134-442b-b704-25eab67c9a5d:192.168.151.82:37499, f80ebd0f-9459-4fcf-a92e-ad251c227da2:192.168.151.82:34687, 3ef39b63-8ca3-4bd0-895a-baafa112e0b9:192.168.151.82:39163], old=null
2019-09-28 01:25:04,103 [pool-67-thread-1] INFO  impl.RaftServerImpl (RaftServerImpl.java:setRole(174)) - f80ebd0f-9459-4fcf-a92e-ad251c227da2@group-24B275C06C45: changes role from      null to FOLLOWER at term 0 for startAsFollower
2019-09-28 01:25:04,103 [pool-67-thread-1] INFO  impl.RoleInfo (RoleInfo.java:updateAndGet(143)) - f80ebd0f-9459-4fcf-a92e-ad251c227da2: start FollowerState
2019-09-28 01:25:04,103 [pool-67-thread-1] INFO  util.JmxRegister (JmxRegister.java:tryRegister(44)) - Successfully registered JMX Bean with object name Ratis:service=RaftServer,group=group-24B275C06C45,id=f80ebd0f-9459-4fcf-a92e-ad251c227da2
2019-09-28 01:25:04,106 [pool-27-thread-1] INFO  impl.RaftServerImpl (RaftServerImpl.java:start(185)) - d6a6e65c-a134-442b-b704-25eab67c9a5d@group-24B275C06C45: start as a follower, conf=-1: [d6a6e65c-a134-442b-b704-25eab67c9a5d:192.168.151.82:37499, f80ebd0f-9459-4fcf-a92e-ad251c227da2:192.168.151.82:34687, 3ef39b63-8ca3-4bd0-895a-baafa112e0b9:192.168.151.82:39163], old=null
2019-09-28 01:25:04,106 [pool-27-thread-1] INFO  impl.RaftServerImpl (RaftServerImpl.java:setRole(174)) - d6a6e65c-a134-442b-b704-25eab67c9a5d@group-24B275C06C45: changes role from      null to FOLLOWER at term 0 for startAsFollower
2019-09-28 01:25:04,106 [pool-27-thread-1] INFO  impl.RoleInfo (RoleInfo.java:updateAndGet(143)) - d6a6e65c-a134-442b-b704-25eab67c9a5d: start FollowerState
2019-09-28 01:25:04,107 [pool-27-thread-1] INFO  util.JmxRegister (JmxRegister.java:tryRegister(44)) - Successfully registered JMX Bean with object name Ratis:service=RaftServer,group=group-24B275C06C45,id=d6a6e65c-a134-442b-b704-25eab67c9a5d
2019-09-28 01:25:04,128 [RatisPipelineUtilsThread] INFO  pipeline.PipelineStateManager (PipelineStateManager.java:addPipeline(56)) - Created pipeline Pipeline[ Id: 9878553b-84c4-4ee7-8a17-24b275c06c45, Nodes: d6a6e65c-a134-442b-b704-25eab67c9a5d{ip: 192.168.151.82, host: pr-hdds-2162-8g7kw-3348123894, networkLocation: /default-rack, certSerialId: null}f80ebd0f-9459-4fcf-a92e-ad251c227da2{ip: 192.168.151.82, host: pr-hdds-2162-8g7kw-3348123894, networkLocation: /default-rack, certSerialId: null}3ef39b63-8ca3-4bd0-895a-baafa112e0b9{ip: 192.168.151.82, host: pr-hdds-2162-8g7kw-3348123894, networkLocation: /default-rack, certSerialId: null}, Type:RATIS, Factor:THREE, State:OPEN]
2019-09-28 01:25:05,057 [main] INFO  ipc.Client (Client.java:handleConnectionFailure(948)) - Retrying connect to server: localhost/127.0.0.1:0. Already tried 1 time(s); retry policy is RetryUpToMaximumCountWithFixedSleep(maxRetries=10, sleepTime=1000 MILLISECONDS)
2019-09-28 01:25:05,347 [Thread-238] INFO  container.ReplicationManager (ReplicationManager.java:start(162)) - Starting Replication Monitor Thread.
2019-09-28 01:25:05,351 [ReplicationMonitor] INFO  container.ReplicationManager (ReplicationManager.java:run(225)) - Replication Monitor Thread took 1 milliseconds for processing 0 containers.
2019-09-28 01:25:06,059 [main] INFO  ipc.Client (Client.java:handleConnectionFailure(948)) - Retrying connect to server: localhost/127.0.0.1:0. Already tried 2 time(s); retry policy is RetryUpToMaximumCountWithFixedSleep(maxRetries=10, sleepTime=1000 MILLISECONDS)
2019-09-28 01:25:07,060 [main] INFO  ipc.Client (Client.java:handleConnectionFailure(948)) - Retrying connect to server: localhost/127.0.0.1:0. Already tried 3 time(s); retry policy is RetryUpToMaximumCountWithFixedSleep(maxRetries=10, sleepTime=1000 MILLISECONDS)
2019-09-28 01:25:08,062 [main] INFO  ipc.Client (Client.java:handleConnectionFailure(948)) - Retrying connect to server: localhost/127.0.0.1:0. Already tried 4 time(s); retry policy is RetryUpToMaximumCountWithFixedSleep(maxRetries=10, sleepTime=1000 MILLISECONDS)
2019-09-28 01:25:08,308 [Thread-241] INFO  impl.FollowerState (FollowerState.java:run(106)) - d6a6e65c-a134-442b-b704-25eab67c9a5d:group-B2EA8D82F214 changes to CANDIDATE, lastRpcTime:5166, electionTimeout:5165ms
2019-09-28 01:25:08,310 [Thread-241] INFO  impl.RoleInfo (RoleInfo.java:shutdownFollowerState(121)) - d6a6e65c-a134-442b-b704-25eab67c9a5d: shutdown FollowerState
2019-09-28 01:25:08,311 [Thread-241] INFO  impl.RaftServerImpl (RaftServerImpl.java:setRole(174)) - d6a6e65c-a134-442b-b704-25eab67c9a5d@group-B2EA8D82F214: changes role from  FOLLOWER to CANDIDATE at term 0 for changeToCandidate
2019-09-28 01:25:08,321 [Thread-241] INFO  impl.RoleInfo (RoleInfo.java:updateAndGet(143)) - d6a6e65c-a134-442b-b704-25eab67c9a5d: start LeaderElection
2019-09-28 01:25:08,340 [d6a6e65c-a134-442b-b704-25eab67c9a5d@group-B2EA8D82F214:LeaderElection1] INFO  impl.LeaderElection (LeaderElection.java:askForVotes(182)) - d6a6e65c-a134-442b-b704-25eab67c9a5d@group-B2EA8D82F214:LeaderElection1: begin an election at term 1 for -1: [d6a6e65c-a134-442b-b704-25eab67c9a5d:192.168.151.82:37499], old=null
2019-09-28 01:25:08,342 [d6a6e65c-a134-442b-b704-25eab67c9a5d@group-B2EA8D82F214:LeaderElection1] INFO  impl.RoleInfo (RoleInfo.java:shutdownLeaderElection(134)) - d6a6e65c-a134-442b-b704-25eab67c9a5d: shutdown LeaderElection
2019-09-28 01:25:08,343 [d6a6e65c-a134-442b-b704-25eab67c9a5d@group-B2EA8D82F214:LeaderElection1] INFO  impl.RaftServerImpl (RaftServerImpl.java:setRole(174)) - d6a6e65c-a134-442b-b704-25eab67c9a5d@group-B2EA8D82F214: changes role from CANDIDATE to LEADER at term 1 for changeToLeader
2019-09-28 01:25:08,344 [d6a6e65c-a134-442b-b704-25eab67c9a5d@group-B2EA8D82F214:LeaderElection1] INFO  impl.RaftServerImpl (ServerState.java:setLeader(253)) - d6a6e65c-a134-442b-b704-25eab67c9a5d@group-B2EA8D82F214: change Leader from null to d6a6e65c-a134-442b-b704-25eab67c9a5d at term 1 for becomeLeader, leader elected after 5312ms
2019-09-28 01:25:08,353 [d6a6e65c-a134-442b-b704-25eab67c9a5d@group-B2EA8D82F214:LeaderElection1] INFO  server.RaftServerConfigKeys (ConfUtils.java:logGet(43)) - raft.server.staging.catchup.gap = 1000 (default)
2019-09-28 01:25:08,353 [d6a6e65c-a134-442b-b704-25eab67c9a5d@group-B2EA8D82F214:LeaderElection1] INFO  server.RaftServerConfigKeys (ConfUtils.java:logGet(43)) - raft.server.rpc.sleep.time = 25ms (default)
2019-09-28 01:25:08,357 [d6a6e65c-a134-442b-b704-25eab67c9a5d@group-B2EA8D82F214:LeaderElection1] INFO  server.RaftServerConfigKeys (ConfUtils.java:logGet(43)) - raft.server.write.element-limit = 4096 (default)
2019-09-28 01:25:08,360 [d6a6e65c-a134-442b-b704-25eab67c9a5d@group-B2EA8D82F214:LeaderElection1] INFO  server.RaftServerConfigKeys (ConfUtils.java:logGet(43)) - raft.server.watch.timeout = 10s (default)
2019-09-28 01:25:08,361 [d6a6e65c-a134-442b-b704-25eab67c9a5d@group-B2EA8D82F214:LeaderElection1] INFO  server.RaftServerConfigKeys (ConfUtils.java:logGet(43)) - raft.server.watch.timeout.denomination = 1s (default)
2019-09-28 01:25:08,362 [d6a6e65c-a134-442b-b704-25eab67c9a5d@group-B2EA8D82F214:LeaderElection1] INFO  server.RaftServerConfigKeys (ConfUtils.java:logGet(43)) - raft.server.watch.element-limit = 65536 (default)
2019-09-28 01:25:08,376 [d6a6e65c-a134-442b-b704-25eab67c9a5d@group-B2EA8D82F214:LeaderElection1] INFO  impl.RoleInfo (RoleInfo.java:updateAndGet(143)) - d6a6e65c-a134-442b-b704-25eab67c9a5d: start LeaderState
2019-09-28 01:25:08,400 [d6a6e65c-a134-442b-b704-25eab67c9a5d@group-B2EA8D82F214:LeaderElection1] INFO  segmented.SegmentedRaftLogWorker (SegmentedRaftLogWorker.java:startLogSegment(380)) - d6a6e65c-a134-442b-b704-25eab67c9a5d@group-B2EA8D82F214-SegmentedRaftLogWorker: Starting segment from index:0
2019-09-28 01:25:08,408 [d6a6e65c-a134-442b-b704-25eab67c9a5d@group-B2EA8D82F214:LeaderElection1] INFO  impl.RaftServerImpl (ServerState.java:setRaftConf(354)) - d6a6e65c-a134-442b-b704-25eab67c9a5d@group-B2EA8D82F214: set configuration 0: [d6a6e65c-a134-442b-b704-25eab67c9a5d:192.168.151.82:37499], old=null at 0
2019-09-28 01:25:08,528 [Thread-244] INFO  impl.FollowerState (FollowerState.java:run(106)) - 2fe43e1f-7e2f-40c0-92e9-c62e91f31e21:group-318676057BE1 changes to CANDIDATE, lastRpcTime:5165, electionTimeout:5163ms
2019-09-28 01:25:08,530 [Thread-244] INFO  impl.RoleInfo (RoleInfo.java:shutdownFollowerState(121)) - 2fe43e1f-7e2f-40c0-92e9-c62e91f31e21: shutdown FollowerState
2019-09-28 01:25:08,530 [Thread-244] INFO  impl.RaftServerImpl (RaftServerImpl.java:setRole(174)) - 2fe43e1f-7e2f-40c0-92e9-c62e91f31e21@group-318676057BE1: changes role from  FOLLOWER to CANDIDATE at term 0 for changeToCandidate
2019-09-28 01:25:08,531 [Thread-244] INFO  impl.RoleInfo (RoleInfo.java:updateAndGet(143)) - 2fe43e1f-7e2f-40c0-92e9-c62e91f31e21: start LeaderElection
2019-09-28 01:25:08,545 [Thread-247] INFO  impl.FollowerState (FollowerState.java:run(106)) - d8c2ed96-3ddc-486a-9aeb-952e04a79e03:group-4FF00E6A7D43 changes to CANDIDATE, lastRpcTime:5007, electionTimeout:5007ms
2019-09-28 01:25:08,545 [Thread-247] INFO  impl.RoleInfo (RoleInfo.java:shutdownFollowerState(121)) - d8c2ed96-3ddc-486a-9aeb-952e04a79e03: shutdown FollowerState
2019-09-28 01:25:08,545 [Thread-247] INFO  impl.RaftServerImpl (RaftServerImpl.java:setRole(174)) - d8c2ed96-3ddc-486a-9aeb-952e04a79e03@group-4FF00E6A7D43: changes role from  FOLLOWER to CANDIDATE at term 0 for changeToCandidate
2019-09-28 01:25:08,545 [Thread-247] INFO  impl.RoleInfo (RoleInfo.java:updateAndGet(143)) - d8c2ed96-3ddc-486a-9aeb-952e04a79e03: start LeaderElection
2019-09-28 01:25:08,550 [2fe43e1f-7e2f-40c0-92e9-c62e91f31e21@group-318676057BE1:LeaderElection2] INFO  impl.LeaderElection (LeaderElection.java:askForVotes(182)) - 2fe43e1f-7e2f-40c0-92e9-c62e91f31e21@group-318676057BE1:LeaderElection2: begin an election at term 1 for -1: [2fe43e1f-7e2f-40c0-92e9-c62e91f31e21:192.168.151.82:35015], old=null
2019-09-28 01:25:08,552 [2fe43e1f-7e2f-40c0-92e9-c62e91f31e21@group-318676057BE1:LeaderElection2] INFO  impl.RoleInfo (RoleInfo.java:shutdownLeaderElection(134)) - 2fe43e1f-7e2f-40c0-92e9-c62e91f31e21: shutdown LeaderElection
2019-09-28 01:25:08,552 [2fe43e1f-7e2f-40c0-92e9-c62e91f31e21@group-318676057BE1:LeaderElection2] INFO  impl.RaftServerImpl (RaftServerImpl.java:setRole(174)) - 2fe43e1f-7e2f-40c0-92e9-c62e91f31e21@group-318676057BE1: changes role from CANDIDATE to LEADER at term 1 for changeToLeader
2019-09-28 01:25:08,552 [2fe43e1f-7e2f-40c0-92e9-c62e91f31e21@group-318676057BE1:LeaderElection2] INFO  impl.RaftServerImpl (ServerState.java:setLeader(253)) - 2fe43e1f-7e2f-40c0-92e9-c62e91f31e21@group-318676057BE1: change Leader from null to 2fe43e1f-7e2f-40c0-92e9-c62e91f31e21 at term 1 for becomeLeader, leader elected after 5211ms
2019-09-28 01:25:08,554 [2fe43e1f-7e2f-40c0-92e9-c62e91f31e21@group-318676057BE1:LeaderElection2] INFO  server.RaftServerConfigKeys (ConfUtils.java:logGet(43)) - raft.server.staging.catchup.gap = 1000 (default)
2019-09-28 01:25:08,554 [2fe43e1f-7e2f-40c0-92e9-c62e91f31e21@group-318676057BE1:LeaderElection2] INFO  server.RaftServerConfigKeys (ConfUtils.java:logGet(43)) - raft.server.rpc.sleep.time = 25ms (default)
2019-09-28 01:25:08,555 [2fe43e1f-7e2f-40c0-92e9-c62e91f31e21@group-318676057BE1:LeaderElection2] INFO  server.RaftServerConfigKeys (ConfUtils.java:logGet(43)) - raft.server.write.element-limit = 4096 (default)
2019-09-28 01:25:08,555 [2fe43e1f-7e2f-40c0-92e9-c62e91f31e21@group-318676057BE1:LeaderElection2] INFO  server.RaftServerConfigKeys (ConfUtils.java:logGet(43)) - raft.server.watch.timeout = 10s (default)
2019-09-28 01:25:08,555 [2fe43e1f-7e2f-40c0-92e9-c62e91f31e21@group-318676057BE1:LeaderElection2] INFO  server.RaftServerConfigKeys (ConfUtils.java:logGet(43)) - raft.server.watch.timeout.denomination = 1s (default)
2019-09-28 01:25:08,555 [2fe43e1f-7e2f-40c0-92e9-c62e91f31e21@group-318676057BE1:LeaderElection2] INFO  server.RaftServerConfigKeys (ConfUtils.java:logGet(43)) - raft.server.watch.element-limit = 65536 (default)
2019-09-28 01:25:08,559 [2fe43e1f-7e2f-40c0-92e9-c62e91f31e21@group-318676057BE1:LeaderElection2] INFO  impl.RoleInfo (RoleInfo.java:updateAndGet(143)) - 2fe43e1f-7e2f-40c0-92e9-c62e91f31e21: start LeaderState
2019-09-28 01:25:08,559 [2fe43e1f-7e2f-40c0-92e9-c62e91f31e21@group-318676057BE1:LeaderElection2] INFO  segmented.SegmentedRaftLogWorker (SegmentedRaftLogWorker.java:startLogSegment(380)) - 2fe43e1f-7e2f-40c0-92e9-c62e91f31e21@group-318676057BE1-SegmentedRaftLogWorker: Starting segment from index:0
2019-09-28 01:25:08,560 [2fe43e1f-7e2f-40c0-92e9-c62e91f31e21@group-318676057BE1:LeaderElection2] INFO  impl.RaftServerImpl (ServerState.java:setRaftConf(354)) - 2fe43e1f-7e2f-40c0-92e9-c62e91f31e21@group-318676057BE1: set configuration 0: [2fe43e1f-7e2f-40c0-92e9-c62e91f31e21:192.168.151.82:35015], old=null at 0
2019-09-28 01:25:08,564 [d8c2ed96-3ddc-486a-9aeb-952e04a79e03@group-4FF00E6A7D43:LeaderElection3] INFO  impl.LeaderElection (LeaderElection.java:askForVotes(182)) - d8c2ed96-3ddc-486a-9aeb-952e04a79e03@group-4FF00E6A7D43:LeaderElection3: begin an election at term 1 for -1: [d8c2ed96-3ddc-486a-9aeb-952e04a79e03:192.168.151.82:42699], old=null
2019-09-28 01:25:08,564 [d8c2ed96-3ddc-486a-9aeb-952e04a79e03@group-4FF00E6A7D43:LeaderElection3] INFO  impl.RoleInfo (RoleInfo.java:shutdownLeaderElection(134)) - d8c2ed96-3ddc-486a-9aeb-952e04a79e03: shutdown LeaderElection
2019-09-28 01:25:08,565 [d8c2ed96-3ddc-486a-9aeb-952e04a79e03@group-4FF00E6A7D43:LeaderElection3] INFO  impl.RaftServerImpl (RaftServerImpl.java:setRole(174)) - d8c2ed96-3ddc-486a-9aeb-952e04a79e03@group-4FF00E6A7D43: changes role from CANDIDATE to LEADER at term 1 for changeToLeader
2019-09-28 01:25:08,565 [d8c2ed96-3ddc-486a-9aeb-952e04a79e03@group-4FF00E6A7D43:LeaderElection3] INFO  impl.RaftServerImpl (ServerState.java:setLeader(253)) - d8c2ed96-3ddc-486a-9aeb-952e04a79e03@group-4FF00E6A7D43: change Leader from null to d8c2ed96-3ddc-486a-9aeb-952e04a79e03 at term 1 for becomeLeader, leader elected after 5089ms
2019-09-28 01:25:08,567 [d8c2ed96-3ddc-486a-9aeb-952e04a79e03@group-4FF00E6A7D43:LeaderElection3] INFO  server.RaftServerConfigKeys (ConfUtils.java:logGet(43)) - raft.server.staging.catchup.gap = 1000 (default)
2019-09-28 01:25:08,567 [d8c2ed96-3ddc-486a-9aeb-952e04a79e03@group-4FF00E6A7D43:LeaderElection3] INFO  server.RaftServerConfigKeys (ConfUtils.java:logGet(43)) - raft.server.rpc.sleep.time = 25ms (default)
2019-09-28 01:25:08,567 [d8c2ed96-3ddc-486a-9aeb-952e04a79e03@group-4FF00E6A7D43:LeaderElection3] INFO  server.RaftServerConfigKeys (ConfUtils.java:logGet(43)) - raft.server.write.element-limit = 4096 (default)
2019-09-28 01:25:08,567 [d8c2ed96-3ddc-486a-9aeb-952e04a79e03@group-4FF00E6A7D43:LeaderElection3] INFO  server.RaftServerConfigKeys (ConfUtils.java:logGet(43)) - raft.server.watch.timeout = 10s (default)
2019-09-28 01:25:08,567 [d8c2ed96-3ddc-486a-9aeb-952e04a79e03@group-4FF00E6A7D43:LeaderElection3] INFO  server.RaftServerConfigKeys (ConfUtils.java:logGet(43)) - raft.server.watch.timeout.denomination = 1s (default)
2019-09-28 01:25:08,568 [d8c2ed96-3ddc-486a-9aeb-952e04a79e03@group-4FF00E6A7D43:LeaderElection3] INFO  server.RaftServerConfigKeys (ConfUtils.java:logGet(43)) - raft.server.watch.element-limit = 65536 (default)
2019-09-28 01:25:08,571 [d8c2ed96-3ddc-486a-9aeb-952e04a79e03@group-4FF00E6A7D43:LeaderElection3] INFO  impl.RoleInfo (RoleInfo.java:updateAndGet(143)) - d8c2ed96-3ddc-486a-9aeb-952e04a79e03: start LeaderState
2019-09-28 01:25:08,571 [d8c2ed96-3ddc-486a-9aeb-952e04a79e03@group-4FF00E6A7D43:LeaderElection3] INFO  segmented.SegmentedRaftLogWorker (SegmentedRaftLogWorker.java:startLogSegment(380)) - d8c2ed96-3ddc-486a-9aeb-952e04a79e03@group-4FF00E6A7D43-SegmentedRaftLogWorker: Starting segment from index:0
2019-09-28 01:25:08,572 [d8c2ed96-3ddc-486a-9aeb-952e04a79e03@group-4FF00E6A7D43:LeaderElection3] INFO  impl.RaftServerImpl (ServerState.java:setRaftConf(354)) - d8c2ed96-3ddc-486a-9aeb-952e04a79e03@group-4FF00E6A7D43: set configuration 0: [d8c2ed96-3ddc-486a-9aeb-952e04a79e03:192.168.151.82:42699], old=null at 0
2019-09-28 01:25:08,625 [2fe43e1f-7e2f-40c0-92e9-c62e91f31e21@group-318676057BE1-SegmentedRaftLogWorker] INFO  segmented.SegmentedRaftLogWorker (SegmentedRaftLogWorker.java:execute(569)) - 2fe43e1f-7e2f-40c0-92e9-c62e91f31e21@group-318676057BE1-SegmentedRaftLogWorker: created new log segment /workdir/hadoop-ozone/integration-test/target/test-dir/MiniOzoneClusterImpl-ac0b8f5e-74a5-447c-bcf0-adf0e0b10ad0/datanode-1/data/ratis/8c4b8525-ea43-4b89-84d2-318676057be1/current/log_inprogress_0
2019-09-28 01:25:08,625 [d8c2ed96-3ddc-486a-9aeb-952e04a79e03@group-4FF00E6A7D43-SegmentedRaftLogWorker] INFO  segmented.SegmentedRaftLogWorker (SegmentedRaftLogWorker.java:execute(569)) - d8c2ed96-3ddc-486a-9aeb-952e04a79e03@group-4FF00E6A7D43-SegmentedRaftLogWorker: created new log segment /workdir/hadoop-ozone/integration-test/target/test-dir/MiniOzoneClusterImpl-ac0b8f5e-74a5-447c-bcf0-adf0e0b10ad0/datanode-6/data/ratis/08deab31-8b7a-4156-9cbc-4ff00e6a7d43/current/log_inprogress_0
2019-09-28 01:25:08,625 [d6a6e65c-a134-442b-b704-25eab67c9a5d@group-B2EA8D82F214-SegmentedRaftLogWorker] INFO  segmented.SegmentedRaftLogWorker (SegmentedRaftLogWorker.java:execute(569)) - d6a6e65c-a134-442b-b704-25eab67c9a5d@group-B2EA8D82F214-SegmentedRaftLogWorker: created new log segment /workdir/hadoop-ozone/integration-test/target/test-dir/MiniOzoneClusterImpl-ac0b8f5e-74a5-447c-bcf0-adf0e0b10ad0/datanode-0/data/ratis/044e72cb-9d5b-4879-8b3b-b2ea8d82f214/current/log_inprogress_0
2019-09-28 01:25:08,815 [Thread-253] INFO  impl.FollowerState (FollowerState.java:run(106)) - f80ebd0f-9459-4fcf-a92e-ad251c227da2:group-7FEEEAD5071E changes to CANDIDATE, lastRpcTime:5088, electionTimeout:5088ms
2019-09-28 01:25:08,816 [Thread-253] INFO  impl.RoleInfo (RoleInfo.java:shutdownFollowerState(121)) - f80ebd0f-9459-4fcf-a92e-ad251c227da2: shutdown FollowerState
2019-09-28 01:25:08,816 [Thread-253] INFO  impl.RaftServerImpl (RaftServerImpl.java:setRole(174)) - f80ebd0f-9459-4fcf-a92e-ad251c227da2@group-7FEEEAD5071E: changes role from  FOLLOWER to CANDIDATE at term 0 for changeToCandidate
2019-09-28 01:25:08,816 [Thread-253] INFO  impl.RoleInfo (RoleInfo.java:updateAndGet(143)) - f80ebd0f-9459-4fcf-a92e-ad251c227da2: start LeaderElection
2019-09-28 01:25:08,822 [Thread-250] INFO  impl.FollowerState (FollowerState.java:run(106)) - 254bd34b-da93-4b49-ba56-65596765e095:group-837AC728C0E8 changes to CANDIDATE, lastRpcTime:5179, electionTimeout:5178ms
2019-09-28 01:25:08,822 [Thread-250] INFO  impl.RoleInfo (RoleInfo.java:shutdownFollowerState(121)) - 254bd34b-da93-4b49-ba56-65596765e095: shutdown FollowerState
2019-09-28 01:25:08,823 [Thread-250] INFO  impl.RaftServerImpl (RaftServerImpl.java:setRole(174)) - 254bd34b-da93-4b49-ba56-65596765e095@group-837AC728C0E8: changes role from  FOLLOWER to CANDIDATE at term 0 for changeToCandidate
2019-09-28 01:25:08,823 [Thread-250] INFO  impl.RoleInfo (RoleInfo.java:updateAndGet(143)) - 254bd34b-da93-4b49-ba56-65596765e095: start LeaderElection
2019-09-28 01:25:08,836 [f80ebd0f-9459-4fcf-a92e-ad251c227da2@group-7FEEEAD5071E:LeaderElection4] INFO  impl.LeaderElection (LeaderElection.java:askForVotes(182)) - f80ebd0f-9459-4fcf-a92e-ad251c227da2@group-7FEEEAD5071E:LeaderElection4: begin an election at term 1 for -1: [f80ebd0f-9459-4fcf-a92e-ad251c227da2:192.168.151.82:34687], old=null
2019-09-28 01:25:08,836 [254bd34b-da93-4b49-ba56-65596765e095@group-837AC728C0E8:LeaderElection5] INFO  impl.LeaderElection (LeaderElection.java:askForVotes(182)) - 254bd34b-da93-4b49-ba56-65596765e095@group-837AC728C0E8:LeaderElection5: begin an election at term 1 for -1: [254bd34b-da93-4b49-ba56-65596765e095:192.168.151.82:42298], old=null
2019-09-28 01:25:08,837 [f80ebd0f-9459-4fcf-a92e-ad251c227da2@group-7FEEEAD5071E:LeaderElection4] INFO  impl.RoleInfo (RoleInfo.java:shutdownLeaderElection(134)) - f80ebd0f-9459-4fcf-a92e-ad251c227da2: shutdown LeaderElection
2019-09-28 01:25:08,837 [254bd34b-da93-4b49-ba56-65596765e095@group-837AC728C0E8:LeaderElection5] INFO  impl.RoleInfo (RoleInfo.java:shutdownLeaderElection(134)) - 254bd34b-da93-4b49-ba56-65596765e095: shutdown LeaderElection
2019-09-28 01:25:08,837 [f80ebd0f-9459-4fcf-a92e-ad251c227da2@group-7FEEEAD5071E:LeaderElection4] INFO  impl.RaftServerImpl (RaftServerImpl.java:setRole(174)) - f80ebd0f-9459-4fcf-a92e-ad251c227da2@group-7FEEEAD5071E: changes role from CANDIDATE to LEADER at term 1 for changeToLeader
2019-09-28 01:25:08,837 [254bd34b-da93-4b49-ba56-65596765e095@group-837AC728C0E8:LeaderElection5] INFO  impl.RaftServerImpl (RaftServerImpl.java:setRole(174)) - 254bd34b-da93-4b49-ba56-65596765e095@group-837AC728C0E8: changes role from CANDIDATE to LEADER at term 1 for changeToLeader
2019-09-28 01:25:08,837 [f80ebd0f-9459-4fcf-a92e-ad251c227da2@group-7FEEEAD5071E:LeaderElection4] INFO  impl.RaftServerImpl (ServerState.java:setLeader(253)) - f80ebd0f-9459-4fcf-a92e-ad251c227da2@group-7FEEEAD5071E: change Leader from null to f80ebd0f-9459-4fcf-a92e-ad251c227da2 at term 1 for becomeLeader, leader elected after 5120ms
2019-09-28 01:25:08,837 [254bd34b-da93-4b49-ba56-65596765e095@group-837AC728C0E8:LeaderElection5] INFO  impl.RaftServerImpl (ServerState.java:setLeader(253)) - 254bd34b-da93-4b49-ba56-65596765e095@group-837AC728C0E8: change Leader from null to 254bd34b-da93-4b49-ba56-65596765e095 at term 1 for becomeLeader, leader elected after 5217ms
2019-09-28 01:25:08,839 [f80ebd0f-9459-4fcf-a92e-ad251c227da2@group-7FEEEAD5071E:LeaderElection4] INFO  server.RaftServerConfigKeys (ConfUtils.java:logGet(43)) - raft.server.staging.catchup.gap = 1000 (default)
2019-09-28 01:25:08,841 [254bd34b-da93-4b49-ba56-65596765e095@group-837AC728C0E8:LeaderElection5] INFO  server.RaftServerConfigKeys (ConfUtils.java:logGet(43)) - raft.server.staging.catchup.gap = 1000 (default)
2019-09-28 01:25:08,841 [f80ebd0f-9459-4fcf-a92e-ad251c227da2@group-7FEEEAD5071E:LeaderElection4] INFO  server.RaftServerConfigKeys (ConfUtils.java:logGet(43)) - raft.server.rpc.sleep.time = 25ms (default)
2019-09-28 01:25:08,841 [254bd34b-da93-4b49-ba56-65596765e095@group-837AC728C0E8:LeaderElection5] INFO  server.RaftServerConfigKeys (ConfUtils.java:logGet(43)) - raft.server.rpc.sleep.time = 25ms (default)
2019-09-28 01:25:08,842 [f80ebd0f-9459-4fcf-a92e-ad251c227da2@group-7FEEEAD5071E:LeaderElection4] INFO  server.RaftServerConfigKeys (ConfUtils.java:logGet(43)) - raft.server.write.element-limit = 4096 (default)
2019-09-28 01:25:08,842 [254bd34b-da93-4b49-ba56-65596765e095@group-837AC728C0E8:LeaderElection5] INFO  server.RaftServerConfigKeys (ConfUtils.java:logGet(43)) - raft.server.write.element-limit = 4096 (default)
2019-09-28 01:25:08,842 [f80ebd0f-9459-4fcf-a92e-ad251c227da2@group-7FEEEAD5071E:LeaderElection4] INFO  server.RaftServerConfigKeys (ConfUtils.java:logGet(43)) - raft.server.watch.timeout = 10s (default)
2019-09-28 01:25:08,842 [254bd34b-da93-4b49-ba56-65596765e095@group-837AC728C0E8:LeaderElection5] INFO  server.RaftServerConfigKeys (ConfUtils.java:logGet(43)) - raft.server.watch.timeout = 10s (default)
2019-09-28 01:25:08,842 [f80ebd0f-9459-4fcf-a92e-ad251c227da2@group-7FEEEAD5071E:LeaderElection4] INFO  server.RaftServerConfigKeys (ConfUtils.java:logGet(43)) - raft.server.watch.timeout.denomination = 1s (default)
2019-09-28 01:25:08,842 [254bd34b-da93-4b49-ba56-65596765e095@group-837AC728C0E8:LeaderElection5] INFO  server.RaftServerConfigKeys (ConfUtils.java:logGet(43)) - raft.server.watch.timeout.denomination = 1s (default)
2019-09-28 01:25:08,842 [f80ebd0f-9459-4fcf-a92e-ad251c227da2@group-7FEEEAD5071E:LeaderElection4] INFO  server.RaftServerConfigKeys (ConfUtils.java:logGet(43)) - raft.server.watch.element-limit = 65536 (default)
2019-09-28 01:25:08,843 [254bd34b-da93-4b49-ba56-65596765e095@group-837AC728C0E8:LeaderElection5] INFO  server.RaftServerConfigKeys (ConfUtils.java:logGet(43)) - raft.server.watch.element-limit = 65536 (default)
2019-09-28 01:25:08,846 [f80ebd0f-9459-4fcf-a92e-ad251c227da2@group-7FEEEAD5071E:LeaderElection4] INFO  impl.RoleInfo (RoleInfo.java:updateAndGet(143)) - f80ebd0f-9459-4fcf-a92e-ad251c227da2: start LeaderState
2019-09-28 01:25:08,847 [f80ebd0f-9459-4fcf-a92e-ad251c227da2@group-7FEEEAD5071E:LeaderElection4] INFO  segmented.SegmentedRaftLogWorker (SegmentedRaftLogWorker.java:startLogSegment(380)) - f80ebd0f-9459-4fcf-a92e-ad251c227da2@group-7FEEEAD5071E-SegmentedRaftLogWorker: Starting segment from index:0
2019-09-28 01:25:08,847 [254bd34b-da93-4b49-ba56-65596765e095@group-837AC728C0E8:LeaderElection5] INFO  impl.RoleInfo (RoleInfo.java:updateAndGet(143)) - 254bd34b-da93-4b49-ba56-65596765e095: start LeaderState
2019-09-28 01:25:08,847 [254bd34b-da93-4b49-ba56-65596765e095@group-837AC728C0E8:LeaderElection5] INFO  segmented.SegmentedRaftLogWorker (SegmentedRaftLogWorker.java:startLogSegment(380)) - 254bd34b-da93-4b49-ba56-65596765e095@group-837AC728C0E8-SegmentedRaftLogWorker: Starting segment from index:0
2019-09-28 01:25:08,847 [f80ebd0f-9459-4fcf-a92e-ad251c227da2@group-7FEEEAD5071E:LeaderElection4] INFO  impl.RaftServerImpl (ServerState.java:setRaftConf(354)) - f80ebd0f-9459-4fcf-a92e-ad251c227da2@group-7FEEEAD5071E: set configuration 0: [f80ebd0f-9459-4fcf-a92e-ad251c227da2:192.168.151.82:34687], old=null at 0
2019-09-28 01:25:08,892 [254bd34b-da93-4b49-ba56-65596765e095@group-837AC728C0E8:LeaderElection5] INFO  impl.RaftServerImpl (ServerState.java:setRaftConf(354)) - 254bd34b-da93-4b49-ba56-65596765e095@group-837AC728C0E8: set configuration 0: [254bd34b-da93-4b49-ba56-65596765e095:192.168.151.82:42298], old=null at 0
2019-09-28 01:25:08,936 [Thread-256] INFO  impl.FollowerState (FollowerState.java:run(106)) - 3ef39b63-8ca3-4bd0-895a-baafa112e0b9:group-FB6EDD0779D0 changes to CANDIDATE, lastRpcTime:5117, electionTimeout:5114ms
2019-09-28 01:25:08,936 [f80ebd0f-9459-4fcf-a92e-ad251c227da2@group-7FEEEAD5071E-SegmentedRaftLogWorker] INFO  segmented.SegmentedRaftLogWorker (SegmentedRaftLogWorker.java:execute(569)) - f80ebd0f-9459-4fcf-a92e-ad251c227da2@group-7FEEEAD5071E-SegmentedRaftLogWorker: created new log segment /workdir/hadoop-ozone/integration-test/target/test-dir/MiniOzoneClusterImpl-ac0b8f5e-74a5-447c-bcf0-adf0e0b10ad0/datanode-4/data/ratis/e72f4531-1db8-47d5-815d-7feeead5071e/current/log_inprogress_0
2019-09-28 01:25:08,936 [Thread-256] INFO  impl.RoleInfo (RoleInfo.java:shutdownFollowerState(121)) - 3ef39b63-8ca3-4bd0-895a-baafa112e0b9: shutdown FollowerState
2019-09-28 01:25:08,936 [Thread-256] INFO  impl.RaftServerImpl (RaftServerImpl.java:setRole(174)) - 3ef39b63-8ca3-4bd0-895a-baafa112e0b9@group-FB6EDD0779D0: changes role from  FOLLOWER to CANDIDATE at term 0 for changeToCandidate
2019-09-28 01:25:08,937 [Thread-256] INFO  impl.RoleInfo (RoleInfo.java:updateAndGet(143)) - 3ef39b63-8ca3-4bd0-895a-baafa112e0b9: start LeaderElection
2019-09-28 01:25:08,949 [254bd34b-da93-4b49-ba56-65596765e095@group-837AC728C0E8-SegmentedRaftLogWorker] INFO  segmented.SegmentedRaftLogWorker (SegmentedRaftLogWorker.java:execute(569)) - 254bd34b-da93-4b49-ba56-65596765e095@group-837AC728C0E8-SegmentedRaftLogWorker: created new log segment /workdir/hadoop-ozone/integration-test/target/test-dir/MiniOzoneClusterImpl-ac0b8f5e-74a5-447c-bcf0-adf0e0b10ad0/datanode-2/data/ratis/abd43b8a-3802-4c0e-b685-837ac728c0e8/current/log_inprogress_0
2019-09-28 01:25:08,949 [3ef39b63-8ca3-4bd0-895a-baafa112e0b9@group-FB6EDD0779D0:LeaderElection6] INFO  impl.LeaderElection (LeaderElection.java:askForVotes(182)) - 3ef39b63-8ca3-4bd0-895a-baafa112e0b9@group-FB6EDD0779D0:LeaderElection6: begin an election at term 1 for -1: [3ef39b63-8ca3-4bd0-895a-baafa112e0b9:192.168.151.82:39163], old=null
2019-09-28 01:25:08,949 [3ef39b63-8ca3-4bd0-895a-baafa112e0b9@group-FB6EDD0779D0:LeaderElection6] INFO  impl.RoleInfo (RoleInfo.java:shutdownLeaderElection(134)) - 3ef39b63-8ca3-4bd0-895a-baafa112e0b9: shutdown LeaderElection
2019-09-28 01:25:08,949 [3ef39b63-8ca3-4bd0-895a-baafa112e0b9@group-FB6EDD0779D0:LeaderElection6] INFO  impl.RaftServerImpl (RaftServerImpl.java:setRole(174)) - 3ef39b63-8ca3-4bd0-895a-baafa112e0b9@group-FB6EDD0779D0: changes role from CANDIDATE to LEADER at term 1 for changeToLeader
2019-09-28 01:25:08,949 [3ef39b63-8ca3-4bd0-895a-baafa112e0b9@group-FB6EDD0779D0:LeaderElection6] INFO  impl.RaftServerImpl (ServerState.java:setLeader(253)) - 3ef39b63-8ca3-4bd0-895a-baafa112e0b9@group-FB6EDD0779D0: change Leader from null to 3ef39b63-8ca3-4bd0-895a-baafa112e0b9 at term 1 for becomeLeader, leader elected after 5144ms
2019-09-28 01:25:08,952 [3ef39b63-8ca3-4bd0-895a-baafa112e0b9@group-FB6EDD0779D0:LeaderElection6] INFO  server.RaftServerConfigKeys (ConfUtils.java:logGet(43)) - raft.server.staging.catchup.gap = 1000 (default)
2019-09-28 01:25:08,952 [3ef39b63-8ca3-4bd0-895a-baafa112e0b9@group-FB6EDD0779D0:LeaderElection6] INFO  server.RaftServerConfigKeys (ConfUtils.java:logGet(43)) - raft.server.rpc.sleep.time = 25ms (default)
2019-09-28 01:25:08,952 [3ef39b63-8ca3-4bd0-895a-baafa112e0b9@group-FB6EDD0779D0:LeaderElection6] INFO  server.RaftServerConfigKeys (ConfUtils.java:logGet(43)) - raft.server.write.element-limit = 4096 (default)
2019-09-28 01:25:08,953 [3ef39b63-8ca3-4bd0-895a-baafa112e0b9@group-FB6EDD0779D0:LeaderElection6] INFO  server.RaftServerConfigKeys (ConfUtils.java:logGet(43)) - raft.server.watch.timeout = 10s (default)
2019-09-28 01:25:08,953 [3ef39b63-8ca3-4bd0-895a-baafa112e0b9@group-FB6EDD0779D0:LeaderElection6] INFO  server.RaftServerConfigKeys (ConfUtils.java:logGet(43)) - raft.server.watch.timeout.denomination = 1s (default)
2019-09-28 01:25:08,953 [3ef39b63-8ca3-4bd0-895a-baafa112e0b9@group-FB6EDD0779D0:LeaderElection6] INFO  server.RaftServerConfigKeys (ConfUtils.java:logGet(43)) - raft.server.watch.element-limit = 65536 (default)
2019-09-28 01:25:08,957 [3ef39b63-8ca3-4bd0-895a-baafa112e0b9@group-FB6EDD0779D0:LeaderElection6] INFO  impl.RoleInfo (RoleInfo.java:updateAndGet(143)) - 3ef39b63-8ca3-4bd0-895a-baafa112e0b9: start LeaderState
2019-09-28 01:25:08,958 [3ef39b63-8ca3-4bd0-895a-baafa112e0b9@group-FB6EDD0779D0:LeaderElection6] INFO  segmented.SegmentedRaftLogWorker (SegmentedRaftLogWorker.java:startLogSegment(380)) - 3ef39b63-8ca3-4bd0-895a-baafa112e0b9@group-FB6EDD0779D0-SegmentedRaftLogWorker: Starting segment from index:0
2019-09-28 01:25:08,958 [3ef39b63-8ca3-4bd0-895a-baafa112e0b9@group-FB6EDD0779D0:LeaderElection6] INFO  impl.RaftServerImpl (ServerState.java:setRaftConf(354)) - 3ef39b63-8ca3-4bd0-895a-baafa112e0b9@group-FB6EDD0779D0: set configuration 0: [3ef39b63-8ca3-4bd0-895a-baafa112e0b9:192.168.151.82:39163], old=null at 0
2019-09-28 01:25:09,012 [3ef39b63-8ca3-4bd0-895a-baafa112e0b9@group-FB6EDD0779D0-SegmentedRaftLogWorker] INFO  segmented.SegmentedRaftLogWorker (SegmentedRaftLogWorker.java:execute(569)) - 3ef39b63-8ca3-4bd0-895a-baafa112e0b9@group-FB6EDD0779D0-SegmentedRaftLogWorker: created new log segment /workdir/hadoop-ozone/integration-test/target/test-dir/MiniOzoneClusterImpl-ac0b8f5e-74a5-447c-bcf0-adf0e0b10ad0/datanode-3/data/ratis/ddcc0f96-6d15-4368-87d0-fb6edd0779d0/current/log_inprogress_0
2019-09-28 01:25:09,029 [Thread-267] INFO  impl.FollowerState (FollowerState.java:run(106)) - d8c2ed96-3ddc-486a-9aeb-952e04a79e03:group-4AB4EC776CE3 changes to CANDIDATE, lastRpcTime:5018, electionTimeout:5018ms
2019-09-28 01:25:09,030 [Thread-267] INFO  impl.RoleInfo (RoleInfo.java:shutdownFollowerState(121)) - d8c2ed96-3ddc-486a-9aeb-952e04a79e03: shutdown FollowerState
2019-09-28 01:25:09,030 [Thread-267] INFO  impl.RaftServerImpl (RaftServerImpl.java:setRole(174)) - d8c2ed96-3ddc-486a-9aeb-952e04a79e03@group-4AB4EC776CE3: changes role from  FOLLOWER to CANDIDATE at term 0 for changeToCandidate
2019-09-28 01:25:09,030 [Thread-267] INFO  impl.RoleInfo (RoleInfo.java:updateAndGet(143)) - d8c2ed96-3ddc-486a-9aeb-952e04a79e03: start LeaderElection
2019-09-28 01:25:09,050 [Thread-259] INFO  impl.FollowerState (FollowerState.java:run(106)) - 6b6addbe-5148-4abe-a401-3ae10b16763b:group-C7720D9E3C31 changes to CANDIDATE, lastRpcTime:5147, electionTimeout:5144ms
2019-09-28 01:25:09,050 [Thread-259] INFO  impl.RoleInfo (RoleInfo.java:shutdownFollowerState(121)) - 6b6addbe-5148-4abe-a401-3ae10b16763b: shutdown FollowerState
2019-09-28 01:25:09,051 [Thread-259] INFO  impl.RaftServerImpl (RaftServerImpl.java:setRole(174)) - 6b6addbe-5148-4abe-a401-3ae10b16763b@group-C7720D9E3C31: changes role from  FOLLOWER to CANDIDATE at term 0 for changeToCandidate
2019-09-28 01:25:09,051 [Thread-259] INFO  impl.RoleInfo (RoleInfo.java:updateAndGet(143)) - 6b6addbe-5148-4abe-a401-3ae10b16763b: start LeaderElection
2019-09-28 01:25:09,058 [Thread-263] INFO  impl.FollowerState (FollowerState.java:run(106)) - 2fe43e1f-7e2f-40c0-92e9-c62e91f31e21:group-4AB4EC776CE3 changes to CANDIDATE, lastRpcTime:5058, electionTimeout:5058ms
2019-09-28 01:25:09,059 [Thread-263] INFO  impl.RoleInfo (RoleInfo.java:shutdownFollowerState(121)) - 2fe43e1f-7e2f-40c0-92e9-c62e91f31e21: shutdown FollowerState
2019-09-28 01:25:09,059 [Thread-263] INFO  impl.RaftServerImpl (RaftServerImpl.java:setRole(174)) - 2fe43e1f-7e2f-40c0-92e9-c62e91f31e21@group-4AB4EC776CE3: changes role from  FOLLOWER to CANDIDATE at term 0 for changeToCandidate
2019-09-28 01:25:09,059 [Thread-263] INFO  impl.RoleInfo (RoleInfo.java:updateAndGet(143)) - 2fe43e1f-7e2f-40c0-92e9-c62e91f31e21: start LeaderElection
2019-09-28 01:25:09,064 [main] INFO  ipc.Client (Client.java:handleConnectionFailure(948)) - Retrying connect to server: localhost/127.0.0.1:0. Already tried 5 time(s); retry policy is RetryUpToMaximumCountWithFixedSleep(maxRetries=10, sleepTime=1000 MILLISECONDS)
2019-09-28 01:25:09,064 [d8c2ed96-3ddc-486a-9aeb-952e04a79e03@group-4AB4EC776CE3:LeaderElection7] INFO  impl.LeaderElection (LeaderElection.java:askForVotes(182)) - d8c2ed96-3ddc-486a-9aeb-952e04a79e03@group-4AB4EC776CE3:LeaderElection7: begin an election at term 1 for -1: [2fe43e1f-7e2f-40c0-92e9-c62e91f31e21:192.168.151.82:35015, d8c2ed96-3ddc-486a-9aeb-952e04a79e03:192.168.151.82:42699, 254bd34b-da93-4b49-ba56-65596765e095:192.168.151.82:42298], old=null
2019-09-28 01:25:09,064 [6b6addbe-5148-4abe-a401-3ae10b16763b@group-C7720D9E3C31:LeaderElection8] INFO  impl.LeaderElection (LeaderElection.java:askForVotes(182)) - 6b6addbe-5148-4abe-a401-3ae10b16763b@group-C7720D9E3C31:LeaderElection8: begin an election at term 1 for -1: [6b6addbe-5148-4abe-a401-3ae10b16763b:192.168.151.82:36627], old=null
2019-09-28 01:25:09,065 [6b6addbe-5148-4abe-a401-3ae10b16763b@group-C7720D9E3C31:LeaderElection8] INFO  impl.RoleInfo (RoleInfo.java:shutdownLeaderElection(134)) - 6b6addbe-5148-4abe-a401-3ae10b16763b: shutdown LeaderElection
2019-09-28 01:25:09,065 [6b6addbe-5148-4abe-a401-3ae10b16763b@group-C7720D9E3C31:LeaderElection8] INFO  impl.RaftServerImpl (RaftServerImpl.java:setRole(174)) - 6b6addbe-5148-4abe-a401-3ae10b16763b@group-C7720D9E3C31: changes role from CANDIDATE to LEADER at term 1 for changeToLeader
2019-09-28 01:25:09,065 [6b6addbe-5148-4abe-a401-3ae10b16763b@group-C7720D9E3C31:LeaderElection8] INFO  impl.RaftServerImpl (ServerState.java:setLeader(253)) - 6b6addbe-5148-4abe-a401-3ae10b16763b@group-C7720D9E3C31: change Leader from null to 6b6addbe-5148-4abe-a401-3ae10b16763b at term 1 for becomeLeader, leader elected after 5172ms
2019-09-28 01:25:09,067 [6b6addbe-5148-4abe-a401-3ae10b16763b@group-C7720D9E3C31:LeaderElection8] INFO  server.RaftServerConfigKeys (ConfUtils.java:logGet(43)) - raft.server.staging.catchup.gap = 1000 (default)
2019-09-28 01:25:09,067 [6b6addbe-5148-4abe-a401-3ae10b16763b@group-C7720D9E3C31:LeaderElection8] INFO  server.RaftServerConfigKeys (ConfUtils.java:logGet(43)) - raft.server.rpc.sleep.time = 25ms (default)
2019-09-28 01:25:09,067 [6b6addbe-5148-4abe-a401-3ae10b16763b@group-C7720D9E3C31:LeaderElection8] INFO  server.RaftServerConfigKeys (ConfUtils.java:logGet(43)) - raft.server.write.element-limit = 4096 (default)
2019-09-28 01:25:09,068 [6b6addbe-5148-4abe-a401-3ae10b16763b@group-C7720D9E3C31:LeaderElection8] INFO  server.RaftServerConfigKeys (ConfUtils.java:logGet(43)) - raft.server.watch.timeout = 10s (default)
2019-09-28 01:25:09,068 [6b6addbe-5148-4abe-a401-3ae10b16763b@group-C7720D9E3C31:LeaderElection8] INFO  server.RaftServerConfigKeys (ConfUtils.java:logGet(43)) - raft.server.watch.timeout.denomination = 1s (default)
2019-09-28 01:25:09,068 [6b6addbe-5148-4abe-a401-3ae10b16763b@group-C7720D9E3C31:LeaderElection8] INFO  server.RaftServerConfigKeys (ConfUtils.java:logGet(43)) - raft.server.watch.element-limit = 65536 (default)
2019-09-28 01:25:09,073 [6b6addbe-5148-4abe-a401-3ae10b16763b@group-C7720D9E3C31:LeaderElection8] INFO  impl.RoleInfo (RoleInfo.java:updateAndGet(143)) - 6b6addbe-5148-4abe-a401-3ae10b16763b: start LeaderState
2019-09-28 01:25:09,073 [6b6addbe-5148-4abe-a401-3ae10b16763b@group-C7720D9E3C31:LeaderElection8] INFO  segmented.SegmentedRaftLogWorker (SegmentedRaftLogWorker.java:startLogSegment(380)) - 6b6addbe-5148-4abe-a401-3ae10b16763b@group-C7720D9E3C31-SegmentedRaftLogWorker: Starting segment from index:0
2019-09-28 01:25:09,074 [6b6addbe-5148-4abe-a401-3ae10b16763b@group-C7720D9E3C31:LeaderElection8] INFO  impl.RaftServerImpl (ServerState.java:setRaftConf(354)) - 6b6addbe-5148-4abe-a401-3ae10b16763b@group-C7720D9E3C31: set configuration 0: [6b6addbe-5148-4abe-a401-3ae10b16763b:192.168.151.82:36627], old=null at 0
2019-09-28 01:25:09,110 [2fe43e1f-7e2f-40c0-92e9-c62e91f31e21@group-4AB4EC776CE3:LeaderElection9] INFO  impl.LeaderElection (LeaderElection.java:askForVotes(182)) - 2fe43e1f-7e2f-40c0-92e9-c62e91f31e21@group-4AB4EC776CE3:LeaderElection9: begin an election at term 1 for -1: [2fe43e1f-7e2f-40c0-92e9-c62e91f31e21:192.168.151.82:35015, d8c2ed96-3ddc-486a-9aeb-952e04a79e03:192.168.151.82:42699, 254bd34b-da93-4b49-ba56-65596765e095:192.168.151.82:42298], old=null
2019-09-28 01:25:09,123 [6b6addbe-5148-4abe-a401-3ae10b16763b@group-C7720D9E3C31-SegmentedRaftLogWorker] INFO  segmented.SegmentedRaftLogWorker (SegmentedRaftLogWorker.java:execute(569)) - 6b6addbe-5148-4abe-a401-3ae10b16763b@group-C7720D9E3C31-SegmentedRaftLogWorker: created new log segment /workdir/hadoop-ozone/integration-test/target/test-dir/MiniOzoneClusterImpl-ac0b8f5e-74a5-447c-bcf0-adf0e0b10ad0/datanode-5/data/ratis/19e8e257-31b5-46d8-b66e-c7720d9e3c31/current/log_inprogress_0
2019-09-28 01:25:09,145 [grpc-default-executor-0] INFO  impl.RaftServerImpl (RaftServerImpl.java:setRole(174)) - 254bd34b-da93-4b49-ba56-65596765e095@group-4AB4EC776CE3: changes role from  FOLLOWER to FOLLOWER at term 1 for recognizeCandidate:d8c2ed96-3ddc-486a-9aeb-952e04a79e03
2019-09-28 01:25:09,145 [grpc-default-executor-0] INFO  impl.RoleInfo (RoleInfo.java:shutdownFollowerState(121)) - 254bd34b-da93-4b49-ba56-65596765e095: shutdown FollowerState
2019-09-28 01:25:09,145 [grpc-default-executor-0] INFO  impl.RoleInfo (RoleInfo.java:updateAndGet(143)) - 254bd34b-da93-4b49-ba56-65596765e095: start FollowerState
2019-09-28 01:25:09,146 [Thread-266] INFO  impl.FollowerState (FollowerState.java:run(115)) - 254bd34b-da93-4b49-ba56-65596765e095: FollowerState was interrupted: java.lang.InterruptedException: sleep interrupted
2019-09-28 01:25:09,172 [Thread-277] INFO  impl.FollowerState (FollowerState.java:run(106)) - d6a6e65c-a134-442b-b704-25eab67c9a5d:group-24B275C06C45 changes to CANDIDATE, lastRpcTime:5065, electionTimeout:5065ms
2019-09-28 01:25:09,172 [Thread-277] INFO  impl.RoleInfo (RoleInfo.java:shutdownFollowerState(121)) - d6a6e65c-a134-442b-b704-25eab67c9a5d: shutdown FollowerState
2019-09-28 01:25:09,173 [Thread-277] INFO  impl.RaftServerImpl (RaftServerImpl.java:setRole(174)) - d6a6e65c-a134-442b-b704-25eab67c9a5d@group-24B275C06C45: changes role from  FOLLOWER to CANDIDATE at term 0 for changeToCandidate
2019-09-28 01:25:09,173 [Thread-277] INFO  impl.RoleInfo (RoleInfo.java:updateAndGet(143)) - d6a6e65c-a134-442b-b704-25eab67c9a5d: start LeaderElection
2019-09-28 01:25:09,184 [2fe43e1f-7e2f-40c0-92e9-c62e91f31e21@group-4AB4EC776CE3:LeaderElection9] INFO  impl.LeaderElection (LeaderElection.java:logAndReturn(56)) - 2fe43e1f-7e2f-40c0-92e9-c62e91f31e21@group-4AB4EC776CE3:LeaderElection9: Election REJECTED; received 2 response(s) [2fe43e1f-7e2f-40c0-92e9-c62e91f31e21<-d8c2ed96-3ddc-486a-9aeb-952e04a79e03#0:FAIL-t1, 2fe43e1f-7e2f-40c0-92e9-c62e91f31e21<-254bd34b-da93-4b49-ba56-65596765e095#0:FAIL-t1] and 0 exception(s); 2fe43e1f-7e2f-40c0-92e9-c62e91f31e21@group-4AB4EC776CE3:t1, leader=null, voted=2fe43e1f-7e2f-40c0-92e9-c62e91f31e21, raftlog=2fe43e1f-7e2f-40c0-92e9-c62e91f31e21@group-4AB4EC776CE3-SegmentedRaftLog:OPENED:c-1,f-1,i0, conf=-1: [2fe43e1f-7e2f-40c0-92e9-c62e91f31e21:192.168.151.82:35015, d8c2ed96-3ddc-486a-9aeb-952e04a79e03:192.168.151.82:42699, 254bd34b-da93-4b49-ba56-65596765e095:192.168.151.82:42298], old=null
2019-09-28 01:25:09,184 [d8c2ed96-3ddc-486a-9aeb-952e04a79e03@group-4AB4EC776CE3:LeaderElection7] INFO  impl.LeaderElection (LeaderElection.java:logAndReturn(56)) - d8c2ed96-3ddc-486a-9aeb-952e04a79e03@group-4AB4EC776CE3:LeaderElection7: Election PASSED; received 2 response(s) [d8c2ed96-3ddc-486a-9aeb-952e04a79e03<-2fe43e1f-7e2f-40c0-92e9-c62e91f31e21#0:FAIL-t1, d8c2ed96-3ddc-486a-9aeb-952e04a79e03<-254bd34b-da93-4b49-ba56-65596765e095#0:OK-t1] and 0 exception(s); d8c2ed96-3ddc-486a-9aeb-952e04a79e03@group-4AB4EC776CE3:t1, leader=null, voted=d8c2ed96-3ddc-486a-9aeb-952e04a79e03, raftlog=d8c2ed96-3ddc-486a-9aeb-952e04a79e03@group-4AB4EC776CE3-SegmentedRaftLog:OPENED:c-1,f-1,i0, conf=-1: [2fe43e1f-7e2f-40c0-92e9-c62e91f31e21:192.168.151.82:35015, d8c2ed96-3ddc-486a-9aeb-952e04a79e03:192.168.151.82:42699, 254bd34b-da93-4b49-ba56-65596765e095:192.168.151.82:42298], old=null
2019-09-28 01:25:09,184 [2fe43e1f-7e2f-40c0-92e9-c62e91f31e21@group-4AB4EC776CE3:LeaderElection9] INFO  impl.RaftServerImpl (RaftServerImpl.java:setRole(174)) - 2fe43e1f-7e2f-40c0-92e9-c62e91f31e21@group-4AB4EC776CE3: changes role from CANDIDATE to FOLLOWER at term 1 for DISCOVERED_A_NEW_TERM
2019-09-28 01:25:09,185 [d8c2ed96-3ddc-486a-9aeb-952e04a79e03@group-4AB4EC776CE3:LeaderElection7] INFO  impl.RoleInfo (RoleInfo.java:shutdownLeaderElection(134)) - d8c2ed96-3ddc-486a-9aeb-952e04a79e03: shutdown LeaderElection
2019-09-28 01:25:09,187 [2fe43e1f-7e2f-40c0-92e9-c62e91f31e21@group-4AB4EC776CE3:LeaderElection9] INFO  impl.RoleInfo (RoleInfo.java:shutdownLeaderElection(134)) - 2fe43e1f-7e2f-40c0-92e9-c62e91f31e21: shutdown LeaderElection
2019-09-28 01:25:09,190 [d8c2ed96-3ddc-486a-9aeb-952e04a79e03@group-4AB4EC776CE3:LeaderElection7] INFO  impl.RaftServerImpl (RaftServerImpl.java:setRole(174)) - d8c2ed96-3ddc-486a-9aeb-952e04a79e03@group-4AB4EC776CE3: changes role from CANDIDATE to LEADER at term 1 for changeToLeader
2019-09-28 01:25:09,194 [2fe43e1f-7e2f-40c0-92e9-c62e91f31e21@group-4AB4EC776CE3:LeaderElection9] INFO  impl.RoleInfo (RoleInfo.java:updateAndGet(143)) - 2fe43e1f-7e2f-40c0-92e9-c62e91f31e21: start FollowerState
2019-09-28 01:25:09,194 [d8c2ed96-3ddc-486a-9aeb-952e04a79e03@group-4AB4EC776CE3:LeaderElection7] INFO  impl.RaftServerImpl (ServerState.java:setLeader(253)) - d8c2ed96-3ddc-486a-9aeb-952e04a79e03@group-4AB4EC776CE3: change Leader from null to d8c2ed96-3ddc-486a-9aeb-952e04a79e03 at term 1 for becomeLeader, leader elected after 5206ms
2019-09-28 01:25:09,195 [d8c2ed96-3ddc-486a-9aeb-952e04a79e03@group-4AB4EC776CE3:LeaderElection7] INFO  server.RaftServerConfigKeys (ConfUtils.java:logGet(43)) - raft.server.staging.catchup.gap = 1000 (default)
2019-09-28 01:25:09,197 [d8c2ed96-3ddc-486a-9aeb-952e04a79e03@group-4AB4EC776CE3:LeaderElection7] INFO  server.RaftServerConfigKeys (ConfUtils.java:logGet(43)) - raft.server.rpc.sleep.time = 25ms (default)
2019-09-28 01:25:09,197 [d8c2ed96-3ddc-486a-9aeb-952e04a79e03@group-4AB4EC776CE3:LeaderElection7] INFO  server.RaftServerConfigKeys (ConfUtils.java:logGet(43)) - raft.server.write.element-limit = 4096 (default)
2019-09-28 01:25:09,197 [d8c2ed96-3ddc-486a-9aeb-952e04a79e03@group-4AB4EC776CE3:LeaderElection7] INFO  server.RaftServerConfigKeys (ConfUtils.java:logGet(43)) - raft.server.watch.timeout = 10s (default)
2019-09-28 01:25:09,197 [d8c2ed96-3ddc-486a-9aeb-952e04a79e03@group-4AB4EC776CE3:LeaderElection7] INFO  server.RaftServerConfigKeys (ConfUtils.java:logGet(43)) - raft.server.watch.timeout.denomination = 1s (default)
2019-09-28 01:25:09,197 [d8c2ed96-3ddc-486a-9aeb-952e04a79e03@group-4AB4EC776CE3:LeaderElection7] INFO  server.RaftServerConfigKeys (ConfUtils.java:logGet(43)) - raft.server.watch.element-limit = 65536 (default)
2019-09-28 01:25:09,203 [d8c2ed96-3ddc-486a-9aeb-952e04a79e03@group-4AB4EC776CE3:LeaderElection7] INFO  server.RaftServerConfigKeys (ConfUtils.java:logGet(43)) - raft.server.log.appender.snapshot.chunk.size.max = 16MB (=16777216) (default)
2019-09-28 01:25:09,203 [d8c2ed96-3ddc-486a-9aeb-952e04a79e03@group-4AB4EC776CE3:LeaderElection7] INFO  server.RaftServerConfigKeys (ConfUtils.java:logGet(43)) - raft.server.log.appender.buffer.byte-limit = 33554432 (custom)
2019-09-28 01:25:09,204 [d8c2ed96-3ddc-486a-9aeb-952e04a79e03@group-4AB4EC776CE3:LeaderElection7] INFO  server.RaftServerConfigKeys (ConfUtils.java:logGet(43)) - raft.server.log.appender.buffer.element-limit = 1 (custom)
2019-09-28 01:25:09,204 [d6a6e65c-a134-442b-b704-25eab67c9a5d@group-24B275C06C45:LeaderElection10] INFO  impl.LeaderElection (LeaderElection.java:askForVotes(182)) - d6a6e65c-a134-442b-b704-25eab67c9a5d@group-24B275C06C45:LeaderElection10: begin an election at term 1 for -1: [d6a6e65c-a134-442b-b704-25eab67c9a5d:192.168.151.82:37499, f80ebd0f-9459-4fcf-a92e-ad251c227da2:192.168.151.82:34687, 3ef39b63-8ca3-4bd0-895a-baafa112e0b9:192.168.151.82:39163], old=null
2019-09-28 01:25:09,209 [d8c2ed96-3ddc-486a-9aeb-952e04a79e03@group-4AB4EC776CE3:LeaderElection7] INFO  grpc.GrpcConfigKeys$Server (ConfUtils.java:logGet(43)) - raft.grpc.server.leader.outstanding.appends.max = 128 (default)
2019-09-28 01:25:09,217 [d8c2ed96-3ddc-486a-9aeb-952e04a79e03@group-4AB4EC776CE3:LeaderElection7] INFO  server.RaftServerConfigKeys (ConfUtils.java:logGet(43)) - raft.server.rpc.request.timeout = 3000ms (default)
2019-09-28 01:25:09,217 [d8c2ed96-3ddc-486a-9aeb-952e04a79e03@group-4AB4EC776CE3:LeaderElection7] INFO  server.RaftServerConfigKeys (ConfUtils.java:logGet(43)) - raft.server.log.appender.install.snapshot.enabled = false (custom)
2019-09-28 01:25:09,219 [d8c2ed96-3ddc-486a-9aeb-952e04a79e03@group-4AB4EC776CE3:LeaderElection7] INFO  server.RaftServerConfigKeys (ConfUtils.java:logGet(43)) - raft.server.log.appender.snapshot.chunk.size.max = 16MB (=16777216) (default)
2019-09-28 01:25:09,219 [d8c2ed96-3ddc-486a-9aeb-952e04a79e03@group-4AB4EC776CE3:LeaderElection7] INFO  server.RaftServerConfigKeys (ConfUtils.java:logGet(43)) - raft.server.log.appender.buffer.byte-limit = 33554432 (custom)
2019-09-28 01:25:09,219 [d8c2ed96-3ddc-486a-9aeb-952e04a79e03@group-4AB4EC776CE3:LeaderElection7] INFO  server.RaftServerConfigKeys (ConfUtils.java:logGet(43)) - raft.server.log.appender.buffer.element-limit = 1 (custom)
2019-09-28 01:25:09,220 [d8c2ed96-3ddc-486a-9aeb-952e04a79e03@group-4AB4EC776CE3:LeaderElection7] INFO  grpc.GrpcConfigKeys$Server (ConfUtils.java:logGet(43)) - raft.grpc.server.leader.outstanding.appends.max = 128 (default)
2019-09-28 01:25:09,220 [d8c2ed96-3ddc-486a-9aeb-952e04a79e03@group-4AB4EC776CE3:LeaderElection7] INFO  server.RaftServerConfigKeys (ConfUtils.java:logGet(43)) - raft.server.rpc.request.timeout = 3000ms (default)
2019-09-28 01:25:09,220 [d8c2ed96-3ddc-486a-9aeb-952e04a79e03@group-4AB4EC776CE3:LeaderElection7] INFO  server.RaftServerConfigKeys (ConfUtils.java:logGet(43)) - raft.server.log.appender.install.snapshot.enabled = false (custom)
2019-09-28 01:25:09,227 [grpc-default-executor-0] INFO  impl.RaftServerImpl (RaftServerImpl.java:setRole(174)) - 3ef39b63-8ca3-4bd0-895a-baafa112e0b9@group-24B275C06C45: changes role from  FOLLOWER to FOLLOWER at term 1 for recognizeCandidate:d6a6e65c-a134-442b-b704-25eab67c9a5d
2019-09-28 01:25:09,227 [grpc-default-executor-0] INFO  impl.RoleInfo (RoleInfo.java:shutdownFollowerState(121)) - 3ef39b63-8ca3-4bd0-895a-baafa112e0b9: shutdown FollowerState
2019-09-28 01:25:09,227 [grpc-default-executor-3] INFO  impl.RaftServerImpl (RaftServerImpl.java:setRole(174)) - f80ebd0f-9459-4fcf-a92e-ad251c227da2@group-24B275C06C45: changes role from  FOLLOWER to FOLLOWER at term 1 for recognizeCandidate:d6a6e65c-a134-442b-b704-25eab67c9a5d
2019-09-28 01:25:09,227 [grpc-default-executor-0] INFO  impl.RoleInfo (RoleInfo.java:updateAndGet(143)) - 3ef39b63-8ca3-4bd0-895a-baafa112e0b9: start FollowerState
2019-09-28 01:25:09,227 [Thread-273] INFO  impl.FollowerState (FollowerState.java:run(115)) - 3ef39b63-8ca3-4bd0-895a-baafa112e0b9: FollowerState was interrupted: java.lang.InterruptedException: sleep interrupted
2019-09-28 01:25:09,228 [grpc-default-executor-3] INFO  impl.RoleInfo (RoleInfo.java:shutdownFollowerState(121)) - f80ebd0f-9459-4fcf-a92e-ad251c227da2: shutdown FollowerState
2019-09-28 01:25:09,230 [Thread-275] INFO  impl.FollowerState (FollowerState.java:run(115)) - f80ebd0f-9459-4fcf-a92e-ad251c227da2: FollowerState was interrupted: java.lang.InterruptedException: sleep interrupted
2019-09-28 01:25:09,230 [grpc-default-executor-3] INFO  impl.RoleInfo (RoleInfo.java:updateAndGet(143)) - f80ebd0f-9459-4fcf-a92e-ad251c227da2: start FollowerState
2019-09-28 01:25:09,233 [d8c2ed96-3ddc-486a-9aeb-952e04a79e03@group-4AB4EC776CE3:LeaderElection7] INFO  impl.RoleInfo (RoleInfo.java:updateAndGet(143)) - d8c2ed96-3ddc-486a-9aeb-952e04a79e03: start LeaderState
2019-09-28 01:25:09,233 [d8c2ed96-3ddc-486a-9aeb-952e04a79e03@group-4AB4EC776CE3:LeaderElection7] INFO  segmented.SegmentedRaftLogWorker (SegmentedRaftLogWorker.java:startLogSegment(380)) - d8c2ed96-3ddc-486a-9aeb-952e04a79e03@group-4AB4EC776CE3-SegmentedRaftLogWorker: Starting segment from index:0
2019-09-28 01:25:09,234 [d8c2ed96-3ddc-486a-9aeb-952e04a79e03@group-4AB4EC776CE3:LeaderElection7] INFO  impl.RaftServerImpl (ServerState.java:setRaftConf(354)) - d8c2ed96-3ddc-486a-9aeb-952e04a79e03@group-4AB4EC776CE3: set configuration 0: [2fe43e1f-7e2f-40c0-92e9-c62e91f31e21:192.168.151.82:35015, d8c2ed96-3ddc-486a-9aeb-952e04a79e03:192.168.151.82:42699, 254bd34b-da93-4b49-ba56-65596765e095:192.168.151.82:42298], old=null at 0
2019-09-28 01:25:09,283 [d6a6e65c-a134-442b-b704-25eab67c9a5d@group-24B275C06C45:LeaderElection10] INFO  impl.LeaderElection (LeaderElection.java:logAndReturn(56)) - d6a6e65c-a134-442b-b704-25eab67c9a5d@group-24B275C06C45:LeaderElection10: Election PASSED; received 1 response(s) [d6a6e65c-a134-442b-b704-25eab67c9a5d<-3ef39b63-8ca3-4bd0-895a-baafa112e0b9#0:OK-t1] and 0 exception(s); d6a6e65c-a134-442b-b704-25eab67c9a5d@group-24B275C06C45:t1, leader=null, voted=d6a6e65c-a134-442b-b704-25eab67c9a5d, raftlog=d6a6e65c-a134-442b-b704-25eab67c9a5d@group-24B275C06C45-SegmentedRaftLog:OPENED:c-1,f-1,i0, conf=-1: [d6a6e65c-a134-442b-b704-25eab67c9a5d:192.168.151.82:37499, f80ebd0f-9459-4fcf-a92e-ad251c227da2:192.168.151.82:34687, 3ef39b63-8ca3-4bd0-895a-baafa112e0b9:192.168.151.82:39163], old=null
2019-09-28 01:25:09,283 [d6a6e65c-a134-442b-b704-25eab67c9a5d@group-24B275C06C45:LeaderElection10] INFO  impl.RoleInfo (RoleInfo.java:shutdownLeaderElection(134)) - d6a6e65c-a134-442b-b704-25eab67c9a5d: shutdown LeaderElection
2019-09-28 01:25:09,288 [d8c2ed96-3ddc-486a-9aeb-952e04a79e03@group-4AB4EC776CE3-SegmentedRaftLogWorker] INFO  segmented.SegmentedRaftLogWorker (SegmentedRaftLogWorker.java:execute(569)) - d8c2ed96-3ddc-486a-9aeb-952e04a79e03@group-4AB4EC776CE3-SegmentedRaftLogWorker: created new log segment /workdir/hadoop-ozone/integration-test/target/test-dir/MiniOzoneClusterImpl-ac0b8f5e-74a5-447c-bcf0-adf0e0b10ad0/datanode-6/data/ratis/314edef3-7d44-4052-aaed-4ab4ec776ce3/current/log_inprogress_0
2019-09-28 01:25:09,290 [d6a6e65c-a134-442b-b704-25eab67c9a5d@group-24B275C06C45:LeaderElection10] INFO  impl.RaftServerImpl (RaftServerImpl.java:setRole(174)) - d6a6e65c-a134-442b-b704-25eab67c9a5d@group-24B275C06C45: changes role from CANDIDATE to LEADER at term 1 for changeToLeader
2019-09-28 01:25:09,290 [d6a6e65c-a134-442b-b704-25eab67c9a5d@group-24B275C06C45:LeaderElection10] INFO  impl.RaftServerImpl (ServerState.java:setLeader(253)) - d6a6e65c-a134-442b-b704-25eab67c9a5d@group-24B275C06C45: change Leader from null to d6a6e65c-a134-442b-b704-25eab67c9a5d at term 1 for becomeLeader, leader elected after 5199ms
2019-09-28 01:25:09,290 [d6a6e65c-a134-442b-b704-25eab67c9a5d@group-24B275C06C45:LeaderElection10] INFO  server.RaftServerConfigKeys (ConfUtils.java:logGet(43)) - raft.server.staging.catchup.gap = 1000 (default)
2019-09-28 01:25:09,290 [d6a6e65c-a134-442b-b704-25eab67c9a5d@group-24B275C06C45:LeaderElection10] INFO  server.RaftServerConfigKeys (ConfUtils.java:logGet(43)) - raft.server.rpc.sleep.time = 25ms (default)
2019-09-28 01:25:09,291 [d6a6e65c-a134-442b-b704-25eab67c9a5d@group-24B275C06C45:LeaderElection10] INFO  server.RaftServerConfigKeys (ConfUtils.java:logGet(43)) - raft.server.write.element-limit = 4096 (default)
2019-09-28 01:25:09,291 [d6a6e65c-a134-442b-b704-25eab67c9a5d@group-24B275C06C45:LeaderElection10] INFO  server.RaftServerConfigKeys (ConfUtils.java:logGet(43)) - raft.server.watch.timeout = 10s (default)
2019-09-28 01:25:09,291 [d6a6e65c-a134-442b-b704-25eab67c9a5d@group-24B275C06C45:LeaderElection10] INFO  server.RaftServerConfigKeys (ConfUtils.java:logGet(43)) - raft.server.watch.timeout.denomination = 1s (default)
2019-09-28 01:25:09,291 [d6a6e65c-a134-442b-b704-25eab67c9a5d@group-24B275C06C45:LeaderElection10] INFO  server.RaftServerConfigKeys (ConfUtils.java:logGet(43)) - raft.server.watch.element-limit = 65536 (default)
2019-09-28 01:25:09,294 [d6a6e65c-a134-442b-b704-25eab67c9a5d@group-24B275C06C45:LeaderElection10] INFO  server.RaftServerConfigKeys (ConfUtils.java:logGet(43)) - raft.server.log.appender.snapshot.chunk.size.max = 16MB (=16777216) (default)
2019-09-28 01:25:09,295 [d6a6e65c-a134-442b-b704-25eab67c9a5d@group-24B275C06C45:LeaderElection10] INFO  server.RaftServerConfigKeys (ConfUtils.java:logGet(43)) - raft.server.log.appender.buffer.byte-limit = 33554432 (custom)
2019-09-28 01:25:09,295 [d6a6e65c-a134-442b-b704-25eab67c9a5d@group-24B275C06C45:LeaderElection10] INFO  server.RaftServerConfigKeys (ConfUtils.java:logGet(43)) - raft.server.log.appender.buffer.element-limit = 1 (custom)
2019-09-28 01:25:09,295 [d6a6e65c-a134-442b-b704-25eab67c9a5d@group-24B275C06C45:LeaderElection10] INFO  grpc.GrpcConfigKeys$Server (ConfUtils.java:logGet(43)) - raft.grpc.server.leader.outstanding.appends.max = 128 (default)
2019-09-28 01:25:09,297 [d6a6e65c-a134-442b-b704-25eab67c9a5d@group-24B275C06C45:LeaderElection10] INFO  server.RaftServerConfigKeys (ConfUtils.java:logGet(43)) - raft.server.rpc.request.timeout = 3000ms (default)
2019-09-28 01:25:09,297 [d6a6e65c-a134-442b-b704-25eab67c9a5d@group-24B275C06C45:LeaderElection10] INFO  server.RaftServerConfigKeys (ConfUtils.java:logGet(43)) - raft.server.log.appender.install.snapshot.enabled = false (custom)
2019-09-28 01:25:09,297 [d6a6e65c-a134-442b-b704-25eab67c9a5d@group-24B275C06C45:LeaderElection10] INFO  server.RaftServerConfigKeys (ConfUtils.java:logGet(43)) - raft.server.log.appender.snapshot.chunk.size.max = 16MB (=16777216) (default)
2019-09-28 01:25:09,298 [d6a6e65c-a134-442b-b704-25eab67c9a5d@group-24B275C06C45:LeaderElection10] INFO  server.RaftServerConfigKeys (ConfUtils.java:logGet(43)) - raft.server.log.appender.buffer.byte-limit = 33554432 (custom)
2019-09-28 01:25:09,298 [d6a6e65c-a134-442b-b704-25eab67c9a5d@group-24B275C06C45:LeaderElection10] INFO  server.RaftServerConfigKeys (ConfUtils.java:logGet(43)) - raft.server.log.appender.buffer.element-limit = 1 (custom)
2019-09-28 01:25:09,298 [d6a6e65c-a134-442b-b704-25eab67c9a5d@group-24B275C06C45:LeaderElection10] INFO  grpc.GrpcConfigKeys$Server (ConfUtils.java:logGet(43)) - raft.grpc.server.leader.outstanding.appends.max = 128 (default)
2019-09-28 01:25:09,298 [d6a6e65c-a134-442b-b704-25eab67c9a5d@group-24B275C06C45:LeaderElection10] INFO  server.RaftServerConfigKeys (ConfUtils.java:logGet(43)) - raft.server.rpc.request.timeout = 3000ms (default)
2019-09-28 01:25:09,299 [d6a6e65c-a134-442b-b704-25eab67c9a5d@group-24B275C06C45:LeaderElection10] INFO  server.RaftServerConfigKeys (ConfUtils.java:logGet(43)) - raft.server.log.appender.install.snapshot.enabled = false (custom)
2019-09-28 01:25:09,299 [d6a6e65c-a134-442b-b704-25eab67c9a5d@group-24B275C06C45:LeaderElection10] INFO  impl.RoleInfo (RoleInfo.java:updateAndGet(143)) - d6a6e65c-a134-442b-b704-25eab67c9a5d: start LeaderState
2019-09-28 01:25:09,299 [d6a6e65c-a134-442b-b704-25eab67c9a5d@group-24B275C06C45:LeaderElection10] INFO  segmented.SegmentedRaftLogWorker (SegmentedRaftLogWorker.java:startLogSegment(380)) - d6a6e65c-a134-442b-b704-25eab67c9a5d@group-24B275C06C45-SegmentedRaftLogWorker: Starting segment from index:0
2019-09-28 01:25:09,300 [d6a6e65c-a134-442b-b704-25eab67c9a5d@group-24B275C06C45:LeaderElection10] INFO  impl.RaftServerImpl (ServerState.java:setRaftConf(354)) - d6a6e65c-a134-442b-b704-25eab67c9a5d@group-24B275C06C45: set configuration 0: [d6a6e65c-a134-442b-b704-25eab67c9a5d:192.168.151.82:37499, f80ebd0f-9459-4fcf-a92e-ad251c227da2:192.168.151.82:34687, 3ef39b63-8ca3-4bd0-895a-baafa112e0b9:192.168.151.82:39163], old=null at 0
2019-09-28 01:25:09,441 [d6a6e65c-a134-442b-b704-25eab67c9a5d@group-24B275C06C45-SegmentedRaftLogWorker] INFO  segmented.SegmentedRaftLogWorker (SegmentedRaftLogWorker.java:execute(569)) - d6a6e65c-a134-442b-b704-25eab67c9a5d@group-24B275C06C45-SegmentedRaftLogWorker: created new log segment /workdir/hadoop-ozone/integration-test/target/test-dir/MiniOzoneClusterImpl-ac0b8f5e-74a5-447c-bcf0-adf0e0b10ad0/datanode-0/data/ratis/9878553b-84c4-4ee7-8a17-24b275c06c45/current/log_inprogress_0
2019-09-28 01:25:09,447 [grpc-default-executor-1] INFO  impl.RaftServerImpl (ServerState.java:setLeader(253)) - f80ebd0f-9459-4fcf-a92e-ad251c227da2@group-24B275C06C45: change Leader from null to d6a6e65c-a134-442b-b704-25eab67c9a5d at term 1 for appendEntries, leader elected after 5356ms
2019-09-28 01:25:09,447 [grpc-default-executor-2] INFO  impl.RaftServerImpl (ServerState.java:setLeader(253)) - 3ef39b63-8ca3-4bd0-895a-baafa112e0b9@group-24B275C06C45: change Leader from null to d6a6e65c-a134-442b-b704-25eab67c9a5d at term 1 for appendEntries, leader elected after 5355ms
2019-09-28 01:25:09,445 [grpc-default-executor-0] INFO  impl.RaftServerImpl (ServerState.java:setLeader(253)) - 254bd34b-da93-4b49-ba56-65596765e095@group-4AB4EC776CE3: change Leader from null to d8c2ed96-3ddc-486a-9aeb-952e04a79e03 at term 1 for appendEntries, leader elected after 5457ms
2019-09-28 01:25:09,447 [grpc-default-executor-3] INFO  impl.RaftServerImpl (ServerState.java:setLeader(253)) - 2fe43e1f-7e2f-40c0-92e9-c62e91f31e21@group-4AB4EC776CE3: change Leader from null to d8c2ed96-3ddc-486a-9aeb-952e04a79e03 at term 1 for appendEntries, leader elected after 5459ms
2019-09-28 01:25:09,513 [grpc-default-executor-2] INFO  impl.RaftServerImpl (ServerState.java:setRaftConf(354)) - 2fe43e1f-7e2f-40c0-92e9-c62e91f31e21@group-4AB4EC776CE3: set configuration 0: [2fe43e1f-7e2f-40c0-92e9-c62e91f31e21:192.168.151.82:35015, d8c2ed96-3ddc-486a-9aeb-952e04a79e03:192.168.151.82:42699, 254bd34b-da93-4b49-ba56-65596765e095:192.168.151.82:42298], old=null at 0
2019-09-28 01:25:09,513 [grpc-default-executor-0] INFO  impl.RaftServerImpl (ServerState.java:setRaftConf(354)) - 3ef39b63-8ca3-4bd0-895a-baafa112e0b9@group-24B275C06C45: set configuration 0: [d6a6e65c-a134-442b-b704-25eab67c9a5d:192.168.151.82:37499, f80ebd0f-9459-4fcf-a92e-ad251c227da2:192.168.151.82:34687, 3ef39b63-8ca3-4bd0-895a-baafa112e0b9:192.168.151.82:39163], old=null at 0
2019-09-28 01:25:09,513 [grpc-default-executor-3] INFO  impl.RaftServerImpl (ServerState.java:setRaftConf(354)) - 254bd34b-da93-4b49-ba56-65596765e095@group-4AB4EC776CE3: set configuration 0: [2fe43e1f-7e2f-40c0-92e9-c62e91f31e21:192.168.151.82:35015, d8c2ed96-3ddc-486a-9aeb-952e04a79e03:192.168.151.82:42699, 254bd34b-da93-4b49-ba56-65596765e095:192.168.151.82:42298], old=null at 0
2019-09-28 01:25:09,513 [grpc-default-executor-1] INFO  impl.RaftServerImpl (ServerState.java:setRaftConf(354)) - f80ebd0f-9459-4fcf-a92e-ad251c227da2@group-24B275C06C45: set configuration 0: [d6a6e65c-a134-442b-b704-25eab67c9a5d:192.168.151.82:37499, f80ebd0f-9459-4fcf-a92e-ad251c227da2:192.168.151.82:34687, 3ef39b63-8ca3-4bd0-895a-baafa112e0b9:192.168.151.82:39163], old=null at 0
2019-09-28 01:25:09,514 [grpc-default-executor-3] INFO  segmented.SegmentedRaftLogWorker (SegmentedRaftLogWorker.java:startLogSegment(380)) - 254bd34b-da93-4b49-ba56-65596765e095@group-4AB4EC776CE3-SegmentedRaftLogWorker: Starting segment from index:0
2019-09-28 01:25:09,514 [grpc-default-executor-0] INFO  segmented.SegmentedRaftLogWorker (SegmentedRaftLogWorker.java:startLogSegment(380)) - 3ef39b63-8ca3-4bd0-895a-baafa112e0b9@group-24B275C06C45-SegmentedRaftLogWorker: Starting segment from index:0
2019-09-28 01:25:09,514 [grpc-default-executor-2] INFO  segmented.SegmentedRaftLogWorker (SegmentedRaftLogWorker.java:startLogSegment(380)) - 2fe43e1f-7e2f-40c0-92e9-c62e91f31e21@group-4AB4EC776CE3-SegmentedRaftLogWorker: Starting segment from index:0
2019-09-28 01:25:09,514 [grpc-default-executor-1] INFO  segmented.SegmentedRaftLogWorker (SegmentedRaftLogWorker.java:startLogSegment(380)) - f80ebd0f-9459-4fcf-a92e-ad251c227da2@group-24B275C06C45-SegmentedRaftLogWorker: Starting segment from index:0
2019-09-28 01:25:09,567 [254bd34b-da93-4b49-ba56-65596765e095@group-4AB4EC776CE3-SegmentedRaftLogWorker] INFO  segmented.SegmentedRaftLogWorker (SegmentedRaftLogWorker.java:execute(569)) - 254bd34b-da93-4b49-ba56-65596765e095@group-4AB4EC776CE3-SegmentedRaftLogWorker: created new log segment /workdir/hadoop-ozone/integration-test/target/test-dir/MiniOzoneClusterImpl-ac0b8f5e-74a5-447c-bcf0-adf0e0b10ad0/datanode-2/data/ratis/314edef3-7d44-4052-aaed-4ab4ec776ce3/current/log_inprogress_0
2019-09-28 01:25:09,567 [2fe43e1f-7e2f-40c0-92e9-c62e91f31e21@group-4AB4EC776CE3-SegmentedRaftLogWorker] INFO  segmented.SegmentedRaftLogWorker (SegmentedRaftLogWorker.java:execute(569)) - 2fe43e1f-7e2f-40c0-92e9-c62e91f31e21@group-4AB4EC776CE3-SegmentedRaftLogWorker: created new log segment /workdir/hadoop-ozone/integration-test/target/test-dir/MiniOzoneClusterImpl-ac0b8f5e-74a5-447c-bcf0-adf0e0b10ad0/datanode-1/data/ratis/314edef3-7d44-4052-aaed-4ab4ec776ce3/current/log_inprogress_0
2019-09-28 01:25:09,567 [f80ebd0f-9459-4fcf-a92e-ad251c227da2@group-24B275C06C45-SegmentedRaftLogWorker] INFO  segmented.SegmentedRaftLogWorker (SegmentedRaftLogWorker.java:execute(569)) - f80ebd0f-9459-4fcf-a92e-ad251c227da2@group-24B275C06C45-SegmentedRaftLogWorker: created new log segment /workdir/hadoop-ozone/integration-test/target/test-dir/MiniOzoneClusterImpl-ac0b8f5e-74a5-447c-bcf0-adf0e0b10ad0/datanode-4/data/ratis/9878553b-84c4-4ee7-8a17-24b275c06c45/current/log_inprogress_0
2019-09-28 01:25:09,567 [3ef39b63-8ca3-4bd0-895a-baafa112e0b9@group-24B275C06C45-SegmentedRaftLogWorker] INFO  segmented.SegmentedRaftLogWorker (SegmentedRaftLogWorker.java:execute(569)) - 3ef39b63-8ca3-4bd0-895a-baafa112e0b9@group-24B275C06C45-SegmentedRaftLogWorker: created new log segment /workdir/hadoop-ozone/integration-test/target/test-dir/MiniOzoneClusterImpl-ac0b8f5e-74a5-447c-bcf0-adf0e0b10ad0/datanode-3/data/ratis/9878553b-84c4-4ee7-8a17-24b275c06c45/current/log_inprogress_0
2019-09-28 01:25:10,065 [main] INFO  ipc.Client (Client.java:handleConnectionFailure(948)) - Retrying connect to server: localhost/127.0.0.1:0. Already tried 6 time(s); retry policy is RetryUpToMaximumCountWithFixedSleep(maxRetries=10, sleepTime=1000 MILLISECONDS)
2019-09-28 01:25:11,078 [main] INFO  ipc.Client (Client.java:handleConnectionFailure(948)) - Retrying connect to server: localhost/127.0.0.1:0. Already tried 7 time(s); retry policy is RetryUpToMaximumCountWithFixedSleep(maxRetries=10, sleepTime=1000 MILLISECONDS)
2019-09-28 01:25:12,079 [main] INFO  ipc.Client (Client.java:handleConnectionFailure(948)) - Retrying connect to server: localhost/127.0.0.1:0. Already tried 8 time(s); retry policy is RetryUpToMaximumCountWithFixedSleep(maxRetries=10, sleepTime=1000 MILLISECONDS)
2019-09-28 01:25:13,080 [main] INFO  ipc.Client (Client.java:handleConnectionFailure(948)) - Retrying connect to server: localhost/127.0.0.1:0. Already tried 9 time(s); retry policy is RetryUpToMaximumCountWithFixedSleep(maxRetries=10, sleepTime=1000 MILLISECONDS)
2019-09-28 01:25:14,087 [main] INFO  ipc.Client (Client.java:handleConnectionFailure(948)) - Retrying connect to server: localhost/127.0.0.1:0. Already tried 0 time(s); retry policy is RetryUpToMaximumCountWithFixedSleep(maxRetries=10, sleepTime=1000 MILLISECONDS)
2019-09-28 01:25:15,102 [main] INFO  ipc.Client (Client.java:handleConnectionFailure(948)) - Retrying connect to server: localhost/127.0.0.1:0. Already tried 1 time(s); retry policy is RetryUpToMaximumCountWithFixedSleep(maxRetries=10, sleepTime=1000 MILLISECONDS)
2019-09-28 01:25:16,104 [main] INFO  ipc.Client (Client.java:handleConnectionFailure(948)) - Retrying connect to server: localhost/127.0.0.1:0. Already tried 2 time(s); retry policy is RetryUpToMaximumCountWithFixedSleep(maxRetries=10, sleepTime=1000 MILLISECONDS)
2019-09-28 01:25:17,105 [main] INFO  ipc.Client (Client.java:handleConnectionFailure(948)) - Retrying connect to server: localhost/127.0.0.1:0. Already tried 3 time(s); retry policy is RetryUpToMaximumCountWithFixedSleep(maxRetries=10, sleepTime=1000 MILLISECONDS)
2019-09-28 01:25:18,107 [main] INFO  ipc.Client (Client.java:handleConnectionFailure(948)) - Retrying connect to server: localhost/127.0.0.1:0. Already tried 4 time(s); retry policy is RetryUpToMaximumCountWithFixedSleep(maxRetries=10, sleepTime=1000 MILLISECONDS)
2019-09-28 01:25:19,108 [main] INFO  ipc.Client (Client.java:handleConnectionFailure(948)) - Retrying connect to server: localhost/127.0.0.1:0. Already tried 5 time(s); retry policy is RetryUpToMaximumCountWithFixedSleep(maxRetries=10, sleepTime=1000 MILLISECONDS)
2019-09-28 01:25:20,110 [main] INFO  ipc.Client (Client.java:handleConnectionFailure(948)) - Retrying connect to server: localhost/127.0.0.1:0. Already tried 6 time(s); retry policy is RetryUpToMaximumCountWithFixedSleep(maxRetries=10, sleepTime=1000 MILLISECONDS)
2019-09-28 01:25:21,111 [main] INFO  ipc.Client (Client.java:handleConnectionFailure(948)) - Retrying connect to server: localhost/127.0.0.1:0. Already tried 7 time(s); retry policy is RetryUpToMaximumCountWithFixedSleep(maxRetries=10, sleepTime=1000 MILLISECONDS)
2019-09-28 01:25:22,113 [main] INFO  ipc.Client (Client.java:handleConnectionFailure(948)) - Retrying connect to server: localhost/127.0.0.1:0. Already tried 8 time(s); retry policy is RetryUpToMaximumCountWithFixedSleep(maxRetries=10, sleepTime=1000 MILLISECONDS)
2019-09-28 01:25:23,114 [main] INFO  ipc.Client (Client.java:handleConnectionFailure(948)) - Retrying connect to server: localhost/127.0.0.1:0. Already tried 9 time(s); retry policy is RetryUpToMaximumCountWithFixedSleep(maxRetries=10, sleepTime=1000 MILLISECONDS)
2019-09-28 01:25:23,116 [main] INFO  retry.RetryInvocationHandler (RetryInvocationHandler.java:log(411)) - com.google.protobuf.ServiceException: java.net.ConnectException: Your endpoint configuration is wrong; For more details see:  http://wiki.apache.org/hadoop/UnsetHostnameOrPort, while invoking $Proxy37.submitRequest over nodeId=null,nodeAddress=127.0.0.1:0 after 1 failover attempts. Trying to failover immediately.
2019-09-28 01:25:24,118 [main] INFO  ipc.Client (Client.java:handleConnectionFailure(948)) - Retrying connect to server: localhost/127.0.0.1:0. Already tried 0 time(s); retry policy is RetryUpToMaximumCountWithFixedSleep(maxRetries=10, sleepTime=1000 MILLISECONDS)
2019-09-28 01:25:25,119 [main] INFO  ipc.Client (Client.java:handleConnectionFailure(948)) - Retrying connect to server: localhost/127.0.0.1:0. Already tried 1 time(s); retry policy is RetryUpToMaximumCountWithFixedSleep(maxRetries=10, sleepTime=1000 MILLISECONDS)
2019-09-28 01:25:26,121 [main] INFO  ipc.Client (Client.java:handleConnectionFailure(948)) - Retrying connect to server: localhost/127.0.0.1:0. Already tried 2 time(s); retry policy is RetryUpToMaximumCountWithFixedSleep(maxRetries=10, sleepTime=1000 MILLISECONDS)
2019-09-28 01:25:27,122 [main] INFO  ipc.Client (Client.java:handleConnectionFailure(948)) - Retrying connect to server: localhost/127.0.0.1:0. Already tried 3 time(s); retry policy is RetryUpToMaximumCountWithFixedSleep(maxRetries=10, sleepTime=1000 MILLISECONDS)
2019-09-28 01:25:28,124 [main] INFO  ipc.Client (Client.java:handleConnectionFailure(948)) - Retrying connect to server: localhost/127.0.0.1:0. Already tried 4 time(s); retry policy is RetryUpToMaximumCountWithFixedSleep(maxRetries=10, sleepTime=1000 MILLISECONDS)
2019-09-28 01:25:29,125 [main] INFO  ipc.Client (Client.java:handleConnectionFailure(948)) - Retrying connect to server: localhost/127.0.0.1:0. Already tried 5 time(s); retry policy is RetryUpToMaximumCountWithFixedSleep(maxRetries=10, sleepTime=1000 MILLISECONDS)
2019-09-28 01:25:30,126 [main] INFO  ipc.Client (Client.java:handleConnectionFailure(948)) - Retrying connect to server: localhost/127.0.0.1:0. Already tried 6 time(s); retry policy is RetryUpToMaximumCountWithFixedSleep(maxRetries=10, sleepTime=1000 MILLISECONDS)
2019-09-28 01:25:31,128 [main] INFO  ipc.Client (Client.java:handleConnectionFailure(948)) - Retrying connect to server: localhost/127.0.0.1:0. Already tried 7 time(s); retry policy is RetryUpToMaximumCountWithFixedSleep(maxRetries=10, sleepTime=1000 MILLISECONDS)
2019-09-28 01:25:32,129 [main] INFO  ipc.Client (Client.java:handleConnectionFailure(948)) - Retrying connect to server: localhost/127.0.0.1:0. Already tried 8 time(s); retry policy is RetryUpToMaximumCountWithFixedSleep(maxRetries=10, sleepTime=1000 MILLISECONDS)
2019-09-28 01:25:33,131 [main] INFO  ipc.Client (Client.java:handleConnectionFailure(948)) - Retrying connect to server: localhost/127.0.0.1:0. Already tried 9 time(s); retry policy is RetryUpToMaximumCountWithFixedSleep(maxRetries=10, sleepTime=1000 MILLISECONDS)
2019-09-28 01:25:33,132 [main] INFO  retry.RetryInvocationHandler (RetryInvocationHandler.java:log(411)) - com.google.protobuf.ServiceException: java.net.ConnectException: Your endpoint configuration is wrong; For more details see:  http://wiki.apache.org/hadoop/UnsetHostnameOrPort, while invoking $Proxy37.submitRequest over nodeId=null,nodeAddress=127.0.0.1:0 after 2 failover attempts. Trying to failover immediately.
2019-09-28 01:25:34,134 [main] INFO  ipc.Client (Client.java:handleConnectionFailure(948)) - Retrying connect to server: localhost/127.0.0.1:0. Already tried 0 time(s); retry policy is RetryUpToMaximumCountWithFixedSleep(maxRetries=10, sleepTime=1000 MILLISECONDS)
2019-09-28 01:25:35,135 [main] INFO  ipc.Client (Client.java:handleConnectionFailure(948)) - Retrying connect to server: localhost/127.0.0.1:0. Already tried 1 time(s); retry policy is RetryUpToMaximumCountWithFixedSleep(maxRetries=10, sleepTime=1000 MILLISECONDS)
2019-09-28 01:25:36,136 [main] INFO  ipc.Client (Client.java:handleConnectionFailure(948)) - Retrying connect to server: localhost/127.0.0.1:0. Already tried 2 time(s); retry policy is RetryUpToMaximumCountWithFixedSleep(maxRetries=10, sleepTime=1000 MILLISECONDS)
2019-09-28 01:25:37,139 [main] INFO  ipc.Client (Client.java:handleConnectionFailure(948)) - Retrying connect to server: localhost/127.0.0.1:0. Already tried 3 time(s); retry policy is RetryUpToMaximumCountWithFixedSleep(maxRetries=10, sleepTime=1000 MILLISECONDS)
2019-09-28 01:25:38,140 [main] INFO  ipc.Client (Client.java:handleConnectionFailure(948)) - Retrying connect to server: localhost/127.0.0.1:0. Already tried 4 time(s); retry policy is RetryUpToMaximumCountWithFixedSleep(maxRetries=10, sleepTime=1000 MILLISECONDS)
2019-09-28 01:25:39,141 [main] INFO  ipc.Client (Client.java:handleConnectionFailure(948)) - Retrying connect to server: localhost/127.0.0.1:0. Already tried 5 time(s); retry policy is RetryUpToMaximumCountWithFixedSleep(maxRetries=10, sleepTime=1000 MILLISECONDS)
2019-09-28 01:25:40,143 [main] INFO  ipc.Client (Client.java:handleConnectionFailure(948)) - Retrying connect to server: localhost/127.0.0.1:0. Already tried 6 time(s); retry policy is RetryUpToMaximumCountWithFixedSleep(maxRetries=10, sleepTime=1000 MILLISECONDS)
2019-09-28 01:25:41,144 [main] INFO  ipc.Client (Client.java:handleConnectionFailure(948)) - Retrying connect to server: localhost/127.0.0.1:0. Already tried 7 time(s); retry policy is RetryUpToMaximumCountWithFixedSleep(maxRetries=10, sleepTime=1000 MILLISECONDS)
2019-09-28 01:25:42,146 [main] INFO  ipc.Client (Client.java:handleConnectionFailure(948)) - Retrying connect to server: localhost/127.0.0.1:0. Already tried 8 time(s); retry policy is RetryUpToMaximumCountWithFixedSleep(maxRetries=10, sleepTime=1000 MILLISECONDS)
2019-09-28 01:25:43,147 [main] INFO  ipc.Client (Client.java:handleConnectionFailure(948)) - Retrying connect to server: localhost/127.0.0.1:0. Already tried 9 time(s); retry policy is RetryUpToMaximumCountWithFixedSleep(maxRetries=10, sleepTime=1000 MILLISECONDS)
2019-09-28 01:25:43,149 [main] INFO  retry.RetryInvocationHandler (RetryInvocationHandler.java:log(411)) - com.google.protobuf.ServiceException: java.net.ConnectException: Your endpoint configuration is wrong; For more details see:  http://wiki.apache.org/hadoop/UnsetHostnameOrPort, while invoking $Proxy37.submitRequest over nodeId=null,nodeAddress=127.0.0.1:0 after 3 failover attempts. Trying to failover immediately.
2019-09-28 01:25:44,150 [main] INFO  ipc.Client (Client.java:handleConnectionFailure(948)) - Retrying connect to server: localhost/127.0.0.1:0. Already tried 0 time(s); retry policy is RetryUpToMaximumCountWithFixedSleep(maxRetries=10, sleepTime=1000 MILLISECONDS)
2019-09-28 01:25:45,151 [main] INFO  ipc.Client (Client.java:handleConnectionFailure(948)) - Retrying connect to server: localhost/127.0.0.1:0. Already tried 1 time(s); retry policy is RetryUpToMaximumCountWithFixedSleep(maxRetries=10, sleepTime=1000 MILLISECONDS)
2019-09-28 01:25:46,152 [main] INFO  ipc.Client (Client.java:handleConnectionFailure(948)) - Retrying connect to server: localhost/127.0.0.1:0. Already tried 2 time(s); retry policy is RetryUpToMaximumCountWithFixedSleep(maxRetries=10, sleepTime=1000 MILLISECONDS)
2019-09-28 01:25:47,154 [main] INFO  ipc.Client (Client.java:handleConnectionFailure(948)) - Retrying connect to server: localhost/127.0.0.1:0. Already tried 3 time(s); retry policy is RetryUpToMaximumCountWithFixedSleep(maxRetries=10, sleepTime=1000 MILLISECONDS)
2019-09-28 01:25:48,155 [main] INFO  ipc.Client (Client.java:handleConnectionFailure(948)) - Retrying connect to server: localhost/127.0.0.1:0. Already tried 4 time(s); retry policy is RetryUpToMaximumCountWithFixedSleep(maxRetries=10, sleepTime=1000 MILLISECONDS)
2019-09-28 01:25:49,157 [main] INFO  ipc.Client (Client.java:handleConnectionFailure(948)) - Retrying connect to server: localhost/127.0.0.1:0. Already tried 5 time(s); retry policy is RetryUpToMaximumCountWithFixedSleep(maxRetries=10, sleepTime=1000 MILLISECONDS)
2019-09-28 01:25:50,158 [main] INFO  ipc.Client (Client.java:handleConnectionFailure(948)) - Retrying connect to server: localhost/127.0.0.1:0. Already tried 6 time(s); retry policy is RetryUpToMaximumCountWithFixedSleep(maxRetries=10, sleepTime=1000 MILLISECONDS)
2019-09-28 01:25:51,160 [main] INFO  ipc.Client (Client.java:handleConnectionFailure(948)) - Retrying connect to server: localhost/127.0.0.1:0. Already tried 7 time(s); retry policy is RetryUpToMaximumCountWithFixedSleep(maxRetries=10, sleepTime=1000 MILLISECONDS)
2019-09-28 01:25:52,161 [main] INFO  ipc.Client (Client.java:handleConnectionFailure(948)) - Retrying connect to server: localhost/127.0.0.1:0. Already tried 8 time(s); retry policy is RetryUpToMaximumCountWithFixedSleep(maxRetries=10, sleepTime=1000 MILLISECONDS)
2019-09-28 01:25:53,162 [main] INFO  ipc.Client (Client.java:handleConnectionFailure(948)) - Retrying connect to server: localhost/127.0.0.1:0. Already tried 9 time(s); retry policy is RetryUpToMaximumCountWithFixedSleep(maxRetries=10, sleepTime=1000 MILLISECONDS)
2019-09-28 01:25:53,164 [main] INFO  retry.RetryInvocationHandler (RetryInvocationHandler.java:log(411)) - com.google.protobuf.ServiceException: java.net.ConnectException: Your endpoint configuration is wrong; For more details see:  http://wiki.apache.org/hadoop/UnsetHostnameOrPort, while invoking $Proxy37.submitRequest over nodeId=null,nodeAddress=127.0.0.1:0 after 4 failover attempts. Trying to failover immediately.
2019-09-28 01:25:54,165 [main] INFO  ipc.Client (Client.java:handleConnectionFailure(948)) - Retrying connect to server: localhost/127.0.0.1:0. Already tried 0 time(s); retry policy is RetryUpToMaximumCountWithFixedSleep(maxRetries=10, sleepTime=1000 MILLISECONDS)
2019-09-28 01:25:55,167 [main] INFO  ipc.Client (Client.java:handleConnectionFailure(948)) - Retrying connect to server: localhost/127.0.0.1:0. Already tried 1 time(s); retry policy is RetryUpToMaximumCountWithFixedSleep(maxRetries=10, sleepTime=1000 MILLISECONDS)
2019-09-28 01:25:56,171 [main] INFO  ipc.Client (Client.java:handleConnectionFailure(948)) - Retrying connect to server: localhost/127.0.0.1:0. Already tried 2 time(s); retry policy is RetryUpToMaximumCountWithFixedSleep(maxRetries=10, sleepTime=1000 MILLISECONDS)
2019-09-28 01:25:57,172 [main] INFO  ipc.Client (Client.java:handleConnectionFailure(948)) - Retrying connect to server: localhost/127.0.0.1:0. Already tried 3 time(s); retry policy is RetryUpToMaximumCountWithFixedSleep(maxRetries=10, sleepTime=1000 MILLISECONDS)
2019-09-28 01:25:58,174 [main] INFO  ipc.Client (Client.java:handleConnectionFailure(948)) - Retrying connect to server: localhost/127.0.0.1:0. Already tried 4 time(s); retry policy is RetryUpToMaximumCountWithFixedSleep(maxRetries=10, sleepTime=1000 MILLISECONDS)
2019-09-28 01:25:59,175 [main] INFO  ipc.Client (Client.java:handleConnectionFailure(948)) - Retrying connect to server: localhost/127.0.0.1:0. Already tried 5 time(s); retry policy is RetryUpToMaximumCountWithFixedSleep(maxRetries=10, sleepTime=1000 MILLISECONDS)
2019-09-28 01:26:00,176 [main] INFO  ipc.Client (Client.java:handleConnectionFailure(948)) - Retrying connect to server: localhost/127.0.0.1:0. Already tried 6 time(s); retry policy is RetryUpToMaximumCountWithFixedSleep(maxRetries=10, sleepTime=1000 MILLISECONDS)
2019-09-28 01:26:01,178 [main] INFO  ipc.Client (Client.java:handleConnectionFailure(948)) - Retrying connect to server: localhost/127.0.0.1:0. Already tried 7 time(s); retry policy is RetryUpToMaximumCountWithFixedSleep(maxRetries=10, sleepTime=1000 MILLISECONDS)
2019-09-28 01:26:02,179 [main] INFO  ipc.Client (Client.java:handleConnectionFailure(948)) - Retrying connect to server: localhost/127.0.0.1:0. Already tried 8 time(s); retry policy is RetryUpToMaximumCountWithFixedSleep(maxRetries=10, sleepTime=1000 MILLISECONDS)
2019-09-28 01:26:03,181 [main] INFO  ipc.Client (Client.java:handleConnectionFailure(948)) - Retrying connect to server: localhost/127.0.0.1:0. Already tried 9 time(s); retry policy is RetryUpToMaximumCountWithFixedSleep(maxRetries=10, sleepTime=1000 MILLISECONDS)
2019-09-28 01:26:03,182 [main] INFO  retry.RetryInvocationHandler (RetryInvocationHandler.java:log(411)) - com.google.protobuf.ServiceException: java.net.ConnectException: Your endpoint configuration is wrong; For more details see:  http://wiki.apache.org/hadoop/UnsetHostnameOrPort, while invoking $Proxy37.submitRequest over nodeId=null,nodeAddress=127.0.0.1:0 after 5 failover attempts. Trying to failover immediately.
2019-09-28 01:26:04,184 [main] INFO  ipc.Client (Client.java:handleConnectionFailure(948)) - Retrying connect to server: localhost/127.0.0.1:0. Already tried 0 time(s); retry policy is RetryUpToMaximumCountWithFixedSleep(maxRetries=10, sleepTime=1000 MILLISECONDS)
2019-09-28 01:26:05,186 [main] INFO  ipc.Client (Client.java:handleConnectionFailure(948)) - Retrying connect to server: localhost/127.0.0.1:0. Already tried 1 time(s); retry policy is RetryUpToMaximumCountWithFixedSleep(maxRetries=10, sleepTime=1000 MILLISECONDS)
2019-09-28 01:26:06,187 [main] INFO  ipc.Client (Client.java:handleConnectionFailure(948)) - Retrying connect to server: localhost/127.0.0.1:0. Already tried 2 time(s); retry policy is RetryUpToMaximumCountWithFixedSleep(maxRetries=10, sleepTime=1000 MILLISECONDS)
2019-09-28 01:26:07,188 [main] INFO  ipc.Client (Client.java:handleConnectionFailure(948)) - Retrying connect to server: localhost/127.0.0.1:0. Already tried 3 time(s); retry policy is RetryUpToMaximumCountWithFixedSleep(maxRetries=10, sleepTime=1000 MILLISECONDS)
2019-09-28 01:26:08,190 [main] INFO  ipc.Client (Client.java:handleConnectionFailure(948)) - Retrying connect to server: localhost/127.0.0.1:0. Already tried 4 time(s); retry policy is RetryUpToMaximumCountWithFixedSleep(maxRetries=10, sleepTime=1000 MILLISECONDS)
2019-09-28 01:26:09,191 [main] INFO  ipc.Client (Client.java:handleConnectionFailure(948)) - Retrying connect to server: localhost/127.0.0.1:0. Already tried 5 time(s); retry policy is RetryUpToMaximumCountWithFixedSleep(maxRetries=10, sleepTime=1000 MILLISECONDS)
2019-09-28 01:26:10,193 [main] INFO  ipc.Client (Client.java:handleConnectionFailure(948)) - Retrying connect to server: localhost/127.0.0.1:0. Already tried 6 time(s); retry policy is RetryUpToMaximumCountWithFixedSleep(maxRetries=10, sleepTime=1000 MILLISECONDS)
2019-09-28 01:26:11,194 [main] INFO  ipc.Client (Client.java:handleConnectionFailure(948)) - Retrying connect to server: localhost/127.0.0.1:0. Already tried 7 time(s); retry policy is RetryUpToMaximumCountWithFixedSleep(maxRetries=10, sleepTime=1000 MILLISECONDS)
2019-09-28 01:26:12,196 [main] INFO  ipc.Client (Client.java:handleConnectionFailure(948)) - Retrying connect to server: localhost/127.0.0.1:0. Already tried 8 time(s); retry policy is RetryUpToMaximumCountWithFixedSleep(maxRetries=10, sleepTime=1000 MILLISECONDS)
2019-09-28 01:26:13,197 [main] INFO  ipc.Client (Client.java:handleConnectionFailure(948)) - Retrying connect to server: localhost/127.0.0.1:0. Already tried 9 time(s); retry policy is RetryUpToMaximumCountWithFixedSleep(maxRetries=10, sleepTime=1000 MILLISECONDS)
2019-09-28 01:26:13,199 [main] INFO  retry.RetryInvocationHandler (RetryInvocationHandler.java:log(411)) - com.google.protobuf.ServiceException: java.net.ConnectException: Your endpoint configuration is wrong; For more details see:  http://wiki.apache.org/hadoop/UnsetHostnameOrPort, while invoking $Proxy37.submitRequest over nodeId=null,nodeAddress=127.0.0.1:0 after 6 failover attempts. Trying to failover immediately.
2019-09-28 01:26:14,200 [main] INFO  ipc.Client (Client.java:handleConnectionFailure(948)) - Retrying connect to server: localhost/127.0.0.1:0. Already tried 0 time(s); retry policy is RetryUpToMaximumCountWithFixedSleep(maxRetries=10, sleepTime=1000 MILLISECONDS)
2019-09-28 01:26:15,202 [main] INFO  ipc.Client (Client.java:handleConnectionFailure(948)) - Retrying connect to server: localhost/127.0.0.1:0. Already tried 1 time(s); retry policy is RetryUpToMaximumCountWithFixedSleep(maxRetries=10, sleepTime=1000 MILLISECONDS)
2019-09-28 01:26:16,204 [main] INFO  ipc.Client (Client.java:handleConnectionFailure(948)) - Retrying connect to server: localhost/127.0.0.1:0. Already tried 2 time(s); retry policy is RetryUpToMaximumCountWithFixedSleep(maxRetries=10, sleepTime=1000 MILLISECONDS)
2019-09-28 01:26:17,205 [main] INFO  ipc.Client (Client.java:handleConnectionFailure(948)) - Retrying connect to server: localhost/127.0.0.1:0. Already tried 3 time(s); retry policy is RetryUpToMaximumCountWithFixedSleep(maxRetries=10, sleepTime=1000 MILLISECONDS)
2019-09-28 01:26:18,207 [main] INFO  ipc.Client (Client.java:handleConnectionFailure(948)) - Retrying connect to server: localhost/127.0.0.1:0. Already tried 4 time(s); retry policy is RetryUpToMaximumCountWithFixedSleep(maxRetries=10, sleepTime=1000 MILLISECONDS)
2019-09-28 01:26:19,208 [main] INFO  ipc.Client (Client.java:handleConnectionFailure(948)) - Retrying connect to server: localhost/127.0.0.1:0. Already tried 5 time(s); retry policy is RetryUpToMaximumCountWithFixedSleep(maxRetries=10, sleepTime=1000 MILLISECONDS)
2019-09-28 01:26:20,209 [main] INFO  ipc.Client (Client.java:handleConnectionFailure(948)) - Retrying connect to server: localhost/127.0.0.1:0. Already tried 6 time(s); retry policy is RetryUpToMaximumCountWithFixedSleep(maxRetries=10, sleepTime=1000 MILLISECONDS)
2019-09-28 01:26:21,211 [main] INFO  ipc.Client (Client.java:handleConnectionFailure(948)) - Retrying connect to server: localhost/127.0.0.1:0. Already tried 7 time(s); retry policy is RetryUpToMaximumCountWithFixedSleep(maxRetries=10, sleepTime=1000 MILLISECONDS)
2019-09-28 01:26:22,212 [main] INFO  ipc.Client (Client.java:handleConnectionFailure(948)) - Retrying connect to server: localhost/127.0.0.1:0. Already tried 8 time(s); retry policy is RetryUpToMaximumCountWithFixedSleep(maxRetries=10, sleepTime=1000 MILLISECONDS)
2019-09-28 01:26:23,213 [main] INFO  ipc.Client (Client.java:handleConnectionFailure(948)) - Retrying connect to server: localhost/127.0.0.1:0. Already tried 9 time(s); retry policy is RetryUpToMaximumCountWithFixedSleep(maxRetries=10, sleepTime=1000 MILLISECONDS)
2019-09-28 01:26:23,215 [main] INFO  retry.RetryInvocationHandler (RetryInvocationHandler.java:log(411)) - com.google.protobuf.ServiceException: java.net.ConnectException: Your endpoint configuration is wrong; For more details see:  http://wiki.apache.org/hadoop/UnsetHostnameOrPort, while invoking $Proxy37.submitRequest over nodeId=null,nodeAddress=127.0.0.1:0 after 7 failover attempts. Trying to failover immediately.
2019-09-28 01:26:24,216 [main] INFO  ipc.Client (Client.java:handleConnectionFailure(948)) - Retrying connect to server: localhost/127.0.0.1:0. Already tried 0 time(s); retry policy is RetryUpToMaximumCountWithFixedSleep(maxRetries=10, sleepTime=1000 MILLISECONDS)
2019-09-28 01:26:25,218 [main] INFO  ipc.Client (Client.java:handleConnectionFailure(948)) - Retrying connect to server: localhost/127.0.0.1:0. Already tried 1 time(s); retry policy is RetryUpToMaximumCountWithFixedSleep(maxRetries=10, sleepTime=1000 MILLISECONDS)
2019-09-28 01:26:26,219 [main] INFO  ipc.Client (Client.java:handleConnectionFailure(948)) - Retrying connect to server: localhost/127.0.0.1:0. Already tried 2 time(s); retry policy is RetryUpToMaximumCountWithFixedSleep(maxRetries=10, sleepTime=1000 MILLISECONDS)
2019-09-28 01:26:27,220 [main] INFO  ipc.Client (Client.java:handleConnectionFailure(948)) - Retrying connect to server: localhost/127.0.0.1:0. Already tried 3 time(s); retry policy is RetryUpToMaximumCountWithFixedSleep(maxRetries=10, sleepTime=1000 MILLISECONDS)
2019-09-28 01:26:28,222 [main] INFO  ipc.Client (Client.java:handleConnectionFailure(948)) - Retrying connect to server: localhost/127.0.0.1:0. Already tried 4 time(s); retry policy is RetryUpToMaximumCountWithFixedSleep(maxRetries=10, sleepTime=1000 MILLISECONDS)
2019-09-28 01:26:29,223 [main] INFO  ipc.Client (Client.java:handleConnectionFailure(948)) - Retrying connect to server: localhost/127.0.0.1:0. Already tried 5 time(s); retry policy is RetryUpToMaximumCountWithFixedSleep(maxRetries=10, sleepTime=1000 MILLISECONDS)
2019-09-28 01:26:30,225 [main] INFO  ipc.Client (Client.java:handleConnectionFailure(948)) - Retrying connect to server: localhost/127.0.0.1:0. Already tried 6 time(s); retry policy is RetryUpToMaximumCountWithFixedSleep(maxRetries=10, sleepTime=1000 MILLISECONDS)
2019-09-28 01:26:31,226 [main] INFO  ipc.Client (Client.java:handleConnectionFailure(948)) - Retrying connect to server: localhost/127.0.0.1:0. Already tried 7 time(s); retry policy is RetryUpToMaximumCountWithFixedSleep(maxRetries=10, sleepTime=1000 MILLISECONDS)
2019-09-28 01:26:32,227 [main] INFO  ipc.Client (Client.java:handleConnectionFailure(948)) - Retrying connect to server: localhost/127.0.0.1:0. Already tried 8 time(s); retry policy is RetryUpToMaximumCountWithFixedSleep(maxRetries=10, sleepTime=1000 MILLISECONDS)
2019-09-28 01:26:33,229 [main] INFO  ipc.Client (Client.java:handleConnectionFailure(948)) - Retrying connect to server: localhost/127.0.0.1:0. Already tried 9 time(s); retry policy is RetryUpToMaximumCountWithFixedSleep(maxRetries=10, sleepTime=1000 MILLISECONDS)
2019-09-28 01:26:33,231 [main] INFO  retry.RetryInvocationHandler (RetryInvocationHandler.java:log(411)) - com.google.protobuf.ServiceException: java.net.ConnectException: Your endpoint configuration is wrong; For more details see:  http://wiki.apache.org/hadoop/UnsetHostnameOrPort, while invoking $Proxy37.submitRequest over nodeId=null,nodeAddress=127.0.0.1:0 after 8 failover attempts. Trying to failover immediately.
2019-09-28 01:26:34,232 [main] INFO  ipc.Client (Client.java:handleConnectionFailure(948)) - Retrying connect to server: localhost/127.0.0.1:0. Already tried 0 time(s); retry policy is RetryUpToMaximumCountWithFixedSleep(maxRetries=10, sleepTime=1000 MILLISECONDS)
2019-09-28 01:26:35,233 [main] INFO  ipc.Client (Client.java:handleConnectionFailure(948)) - Retrying connect to server: localhost/127.0.0.1:0. Already tried 1 time(s); retry policy is RetryUpToMaximumCountWithFixedSleep(maxRetries=10, sleepTime=1000 MILLISECONDS)
2019-09-28 01:26:35,919 [Thread-302] WARN  util.JavaUtils (JavaUtils.java:sleep(250)) - Unexpected long sleep: sleep(5009ms) actually took 5401ms which is over the threshold 300ms
2019-09-28 01:26:36,235 [main] INFO  ipc.Client (Client.java:handleConnectionFailure(948)) - Retrying connect to server: localhost/127.0.0.1:0. Already tried 2 time(s); retry policy is RetryUpToMaximumCountWithFixedSleep(maxRetries=10, sleepTime=1000 MILLISECONDS)
2019-09-28 01:26:37,237 [main] INFO  ipc.Client (Client.java:handleConnectionFailure(948)) - Retrying connect to server: localhost/127.0.0.1:0. Already tried 3 time(s); retry policy is RetryUpToMaximumCountWithFixedSleep(maxRetries=10, sleepTime=1000 MILLISECONDS)
2019-09-28 01:26:38,238 [main] INFO  ipc.Client (Client.java:handleConnectionFailure(948)) - Retrying connect to server: localhost/127.0.0.1:0. Already tried 4 time(s); retry policy is RetryUpToMaximumCountWithFixedSleep(maxRetries=10, sleepTime=1000 MILLISECONDS)
2019-09-28 01:26:39,240 [main] INFO  ipc.Client (Client.java:handleConnectionFailure(948)) - Retrying connect to server: localhost/127.0.0.1:0. Already tried 5 time(s); retry policy is RetryUpToMaximumCountWithFixedSleep(maxRetries=10, sleepTime=1000 MILLISECONDS)
2019-09-28 01:26:40,241 [main] INFO  ipc.Client (Client.java:handleConnectionFailure(948)) - Retrying connect to server: localhost/127.0.0.1:0. Already tried 6 time(s); retry policy is RetryUpToMaximumCountWithFixedSleep(maxRetries=10, sleepTime=1000 MILLISECONDS)
2019-09-28 01:26:41,243 [main] INFO  ipc.Client (Client.java:handleConnectionFailure(948)) - Retrying connect to server: localhost/127.0.0.1:0. Already tried 7 time(s); retry policy is RetryUpToMaximumCountWithFixedSleep(maxRetries=10, sleepTime=1000 MILLISECONDS)
2019-09-28 01:26:42,244 [main] INFO  ipc.Client (Client.java:handleConnectionFailure(948)) - Retrying connect to server: localhost/127.0.0.1:0. Already tried 8 time(s); retry policy is RetryUpToMaximumCountWithFixedSleep(maxRetries=10, sleepTime=1000 MILLISECONDS)
2019-09-28 01:26:43,245 [main] INFO  ipc.Client (Client.java:handleConnectionFailure(948)) - Retrying connect to server: localhost/127.0.0.1:0. Already tried 9 time(s); retry policy is RetryUpToMaximumCountWithFixedSleep(maxRetries=10, sleepTime=1000 MILLISECONDS)
2019-09-28 01:26:43,247 [main] INFO  retry.RetryInvocationHandler (RetryInvocationHandler.java:log(411)) - com.google.protobuf.ServiceException: java.net.ConnectException: Your endpoint configuration is wrong; For more details see:  http://wiki.apache.org/hadoop/UnsetHostnameOrPort, while invoking $Proxy37.submitRequest over nodeId=null,nodeAddress=127.0.0.1:0 after 9 failover attempts. Trying to failover immediately.
2019-09-28 01:26:44,248 [main] INFO  ipc.Client (Client.java:handleConnectionFailure(948)) - Retrying connect to server: localhost/127.0.0.1:0. Already tried 0 time(s); retry policy is RetryUpToMaximumCountWithFixedSleep(maxRetries=10, sleepTime=1000 MILLISECONDS)
2019-09-28 01:26:45,249 [main] INFO  ipc.Client (Client.java:handleConnectionFailure(948)) - Retrying connect to server: localhost/127.0.0.1:0. Already tried 1 time(s); retry policy is RetryUpToMaximumCountWithFixedSleep(maxRetries=10, sleepTime=1000 MILLISECONDS)
2019-09-28 01:26:46,250 [main] INFO  ipc.Client (Client.java:handleConnectionFailure(948)) - Retrying connect to server: localhost/127.0.0.1:0. Already tried 2 time(s); retry policy is RetryUpToMaximumCountWithFixedSleep(maxRetries=10, sleepTime=1000 MILLISECONDS)
2019-09-28 01:26:47,253 [main] INFO  ipc.Client (Client.java:handleConnectionFailure(948)) - Retrying connect to server: localhost/127.0.0.1:0. Already tried 3 time(s); retry policy is RetryUpToMaximumCountWithFixedSleep(maxRetries=10, sleepTime=1000 MILLISECONDS)
2019-09-28 01:26:48,255 [main] INFO  ipc.Client (Client.java:handleConnectionFailure(948)) - Retrying connect to server: localhost/127.0.0.1:0. Already tried 4 time(s); retry policy is RetryUpToMaximumCountWithFixedSleep(maxRetries=10, sleepTime=1000 MILLISECONDS)
2019-09-28 01:26:49,256 [main] INFO  ipc.Client (Client.java:handleConnectionFailure(948)) - Retrying connect to server: localhost/127.0.0.1:0. Already tried 5 time(s); retry policy is RetryUpToMaximumCountWithFixedSleep(maxRetries=10, sleepTime=1000 MILLISECONDS)
2019-09-28 01:26:50,257 [main] INFO  ipc.Client (Client.java:handleConnectionFailure(948)) - Retrying connect to server: localhost/127.0.0.1:0. Already tried 6 time(s); retry policy is RetryUpToMaximumCountWithFixedSleep(maxRetries=10, sleepTime=1000 MILLISECONDS)
2019-09-28 01:26:51,259 [main] INFO  ipc.Client (Client.java:handleConnectionFailure(948)) - Retrying connect to server: localhost/127.0.0.1:0. Already tried 7 time(s); retry policy is RetryUpToMaximumCountWithFixedSleep(maxRetries=10, sleepTime=1000 MILLISECONDS)
2019-09-28 01:26:52,260 [main] INFO  ipc.Client (Client.java:handleConnectionFailure(948)) - Retrying connect to server: localhost/127.0.0.1:0. Already tried 8 time(s); retry policy is RetryUpToMaximumCountWithFixedSleep(maxRetries=10, sleepTime=1000 MILLISECONDS)
2019-09-28 01:26:53,261 [main] INFO  ipc.Client (Client.java:handleConnectionFailure(948)) - Retrying connect to server: localhost/127.0.0.1:0. Already tried 9 time(s); retry policy is RetryUpToMaximumCountWithFixedSleep(maxRetries=10, sleepTime=1000 MILLISECONDS)
2019-09-28 01:26:53,265 [main] ERROR ha.OMFailoverProxyProvider (OzoneManagerProtocolClientSideTranslatorPB.java:getRetryAction(268)) - Failed to connect to OM. Attempted 10 retries and 10 failovers
2019-09-28 01:26:53,268 [main] ERROR client.OzoneClientFactory (OzoneClientFactory.java:getClientProtocol(259)) - Couldn't create RpcClient protocol exception: 
java.net.ConnectException: Your endpoint configuration is wrong; For more details see:  http://wiki.apache.org/hadoop/UnsetHostnameOrPort
	at sun.reflect.NativeConstructorAccessorImpl.newInstance0(Native Method)
	at sun.reflect.NativeConstructorAccessorImpl.newInstance(NativeConstructorAccessorImpl.java:62)
	at sun.reflect.DelegatingConstructorAccessorImpl.newInstance(DelegatingConstructorAccessorImpl.java:45)
	at java.lang.reflect.Constructor.newInstance(Constructor.java:423)
	at org.apache.hadoop.net.NetUtils.wrapWithMessage(NetUtils.java:831)
	at org.apache.hadoop.net.NetUtils.wrapException(NetUtils.java:751)
	at org.apache.hadoop.ipc.Client.getRpcResponse(Client.java:1515)
	at org.apache.hadoop.ipc.Client.call(Client.java:1457)
	at org.apache.hadoop.ipc.Client.call(Client.java:1367)
	at org.apache.hadoop.ipc.ProtobufRpcEngine$Invoker.invoke(ProtobufRpcEngine.java:228)
	at org.apache.hadoop.ipc.ProtobufRpcEngine$Invoker.invoke(ProtobufRpcEngine.java:116)
	at com.sun.proxy.$Proxy37.submitRequest(Unknown Source)
	at sun.reflect.NativeMethodAccessorImpl.invoke0(Native Method)
	at sun.reflect.NativeMethodAccessorImpl.invoke(NativeMethodAccessorImpl.java:62)
	at sun.reflect.DelegatingMethodAccessorImpl.invoke(DelegatingMethodAccessorImpl.java:43)
	at java.lang.reflect.Method.invoke(Method.java:498)
	at org.apache.hadoop.io.retry.RetryInvocationHandler.invokeMethod(RetryInvocationHandler.java:422)
	at org.apache.hadoop.io.retry.RetryInvocationHandler$Call.invokeMethod(RetryInvocationHandler.java:165)
	at org.apache.hadoop.io.retry.RetryInvocationHandler$Call.invoke(RetryInvocationHandler.java:157)
	at org.apache.hadoop.io.retry.RetryInvocationHandler$Call.invokeOnce(RetryInvocationHandler.java:95)
	at org.apache.hadoop.io.retry.RetryInvocationHandler.invoke(RetryInvocationHandler.java:359)
	at com.sun.proxy.$Proxy37.submitRequest(Unknown Source)
	at org.apache.hadoop.ozone.om.protocolPB.OzoneManagerProtocolClientSideTranslatorPB.submitRequest(OzoneManagerProtocolClientSideTranslatorPB.java:338)
	at org.apache.hadoop.ozone.om.protocolPB.OzoneManagerProtocolClientSideTranslatorPB.getServiceInfo(OzoneManagerProtocolClientSideTranslatorPB.java:1223)
	at sun.reflect.NativeMethodAccessorImpl.invoke0(Native Method)
	at sun.reflect.NativeMethodAccessorImpl.invoke(NativeMethodAccessorImpl.java:62)
	at sun.reflect.DelegatingMethodAccessorImpl.invoke(DelegatingMethodAccessorImpl.java:43)
	at java.lang.reflect.Method.invoke(Method.java:498)
	at org.apache.hadoop.hdds.tracing.TraceAllMethod.invoke(TraceAllMethod.java:66)
	at com.sun.proxy.$Proxy38.getServiceInfo(Unknown Source)
	at org.apache.hadoop.ozone.client.rpc.RpcClient.<init>(RpcClient.java:154)
	at org.apache.hadoop.ozone.client.OzoneClientFactory.getClientProtocol(OzoneClientFactory.java:256)
	at org.apache.hadoop.ozone.client.OzoneClientFactory.getClientProtocol(OzoneClientFactory.java:239)
	at org.apache.hadoop.ozone.client.OzoneClientFactory.getClient(OzoneClientFactory.java:75)
	at org.apache.hadoop.ozone.client.rpc.TestCloseContainerHandlingByClient.init(TestCloseContainerHandlingByClient.java:97)
	at sun.reflect.NativeMethodAccessorImpl.invoke0(Native Method)
	at sun.reflect.NativeMethodAccessorImpl.invoke(NativeMethodAccessorImpl.java:62)
	at sun.reflect.DelegatingMethodAccessorImpl.invoke(DelegatingMethodAccessorImpl.java:43)
	at java.lang.reflect.Method.invoke(Method.java:498)
	at org.junit.runners.model.FrameworkMethod$1.runReflectiveCall(FrameworkMethod.java:47)
	at org.junit.internal.runners.model.ReflectiveCallable.run(ReflectiveCallable.java:12)
	at org.junit.runners.model.FrameworkMethod.invokeExplosively(FrameworkMethod.java:44)
	at org.junit.internal.runners.statements.RunBefores.evaluate(RunBefores.java:24)
	at org.junit.internal.runners.statements.RunAfters.evaluate(RunAfters.java:27)
	at org.junit.runners.ParentRunner.run(ParentRunner.java:309)
	at org.apache.maven.surefire.junit4.JUnit4Provider.execute(JUnit4Provider.java:365)
	at org.apache.maven.surefire.junit4.JUnit4Provider.executeWithRerun(JUnit4Provider.java:273)
	at org.apache.maven.surefire.junit4.JUnit4Provider.executeTestSet(JUnit4Provider.java:238)
	at org.apache.maven.surefire.junit4.JUnit4Provider.invoke(JUnit4Provider.java:159)
	at org.apache.maven.surefire.booter.ForkedBooter.invokeProviderInSameClassLoader(ForkedBooter.java:384)
	at org.apache.maven.surefire.booter.ForkedBooter.runSuitesInProcess(ForkedBooter.java:345)
	at org.apache.maven.surefire.booter.ForkedBooter.execute(ForkedBooter.java:126)
	at org.apache.maven.surefire.booter.ForkedBooter.main(ForkedBooter.java:418)
Caused by: java.net.ConnectException: Connection refused
	at sun.nio.ch.SocketChannelImpl.checkConnect(Native Method)
	at sun.nio.ch.SocketChannelImpl.finishConnect(SocketChannelImpl.java:717)
	at org.apache.hadoop.net.SocketIOWithTimeout.connect(SocketIOWithTimeout.java:206)
	at org.apache.hadoop.net.NetUtils.connect(NetUtils.java:531)
	at org.apache.hadoop.ipc.Client$Connection.setupConnection(Client.java:690)
	at org.apache.hadoop.ipc.Client$Connection.setupIOstreams(Client.java:794)
	at org.apache.hadoop.ipc.Client$Connection.access$3700(Client.java:411)
	at org.apache.hadoop.ipc.Client.getConnection(Client.java:1572)
	at org.apache.hadoop.ipc.Client.call(Client.java:1403)
	... 45 more
2019-09-28 01:26:53,273 [main] INFO  ozone.MiniOzoneClusterImpl (MiniOzoneClusterImpl.java:shutdown(314)) - Shutting down the Mini Ozone Cluster
2019-09-28 01:26:53,274 [main] INFO  ozone.MiniOzoneClusterImpl (MiniOzoneClusterImpl.java:stop(330)) - Stopping the Mini Ozone Cluster
2019-09-28 01:26:53,274 [main] INFO  ozone.MiniOzoneClusterImpl (MiniOzoneClusterImpl.java:stopOM(400)) - Stopping the OzoneManager
2019-09-28 01:26:53,274 [main] INFO  ipc.Server (Server.java:stop(3082)) - Stopping server on 39577
2019-09-28 01:26:53,290 [IPC Server listener on 39577] INFO  ipc.Server (Server.java:run(1185)) - Stopping IPC Server listener on 39577
2019-09-28 01:26:53,295 [main] INFO  ratis.OzoneManagerDoubleBuffer (OzoneManagerDoubleBuffer.java:stop(248)) - Stopping OMDoubleBuffer flush thread
2019-09-28 01:26:53,302 [IPC Server Responder] INFO  ipc.Server (Server.java:run(1319)) - Stopping IPC Server Responder
2019-09-28 01:26:53,308 [OMDoubleBufferFlushThread] INFO  ratis.OzoneManagerDoubleBuffer (OzoneManagerDoubleBuffer.java:flushTransactions(191)) - OMDoubleBuffer flush thread OMDoubleBufferFlushThread is interrupted and will exit. OMDoubleBufferFlushThread
2019-09-28 01:26:53,323 [main] INFO  utils.BackgroundService (BackgroundService.java:shutdown(148)) - Shutting down service KeyDeletingService
2019-09-28 01:26:53,346 [main] INFO  handler.ContextHandler (ContextHandler.java:doStop(910)) - Stopped o.e.j.w.WebAppContext@748fe51d{/,null,UNAVAILABLE}{/ozoneManager}
2019-09-28 01:26:53,355 [main] INFO  server.AbstractConnector (AbstractConnector.java:doStop(318)) - Stopped ServerConnector@415156bf{HTTP/1.1,[http/1.1]}{0.0.0.0:0}
2019-09-28 01:26:53,356 [main] INFO  handler.ContextHandler (ContextHandler.java:doStop(910)) - Stopped o.e.j.s.ServletContextHandler@3adbe50f{/static,file:///workdir/hadoop-ozone/integration-test/target/test-classes/webapps/static,UNAVAILABLE}
2019-09-28 01:26:53,357 [main] INFO  handler.ContextHandler (ContextHandler.java:doStop(910)) - Stopped o.e.j.s.ServletContextHandler@ecfbe91{/logs,file:///workdir/hadoop-ozone/integration-test/target/log,UNAVAILABLE}
2019-09-28 01:26:53,364 [main] INFO  ozone.MiniOzoneClusterImpl (MiniOzoneClusterImpl.java:stopDatanodes(377)) - Stopping the HddsDatanodes
2019-09-28 01:26:53,450 [Datanode State Machine Thread - 0] INFO  statemachine.DatanodeStateMachine (DatanodeStateMachine.java:lambda$startDaemon$0(350)) - Ozone container server started.
2019-09-28 01:26:53,932 [Datanode State Machine Thread - 0] INFO  statemachine.DatanodeStateMachine (DatanodeStateMachine.java:lambda$startDaemon$0(350)) - Ozone container server started.
2019-09-28 01:26:55,472 [EventQueue-StaleNodeForStaleNodeHandler] INFO  node.StaleNodeHandler (StaleNodeHandler.java:onMessage(58)) - Datanode 2fe43e1f-7e2f-40c0-92e9-c62e91f31e21{ip: 192.168.151.82, host: pr-hdds-2162-8g7kw-3348123894, networkLocation: /default-rack, certSerialId: null} moved to stale state. Finalizing its pipelines [PipelineID=8c4b8525-ea43-4b89-84d2-318676057be1, PipelineID=314edef3-7d44-4052-aaed-4ab4ec776ce3]
2019-09-28 01:26:55,473 [EventQueue-StaleNodeForStaleNodeHandler] INFO  pipeline.SCMPipelineManager (SCMPipelineManager.java:finalizeAndDestroyPipeline(315)) - destroying pipeline:Pipeline[ Id: 8c4b8525-ea43-4b89-84d2-318676057be1, Nodes: 2fe43e1f-7e2f-40c0-92e9-c62e91f31e21{ip: 192.168.151.82, host: pr-hdds-2162-8g7kw-3348123894, networkLocation: /default-rack, certSerialId: null}, Type:RATIS, Factor:ONE, State:OPEN]
2019-09-28 01:26:55,478 [EventQueue-StaleNodeForStaleNodeHandler] INFO  pipeline.PipelineStateManager (PipelineStateManager.java:finalizePipeline(123)) - Pipeline Pipeline[ Id: 8c4b8525-ea43-4b89-84d2-318676057be1, Nodes: 2fe43e1f-7e2f-40c0-92e9-c62e91f31e21{ip: 192.168.151.82, host: pr-hdds-2162-8g7kw-3348123894, networkLocation: /default-rack, certSerialId: null}, Type:RATIS, Factor:ONE, State:CLOSED] moved to CLOSED state
2019-09-28 01:26:55,480 [EventQueue-StaleNodeForStaleNodeHandler] INFO  pipeline.SCMPipelineManager (SCMPipelineManager.java:finalizeAndDestroyPipeline(315)) - destroying pipeline:Pipeline[ Id: 314edef3-7d44-4052-aaed-4ab4ec776ce3, Nodes: 2fe43e1f-7e2f-40c0-92e9-c62e91f31e21{ip: 192.168.151.82, host: pr-hdds-2162-8g7kw-3348123894, networkLocation: /default-rack, certSerialId: null}d8c2ed96-3ddc-486a-9aeb-952e04a79e03{ip: 192.168.151.82, host: pr-hdds-2162-8g7kw-3348123894, networkLocation: /default-rack, certSerialId: null}254bd34b-da93-4b49-ba56-65596765e095{ip: 192.168.151.82, host: pr-hdds-2162-8g7kw-3348123894, networkLocation: /default-rack, certSerialId: null}, Type:RATIS, Factor:THREE, State:OPEN]
2019-09-28 01:26:55,480 [EventQueue-StaleNodeForStaleNodeHandler] INFO  pipeline.PipelineStateManager (PipelineStateManager.java:finalizePipeline(123)) - Pipeline Pipeline[ Id: 314edef3-7d44-4052-aaed-4ab4ec776ce3, Nodes: 2fe43e1f-7e2f-40c0-92e9-c62e91f31e21{ip: 192.168.151.82, host: pr-hdds-2162-8g7kw-3348123894, networkLocation: /default-rack, certSerialId: null}d8c2ed96-3ddc-486a-9aeb-952e04a79e03{ip: 192.168.151.82, host: pr-hdds-2162-8g7kw-3348123894, networkLocation: /default-rack, certSerialId: null}254bd34b-da93-4b49-ba56-65596765e095{ip: 192.168.151.82, host: pr-hdds-2162-8g7kw-3348123894, networkLocation: /default-rack, certSerialId: null}, Type:RATIS, Factor:THREE, State:CLOSED] moved to CLOSED state
2019-09-28 01:26:55,973 [EventQueue-StaleNodeForStaleNodeHandler] INFO  node.StaleNodeHandler (StaleNodeHandler.java:onMessage(58)) - Datanode f80ebd0f-9459-4fcf-a92e-ad251c227da2{ip: 192.168.151.82, host: pr-hdds-2162-8g7kw-3348123894, networkLocation: /default-rack, certSerialId: null} moved to stale state. Finalizing its pipelines [PipelineID=9878553b-84c4-4ee7-8a17-24b275c06c45, PipelineID=e72f4531-1db8-47d5-815d-7feeead5071e]
2019-09-28 01:26:55,973 [EventQueue-StaleNodeForStaleNodeHandler] INFO  pipeline.SCMPipelineManager (SCMPipelineManager.java:finalizeAndDestroyPipeline(315)) - destroying pipeline:Pipeline[ Id: 9878553b-84c4-4ee7-8a17-24b275c06c45, Nodes: d6a6e65c-a134-442b-b704-25eab67c9a5d{ip: 192.168.151.82, host: pr-hdds-2162-8g7kw-3348123894, networkLocation: /default-rack, certSerialId: null}f80ebd0f-9459-4fcf-a92e-ad251c227da2{ip: 192.168.151.82, host: pr-hdds-2162-8g7kw-3348123894, networkLocation: /default-rack, certSerialId: null}3ef39b63-8ca3-4bd0-895a-baafa112e0b9{ip: 192.168.151.82, host: pr-hdds-2162-8g7kw-3348123894, networkLocation: /default-rack, certSerialId: null}, Type:RATIS, Factor:THREE, State:OPEN]
2019-09-28 01:26:55,973 [EventQueue-StaleNodeForStaleNodeHandler] INFO  pipeline.PipelineStateManager (PipelineStateManager.java:finalizePipeline(123)) - Pipeline Pipeline[ Id: 9878553b-84c4-4ee7-8a17-24b275c06c45, Nodes: d6a6e65c-a134-442b-b704-25eab67c9a5d{ip: 192.168.151.82, host: pr-hdds-2162-8g7kw-3348123894, networkLocation: /default-rack, certSerialId: null}f80ebd0f-9459-4fcf-a92e-ad251c227da2{ip: 192.168.151.82, host: pr-hdds-2162-8g7kw-3348123894, networkLocation: /default-rack, certSerialId: null}3ef39b63-8ca3-4bd0-895a-baafa112e0b9{ip: 192.168.151.82, host: pr-hdds-2162-8g7kw-3348123894, networkLocation: /default-rack, certSerialId: null}, Type:RATIS, Factor:THREE, State:CLOSED] moved to CLOSED state
2019-09-28 01:26:55,974 [EventQueue-StaleNodeForStaleNodeHandler] INFO  pipeline.SCMPipelineManager (SCMPipelineManager.java:finalizeAndDestroyPipeline(315)) - destroying pipeline:Pipeline[ Id: e72f4531-1db8-47d5-815d-7feeead5071e, Nodes: f80ebd0f-9459-4fcf-a92e-ad251c227da2{ip: 192.168.151.82, host: pr-hdds-2162-8g7kw-3348123894, networkLocation: /default-rack, certSerialId: null}, Type:RATIS, Factor:ONE, State:OPEN]
2019-09-28 01:26:55,974 [EventQueue-StaleNodeForStaleNodeHandler] INFO  pipeline.PipelineStateManager (PipelineStateManager.java:finalizePipeline(123)) - Pipeline Pipeline[ Id: e72f4531-1db8-47d5-815d-7feeead5071e, Nodes: f80ebd0f-9459-4fcf-a92e-ad251c227da2{ip: 192.168.151.82, host: pr-hdds-2162-8g7kw-3348123894, networkLocation: /default-rack, certSerialId: null}, Type:RATIS, Factor:ONE, State:CLOSED] moved to CLOSED state
2019-09-28 01:26:58,368 [ForkJoinPool.commonPool-worker-0] INFO  ozoneimpl.OzoneContainer (OzoneContainer.java:stop(231)) - Attempting to stop container services.
2019-09-28 01:26:58,368 [main] INFO  ozoneimpl.OzoneContainer (OzoneContainer.java:stop(231)) - Attempting to stop container services.
2019-09-28 01:26:58,373 [ForkJoinPool.commonPool-worker-0] INFO  impl.RaftServerProxy (RaftServerProxy.java:lambda$close$4(314)) - 2fe43e1f-7e2f-40c0-92e9-c62e91f31e21: close
2019-09-28 01:26:58,373 [main] INFO  impl.RaftServerProxy (RaftServerProxy.java:lambda$close$4(314)) - f80ebd0f-9459-4fcf-a92e-ad251c227da2: close
2019-09-28 01:26:58,377 [main] INFO  impl.RaftServerImpl (RaftServerImpl.java:lambda$shutdown$3(251)) - f80ebd0f-9459-4fcf-a92e-ad251c227da2@group-24B275C06C45: shutdown
2019-09-28 01:26:58,377 [ForkJoinPool.commonPool-worker-0] INFO  impl.RaftServerImpl (RaftServerImpl.java:lambda$shutdown$3(251)) - 2fe43e1f-7e2f-40c0-92e9-c62e91f31e21@group-318676057BE1: shutdown
2019-09-28 01:26:58,377 [main] INFO  util.JmxRegister (JmxRegister.java:unregister(73)) - Successfully un-registered JMX Bean with object name Ratis:service=RaftServer,group=group-24B275C06C45,id=f80ebd0f-9459-4fcf-a92e-ad251c227da2
2019-09-28 01:26:58,378 [ForkJoinPool.commonPool-worker-0] INFO  util.JmxRegister (JmxRegister.java:unregister(73)) - Successfully un-registered JMX Bean with object name Ratis:service=RaftServer,group=group-318676057BE1,id=2fe43e1f-7e2f-40c0-92e9-c62e91f31e21
2019-09-28 01:26:58,378 [main] INFO  impl.RoleInfo (RoleInfo.java:shutdownFollowerState(121)) - f80ebd0f-9459-4fcf-a92e-ad251c227da2: shutdown FollowerState
2019-09-28 01:26:58,378 [ForkJoinPool.commonPool-worker-0] INFO  impl.RoleInfo (RoleInfo.java:shutdownLeaderState(104)) - 2fe43e1f-7e2f-40c0-92e9-c62e91f31e21: shutdown LeaderState
2019-09-28 01:26:58,379 [Thread-309] INFO  impl.FollowerState (FollowerState.java:run(115)) - f80ebd0f-9459-4fcf-a92e-ad251c227da2: FollowerState was interrupted: java.lang.InterruptedException: sleep interrupted
2019-09-28 01:26:58,379 [main] INFO  impl.StateMachineUpdater (StateMachineUpdater.java:stopAndJoin(125)) - f80ebd0f-9459-4fcf-a92e-ad251c227da2@group-24B275C06C45-StateMachineUpdater: set stopIndex = 0
2019-09-28 01:26:58,385 [ForkJoinPool.commonPool-worker-0] INFO  impl.PendingRequests (PendingRequests.java:sendNotLeaderResponses(202)) - 2fe43e1f-7e2f-40c0-92e9-c62e91f31e21-PendingRequests: sendNotLeaderResponses
2019-09-28 01:26:58,385 [main] INFO  impl.RaftServerImpl (ServerState.java:close(385)) - f80ebd0f-9459-4fcf-a92e-ad251c227da2@group-24B275C06C45: closes. applyIndex: 0
2019-09-28 01:26:58,387 [ForkJoinPool.commonPool-worker-0] INFO  impl.StateMachineUpdater (StateMachineUpdater.java:stopAndJoin(125)) - 2fe43e1f-7e2f-40c0-92e9-c62e91f31e21@group-318676057BE1-StateMachineUpdater: set stopIndex = 0
2019-09-28 01:26:58,391 [ForkJoinPool.commonPool-worker-0] INFO  impl.RaftServerImpl (ServerState.java:close(385)) - 2fe43e1f-7e2f-40c0-92e9-c62e91f31e21@group-318676057BE1: closes. applyIndex: 0
2019-09-28 01:26:58,392 [f80ebd0f-9459-4fcf-a92e-ad251c227da2@group-24B275C06C45-SegmentedRaftLogWorker] INFO  segmented.SegmentedRaftLogWorker (SegmentedRaftLogWorker.java:run(313)) - f80ebd0f-9459-4fcf-a92e-ad251c227da2@group-24B275C06C45-SegmentedRaftLogWorker was interrupted, exiting. There are 0 tasks remaining in the queue.
2019-09-28 01:26:58,392 [2fe43e1f-7e2f-40c0-92e9-c62e91f31e21@group-318676057BE1-SegmentedRaftLogWorker] INFO  segmented.SegmentedRaftLogWorker (SegmentedRaftLogWorker.java:run(313)) - 2fe43e1f-7e2f-40c0-92e9-c62e91f31e21@group-318676057BE1-SegmentedRaftLogWorker was interrupted, exiting. There are 0 tasks remaining in the queue.
2019-09-28 01:26:58,397 [ForkJoinPool.commonPool-worker-0] INFO  segmented.SegmentedRaftLogWorker (SegmentedRaftLogWorker.java:close(228)) - 2fe43e1f-7e2f-40c0-92e9-c62e91f31e21@group-318676057BE1-SegmentedRaftLogWorker close()
2019-09-28 01:26:58,397 [main] INFO  segmented.SegmentedRaftLogWorker (SegmentedRaftLogWorker.java:close(228)) - f80ebd0f-9459-4fcf-a92e-ad251c227da2@group-24B275C06C45-SegmentedRaftLogWorker close()
2019-09-28 01:26:58,401 [ForkJoinPool.commonPool-worker-0] INFO  impl.RaftServerImpl (RaftServerImpl.java:lambda$shutdown$3(251)) - 2fe43e1f-7e2f-40c0-92e9-c62e91f31e21@group-4AB4EC776CE3: shutdown
2019-09-28 01:26:58,404 [main] INFO  impl.RaftServerImpl (RaftServerImpl.java:lambda$shutdown$3(251)) - f80ebd0f-9459-4fcf-a92e-ad251c227da2@group-7FEEEAD5071E: shutdown
2019-09-28 01:26:58,404 [ForkJoinPool.commonPool-worker-0] INFO  util.JmxRegister (JmxRegister.java:unregister(73)) - Successfully un-registered JMX Bean with object name Ratis:service=RaftServer,group=group-4AB4EC776CE3,id=2fe43e1f-7e2f-40c0-92e9-c62e91f31e21
2019-09-28 01:26:58,404 [main] INFO  util.JmxRegister (JmxRegister.java:unregister(73)) - Successfully un-registered JMX Bean with object name Ratis:service=RaftServer,group=group-7FEEEAD5071E,id=f80ebd0f-9459-4fcf-a92e-ad251c227da2
2019-09-28 01:26:58,405 [ForkJoinPool.commonPool-worker-0] INFO  impl.RoleInfo (RoleInfo.java:shutdownFollowerState(121)) - 2fe43e1f-7e2f-40c0-92e9-c62e91f31e21: shutdown FollowerState
2019-09-28 01:26:58,405 [main] INFO  impl.RoleInfo (RoleInfo.java:shutdownLeaderState(104)) - f80ebd0f-9459-4fcf-a92e-ad251c227da2: shutdown LeaderState
2019-09-28 01:26:58,405 [Thread-302] INFO  impl.FollowerState (FollowerState.java:run(115)) - 2fe43e1f-7e2f-40c0-92e9-c62e91f31e21: FollowerState was interrupted: java.lang.InterruptedException: sleep interrupted
2019-09-28 01:26:58,406 [main] INFO  impl.PendingRequests (PendingRequests.java:sendNotLeaderResponses(202)) - f80ebd0f-9459-4fcf-a92e-ad251c227da2-PendingRequests: sendNotLeaderResponses
2019-09-28 01:26:58,405 [ForkJoinPool.commonPool-worker-0] INFO  impl.StateMachineUpdater (StateMachineUpdater.java:stopAndJoin(125)) - 2fe43e1f-7e2f-40c0-92e9-c62e91f31e21@group-4AB4EC776CE3-StateMachineUpdater: set stopIndex = 0
2019-09-28 01:26:58,411 [ForkJoinPool.commonPool-worker-0] INFO  impl.RaftServerImpl (ServerState.java:close(385)) - 2fe43e1f-7e2f-40c0-92e9-c62e91f31e21@group-4AB4EC776CE3: closes. applyIndex: 0
2019-09-28 01:26:58,411 [main] INFO  impl.StateMachineUpdater (StateMachineUpdater.java:stopAndJoin(125)) - f80ebd0f-9459-4fcf-a92e-ad251c227da2@group-7FEEEAD5071E-StateMachineUpdater: set stopIndex = 0
2019-09-28 01:26:58,421 [2fe43e1f-7e2f-40c0-92e9-c62e91f31e21@group-4AB4EC776CE3-SegmentedRaftLogWorker] INFO  segmented.SegmentedRaftLogWorker (SegmentedRaftLogWorker.java:run(313)) - 2fe43e1f-7e2f-40c0-92e9-c62e91f31e21@group-4AB4EC776CE3-SegmentedRaftLogWorker was interrupted, exiting. There are 0 tasks remaining in the queue.
2019-09-28 01:26:58,421 [main] INFO  impl.RaftServerImpl (ServerState.java:close(385)) - f80ebd0f-9459-4fcf-a92e-ad251c227da2@group-7FEEEAD5071E: closes. applyIndex: 0
2019-09-28 01:26:58,423 [ForkJoinPool.commonPool-worker-0] INFO  segmented.SegmentedRaftLogWorker (SegmentedRaftLogWorker.java:close(228)) - 2fe43e1f-7e2f-40c0-92e9-c62e91f31e21@group-4AB4EC776CE3-SegmentedRaftLogWorker close()
2019-09-28 01:26:58,424 [f80ebd0f-9459-4fcf-a92e-ad251c227da2@group-7FEEEAD5071E-SegmentedRaftLogWorker] INFO  segmented.SegmentedRaftLogWorker (SegmentedRaftLogWorker.java:run(313)) - f80ebd0f-9459-4fcf-a92e-ad251c227da2@group-7FEEEAD5071E-SegmentedRaftLogWorker was interrupted, exiting. There are 0 tasks remaining in the queue.
2019-09-28 01:26:58,429 [main] INFO  segmented.SegmentedRaftLogWorker (SegmentedRaftLogWorker.java:close(228)) - f80ebd0f-9459-4fcf-a92e-ad251c227da2@group-7FEEEAD5071E-SegmentedRaftLogWorker close()
2019-09-28 01:26:58,431 [ForkJoinPool.commonPool-worker-0] INFO  server.GrpcService (GrpcService.java:closeImpl(164)) - 2fe43e1f-7e2f-40c0-92e9-c62e91f31e21: shutdown server with port 35015 now
2019-09-28 01:26:58,438 [main] INFO  server.GrpcService (GrpcService.java:closeImpl(164)) - f80ebd0f-9459-4fcf-a92e-ad251c227da2: shutdown server with port 34687 now
2019-09-28 01:26:58,452 [ForkJoinPool.commonPool-worker-0] INFO  server.GrpcService (GrpcService.java:closeImpl(172)) - 2fe43e1f-7e2f-40c0-92e9-c62e91f31e21: shutdown server with port 35015 successfully
2019-09-28 01:26:58,452 [grpc-default-executor-1] WARN  server.GrpcServerProtocolService (LogUtils.java:warn(134)) - 2fe43e1f-7e2f-40c0-92e9-c62e91f31e21: installSnapshot onError, lastRequest: d8c2ed96-3ddc-486a-9aeb-952e04a79e03->2fe43e1f-7e2f-40c0-92e9-c62e91f31e21#44-t1, previous=(t:1, i:0), leaderCommit=0, initializing? false, entries: <empty>: org.apache.ratis.thirdparty.io.grpc.StatusRuntimeException: CANCELLED: cancelled before receiving half close
2019-09-28 01:26:58,455 [grpc-default-executor-0] WARN  server.GrpcServerProtocolService (LogUtils.java:warn(134)) - f80ebd0f-9459-4fcf-a92e-ad251c227da2: installSnapshot onError, lastRequest: d6a6e65c-a134-442b-b704-25eab67c9a5d->f80ebd0f-9459-4fcf-a92e-ad251c227da2#44-t1, previous=(t:1, i:0), leaderCommit=0, initializing? false, entries: <empty>: org.apache.ratis.thirdparty.io.grpc.StatusRuntimeException: CANCELLED: cancelled before receiving half close
2019-09-28 01:26:58,458 [main] INFO  server.GrpcService (GrpcService.java:closeImpl(172)) - f80ebd0f-9459-4fcf-a92e-ad251c227da2: shutdown server with port 34687 successfully
2019-09-28 01:26:58,466 [grpc-default-executor-2] WARN  server.GrpcLogAppender (LogUtils.java:warn(134)) - d8c2ed96-3ddc-486a-9aeb-952e04a79e03@group-4AB4EC776CE3->2fe43e1f-7e2f-40c0-92e9-c62e91f31e21-AppendLogResponseHandler: Failed appendEntries: org.apache.ratis.thirdparty.io.grpc.StatusRuntimeException: CANCELLED: HTTP/2 error code: CANCEL
Received Rst Stream
2019-09-28 01:26:58,466 [grpc-default-executor-3] WARN  server.GrpcLogAppender (LogUtils.java:warn(134)) - d6a6e65c-a134-442b-b704-25eab67c9a5d@group-24B275C06C45->f80ebd0f-9459-4fcf-a92e-ad251c227da2-AppendLogResponseHandler: Failed appendEntries: org.apache.ratis.thirdparty.io.grpc.StatusRuntimeException: CANCELLED: HTTP/2 error code: CANCEL
Received Rst Stream
2019-09-28 01:26:58,474 [grpc-default-executor-3] INFO  impl.FollowerInfo (FollowerInfo.java:lambda$new$0(51)) - d6a6e65c-a134-442b-b704-25eab67c9a5d@group-24B275C06C45->f80ebd0f-9459-4fcf-a92e-ad251c227da2: nextIndex: updateUnconditionally 1 -> 0
2019-09-28 01:26:58,474 [grpc-default-executor-2] INFO  impl.FollowerInfo (FollowerInfo.java:lambda$new$0(51)) - d8c2ed96-3ddc-486a-9aeb-952e04a79e03@group-4AB4EC776CE3->2fe43e1f-7e2f-40c0-92e9-c62e91f31e21: nextIndex: updateUnconditionally 1 -> 0
2019-09-28 01:26:58,483 [refreshUsed-/workdir/hadoop-ozone/integration-test/target/test-dir/MiniOzoneClusterImpl-ac0b8f5e-74a5-447c-bcf0-adf0e0b10ad0/datanode-1/data/containers] WARN  fs.CachingGetSpaceUsed (CachingGetSpaceUsed.java:run(183)) - Thread Interrupted waiting to refresh disk information: sleep interrupted
2019-09-28 01:26:58,484 [refreshUsed-/workdir/hadoop-ozone/integration-test/target/test-dir/MiniOzoneClusterImpl-ac0b8f5e-74a5-447c-bcf0-adf0e0b10ad0/datanode-4/data/containers] WARN  fs.CachingGetSpaceUsed (CachingGetSpaceUsed.java:run(183)) - Thread Interrupted waiting to refresh disk information: sleep interrupted
2019-09-28 01:26:58,499 [main] INFO  utils.BackgroundService (BackgroundService.java:shutdown(148)) - Shutting down service BlockDeletingService
2019-09-28 01:26:58,501 [ForkJoinPool.commonPool-worker-0] INFO  utils.BackgroundService (BackgroundService.java:shutdown(148)) - Shutting down service BlockDeletingService
2019-09-28 01:26:58,507 [main] INFO  statemachine.DatanodeStateMachine (DatanodeStateMachine.java:stopDaemon(395)) - Ozone container server stopped.
2019-09-28 01:26:58,508 [ForkJoinPool.commonPool-worker-0] INFO  statemachine.DatanodeStateMachine (DatanodeStateMachine.java:stopDaemon(395)) - Ozone container server stopped.
2019-09-28 01:26:58,511 [main] INFO  handler.ContextHandler (ContextHandler.java:doStop(910)) - Stopped o.e.j.w.WebAppContext@76ad6715{/,null,UNAVAILABLE}{/hddsDatanode}
2019-09-28 01:26:58,512 [ForkJoinPool.commonPool-worker-0] INFO  handler.ContextHandler (ContextHandler.java:doStop(910)) - Stopped o.e.j.w.WebAppContext@4da6d664{/,null,UNAVAILABLE}{/hddsDatanode}
2019-09-28 01:26:58,512 [main] INFO  server.AbstractConnector (AbstractConnector.java:doStop(318)) - Stopped ServerConnector@56637cff{HTTP/1.1,[http/1.1]}{0.0.0.0:0}
2019-09-28 01:26:58,513 [ForkJoinPool.commonPool-worker-0] INFO  server.AbstractConnector (AbstractConnector.java:doStop(318)) - Stopped ServerConnector@5e5af8e1{HTTP/1.1,[http/1.1]}{0.0.0.0:0}
2019-09-28 01:26:58,513 [main] INFO  handler.ContextHandler (ContextHandler.java:doStop(910)) - Stopped o.e.j.s.ServletContextHandler@671d1157{/static,jar:file:/home/user/.m2/repository/org/apache/hadoop/hadoop-hdds-container-service/0.5.0-SNAPSHOT/hadoop-hdds-container-service-0.5.0-SNAPSHOT.jar!/webapps/static,UNAVAILABLE}
2019-09-28 01:26:58,514 [ForkJoinPool.commonPool-worker-0] INFO  handler.ContextHandler (ContextHandler.java:doStop(910)) - Stopped o.e.j.s.ServletContextHandler@68d7a2df{/static,jar:file:/home/user/.m2/repository/org/apache/hadoop/hadoop-hdds-container-service/0.5.0-SNAPSHOT/hadoop-hdds-container-service-0.5.0-SNAPSHOT.jar!/webapps/static,UNAVAILABLE}
2019-09-28 01:26:58,514 [main] INFO  handler.ContextHandler (ContextHandler.java:doStop(910)) - Stopped o.e.j.s.ServletContextHandler@68b9834c{/logs,file:///workdir/hadoop-ozone/integration-test/target/log,UNAVAILABLE}
2019-09-28 01:26:58,516 [ForkJoinPool.commonPool-worker-0] INFO  handler.ContextHandler (ContextHandler.java:doStop(910)) - Stopped o.e.j.s.ServletContextHandler@4b200971{/logs,file:///workdir/hadoop-ozone/integration-test/target/log,UNAVAILABLE}
2019-09-28 01:26:58,953 [Datanode State Machine Thread - 0] INFO  statemachine.DatanodeStateMachine (DatanodeStateMachine.java:lambda$startDaemon$0(350)) - Ozone container server started.
2019-09-28 01:26:59,452 [Datanode State Machine Thread - 0] INFO  statemachine.DatanodeStateMachine (DatanodeStateMachine.java:lambda$startDaemon$0(350)) - Ozone container server started.
2019-09-28 01:26:59,873 [grpc-default-executor-2] WARN  server.GrpcLogAppender (LogUtils.java:warn(134)) - d6a6e65c-a134-442b-b704-25eab67c9a5d@group-24B275C06C45->f80ebd0f-9459-4fcf-a92e-ad251c227da2-AppendLogResponseHandler: Failed appendEntries: org.apache.ratis.thirdparty.io.grpc.StatusRuntimeException: UNAVAILABLE: io exception
2019-09-28 01:26:59,873 [grpc-default-executor-1] WARN  server.GrpcLogAppender (LogUtils.java:warn(134)) - d8c2ed96-3ddc-486a-9aeb-952e04a79e03@group-4AB4EC776CE3->2fe43e1f-7e2f-40c0-92e9-c62e91f31e21-AppendLogResponseHandler: Failed appendEntries: org.apache.ratis.thirdparty.io.grpc.StatusRuntimeException: UNAVAILABLE: io exception
2019-09-28 01:26:59,876 [grpc-default-executor-2] INFO  impl.FollowerInfo (FollowerInfo.java:lambda$new$0(51)) - d6a6e65c-a134-442b-b704-25eab67c9a5d@group-24B275C06C45->f80ebd0f-9459-4fcf-a92e-ad251c227da2: nextIndex: updateUnconditionally 0 -> 0
2019-09-28 01:26:59,876 [grpc-default-executor-1] INFO  impl.FollowerInfo (FollowerInfo.java:lambda$new$0(51)) - d8c2ed96-3ddc-486a-9aeb-952e04a79e03@group-4AB4EC776CE3->2fe43e1f-7e2f-40c0-92e9-c62e91f31e21: nextIndex: updateUnconditionally 0 -> 0
2019-09-28 01:27:00,981 [EventQueue-StaleNodeForStaleNodeHandler] INFO  node.StaleNodeHandler (StaleNodeHandler.java:onMessage(58)) - Datanode 3ef39b63-8ca3-4bd0-895a-baafa112e0b9{ip: 192.168.151.82, host: pr-hdds-2162-8g7kw-3348123894, networkLocation: /default-rack, certSerialId: null} moved to stale state. Finalizing its pipelines [PipelineID=9878553b-84c4-4ee7-8a17-24b275c06c45, PipelineID=ddcc0f96-6d15-4368-87d0-fb6edd0779d0]
2019-09-28 01:27:00,981 [EventQueue-StaleNodeForStaleNodeHandler] INFO  pipeline.SCMPipelineManager (SCMPipelineManager.java:finalizeAndDestroyPipeline(315)) - destroying pipeline:Pipeline[ Id: 9878553b-84c4-4ee7-8a17-24b275c06c45, Nodes: d6a6e65c-a134-442b-b704-25eab67c9a5d{ip: 192.168.151.82, host: pr-hdds-2162-8g7kw-3348123894, networkLocation: /default-rack, certSerialId: null}f80ebd0f-9459-4fcf-a92e-ad251c227da2{ip: 192.168.151.82, host: pr-hdds-2162-8g7kw-3348123894, networkLocation: /default-rack, certSerialId: null}3ef39b63-8ca3-4bd0-895a-baafa112e0b9{ip: 192.168.151.82, host: pr-hdds-2162-8g7kw-3348123894, networkLocation: /default-rack, certSerialId: null}, Type:RATIS, Factor:THREE, State:CLOSED]
2019-09-28 01:27:00,981 [EventQueue-StaleNodeForStaleNodeHandler] INFO  pipeline.SCMPipelineManager (SCMPipelineManager.java:finalizeAndDestroyPipeline(315)) - destroying pipeline:Pipeline[ Id: ddcc0f96-6d15-4368-87d0-fb6edd0779d0, Nodes: 3ef39b63-8ca3-4bd0-895a-baafa112e0b9{ip: 192.168.151.82, host: pr-hdds-2162-8g7kw-3348123894, networkLocation: /default-rack, certSerialId: null}, Type:RATIS, Factor:ONE, State:OPEN]
2019-09-28 01:27:00,982 [EventQueue-StaleNodeForStaleNodeHandler] INFO  pipeline.PipelineStateManager (PipelineStateManager.java:finalizePipeline(123)) - Pipeline Pipeline[ Id: ddcc0f96-6d15-4368-87d0-fb6edd0779d0, Nodes: 3ef39b63-8ca3-4bd0-895a-baafa112e0b9{ip: 192.168.151.82, host: pr-hdds-2162-8g7kw-3348123894, networkLocation: /default-rack, certSerialId: null}, Type:RATIS, Factor:ONE, State:CLOSED] moved to CLOSED state
2019-09-28 01:27:01,481 [EventQueue-StaleNodeForStaleNodeHandler] INFO  node.StaleNodeHandler (StaleNodeHandler.java:onMessage(58)) - Datanode 254bd34b-da93-4b49-ba56-65596765e095{ip: 192.168.151.82, host: pr-hdds-2162-8g7kw-3348123894, networkLocation: /default-rack, certSerialId: null} moved to stale state. Finalizing its pipelines [PipelineID=314edef3-7d44-4052-aaed-4ab4ec776ce3, PipelineID=abd43b8a-3802-4c0e-b685-837ac728c0e8]
2019-09-28 01:27:01,482 [EventQueue-StaleNodeForStaleNodeHandler] INFO  pipeline.SCMPipelineManager (SCMPipelineManager.java:finalizeAndDestroyPipeline(315)) - destroying pipeline:Pipeline[ Id: 314edef3-7d44-4052-aaed-4ab4ec776ce3, Nodes: 2fe43e1f-7e2f-40c0-92e9-c62e91f31e21{ip: 192.168.151.82, host: pr-hdds-2162-8g7kw-3348123894, networkLocation: /default-rack, certSerialId: null}d8c2ed96-3ddc-486a-9aeb-952e04a79e03{ip: 192.168.151.82, host: pr-hdds-2162-8g7kw-3348123894, networkLocation: /default-rack, certSerialId: null}254bd34b-da93-4b49-ba56-65596765e095{ip: 192.168.151.82, host: pr-hdds-2162-8g7kw-3348123894, networkLocation: /default-rack, certSerialId: null}, Type:RATIS, Factor:THREE, State:CLOSED]
2019-09-28 01:27:01,482 [EventQueue-StaleNodeForStaleNodeHandler] INFO  pipeline.SCMPipelineManager (SCMPipelineManager.java:finalizeAndDestroyPipeline(315)) - destroying pipeline:Pipeline[ Id: abd43b8a-3802-4c0e-b685-837ac728c0e8, Nodes: 254bd34b-da93-4b49-ba56-65596765e095{ip: 192.168.151.82, host: pr-hdds-2162-8g7kw-3348123894, networkLocation: /default-rack, certSerialId: null}, Type:RATIS, Factor:ONE, State:OPEN]
2019-09-28 01:27:01,482 [EventQueue-StaleNodeForStaleNodeHandler] INFO  pipeline.PipelineStateManager (PipelineStateManager.java:finalizePipeline(123)) - Pipeline Pipeline[ Id: abd43b8a-3802-4c0e-b685-837ac728c0e8, Nodes: 254bd34b-da93-4b49-ba56-65596765e095{ip: 192.168.151.82, host: pr-hdds-2162-8g7kw-3348123894, networkLocation: /default-rack, certSerialId: null}, Type:RATIS, Factor:ONE, State:CLOSED] moved to CLOSED state
2019-09-28 01:27:02,368 [grpc-default-executor-2] WARN  server.GrpcLogAppender (LogUtils.java:warn(134)) - d8c2ed96-3ddc-486a-9aeb-952e04a79e03@group-4AB4EC776CE3->2fe43e1f-7e2f-40c0-92e9-c62e91f31e21-AppendLogResponseHandler: Failed appendEntries: org.apache.ratis.thirdparty.io.grpc.StatusRuntimeException: UNAVAILABLE: io exception
2019-09-28 01:27:02,369 [grpc-default-executor-4] WARN  server.GrpcLogAppender (LogUtils.java:warn(134)) - d6a6e65c-a134-442b-b704-25eab67c9a5d@group-24B275C06C45->f80ebd0f-9459-4fcf-a92e-ad251c227da2-AppendLogResponseHandler: Failed appendEntries: org.apache.ratis.thirdparty.io.grpc.StatusRuntimeException: UNAVAILABLE: io exception
2019-09-28 01:27:02,373 [grpc-default-executor-2] INFO  impl.FollowerInfo (FollowerInfo.java:lambda$new$0(51)) - d8c2ed96-3ddc-486a-9aeb-952e04a79e03@group-4AB4EC776CE3->2fe43e1f-7e2f-40c0-92e9-c62e91f31e21: nextIndex: updateUnconditionally 0 -> 0
2019-09-28 01:27:02,375 [grpc-default-executor-4] INFO  impl.FollowerInfo (FollowerInfo.java:lambda$new$0(51)) - d6a6e65c-a134-442b-b704-25eab67c9a5d@group-24B275C06C45->f80ebd0f-9459-4fcf-a92e-ad251c227da2: nextIndex: updateUnconditionally 0 -> 0
2019-09-28 01:27:03,518 [ForkJoinPool.commonPool-worker-0] INFO  ozoneimpl.OzoneContainer (OzoneContainer.java:stop(231)) - Attempting to stop container services.
2019-09-28 01:27:03,518 [main] INFO  ozoneimpl.OzoneContainer (OzoneContainer.java:stop(231)) - Attempting to stop container services.
2019-09-28 01:27:03,519 [ForkJoinPool.commonPool-worker-0] INFO  impl.RaftServerProxy (RaftServerProxy.java:lambda$close$4(314)) - 254bd34b-da93-4b49-ba56-65596765e095: close
2019-09-28 01:27:03,519 [ForkJoinPool.commonPool-worker-0] INFO  impl.RaftServerImpl (RaftServerImpl.java:lambda$shutdown$3(251)) - 254bd34b-da93-4b49-ba56-65596765e095@group-4AB4EC776CE3: shutdown
2019-09-28 01:27:03,520 [main] INFO  impl.RaftServerProxy (RaftServerProxy.java:lambda$close$4(314)) - 3ef39b63-8ca3-4bd0-895a-baafa112e0b9: close
2019-09-28 01:27:03,520 [ForkJoinPool.commonPool-worker-0] INFO  util.JmxRegister (JmxRegister.java:unregister(73)) - Successfully un-registered JMX Bean with object name Ratis:service=RaftServer,group=group-4AB4EC776CE3,id=254bd34b-da93-4b49-ba56-65596765e095
2019-09-28 01:27:03,520 [main] INFO  impl.RaftServerImpl (RaftServerImpl.java:lambda$shutdown$3(251)) - 3ef39b63-8ca3-4bd0-895a-baafa112e0b9@group-24B275C06C45: shutdown
2019-09-28 01:27:03,521 [ForkJoinPool.commonPool-worker-0] INFO  impl.RoleInfo (RoleInfo.java:shutdownFollowerState(121)) - 254bd34b-da93-4b49-ba56-65596765e095: shutdown FollowerState
2019-09-28 01:27:03,521 [main] INFO  util.JmxRegister (JmxRegister.java:unregister(73)) - Successfully un-registered JMX Bean with object name Ratis:service=RaftServer,group=group-24B275C06C45,id=3ef39b63-8ca3-4bd0-895a-baafa112e0b9
2019-09-28 01:27:03,521 [Thread-300] INFO  impl.FollowerState (FollowerState.java:run(115)) - 254bd34b-da93-4b49-ba56-65596765e095: FollowerState was interrupted: java.lang.InterruptedException: sleep interrupted
2019-09-28 01:27:03,521 [ForkJoinPool.commonPool-worker-0] INFO  impl.StateMachineUpdater (StateMachineUpdater.java:stopAndJoin(125)) - 254bd34b-da93-4b49-ba56-65596765e095@group-4AB4EC776CE3-StateMachineUpdater: set stopIndex = 0
2019-09-28 01:27:03,525 [ForkJoinPool.commonPool-worker-0] INFO  impl.RaftServerImpl (ServerState.java:close(385)) - 254bd34b-da93-4b49-ba56-65596765e095@group-4AB4EC776CE3: closes. applyIndex: 0
2019-09-28 01:27:03,522 [main] INFO  impl.RoleInfo (RoleInfo.java:shutdownFollowerState(121)) - 3ef39b63-8ca3-4bd0-895a-baafa112e0b9: shutdown FollowerState
2019-09-28 01:27:03,525 [254bd34b-da93-4b49-ba56-65596765e095@group-4AB4EC776CE3-SegmentedRaftLogWorker] INFO  segmented.SegmentedRaftLogWorker (SegmentedRaftLogWorker.java:run(313)) - 254bd34b-da93-4b49-ba56-65596765e095@group-4AB4EC776CE3-SegmentedRaftLogWorker was interrupted, exiting. There are 0 tasks remaining in the queue.
2019-09-28 01:27:03,526 [Thread-308] INFO  impl.FollowerState (FollowerState.java:run(115)) - 3ef39b63-8ca3-4bd0-895a-baafa112e0b9: FollowerState was interrupted: java.lang.InterruptedException: sleep interrupted
2019-09-28 01:27:03,526 [main] INFO  impl.StateMachineUpdater (StateMachineUpdater.java:stopAndJoin(125)) - 3ef39b63-8ca3-4bd0-895a-baafa112e0b9@group-24B275C06C45-StateMachineUpdater: set stopIndex = 0
2019-09-28 01:27:03,530 [main] INFO  impl.RaftServerImpl (ServerState.java:close(385)) - 3ef39b63-8ca3-4bd0-895a-baafa112e0b9@group-24B275C06C45: closes. applyIndex: 0
2019-09-28 01:27:03,529 [ForkJoinPool.commonPool-worker-0] INFO  segmented.SegmentedRaftLogWorker (SegmentedRaftLogWorker.java:close(228)) - 254bd34b-da93-4b49-ba56-65596765e095@group-4AB4EC776CE3-SegmentedRaftLogWorker close()
2019-09-28 01:27:03,530 [3ef39b63-8ca3-4bd0-895a-baafa112e0b9@group-24B275C06C45-SegmentedRaftLogWorker] INFO  segmented.SegmentedRaftLogWorker (SegmentedRaftLogWorker.java:run(313)) - 3ef39b63-8ca3-4bd0-895a-baafa112e0b9@group-24B275C06C45-SegmentedRaftLogWorker was interrupted, exiting. There are 0 tasks remaining in the queue.
2019-09-28 01:27:03,534 [ForkJoinPool.commonPool-worker-0] INFO  impl.RaftServerImpl (RaftServerImpl.java:lambda$shutdown$3(251)) - 254bd34b-da93-4b49-ba56-65596765e095@group-837AC728C0E8: shutdown
2019-09-28 01:27:03,536 [ForkJoinPool.commonPool-worker-0] INFO  util.JmxRegister (JmxRegister.java:unregister(73)) - Successfully un-registered JMX Bean with object name Ratis:service=RaftServer,group=group-837AC728C0E8,id=254bd34b-da93-4b49-ba56-65596765e095
2019-09-28 01:27:03,536 [ForkJoinPool.commonPool-worker-0] INFO  impl.RoleInfo (RoleInfo.java:shutdownLeaderState(104)) - 254bd34b-da93-4b49-ba56-65596765e095: shutdown LeaderState
2019-09-28 01:27:03,536 [ForkJoinPool.commonPool-worker-0] INFO  impl.PendingRequests (PendingRequests.java:sendNotLeaderResponses(202)) - 254bd34b-da93-4b49-ba56-65596765e095-PendingRequests: sendNotLeaderResponses
2019-09-28 01:27:03,537 [ForkJoinPool.commonPool-worker-0] INFO  impl.StateMachineUpdater (StateMachineUpdater.java:stopAndJoin(125)) - 254bd34b-da93-4b49-ba56-65596765e095@group-837AC728C0E8-StateMachineUpdater: set stopIndex = 0
2019-09-28 01:27:03,537 [ForkJoinPool.commonPool-worker-0] INFO  impl.RaftServerImpl (ServerState.java:close(385)) - 254bd34b-da93-4b49-ba56-65596765e095@group-837AC728C0E8: closes. applyIndex: 0
2019-09-28 01:27:03,538 [254bd34b-da93-4b49-ba56-65596765e095@group-837AC728C0E8-SegmentedRaftLogWorker] INFO  segmented.SegmentedRaftLogWorker (SegmentedRaftLogWorker.java:run(313)) - 254bd34b-da93-4b49-ba56-65596765e095@group-837AC728C0E8-SegmentedRaftLogWorker was interrupted, exiting. There are 0 tasks remaining in the queue.
2019-09-28 01:27:03,540 [main] INFO  segmented.SegmentedRaftLogWorker (SegmentedRaftLogWorker.java:close(228)) - 3ef39b63-8ca3-4bd0-895a-baafa112e0b9@group-24B275C06C45-SegmentedRaftLogWorker close()
2019-09-28 01:27:03,540 [ForkJoinPool.commonPool-worker-0] INFO  segmented.SegmentedRaftLogWorker (SegmentedRaftLogWorker.java:close(228)) - 254bd34b-da93-4b49-ba56-65596765e095@group-837AC728C0E8-SegmentedRaftLogWorker close()
2019-09-28 01:27:03,543 [main] INFO  impl.RaftServerImpl (RaftServerImpl.java:lambda$shutdown$3(251)) - 3ef39b63-8ca3-4bd0-895a-baafa112e0b9@group-FB6EDD0779D0: shutdown
2019-09-28 01:27:03,546 [ForkJoinPool.commonPool-worker-0] INFO  server.GrpcService (GrpcService.java:closeImpl(164)) - 254bd34b-da93-4b49-ba56-65596765e095: shutdown server with port 42298 now
2019-09-28 01:27:03,547 [main] INFO  util.JmxRegister (JmxRegister.java:unregister(73)) - Successfully un-registered JMX Bean with object name Ratis:service=RaftServer,group=group-FB6EDD0779D0,id=3ef39b63-8ca3-4bd0-895a-baafa112e0b9
2019-09-28 01:27:03,547 [main] INFO  impl.RoleInfo (RoleInfo.java:shutdownLeaderState(104)) - 3ef39b63-8ca3-4bd0-895a-baafa112e0b9: shutdown LeaderState
2019-09-28 01:27:03,548 [main] INFO  impl.PendingRequests (PendingRequests.java:sendNotLeaderResponses(202)) - 3ef39b63-8ca3-4bd0-895a-baafa112e0b9-PendingRequests: sendNotLeaderResponses
2019-09-28 01:27:03,548 [grpc-default-executor-2] WARN  server.GrpcServerProtocolService (LogUtils.java:warn(134)) - 254bd34b-da93-4b49-ba56-65596765e095: installSnapshot onError, lastRequest: d8c2ed96-3ddc-486a-9aeb-952e04a79e03->254bd34b-da93-4b49-ba56-65596765e095#46-t1, previous=(t:1, i:0), leaderCommit=0, initializing? false, entries: <empty>: org.apache.ratis.thirdparty.io.grpc.StatusRuntimeException: CANCELLED: cancelled before receiving half close
2019-09-28 01:27:03,548 [ForkJoinPool.commonPool-worker-0] INFO  server.GrpcService (GrpcService.java:closeImpl(172)) - 254bd34b-da93-4b49-ba56-65596765e095: shutdown server with port 42298 successfully
2019-09-28 01:27:03,548 [main] INFO  impl.StateMachineUpdater (StateMachineUpdater.java:stopAndJoin(125)) - 3ef39b63-8ca3-4bd0-895a-baafa112e0b9@group-FB6EDD0779D0-StateMachineUpdater: set stopIndex = 0
2019-09-28 01:27:03,551 [main] INFO  impl.RaftServerImpl (ServerState.java:close(385)) - 3ef39b63-8ca3-4bd0-895a-baafa112e0b9@group-FB6EDD0779D0: closes. applyIndex: 0
2019-09-28 01:27:03,551 [grpc-default-executor-1] WARN  server.GrpcLogAppender (LogUtils.java:warn(134)) - d8c2ed96-3ddc-486a-9aeb-952e04a79e03@group-4AB4EC776CE3->254bd34b-da93-4b49-ba56-65596765e095-AppendLogResponseHandler: Failed appendEntries: org.apache.ratis.thirdparty.io.grpc.StatusRuntimeException: CANCELLED: HTTP/2 error code: CANCEL
Received Rst Stream
2019-09-28 01:27:03,552 [3ef39b63-8ca3-4bd0-895a-baafa112e0b9@group-FB6EDD0779D0-SegmentedRaftLogWorker] INFO  segmented.SegmentedRaftLogWorker (SegmentedRaftLogWorker.java:run(313)) - 3ef39b63-8ca3-4bd0-895a-baafa112e0b9@group-FB6EDD0779D0-SegmentedRaftLogWorker was interrupted, exiting. There are 0 tasks remaining in the queue.
2019-09-28 01:27:03,556 [grpc-default-executor-1] INFO  impl.FollowerInfo (FollowerInfo.java:lambda$new$0(51)) - d8c2ed96-3ddc-486a-9aeb-952e04a79e03@group-4AB4EC776CE3->254bd34b-da93-4b49-ba56-65596765e095: nextIndex: updateUnconditionally 1 -> 0
2019-09-28 01:27:03,559 [refreshUsed-/workdir/hadoop-ozone/integration-test/target/test-dir/MiniOzoneClusterImpl-ac0b8f5e-74a5-447c-bcf0-adf0e0b10ad0/datanode-2/data/containers] WARN  fs.CachingGetSpaceUsed (CachingGetSpaceUsed.java:run(183)) - Thread Interrupted waiting to refresh disk information: sleep interrupted
2019-09-28 01:27:03,558 [main] INFO  segmented.SegmentedRaftLogWorker (SegmentedRaftLogWorker.java:close(228)) - 3ef39b63-8ca3-4bd0-895a-baafa112e0b9@group-FB6EDD0779D0-SegmentedRaftLogWorker close()
2019-09-28 01:27:03,563 [main] INFO  server.GrpcService (GrpcService.java:closeImpl(164)) - 3ef39b63-8ca3-4bd0-895a-baafa112e0b9: shutdown server with port 39163 now
2019-09-28 01:27:03,564 [grpc-default-executor-2] WARN  server.GrpcServerProtocolService (LogUtils.java:warn(134)) - 3ef39b63-8ca3-4bd0-895a-baafa112e0b9: installSnapshot onError, lastRequest: d6a6e65c-a134-442b-b704-25eab67c9a5d->3ef39b63-8ca3-4bd0-895a-baafa112e0b9#46-t1, previous=(t:1, i:0), leaderCommit=0, initializing? false, entries: <empty>: org.apache.ratis.thirdparty.io.grpc.StatusRuntimeException: CANCELLED: cancelled before receiving half close
2019-09-28 01:27:03,564 [main] INFO  server.GrpcService (GrpcService.java:closeImpl(172)) - 3ef39b63-8ca3-4bd0-895a-baafa112e0b9: shutdown server with port 39163 successfully
2019-09-28 01:27:03,566 [grpc-default-executor-4] WARN  server.GrpcLogAppender (LogUtils.java:warn(134)) - d6a6e65c-a134-442b-b704-25eab67c9a5d@group-24B275C06C45->3ef39b63-8ca3-4bd0-895a-baafa112e0b9-AppendLogResponseHandler: Failed appendEntries: org.apache.ratis.thirdparty.io.grpc.StatusRuntimeException: CANCELLED: HTTP/2 error code: CANCEL
Received Rst Stream
2019-09-28 01:27:03,569 [grpc-default-executor-4] INFO  impl.FollowerInfo (FollowerInfo.java:lambda$new$0(51)) - d6a6e65c-a134-442b-b704-25eab67c9a5d@group-24B275C06C45->3ef39b63-8ca3-4bd0-895a-baafa112e0b9: nextIndex: updateUnconditionally 1 -> 0
2019-09-28 01:27:03,574 [refreshUsed-/workdir/hadoop-ozone/integration-test/target/test-dir/MiniOzoneClusterImpl-ac0b8f5e-74a5-447c-bcf0-adf0e0b10ad0/datanode-3/data/containers] WARN  fs.CachingGetSpaceUsed (CachingGetSpaceUsed.java:run(183)) - Thread Interrupted waiting to refresh disk information: sleep interrupted
2019-09-28 01:27:03,590 [ForkJoinPool.commonPool-worker-0] INFO  utils.BackgroundService (BackgroundService.java:shutdown(148)) - Shutting down service BlockDeletingService
2019-09-28 01:27:03,591 [main] INFO  utils.BackgroundService (BackgroundService.java:shutdown(148)) - Shutting down service BlockDeletingService
2019-09-28 01:27:03,595 [ForkJoinPool.commonPool-worker-0] INFO  statemachine.DatanodeStateMachine (DatanodeStateMachine.java:stopDaemon(395)) - Ozone container server stopped.
2019-09-28 01:27:03,601 [main] INFO  statemachine.DatanodeStateMachine (DatanodeStateMachine.java:stopDaemon(395)) - Ozone container server stopped.
2019-09-28 01:27:03,603 [ForkJoinPool.commonPool-worker-0] INFO  handler.ContextHandler (ContextHandler.java:doStop(910)) - Stopped o.e.j.w.WebAppContext@5a6fa56e{/,null,UNAVAILABLE}{/hddsDatanode}
2019-09-28 01:27:03,604 [main] INFO  handler.ContextHandler (ContextHandler.java:doStop(910)) - Stopped o.e.j.w.WebAppContext@7fb29ca9{/,null,UNAVAILABLE}{/hddsDatanode}
2019-09-28 01:27:03,604 [ForkJoinPool.commonPool-worker-0] INFO  server.AbstractConnector (AbstractConnector.java:doStop(318)) - Stopped ServerConnector@1981d861{HTTP/1.1,[http/1.1]}{0.0.0.0:0}
2019-09-28 01:27:03,606 [ForkJoinPool.commonPool-worker-0] INFO  handler.ContextHandler (ContextHandler.java:doStop(910)) - Stopped o.e.j.s.ServletContextHandler@15639440{/static,jar:file:/home/user/.m2/repository/org/apache/hadoop/hadoop-hdds-container-service/0.5.0-SNAPSHOT/hadoop-hdds-container-service-0.5.0-SNAPSHOT.jar!/webapps/static,UNAVAILABLE}
2019-09-28 01:27:03,606 [main] INFO  server.AbstractConnector (AbstractConnector.java:doStop(318)) - Stopped ServerConnector@1e253c9d{HTTP/1.1,[http/1.1]}{0.0.0.0:0}
2019-09-28 01:27:03,607 [ForkJoinPool.commonPool-worker-0] INFO  handler.ContextHandler (ContextHandler.java:doStop(910)) - Stopped o.e.j.s.ServletContextHandler@712cfb63{/logs,file:///workdir/hadoop-ozone/integration-test/target/log,UNAVAILABLE}
2019-09-28 01:27:03,607 [main] INFO  handler.ContextHandler (ContextHandler.java:doStop(910)) - Stopped o.e.j.s.ServletContextHandler@4b97c4ad{/static,jar:file:/home/user/.m2/repository/org/apache/hadoop/hadoop-hdds-container-service/0.5.0-SNAPSHOT/hadoop-hdds-container-service-0.5.0-SNAPSHOT.jar!/webapps/static,UNAVAILABLE}
2019-09-28 01:27:03,608 [main] INFO  handler.ContextHandler (ContextHandler.java:doStop(910)) - Stopped o.e.j.s.ServletContextHandler@4c1bdcc2{/logs,file:///workdir/hadoop-ozone/integration-test/target/log,UNAVAILABLE}
2019-09-28 01:27:03,916 [Datanode State Machine Thread - 0] INFO  statemachine.DatanodeStateMachine (DatanodeStateMachine.java:lambda$startDaemon$0(350)) - Ozone container server started.
2019-09-28 01:27:04,158 [grpc-default-executor-4] INFO  impl.RaftServerProxy (RaftServerProxy.java:addNew(89)) - 6b6addbe-5148-4abe-a401-3ae10b16763b: addNew group-EEE8445664EE:[d6a6e65c-a134-442b-b704-25eab67c9a5d:192.168.151.82:37499, d8c2ed96-3ddc-486a-9aeb-952e04a79e03:192.168.151.82:42699, 6b6addbe-5148-4abe-a401-3ae10b16763b:192.168.151.82:36627] returns group-EEE8445664EE:java.util.concurrent.CompletableFuture@6f55e1d4[Not completed]
2019-09-28 01:27:04,158 [grpc-default-executor-1] INFO  impl.RaftServerProxy (RaftServerProxy.java:addNew(89)) - d8c2ed96-3ddc-486a-9aeb-952e04a79e03: addNew group-EEE8445664EE:[d6a6e65c-a134-442b-b704-25eab67c9a5d:192.168.151.82:37499, d8c2ed96-3ddc-486a-9aeb-952e04a79e03:192.168.151.82:42699, 6b6addbe-5148-4abe-a401-3ae10b16763b:192.168.151.82:36627] returns group-EEE8445664EE:java.util.concurrent.CompletableFuture@4d29b454[Not completed]
2019-09-28 01:27:04,158 [grpc-default-executor-2] INFO  impl.RaftServerProxy (RaftServerProxy.java:addNew(89)) - d6a6e65c-a134-442b-b704-25eab67c9a5d: addNew group-EEE8445664EE:[d6a6e65c-a134-442b-b704-25eab67c9a5d:192.168.151.82:37499, d8c2ed96-3ddc-486a-9aeb-952e04a79e03:192.168.151.82:42699, 6b6addbe-5148-4abe-a401-3ae10b16763b:192.168.151.82:36627] returns group-EEE8445664EE:java.util.concurrent.CompletableFuture@2e51a8d4[Not completed]
2019-09-28 01:27:04,164 [pool-77-thread-1] INFO  impl.RaftServerImpl (RaftServerImpl.java:<init>(95)) - 6b6addbe-5148-4abe-a401-3ae10b16763b: new RaftServerImpl for group-EEE8445664EE:[d6a6e65c-a134-442b-b704-25eab67c9a5d:192.168.151.82:37499, d8c2ed96-3ddc-486a-9aeb-952e04a79e03:192.168.151.82:42699, 6b6addbe-5148-4abe-a401-3ae10b16763b:192.168.151.82:36627] with ContainerStateMachine:uninitialized
2019-09-28 01:27:04,165 [pool-77-thread-1] INFO  server.RaftServerConfigKeys (ConfUtils.java:logGet(43)) - raft.server.rpc.timeout.min = 5s (custom)
2019-09-28 01:27:04,165 [pool-77-thread-1] INFO  server.RaftServerConfigKeys (ConfUtils.java:logGet(43)) - raft.server.rpc.timeout.max = 5200ms (custom)
2019-09-28 01:27:04,165 [pool-77-thread-1] INFO  server.RaftServerConfigKeys (ConfUtils.java:logGet(43)) - raft.server.rpcslowness.timeout = 120s (custom)
2019-09-28 01:27:04,166 [pool-77-thread-1] INFO  server.RaftServerConfigKeys (ConfUtils.java:logGet(43)) - raft.server.sleep.deviation.threshold = 300 (default)
2019-09-28 01:27:04,166 [pool-77-thread-1] INFO  server.RaftServerConfigKeys (ConfUtils.java:logGet(43)) - raft.server.log.appender.install.snapshot.enabled = false (custom)
2019-09-28 01:27:04,166 [pool-27-thread-1] INFO  impl.RaftServerImpl (RaftServerImpl.java:<init>(95)) - d6a6e65c-a134-442b-b704-25eab67c9a5d: new RaftServerImpl for group-EEE8445664EE:[d6a6e65c-a134-442b-b704-25eab67c9a5d:192.168.151.82:37499, d8c2ed96-3ddc-486a-9aeb-952e04a79e03:192.168.151.82:42699, 6b6addbe-5148-4abe-a401-3ae10b16763b:192.168.151.82:36627] with ContainerStateMachine:uninitialized
2019-09-28 01:27:04,166 [pool-77-thread-1] INFO  impl.RaftServerImpl (ServerState.java:<init>(103)) - 6b6addbe-5148-4abe-a401-3ae10b16763b@group-EEE8445664EE: ConfigurationManager, init=-1: [d6a6e65c-a134-442b-b704-25eab67c9a5d:192.168.151.82:37499, d8c2ed96-3ddc-486a-9aeb-952e04a79e03:192.168.151.82:42699, 6b6addbe-5148-4abe-a401-3ae10b16763b:192.168.151.82:36627], old=null, confs=<EMPTY_MAP>
2019-09-28 01:27:04,166 [pool-27-thread-1] INFO  server.RaftServerConfigKeys (ConfUtils.java:logGet(43)) - raft.server.rpc.timeout.min = 5s (custom)
2019-09-28 01:27:04,167 [pool-27-thread-1] INFO  server.RaftServerConfigKeys (ConfUtils.java:logGet(43)) - raft.server.rpc.timeout.max = 5200ms (custom)
2019-09-28 01:27:04,167 [pool-27-thread-1] INFO  server.RaftServerConfigKeys (ConfUtils.java:logGet(43)) - raft.server.rpcslowness.timeout = 120s (custom)
2019-09-28 01:27:04,167 [pool-77-thread-1] INFO  server.RaftServerConfigKeys (ConfUtils.java:logGet(43)) - raft.server.storage.dir = [/workdir/hadoop-ozone/integration-test/target/test-dir/MiniOzoneClusterImpl-ac0b8f5e-74a5-447c-bcf0-adf0e0b10ad0/datanode-5/data/ratis] (custom)
2019-09-28 01:27:04,167 [pool-27-thread-1] INFO  server.RaftServerConfigKeys (ConfUtils.java:logGet(43)) - raft.server.sleep.deviation.threshold = 300 (default)
2019-09-28 01:27:04,168 [pool-87-thread-1] INFO  impl.RaftServerImpl (RaftServerImpl.java:<init>(95)) - d8c2ed96-3ddc-486a-9aeb-952e04a79e03: new RaftServerImpl for group-EEE8445664EE:[d6a6e65c-a134-442b-b704-25eab67c9a5d:192.168.151.82:37499, d8c2ed96-3ddc-486a-9aeb-952e04a79e03:192.168.151.82:42699, 6b6addbe-5148-4abe-a401-3ae10b16763b:192.168.151.82:36627] with ContainerStateMachine:uninitialized
2019-09-28 01:27:04,168 [pool-27-thread-1] INFO  server.RaftServerConfigKeys (ConfUtils.java:logGet(43)) - raft.server.log.appender.install.snapshot.enabled = false (custom)
2019-09-28 01:27:04,168 [pool-87-thread-1] INFO  server.RaftServerConfigKeys (ConfUtils.java:logGet(43)) - raft.server.rpc.timeout.min = 5s (custom)
2019-09-28 01:27:04,168 [pool-27-thread-1] INFO  impl.RaftServerImpl (ServerState.java:<init>(103)) - d6a6e65c-a134-442b-b704-25eab67c9a5d@group-EEE8445664EE: ConfigurationManager, init=-1: [d6a6e65c-a134-442b-b704-25eab67c9a5d:192.168.151.82:37499, d8c2ed96-3ddc-486a-9aeb-952e04a79e03:192.168.151.82:42699, 6b6addbe-5148-4abe-a401-3ae10b16763b:192.168.151.82:36627], old=null, confs=<EMPTY_MAP>
2019-09-28 01:27:04,168 [pool-77-thread-1] INFO  storage.RaftStorageDirectory (RaftStorageDirectory.java:analyzeStorage(246)) - The storage directory /workdir/hadoop-ozone/integration-test/target/test-dir/MiniOzoneClusterImpl-ac0b8f5e-74a5-447c-bcf0-adf0e0b10ad0/datanode-5/data/ratis/d1c940d8-25d8-43b3-bc9a-eee8445664ee does not exist. Creating ...
2019-09-28 01:27:04,168 [pool-87-thread-1] INFO  server.RaftServerConfigKeys (ConfUtils.java:logGet(43)) - raft.server.rpc.timeout.max = 5200ms (custom)
2019-09-28 01:27:04,169 [pool-27-thread-1] INFO  server.RaftServerConfigKeys (ConfUtils.java:logGet(43)) - raft.server.storage.dir = [/workdir/hadoop-ozone/integration-test/target/test-dir/MiniOzoneClusterImpl-ac0b8f5e-74a5-447c-bcf0-adf0e0b10ad0/datanode-0/data/ratis] (custom)
2019-09-28 01:27:04,169 [pool-87-thread-1] INFO  server.RaftServerConfigKeys (ConfUtils.java:logGet(43)) - raft.server.rpcslowness.timeout = 120s (custom)
2019-09-28 01:27:04,169 [pool-87-thread-1] INFO  server.RaftServerConfigKeys (ConfUtils.java:logGet(43)) - raft.server.sleep.deviation.threshold = 300 (default)
2019-09-28 01:27:04,169 [pool-87-thread-1] INFO  server.RaftServerConfigKeys (ConfUtils.java:logGet(43)) - raft.server.log.appender.install.snapshot.enabled = false (custom)
2019-09-28 01:27:04,169 [pool-27-thread-1] INFO  storage.RaftStorageDirectory (RaftStorageDirectory.java:analyzeStorage(246)) - The storage directory /workdir/hadoop-ozone/integration-test/target/test-dir/MiniOzoneClusterImpl-ac0b8f5e-74a5-447c-bcf0-adf0e0b10ad0/datanode-0/data/ratis/d1c940d8-25d8-43b3-bc9a-eee8445664ee does not exist. Creating ...
2019-09-28 01:27:04,170 [pool-87-thread-1] INFO  impl.RaftServerImpl (ServerState.java:<init>(103)) - d8c2ed96-3ddc-486a-9aeb-952e04a79e03@group-EEE8445664EE: ConfigurationManager, init=-1: [d6a6e65c-a134-442b-b704-25eab67c9a5d:192.168.151.82:37499, d8c2ed96-3ddc-486a-9aeb-952e04a79e03:192.168.151.82:42699, 6b6addbe-5148-4abe-a401-3ae10b16763b:192.168.151.82:36627], old=null, confs=<EMPTY_MAP>
2019-09-28 01:27:04,170 [pool-87-thread-1] INFO  server.RaftServerConfigKeys (ConfUtils.java:logGet(43)) - raft.server.storage.dir = [/workdir/hadoop-ozone/integration-test/target/test-dir/MiniOzoneClusterImpl-ac0b8f5e-74a5-447c-bcf0-adf0e0b10ad0/datanode-6/data/ratis] (custom)
2019-09-28 01:27:04,170 [pool-87-thread-1] INFO  storage.RaftStorageDirectory (RaftStorageDirectory.java:analyzeStorage(246)) - The storage directory /workdir/hadoop-ozone/integration-test/target/test-dir/MiniOzoneClusterImpl-ac0b8f5e-74a5-447c-bcf0-adf0e0b10ad0/datanode-6/data/ratis/d1c940d8-25d8-43b3-bc9a-eee8445664ee does not exist. Creating ...
2019-09-28 01:27:04,196 [pool-87-thread-1] INFO  storage.RaftStorageDirectory (RaftStorageDirectory.java:tryLock(328)) - Lock on /workdir/hadoop-ozone/integration-test/target/test-dir/MiniOzoneClusterImpl-ac0b8f5e-74a5-447c-bcf0-adf0e0b10ad0/datanode-6/data/ratis/d1c940d8-25d8-43b3-bc9a-eee8445664ee/in_use.lock acquired by nodename 13498@pr-hdds-2162-8g7kw-3348123894
2019-09-28 01:27:04,196 [pool-77-thread-1] INFO  storage.RaftStorageDirectory (RaftStorageDirectory.java:tryLock(328)) - Lock on /workdir/hadoop-ozone/integration-test/target/test-dir/MiniOzoneClusterImpl-ac0b8f5e-74a5-447c-bcf0-adf0e0b10ad0/datanode-5/data/ratis/d1c940d8-25d8-43b3-bc9a-eee8445664ee/in_use.lock acquired by nodename 13498@pr-hdds-2162-8g7kw-3348123894
2019-09-28 01:27:04,196 [pool-27-thread-1] INFO  storage.RaftStorageDirectory (RaftStorageDirectory.java:tryLock(328)) - Lock on /workdir/hadoop-ozone/integration-test/target/test-dir/MiniOzoneClusterImpl-ac0b8f5e-74a5-447c-bcf0-adf0e0b10ad0/datanode-0/data/ratis/d1c940d8-25d8-43b3-bc9a-eee8445664ee/in_use.lock acquired by nodename 13498@pr-hdds-2162-8g7kw-3348123894
2019-09-28 01:27:04,222 [pool-87-thread-1] INFO  storage.RaftStorage (RaftStorage.java:format(72)) - Storage directory /workdir/hadoop-ozone/integration-test/target/test-dir/MiniOzoneClusterImpl-ac0b8f5e-74a5-447c-bcf0-adf0e0b10ad0/datanode-6/data/ratis/d1c940d8-25d8-43b3-bc9a-eee8445664ee has been successfully formatted.
2019-09-28 01:27:04,222 [pool-27-thread-1] INFO  storage.RaftStorage (RaftStorage.java:format(72)) - Storage directory /workdir/hadoop-ozone/integration-test/target/test-dir/MiniOzoneClusterImpl-ac0b8f5e-74a5-447c-bcf0-adf0e0b10ad0/datanode-0/data/ratis/d1c940d8-25d8-43b3-bc9a-eee8445664ee has been successfully formatted.
2019-09-28 01:27:04,222 [pool-87-thread-1] INFO  ratis.ContainerStateMachine (ContainerStateMachine.java:loadSnapshot(230)) - group-EEE8445664EE: The snapshot info is null. Setting the last applied indexto:(t:0, i:~)
2019-09-28 01:27:04,222 [pool-77-thread-1] INFO  storage.RaftStorage (RaftStorage.java:format(72)) - Storage directory /workdir/hadoop-ozone/integration-test/target/test-dir/MiniOzoneClusterImpl-ac0b8f5e-74a5-447c-bcf0-adf0e0b10ad0/datanode-5/data/ratis/d1c940d8-25d8-43b3-bc9a-eee8445664ee has been successfully formatted.
2019-09-28 01:27:04,223 [pool-87-thread-1] INFO  server.RaftServerConfigKeys (ConfUtils.java:logGet(43)) - raft.server.notification.no-leader.timeout = 120s (custom)
2019-09-28 01:27:04,223 [pool-77-thread-1] INFO  ratis.ContainerStateMachine (ContainerStateMachine.java:loadSnapshot(230)) - group-EEE8445664EE: The snapshot info is null. Setting the last applied indexto:(t:0, i:~)
2019-09-28 01:27:04,223 [pool-27-thread-1] INFO  ratis.ContainerStateMachine (ContainerStateMachine.java:loadSnapshot(230)) - group-EEE8445664EE: The snapshot info is null. Setting the last applied indexto:(t:0, i:~)
2019-09-28 01:27:04,223 [pool-77-thread-1] INFO  server.RaftServerConfigKeys (ConfUtils.java:logGet(43)) - raft.server.notification.no-leader.timeout = 120s (custom)
2019-09-28 01:27:04,223 [pool-87-thread-1] INFO  server.RaftServerConfigKeys (ConfUtils.java:logGet(43)) - raft.server.log.use.memory = false (default)
2019-09-28 01:27:04,224 [pool-77-thread-1] INFO  server.RaftServerConfigKeys (ConfUtils.java:logGet(43)) - raft.server.log.use.memory = false (default)
2019-09-28 01:27:04,224 [pool-27-thread-1] INFO  server.RaftServerConfigKeys (ConfUtils.java:logGet(43)) - raft.server.notification.no-leader.timeout = 120s (custom)
2019-09-28 01:27:04,224 [pool-77-thread-1] INFO  server.RaftServerConfigKeys (ConfUtils.java:logGet(43)) - raft.server.log.purge.gap = 1000000 (custom)
2019-09-28 01:27:04,224 [pool-87-thread-1] INFO  server.RaftServerConfigKeys (ConfUtils.java:logGet(43)) - raft.server.log.purge.gap = 1000000 (custom)
2019-09-28 01:27:04,225 [pool-77-thread-1] INFO  server.RaftServerConfigKeys (ConfUtils.java:logGet(43)) - raft.server.log.appender.buffer.byte-limit = 33554432 (custom)
2019-09-28 01:27:04,224 [pool-27-thread-1] INFO  server.RaftServerConfigKeys (ConfUtils.java:logGet(43)) - raft.server.log.use.memory = false (default)
2019-09-28 01:27:04,225 [pool-77-thread-1] INFO  server.RaftServerConfigKeys (ConfUtils.java:logGet(43)) - raft.server.log.segment.size.max = 1048576 (custom)
2019-09-28 01:27:04,225 [pool-87-thread-1] INFO  server.RaftServerConfigKeys (ConfUtils.java:logGet(43)) - raft.server.log.appender.buffer.byte-limit = 33554432 (custom)
2019-09-28 01:27:04,225 [pool-77-thread-1] INFO  server.RaftServerConfigKeys (ConfUtils.java:logGet(43)) - raft.server.log.segment.cache.num.max = 2 (custom)
2019-09-28 01:27:04,225 [pool-27-thread-1] INFO  server.RaftServerConfigKeys (ConfUtils.java:logGet(43)) - raft.server.log.purge.gap = 1000000 (custom)
2019-09-28 01:27:04,226 [pool-77-thread-1] INFO  segmented.SegmentedRaftLogWorker (SegmentedRaftLogWorker.java:<init>(172)) - new 6b6addbe-5148-4abe-a401-3ae10b16763b@group-EEE8445664EE-SegmentedRaftLogWorker for RaftStorage:Storage Directory /workdir/hadoop-ozone/integration-test/target/test-dir/MiniOzoneClusterImpl-ac0b8f5e-74a5-447c-bcf0-adf0e0b10ad0/datanode-5/data/ratis/d1c940d8-25d8-43b3-bc9a-eee8445664ee
2019-09-28 01:27:04,226 [pool-87-thread-1] INFO  server.RaftServerConfigKeys (ConfUtils.java:logGet(43)) - raft.server.log.segment.size.max = 1048576 (custom)
2019-09-28 01:27:04,226 [pool-77-thread-1] INFO  server.RaftServerConfigKeys (ConfUtils.java:logGet(43)) - raft.server.log.queue.byte-limit = 2147483647 (custom)
2019-09-28 01:27:04,226 [pool-27-thread-1] INFO  server.RaftServerConfigKeys (ConfUtils.java:logGet(43)) - raft.server.log.appender.buffer.byte-limit = 33554432 (custom)
2019-09-28 01:27:04,227 [pool-77-thread-1] INFO  server.RaftServerConfigKeys (ConfUtils.java:logGet(43)) - raft.server.log.queue.element-limit = 1024 (custom)
2019-09-28 01:27:04,226 [pool-87-thread-1] INFO  server.RaftServerConfigKeys (ConfUtils.java:logGet(43)) - raft.server.log.segment.cache.num.max = 2 (custom)
2019-09-28 01:27:04,227 [pool-77-thread-1] INFO  server.RaftServerConfigKeys (ConfUtils.java:logGet(43)) - raft.server.log.segment.size.max = 1048576 (custom)
2019-09-28 01:27:04,227 [pool-27-thread-1] INFO  server.RaftServerConfigKeys (ConfUtils.java:logGet(43)) - raft.server.log.segment.size.max = 1048576 (custom)
2019-09-28 01:27:04,227 [pool-77-thread-1] INFO  server.RaftServerConfigKeys (ConfUtils.java:logGet(43)) - raft.server.log.preallocated.size = 16384 (custom)
2019-09-28 01:27:04,227 [pool-87-thread-1] INFO  segmented.SegmentedRaftLogWorker (SegmentedRaftLogWorker.java:<init>(172)) - new d8c2ed96-3ddc-486a-9aeb-952e04a79e03@group-EEE8445664EE-SegmentedRaftLogWorker for RaftStorage:Storage Directory /workdir/hadoop-ozone/integration-test/target/test-dir/MiniOzoneClusterImpl-ac0b8f5e-74a5-447c-bcf0-adf0e0b10ad0/datanode-6/data/ratis/d1c940d8-25d8-43b3-bc9a-eee8445664ee
2019-09-28 01:27:04,228 [pool-77-thread-1] INFO  server.RaftServerConfigKeys (ConfUtils.java:logGet(43)) - raft.server.log.write.buffer.size = 33554432 (custom)
2019-09-28 01:27:04,228 [pool-77-thread-1] INFO  server.RaftServerConfigKeys (ConfUtils.java:logGet(43)) - raft.server.log.force.sync.num = 128 (default)
2019-09-28 01:27:04,228 [pool-27-thread-1] INFO  server.RaftServerConfigKeys (ConfUtils.java:logGet(43)) - raft.server.log.segment.cache.num.max = 2 (custom)
2019-09-28 01:27:04,228 [pool-77-thread-1] INFO  server.RaftServerConfigKeys (ConfUtils.java:logGet(43)) - raft.server.log.statemachine.data.sync = true (default)
2019-09-28 01:27:04,228 [pool-87-thread-1] INFO  server.RaftServerConfigKeys (ConfUtils.java:logGet(43)) - raft.server.log.queue.byte-limit = 2147483647 (custom)
2019-09-28 01:27:04,229 [pool-77-thread-1] INFO  server.RaftServerConfigKeys (ConfUtils.java:logGet(43)) - raft.server.log.statemachine.data.sync.timeout = 10s (default)
2019-09-28 01:27:04,229 [pool-27-thread-1] INFO  segmented.SegmentedRaftLogWorker (SegmentedRaftLogWorker.java:<init>(172)) - new d6a6e65c-a134-442b-b704-25eab67c9a5d@group-EEE8445664EE-SegmentedRaftLogWorker for RaftStorage:Storage Directory /workdir/hadoop-ozone/integration-test/target/test-dir/MiniOzoneClusterImpl-ac0b8f5e-74a5-447c-bcf0-adf0e0b10ad0/datanode-0/data/ratis/d1c940d8-25d8-43b3-bc9a-eee8445664ee
2019-09-28 01:27:04,229 [pool-77-thread-1] INFO  server.RaftServerConfigKeys (ConfUtils.java:logGet(43)) - raft.server.log.statemachine.data.sync.timeout.retry = -1 (default)
2019-09-28 01:27:04,229 [pool-87-thread-1] INFO  server.RaftServerConfigKeys (ConfUtils.java:logGet(43)) - raft.server.log.queue.element-limit = 1024 (custom)
2019-09-28 01:27:04,230 [pool-77-thread-1] INFO  server.RaftServerConfigKeys (ConfUtils.java:logGet(43)) - raft.server.log.statemachine.data.caching.enabled = true (custom)
2019-09-28 01:27:04,229 [pool-27-thread-1] INFO  server.RaftServerConfigKeys (ConfUtils.java:logGet(43)) - raft.server.log.queue.byte-limit = 2147483647 (custom)
2019-09-28 01:27:04,230 [pool-87-thread-1] INFO  server.RaftServerConfigKeys (ConfUtils.java:logGet(43)) - raft.server.log.segment.size.max = 1048576 (custom)
2019-09-28 01:27:04,230 [pool-27-thread-1] INFO  server.RaftServerConfigKeys (ConfUtils.java:logGet(43)) - raft.server.log.queue.element-limit = 1024 (custom)
2019-09-28 01:27:04,230 [pool-77-thread-1] INFO  segmented.SegmentedRaftLogWorker (SegmentedRaftLogWorker.java:lambda$new$0(132)) - 6b6addbe-5148-4abe-a401-3ae10b16763b@group-EEE8445664EE-SegmentedRaftLogWorker: flushIndex: setUnconditionally 0 -> -1
2019-09-28 01:27:04,231 [pool-27-thread-1] INFO  server.RaftServerConfigKeys (ConfUtils.java:logGet(43)) - raft.server.log.segment.size.max = 1048576 (custom)
2019-09-28 01:27:04,231 [pool-87-thread-1] INFO  server.RaftServerConfigKeys (ConfUtils.java:logGet(43)) - raft.server.log.preallocated.size = 16384 (custom)
2019-09-28 01:27:04,231 [pool-77-thread-1] INFO  server.RaftServerConfigKeys (ConfUtils.java:logGet(43)) - raft.server.snapshot.auto.trigger.enabled = true (custom)
2019-09-28 01:27:04,231 [pool-27-thread-1] INFO  server.RaftServerConfigKeys (ConfUtils.java:logGet(43)) - raft.server.log.preallocated.size = 16384 (custom)
2019-09-28 01:27:04,232 [pool-77-thread-1] INFO  server.RaftServerConfigKeys (ConfUtils.java:logGet(43)) - raft.server.snapshot.auto.trigger.threshold = 10000 (custom)
2019-09-28 01:27:04,232 [pool-77-thread-1] INFO  server.RaftServerConfigKeys (ConfUtils.java:logGet(43)) - raft.server.snapshot.retention.num.files = 5 (custom)
2019-09-28 01:27:04,231 [pool-87-thread-1] INFO  server.RaftServerConfigKeys (ConfUtils.java:logGet(43)) - raft.server.log.write.buffer.size = 33554432 (custom)
2019-09-28 01:27:04,232 [pool-77-thread-1] INFO  server.RaftServerConfigKeys (ConfUtils.java:logGet(43)) - raft.server.retrycache.expirytime = 600000ms (custom)
2019-09-28 01:27:04,232 [pool-27-thread-1] INFO  server.RaftServerConfigKeys (ConfUtils.java:logGet(43)) - raft.server.log.write.buffer.size = 33554432 (custom)
2019-09-28 01:27:04,232 [pool-87-thread-1] INFO  server.RaftServerConfigKeys (ConfUtils.java:logGet(43)) - raft.server.log.force.sync.num = 128 (default)
2019-09-28 01:27:04,233 [pool-27-thread-1] INFO  server.RaftServerConfigKeys (ConfUtils.java:logGet(43)) - raft.server.log.force.sync.num = 128 (default)
2019-09-28 01:27:04,233 [pool-87-thread-1] INFO  server.RaftServerConfigKeys (ConfUtils.java:logGet(43)) - raft.server.log.statemachine.data.sync = true (default)
2019-09-28 01:27:04,233 [pool-27-thread-1] INFO  server.RaftServerConfigKeys (ConfUtils.java:logGet(43)) - raft.server.log.statemachine.data.sync = true (default)
2019-09-28 01:27:04,234 [pool-87-thread-1] INFO  server.RaftServerConfigKeys (ConfUtils.java:logGet(43)) - raft.server.log.statemachine.data.sync.timeout = 10s (default)
2019-09-28 01:27:04,234 [pool-27-thread-1] INFO  server.RaftServerConfigKeys (ConfUtils.java:logGet(43)) - raft.server.log.statemachine.data.sync.timeout = 10s (default)
2019-09-28 01:27:04,234 [pool-87-thread-1] INFO  server.RaftServerConfigKeys (ConfUtils.java:logGet(43)) - raft.server.log.statemachine.data.sync.timeout.retry = -1 (default)
2019-09-28 01:27:04,234 [pool-27-thread-1] INFO  server.RaftServerConfigKeys (ConfUtils.java:logGet(43)) - raft.server.log.statemachine.data.sync.timeout.retry = -1 (default)
2019-09-28 01:27:04,234 [pool-87-thread-1] INFO  server.RaftServerConfigKeys (ConfUtils.java:logGet(43)) - raft.server.log.statemachine.data.caching.enabled = true (custom)
2019-09-28 01:27:04,235 [pool-27-thread-1] INFO  server.RaftServerConfigKeys (ConfUtils.java:logGet(43)) - raft.server.log.statemachine.data.caching.enabled = true (custom)
2019-09-28 01:27:04,235 [pool-87-thread-1] INFO  segmented.SegmentedRaftLogWorker (SegmentedRaftLogWorker.java:lambda$new$0(132)) - d8c2ed96-3ddc-486a-9aeb-952e04a79e03@group-EEE8445664EE-SegmentedRaftLogWorker: flushIndex: setUnconditionally 0 -> -1
2019-09-28 01:27:04,235 [pool-27-thread-1] INFO  segmented.SegmentedRaftLogWorker (SegmentedRaftLogWorker.java:lambda$new$0(132)) - d6a6e65c-a134-442b-b704-25eab67c9a5d@group-EEE8445664EE-SegmentedRaftLogWorker: flushIndex: setUnconditionally 0 -> -1
2019-09-28 01:27:04,236 [pool-87-thread-1] INFO  server.RaftServerConfigKeys (ConfUtils.java:logGet(43)) - raft.server.snapshot.auto.trigger.enabled = true (custom)
2019-09-28 01:27:04,236 [pool-87-thread-1] INFO  server.RaftServerConfigKeys (ConfUtils.java:logGet(43)) - raft.server.snapshot.auto.trigger.threshold = 10000 (custom)
2019-09-28 01:27:04,236 [pool-27-thread-1] INFO  server.RaftServerConfigKeys (ConfUtils.java:logGet(43)) - raft.server.snapshot.auto.trigger.enabled = true (custom)
2019-09-28 01:27:04,236 [pool-87-thread-1] INFO  server.RaftServerConfigKeys (ConfUtils.java:logGet(43)) - raft.server.snapshot.retention.num.files = 5 (custom)
2019-09-28 01:27:04,236 [pool-27-thread-1] INFO  server.RaftServerConfigKeys (ConfUtils.java:logGet(43)) - raft.server.snapshot.auto.trigger.threshold = 10000 (custom)
2019-09-28 01:27:04,236 [pool-77-thread-1] INFO  impl.RaftServerImpl (RaftServerImpl.java:start(185)) - 6b6addbe-5148-4abe-a401-3ae10b16763b@group-EEE8445664EE: start as a follower, conf=-1: [d6a6e65c-a134-442b-b704-25eab67c9a5d:192.168.151.82:37499, d8c2ed96-3ddc-486a-9aeb-952e04a79e03:192.168.151.82:42699, 6b6addbe-5148-4abe-a401-3ae10b16763b:192.168.151.82:36627], old=null
2019-09-28 01:27:04,236 [pool-87-thread-1] INFO  server.RaftServerConfigKeys (ConfUtils.java:logGet(43)) - raft.server.retrycache.expirytime = 600000ms (custom)
2019-09-28 01:27:04,237 [pool-77-thread-1] INFO  impl.RaftServerImpl (RaftServerImpl.java:setRole(174)) - 6b6addbe-5148-4abe-a401-3ae10b16763b@group-EEE8445664EE: changes role from      null to FOLLOWER at term 0 for startAsFollower
2019-09-28 01:27:04,237 [pool-27-thread-1] INFO  server.RaftServerConfigKeys (ConfUtils.java:logGet(43)) - raft.server.snapshot.retention.num.files = 5 (custom)
2019-09-28 01:27:04,237 [pool-77-thread-1] INFO  impl.RoleInfo (RoleInfo.java:updateAndGet(143)) - 6b6addbe-5148-4abe-a401-3ae10b16763b: start FollowerState
2019-09-28 01:27:04,237 [pool-27-thread-1] INFO  server.RaftServerConfigKeys (ConfUtils.java:logGet(43)) - raft.server.retrycache.expirytime = 600000ms (custom)
2019-09-28 01:27:04,238 [pool-77-thread-1] INFO  util.JmxRegister (JmxRegister.java:tryRegister(44)) - Successfully registered JMX Bean with object name Ratis:service=RaftServer,group=group-EEE8445664EE,id=6b6addbe-5148-4abe-a401-3ae10b16763b
2019-09-28 01:27:04,249 [pool-87-thread-1] INFO  impl.RaftServerImpl (RaftServerImpl.java:start(185)) - d8c2ed96-3ddc-486a-9aeb-952e04a79e03@group-EEE8445664EE: start as a follower, conf=-1: [d6a6e65c-a134-442b-b704-25eab67c9a5d:192.168.151.82:37499, d8c2ed96-3ddc-486a-9aeb-952e04a79e03:192.168.151.82:42699, 6b6addbe-5148-4abe-a401-3ae10b16763b:192.168.151.82:36627], old=null
2019-09-28 01:27:04,249 [pool-87-thread-1] INFO  impl.RaftServerImpl (RaftServerImpl.java:setRole(174)) - d8c2ed96-3ddc-486a-9aeb-952e04a79e03@group-EEE8445664EE: changes role from      null to FOLLOWER at term 0 for startAsFollower
2019-09-28 01:27:04,249 [pool-87-thread-1] INFO  impl.RoleInfo (RoleInfo.java:updateAndGet(143)) - d8c2ed96-3ddc-486a-9aeb-952e04a79e03: start FollowerState
2019-09-28 01:27:04,250 [pool-27-thread-1] INFO  impl.RaftServerImpl (RaftServerImpl.java:start(185)) - d6a6e65c-a134-442b-b704-25eab67c9a5d@group-EEE8445664EE: start as a follower, conf=-1: [d6a6e65c-a134-442b-b704-25eab67c9a5d:192.168.151.82:37499, d8c2ed96-3ddc-486a-9aeb-952e04a79e03:192.168.151.82:42699, 6b6addbe-5148-4abe-a401-3ae10b16763b:192.168.151.82:36627], old=null
2019-09-28 01:27:04,250 [pool-87-thread-1] INFO  util.JmxRegister (JmxRegister.java:tryRegister(44)) - Successfully registered JMX Bean with object name Ratis:service=RaftServer,group=group-EEE8445664EE,id=d8c2ed96-3ddc-486a-9aeb-952e04a79e03
2019-09-28 01:27:04,250 [pool-27-thread-1] INFO  impl.RaftServerImpl (RaftServerImpl.java:setRole(174)) - d6a6e65c-a134-442b-b704-25eab67c9a5d@group-EEE8445664EE: changes role from      null to FOLLOWER at term 0 for startAsFollower
2019-09-28 01:27:04,250 [pool-27-thread-1] INFO  impl.RoleInfo (RoleInfo.java:updateAndGet(143)) - d6a6e65c-a134-442b-b704-25eab67c9a5d: start FollowerState
2019-09-28 01:27:04,251 [pool-27-thread-1] INFO  util.JmxRegister (JmxRegister.java:tryRegister(44)) - Successfully registered JMX Bean with object name Ratis:service=RaftServer,group=group-EEE8445664EE,id=d6a6e65c-a134-442b-b704-25eab67c9a5d
2019-09-28 01:27:04,255 [RatisPipelineUtilsThread] INFO  pipeline.PipelineStateManager (PipelineStateManager.java:addPipeline(56)) - Created pipeline Pipeline[ Id: d1c940d8-25d8-43b3-bc9a-eee8445664ee, Nodes: d8c2ed96-3ddc-486a-9aeb-952e04a79e03{ip: 192.168.151.82, host: pr-hdds-2162-8g7kw-3348123894, networkLocation: /default-rack, certSerialId: null}d6a6e65c-a134-442b-b704-25eab67c9a5d{ip: 192.168.151.82, host: pr-hdds-2162-8g7kw-3348123894, networkLocation: /default-rack, certSerialId: null}6b6addbe-5148-4abe-a401-3ae10b16763b{ip: 192.168.151.82, host: pr-hdds-2162-8g7kw-3348123894, networkLocation: /default-rack, certSerialId: null}, Type:RATIS, Factor:THREE, State:OPEN]
2019-09-28 01:27:04,295 [Datanode State Machine Thread - 0] INFO  statemachine.DatanodeStateMachine (DatanodeStateMachine.java:lambda$startDaemon$0(350)) - Ozone container server started.
2019-09-28 01:27:04,869 [grpc-default-executor-4] WARN  server.GrpcLogAppender (LogUtils.java:warn(134)) - d6a6e65c-a134-442b-b704-25eab67c9a5d@group-24B275C06C45->f80ebd0f-9459-4fcf-a92e-ad251c227da2-AppendLogResponseHandler: Failed appendEntries: org.apache.ratis.thirdparty.io.grpc.StatusRuntimeException: UNAVAILABLE: io exception
2019-09-28 01:27:04,873 [grpc-default-executor-4] INFO  impl.FollowerInfo (FollowerInfo.java:lambda$new$0(51)) - d6a6e65c-a134-442b-b704-25eab67c9a5d@group-24B275C06C45->f80ebd0f-9459-4fcf-a92e-ad251c227da2: nextIndex: updateUnconditionally 0 -> 0
2019-09-28 01:27:04,873 [grpc-default-executor-3] WARN  server.GrpcLogAppender (LogUtils.java:warn(134)) - d8c2ed96-3ddc-486a-9aeb-952e04a79e03@group-4AB4EC776CE3->2fe43e1f-7e2f-40c0-92e9-c62e91f31e21-AppendLogResponseHandler: Failed appendEntries: org.apache.ratis.thirdparty.io.grpc.StatusRuntimeException: UNAVAILABLE: io exception
2019-09-28 01:27:04,875 [grpc-default-executor-3] INFO  impl.FollowerInfo (FollowerInfo.java:lambda$new$0(51)) - d8c2ed96-3ddc-486a-9aeb-952e04a79e03@group-4AB4EC776CE3->2fe43e1f-7e2f-40c0-92e9-c62e91f31e21: nextIndex: updateUnconditionally 0 -> 0
2019-09-28 01:27:04,880 [grpc-default-executor-4] WARN  server.GrpcLogAppender (LogUtils.java:warn(134)) - d6a6e65c-a134-442b-b704-25eab67c9a5d@group-24B275C06C45->3ef39b63-8ca3-4bd0-895a-baafa112e0b9-AppendLogResponseHandler: Failed appendEntries: org.apache.ratis.thirdparty.io.grpc.StatusRuntimeException: UNAVAILABLE: io exception
2019-09-28 01:27:04,881 [grpc-default-executor-2] WARN  server.GrpcLogAppender (LogUtils.java:warn(134)) - d8c2ed96-3ddc-486a-9aeb-952e04a79e03@group-4AB4EC776CE3->254bd34b-da93-4b49-ba56-65596765e095-AppendLogResponseHandler: Failed appendEntries: org.apache.ratis.thirdparty.io.grpc.StatusRuntimeException: UNAVAILABLE: io exception
2019-09-28 01:27:04,882 [grpc-default-executor-4] INFO  impl.FollowerInfo (FollowerInfo.java:lambda$new$0(51)) - d6a6e65c-a134-442b-b704-25eab67c9a5d@group-24B275C06C45->3ef39b63-8ca3-4bd0-895a-baafa112e0b9: nextIndex: updateUnconditionally 0 -> 0
2019-09-28 01:27:04,884 [grpc-default-executor-2] INFO  impl.FollowerInfo (FollowerInfo.java:lambda$new$0(51)) - d8c2ed96-3ddc-486a-9aeb-952e04a79e03@group-4AB4EC776CE3->254bd34b-da93-4b49-ba56-65596765e095: nextIndex: updateUnconditionally 0 -> 0
2019-09-28 01:27:05,989 [EventQueue-StaleNodeForStaleNodeHandler] INFO  node.StaleNodeHandler (StaleNodeHandler.java:onMessage(58)) - Datanode d8c2ed96-3ddc-486a-9aeb-952e04a79e03{ip: 192.168.151.82, host: pr-hdds-2162-8g7kw-3348123894, networkLocation: /default-rack, certSerialId: null} moved to stale state. Finalizing its pipelines [PipelineID=d1c940d8-25d8-43b3-bc9a-eee8445664ee, PipelineID=08deab31-8b7a-4156-9cbc-4ff00e6a7d43, PipelineID=314edef3-7d44-4052-aaed-4ab4ec776ce3]
2019-09-28 01:27:05,990 [EventQueue-StaleNodeForStaleNodeHandler] INFO  pipeline.SCMPipelineManager (SCMPipelineManager.java:finalizeAndDestroyPipeline(315)) - destroying pipeline:Pipeline[ Id: d1c940d8-25d8-43b3-bc9a-eee8445664ee, Nodes: d8c2ed96-3ddc-486a-9aeb-952e04a79e03{ip: 192.168.151.82, host: pr-hdds-2162-8g7kw-3348123894, networkLocation: /default-rack, certSerialId: null}d6a6e65c-a134-442b-b704-25eab67c9a5d{ip: 192.168.151.82, host: pr-hdds-2162-8g7kw-3348123894, networkLocation: /default-rack, certSerialId: null}6b6addbe-5148-4abe-a401-3ae10b16763b{ip: 192.168.151.82, host: pr-hdds-2162-8g7kw-3348123894, networkLocation: /default-rack, certSerialId: null}, Type:RATIS, Factor:THREE, State:OPEN]
2019-09-28 01:27:05,990 [EventQueue-StaleNodeForStaleNodeHandler] INFO  pipeline.PipelineStateManager (PipelineStateManager.java:finalizePipeline(123)) - Pipeline Pipeline[ Id: d1c940d8-25d8-43b3-bc9a-eee8445664ee, Nodes: d8c2ed96-3ddc-486a-9aeb-952e04a79e03{ip: 192.168.151.82, host: pr-hdds-2162-8g7kw-3348123894, networkLocation: /default-rack, certSerialId: null}d6a6e65c-a134-442b-b704-25eab67c9a5d{ip: 192.168.151.82, host: pr-hdds-2162-8g7kw-3348123894, networkLocation: /default-rack, certSerialId: null}6b6addbe-5148-4abe-a401-3ae10b16763b{ip: 192.168.151.82, host: pr-hdds-2162-8g7kw-3348123894, networkLocation: /default-rack, certSerialId: null}, Type:RATIS, Factor:THREE, State:CLOSED] moved to CLOSED state
2019-09-28 01:27:05,991 [EventQueue-StaleNodeForStaleNodeHandler] INFO  pipeline.SCMPipelineManager (SCMPipelineManager.java:finalizeAndDestroyPipeline(315)) - destroying pipeline:Pipeline[ Id: 08deab31-8b7a-4156-9cbc-4ff00e6a7d43, Nodes: d8c2ed96-3ddc-486a-9aeb-952e04a79e03{ip: 192.168.151.82, host: pr-hdds-2162-8g7kw-3348123894, networkLocation: /default-rack, certSerialId: null}, Type:RATIS, Factor:ONE, State:OPEN]
2019-09-28 01:27:05,991 [EventQueue-StaleNodeForStaleNodeHandler] INFO  pipeline.PipelineStateManager (PipelineStateManager.java:finalizePipeline(123)) - Pipeline Pipeline[ Id: 08deab31-8b7a-4156-9cbc-4ff00e6a7d43, Nodes: d8c2ed96-3ddc-486a-9aeb-952e04a79e03{ip: 192.168.151.82, host: pr-hdds-2162-8g7kw-3348123894, networkLocation: /default-rack, certSerialId: null}, Type:RATIS, Factor:ONE, State:CLOSED] moved to CLOSED state
2019-09-28 01:27:05,991 [EventQueue-StaleNodeForStaleNodeHandler] INFO  pipeline.SCMPipelineManager (SCMPipelineManager.java:finalizeAndDestroyPipeline(315)) - destroying pipeline:Pipeline[ Id: 314edef3-7d44-4052-aaed-4ab4ec776ce3, Nodes: 2fe43e1f-7e2f-40c0-92e9-c62e91f31e21{ip: 192.168.151.82, host: pr-hdds-2162-8g7kw-3348123894, networkLocation: /default-rack, certSerialId: null}d8c2ed96-3ddc-486a-9aeb-952e04a79e03{ip: 192.168.151.82, host: pr-hdds-2162-8g7kw-3348123894, networkLocation: /default-rack, certSerialId: null}254bd34b-da93-4b49-ba56-65596765e095{ip: 192.168.151.82, host: pr-hdds-2162-8g7kw-3348123894, networkLocation: /default-rack, certSerialId: null}, Type:RATIS, Factor:THREE, State:CLOSED]
2019-09-28 01:27:06,390 [EventQueue-StaleNodeForStaleNodeHandler] INFO  node.StaleNodeHandler (StaleNodeHandler.java:onMessage(58)) - Datanode d6a6e65c-a134-442b-b704-25eab67c9a5d{ip: 192.168.151.82, host: pr-hdds-2162-8g7kw-3348123894, networkLocation: /default-rack, certSerialId: null} moved to stale state. Finalizing its pipelines [PipelineID=044e72cb-9d5b-4879-8b3b-b2ea8d82f214, PipelineID=9878553b-84c4-4ee7-8a17-24b275c06c45, PipelineID=d1c940d8-25d8-43b3-bc9a-eee8445664ee]
2019-09-28 01:27:06,390 [EventQueue-StaleNodeForStaleNodeHandler] INFO  pipeline.SCMPipelineManager (SCMPipelineManager.java:finalizeAndDestroyPipeline(315)) - destroying pipeline:Pipeline[ Id: 044e72cb-9d5b-4879-8b3b-b2ea8d82f214, Nodes: d6a6e65c-a134-442b-b704-25eab67c9a5d{ip: 192.168.151.82, host: pr-hdds-2162-8g7kw-3348123894, networkLocation: /default-rack, certSerialId: null}, Type:RATIS, Factor:ONE, State:OPEN]
2019-09-28 01:27:06,391 [EventQueue-StaleNodeForStaleNodeHandler] INFO  pipeline.PipelineStateManager (PipelineStateManager.java:finalizePipeline(123)) - Pipeline Pipeline[ Id: 044e72cb-9d5b-4879-8b3b-b2ea8d82f214, Nodes: d6a6e65c-a134-442b-b704-25eab67c9a5d{ip: 192.168.151.82, host: pr-hdds-2162-8g7kw-3348123894, networkLocation: /default-rack, certSerialId: null}, Type:RATIS, Factor:ONE, State:CLOSED] moved to CLOSED state
2019-09-28 01:27:06,391 [EventQueue-StaleNodeForStaleNodeHandler] INFO  pipeline.SCMPipelineManager (SCMPipelineManager.java:finalizeAndDestroyPipeline(315)) - destroying pipeline:Pipeline[ Id: 9878553b-84c4-4ee7-8a17-24b275c06c45, Nodes: d6a6e65c-a134-442b-b704-25eab67c9a5d{ip: 192.168.151.82, host: pr-hdds-2162-8g7kw-3348123894, networkLocation: /default-rack, certSerialId: null}f80ebd0f-9459-4fcf-a92e-ad251c227da2{ip: 192.168.151.82, host: pr-hdds-2162-8g7kw-3348123894, networkLocation: /default-rack, certSerialId: null}3ef39b63-8ca3-4bd0-895a-baafa112e0b9{ip: 192.168.151.82, host: pr-hdds-2162-8g7kw-3348123894, networkLocation: /default-rack, certSerialId: null}, Type:RATIS, Factor:THREE, State:CLOSED]
2019-09-28 01:27:06,391 [EventQueue-StaleNodeForStaleNodeHandler] INFO  pipeline.SCMPipelineManager (SCMPipelineManager.java:finalizeAndDestroyPipeline(315)) - destroying pipeline:Pipeline[ Id: d1c940d8-25d8-43b3-bc9a-eee8445664ee, Nodes: d8c2ed96-3ddc-486a-9aeb-952e04a79e03{ip: 192.168.151.82, host: pr-hdds-2162-8g7kw-3348123894, networkLocation: /default-rack, certSerialId: null}d6a6e65c-a134-442b-b704-25eab67c9a5d{ip: 192.168.151.82, host: pr-hdds-2162-8g7kw-3348123894, networkLocation: /default-rack, certSerialId: null}6b6addbe-5148-4abe-a401-3ae10b16763b{ip: 192.168.151.82, host: pr-hdds-2162-8g7kw-3348123894, networkLocation: /default-rack, certSerialId: null}, Type:RATIS, Factor:THREE, State:CLOSED]
2019-09-28 01:27:07,374 [grpc-default-executor-3] WARN  server.GrpcLogAppender (LogUtils.java:warn(134)) - d6a6e65c-a134-442b-b704-25eab67c9a5d@group-24B275C06C45->f80ebd0f-9459-4fcf-a92e-ad251c227da2-AppendLogResponseHandler: Failed appendEntries: org.apache.ratis.thirdparty.io.grpc.StatusRuntimeException: UNAVAILABLE: io exception
2019-09-28 01:27:07,377 [grpc-default-executor-3] INFO  impl.FollowerInfo (FollowerInfo.java:lambda$new$0(51)) - d6a6e65c-a134-442b-b704-25eab67c9a5d@group-24B275C06C45->f80ebd0f-9459-4fcf-a92e-ad251c227da2: nextIndex: updateUnconditionally 0 -> 0
2019-09-28 01:27:07,377 [grpc-default-executor-1] WARN  server.GrpcLogAppender (LogUtils.java:warn(134)) - d8c2ed96-3ddc-486a-9aeb-952e04a79e03@group-4AB4EC776CE3->2fe43e1f-7e2f-40c0-92e9-c62e91f31e21-AppendLogResponseHandler: Failed appendEntries: org.apache.ratis.thirdparty.io.grpc.StatusRuntimeException: UNAVAILABLE: io exception
2019-09-28 01:27:07,380 [grpc-default-executor-1] INFO  impl.FollowerInfo (FollowerInfo.java:lambda$new$0(51)) - d8c2ed96-3ddc-486a-9aeb-952e04a79e03@group-4AB4EC776CE3->2fe43e1f-7e2f-40c0-92e9-c62e91f31e21: nextIndex: updateUnconditionally 0 -> 0
2019-09-28 01:27:07,385 [grpc-default-executor-4] WARN  server.GrpcLogAppender (LogUtils.java:warn(134)) - d6a6e65c-a134-442b-b704-25eab67c9a5d@group-24B275C06C45->3ef39b63-8ca3-4bd0-895a-baafa112e0b9-AppendLogResponseHandler: Failed appendEntries: org.apache.ratis.thirdparty.io.grpc.StatusRuntimeException: UNAVAILABLE: io exception
2019-09-28 01:27:07,387 [grpc-default-executor-4] INFO  impl.FollowerInfo (FollowerInfo.java:lambda$new$0(51)) - d6a6e65c-a134-442b-b704-25eab67c9a5d@group-24B275C06C45->3ef39b63-8ca3-4bd0-895a-baafa112e0b9: nextIndex: updateUnconditionally 0 -> 0
2019-09-28 01:27:07,387 [grpc-default-executor-2] WARN  server.GrpcLogAppender (LogUtils.java:warn(134)) - d8c2ed96-3ddc-486a-9aeb-952e04a79e03@group-4AB4EC776CE3->254bd34b-da93-4b49-ba56-65596765e095-AppendLogResponseHandler: Failed appendEntries: org.apache.ratis.thirdparty.io.grpc.StatusRuntimeException: UNAVAILABLE: io exception
2019-09-28 01:27:07,389 [grpc-default-executor-2] INFO  impl.FollowerInfo (FollowerInfo.java:lambda$new$0(51)) - d8c2ed96-3ddc-486a-9aeb-952e04a79e03@group-4AB4EC776CE3->254bd34b-da93-4b49-ba56-65596765e095: nextIndex: updateUnconditionally 0 -> 0
2019-09-28 01:27:08,609 [ForkJoinPool.commonPool-worker-0] INFO  ozoneimpl.OzoneContainer (OzoneContainer.java:stop(231)) - Attempting to stop container services.
2019-09-28 01:27:08,610 [main] INFO  ozoneimpl.OzoneContainer (OzoneContainer.java:stop(231)) - Attempting to stop container services.
2019-09-28 01:27:08,610 [ForkJoinPool.commonPool-worker-0] INFO  impl.RaftServerProxy (RaftServerProxy.java:lambda$close$4(314)) - d6a6e65c-a134-442b-b704-25eab67c9a5d: close
2019-09-28 01:27:08,610 [main] INFO  impl.RaftServerProxy (RaftServerProxy.java:lambda$close$4(314)) - d8c2ed96-3ddc-486a-9aeb-952e04a79e03: close
2019-09-28 01:27:08,611 [ForkJoinPool.commonPool-worker-0] INFO  impl.RaftServerImpl (RaftServerImpl.java:lambda$shutdown$3(251)) - d6a6e65c-a134-442b-b704-25eab67c9a5d@group-B2EA8D82F214: shutdown
2019-09-28 01:27:08,611 [main] INFO  impl.RaftServerImpl (RaftServerImpl.java:lambda$shutdown$3(251)) - d8c2ed96-3ddc-486a-9aeb-952e04a79e03@group-EEE8445664EE: shutdown
2019-09-28 01:27:08,611 [ForkJoinPool.commonPool-worker-0] INFO  util.JmxRegister (JmxRegister.java:unregister(73)) - Successfully un-registered JMX Bean with object name Ratis:service=RaftServer,group=group-B2EA8D82F214,id=d6a6e65c-a134-442b-b704-25eab67c9a5d
2019-09-28 01:27:08,612 [main] INFO  util.JmxRegister (JmxRegister.java:unregister(73)) - Successfully un-registered JMX Bean with object name Ratis:service=RaftServer,group=group-EEE8445664EE,id=d8c2ed96-3ddc-486a-9aeb-952e04a79e03
2019-09-28 01:27:08,613 [main] INFO  impl.RoleInfo (RoleInfo.java:shutdownFollowerState(121)) - d8c2ed96-3ddc-486a-9aeb-952e04a79e03: shutdown FollowerState
2019-09-28 01:27:08,612 [ForkJoinPool.commonPool-worker-0] INFO  impl.RoleInfo (RoleInfo.java:shutdownLeaderState(104)) - d6a6e65c-a134-442b-b704-25eab67c9a5d: shutdown LeaderState
2019-09-28 01:27:08,613 [Thread-530] INFO  impl.FollowerState (FollowerState.java:run(115)) - d8c2ed96-3ddc-486a-9aeb-952e04a79e03: FollowerState was interrupted: java.lang.InterruptedException: sleep interrupted
2019-09-28 01:27:08,613 [main] INFO  impl.StateMachineUpdater (StateMachineUpdater.java:stopAndJoin(125)) - d8c2ed96-3ddc-486a-9aeb-952e04a79e03@group-EEE8445664EE-StateMachineUpdater: set stopIndex = -1
2019-09-28 01:27:08,615 [ForkJoinPool.commonPool-worker-0] INFO  impl.PendingRequests (PendingRequests.java:sendNotLeaderResponses(202)) - d6a6e65c-a134-442b-b704-25eab67c9a5d-PendingRequests: sendNotLeaderResponses
2019-09-28 01:27:08,617 [main] INFO  impl.RaftServerImpl (ServerState.java:close(385)) - d8c2ed96-3ddc-486a-9aeb-952e04a79e03@group-EEE8445664EE: closes. applyIndex: -1
2019-09-28 01:27:08,617 [ForkJoinPool.commonPool-worker-0] INFO  impl.StateMachineUpdater (StateMachineUpdater.java:stopAndJoin(125)) - d6a6e65c-a134-442b-b704-25eab67c9a5d@group-B2EA8D82F214-StateMachineUpdater: set stopIndex = 0
2019-09-28 01:27:08,618 [d8c2ed96-3ddc-486a-9aeb-952e04a79e03@group-EEE8445664EE-SegmentedRaftLogWorker] INFO  segmented.SegmentedRaftLogWorker (SegmentedRaftLogWorker.java:run(313)) - d8c2ed96-3ddc-486a-9aeb-952e04a79e03@group-EEE8445664EE-SegmentedRaftLogWorker was interrupted, exiting. There are 0 tasks remaining in the queue.
2019-09-28 01:27:08,618 [ForkJoinPool.commonPool-worker-0] INFO  impl.RaftServerImpl (ServerState.java:close(385)) - d6a6e65c-a134-442b-b704-25eab67c9a5d@group-B2EA8D82F214: closes. applyIndex: 0
2019-09-28 01:27:08,618 [main] INFO  segmented.SegmentedRaftLogWorker (SegmentedRaftLogWorker.java:close(228)) - d8c2ed96-3ddc-486a-9aeb-952e04a79e03@group-EEE8445664EE-SegmentedRaftLogWorker close()
2019-09-28 01:27:08,619 [d6a6e65c-a134-442b-b704-25eab67c9a5d@group-B2EA8D82F214-SegmentedRaftLogWorker] INFO  segmented.SegmentedRaftLogWorker (SegmentedRaftLogWorker.java:run(313)) - d6a6e65c-a134-442b-b704-25eab67c9a5d@group-B2EA8D82F214-SegmentedRaftLogWorker was interrupted, exiting. There are 0 tasks remaining in the queue.
2019-09-28 01:27:08,622 [main] INFO  impl.RaftServerImpl (RaftServerImpl.java:lambda$shutdown$3(251)) - d8c2ed96-3ddc-486a-9aeb-952e04a79e03@group-4FF00E6A7D43: shutdown
2019-09-28 01:27:08,623 [ForkJoinPool.commonPool-worker-0] INFO  segmented.SegmentedRaftLogWorker (SegmentedRaftLogWorker.java:close(228)) - d6a6e65c-a134-442b-b704-25eab67c9a5d@group-B2EA8D82F214-SegmentedRaftLogWorker close()
2019-09-28 01:27:08,624 [main] INFO  util.JmxRegister (JmxRegister.java:unregister(73)) - Successfully un-registered JMX Bean with object name Ratis:service=RaftServer,group=group-4FF00E6A7D43,id=d8c2ed96-3ddc-486a-9aeb-952e04a79e03
2019-09-28 01:27:08,627 [ForkJoinPool.commonPool-worker-0] INFO  impl.RaftServerImpl (RaftServerImpl.java:lambda$shutdown$3(251)) - d6a6e65c-a134-442b-b704-25eab67c9a5d@group-24B275C06C45: shutdown
2019-09-28 01:27:08,627 [main] INFO  impl.RoleInfo (RoleInfo.java:shutdownLeaderState(104)) - d8c2ed96-3ddc-486a-9aeb-952e04a79e03: shutdown LeaderState
2019-09-28 01:27:08,627 [ForkJoinPool.commonPool-worker-0] INFO  util.JmxRegister (JmxRegister.java:unregister(73)) - Successfully un-registered JMX Bean with object name Ratis:service=RaftServer,group=group-24B275C06C45,id=d6a6e65c-a134-442b-b704-25eab67c9a5d
2019-09-28 01:27:08,629 [ForkJoinPool.commonPool-worker-0] INFO  impl.RoleInfo (RoleInfo.java:shutdownLeaderState(104)) - d6a6e65c-a134-442b-b704-25eab67c9a5d: shutdown LeaderState
2019-09-28 01:27:08,628 [main] INFO  impl.PendingRequests (PendingRequests.java:sendNotLeaderResponses(202)) - d8c2ed96-3ddc-486a-9aeb-952e04a79e03-PendingRequests: sendNotLeaderResponses
2019-09-28 01:27:08,633 [ForkJoinPool.commonPool-worker-0] INFO  impl.PendingRequests (PendingRequests.java:sendNotLeaderResponses(202)) - d6a6e65c-a134-442b-b704-25eab67c9a5d-PendingRequests: sendNotLeaderResponses
2019-09-28 01:27:08,633 [main] INFO  impl.StateMachineUpdater (StateMachineUpdater.java:stopAndJoin(125)) - d8c2ed96-3ddc-486a-9aeb-952e04a79e03@group-4FF00E6A7D43-StateMachineUpdater: set stopIndex = 0
2019-09-28 01:27:08,633 [org.apache.ratis.server.impl.LogAppender$AppenderDaemon$$Lambda$420/1460306118@50d55826] WARN  server.GrpcLogAppender (GrpcLogAppender.java:mayWait(143)) - d6a6e65c-a134-442b-b704-25eab67c9a5d@group-24B275C06C45->f80ebd0f-9459-4fcf-a92e-ad251c227da2-GrpcLogAppender: Wait interrupted by java.lang.InterruptedException
2019-09-28 01:27:08,633 [org.apache.ratis.server.impl.LogAppender$AppenderDaemon$$Lambda$420/1460306118@32e47e4b] WARN  server.GrpcLogAppender (GrpcLogAppender.java:mayWait(143)) - d6a6e65c-a134-442b-b704-25eab67c9a5d@group-24B275C06C45->3ef39b63-8ca3-4bd0-895a-baafa112e0b9-GrpcLogAppender: Wait interrupted by java.lang.InterruptedException
2019-09-28 01:27:08,634 [main] INFO  impl.RaftServerImpl (ServerState.java:close(385)) - d8c2ed96-3ddc-486a-9aeb-952e04a79e03@group-4FF00E6A7D43: closes. applyIndex: 0
2019-09-28 01:27:08,633 [ForkJoinPool.commonPool-worker-0] INFO  impl.StateMachineUpdater (StateMachineUpdater.java:stopAndJoin(125)) - d6a6e65c-a134-442b-b704-25eab67c9a5d@group-24B275C06C45-StateMachineUpdater: set stopIndex = 0
2019-09-28 01:27:08,635 [d8c2ed96-3ddc-486a-9aeb-952e04a79e03@group-4FF00E6A7D43-SegmentedRaftLogWorker] INFO  segmented.SegmentedRaftLogWorker (SegmentedRaftLogWorker.java:run(313)) - d8c2ed96-3ddc-486a-9aeb-952e04a79e03@group-4FF00E6A7D43-SegmentedRaftLogWorker was interrupted, exiting. There are 0 tasks remaining in the queue.
2019-09-28 01:27:08,635 [ForkJoinPool.commonPool-worker-0] INFO  impl.RaftServerImpl (ServerState.java:close(385)) - d6a6e65c-a134-442b-b704-25eab67c9a5d@group-24B275C06C45: closes. applyIndex: 0
2019-09-28 01:27:08,641 [main] INFO  segmented.SegmentedRaftLogWorker (SegmentedRaftLogWorker.java:close(228)) - d8c2ed96-3ddc-486a-9aeb-952e04a79e03@group-4FF00E6A7D43-SegmentedRaftLogWorker close()
2019-09-28 01:27:08,641 [d6a6e65c-a134-442b-b704-25eab67c9a5d@group-24B275C06C45-SegmentedRaftLogWorker] INFO  segmented.SegmentedRaftLogWorker (SegmentedRaftLogWorker.java:run(313)) - d6a6e65c-a134-442b-b704-25eab67c9a5d@group-24B275C06C45-SegmentedRaftLogWorker was interrupted, exiting. There are 0 tasks remaining in the queue.
2019-09-28 01:27:08,643 [main] INFO  impl.RaftServerImpl (RaftServerImpl.java:lambda$shutdown$3(251)) - d8c2ed96-3ddc-486a-9aeb-952e04a79e03@group-4AB4EC776CE3: shutdown
2019-09-28 01:27:08,643 [ForkJoinPool.commonPool-worker-0] INFO  segmented.SegmentedRaftLogWorker (SegmentedRaftLogWorker.java:close(228)) - d6a6e65c-a134-442b-b704-25eab67c9a5d@group-24B275C06C45-SegmentedRaftLogWorker close()
2019-09-28 01:27:08,643 [main] INFO  util.JmxRegister (JmxRegister.java:unregister(73)) - Successfully un-registered JMX Bean with object name Ratis:service=RaftServer,group=group-4AB4EC776CE3,id=d8c2ed96-3ddc-486a-9aeb-952e04a79e03
2019-09-28 01:27:08,645 [ForkJoinPool.commonPool-worker-0] INFO  impl.RaftServerImpl (RaftServerImpl.java:lambda$shutdown$3(251)) - d6a6e65c-a134-442b-b704-25eab67c9a5d@group-EEE8445664EE: shutdown
2019-09-28 01:27:08,645 [main] INFO  impl.RoleInfo (RoleInfo.java:shutdownLeaderState(104)) - d8c2ed96-3ddc-486a-9aeb-952e04a79e03: shutdown LeaderState
2019-09-28 01:27:08,645 [ForkJoinPool.commonPool-worker-0] INFO  util.JmxRegister (JmxRegister.java:unregister(73)) - Successfully un-registered JMX Bean with object name Ratis:service=RaftServer,group=group-EEE8445664EE,id=d6a6e65c-a134-442b-b704-25eab67c9a5d
2019-09-28 01:27:08,648 [org.apache.ratis.server.impl.LogAppender$AppenderDaemon$$Lambda$420/1460306118@74fcb8a1] WARN  server.GrpcLogAppender (GrpcLogAppender.java:mayWait(143)) - d8c2ed96-3ddc-486a-9aeb-952e04a79e03@group-4AB4EC776CE3->2fe43e1f-7e2f-40c0-92e9-c62e91f31e21-GrpcLogAppender: Wait interrupted by java.lang.InterruptedException
2019-09-28 01:27:08,648 [org.apache.ratis.server.impl.LogAppender$AppenderDaemon$$Lambda$420/1460306118@c90afe4] WARN  server.GrpcLogAppender (GrpcLogAppender.java:mayWait(143)) - d8c2ed96-3ddc-486a-9aeb-952e04a79e03@group-4AB4EC776CE3->254bd34b-da93-4b49-ba56-65596765e095-GrpcLogAppender: Wait interrupted by java.lang.InterruptedException
2019-09-28 01:27:08,648 [main] INFO  impl.PendingRequests (PendingRequests.java:sendNotLeaderResponses(202)) - d8c2ed96-3ddc-486a-9aeb-952e04a79e03-PendingRequests: sendNotLeaderResponses
2019-09-28 01:27:08,648 [ForkJoinPool.commonPool-worker-0] INFO  impl.RoleInfo (RoleInfo.java:shutdownFollowerState(121)) - d6a6e65c-a134-442b-b704-25eab67c9a5d: shutdown FollowerState
2019-09-28 01:27:08,649 [main] INFO  impl.StateMachineUpdater (StateMachineUpdater.java:stopAndJoin(125)) - d8c2ed96-3ddc-486a-9aeb-952e04a79e03@group-4AB4EC776CE3-StateMachineUpdater: set stopIndex = 0
2019-09-28 01:27:08,652 [main] INFO  impl.RaftServerImpl (ServerState.java:close(385)) - d8c2ed96-3ddc-486a-9aeb-952e04a79e03@group-4AB4EC776CE3: closes. applyIndex: 0
2019-09-28 01:27:08,650 [Thread-531] INFO  impl.FollowerState (FollowerState.java:run(115)) - d6a6e65c-a134-442b-b704-25eab67c9a5d: FollowerState was interrupted: java.lang.InterruptedException: sleep interrupted
2019-09-28 01:27:08,650 [ForkJoinPool.commonPool-worker-0] INFO  impl.StateMachineUpdater (StateMachineUpdater.java:stopAndJoin(125)) - d6a6e65c-a134-442b-b704-25eab67c9a5d@group-EEE8445664EE-StateMachineUpdater: set stopIndex = -1
2019-09-28 01:27:08,652 [d8c2ed96-3ddc-486a-9aeb-952e04a79e03@group-4AB4EC776CE3-SegmentedRaftLogWorker] INFO  segmented.SegmentedRaftLogWorker (SegmentedRaftLogWorker.java:run(313)) - d8c2ed96-3ddc-486a-9aeb-952e04a79e03@group-4AB4EC776CE3-SegmentedRaftLogWorker was interrupted, exiting. There are 0 tasks remaining in the queue.
2019-09-28 01:27:08,654 [ForkJoinPool.commonPool-worker-0] INFO  impl.RaftServerImpl (ServerState.java:close(385)) - d6a6e65c-a134-442b-b704-25eab67c9a5d@group-EEE8445664EE: closes. applyIndex: -1
2019-09-28 01:27:08,654 [main] INFO  segmented.SegmentedRaftLogWorker (SegmentedRaftLogWorker.java:close(228)) - d8c2ed96-3ddc-486a-9aeb-952e04a79e03@group-4AB4EC776CE3-SegmentedRaftLogWorker close()
2019-09-28 01:27:08,655 [d6a6e65c-a134-442b-b704-25eab67c9a5d@group-EEE8445664EE-SegmentedRaftLogWorker] INFO  segmented.SegmentedRaftLogWorker (SegmentedRaftLogWorker.java:run(313)) - d6a6e65c-a134-442b-b704-25eab67c9a5d@group-EEE8445664EE-SegmentedRaftLogWorker was interrupted, exiting. There are 0 tasks remaining in the queue.
2019-09-28 01:27:08,656 [main] INFO  server.GrpcService (GrpcService.java:closeImpl(164)) - d8c2ed96-3ddc-486a-9aeb-952e04a79e03: shutdown server with port 42699 now
2019-09-28 01:27:08,656 [ForkJoinPool.commonPool-worker-0] INFO  segmented.SegmentedRaftLogWorker (SegmentedRaftLogWorker.java:close(228)) - d6a6e65c-a134-442b-b704-25eab67c9a5d@group-EEE8445664EE-SegmentedRaftLogWorker close()
2019-09-28 01:27:08,658 [main] INFO  server.GrpcService (GrpcService.java:closeImpl(172)) - d8c2ed96-3ddc-486a-9aeb-952e04a79e03: shutdown server with port 42699 successfully
2019-09-28 01:27:08,658 [ForkJoinPool.commonPool-worker-0] INFO  server.GrpcService (GrpcService.java:closeImpl(164)) - d6a6e65c-a134-442b-b704-25eab67c9a5d: shutdown server with port 37499 now
2019-09-28 01:27:08,659 [ForkJoinPool.commonPool-worker-0] INFO  server.GrpcService (GrpcService.java:closeImpl(172)) - d6a6e65c-a134-442b-b704-25eab67c9a5d: shutdown server with port 37499 successfully
2019-09-28 01:27:08,662 [refreshUsed-/workdir/hadoop-ozone/integration-test/target/test-dir/MiniOzoneClusterImpl-ac0b8f5e-74a5-447c-bcf0-adf0e0b10ad0/datanode-0/data/containers] WARN  fs.CachingGetSpaceUsed (CachingGetSpaceUsed.java:run(183)) - Thread Interrupted waiting to refresh disk information: sleep interrupted
2019-09-28 01:27:08,672 [refreshUsed-/workdir/hadoop-ozone/integration-test/target/test-dir/MiniOzoneClusterImpl-ac0b8f5e-74a5-447c-bcf0-adf0e0b10ad0/datanode-6/data/containers] WARN  fs.CachingGetSpaceUsed (CachingGetSpaceUsed.java:run(183)) - Thread Interrupted waiting to refresh disk information: sleep interrupted
2019-09-28 01:27:08,690 [ForkJoinPool.commonPool-worker-0] INFO  utils.BackgroundService (BackgroundService.java:shutdown(148)) - Shutting down service BlockDeletingService
2019-09-28 01:27:08,693 [ForkJoinPool.commonPool-worker-0] INFO  statemachine.DatanodeStateMachine (DatanodeStateMachine.java:stopDaemon(395)) - Ozone container server stopped.
2019-09-28 01:27:08,697 [ForkJoinPool.commonPool-worker-0] INFO  handler.ContextHandler (ContextHandler.java:doStop(910)) - Stopped o.e.j.w.WebAppContext@895416d{/,null,UNAVAILABLE}{/hddsDatanode}
2019-09-28 01:27:08,698 [main] INFO  utils.BackgroundService (BackgroundService.java:shutdown(148)) - Shutting down service BlockDeletingService
2019-09-28 01:27:08,698 [ForkJoinPool.commonPool-worker-0] INFO  server.AbstractConnector (AbstractConnector.java:doStop(318)) - Stopped ServerConnector@71a06021{HTTP/1.1,[http/1.1]}{0.0.0.0:0}
2019-09-28 01:27:08,701 [main] INFO  statemachine.DatanodeStateMachine (DatanodeStateMachine.java:stopDaemon(395)) - Ozone container server stopped.
2019-09-28 01:27:08,702 [ForkJoinPool.commonPool-worker-0] INFO  handler.ContextHandler (ContextHandler.java:doStop(910)) - Stopped o.e.j.s.ServletContextHandler@2f236de0{/static,jar:file:/home/user/.m2/repository/org/apache/hadoop/hadoop-hdds-container-service/0.5.0-SNAPSHOT/hadoop-hdds-container-service-0.5.0-SNAPSHOT.jar!/webapps/static,UNAVAILABLE}
2019-09-28 01:27:08,703 [ForkJoinPool.commonPool-worker-0] INFO  handler.ContextHandler (ContextHandler.java:doStop(910)) - Stopped o.e.j.s.ServletContextHandler@2643d762{/logs,file:///workdir/hadoop-ozone/integration-test/target/log,UNAVAILABLE}
2019-09-28 01:27:08,704 [main] INFO  handler.ContextHandler (ContextHandler.java:doStop(910)) - Stopped o.e.j.w.WebAppContext@5f69e2b{/,null,UNAVAILABLE}{/hddsDatanode}
2019-09-28 01:27:08,705 [main] INFO  server.AbstractConnector (AbstractConnector.java:doStop(318)) - Stopped ServerConnector@984169e{HTTP/1.1,[http/1.1]}{0.0.0.0:0}
2019-09-28 01:27:08,705 [main] INFO  handler.ContextHandler (ContextHandler.java:doStop(910)) - Stopped o.e.j.s.ServletContextHandler@2e645fbd{/static,jar:file:/home/user/.m2/repository/org/apache/hadoop/hadoop-hdds-container-service/0.5.0-SNAPSHOT/hadoop-hdds-container-service-0.5.0-SNAPSHOT.jar!/webapps/static,UNAVAILABLE}
2019-09-28 01:27:08,706 [main] INFO  handler.ContextHandler (ContextHandler.java:doStop(910)) - Stopped o.e.j.s.ServletContextHandler@3f1ed068{/logs,file:///workdir/hadoop-ozone/integration-test/target/log,UNAVAILABLE}
2019-09-28 01:27:08,917 [Datanode State Machine Thread - 0] INFO  statemachine.DatanodeStateMachine (DatanodeStateMachine.java:lambda$startDaemon$0(350)) - Ozone container server started.
2019-09-28 01:27:09,339 [Thread-527] INFO  impl.FollowerState (FollowerState.java:run(106)) - 6b6addbe-5148-4abe-a401-3ae10b16763b:group-EEE8445664EE changes to CANDIDATE, lastRpcTime:5101, electionTimeout:5101ms
2019-09-28 01:27:09,339 [Thread-527] INFO  impl.RoleInfo (RoleInfo.java:shutdownFollowerState(121)) - 6b6addbe-5148-4abe-a401-3ae10b16763b: shutdown FollowerState
2019-09-28 01:27:09,340 [Thread-527] INFO  impl.RaftServerImpl (RaftServerImpl.java:setRole(174)) - 6b6addbe-5148-4abe-a401-3ae10b16763b@group-EEE8445664EE: changes role from  FOLLOWER to CANDIDATE at term 0 for changeToCandidate
2019-09-28 01:27:09,340 [Thread-527] INFO  impl.RoleInfo (RoleInfo.java:updateAndGet(143)) - 6b6addbe-5148-4abe-a401-3ae10b16763b: start LeaderElection
2019-09-28 01:27:09,363 [6b6addbe-5148-4abe-a401-3ae10b16763b@group-EEE8445664EE:LeaderElection11] INFO  impl.LeaderElection (LeaderElection.java:askForVotes(182)) - 6b6addbe-5148-4abe-a401-3ae10b16763b@group-EEE8445664EE:LeaderElection11: begin an election at term 1 for -1: [d6a6e65c-a134-442b-b704-25eab67c9a5d:192.168.151.82:37499, d8c2ed96-3ddc-486a-9aeb-952e04a79e03:192.168.151.82:42699, 6b6addbe-5148-4abe-a401-3ae10b16763b:192.168.151.82:36627], old=null
2019-09-28 01:27:09,372 [6b6addbe-5148-4abe-a401-3ae10b16763b@group-EEE8445664EE:LeaderElection11] INFO  impl.LeaderElection (LogUtils.java:infoOrTrace(149)) - 6b6addbe-5148-4abe-a401-3ae10b16763b@group-EEE8445664EE:LeaderElection11 got exception when requesting votes: {}
java.util.concurrent.ExecutionException: org.apache.ratis.thirdparty.io.grpc.StatusRuntimeException: UNAVAILABLE: io exception
	at java.util.concurrent.FutureTask.report(FutureTask.java:122)
	at java.util.concurrent.FutureTask.get(FutureTask.java:192)
	at org.apache.ratis.server.impl.LeaderElection.waitForResults(LeaderElection.java:263)
	at org.apache.ratis.server.impl.LeaderElection.askForVotes(LeaderElection.java:201)
	at org.apache.ratis.server.impl.LeaderElection.run(LeaderElection.java:133)
	at java.lang.Thread.run(Thread.java:748)
Caused by: org.apache.ratis.thirdparty.io.grpc.StatusRuntimeException: UNAVAILABLE: io exception
	at org.apache.ratis.thirdparty.io.grpc.stub.ClientCalls.toStatusRuntimeException(ClientCalls.java:233)
	at org.apache.ratis.thirdparty.io.grpc.stub.ClientCalls.getUnchecked(ClientCalls.java:214)
	at org.apache.ratis.thirdparty.io.grpc.stub.ClientCalls.blockingUnaryCall(ClientCalls.java:139)
	at org.apache.ratis.proto.grpc.RaftServerProtocolServiceGrpc$RaftServerProtocolServiceBlockingStub.requestVote(RaftServerProtocolServiceGrpc.java:265)
	at org.apache.ratis.grpc.server.GrpcServerProtocolClient.requestVote(GrpcServerProtocolClient.java:90)
	at org.apache.ratis.grpc.server.GrpcService.requestVote(GrpcService.java:204)
	at org.apache.ratis.server.impl.LeaderElection.lambda$submitRequests$1(LeaderElection.java:238)
	at java.util.concurrent.FutureTask.run(FutureTask.java:266)
	at java.util.concurrent.Executors$RunnableAdapter.call(Executors.java:511)
	at java.util.concurrent.FutureTask.run(FutureTask.java:266)
	at java.util.concurrent.ThreadPoolExecutor.runWorker(ThreadPoolExecutor.java:1149)
	at java.util.concurrent.ThreadPoolExecutor$Worker.run(ThreadPoolExecutor.java:624)
	... 1 more
Caused by: org.apache.ratis.thirdparty.io.netty.channel.AbstractChannel$AnnotatedConnectException: Connection refused: /192.168.151.82:37499
	at sun.nio.ch.SocketChannelImpl.checkConnect(Native Method)
	at sun.nio.ch.SocketChannelImpl.finishConnect(SocketChannelImpl.java:717)
	at org.apache.ratis.thirdparty.io.netty.channel.socket.nio.NioSocketChannel.doFinishConnect(NioSocketChannel.java:327)
	at org.apache.ratis.thirdparty.io.netty.channel.nio.AbstractNioChannel$AbstractNioUnsafe.finishConnect(AbstractNioChannel.java:340)
	at org.apache.ratis.thirdparty.io.netty.channel.nio.NioEventLoop.processSelectedKey(NioEventLoop.java:632)
	at org.apache.ratis.thirdparty.io.netty.channel.nio.NioEventLoop.processSelectedKeysOptimized(NioEventLoop.java:579)
	at org.apache.ratis.thirdparty.io.netty.channel.nio.NioEventLoop.processSelectedKeys(NioEventLoop.java:496)
	at org.apache.ratis.thirdparty.io.netty.channel.nio.NioEventLoop.run(NioEventLoop.java:458)
	at org.apache.ratis.thirdparty.io.netty.util.concurrent.SingleThreadEventExecutor$5.run(SingleThreadEventExecutor.java:897)
	at org.apache.ratis.thirdparty.io.netty.util.concurrent.FastThreadLocalRunnable.run(FastThreadLocalRunnable.java:30)
	... 1 more
Caused by: java.net.ConnectException: Connection refused
	... 11 more
2019-09-28 01:27:09,374 [6b6addbe-5148-4abe-a401-3ae10b16763b@group-EEE8445664EE:LeaderElection11] INFO  impl.LeaderElection (LogUtils.java:infoOrTrace(149)) - 6b6addbe-5148-4abe-a401-3ae10b16763b@group-EEE8445664EE:LeaderElection11 got exception when requesting votes: {}
java.util.concurrent.ExecutionException: org.apache.ratis.thirdparty.io.grpc.StatusRuntimeException: UNAVAILABLE: io exception
	at java.util.concurrent.FutureTask.report(FutureTask.java:122)
	at java.util.concurrent.FutureTask.get(FutureTask.java:192)
	at org.apache.ratis.server.impl.LeaderElection.waitForResults(LeaderElection.java:263)
	at org.apache.ratis.server.impl.LeaderElection.askForVotes(LeaderElection.java:201)
	at org.apache.ratis.server.impl.LeaderElection.run(LeaderElection.java:133)
	at java.lang.Thread.run(Thread.java:748)
Caused by: org.apache.ratis.thirdparty.io.grpc.StatusRuntimeException: UNAVAILABLE: io exception
	at org.apache.ratis.thirdparty.io.grpc.stub.ClientCalls.toStatusRuntimeException(ClientCalls.java:233)
	at org.apache.ratis.thirdparty.io.grpc.stub.ClientCalls.getUnchecked(ClientCalls.java:214)
	at org.apache.ratis.thirdparty.io.grpc.stub.ClientCalls.blockingUnaryCall(ClientCalls.java:139)
	at org.apache.ratis.proto.grpc.RaftServerProtocolServiceGrpc$RaftServerProtocolServiceBlockingStub.requestVote(RaftServerProtocolServiceGrpc.java:265)
	at org.apache.ratis.grpc.server.GrpcServerProtocolClient.requestVote(GrpcServerProtocolClient.java:90)
	at org.apache.ratis.grpc.server.GrpcService.requestVote(GrpcService.java:204)
	at org.apache.ratis.server.impl.LeaderElection.lambda$submitRequests$1(LeaderElection.java:238)
	at java.util.concurrent.FutureTask.run(FutureTask.java:266)
	at java.util.concurrent.Executors$RunnableAdapter.call(Executors.java:511)
	at java.util.concurrent.FutureTask.run(FutureTask.java:266)
	at java.util.concurrent.ThreadPoolExecutor.runWorker(ThreadPoolExecutor.java:1149)
	at java.util.concurrent.ThreadPoolExecutor$Worker.run(ThreadPoolExecutor.java:624)
	... 1 more
Caused by: org.apache.ratis.thirdparty.io.netty.channel.AbstractChannel$AnnotatedConnectException: Connection refused: /192.168.151.82:42699
	at sun.nio.ch.SocketChannelImpl.checkConnect(Native Method)
	at sun.nio.ch.SocketChannelImpl.finishConnect(SocketChannelImpl.java:717)
	at org.apache.ratis.thirdparty.io.netty.channel.socket.nio.NioSocketChannel.doFinishConnect(NioSocketChannel.java:327)
	at org.apache.ratis.thirdparty.io.netty.channel.nio.AbstractNioChannel$AbstractNioUnsafe.finishConnect(AbstractNioChannel.java:340)
	at org.apache.ratis.thirdparty.io.netty.channel.nio.NioEventLoop.processSelectedKey(NioEventLoop.java:632)
	at org.apache.ratis.thirdparty.io.netty.channel.nio.NioEventLoop.processSelectedKeysOptimized(NioEventLoop.java:579)
	at org.apache.ratis.thirdparty.io.netty.channel.nio.NioEventLoop.processSelectedKeys(NioEventLoop.java:496)
	at org.apache.ratis.thirdparty.io.netty.channel.nio.NioEventLoop.run(NioEventLoop.java:458)
	at org.apache.ratis.thirdparty.io.netty.util.concurrent.SingleThreadEventExecutor$5.run(SingleThreadEventExecutor.java:897)
	at org.apache.ratis.thirdparty.io.netty.util.concurrent.FastThreadLocalRunnable.run(FastThreadLocalRunnable.java:30)
	... 1 more
Caused by: java.net.ConnectException: Connection refused
	... 11 more
2019-09-28 01:27:09,376 [6b6addbe-5148-4abe-a401-3ae10b16763b@group-EEE8445664EE:LeaderElection11] INFO  impl.LeaderElection (LeaderElection.java:logAndReturn(56)) - 6b6addbe-5148-4abe-a401-3ae10b16763b@group-EEE8445664EE:LeaderElection11: Election REJECTED; received 0 response(s) [] and 2 exception(s); 6b6addbe-5148-4abe-a401-3ae10b16763b@group-EEE8445664EE:t1, leader=null, voted=6b6addbe-5148-4abe-a401-3ae10b16763b, raftlog=6b6addbe-5148-4abe-a401-3ae10b16763b@group-EEE8445664EE-SegmentedRaftLog:OPENED:c-1,f-1,i0, conf=-1: [d6a6e65c-a134-442b-b704-25eab67c9a5d:192.168.151.82:37499, d8c2ed96-3ddc-486a-9aeb-952e04a79e03:192.168.151.82:42699, 6b6addbe-5148-4abe-a401-3ae10b16763b:192.168.151.82:36627], old=null
2019-09-28 01:27:09,376 [6b6addbe-5148-4abe-a401-3ae10b16763b@group-EEE8445664EE:LeaderElection11] INFO  impl.LeaderElection (LogUtils.java:infoOrTrace(149)) -   Exception 0: {}
java.util.concurrent.ExecutionException: org.apache.ratis.thirdparty.io.grpc.StatusRuntimeException: UNAVAILABLE: io exception
	at java.util.concurrent.FutureTask.report(FutureTask.java:122)
	at java.util.concurrent.FutureTask.get(FutureTask.java:192)
	at org.apache.ratis.server.impl.LeaderElection.waitForResults(LeaderElection.java:263)
	at org.apache.ratis.server.impl.LeaderElection.askForVotes(LeaderElection.java:201)
	at org.apache.ratis.server.impl.LeaderElection.run(LeaderElection.java:133)
	at java.lang.Thread.run(Thread.java:748)
Caused by: org.apache.ratis.thirdparty.io.grpc.StatusRuntimeException: UNAVAILABLE: io exception
	at org.apache.ratis.thirdparty.io.grpc.stub.ClientCalls.toStatusRuntimeException(ClientCalls.java:233)
	at org.apache.ratis.thirdparty.io.grpc.stub.ClientCalls.getUnchecked(ClientCalls.java:214)
	at org.apache.ratis.thirdparty.io.grpc.stub.ClientCalls.blockingUnaryCall(ClientCalls.java:139)
	at org.apache.ratis.proto.grpc.RaftServerProtocolServiceGrpc$RaftServerProtocolServiceBlockingStub.requestVote(RaftServerProtocolServiceGrpc.java:265)
	at org.apache.ratis.grpc.server.GrpcServerProtocolClient.requestVote(GrpcServerProtocolClient.java:90)
	at org.apache.ratis.grpc.server.GrpcService.requestVote(GrpcService.java:204)
	at org.apache.ratis.server.impl.LeaderElection.lambda$submitRequests$1(LeaderElection.java:238)
	at java.util.concurrent.FutureTask.run(FutureTask.java:266)
	at java.util.concurrent.Executors$RunnableAdapter.call(Executors.java:511)
	at java.util.concurrent.FutureTask.run(FutureTask.java:266)
	at java.util.concurrent.ThreadPoolExecutor.runWorker(ThreadPoolExecutor.java:1149)
	at java.util.concurrent.ThreadPoolExecutor$Worker.run(ThreadPoolExecutor.java:624)
	... 1 more
Caused by: org.apache.ratis.thirdparty.io.netty.channel.AbstractChannel$AnnotatedConnectException: Connection refused: /192.168.151.82:37499
	at sun.nio.ch.SocketChannelImpl.checkConnect(Native Method)
	at sun.nio.ch.SocketChannelImpl.finishConnect(SocketChannelImpl.java:717)
	at org.apache.ratis.thirdparty.io.netty.channel.socket.nio.NioSocketChannel.doFinishConnect(NioSocketChannel.java:327)
	at org.apache.ratis.thirdparty.io.netty.channel.nio.AbstractNioChannel$AbstractNioUnsafe.finishConnect(AbstractNioChannel.java:340)
	at org.apache.ratis.thirdparty.io.netty.channel.nio.NioEventLoop.processSelectedKey(NioEventLoop.java:632)
	at org.apache.ratis.thirdparty.io.netty.channel.nio.NioEventLoop.processSelectedKeysOptimized(NioEventLoop.java:579)
	at org.apache.ratis.thirdparty.io.netty.channel.nio.NioEventLoop.processSelectedKeys(NioEventLoop.java:496)
	at org.apache.ratis.thirdparty.io.netty.channel.nio.NioEventLoop.run(NioEventLoop.java:458)
	at org.apache.ratis.thirdparty.io.netty.util.concurrent.SingleThreadEventExecutor$5.run(SingleThreadEventExecutor.java:897)
	at org.apache.ratis.thirdparty.io.netty.util.concurrent.FastThreadLocalRunnable.run(FastThreadLocalRunnable.java:30)
	... 1 more
Caused by: java.net.ConnectException: Connection refused
	... 11 more
2019-09-28 01:27:09,377 [6b6addbe-5148-4abe-a401-3ae10b16763b@group-EEE8445664EE:LeaderElection11] INFO  impl.LeaderElection (LogUtils.java:infoOrTrace(149)) -   Exception 1: {}
java.util.concurrent.ExecutionException: org.apache.ratis.thirdparty.io.grpc.StatusRuntimeException: UNAVAILABLE: io exception
	at java.util.concurrent.FutureTask.report(FutureTask.java:122)
	at java.util.concurrent.FutureTask.get(FutureTask.java:192)
	at org.apache.ratis.server.impl.LeaderElection.waitForResults(LeaderElection.java:263)
	at org.apache.ratis.server.impl.LeaderElection.askForVotes(LeaderElection.java:201)
	at org.apache.ratis.server.impl.LeaderElection.run(LeaderElection.java:133)
	at java.lang.Thread.run(Thread.java:748)
Caused by: org.apache.ratis.thirdparty.io.grpc.StatusRuntimeException: UNAVAILABLE: io exception
	at org.apache.ratis.thirdparty.io.grpc.stub.ClientCalls.toStatusRuntimeException(ClientCalls.java:233)
	at org.apache.ratis.thirdparty.io.grpc.stub.ClientCalls.getUnchecked(ClientCalls.java:214)
	at org.apache.ratis.thirdparty.io.grpc.stub.ClientCalls.blockingUnaryCall(ClientCalls.java:139)
	at org.apache.ratis.proto.grpc.RaftServerProtocolServiceGrpc$RaftServerProtocolServiceBlockingStub.requestVote(RaftServerProtocolServiceGrpc.java:265)
	at org.apache.ratis.grpc.server.GrpcServerProtocolClient.requestVote(GrpcServerProtocolClient.java:90)
	at org.apache.ratis.grpc.server.GrpcService.requestVote(GrpcService.java:204)
	at org.apache.ratis.server.impl.LeaderElection.lambda$submitRequests$1(LeaderElection.java:238)
	at java.util.concurrent.FutureTask.run(FutureTask.java:266)
	at java.util.concurrent.Executors$RunnableAdapter.call(Executors.java:511)
	at java.util.concurrent.FutureTask.run(FutureTask.java:266)
	at java.util.concurrent.ThreadPoolExecutor.runWorker(ThreadPoolExecutor.java:1149)
	at java.util.concurrent.ThreadPoolExecutor$Worker.run(ThreadPoolExecutor.java:624)
	... 1 more
Caused by: org.apache.ratis.thirdparty.io.netty.channel.AbstractChannel$AnnotatedConnectException: Connection refused: /192.168.151.82:42699
	at sun.nio.ch.SocketChannelImpl.checkConnect(Native Method)
	at sun.nio.ch.SocketChannelImpl.finishConnect(SocketChannelImpl.java:717)
	at org.apache.ratis.thirdparty.io.netty.channel.socket.nio.NioSocketChannel.doFinishConnect(NioSocketChannel.java:327)
	at org.apache.ratis.thirdparty.io.netty.channel.nio.AbstractNioChannel$AbstractNioUnsafe.finishConnect(AbstractNioChannel.java:340)
	at org.apache.ratis.thirdparty.io.netty.channel.nio.NioEventLoop.processSelectedKey(NioEventLoop.java:632)
	at org.apache.ratis.thirdparty.io.netty.channel.nio.NioEventLoop.processSelectedKeysOptimized(NioEventLoop.java:579)
	at org.apache.ratis.thirdparty.io.netty.channel.nio.NioEventLoop.processSelectedKeys(NioEventLoop.java:496)
	at org.apache.ratis.thirdparty.io.netty.channel.nio.NioEventLoop.run(NioEventLoop.java:458)
	at org.apache.ratis.thirdparty.io.netty.util.concurrent.SingleThreadEventExecutor$5.run(SingleThreadEventExecutor.java:897)
	at org.apache.ratis.thirdparty.io.netty.util.concurrent.FastThreadLocalRunnable.run(FastThreadLocalRunnable.java:30)
	... 1 more
Caused by: java.net.ConnectException: Connection refused
	... 11 more
2019-09-28 01:27:09,378 [6b6addbe-5148-4abe-a401-3ae10b16763b@group-EEE8445664EE:LeaderElection11] INFO  impl.RaftServerImpl (RaftServerImpl.java:setRole(174)) - 6b6addbe-5148-4abe-a401-3ae10b16763b@group-EEE8445664EE: changes role from CANDIDATE to FOLLOWER at term 1 for DISCOVERED_A_NEW_TERM
2019-09-28 01:27:09,379 [6b6addbe-5148-4abe-a401-3ae10b16763b@group-EEE8445664EE:LeaderElection11] INFO  impl.RoleInfo (RoleInfo.java:shutdownLeaderElection(134)) - 6b6addbe-5148-4abe-a401-3ae10b16763b: shutdown LeaderElection
2019-09-28 01:27:09,379 [6b6addbe-5148-4abe-a401-3ae10b16763b@group-EEE8445664EE:LeaderElection11] INFO  impl.RoleInfo (RoleInfo.java:updateAndGet(143)) - 6b6addbe-5148-4abe-a401-3ae10b16763b: start FollowerState
2019-09-28 01:27:10,997 [EventQueue-StaleNodeForStaleNodeHandler] INFO  node.StaleNodeHandler (StaleNodeHandler.java:onMessage(58)) - Datanode 6b6addbe-5148-4abe-a401-3ae10b16763b{ip: 192.168.151.82, host: pr-hdds-2162-8g7kw-3348123894, networkLocation: /default-rack, certSerialId: null} moved to stale state. Finalizing its pipelines [PipelineID=d1c940d8-25d8-43b3-bc9a-eee8445664ee, PipelineID=19e8e257-31b5-46d8-b66e-c7720d9e3c31]
2019-09-28 01:27:10,999 [EventQueue-StaleNodeForStaleNodeHandler] INFO  pipeline.SCMPipelineManager (SCMPipelineManager.java:finalizeAndDestroyPipeline(315)) - destroying pipeline:Pipeline[ Id: d1c940d8-25d8-43b3-bc9a-eee8445664ee, Nodes: d8c2ed96-3ddc-486a-9aeb-952e04a79e03{ip: 192.168.151.82, host: pr-hdds-2162-8g7kw-3348123894, networkLocation: /default-rack, certSerialId: null}d6a6e65c-a134-442b-b704-25eab67c9a5d{ip: 192.168.151.82, host: pr-hdds-2162-8g7kw-3348123894, networkLocation: /default-rack, certSerialId: null}6b6addbe-5148-4abe-a401-3ae10b16763b{ip: 192.168.151.82, host: pr-hdds-2162-8g7kw-3348123894, networkLocation: /default-rack, certSerialId: null}, Type:RATIS, Factor:THREE, State:CLOSED]
2019-09-28 01:27:10,999 [EventQueue-StaleNodeForStaleNodeHandler] INFO  pipeline.SCMPipelineManager (SCMPipelineManager.java:finalizeAndDestroyPipeline(315)) - destroying pipeline:Pipeline[ Id: 19e8e257-31b5-46d8-b66e-c7720d9e3c31, Nodes: 6b6addbe-5148-4abe-a401-3ae10b16763b{ip: 192.168.151.82, host: pr-hdds-2162-8g7kw-3348123894, networkLocation: /default-rack, certSerialId: null}, Type:RATIS, Factor:ONE, State:OPEN]
2019-09-28 01:27:10,999 [EventQueue-StaleNodeForStaleNodeHandler] INFO  pipeline.PipelineStateManager (PipelineStateManager.java:finalizePipeline(123)) - Pipeline Pipeline[ Id: 19e8e257-31b5-46d8-b66e-c7720d9e3c31, Nodes: 6b6addbe-5148-4abe-a401-3ae10b16763b{ip: 192.168.151.82, host: pr-hdds-2162-8g7kw-3348123894, networkLocation: /default-rack, certSerialId: null}, Type:RATIS, Factor:ONE, State:CLOSED] moved to CLOSED state
2019-09-28 01:27:13,704 [ForkJoinPool.commonPool-worker-0] INFO  ozoneimpl.OzoneContainer (OzoneContainer.java:stop(231)) - Attempting to stop container services.
2019-09-28 01:27:13,706 [ForkJoinPool.commonPool-worker-0] INFO  impl.RaftServerProxy (RaftServerProxy.java:lambda$close$4(314)) - 6b6addbe-5148-4abe-a401-3ae10b16763b: close
2019-09-28 01:27:13,707 [ForkJoinPool.commonPool-worker-0] INFO  impl.RaftServerImpl (RaftServerImpl.java:lambda$shutdown$3(251)) - 6b6addbe-5148-4abe-a401-3ae10b16763b@group-EEE8445664EE: shutdown
2019-09-28 01:27:13,707 [ForkJoinPool.commonPool-worker-0] INFO  util.JmxRegister (JmxRegister.java:unregister(73)) - Successfully un-registered JMX Bean with object name Ratis:service=RaftServer,group=group-EEE8445664EE,id=6b6addbe-5148-4abe-a401-3ae10b16763b
2019-09-28 01:27:13,707 [ForkJoinPool.commonPool-worker-0] INFO  impl.RoleInfo (RoleInfo.java:shutdownFollowerState(121)) - 6b6addbe-5148-4abe-a401-3ae10b16763b: shutdown FollowerState
2019-09-28 01:27:13,708 [ForkJoinPool.commonPool-worker-0] INFO  impl.StateMachineUpdater (StateMachineUpdater.java:stopAndJoin(125)) - 6b6addbe-5148-4abe-a401-3ae10b16763b@group-EEE8445664EE-StateMachineUpdater: set stopIndex = -1
2019-09-28 01:27:13,708 [Thread-537] INFO  impl.FollowerState (FollowerState.java:run(115)) - 6b6addbe-5148-4abe-a401-3ae10b16763b: FollowerState was interrupted: java.lang.InterruptedException: sleep interrupted
2019-09-28 01:27:13,709 [ForkJoinPool.commonPool-worker-0] INFO  impl.RaftServerImpl (ServerState.java:close(385)) - 6b6addbe-5148-4abe-a401-3ae10b16763b@group-EEE8445664EE: closes. applyIndex: -1
2019-09-28 01:27:13,710 [6b6addbe-5148-4abe-a401-3ae10b16763b@group-EEE8445664EE-SegmentedRaftLogWorker] INFO  segmented.SegmentedRaftLogWorker (SegmentedRaftLogWorker.java:run(313)) - 6b6addbe-5148-4abe-a401-3ae10b16763b@group-EEE8445664EE-SegmentedRaftLogWorker was interrupted, exiting. There are 0 tasks remaining in the queue.
2019-09-28 01:27:13,710 [ForkJoinPool.commonPool-worker-0] INFO  segmented.SegmentedRaftLogWorker (SegmentedRaftLogWorker.java:close(228)) - 6b6addbe-5148-4abe-a401-3ae10b16763b@group-EEE8445664EE-SegmentedRaftLogWorker close()
2019-09-28 01:27:13,712 [ForkJoinPool.commonPool-worker-0] INFO  impl.RaftServerImpl (RaftServerImpl.java:lambda$shutdown$3(251)) - 6b6addbe-5148-4abe-a401-3ae10b16763b@group-C7720D9E3C31: shutdown
2019-09-28 01:27:13,712 [ForkJoinPool.commonPool-worker-0] INFO  util.JmxRegister (JmxRegister.java:unregister(73)) - Successfully un-registered JMX Bean with object name Ratis:service=RaftServer,group=group-C7720D9E3C31,id=6b6addbe-5148-4abe-a401-3ae10b16763b
2019-09-28 01:27:13,712 [ForkJoinPool.commonPool-worker-0] INFO  impl.RoleInfo (RoleInfo.java:shutdownLeaderState(104)) - 6b6addbe-5148-4abe-a401-3ae10b16763b: shutdown LeaderState
2019-09-28 01:27:13,713 [ForkJoinPool.commonPool-worker-0] INFO  impl.PendingRequests (PendingRequests.java:sendNotLeaderResponses(202)) - 6b6addbe-5148-4abe-a401-3ae10b16763b-PendingRequests: sendNotLeaderResponses
2019-09-28 01:27:13,713 [ForkJoinPool.commonPool-worker-0] INFO  impl.StateMachineUpdater (StateMachineUpdater.java:stopAndJoin(125)) - 6b6addbe-5148-4abe-a401-3ae10b16763b@group-C7720D9E3C31-StateMachineUpdater: set stopIndex = 0
2019-09-28 01:27:13,713 [ForkJoinPool.commonPool-worker-0] INFO  impl.RaftServerImpl (ServerState.java:close(385)) - 6b6addbe-5148-4abe-a401-3ae10b16763b@group-C7720D9E3C31: closes. applyIndex: 0
2019-09-28 01:27:13,714 [6b6addbe-5148-4abe-a401-3ae10b16763b@group-C7720D9E3C31-SegmentedRaftLogWorker] INFO  segmented.SegmentedRaftLogWorker (SegmentedRaftLogWorker.java:run(313)) - 6b6addbe-5148-4abe-a401-3ae10b16763b@group-C7720D9E3C31-SegmentedRaftLogWorker was interrupted, exiting. There are 0 tasks remaining in the queue.
2019-09-28 01:27:13,715 [ForkJoinPool.commonPool-worker-0] INFO  segmented.SegmentedRaftLogWorker (SegmentedRaftLogWorker.java:close(228)) - 6b6addbe-5148-4abe-a401-3ae10b16763b@group-C7720D9E3C31-SegmentedRaftLogWorker close()
2019-09-28 01:27:13,716 [ForkJoinPool.commonPool-worker-0] INFO  server.GrpcService (GrpcService.java:closeImpl(164)) - 6b6addbe-5148-4abe-a401-3ae10b16763b: shutdown server with port 36627 now
2019-09-28 01:27:13,720 [ForkJoinPool.commonPool-worker-0] INFO  server.GrpcService (GrpcService.java:closeImpl(172)) - 6b6addbe-5148-4abe-a401-3ae10b16763b: shutdown server with port 36627 successfully
2019-09-28 01:27:13,728 [refreshUsed-/workdir/hadoop-ozone/integration-test/target/test-dir/MiniOzoneClusterImpl-ac0b8f5e-74a5-447c-bcf0-adf0e0b10ad0/datanode-5/data/containers] WARN  fs.CachingGetSpaceUsed (CachingGetSpaceUsed.java:run(183)) - Thread Interrupted waiting to refresh disk information: sleep interrupted
2019-09-28 01:27:13,748 [ForkJoinPool.commonPool-worker-0] INFO  utils.BackgroundService (BackgroundService.java:shutdown(148)) - Shutting down service BlockDeletingService
2019-09-28 01:27:13,751 [ForkJoinPool.commonPool-worker-0] INFO  statemachine.DatanodeStateMachine (DatanodeStateMachine.java:stopDaemon(395)) - Ozone container server stopped.
2019-09-28 01:27:13,754 [ForkJoinPool.commonPool-worker-0] INFO  handler.ContextHandler (ContextHandler.java:doStop(910)) - Stopped o.e.j.w.WebAppContext@3ba46e63{/,null,UNAVAILABLE}{/hddsDatanode}
2019-09-28 01:27:13,755 [ForkJoinPool.commonPool-worker-0] INFO  server.AbstractConnector (AbstractConnector.java:doStop(318)) - Stopped ServerConnector@788ddc1f{HTTP/1.1,[http/1.1]}{0.0.0.0:0}
2019-09-28 01:27:13,756 [ForkJoinPool.commonPool-worker-0] INFO  handler.ContextHandler (ContextHandler.java:doStop(910)) - Stopped o.e.j.s.ServletContextHandler@75de6341{/static,jar:file:/home/user/.m2/repository/org/apache/hadoop/hadoop-hdds-container-service/0.5.0-SNAPSHOT/hadoop-hdds-container-service-0.5.0-SNAPSHOT.jar!/webapps/static,UNAVAILABLE}
2019-09-28 01:27:13,757 [ForkJoinPool.commonPool-worker-0] INFO  handler.ContextHandler (ContextHandler.java:doStop(910)) - Stopped o.e.j.s.ServletContextHandler@4f9a6c2d{/logs,file:///workdir/hadoop-ozone/integration-test/target/log,UNAVAILABLE}
2019-09-28 01:27:13,758 [main] INFO  ozone.MiniOzoneClusterImpl (MiniOzoneClusterImpl.java:stopSCM(392)) - Stopping the StorageContainerManager
2019-09-28 01:27:13,758 [main] INFO  server.StorageContainerManager (StorageContainerManager.java:stop(808)) - Stopping Replication Manager Service.
2019-09-28 01:27:13,758 [main] INFO  container.ReplicationManager (ReplicationManager.java:stop(203)) - Stopping Replication Monitor Thread.
2019-09-28 01:27:13,758 [main] INFO  server.StorageContainerManager (StorageContainerManager.java:stop(815)) - Stopping Lease Manager of the command watchers
2019-09-28 01:27:13,759 [main] INFO  server.StorageContainerManager (StorageContainerManager.java:stop(822)) - Stopping datanode service RPC server
2019-09-28 01:27:13,759 [main] INFO  server.SCMDatanodeProtocolServer (SCMDatanodeProtocolServer.java:stop(367)) - Stopping the RPC server for DataNodes
2019-09-28 01:27:13,759 [main] INFO  ipc.Server (Server.java:stop(3082)) - Stopping server on 43135
2019-09-28 01:27:13,761 [IPC Server Responder] INFO  ipc.Server (Server.java:run(1319)) - Stopping IPC Server Responder
2019-09-28 01:27:13,761 [IPC Server listener on 43135] INFO  ipc.Server (Server.java:run(1185)) - Stopping IPC Server listener on 43135
2019-09-28 01:27:13,801 [SCM Heartbeat Processing Thread - 0] WARN  node.NodeStateManager (NodeStateManager.java:scheduleNextHealthCheck(646)) - Current Thread is interrupted, shutting down HB processing thread for Node Manager.
2019-09-28 01:27:13,802 [main] INFO  server.StorageContainerManager (StorageContainerManager.java:stop(830)) - Stopping block service RPC server
2019-09-28 01:27:13,802 [main] INFO  server.SCMBlockProtocolServer (SCMBlockProtocolServer.java:stop(155)) - Stopping the RPC server for Block Protocol
2019-09-28 01:27:13,802 [main] INFO  ipc.Server (Server.java:stop(3082)) - Stopping server on 44000
2019-09-28 01:27:13,805 [IPC Server listener on 44000] INFO  ipc.Server (Server.java:run(1185)) - Stopping IPC Server listener on 44000
2019-09-28 01:27:13,805 [main] INFO  server.StorageContainerManager (StorageContainerManager.java:stop(837)) - Stopping the StorageContainerLocationProtocol RPC server
2019-09-28 01:27:13,805 [IPC Server Responder] INFO  ipc.Server (Server.java:run(1319)) - Stopping IPC Server Responder
2019-09-28 01:27:13,805 [main] INFO  server.SCMClientProtocolServer (SCMClientProtocolServer.java:stop(158)) - Stopping the RPC server for Client Protocol
2019-09-28 01:27:13,806 [main] INFO  ipc.Server (Server.java:stop(3082)) - Stopping server on 33252
2019-09-28 01:27:13,808 [IPC Server listener on 33252] INFO  ipc.Server (Server.java:run(1185)) - Stopping IPC Server listener on 33252
2019-09-28 01:27:13,808 [main] INFO  server.StorageContainerManager (StorageContainerManager.java:stop(844)) - Stopping Storage Container Manager HTTP server.
2019-09-28 01:27:13,808 [IPC Server Responder] INFO  ipc.Server (Server.java:run(1319)) - Stopping IPC Server Responder
2019-09-28 01:27:13,809 [main] INFO  handler.ContextHandler (ContextHandler.java:doStop(910)) - Stopped o.e.j.w.WebAppContext@758f4f03{/,null,UNAVAILABLE}{/scm}
2019-09-28 01:27:13,810 [main] INFO  server.AbstractConnector (AbstractConnector.java:doStop(318)) - Stopped ServerConnector@e24ddd0{HTTP/1.1,[http/1.1]}{0.0.0.0:0}
2019-09-28 01:27:13,810 [main] INFO  handler.ContextHandler (ContextHandler.java:doStop(910)) - Stopped o.e.j.s.ServletContextHandler@2f17e30d{/static,file:///workdir/hadoop-ozone/integration-test/target/test-classes/webapps/static,UNAVAILABLE}
2019-09-28 01:27:13,811 [main] INFO  handler.ContextHandler (ContextHandler.java:doStop(910)) - Stopped o.e.j.s.ServletContextHandler@5e1fa5b1{/logs,file:///workdir/hadoop-ozone/integration-test/target/log,UNAVAILABLE}
2019-09-28 01:27:13,812 [main] INFO  server.StorageContainerManager (StorageContainerManager.java:stop(855)) - Stopping Block Manager Service.
2019-09-28 01:27:13,812 [main] INFO  utils.BackgroundService (BackgroundService.java:shutdown(148)) - Shutting down service SCMBlockDeletingService
2019-09-28 01:27:13,812 [main] INFO  utils.BackgroundService (BackgroundService.java:shutdown(148)) - Shutting down service SCMBlockDeletingService
2019-09-28 01:27:13,813 [main] INFO  server.StorageContainerManager (StorageContainerManager.java:stop(877)) - Stopping SCM Event Queue.
2019-09-28 01:27:13,822 [main] INFO  impl.MetricsSystemImpl (MetricsSystemImpl.java:stop(210)) - Stopping ratis metrics system...
2019-09-28 01:27:13,834 [prometheus] INFO  impl.MetricsSinkAdapter (MetricsSinkAdapter.java:publishMetricsFromQueue(141)) - prometheus thread interrupted.
2019-09-28 01:27:13,834 [main] INFO  impl.MetricsSystemImpl (MetricsSystemImpl.java:stop(216)) - ratis metrics system stopped.
]]></system-out>
    <system-err><![CDATA[ERROR StatusLogger No Log4j 2 configuration file found. Using default configuration (logging only errors to the console), or user programmatically provided configurations. Set system property 'log4j2.debug' to show Log4j 2 internal initialization logging. See https://logging.apache.org/log4j/2.x/manual/configuration.html for instructions on how to configure Log4j 2
Sep 28, 2019 1:26:58 AM org.apache.ratis.thirdparty.io.grpc.internal.SerializingExecutor run
SEVERE: Exception while executing runnable org.apache.ratis.thirdparty.io.grpc.internal.ServerImpl$JumpToApplicationThreadServerStreamListener$1Closed@3e4e77f1
org.apache.ratis.thirdparty.io.grpc.StatusRuntimeException: CANCELLED: call already cancelled
	at org.apache.ratis.thirdparty.io.grpc.Status.asRuntimeException(Status.java:517)
	at org.apache.ratis.thirdparty.io.grpc.stub.ServerCalls$ServerCallStreamObserverImpl.onCompleted(ServerCalls.java:356)
	at org.apache.ratis.grpc.server.GrpcServerProtocolService$ServerRequestStreamObserver.onError(GrpcServerProtocolService.java:121)
	at org.apache.ratis.thirdparty.io.grpc.stub.ServerCalls$StreamingServerCallHandler$StreamingServerCallListener.onCancel(ServerCalls.java:269)
	at org.apache.ratis.thirdparty.io.grpc.internal.ServerCallImpl$ServerStreamListenerImpl.closed(ServerCallImpl.java:293)
	at org.apache.ratis.thirdparty.io.grpc.internal.ServerImpl$JumpToApplicationThreadServerStreamListener$1Closed.runInContext(ServerImpl.java:741)
	at org.apache.ratis.thirdparty.io.grpc.internal.ContextRunnable.run(ContextRunnable.java:37)
	at org.apache.ratis.thirdparty.io.grpc.internal.SerializingExecutor.run(SerializingExecutor.java:123)
	at java.util.concurrent.ThreadPoolExecutor.runWorker(ThreadPoolExecutor.java:1149)
	at java.util.concurrent.ThreadPoolExecutor$Worker.run(ThreadPoolExecutor.java:624)
	at java.lang.Thread.run(Thread.java:748)

Sep 28, 2019 1:26:58 AM org.apache.ratis.thirdparty.io.grpc.internal.SerializingExecutor run
SEVERE: Exception while executing runnable org.apache.ratis.thirdparty.io.grpc.internal.ServerImpl$JumpToApplicationThreadServerStreamListener$1Closed@994ebf3
org.apache.ratis.thirdparty.io.grpc.StatusRuntimeException: CANCELLED: call already cancelled
	at org.apache.ratis.thirdparty.io.grpc.Status.asRuntimeException(Status.java:517)
	at org.apache.ratis.thirdparty.io.grpc.stub.ServerCalls$ServerCallStreamObserverImpl.onCompleted(ServerCalls.java:356)
	at org.apache.ratis.grpc.server.GrpcServerProtocolService$ServerRequestStreamObserver.onError(GrpcServerProtocolService.java:121)
	at org.apache.ratis.thirdparty.io.grpc.stub.ServerCalls$StreamingServerCallHandler$StreamingServerCallListener.onCancel(ServerCalls.java:269)
	at org.apache.ratis.thirdparty.io.grpc.internal.ServerCallImpl$ServerStreamListenerImpl.closed(ServerCallImpl.java:293)
	at org.apache.ratis.thirdparty.io.grpc.internal.ServerImpl$JumpToApplicationThreadServerStreamListener$1Closed.runInContext(ServerImpl.java:741)
	at org.apache.ratis.thirdparty.io.grpc.internal.ContextRunnable.run(ContextRunnable.java:37)
	at org.apache.ratis.thirdparty.io.grpc.internal.SerializingExecutor.run(SerializingExecutor.java:123)
	at java.util.concurrent.ThreadPoolExecutor.runWorker(ThreadPoolExecutor.java:1149)
	at java.util.concurrent.ThreadPoolExecutor$Worker.run(ThreadPoolExecutor.java:624)
	at java.lang.Thread.run(Thread.java:748)

Sep 28, 2019 1:27:03 AM org.apache.ratis.thirdparty.io.grpc.internal.SerializingExecutor run
SEVERE: Exception while executing runnable org.apache.ratis.thirdparty.io.grpc.internal.ServerImpl$JumpToApplicationThreadServerStreamListener$1Closed@7af58e27
org.apache.ratis.thirdparty.io.grpc.StatusRuntimeException: CANCELLED: call already cancelled
	at org.apache.ratis.thirdparty.io.grpc.Status.asRuntimeException(Status.java:517)
	at org.apache.ratis.thirdparty.io.grpc.stub.ServerCalls$ServerCallStreamObserverImpl.onCompleted(ServerCalls.java:356)
	at org.apache.ratis.grpc.server.GrpcServerProtocolService$ServerRequestStreamObserver.onError(GrpcServerProtocolService.java:121)
	at org.apache.ratis.thirdparty.io.grpc.stub.ServerCalls$StreamingServerCallHandler$StreamingServerCallListener.onCancel(ServerCalls.java:269)
	at org.apache.ratis.thirdparty.io.grpc.internal.ServerCallImpl$ServerStreamListenerImpl.closed(ServerCallImpl.java:293)
	at org.apache.ratis.thirdparty.io.grpc.internal.ServerImpl$JumpToApplicationThreadServerStreamListener$1Closed.runInContext(ServerImpl.java:741)
	at org.apache.ratis.thirdparty.io.grpc.internal.ContextRunnable.run(ContextRunnable.java:37)
	at org.apache.ratis.thirdparty.io.grpc.internal.SerializingExecutor.run(SerializingExecutor.java:123)
	at java.util.concurrent.ThreadPoolExecutor.runWorker(ThreadPoolExecutor.java:1149)
	at java.util.concurrent.ThreadPoolExecutor$Worker.run(ThreadPoolExecutor.java:624)
	at java.lang.Thread.run(Thread.java:748)

Sep 28, 2019 1:27:03 AM org.apache.ratis.thirdparty.io.grpc.internal.SerializingExecutor run
SEVERE: Exception while executing runnable org.apache.ratis.thirdparty.io.grpc.internal.ServerImpl$JumpToApplicationThreadServerStreamListener$1Closed@16e4b92a
org.apache.ratis.thirdparty.io.grpc.StatusRuntimeException: CANCELLED: call already cancelled
	at org.apache.ratis.thirdparty.io.grpc.Status.asRuntimeException(Status.java:517)
	at org.apache.ratis.thirdparty.io.grpc.stub.ServerCalls$ServerCallStreamObserverImpl.onCompleted(ServerCalls.java:356)
	at org.apache.ratis.grpc.server.GrpcServerProtocolService$ServerRequestStreamObserver.onError(GrpcServerProtocolService.java:121)
	at org.apache.ratis.thirdparty.io.grpc.stub.ServerCalls$StreamingServerCallHandler$StreamingServerCallListener.onCancel(ServerCalls.java:269)
	at org.apache.ratis.thirdparty.io.grpc.internal.ServerCallImpl$ServerStreamListenerImpl.closed(ServerCallImpl.java:293)
	at org.apache.ratis.thirdparty.io.grpc.internal.ServerImpl$JumpToApplicationThreadServerStreamListener$1Closed.runInContext(ServerImpl.java:741)
	at org.apache.ratis.thirdparty.io.grpc.internal.ContextRunnable.run(ContextRunnable.java:37)
	at org.apache.ratis.thirdparty.io.grpc.internal.SerializingExecutor.run(SerializingExecutor.java:123)
	at java.util.concurrent.ThreadPoolExecutor.runWorker(ThreadPoolExecutor.java:1149)
	at java.util.concurrent.ThreadPoolExecutor$Worker.run(ThreadPoolExecutor.java:624)
	at java.lang.Thread.run(Thread.java:748)

]]></system-err>
  </testcase>
</testsuite>